<?xml version="1.0" encoding="UTF-8"?>
<testsuite name="de.uka.ilkd.key.proof.runallproofs.RunAllProofsFunctional" tests="47" skipped="0" failures="47" errors="0" timestamp="2023-02-06T17:28:22" hostname="fv-az365-916" time="47.486">
  <properties/>
  <testcase name="newBook" classname="de.uka.ilkd.key.proof.runallproofs.RunAllProofsFunctional" time="1.108">
    <failure message="org.opentest4j.AssertionFailedError: Executed process terminated with non-zero exit value. ==&gt; expected: &lt;0&gt; but was: &lt;1&gt;" type="org.opentest4j.AssertionFailedError">org.opentest4j.AssertionFailedError: Executed process terminated with non-zero exit value. ==&gt; expected: &lt;0&gt; but was: &lt;1&gt;
	at app//org.junit.jupiter.api.AssertionUtils.fail(AssertionUtils.java:55)
	at app//org.junit.jupiter.api.AssertionUtils.failNotEqual(AssertionUtils.java:62)
	at app//org.junit.jupiter.api.AssertEquals.assertEquals(AssertEquals.java:150)
	at app//org.junit.jupiter.api.Assertions.assertEquals(Assertions.java:559)
	at app//de.uka.ilkd.key.proof.runallproofs.proofcollection.ForkedTestFileRunner.processTestFiles(ForkedTestFileRunner.java:129)
	at app//de.uka.ilkd.key.proof.runallproofs.RunAllProofsTestUnit.runTest(RunAllProofsTestUnit.java:85)
	at app//de.uka.ilkd.key.proof.runallproofs.RunAllProofsTest.lambda$data$0(RunAllProofsTest.java:83)
	at app//org.junit.jupiter.engine.descriptor.DynamicTestTestDescriptor.lambda$execute$0(DynamicTestTestDescriptor.java:53)
	at app//org.junit.jupiter.engine.execution.InvocationInterceptorChain$ValidatingInvocation.proceed(InvocationInterceptorChain.java:131)
	at app//org.junit.jupiter.api.extension.InvocationInterceptor.interceptDynamicTest(InvocationInterceptor.java:167)
	at app//org.junit.jupiter.api.extension.InvocationInterceptor.interceptDynamicTest(InvocationInterceptor.java:184)
	at app//org.junit.jupiter.engine.descriptor.DynamicTestTestDescriptor.lambda$execute$1(DynamicTestTestDescriptor.java:61)
	at app//org.junit.jupiter.engine.execution.InvocationInterceptorChain$InterceptorCall.lambda$ofVoid$0(InvocationInterceptorChain.java:78)
	at app//org.junit.jupiter.engine.execution.InvocationInterceptorChain$InterceptedInvocation.proceed(InvocationInterceptorChain.java:106)
	at app//org.junit.jupiter.engine.execution.InvocationInterceptorChain.proceed(InvocationInterceptorChain.java:64)
	at app//org.junit.jupiter.engine.execution.InvocationInterceptorChain.chainAndInvoke(InvocationInterceptorChain.java:45)
	at app//org.junit.jupiter.engine.execution.InvocationInterceptorChain.invoke(InvocationInterceptorChain.java:37)
	at app//org.junit.jupiter.engine.descriptor.DynamicTestTestDescriptor.execute(DynamicTestTestDescriptor.java:60)
	at app//org.junit.jupiter.engine.descriptor.DynamicTestTestDescriptor.execute(DynamicTestTestDescriptor.java:32)
	at app//org.junit.platform.engine.support.hierarchical.NodeTestTask.lambda$executeRecursively$6(NodeTestTask.java:151)
	at app//org.junit.platform.engine.support.hierarchical.ThrowableCollector.execute(ThrowableCollector.java:73)
	at app//org.junit.platform.engine.support.hierarchical.NodeTestTask.lambda$executeRecursively$8(NodeTestTask.java:141)
	at app//org.junit.platform.engine.support.hierarchical.Node.around(Node.java:137)
	at app//org.junit.platform.engine.support.hierarchical.NodeTestTask.lambda$executeRecursively$9(NodeTestTask.java:139)
	at app//org.junit.platform.engine.support.hierarchical.ThrowableCollector.execute(ThrowableCollector.java:73)
	at app//org.junit.platform.engine.support.hierarchical.NodeTestTask.executeRecursively(NodeTestTask.java:138)
	at app//org.junit.platform.engine.support.hierarchical.NodeTestTask.execute(NodeTestTask.java:95)
	at app//org.junit.platform.engine.support.hierarchical.SameThreadHierarchicalTestExecutorService.submit(SameThreadHierarchicalTestExecutorService.java:35)
	at app//org.junit.platform.engine.support.hierarchical.NodeTestTask$DefaultDynamicTestExecutor.execute(NodeTestTask.java:226)
	at app//org.junit.platform.engine.support.hierarchical.NodeTestTask$DefaultDynamicTestExecutor.execute(NodeTestTask.java:204)
	at java.base@11.0.18/java.util.Optional.ifPresent(Optional.java:183)
	at app//org.junit.jupiter.engine.descriptor.TestFactoryTestDescriptor.lambda$invokeTestMethod$1(TestFactoryTestDescriptor.java:108)
	at app//org.junit.platform.engine.support.hierarchical.ThrowableCollector.execute(ThrowableCollector.java:73)
	at app//org.junit.jupiter.engine.descriptor.TestFactoryTestDescriptor.invokeTestMethod(TestFactoryTestDescriptor.java:95)
	at app//org.junit.jupiter.engine.descriptor.TestMethodTestDescriptor.execute(TestMethodTestDescriptor.java:135)
	at app//org.junit.jupiter.engine.descriptor.TestMethodTestDescriptor.execute(TestMethodTestDescriptor.java:66)
	at app//org.junit.platform.engine.support.hierarchical.NodeTestTask.lambda$executeRecursively$6(NodeTestTask.java:151)
	at app//org.junit.platform.engine.support.hierarchical.ThrowableCollector.execute(ThrowableCollector.java:73)
	at app//org.junit.platform.engine.support.hierarchical.NodeTestTask.lambda$executeRecursively$8(NodeTestTask.java:141)
	at app//org.junit.platform.engine.support.hierarchical.Node.around(Node.java:137)
	at app//org.junit.platform.engine.support.hierarchical.NodeTestTask.lambda$executeRecursively$9(NodeTestTask.java:139)
	at app//org.junit.platform.engine.support.hierarchical.ThrowableCollector.execute(ThrowableCollector.java:73)
	at app//org.junit.platform.engine.support.hierarchical.NodeTestTask.executeRecursively(NodeTestTask.java:138)
	at app//org.junit.platform.engine.support.hierarchical.NodeTestTask.execute(NodeTestTask.java:95)
	at java.base@11.0.18/java.util.ArrayList.forEach(ArrayList.java:1541)
	at app//org.junit.platform.engine.support.hierarchical.SameThreadHierarchicalTestExecutorService.invokeAll(SameThreadHierarchicalTestExecutorService.java:41)
	at app//org.junit.platform.engine.support.hierarchical.NodeTestTask.lambda$executeRecursively$6(NodeTestTask.java:155)
	at app//org.junit.platform.engine.support.hierarchical.ThrowableCollector.execute(ThrowableCollector.java:73)
	at app//org.junit.platform.engine.support.hierarchical.NodeTestTask.lambda$executeRecursively$8(NodeTestTask.java:141)
	at app//org.junit.platform.engine.support.hierarchical.Node.around(Node.java:137)
	at app//org.junit.platform.engine.support.hierarchical.NodeTestTask.lambda$executeRecursively$9(NodeTestTask.java:139)
	at app//org.junit.platform.engine.support.hierarchical.ThrowableCollector.execute(ThrowableCollector.java:73)
	at app//org.junit.platform.engine.support.hierarchical.NodeTestTask.executeRecursively(NodeTestTask.java:138)
	at app//org.junit.platform.engine.support.hierarchical.NodeTestTask.execute(NodeTestTask.java:95)
	at java.base@11.0.18/java.util.ArrayList.forEach(ArrayList.java:1541)
	at app//org.junit.platform.engine.support.hierarchical.SameThreadHierarchicalTestExecutorService.invokeAll(SameThreadHierarchicalTestExecutorService.java:41)
	at app//org.junit.platform.engine.support.hierarchical.NodeTestTask.lambda$executeRecursively$6(NodeTestTask.java:155)
	at app//org.junit.platform.engine.support.hierarchical.ThrowableCollector.execute(ThrowableCollector.java:73)
	at app//org.junit.platform.engine.support.hierarchical.NodeTestTask.lambda$executeRecursively$8(NodeTestTask.java:141)
	at app//org.junit.platform.engine.support.hierarchical.Node.around(Node.java:137)
	at app//org.junit.platform.engine.support.hierarchical.NodeTestTask.lambda$executeRecursively$9(NodeTestTask.java:139)
	at app//org.junit.platform.engine.support.hierarchical.ThrowableCollector.execute(ThrowableCollector.java:73)
	at app//org.junit.platform.engine.support.hierarchical.NodeTestTask.executeRecursively(NodeTestTask.java:138)
	at app//org.junit.platform.engine.support.hierarchical.NodeTestTask.execute(NodeTestTask.java:95)
	at app//org.junit.platform.engine.support.hierarchical.SameThreadHierarchicalTestExecutorService.submit(SameThreadHierarchicalTestExecutorService.java:35)
	at app//org.junit.platform.engine.support.hierarchical.HierarchicalTestExecutor.execute(HierarchicalTestExecutor.java:57)
	at app//org.junit.platform.engine.support.hierarchical.HierarchicalTestEngine.execute(HierarchicalTestEngine.java:54)
	at org.junit.platform.launcher.core.EngineExecutionOrchestrator.execute(EngineExecutionOrchestrator.java:107)
	at org.junit.platform.launcher.core.EngineExecutionOrchestrator.execute(EngineExecutionOrchestrator.java:88)
	at org.junit.platform.launcher.core.EngineExecutionOrchestrator.lambda$execute$0(EngineExecutionOrchestrator.java:54)
	at org.junit.platform.launcher.core.EngineExecutionOrchestrator.withInterceptedStreams(EngineExecutionOrchestrator.java:67)
	at org.junit.platform.launcher.core.EngineExecutionOrchestrator.execute(EngineExecutionOrchestrator.java:52)
	at org.junit.platform.launcher.core.DefaultLauncher.execute(DefaultLauncher.java:114)
	at org.junit.platform.launcher.core.DefaultLauncher.execute(DefaultLauncher.java:86)
	at org.junit.platform.launcher.core.DefaultLauncherSession$DelegatingLauncher.execute(DefaultLauncherSession.java:86)
	at org.junit.platform.launcher.core.SessionPerRequestLauncher.execute(SessionPerRequestLauncher.java:53)
	at org.gradle.api.internal.tasks.testing.junitplatform.JUnitPlatformTestClassProcessor$CollectAllTestClassesExecutor.processAllTestClasses(JUnitPlatformTestClassProcessor.java:99)
	at org.gradle.api.internal.tasks.testing.junitplatform.JUnitPlatformTestClassProcessor$CollectAllTestClassesExecutor.access$000(JUnitPlatformTestClassProcessor.java:79)
	at org.gradle.api.internal.tasks.testing.junitplatform.JUnitPlatformTestClassProcessor.stop(JUnitPlatformTestClassProcessor.java:75)
	at org.gradle.api.internal.tasks.testing.SuiteTestClassProcessor.stop(SuiteTestClassProcessor.java:62)
	at java.base@11.0.18/jdk.internal.reflect.NativeMethodAccessorImpl.invoke0(Native Method)
	at java.base@11.0.18/jdk.internal.reflect.NativeMethodAccessorImpl.invoke(NativeMethodAccessorImpl.java:62)
	at java.base@11.0.18/jdk.internal.reflect.DelegatingMethodAccessorImpl.invoke(DelegatingMethodAccessorImpl.java:43)
	at java.base@11.0.18/java.lang.reflect.Method.invoke(Method.java:566)
	at org.gradle.internal.dispatch.ReflectionDispatch.dispatch(ReflectionDispatch.java:36)
	at org.gradle.internal.dispatch.ReflectionDispatch.dispatch(ReflectionDispatch.java:24)
	at org.gradle.internal.dispatch.ContextClassLoaderDispatch.dispatch(ContextClassLoaderDispatch.java:33)
	at org.gradle.internal.dispatch.ProxyDispatchAdapter$DispatchingInvocationHandler.invoke(ProxyDispatchAdapter.java:94)
	at com.sun.proxy.$Proxy2.stop(Unknown Source)
	at org.gradle.api.internal.tasks.testing.worker.TestWorker$3.run(TestWorker.java:193)
	at org.gradle.api.internal.tasks.testing.worker.TestWorker.executeAndMaintainThreadName(TestWorker.java:129)
	at org.gradle.api.internal.tasks.testing.worker.TestWorker.execute(TestWorker.java:100)
	at org.gradle.api.internal.tasks.testing.worker.TestWorker.execute(TestWorker.java:60)
	at org.gradle.process.internal.worker.child.ActionExecutionWorker.execute(ActionExecutionWorker.java:56)
	at org.gradle.process.internal.worker.child.SystemApplicationClassLoaderWorker.call(SystemApplicationClassLoaderWorker.java:113)
	at org.gradle.process.internal.worker.child.SystemApplicationClassLoaderWorker.call(SystemApplicationClassLoaderWorker.java:65)
	at app//worker.org.gradle.process.internal.worker.GradleWorkerMain.run(GradleWorkerMain.java:69)
	at app//worker.org.gradle.process.internal.worker.GradleWorkerMain.main(GradleWorkerMain.java:74)
</failure>
  </testcase>
  <testcase name="oldBook" classname="de.uka.ilkd.key.proof.runallproofs.RunAllProofsFunctional" time="0.917">
    <failure message="org.opentest4j.AssertionFailedError: Executed process terminated with non-zero exit value. ==&gt; expected: &lt;0&gt; but was: &lt;1&gt;" type="org.opentest4j.AssertionFailedError">org.opentest4j.AssertionFailedError: Executed process terminated with non-zero exit value. ==&gt; expected: &lt;0&gt; but was: &lt;1&gt;
	at app//org.junit.jupiter.api.AssertionUtils.fail(AssertionUtils.java:55)
	at app//org.junit.jupiter.api.AssertionUtils.failNotEqual(AssertionUtils.java:62)
	at app//org.junit.jupiter.api.AssertEquals.assertEquals(AssertEquals.java:150)
	at app//org.junit.jupiter.api.Assertions.assertEquals(Assertions.java:559)
	at app//de.uka.ilkd.key.proof.runallproofs.proofcollection.ForkedTestFileRunner.processTestFiles(ForkedTestFileRunner.java:129)
	at app//de.uka.ilkd.key.proof.runallproofs.RunAllProofsTestUnit.runTest(RunAllProofsTestUnit.java:85)
	at app//de.uka.ilkd.key.proof.runallproofs.RunAllProofsTest.lambda$data$0(RunAllProofsTest.java:83)
	at app//org.junit.jupiter.engine.descriptor.DynamicTestTestDescriptor.lambda$execute$0(DynamicTestTestDescriptor.java:53)
	at app//org.junit.jupiter.engine.execution.InvocationInterceptorChain$ValidatingInvocation.proceed(InvocationInterceptorChain.java:131)
	at app//org.junit.jupiter.api.extension.InvocationInterceptor.interceptDynamicTest(InvocationInterceptor.java:167)
	at app//org.junit.jupiter.api.extension.InvocationInterceptor.interceptDynamicTest(InvocationInterceptor.java:184)
	at app//org.junit.jupiter.engine.descriptor.DynamicTestTestDescriptor.lambda$execute$1(DynamicTestTestDescriptor.java:61)
	at app//org.junit.jupiter.engine.execution.InvocationInterceptorChain$InterceptorCall.lambda$ofVoid$0(InvocationInterceptorChain.java:78)
	at app//org.junit.jupiter.engine.execution.InvocationInterceptorChain$InterceptedInvocation.proceed(InvocationInterceptorChain.java:106)
	at app//org.junit.jupiter.engine.execution.InvocationInterceptorChain.proceed(InvocationInterceptorChain.java:64)
	at app//org.junit.jupiter.engine.execution.InvocationInterceptorChain.chainAndInvoke(InvocationInterceptorChain.java:45)
	at app//org.junit.jupiter.engine.execution.InvocationInterceptorChain.invoke(InvocationInterceptorChain.java:37)
	at app//org.junit.jupiter.engine.descriptor.DynamicTestTestDescriptor.execute(DynamicTestTestDescriptor.java:60)
	at app//org.junit.jupiter.engine.descriptor.DynamicTestTestDescriptor.execute(DynamicTestTestDescriptor.java:32)
	at app//org.junit.platform.engine.support.hierarchical.NodeTestTask.lambda$executeRecursively$6(NodeTestTask.java:151)
	at app//org.junit.platform.engine.support.hierarchical.ThrowableCollector.execute(ThrowableCollector.java:73)
	at app//org.junit.platform.engine.support.hierarchical.NodeTestTask.lambda$executeRecursively$8(NodeTestTask.java:141)
	at app//org.junit.platform.engine.support.hierarchical.Node.around(Node.java:137)
	at app//org.junit.platform.engine.support.hierarchical.NodeTestTask.lambda$executeRecursively$9(NodeTestTask.java:139)
	at app//org.junit.platform.engine.support.hierarchical.ThrowableCollector.execute(ThrowableCollector.java:73)
	at app//org.junit.platform.engine.support.hierarchical.NodeTestTask.executeRecursively(NodeTestTask.java:138)
	at app//org.junit.platform.engine.support.hierarchical.NodeTestTask.execute(NodeTestTask.java:95)
	at app//org.junit.platform.engine.support.hierarchical.SameThreadHierarchicalTestExecutorService.submit(SameThreadHierarchicalTestExecutorService.java:35)
	at app//org.junit.platform.engine.support.hierarchical.NodeTestTask$DefaultDynamicTestExecutor.execute(NodeTestTask.java:226)
	at app//org.junit.platform.engine.support.hierarchical.NodeTestTask$DefaultDynamicTestExecutor.execute(NodeTestTask.java:204)
	at java.base@11.0.18/java.util.Optional.ifPresent(Optional.java:183)
	at app//org.junit.jupiter.engine.descriptor.TestFactoryTestDescriptor.lambda$invokeTestMethod$1(TestFactoryTestDescriptor.java:108)
	at app//org.junit.platform.engine.support.hierarchical.ThrowableCollector.execute(ThrowableCollector.java:73)
	at app//org.junit.jupiter.engine.descriptor.TestFactoryTestDescriptor.invokeTestMethod(TestFactoryTestDescriptor.java:95)
	at app//org.junit.jupiter.engine.descriptor.TestMethodTestDescriptor.execute(TestMethodTestDescriptor.java:135)
	at app//org.junit.jupiter.engine.descriptor.TestMethodTestDescriptor.execute(TestMethodTestDescriptor.java:66)
	at app//org.junit.platform.engine.support.hierarchical.NodeTestTask.lambda$executeRecursively$6(NodeTestTask.java:151)
	at app//org.junit.platform.engine.support.hierarchical.ThrowableCollector.execute(ThrowableCollector.java:73)
	at app//org.junit.platform.engine.support.hierarchical.NodeTestTask.lambda$executeRecursively$8(NodeTestTask.java:141)
	at app//org.junit.platform.engine.support.hierarchical.Node.around(Node.java:137)
	at app//org.junit.platform.engine.support.hierarchical.NodeTestTask.lambda$executeRecursively$9(NodeTestTask.java:139)
	at app//org.junit.platform.engine.support.hierarchical.ThrowableCollector.execute(ThrowableCollector.java:73)
	at app//org.junit.platform.engine.support.hierarchical.NodeTestTask.executeRecursively(NodeTestTask.java:138)
	at app//org.junit.platform.engine.support.hierarchical.NodeTestTask.execute(NodeTestTask.java:95)
	at java.base@11.0.18/java.util.ArrayList.forEach(ArrayList.java:1541)
	at app//org.junit.platform.engine.support.hierarchical.SameThreadHierarchicalTestExecutorService.invokeAll(SameThreadHierarchicalTestExecutorService.java:41)
	at app//org.junit.platform.engine.support.hierarchical.NodeTestTask.lambda$executeRecursively$6(NodeTestTask.java:155)
	at app//org.junit.platform.engine.support.hierarchical.ThrowableCollector.execute(ThrowableCollector.java:73)
	at app//org.junit.platform.engine.support.hierarchical.NodeTestTask.lambda$executeRecursively$8(NodeTestTask.java:141)
	at app//org.junit.platform.engine.support.hierarchical.Node.around(Node.java:137)
	at app//org.junit.platform.engine.support.hierarchical.NodeTestTask.lambda$executeRecursively$9(NodeTestTask.java:139)
	at app//org.junit.platform.engine.support.hierarchical.ThrowableCollector.execute(ThrowableCollector.java:73)
	at app//org.junit.platform.engine.support.hierarchical.NodeTestTask.executeRecursively(NodeTestTask.java:138)
	at app//org.junit.platform.engine.support.hierarchical.NodeTestTask.execute(NodeTestTask.java:95)
	at java.base@11.0.18/java.util.ArrayList.forEach(ArrayList.java:1541)
	at app//org.junit.platform.engine.support.hierarchical.SameThreadHierarchicalTestExecutorService.invokeAll(SameThreadHierarchicalTestExecutorService.java:41)
	at app//org.junit.platform.engine.support.hierarchical.NodeTestTask.lambda$executeRecursively$6(NodeTestTask.java:155)
	at app//org.junit.platform.engine.support.hierarchical.ThrowableCollector.execute(ThrowableCollector.java:73)
	at app//org.junit.platform.engine.support.hierarchical.NodeTestTask.lambda$executeRecursively$8(NodeTestTask.java:141)
	at app//org.junit.platform.engine.support.hierarchical.Node.around(Node.java:137)
	at app//org.junit.platform.engine.support.hierarchical.NodeTestTask.lambda$executeRecursively$9(NodeTestTask.java:139)
	at app//org.junit.platform.engine.support.hierarchical.ThrowableCollector.execute(ThrowableCollector.java:73)
	at app//org.junit.platform.engine.support.hierarchical.NodeTestTask.executeRecursively(NodeTestTask.java:138)
	at app//org.junit.platform.engine.support.hierarchical.NodeTestTask.execute(NodeTestTask.java:95)
	at app//org.junit.platform.engine.support.hierarchical.SameThreadHierarchicalTestExecutorService.submit(SameThreadHierarchicalTestExecutorService.java:35)
	at app//org.junit.platform.engine.support.hierarchical.HierarchicalTestExecutor.execute(HierarchicalTestExecutor.java:57)
	at app//org.junit.platform.engine.support.hierarchical.HierarchicalTestEngine.execute(HierarchicalTestEngine.java:54)
	at org.junit.platform.launcher.core.EngineExecutionOrchestrator.execute(EngineExecutionOrchestrator.java:107)
	at org.junit.platform.launcher.core.EngineExecutionOrchestrator.execute(EngineExecutionOrchestrator.java:88)
	at org.junit.platform.launcher.core.EngineExecutionOrchestrator.lambda$execute$0(EngineExecutionOrchestrator.java:54)
	at org.junit.platform.launcher.core.EngineExecutionOrchestrator.withInterceptedStreams(EngineExecutionOrchestrator.java:67)
	at org.junit.platform.launcher.core.EngineExecutionOrchestrator.execute(EngineExecutionOrchestrator.java:52)
	at org.junit.platform.launcher.core.DefaultLauncher.execute(DefaultLauncher.java:114)
	at org.junit.platform.launcher.core.DefaultLauncher.execute(DefaultLauncher.java:86)
	at org.junit.platform.launcher.core.DefaultLauncherSession$DelegatingLauncher.execute(DefaultLauncherSession.java:86)
	at org.junit.platform.launcher.core.SessionPerRequestLauncher.execute(SessionPerRequestLauncher.java:53)
	at org.gradle.api.internal.tasks.testing.junitplatform.JUnitPlatformTestClassProcessor$CollectAllTestClassesExecutor.processAllTestClasses(JUnitPlatformTestClassProcessor.java:99)
	at org.gradle.api.internal.tasks.testing.junitplatform.JUnitPlatformTestClassProcessor$CollectAllTestClassesExecutor.access$000(JUnitPlatformTestClassProcessor.java:79)
	at org.gradle.api.internal.tasks.testing.junitplatform.JUnitPlatformTestClassProcessor.stop(JUnitPlatformTestClassProcessor.java:75)
	at org.gradle.api.internal.tasks.testing.SuiteTestClassProcessor.stop(SuiteTestClassProcessor.java:62)
	at java.base@11.0.18/jdk.internal.reflect.NativeMethodAccessorImpl.invoke0(Native Method)
	at java.base@11.0.18/jdk.internal.reflect.NativeMethodAccessorImpl.invoke(NativeMethodAccessorImpl.java:62)
	at java.base@11.0.18/jdk.internal.reflect.DelegatingMethodAccessorImpl.invoke(DelegatingMethodAccessorImpl.java:43)
	at java.base@11.0.18/java.lang.reflect.Method.invoke(Method.java:566)
	at org.gradle.internal.dispatch.ReflectionDispatch.dispatch(ReflectionDispatch.java:36)
	at org.gradle.internal.dispatch.ReflectionDispatch.dispatch(ReflectionDispatch.java:24)
	at org.gradle.internal.dispatch.ContextClassLoaderDispatch.dispatch(ContextClassLoaderDispatch.java:33)
	at org.gradle.internal.dispatch.ProxyDispatchAdapter$DispatchingInvocationHandler.invoke(ProxyDispatchAdapter.java:94)
	at com.sun.proxy.$Proxy2.stop(Unknown Source)
	at org.gradle.api.internal.tasks.testing.worker.TestWorker$3.run(TestWorker.java:193)
	at org.gradle.api.internal.tasks.testing.worker.TestWorker.executeAndMaintainThreadName(TestWorker.java:129)
	at org.gradle.api.internal.tasks.testing.worker.TestWorker.execute(TestWorker.java:100)
	at org.gradle.api.internal.tasks.testing.worker.TestWorker.execute(TestWorker.java:60)
	at org.gradle.process.internal.worker.child.ActionExecutionWorker.execute(ActionExecutionWorker.java:56)
	at org.gradle.process.internal.worker.child.SystemApplicationClassLoaderWorker.call(SystemApplicationClassLoaderWorker.java:113)
	at org.gradle.process.internal.worker.child.SystemApplicationClassLoaderWorker.call(SystemApplicationClassLoaderWorker.java:65)
	at app//worker.org.gradle.process.internal.worker.GradleWorkerMain.run(GradleWorkerMain.java:69)
	at app//worker.org.gradle.process.internal.worker.GradleWorkerMain.main(GradleWorkerMain.java:74)
</failure>
  </testcase>
  <testcase name="comprehensions" classname="de.uka.ilkd.key.proof.runallproofs.RunAllProofsFunctional" time="1.159">
    <failure message="org.opentest4j.AssertionFailedError: Executed process terminated with non-zero exit value. ==&gt; expected: &lt;0&gt; but was: &lt;1&gt;" type="org.opentest4j.AssertionFailedError">org.opentest4j.AssertionFailedError: Executed process terminated with non-zero exit value. ==&gt; expected: &lt;0&gt; but was: &lt;1&gt;
	at app//org.junit.jupiter.api.AssertionUtils.fail(AssertionUtils.java:55)
	at app//org.junit.jupiter.api.AssertionUtils.failNotEqual(AssertionUtils.java:62)
	at app//org.junit.jupiter.api.AssertEquals.assertEquals(AssertEquals.java:150)
	at app//org.junit.jupiter.api.Assertions.assertEquals(Assertions.java:559)
	at app//de.uka.ilkd.key.proof.runallproofs.proofcollection.ForkedTestFileRunner.processTestFiles(ForkedTestFileRunner.java:129)
	at app//de.uka.ilkd.key.proof.runallproofs.RunAllProofsTestUnit.runTest(RunAllProofsTestUnit.java:85)
	at app//de.uka.ilkd.key.proof.runallproofs.RunAllProofsTest.lambda$data$0(RunAllProofsTest.java:83)
	at app//org.junit.jupiter.engine.descriptor.DynamicTestTestDescriptor.lambda$execute$0(DynamicTestTestDescriptor.java:53)
	at app//org.junit.jupiter.engine.execution.InvocationInterceptorChain$ValidatingInvocation.proceed(InvocationInterceptorChain.java:131)
	at app//org.junit.jupiter.api.extension.InvocationInterceptor.interceptDynamicTest(InvocationInterceptor.java:167)
	at app//org.junit.jupiter.api.extension.InvocationInterceptor.interceptDynamicTest(InvocationInterceptor.java:184)
	at app//org.junit.jupiter.engine.descriptor.DynamicTestTestDescriptor.lambda$execute$1(DynamicTestTestDescriptor.java:61)
	at app//org.junit.jupiter.engine.execution.InvocationInterceptorChain$InterceptorCall.lambda$ofVoid$0(InvocationInterceptorChain.java:78)
	at app//org.junit.jupiter.engine.execution.InvocationInterceptorChain$InterceptedInvocation.proceed(InvocationInterceptorChain.java:106)
	at app//org.junit.jupiter.engine.execution.InvocationInterceptorChain.proceed(InvocationInterceptorChain.java:64)
	at app//org.junit.jupiter.engine.execution.InvocationInterceptorChain.chainAndInvoke(InvocationInterceptorChain.java:45)
	at app//org.junit.jupiter.engine.execution.InvocationInterceptorChain.invoke(InvocationInterceptorChain.java:37)
	at app//org.junit.jupiter.engine.descriptor.DynamicTestTestDescriptor.execute(DynamicTestTestDescriptor.java:60)
	at app//org.junit.jupiter.engine.descriptor.DynamicTestTestDescriptor.execute(DynamicTestTestDescriptor.java:32)
	at app//org.junit.platform.engine.support.hierarchical.NodeTestTask.lambda$executeRecursively$6(NodeTestTask.java:151)
	at app//org.junit.platform.engine.support.hierarchical.ThrowableCollector.execute(ThrowableCollector.java:73)
	at app//org.junit.platform.engine.support.hierarchical.NodeTestTask.lambda$executeRecursively$8(NodeTestTask.java:141)
	at app//org.junit.platform.engine.support.hierarchical.Node.around(Node.java:137)
	at app//org.junit.platform.engine.support.hierarchical.NodeTestTask.lambda$executeRecursively$9(NodeTestTask.java:139)
	at app//org.junit.platform.engine.support.hierarchical.ThrowableCollector.execute(ThrowableCollector.java:73)
	at app//org.junit.platform.engine.support.hierarchical.NodeTestTask.executeRecursively(NodeTestTask.java:138)
	at app//org.junit.platform.engine.support.hierarchical.NodeTestTask.execute(NodeTestTask.java:95)
	at app//org.junit.platform.engine.support.hierarchical.SameThreadHierarchicalTestExecutorService.submit(SameThreadHierarchicalTestExecutorService.java:35)
	at app//org.junit.platform.engine.support.hierarchical.NodeTestTask$DefaultDynamicTestExecutor.execute(NodeTestTask.java:226)
	at app//org.junit.platform.engine.support.hierarchical.NodeTestTask$DefaultDynamicTestExecutor.execute(NodeTestTask.java:204)
	at java.base@11.0.18/java.util.Optional.ifPresent(Optional.java:183)
	at app//org.junit.jupiter.engine.descriptor.TestFactoryTestDescriptor.lambda$invokeTestMethod$1(TestFactoryTestDescriptor.java:108)
	at app//org.junit.platform.engine.support.hierarchical.ThrowableCollector.execute(ThrowableCollector.java:73)
	at app//org.junit.jupiter.engine.descriptor.TestFactoryTestDescriptor.invokeTestMethod(TestFactoryTestDescriptor.java:95)
	at app//org.junit.jupiter.engine.descriptor.TestMethodTestDescriptor.execute(TestMethodTestDescriptor.java:135)
	at app//org.junit.jupiter.engine.descriptor.TestMethodTestDescriptor.execute(TestMethodTestDescriptor.java:66)
	at app//org.junit.platform.engine.support.hierarchical.NodeTestTask.lambda$executeRecursively$6(NodeTestTask.java:151)
	at app//org.junit.platform.engine.support.hierarchical.ThrowableCollector.execute(ThrowableCollector.java:73)
	at app//org.junit.platform.engine.support.hierarchical.NodeTestTask.lambda$executeRecursively$8(NodeTestTask.java:141)
	at app//org.junit.platform.engine.support.hierarchical.Node.around(Node.java:137)
	at app//org.junit.platform.engine.support.hierarchical.NodeTestTask.lambda$executeRecursively$9(NodeTestTask.java:139)
	at app//org.junit.platform.engine.support.hierarchical.ThrowableCollector.execute(ThrowableCollector.java:73)
	at app//org.junit.platform.engine.support.hierarchical.NodeTestTask.executeRecursively(NodeTestTask.java:138)
	at app//org.junit.platform.engine.support.hierarchical.NodeTestTask.execute(NodeTestTask.java:95)
	at java.base@11.0.18/java.util.ArrayList.forEach(ArrayList.java:1541)
	at app//org.junit.platform.engine.support.hierarchical.SameThreadHierarchicalTestExecutorService.invokeAll(SameThreadHierarchicalTestExecutorService.java:41)
	at app//org.junit.platform.engine.support.hierarchical.NodeTestTask.lambda$executeRecursively$6(NodeTestTask.java:155)
	at app//org.junit.platform.engine.support.hierarchical.ThrowableCollector.execute(ThrowableCollector.java:73)
	at app//org.junit.platform.engine.support.hierarchical.NodeTestTask.lambda$executeRecursively$8(NodeTestTask.java:141)
	at app//org.junit.platform.engine.support.hierarchical.Node.around(Node.java:137)
	at app//org.junit.platform.engine.support.hierarchical.NodeTestTask.lambda$executeRecursively$9(NodeTestTask.java:139)
	at app//org.junit.platform.engine.support.hierarchical.ThrowableCollector.execute(ThrowableCollector.java:73)
	at app//org.junit.platform.engine.support.hierarchical.NodeTestTask.executeRecursively(NodeTestTask.java:138)
	at app//org.junit.platform.engine.support.hierarchical.NodeTestTask.execute(NodeTestTask.java:95)
	at java.base@11.0.18/java.util.ArrayList.forEach(ArrayList.java:1541)
	at app//org.junit.platform.engine.support.hierarchical.SameThreadHierarchicalTestExecutorService.invokeAll(SameThreadHierarchicalTestExecutorService.java:41)
	at app//org.junit.platform.engine.support.hierarchical.NodeTestTask.lambda$executeRecursively$6(NodeTestTask.java:155)
	at app//org.junit.platform.engine.support.hierarchical.ThrowableCollector.execute(ThrowableCollector.java:73)
	at app//org.junit.platform.engine.support.hierarchical.NodeTestTask.lambda$executeRecursively$8(NodeTestTask.java:141)
	at app//org.junit.platform.engine.support.hierarchical.Node.around(Node.java:137)
	at app//org.junit.platform.engine.support.hierarchical.NodeTestTask.lambda$executeRecursively$9(NodeTestTask.java:139)
	at app//org.junit.platform.engine.support.hierarchical.ThrowableCollector.execute(ThrowableCollector.java:73)
	at app//org.junit.platform.engine.support.hierarchical.NodeTestTask.executeRecursively(NodeTestTask.java:138)
	at app//org.junit.platform.engine.support.hierarchical.NodeTestTask.execute(NodeTestTask.java:95)
	at app//org.junit.platform.engine.support.hierarchical.SameThreadHierarchicalTestExecutorService.submit(SameThreadHierarchicalTestExecutorService.java:35)
	at app//org.junit.platform.engine.support.hierarchical.HierarchicalTestExecutor.execute(HierarchicalTestExecutor.java:57)
	at app//org.junit.platform.engine.support.hierarchical.HierarchicalTestEngine.execute(HierarchicalTestEngine.java:54)
	at org.junit.platform.launcher.core.EngineExecutionOrchestrator.execute(EngineExecutionOrchestrator.java:107)
	at org.junit.platform.launcher.core.EngineExecutionOrchestrator.execute(EngineExecutionOrchestrator.java:88)
	at org.junit.platform.launcher.core.EngineExecutionOrchestrator.lambda$execute$0(EngineExecutionOrchestrator.java:54)
	at org.junit.platform.launcher.core.EngineExecutionOrchestrator.withInterceptedStreams(EngineExecutionOrchestrator.java:67)
	at org.junit.platform.launcher.core.EngineExecutionOrchestrator.execute(EngineExecutionOrchestrator.java:52)
	at org.junit.platform.launcher.core.DefaultLauncher.execute(DefaultLauncher.java:114)
	at org.junit.platform.launcher.core.DefaultLauncher.execute(DefaultLauncher.java:86)
	at org.junit.platform.launcher.core.DefaultLauncherSession$DelegatingLauncher.execute(DefaultLauncherSession.java:86)
	at org.junit.platform.launcher.core.SessionPerRequestLauncher.execute(SessionPerRequestLauncher.java:53)
	at org.gradle.api.internal.tasks.testing.junitplatform.JUnitPlatformTestClassProcessor$CollectAllTestClassesExecutor.processAllTestClasses(JUnitPlatformTestClassProcessor.java:99)
	at org.gradle.api.internal.tasks.testing.junitplatform.JUnitPlatformTestClassProcessor$CollectAllTestClassesExecutor.access$000(JUnitPlatformTestClassProcessor.java:79)
	at org.gradle.api.internal.tasks.testing.junitplatform.JUnitPlatformTestClassProcessor.stop(JUnitPlatformTestClassProcessor.java:75)
	at org.gradle.api.internal.tasks.testing.SuiteTestClassProcessor.stop(SuiteTestClassProcessor.java:62)
	at java.base@11.0.18/jdk.internal.reflect.NativeMethodAccessorImpl.invoke0(Native Method)
	at java.base@11.0.18/jdk.internal.reflect.NativeMethodAccessorImpl.invoke(NativeMethodAccessorImpl.java:62)
	at java.base@11.0.18/jdk.internal.reflect.DelegatingMethodAccessorImpl.invoke(DelegatingMethodAccessorImpl.java:43)
	at java.base@11.0.18/java.lang.reflect.Method.invoke(Method.java:566)
	at org.gradle.internal.dispatch.ReflectionDispatch.dispatch(ReflectionDispatch.java:36)
	at org.gradle.internal.dispatch.ReflectionDispatch.dispatch(ReflectionDispatch.java:24)
	at org.gradle.internal.dispatch.ContextClassLoaderDispatch.dispatch(ContextClassLoaderDispatch.java:33)
	at org.gradle.internal.dispatch.ProxyDispatchAdapter$DispatchingInvocationHandler.invoke(ProxyDispatchAdapter.java:94)
	at com.sun.proxy.$Proxy2.stop(Unknown Source)
	at org.gradle.api.internal.tasks.testing.worker.TestWorker$3.run(TestWorker.java:193)
	at org.gradle.api.internal.tasks.testing.worker.TestWorker.executeAndMaintainThreadName(TestWorker.java:129)
	at org.gradle.api.internal.tasks.testing.worker.TestWorker.execute(TestWorker.java:100)
	at org.gradle.api.internal.tasks.testing.worker.TestWorker.execute(TestWorker.java:60)
	at org.gradle.process.internal.worker.child.ActionExecutionWorker.execute(ActionExecutionWorker.java:56)
	at org.gradle.process.internal.worker.child.SystemApplicationClassLoaderWorker.call(SystemApplicationClassLoaderWorker.java:113)
	at org.gradle.process.internal.worker.child.SystemApplicationClassLoaderWorker.call(SystemApplicationClassLoaderWorker.java:65)
	at app//worker.org.gradle.process.internal.worker.GradleWorkerMain.run(GradleWorkerMain.java:69)
	at app//worker.org.gradle.process.internal.worker.GradleWorkerMain.main(GradleWorkerMain.java:74)
</failure>
  </testcase>
  <testcase name="performance" classname="de.uka.ilkd.key.proof.runallproofs.RunAllProofsFunctional" time="0.968">
    <failure message="org.opentest4j.AssertionFailedError: Executed process terminated with non-zero exit value. ==&gt; expected: &lt;0&gt; but was: &lt;1&gt;" type="org.opentest4j.AssertionFailedError">org.opentest4j.AssertionFailedError: Executed process terminated with non-zero exit value. ==&gt; expected: &lt;0&gt; but was: &lt;1&gt;
	at app//org.junit.jupiter.api.AssertionUtils.fail(AssertionUtils.java:55)
	at app//org.junit.jupiter.api.AssertionUtils.failNotEqual(AssertionUtils.java:62)
	at app//org.junit.jupiter.api.AssertEquals.assertEquals(AssertEquals.java:150)
	at app//org.junit.jupiter.api.Assertions.assertEquals(Assertions.java:559)
	at app//de.uka.ilkd.key.proof.runallproofs.proofcollection.ForkedTestFileRunner.processTestFiles(ForkedTestFileRunner.java:129)
	at app//de.uka.ilkd.key.proof.runallproofs.RunAllProofsTestUnit.runTest(RunAllProofsTestUnit.java:85)
	at app//de.uka.ilkd.key.proof.runallproofs.RunAllProofsTest.lambda$data$0(RunAllProofsTest.java:83)
	at app//org.junit.jupiter.engine.descriptor.DynamicTestTestDescriptor.lambda$execute$0(DynamicTestTestDescriptor.java:53)
	at app//org.junit.jupiter.engine.execution.InvocationInterceptorChain$ValidatingInvocation.proceed(InvocationInterceptorChain.java:131)
	at app//org.junit.jupiter.api.extension.InvocationInterceptor.interceptDynamicTest(InvocationInterceptor.java:167)
	at app//org.junit.jupiter.api.extension.InvocationInterceptor.interceptDynamicTest(InvocationInterceptor.java:184)
	at app//org.junit.jupiter.engine.descriptor.DynamicTestTestDescriptor.lambda$execute$1(DynamicTestTestDescriptor.java:61)
	at app//org.junit.jupiter.engine.execution.InvocationInterceptorChain$InterceptorCall.lambda$ofVoid$0(InvocationInterceptorChain.java:78)
	at app//org.junit.jupiter.engine.execution.InvocationInterceptorChain$InterceptedInvocation.proceed(InvocationInterceptorChain.java:106)
	at app//org.junit.jupiter.engine.execution.InvocationInterceptorChain.proceed(InvocationInterceptorChain.java:64)
	at app//org.junit.jupiter.engine.execution.InvocationInterceptorChain.chainAndInvoke(InvocationInterceptorChain.java:45)
	at app//org.junit.jupiter.engine.execution.InvocationInterceptorChain.invoke(InvocationInterceptorChain.java:37)
	at app//org.junit.jupiter.engine.descriptor.DynamicTestTestDescriptor.execute(DynamicTestTestDescriptor.java:60)
	at app//org.junit.jupiter.engine.descriptor.DynamicTestTestDescriptor.execute(DynamicTestTestDescriptor.java:32)
	at app//org.junit.platform.engine.support.hierarchical.NodeTestTask.lambda$executeRecursively$6(NodeTestTask.java:151)
	at app//org.junit.platform.engine.support.hierarchical.ThrowableCollector.execute(ThrowableCollector.java:73)
	at app//org.junit.platform.engine.support.hierarchical.NodeTestTask.lambda$executeRecursively$8(NodeTestTask.java:141)
	at app//org.junit.platform.engine.support.hierarchical.Node.around(Node.java:137)
	at app//org.junit.platform.engine.support.hierarchical.NodeTestTask.lambda$executeRecursively$9(NodeTestTask.java:139)
	at app//org.junit.platform.engine.support.hierarchical.ThrowableCollector.execute(ThrowableCollector.java:73)
	at app//org.junit.platform.engine.support.hierarchical.NodeTestTask.executeRecursively(NodeTestTask.java:138)
	at app//org.junit.platform.engine.support.hierarchical.NodeTestTask.execute(NodeTestTask.java:95)
	at app//org.junit.platform.engine.support.hierarchical.SameThreadHierarchicalTestExecutorService.submit(SameThreadHierarchicalTestExecutorService.java:35)
	at app//org.junit.platform.engine.support.hierarchical.NodeTestTask$DefaultDynamicTestExecutor.execute(NodeTestTask.java:226)
	at app//org.junit.platform.engine.support.hierarchical.NodeTestTask$DefaultDynamicTestExecutor.execute(NodeTestTask.java:204)
	at java.base@11.0.18/java.util.Optional.ifPresent(Optional.java:183)
	at app//org.junit.jupiter.engine.descriptor.TestFactoryTestDescriptor.lambda$invokeTestMethod$1(TestFactoryTestDescriptor.java:108)
	at app//org.junit.platform.engine.support.hierarchical.ThrowableCollector.execute(ThrowableCollector.java:73)
	at app//org.junit.jupiter.engine.descriptor.TestFactoryTestDescriptor.invokeTestMethod(TestFactoryTestDescriptor.java:95)
	at app//org.junit.jupiter.engine.descriptor.TestMethodTestDescriptor.execute(TestMethodTestDescriptor.java:135)
	at app//org.junit.jupiter.engine.descriptor.TestMethodTestDescriptor.execute(TestMethodTestDescriptor.java:66)
	at app//org.junit.platform.engine.support.hierarchical.NodeTestTask.lambda$executeRecursively$6(NodeTestTask.java:151)
	at app//org.junit.platform.engine.support.hierarchical.ThrowableCollector.execute(ThrowableCollector.java:73)
	at app//org.junit.platform.engine.support.hierarchical.NodeTestTask.lambda$executeRecursively$8(NodeTestTask.java:141)
	at app//org.junit.platform.engine.support.hierarchical.Node.around(Node.java:137)
	at app//org.junit.platform.engine.support.hierarchical.NodeTestTask.lambda$executeRecursively$9(NodeTestTask.java:139)
	at app//org.junit.platform.engine.support.hierarchical.ThrowableCollector.execute(ThrowableCollector.java:73)
	at app//org.junit.platform.engine.support.hierarchical.NodeTestTask.executeRecursively(NodeTestTask.java:138)
	at app//org.junit.platform.engine.support.hierarchical.NodeTestTask.execute(NodeTestTask.java:95)
	at java.base@11.0.18/java.util.ArrayList.forEach(ArrayList.java:1541)
	at app//org.junit.platform.engine.support.hierarchical.SameThreadHierarchicalTestExecutorService.invokeAll(SameThreadHierarchicalTestExecutorService.java:41)
	at app//org.junit.platform.engine.support.hierarchical.NodeTestTask.lambda$executeRecursively$6(NodeTestTask.java:155)
	at app//org.junit.platform.engine.support.hierarchical.ThrowableCollector.execute(ThrowableCollector.java:73)
	at app//org.junit.platform.engine.support.hierarchical.NodeTestTask.lambda$executeRecursively$8(NodeTestTask.java:141)
	at app//org.junit.platform.engine.support.hierarchical.Node.around(Node.java:137)
	at app//org.junit.platform.engine.support.hierarchical.NodeTestTask.lambda$executeRecursively$9(NodeTestTask.java:139)
	at app//org.junit.platform.engine.support.hierarchical.ThrowableCollector.execute(ThrowableCollector.java:73)
	at app//org.junit.platform.engine.support.hierarchical.NodeTestTask.executeRecursively(NodeTestTask.java:138)
	at app//org.junit.platform.engine.support.hierarchical.NodeTestTask.execute(NodeTestTask.java:95)
	at java.base@11.0.18/java.util.ArrayList.forEach(ArrayList.java:1541)
	at app//org.junit.platform.engine.support.hierarchical.SameThreadHierarchicalTestExecutorService.invokeAll(SameThreadHierarchicalTestExecutorService.java:41)
	at app//org.junit.platform.engine.support.hierarchical.NodeTestTask.lambda$executeRecursively$6(NodeTestTask.java:155)
	at app//org.junit.platform.engine.support.hierarchical.ThrowableCollector.execute(ThrowableCollector.java:73)
	at app//org.junit.platform.engine.support.hierarchical.NodeTestTask.lambda$executeRecursively$8(NodeTestTask.java:141)
	at app//org.junit.platform.engine.support.hierarchical.Node.around(Node.java:137)
	at app//org.junit.platform.engine.support.hierarchical.NodeTestTask.lambda$executeRecursively$9(NodeTestTask.java:139)
	at app//org.junit.platform.engine.support.hierarchical.ThrowableCollector.execute(ThrowableCollector.java:73)
	at app//org.junit.platform.engine.support.hierarchical.NodeTestTask.executeRecursively(NodeTestTask.java:138)
	at app//org.junit.platform.engine.support.hierarchical.NodeTestTask.execute(NodeTestTask.java:95)
	at app//org.junit.platform.engine.support.hierarchical.SameThreadHierarchicalTestExecutorService.submit(SameThreadHierarchicalTestExecutorService.java:35)
	at app//org.junit.platform.engine.support.hierarchical.HierarchicalTestExecutor.execute(HierarchicalTestExecutor.java:57)
	at app//org.junit.platform.engine.support.hierarchical.HierarchicalTestEngine.execute(HierarchicalTestEngine.java:54)
	at org.junit.platform.launcher.core.EngineExecutionOrchestrator.execute(EngineExecutionOrchestrator.java:107)
	at org.junit.platform.launcher.core.EngineExecutionOrchestrator.execute(EngineExecutionOrchestrator.java:88)
	at org.junit.platform.launcher.core.EngineExecutionOrchestrator.lambda$execute$0(EngineExecutionOrchestrator.java:54)
	at org.junit.platform.launcher.core.EngineExecutionOrchestrator.withInterceptedStreams(EngineExecutionOrchestrator.java:67)
	at org.junit.platform.launcher.core.EngineExecutionOrchestrator.execute(EngineExecutionOrchestrator.java:52)
	at org.junit.platform.launcher.core.DefaultLauncher.execute(DefaultLauncher.java:114)
	at org.junit.platform.launcher.core.DefaultLauncher.execute(DefaultLauncher.java:86)
	at org.junit.platform.launcher.core.DefaultLauncherSession$DelegatingLauncher.execute(DefaultLauncherSession.java:86)
	at org.junit.platform.launcher.core.SessionPerRequestLauncher.execute(SessionPerRequestLauncher.java:53)
	at org.gradle.api.internal.tasks.testing.junitplatform.JUnitPlatformTestClassProcessor$CollectAllTestClassesExecutor.processAllTestClasses(JUnitPlatformTestClassProcessor.java:99)
	at org.gradle.api.internal.tasks.testing.junitplatform.JUnitPlatformTestClassProcessor$CollectAllTestClassesExecutor.access$000(JUnitPlatformTestClassProcessor.java:79)
	at org.gradle.api.internal.tasks.testing.junitplatform.JUnitPlatformTestClassProcessor.stop(JUnitPlatformTestClassProcessor.java:75)
	at org.gradle.api.internal.tasks.testing.SuiteTestClassProcessor.stop(SuiteTestClassProcessor.java:62)
	at java.base@11.0.18/jdk.internal.reflect.NativeMethodAccessorImpl.invoke0(Native Method)
	at java.base@11.0.18/jdk.internal.reflect.NativeMethodAccessorImpl.invoke(NativeMethodAccessorImpl.java:62)
	at java.base@11.0.18/jdk.internal.reflect.DelegatingMethodAccessorImpl.invoke(DelegatingMethodAccessorImpl.java:43)
	at java.base@11.0.18/java.lang.reflect.Method.invoke(Method.java:566)
	at org.gradle.internal.dispatch.ReflectionDispatch.dispatch(ReflectionDispatch.java:36)
	at org.gradle.internal.dispatch.ReflectionDispatch.dispatch(ReflectionDispatch.java:24)
	at org.gradle.internal.dispatch.ContextClassLoaderDispatch.dispatch(ContextClassLoaderDispatch.java:33)
	at org.gradle.internal.dispatch.ProxyDispatchAdapter$DispatchingInvocationHandler.invoke(ProxyDispatchAdapter.java:94)
	at com.sun.proxy.$Proxy2.stop(Unknown Source)
	at org.gradle.api.internal.tasks.testing.worker.TestWorker$3.run(TestWorker.java:193)
	at org.gradle.api.internal.tasks.testing.worker.TestWorker.executeAndMaintainThreadName(TestWorker.java:129)
	at org.gradle.api.internal.tasks.testing.worker.TestWorker.execute(TestWorker.java:100)
	at org.gradle.api.internal.tasks.testing.worker.TestWorker.execute(TestWorker.java:60)
	at org.gradle.process.internal.worker.child.ActionExecutionWorker.execute(ActionExecutionWorker.java:56)
	at org.gradle.process.internal.worker.child.SystemApplicationClassLoaderWorker.call(SystemApplicationClassLoaderWorker.java:113)
	at org.gradle.process.internal.worker.child.SystemApplicationClassLoaderWorker.call(SystemApplicationClassLoaderWorker.java:65)
	at app//worker.org.gradle.process.internal.worker.GradleWorkerMain.run(GradleWorkerMain.java:69)
	at app//worker.org.gradle.process.internal.worker.GradleWorkerMain.main(GradleWorkerMain.java:74)
</failure>
  </testcase>
  <testcase name="performancePOConstruction" classname="de.uka.ilkd.key.proof.runallproofs.RunAllProofsFunctional" time="0.935">
    <failure message="org.opentest4j.AssertionFailedError: Executed process terminated with non-zero exit value. ==&gt; expected: &lt;0&gt; but was: &lt;1&gt;" type="org.opentest4j.AssertionFailedError">org.opentest4j.AssertionFailedError: Executed process terminated with non-zero exit value. ==&gt; expected: &lt;0&gt; but was: &lt;1&gt;
	at app//org.junit.jupiter.api.AssertionUtils.fail(AssertionUtils.java:55)
	at app//org.junit.jupiter.api.AssertionUtils.failNotEqual(AssertionUtils.java:62)
	at app//org.junit.jupiter.api.AssertEquals.assertEquals(AssertEquals.java:150)
	at app//org.junit.jupiter.api.Assertions.assertEquals(Assertions.java:559)
	at app//de.uka.ilkd.key.proof.runallproofs.proofcollection.ForkedTestFileRunner.processTestFiles(ForkedTestFileRunner.java:129)
	at app//de.uka.ilkd.key.proof.runallproofs.RunAllProofsTestUnit.runTest(RunAllProofsTestUnit.java:85)
	at app//de.uka.ilkd.key.proof.runallproofs.RunAllProofsTest.lambda$data$0(RunAllProofsTest.java:83)
	at app//org.junit.jupiter.engine.descriptor.DynamicTestTestDescriptor.lambda$execute$0(DynamicTestTestDescriptor.java:53)
	at app//org.junit.jupiter.engine.execution.InvocationInterceptorChain$ValidatingInvocation.proceed(InvocationInterceptorChain.java:131)
	at app//org.junit.jupiter.api.extension.InvocationInterceptor.interceptDynamicTest(InvocationInterceptor.java:167)
	at app//org.junit.jupiter.api.extension.InvocationInterceptor.interceptDynamicTest(InvocationInterceptor.java:184)
	at app//org.junit.jupiter.engine.descriptor.DynamicTestTestDescriptor.lambda$execute$1(DynamicTestTestDescriptor.java:61)
	at app//org.junit.jupiter.engine.execution.InvocationInterceptorChain$InterceptorCall.lambda$ofVoid$0(InvocationInterceptorChain.java:78)
	at app//org.junit.jupiter.engine.execution.InvocationInterceptorChain$InterceptedInvocation.proceed(InvocationInterceptorChain.java:106)
	at app//org.junit.jupiter.engine.execution.InvocationInterceptorChain.proceed(InvocationInterceptorChain.java:64)
	at app//org.junit.jupiter.engine.execution.InvocationInterceptorChain.chainAndInvoke(InvocationInterceptorChain.java:45)
	at app//org.junit.jupiter.engine.execution.InvocationInterceptorChain.invoke(InvocationInterceptorChain.java:37)
	at app//org.junit.jupiter.engine.descriptor.DynamicTestTestDescriptor.execute(DynamicTestTestDescriptor.java:60)
	at app//org.junit.jupiter.engine.descriptor.DynamicTestTestDescriptor.execute(DynamicTestTestDescriptor.java:32)
	at app//org.junit.platform.engine.support.hierarchical.NodeTestTask.lambda$executeRecursively$6(NodeTestTask.java:151)
	at app//org.junit.platform.engine.support.hierarchical.ThrowableCollector.execute(ThrowableCollector.java:73)
	at app//org.junit.platform.engine.support.hierarchical.NodeTestTask.lambda$executeRecursively$8(NodeTestTask.java:141)
	at app//org.junit.platform.engine.support.hierarchical.Node.around(Node.java:137)
	at app//org.junit.platform.engine.support.hierarchical.NodeTestTask.lambda$executeRecursively$9(NodeTestTask.java:139)
	at app//org.junit.platform.engine.support.hierarchical.ThrowableCollector.execute(ThrowableCollector.java:73)
	at app//org.junit.platform.engine.support.hierarchical.NodeTestTask.executeRecursively(NodeTestTask.java:138)
	at app//org.junit.platform.engine.support.hierarchical.NodeTestTask.execute(NodeTestTask.java:95)
	at app//org.junit.platform.engine.support.hierarchical.SameThreadHierarchicalTestExecutorService.submit(SameThreadHierarchicalTestExecutorService.java:35)
	at app//org.junit.platform.engine.support.hierarchical.NodeTestTask$DefaultDynamicTestExecutor.execute(NodeTestTask.java:226)
	at app//org.junit.platform.engine.support.hierarchical.NodeTestTask$DefaultDynamicTestExecutor.execute(NodeTestTask.java:204)
	at java.base@11.0.18/java.util.Optional.ifPresent(Optional.java:183)
	at app//org.junit.jupiter.engine.descriptor.TestFactoryTestDescriptor.lambda$invokeTestMethod$1(TestFactoryTestDescriptor.java:108)
	at app//org.junit.platform.engine.support.hierarchical.ThrowableCollector.execute(ThrowableCollector.java:73)
	at app//org.junit.jupiter.engine.descriptor.TestFactoryTestDescriptor.invokeTestMethod(TestFactoryTestDescriptor.java:95)
	at app//org.junit.jupiter.engine.descriptor.TestMethodTestDescriptor.execute(TestMethodTestDescriptor.java:135)
	at app//org.junit.jupiter.engine.descriptor.TestMethodTestDescriptor.execute(TestMethodTestDescriptor.java:66)
	at app//org.junit.platform.engine.support.hierarchical.NodeTestTask.lambda$executeRecursively$6(NodeTestTask.java:151)
	at app//org.junit.platform.engine.support.hierarchical.ThrowableCollector.execute(ThrowableCollector.java:73)
	at app//org.junit.platform.engine.support.hierarchical.NodeTestTask.lambda$executeRecursively$8(NodeTestTask.java:141)
	at app//org.junit.platform.engine.support.hierarchical.Node.around(Node.java:137)
	at app//org.junit.platform.engine.support.hierarchical.NodeTestTask.lambda$executeRecursively$9(NodeTestTask.java:139)
	at app//org.junit.platform.engine.support.hierarchical.ThrowableCollector.execute(ThrowableCollector.java:73)
	at app//org.junit.platform.engine.support.hierarchical.NodeTestTask.executeRecursively(NodeTestTask.java:138)
	at app//org.junit.platform.engine.support.hierarchical.NodeTestTask.execute(NodeTestTask.java:95)
	at java.base@11.0.18/java.util.ArrayList.forEach(ArrayList.java:1541)
	at app//org.junit.platform.engine.support.hierarchical.SameThreadHierarchicalTestExecutorService.invokeAll(SameThreadHierarchicalTestExecutorService.java:41)
	at app//org.junit.platform.engine.support.hierarchical.NodeTestTask.lambda$executeRecursively$6(NodeTestTask.java:155)
	at app//org.junit.platform.engine.support.hierarchical.ThrowableCollector.execute(ThrowableCollector.java:73)
	at app//org.junit.platform.engine.support.hierarchical.NodeTestTask.lambda$executeRecursively$8(NodeTestTask.java:141)
	at app//org.junit.platform.engine.support.hierarchical.Node.around(Node.java:137)
	at app//org.junit.platform.engine.support.hierarchical.NodeTestTask.lambda$executeRecursively$9(NodeTestTask.java:139)
	at app//org.junit.platform.engine.support.hierarchical.ThrowableCollector.execute(ThrowableCollector.java:73)
	at app//org.junit.platform.engine.support.hierarchical.NodeTestTask.executeRecursively(NodeTestTask.java:138)
	at app//org.junit.platform.engine.support.hierarchical.NodeTestTask.execute(NodeTestTask.java:95)
	at java.base@11.0.18/java.util.ArrayList.forEach(ArrayList.java:1541)
	at app//org.junit.platform.engine.support.hierarchical.SameThreadHierarchicalTestExecutorService.invokeAll(SameThreadHierarchicalTestExecutorService.java:41)
	at app//org.junit.platform.engine.support.hierarchical.NodeTestTask.lambda$executeRecursively$6(NodeTestTask.java:155)
	at app//org.junit.platform.engine.support.hierarchical.ThrowableCollector.execute(ThrowableCollector.java:73)
	at app//org.junit.platform.engine.support.hierarchical.NodeTestTask.lambda$executeRecursively$8(NodeTestTask.java:141)
	at app//org.junit.platform.engine.support.hierarchical.Node.around(Node.java:137)
	at app//org.junit.platform.engine.support.hierarchical.NodeTestTask.lambda$executeRecursively$9(NodeTestTask.java:139)
	at app//org.junit.platform.engine.support.hierarchical.ThrowableCollector.execute(ThrowableCollector.java:73)
	at app//org.junit.platform.engine.support.hierarchical.NodeTestTask.executeRecursively(NodeTestTask.java:138)
	at app//org.junit.platform.engine.support.hierarchical.NodeTestTask.execute(NodeTestTask.java:95)
	at app//org.junit.platform.engine.support.hierarchical.SameThreadHierarchicalTestExecutorService.submit(SameThreadHierarchicalTestExecutorService.java:35)
	at app//org.junit.platform.engine.support.hierarchical.HierarchicalTestExecutor.execute(HierarchicalTestExecutor.java:57)
	at app//org.junit.platform.engine.support.hierarchical.HierarchicalTestEngine.execute(HierarchicalTestEngine.java:54)
	at org.junit.platform.launcher.core.EngineExecutionOrchestrator.execute(EngineExecutionOrchestrator.java:107)
	at org.junit.platform.launcher.core.EngineExecutionOrchestrator.execute(EngineExecutionOrchestrator.java:88)
	at org.junit.platform.launcher.core.EngineExecutionOrchestrator.lambda$execute$0(EngineExecutionOrchestrator.java:54)
	at org.junit.platform.launcher.core.EngineExecutionOrchestrator.withInterceptedStreams(EngineExecutionOrchestrator.java:67)
	at org.junit.platform.launcher.core.EngineExecutionOrchestrator.execute(EngineExecutionOrchestrator.java:52)
	at org.junit.platform.launcher.core.DefaultLauncher.execute(DefaultLauncher.java:114)
	at org.junit.platform.launcher.core.DefaultLauncher.execute(DefaultLauncher.java:86)
	at org.junit.platform.launcher.core.DefaultLauncherSession$DelegatingLauncher.execute(DefaultLauncherSession.java:86)
	at org.junit.platform.launcher.core.SessionPerRequestLauncher.execute(SessionPerRequestLauncher.java:53)
	at org.gradle.api.internal.tasks.testing.junitplatform.JUnitPlatformTestClassProcessor$CollectAllTestClassesExecutor.processAllTestClasses(JUnitPlatformTestClassProcessor.java:99)
	at org.gradle.api.internal.tasks.testing.junitplatform.JUnitPlatformTestClassProcessor$CollectAllTestClassesExecutor.access$000(JUnitPlatformTestClassProcessor.java:79)
	at org.gradle.api.internal.tasks.testing.junitplatform.JUnitPlatformTestClassProcessor.stop(JUnitPlatformTestClassProcessor.java:75)
	at org.gradle.api.internal.tasks.testing.SuiteTestClassProcessor.stop(SuiteTestClassProcessor.java:62)
	at java.base@11.0.18/jdk.internal.reflect.NativeMethodAccessorImpl.invoke0(Native Method)
	at java.base@11.0.18/jdk.internal.reflect.NativeMethodAccessorImpl.invoke(NativeMethodAccessorImpl.java:62)
	at java.base@11.0.18/jdk.internal.reflect.DelegatingMethodAccessorImpl.invoke(DelegatingMethodAccessorImpl.java:43)
	at java.base@11.0.18/java.lang.reflect.Method.invoke(Method.java:566)
	at org.gradle.internal.dispatch.ReflectionDispatch.dispatch(ReflectionDispatch.java:36)
	at org.gradle.internal.dispatch.ReflectionDispatch.dispatch(ReflectionDispatch.java:24)
	at org.gradle.internal.dispatch.ContextClassLoaderDispatch.dispatch(ContextClassLoaderDispatch.java:33)
	at org.gradle.internal.dispatch.ProxyDispatchAdapter$DispatchingInvocationHandler.invoke(ProxyDispatchAdapter.java:94)
	at com.sun.proxy.$Proxy2.stop(Unknown Source)
	at org.gradle.api.internal.tasks.testing.worker.TestWorker$3.run(TestWorker.java:193)
	at org.gradle.api.internal.tasks.testing.worker.TestWorker.executeAndMaintainThreadName(TestWorker.java:129)
	at org.gradle.api.internal.tasks.testing.worker.TestWorker.execute(TestWorker.java:100)
	at org.gradle.api.internal.tasks.testing.worker.TestWorker.execute(TestWorker.java:60)
	at org.gradle.process.internal.worker.child.ActionExecutionWorker.execute(ActionExecutionWorker.java:56)
	at org.gradle.process.internal.worker.child.SystemApplicationClassLoaderWorker.call(SystemApplicationClassLoaderWorker.java:113)
	at org.gradle.process.internal.worker.child.SystemApplicationClassLoaderWorker.call(SystemApplicationClassLoaderWorker.java:65)
	at app//worker.org.gradle.process.internal.worker.GradleWorkerMain.run(GradleWorkerMain.java:69)
	at app//worker.org.gradle.process.internal.worker.GradleWorkerMain.main(GradleWorkerMain.java:74)
</failure>
  </testcase>
  <testcase name="applicationRestrictions" classname="de.uka.ilkd.key.proof.runallproofs.RunAllProofsFunctional" time="0.979">
    <failure message="org.opentest4j.AssertionFailedError: Executed process terminated with non-zero exit value. ==&gt; expected: &lt;0&gt; but was: &lt;1&gt;" type="org.opentest4j.AssertionFailedError">org.opentest4j.AssertionFailedError: Executed process terminated with non-zero exit value. ==&gt; expected: &lt;0&gt; but was: &lt;1&gt;
	at app//org.junit.jupiter.api.AssertionUtils.fail(AssertionUtils.java:55)
	at app//org.junit.jupiter.api.AssertionUtils.failNotEqual(AssertionUtils.java:62)
	at app//org.junit.jupiter.api.AssertEquals.assertEquals(AssertEquals.java:150)
	at app//org.junit.jupiter.api.Assertions.assertEquals(Assertions.java:559)
	at app//de.uka.ilkd.key.proof.runallproofs.proofcollection.ForkedTestFileRunner.processTestFiles(ForkedTestFileRunner.java:129)
	at app//de.uka.ilkd.key.proof.runallproofs.RunAllProofsTestUnit.runTest(RunAllProofsTestUnit.java:85)
	at app//de.uka.ilkd.key.proof.runallproofs.RunAllProofsTest.lambda$data$0(RunAllProofsTest.java:83)
	at app//org.junit.jupiter.engine.descriptor.DynamicTestTestDescriptor.lambda$execute$0(DynamicTestTestDescriptor.java:53)
	at app//org.junit.jupiter.engine.execution.InvocationInterceptorChain$ValidatingInvocation.proceed(InvocationInterceptorChain.java:131)
	at app//org.junit.jupiter.api.extension.InvocationInterceptor.interceptDynamicTest(InvocationInterceptor.java:167)
	at app//org.junit.jupiter.api.extension.InvocationInterceptor.interceptDynamicTest(InvocationInterceptor.java:184)
	at app//org.junit.jupiter.engine.descriptor.DynamicTestTestDescriptor.lambda$execute$1(DynamicTestTestDescriptor.java:61)
	at app//org.junit.jupiter.engine.execution.InvocationInterceptorChain$InterceptorCall.lambda$ofVoid$0(InvocationInterceptorChain.java:78)
	at app//org.junit.jupiter.engine.execution.InvocationInterceptorChain$InterceptedInvocation.proceed(InvocationInterceptorChain.java:106)
	at app//org.junit.jupiter.engine.execution.InvocationInterceptorChain.proceed(InvocationInterceptorChain.java:64)
	at app//org.junit.jupiter.engine.execution.InvocationInterceptorChain.chainAndInvoke(InvocationInterceptorChain.java:45)
	at app//org.junit.jupiter.engine.execution.InvocationInterceptorChain.invoke(InvocationInterceptorChain.java:37)
	at app//org.junit.jupiter.engine.descriptor.DynamicTestTestDescriptor.execute(DynamicTestTestDescriptor.java:60)
	at app//org.junit.jupiter.engine.descriptor.DynamicTestTestDescriptor.execute(DynamicTestTestDescriptor.java:32)
	at app//org.junit.platform.engine.support.hierarchical.NodeTestTask.lambda$executeRecursively$6(NodeTestTask.java:151)
	at app//org.junit.platform.engine.support.hierarchical.ThrowableCollector.execute(ThrowableCollector.java:73)
	at app//org.junit.platform.engine.support.hierarchical.NodeTestTask.lambda$executeRecursively$8(NodeTestTask.java:141)
	at app//org.junit.platform.engine.support.hierarchical.Node.around(Node.java:137)
	at app//org.junit.platform.engine.support.hierarchical.NodeTestTask.lambda$executeRecursively$9(NodeTestTask.java:139)
	at app//org.junit.platform.engine.support.hierarchical.ThrowableCollector.execute(ThrowableCollector.java:73)
	at app//org.junit.platform.engine.support.hierarchical.NodeTestTask.executeRecursively(NodeTestTask.java:138)
	at app//org.junit.platform.engine.support.hierarchical.NodeTestTask.execute(NodeTestTask.java:95)
	at app//org.junit.platform.engine.support.hierarchical.SameThreadHierarchicalTestExecutorService.submit(SameThreadHierarchicalTestExecutorService.java:35)
	at app//org.junit.platform.engine.support.hierarchical.NodeTestTask$DefaultDynamicTestExecutor.execute(NodeTestTask.java:226)
	at app//org.junit.platform.engine.support.hierarchical.NodeTestTask$DefaultDynamicTestExecutor.execute(NodeTestTask.java:204)
	at java.base@11.0.18/java.util.Optional.ifPresent(Optional.java:183)
	at app//org.junit.jupiter.engine.descriptor.TestFactoryTestDescriptor.lambda$invokeTestMethod$1(TestFactoryTestDescriptor.java:108)
	at app//org.junit.platform.engine.support.hierarchical.ThrowableCollector.execute(ThrowableCollector.java:73)
	at app//org.junit.jupiter.engine.descriptor.TestFactoryTestDescriptor.invokeTestMethod(TestFactoryTestDescriptor.java:95)
	at app//org.junit.jupiter.engine.descriptor.TestMethodTestDescriptor.execute(TestMethodTestDescriptor.java:135)
	at app//org.junit.jupiter.engine.descriptor.TestMethodTestDescriptor.execute(TestMethodTestDescriptor.java:66)
	at app//org.junit.platform.engine.support.hierarchical.NodeTestTask.lambda$executeRecursively$6(NodeTestTask.java:151)
	at app//org.junit.platform.engine.support.hierarchical.ThrowableCollector.execute(ThrowableCollector.java:73)
	at app//org.junit.platform.engine.support.hierarchical.NodeTestTask.lambda$executeRecursively$8(NodeTestTask.java:141)
	at app//org.junit.platform.engine.support.hierarchical.Node.around(Node.java:137)
	at app//org.junit.platform.engine.support.hierarchical.NodeTestTask.lambda$executeRecursively$9(NodeTestTask.java:139)
	at app//org.junit.platform.engine.support.hierarchical.ThrowableCollector.execute(ThrowableCollector.java:73)
	at app//org.junit.platform.engine.support.hierarchical.NodeTestTask.executeRecursively(NodeTestTask.java:138)
	at app//org.junit.platform.engine.support.hierarchical.NodeTestTask.execute(NodeTestTask.java:95)
	at java.base@11.0.18/java.util.ArrayList.forEach(ArrayList.java:1541)
	at app//org.junit.platform.engine.support.hierarchical.SameThreadHierarchicalTestExecutorService.invokeAll(SameThreadHierarchicalTestExecutorService.java:41)
	at app//org.junit.platform.engine.support.hierarchical.NodeTestTask.lambda$executeRecursively$6(NodeTestTask.java:155)
	at app//org.junit.platform.engine.support.hierarchical.ThrowableCollector.execute(ThrowableCollector.java:73)
	at app//org.junit.platform.engine.support.hierarchical.NodeTestTask.lambda$executeRecursively$8(NodeTestTask.java:141)
	at app//org.junit.platform.engine.support.hierarchical.Node.around(Node.java:137)
	at app//org.junit.platform.engine.support.hierarchical.NodeTestTask.lambda$executeRecursively$9(NodeTestTask.java:139)
	at app//org.junit.platform.engine.support.hierarchical.ThrowableCollector.execute(ThrowableCollector.java:73)
	at app//org.junit.platform.engine.support.hierarchical.NodeTestTask.executeRecursively(NodeTestTask.java:138)
	at app//org.junit.platform.engine.support.hierarchical.NodeTestTask.execute(NodeTestTask.java:95)
	at java.base@11.0.18/java.util.ArrayList.forEach(ArrayList.java:1541)
	at app//org.junit.platform.engine.support.hierarchical.SameThreadHierarchicalTestExecutorService.invokeAll(SameThreadHierarchicalTestExecutorService.java:41)
	at app//org.junit.platform.engine.support.hierarchical.NodeTestTask.lambda$executeRecursively$6(NodeTestTask.java:155)
	at app//org.junit.platform.engine.support.hierarchical.ThrowableCollector.execute(ThrowableCollector.java:73)
	at app//org.junit.platform.engine.support.hierarchical.NodeTestTask.lambda$executeRecursively$8(NodeTestTask.java:141)
	at app//org.junit.platform.engine.support.hierarchical.Node.around(Node.java:137)
	at app//org.junit.platform.engine.support.hierarchical.NodeTestTask.lambda$executeRecursively$9(NodeTestTask.java:139)
	at app//org.junit.platform.engine.support.hierarchical.ThrowableCollector.execute(ThrowableCollector.java:73)
	at app//org.junit.platform.engine.support.hierarchical.NodeTestTask.executeRecursively(NodeTestTask.java:138)
	at app//org.junit.platform.engine.support.hierarchical.NodeTestTask.execute(NodeTestTask.java:95)
	at app//org.junit.platform.engine.support.hierarchical.SameThreadHierarchicalTestExecutorService.submit(SameThreadHierarchicalTestExecutorService.java:35)
	at app//org.junit.platform.engine.support.hierarchical.HierarchicalTestExecutor.execute(HierarchicalTestExecutor.java:57)
	at app//org.junit.platform.engine.support.hierarchical.HierarchicalTestEngine.execute(HierarchicalTestEngine.java:54)
	at org.junit.platform.launcher.core.EngineExecutionOrchestrator.execute(EngineExecutionOrchestrator.java:107)
	at org.junit.platform.launcher.core.EngineExecutionOrchestrator.execute(EngineExecutionOrchestrator.java:88)
	at org.junit.platform.launcher.core.EngineExecutionOrchestrator.lambda$execute$0(EngineExecutionOrchestrator.java:54)
	at org.junit.platform.launcher.core.EngineExecutionOrchestrator.withInterceptedStreams(EngineExecutionOrchestrator.java:67)
	at org.junit.platform.launcher.core.EngineExecutionOrchestrator.execute(EngineExecutionOrchestrator.java:52)
	at org.junit.platform.launcher.core.DefaultLauncher.execute(DefaultLauncher.java:114)
	at org.junit.platform.launcher.core.DefaultLauncher.execute(DefaultLauncher.java:86)
	at org.junit.platform.launcher.core.DefaultLauncherSession$DelegatingLauncher.execute(DefaultLauncherSession.java:86)
	at org.junit.platform.launcher.core.SessionPerRequestLauncher.execute(SessionPerRequestLauncher.java:53)
	at org.gradle.api.internal.tasks.testing.junitplatform.JUnitPlatformTestClassProcessor$CollectAllTestClassesExecutor.processAllTestClasses(JUnitPlatformTestClassProcessor.java:99)
	at org.gradle.api.internal.tasks.testing.junitplatform.JUnitPlatformTestClassProcessor$CollectAllTestClassesExecutor.access$000(JUnitPlatformTestClassProcessor.java:79)
	at org.gradle.api.internal.tasks.testing.junitplatform.JUnitPlatformTestClassProcessor.stop(JUnitPlatformTestClassProcessor.java:75)
	at org.gradle.api.internal.tasks.testing.SuiteTestClassProcessor.stop(SuiteTestClassProcessor.java:62)
	at java.base@11.0.18/jdk.internal.reflect.NativeMethodAccessorImpl.invoke0(Native Method)
	at java.base@11.0.18/jdk.internal.reflect.NativeMethodAccessorImpl.invoke(NativeMethodAccessorImpl.java:62)
	at java.base@11.0.18/jdk.internal.reflect.DelegatingMethodAccessorImpl.invoke(DelegatingMethodAccessorImpl.java:43)
	at java.base@11.0.18/java.lang.reflect.Method.invoke(Method.java:566)
	at org.gradle.internal.dispatch.ReflectionDispatch.dispatch(ReflectionDispatch.java:36)
	at org.gradle.internal.dispatch.ReflectionDispatch.dispatch(ReflectionDispatch.java:24)
	at org.gradle.internal.dispatch.ContextClassLoaderDispatch.dispatch(ContextClassLoaderDispatch.java:33)
	at org.gradle.internal.dispatch.ProxyDispatchAdapter$DispatchingInvocationHandler.invoke(ProxyDispatchAdapter.java:94)
	at com.sun.proxy.$Proxy2.stop(Unknown Source)
	at org.gradle.api.internal.tasks.testing.worker.TestWorker$3.run(TestWorker.java:193)
	at org.gradle.api.internal.tasks.testing.worker.TestWorker.executeAndMaintainThreadName(TestWorker.java:129)
	at org.gradle.api.internal.tasks.testing.worker.TestWorker.execute(TestWorker.java:100)
	at org.gradle.api.internal.tasks.testing.worker.TestWorker.execute(TestWorker.java:60)
	at org.gradle.process.internal.worker.child.ActionExecutionWorker.execute(ActionExecutionWorker.java:56)
	at org.gradle.process.internal.worker.child.SystemApplicationClassLoaderWorker.call(SystemApplicationClassLoaderWorker.java:113)
	at org.gradle.process.internal.worker.child.SystemApplicationClassLoaderWorker.call(SystemApplicationClassLoaderWorker.java:65)
	at app//worker.org.gradle.process.internal.worker.GradleWorkerMain.run(GradleWorkerMain.java:69)
	at app//worker.org.gradle.process.internal.worker.GradleWorkerMain.main(GradleWorkerMain.java:74)
</failure>
  </testcase>
  <testcase name="blockContracts" classname="de.uka.ilkd.key.proof.runallproofs.RunAllProofsFunctional" time="1.29">
    <failure message="org.opentest4j.AssertionFailedError: Executed process terminated with non-zero exit value. ==&gt; expected: &lt;0&gt; but was: &lt;1&gt;" type="org.opentest4j.AssertionFailedError">org.opentest4j.AssertionFailedError: Executed process terminated with non-zero exit value. ==&gt; expected: &lt;0&gt; but was: &lt;1&gt;
	at app//org.junit.jupiter.api.AssertionUtils.fail(AssertionUtils.java:55)
	at app//org.junit.jupiter.api.AssertionUtils.failNotEqual(AssertionUtils.java:62)
	at app//org.junit.jupiter.api.AssertEquals.assertEquals(AssertEquals.java:150)
	at app//org.junit.jupiter.api.Assertions.assertEquals(Assertions.java:559)
	at app//de.uka.ilkd.key.proof.runallproofs.proofcollection.ForkedTestFileRunner.processTestFiles(ForkedTestFileRunner.java:129)
	at app//de.uka.ilkd.key.proof.runallproofs.RunAllProofsTestUnit.runTest(RunAllProofsTestUnit.java:85)
	at app//de.uka.ilkd.key.proof.runallproofs.RunAllProofsTest.lambda$data$0(RunAllProofsTest.java:83)
	at app//org.junit.jupiter.engine.descriptor.DynamicTestTestDescriptor.lambda$execute$0(DynamicTestTestDescriptor.java:53)
	at app//org.junit.jupiter.engine.execution.InvocationInterceptorChain$ValidatingInvocation.proceed(InvocationInterceptorChain.java:131)
	at app//org.junit.jupiter.api.extension.InvocationInterceptor.interceptDynamicTest(InvocationInterceptor.java:167)
	at app//org.junit.jupiter.api.extension.InvocationInterceptor.interceptDynamicTest(InvocationInterceptor.java:184)
	at app//org.junit.jupiter.engine.descriptor.DynamicTestTestDescriptor.lambda$execute$1(DynamicTestTestDescriptor.java:61)
	at app//org.junit.jupiter.engine.execution.InvocationInterceptorChain$InterceptorCall.lambda$ofVoid$0(InvocationInterceptorChain.java:78)
	at app//org.junit.jupiter.engine.execution.InvocationInterceptorChain$InterceptedInvocation.proceed(InvocationInterceptorChain.java:106)
	at app//org.junit.jupiter.engine.execution.InvocationInterceptorChain.proceed(InvocationInterceptorChain.java:64)
	at app//org.junit.jupiter.engine.execution.InvocationInterceptorChain.chainAndInvoke(InvocationInterceptorChain.java:45)
	at app//org.junit.jupiter.engine.execution.InvocationInterceptorChain.invoke(InvocationInterceptorChain.java:37)
	at app//org.junit.jupiter.engine.descriptor.DynamicTestTestDescriptor.execute(DynamicTestTestDescriptor.java:60)
	at app//org.junit.jupiter.engine.descriptor.DynamicTestTestDescriptor.execute(DynamicTestTestDescriptor.java:32)
	at app//org.junit.platform.engine.support.hierarchical.NodeTestTask.lambda$executeRecursively$6(NodeTestTask.java:151)
	at app//org.junit.platform.engine.support.hierarchical.ThrowableCollector.execute(ThrowableCollector.java:73)
	at app//org.junit.platform.engine.support.hierarchical.NodeTestTask.lambda$executeRecursively$8(NodeTestTask.java:141)
	at app//org.junit.platform.engine.support.hierarchical.Node.around(Node.java:137)
	at app//org.junit.platform.engine.support.hierarchical.NodeTestTask.lambda$executeRecursively$9(NodeTestTask.java:139)
	at app//org.junit.platform.engine.support.hierarchical.ThrowableCollector.execute(ThrowableCollector.java:73)
	at app//org.junit.platform.engine.support.hierarchical.NodeTestTask.executeRecursively(NodeTestTask.java:138)
	at app//org.junit.platform.engine.support.hierarchical.NodeTestTask.execute(NodeTestTask.java:95)
	at app//org.junit.platform.engine.support.hierarchical.SameThreadHierarchicalTestExecutorService.submit(SameThreadHierarchicalTestExecutorService.java:35)
	at app//org.junit.platform.engine.support.hierarchical.NodeTestTask$DefaultDynamicTestExecutor.execute(NodeTestTask.java:226)
	at app//org.junit.platform.engine.support.hierarchical.NodeTestTask$DefaultDynamicTestExecutor.execute(NodeTestTask.java:204)
	at java.base@11.0.18/java.util.Optional.ifPresent(Optional.java:183)
	at app//org.junit.jupiter.engine.descriptor.TestFactoryTestDescriptor.lambda$invokeTestMethod$1(TestFactoryTestDescriptor.java:108)
	at app//org.junit.platform.engine.support.hierarchical.ThrowableCollector.execute(ThrowableCollector.java:73)
	at app//org.junit.jupiter.engine.descriptor.TestFactoryTestDescriptor.invokeTestMethod(TestFactoryTestDescriptor.java:95)
	at app//org.junit.jupiter.engine.descriptor.TestMethodTestDescriptor.execute(TestMethodTestDescriptor.java:135)
	at app//org.junit.jupiter.engine.descriptor.TestMethodTestDescriptor.execute(TestMethodTestDescriptor.java:66)
	at app//org.junit.platform.engine.support.hierarchical.NodeTestTask.lambda$executeRecursively$6(NodeTestTask.java:151)
	at app//org.junit.platform.engine.support.hierarchical.ThrowableCollector.execute(ThrowableCollector.java:73)
	at app//org.junit.platform.engine.support.hierarchical.NodeTestTask.lambda$executeRecursively$8(NodeTestTask.java:141)
	at app//org.junit.platform.engine.support.hierarchical.Node.around(Node.java:137)
	at app//org.junit.platform.engine.support.hierarchical.NodeTestTask.lambda$executeRecursively$9(NodeTestTask.java:139)
	at app//org.junit.platform.engine.support.hierarchical.ThrowableCollector.execute(ThrowableCollector.java:73)
	at app//org.junit.platform.engine.support.hierarchical.NodeTestTask.executeRecursively(NodeTestTask.java:138)
	at app//org.junit.platform.engine.support.hierarchical.NodeTestTask.execute(NodeTestTask.java:95)
	at java.base@11.0.18/java.util.ArrayList.forEach(ArrayList.java:1541)
	at app//org.junit.platform.engine.support.hierarchical.SameThreadHierarchicalTestExecutorService.invokeAll(SameThreadHierarchicalTestExecutorService.java:41)
	at app//org.junit.platform.engine.support.hierarchical.NodeTestTask.lambda$executeRecursively$6(NodeTestTask.java:155)
	at app//org.junit.platform.engine.support.hierarchical.ThrowableCollector.execute(ThrowableCollector.java:73)
	at app//org.junit.platform.engine.support.hierarchical.NodeTestTask.lambda$executeRecursively$8(NodeTestTask.java:141)
	at app//org.junit.platform.engine.support.hierarchical.Node.around(Node.java:137)
	at app//org.junit.platform.engine.support.hierarchical.NodeTestTask.lambda$executeRecursively$9(NodeTestTask.java:139)
	at app//org.junit.platform.engine.support.hierarchical.ThrowableCollector.execute(ThrowableCollector.java:73)
	at app//org.junit.platform.engine.support.hierarchical.NodeTestTask.executeRecursively(NodeTestTask.java:138)
	at app//org.junit.platform.engine.support.hierarchical.NodeTestTask.execute(NodeTestTask.java:95)
	at java.base@11.0.18/java.util.ArrayList.forEach(ArrayList.java:1541)
	at app//org.junit.platform.engine.support.hierarchical.SameThreadHierarchicalTestExecutorService.invokeAll(SameThreadHierarchicalTestExecutorService.java:41)
	at app//org.junit.platform.engine.support.hierarchical.NodeTestTask.lambda$executeRecursively$6(NodeTestTask.java:155)
	at app//org.junit.platform.engine.support.hierarchical.ThrowableCollector.execute(ThrowableCollector.java:73)
	at app//org.junit.platform.engine.support.hierarchical.NodeTestTask.lambda$executeRecursively$8(NodeTestTask.java:141)
	at app//org.junit.platform.engine.support.hierarchical.Node.around(Node.java:137)
	at app//org.junit.platform.engine.support.hierarchical.NodeTestTask.lambda$executeRecursively$9(NodeTestTask.java:139)
	at app//org.junit.platform.engine.support.hierarchical.ThrowableCollector.execute(ThrowableCollector.java:73)
	at app//org.junit.platform.engine.support.hierarchical.NodeTestTask.executeRecursively(NodeTestTask.java:138)
	at app//org.junit.platform.engine.support.hierarchical.NodeTestTask.execute(NodeTestTask.java:95)
	at app//org.junit.platform.engine.support.hierarchical.SameThreadHierarchicalTestExecutorService.submit(SameThreadHierarchicalTestExecutorService.java:35)
	at app//org.junit.platform.engine.support.hierarchical.HierarchicalTestExecutor.execute(HierarchicalTestExecutor.java:57)
	at app//org.junit.platform.engine.support.hierarchical.HierarchicalTestEngine.execute(HierarchicalTestEngine.java:54)
	at org.junit.platform.launcher.core.EngineExecutionOrchestrator.execute(EngineExecutionOrchestrator.java:107)
	at org.junit.platform.launcher.core.EngineExecutionOrchestrator.execute(EngineExecutionOrchestrator.java:88)
	at org.junit.platform.launcher.core.EngineExecutionOrchestrator.lambda$execute$0(EngineExecutionOrchestrator.java:54)
	at org.junit.platform.launcher.core.EngineExecutionOrchestrator.withInterceptedStreams(EngineExecutionOrchestrator.java:67)
	at org.junit.platform.launcher.core.EngineExecutionOrchestrator.execute(EngineExecutionOrchestrator.java:52)
	at org.junit.platform.launcher.core.DefaultLauncher.execute(DefaultLauncher.java:114)
	at org.junit.platform.launcher.core.DefaultLauncher.execute(DefaultLauncher.java:86)
	at org.junit.platform.launcher.core.DefaultLauncherSession$DelegatingLauncher.execute(DefaultLauncherSession.java:86)
	at org.junit.platform.launcher.core.SessionPerRequestLauncher.execute(SessionPerRequestLauncher.java:53)
	at org.gradle.api.internal.tasks.testing.junitplatform.JUnitPlatformTestClassProcessor$CollectAllTestClassesExecutor.processAllTestClasses(JUnitPlatformTestClassProcessor.java:99)
	at org.gradle.api.internal.tasks.testing.junitplatform.JUnitPlatformTestClassProcessor$CollectAllTestClassesExecutor.access$000(JUnitPlatformTestClassProcessor.java:79)
	at org.gradle.api.internal.tasks.testing.junitplatform.JUnitPlatformTestClassProcessor.stop(JUnitPlatformTestClassProcessor.java:75)
	at org.gradle.api.internal.tasks.testing.SuiteTestClassProcessor.stop(SuiteTestClassProcessor.java:62)
	at java.base@11.0.18/jdk.internal.reflect.NativeMethodAccessorImpl.invoke0(Native Method)
	at java.base@11.0.18/jdk.internal.reflect.NativeMethodAccessorImpl.invoke(NativeMethodAccessorImpl.java:62)
	at java.base@11.0.18/jdk.internal.reflect.DelegatingMethodAccessorImpl.invoke(DelegatingMethodAccessorImpl.java:43)
	at java.base@11.0.18/java.lang.reflect.Method.invoke(Method.java:566)
	at org.gradle.internal.dispatch.ReflectionDispatch.dispatch(ReflectionDispatch.java:36)
	at org.gradle.internal.dispatch.ReflectionDispatch.dispatch(ReflectionDispatch.java:24)
	at org.gradle.internal.dispatch.ContextClassLoaderDispatch.dispatch(ContextClassLoaderDispatch.java:33)
	at org.gradle.internal.dispatch.ProxyDispatchAdapter$DispatchingInvocationHandler.invoke(ProxyDispatchAdapter.java:94)
	at com.sun.proxy.$Proxy2.stop(Unknown Source)
	at org.gradle.api.internal.tasks.testing.worker.TestWorker$3.run(TestWorker.java:193)
	at org.gradle.api.internal.tasks.testing.worker.TestWorker.executeAndMaintainThreadName(TestWorker.java:129)
	at org.gradle.api.internal.tasks.testing.worker.TestWorker.execute(TestWorker.java:100)
	at org.gradle.api.internal.tasks.testing.worker.TestWorker.execute(TestWorker.java:60)
	at org.gradle.process.internal.worker.child.ActionExecutionWorker.execute(ActionExecutionWorker.java:56)
	at org.gradle.process.internal.worker.child.SystemApplicationClassLoaderWorker.call(SystemApplicationClassLoaderWorker.java:113)
	at org.gradle.process.internal.worker.child.SystemApplicationClassLoaderWorker.call(SystemApplicationClassLoaderWorker.java:65)
	at app//worker.org.gradle.process.internal.worker.GradleWorkerMain.run(GradleWorkerMain.java:69)
	at app//worker.org.gradle.process.internal.worker.GradleWorkerMain.main(GradleWorkerMain.java:74)
</failure>
  </testcase>
  <testcase name="jmlAsserts" classname="de.uka.ilkd.key.proof.runallproofs.RunAllProofsFunctional" time="1.104">
    <failure message="org.opentest4j.AssertionFailedError: Executed process terminated with non-zero exit value. ==&gt; expected: &lt;0&gt; but was: &lt;1&gt;" type="org.opentest4j.AssertionFailedError">org.opentest4j.AssertionFailedError: Executed process terminated with non-zero exit value. ==&gt; expected: &lt;0&gt; but was: &lt;1&gt;
	at app//org.junit.jupiter.api.AssertionUtils.fail(AssertionUtils.java:55)
	at app//org.junit.jupiter.api.AssertionUtils.failNotEqual(AssertionUtils.java:62)
	at app//org.junit.jupiter.api.AssertEquals.assertEquals(AssertEquals.java:150)
	at app//org.junit.jupiter.api.Assertions.assertEquals(Assertions.java:559)
	at app//de.uka.ilkd.key.proof.runallproofs.proofcollection.ForkedTestFileRunner.processTestFiles(ForkedTestFileRunner.java:129)
	at app//de.uka.ilkd.key.proof.runallproofs.RunAllProofsTestUnit.runTest(RunAllProofsTestUnit.java:85)
	at app//de.uka.ilkd.key.proof.runallproofs.RunAllProofsTest.lambda$data$0(RunAllProofsTest.java:83)
	at app//org.junit.jupiter.engine.descriptor.DynamicTestTestDescriptor.lambda$execute$0(DynamicTestTestDescriptor.java:53)
	at app//org.junit.jupiter.engine.execution.InvocationInterceptorChain$ValidatingInvocation.proceed(InvocationInterceptorChain.java:131)
	at app//org.junit.jupiter.api.extension.InvocationInterceptor.interceptDynamicTest(InvocationInterceptor.java:167)
	at app//org.junit.jupiter.api.extension.InvocationInterceptor.interceptDynamicTest(InvocationInterceptor.java:184)
	at app//org.junit.jupiter.engine.descriptor.DynamicTestTestDescriptor.lambda$execute$1(DynamicTestTestDescriptor.java:61)
	at app//org.junit.jupiter.engine.execution.InvocationInterceptorChain$InterceptorCall.lambda$ofVoid$0(InvocationInterceptorChain.java:78)
	at app//org.junit.jupiter.engine.execution.InvocationInterceptorChain$InterceptedInvocation.proceed(InvocationInterceptorChain.java:106)
	at app//org.junit.jupiter.engine.execution.InvocationInterceptorChain.proceed(InvocationInterceptorChain.java:64)
	at app//org.junit.jupiter.engine.execution.InvocationInterceptorChain.chainAndInvoke(InvocationInterceptorChain.java:45)
	at app//org.junit.jupiter.engine.execution.InvocationInterceptorChain.invoke(InvocationInterceptorChain.java:37)
	at app//org.junit.jupiter.engine.descriptor.DynamicTestTestDescriptor.execute(DynamicTestTestDescriptor.java:60)
	at app//org.junit.jupiter.engine.descriptor.DynamicTestTestDescriptor.execute(DynamicTestTestDescriptor.java:32)
	at app//org.junit.platform.engine.support.hierarchical.NodeTestTask.lambda$executeRecursively$6(NodeTestTask.java:151)
	at app//org.junit.platform.engine.support.hierarchical.ThrowableCollector.execute(ThrowableCollector.java:73)
	at app//org.junit.platform.engine.support.hierarchical.NodeTestTask.lambda$executeRecursively$8(NodeTestTask.java:141)
	at app//org.junit.platform.engine.support.hierarchical.Node.around(Node.java:137)
	at app//org.junit.platform.engine.support.hierarchical.NodeTestTask.lambda$executeRecursively$9(NodeTestTask.java:139)
	at app//org.junit.platform.engine.support.hierarchical.ThrowableCollector.execute(ThrowableCollector.java:73)
	at app//org.junit.platform.engine.support.hierarchical.NodeTestTask.executeRecursively(NodeTestTask.java:138)
	at app//org.junit.platform.engine.support.hierarchical.NodeTestTask.execute(NodeTestTask.java:95)
	at app//org.junit.platform.engine.support.hierarchical.SameThreadHierarchicalTestExecutorService.submit(SameThreadHierarchicalTestExecutorService.java:35)
	at app//org.junit.platform.engine.support.hierarchical.NodeTestTask$DefaultDynamicTestExecutor.execute(NodeTestTask.java:226)
	at app//org.junit.platform.engine.support.hierarchical.NodeTestTask$DefaultDynamicTestExecutor.execute(NodeTestTask.java:204)
	at java.base@11.0.18/java.util.Optional.ifPresent(Optional.java:183)
	at app//org.junit.jupiter.engine.descriptor.TestFactoryTestDescriptor.lambda$invokeTestMethod$1(TestFactoryTestDescriptor.java:108)
	at app//org.junit.platform.engine.support.hierarchical.ThrowableCollector.execute(ThrowableCollector.java:73)
	at app//org.junit.jupiter.engine.descriptor.TestFactoryTestDescriptor.invokeTestMethod(TestFactoryTestDescriptor.java:95)
	at app//org.junit.jupiter.engine.descriptor.TestMethodTestDescriptor.execute(TestMethodTestDescriptor.java:135)
	at app//org.junit.jupiter.engine.descriptor.TestMethodTestDescriptor.execute(TestMethodTestDescriptor.java:66)
	at app//org.junit.platform.engine.support.hierarchical.NodeTestTask.lambda$executeRecursively$6(NodeTestTask.java:151)
	at app//org.junit.platform.engine.support.hierarchical.ThrowableCollector.execute(ThrowableCollector.java:73)
	at app//org.junit.platform.engine.support.hierarchical.NodeTestTask.lambda$executeRecursively$8(NodeTestTask.java:141)
	at app//org.junit.platform.engine.support.hierarchical.Node.around(Node.java:137)
	at app//org.junit.platform.engine.support.hierarchical.NodeTestTask.lambda$executeRecursively$9(NodeTestTask.java:139)
	at app//org.junit.platform.engine.support.hierarchical.ThrowableCollector.execute(ThrowableCollector.java:73)
	at app//org.junit.platform.engine.support.hierarchical.NodeTestTask.executeRecursively(NodeTestTask.java:138)
	at app//org.junit.platform.engine.support.hierarchical.NodeTestTask.execute(NodeTestTask.java:95)
	at java.base@11.0.18/java.util.ArrayList.forEach(ArrayList.java:1541)
	at app//org.junit.platform.engine.support.hierarchical.SameThreadHierarchicalTestExecutorService.invokeAll(SameThreadHierarchicalTestExecutorService.java:41)
	at app//org.junit.platform.engine.support.hierarchical.NodeTestTask.lambda$executeRecursively$6(NodeTestTask.java:155)
	at app//org.junit.platform.engine.support.hierarchical.ThrowableCollector.execute(ThrowableCollector.java:73)
	at app//org.junit.platform.engine.support.hierarchical.NodeTestTask.lambda$executeRecursively$8(NodeTestTask.java:141)
	at app//org.junit.platform.engine.support.hierarchical.Node.around(Node.java:137)
	at app//org.junit.platform.engine.support.hierarchical.NodeTestTask.lambda$executeRecursively$9(NodeTestTask.java:139)
	at app//org.junit.platform.engine.support.hierarchical.ThrowableCollector.execute(ThrowableCollector.java:73)
	at app//org.junit.platform.engine.support.hierarchical.NodeTestTask.executeRecursively(NodeTestTask.java:138)
	at app//org.junit.platform.engine.support.hierarchical.NodeTestTask.execute(NodeTestTask.java:95)
	at java.base@11.0.18/java.util.ArrayList.forEach(ArrayList.java:1541)
	at app//org.junit.platform.engine.support.hierarchical.SameThreadHierarchicalTestExecutorService.invokeAll(SameThreadHierarchicalTestExecutorService.java:41)
	at app//org.junit.platform.engine.support.hierarchical.NodeTestTask.lambda$executeRecursively$6(NodeTestTask.java:155)
	at app//org.junit.platform.engine.support.hierarchical.ThrowableCollector.execute(ThrowableCollector.java:73)
	at app//org.junit.platform.engine.support.hierarchical.NodeTestTask.lambda$executeRecursively$8(NodeTestTask.java:141)
	at app//org.junit.platform.engine.support.hierarchical.Node.around(Node.java:137)
	at app//org.junit.platform.engine.support.hierarchical.NodeTestTask.lambda$executeRecursively$9(NodeTestTask.java:139)
	at app//org.junit.platform.engine.support.hierarchical.ThrowableCollector.execute(ThrowableCollector.java:73)
	at app//org.junit.platform.engine.support.hierarchical.NodeTestTask.executeRecursively(NodeTestTask.java:138)
	at app//org.junit.platform.engine.support.hierarchical.NodeTestTask.execute(NodeTestTask.java:95)
	at app//org.junit.platform.engine.support.hierarchical.SameThreadHierarchicalTestExecutorService.submit(SameThreadHierarchicalTestExecutorService.java:35)
	at app//org.junit.platform.engine.support.hierarchical.HierarchicalTestExecutor.execute(HierarchicalTestExecutor.java:57)
	at app//org.junit.platform.engine.support.hierarchical.HierarchicalTestEngine.execute(HierarchicalTestEngine.java:54)
	at org.junit.platform.launcher.core.EngineExecutionOrchestrator.execute(EngineExecutionOrchestrator.java:107)
	at org.junit.platform.launcher.core.EngineExecutionOrchestrator.execute(EngineExecutionOrchestrator.java:88)
	at org.junit.platform.launcher.core.EngineExecutionOrchestrator.lambda$execute$0(EngineExecutionOrchestrator.java:54)
	at org.junit.platform.launcher.core.EngineExecutionOrchestrator.withInterceptedStreams(EngineExecutionOrchestrator.java:67)
	at org.junit.platform.launcher.core.EngineExecutionOrchestrator.execute(EngineExecutionOrchestrator.java:52)
	at org.junit.platform.launcher.core.DefaultLauncher.execute(DefaultLauncher.java:114)
	at org.junit.platform.launcher.core.DefaultLauncher.execute(DefaultLauncher.java:86)
	at org.junit.platform.launcher.core.DefaultLauncherSession$DelegatingLauncher.execute(DefaultLauncherSession.java:86)
	at org.junit.platform.launcher.core.SessionPerRequestLauncher.execute(SessionPerRequestLauncher.java:53)
	at org.gradle.api.internal.tasks.testing.junitplatform.JUnitPlatformTestClassProcessor$CollectAllTestClassesExecutor.processAllTestClasses(JUnitPlatformTestClassProcessor.java:99)
	at org.gradle.api.internal.tasks.testing.junitplatform.JUnitPlatformTestClassProcessor$CollectAllTestClassesExecutor.access$000(JUnitPlatformTestClassProcessor.java:79)
	at org.gradle.api.internal.tasks.testing.junitplatform.JUnitPlatformTestClassProcessor.stop(JUnitPlatformTestClassProcessor.java:75)
	at org.gradle.api.internal.tasks.testing.SuiteTestClassProcessor.stop(SuiteTestClassProcessor.java:62)
	at java.base@11.0.18/jdk.internal.reflect.NativeMethodAccessorImpl.invoke0(Native Method)
	at java.base@11.0.18/jdk.internal.reflect.NativeMethodAccessorImpl.invoke(NativeMethodAccessorImpl.java:62)
	at java.base@11.0.18/jdk.internal.reflect.DelegatingMethodAccessorImpl.invoke(DelegatingMethodAccessorImpl.java:43)
	at java.base@11.0.18/java.lang.reflect.Method.invoke(Method.java:566)
	at org.gradle.internal.dispatch.ReflectionDispatch.dispatch(ReflectionDispatch.java:36)
	at org.gradle.internal.dispatch.ReflectionDispatch.dispatch(ReflectionDispatch.java:24)
	at org.gradle.internal.dispatch.ContextClassLoaderDispatch.dispatch(ContextClassLoaderDispatch.java:33)
	at org.gradle.internal.dispatch.ProxyDispatchAdapter$DispatchingInvocationHandler.invoke(ProxyDispatchAdapter.java:94)
	at com.sun.proxy.$Proxy2.stop(Unknown Source)
	at org.gradle.api.internal.tasks.testing.worker.TestWorker$3.run(TestWorker.java:193)
	at org.gradle.api.internal.tasks.testing.worker.TestWorker.executeAndMaintainThreadName(TestWorker.java:129)
	at org.gradle.api.internal.tasks.testing.worker.TestWorker.execute(TestWorker.java:100)
	at org.gradle.api.internal.tasks.testing.worker.TestWorker.execute(TestWorker.java:60)
	at org.gradle.process.internal.worker.child.ActionExecutionWorker.execute(ActionExecutionWorker.java:56)
	at org.gradle.process.internal.worker.child.SystemApplicationClassLoaderWorker.call(SystemApplicationClassLoaderWorker.java:113)
	at org.gradle.process.internal.worker.child.SystemApplicationClassLoaderWorker.call(SystemApplicationClassLoaderWorker.java:65)
	at app//worker.org.gradle.process.internal.worker.GradleWorkerMain.run(GradleWorkerMain.java:69)
	at app//worker.org.gradle.process.internal.worker.GradleWorkerMain.main(GradleWorkerMain.java:74)
</failure>
  </testcase>
  <testcase name="javaCard" classname="de.uka.ilkd.key.proof.runallproofs.RunAllProofsFunctional" time="0.92">
    <failure message="org.opentest4j.AssertionFailedError: Executed process terminated with non-zero exit value. ==&gt; expected: &lt;0&gt; but was: &lt;1&gt;" type="org.opentest4j.AssertionFailedError">org.opentest4j.AssertionFailedError: Executed process terminated with non-zero exit value. ==&gt; expected: &lt;0&gt; but was: &lt;1&gt;
	at app//org.junit.jupiter.api.AssertionUtils.fail(AssertionUtils.java:55)
	at app//org.junit.jupiter.api.AssertionUtils.failNotEqual(AssertionUtils.java:62)
	at app//org.junit.jupiter.api.AssertEquals.assertEquals(AssertEquals.java:150)
	at app//org.junit.jupiter.api.Assertions.assertEquals(Assertions.java:559)
	at app//de.uka.ilkd.key.proof.runallproofs.proofcollection.ForkedTestFileRunner.processTestFiles(ForkedTestFileRunner.java:129)
	at app//de.uka.ilkd.key.proof.runallproofs.RunAllProofsTestUnit.runTest(RunAllProofsTestUnit.java:85)
	at app//de.uka.ilkd.key.proof.runallproofs.RunAllProofsTest.lambda$data$0(RunAllProofsTest.java:83)
	at app//org.junit.jupiter.engine.descriptor.DynamicTestTestDescriptor.lambda$execute$0(DynamicTestTestDescriptor.java:53)
	at app//org.junit.jupiter.engine.execution.InvocationInterceptorChain$ValidatingInvocation.proceed(InvocationInterceptorChain.java:131)
	at app//org.junit.jupiter.api.extension.InvocationInterceptor.interceptDynamicTest(InvocationInterceptor.java:167)
	at app//org.junit.jupiter.api.extension.InvocationInterceptor.interceptDynamicTest(InvocationInterceptor.java:184)
	at app//org.junit.jupiter.engine.descriptor.DynamicTestTestDescriptor.lambda$execute$1(DynamicTestTestDescriptor.java:61)
	at app//org.junit.jupiter.engine.execution.InvocationInterceptorChain$InterceptorCall.lambda$ofVoid$0(InvocationInterceptorChain.java:78)
	at app//org.junit.jupiter.engine.execution.InvocationInterceptorChain$InterceptedInvocation.proceed(InvocationInterceptorChain.java:106)
	at app//org.junit.jupiter.engine.execution.InvocationInterceptorChain.proceed(InvocationInterceptorChain.java:64)
	at app//org.junit.jupiter.engine.execution.InvocationInterceptorChain.chainAndInvoke(InvocationInterceptorChain.java:45)
	at app//org.junit.jupiter.engine.execution.InvocationInterceptorChain.invoke(InvocationInterceptorChain.java:37)
	at app//org.junit.jupiter.engine.descriptor.DynamicTestTestDescriptor.execute(DynamicTestTestDescriptor.java:60)
	at app//org.junit.jupiter.engine.descriptor.DynamicTestTestDescriptor.execute(DynamicTestTestDescriptor.java:32)
	at app//org.junit.platform.engine.support.hierarchical.NodeTestTask.lambda$executeRecursively$6(NodeTestTask.java:151)
	at app//org.junit.platform.engine.support.hierarchical.ThrowableCollector.execute(ThrowableCollector.java:73)
	at app//org.junit.platform.engine.support.hierarchical.NodeTestTask.lambda$executeRecursively$8(NodeTestTask.java:141)
	at app//org.junit.platform.engine.support.hierarchical.Node.around(Node.java:137)
	at app//org.junit.platform.engine.support.hierarchical.NodeTestTask.lambda$executeRecursively$9(NodeTestTask.java:139)
	at app//org.junit.platform.engine.support.hierarchical.ThrowableCollector.execute(ThrowableCollector.java:73)
	at app//org.junit.platform.engine.support.hierarchical.NodeTestTask.executeRecursively(NodeTestTask.java:138)
	at app//org.junit.platform.engine.support.hierarchical.NodeTestTask.execute(NodeTestTask.java:95)
	at app//org.junit.platform.engine.support.hierarchical.SameThreadHierarchicalTestExecutorService.submit(SameThreadHierarchicalTestExecutorService.java:35)
	at app//org.junit.platform.engine.support.hierarchical.NodeTestTask$DefaultDynamicTestExecutor.execute(NodeTestTask.java:226)
	at app//org.junit.platform.engine.support.hierarchical.NodeTestTask$DefaultDynamicTestExecutor.execute(NodeTestTask.java:204)
	at java.base@11.0.18/java.util.Optional.ifPresent(Optional.java:183)
	at app//org.junit.jupiter.engine.descriptor.TestFactoryTestDescriptor.lambda$invokeTestMethod$1(TestFactoryTestDescriptor.java:108)
	at app//org.junit.platform.engine.support.hierarchical.ThrowableCollector.execute(ThrowableCollector.java:73)
	at app//org.junit.jupiter.engine.descriptor.TestFactoryTestDescriptor.invokeTestMethod(TestFactoryTestDescriptor.java:95)
	at app//org.junit.jupiter.engine.descriptor.TestMethodTestDescriptor.execute(TestMethodTestDescriptor.java:135)
	at app//org.junit.jupiter.engine.descriptor.TestMethodTestDescriptor.execute(TestMethodTestDescriptor.java:66)
	at app//org.junit.platform.engine.support.hierarchical.NodeTestTask.lambda$executeRecursively$6(NodeTestTask.java:151)
	at app//org.junit.platform.engine.support.hierarchical.ThrowableCollector.execute(ThrowableCollector.java:73)
	at app//org.junit.platform.engine.support.hierarchical.NodeTestTask.lambda$executeRecursively$8(NodeTestTask.java:141)
	at app//org.junit.platform.engine.support.hierarchical.Node.around(Node.java:137)
	at app//org.junit.platform.engine.support.hierarchical.NodeTestTask.lambda$executeRecursively$9(NodeTestTask.java:139)
	at app//org.junit.platform.engine.support.hierarchical.ThrowableCollector.execute(ThrowableCollector.java:73)
	at app//org.junit.platform.engine.support.hierarchical.NodeTestTask.executeRecursively(NodeTestTask.java:138)
	at app//org.junit.platform.engine.support.hierarchical.NodeTestTask.execute(NodeTestTask.java:95)
	at java.base@11.0.18/java.util.ArrayList.forEach(ArrayList.java:1541)
	at app//org.junit.platform.engine.support.hierarchical.SameThreadHierarchicalTestExecutorService.invokeAll(SameThreadHierarchicalTestExecutorService.java:41)
	at app//org.junit.platform.engine.support.hierarchical.NodeTestTask.lambda$executeRecursively$6(NodeTestTask.java:155)
	at app//org.junit.platform.engine.support.hierarchical.ThrowableCollector.execute(ThrowableCollector.java:73)
	at app//org.junit.platform.engine.support.hierarchical.NodeTestTask.lambda$executeRecursively$8(NodeTestTask.java:141)
	at app//org.junit.platform.engine.support.hierarchical.Node.around(Node.java:137)
	at app//org.junit.platform.engine.support.hierarchical.NodeTestTask.lambda$executeRecursively$9(NodeTestTask.java:139)
	at app//org.junit.platform.engine.support.hierarchical.ThrowableCollector.execute(ThrowableCollector.java:73)
	at app//org.junit.platform.engine.support.hierarchical.NodeTestTask.executeRecursively(NodeTestTask.java:138)
	at app//org.junit.platform.engine.support.hierarchical.NodeTestTask.execute(NodeTestTask.java:95)
	at java.base@11.0.18/java.util.ArrayList.forEach(ArrayList.java:1541)
	at app//org.junit.platform.engine.support.hierarchical.SameThreadHierarchicalTestExecutorService.invokeAll(SameThreadHierarchicalTestExecutorService.java:41)
	at app//org.junit.platform.engine.support.hierarchical.NodeTestTask.lambda$executeRecursively$6(NodeTestTask.java:155)
	at app//org.junit.platform.engine.support.hierarchical.ThrowableCollector.execute(ThrowableCollector.java:73)
	at app//org.junit.platform.engine.support.hierarchical.NodeTestTask.lambda$executeRecursively$8(NodeTestTask.java:141)
	at app//org.junit.platform.engine.support.hierarchical.Node.around(Node.java:137)
	at app//org.junit.platform.engine.support.hierarchical.NodeTestTask.lambda$executeRecursively$9(NodeTestTask.java:139)
	at app//org.junit.platform.engine.support.hierarchical.ThrowableCollector.execute(ThrowableCollector.java:73)
	at app//org.junit.platform.engine.support.hierarchical.NodeTestTask.executeRecursively(NodeTestTask.java:138)
	at app//org.junit.platform.engine.support.hierarchical.NodeTestTask.execute(NodeTestTask.java:95)
	at app//org.junit.platform.engine.support.hierarchical.SameThreadHierarchicalTestExecutorService.submit(SameThreadHierarchicalTestExecutorService.java:35)
	at app//org.junit.platform.engine.support.hierarchical.HierarchicalTestExecutor.execute(HierarchicalTestExecutor.java:57)
	at app//org.junit.platform.engine.support.hierarchical.HierarchicalTestEngine.execute(HierarchicalTestEngine.java:54)
	at org.junit.platform.launcher.core.EngineExecutionOrchestrator.execute(EngineExecutionOrchestrator.java:107)
	at org.junit.platform.launcher.core.EngineExecutionOrchestrator.execute(EngineExecutionOrchestrator.java:88)
	at org.junit.platform.launcher.core.EngineExecutionOrchestrator.lambda$execute$0(EngineExecutionOrchestrator.java:54)
	at org.junit.platform.launcher.core.EngineExecutionOrchestrator.withInterceptedStreams(EngineExecutionOrchestrator.java:67)
	at org.junit.platform.launcher.core.EngineExecutionOrchestrator.execute(EngineExecutionOrchestrator.java:52)
	at org.junit.platform.launcher.core.DefaultLauncher.execute(DefaultLauncher.java:114)
	at org.junit.platform.launcher.core.DefaultLauncher.execute(DefaultLauncher.java:86)
	at org.junit.platform.launcher.core.DefaultLauncherSession$DelegatingLauncher.execute(DefaultLauncherSession.java:86)
	at org.junit.platform.launcher.core.SessionPerRequestLauncher.execute(SessionPerRequestLauncher.java:53)
	at org.gradle.api.internal.tasks.testing.junitplatform.JUnitPlatformTestClassProcessor$CollectAllTestClassesExecutor.processAllTestClasses(JUnitPlatformTestClassProcessor.java:99)
	at org.gradle.api.internal.tasks.testing.junitplatform.JUnitPlatformTestClassProcessor$CollectAllTestClassesExecutor.access$000(JUnitPlatformTestClassProcessor.java:79)
	at org.gradle.api.internal.tasks.testing.junitplatform.JUnitPlatformTestClassProcessor.stop(JUnitPlatformTestClassProcessor.java:75)
	at org.gradle.api.internal.tasks.testing.SuiteTestClassProcessor.stop(SuiteTestClassProcessor.java:62)
	at java.base@11.0.18/jdk.internal.reflect.NativeMethodAccessorImpl.invoke0(Native Method)
	at java.base@11.0.18/jdk.internal.reflect.NativeMethodAccessorImpl.invoke(NativeMethodAccessorImpl.java:62)
	at java.base@11.0.18/jdk.internal.reflect.DelegatingMethodAccessorImpl.invoke(DelegatingMethodAccessorImpl.java:43)
	at java.base@11.0.18/java.lang.reflect.Method.invoke(Method.java:566)
	at org.gradle.internal.dispatch.ReflectionDispatch.dispatch(ReflectionDispatch.java:36)
	at org.gradle.internal.dispatch.ReflectionDispatch.dispatch(ReflectionDispatch.java:24)
	at org.gradle.internal.dispatch.ContextClassLoaderDispatch.dispatch(ContextClassLoaderDispatch.java:33)
	at org.gradle.internal.dispatch.ProxyDispatchAdapter$DispatchingInvocationHandler.invoke(ProxyDispatchAdapter.java:94)
	at com.sun.proxy.$Proxy2.stop(Unknown Source)
	at org.gradle.api.internal.tasks.testing.worker.TestWorker$3.run(TestWorker.java:193)
	at org.gradle.api.internal.tasks.testing.worker.TestWorker.executeAndMaintainThreadName(TestWorker.java:129)
	at org.gradle.api.internal.tasks.testing.worker.TestWorker.execute(TestWorker.java:100)
	at org.gradle.api.internal.tasks.testing.worker.TestWorker.execute(TestWorker.java:60)
	at org.gradle.process.internal.worker.child.ActionExecutionWorker.execute(ActionExecutionWorker.java:56)
	at org.gradle.process.internal.worker.child.SystemApplicationClassLoaderWorker.call(SystemApplicationClassLoaderWorker.java:113)
	at org.gradle.process.internal.worker.child.SystemApplicationClassLoaderWorker.call(SystemApplicationClassLoaderWorker.java:65)
	at app//worker.org.gradle.process.internal.worker.GradleWorkerMain.run(GradleWorkerMain.java:69)
	at app//worker.org.gradle.process.internal.worker.GradleWorkerMain.main(GradleWorkerMain.java:74)
</failure>
  </testcase>
  <testcase name="project.key" classname="de.uka.ilkd.key.proof.runallproofs.RunAllProofsFunctional" time="0.855">
    <failure message="org.opentest4j.AssertionFailedError: Executed process terminated with non-zero exit value. ==&gt; expected: &lt;0&gt; but was: &lt;1&gt;" type="org.opentest4j.AssertionFailedError">org.opentest4j.AssertionFailedError: Executed process terminated with non-zero exit value. ==&gt; expected: &lt;0&gt; but was: &lt;1&gt;
	at app//org.junit.jupiter.api.AssertionUtils.fail(AssertionUtils.java:55)
	at app//org.junit.jupiter.api.AssertionUtils.failNotEqual(AssertionUtils.java:62)
	at app//org.junit.jupiter.api.AssertEquals.assertEquals(AssertEquals.java:150)
	at app//org.junit.jupiter.api.Assertions.assertEquals(Assertions.java:559)
	at app//de.uka.ilkd.key.proof.runallproofs.proofcollection.ForkedTestFileRunner.processTestFiles(ForkedTestFileRunner.java:129)
	at app//de.uka.ilkd.key.proof.runallproofs.RunAllProofsTestUnit.runTest(RunAllProofsTestUnit.java:85)
	at app//de.uka.ilkd.key.proof.runallproofs.RunAllProofsTest.lambda$data$0(RunAllProofsTest.java:83)
	at app//org.junit.jupiter.engine.descriptor.DynamicTestTestDescriptor.lambda$execute$0(DynamicTestTestDescriptor.java:53)
	at app//org.junit.jupiter.engine.execution.InvocationInterceptorChain$ValidatingInvocation.proceed(InvocationInterceptorChain.java:131)
	at app//org.junit.jupiter.api.extension.InvocationInterceptor.interceptDynamicTest(InvocationInterceptor.java:167)
	at app//org.junit.jupiter.api.extension.InvocationInterceptor.interceptDynamicTest(InvocationInterceptor.java:184)
	at app//org.junit.jupiter.engine.descriptor.DynamicTestTestDescriptor.lambda$execute$1(DynamicTestTestDescriptor.java:61)
	at app//org.junit.jupiter.engine.execution.InvocationInterceptorChain$InterceptorCall.lambda$ofVoid$0(InvocationInterceptorChain.java:78)
	at app//org.junit.jupiter.engine.execution.InvocationInterceptorChain$InterceptedInvocation.proceed(InvocationInterceptorChain.java:106)
	at app//org.junit.jupiter.engine.execution.InvocationInterceptorChain.proceed(InvocationInterceptorChain.java:64)
	at app//org.junit.jupiter.engine.execution.InvocationInterceptorChain.chainAndInvoke(InvocationInterceptorChain.java:45)
	at app//org.junit.jupiter.engine.execution.InvocationInterceptorChain.invoke(InvocationInterceptorChain.java:37)
	at app//org.junit.jupiter.engine.descriptor.DynamicTestTestDescriptor.execute(DynamicTestTestDescriptor.java:60)
	at app//org.junit.jupiter.engine.descriptor.DynamicTestTestDescriptor.execute(DynamicTestTestDescriptor.java:32)
	at app//org.junit.platform.engine.support.hierarchical.NodeTestTask.lambda$executeRecursively$6(NodeTestTask.java:151)
	at app//org.junit.platform.engine.support.hierarchical.ThrowableCollector.execute(ThrowableCollector.java:73)
	at app//org.junit.platform.engine.support.hierarchical.NodeTestTask.lambda$executeRecursively$8(NodeTestTask.java:141)
	at app//org.junit.platform.engine.support.hierarchical.Node.around(Node.java:137)
	at app//org.junit.platform.engine.support.hierarchical.NodeTestTask.lambda$executeRecursively$9(NodeTestTask.java:139)
	at app//org.junit.platform.engine.support.hierarchical.ThrowableCollector.execute(ThrowableCollector.java:73)
	at app//org.junit.platform.engine.support.hierarchical.NodeTestTask.executeRecursively(NodeTestTask.java:138)
	at app//org.junit.platform.engine.support.hierarchical.NodeTestTask.execute(NodeTestTask.java:95)
	at app//org.junit.platform.engine.support.hierarchical.SameThreadHierarchicalTestExecutorService.submit(SameThreadHierarchicalTestExecutorService.java:35)
	at app//org.junit.platform.engine.support.hierarchical.NodeTestTask$DefaultDynamicTestExecutor.execute(NodeTestTask.java:226)
	at app//org.junit.platform.engine.support.hierarchical.NodeTestTask$DefaultDynamicTestExecutor.execute(NodeTestTask.java:204)
	at java.base@11.0.18/java.util.Optional.ifPresent(Optional.java:183)
	at app//org.junit.jupiter.engine.descriptor.TestFactoryTestDescriptor.lambda$invokeTestMethod$1(TestFactoryTestDescriptor.java:108)
	at app//org.junit.platform.engine.support.hierarchical.ThrowableCollector.execute(ThrowableCollector.java:73)
	at app//org.junit.jupiter.engine.descriptor.TestFactoryTestDescriptor.invokeTestMethod(TestFactoryTestDescriptor.java:95)
	at app//org.junit.jupiter.engine.descriptor.TestMethodTestDescriptor.execute(TestMethodTestDescriptor.java:135)
	at app//org.junit.jupiter.engine.descriptor.TestMethodTestDescriptor.execute(TestMethodTestDescriptor.java:66)
	at app//org.junit.platform.engine.support.hierarchical.NodeTestTask.lambda$executeRecursively$6(NodeTestTask.java:151)
	at app//org.junit.platform.engine.support.hierarchical.ThrowableCollector.execute(ThrowableCollector.java:73)
	at app//org.junit.platform.engine.support.hierarchical.NodeTestTask.lambda$executeRecursively$8(NodeTestTask.java:141)
	at app//org.junit.platform.engine.support.hierarchical.Node.around(Node.java:137)
	at app//org.junit.platform.engine.support.hierarchical.NodeTestTask.lambda$executeRecursively$9(NodeTestTask.java:139)
	at app//org.junit.platform.engine.support.hierarchical.ThrowableCollector.execute(ThrowableCollector.java:73)
	at app//org.junit.platform.engine.support.hierarchical.NodeTestTask.executeRecursively(NodeTestTask.java:138)
	at app//org.junit.platform.engine.support.hierarchical.NodeTestTask.execute(NodeTestTask.java:95)
	at java.base@11.0.18/java.util.ArrayList.forEach(ArrayList.java:1541)
	at app//org.junit.platform.engine.support.hierarchical.SameThreadHierarchicalTestExecutorService.invokeAll(SameThreadHierarchicalTestExecutorService.java:41)
	at app//org.junit.platform.engine.support.hierarchical.NodeTestTask.lambda$executeRecursively$6(NodeTestTask.java:155)
	at app//org.junit.platform.engine.support.hierarchical.ThrowableCollector.execute(ThrowableCollector.java:73)
	at app//org.junit.platform.engine.support.hierarchical.NodeTestTask.lambda$executeRecursively$8(NodeTestTask.java:141)
	at app//org.junit.platform.engine.support.hierarchical.Node.around(Node.java:137)
	at app//org.junit.platform.engine.support.hierarchical.NodeTestTask.lambda$executeRecursively$9(NodeTestTask.java:139)
	at app//org.junit.platform.engine.support.hierarchical.ThrowableCollector.execute(ThrowableCollector.java:73)
	at app//org.junit.platform.engine.support.hierarchical.NodeTestTask.executeRecursively(NodeTestTask.java:138)
	at app//org.junit.platform.engine.support.hierarchical.NodeTestTask.execute(NodeTestTask.java:95)
	at java.base@11.0.18/java.util.ArrayList.forEach(ArrayList.java:1541)
	at app//org.junit.platform.engine.support.hierarchical.SameThreadHierarchicalTestExecutorService.invokeAll(SameThreadHierarchicalTestExecutorService.java:41)
	at app//org.junit.platform.engine.support.hierarchical.NodeTestTask.lambda$executeRecursively$6(NodeTestTask.java:155)
	at app//org.junit.platform.engine.support.hierarchical.ThrowableCollector.execute(ThrowableCollector.java:73)
	at app//org.junit.platform.engine.support.hierarchical.NodeTestTask.lambda$executeRecursively$8(NodeTestTask.java:141)
	at app//org.junit.platform.engine.support.hierarchical.Node.around(Node.java:137)
	at app//org.junit.platform.engine.support.hierarchical.NodeTestTask.lambda$executeRecursively$9(NodeTestTask.java:139)
	at app//org.junit.platform.engine.support.hierarchical.ThrowableCollector.execute(ThrowableCollector.java:73)
	at app//org.junit.platform.engine.support.hierarchical.NodeTestTask.executeRecursively(NodeTestTask.java:138)
	at app//org.junit.platform.engine.support.hierarchical.NodeTestTask.execute(NodeTestTask.java:95)
	at app//org.junit.platform.engine.support.hierarchical.SameThreadHierarchicalTestExecutorService.submit(SameThreadHierarchicalTestExecutorService.java:35)
	at app//org.junit.platform.engine.support.hierarchical.HierarchicalTestExecutor.execute(HierarchicalTestExecutor.java:57)
	at app//org.junit.platform.engine.support.hierarchical.HierarchicalTestEngine.execute(HierarchicalTestEngine.java:54)
	at org.junit.platform.launcher.core.EngineExecutionOrchestrator.execute(EngineExecutionOrchestrator.java:107)
	at org.junit.platform.launcher.core.EngineExecutionOrchestrator.execute(EngineExecutionOrchestrator.java:88)
	at org.junit.platform.launcher.core.EngineExecutionOrchestrator.lambda$execute$0(EngineExecutionOrchestrator.java:54)
	at org.junit.platform.launcher.core.EngineExecutionOrchestrator.withInterceptedStreams(EngineExecutionOrchestrator.java:67)
	at org.junit.platform.launcher.core.EngineExecutionOrchestrator.execute(EngineExecutionOrchestrator.java:52)
	at org.junit.platform.launcher.core.DefaultLauncher.execute(DefaultLauncher.java:114)
	at org.junit.platform.launcher.core.DefaultLauncher.execute(DefaultLauncher.java:86)
	at org.junit.platform.launcher.core.DefaultLauncherSession$DelegatingLauncher.execute(DefaultLauncherSession.java:86)
	at org.junit.platform.launcher.core.SessionPerRequestLauncher.execute(SessionPerRequestLauncher.java:53)
	at org.gradle.api.internal.tasks.testing.junitplatform.JUnitPlatformTestClassProcessor$CollectAllTestClassesExecutor.processAllTestClasses(JUnitPlatformTestClassProcessor.java:99)
	at org.gradle.api.internal.tasks.testing.junitplatform.JUnitPlatformTestClassProcessor$CollectAllTestClassesExecutor.access$000(JUnitPlatformTestClassProcessor.java:79)
	at org.gradle.api.internal.tasks.testing.junitplatform.JUnitPlatformTestClassProcessor.stop(JUnitPlatformTestClassProcessor.java:75)
	at org.gradle.api.internal.tasks.testing.SuiteTestClassProcessor.stop(SuiteTestClassProcessor.java:62)
	at java.base@11.0.18/jdk.internal.reflect.NativeMethodAccessorImpl.invoke0(Native Method)
	at java.base@11.0.18/jdk.internal.reflect.NativeMethodAccessorImpl.invoke(NativeMethodAccessorImpl.java:62)
	at java.base@11.0.18/jdk.internal.reflect.DelegatingMethodAccessorImpl.invoke(DelegatingMethodAccessorImpl.java:43)
	at java.base@11.0.18/java.lang.reflect.Method.invoke(Method.java:566)
	at org.gradle.internal.dispatch.ReflectionDispatch.dispatch(ReflectionDispatch.java:36)
	at org.gradle.internal.dispatch.ReflectionDispatch.dispatch(ReflectionDispatch.java:24)
	at org.gradle.internal.dispatch.ContextClassLoaderDispatch.dispatch(ContextClassLoaderDispatch.java:33)
	at org.gradle.internal.dispatch.ProxyDispatchAdapter$DispatchingInvocationHandler.invoke(ProxyDispatchAdapter.java:94)
	at com.sun.proxy.$Proxy2.stop(Unknown Source)
	at org.gradle.api.internal.tasks.testing.worker.TestWorker$3.run(TestWorker.java:193)
	at org.gradle.api.internal.tasks.testing.worker.TestWorker.executeAndMaintainThreadName(TestWorker.java:129)
	at org.gradle.api.internal.tasks.testing.worker.TestWorker.execute(TestWorker.java:100)
	at org.gradle.api.internal.tasks.testing.worker.TestWorker.execute(TestWorker.java:60)
	at org.gradle.process.internal.worker.child.ActionExecutionWorker.execute(ActionExecutionWorker.java:56)
	at org.gradle.process.internal.worker.child.SystemApplicationClassLoaderWorker.call(SystemApplicationClassLoaderWorker.java:113)
	at org.gradle.process.internal.worker.child.SystemApplicationClassLoaderWorker.call(SystemApplicationClassLoaderWorker.java:65)
	at app//worker.org.gradle.process.internal.worker.GradleWorkerMain.run(GradleWorkerMain.java:69)
	at app//worker.org.gradle.process.internal.worker.GradleWorkerMain.main(GradleWorkerMain.java:74)
</failure>
  </testcase>
  <testcase name="project.key#1" classname="de.uka.ilkd.key.proof.runallproofs.RunAllProofsFunctional" time="0.794">
    <failure message="org.opentest4j.AssertionFailedError: Executed process terminated with non-zero exit value. ==&gt; expected: &lt;0&gt; but was: &lt;1&gt;" type="org.opentest4j.AssertionFailedError">org.opentest4j.AssertionFailedError: Executed process terminated with non-zero exit value. ==&gt; expected: &lt;0&gt; but was: &lt;1&gt;
	at app//org.junit.jupiter.api.AssertionUtils.fail(AssertionUtils.java:55)
	at app//org.junit.jupiter.api.AssertionUtils.failNotEqual(AssertionUtils.java:62)
	at app//org.junit.jupiter.api.AssertEquals.assertEquals(AssertEquals.java:150)
	at app//org.junit.jupiter.api.Assertions.assertEquals(Assertions.java:559)
	at app//de.uka.ilkd.key.proof.runallproofs.proofcollection.ForkedTestFileRunner.processTestFiles(ForkedTestFileRunner.java:129)
	at app//de.uka.ilkd.key.proof.runallproofs.RunAllProofsTestUnit.runTest(RunAllProofsTestUnit.java:85)
	at app//de.uka.ilkd.key.proof.runallproofs.RunAllProofsTest.lambda$data$0(RunAllProofsTest.java:83)
	at app//org.junit.jupiter.engine.descriptor.DynamicTestTestDescriptor.lambda$execute$0(DynamicTestTestDescriptor.java:53)
	at app//org.junit.jupiter.engine.execution.InvocationInterceptorChain$ValidatingInvocation.proceed(InvocationInterceptorChain.java:131)
	at app//org.junit.jupiter.api.extension.InvocationInterceptor.interceptDynamicTest(InvocationInterceptor.java:167)
	at app//org.junit.jupiter.api.extension.InvocationInterceptor.interceptDynamicTest(InvocationInterceptor.java:184)
	at app//org.junit.jupiter.engine.descriptor.DynamicTestTestDescriptor.lambda$execute$1(DynamicTestTestDescriptor.java:61)
	at app//org.junit.jupiter.engine.execution.InvocationInterceptorChain$InterceptorCall.lambda$ofVoid$0(InvocationInterceptorChain.java:78)
	at app//org.junit.jupiter.engine.execution.InvocationInterceptorChain$InterceptedInvocation.proceed(InvocationInterceptorChain.java:106)
	at app//org.junit.jupiter.engine.execution.InvocationInterceptorChain.proceed(InvocationInterceptorChain.java:64)
	at app//org.junit.jupiter.engine.execution.InvocationInterceptorChain.chainAndInvoke(InvocationInterceptorChain.java:45)
	at app//org.junit.jupiter.engine.execution.InvocationInterceptorChain.invoke(InvocationInterceptorChain.java:37)
	at app//org.junit.jupiter.engine.descriptor.DynamicTestTestDescriptor.execute(DynamicTestTestDescriptor.java:60)
	at app//org.junit.jupiter.engine.descriptor.DynamicTestTestDescriptor.execute(DynamicTestTestDescriptor.java:32)
	at app//org.junit.platform.engine.support.hierarchical.NodeTestTask.lambda$executeRecursively$6(NodeTestTask.java:151)
	at app//org.junit.platform.engine.support.hierarchical.ThrowableCollector.execute(ThrowableCollector.java:73)
	at app//org.junit.platform.engine.support.hierarchical.NodeTestTask.lambda$executeRecursively$8(NodeTestTask.java:141)
	at app//org.junit.platform.engine.support.hierarchical.Node.around(Node.java:137)
	at app//org.junit.platform.engine.support.hierarchical.NodeTestTask.lambda$executeRecursively$9(NodeTestTask.java:139)
	at app//org.junit.platform.engine.support.hierarchical.ThrowableCollector.execute(ThrowableCollector.java:73)
	at app//org.junit.platform.engine.support.hierarchical.NodeTestTask.executeRecursively(NodeTestTask.java:138)
	at app//org.junit.platform.engine.support.hierarchical.NodeTestTask.execute(NodeTestTask.java:95)
	at app//org.junit.platform.engine.support.hierarchical.SameThreadHierarchicalTestExecutorService.submit(SameThreadHierarchicalTestExecutorService.java:35)
	at app//org.junit.platform.engine.support.hierarchical.NodeTestTask$DefaultDynamicTestExecutor.execute(NodeTestTask.java:226)
	at app//org.junit.platform.engine.support.hierarchical.NodeTestTask$DefaultDynamicTestExecutor.execute(NodeTestTask.java:204)
	at java.base@11.0.18/java.util.Optional.ifPresent(Optional.java:183)
	at app//org.junit.jupiter.engine.descriptor.TestFactoryTestDescriptor.lambda$invokeTestMethod$1(TestFactoryTestDescriptor.java:108)
	at app//org.junit.platform.engine.support.hierarchical.ThrowableCollector.execute(ThrowableCollector.java:73)
	at app//org.junit.jupiter.engine.descriptor.TestFactoryTestDescriptor.invokeTestMethod(TestFactoryTestDescriptor.java:95)
	at app//org.junit.jupiter.engine.descriptor.TestMethodTestDescriptor.execute(TestMethodTestDescriptor.java:135)
	at app//org.junit.jupiter.engine.descriptor.TestMethodTestDescriptor.execute(TestMethodTestDescriptor.java:66)
	at app//org.junit.platform.engine.support.hierarchical.NodeTestTask.lambda$executeRecursively$6(NodeTestTask.java:151)
	at app//org.junit.platform.engine.support.hierarchical.ThrowableCollector.execute(ThrowableCollector.java:73)
	at app//org.junit.platform.engine.support.hierarchical.NodeTestTask.lambda$executeRecursively$8(NodeTestTask.java:141)
	at app//org.junit.platform.engine.support.hierarchical.Node.around(Node.java:137)
	at app//org.junit.platform.engine.support.hierarchical.NodeTestTask.lambda$executeRecursively$9(NodeTestTask.java:139)
	at app//org.junit.platform.engine.support.hierarchical.ThrowableCollector.execute(ThrowableCollector.java:73)
	at app//org.junit.platform.engine.support.hierarchical.NodeTestTask.executeRecursively(NodeTestTask.java:138)
	at app//org.junit.platform.engine.support.hierarchical.NodeTestTask.execute(NodeTestTask.java:95)
	at java.base@11.0.18/java.util.ArrayList.forEach(ArrayList.java:1541)
	at app//org.junit.platform.engine.support.hierarchical.SameThreadHierarchicalTestExecutorService.invokeAll(SameThreadHierarchicalTestExecutorService.java:41)
	at app//org.junit.platform.engine.support.hierarchical.NodeTestTask.lambda$executeRecursively$6(NodeTestTask.java:155)
	at app//org.junit.platform.engine.support.hierarchical.ThrowableCollector.execute(ThrowableCollector.java:73)
	at app//org.junit.platform.engine.support.hierarchical.NodeTestTask.lambda$executeRecursively$8(NodeTestTask.java:141)
	at app//org.junit.platform.engine.support.hierarchical.Node.around(Node.java:137)
	at app//org.junit.platform.engine.support.hierarchical.NodeTestTask.lambda$executeRecursively$9(NodeTestTask.java:139)
	at app//org.junit.platform.engine.support.hierarchical.ThrowableCollector.execute(ThrowableCollector.java:73)
	at app//org.junit.platform.engine.support.hierarchical.NodeTestTask.executeRecursively(NodeTestTask.java:138)
	at app//org.junit.platform.engine.support.hierarchical.NodeTestTask.execute(NodeTestTask.java:95)
	at java.base@11.0.18/java.util.ArrayList.forEach(ArrayList.java:1541)
	at app//org.junit.platform.engine.support.hierarchical.SameThreadHierarchicalTestExecutorService.invokeAll(SameThreadHierarchicalTestExecutorService.java:41)
	at app//org.junit.platform.engine.support.hierarchical.NodeTestTask.lambda$executeRecursively$6(NodeTestTask.java:155)
	at app//org.junit.platform.engine.support.hierarchical.ThrowableCollector.execute(ThrowableCollector.java:73)
	at app//org.junit.platform.engine.support.hierarchical.NodeTestTask.lambda$executeRecursively$8(NodeTestTask.java:141)
	at app//org.junit.platform.engine.support.hierarchical.Node.around(Node.java:137)
	at app//org.junit.platform.engine.support.hierarchical.NodeTestTask.lambda$executeRecursively$9(NodeTestTask.java:139)
	at app//org.junit.platform.engine.support.hierarchical.ThrowableCollector.execute(ThrowableCollector.java:73)
	at app//org.junit.platform.engine.support.hierarchical.NodeTestTask.executeRecursively(NodeTestTask.java:138)
	at app//org.junit.platform.engine.support.hierarchical.NodeTestTask.execute(NodeTestTask.java:95)
	at app//org.junit.platform.engine.support.hierarchical.SameThreadHierarchicalTestExecutorService.submit(SameThreadHierarchicalTestExecutorService.java:35)
	at app//org.junit.platform.engine.support.hierarchical.HierarchicalTestExecutor.execute(HierarchicalTestExecutor.java:57)
	at app//org.junit.platform.engine.support.hierarchical.HierarchicalTestEngine.execute(HierarchicalTestEngine.java:54)
	at org.junit.platform.launcher.core.EngineExecutionOrchestrator.execute(EngineExecutionOrchestrator.java:107)
	at org.junit.platform.launcher.core.EngineExecutionOrchestrator.execute(EngineExecutionOrchestrator.java:88)
	at org.junit.platform.launcher.core.EngineExecutionOrchestrator.lambda$execute$0(EngineExecutionOrchestrator.java:54)
	at org.junit.platform.launcher.core.EngineExecutionOrchestrator.withInterceptedStreams(EngineExecutionOrchestrator.java:67)
	at org.junit.platform.launcher.core.EngineExecutionOrchestrator.execute(EngineExecutionOrchestrator.java:52)
	at org.junit.platform.launcher.core.DefaultLauncher.execute(DefaultLauncher.java:114)
	at org.junit.platform.launcher.core.DefaultLauncher.execute(DefaultLauncher.java:86)
	at org.junit.platform.launcher.core.DefaultLauncherSession$DelegatingLauncher.execute(DefaultLauncherSession.java:86)
	at org.junit.platform.launcher.core.SessionPerRequestLauncher.execute(SessionPerRequestLauncher.java:53)
	at org.gradle.api.internal.tasks.testing.junitplatform.JUnitPlatformTestClassProcessor$CollectAllTestClassesExecutor.processAllTestClasses(JUnitPlatformTestClassProcessor.java:99)
	at org.gradle.api.internal.tasks.testing.junitplatform.JUnitPlatformTestClassProcessor$CollectAllTestClassesExecutor.access$000(JUnitPlatformTestClassProcessor.java:79)
	at org.gradle.api.internal.tasks.testing.junitplatform.JUnitPlatformTestClassProcessor.stop(JUnitPlatformTestClassProcessor.java:75)
	at org.gradle.api.internal.tasks.testing.SuiteTestClassProcessor.stop(SuiteTestClassProcessor.java:62)
	at java.base@11.0.18/jdk.internal.reflect.NativeMethodAccessorImpl.invoke0(Native Method)
	at java.base@11.0.18/jdk.internal.reflect.NativeMethodAccessorImpl.invoke(NativeMethodAccessorImpl.java:62)
	at java.base@11.0.18/jdk.internal.reflect.DelegatingMethodAccessorImpl.invoke(DelegatingMethodAccessorImpl.java:43)
	at java.base@11.0.18/java.lang.reflect.Method.invoke(Method.java:566)
	at org.gradle.internal.dispatch.ReflectionDispatch.dispatch(ReflectionDispatch.java:36)
	at org.gradle.internal.dispatch.ReflectionDispatch.dispatch(ReflectionDispatch.java:24)
	at org.gradle.internal.dispatch.ContextClassLoaderDispatch.dispatch(ContextClassLoaderDispatch.java:33)
	at org.gradle.internal.dispatch.ProxyDispatchAdapter$DispatchingInvocationHandler.invoke(ProxyDispatchAdapter.java:94)
	at com.sun.proxy.$Proxy2.stop(Unknown Source)
	at org.gradle.api.internal.tasks.testing.worker.TestWorker$3.run(TestWorker.java:193)
	at org.gradle.api.internal.tasks.testing.worker.TestWorker.executeAndMaintainThreadName(TestWorker.java:129)
	at org.gradle.api.internal.tasks.testing.worker.TestWorker.execute(TestWorker.java:100)
	at org.gradle.api.internal.tasks.testing.worker.TestWorker.execute(TestWorker.java:60)
	at org.gradle.process.internal.worker.child.ActionExecutionWorker.execute(ActionExecutionWorker.java:56)
	at org.gradle.process.internal.worker.child.SystemApplicationClassLoaderWorker.call(SystemApplicationClassLoaderWorker.java:113)
	at org.gradle.process.internal.worker.child.SystemApplicationClassLoaderWorker.call(SystemApplicationClassLoaderWorker.java:65)
	at app//worker.org.gradle.process.internal.worker.GradleWorkerMain.run(GradleWorkerMain.java:69)
	at app//worker.org.gradle.process.internal.worker.GradleWorkerMain.main(GradleWorkerMain.java:74)
</failure>
  </testcase>
  <testcase name="lcp.key" classname="de.uka.ilkd.key.proof.runallproofs.RunAllProofsFunctional" time="0.859">
    <failure message="org.opentest4j.AssertionFailedError: Executed process terminated with non-zero exit value. ==&gt; expected: &lt;0&gt; but was: &lt;1&gt;" type="org.opentest4j.AssertionFailedError">org.opentest4j.AssertionFailedError: Executed process terminated with non-zero exit value. ==&gt; expected: &lt;0&gt; but was: &lt;1&gt;
	at app//org.junit.jupiter.api.AssertionUtils.fail(AssertionUtils.java:55)
	at app//org.junit.jupiter.api.AssertionUtils.failNotEqual(AssertionUtils.java:62)
	at app//org.junit.jupiter.api.AssertEquals.assertEquals(AssertEquals.java:150)
	at app//org.junit.jupiter.api.Assertions.assertEquals(Assertions.java:559)
	at app//de.uka.ilkd.key.proof.runallproofs.proofcollection.ForkedTestFileRunner.processTestFiles(ForkedTestFileRunner.java:129)
	at app//de.uka.ilkd.key.proof.runallproofs.RunAllProofsTestUnit.runTest(RunAllProofsTestUnit.java:85)
	at app//de.uka.ilkd.key.proof.runallproofs.RunAllProofsTest.lambda$data$0(RunAllProofsTest.java:83)
	at app//org.junit.jupiter.engine.descriptor.DynamicTestTestDescriptor.lambda$execute$0(DynamicTestTestDescriptor.java:53)
	at app//org.junit.jupiter.engine.execution.InvocationInterceptorChain$ValidatingInvocation.proceed(InvocationInterceptorChain.java:131)
	at app//org.junit.jupiter.api.extension.InvocationInterceptor.interceptDynamicTest(InvocationInterceptor.java:167)
	at app//org.junit.jupiter.api.extension.InvocationInterceptor.interceptDynamicTest(InvocationInterceptor.java:184)
	at app//org.junit.jupiter.engine.descriptor.DynamicTestTestDescriptor.lambda$execute$1(DynamicTestTestDescriptor.java:61)
	at app//org.junit.jupiter.engine.execution.InvocationInterceptorChain$InterceptorCall.lambda$ofVoid$0(InvocationInterceptorChain.java:78)
	at app//org.junit.jupiter.engine.execution.InvocationInterceptorChain$InterceptedInvocation.proceed(InvocationInterceptorChain.java:106)
	at app//org.junit.jupiter.engine.execution.InvocationInterceptorChain.proceed(InvocationInterceptorChain.java:64)
	at app//org.junit.jupiter.engine.execution.InvocationInterceptorChain.chainAndInvoke(InvocationInterceptorChain.java:45)
	at app//org.junit.jupiter.engine.execution.InvocationInterceptorChain.invoke(InvocationInterceptorChain.java:37)
	at app//org.junit.jupiter.engine.descriptor.DynamicTestTestDescriptor.execute(DynamicTestTestDescriptor.java:60)
	at app//org.junit.jupiter.engine.descriptor.DynamicTestTestDescriptor.execute(DynamicTestTestDescriptor.java:32)
	at app//org.junit.platform.engine.support.hierarchical.NodeTestTask.lambda$executeRecursively$6(NodeTestTask.java:151)
	at app//org.junit.platform.engine.support.hierarchical.ThrowableCollector.execute(ThrowableCollector.java:73)
	at app//org.junit.platform.engine.support.hierarchical.NodeTestTask.lambda$executeRecursively$8(NodeTestTask.java:141)
	at app//org.junit.platform.engine.support.hierarchical.Node.around(Node.java:137)
	at app//org.junit.platform.engine.support.hierarchical.NodeTestTask.lambda$executeRecursively$9(NodeTestTask.java:139)
	at app//org.junit.platform.engine.support.hierarchical.ThrowableCollector.execute(ThrowableCollector.java:73)
	at app//org.junit.platform.engine.support.hierarchical.NodeTestTask.executeRecursively(NodeTestTask.java:138)
	at app//org.junit.platform.engine.support.hierarchical.NodeTestTask.execute(NodeTestTask.java:95)
	at app//org.junit.platform.engine.support.hierarchical.SameThreadHierarchicalTestExecutorService.submit(SameThreadHierarchicalTestExecutorService.java:35)
	at app//org.junit.platform.engine.support.hierarchical.NodeTestTask$DefaultDynamicTestExecutor.execute(NodeTestTask.java:226)
	at app//org.junit.platform.engine.support.hierarchical.NodeTestTask$DefaultDynamicTestExecutor.execute(NodeTestTask.java:204)
	at java.base@11.0.18/java.util.Optional.ifPresent(Optional.java:183)
	at app//org.junit.jupiter.engine.descriptor.TestFactoryTestDescriptor.lambda$invokeTestMethod$1(TestFactoryTestDescriptor.java:108)
	at app//org.junit.platform.engine.support.hierarchical.ThrowableCollector.execute(ThrowableCollector.java:73)
	at app//org.junit.jupiter.engine.descriptor.TestFactoryTestDescriptor.invokeTestMethod(TestFactoryTestDescriptor.java:95)
	at app//org.junit.jupiter.engine.descriptor.TestMethodTestDescriptor.execute(TestMethodTestDescriptor.java:135)
	at app//org.junit.jupiter.engine.descriptor.TestMethodTestDescriptor.execute(TestMethodTestDescriptor.java:66)
	at app//org.junit.platform.engine.support.hierarchical.NodeTestTask.lambda$executeRecursively$6(NodeTestTask.java:151)
	at app//org.junit.platform.engine.support.hierarchical.ThrowableCollector.execute(ThrowableCollector.java:73)
	at app//org.junit.platform.engine.support.hierarchical.NodeTestTask.lambda$executeRecursively$8(NodeTestTask.java:141)
	at app//org.junit.platform.engine.support.hierarchical.Node.around(Node.java:137)
	at app//org.junit.platform.engine.support.hierarchical.NodeTestTask.lambda$executeRecursively$9(NodeTestTask.java:139)
	at app//org.junit.platform.engine.support.hierarchical.ThrowableCollector.execute(ThrowableCollector.java:73)
	at app//org.junit.platform.engine.support.hierarchical.NodeTestTask.executeRecursively(NodeTestTask.java:138)
	at app//org.junit.platform.engine.support.hierarchical.NodeTestTask.execute(NodeTestTask.java:95)
	at java.base@11.0.18/java.util.ArrayList.forEach(ArrayList.java:1541)
	at app//org.junit.platform.engine.support.hierarchical.SameThreadHierarchicalTestExecutorService.invokeAll(SameThreadHierarchicalTestExecutorService.java:41)
	at app//org.junit.platform.engine.support.hierarchical.NodeTestTask.lambda$executeRecursively$6(NodeTestTask.java:155)
	at app//org.junit.platform.engine.support.hierarchical.ThrowableCollector.execute(ThrowableCollector.java:73)
	at app//org.junit.platform.engine.support.hierarchical.NodeTestTask.lambda$executeRecursively$8(NodeTestTask.java:141)
	at app//org.junit.platform.engine.support.hierarchical.Node.around(Node.java:137)
	at app//org.junit.platform.engine.support.hierarchical.NodeTestTask.lambda$executeRecursively$9(NodeTestTask.java:139)
	at app//org.junit.platform.engine.support.hierarchical.ThrowableCollector.execute(ThrowableCollector.java:73)
	at app//org.junit.platform.engine.support.hierarchical.NodeTestTask.executeRecursively(NodeTestTask.java:138)
	at app//org.junit.platform.engine.support.hierarchical.NodeTestTask.execute(NodeTestTask.java:95)
	at java.base@11.0.18/java.util.ArrayList.forEach(ArrayList.java:1541)
	at app//org.junit.platform.engine.support.hierarchical.SameThreadHierarchicalTestExecutorService.invokeAll(SameThreadHierarchicalTestExecutorService.java:41)
	at app//org.junit.platform.engine.support.hierarchical.NodeTestTask.lambda$executeRecursively$6(NodeTestTask.java:155)
	at app//org.junit.platform.engine.support.hierarchical.ThrowableCollector.execute(ThrowableCollector.java:73)
	at app//org.junit.platform.engine.support.hierarchical.NodeTestTask.lambda$executeRecursively$8(NodeTestTask.java:141)
	at app//org.junit.platform.engine.support.hierarchical.Node.around(Node.java:137)
	at app//org.junit.platform.engine.support.hierarchical.NodeTestTask.lambda$executeRecursively$9(NodeTestTask.java:139)
	at app//org.junit.platform.engine.support.hierarchical.ThrowableCollector.execute(ThrowableCollector.java:73)
	at app//org.junit.platform.engine.support.hierarchical.NodeTestTask.executeRecursively(NodeTestTask.java:138)
	at app//org.junit.platform.engine.support.hierarchical.NodeTestTask.execute(NodeTestTask.java:95)
	at app//org.junit.platform.engine.support.hierarchical.SameThreadHierarchicalTestExecutorService.submit(SameThreadHierarchicalTestExecutorService.java:35)
	at app//org.junit.platform.engine.support.hierarchical.HierarchicalTestExecutor.execute(HierarchicalTestExecutor.java:57)
	at app//org.junit.platform.engine.support.hierarchical.HierarchicalTestEngine.execute(HierarchicalTestEngine.java:54)
	at org.junit.platform.launcher.core.EngineExecutionOrchestrator.execute(EngineExecutionOrchestrator.java:107)
	at org.junit.platform.launcher.core.EngineExecutionOrchestrator.execute(EngineExecutionOrchestrator.java:88)
	at org.junit.platform.launcher.core.EngineExecutionOrchestrator.lambda$execute$0(EngineExecutionOrchestrator.java:54)
	at org.junit.platform.launcher.core.EngineExecutionOrchestrator.withInterceptedStreams(EngineExecutionOrchestrator.java:67)
	at org.junit.platform.launcher.core.EngineExecutionOrchestrator.execute(EngineExecutionOrchestrator.java:52)
	at org.junit.platform.launcher.core.DefaultLauncher.execute(DefaultLauncher.java:114)
	at org.junit.platform.launcher.core.DefaultLauncher.execute(DefaultLauncher.java:86)
	at org.junit.platform.launcher.core.DefaultLauncherSession$DelegatingLauncher.execute(DefaultLauncherSession.java:86)
	at org.junit.platform.launcher.core.SessionPerRequestLauncher.execute(SessionPerRequestLauncher.java:53)
	at org.gradle.api.internal.tasks.testing.junitplatform.JUnitPlatformTestClassProcessor$CollectAllTestClassesExecutor.processAllTestClasses(JUnitPlatformTestClassProcessor.java:99)
	at org.gradle.api.internal.tasks.testing.junitplatform.JUnitPlatformTestClassProcessor$CollectAllTestClassesExecutor.access$000(JUnitPlatformTestClassProcessor.java:79)
	at org.gradle.api.internal.tasks.testing.junitplatform.JUnitPlatformTestClassProcessor.stop(JUnitPlatformTestClassProcessor.java:75)
	at org.gradle.api.internal.tasks.testing.SuiteTestClassProcessor.stop(SuiteTestClassProcessor.java:62)
	at java.base@11.0.18/jdk.internal.reflect.NativeMethodAccessorImpl.invoke0(Native Method)
	at java.base@11.0.18/jdk.internal.reflect.NativeMethodAccessorImpl.invoke(NativeMethodAccessorImpl.java:62)
	at java.base@11.0.18/jdk.internal.reflect.DelegatingMethodAccessorImpl.invoke(DelegatingMethodAccessorImpl.java:43)
	at java.base@11.0.18/java.lang.reflect.Method.invoke(Method.java:566)
	at org.gradle.internal.dispatch.ReflectionDispatch.dispatch(ReflectionDispatch.java:36)
	at org.gradle.internal.dispatch.ReflectionDispatch.dispatch(ReflectionDispatch.java:24)
	at org.gradle.internal.dispatch.ContextClassLoaderDispatch.dispatch(ContextClassLoaderDispatch.java:33)
	at org.gradle.internal.dispatch.ProxyDispatchAdapter$DispatchingInvocationHandler.invoke(ProxyDispatchAdapter.java:94)
	at com.sun.proxy.$Proxy2.stop(Unknown Source)
	at org.gradle.api.internal.tasks.testing.worker.TestWorker$3.run(TestWorker.java:193)
	at org.gradle.api.internal.tasks.testing.worker.TestWorker.executeAndMaintainThreadName(TestWorker.java:129)
	at org.gradle.api.internal.tasks.testing.worker.TestWorker.execute(TestWorker.java:100)
	at org.gradle.api.internal.tasks.testing.worker.TestWorker.execute(TestWorker.java:60)
	at org.gradle.process.internal.worker.child.ActionExecutionWorker.execute(ActionExecutionWorker.java:56)
	at org.gradle.process.internal.worker.child.SystemApplicationClassLoaderWorker.call(SystemApplicationClassLoaderWorker.java:113)
	at org.gradle.process.internal.worker.child.SystemApplicationClassLoaderWorker.call(SystemApplicationClassLoaderWorker.java:65)
	at app//worker.org.gradle.process.internal.worker.GradleWorkerMain.run(GradleWorkerMain.java:69)
	at app//worker.org.gradle.process.internal.worker.GradleWorkerMain.main(GradleWorkerMain.java:74)
</failure>
  </testcase>
  <testcase name="project.key#2" classname="de.uka.ilkd.key.proof.runallproofs.RunAllProofsFunctional" time="0.896">
    <failure message="org.opentest4j.AssertionFailedError: Executed process terminated with non-zero exit value. ==&gt; expected: &lt;0&gt; but was: &lt;1&gt;" type="org.opentest4j.AssertionFailedError">org.opentest4j.AssertionFailedError: Executed process terminated with non-zero exit value. ==&gt; expected: &lt;0&gt; but was: &lt;1&gt;
	at app//org.junit.jupiter.api.AssertionUtils.fail(AssertionUtils.java:55)
	at app//org.junit.jupiter.api.AssertionUtils.failNotEqual(AssertionUtils.java:62)
	at app//org.junit.jupiter.api.AssertEquals.assertEquals(AssertEquals.java:150)
	at app//org.junit.jupiter.api.Assertions.assertEquals(Assertions.java:559)
	at app//de.uka.ilkd.key.proof.runallproofs.proofcollection.ForkedTestFileRunner.processTestFiles(ForkedTestFileRunner.java:129)
	at app//de.uka.ilkd.key.proof.runallproofs.RunAllProofsTestUnit.runTest(RunAllProofsTestUnit.java:85)
	at app//de.uka.ilkd.key.proof.runallproofs.RunAllProofsTest.lambda$data$0(RunAllProofsTest.java:83)
	at app//org.junit.jupiter.engine.descriptor.DynamicTestTestDescriptor.lambda$execute$0(DynamicTestTestDescriptor.java:53)
	at app//org.junit.jupiter.engine.execution.InvocationInterceptorChain$ValidatingInvocation.proceed(InvocationInterceptorChain.java:131)
	at app//org.junit.jupiter.api.extension.InvocationInterceptor.interceptDynamicTest(InvocationInterceptor.java:167)
	at app//org.junit.jupiter.api.extension.InvocationInterceptor.interceptDynamicTest(InvocationInterceptor.java:184)
	at app//org.junit.jupiter.engine.descriptor.DynamicTestTestDescriptor.lambda$execute$1(DynamicTestTestDescriptor.java:61)
	at app//org.junit.jupiter.engine.execution.InvocationInterceptorChain$InterceptorCall.lambda$ofVoid$0(InvocationInterceptorChain.java:78)
	at app//org.junit.jupiter.engine.execution.InvocationInterceptorChain$InterceptedInvocation.proceed(InvocationInterceptorChain.java:106)
	at app//org.junit.jupiter.engine.execution.InvocationInterceptorChain.proceed(InvocationInterceptorChain.java:64)
	at app//org.junit.jupiter.engine.execution.InvocationInterceptorChain.chainAndInvoke(InvocationInterceptorChain.java:45)
	at app//org.junit.jupiter.engine.execution.InvocationInterceptorChain.invoke(InvocationInterceptorChain.java:37)
	at app//org.junit.jupiter.engine.descriptor.DynamicTestTestDescriptor.execute(DynamicTestTestDescriptor.java:60)
	at app//org.junit.jupiter.engine.descriptor.DynamicTestTestDescriptor.execute(DynamicTestTestDescriptor.java:32)
	at app//org.junit.platform.engine.support.hierarchical.NodeTestTask.lambda$executeRecursively$6(NodeTestTask.java:151)
	at app//org.junit.platform.engine.support.hierarchical.ThrowableCollector.execute(ThrowableCollector.java:73)
	at app//org.junit.platform.engine.support.hierarchical.NodeTestTask.lambda$executeRecursively$8(NodeTestTask.java:141)
	at app//org.junit.platform.engine.support.hierarchical.Node.around(Node.java:137)
	at app//org.junit.platform.engine.support.hierarchical.NodeTestTask.lambda$executeRecursively$9(NodeTestTask.java:139)
	at app//org.junit.platform.engine.support.hierarchical.ThrowableCollector.execute(ThrowableCollector.java:73)
	at app//org.junit.platform.engine.support.hierarchical.NodeTestTask.executeRecursively(NodeTestTask.java:138)
	at app//org.junit.platform.engine.support.hierarchical.NodeTestTask.execute(NodeTestTask.java:95)
	at app//org.junit.platform.engine.support.hierarchical.SameThreadHierarchicalTestExecutorService.submit(SameThreadHierarchicalTestExecutorService.java:35)
	at app//org.junit.platform.engine.support.hierarchical.NodeTestTask$DefaultDynamicTestExecutor.execute(NodeTestTask.java:226)
	at app//org.junit.platform.engine.support.hierarchical.NodeTestTask$DefaultDynamicTestExecutor.execute(NodeTestTask.java:204)
	at java.base@11.0.18/java.util.Optional.ifPresent(Optional.java:183)
	at app//org.junit.jupiter.engine.descriptor.TestFactoryTestDescriptor.lambda$invokeTestMethod$1(TestFactoryTestDescriptor.java:108)
	at app//org.junit.platform.engine.support.hierarchical.ThrowableCollector.execute(ThrowableCollector.java:73)
	at app//org.junit.jupiter.engine.descriptor.TestFactoryTestDescriptor.invokeTestMethod(TestFactoryTestDescriptor.java:95)
	at app//org.junit.jupiter.engine.descriptor.TestMethodTestDescriptor.execute(TestMethodTestDescriptor.java:135)
	at app//org.junit.jupiter.engine.descriptor.TestMethodTestDescriptor.execute(TestMethodTestDescriptor.java:66)
	at app//org.junit.platform.engine.support.hierarchical.NodeTestTask.lambda$executeRecursively$6(NodeTestTask.java:151)
	at app//org.junit.platform.engine.support.hierarchical.ThrowableCollector.execute(ThrowableCollector.java:73)
	at app//org.junit.platform.engine.support.hierarchical.NodeTestTask.lambda$executeRecursively$8(NodeTestTask.java:141)
	at app//org.junit.platform.engine.support.hierarchical.Node.around(Node.java:137)
	at app//org.junit.platform.engine.support.hierarchical.NodeTestTask.lambda$executeRecursively$9(NodeTestTask.java:139)
	at app//org.junit.platform.engine.support.hierarchical.ThrowableCollector.execute(ThrowableCollector.java:73)
	at app//org.junit.platform.engine.support.hierarchical.NodeTestTask.executeRecursively(NodeTestTask.java:138)
	at app//org.junit.platform.engine.support.hierarchical.NodeTestTask.execute(NodeTestTask.java:95)
	at java.base@11.0.18/java.util.ArrayList.forEach(ArrayList.java:1541)
	at app//org.junit.platform.engine.support.hierarchical.SameThreadHierarchicalTestExecutorService.invokeAll(SameThreadHierarchicalTestExecutorService.java:41)
	at app//org.junit.platform.engine.support.hierarchical.NodeTestTask.lambda$executeRecursively$6(NodeTestTask.java:155)
	at app//org.junit.platform.engine.support.hierarchical.ThrowableCollector.execute(ThrowableCollector.java:73)
	at app//org.junit.platform.engine.support.hierarchical.NodeTestTask.lambda$executeRecursively$8(NodeTestTask.java:141)
	at app//org.junit.platform.engine.support.hierarchical.Node.around(Node.java:137)
	at app//org.junit.platform.engine.support.hierarchical.NodeTestTask.lambda$executeRecursively$9(NodeTestTask.java:139)
	at app//org.junit.platform.engine.support.hierarchical.ThrowableCollector.execute(ThrowableCollector.java:73)
	at app//org.junit.platform.engine.support.hierarchical.NodeTestTask.executeRecursively(NodeTestTask.java:138)
	at app//org.junit.platform.engine.support.hierarchical.NodeTestTask.execute(NodeTestTask.java:95)
	at java.base@11.0.18/java.util.ArrayList.forEach(ArrayList.java:1541)
	at app//org.junit.platform.engine.support.hierarchical.SameThreadHierarchicalTestExecutorService.invokeAll(SameThreadHierarchicalTestExecutorService.java:41)
	at app//org.junit.platform.engine.support.hierarchical.NodeTestTask.lambda$executeRecursively$6(NodeTestTask.java:155)
	at app//org.junit.platform.engine.support.hierarchical.ThrowableCollector.execute(ThrowableCollector.java:73)
	at app//org.junit.platform.engine.support.hierarchical.NodeTestTask.lambda$executeRecursively$8(NodeTestTask.java:141)
	at app//org.junit.platform.engine.support.hierarchical.Node.around(Node.java:137)
	at app//org.junit.platform.engine.support.hierarchical.NodeTestTask.lambda$executeRecursively$9(NodeTestTask.java:139)
	at app//org.junit.platform.engine.support.hierarchical.ThrowableCollector.execute(ThrowableCollector.java:73)
	at app//org.junit.platform.engine.support.hierarchical.NodeTestTask.executeRecursively(NodeTestTask.java:138)
	at app//org.junit.platform.engine.support.hierarchical.NodeTestTask.execute(NodeTestTask.java:95)
	at app//org.junit.platform.engine.support.hierarchical.SameThreadHierarchicalTestExecutorService.submit(SameThreadHierarchicalTestExecutorService.java:35)
	at app//org.junit.platform.engine.support.hierarchical.HierarchicalTestExecutor.execute(HierarchicalTestExecutor.java:57)
	at app//org.junit.platform.engine.support.hierarchical.HierarchicalTestEngine.execute(HierarchicalTestEngine.java:54)
	at org.junit.platform.launcher.core.EngineExecutionOrchestrator.execute(EngineExecutionOrchestrator.java:107)
	at org.junit.platform.launcher.core.EngineExecutionOrchestrator.execute(EngineExecutionOrchestrator.java:88)
	at org.junit.platform.launcher.core.EngineExecutionOrchestrator.lambda$execute$0(EngineExecutionOrchestrator.java:54)
	at org.junit.platform.launcher.core.EngineExecutionOrchestrator.withInterceptedStreams(EngineExecutionOrchestrator.java:67)
	at org.junit.platform.launcher.core.EngineExecutionOrchestrator.execute(EngineExecutionOrchestrator.java:52)
	at org.junit.platform.launcher.core.DefaultLauncher.execute(DefaultLauncher.java:114)
	at org.junit.platform.launcher.core.DefaultLauncher.execute(DefaultLauncher.java:86)
	at org.junit.platform.launcher.core.DefaultLauncherSession$DelegatingLauncher.execute(DefaultLauncherSession.java:86)
	at org.junit.platform.launcher.core.SessionPerRequestLauncher.execute(SessionPerRequestLauncher.java:53)
	at org.gradle.api.internal.tasks.testing.junitplatform.JUnitPlatformTestClassProcessor$CollectAllTestClassesExecutor.processAllTestClasses(JUnitPlatformTestClassProcessor.java:99)
	at org.gradle.api.internal.tasks.testing.junitplatform.JUnitPlatformTestClassProcessor$CollectAllTestClassesExecutor.access$000(JUnitPlatformTestClassProcessor.java:79)
	at org.gradle.api.internal.tasks.testing.junitplatform.JUnitPlatformTestClassProcessor.stop(JUnitPlatformTestClassProcessor.java:75)
	at org.gradle.api.internal.tasks.testing.SuiteTestClassProcessor.stop(SuiteTestClassProcessor.java:62)
	at java.base@11.0.18/jdk.internal.reflect.NativeMethodAccessorImpl.invoke0(Native Method)
	at java.base@11.0.18/jdk.internal.reflect.NativeMethodAccessorImpl.invoke(NativeMethodAccessorImpl.java:62)
	at java.base@11.0.18/jdk.internal.reflect.DelegatingMethodAccessorImpl.invoke(DelegatingMethodAccessorImpl.java:43)
	at java.base@11.0.18/java.lang.reflect.Method.invoke(Method.java:566)
	at org.gradle.internal.dispatch.ReflectionDispatch.dispatch(ReflectionDispatch.java:36)
	at org.gradle.internal.dispatch.ReflectionDispatch.dispatch(ReflectionDispatch.java:24)
	at org.gradle.internal.dispatch.ContextClassLoaderDispatch.dispatch(ContextClassLoaderDispatch.java:33)
	at org.gradle.internal.dispatch.ProxyDispatchAdapter$DispatchingInvocationHandler.invoke(ProxyDispatchAdapter.java:94)
	at com.sun.proxy.$Proxy2.stop(Unknown Source)
	at org.gradle.api.internal.tasks.testing.worker.TestWorker$3.run(TestWorker.java:193)
	at org.gradle.api.internal.tasks.testing.worker.TestWorker.executeAndMaintainThreadName(TestWorker.java:129)
	at org.gradle.api.internal.tasks.testing.worker.TestWorker.execute(TestWorker.java:100)
	at org.gradle.api.internal.tasks.testing.worker.TestWorker.execute(TestWorker.java:60)
	at org.gradle.process.internal.worker.child.ActionExecutionWorker.execute(ActionExecutionWorker.java:56)
	at org.gradle.process.internal.worker.child.SystemApplicationClassLoaderWorker.call(SystemApplicationClassLoaderWorker.java:113)
	at org.gradle.process.internal.worker.child.SystemApplicationClassLoaderWorker.call(SystemApplicationClassLoaderWorker.java:65)
	at app//worker.org.gradle.process.internal.worker.GradleWorkerMain.run(GradleWorkerMain.java:69)
	at app//worker.org.gradle.process.internal.worker.GradleWorkerMain.main(GradleWorkerMain.java:74)
</failure>
  </testcase>
  <testcase name="ArrayList_contains.key" classname="de.uka.ilkd.key.proof.runallproofs.RunAllProofsFunctional" time="0.86">
    <failure message="org.opentest4j.AssertionFailedError: Executed process terminated with non-zero exit value. ==&gt; expected: &lt;0&gt; but was: &lt;1&gt;" type="org.opentest4j.AssertionFailedError">org.opentest4j.AssertionFailedError: Executed process terminated with non-zero exit value. ==&gt; expected: &lt;0&gt; but was: &lt;1&gt;
	at app//org.junit.jupiter.api.AssertionUtils.fail(AssertionUtils.java:55)
	at app//org.junit.jupiter.api.AssertionUtils.failNotEqual(AssertionUtils.java:62)
	at app//org.junit.jupiter.api.AssertEquals.assertEquals(AssertEquals.java:150)
	at app//org.junit.jupiter.api.Assertions.assertEquals(Assertions.java:559)
	at app//de.uka.ilkd.key.proof.runallproofs.proofcollection.ForkedTestFileRunner.processTestFiles(ForkedTestFileRunner.java:129)
	at app//de.uka.ilkd.key.proof.runallproofs.RunAllProofsTestUnit.runTest(RunAllProofsTestUnit.java:85)
	at app//de.uka.ilkd.key.proof.runallproofs.RunAllProofsTest.lambda$data$0(RunAllProofsTest.java:83)
	at app//org.junit.jupiter.engine.descriptor.DynamicTestTestDescriptor.lambda$execute$0(DynamicTestTestDescriptor.java:53)
	at app//org.junit.jupiter.engine.execution.InvocationInterceptorChain$ValidatingInvocation.proceed(InvocationInterceptorChain.java:131)
	at app//org.junit.jupiter.api.extension.InvocationInterceptor.interceptDynamicTest(InvocationInterceptor.java:167)
	at app//org.junit.jupiter.api.extension.InvocationInterceptor.interceptDynamicTest(InvocationInterceptor.java:184)
	at app//org.junit.jupiter.engine.descriptor.DynamicTestTestDescriptor.lambda$execute$1(DynamicTestTestDescriptor.java:61)
	at app//org.junit.jupiter.engine.execution.InvocationInterceptorChain$InterceptorCall.lambda$ofVoid$0(InvocationInterceptorChain.java:78)
	at app//org.junit.jupiter.engine.execution.InvocationInterceptorChain$InterceptedInvocation.proceed(InvocationInterceptorChain.java:106)
	at app//org.junit.jupiter.engine.execution.InvocationInterceptorChain.proceed(InvocationInterceptorChain.java:64)
	at app//org.junit.jupiter.engine.execution.InvocationInterceptorChain.chainAndInvoke(InvocationInterceptorChain.java:45)
	at app//org.junit.jupiter.engine.execution.InvocationInterceptorChain.invoke(InvocationInterceptorChain.java:37)
	at app//org.junit.jupiter.engine.descriptor.DynamicTestTestDescriptor.execute(DynamicTestTestDescriptor.java:60)
	at app//org.junit.jupiter.engine.descriptor.DynamicTestTestDescriptor.execute(DynamicTestTestDescriptor.java:32)
	at app//org.junit.platform.engine.support.hierarchical.NodeTestTask.lambda$executeRecursively$6(NodeTestTask.java:151)
	at app//org.junit.platform.engine.support.hierarchical.ThrowableCollector.execute(ThrowableCollector.java:73)
	at app//org.junit.platform.engine.support.hierarchical.NodeTestTask.lambda$executeRecursively$8(NodeTestTask.java:141)
	at app//org.junit.platform.engine.support.hierarchical.Node.around(Node.java:137)
	at app//org.junit.platform.engine.support.hierarchical.NodeTestTask.lambda$executeRecursively$9(NodeTestTask.java:139)
	at app//org.junit.platform.engine.support.hierarchical.ThrowableCollector.execute(ThrowableCollector.java:73)
	at app//org.junit.platform.engine.support.hierarchical.NodeTestTask.executeRecursively(NodeTestTask.java:138)
	at app//org.junit.platform.engine.support.hierarchical.NodeTestTask.execute(NodeTestTask.java:95)
	at app//org.junit.platform.engine.support.hierarchical.SameThreadHierarchicalTestExecutorService.submit(SameThreadHierarchicalTestExecutorService.java:35)
	at app//org.junit.platform.engine.support.hierarchical.NodeTestTask$DefaultDynamicTestExecutor.execute(NodeTestTask.java:226)
	at app//org.junit.platform.engine.support.hierarchical.NodeTestTask$DefaultDynamicTestExecutor.execute(NodeTestTask.java:204)
	at java.base@11.0.18/java.util.Optional.ifPresent(Optional.java:183)
	at app//org.junit.jupiter.engine.descriptor.TestFactoryTestDescriptor.lambda$invokeTestMethod$1(TestFactoryTestDescriptor.java:108)
	at app//org.junit.platform.engine.support.hierarchical.ThrowableCollector.execute(ThrowableCollector.java:73)
	at app//org.junit.jupiter.engine.descriptor.TestFactoryTestDescriptor.invokeTestMethod(TestFactoryTestDescriptor.java:95)
	at app//org.junit.jupiter.engine.descriptor.TestMethodTestDescriptor.execute(TestMethodTestDescriptor.java:135)
	at app//org.junit.jupiter.engine.descriptor.TestMethodTestDescriptor.execute(TestMethodTestDescriptor.java:66)
	at app//org.junit.platform.engine.support.hierarchical.NodeTestTask.lambda$executeRecursively$6(NodeTestTask.java:151)
	at app//org.junit.platform.engine.support.hierarchical.ThrowableCollector.execute(ThrowableCollector.java:73)
	at app//org.junit.platform.engine.support.hierarchical.NodeTestTask.lambda$executeRecursively$8(NodeTestTask.java:141)
	at app//org.junit.platform.engine.support.hierarchical.Node.around(Node.java:137)
	at app//org.junit.platform.engine.support.hierarchical.NodeTestTask.lambda$executeRecursively$9(NodeTestTask.java:139)
	at app//org.junit.platform.engine.support.hierarchical.ThrowableCollector.execute(ThrowableCollector.java:73)
	at app//org.junit.platform.engine.support.hierarchical.NodeTestTask.executeRecursively(NodeTestTask.java:138)
	at app//org.junit.platform.engine.support.hierarchical.NodeTestTask.execute(NodeTestTask.java:95)
	at java.base@11.0.18/java.util.ArrayList.forEach(ArrayList.java:1541)
	at app//org.junit.platform.engine.support.hierarchical.SameThreadHierarchicalTestExecutorService.invokeAll(SameThreadHierarchicalTestExecutorService.java:41)
	at app//org.junit.platform.engine.support.hierarchical.NodeTestTask.lambda$executeRecursively$6(NodeTestTask.java:155)
	at app//org.junit.platform.engine.support.hierarchical.ThrowableCollector.execute(ThrowableCollector.java:73)
	at app//org.junit.platform.engine.support.hierarchical.NodeTestTask.lambda$executeRecursively$8(NodeTestTask.java:141)
	at app//org.junit.platform.engine.support.hierarchical.Node.around(Node.java:137)
	at app//org.junit.platform.engine.support.hierarchical.NodeTestTask.lambda$executeRecursively$9(NodeTestTask.java:139)
	at app//org.junit.platform.engine.support.hierarchical.ThrowableCollector.execute(ThrowableCollector.java:73)
	at app//org.junit.platform.engine.support.hierarchical.NodeTestTask.executeRecursively(NodeTestTask.java:138)
	at app//org.junit.platform.engine.support.hierarchical.NodeTestTask.execute(NodeTestTask.java:95)
	at java.base@11.0.18/java.util.ArrayList.forEach(ArrayList.java:1541)
	at app//org.junit.platform.engine.support.hierarchical.SameThreadHierarchicalTestExecutorService.invokeAll(SameThreadHierarchicalTestExecutorService.java:41)
	at app//org.junit.platform.engine.support.hierarchical.NodeTestTask.lambda$executeRecursively$6(NodeTestTask.java:155)
	at app//org.junit.platform.engine.support.hierarchical.ThrowableCollector.execute(ThrowableCollector.java:73)
	at app//org.junit.platform.engine.support.hierarchical.NodeTestTask.lambda$executeRecursively$8(NodeTestTask.java:141)
	at app//org.junit.platform.engine.support.hierarchical.Node.around(Node.java:137)
	at app//org.junit.platform.engine.support.hierarchical.NodeTestTask.lambda$executeRecursively$9(NodeTestTask.java:139)
	at app//org.junit.platform.engine.support.hierarchical.ThrowableCollector.execute(ThrowableCollector.java:73)
	at app//org.junit.platform.engine.support.hierarchical.NodeTestTask.executeRecursively(NodeTestTask.java:138)
	at app//org.junit.platform.engine.support.hierarchical.NodeTestTask.execute(NodeTestTask.java:95)
	at app//org.junit.platform.engine.support.hierarchical.SameThreadHierarchicalTestExecutorService.submit(SameThreadHierarchicalTestExecutorService.java:35)
	at app//org.junit.platform.engine.support.hierarchical.HierarchicalTestExecutor.execute(HierarchicalTestExecutor.java:57)
	at app//org.junit.platform.engine.support.hierarchical.HierarchicalTestEngine.execute(HierarchicalTestEngine.java:54)
	at org.junit.platform.launcher.core.EngineExecutionOrchestrator.execute(EngineExecutionOrchestrator.java:107)
	at org.junit.platform.launcher.core.EngineExecutionOrchestrator.execute(EngineExecutionOrchestrator.java:88)
	at org.junit.platform.launcher.core.EngineExecutionOrchestrator.lambda$execute$0(EngineExecutionOrchestrator.java:54)
	at org.junit.platform.launcher.core.EngineExecutionOrchestrator.withInterceptedStreams(EngineExecutionOrchestrator.java:67)
	at org.junit.platform.launcher.core.EngineExecutionOrchestrator.execute(EngineExecutionOrchestrator.java:52)
	at org.junit.platform.launcher.core.DefaultLauncher.execute(DefaultLauncher.java:114)
	at org.junit.platform.launcher.core.DefaultLauncher.execute(DefaultLauncher.java:86)
	at org.junit.platform.launcher.core.DefaultLauncherSession$DelegatingLauncher.execute(DefaultLauncherSession.java:86)
	at org.junit.platform.launcher.core.SessionPerRequestLauncher.execute(SessionPerRequestLauncher.java:53)
	at org.gradle.api.internal.tasks.testing.junitplatform.JUnitPlatformTestClassProcessor$CollectAllTestClassesExecutor.processAllTestClasses(JUnitPlatformTestClassProcessor.java:99)
	at org.gradle.api.internal.tasks.testing.junitplatform.JUnitPlatformTestClassProcessor$CollectAllTestClassesExecutor.access$000(JUnitPlatformTestClassProcessor.java:79)
	at org.gradle.api.internal.tasks.testing.junitplatform.JUnitPlatformTestClassProcessor.stop(JUnitPlatformTestClassProcessor.java:75)
	at org.gradle.api.internal.tasks.testing.SuiteTestClassProcessor.stop(SuiteTestClassProcessor.java:62)
	at java.base@11.0.18/jdk.internal.reflect.NativeMethodAccessorImpl.invoke0(Native Method)
	at java.base@11.0.18/jdk.internal.reflect.NativeMethodAccessorImpl.invoke(NativeMethodAccessorImpl.java:62)
	at java.base@11.0.18/jdk.internal.reflect.DelegatingMethodAccessorImpl.invoke(DelegatingMethodAccessorImpl.java:43)
	at java.base@11.0.18/java.lang.reflect.Method.invoke(Method.java:566)
	at org.gradle.internal.dispatch.ReflectionDispatch.dispatch(ReflectionDispatch.java:36)
	at org.gradle.internal.dispatch.ReflectionDispatch.dispatch(ReflectionDispatch.java:24)
	at org.gradle.internal.dispatch.ContextClassLoaderDispatch.dispatch(ContextClassLoaderDispatch.java:33)
	at org.gradle.internal.dispatch.ProxyDispatchAdapter$DispatchingInvocationHandler.invoke(ProxyDispatchAdapter.java:94)
	at com.sun.proxy.$Proxy2.stop(Unknown Source)
	at org.gradle.api.internal.tasks.testing.worker.TestWorker$3.run(TestWorker.java:193)
	at org.gradle.api.internal.tasks.testing.worker.TestWorker.executeAndMaintainThreadName(TestWorker.java:129)
	at org.gradle.api.internal.tasks.testing.worker.TestWorker.execute(TestWorker.java:100)
	at org.gradle.api.internal.tasks.testing.worker.TestWorker.execute(TestWorker.java:60)
	at org.gradle.process.internal.worker.child.ActionExecutionWorker.execute(ActionExecutionWorker.java:56)
	at org.gradle.process.internal.worker.child.SystemApplicationClassLoaderWorker.call(SystemApplicationClassLoaderWorker.java:113)
	at org.gradle.process.internal.worker.child.SystemApplicationClassLoaderWorker.call(SystemApplicationClassLoaderWorker.java:65)
	at app//worker.org.gradle.process.internal.worker.GradleWorkerMain.run(GradleWorkerMain.java:69)
	at app//worker.org.gradle.process.internal.worker.GradleWorkerMain.main(GradleWorkerMain.java:74)
</failure>
  </testcase>
  <testcase name="ArrayList_get.key" classname="de.uka.ilkd.key.proof.runallproofs.RunAllProofsFunctional" time="0.841">
    <failure message="org.opentest4j.AssertionFailedError: Executed process terminated with non-zero exit value. ==&gt; expected: &lt;0&gt; but was: &lt;1&gt;" type="org.opentest4j.AssertionFailedError">org.opentest4j.AssertionFailedError: Executed process terminated with non-zero exit value. ==&gt; expected: &lt;0&gt; but was: &lt;1&gt;
	at app//org.junit.jupiter.api.AssertionUtils.fail(AssertionUtils.java:55)
	at app//org.junit.jupiter.api.AssertionUtils.failNotEqual(AssertionUtils.java:62)
	at app//org.junit.jupiter.api.AssertEquals.assertEquals(AssertEquals.java:150)
	at app//org.junit.jupiter.api.Assertions.assertEquals(Assertions.java:559)
	at app//de.uka.ilkd.key.proof.runallproofs.proofcollection.ForkedTestFileRunner.processTestFiles(ForkedTestFileRunner.java:129)
	at app//de.uka.ilkd.key.proof.runallproofs.RunAllProofsTestUnit.runTest(RunAllProofsTestUnit.java:85)
	at app//de.uka.ilkd.key.proof.runallproofs.RunAllProofsTest.lambda$data$0(RunAllProofsTest.java:83)
	at app//org.junit.jupiter.engine.descriptor.DynamicTestTestDescriptor.lambda$execute$0(DynamicTestTestDescriptor.java:53)
	at app//org.junit.jupiter.engine.execution.InvocationInterceptorChain$ValidatingInvocation.proceed(InvocationInterceptorChain.java:131)
	at app//org.junit.jupiter.api.extension.InvocationInterceptor.interceptDynamicTest(InvocationInterceptor.java:167)
	at app//org.junit.jupiter.api.extension.InvocationInterceptor.interceptDynamicTest(InvocationInterceptor.java:184)
	at app//org.junit.jupiter.engine.descriptor.DynamicTestTestDescriptor.lambda$execute$1(DynamicTestTestDescriptor.java:61)
	at app//org.junit.jupiter.engine.execution.InvocationInterceptorChain$InterceptorCall.lambda$ofVoid$0(InvocationInterceptorChain.java:78)
	at app//org.junit.jupiter.engine.execution.InvocationInterceptorChain$InterceptedInvocation.proceed(InvocationInterceptorChain.java:106)
	at app//org.junit.jupiter.engine.execution.InvocationInterceptorChain.proceed(InvocationInterceptorChain.java:64)
	at app//org.junit.jupiter.engine.execution.InvocationInterceptorChain.chainAndInvoke(InvocationInterceptorChain.java:45)
	at app//org.junit.jupiter.engine.execution.InvocationInterceptorChain.invoke(InvocationInterceptorChain.java:37)
	at app//org.junit.jupiter.engine.descriptor.DynamicTestTestDescriptor.execute(DynamicTestTestDescriptor.java:60)
	at app//org.junit.jupiter.engine.descriptor.DynamicTestTestDescriptor.execute(DynamicTestTestDescriptor.java:32)
	at app//org.junit.platform.engine.support.hierarchical.NodeTestTask.lambda$executeRecursively$6(NodeTestTask.java:151)
	at app//org.junit.platform.engine.support.hierarchical.ThrowableCollector.execute(ThrowableCollector.java:73)
	at app//org.junit.platform.engine.support.hierarchical.NodeTestTask.lambda$executeRecursively$8(NodeTestTask.java:141)
	at app//org.junit.platform.engine.support.hierarchical.Node.around(Node.java:137)
	at app//org.junit.platform.engine.support.hierarchical.NodeTestTask.lambda$executeRecursively$9(NodeTestTask.java:139)
	at app//org.junit.platform.engine.support.hierarchical.ThrowableCollector.execute(ThrowableCollector.java:73)
	at app//org.junit.platform.engine.support.hierarchical.NodeTestTask.executeRecursively(NodeTestTask.java:138)
	at app//org.junit.platform.engine.support.hierarchical.NodeTestTask.execute(NodeTestTask.java:95)
	at app//org.junit.platform.engine.support.hierarchical.SameThreadHierarchicalTestExecutorService.submit(SameThreadHierarchicalTestExecutorService.java:35)
	at app//org.junit.platform.engine.support.hierarchical.NodeTestTask$DefaultDynamicTestExecutor.execute(NodeTestTask.java:226)
	at app//org.junit.platform.engine.support.hierarchical.NodeTestTask$DefaultDynamicTestExecutor.execute(NodeTestTask.java:204)
	at java.base@11.0.18/java.util.Optional.ifPresent(Optional.java:183)
	at app//org.junit.jupiter.engine.descriptor.TestFactoryTestDescriptor.lambda$invokeTestMethod$1(TestFactoryTestDescriptor.java:108)
	at app//org.junit.platform.engine.support.hierarchical.ThrowableCollector.execute(ThrowableCollector.java:73)
	at app//org.junit.jupiter.engine.descriptor.TestFactoryTestDescriptor.invokeTestMethod(TestFactoryTestDescriptor.java:95)
	at app//org.junit.jupiter.engine.descriptor.TestMethodTestDescriptor.execute(TestMethodTestDescriptor.java:135)
	at app//org.junit.jupiter.engine.descriptor.TestMethodTestDescriptor.execute(TestMethodTestDescriptor.java:66)
	at app//org.junit.platform.engine.support.hierarchical.NodeTestTask.lambda$executeRecursively$6(NodeTestTask.java:151)
	at app//org.junit.platform.engine.support.hierarchical.ThrowableCollector.execute(ThrowableCollector.java:73)
	at app//org.junit.platform.engine.support.hierarchical.NodeTestTask.lambda$executeRecursively$8(NodeTestTask.java:141)
	at app//org.junit.platform.engine.support.hierarchical.Node.around(Node.java:137)
	at app//org.junit.platform.engine.support.hierarchical.NodeTestTask.lambda$executeRecursively$9(NodeTestTask.java:139)
	at app//org.junit.platform.engine.support.hierarchical.ThrowableCollector.execute(ThrowableCollector.java:73)
	at app//org.junit.platform.engine.support.hierarchical.NodeTestTask.executeRecursively(NodeTestTask.java:138)
	at app//org.junit.platform.engine.support.hierarchical.NodeTestTask.execute(NodeTestTask.java:95)
	at java.base@11.0.18/java.util.ArrayList.forEach(ArrayList.java:1541)
	at app//org.junit.platform.engine.support.hierarchical.SameThreadHierarchicalTestExecutorService.invokeAll(SameThreadHierarchicalTestExecutorService.java:41)
	at app//org.junit.platform.engine.support.hierarchical.NodeTestTask.lambda$executeRecursively$6(NodeTestTask.java:155)
	at app//org.junit.platform.engine.support.hierarchical.ThrowableCollector.execute(ThrowableCollector.java:73)
	at app//org.junit.platform.engine.support.hierarchical.NodeTestTask.lambda$executeRecursively$8(NodeTestTask.java:141)
	at app//org.junit.platform.engine.support.hierarchical.Node.around(Node.java:137)
	at app//org.junit.platform.engine.support.hierarchical.NodeTestTask.lambda$executeRecursively$9(NodeTestTask.java:139)
	at app//org.junit.platform.engine.support.hierarchical.ThrowableCollector.execute(ThrowableCollector.java:73)
	at app//org.junit.platform.engine.support.hierarchical.NodeTestTask.executeRecursively(NodeTestTask.java:138)
	at app//org.junit.platform.engine.support.hierarchical.NodeTestTask.execute(NodeTestTask.java:95)
	at java.base@11.0.18/java.util.ArrayList.forEach(ArrayList.java:1541)
	at app//org.junit.platform.engine.support.hierarchical.SameThreadHierarchicalTestExecutorService.invokeAll(SameThreadHierarchicalTestExecutorService.java:41)
	at app//org.junit.platform.engine.support.hierarchical.NodeTestTask.lambda$executeRecursively$6(NodeTestTask.java:155)
	at app//org.junit.platform.engine.support.hierarchical.ThrowableCollector.execute(ThrowableCollector.java:73)
	at app//org.junit.platform.engine.support.hierarchical.NodeTestTask.lambda$executeRecursively$8(NodeTestTask.java:141)
	at app//org.junit.platform.engine.support.hierarchical.Node.around(Node.java:137)
	at app//org.junit.platform.engine.support.hierarchical.NodeTestTask.lambda$executeRecursively$9(NodeTestTask.java:139)
	at app//org.junit.platform.engine.support.hierarchical.ThrowableCollector.execute(ThrowableCollector.java:73)
	at app//org.junit.platform.engine.support.hierarchical.NodeTestTask.executeRecursively(NodeTestTask.java:138)
	at app//org.junit.platform.engine.support.hierarchical.NodeTestTask.execute(NodeTestTask.java:95)
	at app//org.junit.platform.engine.support.hierarchical.SameThreadHierarchicalTestExecutorService.submit(SameThreadHierarchicalTestExecutorService.java:35)
	at app//org.junit.platform.engine.support.hierarchical.HierarchicalTestExecutor.execute(HierarchicalTestExecutor.java:57)
	at app//org.junit.platform.engine.support.hierarchical.HierarchicalTestEngine.execute(HierarchicalTestEngine.java:54)
	at org.junit.platform.launcher.core.EngineExecutionOrchestrator.execute(EngineExecutionOrchestrator.java:107)
	at org.junit.platform.launcher.core.EngineExecutionOrchestrator.execute(EngineExecutionOrchestrator.java:88)
	at org.junit.platform.launcher.core.EngineExecutionOrchestrator.lambda$execute$0(EngineExecutionOrchestrator.java:54)
	at org.junit.platform.launcher.core.EngineExecutionOrchestrator.withInterceptedStreams(EngineExecutionOrchestrator.java:67)
	at org.junit.platform.launcher.core.EngineExecutionOrchestrator.execute(EngineExecutionOrchestrator.java:52)
	at org.junit.platform.launcher.core.DefaultLauncher.execute(DefaultLauncher.java:114)
	at org.junit.platform.launcher.core.DefaultLauncher.execute(DefaultLauncher.java:86)
	at org.junit.platform.launcher.core.DefaultLauncherSession$DelegatingLauncher.execute(DefaultLauncherSession.java:86)
	at org.junit.platform.launcher.core.SessionPerRequestLauncher.execute(SessionPerRequestLauncher.java:53)
	at org.gradle.api.internal.tasks.testing.junitplatform.JUnitPlatformTestClassProcessor$CollectAllTestClassesExecutor.processAllTestClasses(JUnitPlatformTestClassProcessor.java:99)
	at org.gradle.api.internal.tasks.testing.junitplatform.JUnitPlatformTestClassProcessor$CollectAllTestClassesExecutor.access$000(JUnitPlatformTestClassProcessor.java:79)
	at org.gradle.api.internal.tasks.testing.junitplatform.JUnitPlatformTestClassProcessor.stop(JUnitPlatformTestClassProcessor.java:75)
	at org.gradle.api.internal.tasks.testing.SuiteTestClassProcessor.stop(SuiteTestClassProcessor.java:62)
	at java.base@11.0.18/jdk.internal.reflect.NativeMethodAccessorImpl.invoke0(Native Method)
	at java.base@11.0.18/jdk.internal.reflect.NativeMethodAccessorImpl.invoke(NativeMethodAccessorImpl.java:62)
	at java.base@11.0.18/jdk.internal.reflect.DelegatingMethodAccessorImpl.invoke(DelegatingMethodAccessorImpl.java:43)
	at java.base@11.0.18/java.lang.reflect.Method.invoke(Method.java:566)
	at org.gradle.internal.dispatch.ReflectionDispatch.dispatch(ReflectionDispatch.java:36)
	at org.gradle.internal.dispatch.ReflectionDispatch.dispatch(ReflectionDispatch.java:24)
	at org.gradle.internal.dispatch.ContextClassLoaderDispatch.dispatch(ContextClassLoaderDispatch.java:33)
	at org.gradle.internal.dispatch.ProxyDispatchAdapter$DispatchingInvocationHandler.invoke(ProxyDispatchAdapter.java:94)
	at com.sun.proxy.$Proxy2.stop(Unknown Source)
	at org.gradle.api.internal.tasks.testing.worker.TestWorker$3.run(TestWorker.java:193)
	at org.gradle.api.internal.tasks.testing.worker.TestWorker.executeAndMaintainThreadName(TestWorker.java:129)
	at org.gradle.api.internal.tasks.testing.worker.TestWorker.execute(TestWorker.java:100)
	at org.gradle.api.internal.tasks.testing.worker.TestWorker.execute(TestWorker.java:60)
	at org.gradle.process.internal.worker.child.ActionExecutionWorker.execute(ActionExecutionWorker.java:56)
	at org.gradle.process.internal.worker.child.SystemApplicationClassLoaderWorker.call(SystemApplicationClassLoaderWorker.java:113)
	at org.gradle.process.internal.worker.child.SystemApplicationClassLoaderWorker.call(SystemApplicationClassLoaderWorker.java:65)
	at app//worker.org.gradle.process.internal.worker.GradleWorkerMain.run(GradleWorkerMain.java:69)
	at app//worker.org.gradle.process.internal.worker.GradleWorkerMain.main(GradleWorkerMain.java:74)
</failure>
  </testcase>
  <testcase name="ArrayList_size.key" classname="de.uka.ilkd.key.proof.runallproofs.RunAllProofsFunctional" time="0.831">
    <failure message="org.opentest4j.AssertionFailedError: Executed process terminated with non-zero exit value. ==&gt; expected: &lt;0&gt; but was: &lt;1&gt;" type="org.opentest4j.AssertionFailedError">org.opentest4j.AssertionFailedError: Executed process terminated with non-zero exit value. ==&gt; expected: &lt;0&gt; but was: &lt;1&gt;
	at app//org.junit.jupiter.api.AssertionUtils.fail(AssertionUtils.java:55)
	at app//org.junit.jupiter.api.AssertionUtils.failNotEqual(AssertionUtils.java:62)
	at app//org.junit.jupiter.api.AssertEquals.assertEquals(AssertEquals.java:150)
	at app//org.junit.jupiter.api.Assertions.assertEquals(Assertions.java:559)
	at app//de.uka.ilkd.key.proof.runallproofs.proofcollection.ForkedTestFileRunner.processTestFiles(ForkedTestFileRunner.java:129)
	at app//de.uka.ilkd.key.proof.runallproofs.RunAllProofsTestUnit.runTest(RunAllProofsTestUnit.java:85)
	at app//de.uka.ilkd.key.proof.runallproofs.RunAllProofsTest.lambda$data$0(RunAllProofsTest.java:83)
	at app//org.junit.jupiter.engine.descriptor.DynamicTestTestDescriptor.lambda$execute$0(DynamicTestTestDescriptor.java:53)
	at app//org.junit.jupiter.engine.execution.InvocationInterceptorChain$ValidatingInvocation.proceed(InvocationInterceptorChain.java:131)
	at app//org.junit.jupiter.api.extension.InvocationInterceptor.interceptDynamicTest(InvocationInterceptor.java:167)
	at app//org.junit.jupiter.api.extension.InvocationInterceptor.interceptDynamicTest(InvocationInterceptor.java:184)
	at app//org.junit.jupiter.engine.descriptor.DynamicTestTestDescriptor.lambda$execute$1(DynamicTestTestDescriptor.java:61)
	at app//org.junit.jupiter.engine.execution.InvocationInterceptorChain$InterceptorCall.lambda$ofVoid$0(InvocationInterceptorChain.java:78)
	at app//org.junit.jupiter.engine.execution.InvocationInterceptorChain$InterceptedInvocation.proceed(InvocationInterceptorChain.java:106)
	at app//org.junit.jupiter.engine.execution.InvocationInterceptorChain.proceed(InvocationInterceptorChain.java:64)
	at app//org.junit.jupiter.engine.execution.InvocationInterceptorChain.chainAndInvoke(InvocationInterceptorChain.java:45)
	at app//org.junit.jupiter.engine.execution.InvocationInterceptorChain.invoke(InvocationInterceptorChain.java:37)
	at app//org.junit.jupiter.engine.descriptor.DynamicTestTestDescriptor.execute(DynamicTestTestDescriptor.java:60)
	at app//org.junit.jupiter.engine.descriptor.DynamicTestTestDescriptor.execute(DynamicTestTestDescriptor.java:32)
	at app//org.junit.platform.engine.support.hierarchical.NodeTestTask.lambda$executeRecursively$6(NodeTestTask.java:151)
	at app//org.junit.platform.engine.support.hierarchical.ThrowableCollector.execute(ThrowableCollector.java:73)
	at app//org.junit.platform.engine.support.hierarchical.NodeTestTask.lambda$executeRecursively$8(NodeTestTask.java:141)
	at app//org.junit.platform.engine.support.hierarchical.Node.around(Node.java:137)
	at app//org.junit.platform.engine.support.hierarchical.NodeTestTask.lambda$executeRecursively$9(NodeTestTask.java:139)
	at app//org.junit.platform.engine.support.hierarchical.ThrowableCollector.execute(ThrowableCollector.java:73)
	at app//org.junit.platform.engine.support.hierarchical.NodeTestTask.executeRecursively(NodeTestTask.java:138)
	at app//org.junit.platform.engine.support.hierarchical.NodeTestTask.execute(NodeTestTask.java:95)
	at app//org.junit.platform.engine.support.hierarchical.SameThreadHierarchicalTestExecutorService.submit(SameThreadHierarchicalTestExecutorService.java:35)
	at app//org.junit.platform.engine.support.hierarchical.NodeTestTask$DefaultDynamicTestExecutor.execute(NodeTestTask.java:226)
	at app//org.junit.platform.engine.support.hierarchical.NodeTestTask$DefaultDynamicTestExecutor.execute(NodeTestTask.java:204)
	at java.base@11.0.18/java.util.Optional.ifPresent(Optional.java:183)
	at app//org.junit.jupiter.engine.descriptor.TestFactoryTestDescriptor.lambda$invokeTestMethod$1(TestFactoryTestDescriptor.java:108)
	at app//org.junit.platform.engine.support.hierarchical.ThrowableCollector.execute(ThrowableCollector.java:73)
	at app//org.junit.jupiter.engine.descriptor.TestFactoryTestDescriptor.invokeTestMethod(TestFactoryTestDescriptor.java:95)
	at app//org.junit.jupiter.engine.descriptor.TestMethodTestDescriptor.execute(TestMethodTestDescriptor.java:135)
	at app//org.junit.jupiter.engine.descriptor.TestMethodTestDescriptor.execute(TestMethodTestDescriptor.java:66)
	at app//org.junit.platform.engine.support.hierarchical.NodeTestTask.lambda$executeRecursively$6(NodeTestTask.java:151)
	at app//org.junit.platform.engine.support.hierarchical.ThrowableCollector.execute(ThrowableCollector.java:73)
	at app//org.junit.platform.engine.support.hierarchical.NodeTestTask.lambda$executeRecursively$8(NodeTestTask.java:141)
	at app//org.junit.platform.engine.support.hierarchical.Node.around(Node.java:137)
	at app//org.junit.platform.engine.support.hierarchical.NodeTestTask.lambda$executeRecursively$9(NodeTestTask.java:139)
	at app//org.junit.platform.engine.support.hierarchical.ThrowableCollector.execute(ThrowableCollector.java:73)
	at app//org.junit.platform.engine.support.hierarchical.NodeTestTask.executeRecursively(NodeTestTask.java:138)
	at app//org.junit.platform.engine.support.hierarchical.NodeTestTask.execute(NodeTestTask.java:95)
	at java.base@11.0.18/java.util.ArrayList.forEach(ArrayList.java:1541)
	at app//org.junit.platform.engine.support.hierarchical.SameThreadHierarchicalTestExecutorService.invokeAll(SameThreadHierarchicalTestExecutorService.java:41)
	at app//org.junit.platform.engine.support.hierarchical.NodeTestTask.lambda$executeRecursively$6(NodeTestTask.java:155)
	at app//org.junit.platform.engine.support.hierarchical.ThrowableCollector.execute(ThrowableCollector.java:73)
	at app//org.junit.platform.engine.support.hierarchical.NodeTestTask.lambda$executeRecursively$8(NodeTestTask.java:141)
	at app//org.junit.platform.engine.support.hierarchical.Node.around(Node.java:137)
	at app//org.junit.platform.engine.support.hierarchical.NodeTestTask.lambda$executeRecursively$9(NodeTestTask.java:139)
	at app//org.junit.platform.engine.support.hierarchical.ThrowableCollector.execute(ThrowableCollector.java:73)
	at app//org.junit.platform.engine.support.hierarchical.NodeTestTask.executeRecursively(NodeTestTask.java:138)
	at app//org.junit.platform.engine.support.hierarchical.NodeTestTask.execute(NodeTestTask.java:95)
	at java.base@11.0.18/java.util.ArrayList.forEach(ArrayList.java:1541)
	at app//org.junit.platform.engine.support.hierarchical.SameThreadHierarchicalTestExecutorService.invokeAll(SameThreadHierarchicalTestExecutorService.java:41)
	at app//org.junit.platform.engine.support.hierarchical.NodeTestTask.lambda$executeRecursively$6(NodeTestTask.java:155)
	at app//org.junit.platform.engine.support.hierarchical.ThrowableCollector.execute(ThrowableCollector.java:73)
	at app//org.junit.platform.engine.support.hierarchical.NodeTestTask.lambda$executeRecursively$8(NodeTestTask.java:141)
	at app//org.junit.platform.engine.support.hierarchical.Node.around(Node.java:137)
	at app//org.junit.platform.engine.support.hierarchical.NodeTestTask.lambda$executeRecursively$9(NodeTestTask.java:139)
	at app//org.junit.platform.engine.support.hierarchical.ThrowableCollector.execute(ThrowableCollector.java:73)
	at app//org.junit.platform.engine.support.hierarchical.NodeTestTask.executeRecursively(NodeTestTask.java:138)
	at app//org.junit.platform.engine.support.hierarchical.NodeTestTask.execute(NodeTestTask.java:95)
	at app//org.junit.platform.engine.support.hierarchical.SameThreadHierarchicalTestExecutorService.submit(SameThreadHierarchicalTestExecutorService.java:35)
	at app//org.junit.platform.engine.support.hierarchical.HierarchicalTestExecutor.execute(HierarchicalTestExecutor.java:57)
	at app//org.junit.platform.engine.support.hierarchical.HierarchicalTestEngine.execute(HierarchicalTestEngine.java:54)
	at org.junit.platform.launcher.core.EngineExecutionOrchestrator.execute(EngineExecutionOrchestrator.java:107)
	at org.junit.platform.launcher.core.EngineExecutionOrchestrator.execute(EngineExecutionOrchestrator.java:88)
	at org.junit.platform.launcher.core.EngineExecutionOrchestrator.lambda$execute$0(EngineExecutionOrchestrator.java:54)
	at org.junit.platform.launcher.core.EngineExecutionOrchestrator.withInterceptedStreams(EngineExecutionOrchestrator.java:67)
	at org.junit.platform.launcher.core.EngineExecutionOrchestrator.execute(EngineExecutionOrchestrator.java:52)
	at org.junit.platform.launcher.core.DefaultLauncher.execute(DefaultLauncher.java:114)
	at org.junit.platform.launcher.core.DefaultLauncher.execute(DefaultLauncher.java:86)
	at org.junit.platform.launcher.core.DefaultLauncherSession$DelegatingLauncher.execute(DefaultLauncherSession.java:86)
	at org.junit.platform.launcher.core.SessionPerRequestLauncher.execute(SessionPerRequestLauncher.java:53)
	at org.gradle.api.internal.tasks.testing.junitplatform.JUnitPlatformTestClassProcessor$CollectAllTestClassesExecutor.processAllTestClasses(JUnitPlatformTestClassProcessor.java:99)
	at org.gradle.api.internal.tasks.testing.junitplatform.JUnitPlatformTestClassProcessor$CollectAllTestClassesExecutor.access$000(JUnitPlatformTestClassProcessor.java:79)
	at org.gradle.api.internal.tasks.testing.junitplatform.JUnitPlatformTestClassProcessor.stop(JUnitPlatformTestClassProcessor.java:75)
	at org.gradle.api.internal.tasks.testing.SuiteTestClassProcessor.stop(SuiteTestClassProcessor.java:62)
	at java.base@11.0.18/jdk.internal.reflect.NativeMethodAccessorImpl.invoke0(Native Method)
	at java.base@11.0.18/jdk.internal.reflect.NativeMethodAccessorImpl.invoke(NativeMethodAccessorImpl.java:62)
	at java.base@11.0.18/jdk.internal.reflect.DelegatingMethodAccessorImpl.invoke(DelegatingMethodAccessorImpl.java:43)
	at java.base@11.0.18/java.lang.reflect.Method.invoke(Method.java:566)
	at org.gradle.internal.dispatch.ReflectionDispatch.dispatch(ReflectionDispatch.java:36)
	at org.gradle.internal.dispatch.ReflectionDispatch.dispatch(ReflectionDispatch.java:24)
	at org.gradle.internal.dispatch.ContextClassLoaderDispatch.dispatch(ContextClassLoaderDispatch.java:33)
	at org.gradle.internal.dispatch.ProxyDispatchAdapter$DispatchingInvocationHandler.invoke(ProxyDispatchAdapter.java:94)
	at com.sun.proxy.$Proxy2.stop(Unknown Source)
	at org.gradle.api.internal.tasks.testing.worker.TestWorker$3.run(TestWorker.java:193)
	at org.gradle.api.internal.tasks.testing.worker.TestWorker.executeAndMaintainThreadName(TestWorker.java:129)
	at org.gradle.api.internal.tasks.testing.worker.TestWorker.execute(TestWorker.java:100)
	at org.gradle.api.internal.tasks.testing.worker.TestWorker.execute(TestWorker.java:60)
	at org.gradle.process.internal.worker.child.ActionExecutionWorker.execute(ActionExecutionWorker.java:56)
	at org.gradle.process.internal.worker.child.SystemApplicationClassLoaderWorker.call(SystemApplicationClassLoaderWorker.java:113)
	at org.gradle.process.internal.worker.child.SystemApplicationClassLoaderWorker.call(SystemApplicationClassLoaderWorker.java:65)
	at app//worker.org.gradle.process.internal.worker.GradleWorkerMain.run(GradleWorkerMain.java:69)
	at app//worker.org.gradle.process.internal.worker.GradleWorkerMain.main(GradleWorkerMain.java:74)
</failure>
  </testcase>
  <testcase name="UpdateAbstraction_ex7_3_secure.key" classname="de.uka.ilkd.key.proof.runallproofs.RunAllProofsFunctional" time="0.793">
    <failure message="org.opentest4j.AssertionFailedError: Executed process terminated with non-zero exit value. ==&gt; expected: &lt;0&gt; but was: &lt;1&gt;" type="org.opentest4j.AssertionFailedError">org.opentest4j.AssertionFailedError: Executed process terminated with non-zero exit value. ==&gt; expected: &lt;0&gt; but was: &lt;1&gt;
	at app//org.junit.jupiter.api.AssertionUtils.fail(AssertionUtils.java:55)
	at app//org.junit.jupiter.api.AssertionUtils.failNotEqual(AssertionUtils.java:62)
	at app//org.junit.jupiter.api.AssertEquals.assertEquals(AssertEquals.java:150)
	at app//org.junit.jupiter.api.Assertions.assertEquals(Assertions.java:559)
	at app//de.uka.ilkd.key.proof.runallproofs.proofcollection.ForkedTestFileRunner.processTestFiles(ForkedTestFileRunner.java:129)
	at app//de.uka.ilkd.key.proof.runallproofs.RunAllProofsTestUnit.runTest(RunAllProofsTestUnit.java:85)
	at app//de.uka.ilkd.key.proof.runallproofs.RunAllProofsTest.lambda$data$0(RunAllProofsTest.java:83)
	at app//org.junit.jupiter.engine.descriptor.DynamicTestTestDescriptor.lambda$execute$0(DynamicTestTestDescriptor.java:53)
	at app//org.junit.jupiter.engine.execution.InvocationInterceptorChain$ValidatingInvocation.proceed(InvocationInterceptorChain.java:131)
	at app//org.junit.jupiter.api.extension.InvocationInterceptor.interceptDynamicTest(InvocationInterceptor.java:167)
	at app//org.junit.jupiter.api.extension.InvocationInterceptor.interceptDynamicTest(InvocationInterceptor.java:184)
	at app//org.junit.jupiter.engine.descriptor.DynamicTestTestDescriptor.lambda$execute$1(DynamicTestTestDescriptor.java:61)
	at app//org.junit.jupiter.engine.execution.InvocationInterceptorChain$InterceptorCall.lambda$ofVoid$0(InvocationInterceptorChain.java:78)
	at app//org.junit.jupiter.engine.execution.InvocationInterceptorChain$InterceptedInvocation.proceed(InvocationInterceptorChain.java:106)
	at app//org.junit.jupiter.engine.execution.InvocationInterceptorChain.proceed(InvocationInterceptorChain.java:64)
	at app//org.junit.jupiter.engine.execution.InvocationInterceptorChain.chainAndInvoke(InvocationInterceptorChain.java:45)
	at app//org.junit.jupiter.engine.execution.InvocationInterceptorChain.invoke(InvocationInterceptorChain.java:37)
	at app//org.junit.jupiter.engine.descriptor.DynamicTestTestDescriptor.execute(DynamicTestTestDescriptor.java:60)
	at app//org.junit.jupiter.engine.descriptor.DynamicTestTestDescriptor.execute(DynamicTestTestDescriptor.java:32)
	at app//org.junit.platform.engine.support.hierarchical.NodeTestTask.lambda$executeRecursively$6(NodeTestTask.java:151)
	at app//org.junit.platform.engine.support.hierarchical.ThrowableCollector.execute(ThrowableCollector.java:73)
	at app//org.junit.platform.engine.support.hierarchical.NodeTestTask.lambda$executeRecursively$8(NodeTestTask.java:141)
	at app//org.junit.platform.engine.support.hierarchical.Node.around(Node.java:137)
	at app//org.junit.platform.engine.support.hierarchical.NodeTestTask.lambda$executeRecursively$9(NodeTestTask.java:139)
	at app//org.junit.platform.engine.support.hierarchical.ThrowableCollector.execute(ThrowableCollector.java:73)
	at app//org.junit.platform.engine.support.hierarchical.NodeTestTask.executeRecursively(NodeTestTask.java:138)
	at app//org.junit.platform.engine.support.hierarchical.NodeTestTask.execute(NodeTestTask.java:95)
	at app//org.junit.platform.engine.support.hierarchical.SameThreadHierarchicalTestExecutorService.submit(SameThreadHierarchicalTestExecutorService.java:35)
	at app//org.junit.platform.engine.support.hierarchical.NodeTestTask$DefaultDynamicTestExecutor.execute(NodeTestTask.java:226)
	at app//org.junit.platform.engine.support.hierarchical.NodeTestTask$DefaultDynamicTestExecutor.execute(NodeTestTask.java:204)
	at java.base@11.0.18/java.util.Optional.ifPresent(Optional.java:183)
	at app//org.junit.jupiter.engine.descriptor.TestFactoryTestDescriptor.lambda$invokeTestMethod$1(TestFactoryTestDescriptor.java:108)
	at app//org.junit.platform.engine.support.hierarchical.ThrowableCollector.execute(ThrowableCollector.java:73)
	at app//org.junit.jupiter.engine.descriptor.TestFactoryTestDescriptor.invokeTestMethod(TestFactoryTestDescriptor.java:95)
	at app//org.junit.jupiter.engine.descriptor.TestMethodTestDescriptor.execute(TestMethodTestDescriptor.java:135)
	at app//org.junit.jupiter.engine.descriptor.TestMethodTestDescriptor.execute(TestMethodTestDescriptor.java:66)
	at app//org.junit.platform.engine.support.hierarchical.NodeTestTask.lambda$executeRecursively$6(NodeTestTask.java:151)
	at app//org.junit.platform.engine.support.hierarchical.ThrowableCollector.execute(ThrowableCollector.java:73)
	at app//org.junit.platform.engine.support.hierarchical.NodeTestTask.lambda$executeRecursively$8(NodeTestTask.java:141)
	at app//org.junit.platform.engine.support.hierarchical.Node.around(Node.java:137)
	at app//org.junit.platform.engine.support.hierarchical.NodeTestTask.lambda$executeRecursively$9(NodeTestTask.java:139)
	at app//org.junit.platform.engine.support.hierarchical.ThrowableCollector.execute(ThrowableCollector.java:73)
	at app//org.junit.platform.engine.support.hierarchical.NodeTestTask.executeRecursively(NodeTestTask.java:138)
	at app//org.junit.platform.engine.support.hierarchical.NodeTestTask.execute(NodeTestTask.java:95)
	at java.base@11.0.18/java.util.ArrayList.forEach(ArrayList.java:1541)
	at app//org.junit.platform.engine.support.hierarchical.SameThreadHierarchicalTestExecutorService.invokeAll(SameThreadHierarchicalTestExecutorService.java:41)
	at app//org.junit.platform.engine.support.hierarchical.NodeTestTask.lambda$executeRecursively$6(NodeTestTask.java:155)
	at app//org.junit.platform.engine.support.hierarchical.ThrowableCollector.execute(ThrowableCollector.java:73)
	at app//org.junit.platform.engine.support.hierarchical.NodeTestTask.lambda$executeRecursively$8(NodeTestTask.java:141)
	at app//org.junit.platform.engine.support.hierarchical.Node.around(Node.java:137)
	at app//org.junit.platform.engine.support.hierarchical.NodeTestTask.lambda$executeRecursively$9(NodeTestTask.java:139)
	at app//org.junit.platform.engine.support.hierarchical.ThrowableCollector.execute(ThrowableCollector.java:73)
	at app//org.junit.platform.engine.support.hierarchical.NodeTestTask.executeRecursively(NodeTestTask.java:138)
	at app//org.junit.platform.engine.support.hierarchical.NodeTestTask.execute(NodeTestTask.java:95)
	at java.base@11.0.18/java.util.ArrayList.forEach(ArrayList.java:1541)
	at app//org.junit.platform.engine.support.hierarchical.SameThreadHierarchicalTestExecutorService.invokeAll(SameThreadHierarchicalTestExecutorService.java:41)
	at app//org.junit.platform.engine.support.hierarchical.NodeTestTask.lambda$executeRecursively$6(NodeTestTask.java:155)
	at app//org.junit.platform.engine.support.hierarchical.ThrowableCollector.execute(ThrowableCollector.java:73)
	at app//org.junit.platform.engine.support.hierarchical.NodeTestTask.lambda$executeRecursively$8(NodeTestTask.java:141)
	at app//org.junit.platform.engine.support.hierarchical.Node.around(Node.java:137)
	at app//org.junit.platform.engine.support.hierarchical.NodeTestTask.lambda$executeRecursively$9(NodeTestTask.java:139)
	at app//org.junit.platform.engine.support.hierarchical.ThrowableCollector.execute(ThrowableCollector.java:73)
	at app//org.junit.platform.engine.support.hierarchical.NodeTestTask.executeRecursively(NodeTestTask.java:138)
	at app//org.junit.platform.engine.support.hierarchical.NodeTestTask.execute(NodeTestTask.java:95)
	at app//org.junit.platform.engine.support.hierarchical.SameThreadHierarchicalTestExecutorService.submit(SameThreadHierarchicalTestExecutorService.java:35)
	at app//org.junit.platform.engine.support.hierarchical.HierarchicalTestExecutor.execute(HierarchicalTestExecutor.java:57)
	at app//org.junit.platform.engine.support.hierarchical.HierarchicalTestEngine.execute(HierarchicalTestEngine.java:54)
	at org.junit.platform.launcher.core.EngineExecutionOrchestrator.execute(EngineExecutionOrchestrator.java:107)
	at org.junit.platform.launcher.core.EngineExecutionOrchestrator.execute(EngineExecutionOrchestrator.java:88)
	at org.junit.platform.launcher.core.EngineExecutionOrchestrator.lambda$execute$0(EngineExecutionOrchestrator.java:54)
	at org.junit.platform.launcher.core.EngineExecutionOrchestrator.withInterceptedStreams(EngineExecutionOrchestrator.java:67)
	at org.junit.platform.launcher.core.EngineExecutionOrchestrator.execute(EngineExecutionOrchestrator.java:52)
	at org.junit.platform.launcher.core.DefaultLauncher.execute(DefaultLauncher.java:114)
	at org.junit.platform.launcher.core.DefaultLauncher.execute(DefaultLauncher.java:86)
	at org.junit.platform.launcher.core.DefaultLauncherSession$DelegatingLauncher.execute(DefaultLauncherSession.java:86)
	at org.junit.platform.launcher.core.SessionPerRequestLauncher.execute(SessionPerRequestLauncher.java:53)
	at org.gradle.api.internal.tasks.testing.junitplatform.JUnitPlatformTestClassProcessor$CollectAllTestClassesExecutor.processAllTestClasses(JUnitPlatformTestClassProcessor.java:99)
	at org.gradle.api.internal.tasks.testing.junitplatform.JUnitPlatformTestClassProcessor$CollectAllTestClassesExecutor.access$000(JUnitPlatformTestClassProcessor.java:79)
	at org.gradle.api.internal.tasks.testing.junitplatform.JUnitPlatformTestClassProcessor.stop(JUnitPlatformTestClassProcessor.java:75)
	at org.gradle.api.internal.tasks.testing.SuiteTestClassProcessor.stop(SuiteTestClassProcessor.java:62)
	at java.base@11.0.18/jdk.internal.reflect.NativeMethodAccessorImpl.invoke0(Native Method)
	at java.base@11.0.18/jdk.internal.reflect.NativeMethodAccessorImpl.invoke(NativeMethodAccessorImpl.java:62)
	at java.base@11.0.18/jdk.internal.reflect.DelegatingMethodAccessorImpl.invoke(DelegatingMethodAccessorImpl.java:43)
	at java.base@11.0.18/java.lang.reflect.Method.invoke(Method.java:566)
	at org.gradle.internal.dispatch.ReflectionDispatch.dispatch(ReflectionDispatch.java:36)
	at org.gradle.internal.dispatch.ReflectionDispatch.dispatch(ReflectionDispatch.java:24)
	at org.gradle.internal.dispatch.ContextClassLoaderDispatch.dispatch(ContextClassLoaderDispatch.java:33)
	at org.gradle.internal.dispatch.ProxyDispatchAdapter$DispatchingInvocationHandler.invoke(ProxyDispatchAdapter.java:94)
	at com.sun.proxy.$Proxy2.stop(Unknown Source)
	at org.gradle.api.internal.tasks.testing.worker.TestWorker$3.run(TestWorker.java:193)
	at org.gradle.api.internal.tasks.testing.worker.TestWorker.executeAndMaintainThreadName(TestWorker.java:129)
	at org.gradle.api.internal.tasks.testing.worker.TestWorker.execute(TestWorker.java:100)
	at org.gradle.api.internal.tasks.testing.worker.TestWorker.execute(TestWorker.java:60)
	at org.gradle.process.internal.worker.child.ActionExecutionWorker.execute(ActionExecutionWorker.java:56)
	at org.gradle.process.internal.worker.child.SystemApplicationClassLoaderWorker.call(SystemApplicationClassLoaderWorker.java:113)
	at org.gradle.process.internal.worker.child.SystemApplicationClassLoaderWorker.call(SystemApplicationClassLoaderWorker.java:65)
	at app//worker.org.gradle.process.internal.worker.GradleWorkerMain.run(GradleWorkerMain.java:69)
	at app//worker.org.gradle.process.internal.worker.GradleWorkerMain.main(GradleWorkerMain.java:74)
</failure>
  </testcase>
  <testcase name="UpdateAbstraction_ex7_4_secure.key" classname="de.uka.ilkd.key.proof.runallproofs.RunAllProofsFunctional" time="0.822">
    <failure message="org.opentest4j.AssertionFailedError: Executed process terminated with non-zero exit value. ==&gt; expected: &lt;0&gt; but was: &lt;1&gt;" type="org.opentest4j.AssertionFailedError">org.opentest4j.AssertionFailedError: Executed process terminated with non-zero exit value. ==&gt; expected: &lt;0&gt; but was: &lt;1&gt;
	at app//org.junit.jupiter.api.AssertionUtils.fail(AssertionUtils.java:55)
	at app//org.junit.jupiter.api.AssertionUtils.failNotEqual(AssertionUtils.java:62)
	at app//org.junit.jupiter.api.AssertEquals.assertEquals(AssertEquals.java:150)
	at app//org.junit.jupiter.api.Assertions.assertEquals(Assertions.java:559)
	at app//de.uka.ilkd.key.proof.runallproofs.proofcollection.ForkedTestFileRunner.processTestFiles(ForkedTestFileRunner.java:129)
	at app//de.uka.ilkd.key.proof.runallproofs.RunAllProofsTestUnit.runTest(RunAllProofsTestUnit.java:85)
	at app//de.uka.ilkd.key.proof.runallproofs.RunAllProofsTest.lambda$data$0(RunAllProofsTest.java:83)
	at app//org.junit.jupiter.engine.descriptor.DynamicTestTestDescriptor.lambda$execute$0(DynamicTestTestDescriptor.java:53)
	at app//org.junit.jupiter.engine.execution.InvocationInterceptorChain$ValidatingInvocation.proceed(InvocationInterceptorChain.java:131)
	at app//org.junit.jupiter.api.extension.InvocationInterceptor.interceptDynamicTest(InvocationInterceptor.java:167)
	at app//org.junit.jupiter.api.extension.InvocationInterceptor.interceptDynamicTest(InvocationInterceptor.java:184)
	at app//org.junit.jupiter.engine.descriptor.DynamicTestTestDescriptor.lambda$execute$1(DynamicTestTestDescriptor.java:61)
	at app//org.junit.jupiter.engine.execution.InvocationInterceptorChain$InterceptorCall.lambda$ofVoid$0(InvocationInterceptorChain.java:78)
	at app//org.junit.jupiter.engine.execution.InvocationInterceptorChain$InterceptedInvocation.proceed(InvocationInterceptorChain.java:106)
	at app//org.junit.jupiter.engine.execution.InvocationInterceptorChain.proceed(InvocationInterceptorChain.java:64)
	at app//org.junit.jupiter.engine.execution.InvocationInterceptorChain.chainAndInvoke(InvocationInterceptorChain.java:45)
	at app//org.junit.jupiter.engine.execution.InvocationInterceptorChain.invoke(InvocationInterceptorChain.java:37)
	at app//org.junit.jupiter.engine.descriptor.DynamicTestTestDescriptor.execute(DynamicTestTestDescriptor.java:60)
	at app//org.junit.jupiter.engine.descriptor.DynamicTestTestDescriptor.execute(DynamicTestTestDescriptor.java:32)
	at app//org.junit.platform.engine.support.hierarchical.NodeTestTask.lambda$executeRecursively$6(NodeTestTask.java:151)
	at app//org.junit.platform.engine.support.hierarchical.ThrowableCollector.execute(ThrowableCollector.java:73)
	at app//org.junit.platform.engine.support.hierarchical.NodeTestTask.lambda$executeRecursively$8(NodeTestTask.java:141)
	at app//org.junit.platform.engine.support.hierarchical.Node.around(Node.java:137)
	at app//org.junit.platform.engine.support.hierarchical.NodeTestTask.lambda$executeRecursively$9(NodeTestTask.java:139)
	at app//org.junit.platform.engine.support.hierarchical.ThrowableCollector.execute(ThrowableCollector.java:73)
	at app//org.junit.platform.engine.support.hierarchical.NodeTestTask.executeRecursively(NodeTestTask.java:138)
	at app//org.junit.platform.engine.support.hierarchical.NodeTestTask.execute(NodeTestTask.java:95)
	at app//org.junit.platform.engine.support.hierarchical.SameThreadHierarchicalTestExecutorService.submit(SameThreadHierarchicalTestExecutorService.java:35)
	at app//org.junit.platform.engine.support.hierarchical.NodeTestTask$DefaultDynamicTestExecutor.execute(NodeTestTask.java:226)
	at app//org.junit.platform.engine.support.hierarchical.NodeTestTask$DefaultDynamicTestExecutor.execute(NodeTestTask.java:204)
	at java.base@11.0.18/java.util.Optional.ifPresent(Optional.java:183)
	at app//org.junit.jupiter.engine.descriptor.TestFactoryTestDescriptor.lambda$invokeTestMethod$1(TestFactoryTestDescriptor.java:108)
	at app//org.junit.platform.engine.support.hierarchical.ThrowableCollector.execute(ThrowableCollector.java:73)
	at app//org.junit.jupiter.engine.descriptor.TestFactoryTestDescriptor.invokeTestMethod(TestFactoryTestDescriptor.java:95)
	at app//org.junit.jupiter.engine.descriptor.TestMethodTestDescriptor.execute(TestMethodTestDescriptor.java:135)
	at app//org.junit.jupiter.engine.descriptor.TestMethodTestDescriptor.execute(TestMethodTestDescriptor.java:66)
	at app//org.junit.platform.engine.support.hierarchical.NodeTestTask.lambda$executeRecursively$6(NodeTestTask.java:151)
	at app//org.junit.platform.engine.support.hierarchical.ThrowableCollector.execute(ThrowableCollector.java:73)
	at app//org.junit.platform.engine.support.hierarchical.NodeTestTask.lambda$executeRecursively$8(NodeTestTask.java:141)
	at app//org.junit.platform.engine.support.hierarchical.Node.around(Node.java:137)
	at app//org.junit.platform.engine.support.hierarchical.NodeTestTask.lambda$executeRecursively$9(NodeTestTask.java:139)
	at app//org.junit.platform.engine.support.hierarchical.ThrowableCollector.execute(ThrowableCollector.java:73)
	at app//org.junit.platform.engine.support.hierarchical.NodeTestTask.executeRecursively(NodeTestTask.java:138)
	at app//org.junit.platform.engine.support.hierarchical.NodeTestTask.execute(NodeTestTask.java:95)
	at java.base@11.0.18/java.util.ArrayList.forEach(ArrayList.java:1541)
	at app//org.junit.platform.engine.support.hierarchical.SameThreadHierarchicalTestExecutorService.invokeAll(SameThreadHierarchicalTestExecutorService.java:41)
	at app//org.junit.platform.engine.support.hierarchical.NodeTestTask.lambda$executeRecursively$6(NodeTestTask.java:155)
	at app//org.junit.platform.engine.support.hierarchical.ThrowableCollector.execute(ThrowableCollector.java:73)
	at app//org.junit.platform.engine.support.hierarchical.NodeTestTask.lambda$executeRecursively$8(NodeTestTask.java:141)
	at app//org.junit.platform.engine.support.hierarchical.Node.around(Node.java:137)
	at app//org.junit.platform.engine.support.hierarchical.NodeTestTask.lambda$executeRecursively$9(NodeTestTask.java:139)
	at app//org.junit.platform.engine.support.hierarchical.ThrowableCollector.execute(ThrowableCollector.java:73)
	at app//org.junit.platform.engine.support.hierarchical.NodeTestTask.executeRecursively(NodeTestTask.java:138)
	at app//org.junit.platform.engine.support.hierarchical.NodeTestTask.execute(NodeTestTask.java:95)
	at java.base@11.0.18/java.util.ArrayList.forEach(ArrayList.java:1541)
	at app//org.junit.platform.engine.support.hierarchical.SameThreadHierarchicalTestExecutorService.invokeAll(SameThreadHierarchicalTestExecutorService.java:41)
	at app//org.junit.platform.engine.support.hierarchical.NodeTestTask.lambda$executeRecursively$6(NodeTestTask.java:155)
	at app//org.junit.platform.engine.support.hierarchical.ThrowableCollector.execute(ThrowableCollector.java:73)
	at app//org.junit.platform.engine.support.hierarchical.NodeTestTask.lambda$executeRecursively$8(NodeTestTask.java:141)
	at app//org.junit.platform.engine.support.hierarchical.Node.around(Node.java:137)
	at app//org.junit.platform.engine.support.hierarchical.NodeTestTask.lambda$executeRecursively$9(NodeTestTask.java:139)
	at app//org.junit.platform.engine.support.hierarchical.ThrowableCollector.execute(ThrowableCollector.java:73)
	at app//org.junit.platform.engine.support.hierarchical.NodeTestTask.executeRecursively(NodeTestTask.java:138)
	at app//org.junit.platform.engine.support.hierarchical.NodeTestTask.execute(NodeTestTask.java:95)
	at app//org.junit.platform.engine.support.hierarchical.SameThreadHierarchicalTestExecutorService.submit(SameThreadHierarchicalTestExecutorService.java:35)
	at app//org.junit.platform.engine.support.hierarchical.HierarchicalTestExecutor.execute(HierarchicalTestExecutor.java:57)
	at app//org.junit.platform.engine.support.hierarchical.HierarchicalTestEngine.execute(HierarchicalTestEngine.java:54)
	at org.junit.platform.launcher.core.EngineExecutionOrchestrator.execute(EngineExecutionOrchestrator.java:107)
	at org.junit.platform.launcher.core.EngineExecutionOrchestrator.execute(EngineExecutionOrchestrator.java:88)
	at org.junit.platform.launcher.core.EngineExecutionOrchestrator.lambda$execute$0(EngineExecutionOrchestrator.java:54)
	at org.junit.platform.launcher.core.EngineExecutionOrchestrator.withInterceptedStreams(EngineExecutionOrchestrator.java:67)
	at org.junit.platform.launcher.core.EngineExecutionOrchestrator.execute(EngineExecutionOrchestrator.java:52)
	at org.junit.platform.launcher.core.DefaultLauncher.execute(DefaultLauncher.java:114)
	at org.junit.platform.launcher.core.DefaultLauncher.execute(DefaultLauncher.java:86)
	at org.junit.platform.launcher.core.DefaultLauncherSession$DelegatingLauncher.execute(DefaultLauncherSession.java:86)
	at org.junit.platform.launcher.core.SessionPerRequestLauncher.execute(SessionPerRequestLauncher.java:53)
	at org.gradle.api.internal.tasks.testing.junitplatform.JUnitPlatformTestClassProcessor$CollectAllTestClassesExecutor.processAllTestClasses(JUnitPlatformTestClassProcessor.java:99)
	at org.gradle.api.internal.tasks.testing.junitplatform.JUnitPlatformTestClassProcessor$CollectAllTestClassesExecutor.access$000(JUnitPlatformTestClassProcessor.java:79)
	at org.gradle.api.internal.tasks.testing.junitplatform.JUnitPlatformTestClassProcessor.stop(JUnitPlatformTestClassProcessor.java:75)
	at org.gradle.api.internal.tasks.testing.SuiteTestClassProcessor.stop(SuiteTestClassProcessor.java:62)
	at java.base@11.0.18/jdk.internal.reflect.NativeMethodAccessorImpl.invoke0(Native Method)
	at java.base@11.0.18/jdk.internal.reflect.NativeMethodAccessorImpl.invoke(NativeMethodAccessorImpl.java:62)
	at java.base@11.0.18/jdk.internal.reflect.DelegatingMethodAccessorImpl.invoke(DelegatingMethodAccessorImpl.java:43)
	at java.base@11.0.18/java.lang.reflect.Method.invoke(Method.java:566)
	at org.gradle.internal.dispatch.ReflectionDispatch.dispatch(ReflectionDispatch.java:36)
	at org.gradle.internal.dispatch.ReflectionDispatch.dispatch(ReflectionDispatch.java:24)
	at org.gradle.internal.dispatch.ContextClassLoaderDispatch.dispatch(ContextClassLoaderDispatch.java:33)
	at org.gradle.internal.dispatch.ProxyDispatchAdapter$DispatchingInvocationHandler.invoke(ProxyDispatchAdapter.java:94)
	at com.sun.proxy.$Proxy2.stop(Unknown Source)
	at org.gradle.api.internal.tasks.testing.worker.TestWorker$3.run(TestWorker.java:193)
	at org.gradle.api.internal.tasks.testing.worker.TestWorker.executeAndMaintainThreadName(TestWorker.java:129)
	at org.gradle.api.internal.tasks.testing.worker.TestWorker.execute(TestWorker.java:100)
	at org.gradle.api.internal.tasks.testing.worker.TestWorker.execute(TestWorker.java:60)
	at org.gradle.process.internal.worker.child.ActionExecutionWorker.execute(ActionExecutionWorker.java:56)
	at org.gradle.process.internal.worker.child.SystemApplicationClassLoaderWorker.call(SystemApplicationClassLoaderWorker.java:113)
	at org.gradle.process.internal.worker.child.SystemApplicationClassLoaderWorker.call(SystemApplicationClassLoaderWorker.java:65)
	at app//worker.org.gradle.process.internal.worker.GradleWorkerMain.run(GradleWorkerMain.java:69)
	at app//worker.org.gradle.process.internal.worker.GradleWorkerMain.main(GradleWorkerMain.java:74)
</failure>
  </testcase>
  <testcase name="UpdateAbstraction_ex7_5_secure.key" classname="de.uka.ilkd.key.proof.runallproofs.RunAllProofsFunctional" time="0.921">
    <failure message="org.opentest4j.AssertionFailedError: Executed process terminated with non-zero exit value. ==&gt; expected: &lt;0&gt; but was: &lt;1&gt;" type="org.opentest4j.AssertionFailedError">org.opentest4j.AssertionFailedError: Executed process terminated with non-zero exit value. ==&gt; expected: &lt;0&gt; but was: &lt;1&gt;
	at app//org.junit.jupiter.api.AssertionUtils.fail(AssertionUtils.java:55)
	at app//org.junit.jupiter.api.AssertionUtils.failNotEqual(AssertionUtils.java:62)
	at app//org.junit.jupiter.api.AssertEquals.assertEquals(AssertEquals.java:150)
	at app//org.junit.jupiter.api.Assertions.assertEquals(Assertions.java:559)
	at app//de.uka.ilkd.key.proof.runallproofs.proofcollection.ForkedTestFileRunner.processTestFiles(ForkedTestFileRunner.java:129)
	at app//de.uka.ilkd.key.proof.runallproofs.RunAllProofsTestUnit.runTest(RunAllProofsTestUnit.java:85)
	at app//de.uka.ilkd.key.proof.runallproofs.RunAllProofsTest.lambda$data$0(RunAllProofsTest.java:83)
	at app//org.junit.jupiter.engine.descriptor.DynamicTestTestDescriptor.lambda$execute$0(DynamicTestTestDescriptor.java:53)
	at app//org.junit.jupiter.engine.execution.InvocationInterceptorChain$ValidatingInvocation.proceed(InvocationInterceptorChain.java:131)
	at app//org.junit.jupiter.api.extension.InvocationInterceptor.interceptDynamicTest(InvocationInterceptor.java:167)
	at app//org.junit.jupiter.api.extension.InvocationInterceptor.interceptDynamicTest(InvocationInterceptor.java:184)
	at app//org.junit.jupiter.engine.descriptor.DynamicTestTestDescriptor.lambda$execute$1(DynamicTestTestDescriptor.java:61)
	at app//org.junit.jupiter.engine.execution.InvocationInterceptorChain$InterceptorCall.lambda$ofVoid$0(InvocationInterceptorChain.java:78)
	at app//org.junit.jupiter.engine.execution.InvocationInterceptorChain$InterceptedInvocation.proceed(InvocationInterceptorChain.java:106)
	at app//org.junit.jupiter.engine.execution.InvocationInterceptorChain.proceed(InvocationInterceptorChain.java:64)
	at app//org.junit.jupiter.engine.execution.InvocationInterceptorChain.chainAndInvoke(InvocationInterceptorChain.java:45)
	at app//org.junit.jupiter.engine.execution.InvocationInterceptorChain.invoke(InvocationInterceptorChain.java:37)
	at app//org.junit.jupiter.engine.descriptor.DynamicTestTestDescriptor.execute(DynamicTestTestDescriptor.java:60)
	at app//org.junit.jupiter.engine.descriptor.DynamicTestTestDescriptor.execute(DynamicTestTestDescriptor.java:32)
	at app//org.junit.platform.engine.support.hierarchical.NodeTestTask.lambda$executeRecursively$6(NodeTestTask.java:151)
	at app//org.junit.platform.engine.support.hierarchical.ThrowableCollector.execute(ThrowableCollector.java:73)
	at app//org.junit.platform.engine.support.hierarchical.NodeTestTask.lambda$executeRecursively$8(NodeTestTask.java:141)
	at app//org.junit.platform.engine.support.hierarchical.Node.around(Node.java:137)
	at app//org.junit.platform.engine.support.hierarchical.NodeTestTask.lambda$executeRecursively$9(NodeTestTask.java:139)
	at app//org.junit.platform.engine.support.hierarchical.ThrowableCollector.execute(ThrowableCollector.java:73)
	at app//org.junit.platform.engine.support.hierarchical.NodeTestTask.executeRecursively(NodeTestTask.java:138)
	at app//org.junit.platform.engine.support.hierarchical.NodeTestTask.execute(NodeTestTask.java:95)
	at app//org.junit.platform.engine.support.hierarchical.SameThreadHierarchicalTestExecutorService.submit(SameThreadHierarchicalTestExecutorService.java:35)
	at app//org.junit.platform.engine.support.hierarchical.NodeTestTask$DefaultDynamicTestExecutor.execute(NodeTestTask.java:226)
	at app//org.junit.platform.engine.support.hierarchical.NodeTestTask$DefaultDynamicTestExecutor.execute(NodeTestTask.java:204)
	at java.base@11.0.18/java.util.Optional.ifPresent(Optional.java:183)
	at app//org.junit.jupiter.engine.descriptor.TestFactoryTestDescriptor.lambda$invokeTestMethod$1(TestFactoryTestDescriptor.java:108)
	at app//org.junit.platform.engine.support.hierarchical.ThrowableCollector.execute(ThrowableCollector.java:73)
	at app//org.junit.jupiter.engine.descriptor.TestFactoryTestDescriptor.invokeTestMethod(TestFactoryTestDescriptor.java:95)
	at app//org.junit.jupiter.engine.descriptor.TestMethodTestDescriptor.execute(TestMethodTestDescriptor.java:135)
	at app//org.junit.jupiter.engine.descriptor.TestMethodTestDescriptor.execute(TestMethodTestDescriptor.java:66)
	at app//org.junit.platform.engine.support.hierarchical.NodeTestTask.lambda$executeRecursively$6(NodeTestTask.java:151)
	at app//org.junit.platform.engine.support.hierarchical.ThrowableCollector.execute(ThrowableCollector.java:73)
	at app//org.junit.platform.engine.support.hierarchical.NodeTestTask.lambda$executeRecursively$8(NodeTestTask.java:141)
	at app//org.junit.platform.engine.support.hierarchical.Node.around(Node.java:137)
	at app//org.junit.platform.engine.support.hierarchical.NodeTestTask.lambda$executeRecursively$9(NodeTestTask.java:139)
	at app//org.junit.platform.engine.support.hierarchical.ThrowableCollector.execute(ThrowableCollector.java:73)
	at app//org.junit.platform.engine.support.hierarchical.NodeTestTask.executeRecursively(NodeTestTask.java:138)
	at app//org.junit.platform.engine.support.hierarchical.NodeTestTask.execute(NodeTestTask.java:95)
	at java.base@11.0.18/java.util.ArrayList.forEach(ArrayList.java:1541)
	at app//org.junit.platform.engine.support.hierarchical.SameThreadHierarchicalTestExecutorService.invokeAll(SameThreadHierarchicalTestExecutorService.java:41)
	at app//org.junit.platform.engine.support.hierarchical.NodeTestTask.lambda$executeRecursively$6(NodeTestTask.java:155)
	at app//org.junit.platform.engine.support.hierarchical.ThrowableCollector.execute(ThrowableCollector.java:73)
	at app//org.junit.platform.engine.support.hierarchical.NodeTestTask.lambda$executeRecursively$8(NodeTestTask.java:141)
	at app//org.junit.platform.engine.support.hierarchical.Node.around(Node.java:137)
	at app//org.junit.platform.engine.support.hierarchical.NodeTestTask.lambda$executeRecursively$9(NodeTestTask.java:139)
	at app//org.junit.platform.engine.support.hierarchical.ThrowableCollector.execute(ThrowableCollector.java:73)
	at app//org.junit.platform.engine.support.hierarchical.NodeTestTask.executeRecursively(NodeTestTask.java:138)
	at app//org.junit.platform.engine.support.hierarchical.NodeTestTask.execute(NodeTestTask.java:95)
	at java.base@11.0.18/java.util.ArrayList.forEach(ArrayList.java:1541)
	at app//org.junit.platform.engine.support.hierarchical.SameThreadHierarchicalTestExecutorService.invokeAll(SameThreadHierarchicalTestExecutorService.java:41)
	at app//org.junit.platform.engine.support.hierarchical.NodeTestTask.lambda$executeRecursively$6(NodeTestTask.java:155)
	at app//org.junit.platform.engine.support.hierarchical.ThrowableCollector.execute(ThrowableCollector.java:73)
	at app//org.junit.platform.engine.support.hierarchical.NodeTestTask.lambda$executeRecursively$8(NodeTestTask.java:141)
	at app//org.junit.platform.engine.support.hierarchical.Node.around(Node.java:137)
	at app//org.junit.platform.engine.support.hierarchical.NodeTestTask.lambda$executeRecursively$9(NodeTestTask.java:139)
	at app//org.junit.platform.engine.support.hierarchical.ThrowableCollector.execute(ThrowableCollector.java:73)
	at app//org.junit.platform.engine.support.hierarchical.NodeTestTask.executeRecursively(NodeTestTask.java:138)
	at app//org.junit.platform.engine.support.hierarchical.NodeTestTask.execute(NodeTestTask.java:95)
	at app//org.junit.platform.engine.support.hierarchical.SameThreadHierarchicalTestExecutorService.submit(SameThreadHierarchicalTestExecutorService.java:35)
	at app//org.junit.platform.engine.support.hierarchical.HierarchicalTestExecutor.execute(HierarchicalTestExecutor.java:57)
	at app//org.junit.platform.engine.support.hierarchical.HierarchicalTestEngine.execute(HierarchicalTestEngine.java:54)
	at org.junit.platform.launcher.core.EngineExecutionOrchestrator.execute(EngineExecutionOrchestrator.java:107)
	at org.junit.platform.launcher.core.EngineExecutionOrchestrator.execute(EngineExecutionOrchestrator.java:88)
	at org.junit.platform.launcher.core.EngineExecutionOrchestrator.lambda$execute$0(EngineExecutionOrchestrator.java:54)
	at org.junit.platform.launcher.core.EngineExecutionOrchestrator.withInterceptedStreams(EngineExecutionOrchestrator.java:67)
	at org.junit.platform.launcher.core.EngineExecutionOrchestrator.execute(EngineExecutionOrchestrator.java:52)
	at org.junit.platform.launcher.core.DefaultLauncher.execute(DefaultLauncher.java:114)
	at org.junit.platform.launcher.core.DefaultLauncher.execute(DefaultLauncher.java:86)
	at org.junit.platform.launcher.core.DefaultLauncherSession$DelegatingLauncher.execute(DefaultLauncherSession.java:86)
	at org.junit.platform.launcher.core.SessionPerRequestLauncher.execute(SessionPerRequestLauncher.java:53)
	at org.gradle.api.internal.tasks.testing.junitplatform.JUnitPlatformTestClassProcessor$CollectAllTestClassesExecutor.processAllTestClasses(JUnitPlatformTestClassProcessor.java:99)
	at org.gradle.api.internal.tasks.testing.junitplatform.JUnitPlatformTestClassProcessor$CollectAllTestClassesExecutor.access$000(JUnitPlatformTestClassProcessor.java:79)
	at org.gradle.api.internal.tasks.testing.junitplatform.JUnitPlatformTestClassProcessor.stop(JUnitPlatformTestClassProcessor.java:75)
	at org.gradle.api.internal.tasks.testing.SuiteTestClassProcessor.stop(SuiteTestClassProcessor.java:62)
	at java.base@11.0.18/jdk.internal.reflect.NativeMethodAccessorImpl.invoke0(Native Method)
	at java.base@11.0.18/jdk.internal.reflect.NativeMethodAccessorImpl.invoke(NativeMethodAccessorImpl.java:62)
	at java.base@11.0.18/jdk.internal.reflect.DelegatingMethodAccessorImpl.invoke(DelegatingMethodAccessorImpl.java:43)
	at java.base@11.0.18/java.lang.reflect.Method.invoke(Method.java:566)
	at org.gradle.internal.dispatch.ReflectionDispatch.dispatch(ReflectionDispatch.java:36)
	at org.gradle.internal.dispatch.ReflectionDispatch.dispatch(ReflectionDispatch.java:24)
	at org.gradle.internal.dispatch.ContextClassLoaderDispatch.dispatch(ContextClassLoaderDispatch.java:33)
	at org.gradle.internal.dispatch.ProxyDispatchAdapter$DispatchingInvocationHandler.invoke(ProxyDispatchAdapter.java:94)
	at com.sun.proxy.$Proxy2.stop(Unknown Source)
	at org.gradle.api.internal.tasks.testing.worker.TestWorker$3.run(TestWorker.java:193)
	at org.gradle.api.internal.tasks.testing.worker.TestWorker.executeAndMaintainThreadName(TestWorker.java:129)
	at org.gradle.api.internal.tasks.testing.worker.TestWorker.execute(TestWorker.java:100)
	at org.gradle.api.internal.tasks.testing.worker.TestWorker.execute(TestWorker.java:60)
	at org.gradle.process.internal.worker.child.ActionExecutionWorker.execute(ActionExecutionWorker.java:56)
	at org.gradle.process.internal.worker.child.SystemApplicationClassLoaderWorker.call(SystemApplicationClassLoaderWorker.java:113)
	at org.gradle.process.internal.worker.child.SystemApplicationClassLoaderWorker.call(SystemApplicationClassLoaderWorker.java:65)
	at app//worker.org.gradle.process.internal.worker.GradleWorkerMain.run(GradleWorkerMain.java:69)
	at app//worker.org.gradle.process.internal.worker.GradleWorkerMain.main(GradleWorkerMain.java:74)
</failure>
  </testcase>
  <testcase name="UpdateAbstraction_ex7_6_secure.key" classname="de.uka.ilkd.key.proof.runallproofs.RunAllProofsFunctional" time="0.852">
    <failure message="org.opentest4j.AssertionFailedError: Executed process terminated with non-zero exit value. ==&gt; expected: &lt;0&gt; but was: &lt;1&gt;" type="org.opentest4j.AssertionFailedError">org.opentest4j.AssertionFailedError: Executed process terminated with non-zero exit value. ==&gt; expected: &lt;0&gt; but was: &lt;1&gt;
	at app//org.junit.jupiter.api.AssertionUtils.fail(AssertionUtils.java:55)
	at app//org.junit.jupiter.api.AssertionUtils.failNotEqual(AssertionUtils.java:62)
	at app//org.junit.jupiter.api.AssertEquals.assertEquals(AssertEquals.java:150)
	at app//org.junit.jupiter.api.Assertions.assertEquals(Assertions.java:559)
	at app//de.uka.ilkd.key.proof.runallproofs.proofcollection.ForkedTestFileRunner.processTestFiles(ForkedTestFileRunner.java:129)
	at app//de.uka.ilkd.key.proof.runallproofs.RunAllProofsTestUnit.runTest(RunAllProofsTestUnit.java:85)
	at app//de.uka.ilkd.key.proof.runallproofs.RunAllProofsTest.lambda$data$0(RunAllProofsTest.java:83)
	at app//org.junit.jupiter.engine.descriptor.DynamicTestTestDescriptor.lambda$execute$0(DynamicTestTestDescriptor.java:53)
	at app//org.junit.jupiter.engine.execution.InvocationInterceptorChain$ValidatingInvocation.proceed(InvocationInterceptorChain.java:131)
	at app//org.junit.jupiter.api.extension.InvocationInterceptor.interceptDynamicTest(InvocationInterceptor.java:167)
	at app//org.junit.jupiter.api.extension.InvocationInterceptor.interceptDynamicTest(InvocationInterceptor.java:184)
	at app//org.junit.jupiter.engine.descriptor.DynamicTestTestDescriptor.lambda$execute$1(DynamicTestTestDescriptor.java:61)
	at app//org.junit.jupiter.engine.execution.InvocationInterceptorChain$InterceptorCall.lambda$ofVoid$0(InvocationInterceptorChain.java:78)
	at app//org.junit.jupiter.engine.execution.InvocationInterceptorChain$InterceptedInvocation.proceed(InvocationInterceptorChain.java:106)
	at app//org.junit.jupiter.engine.execution.InvocationInterceptorChain.proceed(InvocationInterceptorChain.java:64)
	at app//org.junit.jupiter.engine.execution.InvocationInterceptorChain.chainAndInvoke(InvocationInterceptorChain.java:45)
	at app//org.junit.jupiter.engine.execution.InvocationInterceptorChain.invoke(InvocationInterceptorChain.java:37)
	at app//org.junit.jupiter.engine.descriptor.DynamicTestTestDescriptor.execute(DynamicTestTestDescriptor.java:60)
	at app//org.junit.jupiter.engine.descriptor.DynamicTestTestDescriptor.execute(DynamicTestTestDescriptor.java:32)
	at app//org.junit.platform.engine.support.hierarchical.NodeTestTask.lambda$executeRecursively$6(NodeTestTask.java:151)
	at app//org.junit.platform.engine.support.hierarchical.ThrowableCollector.execute(ThrowableCollector.java:73)
	at app//org.junit.platform.engine.support.hierarchical.NodeTestTask.lambda$executeRecursively$8(NodeTestTask.java:141)
	at app//org.junit.platform.engine.support.hierarchical.Node.around(Node.java:137)
	at app//org.junit.platform.engine.support.hierarchical.NodeTestTask.lambda$executeRecursively$9(NodeTestTask.java:139)
	at app//org.junit.platform.engine.support.hierarchical.ThrowableCollector.execute(ThrowableCollector.java:73)
	at app//org.junit.platform.engine.support.hierarchical.NodeTestTask.executeRecursively(NodeTestTask.java:138)
	at app//org.junit.platform.engine.support.hierarchical.NodeTestTask.execute(NodeTestTask.java:95)
	at app//org.junit.platform.engine.support.hierarchical.SameThreadHierarchicalTestExecutorService.submit(SameThreadHierarchicalTestExecutorService.java:35)
	at app//org.junit.platform.engine.support.hierarchical.NodeTestTask$DefaultDynamicTestExecutor.execute(NodeTestTask.java:226)
	at app//org.junit.platform.engine.support.hierarchical.NodeTestTask$DefaultDynamicTestExecutor.execute(NodeTestTask.java:204)
	at java.base@11.0.18/java.util.Optional.ifPresent(Optional.java:183)
	at app//org.junit.jupiter.engine.descriptor.TestFactoryTestDescriptor.lambda$invokeTestMethod$1(TestFactoryTestDescriptor.java:108)
	at app//org.junit.platform.engine.support.hierarchical.ThrowableCollector.execute(ThrowableCollector.java:73)
	at app//org.junit.jupiter.engine.descriptor.TestFactoryTestDescriptor.invokeTestMethod(TestFactoryTestDescriptor.java:95)
	at app//org.junit.jupiter.engine.descriptor.TestMethodTestDescriptor.execute(TestMethodTestDescriptor.java:135)
	at app//org.junit.jupiter.engine.descriptor.TestMethodTestDescriptor.execute(TestMethodTestDescriptor.java:66)
	at app//org.junit.platform.engine.support.hierarchical.NodeTestTask.lambda$executeRecursively$6(NodeTestTask.java:151)
	at app//org.junit.platform.engine.support.hierarchical.ThrowableCollector.execute(ThrowableCollector.java:73)
	at app//org.junit.platform.engine.support.hierarchical.NodeTestTask.lambda$executeRecursively$8(NodeTestTask.java:141)
	at app//org.junit.platform.engine.support.hierarchical.Node.around(Node.java:137)
	at app//org.junit.platform.engine.support.hierarchical.NodeTestTask.lambda$executeRecursively$9(NodeTestTask.java:139)
	at app//org.junit.platform.engine.support.hierarchical.ThrowableCollector.execute(ThrowableCollector.java:73)
	at app//org.junit.platform.engine.support.hierarchical.NodeTestTask.executeRecursively(NodeTestTask.java:138)
	at app//org.junit.platform.engine.support.hierarchical.NodeTestTask.execute(NodeTestTask.java:95)
	at java.base@11.0.18/java.util.ArrayList.forEach(ArrayList.java:1541)
	at app//org.junit.platform.engine.support.hierarchical.SameThreadHierarchicalTestExecutorService.invokeAll(SameThreadHierarchicalTestExecutorService.java:41)
	at app//org.junit.platform.engine.support.hierarchical.NodeTestTask.lambda$executeRecursively$6(NodeTestTask.java:155)
	at app//org.junit.platform.engine.support.hierarchical.ThrowableCollector.execute(ThrowableCollector.java:73)
	at app//org.junit.platform.engine.support.hierarchical.NodeTestTask.lambda$executeRecursively$8(NodeTestTask.java:141)
	at app//org.junit.platform.engine.support.hierarchical.Node.around(Node.java:137)
	at app//org.junit.platform.engine.support.hierarchical.NodeTestTask.lambda$executeRecursively$9(NodeTestTask.java:139)
	at app//org.junit.platform.engine.support.hierarchical.ThrowableCollector.execute(ThrowableCollector.java:73)
	at app//org.junit.platform.engine.support.hierarchical.NodeTestTask.executeRecursively(NodeTestTask.java:138)
	at app//org.junit.platform.engine.support.hierarchical.NodeTestTask.execute(NodeTestTask.java:95)
	at java.base@11.0.18/java.util.ArrayList.forEach(ArrayList.java:1541)
	at app//org.junit.platform.engine.support.hierarchical.SameThreadHierarchicalTestExecutorService.invokeAll(SameThreadHierarchicalTestExecutorService.java:41)
	at app//org.junit.platform.engine.support.hierarchical.NodeTestTask.lambda$executeRecursively$6(NodeTestTask.java:155)
	at app//org.junit.platform.engine.support.hierarchical.ThrowableCollector.execute(ThrowableCollector.java:73)
	at app//org.junit.platform.engine.support.hierarchical.NodeTestTask.lambda$executeRecursively$8(NodeTestTask.java:141)
	at app//org.junit.platform.engine.support.hierarchical.Node.around(Node.java:137)
	at app//org.junit.platform.engine.support.hierarchical.NodeTestTask.lambda$executeRecursively$9(NodeTestTask.java:139)
	at app//org.junit.platform.engine.support.hierarchical.ThrowableCollector.execute(ThrowableCollector.java:73)
	at app//org.junit.platform.engine.support.hierarchical.NodeTestTask.executeRecursively(NodeTestTask.java:138)
	at app//org.junit.platform.engine.support.hierarchical.NodeTestTask.execute(NodeTestTask.java:95)
	at app//org.junit.platform.engine.support.hierarchical.SameThreadHierarchicalTestExecutorService.submit(SameThreadHierarchicalTestExecutorService.java:35)
	at app//org.junit.platform.engine.support.hierarchical.HierarchicalTestExecutor.execute(HierarchicalTestExecutor.java:57)
	at app//org.junit.platform.engine.support.hierarchical.HierarchicalTestEngine.execute(HierarchicalTestEngine.java:54)
	at org.junit.platform.launcher.core.EngineExecutionOrchestrator.execute(EngineExecutionOrchestrator.java:107)
	at org.junit.platform.launcher.core.EngineExecutionOrchestrator.execute(EngineExecutionOrchestrator.java:88)
	at org.junit.platform.launcher.core.EngineExecutionOrchestrator.lambda$execute$0(EngineExecutionOrchestrator.java:54)
	at org.junit.platform.launcher.core.EngineExecutionOrchestrator.withInterceptedStreams(EngineExecutionOrchestrator.java:67)
	at org.junit.platform.launcher.core.EngineExecutionOrchestrator.execute(EngineExecutionOrchestrator.java:52)
	at org.junit.platform.launcher.core.DefaultLauncher.execute(DefaultLauncher.java:114)
	at org.junit.platform.launcher.core.DefaultLauncher.execute(DefaultLauncher.java:86)
	at org.junit.platform.launcher.core.DefaultLauncherSession$DelegatingLauncher.execute(DefaultLauncherSession.java:86)
	at org.junit.platform.launcher.core.SessionPerRequestLauncher.execute(SessionPerRequestLauncher.java:53)
	at org.gradle.api.internal.tasks.testing.junitplatform.JUnitPlatformTestClassProcessor$CollectAllTestClassesExecutor.processAllTestClasses(JUnitPlatformTestClassProcessor.java:99)
	at org.gradle.api.internal.tasks.testing.junitplatform.JUnitPlatformTestClassProcessor$CollectAllTestClassesExecutor.access$000(JUnitPlatformTestClassProcessor.java:79)
	at org.gradle.api.internal.tasks.testing.junitplatform.JUnitPlatformTestClassProcessor.stop(JUnitPlatformTestClassProcessor.java:75)
	at org.gradle.api.internal.tasks.testing.SuiteTestClassProcessor.stop(SuiteTestClassProcessor.java:62)
	at java.base@11.0.18/jdk.internal.reflect.NativeMethodAccessorImpl.invoke0(Native Method)
	at java.base@11.0.18/jdk.internal.reflect.NativeMethodAccessorImpl.invoke(NativeMethodAccessorImpl.java:62)
	at java.base@11.0.18/jdk.internal.reflect.DelegatingMethodAccessorImpl.invoke(DelegatingMethodAccessorImpl.java:43)
	at java.base@11.0.18/java.lang.reflect.Method.invoke(Method.java:566)
	at org.gradle.internal.dispatch.ReflectionDispatch.dispatch(ReflectionDispatch.java:36)
	at org.gradle.internal.dispatch.ReflectionDispatch.dispatch(ReflectionDispatch.java:24)
	at org.gradle.internal.dispatch.ContextClassLoaderDispatch.dispatch(ContextClassLoaderDispatch.java:33)
	at org.gradle.internal.dispatch.ProxyDispatchAdapter$DispatchingInvocationHandler.invoke(ProxyDispatchAdapter.java:94)
	at com.sun.proxy.$Proxy2.stop(Unknown Source)
	at org.gradle.api.internal.tasks.testing.worker.TestWorker$3.run(TestWorker.java:193)
	at org.gradle.api.internal.tasks.testing.worker.TestWorker.executeAndMaintainThreadName(TestWorker.java:129)
	at org.gradle.api.internal.tasks.testing.worker.TestWorker.execute(TestWorker.java:100)
	at org.gradle.api.internal.tasks.testing.worker.TestWorker.execute(TestWorker.java:60)
	at org.gradle.process.internal.worker.child.ActionExecutionWorker.execute(ActionExecutionWorker.java:56)
	at org.gradle.process.internal.worker.child.SystemApplicationClassLoaderWorker.call(SystemApplicationClassLoaderWorker.java:113)
	at org.gradle.process.internal.worker.child.SystemApplicationClassLoaderWorker.call(SystemApplicationClassLoaderWorker.java:65)
	at app//worker.org.gradle.process.internal.worker.GradleWorkerMain.run(GradleWorkerMain.java:69)
	at app//worker.org.gradle.process.internal.worker.GradleWorkerMain.main(GradleWorkerMain.java:74)
</failure>
  </testcase>
  <testcase name="UpdateAbstraction_ex9_secure.key" classname="de.uka.ilkd.key.proof.runallproofs.RunAllProofsFunctional" time="0.879">
    <failure message="org.opentest4j.AssertionFailedError: Executed process terminated with non-zero exit value. ==&gt; expected: &lt;0&gt; but was: &lt;1&gt;" type="org.opentest4j.AssertionFailedError">org.opentest4j.AssertionFailedError: Executed process terminated with non-zero exit value. ==&gt; expected: &lt;0&gt; but was: &lt;1&gt;
	at app//org.junit.jupiter.api.AssertionUtils.fail(AssertionUtils.java:55)
	at app//org.junit.jupiter.api.AssertionUtils.failNotEqual(AssertionUtils.java:62)
	at app//org.junit.jupiter.api.AssertEquals.assertEquals(AssertEquals.java:150)
	at app//org.junit.jupiter.api.Assertions.assertEquals(Assertions.java:559)
	at app//de.uka.ilkd.key.proof.runallproofs.proofcollection.ForkedTestFileRunner.processTestFiles(ForkedTestFileRunner.java:129)
	at app//de.uka.ilkd.key.proof.runallproofs.RunAllProofsTestUnit.runTest(RunAllProofsTestUnit.java:85)
	at app//de.uka.ilkd.key.proof.runallproofs.RunAllProofsTest.lambda$data$0(RunAllProofsTest.java:83)
	at app//org.junit.jupiter.engine.descriptor.DynamicTestTestDescriptor.lambda$execute$0(DynamicTestTestDescriptor.java:53)
	at app//org.junit.jupiter.engine.execution.InvocationInterceptorChain$ValidatingInvocation.proceed(InvocationInterceptorChain.java:131)
	at app//org.junit.jupiter.api.extension.InvocationInterceptor.interceptDynamicTest(InvocationInterceptor.java:167)
	at app//org.junit.jupiter.api.extension.InvocationInterceptor.interceptDynamicTest(InvocationInterceptor.java:184)
	at app//org.junit.jupiter.engine.descriptor.DynamicTestTestDescriptor.lambda$execute$1(DynamicTestTestDescriptor.java:61)
	at app//org.junit.jupiter.engine.execution.InvocationInterceptorChain$InterceptorCall.lambda$ofVoid$0(InvocationInterceptorChain.java:78)
	at app//org.junit.jupiter.engine.execution.InvocationInterceptorChain$InterceptedInvocation.proceed(InvocationInterceptorChain.java:106)
	at app//org.junit.jupiter.engine.execution.InvocationInterceptorChain.proceed(InvocationInterceptorChain.java:64)
	at app//org.junit.jupiter.engine.execution.InvocationInterceptorChain.chainAndInvoke(InvocationInterceptorChain.java:45)
	at app//org.junit.jupiter.engine.execution.InvocationInterceptorChain.invoke(InvocationInterceptorChain.java:37)
	at app//org.junit.jupiter.engine.descriptor.DynamicTestTestDescriptor.execute(DynamicTestTestDescriptor.java:60)
	at app//org.junit.jupiter.engine.descriptor.DynamicTestTestDescriptor.execute(DynamicTestTestDescriptor.java:32)
	at app//org.junit.platform.engine.support.hierarchical.NodeTestTask.lambda$executeRecursively$6(NodeTestTask.java:151)
	at app//org.junit.platform.engine.support.hierarchical.ThrowableCollector.execute(ThrowableCollector.java:73)
	at app//org.junit.platform.engine.support.hierarchical.NodeTestTask.lambda$executeRecursively$8(NodeTestTask.java:141)
	at app//org.junit.platform.engine.support.hierarchical.Node.around(Node.java:137)
	at app//org.junit.platform.engine.support.hierarchical.NodeTestTask.lambda$executeRecursively$9(NodeTestTask.java:139)
	at app//org.junit.platform.engine.support.hierarchical.ThrowableCollector.execute(ThrowableCollector.java:73)
	at app//org.junit.platform.engine.support.hierarchical.NodeTestTask.executeRecursively(NodeTestTask.java:138)
	at app//org.junit.platform.engine.support.hierarchical.NodeTestTask.execute(NodeTestTask.java:95)
	at app//org.junit.platform.engine.support.hierarchical.SameThreadHierarchicalTestExecutorService.submit(SameThreadHierarchicalTestExecutorService.java:35)
	at app//org.junit.platform.engine.support.hierarchical.NodeTestTask$DefaultDynamicTestExecutor.execute(NodeTestTask.java:226)
	at app//org.junit.platform.engine.support.hierarchical.NodeTestTask$DefaultDynamicTestExecutor.execute(NodeTestTask.java:204)
	at java.base@11.0.18/java.util.Optional.ifPresent(Optional.java:183)
	at app//org.junit.jupiter.engine.descriptor.TestFactoryTestDescriptor.lambda$invokeTestMethod$1(TestFactoryTestDescriptor.java:108)
	at app//org.junit.platform.engine.support.hierarchical.ThrowableCollector.execute(ThrowableCollector.java:73)
	at app//org.junit.jupiter.engine.descriptor.TestFactoryTestDescriptor.invokeTestMethod(TestFactoryTestDescriptor.java:95)
	at app//org.junit.jupiter.engine.descriptor.TestMethodTestDescriptor.execute(TestMethodTestDescriptor.java:135)
	at app//org.junit.jupiter.engine.descriptor.TestMethodTestDescriptor.execute(TestMethodTestDescriptor.java:66)
	at app//org.junit.platform.engine.support.hierarchical.NodeTestTask.lambda$executeRecursively$6(NodeTestTask.java:151)
	at app//org.junit.platform.engine.support.hierarchical.ThrowableCollector.execute(ThrowableCollector.java:73)
	at app//org.junit.platform.engine.support.hierarchical.NodeTestTask.lambda$executeRecursively$8(NodeTestTask.java:141)
	at app//org.junit.platform.engine.support.hierarchical.Node.around(Node.java:137)
	at app//org.junit.platform.engine.support.hierarchical.NodeTestTask.lambda$executeRecursively$9(NodeTestTask.java:139)
	at app//org.junit.platform.engine.support.hierarchical.ThrowableCollector.execute(ThrowableCollector.java:73)
	at app//org.junit.platform.engine.support.hierarchical.NodeTestTask.executeRecursively(NodeTestTask.java:138)
	at app//org.junit.platform.engine.support.hierarchical.NodeTestTask.execute(NodeTestTask.java:95)
	at java.base@11.0.18/java.util.ArrayList.forEach(ArrayList.java:1541)
	at app//org.junit.platform.engine.support.hierarchical.SameThreadHierarchicalTestExecutorService.invokeAll(SameThreadHierarchicalTestExecutorService.java:41)
	at app//org.junit.platform.engine.support.hierarchical.NodeTestTask.lambda$executeRecursively$6(NodeTestTask.java:155)
	at app//org.junit.platform.engine.support.hierarchical.ThrowableCollector.execute(ThrowableCollector.java:73)
	at app//org.junit.platform.engine.support.hierarchical.NodeTestTask.lambda$executeRecursively$8(NodeTestTask.java:141)
	at app//org.junit.platform.engine.support.hierarchical.Node.around(Node.java:137)
	at app//org.junit.platform.engine.support.hierarchical.NodeTestTask.lambda$executeRecursively$9(NodeTestTask.java:139)
	at app//org.junit.platform.engine.support.hierarchical.ThrowableCollector.execute(ThrowableCollector.java:73)
	at app//org.junit.platform.engine.support.hierarchical.NodeTestTask.executeRecursively(NodeTestTask.java:138)
	at app//org.junit.platform.engine.support.hierarchical.NodeTestTask.execute(NodeTestTask.java:95)
	at java.base@11.0.18/java.util.ArrayList.forEach(ArrayList.java:1541)
	at app//org.junit.platform.engine.support.hierarchical.SameThreadHierarchicalTestExecutorService.invokeAll(SameThreadHierarchicalTestExecutorService.java:41)
	at app//org.junit.platform.engine.support.hierarchical.NodeTestTask.lambda$executeRecursively$6(NodeTestTask.java:155)
	at app//org.junit.platform.engine.support.hierarchical.ThrowableCollector.execute(ThrowableCollector.java:73)
	at app//org.junit.platform.engine.support.hierarchical.NodeTestTask.lambda$executeRecursively$8(NodeTestTask.java:141)
	at app//org.junit.platform.engine.support.hierarchical.Node.around(Node.java:137)
	at app//org.junit.platform.engine.support.hierarchical.NodeTestTask.lambda$executeRecursively$9(NodeTestTask.java:139)
	at app//org.junit.platform.engine.support.hierarchical.ThrowableCollector.execute(ThrowableCollector.java:73)
	at app//org.junit.platform.engine.support.hierarchical.NodeTestTask.executeRecursively(NodeTestTask.java:138)
	at app//org.junit.platform.engine.support.hierarchical.NodeTestTask.execute(NodeTestTask.java:95)
	at app//org.junit.platform.engine.support.hierarchical.SameThreadHierarchicalTestExecutorService.submit(SameThreadHierarchicalTestExecutorService.java:35)
	at app//org.junit.platform.engine.support.hierarchical.HierarchicalTestExecutor.execute(HierarchicalTestExecutor.java:57)
	at app//org.junit.platform.engine.support.hierarchical.HierarchicalTestEngine.execute(HierarchicalTestEngine.java:54)
	at org.junit.platform.launcher.core.EngineExecutionOrchestrator.execute(EngineExecutionOrchestrator.java:107)
	at org.junit.platform.launcher.core.EngineExecutionOrchestrator.execute(EngineExecutionOrchestrator.java:88)
	at org.junit.platform.launcher.core.EngineExecutionOrchestrator.lambda$execute$0(EngineExecutionOrchestrator.java:54)
	at org.junit.platform.launcher.core.EngineExecutionOrchestrator.withInterceptedStreams(EngineExecutionOrchestrator.java:67)
	at org.junit.platform.launcher.core.EngineExecutionOrchestrator.execute(EngineExecutionOrchestrator.java:52)
	at org.junit.platform.launcher.core.DefaultLauncher.execute(DefaultLauncher.java:114)
	at org.junit.platform.launcher.core.DefaultLauncher.execute(DefaultLauncher.java:86)
	at org.junit.platform.launcher.core.DefaultLauncherSession$DelegatingLauncher.execute(DefaultLauncherSession.java:86)
	at org.junit.platform.launcher.core.SessionPerRequestLauncher.execute(SessionPerRequestLauncher.java:53)
	at org.gradle.api.internal.tasks.testing.junitplatform.JUnitPlatformTestClassProcessor$CollectAllTestClassesExecutor.processAllTestClasses(JUnitPlatformTestClassProcessor.java:99)
	at org.gradle.api.internal.tasks.testing.junitplatform.JUnitPlatformTestClassProcessor$CollectAllTestClassesExecutor.access$000(JUnitPlatformTestClassProcessor.java:79)
	at org.gradle.api.internal.tasks.testing.junitplatform.JUnitPlatformTestClassProcessor.stop(JUnitPlatformTestClassProcessor.java:75)
	at org.gradle.api.internal.tasks.testing.SuiteTestClassProcessor.stop(SuiteTestClassProcessor.java:62)
	at java.base@11.0.18/jdk.internal.reflect.NativeMethodAccessorImpl.invoke0(Native Method)
	at java.base@11.0.18/jdk.internal.reflect.NativeMethodAccessorImpl.invoke(NativeMethodAccessorImpl.java:62)
	at java.base@11.0.18/jdk.internal.reflect.DelegatingMethodAccessorImpl.invoke(DelegatingMethodAccessorImpl.java:43)
	at java.base@11.0.18/java.lang.reflect.Method.invoke(Method.java:566)
	at org.gradle.internal.dispatch.ReflectionDispatch.dispatch(ReflectionDispatch.java:36)
	at org.gradle.internal.dispatch.ReflectionDispatch.dispatch(ReflectionDispatch.java:24)
	at org.gradle.internal.dispatch.ContextClassLoaderDispatch.dispatch(ContextClassLoaderDispatch.java:33)
	at org.gradle.internal.dispatch.ProxyDispatchAdapter$DispatchingInvocationHandler.invoke(ProxyDispatchAdapter.java:94)
	at com.sun.proxy.$Proxy2.stop(Unknown Source)
	at org.gradle.api.internal.tasks.testing.worker.TestWorker$3.run(TestWorker.java:193)
	at org.gradle.api.internal.tasks.testing.worker.TestWorker.executeAndMaintainThreadName(TestWorker.java:129)
	at org.gradle.api.internal.tasks.testing.worker.TestWorker.execute(TestWorker.java:100)
	at org.gradle.api.internal.tasks.testing.worker.TestWorker.execute(TestWorker.java:60)
	at org.gradle.process.internal.worker.child.ActionExecutionWorker.execute(ActionExecutionWorker.java:56)
	at org.gradle.process.internal.worker.child.SystemApplicationClassLoaderWorker.call(SystemApplicationClassLoaderWorker.java:113)
	at org.gradle.process.internal.worker.child.SystemApplicationClassLoaderWorker.call(SystemApplicationClassLoaderWorker.java:65)
	at app//worker.org.gradle.process.internal.worker.GradleWorkerMain.run(GradleWorkerMain.java:69)
	at app//worker.org.gradle.process.internal.worker.GradleWorkerMain.main(GradleWorkerMain.java:74)
</failure>
  </testcase>
  <testcase name="list" classname="de.uka.ilkd.key.proof.runallproofs.RunAllProofsFunctional" time="1.227">
    <failure message="org.opentest4j.AssertionFailedError: Executed process terminated with non-zero exit value. ==&gt; expected: &lt;0&gt; but was: &lt;1&gt;" type="org.opentest4j.AssertionFailedError">org.opentest4j.AssertionFailedError: Executed process terminated with non-zero exit value. ==&gt; expected: &lt;0&gt; but was: &lt;1&gt;
	at app//org.junit.jupiter.api.AssertionUtils.fail(AssertionUtils.java:55)
	at app//org.junit.jupiter.api.AssertionUtils.failNotEqual(AssertionUtils.java:62)
	at app//org.junit.jupiter.api.AssertEquals.assertEquals(AssertEquals.java:150)
	at app//org.junit.jupiter.api.Assertions.assertEquals(Assertions.java:559)
	at app//de.uka.ilkd.key.proof.runallproofs.proofcollection.ForkedTestFileRunner.processTestFiles(ForkedTestFileRunner.java:129)
	at app//de.uka.ilkd.key.proof.runallproofs.RunAllProofsTestUnit.runTest(RunAllProofsTestUnit.java:85)
	at app//de.uka.ilkd.key.proof.runallproofs.RunAllProofsTest.lambda$data$0(RunAllProofsTest.java:83)
	at app//org.junit.jupiter.engine.descriptor.DynamicTestTestDescriptor.lambda$execute$0(DynamicTestTestDescriptor.java:53)
	at app//org.junit.jupiter.engine.execution.InvocationInterceptorChain$ValidatingInvocation.proceed(InvocationInterceptorChain.java:131)
	at app//org.junit.jupiter.api.extension.InvocationInterceptor.interceptDynamicTest(InvocationInterceptor.java:167)
	at app//org.junit.jupiter.api.extension.InvocationInterceptor.interceptDynamicTest(InvocationInterceptor.java:184)
	at app//org.junit.jupiter.engine.descriptor.DynamicTestTestDescriptor.lambda$execute$1(DynamicTestTestDescriptor.java:61)
	at app//org.junit.jupiter.engine.execution.InvocationInterceptorChain$InterceptorCall.lambda$ofVoid$0(InvocationInterceptorChain.java:78)
	at app//org.junit.jupiter.engine.execution.InvocationInterceptorChain$InterceptedInvocation.proceed(InvocationInterceptorChain.java:106)
	at app//org.junit.jupiter.engine.execution.InvocationInterceptorChain.proceed(InvocationInterceptorChain.java:64)
	at app//org.junit.jupiter.engine.execution.InvocationInterceptorChain.chainAndInvoke(InvocationInterceptorChain.java:45)
	at app//org.junit.jupiter.engine.execution.InvocationInterceptorChain.invoke(InvocationInterceptorChain.java:37)
	at app//org.junit.jupiter.engine.descriptor.DynamicTestTestDescriptor.execute(DynamicTestTestDescriptor.java:60)
	at app//org.junit.jupiter.engine.descriptor.DynamicTestTestDescriptor.execute(DynamicTestTestDescriptor.java:32)
	at app//org.junit.platform.engine.support.hierarchical.NodeTestTask.lambda$executeRecursively$6(NodeTestTask.java:151)
	at app//org.junit.platform.engine.support.hierarchical.ThrowableCollector.execute(ThrowableCollector.java:73)
	at app//org.junit.platform.engine.support.hierarchical.NodeTestTask.lambda$executeRecursively$8(NodeTestTask.java:141)
	at app//org.junit.platform.engine.support.hierarchical.Node.around(Node.java:137)
	at app//org.junit.platform.engine.support.hierarchical.NodeTestTask.lambda$executeRecursively$9(NodeTestTask.java:139)
	at app//org.junit.platform.engine.support.hierarchical.ThrowableCollector.execute(ThrowableCollector.java:73)
	at app//org.junit.platform.engine.support.hierarchical.NodeTestTask.executeRecursively(NodeTestTask.java:138)
	at app//org.junit.platform.engine.support.hierarchical.NodeTestTask.execute(NodeTestTask.java:95)
	at app//org.junit.platform.engine.support.hierarchical.SameThreadHierarchicalTestExecutorService.submit(SameThreadHierarchicalTestExecutorService.java:35)
	at app//org.junit.platform.engine.support.hierarchical.NodeTestTask$DefaultDynamicTestExecutor.execute(NodeTestTask.java:226)
	at app//org.junit.platform.engine.support.hierarchical.NodeTestTask$DefaultDynamicTestExecutor.execute(NodeTestTask.java:204)
	at java.base@11.0.18/java.util.Optional.ifPresent(Optional.java:183)
	at app//org.junit.jupiter.engine.descriptor.TestFactoryTestDescriptor.lambda$invokeTestMethod$1(TestFactoryTestDescriptor.java:108)
	at app//org.junit.platform.engine.support.hierarchical.ThrowableCollector.execute(ThrowableCollector.java:73)
	at app//org.junit.jupiter.engine.descriptor.TestFactoryTestDescriptor.invokeTestMethod(TestFactoryTestDescriptor.java:95)
	at app//org.junit.jupiter.engine.descriptor.TestMethodTestDescriptor.execute(TestMethodTestDescriptor.java:135)
	at app//org.junit.jupiter.engine.descriptor.TestMethodTestDescriptor.execute(TestMethodTestDescriptor.java:66)
	at app//org.junit.platform.engine.support.hierarchical.NodeTestTask.lambda$executeRecursively$6(NodeTestTask.java:151)
	at app//org.junit.platform.engine.support.hierarchical.ThrowableCollector.execute(ThrowableCollector.java:73)
	at app//org.junit.platform.engine.support.hierarchical.NodeTestTask.lambda$executeRecursively$8(NodeTestTask.java:141)
	at app//org.junit.platform.engine.support.hierarchical.Node.around(Node.java:137)
	at app//org.junit.platform.engine.support.hierarchical.NodeTestTask.lambda$executeRecursively$9(NodeTestTask.java:139)
	at app//org.junit.platform.engine.support.hierarchical.ThrowableCollector.execute(ThrowableCollector.java:73)
	at app//org.junit.platform.engine.support.hierarchical.NodeTestTask.executeRecursively(NodeTestTask.java:138)
	at app//org.junit.platform.engine.support.hierarchical.NodeTestTask.execute(NodeTestTask.java:95)
	at java.base@11.0.18/java.util.ArrayList.forEach(ArrayList.java:1541)
	at app//org.junit.platform.engine.support.hierarchical.SameThreadHierarchicalTestExecutorService.invokeAll(SameThreadHierarchicalTestExecutorService.java:41)
	at app//org.junit.platform.engine.support.hierarchical.NodeTestTask.lambda$executeRecursively$6(NodeTestTask.java:155)
	at app//org.junit.platform.engine.support.hierarchical.ThrowableCollector.execute(ThrowableCollector.java:73)
	at app//org.junit.platform.engine.support.hierarchical.NodeTestTask.lambda$executeRecursively$8(NodeTestTask.java:141)
	at app//org.junit.platform.engine.support.hierarchical.Node.around(Node.java:137)
	at app//org.junit.platform.engine.support.hierarchical.NodeTestTask.lambda$executeRecursively$9(NodeTestTask.java:139)
	at app//org.junit.platform.engine.support.hierarchical.ThrowableCollector.execute(ThrowableCollector.java:73)
	at app//org.junit.platform.engine.support.hierarchical.NodeTestTask.executeRecursively(NodeTestTask.java:138)
	at app//org.junit.platform.engine.support.hierarchical.NodeTestTask.execute(NodeTestTask.java:95)
	at java.base@11.0.18/java.util.ArrayList.forEach(ArrayList.java:1541)
	at app//org.junit.platform.engine.support.hierarchical.SameThreadHierarchicalTestExecutorService.invokeAll(SameThreadHierarchicalTestExecutorService.java:41)
	at app//org.junit.platform.engine.support.hierarchical.NodeTestTask.lambda$executeRecursively$6(NodeTestTask.java:155)
	at app//org.junit.platform.engine.support.hierarchical.ThrowableCollector.execute(ThrowableCollector.java:73)
	at app//org.junit.platform.engine.support.hierarchical.NodeTestTask.lambda$executeRecursively$8(NodeTestTask.java:141)
	at app//org.junit.platform.engine.support.hierarchical.Node.around(Node.java:137)
	at app//org.junit.platform.engine.support.hierarchical.NodeTestTask.lambda$executeRecursively$9(NodeTestTask.java:139)
	at app//org.junit.platform.engine.support.hierarchical.ThrowableCollector.execute(ThrowableCollector.java:73)
	at app//org.junit.platform.engine.support.hierarchical.NodeTestTask.executeRecursively(NodeTestTask.java:138)
	at app//org.junit.platform.engine.support.hierarchical.NodeTestTask.execute(NodeTestTask.java:95)
	at app//org.junit.platform.engine.support.hierarchical.SameThreadHierarchicalTestExecutorService.submit(SameThreadHierarchicalTestExecutorService.java:35)
	at app//org.junit.platform.engine.support.hierarchical.HierarchicalTestExecutor.execute(HierarchicalTestExecutor.java:57)
	at app//org.junit.platform.engine.support.hierarchical.HierarchicalTestEngine.execute(HierarchicalTestEngine.java:54)
	at org.junit.platform.launcher.core.EngineExecutionOrchestrator.execute(EngineExecutionOrchestrator.java:107)
	at org.junit.platform.launcher.core.EngineExecutionOrchestrator.execute(EngineExecutionOrchestrator.java:88)
	at org.junit.platform.launcher.core.EngineExecutionOrchestrator.lambda$execute$0(EngineExecutionOrchestrator.java:54)
	at org.junit.platform.launcher.core.EngineExecutionOrchestrator.withInterceptedStreams(EngineExecutionOrchestrator.java:67)
	at org.junit.platform.launcher.core.EngineExecutionOrchestrator.execute(EngineExecutionOrchestrator.java:52)
	at org.junit.platform.launcher.core.DefaultLauncher.execute(DefaultLauncher.java:114)
	at org.junit.platform.launcher.core.DefaultLauncher.execute(DefaultLauncher.java:86)
	at org.junit.platform.launcher.core.DefaultLauncherSession$DelegatingLauncher.execute(DefaultLauncherSession.java:86)
	at org.junit.platform.launcher.core.SessionPerRequestLauncher.execute(SessionPerRequestLauncher.java:53)
	at org.gradle.api.internal.tasks.testing.junitplatform.JUnitPlatformTestClassProcessor$CollectAllTestClassesExecutor.processAllTestClasses(JUnitPlatformTestClassProcessor.java:99)
	at org.gradle.api.internal.tasks.testing.junitplatform.JUnitPlatformTestClassProcessor$CollectAllTestClassesExecutor.access$000(JUnitPlatformTestClassProcessor.java:79)
	at org.gradle.api.internal.tasks.testing.junitplatform.JUnitPlatformTestClassProcessor.stop(JUnitPlatformTestClassProcessor.java:75)
	at org.gradle.api.internal.tasks.testing.SuiteTestClassProcessor.stop(SuiteTestClassProcessor.java:62)
	at java.base@11.0.18/jdk.internal.reflect.NativeMethodAccessorImpl.invoke0(Native Method)
	at java.base@11.0.18/jdk.internal.reflect.NativeMethodAccessorImpl.invoke(NativeMethodAccessorImpl.java:62)
	at java.base@11.0.18/jdk.internal.reflect.DelegatingMethodAccessorImpl.invoke(DelegatingMethodAccessorImpl.java:43)
	at java.base@11.0.18/java.lang.reflect.Method.invoke(Method.java:566)
	at org.gradle.internal.dispatch.ReflectionDispatch.dispatch(ReflectionDispatch.java:36)
	at org.gradle.internal.dispatch.ReflectionDispatch.dispatch(ReflectionDispatch.java:24)
	at org.gradle.internal.dispatch.ContextClassLoaderDispatch.dispatch(ContextClassLoaderDispatch.java:33)
	at org.gradle.internal.dispatch.ProxyDispatchAdapter$DispatchingInvocationHandler.invoke(ProxyDispatchAdapter.java:94)
	at com.sun.proxy.$Proxy2.stop(Unknown Source)
	at org.gradle.api.internal.tasks.testing.worker.TestWorker$3.run(TestWorker.java:193)
	at org.gradle.api.internal.tasks.testing.worker.TestWorker.executeAndMaintainThreadName(TestWorker.java:129)
	at org.gradle.api.internal.tasks.testing.worker.TestWorker.execute(TestWorker.java:100)
	at org.gradle.api.internal.tasks.testing.worker.TestWorker.execute(TestWorker.java:60)
	at org.gradle.process.internal.worker.child.ActionExecutionWorker.execute(ActionExecutionWorker.java:56)
	at org.gradle.process.internal.worker.child.SystemApplicationClassLoaderWorker.call(SystemApplicationClassLoaderWorker.java:113)
	at org.gradle.process.internal.worker.child.SystemApplicationClassLoaderWorker.call(SystemApplicationClassLoaderWorker.java:65)
	at app//worker.org.gradle.process.internal.worker.GradleWorkerMain.run(GradleWorkerMain.java:69)
	at app//worker.org.gradle.process.internal.worker.GradleWorkerMain.main(GradleWorkerMain.java:74)
</failure>
  </testcase>
  <testcase name="list_ghost" classname="de.uka.ilkd.key.proof.runallproofs.RunAllProofsFunctional" time="1.064">
    <failure message="org.opentest4j.AssertionFailedError: Executed process terminated with non-zero exit value. ==&gt; expected: &lt;0&gt; but was: &lt;1&gt;" type="org.opentest4j.AssertionFailedError">org.opentest4j.AssertionFailedError: Executed process terminated with non-zero exit value. ==&gt; expected: &lt;0&gt; but was: &lt;1&gt;
	at app//org.junit.jupiter.api.AssertionUtils.fail(AssertionUtils.java:55)
	at app//org.junit.jupiter.api.AssertionUtils.failNotEqual(AssertionUtils.java:62)
	at app//org.junit.jupiter.api.AssertEquals.assertEquals(AssertEquals.java:150)
	at app//org.junit.jupiter.api.Assertions.assertEquals(Assertions.java:559)
	at app//de.uka.ilkd.key.proof.runallproofs.proofcollection.ForkedTestFileRunner.processTestFiles(ForkedTestFileRunner.java:129)
	at app//de.uka.ilkd.key.proof.runallproofs.RunAllProofsTestUnit.runTest(RunAllProofsTestUnit.java:85)
	at app//de.uka.ilkd.key.proof.runallproofs.RunAllProofsTest.lambda$data$0(RunAllProofsTest.java:83)
	at app//org.junit.jupiter.engine.descriptor.DynamicTestTestDescriptor.lambda$execute$0(DynamicTestTestDescriptor.java:53)
	at app//org.junit.jupiter.engine.execution.InvocationInterceptorChain$ValidatingInvocation.proceed(InvocationInterceptorChain.java:131)
	at app//org.junit.jupiter.api.extension.InvocationInterceptor.interceptDynamicTest(InvocationInterceptor.java:167)
	at app//org.junit.jupiter.api.extension.InvocationInterceptor.interceptDynamicTest(InvocationInterceptor.java:184)
	at app//org.junit.jupiter.engine.descriptor.DynamicTestTestDescriptor.lambda$execute$1(DynamicTestTestDescriptor.java:61)
	at app//org.junit.jupiter.engine.execution.InvocationInterceptorChain$InterceptorCall.lambda$ofVoid$0(InvocationInterceptorChain.java:78)
	at app//org.junit.jupiter.engine.execution.InvocationInterceptorChain$InterceptedInvocation.proceed(InvocationInterceptorChain.java:106)
	at app//org.junit.jupiter.engine.execution.InvocationInterceptorChain.proceed(InvocationInterceptorChain.java:64)
	at app//org.junit.jupiter.engine.execution.InvocationInterceptorChain.chainAndInvoke(InvocationInterceptorChain.java:45)
	at app//org.junit.jupiter.engine.execution.InvocationInterceptorChain.invoke(InvocationInterceptorChain.java:37)
	at app//org.junit.jupiter.engine.descriptor.DynamicTestTestDescriptor.execute(DynamicTestTestDescriptor.java:60)
	at app//org.junit.jupiter.engine.descriptor.DynamicTestTestDescriptor.execute(DynamicTestTestDescriptor.java:32)
	at app//org.junit.platform.engine.support.hierarchical.NodeTestTask.lambda$executeRecursively$6(NodeTestTask.java:151)
	at app//org.junit.platform.engine.support.hierarchical.ThrowableCollector.execute(ThrowableCollector.java:73)
	at app//org.junit.platform.engine.support.hierarchical.NodeTestTask.lambda$executeRecursively$8(NodeTestTask.java:141)
	at app//org.junit.platform.engine.support.hierarchical.Node.around(Node.java:137)
	at app//org.junit.platform.engine.support.hierarchical.NodeTestTask.lambda$executeRecursively$9(NodeTestTask.java:139)
	at app//org.junit.platform.engine.support.hierarchical.ThrowableCollector.execute(ThrowableCollector.java:73)
	at app//org.junit.platform.engine.support.hierarchical.NodeTestTask.executeRecursively(NodeTestTask.java:138)
	at app//org.junit.platform.engine.support.hierarchical.NodeTestTask.execute(NodeTestTask.java:95)
	at app//org.junit.platform.engine.support.hierarchical.SameThreadHierarchicalTestExecutorService.submit(SameThreadHierarchicalTestExecutorService.java:35)
	at app//org.junit.platform.engine.support.hierarchical.NodeTestTask$DefaultDynamicTestExecutor.execute(NodeTestTask.java:226)
	at app//org.junit.platform.engine.support.hierarchical.NodeTestTask$DefaultDynamicTestExecutor.execute(NodeTestTask.java:204)
	at java.base@11.0.18/java.util.Optional.ifPresent(Optional.java:183)
	at app//org.junit.jupiter.engine.descriptor.TestFactoryTestDescriptor.lambda$invokeTestMethod$1(TestFactoryTestDescriptor.java:108)
	at app//org.junit.platform.engine.support.hierarchical.ThrowableCollector.execute(ThrowableCollector.java:73)
	at app//org.junit.jupiter.engine.descriptor.TestFactoryTestDescriptor.invokeTestMethod(TestFactoryTestDescriptor.java:95)
	at app//org.junit.jupiter.engine.descriptor.TestMethodTestDescriptor.execute(TestMethodTestDescriptor.java:135)
	at app//org.junit.jupiter.engine.descriptor.TestMethodTestDescriptor.execute(TestMethodTestDescriptor.java:66)
	at app//org.junit.platform.engine.support.hierarchical.NodeTestTask.lambda$executeRecursively$6(NodeTestTask.java:151)
	at app//org.junit.platform.engine.support.hierarchical.ThrowableCollector.execute(ThrowableCollector.java:73)
	at app//org.junit.platform.engine.support.hierarchical.NodeTestTask.lambda$executeRecursively$8(NodeTestTask.java:141)
	at app//org.junit.platform.engine.support.hierarchical.Node.around(Node.java:137)
	at app//org.junit.platform.engine.support.hierarchical.NodeTestTask.lambda$executeRecursively$9(NodeTestTask.java:139)
	at app//org.junit.platform.engine.support.hierarchical.ThrowableCollector.execute(ThrowableCollector.java:73)
	at app//org.junit.platform.engine.support.hierarchical.NodeTestTask.executeRecursively(NodeTestTask.java:138)
	at app//org.junit.platform.engine.support.hierarchical.NodeTestTask.execute(NodeTestTask.java:95)
	at java.base@11.0.18/java.util.ArrayList.forEach(ArrayList.java:1541)
	at app//org.junit.platform.engine.support.hierarchical.SameThreadHierarchicalTestExecutorService.invokeAll(SameThreadHierarchicalTestExecutorService.java:41)
	at app//org.junit.platform.engine.support.hierarchical.NodeTestTask.lambda$executeRecursively$6(NodeTestTask.java:155)
	at app//org.junit.platform.engine.support.hierarchical.ThrowableCollector.execute(ThrowableCollector.java:73)
	at app//org.junit.platform.engine.support.hierarchical.NodeTestTask.lambda$executeRecursively$8(NodeTestTask.java:141)
	at app//org.junit.platform.engine.support.hierarchical.Node.around(Node.java:137)
	at app//org.junit.platform.engine.support.hierarchical.NodeTestTask.lambda$executeRecursively$9(NodeTestTask.java:139)
	at app//org.junit.platform.engine.support.hierarchical.ThrowableCollector.execute(ThrowableCollector.java:73)
	at app//org.junit.platform.engine.support.hierarchical.NodeTestTask.executeRecursively(NodeTestTask.java:138)
	at app//org.junit.platform.engine.support.hierarchical.NodeTestTask.execute(NodeTestTask.java:95)
	at java.base@11.0.18/java.util.ArrayList.forEach(ArrayList.java:1541)
	at app//org.junit.platform.engine.support.hierarchical.SameThreadHierarchicalTestExecutorService.invokeAll(SameThreadHierarchicalTestExecutorService.java:41)
	at app//org.junit.platform.engine.support.hierarchical.NodeTestTask.lambda$executeRecursively$6(NodeTestTask.java:155)
	at app//org.junit.platform.engine.support.hierarchical.ThrowableCollector.execute(ThrowableCollector.java:73)
	at app//org.junit.platform.engine.support.hierarchical.NodeTestTask.lambda$executeRecursively$8(NodeTestTask.java:141)
	at app//org.junit.platform.engine.support.hierarchical.Node.around(Node.java:137)
	at app//org.junit.platform.engine.support.hierarchical.NodeTestTask.lambda$executeRecursively$9(NodeTestTask.java:139)
	at app//org.junit.platform.engine.support.hierarchical.ThrowableCollector.execute(ThrowableCollector.java:73)
	at app//org.junit.platform.engine.support.hierarchical.NodeTestTask.executeRecursively(NodeTestTask.java:138)
	at app//org.junit.platform.engine.support.hierarchical.NodeTestTask.execute(NodeTestTask.java:95)
	at app//org.junit.platform.engine.support.hierarchical.SameThreadHierarchicalTestExecutorService.submit(SameThreadHierarchicalTestExecutorService.java:35)
	at app//org.junit.platform.engine.support.hierarchical.HierarchicalTestExecutor.execute(HierarchicalTestExecutor.java:57)
	at app//org.junit.platform.engine.support.hierarchical.HierarchicalTestEngine.execute(HierarchicalTestEngine.java:54)
	at org.junit.platform.launcher.core.EngineExecutionOrchestrator.execute(EngineExecutionOrchestrator.java:107)
	at org.junit.platform.launcher.core.EngineExecutionOrchestrator.execute(EngineExecutionOrchestrator.java:88)
	at org.junit.platform.launcher.core.EngineExecutionOrchestrator.lambda$execute$0(EngineExecutionOrchestrator.java:54)
	at org.junit.platform.launcher.core.EngineExecutionOrchestrator.withInterceptedStreams(EngineExecutionOrchestrator.java:67)
	at org.junit.platform.launcher.core.EngineExecutionOrchestrator.execute(EngineExecutionOrchestrator.java:52)
	at org.junit.platform.launcher.core.DefaultLauncher.execute(DefaultLauncher.java:114)
	at org.junit.platform.launcher.core.DefaultLauncher.execute(DefaultLauncher.java:86)
	at org.junit.platform.launcher.core.DefaultLauncherSession$DelegatingLauncher.execute(DefaultLauncherSession.java:86)
	at org.junit.platform.launcher.core.SessionPerRequestLauncher.execute(SessionPerRequestLauncher.java:53)
	at org.gradle.api.internal.tasks.testing.junitplatform.JUnitPlatformTestClassProcessor$CollectAllTestClassesExecutor.processAllTestClasses(JUnitPlatformTestClassProcessor.java:99)
	at org.gradle.api.internal.tasks.testing.junitplatform.JUnitPlatformTestClassProcessor$CollectAllTestClassesExecutor.access$000(JUnitPlatformTestClassProcessor.java:79)
	at org.gradle.api.internal.tasks.testing.junitplatform.JUnitPlatformTestClassProcessor.stop(JUnitPlatformTestClassProcessor.java:75)
	at org.gradle.api.internal.tasks.testing.SuiteTestClassProcessor.stop(SuiteTestClassProcessor.java:62)
	at java.base@11.0.18/jdk.internal.reflect.NativeMethodAccessorImpl.invoke0(Native Method)
	at java.base@11.0.18/jdk.internal.reflect.NativeMethodAccessorImpl.invoke(NativeMethodAccessorImpl.java:62)
	at java.base@11.0.18/jdk.internal.reflect.DelegatingMethodAccessorImpl.invoke(DelegatingMethodAccessorImpl.java:43)
	at java.base@11.0.18/java.lang.reflect.Method.invoke(Method.java:566)
	at org.gradle.internal.dispatch.ReflectionDispatch.dispatch(ReflectionDispatch.java:36)
	at org.gradle.internal.dispatch.ReflectionDispatch.dispatch(ReflectionDispatch.java:24)
	at org.gradle.internal.dispatch.ContextClassLoaderDispatch.dispatch(ContextClassLoaderDispatch.java:33)
	at org.gradle.internal.dispatch.ProxyDispatchAdapter$DispatchingInvocationHandler.invoke(ProxyDispatchAdapter.java:94)
	at com.sun.proxy.$Proxy2.stop(Unknown Source)
	at org.gradle.api.internal.tasks.testing.worker.TestWorker$3.run(TestWorker.java:193)
	at org.gradle.api.internal.tasks.testing.worker.TestWorker.executeAndMaintainThreadName(TestWorker.java:129)
	at org.gradle.api.internal.tasks.testing.worker.TestWorker.execute(TestWorker.java:100)
	at org.gradle.api.internal.tasks.testing.worker.TestWorker.execute(TestWorker.java:60)
	at org.gradle.process.internal.worker.child.ActionExecutionWorker.execute(ActionExecutionWorker.java:56)
	at org.gradle.process.internal.worker.child.SystemApplicationClassLoaderWorker.call(SystemApplicationClassLoaderWorker.java:113)
	at org.gradle.process.internal.worker.child.SystemApplicationClassLoaderWorker.call(SystemApplicationClassLoaderWorker.java:65)
	at app//worker.org.gradle.process.internal.worker.GradleWorkerMain.run(GradleWorkerMain.java:69)
	at app//worker.org.gradle.process.internal.worker.GradleWorkerMain.main(GradleWorkerMain.java:74)
</failure>
  </testcase>
  <testcase name="list_recursive" classname="de.uka.ilkd.key.proof.runallproofs.RunAllProofsFunctional" time="0.877">
    <failure message="org.opentest4j.AssertionFailedError: Executed process terminated with non-zero exit value. ==&gt; expected: &lt;0&gt; but was: &lt;1&gt;" type="org.opentest4j.AssertionFailedError">org.opentest4j.AssertionFailedError: Executed process terminated with non-zero exit value. ==&gt; expected: &lt;0&gt; but was: &lt;1&gt;
	at app//org.junit.jupiter.api.AssertionUtils.fail(AssertionUtils.java:55)
	at app//org.junit.jupiter.api.AssertionUtils.failNotEqual(AssertionUtils.java:62)
	at app//org.junit.jupiter.api.AssertEquals.assertEquals(AssertEquals.java:150)
	at app//org.junit.jupiter.api.Assertions.assertEquals(Assertions.java:559)
	at app//de.uka.ilkd.key.proof.runallproofs.proofcollection.ForkedTestFileRunner.processTestFiles(ForkedTestFileRunner.java:129)
	at app//de.uka.ilkd.key.proof.runallproofs.RunAllProofsTestUnit.runTest(RunAllProofsTestUnit.java:85)
	at app//de.uka.ilkd.key.proof.runallproofs.RunAllProofsTest.lambda$data$0(RunAllProofsTest.java:83)
	at app//org.junit.jupiter.engine.descriptor.DynamicTestTestDescriptor.lambda$execute$0(DynamicTestTestDescriptor.java:53)
	at app//org.junit.jupiter.engine.execution.InvocationInterceptorChain$ValidatingInvocation.proceed(InvocationInterceptorChain.java:131)
	at app//org.junit.jupiter.api.extension.InvocationInterceptor.interceptDynamicTest(InvocationInterceptor.java:167)
	at app//org.junit.jupiter.api.extension.InvocationInterceptor.interceptDynamicTest(InvocationInterceptor.java:184)
	at app//org.junit.jupiter.engine.descriptor.DynamicTestTestDescriptor.lambda$execute$1(DynamicTestTestDescriptor.java:61)
	at app//org.junit.jupiter.engine.execution.InvocationInterceptorChain$InterceptorCall.lambda$ofVoid$0(InvocationInterceptorChain.java:78)
	at app//org.junit.jupiter.engine.execution.InvocationInterceptorChain$InterceptedInvocation.proceed(InvocationInterceptorChain.java:106)
	at app//org.junit.jupiter.engine.execution.InvocationInterceptorChain.proceed(InvocationInterceptorChain.java:64)
	at app//org.junit.jupiter.engine.execution.InvocationInterceptorChain.chainAndInvoke(InvocationInterceptorChain.java:45)
	at app//org.junit.jupiter.engine.execution.InvocationInterceptorChain.invoke(InvocationInterceptorChain.java:37)
	at app//org.junit.jupiter.engine.descriptor.DynamicTestTestDescriptor.execute(DynamicTestTestDescriptor.java:60)
	at app//org.junit.jupiter.engine.descriptor.DynamicTestTestDescriptor.execute(DynamicTestTestDescriptor.java:32)
	at app//org.junit.platform.engine.support.hierarchical.NodeTestTask.lambda$executeRecursively$6(NodeTestTask.java:151)
	at app//org.junit.platform.engine.support.hierarchical.ThrowableCollector.execute(ThrowableCollector.java:73)
	at app//org.junit.platform.engine.support.hierarchical.NodeTestTask.lambda$executeRecursively$8(NodeTestTask.java:141)
	at app//org.junit.platform.engine.support.hierarchical.Node.around(Node.java:137)
	at app//org.junit.platform.engine.support.hierarchical.NodeTestTask.lambda$executeRecursively$9(NodeTestTask.java:139)
	at app//org.junit.platform.engine.support.hierarchical.ThrowableCollector.execute(ThrowableCollector.java:73)
	at app//org.junit.platform.engine.support.hierarchical.NodeTestTask.executeRecursively(NodeTestTask.java:138)
	at app//org.junit.platform.engine.support.hierarchical.NodeTestTask.execute(NodeTestTask.java:95)
	at app//org.junit.platform.engine.support.hierarchical.SameThreadHierarchicalTestExecutorService.submit(SameThreadHierarchicalTestExecutorService.java:35)
	at app//org.junit.platform.engine.support.hierarchical.NodeTestTask$DefaultDynamicTestExecutor.execute(NodeTestTask.java:226)
	at app//org.junit.platform.engine.support.hierarchical.NodeTestTask$DefaultDynamicTestExecutor.execute(NodeTestTask.java:204)
	at java.base@11.0.18/java.util.Optional.ifPresent(Optional.java:183)
	at app//org.junit.jupiter.engine.descriptor.TestFactoryTestDescriptor.lambda$invokeTestMethod$1(TestFactoryTestDescriptor.java:108)
	at app//org.junit.platform.engine.support.hierarchical.ThrowableCollector.execute(ThrowableCollector.java:73)
	at app//org.junit.jupiter.engine.descriptor.TestFactoryTestDescriptor.invokeTestMethod(TestFactoryTestDescriptor.java:95)
	at app//org.junit.jupiter.engine.descriptor.TestMethodTestDescriptor.execute(TestMethodTestDescriptor.java:135)
	at app//org.junit.jupiter.engine.descriptor.TestMethodTestDescriptor.execute(TestMethodTestDescriptor.java:66)
	at app//org.junit.platform.engine.support.hierarchical.NodeTestTask.lambda$executeRecursively$6(NodeTestTask.java:151)
	at app//org.junit.platform.engine.support.hierarchical.ThrowableCollector.execute(ThrowableCollector.java:73)
	at app//org.junit.platform.engine.support.hierarchical.NodeTestTask.lambda$executeRecursively$8(NodeTestTask.java:141)
	at app//org.junit.platform.engine.support.hierarchical.Node.around(Node.java:137)
	at app//org.junit.platform.engine.support.hierarchical.NodeTestTask.lambda$executeRecursively$9(NodeTestTask.java:139)
	at app//org.junit.platform.engine.support.hierarchical.ThrowableCollector.execute(ThrowableCollector.java:73)
	at app//org.junit.platform.engine.support.hierarchical.NodeTestTask.executeRecursively(NodeTestTask.java:138)
	at app//org.junit.platform.engine.support.hierarchical.NodeTestTask.execute(NodeTestTask.java:95)
	at java.base@11.0.18/java.util.ArrayList.forEach(ArrayList.java:1541)
	at app//org.junit.platform.engine.support.hierarchical.SameThreadHierarchicalTestExecutorService.invokeAll(SameThreadHierarchicalTestExecutorService.java:41)
	at app//org.junit.platform.engine.support.hierarchical.NodeTestTask.lambda$executeRecursively$6(NodeTestTask.java:155)
	at app//org.junit.platform.engine.support.hierarchical.ThrowableCollector.execute(ThrowableCollector.java:73)
	at app//org.junit.platform.engine.support.hierarchical.NodeTestTask.lambda$executeRecursively$8(NodeTestTask.java:141)
	at app//org.junit.platform.engine.support.hierarchical.Node.around(Node.java:137)
	at app//org.junit.platform.engine.support.hierarchical.NodeTestTask.lambda$executeRecursively$9(NodeTestTask.java:139)
	at app//org.junit.platform.engine.support.hierarchical.ThrowableCollector.execute(ThrowableCollector.java:73)
	at app//org.junit.platform.engine.support.hierarchical.NodeTestTask.executeRecursively(NodeTestTask.java:138)
	at app//org.junit.platform.engine.support.hierarchical.NodeTestTask.execute(NodeTestTask.java:95)
	at java.base@11.0.18/java.util.ArrayList.forEach(ArrayList.java:1541)
	at app//org.junit.platform.engine.support.hierarchical.SameThreadHierarchicalTestExecutorService.invokeAll(SameThreadHierarchicalTestExecutorService.java:41)
	at app//org.junit.platform.engine.support.hierarchical.NodeTestTask.lambda$executeRecursively$6(NodeTestTask.java:155)
	at app//org.junit.platform.engine.support.hierarchical.ThrowableCollector.execute(ThrowableCollector.java:73)
	at app//org.junit.platform.engine.support.hierarchical.NodeTestTask.lambda$executeRecursively$8(NodeTestTask.java:141)
	at app//org.junit.platform.engine.support.hierarchical.Node.around(Node.java:137)
	at app//org.junit.platform.engine.support.hierarchical.NodeTestTask.lambda$executeRecursively$9(NodeTestTask.java:139)
	at app//org.junit.platform.engine.support.hierarchical.ThrowableCollector.execute(ThrowableCollector.java:73)
	at app//org.junit.platform.engine.support.hierarchical.NodeTestTask.executeRecursively(NodeTestTask.java:138)
	at app//org.junit.platform.engine.support.hierarchical.NodeTestTask.execute(NodeTestTask.java:95)
	at app//org.junit.platform.engine.support.hierarchical.SameThreadHierarchicalTestExecutorService.submit(SameThreadHierarchicalTestExecutorService.java:35)
	at app//org.junit.platform.engine.support.hierarchical.HierarchicalTestExecutor.execute(HierarchicalTestExecutor.java:57)
	at app//org.junit.platform.engine.support.hierarchical.HierarchicalTestEngine.execute(HierarchicalTestEngine.java:54)
	at org.junit.platform.launcher.core.EngineExecutionOrchestrator.execute(EngineExecutionOrchestrator.java:107)
	at org.junit.platform.launcher.core.EngineExecutionOrchestrator.execute(EngineExecutionOrchestrator.java:88)
	at org.junit.platform.launcher.core.EngineExecutionOrchestrator.lambda$execute$0(EngineExecutionOrchestrator.java:54)
	at org.junit.platform.launcher.core.EngineExecutionOrchestrator.withInterceptedStreams(EngineExecutionOrchestrator.java:67)
	at org.junit.platform.launcher.core.EngineExecutionOrchestrator.execute(EngineExecutionOrchestrator.java:52)
	at org.junit.platform.launcher.core.DefaultLauncher.execute(DefaultLauncher.java:114)
	at org.junit.platform.launcher.core.DefaultLauncher.execute(DefaultLauncher.java:86)
	at org.junit.platform.launcher.core.DefaultLauncherSession$DelegatingLauncher.execute(DefaultLauncherSession.java:86)
	at org.junit.platform.launcher.core.SessionPerRequestLauncher.execute(SessionPerRequestLauncher.java:53)
	at org.gradle.api.internal.tasks.testing.junitplatform.JUnitPlatformTestClassProcessor$CollectAllTestClassesExecutor.processAllTestClasses(JUnitPlatformTestClassProcessor.java:99)
	at org.gradle.api.internal.tasks.testing.junitplatform.JUnitPlatformTestClassProcessor$CollectAllTestClassesExecutor.access$000(JUnitPlatformTestClassProcessor.java:79)
	at org.gradle.api.internal.tasks.testing.junitplatform.JUnitPlatformTestClassProcessor.stop(JUnitPlatformTestClassProcessor.java:75)
	at org.gradle.api.internal.tasks.testing.SuiteTestClassProcessor.stop(SuiteTestClassProcessor.java:62)
	at java.base@11.0.18/jdk.internal.reflect.NativeMethodAccessorImpl.invoke0(Native Method)
	at java.base@11.0.18/jdk.internal.reflect.NativeMethodAccessorImpl.invoke(NativeMethodAccessorImpl.java:62)
	at java.base@11.0.18/jdk.internal.reflect.DelegatingMethodAccessorImpl.invoke(DelegatingMethodAccessorImpl.java:43)
	at java.base@11.0.18/java.lang.reflect.Method.invoke(Method.java:566)
	at org.gradle.internal.dispatch.ReflectionDispatch.dispatch(ReflectionDispatch.java:36)
	at org.gradle.internal.dispatch.ReflectionDispatch.dispatch(ReflectionDispatch.java:24)
	at org.gradle.internal.dispatch.ContextClassLoaderDispatch.dispatch(ContextClassLoaderDispatch.java:33)
	at org.gradle.internal.dispatch.ProxyDispatchAdapter$DispatchingInvocationHandler.invoke(ProxyDispatchAdapter.java:94)
	at com.sun.proxy.$Proxy2.stop(Unknown Source)
	at org.gradle.api.internal.tasks.testing.worker.TestWorker$3.run(TestWorker.java:193)
	at org.gradle.api.internal.tasks.testing.worker.TestWorker.executeAndMaintainThreadName(TestWorker.java:129)
	at org.gradle.api.internal.tasks.testing.worker.TestWorker.execute(TestWorker.java:100)
	at org.gradle.api.internal.tasks.testing.worker.TestWorker.execute(TestWorker.java:60)
	at org.gradle.process.internal.worker.child.ActionExecutionWorker.execute(ActionExecutionWorker.java:56)
	at org.gradle.process.internal.worker.child.SystemApplicationClassLoaderWorker.call(SystemApplicationClassLoaderWorker.java:113)
	at org.gradle.process.internal.worker.child.SystemApplicationClassLoaderWorker.call(SystemApplicationClassLoaderWorker.java:65)
	at app//worker.org.gradle.process.internal.worker.GradleWorkerMain.run(GradleWorkerMain.java:69)
	at app//worker.org.gradle.process.internal.worker.GradleWorkerMain.main(GradleWorkerMain.java:74)
</failure>
  </testcase>
  <testcase name="list_seq" classname="de.uka.ilkd.key.proof.runallproofs.RunAllProofsFunctional" time="0.912">
    <failure message="org.opentest4j.AssertionFailedError: Executed process terminated with non-zero exit value. ==&gt; expected: &lt;0&gt; but was: &lt;1&gt;" type="org.opentest4j.AssertionFailedError">org.opentest4j.AssertionFailedError: Executed process terminated with non-zero exit value. ==&gt; expected: &lt;0&gt; but was: &lt;1&gt;
	at app//org.junit.jupiter.api.AssertionUtils.fail(AssertionUtils.java:55)
	at app//org.junit.jupiter.api.AssertionUtils.failNotEqual(AssertionUtils.java:62)
	at app//org.junit.jupiter.api.AssertEquals.assertEquals(AssertEquals.java:150)
	at app//org.junit.jupiter.api.Assertions.assertEquals(Assertions.java:559)
	at app//de.uka.ilkd.key.proof.runallproofs.proofcollection.ForkedTestFileRunner.processTestFiles(ForkedTestFileRunner.java:129)
	at app//de.uka.ilkd.key.proof.runallproofs.RunAllProofsTestUnit.runTest(RunAllProofsTestUnit.java:85)
	at app//de.uka.ilkd.key.proof.runallproofs.RunAllProofsTest.lambda$data$0(RunAllProofsTest.java:83)
	at app//org.junit.jupiter.engine.descriptor.DynamicTestTestDescriptor.lambda$execute$0(DynamicTestTestDescriptor.java:53)
	at app//org.junit.jupiter.engine.execution.InvocationInterceptorChain$ValidatingInvocation.proceed(InvocationInterceptorChain.java:131)
	at app//org.junit.jupiter.api.extension.InvocationInterceptor.interceptDynamicTest(InvocationInterceptor.java:167)
	at app//org.junit.jupiter.api.extension.InvocationInterceptor.interceptDynamicTest(InvocationInterceptor.java:184)
	at app//org.junit.jupiter.engine.descriptor.DynamicTestTestDescriptor.lambda$execute$1(DynamicTestTestDescriptor.java:61)
	at app//org.junit.jupiter.engine.execution.InvocationInterceptorChain$InterceptorCall.lambda$ofVoid$0(InvocationInterceptorChain.java:78)
	at app//org.junit.jupiter.engine.execution.InvocationInterceptorChain$InterceptedInvocation.proceed(InvocationInterceptorChain.java:106)
	at app//org.junit.jupiter.engine.execution.InvocationInterceptorChain.proceed(InvocationInterceptorChain.java:64)
	at app//org.junit.jupiter.engine.execution.InvocationInterceptorChain.chainAndInvoke(InvocationInterceptorChain.java:45)
	at app//org.junit.jupiter.engine.execution.InvocationInterceptorChain.invoke(InvocationInterceptorChain.java:37)
	at app//org.junit.jupiter.engine.descriptor.DynamicTestTestDescriptor.execute(DynamicTestTestDescriptor.java:60)
	at app//org.junit.jupiter.engine.descriptor.DynamicTestTestDescriptor.execute(DynamicTestTestDescriptor.java:32)
	at app//org.junit.platform.engine.support.hierarchical.NodeTestTask.lambda$executeRecursively$6(NodeTestTask.java:151)
	at app//org.junit.platform.engine.support.hierarchical.ThrowableCollector.execute(ThrowableCollector.java:73)
	at app//org.junit.platform.engine.support.hierarchical.NodeTestTask.lambda$executeRecursively$8(NodeTestTask.java:141)
	at app//org.junit.platform.engine.support.hierarchical.Node.around(Node.java:137)
	at app//org.junit.platform.engine.support.hierarchical.NodeTestTask.lambda$executeRecursively$9(NodeTestTask.java:139)
	at app//org.junit.platform.engine.support.hierarchical.ThrowableCollector.execute(ThrowableCollector.java:73)
	at app//org.junit.platform.engine.support.hierarchical.NodeTestTask.executeRecursively(NodeTestTask.java:138)
	at app//org.junit.platform.engine.support.hierarchical.NodeTestTask.execute(NodeTestTask.java:95)
	at app//org.junit.platform.engine.support.hierarchical.SameThreadHierarchicalTestExecutorService.submit(SameThreadHierarchicalTestExecutorService.java:35)
	at app//org.junit.platform.engine.support.hierarchical.NodeTestTask$DefaultDynamicTestExecutor.execute(NodeTestTask.java:226)
	at app//org.junit.platform.engine.support.hierarchical.NodeTestTask$DefaultDynamicTestExecutor.execute(NodeTestTask.java:204)
	at java.base@11.0.18/java.util.Optional.ifPresent(Optional.java:183)
	at app//org.junit.jupiter.engine.descriptor.TestFactoryTestDescriptor.lambda$invokeTestMethod$1(TestFactoryTestDescriptor.java:108)
	at app//org.junit.platform.engine.support.hierarchical.ThrowableCollector.execute(ThrowableCollector.java:73)
	at app//org.junit.jupiter.engine.descriptor.TestFactoryTestDescriptor.invokeTestMethod(TestFactoryTestDescriptor.java:95)
	at app//org.junit.jupiter.engine.descriptor.TestMethodTestDescriptor.execute(TestMethodTestDescriptor.java:135)
	at app//org.junit.jupiter.engine.descriptor.TestMethodTestDescriptor.execute(TestMethodTestDescriptor.java:66)
	at app//org.junit.platform.engine.support.hierarchical.NodeTestTask.lambda$executeRecursively$6(NodeTestTask.java:151)
	at app//org.junit.platform.engine.support.hierarchical.ThrowableCollector.execute(ThrowableCollector.java:73)
	at app//org.junit.platform.engine.support.hierarchical.NodeTestTask.lambda$executeRecursively$8(NodeTestTask.java:141)
	at app//org.junit.platform.engine.support.hierarchical.Node.around(Node.java:137)
	at app//org.junit.platform.engine.support.hierarchical.NodeTestTask.lambda$executeRecursively$9(NodeTestTask.java:139)
	at app//org.junit.platform.engine.support.hierarchical.ThrowableCollector.execute(ThrowableCollector.java:73)
	at app//org.junit.platform.engine.support.hierarchical.NodeTestTask.executeRecursively(NodeTestTask.java:138)
	at app//org.junit.platform.engine.support.hierarchical.NodeTestTask.execute(NodeTestTask.java:95)
	at java.base@11.0.18/java.util.ArrayList.forEach(ArrayList.java:1541)
	at app//org.junit.platform.engine.support.hierarchical.SameThreadHierarchicalTestExecutorService.invokeAll(SameThreadHierarchicalTestExecutorService.java:41)
	at app//org.junit.platform.engine.support.hierarchical.NodeTestTask.lambda$executeRecursively$6(NodeTestTask.java:155)
	at app//org.junit.platform.engine.support.hierarchical.ThrowableCollector.execute(ThrowableCollector.java:73)
	at app//org.junit.platform.engine.support.hierarchical.NodeTestTask.lambda$executeRecursively$8(NodeTestTask.java:141)
	at app//org.junit.platform.engine.support.hierarchical.Node.around(Node.java:137)
	at app//org.junit.platform.engine.support.hierarchical.NodeTestTask.lambda$executeRecursively$9(NodeTestTask.java:139)
	at app//org.junit.platform.engine.support.hierarchical.ThrowableCollector.execute(ThrowableCollector.java:73)
	at app//org.junit.platform.engine.support.hierarchical.NodeTestTask.executeRecursively(NodeTestTask.java:138)
	at app//org.junit.platform.engine.support.hierarchical.NodeTestTask.execute(NodeTestTask.java:95)
	at java.base@11.0.18/java.util.ArrayList.forEach(ArrayList.java:1541)
	at app//org.junit.platform.engine.support.hierarchical.SameThreadHierarchicalTestExecutorService.invokeAll(SameThreadHierarchicalTestExecutorService.java:41)
	at app//org.junit.platform.engine.support.hierarchical.NodeTestTask.lambda$executeRecursively$6(NodeTestTask.java:155)
	at app//org.junit.platform.engine.support.hierarchical.ThrowableCollector.execute(ThrowableCollector.java:73)
	at app//org.junit.platform.engine.support.hierarchical.NodeTestTask.lambda$executeRecursively$8(NodeTestTask.java:141)
	at app//org.junit.platform.engine.support.hierarchical.Node.around(Node.java:137)
	at app//org.junit.platform.engine.support.hierarchical.NodeTestTask.lambda$executeRecursively$9(NodeTestTask.java:139)
	at app//org.junit.platform.engine.support.hierarchical.ThrowableCollector.execute(ThrowableCollector.java:73)
	at app//org.junit.platform.engine.support.hierarchical.NodeTestTask.executeRecursively(NodeTestTask.java:138)
	at app//org.junit.platform.engine.support.hierarchical.NodeTestTask.execute(NodeTestTask.java:95)
	at app//org.junit.platform.engine.support.hierarchical.SameThreadHierarchicalTestExecutorService.submit(SameThreadHierarchicalTestExecutorService.java:35)
	at app//org.junit.platform.engine.support.hierarchical.HierarchicalTestExecutor.execute(HierarchicalTestExecutor.java:57)
	at app//org.junit.platform.engine.support.hierarchical.HierarchicalTestEngine.execute(HierarchicalTestEngine.java:54)
	at org.junit.platform.launcher.core.EngineExecutionOrchestrator.execute(EngineExecutionOrchestrator.java:107)
	at org.junit.platform.launcher.core.EngineExecutionOrchestrator.execute(EngineExecutionOrchestrator.java:88)
	at org.junit.platform.launcher.core.EngineExecutionOrchestrator.lambda$execute$0(EngineExecutionOrchestrator.java:54)
	at org.junit.platform.launcher.core.EngineExecutionOrchestrator.withInterceptedStreams(EngineExecutionOrchestrator.java:67)
	at org.junit.platform.launcher.core.EngineExecutionOrchestrator.execute(EngineExecutionOrchestrator.java:52)
	at org.junit.platform.launcher.core.DefaultLauncher.execute(DefaultLauncher.java:114)
	at org.junit.platform.launcher.core.DefaultLauncher.execute(DefaultLauncher.java:86)
	at org.junit.platform.launcher.core.DefaultLauncherSession$DelegatingLauncher.execute(DefaultLauncherSession.java:86)
	at org.junit.platform.launcher.core.SessionPerRequestLauncher.execute(SessionPerRequestLauncher.java:53)
	at org.gradle.api.internal.tasks.testing.junitplatform.JUnitPlatformTestClassProcessor$CollectAllTestClassesExecutor.processAllTestClasses(JUnitPlatformTestClassProcessor.java:99)
	at org.gradle.api.internal.tasks.testing.junitplatform.JUnitPlatformTestClassProcessor$CollectAllTestClassesExecutor.access$000(JUnitPlatformTestClassProcessor.java:79)
	at org.gradle.api.internal.tasks.testing.junitplatform.JUnitPlatformTestClassProcessor.stop(JUnitPlatformTestClassProcessor.java:75)
	at org.gradle.api.internal.tasks.testing.SuiteTestClassProcessor.stop(SuiteTestClassProcessor.java:62)
	at java.base@11.0.18/jdk.internal.reflect.NativeMethodAccessorImpl.invoke0(Native Method)
	at java.base@11.0.18/jdk.internal.reflect.NativeMethodAccessorImpl.invoke(NativeMethodAccessorImpl.java:62)
	at java.base@11.0.18/jdk.internal.reflect.DelegatingMethodAccessorImpl.invoke(DelegatingMethodAccessorImpl.java:43)
	at java.base@11.0.18/java.lang.reflect.Method.invoke(Method.java:566)
	at org.gradle.internal.dispatch.ReflectionDispatch.dispatch(ReflectionDispatch.java:36)
	at org.gradle.internal.dispatch.ReflectionDispatch.dispatch(ReflectionDispatch.java:24)
	at org.gradle.internal.dispatch.ContextClassLoaderDispatch.dispatch(ContextClassLoaderDispatch.java:33)
	at org.gradle.internal.dispatch.ProxyDispatchAdapter$DispatchingInvocationHandler.invoke(ProxyDispatchAdapter.java:94)
	at com.sun.proxy.$Proxy2.stop(Unknown Source)
	at org.gradle.api.internal.tasks.testing.worker.TestWorker$3.run(TestWorker.java:193)
	at org.gradle.api.internal.tasks.testing.worker.TestWorker.executeAndMaintainThreadName(TestWorker.java:129)
	at org.gradle.api.internal.tasks.testing.worker.TestWorker.execute(TestWorker.java:100)
	at org.gradle.api.internal.tasks.testing.worker.TestWorker.execute(TestWorker.java:60)
	at org.gradle.process.internal.worker.child.ActionExecutionWorker.execute(ActionExecutionWorker.java:56)
	at org.gradle.process.internal.worker.child.SystemApplicationClassLoaderWorker.call(SystemApplicationClassLoaderWorker.java:113)
	at org.gradle.process.internal.worker.child.SystemApplicationClassLoaderWorker.call(SystemApplicationClassLoaderWorker.java:65)
	at app//worker.org.gradle.process.internal.worker.GradleWorkerMain.run(GradleWorkerMain.java:69)
	at app//worker.org.gradle.process.internal.worker.GradleWorkerMain.main(GradleWorkerMain.java:74)
</failure>
  </testcase>
  <testcase name="observer" classname="de.uka.ilkd.key.proof.runallproofs.RunAllProofsFunctional" time="1.048">
    <failure message="org.opentest4j.AssertionFailedError: Executed process terminated with non-zero exit value. ==&gt; expected: &lt;0&gt; but was: &lt;1&gt;" type="org.opentest4j.AssertionFailedError">org.opentest4j.AssertionFailedError: Executed process terminated with non-zero exit value. ==&gt; expected: &lt;0&gt; but was: &lt;1&gt;
	at app//org.junit.jupiter.api.AssertionUtils.fail(AssertionUtils.java:55)
	at app//org.junit.jupiter.api.AssertionUtils.failNotEqual(AssertionUtils.java:62)
	at app//org.junit.jupiter.api.AssertEquals.assertEquals(AssertEquals.java:150)
	at app//org.junit.jupiter.api.Assertions.assertEquals(Assertions.java:559)
	at app//de.uka.ilkd.key.proof.runallproofs.proofcollection.ForkedTestFileRunner.processTestFiles(ForkedTestFileRunner.java:129)
	at app//de.uka.ilkd.key.proof.runallproofs.RunAllProofsTestUnit.runTest(RunAllProofsTestUnit.java:85)
	at app//de.uka.ilkd.key.proof.runallproofs.RunAllProofsTest.lambda$data$0(RunAllProofsTest.java:83)
	at app//org.junit.jupiter.engine.descriptor.DynamicTestTestDescriptor.lambda$execute$0(DynamicTestTestDescriptor.java:53)
	at app//org.junit.jupiter.engine.execution.InvocationInterceptorChain$ValidatingInvocation.proceed(InvocationInterceptorChain.java:131)
	at app//org.junit.jupiter.api.extension.InvocationInterceptor.interceptDynamicTest(InvocationInterceptor.java:167)
	at app//org.junit.jupiter.api.extension.InvocationInterceptor.interceptDynamicTest(InvocationInterceptor.java:184)
	at app//org.junit.jupiter.engine.descriptor.DynamicTestTestDescriptor.lambda$execute$1(DynamicTestTestDescriptor.java:61)
	at app//org.junit.jupiter.engine.execution.InvocationInterceptorChain$InterceptorCall.lambda$ofVoid$0(InvocationInterceptorChain.java:78)
	at app//org.junit.jupiter.engine.execution.InvocationInterceptorChain$InterceptedInvocation.proceed(InvocationInterceptorChain.java:106)
	at app//org.junit.jupiter.engine.execution.InvocationInterceptorChain.proceed(InvocationInterceptorChain.java:64)
	at app//org.junit.jupiter.engine.execution.InvocationInterceptorChain.chainAndInvoke(InvocationInterceptorChain.java:45)
	at app//org.junit.jupiter.engine.execution.InvocationInterceptorChain.invoke(InvocationInterceptorChain.java:37)
	at app//org.junit.jupiter.engine.descriptor.DynamicTestTestDescriptor.execute(DynamicTestTestDescriptor.java:60)
	at app//org.junit.jupiter.engine.descriptor.DynamicTestTestDescriptor.execute(DynamicTestTestDescriptor.java:32)
	at app//org.junit.platform.engine.support.hierarchical.NodeTestTask.lambda$executeRecursively$6(NodeTestTask.java:151)
	at app//org.junit.platform.engine.support.hierarchical.ThrowableCollector.execute(ThrowableCollector.java:73)
	at app//org.junit.platform.engine.support.hierarchical.NodeTestTask.lambda$executeRecursively$8(NodeTestTask.java:141)
	at app//org.junit.platform.engine.support.hierarchical.Node.around(Node.java:137)
	at app//org.junit.platform.engine.support.hierarchical.NodeTestTask.lambda$executeRecursively$9(NodeTestTask.java:139)
	at app//org.junit.platform.engine.support.hierarchical.ThrowableCollector.execute(ThrowableCollector.java:73)
	at app//org.junit.platform.engine.support.hierarchical.NodeTestTask.executeRecursively(NodeTestTask.java:138)
	at app//org.junit.platform.engine.support.hierarchical.NodeTestTask.execute(NodeTestTask.java:95)
	at app//org.junit.platform.engine.support.hierarchical.SameThreadHierarchicalTestExecutorService.submit(SameThreadHierarchicalTestExecutorService.java:35)
	at app//org.junit.platform.engine.support.hierarchical.NodeTestTask$DefaultDynamicTestExecutor.execute(NodeTestTask.java:226)
	at app//org.junit.platform.engine.support.hierarchical.NodeTestTask$DefaultDynamicTestExecutor.execute(NodeTestTask.java:204)
	at java.base@11.0.18/java.util.Optional.ifPresent(Optional.java:183)
	at app//org.junit.jupiter.engine.descriptor.TestFactoryTestDescriptor.lambda$invokeTestMethod$1(TestFactoryTestDescriptor.java:108)
	at app//org.junit.platform.engine.support.hierarchical.ThrowableCollector.execute(ThrowableCollector.java:73)
	at app//org.junit.jupiter.engine.descriptor.TestFactoryTestDescriptor.invokeTestMethod(TestFactoryTestDescriptor.java:95)
	at app//org.junit.jupiter.engine.descriptor.TestMethodTestDescriptor.execute(TestMethodTestDescriptor.java:135)
	at app//org.junit.jupiter.engine.descriptor.TestMethodTestDescriptor.execute(TestMethodTestDescriptor.java:66)
	at app//org.junit.platform.engine.support.hierarchical.NodeTestTask.lambda$executeRecursively$6(NodeTestTask.java:151)
	at app//org.junit.platform.engine.support.hierarchical.ThrowableCollector.execute(ThrowableCollector.java:73)
	at app//org.junit.platform.engine.support.hierarchical.NodeTestTask.lambda$executeRecursively$8(NodeTestTask.java:141)
	at app//org.junit.platform.engine.support.hierarchical.Node.around(Node.java:137)
	at app//org.junit.platform.engine.support.hierarchical.NodeTestTask.lambda$executeRecursively$9(NodeTestTask.java:139)
	at app//org.junit.platform.engine.support.hierarchical.ThrowableCollector.execute(ThrowableCollector.java:73)
	at app//org.junit.platform.engine.support.hierarchical.NodeTestTask.executeRecursively(NodeTestTask.java:138)
	at app//org.junit.platform.engine.support.hierarchical.NodeTestTask.execute(NodeTestTask.java:95)
	at java.base@11.0.18/java.util.ArrayList.forEach(ArrayList.java:1541)
	at app//org.junit.platform.engine.support.hierarchical.SameThreadHierarchicalTestExecutorService.invokeAll(SameThreadHierarchicalTestExecutorService.java:41)
	at app//org.junit.platform.engine.support.hierarchical.NodeTestTask.lambda$executeRecursively$6(NodeTestTask.java:155)
	at app//org.junit.platform.engine.support.hierarchical.ThrowableCollector.execute(ThrowableCollector.java:73)
	at app//org.junit.platform.engine.support.hierarchical.NodeTestTask.lambda$executeRecursively$8(NodeTestTask.java:141)
	at app//org.junit.platform.engine.support.hierarchical.Node.around(Node.java:137)
	at app//org.junit.platform.engine.support.hierarchical.NodeTestTask.lambda$executeRecursively$9(NodeTestTask.java:139)
	at app//org.junit.platform.engine.support.hierarchical.ThrowableCollector.execute(ThrowableCollector.java:73)
	at app//org.junit.platform.engine.support.hierarchical.NodeTestTask.executeRecursively(NodeTestTask.java:138)
	at app//org.junit.platform.engine.support.hierarchical.NodeTestTask.execute(NodeTestTask.java:95)
	at java.base@11.0.18/java.util.ArrayList.forEach(ArrayList.java:1541)
	at app//org.junit.platform.engine.support.hierarchical.SameThreadHierarchicalTestExecutorService.invokeAll(SameThreadHierarchicalTestExecutorService.java:41)
	at app//org.junit.platform.engine.support.hierarchical.NodeTestTask.lambda$executeRecursively$6(NodeTestTask.java:155)
	at app//org.junit.platform.engine.support.hierarchical.ThrowableCollector.execute(ThrowableCollector.java:73)
	at app//org.junit.platform.engine.support.hierarchical.NodeTestTask.lambda$executeRecursively$8(NodeTestTask.java:141)
	at app//org.junit.platform.engine.support.hierarchical.Node.around(Node.java:137)
	at app//org.junit.platform.engine.support.hierarchical.NodeTestTask.lambda$executeRecursively$9(NodeTestTask.java:139)
	at app//org.junit.platform.engine.support.hierarchical.ThrowableCollector.execute(ThrowableCollector.java:73)
	at app//org.junit.platform.engine.support.hierarchical.NodeTestTask.executeRecursively(NodeTestTask.java:138)
	at app//org.junit.platform.engine.support.hierarchical.NodeTestTask.execute(NodeTestTask.java:95)
	at app//org.junit.platform.engine.support.hierarchical.SameThreadHierarchicalTestExecutorService.submit(SameThreadHierarchicalTestExecutorService.java:35)
	at app//org.junit.platform.engine.support.hierarchical.HierarchicalTestExecutor.execute(HierarchicalTestExecutor.java:57)
	at app//org.junit.platform.engine.support.hierarchical.HierarchicalTestEngine.execute(HierarchicalTestEngine.java:54)
	at org.junit.platform.launcher.core.EngineExecutionOrchestrator.execute(EngineExecutionOrchestrator.java:107)
	at org.junit.platform.launcher.core.EngineExecutionOrchestrator.execute(EngineExecutionOrchestrator.java:88)
	at org.junit.platform.launcher.core.EngineExecutionOrchestrator.lambda$execute$0(EngineExecutionOrchestrator.java:54)
	at org.junit.platform.launcher.core.EngineExecutionOrchestrator.withInterceptedStreams(EngineExecutionOrchestrator.java:67)
	at org.junit.platform.launcher.core.EngineExecutionOrchestrator.execute(EngineExecutionOrchestrator.java:52)
	at org.junit.platform.launcher.core.DefaultLauncher.execute(DefaultLauncher.java:114)
	at org.junit.platform.launcher.core.DefaultLauncher.execute(DefaultLauncher.java:86)
	at org.junit.platform.launcher.core.DefaultLauncherSession$DelegatingLauncher.execute(DefaultLauncherSession.java:86)
	at org.junit.platform.launcher.core.SessionPerRequestLauncher.execute(SessionPerRequestLauncher.java:53)
	at org.gradle.api.internal.tasks.testing.junitplatform.JUnitPlatformTestClassProcessor$CollectAllTestClassesExecutor.processAllTestClasses(JUnitPlatformTestClassProcessor.java:99)
	at org.gradle.api.internal.tasks.testing.junitplatform.JUnitPlatformTestClassProcessor$CollectAllTestClassesExecutor.access$000(JUnitPlatformTestClassProcessor.java:79)
	at org.gradle.api.internal.tasks.testing.junitplatform.JUnitPlatformTestClassProcessor.stop(JUnitPlatformTestClassProcessor.java:75)
	at org.gradle.api.internal.tasks.testing.SuiteTestClassProcessor.stop(SuiteTestClassProcessor.java:62)
	at java.base@11.0.18/jdk.internal.reflect.NativeMethodAccessorImpl.invoke0(Native Method)
	at java.base@11.0.18/jdk.internal.reflect.NativeMethodAccessorImpl.invoke(NativeMethodAccessorImpl.java:62)
	at java.base@11.0.18/jdk.internal.reflect.DelegatingMethodAccessorImpl.invoke(DelegatingMethodAccessorImpl.java:43)
	at java.base@11.0.18/java.lang.reflect.Method.invoke(Method.java:566)
	at org.gradle.internal.dispatch.ReflectionDispatch.dispatch(ReflectionDispatch.java:36)
	at org.gradle.internal.dispatch.ReflectionDispatch.dispatch(ReflectionDispatch.java:24)
	at org.gradle.internal.dispatch.ContextClassLoaderDispatch.dispatch(ContextClassLoaderDispatch.java:33)
	at org.gradle.internal.dispatch.ProxyDispatchAdapter$DispatchingInvocationHandler.invoke(ProxyDispatchAdapter.java:94)
	at com.sun.proxy.$Proxy2.stop(Unknown Source)
	at org.gradle.api.internal.tasks.testing.worker.TestWorker$3.run(TestWorker.java:193)
	at org.gradle.api.internal.tasks.testing.worker.TestWorker.executeAndMaintainThreadName(TestWorker.java:129)
	at org.gradle.api.internal.tasks.testing.worker.TestWorker.execute(TestWorker.java:100)
	at org.gradle.api.internal.tasks.testing.worker.TestWorker.execute(TestWorker.java:60)
	at org.gradle.process.internal.worker.child.ActionExecutionWorker.execute(ActionExecutionWorker.java:56)
	at org.gradle.process.internal.worker.child.SystemApplicationClassLoaderWorker.call(SystemApplicationClassLoaderWorker.java:113)
	at org.gradle.process.internal.worker.child.SystemApplicationClassLoaderWorker.call(SystemApplicationClassLoaderWorker.java:65)
	at app//worker.org.gradle.process.internal.worker.GradleWorkerMain.run(GradleWorkerMain.java:69)
	at app//worker.org.gradle.process.internal.worker.GradleWorkerMain.main(GradleWorkerMain.java:74)
</failure>
  </testcase>
  <testcase name="removeDups" classname="de.uka.ilkd.key.proof.runallproofs.RunAllProofsFunctional" time="0.872">
    <failure message="org.opentest4j.AssertionFailedError: Executed process terminated with non-zero exit value. ==&gt; expected: &lt;0&gt; but was: &lt;1&gt;" type="org.opentest4j.AssertionFailedError">org.opentest4j.AssertionFailedError: Executed process terminated with non-zero exit value. ==&gt; expected: &lt;0&gt; but was: &lt;1&gt;
	at app//org.junit.jupiter.api.AssertionUtils.fail(AssertionUtils.java:55)
	at app//org.junit.jupiter.api.AssertionUtils.failNotEqual(AssertionUtils.java:62)
	at app//org.junit.jupiter.api.AssertEquals.assertEquals(AssertEquals.java:150)
	at app//org.junit.jupiter.api.Assertions.assertEquals(Assertions.java:559)
	at app//de.uka.ilkd.key.proof.runallproofs.proofcollection.ForkedTestFileRunner.processTestFiles(ForkedTestFileRunner.java:129)
	at app//de.uka.ilkd.key.proof.runallproofs.RunAllProofsTestUnit.runTest(RunAllProofsTestUnit.java:85)
	at app//de.uka.ilkd.key.proof.runallproofs.RunAllProofsTest.lambda$data$0(RunAllProofsTest.java:83)
	at app//org.junit.jupiter.engine.descriptor.DynamicTestTestDescriptor.lambda$execute$0(DynamicTestTestDescriptor.java:53)
	at app//org.junit.jupiter.engine.execution.InvocationInterceptorChain$ValidatingInvocation.proceed(InvocationInterceptorChain.java:131)
	at app//org.junit.jupiter.api.extension.InvocationInterceptor.interceptDynamicTest(InvocationInterceptor.java:167)
	at app//org.junit.jupiter.api.extension.InvocationInterceptor.interceptDynamicTest(InvocationInterceptor.java:184)
	at app//org.junit.jupiter.engine.descriptor.DynamicTestTestDescriptor.lambda$execute$1(DynamicTestTestDescriptor.java:61)
	at app//org.junit.jupiter.engine.execution.InvocationInterceptorChain$InterceptorCall.lambda$ofVoid$0(InvocationInterceptorChain.java:78)
	at app//org.junit.jupiter.engine.execution.InvocationInterceptorChain$InterceptedInvocation.proceed(InvocationInterceptorChain.java:106)
	at app//org.junit.jupiter.engine.execution.InvocationInterceptorChain.proceed(InvocationInterceptorChain.java:64)
	at app//org.junit.jupiter.engine.execution.InvocationInterceptorChain.chainAndInvoke(InvocationInterceptorChain.java:45)
	at app//org.junit.jupiter.engine.execution.InvocationInterceptorChain.invoke(InvocationInterceptorChain.java:37)
	at app//org.junit.jupiter.engine.descriptor.DynamicTestTestDescriptor.execute(DynamicTestTestDescriptor.java:60)
	at app//org.junit.jupiter.engine.descriptor.DynamicTestTestDescriptor.execute(DynamicTestTestDescriptor.java:32)
	at app//org.junit.platform.engine.support.hierarchical.NodeTestTask.lambda$executeRecursively$6(NodeTestTask.java:151)
	at app//org.junit.platform.engine.support.hierarchical.ThrowableCollector.execute(ThrowableCollector.java:73)
	at app//org.junit.platform.engine.support.hierarchical.NodeTestTask.lambda$executeRecursively$8(NodeTestTask.java:141)
	at app//org.junit.platform.engine.support.hierarchical.Node.around(Node.java:137)
	at app//org.junit.platform.engine.support.hierarchical.NodeTestTask.lambda$executeRecursively$9(NodeTestTask.java:139)
	at app//org.junit.platform.engine.support.hierarchical.ThrowableCollector.execute(ThrowableCollector.java:73)
	at app//org.junit.platform.engine.support.hierarchical.NodeTestTask.executeRecursively(NodeTestTask.java:138)
	at app//org.junit.platform.engine.support.hierarchical.NodeTestTask.execute(NodeTestTask.java:95)
	at app//org.junit.platform.engine.support.hierarchical.SameThreadHierarchicalTestExecutorService.submit(SameThreadHierarchicalTestExecutorService.java:35)
	at app//org.junit.platform.engine.support.hierarchical.NodeTestTask$DefaultDynamicTestExecutor.execute(NodeTestTask.java:226)
	at app//org.junit.platform.engine.support.hierarchical.NodeTestTask$DefaultDynamicTestExecutor.execute(NodeTestTask.java:204)
	at java.base@11.0.18/java.util.Optional.ifPresent(Optional.java:183)
	at app//org.junit.jupiter.engine.descriptor.TestFactoryTestDescriptor.lambda$invokeTestMethod$1(TestFactoryTestDescriptor.java:108)
	at app//org.junit.platform.engine.support.hierarchical.ThrowableCollector.execute(ThrowableCollector.java:73)
	at app//org.junit.jupiter.engine.descriptor.TestFactoryTestDescriptor.invokeTestMethod(TestFactoryTestDescriptor.java:95)
	at app//org.junit.jupiter.engine.descriptor.TestMethodTestDescriptor.execute(TestMethodTestDescriptor.java:135)
	at app//org.junit.jupiter.engine.descriptor.TestMethodTestDescriptor.execute(TestMethodTestDescriptor.java:66)
	at app//org.junit.platform.engine.support.hierarchical.NodeTestTask.lambda$executeRecursively$6(NodeTestTask.java:151)
	at app//org.junit.platform.engine.support.hierarchical.ThrowableCollector.execute(ThrowableCollector.java:73)
	at app//org.junit.platform.engine.support.hierarchical.NodeTestTask.lambda$executeRecursively$8(NodeTestTask.java:141)
	at app//org.junit.platform.engine.support.hierarchical.Node.around(Node.java:137)
	at app//org.junit.platform.engine.support.hierarchical.NodeTestTask.lambda$executeRecursively$9(NodeTestTask.java:139)
	at app//org.junit.platform.engine.support.hierarchical.ThrowableCollector.execute(ThrowableCollector.java:73)
	at app//org.junit.platform.engine.support.hierarchical.NodeTestTask.executeRecursively(NodeTestTask.java:138)
	at app//org.junit.platform.engine.support.hierarchical.NodeTestTask.execute(NodeTestTask.java:95)
	at java.base@11.0.18/java.util.ArrayList.forEach(ArrayList.java:1541)
	at app//org.junit.platform.engine.support.hierarchical.SameThreadHierarchicalTestExecutorService.invokeAll(SameThreadHierarchicalTestExecutorService.java:41)
	at app//org.junit.platform.engine.support.hierarchical.NodeTestTask.lambda$executeRecursively$6(NodeTestTask.java:155)
	at app//org.junit.platform.engine.support.hierarchical.ThrowableCollector.execute(ThrowableCollector.java:73)
	at app//org.junit.platform.engine.support.hierarchical.NodeTestTask.lambda$executeRecursively$8(NodeTestTask.java:141)
	at app//org.junit.platform.engine.support.hierarchical.Node.around(Node.java:137)
	at app//org.junit.platform.engine.support.hierarchical.NodeTestTask.lambda$executeRecursively$9(NodeTestTask.java:139)
	at app//org.junit.platform.engine.support.hierarchical.ThrowableCollector.execute(ThrowableCollector.java:73)
	at app//org.junit.platform.engine.support.hierarchical.NodeTestTask.executeRecursively(NodeTestTask.java:138)
	at app//org.junit.platform.engine.support.hierarchical.NodeTestTask.execute(NodeTestTask.java:95)
	at java.base@11.0.18/java.util.ArrayList.forEach(ArrayList.java:1541)
	at app//org.junit.platform.engine.support.hierarchical.SameThreadHierarchicalTestExecutorService.invokeAll(SameThreadHierarchicalTestExecutorService.java:41)
	at app//org.junit.platform.engine.support.hierarchical.NodeTestTask.lambda$executeRecursively$6(NodeTestTask.java:155)
	at app//org.junit.platform.engine.support.hierarchical.ThrowableCollector.execute(ThrowableCollector.java:73)
	at app//org.junit.platform.engine.support.hierarchical.NodeTestTask.lambda$executeRecursively$8(NodeTestTask.java:141)
	at app//org.junit.platform.engine.support.hierarchical.Node.around(Node.java:137)
	at app//org.junit.platform.engine.support.hierarchical.NodeTestTask.lambda$executeRecursively$9(NodeTestTask.java:139)
	at app//org.junit.platform.engine.support.hierarchical.ThrowableCollector.execute(ThrowableCollector.java:73)
	at app//org.junit.platform.engine.support.hierarchical.NodeTestTask.executeRecursively(NodeTestTask.java:138)
	at app//org.junit.platform.engine.support.hierarchical.NodeTestTask.execute(NodeTestTask.java:95)
	at app//org.junit.platform.engine.support.hierarchical.SameThreadHierarchicalTestExecutorService.submit(SameThreadHierarchicalTestExecutorService.java:35)
	at app//org.junit.platform.engine.support.hierarchical.HierarchicalTestExecutor.execute(HierarchicalTestExecutor.java:57)
	at app//org.junit.platform.engine.support.hierarchical.HierarchicalTestEngine.execute(HierarchicalTestEngine.java:54)
	at org.junit.platform.launcher.core.EngineExecutionOrchestrator.execute(EngineExecutionOrchestrator.java:107)
	at org.junit.platform.launcher.core.EngineExecutionOrchestrator.execute(EngineExecutionOrchestrator.java:88)
	at org.junit.platform.launcher.core.EngineExecutionOrchestrator.lambda$execute$0(EngineExecutionOrchestrator.java:54)
	at org.junit.platform.launcher.core.EngineExecutionOrchestrator.withInterceptedStreams(EngineExecutionOrchestrator.java:67)
	at org.junit.platform.launcher.core.EngineExecutionOrchestrator.execute(EngineExecutionOrchestrator.java:52)
	at org.junit.platform.launcher.core.DefaultLauncher.execute(DefaultLauncher.java:114)
	at org.junit.platform.launcher.core.DefaultLauncher.execute(DefaultLauncher.java:86)
	at org.junit.platform.launcher.core.DefaultLauncherSession$DelegatingLauncher.execute(DefaultLauncherSession.java:86)
	at org.junit.platform.launcher.core.SessionPerRequestLauncher.execute(SessionPerRequestLauncher.java:53)
	at org.gradle.api.internal.tasks.testing.junitplatform.JUnitPlatformTestClassProcessor$CollectAllTestClassesExecutor.processAllTestClasses(JUnitPlatformTestClassProcessor.java:99)
	at org.gradle.api.internal.tasks.testing.junitplatform.JUnitPlatformTestClassProcessor$CollectAllTestClassesExecutor.access$000(JUnitPlatformTestClassProcessor.java:79)
	at org.gradle.api.internal.tasks.testing.junitplatform.JUnitPlatformTestClassProcessor.stop(JUnitPlatformTestClassProcessor.java:75)
	at org.gradle.api.internal.tasks.testing.SuiteTestClassProcessor.stop(SuiteTestClassProcessor.java:62)
	at java.base@11.0.18/jdk.internal.reflect.NativeMethodAccessorImpl.invoke0(Native Method)
	at java.base@11.0.18/jdk.internal.reflect.NativeMethodAccessorImpl.invoke(NativeMethodAccessorImpl.java:62)
	at java.base@11.0.18/jdk.internal.reflect.DelegatingMethodAccessorImpl.invoke(DelegatingMethodAccessorImpl.java:43)
	at java.base@11.0.18/java.lang.reflect.Method.invoke(Method.java:566)
	at org.gradle.internal.dispatch.ReflectionDispatch.dispatch(ReflectionDispatch.java:36)
	at org.gradle.internal.dispatch.ReflectionDispatch.dispatch(ReflectionDispatch.java:24)
	at org.gradle.internal.dispatch.ContextClassLoaderDispatch.dispatch(ContextClassLoaderDispatch.java:33)
	at org.gradle.internal.dispatch.ProxyDispatchAdapter$DispatchingInvocationHandler.invoke(ProxyDispatchAdapter.java:94)
	at com.sun.proxy.$Proxy2.stop(Unknown Source)
	at org.gradle.api.internal.tasks.testing.worker.TestWorker$3.run(TestWorker.java:193)
	at org.gradle.api.internal.tasks.testing.worker.TestWorker.executeAndMaintainThreadName(TestWorker.java:129)
	at org.gradle.api.internal.tasks.testing.worker.TestWorker.execute(TestWorker.java:100)
	at org.gradle.api.internal.tasks.testing.worker.TestWorker.execute(TestWorker.java:60)
	at org.gradle.process.internal.worker.child.ActionExecutionWorker.execute(ActionExecutionWorker.java:56)
	at org.gradle.process.internal.worker.child.SystemApplicationClassLoaderWorker.call(SystemApplicationClassLoaderWorker.java:113)
	at org.gradle.process.internal.worker.child.SystemApplicationClassLoaderWorker.call(SystemApplicationClassLoaderWorker.java:65)
	at app//worker.org.gradle.process.internal.worker.GradleWorkerMain.run(GradleWorkerMain.java:69)
	at app//worker.org.gradle.process.internal.worker.GradleWorkerMain.main(GradleWorkerMain.java:74)
</failure>
  </testcase>
  <testcase name="Saddleback_search.key" classname="de.uka.ilkd.key.proof.runallproofs.RunAllProofsFunctional" time="0.863">
    <failure message="org.opentest4j.AssertionFailedError: Executed process terminated with non-zero exit value. ==&gt; expected: &lt;0&gt; but was: &lt;1&gt;" type="org.opentest4j.AssertionFailedError">org.opentest4j.AssertionFailedError: Executed process terminated with non-zero exit value. ==&gt; expected: &lt;0&gt; but was: &lt;1&gt;
	at app//org.junit.jupiter.api.AssertionUtils.fail(AssertionUtils.java:55)
	at app//org.junit.jupiter.api.AssertionUtils.failNotEqual(AssertionUtils.java:62)
	at app//org.junit.jupiter.api.AssertEquals.assertEquals(AssertEquals.java:150)
	at app//org.junit.jupiter.api.Assertions.assertEquals(Assertions.java:559)
	at app//de.uka.ilkd.key.proof.runallproofs.proofcollection.ForkedTestFileRunner.processTestFiles(ForkedTestFileRunner.java:129)
	at app//de.uka.ilkd.key.proof.runallproofs.RunAllProofsTestUnit.runTest(RunAllProofsTestUnit.java:85)
	at app//de.uka.ilkd.key.proof.runallproofs.RunAllProofsTest.lambda$data$0(RunAllProofsTest.java:83)
	at app//org.junit.jupiter.engine.descriptor.DynamicTestTestDescriptor.lambda$execute$0(DynamicTestTestDescriptor.java:53)
	at app//org.junit.jupiter.engine.execution.InvocationInterceptorChain$ValidatingInvocation.proceed(InvocationInterceptorChain.java:131)
	at app//org.junit.jupiter.api.extension.InvocationInterceptor.interceptDynamicTest(InvocationInterceptor.java:167)
	at app//org.junit.jupiter.api.extension.InvocationInterceptor.interceptDynamicTest(InvocationInterceptor.java:184)
	at app//org.junit.jupiter.engine.descriptor.DynamicTestTestDescriptor.lambda$execute$1(DynamicTestTestDescriptor.java:61)
	at app//org.junit.jupiter.engine.execution.InvocationInterceptorChain$InterceptorCall.lambda$ofVoid$0(InvocationInterceptorChain.java:78)
	at app//org.junit.jupiter.engine.execution.InvocationInterceptorChain$InterceptedInvocation.proceed(InvocationInterceptorChain.java:106)
	at app//org.junit.jupiter.engine.execution.InvocationInterceptorChain.proceed(InvocationInterceptorChain.java:64)
	at app//org.junit.jupiter.engine.execution.InvocationInterceptorChain.chainAndInvoke(InvocationInterceptorChain.java:45)
	at app//org.junit.jupiter.engine.execution.InvocationInterceptorChain.invoke(InvocationInterceptorChain.java:37)
	at app//org.junit.jupiter.engine.descriptor.DynamicTestTestDescriptor.execute(DynamicTestTestDescriptor.java:60)
	at app//org.junit.jupiter.engine.descriptor.DynamicTestTestDescriptor.execute(DynamicTestTestDescriptor.java:32)
	at app//org.junit.platform.engine.support.hierarchical.NodeTestTask.lambda$executeRecursively$6(NodeTestTask.java:151)
	at app//org.junit.platform.engine.support.hierarchical.ThrowableCollector.execute(ThrowableCollector.java:73)
	at app//org.junit.platform.engine.support.hierarchical.NodeTestTask.lambda$executeRecursively$8(NodeTestTask.java:141)
	at app//org.junit.platform.engine.support.hierarchical.Node.around(Node.java:137)
	at app//org.junit.platform.engine.support.hierarchical.NodeTestTask.lambda$executeRecursively$9(NodeTestTask.java:139)
	at app//org.junit.platform.engine.support.hierarchical.ThrowableCollector.execute(ThrowableCollector.java:73)
	at app//org.junit.platform.engine.support.hierarchical.NodeTestTask.executeRecursively(NodeTestTask.java:138)
	at app//org.junit.platform.engine.support.hierarchical.NodeTestTask.execute(NodeTestTask.java:95)
	at app//org.junit.platform.engine.support.hierarchical.SameThreadHierarchicalTestExecutorService.submit(SameThreadHierarchicalTestExecutorService.java:35)
	at app//org.junit.platform.engine.support.hierarchical.NodeTestTask$DefaultDynamicTestExecutor.execute(NodeTestTask.java:226)
	at app//org.junit.platform.engine.support.hierarchical.NodeTestTask$DefaultDynamicTestExecutor.execute(NodeTestTask.java:204)
	at java.base@11.0.18/java.util.Optional.ifPresent(Optional.java:183)
	at app//org.junit.jupiter.engine.descriptor.TestFactoryTestDescriptor.lambda$invokeTestMethod$1(TestFactoryTestDescriptor.java:108)
	at app//org.junit.platform.engine.support.hierarchical.ThrowableCollector.execute(ThrowableCollector.java:73)
	at app//org.junit.jupiter.engine.descriptor.TestFactoryTestDescriptor.invokeTestMethod(TestFactoryTestDescriptor.java:95)
	at app//org.junit.jupiter.engine.descriptor.TestMethodTestDescriptor.execute(TestMethodTestDescriptor.java:135)
	at app//org.junit.jupiter.engine.descriptor.TestMethodTestDescriptor.execute(TestMethodTestDescriptor.java:66)
	at app//org.junit.platform.engine.support.hierarchical.NodeTestTask.lambda$executeRecursively$6(NodeTestTask.java:151)
	at app//org.junit.platform.engine.support.hierarchical.ThrowableCollector.execute(ThrowableCollector.java:73)
	at app//org.junit.platform.engine.support.hierarchical.NodeTestTask.lambda$executeRecursively$8(NodeTestTask.java:141)
	at app//org.junit.platform.engine.support.hierarchical.Node.around(Node.java:137)
	at app//org.junit.platform.engine.support.hierarchical.NodeTestTask.lambda$executeRecursively$9(NodeTestTask.java:139)
	at app//org.junit.platform.engine.support.hierarchical.ThrowableCollector.execute(ThrowableCollector.java:73)
	at app//org.junit.platform.engine.support.hierarchical.NodeTestTask.executeRecursively(NodeTestTask.java:138)
	at app//org.junit.platform.engine.support.hierarchical.NodeTestTask.execute(NodeTestTask.java:95)
	at java.base@11.0.18/java.util.ArrayList.forEach(ArrayList.java:1541)
	at app//org.junit.platform.engine.support.hierarchical.SameThreadHierarchicalTestExecutorService.invokeAll(SameThreadHierarchicalTestExecutorService.java:41)
	at app//org.junit.platform.engine.support.hierarchical.NodeTestTask.lambda$executeRecursively$6(NodeTestTask.java:155)
	at app//org.junit.platform.engine.support.hierarchical.ThrowableCollector.execute(ThrowableCollector.java:73)
	at app//org.junit.platform.engine.support.hierarchical.NodeTestTask.lambda$executeRecursively$8(NodeTestTask.java:141)
	at app//org.junit.platform.engine.support.hierarchical.Node.around(Node.java:137)
	at app//org.junit.platform.engine.support.hierarchical.NodeTestTask.lambda$executeRecursively$9(NodeTestTask.java:139)
	at app//org.junit.platform.engine.support.hierarchical.ThrowableCollector.execute(ThrowableCollector.java:73)
	at app//org.junit.platform.engine.support.hierarchical.NodeTestTask.executeRecursively(NodeTestTask.java:138)
	at app//org.junit.platform.engine.support.hierarchical.NodeTestTask.execute(NodeTestTask.java:95)
	at java.base@11.0.18/java.util.ArrayList.forEach(ArrayList.java:1541)
	at app//org.junit.platform.engine.support.hierarchical.SameThreadHierarchicalTestExecutorService.invokeAll(SameThreadHierarchicalTestExecutorService.java:41)
	at app//org.junit.platform.engine.support.hierarchical.NodeTestTask.lambda$executeRecursively$6(NodeTestTask.java:155)
	at app//org.junit.platform.engine.support.hierarchical.ThrowableCollector.execute(ThrowableCollector.java:73)
	at app//org.junit.platform.engine.support.hierarchical.NodeTestTask.lambda$executeRecursively$8(NodeTestTask.java:141)
	at app//org.junit.platform.engine.support.hierarchical.Node.around(Node.java:137)
	at app//org.junit.platform.engine.support.hierarchical.NodeTestTask.lambda$executeRecursively$9(NodeTestTask.java:139)
	at app//org.junit.platform.engine.support.hierarchical.ThrowableCollector.execute(ThrowableCollector.java:73)
	at app//org.junit.platform.engine.support.hierarchical.NodeTestTask.executeRecursively(NodeTestTask.java:138)
	at app//org.junit.platform.engine.support.hierarchical.NodeTestTask.execute(NodeTestTask.java:95)
	at app//org.junit.platform.engine.support.hierarchical.SameThreadHierarchicalTestExecutorService.submit(SameThreadHierarchicalTestExecutorService.java:35)
	at app//org.junit.platform.engine.support.hierarchical.HierarchicalTestExecutor.execute(HierarchicalTestExecutor.java:57)
	at app//org.junit.platform.engine.support.hierarchical.HierarchicalTestEngine.execute(HierarchicalTestEngine.java:54)
	at org.junit.platform.launcher.core.EngineExecutionOrchestrator.execute(EngineExecutionOrchestrator.java:107)
	at org.junit.platform.launcher.core.EngineExecutionOrchestrator.execute(EngineExecutionOrchestrator.java:88)
	at org.junit.platform.launcher.core.EngineExecutionOrchestrator.lambda$execute$0(EngineExecutionOrchestrator.java:54)
	at org.junit.platform.launcher.core.EngineExecutionOrchestrator.withInterceptedStreams(EngineExecutionOrchestrator.java:67)
	at org.junit.platform.launcher.core.EngineExecutionOrchestrator.execute(EngineExecutionOrchestrator.java:52)
	at org.junit.platform.launcher.core.DefaultLauncher.execute(DefaultLauncher.java:114)
	at org.junit.platform.launcher.core.DefaultLauncher.execute(DefaultLauncher.java:86)
	at org.junit.platform.launcher.core.DefaultLauncherSession$DelegatingLauncher.execute(DefaultLauncherSession.java:86)
	at org.junit.platform.launcher.core.SessionPerRequestLauncher.execute(SessionPerRequestLauncher.java:53)
	at org.gradle.api.internal.tasks.testing.junitplatform.JUnitPlatformTestClassProcessor$CollectAllTestClassesExecutor.processAllTestClasses(JUnitPlatformTestClassProcessor.java:99)
	at org.gradle.api.internal.tasks.testing.junitplatform.JUnitPlatformTestClassProcessor$CollectAllTestClassesExecutor.access$000(JUnitPlatformTestClassProcessor.java:79)
	at org.gradle.api.internal.tasks.testing.junitplatform.JUnitPlatformTestClassProcessor.stop(JUnitPlatformTestClassProcessor.java:75)
	at org.gradle.api.internal.tasks.testing.SuiteTestClassProcessor.stop(SuiteTestClassProcessor.java:62)
	at java.base@11.0.18/jdk.internal.reflect.NativeMethodAccessorImpl.invoke0(Native Method)
	at java.base@11.0.18/jdk.internal.reflect.NativeMethodAccessorImpl.invoke(NativeMethodAccessorImpl.java:62)
	at java.base@11.0.18/jdk.internal.reflect.DelegatingMethodAccessorImpl.invoke(DelegatingMethodAccessorImpl.java:43)
	at java.base@11.0.18/java.lang.reflect.Method.invoke(Method.java:566)
	at org.gradle.internal.dispatch.ReflectionDispatch.dispatch(ReflectionDispatch.java:36)
	at org.gradle.internal.dispatch.ReflectionDispatch.dispatch(ReflectionDispatch.java:24)
	at org.gradle.internal.dispatch.ContextClassLoaderDispatch.dispatch(ContextClassLoaderDispatch.java:33)
	at org.gradle.internal.dispatch.ProxyDispatchAdapter$DispatchingInvocationHandler.invoke(ProxyDispatchAdapter.java:94)
	at com.sun.proxy.$Proxy2.stop(Unknown Source)
	at org.gradle.api.internal.tasks.testing.worker.TestWorker$3.run(TestWorker.java:193)
	at org.gradle.api.internal.tasks.testing.worker.TestWorker.executeAndMaintainThreadName(TestWorker.java:129)
	at org.gradle.api.internal.tasks.testing.worker.TestWorker.execute(TestWorker.java:100)
	at org.gradle.api.internal.tasks.testing.worker.TestWorker.execute(TestWorker.java:60)
	at org.gradle.process.internal.worker.child.ActionExecutionWorker.execute(ActionExecutionWorker.java:56)
	at org.gradle.process.internal.worker.child.SystemApplicationClassLoaderWorker.call(SystemApplicationClassLoaderWorker.java:113)
	at org.gradle.process.internal.worker.child.SystemApplicationClassLoaderWorker.call(SystemApplicationClassLoaderWorker.java:65)
	at app//worker.org.gradle.process.internal.worker.GradleWorkerMain.run(GradleWorkerMain.java:69)
	at app//worker.org.gradle.process.internal.worker.GradleWorkerMain.main(GradleWorkerMain.java:74)
</failure>
  </testcase>
  <testcase name="quicksort" classname="de.uka.ilkd.key.proof.runallproofs.RunAllProofsFunctional" time="0.881">
    <failure message="org.opentest4j.AssertionFailedError: Executed process terminated with non-zero exit value. ==&gt; expected: &lt;0&gt; but was: &lt;1&gt;" type="org.opentest4j.AssertionFailedError">org.opentest4j.AssertionFailedError: Executed process terminated with non-zero exit value. ==&gt; expected: &lt;0&gt; but was: &lt;1&gt;
	at app//org.junit.jupiter.api.AssertionUtils.fail(AssertionUtils.java:55)
	at app//org.junit.jupiter.api.AssertionUtils.failNotEqual(AssertionUtils.java:62)
	at app//org.junit.jupiter.api.AssertEquals.assertEquals(AssertEquals.java:150)
	at app//org.junit.jupiter.api.Assertions.assertEquals(Assertions.java:559)
	at app//de.uka.ilkd.key.proof.runallproofs.proofcollection.ForkedTestFileRunner.processTestFiles(ForkedTestFileRunner.java:129)
	at app//de.uka.ilkd.key.proof.runallproofs.RunAllProofsTestUnit.runTest(RunAllProofsTestUnit.java:85)
	at app//de.uka.ilkd.key.proof.runallproofs.RunAllProofsTest.lambda$data$0(RunAllProofsTest.java:83)
	at app//org.junit.jupiter.engine.descriptor.DynamicTestTestDescriptor.lambda$execute$0(DynamicTestTestDescriptor.java:53)
	at app//org.junit.jupiter.engine.execution.InvocationInterceptorChain$ValidatingInvocation.proceed(InvocationInterceptorChain.java:131)
	at app//org.junit.jupiter.api.extension.InvocationInterceptor.interceptDynamicTest(InvocationInterceptor.java:167)
	at app//org.junit.jupiter.api.extension.InvocationInterceptor.interceptDynamicTest(InvocationInterceptor.java:184)
	at app//org.junit.jupiter.engine.descriptor.DynamicTestTestDescriptor.lambda$execute$1(DynamicTestTestDescriptor.java:61)
	at app//org.junit.jupiter.engine.execution.InvocationInterceptorChain$InterceptorCall.lambda$ofVoid$0(InvocationInterceptorChain.java:78)
	at app//org.junit.jupiter.engine.execution.InvocationInterceptorChain$InterceptedInvocation.proceed(InvocationInterceptorChain.java:106)
	at app//org.junit.jupiter.engine.execution.InvocationInterceptorChain.proceed(InvocationInterceptorChain.java:64)
	at app//org.junit.jupiter.engine.execution.InvocationInterceptorChain.chainAndInvoke(InvocationInterceptorChain.java:45)
	at app//org.junit.jupiter.engine.execution.InvocationInterceptorChain.invoke(InvocationInterceptorChain.java:37)
	at app//org.junit.jupiter.engine.descriptor.DynamicTestTestDescriptor.execute(DynamicTestTestDescriptor.java:60)
	at app//org.junit.jupiter.engine.descriptor.DynamicTestTestDescriptor.execute(DynamicTestTestDescriptor.java:32)
	at app//org.junit.platform.engine.support.hierarchical.NodeTestTask.lambda$executeRecursively$6(NodeTestTask.java:151)
	at app//org.junit.platform.engine.support.hierarchical.ThrowableCollector.execute(ThrowableCollector.java:73)
	at app//org.junit.platform.engine.support.hierarchical.NodeTestTask.lambda$executeRecursively$8(NodeTestTask.java:141)
	at app//org.junit.platform.engine.support.hierarchical.Node.around(Node.java:137)
	at app//org.junit.platform.engine.support.hierarchical.NodeTestTask.lambda$executeRecursively$9(NodeTestTask.java:139)
	at app//org.junit.platform.engine.support.hierarchical.ThrowableCollector.execute(ThrowableCollector.java:73)
	at app//org.junit.platform.engine.support.hierarchical.NodeTestTask.executeRecursively(NodeTestTask.java:138)
	at app//org.junit.platform.engine.support.hierarchical.NodeTestTask.execute(NodeTestTask.java:95)
	at app//org.junit.platform.engine.support.hierarchical.SameThreadHierarchicalTestExecutorService.submit(SameThreadHierarchicalTestExecutorService.java:35)
	at app//org.junit.platform.engine.support.hierarchical.NodeTestTask$DefaultDynamicTestExecutor.execute(NodeTestTask.java:226)
	at app//org.junit.platform.engine.support.hierarchical.NodeTestTask$DefaultDynamicTestExecutor.execute(NodeTestTask.java:204)
	at java.base@11.0.18/java.util.Optional.ifPresent(Optional.java:183)
	at app//org.junit.jupiter.engine.descriptor.TestFactoryTestDescriptor.lambda$invokeTestMethod$1(TestFactoryTestDescriptor.java:108)
	at app//org.junit.platform.engine.support.hierarchical.ThrowableCollector.execute(ThrowableCollector.java:73)
	at app//org.junit.jupiter.engine.descriptor.TestFactoryTestDescriptor.invokeTestMethod(TestFactoryTestDescriptor.java:95)
	at app//org.junit.jupiter.engine.descriptor.TestMethodTestDescriptor.execute(TestMethodTestDescriptor.java:135)
	at app//org.junit.jupiter.engine.descriptor.TestMethodTestDescriptor.execute(TestMethodTestDescriptor.java:66)
	at app//org.junit.platform.engine.support.hierarchical.NodeTestTask.lambda$executeRecursively$6(NodeTestTask.java:151)
	at app//org.junit.platform.engine.support.hierarchical.ThrowableCollector.execute(ThrowableCollector.java:73)
	at app//org.junit.platform.engine.support.hierarchical.NodeTestTask.lambda$executeRecursively$8(NodeTestTask.java:141)
	at app//org.junit.platform.engine.support.hierarchical.Node.around(Node.java:137)
	at app//org.junit.platform.engine.support.hierarchical.NodeTestTask.lambda$executeRecursively$9(NodeTestTask.java:139)
	at app//org.junit.platform.engine.support.hierarchical.ThrowableCollector.execute(ThrowableCollector.java:73)
	at app//org.junit.platform.engine.support.hierarchical.NodeTestTask.executeRecursively(NodeTestTask.java:138)
	at app//org.junit.platform.engine.support.hierarchical.NodeTestTask.execute(NodeTestTask.java:95)
	at java.base@11.0.18/java.util.ArrayList.forEach(ArrayList.java:1541)
	at app//org.junit.platform.engine.support.hierarchical.SameThreadHierarchicalTestExecutorService.invokeAll(SameThreadHierarchicalTestExecutorService.java:41)
	at app//org.junit.platform.engine.support.hierarchical.NodeTestTask.lambda$executeRecursively$6(NodeTestTask.java:155)
	at app//org.junit.platform.engine.support.hierarchical.ThrowableCollector.execute(ThrowableCollector.java:73)
	at app//org.junit.platform.engine.support.hierarchical.NodeTestTask.lambda$executeRecursively$8(NodeTestTask.java:141)
	at app//org.junit.platform.engine.support.hierarchical.Node.around(Node.java:137)
	at app//org.junit.platform.engine.support.hierarchical.NodeTestTask.lambda$executeRecursively$9(NodeTestTask.java:139)
	at app//org.junit.platform.engine.support.hierarchical.ThrowableCollector.execute(ThrowableCollector.java:73)
	at app//org.junit.platform.engine.support.hierarchical.NodeTestTask.executeRecursively(NodeTestTask.java:138)
	at app//org.junit.platform.engine.support.hierarchical.NodeTestTask.execute(NodeTestTask.java:95)
	at java.base@11.0.18/java.util.ArrayList.forEach(ArrayList.java:1541)
	at app//org.junit.platform.engine.support.hierarchical.SameThreadHierarchicalTestExecutorService.invokeAll(SameThreadHierarchicalTestExecutorService.java:41)
	at app//org.junit.platform.engine.support.hierarchical.NodeTestTask.lambda$executeRecursively$6(NodeTestTask.java:155)
	at app//org.junit.platform.engine.support.hierarchical.ThrowableCollector.execute(ThrowableCollector.java:73)
	at app//org.junit.platform.engine.support.hierarchical.NodeTestTask.lambda$executeRecursively$8(NodeTestTask.java:141)
	at app//org.junit.platform.engine.support.hierarchical.Node.around(Node.java:137)
	at app//org.junit.platform.engine.support.hierarchical.NodeTestTask.lambda$executeRecursively$9(NodeTestTask.java:139)
	at app//org.junit.platform.engine.support.hierarchical.ThrowableCollector.execute(ThrowableCollector.java:73)
	at app//org.junit.platform.engine.support.hierarchical.NodeTestTask.executeRecursively(NodeTestTask.java:138)
	at app//org.junit.platform.engine.support.hierarchical.NodeTestTask.execute(NodeTestTask.java:95)
	at app//org.junit.platform.engine.support.hierarchical.SameThreadHierarchicalTestExecutorService.submit(SameThreadHierarchicalTestExecutorService.java:35)
	at app//org.junit.platform.engine.support.hierarchical.HierarchicalTestExecutor.execute(HierarchicalTestExecutor.java:57)
	at app//org.junit.platform.engine.support.hierarchical.HierarchicalTestEngine.execute(HierarchicalTestEngine.java:54)
	at org.junit.platform.launcher.core.EngineExecutionOrchestrator.execute(EngineExecutionOrchestrator.java:107)
	at org.junit.platform.launcher.core.EngineExecutionOrchestrator.execute(EngineExecutionOrchestrator.java:88)
	at org.junit.platform.launcher.core.EngineExecutionOrchestrator.lambda$execute$0(EngineExecutionOrchestrator.java:54)
	at org.junit.platform.launcher.core.EngineExecutionOrchestrator.withInterceptedStreams(EngineExecutionOrchestrator.java:67)
	at org.junit.platform.launcher.core.EngineExecutionOrchestrator.execute(EngineExecutionOrchestrator.java:52)
	at org.junit.platform.launcher.core.DefaultLauncher.execute(DefaultLauncher.java:114)
	at org.junit.platform.launcher.core.DefaultLauncher.execute(DefaultLauncher.java:86)
	at org.junit.platform.launcher.core.DefaultLauncherSession$DelegatingLauncher.execute(DefaultLauncherSession.java:86)
	at org.junit.platform.launcher.core.SessionPerRequestLauncher.execute(SessionPerRequestLauncher.java:53)
	at org.gradle.api.internal.tasks.testing.junitplatform.JUnitPlatformTestClassProcessor$CollectAllTestClassesExecutor.processAllTestClasses(JUnitPlatformTestClassProcessor.java:99)
	at org.gradle.api.internal.tasks.testing.junitplatform.JUnitPlatformTestClassProcessor$CollectAllTestClassesExecutor.access$000(JUnitPlatformTestClassProcessor.java:79)
	at org.gradle.api.internal.tasks.testing.junitplatform.JUnitPlatformTestClassProcessor.stop(JUnitPlatformTestClassProcessor.java:75)
	at org.gradle.api.internal.tasks.testing.SuiteTestClassProcessor.stop(SuiteTestClassProcessor.java:62)
	at java.base@11.0.18/jdk.internal.reflect.NativeMethodAccessorImpl.invoke0(Native Method)
	at java.base@11.0.18/jdk.internal.reflect.NativeMethodAccessorImpl.invoke(NativeMethodAccessorImpl.java:62)
	at java.base@11.0.18/jdk.internal.reflect.DelegatingMethodAccessorImpl.invoke(DelegatingMethodAccessorImpl.java:43)
	at java.base@11.0.18/java.lang.reflect.Method.invoke(Method.java:566)
	at org.gradle.internal.dispatch.ReflectionDispatch.dispatch(ReflectionDispatch.java:36)
	at org.gradle.internal.dispatch.ReflectionDispatch.dispatch(ReflectionDispatch.java:24)
	at org.gradle.internal.dispatch.ContextClassLoaderDispatch.dispatch(ContextClassLoaderDispatch.java:33)
	at org.gradle.internal.dispatch.ProxyDispatchAdapter$DispatchingInvocationHandler.invoke(ProxyDispatchAdapter.java:94)
	at com.sun.proxy.$Proxy2.stop(Unknown Source)
	at org.gradle.api.internal.tasks.testing.worker.TestWorker$3.run(TestWorker.java:193)
	at org.gradle.api.internal.tasks.testing.worker.TestWorker.executeAndMaintainThreadName(TestWorker.java:129)
	at org.gradle.api.internal.tasks.testing.worker.TestWorker.execute(TestWorker.java:100)
	at org.gradle.api.internal.tasks.testing.worker.TestWorker.execute(TestWorker.java:60)
	at org.gradle.process.internal.worker.child.ActionExecutionWorker.execute(ActionExecutionWorker.java:56)
	at org.gradle.process.internal.worker.child.SystemApplicationClassLoaderWorker.call(SystemApplicationClassLoaderWorker.java:113)
	at org.gradle.process.internal.worker.child.SystemApplicationClassLoaderWorker.call(SystemApplicationClassLoaderWorker.java:65)
	at app//worker.org.gradle.process.internal.worker.GradleWorkerMain.run(GradleWorkerMain.java:69)
	at app//worker.org.gradle.process.internal.worker.GradleWorkerMain.main(GradleWorkerMain.java:74)
</failure>
  </testcase>
  <testcase name="simpleTests" classname="de.uka.ilkd.key.proof.runallproofs.RunAllProofsFunctional" time="1.297">
    <failure message="org.opentest4j.AssertionFailedError: Executed process terminated with non-zero exit value. ==&gt; expected: &lt;0&gt; but was: &lt;1&gt;" type="org.opentest4j.AssertionFailedError">org.opentest4j.AssertionFailedError: Executed process terminated with non-zero exit value. ==&gt; expected: &lt;0&gt; but was: &lt;1&gt;
	at app//org.junit.jupiter.api.AssertionUtils.fail(AssertionUtils.java:55)
	at app//org.junit.jupiter.api.AssertionUtils.failNotEqual(AssertionUtils.java:62)
	at app//org.junit.jupiter.api.AssertEquals.assertEquals(AssertEquals.java:150)
	at app//org.junit.jupiter.api.Assertions.assertEquals(Assertions.java:559)
	at app//de.uka.ilkd.key.proof.runallproofs.proofcollection.ForkedTestFileRunner.processTestFiles(ForkedTestFileRunner.java:129)
	at app//de.uka.ilkd.key.proof.runallproofs.RunAllProofsTestUnit.runTest(RunAllProofsTestUnit.java:85)
	at app//de.uka.ilkd.key.proof.runallproofs.RunAllProofsTest.lambda$data$0(RunAllProofsTest.java:83)
	at app//org.junit.jupiter.engine.descriptor.DynamicTestTestDescriptor.lambda$execute$0(DynamicTestTestDescriptor.java:53)
	at app//org.junit.jupiter.engine.execution.InvocationInterceptorChain$ValidatingInvocation.proceed(InvocationInterceptorChain.java:131)
	at app//org.junit.jupiter.api.extension.InvocationInterceptor.interceptDynamicTest(InvocationInterceptor.java:167)
	at app//org.junit.jupiter.api.extension.InvocationInterceptor.interceptDynamicTest(InvocationInterceptor.java:184)
	at app//org.junit.jupiter.engine.descriptor.DynamicTestTestDescriptor.lambda$execute$1(DynamicTestTestDescriptor.java:61)
	at app//org.junit.jupiter.engine.execution.InvocationInterceptorChain$InterceptorCall.lambda$ofVoid$0(InvocationInterceptorChain.java:78)
	at app//org.junit.jupiter.engine.execution.InvocationInterceptorChain$InterceptedInvocation.proceed(InvocationInterceptorChain.java:106)
	at app//org.junit.jupiter.engine.execution.InvocationInterceptorChain.proceed(InvocationInterceptorChain.java:64)
	at app//org.junit.jupiter.engine.execution.InvocationInterceptorChain.chainAndInvoke(InvocationInterceptorChain.java:45)
	at app//org.junit.jupiter.engine.execution.InvocationInterceptorChain.invoke(InvocationInterceptorChain.java:37)
	at app//org.junit.jupiter.engine.descriptor.DynamicTestTestDescriptor.execute(DynamicTestTestDescriptor.java:60)
	at app//org.junit.jupiter.engine.descriptor.DynamicTestTestDescriptor.execute(DynamicTestTestDescriptor.java:32)
	at app//org.junit.platform.engine.support.hierarchical.NodeTestTask.lambda$executeRecursively$6(NodeTestTask.java:151)
	at app//org.junit.platform.engine.support.hierarchical.ThrowableCollector.execute(ThrowableCollector.java:73)
	at app//org.junit.platform.engine.support.hierarchical.NodeTestTask.lambda$executeRecursively$8(NodeTestTask.java:141)
	at app//org.junit.platform.engine.support.hierarchical.Node.around(Node.java:137)
	at app//org.junit.platform.engine.support.hierarchical.NodeTestTask.lambda$executeRecursively$9(NodeTestTask.java:139)
	at app//org.junit.platform.engine.support.hierarchical.ThrowableCollector.execute(ThrowableCollector.java:73)
	at app//org.junit.platform.engine.support.hierarchical.NodeTestTask.executeRecursively(NodeTestTask.java:138)
	at app//org.junit.platform.engine.support.hierarchical.NodeTestTask.execute(NodeTestTask.java:95)
	at app//org.junit.platform.engine.support.hierarchical.SameThreadHierarchicalTestExecutorService.submit(SameThreadHierarchicalTestExecutorService.java:35)
	at app//org.junit.platform.engine.support.hierarchical.NodeTestTask$DefaultDynamicTestExecutor.execute(NodeTestTask.java:226)
	at app//org.junit.platform.engine.support.hierarchical.NodeTestTask$DefaultDynamicTestExecutor.execute(NodeTestTask.java:204)
	at java.base@11.0.18/java.util.Optional.ifPresent(Optional.java:183)
	at app//org.junit.jupiter.engine.descriptor.TestFactoryTestDescriptor.lambda$invokeTestMethod$1(TestFactoryTestDescriptor.java:108)
	at app//org.junit.platform.engine.support.hierarchical.ThrowableCollector.execute(ThrowableCollector.java:73)
	at app//org.junit.jupiter.engine.descriptor.TestFactoryTestDescriptor.invokeTestMethod(TestFactoryTestDescriptor.java:95)
	at app//org.junit.jupiter.engine.descriptor.TestMethodTestDescriptor.execute(TestMethodTestDescriptor.java:135)
	at app//org.junit.jupiter.engine.descriptor.TestMethodTestDescriptor.execute(TestMethodTestDescriptor.java:66)
	at app//org.junit.platform.engine.support.hierarchical.NodeTestTask.lambda$executeRecursively$6(NodeTestTask.java:151)
	at app//org.junit.platform.engine.support.hierarchical.ThrowableCollector.execute(ThrowableCollector.java:73)
	at app//org.junit.platform.engine.support.hierarchical.NodeTestTask.lambda$executeRecursively$8(NodeTestTask.java:141)
	at app//org.junit.platform.engine.support.hierarchical.Node.around(Node.java:137)
	at app//org.junit.platform.engine.support.hierarchical.NodeTestTask.lambda$executeRecursively$9(NodeTestTask.java:139)
	at app//org.junit.platform.engine.support.hierarchical.ThrowableCollector.execute(ThrowableCollector.java:73)
	at app//org.junit.platform.engine.support.hierarchical.NodeTestTask.executeRecursively(NodeTestTask.java:138)
	at app//org.junit.platform.engine.support.hierarchical.NodeTestTask.execute(NodeTestTask.java:95)
	at java.base@11.0.18/java.util.ArrayList.forEach(ArrayList.java:1541)
	at app//org.junit.platform.engine.support.hierarchical.SameThreadHierarchicalTestExecutorService.invokeAll(SameThreadHierarchicalTestExecutorService.java:41)
	at app//org.junit.platform.engine.support.hierarchical.NodeTestTask.lambda$executeRecursively$6(NodeTestTask.java:155)
	at app//org.junit.platform.engine.support.hierarchical.ThrowableCollector.execute(ThrowableCollector.java:73)
	at app//org.junit.platform.engine.support.hierarchical.NodeTestTask.lambda$executeRecursively$8(NodeTestTask.java:141)
	at app//org.junit.platform.engine.support.hierarchical.Node.around(Node.java:137)
	at app//org.junit.platform.engine.support.hierarchical.NodeTestTask.lambda$executeRecursively$9(NodeTestTask.java:139)
	at app//org.junit.platform.engine.support.hierarchical.ThrowableCollector.execute(ThrowableCollector.java:73)
	at app//org.junit.platform.engine.support.hierarchical.NodeTestTask.executeRecursively(NodeTestTask.java:138)
	at app//org.junit.platform.engine.support.hierarchical.NodeTestTask.execute(NodeTestTask.java:95)
	at java.base@11.0.18/java.util.ArrayList.forEach(ArrayList.java:1541)
	at app//org.junit.platform.engine.support.hierarchical.SameThreadHierarchicalTestExecutorService.invokeAll(SameThreadHierarchicalTestExecutorService.java:41)
	at app//org.junit.platform.engine.support.hierarchical.NodeTestTask.lambda$executeRecursively$6(NodeTestTask.java:155)
	at app//org.junit.platform.engine.support.hierarchical.ThrowableCollector.execute(ThrowableCollector.java:73)
	at app//org.junit.platform.engine.support.hierarchical.NodeTestTask.lambda$executeRecursively$8(NodeTestTask.java:141)
	at app//org.junit.platform.engine.support.hierarchical.Node.around(Node.java:137)
	at app//org.junit.platform.engine.support.hierarchical.NodeTestTask.lambda$executeRecursively$9(NodeTestTask.java:139)
	at app//org.junit.platform.engine.support.hierarchical.ThrowableCollector.execute(ThrowableCollector.java:73)
	at app//org.junit.platform.engine.support.hierarchical.NodeTestTask.executeRecursively(NodeTestTask.java:138)
	at app//org.junit.platform.engine.support.hierarchical.NodeTestTask.execute(NodeTestTask.java:95)
	at app//org.junit.platform.engine.support.hierarchical.SameThreadHierarchicalTestExecutorService.submit(SameThreadHierarchicalTestExecutorService.java:35)
	at app//org.junit.platform.engine.support.hierarchical.HierarchicalTestExecutor.execute(HierarchicalTestExecutor.java:57)
	at app//org.junit.platform.engine.support.hierarchical.HierarchicalTestEngine.execute(HierarchicalTestEngine.java:54)
	at org.junit.platform.launcher.core.EngineExecutionOrchestrator.execute(EngineExecutionOrchestrator.java:107)
	at org.junit.platform.launcher.core.EngineExecutionOrchestrator.execute(EngineExecutionOrchestrator.java:88)
	at org.junit.platform.launcher.core.EngineExecutionOrchestrator.lambda$execute$0(EngineExecutionOrchestrator.java:54)
	at org.junit.platform.launcher.core.EngineExecutionOrchestrator.withInterceptedStreams(EngineExecutionOrchestrator.java:67)
	at org.junit.platform.launcher.core.EngineExecutionOrchestrator.execute(EngineExecutionOrchestrator.java:52)
	at org.junit.platform.launcher.core.DefaultLauncher.execute(DefaultLauncher.java:114)
	at org.junit.platform.launcher.core.DefaultLauncher.execute(DefaultLauncher.java:86)
	at org.junit.platform.launcher.core.DefaultLauncherSession$DelegatingLauncher.execute(DefaultLauncherSession.java:86)
	at org.junit.platform.launcher.core.SessionPerRequestLauncher.execute(SessionPerRequestLauncher.java:53)
	at org.gradle.api.internal.tasks.testing.junitplatform.JUnitPlatformTestClassProcessor$CollectAllTestClassesExecutor.processAllTestClasses(JUnitPlatformTestClassProcessor.java:99)
	at org.gradle.api.internal.tasks.testing.junitplatform.JUnitPlatformTestClassProcessor$CollectAllTestClassesExecutor.access$000(JUnitPlatformTestClassProcessor.java:79)
	at org.gradle.api.internal.tasks.testing.junitplatform.JUnitPlatformTestClassProcessor.stop(JUnitPlatformTestClassProcessor.java:75)
	at org.gradle.api.internal.tasks.testing.SuiteTestClassProcessor.stop(SuiteTestClassProcessor.java:62)
	at java.base@11.0.18/jdk.internal.reflect.NativeMethodAccessorImpl.invoke0(Native Method)
	at java.base@11.0.18/jdk.internal.reflect.NativeMethodAccessorImpl.invoke(NativeMethodAccessorImpl.java:62)
	at java.base@11.0.18/jdk.internal.reflect.DelegatingMethodAccessorImpl.invoke(DelegatingMethodAccessorImpl.java:43)
	at java.base@11.0.18/java.lang.reflect.Method.invoke(Method.java:566)
	at org.gradle.internal.dispatch.ReflectionDispatch.dispatch(ReflectionDispatch.java:36)
	at org.gradle.internal.dispatch.ReflectionDispatch.dispatch(ReflectionDispatch.java:24)
	at org.gradle.internal.dispatch.ContextClassLoaderDispatch.dispatch(ContextClassLoaderDispatch.java:33)
	at org.gradle.internal.dispatch.ProxyDispatchAdapter$DispatchingInvocationHandler.invoke(ProxyDispatchAdapter.java:94)
	at com.sun.proxy.$Proxy2.stop(Unknown Source)
	at org.gradle.api.internal.tasks.testing.worker.TestWorker$3.run(TestWorker.java:193)
	at org.gradle.api.internal.tasks.testing.worker.TestWorker.executeAndMaintainThreadName(TestWorker.java:129)
	at org.gradle.api.internal.tasks.testing.worker.TestWorker.execute(TestWorker.java:100)
	at org.gradle.api.internal.tasks.testing.worker.TestWorker.execute(TestWorker.java:60)
	at org.gradle.process.internal.worker.child.ActionExecutionWorker.execute(ActionExecutionWorker.java:56)
	at org.gradle.process.internal.worker.child.SystemApplicationClassLoaderWorker.call(SystemApplicationClassLoaderWorker.java:113)
	at org.gradle.process.internal.worker.child.SystemApplicationClassLoaderWorker.call(SystemApplicationClassLoaderWorker.java:65)
	at app//worker.org.gradle.process.internal.worker.GradleWorkerMain.run(GradleWorkerMain.java:69)
	at app//worker.org.gradle.process.internal.worker.GradleWorkerMain.main(GradleWorkerMain.java:74)
</failure>
  </testcase>
  <testcase name="SmansEtAl" classname="de.uka.ilkd.key.proof.runallproofs.RunAllProofsFunctional" time="1.119">
    <failure message="org.opentest4j.AssertionFailedError: Executed process terminated with non-zero exit value. ==&gt; expected: &lt;0&gt; but was: &lt;1&gt;" type="org.opentest4j.AssertionFailedError">org.opentest4j.AssertionFailedError: Executed process terminated with non-zero exit value. ==&gt; expected: &lt;0&gt; but was: &lt;1&gt;
	at app//org.junit.jupiter.api.AssertionUtils.fail(AssertionUtils.java:55)
	at app//org.junit.jupiter.api.AssertionUtils.failNotEqual(AssertionUtils.java:62)
	at app//org.junit.jupiter.api.AssertEquals.assertEquals(AssertEquals.java:150)
	at app//org.junit.jupiter.api.Assertions.assertEquals(Assertions.java:559)
	at app//de.uka.ilkd.key.proof.runallproofs.proofcollection.ForkedTestFileRunner.processTestFiles(ForkedTestFileRunner.java:129)
	at app//de.uka.ilkd.key.proof.runallproofs.RunAllProofsTestUnit.runTest(RunAllProofsTestUnit.java:85)
	at app//de.uka.ilkd.key.proof.runallproofs.RunAllProofsTest.lambda$data$0(RunAllProofsTest.java:83)
	at app//org.junit.jupiter.engine.descriptor.DynamicTestTestDescriptor.lambda$execute$0(DynamicTestTestDescriptor.java:53)
	at app//org.junit.jupiter.engine.execution.InvocationInterceptorChain$ValidatingInvocation.proceed(InvocationInterceptorChain.java:131)
	at app//org.junit.jupiter.api.extension.InvocationInterceptor.interceptDynamicTest(InvocationInterceptor.java:167)
	at app//org.junit.jupiter.api.extension.InvocationInterceptor.interceptDynamicTest(InvocationInterceptor.java:184)
	at app//org.junit.jupiter.engine.descriptor.DynamicTestTestDescriptor.lambda$execute$1(DynamicTestTestDescriptor.java:61)
	at app//org.junit.jupiter.engine.execution.InvocationInterceptorChain$InterceptorCall.lambda$ofVoid$0(InvocationInterceptorChain.java:78)
	at app//org.junit.jupiter.engine.execution.InvocationInterceptorChain$InterceptedInvocation.proceed(InvocationInterceptorChain.java:106)
	at app//org.junit.jupiter.engine.execution.InvocationInterceptorChain.proceed(InvocationInterceptorChain.java:64)
	at app//org.junit.jupiter.engine.execution.InvocationInterceptorChain.chainAndInvoke(InvocationInterceptorChain.java:45)
	at app//org.junit.jupiter.engine.execution.InvocationInterceptorChain.invoke(InvocationInterceptorChain.java:37)
	at app//org.junit.jupiter.engine.descriptor.DynamicTestTestDescriptor.execute(DynamicTestTestDescriptor.java:60)
	at app//org.junit.jupiter.engine.descriptor.DynamicTestTestDescriptor.execute(DynamicTestTestDescriptor.java:32)
	at app//org.junit.platform.engine.support.hierarchical.NodeTestTask.lambda$executeRecursively$6(NodeTestTask.java:151)
	at app//org.junit.platform.engine.support.hierarchical.ThrowableCollector.execute(ThrowableCollector.java:73)
	at app//org.junit.platform.engine.support.hierarchical.NodeTestTask.lambda$executeRecursively$8(NodeTestTask.java:141)
	at app//org.junit.platform.engine.support.hierarchical.Node.around(Node.java:137)
	at app//org.junit.platform.engine.support.hierarchical.NodeTestTask.lambda$executeRecursively$9(NodeTestTask.java:139)
	at app//org.junit.platform.engine.support.hierarchical.ThrowableCollector.execute(ThrowableCollector.java:73)
	at app//org.junit.platform.engine.support.hierarchical.NodeTestTask.executeRecursively(NodeTestTask.java:138)
	at app//org.junit.platform.engine.support.hierarchical.NodeTestTask.execute(NodeTestTask.java:95)
	at app//org.junit.platform.engine.support.hierarchical.SameThreadHierarchicalTestExecutorService.submit(SameThreadHierarchicalTestExecutorService.java:35)
	at app//org.junit.platform.engine.support.hierarchical.NodeTestTask$DefaultDynamicTestExecutor.execute(NodeTestTask.java:226)
	at app//org.junit.platform.engine.support.hierarchical.NodeTestTask$DefaultDynamicTestExecutor.execute(NodeTestTask.java:204)
	at java.base@11.0.18/java.util.Optional.ifPresent(Optional.java:183)
	at app//org.junit.jupiter.engine.descriptor.TestFactoryTestDescriptor.lambda$invokeTestMethod$1(TestFactoryTestDescriptor.java:108)
	at app//org.junit.platform.engine.support.hierarchical.ThrowableCollector.execute(ThrowableCollector.java:73)
	at app//org.junit.jupiter.engine.descriptor.TestFactoryTestDescriptor.invokeTestMethod(TestFactoryTestDescriptor.java:95)
	at app//org.junit.jupiter.engine.descriptor.TestMethodTestDescriptor.execute(TestMethodTestDescriptor.java:135)
	at app//org.junit.jupiter.engine.descriptor.TestMethodTestDescriptor.execute(TestMethodTestDescriptor.java:66)
	at app//org.junit.platform.engine.support.hierarchical.NodeTestTask.lambda$executeRecursively$6(NodeTestTask.java:151)
	at app//org.junit.platform.engine.support.hierarchical.ThrowableCollector.execute(ThrowableCollector.java:73)
	at app//org.junit.platform.engine.support.hierarchical.NodeTestTask.lambda$executeRecursively$8(NodeTestTask.java:141)
	at app//org.junit.platform.engine.support.hierarchical.Node.around(Node.java:137)
	at app//org.junit.platform.engine.support.hierarchical.NodeTestTask.lambda$executeRecursively$9(NodeTestTask.java:139)
	at app//org.junit.platform.engine.support.hierarchical.ThrowableCollector.execute(ThrowableCollector.java:73)
	at app//org.junit.platform.engine.support.hierarchical.NodeTestTask.executeRecursively(NodeTestTask.java:138)
	at app//org.junit.platform.engine.support.hierarchical.NodeTestTask.execute(NodeTestTask.java:95)
	at java.base@11.0.18/java.util.ArrayList.forEach(ArrayList.java:1541)
	at app//org.junit.platform.engine.support.hierarchical.SameThreadHierarchicalTestExecutorService.invokeAll(SameThreadHierarchicalTestExecutorService.java:41)
	at app//org.junit.platform.engine.support.hierarchical.NodeTestTask.lambda$executeRecursively$6(NodeTestTask.java:155)
	at app//org.junit.platform.engine.support.hierarchical.ThrowableCollector.execute(ThrowableCollector.java:73)
	at app//org.junit.platform.engine.support.hierarchical.NodeTestTask.lambda$executeRecursively$8(NodeTestTask.java:141)
	at app//org.junit.platform.engine.support.hierarchical.Node.around(Node.java:137)
	at app//org.junit.platform.engine.support.hierarchical.NodeTestTask.lambda$executeRecursively$9(NodeTestTask.java:139)
	at app//org.junit.platform.engine.support.hierarchical.ThrowableCollector.execute(ThrowableCollector.java:73)
	at app//org.junit.platform.engine.support.hierarchical.NodeTestTask.executeRecursively(NodeTestTask.java:138)
	at app//org.junit.platform.engine.support.hierarchical.NodeTestTask.execute(NodeTestTask.java:95)
	at java.base@11.0.18/java.util.ArrayList.forEach(ArrayList.java:1541)
	at app//org.junit.platform.engine.support.hierarchical.SameThreadHierarchicalTestExecutorService.invokeAll(SameThreadHierarchicalTestExecutorService.java:41)
	at app//org.junit.platform.engine.support.hierarchical.NodeTestTask.lambda$executeRecursively$6(NodeTestTask.java:155)
	at app//org.junit.platform.engine.support.hierarchical.ThrowableCollector.execute(ThrowableCollector.java:73)
	at app//org.junit.platform.engine.support.hierarchical.NodeTestTask.lambda$executeRecursively$8(NodeTestTask.java:141)
	at app//org.junit.platform.engine.support.hierarchical.Node.around(Node.java:137)
	at app//org.junit.platform.engine.support.hierarchical.NodeTestTask.lambda$executeRecursively$9(NodeTestTask.java:139)
	at app//org.junit.platform.engine.support.hierarchical.ThrowableCollector.execute(ThrowableCollector.java:73)
	at app//org.junit.platform.engine.support.hierarchical.NodeTestTask.executeRecursively(NodeTestTask.java:138)
	at app//org.junit.platform.engine.support.hierarchical.NodeTestTask.execute(NodeTestTask.java:95)
	at app//org.junit.platform.engine.support.hierarchical.SameThreadHierarchicalTestExecutorService.submit(SameThreadHierarchicalTestExecutorService.java:35)
	at app//org.junit.platform.engine.support.hierarchical.HierarchicalTestExecutor.execute(HierarchicalTestExecutor.java:57)
	at app//org.junit.platform.engine.support.hierarchical.HierarchicalTestEngine.execute(HierarchicalTestEngine.java:54)
	at org.junit.platform.launcher.core.EngineExecutionOrchestrator.execute(EngineExecutionOrchestrator.java:107)
	at org.junit.platform.launcher.core.EngineExecutionOrchestrator.execute(EngineExecutionOrchestrator.java:88)
	at org.junit.platform.launcher.core.EngineExecutionOrchestrator.lambda$execute$0(EngineExecutionOrchestrator.java:54)
	at org.junit.platform.launcher.core.EngineExecutionOrchestrator.withInterceptedStreams(EngineExecutionOrchestrator.java:67)
	at org.junit.platform.launcher.core.EngineExecutionOrchestrator.execute(EngineExecutionOrchestrator.java:52)
	at org.junit.platform.launcher.core.DefaultLauncher.execute(DefaultLauncher.java:114)
	at org.junit.platform.launcher.core.DefaultLauncher.execute(DefaultLauncher.java:86)
	at org.junit.platform.launcher.core.DefaultLauncherSession$DelegatingLauncher.execute(DefaultLauncherSession.java:86)
	at org.junit.platform.launcher.core.SessionPerRequestLauncher.execute(SessionPerRequestLauncher.java:53)
	at org.gradle.api.internal.tasks.testing.junitplatform.JUnitPlatformTestClassProcessor$CollectAllTestClassesExecutor.processAllTestClasses(JUnitPlatformTestClassProcessor.java:99)
	at org.gradle.api.internal.tasks.testing.junitplatform.JUnitPlatformTestClassProcessor$CollectAllTestClassesExecutor.access$000(JUnitPlatformTestClassProcessor.java:79)
	at org.gradle.api.internal.tasks.testing.junitplatform.JUnitPlatformTestClassProcessor.stop(JUnitPlatformTestClassProcessor.java:75)
	at org.gradle.api.internal.tasks.testing.SuiteTestClassProcessor.stop(SuiteTestClassProcessor.java:62)
	at java.base@11.0.18/jdk.internal.reflect.NativeMethodAccessorImpl.invoke0(Native Method)
	at java.base@11.0.18/jdk.internal.reflect.NativeMethodAccessorImpl.invoke(NativeMethodAccessorImpl.java:62)
	at java.base@11.0.18/jdk.internal.reflect.DelegatingMethodAccessorImpl.invoke(DelegatingMethodAccessorImpl.java:43)
	at java.base@11.0.18/java.lang.reflect.Method.invoke(Method.java:566)
	at org.gradle.internal.dispatch.ReflectionDispatch.dispatch(ReflectionDispatch.java:36)
	at org.gradle.internal.dispatch.ReflectionDispatch.dispatch(ReflectionDispatch.java:24)
	at org.gradle.internal.dispatch.ContextClassLoaderDispatch.dispatch(ContextClassLoaderDispatch.java:33)
	at org.gradle.internal.dispatch.ProxyDispatchAdapter$DispatchingInvocationHandler.invoke(ProxyDispatchAdapter.java:94)
	at com.sun.proxy.$Proxy2.stop(Unknown Source)
	at org.gradle.api.internal.tasks.testing.worker.TestWorker$3.run(TestWorker.java:193)
	at org.gradle.api.internal.tasks.testing.worker.TestWorker.executeAndMaintainThreadName(TestWorker.java:129)
	at org.gradle.api.internal.tasks.testing.worker.TestWorker.execute(TestWorker.java:100)
	at org.gradle.api.internal.tasks.testing.worker.TestWorker.execute(TestWorker.java:60)
	at org.gradle.process.internal.worker.child.ActionExecutionWorker.execute(ActionExecutionWorker.java:56)
	at org.gradle.process.internal.worker.child.SystemApplicationClassLoaderWorker.call(SystemApplicationClassLoaderWorker.java:113)
	at org.gradle.process.internal.worker.child.SystemApplicationClassLoaderWorker.call(SystemApplicationClassLoaderWorker.java:65)
	at app//worker.org.gradle.process.internal.worker.GradleWorkerMain.run(GradleWorkerMain.java:69)
	at app//worker.org.gradle.process.internal.worker.GradleWorkerMain.main(GradleWorkerMain.java:74)
</failure>
  </testcase>
  <testcase name="VACID0" classname="de.uka.ilkd.key.proof.runallproofs.RunAllProofsFunctional" time="0.925">
    <failure message="org.opentest4j.AssertionFailedError: Executed process terminated with non-zero exit value. ==&gt; expected: &lt;0&gt; but was: &lt;1&gt;" type="org.opentest4j.AssertionFailedError">org.opentest4j.AssertionFailedError: Executed process terminated with non-zero exit value. ==&gt; expected: &lt;0&gt; but was: &lt;1&gt;
	at app//org.junit.jupiter.api.AssertionUtils.fail(AssertionUtils.java:55)
	at app//org.junit.jupiter.api.AssertionUtils.failNotEqual(AssertionUtils.java:62)
	at app//org.junit.jupiter.api.AssertEquals.assertEquals(AssertEquals.java:150)
	at app//org.junit.jupiter.api.Assertions.assertEquals(Assertions.java:559)
	at app//de.uka.ilkd.key.proof.runallproofs.proofcollection.ForkedTestFileRunner.processTestFiles(ForkedTestFileRunner.java:129)
	at app//de.uka.ilkd.key.proof.runallproofs.RunAllProofsTestUnit.runTest(RunAllProofsTestUnit.java:85)
	at app//de.uka.ilkd.key.proof.runallproofs.RunAllProofsTest.lambda$data$0(RunAllProofsTest.java:83)
	at app//org.junit.jupiter.engine.descriptor.DynamicTestTestDescriptor.lambda$execute$0(DynamicTestTestDescriptor.java:53)
	at app//org.junit.jupiter.engine.execution.InvocationInterceptorChain$ValidatingInvocation.proceed(InvocationInterceptorChain.java:131)
	at app//org.junit.jupiter.api.extension.InvocationInterceptor.interceptDynamicTest(InvocationInterceptor.java:167)
	at app//org.junit.jupiter.api.extension.InvocationInterceptor.interceptDynamicTest(InvocationInterceptor.java:184)
	at app//org.junit.jupiter.engine.descriptor.DynamicTestTestDescriptor.lambda$execute$1(DynamicTestTestDescriptor.java:61)
	at app//org.junit.jupiter.engine.execution.InvocationInterceptorChain$InterceptorCall.lambda$ofVoid$0(InvocationInterceptorChain.java:78)
	at app//org.junit.jupiter.engine.execution.InvocationInterceptorChain$InterceptedInvocation.proceed(InvocationInterceptorChain.java:106)
	at app//org.junit.jupiter.engine.execution.InvocationInterceptorChain.proceed(InvocationInterceptorChain.java:64)
	at app//org.junit.jupiter.engine.execution.InvocationInterceptorChain.chainAndInvoke(InvocationInterceptorChain.java:45)
	at app//org.junit.jupiter.engine.execution.InvocationInterceptorChain.invoke(InvocationInterceptorChain.java:37)
	at app//org.junit.jupiter.engine.descriptor.DynamicTestTestDescriptor.execute(DynamicTestTestDescriptor.java:60)
	at app//org.junit.jupiter.engine.descriptor.DynamicTestTestDescriptor.execute(DynamicTestTestDescriptor.java:32)
	at app//org.junit.platform.engine.support.hierarchical.NodeTestTask.lambda$executeRecursively$6(NodeTestTask.java:151)
	at app//org.junit.platform.engine.support.hierarchical.ThrowableCollector.execute(ThrowableCollector.java:73)
	at app//org.junit.platform.engine.support.hierarchical.NodeTestTask.lambda$executeRecursively$8(NodeTestTask.java:141)
	at app//org.junit.platform.engine.support.hierarchical.Node.around(Node.java:137)
	at app//org.junit.platform.engine.support.hierarchical.NodeTestTask.lambda$executeRecursively$9(NodeTestTask.java:139)
	at app//org.junit.platform.engine.support.hierarchical.ThrowableCollector.execute(ThrowableCollector.java:73)
	at app//org.junit.platform.engine.support.hierarchical.NodeTestTask.executeRecursively(NodeTestTask.java:138)
	at app//org.junit.platform.engine.support.hierarchical.NodeTestTask.execute(NodeTestTask.java:95)
	at app//org.junit.platform.engine.support.hierarchical.SameThreadHierarchicalTestExecutorService.submit(SameThreadHierarchicalTestExecutorService.java:35)
	at app//org.junit.platform.engine.support.hierarchical.NodeTestTask$DefaultDynamicTestExecutor.execute(NodeTestTask.java:226)
	at app//org.junit.platform.engine.support.hierarchical.NodeTestTask$DefaultDynamicTestExecutor.execute(NodeTestTask.java:204)
	at java.base@11.0.18/java.util.Optional.ifPresent(Optional.java:183)
	at app//org.junit.jupiter.engine.descriptor.TestFactoryTestDescriptor.lambda$invokeTestMethod$1(TestFactoryTestDescriptor.java:108)
	at app//org.junit.platform.engine.support.hierarchical.ThrowableCollector.execute(ThrowableCollector.java:73)
	at app//org.junit.jupiter.engine.descriptor.TestFactoryTestDescriptor.invokeTestMethod(TestFactoryTestDescriptor.java:95)
	at app//org.junit.jupiter.engine.descriptor.TestMethodTestDescriptor.execute(TestMethodTestDescriptor.java:135)
	at app//org.junit.jupiter.engine.descriptor.TestMethodTestDescriptor.execute(TestMethodTestDescriptor.java:66)
	at app//org.junit.platform.engine.support.hierarchical.NodeTestTask.lambda$executeRecursively$6(NodeTestTask.java:151)
	at app//org.junit.platform.engine.support.hierarchical.ThrowableCollector.execute(ThrowableCollector.java:73)
	at app//org.junit.platform.engine.support.hierarchical.NodeTestTask.lambda$executeRecursively$8(NodeTestTask.java:141)
	at app//org.junit.platform.engine.support.hierarchical.Node.around(Node.java:137)
	at app//org.junit.platform.engine.support.hierarchical.NodeTestTask.lambda$executeRecursively$9(NodeTestTask.java:139)
	at app//org.junit.platform.engine.support.hierarchical.ThrowableCollector.execute(ThrowableCollector.java:73)
	at app//org.junit.platform.engine.support.hierarchical.NodeTestTask.executeRecursively(NodeTestTask.java:138)
	at app//org.junit.platform.engine.support.hierarchical.NodeTestTask.execute(NodeTestTask.java:95)
	at java.base@11.0.18/java.util.ArrayList.forEach(ArrayList.java:1541)
	at app//org.junit.platform.engine.support.hierarchical.SameThreadHierarchicalTestExecutorService.invokeAll(SameThreadHierarchicalTestExecutorService.java:41)
	at app//org.junit.platform.engine.support.hierarchical.NodeTestTask.lambda$executeRecursively$6(NodeTestTask.java:155)
	at app//org.junit.platform.engine.support.hierarchical.ThrowableCollector.execute(ThrowableCollector.java:73)
	at app//org.junit.platform.engine.support.hierarchical.NodeTestTask.lambda$executeRecursively$8(NodeTestTask.java:141)
	at app//org.junit.platform.engine.support.hierarchical.Node.around(Node.java:137)
	at app//org.junit.platform.engine.support.hierarchical.NodeTestTask.lambda$executeRecursively$9(NodeTestTask.java:139)
	at app//org.junit.platform.engine.support.hierarchical.ThrowableCollector.execute(ThrowableCollector.java:73)
	at app//org.junit.platform.engine.support.hierarchical.NodeTestTask.executeRecursively(NodeTestTask.java:138)
	at app//org.junit.platform.engine.support.hierarchical.NodeTestTask.execute(NodeTestTask.java:95)
	at java.base@11.0.18/java.util.ArrayList.forEach(ArrayList.java:1541)
	at app//org.junit.platform.engine.support.hierarchical.SameThreadHierarchicalTestExecutorService.invokeAll(SameThreadHierarchicalTestExecutorService.java:41)
	at app//org.junit.platform.engine.support.hierarchical.NodeTestTask.lambda$executeRecursively$6(NodeTestTask.java:155)
	at app//org.junit.platform.engine.support.hierarchical.ThrowableCollector.execute(ThrowableCollector.java:73)
	at app//org.junit.platform.engine.support.hierarchical.NodeTestTask.lambda$executeRecursively$8(NodeTestTask.java:141)
	at app//org.junit.platform.engine.support.hierarchical.Node.around(Node.java:137)
	at app//org.junit.platform.engine.support.hierarchical.NodeTestTask.lambda$executeRecursively$9(NodeTestTask.java:139)
	at app//org.junit.platform.engine.support.hierarchical.ThrowableCollector.execute(ThrowableCollector.java:73)
	at app//org.junit.platform.engine.support.hierarchical.NodeTestTask.executeRecursively(NodeTestTask.java:138)
	at app//org.junit.platform.engine.support.hierarchical.NodeTestTask.execute(NodeTestTask.java:95)
	at app//org.junit.platform.engine.support.hierarchical.SameThreadHierarchicalTestExecutorService.submit(SameThreadHierarchicalTestExecutorService.java:35)
	at app//org.junit.platform.engine.support.hierarchical.HierarchicalTestExecutor.execute(HierarchicalTestExecutor.java:57)
	at app//org.junit.platform.engine.support.hierarchical.HierarchicalTestEngine.execute(HierarchicalTestEngine.java:54)
	at org.junit.platform.launcher.core.EngineExecutionOrchestrator.execute(EngineExecutionOrchestrator.java:107)
	at org.junit.platform.launcher.core.EngineExecutionOrchestrator.execute(EngineExecutionOrchestrator.java:88)
	at org.junit.platform.launcher.core.EngineExecutionOrchestrator.lambda$execute$0(EngineExecutionOrchestrator.java:54)
	at org.junit.platform.launcher.core.EngineExecutionOrchestrator.withInterceptedStreams(EngineExecutionOrchestrator.java:67)
	at org.junit.platform.launcher.core.EngineExecutionOrchestrator.execute(EngineExecutionOrchestrator.java:52)
	at org.junit.platform.launcher.core.DefaultLauncher.execute(DefaultLauncher.java:114)
	at org.junit.platform.launcher.core.DefaultLauncher.execute(DefaultLauncher.java:86)
	at org.junit.platform.launcher.core.DefaultLauncherSession$DelegatingLauncher.execute(DefaultLauncherSession.java:86)
	at org.junit.platform.launcher.core.SessionPerRequestLauncher.execute(SessionPerRequestLauncher.java:53)
	at org.gradle.api.internal.tasks.testing.junitplatform.JUnitPlatformTestClassProcessor$CollectAllTestClassesExecutor.processAllTestClasses(JUnitPlatformTestClassProcessor.java:99)
	at org.gradle.api.internal.tasks.testing.junitplatform.JUnitPlatformTestClassProcessor$CollectAllTestClassesExecutor.access$000(JUnitPlatformTestClassProcessor.java:79)
	at org.gradle.api.internal.tasks.testing.junitplatform.JUnitPlatformTestClassProcessor.stop(JUnitPlatformTestClassProcessor.java:75)
	at org.gradle.api.internal.tasks.testing.SuiteTestClassProcessor.stop(SuiteTestClassProcessor.java:62)
	at java.base@11.0.18/jdk.internal.reflect.NativeMethodAccessorImpl.invoke0(Native Method)
	at java.base@11.0.18/jdk.internal.reflect.NativeMethodAccessorImpl.invoke(NativeMethodAccessorImpl.java:62)
	at java.base@11.0.18/jdk.internal.reflect.DelegatingMethodAccessorImpl.invoke(DelegatingMethodAccessorImpl.java:43)
	at java.base@11.0.18/java.lang.reflect.Method.invoke(Method.java:566)
	at org.gradle.internal.dispatch.ReflectionDispatch.dispatch(ReflectionDispatch.java:36)
	at org.gradle.internal.dispatch.ReflectionDispatch.dispatch(ReflectionDispatch.java:24)
	at org.gradle.internal.dispatch.ContextClassLoaderDispatch.dispatch(ContextClassLoaderDispatch.java:33)
	at org.gradle.internal.dispatch.ProxyDispatchAdapter$DispatchingInvocationHandler.invoke(ProxyDispatchAdapter.java:94)
	at com.sun.proxy.$Proxy2.stop(Unknown Source)
	at org.gradle.api.internal.tasks.testing.worker.TestWorker$3.run(TestWorker.java:193)
	at org.gradle.api.internal.tasks.testing.worker.TestWorker.executeAndMaintainThreadName(TestWorker.java:129)
	at org.gradle.api.internal.tasks.testing.worker.TestWorker.execute(TestWorker.java:100)
	at org.gradle.api.internal.tasks.testing.worker.TestWorker.execute(TestWorker.java:60)
	at org.gradle.process.internal.worker.child.ActionExecutionWorker.execute(ActionExecutionWorker.java:56)
	at org.gradle.process.internal.worker.child.SystemApplicationClassLoaderWorker.call(SystemApplicationClassLoaderWorker.java:113)
	at org.gradle.process.internal.worker.child.SystemApplicationClassLoaderWorker.call(SystemApplicationClassLoaderWorker.java:65)
	at app//worker.org.gradle.process.internal.worker.GradleWorkerMain.run(GradleWorkerMain.java:69)
	at app//worker.org.gradle.process.internal.worker.GradleWorkerMain.main(GradleWorkerMain.java:74)
</failure>
  </testcase>
  <testcase name="VSTTE10" classname="de.uka.ilkd.key.proof.runallproofs.RunAllProofsFunctional" time="0.993">
    <failure message="org.opentest4j.AssertionFailedError: Executed process terminated with non-zero exit value. ==&gt; expected: &lt;0&gt; but was: &lt;1&gt;" type="org.opentest4j.AssertionFailedError">org.opentest4j.AssertionFailedError: Executed process terminated with non-zero exit value. ==&gt; expected: &lt;0&gt; but was: &lt;1&gt;
	at app//org.junit.jupiter.api.AssertionUtils.fail(AssertionUtils.java:55)
	at app//org.junit.jupiter.api.AssertionUtils.failNotEqual(AssertionUtils.java:62)
	at app//org.junit.jupiter.api.AssertEquals.assertEquals(AssertEquals.java:150)
	at app//org.junit.jupiter.api.Assertions.assertEquals(Assertions.java:559)
	at app//de.uka.ilkd.key.proof.runallproofs.proofcollection.ForkedTestFileRunner.processTestFiles(ForkedTestFileRunner.java:129)
	at app//de.uka.ilkd.key.proof.runallproofs.RunAllProofsTestUnit.runTest(RunAllProofsTestUnit.java:85)
	at app//de.uka.ilkd.key.proof.runallproofs.RunAllProofsTest.lambda$data$0(RunAllProofsTest.java:83)
	at app//org.junit.jupiter.engine.descriptor.DynamicTestTestDescriptor.lambda$execute$0(DynamicTestTestDescriptor.java:53)
	at app//org.junit.jupiter.engine.execution.InvocationInterceptorChain$ValidatingInvocation.proceed(InvocationInterceptorChain.java:131)
	at app//org.junit.jupiter.api.extension.InvocationInterceptor.interceptDynamicTest(InvocationInterceptor.java:167)
	at app//org.junit.jupiter.api.extension.InvocationInterceptor.interceptDynamicTest(InvocationInterceptor.java:184)
	at app//org.junit.jupiter.engine.descriptor.DynamicTestTestDescriptor.lambda$execute$1(DynamicTestTestDescriptor.java:61)
	at app//org.junit.jupiter.engine.execution.InvocationInterceptorChain$InterceptorCall.lambda$ofVoid$0(InvocationInterceptorChain.java:78)
	at app//org.junit.jupiter.engine.execution.InvocationInterceptorChain$InterceptedInvocation.proceed(InvocationInterceptorChain.java:106)
	at app//org.junit.jupiter.engine.execution.InvocationInterceptorChain.proceed(InvocationInterceptorChain.java:64)
	at app//org.junit.jupiter.engine.execution.InvocationInterceptorChain.chainAndInvoke(InvocationInterceptorChain.java:45)
	at app//org.junit.jupiter.engine.execution.InvocationInterceptorChain.invoke(InvocationInterceptorChain.java:37)
	at app//org.junit.jupiter.engine.descriptor.DynamicTestTestDescriptor.execute(DynamicTestTestDescriptor.java:60)
	at app//org.junit.jupiter.engine.descriptor.DynamicTestTestDescriptor.execute(DynamicTestTestDescriptor.java:32)
	at app//org.junit.platform.engine.support.hierarchical.NodeTestTask.lambda$executeRecursively$6(NodeTestTask.java:151)
	at app//org.junit.platform.engine.support.hierarchical.ThrowableCollector.execute(ThrowableCollector.java:73)
	at app//org.junit.platform.engine.support.hierarchical.NodeTestTask.lambda$executeRecursively$8(NodeTestTask.java:141)
	at app//org.junit.platform.engine.support.hierarchical.Node.around(Node.java:137)
	at app//org.junit.platform.engine.support.hierarchical.NodeTestTask.lambda$executeRecursively$9(NodeTestTask.java:139)
	at app//org.junit.platform.engine.support.hierarchical.ThrowableCollector.execute(ThrowableCollector.java:73)
	at app//org.junit.platform.engine.support.hierarchical.NodeTestTask.executeRecursively(NodeTestTask.java:138)
	at app//org.junit.platform.engine.support.hierarchical.NodeTestTask.execute(NodeTestTask.java:95)
	at app//org.junit.platform.engine.support.hierarchical.SameThreadHierarchicalTestExecutorService.submit(SameThreadHierarchicalTestExecutorService.java:35)
	at app//org.junit.platform.engine.support.hierarchical.NodeTestTask$DefaultDynamicTestExecutor.execute(NodeTestTask.java:226)
	at app//org.junit.platform.engine.support.hierarchical.NodeTestTask$DefaultDynamicTestExecutor.execute(NodeTestTask.java:204)
	at java.base@11.0.18/java.util.Optional.ifPresent(Optional.java:183)
	at app//org.junit.jupiter.engine.descriptor.TestFactoryTestDescriptor.lambda$invokeTestMethod$1(TestFactoryTestDescriptor.java:108)
	at app//org.junit.platform.engine.support.hierarchical.ThrowableCollector.execute(ThrowableCollector.java:73)
	at app//org.junit.jupiter.engine.descriptor.TestFactoryTestDescriptor.invokeTestMethod(TestFactoryTestDescriptor.java:95)
	at app//org.junit.jupiter.engine.descriptor.TestMethodTestDescriptor.execute(TestMethodTestDescriptor.java:135)
	at app//org.junit.jupiter.engine.descriptor.TestMethodTestDescriptor.execute(TestMethodTestDescriptor.java:66)
	at app//org.junit.platform.engine.support.hierarchical.NodeTestTask.lambda$executeRecursively$6(NodeTestTask.java:151)
	at app//org.junit.platform.engine.support.hierarchical.ThrowableCollector.execute(ThrowableCollector.java:73)
	at app//org.junit.platform.engine.support.hierarchical.NodeTestTask.lambda$executeRecursively$8(NodeTestTask.java:141)
	at app//org.junit.platform.engine.support.hierarchical.Node.around(Node.java:137)
	at app//org.junit.platform.engine.support.hierarchical.NodeTestTask.lambda$executeRecursively$9(NodeTestTask.java:139)
	at app//org.junit.platform.engine.support.hierarchical.ThrowableCollector.execute(ThrowableCollector.java:73)
	at app//org.junit.platform.engine.support.hierarchical.NodeTestTask.executeRecursively(NodeTestTask.java:138)
	at app//org.junit.platform.engine.support.hierarchical.NodeTestTask.execute(NodeTestTask.java:95)
	at java.base@11.0.18/java.util.ArrayList.forEach(ArrayList.java:1541)
	at app//org.junit.platform.engine.support.hierarchical.SameThreadHierarchicalTestExecutorService.invokeAll(SameThreadHierarchicalTestExecutorService.java:41)
	at app//org.junit.platform.engine.support.hierarchical.NodeTestTask.lambda$executeRecursively$6(NodeTestTask.java:155)
	at app//org.junit.platform.engine.support.hierarchical.ThrowableCollector.execute(ThrowableCollector.java:73)
	at app//org.junit.platform.engine.support.hierarchical.NodeTestTask.lambda$executeRecursively$8(NodeTestTask.java:141)
	at app//org.junit.platform.engine.support.hierarchical.Node.around(Node.java:137)
	at app//org.junit.platform.engine.support.hierarchical.NodeTestTask.lambda$executeRecursively$9(NodeTestTask.java:139)
	at app//org.junit.platform.engine.support.hierarchical.ThrowableCollector.execute(ThrowableCollector.java:73)
	at app//org.junit.platform.engine.support.hierarchical.NodeTestTask.executeRecursively(NodeTestTask.java:138)
	at app//org.junit.platform.engine.support.hierarchical.NodeTestTask.execute(NodeTestTask.java:95)
	at java.base@11.0.18/java.util.ArrayList.forEach(ArrayList.java:1541)
	at app//org.junit.platform.engine.support.hierarchical.SameThreadHierarchicalTestExecutorService.invokeAll(SameThreadHierarchicalTestExecutorService.java:41)
	at app//org.junit.platform.engine.support.hierarchical.NodeTestTask.lambda$executeRecursively$6(NodeTestTask.java:155)
	at app//org.junit.platform.engine.support.hierarchical.ThrowableCollector.execute(ThrowableCollector.java:73)
	at app//org.junit.platform.engine.support.hierarchical.NodeTestTask.lambda$executeRecursively$8(NodeTestTask.java:141)
	at app//org.junit.platform.engine.support.hierarchical.Node.around(Node.java:137)
	at app//org.junit.platform.engine.support.hierarchical.NodeTestTask.lambda$executeRecursively$9(NodeTestTask.java:139)
	at app//org.junit.platform.engine.support.hierarchical.ThrowableCollector.execute(ThrowableCollector.java:73)
	at app//org.junit.platform.engine.support.hierarchical.NodeTestTask.executeRecursively(NodeTestTask.java:138)
	at app//org.junit.platform.engine.support.hierarchical.NodeTestTask.execute(NodeTestTask.java:95)
	at app//org.junit.platform.engine.support.hierarchical.SameThreadHierarchicalTestExecutorService.submit(SameThreadHierarchicalTestExecutorService.java:35)
	at app//org.junit.platform.engine.support.hierarchical.HierarchicalTestExecutor.execute(HierarchicalTestExecutor.java:57)
	at app//org.junit.platform.engine.support.hierarchical.HierarchicalTestEngine.execute(HierarchicalTestEngine.java:54)
	at org.junit.platform.launcher.core.EngineExecutionOrchestrator.execute(EngineExecutionOrchestrator.java:107)
	at org.junit.platform.launcher.core.EngineExecutionOrchestrator.execute(EngineExecutionOrchestrator.java:88)
	at org.junit.platform.launcher.core.EngineExecutionOrchestrator.lambda$execute$0(EngineExecutionOrchestrator.java:54)
	at org.junit.platform.launcher.core.EngineExecutionOrchestrator.withInterceptedStreams(EngineExecutionOrchestrator.java:67)
	at org.junit.platform.launcher.core.EngineExecutionOrchestrator.execute(EngineExecutionOrchestrator.java:52)
	at org.junit.platform.launcher.core.DefaultLauncher.execute(DefaultLauncher.java:114)
	at org.junit.platform.launcher.core.DefaultLauncher.execute(DefaultLauncher.java:86)
	at org.junit.platform.launcher.core.DefaultLauncherSession$DelegatingLauncher.execute(DefaultLauncherSession.java:86)
	at org.junit.platform.launcher.core.SessionPerRequestLauncher.execute(SessionPerRequestLauncher.java:53)
	at org.gradle.api.internal.tasks.testing.junitplatform.JUnitPlatformTestClassProcessor$CollectAllTestClassesExecutor.processAllTestClasses(JUnitPlatformTestClassProcessor.java:99)
	at org.gradle.api.internal.tasks.testing.junitplatform.JUnitPlatformTestClassProcessor$CollectAllTestClassesExecutor.access$000(JUnitPlatformTestClassProcessor.java:79)
	at org.gradle.api.internal.tasks.testing.junitplatform.JUnitPlatformTestClassProcessor.stop(JUnitPlatformTestClassProcessor.java:75)
	at org.gradle.api.internal.tasks.testing.SuiteTestClassProcessor.stop(SuiteTestClassProcessor.java:62)
	at java.base@11.0.18/jdk.internal.reflect.NativeMethodAccessorImpl.invoke0(Native Method)
	at java.base@11.0.18/jdk.internal.reflect.NativeMethodAccessorImpl.invoke(NativeMethodAccessorImpl.java:62)
	at java.base@11.0.18/jdk.internal.reflect.DelegatingMethodAccessorImpl.invoke(DelegatingMethodAccessorImpl.java:43)
	at java.base@11.0.18/java.lang.reflect.Method.invoke(Method.java:566)
	at org.gradle.internal.dispatch.ReflectionDispatch.dispatch(ReflectionDispatch.java:36)
	at org.gradle.internal.dispatch.ReflectionDispatch.dispatch(ReflectionDispatch.java:24)
	at org.gradle.internal.dispatch.ContextClassLoaderDispatch.dispatch(ContextClassLoaderDispatch.java:33)
	at org.gradle.internal.dispatch.ProxyDispatchAdapter$DispatchingInvocationHandler.invoke(ProxyDispatchAdapter.java:94)
	at com.sun.proxy.$Proxy2.stop(Unknown Source)
	at org.gradle.api.internal.tasks.testing.worker.TestWorker$3.run(TestWorker.java:193)
	at org.gradle.api.internal.tasks.testing.worker.TestWorker.executeAndMaintainThreadName(TestWorker.java:129)
	at org.gradle.api.internal.tasks.testing.worker.TestWorker.execute(TestWorker.java:100)
	at org.gradle.api.internal.tasks.testing.worker.TestWorker.execute(TestWorker.java:60)
	at org.gradle.process.internal.worker.child.ActionExecutionWorker.execute(ActionExecutionWorker.java:56)
	at org.gradle.process.internal.worker.child.SystemApplicationClassLoaderWorker.call(SystemApplicationClassLoaderWorker.java:113)
	at org.gradle.process.internal.worker.child.SystemApplicationClassLoaderWorker.call(SystemApplicationClassLoaderWorker.java:65)
	at app//worker.org.gradle.process.internal.worker.GradleWorkerMain.run(GradleWorkerMain.java:69)
	at app//worker.org.gradle.process.internal.worker.GradleWorkerMain.main(GradleWorkerMain.java:74)
</failure>
  </testcase>
  <testcase name="WeideEtAl" classname="de.uka.ilkd.key.proof.runallproofs.RunAllProofsFunctional" time="0.82">
    <failure message="org.opentest4j.AssertionFailedError: Executed process terminated with non-zero exit value. ==&gt; expected: &lt;0&gt; but was: &lt;1&gt;" type="org.opentest4j.AssertionFailedError">org.opentest4j.AssertionFailedError: Executed process terminated with non-zero exit value. ==&gt; expected: &lt;0&gt; but was: &lt;1&gt;
	at app//org.junit.jupiter.api.AssertionUtils.fail(AssertionUtils.java:55)
	at app//org.junit.jupiter.api.AssertionUtils.failNotEqual(AssertionUtils.java:62)
	at app//org.junit.jupiter.api.AssertEquals.assertEquals(AssertEquals.java:150)
	at app//org.junit.jupiter.api.Assertions.assertEquals(Assertions.java:559)
	at app//de.uka.ilkd.key.proof.runallproofs.proofcollection.ForkedTestFileRunner.processTestFiles(ForkedTestFileRunner.java:129)
	at app//de.uka.ilkd.key.proof.runallproofs.RunAllProofsTestUnit.runTest(RunAllProofsTestUnit.java:85)
	at app//de.uka.ilkd.key.proof.runallproofs.RunAllProofsTest.lambda$data$0(RunAllProofsTest.java:83)
	at app//org.junit.jupiter.engine.descriptor.DynamicTestTestDescriptor.lambda$execute$0(DynamicTestTestDescriptor.java:53)
	at app//org.junit.jupiter.engine.execution.InvocationInterceptorChain$ValidatingInvocation.proceed(InvocationInterceptorChain.java:131)
	at app//org.junit.jupiter.api.extension.InvocationInterceptor.interceptDynamicTest(InvocationInterceptor.java:167)
	at app//org.junit.jupiter.api.extension.InvocationInterceptor.interceptDynamicTest(InvocationInterceptor.java:184)
	at app//org.junit.jupiter.engine.descriptor.DynamicTestTestDescriptor.lambda$execute$1(DynamicTestTestDescriptor.java:61)
	at app//org.junit.jupiter.engine.execution.InvocationInterceptorChain$InterceptorCall.lambda$ofVoid$0(InvocationInterceptorChain.java:78)
	at app//org.junit.jupiter.engine.execution.InvocationInterceptorChain$InterceptedInvocation.proceed(InvocationInterceptorChain.java:106)
	at app//org.junit.jupiter.engine.execution.InvocationInterceptorChain.proceed(InvocationInterceptorChain.java:64)
	at app//org.junit.jupiter.engine.execution.InvocationInterceptorChain.chainAndInvoke(InvocationInterceptorChain.java:45)
	at app//org.junit.jupiter.engine.execution.InvocationInterceptorChain.invoke(InvocationInterceptorChain.java:37)
	at app//org.junit.jupiter.engine.descriptor.DynamicTestTestDescriptor.execute(DynamicTestTestDescriptor.java:60)
	at app//org.junit.jupiter.engine.descriptor.DynamicTestTestDescriptor.execute(DynamicTestTestDescriptor.java:32)
	at app//org.junit.platform.engine.support.hierarchical.NodeTestTask.lambda$executeRecursively$6(NodeTestTask.java:151)
	at app//org.junit.platform.engine.support.hierarchical.ThrowableCollector.execute(ThrowableCollector.java:73)
	at app//org.junit.platform.engine.support.hierarchical.NodeTestTask.lambda$executeRecursively$8(NodeTestTask.java:141)
	at app//org.junit.platform.engine.support.hierarchical.Node.around(Node.java:137)
	at app//org.junit.platform.engine.support.hierarchical.NodeTestTask.lambda$executeRecursively$9(NodeTestTask.java:139)
	at app//org.junit.platform.engine.support.hierarchical.ThrowableCollector.execute(ThrowableCollector.java:73)
	at app//org.junit.platform.engine.support.hierarchical.NodeTestTask.executeRecursively(NodeTestTask.java:138)
	at app//org.junit.platform.engine.support.hierarchical.NodeTestTask.execute(NodeTestTask.java:95)
	at app//org.junit.platform.engine.support.hierarchical.SameThreadHierarchicalTestExecutorService.submit(SameThreadHierarchicalTestExecutorService.java:35)
	at app//org.junit.platform.engine.support.hierarchical.NodeTestTask$DefaultDynamicTestExecutor.execute(NodeTestTask.java:226)
	at app//org.junit.platform.engine.support.hierarchical.NodeTestTask$DefaultDynamicTestExecutor.execute(NodeTestTask.java:204)
	at java.base@11.0.18/java.util.Optional.ifPresent(Optional.java:183)
	at app//org.junit.jupiter.engine.descriptor.TestFactoryTestDescriptor.lambda$invokeTestMethod$1(TestFactoryTestDescriptor.java:108)
	at app//org.junit.platform.engine.support.hierarchical.ThrowableCollector.execute(ThrowableCollector.java:73)
	at app//org.junit.jupiter.engine.descriptor.TestFactoryTestDescriptor.invokeTestMethod(TestFactoryTestDescriptor.java:95)
	at app//org.junit.jupiter.engine.descriptor.TestMethodTestDescriptor.execute(TestMethodTestDescriptor.java:135)
	at app//org.junit.jupiter.engine.descriptor.TestMethodTestDescriptor.execute(TestMethodTestDescriptor.java:66)
	at app//org.junit.platform.engine.support.hierarchical.NodeTestTask.lambda$executeRecursively$6(NodeTestTask.java:151)
	at app//org.junit.platform.engine.support.hierarchical.ThrowableCollector.execute(ThrowableCollector.java:73)
	at app//org.junit.platform.engine.support.hierarchical.NodeTestTask.lambda$executeRecursively$8(NodeTestTask.java:141)
	at app//org.junit.platform.engine.support.hierarchical.Node.around(Node.java:137)
	at app//org.junit.platform.engine.support.hierarchical.NodeTestTask.lambda$executeRecursively$9(NodeTestTask.java:139)
	at app//org.junit.platform.engine.support.hierarchical.ThrowableCollector.execute(ThrowableCollector.java:73)
	at app//org.junit.platform.engine.support.hierarchical.NodeTestTask.executeRecursively(NodeTestTask.java:138)
	at app//org.junit.platform.engine.support.hierarchical.NodeTestTask.execute(NodeTestTask.java:95)
	at java.base@11.0.18/java.util.ArrayList.forEach(ArrayList.java:1541)
	at app//org.junit.platform.engine.support.hierarchical.SameThreadHierarchicalTestExecutorService.invokeAll(SameThreadHierarchicalTestExecutorService.java:41)
	at app//org.junit.platform.engine.support.hierarchical.NodeTestTask.lambda$executeRecursively$6(NodeTestTask.java:155)
	at app//org.junit.platform.engine.support.hierarchical.ThrowableCollector.execute(ThrowableCollector.java:73)
	at app//org.junit.platform.engine.support.hierarchical.NodeTestTask.lambda$executeRecursively$8(NodeTestTask.java:141)
	at app//org.junit.platform.engine.support.hierarchical.Node.around(Node.java:137)
	at app//org.junit.platform.engine.support.hierarchical.NodeTestTask.lambda$executeRecursively$9(NodeTestTask.java:139)
	at app//org.junit.platform.engine.support.hierarchical.ThrowableCollector.execute(ThrowableCollector.java:73)
	at app//org.junit.platform.engine.support.hierarchical.NodeTestTask.executeRecursively(NodeTestTask.java:138)
	at app//org.junit.platform.engine.support.hierarchical.NodeTestTask.execute(NodeTestTask.java:95)
	at java.base@11.0.18/java.util.ArrayList.forEach(ArrayList.java:1541)
	at app//org.junit.platform.engine.support.hierarchical.SameThreadHierarchicalTestExecutorService.invokeAll(SameThreadHierarchicalTestExecutorService.java:41)
	at app//org.junit.platform.engine.support.hierarchical.NodeTestTask.lambda$executeRecursively$6(NodeTestTask.java:155)
	at app//org.junit.platform.engine.support.hierarchical.ThrowableCollector.execute(ThrowableCollector.java:73)
	at app//org.junit.platform.engine.support.hierarchical.NodeTestTask.lambda$executeRecursively$8(NodeTestTask.java:141)
	at app//org.junit.platform.engine.support.hierarchical.Node.around(Node.java:137)
	at app//org.junit.platform.engine.support.hierarchical.NodeTestTask.lambda$executeRecursively$9(NodeTestTask.java:139)
	at app//org.junit.platform.engine.support.hierarchical.ThrowableCollector.execute(ThrowableCollector.java:73)
	at app//org.junit.platform.engine.support.hierarchical.NodeTestTask.executeRecursively(NodeTestTask.java:138)
	at app//org.junit.platform.engine.support.hierarchical.NodeTestTask.execute(NodeTestTask.java:95)
	at app//org.junit.platform.engine.support.hierarchical.SameThreadHierarchicalTestExecutorService.submit(SameThreadHierarchicalTestExecutorService.java:35)
	at app//org.junit.platform.engine.support.hierarchical.HierarchicalTestExecutor.execute(HierarchicalTestExecutor.java:57)
	at app//org.junit.platform.engine.support.hierarchical.HierarchicalTestEngine.execute(HierarchicalTestEngine.java:54)
	at org.junit.platform.launcher.core.EngineExecutionOrchestrator.execute(EngineExecutionOrchestrator.java:107)
	at org.junit.platform.launcher.core.EngineExecutionOrchestrator.execute(EngineExecutionOrchestrator.java:88)
	at org.junit.platform.launcher.core.EngineExecutionOrchestrator.lambda$execute$0(EngineExecutionOrchestrator.java:54)
	at org.junit.platform.launcher.core.EngineExecutionOrchestrator.withInterceptedStreams(EngineExecutionOrchestrator.java:67)
	at org.junit.platform.launcher.core.EngineExecutionOrchestrator.execute(EngineExecutionOrchestrator.java:52)
	at org.junit.platform.launcher.core.DefaultLauncher.execute(DefaultLauncher.java:114)
	at org.junit.platform.launcher.core.DefaultLauncher.execute(DefaultLauncher.java:86)
	at org.junit.platform.launcher.core.DefaultLauncherSession$DelegatingLauncher.execute(DefaultLauncherSession.java:86)
	at org.junit.platform.launcher.core.SessionPerRequestLauncher.execute(SessionPerRequestLauncher.java:53)
	at org.gradle.api.internal.tasks.testing.junitplatform.JUnitPlatformTestClassProcessor$CollectAllTestClassesExecutor.processAllTestClasses(JUnitPlatformTestClassProcessor.java:99)
	at org.gradle.api.internal.tasks.testing.junitplatform.JUnitPlatformTestClassProcessor$CollectAllTestClassesExecutor.access$000(JUnitPlatformTestClassProcessor.java:79)
	at org.gradle.api.internal.tasks.testing.junitplatform.JUnitPlatformTestClassProcessor.stop(JUnitPlatformTestClassProcessor.java:75)
	at org.gradle.api.internal.tasks.testing.SuiteTestClassProcessor.stop(SuiteTestClassProcessor.java:62)
	at java.base@11.0.18/jdk.internal.reflect.NativeMethodAccessorImpl.invoke0(Native Method)
	at java.base@11.0.18/jdk.internal.reflect.NativeMethodAccessorImpl.invoke(NativeMethodAccessorImpl.java:62)
	at java.base@11.0.18/jdk.internal.reflect.DelegatingMethodAccessorImpl.invoke(DelegatingMethodAccessorImpl.java:43)
	at java.base@11.0.18/java.lang.reflect.Method.invoke(Method.java:566)
	at org.gradle.internal.dispatch.ReflectionDispatch.dispatch(ReflectionDispatch.java:36)
	at org.gradle.internal.dispatch.ReflectionDispatch.dispatch(ReflectionDispatch.java:24)
	at org.gradle.internal.dispatch.ContextClassLoaderDispatch.dispatch(ContextClassLoaderDispatch.java:33)
	at org.gradle.internal.dispatch.ProxyDispatchAdapter$DispatchingInvocationHandler.invoke(ProxyDispatchAdapter.java:94)
	at com.sun.proxy.$Proxy2.stop(Unknown Source)
	at org.gradle.api.internal.tasks.testing.worker.TestWorker$3.run(TestWorker.java:193)
	at org.gradle.api.internal.tasks.testing.worker.TestWorker.executeAndMaintainThreadName(TestWorker.java:129)
	at org.gradle.api.internal.tasks.testing.worker.TestWorker.execute(TestWorker.java:100)
	at org.gradle.api.internal.tasks.testing.worker.TestWorker.execute(TestWorker.java:60)
	at org.gradle.process.internal.worker.child.ActionExecutionWorker.execute(ActionExecutionWorker.java:56)
	at org.gradle.process.internal.worker.child.SystemApplicationClassLoaderWorker.call(SystemApplicationClassLoaderWorker.java:113)
	at org.gradle.process.internal.worker.child.SystemApplicationClassLoaderWorker.call(SystemApplicationClassLoaderWorker.java:65)
	at app//worker.org.gradle.process.internal.worker.GradleWorkerMain.run(GradleWorkerMain.java:69)
	at app//worker.org.gradle.process.internal.worker.GradleWorkerMain.main(GradleWorkerMain.java:74)
</failure>
  </testcase>
  <testcase name="arithmetic" classname="de.uka.ilkd.key.proof.runallproofs.RunAllProofsFunctional" time="1.635">
    <failure message="org.opentest4j.AssertionFailedError: Executed process terminated with non-zero exit value. ==&gt; expected: &lt;0&gt; but was: &lt;1&gt;" type="org.opentest4j.AssertionFailedError">org.opentest4j.AssertionFailedError: Executed process terminated with non-zero exit value. ==&gt; expected: &lt;0&gt; but was: &lt;1&gt;
	at app//org.junit.jupiter.api.AssertionUtils.fail(AssertionUtils.java:55)
	at app//org.junit.jupiter.api.AssertionUtils.failNotEqual(AssertionUtils.java:62)
	at app//org.junit.jupiter.api.AssertEquals.assertEquals(AssertEquals.java:150)
	at app//org.junit.jupiter.api.Assertions.assertEquals(Assertions.java:559)
	at app//de.uka.ilkd.key.proof.runallproofs.proofcollection.ForkedTestFileRunner.processTestFiles(ForkedTestFileRunner.java:129)
	at app//de.uka.ilkd.key.proof.runallproofs.RunAllProofsTestUnit.runTest(RunAllProofsTestUnit.java:85)
	at app//de.uka.ilkd.key.proof.runallproofs.RunAllProofsTest.lambda$data$0(RunAllProofsTest.java:83)
	at app//org.junit.jupiter.engine.descriptor.DynamicTestTestDescriptor.lambda$execute$0(DynamicTestTestDescriptor.java:53)
	at app//org.junit.jupiter.engine.execution.InvocationInterceptorChain$ValidatingInvocation.proceed(InvocationInterceptorChain.java:131)
	at app//org.junit.jupiter.api.extension.InvocationInterceptor.interceptDynamicTest(InvocationInterceptor.java:167)
	at app//org.junit.jupiter.api.extension.InvocationInterceptor.interceptDynamicTest(InvocationInterceptor.java:184)
	at app//org.junit.jupiter.engine.descriptor.DynamicTestTestDescriptor.lambda$execute$1(DynamicTestTestDescriptor.java:61)
	at app//org.junit.jupiter.engine.execution.InvocationInterceptorChain$InterceptorCall.lambda$ofVoid$0(InvocationInterceptorChain.java:78)
	at app//org.junit.jupiter.engine.execution.InvocationInterceptorChain$InterceptedInvocation.proceed(InvocationInterceptorChain.java:106)
	at app//org.junit.jupiter.engine.execution.InvocationInterceptorChain.proceed(InvocationInterceptorChain.java:64)
	at app//org.junit.jupiter.engine.execution.InvocationInterceptorChain.chainAndInvoke(InvocationInterceptorChain.java:45)
	at app//org.junit.jupiter.engine.execution.InvocationInterceptorChain.invoke(InvocationInterceptorChain.java:37)
	at app//org.junit.jupiter.engine.descriptor.DynamicTestTestDescriptor.execute(DynamicTestTestDescriptor.java:60)
	at app//org.junit.jupiter.engine.descriptor.DynamicTestTestDescriptor.execute(DynamicTestTestDescriptor.java:32)
	at app//org.junit.platform.engine.support.hierarchical.NodeTestTask.lambda$executeRecursively$6(NodeTestTask.java:151)
	at app//org.junit.platform.engine.support.hierarchical.ThrowableCollector.execute(ThrowableCollector.java:73)
	at app//org.junit.platform.engine.support.hierarchical.NodeTestTask.lambda$executeRecursively$8(NodeTestTask.java:141)
	at app//org.junit.platform.engine.support.hierarchical.Node.around(Node.java:137)
	at app//org.junit.platform.engine.support.hierarchical.NodeTestTask.lambda$executeRecursively$9(NodeTestTask.java:139)
	at app//org.junit.platform.engine.support.hierarchical.ThrowableCollector.execute(ThrowableCollector.java:73)
	at app//org.junit.platform.engine.support.hierarchical.NodeTestTask.executeRecursively(NodeTestTask.java:138)
	at app//org.junit.platform.engine.support.hierarchical.NodeTestTask.execute(NodeTestTask.java:95)
	at app//org.junit.platform.engine.support.hierarchical.SameThreadHierarchicalTestExecutorService.submit(SameThreadHierarchicalTestExecutorService.java:35)
	at app//org.junit.platform.engine.support.hierarchical.NodeTestTask$DefaultDynamicTestExecutor.execute(NodeTestTask.java:226)
	at app//org.junit.platform.engine.support.hierarchical.NodeTestTask$DefaultDynamicTestExecutor.execute(NodeTestTask.java:204)
	at java.base@11.0.18/java.util.Optional.ifPresent(Optional.java:183)
	at app//org.junit.jupiter.engine.descriptor.TestFactoryTestDescriptor.lambda$invokeTestMethod$1(TestFactoryTestDescriptor.java:108)
	at app//org.junit.platform.engine.support.hierarchical.ThrowableCollector.execute(ThrowableCollector.java:73)
	at app//org.junit.jupiter.engine.descriptor.TestFactoryTestDescriptor.invokeTestMethod(TestFactoryTestDescriptor.java:95)
	at app//org.junit.jupiter.engine.descriptor.TestMethodTestDescriptor.execute(TestMethodTestDescriptor.java:135)
	at app//org.junit.jupiter.engine.descriptor.TestMethodTestDescriptor.execute(TestMethodTestDescriptor.java:66)
	at app//org.junit.platform.engine.support.hierarchical.NodeTestTask.lambda$executeRecursively$6(NodeTestTask.java:151)
	at app//org.junit.platform.engine.support.hierarchical.ThrowableCollector.execute(ThrowableCollector.java:73)
	at app//org.junit.platform.engine.support.hierarchical.NodeTestTask.lambda$executeRecursively$8(NodeTestTask.java:141)
	at app//org.junit.platform.engine.support.hierarchical.Node.around(Node.java:137)
	at app//org.junit.platform.engine.support.hierarchical.NodeTestTask.lambda$executeRecursively$9(NodeTestTask.java:139)
	at app//org.junit.platform.engine.support.hierarchical.ThrowableCollector.execute(ThrowableCollector.java:73)
	at app//org.junit.platform.engine.support.hierarchical.NodeTestTask.executeRecursively(NodeTestTask.java:138)
	at app//org.junit.platform.engine.support.hierarchical.NodeTestTask.execute(NodeTestTask.java:95)
	at java.base@11.0.18/java.util.ArrayList.forEach(ArrayList.java:1541)
	at app//org.junit.platform.engine.support.hierarchical.SameThreadHierarchicalTestExecutorService.invokeAll(SameThreadHierarchicalTestExecutorService.java:41)
	at app//org.junit.platform.engine.support.hierarchical.NodeTestTask.lambda$executeRecursively$6(NodeTestTask.java:155)
	at app//org.junit.platform.engine.support.hierarchical.ThrowableCollector.execute(ThrowableCollector.java:73)
	at app//org.junit.platform.engine.support.hierarchical.NodeTestTask.lambda$executeRecursively$8(NodeTestTask.java:141)
	at app//org.junit.platform.engine.support.hierarchical.Node.around(Node.java:137)
	at app//org.junit.platform.engine.support.hierarchical.NodeTestTask.lambda$executeRecursively$9(NodeTestTask.java:139)
	at app//org.junit.platform.engine.support.hierarchical.ThrowableCollector.execute(ThrowableCollector.java:73)
	at app//org.junit.platform.engine.support.hierarchical.NodeTestTask.executeRecursively(NodeTestTask.java:138)
	at app//org.junit.platform.engine.support.hierarchical.NodeTestTask.execute(NodeTestTask.java:95)
	at java.base@11.0.18/java.util.ArrayList.forEach(ArrayList.java:1541)
	at app//org.junit.platform.engine.support.hierarchical.SameThreadHierarchicalTestExecutorService.invokeAll(SameThreadHierarchicalTestExecutorService.java:41)
	at app//org.junit.platform.engine.support.hierarchical.NodeTestTask.lambda$executeRecursively$6(NodeTestTask.java:155)
	at app//org.junit.platform.engine.support.hierarchical.ThrowableCollector.execute(ThrowableCollector.java:73)
	at app//org.junit.platform.engine.support.hierarchical.NodeTestTask.lambda$executeRecursively$8(NodeTestTask.java:141)
	at app//org.junit.platform.engine.support.hierarchical.Node.around(Node.java:137)
	at app//org.junit.platform.engine.support.hierarchical.NodeTestTask.lambda$executeRecursively$9(NodeTestTask.java:139)
	at app//org.junit.platform.engine.support.hierarchical.ThrowableCollector.execute(ThrowableCollector.java:73)
	at app//org.junit.platform.engine.support.hierarchical.NodeTestTask.executeRecursively(NodeTestTask.java:138)
	at app//org.junit.platform.engine.support.hierarchical.NodeTestTask.execute(NodeTestTask.java:95)
	at app//org.junit.platform.engine.support.hierarchical.SameThreadHierarchicalTestExecutorService.submit(SameThreadHierarchicalTestExecutorService.java:35)
	at app//org.junit.platform.engine.support.hierarchical.HierarchicalTestExecutor.execute(HierarchicalTestExecutor.java:57)
	at app//org.junit.platform.engine.support.hierarchical.HierarchicalTestEngine.execute(HierarchicalTestEngine.java:54)
	at org.junit.platform.launcher.core.EngineExecutionOrchestrator.execute(EngineExecutionOrchestrator.java:107)
	at org.junit.platform.launcher.core.EngineExecutionOrchestrator.execute(EngineExecutionOrchestrator.java:88)
	at org.junit.platform.launcher.core.EngineExecutionOrchestrator.lambda$execute$0(EngineExecutionOrchestrator.java:54)
	at org.junit.platform.launcher.core.EngineExecutionOrchestrator.withInterceptedStreams(EngineExecutionOrchestrator.java:67)
	at org.junit.platform.launcher.core.EngineExecutionOrchestrator.execute(EngineExecutionOrchestrator.java:52)
	at org.junit.platform.launcher.core.DefaultLauncher.execute(DefaultLauncher.java:114)
	at org.junit.platform.launcher.core.DefaultLauncher.execute(DefaultLauncher.java:86)
	at org.junit.platform.launcher.core.DefaultLauncherSession$DelegatingLauncher.execute(DefaultLauncherSession.java:86)
	at org.junit.platform.launcher.core.SessionPerRequestLauncher.execute(SessionPerRequestLauncher.java:53)
	at org.gradle.api.internal.tasks.testing.junitplatform.JUnitPlatformTestClassProcessor$CollectAllTestClassesExecutor.processAllTestClasses(JUnitPlatformTestClassProcessor.java:99)
	at org.gradle.api.internal.tasks.testing.junitplatform.JUnitPlatformTestClassProcessor$CollectAllTestClassesExecutor.access$000(JUnitPlatformTestClassProcessor.java:79)
	at org.gradle.api.internal.tasks.testing.junitplatform.JUnitPlatformTestClassProcessor.stop(JUnitPlatformTestClassProcessor.java:75)
	at org.gradle.api.internal.tasks.testing.SuiteTestClassProcessor.stop(SuiteTestClassProcessor.java:62)
	at java.base@11.0.18/jdk.internal.reflect.NativeMethodAccessorImpl.invoke0(Native Method)
	at java.base@11.0.18/jdk.internal.reflect.NativeMethodAccessorImpl.invoke(NativeMethodAccessorImpl.java:62)
	at java.base@11.0.18/jdk.internal.reflect.DelegatingMethodAccessorImpl.invoke(DelegatingMethodAccessorImpl.java:43)
	at java.base@11.0.18/java.lang.reflect.Method.invoke(Method.java:566)
	at org.gradle.internal.dispatch.ReflectionDispatch.dispatch(ReflectionDispatch.java:36)
	at org.gradle.internal.dispatch.ReflectionDispatch.dispatch(ReflectionDispatch.java:24)
	at org.gradle.internal.dispatch.ContextClassLoaderDispatch.dispatch(ContextClassLoaderDispatch.java:33)
	at org.gradle.internal.dispatch.ProxyDispatchAdapter$DispatchingInvocationHandler.invoke(ProxyDispatchAdapter.java:94)
	at com.sun.proxy.$Proxy2.stop(Unknown Source)
	at org.gradle.api.internal.tasks.testing.worker.TestWorker$3.run(TestWorker.java:193)
	at org.gradle.api.internal.tasks.testing.worker.TestWorker.executeAndMaintainThreadName(TestWorker.java:129)
	at org.gradle.api.internal.tasks.testing.worker.TestWorker.execute(TestWorker.java:100)
	at org.gradle.api.internal.tasks.testing.worker.TestWorker.execute(TestWorker.java:60)
	at org.gradle.process.internal.worker.child.ActionExecutionWorker.execute(ActionExecutionWorker.java:56)
	at org.gradle.process.internal.worker.child.SystemApplicationClassLoaderWorker.call(SystemApplicationClassLoaderWorker.java:113)
	at org.gradle.process.internal.worker.child.SystemApplicationClassLoaderWorker.call(SystemApplicationClassLoaderWorker.java:65)
	at app//worker.org.gradle.process.internal.worker.GradleWorkerMain.run(GradleWorkerMain.java:69)
	at app//worker.org.gradle.process.internal.worker.GradleWorkerMain.main(GradleWorkerMain.java:74)
</failure>
  </testcase>
  <testcase name="arrays" classname="de.uka.ilkd.key.proof.runallproofs.RunAllProofsFunctional" time="0.953">
    <failure message="org.opentest4j.AssertionFailedError: Executed process terminated with non-zero exit value. ==&gt; expected: &lt;0&gt; but was: &lt;1&gt;" type="org.opentest4j.AssertionFailedError">org.opentest4j.AssertionFailedError: Executed process terminated with non-zero exit value. ==&gt; expected: &lt;0&gt; but was: &lt;1&gt;
	at app//org.junit.jupiter.api.AssertionUtils.fail(AssertionUtils.java:55)
	at app//org.junit.jupiter.api.AssertionUtils.failNotEqual(AssertionUtils.java:62)
	at app//org.junit.jupiter.api.AssertEquals.assertEquals(AssertEquals.java:150)
	at app//org.junit.jupiter.api.Assertions.assertEquals(Assertions.java:559)
	at app//de.uka.ilkd.key.proof.runallproofs.proofcollection.ForkedTestFileRunner.processTestFiles(ForkedTestFileRunner.java:129)
	at app//de.uka.ilkd.key.proof.runallproofs.RunAllProofsTestUnit.runTest(RunAllProofsTestUnit.java:85)
	at app//de.uka.ilkd.key.proof.runallproofs.RunAllProofsTest.lambda$data$0(RunAllProofsTest.java:83)
	at app//org.junit.jupiter.engine.descriptor.DynamicTestTestDescriptor.lambda$execute$0(DynamicTestTestDescriptor.java:53)
	at app//org.junit.jupiter.engine.execution.InvocationInterceptorChain$ValidatingInvocation.proceed(InvocationInterceptorChain.java:131)
	at app//org.junit.jupiter.api.extension.InvocationInterceptor.interceptDynamicTest(InvocationInterceptor.java:167)
	at app//org.junit.jupiter.api.extension.InvocationInterceptor.interceptDynamicTest(InvocationInterceptor.java:184)
	at app//org.junit.jupiter.engine.descriptor.DynamicTestTestDescriptor.lambda$execute$1(DynamicTestTestDescriptor.java:61)
	at app//org.junit.jupiter.engine.execution.InvocationInterceptorChain$InterceptorCall.lambda$ofVoid$0(InvocationInterceptorChain.java:78)
	at app//org.junit.jupiter.engine.execution.InvocationInterceptorChain$InterceptedInvocation.proceed(InvocationInterceptorChain.java:106)
	at app//org.junit.jupiter.engine.execution.InvocationInterceptorChain.proceed(InvocationInterceptorChain.java:64)
	at app//org.junit.jupiter.engine.execution.InvocationInterceptorChain.chainAndInvoke(InvocationInterceptorChain.java:45)
	at app//org.junit.jupiter.engine.execution.InvocationInterceptorChain.invoke(InvocationInterceptorChain.java:37)
	at app//org.junit.jupiter.engine.descriptor.DynamicTestTestDescriptor.execute(DynamicTestTestDescriptor.java:60)
	at app//org.junit.jupiter.engine.descriptor.DynamicTestTestDescriptor.execute(DynamicTestTestDescriptor.java:32)
	at app//org.junit.platform.engine.support.hierarchical.NodeTestTask.lambda$executeRecursively$6(NodeTestTask.java:151)
	at app//org.junit.platform.engine.support.hierarchical.ThrowableCollector.execute(ThrowableCollector.java:73)
	at app//org.junit.platform.engine.support.hierarchical.NodeTestTask.lambda$executeRecursively$8(NodeTestTask.java:141)
	at app//org.junit.platform.engine.support.hierarchical.Node.around(Node.java:137)
	at app//org.junit.platform.engine.support.hierarchical.NodeTestTask.lambda$executeRecursively$9(NodeTestTask.java:139)
	at app//org.junit.platform.engine.support.hierarchical.ThrowableCollector.execute(ThrowableCollector.java:73)
	at app//org.junit.platform.engine.support.hierarchical.NodeTestTask.executeRecursively(NodeTestTask.java:138)
	at app//org.junit.platform.engine.support.hierarchical.NodeTestTask.execute(NodeTestTask.java:95)
	at app//org.junit.platform.engine.support.hierarchical.SameThreadHierarchicalTestExecutorService.submit(SameThreadHierarchicalTestExecutorService.java:35)
	at app//org.junit.platform.engine.support.hierarchical.NodeTestTask$DefaultDynamicTestExecutor.execute(NodeTestTask.java:226)
	at app//org.junit.platform.engine.support.hierarchical.NodeTestTask$DefaultDynamicTestExecutor.execute(NodeTestTask.java:204)
	at java.base@11.0.18/java.util.Optional.ifPresent(Optional.java:183)
	at app//org.junit.jupiter.engine.descriptor.TestFactoryTestDescriptor.lambda$invokeTestMethod$1(TestFactoryTestDescriptor.java:108)
	at app//org.junit.platform.engine.support.hierarchical.ThrowableCollector.execute(ThrowableCollector.java:73)
	at app//org.junit.jupiter.engine.descriptor.TestFactoryTestDescriptor.invokeTestMethod(TestFactoryTestDescriptor.java:95)
	at app//org.junit.jupiter.engine.descriptor.TestMethodTestDescriptor.execute(TestMethodTestDescriptor.java:135)
	at app//org.junit.jupiter.engine.descriptor.TestMethodTestDescriptor.execute(TestMethodTestDescriptor.java:66)
	at app//org.junit.platform.engine.support.hierarchical.NodeTestTask.lambda$executeRecursively$6(NodeTestTask.java:151)
	at app//org.junit.platform.engine.support.hierarchical.ThrowableCollector.execute(ThrowableCollector.java:73)
	at app//org.junit.platform.engine.support.hierarchical.NodeTestTask.lambda$executeRecursively$8(NodeTestTask.java:141)
	at app//org.junit.platform.engine.support.hierarchical.Node.around(Node.java:137)
	at app//org.junit.platform.engine.support.hierarchical.NodeTestTask.lambda$executeRecursively$9(NodeTestTask.java:139)
	at app//org.junit.platform.engine.support.hierarchical.ThrowableCollector.execute(ThrowableCollector.java:73)
	at app//org.junit.platform.engine.support.hierarchical.NodeTestTask.executeRecursively(NodeTestTask.java:138)
	at app//org.junit.platform.engine.support.hierarchical.NodeTestTask.execute(NodeTestTask.java:95)
	at java.base@11.0.18/java.util.ArrayList.forEach(ArrayList.java:1541)
	at app//org.junit.platform.engine.support.hierarchical.SameThreadHierarchicalTestExecutorService.invokeAll(SameThreadHierarchicalTestExecutorService.java:41)
	at app//org.junit.platform.engine.support.hierarchical.NodeTestTask.lambda$executeRecursively$6(NodeTestTask.java:155)
	at app//org.junit.platform.engine.support.hierarchical.ThrowableCollector.execute(ThrowableCollector.java:73)
	at app//org.junit.platform.engine.support.hierarchical.NodeTestTask.lambda$executeRecursively$8(NodeTestTask.java:141)
	at app//org.junit.platform.engine.support.hierarchical.Node.around(Node.java:137)
	at app//org.junit.platform.engine.support.hierarchical.NodeTestTask.lambda$executeRecursively$9(NodeTestTask.java:139)
	at app//org.junit.platform.engine.support.hierarchical.ThrowableCollector.execute(ThrowableCollector.java:73)
	at app//org.junit.platform.engine.support.hierarchical.NodeTestTask.executeRecursively(NodeTestTask.java:138)
	at app//org.junit.platform.engine.support.hierarchical.NodeTestTask.execute(NodeTestTask.java:95)
	at java.base@11.0.18/java.util.ArrayList.forEach(ArrayList.java:1541)
	at app//org.junit.platform.engine.support.hierarchical.SameThreadHierarchicalTestExecutorService.invokeAll(SameThreadHierarchicalTestExecutorService.java:41)
	at app//org.junit.platform.engine.support.hierarchical.NodeTestTask.lambda$executeRecursively$6(NodeTestTask.java:155)
	at app//org.junit.platform.engine.support.hierarchical.ThrowableCollector.execute(ThrowableCollector.java:73)
	at app//org.junit.platform.engine.support.hierarchical.NodeTestTask.lambda$executeRecursively$8(NodeTestTask.java:141)
	at app//org.junit.platform.engine.support.hierarchical.Node.around(Node.java:137)
	at app//org.junit.platform.engine.support.hierarchical.NodeTestTask.lambda$executeRecursively$9(NodeTestTask.java:139)
	at app//org.junit.platform.engine.support.hierarchical.ThrowableCollector.execute(ThrowableCollector.java:73)
	at app//org.junit.platform.engine.support.hierarchical.NodeTestTask.executeRecursively(NodeTestTask.java:138)
	at app//org.junit.platform.engine.support.hierarchical.NodeTestTask.execute(NodeTestTask.java:95)
	at app//org.junit.platform.engine.support.hierarchical.SameThreadHierarchicalTestExecutorService.submit(SameThreadHierarchicalTestExecutorService.java:35)
	at app//org.junit.platform.engine.support.hierarchical.HierarchicalTestExecutor.execute(HierarchicalTestExecutor.java:57)
	at app//org.junit.platform.engine.support.hierarchical.HierarchicalTestEngine.execute(HierarchicalTestEngine.java:54)
	at org.junit.platform.launcher.core.EngineExecutionOrchestrator.execute(EngineExecutionOrchestrator.java:107)
	at org.junit.platform.launcher.core.EngineExecutionOrchestrator.execute(EngineExecutionOrchestrator.java:88)
	at org.junit.platform.launcher.core.EngineExecutionOrchestrator.lambda$execute$0(EngineExecutionOrchestrator.java:54)
	at org.junit.platform.launcher.core.EngineExecutionOrchestrator.withInterceptedStreams(EngineExecutionOrchestrator.java:67)
	at org.junit.platform.launcher.core.EngineExecutionOrchestrator.execute(EngineExecutionOrchestrator.java:52)
	at org.junit.platform.launcher.core.DefaultLauncher.execute(DefaultLauncher.java:114)
	at org.junit.platform.launcher.core.DefaultLauncher.execute(DefaultLauncher.java:86)
	at org.junit.platform.launcher.core.DefaultLauncherSession$DelegatingLauncher.execute(DefaultLauncherSession.java:86)
	at org.junit.platform.launcher.core.SessionPerRequestLauncher.execute(SessionPerRequestLauncher.java:53)
	at org.gradle.api.internal.tasks.testing.junitplatform.JUnitPlatformTestClassProcessor$CollectAllTestClassesExecutor.processAllTestClasses(JUnitPlatformTestClassProcessor.java:99)
	at org.gradle.api.internal.tasks.testing.junitplatform.JUnitPlatformTestClassProcessor$CollectAllTestClassesExecutor.access$000(JUnitPlatformTestClassProcessor.java:79)
	at org.gradle.api.internal.tasks.testing.junitplatform.JUnitPlatformTestClassProcessor.stop(JUnitPlatformTestClassProcessor.java:75)
	at org.gradle.api.internal.tasks.testing.SuiteTestClassProcessor.stop(SuiteTestClassProcessor.java:62)
	at java.base@11.0.18/jdk.internal.reflect.NativeMethodAccessorImpl.invoke0(Native Method)
	at java.base@11.0.18/jdk.internal.reflect.NativeMethodAccessorImpl.invoke(NativeMethodAccessorImpl.java:62)
	at java.base@11.0.18/jdk.internal.reflect.DelegatingMethodAccessorImpl.invoke(DelegatingMethodAccessorImpl.java:43)
	at java.base@11.0.18/java.lang.reflect.Method.invoke(Method.java:566)
	at org.gradle.internal.dispatch.ReflectionDispatch.dispatch(ReflectionDispatch.java:36)
	at org.gradle.internal.dispatch.ReflectionDispatch.dispatch(ReflectionDispatch.java:24)
	at org.gradle.internal.dispatch.ContextClassLoaderDispatch.dispatch(ContextClassLoaderDispatch.java:33)
	at org.gradle.internal.dispatch.ProxyDispatchAdapter$DispatchingInvocationHandler.invoke(ProxyDispatchAdapter.java:94)
	at com.sun.proxy.$Proxy2.stop(Unknown Source)
	at org.gradle.api.internal.tasks.testing.worker.TestWorker$3.run(TestWorker.java:193)
	at org.gradle.api.internal.tasks.testing.worker.TestWorker.executeAndMaintainThreadName(TestWorker.java:129)
	at org.gradle.api.internal.tasks.testing.worker.TestWorker.execute(TestWorker.java:100)
	at org.gradle.api.internal.tasks.testing.worker.TestWorker.execute(TestWorker.java:60)
	at org.gradle.process.internal.worker.child.ActionExecutionWorker.execute(ActionExecutionWorker.java:56)
	at org.gradle.process.internal.worker.child.SystemApplicationClassLoaderWorker.call(SystemApplicationClassLoaderWorker.java:113)
	at org.gradle.process.internal.worker.child.SystemApplicationClassLoaderWorker.call(SystemApplicationClassLoaderWorker.java:65)
	at app//worker.org.gradle.process.internal.worker.GradleWorkerMain.run(GradleWorkerMain.java:69)
	at app//worker.org.gradle.process.internal.worker.GradleWorkerMain.main(GradleWorkerMain.java:74)
</failure>
  </testcase>
  <testcase name="javadl" classname="de.uka.ilkd.key.proof.runallproofs.RunAllProofsFunctional" time="1.474">
    <failure message="org.opentest4j.AssertionFailedError: Executed process terminated with non-zero exit value. ==&gt; expected: &lt;0&gt; but was: &lt;1&gt;" type="org.opentest4j.AssertionFailedError">org.opentest4j.AssertionFailedError: Executed process terminated with non-zero exit value. ==&gt; expected: &lt;0&gt; but was: &lt;1&gt;
	at app//org.junit.jupiter.api.AssertionUtils.fail(AssertionUtils.java:55)
	at app//org.junit.jupiter.api.AssertionUtils.failNotEqual(AssertionUtils.java:62)
	at app//org.junit.jupiter.api.AssertEquals.assertEquals(AssertEquals.java:150)
	at app//org.junit.jupiter.api.Assertions.assertEquals(Assertions.java:559)
	at app//de.uka.ilkd.key.proof.runallproofs.proofcollection.ForkedTestFileRunner.processTestFiles(ForkedTestFileRunner.java:129)
	at app//de.uka.ilkd.key.proof.runallproofs.RunAllProofsTestUnit.runTest(RunAllProofsTestUnit.java:85)
	at app//de.uka.ilkd.key.proof.runallproofs.RunAllProofsTest.lambda$data$0(RunAllProofsTest.java:83)
	at app//org.junit.jupiter.engine.descriptor.DynamicTestTestDescriptor.lambda$execute$0(DynamicTestTestDescriptor.java:53)
	at app//org.junit.jupiter.engine.execution.InvocationInterceptorChain$ValidatingInvocation.proceed(InvocationInterceptorChain.java:131)
	at app//org.junit.jupiter.api.extension.InvocationInterceptor.interceptDynamicTest(InvocationInterceptor.java:167)
	at app//org.junit.jupiter.api.extension.InvocationInterceptor.interceptDynamicTest(InvocationInterceptor.java:184)
	at app//org.junit.jupiter.engine.descriptor.DynamicTestTestDescriptor.lambda$execute$1(DynamicTestTestDescriptor.java:61)
	at app//org.junit.jupiter.engine.execution.InvocationInterceptorChain$InterceptorCall.lambda$ofVoid$0(InvocationInterceptorChain.java:78)
	at app//org.junit.jupiter.engine.execution.InvocationInterceptorChain$InterceptedInvocation.proceed(InvocationInterceptorChain.java:106)
	at app//org.junit.jupiter.engine.execution.InvocationInterceptorChain.proceed(InvocationInterceptorChain.java:64)
	at app//org.junit.jupiter.engine.execution.InvocationInterceptorChain.chainAndInvoke(InvocationInterceptorChain.java:45)
	at app//org.junit.jupiter.engine.execution.InvocationInterceptorChain.invoke(InvocationInterceptorChain.java:37)
	at app//org.junit.jupiter.engine.descriptor.DynamicTestTestDescriptor.execute(DynamicTestTestDescriptor.java:60)
	at app//org.junit.jupiter.engine.descriptor.DynamicTestTestDescriptor.execute(DynamicTestTestDescriptor.java:32)
	at app//org.junit.platform.engine.support.hierarchical.NodeTestTask.lambda$executeRecursively$6(NodeTestTask.java:151)
	at app//org.junit.platform.engine.support.hierarchical.ThrowableCollector.execute(ThrowableCollector.java:73)
	at app//org.junit.platform.engine.support.hierarchical.NodeTestTask.lambda$executeRecursively$8(NodeTestTask.java:141)
	at app//org.junit.platform.engine.support.hierarchical.Node.around(Node.java:137)
	at app//org.junit.platform.engine.support.hierarchical.NodeTestTask.lambda$executeRecursively$9(NodeTestTask.java:139)
	at app//org.junit.platform.engine.support.hierarchical.ThrowableCollector.execute(ThrowableCollector.java:73)
	at app//org.junit.platform.engine.support.hierarchical.NodeTestTask.executeRecursively(NodeTestTask.java:138)
	at app//org.junit.platform.engine.support.hierarchical.NodeTestTask.execute(NodeTestTask.java:95)
	at app//org.junit.platform.engine.support.hierarchical.SameThreadHierarchicalTestExecutorService.submit(SameThreadHierarchicalTestExecutorService.java:35)
	at app//org.junit.platform.engine.support.hierarchical.NodeTestTask$DefaultDynamicTestExecutor.execute(NodeTestTask.java:226)
	at app//org.junit.platform.engine.support.hierarchical.NodeTestTask$DefaultDynamicTestExecutor.execute(NodeTestTask.java:204)
	at java.base@11.0.18/java.util.Optional.ifPresent(Optional.java:183)
	at app//org.junit.jupiter.engine.descriptor.TestFactoryTestDescriptor.lambda$invokeTestMethod$1(TestFactoryTestDescriptor.java:108)
	at app//org.junit.platform.engine.support.hierarchical.ThrowableCollector.execute(ThrowableCollector.java:73)
	at app//org.junit.jupiter.engine.descriptor.TestFactoryTestDescriptor.invokeTestMethod(TestFactoryTestDescriptor.java:95)
	at app//org.junit.jupiter.engine.descriptor.TestMethodTestDescriptor.execute(TestMethodTestDescriptor.java:135)
	at app//org.junit.jupiter.engine.descriptor.TestMethodTestDescriptor.execute(TestMethodTestDescriptor.java:66)
	at app//org.junit.platform.engine.support.hierarchical.NodeTestTask.lambda$executeRecursively$6(NodeTestTask.java:151)
	at app//org.junit.platform.engine.support.hierarchical.ThrowableCollector.execute(ThrowableCollector.java:73)
	at app//org.junit.platform.engine.support.hierarchical.NodeTestTask.lambda$executeRecursively$8(NodeTestTask.java:141)
	at app//org.junit.platform.engine.support.hierarchical.Node.around(Node.java:137)
	at app//org.junit.platform.engine.support.hierarchical.NodeTestTask.lambda$executeRecursively$9(NodeTestTask.java:139)
	at app//org.junit.platform.engine.support.hierarchical.ThrowableCollector.execute(ThrowableCollector.java:73)
	at app//org.junit.platform.engine.support.hierarchical.NodeTestTask.executeRecursively(NodeTestTask.java:138)
	at app//org.junit.platform.engine.support.hierarchical.NodeTestTask.execute(NodeTestTask.java:95)
	at java.base@11.0.18/java.util.ArrayList.forEach(ArrayList.java:1541)
	at app//org.junit.platform.engine.support.hierarchical.SameThreadHierarchicalTestExecutorService.invokeAll(SameThreadHierarchicalTestExecutorService.java:41)
	at app//org.junit.platform.engine.support.hierarchical.NodeTestTask.lambda$executeRecursively$6(NodeTestTask.java:155)
	at app//org.junit.platform.engine.support.hierarchical.ThrowableCollector.execute(ThrowableCollector.java:73)
	at app//org.junit.platform.engine.support.hierarchical.NodeTestTask.lambda$executeRecursively$8(NodeTestTask.java:141)
	at app//org.junit.platform.engine.support.hierarchical.Node.around(Node.java:137)
	at app//org.junit.platform.engine.support.hierarchical.NodeTestTask.lambda$executeRecursively$9(NodeTestTask.java:139)
	at app//org.junit.platform.engine.support.hierarchical.ThrowableCollector.execute(ThrowableCollector.java:73)
	at app//org.junit.platform.engine.support.hierarchical.NodeTestTask.executeRecursively(NodeTestTask.java:138)
	at app//org.junit.platform.engine.support.hierarchical.NodeTestTask.execute(NodeTestTask.java:95)
	at java.base@11.0.18/java.util.ArrayList.forEach(ArrayList.java:1541)
	at app//org.junit.platform.engine.support.hierarchical.SameThreadHierarchicalTestExecutorService.invokeAll(SameThreadHierarchicalTestExecutorService.java:41)
	at app//org.junit.platform.engine.support.hierarchical.NodeTestTask.lambda$executeRecursively$6(NodeTestTask.java:155)
	at app//org.junit.platform.engine.support.hierarchical.ThrowableCollector.execute(ThrowableCollector.java:73)
	at app//org.junit.platform.engine.support.hierarchical.NodeTestTask.lambda$executeRecursively$8(NodeTestTask.java:141)
	at app//org.junit.platform.engine.support.hierarchical.Node.around(Node.java:137)
	at app//org.junit.platform.engine.support.hierarchical.NodeTestTask.lambda$executeRecursively$9(NodeTestTask.java:139)
	at app//org.junit.platform.engine.support.hierarchical.ThrowableCollector.execute(ThrowableCollector.java:73)
	at app//org.junit.platform.engine.support.hierarchical.NodeTestTask.executeRecursively(NodeTestTask.java:138)
	at app//org.junit.platform.engine.support.hierarchical.NodeTestTask.execute(NodeTestTask.java:95)
	at app//org.junit.platform.engine.support.hierarchical.SameThreadHierarchicalTestExecutorService.submit(SameThreadHierarchicalTestExecutorService.java:35)
	at app//org.junit.platform.engine.support.hierarchical.HierarchicalTestExecutor.execute(HierarchicalTestExecutor.java:57)
	at app//org.junit.platform.engine.support.hierarchical.HierarchicalTestEngine.execute(HierarchicalTestEngine.java:54)
	at org.junit.platform.launcher.core.EngineExecutionOrchestrator.execute(EngineExecutionOrchestrator.java:107)
	at org.junit.platform.launcher.core.EngineExecutionOrchestrator.execute(EngineExecutionOrchestrator.java:88)
	at org.junit.platform.launcher.core.EngineExecutionOrchestrator.lambda$execute$0(EngineExecutionOrchestrator.java:54)
	at org.junit.platform.launcher.core.EngineExecutionOrchestrator.withInterceptedStreams(EngineExecutionOrchestrator.java:67)
	at org.junit.platform.launcher.core.EngineExecutionOrchestrator.execute(EngineExecutionOrchestrator.java:52)
	at org.junit.platform.launcher.core.DefaultLauncher.execute(DefaultLauncher.java:114)
	at org.junit.platform.launcher.core.DefaultLauncher.execute(DefaultLauncher.java:86)
	at org.junit.platform.launcher.core.DefaultLauncherSession$DelegatingLauncher.execute(DefaultLauncherSession.java:86)
	at org.junit.platform.launcher.core.SessionPerRequestLauncher.execute(SessionPerRequestLauncher.java:53)
	at org.gradle.api.internal.tasks.testing.junitplatform.JUnitPlatformTestClassProcessor$CollectAllTestClassesExecutor.processAllTestClasses(JUnitPlatformTestClassProcessor.java:99)
	at org.gradle.api.internal.tasks.testing.junitplatform.JUnitPlatformTestClassProcessor$CollectAllTestClassesExecutor.access$000(JUnitPlatformTestClassProcessor.java:79)
	at org.gradle.api.internal.tasks.testing.junitplatform.JUnitPlatformTestClassProcessor.stop(JUnitPlatformTestClassProcessor.java:75)
	at org.gradle.api.internal.tasks.testing.SuiteTestClassProcessor.stop(SuiteTestClassProcessor.java:62)
	at java.base@11.0.18/jdk.internal.reflect.NativeMethodAccessorImpl.invoke0(Native Method)
	at java.base@11.0.18/jdk.internal.reflect.NativeMethodAccessorImpl.invoke(NativeMethodAccessorImpl.java:62)
	at java.base@11.0.18/jdk.internal.reflect.DelegatingMethodAccessorImpl.invoke(DelegatingMethodAccessorImpl.java:43)
	at java.base@11.0.18/java.lang.reflect.Method.invoke(Method.java:566)
	at org.gradle.internal.dispatch.ReflectionDispatch.dispatch(ReflectionDispatch.java:36)
	at org.gradle.internal.dispatch.ReflectionDispatch.dispatch(ReflectionDispatch.java:24)
	at org.gradle.internal.dispatch.ContextClassLoaderDispatch.dispatch(ContextClassLoaderDispatch.java:33)
	at org.gradle.internal.dispatch.ProxyDispatchAdapter$DispatchingInvocationHandler.invoke(ProxyDispatchAdapter.java:94)
	at com.sun.proxy.$Proxy2.stop(Unknown Source)
	at org.gradle.api.internal.tasks.testing.worker.TestWorker$3.run(TestWorker.java:193)
	at org.gradle.api.internal.tasks.testing.worker.TestWorker.executeAndMaintainThreadName(TestWorker.java:129)
	at org.gradle.api.internal.tasks.testing.worker.TestWorker.execute(TestWorker.java:100)
	at org.gradle.api.internal.tasks.testing.worker.TestWorker.execute(TestWorker.java:60)
	at org.gradle.process.internal.worker.child.ActionExecutionWorker.execute(ActionExecutionWorker.java:56)
	at org.gradle.process.internal.worker.child.SystemApplicationClassLoaderWorker.call(SystemApplicationClassLoaderWorker.java:113)
	at org.gradle.process.internal.worker.child.SystemApplicationClassLoaderWorker.call(SystemApplicationClassLoaderWorker.java:65)
	at app//worker.org.gradle.process.internal.worker.GradleWorkerMain.run(GradleWorkerMain.java:69)
	at app//worker.org.gradle.process.internal.worker.GradleWorkerMain.main(GradleWorkerMain.java:74)
</failure>
  </testcase>
  <testcase name="FOL" classname="de.uka.ilkd.key.proof.runallproofs.RunAllProofsFunctional" time="1.405">
    <failure message="org.opentest4j.AssertionFailedError: Executed process terminated with non-zero exit value. ==&gt; expected: &lt;0&gt; but was: &lt;1&gt;" type="org.opentest4j.AssertionFailedError">org.opentest4j.AssertionFailedError: Executed process terminated with non-zero exit value. ==&gt; expected: &lt;0&gt; but was: &lt;1&gt;
	at app//org.junit.jupiter.api.AssertionUtils.fail(AssertionUtils.java:55)
	at app//org.junit.jupiter.api.AssertionUtils.failNotEqual(AssertionUtils.java:62)
	at app//org.junit.jupiter.api.AssertEquals.assertEquals(AssertEquals.java:150)
	at app//org.junit.jupiter.api.Assertions.assertEquals(Assertions.java:559)
	at app//de.uka.ilkd.key.proof.runallproofs.proofcollection.ForkedTestFileRunner.processTestFiles(ForkedTestFileRunner.java:129)
	at app//de.uka.ilkd.key.proof.runallproofs.RunAllProofsTestUnit.runTest(RunAllProofsTestUnit.java:85)
	at app//de.uka.ilkd.key.proof.runallproofs.RunAllProofsTest.lambda$data$0(RunAllProofsTest.java:83)
	at app//org.junit.jupiter.engine.descriptor.DynamicTestTestDescriptor.lambda$execute$0(DynamicTestTestDescriptor.java:53)
	at app//org.junit.jupiter.engine.execution.InvocationInterceptorChain$ValidatingInvocation.proceed(InvocationInterceptorChain.java:131)
	at app//org.junit.jupiter.api.extension.InvocationInterceptor.interceptDynamicTest(InvocationInterceptor.java:167)
	at app//org.junit.jupiter.api.extension.InvocationInterceptor.interceptDynamicTest(InvocationInterceptor.java:184)
	at app//org.junit.jupiter.engine.descriptor.DynamicTestTestDescriptor.lambda$execute$1(DynamicTestTestDescriptor.java:61)
	at app//org.junit.jupiter.engine.execution.InvocationInterceptorChain$InterceptorCall.lambda$ofVoid$0(InvocationInterceptorChain.java:78)
	at app//org.junit.jupiter.engine.execution.InvocationInterceptorChain$InterceptedInvocation.proceed(InvocationInterceptorChain.java:106)
	at app//org.junit.jupiter.engine.execution.InvocationInterceptorChain.proceed(InvocationInterceptorChain.java:64)
	at app//org.junit.jupiter.engine.execution.InvocationInterceptorChain.chainAndInvoke(InvocationInterceptorChain.java:45)
	at app//org.junit.jupiter.engine.execution.InvocationInterceptorChain.invoke(InvocationInterceptorChain.java:37)
	at app//org.junit.jupiter.engine.descriptor.DynamicTestTestDescriptor.execute(DynamicTestTestDescriptor.java:60)
	at app//org.junit.jupiter.engine.descriptor.DynamicTestTestDescriptor.execute(DynamicTestTestDescriptor.java:32)
	at app//org.junit.platform.engine.support.hierarchical.NodeTestTask.lambda$executeRecursively$6(NodeTestTask.java:151)
	at app//org.junit.platform.engine.support.hierarchical.ThrowableCollector.execute(ThrowableCollector.java:73)
	at app//org.junit.platform.engine.support.hierarchical.NodeTestTask.lambda$executeRecursively$8(NodeTestTask.java:141)
	at app//org.junit.platform.engine.support.hierarchical.Node.around(Node.java:137)
	at app//org.junit.platform.engine.support.hierarchical.NodeTestTask.lambda$executeRecursively$9(NodeTestTask.java:139)
	at app//org.junit.platform.engine.support.hierarchical.ThrowableCollector.execute(ThrowableCollector.java:73)
	at app//org.junit.platform.engine.support.hierarchical.NodeTestTask.executeRecursively(NodeTestTask.java:138)
	at app//org.junit.platform.engine.support.hierarchical.NodeTestTask.execute(NodeTestTask.java:95)
	at app//org.junit.platform.engine.support.hierarchical.SameThreadHierarchicalTestExecutorService.submit(SameThreadHierarchicalTestExecutorService.java:35)
	at app//org.junit.platform.engine.support.hierarchical.NodeTestTask$DefaultDynamicTestExecutor.execute(NodeTestTask.java:226)
	at app//org.junit.platform.engine.support.hierarchical.NodeTestTask$DefaultDynamicTestExecutor.execute(NodeTestTask.java:204)
	at java.base@11.0.18/java.util.Optional.ifPresent(Optional.java:183)
	at app//org.junit.jupiter.engine.descriptor.TestFactoryTestDescriptor.lambda$invokeTestMethod$1(TestFactoryTestDescriptor.java:108)
	at app//org.junit.platform.engine.support.hierarchical.ThrowableCollector.execute(ThrowableCollector.java:73)
	at app//org.junit.jupiter.engine.descriptor.TestFactoryTestDescriptor.invokeTestMethod(TestFactoryTestDescriptor.java:95)
	at app//org.junit.jupiter.engine.descriptor.TestMethodTestDescriptor.execute(TestMethodTestDescriptor.java:135)
	at app//org.junit.jupiter.engine.descriptor.TestMethodTestDescriptor.execute(TestMethodTestDescriptor.java:66)
	at app//org.junit.platform.engine.support.hierarchical.NodeTestTask.lambda$executeRecursively$6(NodeTestTask.java:151)
	at app//org.junit.platform.engine.support.hierarchical.ThrowableCollector.execute(ThrowableCollector.java:73)
	at app//org.junit.platform.engine.support.hierarchical.NodeTestTask.lambda$executeRecursively$8(NodeTestTask.java:141)
	at app//org.junit.platform.engine.support.hierarchical.Node.around(Node.java:137)
	at app//org.junit.platform.engine.support.hierarchical.NodeTestTask.lambda$executeRecursively$9(NodeTestTask.java:139)
	at app//org.junit.platform.engine.support.hierarchical.ThrowableCollector.execute(ThrowableCollector.java:73)
	at app//org.junit.platform.engine.support.hierarchical.NodeTestTask.executeRecursively(NodeTestTask.java:138)
	at app//org.junit.platform.engine.support.hierarchical.NodeTestTask.execute(NodeTestTask.java:95)
	at java.base@11.0.18/java.util.ArrayList.forEach(ArrayList.java:1541)
	at app//org.junit.platform.engine.support.hierarchical.SameThreadHierarchicalTestExecutorService.invokeAll(SameThreadHierarchicalTestExecutorService.java:41)
	at app//org.junit.platform.engine.support.hierarchical.NodeTestTask.lambda$executeRecursively$6(NodeTestTask.java:155)
	at app//org.junit.platform.engine.support.hierarchical.ThrowableCollector.execute(ThrowableCollector.java:73)
	at app//org.junit.platform.engine.support.hierarchical.NodeTestTask.lambda$executeRecursively$8(NodeTestTask.java:141)
	at app//org.junit.platform.engine.support.hierarchical.Node.around(Node.java:137)
	at app//org.junit.platform.engine.support.hierarchical.NodeTestTask.lambda$executeRecursively$9(NodeTestTask.java:139)
	at app//org.junit.platform.engine.support.hierarchical.ThrowableCollector.execute(ThrowableCollector.java:73)
	at app//org.junit.platform.engine.support.hierarchical.NodeTestTask.executeRecursively(NodeTestTask.java:138)
	at app//org.junit.platform.engine.support.hierarchical.NodeTestTask.execute(NodeTestTask.java:95)
	at java.base@11.0.18/java.util.ArrayList.forEach(ArrayList.java:1541)
	at app//org.junit.platform.engine.support.hierarchical.SameThreadHierarchicalTestExecutorService.invokeAll(SameThreadHierarchicalTestExecutorService.java:41)
	at app//org.junit.platform.engine.support.hierarchical.NodeTestTask.lambda$executeRecursively$6(NodeTestTask.java:155)
	at app//org.junit.platform.engine.support.hierarchical.ThrowableCollector.execute(ThrowableCollector.java:73)
	at app//org.junit.platform.engine.support.hierarchical.NodeTestTask.lambda$executeRecursively$8(NodeTestTask.java:141)
	at app//org.junit.platform.engine.support.hierarchical.Node.around(Node.java:137)
	at app//org.junit.platform.engine.support.hierarchical.NodeTestTask.lambda$executeRecursively$9(NodeTestTask.java:139)
	at app//org.junit.platform.engine.support.hierarchical.ThrowableCollector.execute(ThrowableCollector.java:73)
	at app//org.junit.platform.engine.support.hierarchical.NodeTestTask.executeRecursively(NodeTestTask.java:138)
	at app//org.junit.platform.engine.support.hierarchical.NodeTestTask.execute(NodeTestTask.java:95)
	at app//org.junit.platform.engine.support.hierarchical.SameThreadHierarchicalTestExecutorService.submit(SameThreadHierarchicalTestExecutorService.java:35)
	at app//org.junit.platform.engine.support.hierarchical.HierarchicalTestExecutor.execute(HierarchicalTestExecutor.java:57)
	at app//org.junit.platform.engine.support.hierarchical.HierarchicalTestEngine.execute(HierarchicalTestEngine.java:54)
	at org.junit.platform.launcher.core.EngineExecutionOrchestrator.execute(EngineExecutionOrchestrator.java:107)
	at org.junit.platform.launcher.core.EngineExecutionOrchestrator.execute(EngineExecutionOrchestrator.java:88)
	at org.junit.platform.launcher.core.EngineExecutionOrchestrator.lambda$execute$0(EngineExecutionOrchestrator.java:54)
	at org.junit.platform.launcher.core.EngineExecutionOrchestrator.withInterceptedStreams(EngineExecutionOrchestrator.java:67)
	at org.junit.platform.launcher.core.EngineExecutionOrchestrator.execute(EngineExecutionOrchestrator.java:52)
	at org.junit.platform.launcher.core.DefaultLauncher.execute(DefaultLauncher.java:114)
	at org.junit.platform.launcher.core.DefaultLauncher.execute(DefaultLauncher.java:86)
	at org.junit.platform.launcher.core.DefaultLauncherSession$DelegatingLauncher.execute(DefaultLauncherSession.java:86)
	at org.junit.platform.launcher.core.SessionPerRequestLauncher.execute(SessionPerRequestLauncher.java:53)
	at org.gradle.api.internal.tasks.testing.junitplatform.JUnitPlatformTestClassProcessor$CollectAllTestClassesExecutor.processAllTestClasses(JUnitPlatformTestClassProcessor.java:99)
	at org.gradle.api.internal.tasks.testing.junitplatform.JUnitPlatformTestClassProcessor$CollectAllTestClassesExecutor.access$000(JUnitPlatformTestClassProcessor.java:79)
	at org.gradle.api.internal.tasks.testing.junitplatform.JUnitPlatformTestClassProcessor.stop(JUnitPlatformTestClassProcessor.java:75)
	at org.gradle.api.internal.tasks.testing.SuiteTestClassProcessor.stop(SuiteTestClassProcessor.java:62)
	at java.base@11.0.18/jdk.internal.reflect.NativeMethodAccessorImpl.invoke0(Native Method)
	at java.base@11.0.18/jdk.internal.reflect.NativeMethodAccessorImpl.invoke(NativeMethodAccessorImpl.java:62)
	at java.base@11.0.18/jdk.internal.reflect.DelegatingMethodAccessorImpl.invoke(DelegatingMethodAccessorImpl.java:43)
	at java.base@11.0.18/java.lang.reflect.Method.invoke(Method.java:566)
	at org.gradle.internal.dispatch.ReflectionDispatch.dispatch(ReflectionDispatch.java:36)
	at org.gradle.internal.dispatch.ReflectionDispatch.dispatch(ReflectionDispatch.java:24)
	at org.gradle.internal.dispatch.ContextClassLoaderDispatch.dispatch(ContextClassLoaderDispatch.java:33)
	at org.gradle.internal.dispatch.ProxyDispatchAdapter$DispatchingInvocationHandler.invoke(ProxyDispatchAdapter.java:94)
	at com.sun.proxy.$Proxy2.stop(Unknown Source)
	at org.gradle.api.internal.tasks.testing.worker.TestWorker$3.run(TestWorker.java:193)
	at org.gradle.api.internal.tasks.testing.worker.TestWorker.executeAndMaintainThreadName(TestWorker.java:129)
	at org.gradle.api.internal.tasks.testing.worker.TestWorker.execute(TestWorker.java:100)
	at org.gradle.api.internal.tasks.testing.worker.TestWorker.execute(TestWorker.java:60)
	at org.gradle.process.internal.worker.child.ActionExecutionWorker.execute(ActionExecutionWorker.java:56)
	at org.gradle.process.internal.worker.child.SystemApplicationClassLoaderWorker.call(SystemApplicationClassLoaderWorker.java:113)
	at org.gradle.process.internal.worker.child.SystemApplicationClassLoaderWorker.call(SystemApplicationClassLoaderWorker.java:65)
	at app//worker.org.gradle.process.internal.worker.GradleWorkerMain.run(GradleWorkerMain.java:69)
	at app//worker.org.gradle.process.internal.worker.GradleWorkerMain.main(GradleWorkerMain.java:74)
</failure>
  </testcase>
  <testcase name="strings" classname="de.uka.ilkd.key.proof.runallproofs.RunAllProofsFunctional" time="1.163">
    <failure message="org.opentest4j.AssertionFailedError: Executed process terminated with non-zero exit value. ==&gt; expected: &lt;0&gt; but was: &lt;1&gt;" type="org.opentest4j.AssertionFailedError">org.opentest4j.AssertionFailedError: Executed process terminated with non-zero exit value. ==&gt; expected: &lt;0&gt; but was: &lt;1&gt;
	at app//org.junit.jupiter.api.AssertionUtils.fail(AssertionUtils.java:55)
	at app//org.junit.jupiter.api.AssertionUtils.failNotEqual(AssertionUtils.java:62)
	at app//org.junit.jupiter.api.AssertEquals.assertEquals(AssertEquals.java:150)
	at app//org.junit.jupiter.api.Assertions.assertEquals(Assertions.java:559)
	at app//de.uka.ilkd.key.proof.runallproofs.proofcollection.ForkedTestFileRunner.processTestFiles(ForkedTestFileRunner.java:129)
	at app//de.uka.ilkd.key.proof.runallproofs.RunAllProofsTestUnit.runTest(RunAllProofsTestUnit.java:85)
	at app//de.uka.ilkd.key.proof.runallproofs.RunAllProofsTest.lambda$data$0(RunAllProofsTest.java:83)
	at app//org.junit.jupiter.engine.descriptor.DynamicTestTestDescriptor.lambda$execute$0(DynamicTestTestDescriptor.java:53)
	at app//org.junit.jupiter.engine.execution.InvocationInterceptorChain$ValidatingInvocation.proceed(InvocationInterceptorChain.java:131)
	at app//org.junit.jupiter.api.extension.InvocationInterceptor.interceptDynamicTest(InvocationInterceptor.java:167)
	at app//org.junit.jupiter.api.extension.InvocationInterceptor.interceptDynamicTest(InvocationInterceptor.java:184)
	at app//org.junit.jupiter.engine.descriptor.DynamicTestTestDescriptor.lambda$execute$1(DynamicTestTestDescriptor.java:61)
	at app//org.junit.jupiter.engine.execution.InvocationInterceptorChain$InterceptorCall.lambda$ofVoid$0(InvocationInterceptorChain.java:78)
	at app//org.junit.jupiter.engine.execution.InvocationInterceptorChain$InterceptedInvocation.proceed(InvocationInterceptorChain.java:106)
	at app//org.junit.jupiter.engine.execution.InvocationInterceptorChain.proceed(InvocationInterceptorChain.java:64)
	at app//org.junit.jupiter.engine.execution.InvocationInterceptorChain.chainAndInvoke(InvocationInterceptorChain.java:45)
	at app//org.junit.jupiter.engine.execution.InvocationInterceptorChain.invoke(InvocationInterceptorChain.java:37)
	at app//org.junit.jupiter.engine.descriptor.DynamicTestTestDescriptor.execute(DynamicTestTestDescriptor.java:60)
	at app//org.junit.jupiter.engine.descriptor.DynamicTestTestDescriptor.execute(DynamicTestTestDescriptor.java:32)
	at app//org.junit.platform.engine.support.hierarchical.NodeTestTask.lambda$executeRecursively$6(NodeTestTask.java:151)
	at app//org.junit.platform.engine.support.hierarchical.ThrowableCollector.execute(ThrowableCollector.java:73)
	at app//org.junit.platform.engine.support.hierarchical.NodeTestTask.lambda$executeRecursively$8(NodeTestTask.java:141)
	at app//org.junit.platform.engine.support.hierarchical.Node.around(Node.java:137)
	at app//org.junit.platform.engine.support.hierarchical.NodeTestTask.lambda$executeRecursively$9(NodeTestTask.java:139)
	at app//org.junit.platform.engine.support.hierarchical.ThrowableCollector.execute(ThrowableCollector.java:73)
	at app//org.junit.platform.engine.support.hierarchical.NodeTestTask.executeRecursively(NodeTestTask.java:138)
	at app//org.junit.platform.engine.support.hierarchical.NodeTestTask.execute(NodeTestTask.java:95)
	at app//org.junit.platform.engine.support.hierarchical.SameThreadHierarchicalTestExecutorService.submit(SameThreadHierarchicalTestExecutorService.java:35)
	at app//org.junit.platform.engine.support.hierarchical.NodeTestTask$DefaultDynamicTestExecutor.execute(NodeTestTask.java:226)
	at app//org.junit.platform.engine.support.hierarchical.NodeTestTask$DefaultDynamicTestExecutor.execute(NodeTestTask.java:204)
	at java.base@11.0.18/java.util.Optional.ifPresent(Optional.java:183)
	at app//org.junit.jupiter.engine.descriptor.TestFactoryTestDescriptor.lambda$invokeTestMethod$1(TestFactoryTestDescriptor.java:108)
	at app//org.junit.platform.engine.support.hierarchical.ThrowableCollector.execute(ThrowableCollector.java:73)
	at app//org.junit.jupiter.engine.descriptor.TestFactoryTestDescriptor.invokeTestMethod(TestFactoryTestDescriptor.java:95)
	at app//org.junit.jupiter.engine.descriptor.TestMethodTestDescriptor.execute(TestMethodTestDescriptor.java:135)
	at app//org.junit.jupiter.engine.descriptor.TestMethodTestDescriptor.execute(TestMethodTestDescriptor.java:66)
	at app//org.junit.platform.engine.support.hierarchical.NodeTestTask.lambda$executeRecursively$6(NodeTestTask.java:151)
	at app//org.junit.platform.engine.support.hierarchical.ThrowableCollector.execute(ThrowableCollector.java:73)
	at app//org.junit.platform.engine.support.hierarchical.NodeTestTask.lambda$executeRecursively$8(NodeTestTask.java:141)
	at app//org.junit.platform.engine.support.hierarchical.Node.around(Node.java:137)
	at app//org.junit.platform.engine.support.hierarchical.NodeTestTask.lambda$executeRecursively$9(NodeTestTask.java:139)
	at app//org.junit.platform.engine.support.hierarchical.ThrowableCollector.execute(ThrowableCollector.java:73)
	at app//org.junit.platform.engine.support.hierarchical.NodeTestTask.executeRecursively(NodeTestTask.java:138)
	at app//org.junit.platform.engine.support.hierarchical.NodeTestTask.execute(NodeTestTask.java:95)
	at java.base@11.0.18/java.util.ArrayList.forEach(ArrayList.java:1541)
	at app//org.junit.platform.engine.support.hierarchical.SameThreadHierarchicalTestExecutorService.invokeAll(SameThreadHierarchicalTestExecutorService.java:41)
	at app//org.junit.platform.engine.support.hierarchical.NodeTestTask.lambda$executeRecursively$6(NodeTestTask.java:155)
	at app//org.junit.platform.engine.support.hierarchical.ThrowableCollector.execute(ThrowableCollector.java:73)
	at app//org.junit.platform.engine.support.hierarchical.NodeTestTask.lambda$executeRecursively$8(NodeTestTask.java:141)
	at app//org.junit.platform.engine.support.hierarchical.Node.around(Node.java:137)
	at app//org.junit.platform.engine.support.hierarchical.NodeTestTask.lambda$executeRecursively$9(NodeTestTask.java:139)
	at app//org.junit.platform.engine.support.hierarchical.ThrowableCollector.execute(ThrowableCollector.java:73)
	at app//org.junit.platform.engine.support.hierarchical.NodeTestTask.executeRecursively(NodeTestTask.java:138)
	at app//org.junit.platform.engine.support.hierarchical.NodeTestTask.execute(NodeTestTask.java:95)
	at java.base@11.0.18/java.util.ArrayList.forEach(ArrayList.java:1541)
	at app//org.junit.platform.engine.support.hierarchical.SameThreadHierarchicalTestExecutorService.invokeAll(SameThreadHierarchicalTestExecutorService.java:41)
	at app//org.junit.platform.engine.support.hierarchical.NodeTestTask.lambda$executeRecursively$6(NodeTestTask.java:155)
	at app//org.junit.platform.engine.support.hierarchical.ThrowableCollector.execute(ThrowableCollector.java:73)
	at app//org.junit.platform.engine.support.hierarchical.NodeTestTask.lambda$executeRecursively$8(NodeTestTask.java:141)
	at app//org.junit.platform.engine.support.hierarchical.Node.around(Node.java:137)
	at app//org.junit.platform.engine.support.hierarchical.NodeTestTask.lambda$executeRecursively$9(NodeTestTask.java:139)
	at app//org.junit.platform.engine.support.hierarchical.ThrowableCollector.execute(ThrowableCollector.java:73)
	at app//org.junit.platform.engine.support.hierarchical.NodeTestTask.executeRecursively(NodeTestTask.java:138)
	at app//org.junit.platform.engine.support.hierarchical.NodeTestTask.execute(NodeTestTask.java:95)
	at app//org.junit.platform.engine.support.hierarchical.SameThreadHierarchicalTestExecutorService.submit(SameThreadHierarchicalTestExecutorService.java:35)
	at app//org.junit.platform.engine.support.hierarchical.HierarchicalTestExecutor.execute(HierarchicalTestExecutor.java:57)
	at app//org.junit.platform.engine.support.hierarchical.HierarchicalTestEngine.execute(HierarchicalTestEngine.java:54)
	at org.junit.platform.launcher.core.EngineExecutionOrchestrator.execute(EngineExecutionOrchestrator.java:107)
	at org.junit.platform.launcher.core.EngineExecutionOrchestrator.execute(EngineExecutionOrchestrator.java:88)
	at org.junit.platform.launcher.core.EngineExecutionOrchestrator.lambda$execute$0(EngineExecutionOrchestrator.java:54)
	at org.junit.platform.launcher.core.EngineExecutionOrchestrator.withInterceptedStreams(EngineExecutionOrchestrator.java:67)
	at org.junit.platform.launcher.core.EngineExecutionOrchestrator.execute(EngineExecutionOrchestrator.java:52)
	at org.junit.platform.launcher.core.DefaultLauncher.execute(DefaultLauncher.java:114)
	at org.junit.platform.launcher.core.DefaultLauncher.execute(DefaultLauncher.java:86)
	at org.junit.platform.launcher.core.DefaultLauncherSession$DelegatingLauncher.execute(DefaultLauncherSession.java:86)
	at org.junit.platform.launcher.core.SessionPerRequestLauncher.execute(SessionPerRequestLauncher.java:53)
	at org.gradle.api.internal.tasks.testing.junitplatform.JUnitPlatformTestClassProcessor$CollectAllTestClassesExecutor.processAllTestClasses(JUnitPlatformTestClassProcessor.java:99)
	at org.gradle.api.internal.tasks.testing.junitplatform.JUnitPlatformTestClassProcessor$CollectAllTestClassesExecutor.access$000(JUnitPlatformTestClassProcessor.java:79)
	at org.gradle.api.internal.tasks.testing.junitplatform.JUnitPlatformTestClassProcessor.stop(JUnitPlatformTestClassProcessor.java:75)
	at org.gradle.api.internal.tasks.testing.SuiteTestClassProcessor.stop(SuiteTestClassProcessor.java:62)
	at java.base@11.0.18/jdk.internal.reflect.NativeMethodAccessorImpl.invoke0(Native Method)
	at java.base@11.0.18/jdk.internal.reflect.NativeMethodAccessorImpl.invoke(NativeMethodAccessorImpl.java:62)
	at java.base@11.0.18/jdk.internal.reflect.DelegatingMethodAccessorImpl.invoke(DelegatingMethodAccessorImpl.java:43)
	at java.base@11.0.18/java.lang.reflect.Method.invoke(Method.java:566)
	at org.gradle.internal.dispatch.ReflectionDispatch.dispatch(ReflectionDispatch.java:36)
	at org.gradle.internal.dispatch.ReflectionDispatch.dispatch(ReflectionDispatch.java:24)
	at org.gradle.internal.dispatch.ContextClassLoaderDispatch.dispatch(ContextClassLoaderDispatch.java:33)
	at org.gradle.internal.dispatch.ProxyDispatchAdapter$DispatchingInvocationHandler.invoke(ProxyDispatchAdapter.java:94)
	at com.sun.proxy.$Proxy2.stop(Unknown Source)
	at org.gradle.api.internal.tasks.testing.worker.TestWorker$3.run(TestWorker.java:193)
	at org.gradle.api.internal.tasks.testing.worker.TestWorker.executeAndMaintainThreadName(TestWorker.java:129)
	at org.gradle.api.internal.tasks.testing.worker.TestWorker.execute(TestWorker.java:100)
	at org.gradle.api.internal.tasks.testing.worker.TestWorker.execute(TestWorker.java:60)
	at org.gradle.process.internal.worker.child.ActionExecutionWorker.execute(ActionExecutionWorker.java:56)
	at org.gradle.process.internal.worker.child.SystemApplicationClassLoaderWorker.call(SystemApplicationClassLoaderWorker.java:113)
	at org.gradle.process.internal.worker.child.SystemApplicationClassLoaderWorker.call(SystemApplicationClassLoaderWorker.java:65)
	at app//worker.org.gradle.process.internal.worker.GradleWorkerMain.run(GradleWorkerMain.java:69)
	at app//worker.org.gradle.process.internal.worker.GradleWorkerMain.main(GradleWorkerMain.java:74)
</failure>
  </testcase>
  <testcase name="simple_info_flow" classname="de.uka.ilkd.key.proof.runallproofs.RunAllProofsFunctional" time="0.904">
    <failure message="org.opentest4j.AssertionFailedError: Executed process terminated with non-zero exit value. ==&gt; expected: &lt;0&gt; but was: &lt;1&gt;" type="org.opentest4j.AssertionFailedError">org.opentest4j.AssertionFailedError: Executed process terminated with non-zero exit value. ==&gt; expected: &lt;0&gt; but was: &lt;1&gt;
	at app//org.junit.jupiter.api.AssertionUtils.fail(AssertionUtils.java:55)
	at app//org.junit.jupiter.api.AssertionUtils.failNotEqual(AssertionUtils.java:62)
	at app//org.junit.jupiter.api.AssertEquals.assertEquals(AssertEquals.java:150)
	at app//org.junit.jupiter.api.Assertions.assertEquals(Assertions.java:559)
	at app//de.uka.ilkd.key.proof.runallproofs.proofcollection.ForkedTestFileRunner.processTestFiles(ForkedTestFileRunner.java:129)
	at app//de.uka.ilkd.key.proof.runallproofs.RunAllProofsTestUnit.runTest(RunAllProofsTestUnit.java:85)
	at app//de.uka.ilkd.key.proof.runallproofs.RunAllProofsTest.lambda$data$0(RunAllProofsTest.java:83)
	at app//org.junit.jupiter.engine.descriptor.DynamicTestTestDescriptor.lambda$execute$0(DynamicTestTestDescriptor.java:53)
	at app//org.junit.jupiter.engine.execution.InvocationInterceptorChain$ValidatingInvocation.proceed(InvocationInterceptorChain.java:131)
	at app//org.junit.jupiter.api.extension.InvocationInterceptor.interceptDynamicTest(InvocationInterceptor.java:167)
	at app//org.junit.jupiter.api.extension.InvocationInterceptor.interceptDynamicTest(InvocationInterceptor.java:184)
	at app//org.junit.jupiter.engine.descriptor.DynamicTestTestDescriptor.lambda$execute$1(DynamicTestTestDescriptor.java:61)
	at app//org.junit.jupiter.engine.execution.InvocationInterceptorChain$InterceptorCall.lambda$ofVoid$0(InvocationInterceptorChain.java:78)
	at app//org.junit.jupiter.engine.execution.InvocationInterceptorChain$InterceptedInvocation.proceed(InvocationInterceptorChain.java:106)
	at app//org.junit.jupiter.engine.execution.InvocationInterceptorChain.proceed(InvocationInterceptorChain.java:64)
	at app//org.junit.jupiter.engine.execution.InvocationInterceptorChain.chainAndInvoke(InvocationInterceptorChain.java:45)
	at app//org.junit.jupiter.engine.execution.InvocationInterceptorChain.invoke(InvocationInterceptorChain.java:37)
	at app//org.junit.jupiter.engine.descriptor.DynamicTestTestDescriptor.execute(DynamicTestTestDescriptor.java:60)
	at app//org.junit.jupiter.engine.descriptor.DynamicTestTestDescriptor.execute(DynamicTestTestDescriptor.java:32)
	at app//org.junit.platform.engine.support.hierarchical.NodeTestTask.lambda$executeRecursively$6(NodeTestTask.java:151)
	at app//org.junit.platform.engine.support.hierarchical.ThrowableCollector.execute(ThrowableCollector.java:73)
	at app//org.junit.platform.engine.support.hierarchical.NodeTestTask.lambda$executeRecursively$8(NodeTestTask.java:141)
	at app//org.junit.platform.engine.support.hierarchical.Node.around(Node.java:137)
	at app//org.junit.platform.engine.support.hierarchical.NodeTestTask.lambda$executeRecursively$9(NodeTestTask.java:139)
	at app//org.junit.platform.engine.support.hierarchical.ThrowableCollector.execute(ThrowableCollector.java:73)
	at app//org.junit.platform.engine.support.hierarchical.NodeTestTask.executeRecursively(NodeTestTask.java:138)
	at app//org.junit.platform.engine.support.hierarchical.NodeTestTask.execute(NodeTestTask.java:95)
	at app//org.junit.platform.engine.support.hierarchical.SameThreadHierarchicalTestExecutorService.submit(SameThreadHierarchicalTestExecutorService.java:35)
	at app//org.junit.platform.engine.support.hierarchical.NodeTestTask$DefaultDynamicTestExecutor.execute(NodeTestTask.java:226)
	at app//org.junit.platform.engine.support.hierarchical.NodeTestTask$DefaultDynamicTestExecutor.execute(NodeTestTask.java:204)
	at java.base@11.0.18/java.util.Optional.ifPresent(Optional.java:183)
	at app//org.junit.jupiter.engine.descriptor.TestFactoryTestDescriptor.lambda$invokeTestMethod$1(TestFactoryTestDescriptor.java:108)
	at app//org.junit.platform.engine.support.hierarchical.ThrowableCollector.execute(ThrowableCollector.java:73)
	at app//org.junit.jupiter.engine.descriptor.TestFactoryTestDescriptor.invokeTestMethod(TestFactoryTestDescriptor.java:95)
	at app//org.junit.jupiter.engine.descriptor.TestMethodTestDescriptor.execute(TestMethodTestDescriptor.java:135)
	at app//org.junit.jupiter.engine.descriptor.TestMethodTestDescriptor.execute(TestMethodTestDescriptor.java:66)
	at app//org.junit.platform.engine.support.hierarchical.NodeTestTask.lambda$executeRecursively$6(NodeTestTask.java:151)
	at app//org.junit.platform.engine.support.hierarchical.ThrowableCollector.execute(ThrowableCollector.java:73)
	at app//org.junit.platform.engine.support.hierarchical.NodeTestTask.lambda$executeRecursively$8(NodeTestTask.java:141)
	at app//org.junit.platform.engine.support.hierarchical.Node.around(Node.java:137)
	at app//org.junit.platform.engine.support.hierarchical.NodeTestTask.lambda$executeRecursively$9(NodeTestTask.java:139)
	at app//org.junit.platform.engine.support.hierarchical.ThrowableCollector.execute(ThrowableCollector.java:73)
	at app//org.junit.platform.engine.support.hierarchical.NodeTestTask.executeRecursively(NodeTestTask.java:138)
	at app//org.junit.platform.engine.support.hierarchical.NodeTestTask.execute(NodeTestTask.java:95)
	at java.base@11.0.18/java.util.ArrayList.forEach(ArrayList.java:1541)
	at app//org.junit.platform.engine.support.hierarchical.SameThreadHierarchicalTestExecutorService.invokeAll(SameThreadHierarchicalTestExecutorService.java:41)
	at app//org.junit.platform.engine.support.hierarchical.NodeTestTask.lambda$executeRecursively$6(NodeTestTask.java:155)
	at app//org.junit.platform.engine.support.hierarchical.ThrowableCollector.execute(ThrowableCollector.java:73)
	at app//org.junit.platform.engine.support.hierarchical.NodeTestTask.lambda$executeRecursively$8(NodeTestTask.java:141)
	at app//org.junit.platform.engine.support.hierarchical.Node.around(Node.java:137)
	at app//org.junit.platform.engine.support.hierarchical.NodeTestTask.lambda$executeRecursively$9(NodeTestTask.java:139)
	at app//org.junit.platform.engine.support.hierarchical.ThrowableCollector.execute(ThrowableCollector.java:73)
	at app//org.junit.platform.engine.support.hierarchical.NodeTestTask.executeRecursively(NodeTestTask.java:138)
	at app//org.junit.platform.engine.support.hierarchical.NodeTestTask.execute(NodeTestTask.java:95)
	at java.base@11.0.18/java.util.ArrayList.forEach(ArrayList.java:1541)
	at app//org.junit.platform.engine.support.hierarchical.SameThreadHierarchicalTestExecutorService.invokeAll(SameThreadHierarchicalTestExecutorService.java:41)
	at app//org.junit.platform.engine.support.hierarchical.NodeTestTask.lambda$executeRecursively$6(NodeTestTask.java:155)
	at app//org.junit.platform.engine.support.hierarchical.ThrowableCollector.execute(ThrowableCollector.java:73)
	at app//org.junit.platform.engine.support.hierarchical.NodeTestTask.lambda$executeRecursively$8(NodeTestTask.java:141)
	at app//org.junit.platform.engine.support.hierarchical.Node.around(Node.java:137)
	at app//org.junit.platform.engine.support.hierarchical.NodeTestTask.lambda$executeRecursively$9(NodeTestTask.java:139)
	at app//org.junit.platform.engine.support.hierarchical.ThrowableCollector.execute(ThrowableCollector.java:73)
	at app//org.junit.platform.engine.support.hierarchical.NodeTestTask.executeRecursively(NodeTestTask.java:138)
	at app//org.junit.platform.engine.support.hierarchical.NodeTestTask.execute(NodeTestTask.java:95)
	at app//org.junit.platform.engine.support.hierarchical.SameThreadHierarchicalTestExecutorService.submit(SameThreadHierarchicalTestExecutorService.java:35)
	at app//org.junit.platform.engine.support.hierarchical.HierarchicalTestExecutor.execute(HierarchicalTestExecutor.java:57)
	at app//org.junit.platform.engine.support.hierarchical.HierarchicalTestEngine.execute(HierarchicalTestEngine.java:54)
	at org.junit.platform.launcher.core.EngineExecutionOrchestrator.execute(EngineExecutionOrchestrator.java:107)
	at org.junit.platform.launcher.core.EngineExecutionOrchestrator.execute(EngineExecutionOrchestrator.java:88)
	at org.junit.platform.launcher.core.EngineExecutionOrchestrator.lambda$execute$0(EngineExecutionOrchestrator.java:54)
	at org.junit.platform.launcher.core.EngineExecutionOrchestrator.withInterceptedStreams(EngineExecutionOrchestrator.java:67)
	at org.junit.platform.launcher.core.EngineExecutionOrchestrator.execute(EngineExecutionOrchestrator.java:52)
	at org.junit.platform.launcher.core.DefaultLauncher.execute(DefaultLauncher.java:114)
	at org.junit.platform.launcher.core.DefaultLauncher.execute(DefaultLauncher.java:86)
	at org.junit.platform.launcher.core.DefaultLauncherSession$DelegatingLauncher.execute(DefaultLauncherSession.java:86)
	at org.junit.platform.launcher.core.SessionPerRequestLauncher.execute(SessionPerRequestLauncher.java:53)
	at org.gradle.api.internal.tasks.testing.junitplatform.JUnitPlatformTestClassProcessor$CollectAllTestClassesExecutor.processAllTestClasses(JUnitPlatformTestClassProcessor.java:99)
	at org.gradle.api.internal.tasks.testing.junitplatform.JUnitPlatformTestClassProcessor$CollectAllTestClassesExecutor.access$000(JUnitPlatformTestClassProcessor.java:79)
	at org.gradle.api.internal.tasks.testing.junitplatform.JUnitPlatformTestClassProcessor.stop(JUnitPlatformTestClassProcessor.java:75)
	at org.gradle.api.internal.tasks.testing.SuiteTestClassProcessor.stop(SuiteTestClassProcessor.java:62)
	at java.base@11.0.18/jdk.internal.reflect.NativeMethodAccessorImpl.invoke0(Native Method)
	at java.base@11.0.18/jdk.internal.reflect.NativeMethodAccessorImpl.invoke(NativeMethodAccessorImpl.java:62)
	at java.base@11.0.18/jdk.internal.reflect.DelegatingMethodAccessorImpl.invoke(DelegatingMethodAccessorImpl.java:43)
	at java.base@11.0.18/java.lang.reflect.Method.invoke(Method.java:566)
	at org.gradle.internal.dispatch.ReflectionDispatch.dispatch(ReflectionDispatch.java:36)
	at org.gradle.internal.dispatch.ReflectionDispatch.dispatch(ReflectionDispatch.java:24)
	at org.gradle.internal.dispatch.ContextClassLoaderDispatch.dispatch(ContextClassLoaderDispatch.java:33)
	at org.gradle.internal.dispatch.ProxyDispatchAdapter$DispatchingInvocationHandler.invoke(ProxyDispatchAdapter.java:94)
	at com.sun.proxy.$Proxy2.stop(Unknown Source)
	at org.gradle.api.internal.tasks.testing.worker.TestWorker$3.run(TestWorker.java:193)
	at org.gradle.api.internal.tasks.testing.worker.TestWorker.executeAndMaintainThreadName(TestWorker.java:129)
	at org.gradle.api.internal.tasks.testing.worker.TestWorker.execute(TestWorker.java:100)
	at org.gradle.api.internal.tasks.testing.worker.TestWorker.execute(TestWorker.java:60)
	at org.gradle.process.internal.worker.child.ActionExecutionWorker.execute(ActionExecutionWorker.java:56)
	at org.gradle.process.internal.worker.child.SystemApplicationClassLoaderWorker.call(SystemApplicationClassLoaderWorker.java:113)
	at org.gradle.process.internal.worker.child.SystemApplicationClassLoaderWorker.call(SystemApplicationClassLoaderWorker.java:65)
	at app//worker.org.gradle.process.internal.worker.GradleWorkerMain.run(GradleWorkerMain.java:69)
	at app//worker.org.gradle.process.internal.worker.GradleWorkerMain.main(GradleWorkerMain.java:74)
</failure>
  </testcase>
  <testcase name="modelMethods" classname="de.uka.ilkd.key.proof.runallproofs.RunAllProofsFunctional" time="1.218">
    <failure message="org.opentest4j.AssertionFailedError: Executed process terminated with non-zero exit value. ==&gt; expected: &lt;0&gt; but was: &lt;1&gt;" type="org.opentest4j.AssertionFailedError">org.opentest4j.AssertionFailedError: Executed process terminated with non-zero exit value. ==&gt; expected: &lt;0&gt; but was: &lt;1&gt;
	at app//org.junit.jupiter.api.AssertionUtils.fail(AssertionUtils.java:55)
	at app//org.junit.jupiter.api.AssertionUtils.failNotEqual(AssertionUtils.java:62)
	at app//org.junit.jupiter.api.AssertEquals.assertEquals(AssertEquals.java:150)
	at app//org.junit.jupiter.api.Assertions.assertEquals(Assertions.java:559)
	at app//de.uka.ilkd.key.proof.runallproofs.proofcollection.ForkedTestFileRunner.processTestFiles(ForkedTestFileRunner.java:129)
	at app//de.uka.ilkd.key.proof.runallproofs.RunAllProofsTestUnit.runTest(RunAllProofsTestUnit.java:85)
	at app//de.uka.ilkd.key.proof.runallproofs.RunAllProofsTest.lambda$data$0(RunAllProofsTest.java:83)
	at app//org.junit.jupiter.engine.descriptor.DynamicTestTestDescriptor.lambda$execute$0(DynamicTestTestDescriptor.java:53)
	at app//org.junit.jupiter.engine.execution.InvocationInterceptorChain$ValidatingInvocation.proceed(InvocationInterceptorChain.java:131)
	at app//org.junit.jupiter.api.extension.InvocationInterceptor.interceptDynamicTest(InvocationInterceptor.java:167)
	at app//org.junit.jupiter.api.extension.InvocationInterceptor.interceptDynamicTest(InvocationInterceptor.java:184)
	at app//org.junit.jupiter.engine.descriptor.DynamicTestTestDescriptor.lambda$execute$1(DynamicTestTestDescriptor.java:61)
	at app//org.junit.jupiter.engine.execution.InvocationInterceptorChain$InterceptorCall.lambda$ofVoid$0(InvocationInterceptorChain.java:78)
	at app//org.junit.jupiter.engine.execution.InvocationInterceptorChain$InterceptedInvocation.proceed(InvocationInterceptorChain.java:106)
	at app//org.junit.jupiter.engine.execution.InvocationInterceptorChain.proceed(InvocationInterceptorChain.java:64)
	at app//org.junit.jupiter.engine.execution.InvocationInterceptorChain.chainAndInvoke(InvocationInterceptorChain.java:45)
	at app//org.junit.jupiter.engine.execution.InvocationInterceptorChain.invoke(InvocationInterceptorChain.java:37)
	at app//org.junit.jupiter.engine.descriptor.DynamicTestTestDescriptor.execute(DynamicTestTestDescriptor.java:60)
	at app//org.junit.jupiter.engine.descriptor.DynamicTestTestDescriptor.execute(DynamicTestTestDescriptor.java:32)
	at app//org.junit.platform.engine.support.hierarchical.NodeTestTask.lambda$executeRecursively$6(NodeTestTask.java:151)
	at app//org.junit.platform.engine.support.hierarchical.ThrowableCollector.execute(ThrowableCollector.java:73)
	at app//org.junit.platform.engine.support.hierarchical.NodeTestTask.lambda$executeRecursively$8(NodeTestTask.java:141)
	at app//org.junit.platform.engine.support.hierarchical.Node.around(Node.java:137)
	at app//org.junit.platform.engine.support.hierarchical.NodeTestTask.lambda$executeRecursively$9(NodeTestTask.java:139)
	at app//org.junit.platform.engine.support.hierarchical.ThrowableCollector.execute(ThrowableCollector.java:73)
	at app//org.junit.platform.engine.support.hierarchical.NodeTestTask.executeRecursively(NodeTestTask.java:138)
	at app//org.junit.platform.engine.support.hierarchical.NodeTestTask.execute(NodeTestTask.java:95)
	at app//org.junit.platform.engine.support.hierarchical.SameThreadHierarchicalTestExecutorService.submit(SameThreadHierarchicalTestExecutorService.java:35)
	at app//org.junit.platform.engine.support.hierarchical.NodeTestTask$DefaultDynamicTestExecutor.execute(NodeTestTask.java:226)
	at app//org.junit.platform.engine.support.hierarchical.NodeTestTask$DefaultDynamicTestExecutor.execute(NodeTestTask.java:204)
	at java.base@11.0.18/java.util.Optional.ifPresent(Optional.java:183)
	at app//org.junit.jupiter.engine.descriptor.TestFactoryTestDescriptor.lambda$invokeTestMethod$1(TestFactoryTestDescriptor.java:108)
	at app//org.junit.platform.engine.support.hierarchical.ThrowableCollector.execute(ThrowableCollector.java:73)
	at app//org.junit.jupiter.engine.descriptor.TestFactoryTestDescriptor.invokeTestMethod(TestFactoryTestDescriptor.java:95)
	at app//org.junit.jupiter.engine.descriptor.TestMethodTestDescriptor.execute(TestMethodTestDescriptor.java:135)
	at app//org.junit.jupiter.engine.descriptor.TestMethodTestDescriptor.execute(TestMethodTestDescriptor.java:66)
	at app//org.junit.platform.engine.support.hierarchical.NodeTestTask.lambda$executeRecursively$6(NodeTestTask.java:151)
	at app//org.junit.platform.engine.support.hierarchical.ThrowableCollector.execute(ThrowableCollector.java:73)
	at app//org.junit.platform.engine.support.hierarchical.NodeTestTask.lambda$executeRecursively$8(NodeTestTask.java:141)
	at app//org.junit.platform.engine.support.hierarchical.Node.around(Node.java:137)
	at app//org.junit.platform.engine.support.hierarchical.NodeTestTask.lambda$executeRecursively$9(NodeTestTask.java:139)
	at app//org.junit.platform.engine.support.hierarchical.ThrowableCollector.execute(ThrowableCollector.java:73)
	at app//org.junit.platform.engine.support.hierarchical.NodeTestTask.executeRecursively(NodeTestTask.java:138)
	at app//org.junit.platform.engine.support.hierarchical.NodeTestTask.execute(NodeTestTask.java:95)
	at java.base@11.0.18/java.util.ArrayList.forEach(ArrayList.java:1541)
	at app//org.junit.platform.engine.support.hierarchical.SameThreadHierarchicalTestExecutorService.invokeAll(SameThreadHierarchicalTestExecutorService.java:41)
	at app//org.junit.platform.engine.support.hierarchical.NodeTestTask.lambda$executeRecursively$6(NodeTestTask.java:155)
	at app//org.junit.platform.engine.support.hierarchical.ThrowableCollector.execute(ThrowableCollector.java:73)
	at app//org.junit.platform.engine.support.hierarchical.NodeTestTask.lambda$executeRecursively$8(NodeTestTask.java:141)
	at app//org.junit.platform.engine.support.hierarchical.Node.around(Node.java:137)
	at app//org.junit.platform.engine.support.hierarchical.NodeTestTask.lambda$executeRecursively$9(NodeTestTask.java:139)
	at app//org.junit.platform.engine.support.hierarchical.ThrowableCollector.execute(ThrowableCollector.java:73)
	at app//org.junit.platform.engine.support.hierarchical.NodeTestTask.executeRecursively(NodeTestTask.java:138)
	at app//org.junit.platform.engine.support.hierarchical.NodeTestTask.execute(NodeTestTask.java:95)
	at java.base@11.0.18/java.util.ArrayList.forEach(ArrayList.java:1541)
	at app//org.junit.platform.engine.support.hierarchical.SameThreadHierarchicalTestExecutorService.invokeAll(SameThreadHierarchicalTestExecutorService.java:41)
	at app//org.junit.platform.engine.support.hierarchical.NodeTestTask.lambda$executeRecursively$6(NodeTestTask.java:155)
	at app//org.junit.platform.engine.support.hierarchical.ThrowableCollector.execute(ThrowableCollector.java:73)
	at app//org.junit.platform.engine.support.hierarchical.NodeTestTask.lambda$executeRecursively$8(NodeTestTask.java:141)
	at app//org.junit.platform.engine.support.hierarchical.Node.around(Node.java:137)
	at app//org.junit.platform.engine.support.hierarchical.NodeTestTask.lambda$executeRecursively$9(NodeTestTask.java:139)
	at app//org.junit.platform.engine.support.hierarchical.ThrowableCollector.execute(ThrowableCollector.java:73)
	at app//org.junit.platform.engine.support.hierarchical.NodeTestTask.executeRecursively(NodeTestTask.java:138)
	at app//org.junit.platform.engine.support.hierarchical.NodeTestTask.execute(NodeTestTask.java:95)
	at app//org.junit.platform.engine.support.hierarchical.SameThreadHierarchicalTestExecutorService.submit(SameThreadHierarchicalTestExecutorService.java:35)
	at app//org.junit.platform.engine.support.hierarchical.HierarchicalTestExecutor.execute(HierarchicalTestExecutor.java:57)
	at app//org.junit.platform.engine.support.hierarchical.HierarchicalTestEngine.execute(HierarchicalTestEngine.java:54)
	at org.junit.platform.launcher.core.EngineExecutionOrchestrator.execute(EngineExecutionOrchestrator.java:107)
	at org.junit.platform.launcher.core.EngineExecutionOrchestrator.execute(EngineExecutionOrchestrator.java:88)
	at org.junit.platform.launcher.core.EngineExecutionOrchestrator.lambda$execute$0(EngineExecutionOrchestrator.java:54)
	at org.junit.platform.launcher.core.EngineExecutionOrchestrator.withInterceptedStreams(EngineExecutionOrchestrator.java:67)
	at org.junit.platform.launcher.core.EngineExecutionOrchestrator.execute(EngineExecutionOrchestrator.java:52)
	at org.junit.platform.launcher.core.DefaultLauncher.execute(DefaultLauncher.java:114)
	at org.junit.platform.launcher.core.DefaultLauncher.execute(DefaultLauncher.java:86)
	at org.junit.platform.launcher.core.DefaultLauncherSession$DelegatingLauncher.execute(DefaultLauncherSession.java:86)
	at org.junit.platform.launcher.core.SessionPerRequestLauncher.execute(SessionPerRequestLauncher.java:53)
	at org.gradle.api.internal.tasks.testing.junitplatform.JUnitPlatformTestClassProcessor$CollectAllTestClassesExecutor.processAllTestClasses(JUnitPlatformTestClassProcessor.java:99)
	at org.gradle.api.internal.tasks.testing.junitplatform.JUnitPlatformTestClassProcessor$CollectAllTestClassesExecutor.access$000(JUnitPlatformTestClassProcessor.java:79)
	at org.gradle.api.internal.tasks.testing.junitplatform.JUnitPlatformTestClassProcessor.stop(JUnitPlatformTestClassProcessor.java:75)
	at org.gradle.api.internal.tasks.testing.SuiteTestClassProcessor.stop(SuiteTestClassProcessor.java:62)
	at java.base@11.0.18/jdk.internal.reflect.NativeMethodAccessorImpl.invoke0(Native Method)
	at java.base@11.0.18/jdk.internal.reflect.NativeMethodAccessorImpl.invoke(NativeMethodAccessorImpl.java:62)
	at java.base@11.0.18/jdk.internal.reflect.DelegatingMethodAccessorImpl.invoke(DelegatingMethodAccessorImpl.java:43)
	at java.base@11.0.18/java.lang.reflect.Method.invoke(Method.java:566)
	at org.gradle.internal.dispatch.ReflectionDispatch.dispatch(ReflectionDispatch.java:36)
	at org.gradle.internal.dispatch.ReflectionDispatch.dispatch(ReflectionDispatch.java:24)
	at org.gradle.internal.dispatch.ContextClassLoaderDispatch.dispatch(ContextClassLoaderDispatch.java:33)
	at org.gradle.internal.dispatch.ProxyDispatchAdapter$DispatchingInvocationHandler.invoke(ProxyDispatchAdapter.java:94)
	at com.sun.proxy.$Proxy2.stop(Unknown Source)
	at org.gradle.api.internal.tasks.testing.worker.TestWorker$3.run(TestWorker.java:193)
	at org.gradle.api.internal.tasks.testing.worker.TestWorker.executeAndMaintainThreadName(TestWorker.java:129)
	at org.gradle.api.internal.tasks.testing.worker.TestWorker.execute(TestWorker.java:100)
	at org.gradle.api.internal.tasks.testing.worker.TestWorker.execute(TestWorker.java:60)
	at org.gradle.process.internal.worker.child.ActionExecutionWorker.execute(ActionExecutionWorker.java:56)
	at org.gradle.process.internal.worker.child.SystemApplicationClassLoaderWorker.call(SystemApplicationClassLoaderWorker.java:113)
	at org.gradle.process.internal.worker.child.SystemApplicationClassLoaderWorker.call(SystemApplicationClassLoaderWorker.java:65)
	at app//worker.org.gradle.process.internal.worker.GradleWorkerMain.run(GradleWorkerMain.java:69)
	at app//worker.org.gradle.process.internal.worker.GradleWorkerMain.main(GradleWorkerMain.java:74)
</failure>
  </testcase>
  <testcase name="permissionHeap" classname="de.uka.ilkd.key.proof.runallproofs.RunAllProofsFunctional" time="1.439">
    <failure message="org.opentest4j.AssertionFailedError: Executed process terminated with non-zero exit value. ==&gt; expected: &lt;0&gt; but was: &lt;1&gt;" type="org.opentest4j.AssertionFailedError">org.opentest4j.AssertionFailedError: Executed process terminated with non-zero exit value. ==&gt; expected: &lt;0&gt; but was: &lt;1&gt;
	at app//org.junit.jupiter.api.AssertionUtils.fail(AssertionUtils.java:55)
	at app//org.junit.jupiter.api.AssertionUtils.failNotEqual(AssertionUtils.java:62)
	at app//org.junit.jupiter.api.AssertEquals.assertEquals(AssertEquals.java:150)
	at app//org.junit.jupiter.api.Assertions.assertEquals(Assertions.java:559)
	at app//de.uka.ilkd.key.proof.runallproofs.proofcollection.ForkedTestFileRunner.processTestFiles(ForkedTestFileRunner.java:129)
	at app//de.uka.ilkd.key.proof.runallproofs.RunAllProofsTestUnit.runTest(RunAllProofsTestUnit.java:85)
	at app//de.uka.ilkd.key.proof.runallproofs.RunAllProofsTest.lambda$data$0(RunAllProofsTest.java:83)
	at app//org.junit.jupiter.engine.descriptor.DynamicTestTestDescriptor.lambda$execute$0(DynamicTestTestDescriptor.java:53)
	at app//org.junit.jupiter.engine.execution.InvocationInterceptorChain$ValidatingInvocation.proceed(InvocationInterceptorChain.java:131)
	at app//org.junit.jupiter.api.extension.InvocationInterceptor.interceptDynamicTest(InvocationInterceptor.java:167)
	at app//org.junit.jupiter.api.extension.InvocationInterceptor.interceptDynamicTest(InvocationInterceptor.java:184)
	at app//org.junit.jupiter.engine.descriptor.DynamicTestTestDescriptor.lambda$execute$1(DynamicTestTestDescriptor.java:61)
	at app//org.junit.jupiter.engine.execution.InvocationInterceptorChain$InterceptorCall.lambda$ofVoid$0(InvocationInterceptorChain.java:78)
	at app//org.junit.jupiter.engine.execution.InvocationInterceptorChain$InterceptedInvocation.proceed(InvocationInterceptorChain.java:106)
	at app//org.junit.jupiter.engine.execution.InvocationInterceptorChain.proceed(InvocationInterceptorChain.java:64)
	at app//org.junit.jupiter.engine.execution.InvocationInterceptorChain.chainAndInvoke(InvocationInterceptorChain.java:45)
	at app//org.junit.jupiter.engine.execution.InvocationInterceptorChain.invoke(InvocationInterceptorChain.java:37)
	at app//org.junit.jupiter.engine.descriptor.DynamicTestTestDescriptor.execute(DynamicTestTestDescriptor.java:60)
	at app//org.junit.jupiter.engine.descriptor.DynamicTestTestDescriptor.execute(DynamicTestTestDescriptor.java:32)
	at app//org.junit.platform.engine.support.hierarchical.NodeTestTask.lambda$executeRecursively$6(NodeTestTask.java:151)
	at app//org.junit.platform.engine.support.hierarchical.ThrowableCollector.execute(ThrowableCollector.java:73)
	at app//org.junit.platform.engine.support.hierarchical.NodeTestTask.lambda$executeRecursively$8(NodeTestTask.java:141)
	at app//org.junit.platform.engine.support.hierarchical.Node.around(Node.java:137)
	at app//org.junit.platform.engine.support.hierarchical.NodeTestTask.lambda$executeRecursively$9(NodeTestTask.java:139)
	at app//org.junit.platform.engine.support.hierarchical.ThrowableCollector.execute(ThrowableCollector.java:73)
	at app//org.junit.platform.engine.support.hierarchical.NodeTestTask.executeRecursively(NodeTestTask.java:138)
	at app//org.junit.platform.engine.support.hierarchical.NodeTestTask.execute(NodeTestTask.java:95)
	at app//org.junit.platform.engine.support.hierarchical.SameThreadHierarchicalTestExecutorService.submit(SameThreadHierarchicalTestExecutorService.java:35)
	at app//org.junit.platform.engine.support.hierarchical.NodeTestTask$DefaultDynamicTestExecutor.execute(NodeTestTask.java:226)
	at app//org.junit.platform.engine.support.hierarchical.NodeTestTask$DefaultDynamicTestExecutor.execute(NodeTestTask.java:204)
	at java.base@11.0.18/java.util.Optional.ifPresent(Optional.java:183)
	at app//org.junit.jupiter.engine.descriptor.TestFactoryTestDescriptor.lambda$invokeTestMethod$1(TestFactoryTestDescriptor.java:108)
	at app//org.junit.platform.engine.support.hierarchical.ThrowableCollector.execute(ThrowableCollector.java:73)
	at app//org.junit.jupiter.engine.descriptor.TestFactoryTestDescriptor.invokeTestMethod(TestFactoryTestDescriptor.java:95)
	at app//org.junit.jupiter.engine.descriptor.TestMethodTestDescriptor.execute(TestMethodTestDescriptor.java:135)
	at app//org.junit.jupiter.engine.descriptor.TestMethodTestDescriptor.execute(TestMethodTestDescriptor.java:66)
	at app//org.junit.platform.engine.support.hierarchical.NodeTestTask.lambda$executeRecursively$6(NodeTestTask.java:151)
	at app//org.junit.platform.engine.support.hierarchical.ThrowableCollector.execute(ThrowableCollector.java:73)
	at app//org.junit.platform.engine.support.hierarchical.NodeTestTask.lambda$executeRecursively$8(NodeTestTask.java:141)
	at app//org.junit.platform.engine.support.hierarchical.Node.around(Node.java:137)
	at app//org.junit.platform.engine.support.hierarchical.NodeTestTask.lambda$executeRecursively$9(NodeTestTask.java:139)
	at app//org.junit.platform.engine.support.hierarchical.ThrowableCollector.execute(ThrowableCollector.java:73)
	at app//org.junit.platform.engine.support.hierarchical.NodeTestTask.executeRecursively(NodeTestTask.java:138)
	at app//org.junit.platform.engine.support.hierarchical.NodeTestTask.execute(NodeTestTask.java:95)
	at java.base@11.0.18/java.util.ArrayList.forEach(ArrayList.java:1541)
	at app//org.junit.platform.engine.support.hierarchical.SameThreadHierarchicalTestExecutorService.invokeAll(SameThreadHierarchicalTestExecutorService.java:41)
	at app//org.junit.platform.engine.support.hierarchical.NodeTestTask.lambda$executeRecursively$6(NodeTestTask.java:155)
	at app//org.junit.platform.engine.support.hierarchical.ThrowableCollector.execute(ThrowableCollector.java:73)
	at app//org.junit.platform.engine.support.hierarchical.NodeTestTask.lambda$executeRecursively$8(NodeTestTask.java:141)
	at app//org.junit.platform.engine.support.hierarchical.Node.around(Node.java:137)
	at app//org.junit.platform.engine.support.hierarchical.NodeTestTask.lambda$executeRecursively$9(NodeTestTask.java:139)
	at app//org.junit.platform.engine.support.hierarchical.ThrowableCollector.execute(ThrowableCollector.java:73)
	at app//org.junit.platform.engine.support.hierarchical.NodeTestTask.executeRecursively(NodeTestTask.java:138)
	at app//org.junit.platform.engine.support.hierarchical.NodeTestTask.execute(NodeTestTask.java:95)
	at java.base@11.0.18/java.util.ArrayList.forEach(ArrayList.java:1541)
	at app//org.junit.platform.engine.support.hierarchical.SameThreadHierarchicalTestExecutorService.invokeAll(SameThreadHierarchicalTestExecutorService.java:41)
	at app//org.junit.platform.engine.support.hierarchical.NodeTestTask.lambda$executeRecursively$6(NodeTestTask.java:155)
	at app//org.junit.platform.engine.support.hierarchical.ThrowableCollector.execute(ThrowableCollector.java:73)
	at app//org.junit.platform.engine.support.hierarchical.NodeTestTask.lambda$executeRecursively$8(NodeTestTask.java:141)
	at app//org.junit.platform.engine.support.hierarchical.Node.around(Node.java:137)
	at app//org.junit.platform.engine.support.hierarchical.NodeTestTask.lambda$executeRecursively$9(NodeTestTask.java:139)
	at app//org.junit.platform.engine.support.hierarchical.ThrowableCollector.execute(ThrowableCollector.java:73)
	at app//org.junit.platform.engine.support.hierarchical.NodeTestTask.executeRecursively(NodeTestTask.java:138)
	at app//org.junit.platform.engine.support.hierarchical.NodeTestTask.execute(NodeTestTask.java:95)
	at app//org.junit.platform.engine.support.hierarchical.SameThreadHierarchicalTestExecutorService.submit(SameThreadHierarchicalTestExecutorService.java:35)
	at app//org.junit.platform.engine.support.hierarchical.HierarchicalTestExecutor.execute(HierarchicalTestExecutor.java:57)
	at app//org.junit.platform.engine.support.hierarchical.HierarchicalTestEngine.execute(HierarchicalTestEngine.java:54)
	at org.junit.platform.launcher.core.EngineExecutionOrchestrator.execute(EngineExecutionOrchestrator.java:107)
	at org.junit.platform.launcher.core.EngineExecutionOrchestrator.execute(EngineExecutionOrchestrator.java:88)
	at org.junit.platform.launcher.core.EngineExecutionOrchestrator.lambda$execute$0(EngineExecutionOrchestrator.java:54)
	at org.junit.platform.launcher.core.EngineExecutionOrchestrator.withInterceptedStreams(EngineExecutionOrchestrator.java:67)
	at org.junit.platform.launcher.core.EngineExecutionOrchestrator.execute(EngineExecutionOrchestrator.java:52)
	at org.junit.platform.launcher.core.DefaultLauncher.execute(DefaultLauncher.java:114)
	at org.junit.platform.launcher.core.DefaultLauncher.execute(DefaultLauncher.java:86)
	at org.junit.platform.launcher.core.DefaultLauncherSession$DelegatingLauncher.execute(DefaultLauncherSession.java:86)
	at org.junit.platform.launcher.core.SessionPerRequestLauncher.execute(SessionPerRequestLauncher.java:53)
	at org.gradle.api.internal.tasks.testing.junitplatform.JUnitPlatformTestClassProcessor$CollectAllTestClassesExecutor.processAllTestClasses(JUnitPlatformTestClassProcessor.java:99)
	at org.gradle.api.internal.tasks.testing.junitplatform.JUnitPlatformTestClassProcessor$CollectAllTestClassesExecutor.access$000(JUnitPlatformTestClassProcessor.java:79)
	at org.gradle.api.internal.tasks.testing.junitplatform.JUnitPlatformTestClassProcessor.stop(JUnitPlatformTestClassProcessor.java:75)
	at org.gradle.api.internal.tasks.testing.SuiteTestClassProcessor.stop(SuiteTestClassProcessor.java:62)
	at java.base@11.0.18/jdk.internal.reflect.NativeMethodAccessorImpl.invoke0(Native Method)
	at java.base@11.0.18/jdk.internal.reflect.NativeMethodAccessorImpl.invoke(NativeMethodAccessorImpl.java:62)
	at java.base@11.0.18/jdk.internal.reflect.DelegatingMethodAccessorImpl.invoke(DelegatingMethodAccessorImpl.java:43)
	at java.base@11.0.18/java.lang.reflect.Method.invoke(Method.java:566)
	at org.gradle.internal.dispatch.ReflectionDispatch.dispatch(ReflectionDispatch.java:36)
	at org.gradle.internal.dispatch.ReflectionDispatch.dispatch(ReflectionDispatch.java:24)
	at org.gradle.internal.dispatch.ContextClassLoaderDispatch.dispatch(ContextClassLoaderDispatch.java:33)
	at org.gradle.internal.dispatch.ProxyDispatchAdapter$DispatchingInvocationHandler.invoke(ProxyDispatchAdapter.java:94)
	at com.sun.proxy.$Proxy2.stop(Unknown Source)
	at org.gradle.api.internal.tasks.testing.worker.TestWorker$3.run(TestWorker.java:193)
	at org.gradle.api.internal.tasks.testing.worker.TestWorker.executeAndMaintainThreadName(TestWorker.java:129)
	at org.gradle.api.internal.tasks.testing.worker.TestWorker.execute(TestWorker.java:100)
	at org.gradle.api.internal.tasks.testing.worker.TestWorker.execute(TestWorker.java:60)
	at org.gradle.process.internal.worker.child.ActionExecutionWorker.execute(ActionExecutionWorker.java:56)
	at org.gradle.process.internal.worker.child.SystemApplicationClassLoaderWorker.call(SystemApplicationClassLoaderWorker.java:113)
	at org.gradle.process.internal.worker.child.SystemApplicationClassLoaderWorker.call(SystemApplicationClassLoaderWorker.java:65)
	at app//worker.org.gradle.process.internal.worker.GradleWorkerMain.run(GradleWorkerMain.java:69)
	at app//worker.org.gradle.process.internal.worker.GradleWorkerMain.main(GradleWorkerMain.java:74)
</failure>
  </testcase>
  <testcase name="completionScopes" classname="de.uka.ilkd.key.proof.runallproofs.RunAllProofsFunctional" time="0.916">
    <failure message="org.opentest4j.AssertionFailedError: Executed process terminated with non-zero exit value. ==&gt; expected: &lt;0&gt; but was: &lt;1&gt;" type="org.opentest4j.AssertionFailedError">org.opentest4j.AssertionFailedError: Executed process terminated with non-zero exit value. ==&gt; expected: &lt;0&gt; but was: &lt;1&gt;
	at app//org.junit.jupiter.api.AssertionUtils.fail(AssertionUtils.java:55)
	at app//org.junit.jupiter.api.AssertionUtils.failNotEqual(AssertionUtils.java:62)
	at app//org.junit.jupiter.api.AssertEquals.assertEquals(AssertEquals.java:150)
	at app//org.junit.jupiter.api.Assertions.assertEquals(Assertions.java:559)
	at app//de.uka.ilkd.key.proof.runallproofs.proofcollection.ForkedTestFileRunner.processTestFiles(ForkedTestFileRunner.java:129)
	at app//de.uka.ilkd.key.proof.runallproofs.RunAllProofsTestUnit.runTest(RunAllProofsTestUnit.java:85)
	at app//de.uka.ilkd.key.proof.runallproofs.RunAllProofsTest.lambda$data$0(RunAllProofsTest.java:83)
	at app//org.junit.jupiter.engine.descriptor.DynamicTestTestDescriptor.lambda$execute$0(DynamicTestTestDescriptor.java:53)
	at app//org.junit.jupiter.engine.execution.InvocationInterceptorChain$ValidatingInvocation.proceed(InvocationInterceptorChain.java:131)
	at app//org.junit.jupiter.api.extension.InvocationInterceptor.interceptDynamicTest(InvocationInterceptor.java:167)
	at app//org.junit.jupiter.api.extension.InvocationInterceptor.interceptDynamicTest(InvocationInterceptor.java:184)
	at app//org.junit.jupiter.engine.descriptor.DynamicTestTestDescriptor.lambda$execute$1(DynamicTestTestDescriptor.java:61)
	at app//org.junit.jupiter.engine.execution.InvocationInterceptorChain$InterceptorCall.lambda$ofVoid$0(InvocationInterceptorChain.java:78)
	at app//org.junit.jupiter.engine.execution.InvocationInterceptorChain$InterceptedInvocation.proceed(InvocationInterceptorChain.java:106)
	at app//org.junit.jupiter.engine.execution.InvocationInterceptorChain.proceed(InvocationInterceptorChain.java:64)
	at app//org.junit.jupiter.engine.execution.InvocationInterceptorChain.chainAndInvoke(InvocationInterceptorChain.java:45)
	at app//org.junit.jupiter.engine.execution.InvocationInterceptorChain.invoke(InvocationInterceptorChain.java:37)
	at app//org.junit.jupiter.engine.descriptor.DynamicTestTestDescriptor.execute(DynamicTestTestDescriptor.java:60)
	at app//org.junit.jupiter.engine.descriptor.DynamicTestTestDescriptor.execute(DynamicTestTestDescriptor.java:32)
	at app//org.junit.platform.engine.support.hierarchical.NodeTestTask.lambda$executeRecursively$6(NodeTestTask.java:151)
	at app//org.junit.platform.engine.support.hierarchical.ThrowableCollector.execute(ThrowableCollector.java:73)
	at app//org.junit.platform.engine.support.hierarchical.NodeTestTask.lambda$executeRecursively$8(NodeTestTask.java:141)
	at app//org.junit.platform.engine.support.hierarchical.Node.around(Node.java:137)
	at app//org.junit.platform.engine.support.hierarchical.NodeTestTask.lambda$executeRecursively$9(NodeTestTask.java:139)
	at app//org.junit.platform.engine.support.hierarchical.ThrowableCollector.execute(ThrowableCollector.java:73)
	at app//org.junit.platform.engine.support.hierarchical.NodeTestTask.executeRecursively(NodeTestTask.java:138)
	at app//org.junit.platform.engine.support.hierarchical.NodeTestTask.execute(NodeTestTask.java:95)
	at app//org.junit.platform.engine.support.hierarchical.SameThreadHierarchicalTestExecutorService.submit(SameThreadHierarchicalTestExecutorService.java:35)
	at app//org.junit.platform.engine.support.hierarchical.NodeTestTask$DefaultDynamicTestExecutor.execute(NodeTestTask.java:226)
	at app//org.junit.platform.engine.support.hierarchical.NodeTestTask$DefaultDynamicTestExecutor.execute(NodeTestTask.java:204)
	at java.base@11.0.18/java.util.Optional.ifPresent(Optional.java:183)
	at app//org.junit.jupiter.engine.descriptor.TestFactoryTestDescriptor.lambda$invokeTestMethod$1(TestFactoryTestDescriptor.java:108)
	at app//org.junit.platform.engine.support.hierarchical.ThrowableCollector.execute(ThrowableCollector.java:73)
	at app//org.junit.jupiter.engine.descriptor.TestFactoryTestDescriptor.invokeTestMethod(TestFactoryTestDescriptor.java:95)
	at app//org.junit.jupiter.engine.descriptor.TestMethodTestDescriptor.execute(TestMethodTestDescriptor.java:135)
	at app//org.junit.jupiter.engine.descriptor.TestMethodTestDescriptor.execute(TestMethodTestDescriptor.java:66)
	at app//org.junit.platform.engine.support.hierarchical.NodeTestTask.lambda$executeRecursively$6(NodeTestTask.java:151)
	at app//org.junit.platform.engine.support.hierarchical.ThrowableCollector.execute(ThrowableCollector.java:73)
	at app//org.junit.platform.engine.support.hierarchical.NodeTestTask.lambda$executeRecursively$8(NodeTestTask.java:141)
	at app//org.junit.platform.engine.support.hierarchical.Node.around(Node.java:137)
	at app//org.junit.platform.engine.support.hierarchical.NodeTestTask.lambda$executeRecursively$9(NodeTestTask.java:139)
	at app//org.junit.platform.engine.support.hierarchical.ThrowableCollector.execute(ThrowableCollector.java:73)
	at app//org.junit.platform.engine.support.hierarchical.NodeTestTask.executeRecursively(NodeTestTask.java:138)
	at app//org.junit.platform.engine.support.hierarchical.NodeTestTask.execute(NodeTestTask.java:95)
	at java.base@11.0.18/java.util.ArrayList.forEach(ArrayList.java:1541)
	at app//org.junit.platform.engine.support.hierarchical.SameThreadHierarchicalTestExecutorService.invokeAll(SameThreadHierarchicalTestExecutorService.java:41)
	at app//org.junit.platform.engine.support.hierarchical.NodeTestTask.lambda$executeRecursively$6(NodeTestTask.java:155)
	at app//org.junit.platform.engine.support.hierarchical.ThrowableCollector.execute(ThrowableCollector.java:73)
	at app//org.junit.platform.engine.support.hierarchical.NodeTestTask.lambda$executeRecursively$8(NodeTestTask.java:141)
	at app//org.junit.platform.engine.support.hierarchical.Node.around(Node.java:137)
	at app//org.junit.platform.engine.support.hierarchical.NodeTestTask.lambda$executeRecursively$9(NodeTestTask.java:139)
	at app//org.junit.platform.engine.support.hierarchical.ThrowableCollector.execute(ThrowableCollector.java:73)
	at app//org.junit.platform.engine.support.hierarchical.NodeTestTask.executeRecursively(NodeTestTask.java:138)
	at app//org.junit.platform.engine.support.hierarchical.NodeTestTask.execute(NodeTestTask.java:95)
	at java.base@11.0.18/java.util.ArrayList.forEach(ArrayList.java:1541)
	at app//org.junit.platform.engine.support.hierarchical.SameThreadHierarchicalTestExecutorService.invokeAll(SameThreadHierarchicalTestExecutorService.java:41)
	at app//org.junit.platform.engine.support.hierarchical.NodeTestTask.lambda$executeRecursively$6(NodeTestTask.java:155)
	at app//org.junit.platform.engine.support.hierarchical.ThrowableCollector.execute(ThrowableCollector.java:73)
	at app//org.junit.platform.engine.support.hierarchical.NodeTestTask.lambda$executeRecursively$8(NodeTestTask.java:141)
	at app//org.junit.platform.engine.support.hierarchical.Node.around(Node.java:137)
	at app//org.junit.platform.engine.support.hierarchical.NodeTestTask.lambda$executeRecursively$9(NodeTestTask.java:139)
	at app//org.junit.platform.engine.support.hierarchical.ThrowableCollector.execute(ThrowableCollector.java:73)
	at app//org.junit.platform.engine.support.hierarchical.NodeTestTask.executeRecursively(NodeTestTask.java:138)
	at app//org.junit.platform.engine.support.hierarchical.NodeTestTask.execute(NodeTestTask.java:95)
	at app//org.junit.platform.engine.support.hierarchical.SameThreadHierarchicalTestExecutorService.submit(SameThreadHierarchicalTestExecutorService.java:35)
	at app//org.junit.platform.engine.support.hierarchical.HierarchicalTestExecutor.execute(HierarchicalTestExecutor.java:57)
	at app//org.junit.platform.engine.support.hierarchical.HierarchicalTestEngine.execute(HierarchicalTestEngine.java:54)
	at org.junit.platform.launcher.core.EngineExecutionOrchestrator.execute(EngineExecutionOrchestrator.java:107)
	at org.junit.platform.launcher.core.EngineExecutionOrchestrator.execute(EngineExecutionOrchestrator.java:88)
	at org.junit.platform.launcher.core.EngineExecutionOrchestrator.lambda$execute$0(EngineExecutionOrchestrator.java:54)
	at org.junit.platform.launcher.core.EngineExecutionOrchestrator.withInterceptedStreams(EngineExecutionOrchestrator.java:67)
	at org.junit.platform.launcher.core.EngineExecutionOrchestrator.execute(EngineExecutionOrchestrator.java:52)
	at org.junit.platform.launcher.core.DefaultLauncher.execute(DefaultLauncher.java:114)
	at org.junit.platform.launcher.core.DefaultLauncher.execute(DefaultLauncher.java:86)
	at org.junit.platform.launcher.core.DefaultLauncherSession$DelegatingLauncher.execute(DefaultLauncherSession.java:86)
	at org.junit.platform.launcher.core.SessionPerRequestLauncher.execute(SessionPerRequestLauncher.java:53)
	at org.gradle.api.internal.tasks.testing.junitplatform.JUnitPlatformTestClassProcessor$CollectAllTestClassesExecutor.processAllTestClasses(JUnitPlatformTestClassProcessor.java:99)
	at org.gradle.api.internal.tasks.testing.junitplatform.JUnitPlatformTestClassProcessor$CollectAllTestClassesExecutor.access$000(JUnitPlatformTestClassProcessor.java:79)
	at org.gradle.api.internal.tasks.testing.junitplatform.JUnitPlatformTestClassProcessor.stop(JUnitPlatformTestClassProcessor.java:75)
	at org.gradle.api.internal.tasks.testing.SuiteTestClassProcessor.stop(SuiteTestClassProcessor.java:62)
	at java.base@11.0.18/jdk.internal.reflect.NativeMethodAccessorImpl.invoke0(Native Method)
	at java.base@11.0.18/jdk.internal.reflect.NativeMethodAccessorImpl.invoke(NativeMethodAccessorImpl.java:62)
	at java.base@11.0.18/jdk.internal.reflect.DelegatingMethodAccessorImpl.invoke(DelegatingMethodAccessorImpl.java:43)
	at java.base@11.0.18/java.lang.reflect.Method.invoke(Method.java:566)
	at org.gradle.internal.dispatch.ReflectionDispatch.dispatch(ReflectionDispatch.java:36)
	at org.gradle.internal.dispatch.ReflectionDispatch.dispatch(ReflectionDispatch.java:24)
	at org.gradle.internal.dispatch.ContextClassLoaderDispatch.dispatch(ContextClassLoaderDispatch.java:33)
	at org.gradle.internal.dispatch.ProxyDispatchAdapter$DispatchingInvocationHandler.invoke(ProxyDispatchAdapter.java:94)
	at com.sun.proxy.$Proxy2.stop(Unknown Source)
	at org.gradle.api.internal.tasks.testing.worker.TestWorker$3.run(TestWorker.java:193)
	at org.gradle.api.internal.tasks.testing.worker.TestWorker.executeAndMaintainThreadName(TestWorker.java:129)
	at org.gradle.api.internal.tasks.testing.worker.TestWorker.execute(TestWorker.java:100)
	at org.gradle.api.internal.tasks.testing.worker.TestWorker.execute(TestWorker.java:60)
	at org.gradle.process.internal.worker.child.ActionExecutionWorker.execute(ActionExecutionWorker.java:56)
	at org.gradle.process.internal.worker.child.SystemApplicationClassLoaderWorker.call(SystemApplicationClassLoaderWorker.java:113)
	at org.gradle.process.internal.worker.child.SystemApplicationClassLoaderWorker.call(SystemApplicationClassLoaderWorker.java:65)
	at app//worker.org.gradle.process.internal.worker.GradleWorkerMain.run(GradleWorkerMain.java:69)
	at app//worker.org.gradle.process.internal.worker.GradleWorkerMain.main(GradleWorkerMain.java:74)
</failure>
  </testcase>
  <testcase name="reload_examples" classname="de.uka.ilkd.key.proof.runallproofs.RunAllProofsFunctional" time="0.942">
    <failure message="org.opentest4j.AssertionFailedError: Executed process terminated with non-zero exit value. ==&gt; expected: &lt;0&gt; but was: &lt;1&gt;" type="org.opentest4j.AssertionFailedError">org.opentest4j.AssertionFailedError: Executed process terminated with non-zero exit value. ==&gt; expected: &lt;0&gt; but was: &lt;1&gt;
	at app//org.junit.jupiter.api.AssertionUtils.fail(AssertionUtils.java:55)
	at app//org.junit.jupiter.api.AssertionUtils.failNotEqual(AssertionUtils.java:62)
	at app//org.junit.jupiter.api.AssertEquals.assertEquals(AssertEquals.java:150)
	at app//org.junit.jupiter.api.Assertions.assertEquals(Assertions.java:559)
	at app//de.uka.ilkd.key.proof.runallproofs.proofcollection.ForkedTestFileRunner.processTestFiles(ForkedTestFileRunner.java:129)
	at app//de.uka.ilkd.key.proof.runallproofs.RunAllProofsTestUnit.runTest(RunAllProofsTestUnit.java:85)
	at app//de.uka.ilkd.key.proof.runallproofs.RunAllProofsTest.lambda$data$0(RunAllProofsTest.java:83)
	at app//org.junit.jupiter.engine.descriptor.DynamicTestTestDescriptor.lambda$execute$0(DynamicTestTestDescriptor.java:53)
	at app//org.junit.jupiter.engine.execution.InvocationInterceptorChain$ValidatingInvocation.proceed(InvocationInterceptorChain.java:131)
	at app//org.junit.jupiter.api.extension.InvocationInterceptor.interceptDynamicTest(InvocationInterceptor.java:167)
	at app//org.junit.jupiter.api.extension.InvocationInterceptor.interceptDynamicTest(InvocationInterceptor.java:184)
	at app//org.junit.jupiter.engine.descriptor.DynamicTestTestDescriptor.lambda$execute$1(DynamicTestTestDescriptor.java:61)
	at app//org.junit.jupiter.engine.execution.InvocationInterceptorChain$InterceptorCall.lambda$ofVoid$0(InvocationInterceptorChain.java:78)
	at app//org.junit.jupiter.engine.execution.InvocationInterceptorChain$InterceptedInvocation.proceed(InvocationInterceptorChain.java:106)
	at app//org.junit.jupiter.engine.execution.InvocationInterceptorChain.proceed(InvocationInterceptorChain.java:64)
	at app//org.junit.jupiter.engine.execution.InvocationInterceptorChain.chainAndInvoke(InvocationInterceptorChain.java:45)
	at app//org.junit.jupiter.engine.execution.InvocationInterceptorChain.invoke(InvocationInterceptorChain.java:37)
	at app//org.junit.jupiter.engine.descriptor.DynamicTestTestDescriptor.execute(DynamicTestTestDescriptor.java:60)
	at app//org.junit.jupiter.engine.descriptor.DynamicTestTestDescriptor.execute(DynamicTestTestDescriptor.java:32)
	at app//org.junit.platform.engine.support.hierarchical.NodeTestTask.lambda$executeRecursively$6(NodeTestTask.java:151)
	at app//org.junit.platform.engine.support.hierarchical.ThrowableCollector.execute(ThrowableCollector.java:73)
	at app//org.junit.platform.engine.support.hierarchical.NodeTestTask.lambda$executeRecursively$8(NodeTestTask.java:141)
	at app//org.junit.platform.engine.support.hierarchical.Node.around(Node.java:137)
	at app//org.junit.platform.engine.support.hierarchical.NodeTestTask.lambda$executeRecursively$9(NodeTestTask.java:139)
	at app//org.junit.platform.engine.support.hierarchical.ThrowableCollector.execute(ThrowableCollector.java:73)
	at app//org.junit.platform.engine.support.hierarchical.NodeTestTask.executeRecursively(NodeTestTask.java:138)
	at app//org.junit.platform.engine.support.hierarchical.NodeTestTask.execute(NodeTestTask.java:95)
	at app//org.junit.platform.engine.support.hierarchical.SameThreadHierarchicalTestExecutorService.submit(SameThreadHierarchicalTestExecutorService.java:35)
	at app//org.junit.platform.engine.support.hierarchical.NodeTestTask$DefaultDynamicTestExecutor.execute(NodeTestTask.java:226)
	at app//org.junit.platform.engine.support.hierarchical.NodeTestTask$DefaultDynamicTestExecutor.execute(NodeTestTask.java:204)
	at java.base@11.0.18/java.util.Optional.ifPresent(Optional.java:183)
	at app//org.junit.jupiter.engine.descriptor.TestFactoryTestDescriptor.lambda$invokeTestMethod$1(TestFactoryTestDescriptor.java:108)
	at app//org.junit.platform.engine.support.hierarchical.ThrowableCollector.execute(ThrowableCollector.java:73)
	at app//org.junit.jupiter.engine.descriptor.TestFactoryTestDescriptor.invokeTestMethod(TestFactoryTestDescriptor.java:95)
	at app//org.junit.jupiter.engine.descriptor.TestMethodTestDescriptor.execute(TestMethodTestDescriptor.java:135)
	at app//org.junit.jupiter.engine.descriptor.TestMethodTestDescriptor.execute(TestMethodTestDescriptor.java:66)
	at app//org.junit.platform.engine.support.hierarchical.NodeTestTask.lambda$executeRecursively$6(NodeTestTask.java:151)
	at app//org.junit.platform.engine.support.hierarchical.ThrowableCollector.execute(ThrowableCollector.java:73)
	at app//org.junit.platform.engine.support.hierarchical.NodeTestTask.lambda$executeRecursively$8(NodeTestTask.java:141)
	at app//org.junit.platform.engine.support.hierarchical.Node.around(Node.java:137)
	at app//org.junit.platform.engine.support.hierarchical.NodeTestTask.lambda$executeRecursively$9(NodeTestTask.java:139)
	at app//org.junit.platform.engine.support.hierarchical.ThrowableCollector.execute(ThrowableCollector.java:73)
	at app//org.junit.platform.engine.support.hierarchical.NodeTestTask.executeRecursively(NodeTestTask.java:138)
	at app//org.junit.platform.engine.support.hierarchical.NodeTestTask.execute(NodeTestTask.java:95)
	at java.base@11.0.18/java.util.ArrayList.forEach(ArrayList.java:1541)
	at app//org.junit.platform.engine.support.hierarchical.SameThreadHierarchicalTestExecutorService.invokeAll(SameThreadHierarchicalTestExecutorService.java:41)
	at app//org.junit.platform.engine.support.hierarchical.NodeTestTask.lambda$executeRecursively$6(NodeTestTask.java:155)
	at app//org.junit.platform.engine.support.hierarchical.ThrowableCollector.execute(ThrowableCollector.java:73)
	at app//org.junit.platform.engine.support.hierarchical.NodeTestTask.lambda$executeRecursively$8(NodeTestTask.java:141)
	at app//org.junit.platform.engine.support.hierarchical.Node.around(Node.java:137)
	at app//org.junit.platform.engine.support.hierarchical.NodeTestTask.lambda$executeRecursively$9(NodeTestTask.java:139)
	at app//org.junit.platform.engine.support.hierarchical.ThrowableCollector.execute(ThrowableCollector.java:73)
	at app//org.junit.platform.engine.support.hierarchical.NodeTestTask.executeRecursively(NodeTestTask.java:138)
	at app//org.junit.platform.engine.support.hierarchical.NodeTestTask.execute(NodeTestTask.java:95)
	at java.base@11.0.18/java.util.ArrayList.forEach(ArrayList.java:1541)
	at app//org.junit.platform.engine.support.hierarchical.SameThreadHierarchicalTestExecutorService.invokeAll(SameThreadHierarchicalTestExecutorService.java:41)
	at app//org.junit.platform.engine.support.hierarchical.NodeTestTask.lambda$executeRecursively$6(NodeTestTask.java:155)
	at app//org.junit.platform.engine.support.hierarchical.ThrowableCollector.execute(ThrowableCollector.java:73)
	at app//org.junit.platform.engine.support.hierarchical.NodeTestTask.lambda$executeRecursively$8(NodeTestTask.java:141)
	at app//org.junit.platform.engine.support.hierarchical.Node.around(Node.java:137)
	at app//org.junit.platform.engine.support.hierarchical.NodeTestTask.lambda$executeRecursively$9(NodeTestTask.java:139)
	at app//org.junit.platform.engine.support.hierarchical.ThrowableCollector.execute(ThrowableCollector.java:73)
	at app//org.junit.platform.engine.support.hierarchical.NodeTestTask.executeRecursively(NodeTestTask.java:138)
	at app//org.junit.platform.engine.support.hierarchical.NodeTestTask.execute(NodeTestTask.java:95)
	at app//org.junit.platform.engine.support.hierarchical.SameThreadHierarchicalTestExecutorService.submit(SameThreadHierarchicalTestExecutorService.java:35)
	at app//org.junit.platform.engine.support.hierarchical.HierarchicalTestExecutor.execute(HierarchicalTestExecutor.java:57)
	at app//org.junit.platform.engine.support.hierarchical.HierarchicalTestEngine.execute(HierarchicalTestEngine.java:54)
	at org.junit.platform.launcher.core.EngineExecutionOrchestrator.execute(EngineExecutionOrchestrator.java:107)
	at org.junit.platform.launcher.core.EngineExecutionOrchestrator.execute(EngineExecutionOrchestrator.java:88)
	at org.junit.platform.launcher.core.EngineExecutionOrchestrator.lambda$execute$0(EngineExecutionOrchestrator.java:54)
	at org.junit.platform.launcher.core.EngineExecutionOrchestrator.withInterceptedStreams(EngineExecutionOrchestrator.java:67)
	at org.junit.platform.launcher.core.EngineExecutionOrchestrator.execute(EngineExecutionOrchestrator.java:52)
	at org.junit.platform.launcher.core.DefaultLauncher.execute(DefaultLauncher.java:114)
	at org.junit.platform.launcher.core.DefaultLauncher.execute(DefaultLauncher.java:86)
	at org.junit.platform.launcher.core.DefaultLauncherSession$DelegatingLauncher.execute(DefaultLauncherSession.java:86)
	at org.junit.platform.launcher.core.SessionPerRequestLauncher.execute(SessionPerRequestLauncher.java:53)
	at org.gradle.api.internal.tasks.testing.junitplatform.JUnitPlatformTestClassProcessor$CollectAllTestClassesExecutor.processAllTestClasses(JUnitPlatformTestClassProcessor.java:99)
	at org.gradle.api.internal.tasks.testing.junitplatform.JUnitPlatformTestClassProcessor$CollectAllTestClassesExecutor.access$000(JUnitPlatformTestClassProcessor.java:79)
	at org.gradle.api.internal.tasks.testing.junitplatform.JUnitPlatformTestClassProcessor.stop(JUnitPlatformTestClassProcessor.java:75)
	at org.gradle.api.internal.tasks.testing.SuiteTestClassProcessor.stop(SuiteTestClassProcessor.java:62)
	at java.base@11.0.18/jdk.internal.reflect.NativeMethodAccessorImpl.invoke0(Native Method)
	at java.base@11.0.18/jdk.internal.reflect.NativeMethodAccessorImpl.invoke(NativeMethodAccessorImpl.java:62)
	at java.base@11.0.18/jdk.internal.reflect.DelegatingMethodAccessorImpl.invoke(DelegatingMethodAccessorImpl.java:43)
	at java.base@11.0.18/java.lang.reflect.Method.invoke(Method.java:566)
	at org.gradle.internal.dispatch.ReflectionDispatch.dispatch(ReflectionDispatch.java:36)
	at org.gradle.internal.dispatch.ReflectionDispatch.dispatch(ReflectionDispatch.java:24)
	at org.gradle.internal.dispatch.ContextClassLoaderDispatch.dispatch(ContextClassLoaderDispatch.java:33)
	at org.gradle.internal.dispatch.ProxyDispatchAdapter$DispatchingInvocationHandler.invoke(ProxyDispatchAdapter.java:94)
	at com.sun.proxy.$Proxy2.stop(Unknown Source)
	at org.gradle.api.internal.tasks.testing.worker.TestWorker$3.run(TestWorker.java:193)
	at org.gradle.api.internal.tasks.testing.worker.TestWorker.executeAndMaintainThreadName(TestWorker.java:129)
	at org.gradle.api.internal.tasks.testing.worker.TestWorker.execute(TestWorker.java:100)
	at org.gradle.api.internal.tasks.testing.worker.TestWorker.execute(TestWorker.java:60)
	at org.gradle.process.internal.worker.child.ActionExecutionWorker.execute(ActionExecutionWorker.java:56)
	at org.gradle.process.internal.worker.child.SystemApplicationClassLoaderWorker.call(SystemApplicationClassLoaderWorker.java:113)
	at org.gradle.process.internal.worker.child.SystemApplicationClassLoaderWorker.call(SystemApplicationClassLoaderWorker.java:65)
	at app//worker.org.gradle.process.internal.worker.GradleWorkerMain.run(GradleWorkerMain.java:69)
	at app//worker.org.gradle.process.internal.worker.GradleWorkerMain.main(GradleWorkerMain.java:74)
</failure>
  </testcase>
  <testcase name="proofLoadRepair" classname="de.uka.ilkd.key.proof.runallproofs.RunAllProofsFunctional" time="0.901">
    <failure message="org.opentest4j.AssertionFailedError: Executed process terminated with non-zero exit value. ==&gt; expected: &lt;0&gt; but was: &lt;1&gt;" type="org.opentest4j.AssertionFailedError">org.opentest4j.AssertionFailedError: Executed process terminated with non-zero exit value. ==&gt; expected: &lt;0&gt; but was: &lt;1&gt;
	at app//org.junit.jupiter.api.AssertionUtils.fail(AssertionUtils.java:55)
	at app//org.junit.jupiter.api.AssertionUtils.failNotEqual(AssertionUtils.java:62)
	at app//org.junit.jupiter.api.AssertEquals.assertEquals(AssertEquals.java:150)
	at app//org.junit.jupiter.api.Assertions.assertEquals(Assertions.java:559)
	at app//de.uka.ilkd.key.proof.runallproofs.proofcollection.ForkedTestFileRunner.processTestFiles(ForkedTestFileRunner.java:129)
	at app//de.uka.ilkd.key.proof.runallproofs.RunAllProofsTestUnit.runTest(RunAllProofsTestUnit.java:85)
	at app//de.uka.ilkd.key.proof.runallproofs.RunAllProofsTest.lambda$data$0(RunAllProofsTest.java:83)
	at app//org.junit.jupiter.engine.descriptor.DynamicTestTestDescriptor.lambda$execute$0(DynamicTestTestDescriptor.java:53)
	at app//org.junit.jupiter.engine.execution.InvocationInterceptorChain$ValidatingInvocation.proceed(InvocationInterceptorChain.java:131)
	at app//org.junit.jupiter.api.extension.InvocationInterceptor.interceptDynamicTest(InvocationInterceptor.java:167)
	at app//org.junit.jupiter.api.extension.InvocationInterceptor.interceptDynamicTest(InvocationInterceptor.java:184)
	at app//org.junit.jupiter.engine.descriptor.DynamicTestTestDescriptor.lambda$execute$1(DynamicTestTestDescriptor.java:61)
	at app//org.junit.jupiter.engine.execution.InvocationInterceptorChain$InterceptorCall.lambda$ofVoid$0(InvocationInterceptorChain.java:78)
	at app//org.junit.jupiter.engine.execution.InvocationInterceptorChain$InterceptedInvocation.proceed(InvocationInterceptorChain.java:106)
	at app//org.junit.jupiter.engine.execution.InvocationInterceptorChain.proceed(InvocationInterceptorChain.java:64)
	at app//org.junit.jupiter.engine.execution.InvocationInterceptorChain.chainAndInvoke(InvocationInterceptorChain.java:45)
	at app//org.junit.jupiter.engine.execution.InvocationInterceptorChain.invoke(InvocationInterceptorChain.java:37)
	at app//org.junit.jupiter.engine.descriptor.DynamicTestTestDescriptor.execute(DynamicTestTestDescriptor.java:60)
	at app//org.junit.jupiter.engine.descriptor.DynamicTestTestDescriptor.execute(DynamicTestTestDescriptor.java:32)
	at app//org.junit.platform.engine.support.hierarchical.NodeTestTask.lambda$executeRecursively$6(NodeTestTask.java:151)
	at app//org.junit.platform.engine.support.hierarchical.ThrowableCollector.execute(ThrowableCollector.java:73)
	at app//org.junit.platform.engine.support.hierarchical.NodeTestTask.lambda$executeRecursively$8(NodeTestTask.java:141)
	at app//org.junit.platform.engine.support.hierarchical.Node.around(Node.java:137)
	at app//org.junit.platform.engine.support.hierarchical.NodeTestTask.lambda$executeRecursively$9(NodeTestTask.java:139)
	at app//org.junit.platform.engine.support.hierarchical.ThrowableCollector.execute(ThrowableCollector.java:73)
	at app//org.junit.platform.engine.support.hierarchical.NodeTestTask.executeRecursively(NodeTestTask.java:138)
	at app//org.junit.platform.engine.support.hierarchical.NodeTestTask.execute(NodeTestTask.java:95)
	at app//org.junit.platform.engine.support.hierarchical.SameThreadHierarchicalTestExecutorService.submit(SameThreadHierarchicalTestExecutorService.java:35)
	at app//org.junit.platform.engine.support.hierarchical.NodeTestTask$DefaultDynamicTestExecutor.execute(NodeTestTask.java:226)
	at app//org.junit.platform.engine.support.hierarchical.NodeTestTask$DefaultDynamicTestExecutor.execute(NodeTestTask.java:204)
	at java.base@11.0.18/java.util.Optional.ifPresent(Optional.java:183)
	at app//org.junit.jupiter.engine.descriptor.TestFactoryTestDescriptor.lambda$invokeTestMethod$1(TestFactoryTestDescriptor.java:108)
	at app//org.junit.platform.engine.support.hierarchical.ThrowableCollector.execute(ThrowableCollector.java:73)
	at app//org.junit.jupiter.engine.descriptor.TestFactoryTestDescriptor.invokeTestMethod(TestFactoryTestDescriptor.java:95)
	at app//org.junit.jupiter.engine.descriptor.TestMethodTestDescriptor.execute(TestMethodTestDescriptor.java:135)
	at app//org.junit.jupiter.engine.descriptor.TestMethodTestDescriptor.execute(TestMethodTestDescriptor.java:66)
	at app//org.junit.platform.engine.support.hierarchical.NodeTestTask.lambda$executeRecursively$6(NodeTestTask.java:151)
	at app//org.junit.platform.engine.support.hierarchical.ThrowableCollector.execute(ThrowableCollector.java:73)
	at app//org.junit.platform.engine.support.hierarchical.NodeTestTask.lambda$executeRecursively$8(NodeTestTask.java:141)
	at app//org.junit.platform.engine.support.hierarchical.Node.around(Node.java:137)
	at app//org.junit.platform.engine.support.hierarchical.NodeTestTask.lambda$executeRecursively$9(NodeTestTask.java:139)
	at app//org.junit.platform.engine.support.hierarchical.ThrowableCollector.execute(ThrowableCollector.java:73)
	at app//org.junit.platform.engine.support.hierarchical.NodeTestTask.executeRecursively(NodeTestTask.java:138)
	at app//org.junit.platform.engine.support.hierarchical.NodeTestTask.execute(NodeTestTask.java:95)
	at java.base@11.0.18/java.util.ArrayList.forEach(ArrayList.java:1541)
	at app//org.junit.platform.engine.support.hierarchical.SameThreadHierarchicalTestExecutorService.invokeAll(SameThreadHierarchicalTestExecutorService.java:41)
	at app//org.junit.platform.engine.support.hierarchical.NodeTestTask.lambda$executeRecursively$6(NodeTestTask.java:155)
	at app//org.junit.platform.engine.support.hierarchical.ThrowableCollector.execute(ThrowableCollector.java:73)
	at app//org.junit.platform.engine.support.hierarchical.NodeTestTask.lambda$executeRecursively$8(NodeTestTask.java:141)
	at app//org.junit.platform.engine.support.hierarchical.Node.around(Node.java:137)
	at app//org.junit.platform.engine.support.hierarchical.NodeTestTask.lambda$executeRecursively$9(NodeTestTask.java:139)
	at app//org.junit.platform.engine.support.hierarchical.ThrowableCollector.execute(ThrowableCollector.java:73)
	at app//org.junit.platform.engine.support.hierarchical.NodeTestTask.executeRecursively(NodeTestTask.java:138)
	at app//org.junit.platform.engine.support.hierarchical.NodeTestTask.execute(NodeTestTask.java:95)
	at java.base@11.0.18/java.util.ArrayList.forEach(ArrayList.java:1541)
	at app//org.junit.platform.engine.support.hierarchical.SameThreadHierarchicalTestExecutorService.invokeAll(SameThreadHierarchicalTestExecutorService.java:41)
	at app//org.junit.platform.engine.support.hierarchical.NodeTestTask.lambda$executeRecursively$6(NodeTestTask.java:155)
	at app//org.junit.platform.engine.support.hierarchical.ThrowableCollector.execute(ThrowableCollector.java:73)
	at app//org.junit.platform.engine.support.hierarchical.NodeTestTask.lambda$executeRecursively$8(NodeTestTask.java:141)
	at app//org.junit.platform.engine.support.hierarchical.Node.around(Node.java:137)
	at app//org.junit.platform.engine.support.hierarchical.NodeTestTask.lambda$executeRecursively$9(NodeTestTask.java:139)
	at app//org.junit.platform.engine.support.hierarchical.ThrowableCollector.execute(ThrowableCollector.java:73)
	at app//org.junit.platform.engine.support.hierarchical.NodeTestTask.executeRecursively(NodeTestTask.java:138)
	at app//org.junit.platform.engine.support.hierarchical.NodeTestTask.execute(NodeTestTask.java:95)
	at app//org.junit.platform.engine.support.hierarchical.SameThreadHierarchicalTestExecutorService.submit(SameThreadHierarchicalTestExecutorService.java:35)
	at app//org.junit.platform.engine.support.hierarchical.HierarchicalTestExecutor.execute(HierarchicalTestExecutor.java:57)
	at app//org.junit.platform.engine.support.hierarchical.HierarchicalTestEngine.execute(HierarchicalTestEngine.java:54)
	at org.junit.platform.launcher.core.EngineExecutionOrchestrator.execute(EngineExecutionOrchestrator.java:107)
	at org.junit.platform.launcher.core.EngineExecutionOrchestrator.execute(EngineExecutionOrchestrator.java:88)
	at org.junit.platform.launcher.core.EngineExecutionOrchestrator.lambda$execute$0(EngineExecutionOrchestrator.java:54)
	at org.junit.platform.launcher.core.EngineExecutionOrchestrator.withInterceptedStreams(EngineExecutionOrchestrator.java:67)
	at org.junit.platform.launcher.core.EngineExecutionOrchestrator.execute(EngineExecutionOrchestrator.java:52)
	at org.junit.platform.launcher.core.DefaultLauncher.execute(DefaultLauncher.java:114)
	at org.junit.platform.launcher.core.DefaultLauncher.execute(DefaultLauncher.java:86)
	at org.junit.platform.launcher.core.DefaultLauncherSession$DelegatingLauncher.execute(DefaultLauncherSession.java:86)
	at org.junit.platform.launcher.core.SessionPerRequestLauncher.execute(SessionPerRequestLauncher.java:53)
	at org.gradle.api.internal.tasks.testing.junitplatform.JUnitPlatformTestClassProcessor$CollectAllTestClassesExecutor.processAllTestClasses(JUnitPlatformTestClassProcessor.java:99)
	at org.gradle.api.internal.tasks.testing.junitplatform.JUnitPlatformTestClassProcessor$CollectAllTestClassesExecutor.access$000(JUnitPlatformTestClassProcessor.java:79)
	at org.gradle.api.internal.tasks.testing.junitplatform.JUnitPlatformTestClassProcessor.stop(JUnitPlatformTestClassProcessor.java:75)
	at org.gradle.api.internal.tasks.testing.SuiteTestClassProcessor.stop(SuiteTestClassProcessor.java:62)
	at java.base@11.0.18/jdk.internal.reflect.NativeMethodAccessorImpl.invoke0(Native Method)
	at java.base@11.0.18/jdk.internal.reflect.NativeMethodAccessorImpl.invoke(NativeMethodAccessorImpl.java:62)
	at java.base@11.0.18/jdk.internal.reflect.DelegatingMethodAccessorImpl.invoke(DelegatingMethodAccessorImpl.java:43)
	at java.base@11.0.18/java.lang.reflect.Method.invoke(Method.java:566)
	at org.gradle.internal.dispatch.ReflectionDispatch.dispatch(ReflectionDispatch.java:36)
	at org.gradle.internal.dispatch.ReflectionDispatch.dispatch(ReflectionDispatch.java:24)
	at org.gradle.internal.dispatch.ContextClassLoaderDispatch.dispatch(ContextClassLoaderDispatch.java:33)
	at org.gradle.internal.dispatch.ProxyDispatchAdapter$DispatchingInvocationHandler.invoke(ProxyDispatchAdapter.java:94)
	at com.sun.proxy.$Proxy2.stop(Unknown Source)
	at org.gradle.api.internal.tasks.testing.worker.TestWorker$3.run(TestWorker.java:193)
	at org.gradle.api.internal.tasks.testing.worker.TestWorker.executeAndMaintainThreadName(TestWorker.java:129)
	at org.gradle.api.internal.tasks.testing.worker.TestWorker.execute(TestWorker.java:100)
	at org.gradle.api.internal.tasks.testing.worker.TestWorker.execute(TestWorker.java:60)
	at org.gradle.process.internal.worker.child.ActionExecutionWorker.execute(ActionExecutionWorker.java:56)
	at org.gradle.process.internal.worker.child.SystemApplicationClassLoaderWorker.call(SystemApplicationClassLoaderWorker.java:113)
	at org.gradle.process.internal.worker.child.SystemApplicationClassLoaderWorker.call(SystemApplicationClassLoaderWorker.java:65)
	at app//worker.org.gradle.process.internal.worker.GradleWorkerMain.run(GradleWorkerMain.java:69)
	at app//worker.org.gradle.process.internal.worker.GradleWorkerMain.main(GradleWorkerMain.java:74)
</failure>
  </testcase>
  <testcase name="switch" classname="de.uka.ilkd.key.proof.runallproofs.RunAllProofsFunctional" time="0.974">
    <failure message="org.opentest4j.AssertionFailedError: Executed process terminated with non-zero exit value. ==&gt; expected: &lt;0&gt; but was: &lt;1&gt;" type="org.opentest4j.AssertionFailedError">org.opentest4j.AssertionFailedError: Executed process terminated with non-zero exit value. ==&gt; expected: &lt;0&gt; but was: &lt;1&gt;
	at app//org.junit.jupiter.api.AssertionUtils.fail(AssertionUtils.java:55)
	at app//org.junit.jupiter.api.AssertionUtils.failNotEqual(AssertionUtils.java:62)
	at app//org.junit.jupiter.api.AssertEquals.assertEquals(AssertEquals.java:150)
	at app//org.junit.jupiter.api.Assertions.assertEquals(Assertions.java:559)
	at app//de.uka.ilkd.key.proof.runallproofs.proofcollection.ForkedTestFileRunner.processTestFiles(ForkedTestFileRunner.java:129)
	at app//de.uka.ilkd.key.proof.runallproofs.RunAllProofsTestUnit.runTest(RunAllProofsTestUnit.java:85)
	at app//de.uka.ilkd.key.proof.runallproofs.RunAllProofsTest.lambda$data$0(RunAllProofsTest.java:83)
	at app//org.junit.jupiter.engine.descriptor.DynamicTestTestDescriptor.lambda$execute$0(DynamicTestTestDescriptor.java:53)
	at app//org.junit.jupiter.engine.execution.InvocationInterceptorChain$ValidatingInvocation.proceed(InvocationInterceptorChain.java:131)
	at app//org.junit.jupiter.api.extension.InvocationInterceptor.interceptDynamicTest(InvocationInterceptor.java:167)
	at app//org.junit.jupiter.api.extension.InvocationInterceptor.interceptDynamicTest(InvocationInterceptor.java:184)
	at app//org.junit.jupiter.engine.descriptor.DynamicTestTestDescriptor.lambda$execute$1(DynamicTestTestDescriptor.java:61)
	at app//org.junit.jupiter.engine.execution.InvocationInterceptorChain$InterceptorCall.lambda$ofVoid$0(InvocationInterceptorChain.java:78)
	at app//org.junit.jupiter.engine.execution.InvocationInterceptorChain$InterceptedInvocation.proceed(InvocationInterceptorChain.java:106)
	at app//org.junit.jupiter.engine.execution.InvocationInterceptorChain.proceed(InvocationInterceptorChain.java:64)
	at app//org.junit.jupiter.engine.execution.InvocationInterceptorChain.chainAndInvoke(InvocationInterceptorChain.java:45)
	at app//org.junit.jupiter.engine.execution.InvocationInterceptorChain.invoke(InvocationInterceptorChain.java:37)
	at app//org.junit.jupiter.engine.descriptor.DynamicTestTestDescriptor.execute(DynamicTestTestDescriptor.java:60)
	at app//org.junit.jupiter.engine.descriptor.DynamicTestTestDescriptor.execute(DynamicTestTestDescriptor.java:32)
	at app//org.junit.platform.engine.support.hierarchical.NodeTestTask.lambda$executeRecursively$6(NodeTestTask.java:151)
	at app//org.junit.platform.engine.support.hierarchical.ThrowableCollector.execute(ThrowableCollector.java:73)
	at app//org.junit.platform.engine.support.hierarchical.NodeTestTask.lambda$executeRecursively$8(NodeTestTask.java:141)
	at app//org.junit.platform.engine.support.hierarchical.Node.around(Node.java:137)
	at app//org.junit.platform.engine.support.hierarchical.NodeTestTask.lambda$executeRecursively$9(NodeTestTask.java:139)
	at app//org.junit.platform.engine.support.hierarchical.ThrowableCollector.execute(ThrowableCollector.java:73)
	at app//org.junit.platform.engine.support.hierarchical.NodeTestTask.executeRecursively(NodeTestTask.java:138)
	at app//org.junit.platform.engine.support.hierarchical.NodeTestTask.execute(NodeTestTask.java:95)
	at app//org.junit.platform.engine.support.hierarchical.SameThreadHierarchicalTestExecutorService.submit(SameThreadHierarchicalTestExecutorService.java:35)
	at app//org.junit.platform.engine.support.hierarchical.NodeTestTask$DefaultDynamicTestExecutor.execute(NodeTestTask.java:226)
	at app//org.junit.platform.engine.support.hierarchical.NodeTestTask$DefaultDynamicTestExecutor.execute(NodeTestTask.java:204)
	at java.base@11.0.18/java.util.Optional.ifPresent(Optional.java:183)
	at app//org.junit.jupiter.engine.descriptor.TestFactoryTestDescriptor.lambda$invokeTestMethod$1(TestFactoryTestDescriptor.java:108)
	at app//org.junit.platform.engine.support.hierarchical.ThrowableCollector.execute(ThrowableCollector.java:73)
	at app//org.junit.jupiter.engine.descriptor.TestFactoryTestDescriptor.invokeTestMethod(TestFactoryTestDescriptor.java:95)
	at app//org.junit.jupiter.engine.descriptor.TestMethodTestDescriptor.execute(TestMethodTestDescriptor.java:135)
	at app//org.junit.jupiter.engine.descriptor.TestMethodTestDescriptor.execute(TestMethodTestDescriptor.java:66)
	at app//org.junit.platform.engine.support.hierarchical.NodeTestTask.lambda$executeRecursively$6(NodeTestTask.java:151)
	at app//org.junit.platform.engine.support.hierarchical.ThrowableCollector.execute(ThrowableCollector.java:73)
	at app//org.junit.platform.engine.support.hierarchical.NodeTestTask.lambda$executeRecursively$8(NodeTestTask.java:141)
	at app//org.junit.platform.engine.support.hierarchical.Node.around(Node.java:137)
	at app//org.junit.platform.engine.support.hierarchical.NodeTestTask.lambda$executeRecursively$9(NodeTestTask.java:139)
	at app//org.junit.platform.engine.support.hierarchical.ThrowableCollector.execute(ThrowableCollector.java:73)
	at app//org.junit.platform.engine.support.hierarchical.NodeTestTask.executeRecursively(NodeTestTask.java:138)
	at app//org.junit.platform.engine.support.hierarchical.NodeTestTask.execute(NodeTestTask.java:95)
	at java.base@11.0.18/java.util.ArrayList.forEach(ArrayList.java:1541)
	at app//org.junit.platform.engine.support.hierarchical.SameThreadHierarchicalTestExecutorService.invokeAll(SameThreadHierarchicalTestExecutorService.java:41)
	at app//org.junit.platform.engine.support.hierarchical.NodeTestTask.lambda$executeRecursively$6(NodeTestTask.java:155)
	at app//org.junit.platform.engine.support.hierarchical.ThrowableCollector.execute(ThrowableCollector.java:73)
	at app//org.junit.platform.engine.support.hierarchical.NodeTestTask.lambda$executeRecursively$8(NodeTestTask.java:141)
	at app//org.junit.platform.engine.support.hierarchical.Node.around(Node.java:137)
	at app//org.junit.platform.engine.support.hierarchical.NodeTestTask.lambda$executeRecursively$9(NodeTestTask.java:139)
	at app//org.junit.platform.engine.support.hierarchical.ThrowableCollector.execute(ThrowableCollector.java:73)
	at app//org.junit.platform.engine.support.hierarchical.NodeTestTask.executeRecursively(NodeTestTask.java:138)
	at app//org.junit.platform.engine.support.hierarchical.NodeTestTask.execute(NodeTestTask.java:95)
	at java.base@11.0.18/java.util.ArrayList.forEach(ArrayList.java:1541)
	at app//org.junit.platform.engine.support.hierarchical.SameThreadHierarchicalTestExecutorService.invokeAll(SameThreadHierarchicalTestExecutorService.java:41)
	at app//org.junit.platform.engine.support.hierarchical.NodeTestTask.lambda$executeRecursively$6(NodeTestTask.java:155)
	at app//org.junit.platform.engine.support.hierarchical.ThrowableCollector.execute(ThrowableCollector.java:73)
	at app//org.junit.platform.engine.support.hierarchical.NodeTestTask.lambda$executeRecursively$8(NodeTestTask.java:141)
	at app//org.junit.platform.engine.support.hierarchical.Node.around(Node.java:137)
	at app//org.junit.platform.engine.support.hierarchical.NodeTestTask.lambda$executeRecursively$9(NodeTestTask.java:139)
	at app//org.junit.platform.engine.support.hierarchical.ThrowableCollector.execute(ThrowableCollector.java:73)
	at app//org.junit.platform.engine.support.hierarchical.NodeTestTask.executeRecursively(NodeTestTask.java:138)
	at app//org.junit.platform.engine.support.hierarchical.NodeTestTask.execute(NodeTestTask.java:95)
	at app//org.junit.platform.engine.support.hierarchical.SameThreadHierarchicalTestExecutorService.submit(SameThreadHierarchicalTestExecutorService.java:35)
	at app//org.junit.platform.engine.support.hierarchical.HierarchicalTestExecutor.execute(HierarchicalTestExecutor.java:57)
	at app//org.junit.platform.engine.support.hierarchical.HierarchicalTestEngine.execute(HierarchicalTestEngine.java:54)
	at org.junit.platform.launcher.core.EngineExecutionOrchestrator.execute(EngineExecutionOrchestrator.java:107)
	at org.junit.platform.launcher.core.EngineExecutionOrchestrator.execute(EngineExecutionOrchestrator.java:88)
	at org.junit.platform.launcher.core.EngineExecutionOrchestrator.lambda$execute$0(EngineExecutionOrchestrator.java:54)
	at org.junit.platform.launcher.core.EngineExecutionOrchestrator.withInterceptedStreams(EngineExecutionOrchestrator.java:67)
	at org.junit.platform.launcher.core.EngineExecutionOrchestrator.execute(EngineExecutionOrchestrator.java:52)
	at org.junit.platform.launcher.core.DefaultLauncher.execute(DefaultLauncher.java:114)
	at org.junit.platform.launcher.core.DefaultLauncher.execute(DefaultLauncher.java:86)
	at org.junit.platform.launcher.core.DefaultLauncherSession$DelegatingLauncher.execute(DefaultLauncherSession.java:86)
	at org.junit.platform.launcher.core.SessionPerRequestLauncher.execute(SessionPerRequestLauncher.java:53)
	at org.gradle.api.internal.tasks.testing.junitplatform.JUnitPlatformTestClassProcessor$CollectAllTestClassesExecutor.processAllTestClasses(JUnitPlatformTestClassProcessor.java:99)
	at org.gradle.api.internal.tasks.testing.junitplatform.JUnitPlatformTestClassProcessor$CollectAllTestClassesExecutor.access$000(JUnitPlatformTestClassProcessor.java:79)
	at org.gradle.api.internal.tasks.testing.junitplatform.JUnitPlatformTestClassProcessor.stop(JUnitPlatformTestClassProcessor.java:75)
	at org.gradle.api.internal.tasks.testing.SuiteTestClassProcessor.stop(SuiteTestClassProcessor.java:62)
	at java.base@11.0.18/jdk.internal.reflect.NativeMethodAccessorImpl.invoke0(Native Method)
	at java.base@11.0.18/jdk.internal.reflect.NativeMethodAccessorImpl.invoke(NativeMethodAccessorImpl.java:62)
	at java.base@11.0.18/jdk.internal.reflect.DelegatingMethodAccessorImpl.invoke(DelegatingMethodAccessorImpl.java:43)
	at java.base@11.0.18/java.lang.reflect.Method.invoke(Method.java:566)
	at org.gradle.internal.dispatch.ReflectionDispatch.dispatch(ReflectionDispatch.java:36)
	at org.gradle.internal.dispatch.ReflectionDispatch.dispatch(ReflectionDispatch.java:24)
	at org.gradle.internal.dispatch.ContextClassLoaderDispatch.dispatch(ContextClassLoaderDispatch.java:33)
	at org.gradle.internal.dispatch.ProxyDispatchAdapter$DispatchingInvocationHandler.invoke(ProxyDispatchAdapter.java:94)
	at com.sun.proxy.$Proxy2.stop(Unknown Source)
	at org.gradle.api.internal.tasks.testing.worker.TestWorker$3.run(TestWorker.java:193)
	at org.gradle.api.internal.tasks.testing.worker.TestWorker.executeAndMaintainThreadName(TestWorker.java:129)
	at org.gradle.api.internal.tasks.testing.worker.TestWorker.execute(TestWorker.java:100)
	at org.gradle.api.internal.tasks.testing.worker.TestWorker.execute(TestWorker.java:60)
	at org.gradle.process.internal.worker.child.ActionExecutionWorker.execute(ActionExecutionWorker.java:56)
	at org.gradle.process.internal.worker.child.SystemApplicationClassLoaderWorker.call(SystemApplicationClassLoaderWorker.java:113)
	at org.gradle.process.internal.worker.child.SystemApplicationClassLoaderWorker.call(SystemApplicationClassLoaderWorker.java:65)
	at app//worker.org.gradle.process.internal.worker.GradleWorkerMain.run(GradleWorkerMain.java:69)
	at app//worker.org.gradle.process.internal.worker.GradleWorkerMain.main(GradleWorkerMain.java:74)
</failure>
  </testcase>
  <testcase name="redux" classname="de.uka.ilkd.key.proof.runallproofs.RunAllProofsFunctional" time="1.062">
    <failure message="org.opentest4j.AssertionFailedError: Executed process terminated with non-zero exit value. ==&gt; expected: &lt;0&gt; but was: &lt;1&gt;" type="org.opentest4j.AssertionFailedError">org.opentest4j.AssertionFailedError: Executed process terminated with non-zero exit value. ==&gt; expected: &lt;0&gt; but was: &lt;1&gt;
	at app//org.junit.jupiter.api.AssertionUtils.fail(AssertionUtils.java:55)
	at app//org.junit.jupiter.api.AssertionUtils.failNotEqual(AssertionUtils.java:62)
	at app//org.junit.jupiter.api.AssertEquals.assertEquals(AssertEquals.java:150)
	at app//org.junit.jupiter.api.Assertions.assertEquals(Assertions.java:559)
	at app//de.uka.ilkd.key.proof.runallproofs.proofcollection.ForkedTestFileRunner.processTestFiles(ForkedTestFileRunner.java:129)
	at app//de.uka.ilkd.key.proof.runallproofs.RunAllProofsTestUnit.runTest(RunAllProofsTestUnit.java:85)
	at app//de.uka.ilkd.key.proof.runallproofs.RunAllProofsTest.lambda$data$0(RunAllProofsTest.java:83)
	at app//org.junit.jupiter.engine.descriptor.DynamicTestTestDescriptor.lambda$execute$0(DynamicTestTestDescriptor.java:53)
	at app//org.junit.jupiter.engine.execution.InvocationInterceptorChain$ValidatingInvocation.proceed(InvocationInterceptorChain.java:131)
	at app//org.junit.jupiter.api.extension.InvocationInterceptor.interceptDynamicTest(InvocationInterceptor.java:167)
	at app//org.junit.jupiter.api.extension.InvocationInterceptor.interceptDynamicTest(InvocationInterceptor.java:184)
	at app//org.junit.jupiter.engine.descriptor.DynamicTestTestDescriptor.lambda$execute$1(DynamicTestTestDescriptor.java:61)
	at app//org.junit.jupiter.engine.execution.InvocationInterceptorChain$InterceptorCall.lambda$ofVoid$0(InvocationInterceptorChain.java:78)
	at app//org.junit.jupiter.engine.execution.InvocationInterceptorChain$InterceptedInvocation.proceed(InvocationInterceptorChain.java:106)
	at app//org.junit.jupiter.engine.execution.InvocationInterceptorChain.proceed(InvocationInterceptorChain.java:64)
	at app//org.junit.jupiter.engine.execution.InvocationInterceptorChain.chainAndInvoke(InvocationInterceptorChain.java:45)
	at app//org.junit.jupiter.engine.execution.InvocationInterceptorChain.invoke(InvocationInterceptorChain.java:37)
	at app//org.junit.jupiter.engine.descriptor.DynamicTestTestDescriptor.execute(DynamicTestTestDescriptor.java:60)
	at app//org.junit.jupiter.engine.descriptor.DynamicTestTestDescriptor.execute(DynamicTestTestDescriptor.java:32)
	at app//org.junit.platform.engine.support.hierarchical.NodeTestTask.lambda$executeRecursively$6(NodeTestTask.java:151)
	at app//org.junit.platform.engine.support.hierarchical.ThrowableCollector.execute(ThrowableCollector.java:73)
	at app//org.junit.platform.engine.support.hierarchical.NodeTestTask.lambda$executeRecursively$8(NodeTestTask.java:141)
	at app//org.junit.platform.engine.support.hierarchical.Node.around(Node.java:137)
	at app//org.junit.platform.engine.support.hierarchical.NodeTestTask.lambda$executeRecursively$9(NodeTestTask.java:139)
	at app//org.junit.platform.engine.support.hierarchical.ThrowableCollector.execute(ThrowableCollector.java:73)
	at app//org.junit.platform.engine.support.hierarchical.NodeTestTask.executeRecursively(NodeTestTask.java:138)
	at app//org.junit.platform.engine.support.hierarchical.NodeTestTask.execute(NodeTestTask.java:95)
	at app//org.junit.platform.engine.support.hierarchical.SameThreadHierarchicalTestExecutorService.submit(SameThreadHierarchicalTestExecutorService.java:35)
	at app//org.junit.platform.engine.support.hierarchical.NodeTestTask$DefaultDynamicTestExecutor.execute(NodeTestTask.java:226)
	at app//org.junit.platform.engine.support.hierarchical.NodeTestTask$DefaultDynamicTestExecutor.execute(NodeTestTask.java:204)
	at java.base@11.0.18/java.util.Optional.ifPresent(Optional.java:183)
	at app//org.junit.jupiter.engine.descriptor.TestFactoryTestDescriptor.lambda$invokeTestMethod$1(TestFactoryTestDescriptor.java:108)
	at app//org.junit.platform.engine.support.hierarchical.ThrowableCollector.execute(ThrowableCollector.java:73)
	at app//org.junit.jupiter.engine.descriptor.TestFactoryTestDescriptor.invokeTestMethod(TestFactoryTestDescriptor.java:95)
	at app//org.junit.jupiter.engine.descriptor.TestMethodTestDescriptor.execute(TestMethodTestDescriptor.java:135)
	at app//org.junit.jupiter.engine.descriptor.TestMethodTestDescriptor.execute(TestMethodTestDescriptor.java:66)
	at app//org.junit.platform.engine.support.hierarchical.NodeTestTask.lambda$executeRecursively$6(NodeTestTask.java:151)
	at app//org.junit.platform.engine.support.hierarchical.ThrowableCollector.execute(ThrowableCollector.java:73)
	at app//org.junit.platform.engine.support.hierarchical.NodeTestTask.lambda$executeRecursively$8(NodeTestTask.java:141)
	at app//org.junit.platform.engine.support.hierarchical.Node.around(Node.java:137)
	at app//org.junit.platform.engine.support.hierarchical.NodeTestTask.lambda$executeRecursively$9(NodeTestTask.java:139)
	at app//org.junit.platform.engine.support.hierarchical.ThrowableCollector.execute(ThrowableCollector.java:73)
	at app//org.junit.platform.engine.support.hierarchical.NodeTestTask.executeRecursively(NodeTestTask.java:138)
	at app//org.junit.platform.engine.support.hierarchical.NodeTestTask.execute(NodeTestTask.java:95)
	at java.base@11.0.18/java.util.ArrayList.forEach(ArrayList.java:1541)
	at app//org.junit.platform.engine.support.hierarchical.SameThreadHierarchicalTestExecutorService.invokeAll(SameThreadHierarchicalTestExecutorService.java:41)
	at app//org.junit.platform.engine.support.hierarchical.NodeTestTask.lambda$executeRecursively$6(NodeTestTask.java:155)
	at app//org.junit.platform.engine.support.hierarchical.ThrowableCollector.execute(ThrowableCollector.java:73)
	at app//org.junit.platform.engine.support.hierarchical.NodeTestTask.lambda$executeRecursively$8(NodeTestTask.java:141)
	at app//org.junit.platform.engine.support.hierarchical.Node.around(Node.java:137)
	at app//org.junit.platform.engine.support.hierarchical.NodeTestTask.lambda$executeRecursively$9(NodeTestTask.java:139)
	at app//org.junit.platform.engine.support.hierarchical.ThrowableCollector.execute(ThrowableCollector.java:73)
	at app//org.junit.platform.engine.support.hierarchical.NodeTestTask.executeRecursively(NodeTestTask.java:138)
	at app//org.junit.platform.engine.support.hierarchical.NodeTestTask.execute(NodeTestTask.java:95)
	at java.base@11.0.18/java.util.ArrayList.forEach(ArrayList.java:1541)
	at app//org.junit.platform.engine.support.hierarchical.SameThreadHierarchicalTestExecutorService.invokeAll(SameThreadHierarchicalTestExecutorService.java:41)
	at app//org.junit.platform.engine.support.hierarchical.NodeTestTask.lambda$executeRecursively$6(NodeTestTask.java:155)
	at app//org.junit.platform.engine.support.hierarchical.ThrowableCollector.execute(ThrowableCollector.java:73)
	at app//org.junit.platform.engine.support.hierarchical.NodeTestTask.lambda$executeRecursively$8(NodeTestTask.java:141)
	at app//org.junit.platform.engine.support.hierarchical.Node.around(Node.java:137)
	at app//org.junit.platform.engine.support.hierarchical.NodeTestTask.lambda$executeRecursively$9(NodeTestTask.java:139)
	at app//org.junit.platform.engine.support.hierarchical.ThrowableCollector.execute(ThrowableCollector.java:73)
	at app//org.junit.platform.engine.support.hierarchical.NodeTestTask.executeRecursively(NodeTestTask.java:138)
	at app//org.junit.platform.engine.support.hierarchical.NodeTestTask.execute(NodeTestTask.java:95)
	at app//org.junit.platform.engine.support.hierarchical.SameThreadHierarchicalTestExecutorService.submit(SameThreadHierarchicalTestExecutorService.java:35)
	at app//org.junit.platform.engine.support.hierarchical.HierarchicalTestExecutor.execute(HierarchicalTestExecutor.java:57)
	at app//org.junit.platform.engine.support.hierarchical.HierarchicalTestEngine.execute(HierarchicalTestEngine.java:54)
	at org.junit.platform.launcher.core.EngineExecutionOrchestrator.execute(EngineExecutionOrchestrator.java:107)
	at org.junit.platform.launcher.core.EngineExecutionOrchestrator.execute(EngineExecutionOrchestrator.java:88)
	at org.junit.platform.launcher.core.EngineExecutionOrchestrator.lambda$execute$0(EngineExecutionOrchestrator.java:54)
	at org.junit.platform.launcher.core.EngineExecutionOrchestrator.withInterceptedStreams(EngineExecutionOrchestrator.java:67)
	at org.junit.platform.launcher.core.EngineExecutionOrchestrator.execute(EngineExecutionOrchestrator.java:52)
	at org.junit.platform.launcher.core.DefaultLauncher.execute(DefaultLauncher.java:114)
	at org.junit.platform.launcher.core.DefaultLauncher.execute(DefaultLauncher.java:86)
	at org.junit.platform.launcher.core.DefaultLauncherSession$DelegatingLauncher.execute(DefaultLauncherSession.java:86)
	at org.junit.platform.launcher.core.SessionPerRequestLauncher.execute(SessionPerRequestLauncher.java:53)
	at org.gradle.api.internal.tasks.testing.junitplatform.JUnitPlatformTestClassProcessor$CollectAllTestClassesExecutor.processAllTestClasses(JUnitPlatformTestClassProcessor.java:99)
	at org.gradle.api.internal.tasks.testing.junitplatform.JUnitPlatformTestClassProcessor$CollectAllTestClassesExecutor.access$000(JUnitPlatformTestClassProcessor.java:79)
	at org.gradle.api.internal.tasks.testing.junitplatform.JUnitPlatformTestClassProcessor.stop(JUnitPlatformTestClassProcessor.java:75)
	at org.gradle.api.internal.tasks.testing.SuiteTestClassProcessor.stop(SuiteTestClassProcessor.java:62)
	at java.base@11.0.18/jdk.internal.reflect.NativeMethodAccessorImpl.invoke0(Native Method)
	at java.base@11.0.18/jdk.internal.reflect.NativeMethodAccessorImpl.invoke(NativeMethodAccessorImpl.java:62)
	at java.base@11.0.18/jdk.internal.reflect.DelegatingMethodAccessorImpl.invoke(DelegatingMethodAccessorImpl.java:43)
	at java.base@11.0.18/java.lang.reflect.Method.invoke(Method.java:566)
	at org.gradle.internal.dispatch.ReflectionDispatch.dispatch(ReflectionDispatch.java:36)
	at org.gradle.internal.dispatch.ReflectionDispatch.dispatch(ReflectionDispatch.java:24)
	at org.gradle.internal.dispatch.ContextClassLoaderDispatch.dispatch(ContextClassLoaderDispatch.java:33)
	at org.gradle.internal.dispatch.ProxyDispatchAdapter$DispatchingInvocationHandler.invoke(ProxyDispatchAdapter.java:94)
	at com.sun.proxy.$Proxy2.stop(Unknown Source)
	at org.gradle.api.internal.tasks.testing.worker.TestWorker$3.run(TestWorker.java:193)
	at org.gradle.api.internal.tasks.testing.worker.TestWorker.executeAndMaintainThreadName(TestWorker.java:129)
	at org.gradle.api.internal.tasks.testing.worker.TestWorker.execute(TestWorker.java:100)
	at org.gradle.api.internal.tasks.testing.worker.TestWorker.execute(TestWorker.java:60)
	at org.gradle.process.internal.worker.child.ActionExecutionWorker.execute(ActionExecutionWorker.java:56)
	at org.gradle.process.internal.worker.child.SystemApplicationClassLoaderWorker.call(SystemApplicationClassLoaderWorker.java:113)
	at org.gradle.process.internal.worker.child.SystemApplicationClassLoaderWorker.call(SystemApplicationClassLoaderWorker.java:65)
	at app//worker.org.gradle.process.internal.worker.GradleWorkerMain.run(GradleWorkerMain.java:69)
	at app//worker.org.gradle.process.internal.worker.GradleWorkerMain.main(GradleWorkerMain.java:74)
</failure>
  </testcase>
  <system-out><![CDATA[17:28:21,996 |-INFO in ch.qos.logback.classic.LoggerContext[default] - Could NOT find resource [logback-test.xml]
17:28:21,997 |-INFO in ch.qos.logback.classic.LoggerContext[default] - Found resource [logback.xml] at [file:/home/runner/work/key/key/key.core/build/resources/test/logback.xml]
17:28:22,492 |-INFO in ch.qos.logback.classic.joran.action.ConfigurationAction - debug attribute not set
17:28:22,492 |-INFO in ch.qos.logback.core.joran.action.AppenderAction - About to instantiate appender of type [ch.qos.logback.core.ConsoleAppender]
17:28:22,496 |-INFO in ch.qos.logback.core.joran.action.AppenderAction - Naming appender as [STDOUT]
17:28:22,505 |-ERROR in ch.qos.logback.core.joran.spi.Interpreter@3:15 - no applicable action for [file], current ElementPath  is [[configuration][appender][file]]
17:28:22,506 |-ERROR in ch.qos.logback.core.joran.spi.Interpreter@4:17 - no applicable action for [append], current ElementPath  is [[configuration][appender][append]]
17:28:22,506 |-INFO in ch.qos.logback.core.joran.action.NestedComplexPropertyIA - Assuming default type [ch.qos.logback.classic.encoder.PatternLayoutEncoder] for [encoder] property
17:28:22,521 |-INFO in ch.qos.logback.classic.joran.action.RootLoggerAction - Setting level of ROOT logger to WARN
17:28:22,522 |-INFO in ch.qos.logback.core.joran.action.AppenderRefAction - Attaching appender named [STDOUT] to Logger[ROOT]
17:28:22,522 |-INFO in ch.qos.logback.classic.joran.action.ConfigurationAction - End of configuration.
17:28:22,522 |-INFO in ch.qos.logback.classic.joran.JoranConfigurator@79da1ec0 - Registering current configuration as safe fallback point

Running test newBook
17:28:22,908 |-INFO in ch.qos.logback.classic.LoggerContext[default] - Could NOT find resource [logback-test.xml]
17:28:22,909 |-INFO in ch.qos.logback.classic.LoggerContext[default] - Found resource [logback.xml] at [file:/home/runner/work/key/key/key.core/build/resources/test/logback.xml]
17:28:23,012 |-INFO in ch.qos.logback.classic.joran.action.ConfigurationAction - debug attribute not set
17:28:23,013 |-INFO in ch.qos.logback.core.joran.action.AppenderAction - About to instantiate appender of type [ch.qos.logback.core.ConsoleAppender]
17:28:23,024 |-INFO in ch.qos.logback.core.joran.action.AppenderAction - Naming appender as [STDOUT]
17:28:23,029 |-ERROR in ch.qos.logback.core.joran.spi.Interpreter@3:15 - no applicable action for [file], current ElementPath  is [[configuration][appender][file]]
17:28:23,029 |-ERROR in ch.qos.logback.core.joran.spi.Interpreter@4:17 - no applicable action for [append], current ElementPath  is [[configuration][appender][append]]
17:28:23,031 |-INFO in ch.qos.logback.core.joran.action.NestedComplexPropertyIA - Assuming default type [ch.qos.logback.classic.encoder.PatternLayoutEncoder] for [encoder] property
17:28:23,057 |-INFO in ch.qos.logback.classic.joran.action.RootLoggerAction - Setting level of ROOT logger to WARN
17:28:23,057 |-INFO in ch.qos.logback.core.joran.action.AppenderRefAction - Attaching appender named [STDOUT] to Logger[ROOT]
17:28:23,057 |-INFO in ch.qos.logback.classic.joran.action.ConfigurationAction - End of configuration.
17:28:23,059 |-INFO in ch.qos.logback.classic.joran.JoranConfigurator@2f177a4b - Registering current configuration as safe fallback point

290        WARN  main            d.u.i.k.s.ProofSettings   No proof-settings could be loaded, using defaults java.io.FileNotFoundException: /home/runner/.key/proof-settings.props (No such file or directory)
	at java.base/java.io.FileInputStream.open0(Native Method)

Running test oldBook
17:28:23,970 |-INFO in ch.qos.logback.classic.LoggerContext[default] - Could NOT find resource [logback-test.xml]
17:28:23,971 |-INFO in ch.qos.logback.classic.LoggerContext[default] - Found resource [logback.xml] at [file:/home/runner/work/key/key/key.core/build/resources/test/logback.xml]
17:28:24,071 |-INFO in ch.qos.logback.classic.joran.action.ConfigurationAction - debug attribute not set
17:28:24,071 |-INFO in ch.qos.logback.core.joran.action.AppenderAction - About to instantiate appender of type [ch.qos.logback.core.ConsoleAppender]
17:28:24,080 |-INFO in ch.qos.logback.core.joran.action.AppenderAction - Naming appender as [STDOUT]
17:28:24,089 |-ERROR in ch.qos.logback.core.joran.spi.Interpreter@3:15 - no applicable action for [file], current ElementPath  is [[configuration][appender][file]]
17:28:24,089 |-ERROR in ch.qos.logback.core.joran.spi.Interpreter@4:17 - no applicable action for [append], current ElementPath  is [[configuration][appender][append]]
17:28:24,090 |-INFO in ch.qos.logback.core.joran.action.NestedComplexPropertyIA - Assuming default type [ch.qos.logback.classic.encoder.PatternLayoutEncoder] for [encoder] property
17:28:24,118 |-INFO in ch.qos.logback.classic.joran.action.RootLoggerAction - Setting level of ROOT logger to WARN
17:28:24,118 |-INFO in ch.qos.logback.core.joran.action.AppenderRefAction - Attaching appender named [STDOUT] to Logger[ROOT]
17:28:24,118 |-INFO in ch.qos.logback.classic.joran.action.ConfigurationAction - End of configuration.
17:28:24,120 |-INFO in ch.qos.logback.classic.joran.JoranConfigurator@2f177a4b - Registering current configuration as safe fallback point

288        WARN  main            d.u.i.k.s.ProofSettings   No proof-settings could be loaded, using defaults java.io.FileNotFoundException: /home/runner/.key/proof-settings.props (No such file or directory)
	at java.base/java.io.FileInputStream.open0(Native Method)

Running test comprehensions
17:28:24,877 |-INFO in ch.qos.logback.classic.LoggerContext[default] - Could NOT find resource [logback-test.xml]
17:28:24,878 |-INFO in ch.qos.logback.classic.LoggerContext[default] - Found resource [logback.xml] at [file:/home/runner/work/key/key/key.core/build/resources/test/logback.xml]
17:28:24,985 |-INFO in ch.qos.logback.classic.joran.action.ConfigurationAction - debug attribute not set
17:28:24,985 |-INFO in ch.qos.logback.core.joran.action.AppenderAction - About to instantiate appender of type [ch.qos.logback.core.ConsoleAppender]
17:28:25,005 |-INFO in ch.qos.logback.core.joran.action.AppenderAction - Naming appender as [STDOUT]
17:28:25,009 |-ERROR in ch.qos.logback.core.joran.spi.Interpreter@3:15 - no applicable action for [file], current ElementPath  is [[configuration][appender][file]]
17:28:25,010 |-ERROR in ch.qos.logback.core.joran.spi.Interpreter@4:17 - no applicable action for [append], current ElementPath  is [[configuration][appender][append]]
17:28:25,011 |-INFO in ch.qos.logback.core.joran.action.NestedComplexPropertyIA - Assuming default type [ch.qos.logback.classic.encoder.PatternLayoutEncoder] for [encoder] property
17:28:25,031 |-INFO in ch.qos.logback.classic.joran.action.RootLoggerAction - Setting level of ROOT logger to WARN
17:28:25,034 |-INFO in ch.qos.logback.core.joran.action.AppenderRefAction - Attaching appender named [STDOUT] to Logger[ROOT]
17:28:25,034 |-INFO in ch.qos.logback.classic.joran.action.ConfigurationAction - End of configuration.
17:28:25,036 |-INFO in ch.qos.logback.classic.joran.JoranConfigurator@29176cc1 - Registering current configuration as safe fallback point

293        WARN  main            d.u.i.k.s.ProofSettings   No proof-settings could be loaded, using defaults java.io.FileNotFoundException: /home/runner/.key/proof-settings.props (No such file or directory)
	at java.base/java.io.FileInputStream.open0(Native Method)

Running test performance
17:28:26,045 |-INFO in ch.qos.logback.classic.LoggerContext[default] - Could NOT find resource [logback-test.xml]
17:28:26,046 |-INFO in ch.qos.logback.classic.LoggerContext[default] - Found resource [logback.xml] at [file:/home/runner/work/key/key/key.core/build/resources/test/logback.xml]
17:28:26,144 |-INFO in ch.qos.logback.classic.joran.action.ConfigurationAction - debug attribute not set
17:28:26,144 |-INFO in ch.qos.logback.core.joran.action.AppenderAction - About to instantiate appender of type [ch.qos.logback.core.ConsoleAppender]
17:28:26,155 |-INFO in ch.qos.logback.core.joran.action.AppenderAction - Naming appender as [STDOUT]
17:28:26,159 |-ERROR in ch.qos.logback.core.joran.spi.Interpreter@3:15 - no applicable action for [file], current ElementPath  is [[configuration][appender][file]]
17:28:26,160 |-ERROR in ch.qos.logback.core.joran.spi.Interpreter@4:17 - no applicable action for [append], current ElementPath  is [[configuration][appender][append]]
17:28:26,161 |-INFO in ch.qos.logback.core.joran.action.NestedComplexPropertyIA - Assuming default type [ch.qos.logback.classic.encoder.PatternLayoutEncoder] for [encoder] property
17:28:26,180 |-INFO in ch.qos.logback.classic.joran.action.RootLoggerAction - Setting level of ROOT logger to WARN
17:28:26,180 |-INFO in ch.qos.logback.core.joran.action.AppenderRefAction - Attaching appender named [STDOUT] to Logger[ROOT]
17:28:26,181 |-INFO in ch.qos.logback.classic.joran.action.ConfigurationAction - End of configuration.
17:28:26,182 |-INFO in ch.qos.logback.classic.joran.JoranConfigurator@29176cc1 - Registering current configuration as safe fallback point

302        WARN  main            d.u.i.k.s.ProofSettings   No proof-settings could be loaded, using defaults java.io.FileNotFoundException: /home/runner/.key/proof-settings.props (No such file or directory)
	at java.base/java.io.FileInputStream.open0(Native Method)

Running test performancePOConstruction
17:28:26,987 |-INFO in ch.qos.logback.classic.LoggerContext[default] - Could NOT find resource [logback-test.xml]
17:28:26,988 |-INFO in ch.qos.logback.classic.LoggerContext[default] - Found resource [logback.xml] at [file:/home/runner/work/key/key/key.core/build/resources/test/logback.xml]
17:28:27,085 |-INFO in ch.qos.logback.classic.joran.action.ConfigurationAction - debug attribute not set
17:28:27,085 |-INFO in ch.qos.logback.core.joran.action.AppenderAction - About to instantiate appender of type [ch.qos.logback.core.ConsoleAppender]
17:28:27,101 |-INFO in ch.qos.logback.core.joran.action.AppenderAction - Naming appender as [STDOUT]
17:28:27,105 |-ERROR in ch.qos.logback.core.joran.spi.Interpreter@3:15 - no applicable action for [file], current ElementPath  is [[configuration][appender][file]]
17:28:27,105 |-ERROR in ch.qos.logback.core.joran.spi.Interpreter@4:17 - no applicable action for [append], current ElementPath  is [[configuration][appender][append]]
17:28:27,106 |-INFO in ch.qos.logback.core.joran.action.NestedComplexPropertyIA - Assuming default type [ch.qos.logback.classic.encoder.PatternLayoutEncoder] for [encoder] property
17:28:27,126 |-INFO in ch.qos.logback.classic.joran.action.RootLoggerAction - Setting level of ROOT logger to WARN
17:28:27,127 |-INFO in ch.qos.logback.core.joran.action.AppenderRefAction - Attaching appender named [STDOUT] to Logger[ROOT]
17:28:27,127 |-INFO in ch.qos.logback.classic.joran.action.ConfigurationAction - End of configuration.
17:28:27,129 |-INFO in ch.qos.logback.classic.joran.JoranConfigurator@29176cc1 - Registering current configuration as safe fallback point

290        WARN  main            d.u.i.k.s.ProofSettings   No proof-settings could be loaded, using defaults java.io.FileNotFoundException: /home/runner/.key/proof-settings.props (No such file or directory)
	at java.base/java.io.FileInputStream.open0(Native Method)

Running test applicationRestrictions
17:28:27,918 |-INFO in ch.qos.logback.classic.LoggerContext[default] - Could NOT find resource [logback-test.xml]
17:28:27,919 |-INFO in ch.qos.logback.classic.LoggerContext[default] - Found resource [logback.xml] at [file:/home/runner/work/key/key/key.core/build/resources/test/logback.xml]
17:28:28,032 |-INFO in ch.qos.logback.classic.joran.action.ConfigurationAction - debug attribute not set
17:28:28,033 |-INFO in ch.qos.logback.core.joran.action.AppenderAction - About to instantiate appender of type [ch.qos.logback.core.ConsoleAppender]
17:28:28,043 |-INFO in ch.qos.logback.core.joran.action.AppenderAction - Naming appender as [STDOUT]
17:28:28,048 |-ERROR in ch.qos.logback.core.joran.spi.Interpreter@3:15 - no applicable action for [file], current ElementPath  is [[configuration][appender][file]]
17:28:28,048 |-ERROR in ch.qos.logback.core.joran.spi.Interpreter@4:17 - no applicable action for [append], current ElementPath  is [[configuration][appender][append]]
17:28:28,049 |-INFO in ch.qos.logback.core.joran.action.NestedComplexPropertyIA - Assuming default type [ch.qos.logback.classic.encoder.PatternLayoutEncoder] for [encoder] property
17:28:28,078 |-INFO in ch.qos.logback.classic.joran.action.RootLoggerAction - Setting level of ROOT logger to WARN
17:28:28,078 |-INFO in ch.qos.logback.core.joran.action.AppenderRefAction - Attaching appender named [STDOUT] to Logger[ROOT]
17:28:28,078 |-INFO in ch.qos.logback.classic.joran.action.ConfigurationAction - End of configuration.
17:28:28,080 |-INFO in ch.qos.logback.classic.joran.JoranConfigurator@29176cc1 - Registering current configuration as safe fallback point

296        WARN  main            d.u.i.k.s.ProofSettings   No proof-settings could be loaded, using defaults java.io.FileNotFoundException: /home/runner/.key/proof-settings.props (No such file or directory)
	at java.base/java.io.FileInputStream.open0(Native Method)

Running test blockContracts
17:28:29,019 |-INFO in ch.qos.logback.classic.LoggerContext[default] - Could NOT find resource [logback-test.xml]
17:28:29,021 |-INFO in ch.qos.logback.classic.LoggerContext[default] - Found resource [logback.xml] at [file:/home/runner/work/key/key/key.core/build/resources/test/logback.xml]
17:28:29,123 |-INFO in ch.qos.logback.classic.joran.action.ConfigurationAction - debug attribute not set
17:28:29,123 |-INFO in ch.qos.logback.core.joran.action.AppenderAction - About to instantiate appender of type [ch.qos.logback.core.ConsoleAppender]
17:28:29,134 |-INFO in ch.qos.logback.core.joran.action.AppenderAction - Naming appender as [STDOUT]
17:28:29,138 |-ERROR in ch.qos.logback.core.joran.spi.Interpreter@3:15 - no applicable action for [file], current ElementPath  is [[configuration][appender][file]]
17:28:29,139 |-ERROR in ch.qos.logback.core.joran.spi.Interpreter@4:17 - no applicable action for [append], current ElementPath  is [[configuration][appender][append]]
17:28:29,140 |-INFO in ch.qos.logback.core.joran.action.NestedComplexPropertyIA - Assuming default type [ch.qos.logback.classic.encoder.PatternLayoutEncoder] for [encoder] property
17:28:29,165 |-INFO in ch.qos.logback.classic.joran.action.RootLoggerAction - Setting level of ROOT logger to WARN
17:28:29,165 |-INFO in ch.qos.logback.core.joran.action.AppenderRefAction - Attaching appender named [STDOUT] to Logger[ROOT]
17:28:29,166 |-INFO in ch.qos.logback.classic.joran.action.ConfigurationAction - End of configuration.
17:28:29,167 |-INFO in ch.qos.logback.classic.joran.JoranConfigurator@2f177a4b - Registering current configuration as safe fallback point

319        WARN  main            d.u.i.k.s.ProofSettings   No proof-settings could be loaded, using defaults java.io.FileNotFoundException: /home/runner/.key/proof-settings.props (No such file or directory)
	at java.base/java.io.FileInputStream.open0(Native Method)

Running test jmlAsserts
17:28:30,289 |-INFO in ch.qos.logback.classic.LoggerContext[default] - Could NOT find resource [logback-test.xml]
17:28:30,290 |-INFO in ch.qos.logback.classic.LoggerContext[default] - Found resource [logback.xml] at [file:/home/runner/work/key/key/key.core/build/resources/test/logback.xml]
17:28:30,394 |-INFO in ch.qos.logback.classic.joran.action.ConfigurationAction - debug attribute not set
17:28:30,395 |-INFO in ch.qos.logback.core.joran.action.AppenderAction - About to instantiate appender of type [ch.qos.logback.core.ConsoleAppender]
17:28:30,406 |-INFO in ch.qos.logback.core.joran.action.AppenderAction - Naming appender as [STDOUT]
17:28:30,411 |-ERROR in ch.qos.logback.core.joran.spi.Interpreter@3:15 - no applicable action for [file], current ElementPath  is [[configuration][appender][file]]
17:28:30,411 |-ERROR in ch.qos.logback.core.joran.spi.Interpreter@4:17 - no applicable action for [append], current ElementPath  is [[configuration][appender][append]]
17:28:30,412 |-INFO in ch.qos.logback.core.joran.action.NestedComplexPropertyIA - Assuming default type [ch.qos.logback.classic.encoder.PatternLayoutEncoder] for [encoder] property
17:28:30,431 |-INFO in ch.qos.logback.classic.joran.action.RootLoggerAction - Setting level of ROOT logger to WARN
17:28:30,432 |-INFO in ch.qos.logback.core.joran.action.AppenderRefAction - Attaching appender named [STDOUT] to Logger[ROOT]
17:28:30,432 |-INFO in ch.qos.logback.classic.joran.action.ConfigurationAction - End of configuration.
17:28:30,434 |-INFO in ch.qos.logback.classic.joran.JoranConfigurator@2f177a4b - Registering current configuration as safe fallback point

328        WARN  main            d.u.i.k.s.ProofSettings   No proof-settings could be loaded, using defaults java.io.FileNotFoundException: /home/runner/.key/proof-settings.props (No such file or directory)
	at java.base/java.io.FileInputStream.open0(Native Method)

Running test javaCard
17:28:31,288 |-INFO in ch.qos.logback.classic.LoggerContext[default] - Could NOT find resource [logback-test.xml]
17:28:31,289 |-INFO in ch.qos.logback.classic.LoggerContext[default] - Found resource [logback.xml] at [file:/home/runner/work/key/key/key.core/build/resources/test/logback.xml]
17:28:31,395 |-INFO in ch.qos.logback.classic.joran.action.ConfigurationAction - debug attribute not set
17:28:31,395 |-INFO in ch.qos.logback.core.joran.action.AppenderAction - About to instantiate appender of type [ch.qos.logback.core.ConsoleAppender]
17:28:31,405 |-INFO in ch.qos.logback.core.joran.action.AppenderAction - Naming appender as [STDOUT]
17:28:31,410 |-ERROR in ch.qos.logback.core.joran.spi.Interpreter@3:15 - no applicable action for [file], current ElementPath  is [[configuration][appender][file]]
17:28:31,410 |-ERROR in ch.qos.logback.core.joran.spi.Interpreter@4:17 - no applicable action for [append], current ElementPath  is [[configuration][appender][append]]
17:28:31,411 |-INFO in ch.qos.logback.core.joran.action.NestedComplexPropertyIA - Assuming default type [ch.qos.logback.classic.encoder.PatternLayoutEncoder] for [encoder] property
17:28:31,431 |-INFO in ch.qos.logback.classic.joran.action.RootLoggerAction - Setting level of ROOT logger to WARN
17:28:31,431 |-INFO in ch.qos.logback.core.joran.action.AppenderRefAction - Attaching appender named [STDOUT] to Logger[ROOT]
17:28:31,431 |-INFO in ch.qos.logback.classic.joran.action.ConfigurationAction - End of configuration.
17:28:31,433 |-INFO in ch.qos.logback.classic.joran.JoranConfigurator@29176cc1 - Registering current configuration as safe fallback point

294        WARN  main            d.u.i.k.s.ProofSettings   No proof-settings could be loaded, using defaults java.io.FileNotFoundException: /home/runner/.key/proof-settings.props (No such file or directory)
	at java.base/java.io.FileInputStream.open0(Native Method)

Running test project.key
17:28:32,229 |-INFO in ch.qos.logback.classic.LoggerContext[default] - Could NOT find resource [logback-test.xml]
17:28:32,230 |-INFO in ch.qos.logback.classic.LoggerContext[default] - Found resource [logback.xml] at [file:/home/runner/work/key/key/key.core/build/resources/test/logback.xml]
17:28:32,325 |-INFO in ch.qos.logback.classic.joran.action.ConfigurationAction - debug attribute not set
17:28:32,326 |-INFO in ch.qos.logback.core.joran.action.AppenderAction - About to instantiate appender of type [ch.qos.logback.core.ConsoleAppender]
17:28:32,336 |-INFO in ch.qos.logback.core.joran.action.AppenderAction - Naming appender as [STDOUT]
17:28:32,340 |-ERROR in ch.qos.logback.core.joran.spi.Interpreter@3:15 - no applicable action for [file], current ElementPath  is [[configuration][appender][file]]
17:28:32,341 |-ERROR in ch.qos.logback.core.joran.spi.Interpreter@4:17 - no applicable action for [append], current ElementPath  is [[configuration][appender][append]]
17:28:32,342 |-INFO in ch.qos.logback.core.joran.action.NestedComplexPropertyIA - Assuming default type [ch.qos.logback.classic.encoder.PatternLayoutEncoder] for [encoder] property
17:28:32,387 |-INFO in ch.qos.logback.classic.joran.action.RootLoggerAction - Setting level of ROOT logger to WARN
17:28:32,387 |-INFO in ch.qos.logback.core.joran.action.AppenderRefAction - Attaching appender named [STDOUT] to Logger[ROOT]
17:28:32,388 |-INFO in ch.qos.logback.classic.joran.action.ConfigurationAction - End of configuration.
17:28:32,389 |-INFO in ch.qos.logback.classic.joran.JoranConfigurator@29176cc1 - Registering current configuration as safe fallback point

312        WARN  main            d.u.i.k.s.ProofSettings   No proof-settings could be loaded, using defaults java.io.FileNotFoundException: /home/runner/.key/proof-settings.props (No such file or directory)
	at java.base/java.io.FileInputStream.open0(Native Method)

Running test project.key#1
17:28:33,065 |-INFO in ch.qos.logback.classic.LoggerContext[default] - Could NOT find resource [logback-test.xml]
17:28:33,066 |-INFO in ch.qos.logback.classic.LoggerContext[default] - Found resource [logback.xml] at [file:/home/runner/work/key/key/key.core/build/resources/test/logback.xml]
17:28:33,163 |-INFO in ch.qos.logback.classic.joran.action.ConfigurationAction - debug attribute not set
17:28:33,163 |-INFO in ch.qos.logback.core.joran.action.AppenderAction - About to instantiate appender of type [ch.qos.logback.core.ConsoleAppender]
17:28:33,178 |-INFO in ch.qos.logback.core.joran.action.AppenderAction - Naming appender as [STDOUT]
17:28:33,182 |-ERROR in ch.qos.logback.core.joran.spi.Interpreter@3:15 - no applicable action for [file], current ElementPath  is [[configuration][appender][file]]
17:28:33,182 |-ERROR in ch.qos.logback.core.joran.spi.Interpreter@4:17 - no applicable action for [append], current ElementPath  is [[configuration][appender][append]]
17:28:33,184 |-INFO in ch.qos.logback.core.joran.action.NestedComplexPropertyIA - Assuming default type [ch.qos.logback.classic.encoder.PatternLayoutEncoder] for [encoder] property
17:28:33,209 |-INFO in ch.qos.logback.classic.joran.action.RootLoggerAction - Setting level of ROOT logger to WARN
17:28:33,209 |-INFO in ch.qos.logback.core.joran.action.AppenderRefAction - Attaching appender named [STDOUT] to Logger[ROOT]
17:28:33,210 |-INFO in ch.qos.logback.classic.joran.action.ConfigurationAction - End of configuration.
17:28:33,214 |-INFO in ch.qos.logback.classic.joran.JoranConfigurator@29176cc1 - Registering current configuration as safe fallback point

273        WARN  main            d.u.i.k.s.ProofSettings   No proof-settings could be loaded, using defaults java.io.FileNotFoundException: /home/runner/.key/proof-settings.props (No such file or directory)
	at java.base/java.io.FileInputStream.open0(Native Method)

Running test lcp.key
17:28:33,887 |-INFO in ch.qos.logback.classic.LoggerContext[default] - Could NOT find resource [logback-test.xml]
17:28:33,888 |-INFO in ch.qos.logback.classic.LoggerContext[default] - Found resource [logback.xml] at [file:/home/runner/work/key/key/key.core/build/resources/test/logback.xml]
17:28:34,002 |-INFO in ch.qos.logback.classic.joran.action.ConfigurationAction - debug attribute not set
17:28:34,003 |-INFO in ch.qos.logback.core.joran.action.AppenderAction - About to instantiate appender of type [ch.qos.logback.core.ConsoleAppender]
17:28:34,012 |-INFO in ch.qos.logback.core.joran.action.AppenderAction - Naming appender as [STDOUT]
17:28:34,017 |-ERROR in ch.qos.logback.core.joran.spi.Interpreter@3:15 - no applicable action for [file], current ElementPath  is [[configuration][appender][file]]
17:28:34,017 |-ERROR in ch.qos.logback.core.joran.spi.Interpreter@4:17 - no applicable action for [append], current ElementPath  is [[configuration][appender][append]]
17:28:34,018 |-INFO in ch.qos.logback.core.joran.action.NestedComplexPropertyIA - Assuming default type [ch.qos.logback.classic.encoder.PatternLayoutEncoder] for [encoder] property
17:28:34,037 |-INFO in ch.qos.logback.classic.joran.action.RootLoggerAction - Setting level of ROOT logger to WARN
17:28:34,037 |-INFO in ch.qos.logback.core.joran.action.AppenderRefAction - Attaching appender named [STDOUT] to Logger[ROOT]
17:28:34,038 |-INFO in ch.qos.logback.classic.joran.action.ConfigurationAction - End of configuration.
17:28:34,039 |-INFO in ch.qos.logback.classic.joran.JoranConfigurator@29176cc1 - Registering current configuration as safe fallback point

310        WARN  main            d.u.i.k.s.ProofSettings   No proof-settings could be loaded, using defaults java.io.FileNotFoundException: /home/runner/.key/proof-settings.props (No such file or directory)
	at java.base/java.io.FileInputStream.open0(Native Method)

Running test project.key#2
17:28:34,724 |-INFO in ch.qos.logback.classic.LoggerContext[default] - Could NOT find resource [logback-test.xml]
17:28:34,724 |-INFO in ch.qos.logback.classic.LoggerContext[default] - Found resource [logback.xml] at [file:/home/runner/work/key/key/key.core/build/resources/test/logback.xml]
17:28:34,847 |-INFO in ch.qos.logback.classic.joran.action.ConfigurationAction - debug attribute not set
17:28:34,848 |-INFO in ch.qos.logback.core.joran.action.AppenderAction - About to instantiate appender of type [ch.qos.logback.core.ConsoleAppender]
17:28:34,862 |-INFO in ch.qos.logback.core.joran.action.AppenderAction - Naming appender as [STDOUT]
17:28:34,867 |-ERROR in ch.qos.logback.core.joran.spi.Interpreter@3:15 - no applicable action for [file], current ElementPath  is [[configuration][appender][file]]
17:28:34,867 |-ERROR in ch.qos.logback.core.joran.spi.Interpreter@4:17 - no applicable action for [append], current ElementPath  is [[configuration][appender][append]]
17:28:34,868 |-INFO in ch.qos.logback.core.joran.action.NestedComplexPropertyIA - Assuming default type [ch.qos.logback.classic.encoder.PatternLayoutEncoder] for [encoder] property
17:28:34,887 |-INFO in ch.qos.logback.classic.joran.action.RootLoggerAction - Setting level of ROOT logger to WARN
17:28:34,887 |-INFO in ch.qos.logback.core.joran.action.AppenderRefAction - Attaching appender named [STDOUT] to Logger[ROOT]
17:28:34,887 |-INFO in ch.qos.logback.classic.joran.action.ConfigurationAction - End of configuration.
17:28:34,889 |-INFO in ch.qos.logback.classic.joran.JoranConfigurator@29176cc1 - Registering current configuration as safe fallback point

308        WARN  main            d.u.i.k.s.ProofSettings   No proof-settings could be loaded, using defaults java.io.FileNotFoundException: /home/runner/.key/proof-settings.props (No such file or directory)
	at java.base/java.io.FileInputStream.open0(Native Method)

Running test ArrayList_contains.key
17:28:35,615 |-INFO in ch.qos.logback.classic.LoggerContext[default] - Could NOT find resource [logback-test.xml]
17:28:35,616 |-INFO in ch.qos.logback.classic.LoggerContext[default] - Found resource [logback.xml] at [file:/home/runner/work/key/key/key.core/build/resources/test/logback.xml]
17:28:35,724 |-INFO in ch.qos.logback.classic.joran.action.ConfigurationAction - debug attribute not set
17:28:35,724 |-INFO in ch.qos.logback.core.joran.action.AppenderAction - About to instantiate appender of type [ch.qos.logback.core.ConsoleAppender]
17:28:35,742 |-INFO in ch.qos.logback.core.joran.action.AppenderAction - Naming appender as [STDOUT]
17:28:35,747 |-ERROR in ch.qos.logback.core.joran.spi.Interpreter@3:15 - no applicable action for [file], current ElementPath  is [[configuration][appender][file]]
17:28:35,747 |-ERROR in ch.qos.logback.core.joran.spi.Interpreter@4:17 - no applicable action for [append], current ElementPath  is [[configuration][appender][append]]
17:28:35,748 |-INFO in ch.qos.logback.core.joran.action.NestedComplexPropertyIA - Assuming default type [ch.qos.logback.classic.encoder.PatternLayoutEncoder] for [encoder] property
17:28:35,772 |-INFO in ch.qos.logback.classic.joran.action.RootLoggerAction - Setting level of ROOT logger to WARN
17:28:35,772 |-INFO in ch.qos.logback.core.joran.action.AppenderRefAction - Attaching appender named [STDOUT] to Logger[ROOT]
17:28:35,773 |-INFO in ch.qos.logback.classic.joran.action.ConfigurationAction - End of configuration.
17:28:35,774 |-INFO in ch.qos.logback.classic.joran.JoranConfigurator@29176cc1 - Registering current configuration as safe fallback point

306        WARN  main            d.u.i.k.s.ProofSettings   No proof-settings could be loaded, using defaults java.io.FileNotFoundException: /home/runner/.key/proof-settings.props (No such file or directory)
	at java.base/java.io.FileInputStream.open0(Native Method)

Running test ArrayList_get.key
17:28:36,487 |-INFO in ch.qos.logback.classic.LoggerContext[default] - Could NOT find resource [logback-test.xml]
17:28:36,487 |-INFO in ch.qos.logback.classic.LoggerContext[default] - Found resource [logback.xml] at [file:/home/runner/work/key/key/key.core/build/resources/test/logback.xml]
17:28:36,584 |-INFO in ch.qos.logback.classic.joran.action.ConfigurationAction - debug attribute not set
17:28:36,585 |-INFO in ch.qos.logback.core.joran.action.AppenderAction - About to instantiate appender of type [ch.qos.logback.core.ConsoleAppender]
17:28:36,599 |-INFO in ch.qos.logback.core.joran.action.AppenderAction - Naming appender as [STDOUT]
17:28:36,604 |-ERROR in ch.qos.logback.core.joran.spi.Interpreter@3:15 - no applicable action for [file], current ElementPath  is [[configuration][appender][file]]
17:28:36,610 |-ERROR in ch.qos.logback.core.joran.spi.Interpreter@4:17 - no applicable action for [append], current ElementPath  is [[configuration][appender][append]]
17:28:36,611 |-INFO in ch.qos.logback.core.joran.action.NestedComplexPropertyIA - Assuming default type [ch.qos.logback.classic.encoder.PatternLayoutEncoder] for [encoder] property
17:28:36,641 |-INFO in ch.qos.logback.classic.joran.action.RootLoggerAction - Setting level of ROOT logger to WARN
17:28:36,641 |-INFO in ch.qos.logback.core.joran.action.AppenderRefAction - Attaching appender named [STDOUT] to Logger[ROOT]
17:28:36,642 |-INFO in ch.qos.logback.classic.joran.action.ConfigurationAction - End of configuration.
17:28:36,644 |-INFO in ch.qos.logback.classic.joran.JoranConfigurator@29176cc1 - Registering current configuration as safe fallback point

290        WARN  main            d.u.i.k.s.ProofSettings   No proof-settings could be loaded, using defaults java.io.FileNotFoundException: /home/runner/.key/proof-settings.props (No such file or directory)
	at java.base/java.io.FileInputStream.open0(Native Method)

Running test ArrayList_size.key
17:28:37,342 |-INFO in ch.qos.logback.classic.LoggerContext[default] - Could NOT find resource [logback-test.xml]
17:28:37,343 |-INFO in ch.qos.logback.classic.LoggerContext[default] - Found resource [logback.xml] at [file:/home/runner/work/key/key/key.core/build/resources/test/logback.xml]
17:28:37,445 |-INFO in ch.qos.logback.classic.joran.action.ConfigurationAction - debug attribute not set
17:28:37,446 |-INFO in ch.qos.logback.core.joran.action.AppenderAction - About to instantiate appender of type [ch.qos.logback.core.ConsoleAppender]
17:28:37,457 |-INFO in ch.qos.logback.core.joran.action.AppenderAction - Naming appender as [STDOUT]
17:28:37,461 |-ERROR in ch.qos.logback.core.joran.spi.Interpreter@3:15 - no applicable action for [file], current ElementPath  is [[configuration][appender][file]]
17:28:37,462 |-ERROR in ch.qos.logback.core.joran.spi.Interpreter@4:17 - no applicable action for [append], current ElementPath  is [[configuration][appender][append]]
17:28:37,463 |-INFO in ch.qos.logback.core.joran.action.NestedComplexPropertyIA - Assuming default type [ch.qos.logback.classic.encoder.PatternLayoutEncoder] for [encoder] property
17:28:37,483 |-INFO in ch.qos.logback.classic.joran.action.RootLoggerAction - Setting level of ROOT logger to WARN
17:28:37,483 |-INFO in ch.qos.logback.core.joran.action.AppenderRefAction - Attaching appender named [STDOUT] to Logger[ROOT]
17:28:37,483 |-INFO in ch.qos.logback.classic.joran.action.ConfigurationAction - End of configuration.
17:28:37,485 |-INFO in ch.qos.logback.classic.joran.JoranConfigurator@29176cc1 - Registering current configuration as safe fallback point

275        WARN  main            d.u.i.k.s.ProofSettings   No proof-settings could be loaded, using defaults java.io.FileNotFoundException: /home/runner/.key/proof-settings.props (No such file or directory)
	at java.base/java.io.FileInputStream.open0(Native Method)

Running test UpdateAbstraction_ex7_3_secure.key
17:28:38,156 |-INFO in ch.qos.logback.classic.LoggerContext[default] - Could NOT find resource [logback-test.xml]
17:28:38,157 |-INFO in ch.qos.logback.classic.LoggerContext[default] - Found resource [logback.xml] at [file:/home/runner/work/key/key/key.core/build/resources/test/logback.xml]
17:28:38,261 |-INFO in ch.qos.logback.classic.joran.action.ConfigurationAction - debug attribute not set
17:28:38,261 |-INFO in ch.qos.logback.core.joran.action.AppenderAction - About to instantiate appender of type [ch.qos.logback.core.ConsoleAppender]
17:28:38,271 |-INFO in ch.qos.logback.core.joran.action.AppenderAction - Naming appender as [STDOUT]
17:28:38,275 |-ERROR in ch.qos.logback.core.joran.spi.Interpreter@3:15 - no applicable action for [file], current ElementPath  is [[configuration][appender][file]]
17:28:38,276 |-ERROR in ch.qos.logback.core.joran.spi.Interpreter@4:17 - no applicable action for [append], current ElementPath  is [[configuration][appender][append]]
17:28:38,277 |-INFO in ch.qos.logback.core.joran.action.NestedComplexPropertyIA - Assuming default type [ch.qos.logback.classic.encoder.PatternLayoutEncoder] for [encoder] property
17:28:38,297 |-INFO in ch.qos.logback.classic.joran.action.RootLoggerAction - Setting level of ROOT logger to WARN
17:28:38,297 |-INFO in ch.qos.logback.core.joran.action.AppenderRefAction - Attaching appender named [STDOUT] to Logger[ROOT]
17:28:38,297 |-INFO in ch.qos.logback.classic.joran.action.ConfigurationAction - End of configuration.
17:28:38,299 |-INFO in ch.qos.logback.classic.joran.JoranConfigurator@29176cc1 - Registering current configuration as safe fallback point

279        WARN  main            d.u.i.k.s.ProofSettings   No proof-settings could be loaded, using defaults java.io.FileNotFoundException: /home/runner/.key/proof-settings.props (No such file or directory)
	at java.base/java.io.FileInputStream.open0(Native Method)

Running test UpdateAbstraction_ex7_4_secure.key
17:28:38,952 |-INFO in ch.qos.logback.classic.LoggerContext[default] - Could NOT find resource [logback-test.xml]
17:28:38,957 |-INFO in ch.qos.logback.classic.LoggerContext[default] - Found resource [logback.xml] at [file:/home/runner/work/key/key/key.core/build/resources/test/logback.xml]
17:28:39,063 |-INFO in ch.qos.logback.classic.joran.action.ConfigurationAction - debug attribute not set
17:28:39,064 |-INFO in ch.qos.logback.core.joran.action.AppenderAction - About to instantiate appender of type [ch.qos.logback.core.ConsoleAppender]
17:28:39,076 |-INFO in ch.qos.logback.core.joran.action.AppenderAction - Naming appender as [STDOUT]
17:28:39,081 |-ERROR in ch.qos.logback.core.joran.spi.Interpreter@3:15 - no applicable action for [file], current ElementPath  is [[configuration][appender][file]]
17:28:39,081 |-ERROR in ch.qos.logback.core.joran.spi.Interpreter@4:17 - no applicable action for [append], current ElementPath  is [[configuration][appender][append]]
17:28:39,082 |-INFO in ch.qos.logback.core.joran.action.NestedComplexPropertyIA - Assuming default type [ch.qos.logback.classic.encoder.PatternLayoutEncoder] for [encoder] property
17:28:39,102 |-INFO in ch.qos.logback.classic.joran.action.RootLoggerAction - Setting level of ROOT logger to WARN
17:28:39,102 |-INFO in ch.qos.logback.core.joran.action.AppenderRefAction - Attaching appender named [STDOUT] to Logger[ROOT]
17:28:39,102 |-INFO in ch.qos.logback.classic.joran.action.ConfigurationAction - End of configuration.
17:28:39,104 |-INFO in ch.qos.logback.classic.joran.JoranConfigurator@29176cc1 - Registering current configuration as safe fallback point

282        WARN  main            d.u.i.k.s.ProofSettings   No proof-settings could be loaded, using defaults java.io.FileNotFoundException: /home/runner/.key/proof-settings.props (No such file or directory)
	at java.base/java.io.FileInputStream.open0(Native Method)

Running test UpdateAbstraction_ex7_5_secure.key
17:28:39,824 |-INFO in ch.qos.logback.classic.LoggerContext[default] - Could NOT find resource [logback-test.xml]
17:28:39,825 |-INFO in ch.qos.logback.classic.LoggerContext[default] - Found resource [logback.xml] at [file:/home/runner/work/key/key/key.core/build/resources/test/logback.xml]
17:28:40,003 |-INFO in ch.qos.logback.classic.joran.action.ConfigurationAction - debug attribute not set
17:28:40,003 |-INFO in ch.qos.logback.core.joran.action.AppenderAction - About to instantiate appender of type [ch.qos.logback.core.ConsoleAppender]
17:28:40,012 |-INFO in ch.qos.logback.core.joran.action.AppenderAction - Naming appender as [STDOUT]
17:28:40,016 |-ERROR in ch.qos.logback.core.joran.spi.Interpreter@3:15 - no applicable action for [file], current ElementPath  is [[configuration][appender][file]]
17:28:40,017 |-ERROR in ch.qos.logback.core.joran.spi.Interpreter@4:17 - no applicable action for [append], current ElementPath  is [[configuration][appender][append]]
17:28:40,018 |-INFO in ch.qos.logback.core.joran.action.NestedComplexPropertyIA - Assuming default type [ch.qos.logback.classic.encoder.PatternLayoutEncoder] for [encoder] property
17:28:40,037 |-INFO in ch.qos.logback.classic.joran.action.RootLoggerAction - Setting level of ROOT logger to WARN
17:28:40,037 |-INFO in ch.qos.logback.core.joran.action.AppenderRefAction - Attaching appender named [STDOUT] to Logger[ROOT]
17:28:40,038 |-INFO in ch.qos.logback.classic.joran.action.ConfigurationAction - End of configuration.
17:28:40,039 |-INFO in ch.qos.logback.classic.joran.JoranConfigurator@2f177a4b - Registering current configuration as safe fallback point

377        WARN  main            d.u.i.k.s.ProofSettings   No proof-settings could be loaded, using defaults java.io.FileNotFoundException: /home/runner/.key/proof-settings.props (No such file or directory)
	at java.base/java.io.FileInputStream.open0(Native Method)

Running test UpdateAbstraction_ex7_6_secure.key
17:28:40,692 |-INFO in ch.qos.logback.classic.LoggerContext[default] - Could NOT find resource [logback-test.xml]
17:28:40,693 |-INFO in ch.qos.logback.classic.LoggerContext[default] - Found resource [logback.xml] at [file:/home/runner/work/key/key/key.core/build/resources/test/logback.xml]
17:28:40,792 |-INFO in ch.qos.logback.classic.joran.action.ConfigurationAction - debug attribute not set
17:28:40,793 |-INFO in ch.qos.logback.core.joran.action.AppenderAction - About to instantiate appender of type [ch.qos.logback.core.ConsoleAppender]
17:28:40,810 |-INFO in ch.qos.logback.core.joran.action.AppenderAction - Naming appender as [STDOUT]
17:28:40,815 |-ERROR in ch.qos.logback.core.joran.spi.Interpreter@3:15 - no applicable action for [file], current ElementPath  is [[configuration][appender][file]]
17:28:40,815 |-ERROR in ch.qos.logback.core.joran.spi.Interpreter@4:17 - no applicable action for [append], current ElementPath  is [[configuration][appender][append]]
17:28:40,816 |-INFO in ch.qos.logback.core.joran.action.NestedComplexPropertyIA - Assuming default type [ch.qos.logback.classic.encoder.PatternLayoutEncoder] for [encoder] property
17:28:40,837 |-INFO in ch.qos.logback.classic.joran.action.RootLoggerAction - Setting level of ROOT logger to WARN
17:28:40,839 |-INFO in ch.qos.logback.core.joran.action.AppenderRefAction - Attaching appender named [STDOUT] to Logger[ROOT]
17:28:40,840 |-INFO in ch.qos.logback.classic.joran.action.ConfigurationAction - End of configuration.
17:28:40,842 |-INFO in ch.qos.logback.classic.joran.JoranConfigurator@29176cc1 - Registering current configuration as safe fallback point

289        WARN  main            d.u.i.k.s.ProofSettings   No proof-settings could be loaded, using defaults java.io.FileNotFoundException: /home/runner/.key/proof-settings.props (No such file or directory)
	at java.base/java.io.FileInputStream.open0(Native Method)

Running test UpdateAbstraction_ex9_secure.key
17:28:41,537 |-INFO in ch.qos.logback.classic.LoggerContext[default] - Could NOT find resource [logback-test.xml]
17:28:41,538 |-INFO in ch.qos.logback.classic.LoggerContext[default] - Found resource [logback.xml] at [file:/home/runner/work/key/key/key.core/build/resources/test/logback.xml]
17:28:41,651 |-INFO in ch.qos.logback.classic.joran.action.ConfigurationAction - debug attribute not set
17:28:41,653 |-INFO in ch.qos.logback.core.joran.action.AppenderAction - About to instantiate appender of type [ch.qos.logback.core.ConsoleAppender]
17:28:41,663 |-INFO in ch.qos.logback.core.joran.action.AppenderAction - Naming appender as [STDOUT]
17:28:41,668 |-ERROR in ch.qos.logback.core.joran.spi.Interpreter@3:15 - no applicable action for [file], current ElementPath  is [[configuration][appender][file]]
17:28:41,668 |-ERROR in ch.qos.logback.core.joran.spi.Interpreter@4:17 - no applicable action for [append], current ElementPath  is [[configuration][appender][append]]
17:28:41,669 |-INFO in ch.qos.logback.core.joran.action.NestedComplexPropertyIA - Assuming default type [ch.qos.logback.classic.encoder.PatternLayoutEncoder] for [encoder] property
17:28:41,699 |-INFO in ch.qos.logback.classic.joran.action.RootLoggerAction - Setting level of ROOT logger to WARN
17:28:41,699 |-INFO in ch.qos.logback.core.joran.action.AppenderRefAction - Attaching appender named [STDOUT] to Logger[ROOT]
17:28:41,699 |-INFO in ch.qos.logback.classic.joran.action.ConfigurationAction - End of configuration.
17:28:41,701 |-INFO in ch.qos.logback.classic.joran.JoranConfigurator@29176cc1 - Registering current configuration as safe fallback point

302        WARN  main            d.u.i.k.s.ProofSettings   No proof-settings could be loaded, using defaults java.io.FileNotFoundException: /home/runner/.key/proof-settings.props (No such file or directory)
	at java.base/java.io.FileInputStream.open0(Native Method)

Running test list
17:28:42,439 |-INFO in ch.qos.logback.classic.LoggerContext[default] - Could NOT find resource [logback-test.xml]
17:28:42,440 |-INFO in ch.qos.logback.classic.LoggerContext[default] - Found resource [logback.xml] at [file:/home/runner/work/key/key/key.core/build/resources/test/logback.xml]
17:28:42,540 |-INFO in ch.qos.logback.classic.joran.action.ConfigurationAction - debug attribute not set
17:28:42,541 |-INFO in ch.qos.logback.core.joran.action.AppenderAction - About to instantiate appender of type [ch.qos.logback.core.ConsoleAppender]
17:28:42,551 |-INFO in ch.qos.logback.core.joran.action.AppenderAction - Naming appender as [STDOUT]
17:28:42,556 |-ERROR in ch.qos.logback.core.joran.spi.Interpreter@3:15 - no applicable action for [file], current ElementPath  is [[configuration][appender][file]]
17:28:42,556 |-ERROR in ch.qos.logback.core.joran.spi.Interpreter@4:17 - no applicable action for [append], current ElementPath  is [[configuration][appender][append]]
17:28:42,557 |-INFO in ch.qos.logback.core.joran.action.NestedComplexPropertyIA - Assuming default type [ch.qos.logback.classic.encoder.PatternLayoutEncoder] for [encoder] property
17:28:42,580 |-INFO in ch.qos.logback.classic.joran.action.RootLoggerAction - Setting level of ROOT logger to WARN
17:28:42,580 |-INFO in ch.qos.logback.core.joran.action.AppenderRefAction - Attaching appender named [STDOUT] to Logger[ROOT]
17:28:42,580 |-INFO in ch.qos.logback.classic.joran.action.ConfigurationAction - End of configuration.
17:28:42,582 |-INFO in ch.qos.logback.classic.joran.JoranConfigurator@29176cc1 - Registering current configuration as safe fallback point

295        WARN  main            d.u.i.k.s.ProofSettings   No proof-settings could be loaded, using defaults java.io.FileNotFoundException: /home/runner/.key/proof-settings.props (No such file or directory)
	at java.base/java.io.FileInputStream.open0(Native Method)

Running test list_ghost
17:28:43,641 |-INFO in ch.qos.logback.classic.LoggerContext[default] - Could NOT find resource [logback-test.xml]
17:28:43,642 |-INFO in ch.qos.logback.classic.LoggerContext[default] - Found resource [logback.xml] at [file:/home/runner/work/key/key/key.core/build/resources/test/logback.xml]
17:28:43,737 |-INFO in ch.qos.logback.classic.joran.action.ConfigurationAction - debug attribute not set
17:28:43,738 |-INFO in ch.qos.logback.core.joran.action.AppenderAction - About to instantiate appender of type [ch.qos.logback.core.ConsoleAppender]
17:28:43,752 |-INFO in ch.qos.logback.core.joran.action.AppenderAction - Naming appender as [STDOUT]
17:28:43,756 |-ERROR in ch.qos.logback.core.joran.spi.Interpreter@3:15 - no applicable action for [file], current ElementPath  is [[configuration][appender][file]]
17:28:43,756 |-ERROR in ch.qos.logback.core.joran.spi.Interpreter@4:17 - no applicable action for [append], current ElementPath  is [[configuration][appender][append]]
17:28:43,757 |-INFO in ch.qos.logback.core.joran.action.NestedComplexPropertyIA - Assuming default type [ch.qos.logback.classic.encoder.PatternLayoutEncoder] for [encoder] property
17:28:43,777 |-INFO in ch.qos.logback.classic.joran.action.RootLoggerAction - Setting level of ROOT logger to WARN
17:28:43,777 |-INFO in ch.qos.logback.core.joran.action.AppenderRefAction - Attaching appender named [STDOUT] to Logger[ROOT]
17:28:43,778 |-INFO in ch.qos.logback.classic.joran.action.ConfigurationAction - End of configuration.
17:28:43,779 |-INFO in ch.qos.logback.classic.joran.JoranConfigurator@29176cc1 - Registering current configuration as safe fallback point

307        WARN  main            d.u.i.k.s.ProofSettings   No proof-settings could be loaded, using defaults java.io.FileNotFoundException: /home/runner/.key/proof-settings.props (No such file or directory)
	at java.base/java.io.FileInputStream.open0(Native Method)

Running test list_recursive
17:28:44,732 |-INFO in ch.qos.logback.classic.LoggerContext[default] - Could NOT find resource [logback-test.xml]
17:28:44,733 |-INFO in ch.qos.logback.classic.LoggerContext[default] - Found resource [logback.xml] at [file:/home/runner/work/key/key/key.core/build/resources/test/logback.xml]
17:28:44,829 |-INFO in ch.qos.logback.classic.joran.action.ConfigurationAction - debug attribute not set
17:28:44,829 |-INFO in ch.qos.logback.core.joran.action.AppenderAction - About to instantiate appender of type [ch.qos.logback.core.ConsoleAppender]
17:28:44,844 |-INFO in ch.qos.logback.core.joran.action.AppenderAction - Naming appender as [STDOUT]
17:28:44,849 |-ERROR in ch.qos.logback.core.joran.spi.Interpreter@3:15 - no applicable action for [file], current ElementPath  is [[configuration][appender][file]]
17:28:44,849 |-ERROR in ch.qos.logback.core.joran.spi.Interpreter@4:17 - no applicable action for [append], current ElementPath  is [[configuration][appender][append]]
17:28:44,850 |-INFO in ch.qos.logback.core.joran.action.NestedComplexPropertyIA - Assuming default type [ch.qos.logback.classic.encoder.PatternLayoutEncoder] for [encoder] property
17:28:44,894 |-INFO in ch.qos.logback.classic.joran.action.RootLoggerAction - Setting level of ROOT logger to WARN
17:28:44,894 |-INFO in ch.qos.logback.core.joran.action.AppenderRefAction - Attaching appender named [STDOUT] to Logger[ROOT]
17:28:44,894 |-INFO in ch.qos.logback.classic.joran.action.ConfigurationAction - End of configuration.
17:28:44,896 |-INFO in ch.qos.logback.classic.joran.JoranConfigurator@2f177a4b - Registering current configuration as safe fallback point

299        WARN  main            d.u.i.k.s.ProofSettings   No proof-settings could be loaded, using defaults java.io.FileNotFoundException: /home/runner/.key/proof-settings.props (No such file or directory)
	at java.base/java.io.FileInputStream.open0(Native Method)

Running test list_seq
17:28:45,603 |-INFO in ch.qos.logback.classic.LoggerContext[default] - Could NOT find resource [logback-test.xml]
17:28:45,604 |-INFO in ch.qos.logback.classic.LoggerContext[default] - Found resource [logback.xml] at [file:/home/runner/work/key/key/key.core/build/resources/test/logback.xml]
17:28:45,706 |-INFO in ch.qos.logback.classic.joran.action.ConfigurationAction - debug attribute not set
17:28:45,707 |-INFO in ch.qos.logback.core.joran.action.AppenderAction - About to instantiate appender of type [ch.qos.logback.core.ConsoleAppender]
17:28:45,717 |-INFO in ch.qos.logback.core.joran.action.AppenderAction - Naming appender as [STDOUT]
17:28:45,721 |-ERROR in ch.qos.logback.core.joran.spi.Interpreter@3:15 - no applicable action for [file], current ElementPath  is [[configuration][appender][file]]
17:28:45,722 |-ERROR in ch.qos.logback.core.joran.spi.Interpreter@4:17 - no applicable action for [append], current ElementPath  is [[configuration][appender][append]]
17:28:45,723 |-INFO in ch.qos.logback.core.joran.action.NestedComplexPropertyIA - Assuming default type [ch.qos.logback.classic.encoder.PatternLayoutEncoder] for [encoder] property
17:28:45,743 |-INFO in ch.qos.logback.classic.joran.action.RootLoggerAction - Setting level of ROOT logger to WARN
17:28:45,743 |-INFO in ch.qos.logback.core.joran.action.AppenderRefAction - Attaching appender named [STDOUT] to Logger[ROOT]
17:28:45,743 |-INFO in ch.qos.logback.classic.joran.action.ConfigurationAction - End of configuration.
17:28:45,745 |-INFO in ch.qos.logback.classic.joran.JoranConfigurator@29176cc1 - Registering current configuration as safe fallback point

288        WARN  main            d.u.i.k.s.ProofSettings   No proof-settings could be loaded, using defaults java.io.FileNotFoundException: /home/runner/.key/proof-settings.props (No such file or directory)
	at java.base/java.io.FileInputStream.open0(Native Method)

Running test observer
17:28:46,497 |-INFO in ch.qos.logback.classic.LoggerContext[default] - Could NOT find resource [logback-test.xml]
17:28:46,498 |-INFO in ch.qos.logback.classic.LoggerContext[default] - Found resource [logback.xml] at [file:/home/runner/work/key/key/key.core/build/resources/test/logback.xml]
17:28:46,613 |-INFO in ch.qos.logback.classic.joran.action.ConfigurationAction - debug attribute not set
17:28:46,616 |-INFO in ch.qos.logback.core.joran.action.AppenderAction - About to instantiate appender of type [ch.qos.logback.core.ConsoleAppender]
17:28:46,628 |-INFO in ch.qos.logback.core.joran.action.AppenderAction - Naming appender as [STDOUT]
17:28:46,633 |-ERROR in ch.qos.logback.core.joran.spi.Interpreter@3:15 - no applicable action for [file], current ElementPath  is [[configuration][appender][file]]
17:28:46,633 |-ERROR in ch.qos.logback.core.joran.spi.Interpreter@4:17 - no applicable action for [append], current ElementPath  is [[configuration][appender][append]]
17:28:46,634 |-INFO in ch.qos.logback.core.joran.action.NestedComplexPropertyIA - Assuming default type [ch.qos.logback.classic.encoder.PatternLayoutEncoder] for [encoder] property
17:28:46,671 |-INFO in ch.qos.logback.classic.joran.action.RootLoggerAction - Setting level of ROOT logger to WARN
17:28:46,671 |-INFO in ch.qos.logback.core.joran.action.AppenderRefAction - Attaching appender named [STDOUT] to Logger[ROOT]
17:28:46,671 |-INFO in ch.qos.logback.classic.joran.action.ConfigurationAction - End of configuration.
17:28:46,673 |-INFO in ch.qos.logback.classic.joran.JoranConfigurator@29176cc1 - Registering current configuration as safe fallback point

301        WARN  main            d.u.i.k.s.ProofSettings   No proof-settings could be loaded, using defaults java.io.FileNotFoundException: /home/runner/.key/proof-settings.props (No such file or directory)
	at java.base/java.io.FileInputStream.open0(Native Method)

Running test removeDups
17:28:47,582 |-INFO in ch.qos.logback.classic.LoggerContext[default] - Could NOT find resource [logback-test.xml]
17:28:47,583 |-INFO in ch.qos.logback.classic.LoggerContext[default] - Found resource [logback.xml] at [file:/home/runner/work/key/key/key.core/build/resources/test/logback.xml]
17:28:47,710 |-INFO in ch.qos.logback.classic.joran.action.ConfigurationAction - debug attribute not set
17:28:47,711 |-INFO in ch.qos.logback.core.joran.action.AppenderAction - About to instantiate appender of type [ch.qos.logback.core.ConsoleAppender]
17:28:47,721 |-INFO in ch.qos.logback.core.joran.action.AppenderAction - Naming appender as [STDOUT]
17:28:47,726 |-ERROR in ch.qos.logback.core.joran.spi.Interpreter@3:15 - no applicable action for [file], current ElementPath  is [[configuration][appender][file]]
17:28:47,726 |-ERROR in ch.qos.logback.core.joran.spi.Interpreter@4:17 - no applicable action for [append], current ElementPath  is [[configuration][appender][append]]
17:28:47,727 |-INFO in ch.qos.logback.core.joran.action.NestedComplexPropertyIA - Assuming default type [ch.qos.logback.classic.encoder.PatternLayoutEncoder] for [encoder] property
17:28:47,746 |-INFO in ch.qos.logback.classic.joran.action.RootLoggerAction - Setting level of ROOT logger to WARN
17:28:47,746 |-INFO in ch.qos.logback.core.joran.action.AppenderRefAction - Attaching appender named [STDOUT] to Logger[ROOT]
17:28:47,746 |-INFO in ch.qos.logback.classic.joran.action.ConfigurationAction - End of configuration.
17:28:47,748 |-INFO in ch.qos.logback.classic.joran.JoranConfigurator@29176cc1 - Registering current configuration as safe fallback point

310        WARN  main            d.u.i.k.s.ProofSettings   No proof-settings could be loaded, using defaults java.io.FileNotFoundException: /home/runner/.key/proof-settings.props (No such file or directory)
	at java.base/java.io.FileInputStream.open0(Native Method)

Running test Saddleback_search.key
17:28:48,415 |-INFO in ch.qos.logback.classic.LoggerContext[default] - Could NOT find resource [logback-test.xml]
17:28:48,416 |-INFO in ch.qos.logback.classic.LoggerContext[default] - Found resource [logback.xml] at [file:/home/runner/work/key/key/key.core/build/resources/test/logback.xml]
17:28:48,516 |-INFO in ch.qos.logback.classic.joran.action.ConfigurationAction - debug attribute not set
17:28:48,517 |-INFO in ch.qos.logback.core.joran.action.AppenderAction - About to instantiate appender of type [ch.qos.logback.core.ConsoleAppender]
17:28:48,530 |-INFO in ch.qos.logback.core.joran.action.AppenderAction - Naming appender as [STDOUT]
17:28:48,538 |-ERROR in ch.qos.logback.core.joran.spi.Interpreter@3:15 - no applicable action for [file], current ElementPath  is [[configuration][appender][file]]
17:28:48,538 |-ERROR in ch.qos.logback.core.joran.spi.Interpreter@4:17 - no applicable action for [append], current ElementPath  is [[configuration][appender][append]]
17:28:48,539 |-INFO in ch.qos.logback.core.joran.action.NestedComplexPropertyIA - Assuming default type [ch.qos.logback.classic.encoder.PatternLayoutEncoder] for [encoder] property
17:28:48,560 |-INFO in ch.qos.logback.classic.joran.action.RootLoggerAction - Setting level of ROOT logger to WARN
17:28:48,560 |-INFO in ch.qos.logback.core.joran.action.AppenderRefAction - Attaching appender named [STDOUT] to Logger[ROOT]
17:28:48,561 |-INFO in ch.qos.logback.classic.joran.action.ConfigurationAction - End of configuration.
17:28:48,562 |-INFO in ch.qos.logback.classic.joran.JoranConfigurator@29176cc1 - Registering current configuration as safe fallback point

309        WARN  main            d.u.i.k.s.ProofSettings   No proof-settings could be loaded, using defaults java.io.FileNotFoundException: /home/runner/.key/proof-settings.props (No such file or directory)
	at java.base/java.io.FileInputStream.open0(Native Method)

Running test quicksort
17:28:49,294 |-INFO in ch.qos.logback.classic.LoggerContext[default] - Could NOT find resource [logback-test.xml]
17:28:49,295 |-INFO in ch.qos.logback.classic.LoggerContext[default] - Found resource [logback.xml] at [file:/home/runner/work/key/key/key.core/build/resources/test/logback.xml]
17:28:49,417 |-INFO in ch.qos.logback.classic.joran.action.ConfigurationAction - debug attribute not set
17:28:49,417 |-INFO in ch.qos.logback.core.joran.action.AppenderAction - About to instantiate appender of type [ch.qos.logback.core.ConsoleAppender]
17:28:49,433 |-INFO in ch.qos.logback.core.joran.action.AppenderAction - Naming appender as [STDOUT]
17:28:49,437 |-ERROR in ch.qos.logback.core.joran.spi.Interpreter@3:15 - no applicable action for [file], current ElementPath  is [[configuration][appender][file]]
17:28:49,437 |-ERROR in ch.qos.logback.core.joran.spi.Interpreter@4:17 - no applicable action for [append], current ElementPath  is [[configuration][appender][append]]
17:28:49,439 |-INFO in ch.qos.logback.core.joran.action.NestedComplexPropertyIA - Assuming default type [ch.qos.logback.classic.encoder.PatternLayoutEncoder] for [encoder] property
17:28:49,460 |-INFO in ch.qos.logback.classic.joran.action.RootLoggerAction - Setting level of ROOT logger to WARN
17:28:49,460 |-INFO in ch.qos.logback.core.joran.action.AppenderRefAction - Attaching appender named [STDOUT] to Logger[ROOT]
17:28:49,461 |-INFO in ch.qos.logback.classic.joran.action.ConfigurationAction - End of configuration.
17:28:49,462 |-INFO in ch.qos.logback.classic.joran.JoranConfigurator@29176cc1 - Registering current configuration as safe fallback point

297        WARN  main            d.u.i.k.s.ProofSettings   No proof-settings could be loaded, using defaults java.io.FileNotFoundException: /home/runner/.key/proof-settings.props (No such file or directory)
	at java.base/java.io.FileInputStream.open0(Native Method)

Running test simpleTests
17:28:50,179 |-INFO in ch.qos.logback.classic.LoggerContext[default] - Could NOT find resource [logback-test.xml]
17:28:50,180 |-INFO in ch.qos.logback.classic.LoggerContext[default] - Found resource [logback.xml] at [file:/home/runner/work/key/key/key.core/build/resources/test/logback.xml]
17:28:50,277 |-INFO in ch.qos.logback.classic.joran.action.ConfigurationAction - debug attribute not set
17:28:50,277 |-INFO in ch.qos.logback.core.joran.action.AppenderAction - About to instantiate appender of type [ch.qos.logback.core.ConsoleAppender]
17:28:50,289 |-INFO in ch.qos.logback.core.joran.action.AppenderAction - Naming appender as [STDOUT]
17:28:50,297 |-ERROR in ch.qos.logback.core.joran.spi.Interpreter@3:15 - no applicable action for [file], current ElementPath  is [[configuration][appender][file]]
17:28:50,297 |-ERROR in ch.qos.logback.core.joran.spi.Interpreter@4:17 - no applicable action for [append], current ElementPath  is [[configuration][appender][append]]
17:28:50,298 |-INFO in ch.qos.logback.core.joran.action.NestedComplexPropertyIA - Assuming default type [ch.qos.logback.classic.encoder.PatternLayoutEncoder] for [encoder] property
17:28:50,317 |-INFO in ch.qos.logback.classic.joran.action.RootLoggerAction - Setting level of ROOT logger to WARN
17:28:50,318 |-INFO in ch.qos.logback.core.joran.action.AppenderRefAction - Attaching appender named [STDOUT] to Logger[ROOT]
17:28:50,318 |-INFO in ch.qos.logback.classic.joran.action.ConfigurationAction - End of configuration.
17:28:50,320 |-INFO in ch.qos.logback.classic.joran.JoranConfigurator@29176cc1 - Registering current configuration as safe fallback point

293        WARN  main            d.u.i.k.s.ProofSettings   No proof-settings could be loaded, using defaults java.io.FileNotFoundException: /home/runner/.key/proof-settings.props (No such file or directory)
	at java.base/java.io.FileInputStream.open0(Native Method)

Running test SmansEtAl
17:28:51,465 |-INFO in ch.qos.logback.classic.LoggerContext[default] - Could NOT find resource [logback-test.xml]
17:28:51,466 |-INFO in ch.qos.logback.classic.LoggerContext[default] - Found resource [logback.xml] at [file:/home/runner/work/key/key/key.core/build/resources/test/logback.xml]
17:28:51,591 |-INFO in ch.qos.logback.classic.joran.action.ConfigurationAction - debug attribute not set
17:28:51,591 |-INFO in ch.qos.logback.core.joran.action.AppenderAction - About to instantiate appender of type [ch.qos.logback.core.ConsoleAppender]
17:28:51,603 |-INFO in ch.qos.logback.core.joran.action.AppenderAction - Naming appender as [STDOUT]
17:28:51,607 |-ERROR in ch.qos.logback.core.joran.spi.Interpreter@3:15 - no applicable action for [file], current ElementPath  is [[configuration][appender][file]]
17:28:51,608 |-ERROR in ch.qos.logback.core.joran.spi.Interpreter@4:17 - no applicable action for [append], current ElementPath  is [[configuration][appender][append]]
17:28:51,609 |-INFO in ch.qos.logback.core.joran.action.NestedComplexPropertyIA - Assuming default type [ch.qos.logback.classic.encoder.PatternLayoutEncoder] for [encoder] property
17:28:51,628 |-INFO in ch.qos.logback.classic.joran.action.RootLoggerAction - Setting level of ROOT logger to WARN
17:28:51,628 |-INFO in ch.qos.logback.core.joran.action.AppenderRefAction - Attaching appender named [STDOUT] to Logger[ROOT]
17:28:51,628 |-INFO in ch.qos.logback.classic.joran.action.ConfigurationAction - End of configuration.
17:28:51,630 |-INFO in ch.qos.logback.classic.joran.JoranConfigurator@29176cc1 - Registering current configuration as safe fallback point

312        WARN  main            d.u.i.k.s.ProofSettings   No proof-settings could be loaded, using defaults java.io.FileNotFoundException: /home/runner/.key/proof-settings.props (No such file or directory)
	at java.base/java.io.FileInputStream.open0(Native Method)

Running test VACID0
17:28:52,585 |-INFO in ch.qos.logback.classic.LoggerContext[default] - Could NOT find resource [logback-test.xml]
17:28:52,586 |-INFO in ch.qos.logback.classic.LoggerContext[default] - Found resource [logback.xml] at [file:/home/runner/work/key/key/key.core/build/resources/test/logback.xml]
17:28:52,684 |-INFO in ch.qos.logback.classic.joran.action.ConfigurationAction - debug attribute not set
17:28:52,684 |-INFO in ch.qos.logback.core.joran.action.AppenderAction - About to instantiate appender of type [ch.qos.logback.core.ConsoleAppender]
17:28:52,695 |-INFO in ch.qos.logback.core.joran.action.AppenderAction - Naming appender as [STDOUT]
17:28:52,706 |-ERROR in ch.qos.logback.core.joran.spi.Interpreter@3:15 - no applicable action for [file], current ElementPath  is [[configuration][appender][file]]
17:28:52,707 |-ERROR in ch.qos.logback.core.joran.spi.Interpreter@4:17 - no applicable action for [append], current ElementPath  is [[configuration][appender][append]]
17:28:52,709 |-INFO in ch.qos.logback.core.joran.action.NestedComplexPropertyIA - Assuming default type [ch.qos.logback.classic.encoder.PatternLayoutEncoder] for [encoder] property
17:28:52,730 |-INFO in ch.qos.logback.classic.joran.action.RootLoggerAction - Setting level of ROOT logger to WARN
17:28:52,730 |-INFO in ch.qos.logback.core.joran.action.AppenderRefAction - Attaching appender named [STDOUT] to Logger[ROOT]
17:28:52,731 |-INFO in ch.qos.logback.classic.joran.action.ConfigurationAction - End of configuration.
17:28:52,732 |-INFO in ch.qos.logback.classic.joran.JoranConfigurator@29176cc1 - Registering current configuration as safe fallback point

293        WARN  main            d.u.i.k.s.ProofSettings   No proof-settings could be loaded, using defaults java.io.FileNotFoundException: /home/runner/.key/proof-settings.props (No such file or directory)
	at java.base/java.io.FileInputStream.open0(Native Method)

Running test VSTTE10
17:28:53,503 |-INFO in ch.qos.logback.classic.LoggerContext[default] - Could NOT find resource [logback-test.xml]
17:28:53,507 |-INFO in ch.qos.logback.classic.LoggerContext[default] - Found resource [logback.xml] at [file:/home/runner/work/key/key/key.core/build/resources/test/logback.xml]
17:28:53,632 |-INFO in ch.qos.logback.classic.joran.action.ConfigurationAction - debug attribute not set
17:28:53,633 |-INFO in ch.qos.logback.core.joran.action.AppenderAction - About to instantiate appender of type [ch.qos.logback.core.ConsoleAppender]
17:28:53,643 |-INFO in ch.qos.logback.core.joran.action.AppenderAction - Naming appender as [STDOUT]
17:28:53,650 |-ERROR in ch.qos.logback.core.joran.spi.Interpreter@3:15 - no applicable action for [file], current ElementPath  is [[configuration][appender][file]]
17:28:53,651 |-ERROR in ch.qos.logback.core.joran.spi.Interpreter@4:17 - no applicable action for [append], current ElementPath  is [[configuration][appender][append]]
17:28:53,654 |-INFO in ch.qos.logback.core.joran.action.NestedComplexPropertyIA - Assuming default type [ch.qos.logback.classic.encoder.PatternLayoutEncoder] for [encoder] property
17:28:53,674 |-INFO in ch.qos.logback.classic.joran.action.RootLoggerAction - Setting level of ROOT logger to WARN
17:28:53,674 |-INFO in ch.qos.logback.core.joran.action.AppenderRefAction - Attaching appender named [STDOUT] to Logger[ROOT]
17:28:53,674 |-INFO in ch.qos.logback.classic.joran.action.ConfigurationAction - End of configuration.
17:28:53,676 |-INFO in ch.qos.logback.classic.joran.JoranConfigurator@29176cc1 - Registering current configuration as safe fallback point

312        WARN  main            d.u.i.k.s.ProofSettings   No proof-settings could be loaded, using defaults java.io.FileNotFoundException: /home/runner/.key/proof-settings.props (No such file or directory)
	at java.base/java.io.FileInputStream.open0(Native Method)

Running test WeideEtAl
17:28:54,493 |-INFO in ch.qos.logback.classic.LoggerContext[default] - Could NOT find resource [logback-test.xml]
17:28:54,494 |-INFO in ch.qos.logback.classic.LoggerContext[default] - Found resource [logback.xml] at [file:/home/runner/work/key/key/key.core/build/resources/test/logback.xml]
17:28:54,609 |-INFO in ch.qos.logback.classic.joran.action.ConfigurationAction - debug attribute not set
17:28:54,609 |-INFO in ch.qos.logback.core.joran.action.AppenderAction - About to instantiate appender of type [ch.qos.logback.core.ConsoleAppender]
17:28:54,618 |-INFO in ch.qos.logback.core.joran.action.AppenderAction - Naming appender as [STDOUT]
17:28:54,623 |-ERROR in ch.qos.logback.core.joran.spi.Interpreter@3:15 - no applicable action for [file], current ElementPath  is [[configuration][appender][file]]
17:28:54,623 |-ERROR in ch.qos.logback.core.joran.spi.Interpreter@4:17 - no applicable action for [append], current ElementPath  is [[configuration][appender][append]]
17:28:54,624 |-INFO in ch.qos.logback.core.joran.action.NestedComplexPropertyIA - Assuming default type [ch.qos.logback.classic.encoder.PatternLayoutEncoder] for [encoder] property
17:28:54,645 |-INFO in ch.qos.logback.classic.joran.action.RootLoggerAction - Setting level of ROOT logger to WARN
17:28:54,645 |-INFO in ch.qos.logback.core.joran.action.AppenderRefAction - Attaching appender named [STDOUT] to Logger[ROOT]
17:28:54,645 |-INFO in ch.qos.logback.classic.joran.action.ConfigurationAction - End of configuration.
17:28:54,647 |-INFO in ch.qos.logback.classic.joran.JoranConfigurator@29176cc1 - Registering current configuration as safe fallback point

275        WARN  main            d.u.i.k.s.ProofSettings   No proof-settings could be loaded, using defaults java.io.FileNotFoundException: /home/runner/.key/proof-settings.props (No such file or directory)
	at java.base/java.io.FileInputStream.open0(Native Method)

Running test arithmetic
17:28:55,319 |-INFO in ch.qos.logback.classic.LoggerContext[default] - Could NOT find resource [logback-test.xml]
17:28:55,319 |-INFO in ch.qos.logback.classic.LoggerContext[default] - Found resource [logback.xml] at [file:/home/runner/work/key/key/key.core/build/resources/test/logback.xml]
17:28:55,420 |-INFO in ch.qos.logback.classic.joran.action.ConfigurationAction - debug attribute not set
17:28:55,420 |-INFO in ch.qos.logback.core.joran.action.AppenderAction - About to instantiate appender of type [ch.qos.logback.core.ConsoleAppender]
17:28:55,432 |-INFO in ch.qos.logback.core.joran.action.AppenderAction - Naming appender as [STDOUT]
17:28:55,436 |-ERROR in ch.qos.logback.core.joran.spi.Interpreter@3:15 - no applicable action for [file], current ElementPath  is [[configuration][appender][file]]
17:28:55,436 |-ERROR in ch.qos.logback.core.joran.spi.Interpreter@4:17 - no applicable action for [append], current ElementPath  is [[configuration][appender][append]]
17:28:55,438 |-INFO in ch.qos.logback.core.joran.action.NestedComplexPropertyIA - Assuming default type [ch.qos.logback.classic.encoder.PatternLayoutEncoder] for [encoder] property
17:28:55,458 |-INFO in ch.qos.logback.classic.joran.action.RootLoggerAction - Setting level of ROOT logger to WARN
17:28:55,458 |-INFO in ch.qos.logback.core.joran.action.AppenderRefAction - Attaching appender named [STDOUT] to Logger[ROOT]
17:28:55,458 |-INFO in ch.qos.logback.classic.joran.action.ConfigurationAction - End of configuration.
17:28:55,460 |-INFO in ch.qos.logback.classic.joran.JoranConfigurator@29176cc1 - Registering current configuration as safe fallback point

302        WARN  main            d.u.i.k.s.ProofSettings   No proof-settings could be loaded, using defaults java.io.FileNotFoundException: /home/runner/.key/proof-settings.props (No such file or directory)
	at java.base/java.io.FileInputStream.open0(Native Method)

Running test arrays
17:28:56,950 |-INFO in ch.qos.logback.classic.LoggerContext[default] - Could NOT find resource [logback-test.xml]
17:28:56,951 |-INFO in ch.qos.logback.classic.LoggerContext[default] - Found resource [logback.xml] at [file:/home/runner/work/key/key/key.core/build/resources/test/logback.xml]
17:28:57,059 |-INFO in ch.qos.logback.classic.joran.action.ConfigurationAction - debug attribute not set
17:28:57,060 |-INFO in ch.qos.logback.core.joran.action.AppenderAction - About to instantiate appender of type [ch.qos.logback.core.ConsoleAppender]
17:28:57,072 |-INFO in ch.qos.logback.core.joran.action.AppenderAction - Naming appender as [STDOUT]
17:28:57,078 |-ERROR in ch.qos.logback.core.joran.spi.Interpreter@3:15 - no applicable action for [file], current ElementPath  is [[configuration][appender][file]]
17:28:57,078 |-ERROR in ch.qos.logback.core.joran.spi.Interpreter@4:17 - no applicable action for [append], current ElementPath  is [[configuration][appender][append]]
17:28:57,081 |-INFO in ch.qos.logback.core.joran.action.NestedComplexPropertyIA - Assuming default type [ch.qos.logback.classic.encoder.PatternLayoutEncoder] for [encoder] property
17:28:57,120 |-INFO in ch.qos.logback.classic.joran.action.RootLoggerAction - Setting level of ROOT logger to WARN
17:28:57,120 |-INFO in ch.qos.logback.core.joran.action.AppenderRefAction - Attaching appender named [STDOUT] to Logger[ROOT]
17:28:57,121 |-INFO in ch.qos.logback.classic.joran.action.ConfigurationAction - End of configuration.
17:28:57,122 |-INFO in ch.qos.logback.classic.joran.JoranConfigurator@29176cc1 - Registering current configuration as safe fallback point

317        WARN  main            d.u.i.k.s.ProofSettings   No proof-settings could be loaded, using defaults java.io.FileNotFoundException: /home/runner/.key/proof-settings.props (No such file or directory)
	at java.base/java.io.FileInputStream.open0(Native Method)

Running test javadl
17:28:57,901 |-INFO in ch.qos.logback.classic.LoggerContext[default] - Could NOT find resource [logback-test.xml]
17:28:57,902 |-INFO in ch.qos.logback.classic.LoggerContext[default] - Found resource [logback.xml] at [file:/home/runner/work/key/key/key.core/build/resources/test/logback.xml]
17:28:58,000 |-INFO in ch.qos.logback.classic.joran.action.ConfigurationAction - debug attribute not set
17:28:58,001 |-INFO in ch.qos.logback.core.joran.action.AppenderAction - About to instantiate appender of type [ch.qos.logback.core.ConsoleAppender]
17:28:58,011 |-INFO in ch.qos.logback.core.joran.action.AppenderAction - Naming appender as [STDOUT]
17:28:58,015 |-ERROR in ch.qos.logback.core.joran.spi.Interpreter@3:15 - no applicable action for [file], current ElementPath  is [[configuration][appender][file]]
17:28:58,015 |-ERROR in ch.qos.logback.core.joran.spi.Interpreter@4:17 - no applicable action for [append], current ElementPath  is [[configuration][appender][append]]
17:28:58,016 |-INFO in ch.qos.logback.core.joran.action.NestedComplexPropertyIA - Assuming default type [ch.qos.logback.classic.encoder.PatternLayoutEncoder] for [encoder] property
17:28:58,037 |-INFO in ch.qos.logback.classic.joran.action.RootLoggerAction - Setting level of ROOT logger to WARN
17:28:58,037 |-INFO in ch.qos.logback.core.joran.action.AppenderRefAction - Attaching appender named [STDOUT] to Logger[ROOT]
17:28:58,037 |-INFO in ch.qos.logback.classic.joran.action.ConfigurationAction - End of configuration.
17:28:58,039 |-INFO in ch.qos.logback.classic.joran.JoranConfigurator@29176cc1 - Registering current configuration as safe fallback point

278        WARN  main            d.u.i.k.s.ProofSettings   No proof-settings could be loaded, using defaults java.io.FileNotFoundException: /home/runner/.key/proof-settings.props (No such file or directory)
	at java.base/java.io.FileInputStream.open0(Native Method)

Running test FOL
17:28:59,383 |-INFO in ch.qos.logback.classic.LoggerContext[default] - Could NOT find resource [logback-test.xml]
17:28:59,384 |-INFO in ch.qos.logback.classic.LoggerContext[default] - Found resource [logback.xml] at [file:/home/runner/work/key/key/key.core/build/resources/test/logback.xml]
17:28:59,486 |-INFO in ch.qos.logback.classic.joran.action.ConfigurationAction - debug attribute not set
17:28:59,486 |-INFO in ch.qos.logback.core.joran.action.AppenderAction - About to instantiate appender of type [ch.qos.logback.core.ConsoleAppender]
17:28:59,495 |-INFO in ch.qos.logback.core.joran.action.AppenderAction - Naming appender as [STDOUT]
17:28:59,503 |-ERROR in ch.qos.logback.core.joran.spi.Interpreter@3:15 - no applicable action for [file], current ElementPath  is [[configuration][appender][file]]
17:28:59,503 |-ERROR in ch.qos.logback.core.joran.spi.Interpreter@4:17 - no applicable action for [append], current ElementPath  is [[configuration][appender][append]]
17:28:59,504 |-INFO in ch.qos.logback.core.joran.action.NestedComplexPropertyIA - Assuming default type [ch.qos.logback.classic.encoder.PatternLayoutEncoder] for [encoder] property
17:28:59,527 |-INFO in ch.qos.logback.classic.joran.action.RootLoggerAction - Setting level of ROOT logger to WARN
17:28:59,528 |-INFO in ch.qos.logback.core.joran.action.AppenderRefAction - Attaching appender named [STDOUT] to Logger[ROOT]
17:28:59,528 |-INFO in ch.qos.logback.classic.joran.action.ConfigurationAction - End of configuration.
17:28:59,530 |-INFO in ch.qos.logback.classic.joran.JoranConfigurator@29176cc1 - Registering current configuration as safe fallback point

293        WARN  main            d.u.i.k.s.ProofSettings   No proof-settings could be loaded, using defaults java.io.FileNotFoundException: /home/runner/.key/proof-settings.props (No such file or directory)
	at java.base/java.io.FileInputStream.open0(Native Method)

Running test strings
17:29:00,796 |-INFO in ch.qos.logback.classic.LoggerContext[default] - Could NOT find resource [logback-test.xml]
17:29:00,797 |-INFO in ch.qos.logback.classic.LoggerContext[default] - Found resource [logback.xml] at [file:/home/runner/work/key/key/key.core/build/resources/test/logback.xml]
17:29:00,895 |-INFO in ch.qos.logback.classic.joran.action.ConfigurationAction - debug attribute not set
17:29:00,896 |-INFO in ch.qos.logback.core.joran.action.AppenderAction - About to instantiate appender of type [ch.qos.logback.core.ConsoleAppender]
17:29:00,905 |-INFO in ch.qos.logback.core.joran.action.AppenderAction - Naming appender as [STDOUT]
17:29:00,910 |-ERROR in ch.qos.logback.core.joran.spi.Interpreter@3:15 - no applicable action for [file], current ElementPath  is [[configuration][appender][file]]
17:29:00,910 |-ERROR in ch.qos.logback.core.joran.spi.Interpreter@4:17 - no applicable action for [append], current ElementPath  is [[configuration][appender][append]]
17:29:00,911 |-INFO in ch.qos.logback.core.joran.action.NestedComplexPropertyIA - Assuming default type [ch.qos.logback.classic.encoder.PatternLayoutEncoder] for [encoder] property
17:29:00,931 |-INFO in ch.qos.logback.classic.joran.action.RootLoggerAction - Setting level of ROOT logger to WARN
17:29:00,932 |-INFO in ch.qos.logback.core.joran.action.AppenderRefAction - Attaching appender named [STDOUT] to Logger[ROOT]
17:29:00,932 |-INFO in ch.qos.logback.classic.joran.action.ConfigurationAction - End of configuration.
17:29:00,933 |-INFO in ch.qos.logback.classic.joran.JoranConfigurator@29176cc1 - Registering current configuration as safe fallback point

275        WARN  main            d.u.i.k.s.ProofSettings   No proof-settings could be loaded, using defaults java.io.FileNotFoundException: /home/runner/.key/proof-settings.props (No such file or directory)
	at java.base/java.io.FileInputStream.open0(Native Method)

Running test simple_info_flow
17:29:02,043 |-INFO in ch.qos.logback.classic.LoggerContext[default] - Could NOT find resource [logback-test.xml]
17:29:02,044 |-INFO in ch.qos.logback.classic.LoggerContext[default] - Found resource [logback.xml] at [file:/home/runner/work/key/key/key.core/build/resources/test/logback.xml]
17:29:02,172 |-INFO in ch.qos.logback.classic.joran.action.ConfigurationAction - debug attribute not set
17:29:02,172 |-INFO in ch.qos.logback.core.joran.action.AppenderAction - About to instantiate appender of type [ch.qos.logback.core.ConsoleAppender]
17:29:02,184 |-INFO in ch.qos.logback.core.joran.action.AppenderAction - Naming appender as [STDOUT]
17:29:02,189 |-ERROR in ch.qos.logback.core.joran.spi.Interpreter@3:15 - no applicable action for [file], current ElementPath  is [[configuration][appender][file]]
17:29:02,189 |-ERROR in ch.qos.logback.core.joran.spi.Interpreter@4:17 - no applicable action for [append], current ElementPath  is [[configuration][appender][append]]
17:29:02,190 |-INFO in ch.qos.logback.core.joran.action.NestedComplexPropertyIA - Assuming default type [ch.qos.logback.classic.encoder.PatternLayoutEncoder] for [encoder] property
17:29:02,218 |-INFO in ch.qos.logback.classic.joran.action.RootLoggerAction - Setting level of ROOT logger to WARN
17:29:02,218 |-INFO in ch.qos.logback.core.joran.action.AppenderRefAction - Attaching appender named [STDOUT] to Logger[ROOT]
17:29:02,218 |-INFO in ch.qos.logback.classic.joran.action.ConfigurationAction - End of configuration.
17:29:02,220 |-INFO in ch.qos.logback.classic.joran.JoranConfigurator@2f177a4b - Registering current configuration as safe fallback point

326        WARN  main            d.u.i.k.s.ProofSettings   No proof-settings could be loaded, using defaults java.io.FileNotFoundException: /home/runner/.key/proof-settings.props (No such file or directory)
	at java.base/java.io.FileInputStream.open0(Native Method)

Running test modelMethods
17:29:02,855 |-INFO in ch.qos.logback.classic.LoggerContext[default] - Could NOT find resource [logback-test.xml]
17:29:02,856 |-INFO in ch.qos.logback.classic.LoggerContext[default] - Found resource [logback.xml] at [file:/home/runner/work/key/key/key.core/build/resources/test/logback.xml]
17:29:02,953 |-INFO in ch.qos.logback.classic.joran.action.ConfigurationAction - debug attribute not set
17:29:02,953 |-INFO in ch.qos.logback.core.joran.action.AppenderAction - About to instantiate appender of type [ch.qos.logback.core.ConsoleAppender]
17:29:02,964 |-INFO in ch.qos.logback.core.joran.action.AppenderAction - Naming appender as [STDOUT]
17:29:02,969 |-ERROR in ch.qos.logback.core.joran.spi.Interpreter@3:15 - no applicable action for [file], current ElementPath  is [[configuration][appender][file]]
17:29:02,969 |-ERROR in ch.qos.logback.core.joran.spi.Interpreter@4:17 - no applicable action for [append], current ElementPath  is [[configuration][appender][append]]
17:29:02,970 |-INFO in ch.qos.logback.core.joran.action.NestedComplexPropertyIA - Assuming default type [ch.qos.logback.classic.encoder.PatternLayoutEncoder] for [encoder] property
17:29:02,991 |-INFO in ch.qos.logback.classic.joran.action.RootLoggerAction - Setting level of ROOT logger to WARN
17:29:02,992 |-INFO in ch.qos.logback.core.joran.action.AppenderRefAction - Attaching appender named [STDOUT] to Logger[ROOT]
17:29:02,992 |-INFO in ch.qos.logback.classic.joran.action.ConfigurationAction - End of configuration.
17:29:02,994 |-INFO in ch.qos.logback.classic.joran.JoranConfigurator@29176cc1 - Registering current configuration as safe fallback point

283        WARN  main            d.u.i.k.s.ProofSettings   No proof-settings could be loaded, using defaults java.io.FileNotFoundException: /home/runner/.key/proof-settings.props (No such file or directory)
	at java.base/java.io.FileInputStream.open0(Native Method)

Running test permissionHeap
17:29:04,075 |-INFO in ch.qos.logback.classic.LoggerContext[default] - Could NOT find resource [logback-test.xml]
17:29:04,076 |-INFO in ch.qos.logback.classic.LoggerContext[default] - Found resource [logback.xml] at [file:/home/runner/work/key/key/key.core/build/resources/test/logback.xml]
17:29:04,187 |-INFO in ch.qos.logback.classic.joran.action.ConfigurationAction - debug attribute not set
17:29:04,187 |-INFO in ch.qos.logback.core.joran.action.AppenderAction - About to instantiate appender of type [ch.qos.logback.core.ConsoleAppender]
17:29:04,200 |-INFO in ch.qos.logback.core.joran.action.AppenderAction - Naming appender as [STDOUT]
17:29:04,205 |-ERROR in ch.qos.logback.core.joran.spi.Interpreter@3:15 - no applicable action for [file], current ElementPath  is [[configuration][appender][file]]
17:29:04,206 |-ERROR in ch.qos.logback.core.joran.spi.Interpreter@4:17 - no applicable action for [append], current ElementPath  is [[configuration][appender][append]]
17:29:04,207 |-INFO in ch.qos.logback.core.joran.action.NestedComplexPropertyIA - Assuming default type [ch.qos.logback.classic.encoder.PatternLayoutEncoder] for [encoder] property
17:29:04,240 |-INFO in ch.qos.logback.classic.joran.action.RootLoggerAction - Setting level of ROOT logger to WARN
17:29:04,240 |-INFO in ch.qos.logback.core.joran.action.AppenderRefAction - Attaching appender named [STDOUT] to Logger[ROOT]
17:29:04,240 |-INFO in ch.qos.logback.classic.joran.action.ConfigurationAction - End of configuration.
17:29:04,242 |-INFO in ch.qos.logback.classic.joran.JoranConfigurator@29176cc1 - Registering current configuration as safe fallback point

315        WARN  main            d.u.i.k.s.ProofSettings   No proof-settings could be loaded, using defaults java.io.FileNotFoundException: /home/runner/.key/proof-settings.props (No such file or directory)
	at java.base/java.io.FileInputStream.open0(Native Method)

Running test completionScopes
17:29:05,508 |-INFO in ch.qos.logback.classic.LoggerContext[default] - Could NOT find resource [logback-test.xml]
17:29:05,509 |-INFO in ch.qos.logback.classic.LoggerContext[default] - Found resource [logback.xml] at [file:/home/runner/work/key/key/key.core/build/resources/test/logback.xml]
17:29:05,610 |-INFO in ch.qos.logback.classic.joran.action.ConfigurationAction - debug attribute not set
17:29:05,610 |-INFO in ch.qos.logback.core.joran.action.AppenderAction - About to instantiate appender of type [ch.qos.logback.core.ConsoleAppender]
17:29:05,627 |-INFO in ch.qos.logback.core.joran.action.AppenderAction - Naming appender as [STDOUT]
17:29:05,631 |-ERROR in ch.qos.logback.core.joran.spi.Interpreter@3:15 - no applicable action for [file], current ElementPath  is [[configuration][appender][file]]
17:29:05,632 |-ERROR in ch.qos.logback.core.joran.spi.Interpreter@4:17 - no applicable action for [append], current ElementPath  is [[configuration][appender][append]]
17:29:05,633 |-INFO in ch.qos.logback.core.joran.action.NestedComplexPropertyIA - Assuming default type [ch.qos.logback.classic.encoder.PatternLayoutEncoder] for [encoder] property
17:29:05,671 |-INFO in ch.qos.logback.classic.joran.action.RootLoggerAction - Setting level of ROOT logger to WARN
17:29:05,671 |-INFO in ch.qos.logback.core.joran.action.AppenderRefAction - Attaching appender named [STDOUT] to Logger[ROOT]
17:29:05,672 |-INFO in ch.qos.logback.classic.joran.action.ConfigurationAction - End of configuration.
17:29:05,673 |-INFO in ch.qos.logback.classic.joran.JoranConfigurator@29176cc1 - Registering current configuration as safe fallback point

304        WARN  main            d.u.i.k.s.ProofSettings   No proof-settings could be loaded, using defaults java.io.FileNotFoundException: /home/runner/.key/proof-settings.props (No such file or directory)
	at java.base/java.io.FileInputStream.open0(Native Method)

Running test reload_examples
17:29:06,424 |-INFO in ch.qos.logback.classic.LoggerContext[default] - Could NOT find resource [logback-test.xml]
17:29:06,425 |-INFO in ch.qos.logback.classic.LoggerContext[default] - Found resource [logback.xml] at [file:/home/runner/work/key/key/key.core/build/resources/test/logback.xml]
17:29:06,534 |-INFO in ch.qos.logback.classic.joran.action.ConfigurationAction - debug attribute not set
17:29:06,535 |-INFO in ch.qos.logback.core.joran.action.AppenderAction - About to instantiate appender of type [ch.qos.logback.core.ConsoleAppender]
17:29:06,547 |-INFO in ch.qos.logback.core.joran.action.AppenderAction - Naming appender as [STDOUT]
17:29:06,552 |-ERROR in ch.qos.logback.core.joran.spi.Interpreter@3:15 - no applicable action for [file], current ElementPath  is [[configuration][appender][file]]
17:29:06,552 |-ERROR in ch.qos.logback.core.joran.spi.Interpreter@4:17 - no applicable action for [append], current ElementPath  is [[configuration][appender][append]]
17:29:06,553 |-INFO in ch.qos.logback.core.joran.action.NestedComplexPropertyIA - Assuming default type [ch.qos.logback.classic.encoder.PatternLayoutEncoder] for [encoder] property
17:29:06,573 |-INFO in ch.qos.logback.classic.joran.action.RootLoggerAction - Setting level of ROOT logger to WARN
17:29:06,573 |-INFO in ch.qos.logback.core.joran.action.AppenderRefAction - Attaching appender named [STDOUT] to Logger[ROOT]
17:29:06,574 |-INFO in ch.qos.logback.classic.joran.action.ConfigurationAction - End of configuration.
17:29:06,575 |-INFO in ch.qos.logback.classic.joran.JoranConfigurator@29176cc1 - Registering current configuration as safe fallback point

298        WARN  main            d.u.i.k.s.ProofSettings   No proof-settings could be loaded, using defaults java.io.FileNotFoundException: /home/runner/.key/proof-settings.props (No such file or directory)
	at java.base/java.io.FileInputStream.open0(Native Method)

Running test proofLoadRepair
17:29:07,370 |-INFO in ch.qos.logback.classic.LoggerContext[default] - Could NOT find resource [logback-test.xml]
17:29:07,371 |-INFO in ch.qos.logback.classic.LoggerContext[default] - Found resource [logback.xml] at [file:/home/runner/work/key/key/key.core/build/resources/test/logback.xml]
17:29:07,471 |-INFO in ch.qos.logback.classic.joran.action.ConfigurationAction - debug attribute not set
17:29:07,472 |-INFO in ch.qos.logback.core.joran.action.AppenderAction - About to instantiate appender of type [ch.qos.logback.core.ConsoleAppender]
17:29:07,488 |-INFO in ch.qos.logback.core.joran.action.AppenderAction - Naming appender as [STDOUT]
17:29:07,492 |-ERROR in ch.qos.logback.core.joran.spi.Interpreter@3:15 - no applicable action for [file], current ElementPath  is [[configuration][appender][file]]
17:29:07,493 |-ERROR in ch.qos.logback.core.joran.spi.Interpreter@4:17 - no applicable action for [append], current ElementPath  is [[configuration][appender][append]]
17:29:07,494 |-INFO in ch.qos.logback.core.joran.action.NestedComplexPropertyIA - Assuming default type [ch.qos.logback.classic.encoder.PatternLayoutEncoder] for [encoder] property
17:29:07,516 |-INFO in ch.qos.logback.classic.joran.action.RootLoggerAction - Setting level of ROOT logger to WARN
17:29:07,516 |-INFO in ch.qos.logback.core.joran.action.AppenderRefAction - Attaching appender named [STDOUT] to Logger[ROOT]
17:29:07,516 |-INFO in ch.qos.logback.classic.joran.action.ConfigurationAction - End of configuration.
17:29:07,518 |-INFO in ch.qos.logback.classic.joran.JoranConfigurator@29176cc1 - Registering current configuration as safe fallback point

284        WARN  main            d.u.i.k.s.ProofSettings   No proof-settings could be loaded, using defaults java.io.FileNotFoundException: /home/runner/.key/proof-settings.props (No such file or directory)
	at java.base/java.io.FileInputStream.open0(Native Method)

Running test switch
17:29:08,276 |-INFO in ch.qos.logback.classic.LoggerContext[default] - Could NOT find resource [logback-test.xml]
17:29:08,277 |-INFO in ch.qos.logback.classic.LoggerContext[default] - Found resource [logback.xml] at [file:/home/runner/work/key/key/key.core/build/resources/test/logback.xml]
17:29:08,384 |-INFO in ch.qos.logback.classic.joran.action.ConfigurationAction - debug attribute not set
17:29:08,385 |-INFO in ch.qos.logback.core.joran.action.AppenderAction - About to instantiate appender of type [ch.qos.logback.core.ConsoleAppender]
17:29:08,399 |-INFO in ch.qos.logback.core.joran.action.AppenderAction - Naming appender as [STDOUT]
17:29:08,404 |-ERROR in ch.qos.logback.core.joran.spi.Interpreter@3:15 - no applicable action for [file], current ElementPath  is [[configuration][appender][file]]
17:29:08,404 |-ERROR in ch.qos.logback.core.joran.spi.Interpreter@4:17 - no applicable action for [append], current ElementPath  is [[configuration][appender][append]]
17:29:08,405 |-INFO in ch.qos.logback.core.joran.action.NestedComplexPropertyIA - Assuming default type [ch.qos.logback.classic.encoder.PatternLayoutEncoder] for [encoder] property
17:29:08,424 |-INFO in ch.qos.logback.classic.joran.action.RootLoggerAction - Setting level of ROOT logger to WARN
17:29:08,424 |-INFO in ch.qos.logback.core.joran.action.AppenderRefAction - Attaching appender named [STDOUT] to Logger[ROOT]
17:29:08,425 |-INFO in ch.qos.logback.classic.joran.action.ConfigurationAction - End of configuration.
17:29:08,426 |-INFO in ch.qos.logback.classic.joran.JoranConfigurator@29176cc1 - Registering current configuration as safe fallback point

293        WARN  main            d.u.i.k.s.ProofSettings   No proof-settings could be loaded, using defaults java.io.FileNotFoundException: /home/runner/.key/proof-settings.props (No such file or directory)
	at java.base/java.io.FileInputStream.open0(Native Method)

Running test redux
17:29:09,251 |-INFO in ch.qos.logback.classic.LoggerContext[default] - Could NOT find resource [logback-test.xml]
17:29:09,252 |-INFO in ch.qos.logback.classic.LoggerContext[default] - Found resource [logback.xml] at [file:/home/runner/work/key/key/key.core/build/resources/test/logback.xml]
17:29:09,359 |-INFO in ch.qos.logback.classic.joran.action.ConfigurationAction - debug attribute not set
17:29:09,360 |-INFO in ch.qos.logback.core.joran.action.AppenderAction - About to instantiate appender of type [ch.qos.logback.core.ConsoleAppender]
17:29:09,372 |-INFO in ch.qos.logback.core.joran.action.AppenderAction - Naming appender as [STDOUT]
17:29:09,376 |-ERROR in ch.qos.logback.core.joran.spi.Interpreter@3:15 - no applicable action for [file], current ElementPath  is [[configuration][appender][file]]
17:29:09,377 |-ERROR in ch.qos.logback.core.joran.spi.Interpreter@4:17 - no applicable action for [append], current ElementPath  is [[configuration][appender][append]]
17:29:09,378 |-INFO in ch.qos.logback.core.joran.action.NestedComplexPropertyIA - Assuming default type [ch.qos.logback.classic.encoder.PatternLayoutEncoder] for [encoder] property
17:29:09,398 |-INFO in ch.qos.logback.classic.joran.action.RootLoggerAction - Setting level of ROOT logger to WARN
17:29:09,399 |-INFO in ch.qos.logback.core.joran.action.AppenderRefAction - Attaching appender named [STDOUT] to Logger[ROOT]
17:29:09,399 |-INFO in ch.qos.logback.classic.joran.action.ConfigurationAction - End of configuration.
17:29:09,401 |-INFO in ch.qos.logback.classic.joran.JoranConfigurator@29176cc1 - Registering current configuration as safe fallback point

278        WARN  main            d.u.i.k.s.ProofSettings   No proof-settings could be loaded, using defaults java.io.FileNotFoundException: /home/runner/.key/proof-settings.props (No such file or directory)
	at java.base/java.io.FileInputStream.open0(Native Method)

]]></system-out>
  <system-err><![CDATA[Timeout watcher launched (2000 secs.)
Could not find rule file rules/intRulesCheckedSemantics.key (file: /home/runner/work/key/key/key.core/../key.ui/examples/index/.././newBook/09.list_modelfield/ArrayList.add.key; caused by: de.uka.ilkd.key.proof.init.ProofInputException: Could not find rule file rules/intRulesCheckedSemantics.key)
	at de.uka.ilkd.key.control.AbstractUserInterfaceControl.load(AbstractUserInterfaceControl.java:221)
	at de.uka.ilkd.key.control.KeYEnvironment.load(KeYEnvironment.java:251)
	at de.uka.ilkd.key.control.KeYEnvironment.load(KeYEnvironment.java:224)
	at de.uka.ilkd.key.control.KeYEnvironment.load(KeYEnvironment.java:184)
	at de.uka.ilkd.key.control.KeYEnvironment.load(KeYEnvironment.java:261)
	at de.uka.ilkd.key.proof.runallproofs.proofcollection.TestFile.load(TestFile.java:270)
	at de.uka.ilkd.key.proof.runallproofs.proofcollection.TestFile.runKey(TestFile.java:160)
	at de.uka.ilkd.key.proof.runallproofs.proofcollection.ForkedTestFileRunner.main(ForkedTestFileRunner.java:171)
Caused by: de.uka.ilkd.key.proof.init.ProofInputException: Could not find rule file rules/intRulesCheckedSemantics.key
	at de.uka.ilkd.key.proof.io.KeYFile.readIncludes(KeYFile.java:210)
	at de.uka.ilkd.key.proof.init.ProblemInitializer.readIncludes(ProblemInitializer.java:177)
	at de.uka.ilkd.key.proof.init.ProblemInitializer.readEnvInput(ProblemInitializer.java:325)
	at de.uka.ilkd.key.proof.init.ProblemInitializer.prepare(ProblemInitializer.java:449)
	at de.uka.ilkd.key.proof.io.AbstractProblemLoader.createInitConfig(AbstractProblemLoader.java:518)
	at de.uka.ilkd.key.proof.io.AbstractProblemLoader.loadEnvironment(AbstractProblemLoader.java:288)
	at de.uka.ilkd.key.proof.io.AbstractProblemLoader.load(AbstractProblemLoader.java:252)
	at de.uka.ilkd.key.control.AbstractUserInterfaceControl.load(AbstractUserInterfaceControl.java:209)
	... 7 more
Caused by: java.lang.RuntimeException: Could not find rule file rules/intRulesCheckedSemantics.key
	at de.uka.ilkd.key.proof.io.RuleSourceFactory.fromBuiltInRule(RuleSourceFactory.java:32)
	at de.uka.ilkd.key.proof.io.RuleSourceFactory.fromDefaultLocation(RuleSourceFactory.java:21)
	at de.uka.ilkd.key.nparser.builder.IncludeFinder.addInclude(IncludeFinder.java:63)
	at de.uka.ilkd.key.nparser.builder.IncludeFinder.visitOne_include(IncludeFinder.java:43)
	at de.uka.ilkd.key.nparser.builder.IncludeFinder.visitOne_include(IncludeFinder.java:20)
	at de.uka.ilkd.key.nparser.KeYParser$One_includeContext.accept(KeYParser.java:878)
	at de.uka.ilkd.key.nparser.builder.AbstractBuilder.lambda$mapOf$0(AbstractBuilder.java:112)
	at java.base/java.util.stream.ReferencePipeline$3$1.accept(ReferencePipeline.java:195)
	at java.base/java.util.ArrayList$ArrayListSpliterator.forEachRemaining(ArrayList.java:1655)
	at java.base/java.util.stream.AbstractPipeline.copyInto(AbstractPipeline.java:484)
	at java.base/java.util.stream.AbstractPipeline.wrapAndCopyInto(AbstractPipeline.java:474)
	at java.base/java.util.stream.ReduceOps$ReduceOp.evaluateSequential(ReduceOps.java:913)
	at java.base/java.util.stream.AbstractPipeline.evaluate(AbstractPipeline.java:234)
	at java.base/java.util.stream.ReferencePipeline.collect(ReferencePipeline.java:578)
	at de.uka.ilkd.key.nparser.builder.AbstractBuilder.mapOf(AbstractBuilder.java:112)
	at de.uka.ilkd.key.nparser.builder.IncludeFinder.visitOne_include_statement(IncludeFinder.java:35)
	at de.uka.ilkd.key.nparser.builder.IncludeFinder.visitOne_include_statement(IncludeFinder.java:20)
	at de.uka.ilkd.key.nparser.KeYParser$One_include_statementContext.accept(KeYParser.java:802)
	at org.antlr.v4.runtime.tree.AbstractParseTreeVisitor.visitChildren(AbstractParseTreeVisitor.java:46)
	at de.uka.ilkd.key.nparser.KeYParserBaseVisitor.visitDecls(KeYParserBaseVisitor.java:30)
	at de.uka.ilkd.key.nparser.KeYParser$DeclsContext.accept(KeYParser.java:500)
	at org.antlr.v4.runtime.tree.AbstractParseTreeVisitor.visitChildren(AbstractParseTreeVisitor.java:46)
	at de.uka.ilkd.key.nparser.KeYParserBaseVisitor.visitFile(KeYParserBaseVisitor.java:23)
	at de.uka.ilkd.key.nparser.KeYParser$FileContext.accept(KeYParser.java:306)
	at de.uka.ilkd.key.nparser.KeyAst.accept(KeyAst.java:41)
	at de.uka.ilkd.key.nparser.KeyAst$File.getIncludes(KeyAst.java:76)
	at de.uka.ilkd.key.proof.io.KeYFile.readIncludes(KeYFile.java:208)
	... 14 more
Could not find rule file rules/intRulesCheckedSemantics.key (file: /home/runner/work/key/key/key.core/../key.ui/examples/index/.././newBook/09.list_modelfield/ArrayList.remFirst.key; caused by: de.uka.ilkd.key.proof.init.ProofInputException: Could not find rule file rules/intRulesCheckedSemantics.key)
	at de.uka.ilkd.key.control.AbstractUserInterfaceControl.load(AbstractUserInterfaceControl.java:221)
	at de.uka.ilkd.key.control.KeYEnvironment.load(KeYEnvironment.java:251)
	at de.uka.ilkd.key.control.KeYEnvironment.load(KeYEnvironment.java:224)
	at de.uka.ilkd.key.control.KeYEnvironment.load(KeYEnvironment.java:184)
	at de.uka.ilkd.key.control.KeYEnvironment.load(KeYEnvironment.java:261)
	at de.uka.ilkd.key.proof.runallproofs.proofcollection.TestFile.load(TestFile.java:270)
	at de.uka.ilkd.key.proof.runallproofs.proofcollection.TestFile.runKey(TestFile.java:160)
	at de.uka.ilkd.key.proof.runallproofs.proofcollection.ForkedTestFileRunner.main(ForkedTestFileRunner.java:171)
Caused by: de.uka.ilkd.key.proof.init.ProofInputException: Could not find rule file rules/intRulesCheckedSemantics.key
	at de.uka.ilkd.key.proof.io.KeYFile.readIncludes(KeYFile.java:210)
	at de.uka.ilkd.key.proof.init.ProblemInitializer.readIncludes(ProblemInitializer.java:177)
	at de.uka.ilkd.key.proof.init.ProblemInitializer.readEnvInput(ProblemInitializer.java:325)
	at de.uka.ilkd.key.proof.init.ProblemInitializer.prepare(ProblemInitializer.java:449)
	at de.uka.ilkd.key.proof.io.AbstractProblemLoader.createInitConfig(AbstractProblemLoader.java:518)
	at de.uka.ilkd.key.proof.io.AbstractProblemLoader.loadEnvironment(AbstractProblemLoader.java:288)
	at de.uka.ilkd.key.proof.io.AbstractProblemLoader.load(AbstractProblemLoader.java:252)
	at de.uka.ilkd.key.control.AbstractUserInterfaceControl.load(AbstractUserInterfaceControl.java:209)
	... 7 more
Caused by: java.lang.RuntimeException: Could not find rule file rules/intRulesCheckedSemantics.key
	at de.uka.ilkd.key.proof.io.RuleSourceFactory.fromBuiltInRule(RuleSourceFactory.java:32)
	at de.uka.ilkd.key.proof.io.RuleSourceFactory.fromDefaultLocation(RuleSourceFactory.java:21)
	at de.uka.ilkd.key.nparser.builder.IncludeFinder.addInclude(IncludeFinder.java:63)
	at de.uka.ilkd.key.nparser.builder.IncludeFinder.visitOne_include(IncludeFinder.java:43)
	at de.uka.ilkd.key.nparser.builder.IncludeFinder.visitOne_include(IncludeFinder.java:20)
	at de.uka.ilkd.key.nparser.KeYParser$One_includeContext.accept(KeYParser.java:878)
	at de.uka.ilkd.key.nparser.builder.AbstractBuilder.lambda$mapOf$0(AbstractBuilder.java:112)
	at java.base/java.util.stream.ReferencePipeline$3$1.accept(ReferencePipeline.java:195)
	at java.base/java.util.ArrayList$ArrayListSpliterator.forEachRemaining(ArrayList.java:1655)
	at java.base/java.util.stream.AbstractPipeline.copyInto(AbstractPipeline.java:484)
	at java.base/java.util.stream.AbstractPipeline.wrapAndCopyInto(AbstractPipeline.java:474)
	at java.base/java.util.stream.ReduceOps$ReduceOp.evaluateSequential(ReduceOps.java:913)
	at java.base/java.util.stream.AbstractPipeline.evaluate(AbstractPipeline.java:234)
	at java.base/java.util.stream.ReferencePipeline.collect(ReferencePipeline.java:578)
	at de.uka.ilkd.key.nparser.builder.AbstractBuilder.mapOf(AbstractBuilder.java:112)
	at de.uka.ilkd.key.nparser.builder.IncludeFinder.visitOne_include_statement(IncludeFinder.java:35)
	at de.uka.ilkd.key.nparser.builder.IncludeFinder.visitOne_include_statement(IncludeFinder.java:20)
	at de.uka.ilkd.key.nparser.KeYParser$One_include_statementContext.accept(KeYParser.java:802)
	at org.antlr.v4.runtime.tree.AbstractParseTreeVisitor.visitChildren(AbstractParseTreeVisitor.java:46)
	at de.uka.ilkd.key.nparser.KeYParserBaseVisitor.visitDecls(KeYParserBaseVisitor.java:30)
	at de.uka.ilkd.key.nparser.KeYParser$DeclsContext.accept(KeYParser.java:500)
	at org.antlr.v4.runtime.tree.AbstractParseTreeVisitor.visitChildren(AbstractParseTreeVisitor.java:46)
	at de.uka.ilkd.key.nparser.KeYParserBaseVisitor.visitFile(KeYParserBaseVisitor.java:23)
	at de.uka.ilkd.key.nparser.KeYParser$FileContext.accept(KeYParser.java:306)
	at de.uka.ilkd.key.nparser.KeyAst.accept(KeyAst.java:41)
	at de.uka.ilkd.key.nparser.KeyAst$File.getIncludes(KeyAst.java:76)
	at de.uka.ilkd.key.proof.io.KeYFile.readIncludes(KeYFile.java:208)
	... 14 more
Could not find rule file rules/intRulesCheckedSemantics.key (file: /home/runner/work/key/key/key.core/../key.ui/examples/index/.././newBook/09.list_modelfield/ArrayList.empty.key; caused by: de.uka.ilkd.key.proof.init.ProofInputException: Could not find rule file rules/intRulesCheckedSemantics.key)
	at de.uka.ilkd.key.control.AbstractUserInterfaceControl.load(AbstractUserInterfaceControl.java:221)
	at de.uka.ilkd.key.control.KeYEnvironment.load(KeYEnvironment.java:251)
	at de.uka.ilkd.key.control.KeYEnvironment.load(KeYEnvironment.java:224)
	at de.uka.ilkd.key.control.KeYEnvironment.load(KeYEnvironment.java:184)
	at de.uka.ilkd.key.control.KeYEnvironment.load(KeYEnvironment.java:261)
	at de.uka.ilkd.key.proof.runallproofs.proofcollection.TestFile.load(TestFile.java:270)
	at de.uka.ilkd.key.proof.runallproofs.proofcollection.TestFile.runKey(TestFile.java:160)
	at de.uka.ilkd.key.proof.runallproofs.proofcollection.ForkedTestFileRunner.main(ForkedTestFileRunner.java:171)
Caused by: de.uka.ilkd.key.proof.init.ProofInputException: Could not find rule file rules/intRulesCheckedSemantics.key
	at de.uka.ilkd.key.proof.io.KeYFile.readIncludes(KeYFile.java:210)
	at de.uka.ilkd.key.proof.init.ProblemInitializer.readIncludes(ProblemInitializer.java:177)
	at de.uka.ilkd.key.proof.init.ProblemInitializer.readEnvInput(ProblemInitializer.java:325)
	at de.uka.ilkd.key.proof.init.ProblemInitializer.prepare(ProblemInitializer.java:449)
	at de.uka.ilkd.key.proof.io.AbstractProblemLoader.createInitConfig(AbstractProblemLoader.java:518)
	at de.uka.ilkd.key.proof.io.AbstractProblemLoader.loadEnvironment(AbstractProblemLoader.java:288)
	at de.uka.ilkd.key.proof.io.AbstractProblemLoader.load(AbstractProblemLoader.java:252)
	at de.uka.ilkd.key.control.AbstractUserInterfaceControl.load(AbstractUserInterfaceControl.java:209)
	... 7 more
Caused by: java.lang.RuntimeException: Could not find rule file rules/intRulesCheckedSemantics.key
	at de.uka.ilkd.key.proof.io.RuleSourceFactory.fromBuiltInRule(RuleSourceFactory.java:32)
	at de.uka.ilkd.key.proof.io.RuleSourceFactory.fromDefaultLocation(RuleSourceFactory.java:21)
	at de.uka.ilkd.key.nparser.builder.IncludeFinder.addInclude(IncludeFinder.java:63)
	at de.uka.ilkd.key.nparser.builder.IncludeFinder.visitOne_include(IncludeFinder.java:43)
	at de.uka.ilkd.key.nparser.builder.IncludeFinder.visitOne_include(IncludeFinder.java:20)
	at de.uka.ilkd.key.nparser.KeYParser$One_includeContext.accept(KeYParser.java:878)
	at de.uka.ilkd.key.nparser.builder.AbstractBuilder.lambda$mapOf$0(AbstractBuilder.java:112)
	at java.base/java.util.stream.ReferencePipeline$3$1.accept(ReferencePipeline.java:195)
	at java.base/java.util.ArrayList$ArrayListSpliterator.forEachRemaining(ArrayList.java:1655)
	at java.base/java.util.stream.AbstractPipeline.copyInto(AbstractPipeline.java:484)
	at java.base/java.util.stream.AbstractPipeline.wrapAndCopyInto(AbstractPipeline.java:474)
	at java.base/java.util.stream.ReduceOps$ReduceOp.evaluateSequential(ReduceOps.java:913)
	at java.base/java.util.stream.AbstractPipeline.evaluate(AbstractPipeline.java:234)
	at java.base/java.util.stream.ReferencePipeline.collect(ReferencePipeline.java:578)
	at de.uka.ilkd.key.nparser.builder.AbstractBuilder.mapOf(AbstractBuilder.java:112)
	at de.uka.ilkd.key.nparser.builder.IncludeFinder.visitOne_include_statement(IncludeFinder.java:35)
	at de.uka.ilkd.key.nparser.builder.IncludeFinder.visitOne_include_statement(IncludeFinder.java:20)
	at de.uka.ilkd.key.nparser.KeYParser$One_include_statementContext.accept(KeYParser.java:802)
	at org.antlr.v4.runtime.tree.AbstractParseTreeVisitor.visitChildren(AbstractParseTreeVisitor.java:46)
	at de.uka.ilkd.key.nparser.KeYParserBaseVisitor.visitDecls(KeYParserBaseVisitor.java:30)
	at de.uka.ilkd.key.nparser.KeYParser$DeclsContext.accept(KeYParser.java:500)
	at org.antlr.v4.runtime.tree.AbstractParseTreeVisitor.visitChildren(AbstractParseTreeVisitor.java:46)
	at de.uka.ilkd.key.nparser.KeYParserBaseVisitor.visitFile(KeYParserBaseVisitor.java:23)
	at de.uka.ilkd.key.nparser.KeYParser$FileContext.accept(KeYParser.java:306)
	at de.uka.ilkd.key.nparser.KeyAst.accept(KeyAst.java:41)
	at de.uka.ilkd.key.nparser.KeyAst$File.getIncludes(KeyAst.java:76)
	at de.uka.ilkd.key.proof.io.KeYFile.readIncludes(KeYFile.java:208)
	... 14 more
Could not find rule file rules/intRulesCheckedSemantics.key (file: /home/runner/work/key/key/key.core/../key.ui/examples/index/.././newBook/09.list_modelfield/ArrayList.size.key; caused by: de.uka.ilkd.key.proof.init.ProofInputException: Could not find rule file rules/intRulesCheckedSemantics.key)
	at de.uka.ilkd.key.control.AbstractUserInterfaceControl.load(AbstractUserInterfaceControl.java:221)
	at de.uka.ilkd.key.control.KeYEnvironment.load(KeYEnvironment.java:251)
	at de.uka.ilkd.key.control.KeYEnvironment.load(KeYEnvironment.java:224)
	at de.uka.ilkd.key.control.KeYEnvironment.load(KeYEnvironment.java:184)
	at de.uka.ilkd.key.control.KeYEnvironment.load(KeYEnvironment.java:261)
	at de.uka.ilkd.key.proof.runallproofs.proofcollection.TestFile.load(TestFile.java:270)
	at de.uka.ilkd.key.proof.runallproofs.proofcollection.TestFile.runKey(TestFile.java:160)
	at de.uka.ilkd.key.proof.runallproofs.proofcollection.ForkedTestFileRunner.main(ForkedTestFileRunner.java:171)
Caused by: de.uka.ilkd.key.proof.init.ProofInputException: Could not find rule file rules/intRulesCheckedSemantics.key
	at de.uka.ilkd.key.proof.io.KeYFile.readIncludes(KeYFile.java:210)
	at de.uka.ilkd.key.proof.init.ProblemInitializer.readIncludes(ProblemInitializer.java:177)
	at de.uka.ilkd.key.proof.init.ProblemInitializer.readEnvInput(ProblemInitializer.java:325)
	at de.uka.ilkd.key.proof.init.ProblemInitializer.prepare(ProblemInitializer.java:449)
	at de.uka.ilkd.key.proof.io.AbstractProblemLoader.createInitConfig(AbstractProblemLoader.java:518)
	at de.uka.ilkd.key.proof.io.AbstractProblemLoader.loadEnvironment(AbstractProblemLoader.java:288)
	at de.uka.ilkd.key.proof.io.AbstractProblemLoader.load(AbstractProblemLoader.java:252)
	at de.uka.ilkd.key.control.AbstractUserInterfaceControl.load(AbstractUserInterfaceControl.java:209)
	... 7 more
Caused by: java.lang.RuntimeException: Could not find rule file rules/intRulesCheckedSemantics.key
	at de.uka.ilkd.key.proof.io.RuleSourceFactory.fromBuiltInRule(RuleSourceFactory.java:32)
	at de.uka.ilkd.key.proof.io.RuleSourceFactory.fromDefaultLocation(RuleSourceFactory.java:21)
	at de.uka.ilkd.key.nparser.builder.IncludeFinder.addInclude(IncludeFinder.java:63)
	at de.uka.ilkd.key.nparser.builder.IncludeFinder.visitOne_include(IncludeFinder.java:43)
	at de.uka.ilkd.key.nparser.builder.IncludeFinder.visitOne_include(IncludeFinder.java:20)
	at de.uka.ilkd.key.nparser.KeYParser$One_includeContext.accept(KeYParser.java:878)
	at de.uka.ilkd.key.nparser.builder.AbstractBuilder.lambda$mapOf$0(AbstractBuilder.java:112)
	at java.base/java.util.stream.ReferencePipeline$3$1.accept(ReferencePipeline.java:195)
	at java.base/java.util.ArrayList$ArrayListSpliterator.forEachRemaining(ArrayList.java:1655)
	at java.base/java.util.stream.AbstractPipeline.copyInto(AbstractPipeline.java:484)
	at java.base/java.util.stream.AbstractPipeline.wrapAndCopyInto(AbstractPipeline.java:474)
	at java.base/java.util.stream.ReduceOps$ReduceOp.evaluateSequential(ReduceOps.java:913)
	at java.base/java.util.stream.AbstractPipeline.evaluate(AbstractPipeline.java:234)
	at java.base/java.util.stream.ReferencePipeline.collect(ReferencePipeline.java:578)
	at de.uka.ilkd.key.nparser.builder.AbstractBuilder.mapOf(AbstractBuilder.java:112)
	at de.uka.ilkd.key.nparser.builder.IncludeFinder.visitOne_include_statement(IncludeFinder.java:35)
	at de.uka.ilkd.key.nparser.builder.IncludeFinder.visitOne_include_statement(IncludeFinder.java:20)
	at de.uka.ilkd.key.nparser.KeYParser$One_include_statementContext.accept(KeYParser.java:802)
	at org.antlr.v4.runtime.tree.AbstractParseTreeVisitor.visitChildren(AbstractParseTreeVisitor.java:46)
	at de.uka.ilkd.key.nparser.KeYParserBaseVisitor.visitDecls(KeYParserBaseVisitor.java:30)
	at de.uka.ilkd.key.nparser.KeYParser$DeclsContext.accept(KeYParser.java:500)
	at org.antlr.v4.runtime.tree.AbstractParseTreeVisitor.visitChildren(AbstractParseTreeVisitor.java:46)
	at de.uka.ilkd.key.nparser.KeYParserBaseVisitor.visitFile(KeYParserBaseVisitor.java:23)
	at de.uka.ilkd.key.nparser.KeYParser$FileContext.accept(KeYParser.java:306)
	at de.uka.ilkd.key.nparser.KeyAst.accept(KeyAst.java:41)
	at de.uka.ilkd.key.nparser.KeyAst$File.getIncludes(KeyAst.java:76)
	at de.uka.ilkd.key.proof.io.KeYFile.readIncludes(KeYFile.java:208)
	... 14 more
Could not find rule file rules/intRulesCheckedSemantics.key (file: /home/runner/work/key/key/key.core/../key.ui/examples/index/.././newBook/09.list_modelfield/ArrayList.get.key; caused by: de.uka.ilkd.key.proof.init.ProofInputException: Could not find rule file rules/intRulesCheckedSemantics.key)
	at de.uka.ilkd.key.control.AbstractUserInterfaceControl.load(AbstractUserInterfaceControl.java:221)
	at de.uka.ilkd.key.control.KeYEnvironment.load(KeYEnvironment.java:251)
	at de.uka.ilkd.key.control.KeYEnvironment.load(KeYEnvironment.java:224)
	at de.uka.ilkd.key.control.KeYEnvironment.load(KeYEnvironment.java:184)
	at de.uka.ilkd.key.control.KeYEnvironment.load(KeYEnvironment.java:261)
	at de.uka.ilkd.key.proof.runallproofs.proofcollection.TestFile.load(TestFile.java:270)
	at de.uka.ilkd.key.proof.runallproofs.proofcollection.TestFile.runKey(TestFile.java:160)
	at de.uka.ilkd.key.proof.runallproofs.proofcollection.ForkedTestFileRunner.main(ForkedTestFileRunner.java:171)
Caused by: de.uka.ilkd.key.proof.init.ProofInputException: Could not find rule file rules/intRulesCheckedSemantics.key
	at de.uka.ilkd.key.proof.io.KeYFile.readIncludes(KeYFile.java:210)
	at de.uka.ilkd.key.proof.init.ProblemInitializer.readIncludes(ProblemInitializer.java:177)
	at de.uka.ilkd.key.proof.init.ProblemInitializer.readEnvInput(ProblemInitializer.java:325)
	at de.uka.ilkd.key.proof.init.ProblemInitializer.prepare(ProblemInitializer.java:449)
	at de.uka.ilkd.key.proof.io.AbstractProblemLoader.createInitConfig(AbstractProblemLoader.java:518)
	at de.uka.ilkd.key.proof.io.AbstractProblemLoader.loadEnvironment(AbstractProblemLoader.java:288)
	at de.uka.ilkd.key.proof.io.AbstractProblemLoader.load(AbstractProblemLoader.java:252)
	at de.uka.ilkd.key.control.AbstractUserInterfaceControl.load(AbstractUserInterfaceControl.java:209)
	... 7 more
Caused by: java.lang.RuntimeException: Could not find rule file rules/intRulesCheckedSemantics.key
	at de.uka.ilkd.key.proof.io.RuleSourceFactory.fromBuiltInRule(RuleSourceFactory.java:32)
	at de.uka.ilkd.key.proof.io.RuleSourceFactory.fromDefaultLocation(RuleSourceFactory.java:21)
	at de.uka.ilkd.key.nparser.builder.IncludeFinder.addInclude(IncludeFinder.java:63)
	at de.uka.ilkd.key.nparser.builder.IncludeFinder.visitOne_include(IncludeFinder.java:43)
	at de.uka.ilkd.key.nparser.builder.IncludeFinder.visitOne_include(IncludeFinder.java:20)
	at de.uka.ilkd.key.nparser.KeYParser$One_includeContext.accept(KeYParser.java:878)
	at de.uka.ilkd.key.nparser.builder.AbstractBuilder.lambda$mapOf$0(AbstractBuilder.java:112)
	at java.base/java.util.stream.ReferencePipeline$3$1.accept(ReferencePipeline.java:195)
	at java.base/java.util.ArrayList$ArrayListSpliterator.forEachRemaining(ArrayList.java:1655)
	at java.base/java.util.stream.AbstractPipeline.copyInto(AbstractPipeline.java:484)
	at java.base/java.util.stream.AbstractPipeline.wrapAndCopyInto(AbstractPipeline.java:474)
	at java.base/java.util.stream.ReduceOps$ReduceOp.evaluateSequential(ReduceOps.java:913)
	at java.base/java.util.stream.AbstractPipeline.evaluate(AbstractPipeline.java:234)
	at java.base/java.util.stream.ReferencePipeline.collect(ReferencePipeline.java:578)
	at de.uka.ilkd.key.nparser.builder.AbstractBuilder.mapOf(AbstractBuilder.java:112)
	at de.uka.ilkd.key.nparser.builder.IncludeFinder.visitOne_include_statement(IncludeFinder.java:35)
	at de.uka.ilkd.key.nparser.builder.IncludeFinder.visitOne_include_statement(IncludeFinder.java:20)
	at de.uka.ilkd.key.nparser.KeYParser$One_include_statementContext.accept(KeYParser.java:802)
	at org.antlr.v4.runtime.tree.AbstractParseTreeVisitor.visitChildren(AbstractParseTreeVisitor.java:46)
	at de.uka.ilkd.key.nparser.KeYParserBaseVisitor.visitDecls(KeYParserBaseVisitor.java:30)
	at de.uka.ilkd.key.nparser.KeYParser$DeclsContext.accept(KeYParser.java:500)
	at org.antlr.v4.runtime.tree.AbstractParseTreeVisitor.visitChildren(AbstractParseTreeVisitor.java:46)
	at de.uka.ilkd.key.nparser.KeYParserBaseVisitor.visitFile(KeYParserBaseVisitor.java:23)
	at de.uka.ilkd.key.nparser.KeYParser$FileContext.accept(KeYParser.java:306)
	at de.uka.ilkd.key.nparser.KeyAst.accept(KeyAst.java:41)
	at de.uka.ilkd.key.nparser.KeyAst$File.getIncludes(KeyAst.java:76)
	at de.uka.ilkd.key.proof.io.KeYFile.readIncludes(KeYFile.java:208)
	... 14 more
Exception in thread "main" org.opentest4j.AssertionFailedError: Exception during the execution of proofs. See log for more details.
	at org.junit.jupiter.api.AssertionUtils.fail(AssertionUtils.java:39)
	at org.junit.jupiter.api.Assertions.fail(Assertions.java:134)
	at de.uka.ilkd.key.proof.runallproofs.proofcollection.ForkedTestFileRunner.main(ForkedTestFileRunner.java:192)
Timeout watcher launched (2000 secs.)
Could not find rule file rules/intRulesCheckedSemantics.key (file: /home/runner/work/key/key/key.core/../key.ui/examples/index/.././standard_key/BookExamples/02FirstOrderLogic/Ex2.58.key; caused by: de.uka.ilkd.key.proof.init.ProofInputException: Could not find rule file rules/intRulesCheckedSemantics.key)
	at de.uka.ilkd.key.control.AbstractUserInterfaceControl.load(AbstractUserInterfaceControl.java:221)
	at de.uka.ilkd.key.control.KeYEnvironment.load(KeYEnvironment.java:251)
	at de.uka.ilkd.key.control.KeYEnvironment.load(KeYEnvironment.java:224)
	at de.uka.ilkd.key.control.KeYEnvironment.load(KeYEnvironment.java:184)
	at de.uka.ilkd.key.control.KeYEnvironment.load(KeYEnvironment.java:261)
	at de.uka.ilkd.key.proof.runallproofs.proofcollection.TestFile.load(TestFile.java:270)
	at de.uka.ilkd.key.proof.runallproofs.proofcollection.TestFile.runKey(TestFile.java:160)
	at de.uka.ilkd.key.proof.runallproofs.proofcollection.ForkedTestFileRunner.main(ForkedTestFileRunner.java:171)
Caused by: de.uka.ilkd.key.proof.init.ProofInputException: Could not find rule file rules/intRulesCheckedSemantics.key
	at de.uka.ilkd.key.proof.io.KeYFile.readIncludes(KeYFile.java:210)
	at de.uka.ilkd.key.proof.init.ProblemInitializer.readIncludes(ProblemInitializer.java:177)
	at de.uka.ilkd.key.proof.init.ProblemInitializer.readEnvInput(ProblemInitializer.java:325)
	at de.uka.ilkd.key.proof.init.ProblemInitializer.prepare(ProblemInitializer.java:449)
	at de.uka.ilkd.key.proof.io.AbstractProblemLoader.createInitConfig(AbstractProblemLoader.java:518)
	at de.uka.ilkd.key.proof.io.AbstractProblemLoader.loadEnvironment(AbstractProblemLoader.java:288)
	at de.uka.ilkd.key.proof.io.AbstractProblemLoader.load(AbstractProblemLoader.java:252)
	at de.uka.ilkd.key.control.AbstractUserInterfaceControl.load(AbstractUserInterfaceControl.java:209)
	... 7 more
Caused by: java.lang.RuntimeException: Could not find rule file rules/intRulesCheckedSemantics.key
	at de.uka.ilkd.key.proof.io.RuleSourceFactory.fromBuiltInRule(RuleSourceFactory.java:32)
	at de.uka.ilkd.key.proof.io.RuleSourceFactory.fromDefaultLocation(RuleSourceFactory.java:21)
	at de.uka.ilkd.key.nparser.builder.IncludeFinder.addInclude(IncludeFinder.java:63)
	at de.uka.ilkd.key.nparser.builder.IncludeFinder.visitOne_include(IncludeFinder.java:43)
	at de.uka.ilkd.key.nparser.builder.IncludeFinder.visitOne_include(IncludeFinder.java:20)
	at de.uka.ilkd.key.nparser.KeYParser$One_includeContext.accept(KeYParser.java:878)
	at de.uka.ilkd.key.nparser.builder.AbstractBuilder.lambda$mapOf$0(AbstractBuilder.java:112)
	at java.base/java.util.stream.ReferencePipeline$3$1.accept(ReferencePipeline.java:195)
	at java.base/java.util.ArrayList$ArrayListSpliterator.forEachRemaining(ArrayList.java:1655)
	at java.base/java.util.stream.AbstractPipeline.copyInto(AbstractPipeline.java:484)
	at java.base/java.util.stream.AbstractPipeline.wrapAndCopyInto(AbstractPipeline.java:474)
	at java.base/java.util.stream.ReduceOps$ReduceOp.evaluateSequential(ReduceOps.java:913)
	at java.base/java.util.stream.AbstractPipeline.evaluate(AbstractPipeline.java:234)
	at java.base/java.util.stream.ReferencePipeline.collect(ReferencePipeline.java:578)
	at de.uka.ilkd.key.nparser.builder.AbstractBuilder.mapOf(AbstractBuilder.java:112)
	at de.uka.ilkd.key.nparser.builder.IncludeFinder.visitOne_include_statement(IncludeFinder.java:35)
	at de.uka.ilkd.key.nparser.builder.IncludeFinder.visitOne_include_statement(IncludeFinder.java:20)
	at de.uka.ilkd.key.nparser.KeYParser$One_include_statementContext.accept(KeYParser.java:802)
	at org.antlr.v4.runtime.tree.AbstractParseTreeVisitor.visitChildren(AbstractParseTreeVisitor.java:46)
	at de.uka.ilkd.key.nparser.KeYParserBaseVisitor.visitDecls(KeYParserBaseVisitor.java:30)
	at de.uka.ilkd.key.nparser.KeYParser$DeclsContext.accept(KeYParser.java:500)
	at org.antlr.v4.runtime.tree.AbstractParseTreeVisitor.visitChildren(AbstractParseTreeVisitor.java:46)
	at de.uka.ilkd.key.nparser.KeYParserBaseVisitor.visitFile(KeYParserBaseVisitor.java:23)
	at de.uka.ilkd.key.nparser.KeYParser$FileContext.accept(KeYParser.java:306)
	at de.uka.ilkd.key.nparser.KeyAst.accept(KeyAst.java:41)
	at de.uka.ilkd.key.nparser.KeyAst$File.getIncludes(KeyAst.java:76)
	at de.uka.ilkd.key.proof.io.KeYFile.readIncludes(KeYFile.java:208)
	... 14 more
Could not find rule file rules/intRulesCheckedSemantics.key (file: /home/runner/work/key/key/key.core/../key.ui/examples/index/.././standard_key/BookExamples/03DynamicLogic/Sect3.3.1.key; caused by: de.uka.ilkd.key.proof.init.ProofInputException: Could not find rule file rules/intRulesCheckedSemantics.key)
	at de.uka.ilkd.key.control.AbstractUserInterfaceControl.load(AbstractUserInterfaceControl.java:221)
	at de.uka.ilkd.key.control.KeYEnvironment.load(KeYEnvironment.java:251)
	at de.uka.ilkd.key.control.KeYEnvironment.load(KeYEnvironment.java:224)
	at de.uka.ilkd.key.control.KeYEnvironment.load(KeYEnvironment.java:184)
	at de.uka.ilkd.key.control.KeYEnvironment.load(KeYEnvironment.java:261)
	at de.uka.ilkd.key.proof.runallproofs.proofcollection.TestFile.load(TestFile.java:270)
	at de.uka.ilkd.key.proof.runallproofs.proofcollection.TestFile.runKey(TestFile.java:160)
	at de.uka.ilkd.key.proof.runallproofs.proofcollection.ForkedTestFileRunner.main(ForkedTestFileRunner.java:171)
Caused by: de.uka.ilkd.key.proof.init.ProofInputException: Could not find rule file rules/intRulesCheckedSemantics.key
	at de.uka.ilkd.key.proof.io.KeYFile.readIncludes(KeYFile.java:210)
	at de.uka.ilkd.key.proof.init.ProblemInitializer.readIncludes(ProblemInitializer.java:177)
	at de.uka.ilkd.key.proof.init.ProblemInitializer.readEnvInput(ProblemInitializer.java:325)
	at de.uka.ilkd.key.proof.init.ProblemInitializer.prepare(ProblemInitializer.java:449)
	at de.uka.ilkd.key.proof.io.AbstractProblemLoader.createInitConfig(AbstractProblemLoader.java:518)
	at de.uka.ilkd.key.proof.io.AbstractProblemLoader.loadEnvironment(AbstractProblemLoader.java:288)
	at de.uka.ilkd.key.proof.io.AbstractProblemLoader.load(AbstractProblemLoader.java:252)
	at de.uka.ilkd.key.control.AbstractUserInterfaceControl.load(AbstractUserInterfaceControl.java:209)
	... 7 more
Caused by: java.lang.RuntimeException: Could not find rule file rules/intRulesCheckedSemantics.key
	at de.uka.ilkd.key.proof.io.RuleSourceFactory.fromBuiltInRule(RuleSourceFactory.java:32)
	at de.uka.ilkd.key.proof.io.RuleSourceFactory.fromDefaultLocation(RuleSourceFactory.java:21)
	at de.uka.ilkd.key.nparser.builder.IncludeFinder.addInclude(IncludeFinder.java:63)
	at de.uka.ilkd.key.nparser.builder.IncludeFinder.visitOne_include(IncludeFinder.java:43)
	at de.uka.ilkd.key.nparser.builder.IncludeFinder.visitOne_include(IncludeFinder.java:20)
	at de.uka.ilkd.key.nparser.KeYParser$One_includeContext.accept(KeYParser.java:878)
	at de.uka.ilkd.key.nparser.builder.AbstractBuilder.lambda$mapOf$0(AbstractBuilder.java:112)
	at java.base/java.util.stream.ReferencePipeline$3$1.accept(ReferencePipeline.java:195)
	at java.base/java.util.ArrayList$ArrayListSpliterator.forEachRemaining(ArrayList.java:1655)
	at java.base/java.util.stream.AbstractPipeline.copyInto(AbstractPipeline.java:484)
	at java.base/java.util.stream.AbstractPipeline.wrapAndCopyInto(AbstractPipeline.java:474)
	at java.base/java.util.stream.ReduceOps$ReduceOp.evaluateSequential(ReduceOps.java:913)
	at java.base/java.util.stream.AbstractPipeline.evaluate(AbstractPipeline.java:234)
	at java.base/java.util.stream.ReferencePipeline.collect(ReferencePipeline.java:578)
	at de.uka.ilkd.key.nparser.builder.AbstractBuilder.mapOf(AbstractBuilder.java:112)
	at de.uka.ilkd.key.nparser.builder.IncludeFinder.visitOne_include_statement(IncludeFinder.java:35)
	at de.uka.ilkd.key.nparser.builder.IncludeFinder.visitOne_include_statement(IncludeFinder.java:20)
	at de.uka.ilkd.key.nparser.KeYParser$One_include_statementContext.accept(KeYParser.java:802)
	at org.antlr.v4.runtime.tree.AbstractParseTreeVisitor.visitChildren(AbstractParseTreeVisitor.java:46)
	at de.uka.ilkd.key.nparser.KeYParserBaseVisitor.visitDecls(KeYParserBaseVisitor.java:30)
	at de.uka.ilkd.key.nparser.KeYParser$DeclsContext.accept(KeYParser.java:500)
	at org.antlr.v4.runtime.tree.AbstractParseTreeVisitor.visitChildren(AbstractParseTreeVisitor.java:46)
	at de.uka.ilkd.key.nparser.KeYParserBaseVisitor.visitFile(KeYParserBaseVisitor.java:23)
	at de.uka.ilkd.key.nparser.KeYParser$FileContext.accept(KeYParser.java:306)
	at de.uka.ilkd.key.nparser.KeyAst.accept(KeyAst.java:41)
	at de.uka.ilkd.key.nparser.KeyAst$File.getIncludes(KeyAst.java:76)
	at de.uka.ilkd.key.proof.io.KeYFile.readIncludes(KeYFile.java:208)
	... 14 more
Exception in thread "main" org.opentest4j.AssertionFailedError: Exception during the execution of proofs. See log for more details.
	at org.junit.jupiter.api.AssertionUtils.fail(AssertionUtils.java:39)
	at org.junit.jupiter.api.Assertions.fail(Assertions.java:134)
	at de.uka.ilkd.key.proof.runallproofs.proofcollection.ForkedTestFileRunner.main(ForkedTestFileRunner.java:192)
Timeout watcher launched (2000 secs.)
Could not find rule file rules/intRulesCheckedSemantics.key (file: /home/runner/work/key/key/key.core/../key.ui/examples/index/.././heap/comprehensions/general_sum.key; caused by: de.uka.ilkd.key.proof.init.ProofInputException: Could not find rule file rules/intRulesCheckedSemantics.key)
	at de.uka.ilkd.key.control.AbstractUserInterfaceControl.load(AbstractUserInterfaceControl.java:221)
	at de.uka.ilkd.key.control.KeYEnvironment.load(KeYEnvironment.java:251)
	at de.uka.ilkd.key.control.KeYEnvironment.load(KeYEnvironment.java:224)
	at de.uka.ilkd.key.control.KeYEnvironment.load(KeYEnvironment.java:184)
	at de.uka.ilkd.key.control.KeYEnvironment.load(KeYEnvironment.java:261)
	at de.uka.ilkd.key.proof.runallproofs.proofcollection.TestFile.load(TestFile.java:270)
	at de.uka.ilkd.key.proof.runallproofs.proofcollection.TestFile.runKey(TestFile.java:160)
	at de.uka.ilkd.key.proof.runallproofs.proofcollection.ForkedTestFileRunner.main(ForkedTestFileRunner.java:171)
Caused by: de.uka.ilkd.key.proof.init.ProofInputException: Could not find rule file rules/intRulesCheckedSemantics.key
	at de.uka.ilkd.key.proof.io.KeYFile.readIncludes(KeYFile.java:210)
	at de.uka.ilkd.key.proof.init.ProblemInitializer.readIncludes(ProblemInitializer.java:177)
	at de.uka.ilkd.key.proof.init.ProblemInitializer.readEnvInput(ProblemInitializer.java:325)
	at de.uka.ilkd.key.proof.init.ProblemInitializer.prepare(ProblemInitializer.java:449)
	at de.uka.ilkd.key.proof.io.AbstractProblemLoader.createInitConfig(AbstractProblemLoader.java:518)
	at de.uka.ilkd.key.proof.io.AbstractProblemLoader.loadEnvironment(AbstractProblemLoader.java:288)
	at de.uka.ilkd.key.proof.io.AbstractProblemLoader.load(AbstractProblemLoader.java:252)
	at de.uka.ilkd.key.control.AbstractUserInterfaceControl.load(AbstractUserInterfaceControl.java:209)
	... 7 more
Caused by: java.lang.RuntimeException: Could not find rule file rules/intRulesCheckedSemantics.key
	at de.uka.ilkd.key.proof.io.RuleSourceFactory.fromBuiltInRule(RuleSourceFactory.java:32)
	at de.uka.ilkd.key.proof.io.RuleSourceFactory.fromDefaultLocation(RuleSourceFactory.java:21)
	at de.uka.ilkd.key.nparser.builder.IncludeFinder.addInclude(IncludeFinder.java:63)
	at de.uka.ilkd.key.nparser.builder.IncludeFinder.visitOne_include(IncludeFinder.java:43)
	at de.uka.ilkd.key.nparser.builder.IncludeFinder.visitOne_include(IncludeFinder.java:20)
	at de.uka.ilkd.key.nparser.KeYParser$One_includeContext.accept(KeYParser.java:878)
	at de.uka.ilkd.key.nparser.builder.AbstractBuilder.lambda$mapOf$0(AbstractBuilder.java:112)
	at java.base/java.util.stream.ReferencePipeline$3$1.accept(ReferencePipeline.java:195)
	at java.base/java.util.ArrayList$ArrayListSpliterator.forEachRemaining(ArrayList.java:1655)
	at java.base/java.util.stream.AbstractPipeline.copyInto(AbstractPipeline.java:484)
	at java.base/java.util.stream.AbstractPipeline.wrapAndCopyInto(AbstractPipeline.java:474)
	at java.base/java.util.stream.ReduceOps$ReduceOp.evaluateSequential(ReduceOps.java:913)
	at java.base/java.util.stream.AbstractPipeline.evaluate(AbstractPipeline.java:234)
	at java.base/java.util.stream.ReferencePipeline.collect(ReferencePipeline.java:578)
	at de.uka.ilkd.key.nparser.builder.AbstractBuilder.mapOf(AbstractBuilder.java:112)
	at de.uka.ilkd.key.nparser.builder.IncludeFinder.visitOne_include_statement(IncludeFinder.java:35)
	at de.uka.ilkd.key.nparser.builder.IncludeFinder.visitOne_include_statement(IncludeFinder.java:20)
	at de.uka.ilkd.key.nparser.KeYParser$One_include_statementContext.accept(KeYParser.java:802)
	at org.antlr.v4.runtime.tree.AbstractParseTreeVisitor.visitChildren(AbstractParseTreeVisitor.java:46)
	at de.uka.ilkd.key.nparser.KeYParserBaseVisitor.visitDecls(KeYParserBaseVisitor.java:30)
	at de.uka.ilkd.key.nparser.KeYParser$DeclsContext.accept(KeYParser.java:500)
	at org.antlr.v4.runtime.tree.AbstractParseTreeVisitor.visitChildren(AbstractParseTreeVisitor.java:46)
	at de.uka.ilkd.key.nparser.KeYParserBaseVisitor.visitFile(KeYParserBaseVisitor.java:23)
	at de.uka.ilkd.key.nparser.KeYParser$FileContext.accept(KeYParser.java:306)
	at de.uka.ilkd.key.nparser.KeyAst.accept(KeyAst.java:41)
	at de.uka.ilkd.key.nparser.KeyAst$File.getIncludes(KeyAst.java:76)
	at de.uka.ilkd.key.proof.io.KeYFile.readIncludes(KeYFile.java:208)
	... 14 more
Could not find rule file rules/intRulesCheckedSemantics.key (file: /home/runner/work/key/key/key.core/../key.ui/examples/index/.././heap/comprehensions/sum0.key; caused by: de.uka.ilkd.key.proof.init.ProofInputException: Could not find rule file rules/intRulesCheckedSemantics.key)
	at de.uka.ilkd.key.control.AbstractUserInterfaceControl.load(AbstractUserInterfaceControl.java:221)
	at de.uka.ilkd.key.control.KeYEnvironment.load(KeYEnvironment.java:251)
	at de.uka.ilkd.key.control.KeYEnvironment.load(KeYEnvironment.java:224)
	at de.uka.ilkd.key.control.KeYEnvironment.load(KeYEnvironment.java:184)
	at de.uka.ilkd.key.control.KeYEnvironment.load(KeYEnvironment.java:261)
	at de.uka.ilkd.key.proof.runallproofs.proofcollection.TestFile.load(TestFile.java:270)
	at de.uka.ilkd.key.proof.runallproofs.proofcollection.TestFile.runKey(TestFile.java:160)
	at de.uka.ilkd.key.proof.runallproofs.proofcollection.ForkedTestFileRunner.main(ForkedTestFileRunner.java:171)
Caused by: de.uka.ilkd.key.proof.init.ProofInputException: Could not find rule file rules/intRulesCheckedSemantics.key
	at de.uka.ilkd.key.proof.io.KeYFile.readIncludes(KeYFile.java:210)
	at de.uka.ilkd.key.proof.init.ProblemInitializer.readIncludes(ProblemInitializer.java:177)
	at de.uka.ilkd.key.proof.init.ProblemInitializer.readEnvInput(ProblemInitializer.java:325)
	at de.uka.ilkd.key.proof.init.ProblemInitializer.prepare(ProblemInitializer.java:449)
	at de.uka.ilkd.key.proof.io.AbstractProblemLoader.createInitConfig(AbstractProblemLoader.java:518)
	at de.uka.ilkd.key.proof.io.AbstractProblemLoader.loadEnvironment(AbstractProblemLoader.java:288)
	at de.uka.ilkd.key.proof.io.AbstractProblemLoader.load(AbstractProblemLoader.java:252)
	at de.uka.ilkd.key.control.AbstractUserInterfaceControl.load(AbstractUserInterfaceControl.java:209)
	... 7 more
Caused by: java.lang.RuntimeException: Could not find rule file rules/intRulesCheckedSemantics.key
	at de.uka.ilkd.key.proof.io.RuleSourceFactory.fromBuiltInRule(RuleSourceFactory.java:32)
	at de.uka.ilkd.key.proof.io.RuleSourceFactory.fromDefaultLocation(RuleSourceFactory.java:21)
	at de.uka.ilkd.key.nparser.builder.IncludeFinder.addInclude(IncludeFinder.java:63)
	at de.uka.ilkd.key.nparser.builder.IncludeFinder.visitOne_include(IncludeFinder.java:43)
	at de.uka.ilkd.key.nparser.builder.IncludeFinder.visitOne_include(IncludeFinder.java:20)
	at de.uka.ilkd.key.nparser.KeYParser$One_includeContext.accept(KeYParser.java:878)
	at de.uka.ilkd.key.nparser.builder.AbstractBuilder.lambda$mapOf$0(AbstractBuilder.java:112)
	at java.base/java.util.stream.ReferencePipeline$3$1.accept(ReferencePipeline.java:195)
	at java.base/java.util.ArrayList$ArrayListSpliterator.forEachRemaining(ArrayList.java:1655)
	at java.base/java.util.stream.AbstractPipeline.copyInto(AbstractPipeline.java:484)
	at java.base/java.util.stream.AbstractPipeline.wrapAndCopyInto(AbstractPipeline.java:474)
	at java.base/java.util.stream.ReduceOps$ReduceOp.evaluateSequential(ReduceOps.java:913)
	at java.base/java.util.stream.AbstractPipeline.evaluate(AbstractPipeline.java:234)
	at java.base/java.util.stream.ReferencePipeline.collect(ReferencePipeline.java:578)
	at de.uka.ilkd.key.nparser.builder.AbstractBuilder.mapOf(AbstractBuilder.java:112)
	at de.uka.ilkd.key.nparser.builder.IncludeFinder.visitOne_include_statement(IncludeFinder.java:35)
	at de.uka.ilkd.key.nparser.builder.IncludeFinder.visitOne_include_statement(IncludeFinder.java:20)
	at de.uka.ilkd.key.nparser.KeYParser$One_include_statementContext.accept(KeYParser.java:802)
	at org.antlr.v4.runtime.tree.AbstractParseTreeVisitor.visitChildren(AbstractParseTreeVisitor.java:46)
	at de.uka.ilkd.key.nparser.KeYParserBaseVisitor.visitDecls(KeYParserBaseVisitor.java:30)
	at de.uka.ilkd.key.nparser.KeYParser$DeclsContext.accept(KeYParser.java:500)
	at org.antlr.v4.runtime.tree.AbstractParseTreeVisitor.visitChildren(AbstractParseTreeVisitor.java:46)
	at de.uka.ilkd.key.nparser.KeYParserBaseVisitor.visitFile(KeYParserBaseVisitor.java:23)
	at de.uka.ilkd.key.nparser.KeYParser$FileContext.accept(KeYParser.java:306)
	at de.uka.ilkd.key.nparser.KeyAst.accept(KeyAst.java:41)
	at de.uka.ilkd.key.nparser.KeyAst$File.getIncludes(KeyAst.java:76)
	at de.uka.ilkd.key.proof.io.KeYFile.readIncludes(KeYFile.java:208)
	... 14 more
Could not find rule file rules/intRulesCheckedSemantics.key (file: /home/runner/work/key/key/key.core/../key.ui/examples/index/.././heap/comprehensions/sum1.key; caused by: de.uka.ilkd.key.proof.init.ProofInputException: Could not find rule file rules/intRulesCheckedSemantics.key)
	at de.uka.ilkd.key.control.AbstractUserInterfaceControl.load(AbstractUserInterfaceControl.java:221)
	at de.uka.ilkd.key.control.KeYEnvironment.load(KeYEnvironment.java:251)
	at de.uka.ilkd.key.control.KeYEnvironment.load(KeYEnvironment.java:224)
	at de.uka.ilkd.key.control.KeYEnvironment.load(KeYEnvironment.java:184)
	at de.uka.ilkd.key.control.KeYEnvironment.load(KeYEnvironment.java:261)
	at de.uka.ilkd.key.proof.runallproofs.proofcollection.TestFile.load(TestFile.java:270)
	at de.uka.ilkd.key.proof.runallproofs.proofcollection.TestFile.runKey(TestFile.java:160)
	at de.uka.ilkd.key.proof.runallproofs.proofcollection.ForkedTestFileRunner.main(ForkedTestFileRunner.java:171)
Caused by: de.uka.ilkd.key.proof.init.ProofInputException: Could not find rule file rules/intRulesCheckedSemantics.key
	at de.uka.ilkd.key.proof.io.KeYFile.readIncludes(KeYFile.java:210)
	at de.uka.ilkd.key.proof.init.ProblemInitializer.readIncludes(ProblemInitializer.java:177)
	at de.uka.ilkd.key.proof.init.ProblemInitializer.readEnvInput(ProblemInitializer.java:325)
	at de.uka.ilkd.key.proof.init.ProblemInitializer.prepare(ProblemInitializer.java:449)
	at de.uka.ilkd.key.proof.io.AbstractProblemLoader.createInitConfig(AbstractProblemLoader.java:518)
	at de.uka.ilkd.key.proof.io.AbstractProblemLoader.loadEnvironment(AbstractProblemLoader.java:288)
	at de.uka.ilkd.key.proof.io.AbstractProblemLoader.load(AbstractProblemLoader.java:252)
	at de.uka.ilkd.key.control.AbstractUserInterfaceControl.load(AbstractUserInterfaceControl.java:209)
	... 7 more
Caused by: java.lang.RuntimeException: Could not find rule file rules/intRulesCheckedSemantics.key
	at de.uka.ilkd.key.proof.io.RuleSourceFactory.fromBuiltInRule(RuleSourceFactory.java:32)
	at de.uka.ilkd.key.proof.io.RuleSourceFactory.fromDefaultLocation(RuleSourceFactory.java:21)
	at de.uka.ilkd.key.nparser.builder.IncludeFinder.addInclude(IncludeFinder.java:63)
	at de.uka.ilkd.key.nparser.builder.IncludeFinder.visitOne_include(IncludeFinder.java:43)
	at de.uka.ilkd.key.nparser.builder.IncludeFinder.visitOne_include(IncludeFinder.java:20)
	at de.uka.ilkd.key.nparser.KeYParser$One_includeContext.accept(KeYParser.java:878)
	at de.uka.ilkd.key.nparser.builder.AbstractBuilder.lambda$mapOf$0(AbstractBuilder.java:112)
	at java.base/java.util.stream.ReferencePipeline$3$1.accept(ReferencePipeline.java:195)
	at java.base/java.util.ArrayList$ArrayListSpliterator.forEachRemaining(ArrayList.java:1655)
	at java.base/java.util.stream.AbstractPipeline.copyInto(AbstractPipeline.java:484)
	at java.base/java.util.stream.AbstractPipeline.wrapAndCopyInto(AbstractPipeline.java:474)
	at java.base/java.util.stream.ReduceOps$ReduceOp.evaluateSequential(ReduceOps.java:913)
	at java.base/java.util.stream.AbstractPipeline.evaluate(AbstractPipeline.java:234)
	at java.base/java.util.stream.ReferencePipeline.collect(ReferencePipeline.java:578)
	at de.uka.ilkd.key.nparser.builder.AbstractBuilder.mapOf(AbstractBuilder.java:112)
	at de.uka.ilkd.key.nparser.builder.IncludeFinder.visitOne_include_statement(IncludeFinder.java:35)
	at de.uka.ilkd.key.nparser.builder.IncludeFinder.visitOne_include_statement(IncludeFinder.java:20)
	at de.uka.ilkd.key.nparser.KeYParser$One_include_statementContext.accept(KeYParser.java:802)
	at org.antlr.v4.runtime.tree.AbstractParseTreeVisitor.visitChildren(AbstractParseTreeVisitor.java:46)
	at de.uka.ilkd.key.nparser.KeYParserBaseVisitor.visitDecls(KeYParserBaseVisitor.java:30)
	at de.uka.ilkd.key.nparser.KeYParser$DeclsContext.accept(KeYParser.java:500)
	at org.antlr.v4.runtime.tree.AbstractParseTreeVisitor.visitChildren(AbstractParseTreeVisitor.java:46)
	at de.uka.ilkd.key.nparser.KeYParserBaseVisitor.visitFile(KeYParserBaseVisitor.java:23)
	at de.uka.ilkd.key.nparser.KeYParser$FileContext.accept(KeYParser.java:306)
	at de.uka.ilkd.key.nparser.KeyAst.accept(KeyAst.java:41)
	at de.uka.ilkd.key.nparser.KeyAst$File.getIncludes(KeyAst.java:76)
	at de.uka.ilkd.key.proof.io.KeYFile.readIncludes(KeYFile.java:208)
	... 14 more
Could not find rule file rules/intRulesCheckedSemantics.key (file: /home/runner/work/key/key/key.core/../key.ui/examples/index/.././heap/comprehensions/sum2.key; caused by: de.uka.ilkd.key.proof.init.ProofInputException: Could not find rule file rules/intRulesCheckedSemantics.key)
	at de.uka.ilkd.key.control.AbstractUserInterfaceControl.load(AbstractUserInterfaceControl.java:221)
	at de.uka.ilkd.key.control.KeYEnvironment.load(KeYEnvironment.java:251)
	at de.uka.ilkd.key.control.KeYEnvironment.load(KeYEnvironment.java:224)
	at de.uka.ilkd.key.control.KeYEnvironment.load(KeYEnvironment.java:184)
	at de.uka.ilkd.key.control.KeYEnvironment.load(KeYEnvironment.java:261)
	at de.uka.ilkd.key.proof.runallproofs.proofcollection.TestFile.load(TestFile.java:270)
	at de.uka.ilkd.key.proof.runallproofs.proofcollection.TestFile.runKey(TestFile.java:160)
	at de.uka.ilkd.key.proof.runallproofs.proofcollection.ForkedTestFileRunner.main(ForkedTestFileRunner.java:171)
Caused by: de.uka.ilkd.key.proof.init.ProofInputException: Could not find rule file rules/intRulesCheckedSemantics.key
	at de.uka.ilkd.key.proof.io.KeYFile.readIncludes(KeYFile.java:210)
	at de.uka.ilkd.key.proof.init.ProblemInitializer.readIncludes(ProblemInitializer.java:177)
	at de.uka.ilkd.key.proof.init.ProblemInitializer.readEnvInput(ProblemInitializer.java:325)
	at de.uka.ilkd.key.proof.init.ProblemInitializer.prepare(ProblemInitializer.java:449)
	at de.uka.ilkd.key.proof.io.AbstractProblemLoader.createInitConfig(AbstractProblemLoader.java:518)
	at de.uka.ilkd.key.proof.io.AbstractProblemLoader.loadEnvironment(AbstractProblemLoader.java:288)
	at de.uka.ilkd.key.proof.io.AbstractProblemLoader.load(AbstractProblemLoader.java:252)
	at de.uka.ilkd.key.control.AbstractUserInterfaceControl.load(AbstractUserInterfaceControl.java:209)
	... 7 more
Caused by: java.lang.RuntimeException: Could not find rule file rules/intRulesCheckedSemantics.key
	at de.uka.ilkd.key.proof.io.RuleSourceFactory.fromBuiltInRule(RuleSourceFactory.java:32)
	at de.uka.ilkd.key.proof.io.RuleSourceFactory.fromDefaultLocation(RuleSourceFactory.java:21)
	at de.uka.ilkd.key.nparser.builder.IncludeFinder.addInclude(IncludeFinder.java:63)
	at de.uka.ilkd.key.nparser.builder.IncludeFinder.visitOne_include(IncludeFinder.java:43)
	at de.uka.ilkd.key.nparser.builder.IncludeFinder.visitOne_include(IncludeFinder.java:20)
	at de.uka.ilkd.key.nparser.KeYParser$One_includeContext.accept(KeYParser.java:878)
	at de.uka.ilkd.key.nparser.builder.AbstractBuilder.lambda$mapOf$0(AbstractBuilder.java:112)
	at java.base/java.util.stream.ReferencePipeline$3$1.accept(ReferencePipeline.java:195)
	at java.base/java.util.ArrayList$ArrayListSpliterator.forEachRemaining(ArrayList.java:1655)
	at java.base/java.util.stream.AbstractPipeline.copyInto(AbstractPipeline.java:484)
	at java.base/java.util.stream.AbstractPipeline.wrapAndCopyInto(AbstractPipeline.java:474)
	at java.base/java.util.stream.ReduceOps$ReduceOp.evaluateSequential(ReduceOps.java:913)
	at java.base/java.util.stream.AbstractPipeline.evaluate(AbstractPipeline.java:234)
	at java.base/java.util.stream.ReferencePipeline.collect(ReferencePipeline.java:578)
	at de.uka.ilkd.key.nparser.builder.AbstractBuilder.mapOf(AbstractBuilder.java:112)
	at de.uka.ilkd.key.nparser.builder.IncludeFinder.visitOne_include_statement(IncludeFinder.java:35)
	at de.uka.ilkd.key.nparser.builder.IncludeFinder.visitOne_include_statement(IncludeFinder.java:20)
	at de.uka.ilkd.key.nparser.KeYParser$One_include_statementContext.accept(KeYParser.java:802)
	at org.antlr.v4.runtime.tree.AbstractParseTreeVisitor.visitChildren(AbstractParseTreeVisitor.java:46)
	at de.uka.ilkd.key.nparser.KeYParserBaseVisitor.visitDecls(KeYParserBaseVisitor.java:30)
	at de.uka.ilkd.key.nparser.KeYParser$DeclsContext.accept(KeYParser.java:500)
	at org.antlr.v4.runtime.tree.AbstractParseTreeVisitor.visitChildren(AbstractParseTreeVisitor.java:46)
	at de.uka.ilkd.key.nparser.KeYParserBaseVisitor.visitFile(KeYParserBaseVisitor.java:23)
	at de.uka.ilkd.key.nparser.KeYParser$FileContext.accept(KeYParser.java:306)
	at de.uka.ilkd.key.nparser.KeyAst.accept(KeyAst.java:41)
	at de.uka.ilkd.key.nparser.KeyAst$File.getIncludes(KeyAst.java:76)
	at de.uka.ilkd.key.proof.io.KeYFile.readIncludes(KeYFile.java:208)
	... 14 more
Could not find rule file rules/intRulesCheckedSemantics.key (file: /home/runner/work/key/key/key.core/../key.ui/examples/index/.././heap/comprehensions/sum3.key; caused by: de.uka.ilkd.key.proof.init.ProofInputException: Could not find rule file rules/intRulesCheckedSemantics.key)
	at de.uka.ilkd.key.control.AbstractUserInterfaceControl.load(AbstractUserInterfaceControl.java:221)
	at de.uka.ilkd.key.control.KeYEnvironment.load(KeYEnvironment.java:251)
	at de.uka.ilkd.key.control.KeYEnvironment.load(KeYEnvironment.java:224)
	at de.uka.ilkd.key.control.KeYEnvironment.load(KeYEnvironment.java:184)
	at de.uka.ilkd.key.control.KeYEnvironment.load(KeYEnvironment.java:261)
	at de.uka.ilkd.key.proof.runallproofs.proofcollection.TestFile.load(TestFile.java:270)
	at de.uka.ilkd.key.proof.runallproofs.proofcollection.TestFile.runKey(TestFile.java:160)
	at de.uka.ilkd.key.proof.runallproofs.proofcollection.ForkedTestFileRunner.main(ForkedTestFileRunner.java:171)
Caused by: de.uka.ilkd.key.proof.init.ProofInputException: Could not find rule file rules/intRulesCheckedSemantics.key
	at de.uka.ilkd.key.proof.io.KeYFile.readIncludes(KeYFile.java:210)
	at de.uka.ilkd.key.proof.init.ProblemInitializer.readIncludes(ProblemInitializer.java:177)
	at de.uka.ilkd.key.proof.init.ProblemInitializer.readEnvInput(ProblemInitializer.java:325)
	at de.uka.ilkd.key.proof.init.ProblemInitializer.prepare(ProblemInitializer.java:449)
	at de.uka.ilkd.key.proof.io.AbstractProblemLoader.createInitConfig(AbstractProblemLoader.java:518)
	at de.uka.ilkd.key.proof.io.AbstractProblemLoader.loadEnvironment(AbstractProblemLoader.java:288)
	at de.uka.ilkd.key.proof.io.AbstractProblemLoader.load(AbstractProblemLoader.java:252)
	at de.uka.ilkd.key.control.AbstractUserInterfaceControl.load(AbstractUserInterfaceControl.java:209)
	... 7 more
Caused by: java.lang.RuntimeException: Could not find rule file rules/intRulesCheckedSemantics.key
	at de.uka.ilkd.key.proof.io.RuleSourceFactory.fromBuiltInRule(RuleSourceFactory.java:32)
	at de.uka.ilkd.key.proof.io.RuleSourceFactory.fromDefaultLocation(RuleSourceFactory.java:21)
	at de.uka.ilkd.key.nparser.builder.IncludeFinder.addInclude(IncludeFinder.java:63)
	at de.uka.ilkd.key.nparser.builder.IncludeFinder.visitOne_include(IncludeFinder.java:43)
	at de.uka.ilkd.key.nparser.builder.IncludeFinder.visitOne_include(IncludeFinder.java:20)
	at de.uka.ilkd.key.nparser.KeYParser$One_includeContext.accept(KeYParser.java:878)
	at de.uka.ilkd.key.nparser.builder.AbstractBuilder.lambda$mapOf$0(AbstractBuilder.java:112)
	at java.base/java.util.stream.ReferencePipeline$3$1.accept(ReferencePipeline.java:195)
	at java.base/java.util.ArrayList$ArrayListSpliterator.forEachRemaining(ArrayList.java:1655)
	at java.base/java.util.stream.AbstractPipeline.copyInto(AbstractPipeline.java:484)
	at java.base/java.util.stream.AbstractPipeline.wrapAndCopyInto(AbstractPipeline.java:474)
	at java.base/java.util.stream.ReduceOps$ReduceOp.evaluateSequential(ReduceOps.java:913)
	at java.base/java.util.stream.AbstractPipeline.evaluate(AbstractPipeline.java:234)
	at java.base/java.util.stream.ReferencePipeline.collect(ReferencePipeline.java:578)
	at de.uka.ilkd.key.nparser.builder.AbstractBuilder.mapOf(AbstractBuilder.java:112)
	at de.uka.ilkd.key.nparser.builder.IncludeFinder.visitOne_include_statement(IncludeFinder.java:35)
	at de.uka.ilkd.key.nparser.builder.IncludeFinder.visitOne_include_statement(IncludeFinder.java:20)
	at de.uka.ilkd.key.nparser.KeYParser$One_include_statementContext.accept(KeYParser.java:802)
	at org.antlr.v4.runtime.tree.AbstractParseTreeVisitor.visitChildren(AbstractParseTreeVisitor.java:46)
	at de.uka.ilkd.key.nparser.KeYParserBaseVisitor.visitDecls(KeYParserBaseVisitor.java:30)
	at de.uka.ilkd.key.nparser.KeYParser$DeclsContext.accept(KeYParser.java:500)
	at org.antlr.v4.runtime.tree.AbstractParseTreeVisitor.visitChildren(AbstractParseTreeVisitor.java:46)
	at de.uka.ilkd.key.nparser.KeYParserBaseVisitor.visitFile(KeYParserBaseVisitor.java:23)
	at de.uka.ilkd.key.nparser.KeYParser$FileContext.accept(KeYParser.java:306)
	at de.uka.ilkd.key.nparser.KeyAst.accept(KeyAst.java:41)
	at de.uka.ilkd.key.nparser.KeyAst$File.getIncludes(KeyAst.java:76)
	at de.uka.ilkd.key.proof.io.KeYFile.readIncludes(KeYFile.java:208)
	... 14 more
Could not find rule file rules/intRulesCheckedSemantics.key (file: /home/runner/work/key/key/key.core/../key.ui/examples/index/.././heap/comprehensions/segsum.key; caused by: de.uka.ilkd.key.proof.init.ProofInputException: Could not find rule file rules/intRulesCheckedSemantics.key)
	at de.uka.ilkd.key.control.AbstractUserInterfaceControl.load(AbstractUserInterfaceControl.java:221)
	at de.uka.ilkd.key.control.KeYEnvironment.load(KeYEnvironment.java:251)
	at de.uka.ilkd.key.control.KeYEnvironment.load(KeYEnvironment.java:224)
	at de.uka.ilkd.key.control.KeYEnvironment.load(KeYEnvironment.java:184)
	at de.uka.ilkd.key.control.KeYEnvironment.load(KeYEnvironment.java:261)
	at de.uka.ilkd.key.proof.runallproofs.proofcollection.TestFile.load(TestFile.java:270)
	at de.uka.ilkd.key.proof.runallproofs.proofcollection.TestFile.runKey(TestFile.java:160)
	at de.uka.ilkd.key.proof.runallproofs.proofcollection.ForkedTestFileRunner.main(ForkedTestFileRunner.java:171)
Caused by: de.uka.ilkd.key.proof.init.ProofInputException: Could not find rule file rules/intRulesCheckedSemantics.key
	at de.uka.ilkd.key.proof.io.KeYFile.readIncludes(KeYFile.java:210)
	at de.uka.ilkd.key.proof.init.ProblemInitializer.readIncludes(ProblemInitializer.java:177)
	at de.uka.ilkd.key.proof.init.ProblemInitializer.readEnvInput(ProblemInitializer.java:325)
	at de.uka.ilkd.key.proof.init.ProblemInitializer.prepare(ProblemInitializer.java:449)
	at de.uka.ilkd.key.proof.io.AbstractProblemLoader.createInitConfig(AbstractProblemLoader.java:518)
	at de.uka.ilkd.key.proof.io.AbstractProblemLoader.loadEnvironment(AbstractProblemLoader.java:288)
	at de.uka.ilkd.key.proof.io.AbstractProblemLoader.load(AbstractProblemLoader.java:252)
	at de.uka.ilkd.key.control.AbstractUserInterfaceControl.load(AbstractUserInterfaceControl.java:209)
	... 7 more
Caused by: java.lang.RuntimeException: Could not find rule file rules/intRulesCheckedSemantics.key
	at de.uka.ilkd.key.proof.io.RuleSourceFactory.fromBuiltInRule(RuleSourceFactory.java:32)
	at de.uka.ilkd.key.proof.io.RuleSourceFactory.fromDefaultLocation(RuleSourceFactory.java:21)
	at de.uka.ilkd.key.nparser.builder.IncludeFinder.addInclude(IncludeFinder.java:63)
	at de.uka.ilkd.key.nparser.builder.IncludeFinder.visitOne_include(IncludeFinder.java:43)
	at de.uka.ilkd.key.nparser.builder.IncludeFinder.visitOne_include(IncludeFinder.java:20)
	at de.uka.ilkd.key.nparser.KeYParser$One_includeContext.accept(KeYParser.java:878)
	at de.uka.ilkd.key.nparser.builder.AbstractBuilder.lambda$mapOf$0(AbstractBuilder.java:112)
	at java.base/java.util.stream.ReferencePipeline$3$1.accept(ReferencePipeline.java:195)
	at java.base/java.util.ArrayList$ArrayListSpliterator.forEachRemaining(ArrayList.java:1655)
	at java.base/java.util.stream.AbstractPipeline.copyInto(AbstractPipeline.java:484)
	at java.base/java.util.stream.AbstractPipeline.wrapAndCopyInto(AbstractPipeline.java:474)
	at java.base/java.util.stream.ReduceOps$ReduceOp.evaluateSequential(ReduceOps.java:913)
	at java.base/java.util.stream.AbstractPipeline.evaluate(AbstractPipeline.java:234)
	at java.base/java.util.stream.ReferencePipeline.collect(ReferencePipeline.java:578)
	at de.uka.ilkd.key.nparser.builder.AbstractBuilder.mapOf(AbstractBuilder.java:112)
	at de.uka.ilkd.key.nparser.builder.IncludeFinder.visitOne_include_statement(IncludeFinder.java:35)
	at de.uka.ilkd.key.nparser.builder.IncludeFinder.visitOne_include_statement(IncludeFinder.java:20)
	at de.uka.ilkd.key.nparser.KeYParser$One_include_statementContext.accept(KeYParser.java:802)
	at org.antlr.v4.runtime.tree.AbstractParseTreeVisitor.visitChildren(AbstractParseTreeVisitor.java:46)
	at de.uka.ilkd.key.nparser.KeYParserBaseVisitor.visitDecls(KeYParserBaseVisitor.java:30)
	at de.uka.ilkd.key.nparser.KeYParser$DeclsContext.accept(KeYParser.java:500)
	at org.antlr.v4.runtime.tree.AbstractParseTreeVisitor.visitChildren(AbstractParseTreeVisitor.java:46)
	at de.uka.ilkd.key.nparser.KeYParserBaseVisitor.visitFile(KeYParserBaseVisitor.java:23)
	at de.uka.ilkd.key.nparser.KeYParser$FileContext.accept(KeYParser.java:306)
	at de.uka.ilkd.key.nparser.KeyAst.accept(KeyAst.java:41)
	at de.uka.ilkd.key.nparser.KeyAst$File.getIncludes(KeyAst.java:76)
	at de.uka.ilkd.key.proof.io.KeYFile.readIncludes(KeYFile.java:208)
	... 14 more
Could not find rule file rules/intRulesCheckedSemantics.key (file: /home/runner/work/key/key/key.core/../key.ui/examples/index/.././heap/comprehensions/bsum_negative.key; caused by: de.uka.ilkd.key.proof.init.ProofInputException: Could not find rule file rules/intRulesCheckedSemantics.key)
	at de.uka.ilkd.key.control.AbstractUserInterfaceControl.load(AbstractUserInterfaceControl.java:221)
	at de.uka.ilkd.key.control.KeYEnvironment.load(KeYEnvironment.java:251)
	at de.uka.ilkd.key.control.KeYEnvironment.load(KeYEnvironment.java:224)
	at de.uka.ilkd.key.control.KeYEnvironment.load(KeYEnvironment.java:184)
	at de.uka.ilkd.key.control.KeYEnvironment.load(KeYEnvironment.java:261)
	at de.uka.ilkd.key.proof.runallproofs.proofcollection.TestFile.load(TestFile.java:270)
	at de.uka.ilkd.key.proof.runallproofs.proofcollection.TestFile.runKey(TestFile.java:160)
	at de.uka.ilkd.key.proof.runallproofs.proofcollection.ForkedTestFileRunner.main(ForkedTestFileRunner.java:171)
Caused by: de.uka.ilkd.key.proof.init.ProofInputException: Could not find rule file rules/intRulesCheckedSemantics.key
	at de.uka.ilkd.key.proof.io.KeYFile.readIncludes(KeYFile.java:210)
	at de.uka.ilkd.key.proof.init.ProblemInitializer.readIncludes(ProblemInitializer.java:177)
	at de.uka.ilkd.key.proof.init.ProblemInitializer.readEnvInput(ProblemInitializer.java:325)
	at de.uka.ilkd.key.proof.init.ProblemInitializer.prepare(ProblemInitializer.java:449)
	at de.uka.ilkd.key.proof.io.AbstractProblemLoader.createInitConfig(AbstractProblemLoader.java:518)
	at de.uka.ilkd.key.proof.io.AbstractProblemLoader.loadEnvironment(AbstractProblemLoader.java:288)
	at de.uka.ilkd.key.proof.io.AbstractProblemLoader.load(AbstractProblemLoader.java:252)
	at de.uka.ilkd.key.control.AbstractUserInterfaceControl.load(AbstractUserInterfaceControl.java:209)
	... 7 more
Caused by: java.lang.RuntimeException: Could not find rule file rules/intRulesCheckedSemantics.key
	at de.uka.ilkd.key.proof.io.RuleSourceFactory.fromBuiltInRule(RuleSourceFactory.java:32)
	at de.uka.ilkd.key.proof.io.RuleSourceFactory.fromDefaultLocation(RuleSourceFactory.java:21)
	at de.uka.ilkd.key.nparser.builder.IncludeFinder.addInclude(IncludeFinder.java:63)
	at de.uka.ilkd.key.nparser.builder.IncludeFinder.visitOne_include(IncludeFinder.java:43)
	at de.uka.ilkd.key.nparser.builder.IncludeFinder.visitOne_include(IncludeFinder.java:20)
	at de.uka.ilkd.key.nparser.KeYParser$One_includeContext.accept(KeYParser.java:878)
	at de.uka.ilkd.key.nparser.builder.AbstractBuilder.lambda$mapOf$0(AbstractBuilder.java:112)
	at java.base/java.util.stream.ReferencePipeline$3$1.accept(ReferencePipeline.java:195)
	at java.base/java.util.ArrayList$ArrayListSpliterator.forEachRemaining(ArrayList.java:1655)
	at java.base/java.util.stream.AbstractPipeline.copyInto(AbstractPipeline.java:484)
	at java.base/java.util.stream.AbstractPipeline.wrapAndCopyInto(AbstractPipeline.java:474)
	at java.base/java.util.stream.ReduceOps$ReduceOp.evaluateSequential(ReduceOps.java:913)
	at java.base/java.util.stream.AbstractPipeline.evaluate(AbstractPipeline.java:234)
	at java.base/java.util.stream.ReferencePipeline.collect(ReferencePipeline.java:578)
	at de.uka.ilkd.key.nparser.builder.AbstractBuilder.mapOf(AbstractBuilder.java:112)
	at de.uka.ilkd.key.nparser.builder.IncludeFinder.visitOne_include_statement(IncludeFinder.java:35)
	at de.uka.ilkd.key.nparser.builder.IncludeFinder.visitOne_include_statement(IncludeFinder.java:20)
	at de.uka.ilkd.key.nparser.KeYParser$One_include_statementContext.accept(KeYParser.java:802)
	at org.antlr.v4.runtime.tree.AbstractParseTreeVisitor.visitChildren(AbstractParseTreeVisitor.java:46)
	at de.uka.ilkd.key.nparser.KeYParserBaseVisitor.visitDecls(KeYParserBaseVisitor.java:30)
	at de.uka.ilkd.key.nparser.KeYParser$DeclsContext.accept(KeYParser.java:500)
	at org.antlr.v4.runtime.tree.AbstractParseTreeVisitor.visitChildren(AbstractParseTreeVisitor.java:46)
	at de.uka.ilkd.key.nparser.KeYParserBaseVisitor.visitFile(KeYParserBaseVisitor.java:23)
	at de.uka.ilkd.key.nparser.KeYParser$FileContext.accept(KeYParser.java:306)
	at de.uka.ilkd.key.nparser.KeyAst.accept(KeyAst.java:41)
	at de.uka.ilkd.key.nparser.KeyAst$File.getIncludes(KeyAst.java:76)
	at de.uka.ilkd.key.proof.io.KeYFile.readIncludes(KeYFile.java:208)
	... 14 more
Could not find rule file rules/intRulesCheckedSemantics.key (file: /home/runner/work/key/key/key.core/../key.ui/examples/index/.././heap/comprehensions/bsum_neg2.key; caused by: de.uka.ilkd.key.proof.init.ProofInputException: Could not find rule file rules/intRulesCheckedSemantics.key)
	at de.uka.ilkd.key.control.AbstractUserInterfaceControl.load(AbstractUserInterfaceControl.java:221)
	at de.uka.ilkd.key.control.KeYEnvironment.load(KeYEnvironment.java:251)
	at de.uka.ilkd.key.control.KeYEnvironment.load(KeYEnvironment.java:224)
	at de.uka.ilkd.key.control.KeYEnvironment.load(KeYEnvironment.java:184)
	at de.uka.ilkd.key.control.KeYEnvironment.load(KeYEnvironment.java:261)
	at de.uka.ilkd.key.proof.runallproofs.proofcollection.TestFile.load(TestFile.java:270)
	at de.uka.ilkd.key.proof.runallproofs.proofcollection.TestFile.runKey(TestFile.java:160)
	at de.uka.ilkd.key.proof.runallproofs.proofcollection.ForkedTestFileRunner.main(ForkedTestFileRunner.java:171)
Caused by: de.uka.ilkd.key.proof.init.ProofInputException: Could not find rule file rules/intRulesCheckedSemantics.key
	at de.uka.ilkd.key.proof.io.KeYFile.readIncludes(KeYFile.java:210)
	at de.uka.ilkd.key.proof.init.ProblemInitializer.readIncludes(ProblemInitializer.java:177)
	at de.uka.ilkd.key.proof.init.ProblemInitializer.readEnvInput(ProblemInitializer.java:325)
	at de.uka.ilkd.key.proof.init.ProblemInitializer.prepare(ProblemInitializer.java:449)
	at de.uka.ilkd.key.proof.io.AbstractProblemLoader.createInitConfig(AbstractProblemLoader.java:518)
	at de.uka.ilkd.key.proof.io.AbstractProblemLoader.loadEnvironment(AbstractProblemLoader.java:288)
	at de.uka.ilkd.key.proof.io.AbstractProblemLoader.load(AbstractProblemLoader.java:252)
	at de.uka.ilkd.key.control.AbstractUserInterfaceControl.load(AbstractUserInterfaceControl.java:209)
	... 7 more
Caused by: java.lang.RuntimeException: Could not find rule file rules/intRulesCheckedSemantics.key
	at de.uka.ilkd.key.proof.io.RuleSourceFactory.fromBuiltInRule(RuleSourceFactory.java:32)
	at de.uka.ilkd.key.proof.io.RuleSourceFactory.fromDefaultLocation(RuleSourceFactory.java:21)
	at de.uka.ilkd.key.nparser.builder.IncludeFinder.addInclude(IncludeFinder.java:63)
	at de.uka.ilkd.key.nparser.builder.IncludeFinder.visitOne_include(IncludeFinder.java:43)
	at de.uka.ilkd.key.nparser.builder.IncludeFinder.visitOne_include(IncludeFinder.java:20)
	at de.uka.ilkd.key.nparser.KeYParser$One_includeContext.accept(KeYParser.java:878)
	at de.uka.ilkd.key.nparser.builder.AbstractBuilder.lambda$mapOf$0(AbstractBuilder.java:112)
	at java.base/java.util.stream.ReferencePipeline$3$1.accept(ReferencePipeline.java:195)
	at java.base/java.util.ArrayList$ArrayListSpliterator.forEachRemaining(ArrayList.java:1655)
	at java.base/java.util.stream.AbstractPipeline.copyInto(AbstractPipeline.java:484)
	at java.base/java.util.stream.AbstractPipeline.wrapAndCopyInto(AbstractPipeline.java:474)
	at java.base/java.util.stream.ReduceOps$ReduceOp.evaluateSequential(ReduceOps.java:913)
	at java.base/java.util.stream.AbstractPipeline.evaluate(AbstractPipeline.java:234)
	at java.base/java.util.stream.ReferencePipeline.collect(ReferencePipeline.java:578)
	at de.uka.ilkd.key.nparser.builder.AbstractBuilder.mapOf(AbstractBuilder.java:112)
	at de.uka.ilkd.key.nparser.builder.IncludeFinder.visitOne_include_statement(IncludeFinder.java:35)
	at de.uka.ilkd.key.nparser.builder.IncludeFinder.visitOne_include_statement(IncludeFinder.java:20)
	at de.uka.ilkd.key.nparser.KeYParser$One_include_statementContext.accept(KeYParser.java:802)
	at org.antlr.v4.runtime.tree.AbstractParseTreeVisitor.visitChildren(AbstractParseTreeVisitor.java:46)
	at de.uka.ilkd.key.nparser.KeYParserBaseVisitor.visitDecls(KeYParserBaseVisitor.java:30)
	at de.uka.ilkd.key.nparser.KeYParser$DeclsContext.accept(KeYParser.java:500)
	at org.antlr.v4.runtime.tree.AbstractParseTreeVisitor.visitChildren(AbstractParseTreeVisitor.java:46)
	at de.uka.ilkd.key.nparser.KeYParserBaseVisitor.visitFile(KeYParserBaseVisitor.java:23)
	at de.uka.ilkd.key.nparser.KeYParser$FileContext.accept(KeYParser.java:306)
	at de.uka.ilkd.key.nparser.KeyAst.accept(KeyAst.java:41)
	at de.uka.ilkd.key.nparser.KeyAst$File.getIncludes(KeyAst.java:76)
	at de.uka.ilkd.key.proof.io.KeYFile.readIncludes(KeYFile.java:208)
	... 14 more
Could not find rule file rules/intRulesCheckedSemantics.key (file: /home/runner/work/key/key/key.core/../key.ui/examples/index/.././heap/comprehensions/bsumSplit.key; caused by: de.uka.ilkd.key.proof.init.ProofInputException: Could not find rule file rules/intRulesCheckedSemantics.key)
	at de.uka.ilkd.key.control.AbstractUserInterfaceControl.load(AbstractUserInterfaceControl.java:221)
	at de.uka.ilkd.key.control.KeYEnvironment.load(KeYEnvironment.java:251)
	at de.uka.ilkd.key.control.KeYEnvironment.load(KeYEnvironment.java:224)
	at de.uka.ilkd.key.control.KeYEnvironment.load(KeYEnvironment.java:184)
	at de.uka.ilkd.key.control.KeYEnvironment.load(KeYEnvironment.java:261)
	at de.uka.ilkd.key.proof.runallproofs.proofcollection.TestFile.load(TestFile.java:270)
	at de.uka.ilkd.key.proof.runallproofs.proofcollection.TestFile.runKey(TestFile.java:160)
	at de.uka.ilkd.key.proof.runallproofs.proofcollection.ForkedTestFileRunner.main(ForkedTestFileRunner.java:171)
Caused by: de.uka.ilkd.key.proof.init.ProofInputException: Could not find rule file rules/intRulesCheckedSemantics.key
	at de.uka.ilkd.key.proof.io.KeYFile.readIncludes(KeYFile.java:210)
	at de.uka.ilkd.key.proof.init.ProblemInitializer.readIncludes(ProblemInitializer.java:177)
	at de.uka.ilkd.key.proof.init.ProblemInitializer.readEnvInput(ProblemInitializer.java:325)
	at de.uka.ilkd.key.proof.init.ProblemInitializer.prepare(ProblemInitializer.java:449)
	at de.uka.ilkd.key.proof.io.AbstractProblemLoader.createInitConfig(AbstractProblemLoader.java:518)
	at de.uka.ilkd.key.proof.io.AbstractProblemLoader.loadEnvironment(AbstractProblemLoader.java:288)
	at de.uka.ilkd.key.proof.io.AbstractProblemLoader.load(AbstractProblemLoader.java:252)
	at de.uka.ilkd.key.control.AbstractUserInterfaceControl.load(AbstractUserInterfaceControl.java:209)
	... 7 more
Caused by: java.lang.RuntimeException: Could not find rule file rules/intRulesCheckedSemantics.key
	at de.uka.ilkd.key.proof.io.RuleSourceFactory.fromBuiltInRule(RuleSourceFactory.java:32)
	at de.uka.ilkd.key.proof.io.RuleSourceFactory.fromDefaultLocation(RuleSourceFactory.java:21)
	at de.uka.ilkd.key.nparser.builder.IncludeFinder.addInclude(IncludeFinder.java:63)
	at de.uka.ilkd.key.nparser.builder.IncludeFinder.visitOne_include(IncludeFinder.java:43)
	at de.uka.ilkd.key.nparser.builder.IncludeFinder.visitOne_include(IncludeFinder.java:20)
	at de.uka.ilkd.key.nparser.KeYParser$One_includeContext.accept(KeYParser.java:878)
	at de.uka.ilkd.key.nparser.builder.AbstractBuilder.lambda$mapOf$0(AbstractBuilder.java:112)
	at java.base/java.util.stream.ReferencePipeline$3$1.accept(ReferencePipeline.java:195)
	at java.base/java.util.ArrayList$ArrayListSpliterator.forEachRemaining(ArrayList.java:1655)
	at java.base/java.util.stream.AbstractPipeline.copyInto(AbstractPipeline.java:484)
	at java.base/java.util.stream.AbstractPipeline.wrapAndCopyInto(AbstractPipeline.java:474)
	at java.base/java.util.stream.ReduceOps$ReduceOp.evaluateSequential(ReduceOps.java:913)
	at java.base/java.util.stream.AbstractPipeline.evaluate(AbstractPipeline.java:234)
	at java.base/java.util.stream.ReferencePipeline.collect(ReferencePipeline.java:578)
	at de.uka.ilkd.key.nparser.builder.AbstractBuilder.mapOf(AbstractBuilder.java:112)
	at de.uka.ilkd.key.nparser.builder.IncludeFinder.visitOne_include_statement(IncludeFinder.java:35)
	at de.uka.ilkd.key.nparser.builder.IncludeFinder.visitOne_include_statement(IncludeFinder.java:20)
	at de.uka.ilkd.key.nparser.KeYParser$One_include_statementContext.accept(KeYParser.java:802)
	at org.antlr.v4.runtime.tree.AbstractParseTreeVisitor.visitChildren(AbstractParseTreeVisitor.java:46)
	at de.uka.ilkd.key.nparser.KeYParserBaseVisitor.visitDecls(KeYParserBaseVisitor.java:30)
	at de.uka.ilkd.key.nparser.KeYParser$DeclsContext.accept(KeYParser.java:500)
	at org.antlr.v4.runtime.tree.AbstractParseTreeVisitor.visitChildren(AbstractParseTreeVisitor.java:46)
	at de.uka.ilkd.key.nparser.KeYParserBaseVisitor.visitFile(KeYParserBaseVisitor.java:23)
	at de.uka.ilkd.key.nparser.KeYParser$FileContext.accept(KeYParser.java:306)
	at de.uka.ilkd.key.nparser.KeyAst.accept(KeyAst.java:41)
	at de.uka.ilkd.key.nparser.KeyAst$File.getIncludes(KeyAst.java:76)
	at de.uka.ilkd.key.proof.io.KeYFile.readIncludes(KeYFile.java:208)
	... 14 more
Could not find rule file rules/intRulesCheckedSemantics.key (file: /home/runner/work/key/key/key.core/../key.ui/examples/index/.././heap/comprehensions/bprodSplit.key; caused by: de.uka.ilkd.key.proof.init.ProofInputException: Could not find rule file rules/intRulesCheckedSemantics.key)
	at de.uka.ilkd.key.control.AbstractUserInterfaceControl.load(AbstractUserInterfaceControl.java:221)
	at de.uka.ilkd.key.control.KeYEnvironment.load(KeYEnvironment.java:251)
	at de.uka.ilkd.key.control.KeYEnvironment.load(KeYEnvironment.java:224)
	at de.uka.ilkd.key.control.KeYEnvironment.load(KeYEnvironment.java:184)
	at de.uka.ilkd.key.control.KeYEnvironment.load(KeYEnvironment.java:261)
	at de.uka.ilkd.key.proof.runallproofs.proofcollection.TestFile.load(TestFile.java:270)
	at de.uka.ilkd.key.proof.runallproofs.proofcollection.TestFile.runKey(TestFile.java:160)
	at de.uka.ilkd.key.proof.runallproofs.proofcollection.ForkedTestFileRunner.main(ForkedTestFileRunner.java:171)
Caused by: de.uka.ilkd.key.proof.init.ProofInputException: Could not find rule file rules/intRulesCheckedSemantics.key
	at de.uka.ilkd.key.proof.io.KeYFile.readIncludes(KeYFile.java:210)
	at de.uka.ilkd.key.proof.init.ProblemInitializer.readIncludes(ProblemInitializer.java:177)
	at de.uka.ilkd.key.proof.init.ProblemInitializer.readEnvInput(ProblemInitializer.java:325)
	at de.uka.ilkd.key.proof.init.ProblemInitializer.prepare(ProblemInitializer.java:449)
	at de.uka.ilkd.key.proof.io.AbstractProblemLoader.createInitConfig(AbstractProblemLoader.java:518)
	at de.uka.ilkd.key.proof.io.AbstractProblemLoader.loadEnvironment(AbstractProblemLoader.java:288)
	at de.uka.ilkd.key.proof.io.AbstractProblemLoader.load(AbstractProblemLoader.java:252)
	at de.uka.ilkd.key.control.AbstractUserInterfaceControl.load(AbstractUserInterfaceControl.java:209)
	... 7 more
Caused by: java.lang.RuntimeException: Could not find rule file rules/intRulesCheckedSemantics.key
	at de.uka.ilkd.key.proof.io.RuleSourceFactory.fromBuiltInRule(RuleSourceFactory.java:32)
	at de.uka.ilkd.key.proof.io.RuleSourceFactory.fromDefaultLocation(RuleSourceFactory.java:21)
	at de.uka.ilkd.key.nparser.builder.IncludeFinder.addInclude(IncludeFinder.java:63)
	at de.uka.ilkd.key.nparser.builder.IncludeFinder.visitOne_include(IncludeFinder.java:43)
	at de.uka.ilkd.key.nparser.builder.IncludeFinder.visitOne_include(IncludeFinder.java:20)
	at de.uka.ilkd.key.nparser.KeYParser$One_includeContext.accept(KeYParser.java:878)
	at de.uka.ilkd.key.nparser.builder.AbstractBuilder.lambda$mapOf$0(AbstractBuilder.java:112)
	at java.base/java.util.stream.ReferencePipeline$3$1.accept(ReferencePipeline.java:195)
	at java.base/java.util.ArrayList$ArrayListSpliterator.forEachRemaining(ArrayList.java:1655)
	at java.base/java.util.stream.AbstractPipeline.copyInto(AbstractPipeline.java:484)
	at java.base/java.util.stream.AbstractPipeline.wrapAndCopyInto(AbstractPipeline.java:474)
	at java.base/java.util.stream.ReduceOps$ReduceOp.evaluateSequential(ReduceOps.java:913)
	at java.base/java.util.stream.AbstractPipeline.evaluate(AbstractPipeline.java:234)
	at java.base/java.util.stream.ReferencePipeline.collect(ReferencePipeline.java:578)
	at de.uka.ilkd.key.nparser.builder.AbstractBuilder.mapOf(AbstractBuilder.java:112)
	at de.uka.ilkd.key.nparser.builder.IncludeFinder.visitOne_include_statement(IncludeFinder.java:35)
	at de.uka.ilkd.key.nparser.builder.IncludeFinder.visitOne_include_statement(IncludeFinder.java:20)
	at de.uka.ilkd.key.nparser.KeYParser$One_include_statementContext.accept(KeYParser.java:802)
	at org.antlr.v4.runtime.tree.AbstractParseTreeVisitor.visitChildren(AbstractParseTreeVisitor.java:46)
	at de.uka.ilkd.key.nparser.KeYParserBaseVisitor.visitDecls(KeYParserBaseVisitor.java:30)
	at de.uka.ilkd.key.nparser.KeYParser$DeclsContext.accept(KeYParser.java:500)
	at org.antlr.v4.runtime.tree.AbstractParseTreeVisitor.visitChildren(AbstractParseTreeVisitor.java:46)
	at de.uka.ilkd.key.nparser.KeYParserBaseVisitor.visitFile(KeYParserBaseVisitor.java:23)
	at de.uka.ilkd.key.nparser.KeYParser$FileContext.accept(KeYParser.java:306)
	at de.uka.ilkd.key.nparser.KeyAst.accept(KeyAst.java:41)
	at de.uka.ilkd.key.nparser.KeyAst$File.getIncludes(KeyAst.java:76)
	at de.uka.ilkd.key.proof.io.KeYFile.readIncludes(KeYFile.java:208)
	... 14 more
Could not find rule file rules/intRulesCheckedSemantics.key (file: /home/runner/work/key/key/key.core/../key.ui/examples/index/.././heap/comprehensions/bsumSplitInvalid.key; caused by: de.uka.ilkd.key.proof.init.ProofInputException: Could not find rule file rules/intRulesCheckedSemantics.key)
	at de.uka.ilkd.key.control.AbstractUserInterfaceControl.load(AbstractUserInterfaceControl.java:221)
	at de.uka.ilkd.key.control.KeYEnvironment.load(KeYEnvironment.java:251)
	at de.uka.ilkd.key.control.KeYEnvironment.load(KeYEnvironment.java:224)
	at de.uka.ilkd.key.control.KeYEnvironment.load(KeYEnvironment.java:184)
	at de.uka.ilkd.key.control.KeYEnvironment.load(KeYEnvironment.java:261)
	at de.uka.ilkd.key.proof.runallproofs.proofcollection.TestFile.load(TestFile.java:270)
	at de.uka.ilkd.key.proof.runallproofs.proofcollection.TestFile.runKey(TestFile.java:160)
	at de.uka.ilkd.key.proof.runallproofs.proofcollection.ForkedTestFileRunner.main(ForkedTestFileRunner.java:171)
Caused by: de.uka.ilkd.key.proof.init.ProofInputException: Could not find rule file rules/intRulesCheckedSemantics.key
	at de.uka.ilkd.key.proof.io.KeYFile.readIncludes(KeYFile.java:210)
	at de.uka.ilkd.key.proof.init.ProblemInitializer.readIncludes(ProblemInitializer.java:177)
	at de.uka.ilkd.key.proof.init.ProblemInitializer.readEnvInput(ProblemInitializer.java:325)
	at de.uka.ilkd.key.proof.init.ProblemInitializer.prepare(ProblemInitializer.java:449)
	at de.uka.ilkd.key.proof.io.AbstractProblemLoader.createInitConfig(AbstractProblemLoader.java:518)
	at de.uka.ilkd.key.proof.io.AbstractProblemLoader.loadEnvironment(AbstractProblemLoader.java:288)
	at de.uka.ilkd.key.proof.io.AbstractProblemLoader.load(AbstractProblemLoader.java:252)
	at de.uka.ilkd.key.control.AbstractUserInterfaceControl.load(AbstractUserInterfaceControl.java:209)
	... 7 more
Caused by: java.lang.RuntimeException: Could not find rule file rules/intRulesCheckedSemantics.key
	at de.uka.ilkd.key.proof.io.RuleSourceFactory.fromBuiltInRule(RuleSourceFactory.java:32)
	at de.uka.ilkd.key.proof.io.RuleSourceFactory.fromDefaultLocation(RuleSourceFactory.java:21)
	at de.uka.ilkd.key.nparser.builder.IncludeFinder.addInclude(IncludeFinder.java:63)
	at de.uka.ilkd.key.nparser.builder.IncludeFinder.visitOne_include(IncludeFinder.java:43)
	at de.uka.ilkd.key.nparser.builder.IncludeFinder.visitOne_include(IncludeFinder.java:20)
	at de.uka.ilkd.key.nparser.KeYParser$One_includeContext.accept(KeYParser.java:878)
	at de.uka.ilkd.key.nparser.builder.AbstractBuilder.lambda$mapOf$0(AbstractBuilder.java:112)
	at java.base/java.util.stream.ReferencePipeline$3$1.accept(ReferencePipeline.java:195)
	at java.base/java.util.ArrayList$ArrayListSpliterator.forEachRemaining(ArrayList.java:1655)
	at java.base/java.util.stream.AbstractPipeline.copyInto(AbstractPipeline.java:484)
	at java.base/java.util.stream.AbstractPipeline.wrapAndCopyInto(AbstractPipeline.java:474)
	at java.base/java.util.stream.ReduceOps$ReduceOp.evaluateSequential(ReduceOps.java:913)
	at java.base/java.util.stream.AbstractPipeline.evaluate(AbstractPipeline.java:234)
	at java.base/java.util.stream.ReferencePipeline.collect(ReferencePipeline.java:578)
	at de.uka.ilkd.key.nparser.builder.AbstractBuilder.mapOf(AbstractBuilder.java:112)
	at de.uka.ilkd.key.nparser.builder.IncludeFinder.visitOne_include_statement(IncludeFinder.java:35)
	at de.uka.ilkd.key.nparser.builder.IncludeFinder.visitOne_include_statement(IncludeFinder.java:20)
	at de.uka.ilkd.key.nparser.KeYParser$One_include_statementContext.accept(KeYParser.java:802)
	at org.antlr.v4.runtime.tree.AbstractParseTreeVisitor.visitChildren(AbstractParseTreeVisitor.java:46)
	at de.uka.ilkd.key.nparser.KeYParserBaseVisitor.visitDecls(KeYParserBaseVisitor.java:30)
	at de.uka.ilkd.key.nparser.KeYParser$DeclsContext.accept(KeYParser.java:500)
	at org.antlr.v4.runtime.tree.AbstractParseTreeVisitor.visitChildren(AbstractParseTreeVisitor.java:46)
	at de.uka.ilkd.key.nparser.KeYParserBaseVisitor.visitFile(KeYParserBaseVisitor.java:23)
	at de.uka.ilkd.key.nparser.KeYParser$FileContext.accept(KeYParser.java:306)
	at de.uka.ilkd.key.nparser.KeyAst.accept(KeyAst.java:41)
	at de.uka.ilkd.key.nparser.KeyAst$File.getIncludes(KeyAst.java:76)
	at de.uka.ilkd.key.proof.io.KeYFile.readIncludes(KeYFile.java:208)
	... 14 more
Exception in thread "main" org.opentest4j.AssertionFailedError: Exception during the execution of proofs. See log for more details.
	at org.junit.jupiter.api.AssertionUtils.fail(AssertionUtils.java:39)
	at org.junit.jupiter.api.Assertions.fail(Assertions.java:134)
	at de.uka.ilkd.key.proof.runallproofs.proofcollection.ForkedTestFileRunner.main(ForkedTestFileRunner.java:192)
Timeout watcher launched (2000 secs.)
Could not find rule file rules/intRulesCheckedSemantics.key (file: /home/runner/work/key/key/key.core/../key.ui/examples/index/.././performance-test/Disjoint(Disjoint__disjoint_08()).JML_operation_contract.0.key; caused by: de.uka.ilkd.key.proof.init.ProofInputException: Could not find rule file rules/intRulesCheckedSemantics.key)
	at de.uka.ilkd.key.control.AbstractUserInterfaceControl.load(AbstractUserInterfaceControl.java:221)
	at de.uka.ilkd.key.control.KeYEnvironment.load(KeYEnvironment.java:251)
	at de.uka.ilkd.key.control.KeYEnvironment.load(KeYEnvironment.java:224)
	at de.uka.ilkd.key.control.KeYEnvironment.load(KeYEnvironment.java:184)
	at de.uka.ilkd.key.control.KeYEnvironment.load(KeYEnvironment.java:261)
	at de.uka.ilkd.key.proof.runallproofs.proofcollection.TestFile.load(TestFile.java:270)
	at de.uka.ilkd.key.proof.runallproofs.proofcollection.TestFile.runKey(TestFile.java:160)
	at de.uka.ilkd.key.proof.runallproofs.proofcollection.ForkedTestFileRunner.main(ForkedTestFileRunner.java:171)
Caused by: de.uka.ilkd.key.proof.init.ProofInputException: Could not find rule file rules/intRulesCheckedSemantics.key
	at de.uka.ilkd.key.proof.io.KeYFile.readIncludes(KeYFile.java:210)
	at de.uka.ilkd.key.proof.init.ProblemInitializer.readIncludes(ProblemInitializer.java:177)
	at de.uka.ilkd.key.proof.init.ProblemInitializer.readEnvInput(ProblemInitializer.java:325)
	at de.uka.ilkd.key.proof.init.ProblemInitializer.prepare(ProblemInitializer.java:449)
	at de.uka.ilkd.key.proof.io.AbstractProblemLoader.createInitConfig(AbstractProblemLoader.java:518)
	at de.uka.ilkd.key.proof.io.AbstractProblemLoader.loadEnvironment(AbstractProblemLoader.java:288)
	at de.uka.ilkd.key.proof.io.AbstractProblemLoader.load(AbstractProblemLoader.java:252)
	at de.uka.ilkd.key.control.AbstractUserInterfaceControl.load(AbstractUserInterfaceControl.java:209)
	... 7 more
Caused by: java.lang.RuntimeException: Could not find rule file rules/intRulesCheckedSemantics.key
	at de.uka.ilkd.key.proof.io.RuleSourceFactory.fromBuiltInRule(RuleSourceFactory.java:32)
	at de.uka.ilkd.key.proof.io.RuleSourceFactory.fromDefaultLocation(RuleSourceFactory.java:21)
	at de.uka.ilkd.key.nparser.builder.IncludeFinder.addInclude(IncludeFinder.java:63)
	at de.uka.ilkd.key.nparser.builder.IncludeFinder.visitOne_include(IncludeFinder.java:43)
	at de.uka.ilkd.key.nparser.builder.IncludeFinder.visitOne_include(IncludeFinder.java:20)
	at de.uka.ilkd.key.nparser.KeYParser$One_includeContext.accept(KeYParser.java:878)
	at de.uka.ilkd.key.nparser.builder.AbstractBuilder.lambda$mapOf$0(AbstractBuilder.java:112)
	at java.base/java.util.stream.ReferencePipeline$3$1.accept(ReferencePipeline.java:195)
	at java.base/java.util.ArrayList$ArrayListSpliterator.forEachRemaining(ArrayList.java:1655)
	at java.base/java.util.stream.AbstractPipeline.copyInto(AbstractPipeline.java:484)
	at java.base/java.util.stream.AbstractPipeline.wrapAndCopyInto(AbstractPipeline.java:474)
	at java.base/java.util.stream.ReduceOps$ReduceOp.evaluateSequential(ReduceOps.java:913)
	at java.base/java.util.stream.AbstractPipeline.evaluate(AbstractPipeline.java:234)
	at java.base/java.util.stream.ReferencePipeline.collect(ReferencePipeline.java:578)
	at de.uka.ilkd.key.nparser.builder.AbstractBuilder.mapOf(AbstractBuilder.java:112)
	at de.uka.ilkd.key.nparser.builder.IncludeFinder.visitOne_include_statement(IncludeFinder.java:35)
	at de.uka.ilkd.key.nparser.builder.IncludeFinder.visitOne_include_statement(IncludeFinder.java:20)
	at de.uka.ilkd.key.nparser.KeYParser$One_include_statementContext.accept(KeYParser.java:802)
	at org.antlr.v4.runtime.tree.AbstractParseTreeVisitor.visitChildren(AbstractParseTreeVisitor.java:46)
	at de.uka.ilkd.key.nparser.KeYParserBaseVisitor.visitDecls(KeYParserBaseVisitor.java:30)
	at de.uka.ilkd.key.nparser.KeYParser$DeclsContext.accept(KeYParser.java:500)
	at org.antlr.v4.runtime.tree.AbstractParseTreeVisitor.visitChildren(AbstractParseTreeVisitor.java:46)
	at de.uka.ilkd.key.nparser.KeYParserBaseVisitor.visitFile(KeYParserBaseVisitor.java:23)
	at de.uka.ilkd.key.nparser.KeYParser$FileContext.accept(KeYParser.java:306)
	at de.uka.ilkd.key.nparser.KeyAst.accept(KeyAst.java:41)
	at de.uka.ilkd.key.nparser.KeyAst$File.getIncludes(KeyAst.java:76)
	at de.uka.ilkd.key.proof.io.KeYFile.readIncludes(KeYFile.java:208)
	... 14 more
Could not find rule file rules/intRulesCheckedSemantics.key (file: /home/runner/work/key/key/key.core/../key.ui/examples/index/.././performance-test/Disjoint(Disjoint__disjoint2_08()).JML_operation_contract.0.key; caused by: de.uka.ilkd.key.proof.init.ProofInputException: Could not find rule file rules/intRulesCheckedSemantics.key)
	at de.uka.ilkd.key.control.AbstractUserInterfaceControl.load(AbstractUserInterfaceControl.java:221)
	at de.uka.ilkd.key.control.KeYEnvironment.load(KeYEnvironment.java:251)
	at de.uka.ilkd.key.control.KeYEnvironment.load(KeYEnvironment.java:224)
	at de.uka.ilkd.key.control.KeYEnvironment.load(KeYEnvironment.java:184)
	at de.uka.ilkd.key.control.KeYEnvironment.load(KeYEnvironment.java:261)
	at de.uka.ilkd.key.proof.runallproofs.proofcollection.TestFile.load(TestFile.java:270)
	at de.uka.ilkd.key.proof.runallproofs.proofcollection.TestFile.runKey(TestFile.java:160)
	at de.uka.ilkd.key.proof.runallproofs.proofcollection.ForkedTestFileRunner.main(ForkedTestFileRunner.java:171)
Caused by: de.uka.ilkd.key.proof.init.ProofInputException: Could not find rule file rules/intRulesCheckedSemantics.key
	at de.uka.ilkd.key.proof.io.KeYFile.readIncludes(KeYFile.java:210)
	at de.uka.ilkd.key.proof.init.ProblemInitializer.readIncludes(ProblemInitializer.java:177)
	at de.uka.ilkd.key.proof.init.ProblemInitializer.readEnvInput(ProblemInitializer.java:325)
	at de.uka.ilkd.key.proof.init.ProblemInitializer.prepare(ProblemInitializer.java:449)
	at de.uka.ilkd.key.proof.io.AbstractProblemLoader.createInitConfig(AbstractProblemLoader.java:518)
	at de.uka.ilkd.key.proof.io.AbstractProblemLoader.loadEnvironment(AbstractProblemLoader.java:288)
	at de.uka.ilkd.key.proof.io.AbstractProblemLoader.load(AbstractProblemLoader.java:252)
	at de.uka.ilkd.key.control.AbstractUserInterfaceControl.load(AbstractUserInterfaceControl.java:209)
	... 7 more
Caused by: java.lang.RuntimeException: Could not find rule file rules/intRulesCheckedSemantics.key
	at de.uka.ilkd.key.proof.io.RuleSourceFactory.fromBuiltInRule(RuleSourceFactory.java:32)
	at de.uka.ilkd.key.proof.io.RuleSourceFactory.fromDefaultLocation(RuleSourceFactory.java:21)
	at de.uka.ilkd.key.nparser.builder.IncludeFinder.addInclude(IncludeFinder.java:63)
	at de.uka.ilkd.key.nparser.builder.IncludeFinder.visitOne_include(IncludeFinder.java:43)
	at de.uka.ilkd.key.nparser.builder.IncludeFinder.visitOne_include(IncludeFinder.java:20)
	at de.uka.ilkd.key.nparser.KeYParser$One_includeContext.accept(KeYParser.java:878)
	at de.uka.ilkd.key.nparser.builder.AbstractBuilder.lambda$mapOf$0(AbstractBuilder.java:112)
	at java.base/java.util.stream.ReferencePipeline$3$1.accept(ReferencePipeline.java:195)
	at java.base/java.util.ArrayList$ArrayListSpliterator.forEachRemaining(ArrayList.java:1655)
	at java.base/java.util.stream.AbstractPipeline.copyInto(AbstractPipeline.java:484)
	at java.base/java.util.stream.AbstractPipeline.wrapAndCopyInto(AbstractPipeline.java:474)
	at java.base/java.util.stream.ReduceOps$ReduceOp.evaluateSequential(ReduceOps.java:913)
	at java.base/java.util.stream.AbstractPipeline.evaluate(AbstractPipeline.java:234)
	at java.base/java.util.stream.ReferencePipeline.collect(ReferencePipeline.java:578)
	at de.uka.ilkd.key.nparser.builder.AbstractBuilder.mapOf(AbstractBuilder.java:112)
	at de.uka.ilkd.key.nparser.builder.IncludeFinder.visitOne_include_statement(IncludeFinder.java:35)
	at de.uka.ilkd.key.nparser.builder.IncludeFinder.visitOne_include_statement(IncludeFinder.java:20)
	at de.uka.ilkd.key.nparser.KeYParser$One_include_statementContext.accept(KeYParser.java:802)
	at org.antlr.v4.runtime.tree.AbstractParseTreeVisitor.visitChildren(AbstractParseTreeVisitor.java:46)
	at de.uka.ilkd.key.nparser.KeYParserBaseVisitor.visitDecls(KeYParserBaseVisitor.java:30)
	at de.uka.ilkd.key.nparser.KeYParser$DeclsContext.accept(KeYParser.java:500)
	at org.antlr.v4.runtime.tree.AbstractParseTreeVisitor.visitChildren(AbstractParseTreeVisitor.java:46)
	at de.uka.ilkd.key.nparser.KeYParserBaseVisitor.visitFile(KeYParserBaseVisitor.java:23)
	at de.uka.ilkd.key.nparser.KeYParser$FileContext.accept(KeYParser.java:306)
	at de.uka.ilkd.key.nparser.KeyAst.accept(KeyAst.java:41)
	at de.uka.ilkd.key.nparser.KeyAst$File.getIncludes(KeyAst.java:76)
	at de.uka.ilkd.key.proof.io.KeYFile.readIncludes(KeYFile.java:208)
	... 14 more
Could not find rule file rules/intRulesCheckedSemantics.key (file: /home/runner/work/key/key/key.core/../key.ui/examples/index/.././performance-test/AccessChain1(AccessChain1__foo_08()).JML_operation_contract.0.key; caused by: de.uka.ilkd.key.proof.init.ProofInputException: Could not find rule file rules/intRulesCheckedSemantics.key)
	at de.uka.ilkd.key.control.AbstractUserInterfaceControl.load(AbstractUserInterfaceControl.java:221)
	at de.uka.ilkd.key.control.KeYEnvironment.load(KeYEnvironment.java:251)
	at de.uka.ilkd.key.control.KeYEnvironment.load(KeYEnvironment.java:224)
	at de.uka.ilkd.key.control.KeYEnvironment.load(KeYEnvironment.java:184)
	at de.uka.ilkd.key.control.KeYEnvironment.load(KeYEnvironment.java:261)
	at de.uka.ilkd.key.proof.runallproofs.proofcollection.TestFile.load(TestFile.java:270)
	at de.uka.ilkd.key.proof.runallproofs.proofcollection.TestFile.runKey(TestFile.java:160)
	at de.uka.ilkd.key.proof.runallproofs.proofcollection.ForkedTestFileRunner.main(ForkedTestFileRunner.java:171)
Caused by: de.uka.ilkd.key.proof.init.ProofInputException: Could not find rule file rules/intRulesCheckedSemantics.key
	at de.uka.ilkd.key.proof.io.KeYFile.readIncludes(KeYFile.java:210)
	at de.uka.ilkd.key.proof.init.ProblemInitializer.readIncludes(ProblemInitializer.java:177)
	at de.uka.ilkd.key.proof.init.ProblemInitializer.readEnvInput(ProblemInitializer.java:325)
	at de.uka.ilkd.key.proof.init.ProblemInitializer.prepare(ProblemInitializer.java:449)
	at de.uka.ilkd.key.proof.io.AbstractProblemLoader.createInitConfig(AbstractProblemLoader.java:518)
	at de.uka.ilkd.key.proof.io.AbstractProblemLoader.loadEnvironment(AbstractProblemLoader.java:288)
	at de.uka.ilkd.key.proof.io.AbstractProblemLoader.load(AbstractProblemLoader.java:252)
	at de.uka.ilkd.key.control.AbstractUserInterfaceControl.load(AbstractUserInterfaceControl.java:209)
	... 7 more
Caused by: java.lang.RuntimeException: Could not find rule file rules/intRulesCheckedSemantics.key
	at de.uka.ilkd.key.proof.io.RuleSourceFactory.fromBuiltInRule(RuleSourceFactory.java:32)
	at de.uka.ilkd.key.proof.io.RuleSourceFactory.fromDefaultLocation(RuleSourceFactory.java:21)
	at de.uka.ilkd.key.nparser.builder.IncludeFinder.addInclude(IncludeFinder.java:63)
	at de.uka.ilkd.key.nparser.builder.IncludeFinder.visitOne_include(IncludeFinder.java:43)
	at de.uka.ilkd.key.nparser.builder.IncludeFinder.visitOne_include(IncludeFinder.java:20)
	at de.uka.ilkd.key.nparser.KeYParser$One_includeContext.accept(KeYParser.java:878)
	at de.uka.ilkd.key.nparser.builder.AbstractBuilder.lambda$mapOf$0(AbstractBuilder.java:112)
	at java.base/java.util.stream.ReferencePipeline$3$1.accept(ReferencePipeline.java:195)
	at java.base/java.util.ArrayList$ArrayListSpliterator.forEachRemaining(ArrayList.java:1655)
	at java.base/java.util.stream.AbstractPipeline.copyInto(AbstractPipeline.java:484)
	at java.base/java.util.stream.AbstractPipeline.wrapAndCopyInto(AbstractPipeline.java:474)
	at java.base/java.util.stream.ReduceOps$ReduceOp.evaluateSequential(ReduceOps.java:913)
	at java.base/java.util.stream.AbstractPipeline.evaluate(AbstractPipeline.java:234)
	at java.base/java.util.stream.ReferencePipeline.collect(ReferencePipeline.java:578)
	at de.uka.ilkd.key.nparser.builder.AbstractBuilder.mapOf(AbstractBuilder.java:112)
	at de.uka.ilkd.key.nparser.builder.IncludeFinder.visitOne_include_statement(IncludeFinder.java:35)
	at de.uka.ilkd.key.nparser.builder.IncludeFinder.visitOne_include_statement(IncludeFinder.java:20)
	at de.uka.ilkd.key.nparser.KeYParser$One_include_statementContext.accept(KeYParser.java:802)
	at org.antlr.v4.runtime.tree.AbstractParseTreeVisitor.visitChildren(AbstractParseTreeVisitor.java:46)
	at de.uka.ilkd.key.nparser.KeYParserBaseVisitor.visitDecls(KeYParserBaseVisitor.java:30)
	at de.uka.ilkd.key.nparser.KeYParser$DeclsContext.accept(KeYParser.java:500)
	at org.antlr.v4.runtime.tree.AbstractParseTreeVisitor.visitChildren(AbstractParseTreeVisitor.java:46)
	at de.uka.ilkd.key.nparser.KeYParserBaseVisitor.visitFile(KeYParserBaseVisitor.java:23)
	at de.uka.ilkd.key.nparser.KeYParser$FileContext.accept(KeYParser.java:306)
	at de.uka.ilkd.key.nparser.KeyAst.accept(KeyAst.java:41)
	at de.uka.ilkd.key.nparser.KeyAst$File.getIncludes(KeyAst.java:76)
	at de.uka.ilkd.key.proof.io.KeYFile.readIncludes(KeYFile.java:208)
	... 14 more
Could not find rule file rules/intRulesCheckedSemantics.key (file: /home/runner/work/key/key/key.core/../key.ui/examples/index/.././performance-test/AccessChain4(AccessChain4__foo_08()).JML_operation_contract.0.key; caused by: de.uka.ilkd.key.proof.init.ProofInputException: Could not find rule file rules/intRulesCheckedSemantics.key)
	at de.uka.ilkd.key.control.AbstractUserInterfaceControl.load(AbstractUserInterfaceControl.java:221)
	at de.uka.ilkd.key.control.KeYEnvironment.load(KeYEnvironment.java:251)
	at de.uka.ilkd.key.control.KeYEnvironment.load(KeYEnvironment.java:224)
	at de.uka.ilkd.key.control.KeYEnvironment.load(KeYEnvironment.java:184)
	at de.uka.ilkd.key.control.KeYEnvironment.load(KeYEnvironment.java:261)
	at de.uka.ilkd.key.proof.runallproofs.proofcollection.TestFile.load(TestFile.java:270)
	at de.uka.ilkd.key.proof.runallproofs.proofcollection.TestFile.runKey(TestFile.java:160)
	at de.uka.ilkd.key.proof.runallproofs.proofcollection.ForkedTestFileRunner.main(ForkedTestFileRunner.java:171)
Caused by: de.uka.ilkd.key.proof.init.ProofInputException: Could not find rule file rules/intRulesCheckedSemantics.key
	at de.uka.ilkd.key.proof.io.KeYFile.readIncludes(KeYFile.java:210)
	at de.uka.ilkd.key.proof.init.ProblemInitializer.readIncludes(ProblemInitializer.java:177)
	at de.uka.ilkd.key.proof.init.ProblemInitializer.readEnvInput(ProblemInitializer.java:325)
	at de.uka.ilkd.key.proof.init.ProblemInitializer.prepare(ProblemInitializer.java:449)
	at de.uka.ilkd.key.proof.io.AbstractProblemLoader.createInitConfig(AbstractProblemLoader.java:518)
	at de.uka.ilkd.key.proof.io.AbstractProblemLoader.loadEnvironment(AbstractProblemLoader.java:288)
	at de.uka.ilkd.key.proof.io.AbstractProblemLoader.load(AbstractProblemLoader.java:252)
	at de.uka.ilkd.key.control.AbstractUserInterfaceControl.load(AbstractUserInterfaceControl.java:209)
	... 7 more
Caused by: java.lang.RuntimeException: Could not find rule file rules/intRulesCheckedSemantics.key
	at de.uka.ilkd.key.proof.io.RuleSourceFactory.fromBuiltInRule(RuleSourceFactory.java:32)
	at de.uka.ilkd.key.proof.io.RuleSourceFactory.fromDefaultLocation(RuleSourceFactory.java:21)
	at de.uka.ilkd.key.nparser.builder.IncludeFinder.addInclude(IncludeFinder.java:63)
	at de.uka.ilkd.key.nparser.builder.IncludeFinder.visitOne_include(IncludeFinder.java:43)
	at de.uka.ilkd.key.nparser.builder.IncludeFinder.visitOne_include(IncludeFinder.java:20)
	at de.uka.ilkd.key.nparser.KeYParser$One_includeContext.accept(KeYParser.java:878)
	at de.uka.ilkd.key.nparser.builder.AbstractBuilder.lambda$mapOf$0(AbstractBuilder.java:112)
	at java.base/java.util.stream.ReferencePipeline$3$1.accept(ReferencePipeline.java:195)
	at java.base/java.util.ArrayList$ArrayListSpliterator.forEachRemaining(ArrayList.java:1655)
	at java.base/java.util.stream.AbstractPipeline.copyInto(AbstractPipeline.java:484)
	at java.base/java.util.stream.AbstractPipeline.wrapAndCopyInto(AbstractPipeline.java:474)
	at java.base/java.util.stream.ReduceOps$ReduceOp.evaluateSequential(ReduceOps.java:913)
	at java.base/java.util.stream.AbstractPipeline.evaluate(AbstractPipeline.java:234)
	at java.base/java.util.stream.ReferencePipeline.collect(ReferencePipeline.java:578)
	at de.uka.ilkd.key.nparser.builder.AbstractBuilder.mapOf(AbstractBuilder.java:112)
	at de.uka.ilkd.key.nparser.builder.IncludeFinder.visitOne_include_statement(IncludeFinder.java:35)
	at de.uka.ilkd.key.nparser.builder.IncludeFinder.visitOne_include_statement(IncludeFinder.java:20)
	at de.uka.ilkd.key.nparser.KeYParser$One_include_statementContext.accept(KeYParser.java:802)
	at org.antlr.v4.runtime.tree.AbstractParseTreeVisitor.visitChildren(AbstractParseTreeVisitor.java:46)
	at de.uka.ilkd.key.nparser.KeYParserBaseVisitor.visitDecls(KeYParserBaseVisitor.java:30)
	at de.uka.ilkd.key.nparser.KeYParser$DeclsContext.accept(KeYParser.java:500)
	at org.antlr.v4.runtime.tree.AbstractParseTreeVisitor.visitChildren(AbstractParseTreeVisitor.java:46)
	at de.uka.ilkd.key.nparser.KeYParserBaseVisitor.visitFile(KeYParserBaseVisitor.java:23)
	at de.uka.ilkd.key.nparser.KeYParser$FileContext.accept(KeYParser.java:306)
	at de.uka.ilkd.key.nparser.KeyAst.accept(KeyAst.java:41)
	at de.uka.ilkd.key.nparser.KeyAst$File.getIncludes(KeyAst.java:76)
	at de.uka.ilkd.key.proof.io.KeYFile.readIncludes(KeYFile.java:208)
	... 14 more
Could not find rule file rules/intRulesCheckedSemantics.key (file: /home/runner/work/key/key/key.core/../key.ui/examples/index/.././performance-test/Disjoint(Disjoint__xZero_08()).JML_operation_contract.0.key; caused by: de.uka.ilkd.key.proof.init.ProofInputException: Could not find rule file rules/intRulesCheckedSemantics.key)
	at de.uka.ilkd.key.control.AbstractUserInterfaceControl.load(AbstractUserInterfaceControl.java:221)
	at de.uka.ilkd.key.control.KeYEnvironment.load(KeYEnvironment.java:251)
	at de.uka.ilkd.key.control.KeYEnvironment.load(KeYEnvironment.java:224)
	at de.uka.ilkd.key.control.KeYEnvironment.load(KeYEnvironment.java:184)
	at de.uka.ilkd.key.control.KeYEnvironment.load(KeYEnvironment.java:261)
	at de.uka.ilkd.key.proof.runallproofs.proofcollection.TestFile.load(TestFile.java:270)
	at de.uka.ilkd.key.proof.runallproofs.proofcollection.TestFile.runKey(TestFile.java:160)
	at de.uka.ilkd.key.proof.runallproofs.proofcollection.ForkedTestFileRunner.main(ForkedTestFileRunner.java:171)
Caused by: de.uka.ilkd.key.proof.init.ProofInputException: Could not find rule file rules/intRulesCheckedSemantics.key
	at de.uka.ilkd.key.proof.io.KeYFile.readIncludes(KeYFile.java:210)
	at de.uka.ilkd.key.proof.init.ProblemInitializer.readIncludes(ProblemInitializer.java:177)
	at de.uka.ilkd.key.proof.init.ProblemInitializer.readEnvInput(ProblemInitializer.java:325)
	at de.uka.ilkd.key.proof.init.ProblemInitializer.prepare(ProblemInitializer.java:449)
	at de.uka.ilkd.key.proof.io.AbstractProblemLoader.createInitConfig(AbstractProblemLoader.java:518)
	at de.uka.ilkd.key.proof.io.AbstractProblemLoader.loadEnvironment(AbstractProblemLoader.java:288)
	at de.uka.ilkd.key.proof.io.AbstractProblemLoader.load(AbstractProblemLoader.java:252)
	at de.uka.ilkd.key.control.AbstractUserInterfaceControl.load(AbstractUserInterfaceControl.java:209)
	... 7 more
Caused by: java.lang.RuntimeException: Could not find rule file rules/intRulesCheckedSemantics.key
	at de.uka.ilkd.key.proof.io.RuleSourceFactory.fromBuiltInRule(RuleSourceFactory.java:32)
	at de.uka.ilkd.key.proof.io.RuleSourceFactory.fromDefaultLocation(RuleSourceFactory.java:21)
	at de.uka.ilkd.key.nparser.builder.IncludeFinder.addInclude(IncludeFinder.java:63)
	at de.uka.ilkd.key.nparser.builder.IncludeFinder.visitOne_include(IncludeFinder.java:43)
	at de.uka.ilkd.key.nparser.builder.IncludeFinder.visitOne_include(IncludeFinder.java:20)
	at de.uka.ilkd.key.nparser.KeYParser$One_includeContext.accept(KeYParser.java:878)
	at de.uka.ilkd.key.nparser.builder.AbstractBuilder.lambda$mapOf$0(AbstractBuilder.java:112)
	at java.base/java.util.stream.ReferencePipeline$3$1.accept(ReferencePipeline.java:195)
	at java.base/java.util.ArrayList$ArrayListSpliterator.forEachRemaining(ArrayList.java:1655)
	at java.base/java.util.stream.AbstractPipeline.copyInto(AbstractPipeline.java:484)
	at java.base/java.util.stream.AbstractPipeline.wrapAndCopyInto(AbstractPipeline.java:474)
	at java.base/java.util.stream.ReduceOps$ReduceOp.evaluateSequential(ReduceOps.java:913)
	at java.base/java.util.stream.AbstractPipeline.evaluate(AbstractPipeline.java:234)
	at java.base/java.util.stream.ReferencePipeline.collect(ReferencePipeline.java:578)
	at de.uka.ilkd.key.nparser.builder.AbstractBuilder.mapOf(AbstractBuilder.java:112)
	at de.uka.ilkd.key.nparser.builder.IncludeFinder.visitOne_include_statement(IncludeFinder.java:35)
	at de.uka.ilkd.key.nparser.builder.IncludeFinder.visitOne_include_statement(IncludeFinder.java:20)
	at de.uka.ilkd.key.nparser.KeYParser$One_include_statementContext.accept(KeYParser.java:802)
	at org.antlr.v4.runtime.tree.AbstractParseTreeVisitor.visitChildren(AbstractParseTreeVisitor.java:46)
	at de.uka.ilkd.key.nparser.KeYParserBaseVisitor.visitDecls(KeYParserBaseVisitor.java:30)
	at de.uka.ilkd.key.nparser.KeYParser$DeclsContext.accept(KeYParser.java:500)
	at org.antlr.v4.runtime.tree.AbstractParseTreeVisitor.visitChildren(AbstractParseTreeVisitor.java:46)
	at de.uka.ilkd.key.nparser.KeYParserBaseVisitor.visitFile(KeYParserBaseVisitor.java:23)
	at de.uka.ilkd.key.nparser.KeYParser$FileContext.accept(KeYParser.java:306)
	at de.uka.ilkd.key.nparser.KeyAst.accept(KeyAst.java:41)
	at de.uka.ilkd.key.nparser.KeyAst$File.getIncludes(KeyAst.java:76)
	at de.uka.ilkd.key.proof.io.KeYFile.readIncludes(KeYFile.java:208)
	... 14 more
Could not find rule file rules/intRulesCheckedSemantics.key (file: /home/runner/work/key/key/key.core/../key.ui/examples/index/.././performance-test/Dynamic(Dynamic__foo_08()).JML_operation_contract.0.key; caused by: de.uka.ilkd.key.proof.init.ProofInputException: Could not find rule file rules/intRulesCheckedSemantics.key)
	at de.uka.ilkd.key.control.AbstractUserInterfaceControl.load(AbstractUserInterfaceControl.java:221)
	at de.uka.ilkd.key.control.KeYEnvironment.load(KeYEnvironment.java:251)
	at de.uka.ilkd.key.control.KeYEnvironment.load(KeYEnvironment.java:224)
	at de.uka.ilkd.key.control.KeYEnvironment.load(KeYEnvironment.java:184)
	at de.uka.ilkd.key.control.KeYEnvironment.load(KeYEnvironment.java:261)
	at de.uka.ilkd.key.proof.runallproofs.proofcollection.TestFile.load(TestFile.java:270)
	at de.uka.ilkd.key.proof.runallproofs.proofcollection.TestFile.runKey(TestFile.java:160)
	at de.uka.ilkd.key.proof.runallproofs.proofcollection.ForkedTestFileRunner.main(ForkedTestFileRunner.java:171)
Caused by: de.uka.ilkd.key.proof.init.ProofInputException: Could not find rule file rules/intRulesCheckedSemantics.key
	at de.uka.ilkd.key.proof.io.KeYFile.readIncludes(KeYFile.java:210)
	at de.uka.ilkd.key.proof.init.ProblemInitializer.readIncludes(ProblemInitializer.java:177)
	at de.uka.ilkd.key.proof.init.ProblemInitializer.readEnvInput(ProblemInitializer.java:325)
	at de.uka.ilkd.key.proof.init.ProblemInitializer.prepare(ProblemInitializer.java:449)
	at de.uka.ilkd.key.proof.io.AbstractProblemLoader.createInitConfig(AbstractProblemLoader.java:518)
	at de.uka.ilkd.key.proof.io.AbstractProblemLoader.loadEnvironment(AbstractProblemLoader.java:288)
	at de.uka.ilkd.key.proof.io.AbstractProblemLoader.load(AbstractProblemLoader.java:252)
	at de.uka.ilkd.key.control.AbstractUserInterfaceControl.load(AbstractUserInterfaceControl.java:209)
	... 7 more
Caused by: java.lang.RuntimeException: Could not find rule file rules/intRulesCheckedSemantics.key
	at de.uka.ilkd.key.proof.io.RuleSourceFactory.fromBuiltInRule(RuleSourceFactory.java:32)
	at de.uka.ilkd.key.proof.io.RuleSourceFactory.fromDefaultLocation(RuleSourceFactory.java:21)
	at de.uka.ilkd.key.nparser.builder.IncludeFinder.addInclude(IncludeFinder.java:63)
	at de.uka.ilkd.key.nparser.builder.IncludeFinder.visitOne_include(IncludeFinder.java:43)
	at de.uka.ilkd.key.nparser.builder.IncludeFinder.visitOne_include(IncludeFinder.java:20)
	at de.uka.ilkd.key.nparser.KeYParser$One_includeContext.accept(KeYParser.java:878)
	at de.uka.ilkd.key.nparser.builder.AbstractBuilder.lambda$mapOf$0(AbstractBuilder.java:112)
	at java.base/java.util.stream.ReferencePipeline$3$1.accept(ReferencePipeline.java:195)
	at java.base/java.util.ArrayList$ArrayListSpliterator.forEachRemaining(ArrayList.java:1655)
	at java.base/java.util.stream.AbstractPipeline.copyInto(AbstractPipeline.java:484)
	at java.base/java.util.stream.AbstractPipeline.wrapAndCopyInto(AbstractPipeline.java:474)
	at java.base/java.util.stream.ReduceOps$ReduceOp.evaluateSequential(ReduceOps.java:913)
	at java.base/java.util.stream.AbstractPipeline.evaluate(AbstractPipeline.java:234)
	at java.base/java.util.stream.ReferencePipeline.collect(ReferencePipeline.java:578)
	at de.uka.ilkd.key.nparser.builder.AbstractBuilder.mapOf(AbstractBuilder.java:112)
	at de.uka.ilkd.key.nparser.builder.IncludeFinder.visitOne_include_statement(IncludeFinder.java:35)
	at de.uka.ilkd.key.nparser.builder.IncludeFinder.visitOne_include_statement(IncludeFinder.java:20)
	at de.uka.ilkd.key.nparser.KeYParser$One_include_statementContext.accept(KeYParser.java:802)
	at org.antlr.v4.runtime.tree.AbstractParseTreeVisitor.visitChildren(AbstractParseTreeVisitor.java:46)
	at de.uka.ilkd.key.nparser.KeYParserBaseVisitor.visitDecls(KeYParserBaseVisitor.java:30)
	at de.uka.ilkd.key.nparser.KeYParser$DeclsContext.accept(KeYParser.java:500)
	at org.antlr.v4.runtime.tree.AbstractParseTreeVisitor.visitChildren(AbstractParseTreeVisitor.java:46)
	at de.uka.ilkd.key.nparser.KeYParserBaseVisitor.visitFile(KeYParserBaseVisitor.java:23)
	at de.uka.ilkd.key.nparser.KeYParser$FileContext.accept(KeYParser.java:306)
	at de.uka.ilkd.key.nparser.KeyAst.accept(KeyAst.java:41)
	at de.uka.ilkd.key.nparser.KeyAst$File.getIncludes(KeyAst.java:76)
	at de.uka.ilkd.key.proof.io.KeYFile.readIncludes(KeYFile.java:208)
	... 14 more
Could not find rule file rules/intRulesCheckedSemantics.key (file: /home/runner/work/key/key/key.core/../key.ui/examples/index/.././performance-test/DynamicGhost(DynamicGhost__dynamicGhost_08()).JML_normal_behavior_operation_contract.0.key; caused by: de.uka.ilkd.key.proof.init.ProofInputException: Could not find rule file rules/intRulesCheckedSemantics.key)
	at de.uka.ilkd.key.control.AbstractUserInterfaceControl.load(AbstractUserInterfaceControl.java:221)
	at de.uka.ilkd.key.control.KeYEnvironment.load(KeYEnvironment.java:251)
	at de.uka.ilkd.key.control.KeYEnvironment.load(KeYEnvironment.java:224)
	at de.uka.ilkd.key.control.KeYEnvironment.load(KeYEnvironment.java:184)
	at de.uka.ilkd.key.control.KeYEnvironment.load(KeYEnvironment.java:261)
	at de.uka.ilkd.key.proof.runallproofs.proofcollection.TestFile.load(TestFile.java:270)
	at de.uka.ilkd.key.proof.runallproofs.proofcollection.TestFile.runKey(TestFile.java:160)
	at de.uka.ilkd.key.proof.runallproofs.proofcollection.ForkedTestFileRunner.main(ForkedTestFileRunner.java:171)
Caused by: de.uka.ilkd.key.proof.init.ProofInputException: Could not find rule file rules/intRulesCheckedSemantics.key
	at de.uka.ilkd.key.proof.io.KeYFile.readIncludes(KeYFile.java:210)
	at de.uka.ilkd.key.proof.init.ProblemInitializer.readIncludes(ProblemInitializer.java:177)
	at de.uka.ilkd.key.proof.init.ProblemInitializer.readEnvInput(ProblemInitializer.java:325)
	at de.uka.ilkd.key.proof.init.ProblemInitializer.prepare(ProblemInitializer.java:449)
	at de.uka.ilkd.key.proof.io.AbstractProblemLoader.createInitConfig(AbstractProblemLoader.java:518)
	at de.uka.ilkd.key.proof.io.AbstractProblemLoader.loadEnvironment(AbstractProblemLoader.java:288)
	at de.uka.ilkd.key.proof.io.AbstractProblemLoader.load(AbstractProblemLoader.java:252)
	at de.uka.ilkd.key.control.AbstractUserInterfaceControl.load(AbstractUserInterfaceControl.java:209)
	... 7 more
Caused by: java.lang.RuntimeException: Could not find rule file rules/intRulesCheckedSemantics.key
	at de.uka.ilkd.key.proof.io.RuleSourceFactory.fromBuiltInRule(RuleSourceFactory.java:32)
	at de.uka.ilkd.key.proof.io.RuleSourceFactory.fromDefaultLocation(RuleSourceFactory.java:21)
	at de.uka.ilkd.key.nparser.builder.IncludeFinder.addInclude(IncludeFinder.java:63)
	at de.uka.ilkd.key.nparser.builder.IncludeFinder.visitOne_include(IncludeFinder.java:43)
	at de.uka.ilkd.key.nparser.builder.IncludeFinder.visitOne_include(IncludeFinder.java:20)
	at de.uka.ilkd.key.nparser.KeYParser$One_includeContext.accept(KeYParser.java:878)
	at de.uka.ilkd.key.nparser.builder.AbstractBuilder.lambda$mapOf$0(AbstractBuilder.java:112)
	at java.base/java.util.stream.ReferencePipeline$3$1.accept(ReferencePipeline.java:195)
	at java.base/java.util.ArrayList$ArrayListSpliterator.forEachRemaining(ArrayList.java:1655)
	at java.base/java.util.stream.AbstractPipeline.copyInto(AbstractPipeline.java:484)
	at java.base/java.util.stream.AbstractPipeline.wrapAndCopyInto(AbstractPipeline.java:474)
	at java.base/java.util.stream.ReduceOps$ReduceOp.evaluateSequential(ReduceOps.java:913)
	at java.base/java.util.stream.AbstractPipeline.evaluate(AbstractPipeline.java:234)
	at java.base/java.util.stream.ReferencePipeline.collect(ReferencePipeline.java:578)
	at de.uka.ilkd.key.nparser.builder.AbstractBuilder.mapOf(AbstractBuilder.java:112)
	at de.uka.ilkd.key.nparser.builder.IncludeFinder.visitOne_include_statement(IncludeFinder.java:35)
	at de.uka.ilkd.key.nparser.builder.IncludeFinder.visitOne_include_statement(IncludeFinder.java:20)
	at de.uka.ilkd.key.nparser.KeYParser$One_include_statementContext.accept(KeYParser.java:802)
	at org.antlr.v4.runtime.tree.AbstractParseTreeVisitor.visitChildren(AbstractParseTreeVisitor.java:46)
	at de.uka.ilkd.key.nparser.KeYParserBaseVisitor.visitDecls(KeYParserBaseVisitor.java:30)
	at de.uka.ilkd.key.nparser.KeYParser$DeclsContext.accept(KeYParser.java:500)
	at org.antlr.v4.runtime.tree.AbstractParseTreeVisitor.visitChildren(AbstractParseTreeVisitor.java:46)
	at de.uka.ilkd.key.nparser.KeYParserBaseVisitor.visitFile(KeYParserBaseVisitor.java:23)
	at de.uka.ilkd.key.nparser.KeYParser$FileContext.accept(KeYParser.java:306)
	at de.uka.ilkd.key.nparser.KeyAst.accept(KeyAst.java:41)
	at de.uka.ilkd.key.nparser.KeyAst$File.getIncludes(KeyAst.java:76)
	at de.uka.ilkd.key.proof.io.KeYFile.readIncludes(KeYFile.java:208)
	... 14 more
Could not find rule file rules/intRulesCheckedSemantics.key (file: /home/runner/work/key/key/key.core/../key.ui/examples/index/.././performance-test/GhostFrame(GhostFrame__foo_08()).JML_operation_contract.0.key; caused by: de.uka.ilkd.key.proof.init.ProofInputException: Could not find rule file rules/intRulesCheckedSemantics.key)
	at de.uka.ilkd.key.control.AbstractUserInterfaceControl.load(AbstractUserInterfaceControl.java:221)
	at de.uka.ilkd.key.control.KeYEnvironment.load(KeYEnvironment.java:251)
	at de.uka.ilkd.key.control.KeYEnvironment.load(KeYEnvironment.java:224)
	at de.uka.ilkd.key.control.KeYEnvironment.load(KeYEnvironment.java:184)
	at de.uka.ilkd.key.control.KeYEnvironment.load(KeYEnvironment.java:261)
	at de.uka.ilkd.key.proof.runallproofs.proofcollection.TestFile.load(TestFile.java:270)
	at de.uka.ilkd.key.proof.runallproofs.proofcollection.TestFile.runKey(TestFile.java:160)
	at de.uka.ilkd.key.proof.runallproofs.proofcollection.ForkedTestFileRunner.main(ForkedTestFileRunner.java:171)
Caused by: de.uka.ilkd.key.proof.init.ProofInputException: Could not find rule file rules/intRulesCheckedSemantics.key
	at de.uka.ilkd.key.proof.io.KeYFile.readIncludes(KeYFile.java:210)
	at de.uka.ilkd.key.proof.init.ProblemInitializer.readIncludes(ProblemInitializer.java:177)
	at de.uka.ilkd.key.proof.init.ProblemInitializer.readEnvInput(ProblemInitializer.java:325)
	at de.uka.ilkd.key.proof.init.ProblemInitializer.prepare(ProblemInitializer.java:449)
	at de.uka.ilkd.key.proof.io.AbstractProblemLoader.createInitConfig(AbstractProblemLoader.java:518)
	at de.uka.ilkd.key.proof.io.AbstractProblemLoader.loadEnvironment(AbstractProblemLoader.java:288)
	at de.uka.ilkd.key.proof.io.AbstractProblemLoader.load(AbstractProblemLoader.java:252)
	at de.uka.ilkd.key.control.AbstractUserInterfaceControl.load(AbstractUserInterfaceControl.java:209)
	... 7 more
Caused by: java.lang.RuntimeException: Could not find rule file rules/intRulesCheckedSemantics.key
	at de.uka.ilkd.key.proof.io.RuleSourceFactory.fromBuiltInRule(RuleSourceFactory.java:32)
	at de.uka.ilkd.key.proof.io.RuleSourceFactory.fromDefaultLocation(RuleSourceFactory.java:21)
	at de.uka.ilkd.key.nparser.builder.IncludeFinder.addInclude(IncludeFinder.java:63)
	at de.uka.ilkd.key.nparser.builder.IncludeFinder.visitOne_include(IncludeFinder.java:43)
	at de.uka.ilkd.key.nparser.builder.IncludeFinder.visitOne_include(IncludeFinder.java:20)
	at de.uka.ilkd.key.nparser.KeYParser$One_includeContext.accept(KeYParser.java:878)
	at de.uka.ilkd.key.nparser.builder.AbstractBuilder.lambda$mapOf$0(AbstractBuilder.java:112)
	at java.base/java.util.stream.ReferencePipeline$3$1.accept(ReferencePipeline.java:195)
	at java.base/java.util.ArrayList$ArrayListSpliterator.forEachRemaining(ArrayList.java:1655)
	at java.base/java.util.stream.AbstractPipeline.copyInto(AbstractPipeline.java:484)
	at java.base/java.util.stream.AbstractPipeline.wrapAndCopyInto(AbstractPipeline.java:474)
	at java.base/java.util.stream.ReduceOps$ReduceOp.evaluateSequential(ReduceOps.java:913)
	at java.base/java.util.stream.AbstractPipeline.evaluate(AbstractPipeline.java:234)
	at java.base/java.util.stream.ReferencePipeline.collect(ReferencePipeline.java:578)
	at de.uka.ilkd.key.nparser.builder.AbstractBuilder.mapOf(AbstractBuilder.java:112)
	at de.uka.ilkd.key.nparser.builder.IncludeFinder.visitOne_include_statement(IncludeFinder.java:35)
	at de.uka.ilkd.key.nparser.builder.IncludeFinder.visitOne_include_statement(IncludeFinder.java:20)
	at de.uka.ilkd.key.nparser.KeYParser$One_include_statementContext.accept(KeYParser.java:802)
	at org.antlr.v4.runtime.tree.AbstractParseTreeVisitor.visitChildren(AbstractParseTreeVisitor.java:46)
	at de.uka.ilkd.key.nparser.KeYParserBaseVisitor.visitDecls(KeYParserBaseVisitor.java:30)
	at de.uka.ilkd.key.nparser.KeYParser$DeclsContext.accept(KeYParser.java:500)
	at org.antlr.v4.runtime.tree.AbstractParseTreeVisitor.visitChildren(AbstractParseTreeVisitor.java:46)
	at de.uka.ilkd.key.nparser.KeYParserBaseVisitor.visitFile(KeYParserBaseVisitor.java:23)
	at de.uka.ilkd.key.nparser.KeYParser$FileContext.accept(KeYParser.java:306)
	at de.uka.ilkd.key.nparser.KeyAst.accept(KeyAst.java:41)
	at de.uka.ilkd.key.nparser.KeyAst$File.getIncludes(KeyAst.java:76)
	at de.uka.ilkd.key.proof.io.KeYFile.readIncludes(KeYFile.java:208)
	... 14 more
Could not find rule file rules/intRulesCheckedSemantics.key (file: /home/runner/work/key/key/key.core/../key.ui/examples/index/.././performance-test/Modelfield(Modelfield__foo_08()).JML_operation_contract.0.key; caused by: de.uka.ilkd.key.proof.init.ProofInputException: Could not find rule file rules/intRulesCheckedSemantics.key)
	at de.uka.ilkd.key.control.AbstractUserInterfaceControl.load(AbstractUserInterfaceControl.java:221)
	at de.uka.ilkd.key.control.KeYEnvironment.load(KeYEnvironment.java:251)
	at de.uka.ilkd.key.control.KeYEnvironment.load(KeYEnvironment.java:224)
	at de.uka.ilkd.key.control.KeYEnvironment.load(KeYEnvironment.java:184)
	at de.uka.ilkd.key.control.KeYEnvironment.load(KeYEnvironment.java:261)
	at de.uka.ilkd.key.proof.runallproofs.proofcollection.TestFile.load(TestFile.java:270)
	at de.uka.ilkd.key.proof.runallproofs.proofcollection.TestFile.runKey(TestFile.java:160)
	at de.uka.ilkd.key.proof.runallproofs.proofcollection.ForkedTestFileRunner.main(ForkedTestFileRunner.java:171)
Caused by: de.uka.ilkd.key.proof.init.ProofInputException: Could not find rule file rules/intRulesCheckedSemantics.key
	at de.uka.ilkd.key.proof.io.KeYFile.readIncludes(KeYFile.java:210)
	at de.uka.ilkd.key.proof.init.ProblemInitializer.readIncludes(ProblemInitializer.java:177)
	at de.uka.ilkd.key.proof.init.ProblemInitializer.readEnvInput(ProblemInitializer.java:325)
	at de.uka.ilkd.key.proof.init.ProblemInitializer.prepare(ProblemInitializer.java:449)
	at de.uka.ilkd.key.proof.io.AbstractProblemLoader.createInitConfig(AbstractProblemLoader.java:518)
	at de.uka.ilkd.key.proof.io.AbstractProblemLoader.loadEnvironment(AbstractProblemLoader.java:288)
	at de.uka.ilkd.key.proof.io.AbstractProblemLoader.load(AbstractProblemLoader.java:252)
	at de.uka.ilkd.key.control.AbstractUserInterfaceControl.load(AbstractUserInterfaceControl.java:209)
	... 7 more
Caused by: java.lang.RuntimeException: Could not find rule file rules/intRulesCheckedSemantics.key
	at de.uka.ilkd.key.proof.io.RuleSourceFactory.fromBuiltInRule(RuleSourceFactory.java:32)
	at de.uka.ilkd.key.proof.io.RuleSourceFactory.fromDefaultLocation(RuleSourceFactory.java:21)
	at de.uka.ilkd.key.nparser.builder.IncludeFinder.addInclude(IncludeFinder.java:63)
	at de.uka.ilkd.key.nparser.builder.IncludeFinder.visitOne_include(IncludeFinder.java:43)
	at de.uka.ilkd.key.nparser.builder.IncludeFinder.visitOne_include(IncludeFinder.java:20)
	at de.uka.ilkd.key.nparser.KeYParser$One_includeContext.accept(KeYParser.java:878)
	at de.uka.ilkd.key.nparser.builder.AbstractBuilder.lambda$mapOf$0(AbstractBuilder.java:112)
	at java.base/java.util.stream.ReferencePipeline$3$1.accept(ReferencePipeline.java:195)
	at java.base/java.util.ArrayList$ArrayListSpliterator.forEachRemaining(ArrayList.java:1655)
	at java.base/java.util.stream.AbstractPipeline.copyInto(AbstractPipeline.java:484)
	at java.base/java.util.stream.AbstractPipeline.wrapAndCopyInto(AbstractPipeline.java:474)
	at java.base/java.util.stream.ReduceOps$ReduceOp.evaluateSequential(ReduceOps.java:913)
	at java.base/java.util.stream.AbstractPipeline.evaluate(AbstractPipeline.java:234)
	at java.base/java.util.stream.ReferencePipeline.collect(ReferencePipeline.java:578)
	at de.uka.ilkd.key.nparser.builder.AbstractBuilder.mapOf(AbstractBuilder.java:112)
	at de.uka.ilkd.key.nparser.builder.IncludeFinder.visitOne_include_statement(IncludeFinder.java:35)
	at de.uka.ilkd.key.nparser.builder.IncludeFinder.visitOne_include_statement(IncludeFinder.java:20)
	at de.uka.ilkd.key.nparser.KeYParser$One_include_statementContext.accept(KeYParser.java:802)
	at org.antlr.v4.runtime.tree.AbstractParseTreeVisitor.visitChildren(AbstractParseTreeVisitor.java:46)
	at de.uka.ilkd.key.nparser.KeYParserBaseVisitor.visitDecls(KeYParserBaseVisitor.java:30)
	at de.uka.ilkd.key.nparser.KeYParser$DeclsContext.accept(KeYParser.java:500)
	at org.antlr.v4.runtime.tree.AbstractParseTreeVisitor.visitChildren(AbstractParseTreeVisitor.java:46)
	at de.uka.ilkd.key.nparser.KeYParserBaseVisitor.visitFile(KeYParserBaseVisitor.java:23)
	at de.uka.ilkd.key.nparser.KeYParser$FileContext.accept(KeYParser.java:306)
	at de.uka.ilkd.key.nparser.KeyAst.accept(KeyAst.java:41)
	at de.uka.ilkd.key.nparser.KeyAst$File.getIncludes(KeyAst.java:76)
	at de.uka.ilkd.key.proof.io.KeYFile.readIncludes(KeYFile.java:208)
	... 14 more
Exception in thread "main" org.opentest4j.AssertionFailedError: Exception during the execution of proofs. See log for more details.
	at org.junit.jupiter.api.AssertionUtils.fail(AssertionUtils.java:39)
	at org.junit.jupiter.api.Assertions.fail(Assertions.java:134)
	at de.uka.ilkd.key.proof.runallproofs.proofcollection.ForkedTestFileRunner.main(ForkedTestFileRunner.java:192)
Timeout watcher launched (2000 secs.)
Could not find rule file rules/intRulesCheckedSemantics.key (file: /home/runner/work/key/key/key.core/../key.ui/examples/index/.././performance-test/Test(Test__a0(int)).JML_normal_behavior_operation_contract.0.key; caused by: de.uka.ilkd.key.proof.init.ProofInputException: Could not find rule file rules/intRulesCheckedSemantics.key)
	at de.uka.ilkd.key.control.AbstractUserInterfaceControl.load(AbstractUserInterfaceControl.java:221)
	at de.uka.ilkd.key.control.KeYEnvironment.load(KeYEnvironment.java:251)
	at de.uka.ilkd.key.control.KeYEnvironment.load(KeYEnvironment.java:224)
	at de.uka.ilkd.key.control.KeYEnvironment.load(KeYEnvironment.java:184)
	at de.uka.ilkd.key.control.KeYEnvironment.load(KeYEnvironment.java:261)
	at de.uka.ilkd.key.proof.runallproofs.proofcollection.TestFile.load(TestFile.java:270)
	at de.uka.ilkd.key.proof.runallproofs.proofcollection.TestFile.runKey(TestFile.java:160)
	at de.uka.ilkd.key.proof.runallproofs.proofcollection.ForkedTestFileRunner.main(ForkedTestFileRunner.java:171)
Caused by: de.uka.ilkd.key.proof.init.ProofInputException: Could not find rule file rules/intRulesCheckedSemantics.key
	at de.uka.ilkd.key.proof.io.KeYFile.readIncludes(KeYFile.java:210)
	at de.uka.ilkd.key.proof.init.ProblemInitializer.readIncludes(ProblemInitializer.java:177)
	at de.uka.ilkd.key.proof.init.ProblemInitializer.readEnvInput(ProblemInitializer.java:325)
	at de.uka.ilkd.key.proof.init.ProblemInitializer.prepare(ProblemInitializer.java:449)
	at de.uka.ilkd.key.proof.io.AbstractProblemLoader.createInitConfig(AbstractProblemLoader.java:518)
	at de.uka.ilkd.key.proof.io.AbstractProblemLoader.loadEnvironment(AbstractProblemLoader.java:288)
	at de.uka.ilkd.key.proof.io.AbstractProblemLoader.load(AbstractProblemLoader.java:252)
	at de.uka.ilkd.key.control.AbstractUserInterfaceControl.load(AbstractUserInterfaceControl.java:209)
	... 7 more
Caused by: java.lang.RuntimeException: Could not find rule file rules/intRulesCheckedSemantics.key
	at de.uka.ilkd.key.proof.io.RuleSourceFactory.fromBuiltInRule(RuleSourceFactory.java:32)
	at de.uka.ilkd.key.proof.io.RuleSourceFactory.fromDefaultLocation(RuleSourceFactory.java:21)
	at de.uka.ilkd.key.nparser.builder.IncludeFinder.addInclude(IncludeFinder.java:63)
	at de.uka.ilkd.key.nparser.builder.IncludeFinder.visitOne_include(IncludeFinder.java:43)
	at de.uka.ilkd.key.nparser.builder.IncludeFinder.visitOne_include(IncludeFinder.java:20)
	at de.uka.ilkd.key.nparser.KeYParser$One_includeContext.accept(KeYParser.java:878)
	at de.uka.ilkd.key.nparser.builder.AbstractBuilder.lambda$mapOf$0(AbstractBuilder.java:112)
	at java.base/java.util.stream.ReferencePipeline$3$1.accept(ReferencePipeline.java:195)
	at java.base/java.util.ArrayList$ArrayListSpliterator.forEachRemaining(ArrayList.java:1655)
	at java.base/java.util.stream.AbstractPipeline.copyInto(AbstractPipeline.java:484)
	at java.base/java.util.stream.AbstractPipeline.wrapAndCopyInto(AbstractPipeline.java:474)
	at java.base/java.util.stream.ReduceOps$ReduceOp.evaluateSequential(ReduceOps.java:913)
	at java.base/java.util.stream.AbstractPipeline.evaluate(AbstractPipeline.java:234)
	at java.base/java.util.stream.ReferencePipeline.collect(ReferencePipeline.java:578)
	at de.uka.ilkd.key.nparser.builder.AbstractBuilder.mapOf(AbstractBuilder.java:112)
	at de.uka.ilkd.key.nparser.builder.IncludeFinder.visitOne_include_statement(IncludeFinder.java:35)
	at de.uka.ilkd.key.nparser.builder.IncludeFinder.visitOne_include_statement(IncludeFinder.java:20)
	at de.uka.ilkd.key.nparser.KeYParser$One_include_statementContext.accept(KeYParser.java:802)
	at org.antlr.v4.runtime.tree.AbstractParseTreeVisitor.visitChildren(AbstractParseTreeVisitor.java:46)
	at de.uka.ilkd.key.nparser.KeYParserBaseVisitor.visitDecls(KeYParserBaseVisitor.java:30)
	at de.uka.ilkd.key.nparser.KeYParser$DeclsContext.accept(KeYParser.java:500)
	at org.antlr.v4.runtime.tree.AbstractParseTreeVisitor.visitChildren(AbstractParseTreeVisitor.java:46)
	at de.uka.ilkd.key.nparser.KeYParserBaseVisitor.visitFile(KeYParserBaseVisitor.java:23)
	at de.uka.ilkd.key.nparser.KeYParser$FileContext.accept(KeYParser.java:306)
	at de.uka.ilkd.key.nparser.KeyAst.accept(KeyAst.java:41)
	at de.uka.ilkd.key.nparser.KeyAst$File.getIncludes(KeyAst.java:76)
	at de.uka.ilkd.key.proof.io.KeYFile.readIncludes(KeYFile.java:208)
	... 14 more
Could not find rule file rules/intRulesCheckedSemantics.key (file: /home/runner/work/key/key/key.core/../key.ui/examples/index/.././performance-test/Test(Test__a1(int)).JML_normal_behavior_operation_contract.0.key; caused by: de.uka.ilkd.key.proof.init.ProofInputException: Could not find rule file rules/intRulesCheckedSemantics.key)
	at de.uka.ilkd.key.control.AbstractUserInterfaceControl.load(AbstractUserInterfaceControl.java:221)
	at de.uka.ilkd.key.control.KeYEnvironment.load(KeYEnvironment.java:251)
	at de.uka.ilkd.key.control.KeYEnvironment.load(KeYEnvironment.java:224)
	at de.uka.ilkd.key.control.KeYEnvironment.load(KeYEnvironment.java:184)
	at de.uka.ilkd.key.control.KeYEnvironment.load(KeYEnvironment.java:261)
	at de.uka.ilkd.key.proof.runallproofs.proofcollection.TestFile.load(TestFile.java:270)
	at de.uka.ilkd.key.proof.runallproofs.proofcollection.TestFile.runKey(TestFile.java:160)
	at de.uka.ilkd.key.proof.runallproofs.proofcollection.ForkedTestFileRunner.main(ForkedTestFileRunner.java:171)
Caused by: de.uka.ilkd.key.proof.init.ProofInputException: Could not find rule file rules/intRulesCheckedSemantics.key
	at de.uka.ilkd.key.proof.io.KeYFile.readIncludes(KeYFile.java:210)
	at de.uka.ilkd.key.proof.init.ProblemInitializer.readIncludes(ProblemInitializer.java:177)
	at de.uka.ilkd.key.proof.init.ProblemInitializer.readEnvInput(ProblemInitializer.java:325)
	at de.uka.ilkd.key.proof.init.ProblemInitializer.prepare(ProblemInitializer.java:449)
	at de.uka.ilkd.key.proof.io.AbstractProblemLoader.createInitConfig(AbstractProblemLoader.java:518)
	at de.uka.ilkd.key.proof.io.AbstractProblemLoader.loadEnvironment(AbstractProblemLoader.java:288)
	at de.uka.ilkd.key.proof.io.AbstractProblemLoader.load(AbstractProblemLoader.java:252)
	at de.uka.ilkd.key.control.AbstractUserInterfaceControl.load(AbstractUserInterfaceControl.java:209)
	... 7 more
Caused by: java.lang.RuntimeException: Could not find rule file rules/intRulesCheckedSemantics.key
	at de.uka.ilkd.key.proof.io.RuleSourceFactory.fromBuiltInRule(RuleSourceFactory.java:32)
	at de.uka.ilkd.key.proof.io.RuleSourceFactory.fromDefaultLocation(RuleSourceFactory.java:21)
	at de.uka.ilkd.key.nparser.builder.IncludeFinder.addInclude(IncludeFinder.java:63)
	at de.uka.ilkd.key.nparser.builder.IncludeFinder.visitOne_include(IncludeFinder.java:43)
	at de.uka.ilkd.key.nparser.builder.IncludeFinder.visitOne_include(IncludeFinder.java:20)
	at de.uka.ilkd.key.nparser.KeYParser$One_includeContext.accept(KeYParser.java:878)
	at de.uka.ilkd.key.nparser.builder.AbstractBuilder.lambda$mapOf$0(AbstractBuilder.java:112)
	at java.base/java.util.stream.ReferencePipeline$3$1.accept(ReferencePipeline.java:195)
	at java.base/java.util.ArrayList$ArrayListSpliterator.forEachRemaining(ArrayList.java:1655)
	at java.base/java.util.stream.AbstractPipeline.copyInto(AbstractPipeline.java:484)
	at java.base/java.util.stream.AbstractPipeline.wrapAndCopyInto(AbstractPipeline.java:474)
	at java.base/java.util.stream.ReduceOps$ReduceOp.evaluateSequential(ReduceOps.java:913)
	at java.base/java.util.stream.AbstractPipeline.evaluate(AbstractPipeline.java:234)
	at java.base/java.util.stream.ReferencePipeline.collect(ReferencePipeline.java:578)
	at de.uka.ilkd.key.nparser.builder.AbstractBuilder.mapOf(AbstractBuilder.java:112)
	at de.uka.ilkd.key.nparser.builder.IncludeFinder.visitOne_include_statement(IncludeFinder.java:35)
	at de.uka.ilkd.key.nparser.builder.IncludeFinder.visitOne_include_statement(IncludeFinder.java:20)
	at de.uka.ilkd.key.nparser.KeYParser$One_include_statementContext.accept(KeYParser.java:802)
	at org.antlr.v4.runtime.tree.AbstractParseTreeVisitor.visitChildren(AbstractParseTreeVisitor.java:46)
	at de.uka.ilkd.key.nparser.KeYParserBaseVisitor.visitDecls(KeYParserBaseVisitor.java:30)
	at de.uka.ilkd.key.nparser.KeYParser$DeclsContext.accept(KeYParser.java:500)
	at org.antlr.v4.runtime.tree.AbstractParseTreeVisitor.visitChildren(AbstractParseTreeVisitor.java:46)
	at de.uka.ilkd.key.nparser.KeYParserBaseVisitor.visitFile(KeYParserBaseVisitor.java:23)
	at de.uka.ilkd.key.nparser.KeYParser$FileContext.accept(KeYParser.java:306)
	at de.uka.ilkd.key.nparser.KeyAst.accept(KeyAst.java:41)
	at de.uka.ilkd.key.nparser.KeyAst$File.getIncludes(KeyAst.java:76)
	at de.uka.ilkd.key.proof.io.KeYFile.readIncludes(KeYFile.java:208)
	... 14 more
Could not find rule file rules/intRulesCheckedSemantics.key (file: /home/runner/work/key/key/key.core/../key.ui/examples/index/.././performance-test/Test(Test__f1(int)).JML_normal_behavior_operation_contract.0.key; caused by: de.uka.ilkd.key.proof.init.ProofInputException: Could not find rule file rules/intRulesCheckedSemantics.key)
	at de.uka.ilkd.key.control.AbstractUserInterfaceControl.load(AbstractUserInterfaceControl.java:221)
	at de.uka.ilkd.key.control.KeYEnvironment.load(KeYEnvironment.java:251)
	at de.uka.ilkd.key.control.KeYEnvironment.load(KeYEnvironment.java:224)
	at de.uka.ilkd.key.control.KeYEnvironment.load(KeYEnvironment.java:184)
	at de.uka.ilkd.key.control.KeYEnvironment.load(KeYEnvironment.java:261)
	at de.uka.ilkd.key.proof.runallproofs.proofcollection.TestFile.load(TestFile.java:270)
	at de.uka.ilkd.key.proof.runallproofs.proofcollection.TestFile.runKey(TestFile.java:160)
	at de.uka.ilkd.key.proof.runallproofs.proofcollection.ForkedTestFileRunner.main(ForkedTestFileRunner.java:171)
Caused by: de.uka.ilkd.key.proof.init.ProofInputException: Could not find rule file rules/intRulesCheckedSemantics.key
	at de.uka.ilkd.key.proof.io.KeYFile.readIncludes(KeYFile.java:210)
	at de.uka.ilkd.key.proof.init.ProblemInitializer.readIncludes(ProblemInitializer.java:177)
	at de.uka.ilkd.key.proof.init.ProblemInitializer.readEnvInput(ProblemInitializer.java:325)
	at de.uka.ilkd.key.proof.init.ProblemInitializer.prepare(ProblemInitializer.java:449)
	at de.uka.ilkd.key.proof.io.AbstractProblemLoader.createInitConfig(AbstractProblemLoader.java:518)
	at de.uka.ilkd.key.proof.io.AbstractProblemLoader.loadEnvironment(AbstractProblemLoader.java:288)
	at de.uka.ilkd.key.proof.io.AbstractProblemLoader.load(AbstractProblemLoader.java:252)
	at de.uka.ilkd.key.control.AbstractUserInterfaceControl.load(AbstractUserInterfaceControl.java:209)
	... 7 more
Caused by: java.lang.RuntimeException: Could not find rule file rules/intRulesCheckedSemantics.key
	at de.uka.ilkd.key.proof.io.RuleSourceFactory.fromBuiltInRule(RuleSourceFactory.java:32)
	at de.uka.ilkd.key.proof.io.RuleSourceFactory.fromDefaultLocation(RuleSourceFactory.java:21)
	at de.uka.ilkd.key.nparser.builder.IncludeFinder.addInclude(IncludeFinder.java:63)
	at de.uka.ilkd.key.nparser.builder.IncludeFinder.visitOne_include(IncludeFinder.java:43)
	at de.uka.ilkd.key.nparser.builder.IncludeFinder.visitOne_include(IncludeFinder.java:20)
	at de.uka.ilkd.key.nparser.KeYParser$One_includeContext.accept(KeYParser.java:878)
	at de.uka.ilkd.key.nparser.builder.AbstractBuilder.lambda$mapOf$0(AbstractBuilder.java:112)
	at java.base/java.util.stream.ReferencePipeline$3$1.accept(ReferencePipeline.java:195)
	at java.base/java.util.ArrayList$ArrayListSpliterator.forEachRemaining(ArrayList.java:1655)
	at java.base/java.util.stream.AbstractPipeline.copyInto(AbstractPipeline.java:484)
	at java.base/java.util.stream.AbstractPipeline.wrapAndCopyInto(AbstractPipeline.java:474)
	at java.base/java.util.stream.ReduceOps$ReduceOp.evaluateSequential(ReduceOps.java:913)
	at java.base/java.util.stream.AbstractPipeline.evaluate(AbstractPipeline.java:234)
	at java.base/java.util.stream.ReferencePipeline.collect(ReferencePipeline.java:578)
	at de.uka.ilkd.key.nparser.builder.AbstractBuilder.mapOf(AbstractBuilder.java:112)
	at de.uka.ilkd.key.nparser.builder.IncludeFinder.visitOne_include_statement(IncludeFinder.java:35)
	at de.uka.ilkd.key.nparser.builder.IncludeFinder.visitOne_include_statement(IncludeFinder.java:20)
	at de.uka.ilkd.key.nparser.KeYParser$One_include_statementContext.accept(KeYParser.java:802)
	at org.antlr.v4.runtime.tree.AbstractParseTreeVisitor.visitChildren(AbstractParseTreeVisitor.java:46)
	at de.uka.ilkd.key.nparser.KeYParserBaseVisitor.visitDecls(KeYParserBaseVisitor.java:30)
	at de.uka.ilkd.key.nparser.KeYParser$DeclsContext.accept(KeYParser.java:500)
	at org.antlr.v4.runtime.tree.AbstractParseTreeVisitor.visitChildren(AbstractParseTreeVisitor.java:46)
	at de.uka.ilkd.key.nparser.KeYParserBaseVisitor.visitFile(KeYParserBaseVisitor.java:23)
	at de.uka.ilkd.key.nparser.KeYParser$FileContext.accept(KeYParser.java:306)
	at de.uka.ilkd.key.nparser.KeyAst.accept(KeyAst.java:41)
	at de.uka.ilkd.key.nparser.KeyAst$File.getIncludes(KeyAst.java:76)
	at de.uka.ilkd.key.proof.io.KeYFile.readIncludes(KeYFile.java:208)
	... 14 more
Exception in thread "main" org.opentest4j.AssertionFailedError: Exception during the execution of proofs. See log for more details.
	at org.junit.jupiter.api.AssertionUtils.fail(AssertionUtils.java:39)
	at org.junit.jupiter.api.Assertions.fail(Assertions.java:134)
	at de.uka.ilkd.key.proof.runallproofs.proofcollection.ForkedTestFileRunner.main(ForkedTestFileRunner.java:192)
Timeout watcher launched (2000 secs.)
Could not find rule file rules/intRulesCheckedSemantics.key (file: /home/runner/work/key/key/key.core/../key.ui/examples/index/.././heap/polarity_tests/wellformed1.key; caused by: de.uka.ilkd.key.proof.init.ProofInputException: Could not find rule file rules/intRulesCheckedSemantics.key)
	at de.uka.ilkd.key.control.AbstractUserInterfaceControl.load(AbstractUserInterfaceControl.java:221)
	at de.uka.ilkd.key.control.KeYEnvironment.load(KeYEnvironment.java:251)
	at de.uka.ilkd.key.control.KeYEnvironment.load(KeYEnvironment.java:224)
	at de.uka.ilkd.key.control.KeYEnvironment.load(KeYEnvironment.java:184)
	at de.uka.ilkd.key.control.KeYEnvironment.load(KeYEnvironment.java:261)
	at de.uka.ilkd.key.proof.runallproofs.proofcollection.TestFile.load(TestFile.java:270)
	at de.uka.ilkd.key.proof.runallproofs.proofcollection.TestFile.runKey(TestFile.java:160)
	at de.uka.ilkd.key.proof.runallproofs.proofcollection.ForkedTestFileRunner.main(ForkedTestFileRunner.java:171)
Caused by: de.uka.ilkd.key.proof.init.ProofInputException: Could not find rule file rules/intRulesCheckedSemantics.key
	at de.uka.ilkd.key.proof.io.KeYFile.readIncludes(KeYFile.java:210)
	at de.uka.ilkd.key.proof.init.ProblemInitializer.readIncludes(ProblemInitializer.java:177)
	at de.uka.ilkd.key.proof.init.ProblemInitializer.readEnvInput(ProblemInitializer.java:325)
	at de.uka.ilkd.key.proof.init.ProblemInitializer.prepare(ProblemInitializer.java:449)
	at de.uka.ilkd.key.proof.io.AbstractProblemLoader.createInitConfig(AbstractProblemLoader.java:518)
	at de.uka.ilkd.key.proof.io.AbstractProblemLoader.loadEnvironment(AbstractProblemLoader.java:288)
	at de.uka.ilkd.key.proof.io.AbstractProblemLoader.load(AbstractProblemLoader.java:252)
	at de.uka.ilkd.key.control.AbstractUserInterfaceControl.load(AbstractUserInterfaceControl.java:209)
	... 7 more
Caused by: java.lang.RuntimeException: Could not find rule file rules/intRulesCheckedSemantics.key
	at de.uka.ilkd.key.proof.io.RuleSourceFactory.fromBuiltInRule(RuleSourceFactory.java:32)
	at de.uka.ilkd.key.proof.io.RuleSourceFactory.fromDefaultLocation(RuleSourceFactory.java:21)
	at de.uka.ilkd.key.nparser.builder.IncludeFinder.addInclude(IncludeFinder.java:63)
	at de.uka.ilkd.key.nparser.builder.IncludeFinder.visitOne_include(IncludeFinder.java:43)
	at de.uka.ilkd.key.nparser.builder.IncludeFinder.visitOne_include(IncludeFinder.java:20)
	at de.uka.ilkd.key.nparser.KeYParser$One_includeContext.accept(KeYParser.java:878)
	at de.uka.ilkd.key.nparser.builder.AbstractBuilder.lambda$mapOf$0(AbstractBuilder.java:112)
	at java.base/java.util.stream.ReferencePipeline$3$1.accept(ReferencePipeline.java:195)
	at java.base/java.util.ArrayList$ArrayListSpliterator.forEachRemaining(ArrayList.java:1655)
	at java.base/java.util.stream.AbstractPipeline.copyInto(AbstractPipeline.java:484)
	at java.base/java.util.stream.AbstractPipeline.wrapAndCopyInto(AbstractPipeline.java:474)
	at java.base/java.util.stream.ReduceOps$ReduceOp.evaluateSequential(ReduceOps.java:913)
	at java.base/java.util.stream.AbstractPipeline.evaluate(AbstractPipeline.java:234)
	at java.base/java.util.stream.ReferencePipeline.collect(ReferencePipeline.java:578)
	at de.uka.ilkd.key.nparser.builder.AbstractBuilder.mapOf(AbstractBuilder.java:112)
	at de.uka.ilkd.key.nparser.builder.IncludeFinder.visitOne_include_statement(IncludeFinder.java:35)
	at de.uka.ilkd.key.nparser.builder.IncludeFinder.visitOne_include_statement(IncludeFinder.java:20)
	at de.uka.ilkd.key.nparser.KeYParser$One_include_statementContext.accept(KeYParser.java:802)
	at org.antlr.v4.runtime.tree.AbstractParseTreeVisitor.visitChildren(AbstractParseTreeVisitor.java:46)
	at de.uka.ilkd.key.nparser.KeYParserBaseVisitor.visitDecls(KeYParserBaseVisitor.java:30)
	at de.uka.ilkd.key.nparser.KeYParser$DeclsContext.accept(KeYParser.java:500)
	at org.antlr.v4.runtime.tree.AbstractParseTreeVisitor.visitChildren(AbstractParseTreeVisitor.java:46)
	at de.uka.ilkd.key.nparser.KeYParserBaseVisitor.visitFile(KeYParserBaseVisitor.java:23)
	at de.uka.ilkd.key.nparser.KeYParser$FileContext.accept(KeYParser.java:306)
	at de.uka.ilkd.key.nparser.KeyAst.accept(KeyAst.java:41)
	at de.uka.ilkd.key.nparser.KeyAst$File.getIncludes(KeyAst.java:76)
	at de.uka.ilkd.key.proof.io.KeYFile.readIncludes(KeYFile.java:208)
	... 14 more
Could not find rule file rules/intRulesCheckedSemantics.key (file: /home/runner/work/key/key/key.core/../key.ui/examples/index/.././heap/polarity_tests/wellformed2.key; caused by: de.uka.ilkd.key.proof.init.ProofInputException: Could not find rule file rules/intRulesCheckedSemantics.key)
	at de.uka.ilkd.key.control.AbstractUserInterfaceControl.load(AbstractUserInterfaceControl.java:221)
	at de.uka.ilkd.key.control.KeYEnvironment.load(KeYEnvironment.java:251)
	at de.uka.ilkd.key.control.KeYEnvironment.load(KeYEnvironment.java:224)
	at de.uka.ilkd.key.control.KeYEnvironment.load(KeYEnvironment.java:184)
	at de.uka.ilkd.key.control.KeYEnvironment.load(KeYEnvironment.java:261)
	at de.uka.ilkd.key.proof.runallproofs.proofcollection.TestFile.load(TestFile.java:270)
	at de.uka.ilkd.key.proof.runallproofs.proofcollection.TestFile.runKey(TestFile.java:160)
	at de.uka.ilkd.key.proof.runallproofs.proofcollection.ForkedTestFileRunner.main(ForkedTestFileRunner.java:171)
Caused by: de.uka.ilkd.key.proof.init.ProofInputException: Could not find rule file rules/intRulesCheckedSemantics.key
	at de.uka.ilkd.key.proof.io.KeYFile.readIncludes(KeYFile.java:210)
	at de.uka.ilkd.key.proof.init.ProblemInitializer.readIncludes(ProblemInitializer.java:177)
	at de.uka.ilkd.key.proof.init.ProblemInitializer.readEnvInput(ProblemInitializer.java:325)
	at de.uka.ilkd.key.proof.init.ProblemInitializer.prepare(ProblemInitializer.java:449)
	at de.uka.ilkd.key.proof.io.AbstractProblemLoader.createInitConfig(AbstractProblemLoader.java:518)
	at de.uka.ilkd.key.proof.io.AbstractProblemLoader.loadEnvironment(AbstractProblemLoader.java:288)
	at de.uka.ilkd.key.proof.io.AbstractProblemLoader.load(AbstractProblemLoader.java:252)
	at de.uka.ilkd.key.control.AbstractUserInterfaceControl.load(AbstractUserInterfaceControl.java:209)
	... 7 more
Caused by: java.lang.RuntimeException: Could not find rule file rules/intRulesCheckedSemantics.key
	at de.uka.ilkd.key.proof.io.RuleSourceFactory.fromBuiltInRule(RuleSourceFactory.java:32)
	at de.uka.ilkd.key.proof.io.RuleSourceFactory.fromDefaultLocation(RuleSourceFactory.java:21)
	at de.uka.ilkd.key.nparser.builder.IncludeFinder.addInclude(IncludeFinder.java:63)
	at de.uka.ilkd.key.nparser.builder.IncludeFinder.visitOne_include(IncludeFinder.java:43)
	at de.uka.ilkd.key.nparser.builder.IncludeFinder.visitOne_include(IncludeFinder.java:20)
	at de.uka.ilkd.key.nparser.KeYParser$One_includeContext.accept(KeYParser.java:878)
	at de.uka.ilkd.key.nparser.builder.AbstractBuilder.lambda$mapOf$0(AbstractBuilder.java:112)
	at java.base/java.util.stream.ReferencePipeline$3$1.accept(ReferencePipeline.java:195)
	at java.base/java.util.ArrayList$ArrayListSpliterator.forEachRemaining(ArrayList.java:1655)
	at java.base/java.util.stream.AbstractPipeline.copyInto(AbstractPipeline.java:484)
	at java.base/java.util.stream.AbstractPipeline.wrapAndCopyInto(AbstractPipeline.java:474)
	at java.base/java.util.stream.ReduceOps$ReduceOp.evaluateSequential(ReduceOps.java:913)
	at java.base/java.util.stream.AbstractPipeline.evaluate(AbstractPipeline.java:234)
	at java.base/java.util.stream.ReferencePipeline.collect(ReferencePipeline.java:578)
	at de.uka.ilkd.key.nparser.builder.AbstractBuilder.mapOf(AbstractBuilder.java:112)
	at de.uka.ilkd.key.nparser.builder.IncludeFinder.visitOne_include_statement(IncludeFinder.java:35)
	at de.uka.ilkd.key.nparser.builder.IncludeFinder.visitOne_include_statement(IncludeFinder.java:20)
	at de.uka.ilkd.key.nparser.KeYParser$One_include_statementContext.accept(KeYParser.java:802)
	at org.antlr.v4.runtime.tree.AbstractParseTreeVisitor.visitChildren(AbstractParseTreeVisitor.java:46)
	at de.uka.ilkd.key.nparser.KeYParserBaseVisitor.visitDecls(KeYParserBaseVisitor.java:30)
	at de.uka.ilkd.key.nparser.KeYParser$DeclsContext.accept(KeYParser.java:500)
	at org.antlr.v4.runtime.tree.AbstractParseTreeVisitor.visitChildren(AbstractParseTreeVisitor.java:46)
	at de.uka.ilkd.key.nparser.KeYParserBaseVisitor.visitFile(KeYParserBaseVisitor.java:23)
	at de.uka.ilkd.key.nparser.KeYParser$FileContext.accept(KeYParser.java:306)
	at de.uka.ilkd.key.nparser.KeyAst.accept(KeyAst.java:41)
	at de.uka.ilkd.key.nparser.KeyAst$File.getIncludes(KeyAst.java:76)
	at de.uka.ilkd.key.proof.io.KeYFile.readIncludes(KeYFile.java:208)
	... 14 more
Could not find rule file rules/intRulesCheckedSemantics.key (file: /home/runner/work/key/key/key.core/../key.ui/examples/index/.././heap/polarity_tests/wellformed3.key; caused by: de.uka.ilkd.key.proof.init.ProofInputException: Could not find rule file rules/intRulesCheckedSemantics.key)
	at de.uka.ilkd.key.control.AbstractUserInterfaceControl.load(AbstractUserInterfaceControl.java:221)
	at de.uka.ilkd.key.control.KeYEnvironment.load(KeYEnvironment.java:251)
	at de.uka.ilkd.key.control.KeYEnvironment.load(KeYEnvironment.java:224)
	at de.uka.ilkd.key.control.KeYEnvironment.load(KeYEnvironment.java:184)
	at de.uka.ilkd.key.control.KeYEnvironment.load(KeYEnvironment.java:261)
	at de.uka.ilkd.key.proof.runallproofs.proofcollection.TestFile.load(TestFile.java:270)
	at de.uka.ilkd.key.proof.runallproofs.proofcollection.TestFile.runKey(TestFile.java:160)
	at de.uka.ilkd.key.proof.runallproofs.proofcollection.ForkedTestFileRunner.main(ForkedTestFileRunner.java:171)
Caused by: de.uka.ilkd.key.proof.init.ProofInputException: Could not find rule file rules/intRulesCheckedSemantics.key
	at de.uka.ilkd.key.proof.io.KeYFile.readIncludes(KeYFile.java:210)
	at de.uka.ilkd.key.proof.init.ProblemInitializer.readIncludes(ProblemInitializer.java:177)
	at de.uka.ilkd.key.proof.init.ProblemInitializer.readEnvInput(ProblemInitializer.java:325)
	at de.uka.ilkd.key.proof.init.ProblemInitializer.prepare(ProblemInitializer.java:449)
	at de.uka.ilkd.key.proof.io.AbstractProblemLoader.createInitConfig(AbstractProblemLoader.java:518)
	at de.uka.ilkd.key.proof.io.AbstractProblemLoader.loadEnvironment(AbstractProblemLoader.java:288)
	at de.uka.ilkd.key.proof.io.AbstractProblemLoader.load(AbstractProblemLoader.java:252)
	at de.uka.ilkd.key.control.AbstractUserInterfaceControl.load(AbstractUserInterfaceControl.java:209)
	... 7 more
Caused by: java.lang.RuntimeException: Could not find rule file rules/intRulesCheckedSemantics.key
	at de.uka.ilkd.key.proof.io.RuleSourceFactory.fromBuiltInRule(RuleSourceFactory.java:32)
	at de.uka.ilkd.key.proof.io.RuleSourceFactory.fromDefaultLocation(RuleSourceFactory.java:21)
	at de.uka.ilkd.key.nparser.builder.IncludeFinder.addInclude(IncludeFinder.java:63)
	at de.uka.ilkd.key.nparser.builder.IncludeFinder.visitOne_include(IncludeFinder.java:43)
	at de.uka.ilkd.key.nparser.builder.IncludeFinder.visitOne_include(IncludeFinder.java:20)
	at de.uka.ilkd.key.nparser.KeYParser$One_includeContext.accept(KeYParser.java:878)
	at de.uka.ilkd.key.nparser.builder.AbstractBuilder.lambda$mapOf$0(AbstractBuilder.java:112)
	at java.base/java.util.stream.ReferencePipeline$3$1.accept(ReferencePipeline.java:195)
	at java.base/java.util.ArrayList$ArrayListSpliterator.forEachRemaining(ArrayList.java:1655)
	at java.base/java.util.stream.AbstractPipeline.copyInto(AbstractPipeline.java:484)
	at java.base/java.util.stream.AbstractPipeline.wrapAndCopyInto(AbstractPipeline.java:474)
	at java.base/java.util.stream.ReduceOps$ReduceOp.evaluateSequential(ReduceOps.java:913)
	at java.base/java.util.stream.AbstractPipeline.evaluate(AbstractPipeline.java:234)
	at java.base/java.util.stream.ReferencePipeline.collect(ReferencePipeline.java:578)
	at de.uka.ilkd.key.nparser.builder.AbstractBuilder.mapOf(AbstractBuilder.java:112)
	at de.uka.ilkd.key.nparser.builder.IncludeFinder.visitOne_include_statement(IncludeFinder.java:35)
	at de.uka.ilkd.key.nparser.builder.IncludeFinder.visitOne_include_statement(IncludeFinder.java:20)
	at de.uka.ilkd.key.nparser.KeYParser$One_include_statementContext.accept(KeYParser.java:802)
	at org.antlr.v4.runtime.tree.AbstractParseTreeVisitor.visitChildren(AbstractParseTreeVisitor.java:46)
	at de.uka.ilkd.key.nparser.KeYParserBaseVisitor.visitDecls(KeYParserBaseVisitor.java:30)
	at de.uka.ilkd.key.nparser.KeYParser$DeclsContext.accept(KeYParser.java:500)
	at org.antlr.v4.runtime.tree.AbstractParseTreeVisitor.visitChildren(AbstractParseTreeVisitor.java:46)
	at de.uka.ilkd.key.nparser.KeYParserBaseVisitor.visitFile(KeYParserBaseVisitor.java:23)
	at de.uka.ilkd.key.nparser.KeYParser$FileContext.accept(KeYParser.java:306)
	at de.uka.ilkd.key.nparser.KeyAst.accept(KeyAst.java:41)
	at de.uka.ilkd.key.nparser.KeyAst$File.getIncludes(KeyAst.java:76)
	at de.uka.ilkd.key.proof.io.KeYFile.readIncludes(KeYFile.java:208)
	... 14 more
Could not find rule file rules/intRulesCheckedSemantics.key (file: /home/runner/work/key/key/key.core/../key.ui/examples/index/.././heap/polarity_tests/wellformed4.key; caused by: de.uka.ilkd.key.proof.init.ProofInputException: Could not find rule file rules/intRulesCheckedSemantics.key)
	at de.uka.ilkd.key.control.AbstractUserInterfaceControl.load(AbstractUserInterfaceControl.java:221)
	at de.uka.ilkd.key.control.KeYEnvironment.load(KeYEnvironment.java:251)
	at de.uka.ilkd.key.control.KeYEnvironment.load(KeYEnvironment.java:224)
	at de.uka.ilkd.key.control.KeYEnvironment.load(KeYEnvironment.java:184)
	at de.uka.ilkd.key.control.KeYEnvironment.load(KeYEnvironment.java:261)
	at de.uka.ilkd.key.proof.runallproofs.proofcollection.TestFile.load(TestFile.java:270)
	at de.uka.ilkd.key.proof.runallproofs.proofcollection.TestFile.runKey(TestFile.java:160)
	at de.uka.ilkd.key.proof.runallproofs.proofcollection.ForkedTestFileRunner.main(ForkedTestFileRunner.java:171)
Caused by: de.uka.ilkd.key.proof.init.ProofInputException: Could not find rule file rules/intRulesCheckedSemantics.key
	at de.uka.ilkd.key.proof.io.KeYFile.readIncludes(KeYFile.java:210)
	at de.uka.ilkd.key.proof.init.ProblemInitializer.readIncludes(ProblemInitializer.java:177)
	at de.uka.ilkd.key.proof.init.ProblemInitializer.readEnvInput(ProblemInitializer.java:325)
	at de.uka.ilkd.key.proof.init.ProblemInitializer.prepare(ProblemInitializer.java:449)
	at de.uka.ilkd.key.proof.io.AbstractProblemLoader.createInitConfig(AbstractProblemLoader.java:518)
	at de.uka.ilkd.key.proof.io.AbstractProblemLoader.loadEnvironment(AbstractProblemLoader.java:288)
	at de.uka.ilkd.key.proof.io.AbstractProblemLoader.load(AbstractProblemLoader.java:252)
	at de.uka.ilkd.key.control.AbstractUserInterfaceControl.load(AbstractUserInterfaceControl.java:209)
	... 7 more
Caused by: java.lang.RuntimeException: Could not find rule file rules/intRulesCheckedSemantics.key
	at de.uka.ilkd.key.proof.io.RuleSourceFactory.fromBuiltInRule(RuleSourceFactory.java:32)
	at de.uka.ilkd.key.proof.io.RuleSourceFactory.fromDefaultLocation(RuleSourceFactory.java:21)
	at de.uka.ilkd.key.nparser.builder.IncludeFinder.addInclude(IncludeFinder.java:63)
	at de.uka.ilkd.key.nparser.builder.IncludeFinder.visitOne_include(IncludeFinder.java:43)
	at de.uka.ilkd.key.nparser.builder.IncludeFinder.visitOne_include(IncludeFinder.java:20)
	at de.uka.ilkd.key.nparser.KeYParser$One_includeContext.accept(KeYParser.java:878)
	at de.uka.ilkd.key.nparser.builder.AbstractBuilder.lambda$mapOf$0(AbstractBuilder.java:112)
	at java.base/java.util.stream.ReferencePipeline$3$1.accept(ReferencePipeline.java:195)
	at java.base/java.util.ArrayList$ArrayListSpliterator.forEachRemaining(ArrayList.java:1655)
	at java.base/java.util.stream.AbstractPipeline.copyInto(AbstractPipeline.java:484)
	at java.base/java.util.stream.AbstractPipeline.wrapAndCopyInto(AbstractPipeline.java:474)
	at java.base/java.util.stream.ReduceOps$ReduceOp.evaluateSequential(ReduceOps.java:913)
	at java.base/java.util.stream.AbstractPipeline.evaluate(AbstractPipeline.java:234)
	at java.base/java.util.stream.ReferencePipeline.collect(ReferencePipeline.java:578)
	at de.uka.ilkd.key.nparser.builder.AbstractBuilder.mapOf(AbstractBuilder.java:112)
	at de.uka.ilkd.key.nparser.builder.IncludeFinder.visitOne_include_statement(IncludeFinder.java:35)
	at de.uka.ilkd.key.nparser.builder.IncludeFinder.visitOne_include_statement(IncludeFinder.java:20)
	at de.uka.ilkd.key.nparser.KeYParser$One_include_statementContext.accept(KeYParser.java:802)
	at org.antlr.v4.runtime.tree.AbstractParseTreeVisitor.visitChildren(AbstractParseTreeVisitor.java:46)
	at de.uka.ilkd.key.nparser.KeYParserBaseVisitor.visitDecls(KeYParserBaseVisitor.java:30)
	at de.uka.ilkd.key.nparser.KeYParser$DeclsContext.accept(KeYParser.java:500)
	at org.antlr.v4.runtime.tree.AbstractParseTreeVisitor.visitChildren(AbstractParseTreeVisitor.java:46)
	at de.uka.ilkd.key.nparser.KeYParserBaseVisitor.visitFile(KeYParserBaseVisitor.java:23)
	at de.uka.ilkd.key.nparser.KeYParser$FileContext.accept(KeYParser.java:306)
	at de.uka.ilkd.key.nparser.KeyAst.accept(KeyAst.java:41)
	at de.uka.ilkd.key.nparser.KeyAst$File.getIncludes(KeyAst.java:76)
	at de.uka.ilkd.key.proof.io.KeYFile.readIncludes(KeYFile.java:208)
	... 14 more
Could not find rule file rules/intRulesCheckedSemantics.key (file: /home/runner/work/key/key/key.core/../key.ui/examples/index/.././heap/polarity_tests/wellformed5.key; caused by: de.uka.ilkd.key.proof.init.ProofInputException: Could not find rule file rules/intRulesCheckedSemantics.key)
	at de.uka.ilkd.key.control.AbstractUserInterfaceControl.load(AbstractUserInterfaceControl.java:221)
	at de.uka.ilkd.key.control.KeYEnvironment.load(KeYEnvironment.java:251)
	at de.uka.ilkd.key.control.KeYEnvironment.load(KeYEnvironment.java:224)
	at de.uka.ilkd.key.control.KeYEnvironment.load(KeYEnvironment.java:184)
	at de.uka.ilkd.key.control.KeYEnvironment.load(KeYEnvironment.java:261)
	at de.uka.ilkd.key.proof.runallproofs.proofcollection.TestFile.load(TestFile.java:270)
	at de.uka.ilkd.key.proof.runallproofs.proofcollection.TestFile.runKey(TestFile.java:160)
	at de.uka.ilkd.key.proof.runallproofs.proofcollection.ForkedTestFileRunner.main(ForkedTestFileRunner.java:171)
Caused by: de.uka.ilkd.key.proof.init.ProofInputException: Could not find rule file rules/intRulesCheckedSemantics.key
	at de.uka.ilkd.key.proof.io.KeYFile.readIncludes(KeYFile.java:210)
	at de.uka.ilkd.key.proof.init.ProblemInitializer.readIncludes(ProblemInitializer.java:177)
	at de.uka.ilkd.key.proof.init.ProblemInitializer.readEnvInput(ProblemInitializer.java:325)
	at de.uka.ilkd.key.proof.init.ProblemInitializer.prepare(ProblemInitializer.java:449)
	at de.uka.ilkd.key.proof.io.AbstractProblemLoader.createInitConfig(AbstractProblemLoader.java:518)
	at de.uka.ilkd.key.proof.io.AbstractProblemLoader.loadEnvironment(AbstractProblemLoader.java:288)
	at de.uka.ilkd.key.proof.io.AbstractProblemLoader.load(AbstractProblemLoader.java:252)
	at de.uka.ilkd.key.control.AbstractUserInterfaceControl.load(AbstractUserInterfaceControl.java:209)
	... 7 more
Caused by: java.lang.RuntimeException: Could not find rule file rules/intRulesCheckedSemantics.key
	at de.uka.ilkd.key.proof.io.RuleSourceFactory.fromBuiltInRule(RuleSourceFactory.java:32)
	at de.uka.ilkd.key.proof.io.RuleSourceFactory.fromDefaultLocation(RuleSourceFactory.java:21)
	at de.uka.ilkd.key.nparser.builder.IncludeFinder.addInclude(IncludeFinder.java:63)
	at de.uka.ilkd.key.nparser.builder.IncludeFinder.visitOne_include(IncludeFinder.java:43)
	at de.uka.ilkd.key.nparser.builder.IncludeFinder.visitOne_include(IncludeFinder.java:20)
	at de.uka.ilkd.key.nparser.KeYParser$One_includeContext.accept(KeYParser.java:878)
	at de.uka.ilkd.key.nparser.builder.AbstractBuilder.lambda$mapOf$0(AbstractBuilder.java:112)
	at java.base/java.util.stream.ReferencePipeline$3$1.accept(ReferencePipeline.java:195)
	at java.base/java.util.ArrayList$ArrayListSpliterator.forEachRemaining(ArrayList.java:1655)
	at java.base/java.util.stream.AbstractPipeline.copyInto(AbstractPipeline.java:484)
	at java.base/java.util.stream.AbstractPipeline.wrapAndCopyInto(AbstractPipeline.java:474)
	at java.base/java.util.stream.ReduceOps$ReduceOp.evaluateSequential(ReduceOps.java:913)
	at java.base/java.util.stream.AbstractPipeline.evaluate(AbstractPipeline.java:234)
	at java.base/java.util.stream.ReferencePipeline.collect(ReferencePipeline.java:578)
	at de.uka.ilkd.key.nparser.builder.AbstractBuilder.mapOf(AbstractBuilder.java:112)
	at de.uka.ilkd.key.nparser.builder.IncludeFinder.visitOne_include_statement(IncludeFinder.java:35)
	at de.uka.ilkd.key.nparser.builder.IncludeFinder.visitOne_include_statement(IncludeFinder.java:20)
	at de.uka.ilkd.key.nparser.KeYParser$One_include_statementContext.accept(KeYParser.java:802)
	at org.antlr.v4.runtime.tree.AbstractParseTreeVisitor.visitChildren(AbstractParseTreeVisitor.java:46)
	at de.uka.ilkd.key.nparser.KeYParserBaseVisitor.visitDecls(KeYParserBaseVisitor.java:30)
	at de.uka.ilkd.key.nparser.KeYParser$DeclsContext.accept(KeYParser.java:500)
	at org.antlr.v4.runtime.tree.AbstractParseTreeVisitor.visitChildren(AbstractParseTreeVisitor.java:46)
	at de.uka.ilkd.key.nparser.KeYParserBaseVisitor.visitFile(KeYParserBaseVisitor.java:23)
	at de.uka.ilkd.key.nparser.KeYParser$FileContext.accept(KeYParser.java:306)
	at de.uka.ilkd.key.nparser.KeyAst.accept(KeyAst.java:41)
	at de.uka.ilkd.key.nparser.KeyAst$File.getIncludes(KeyAst.java:76)
	at de.uka.ilkd.key.proof.io.KeYFile.readIncludes(KeYFile.java:208)
	... 14 more
Could not find rule file rules/intRulesCheckedSemantics.key (file: /home/runner/work/key/key/key.core/../key.ui/examples/index/.././heap/polarity_tests/wellformed6.key; caused by: de.uka.ilkd.key.proof.init.ProofInputException: Could not find rule file rules/intRulesCheckedSemantics.key)
	at de.uka.ilkd.key.control.AbstractUserInterfaceControl.load(AbstractUserInterfaceControl.java:221)
	at de.uka.ilkd.key.control.KeYEnvironment.load(KeYEnvironment.java:251)
	at de.uka.ilkd.key.control.KeYEnvironment.load(KeYEnvironment.java:224)
	at de.uka.ilkd.key.control.KeYEnvironment.load(KeYEnvironment.java:184)
	at de.uka.ilkd.key.control.KeYEnvironment.load(KeYEnvironment.java:261)
	at de.uka.ilkd.key.proof.runallproofs.proofcollection.TestFile.load(TestFile.java:270)
	at de.uka.ilkd.key.proof.runallproofs.proofcollection.TestFile.runKey(TestFile.java:160)
	at de.uka.ilkd.key.proof.runallproofs.proofcollection.ForkedTestFileRunner.main(ForkedTestFileRunner.java:171)
Caused by: de.uka.ilkd.key.proof.init.ProofInputException: Could not find rule file rules/intRulesCheckedSemantics.key
	at de.uka.ilkd.key.proof.io.KeYFile.readIncludes(KeYFile.java:210)
	at de.uka.ilkd.key.proof.init.ProblemInitializer.readIncludes(ProblemInitializer.java:177)
	at de.uka.ilkd.key.proof.init.ProblemInitializer.readEnvInput(ProblemInitializer.java:325)
	at de.uka.ilkd.key.proof.init.ProblemInitializer.prepare(ProblemInitializer.java:449)
	at de.uka.ilkd.key.proof.io.AbstractProblemLoader.createInitConfig(AbstractProblemLoader.java:518)
	at de.uka.ilkd.key.proof.io.AbstractProblemLoader.loadEnvironment(AbstractProblemLoader.java:288)
	at de.uka.ilkd.key.proof.io.AbstractProblemLoader.load(AbstractProblemLoader.java:252)
	at de.uka.ilkd.key.control.AbstractUserInterfaceControl.load(AbstractUserInterfaceControl.java:209)
	... 7 more
Caused by: java.lang.RuntimeException: Could not find rule file rules/intRulesCheckedSemantics.key
	at de.uka.ilkd.key.proof.io.RuleSourceFactory.fromBuiltInRule(RuleSourceFactory.java:32)
	at de.uka.ilkd.key.proof.io.RuleSourceFactory.fromDefaultLocation(RuleSourceFactory.java:21)
	at de.uka.ilkd.key.nparser.builder.IncludeFinder.addInclude(IncludeFinder.java:63)
	at de.uka.ilkd.key.nparser.builder.IncludeFinder.visitOne_include(IncludeFinder.java:43)
	at de.uka.ilkd.key.nparser.builder.IncludeFinder.visitOne_include(IncludeFinder.java:20)
	at de.uka.ilkd.key.nparser.KeYParser$One_includeContext.accept(KeYParser.java:878)
	at de.uka.ilkd.key.nparser.builder.AbstractBuilder.lambda$mapOf$0(AbstractBuilder.java:112)
	at java.base/java.util.stream.ReferencePipeline$3$1.accept(ReferencePipeline.java:195)
	at java.base/java.util.ArrayList$ArrayListSpliterator.forEachRemaining(ArrayList.java:1655)
	at java.base/java.util.stream.AbstractPipeline.copyInto(AbstractPipeline.java:484)
	at java.base/java.util.stream.AbstractPipeline.wrapAndCopyInto(AbstractPipeline.java:474)
	at java.base/java.util.stream.ReduceOps$ReduceOp.evaluateSequential(ReduceOps.java:913)
	at java.base/java.util.stream.AbstractPipeline.evaluate(AbstractPipeline.java:234)
	at java.base/java.util.stream.ReferencePipeline.collect(ReferencePipeline.java:578)
	at de.uka.ilkd.key.nparser.builder.AbstractBuilder.mapOf(AbstractBuilder.java:112)
	at de.uka.ilkd.key.nparser.builder.IncludeFinder.visitOne_include_statement(IncludeFinder.java:35)
	at de.uka.ilkd.key.nparser.builder.IncludeFinder.visitOne_include_statement(IncludeFinder.java:20)
	at de.uka.ilkd.key.nparser.KeYParser$One_include_statementContext.accept(KeYParser.java:802)
	at org.antlr.v4.runtime.tree.AbstractParseTreeVisitor.visitChildren(AbstractParseTreeVisitor.java:46)
	at de.uka.ilkd.key.nparser.KeYParserBaseVisitor.visitDecls(KeYParserBaseVisitor.java:30)
	at de.uka.ilkd.key.nparser.KeYParser$DeclsContext.accept(KeYParser.java:500)
	at org.antlr.v4.runtime.tree.AbstractParseTreeVisitor.visitChildren(AbstractParseTreeVisitor.java:46)
	at de.uka.ilkd.key.nparser.KeYParserBaseVisitor.visitFile(KeYParserBaseVisitor.java:23)
	at de.uka.ilkd.key.nparser.KeYParser$FileContext.accept(KeYParser.java:306)
	at de.uka.ilkd.key.nparser.KeyAst.accept(KeyAst.java:41)
	at de.uka.ilkd.key.nparser.KeyAst$File.getIncludes(KeyAst.java:76)
	at de.uka.ilkd.key.proof.io.KeYFile.readIncludes(KeYFile.java:208)
	... 14 more
Could not find rule file rules/intRulesCheckedSemantics.key (file: /home/runner/work/key/key/key.core/../key.ui/examples/index/.././heap/polarity_tests/wellformed7.key; caused by: de.uka.ilkd.key.proof.init.ProofInputException: Could not find rule file rules/intRulesCheckedSemantics.key)
	at de.uka.ilkd.key.control.AbstractUserInterfaceControl.load(AbstractUserInterfaceControl.java:221)
	at de.uka.ilkd.key.control.KeYEnvironment.load(KeYEnvironment.java:251)
	at de.uka.ilkd.key.control.KeYEnvironment.load(KeYEnvironment.java:224)
	at de.uka.ilkd.key.control.KeYEnvironment.load(KeYEnvironment.java:184)
	at de.uka.ilkd.key.control.KeYEnvironment.load(KeYEnvironment.java:261)
	at de.uka.ilkd.key.proof.runallproofs.proofcollection.TestFile.load(TestFile.java:270)
	at de.uka.ilkd.key.proof.runallproofs.proofcollection.TestFile.runKey(TestFile.java:160)
	at de.uka.ilkd.key.proof.runallproofs.proofcollection.ForkedTestFileRunner.main(ForkedTestFileRunner.java:171)
Caused by: de.uka.ilkd.key.proof.init.ProofInputException: Could not find rule file rules/intRulesCheckedSemantics.key
	at de.uka.ilkd.key.proof.io.KeYFile.readIncludes(KeYFile.java:210)
	at de.uka.ilkd.key.proof.init.ProblemInitializer.readIncludes(ProblemInitializer.java:177)
	at de.uka.ilkd.key.proof.init.ProblemInitializer.readEnvInput(ProblemInitializer.java:325)
	at de.uka.ilkd.key.proof.init.ProblemInitializer.prepare(ProblemInitializer.java:449)
	at de.uka.ilkd.key.proof.io.AbstractProblemLoader.createInitConfig(AbstractProblemLoader.java:518)
	at de.uka.ilkd.key.proof.io.AbstractProblemLoader.loadEnvironment(AbstractProblemLoader.java:288)
	at de.uka.ilkd.key.proof.io.AbstractProblemLoader.load(AbstractProblemLoader.java:252)
	at de.uka.ilkd.key.control.AbstractUserInterfaceControl.load(AbstractUserInterfaceControl.java:209)
	... 7 more
Caused by: java.lang.RuntimeException: Could not find rule file rules/intRulesCheckedSemantics.key
	at de.uka.ilkd.key.proof.io.RuleSourceFactory.fromBuiltInRule(RuleSourceFactory.java:32)
	at de.uka.ilkd.key.proof.io.RuleSourceFactory.fromDefaultLocation(RuleSourceFactory.java:21)
	at de.uka.ilkd.key.nparser.builder.IncludeFinder.addInclude(IncludeFinder.java:63)
	at de.uka.ilkd.key.nparser.builder.IncludeFinder.visitOne_include(IncludeFinder.java:43)
	at de.uka.ilkd.key.nparser.builder.IncludeFinder.visitOne_include(IncludeFinder.java:20)
	at de.uka.ilkd.key.nparser.KeYParser$One_includeContext.accept(KeYParser.java:878)
	at de.uka.ilkd.key.nparser.builder.AbstractBuilder.lambda$mapOf$0(AbstractBuilder.java:112)
	at java.base/java.util.stream.ReferencePipeline$3$1.accept(ReferencePipeline.java:195)
	at java.base/java.util.ArrayList$ArrayListSpliterator.forEachRemaining(ArrayList.java:1655)
	at java.base/java.util.stream.AbstractPipeline.copyInto(AbstractPipeline.java:484)
	at java.base/java.util.stream.AbstractPipeline.wrapAndCopyInto(AbstractPipeline.java:474)
	at java.base/java.util.stream.ReduceOps$ReduceOp.evaluateSequential(ReduceOps.java:913)
	at java.base/java.util.stream.AbstractPipeline.evaluate(AbstractPipeline.java:234)
	at java.base/java.util.stream.ReferencePipeline.collect(ReferencePipeline.java:578)
	at de.uka.ilkd.key.nparser.builder.AbstractBuilder.mapOf(AbstractBuilder.java:112)
	at de.uka.ilkd.key.nparser.builder.IncludeFinder.visitOne_include_statement(IncludeFinder.java:35)
	at de.uka.ilkd.key.nparser.builder.IncludeFinder.visitOne_include_statement(IncludeFinder.java:20)
	at de.uka.ilkd.key.nparser.KeYParser$One_include_statementContext.accept(KeYParser.java:802)
	at org.antlr.v4.runtime.tree.AbstractParseTreeVisitor.visitChildren(AbstractParseTreeVisitor.java:46)
	at de.uka.ilkd.key.nparser.KeYParserBaseVisitor.visitDecls(KeYParserBaseVisitor.java:30)
	at de.uka.ilkd.key.nparser.KeYParser$DeclsContext.accept(KeYParser.java:500)
	at org.antlr.v4.runtime.tree.AbstractParseTreeVisitor.visitChildren(AbstractParseTreeVisitor.java:46)
	at de.uka.ilkd.key.nparser.KeYParserBaseVisitor.visitFile(KeYParserBaseVisitor.java:23)
	at de.uka.ilkd.key.nparser.KeYParser$FileContext.accept(KeYParser.java:306)
	at de.uka.ilkd.key.nparser.KeyAst.accept(KeyAst.java:41)
	at de.uka.ilkd.key.nparser.KeyAst$File.getIncludes(KeyAst.java:76)
	at de.uka.ilkd.key.proof.io.KeYFile.readIncludes(KeYFile.java:208)
	... 14 more
Could not find rule file rules/intRulesCheckedSemantics.key (file: /home/runner/work/key/key/key.core/../key.ui/examples/index/.././heap/polarity_tests/wellformed8.key; caused by: de.uka.ilkd.key.proof.init.ProofInputException: Could not find rule file rules/intRulesCheckedSemantics.key)
	at de.uka.ilkd.key.control.AbstractUserInterfaceControl.load(AbstractUserInterfaceControl.java:221)
	at de.uka.ilkd.key.control.KeYEnvironment.load(KeYEnvironment.java:251)
	at de.uka.ilkd.key.control.KeYEnvironment.load(KeYEnvironment.java:224)
	at de.uka.ilkd.key.control.KeYEnvironment.load(KeYEnvironment.java:184)
	at de.uka.ilkd.key.control.KeYEnvironment.load(KeYEnvironment.java:261)
	at de.uka.ilkd.key.proof.runallproofs.proofcollection.TestFile.load(TestFile.java:270)
	at de.uka.ilkd.key.proof.runallproofs.proofcollection.TestFile.runKey(TestFile.java:160)
	at de.uka.ilkd.key.proof.runallproofs.proofcollection.ForkedTestFileRunner.main(ForkedTestFileRunner.java:171)
Caused by: de.uka.ilkd.key.proof.init.ProofInputException: Could not find rule file rules/intRulesCheckedSemantics.key
	at de.uka.ilkd.key.proof.io.KeYFile.readIncludes(KeYFile.java:210)
	at de.uka.ilkd.key.proof.init.ProblemInitializer.readIncludes(ProblemInitializer.java:177)
	at de.uka.ilkd.key.proof.init.ProblemInitializer.readEnvInput(ProblemInitializer.java:325)
	at de.uka.ilkd.key.proof.init.ProblemInitializer.prepare(ProblemInitializer.java:449)
	at de.uka.ilkd.key.proof.io.AbstractProblemLoader.createInitConfig(AbstractProblemLoader.java:518)
	at de.uka.ilkd.key.proof.io.AbstractProblemLoader.loadEnvironment(AbstractProblemLoader.java:288)
	at de.uka.ilkd.key.proof.io.AbstractProblemLoader.load(AbstractProblemLoader.java:252)
	at de.uka.ilkd.key.control.AbstractUserInterfaceControl.load(AbstractUserInterfaceControl.java:209)
	... 7 more
Caused by: java.lang.RuntimeException: Could not find rule file rules/intRulesCheckedSemantics.key
	at de.uka.ilkd.key.proof.io.RuleSourceFactory.fromBuiltInRule(RuleSourceFactory.java:32)
	at de.uka.ilkd.key.proof.io.RuleSourceFactory.fromDefaultLocation(RuleSourceFactory.java:21)
	at de.uka.ilkd.key.nparser.builder.IncludeFinder.addInclude(IncludeFinder.java:63)
	at de.uka.ilkd.key.nparser.builder.IncludeFinder.visitOne_include(IncludeFinder.java:43)
	at de.uka.ilkd.key.nparser.builder.IncludeFinder.visitOne_include(IncludeFinder.java:20)
	at de.uka.ilkd.key.nparser.KeYParser$One_includeContext.accept(KeYParser.java:878)
	at de.uka.ilkd.key.nparser.builder.AbstractBuilder.lambda$mapOf$0(AbstractBuilder.java:112)
	at java.base/java.util.stream.ReferencePipeline$3$1.accept(ReferencePipeline.java:195)
	at java.base/java.util.ArrayList$ArrayListSpliterator.forEachRemaining(ArrayList.java:1655)
	at java.base/java.util.stream.AbstractPipeline.copyInto(AbstractPipeline.java:484)
	at java.base/java.util.stream.AbstractPipeline.wrapAndCopyInto(AbstractPipeline.java:474)
	at java.base/java.util.stream.ReduceOps$ReduceOp.evaluateSequential(ReduceOps.java:913)
	at java.base/java.util.stream.AbstractPipeline.evaluate(AbstractPipeline.java:234)
	at java.base/java.util.stream.ReferencePipeline.collect(ReferencePipeline.java:578)
	at de.uka.ilkd.key.nparser.builder.AbstractBuilder.mapOf(AbstractBuilder.java:112)
	at de.uka.ilkd.key.nparser.builder.IncludeFinder.visitOne_include_statement(IncludeFinder.java:35)
	at de.uka.ilkd.key.nparser.builder.IncludeFinder.visitOne_include_statement(IncludeFinder.java:20)
	at de.uka.ilkd.key.nparser.KeYParser$One_include_statementContext.accept(KeYParser.java:802)
	at org.antlr.v4.runtime.tree.AbstractParseTreeVisitor.visitChildren(AbstractParseTreeVisitor.java:46)
	at de.uka.ilkd.key.nparser.KeYParserBaseVisitor.visitDecls(KeYParserBaseVisitor.java:30)
	at de.uka.ilkd.key.nparser.KeYParser$DeclsContext.accept(KeYParser.java:500)
	at org.antlr.v4.runtime.tree.AbstractParseTreeVisitor.visitChildren(AbstractParseTreeVisitor.java:46)
	at de.uka.ilkd.key.nparser.KeYParserBaseVisitor.visitFile(KeYParserBaseVisitor.java:23)
	at de.uka.ilkd.key.nparser.KeYParser$FileContext.accept(KeYParser.java:306)
	at de.uka.ilkd.key.nparser.KeyAst.accept(KeyAst.java:41)
	at de.uka.ilkd.key.nparser.KeyAst$File.getIncludes(KeyAst.java:76)
	at de.uka.ilkd.key.proof.io.KeYFile.readIncludes(KeYFile.java:208)
	... 14 more
Could not find rule file rules/intRulesCheckedSemantics.key (file: /home/runner/work/key/key/key.core/../key.ui/examples/index/.././heap/polarity_tests/wellformed9.key; caused by: de.uka.ilkd.key.proof.init.ProofInputException: Could not find rule file rules/intRulesCheckedSemantics.key)
	at de.uka.ilkd.key.control.AbstractUserInterfaceControl.load(AbstractUserInterfaceControl.java:221)
	at de.uka.ilkd.key.control.KeYEnvironment.load(KeYEnvironment.java:251)
	at de.uka.ilkd.key.control.KeYEnvironment.load(KeYEnvironment.java:224)
	at de.uka.ilkd.key.control.KeYEnvironment.load(KeYEnvironment.java:184)
	at de.uka.ilkd.key.control.KeYEnvironment.load(KeYEnvironment.java:261)
	at de.uka.ilkd.key.proof.runallproofs.proofcollection.TestFile.load(TestFile.java:270)
	at de.uka.ilkd.key.proof.runallproofs.proofcollection.TestFile.runKey(TestFile.java:160)
	at de.uka.ilkd.key.proof.runallproofs.proofcollection.ForkedTestFileRunner.main(ForkedTestFileRunner.java:171)
Caused by: de.uka.ilkd.key.proof.init.ProofInputException: Could not find rule file rules/intRulesCheckedSemantics.key
	at de.uka.ilkd.key.proof.io.KeYFile.readIncludes(KeYFile.java:210)
	at de.uka.ilkd.key.proof.init.ProblemInitializer.readIncludes(ProblemInitializer.java:177)
	at de.uka.ilkd.key.proof.init.ProblemInitializer.readEnvInput(ProblemInitializer.java:325)
	at de.uka.ilkd.key.proof.init.ProblemInitializer.prepare(ProblemInitializer.java:449)
	at de.uka.ilkd.key.proof.io.AbstractProblemLoader.createInitConfig(AbstractProblemLoader.java:518)
	at de.uka.ilkd.key.proof.io.AbstractProblemLoader.loadEnvironment(AbstractProblemLoader.java:288)
	at de.uka.ilkd.key.proof.io.AbstractProblemLoader.load(AbstractProblemLoader.java:252)
	at de.uka.ilkd.key.control.AbstractUserInterfaceControl.load(AbstractUserInterfaceControl.java:209)
	... 7 more
Caused by: java.lang.RuntimeException: Could not find rule file rules/intRulesCheckedSemantics.key
	at de.uka.ilkd.key.proof.io.RuleSourceFactory.fromBuiltInRule(RuleSourceFactory.java:32)
	at de.uka.ilkd.key.proof.io.RuleSourceFactory.fromDefaultLocation(RuleSourceFactory.java:21)
	at de.uka.ilkd.key.nparser.builder.IncludeFinder.addInclude(IncludeFinder.java:63)
	at de.uka.ilkd.key.nparser.builder.IncludeFinder.visitOne_include(IncludeFinder.java:43)
	at de.uka.ilkd.key.nparser.builder.IncludeFinder.visitOne_include(IncludeFinder.java:20)
	at de.uka.ilkd.key.nparser.KeYParser$One_includeContext.accept(KeYParser.java:878)
	at de.uka.ilkd.key.nparser.builder.AbstractBuilder.lambda$mapOf$0(AbstractBuilder.java:112)
	at java.base/java.util.stream.ReferencePipeline$3$1.accept(ReferencePipeline.java:195)
	at java.base/java.util.ArrayList$ArrayListSpliterator.forEachRemaining(ArrayList.java:1655)
	at java.base/java.util.stream.AbstractPipeline.copyInto(AbstractPipeline.java:484)
	at java.base/java.util.stream.AbstractPipeline.wrapAndCopyInto(AbstractPipeline.java:474)
	at java.base/java.util.stream.ReduceOps$ReduceOp.evaluateSequential(ReduceOps.java:913)
	at java.base/java.util.stream.AbstractPipeline.evaluate(AbstractPipeline.java:234)
	at java.base/java.util.stream.ReferencePipeline.collect(ReferencePipeline.java:578)
	at de.uka.ilkd.key.nparser.builder.AbstractBuilder.mapOf(AbstractBuilder.java:112)
	at de.uka.ilkd.key.nparser.builder.IncludeFinder.visitOne_include_statement(IncludeFinder.java:35)
	at de.uka.ilkd.key.nparser.builder.IncludeFinder.visitOne_include_statement(IncludeFinder.java:20)
	at de.uka.ilkd.key.nparser.KeYParser$One_include_statementContext.accept(KeYParser.java:802)
	at org.antlr.v4.runtime.tree.AbstractParseTreeVisitor.visitChildren(AbstractParseTreeVisitor.java:46)
	at de.uka.ilkd.key.nparser.KeYParserBaseVisitor.visitDecls(KeYParserBaseVisitor.java:30)
	at de.uka.ilkd.key.nparser.KeYParser$DeclsContext.accept(KeYParser.java:500)
	at org.antlr.v4.runtime.tree.AbstractParseTreeVisitor.visitChildren(AbstractParseTreeVisitor.java:46)
	at de.uka.ilkd.key.nparser.KeYParserBaseVisitor.visitFile(KeYParserBaseVisitor.java:23)
	at de.uka.ilkd.key.nparser.KeYParser$FileContext.accept(KeYParser.java:306)
	at de.uka.ilkd.key.nparser.KeyAst.accept(KeyAst.java:41)
	at de.uka.ilkd.key.nparser.KeyAst$File.getIncludes(KeyAst.java:76)
	at de.uka.ilkd.key.proof.io.KeYFile.readIncludes(KeYFile.java:208)
	... 14 more
Could not find rule file rules/intRulesCheckedSemantics.key (file: /home/runner/work/key/key/key.core/../key.ui/examples/index/.././heap/polarity_tests/wellformed10.key; caused by: de.uka.ilkd.key.proof.init.ProofInputException: Could not find rule file rules/intRulesCheckedSemantics.key)
	at de.uka.ilkd.key.control.AbstractUserInterfaceControl.load(AbstractUserInterfaceControl.java:221)
	at de.uka.ilkd.key.control.KeYEnvironment.load(KeYEnvironment.java:251)
	at de.uka.ilkd.key.control.KeYEnvironment.load(KeYEnvironment.java:224)
	at de.uka.ilkd.key.control.KeYEnvironment.load(KeYEnvironment.java:184)
	at de.uka.ilkd.key.control.KeYEnvironment.load(KeYEnvironment.java:261)
	at de.uka.ilkd.key.proof.runallproofs.proofcollection.TestFile.load(TestFile.java:270)
	at de.uka.ilkd.key.proof.runallproofs.proofcollection.TestFile.runKey(TestFile.java:160)
	at de.uka.ilkd.key.proof.runallproofs.proofcollection.ForkedTestFileRunner.main(ForkedTestFileRunner.java:171)
Caused by: de.uka.ilkd.key.proof.init.ProofInputException: Could not find rule file rules/intRulesCheckedSemantics.key
	at de.uka.ilkd.key.proof.io.KeYFile.readIncludes(KeYFile.java:210)
	at de.uka.ilkd.key.proof.init.ProblemInitializer.readIncludes(ProblemInitializer.java:177)
	at de.uka.ilkd.key.proof.init.ProblemInitializer.readEnvInput(ProblemInitializer.java:325)
	at de.uka.ilkd.key.proof.init.ProblemInitializer.prepare(ProblemInitializer.java:449)
	at de.uka.ilkd.key.proof.io.AbstractProblemLoader.createInitConfig(AbstractProblemLoader.java:518)
	at de.uka.ilkd.key.proof.io.AbstractProblemLoader.loadEnvironment(AbstractProblemLoader.java:288)
	at de.uka.ilkd.key.proof.io.AbstractProblemLoader.load(AbstractProblemLoader.java:252)
	at de.uka.ilkd.key.control.AbstractUserInterfaceControl.load(AbstractUserInterfaceControl.java:209)
	... 7 more
Caused by: java.lang.RuntimeException: Could not find rule file rules/intRulesCheckedSemantics.key
	at de.uka.ilkd.key.proof.io.RuleSourceFactory.fromBuiltInRule(RuleSourceFactory.java:32)
	at de.uka.ilkd.key.proof.io.RuleSourceFactory.fromDefaultLocation(RuleSourceFactory.java:21)
	at de.uka.ilkd.key.nparser.builder.IncludeFinder.addInclude(IncludeFinder.java:63)
	at de.uka.ilkd.key.nparser.builder.IncludeFinder.visitOne_include(IncludeFinder.java:43)
	at de.uka.ilkd.key.nparser.builder.IncludeFinder.visitOne_include(IncludeFinder.java:20)
	at de.uka.ilkd.key.nparser.KeYParser$One_includeContext.accept(KeYParser.java:878)
	at de.uka.ilkd.key.nparser.builder.AbstractBuilder.lambda$mapOf$0(AbstractBuilder.java:112)
	at java.base/java.util.stream.ReferencePipeline$3$1.accept(ReferencePipeline.java:195)
	at java.base/java.util.ArrayList$ArrayListSpliterator.forEachRemaining(ArrayList.java:1655)
	at java.base/java.util.stream.AbstractPipeline.copyInto(AbstractPipeline.java:484)
	at java.base/java.util.stream.AbstractPipeline.wrapAndCopyInto(AbstractPipeline.java:474)
	at java.base/java.util.stream.ReduceOps$ReduceOp.evaluateSequential(ReduceOps.java:913)
	at java.base/java.util.stream.AbstractPipeline.evaluate(AbstractPipeline.java:234)
	at java.base/java.util.stream.ReferencePipeline.collect(ReferencePipeline.java:578)
	at de.uka.ilkd.key.nparser.builder.AbstractBuilder.mapOf(AbstractBuilder.java:112)
	at de.uka.ilkd.key.nparser.builder.IncludeFinder.visitOne_include_statement(IncludeFinder.java:35)
	at de.uka.ilkd.key.nparser.builder.IncludeFinder.visitOne_include_statement(IncludeFinder.java:20)
	at de.uka.ilkd.key.nparser.KeYParser$One_include_statementContext.accept(KeYParser.java:802)
	at org.antlr.v4.runtime.tree.AbstractParseTreeVisitor.visitChildren(AbstractParseTreeVisitor.java:46)
	at de.uka.ilkd.key.nparser.KeYParserBaseVisitor.visitDecls(KeYParserBaseVisitor.java:30)
	at de.uka.ilkd.key.nparser.KeYParser$DeclsContext.accept(KeYParser.java:500)
	at org.antlr.v4.runtime.tree.AbstractParseTreeVisitor.visitChildren(AbstractParseTreeVisitor.java:46)
	at de.uka.ilkd.key.nparser.KeYParserBaseVisitor.visitFile(KeYParserBaseVisitor.java:23)
	at de.uka.ilkd.key.nparser.KeYParser$FileContext.accept(KeYParser.java:306)
	at de.uka.ilkd.key.nparser.KeyAst.accept(KeyAst.java:41)
	at de.uka.ilkd.key.nparser.KeyAst$File.getIncludes(KeyAst.java:76)
	at de.uka.ilkd.key.proof.io.KeYFile.readIncludes(KeYFile.java:208)
	... 14 more
Could not find rule file rules/intRulesCheckedSemantics.key (file: /home/runner/work/key/key/key.core/../key.ui/examples/index/.././heap/polarity_tests/wellformed11.key; caused by: de.uka.ilkd.key.proof.init.ProofInputException: Could not find rule file rules/intRulesCheckedSemantics.key)
	at de.uka.ilkd.key.control.AbstractUserInterfaceControl.load(AbstractUserInterfaceControl.java:221)
	at de.uka.ilkd.key.control.KeYEnvironment.load(KeYEnvironment.java:251)
	at de.uka.ilkd.key.control.KeYEnvironment.load(KeYEnvironment.java:224)
	at de.uka.ilkd.key.control.KeYEnvironment.load(KeYEnvironment.java:184)
	at de.uka.ilkd.key.control.KeYEnvironment.load(KeYEnvironment.java:261)
	at de.uka.ilkd.key.proof.runallproofs.proofcollection.TestFile.load(TestFile.java:270)
	at de.uka.ilkd.key.proof.runallproofs.proofcollection.TestFile.runKey(TestFile.java:160)
	at de.uka.ilkd.key.proof.runallproofs.proofcollection.ForkedTestFileRunner.main(ForkedTestFileRunner.java:171)
Caused by: de.uka.ilkd.key.proof.init.ProofInputException: Could not find rule file rules/intRulesCheckedSemantics.key
	at de.uka.ilkd.key.proof.io.KeYFile.readIncludes(KeYFile.java:210)
	at de.uka.ilkd.key.proof.init.ProblemInitializer.readIncludes(ProblemInitializer.java:177)
	at de.uka.ilkd.key.proof.init.ProblemInitializer.readEnvInput(ProblemInitializer.java:325)
	at de.uka.ilkd.key.proof.init.ProblemInitializer.prepare(ProblemInitializer.java:449)
	at de.uka.ilkd.key.proof.io.AbstractProblemLoader.createInitConfig(AbstractProblemLoader.java:518)
	at de.uka.ilkd.key.proof.io.AbstractProblemLoader.loadEnvironment(AbstractProblemLoader.java:288)
	at de.uka.ilkd.key.proof.io.AbstractProblemLoader.load(AbstractProblemLoader.java:252)
	at de.uka.ilkd.key.control.AbstractUserInterfaceControl.load(AbstractUserInterfaceControl.java:209)
	... 7 more
Caused by: java.lang.RuntimeException: Could not find rule file rules/intRulesCheckedSemantics.key
	at de.uka.ilkd.key.proof.io.RuleSourceFactory.fromBuiltInRule(RuleSourceFactory.java:32)
	at de.uka.ilkd.key.proof.io.RuleSourceFactory.fromDefaultLocation(RuleSourceFactory.java:21)
	at de.uka.ilkd.key.nparser.builder.IncludeFinder.addInclude(IncludeFinder.java:63)
	at de.uka.ilkd.key.nparser.builder.IncludeFinder.visitOne_include(IncludeFinder.java:43)
	at de.uka.ilkd.key.nparser.builder.IncludeFinder.visitOne_include(IncludeFinder.java:20)
	at de.uka.ilkd.key.nparser.KeYParser$One_includeContext.accept(KeYParser.java:878)
	at de.uka.ilkd.key.nparser.builder.AbstractBuilder.lambda$mapOf$0(AbstractBuilder.java:112)
	at java.base/java.util.stream.ReferencePipeline$3$1.accept(ReferencePipeline.java:195)
	at java.base/java.util.ArrayList$ArrayListSpliterator.forEachRemaining(ArrayList.java:1655)
	at java.base/java.util.stream.AbstractPipeline.copyInto(AbstractPipeline.java:484)
	at java.base/java.util.stream.AbstractPipeline.wrapAndCopyInto(AbstractPipeline.java:474)
	at java.base/java.util.stream.ReduceOps$ReduceOp.evaluateSequential(ReduceOps.java:913)
	at java.base/java.util.stream.AbstractPipeline.evaluate(AbstractPipeline.java:234)
	at java.base/java.util.stream.ReferencePipeline.collect(ReferencePipeline.java:578)
	at de.uka.ilkd.key.nparser.builder.AbstractBuilder.mapOf(AbstractBuilder.java:112)
	at de.uka.ilkd.key.nparser.builder.IncludeFinder.visitOne_include_statement(IncludeFinder.java:35)
	at de.uka.ilkd.key.nparser.builder.IncludeFinder.visitOne_include_statement(IncludeFinder.java:20)
	at de.uka.ilkd.key.nparser.KeYParser$One_include_statementContext.accept(KeYParser.java:802)
	at org.antlr.v4.runtime.tree.AbstractParseTreeVisitor.visitChildren(AbstractParseTreeVisitor.java:46)
	at de.uka.ilkd.key.nparser.KeYParserBaseVisitor.visitDecls(KeYParserBaseVisitor.java:30)
	at de.uka.ilkd.key.nparser.KeYParser$DeclsContext.accept(KeYParser.java:500)
	at org.antlr.v4.runtime.tree.AbstractParseTreeVisitor.visitChildren(AbstractParseTreeVisitor.java:46)
	at de.uka.ilkd.key.nparser.KeYParserBaseVisitor.visitFile(KeYParserBaseVisitor.java:23)
	at de.uka.ilkd.key.nparser.KeYParser$FileContext.accept(KeYParser.java:306)
	at de.uka.ilkd.key.nparser.KeyAst.accept(KeyAst.java:41)
	at de.uka.ilkd.key.nparser.KeyAst$File.getIncludes(KeyAst.java:76)
	at de.uka.ilkd.key.proof.io.KeYFile.readIncludes(KeYFile.java:208)
	... 14 more
Exception in thread "main" org.opentest4j.AssertionFailedError: Exception during the execution of proofs. See log for more details.
	at org.junit.jupiter.api.AssertionUtils.fail(AssertionUtils.java:39)
	at org.junit.jupiter.api.Assertions.fail(Assertions.java:134)
	at de.uka.ilkd.key.proof.runallproofs.proofcollection.ForkedTestFileRunner.main(ForkedTestFileRunner.java:192)
Timeout watcher launched (2000 secs.)
Could not find rule file rules/intRulesCheckedSemantics.key (file: /home/runner/work/key/key/key.core/../key.ui/examples/index/.././heap/block_contracts/Simple__add.key; caused by: de.uka.ilkd.key.proof.init.ProofInputException: Could not find rule file rules/intRulesCheckedSemantics.key)
	at de.uka.ilkd.key.control.AbstractUserInterfaceControl.load(AbstractUserInterfaceControl.java:221)
	at de.uka.ilkd.key.control.KeYEnvironment.load(KeYEnvironment.java:251)
	at de.uka.ilkd.key.control.KeYEnvironment.load(KeYEnvironment.java:224)
	at de.uka.ilkd.key.control.KeYEnvironment.load(KeYEnvironment.java:184)
	at de.uka.ilkd.key.control.KeYEnvironment.load(KeYEnvironment.java:261)
	at de.uka.ilkd.key.proof.runallproofs.proofcollection.TestFile.load(TestFile.java:270)
	at de.uka.ilkd.key.proof.runallproofs.proofcollection.TestFile.runKey(TestFile.java:160)
	at de.uka.ilkd.key.proof.runallproofs.proofcollection.ForkedTestFileRunner.main(ForkedTestFileRunner.java:171)
Caused by: de.uka.ilkd.key.proof.init.ProofInputException: Could not find rule file rules/intRulesCheckedSemantics.key
	at de.uka.ilkd.key.proof.io.KeYFile.readIncludes(KeYFile.java:210)
	at de.uka.ilkd.key.proof.init.ProblemInitializer.readIncludes(ProblemInitializer.java:177)
	at de.uka.ilkd.key.proof.init.ProblemInitializer.readEnvInput(ProblemInitializer.java:325)
	at de.uka.ilkd.key.proof.init.ProblemInitializer.prepare(ProblemInitializer.java:449)
	at de.uka.ilkd.key.proof.io.AbstractProblemLoader.createInitConfig(AbstractProblemLoader.java:518)
	at de.uka.ilkd.key.proof.io.AbstractProblemLoader.loadEnvironment(AbstractProblemLoader.java:288)
	at de.uka.ilkd.key.proof.io.AbstractProblemLoader.load(AbstractProblemLoader.java:252)
	at de.uka.ilkd.key.control.AbstractUserInterfaceControl.load(AbstractUserInterfaceControl.java:209)
	... 7 more
Caused by: java.lang.RuntimeException: Could not find rule file rules/intRulesCheckedSemantics.key
	at de.uka.ilkd.key.proof.io.RuleSourceFactory.fromBuiltInRule(RuleSourceFactory.java:32)
	at de.uka.ilkd.key.proof.io.RuleSourceFactory.fromDefaultLocation(RuleSourceFactory.java:21)
	at de.uka.ilkd.key.nparser.builder.IncludeFinder.addInclude(IncludeFinder.java:63)
	at de.uka.ilkd.key.nparser.builder.IncludeFinder.visitOne_include(IncludeFinder.java:43)
	at de.uka.ilkd.key.nparser.builder.IncludeFinder.visitOne_include(IncludeFinder.java:20)
	at de.uka.ilkd.key.nparser.KeYParser$One_includeContext.accept(KeYParser.java:878)
	at de.uka.ilkd.key.nparser.builder.AbstractBuilder.lambda$mapOf$0(AbstractBuilder.java:112)
	at java.base/java.util.stream.ReferencePipeline$3$1.accept(ReferencePipeline.java:195)
	at java.base/java.util.ArrayList$ArrayListSpliterator.forEachRemaining(ArrayList.java:1655)
	at java.base/java.util.stream.AbstractPipeline.copyInto(AbstractPipeline.java:484)
	at java.base/java.util.stream.AbstractPipeline.wrapAndCopyInto(AbstractPipeline.java:474)
	at java.base/java.util.stream.ReduceOps$ReduceOp.evaluateSequential(ReduceOps.java:913)
	at java.base/java.util.stream.AbstractPipeline.evaluate(AbstractPipeline.java:234)
	at java.base/java.util.stream.ReferencePipeline.collect(ReferencePipeline.java:578)
	at de.uka.ilkd.key.nparser.builder.AbstractBuilder.mapOf(AbstractBuilder.java:112)
	at de.uka.ilkd.key.nparser.builder.IncludeFinder.visitOne_include_statement(IncludeFinder.java:35)
	at de.uka.ilkd.key.nparser.builder.IncludeFinder.visitOne_include_statement(IncludeFinder.java:20)
	at de.uka.ilkd.key.nparser.KeYParser$One_include_statementContext.accept(KeYParser.java:802)
	at org.antlr.v4.runtime.tree.AbstractParseTreeVisitor.visitChildren(AbstractParseTreeVisitor.java:46)
	at de.uka.ilkd.key.nparser.KeYParserBaseVisitor.visitDecls(KeYParserBaseVisitor.java:30)
	at de.uka.ilkd.key.nparser.KeYParser$DeclsContext.accept(KeYParser.java:500)
	at org.antlr.v4.runtime.tree.AbstractParseTreeVisitor.visitChildren(AbstractParseTreeVisitor.java:46)
	at de.uka.ilkd.key.nparser.KeYParserBaseVisitor.visitFile(KeYParserBaseVisitor.java:23)
	at de.uka.ilkd.key.nparser.KeYParser$FileContext.accept(KeYParser.java:306)
	at de.uka.ilkd.key.nparser.KeyAst.accept(KeyAst.java:41)
	at de.uka.ilkd.key.nparser.KeyAst$File.getIncludes(KeyAst.java:76)
	at de.uka.ilkd.key.proof.io.KeYFile.readIncludes(KeYFile.java:208)
	... 14 more
Could not find rule file rules/intRulesCheckedSemantics.key (file: /home/runner/work/key/key/key.core/../key.ui/examples/index/.././heap/block_contracts/Simple__addAbsoluteValues.key; caused by: de.uka.ilkd.key.proof.init.ProofInputException: Could not find rule file rules/intRulesCheckedSemantics.key)
	at de.uka.ilkd.key.control.AbstractUserInterfaceControl.load(AbstractUserInterfaceControl.java:221)
	at de.uka.ilkd.key.control.KeYEnvironment.load(KeYEnvironment.java:251)
	at de.uka.ilkd.key.control.KeYEnvironment.load(KeYEnvironment.java:224)
	at de.uka.ilkd.key.control.KeYEnvironment.load(KeYEnvironment.java:184)
	at de.uka.ilkd.key.control.KeYEnvironment.load(KeYEnvironment.java:261)
	at de.uka.ilkd.key.proof.runallproofs.proofcollection.TestFile.load(TestFile.java:270)
	at de.uka.ilkd.key.proof.runallproofs.proofcollection.TestFile.runKey(TestFile.java:160)
	at de.uka.ilkd.key.proof.runallproofs.proofcollection.ForkedTestFileRunner.main(ForkedTestFileRunner.java:171)
Caused by: de.uka.ilkd.key.proof.init.ProofInputException: Could not find rule file rules/intRulesCheckedSemantics.key
	at de.uka.ilkd.key.proof.io.KeYFile.readIncludes(KeYFile.java:210)
	at de.uka.ilkd.key.proof.init.ProblemInitializer.readIncludes(ProblemInitializer.java:177)
	at de.uka.ilkd.key.proof.init.ProblemInitializer.readEnvInput(ProblemInitializer.java:325)
	at de.uka.ilkd.key.proof.init.ProblemInitializer.prepare(ProblemInitializer.java:449)
	at de.uka.ilkd.key.proof.io.AbstractProblemLoader.createInitConfig(AbstractProblemLoader.java:518)
	at de.uka.ilkd.key.proof.io.AbstractProblemLoader.loadEnvironment(AbstractProblemLoader.java:288)
	at de.uka.ilkd.key.proof.io.AbstractProblemLoader.load(AbstractProblemLoader.java:252)
	at de.uka.ilkd.key.control.AbstractUserInterfaceControl.load(AbstractUserInterfaceControl.java:209)
	... 7 more
Caused by: java.lang.RuntimeException: Could not find rule file rules/intRulesCheckedSemantics.key
	at de.uka.ilkd.key.proof.io.RuleSourceFactory.fromBuiltInRule(RuleSourceFactory.java:32)
	at de.uka.ilkd.key.proof.io.RuleSourceFactory.fromDefaultLocation(RuleSourceFactory.java:21)
	at de.uka.ilkd.key.nparser.builder.IncludeFinder.addInclude(IncludeFinder.java:63)
	at de.uka.ilkd.key.nparser.builder.IncludeFinder.visitOne_include(IncludeFinder.java:43)
	at de.uka.ilkd.key.nparser.builder.IncludeFinder.visitOne_include(IncludeFinder.java:20)
	at de.uka.ilkd.key.nparser.KeYParser$One_includeContext.accept(KeYParser.java:878)
	at de.uka.ilkd.key.nparser.builder.AbstractBuilder.lambda$mapOf$0(AbstractBuilder.java:112)
	at java.base/java.util.stream.ReferencePipeline$3$1.accept(ReferencePipeline.java:195)
	at java.base/java.util.ArrayList$ArrayListSpliterator.forEachRemaining(ArrayList.java:1655)
	at java.base/java.util.stream.AbstractPipeline.copyInto(AbstractPipeline.java:484)
	at java.base/java.util.stream.AbstractPipeline.wrapAndCopyInto(AbstractPipeline.java:474)
	at java.base/java.util.stream.ReduceOps$ReduceOp.evaluateSequential(ReduceOps.java:913)
	at java.base/java.util.stream.AbstractPipeline.evaluate(AbstractPipeline.java:234)
	at java.base/java.util.stream.ReferencePipeline.collect(ReferencePipeline.java:578)
	at de.uka.ilkd.key.nparser.builder.AbstractBuilder.mapOf(AbstractBuilder.java:112)
	at de.uka.ilkd.key.nparser.builder.IncludeFinder.visitOne_include_statement(IncludeFinder.java:35)
	at de.uka.ilkd.key.nparser.builder.IncludeFinder.visitOne_include_statement(IncludeFinder.java:20)
	at de.uka.ilkd.key.nparser.KeYParser$One_include_statementContext.accept(KeYParser.java:802)
	at org.antlr.v4.runtime.tree.AbstractParseTreeVisitor.visitChildren(AbstractParseTreeVisitor.java:46)
	at de.uka.ilkd.key.nparser.KeYParserBaseVisitor.visitDecls(KeYParserBaseVisitor.java:30)
	at de.uka.ilkd.key.nparser.KeYParser$DeclsContext.accept(KeYParser.java:500)
	at org.antlr.v4.runtime.tree.AbstractParseTreeVisitor.visitChildren(AbstractParseTreeVisitor.java:46)
	at de.uka.ilkd.key.nparser.KeYParserBaseVisitor.visitFile(KeYParserBaseVisitor.java:23)
	at de.uka.ilkd.key.nparser.KeYParser$FileContext.accept(KeYParser.java:306)
	at de.uka.ilkd.key.nparser.KeyAst.accept(KeyAst.java:41)
	at de.uka.ilkd.key.nparser.KeyAst$File.getIncludes(KeyAst.java:76)
	at de.uka.ilkd.key.proof.io.KeYFile.readIncludes(KeYFile.java:208)
	... 14 more
Could not find rule file rules/intRulesCheckedSemantics.key (file: /home/runner/work/key/key/key.core/../key.ui/examples/index/.././heap/block_contracts/Simple__addWithJump.key; caused by: de.uka.ilkd.key.proof.init.ProofInputException: Could not find rule file rules/intRulesCheckedSemantics.key)
	at de.uka.ilkd.key.control.AbstractUserInterfaceControl.load(AbstractUserInterfaceControl.java:221)
	at de.uka.ilkd.key.control.KeYEnvironment.load(KeYEnvironment.java:251)
	at de.uka.ilkd.key.control.KeYEnvironment.load(KeYEnvironment.java:224)
	at de.uka.ilkd.key.control.KeYEnvironment.load(KeYEnvironment.java:184)
	at de.uka.ilkd.key.control.KeYEnvironment.load(KeYEnvironment.java:261)
	at de.uka.ilkd.key.proof.runallproofs.proofcollection.TestFile.load(TestFile.java:270)
	at de.uka.ilkd.key.proof.runallproofs.proofcollection.TestFile.runKey(TestFile.java:160)
	at de.uka.ilkd.key.proof.runallproofs.proofcollection.ForkedTestFileRunner.main(ForkedTestFileRunner.java:171)
Caused by: de.uka.ilkd.key.proof.init.ProofInputException: Could not find rule file rules/intRulesCheckedSemantics.key
	at de.uka.ilkd.key.proof.io.KeYFile.readIncludes(KeYFile.java:210)
	at de.uka.ilkd.key.proof.init.ProblemInitializer.readIncludes(ProblemInitializer.java:177)
	at de.uka.ilkd.key.proof.init.ProblemInitializer.readEnvInput(ProblemInitializer.java:325)
	at de.uka.ilkd.key.proof.init.ProblemInitializer.prepare(ProblemInitializer.java:449)
	at de.uka.ilkd.key.proof.io.AbstractProblemLoader.createInitConfig(AbstractProblemLoader.java:518)
	at de.uka.ilkd.key.proof.io.AbstractProblemLoader.loadEnvironment(AbstractProblemLoader.java:288)
	at de.uka.ilkd.key.proof.io.AbstractProblemLoader.load(AbstractProblemLoader.java:252)
	at de.uka.ilkd.key.control.AbstractUserInterfaceControl.load(AbstractUserInterfaceControl.java:209)
	... 7 more
Caused by: java.lang.RuntimeException: Could not find rule file rules/intRulesCheckedSemantics.key
	at de.uka.ilkd.key.proof.io.RuleSourceFactory.fromBuiltInRule(RuleSourceFactory.java:32)
	at de.uka.ilkd.key.proof.io.RuleSourceFactory.fromDefaultLocation(RuleSourceFactory.java:21)
	at de.uka.ilkd.key.nparser.builder.IncludeFinder.addInclude(IncludeFinder.java:63)
	at de.uka.ilkd.key.nparser.builder.IncludeFinder.visitOne_include(IncludeFinder.java:43)
	at de.uka.ilkd.key.nparser.builder.IncludeFinder.visitOne_include(IncludeFinder.java:20)
	at de.uka.ilkd.key.nparser.KeYParser$One_includeContext.accept(KeYParser.java:878)
	at de.uka.ilkd.key.nparser.builder.AbstractBuilder.lambda$mapOf$0(AbstractBuilder.java:112)
	at java.base/java.util.stream.ReferencePipeline$3$1.accept(ReferencePipeline.java:195)
	at java.base/java.util.ArrayList$ArrayListSpliterator.forEachRemaining(ArrayList.java:1655)
	at java.base/java.util.stream.AbstractPipeline.copyInto(AbstractPipeline.java:484)
	at java.base/java.util.stream.AbstractPipeline.wrapAndCopyInto(AbstractPipeline.java:474)
	at java.base/java.util.stream.ReduceOps$ReduceOp.evaluateSequential(ReduceOps.java:913)
	at java.base/java.util.stream.AbstractPipeline.evaluate(AbstractPipeline.java:234)
	at java.base/java.util.stream.ReferencePipeline.collect(ReferencePipeline.java:578)
	at de.uka.ilkd.key.nparser.builder.AbstractBuilder.mapOf(AbstractBuilder.java:112)
	at de.uka.ilkd.key.nparser.builder.IncludeFinder.visitOne_include_statement(IncludeFinder.java:35)
	at de.uka.ilkd.key.nparser.builder.IncludeFinder.visitOne_include_statement(IncludeFinder.java:20)
	at de.uka.ilkd.key.nparser.KeYParser$One_include_statementContext.accept(KeYParser.java:802)
	at org.antlr.v4.runtime.tree.AbstractParseTreeVisitor.visitChildren(AbstractParseTreeVisitor.java:46)
	at de.uka.ilkd.key.nparser.KeYParserBaseVisitor.visitDecls(KeYParserBaseVisitor.java:30)
	at de.uka.ilkd.key.nparser.KeYParser$DeclsContext.accept(KeYParser.java:500)
	at org.antlr.v4.runtime.tree.AbstractParseTreeVisitor.visitChildren(AbstractParseTreeVisitor.java:46)
	at de.uka.ilkd.key.nparser.KeYParserBaseVisitor.visitFile(KeYParserBaseVisitor.java:23)
	at de.uka.ilkd.key.nparser.KeYParser$FileContext.accept(KeYParser.java:306)
	at de.uka.ilkd.key.nparser.KeyAst.accept(KeyAst.java:41)
	at de.uka.ilkd.key.nparser.KeyAst$File.getIncludes(KeyAst.java:76)
	at de.uka.ilkd.key.proof.io.KeYFile.readIncludes(KeYFile.java:208)
	... 14 more
Could not find rule file rules/intRulesCheckedSemantics.key (file: /home/runner/work/key/key/key.core/../key.ui/examples/index/.././heap/block_contracts/Simple__addWithTwoBlockContracts.key; caused by: de.uka.ilkd.key.proof.init.ProofInputException: Could not find rule file rules/intRulesCheckedSemantics.key)
	at de.uka.ilkd.key.control.AbstractUserInterfaceControl.load(AbstractUserInterfaceControl.java:221)
	at de.uka.ilkd.key.control.KeYEnvironment.load(KeYEnvironment.java:251)
	at de.uka.ilkd.key.control.KeYEnvironment.load(KeYEnvironment.java:224)
	at de.uka.ilkd.key.control.KeYEnvironment.load(KeYEnvironment.java:184)
	at de.uka.ilkd.key.control.KeYEnvironment.load(KeYEnvironment.java:261)
	at de.uka.ilkd.key.proof.runallproofs.proofcollection.TestFile.load(TestFile.java:270)
	at de.uka.ilkd.key.proof.runallproofs.proofcollection.TestFile.runKey(TestFile.java:160)
	at de.uka.ilkd.key.proof.runallproofs.proofcollection.ForkedTestFileRunner.main(ForkedTestFileRunner.java:171)
Caused by: de.uka.ilkd.key.proof.init.ProofInputException: Could not find rule file rules/intRulesCheckedSemantics.key
	at de.uka.ilkd.key.proof.io.KeYFile.readIncludes(KeYFile.java:210)
	at de.uka.ilkd.key.proof.init.ProblemInitializer.readIncludes(ProblemInitializer.java:177)
	at de.uka.ilkd.key.proof.init.ProblemInitializer.readEnvInput(ProblemInitializer.java:325)
	at de.uka.ilkd.key.proof.init.ProblemInitializer.prepare(ProblemInitializer.java:449)
	at de.uka.ilkd.key.proof.io.AbstractProblemLoader.createInitConfig(AbstractProblemLoader.java:518)
	at de.uka.ilkd.key.proof.io.AbstractProblemLoader.loadEnvironment(AbstractProblemLoader.java:288)
	at de.uka.ilkd.key.proof.io.AbstractProblemLoader.load(AbstractProblemLoader.java:252)
	at de.uka.ilkd.key.control.AbstractUserInterfaceControl.load(AbstractUserInterfaceControl.java:209)
	... 7 more
Caused by: java.lang.RuntimeException: Could not find rule file rules/intRulesCheckedSemantics.key
	at de.uka.ilkd.key.proof.io.RuleSourceFactory.fromBuiltInRule(RuleSourceFactory.java:32)
	at de.uka.ilkd.key.proof.io.RuleSourceFactory.fromDefaultLocation(RuleSourceFactory.java:21)
	at de.uka.ilkd.key.nparser.builder.IncludeFinder.addInclude(IncludeFinder.java:63)
	at de.uka.ilkd.key.nparser.builder.IncludeFinder.visitOne_include(IncludeFinder.java:43)
	at de.uka.ilkd.key.nparser.builder.IncludeFinder.visitOne_include(IncludeFinder.java:20)
	at de.uka.ilkd.key.nparser.KeYParser$One_includeContext.accept(KeYParser.java:878)
	at de.uka.ilkd.key.nparser.builder.AbstractBuilder.lambda$mapOf$0(AbstractBuilder.java:112)
	at java.base/java.util.stream.ReferencePipeline$3$1.accept(ReferencePipeline.java:195)
	at java.base/java.util.ArrayList$ArrayListSpliterator.forEachRemaining(ArrayList.java:1655)
	at java.base/java.util.stream.AbstractPipeline.copyInto(AbstractPipeline.java:484)
	at java.base/java.util.stream.AbstractPipeline.wrapAndCopyInto(AbstractPipeline.java:474)
	at java.base/java.util.stream.ReduceOps$ReduceOp.evaluateSequential(ReduceOps.java:913)
	at java.base/java.util.stream.AbstractPipeline.evaluate(AbstractPipeline.java:234)
	at java.base/java.util.stream.ReferencePipeline.collect(ReferencePipeline.java:578)
	at de.uka.ilkd.key.nparser.builder.AbstractBuilder.mapOf(AbstractBuilder.java:112)
	at de.uka.ilkd.key.nparser.builder.IncludeFinder.visitOne_include_statement(IncludeFinder.java:35)
	at de.uka.ilkd.key.nparser.builder.IncludeFinder.visitOne_include_statement(IncludeFinder.java:20)
	at de.uka.ilkd.key.nparser.KeYParser$One_include_statementContext.accept(KeYParser.java:802)
	at org.antlr.v4.runtime.tree.AbstractParseTreeVisitor.visitChildren(AbstractParseTreeVisitor.java:46)
	at de.uka.ilkd.key.nparser.KeYParserBaseVisitor.visitDecls(KeYParserBaseVisitor.java:30)
	at de.uka.ilkd.key.nparser.KeYParser$DeclsContext.accept(KeYParser.java:500)
	at org.antlr.v4.runtime.tree.AbstractParseTreeVisitor.visitChildren(AbstractParseTreeVisitor.java:46)
	at de.uka.ilkd.key.nparser.KeYParserBaseVisitor.visitFile(KeYParserBaseVisitor.java:23)
	at de.uka.ilkd.key.nparser.KeYParser$FileContext.accept(KeYParser.java:306)
	at de.uka.ilkd.key.nparser.KeyAst.accept(KeyAst.java:41)
	at de.uka.ilkd.key.nparser.KeyAst$File.getIncludes(KeyAst.java:76)
	at de.uka.ilkd.key.proof.io.KeYFile.readIncludes(KeYFile.java:208)
	... 14 more
Could not find rule file rules/intRulesCheckedSemantics.key (file: /home/runner/work/key/key/key.core/../key.ui/examples/index/.././heap/block_contracts/Simple__generateByteArray.key; caused by: de.uka.ilkd.key.proof.init.ProofInputException: Could not find rule file rules/intRulesCheckedSemantics.key)
	at de.uka.ilkd.key.control.AbstractUserInterfaceControl.load(AbstractUserInterfaceControl.java:221)
	at de.uka.ilkd.key.control.KeYEnvironment.load(KeYEnvironment.java:251)
	at de.uka.ilkd.key.control.KeYEnvironment.load(KeYEnvironment.java:224)
	at de.uka.ilkd.key.control.KeYEnvironment.load(KeYEnvironment.java:184)
	at de.uka.ilkd.key.control.KeYEnvironment.load(KeYEnvironment.java:261)
	at de.uka.ilkd.key.proof.runallproofs.proofcollection.TestFile.load(TestFile.java:270)
	at de.uka.ilkd.key.proof.runallproofs.proofcollection.TestFile.runKey(TestFile.java:160)
	at de.uka.ilkd.key.proof.runallproofs.proofcollection.ForkedTestFileRunner.main(ForkedTestFileRunner.java:171)
Caused by: de.uka.ilkd.key.proof.init.ProofInputException: Could not find rule file rules/intRulesCheckedSemantics.key
	at de.uka.ilkd.key.proof.io.KeYFile.readIncludes(KeYFile.java:210)
	at de.uka.ilkd.key.proof.init.ProblemInitializer.readIncludes(ProblemInitializer.java:177)
	at de.uka.ilkd.key.proof.init.ProblemInitializer.readEnvInput(ProblemInitializer.java:325)
	at de.uka.ilkd.key.proof.init.ProblemInitializer.prepare(ProblemInitializer.java:449)
	at de.uka.ilkd.key.proof.io.AbstractProblemLoader.createInitConfig(AbstractProblemLoader.java:518)
	at de.uka.ilkd.key.proof.io.AbstractProblemLoader.loadEnvironment(AbstractProblemLoader.java:288)
	at de.uka.ilkd.key.proof.io.AbstractProblemLoader.load(AbstractProblemLoader.java:252)
	at de.uka.ilkd.key.control.AbstractUserInterfaceControl.load(AbstractUserInterfaceControl.java:209)
	... 7 more
Caused by: java.lang.RuntimeException: Could not find rule file rules/intRulesCheckedSemantics.key
	at de.uka.ilkd.key.proof.io.RuleSourceFactory.fromBuiltInRule(RuleSourceFactory.java:32)
	at de.uka.ilkd.key.proof.io.RuleSourceFactory.fromDefaultLocation(RuleSourceFactory.java:21)
	at de.uka.ilkd.key.nparser.builder.IncludeFinder.addInclude(IncludeFinder.java:63)
	at de.uka.ilkd.key.nparser.builder.IncludeFinder.visitOne_include(IncludeFinder.java:43)
	at de.uka.ilkd.key.nparser.builder.IncludeFinder.visitOne_include(IncludeFinder.java:20)
	at de.uka.ilkd.key.nparser.KeYParser$One_includeContext.accept(KeYParser.java:878)
	at de.uka.ilkd.key.nparser.builder.AbstractBuilder.lambda$mapOf$0(AbstractBuilder.java:112)
	at java.base/java.util.stream.ReferencePipeline$3$1.accept(ReferencePipeline.java:195)
	at java.base/java.util.ArrayList$ArrayListSpliterator.forEachRemaining(ArrayList.java:1655)
	at java.base/java.util.stream.AbstractPipeline.copyInto(AbstractPipeline.java:484)
	at java.base/java.util.stream.AbstractPipeline.wrapAndCopyInto(AbstractPipeline.java:474)
	at java.base/java.util.stream.ReduceOps$ReduceOp.evaluateSequential(ReduceOps.java:913)
	at java.base/java.util.stream.AbstractPipeline.evaluate(AbstractPipeline.java:234)
	at java.base/java.util.stream.ReferencePipeline.collect(ReferencePipeline.java:578)
	at de.uka.ilkd.key.nparser.builder.AbstractBuilder.mapOf(AbstractBuilder.java:112)
	at de.uka.ilkd.key.nparser.builder.IncludeFinder.visitOne_include_statement(IncludeFinder.java:35)
	at de.uka.ilkd.key.nparser.builder.IncludeFinder.visitOne_include_statement(IncludeFinder.java:20)
	at de.uka.ilkd.key.nparser.KeYParser$One_include_statementContext.accept(KeYParser.java:802)
	at org.antlr.v4.runtime.tree.AbstractParseTreeVisitor.visitChildren(AbstractParseTreeVisitor.java:46)
	at de.uka.ilkd.key.nparser.KeYParserBaseVisitor.visitDecls(KeYParserBaseVisitor.java:30)
	at de.uka.ilkd.key.nparser.KeYParser$DeclsContext.accept(KeYParser.java:500)
	at org.antlr.v4.runtime.tree.AbstractParseTreeVisitor.visitChildren(AbstractParseTreeVisitor.java:46)
	at de.uka.ilkd.key.nparser.KeYParserBaseVisitor.visitFile(KeYParserBaseVisitor.java:23)
	at de.uka.ilkd.key.nparser.KeYParser$FileContext.accept(KeYParser.java:306)
	at de.uka.ilkd.key.nparser.KeyAst.accept(KeyAst.java:41)
	at de.uka.ilkd.key.nparser.KeyAst$File.getIncludes(KeyAst.java:76)
	at de.uka.ilkd.key.proof.io.KeYFile.readIncludes(KeYFile.java:208)
	... 14 more
Could not find rule file rules/intRulesCheckedSemantics.key (file: /home/runner/work/key/key/key.core/../key.ui/examples/index/.././heap/block_contracts/Simple__getLength.key; caused by: de.uka.ilkd.key.proof.init.ProofInputException: Could not find rule file rules/intRulesCheckedSemantics.key)
	at de.uka.ilkd.key.control.AbstractUserInterfaceControl.load(AbstractUserInterfaceControl.java:221)
	at de.uka.ilkd.key.control.KeYEnvironment.load(KeYEnvironment.java:251)
	at de.uka.ilkd.key.control.KeYEnvironment.load(KeYEnvironment.java:224)
	at de.uka.ilkd.key.control.KeYEnvironment.load(KeYEnvironment.java:184)
	at de.uka.ilkd.key.control.KeYEnvironment.load(KeYEnvironment.java:261)
	at de.uka.ilkd.key.proof.runallproofs.proofcollection.TestFile.load(TestFile.java:270)
	at de.uka.ilkd.key.proof.runallproofs.proofcollection.TestFile.runKey(TestFile.java:160)
	at de.uka.ilkd.key.proof.runallproofs.proofcollection.ForkedTestFileRunner.main(ForkedTestFileRunner.java:171)
Caused by: de.uka.ilkd.key.proof.init.ProofInputException: Could not find rule file rules/intRulesCheckedSemantics.key
	at de.uka.ilkd.key.proof.io.KeYFile.readIncludes(KeYFile.java:210)
	at de.uka.ilkd.key.proof.init.ProblemInitializer.readIncludes(ProblemInitializer.java:177)
	at de.uka.ilkd.key.proof.init.ProblemInitializer.readEnvInput(ProblemInitializer.java:325)
	at de.uka.ilkd.key.proof.init.ProblemInitializer.prepare(ProblemInitializer.java:449)
	at de.uka.ilkd.key.proof.io.AbstractProblemLoader.createInitConfig(AbstractProblemLoader.java:518)
	at de.uka.ilkd.key.proof.io.AbstractProblemLoader.loadEnvironment(AbstractProblemLoader.java:288)
	at de.uka.ilkd.key.proof.io.AbstractProblemLoader.load(AbstractProblemLoader.java:252)
	at de.uka.ilkd.key.control.AbstractUserInterfaceControl.load(AbstractUserInterfaceControl.java:209)
	... 7 more
Caused by: java.lang.RuntimeException: Could not find rule file rules/intRulesCheckedSemantics.key
	at de.uka.ilkd.key.proof.io.RuleSourceFactory.fromBuiltInRule(RuleSourceFactory.java:32)
	at de.uka.ilkd.key.proof.io.RuleSourceFactory.fromDefaultLocation(RuleSourceFactory.java:21)
	at de.uka.ilkd.key.nparser.builder.IncludeFinder.addInclude(IncludeFinder.java:63)
	at de.uka.ilkd.key.nparser.builder.IncludeFinder.visitOne_include(IncludeFinder.java:43)
	at de.uka.ilkd.key.nparser.builder.IncludeFinder.visitOne_include(IncludeFinder.java:20)
	at de.uka.ilkd.key.nparser.KeYParser$One_includeContext.accept(KeYParser.java:878)
	at de.uka.ilkd.key.nparser.builder.AbstractBuilder.lambda$mapOf$0(AbstractBuilder.java:112)
	at java.base/java.util.stream.ReferencePipeline$3$1.accept(ReferencePipeline.java:195)
	at java.base/java.util.ArrayList$ArrayListSpliterator.forEachRemaining(ArrayList.java:1655)
	at java.base/java.util.stream.AbstractPipeline.copyInto(AbstractPipeline.java:484)
	at java.base/java.util.stream.AbstractPipeline.wrapAndCopyInto(AbstractPipeline.java:474)
	at java.base/java.util.stream.ReduceOps$ReduceOp.evaluateSequential(ReduceOps.java:913)
	at java.base/java.util.stream.AbstractPipeline.evaluate(AbstractPipeline.java:234)
	at java.base/java.util.stream.ReferencePipeline.collect(ReferencePipeline.java:578)
	at de.uka.ilkd.key.nparser.builder.AbstractBuilder.mapOf(AbstractBuilder.java:112)
	at de.uka.ilkd.key.nparser.builder.IncludeFinder.visitOne_include_statement(IncludeFinder.java:35)
	at de.uka.ilkd.key.nparser.builder.IncludeFinder.visitOne_include_statement(IncludeFinder.java:20)
	at de.uka.ilkd.key.nparser.KeYParser$One_include_statementContext.accept(KeYParser.java:802)
	at org.antlr.v4.runtime.tree.AbstractParseTreeVisitor.visitChildren(AbstractParseTreeVisitor.java:46)
	at de.uka.ilkd.key.nparser.KeYParserBaseVisitor.visitDecls(KeYParserBaseVisitor.java:30)
	at de.uka.ilkd.key.nparser.KeYParser$DeclsContext.accept(KeYParser.java:500)
	at org.antlr.v4.runtime.tree.AbstractParseTreeVisitor.visitChildren(AbstractParseTreeVisitor.java:46)
	at de.uka.ilkd.key.nparser.KeYParserBaseVisitor.visitFile(KeYParserBaseVisitor.java:23)
	at de.uka.ilkd.key.nparser.KeYParser$FileContext.accept(KeYParser.java:306)
	at de.uka.ilkd.key.nparser.KeyAst.accept(KeyAst.java:41)
	at de.uka.ilkd.key.nparser.KeyAst$File.getIncludes(KeyAst.java:76)
	at de.uka.ilkd.key.proof.io.KeYFile.readIncludes(KeYFile.java:208)
	... 14 more
Could not find rule file rules/intRulesCheckedSemantics.key (file: /home/runner/work/key/key/key.core/../key.ui/examples/index/.././heap/block_contracts/Simple__square.key; caused by: de.uka.ilkd.key.proof.init.ProofInputException: Could not find rule file rules/intRulesCheckedSemantics.key)
	at de.uka.ilkd.key.control.AbstractUserInterfaceControl.load(AbstractUserInterfaceControl.java:221)
	at de.uka.ilkd.key.control.KeYEnvironment.load(KeYEnvironment.java:251)
	at de.uka.ilkd.key.control.KeYEnvironment.load(KeYEnvironment.java:224)
	at de.uka.ilkd.key.control.KeYEnvironment.load(KeYEnvironment.java:184)
	at de.uka.ilkd.key.control.KeYEnvironment.load(KeYEnvironment.java:261)
	at de.uka.ilkd.key.proof.runallproofs.proofcollection.TestFile.load(TestFile.java:270)
	at de.uka.ilkd.key.proof.runallproofs.proofcollection.TestFile.runKey(TestFile.java:160)
	at de.uka.ilkd.key.proof.runallproofs.proofcollection.ForkedTestFileRunner.main(ForkedTestFileRunner.java:171)
Caused by: de.uka.ilkd.key.proof.init.ProofInputException: Could not find rule file rules/intRulesCheckedSemantics.key
	at de.uka.ilkd.key.proof.io.KeYFile.readIncludes(KeYFile.java:210)
	at de.uka.ilkd.key.proof.init.ProblemInitializer.readIncludes(ProblemInitializer.java:177)
	at de.uka.ilkd.key.proof.init.ProblemInitializer.readEnvInput(ProblemInitializer.java:325)
	at de.uka.ilkd.key.proof.init.ProblemInitializer.prepare(ProblemInitializer.java:449)
	at de.uka.ilkd.key.proof.io.AbstractProblemLoader.createInitConfig(AbstractProblemLoader.java:518)
	at de.uka.ilkd.key.proof.io.AbstractProblemLoader.loadEnvironment(AbstractProblemLoader.java:288)
	at de.uka.ilkd.key.proof.io.AbstractProblemLoader.load(AbstractProblemLoader.java:252)
	at de.uka.ilkd.key.control.AbstractUserInterfaceControl.load(AbstractUserInterfaceControl.java:209)
	... 7 more
Caused by: java.lang.RuntimeException: Could not find rule file rules/intRulesCheckedSemantics.key
	at de.uka.ilkd.key.proof.io.RuleSourceFactory.fromBuiltInRule(RuleSourceFactory.java:32)
	at de.uka.ilkd.key.proof.io.RuleSourceFactory.fromDefaultLocation(RuleSourceFactory.java:21)
	at de.uka.ilkd.key.nparser.builder.IncludeFinder.addInclude(IncludeFinder.java:63)
	at de.uka.ilkd.key.nparser.builder.IncludeFinder.visitOne_include(IncludeFinder.java:43)
	at de.uka.ilkd.key.nparser.builder.IncludeFinder.visitOne_include(IncludeFinder.java:20)
	at de.uka.ilkd.key.nparser.KeYParser$One_includeContext.accept(KeYParser.java:878)
	at de.uka.ilkd.key.nparser.builder.AbstractBuilder.lambda$mapOf$0(AbstractBuilder.java:112)
	at java.base/java.util.stream.ReferencePipeline$3$1.accept(ReferencePipeline.java:195)
	at java.base/java.util.ArrayList$ArrayListSpliterator.forEachRemaining(ArrayList.java:1655)
	at java.base/java.util.stream.AbstractPipeline.copyInto(AbstractPipeline.java:484)
	at java.base/java.util.stream.AbstractPipeline.wrapAndCopyInto(AbstractPipeline.java:474)
	at java.base/java.util.stream.ReduceOps$ReduceOp.evaluateSequential(ReduceOps.java:913)
	at java.base/java.util.stream.AbstractPipeline.evaluate(AbstractPipeline.java:234)
	at java.base/java.util.stream.ReferencePipeline.collect(ReferencePipeline.java:578)
	at de.uka.ilkd.key.nparser.builder.AbstractBuilder.mapOf(AbstractBuilder.java:112)
	at de.uka.ilkd.key.nparser.builder.IncludeFinder.visitOne_include_statement(IncludeFinder.java:35)
	at de.uka.ilkd.key.nparser.builder.IncludeFinder.visitOne_include_statement(IncludeFinder.java:20)
	at de.uka.ilkd.key.nparser.KeYParser$One_include_statementContext.accept(KeYParser.java:802)
	at org.antlr.v4.runtime.tree.AbstractParseTreeVisitor.visitChildren(AbstractParseTreeVisitor.java:46)
	at de.uka.ilkd.key.nparser.KeYParserBaseVisitor.visitDecls(KeYParserBaseVisitor.java:30)
	at de.uka.ilkd.key.nparser.KeYParser$DeclsContext.accept(KeYParser.java:500)
	at org.antlr.v4.runtime.tree.AbstractParseTreeVisitor.visitChildren(AbstractParseTreeVisitor.java:46)
	at de.uka.ilkd.key.nparser.KeYParserBaseVisitor.visitFile(KeYParserBaseVisitor.java:23)
	at de.uka.ilkd.key.nparser.KeYParser$FileContext.accept(KeYParser.java:306)
	at de.uka.ilkd.key.nparser.KeyAst.accept(KeyAst.java:41)
	at de.uka.ilkd.key.nparser.KeyAst$File.getIncludes(KeyAst.java:76)
	at de.uka.ilkd.key.proof.io.KeYFile.readIncludes(KeYFile.java:208)
	... 14 more
Could not find rule file rules/intRulesCheckedSemantics.key (file: /home/runner/work/key/key/key.core/../key.ui/examples/index/.././heap/block_contracts/Simple__unnecessaryBlockContract.key; caused by: de.uka.ilkd.key.proof.init.ProofInputException: Could not find rule file rules/intRulesCheckedSemantics.key)
	at de.uka.ilkd.key.control.AbstractUserInterfaceControl.load(AbstractUserInterfaceControl.java:221)
	at de.uka.ilkd.key.control.KeYEnvironment.load(KeYEnvironment.java:251)
	at de.uka.ilkd.key.control.KeYEnvironment.load(KeYEnvironment.java:224)
	at de.uka.ilkd.key.control.KeYEnvironment.load(KeYEnvironment.java:184)
	at de.uka.ilkd.key.control.KeYEnvironment.load(KeYEnvironment.java:261)
	at de.uka.ilkd.key.proof.runallproofs.proofcollection.TestFile.load(TestFile.java:270)
	at de.uka.ilkd.key.proof.runallproofs.proofcollection.TestFile.runKey(TestFile.java:160)
	at de.uka.ilkd.key.proof.runallproofs.proofcollection.ForkedTestFileRunner.main(ForkedTestFileRunner.java:171)
Caused by: de.uka.ilkd.key.proof.init.ProofInputException: Could not find rule file rules/intRulesCheckedSemantics.key
	at de.uka.ilkd.key.proof.io.KeYFile.readIncludes(KeYFile.java:210)
	at de.uka.ilkd.key.proof.init.ProblemInitializer.readIncludes(ProblemInitializer.java:177)
	at de.uka.ilkd.key.proof.init.ProblemInitializer.readEnvInput(ProblemInitializer.java:325)
	at de.uka.ilkd.key.proof.init.ProblemInitializer.prepare(ProblemInitializer.java:449)
	at de.uka.ilkd.key.proof.io.AbstractProblemLoader.createInitConfig(AbstractProblemLoader.java:518)
	at de.uka.ilkd.key.proof.io.AbstractProblemLoader.loadEnvironment(AbstractProblemLoader.java:288)
	at de.uka.ilkd.key.proof.io.AbstractProblemLoader.load(AbstractProblemLoader.java:252)
	at de.uka.ilkd.key.control.AbstractUserInterfaceControl.load(AbstractUserInterfaceControl.java:209)
	... 7 more
Caused by: java.lang.RuntimeException: Could not find rule file rules/intRulesCheckedSemantics.key
	at de.uka.ilkd.key.proof.io.RuleSourceFactory.fromBuiltInRule(RuleSourceFactory.java:32)
	at de.uka.ilkd.key.proof.io.RuleSourceFactory.fromDefaultLocation(RuleSourceFactory.java:21)
	at de.uka.ilkd.key.nparser.builder.IncludeFinder.addInclude(IncludeFinder.java:63)
	at de.uka.ilkd.key.nparser.builder.IncludeFinder.visitOne_include(IncludeFinder.java:43)
	at de.uka.ilkd.key.nparser.builder.IncludeFinder.visitOne_include(IncludeFinder.java:20)
	at de.uka.ilkd.key.nparser.KeYParser$One_includeContext.accept(KeYParser.java:878)
	at de.uka.ilkd.key.nparser.builder.AbstractBuilder.lambda$mapOf$0(AbstractBuilder.java:112)
	at java.base/java.util.stream.ReferencePipeline$3$1.accept(ReferencePipeline.java:195)
	at java.base/java.util.ArrayList$ArrayListSpliterator.forEachRemaining(ArrayList.java:1655)
	at java.base/java.util.stream.AbstractPipeline.copyInto(AbstractPipeline.java:484)
	at java.base/java.util.stream.AbstractPipeline.wrapAndCopyInto(AbstractPipeline.java:474)
	at java.base/java.util.stream.ReduceOps$ReduceOp.evaluateSequential(ReduceOps.java:913)
	at java.base/java.util.stream.AbstractPipeline.evaluate(AbstractPipeline.java:234)
	at java.base/java.util.stream.ReferencePipeline.collect(ReferencePipeline.java:578)
	at de.uka.ilkd.key.nparser.builder.AbstractBuilder.mapOf(AbstractBuilder.java:112)
	at de.uka.ilkd.key.nparser.builder.IncludeFinder.visitOne_include_statement(IncludeFinder.java:35)
	at de.uka.ilkd.key.nparser.builder.IncludeFinder.visitOne_include_statement(IncludeFinder.java:20)
	at de.uka.ilkd.key.nparser.KeYParser$One_include_statementContext.accept(KeYParser.java:802)
	at org.antlr.v4.runtime.tree.AbstractParseTreeVisitor.visitChildren(AbstractParseTreeVisitor.java:46)
	at de.uka.ilkd.key.nparser.KeYParserBaseVisitor.visitDecls(KeYParserBaseVisitor.java:30)
	at de.uka.ilkd.key.nparser.KeYParser$DeclsContext.accept(KeYParser.java:500)
	at org.antlr.v4.runtime.tree.AbstractParseTreeVisitor.visitChildren(AbstractParseTreeVisitor.java:46)
	at de.uka.ilkd.key.nparser.KeYParserBaseVisitor.visitFile(KeYParserBaseVisitor.java:23)
	at de.uka.ilkd.key.nparser.KeYParser$FileContext.accept(KeYParser.java:306)
	at de.uka.ilkd.key.nparser.KeyAst.accept(KeyAst.java:41)
	at de.uka.ilkd.key.nparser.KeyAst$File.getIncludes(KeyAst.java:76)
	at de.uka.ilkd.key.proof.io.KeYFile.readIncludes(KeYFile.java:208)
	... 14 more
Could not find rule file rules/intRulesCheckedSemantics.key (file: /home/runner/work/key/key/key.core/../key.ui/examples/index/.././heap/block_contracts/Simple__unnecessaryLoopInvariant.key; caused by: de.uka.ilkd.key.proof.init.ProofInputException: Could not find rule file rules/intRulesCheckedSemantics.key)
	at de.uka.ilkd.key.control.AbstractUserInterfaceControl.load(AbstractUserInterfaceControl.java:221)
	at de.uka.ilkd.key.control.KeYEnvironment.load(KeYEnvironment.java:251)
	at de.uka.ilkd.key.control.KeYEnvironment.load(KeYEnvironment.java:224)
	at de.uka.ilkd.key.control.KeYEnvironment.load(KeYEnvironment.java:184)
	at de.uka.ilkd.key.control.KeYEnvironment.load(KeYEnvironment.java:261)
	at de.uka.ilkd.key.proof.runallproofs.proofcollection.TestFile.load(TestFile.java:270)
	at de.uka.ilkd.key.proof.runallproofs.proofcollection.TestFile.runKey(TestFile.java:160)
	at de.uka.ilkd.key.proof.runallproofs.proofcollection.ForkedTestFileRunner.main(ForkedTestFileRunner.java:171)
Caused by: de.uka.ilkd.key.proof.init.ProofInputException: Could not find rule file rules/intRulesCheckedSemantics.key
	at de.uka.ilkd.key.proof.io.KeYFile.readIncludes(KeYFile.java:210)
	at de.uka.ilkd.key.proof.init.ProblemInitializer.readIncludes(ProblemInitializer.java:177)
	at de.uka.ilkd.key.proof.init.ProblemInitializer.readEnvInput(ProblemInitializer.java:325)
	at de.uka.ilkd.key.proof.init.ProblemInitializer.prepare(ProblemInitializer.java:449)
	at de.uka.ilkd.key.proof.io.AbstractProblemLoader.createInitConfig(AbstractProblemLoader.java:518)
	at de.uka.ilkd.key.proof.io.AbstractProblemLoader.loadEnvironment(AbstractProblemLoader.java:288)
	at de.uka.ilkd.key.proof.io.AbstractProblemLoader.load(AbstractProblemLoader.java:252)
	at de.uka.ilkd.key.control.AbstractUserInterfaceControl.load(AbstractUserInterfaceControl.java:209)
	... 7 more
Caused by: java.lang.RuntimeException: Could not find rule file rules/intRulesCheckedSemantics.key
	at de.uka.ilkd.key.proof.io.RuleSourceFactory.fromBuiltInRule(RuleSourceFactory.java:32)
	at de.uka.ilkd.key.proof.io.RuleSourceFactory.fromDefaultLocation(RuleSourceFactory.java:21)
	at de.uka.ilkd.key.nparser.builder.IncludeFinder.addInclude(IncludeFinder.java:63)
	at de.uka.ilkd.key.nparser.builder.IncludeFinder.visitOne_include(IncludeFinder.java:43)
	at de.uka.ilkd.key.nparser.builder.IncludeFinder.visitOne_include(IncludeFinder.java:20)
	at de.uka.ilkd.key.nparser.KeYParser$One_includeContext.accept(KeYParser.java:878)
	at de.uka.ilkd.key.nparser.builder.AbstractBuilder.lambda$mapOf$0(AbstractBuilder.java:112)
	at java.base/java.util.stream.ReferencePipeline$3$1.accept(ReferencePipeline.java:195)
	at java.base/java.util.ArrayList$ArrayListSpliterator.forEachRemaining(ArrayList.java:1655)
	at java.base/java.util.stream.AbstractPipeline.copyInto(AbstractPipeline.java:484)
	at java.base/java.util.stream.AbstractPipeline.wrapAndCopyInto(AbstractPipeline.java:474)
	at java.base/java.util.stream.ReduceOps$ReduceOp.evaluateSequential(ReduceOps.java:913)
	at java.base/java.util.stream.AbstractPipeline.evaluate(AbstractPipeline.java:234)
	at java.base/java.util.stream.ReferencePipeline.collect(ReferencePipeline.java:578)
	at de.uka.ilkd.key.nparser.builder.AbstractBuilder.mapOf(AbstractBuilder.java:112)
	at de.uka.ilkd.key.nparser.builder.IncludeFinder.visitOne_include_statement(IncludeFinder.java:35)
	at de.uka.ilkd.key.nparser.builder.IncludeFinder.visitOne_include_statement(IncludeFinder.java:20)
	at de.uka.ilkd.key.nparser.KeYParser$One_include_statementContext.accept(KeYParser.java:802)
	at org.antlr.v4.runtime.tree.AbstractParseTreeVisitor.visitChildren(AbstractParseTreeVisitor.java:46)
	at de.uka.ilkd.key.nparser.KeYParserBaseVisitor.visitDecls(KeYParserBaseVisitor.java:30)
	at de.uka.ilkd.key.nparser.KeYParser$DeclsContext.accept(KeYParser.java:500)
	at org.antlr.v4.runtime.tree.AbstractParseTreeVisitor.visitChildren(AbstractParseTreeVisitor.java:46)
	at de.uka.ilkd.key.nparser.KeYParserBaseVisitor.visitFile(KeYParserBaseVisitor.java:23)
	at de.uka.ilkd.key.nparser.KeYParser$FileContext.accept(KeYParser.java:306)
	at de.uka.ilkd.key.nparser.KeyAst.accept(KeyAst.java:41)
	at de.uka.ilkd.key.nparser.KeyAst$File.getIncludes(KeyAst.java:76)
	at de.uka.ilkd.key.proof.io.KeYFile.readIncludes(KeYFile.java:208)
	... 14 more
Could not find rule file rules/intRulesCheckedSemantics.key (file: /home/runner/work/key/key/key.core/../key.ui/examples/index/.././standard_key/java_dl/jml-assert/assert.key; caused by: de.uka.ilkd.key.proof.init.ProofInputException: Could not find rule file rules/intRulesCheckedSemantics.key)
	at de.uka.ilkd.key.control.AbstractUserInterfaceControl.load(AbstractUserInterfaceControl.java:221)
	at de.uka.ilkd.key.control.KeYEnvironment.load(KeYEnvironment.java:251)
	at de.uka.ilkd.key.control.KeYEnvironment.load(KeYEnvironment.java:224)
	at de.uka.ilkd.key.control.KeYEnvironment.load(KeYEnvironment.java:184)
	at de.uka.ilkd.key.control.KeYEnvironment.load(KeYEnvironment.java:261)
	at de.uka.ilkd.key.proof.runallproofs.proofcollection.TestFile.load(TestFile.java:270)
	at de.uka.ilkd.key.proof.runallproofs.proofcollection.TestFile.runKey(TestFile.java:160)
	at de.uka.ilkd.key.proof.runallproofs.proofcollection.ForkedTestFileRunner.main(ForkedTestFileRunner.java:171)
Caused by: de.uka.ilkd.key.proof.init.ProofInputException: Could not find rule file rules/intRulesCheckedSemantics.key
	at de.uka.ilkd.key.proof.io.KeYFile.readIncludes(KeYFile.java:210)
	at de.uka.ilkd.key.proof.init.ProblemInitializer.readIncludes(ProblemInitializer.java:177)
	at de.uka.ilkd.key.proof.init.ProblemInitializer.readEnvInput(ProblemInitializer.java:325)
	at de.uka.ilkd.key.proof.init.ProblemInitializer.prepare(ProblemInitializer.java:449)
	at de.uka.ilkd.key.proof.io.AbstractProblemLoader.createInitConfig(AbstractProblemLoader.java:518)
	at de.uka.ilkd.key.proof.io.AbstractProblemLoader.loadEnvironment(AbstractProblemLoader.java:288)
	at de.uka.ilkd.key.proof.io.AbstractProblemLoader.load(AbstractProblemLoader.java:252)
	at de.uka.ilkd.key.control.AbstractUserInterfaceControl.load(AbstractUserInterfaceControl.java:209)
	... 7 more
Caused by: java.lang.RuntimeException: Could not find rule file rules/intRulesCheckedSemantics.key
	at de.uka.ilkd.key.proof.io.RuleSourceFactory.fromBuiltInRule(RuleSourceFactory.java:32)
	at de.uka.ilkd.key.proof.io.RuleSourceFactory.fromDefaultLocation(RuleSourceFactory.java:21)
	at de.uka.ilkd.key.nparser.builder.IncludeFinder.addInclude(IncludeFinder.java:63)
	at de.uka.ilkd.key.nparser.builder.IncludeFinder.visitOne_include(IncludeFinder.java:43)
	at de.uka.ilkd.key.nparser.builder.IncludeFinder.visitOne_include(IncludeFinder.java:20)
	at de.uka.ilkd.key.nparser.KeYParser$One_includeContext.accept(KeYParser.java:878)
	at de.uka.ilkd.key.nparser.builder.AbstractBuilder.lambda$mapOf$0(AbstractBuilder.java:112)
	at java.base/java.util.stream.ReferencePipeline$3$1.accept(ReferencePipeline.java:195)
	at java.base/java.util.ArrayList$ArrayListSpliterator.forEachRemaining(ArrayList.java:1655)
	at java.base/java.util.stream.AbstractPipeline.copyInto(AbstractPipeline.java:484)
	at java.base/java.util.stream.AbstractPipeline.wrapAndCopyInto(AbstractPipeline.java:474)
	at java.base/java.util.stream.ReduceOps$ReduceOp.evaluateSequential(ReduceOps.java:913)
	at java.base/java.util.stream.AbstractPipeline.evaluate(AbstractPipeline.java:234)
	at java.base/java.util.stream.ReferencePipeline.collect(ReferencePipeline.java:578)
	at de.uka.ilkd.key.nparser.builder.AbstractBuilder.mapOf(AbstractBuilder.java:112)
	at de.uka.ilkd.key.nparser.builder.IncludeFinder.visitOne_include_statement(IncludeFinder.java:35)
	at de.uka.ilkd.key.nparser.builder.IncludeFinder.visitOne_include_statement(IncludeFinder.java:20)
	at de.uka.ilkd.key.nparser.KeYParser$One_include_statementContext.accept(KeYParser.java:802)
	at org.antlr.v4.runtime.tree.AbstractParseTreeVisitor.visitChildren(AbstractParseTreeVisitor.java:46)
	at de.uka.ilkd.key.nparser.KeYParserBaseVisitor.visitDecls(KeYParserBaseVisitor.java:30)
	at de.uka.ilkd.key.nparser.KeYParser$DeclsContext.accept(KeYParser.java:500)
	at org.antlr.v4.runtime.tree.AbstractParseTreeVisitor.visitChildren(AbstractParseTreeVisitor.java:46)
	at de.uka.ilkd.key.nparser.KeYParserBaseVisitor.visitFile(KeYParserBaseVisitor.java:23)
	at de.uka.ilkd.key.nparser.KeYParser$FileContext.accept(KeYParser.java:306)
	at de.uka.ilkd.key.nparser.KeyAst.accept(KeyAst.java:41)
	at de.uka.ilkd.key.nparser.KeyAst$File.getIncludes(KeyAst.java:76)
	at de.uka.ilkd.key.proof.io.KeYFile.readIncludes(KeYFile.java:208)
	... 14 more
Could not find rule file rules/intRulesCheckedSemantics.key (file: /home/runner/work/key/key/key.core/../key.ui/examples/index/.././standard_key/java_dl/jml-assert/assert_assume_order.key; caused by: de.uka.ilkd.key.proof.init.ProofInputException: Could not find rule file rules/intRulesCheckedSemantics.key)
	at de.uka.ilkd.key.control.AbstractUserInterfaceControl.load(AbstractUserInterfaceControl.java:221)
	at de.uka.ilkd.key.control.KeYEnvironment.load(KeYEnvironment.java:251)
	at de.uka.ilkd.key.control.KeYEnvironment.load(KeYEnvironment.java:224)
	at de.uka.ilkd.key.control.KeYEnvironment.load(KeYEnvironment.java:184)
	at de.uka.ilkd.key.control.KeYEnvironment.load(KeYEnvironment.java:261)
	at de.uka.ilkd.key.proof.runallproofs.proofcollection.TestFile.load(TestFile.java:270)
	at de.uka.ilkd.key.proof.runallproofs.proofcollection.TestFile.runKey(TestFile.java:160)
	at de.uka.ilkd.key.proof.runallproofs.proofcollection.ForkedTestFileRunner.main(ForkedTestFileRunner.java:171)
Caused by: de.uka.ilkd.key.proof.init.ProofInputException: Could not find rule file rules/intRulesCheckedSemantics.key
	at de.uka.ilkd.key.proof.io.KeYFile.readIncludes(KeYFile.java:210)
	at de.uka.ilkd.key.proof.init.ProblemInitializer.readIncludes(ProblemInitializer.java:177)
	at de.uka.ilkd.key.proof.init.ProblemInitializer.readEnvInput(ProblemInitializer.java:325)
	at de.uka.ilkd.key.proof.init.ProblemInitializer.prepare(ProblemInitializer.java:449)
	at de.uka.ilkd.key.proof.io.AbstractProblemLoader.createInitConfig(AbstractProblemLoader.java:518)
	at de.uka.ilkd.key.proof.io.AbstractProblemLoader.loadEnvironment(AbstractProblemLoader.java:288)
	at de.uka.ilkd.key.proof.io.AbstractProblemLoader.load(AbstractProblemLoader.java:252)
	at de.uka.ilkd.key.control.AbstractUserInterfaceControl.load(AbstractUserInterfaceControl.java:209)
	... 7 more
Caused by: java.lang.RuntimeException: Could not find rule file rules/intRulesCheckedSemantics.key
	at de.uka.ilkd.key.proof.io.RuleSourceFactory.fromBuiltInRule(RuleSourceFactory.java:32)
	at de.uka.ilkd.key.proof.io.RuleSourceFactory.fromDefaultLocation(RuleSourceFactory.java:21)
	at de.uka.ilkd.key.nparser.builder.IncludeFinder.addInclude(IncludeFinder.java:63)
	at de.uka.ilkd.key.nparser.builder.IncludeFinder.visitOne_include(IncludeFinder.java:43)
	at de.uka.ilkd.key.nparser.builder.IncludeFinder.visitOne_include(IncludeFinder.java:20)
	at de.uka.ilkd.key.nparser.KeYParser$One_includeContext.accept(KeYParser.java:878)
	at de.uka.ilkd.key.nparser.builder.AbstractBuilder.lambda$mapOf$0(AbstractBuilder.java:112)
	at java.base/java.util.stream.ReferencePipeline$3$1.accept(ReferencePipeline.java:195)
	at java.base/java.util.ArrayList$ArrayListSpliterator.forEachRemaining(ArrayList.java:1655)
	at java.base/java.util.stream.AbstractPipeline.copyInto(AbstractPipeline.java:484)
	at java.base/java.util.stream.AbstractPipeline.wrapAndCopyInto(AbstractPipeline.java:474)
	at java.base/java.util.stream.ReduceOps$ReduceOp.evaluateSequential(ReduceOps.java:913)
	at java.base/java.util.stream.AbstractPipeline.evaluate(AbstractPipeline.java:234)
	at java.base/java.util.stream.ReferencePipeline.collect(ReferencePipeline.java:578)
	at de.uka.ilkd.key.nparser.builder.AbstractBuilder.mapOf(AbstractBuilder.java:112)
	at de.uka.ilkd.key.nparser.builder.IncludeFinder.visitOne_include_statement(IncludeFinder.java:35)
	at de.uka.ilkd.key.nparser.builder.IncludeFinder.visitOne_include_statement(IncludeFinder.java:20)
	at de.uka.ilkd.key.nparser.KeYParser$One_include_statementContext.accept(KeYParser.java:802)
	at org.antlr.v4.runtime.tree.AbstractParseTreeVisitor.visitChildren(AbstractParseTreeVisitor.java:46)
	at de.uka.ilkd.key.nparser.KeYParserBaseVisitor.visitDecls(KeYParserBaseVisitor.java:30)
	at de.uka.ilkd.key.nparser.KeYParser$DeclsContext.accept(KeYParser.java:500)
	at org.antlr.v4.runtime.tree.AbstractParseTreeVisitor.visitChildren(AbstractParseTreeVisitor.java:46)
	at de.uka.ilkd.key.nparser.KeYParserBaseVisitor.visitFile(KeYParserBaseVisitor.java:23)
	at de.uka.ilkd.key.nparser.KeYParser$FileContext.accept(KeYParser.java:306)
	at de.uka.ilkd.key.nparser.KeyAst.accept(KeyAst.java:41)
	at de.uka.ilkd.key.nparser.KeyAst$File.getIncludes(KeyAst.java:76)
	at de.uka.ilkd.key.proof.io.KeYFile.readIncludes(KeYFile.java:208)
	... 14 more
Could not find rule file rules/intRulesCheckedSemantics.key (file: /home/runner/work/key/key/key.core/../key.ui/examples/index/.././heap/block_loop_contracts/SimpleVariants/sum_onBlock_external.key; caused by: de.uka.ilkd.key.proof.init.ProofInputException: Could not find rule file rules/intRulesCheckedSemantics.key)
	at de.uka.ilkd.key.control.AbstractUserInterfaceControl.load(AbstractUserInterfaceControl.java:221)
	at de.uka.ilkd.key.control.KeYEnvironment.load(KeYEnvironment.java:251)
	at de.uka.ilkd.key.control.KeYEnvironment.load(KeYEnvironment.java:224)
	at de.uka.ilkd.key.control.KeYEnvironment.load(KeYEnvironment.java:184)
	at de.uka.ilkd.key.control.KeYEnvironment.load(KeYEnvironment.java:261)
	at de.uka.ilkd.key.proof.runallproofs.proofcollection.TestFile.load(TestFile.java:270)
	at de.uka.ilkd.key.proof.runallproofs.proofcollection.TestFile.runKey(TestFile.java:160)
	at de.uka.ilkd.key.proof.runallproofs.proofcollection.ForkedTestFileRunner.main(ForkedTestFileRunner.java:171)
Caused by: de.uka.ilkd.key.proof.init.ProofInputException: Could not find rule file rules/intRulesCheckedSemantics.key
	at de.uka.ilkd.key.proof.io.KeYFile.readIncludes(KeYFile.java:210)
	at de.uka.ilkd.key.proof.init.ProblemInitializer.readIncludes(ProblemInitializer.java:177)
	at de.uka.ilkd.key.proof.init.ProblemInitializer.readEnvInput(ProblemInitializer.java:325)
	at de.uka.ilkd.key.proof.init.ProblemInitializer.prepare(ProblemInitializer.java:449)
	at de.uka.ilkd.key.proof.io.AbstractProblemLoader.createInitConfig(AbstractProblemLoader.java:518)
	at de.uka.ilkd.key.proof.io.AbstractProblemLoader.loadEnvironment(AbstractProblemLoader.java:288)
	at de.uka.ilkd.key.proof.io.AbstractProblemLoader.load(AbstractProblemLoader.java:252)
	at de.uka.ilkd.key.control.AbstractUserInterfaceControl.load(AbstractUserInterfaceControl.java:209)
	... 7 more
Caused by: java.lang.RuntimeException: Could not find rule file rules/intRulesCheckedSemantics.key
	at de.uka.ilkd.key.proof.io.RuleSourceFactory.fromBuiltInRule(RuleSourceFactory.java:32)
	at de.uka.ilkd.key.proof.io.RuleSourceFactory.fromDefaultLocation(RuleSourceFactory.java:21)
	at de.uka.ilkd.key.nparser.builder.IncludeFinder.addInclude(IncludeFinder.java:63)
	at de.uka.ilkd.key.nparser.builder.IncludeFinder.visitOne_include(IncludeFinder.java:43)
	at de.uka.ilkd.key.nparser.builder.IncludeFinder.visitOne_include(IncludeFinder.java:20)
	at de.uka.ilkd.key.nparser.KeYParser$One_includeContext.accept(KeYParser.java:878)
	at de.uka.ilkd.key.nparser.builder.AbstractBuilder.lambda$mapOf$0(AbstractBuilder.java:112)
	at java.base/java.util.stream.ReferencePipeline$3$1.accept(ReferencePipeline.java:195)
	at java.base/java.util.ArrayList$ArrayListSpliterator.forEachRemaining(ArrayList.java:1655)
	at java.base/java.util.stream.AbstractPipeline.copyInto(AbstractPipeline.java:484)
	at java.base/java.util.stream.AbstractPipeline.wrapAndCopyInto(AbstractPipeline.java:474)
	at java.base/java.util.stream.ReduceOps$ReduceOp.evaluateSequential(ReduceOps.java:913)
	at java.base/java.util.stream.AbstractPipeline.evaluate(AbstractPipeline.java:234)
	at java.base/java.util.stream.ReferencePipeline.collect(ReferencePipeline.java:578)
	at de.uka.ilkd.key.nparser.builder.AbstractBuilder.mapOf(AbstractBuilder.java:112)
	at de.uka.ilkd.key.nparser.builder.IncludeFinder.visitOne_include_statement(IncludeFinder.java:35)
	at de.uka.ilkd.key.nparser.builder.IncludeFinder.visitOne_include_statement(IncludeFinder.java:20)
	at de.uka.ilkd.key.nparser.KeYParser$One_include_statementContext.accept(KeYParser.java:802)
	at org.antlr.v4.runtime.tree.AbstractParseTreeVisitor.visitChildren(AbstractParseTreeVisitor.java:46)
	at de.uka.ilkd.key.nparser.KeYParserBaseVisitor.visitDecls(KeYParserBaseVisitor.java:30)
	at de.uka.ilkd.key.nparser.KeYParser$DeclsContext.accept(KeYParser.java:500)
	at org.antlr.v4.runtime.tree.AbstractParseTreeVisitor.visitChildren(AbstractParseTreeVisitor.java:46)
	at de.uka.ilkd.key.nparser.KeYParserBaseVisitor.visitFile(KeYParserBaseVisitor.java:23)
	at de.uka.ilkd.key.nparser.KeYParser$FileContext.accept(KeYParser.java:306)
	at de.uka.ilkd.key.nparser.KeyAst.accept(KeyAst.java:41)
	at de.uka.ilkd.key.nparser.KeyAst$File.getIncludes(KeyAst.java:76)
	at de.uka.ilkd.key.proof.io.KeYFile.readIncludes(KeYFile.java:208)
	... 14 more
Could not find rule file rules/intRulesCheckedSemantics.key (file: /home/runner/work/key/key/key.core/../key.ui/examples/index/.././heap/block_loop_contracts/SimpleVariants/sum_onBlock_internal.key; caused by: de.uka.ilkd.key.proof.init.ProofInputException: Could not find rule file rules/intRulesCheckedSemantics.key)
	at de.uka.ilkd.key.control.AbstractUserInterfaceControl.load(AbstractUserInterfaceControl.java:221)
	at de.uka.ilkd.key.control.KeYEnvironment.load(KeYEnvironment.java:251)
	at de.uka.ilkd.key.control.KeYEnvironment.load(KeYEnvironment.java:224)
	at de.uka.ilkd.key.control.KeYEnvironment.load(KeYEnvironment.java:184)
	at de.uka.ilkd.key.control.KeYEnvironment.load(KeYEnvironment.java:261)
	at de.uka.ilkd.key.proof.runallproofs.proofcollection.TestFile.load(TestFile.java:270)
	at de.uka.ilkd.key.proof.runallproofs.proofcollection.TestFile.runKey(TestFile.java:160)
	at de.uka.ilkd.key.proof.runallproofs.proofcollection.ForkedTestFileRunner.main(ForkedTestFileRunner.java:171)
Caused by: de.uka.ilkd.key.proof.init.ProofInputException: Could not find rule file rules/intRulesCheckedSemantics.key
	at de.uka.ilkd.key.proof.io.KeYFile.readIncludes(KeYFile.java:210)
	at de.uka.ilkd.key.proof.init.ProblemInitializer.readIncludes(ProblemInitializer.java:177)
	at de.uka.ilkd.key.proof.init.ProblemInitializer.readEnvInput(ProblemInitializer.java:325)
	at de.uka.ilkd.key.proof.init.ProblemInitializer.prepare(ProblemInitializer.java:449)
	at de.uka.ilkd.key.proof.io.AbstractProblemLoader.createInitConfig(AbstractProblemLoader.java:518)
	at de.uka.ilkd.key.proof.io.AbstractProblemLoader.loadEnvironment(AbstractProblemLoader.java:288)
	at de.uka.ilkd.key.proof.io.AbstractProblemLoader.load(AbstractProblemLoader.java:252)
	at de.uka.ilkd.key.control.AbstractUserInterfaceControl.load(AbstractUserInterfaceControl.java:209)
	... 7 more
Caused by: java.lang.RuntimeException: Could not find rule file rules/intRulesCheckedSemantics.key
	at de.uka.ilkd.key.proof.io.RuleSourceFactory.fromBuiltInRule(RuleSourceFactory.java:32)
	at de.uka.ilkd.key.proof.io.RuleSourceFactory.fromDefaultLocation(RuleSourceFactory.java:21)
	at de.uka.ilkd.key.nparser.builder.IncludeFinder.addInclude(IncludeFinder.java:63)
	at de.uka.ilkd.key.nparser.builder.IncludeFinder.visitOne_include(IncludeFinder.java:43)
	at de.uka.ilkd.key.nparser.builder.IncludeFinder.visitOne_include(IncludeFinder.java:20)
	at de.uka.ilkd.key.nparser.KeYParser$One_includeContext.accept(KeYParser.java:878)
	at de.uka.ilkd.key.nparser.builder.AbstractBuilder.lambda$mapOf$0(AbstractBuilder.java:112)
	at java.base/java.util.stream.ReferencePipeline$3$1.accept(ReferencePipeline.java:195)
	at java.base/java.util.ArrayList$ArrayListSpliterator.forEachRemaining(ArrayList.java:1655)
	at java.base/java.util.stream.AbstractPipeline.copyInto(AbstractPipeline.java:484)
	at java.base/java.util.stream.AbstractPipeline.wrapAndCopyInto(AbstractPipeline.java:474)
	at java.base/java.util.stream.ReduceOps$ReduceOp.evaluateSequential(ReduceOps.java:913)
	at java.base/java.util.stream.AbstractPipeline.evaluate(AbstractPipeline.java:234)
	at java.base/java.util.stream.ReferencePipeline.collect(ReferencePipeline.java:578)
	at de.uka.ilkd.key.nparser.builder.AbstractBuilder.mapOf(AbstractBuilder.java:112)
	at de.uka.ilkd.key.nparser.builder.IncludeFinder.visitOne_include_statement(IncludeFinder.java:35)
	at de.uka.ilkd.key.nparser.builder.IncludeFinder.visitOne_include_statement(IncludeFinder.java:20)
	at de.uka.ilkd.key.nparser.KeYParser$One_include_statementContext.accept(KeYParser.java:802)
	at org.antlr.v4.runtime.tree.AbstractParseTreeVisitor.visitChildren(AbstractParseTreeVisitor.java:46)
	at de.uka.ilkd.key.nparser.KeYParserBaseVisitor.visitDecls(KeYParserBaseVisitor.java:30)
	at de.uka.ilkd.key.nparser.KeYParser$DeclsContext.accept(KeYParser.java:500)
	at org.antlr.v4.runtime.tree.AbstractParseTreeVisitor.visitChildren(AbstractParseTreeVisitor.java:46)
	at de.uka.ilkd.key.nparser.KeYParserBaseVisitor.visitFile(KeYParserBaseVisitor.java:23)
	at de.uka.ilkd.key.nparser.KeYParser$FileContext.accept(KeYParser.java:306)
	at de.uka.ilkd.key.nparser.KeyAst.accept(KeyAst.java:41)
	at de.uka.ilkd.key.nparser.KeyAst$File.getIncludes(KeyAst.java:76)
	at de.uka.ilkd.key.proof.io.KeYFile.readIncludes(KeYFile.java:208)
	... 14 more
Could not find rule file rules/intRulesCheckedSemantics.key (file: /home/runner/work/key/key/key.core/../key.ui/examples/index/.././heap/block_loop_contracts/SimpleVariants/sum_onBlock_loop.key; caused by: de.uka.ilkd.key.proof.init.ProofInputException: Could not find rule file rules/intRulesCheckedSemantics.key)
	at de.uka.ilkd.key.control.AbstractUserInterfaceControl.load(AbstractUserInterfaceControl.java:221)
	at de.uka.ilkd.key.control.KeYEnvironment.load(KeYEnvironment.java:251)
	at de.uka.ilkd.key.control.KeYEnvironment.load(KeYEnvironment.java:224)
	at de.uka.ilkd.key.control.KeYEnvironment.load(KeYEnvironment.java:184)
	at de.uka.ilkd.key.control.KeYEnvironment.load(KeYEnvironment.java:261)
	at de.uka.ilkd.key.proof.runallproofs.proofcollection.TestFile.load(TestFile.java:270)
	at de.uka.ilkd.key.proof.runallproofs.proofcollection.TestFile.runKey(TestFile.java:160)
	at de.uka.ilkd.key.proof.runallproofs.proofcollection.ForkedTestFileRunner.main(ForkedTestFileRunner.java:171)
Caused by: de.uka.ilkd.key.proof.init.ProofInputException: Could not find rule file rules/intRulesCheckedSemantics.key
	at de.uka.ilkd.key.proof.io.KeYFile.readIncludes(KeYFile.java:210)
	at de.uka.ilkd.key.proof.init.ProblemInitializer.readIncludes(ProblemInitializer.java:177)
	at de.uka.ilkd.key.proof.init.ProblemInitializer.readEnvInput(ProblemInitializer.java:325)
	at de.uka.ilkd.key.proof.init.ProblemInitializer.prepare(ProblemInitializer.java:449)
	at de.uka.ilkd.key.proof.io.AbstractProblemLoader.createInitConfig(AbstractProblemLoader.java:518)
	at de.uka.ilkd.key.proof.io.AbstractProblemLoader.loadEnvironment(AbstractProblemLoader.java:288)
	at de.uka.ilkd.key.proof.io.AbstractProblemLoader.load(AbstractProblemLoader.java:252)
	at de.uka.ilkd.key.control.AbstractUserInterfaceControl.load(AbstractUserInterfaceControl.java:209)
	... 7 more
Caused by: java.lang.RuntimeException: Could not find rule file rules/intRulesCheckedSemantics.key
	at de.uka.ilkd.key.proof.io.RuleSourceFactory.fromBuiltInRule(RuleSourceFactory.java:32)
	at de.uka.ilkd.key.proof.io.RuleSourceFactory.fromDefaultLocation(RuleSourceFactory.java:21)
	at de.uka.ilkd.key.nparser.builder.IncludeFinder.addInclude(IncludeFinder.java:63)
	at de.uka.ilkd.key.nparser.builder.IncludeFinder.visitOne_include(IncludeFinder.java:43)
	at de.uka.ilkd.key.nparser.builder.IncludeFinder.visitOne_include(IncludeFinder.java:20)
	at de.uka.ilkd.key.nparser.KeYParser$One_includeContext.accept(KeYParser.java:878)
	at de.uka.ilkd.key.nparser.builder.AbstractBuilder.lambda$mapOf$0(AbstractBuilder.java:112)
	at java.base/java.util.stream.ReferencePipeline$3$1.accept(ReferencePipeline.java:195)
	at java.base/java.util.ArrayList$ArrayListSpliterator.forEachRemaining(ArrayList.java:1655)
	at java.base/java.util.stream.AbstractPipeline.copyInto(AbstractPipeline.java:484)
	at java.base/java.util.stream.AbstractPipeline.wrapAndCopyInto(AbstractPipeline.java:474)
	at java.base/java.util.stream.ReduceOps$ReduceOp.evaluateSequential(ReduceOps.java:913)
	at java.base/java.util.stream.AbstractPipeline.evaluate(AbstractPipeline.java:234)
	at java.base/java.util.stream.ReferencePipeline.collect(ReferencePipeline.java:578)
	at de.uka.ilkd.key.nparser.builder.AbstractBuilder.mapOf(AbstractBuilder.java:112)
	at de.uka.ilkd.key.nparser.builder.IncludeFinder.visitOne_include_statement(IncludeFinder.java:35)
	at de.uka.ilkd.key.nparser.builder.IncludeFinder.visitOne_include_statement(IncludeFinder.java:20)
	at de.uka.ilkd.key.nparser.KeYParser$One_include_statementContext.accept(KeYParser.java:802)
	at org.antlr.v4.runtime.tree.AbstractParseTreeVisitor.visitChildren(AbstractParseTreeVisitor.java:46)
	at de.uka.ilkd.key.nparser.KeYParserBaseVisitor.visitDecls(KeYParserBaseVisitor.java:30)
	at de.uka.ilkd.key.nparser.KeYParser$DeclsContext.accept(KeYParser.java:500)
	at org.antlr.v4.runtime.tree.AbstractParseTreeVisitor.visitChildren(AbstractParseTreeVisitor.java:46)
	at de.uka.ilkd.key.nparser.KeYParserBaseVisitor.visitFile(KeYParserBaseVisitor.java:23)
	at de.uka.ilkd.key.nparser.KeYParser$FileContext.accept(KeYParser.java:306)
	at de.uka.ilkd.key.nparser.KeyAst.accept(KeyAst.java:41)
	at de.uka.ilkd.key.nparser.KeyAst$File.getIncludes(KeyAst.java:76)
	at de.uka.ilkd.key.proof.io.KeYFile.readIncludes(KeYFile.java:208)
	... 14 more
Could not find rule file rules/intRulesCheckedSemantics.key (file: /home/runner/work/key/key/key.core/../key.ui/examples/index/.././heap/block_loop_contracts/SimpleVariants/sum_onLoop_external.key; caused by: de.uka.ilkd.key.proof.init.ProofInputException: Could not find rule file rules/intRulesCheckedSemantics.key)
	at de.uka.ilkd.key.control.AbstractUserInterfaceControl.load(AbstractUserInterfaceControl.java:221)
	at de.uka.ilkd.key.control.KeYEnvironment.load(KeYEnvironment.java:251)
	at de.uka.ilkd.key.control.KeYEnvironment.load(KeYEnvironment.java:224)
	at de.uka.ilkd.key.control.KeYEnvironment.load(KeYEnvironment.java:184)
	at de.uka.ilkd.key.control.KeYEnvironment.load(KeYEnvironment.java:261)
	at de.uka.ilkd.key.proof.runallproofs.proofcollection.TestFile.load(TestFile.java:270)
	at de.uka.ilkd.key.proof.runallproofs.proofcollection.TestFile.runKey(TestFile.java:160)
	at de.uka.ilkd.key.proof.runallproofs.proofcollection.ForkedTestFileRunner.main(ForkedTestFileRunner.java:171)
Caused by: de.uka.ilkd.key.proof.init.ProofInputException: Could not find rule file rules/intRulesCheckedSemantics.key
	at de.uka.ilkd.key.proof.io.KeYFile.readIncludes(KeYFile.java:210)
	at de.uka.ilkd.key.proof.init.ProblemInitializer.readIncludes(ProblemInitializer.java:177)
	at de.uka.ilkd.key.proof.init.ProblemInitializer.readEnvInput(ProblemInitializer.java:325)
	at de.uka.ilkd.key.proof.init.ProblemInitializer.prepare(ProblemInitializer.java:449)
	at de.uka.ilkd.key.proof.io.AbstractProblemLoader.createInitConfig(AbstractProblemLoader.java:518)
	at de.uka.ilkd.key.proof.io.AbstractProblemLoader.loadEnvironment(AbstractProblemLoader.java:288)
	at de.uka.ilkd.key.proof.io.AbstractProblemLoader.load(AbstractProblemLoader.java:252)
	at de.uka.ilkd.key.control.AbstractUserInterfaceControl.load(AbstractUserInterfaceControl.java:209)
	... 7 more
Caused by: java.lang.RuntimeException: Could not find rule file rules/intRulesCheckedSemantics.key
	at de.uka.ilkd.key.proof.io.RuleSourceFactory.fromBuiltInRule(RuleSourceFactory.java:32)
	at de.uka.ilkd.key.proof.io.RuleSourceFactory.fromDefaultLocation(RuleSourceFactory.java:21)
	at de.uka.ilkd.key.nparser.builder.IncludeFinder.addInclude(IncludeFinder.java:63)
	at de.uka.ilkd.key.nparser.builder.IncludeFinder.visitOne_include(IncludeFinder.java:43)
	at de.uka.ilkd.key.nparser.builder.IncludeFinder.visitOne_include(IncludeFinder.java:20)
	at de.uka.ilkd.key.nparser.KeYParser$One_includeContext.accept(KeYParser.java:878)
	at de.uka.ilkd.key.nparser.builder.AbstractBuilder.lambda$mapOf$0(AbstractBuilder.java:112)
	at java.base/java.util.stream.ReferencePipeline$3$1.accept(ReferencePipeline.java:195)
	at java.base/java.util.ArrayList$ArrayListSpliterator.forEachRemaining(ArrayList.java:1655)
	at java.base/java.util.stream.AbstractPipeline.copyInto(AbstractPipeline.java:484)
	at java.base/java.util.stream.AbstractPipeline.wrapAndCopyInto(AbstractPipeline.java:474)
	at java.base/java.util.stream.ReduceOps$ReduceOp.evaluateSequential(ReduceOps.java:913)
	at java.base/java.util.stream.AbstractPipeline.evaluate(AbstractPipeline.java:234)
	at java.base/java.util.stream.ReferencePipeline.collect(ReferencePipeline.java:578)
	at de.uka.ilkd.key.nparser.builder.AbstractBuilder.mapOf(AbstractBuilder.java:112)
	at de.uka.ilkd.key.nparser.builder.IncludeFinder.visitOne_include_statement(IncludeFinder.java:35)
	at de.uka.ilkd.key.nparser.builder.IncludeFinder.visitOne_include_statement(IncludeFinder.java:20)
	at de.uka.ilkd.key.nparser.KeYParser$One_include_statementContext.accept(KeYParser.java:802)
	at org.antlr.v4.runtime.tree.AbstractParseTreeVisitor.visitChildren(AbstractParseTreeVisitor.java:46)
	at de.uka.ilkd.key.nparser.KeYParserBaseVisitor.visitDecls(KeYParserBaseVisitor.java:30)
	at de.uka.ilkd.key.nparser.KeYParser$DeclsContext.accept(KeYParser.java:500)
	at org.antlr.v4.runtime.tree.AbstractParseTreeVisitor.visitChildren(AbstractParseTreeVisitor.java:46)
	at de.uka.ilkd.key.nparser.KeYParserBaseVisitor.visitFile(KeYParserBaseVisitor.java:23)
	at de.uka.ilkd.key.nparser.KeYParser$FileContext.accept(KeYParser.java:306)
	at de.uka.ilkd.key.nparser.KeyAst.accept(KeyAst.java:41)
	at de.uka.ilkd.key.nparser.KeyAst$File.getIncludes(KeyAst.java:76)
	at de.uka.ilkd.key.proof.io.KeYFile.readIncludes(KeYFile.java:208)
	... 14 more
Could not find rule file rules/intRulesCheckedSemantics.key (file: /home/runner/work/key/key/key.core/../key.ui/examples/index/.././heap/block_loop_contracts/SimpleVariants/sum_onLoop_internal.key; caused by: de.uka.ilkd.key.proof.init.ProofInputException: Could not find rule file rules/intRulesCheckedSemantics.key)
	at de.uka.ilkd.key.control.AbstractUserInterfaceControl.load(AbstractUserInterfaceControl.java:221)
	at de.uka.ilkd.key.control.KeYEnvironment.load(KeYEnvironment.java:251)
	at de.uka.ilkd.key.control.KeYEnvironment.load(KeYEnvironment.java:224)
	at de.uka.ilkd.key.control.KeYEnvironment.load(KeYEnvironment.java:184)
	at de.uka.ilkd.key.control.KeYEnvironment.load(KeYEnvironment.java:261)
	at de.uka.ilkd.key.proof.runallproofs.proofcollection.TestFile.load(TestFile.java:270)
	at de.uka.ilkd.key.proof.runallproofs.proofcollection.TestFile.runKey(TestFile.java:160)
	at de.uka.ilkd.key.proof.runallproofs.proofcollection.ForkedTestFileRunner.main(ForkedTestFileRunner.java:171)
Caused by: de.uka.ilkd.key.proof.init.ProofInputException: Could not find rule file rules/intRulesCheckedSemantics.key
	at de.uka.ilkd.key.proof.io.KeYFile.readIncludes(KeYFile.java:210)
	at de.uka.ilkd.key.proof.init.ProblemInitializer.readIncludes(ProblemInitializer.java:177)
	at de.uka.ilkd.key.proof.init.ProblemInitializer.readEnvInput(ProblemInitializer.java:325)
	at de.uka.ilkd.key.proof.init.ProblemInitializer.prepare(ProblemInitializer.java:449)
	at de.uka.ilkd.key.proof.io.AbstractProblemLoader.createInitConfig(AbstractProblemLoader.java:518)
	at de.uka.ilkd.key.proof.io.AbstractProblemLoader.loadEnvironment(AbstractProblemLoader.java:288)
	at de.uka.ilkd.key.proof.io.AbstractProblemLoader.load(AbstractProblemLoader.java:252)
	at de.uka.ilkd.key.control.AbstractUserInterfaceControl.load(AbstractUserInterfaceControl.java:209)
	... 7 more
Caused by: java.lang.RuntimeException: Could not find rule file rules/intRulesCheckedSemantics.key
	at de.uka.ilkd.key.proof.io.RuleSourceFactory.fromBuiltInRule(RuleSourceFactory.java:32)
	at de.uka.ilkd.key.proof.io.RuleSourceFactory.fromDefaultLocation(RuleSourceFactory.java:21)
	at de.uka.ilkd.key.nparser.builder.IncludeFinder.addInclude(IncludeFinder.java:63)
	at de.uka.ilkd.key.nparser.builder.IncludeFinder.visitOne_include(IncludeFinder.java:43)
	at de.uka.ilkd.key.nparser.builder.IncludeFinder.visitOne_include(IncludeFinder.java:20)
	at de.uka.ilkd.key.nparser.KeYParser$One_includeContext.accept(KeYParser.java:878)
	at de.uka.ilkd.key.nparser.builder.AbstractBuilder.lambda$mapOf$0(AbstractBuilder.java:112)
	at java.base/java.util.stream.ReferencePipeline$3$1.accept(ReferencePipeline.java:195)
	at java.base/java.util.ArrayList$ArrayListSpliterator.forEachRemaining(ArrayList.java:1655)
	at java.base/java.util.stream.AbstractPipeline.copyInto(AbstractPipeline.java:484)
	at java.base/java.util.stream.AbstractPipeline.wrapAndCopyInto(AbstractPipeline.java:474)
	at java.base/java.util.stream.ReduceOps$ReduceOp.evaluateSequential(ReduceOps.java:913)
	at java.base/java.util.stream.AbstractPipeline.evaluate(AbstractPipeline.java:234)
	at java.base/java.util.stream.ReferencePipeline.collect(ReferencePipeline.java:578)
	at de.uka.ilkd.key.nparser.builder.AbstractBuilder.mapOf(AbstractBuilder.java:112)
	at de.uka.ilkd.key.nparser.builder.IncludeFinder.visitOne_include_statement(IncludeFinder.java:35)
	at de.uka.ilkd.key.nparser.builder.IncludeFinder.visitOne_include_statement(IncludeFinder.java:20)
	at de.uka.ilkd.key.nparser.KeYParser$One_include_statementContext.accept(KeYParser.java:802)
	at org.antlr.v4.runtime.tree.AbstractParseTreeVisitor.visitChildren(AbstractParseTreeVisitor.java:46)
	at de.uka.ilkd.key.nparser.KeYParserBaseVisitor.visitDecls(KeYParserBaseVisitor.java:30)
	at de.uka.ilkd.key.nparser.KeYParser$DeclsContext.accept(KeYParser.java:500)
	at org.antlr.v4.runtime.tree.AbstractParseTreeVisitor.visitChildren(AbstractParseTreeVisitor.java:46)
	at de.uka.ilkd.key.nparser.KeYParserBaseVisitor.visitFile(KeYParserBaseVisitor.java:23)
	at de.uka.ilkd.key.nparser.KeYParser$FileContext.accept(KeYParser.java:306)
	at de.uka.ilkd.key.nparser.KeyAst.accept(KeyAst.java:41)
	at de.uka.ilkd.key.nparser.KeyAst$File.getIncludes(KeyAst.java:76)
	at de.uka.ilkd.key.proof.io.KeYFile.readIncludes(KeYFile.java:208)
	... 14 more
Could not find rule file rules/intRulesCheckedSemantics.key (file: /home/runner/work/key/key/key.core/../key.ui/examples/index/.././heap/block_loop_contracts/SimpleVariants/sum_onLoop_loop.key; caused by: de.uka.ilkd.key.proof.init.ProofInputException: Could not find rule file rules/intRulesCheckedSemantics.key)
	at de.uka.ilkd.key.control.AbstractUserInterfaceControl.load(AbstractUserInterfaceControl.java:221)
	at de.uka.ilkd.key.control.KeYEnvironment.load(KeYEnvironment.java:251)
	at de.uka.ilkd.key.control.KeYEnvironment.load(KeYEnvironment.java:224)
	at de.uka.ilkd.key.control.KeYEnvironment.load(KeYEnvironment.java:184)
	at de.uka.ilkd.key.control.KeYEnvironment.load(KeYEnvironment.java:261)
	at de.uka.ilkd.key.proof.runallproofs.proofcollection.TestFile.load(TestFile.java:270)
	at de.uka.ilkd.key.proof.runallproofs.proofcollection.TestFile.runKey(TestFile.java:160)
	at de.uka.ilkd.key.proof.runallproofs.proofcollection.ForkedTestFileRunner.main(ForkedTestFileRunner.java:171)
Caused by: de.uka.ilkd.key.proof.init.ProofInputException: Could not find rule file rules/intRulesCheckedSemantics.key
	at de.uka.ilkd.key.proof.io.KeYFile.readIncludes(KeYFile.java:210)
	at de.uka.ilkd.key.proof.init.ProblemInitializer.readIncludes(ProblemInitializer.java:177)
	at de.uka.ilkd.key.proof.init.ProblemInitializer.readEnvInput(ProblemInitializer.java:325)
	at de.uka.ilkd.key.proof.init.ProblemInitializer.prepare(ProblemInitializer.java:449)
	at de.uka.ilkd.key.proof.io.AbstractProblemLoader.createInitConfig(AbstractProblemLoader.java:518)
	at de.uka.ilkd.key.proof.io.AbstractProblemLoader.loadEnvironment(AbstractProblemLoader.java:288)
	at de.uka.ilkd.key.proof.io.AbstractProblemLoader.load(AbstractProblemLoader.java:252)
	at de.uka.ilkd.key.control.AbstractUserInterfaceControl.load(AbstractUserInterfaceControl.java:209)
	... 7 more
Caused by: java.lang.RuntimeException: Could not find rule file rules/intRulesCheckedSemantics.key
	at de.uka.ilkd.key.proof.io.RuleSourceFactory.fromBuiltInRule(RuleSourceFactory.java:32)
	at de.uka.ilkd.key.proof.io.RuleSourceFactory.fromDefaultLocation(RuleSourceFactory.java:21)
	at de.uka.ilkd.key.nparser.builder.IncludeFinder.addInclude(IncludeFinder.java:63)
	at de.uka.ilkd.key.nparser.builder.IncludeFinder.visitOne_include(IncludeFinder.java:43)
	at de.uka.ilkd.key.nparser.builder.IncludeFinder.visitOne_include(IncludeFinder.java:20)
	at de.uka.ilkd.key.nparser.KeYParser$One_includeContext.accept(KeYParser.java:878)
	at de.uka.ilkd.key.nparser.builder.AbstractBuilder.lambda$mapOf$0(AbstractBuilder.java:112)
	at java.base/java.util.stream.ReferencePipeline$3$1.accept(ReferencePipeline.java:195)
	at java.base/java.util.ArrayList$ArrayListSpliterator.forEachRemaining(ArrayList.java:1655)
	at java.base/java.util.stream.AbstractPipeline.copyInto(AbstractPipeline.java:484)
	at java.base/java.util.stream.AbstractPipeline.wrapAndCopyInto(AbstractPipeline.java:474)
	at java.base/java.util.stream.ReduceOps$ReduceOp.evaluateSequential(ReduceOps.java:913)
	at java.base/java.util.stream.AbstractPipeline.evaluate(AbstractPipeline.java:234)
	at java.base/java.util.stream.ReferencePipeline.collect(ReferencePipeline.java:578)
	at de.uka.ilkd.key.nparser.builder.AbstractBuilder.mapOf(AbstractBuilder.java:112)
	at de.uka.ilkd.key.nparser.builder.IncludeFinder.visitOne_include_statement(IncludeFinder.java:35)
	at de.uka.ilkd.key.nparser.builder.IncludeFinder.visitOne_include_statement(IncludeFinder.java:20)
	at de.uka.ilkd.key.nparser.KeYParser$One_include_statementContext.accept(KeYParser.java:802)
	at org.antlr.v4.runtime.tree.AbstractParseTreeVisitor.visitChildren(AbstractParseTreeVisitor.java:46)
	at de.uka.ilkd.key.nparser.KeYParserBaseVisitor.visitDecls(KeYParserBaseVisitor.java:30)
	at de.uka.ilkd.key.nparser.KeYParser$DeclsContext.accept(KeYParser.java:500)
	at org.antlr.v4.runtime.tree.AbstractParseTreeVisitor.visitChildren(AbstractParseTreeVisitor.java:46)
	at de.uka.ilkd.key.nparser.KeYParserBaseVisitor.visitFile(KeYParserBaseVisitor.java:23)
	at de.uka.ilkd.key.nparser.KeYParser$FileContext.accept(KeYParser.java:306)
	at de.uka.ilkd.key.nparser.KeyAst.accept(KeyAst.java:41)
	at de.uka.ilkd.key.nparser.KeyAst$File.getIncludes(KeyAst.java:76)
	at de.uka.ilkd.key.proof.io.KeYFile.readIncludes(KeYFile.java:208)
	... 14 more
Could not find rule file rules/intRulesCheckedSemantics.key (file: /home/runner/work/key/key/key.core/../key.ui/examples/index/.././heap/block_loop_contracts/Free/blockContracts0.key; caused by: de.uka.ilkd.key.proof.init.ProofInputException: Could not find rule file rules/intRulesCheckedSemantics.key)
	at de.uka.ilkd.key.control.AbstractUserInterfaceControl.load(AbstractUserInterfaceControl.java:221)
	at de.uka.ilkd.key.control.KeYEnvironment.load(KeYEnvironment.java:251)
	at de.uka.ilkd.key.control.KeYEnvironment.load(KeYEnvironment.java:224)
	at de.uka.ilkd.key.control.KeYEnvironment.load(KeYEnvironment.java:184)
	at de.uka.ilkd.key.control.KeYEnvironment.load(KeYEnvironment.java:261)
	at de.uka.ilkd.key.proof.runallproofs.proofcollection.TestFile.load(TestFile.java:270)
	at de.uka.ilkd.key.proof.runallproofs.proofcollection.TestFile.runKey(TestFile.java:160)
	at de.uka.ilkd.key.proof.runallproofs.proofcollection.ForkedTestFileRunner.main(ForkedTestFileRunner.java:171)
Caused by: de.uka.ilkd.key.proof.init.ProofInputException: Could not find rule file rules/intRulesCheckedSemantics.key
	at de.uka.ilkd.key.proof.io.KeYFile.readIncludes(KeYFile.java:210)
	at de.uka.ilkd.key.proof.init.ProblemInitializer.readIncludes(ProblemInitializer.java:177)
	at de.uka.ilkd.key.proof.init.ProblemInitializer.readEnvInput(ProblemInitializer.java:325)
	at de.uka.ilkd.key.proof.init.ProblemInitializer.prepare(ProblemInitializer.java:449)
	at de.uka.ilkd.key.proof.io.AbstractProblemLoader.createInitConfig(AbstractProblemLoader.java:518)
	at de.uka.ilkd.key.proof.io.AbstractProblemLoader.loadEnvironment(AbstractProblemLoader.java:288)
	at de.uka.ilkd.key.proof.io.AbstractProblemLoader.load(AbstractProblemLoader.java:252)
	at de.uka.ilkd.key.control.AbstractUserInterfaceControl.load(AbstractUserInterfaceControl.java:209)
	... 7 more
Caused by: java.lang.RuntimeException: Could not find rule file rules/intRulesCheckedSemantics.key
	at de.uka.ilkd.key.proof.io.RuleSourceFactory.fromBuiltInRule(RuleSourceFactory.java:32)
	at de.uka.ilkd.key.proof.io.RuleSourceFactory.fromDefaultLocation(RuleSourceFactory.java:21)
	at de.uka.ilkd.key.nparser.builder.IncludeFinder.addInclude(IncludeFinder.java:63)
	at de.uka.ilkd.key.nparser.builder.IncludeFinder.visitOne_include(IncludeFinder.java:43)
	at de.uka.ilkd.key.nparser.builder.IncludeFinder.visitOne_include(IncludeFinder.java:20)
	at de.uka.ilkd.key.nparser.KeYParser$One_includeContext.accept(KeYParser.java:878)
	at de.uka.ilkd.key.nparser.builder.AbstractBuilder.lambda$mapOf$0(AbstractBuilder.java:112)
	at java.base/java.util.stream.ReferencePipeline$3$1.accept(ReferencePipeline.java:195)
	at java.base/java.util.ArrayList$ArrayListSpliterator.forEachRemaining(ArrayList.java:1655)
	at java.base/java.util.stream.AbstractPipeline.copyInto(AbstractPipeline.java:484)
	at java.base/java.util.stream.AbstractPipeline.wrapAndCopyInto(AbstractPipeline.java:474)
	at java.base/java.util.stream.ReduceOps$ReduceOp.evaluateSequential(ReduceOps.java:913)
	at java.base/java.util.stream.AbstractPipeline.evaluate(AbstractPipeline.java:234)
	at java.base/java.util.stream.ReferencePipeline.collect(ReferencePipeline.java:578)
	at de.uka.ilkd.key.nparser.builder.AbstractBuilder.mapOf(AbstractBuilder.java:112)
	at de.uka.ilkd.key.nparser.builder.IncludeFinder.visitOne_include_statement(IncludeFinder.java:35)
	at de.uka.ilkd.key.nparser.builder.IncludeFinder.visitOne_include_statement(IncludeFinder.java:20)
	at de.uka.ilkd.key.nparser.KeYParser$One_include_statementContext.accept(KeYParser.java:802)
	at org.antlr.v4.runtime.tree.AbstractParseTreeVisitor.visitChildren(AbstractParseTreeVisitor.java:46)
	at de.uka.ilkd.key.nparser.KeYParserBaseVisitor.visitDecls(KeYParserBaseVisitor.java:30)
	at de.uka.ilkd.key.nparser.KeYParser$DeclsContext.accept(KeYParser.java:500)
	at org.antlr.v4.runtime.tree.AbstractParseTreeVisitor.visitChildren(AbstractParseTreeVisitor.java:46)
	at de.uka.ilkd.key.nparser.KeYParserBaseVisitor.visitFile(KeYParserBaseVisitor.java:23)
	at de.uka.ilkd.key.nparser.KeYParser$FileContext.accept(KeYParser.java:306)
	at de.uka.ilkd.key.nparser.KeyAst.accept(KeyAst.java:41)
	at de.uka.ilkd.key.nparser.KeyAst$File.getIncludes(KeyAst.java:76)
	at de.uka.ilkd.key.proof.io.KeYFile.readIncludes(KeYFile.java:208)
	... 14 more
Could not find rule file rules/intRulesCheckedSemantics.key (file: /home/runner/work/key/key/key.core/../key.ui/examples/index/.././heap/block_loop_contracts/Free/blockContracts1.key; caused by: de.uka.ilkd.key.proof.init.ProofInputException: Could not find rule file rules/intRulesCheckedSemantics.key)
	at de.uka.ilkd.key.control.AbstractUserInterfaceControl.load(AbstractUserInterfaceControl.java:221)
	at de.uka.ilkd.key.control.KeYEnvironment.load(KeYEnvironment.java:251)
	at de.uka.ilkd.key.control.KeYEnvironment.load(KeYEnvironment.java:224)
	at de.uka.ilkd.key.control.KeYEnvironment.load(KeYEnvironment.java:184)
	at de.uka.ilkd.key.control.KeYEnvironment.load(KeYEnvironment.java:261)
	at de.uka.ilkd.key.proof.runallproofs.proofcollection.TestFile.load(TestFile.java:270)
	at de.uka.ilkd.key.proof.runallproofs.proofcollection.TestFile.runKey(TestFile.java:160)
	at de.uka.ilkd.key.proof.runallproofs.proofcollection.ForkedTestFileRunner.main(ForkedTestFileRunner.java:171)
Caused by: de.uka.ilkd.key.proof.init.ProofInputException: Could not find rule file rules/intRulesCheckedSemantics.key
	at de.uka.ilkd.key.proof.io.KeYFile.readIncludes(KeYFile.java:210)
	at de.uka.ilkd.key.proof.init.ProblemInitializer.readIncludes(ProblemInitializer.java:177)
	at de.uka.ilkd.key.proof.init.ProblemInitializer.readEnvInput(ProblemInitializer.java:325)
	at de.uka.ilkd.key.proof.init.ProblemInitializer.prepare(ProblemInitializer.java:449)
	at de.uka.ilkd.key.proof.io.AbstractProblemLoader.createInitConfig(AbstractProblemLoader.java:518)
	at de.uka.ilkd.key.proof.io.AbstractProblemLoader.loadEnvironment(AbstractProblemLoader.java:288)
	at de.uka.ilkd.key.proof.io.AbstractProblemLoader.load(AbstractProblemLoader.java:252)
	at de.uka.ilkd.key.control.AbstractUserInterfaceControl.load(AbstractUserInterfaceControl.java:209)
	... 7 more
Caused by: java.lang.RuntimeException: Could not find rule file rules/intRulesCheckedSemantics.key
	at de.uka.ilkd.key.proof.io.RuleSourceFactory.fromBuiltInRule(RuleSourceFactory.java:32)
	at de.uka.ilkd.key.proof.io.RuleSourceFactory.fromDefaultLocation(RuleSourceFactory.java:21)
	at de.uka.ilkd.key.nparser.builder.IncludeFinder.addInclude(IncludeFinder.java:63)
	at de.uka.ilkd.key.nparser.builder.IncludeFinder.visitOne_include(IncludeFinder.java:43)
	at de.uka.ilkd.key.nparser.builder.IncludeFinder.visitOne_include(IncludeFinder.java:20)
	at de.uka.ilkd.key.nparser.KeYParser$One_includeContext.accept(KeYParser.java:878)
	at de.uka.ilkd.key.nparser.builder.AbstractBuilder.lambda$mapOf$0(AbstractBuilder.java:112)
	at java.base/java.util.stream.ReferencePipeline$3$1.accept(ReferencePipeline.java:195)
	at java.base/java.util.ArrayList$ArrayListSpliterator.forEachRemaining(ArrayList.java:1655)
	at java.base/java.util.stream.AbstractPipeline.copyInto(AbstractPipeline.java:484)
	at java.base/java.util.stream.AbstractPipeline.wrapAndCopyInto(AbstractPipeline.java:474)
	at java.base/java.util.stream.ReduceOps$ReduceOp.evaluateSequential(ReduceOps.java:913)
	at java.base/java.util.stream.AbstractPipeline.evaluate(AbstractPipeline.java:234)
	at java.base/java.util.stream.ReferencePipeline.collect(ReferencePipeline.java:578)
	at de.uka.ilkd.key.nparser.builder.AbstractBuilder.mapOf(AbstractBuilder.java:112)
	at de.uka.ilkd.key.nparser.builder.IncludeFinder.visitOne_include_statement(IncludeFinder.java:35)
	at de.uka.ilkd.key.nparser.builder.IncludeFinder.visitOne_include_statement(IncludeFinder.java:20)
	at de.uka.ilkd.key.nparser.KeYParser$One_include_statementContext.accept(KeYParser.java:802)
	at org.antlr.v4.runtime.tree.AbstractParseTreeVisitor.visitChildren(AbstractParseTreeVisitor.java:46)
	at de.uka.ilkd.key.nparser.KeYParserBaseVisitor.visitDecls(KeYParserBaseVisitor.java:30)
	at de.uka.ilkd.key.nparser.KeYParser$DeclsContext.accept(KeYParser.java:500)
	at org.antlr.v4.runtime.tree.AbstractParseTreeVisitor.visitChildren(AbstractParseTreeVisitor.java:46)
	at de.uka.ilkd.key.nparser.KeYParserBaseVisitor.visitFile(KeYParserBaseVisitor.java:23)
	at de.uka.ilkd.key.nparser.KeYParser$FileContext.accept(KeYParser.java:306)
	at de.uka.ilkd.key.nparser.KeyAst.accept(KeyAst.java:41)
	at de.uka.ilkd.key.nparser.KeyAst$File.getIncludes(KeyAst.java:76)
	at de.uka.ilkd.key.proof.io.KeYFile.readIncludes(KeYFile.java:208)
	... 14 more
Could not find rule file rules/intRulesCheckedSemantics.key (file: /home/runner/work/key/key/key.core/../key.ui/examples/index/.././heap/block_loop_contracts/Finally/block_finally.key; caused by: de.uka.ilkd.key.proof.init.ProofInputException: Could not find rule file rules/intRulesCheckedSemantics.key)
	at de.uka.ilkd.key.control.AbstractUserInterfaceControl.load(AbstractUserInterfaceControl.java:221)
	at de.uka.ilkd.key.control.KeYEnvironment.load(KeYEnvironment.java:251)
	at de.uka.ilkd.key.control.KeYEnvironment.load(KeYEnvironment.java:224)
	at de.uka.ilkd.key.control.KeYEnvironment.load(KeYEnvironment.java:184)
	at de.uka.ilkd.key.control.KeYEnvironment.load(KeYEnvironment.java:261)
	at de.uka.ilkd.key.proof.runallproofs.proofcollection.TestFile.load(TestFile.java:270)
	at de.uka.ilkd.key.proof.runallproofs.proofcollection.TestFile.runKey(TestFile.java:160)
	at de.uka.ilkd.key.proof.runallproofs.proofcollection.ForkedTestFileRunner.main(ForkedTestFileRunner.java:171)
Caused by: de.uka.ilkd.key.proof.init.ProofInputException: Could not find rule file rules/intRulesCheckedSemantics.key
	at de.uka.ilkd.key.proof.io.KeYFile.readIncludes(KeYFile.java:210)
	at de.uka.ilkd.key.proof.init.ProblemInitializer.readIncludes(ProblemInitializer.java:177)
	at de.uka.ilkd.key.proof.init.ProblemInitializer.readEnvInput(ProblemInitializer.java:325)
	at de.uka.ilkd.key.proof.init.ProblemInitializer.prepare(ProblemInitializer.java:449)
	at de.uka.ilkd.key.proof.io.AbstractProblemLoader.createInitConfig(AbstractProblemLoader.java:518)
	at de.uka.ilkd.key.proof.io.AbstractProblemLoader.loadEnvironment(AbstractProblemLoader.java:288)
	at de.uka.ilkd.key.proof.io.AbstractProblemLoader.load(AbstractProblemLoader.java:252)
	at de.uka.ilkd.key.control.AbstractUserInterfaceControl.load(AbstractUserInterfaceControl.java:209)
	... 7 more
Caused by: java.lang.RuntimeException: Could not find rule file rules/intRulesCheckedSemantics.key
	at de.uka.ilkd.key.proof.io.RuleSourceFactory.fromBuiltInRule(RuleSourceFactory.java:32)
	at de.uka.ilkd.key.proof.io.RuleSourceFactory.fromDefaultLocation(RuleSourceFactory.java:21)
	at de.uka.ilkd.key.nparser.builder.IncludeFinder.addInclude(IncludeFinder.java:63)
	at de.uka.ilkd.key.nparser.builder.IncludeFinder.visitOne_include(IncludeFinder.java:43)
	at de.uka.ilkd.key.nparser.builder.IncludeFinder.visitOne_include(IncludeFinder.java:20)
	at de.uka.ilkd.key.nparser.KeYParser$One_includeContext.accept(KeYParser.java:878)
	at de.uka.ilkd.key.nparser.builder.AbstractBuilder.lambda$mapOf$0(AbstractBuilder.java:112)
	at java.base/java.util.stream.ReferencePipeline$3$1.accept(ReferencePipeline.java:195)
	at java.base/java.util.ArrayList$ArrayListSpliterator.forEachRemaining(ArrayList.java:1655)
	at java.base/java.util.stream.AbstractPipeline.copyInto(AbstractPipeline.java:484)
	at java.base/java.util.stream.AbstractPipeline.wrapAndCopyInto(AbstractPipeline.java:474)
	at java.base/java.util.stream.ReduceOps$ReduceOp.evaluateSequential(ReduceOps.java:913)
	at java.base/java.util.stream.AbstractPipeline.evaluate(AbstractPipeline.java:234)
	at java.base/java.util.stream.ReferencePipeline.collect(ReferencePipeline.java:578)
	at de.uka.ilkd.key.nparser.builder.AbstractBuilder.mapOf(AbstractBuilder.java:112)
	at de.uka.ilkd.key.nparser.builder.IncludeFinder.visitOne_include_statement(IncludeFinder.java:35)
	at de.uka.ilkd.key.nparser.builder.IncludeFinder.visitOne_include_statement(IncludeFinder.java:20)
	at de.uka.ilkd.key.nparser.KeYParser$One_include_statementContext.accept(KeYParser.java:802)
	at org.antlr.v4.runtime.tree.AbstractParseTreeVisitor.visitChildren(AbstractParseTreeVisitor.java:46)
	at de.uka.ilkd.key.nparser.KeYParserBaseVisitor.visitDecls(KeYParserBaseVisitor.java:30)
	at de.uka.ilkd.key.nparser.KeYParser$DeclsContext.accept(KeYParser.java:500)
	at org.antlr.v4.runtime.tree.AbstractParseTreeVisitor.visitChildren(AbstractParseTreeVisitor.java:46)
	at de.uka.ilkd.key.nparser.KeYParserBaseVisitor.visitFile(KeYParserBaseVisitor.java:23)
	at de.uka.ilkd.key.nparser.KeYParser$FileContext.accept(KeYParser.java:306)
	at de.uka.ilkd.key.nparser.KeyAst.accept(KeyAst.java:41)
	at de.uka.ilkd.key.nparser.KeyAst$File.getIncludes(KeyAst.java:76)
	at de.uka.ilkd.key.proof.io.KeYFile.readIncludes(KeYFile.java:208)
	... 14 more
Could not find rule file rules/intRulesCheckedSemantics.key (file: /home/runner/work/key/key/key.core/../key.ui/examples/index/.././heap/block_loop_contracts/Finally/loop_finally.key; caused by: de.uka.ilkd.key.proof.init.ProofInputException: Could not find rule file rules/intRulesCheckedSemantics.key)
	at de.uka.ilkd.key.control.AbstractUserInterfaceControl.load(AbstractUserInterfaceControl.java:221)
	at de.uka.ilkd.key.control.KeYEnvironment.load(KeYEnvironment.java:251)
	at de.uka.ilkd.key.control.KeYEnvironment.load(KeYEnvironment.java:224)
	at de.uka.ilkd.key.control.KeYEnvironment.load(KeYEnvironment.java:184)
	at de.uka.ilkd.key.control.KeYEnvironment.load(KeYEnvironment.java:261)
	at de.uka.ilkd.key.proof.runallproofs.proofcollection.TestFile.load(TestFile.java:270)
	at de.uka.ilkd.key.proof.runallproofs.proofcollection.TestFile.runKey(TestFile.java:160)
	at de.uka.ilkd.key.proof.runallproofs.proofcollection.ForkedTestFileRunner.main(ForkedTestFileRunner.java:171)
Caused by: de.uka.ilkd.key.proof.init.ProofInputException: Could not find rule file rules/intRulesCheckedSemantics.key
	at de.uka.ilkd.key.proof.io.KeYFile.readIncludes(KeYFile.java:210)
	at de.uka.ilkd.key.proof.init.ProblemInitializer.readIncludes(ProblemInitializer.java:177)
	at de.uka.ilkd.key.proof.init.ProblemInitializer.readEnvInput(ProblemInitializer.java:325)
	at de.uka.ilkd.key.proof.init.ProblemInitializer.prepare(ProblemInitializer.java:449)
	at de.uka.ilkd.key.proof.io.AbstractProblemLoader.createInitConfig(AbstractProblemLoader.java:518)
	at de.uka.ilkd.key.proof.io.AbstractProblemLoader.loadEnvironment(AbstractProblemLoader.java:288)
	at de.uka.ilkd.key.proof.io.AbstractProblemLoader.load(AbstractProblemLoader.java:252)
	at de.uka.ilkd.key.control.AbstractUserInterfaceControl.load(AbstractUserInterfaceControl.java:209)
	... 7 more
Caused by: java.lang.RuntimeException: Could not find rule file rules/intRulesCheckedSemantics.key
	at de.uka.ilkd.key.proof.io.RuleSourceFactory.fromBuiltInRule(RuleSourceFactory.java:32)
	at de.uka.ilkd.key.proof.io.RuleSourceFactory.fromDefaultLocation(RuleSourceFactory.java:21)
	at de.uka.ilkd.key.nparser.builder.IncludeFinder.addInclude(IncludeFinder.java:63)
	at de.uka.ilkd.key.nparser.builder.IncludeFinder.visitOne_include(IncludeFinder.java:43)
	at de.uka.ilkd.key.nparser.builder.IncludeFinder.visitOne_include(IncludeFinder.java:20)
	at de.uka.ilkd.key.nparser.KeYParser$One_includeContext.accept(KeYParser.java:878)
	at de.uka.ilkd.key.nparser.builder.AbstractBuilder.lambda$mapOf$0(AbstractBuilder.java:112)
	at java.base/java.util.stream.ReferencePipeline$3$1.accept(ReferencePipeline.java:195)
	at java.base/java.util.ArrayList$ArrayListSpliterator.forEachRemaining(ArrayList.java:1655)
	at java.base/java.util.stream.AbstractPipeline.copyInto(AbstractPipeline.java:484)
	at java.base/java.util.stream.AbstractPipeline.wrapAndCopyInto(AbstractPipeline.java:474)
	at java.base/java.util.stream.ReduceOps$ReduceOp.evaluateSequential(ReduceOps.java:913)
	at java.base/java.util.stream.AbstractPipeline.evaluate(AbstractPipeline.java:234)
	at java.base/java.util.stream.ReferencePipeline.collect(ReferencePipeline.java:578)
	at de.uka.ilkd.key.nparser.builder.AbstractBuilder.mapOf(AbstractBuilder.java:112)
	at de.uka.ilkd.key.nparser.builder.IncludeFinder.visitOne_include_statement(IncludeFinder.java:35)
	at de.uka.ilkd.key.nparser.builder.IncludeFinder.visitOne_include_statement(IncludeFinder.java:20)
	at de.uka.ilkd.key.nparser.KeYParser$One_include_statementContext.accept(KeYParser.java:802)
	at org.antlr.v4.runtime.tree.AbstractParseTreeVisitor.visitChildren(AbstractParseTreeVisitor.java:46)
	at de.uka.ilkd.key.nparser.KeYParserBaseVisitor.visitDecls(KeYParserBaseVisitor.java:30)
	at de.uka.ilkd.key.nparser.KeYParser$DeclsContext.accept(KeYParser.java:500)
	at org.antlr.v4.runtime.tree.AbstractParseTreeVisitor.visitChildren(AbstractParseTreeVisitor.java:46)
	at de.uka.ilkd.key.nparser.KeYParserBaseVisitor.visitFile(KeYParserBaseVisitor.java:23)
	at de.uka.ilkd.key.nparser.KeYParser$FileContext.accept(KeYParser.java:306)
	at de.uka.ilkd.key.nparser.KeyAst.accept(KeyAst.java:41)
	at de.uka.ilkd.key.nparser.KeyAst$File.getIncludes(KeyAst.java:76)
	at de.uka.ilkd.key.proof.io.KeYFile.readIncludes(KeYFile.java:208)
	... 14 more
Exception in thread "main" org.opentest4j.AssertionFailedError: Exception during the execution of proofs. See log for more details.
	at org.junit.jupiter.api.AssertionUtils.fail(AssertionUtils.java:39)
	at org.junit.jupiter.api.Assertions.fail(Assertions.java:134)
	at de.uka.ilkd.key.proof.runallproofs.proofcollection.ForkedTestFileRunner.main(ForkedTestFileRunner.java:192)
Timeout watcher launched (2000 secs.)
Could not find rule file rules/intRulesCheckedSemantics.key (file: /home/runner/work/key/key/key.core/../key.ui/examples/index/.././standard_key/java_dl/jml-assert/assert.key; caused by: de.uka.ilkd.key.proof.init.ProofInputException: Could not find rule file rules/intRulesCheckedSemantics.key)
	at de.uka.ilkd.key.control.AbstractUserInterfaceControl.load(AbstractUserInterfaceControl.java:221)
	at de.uka.ilkd.key.control.KeYEnvironment.load(KeYEnvironment.java:251)
	at de.uka.ilkd.key.control.KeYEnvironment.load(KeYEnvironment.java:224)
	at de.uka.ilkd.key.control.KeYEnvironment.load(KeYEnvironment.java:184)
	at de.uka.ilkd.key.control.KeYEnvironment.load(KeYEnvironment.java:261)
	at de.uka.ilkd.key.proof.runallproofs.proofcollection.TestFile.load(TestFile.java:270)
	at de.uka.ilkd.key.proof.runallproofs.proofcollection.TestFile.runKey(TestFile.java:160)
	at de.uka.ilkd.key.proof.runallproofs.proofcollection.ForkedTestFileRunner.main(ForkedTestFileRunner.java:171)
Caused by: de.uka.ilkd.key.proof.init.ProofInputException: Could not find rule file rules/intRulesCheckedSemantics.key
	at de.uka.ilkd.key.proof.io.KeYFile.readIncludes(KeYFile.java:210)
	at de.uka.ilkd.key.proof.init.ProblemInitializer.readIncludes(ProblemInitializer.java:177)
	at de.uka.ilkd.key.proof.init.ProblemInitializer.readEnvInput(ProblemInitializer.java:325)
	at de.uka.ilkd.key.proof.init.ProblemInitializer.prepare(ProblemInitializer.java:449)
	at de.uka.ilkd.key.proof.io.AbstractProblemLoader.createInitConfig(AbstractProblemLoader.java:518)
	at de.uka.ilkd.key.proof.io.AbstractProblemLoader.loadEnvironment(AbstractProblemLoader.java:288)
	at de.uka.ilkd.key.proof.io.AbstractProblemLoader.load(AbstractProblemLoader.java:252)
	at de.uka.ilkd.key.control.AbstractUserInterfaceControl.load(AbstractUserInterfaceControl.java:209)
	... 7 more
Caused by: java.lang.RuntimeException: Could not find rule file rules/intRulesCheckedSemantics.key
	at de.uka.ilkd.key.proof.io.RuleSourceFactory.fromBuiltInRule(RuleSourceFactory.java:32)
	at de.uka.ilkd.key.proof.io.RuleSourceFactory.fromDefaultLocation(RuleSourceFactory.java:21)
	at de.uka.ilkd.key.nparser.builder.IncludeFinder.addInclude(IncludeFinder.java:63)
	at de.uka.ilkd.key.nparser.builder.IncludeFinder.visitOne_include(IncludeFinder.java:43)
	at de.uka.ilkd.key.nparser.builder.IncludeFinder.visitOne_include(IncludeFinder.java:20)
	at de.uka.ilkd.key.nparser.KeYParser$One_includeContext.accept(KeYParser.java:878)
	at de.uka.ilkd.key.nparser.builder.AbstractBuilder.lambda$mapOf$0(AbstractBuilder.java:112)
	at java.base/java.util.stream.ReferencePipeline$3$1.accept(ReferencePipeline.java:195)
	at java.base/java.util.ArrayList$ArrayListSpliterator.forEachRemaining(ArrayList.java:1655)
	at java.base/java.util.stream.AbstractPipeline.copyInto(AbstractPipeline.java:484)
	at java.base/java.util.stream.AbstractPipeline.wrapAndCopyInto(AbstractPipeline.java:474)
	at java.base/java.util.stream.ReduceOps$ReduceOp.evaluateSequential(ReduceOps.java:913)
	at java.base/java.util.stream.AbstractPipeline.evaluate(AbstractPipeline.java:234)
	at java.base/java.util.stream.ReferencePipeline.collect(ReferencePipeline.java:578)
	at de.uka.ilkd.key.nparser.builder.AbstractBuilder.mapOf(AbstractBuilder.java:112)
	at de.uka.ilkd.key.nparser.builder.IncludeFinder.visitOne_include_statement(IncludeFinder.java:35)
	at de.uka.ilkd.key.nparser.builder.IncludeFinder.visitOne_include_statement(IncludeFinder.java:20)
	at de.uka.ilkd.key.nparser.KeYParser$One_include_statementContext.accept(KeYParser.java:802)
	at org.antlr.v4.runtime.tree.AbstractParseTreeVisitor.visitChildren(AbstractParseTreeVisitor.java:46)
	at de.uka.ilkd.key.nparser.KeYParserBaseVisitor.visitDecls(KeYParserBaseVisitor.java:30)
	at de.uka.ilkd.key.nparser.KeYParser$DeclsContext.accept(KeYParser.java:500)
	at org.antlr.v4.runtime.tree.AbstractParseTreeVisitor.visitChildren(AbstractParseTreeVisitor.java:46)
	at de.uka.ilkd.key.nparser.KeYParserBaseVisitor.visitFile(KeYParserBaseVisitor.java:23)
	at de.uka.ilkd.key.nparser.KeYParser$FileContext.accept(KeYParser.java:306)
	at de.uka.ilkd.key.nparser.KeyAst.accept(KeyAst.java:41)
	at de.uka.ilkd.key.nparser.KeyAst$File.getIncludes(KeyAst.java:76)
	at de.uka.ilkd.key.proof.io.KeYFile.readIncludes(KeYFile.java:208)
	... 14 more
Could not find rule file rules/intRulesCheckedSemantics.key (file: /home/runner/work/key/key/key.core/../key.ui/examples/index/.././heap/block_loop_contracts/Free/assertions0.key; caused by: de.uka.ilkd.key.proof.init.ProofInputException: Could not find rule file rules/intRulesCheckedSemantics.key)
	at de.uka.ilkd.key.control.AbstractUserInterfaceControl.load(AbstractUserInterfaceControl.java:221)
	at de.uka.ilkd.key.control.KeYEnvironment.load(KeYEnvironment.java:251)
	at de.uka.ilkd.key.control.KeYEnvironment.load(KeYEnvironment.java:224)
	at de.uka.ilkd.key.control.KeYEnvironment.load(KeYEnvironment.java:184)
	at de.uka.ilkd.key.control.KeYEnvironment.load(KeYEnvironment.java:261)
	at de.uka.ilkd.key.proof.runallproofs.proofcollection.TestFile.load(TestFile.java:270)
	at de.uka.ilkd.key.proof.runallproofs.proofcollection.TestFile.runKey(TestFile.java:160)
	at de.uka.ilkd.key.proof.runallproofs.proofcollection.ForkedTestFileRunner.main(ForkedTestFileRunner.java:171)
Caused by: de.uka.ilkd.key.proof.init.ProofInputException: Could not find rule file rules/intRulesCheckedSemantics.key
	at de.uka.ilkd.key.proof.io.KeYFile.readIncludes(KeYFile.java:210)
	at de.uka.ilkd.key.proof.init.ProblemInitializer.readIncludes(ProblemInitializer.java:177)
	at de.uka.ilkd.key.proof.init.ProblemInitializer.readEnvInput(ProblemInitializer.java:325)
	at de.uka.ilkd.key.proof.init.ProblemInitializer.prepare(ProblemInitializer.java:449)
	at de.uka.ilkd.key.proof.io.AbstractProblemLoader.createInitConfig(AbstractProblemLoader.java:518)
	at de.uka.ilkd.key.proof.io.AbstractProblemLoader.loadEnvironment(AbstractProblemLoader.java:288)
	at de.uka.ilkd.key.proof.io.AbstractProblemLoader.load(AbstractProblemLoader.java:252)
	at de.uka.ilkd.key.control.AbstractUserInterfaceControl.load(AbstractUserInterfaceControl.java:209)
	... 7 more
Caused by: java.lang.RuntimeException: Could not find rule file rules/intRulesCheckedSemantics.key
	at de.uka.ilkd.key.proof.io.RuleSourceFactory.fromBuiltInRule(RuleSourceFactory.java:32)
	at de.uka.ilkd.key.proof.io.RuleSourceFactory.fromDefaultLocation(RuleSourceFactory.java:21)
	at de.uka.ilkd.key.nparser.builder.IncludeFinder.addInclude(IncludeFinder.java:63)
	at de.uka.ilkd.key.nparser.builder.IncludeFinder.visitOne_include(IncludeFinder.java:43)
	at de.uka.ilkd.key.nparser.builder.IncludeFinder.visitOne_include(IncludeFinder.java:20)
	at de.uka.ilkd.key.nparser.KeYParser$One_includeContext.accept(KeYParser.java:878)
	at de.uka.ilkd.key.nparser.builder.AbstractBuilder.lambda$mapOf$0(AbstractBuilder.java:112)
	at java.base/java.util.stream.ReferencePipeline$3$1.accept(ReferencePipeline.java:195)
	at java.base/java.util.ArrayList$ArrayListSpliterator.forEachRemaining(ArrayList.java:1655)
	at java.base/java.util.stream.AbstractPipeline.copyInto(AbstractPipeline.java:484)
	at java.base/java.util.stream.AbstractPipeline.wrapAndCopyInto(AbstractPipeline.java:474)
	at java.base/java.util.stream.ReduceOps$ReduceOp.evaluateSequential(ReduceOps.java:913)
	at java.base/java.util.stream.AbstractPipeline.evaluate(AbstractPipeline.java:234)
	at java.base/java.util.stream.ReferencePipeline.collect(ReferencePipeline.java:578)
	at de.uka.ilkd.key.nparser.builder.AbstractBuilder.mapOf(AbstractBuilder.java:112)
	at de.uka.ilkd.key.nparser.builder.IncludeFinder.visitOne_include_statement(IncludeFinder.java:35)
	at de.uka.ilkd.key.nparser.builder.IncludeFinder.visitOne_include_statement(IncludeFinder.java:20)
	at de.uka.ilkd.key.nparser.KeYParser$One_include_statementContext.accept(KeYParser.java:802)
	at org.antlr.v4.runtime.tree.AbstractParseTreeVisitor.visitChildren(AbstractParseTreeVisitor.java:46)
	at de.uka.ilkd.key.nparser.KeYParserBaseVisitor.visitDecls(KeYParserBaseVisitor.java:30)
	at de.uka.ilkd.key.nparser.KeYParser$DeclsContext.accept(KeYParser.java:500)
	at org.antlr.v4.runtime.tree.AbstractParseTreeVisitor.visitChildren(AbstractParseTreeVisitor.java:46)
	at de.uka.ilkd.key.nparser.KeYParserBaseVisitor.visitFile(KeYParserBaseVisitor.java:23)
	at de.uka.ilkd.key.nparser.KeYParser$FileContext.accept(KeYParser.java:306)
	at de.uka.ilkd.key.nparser.KeyAst.accept(KeyAst.java:41)
	at de.uka.ilkd.key.nparser.KeyAst$File.getIncludes(KeyAst.java:76)
	at de.uka.ilkd.key.proof.io.KeYFile.readIncludes(KeYFile.java:208)
	... 14 more
Could not find rule file rules/intRulesCheckedSemantics.key (file: /home/runner/work/key/key/key.core/../key.ui/examples/index/.././heap/block_loop_contracts/Free/assertions1.key; caused by: de.uka.ilkd.key.proof.init.ProofInputException: Could not find rule file rules/intRulesCheckedSemantics.key)
	at de.uka.ilkd.key.control.AbstractUserInterfaceControl.load(AbstractUserInterfaceControl.java:221)
	at de.uka.ilkd.key.control.KeYEnvironment.load(KeYEnvironment.java:251)
	at de.uka.ilkd.key.control.KeYEnvironment.load(KeYEnvironment.java:224)
	at de.uka.ilkd.key.control.KeYEnvironment.load(KeYEnvironment.java:184)
	at de.uka.ilkd.key.control.KeYEnvironment.load(KeYEnvironment.java:261)
	at de.uka.ilkd.key.proof.runallproofs.proofcollection.TestFile.load(TestFile.java:270)
	at de.uka.ilkd.key.proof.runallproofs.proofcollection.TestFile.runKey(TestFile.java:160)
	at de.uka.ilkd.key.proof.runallproofs.proofcollection.ForkedTestFileRunner.main(ForkedTestFileRunner.java:171)
Caused by: de.uka.ilkd.key.proof.init.ProofInputException: Could not find rule file rules/intRulesCheckedSemantics.key
	at de.uka.ilkd.key.proof.io.KeYFile.readIncludes(KeYFile.java:210)
	at de.uka.ilkd.key.proof.init.ProblemInitializer.readIncludes(ProblemInitializer.java:177)
	at de.uka.ilkd.key.proof.init.ProblemInitializer.readEnvInput(ProblemInitializer.java:325)
	at de.uka.ilkd.key.proof.init.ProblemInitializer.prepare(ProblemInitializer.java:449)
	at de.uka.ilkd.key.proof.io.AbstractProblemLoader.createInitConfig(AbstractProblemLoader.java:518)
	at de.uka.ilkd.key.proof.io.AbstractProblemLoader.loadEnvironment(AbstractProblemLoader.java:288)
	at de.uka.ilkd.key.proof.io.AbstractProblemLoader.load(AbstractProblemLoader.java:252)
	at de.uka.ilkd.key.control.AbstractUserInterfaceControl.load(AbstractUserInterfaceControl.java:209)
	... 7 more
Caused by: java.lang.RuntimeException: Could not find rule file rules/intRulesCheckedSemantics.key
	at de.uka.ilkd.key.proof.io.RuleSourceFactory.fromBuiltInRule(RuleSourceFactory.java:32)
	at de.uka.ilkd.key.proof.io.RuleSourceFactory.fromDefaultLocation(RuleSourceFactory.java:21)
	at de.uka.ilkd.key.nparser.builder.IncludeFinder.addInclude(IncludeFinder.java:63)
	at de.uka.ilkd.key.nparser.builder.IncludeFinder.visitOne_include(IncludeFinder.java:43)
	at de.uka.ilkd.key.nparser.builder.IncludeFinder.visitOne_include(IncludeFinder.java:20)
	at de.uka.ilkd.key.nparser.KeYParser$One_includeContext.accept(KeYParser.java:878)
	at de.uka.ilkd.key.nparser.builder.AbstractBuilder.lambda$mapOf$0(AbstractBuilder.java:112)
	at java.base/java.util.stream.ReferencePipeline$3$1.accept(ReferencePipeline.java:195)
	at java.base/java.util.ArrayList$ArrayListSpliterator.forEachRemaining(ArrayList.java:1655)
	at java.base/java.util.stream.AbstractPipeline.copyInto(AbstractPipeline.java:484)
	at java.base/java.util.stream.AbstractPipeline.wrapAndCopyInto(AbstractPipeline.java:474)
	at java.base/java.util.stream.ReduceOps$ReduceOp.evaluateSequential(ReduceOps.java:913)
	at java.base/java.util.stream.AbstractPipeline.evaluate(AbstractPipeline.java:234)
	at java.base/java.util.stream.ReferencePipeline.collect(ReferencePipeline.java:578)
	at de.uka.ilkd.key.nparser.builder.AbstractBuilder.mapOf(AbstractBuilder.java:112)
	at de.uka.ilkd.key.nparser.builder.IncludeFinder.visitOne_include_statement(IncludeFinder.java:35)
	at de.uka.ilkd.key.nparser.builder.IncludeFinder.visitOne_include_statement(IncludeFinder.java:20)
	at de.uka.ilkd.key.nparser.KeYParser$One_include_statementContext.accept(KeYParser.java:802)
	at org.antlr.v4.runtime.tree.AbstractParseTreeVisitor.visitChildren(AbstractParseTreeVisitor.java:46)
	at de.uka.ilkd.key.nparser.KeYParserBaseVisitor.visitDecls(KeYParserBaseVisitor.java:30)
	at de.uka.ilkd.key.nparser.KeYParser$DeclsContext.accept(KeYParser.java:500)
	at org.antlr.v4.runtime.tree.AbstractParseTreeVisitor.visitChildren(AbstractParseTreeVisitor.java:46)
	at de.uka.ilkd.key.nparser.KeYParserBaseVisitor.visitFile(KeYParserBaseVisitor.java:23)
	at de.uka.ilkd.key.nparser.KeYParser$FileContext.accept(KeYParser.java:306)
	at de.uka.ilkd.key.nparser.KeyAst.accept(KeyAst.java:41)
	at de.uka.ilkd.key.nparser.KeyAst$File.getIncludes(KeyAst.java:76)
	at de.uka.ilkd.key.proof.io.KeYFile.readIncludes(KeYFile.java:208)
	... 14 more
Could not find rule file rules/intRulesCheckedSemantics.key (file: /home/runner/work/key/key/key.core/../key.ui/examples/index/.././standard_key/java_dl/jml-assert/recursion-assert.key; caused by: de.uka.ilkd.key.proof.init.ProofInputException: Could not find rule file rules/intRulesCheckedSemantics.key)
	at de.uka.ilkd.key.control.AbstractUserInterfaceControl.load(AbstractUserInterfaceControl.java:221)
	at de.uka.ilkd.key.control.KeYEnvironment.load(KeYEnvironment.java:251)
	at de.uka.ilkd.key.control.KeYEnvironment.load(KeYEnvironment.java:224)
	at de.uka.ilkd.key.control.KeYEnvironment.load(KeYEnvironment.java:184)
	at de.uka.ilkd.key.control.KeYEnvironment.load(KeYEnvironment.java:261)
	at de.uka.ilkd.key.proof.runallproofs.proofcollection.TestFile.load(TestFile.java:270)
	at de.uka.ilkd.key.proof.runallproofs.proofcollection.TestFile.runKey(TestFile.java:160)
	at de.uka.ilkd.key.proof.runallproofs.proofcollection.ForkedTestFileRunner.main(ForkedTestFileRunner.java:171)
Caused by: de.uka.ilkd.key.proof.init.ProofInputException: Could not find rule file rules/intRulesCheckedSemantics.key
	at de.uka.ilkd.key.proof.io.KeYFile.readIncludes(KeYFile.java:210)
	at de.uka.ilkd.key.proof.init.ProblemInitializer.readIncludes(ProblemInitializer.java:177)
	at de.uka.ilkd.key.proof.init.ProblemInitializer.readEnvInput(ProblemInitializer.java:325)
	at de.uka.ilkd.key.proof.init.ProblemInitializer.prepare(ProblemInitializer.java:449)
	at de.uka.ilkd.key.proof.io.AbstractProblemLoader.createInitConfig(AbstractProblemLoader.java:518)
	at de.uka.ilkd.key.proof.io.AbstractProblemLoader.loadEnvironment(AbstractProblemLoader.java:288)
	at de.uka.ilkd.key.proof.io.AbstractProblemLoader.load(AbstractProblemLoader.java:252)
	at de.uka.ilkd.key.control.AbstractUserInterfaceControl.load(AbstractUserInterfaceControl.java:209)
	... 7 more
Caused by: java.lang.RuntimeException: Could not find rule file rules/intRulesCheckedSemantics.key
	at de.uka.ilkd.key.proof.io.RuleSourceFactory.fromBuiltInRule(RuleSourceFactory.java:32)
	at de.uka.ilkd.key.proof.io.RuleSourceFactory.fromDefaultLocation(RuleSourceFactory.java:21)
	at de.uka.ilkd.key.nparser.builder.IncludeFinder.addInclude(IncludeFinder.java:63)
	at de.uka.ilkd.key.nparser.builder.IncludeFinder.visitOne_include(IncludeFinder.java:43)
	at de.uka.ilkd.key.nparser.builder.IncludeFinder.visitOne_include(IncludeFinder.java:20)
	at de.uka.ilkd.key.nparser.KeYParser$One_includeContext.accept(KeYParser.java:878)
	at de.uka.ilkd.key.nparser.builder.AbstractBuilder.lambda$mapOf$0(AbstractBuilder.java:112)
	at java.base/java.util.stream.ReferencePipeline$3$1.accept(ReferencePipeline.java:195)
	at java.base/java.util.ArrayList$ArrayListSpliterator.forEachRemaining(ArrayList.java:1655)
	at java.base/java.util.stream.AbstractPipeline.copyInto(AbstractPipeline.java:484)
	at java.base/java.util.stream.AbstractPipeline.wrapAndCopyInto(AbstractPipeline.java:474)
	at java.base/java.util.stream.ReduceOps$ReduceOp.evaluateSequential(ReduceOps.java:913)
	at java.base/java.util.stream.AbstractPipeline.evaluate(AbstractPipeline.java:234)
	at java.base/java.util.stream.ReferencePipeline.collect(ReferencePipeline.java:578)
	at de.uka.ilkd.key.nparser.builder.AbstractBuilder.mapOf(AbstractBuilder.java:112)
	at de.uka.ilkd.key.nparser.builder.IncludeFinder.visitOne_include_statement(IncludeFinder.java:35)
	at de.uka.ilkd.key.nparser.builder.IncludeFinder.visitOne_include_statement(IncludeFinder.java:20)
	at de.uka.ilkd.key.nparser.KeYParser$One_include_statementContext.accept(KeYParser.java:802)
	at org.antlr.v4.runtime.tree.AbstractParseTreeVisitor.visitChildren(AbstractParseTreeVisitor.java:46)
	at de.uka.ilkd.key.nparser.KeYParserBaseVisitor.visitDecls(KeYParserBaseVisitor.java:30)
	at de.uka.ilkd.key.nparser.KeYParser$DeclsContext.accept(KeYParser.java:500)
	at org.antlr.v4.runtime.tree.AbstractParseTreeVisitor.visitChildren(AbstractParseTreeVisitor.java:46)
	at de.uka.ilkd.key.nparser.KeYParserBaseVisitor.visitFile(KeYParserBaseVisitor.java:23)
	at de.uka.ilkd.key.nparser.KeYParser$FileContext.accept(KeYParser.java:306)
	at de.uka.ilkd.key.nparser.KeyAst.accept(KeyAst.java:41)
	at de.uka.ilkd.key.nparser.KeyAst$File.getIncludes(KeyAst.java:76)
	at de.uka.ilkd.key.proof.io.KeYFile.readIncludes(KeYFile.java:208)
	... 14 more
Could not find rule file rules/intRulesCheckedSemantics.key (file: /home/runner/work/key/key/key.core/../key.ui/examples/index/.././standard_key/java_dl/jml-assert/recursion-assume.key; caused by: de.uka.ilkd.key.proof.init.ProofInputException: Could not find rule file rules/intRulesCheckedSemantics.key)
	at de.uka.ilkd.key.control.AbstractUserInterfaceControl.load(AbstractUserInterfaceControl.java:221)
	at de.uka.ilkd.key.control.KeYEnvironment.load(KeYEnvironment.java:251)
	at de.uka.ilkd.key.control.KeYEnvironment.load(KeYEnvironment.java:224)
	at de.uka.ilkd.key.control.KeYEnvironment.load(KeYEnvironment.java:184)
	at de.uka.ilkd.key.control.KeYEnvironment.load(KeYEnvironment.java:261)
	at de.uka.ilkd.key.proof.runallproofs.proofcollection.TestFile.load(TestFile.java:270)
	at de.uka.ilkd.key.proof.runallproofs.proofcollection.TestFile.runKey(TestFile.java:160)
	at de.uka.ilkd.key.proof.runallproofs.proofcollection.ForkedTestFileRunner.main(ForkedTestFileRunner.java:171)
Caused by: de.uka.ilkd.key.proof.init.ProofInputException: Could not find rule file rules/intRulesCheckedSemantics.key
	at de.uka.ilkd.key.proof.io.KeYFile.readIncludes(KeYFile.java:210)
	at de.uka.ilkd.key.proof.init.ProblemInitializer.readIncludes(ProblemInitializer.java:177)
	at de.uka.ilkd.key.proof.init.ProblemInitializer.readEnvInput(ProblemInitializer.java:325)
	at de.uka.ilkd.key.proof.init.ProblemInitializer.prepare(ProblemInitializer.java:449)
	at de.uka.ilkd.key.proof.io.AbstractProblemLoader.createInitConfig(AbstractProblemLoader.java:518)
	at de.uka.ilkd.key.proof.io.AbstractProblemLoader.loadEnvironment(AbstractProblemLoader.java:288)
	at de.uka.ilkd.key.proof.io.AbstractProblemLoader.load(AbstractProblemLoader.java:252)
	at de.uka.ilkd.key.control.AbstractUserInterfaceControl.load(AbstractUserInterfaceControl.java:209)
	... 7 more
Caused by: java.lang.RuntimeException: Could not find rule file rules/intRulesCheckedSemantics.key
	at de.uka.ilkd.key.proof.io.RuleSourceFactory.fromBuiltInRule(RuleSourceFactory.java:32)
	at de.uka.ilkd.key.proof.io.RuleSourceFactory.fromDefaultLocation(RuleSourceFactory.java:21)
	at de.uka.ilkd.key.nparser.builder.IncludeFinder.addInclude(IncludeFinder.java:63)
	at de.uka.ilkd.key.nparser.builder.IncludeFinder.visitOne_include(IncludeFinder.java:43)
	at de.uka.ilkd.key.nparser.builder.IncludeFinder.visitOne_include(IncludeFinder.java:20)
	at de.uka.ilkd.key.nparser.KeYParser$One_includeContext.accept(KeYParser.java:878)
	at de.uka.ilkd.key.nparser.builder.AbstractBuilder.lambda$mapOf$0(AbstractBuilder.java:112)
	at java.base/java.util.stream.ReferencePipeline$3$1.accept(ReferencePipeline.java:195)
	at java.base/java.util.ArrayList$ArrayListSpliterator.forEachRemaining(ArrayList.java:1655)
	at java.base/java.util.stream.AbstractPipeline.copyInto(AbstractPipeline.java:484)
	at java.base/java.util.stream.AbstractPipeline.wrapAndCopyInto(AbstractPipeline.java:474)
	at java.base/java.util.stream.ReduceOps$ReduceOp.evaluateSequential(ReduceOps.java:913)
	at java.base/java.util.stream.AbstractPipeline.evaluate(AbstractPipeline.java:234)
	at java.base/java.util.stream.ReferencePipeline.collect(ReferencePipeline.java:578)
	at de.uka.ilkd.key.nparser.builder.AbstractBuilder.mapOf(AbstractBuilder.java:112)
	at de.uka.ilkd.key.nparser.builder.IncludeFinder.visitOne_include_statement(IncludeFinder.java:35)
	at de.uka.ilkd.key.nparser.builder.IncludeFinder.visitOne_include_statement(IncludeFinder.java:20)
	at de.uka.ilkd.key.nparser.KeYParser$One_include_statementContext.accept(KeYParser.java:802)
	at org.antlr.v4.runtime.tree.AbstractParseTreeVisitor.visitChildren(AbstractParseTreeVisitor.java:46)
	at de.uka.ilkd.key.nparser.KeYParserBaseVisitor.visitDecls(KeYParserBaseVisitor.java:30)
	at de.uka.ilkd.key.nparser.KeYParser$DeclsContext.accept(KeYParser.java:500)
	at org.antlr.v4.runtime.tree.AbstractParseTreeVisitor.visitChildren(AbstractParseTreeVisitor.java:46)
	at de.uka.ilkd.key.nparser.KeYParserBaseVisitor.visitFile(KeYParserBaseVisitor.java:23)
	at de.uka.ilkd.key.nparser.KeYParser$FileContext.accept(KeYParser.java:306)
	at de.uka.ilkd.key.nparser.KeyAst.accept(KeyAst.java:41)
	at de.uka.ilkd.key.nparser.KeyAst$File.getIncludes(KeyAst.java:76)
	at de.uka.ilkd.key.proof.io.KeYFile.readIncludes(KeYFile.java:208)
	... 14 more
Could not find rule file rules/intRulesCheckedSemantics.key (file: /home/runner/work/key/key/key.core/../key.ui/examples/index/.././standard_key/java_dl/jml-assert/quantor-assert.key; caused by: de.uka.ilkd.key.proof.init.ProofInputException: Could not find rule file rules/intRulesCheckedSemantics.key)
	at de.uka.ilkd.key.control.AbstractUserInterfaceControl.load(AbstractUserInterfaceControl.java:221)
	at de.uka.ilkd.key.control.KeYEnvironment.load(KeYEnvironment.java:251)
	at de.uka.ilkd.key.control.KeYEnvironment.load(KeYEnvironment.java:224)
	at de.uka.ilkd.key.control.KeYEnvironment.load(KeYEnvironment.java:184)
	at de.uka.ilkd.key.control.KeYEnvironment.load(KeYEnvironment.java:261)
	at de.uka.ilkd.key.proof.runallproofs.proofcollection.TestFile.load(TestFile.java:270)
	at de.uka.ilkd.key.proof.runallproofs.proofcollection.TestFile.runKey(TestFile.java:160)
	at de.uka.ilkd.key.proof.runallproofs.proofcollection.ForkedTestFileRunner.main(ForkedTestFileRunner.java:171)
Caused by: de.uka.ilkd.key.proof.init.ProofInputException: Could not find rule file rules/intRulesCheckedSemantics.key
	at de.uka.ilkd.key.proof.io.KeYFile.readIncludes(KeYFile.java:210)
	at de.uka.ilkd.key.proof.init.ProblemInitializer.readIncludes(ProblemInitializer.java:177)
	at de.uka.ilkd.key.proof.init.ProblemInitializer.readEnvInput(ProblemInitializer.java:325)
	at de.uka.ilkd.key.proof.init.ProblemInitializer.prepare(ProblemInitializer.java:449)
	at de.uka.ilkd.key.proof.io.AbstractProblemLoader.createInitConfig(AbstractProblemLoader.java:518)
	at de.uka.ilkd.key.proof.io.AbstractProblemLoader.loadEnvironment(AbstractProblemLoader.java:288)
	at de.uka.ilkd.key.proof.io.AbstractProblemLoader.load(AbstractProblemLoader.java:252)
	at de.uka.ilkd.key.control.AbstractUserInterfaceControl.load(AbstractUserInterfaceControl.java:209)
	... 7 more
Caused by: java.lang.RuntimeException: Could not find rule file rules/intRulesCheckedSemantics.key
	at de.uka.ilkd.key.proof.io.RuleSourceFactory.fromBuiltInRule(RuleSourceFactory.java:32)
	at de.uka.ilkd.key.proof.io.RuleSourceFactory.fromDefaultLocation(RuleSourceFactory.java:21)
	at de.uka.ilkd.key.nparser.builder.IncludeFinder.addInclude(IncludeFinder.java:63)
	at de.uka.ilkd.key.nparser.builder.IncludeFinder.visitOne_include(IncludeFinder.java:43)
	at de.uka.ilkd.key.nparser.builder.IncludeFinder.visitOne_include(IncludeFinder.java:20)
	at de.uka.ilkd.key.nparser.KeYParser$One_includeContext.accept(KeYParser.java:878)
	at de.uka.ilkd.key.nparser.builder.AbstractBuilder.lambda$mapOf$0(AbstractBuilder.java:112)
	at java.base/java.util.stream.ReferencePipeline$3$1.accept(ReferencePipeline.java:195)
	at java.base/java.util.ArrayList$ArrayListSpliterator.forEachRemaining(ArrayList.java:1655)
	at java.base/java.util.stream.AbstractPipeline.copyInto(AbstractPipeline.java:484)
	at java.base/java.util.stream.AbstractPipeline.wrapAndCopyInto(AbstractPipeline.java:474)
	at java.base/java.util.stream.ReduceOps$ReduceOp.evaluateSequential(ReduceOps.java:913)
	at java.base/java.util.stream.AbstractPipeline.evaluate(AbstractPipeline.java:234)
	at java.base/java.util.stream.ReferencePipeline.collect(ReferencePipeline.java:578)
	at de.uka.ilkd.key.nparser.builder.AbstractBuilder.mapOf(AbstractBuilder.java:112)
	at de.uka.ilkd.key.nparser.builder.IncludeFinder.visitOne_include_statement(IncludeFinder.java:35)
	at de.uka.ilkd.key.nparser.builder.IncludeFinder.visitOne_include_statement(IncludeFinder.java:20)
	at de.uka.ilkd.key.nparser.KeYParser$One_include_statementContext.accept(KeYParser.java:802)
	at org.antlr.v4.runtime.tree.AbstractParseTreeVisitor.visitChildren(AbstractParseTreeVisitor.java:46)
	at de.uka.ilkd.key.nparser.KeYParserBaseVisitor.visitDecls(KeYParserBaseVisitor.java:30)
	at de.uka.ilkd.key.nparser.KeYParser$DeclsContext.accept(KeYParser.java:500)
	at org.antlr.v4.runtime.tree.AbstractParseTreeVisitor.visitChildren(AbstractParseTreeVisitor.java:46)
	at de.uka.ilkd.key.nparser.KeYParserBaseVisitor.visitFile(KeYParserBaseVisitor.java:23)
	at de.uka.ilkd.key.nparser.KeYParser$FileContext.accept(KeYParser.java:306)
	at de.uka.ilkd.key.nparser.KeyAst.accept(KeyAst.java:41)
	at de.uka.ilkd.key.nparser.KeyAst$File.getIncludes(KeyAst.java:76)
	at de.uka.ilkd.key.proof.io.KeYFile.readIncludes(KeYFile.java:208)
	... 14 more
Could not find rule file rules/intRulesCheckedSemantics.key (file: /home/runner/work/key/key/key.core/../key.ui/examples/index/.././standard_key/java_dl/jml-assert/quantor-assume.key; caused by: de.uka.ilkd.key.proof.init.ProofInputException: Could not find rule file rules/intRulesCheckedSemantics.key)
	at de.uka.ilkd.key.control.AbstractUserInterfaceControl.load(AbstractUserInterfaceControl.java:221)
	at de.uka.ilkd.key.control.KeYEnvironment.load(KeYEnvironment.java:251)
	at de.uka.ilkd.key.control.KeYEnvironment.load(KeYEnvironment.java:224)
	at de.uka.ilkd.key.control.KeYEnvironment.load(KeYEnvironment.java:184)
	at de.uka.ilkd.key.control.KeYEnvironment.load(KeYEnvironment.java:261)
	at de.uka.ilkd.key.proof.runallproofs.proofcollection.TestFile.load(TestFile.java:270)
	at de.uka.ilkd.key.proof.runallproofs.proofcollection.TestFile.runKey(TestFile.java:160)
	at de.uka.ilkd.key.proof.runallproofs.proofcollection.ForkedTestFileRunner.main(ForkedTestFileRunner.java:171)
Caused by: de.uka.ilkd.key.proof.init.ProofInputException: Could not find rule file rules/intRulesCheckedSemantics.key
	at de.uka.ilkd.key.proof.io.KeYFile.readIncludes(KeYFile.java:210)
	at de.uka.ilkd.key.proof.init.ProblemInitializer.readIncludes(ProblemInitializer.java:177)
	at de.uka.ilkd.key.proof.init.ProblemInitializer.readEnvInput(ProblemInitializer.java:325)
	at de.uka.ilkd.key.proof.init.ProblemInitializer.prepare(ProblemInitializer.java:449)
	at de.uka.ilkd.key.proof.io.AbstractProblemLoader.createInitConfig(AbstractProblemLoader.java:518)
	at de.uka.ilkd.key.proof.io.AbstractProblemLoader.loadEnvironment(AbstractProblemLoader.java:288)
	at de.uka.ilkd.key.proof.io.AbstractProblemLoader.load(AbstractProblemLoader.java:252)
	at de.uka.ilkd.key.control.AbstractUserInterfaceControl.load(AbstractUserInterfaceControl.java:209)
	... 7 more
Caused by: java.lang.RuntimeException: Could not find rule file rules/intRulesCheckedSemantics.key
	at de.uka.ilkd.key.proof.io.RuleSourceFactory.fromBuiltInRule(RuleSourceFactory.java:32)
	at de.uka.ilkd.key.proof.io.RuleSourceFactory.fromDefaultLocation(RuleSourceFactory.java:21)
	at de.uka.ilkd.key.nparser.builder.IncludeFinder.addInclude(IncludeFinder.java:63)
	at de.uka.ilkd.key.nparser.builder.IncludeFinder.visitOne_include(IncludeFinder.java:43)
	at de.uka.ilkd.key.nparser.builder.IncludeFinder.visitOne_include(IncludeFinder.java:20)
	at de.uka.ilkd.key.nparser.KeYParser$One_includeContext.accept(KeYParser.java:878)
	at de.uka.ilkd.key.nparser.builder.AbstractBuilder.lambda$mapOf$0(AbstractBuilder.java:112)
	at java.base/java.util.stream.ReferencePipeline$3$1.accept(ReferencePipeline.java:195)
	at java.base/java.util.ArrayList$ArrayListSpliterator.forEachRemaining(ArrayList.java:1655)
	at java.base/java.util.stream.AbstractPipeline.copyInto(AbstractPipeline.java:484)
	at java.base/java.util.stream.AbstractPipeline.wrapAndCopyInto(AbstractPipeline.java:474)
	at java.base/java.util.stream.ReduceOps$ReduceOp.evaluateSequential(ReduceOps.java:913)
	at java.base/java.util.stream.AbstractPipeline.evaluate(AbstractPipeline.java:234)
	at java.base/java.util.stream.ReferencePipeline.collect(ReferencePipeline.java:578)
	at de.uka.ilkd.key.nparser.builder.AbstractBuilder.mapOf(AbstractBuilder.java:112)
	at de.uka.ilkd.key.nparser.builder.IncludeFinder.visitOne_include_statement(IncludeFinder.java:35)
	at de.uka.ilkd.key.nparser.builder.IncludeFinder.visitOne_include_statement(IncludeFinder.java:20)
	at de.uka.ilkd.key.nparser.KeYParser$One_include_statementContext.accept(KeYParser.java:802)
	at org.antlr.v4.runtime.tree.AbstractParseTreeVisitor.visitChildren(AbstractParseTreeVisitor.java:46)
	at de.uka.ilkd.key.nparser.KeYParserBaseVisitor.visitDecls(KeYParserBaseVisitor.java:30)
	at de.uka.ilkd.key.nparser.KeYParser$DeclsContext.accept(KeYParser.java:500)
	at org.antlr.v4.runtime.tree.AbstractParseTreeVisitor.visitChildren(AbstractParseTreeVisitor.java:46)
	at de.uka.ilkd.key.nparser.KeYParserBaseVisitor.visitFile(KeYParserBaseVisitor.java:23)
	at de.uka.ilkd.key.nparser.KeYParser$FileContext.accept(KeYParser.java:306)
	at de.uka.ilkd.key.nparser.KeyAst.accept(KeyAst.java:41)
	at de.uka.ilkd.key.nparser.KeyAst$File.getIncludes(KeyAst.java:76)
	at de.uka.ilkd.key.proof.io.KeYFile.readIncludes(KeYFile.java:208)
	... 14 more
Could not find rule file rules/intRulesCheckedSemantics.key (file: /home/runner/work/key/key/key.core/../key.ui/examples/index/.././standard_key/java_dl/jml-assert/model-methods-static-static.key; caused by: de.uka.ilkd.key.proof.init.ProofInputException: Could not find rule file rules/intRulesCheckedSemantics.key)
	at de.uka.ilkd.key.control.AbstractUserInterfaceControl.load(AbstractUserInterfaceControl.java:221)
	at de.uka.ilkd.key.control.KeYEnvironment.load(KeYEnvironment.java:251)
	at de.uka.ilkd.key.control.KeYEnvironment.load(KeYEnvironment.java:224)
	at de.uka.ilkd.key.control.KeYEnvironment.load(KeYEnvironment.java:184)
	at de.uka.ilkd.key.control.KeYEnvironment.load(KeYEnvironment.java:261)
	at de.uka.ilkd.key.proof.runallproofs.proofcollection.TestFile.load(TestFile.java:270)
	at de.uka.ilkd.key.proof.runallproofs.proofcollection.TestFile.runKey(TestFile.java:160)
	at de.uka.ilkd.key.proof.runallproofs.proofcollection.ForkedTestFileRunner.main(ForkedTestFileRunner.java:171)
Caused by: de.uka.ilkd.key.proof.init.ProofInputException: Could not find rule file rules/intRulesCheckedSemantics.key
	at de.uka.ilkd.key.proof.io.KeYFile.readIncludes(KeYFile.java:210)
	at de.uka.ilkd.key.proof.init.ProblemInitializer.readIncludes(ProblemInitializer.java:177)
	at de.uka.ilkd.key.proof.init.ProblemInitializer.readEnvInput(ProblemInitializer.java:325)
	at de.uka.ilkd.key.proof.init.ProblemInitializer.prepare(ProblemInitializer.java:449)
	at de.uka.ilkd.key.proof.io.AbstractProblemLoader.createInitConfig(AbstractProblemLoader.java:518)
	at de.uka.ilkd.key.proof.io.AbstractProblemLoader.loadEnvironment(AbstractProblemLoader.java:288)
	at de.uka.ilkd.key.proof.io.AbstractProblemLoader.load(AbstractProblemLoader.java:252)
	at de.uka.ilkd.key.control.AbstractUserInterfaceControl.load(AbstractUserInterfaceControl.java:209)
	... 7 more
Caused by: java.lang.RuntimeException: Could not find rule file rules/intRulesCheckedSemantics.key
	at de.uka.ilkd.key.proof.io.RuleSourceFactory.fromBuiltInRule(RuleSourceFactory.java:32)
	at de.uka.ilkd.key.proof.io.RuleSourceFactory.fromDefaultLocation(RuleSourceFactory.java:21)
	at de.uka.ilkd.key.nparser.builder.IncludeFinder.addInclude(IncludeFinder.java:63)
	at de.uka.ilkd.key.nparser.builder.IncludeFinder.visitOne_include(IncludeFinder.java:43)
	at de.uka.ilkd.key.nparser.builder.IncludeFinder.visitOne_include(IncludeFinder.java:20)
	at de.uka.ilkd.key.nparser.KeYParser$One_includeContext.accept(KeYParser.java:878)
	at de.uka.ilkd.key.nparser.builder.AbstractBuilder.lambda$mapOf$0(AbstractBuilder.java:112)
	at java.base/java.util.stream.ReferencePipeline$3$1.accept(ReferencePipeline.java:195)
	at java.base/java.util.ArrayList$ArrayListSpliterator.forEachRemaining(ArrayList.java:1655)
	at java.base/java.util.stream.AbstractPipeline.copyInto(AbstractPipeline.java:484)
	at java.base/java.util.stream.AbstractPipeline.wrapAndCopyInto(AbstractPipeline.java:474)
	at java.base/java.util.stream.ReduceOps$ReduceOp.evaluateSequential(ReduceOps.java:913)
	at java.base/java.util.stream.AbstractPipeline.evaluate(AbstractPipeline.java:234)
	at java.base/java.util.stream.ReferencePipeline.collect(ReferencePipeline.java:578)
	at de.uka.ilkd.key.nparser.builder.AbstractBuilder.mapOf(AbstractBuilder.java:112)
	at de.uka.ilkd.key.nparser.builder.IncludeFinder.visitOne_include_statement(IncludeFinder.java:35)
	at de.uka.ilkd.key.nparser.builder.IncludeFinder.visitOne_include_statement(IncludeFinder.java:20)
	at de.uka.ilkd.key.nparser.KeYParser$One_include_statementContext.accept(KeYParser.java:802)
	at org.antlr.v4.runtime.tree.AbstractParseTreeVisitor.visitChildren(AbstractParseTreeVisitor.java:46)
	at de.uka.ilkd.key.nparser.KeYParserBaseVisitor.visitDecls(KeYParserBaseVisitor.java:30)
	at de.uka.ilkd.key.nparser.KeYParser$DeclsContext.accept(KeYParser.java:500)
	at org.antlr.v4.runtime.tree.AbstractParseTreeVisitor.visitChildren(AbstractParseTreeVisitor.java:46)
	at de.uka.ilkd.key.nparser.KeYParserBaseVisitor.visitFile(KeYParserBaseVisitor.java:23)
	at de.uka.ilkd.key.nparser.KeYParser$FileContext.accept(KeYParser.java:306)
	at de.uka.ilkd.key.nparser.KeyAst.accept(KeyAst.java:41)
	at de.uka.ilkd.key.nparser.KeyAst$File.getIncludes(KeyAst.java:76)
	at de.uka.ilkd.key.proof.io.KeYFile.readIncludes(KeYFile.java:208)
	... 14 more
Could not find rule file rules/intRulesCheckedSemantics.key (file: /home/runner/work/key/key/key.core/../key.ui/examples/index/.././standard_key/java_dl/jml-assert/model-methods-instance-static.key; caused by: de.uka.ilkd.key.proof.init.ProofInputException: Could not find rule file rules/intRulesCheckedSemantics.key)
	at de.uka.ilkd.key.control.AbstractUserInterfaceControl.load(AbstractUserInterfaceControl.java:221)
	at de.uka.ilkd.key.control.KeYEnvironment.load(KeYEnvironment.java:251)
	at de.uka.ilkd.key.control.KeYEnvironment.load(KeYEnvironment.java:224)
	at de.uka.ilkd.key.control.KeYEnvironment.load(KeYEnvironment.java:184)
	at de.uka.ilkd.key.control.KeYEnvironment.load(KeYEnvironment.java:261)
	at de.uka.ilkd.key.proof.runallproofs.proofcollection.TestFile.load(TestFile.java:270)
	at de.uka.ilkd.key.proof.runallproofs.proofcollection.TestFile.runKey(TestFile.java:160)
	at de.uka.ilkd.key.proof.runallproofs.proofcollection.ForkedTestFileRunner.main(ForkedTestFileRunner.java:171)
Caused by: de.uka.ilkd.key.proof.init.ProofInputException: Could not find rule file rules/intRulesCheckedSemantics.key
	at de.uka.ilkd.key.proof.io.KeYFile.readIncludes(KeYFile.java:210)
	at de.uka.ilkd.key.proof.init.ProblemInitializer.readIncludes(ProblemInitializer.java:177)
	at de.uka.ilkd.key.proof.init.ProblemInitializer.readEnvInput(ProblemInitializer.java:325)
	at de.uka.ilkd.key.proof.init.ProblemInitializer.prepare(ProblemInitializer.java:449)
	at de.uka.ilkd.key.proof.io.AbstractProblemLoader.createInitConfig(AbstractProblemLoader.java:518)
	at de.uka.ilkd.key.proof.io.AbstractProblemLoader.loadEnvironment(AbstractProblemLoader.java:288)
	at de.uka.ilkd.key.proof.io.AbstractProblemLoader.load(AbstractProblemLoader.java:252)
	at de.uka.ilkd.key.control.AbstractUserInterfaceControl.load(AbstractUserInterfaceControl.java:209)
	... 7 more
Caused by: java.lang.RuntimeException: Could not find rule file rules/intRulesCheckedSemantics.key
	at de.uka.ilkd.key.proof.io.RuleSourceFactory.fromBuiltInRule(RuleSourceFactory.java:32)
	at de.uka.ilkd.key.proof.io.RuleSourceFactory.fromDefaultLocation(RuleSourceFactory.java:21)
	at de.uka.ilkd.key.nparser.builder.IncludeFinder.addInclude(IncludeFinder.java:63)
	at de.uka.ilkd.key.nparser.builder.IncludeFinder.visitOne_include(IncludeFinder.java:43)
	at de.uka.ilkd.key.nparser.builder.IncludeFinder.visitOne_include(IncludeFinder.java:20)
	at de.uka.ilkd.key.nparser.KeYParser$One_includeContext.accept(KeYParser.java:878)
	at de.uka.ilkd.key.nparser.builder.AbstractBuilder.lambda$mapOf$0(AbstractBuilder.java:112)
	at java.base/java.util.stream.ReferencePipeline$3$1.accept(ReferencePipeline.java:195)
	at java.base/java.util.ArrayList$ArrayListSpliterator.forEachRemaining(ArrayList.java:1655)
	at java.base/java.util.stream.AbstractPipeline.copyInto(AbstractPipeline.java:484)
	at java.base/java.util.stream.AbstractPipeline.wrapAndCopyInto(AbstractPipeline.java:474)
	at java.base/java.util.stream.ReduceOps$ReduceOp.evaluateSequential(ReduceOps.java:913)
	at java.base/java.util.stream.AbstractPipeline.evaluate(AbstractPipeline.java:234)
	at java.base/java.util.stream.ReferencePipeline.collect(ReferencePipeline.java:578)
	at de.uka.ilkd.key.nparser.builder.AbstractBuilder.mapOf(AbstractBuilder.java:112)
	at de.uka.ilkd.key.nparser.builder.IncludeFinder.visitOne_include_statement(IncludeFinder.java:35)
	at de.uka.ilkd.key.nparser.builder.IncludeFinder.visitOne_include_statement(IncludeFinder.java:20)
	at de.uka.ilkd.key.nparser.KeYParser$One_include_statementContext.accept(KeYParser.java:802)
	at org.antlr.v4.runtime.tree.AbstractParseTreeVisitor.visitChildren(AbstractParseTreeVisitor.java:46)
	at de.uka.ilkd.key.nparser.KeYParserBaseVisitor.visitDecls(KeYParserBaseVisitor.java:30)
	at de.uka.ilkd.key.nparser.KeYParser$DeclsContext.accept(KeYParser.java:500)
	at org.antlr.v4.runtime.tree.AbstractParseTreeVisitor.visitChildren(AbstractParseTreeVisitor.java:46)
	at de.uka.ilkd.key.nparser.KeYParserBaseVisitor.visitFile(KeYParserBaseVisitor.java:23)
	at de.uka.ilkd.key.nparser.KeYParser$FileContext.accept(KeYParser.java:306)
	at de.uka.ilkd.key.nparser.KeyAst.accept(KeyAst.java:41)
	at de.uka.ilkd.key.nparser.KeyAst$File.getIncludes(KeyAst.java:76)
	at de.uka.ilkd.key.proof.io.KeYFile.readIncludes(KeYFile.java:208)
	... 14 more
Could not find rule file rules/intRulesCheckedSemantics.key (file: /home/runner/work/key/key/key.core/../key.ui/examples/index/.././standard_key/java_dl/jml-assert/model-methods-instance-instance.key; caused by: de.uka.ilkd.key.proof.init.ProofInputException: Could not find rule file rules/intRulesCheckedSemantics.key)
	at de.uka.ilkd.key.control.AbstractUserInterfaceControl.load(AbstractUserInterfaceControl.java:221)
	at de.uka.ilkd.key.control.KeYEnvironment.load(KeYEnvironment.java:251)
	at de.uka.ilkd.key.control.KeYEnvironment.load(KeYEnvironment.java:224)
	at de.uka.ilkd.key.control.KeYEnvironment.load(KeYEnvironment.java:184)
	at de.uka.ilkd.key.control.KeYEnvironment.load(KeYEnvironment.java:261)
	at de.uka.ilkd.key.proof.runallproofs.proofcollection.TestFile.load(TestFile.java:270)
	at de.uka.ilkd.key.proof.runallproofs.proofcollection.TestFile.runKey(TestFile.java:160)
	at de.uka.ilkd.key.proof.runallproofs.proofcollection.ForkedTestFileRunner.main(ForkedTestFileRunner.java:171)
Caused by: de.uka.ilkd.key.proof.init.ProofInputException: Could not find rule file rules/intRulesCheckedSemantics.key
	at de.uka.ilkd.key.proof.io.KeYFile.readIncludes(KeYFile.java:210)
	at de.uka.ilkd.key.proof.init.ProblemInitializer.readIncludes(ProblemInitializer.java:177)
	at de.uka.ilkd.key.proof.init.ProblemInitializer.readEnvInput(ProblemInitializer.java:325)
	at de.uka.ilkd.key.proof.init.ProblemInitializer.prepare(ProblemInitializer.java:449)
	at de.uka.ilkd.key.proof.io.AbstractProblemLoader.createInitConfig(AbstractProblemLoader.java:518)
	at de.uka.ilkd.key.proof.io.AbstractProblemLoader.loadEnvironment(AbstractProblemLoader.java:288)
	at de.uka.ilkd.key.proof.io.AbstractProblemLoader.load(AbstractProblemLoader.java:252)
	at de.uka.ilkd.key.control.AbstractUserInterfaceControl.load(AbstractUserInterfaceControl.java:209)
	... 7 more
Caused by: java.lang.RuntimeException: Could not find rule file rules/intRulesCheckedSemantics.key
	at de.uka.ilkd.key.proof.io.RuleSourceFactory.fromBuiltInRule(RuleSourceFactory.java:32)
	at de.uka.ilkd.key.proof.io.RuleSourceFactory.fromDefaultLocation(RuleSourceFactory.java:21)
	at de.uka.ilkd.key.nparser.builder.IncludeFinder.addInclude(IncludeFinder.java:63)
	at de.uka.ilkd.key.nparser.builder.IncludeFinder.visitOne_include(IncludeFinder.java:43)
	at de.uka.ilkd.key.nparser.builder.IncludeFinder.visitOne_include(IncludeFinder.java:20)
	at de.uka.ilkd.key.nparser.KeYParser$One_includeContext.accept(KeYParser.java:878)
	at de.uka.ilkd.key.nparser.builder.AbstractBuilder.lambda$mapOf$0(AbstractBuilder.java:112)
	at java.base/java.util.stream.ReferencePipeline$3$1.accept(ReferencePipeline.java:195)
	at java.base/java.util.ArrayList$ArrayListSpliterator.forEachRemaining(ArrayList.java:1655)
	at java.base/java.util.stream.AbstractPipeline.copyInto(AbstractPipeline.java:484)
	at java.base/java.util.stream.AbstractPipeline.wrapAndCopyInto(AbstractPipeline.java:474)
	at java.base/java.util.stream.ReduceOps$ReduceOp.evaluateSequential(ReduceOps.java:913)
	at java.base/java.util.stream.AbstractPipeline.evaluate(AbstractPipeline.java:234)
	at java.base/java.util.stream.ReferencePipeline.collect(ReferencePipeline.java:578)
	at de.uka.ilkd.key.nparser.builder.AbstractBuilder.mapOf(AbstractBuilder.java:112)
	at de.uka.ilkd.key.nparser.builder.IncludeFinder.visitOne_include_statement(IncludeFinder.java:35)
	at de.uka.ilkd.key.nparser.builder.IncludeFinder.visitOne_include_statement(IncludeFinder.java:20)
	at de.uka.ilkd.key.nparser.KeYParser$One_include_statementContext.accept(KeYParser.java:802)
	at org.antlr.v4.runtime.tree.AbstractParseTreeVisitor.visitChildren(AbstractParseTreeVisitor.java:46)
	at de.uka.ilkd.key.nparser.KeYParserBaseVisitor.visitDecls(KeYParserBaseVisitor.java:30)
	at de.uka.ilkd.key.nparser.KeYParser$DeclsContext.accept(KeYParser.java:500)
	at org.antlr.v4.runtime.tree.AbstractParseTreeVisitor.visitChildren(AbstractParseTreeVisitor.java:46)
	at de.uka.ilkd.key.nparser.KeYParserBaseVisitor.visitFile(KeYParserBaseVisitor.java:23)
	at de.uka.ilkd.key.nparser.KeYParser$FileContext.accept(KeYParser.java:306)
	at de.uka.ilkd.key.nparser.KeyAst.accept(KeyAst.java:41)
	at de.uka.ilkd.key.nparser.KeyAst$File.getIncludes(KeyAst.java:76)
	at de.uka.ilkd.key.proof.io.KeYFile.readIncludes(KeYFile.java:208)
	... 14 more
Could not find rule file rules/intRulesCheckedSemantics.key (file: /home/runner/work/key/key/key.core/../key.ui/examples/index/.././standard_key/java_dl/jml-assert/model-methods-static-instance.key; caused by: de.uka.ilkd.key.proof.init.ProofInputException: Could not find rule file rules/intRulesCheckedSemantics.key)
	at de.uka.ilkd.key.control.AbstractUserInterfaceControl.load(AbstractUserInterfaceControl.java:221)
	at de.uka.ilkd.key.control.KeYEnvironment.load(KeYEnvironment.java:251)
	at de.uka.ilkd.key.control.KeYEnvironment.load(KeYEnvironment.java:224)
	at de.uka.ilkd.key.control.KeYEnvironment.load(KeYEnvironment.java:184)
	at de.uka.ilkd.key.control.KeYEnvironment.load(KeYEnvironment.java:261)
	at de.uka.ilkd.key.proof.runallproofs.proofcollection.TestFile.load(TestFile.java:270)
	at de.uka.ilkd.key.proof.runallproofs.proofcollection.TestFile.runKey(TestFile.java:160)
	at de.uka.ilkd.key.proof.runallproofs.proofcollection.ForkedTestFileRunner.main(ForkedTestFileRunner.java:171)
Caused by: de.uka.ilkd.key.proof.init.ProofInputException: Could not find rule file rules/intRulesCheckedSemantics.key
	at de.uka.ilkd.key.proof.io.KeYFile.readIncludes(KeYFile.java:210)
	at de.uka.ilkd.key.proof.init.ProblemInitializer.readIncludes(ProblemInitializer.java:177)
	at de.uka.ilkd.key.proof.init.ProblemInitializer.readEnvInput(ProblemInitializer.java:325)
	at de.uka.ilkd.key.proof.init.ProblemInitializer.prepare(ProblemInitializer.java:449)
	at de.uka.ilkd.key.proof.io.AbstractProblemLoader.createInitConfig(AbstractProblemLoader.java:518)
	at de.uka.ilkd.key.proof.io.AbstractProblemLoader.loadEnvironment(AbstractProblemLoader.java:288)
	at de.uka.ilkd.key.proof.io.AbstractProblemLoader.load(AbstractProblemLoader.java:252)
	at de.uka.ilkd.key.control.AbstractUserInterfaceControl.load(AbstractUserInterfaceControl.java:209)
	... 7 more
Caused by: java.lang.RuntimeException: Could not find rule file rules/intRulesCheckedSemantics.key
	at de.uka.ilkd.key.proof.io.RuleSourceFactory.fromBuiltInRule(RuleSourceFactory.java:32)
	at de.uka.ilkd.key.proof.io.RuleSourceFactory.fromDefaultLocation(RuleSourceFactory.java:21)
	at de.uka.ilkd.key.nparser.builder.IncludeFinder.addInclude(IncludeFinder.java:63)
	at de.uka.ilkd.key.nparser.builder.IncludeFinder.visitOne_include(IncludeFinder.java:43)
	at de.uka.ilkd.key.nparser.builder.IncludeFinder.visitOne_include(IncludeFinder.java:20)
	at de.uka.ilkd.key.nparser.KeYParser$One_includeContext.accept(KeYParser.java:878)
	at de.uka.ilkd.key.nparser.builder.AbstractBuilder.lambda$mapOf$0(AbstractBuilder.java:112)
	at java.base/java.util.stream.ReferencePipeline$3$1.accept(ReferencePipeline.java:195)
	at java.base/java.util.ArrayList$ArrayListSpliterator.forEachRemaining(ArrayList.java:1655)
	at java.base/java.util.stream.AbstractPipeline.copyInto(AbstractPipeline.java:484)
	at java.base/java.util.stream.AbstractPipeline.wrapAndCopyInto(AbstractPipeline.java:474)
	at java.base/java.util.stream.ReduceOps$ReduceOp.evaluateSequential(ReduceOps.java:913)
	at java.base/java.util.stream.AbstractPipeline.evaluate(AbstractPipeline.java:234)
	at java.base/java.util.stream.ReferencePipeline.collect(ReferencePipeline.java:578)
	at de.uka.ilkd.key.nparser.builder.AbstractBuilder.mapOf(AbstractBuilder.java:112)
	at de.uka.ilkd.key.nparser.builder.IncludeFinder.visitOne_include_statement(IncludeFinder.java:35)
	at de.uka.ilkd.key.nparser.builder.IncludeFinder.visitOne_include_statement(IncludeFinder.java:20)
	at de.uka.ilkd.key.nparser.KeYParser$One_include_statementContext.accept(KeYParser.java:802)
	at org.antlr.v4.runtime.tree.AbstractParseTreeVisitor.visitChildren(AbstractParseTreeVisitor.java:46)
	at de.uka.ilkd.key.nparser.KeYParserBaseVisitor.visitDecls(KeYParserBaseVisitor.java:30)
	at de.uka.ilkd.key.nparser.KeYParser$DeclsContext.accept(KeYParser.java:500)
	at org.antlr.v4.runtime.tree.AbstractParseTreeVisitor.visitChildren(AbstractParseTreeVisitor.java:46)
	at de.uka.ilkd.key.nparser.KeYParserBaseVisitor.visitFile(KeYParserBaseVisitor.java:23)
	at de.uka.ilkd.key.nparser.KeYParser$FileContext.accept(KeYParser.java:306)
	at de.uka.ilkd.key.nparser.KeyAst.accept(KeyAst.java:41)
	at de.uka.ilkd.key.nparser.KeyAst$File.getIncludes(KeyAst.java:76)
	at de.uka.ilkd.key.proof.io.KeYFile.readIncludes(KeYFile.java:208)
	... 14 more
Could not find rule file rules/intRulesCheckedSemantics.key (file: /home/runner/work/key/key/key.core/../key.ui/examples/index/.././standard_key/java_dl/jml-assert/assert-old/inc-field.key; caused by: de.uka.ilkd.key.proof.init.ProofInputException: Could not find rule file rules/intRulesCheckedSemantics.key)
	at de.uka.ilkd.key.control.AbstractUserInterfaceControl.load(AbstractUserInterfaceControl.java:221)
	at de.uka.ilkd.key.control.KeYEnvironment.load(KeYEnvironment.java:251)
	at de.uka.ilkd.key.control.KeYEnvironment.load(KeYEnvironment.java:224)
	at de.uka.ilkd.key.control.KeYEnvironment.load(KeYEnvironment.java:184)
	at de.uka.ilkd.key.control.KeYEnvironment.load(KeYEnvironment.java:261)
	at de.uka.ilkd.key.proof.runallproofs.proofcollection.TestFile.load(TestFile.java:270)
	at de.uka.ilkd.key.proof.runallproofs.proofcollection.TestFile.runKey(TestFile.java:160)
	at de.uka.ilkd.key.proof.runallproofs.proofcollection.ForkedTestFileRunner.main(ForkedTestFileRunner.java:171)
Caused by: de.uka.ilkd.key.proof.init.ProofInputException: Could not find rule file rules/intRulesCheckedSemantics.key
	at de.uka.ilkd.key.proof.io.KeYFile.readIncludes(KeYFile.java:210)
	at de.uka.ilkd.key.proof.init.ProblemInitializer.readIncludes(ProblemInitializer.java:177)
	at de.uka.ilkd.key.proof.init.ProblemInitializer.readEnvInput(ProblemInitializer.java:325)
	at de.uka.ilkd.key.proof.init.ProblemInitializer.prepare(ProblemInitializer.java:449)
	at de.uka.ilkd.key.proof.io.AbstractProblemLoader.createInitConfig(AbstractProblemLoader.java:518)
	at de.uka.ilkd.key.proof.io.AbstractProblemLoader.loadEnvironment(AbstractProblemLoader.java:288)
	at de.uka.ilkd.key.proof.io.AbstractProblemLoader.load(AbstractProblemLoader.java:252)
	at de.uka.ilkd.key.control.AbstractUserInterfaceControl.load(AbstractUserInterfaceControl.java:209)
	... 7 more
Caused by: java.lang.RuntimeException: Could not find rule file rules/intRulesCheckedSemantics.key
	at de.uka.ilkd.key.proof.io.RuleSourceFactory.fromBuiltInRule(RuleSourceFactory.java:32)
	at de.uka.ilkd.key.proof.io.RuleSourceFactory.fromDefaultLocation(RuleSourceFactory.java:21)
	at de.uka.ilkd.key.nparser.builder.IncludeFinder.addInclude(IncludeFinder.java:63)
	at de.uka.ilkd.key.nparser.builder.IncludeFinder.visitOne_include(IncludeFinder.java:43)
	at de.uka.ilkd.key.nparser.builder.IncludeFinder.visitOne_include(IncludeFinder.java:20)
	at de.uka.ilkd.key.nparser.KeYParser$One_includeContext.accept(KeYParser.java:878)
	at de.uka.ilkd.key.nparser.builder.AbstractBuilder.lambda$mapOf$0(AbstractBuilder.java:112)
	at java.base/java.util.stream.ReferencePipeline$3$1.accept(ReferencePipeline.java:195)
	at java.base/java.util.ArrayList$ArrayListSpliterator.forEachRemaining(ArrayList.java:1655)
	at java.base/java.util.stream.AbstractPipeline.copyInto(AbstractPipeline.java:484)
	at java.base/java.util.stream.AbstractPipeline.wrapAndCopyInto(AbstractPipeline.java:474)
	at java.base/java.util.stream.ReduceOps$ReduceOp.evaluateSequential(ReduceOps.java:913)
	at java.base/java.util.stream.AbstractPipeline.evaluate(AbstractPipeline.java:234)
	at java.base/java.util.stream.ReferencePipeline.collect(ReferencePipeline.java:578)
	at de.uka.ilkd.key.nparser.builder.AbstractBuilder.mapOf(AbstractBuilder.java:112)
	at de.uka.ilkd.key.nparser.builder.IncludeFinder.visitOne_include_statement(IncludeFinder.java:35)
	at de.uka.ilkd.key.nparser.builder.IncludeFinder.visitOne_include_statement(IncludeFinder.java:20)
	at de.uka.ilkd.key.nparser.KeYParser$One_include_statementContext.accept(KeYParser.java:802)
	at org.antlr.v4.runtime.tree.AbstractParseTreeVisitor.visitChildren(AbstractParseTreeVisitor.java:46)
	at de.uka.ilkd.key.nparser.KeYParserBaseVisitor.visitDecls(KeYParserBaseVisitor.java:30)
	at de.uka.ilkd.key.nparser.KeYParser$DeclsContext.accept(KeYParser.java:500)
	at org.antlr.v4.runtime.tree.AbstractParseTreeVisitor.visitChildren(AbstractParseTreeVisitor.java:46)
	at de.uka.ilkd.key.nparser.KeYParserBaseVisitor.visitFile(KeYParserBaseVisitor.java:23)
	at de.uka.ilkd.key.nparser.KeYParser$FileContext.accept(KeYParser.java:306)
	at de.uka.ilkd.key.nparser.KeyAst.accept(KeyAst.java:41)
	at de.uka.ilkd.key.nparser.KeyAst$File.getIncludes(KeyAst.java:76)
	at de.uka.ilkd.key.proof.io.KeYFile.readIncludes(KeYFile.java:208)
	... 14 more
Could not find rule file rules/intRulesCheckedSemantics.key (file: /home/runner/work/key/key/key.core/../key.ui/examples/index/.././standard_key/java_dl/jml-assert/assert-old/inc-parameter.key; caused by: de.uka.ilkd.key.proof.init.ProofInputException: Could not find rule file rules/intRulesCheckedSemantics.key)
	at de.uka.ilkd.key.control.AbstractUserInterfaceControl.load(AbstractUserInterfaceControl.java:221)
	at de.uka.ilkd.key.control.KeYEnvironment.load(KeYEnvironment.java:251)
	at de.uka.ilkd.key.control.KeYEnvironment.load(KeYEnvironment.java:224)
	at de.uka.ilkd.key.control.KeYEnvironment.load(KeYEnvironment.java:184)
	at de.uka.ilkd.key.control.KeYEnvironment.load(KeYEnvironment.java:261)
	at de.uka.ilkd.key.proof.runallproofs.proofcollection.TestFile.load(TestFile.java:270)
	at de.uka.ilkd.key.proof.runallproofs.proofcollection.TestFile.runKey(TestFile.java:160)
	at de.uka.ilkd.key.proof.runallproofs.proofcollection.ForkedTestFileRunner.main(ForkedTestFileRunner.java:171)
Caused by: de.uka.ilkd.key.proof.init.ProofInputException: Could not find rule file rules/intRulesCheckedSemantics.key
	at de.uka.ilkd.key.proof.io.KeYFile.readIncludes(KeYFile.java:210)
	at de.uka.ilkd.key.proof.init.ProblemInitializer.readIncludes(ProblemInitializer.java:177)
	at de.uka.ilkd.key.proof.init.ProblemInitializer.readEnvInput(ProblemInitializer.java:325)
	at de.uka.ilkd.key.proof.init.ProblemInitializer.prepare(ProblemInitializer.java:449)
	at de.uka.ilkd.key.proof.io.AbstractProblemLoader.createInitConfig(AbstractProblemLoader.java:518)
	at de.uka.ilkd.key.proof.io.AbstractProblemLoader.loadEnvironment(AbstractProblemLoader.java:288)
	at de.uka.ilkd.key.proof.io.AbstractProblemLoader.load(AbstractProblemLoader.java:252)
	at de.uka.ilkd.key.control.AbstractUserInterfaceControl.load(AbstractUserInterfaceControl.java:209)
	... 7 more
Caused by: java.lang.RuntimeException: Could not find rule file rules/intRulesCheckedSemantics.key
	at de.uka.ilkd.key.proof.io.RuleSourceFactory.fromBuiltInRule(RuleSourceFactory.java:32)
	at de.uka.ilkd.key.proof.io.RuleSourceFactory.fromDefaultLocation(RuleSourceFactory.java:21)
	at de.uka.ilkd.key.nparser.builder.IncludeFinder.addInclude(IncludeFinder.java:63)
	at de.uka.ilkd.key.nparser.builder.IncludeFinder.visitOne_include(IncludeFinder.java:43)
	at de.uka.ilkd.key.nparser.builder.IncludeFinder.visitOne_include(IncludeFinder.java:20)
	at de.uka.ilkd.key.nparser.KeYParser$One_includeContext.accept(KeYParser.java:878)
	at de.uka.ilkd.key.nparser.builder.AbstractBuilder.lambda$mapOf$0(AbstractBuilder.java:112)
	at java.base/java.util.stream.ReferencePipeline$3$1.accept(ReferencePipeline.java:195)
	at java.base/java.util.ArrayList$ArrayListSpliterator.forEachRemaining(ArrayList.java:1655)
	at java.base/java.util.stream.AbstractPipeline.copyInto(AbstractPipeline.java:484)
	at java.base/java.util.stream.AbstractPipeline.wrapAndCopyInto(AbstractPipeline.java:474)
	at java.base/java.util.stream.ReduceOps$ReduceOp.evaluateSequential(ReduceOps.java:913)
	at java.base/java.util.stream.AbstractPipeline.evaluate(AbstractPipeline.java:234)
	at java.base/java.util.stream.ReferencePipeline.collect(ReferencePipeline.java:578)
	at de.uka.ilkd.key.nparser.builder.AbstractBuilder.mapOf(AbstractBuilder.java:112)
	at de.uka.ilkd.key.nparser.builder.IncludeFinder.visitOne_include_statement(IncludeFinder.java:35)
	at de.uka.ilkd.key.nparser.builder.IncludeFinder.visitOne_include_statement(IncludeFinder.java:20)
	at de.uka.ilkd.key.nparser.KeYParser$One_include_statementContext.accept(KeYParser.java:802)
	at org.antlr.v4.runtime.tree.AbstractParseTreeVisitor.visitChildren(AbstractParseTreeVisitor.java:46)
	at de.uka.ilkd.key.nparser.KeYParserBaseVisitor.visitDecls(KeYParserBaseVisitor.java:30)
	at de.uka.ilkd.key.nparser.KeYParser$DeclsContext.accept(KeYParser.java:500)
	at org.antlr.v4.runtime.tree.AbstractParseTreeVisitor.visitChildren(AbstractParseTreeVisitor.java:46)
	at de.uka.ilkd.key.nparser.KeYParserBaseVisitor.visitFile(KeYParserBaseVisitor.java:23)
	at de.uka.ilkd.key.nparser.KeYParser$FileContext.accept(KeYParser.java:306)
	at de.uka.ilkd.key.nparser.KeyAst.accept(KeyAst.java:41)
	at de.uka.ilkd.key.nparser.KeyAst$File.getIncludes(KeyAst.java:76)
	at de.uka.ilkd.key.proof.io.KeYFile.readIncludes(KeYFile.java:208)
	... 14 more
Could not find rule file rules/intRulesCheckedSemantics.key (file: /home/runner/work/key/key/key.core/../key.ui/examples/index/.././standard_key/java_dl/jml-assert/assert-old/inc-parameter-field.key; caused by: de.uka.ilkd.key.proof.init.ProofInputException: Could not find rule file rules/intRulesCheckedSemantics.key)
	at de.uka.ilkd.key.control.AbstractUserInterfaceControl.load(AbstractUserInterfaceControl.java:221)
	at de.uka.ilkd.key.control.KeYEnvironment.load(KeYEnvironment.java:251)
	at de.uka.ilkd.key.control.KeYEnvironment.load(KeYEnvironment.java:224)
	at de.uka.ilkd.key.control.KeYEnvironment.load(KeYEnvironment.java:184)
	at de.uka.ilkd.key.control.KeYEnvironment.load(KeYEnvironment.java:261)
	at de.uka.ilkd.key.proof.runallproofs.proofcollection.TestFile.load(TestFile.java:270)
	at de.uka.ilkd.key.proof.runallproofs.proofcollection.TestFile.runKey(TestFile.java:160)
	at de.uka.ilkd.key.proof.runallproofs.proofcollection.ForkedTestFileRunner.main(ForkedTestFileRunner.java:171)
Caused by: de.uka.ilkd.key.proof.init.ProofInputException: Could not find rule file rules/intRulesCheckedSemantics.key
	at de.uka.ilkd.key.proof.io.KeYFile.readIncludes(KeYFile.java:210)
	at de.uka.ilkd.key.proof.init.ProblemInitializer.readIncludes(ProblemInitializer.java:177)
	at de.uka.ilkd.key.proof.init.ProblemInitializer.readEnvInput(ProblemInitializer.java:325)
	at de.uka.ilkd.key.proof.init.ProblemInitializer.prepare(ProblemInitializer.java:449)
	at de.uka.ilkd.key.proof.io.AbstractProblemLoader.createInitConfig(AbstractProblemLoader.java:518)
	at de.uka.ilkd.key.proof.io.AbstractProblemLoader.loadEnvironment(AbstractProblemLoader.java:288)
	at de.uka.ilkd.key.proof.io.AbstractProblemLoader.load(AbstractProblemLoader.java:252)
	at de.uka.ilkd.key.control.AbstractUserInterfaceControl.load(AbstractUserInterfaceControl.java:209)
	... 7 more
Caused by: java.lang.RuntimeException: Could not find rule file rules/intRulesCheckedSemantics.key
	at de.uka.ilkd.key.proof.io.RuleSourceFactory.fromBuiltInRule(RuleSourceFactory.java:32)
	at de.uka.ilkd.key.proof.io.RuleSourceFactory.fromDefaultLocation(RuleSourceFactory.java:21)
	at de.uka.ilkd.key.nparser.builder.IncludeFinder.addInclude(IncludeFinder.java:63)
	at de.uka.ilkd.key.nparser.builder.IncludeFinder.visitOne_include(IncludeFinder.java:43)
	at de.uka.ilkd.key.nparser.builder.IncludeFinder.visitOne_include(IncludeFinder.java:20)
	at de.uka.ilkd.key.nparser.KeYParser$One_includeContext.accept(KeYParser.java:878)
	at de.uka.ilkd.key.nparser.builder.AbstractBuilder.lambda$mapOf$0(AbstractBuilder.java:112)
	at java.base/java.util.stream.ReferencePipeline$3$1.accept(ReferencePipeline.java:195)
	at java.base/java.util.ArrayList$ArrayListSpliterator.forEachRemaining(ArrayList.java:1655)
	at java.base/java.util.stream.AbstractPipeline.copyInto(AbstractPipeline.java:484)
	at java.base/java.util.stream.AbstractPipeline.wrapAndCopyInto(AbstractPipeline.java:474)
	at java.base/java.util.stream.ReduceOps$ReduceOp.evaluateSequential(ReduceOps.java:913)
	at java.base/java.util.stream.AbstractPipeline.evaluate(AbstractPipeline.java:234)
	at java.base/java.util.stream.ReferencePipeline.collect(ReferencePipeline.java:578)
	at de.uka.ilkd.key.nparser.builder.AbstractBuilder.mapOf(AbstractBuilder.java:112)
	at de.uka.ilkd.key.nparser.builder.IncludeFinder.visitOne_include_statement(IncludeFinder.java:35)
	at de.uka.ilkd.key.nparser.builder.IncludeFinder.visitOne_include_statement(IncludeFinder.java:20)
	at de.uka.ilkd.key.nparser.KeYParser$One_include_statementContext.accept(KeYParser.java:802)
	at org.antlr.v4.runtime.tree.AbstractParseTreeVisitor.visitChildren(AbstractParseTreeVisitor.java:46)
	at de.uka.ilkd.key.nparser.KeYParserBaseVisitor.visitDecls(KeYParserBaseVisitor.java:30)
	at de.uka.ilkd.key.nparser.KeYParser$DeclsContext.accept(KeYParser.java:500)
	at org.antlr.v4.runtime.tree.AbstractParseTreeVisitor.visitChildren(AbstractParseTreeVisitor.java:46)
	at de.uka.ilkd.key.nparser.KeYParserBaseVisitor.visitFile(KeYParserBaseVisitor.java:23)
	at de.uka.ilkd.key.nparser.KeYParser$FileContext.accept(KeYParser.java:306)
	at de.uka.ilkd.key.nparser.KeyAst.accept(KeyAst.java:41)
	at de.uka.ilkd.key.nparser.KeyAst$File.getIncludes(KeyAst.java:76)
	at de.uka.ilkd.key.proof.io.KeYFile.readIncludes(KeYFile.java:208)
	... 14 more
Could not find rule file rules/intRulesCheckedSemantics.key (file: /home/runner/work/key/key/key.core/../key.ui/examples/index/.././standard_key/java_dl/jml-assert/assert-old/inc-ghost-field.key; caused by: de.uka.ilkd.key.proof.init.ProofInputException: Could not find rule file rules/intRulesCheckedSemantics.key)
	at de.uka.ilkd.key.control.AbstractUserInterfaceControl.load(AbstractUserInterfaceControl.java:221)
	at de.uka.ilkd.key.control.KeYEnvironment.load(KeYEnvironment.java:251)
	at de.uka.ilkd.key.control.KeYEnvironment.load(KeYEnvironment.java:224)
	at de.uka.ilkd.key.control.KeYEnvironment.load(KeYEnvironment.java:184)
	at de.uka.ilkd.key.control.KeYEnvironment.load(KeYEnvironment.java:261)
	at de.uka.ilkd.key.proof.runallproofs.proofcollection.TestFile.load(TestFile.java:270)
	at de.uka.ilkd.key.proof.runallproofs.proofcollection.TestFile.runKey(TestFile.java:160)
	at de.uka.ilkd.key.proof.runallproofs.proofcollection.ForkedTestFileRunner.main(ForkedTestFileRunner.java:171)
Caused by: de.uka.ilkd.key.proof.init.ProofInputException: Could not find rule file rules/intRulesCheckedSemantics.key
	at de.uka.ilkd.key.proof.io.KeYFile.readIncludes(KeYFile.java:210)
	at de.uka.ilkd.key.proof.init.ProblemInitializer.readIncludes(ProblemInitializer.java:177)
	at de.uka.ilkd.key.proof.init.ProblemInitializer.readEnvInput(ProblemInitializer.java:325)
	at de.uka.ilkd.key.proof.init.ProblemInitializer.prepare(ProblemInitializer.java:449)
	at de.uka.ilkd.key.proof.io.AbstractProblemLoader.createInitConfig(AbstractProblemLoader.java:518)
	at de.uka.ilkd.key.proof.io.AbstractProblemLoader.loadEnvironment(AbstractProblemLoader.java:288)
	at de.uka.ilkd.key.proof.io.AbstractProblemLoader.load(AbstractProblemLoader.java:252)
	at de.uka.ilkd.key.control.AbstractUserInterfaceControl.load(AbstractUserInterfaceControl.java:209)
	... 7 more
Caused by: java.lang.RuntimeException: Could not find rule file rules/intRulesCheckedSemantics.key
	at de.uka.ilkd.key.proof.io.RuleSourceFactory.fromBuiltInRule(RuleSourceFactory.java:32)
	at de.uka.ilkd.key.proof.io.RuleSourceFactory.fromDefaultLocation(RuleSourceFactory.java:21)
	at de.uka.ilkd.key.nparser.builder.IncludeFinder.addInclude(IncludeFinder.java:63)
	at de.uka.ilkd.key.nparser.builder.IncludeFinder.visitOne_include(IncludeFinder.java:43)
	at de.uka.ilkd.key.nparser.builder.IncludeFinder.visitOne_include(IncludeFinder.java:20)
	at de.uka.ilkd.key.nparser.KeYParser$One_includeContext.accept(KeYParser.java:878)
	at de.uka.ilkd.key.nparser.builder.AbstractBuilder.lambda$mapOf$0(AbstractBuilder.java:112)
	at java.base/java.util.stream.ReferencePipeline$3$1.accept(ReferencePipeline.java:195)
	at java.base/java.util.ArrayList$ArrayListSpliterator.forEachRemaining(ArrayList.java:1655)
	at java.base/java.util.stream.AbstractPipeline.copyInto(AbstractPipeline.java:484)
	at java.base/java.util.stream.AbstractPipeline.wrapAndCopyInto(AbstractPipeline.java:474)
	at java.base/java.util.stream.ReduceOps$ReduceOp.evaluateSequential(ReduceOps.java:913)
	at java.base/java.util.stream.AbstractPipeline.evaluate(AbstractPipeline.java:234)
	at java.base/java.util.stream.ReferencePipeline.collect(ReferencePipeline.java:578)
	at de.uka.ilkd.key.nparser.builder.AbstractBuilder.mapOf(AbstractBuilder.java:112)
	at de.uka.ilkd.key.nparser.builder.IncludeFinder.visitOne_include_statement(IncludeFinder.java:35)
	at de.uka.ilkd.key.nparser.builder.IncludeFinder.visitOne_include_statement(IncludeFinder.java:20)
	at de.uka.ilkd.key.nparser.KeYParser$One_include_statementContext.accept(KeYParser.java:802)
	at org.antlr.v4.runtime.tree.AbstractParseTreeVisitor.visitChildren(AbstractParseTreeVisitor.java:46)
	at de.uka.ilkd.key.nparser.KeYParserBaseVisitor.visitDecls(KeYParserBaseVisitor.java:30)
	at de.uka.ilkd.key.nparser.KeYParser$DeclsContext.accept(KeYParser.java:500)
	at org.antlr.v4.runtime.tree.AbstractParseTreeVisitor.visitChildren(AbstractParseTreeVisitor.java:46)
	at de.uka.ilkd.key.nparser.KeYParserBaseVisitor.visitFile(KeYParserBaseVisitor.java:23)
	at de.uka.ilkd.key.nparser.KeYParser$FileContext.accept(KeYParser.java:306)
	at de.uka.ilkd.key.nparser.KeyAst.accept(KeyAst.java:41)
	at de.uka.ilkd.key.nparser.KeyAst$File.getIncludes(KeyAst.java:76)
	at de.uka.ilkd.key.proof.io.KeYFile.readIncludes(KeYFile.java:208)
	... 14 more
Exception in thread "main" org.opentest4j.AssertionFailedError: Exception during the execution of proofs. See log for more details.
	at org.junit.jupiter.api.AssertionUtils.fail(AssertionUtils.java:39)
	at org.junit.jupiter.api.Assertions.fail(Assertions.java:134)
	at de.uka.ilkd.key.proof.runallproofs.proofcollection.ForkedTestFileRunner.main(ForkedTestFileRunner.java:192)
Timeout watcher launched (2000 secs.)
Could not find rule file rules/intRulesCheckedSemantics.key (file: /home/runner/work/key/key/key.core/../key.ui/examples/index/.././heap/javacard/updateBalance0.key; caused by: de.uka.ilkd.key.proof.init.ProofInputException: Could not find rule file rules/intRulesCheckedSemantics.key)
	at de.uka.ilkd.key.control.AbstractUserInterfaceControl.load(AbstractUserInterfaceControl.java:221)
	at de.uka.ilkd.key.control.KeYEnvironment.load(KeYEnvironment.java:251)
	at de.uka.ilkd.key.control.KeYEnvironment.load(KeYEnvironment.java:224)
	at de.uka.ilkd.key.control.KeYEnvironment.load(KeYEnvironment.java:184)
	at de.uka.ilkd.key.control.KeYEnvironment.load(KeYEnvironment.java:261)
	at de.uka.ilkd.key.proof.runallproofs.proofcollection.TestFile.load(TestFile.java:270)
	at de.uka.ilkd.key.proof.runallproofs.proofcollection.TestFile.runKey(TestFile.java:160)
	at de.uka.ilkd.key.proof.runallproofs.proofcollection.ForkedTestFileRunner.main(ForkedTestFileRunner.java:171)
Caused by: de.uka.ilkd.key.proof.init.ProofInputException: Could not find rule file rules/intRulesCheckedSemantics.key
	at de.uka.ilkd.key.proof.io.KeYFile.readIncludes(KeYFile.java:210)
	at de.uka.ilkd.key.proof.init.ProblemInitializer.readIncludes(ProblemInitializer.java:177)
	at de.uka.ilkd.key.proof.init.ProblemInitializer.readEnvInput(ProblemInitializer.java:325)
	at de.uka.ilkd.key.proof.init.ProblemInitializer.prepare(ProblemInitializer.java:449)
	at de.uka.ilkd.key.proof.io.AbstractProblemLoader.createInitConfig(AbstractProblemLoader.java:518)
	at de.uka.ilkd.key.proof.io.AbstractProblemLoader.loadEnvironment(AbstractProblemLoader.java:288)
	at de.uka.ilkd.key.proof.io.AbstractProblemLoader.load(AbstractProblemLoader.java:252)
	at de.uka.ilkd.key.control.AbstractUserInterfaceControl.load(AbstractUserInterfaceControl.java:209)
	... 7 more
Caused by: java.lang.RuntimeException: Could not find rule file rules/intRulesCheckedSemantics.key
	at de.uka.ilkd.key.proof.io.RuleSourceFactory.fromBuiltInRule(RuleSourceFactory.java:32)
	at de.uka.ilkd.key.proof.io.RuleSourceFactory.fromDefaultLocation(RuleSourceFactory.java:21)
	at de.uka.ilkd.key.nparser.builder.IncludeFinder.addInclude(IncludeFinder.java:63)
	at de.uka.ilkd.key.nparser.builder.IncludeFinder.visitOne_include(IncludeFinder.java:43)
	at de.uka.ilkd.key.nparser.builder.IncludeFinder.visitOne_include(IncludeFinder.java:20)
	at de.uka.ilkd.key.nparser.KeYParser$One_includeContext.accept(KeYParser.java:878)
	at de.uka.ilkd.key.nparser.builder.AbstractBuilder.lambda$mapOf$0(AbstractBuilder.java:112)
	at java.base/java.util.stream.ReferencePipeline$3$1.accept(ReferencePipeline.java:195)
	at java.base/java.util.ArrayList$ArrayListSpliterator.forEachRemaining(ArrayList.java:1655)
	at java.base/java.util.stream.AbstractPipeline.copyInto(AbstractPipeline.java:484)
	at java.base/java.util.stream.AbstractPipeline.wrapAndCopyInto(AbstractPipeline.java:474)
	at java.base/java.util.stream.ReduceOps$ReduceOp.evaluateSequential(ReduceOps.java:913)
	at java.base/java.util.stream.AbstractPipeline.evaluate(AbstractPipeline.java:234)
	at java.base/java.util.stream.ReferencePipeline.collect(ReferencePipeline.java:578)
	at de.uka.ilkd.key.nparser.builder.AbstractBuilder.mapOf(AbstractBuilder.java:112)
	at de.uka.ilkd.key.nparser.builder.IncludeFinder.visitOne_include_statement(IncludeFinder.java:35)
	at de.uka.ilkd.key.nparser.builder.IncludeFinder.visitOne_include_statement(IncludeFinder.java:20)
	at de.uka.ilkd.key.nparser.KeYParser$One_include_statementContext.accept(KeYParser.java:802)
	at org.antlr.v4.runtime.tree.AbstractParseTreeVisitor.visitChildren(AbstractParseTreeVisitor.java:46)
	at de.uka.ilkd.key.nparser.KeYParserBaseVisitor.visitDecls(KeYParserBaseVisitor.java:30)
	at de.uka.ilkd.key.nparser.KeYParser$DeclsContext.accept(KeYParser.java:500)
	at org.antlr.v4.runtime.tree.AbstractParseTreeVisitor.visitChildren(AbstractParseTreeVisitor.java:46)
	at de.uka.ilkd.key.nparser.KeYParserBaseVisitor.visitFile(KeYParserBaseVisitor.java:23)
	at de.uka.ilkd.key.nparser.KeYParser$FileContext.accept(KeYParser.java:306)
	at de.uka.ilkd.key.nparser.KeyAst.accept(KeyAst.java:41)
	at de.uka.ilkd.key.nparser.KeyAst$File.getIncludes(KeyAst.java:76)
	at de.uka.ilkd.key.proof.io.KeYFile.readIncludes(KeYFile.java:208)
	... 14 more
Could not find rule file rules/intRulesCheckedSemantics.key (file: /home/runner/work/key/key/key.core/../key.ui/examples/index/.././heap/javacard/updateBalance1.key; caused by: de.uka.ilkd.key.proof.init.ProofInputException: Could not find rule file rules/intRulesCheckedSemantics.key)
	at de.uka.ilkd.key.control.AbstractUserInterfaceControl.load(AbstractUserInterfaceControl.java:221)
	at de.uka.ilkd.key.control.KeYEnvironment.load(KeYEnvironment.java:251)
	at de.uka.ilkd.key.control.KeYEnvironment.load(KeYEnvironment.java:224)
	at de.uka.ilkd.key.control.KeYEnvironment.load(KeYEnvironment.java:184)
	at de.uka.ilkd.key.control.KeYEnvironment.load(KeYEnvironment.java:261)
	at de.uka.ilkd.key.proof.runallproofs.proofcollection.TestFile.load(TestFile.java:270)
	at de.uka.ilkd.key.proof.runallproofs.proofcollection.TestFile.runKey(TestFile.java:160)
	at de.uka.ilkd.key.proof.runallproofs.proofcollection.ForkedTestFileRunner.main(ForkedTestFileRunner.java:171)
Caused by: de.uka.ilkd.key.proof.init.ProofInputException: Could not find rule file rules/intRulesCheckedSemantics.key
	at de.uka.ilkd.key.proof.io.KeYFile.readIncludes(KeYFile.java:210)
	at de.uka.ilkd.key.proof.init.ProblemInitializer.readIncludes(ProblemInitializer.java:177)
	at de.uka.ilkd.key.proof.init.ProblemInitializer.readEnvInput(ProblemInitializer.java:325)
	at de.uka.ilkd.key.proof.init.ProblemInitializer.prepare(ProblemInitializer.java:449)
	at de.uka.ilkd.key.proof.io.AbstractProblemLoader.createInitConfig(AbstractProblemLoader.java:518)
	at de.uka.ilkd.key.proof.io.AbstractProblemLoader.loadEnvironment(AbstractProblemLoader.java:288)
	at de.uka.ilkd.key.proof.io.AbstractProblemLoader.load(AbstractProblemLoader.java:252)
	at de.uka.ilkd.key.control.AbstractUserInterfaceControl.load(AbstractUserInterfaceControl.java:209)
	... 7 more
Caused by: java.lang.RuntimeException: Could not find rule file rules/intRulesCheckedSemantics.key
	at de.uka.ilkd.key.proof.io.RuleSourceFactory.fromBuiltInRule(RuleSourceFactory.java:32)
	at de.uka.ilkd.key.proof.io.RuleSourceFactory.fromDefaultLocation(RuleSourceFactory.java:21)
	at de.uka.ilkd.key.nparser.builder.IncludeFinder.addInclude(IncludeFinder.java:63)
	at de.uka.ilkd.key.nparser.builder.IncludeFinder.visitOne_include(IncludeFinder.java:43)
	at de.uka.ilkd.key.nparser.builder.IncludeFinder.visitOne_include(IncludeFinder.java:20)
	at de.uka.ilkd.key.nparser.KeYParser$One_includeContext.accept(KeYParser.java:878)
	at de.uka.ilkd.key.nparser.builder.AbstractBuilder.lambda$mapOf$0(AbstractBuilder.java:112)
	at java.base/java.util.stream.ReferencePipeline$3$1.accept(ReferencePipeline.java:195)
	at java.base/java.util.ArrayList$ArrayListSpliterator.forEachRemaining(ArrayList.java:1655)
	at java.base/java.util.stream.AbstractPipeline.copyInto(AbstractPipeline.java:484)
	at java.base/java.util.stream.AbstractPipeline.wrapAndCopyInto(AbstractPipeline.java:474)
	at java.base/java.util.stream.ReduceOps$ReduceOp.evaluateSequential(ReduceOps.java:913)
	at java.base/java.util.stream.AbstractPipeline.evaluate(AbstractPipeline.java:234)
	at java.base/java.util.stream.ReferencePipeline.collect(ReferencePipeline.java:578)
	at de.uka.ilkd.key.nparser.builder.AbstractBuilder.mapOf(AbstractBuilder.java:112)
	at de.uka.ilkd.key.nparser.builder.IncludeFinder.visitOne_include_statement(IncludeFinder.java:35)
	at de.uka.ilkd.key.nparser.builder.IncludeFinder.visitOne_include_statement(IncludeFinder.java:20)
	at de.uka.ilkd.key.nparser.KeYParser$One_include_statementContext.accept(KeYParser.java:802)
	at org.antlr.v4.runtime.tree.AbstractParseTreeVisitor.visitChildren(AbstractParseTreeVisitor.java:46)
	at de.uka.ilkd.key.nparser.KeYParserBaseVisitor.visitDecls(KeYParserBaseVisitor.java:30)
	at de.uka.ilkd.key.nparser.KeYParser$DeclsContext.accept(KeYParser.java:500)
	at org.antlr.v4.runtime.tree.AbstractParseTreeVisitor.visitChildren(AbstractParseTreeVisitor.java:46)
	at de.uka.ilkd.key.nparser.KeYParserBaseVisitor.visitFile(KeYParserBaseVisitor.java:23)
	at de.uka.ilkd.key.nparser.KeYParser$FileContext.accept(KeYParser.java:306)
	at de.uka.ilkd.key.nparser.KeyAst.accept(KeyAst.java:41)
	at de.uka.ilkd.key.nparser.KeyAst$File.getIncludes(KeyAst.java:76)
	at de.uka.ilkd.key.proof.io.KeYFile.readIncludes(KeYFile.java:208)
	... 14 more
Could not find rule file rules/intRulesCheckedSemantics.key (file: /home/runner/work/key/key/key.core/../key.ui/examples/index/.././heap/javacard/setArray1.key; caused by: de.uka.ilkd.key.proof.init.ProofInputException: Could not find rule file rules/intRulesCheckedSemantics.key)
	at de.uka.ilkd.key.control.AbstractUserInterfaceControl.load(AbstractUserInterfaceControl.java:221)
	at de.uka.ilkd.key.control.KeYEnvironment.load(KeYEnvironment.java:251)
	at de.uka.ilkd.key.control.KeYEnvironment.load(KeYEnvironment.java:224)
	at de.uka.ilkd.key.control.KeYEnvironment.load(KeYEnvironment.java:184)
	at de.uka.ilkd.key.control.KeYEnvironment.load(KeYEnvironment.java:261)
	at de.uka.ilkd.key.proof.runallproofs.proofcollection.TestFile.load(TestFile.java:270)
	at de.uka.ilkd.key.proof.runallproofs.proofcollection.TestFile.runKey(TestFile.java:160)
	at de.uka.ilkd.key.proof.runallproofs.proofcollection.ForkedTestFileRunner.main(ForkedTestFileRunner.java:171)
Caused by: de.uka.ilkd.key.proof.init.ProofInputException: Could not find rule file rules/intRulesCheckedSemantics.key
	at de.uka.ilkd.key.proof.io.KeYFile.readIncludes(KeYFile.java:210)
	at de.uka.ilkd.key.proof.init.ProblemInitializer.readIncludes(ProblemInitializer.java:177)
	at de.uka.ilkd.key.proof.init.ProblemInitializer.readEnvInput(ProblemInitializer.java:325)
	at de.uka.ilkd.key.proof.init.ProblemInitializer.prepare(ProblemInitializer.java:449)
	at de.uka.ilkd.key.proof.io.AbstractProblemLoader.createInitConfig(AbstractProblemLoader.java:518)
	at de.uka.ilkd.key.proof.io.AbstractProblemLoader.loadEnvironment(AbstractProblemLoader.java:288)
	at de.uka.ilkd.key.proof.io.AbstractProblemLoader.load(AbstractProblemLoader.java:252)
	at de.uka.ilkd.key.control.AbstractUserInterfaceControl.load(AbstractUserInterfaceControl.java:209)
	... 7 more
Caused by: java.lang.RuntimeException: Could not find rule file rules/intRulesCheckedSemantics.key
	at de.uka.ilkd.key.proof.io.RuleSourceFactory.fromBuiltInRule(RuleSourceFactory.java:32)
	at de.uka.ilkd.key.proof.io.RuleSourceFactory.fromDefaultLocation(RuleSourceFactory.java:21)
	at de.uka.ilkd.key.nparser.builder.IncludeFinder.addInclude(IncludeFinder.java:63)
	at de.uka.ilkd.key.nparser.builder.IncludeFinder.visitOne_include(IncludeFinder.java:43)
	at de.uka.ilkd.key.nparser.builder.IncludeFinder.visitOne_include(IncludeFinder.java:20)
	at de.uka.ilkd.key.nparser.KeYParser$One_includeContext.accept(KeYParser.java:878)
	at de.uka.ilkd.key.nparser.builder.AbstractBuilder.lambda$mapOf$0(AbstractBuilder.java:112)
	at java.base/java.util.stream.ReferencePipeline$3$1.accept(ReferencePipeline.java:195)
	at java.base/java.util.ArrayList$ArrayListSpliterator.forEachRemaining(ArrayList.java:1655)
	at java.base/java.util.stream.AbstractPipeline.copyInto(AbstractPipeline.java:484)
	at java.base/java.util.stream.AbstractPipeline.wrapAndCopyInto(AbstractPipeline.java:474)
	at java.base/java.util.stream.ReduceOps$ReduceOp.evaluateSequential(ReduceOps.java:913)
	at java.base/java.util.stream.AbstractPipeline.evaluate(AbstractPipeline.java:234)
	at java.base/java.util.stream.ReferencePipeline.collect(ReferencePipeline.java:578)
	at de.uka.ilkd.key.nparser.builder.AbstractBuilder.mapOf(AbstractBuilder.java:112)
	at de.uka.ilkd.key.nparser.builder.IncludeFinder.visitOne_include_statement(IncludeFinder.java:35)
	at de.uka.ilkd.key.nparser.builder.IncludeFinder.visitOne_include_statement(IncludeFinder.java:20)
	at de.uka.ilkd.key.nparser.KeYParser$One_include_statementContext.accept(KeYParser.java:802)
	at org.antlr.v4.runtime.tree.AbstractParseTreeVisitor.visitChildren(AbstractParseTreeVisitor.java:46)
	at de.uka.ilkd.key.nparser.KeYParserBaseVisitor.visitDecls(KeYParserBaseVisitor.java:30)
	at de.uka.ilkd.key.nparser.KeYParser$DeclsContext.accept(KeYParser.java:500)
	at org.antlr.v4.runtime.tree.AbstractParseTreeVisitor.visitChildren(AbstractParseTreeVisitor.java:46)
	at de.uka.ilkd.key.nparser.KeYParserBaseVisitor.visitFile(KeYParserBaseVisitor.java:23)
	at de.uka.ilkd.key.nparser.KeYParser$FileContext.accept(KeYParser.java:306)
	at de.uka.ilkd.key.nparser.KeyAst.accept(KeyAst.java:41)
	at de.uka.ilkd.key.nparser.KeyAst$File.getIncludes(KeyAst.java:76)
	at de.uka.ilkd.key.proof.io.KeYFile.readIncludes(KeYFile.java:208)
	... 14 more
Could not find rule file rules/intRulesCheckedSemantics.key (file: /home/runner/work/key/key/key.core/../key.ui/examples/index/.././heap/javacard/setArray2.key; caused by: de.uka.ilkd.key.proof.init.ProofInputException: Could not find rule file rules/intRulesCheckedSemantics.key)
	at de.uka.ilkd.key.control.AbstractUserInterfaceControl.load(AbstractUserInterfaceControl.java:221)
	at de.uka.ilkd.key.control.KeYEnvironment.load(KeYEnvironment.java:251)
	at de.uka.ilkd.key.control.KeYEnvironment.load(KeYEnvironment.java:224)
	at de.uka.ilkd.key.control.KeYEnvironment.load(KeYEnvironment.java:184)
	at de.uka.ilkd.key.control.KeYEnvironment.load(KeYEnvironment.java:261)
	at de.uka.ilkd.key.proof.runallproofs.proofcollection.TestFile.load(TestFile.java:270)
	at de.uka.ilkd.key.proof.runallproofs.proofcollection.TestFile.runKey(TestFile.java:160)
	at de.uka.ilkd.key.proof.runallproofs.proofcollection.ForkedTestFileRunner.main(ForkedTestFileRunner.java:171)
Caused by: de.uka.ilkd.key.proof.init.ProofInputException: Could not find rule file rules/intRulesCheckedSemantics.key
	at de.uka.ilkd.key.proof.io.KeYFile.readIncludes(KeYFile.java:210)
	at de.uka.ilkd.key.proof.init.ProblemInitializer.readIncludes(ProblemInitializer.java:177)
	at de.uka.ilkd.key.proof.init.ProblemInitializer.readEnvInput(ProblemInitializer.java:325)
	at de.uka.ilkd.key.proof.init.ProblemInitializer.prepare(ProblemInitializer.java:449)
	at de.uka.ilkd.key.proof.io.AbstractProblemLoader.createInitConfig(AbstractProblemLoader.java:518)
	at de.uka.ilkd.key.proof.io.AbstractProblemLoader.loadEnvironment(AbstractProblemLoader.java:288)
	at de.uka.ilkd.key.proof.io.AbstractProblemLoader.load(AbstractProblemLoader.java:252)
	at de.uka.ilkd.key.control.AbstractUserInterfaceControl.load(AbstractUserInterfaceControl.java:209)
	... 7 more
Caused by: java.lang.RuntimeException: Could not find rule file rules/intRulesCheckedSemantics.key
	at de.uka.ilkd.key.proof.io.RuleSourceFactory.fromBuiltInRule(RuleSourceFactory.java:32)
	at de.uka.ilkd.key.proof.io.RuleSourceFactory.fromDefaultLocation(RuleSourceFactory.java:21)
	at de.uka.ilkd.key.nparser.builder.IncludeFinder.addInclude(IncludeFinder.java:63)
	at de.uka.ilkd.key.nparser.builder.IncludeFinder.visitOne_include(IncludeFinder.java:43)
	at de.uka.ilkd.key.nparser.builder.IncludeFinder.visitOne_include(IncludeFinder.java:20)
	at de.uka.ilkd.key.nparser.KeYParser$One_includeContext.accept(KeYParser.java:878)
	at de.uka.ilkd.key.nparser.builder.AbstractBuilder.lambda$mapOf$0(AbstractBuilder.java:112)
	at java.base/java.util.stream.ReferencePipeline$3$1.accept(ReferencePipeline.java:195)
	at java.base/java.util.ArrayList$ArrayListSpliterator.forEachRemaining(ArrayList.java:1655)
	at java.base/java.util.stream.AbstractPipeline.copyInto(AbstractPipeline.java:484)
	at java.base/java.util.stream.AbstractPipeline.wrapAndCopyInto(AbstractPipeline.java:474)
	at java.base/java.util.stream.ReduceOps$ReduceOp.evaluateSequential(ReduceOps.java:913)
	at java.base/java.util.stream.AbstractPipeline.evaluate(AbstractPipeline.java:234)
	at java.base/java.util.stream.ReferencePipeline.collect(ReferencePipeline.java:578)
	at de.uka.ilkd.key.nparser.builder.AbstractBuilder.mapOf(AbstractBuilder.java:112)
	at de.uka.ilkd.key.nparser.builder.IncludeFinder.visitOne_include_statement(IncludeFinder.java:35)
	at de.uka.ilkd.key.nparser.builder.IncludeFinder.visitOne_include_statement(IncludeFinder.java:20)
	at de.uka.ilkd.key.nparser.KeYParser$One_include_statementContext.accept(KeYParser.java:802)
	at org.antlr.v4.runtime.tree.AbstractParseTreeVisitor.visitChildren(AbstractParseTreeVisitor.java:46)
	at de.uka.ilkd.key.nparser.KeYParserBaseVisitor.visitDecls(KeYParserBaseVisitor.java:30)
	at de.uka.ilkd.key.nparser.KeYParser$DeclsContext.accept(KeYParser.java:500)
	at org.antlr.v4.runtime.tree.AbstractParseTreeVisitor.visitChildren(AbstractParseTreeVisitor.java:46)
	at de.uka.ilkd.key.nparser.KeYParserBaseVisitor.visitFile(KeYParserBaseVisitor.java:23)
	at de.uka.ilkd.key.nparser.KeYParser$FileContext.accept(KeYParser.java:306)
	at de.uka.ilkd.key.nparser.KeyAst.accept(KeyAst.java:41)
	at de.uka.ilkd.key.nparser.KeyAst$File.getIncludes(KeyAst.java:76)
	at de.uka.ilkd.key.proof.io.KeYFile.readIncludes(KeYFile.java:208)
	... 14 more
Could not find rule file rules/intRulesCheckedSemantics.key (file: /home/runner/work/key/key/key.core/../key.ui/examples/index/.././heap/javacard/arrayFillNonAtomic.key; caused by: de.uka.ilkd.key.proof.init.ProofInputException: Could not find rule file rules/intRulesCheckedSemantics.key)
	at de.uka.ilkd.key.control.AbstractUserInterfaceControl.load(AbstractUserInterfaceControl.java:221)
	at de.uka.ilkd.key.control.KeYEnvironment.load(KeYEnvironment.java:251)
	at de.uka.ilkd.key.control.KeYEnvironment.load(KeYEnvironment.java:224)
	at de.uka.ilkd.key.control.KeYEnvironment.load(KeYEnvironment.java:184)
	at de.uka.ilkd.key.control.KeYEnvironment.load(KeYEnvironment.java:261)
	at de.uka.ilkd.key.proof.runallproofs.proofcollection.TestFile.load(TestFile.java:270)
	at de.uka.ilkd.key.proof.runallproofs.proofcollection.TestFile.runKey(TestFile.java:160)
	at de.uka.ilkd.key.proof.runallproofs.proofcollection.ForkedTestFileRunner.main(ForkedTestFileRunner.java:171)
Caused by: de.uka.ilkd.key.proof.init.ProofInputException: Could not find rule file rules/intRulesCheckedSemantics.key
	at de.uka.ilkd.key.proof.io.KeYFile.readIncludes(KeYFile.java:210)
	at de.uka.ilkd.key.proof.init.ProblemInitializer.readIncludes(ProblemInitializer.java:177)
	at de.uka.ilkd.key.proof.init.ProblemInitializer.readEnvInput(ProblemInitializer.java:325)
	at de.uka.ilkd.key.proof.init.ProblemInitializer.prepare(ProblemInitializer.java:449)
	at de.uka.ilkd.key.proof.io.AbstractProblemLoader.createInitConfig(AbstractProblemLoader.java:518)
	at de.uka.ilkd.key.proof.io.AbstractProblemLoader.loadEnvironment(AbstractProblemLoader.java:288)
	at de.uka.ilkd.key.proof.io.AbstractProblemLoader.load(AbstractProblemLoader.java:252)
	at de.uka.ilkd.key.control.AbstractUserInterfaceControl.load(AbstractUserInterfaceControl.java:209)
	... 7 more
Caused by: java.lang.RuntimeException: Could not find rule file rules/intRulesCheckedSemantics.key
	at de.uka.ilkd.key.proof.io.RuleSourceFactory.fromBuiltInRule(RuleSourceFactory.java:32)
	at de.uka.ilkd.key.proof.io.RuleSourceFactory.fromDefaultLocation(RuleSourceFactory.java:21)
	at de.uka.ilkd.key.nparser.builder.IncludeFinder.addInclude(IncludeFinder.java:63)
	at de.uka.ilkd.key.nparser.builder.IncludeFinder.visitOne_include(IncludeFinder.java:43)
	at de.uka.ilkd.key.nparser.builder.IncludeFinder.visitOne_include(IncludeFinder.java:20)
	at de.uka.ilkd.key.nparser.KeYParser$One_includeContext.accept(KeYParser.java:878)
	at de.uka.ilkd.key.nparser.builder.AbstractBuilder.lambda$mapOf$0(AbstractBuilder.java:112)
	at java.base/java.util.stream.ReferencePipeline$3$1.accept(ReferencePipeline.java:195)
	at java.base/java.util.ArrayList$ArrayListSpliterator.forEachRemaining(ArrayList.java:1655)
	at java.base/java.util.stream.AbstractPipeline.copyInto(AbstractPipeline.java:484)
	at java.base/java.util.stream.AbstractPipeline.wrapAndCopyInto(AbstractPipeline.java:474)
	at java.base/java.util.stream.ReduceOps$ReduceOp.evaluateSequential(ReduceOps.java:913)
	at java.base/java.util.stream.AbstractPipeline.evaluate(AbstractPipeline.java:234)
	at java.base/java.util.stream.ReferencePipeline.collect(ReferencePipeline.java:578)
	at de.uka.ilkd.key.nparser.builder.AbstractBuilder.mapOf(AbstractBuilder.java:112)
	at de.uka.ilkd.key.nparser.builder.IncludeFinder.visitOne_include_statement(IncludeFinder.java:35)
	at de.uka.ilkd.key.nparser.builder.IncludeFinder.visitOne_include_statement(IncludeFinder.java:20)
	at de.uka.ilkd.key.nparser.KeYParser$One_include_statementContext.accept(KeYParser.java:802)
	at org.antlr.v4.runtime.tree.AbstractParseTreeVisitor.visitChildren(AbstractParseTreeVisitor.java:46)
	at de.uka.ilkd.key.nparser.KeYParserBaseVisitor.visitDecls(KeYParserBaseVisitor.java:30)
	at de.uka.ilkd.key.nparser.KeYParser$DeclsContext.accept(KeYParser.java:500)
	at org.antlr.v4.runtime.tree.AbstractParseTreeVisitor.visitChildren(AbstractParseTreeVisitor.java:46)
	at de.uka.ilkd.key.nparser.KeYParserBaseVisitor.visitFile(KeYParserBaseVisitor.java:23)
	at de.uka.ilkd.key.nparser.KeYParser$FileContext.accept(KeYParser.java:306)
	at de.uka.ilkd.key.nparser.KeyAst.accept(KeyAst.java:41)
	at de.uka.ilkd.key.nparser.KeyAst$File.getIncludes(KeyAst.java:76)
	at de.uka.ilkd.key.proof.io.KeYFile.readIncludes(KeYFile.java:208)
	... 14 more
Exception in thread "main" org.opentest4j.AssertionFailedError: Exception during the execution of proofs. See log for more details.
	at org.junit.jupiter.api.AssertionUtils.fail(AssertionUtils.java:39)
	at org.junit.jupiter.api.Assertions.fail(Assertions.java:134)
	at de.uka.ilkd.key.proof.runallproofs.proofcollection.ForkedTestFileRunner.main(ForkedTestFileRunner.java:192)
Timeout watcher launched (2000 secs.)
Could not find rule file rules/intRulesCheckedSemantics.key (file: /home/runner/work/key/key/key.core/../key.ui/examples/index/.././heap/coincidence_count/project.key; caused by: de.uka.ilkd.key.proof.init.ProofInputException: Could not find rule file rules/intRulesCheckedSemantics.key)
	at de.uka.ilkd.key.control.AbstractUserInterfaceControl.load(AbstractUserInterfaceControl.java:221)
	at de.uka.ilkd.key.control.KeYEnvironment.load(KeYEnvironment.java:251)
	at de.uka.ilkd.key.control.KeYEnvironment.load(KeYEnvironment.java:224)
	at de.uka.ilkd.key.control.KeYEnvironment.load(KeYEnvironment.java:184)
	at de.uka.ilkd.key.control.KeYEnvironment.load(KeYEnvironment.java:261)
	at de.uka.ilkd.key.proof.runallproofs.proofcollection.TestFile.load(TestFile.java:270)
	at de.uka.ilkd.key.proof.runallproofs.proofcollection.TestFile.runKey(TestFile.java:160)
	at de.uka.ilkd.key.proof.runallproofs.proofcollection.ForkedTestFileRunner.main(ForkedTestFileRunner.java:171)
Caused by: de.uka.ilkd.key.proof.init.ProofInputException: Could not find rule file rules/intRulesCheckedSemantics.key
	at de.uka.ilkd.key.proof.io.KeYFile.readIncludes(KeYFile.java:210)
	at de.uka.ilkd.key.proof.init.ProblemInitializer.readIncludes(ProblemInitializer.java:177)
	at de.uka.ilkd.key.proof.init.ProblemInitializer.readEnvInput(ProblemInitializer.java:325)
	at de.uka.ilkd.key.proof.init.ProblemInitializer.prepare(ProblemInitializer.java:449)
	at de.uka.ilkd.key.proof.io.AbstractProblemLoader.createInitConfig(AbstractProblemLoader.java:518)
	at de.uka.ilkd.key.proof.io.AbstractProblemLoader.loadEnvironment(AbstractProblemLoader.java:288)
	at de.uka.ilkd.key.proof.io.AbstractProblemLoader.load(AbstractProblemLoader.java:252)
	at de.uka.ilkd.key.control.AbstractUserInterfaceControl.load(AbstractUserInterfaceControl.java:209)
	... 7 more
Caused by: java.lang.RuntimeException: Could not find rule file rules/intRulesCheckedSemantics.key
	at de.uka.ilkd.key.proof.io.RuleSourceFactory.fromBuiltInRule(RuleSourceFactory.java:32)
	at de.uka.ilkd.key.proof.io.RuleSourceFactory.fromDefaultLocation(RuleSourceFactory.java:21)
	at de.uka.ilkd.key.nparser.builder.IncludeFinder.addInclude(IncludeFinder.java:63)
	at de.uka.ilkd.key.nparser.builder.IncludeFinder.visitOne_include(IncludeFinder.java:43)
	at de.uka.ilkd.key.nparser.builder.IncludeFinder.visitOne_include(IncludeFinder.java:20)
	at de.uka.ilkd.key.nparser.KeYParser$One_includeContext.accept(KeYParser.java:878)
	at de.uka.ilkd.key.nparser.builder.AbstractBuilder.lambda$mapOf$0(AbstractBuilder.java:112)
	at java.base/java.util.stream.ReferencePipeline$3$1.accept(ReferencePipeline.java:195)
	at java.base/java.util.ArrayList$ArrayListSpliterator.forEachRemaining(ArrayList.java:1655)
	at java.base/java.util.stream.AbstractPipeline.copyInto(AbstractPipeline.java:484)
	at java.base/java.util.stream.AbstractPipeline.wrapAndCopyInto(AbstractPipeline.java:474)
	at java.base/java.util.stream.ReduceOps$ReduceOp.evaluateSequential(ReduceOps.java:913)
	at java.base/java.util.stream.AbstractPipeline.evaluate(AbstractPipeline.java:234)
	at java.base/java.util.stream.ReferencePipeline.collect(ReferencePipeline.java:578)
	at de.uka.ilkd.key.nparser.builder.AbstractBuilder.mapOf(AbstractBuilder.java:112)
	at de.uka.ilkd.key.nparser.builder.IncludeFinder.visitOne_include_statement(IncludeFinder.java:35)
	at de.uka.ilkd.key.nparser.builder.IncludeFinder.visitOne_include_statement(IncludeFinder.java:20)
	at de.uka.ilkd.key.nparser.KeYParser$One_include_statementContext.accept(KeYParser.java:802)
	at org.antlr.v4.runtime.tree.AbstractParseTreeVisitor.visitChildren(AbstractParseTreeVisitor.java:46)
	at de.uka.ilkd.key.nparser.KeYParserBaseVisitor.visitDecls(KeYParserBaseVisitor.java:30)
	at de.uka.ilkd.key.nparser.KeYParser$DeclsContext.accept(KeYParser.java:500)
	at org.antlr.v4.runtime.tree.AbstractParseTreeVisitor.visitChildren(AbstractParseTreeVisitor.java:46)
	at de.uka.ilkd.key.nparser.KeYParserBaseVisitor.visitFile(KeYParserBaseVisitor.java:23)
	at de.uka.ilkd.key.nparser.KeYParser$FileContext.accept(KeYParser.java:306)
	at de.uka.ilkd.key.nparser.KeyAst.accept(KeyAst.java:41)
	at de.uka.ilkd.key.nparser.KeyAst$File.getIncludes(KeyAst.java:76)
	at de.uka.ilkd.key.proof.io.KeYFile.readIncludes(KeYFile.java:208)
	... 14 more
Exception in thread "main" org.opentest4j.AssertionFailedError: Exception during the execution of proofs. See log for more details.
	at org.junit.jupiter.api.AssertionUtils.fail(AssertionUtils.java:39)
	at org.junit.jupiter.api.Assertions.fail(Assertions.java:134)
	at de.uka.ilkd.key.proof.runallproofs.proofcollection.ForkedTestFileRunner.main(ForkedTestFileRunner.java:192)
Timeout watcher launched (2000 secs.)
Could not find rule file rules/intRulesCheckedSemantics.key (file: /home/runner/work/key/key/key.core/../key.ui/examples/index/.././heap/verifyThis11_1_Maximum/project.key; caused by: de.uka.ilkd.key.proof.init.ProofInputException: Could not find rule file rules/intRulesCheckedSemantics.key)
	at de.uka.ilkd.key.control.AbstractUserInterfaceControl.load(AbstractUserInterfaceControl.java:221)
	at de.uka.ilkd.key.control.KeYEnvironment.load(KeYEnvironment.java:251)
	at de.uka.ilkd.key.control.KeYEnvironment.load(KeYEnvironment.java:224)
	at de.uka.ilkd.key.control.KeYEnvironment.load(KeYEnvironment.java:184)
	at de.uka.ilkd.key.control.KeYEnvironment.load(KeYEnvironment.java:261)
	at de.uka.ilkd.key.proof.runallproofs.proofcollection.TestFile.load(TestFile.java:270)
	at de.uka.ilkd.key.proof.runallproofs.proofcollection.TestFile.runKey(TestFile.java:160)
	at de.uka.ilkd.key.proof.runallproofs.proofcollection.ForkedTestFileRunner.main(ForkedTestFileRunner.java:171)
Caused by: de.uka.ilkd.key.proof.init.ProofInputException: Could not find rule file rules/intRulesCheckedSemantics.key
	at de.uka.ilkd.key.proof.io.KeYFile.readIncludes(KeYFile.java:210)
	at de.uka.ilkd.key.proof.init.ProblemInitializer.readIncludes(ProblemInitializer.java:177)
	at de.uka.ilkd.key.proof.init.ProblemInitializer.readEnvInput(ProblemInitializer.java:325)
	at de.uka.ilkd.key.proof.init.ProblemInitializer.prepare(ProblemInitializer.java:449)
	at de.uka.ilkd.key.proof.io.AbstractProblemLoader.createInitConfig(AbstractProblemLoader.java:518)
	at de.uka.ilkd.key.proof.io.AbstractProblemLoader.loadEnvironment(AbstractProblemLoader.java:288)
	at de.uka.ilkd.key.proof.io.AbstractProblemLoader.load(AbstractProblemLoader.java:252)
	at de.uka.ilkd.key.control.AbstractUserInterfaceControl.load(AbstractUserInterfaceControl.java:209)
	... 7 more
Caused by: java.lang.RuntimeException: Could not find rule file rules/intRulesCheckedSemantics.key
	at de.uka.ilkd.key.proof.io.RuleSourceFactory.fromBuiltInRule(RuleSourceFactory.java:32)
	at de.uka.ilkd.key.proof.io.RuleSourceFactory.fromDefaultLocation(RuleSourceFactory.java:21)
	at de.uka.ilkd.key.nparser.builder.IncludeFinder.addInclude(IncludeFinder.java:63)
	at de.uka.ilkd.key.nparser.builder.IncludeFinder.visitOne_include(IncludeFinder.java:43)
	at de.uka.ilkd.key.nparser.builder.IncludeFinder.visitOne_include(IncludeFinder.java:20)
	at de.uka.ilkd.key.nparser.KeYParser$One_includeContext.accept(KeYParser.java:878)
	at de.uka.ilkd.key.nparser.builder.AbstractBuilder.lambda$mapOf$0(AbstractBuilder.java:112)
	at java.base/java.util.stream.ReferencePipeline$3$1.accept(ReferencePipeline.java:195)
	at java.base/java.util.ArrayList$ArrayListSpliterator.forEachRemaining(ArrayList.java:1655)
	at java.base/java.util.stream.AbstractPipeline.copyInto(AbstractPipeline.java:484)
	at java.base/java.util.stream.AbstractPipeline.wrapAndCopyInto(AbstractPipeline.java:474)
	at java.base/java.util.stream.ReduceOps$ReduceOp.evaluateSequential(ReduceOps.java:913)
	at java.base/java.util.stream.AbstractPipeline.evaluate(AbstractPipeline.java:234)
	at java.base/java.util.stream.ReferencePipeline.collect(ReferencePipeline.java:578)
	at de.uka.ilkd.key.nparser.builder.AbstractBuilder.mapOf(AbstractBuilder.java:112)
	at de.uka.ilkd.key.nparser.builder.IncludeFinder.visitOne_include_statement(IncludeFinder.java:35)
	at de.uka.ilkd.key.nparser.builder.IncludeFinder.visitOne_include_statement(IncludeFinder.java:20)
	at de.uka.ilkd.key.nparser.KeYParser$One_include_statementContext.accept(KeYParser.java:802)
	at org.antlr.v4.runtime.tree.AbstractParseTreeVisitor.visitChildren(AbstractParseTreeVisitor.java:46)
	at de.uka.ilkd.key.nparser.KeYParserBaseVisitor.visitDecls(KeYParserBaseVisitor.java:30)
	at de.uka.ilkd.key.nparser.KeYParser$DeclsContext.accept(KeYParser.java:500)
	at org.antlr.v4.runtime.tree.AbstractParseTreeVisitor.visitChildren(AbstractParseTreeVisitor.java:46)
	at de.uka.ilkd.key.nparser.KeYParserBaseVisitor.visitFile(KeYParserBaseVisitor.java:23)
	at de.uka.ilkd.key.nparser.KeYParser$FileContext.accept(KeYParser.java:306)
	at de.uka.ilkd.key.nparser.KeyAst.accept(KeyAst.java:41)
	at de.uka.ilkd.key.nparser.KeyAst$File.getIncludes(KeyAst.java:76)
	at de.uka.ilkd.key.proof.io.KeYFile.readIncludes(KeYFile.java:208)
	... 14 more
Exception in thread "main" org.opentest4j.AssertionFailedError: Exception during the execution of proofs. See log for more details.
	at org.junit.jupiter.api.AssertionUtils.fail(AssertionUtils.java:39)
	at org.junit.jupiter.api.Assertions.fail(Assertions.java:134)
	at de.uka.ilkd.key.proof.runallproofs.proofcollection.ForkedTestFileRunner.main(ForkedTestFileRunner.java:192)
Timeout watcher launched (2000 secs.)
Could not find rule file rules/intRulesCheckedSemantics.key (file: /home/runner/work/key/key/key.core/../key.ui/examples/index/.././heap/fm12_01_LRS/lcp.key; caused by: de.uka.ilkd.key.proof.init.ProofInputException: Could not find rule file rules/intRulesCheckedSemantics.key)
	at de.uka.ilkd.key.control.AbstractUserInterfaceControl.load(AbstractUserInterfaceControl.java:221)
	at de.uka.ilkd.key.control.KeYEnvironment.load(KeYEnvironment.java:251)
	at de.uka.ilkd.key.control.KeYEnvironment.load(KeYEnvironment.java:224)
	at de.uka.ilkd.key.control.KeYEnvironment.load(KeYEnvironment.java:184)
	at de.uka.ilkd.key.control.KeYEnvironment.load(KeYEnvironment.java:261)
	at de.uka.ilkd.key.proof.runallproofs.proofcollection.TestFile.load(TestFile.java:270)
	at de.uka.ilkd.key.proof.runallproofs.proofcollection.TestFile.runKey(TestFile.java:160)
	at de.uka.ilkd.key.proof.runallproofs.proofcollection.ForkedTestFileRunner.main(ForkedTestFileRunner.java:171)
Caused by: de.uka.ilkd.key.proof.init.ProofInputException: Could not find rule file rules/intRulesCheckedSemantics.key
	at de.uka.ilkd.key.proof.io.KeYFile.readIncludes(KeYFile.java:210)
	at de.uka.ilkd.key.proof.init.ProblemInitializer.readIncludes(ProblemInitializer.java:177)
	at de.uka.ilkd.key.proof.init.ProblemInitializer.readEnvInput(ProblemInitializer.java:325)
	at de.uka.ilkd.key.proof.init.ProblemInitializer.prepare(ProblemInitializer.java:449)
	at de.uka.ilkd.key.proof.io.AbstractProblemLoader.createInitConfig(AbstractProblemLoader.java:518)
	at de.uka.ilkd.key.proof.io.AbstractProblemLoader.loadEnvironment(AbstractProblemLoader.java:288)
	at de.uka.ilkd.key.proof.io.AbstractProblemLoader.load(AbstractProblemLoader.java:252)
	at de.uka.ilkd.key.control.AbstractUserInterfaceControl.load(AbstractUserInterfaceControl.java:209)
	... 7 more
Caused by: java.lang.RuntimeException: Could not find rule file rules/intRulesCheckedSemantics.key
	at de.uka.ilkd.key.proof.io.RuleSourceFactory.fromBuiltInRule(RuleSourceFactory.java:32)
	at de.uka.ilkd.key.proof.io.RuleSourceFactory.fromDefaultLocation(RuleSourceFactory.java:21)
	at de.uka.ilkd.key.nparser.builder.IncludeFinder.addInclude(IncludeFinder.java:63)
	at de.uka.ilkd.key.nparser.builder.IncludeFinder.visitOne_include(IncludeFinder.java:43)
	at de.uka.ilkd.key.nparser.builder.IncludeFinder.visitOne_include(IncludeFinder.java:20)
	at de.uka.ilkd.key.nparser.KeYParser$One_includeContext.accept(KeYParser.java:878)
	at de.uka.ilkd.key.nparser.builder.AbstractBuilder.lambda$mapOf$0(AbstractBuilder.java:112)
	at java.base/java.util.stream.ReferencePipeline$3$1.accept(ReferencePipeline.java:195)
	at java.base/java.util.ArrayList$ArrayListSpliterator.forEachRemaining(ArrayList.java:1655)
	at java.base/java.util.stream.AbstractPipeline.copyInto(AbstractPipeline.java:484)
	at java.base/java.util.stream.AbstractPipeline.wrapAndCopyInto(AbstractPipeline.java:474)
	at java.base/java.util.stream.ReduceOps$ReduceOp.evaluateSequential(ReduceOps.java:913)
	at java.base/java.util.stream.AbstractPipeline.evaluate(AbstractPipeline.java:234)
	at java.base/java.util.stream.ReferencePipeline.collect(ReferencePipeline.java:578)
	at de.uka.ilkd.key.nparser.builder.AbstractBuilder.mapOf(AbstractBuilder.java:112)
	at de.uka.ilkd.key.nparser.builder.IncludeFinder.visitOne_include_statement(IncludeFinder.java:35)
	at de.uka.ilkd.key.nparser.builder.IncludeFinder.visitOne_include_statement(IncludeFinder.java:20)
	at de.uka.ilkd.key.nparser.KeYParser$One_include_statementContext.accept(KeYParser.java:802)
	at org.antlr.v4.runtime.tree.AbstractParseTreeVisitor.visitChildren(AbstractParseTreeVisitor.java:46)
	at de.uka.ilkd.key.nparser.KeYParserBaseVisitor.visitDecls(KeYParserBaseVisitor.java:30)
	at de.uka.ilkd.key.nparser.KeYParser$DeclsContext.accept(KeYParser.java:500)
	at org.antlr.v4.runtime.tree.AbstractParseTreeVisitor.visitChildren(AbstractParseTreeVisitor.java:46)
	at de.uka.ilkd.key.nparser.KeYParserBaseVisitor.visitFile(KeYParserBaseVisitor.java:23)
	at de.uka.ilkd.key.nparser.KeYParser$FileContext.accept(KeYParser.java:306)
	at de.uka.ilkd.key.nparser.KeyAst.accept(KeyAst.java:41)
	at de.uka.ilkd.key.nparser.KeyAst$File.getIncludes(KeyAst.java:76)
	at de.uka.ilkd.key.proof.io.KeYFile.readIncludes(KeYFile.java:208)
	... 14 more
Exception in thread "main" org.opentest4j.AssertionFailedError: Exception during the execution of proofs. See log for more details.
	at org.junit.jupiter.api.AssertionUtils.fail(AssertionUtils.java:39)
	at org.junit.jupiter.api.Assertions.fail(Assertions.java:134)
	at de.uka.ilkd.key.proof.runallproofs.proofcollection.ForkedTestFileRunner.main(ForkedTestFileRunner.java:192)
Timeout watcher launched (2000 secs.)
Could not find rule file rules/intRulesCheckedSemantics.key (file: /home/runner/work/key/key/key.core/../key.ui/examples/index/.././heap/SemanticSlicing/project.key; caused by: de.uka.ilkd.key.proof.init.ProofInputException: Could not find rule file rules/intRulesCheckedSemantics.key)
	at de.uka.ilkd.key.control.AbstractUserInterfaceControl.load(AbstractUserInterfaceControl.java:221)
	at de.uka.ilkd.key.control.KeYEnvironment.load(KeYEnvironment.java:251)
	at de.uka.ilkd.key.control.KeYEnvironment.load(KeYEnvironment.java:224)
	at de.uka.ilkd.key.control.KeYEnvironment.load(KeYEnvironment.java:184)
	at de.uka.ilkd.key.control.KeYEnvironment.load(KeYEnvironment.java:261)
	at de.uka.ilkd.key.proof.runallproofs.proofcollection.TestFile.load(TestFile.java:270)
	at de.uka.ilkd.key.proof.runallproofs.proofcollection.TestFile.runKey(TestFile.java:160)
	at de.uka.ilkd.key.proof.runallproofs.proofcollection.ForkedTestFileRunner.main(ForkedTestFileRunner.java:171)
Caused by: de.uka.ilkd.key.proof.init.ProofInputException: Could not find rule file rules/intRulesCheckedSemantics.key
	at de.uka.ilkd.key.proof.io.KeYFile.readIncludes(KeYFile.java:210)
	at de.uka.ilkd.key.proof.init.ProblemInitializer.readIncludes(ProblemInitializer.java:177)
	at de.uka.ilkd.key.proof.init.ProblemInitializer.readEnvInput(ProblemInitializer.java:325)
	at de.uka.ilkd.key.proof.init.ProblemInitializer.prepare(ProblemInitializer.java:449)
	at de.uka.ilkd.key.proof.io.AbstractProblemLoader.createInitConfig(AbstractProblemLoader.java:518)
	at de.uka.ilkd.key.proof.io.AbstractProblemLoader.loadEnvironment(AbstractProblemLoader.java:288)
	at de.uka.ilkd.key.proof.io.AbstractProblemLoader.load(AbstractProblemLoader.java:252)
	at de.uka.ilkd.key.control.AbstractUserInterfaceControl.load(AbstractUserInterfaceControl.java:209)
	... 7 more
Caused by: java.lang.RuntimeException: Could not find rule file rules/intRulesCheckedSemantics.key
	at de.uka.ilkd.key.proof.io.RuleSourceFactory.fromBuiltInRule(RuleSourceFactory.java:32)
	at de.uka.ilkd.key.proof.io.RuleSourceFactory.fromDefaultLocation(RuleSourceFactory.java:21)
	at de.uka.ilkd.key.nparser.builder.IncludeFinder.addInclude(IncludeFinder.java:63)
	at de.uka.ilkd.key.nparser.builder.IncludeFinder.visitOne_include(IncludeFinder.java:43)
	at de.uka.ilkd.key.nparser.builder.IncludeFinder.visitOne_include(IncludeFinder.java:20)
	at de.uka.ilkd.key.nparser.KeYParser$One_includeContext.accept(KeYParser.java:878)
	at de.uka.ilkd.key.nparser.builder.AbstractBuilder.lambda$mapOf$0(AbstractBuilder.java:112)
	at java.base/java.util.stream.ReferencePipeline$3$1.accept(ReferencePipeline.java:195)
	at java.base/java.util.ArrayList$ArrayListSpliterator.forEachRemaining(ArrayList.java:1655)
	at java.base/java.util.stream.AbstractPipeline.copyInto(AbstractPipeline.java:484)
	at java.base/java.util.stream.AbstractPipeline.wrapAndCopyInto(AbstractPipeline.java:474)
	at java.base/java.util.stream.ReduceOps$ReduceOp.evaluateSequential(ReduceOps.java:913)
	at java.base/java.util.stream.AbstractPipeline.evaluate(AbstractPipeline.java:234)
	at java.base/java.util.stream.ReferencePipeline.collect(ReferencePipeline.java:578)
	at de.uka.ilkd.key.nparser.builder.AbstractBuilder.mapOf(AbstractBuilder.java:112)
	at de.uka.ilkd.key.nparser.builder.IncludeFinder.visitOne_include_statement(IncludeFinder.java:35)
	at de.uka.ilkd.key.nparser.builder.IncludeFinder.visitOne_include_statement(IncludeFinder.java:20)
	at de.uka.ilkd.key.nparser.KeYParser$One_include_statementContext.accept(KeYParser.java:802)
	at org.antlr.v4.runtime.tree.AbstractParseTreeVisitor.visitChildren(AbstractParseTreeVisitor.java:46)
	at de.uka.ilkd.key.nparser.KeYParserBaseVisitor.visitDecls(KeYParserBaseVisitor.java:30)
	at de.uka.ilkd.key.nparser.KeYParser$DeclsContext.accept(KeYParser.java:500)
	at org.antlr.v4.runtime.tree.AbstractParseTreeVisitor.visitChildren(AbstractParseTreeVisitor.java:46)
	at de.uka.ilkd.key.nparser.KeYParserBaseVisitor.visitFile(KeYParserBaseVisitor.java:23)
	at de.uka.ilkd.key.nparser.KeYParser$FileContext.accept(KeYParser.java:306)
	at de.uka.ilkd.key.nparser.KeyAst.accept(KeyAst.java:41)
	at de.uka.ilkd.key.nparser.KeyAst$File.getIncludes(KeyAst.java:76)
	at de.uka.ilkd.key.proof.io.KeYFile.readIncludes(KeYFile.java:208)
	... 14 more
Exception in thread "main" org.opentest4j.AssertionFailedError: Exception during the execution of proofs. See log for more details.
	at org.junit.jupiter.api.AssertionUtils.fail(AssertionUtils.java:39)
	at org.junit.jupiter.api.Assertions.fail(Assertions.java:134)
	at de.uka.ilkd.key.proof.runallproofs.proofcollection.ForkedTestFileRunner.main(ForkedTestFileRunner.java:192)
Timeout watcher launched (2000 secs.)
Could not find rule file rules/intRulesCheckedSemantics.key (file: /home/runner/work/key/key/key.core/../key.ui/examples/index/.././heap/information_flow/ArrayList_contains.key; caused by: de.uka.ilkd.key.proof.init.ProofInputException: Could not find rule file rules/intRulesCheckedSemantics.key)
	at de.uka.ilkd.key.control.AbstractUserInterfaceControl.load(AbstractUserInterfaceControl.java:221)
	at de.uka.ilkd.key.control.KeYEnvironment.load(KeYEnvironment.java:251)
	at de.uka.ilkd.key.control.KeYEnvironment.load(KeYEnvironment.java:224)
	at de.uka.ilkd.key.control.KeYEnvironment.load(KeYEnvironment.java:184)
	at de.uka.ilkd.key.control.KeYEnvironment.load(KeYEnvironment.java:261)
	at de.uka.ilkd.key.proof.runallproofs.proofcollection.TestFile.load(TestFile.java:270)
	at de.uka.ilkd.key.proof.runallproofs.proofcollection.TestFile.runKey(TestFile.java:160)
	at de.uka.ilkd.key.proof.runallproofs.proofcollection.ForkedTestFileRunner.main(ForkedTestFileRunner.java:171)
Caused by: de.uka.ilkd.key.proof.init.ProofInputException: Could not find rule file rules/intRulesCheckedSemantics.key
	at de.uka.ilkd.key.proof.io.KeYFile.readIncludes(KeYFile.java:210)
	at de.uka.ilkd.key.proof.init.ProblemInitializer.readIncludes(ProblemInitializer.java:177)
	at de.uka.ilkd.key.proof.init.ProblemInitializer.readEnvInput(ProblemInitializer.java:325)
	at de.uka.ilkd.key.proof.init.ProblemInitializer.prepare(ProblemInitializer.java:449)
	at de.uka.ilkd.key.proof.io.AbstractProblemLoader.createInitConfig(AbstractProblemLoader.java:518)
	at de.uka.ilkd.key.proof.io.AbstractProblemLoader.loadEnvironment(AbstractProblemLoader.java:288)
	at de.uka.ilkd.key.proof.io.AbstractProblemLoader.load(AbstractProblemLoader.java:252)
	at de.uka.ilkd.key.control.AbstractUserInterfaceControl.load(AbstractUserInterfaceControl.java:209)
	... 7 more
Caused by: java.lang.RuntimeException: Could not find rule file rules/intRulesCheckedSemantics.key
	at de.uka.ilkd.key.proof.io.RuleSourceFactory.fromBuiltInRule(RuleSourceFactory.java:32)
	at de.uka.ilkd.key.proof.io.RuleSourceFactory.fromDefaultLocation(RuleSourceFactory.java:21)
	at de.uka.ilkd.key.nparser.builder.IncludeFinder.addInclude(IncludeFinder.java:63)
	at de.uka.ilkd.key.nparser.builder.IncludeFinder.visitOne_include(IncludeFinder.java:43)
	at de.uka.ilkd.key.nparser.builder.IncludeFinder.visitOne_include(IncludeFinder.java:20)
	at de.uka.ilkd.key.nparser.KeYParser$One_includeContext.accept(KeYParser.java:878)
	at de.uka.ilkd.key.nparser.builder.AbstractBuilder.lambda$mapOf$0(AbstractBuilder.java:112)
	at java.base/java.util.stream.ReferencePipeline$3$1.accept(ReferencePipeline.java:195)
	at java.base/java.util.ArrayList$ArrayListSpliterator.forEachRemaining(ArrayList.java:1655)
	at java.base/java.util.stream.AbstractPipeline.copyInto(AbstractPipeline.java:484)
	at java.base/java.util.stream.AbstractPipeline.wrapAndCopyInto(AbstractPipeline.java:474)
	at java.base/java.util.stream.ReduceOps$ReduceOp.evaluateSequential(ReduceOps.java:913)
	at java.base/java.util.stream.AbstractPipeline.evaluate(AbstractPipeline.java:234)
	at java.base/java.util.stream.ReferencePipeline.collect(ReferencePipeline.java:578)
	at de.uka.ilkd.key.nparser.builder.AbstractBuilder.mapOf(AbstractBuilder.java:112)
	at de.uka.ilkd.key.nparser.builder.IncludeFinder.visitOne_include_statement(IncludeFinder.java:35)
	at de.uka.ilkd.key.nparser.builder.IncludeFinder.visitOne_include_statement(IncludeFinder.java:20)
	at de.uka.ilkd.key.nparser.KeYParser$One_include_statementContext.accept(KeYParser.java:802)
	at org.antlr.v4.runtime.tree.AbstractParseTreeVisitor.visitChildren(AbstractParseTreeVisitor.java:46)
	at de.uka.ilkd.key.nparser.KeYParserBaseVisitor.visitDecls(KeYParserBaseVisitor.java:30)
	at de.uka.ilkd.key.nparser.KeYParser$DeclsContext.accept(KeYParser.java:500)
	at org.antlr.v4.runtime.tree.AbstractParseTreeVisitor.visitChildren(AbstractParseTreeVisitor.java:46)
	at de.uka.ilkd.key.nparser.KeYParserBaseVisitor.visitFile(KeYParserBaseVisitor.java:23)
	at de.uka.ilkd.key.nparser.KeYParser$FileContext.accept(KeYParser.java:306)
	at de.uka.ilkd.key.nparser.KeyAst.accept(KeyAst.java:41)
	at de.uka.ilkd.key.nparser.KeyAst$File.getIncludes(KeyAst.java:76)
	at de.uka.ilkd.key.proof.io.KeYFile.readIncludes(KeYFile.java:208)
	... 14 more
Exception in thread "main" org.opentest4j.AssertionFailedError: Exception during the execution of proofs. See log for more details.
	at org.junit.jupiter.api.AssertionUtils.fail(AssertionUtils.java:39)
	at org.junit.jupiter.api.Assertions.fail(Assertions.java:134)
	at de.uka.ilkd.key.proof.runallproofs.proofcollection.ForkedTestFileRunner.main(ForkedTestFileRunner.java:192)
Timeout watcher launched (2000 secs.)
Could not find rule file rules/intRulesCheckedSemantics.key (file: /home/runner/work/key/key/key.core/../key.ui/examples/index/.././heap/information_flow/ArrayList_get.key; caused by: de.uka.ilkd.key.proof.init.ProofInputException: Could not find rule file rules/intRulesCheckedSemantics.key)
	at de.uka.ilkd.key.control.AbstractUserInterfaceControl.load(AbstractUserInterfaceControl.java:221)
	at de.uka.ilkd.key.control.KeYEnvironment.load(KeYEnvironment.java:251)
	at de.uka.ilkd.key.control.KeYEnvironment.load(KeYEnvironment.java:224)
	at de.uka.ilkd.key.control.KeYEnvironment.load(KeYEnvironment.java:184)
	at de.uka.ilkd.key.control.KeYEnvironment.load(KeYEnvironment.java:261)
	at de.uka.ilkd.key.proof.runallproofs.proofcollection.TestFile.load(TestFile.java:270)
	at de.uka.ilkd.key.proof.runallproofs.proofcollection.TestFile.runKey(TestFile.java:160)
	at de.uka.ilkd.key.proof.runallproofs.proofcollection.ForkedTestFileRunner.main(ForkedTestFileRunner.java:171)
Caused by: de.uka.ilkd.key.proof.init.ProofInputException: Could not find rule file rules/intRulesCheckedSemantics.key
	at de.uka.ilkd.key.proof.io.KeYFile.readIncludes(KeYFile.java:210)
	at de.uka.ilkd.key.proof.init.ProblemInitializer.readIncludes(ProblemInitializer.java:177)
	at de.uka.ilkd.key.proof.init.ProblemInitializer.readEnvInput(ProblemInitializer.java:325)
	at de.uka.ilkd.key.proof.init.ProblemInitializer.prepare(ProblemInitializer.java:449)
	at de.uka.ilkd.key.proof.io.AbstractProblemLoader.createInitConfig(AbstractProblemLoader.java:518)
	at de.uka.ilkd.key.proof.io.AbstractProblemLoader.loadEnvironment(AbstractProblemLoader.java:288)
	at de.uka.ilkd.key.proof.io.AbstractProblemLoader.load(AbstractProblemLoader.java:252)
	at de.uka.ilkd.key.control.AbstractUserInterfaceControl.load(AbstractUserInterfaceControl.java:209)
	... 7 more
Caused by: java.lang.RuntimeException: Could not find rule file rules/intRulesCheckedSemantics.key
	at de.uka.ilkd.key.proof.io.RuleSourceFactory.fromBuiltInRule(RuleSourceFactory.java:32)
	at de.uka.ilkd.key.proof.io.RuleSourceFactory.fromDefaultLocation(RuleSourceFactory.java:21)
	at de.uka.ilkd.key.nparser.builder.IncludeFinder.addInclude(IncludeFinder.java:63)
	at de.uka.ilkd.key.nparser.builder.IncludeFinder.visitOne_include(IncludeFinder.java:43)
	at de.uka.ilkd.key.nparser.builder.IncludeFinder.visitOne_include(IncludeFinder.java:20)
	at de.uka.ilkd.key.nparser.KeYParser$One_includeContext.accept(KeYParser.java:878)
	at de.uka.ilkd.key.nparser.builder.AbstractBuilder.lambda$mapOf$0(AbstractBuilder.java:112)
	at java.base/java.util.stream.ReferencePipeline$3$1.accept(ReferencePipeline.java:195)
	at java.base/java.util.ArrayList$ArrayListSpliterator.forEachRemaining(ArrayList.java:1655)
	at java.base/java.util.stream.AbstractPipeline.copyInto(AbstractPipeline.java:484)
	at java.base/java.util.stream.AbstractPipeline.wrapAndCopyInto(AbstractPipeline.java:474)
	at java.base/java.util.stream.ReduceOps$ReduceOp.evaluateSequential(ReduceOps.java:913)
	at java.base/java.util.stream.AbstractPipeline.evaluate(AbstractPipeline.java:234)
	at java.base/java.util.stream.ReferencePipeline.collect(ReferencePipeline.java:578)
	at de.uka.ilkd.key.nparser.builder.AbstractBuilder.mapOf(AbstractBuilder.java:112)
	at de.uka.ilkd.key.nparser.builder.IncludeFinder.visitOne_include_statement(IncludeFinder.java:35)
	at de.uka.ilkd.key.nparser.builder.IncludeFinder.visitOne_include_statement(IncludeFinder.java:20)
	at de.uka.ilkd.key.nparser.KeYParser$One_include_statementContext.accept(KeYParser.java:802)
	at org.antlr.v4.runtime.tree.AbstractParseTreeVisitor.visitChildren(AbstractParseTreeVisitor.java:46)
	at de.uka.ilkd.key.nparser.KeYParserBaseVisitor.visitDecls(KeYParserBaseVisitor.java:30)
	at de.uka.ilkd.key.nparser.KeYParser$DeclsContext.accept(KeYParser.java:500)
	at org.antlr.v4.runtime.tree.AbstractParseTreeVisitor.visitChildren(AbstractParseTreeVisitor.java:46)
	at de.uka.ilkd.key.nparser.KeYParserBaseVisitor.visitFile(KeYParserBaseVisitor.java:23)
	at de.uka.ilkd.key.nparser.KeYParser$FileContext.accept(KeYParser.java:306)
	at de.uka.ilkd.key.nparser.KeyAst.accept(KeyAst.java:41)
	at de.uka.ilkd.key.nparser.KeyAst$File.getIncludes(KeyAst.java:76)
	at de.uka.ilkd.key.proof.io.KeYFile.readIncludes(KeYFile.java:208)
	... 14 more
Exception in thread "main" org.opentest4j.AssertionFailedError: Exception during the execution of proofs. See log for more details.
	at org.junit.jupiter.api.AssertionUtils.fail(AssertionUtils.java:39)
	at org.junit.jupiter.api.Assertions.fail(Assertions.java:134)
	at de.uka.ilkd.key.proof.runallproofs.proofcollection.ForkedTestFileRunner.main(ForkedTestFileRunner.java:192)
Timeout watcher launched (2000 secs.)
Could not find rule file rules/intRulesCheckedSemantics.key (file: /home/runner/work/key/key/key.core/../key.ui/examples/index/.././heap/information_flow/ArrayList_size.key; caused by: de.uka.ilkd.key.proof.init.ProofInputException: Could not find rule file rules/intRulesCheckedSemantics.key)
	at de.uka.ilkd.key.control.AbstractUserInterfaceControl.load(AbstractUserInterfaceControl.java:221)
	at de.uka.ilkd.key.control.KeYEnvironment.load(KeYEnvironment.java:251)
	at de.uka.ilkd.key.control.KeYEnvironment.load(KeYEnvironment.java:224)
	at de.uka.ilkd.key.control.KeYEnvironment.load(KeYEnvironment.java:184)
	at de.uka.ilkd.key.control.KeYEnvironment.load(KeYEnvironment.java:261)
	at de.uka.ilkd.key.proof.runallproofs.proofcollection.TestFile.load(TestFile.java:270)
	at de.uka.ilkd.key.proof.runallproofs.proofcollection.TestFile.runKey(TestFile.java:160)
	at de.uka.ilkd.key.proof.runallproofs.proofcollection.ForkedTestFileRunner.main(ForkedTestFileRunner.java:171)
Caused by: de.uka.ilkd.key.proof.init.ProofInputException: Could not find rule file rules/intRulesCheckedSemantics.key
	at de.uka.ilkd.key.proof.io.KeYFile.readIncludes(KeYFile.java:210)
	at de.uka.ilkd.key.proof.init.ProblemInitializer.readIncludes(ProblemInitializer.java:177)
	at de.uka.ilkd.key.proof.init.ProblemInitializer.readEnvInput(ProblemInitializer.java:325)
	at de.uka.ilkd.key.proof.init.ProblemInitializer.prepare(ProblemInitializer.java:449)
	at de.uka.ilkd.key.proof.io.AbstractProblemLoader.createInitConfig(AbstractProblemLoader.java:518)
	at de.uka.ilkd.key.proof.io.AbstractProblemLoader.loadEnvironment(AbstractProblemLoader.java:288)
	at de.uka.ilkd.key.proof.io.AbstractProblemLoader.load(AbstractProblemLoader.java:252)
	at de.uka.ilkd.key.control.AbstractUserInterfaceControl.load(AbstractUserInterfaceControl.java:209)
	... 7 more
Caused by: java.lang.RuntimeException: Could not find rule file rules/intRulesCheckedSemantics.key
	at de.uka.ilkd.key.proof.io.RuleSourceFactory.fromBuiltInRule(RuleSourceFactory.java:32)
	at de.uka.ilkd.key.proof.io.RuleSourceFactory.fromDefaultLocation(RuleSourceFactory.java:21)
	at de.uka.ilkd.key.nparser.builder.IncludeFinder.addInclude(IncludeFinder.java:63)
	at de.uka.ilkd.key.nparser.builder.IncludeFinder.visitOne_include(IncludeFinder.java:43)
	at de.uka.ilkd.key.nparser.builder.IncludeFinder.visitOne_include(IncludeFinder.java:20)
	at de.uka.ilkd.key.nparser.KeYParser$One_includeContext.accept(KeYParser.java:878)
	at de.uka.ilkd.key.nparser.builder.AbstractBuilder.lambda$mapOf$0(AbstractBuilder.java:112)
	at java.base/java.util.stream.ReferencePipeline$3$1.accept(ReferencePipeline.java:195)
	at java.base/java.util.ArrayList$ArrayListSpliterator.forEachRemaining(ArrayList.java:1655)
	at java.base/java.util.stream.AbstractPipeline.copyInto(AbstractPipeline.java:484)
	at java.base/java.util.stream.AbstractPipeline.wrapAndCopyInto(AbstractPipeline.java:474)
	at java.base/java.util.stream.ReduceOps$ReduceOp.evaluateSequential(ReduceOps.java:913)
	at java.base/java.util.stream.AbstractPipeline.evaluate(AbstractPipeline.java:234)
	at java.base/java.util.stream.ReferencePipeline.collect(ReferencePipeline.java:578)
	at de.uka.ilkd.key.nparser.builder.AbstractBuilder.mapOf(AbstractBuilder.java:112)
	at de.uka.ilkd.key.nparser.builder.IncludeFinder.visitOne_include_statement(IncludeFinder.java:35)
	at de.uka.ilkd.key.nparser.builder.IncludeFinder.visitOne_include_statement(IncludeFinder.java:20)
	at de.uka.ilkd.key.nparser.KeYParser$One_include_statementContext.accept(KeYParser.java:802)
	at org.antlr.v4.runtime.tree.AbstractParseTreeVisitor.visitChildren(AbstractParseTreeVisitor.java:46)
	at de.uka.ilkd.key.nparser.KeYParserBaseVisitor.visitDecls(KeYParserBaseVisitor.java:30)
	at de.uka.ilkd.key.nparser.KeYParser$DeclsContext.accept(KeYParser.java:500)
	at org.antlr.v4.runtime.tree.AbstractParseTreeVisitor.visitChildren(AbstractParseTreeVisitor.java:46)
	at de.uka.ilkd.key.nparser.KeYParserBaseVisitor.visitFile(KeYParserBaseVisitor.java:23)
	at de.uka.ilkd.key.nparser.KeYParser$FileContext.accept(KeYParser.java:306)
	at de.uka.ilkd.key.nparser.KeyAst.accept(KeyAst.java:41)
	at de.uka.ilkd.key.nparser.KeyAst$File.getIncludes(KeyAst.java:76)
	at de.uka.ilkd.key.proof.io.KeYFile.readIncludes(KeYFile.java:208)
	... 14 more
Exception in thread "main" org.opentest4j.AssertionFailedError: Exception during the execution of proofs. See log for more details.
	at org.junit.jupiter.api.AssertionUtils.fail(AssertionUtils.java:39)
	at org.junit.jupiter.api.Assertions.fail(Assertions.java:134)
	at de.uka.ilkd.key.proof.runallproofs.proofcollection.ForkedTestFileRunner.main(ForkedTestFileRunner.java:192)
Timeout watcher launched (2000 secs.)
Could not find rule file rules/intRulesCheckedSemantics.key (file: /home/runner/work/key/key/key.core/../key.ui/examples/index/.././heap/information_flow/UpdateAbstraction_ex7_3_secure.key; caused by: de.uka.ilkd.key.proof.init.ProofInputException: Could not find rule file rules/intRulesCheckedSemantics.key)
	at de.uka.ilkd.key.control.AbstractUserInterfaceControl.load(AbstractUserInterfaceControl.java:221)
	at de.uka.ilkd.key.control.KeYEnvironment.load(KeYEnvironment.java:251)
	at de.uka.ilkd.key.control.KeYEnvironment.load(KeYEnvironment.java:224)
	at de.uka.ilkd.key.control.KeYEnvironment.load(KeYEnvironment.java:184)
	at de.uka.ilkd.key.control.KeYEnvironment.load(KeYEnvironment.java:261)
	at de.uka.ilkd.key.proof.runallproofs.proofcollection.TestFile.load(TestFile.java:270)
	at de.uka.ilkd.key.proof.runallproofs.proofcollection.TestFile.runKey(TestFile.java:160)
	at de.uka.ilkd.key.proof.runallproofs.proofcollection.ForkedTestFileRunner.main(ForkedTestFileRunner.java:171)
Caused by: de.uka.ilkd.key.proof.init.ProofInputException: Could not find rule file rules/intRulesCheckedSemantics.key
	at de.uka.ilkd.key.proof.io.KeYFile.readIncludes(KeYFile.java:210)
	at de.uka.ilkd.key.proof.init.ProblemInitializer.readIncludes(ProblemInitializer.java:177)
	at de.uka.ilkd.key.proof.init.ProblemInitializer.readEnvInput(ProblemInitializer.java:325)
	at de.uka.ilkd.key.proof.init.ProblemInitializer.prepare(ProblemInitializer.java:449)
	at de.uka.ilkd.key.proof.io.AbstractProblemLoader.createInitConfig(AbstractProblemLoader.java:518)
	at de.uka.ilkd.key.proof.io.AbstractProblemLoader.loadEnvironment(AbstractProblemLoader.java:288)
	at de.uka.ilkd.key.proof.io.AbstractProblemLoader.load(AbstractProblemLoader.java:252)
	at de.uka.ilkd.key.control.AbstractUserInterfaceControl.load(AbstractUserInterfaceControl.java:209)
	... 7 more
Caused by: java.lang.RuntimeException: Could not find rule file rules/intRulesCheckedSemantics.key
	at de.uka.ilkd.key.proof.io.RuleSourceFactory.fromBuiltInRule(RuleSourceFactory.java:32)
	at de.uka.ilkd.key.proof.io.RuleSourceFactory.fromDefaultLocation(RuleSourceFactory.java:21)
	at de.uka.ilkd.key.nparser.builder.IncludeFinder.addInclude(IncludeFinder.java:63)
	at de.uka.ilkd.key.nparser.builder.IncludeFinder.visitOne_include(IncludeFinder.java:43)
	at de.uka.ilkd.key.nparser.builder.IncludeFinder.visitOne_include(IncludeFinder.java:20)
	at de.uka.ilkd.key.nparser.KeYParser$One_includeContext.accept(KeYParser.java:878)
	at de.uka.ilkd.key.nparser.builder.AbstractBuilder.lambda$mapOf$0(AbstractBuilder.java:112)
	at java.base/java.util.stream.ReferencePipeline$3$1.accept(ReferencePipeline.java:195)
	at java.base/java.util.ArrayList$ArrayListSpliterator.forEachRemaining(ArrayList.java:1655)
	at java.base/java.util.stream.AbstractPipeline.copyInto(AbstractPipeline.java:484)
	at java.base/java.util.stream.AbstractPipeline.wrapAndCopyInto(AbstractPipeline.java:474)
	at java.base/java.util.stream.ReduceOps$ReduceOp.evaluateSequential(ReduceOps.java:913)
	at java.base/java.util.stream.AbstractPipeline.evaluate(AbstractPipeline.java:234)
	at java.base/java.util.stream.ReferencePipeline.collect(ReferencePipeline.java:578)
	at de.uka.ilkd.key.nparser.builder.AbstractBuilder.mapOf(AbstractBuilder.java:112)
	at de.uka.ilkd.key.nparser.builder.IncludeFinder.visitOne_include_statement(IncludeFinder.java:35)
	at de.uka.ilkd.key.nparser.builder.IncludeFinder.visitOne_include_statement(IncludeFinder.java:20)
	at de.uka.ilkd.key.nparser.KeYParser$One_include_statementContext.accept(KeYParser.java:802)
	at org.antlr.v4.runtime.tree.AbstractParseTreeVisitor.visitChildren(AbstractParseTreeVisitor.java:46)
	at de.uka.ilkd.key.nparser.KeYParserBaseVisitor.visitDecls(KeYParserBaseVisitor.java:30)
	at de.uka.ilkd.key.nparser.KeYParser$DeclsContext.accept(KeYParser.java:500)
	at org.antlr.v4.runtime.tree.AbstractParseTreeVisitor.visitChildren(AbstractParseTreeVisitor.java:46)
	at de.uka.ilkd.key.nparser.KeYParserBaseVisitor.visitFile(KeYParserBaseVisitor.java:23)
	at de.uka.ilkd.key.nparser.KeYParser$FileContext.accept(KeYParser.java:306)
	at de.uka.ilkd.key.nparser.KeyAst.accept(KeyAst.java:41)
	at de.uka.ilkd.key.nparser.KeyAst$File.getIncludes(KeyAst.java:76)
	at de.uka.ilkd.key.proof.io.KeYFile.readIncludes(KeYFile.java:208)
	... 14 more
Exception in thread "main" org.opentest4j.AssertionFailedError: Exception during the execution of proofs. See log for more details.
	at org.junit.jupiter.api.AssertionUtils.fail(AssertionUtils.java:39)
	at org.junit.jupiter.api.Assertions.fail(Assertions.java:134)
	at de.uka.ilkd.key.proof.runallproofs.proofcollection.ForkedTestFileRunner.main(ForkedTestFileRunner.java:192)
Timeout watcher launched (2000 secs.)
Could not find rule file rules/intRulesCheckedSemantics.key (file: /home/runner/work/key/key/key.core/../key.ui/examples/index/.././heap/information_flow/UpdateAbstraction_ex7_4_secure.key; caused by: de.uka.ilkd.key.proof.init.ProofInputException: Could not find rule file rules/intRulesCheckedSemantics.key)
	at de.uka.ilkd.key.control.AbstractUserInterfaceControl.load(AbstractUserInterfaceControl.java:221)
	at de.uka.ilkd.key.control.KeYEnvironment.load(KeYEnvironment.java:251)
	at de.uka.ilkd.key.control.KeYEnvironment.load(KeYEnvironment.java:224)
	at de.uka.ilkd.key.control.KeYEnvironment.load(KeYEnvironment.java:184)
	at de.uka.ilkd.key.control.KeYEnvironment.load(KeYEnvironment.java:261)
	at de.uka.ilkd.key.proof.runallproofs.proofcollection.TestFile.load(TestFile.java:270)
	at de.uka.ilkd.key.proof.runallproofs.proofcollection.TestFile.runKey(TestFile.java:160)
	at de.uka.ilkd.key.proof.runallproofs.proofcollection.ForkedTestFileRunner.main(ForkedTestFileRunner.java:171)
Caused by: de.uka.ilkd.key.proof.init.ProofInputException: Could not find rule file rules/intRulesCheckedSemantics.key
	at de.uka.ilkd.key.proof.io.KeYFile.readIncludes(KeYFile.java:210)
	at de.uka.ilkd.key.proof.init.ProblemInitializer.readIncludes(ProblemInitializer.java:177)
	at de.uka.ilkd.key.proof.init.ProblemInitializer.readEnvInput(ProblemInitializer.java:325)
	at de.uka.ilkd.key.proof.init.ProblemInitializer.prepare(ProblemInitializer.java:449)
	at de.uka.ilkd.key.proof.io.AbstractProblemLoader.createInitConfig(AbstractProblemLoader.java:518)
	at de.uka.ilkd.key.proof.io.AbstractProblemLoader.loadEnvironment(AbstractProblemLoader.java:288)
	at de.uka.ilkd.key.proof.io.AbstractProblemLoader.load(AbstractProblemLoader.java:252)
	at de.uka.ilkd.key.control.AbstractUserInterfaceControl.load(AbstractUserInterfaceControl.java:209)
	... 7 more
Caused by: java.lang.RuntimeException: Could not find rule file rules/intRulesCheckedSemantics.key
	at de.uka.ilkd.key.proof.io.RuleSourceFactory.fromBuiltInRule(RuleSourceFactory.java:32)
	at de.uka.ilkd.key.proof.io.RuleSourceFactory.fromDefaultLocation(RuleSourceFactory.java:21)
	at de.uka.ilkd.key.nparser.builder.IncludeFinder.addInclude(IncludeFinder.java:63)
	at de.uka.ilkd.key.nparser.builder.IncludeFinder.visitOne_include(IncludeFinder.java:43)
	at de.uka.ilkd.key.nparser.builder.IncludeFinder.visitOne_include(IncludeFinder.java:20)
	at de.uka.ilkd.key.nparser.KeYParser$One_includeContext.accept(KeYParser.java:878)
	at de.uka.ilkd.key.nparser.builder.AbstractBuilder.lambda$mapOf$0(AbstractBuilder.java:112)
	at java.base/java.util.stream.ReferencePipeline$3$1.accept(ReferencePipeline.java:195)
	at java.base/java.util.ArrayList$ArrayListSpliterator.forEachRemaining(ArrayList.java:1655)
	at java.base/java.util.stream.AbstractPipeline.copyInto(AbstractPipeline.java:484)
	at java.base/java.util.stream.AbstractPipeline.wrapAndCopyInto(AbstractPipeline.java:474)
	at java.base/java.util.stream.ReduceOps$ReduceOp.evaluateSequential(ReduceOps.java:913)
	at java.base/java.util.stream.AbstractPipeline.evaluate(AbstractPipeline.java:234)
	at java.base/java.util.stream.ReferencePipeline.collect(ReferencePipeline.java:578)
	at de.uka.ilkd.key.nparser.builder.AbstractBuilder.mapOf(AbstractBuilder.java:112)
	at de.uka.ilkd.key.nparser.builder.IncludeFinder.visitOne_include_statement(IncludeFinder.java:35)
	at de.uka.ilkd.key.nparser.builder.IncludeFinder.visitOne_include_statement(IncludeFinder.java:20)
	at de.uka.ilkd.key.nparser.KeYParser$One_include_statementContext.accept(KeYParser.java:802)
	at org.antlr.v4.runtime.tree.AbstractParseTreeVisitor.visitChildren(AbstractParseTreeVisitor.java:46)
	at de.uka.ilkd.key.nparser.KeYParserBaseVisitor.visitDecls(KeYParserBaseVisitor.java:30)
	at de.uka.ilkd.key.nparser.KeYParser$DeclsContext.accept(KeYParser.java:500)
	at org.antlr.v4.runtime.tree.AbstractParseTreeVisitor.visitChildren(AbstractParseTreeVisitor.java:46)
	at de.uka.ilkd.key.nparser.KeYParserBaseVisitor.visitFile(KeYParserBaseVisitor.java:23)
	at de.uka.ilkd.key.nparser.KeYParser$FileContext.accept(KeYParser.java:306)
	at de.uka.ilkd.key.nparser.KeyAst.accept(KeyAst.java:41)
	at de.uka.ilkd.key.nparser.KeyAst$File.getIncludes(KeyAst.java:76)
	at de.uka.ilkd.key.proof.io.KeYFile.readIncludes(KeYFile.java:208)
	... 14 more
Exception in thread "main" org.opentest4j.AssertionFailedError: Exception during the execution of proofs. See log for more details.
	at org.junit.jupiter.api.AssertionUtils.fail(AssertionUtils.java:39)
	at org.junit.jupiter.api.Assertions.fail(Assertions.java:134)
	at de.uka.ilkd.key.proof.runallproofs.proofcollection.ForkedTestFileRunner.main(ForkedTestFileRunner.java:192)
Timeout watcher launched (2000 secs.)
Could not find rule file rules/intRulesCheckedSemantics.key (file: /home/runner/work/key/key/key.core/../key.ui/examples/index/.././heap/information_flow/UpdateAbstraction_ex7_5_secure.key; caused by: de.uka.ilkd.key.proof.init.ProofInputException: Could not find rule file rules/intRulesCheckedSemantics.key)
	at de.uka.ilkd.key.control.AbstractUserInterfaceControl.load(AbstractUserInterfaceControl.java:221)
	at de.uka.ilkd.key.control.KeYEnvironment.load(KeYEnvironment.java:251)
	at de.uka.ilkd.key.control.KeYEnvironment.load(KeYEnvironment.java:224)
	at de.uka.ilkd.key.control.KeYEnvironment.load(KeYEnvironment.java:184)
	at de.uka.ilkd.key.control.KeYEnvironment.load(KeYEnvironment.java:261)
	at de.uka.ilkd.key.proof.runallproofs.proofcollection.TestFile.load(TestFile.java:270)
	at de.uka.ilkd.key.proof.runallproofs.proofcollection.TestFile.runKey(TestFile.java:160)
	at de.uka.ilkd.key.proof.runallproofs.proofcollection.ForkedTestFileRunner.main(ForkedTestFileRunner.java:171)
Caused by: de.uka.ilkd.key.proof.init.ProofInputException: Could not find rule file rules/intRulesCheckedSemantics.key
	at de.uka.ilkd.key.proof.io.KeYFile.readIncludes(KeYFile.java:210)
	at de.uka.ilkd.key.proof.init.ProblemInitializer.readIncludes(ProblemInitializer.java:177)
	at de.uka.ilkd.key.proof.init.ProblemInitializer.readEnvInput(ProblemInitializer.java:325)
	at de.uka.ilkd.key.proof.init.ProblemInitializer.prepare(ProblemInitializer.java:449)
	at de.uka.ilkd.key.proof.io.AbstractProblemLoader.createInitConfig(AbstractProblemLoader.java:518)
	at de.uka.ilkd.key.proof.io.AbstractProblemLoader.loadEnvironment(AbstractProblemLoader.java:288)
	at de.uka.ilkd.key.proof.io.AbstractProblemLoader.load(AbstractProblemLoader.java:252)
	at de.uka.ilkd.key.control.AbstractUserInterfaceControl.load(AbstractUserInterfaceControl.java:209)
	... 7 more
Caused by: java.lang.RuntimeException: Could not find rule file rules/intRulesCheckedSemantics.key
	at de.uka.ilkd.key.proof.io.RuleSourceFactory.fromBuiltInRule(RuleSourceFactory.java:32)
	at de.uka.ilkd.key.proof.io.RuleSourceFactory.fromDefaultLocation(RuleSourceFactory.java:21)
	at de.uka.ilkd.key.nparser.builder.IncludeFinder.addInclude(IncludeFinder.java:63)
	at de.uka.ilkd.key.nparser.builder.IncludeFinder.visitOne_include(IncludeFinder.java:43)
	at de.uka.ilkd.key.nparser.builder.IncludeFinder.visitOne_include(IncludeFinder.java:20)
	at de.uka.ilkd.key.nparser.KeYParser$One_includeContext.accept(KeYParser.java:878)
	at de.uka.ilkd.key.nparser.builder.AbstractBuilder.lambda$mapOf$0(AbstractBuilder.java:112)
	at java.base/java.util.stream.ReferencePipeline$3$1.accept(ReferencePipeline.java:195)
	at java.base/java.util.ArrayList$ArrayListSpliterator.forEachRemaining(ArrayList.java:1655)
	at java.base/java.util.stream.AbstractPipeline.copyInto(AbstractPipeline.java:484)
	at java.base/java.util.stream.AbstractPipeline.wrapAndCopyInto(AbstractPipeline.java:474)
	at java.base/java.util.stream.ReduceOps$ReduceOp.evaluateSequential(ReduceOps.java:913)
	at java.base/java.util.stream.AbstractPipeline.evaluate(AbstractPipeline.java:234)
	at java.base/java.util.stream.ReferencePipeline.collect(ReferencePipeline.java:578)
	at de.uka.ilkd.key.nparser.builder.AbstractBuilder.mapOf(AbstractBuilder.java:112)
	at de.uka.ilkd.key.nparser.builder.IncludeFinder.visitOne_include_statement(IncludeFinder.java:35)
	at de.uka.ilkd.key.nparser.builder.IncludeFinder.visitOne_include_statement(IncludeFinder.java:20)
	at de.uka.ilkd.key.nparser.KeYParser$One_include_statementContext.accept(KeYParser.java:802)
	at org.antlr.v4.runtime.tree.AbstractParseTreeVisitor.visitChildren(AbstractParseTreeVisitor.java:46)
	at de.uka.ilkd.key.nparser.KeYParserBaseVisitor.visitDecls(KeYParserBaseVisitor.java:30)
	at de.uka.ilkd.key.nparser.KeYParser$DeclsContext.accept(KeYParser.java:500)
	at org.antlr.v4.runtime.tree.AbstractParseTreeVisitor.visitChildren(AbstractParseTreeVisitor.java:46)
	at de.uka.ilkd.key.nparser.KeYParserBaseVisitor.visitFile(KeYParserBaseVisitor.java:23)
	at de.uka.ilkd.key.nparser.KeYParser$FileContext.accept(KeYParser.java:306)
	at de.uka.ilkd.key.nparser.KeyAst.accept(KeyAst.java:41)
	at de.uka.ilkd.key.nparser.KeyAst$File.getIncludes(KeyAst.java:76)
	at de.uka.ilkd.key.proof.io.KeYFile.readIncludes(KeYFile.java:208)
	... 14 more
Exception in thread "main" org.opentest4j.AssertionFailedError: Exception during the execution of proofs. See log for more details.
	at org.junit.jupiter.api.AssertionUtils.fail(AssertionUtils.java:39)
	at org.junit.jupiter.api.Assertions.fail(Assertions.java:134)
	at de.uka.ilkd.key.proof.runallproofs.proofcollection.ForkedTestFileRunner.main(ForkedTestFileRunner.java:192)
Timeout watcher launched (2000 secs.)
Could not find rule file rules/intRulesCheckedSemantics.key (file: /home/runner/work/key/key/key.core/../key.ui/examples/index/.././heap/information_flow/UpdateAbstraction_ex7_6_secure.key; caused by: de.uka.ilkd.key.proof.init.ProofInputException: Could not find rule file rules/intRulesCheckedSemantics.key)
	at de.uka.ilkd.key.control.AbstractUserInterfaceControl.load(AbstractUserInterfaceControl.java:221)
	at de.uka.ilkd.key.control.KeYEnvironment.load(KeYEnvironment.java:251)
	at de.uka.ilkd.key.control.KeYEnvironment.load(KeYEnvironment.java:224)
	at de.uka.ilkd.key.control.KeYEnvironment.load(KeYEnvironment.java:184)
	at de.uka.ilkd.key.control.KeYEnvironment.load(KeYEnvironment.java:261)
	at de.uka.ilkd.key.proof.runallproofs.proofcollection.TestFile.load(TestFile.java:270)
	at de.uka.ilkd.key.proof.runallproofs.proofcollection.TestFile.runKey(TestFile.java:160)
	at de.uka.ilkd.key.proof.runallproofs.proofcollection.ForkedTestFileRunner.main(ForkedTestFileRunner.java:171)
Caused by: de.uka.ilkd.key.proof.init.ProofInputException: Could not find rule file rules/intRulesCheckedSemantics.key
	at de.uka.ilkd.key.proof.io.KeYFile.readIncludes(KeYFile.java:210)
	at de.uka.ilkd.key.proof.init.ProblemInitializer.readIncludes(ProblemInitializer.java:177)
	at de.uka.ilkd.key.proof.init.ProblemInitializer.readEnvInput(ProblemInitializer.java:325)
	at de.uka.ilkd.key.proof.init.ProblemInitializer.prepare(ProblemInitializer.java:449)
	at de.uka.ilkd.key.proof.io.AbstractProblemLoader.createInitConfig(AbstractProblemLoader.java:518)
	at de.uka.ilkd.key.proof.io.AbstractProblemLoader.loadEnvironment(AbstractProblemLoader.java:288)
	at de.uka.ilkd.key.proof.io.AbstractProblemLoader.load(AbstractProblemLoader.java:252)
	at de.uka.ilkd.key.control.AbstractUserInterfaceControl.load(AbstractUserInterfaceControl.java:209)
	... 7 more
Caused by: java.lang.RuntimeException: Could not find rule file rules/intRulesCheckedSemantics.key
	at de.uka.ilkd.key.proof.io.RuleSourceFactory.fromBuiltInRule(RuleSourceFactory.java:32)
	at de.uka.ilkd.key.proof.io.RuleSourceFactory.fromDefaultLocation(RuleSourceFactory.java:21)
	at de.uka.ilkd.key.nparser.builder.IncludeFinder.addInclude(IncludeFinder.java:63)
	at de.uka.ilkd.key.nparser.builder.IncludeFinder.visitOne_include(IncludeFinder.java:43)
	at de.uka.ilkd.key.nparser.builder.IncludeFinder.visitOne_include(IncludeFinder.java:20)
	at de.uka.ilkd.key.nparser.KeYParser$One_includeContext.accept(KeYParser.java:878)
	at de.uka.ilkd.key.nparser.builder.AbstractBuilder.lambda$mapOf$0(AbstractBuilder.java:112)
	at java.base/java.util.stream.ReferencePipeline$3$1.accept(ReferencePipeline.java:195)
	at java.base/java.util.ArrayList$ArrayListSpliterator.forEachRemaining(ArrayList.java:1655)
	at java.base/java.util.stream.AbstractPipeline.copyInto(AbstractPipeline.java:484)
	at java.base/java.util.stream.AbstractPipeline.wrapAndCopyInto(AbstractPipeline.java:474)
	at java.base/java.util.stream.ReduceOps$ReduceOp.evaluateSequential(ReduceOps.java:913)
	at java.base/java.util.stream.AbstractPipeline.evaluate(AbstractPipeline.java:234)
	at java.base/java.util.stream.ReferencePipeline.collect(ReferencePipeline.java:578)
	at de.uka.ilkd.key.nparser.builder.AbstractBuilder.mapOf(AbstractBuilder.java:112)
	at de.uka.ilkd.key.nparser.builder.IncludeFinder.visitOne_include_statement(IncludeFinder.java:35)
	at de.uka.ilkd.key.nparser.builder.IncludeFinder.visitOne_include_statement(IncludeFinder.java:20)
	at de.uka.ilkd.key.nparser.KeYParser$One_include_statementContext.accept(KeYParser.java:802)
	at org.antlr.v4.runtime.tree.AbstractParseTreeVisitor.visitChildren(AbstractParseTreeVisitor.java:46)
	at de.uka.ilkd.key.nparser.KeYParserBaseVisitor.visitDecls(KeYParserBaseVisitor.java:30)
	at de.uka.ilkd.key.nparser.KeYParser$DeclsContext.accept(KeYParser.java:500)
	at org.antlr.v4.runtime.tree.AbstractParseTreeVisitor.visitChildren(AbstractParseTreeVisitor.java:46)
	at de.uka.ilkd.key.nparser.KeYParserBaseVisitor.visitFile(KeYParserBaseVisitor.java:23)
	at de.uka.ilkd.key.nparser.KeYParser$FileContext.accept(KeYParser.java:306)
	at de.uka.ilkd.key.nparser.KeyAst.accept(KeyAst.java:41)
	at de.uka.ilkd.key.nparser.KeyAst$File.getIncludes(KeyAst.java:76)
	at de.uka.ilkd.key.proof.io.KeYFile.readIncludes(KeYFile.java:208)
	... 14 more
Exception in thread "main" org.opentest4j.AssertionFailedError: Exception during the execution of proofs. See log for more details.
	at org.junit.jupiter.api.AssertionUtils.fail(AssertionUtils.java:39)
	at org.junit.jupiter.api.Assertions.fail(Assertions.java:134)
	at de.uka.ilkd.key.proof.runallproofs.proofcollection.ForkedTestFileRunner.main(ForkedTestFileRunner.java:192)
Timeout watcher launched (2000 secs.)
Could not find rule file rules/intRulesCheckedSemantics.key (file: /home/runner/work/key/key/key.core/../key.ui/examples/index/.././heap/information_flow/UpdateAbstraction_ex9_secure.key; caused by: de.uka.ilkd.key.proof.init.ProofInputException: Could not find rule file rules/intRulesCheckedSemantics.key)
	at de.uka.ilkd.key.control.AbstractUserInterfaceControl.load(AbstractUserInterfaceControl.java:221)
	at de.uka.ilkd.key.control.KeYEnvironment.load(KeYEnvironment.java:251)
	at de.uka.ilkd.key.control.KeYEnvironment.load(KeYEnvironment.java:224)
	at de.uka.ilkd.key.control.KeYEnvironment.load(KeYEnvironment.java:184)
	at de.uka.ilkd.key.control.KeYEnvironment.load(KeYEnvironment.java:261)
	at de.uka.ilkd.key.proof.runallproofs.proofcollection.TestFile.load(TestFile.java:270)
	at de.uka.ilkd.key.proof.runallproofs.proofcollection.TestFile.runKey(TestFile.java:160)
	at de.uka.ilkd.key.proof.runallproofs.proofcollection.ForkedTestFileRunner.main(ForkedTestFileRunner.java:171)
Caused by: de.uka.ilkd.key.proof.init.ProofInputException: Could not find rule file rules/intRulesCheckedSemantics.key
	at de.uka.ilkd.key.proof.io.KeYFile.readIncludes(KeYFile.java:210)
	at de.uka.ilkd.key.proof.init.ProblemInitializer.readIncludes(ProblemInitializer.java:177)
	at de.uka.ilkd.key.proof.init.ProblemInitializer.readEnvInput(ProblemInitializer.java:325)
	at de.uka.ilkd.key.proof.init.ProblemInitializer.prepare(ProblemInitializer.java:449)
	at de.uka.ilkd.key.proof.io.AbstractProblemLoader.createInitConfig(AbstractProblemLoader.java:518)
	at de.uka.ilkd.key.proof.io.AbstractProblemLoader.loadEnvironment(AbstractProblemLoader.java:288)
	at de.uka.ilkd.key.proof.io.AbstractProblemLoader.load(AbstractProblemLoader.java:252)
	at de.uka.ilkd.key.control.AbstractUserInterfaceControl.load(AbstractUserInterfaceControl.java:209)
	... 7 more
Caused by: java.lang.RuntimeException: Could not find rule file rules/intRulesCheckedSemantics.key
	at de.uka.ilkd.key.proof.io.RuleSourceFactory.fromBuiltInRule(RuleSourceFactory.java:32)
	at de.uka.ilkd.key.proof.io.RuleSourceFactory.fromDefaultLocation(RuleSourceFactory.java:21)
	at de.uka.ilkd.key.nparser.builder.IncludeFinder.addInclude(IncludeFinder.java:63)
	at de.uka.ilkd.key.nparser.builder.IncludeFinder.visitOne_include(IncludeFinder.java:43)
	at de.uka.ilkd.key.nparser.builder.IncludeFinder.visitOne_include(IncludeFinder.java:20)
	at de.uka.ilkd.key.nparser.KeYParser$One_includeContext.accept(KeYParser.java:878)
	at de.uka.ilkd.key.nparser.builder.AbstractBuilder.lambda$mapOf$0(AbstractBuilder.java:112)
	at java.base/java.util.stream.ReferencePipeline$3$1.accept(ReferencePipeline.java:195)
	at java.base/java.util.ArrayList$ArrayListSpliterator.forEachRemaining(ArrayList.java:1655)
	at java.base/java.util.stream.AbstractPipeline.copyInto(AbstractPipeline.java:484)
	at java.base/java.util.stream.AbstractPipeline.wrapAndCopyInto(AbstractPipeline.java:474)
	at java.base/java.util.stream.ReduceOps$ReduceOp.evaluateSequential(ReduceOps.java:913)
	at java.base/java.util.stream.AbstractPipeline.evaluate(AbstractPipeline.java:234)
	at java.base/java.util.stream.ReferencePipeline.collect(ReferencePipeline.java:578)
	at de.uka.ilkd.key.nparser.builder.AbstractBuilder.mapOf(AbstractBuilder.java:112)
	at de.uka.ilkd.key.nparser.builder.IncludeFinder.visitOne_include_statement(IncludeFinder.java:35)
	at de.uka.ilkd.key.nparser.builder.IncludeFinder.visitOne_include_statement(IncludeFinder.java:20)
	at de.uka.ilkd.key.nparser.KeYParser$One_include_statementContext.accept(KeYParser.java:802)
	at org.antlr.v4.runtime.tree.AbstractParseTreeVisitor.visitChildren(AbstractParseTreeVisitor.java:46)
	at de.uka.ilkd.key.nparser.KeYParserBaseVisitor.visitDecls(KeYParserBaseVisitor.java:30)
	at de.uka.ilkd.key.nparser.KeYParser$DeclsContext.accept(KeYParser.java:500)
	at org.antlr.v4.runtime.tree.AbstractParseTreeVisitor.visitChildren(AbstractParseTreeVisitor.java:46)
	at de.uka.ilkd.key.nparser.KeYParserBaseVisitor.visitFile(KeYParserBaseVisitor.java:23)
	at de.uka.ilkd.key.nparser.KeYParser$FileContext.accept(KeYParser.java:306)
	at de.uka.ilkd.key.nparser.KeyAst.accept(KeyAst.java:41)
	at de.uka.ilkd.key.nparser.KeyAst$File.getIncludes(KeyAst.java:76)
	at de.uka.ilkd.key.proof.io.KeYFile.readIncludes(KeYFile.java:208)
	... 14 more
Exception in thread "main" org.opentest4j.AssertionFailedError: Exception during the execution of proofs. See log for more details.
	at org.junit.jupiter.api.AssertionUtils.fail(AssertionUtils.java:39)
	at org.junit.jupiter.api.Assertions.fail(Assertions.java:134)
	at de.uka.ilkd.key.proof.runallproofs.proofcollection.ForkedTestFileRunner.main(ForkedTestFileRunner.java:192)
Timeout watcher launched (2000 secs.)
Could not find rule file rules/intRulesCheckedSemantics.key (file: /home/runner/work/key/key/key.core/../key.ui/examples/index/.././heap/list/ArrayList_add.key; caused by: de.uka.ilkd.key.proof.init.ProofInputException: Could not find rule file rules/intRulesCheckedSemantics.key)
	at de.uka.ilkd.key.control.AbstractUserInterfaceControl.load(AbstractUserInterfaceControl.java:221)
	at de.uka.ilkd.key.control.KeYEnvironment.load(KeYEnvironment.java:251)
	at de.uka.ilkd.key.control.KeYEnvironment.load(KeYEnvironment.java:224)
	at de.uka.ilkd.key.control.KeYEnvironment.load(KeYEnvironment.java:184)
	at de.uka.ilkd.key.control.KeYEnvironment.load(KeYEnvironment.java:261)
	at de.uka.ilkd.key.proof.runallproofs.proofcollection.TestFile.load(TestFile.java:270)
	at de.uka.ilkd.key.proof.runallproofs.proofcollection.TestFile.runKey(TestFile.java:160)
	at de.uka.ilkd.key.proof.runallproofs.proofcollection.ForkedTestFileRunner.main(ForkedTestFileRunner.java:171)
Caused by: de.uka.ilkd.key.proof.init.ProofInputException: Could not find rule file rules/intRulesCheckedSemantics.key
	at de.uka.ilkd.key.proof.io.KeYFile.readIncludes(KeYFile.java:210)
	at de.uka.ilkd.key.proof.init.ProblemInitializer.readIncludes(ProblemInitializer.java:177)
	at de.uka.ilkd.key.proof.init.ProblemInitializer.readEnvInput(ProblemInitializer.java:325)
	at de.uka.ilkd.key.proof.init.ProblemInitializer.prepare(ProblemInitializer.java:449)
	at de.uka.ilkd.key.proof.io.AbstractProblemLoader.createInitConfig(AbstractProblemLoader.java:518)
	at de.uka.ilkd.key.proof.io.AbstractProblemLoader.loadEnvironment(AbstractProblemLoader.java:288)
	at de.uka.ilkd.key.proof.io.AbstractProblemLoader.load(AbstractProblemLoader.java:252)
	at de.uka.ilkd.key.control.AbstractUserInterfaceControl.load(AbstractUserInterfaceControl.java:209)
	... 7 more
Caused by: java.lang.RuntimeException: Could not find rule file rules/intRulesCheckedSemantics.key
	at de.uka.ilkd.key.proof.io.RuleSourceFactory.fromBuiltInRule(RuleSourceFactory.java:32)
	at de.uka.ilkd.key.proof.io.RuleSourceFactory.fromDefaultLocation(RuleSourceFactory.java:21)
	at de.uka.ilkd.key.nparser.builder.IncludeFinder.addInclude(IncludeFinder.java:63)
	at de.uka.ilkd.key.nparser.builder.IncludeFinder.visitOne_include(IncludeFinder.java:43)
	at de.uka.ilkd.key.nparser.builder.IncludeFinder.visitOne_include(IncludeFinder.java:20)
	at de.uka.ilkd.key.nparser.KeYParser$One_includeContext.accept(KeYParser.java:878)
	at de.uka.ilkd.key.nparser.builder.AbstractBuilder.lambda$mapOf$0(AbstractBuilder.java:112)
	at java.base/java.util.stream.ReferencePipeline$3$1.accept(ReferencePipeline.java:195)
	at java.base/java.util.ArrayList$ArrayListSpliterator.forEachRemaining(ArrayList.java:1655)
	at java.base/java.util.stream.AbstractPipeline.copyInto(AbstractPipeline.java:484)
	at java.base/java.util.stream.AbstractPipeline.wrapAndCopyInto(AbstractPipeline.java:474)
	at java.base/java.util.stream.ReduceOps$ReduceOp.evaluateSequential(ReduceOps.java:913)
	at java.base/java.util.stream.AbstractPipeline.evaluate(AbstractPipeline.java:234)
	at java.base/java.util.stream.ReferencePipeline.collect(ReferencePipeline.java:578)
	at de.uka.ilkd.key.nparser.builder.AbstractBuilder.mapOf(AbstractBuilder.java:112)
	at de.uka.ilkd.key.nparser.builder.IncludeFinder.visitOne_include_statement(IncludeFinder.java:35)
	at de.uka.ilkd.key.nparser.builder.IncludeFinder.visitOne_include_statement(IncludeFinder.java:20)
	at de.uka.ilkd.key.nparser.KeYParser$One_include_statementContext.accept(KeYParser.java:802)
	at org.antlr.v4.runtime.tree.AbstractParseTreeVisitor.visitChildren(AbstractParseTreeVisitor.java:46)
	at de.uka.ilkd.key.nparser.KeYParserBaseVisitor.visitDecls(KeYParserBaseVisitor.java:30)
	at de.uka.ilkd.key.nparser.KeYParser$DeclsContext.accept(KeYParser.java:500)
	at org.antlr.v4.runtime.tree.AbstractParseTreeVisitor.visitChildren(AbstractParseTreeVisitor.java:46)
	at de.uka.ilkd.key.nparser.KeYParserBaseVisitor.visitFile(KeYParserBaseVisitor.java:23)
	at de.uka.ilkd.key.nparser.KeYParser$FileContext.accept(KeYParser.java:306)
	at de.uka.ilkd.key.nparser.KeyAst.accept(KeyAst.java:41)
	at de.uka.ilkd.key.nparser.KeyAst$File.getIncludes(KeyAst.java:76)
	at de.uka.ilkd.key.proof.io.KeYFile.readIncludes(KeYFile.java:208)
	... 14 more
Could not find rule file rules/intRulesCheckedSemantics.key (file: /home/runner/work/key/key/key.core/../key.ui/examples/index/.././heap/list/ArrayList_ArrayList.key; caused by: de.uka.ilkd.key.proof.init.ProofInputException: Could not find rule file rules/intRulesCheckedSemantics.key)
	at de.uka.ilkd.key.control.AbstractUserInterfaceControl.load(AbstractUserInterfaceControl.java:221)
	at de.uka.ilkd.key.control.KeYEnvironment.load(KeYEnvironment.java:251)
	at de.uka.ilkd.key.control.KeYEnvironment.load(KeYEnvironment.java:224)
	at de.uka.ilkd.key.control.KeYEnvironment.load(KeYEnvironment.java:184)
	at de.uka.ilkd.key.control.KeYEnvironment.load(KeYEnvironment.java:261)
	at de.uka.ilkd.key.proof.runallproofs.proofcollection.TestFile.load(TestFile.java:270)
	at de.uka.ilkd.key.proof.runallproofs.proofcollection.TestFile.runKey(TestFile.java:160)
	at de.uka.ilkd.key.proof.runallproofs.proofcollection.ForkedTestFileRunner.main(ForkedTestFileRunner.java:171)
Caused by: de.uka.ilkd.key.proof.init.ProofInputException: Could not find rule file rules/intRulesCheckedSemantics.key
	at de.uka.ilkd.key.proof.io.KeYFile.readIncludes(KeYFile.java:210)
	at de.uka.ilkd.key.proof.init.ProblemInitializer.readIncludes(ProblemInitializer.java:177)
	at de.uka.ilkd.key.proof.init.ProblemInitializer.readEnvInput(ProblemInitializer.java:325)
	at de.uka.ilkd.key.proof.init.ProblemInitializer.prepare(ProblemInitializer.java:449)
	at de.uka.ilkd.key.proof.io.AbstractProblemLoader.createInitConfig(AbstractProblemLoader.java:518)
	at de.uka.ilkd.key.proof.io.AbstractProblemLoader.loadEnvironment(AbstractProblemLoader.java:288)
	at de.uka.ilkd.key.proof.io.AbstractProblemLoader.load(AbstractProblemLoader.java:252)
	at de.uka.ilkd.key.control.AbstractUserInterfaceControl.load(AbstractUserInterfaceControl.java:209)
	... 7 more
Caused by: java.lang.RuntimeException: Could not find rule file rules/intRulesCheckedSemantics.key
	at de.uka.ilkd.key.proof.io.RuleSourceFactory.fromBuiltInRule(RuleSourceFactory.java:32)
	at de.uka.ilkd.key.proof.io.RuleSourceFactory.fromDefaultLocation(RuleSourceFactory.java:21)
	at de.uka.ilkd.key.nparser.builder.IncludeFinder.addInclude(IncludeFinder.java:63)
	at de.uka.ilkd.key.nparser.builder.IncludeFinder.visitOne_include(IncludeFinder.java:43)
	at de.uka.ilkd.key.nparser.builder.IncludeFinder.visitOne_include(IncludeFinder.java:20)
	at de.uka.ilkd.key.nparser.KeYParser$One_includeContext.accept(KeYParser.java:878)
	at de.uka.ilkd.key.nparser.builder.AbstractBuilder.lambda$mapOf$0(AbstractBuilder.java:112)
	at java.base/java.util.stream.ReferencePipeline$3$1.accept(ReferencePipeline.java:195)
	at java.base/java.util.ArrayList$ArrayListSpliterator.forEachRemaining(ArrayList.java:1655)
	at java.base/java.util.stream.AbstractPipeline.copyInto(AbstractPipeline.java:484)
	at java.base/java.util.stream.AbstractPipeline.wrapAndCopyInto(AbstractPipeline.java:474)
	at java.base/java.util.stream.ReduceOps$ReduceOp.evaluateSequential(ReduceOps.java:913)
	at java.base/java.util.stream.AbstractPipeline.evaluate(AbstractPipeline.java:234)
	at java.base/java.util.stream.ReferencePipeline.collect(ReferencePipeline.java:578)
	at de.uka.ilkd.key.nparser.builder.AbstractBuilder.mapOf(AbstractBuilder.java:112)
	at de.uka.ilkd.key.nparser.builder.IncludeFinder.visitOne_include_statement(IncludeFinder.java:35)
	at de.uka.ilkd.key.nparser.builder.IncludeFinder.visitOne_include_statement(IncludeFinder.java:20)
	at de.uka.ilkd.key.nparser.KeYParser$One_include_statementContext.accept(KeYParser.java:802)
	at org.antlr.v4.runtime.tree.AbstractParseTreeVisitor.visitChildren(AbstractParseTreeVisitor.java:46)
	at de.uka.ilkd.key.nparser.KeYParserBaseVisitor.visitDecls(KeYParserBaseVisitor.java:30)
	at de.uka.ilkd.key.nparser.KeYParser$DeclsContext.accept(KeYParser.java:500)
	at org.antlr.v4.runtime.tree.AbstractParseTreeVisitor.visitChildren(AbstractParseTreeVisitor.java:46)
	at de.uka.ilkd.key.nparser.KeYParserBaseVisitor.visitFile(KeYParserBaseVisitor.java:23)
	at de.uka.ilkd.key.nparser.KeYParser$FileContext.accept(KeYParser.java:306)
	at de.uka.ilkd.key.nparser.KeyAst.accept(KeyAst.java:41)
	at de.uka.ilkd.key.nparser.KeyAst$File.getIncludes(KeyAst.java:76)
	at de.uka.ilkd.key.proof.io.KeYFile.readIncludes(KeYFile.java:208)
	... 14 more
Could not find rule file rules/intRulesCheckedSemantics.key (file: /home/runner/work/key/key/key.core/../key.ui/examples/index/.././heap/list/ArrayList_concatenate.key; caused by: de.uka.ilkd.key.proof.init.ProofInputException: Could not find rule file rules/intRulesCheckedSemantics.key)
	at de.uka.ilkd.key.control.AbstractUserInterfaceControl.load(AbstractUserInterfaceControl.java:221)
	at de.uka.ilkd.key.control.KeYEnvironment.load(KeYEnvironment.java:251)
	at de.uka.ilkd.key.control.KeYEnvironment.load(KeYEnvironment.java:224)
	at de.uka.ilkd.key.control.KeYEnvironment.load(KeYEnvironment.java:184)
	at de.uka.ilkd.key.control.KeYEnvironment.load(KeYEnvironment.java:261)
	at de.uka.ilkd.key.proof.runallproofs.proofcollection.TestFile.load(TestFile.java:270)
	at de.uka.ilkd.key.proof.runallproofs.proofcollection.TestFile.runKey(TestFile.java:160)
	at de.uka.ilkd.key.proof.runallproofs.proofcollection.ForkedTestFileRunner.main(ForkedTestFileRunner.java:171)
Caused by: de.uka.ilkd.key.proof.init.ProofInputException: Could not find rule file rules/intRulesCheckedSemantics.key
	at de.uka.ilkd.key.proof.io.KeYFile.readIncludes(KeYFile.java:210)
	at de.uka.ilkd.key.proof.init.ProblemInitializer.readIncludes(ProblemInitializer.java:177)
	at de.uka.ilkd.key.proof.init.ProblemInitializer.readEnvInput(ProblemInitializer.java:325)
	at de.uka.ilkd.key.proof.init.ProblemInitializer.prepare(ProblemInitializer.java:449)
	at de.uka.ilkd.key.proof.io.AbstractProblemLoader.createInitConfig(AbstractProblemLoader.java:518)
	at de.uka.ilkd.key.proof.io.AbstractProblemLoader.loadEnvironment(AbstractProblemLoader.java:288)
	at de.uka.ilkd.key.proof.io.AbstractProblemLoader.load(AbstractProblemLoader.java:252)
	at de.uka.ilkd.key.control.AbstractUserInterfaceControl.load(AbstractUserInterfaceControl.java:209)
	... 7 more
Caused by: java.lang.RuntimeException: Could not find rule file rules/intRulesCheckedSemantics.key
	at de.uka.ilkd.key.proof.io.RuleSourceFactory.fromBuiltInRule(RuleSourceFactory.java:32)
	at de.uka.ilkd.key.proof.io.RuleSourceFactory.fromDefaultLocation(RuleSourceFactory.java:21)
	at de.uka.ilkd.key.nparser.builder.IncludeFinder.addInclude(IncludeFinder.java:63)
	at de.uka.ilkd.key.nparser.builder.IncludeFinder.visitOne_include(IncludeFinder.java:43)
	at de.uka.ilkd.key.nparser.builder.IncludeFinder.visitOne_include(IncludeFinder.java:20)
	at de.uka.ilkd.key.nparser.KeYParser$One_includeContext.accept(KeYParser.java:878)
	at de.uka.ilkd.key.nparser.builder.AbstractBuilder.lambda$mapOf$0(AbstractBuilder.java:112)
	at java.base/java.util.stream.ReferencePipeline$3$1.accept(ReferencePipeline.java:195)
	at java.base/java.util.ArrayList$ArrayListSpliterator.forEachRemaining(ArrayList.java:1655)
	at java.base/java.util.stream.AbstractPipeline.copyInto(AbstractPipeline.java:484)
	at java.base/java.util.stream.AbstractPipeline.wrapAndCopyInto(AbstractPipeline.java:474)
	at java.base/java.util.stream.ReduceOps$ReduceOp.evaluateSequential(ReduceOps.java:913)
	at java.base/java.util.stream.AbstractPipeline.evaluate(AbstractPipeline.java:234)
	at java.base/java.util.stream.ReferencePipeline.collect(ReferencePipeline.java:578)
	at de.uka.ilkd.key.nparser.builder.AbstractBuilder.mapOf(AbstractBuilder.java:112)
	at de.uka.ilkd.key.nparser.builder.IncludeFinder.visitOne_include_statement(IncludeFinder.java:35)
	at de.uka.ilkd.key.nparser.builder.IncludeFinder.visitOne_include_statement(IncludeFinder.java:20)
	at de.uka.ilkd.key.nparser.KeYParser$One_include_statementContext.accept(KeYParser.java:802)
	at org.antlr.v4.runtime.tree.AbstractParseTreeVisitor.visitChildren(AbstractParseTreeVisitor.java:46)
	at de.uka.ilkd.key.nparser.KeYParserBaseVisitor.visitDecls(KeYParserBaseVisitor.java:30)
	at de.uka.ilkd.key.nparser.KeYParser$DeclsContext.accept(KeYParser.java:500)
	at org.antlr.v4.runtime.tree.AbstractParseTreeVisitor.visitChildren(AbstractParseTreeVisitor.java:46)
	at de.uka.ilkd.key.nparser.KeYParserBaseVisitor.visitFile(KeYParserBaseVisitor.java:23)
	at de.uka.ilkd.key.nparser.KeYParser$FileContext.accept(KeYParser.java:306)
	at de.uka.ilkd.key.nparser.KeyAst.accept(KeyAst.java:41)
	at de.uka.ilkd.key.nparser.KeyAst$File.getIncludes(KeyAst.java:76)
	at de.uka.ilkd.key.proof.io.KeYFile.readIncludes(KeYFile.java:208)
	... 14 more
Could not find rule file rules/intRulesCheckedSemantics.key (file: /home/runner/work/key/key/key.core/../key.ui/examples/index/.././heap/list/ArrayList_contains_dep.key; caused by: de.uka.ilkd.key.proof.init.ProofInputException: Could not find rule file rules/intRulesCheckedSemantics.key)
	at de.uka.ilkd.key.control.AbstractUserInterfaceControl.load(AbstractUserInterfaceControl.java:221)
	at de.uka.ilkd.key.control.KeYEnvironment.load(KeYEnvironment.java:251)
	at de.uka.ilkd.key.control.KeYEnvironment.load(KeYEnvironment.java:224)
	at de.uka.ilkd.key.control.KeYEnvironment.load(KeYEnvironment.java:184)
	at de.uka.ilkd.key.control.KeYEnvironment.load(KeYEnvironment.java:261)
	at de.uka.ilkd.key.proof.runallproofs.proofcollection.TestFile.load(TestFile.java:270)
	at de.uka.ilkd.key.proof.runallproofs.proofcollection.TestFile.runKey(TestFile.java:160)
	at de.uka.ilkd.key.proof.runallproofs.proofcollection.ForkedTestFileRunner.main(ForkedTestFileRunner.java:171)
Caused by: de.uka.ilkd.key.proof.init.ProofInputException: Could not find rule file rules/intRulesCheckedSemantics.key
	at de.uka.ilkd.key.proof.io.KeYFile.readIncludes(KeYFile.java:210)
	at de.uka.ilkd.key.proof.init.ProblemInitializer.readIncludes(ProblemInitializer.java:177)
	at de.uka.ilkd.key.proof.init.ProblemInitializer.readEnvInput(ProblemInitializer.java:325)
	at de.uka.ilkd.key.proof.init.ProblemInitializer.prepare(ProblemInitializer.java:449)
	at de.uka.ilkd.key.proof.io.AbstractProblemLoader.createInitConfig(AbstractProblemLoader.java:518)
	at de.uka.ilkd.key.proof.io.AbstractProblemLoader.loadEnvironment(AbstractProblemLoader.java:288)
	at de.uka.ilkd.key.proof.io.AbstractProblemLoader.load(AbstractProblemLoader.java:252)
	at de.uka.ilkd.key.control.AbstractUserInterfaceControl.load(AbstractUserInterfaceControl.java:209)
	... 7 more
Caused by: java.lang.RuntimeException: Could not find rule file rules/intRulesCheckedSemantics.key
	at de.uka.ilkd.key.proof.io.RuleSourceFactory.fromBuiltInRule(RuleSourceFactory.java:32)
	at de.uka.ilkd.key.proof.io.RuleSourceFactory.fromDefaultLocation(RuleSourceFactory.java:21)
	at de.uka.ilkd.key.nparser.builder.IncludeFinder.addInclude(IncludeFinder.java:63)
	at de.uka.ilkd.key.nparser.builder.IncludeFinder.visitOne_include(IncludeFinder.java:43)
	at de.uka.ilkd.key.nparser.builder.IncludeFinder.visitOne_include(IncludeFinder.java:20)
	at de.uka.ilkd.key.nparser.KeYParser$One_includeContext.accept(KeYParser.java:878)
	at de.uka.ilkd.key.nparser.builder.AbstractBuilder.lambda$mapOf$0(AbstractBuilder.java:112)
	at java.base/java.util.stream.ReferencePipeline$3$1.accept(ReferencePipeline.java:195)
	at java.base/java.util.ArrayList$ArrayListSpliterator.forEachRemaining(ArrayList.java:1655)
	at java.base/java.util.stream.AbstractPipeline.copyInto(AbstractPipeline.java:484)
	at java.base/java.util.stream.AbstractPipeline.wrapAndCopyInto(AbstractPipeline.java:474)
	at java.base/java.util.stream.ReduceOps$ReduceOp.evaluateSequential(ReduceOps.java:913)
	at java.base/java.util.stream.AbstractPipeline.evaluate(AbstractPipeline.java:234)
	at java.base/java.util.stream.ReferencePipeline.collect(ReferencePipeline.java:578)
	at de.uka.ilkd.key.nparser.builder.AbstractBuilder.mapOf(AbstractBuilder.java:112)
	at de.uka.ilkd.key.nparser.builder.IncludeFinder.visitOne_include_statement(IncludeFinder.java:35)
	at de.uka.ilkd.key.nparser.builder.IncludeFinder.visitOne_include_statement(IncludeFinder.java:20)
	at de.uka.ilkd.key.nparser.KeYParser$One_include_statementContext.accept(KeYParser.java:802)
	at org.antlr.v4.runtime.tree.AbstractParseTreeVisitor.visitChildren(AbstractParseTreeVisitor.java:46)
	at de.uka.ilkd.key.nparser.KeYParserBaseVisitor.visitDecls(KeYParserBaseVisitor.java:30)
	at de.uka.ilkd.key.nparser.KeYParser$DeclsContext.accept(KeYParser.java:500)
	at org.antlr.v4.runtime.tree.AbstractParseTreeVisitor.visitChildren(AbstractParseTreeVisitor.java:46)
	at de.uka.ilkd.key.nparser.KeYParserBaseVisitor.visitFile(KeYParserBaseVisitor.java:23)
	at de.uka.ilkd.key.nparser.KeYParser$FileContext.accept(KeYParser.java:306)
	at de.uka.ilkd.key.nparser.KeyAst.accept(KeyAst.java:41)
	at de.uka.ilkd.key.nparser.KeyAst$File.getIncludes(KeyAst.java:76)
	at de.uka.ilkd.key.proof.io.KeYFile.readIncludes(KeYFile.java:208)
	... 14 more
Could not find rule file rules/intRulesCheckedSemantics.key (file: /home/runner/work/key/key/key.core/../key.ui/examples/index/.././heap/list/ArrayList_enlarge.key; caused by: de.uka.ilkd.key.proof.init.ProofInputException: Could not find rule file rules/intRulesCheckedSemantics.key)
	at de.uka.ilkd.key.control.AbstractUserInterfaceControl.load(AbstractUserInterfaceControl.java:221)
	at de.uka.ilkd.key.control.KeYEnvironment.load(KeYEnvironment.java:251)
	at de.uka.ilkd.key.control.KeYEnvironment.load(KeYEnvironment.java:224)
	at de.uka.ilkd.key.control.KeYEnvironment.load(KeYEnvironment.java:184)
	at de.uka.ilkd.key.control.KeYEnvironment.load(KeYEnvironment.java:261)
	at de.uka.ilkd.key.proof.runallproofs.proofcollection.TestFile.load(TestFile.java:270)
	at de.uka.ilkd.key.proof.runallproofs.proofcollection.TestFile.runKey(TestFile.java:160)
	at de.uka.ilkd.key.proof.runallproofs.proofcollection.ForkedTestFileRunner.main(ForkedTestFileRunner.java:171)
Caused by: de.uka.ilkd.key.proof.init.ProofInputException: Could not find rule file rules/intRulesCheckedSemantics.key
	at de.uka.ilkd.key.proof.io.KeYFile.readIncludes(KeYFile.java:210)
	at de.uka.ilkd.key.proof.init.ProblemInitializer.readIncludes(ProblemInitializer.java:177)
	at de.uka.ilkd.key.proof.init.ProblemInitializer.readEnvInput(ProblemInitializer.java:325)
	at de.uka.ilkd.key.proof.init.ProblemInitializer.prepare(ProblemInitializer.java:449)
	at de.uka.ilkd.key.proof.io.AbstractProblemLoader.createInitConfig(AbstractProblemLoader.java:518)
	at de.uka.ilkd.key.proof.io.AbstractProblemLoader.loadEnvironment(AbstractProblemLoader.java:288)
	at de.uka.ilkd.key.proof.io.AbstractProblemLoader.load(AbstractProblemLoader.java:252)
	at de.uka.ilkd.key.control.AbstractUserInterfaceControl.load(AbstractUserInterfaceControl.java:209)
	... 7 more
Caused by: java.lang.RuntimeException: Could not find rule file rules/intRulesCheckedSemantics.key
	at de.uka.ilkd.key.proof.io.RuleSourceFactory.fromBuiltInRule(RuleSourceFactory.java:32)
	at de.uka.ilkd.key.proof.io.RuleSourceFactory.fromDefaultLocation(RuleSourceFactory.java:21)
	at de.uka.ilkd.key.nparser.builder.IncludeFinder.addInclude(IncludeFinder.java:63)
	at de.uka.ilkd.key.nparser.builder.IncludeFinder.visitOne_include(IncludeFinder.java:43)
	at de.uka.ilkd.key.nparser.builder.IncludeFinder.visitOne_include(IncludeFinder.java:20)
	at de.uka.ilkd.key.nparser.KeYParser$One_includeContext.accept(KeYParser.java:878)
	at de.uka.ilkd.key.nparser.builder.AbstractBuilder.lambda$mapOf$0(AbstractBuilder.java:112)
	at java.base/java.util.stream.ReferencePipeline$3$1.accept(ReferencePipeline.java:195)
	at java.base/java.util.ArrayList$ArrayListSpliterator.forEachRemaining(ArrayList.java:1655)
	at java.base/java.util.stream.AbstractPipeline.copyInto(AbstractPipeline.java:484)
	at java.base/java.util.stream.AbstractPipeline.wrapAndCopyInto(AbstractPipeline.java:474)
	at java.base/java.util.stream.ReduceOps$ReduceOp.evaluateSequential(ReduceOps.java:913)
	at java.base/java.util.stream.AbstractPipeline.evaluate(AbstractPipeline.java:234)
	at java.base/java.util.stream.ReferencePipeline.collect(ReferencePipeline.java:578)
	at de.uka.ilkd.key.nparser.builder.AbstractBuilder.mapOf(AbstractBuilder.java:112)
	at de.uka.ilkd.key.nparser.builder.IncludeFinder.visitOne_include_statement(IncludeFinder.java:35)
	at de.uka.ilkd.key.nparser.builder.IncludeFinder.visitOne_include_statement(IncludeFinder.java:20)
	at de.uka.ilkd.key.nparser.KeYParser$One_include_statementContext.accept(KeYParser.java:802)
	at org.antlr.v4.runtime.tree.AbstractParseTreeVisitor.visitChildren(AbstractParseTreeVisitor.java:46)
	at de.uka.ilkd.key.nparser.KeYParserBaseVisitor.visitDecls(KeYParserBaseVisitor.java:30)
	at de.uka.ilkd.key.nparser.KeYParser$DeclsContext.accept(KeYParser.java:500)
	at org.antlr.v4.runtime.tree.AbstractParseTreeVisitor.visitChildren(AbstractParseTreeVisitor.java:46)
	at de.uka.ilkd.key.nparser.KeYParserBaseVisitor.visitFile(KeYParserBaseVisitor.java:23)
	at de.uka.ilkd.key.nparser.KeYParser$FileContext.accept(KeYParser.java:306)
	at de.uka.ilkd.key.nparser.KeyAst.accept(KeyAst.java:41)
	at de.uka.ilkd.key.nparser.KeyAst$File.getIncludes(KeyAst.java:76)
	at de.uka.ilkd.key.proof.io.KeYFile.readIncludes(KeYFile.java:208)
	... 14 more
Could not find rule file rules/intRulesCheckedSemantics.key (file: /home/runner/work/key/key/key.core/../key.ui/examples/index/.././heap/list/ArrayList_footprint.key; caused by: de.uka.ilkd.key.proof.init.ProofInputException: Could not find rule file rules/intRulesCheckedSemantics.key)
	at de.uka.ilkd.key.control.AbstractUserInterfaceControl.load(AbstractUserInterfaceControl.java:221)
	at de.uka.ilkd.key.control.KeYEnvironment.load(KeYEnvironment.java:251)
	at de.uka.ilkd.key.control.KeYEnvironment.load(KeYEnvironment.java:224)
	at de.uka.ilkd.key.control.KeYEnvironment.load(KeYEnvironment.java:184)
	at de.uka.ilkd.key.control.KeYEnvironment.load(KeYEnvironment.java:261)
	at de.uka.ilkd.key.proof.runallproofs.proofcollection.TestFile.load(TestFile.java:270)
	at de.uka.ilkd.key.proof.runallproofs.proofcollection.TestFile.runKey(TestFile.java:160)
	at de.uka.ilkd.key.proof.runallproofs.proofcollection.ForkedTestFileRunner.main(ForkedTestFileRunner.java:171)
Caused by: de.uka.ilkd.key.proof.init.ProofInputException: Could not find rule file rules/intRulesCheckedSemantics.key
	at de.uka.ilkd.key.proof.io.KeYFile.readIncludes(KeYFile.java:210)
	at de.uka.ilkd.key.proof.init.ProblemInitializer.readIncludes(ProblemInitializer.java:177)
	at de.uka.ilkd.key.proof.init.ProblemInitializer.readEnvInput(ProblemInitializer.java:325)
	at de.uka.ilkd.key.proof.init.ProblemInitializer.prepare(ProblemInitializer.java:449)
	at de.uka.ilkd.key.proof.io.AbstractProblemLoader.createInitConfig(AbstractProblemLoader.java:518)
	at de.uka.ilkd.key.proof.io.AbstractProblemLoader.loadEnvironment(AbstractProblemLoader.java:288)
	at de.uka.ilkd.key.proof.io.AbstractProblemLoader.load(AbstractProblemLoader.java:252)
	at de.uka.ilkd.key.control.AbstractUserInterfaceControl.load(AbstractUserInterfaceControl.java:209)
	... 7 more
Caused by: java.lang.RuntimeException: Could not find rule file rules/intRulesCheckedSemantics.key
	at de.uka.ilkd.key.proof.io.RuleSourceFactory.fromBuiltInRule(RuleSourceFactory.java:32)
	at de.uka.ilkd.key.proof.io.RuleSourceFactory.fromDefaultLocation(RuleSourceFactory.java:21)
	at de.uka.ilkd.key.nparser.builder.IncludeFinder.addInclude(IncludeFinder.java:63)
	at de.uka.ilkd.key.nparser.builder.IncludeFinder.visitOne_include(IncludeFinder.java:43)
	at de.uka.ilkd.key.nparser.builder.IncludeFinder.visitOne_include(IncludeFinder.java:20)
	at de.uka.ilkd.key.nparser.KeYParser$One_includeContext.accept(KeYParser.java:878)
	at de.uka.ilkd.key.nparser.builder.AbstractBuilder.lambda$mapOf$0(AbstractBuilder.java:112)
	at java.base/java.util.stream.ReferencePipeline$3$1.accept(ReferencePipeline.java:195)
	at java.base/java.util.ArrayList$ArrayListSpliterator.forEachRemaining(ArrayList.java:1655)
	at java.base/java.util.stream.AbstractPipeline.copyInto(AbstractPipeline.java:484)
	at java.base/java.util.stream.AbstractPipeline.wrapAndCopyInto(AbstractPipeline.java:474)
	at java.base/java.util.stream.ReduceOps$ReduceOp.evaluateSequential(ReduceOps.java:913)
	at java.base/java.util.stream.AbstractPipeline.evaluate(AbstractPipeline.java:234)
	at java.base/java.util.stream.ReferencePipeline.collect(ReferencePipeline.java:578)
	at de.uka.ilkd.key.nparser.builder.AbstractBuilder.mapOf(AbstractBuilder.java:112)
	at de.uka.ilkd.key.nparser.builder.IncludeFinder.visitOne_include_statement(IncludeFinder.java:35)
	at de.uka.ilkd.key.nparser.builder.IncludeFinder.visitOne_include_statement(IncludeFinder.java:20)
	at de.uka.ilkd.key.nparser.KeYParser$One_include_statementContext.accept(KeYParser.java:802)
	at org.antlr.v4.runtime.tree.AbstractParseTreeVisitor.visitChildren(AbstractParseTreeVisitor.java:46)
	at de.uka.ilkd.key.nparser.KeYParserBaseVisitor.visitDecls(KeYParserBaseVisitor.java:30)
	at de.uka.ilkd.key.nparser.KeYParser$DeclsContext.accept(KeYParser.java:500)
	at org.antlr.v4.runtime.tree.AbstractParseTreeVisitor.visitChildren(AbstractParseTreeVisitor.java:46)
	at de.uka.ilkd.key.nparser.KeYParserBaseVisitor.visitFile(KeYParserBaseVisitor.java:23)
	at de.uka.ilkd.key.nparser.KeYParser$FileContext.accept(KeYParser.java:306)
	at de.uka.ilkd.key.nparser.KeyAst.accept(KeyAst.java:41)
	at de.uka.ilkd.key.nparser.KeyAst$File.getIncludes(KeyAst.java:76)
	at de.uka.ilkd.key.proof.io.KeYFile.readIncludes(KeYFile.java:208)
	... 14 more
Could not find rule file rules/intRulesCheckedSemantics.key (file: /home/runner/work/key/key/key.core/../key.ui/examples/index/.././heap/list/ArrayList_get_dep.key; caused by: de.uka.ilkd.key.proof.init.ProofInputException: Could not find rule file rules/intRulesCheckedSemantics.key)
	at de.uka.ilkd.key.control.AbstractUserInterfaceControl.load(AbstractUserInterfaceControl.java:221)
	at de.uka.ilkd.key.control.KeYEnvironment.load(KeYEnvironment.java:251)
	at de.uka.ilkd.key.control.KeYEnvironment.load(KeYEnvironment.java:224)
	at de.uka.ilkd.key.control.KeYEnvironment.load(KeYEnvironment.java:184)
	at de.uka.ilkd.key.control.KeYEnvironment.load(KeYEnvironment.java:261)
	at de.uka.ilkd.key.proof.runallproofs.proofcollection.TestFile.load(TestFile.java:270)
	at de.uka.ilkd.key.proof.runallproofs.proofcollection.TestFile.runKey(TestFile.java:160)
	at de.uka.ilkd.key.proof.runallproofs.proofcollection.ForkedTestFileRunner.main(ForkedTestFileRunner.java:171)
Caused by: de.uka.ilkd.key.proof.init.ProofInputException: Could not find rule file rules/intRulesCheckedSemantics.key
	at de.uka.ilkd.key.proof.io.KeYFile.readIncludes(KeYFile.java:210)
	at de.uka.ilkd.key.proof.init.ProblemInitializer.readIncludes(ProblemInitializer.java:177)
	at de.uka.ilkd.key.proof.init.ProblemInitializer.readEnvInput(ProblemInitializer.java:325)
	at de.uka.ilkd.key.proof.init.ProblemInitializer.prepare(ProblemInitializer.java:449)
	at de.uka.ilkd.key.proof.io.AbstractProblemLoader.createInitConfig(AbstractProblemLoader.java:518)
	at de.uka.ilkd.key.proof.io.AbstractProblemLoader.loadEnvironment(AbstractProblemLoader.java:288)
	at de.uka.ilkd.key.proof.io.AbstractProblemLoader.load(AbstractProblemLoader.java:252)
	at de.uka.ilkd.key.control.AbstractUserInterfaceControl.load(AbstractUserInterfaceControl.java:209)
	... 7 more
Caused by: java.lang.RuntimeException: Could not find rule file rules/intRulesCheckedSemantics.key
	at de.uka.ilkd.key.proof.io.RuleSourceFactory.fromBuiltInRule(RuleSourceFactory.java:32)
	at de.uka.ilkd.key.proof.io.RuleSourceFactory.fromDefaultLocation(RuleSourceFactory.java:21)
	at de.uka.ilkd.key.nparser.builder.IncludeFinder.addInclude(IncludeFinder.java:63)
	at de.uka.ilkd.key.nparser.builder.IncludeFinder.visitOne_include(IncludeFinder.java:43)
	at de.uka.ilkd.key.nparser.builder.IncludeFinder.visitOne_include(IncludeFinder.java:20)
	at de.uka.ilkd.key.nparser.KeYParser$One_includeContext.accept(KeYParser.java:878)
	at de.uka.ilkd.key.nparser.builder.AbstractBuilder.lambda$mapOf$0(AbstractBuilder.java:112)
	at java.base/java.util.stream.ReferencePipeline$3$1.accept(ReferencePipeline.java:195)
	at java.base/java.util.ArrayList$ArrayListSpliterator.forEachRemaining(ArrayList.java:1655)
	at java.base/java.util.stream.AbstractPipeline.copyInto(AbstractPipeline.java:484)
	at java.base/java.util.stream.AbstractPipeline.wrapAndCopyInto(AbstractPipeline.java:474)
	at java.base/java.util.stream.ReduceOps$ReduceOp.evaluateSequential(ReduceOps.java:913)
	at java.base/java.util.stream.AbstractPipeline.evaluate(AbstractPipeline.java:234)
	at java.base/java.util.stream.ReferencePipeline.collect(ReferencePipeline.java:578)
	at de.uka.ilkd.key.nparser.builder.AbstractBuilder.mapOf(AbstractBuilder.java:112)
	at de.uka.ilkd.key.nparser.builder.IncludeFinder.visitOne_include_statement(IncludeFinder.java:35)
	at de.uka.ilkd.key.nparser.builder.IncludeFinder.visitOne_include_statement(IncludeFinder.java:20)
	at de.uka.ilkd.key.nparser.KeYParser$One_include_statementContext.accept(KeYParser.java:802)
	at org.antlr.v4.runtime.tree.AbstractParseTreeVisitor.visitChildren(AbstractParseTreeVisitor.java:46)
	at de.uka.ilkd.key.nparser.KeYParserBaseVisitor.visitDecls(KeYParserBaseVisitor.java:30)
	at de.uka.ilkd.key.nparser.KeYParser$DeclsContext.accept(KeYParser.java:500)
	at org.antlr.v4.runtime.tree.AbstractParseTreeVisitor.visitChildren(AbstractParseTreeVisitor.java:46)
	at de.uka.ilkd.key.nparser.KeYParserBaseVisitor.visitFile(KeYParserBaseVisitor.java:23)
	at de.uka.ilkd.key.nparser.KeYParser$FileContext.accept(KeYParser.java:306)
	at de.uka.ilkd.key.nparser.KeyAst.accept(KeyAst.java:41)
	at de.uka.ilkd.key.nparser.KeyAst$File.getIncludes(KeyAst.java:76)
	at de.uka.ilkd.key.proof.io.KeYFile.readIncludes(KeYFile.java:208)
	... 14 more
Could not find rule file rules/intRulesCheckedSemantics.key (file: /home/runner/work/key/key/key.core/../key.ui/examples/index/.././heap/list/ArrayList_get_exceptional.key; caused by: de.uka.ilkd.key.proof.init.ProofInputException: Could not find rule file rules/intRulesCheckedSemantics.key)
	at de.uka.ilkd.key.control.AbstractUserInterfaceControl.load(AbstractUserInterfaceControl.java:221)
	at de.uka.ilkd.key.control.KeYEnvironment.load(KeYEnvironment.java:251)
	at de.uka.ilkd.key.control.KeYEnvironment.load(KeYEnvironment.java:224)
	at de.uka.ilkd.key.control.KeYEnvironment.load(KeYEnvironment.java:184)
	at de.uka.ilkd.key.control.KeYEnvironment.load(KeYEnvironment.java:261)
	at de.uka.ilkd.key.proof.runallproofs.proofcollection.TestFile.load(TestFile.java:270)
	at de.uka.ilkd.key.proof.runallproofs.proofcollection.TestFile.runKey(TestFile.java:160)
	at de.uka.ilkd.key.proof.runallproofs.proofcollection.ForkedTestFileRunner.main(ForkedTestFileRunner.java:171)
Caused by: de.uka.ilkd.key.proof.init.ProofInputException: Could not find rule file rules/intRulesCheckedSemantics.key
	at de.uka.ilkd.key.proof.io.KeYFile.readIncludes(KeYFile.java:210)
	at de.uka.ilkd.key.proof.init.ProblemInitializer.readIncludes(ProblemInitializer.java:177)
	at de.uka.ilkd.key.proof.init.ProblemInitializer.readEnvInput(ProblemInitializer.java:325)
	at de.uka.ilkd.key.proof.init.ProblemInitializer.prepare(ProblemInitializer.java:449)
	at de.uka.ilkd.key.proof.io.AbstractProblemLoader.createInitConfig(AbstractProblemLoader.java:518)
	at de.uka.ilkd.key.proof.io.AbstractProblemLoader.loadEnvironment(AbstractProblemLoader.java:288)
	at de.uka.ilkd.key.proof.io.AbstractProblemLoader.load(AbstractProblemLoader.java:252)
	at de.uka.ilkd.key.control.AbstractUserInterfaceControl.load(AbstractUserInterfaceControl.java:209)
	... 7 more
Caused by: java.lang.RuntimeException: Could not find rule file rules/intRulesCheckedSemantics.key
	at de.uka.ilkd.key.proof.io.RuleSourceFactory.fromBuiltInRule(RuleSourceFactory.java:32)
	at de.uka.ilkd.key.proof.io.RuleSourceFactory.fromDefaultLocation(RuleSourceFactory.java:21)
	at de.uka.ilkd.key.nparser.builder.IncludeFinder.addInclude(IncludeFinder.java:63)
	at de.uka.ilkd.key.nparser.builder.IncludeFinder.visitOne_include(IncludeFinder.java:43)
	at de.uka.ilkd.key.nparser.builder.IncludeFinder.visitOne_include(IncludeFinder.java:20)
	at de.uka.ilkd.key.nparser.KeYParser$One_includeContext.accept(KeYParser.java:878)
	at de.uka.ilkd.key.nparser.builder.AbstractBuilder.lambda$mapOf$0(AbstractBuilder.java:112)
	at java.base/java.util.stream.ReferencePipeline$3$1.accept(ReferencePipeline.java:195)
	at java.base/java.util.ArrayList$ArrayListSpliterator.forEachRemaining(ArrayList.java:1655)
	at java.base/java.util.stream.AbstractPipeline.copyInto(AbstractPipeline.java:484)
	at java.base/java.util.stream.AbstractPipeline.wrapAndCopyInto(AbstractPipeline.java:474)
	at java.base/java.util.stream.ReduceOps$ReduceOp.evaluateSequential(ReduceOps.java:913)
	at java.base/java.util.stream.AbstractPipeline.evaluate(AbstractPipeline.java:234)
	at java.base/java.util.stream.ReferencePipeline.collect(ReferencePipeline.java:578)
	at de.uka.ilkd.key.nparser.builder.AbstractBuilder.mapOf(AbstractBuilder.java:112)
	at de.uka.ilkd.key.nparser.builder.IncludeFinder.visitOne_include_statement(IncludeFinder.java:35)
	at de.uka.ilkd.key.nparser.builder.IncludeFinder.visitOne_include_statement(IncludeFinder.java:20)
	at de.uka.ilkd.key.nparser.KeYParser$One_include_statementContext.accept(KeYParser.java:802)
	at org.antlr.v4.runtime.tree.AbstractParseTreeVisitor.visitChildren(AbstractParseTreeVisitor.java:46)
	at de.uka.ilkd.key.nparser.KeYParserBaseVisitor.visitDecls(KeYParserBaseVisitor.java:30)
	at de.uka.ilkd.key.nparser.KeYParser$DeclsContext.accept(KeYParser.java:500)
	at org.antlr.v4.runtime.tree.AbstractParseTreeVisitor.visitChildren(AbstractParseTreeVisitor.java:46)
	at de.uka.ilkd.key.nparser.KeYParserBaseVisitor.visitFile(KeYParserBaseVisitor.java:23)
	at de.uka.ilkd.key.nparser.KeYParser$FileContext.accept(KeYParser.java:306)
	at de.uka.ilkd.key.nparser.KeyAst.accept(KeyAst.java:41)
	at de.uka.ilkd.key.nparser.KeyAst$File.getIncludes(KeyAst.java:76)
	at de.uka.ilkd.key.proof.io.KeYFile.readIncludes(KeYFile.java:208)
	... 14 more
Could not find rule file rules/intRulesCheckedSemantics.key (file: /home/runner/work/key/key/key.core/../key.ui/examples/index/.././heap/list/ArrayList_get_normal.key; caused by: de.uka.ilkd.key.proof.init.ProofInputException: Could not find rule file rules/intRulesCheckedSemantics.key)
	at de.uka.ilkd.key.control.AbstractUserInterfaceControl.load(AbstractUserInterfaceControl.java:221)
	at de.uka.ilkd.key.control.KeYEnvironment.load(KeYEnvironment.java:251)
	at de.uka.ilkd.key.control.KeYEnvironment.load(KeYEnvironment.java:224)
	at de.uka.ilkd.key.control.KeYEnvironment.load(KeYEnvironment.java:184)
	at de.uka.ilkd.key.control.KeYEnvironment.load(KeYEnvironment.java:261)
	at de.uka.ilkd.key.proof.runallproofs.proofcollection.TestFile.load(TestFile.java:270)
	at de.uka.ilkd.key.proof.runallproofs.proofcollection.TestFile.runKey(TestFile.java:160)
	at de.uka.ilkd.key.proof.runallproofs.proofcollection.ForkedTestFileRunner.main(ForkedTestFileRunner.java:171)
Caused by: de.uka.ilkd.key.proof.init.ProofInputException: Could not find rule file rules/intRulesCheckedSemantics.key
	at de.uka.ilkd.key.proof.io.KeYFile.readIncludes(KeYFile.java:210)
	at de.uka.ilkd.key.proof.init.ProblemInitializer.readIncludes(ProblemInitializer.java:177)
	at de.uka.ilkd.key.proof.init.ProblemInitializer.readEnvInput(ProblemInitializer.java:325)
	at de.uka.ilkd.key.proof.init.ProblemInitializer.prepare(ProblemInitializer.java:449)
	at de.uka.ilkd.key.proof.io.AbstractProblemLoader.createInitConfig(AbstractProblemLoader.java:518)
	at de.uka.ilkd.key.proof.io.AbstractProblemLoader.loadEnvironment(AbstractProblemLoader.java:288)
	at de.uka.ilkd.key.proof.io.AbstractProblemLoader.load(AbstractProblemLoader.java:252)
	at de.uka.ilkd.key.control.AbstractUserInterfaceControl.load(AbstractUserInterfaceControl.java:209)
	... 7 more
Caused by: java.lang.RuntimeException: Could not find rule file rules/intRulesCheckedSemantics.key
	at de.uka.ilkd.key.proof.io.RuleSourceFactory.fromBuiltInRule(RuleSourceFactory.java:32)
	at de.uka.ilkd.key.proof.io.RuleSourceFactory.fromDefaultLocation(RuleSourceFactory.java:21)
	at de.uka.ilkd.key.nparser.builder.IncludeFinder.addInclude(IncludeFinder.java:63)
	at de.uka.ilkd.key.nparser.builder.IncludeFinder.visitOne_include(IncludeFinder.java:43)
	at de.uka.ilkd.key.nparser.builder.IncludeFinder.visitOne_include(IncludeFinder.java:20)
	at de.uka.ilkd.key.nparser.KeYParser$One_includeContext.accept(KeYParser.java:878)
	at de.uka.ilkd.key.nparser.builder.AbstractBuilder.lambda$mapOf$0(AbstractBuilder.java:112)
	at java.base/java.util.stream.ReferencePipeline$3$1.accept(ReferencePipeline.java:195)
	at java.base/java.util.ArrayList$ArrayListSpliterator.forEachRemaining(ArrayList.java:1655)
	at java.base/java.util.stream.AbstractPipeline.copyInto(AbstractPipeline.java:484)
	at java.base/java.util.stream.AbstractPipeline.wrapAndCopyInto(AbstractPipeline.java:474)
	at java.base/java.util.stream.ReduceOps$ReduceOp.evaluateSequential(ReduceOps.java:913)
	at java.base/java.util.stream.AbstractPipeline.evaluate(AbstractPipeline.java:234)
	at java.base/java.util.stream.ReferencePipeline.collect(ReferencePipeline.java:578)
	at de.uka.ilkd.key.nparser.builder.AbstractBuilder.mapOf(AbstractBuilder.java:112)
	at de.uka.ilkd.key.nparser.builder.IncludeFinder.visitOne_include_statement(IncludeFinder.java:35)
	at de.uka.ilkd.key.nparser.builder.IncludeFinder.visitOne_include_statement(IncludeFinder.java:20)
	at de.uka.ilkd.key.nparser.KeYParser$One_include_statementContext.accept(KeYParser.java:802)
	at org.antlr.v4.runtime.tree.AbstractParseTreeVisitor.visitChildren(AbstractParseTreeVisitor.java:46)
	at de.uka.ilkd.key.nparser.KeYParserBaseVisitor.visitDecls(KeYParserBaseVisitor.java:30)
	at de.uka.ilkd.key.nparser.KeYParser$DeclsContext.accept(KeYParser.java:500)
	at org.antlr.v4.runtime.tree.AbstractParseTreeVisitor.visitChildren(AbstractParseTreeVisitor.java:46)
	at de.uka.ilkd.key.nparser.KeYParserBaseVisitor.visitFile(KeYParserBaseVisitor.java:23)
	at de.uka.ilkd.key.nparser.KeYParser$FileContext.accept(KeYParser.java:306)
	at de.uka.ilkd.key.nparser.KeyAst.accept(KeyAst.java:41)
	at de.uka.ilkd.key.nparser.KeyAst$File.getIncludes(KeyAst.java:76)
	at de.uka.ilkd.key.proof.io.KeYFile.readIncludes(KeYFile.java:208)
	... 14 more
Could not find rule file rules/intRulesCheckedSemantics.key (file: /home/runner/work/key/key/key.core/../key.ui/examples/index/.././heap/list/ArrayList_inv.key; caused by: de.uka.ilkd.key.proof.init.ProofInputException: Could not find rule file rules/intRulesCheckedSemantics.key)
	at de.uka.ilkd.key.control.AbstractUserInterfaceControl.load(AbstractUserInterfaceControl.java:221)
	at de.uka.ilkd.key.control.KeYEnvironment.load(KeYEnvironment.java:251)
	at de.uka.ilkd.key.control.KeYEnvironment.load(KeYEnvironment.java:224)
	at de.uka.ilkd.key.control.KeYEnvironment.load(KeYEnvironment.java:184)
	at de.uka.ilkd.key.control.KeYEnvironment.load(KeYEnvironment.java:261)
	at de.uka.ilkd.key.proof.runallproofs.proofcollection.TestFile.load(TestFile.java:270)
	at de.uka.ilkd.key.proof.runallproofs.proofcollection.TestFile.runKey(TestFile.java:160)
	at de.uka.ilkd.key.proof.runallproofs.proofcollection.ForkedTestFileRunner.main(ForkedTestFileRunner.java:171)
Caused by: de.uka.ilkd.key.proof.init.ProofInputException: Could not find rule file rules/intRulesCheckedSemantics.key
	at de.uka.ilkd.key.proof.io.KeYFile.readIncludes(KeYFile.java:210)
	at de.uka.ilkd.key.proof.init.ProblemInitializer.readIncludes(ProblemInitializer.java:177)
	at de.uka.ilkd.key.proof.init.ProblemInitializer.readEnvInput(ProblemInitializer.java:325)
	at de.uka.ilkd.key.proof.init.ProblemInitializer.prepare(ProblemInitializer.java:449)
	at de.uka.ilkd.key.proof.io.AbstractProblemLoader.createInitConfig(AbstractProblemLoader.java:518)
	at de.uka.ilkd.key.proof.io.AbstractProblemLoader.loadEnvironment(AbstractProblemLoader.java:288)
	at de.uka.ilkd.key.proof.io.AbstractProblemLoader.load(AbstractProblemLoader.java:252)
	at de.uka.ilkd.key.control.AbstractUserInterfaceControl.load(AbstractUserInterfaceControl.java:209)
	... 7 more
Caused by: java.lang.RuntimeException: Could not find rule file rules/intRulesCheckedSemantics.key
	at de.uka.ilkd.key.proof.io.RuleSourceFactory.fromBuiltInRule(RuleSourceFactory.java:32)
	at de.uka.ilkd.key.proof.io.RuleSourceFactory.fromDefaultLocation(RuleSourceFactory.java:21)
	at de.uka.ilkd.key.nparser.builder.IncludeFinder.addInclude(IncludeFinder.java:63)
	at de.uka.ilkd.key.nparser.builder.IncludeFinder.visitOne_include(IncludeFinder.java:43)
	at de.uka.ilkd.key.nparser.builder.IncludeFinder.visitOne_include(IncludeFinder.java:20)
	at de.uka.ilkd.key.nparser.KeYParser$One_includeContext.accept(KeYParser.java:878)
	at de.uka.ilkd.key.nparser.builder.AbstractBuilder.lambda$mapOf$0(AbstractBuilder.java:112)
	at java.base/java.util.stream.ReferencePipeline$3$1.accept(ReferencePipeline.java:195)
	at java.base/java.util.ArrayList$ArrayListSpliterator.forEachRemaining(ArrayList.java:1655)
	at java.base/java.util.stream.AbstractPipeline.copyInto(AbstractPipeline.java:484)
	at java.base/java.util.stream.AbstractPipeline.wrapAndCopyInto(AbstractPipeline.java:474)
	at java.base/java.util.stream.ReduceOps$ReduceOp.evaluateSequential(ReduceOps.java:913)
	at java.base/java.util.stream.AbstractPipeline.evaluate(AbstractPipeline.java:234)
	at java.base/java.util.stream.ReferencePipeline.collect(ReferencePipeline.java:578)
	at de.uka.ilkd.key.nparser.builder.AbstractBuilder.mapOf(AbstractBuilder.java:112)
	at de.uka.ilkd.key.nparser.builder.IncludeFinder.visitOne_include_statement(IncludeFinder.java:35)
	at de.uka.ilkd.key.nparser.builder.IncludeFinder.visitOne_include_statement(IncludeFinder.java:20)
	at de.uka.ilkd.key.nparser.KeYParser$One_include_statementContext.accept(KeYParser.java:802)
	at org.antlr.v4.runtime.tree.AbstractParseTreeVisitor.visitChildren(AbstractParseTreeVisitor.java:46)
	at de.uka.ilkd.key.nparser.KeYParserBaseVisitor.visitDecls(KeYParserBaseVisitor.java:30)
	at de.uka.ilkd.key.nparser.KeYParser$DeclsContext.accept(KeYParser.java:500)
	at org.antlr.v4.runtime.tree.AbstractParseTreeVisitor.visitChildren(AbstractParseTreeVisitor.java:46)
	at de.uka.ilkd.key.nparser.KeYParserBaseVisitor.visitFile(KeYParserBaseVisitor.java:23)
	at de.uka.ilkd.key.nparser.KeYParser$FileContext.accept(KeYParser.java:306)
	at de.uka.ilkd.key.nparser.KeyAst.accept(KeyAst.java:41)
	at de.uka.ilkd.key.nparser.KeyAst$File.getIncludes(KeyAst.java:76)
	at de.uka.ilkd.key.proof.io.KeYFile.readIncludes(KeYFile.java:208)
	... 14 more
Could not find rule file rules/intRulesCheckedSemantics.key (file: /home/runner/work/key/key/key.core/../key.ui/examples/index/.././heap/list/ArrayList_iterator.key; caused by: de.uka.ilkd.key.proof.init.ProofInputException: Could not find rule file rules/intRulesCheckedSemantics.key)
	at de.uka.ilkd.key.control.AbstractUserInterfaceControl.load(AbstractUserInterfaceControl.java:221)
	at de.uka.ilkd.key.control.KeYEnvironment.load(KeYEnvironment.java:251)
	at de.uka.ilkd.key.control.KeYEnvironment.load(KeYEnvironment.java:224)
	at de.uka.ilkd.key.control.KeYEnvironment.load(KeYEnvironment.java:184)
	at de.uka.ilkd.key.control.KeYEnvironment.load(KeYEnvironment.java:261)
	at de.uka.ilkd.key.proof.runallproofs.proofcollection.TestFile.load(TestFile.java:270)
	at de.uka.ilkd.key.proof.runallproofs.proofcollection.TestFile.runKey(TestFile.java:160)
	at de.uka.ilkd.key.proof.runallproofs.proofcollection.ForkedTestFileRunner.main(ForkedTestFileRunner.java:171)
Caused by: de.uka.ilkd.key.proof.init.ProofInputException: Could not find rule file rules/intRulesCheckedSemantics.key
	at de.uka.ilkd.key.proof.io.KeYFile.readIncludes(KeYFile.java:210)
	at de.uka.ilkd.key.proof.init.ProblemInitializer.readIncludes(ProblemInitializer.java:177)
	at de.uka.ilkd.key.proof.init.ProblemInitializer.readEnvInput(ProblemInitializer.java:325)
	at de.uka.ilkd.key.proof.init.ProblemInitializer.prepare(ProblemInitializer.java:449)
	at de.uka.ilkd.key.proof.io.AbstractProblemLoader.createInitConfig(AbstractProblemLoader.java:518)
	at de.uka.ilkd.key.proof.io.AbstractProblemLoader.loadEnvironment(AbstractProblemLoader.java:288)
	at de.uka.ilkd.key.proof.io.AbstractProblemLoader.load(AbstractProblemLoader.java:252)
	at de.uka.ilkd.key.control.AbstractUserInterfaceControl.load(AbstractUserInterfaceControl.java:209)
	... 7 more
Caused by: java.lang.RuntimeException: Could not find rule file rules/intRulesCheckedSemantics.key
	at de.uka.ilkd.key.proof.io.RuleSourceFactory.fromBuiltInRule(RuleSourceFactory.java:32)
	at de.uka.ilkd.key.proof.io.RuleSourceFactory.fromDefaultLocation(RuleSourceFactory.java:21)
	at de.uka.ilkd.key.nparser.builder.IncludeFinder.addInclude(IncludeFinder.java:63)
	at de.uka.ilkd.key.nparser.builder.IncludeFinder.visitOne_include(IncludeFinder.java:43)
	at de.uka.ilkd.key.nparser.builder.IncludeFinder.visitOne_include(IncludeFinder.java:20)
	at de.uka.ilkd.key.nparser.KeYParser$One_includeContext.accept(KeYParser.java:878)
	at de.uka.ilkd.key.nparser.builder.AbstractBuilder.lambda$mapOf$0(AbstractBuilder.java:112)
	at java.base/java.util.stream.ReferencePipeline$3$1.accept(ReferencePipeline.java:195)
	at java.base/java.util.ArrayList$ArrayListSpliterator.forEachRemaining(ArrayList.java:1655)
	at java.base/java.util.stream.AbstractPipeline.copyInto(AbstractPipeline.java:484)
	at java.base/java.util.stream.AbstractPipeline.wrapAndCopyInto(AbstractPipeline.java:474)
	at java.base/java.util.stream.ReduceOps$ReduceOp.evaluateSequential(ReduceOps.java:913)
	at java.base/java.util.stream.AbstractPipeline.evaluate(AbstractPipeline.java:234)
	at java.base/java.util.stream.ReferencePipeline.collect(ReferencePipeline.java:578)
	at de.uka.ilkd.key.nparser.builder.AbstractBuilder.mapOf(AbstractBuilder.java:112)
	at de.uka.ilkd.key.nparser.builder.IncludeFinder.visitOne_include_statement(IncludeFinder.java:35)
	at de.uka.ilkd.key.nparser.builder.IncludeFinder.visitOne_include_statement(IncludeFinder.java:20)
	at de.uka.ilkd.key.nparser.KeYParser$One_include_statementContext.accept(KeYParser.java:802)
	at org.antlr.v4.runtime.tree.AbstractParseTreeVisitor.visitChildren(AbstractParseTreeVisitor.java:46)
	at de.uka.ilkd.key.nparser.KeYParserBaseVisitor.visitDecls(KeYParserBaseVisitor.java:30)
	at de.uka.ilkd.key.nparser.KeYParser$DeclsContext.accept(KeYParser.java:500)
	at org.antlr.v4.runtime.tree.AbstractParseTreeVisitor.visitChildren(AbstractParseTreeVisitor.java:46)
	at de.uka.ilkd.key.nparser.KeYParserBaseVisitor.visitFile(KeYParserBaseVisitor.java:23)
	at de.uka.ilkd.key.nparser.KeYParser$FileContext.accept(KeYParser.java:306)
	at de.uka.ilkd.key.nparser.KeyAst.accept(KeyAst.java:41)
	at de.uka.ilkd.key.nparser.KeyAst$File.getIncludes(KeyAst.java:76)
	at de.uka.ilkd.key.proof.io.KeYFile.readIncludes(KeYFile.java:208)
	... 14 more
Could not find rule file rules/intRulesCheckedSemantics.key (file: /home/runner/work/key/key/key.core/../key.ui/examples/index/.././heap/list/ArrayList_size_dep.key; caused by: de.uka.ilkd.key.proof.init.ProofInputException: Could not find rule file rules/intRulesCheckedSemantics.key)
	at de.uka.ilkd.key.control.AbstractUserInterfaceControl.load(AbstractUserInterfaceControl.java:221)
	at de.uka.ilkd.key.control.KeYEnvironment.load(KeYEnvironment.java:251)
	at de.uka.ilkd.key.control.KeYEnvironment.load(KeYEnvironment.java:224)
	at de.uka.ilkd.key.control.KeYEnvironment.load(KeYEnvironment.java:184)
	at de.uka.ilkd.key.control.KeYEnvironment.load(KeYEnvironment.java:261)
	at de.uka.ilkd.key.proof.runallproofs.proofcollection.TestFile.load(TestFile.java:270)
	at de.uka.ilkd.key.proof.runallproofs.proofcollection.TestFile.runKey(TestFile.java:160)
	at de.uka.ilkd.key.proof.runallproofs.proofcollection.ForkedTestFileRunner.main(ForkedTestFileRunner.java:171)
Caused by: de.uka.ilkd.key.proof.init.ProofInputException: Could not find rule file rules/intRulesCheckedSemantics.key
	at de.uka.ilkd.key.proof.io.KeYFile.readIncludes(KeYFile.java:210)
	at de.uka.ilkd.key.proof.init.ProblemInitializer.readIncludes(ProblemInitializer.java:177)
	at de.uka.ilkd.key.proof.init.ProblemInitializer.readEnvInput(ProblemInitializer.java:325)
	at de.uka.ilkd.key.proof.init.ProblemInitializer.prepare(ProblemInitializer.java:449)
	at de.uka.ilkd.key.proof.io.AbstractProblemLoader.createInitConfig(AbstractProblemLoader.java:518)
	at de.uka.ilkd.key.proof.io.AbstractProblemLoader.loadEnvironment(AbstractProblemLoader.java:288)
	at de.uka.ilkd.key.proof.io.AbstractProblemLoader.load(AbstractProblemLoader.java:252)
	at de.uka.ilkd.key.control.AbstractUserInterfaceControl.load(AbstractUserInterfaceControl.java:209)
	... 7 more
Caused by: java.lang.RuntimeException: Could not find rule file rules/intRulesCheckedSemantics.key
	at de.uka.ilkd.key.proof.io.RuleSourceFactory.fromBuiltInRule(RuleSourceFactory.java:32)
	at de.uka.ilkd.key.proof.io.RuleSourceFactory.fromDefaultLocation(RuleSourceFactory.java:21)
	at de.uka.ilkd.key.nparser.builder.IncludeFinder.addInclude(IncludeFinder.java:63)
	at de.uka.ilkd.key.nparser.builder.IncludeFinder.visitOne_include(IncludeFinder.java:43)
	at de.uka.ilkd.key.nparser.builder.IncludeFinder.visitOne_include(IncludeFinder.java:20)
	at de.uka.ilkd.key.nparser.KeYParser$One_includeContext.accept(KeYParser.java:878)
	at de.uka.ilkd.key.nparser.builder.AbstractBuilder.lambda$mapOf$0(AbstractBuilder.java:112)
	at java.base/java.util.stream.ReferencePipeline$3$1.accept(ReferencePipeline.java:195)
	at java.base/java.util.ArrayList$ArrayListSpliterator.forEachRemaining(ArrayList.java:1655)
	at java.base/java.util.stream.AbstractPipeline.copyInto(AbstractPipeline.java:484)
	at java.base/java.util.stream.AbstractPipeline.wrapAndCopyInto(AbstractPipeline.java:474)
	at java.base/java.util.stream.ReduceOps$ReduceOp.evaluateSequential(ReduceOps.java:913)
	at java.base/java.util.stream.AbstractPipeline.evaluate(AbstractPipeline.java:234)
	at java.base/java.util.stream.ReferencePipeline.collect(ReferencePipeline.java:578)
	at de.uka.ilkd.key.nparser.builder.AbstractBuilder.mapOf(AbstractBuilder.java:112)
	at de.uka.ilkd.key.nparser.builder.IncludeFinder.visitOne_include_statement(IncludeFinder.java:35)
	at de.uka.ilkd.key.nparser.builder.IncludeFinder.visitOne_include_statement(IncludeFinder.java:20)
	at de.uka.ilkd.key.nparser.KeYParser$One_include_statementContext.accept(KeYParser.java:802)
	at org.antlr.v4.runtime.tree.AbstractParseTreeVisitor.visitChildren(AbstractParseTreeVisitor.java:46)
	at de.uka.ilkd.key.nparser.KeYParserBaseVisitor.visitDecls(KeYParserBaseVisitor.java:30)
	at de.uka.ilkd.key.nparser.KeYParser$DeclsContext.accept(KeYParser.java:500)
	at org.antlr.v4.runtime.tree.AbstractParseTreeVisitor.visitChildren(AbstractParseTreeVisitor.java:46)
	at de.uka.ilkd.key.nparser.KeYParserBaseVisitor.visitFile(KeYParserBaseVisitor.java:23)
	at de.uka.ilkd.key.nparser.KeYParser$FileContext.accept(KeYParser.java:306)
	at de.uka.ilkd.key.nparser.KeyAst.accept(KeyAst.java:41)
	at de.uka.ilkd.key.nparser.KeyAst$File.getIncludes(KeyAst.java:76)
	at de.uka.ilkd.key.proof.io.KeYFile.readIncludes(KeYFile.java:208)
	... 14 more
Could not find rule file rules/intRulesCheckedSemantics.key (file: /home/runner/work/key/key/key.core/../key.ui/examples/index/.././heap/list/ArrayList_size.key; caused by: de.uka.ilkd.key.proof.init.ProofInputException: Could not find rule file rules/intRulesCheckedSemantics.key)
	at de.uka.ilkd.key.control.AbstractUserInterfaceControl.load(AbstractUserInterfaceControl.java:221)
	at de.uka.ilkd.key.control.KeYEnvironment.load(KeYEnvironment.java:251)
	at de.uka.ilkd.key.control.KeYEnvironment.load(KeYEnvironment.java:224)
	at de.uka.ilkd.key.control.KeYEnvironment.load(KeYEnvironment.java:184)
	at de.uka.ilkd.key.control.KeYEnvironment.load(KeYEnvironment.java:261)
	at de.uka.ilkd.key.proof.runallproofs.proofcollection.TestFile.load(TestFile.java:270)
	at de.uka.ilkd.key.proof.runallproofs.proofcollection.TestFile.runKey(TestFile.java:160)
	at de.uka.ilkd.key.proof.runallproofs.proofcollection.ForkedTestFileRunner.main(ForkedTestFileRunner.java:171)
Caused by: de.uka.ilkd.key.proof.init.ProofInputException: Could not find rule file rules/intRulesCheckedSemantics.key
	at de.uka.ilkd.key.proof.io.KeYFile.readIncludes(KeYFile.java:210)
	at de.uka.ilkd.key.proof.init.ProblemInitializer.readIncludes(ProblemInitializer.java:177)
	at de.uka.ilkd.key.proof.init.ProblemInitializer.readEnvInput(ProblemInitializer.java:325)
	at de.uka.ilkd.key.proof.init.ProblemInitializer.prepare(ProblemInitializer.java:449)
	at de.uka.ilkd.key.proof.io.AbstractProblemLoader.createInitConfig(AbstractProblemLoader.java:518)
	at de.uka.ilkd.key.proof.io.AbstractProblemLoader.loadEnvironment(AbstractProblemLoader.java:288)
	at de.uka.ilkd.key.proof.io.AbstractProblemLoader.load(AbstractProblemLoader.java:252)
	at de.uka.ilkd.key.control.AbstractUserInterfaceControl.load(AbstractUserInterfaceControl.java:209)
	... 7 more
Caused by: java.lang.RuntimeException: Could not find rule file rules/intRulesCheckedSemantics.key
	at de.uka.ilkd.key.proof.io.RuleSourceFactory.fromBuiltInRule(RuleSourceFactory.java:32)
	at de.uka.ilkd.key.proof.io.RuleSourceFactory.fromDefaultLocation(RuleSourceFactory.java:21)
	at de.uka.ilkd.key.nparser.builder.IncludeFinder.addInclude(IncludeFinder.java:63)
	at de.uka.ilkd.key.nparser.builder.IncludeFinder.visitOne_include(IncludeFinder.java:43)
	at de.uka.ilkd.key.nparser.builder.IncludeFinder.visitOne_include(IncludeFinder.java:20)
	at de.uka.ilkd.key.nparser.KeYParser$One_includeContext.accept(KeYParser.java:878)
	at de.uka.ilkd.key.nparser.builder.AbstractBuilder.lambda$mapOf$0(AbstractBuilder.java:112)
	at java.base/java.util.stream.ReferencePipeline$3$1.accept(ReferencePipeline.java:195)
	at java.base/java.util.ArrayList$ArrayListSpliterator.forEachRemaining(ArrayList.java:1655)
	at java.base/java.util.stream.AbstractPipeline.copyInto(AbstractPipeline.java:484)
	at java.base/java.util.stream.AbstractPipeline.wrapAndCopyInto(AbstractPipeline.java:474)
	at java.base/java.util.stream.ReduceOps$ReduceOp.evaluateSequential(ReduceOps.java:913)
	at java.base/java.util.stream.AbstractPipeline.evaluate(AbstractPipeline.java:234)
	at java.base/java.util.stream.ReferencePipeline.collect(ReferencePipeline.java:578)
	at de.uka.ilkd.key.nparser.builder.AbstractBuilder.mapOf(AbstractBuilder.java:112)
	at de.uka.ilkd.key.nparser.builder.IncludeFinder.visitOne_include_statement(IncludeFinder.java:35)
	at de.uka.ilkd.key.nparser.builder.IncludeFinder.visitOne_include_statement(IncludeFinder.java:20)
	at de.uka.ilkd.key.nparser.KeYParser$One_include_statementContext.accept(KeYParser.java:802)
	at org.antlr.v4.runtime.tree.AbstractParseTreeVisitor.visitChildren(AbstractParseTreeVisitor.java:46)
	at de.uka.ilkd.key.nparser.KeYParserBaseVisitor.visitDecls(KeYParserBaseVisitor.java:30)
	at de.uka.ilkd.key.nparser.KeYParser$DeclsContext.accept(KeYParser.java:500)
	at org.antlr.v4.runtime.tree.AbstractParseTreeVisitor.visitChildren(AbstractParseTreeVisitor.java:46)
	at de.uka.ilkd.key.nparser.KeYParserBaseVisitor.visitFile(KeYParserBaseVisitor.java:23)
	at de.uka.ilkd.key.nparser.KeYParser$FileContext.accept(KeYParser.java:306)
	at de.uka.ilkd.key.nparser.KeyAst.accept(KeyAst.java:41)
	at de.uka.ilkd.key.nparser.KeyAst$File.getIncludes(KeyAst.java:76)
	at de.uka.ilkd.key.proof.io.KeYFile.readIncludes(KeYFile.java:208)
	... 14 more
Could not find rule file rules/intRulesCheckedSemantics.key (file: /home/runner/work/key/key/key.core/../key.ui/examples/index/.././heap/list/ArrayList.ArrayListIterator_ArrayListIterator.key; caused by: de.uka.ilkd.key.proof.init.ProofInputException: Could not find rule file rules/intRulesCheckedSemantics.key)
	at de.uka.ilkd.key.control.AbstractUserInterfaceControl.load(AbstractUserInterfaceControl.java:221)
	at de.uka.ilkd.key.control.KeYEnvironment.load(KeYEnvironment.java:251)
	at de.uka.ilkd.key.control.KeYEnvironment.load(KeYEnvironment.java:224)
	at de.uka.ilkd.key.control.KeYEnvironment.load(KeYEnvironment.java:184)
	at de.uka.ilkd.key.control.KeYEnvironment.load(KeYEnvironment.java:261)
	at de.uka.ilkd.key.proof.runallproofs.proofcollection.TestFile.load(TestFile.java:270)
	at de.uka.ilkd.key.proof.runallproofs.proofcollection.TestFile.runKey(TestFile.java:160)
	at de.uka.ilkd.key.proof.runallproofs.proofcollection.ForkedTestFileRunner.main(ForkedTestFileRunner.java:171)
Caused by: de.uka.ilkd.key.proof.init.ProofInputException: Could not find rule file rules/intRulesCheckedSemantics.key
	at de.uka.ilkd.key.proof.io.KeYFile.readIncludes(KeYFile.java:210)
	at de.uka.ilkd.key.proof.init.ProblemInitializer.readIncludes(ProblemInitializer.java:177)
	at de.uka.ilkd.key.proof.init.ProblemInitializer.readEnvInput(ProblemInitializer.java:325)
	at de.uka.ilkd.key.proof.init.ProblemInitializer.prepare(ProblemInitializer.java:449)
	at de.uka.ilkd.key.proof.io.AbstractProblemLoader.createInitConfig(AbstractProblemLoader.java:518)
	at de.uka.ilkd.key.proof.io.AbstractProblemLoader.loadEnvironment(AbstractProblemLoader.java:288)
	at de.uka.ilkd.key.proof.io.AbstractProblemLoader.load(AbstractProblemLoader.java:252)
	at de.uka.ilkd.key.control.AbstractUserInterfaceControl.load(AbstractUserInterfaceControl.java:209)
	... 7 more
Caused by: java.lang.RuntimeException: Could not find rule file rules/intRulesCheckedSemantics.key
	at de.uka.ilkd.key.proof.io.RuleSourceFactory.fromBuiltInRule(RuleSourceFactory.java:32)
	at de.uka.ilkd.key.proof.io.RuleSourceFactory.fromDefaultLocation(RuleSourceFactory.java:21)
	at de.uka.ilkd.key.nparser.builder.IncludeFinder.addInclude(IncludeFinder.java:63)
	at de.uka.ilkd.key.nparser.builder.IncludeFinder.visitOne_include(IncludeFinder.java:43)
	at de.uka.ilkd.key.nparser.builder.IncludeFinder.visitOne_include(IncludeFinder.java:20)
	at de.uka.ilkd.key.nparser.KeYParser$One_includeContext.accept(KeYParser.java:878)
	at de.uka.ilkd.key.nparser.builder.AbstractBuilder.lambda$mapOf$0(AbstractBuilder.java:112)
	at java.base/java.util.stream.ReferencePipeline$3$1.accept(ReferencePipeline.java:195)
	at java.base/java.util.ArrayList$ArrayListSpliterator.forEachRemaining(ArrayList.java:1655)
	at java.base/java.util.stream.AbstractPipeline.copyInto(AbstractPipeline.java:484)
	at java.base/java.util.stream.AbstractPipeline.wrapAndCopyInto(AbstractPipeline.java:474)
	at java.base/java.util.stream.ReduceOps$ReduceOp.evaluateSequential(ReduceOps.java:913)
	at java.base/java.util.stream.AbstractPipeline.evaluate(AbstractPipeline.java:234)
	at java.base/java.util.stream.ReferencePipeline.collect(ReferencePipeline.java:578)
	at de.uka.ilkd.key.nparser.builder.AbstractBuilder.mapOf(AbstractBuilder.java:112)
	at de.uka.ilkd.key.nparser.builder.IncludeFinder.visitOne_include_statement(IncludeFinder.java:35)
	at de.uka.ilkd.key.nparser.builder.IncludeFinder.visitOne_include_statement(IncludeFinder.java:20)
	at de.uka.ilkd.key.nparser.KeYParser$One_include_statementContext.accept(KeYParser.java:802)
	at org.antlr.v4.runtime.tree.AbstractParseTreeVisitor.visitChildren(AbstractParseTreeVisitor.java:46)
	at de.uka.ilkd.key.nparser.KeYParserBaseVisitor.visitDecls(KeYParserBaseVisitor.java:30)
	at de.uka.ilkd.key.nparser.KeYParser$DeclsContext.accept(KeYParser.java:500)
	at org.antlr.v4.runtime.tree.AbstractParseTreeVisitor.visitChildren(AbstractParseTreeVisitor.java:46)
	at de.uka.ilkd.key.nparser.KeYParserBaseVisitor.visitFile(KeYParserBaseVisitor.java:23)
	at de.uka.ilkd.key.nparser.KeYParser$FileContext.accept(KeYParser.java:306)
	at de.uka.ilkd.key.nparser.KeyAst.accept(KeyAst.java:41)
	at de.uka.ilkd.key.nparser.KeyAst$File.getIncludes(KeyAst.java:76)
	at de.uka.ilkd.key.proof.io.KeYFile.readIncludes(KeYFile.java:208)
	... 14 more
Could not find rule file rules/intRulesCheckedSemantics.key (file: /home/runner/work/key/key/key.core/../key.ui/examples/index/.././heap/list/ArrayList.ArrayListIterator_hasNext_dep.key; caused by: de.uka.ilkd.key.proof.init.ProofInputException: Could not find rule file rules/intRulesCheckedSemantics.key)
	at de.uka.ilkd.key.control.AbstractUserInterfaceControl.load(AbstractUserInterfaceControl.java:221)
	at de.uka.ilkd.key.control.KeYEnvironment.load(KeYEnvironment.java:251)
	at de.uka.ilkd.key.control.KeYEnvironment.load(KeYEnvironment.java:224)
	at de.uka.ilkd.key.control.KeYEnvironment.load(KeYEnvironment.java:184)
	at de.uka.ilkd.key.control.KeYEnvironment.load(KeYEnvironment.java:261)
	at de.uka.ilkd.key.proof.runallproofs.proofcollection.TestFile.load(TestFile.java:270)
	at de.uka.ilkd.key.proof.runallproofs.proofcollection.TestFile.runKey(TestFile.java:160)
	at de.uka.ilkd.key.proof.runallproofs.proofcollection.ForkedTestFileRunner.main(ForkedTestFileRunner.java:171)
Caused by: de.uka.ilkd.key.proof.init.ProofInputException: Could not find rule file rules/intRulesCheckedSemantics.key
	at de.uka.ilkd.key.proof.io.KeYFile.readIncludes(KeYFile.java:210)
	at de.uka.ilkd.key.proof.init.ProblemInitializer.readIncludes(ProblemInitializer.java:177)
	at de.uka.ilkd.key.proof.init.ProblemInitializer.readEnvInput(ProblemInitializer.java:325)
	at de.uka.ilkd.key.proof.init.ProblemInitializer.prepare(ProblemInitializer.java:449)
	at de.uka.ilkd.key.proof.io.AbstractProblemLoader.createInitConfig(AbstractProblemLoader.java:518)
	at de.uka.ilkd.key.proof.io.AbstractProblemLoader.loadEnvironment(AbstractProblemLoader.java:288)
	at de.uka.ilkd.key.proof.io.AbstractProblemLoader.load(AbstractProblemLoader.java:252)
	at de.uka.ilkd.key.control.AbstractUserInterfaceControl.load(AbstractUserInterfaceControl.java:209)
	... 7 more
Caused by: java.lang.RuntimeException: Could not find rule file rules/intRulesCheckedSemantics.key
	at de.uka.ilkd.key.proof.io.RuleSourceFactory.fromBuiltInRule(RuleSourceFactory.java:32)
	at de.uka.ilkd.key.proof.io.RuleSourceFactory.fromDefaultLocation(RuleSourceFactory.java:21)
	at de.uka.ilkd.key.nparser.builder.IncludeFinder.addInclude(IncludeFinder.java:63)
	at de.uka.ilkd.key.nparser.builder.IncludeFinder.visitOne_include(IncludeFinder.java:43)
	at de.uka.ilkd.key.nparser.builder.IncludeFinder.visitOne_include(IncludeFinder.java:20)
	at de.uka.ilkd.key.nparser.KeYParser$One_includeContext.accept(KeYParser.java:878)
	at de.uka.ilkd.key.nparser.builder.AbstractBuilder.lambda$mapOf$0(AbstractBuilder.java:112)
	at java.base/java.util.stream.ReferencePipeline$3$1.accept(ReferencePipeline.java:195)
	at java.base/java.util.ArrayList$ArrayListSpliterator.forEachRemaining(ArrayList.java:1655)
	at java.base/java.util.stream.AbstractPipeline.copyInto(AbstractPipeline.java:484)
	at java.base/java.util.stream.AbstractPipeline.wrapAndCopyInto(AbstractPipeline.java:474)
	at java.base/java.util.stream.ReduceOps$ReduceOp.evaluateSequential(ReduceOps.java:913)
	at java.base/java.util.stream.AbstractPipeline.evaluate(AbstractPipeline.java:234)
	at java.base/java.util.stream.ReferencePipeline.collect(ReferencePipeline.java:578)
	at de.uka.ilkd.key.nparser.builder.AbstractBuilder.mapOf(AbstractBuilder.java:112)
	at de.uka.ilkd.key.nparser.builder.IncludeFinder.visitOne_include_statement(IncludeFinder.java:35)
	at de.uka.ilkd.key.nparser.builder.IncludeFinder.visitOne_include_statement(IncludeFinder.java:20)
	at de.uka.ilkd.key.nparser.KeYParser$One_include_statementContext.accept(KeYParser.java:802)
	at org.antlr.v4.runtime.tree.AbstractParseTreeVisitor.visitChildren(AbstractParseTreeVisitor.java:46)
	at de.uka.ilkd.key.nparser.KeYParserBaseVisitor.visitDecls(KeYParserBaseVisitor.java:30)
	at de.uka.ilkd.key.nparser.KeYParser$DeclsContext.accept(KeYParser.java:500)
	at org.antlr.v4.runtime.tree.AbstractParseTreeVisitor.visitChildren(AbstractParseTreeVisitor.java:46)
	at de.uka.ilkd.key.nparser.KeYParserBaseVisitor.visitFile(KeYParserBaseVisitor.java:23)
	at de.uka.ilkd.key.nparser.KeYParser$FileContext.accept(KeYParser.java:306)
	at de.uka.ilkd.key.nparser.KeyAst.accept(KeyAst.java:41)
	at de.uka.ilkd.key.nparser.KeyAst$File.getIncludes(KeyAst.java:76)
	at de.uka.ilkd.key.proof.io.KeYFile.readIncludes(KeYFile.java:208)
	... 14 more
Could not find rule file rules/intRulesCheckedSemantics.key (file: /home/runner/work/key/key/key.core/../key.ui/examples/index/.././heap/list/ArrayList.ArrayListIterator_hasNext.key; caused by: de.uka.ilkd.key.proof.init.ProofInputException: Could not find rule file rules/intRulesCheckedSemantics.key)
	at de.uka.ilkd.key.control.AbstractUserInterfaceControl.load(AbstractUserInterfaceControl.java:221)
	at de.uka.ilkd.key.control.KeYEnvironment.load(KeYEnvironment.java:251)
	at de.uka.ilkd.key.control.KeYEnvironment.load(KeYEnvironment.java:224)
	at de.uka.ilkd.key.control.KeYEnvironment.load(KeYEnvironment.java:184)
	at de.uka.ilkd.key.control.KeYEnvironment.load(KeYEnvironment.java:261)
	at de.uka.ilkd.key.proof.runallproofs.proofcollection.TestFile.load(TestFile.java:270)
	at de.uka.ilkd.key.proof.runallproofs.proofcollection.TestFile.runKey(TestFile.java:160)
	at de.uka.ilkd.key.proof.runallproofs.proofcollection.ForkedTestFileRunner.main(ForkedTestFileRunner.java:171)
Caused by: de.uka.ilkd.key.proof.init.ProofInputException: Could not find rule file rules/intRulesCheckedSemantics.key
	at de.uka.ilkd.key.proof.io.KeYFile.readIncludes(KeYFile.java:210)
	at de.uka.ilkd.key.proof.init.ProblemInitializer.readIncludes(ProblemInitializer.java:177)
	at de.uka.ilkd.key.proof.init.ProblemInitializer.readEnvInput(ProblemInitializer.java:325)
	at de.uka.ilkd.key.proof.init.ProblemInitializer.prepare(ProblemInitializer.java:449)
	at de.uka.ilkd.key.proof.io.AbstractProblemLoader.createInitConfig(AbstractProblemLoader.java:518)
	at de.uka.ilkd.key.proof.io.AbstractProblemLoader.loadEnvironment(AbstractProblemLoader.java:288)
	at de.uka.ilkd.key.proof.io.AbstractProblemLoader.load(AbstractProblemLoader.java:252)
	at de.uka.ilkd.key.control.AbstractUserInterfaceControl.load(AbstractUserInterfaceControl.java:209)
	... 7 more
Caused by: java.lang.RuntimeException: Could not find rule file rules/intRulesCheckedSemantics.key
	at de.uka.ilkd.key.proof.io.RuleSourceFactory.fromBuiltInRule(RuleSourceFactory.java:32)
	at de.uka.ilkd.key.proof.io.RuleSourceFactory.fromDefaultLocation(RuleSourceFactory.java:21)
	at de.uka.ilkd.key.nparser.builder.IncludeFinder.addInclude(IncludeFinder.java:63)
	at de.uka.ilkd.key.nparser.builder.IncludeFinder.visitOne_include(IncludeFinder.java:43)
	at de.uka.ilkd.key.nparser.builder.IncludeFinder.visitOne_include(IncludeFinder.java:20)
	at de.uka.ilkd.key.nparser.KeYParser$One_includeContext.accept(KeYParser.java:878)
	at de.uka.ilkd.key.nparser.builder.AbstractBuilder.lambda$mapOf$0(AbstractBuilder.java:112)
	at java.base/java.util.stream.ReferencePipeline$3$1.accept(ReferencePipeline.java:195)
	at java.base/java.util.ArrayList$ArrayListSpliterator.forEachRemaining(ArrayList.java:1655)
	at java.base/java.util.stream.AbstractPipeline.copyInto(AbstractPipeline.java:484)
	at java.base/java.util.stream.AbstractPipeline.wrapAndCopyInto(AbstractPipeline.java:474)
	at java.base/java.util.stream.ReduceOps$ReduceOp.evaluateSequential(ReduceOps.java:913)
	at java.base/java.util.stream.AbstractPipeline.evaluate(AbstractPipeline.java:234)
	at java.base/java.util.stream.ReferencePipeline.collect(ReferencePipeline.java:578)
	at de.uka.ilkd.key.nparser.builder.AbstractBuilder.mapOf(AbstractBuilder.java:112)
	at de.uka.ilkd.key.nparser.builder.IncludeFinder.visitOne_include_statement(IncludeFinder.java:35)
	at de.uka.ilkd.key.nparser.builder.IncludeFinder.visitOne_include_statement(IncludeFinder.java:20)
	at de.uka.ilkd.key.nparser.KeYParser$One_include_statementContext.accept(KeYParser.java:802)
	at org.antlr.v4.runtime.tree.AbstractParseTreeVisitor.visitChildren(AbstractParseTreeVisitor.java:46)
	at de.uka.ilkd.key.nparser.KeYParserBaseVisitor.visitDecls(KeYParserBaseVisitor.java:30)
	at de.uka.ilkd.key.nparser.KeYParser$DeclsContext.accept(KeYParser.java:500)
	at org.antlr.v4.runtime.tree.AbstractParseTreeVisitor.visitChildren(AbstractParseTreeVisitor.java:46)
	at de.uka.ilkd.key.nparser.KeYParserBaseVisitor.visitFile(KeYParserBaseVisitor.java:23)
	at de.uka.ilkd.key.nparser.KeYParser$FileContext.accept(KeYParser.java:306)
	at de.uka.ilkd.key.nparser.KeyAst.accept(KeyAst.java:41)
	at de.uka.ilkd.key.nparser.KeyAst$File.getIncludes(KeyAst.java:76)
	at de.uka.ilkd.key.proof.io.KeYFile.readIncludes(KeYFile.java:208)
	... 14 more
Could not find rule file rules/intRulesCheckedSemantics.key (file: /home/runner/work/key/key/key.core/../key.ui/examples/index/.././heap/list/ArrayList.ArrayListIterator_inv.key; caused by: de.uka.ilkd.key.proof.init.ProofInputException: Could not find rule file rules/intRulesCheckedSemantics.key)
	at de.uka.ilkd.key.control.AbstractUserInterfaceControl.load(AbstractUserInterfaceControl.java:221)
	at de.uka.ilkd.key.control.KeYEnvironment.load(KeYEnvironment.java:251)
	at de.uka.ilkd.key.control.KeYEnvironment.load(KeYEnvironment.java:224)
	at de.uka.ilkd.key.control.KeYEnvironment.load(KeYEnvironment.java:184)
	at de.uka.ilkd.key.control.KeYEnvironment.load(KeYEnvironment.java:261)
	at de.uka.ilkd.key.proof.runallproofs.proofcollection.TestFile.load(TestFile.java:270)
	at de.uka.ilkd.key.proof.runallproofs.proofcollection.TestFile.runKey(TestFile.java:160)
	at de.uka.ilkd.key.proof.runallproofs.proofcollection.ForkedTestFileRunner.main(ForkedTestFileRunner.java:171)
Caused by: de.uka.ilkd.key.proof.init.ProofInputException: Could not find rule file rules/intRulesCheckedSemantics.key
	at de.uka.ilkd.key.proof.io.KeYFile.readIncludes(KeYFile.java:210)
	at de.uka.ilkd.key.proof.init.ProblemInitializer.readIncludes(ProblemInitializer.java:177)
	at de.uka.ilkd.key.proof.init.ProblemInitializer.readEnvInput(ProblemInitializer.java:325)
	at de.uka.ilkd.key.proof.init.ProblemInitializer.prepare(ProblemInitializer.java:449)
	at de.uka.ilkd.key.proof.io.AbstractProblemLoader.createInitConfig(AbstractProblemLoader.java:518)
	at de.uka.ilkd.key.proof.io.AbstractProblemLoader.loadEnvironment(AbstractProblemLoader.java:288)
	at de.uka.ilkd.key.proof.io.AbstractProblemLoader.load(AbstractProblemLoader.java:252)
	at de.uka.ilkd.key.control.AbstractUserInterfaceControl.load(AbstractUserInterfaceControl.java:209)
	... 7 more
Caused by: java.lang.RuntimeException: Could not find rule file rules/intRulesCheckedSemantics.key
	at de.uka.ilkd.key.proof.io.RuleSourceFactory.fromBuiltInRule(RuleSourceFactory.java:32)
	at de.uka.ilkd.key.proof.io.RuleSourceFactory.fromDefaultLocation(RuleSourceFactory.java:21)
	at de.uka.ilkd.key.nparser.builder.IncludeFinder.addInclude(IncludeFinder.java:63)
	at de.uka.ilkd.key.nparser.builder.IncludeFinder.visitOne_include(IncludeFinder.java:43)
	at de.uka.ilkd.key.nparser.builder.IncludeFinder.visitOne_include(IncludeFinder.java:20)
	at de.uka.ilkd.key.nparser.KeYParser$One_includeContext.accept(KeYParser.java:878)
	at de.uka.ilkd.key.nparser.builder.AbstractBuilder.lambda$mapOf$0(AbstractBuilder.java:112)
	at java.base/java.util.stream.ReferencePipeline$3$1.accept(ReferencePipeline.java:195)
	at java.base/java.util.ArrayList$ArrayListSpliterator.forEachRemaining(ArrayList.java:1655)
	at java.base/java.util.stream.AbstractPipeline.copyInto(AbstractPipeline.java:484)
	at java.base/java.util.stream.AbstractPipeline.wrapAndCopyInto(AbstractPipeline.java:474)
	at java.base/java.util.stream.ReduceOps$ReduceOp.evaluateSequential(ReduceOps.java:913)
	at java.base/java.util.stream.AbstractPipeline.evaluate(AbstractPipeline.java:234)
	at java.base/java.util.stream.ReferencePipeline.collect(ReferencePipeline.java:578)
	at de.uka.ilkd.key.nparser.builder.AbstractBuilder.mapOf(AbstractBuilder.java:112)
	at de.uka.ilkd.key.nparser.builder.IncludeFinder.visitOne_include_statement(IncludeFinder.java:35)
	at de.uka.ilkd.key.nparser.builder.IncludeFinder.visitOne_include_statement(IncludeFinder.java:20)
	at de.uka.ilkd.key.nparser.KeYParser$One_include_statementContext.accept(KeYParser.java:802)
	at org.antlr.v4.runtime.tree.AbstractParseTreeVisitor.visitChildren(AbstractParseTreeVisitor.java:46)
	at de.uka.ilkd.key.nparser.KeYParserBaseVisitor.visitDecls(KeYParserBaseVisitor.java:30)
	at de.uka.ilkd.key.nparser.KeYParser$DeclsContext.accept(KeYParser.java:500)
	at org.antlr.v4.runtime.tree.AbstractParseTreeVisitor.visitChildren(AbstractParseTreeVisitor.java:46)
	at de.uka.ilkd.key.nparser.KeYParserBaseVisitor.visitFile(KeYParserBaseVisitor.java:23)
	at de.uka.ilkd.key.nparser.KeYParser$FileContext.accept(KeYParser.java:306)
	at de.uka.ilkd.key.nparser.KeyAst.accept(KeyAst.java:41)
	at de.uka.ilkd.key.nparser.KeyAst$File.getIncludes(KeyAst.java:76)
	at de.uka.ilkd.key.proof.io.KeYFile.readIncludes(KeYFile.java:208)
	... 14 more
Could not find rule file rules/intRulesCheckedSemantics.key (file: /home/runner/work/key/key/key.core/../key.ui/examples/index/.././heap/list/ArrayList.ArrayListIterator_list.key; caused by: de.uka.ilkd.key.proof.init.ProofInputException: Could not find rule file rules/intRulesCheckedSemantics.key)
	at de.uka.ilkd.key.control.AbstractUserInterfaceControl.load(AbstractUserInterfaceControl.java:221)
	at de.uka.ilkd.key.control.KeYEnvironment.load(KeYEnvironment.java:251)
	at de.uka.ilkd.key.control.KeYEnvironment.load(KeYEnvironment.java:224)
	at de.uka.ilkd.key.control.KeYEnvironment.load(KeYEnvironment.java:184)
	at de.uka.ilkd.key.control.KeYEnvironment.load(KeYEnvironment.java:261)
	at de.uka.ilkd.key.proof.runallproofs.proofcollection.TestFile.load(TestFile.java:270)
	at de.uka.ilkd.key.proof.runallproofs.proofcollection.TestFile.runKey(TestFile.java:160)
	at de.uka.ilkd.key.proof.runallproofs.proofcollection.ForkedTestFileRunner.main(ForkedTestFileRunner.java:171)
Caused by: de.uka.ilkd.key.proof.init.ProofInputException: Could not find rule file rules/intRulesCheckedSemantics.key
	at de.uka.ilkd.key.proof.io.KeYFile.readIncludes(KeYFile.java:210)
	at de.uka.ilkd.key.proof.init.ProblemInitializer.readIncludes(ProblemInitializer.java:177)
	at de.uka.ilkd.key.proof.init.ProblemInitializer.readEnvInput(ProblemInitializer.java:325)
	at de.uka.ilkd.key.proof.init.ProblemInitializer.prepare(ProblemInitializer.java:449)
	at de.uka.ilkd.key.proof.io.AbstractProblemLoader.createInitConfig(AbstractProblemLoader.java:518)
	at de.uka.ilkd.key.proof.io.AbstractProblemLoader.loadEnvironment(AbstractProblemLoader.java:288)
	at de.uka.ilkd.key.proof.io.AbstractProblemLoader.load(AbstractProblemLoader.java:252)
	at de.uka.ilkd.key.control.AbstractUserInterfaceControl.load(AbstractUserInterfaceControl.java:209)
	... 7 more
Caused by: java.lang.RuntimeException: Could not find rule file rules/intRulesCheckedSemantics.key
	at de.uka.ilkd.key.proof.io.RuleSourceFactory.fromBuiltInRule(RuleSourceFactory.java:32)
	at de.uka.ilkd.key.proof.io.RuleSourceFactory.fromDefaultLocation(RuleSourceFactory.java:21)
	at de.uka.ilkd.key.nparser.builder.IncludeFinder.addInclude(IncludeFinder.java:63)
	at de.uka.ilkd.key.nparser.builder.IncludeFinder.visitOne_include(IncludeFinder.java:43)
	at de.uka.ilkd.key.nparser.builder.IncludeFinder.visitOne_include(IncludeFinder.java:20)
	at de.uka.ilkd.key.nparser.KeYParser$One_includeContext.accept(KeYParser.java:878)
	at de.uka.ilkd.key.nparser.builder.AbstractBuilder.lambda$mapOf$0(AbstractBuilder.java:112)
	at java.base/java.util.stream.ReferencePipeline$3$1.accept(ReferencePipeline.java:195)
	at java.base/java.util.ArrayList$ArrayListSpliterator.forEachRemaining(ArrayList.java:1655)
	at java.base/java.util.stream.AbstractPipeline.copyInto(AbstractPipeline.java:484)
	at java.base/java.util.stream.AbstractPipeline.wrapAndCopyInto(AbstractPipeline.java:474)
	at java.base/java.util.stream.ReduceOps$ReduceOp.evaluateSequential(ReduceOps.java:913)
	at java.base/java.util.stream.AbstractPipeline.evaluate(AbstractPipeline.java:234)
	at java.base/java.util.stream.ReferencePipeline.collect(ReferencePipeline.java:578)
	at de.uka.ilkd.key.nparser.builder.AbstractBuilder.mapOf(AbstractBuilder.java:112)
	at de.uka.ilkd.key.nparser.builder.IncludeFinder.visitOne_include_statement(IncludeFinder.java:35)
	at de.uka.ilkd.key.nparser.builder.IncludeFinder.visitOne_include_statement(IncludeFinder.java:20)
	at de.uka.ilkd.key.nparser.KeYParser$One_include_statementContext.accept(KeYParser.java:802)
	at org.antlr.v4.runtime.tree.AbstractParseTreeVisitor.visitChildren(AbstractParseTreeVisitor.java:46)
	at de.uka.ilkd.key.nparser.KeYParserBaseVisitor.visitDecls(KeYParserBaseVisitor.java:30)
	at de.uka.ilkd.key.nparser.KeYParser$DeclsContext.accept(KeYParser.java:500)
	at org.antlr.v4.runtime.tree.AbstractParseTreeVisitor.visitChildren(AbstractParseTreeVisitor.java:46)
	at de.uka.ilkd.key.nparser.KeYParserBaseVisitor.visitFile(KeYParserBaseVisitor.java:23)
	at de.uka.ilkd.key.nparser.KeYParser$FileContext.accept(KeYParser.java:306)
	at de.uka.ilkd.key.nparser.KeyAst.accept(KeyAst.java:41)
	at de.uka.ilkd.key.nparser.KeyAst$File.getIncludes(KeyAst.java:76)
	at de.uka.ilkd.key.proof.io.KeYFile.readIncludes(KeYFile.java:208)
	... 14 more
Could not find rule file rules/intRulesCheckedSemantics.key (file: /home/runner/work/key/key/key.core/../key.ui/examples/index/.././heap/list/ArrayList.ArrayListIterator_next_exceptional.key; caused by: de.uka.ilkd.key.proof.init.ProofInputException: Could not find rule file rules/intRulesCheckedSemantics.key)
	at de.uka.ilkd.key.control.AbstractUserInterfaceControl.load(AbstractUserInterfaceControl.java:221)
	at de.uka.ilkd.key.control.KeYEnvironment.load(KeYEnvironment.java:251)
	at de.uka.ilkd.key.control.KeYEnvironment.load(KeYEnvironment.java:224)
	at de.uka.ilkd.key.control.KeYEnvironment.load(KeYEnvironment.java:184)
	at de.uka.ilkd.key.control.KeYEnvironment.load(KeYEnvironment.java:261)
	at de.uka.ilkd.key.proof.runallproofs.proofcollection.TestFile.load(TestFile.java:270)
	at de.uka.ilkd.key.proof.runallproofs.proofcollection.TestFile.runKey(TestFile.java:160)
	at de.uka.ilkd.key.proof.runallproofs.proofcollection.ForkedTestFileRunner.main(ForkedTestFileRunner.java:171)
Caused by: de.uka.ilkd.key.proof.init.ProofInputException: Could not find rule file rules/intRulesCheckedSemantics.key
	at de.uka.ilkd.key.proof.io.KeYFile.readIncludes(KeYFile.java:210)
	at de.uka.ilkd.key.proof.init.ProblemInitializer.readIncludes(ProblemInitializer.java:177)
	at de.uka.ilkd.key.proof.init.ProblemInitializer.readEnvInput(ProblemInitializer.java:325)
	at de.uka.ilkd.key.proof.init.ProblemInitializer.prepare(ProblemInitializer.java:449)
	at de.uka.ilkd.key.proof.io.AbstractProblemLoader.createInitConfig(AbstractProblemLoader.java:518)
	at de.uka.ilkd.key.proof.io.AbstractProblemLoader.loadEnvironment(AbstractProblemLoader.java:288)
	at de.uka.ilkd.key.proof.io.AbstractProblemLoader.load(AbstractProblemLoader.java:252)
	at de.uka.ilkd.key.control.AbstractUserInterfaceControl.load(AbstractUserInterfaceControl.java:209)
	... 7 more
Caused by: java.lang.RuntimeException: Could not find rule file rules/intRulesCheckedSemantics.key
	at de.uka.ilkd.key.proof.io.RuleSourceFactory.fromBuiltInRule(RuleSourceFactory.java:32)
	at de.uka.ilkd.key.proof.io.RuleSourceFactory.fromDefaultLocation(RuleSourceFactory.java:21)
	at de.uka.ilkd.key.nparser.builder.IncludeFinder.addInclude(IncludeFinder.java:63)
	at de.uka.ilkd.key.nparser.builder.IncludeFinder.visitOne_include(IncludeFinder.java:43)
	at de.uka.ilkd.key.nparser.builder.IncludeFinder.visitOne_include(IncludeFinder.java:20)
	at de.uka.ilkd.key.nparser.KeYParser$One_includeContext.accept(KeYParser.java:878)
	at de.uka.ilkd.key.nparser.builder.AbstractBuilder.lambda$mapOf$0(AbstractBuilder.java:112)
	at java.base/java.util.stream.ReferencePipeline$3$1.accept(ReferencePipeline.java:195)
	at java.base/java.util.ArrayList$ArrayListSpliterator.forEachRemaining(ArrayList.java:1655)
	at java.base/java.util.stream.AbstractPipeline.copyInto(AbstractPipeline.java:484)
	at java.base/java.util.stream.AbstractPipeline.wrapAndCopyInto(AbstractPipeline.java:474)
	at java.base/java.util.stream.ReduceOps$ReduceOp.evaluateSequential(ReduceOps.java:913)
	at java.base/java.util.stream.AbstractPipeline.evaluate(AbstractPipeline.java:234)
	at java.base/java.util.stream.ReferencePipeline.collect(ReferencePipeline.java:578)
	at de.uka.ilkd.key.nparser.builder.AbstractBuilder.mapOf(AbstractBuilder.java:112)
	at de.uka.ilkd.key.nparser.builder.IncludeFinder.visitOne_include_statement(IncludeFinder.java:35)
	at de.uka.ilkd.key.nparser.builder.IncludeFinder.visitOne_include_statement(IncludeFinder.java:20)
	at de.uka.ilkd.key.nparser.KeYParser$One_include_statementContext.accept(KeYParser.java:802)
	at org.antlr.v4.runtime.tree.AbstractParseTreeVisitor.visitChildren(AbstractParseTreeVisitor.java:46)
	at de.uka.ilkd.key.nparser.KeYParserBaseVisitor.visitDecls(KeYParserBaseVisitor.java:30)
	at de.uka.ilkd.key.nparser.KeYParser$DeclsContext.accept(KeYParser.java:500)
	at org.antlr.v4.runtime.tree.AbstractParseTreeVisitor.visitChildren(AbstractParseTreeVisitor.java:46)
	at de.uka.ilkd.key.nparser.KeYParserBaseVisitor.visitFile(KeYParserBaseVisitor.java:23)
	at de.uka.ilkd.key.nparser.KeYParser$FileContext.accept(KeYParser.java:306)
	at de.uka.ilkd.key.nparser.KeyAst.accept(KeyAst.java:41)
	at de.uka.ilkd.key.nparser.KeyAst$File.getIncludes(KeyAst.java:76)
	at de.uka.ilkd.key.proof.io.KeYFile.readIncludes(KeYFile.java:208)
	... 14 more
Could not find rule file rules/intRulesCheckedSemantics.key (file: /home/runner/work/key/key/key.core/../key.ui/examples/index/.././heap/list/ArrayList.ArrayListIterator_next_normal.key; caused by: de.uka.ilkd.key.proof.init.ProofInputException: Could not find rule file rules/intRulesCheckedSemantics.key)
	at de.uka.ilkd.key.control.AbstractUserInterfaceControl.load(AbstractUserInterfaceControl.java:221)
	at de.uka.ilkd.key.control.KeYEnvironment.load(KeYEnvironment.java:251)
	at de.uka.ilkd.key.control.KeYEnvironment.load(KeYEnvironment.java:224)
	at de.uka.ilkd.key.control.KeYEnvironment.load(KeYEnvironment.java:184)
	at de.uka.ilkd.key.control.KeYEnvironment.load(KeYEnvironment.java:261)
	at de.uka.ilkd.key.proof.runallproofs.proofcollection.TestFile.load(TestFile.java:270)
	at de.uka.ilkd.key.proof.runallproofs.proofcollection.TestFile.runKey(TestFile.java:160)
	at de.uka.ilkd.key.proof.runallproofs.proofcollection.ForkedTestFileRunner.main(ForkedTestFileRunner.java:171)
Caused by: de.uka.ilkd.key.proof.init.ProofInputException: Could not find rule file rules/intRulesCheckedSemantics.key
	at de.uka.ilkd.key.proof.io.KeYFile.readIncludes(KeYFile.java:210)
	at de.uka.ilkd.key.proof.init.ProblemInitializer.readIncludes(ProblemInitializer.java:177)
	at de.uka.ilkd.key.proof.init.ProblemInitializer.readEnvInput(ProblemInitializer.java:325)
	at de.uka.ilkd.key.proof.init.ProblemInitializer.prepare(ProblemInitializer.java:449)
	at de.uka.ilkd.key.proof.io.AbstractProblemLoader.createInitConfig(AbstractProblemLoader.java:518)
	at de.uka.ilkd.key.proof.io.AbstractProblemLoader.loadEnvironment(AbstractProblemLoader.java:288)
	at de.uka.ilkd.key.proof.io.AbstractProblemLoader.load(AbstractProblemLoader.java:252)
	at de.uka.ilkd.key.control.AbstractUserInterfaceControl.load(AbstractUserInterfaceControl.java:209)
	... 7 more
Caused by: java.lang.RuntimeException: Could not find rule file rules/intRulesCheckedSemantics.key
	at de.uka.ilkd.key.proof.io.RuleSourceFactory.fromBuiltInRule(RuleSourceFactory.java:32)
	at de.uka.ilkd.key.proof.io.RuleSourceFactory.fromDefaultLocation(RuleSourceFactory.java:21)
	at de.uka.ilkd.key.nparser.builder.IncludeFinder.addInclude(IncludeFinder.java:63)
	at de.uka.ilkd.key.nparser.builder.IncludeFinder.visitOne_include(IncludeFinder.java:43)
	at de.uka.ilkd.key.nparser.builder.IncludeFinder.visitOne_include(IncludeFinder.java:20)
	at de.uka.ilkd.key.nparser.KeYParser$One_includeContext.accept(KeYParser.java:878)
	at de.uka.ilkd.key.nparser.builder.AbstractBuilder.lambda$mapOf$0(AbstractBuilder.java:112)
	at java.base/java.util.stream.ReferencePipeline$3$1.accept(ReferencePipeline.java:195)
	at java.base/java.util.ArrayList$ArrayListSpliterator.forEachRemaining(ArrayList.java:1655)
	at java.base/java.util.stream.AbstractPipeline.copyInto(AbstractPipeline.java:484)
	at java.base/java.util.stream.AbstractPipeline.wrapAndCopyInto(AbstractPipeline.java:474)
	at java.base/java.util.stream.ReduceOps$ReduceOp.evaluateSequential(ReduceOps.java:913)
	at java.base/java.util.stream.AbstractPipeline.evaluate(AbstractPipeline.java:234)
	at java.base/java.util.stream.ReferencePipeline.collect(ReferencePipeline.java:578)
	at de.uka.ilkd.key.nparser.builder.AbstractBuilder.mapOf(AbstractBuilder.java:112)
	at de.uka.ilkd.key.nparser.builder.IncludeFinder.visitOne_include_statement(IncludeFinder.java:35)
	at de.uka.ilkd.key.nparser.builder.IncludeFinder.visitOne_include_statement(IncludeFinder.java:20)
	at de.uka.ilkd.key.nparser.KeYParser$One_include_statementContext.accept(KeYParser.java:802)
	at org.antlr.v4.runtime.tree.AbstractParseTreeVisitor.visitChildren(AbstractParseTreeVisitor.java:46)
	at de.uka.ilkd.key.nparser.KeYParserBaseVisitor.visitDecls(KeYParserBaseVisitor.java:30)
	at de.uka.ilkd.key.nparser.KeYParser$DeclsContext.accept(KeYParser.java:500)
	at org.antlr.v4.runtime.tree.AbstractParseTreeVisitor.visitChildren(AbstractParseTreeVisitor.java:46)
	at de.uka.ilkd.key.nparser.KeYParserBaseVisitor.visitFile(KeYParserBaseVisitor.java:23)
	at de.uka.ilkd.key.nparser.KeYParser$FileContext.accept(KeYParser.java:306)
	at de.uka.ilkd.key.nparser.KeyAst.accept(KeyAst.java:41)
	at de.uka.ilkd.key.nparser.KeyAst$File.getIncludes(KeyAst.java:76)
	at de.uka.ilkd.key.proof.io.KeYFile.readIncludes(KeYFile.java:208)
	... 14 more
Could not find rule file rules/intRulesCheckedSemantics.key (file: /home/runner/work/key/key/key.core/../key.ui/examples/index/.././heap/list/ArrayList.ArrayListIterator_pos.key; caused by: de.uka.ilkd.key.proof.init.ProofInputException: Could not find rule file rules/intRulesCheckedSemantics.key)
	at de.uka.ilkd.key.control.AbstractUserInterfaceControl.load(AbstractUserInterfaceControl.java:221)
	at de.uka.ilkd.key.control.KeYEnvironment.load(KeYEnvironment.java:251)
	at de.uka.ilkd.key.control.KeYEnvironment.load(KeYEnvironment.java:224)
	at de.uka.ilkd.key.control.KeYEnvironment.load(KeYEnvironment.java:184)
	at de.uka.ilkd.key.control.KeYEnvironment.load(KeYEnvironment.java:261)
	at de.uka.ilkd.key.proof.runallproofs.proofcollection.TestFile.load(TestFile.java:270)
	at de.uka.ilkd.key.proof.runallproofs.proofcollection.TestFile.runKey(TestFile.java:160)
	at de.uka.ilkd.key.proof.runallproofs.proofcollection.ForkedTestFileRunner.main(ForkedTestFileRunner.java:171)
Caused by: de.uka.ilkd.key.proof.init.ProofInputException: Could not find rule file rules/intRulesCheckedSemantics.key
	at de.uka.ilkd.key.proof.io.KeYFile.readIncludes(KeYFile.java:210)
	at de.uka.ilkd.key.proof.init.ProblemInitializer.readIncludes(ProblemInitializer.java:177)
	at de.uka.ilkd.key.proof.init.ProblemInitializer.readEnvInput(ProblemInitializer.java:325)
	at de.uka.ilkd.key.proof.init.ProblemInitializer.prepare(ProblemInitializer.java:449)
	at de.uka.ilkd.key.proof.io.AbstractProblemLoader.createInitConfig(AbstractProblemLoader.java:518)
	at de.uka.ilkd.key.proof.io.AbstractProblemLoader.loadEnvironment(AbstractProblemLoader.java:288)
	at de.uka.ilkd.key.proof.io.AbstractProblemLoader.load(AbstractProblemLoader.java:252)
	at de.uka.ilkd.key.control.AbstractUserInterfaceControl.load(AbstractUserInterfaceControl.java:209)
	... 7 more
Caused by: java.lang.RuntimeException: Could not find rule file rules/intRulesCheckedSemantics.key
	at de.uka.ilkd.key.proof.io.RuleSourceFactory.fromBuiltInRule(RuleSourceFactory.java:32)
	at de.uka.ilkd.key.proof.io.RuleSourceFactory.fromDefaultLocation(RuleSourceFactory.java:21)
	at de.uka.ilkd.key.nparser.builder.IncludeFinder.addInclude(IncludeFinder.java:63)
	at de.uka.ilkd.key.nparser.builder.IncludeFinder.visitOne_include(IncludeFinder.java:43)
	at de.uka.ilkd.key.nparser.builder.IncludeFinder.visitOne_include(IncludeFinder.java:20)
	at de.uka.ilkd.key.nparser.KeYParser$One_includeContext.accept(KeYParser.java:878)
	at de.uka.ilkd.key.nparser.builder.AbstractBuilder.lambda$mapOf$0(AbstractBuilder.java:112)
	at java.base/java.util.stream.ReferencePipeline$3$1.accept(ReferencePipeline.java:195)
	at java.base/java.util.ArrayList$ArrayListSpliterator.forEachRemaining(ArrayList.java:1655)
	at java.base/java.util.stream.AbstractPipeline.copyInto(AbstractPipeline.java:484)
	at java.base/java.util.stream.AbstractPipeline.wrapAndCopyInto(AbstractPipeline.java:474)
	at java.base/java.util.stream.ReduceOps$ReduceOp.evaluateSequential(ReduceOps.java:913)
	at java.base/java.util.stream.AbstractPipeline.evaluate(AbstractPipeline.java:234)
	at java.base/java.util.stream.ReferencePipeline.collect(ReferencePipeline.java:578)
	at de.uka.ilkd.key.nparser.builder.AbstractBuilder.mapOf(AbstractBuilder.java:112)
	at de.uka.ilkd.key.nparser.builder.IncludeFinder.visitOne_include_statement(IncludeFinder.java:35)
	at de.uka.ilkd.key.nparser.builder.IncludeFinder.visitOne_include_statement(IncludeFinder.java:20)
	at de.uka.ilkd.key.nparser.KeYParser$One_include_statementContext.accept(KeYParser.java:802)
	at org.antlr.v4.runtime.tree.AbstractParseTreeVisitor.visitChildren(AbstractParseTreeVisitor.java:46)
	at de.uka.ilkd.key.nparser.KeYParserBaseVisitor.visitDecls(KeYParserBaseVisitor.java:30)
	at de.uka.ilkd.key.nparser.KeYParser$DeclsContext.accept(KeYParser.java:500)
	at org.antlr.v4.runtime.tree.AbstractParseTreeVisitor.visitChildren(AbstractParseTreeVisitor.java:46)
	at de.uka.ilkd.key.nparser.KeYParserBaseVisitor.visitFile(KeYParserBaseVisitor.java:23)
	at de.uka.ilkd.key.nparser.KeYParser$FileContext.accept(KeYParser.java:306)
	at de.uka.ilkd.key.nparser.KeyAst.accept(KeyAst.java:41)
	at de.uka.ilkd.key.nparser.KeyAst$File.getIncludes(KeyAst.java:76)
	at de.uka.ilkd.key.proof.io.KeYFile.readIncludes(KeYFile.java:208)
	... 14 more
Could not find rule file rules/intRulesCheckedSemantics.key (file: /home/runner/work/key/key/key.core/../key.ui/examples/index/.././heap/list/Client_m.key; caused by: de.uka.ilkd.key.proof.init.ProofInputException: Could not find rule file rules/intRulesCheckedSemantics.key)
	at de.uka.ilkd.key.control.AbstractUserInterfaceControl.load(AbstractUserInterfaceControl.java:221)
	at de.uka.ilkd.key.control.KeYEnvironment.load(KeYEnvironment.java:251)
	at de.uka.ilkd.key.control.KeYEnvironment.load(KeYEnvironment.java:224)
	at de.uka.ilkd.key.control.KeYEnvironment.load(KeYEnvironment.java:184)
	at de.uka.ilkd.key.control.KeYEnvironment.load(KeYEnvironment.java:261)
	at de.uka.ilkd.key.proof.runallproofs.proofcollection.TestFile.load(TestFile.java:270)
	at de.uka.ilkd.key.proof.runallproofs.proofcollection.TestFile.runKey(TestFile.java:160)
	at de.uka.ilkd.key.proof.runallproofs.proofcollection.ForkedTestFileRunner.main(ForkedTestFileRunner.java:171)
Caused by: de.uka.ilkd.key.proof.init.ProofInputException: Could not find rule file rules/intRulesCheckedSemantics.key
	at de.uka.ilkd.key.proof.io.KeYFile.readIncludes(KeYFile.java:210)
	at de.uka.ilkd.key.proof.init.ProblemInitializer.readIncludes(ProblemInitializer.java:177)
	at de.uka.ilkd.key.proof.init.ProblemInitializer.readEnvInput(ProblemInitializer.java:325)
	at de.uka.ilkd.key.proof.init.ProblemInitializer.prepare(ProblemInitializer.java:449)
	at de.uka.ilkd.key.proof.io.AbstractProblemLoader.createInitConfig(AbstractProblemLoader.java:518)
	at de.uka.ilkd.key.proof.io.AbstractProblemLoader.loadEnvironment(AbstractProblemLoader.java:288)
	at de.uka.ilkd.key.proof.io.AbstractProblemLoader.load(AbstractProblemLoader.java:252)
	at de.uka.ilkd.key.control.AbstractUserInterfaceControl.load(AbstractUserInterfaceControl.java:209)
	... 7 more
Caused by: java.lang.RuntimeException: Could not find rule file rules/intRulesCheckedSemantics.key
	at de.uka.ilkd.key.proof.io.RuleSourceFactory.fromBuiltInRule(RuleSourceFactory.java:32)
	at de.uka.ilkd.key.proof.io.RuleSourceFactory.fromDefaultLocation(RuleSourceFactory.java:21)
	at de.uka.ilkd.key.nparser.builder.IncludeFinder.addInclude(IncludeFinder.java:63)
	at de.uka.ilkd.key.nparser.builder.IncludeFinder.visitOne_include(IncludeFinder.java:43)
	at de.uka.ilkd.key.nparser.builder.IncludeFinder.visitOne_include(IncludeFinder.java:20)
	at de.uka.ilkd.key.nparser.KeYParser$One_includeContext.accept(KeYParser.java:878)
	at de.uka.ilkd.key.nparser.builder.AbstractBuilder.lambda$mapOf$0(AbstractBuilder.java:112)
	at java.base/java.util.stream.ReferencePipeline$3$1.accept(ReferencePipeline.java:195)
	at java.base/java.util.ArrayList$ArrayListSpliterator.forEachRemaining(ArrayList.java:1655)
	at java.base/java.util.stream.AbstractPipeline.copyInto(AbstractPipeline.java:484)
	at java.base/java.util.stream.AbstractPipeline.wrapAndCopyInto(AbstractPipeline.java:474)
	at java.base/java.util.stream.ReduceOps$ReduceOp.evaluateSequential(ReduceOps.java:913)
	at java.base/java.util.stream.AbstractPipeline.evaluate(AbstractPipeline.java:234)
	at java.base/java.util.stream.ReferencePipeline.collect(ReferencePipeline.java:578)
	at de.uka.ilkd.key.nparser.builder.AbstractBuilder.mapOf(AbstractBuilder.java:112)
	at de.uka.ilkd.key.nparser.builder.IncludeFinder.visitOne_include_statement(IncludeFinder.java:35)
	at de.uka.ilkd.key.nparser.builder.IncludeFinder.visitOne_include_statement(IncludeFinder.java:20)
	at de.uka.ilkd.key.nparser.KeYParser$One_include_statementContext.accept(KeYParser.java:802)
	at org.antlr.v4.runtime.tree.AbstractParseTreeVisitor.visitChildren(AbstractParseTreeVisitor.java:46)
	at de.uka.ilkd.key.nparser.KeYParserBaseVisitor.visitDecls(KeYParserBaseVisitor.java:30)
	at de.uka.ilkd.key.nparser.KeYParser$DeclsContext.accept(KeYParser.java:500)
	at org.antlr.v4.runtime.tree.AbstractParseTreeVisitor.visitChildren(AbstractParseTreeVisitor.java:46)
	at de.uka.ilkd.key.nparser.KeYParserBaseVisitor.visitFile(KeYParserBaseVisitor.java:23)
	at de.uka.ilkd.key.nparser.KeYParser$FileContext.accept(KeYParser.java:306)
	at de.uka.ilkd.key.nparser.KeyAst.accept(KeyAst.java:41)
	at de.uka.ilkd.key.nparser.KeyAst$File.getIncludes(KeyAst.java:76)
	at de.uka.ilkd.key.proof.io.KeYFile.readIncludes(KeYFile.java:208)
	... 14 more
Could not find rule file rules/intRulesCheckedSemantics.key (file: /home/runner/work/key/key/key.core/../key.ui/examples/index/.././heap/list/Client_n.key; caused by: de.uka.ilkd.key.proof.init.ProofInputException: Could not find rule file rules/intRulesCheckedSemantics.key)
	at de.uka.ilkd.key.control.AbstractUserInterfaceControl.load(AbstractUserInterfaceControl.java:221)
	at de.uka.ilkd.key.control.KeYEnvironment.load(KeYEnvironment.java:251)
	at de.uka.ilkd.key.control.KeYEnvironment.load(KeYEnvironment.java:224)
	at de.uka.ilkd.key.control.KeYEnvironment.load(KeYEnvironment.java:184)
	at de.uka.ilkd.key.control.KeYEnvironment.load(KeYEnvironment.java:261)
	at de.uka.ilkd.key.proof.runallproofs.proofcollection.TestFile.load(TestFile.java:270)
	at de.uka.ilkd.key.proof.runallproofs.proofcollection.TestFile.runKey(TestFile.java:160)
	at de.uka.ilkd.key.proof.runallproofs.proofcollection.ForkedTestFileRunner.main(ForkedTestFileRunner.java:171)
Caused by: de.uka.ilkd.key.proof.init.ProofInputException: Could not find rule file rules/intRulesCheckedSemantics.key
	at de.uka.ilkd.key.proof.io.KeYFile.readIncludes(KeYFile.java:210)
	at de.uka.ilkd.key.proof.init.ProblemInitializer.readIncludes(ProblemInitializer.java:177)
	at de.uka.ilkd.key.proof.init.ProblemInitializer.readEnvInput(ProblemInitializer.java:325)
	at de.uka.ilkd.key.proof.init.ProblemInitializer.prepare(ProblemInitializer.java:449)
	at de.uka.ilkd.key.proof.io.AbstractProblemLoader.createInitConfig(AbstractProblemLoader.java:518)
	at de.uka.ilkd.key.proof.io.AbstractProblemLoader.loadEnvironment(AbstractProblemLoader.java:288)
	at de.uka.ilkd.key.proof.io.AbstractProblemLoader.load(AbstractProblemLoader.java:252)
	at de.uka.ilkd.key.control.AbstractUserInterfaceControl.load(AbstractUserInterfaceControl.java:209)
	... 7 more
Caused by: java.lang.RuntimeException: Could not find rule file rules/intRulesCheckedSemantics.key
	at de.uka.ilkd.key.proof.io.RuleSourceFactory.fromBuiltInRule(RuleSourceFactory.java:32)
	at de.uka.ilkd.key.proof.io.RuleSourceFactory.fromDefaultLocation(RuleSourceFactory.java:21)
	at de.uka.ilkd.key.nparser.builder.IncludeFinder.addInclude(IncludeFinder.java:63)
	at de.uka.ilkd.key.nparser.builder.IncludeFinder.visitOne_include(IncludeFinder.java:43)
	at de.uka.ilkd.key.nparser.builder.IncludeFinder.visitOne_include(IncludeFinder.java:20)
	at de.uka.ilkd.key.nparser.KeYParser$One_includeContext.accept(KeYParser.java:878)
	at de.uka.ilkd.key.nparser.builder.AbstractBuilder.lambda$mapOf$0(AbstractBuilder.java:112)
	at java.base/java.util.stream.ReferencePipeline$3$1.accept(ReferencePipeline.java:195)
	at java.base/java.util.ArrayList$ArrayListSpliterator.forEachRemaining(ArrayList.java:1655)
	at java.base/java.util.stream.AbstractPipeline.copyInto(AbstractPipeline.java:484)
	at java.base/java.util.stream.AbstractPipeline.wrapAndCopyInto(AbstractPipeline.java:474)
	at java.base/java.util.stream.ReduceOps$ReduceOp.evaluateSequential(ReduceOps.java:913)
	at java.base/java.util.stream.AbstractPipeline.evaluate(AbstractPipeline.java:234)
	at java.base/java.util.stream.ReferencePipeline.collect(ReferencePipeline.java:578)
	at de.uka.ilkd.key.nparser.builder.AbstractBuilder.mapOf(AbstractBuilder.java:112)
	at de.uka.ilkd.key.nparser.builder.IncludeFinder.visitOne_include_statement(IncludeFinder.java:35)
	at de.uka.ilkd.key.nparser.builder.IncludeFinder.visitOne_include_statement(IncludeFinder.java:20)
	at de.uka.ilkd.key.nparser.KeYParser$One_include_statementContext.accept(KeYParser.java:802)
	at org.antlr.v4.runtime.tree.AbstractParseTreeVisitor.visitChildren(AbstractParseTreeVisitor.java:46)
	at de.uka.ilkd.key.nparser.KeYParserBaseVisitor.visitDecls(KeYParserBaseVisitor.java:30)
	at de.uka.ilkd.key.nparser.KeYParser$DeclsContext.accept(KeYParser.java:500)
	at org.antlr.v4.runtime.tree.AbstractParseTreeVisitor.visitChildren(AbstractParseTreeVisitor.java:46)
	at de.uka.ilkd.key.nparser.KeYParserBaseVisitor.visitFile(KeYParserBaseVisitor.java:23)
	at de.uka.ilkd.key.nparser.KeYParser$FileContext.accept(KeYParser.java:306)
	at de.uka.ilkd.key.nparser.KeyAst.accept(KeyAst.java:41)
	at de.uka.ilkd.key.nparser.KeyAst$File.getIncludes(KeyAst.java:76)
	at de.uka.ilkd.key.proof.io.KeYFile.readIncludes(KeYFile.java:208)
	... 14 more
Could not find rule file rules/intRulesCheckedSemantics.key (file: /home/runner/work/key/key/key.core/../key.ui/examples/index/.././heap/list/LinkedList_get_exceptional.key; caused by: de.uka.ilkd.key.proof.init.ProofInputException: Could not find rule file rules/intRulesCheckedSemantics.key)
	at de.uka.ilkd.key.control.AbstractUserInterfaceControl.load(AbstractUserInterfaceControl.java:221)
	at de.uka.ilkd.key.control.KeYEnvironment.load(KeYEnvironment.java:251)
	at de.uka.ilkd.key.control.KeYEnvironment.load(KeYEnvironment.java:224)
	at de.uka.ilkd.key.control.KeYEnvironment.load(KeYEnvironment.java:184)
	at de.uka.ilkd.key.control.KeYEnvironment.load(KeYEnvironment.java:261)
	at de.uka.ilkd.key.proof.runallproofs.proofcollection.TestFile.load(TestFile.java:270)
	at de.uka.ilkd.key.proof.runallproofs.proofcollection.TestFile.runKey(TestFile.java:160)
	at de.uka.ilkd.key.proof.runallproofs.proofcollection.ForkedTestFileRunner.main(ForkedTestFileRunner.java:171)
Caused by: de.uka.ilkd.key.proof.init.ProofInputException: Could not find rule file rules/intRulesCheckedSemantics.key
	at de.uka.ilkd.key.proof.io.KeYFile.readIncludes(KeYFile.java:210)
	at de.uka.ilkd.key.proof.init.ProblemInitializer.readIncludes(ProblemInitializer.java:177)
	at de.uka.ilkd.key.proof.init.ProblemInitializer.readEnvInput(ProblemInitializer.java:325)
	at de.uka.ilkd.key.proof.init.ProblemInitializer.prepare(ProblemInitializer.java:449)
	at de.uka.ilkd.key.proof.io.AbstractProblemLoader.createInitConfig(AbstractProblemLoader.java:518)
	at de.uka.ilkd.key.proof.io.AbstractProblemLoader.loadEnvironment(AbstractProblemLoader.java:288)
	at de.uka.ilkd.key.proof.io.AbstractProblemLoader.load(AbstractProblemLoader.java:252)
	at de.uka.ilkd.key.control.AbstractUserInterfaceControl.load(AbstractUserInterfaceControl.java:209)
	... 7 more
Caused by: java.lang.RuntimeException: Could not find rule file rules/intRulesCheckedSemantics.key
	at de.uka.ilkd.key.proof.io.RuleSourceFactory.fromBuiltInRule(RuleSourceFactory.java:32)
	at de.uka.ilkd.key.proof.io.RuleSourceFactory.fromDefaultLocation(RuleSourceFactory.java:21)
	at de.uka.ilkd.key.nparser.builder.IncludeFinder.addInclude(IncludeFinder.java:63)
	at de.uka.ilkd.key.nparser.builder.IncludeFinder.visitOne_include(IncludeFinder.java:43)
	at de.uka.ilkd.key.nparser.builder.IncludeFinder.visitOne_include(IncludeFinder.java:20)
	at de.uka.ilkd.key.nparser.KeYParser$One_includeContext.accept(KeYParser.java:878)
	at de.uka.ilkd.key.nparser.builder.AbstractBuilder.lambda$mapOf$0(AbstractBuilder.java:112)
	at java.base/java.util.stream.ReferencePipeline$3$1.accept(ReferencePipeline.java:195)
	at java.base/java.util.ArrayList$ArrayListSpliterator.forEachRemaining(ArrayList.java:1655)
	at java.base/java.util.stream.AbstractPipeline.copyInto(AbstractPipeline.java:484)
	at java.base/java.util.stream.AbstractPipeline.wrapAndCopyInto(AbstractPipeline.java:474)
	at java.base/java.util.stream.ReduceOps$ReduceOp.evaluateSequential(ReduceOps.java:913)
	at java.base/java.util.stream.AbstractPipeline.evaluate(AbstractPipeline.java:234)
	at java.base/java.util.stream.ReferencePipeline.collect(ReferencePipeline.java:578)
	at de.uka.ilkd.key.nparser.builder.AbstractBuilder.mapOf(AbstractBuilder.java:112)
	at de.uka.ilkd.key.nparser.builder.IncludeFinder.visitOne_include_statement(IncludeFinder.java:35)
	at de.uka.ilkd.key.nparser.builder.IncludeFinder.visitOne_include_statement(IncludeFinder.java:20)
	at de.uka.ilkd.key.nparser.KeYParser$One_include_statementContext.accept(KeYParser.java:802)
	at org.antlr.v4.runtime.tree.AbstractParseTreeVisitor.visitChildren(AbstractParseTreeVisitor.java:46)
	at de.uka.ilkd.key.nparser.KeYParserBaseVisitor.visitDecls(KeYParserBaseVisitor.java:30)
	at de.uka.ilkd.key.nparser.KeYParser$DeclsContext.accept(KeYParser.java:500)
	at org.antlr.v4.runtime.tree.AbstractParseTreeVisitor.visitChildren(AbstractParseTreeVisitor.java:46)
	at de.uka.ilkd.key.nparser.KeYParserBaseVisitor.visitFile(KeYParserBaseVisitor.java:23)
	at de.uka.ilkd.key.nparser.KeYParser$FileContext.accept(KeYParser.java:306)
	at de.uka.ilkd.key.nparser.KeyAst.accept(KeyAst.java:41)
	at de.uka.ilkd.key.nparser.KeyAst$File.getIncludes(KeyAst.java:76)
	at de.uka.ilkd.key.proof.io.KeYFile.readIncludes(KeYFile.java:208)
	... 14 more
Could not find rule file rules/intRulesCheckedSemantics.key (file: /home/runner/work/key/key/key.core/../key.ui/examples/index/.././heap/list/LinkedList_get_normal.key; caused by: de.uka.ilkd.key.proof.init.ProofInputException: Could not find rule file rules/intRulesCheckedSemantics.key)
	at de.uka.ilkd.key.control.AbstractUserInterfaceControl.load(AbstractUserInterfaceControl.java:221)
	at de.uka.ilkd.key.control.KeYEnvironment.load(KeYEnvironment.java:251)
	at de.uka.ilkd.key.control.KeYEnvironment.load(KeYEnvironment.java:224)
	at de.uka.ilkd.key.control.KeYEnvironment.load(KeYEnvironment.java:184)
	at de.uka.ilkd.key.control.KeYEnvironment.load(KeYEnvironment.java:261)
	at de.uka.ilkd.key.proof.runallproofs.proofcollection.TestFile.load(TestFile.java:270)
	at de.uka.ilkd.key.proof.runallproofs.proofcollection.TestFile.runKey(TestFile.java:160)
	at de.uka.ilkd.key.proof.runallproofs.proofcollection.ForkedTestFileRunner.main(ForkedTestFileRunner.java:171)
Caused by: de.uka.ilkd.key.proof.init.ProofInputException: Could not find rule file rules/intRulesCheckedSemantics.key
	at de.uka.ilkd.key.proof.io.KeYFile.readIncludes(KeYFile.java:210)
	at de.uka.ilkd.key.proof.init.ProblemInitializer.readIncludes(ProblemInitializer.java:177)
	at de.uka.ilkd.key.proof.init.ProblemInitializer.readEnvInput(ProblemInitializer.java:325)
	at de.uka.ilkd.key.proof.init.ProblemInitializer.prepare(ProblemInitializer.java:449)
	at de.uka.ilkd.key.proof.io.AbstractProblemLoader.createInitConfig(AbstractProblemLoader.java:518)
	at de.uka.ilkd.key.proof.io.AbstractProblemLoader.loadEnvironment(AbstractProblemLoader.java:288)
	at de.uka.ilkd.key.proof.io.AbstractProblemLoader.load(AbstractProblemLoader.java:252)
	at de.uka.ilkd.key.control.AbstractUserInterfaceControl.load(AbstractUserInterfaceControl.java:209)
	... 7 more
Caused by: java.lang.RuntimeException: Could not find rule file rules/intRulesCheckedSemantics.key
	at de.uka.ilkd.key.proof.io.RuleSourceFactory.fromBuiltInRule(RuleSourceFactory.java:32)
	at de.uka.ilkd.key.proof.io.RuleSourceFactory.fromDefaultLocation(RuleSourceFactory.java:21)
	at de.uka.ilkd.key.nparser.builder.IncludeFinder.addInclude(IncludeFinder.java:63)
	at de.uka.ilkd.key.nparser.builder.IncludeFinder.visitOne_include(IncludeFinder.java:43)
	at de.uka.ilkd.key.nparser.builder.IncludeFinder.visitOne_include(IncludeFinder.java:20)
	at de.uka.ilkd.key.nparser.KeYParser$One_includeContext.accept(KeYParser.java:878)
	at de.uka.ilkd.key.nparser.builder.AbstractBuilder.lambda$mapOf$0(AbstractBuilder.java:112)
	at java.base/java.util.stream.ReferencePipeline$3$1.accept(ReferencePipeline.java:195)
	at java.base/java.util.ArrayList$ArrayListSpliterator.forEachRemaining(ArrayList.java:1655)
	at java.base/java.util.stream.AbstractPipeline.copyInto(AbstractPipeline.java:484)
	at java.base/java.util.stream.AbstractPipeline.wrapAndCopyInto(AbstractPipeline.java:474)
	at java.base/java.util.stream.ReduceOps$ReduceOp.evaluateSequential(ReduceOps.java:913)
	at java.base/java.util.stream.AbstractPipeline.evaluate(AbstractPipeline.java:234)
	at java.base/java.util.stream.ReferencePipeline.collect(ReferencePipeline.java:578)
	at de.uka.ilkd.key.nparser.builder.AbstractBuilder.mapOf(AbstractBuilder.java:112)
	at de.uka.ilkd.key.nparser.builder.IncludeFinder.visitOne_include_statement(IncludeFinder.java:35)
	at de.uka.ilkd.key.nparser.builder.IncludeFinder.visitOne_include_statement(IncludeFinder.java:20)
	at de.uka.ilkd.key.nparser.KeYParser$One_include_statementContext.accept(KeYParser.java:802)
	at org.antlr.v4.runtime.tree.AbstractParseTreeVisitor.visitChildren(AbstractParseTreeVisitor.java:46)
	at de.uka.ilkd.key.nparser.KeYParserBaseVisitor.visitDecls(KeYParserBaseVisitor.java:30)
	at de.uka.ilkd.key.nparser.KeYParser$DeclsContext.accept(KeYParser.java:500)
	at org.antlr.v4.runtime.tree.AbstractParseTreeVisitor.visitChildren(AbstractParseTreeVisitor.java:46)
	at de.uka.ilkd.key.nparser.KeYParserBaseVisitor.visitFile(KeYParserBaseVisitor.java:23)
	at de.uka.ilkd.key.nparser.KeYParser$FileContext.accept(KeYParser.java:306)
	at de.uka.ilkd.key.nparser.KeyAst.accept(KeyAst.java:41)
	at de.uka.ilkd.key.nparser.KeyAst$File.getIncludes(KeyAst.java:76)
	at de.uka.ilkd.key.proof.io.KeYFile.readIncludes(KeYFile.java:208)
	... 14 more
Could not find rule file rules/intRulesCheckedSemantics.key (file: /home/runner/work/key/key/key.core/../key.ui/examples/index/.././heap/list/LinkedList_LinkedList.key; caused by: de.uka.ilkd.key.proof.init.ProofInputException: Could not find rule file rules/intRulesCheckedSemantics.key)
	at de.uka.ilkd.key.control.AbstractUserInterfaceControl.load(AbstractUserInterfaceControl.java:221)
	at de.uka.ilkd.key.control.KeYEnvironment.load(KeYEnvironment.java:251)
	at de.uka.ilkd.key.control.KeYEnvironment.load(KeYEnvironment.java:224)
	at de.uka.ilkd.key.control.KeYEnvironment.load(KeYEnvironment.java:184)
	at de.uka.ilkd.key.control.KeYEnvironment.load(KeYEnvironment.java:261)
	at de.uka.ilkd.key.proof.runallproofs.proofcollection.TestFile.load(TestFile.java:270)
	at de.uka.ilkd.key.proof.runallproofs.proofcollection.TestFile.runKey(TestFile.java:160)
	at de.uka.ilkd.key.proof.runallproofs.proofcollection.ForkedTestFileRunner.main(ForkedTestFileRunner.java:171)
Caused by: de.uka.ilkd.key.proof.init.ProofInputException: Could not find rule file rules/intRulesCheckedSemantics.key
	at de.uka.ilkd.key.proof.io.KeYFile.readIncludes(KeYFile.java:210)
	at de.uka.ilkd.key.proof.init.ProblemInitializer.readIncludes(ProblemInitializer.java:177)
	at de.uka.ilkd.key.proof.init.ProblemInitializer.readEnvInput(ProblemInitializer.java:325)
	at de.uka.ilkd.key.proof.init.ProblemInitializer.prepare(ProblemInitializer.java:449)
	at de.uka.ilkd.key.proof.io.AbstractProblemLoader.createInitConfig(AbstractProblemLoader.java:518)
	at de.uka.ilkd.key.proof.io.AbstractProblemLoader.loadEnvironment(AbstractProblemLoader.java:288)
	at de.uka.ilkd.key.proof.io.AbstractProblemLoader.load(AbstractProblemLoader.java:252)
	at de.uka.ilkd.key.control.AbstractUserInterfaceControl.load(AbstractUserInterfaceControl.java:209)
	... 7 more
Caused by: java.lang.RuntimeException: Could not find rule file rules/intRulesCheckedSemantics.key
	at de.uka.ilkd.key.proof.io.RuleSourceFactory.fromBuiltInRule(RuleSourceFactory.java:32)
	at de.uka.ilkd.key.proof.io.RuleSourceFactory.fromDefaultLocation(RuleSourceFactory.java:21)
	at de.uka.ilkd.key.nparser.builder.IncludeFinder.addInclude(IncludeFinder.java:63)
	at de.uka.ilkd.key.nparser.builder.IncludeFinder.visitOne_include(IncludeFinder.java:43)
	at de.uka.ilkd.key.nparser.builder.IncludeFinder.visitOne_include(IncludeFinder.java:20)
	at de.uka.ilkd.key.nparser.KeYParser$One_includeContext.accept(KeYParser.java:878)
	at de.uka.ilkd.key.nparser.builder.AbstractBuilder.lambda$mapOf$0(AbstractBuilder.java:112)
	at java.base/java.util.stream.ReferencePipeline$3$1.accept(ReferencePipeline.java:195)
	at java.base/java.util.ArrayList$ArrayListSpliterator.forEachRemaining(ArrayList.java:1655)
	at java.base/java.util.stream.AbstractPipeline.copyInto(AbstractPipeline.java:484)
	at java.base/java.util.stream.AbstractPipeline.wrapAndCopyInto(AbstractPipeline.java:474)
	at java.base/java.util.stream.ReduceOps$ReduceOp.evaluateSequential(ReduceOps.java:913)
	at java.base/java.util.stream.AbstractPipeline.evaluate(AbstractPipeline.java:234)
	at java.base/java.util.stream.ReferencePipeline.collect(ReferencePipeline.java:578)
	at de.uka.ilkd.key.nparser.builder.AbstractBuilder.mapOf(AbstractBuilder.java:112)
	at de.uka.ilkd.key.nparser.builder.IncludeFinder.visitOne_include_statement(IncludeFinder.java:35)
	at de.uka.ilkd.key.nparser.builder.IncludeFinder.visitOne_include_statement(IncludeFinder.java:20)
	at de.uka.ilkd.key.nparser.KeYParser$One_include_statementContext.accept(KeYParser.java:802)
	at org.antlr.v4.runtime.tree.AbstractParseTreeVisitor.visitChildren(AbstractParseTreeVisitor.java:46)
	at de.uka.ilkd.key.nparser.KeYParserBaseVisitor.visitDecls(KeYParserBaseVisitor.java:30)
	at de.uka.ilkd.key.nparser.KeYParser$DeclsContext.accept(KeYParser.java:500)
	at org.antlr.v4.runtime.tree.AbstractParseTreeVisitor.visitChildren(AbstractParseTreeVisitor.java:46)
	at de.uka.ilkd.key.nparser.KeYParserBaseVisitor.visitFile(KeYParserBaseVisitor.java:23)
	at de.uka.ilkd.key.nparser.KeYParser$FileContext.accept(KeYParser.java:306)
	at de.uka.ilkd.key.nparser.KeyAst.accept(KeyAst.java:41)
	at de.uka.ilkd.key.nparser.KeyAst$File.getIncludes(KeyAst.java:76)
	at de.uka.ilkd.key.proof.io.KeYFile.readIncludes(KeYFile.java:208)
	... 14 more
Could not find rule file rules/intRulesCheckedSemantics.key (file: /home/runner/work/key/key/key.core/../key.ui/examples/index/.././heap/list/LinkedList_size_dep.key; caused by: de.uka.ilkd.key.proof.init.ProofInputException: Could not find rule file rules/intRulesCheckedSemantics.key)
	at de.uka.ilkd.key.control.AbstractUserInterfaceControl.load(AbstractUserInterfaceControl.java:221)
	at de.uka.ilkd.key.control.KeYEnvironment.load(KeYEnvironment.java:251)
	at de.uka.ilkd.key.control.KeYEnvironment.load(KeYEnvironment.java:224)
	at de.uka.ilkd.key.control.KeYEnvironment.load(KeYEnvironment.java:184)
	at de.uka.ilkd.key.control.KeYEnvironment.load(KeYEnvironment.java:261)
	at de.uka.ilkd.key.proof.runallproofs.proofcollection.TestFile.load(TestFile.java:270)
	at de.uka.ilkd.key.proof.runallproofs.proofcollection.TestFile.runKey(TestFile.java:160)
	at de.uka.ilkd.key.proof.runallproofs.proofcollection.ForkedTestFileRunner.main(ForkedTestFileRunner.java:171)
Caused by: de.uka.ilkd.key.proof.init.ProofInputException: Could not find rule file rules/intRulesCheckedSemantics.key
	at de.uka.ilkd.key.proof.io.KeYFile.readIncludes(KeYFile.java:210)
	at de.uka.ilkd.key.proof.init.ProblemInitializer.readIncludes(ProblemInitializer.java:177)
	at de.uka.ilkd.key.proof.init.ProblemInitializer.readEnvInput(ProblemInitializer.java:325)
	at de.uka.ilkd.key.proof.init.ProblemInitializer.prepare(ProblemInitializer.java:449)
	at de.uka.ilkd.key.proof.io.AbstractProblemLoader.createInitConfig(AbstractProblemLoader.java:518)
	at de.uka.ilkd.key.proof.io.AbstractProblemLoader.loadEnvironment(AbstractProblemLoader.java:288)
	at de.uka.ilkd.key.proof.io.AbstractProblemLoader.load(AbstractProblemLoader.java:252)
	at de.uka.ilkd.key.control.AbstractUserInterfaceControl.load(AbstractUserInterfaceControl.java:209)
	... 7 more
Caused by: java.lang.RuntimeException: Could not find rule file rules/intRulesCheckedSemantics.key
	at de.uka.ilkd.key.proof.io.RuleSourceFactory.fromBuiltInRule(RuleSourceFactory.java:32)
	at de.uka.ilkd.key.proof.io.RuleSourceFactory.fromDefaultLocation(RuleSourceFactory.java:21)
	at de.uka.ilkd.key.nparser.builder.IncludeFinder.addInclude(IncludeFinder.java:63)
	at de.uka.ilkd.key.nparser.builder.IncludeFinder.visitOne_include(IncludeFinder.java:43)
	at de.uka.ilkd.key.nparser.builder.IncludeFinder.visitOne_include(IncludeFinder.java:20)
	at de.uka.ilkd.key.nparser.KeYParser$One_includeContext.accept(KeYParser.java:878)
	at de.uka.ilkd.key.nparser.builder.AbstractBuilder.lambda$mapOf$0(AbstractBuilder.java:112)
	at java.base/java.util.stream.ReferencePipeline$3$1.accept(ReferencePipeline.java:195)
	at java.base/java.util.ArrayList$ArrayListSpliterator.forEachRemaining(ArrayList.java:1655)
	at java.base/java.util.stream.AbstractPipeline.copyInto(AbstractPipeline.java:484)
	at java.base/java.util.stream.AbstractPipeline.wrapAndCopyInto(AbstractPipeline.java:474)
	at java.base/java.util.stream.ReduceOps$ReduceOp.evaluateSequential(ReduceOps.java:913)
	at java.base/java.util.stream.AbstractPipeline.evaluate(AbstractPipeline.java:234)
	at java.base/java.util.stream.ReferencePipeline.collect(ReferencePipeline.java:578)
	at de.uka.ilkd.key.nparser.builder.AbstractBuilder.mapOf(AbstractBuilder.java:112)
	at de.uka.ilkd.key.nparser.builder.IncludeFinder.visitOne_include_statement(IncludeFinder.java:35)
	at de.uka.ilkd.key.nparser.builder.IncludeFinder.visitOne_include_statement(IncludeFinder.java:20)
	at de.uka.ilkd.key.nparser.KeYParser$One_include_statementContext.accept(KeYParser.java:802)
	at org.antlr.v4.runtime.tree.AbstractParseTreeVisitor.visitChildren(AbstractParseTreeVisitor.java:46)
	at de.uka.ilkd.key.nparser.KeYParserBaseVisitor.visitDecls(KeYParserBaseVisitor.java:30)
	at de.uka.ilkd.key.nparser.KeYParser$DeclsContext.accept(KeYParser.java:500)
	at org.antlr.v4.runtime.tree.AbstractParseTreeVisitor.visitChildren(AbstractParseTreeVisitor.java:46)
	at de.uka.ilkd.key.nparser.KeYParserBaseVisitor.visitFile(KeYParserBaseVisitor.java:23)
	at de.uka.ilkd.key.nparser.KeYParser$FileContext.accept(KeYParser.java:306)
	at de.uka.ilkd.key.nparser.KeyAst.accept(KeyAst.java:41)
	at de.uka.ilkd.key.nparser.KeyAst$File.getIncludes(KeyAst.java:76)
	at de.uka.ilkd.key.proof.io.KeYFile.readIncludes(KeYFile.java:208)
	... 14 more
Could not find rule file rules/intRulesCheckedSemantics.key (file: /home/runner/work/key/key/key.core/../key.ui/examples/index/.././heap/list/LinkedList_size.key; caused by: de.uka.ilkd.key.proof.init.ProofInputException: Could not find rule file rules/intRulesCheckedSemantics.key)
	at de.uka.ilkd.key.control.AbstractUserInterfaceControl.load(AbstractUserInterfaceControl.java:221)
	at de.uka.ilkd.key.control.KeYEnvironment.load(KeYEnvironment.java:251)
	at de.uka.ilkd.key.control.KeYEnvironment.load(KeYEnvironment.java:224)
	at de.uka.ilkd.key.control.KeYEnvironment.load(KeYEnvironment.java:184)
	at de.uka.ilkd.key.control.KeYEnvironment.load(KeYEnvironment.java:261)
	at de.uka.ilkd.key.proof.runallproofs.proofcollection.TestFile.load(TestFile.java:270)
	at de.uka.ilkd.key.proof.runallproofs.proofcollection.TestFile.runKey(TestFile.java:160)
	at de.uka.ilkd.key.proof.runallproofs.proofcollection.ForkedTestFileRunner.main(ForkedTestFileRunner.java:171)
Caused by: de.uka.ilkd.key.proof.init.ProofInputException: Could not find rule file rules/intRulesCheckedSemantics.key
	at de.uka.ilkd.key.proof.io.KeYFile.readIncludes(KeYFile.java:210)
	at de.uka.ilkd.key.proof.init.ProblemInitializer.readIncludes(ProblemInitializer.java:177)
	at de.uka.ilkd.key.proof.init.ProblemInitializer.readEnvInput(ProblemInitializer.java:325)
	at de.uka.ilkd.key.proof.init.ProblemInitializer.prepare(ProblemInitializer.java:449)
	at de.uka.ilkd.key.proof.io.AbstractProblemLoader.createInitConfig(AbstractProblemLoader.java:518)
	at de.uka.ilkd.key.proof.io.AbstractProblemLoader.loadEnvironment(AbstractProblemLoader.java:288)
	at de.uka.ilkd.key.proof.io.AbstractProblemLoader.load(AbstractProblemLoader.java:252)
	at de.uka.ilkd.key.control.AbstractUserInterfaceControl.load(AbstractUserInterfaceControl.java:209)
	... 7 more
Caused by: java.lang.RuntimeException: Could not find rule file rules/intRulesCheckedSemantics.key
	at de.uka.ilkd.key.proof.io.RuleSourceFactory.fromBuiltInRule(RuleSourceFactory.java:32)
	at de.uka.ilkd.key.proof.io.RuleSourceFactory.fromDefaultLocation(RuleSourceFactory.java:21)
	at de.uka.ilkd.key.nparser.builder.IncludeFinder.addInclude(IncludeFinder.java:63)
	at de.uka.ilkd.key.nparser.builder.IncludeFinder.visitOne_include(IncludeFinder.java:43)
	at de.uka.ilkd.key.nparser.builder.IncludeFinder.visitOne_include(IncludeFinder.java:20)
	at de.uka.ilkd.key.nparser.KeYParser$One_includeContext.accept(KeYParser.java:878)
	at de.uka.ilkd.key.nparser.builder.AbstractBuilder.lambda$mapOf$0(AbstractBuilder.java:112)
	at java.base/java.util.stream.ReferencePipeline$3$1.accept(ReferencePipeline.java:195)
	at java.base/java.util.ArrayList$ArrayListSpliterator.forEachRemaining(ArrayList.java:1655)
	at java.base/java.util.stream.AbstractPipeline.copyInto(AbstractPipeline.java:484)
	at java.base/java.util.stream.AbstractPipeline.wrapAndCopyInto(AbstractPipeline.java:474)
	at java.base/java.util.stream.ReduceOps$ReduceOp.evaluateSequential(ReduceOps.java:913)
	at java.base/java.util.stream.AbstractPipeline.evaluate(AbstractPipeline.java:234)
	at java.base/java.util.stream.ReferencePipeline.collect(ReferencePipeline.java:578)
	at de.uka.ilkd.key.nparser.builder.AbstractBuilder.mapOf(AbstractBuilder.java:112)
	at de.uka.ilkd.key.nparser.builder.IncludeFinder.visitOne_include_statement(IncludeFinder.java:35)
	at de.uka.ilkd.key.nparser.builder.IncludeFinder.visitOne_include_statement(IncludeFinder.java:20)
	at de.uka.ilkd.key.nparser.KeYParser$One_include_statementContext.accept(KeYParser.java:802)
	at org.antlr.v4.runtime.tree.AbstractParseTreeVisitor.visitChildren(AbstractParseTreeVisitor.java:46)
	at de.uka.ilkd.key.nparser.KeYParserBaseVisitor.visitDecls(KeYParserBaseVisitor.java:30)
	at de.uka.ilkd.key.nparser.KeYParser$DeclsContext.accept(KeYParser.java:500)
	at org.antlr.v4.runtime.tree.AbstractParseTreeVisitor.visitChildren(AbstractParseTreeVisitor.java:46)
	at de.uka.ilkd.key.nparser.KeYParserBaseVisitor.visitFile(KeYParserBaseVisitor.java:23)
	at de.uka.ilkd.key.nparser.KeYParser$FileContext.accept(KeYParser.java:306)
	at de.uka.ilkd.key.nparser.KeyAst.accept(KeyAst.java:41)
	at de.uka.ilkd.key.nparser.KeyAst$File.getIncludes(KeyAst.java:76)
	at de.uka.ilkd.key.proof.io.KeYFile.readIncludes(KeYFile.java:208)
	... 14 more
Could not find rule file rules/intRulesCheckedSemantics.key (file: /home/runner/work/key/key/key.core/../key.ui/examples/index/.././heap/list/MySet_footprint.key; caused by: de.uka.ilkd.key.proof.init.ProofInputException: Could not find rule file rules/intRulesCheckedSemantics.key)
	at de.uka.ilkd.key.control.AbstractUserInterfaceControl.load(AbstractUserInterfaceControl.java:221)
	at de.uka.ilkd.key.control.KeYEnvironment.load(KeYEnvironment.java:251)
	at de.uka.ilkd.key.control.KeYEnvironment.load(KeYEnvironment.java:224)
	at de.uka.ilkd.key.control.KeYEnvironment.load(KeYEnvironment.java:184)
	at de.uka.ilkd.key.control.KeYEnvironment.load(KeYEnvironment.java:261)
	at de.uka.ilkd.key.proof.runallproofs.proofcollection.TestFile.load(TestFile.java:270)
	at de.uka.ilkd.key.proof.runallproofs.proofcollection.TestFile.runKey(TestFile.java:160)
	at de.uka.ilkd.key.proof.runallproofs.proofcollection.ForkedTestFileRunner.main(ForkedTestFileRunner.java:171)
Caused by: de.uka.ilkd.key.proof.init.ProofInputException: Could not find rule file rules/intRulesCheckedSemantics.key
	at de.uka.ilkd.key.proof.io.KeYFile.readIncludes(KeYFile.java:210)
	at de.uka.ilkd.key.proof.init.ProblemInitializer.readIncludes(ProblemInitializer.java:177)
	at de.uka.ilkd.key.proof.init.ProblemInitializer.readEnvInput(ProblemInitializer.java:325)
	at de.uka.ilkd.key.proof.init.ProblemInitializer.prepare(ProblemInitializer.java:449)
	at de.uka.ilkd.key.proof.io.AbstractProblemLoader.createInitConfig(AbstractProblemLoader.java:518)
	at de.uka.ilkd.key.proof.io.AbstractProblemLoader.loadEnvironment(AbstractProblemLoader.java:288)
	at de.uka.ilkd.key.proof.io.AbstractProblemLoader.load(AbstractProblemLoader.java:252)
	at de.uka.ilkd.key.control.AbstractUserInterfaceControl.load(AbstractUserInterfaceControl.java:209)
	... 7 more
Caused by: java.lang.RuntimeException: Could not find rule file rules/intRulesCheckedSemantics.key
	at de.uka.ilkd.key.proof.io.RuleSourceFactory.fromBuiltInRule(RuleSourceFactory.java:32)
	at de.uka.ilkd.key.proof.io.RuleSourceFactory.fromDefaultLocation(RuleSourceFactory.java:21)
	at de.uka.ilkd.key.nparser.builder.IncludeFinder.addInclude(IncludeFinder.java:63)
	at de.uka.ilkd.key.nparser.builder.IncludeFinder.visitOne_include(IncludeFinder.java:43)
	at de.uka.ilkd.key.nparser.builder.IncludeFinder.visitOne_include(IncludeFinder.java:20)
	at de.uka.ilkd.key.nparser.KeYParser$One_includeContext.accept(KeYParser.java:878)
	at de.uka.ilkd.key.nparser.builder.AbstractBuilder.lambda$mapOf$0(AbstractBuilder.java:112)
	at java.base/java.util.stream.ReferencePipeline$3$1.accept(ReferencePipeline.java:195)
	at java.base/java.util.ArrayList$ArrayListSpliterator.forEachRemaining(ArrayList.java:1655)
	at java.base/java.util.stream.AbstractPipeline.copyInto(AbstractPipeline.java:484)
	at java.base/java.util.stream.AbstractPipeline.wrapAndCopyInto(AbstractPipeline.java:474)
	at java.base/java.util.stream.ReduceOps$ReduceOp.evaluateSequential(ReduceOps.java:913)
	at java.base/java.util.stream.AbstractPipeline.evaluate(AbstractPipeline.java:234)
	at java.base/java.util.stream.ReferencePipeline.collect(ReferencePipeline.java:578)
	at de.uka.ilkd.key.nparser.builder.AbstractBuilder.mapOf(AbstractBuilder.java:112)
	at de.uka.ilkd.key.nparser.builder.IncludeFinder.visitOne_include_statement(IncludeFinder.java:35)
	at de.uka.ilkd.key.nparser.builder.IncludeFinder.visitOne_include_statement(IncludeFinder.java:20)
	at de.uka.ilkd.key.nparser.KeYParser$One_include_statementContext.accept(KeYParser.java:802)
	at org.antlr.v4.runtime.tree.AbstractParseTreeVisitor.visitChildren(AbstractParseTreeVisitor.java:46)
	at de.uka.ilkd.key.nparser.KeYParserBaseVisitor.visitDecls(KeYParserBaseVisitor.java:30)
	at de.uka.ilkd.key.nparser.KeYParser$DeclsContext.accept(KeYParser.java:500)
	at org.antlr.v4.runtime.tree.AbstractParseTreeVisitor.visitChildren(AbstractParseTreeVisitor.java:46)
	at de.uka.ilkd.key.nparser.KeYParserBaseVisitor.visitFile(KeYParserBaseVisitor.java:23)
	at de.uka.ilkd.key.nparser.KeYParser$FileContext.accept(KeYParser.java:306)
	at de.uka.ilkd.key.nparser.KeyAst.accept(KeyAst.java:41)
	at de.uka.ilkd.key.nparser.KeyAst$File.getIncludes(KeyAst.java:76)
	at de.uka.ilkd.key.proof.io.KeYFile.readIncludes(KeYFile.java:208)
	... 14 more
Could not find rule file rules/intRulesCheckedSemantics.key (file: /home/runner/work/key/key/key.core/../key.ui/examples/index/.././heap/list/MySet_MySet.key; caused by: de.uka.ilkd.key.proof.init.ProofInputException: Could not find rule file rules/intRulesCheckedSemantics.key)
	at de.uka.ilkd.key.control.AbstractUserInterfaceControl.load(AbstractUserInterfaceControl.java:221)
	at de.uka.ilkd.key.control.KeYEnvironment.load(KeYEnvironment.java:251)
	at de.uka.ilkd.key.control.KeYEnvironment.load(KeYEnvironment.java:224)
	at de.uka.ilkd.key.control.KeYEnvironment.load(KeYEnvironment.java:184)
	at de.uka.ilkd.key.control.KeYEnvironment.load(KeYEnvironment.java:261)
	at de.uka.ilkd.key.proof.runallproofs.proofcollection.TestFile.load(TestFile.java:270)
	at de.uka.ilkd.key.proof.runallproofs.proofcollection.TestFile.runKey(TestFile.java:160)
	at de.uka.ilkd.key.proof.runallproofs.proofcollection.ForkedTestFileRunner.main(ForkedTestFileRunner.java:171)
Caused by: de.uka.ilkd.key.proof.init.ProofInputException: Could not find rule file rules/intRulesCheckedSemantics.key
	at de.uka.ilkd.key.proof.io.KeYFile.readIncludes(KeYFile.java:210)
	at de.uka.ilkd.key.proof.init.ProblemInitializer.readIncludes(ProblemInitializer.java:177)
	at de.uka.ilkd.key.proof.init.ProblemInitializer.readEnvInput(ProblemInitializer.java:325)
	at de.uka.ilkd.key.proof.init.ProblemInitializer.prepare(ProblemInitializer.java:449)
	at de.uka.ilkd.key.proof.io.AbstractProblemLoader.createInitConfig(AbstractProblemLoader.java:518)
	at de.uka.ilkd.key.proof.io.AbstractProblemLoader.loadEnvironment(AbstractProblemLoader.java:288)
	at de.uka.ilkd.key.proof.io.AbstractProblemLoader.load(AbstractProblemLoader.java:252)
	at de.uka.ilkd.key.control.AbstractUserInterfaceControl.load(AbstractUserInterfaceControl.java:209)
	... 7 more
Caused by: java.lang.RuntimeException: Could not find rule file rules/intRulesCheckedSemantics.key
	at de.uka.ilkd.key.proof.io.RuleSourceFactory.fromBuiltInRule(RuleSourceFactory.java:32)
	at de.uka.ilkd.key.proof.io.RuleSourceFactory.fromDefaultLocation(RuleSourceFactory.java:21)
	at de.uka.ilkd.key.nparser.builder.IncludeFinder.addInclude(IncludeFinder.java:63)
	at de.uka.ilkd.key.nparser.builder.IncludeFinder.visitOne_include(IncludeFinder.java:43)
	at de.uka.ilkd.key.nparser.builder.IncludeFinder.visitOne_include(IncludeFinder.java:20)
	at de.uka.ilkd.key.nparser.KeYParser$One_includeContext.accept(KeYParser.java:878)
	at de.uka.ilkd.key.nparser.builder.AbstractBuilder.lambda$mapOf$0(AbstractBuilder.java:112)
	at java.base/java.util.stream.ReferencePipeline$3$1.accept(ReferencePipeline.java:195)
	at java.base/java.util.ArrayList$ArrayListSpliterator.forEachRemaining(ArrayList.java:1655)
	at java.base/java.util.stream.AbstractPipeline.copyInto(AbstractPipeline.java:484)
	at java.base/java.util.stream.AbstractPipeline.wrapAndCopyInto(AbstractPipeline.java:474)
	at java.base/java.util.stream.ReduceOps$ReduceOp.evaluateSequential(ReduceOps.java:913)
	at java.base/java.util.stream.AbstractPipeline.evaluate(AbstractPipeline.java:234)
	at java.base/java.util.stream.ReferencePipeline.collect(ReferencePipeline.java:578)
	at de.uka.ilkd.key.nparser.builder.AbstractBuilder.mapOf(AbstractBuilder.java:112)
	at de.uka.ilkd.key.nparser.builder.IncludeFinder.visitOne_include_statement(IncludeFinder.java:35)
	at de.uka.ilkd.key.nparser.builder.IncludeFinder.visitOne_include_statement(IncludeFinder.java:20)
	at de.uka.ilkd.key.nparser.KeYParser$One_include_statementContext.accept(KeYParser.java:802)
	at org.antlr.v4.runtime.tree.AbstractParseTreeVisitor.visitChildren(AbstractParseTreeVisitor.java:46)
	at de.uka.ilkd.key.nparser.KeYParserBaseVisitor.visitDecls(KeYParserBaseVisitor.java:30)
	at de.uka.ilkd.key.nparser.KeYParser$DeclsContext.accept(KeYParser.java:500)
	at org.antlr.v4.runtime.tree.AbstractParseTreeVisitor.visitChildren(AbstractParseTreeVisitor.java:46)
	at de.uka.ilkd.key.nparser.KeYParserBaseVisitor.visitFile(KeYParserBaseVisitor.java:23)
	at de.uka.ilkd.key.nparser.KeYParser$FileContext.accept(KeYParser.java:306)
	at de.uka.ilkd.key.nparser.KeyAst.accept(KeyAst.java:41)
	at de.uka.ilkd.key.nparser.KeyAst$File.getIncludes(KeyAst.java:76)
	at de.uka.ilkd.key.proof.io.KeYFile.readIncludes(KeYFile.java:208)
	... 14 more
Exception in thread "main" org.opentest4j.AssertionFailedError: Exception during the execution of proofs. See log for more details.
	at org.junit.jupiter.api.AssertionUtils.fail(AssertionUtils.java:39)
	at org.junit.jupiter.api.Assertions.fail(Assertions.java:134)
	at de.uka.ilkd.key.proof.runallproofs.proofcollection.ForkedTestFileRunner.main(ForkedTestFileRunner.java:192)
Timeout watcher launched (2000 secs.)
Could not find rule file rules/intRulesCheckedSemantics.key (file: /home/runner/work/key/key/key.core/../key.ui/examples/index/.././heap/list_ghost/ArrayList_add.key; caused by: de.uka.ilkd.key.proof.init.ProofInputException: Could not find rule file rules/intRulesCheckedSemantics.key)
	at de.uka.ilkd.key.control.AbstractUserInterfaceControl.load(AbstractUserInterfaceControl.java:221)
	at de.uka.ilkd.key.control.KeYEnvironment.load(KeYEnvironment.java:251)
	at de.uka.ilkd.key.control.KeYEnvironment.load(KeYEnvironment.java:224)
	at de.uka.ilkd.key.control.KeYEnvironment.load(KeYEnvironment.java:184)
	at de.uka.ilkd.key.control.KeYEnvironment.load(KeYEnvironment.java:261)
	at de.uka.ilkd.key.proof.runallproofs.proofcollection.TestFile.load(TestFile.java:270)
	at de.uka.ilkd.key.proof.runallproofs.proofcollection.TestFile.runKey(TestFile.java:160)
	at de.uka.ilkd.key.proof.runallproofs.proofcollection.ForkedTestFileRunner.main(ForkedTestFileRunner.java:171)
Caused by: de.uka.ilkd.key.proof.init.ProofInputException: Could not find rule file rules/intRulesCheckedSemantics.key
	at de.uka.ilkd.key.proof.io.KeYFile.readIncludes(KeYFile.java:210)
	at de.uka.ilkd.key.proof.init.ProblemInitializer.readIncludes(ProblemInitializer.java:177)
	at de.uka.ilkd.key.proof.init.ProblemInitializer.readEnvInput(ProblemInitializer.java:325)
	at de.uka.ilkd.key.proof.init.ProblemInitializer.prepare(ProblemInitializer.java:449)
	at de.uka.ilkd.key.proof.io.AbstractProblemLoader.createInitConfig(AbstractProblemLoader.java:518)
	at de.uka.ilkd.key.proof.io.AbstractProblemLoader.loadEnvironment(AbstractProblemLoader.java:288)
	at de.uka.ilkd.key.proof.io.AbstractProblemLoader.load(AbstractProblemLoader.java:252)
	at de.uka.ilkd.key.control.AbstractUserInterfaceControl.load(AbstractUserInterfaceControl.java:209)
	... 7 more
Caused by: java.lang.RuntimeException: Could not find rule file rules/intRulesCheckedSemantics.key
	at de.uka.ilkd.key.proof.io.RuleSourceFactory.fromBuiltInRule(RuleSourceFactory.java:32)
	at de.uka.ilkd.key.proof.io.RuleSourceFactory.fromDefaultLocation(RuleSourceFactory.java:21)
	at de.uka.ilkd.key.nparser.builder.IncludeFinder.addInclude(IncludeFinder.java:63)
	at de.uka.ilkd.key.nparser.builder.IncludeFinder.visitOne_include(IncludeFinder.java:43)
	at de.uka.ilkd.key.nparser.builder.IncludeFinder.visitOne_include(IncludeFinder.java:20)
	at de.uka.ilkd.key.nparser.KeYParser$One_includeContext.accept(KeYParser.java:878)
	at de.uka.ilkd.key.nparser.builder.AbstractBuilder.lambda$mapOf$0(AbstractBuilder.java:112)
	at java.base/java.util.stream.ReferencePipeline$3$1.accept(ReferencePipeline.java:195)
	at java.base/java.util.ArrayList$ArrayListSpliterator.forEachRemaining(ArrayList.java:1655)
	at java.base/java.util.stream.AbstractPipeline.copyInto(AbstractPipeline.java:484)
	at java.base/java.util.stream.AbstractPipeline.wrapAndCopyInto(AbstractPipeline.java:474)
	at java.base/java.util.stream.ReduceOps$ReduceOp.evaluateSequential(ReduceOps.java:913)
	at java.base/java.util.stream.AbstractPipeline.evaluate(AbstractPipeline.java:234)
	at java.base/java.util.stream.ReferencePipeline.collect(ReferencePipeline.java:578)
	at de.uka.ilkd.key.nparser.builder.AbstractBuilder.mapOf(AbstractBuilder.java:112)
	at de.uka.ilkd.key.nparser.builder.IncludeFinder.visitOne_include_statement(IncludeFinder.java:35)
	at de.uka.ilkd.key.nparser.builder.IncludeFinder.visitOne_include_statement(IncludeFinder.java:20)
	at de.uka.ilkd.key.nparser.KeYParser$One_include_statementContext.accept(KeYParser.java:802)
	at org.antlr.v4.runtime.tree.AbstractParseTreeVisitor.visitChildren(AbstractParseTreeVisitor.java:46)
	at de.uka.ilkd.key.nparser.KeYParserBaseVisitor.visitDecls(KeYParserBaseVisitor.java:30)
	at de.uka.ilkd.key.nparser.KeYParser$DeclsContext.accept(KeYParser.java:500)
	at org.antlr.v4.runtime.tree.AbstractParseTreeVisitor.visitChildren(AbstractParseTreeVisitor.java:46)
	at de.uka.ilkd.key.nparser.KeYParserBaseVisitor.visitFile(KeYParserBaseVisitor.java:23)
	at de.uka.ilkd.key.nparser.KeYParser$FileContext.accept(KeYParser.java:306)
	at de.uka.ilkd.key.nparser.KeyAst.accept(KeyAst.java:41)
	at de.uka.ilkd.key.nparser.KeyAst$File.getIncludes(KeyAst.java:76)
	at de.uka.ilkd.key.proof.io.KeYFile.readIncludes(KeYFile.java:208)
	... 14 more
Could not find rule file rules/intRulesCheckedSemantics.key (file: /home/runner/work/key/key/key.core/../key.ui/examples/index/.././heap/list_ghost/ArrayList_ArrayList.key; caused by: de.uka.ilkd.key.proof.init.ProofInputException: Could not find rule file rules/intRulesCheckedSemantics.key)
	at de.uka.ilkd.key.control.AbstractUserInterfaceControl.load(AbstractUserInterfaceControl.java:221)
	at de.uka.ilkd.key.control.KeYEnvironment.load(KeYEnvironment.java:251)
	at de.uka.ilkd.key.control.KeYEnvironment.load(KeYEnvironment.java:224)
	at de.uka.ilkd.key.control.KeYEnvironment.load(KeYEnvironment.java:184)
	at de.uka.ilkd.key.control.KeYEnvironment.load(KeYEnvironment.java:261)
	at de.uka.ilkd.key.proof.runallproofs.proofcollection.TestFile.load(TestFile.java:270)
	at de.uka.ilkd.key.proof.runallproofs.proofcollection.TestFile.runKey(TestFile.java:160)
	at de.uka.ilkd.key.proof.runallproofs.proofcollection.ForkedTestFileRunner.main(ForkedTestFileRunner.java:171)
Caused by: de.uka.ilkd.key.proof.init.ProofInputException: Could not find rule file rules/intRulesCheckedSemantics.key
	at de.uka.ilkd.key.proof.io.KeYFile.readIncludes(KeYFile.java:210)
	at de.uka.ilkd.key.proof.init.ProblemInitializer.readIncludes(ProblemInitializer.java:177)
	at de.uka.ilkd.key.proof.init.ProblemInitializer.readEnvInput(ProblemInitializer.java:325)
	at de.uka.ilkd.key.proof.init.ProblemInitializer.prepare(ProblemInitializer.java:449)
	at de.uka.ilkd.key.proof.io.AbstractProblemLoader.createInitConfig(AbstractProblemLoader.java:518)
	at de.uka.ilkd.key.proof.io.AbstractProblemLoader.loadEnvironment(AbstractProblemLoader.java:288)
	at de.uka.ilkd.key.proof.io.AbstractProblemLoader.load(AbstractProblemLoader.java:252)
	at de.uka.ilkd.key.control.AbstractUserInterfaceControl.load(AbstractUserInterfaceControl.java:209)
	... 7 more
Caused by: java.lang.RuntimeException: Could not find rule file rules/intRulesCheckedSemantics.key
	at de.uka.ilkd.key.proof.io.RuleSourceFactory.fromBuiltInRule(RuleSourceFactory.java:32)
	at de.uka.ilkd.key.proof.io.RuleSourceFactory.fromDefaultLocation(RuleSourceFactory.java:21)
	at de.uka.ilkd.key.nparser.builder.IncludeFinder.addInclude(IncludeFinder.java:63)
	at de.uka.ilkd.key.nparser.builder.IncludeFinder.visitOne_include(IncludeFinder.java:43)
	at de.uka.ilkd.key.nparser.builder.IncludeFinder.visitOne_include(IncludeFinder.java:20)
	at de.uka.ilkd.key.nparser.KeYParser$One_includeContext.accept(KeYParser.java:878)
	at de.uka.ilkd.key.nparser.builder.AbstractBuilder.lambda$mapOf$0(AbstractBuilder.java:112)
	at java.base/java.util.stream.ReferencePipeline$3$1.accept(ReferencePipeline.java:195)
	at java.base/java.util.ArrayList$ArrayListSpliterator.forEachRemaining(ArrayList.java:1655)
	at java.base/java.util.stream.AbstractPipeline.copyInto(AbstractPipeline.java:484)
	at java.base/java.util.stream.AbstractPipeline.wrapAndCopyInto(AbstractPipeline.java:474)
	at java.base/java.util.stream.ReduceOps$ReduceOp.evaluateSequential(ReduceOps.java:913)
	at java.base/java.util.stream.AbstractPipeline.evaluate(AbstractPipeline.java:234)
	at java.base/java.util.stream.ReferencePipeline.collect(ReferencePipeline.java:578)
	at de.uka.ilkd.key.nparser.builder.AbstractBuilder.mapOf(AbstractBuilder.java:112)
	at de.uka.ilkd.key.nparser.builder.IncludeFinder.visitOne_include_statement(IncludeFinder.java:35)
	at de.uka.ilkd.key.nparser.builder.IncludeFinder.visitOne_include_statement(IncludeFinder.java:20)
	at de.uka.ilkd.key.nparser.KeYParser$One_include_statementContext.accept(KeYParser.java:802)
	at org.antlr.v4.runtime.tree.AbstractParseTreeVisitor.visitChildren(AbstractParseTreeVisitor.java:46)
	at de.uka.ilkd.key.nparser.KeYParserBaseVisitor.visitDecls(KeYParserBaseVisitor.java:30)
	at de.uka.ilkd.key.nparser.KeYParser$DeclsContext.accept(KeYParser.java:500)
	at org.antlr.v4.runtime.tree.AbstractParseTreeVisitor.visitChildren(AbstractParseTreeVisitor.java:46)
	at de.uka.ilkd.key.nparser.KeYParserBaseVisitor.visitFile(KeYParserBaseVisitor.java:23)
	at de.uka.ilkd.key.nparser.KeYParser$FileContext.accept(KeYParser.java:306)
	at de.uka.ilkd.key.nparser.KeyAst.accept(KeyAst.java:41)
	at de.uka.ilkd.key.nparser.KeyAst$File.getIncludes(KeyAst.java:76)
	at de.uka.ilkd.key.proof.io.KeYFile.readIncludes(KeYFile.java:208)
	... 14 more
Could not find rule file rules/intRulesCheckedSemantics.key (file: /home/runner/work/key/key/key.core/../key.ui/examples/index/.././heap/list_ghost/ArrayList_enlarge.key; caused by: de.uka.ilkd.key.proof.init.ProofInputException: Could not find rule file rules/intRulesCheckedSemantics.key)
	at de.uka.ilkd.key.control.AbstractUserInterfaceControl.load(AbstractUserInterfaceControl.java:221)
	at de.uka.ilkd.key.control.KeYEnvironment.load(KeYEnvironment.java:251)
	at de.uka.ilkd.key.control.KeYEnvironment.load(KeYEnvironment.java:224)
	at de.uka.ilkd.key.control.KeYEnvironment.load(KeYEnvironment.java:184)
	at de.uka.ilkd.key.control.KeYEnvironment.load(KeYEnvironment.java:261)
	at de.uka.ilkd.key.proof.runallproofs.proofcollection.TestFile.load(TestFile.java:270)
	at de.uka.ilkd.key.proof.runallproofs.proofcollection.TestFile.runKey(TestFile.java:160)
	at de.uka.ilkd.key.proof.runallproofs.proofcollection.ForkedTestFileRunner.main(ForkedTestFileRunner.java:171)
Caused by: de.uka.ilkd.key.proof.init.ProofInputException: Could not find rule file rules/intRulesCheckedSemantics.key
	at de.uka.ilkd.key.proof.io.KeYFile.readIncludes(KeYFile.java:210)
	at de.uka.ilkd.key.proof.init.ProblemInitializer.readIncludes(ProblemInitializer.java:177)
	at de.uka.ilkd.key.proof.init.ProblemInitializer.readEnvInput(ProblemInitializer.java:325)
	at de.uka.ilkd.key.proof.init.ProblemInitializer.prepare(ProblemInitializer.java:449)
	at de.uka.ilkd.key.proof.io.AbstractProblemLoader.createInitConfig(AbstractProblemLoader.java:518)
	at de.uka.ilkd.key.proof.io.AbstractProblemLoader.loadEnvironment(AbstractProblemLoader.java:288)
	at de.uka.ilkd.key.proof.io.AbstractProblemLoader.load(AbstractProblemLoader.java:252)
	at de.uka.ilkd.key.control.AbstractUserInterfaceControl.load(AbstractUserInterfaceControl.java:209)
	... 7 more
Caused by: java.lang.RuntimeException: Could not find rule file rules/intRulesCheckedSemantics.key
	at de.uka.ilkd.key.proof.io.RuleSourceFactory.fromBuiltInRule(RuleSourceFactory.java:32)
	at de.uka.ilkd.key.proof.io.RuleSourceFactory.fromDefaultLocation(RuleSourceFactory.java:21)
	at de.uka.ilkd.key.nparser.builder.IncludeFinder.addInclude(IncludeFinder.java:63)
	at de.uka.ilkd.key.nparser.builder.IncludeFinder.visitOne_include(IncludeFinder.java:43)
	at de.uka.ilkd.key.nparser.builder.IncludeFinder.visitOne_include(IncludeFinder.java:20)
	at de.uka.ilkd.key.nparser.KeYParser$One_includeContext.accept(KeYParser.java:878)
	at de.uka.ilkd.key.nparser.builder.AbstractBuilder.lambda$mapOf$0(AbstractBuilder.java:112)
	at java.base/java.util.stream.ReferencePipeline$3$1.accept(ReferencePipeline.java:195)
	at java.base/java.util.ArrayList$ArrayListSpliterator.forEachRemaining(ArrayList.java:1655)
	at java.base/java.util.stream.AbstractPipeline.copyInto(AbstractPipeline.java:484)
	at java.base/java.util.stream.AbstractPipeline.wrapAndCopyInto(AbstractPipeline.java:474)
	at java.base/java.util.stream.ReduceOps$ReduceOp.evaluateSequential(ReduceOps.java:913)
	at java.base/java.util.stream.AbstractPipeline.evaluate(AbstractPipeline.java:234)
	at java.base/java.util.stream.ReferencePipeline.collect(ReferencePipeline.java:578)
	at de.uka.ilkd.key.nparser.builder.AbstractBuilder.mapOf(AbstractBuilder.java:112)
	at de.uka.ilkd.key.nparser.builder.IncludeFinder.visitOne_include_statement(IncludeFinder.java:35)
	at de.uka.ilkd.key.nparser.builder.IncludeFinder.visitOne_include_statement(IncludeFinder.java:20)
	at de.uka.ilkd.key.nparser.KeYParser$One_include_statementContext.accept(KeYParser.java:802)
	at org.antlr.v4.runtime.tree.AbstractParseTreeVisitor.visitChildren(AbstractParseTreeVisitor.java:46)
	at de.uka.ilkd.key.nparser.KeYParserBaseVisitor.visitDecls(KeYParserBaseVisitor.java:30)
	at de.uka.ilkd.key.nparser.KeYParser$DeclsContext.accept(KeYParser.java:500)
	at org.antlr.v4.runtime.tree.AbstractParseTreeVisitor.visitChildren(AbstractParseTreeVisitor.java:46)
	at de.uka.ilkd.key.nparser.KeYParserBaseVisitor.visitFile(KeYParserBaseVisitor.java:23)
	at de.uka.ilkd.key.nparser.KeYParser$FileContext.accept(KeYParser.java:306)
	at de.uka.ilkd.key.nparser.KeyAst.accept(KeyAst.java:41)
	at de.uka.ilkd.key.nparser.KeyAst$File.getIncludes(KeyAst.java:76)
	at de.uka.ilkd.key.proof.io.KeYFile.readIncludes(KeYFile.java:208)
	... 14 more
Could not find rule file rules/intRulesCheckedSemantics.key (file: /home/runner/work/key/key/key.core/../key.ui/examples/index/.././heap/list_ghost/ArrayList_get_dep.key; caused by: de.uka.ilkd.key.proof.init.ProofInputException: Could not find rule file rules/intRulesCheckedSemantics.key)
	at de.uka.ilkd.key.control.AbstractUserInterfaceControl.load(AbstractUserInterfaceControl.java:221)
	at de.uka.ilkd.key.control.KeYEnvironment.load(KeYEnvironment.java:251)
	at de.uka.ilkd.key.control.KeYEnvironment.load(KeYEnvironment.java:224)
	at de.uka.ilkd.key.control.KeYEnvironment.load(KeYEnvironment.java:184)
	at de.uka.ilkd.key.control.KeYEnvironment.load(KeYEnvironment.java:261)
	at de.uka.ilkd.key.proof.runallproofs.proofcollection.TestFile.load(TestFile.java:270)
	at de.uka.ilkd.key.proof.runallproofs.proofcollection.TestFile.runKey(TestFile.java:160)
	at de.uka.ilkd.key.proof.runallproofs.proofcollection.ForkedTestFileRunner.main(ForkedTestFileRunner.java:171)
Caused by: de.uka.ilkd.key.proof.init.ProofInputException: Could not find rule file rules/intRulesCheckedSemantics.key
	at de.uka.ilkd.key.proof.io.KeYFile.readIncludes(KeYFile.java:210)
	at de.uka.ilkd.key.proof.init.ProblemInitializer.readIncludes(ProblemInitializer.java:177)
	at de.uka.ilkd.key.proof.init.ProblemInitializer.readEnvInput(ProblemInitializer.java:325)
	at de.uka.ilkd.key.proof.init.ProblemInitializer.prepare(ProblemInitializer.java:449)
	at de.uka.ilkd.key.proof.io.AbstractProblemLoader.createInitConfig(AbstractProblemLoader.java:518)
	at de.uka.ilkd.key.proof.io.AbstractProblemLoader.loadEnvironment(AbstractProblemLoader.java:288)
	at de.uka.ilkd.key.proof.io.AbstractProblemLoader.load(AbstractProblemLoader.java:252)
	at de.uka.ilkd.key.control.AbstractUserInterfaceControl.load(AbstractUserInterfaceControl.java:209)
	... 7 more
Caused by: java.lang.RuntimeException: Could not find rule file rules/intRulesCheckedSemantics.key
	at de.uka.ilkd.key.proof.io.RuleSourceFactory.fromBuiltInRule(RuleSourceFactory.java:32)
	at de.uka.ilkd.key.proof.io.RuleSourceFactory.fromDefaultLocation(RuleSourceFactory.java:21)
	at de.uka.ilkd.key.nparser.builder.IncludeFinder.addInclude(IncludeFinder.java:63)
	at de.uka.ilkd.key.nparser.builder.IncludeFinder.visitOne_include(IncludeFinder.java:43)
	at de.uka.ilkd.key.nparser.builder.IncludeFinder.visitOne_include(IncludeFinder.java:20)
	at de.uka.ilkd.key.nparser.KeYParser$One_includeContext.accept(KeYParser.java:878)
	at de.uka.ilkd.key.nparser.builder.AbstractBuilder.lambda$mapOf$0(AbstractBuilder.java:112)
	at java.base/java.util.stream.ReferencePipeline$3$1.accept(ReferencePipeline.java:195)
	at java.base/java.util.ArrayList$ArrayListSpliterator.forEachRemaining(ArrayList.java:1655)
	at java.base/java.util.stream.AbstractPipeline.copyInto(AbstractPipeline.java:484)
	at java.base/java.util.stream.AbstractPipeline.wrapAndCopyInto(AbstractPipeline.java:474)
	at java.base/java.util.stream.ReduceOps$ReduceOp.evaluateSequential(ReduceOps.java:913)
	at java.base/java.util.stream.AbstractPipeline.evaluate(AbstractPipeline.java:234)
	at java.base/java.util.stream.ReferencePipeline.collect(ReferencePipeline.java:578)
	at de.uka.ilkd.key.nparser.builder.AbstractBuilder.mapOf(AbstractBuilder.java:112)
	at de.uka.ilkd.key.nparser.builder.IncludeFinder.visitOne_include_statement(IncludeFinder.java:35)
	at de.uka.ilkd.key.nparser.builder.IncludeFinder.visitOne_include_statement(IncludeFinder.java:20)
	at de.uka.ilkd.key.nparser.KeYParser$One_include_statementContext.accept(KeYParser.java:802)
	at org.antlr.v4.runtime.tree.AbstractParseTreeVisitor.visitChildren(AbstractParseTreeVisitor.java:46)
	at de.uka.ilkd.key.nparser.KeYParserBaseVisitor.visitDecls(KeYParserBaseVisitor.java:30)
	at de.uka.ilkd.key.nparser.KeYParser$DeclsContext.accept(KeYParser.java:500)
	at org.antlr.v4.runtime.tree.AbstractParseTreeVisitor.visitChildren(AbstractParseTreeVisitor.java:46)
	at de.uka.ilkd.key.nparser.KeYParserBaseVisitor.visitFile(KeYParserBaseVisitor.java:23)
	at de.uka.ilkd.key.nparser.KeYParser$FileContext.accept(KeYParser.java:306)
	at de.uka.ilkd.key.nparser.KeyAst.accept(KeyAst.java:41)
	at de.uka.ilkd.key.nparser.KeyAst$File.getIncludes(KeyAst.java:76)
	at de.uka.ilkd.key.proof.io.KeYFile.readIncludes(KeYFile.java:208)
	... 14 more
Could not find rule file rules/intRulesCheckedSemantics.key (file: /home/runner/work/key/key/key.core/../key.ui/examples/index/.././heap/list_ghost/ArrayList_get_exceptional.key; caused by: de.uka.ilkd.key.proof.init.ProofInputException: Could not find rule file rules/intRulesCheckedSemantics.key)
	at de.uka.ilkd.key.control.AbstractUserInterfaceControl.load(AbstractUserInterfaceControl.java:221)
	at de.uka.ilkd.key.control.KeYEnvironment.load(KeYEnvironment.java:251)
	at de.uka.ilkd.key.control.KeYEnvironment.load(KeYEnvironment.java:224)
	at de.uka.ilkd.key.control.KeYEnvironment.load(KeYEnvironment.java:184)
	at de.uka.ilkd.key.control.KeYEnvironment.load(KeYEnvironment.java:261)
	at de.uka.ilkd.key.proof.runallproofs.proofcollection.TestFile.load(TestFile.java:270)
	at de.uka.ilkd.key.proof.runallproofs.proofcollection.TestFile.runKey(TestFile.java:160)
	at de.uka.ilkd.key.proof.runallproofs.proofcollection.ForkedTestFileRunner.main(ForkedTestFileRunner.java:171)
Caused by: de.uka.ilkd.key.proof.init.ProofInputException: Could not find rule file rules/intRulesCheckedSemantics.key
	at de.uka.ilkd.key.proof.io.KeYFile.readIncludes(KeYFile.java:210)
	at de.uka.ilkd.key.proof.init.ProblemInitializer.readIncludes(ProblemInitializer.java:177)
	at de.uka.ilkd.key.proof.init.ProblemInitializer.readEnvInput(ProblemInitializer.java:325)
	at de.uka.ilkd.key.proof.init.ProblemInitializer.prepare(ProblemInitializer.java:449)
	at de.uka.ilkd.key.proof.io.AbstractProblemLoader.createInitConfig(AbstractProblemLoader.java:518)
	at de.uka.ilkd.key.proof.io.AbstractProblemLoader.loadEnvironment(AbstractProblemLoader.java:288)
	at de.uka.ilkd.key.proof.io.AbstractProblemLoader.load(AbstractProblemLoader.java:252)
	at de.uka.ilkd.key.control.AbstractUserInterfaceControl.load(AbstractUserInterfaceControl.java:209)
	... 7 more
Caused by: java.lang.RuntimeException: Could not find rule file rules/intRulesCheckedSemantics.key
	at de.uka.ilkd.key.proof.io.RuleSourceFactory.fromBuiltInRule(RuleSourceFactory.java:32)
	at de.uka.ilkd.key.proof.io.RuleSourceFactory.fromDefaultLocation(RuleSourceFactory.java:21)
	at de.uka.ilkd.key.nparser.builder.IncludeFinder.addInclude(IncludeFinder.java:63)
	at de.uka.ilkd.key.nparser.builder.IncludeFinder.visitOne_include(IncludeFinder.java:43)
	at de.uka.ilkd.key.nparser.builder.IncludeFinder.visitOne_include(IncludeFinder.java:20)
	at de.uka.ilkd.key.nparser.KeYParser$One_includeContext.accept(KeYParser.java:878)
	at de.uka.ilkd.key.nparser.builder.AbstractBuilder.lambda$mapOf$0(AbstractBuilder.java:112)
	at java.base/java.util.stream.ReferencePipeline$3$1.accept(ReferencePipeline.java:195)
	at java.base/java.util.ArrayList$ArrayListSpliterator.forEachRemaining(ArrayList.java:1655)
	at java.base/java.util.stream.AbstractPipeline.copyInto(AbstractPipeline.java:484)
	at java.base/java.util.stream.AbstractPipeline.wrapAndCopyInto(AbstractPipeline.java:474)
	at java.base/java.util.stream.ReduceOps$ReduceOp.evaluateSequential(ReduceOps.java:913)
	at java.base/java.util.stream.AbstractPipeline.evaluate(AbstractPipeline.java:234)
	at java.base/java.util.stream.ReferencePipeline.collect(ReferencePipeline.java:578)
	at de.uka.ilkd.key.nparser.builder.AbstractBuilder.mapOf(AbstractBuilder.java:112)
	at de.uka.ilkd.key.nparser.builder.IncludeFinder.visitOne_include_statement(IncludeFinder.java:35)
	at de.uka.ilkd.key.nparser.builder.IncludeFinder.visitOne_include_statement(IncludeFinder.java:20)
	at de.uka.ilkd.key.nparser.KeYParser$One_include_statementContext.accept(KeYParser.java:802)
	at org.antlr.v4.runtime.tree.AbstractParseTreeVisitor.visitChildren(AbstractParseTreeVisitor.java:46)
	at de.uka.ilkd.key.nparser.KeYParserBaseVisitor.visitDecls(KeYParserBaseVisitor.java:30)
	at de.uka.ilkd.key.nparser.KeYParser$DeclsContext.accept(KeYParser.java:500)
	at org.antlr.v4.runtime.tree.AbstractParseTreeVisitor.visitChildren(AbstractParseTreeVisitor.java:46)
	at de.uka.ilkd.key.nparser.KeYParserBaseVisitor.visitFile(KeYParserBaseVisitor.java:23)
	at de.uka.ilkd.key.nparser.KeYParser$FileContext.accept(KeYParser.java:306)
	at de.uka.ilkd.key.nparser.KeyAst.accept(KeyAst.java:41)
	at de.uka.ilkd.key.nparser.KeyAst$File.getIncludes(KeyAst.java:76)
	at de.uka.ilkd.key.proof.io.KeYFile.readIncludes(KeYFile.java:208)
	... 14 more
Could not find rule file rules/intRulesCheckedSemantics.key (file: /home/runner/work/key/key/key.core/../key.ui/examples/index/.././heap/list_ghost/ArrayList_get_normal.key; caused by: de.uka.ilkd.key.proof.init.ProofInputException: Could not find rule file rules/intRulesCheckedSemantics.key)
	at de.uka.ilkd.key.control.AbstractUserInterfaceControl.load(AbstractUserInterfaceControl.java:221)
	at de.uka.ilkd.key.control.KeYEnvironment.load(KeYEnvironment.java:251)
	at de.uka.ilkd.key.control.KeYEnvironment.load(KeYEnvironment.java:224)
	at de.uka.ilkd.key.control.KeYEnvironment.load(KeYEnvironment.java:184)
	at de.uka.ilkd.key.control.KeYEnvironment.load(KeYEnvironment.java:261)
	at de.uka.ilkd.key.proof.runallproofs.proofcollection.TestFile.load(TestFile.java:270)
	at de.uka.ilkd.key.proof.runallproofs.proofcollection.TestFile.runKey(TestFile.java:160)
	at de.uka.ilkd.key.proof.runallproofs.proofcollection.ForkedTestFileRunner.main(ForkedTestFileRunner.java:171)
Caused by: de.uka.ilkd.key.proof.init.ProofInputException: Could not find rule file rules/intRulesCheckedSemantics.key
	at de.uka.ilkd.key.proof.io.KeYFile.readIncludes(KeYFile.java:210)
	at de.uka.ilkd.key.proof.init.ProblemInitializer.readIncludes(ProblemInitializer.java:177)
	at de.uka.ilkd.key.proof.init.ProblemInitializer.readEnvInput(ProblemInitializer.java:325)
	at de.uka.ilkd.key.proof.init.ProblemInitializer.prepare(ProblemInitializer.java:449)
	at de.uka.ilkd.key.proof.io.AbstractProblemLoader.createInitConfig(AbstractProblemLoader.java:518)
	at de.uka.ilkd.key.proof.io.AbstractProblemLoader.loadEnvironment(AbstractProblemLoader.java:288)
	at de.uka.ilkd.key.proof.io.AbstractProblemLoader.load(AbstractProblemLoader.java:252)
	at de.uka.ilkd.key.control.AbstractUserInterfaceControl.load(AbstractUserInterfaceControl.java:209)
	... 7 more
Caused by: java.lang.RuntimeException: Could not find rule file rules/intRulesCheckedSemantics.key
	at de.uka.ilkd.key.proof.io.RuleSourceFactory.fromBuiltInRule(RuleSourceFactory.java:32)
	at de.uka.ilkd.key.proof.io.RuleSourceFactory.fromDefaultLocation(RuleSourceFactory.java:21)
	at de.uka.ilkd.key.nparser.builder.IncludeFinder.addInclude(IncludeFinder.java:63)
	at de.uka.ilkd.key.nparser.builder.IncludeFinder.visitOne_include(IncludeFinder.java:43)
	at de.uka.ilkd.key.nparser.builder.IncludeFinder.visitOne_include(IncludeFinder.java:20)
	at de.uka.ilkd.key.nparser.KeYParser$One_includeContext.accept(KeYParser.java:878)
	at de.uka.ilkd.key.nparser.builder.AbstractBuilder.lambda$mapOf$0(AbstractBuilder.java:112)
	at java.base/java.util.stream.ReferencePipeline$3$1.accept(ReferencePipeline.java:195)
	at java.base/java.util.ArrayList$ArrayListSpliterator.forEachRemaining(ArrayList.java:1655)
	at java.base/java.util.stream.AbstractPipeline.copyInto(AbstractPipeline.java:484)
	at java.base/java.util.stream.AbstractPipeline.wrapAndCopyInto(AbstractPipeline.java:474)
	at java.base/java.util.stream.ReduceOps$ReduceOp.evaluateSequential(ReduceOps.java:913)
	at java.base/java.util.stream.AbstractPipeline.evaluate(AbstractPipeline.java:234)
	at java.base/java.util.stream.ReferencePipeline.collect(ReferencePipeline.java:578)
	at de.uka.ilkd.key.nparser.builder.AbstractBuilder.mapOf(AbstractBuilder.java:112)
	at de.uka.ilkd.key.nparser.builder.IncludeFinder.visitOne_include_statement(IncludeFinder.java:35)
	at de.uka.ilkd.key.nparser.builder.IncludeFinder.visitOne_include_statement(IncludeFinder.java:20)
	at de.uka.ilkd.key.nparser.KeYParser$One_include_statementContext.accept(KeYParser.java:802)
	at org.antlr.v4.runtime.tree.AbstractParseTreeVisitor.visitChildren(AbstractParseTreeVisitor.java:46)
	at de.uka.ilkd.key.nparser.KeYParserBaseVisitor.visitDecls(KeYParserBaseVisitor.java:30)
	at de.uka.ilkd.key.nparser.KeYParser$DeclsContext.accept(KeYParser.java:500)
	at org.antlr.v4.runtime.tree.AbstractParseTreeVisitor.visitChildren(AbstractParseTreeVisitor.java:46)
	at de.uka.ilkd.key.nparser.KeYParserBaseVisitor.visitFile(KeYParserBaseVisitor.java:23)
	at de.uka.ilkd.key.nparser.KeYParser$FileContext.accept(KeYParser.java:306)
	at de.uka.ilkd.key.nparser.KeyAst.accept(KeyAst.java:41)
	at de.uka.ilkd.key.nparser.KeyAst$File.getIncludes(KeyAst.java:76)
	at de.uka.ilkd.key.proof.io.KeYFile.readIncludes(KeYFile.java:208)
	... 14 more
Could not find rule file rules/intRulesCheckedSemantics.key (file: /home/runner/work/key/key/key.core/../key.ui/examples/index/.././heap/list_ghost/ArrayList_inv.key; caused by: de.uka.ilkd.key.proof.init.ProofInputException: Could not find rule file rules/intRulesCheckedSemantics.key)
	at de.uka.ilkd.key.control.AbstractUserInterfaceControl.load(AbstractUserInterfaceControl.java:221)
	at de.uka.ilkd.key.control.KeYEnvironment.load(KeYEnvironment.java:251)
	at de.uka.ilkd.key.control.KeYEnvironment.load(KeYEnvironment.java:224)
	at de.uka.ilkd.key.control.KeYEnvironment.load(KeYEnvironment.java:184)
	at de.uka.ilkd.key.control.KeYEnvironment.load(KeYEnvironment.java:261)
	at de.uka.ilkd.key.proof.runallproofs.proofcollection.TestFile.load(TestFile.java:270)
	at de.uka.ilkd.key.proof.runallproofs.proofcollection.TestFile.runKey(TestFile.java:160)
	at de.uka.ilkd.key.proof.runallproofs.proofcollection.ForkedTestFileRunner.main(ForkedTestFileRunner.java:171)
Caused by: de.uka.ilkd.key.proof.init.ProofInputException: Could not find rule file rules/intRulesCheckedSemantics.key
	at de.uka.ilkd.key.proof.io.KeYFile.readIncludes(KeYFile.java:210)
	at de.uka.ilkd.key.proof.init.ProblemInitializer.readIncludes(ProblemInitializer.java:177)
	at de.uka.ilkd.key.proof.init.ProblemInitializer.readEnvInput(ProblemInitializer.java:325)
	at de.uka.ilkd.key.proof.init.ProblemInitializer.prepare(ProblemInitializer.java:449)
	at de.uka.ilkd.key.proof.io.AbstractProblemLoader.createInitConfig(AbstractProblemLoader.java:518)
	at de.uka.ilkd.key.proof.io.AbstractProblemLoader.loadEnvironment(AbstractProblemLoader.java:288)
	at de.uka.ilkd.key.proof.io.AbstractProblemLoader.load(AbstractProblemLoader.java:252)
	at de.uka.ilkd.key.control.AbstractUserInterfaceControl.load(AbstractUserInterfaceControl.java:209)
	... 7 more
Caused by: java.lang.RuntimeException: Could not find rule file rules/intRulesCheckedSemantics.key
	at de.uka.ilkd.key.proof.io.RuleSourceFactory.fromBuiltInRule(RuleSourceFactory.java:32)
	at de.uka.ilkd.key.proof.io.RuleSourceFactory.fromDefaultLocation(RuleSourceFactory.java:21)
	at de.uka.ilkd.key.nparser.builder.IncludeFinder.addInclude(IncludeFinder.java:63)
	at de.uka.ilkd.key.nparser.builder.IncludeFinder.visitOne_include(IncludeFinder.java:43)
	at de.uka.ilkd.key.nparser.builder.IncludeFinder.visitOne_include(IncludeFinder.java:20)
	at de.uka.ilkd.key.nparser.KeYParser$One_includeContext.accept(KeYParser.java:878)
	at de.uka.ilkd.key.nparser.builder.AbstractBuilder.lambda$mapOf$0(AbstractBuilder.java:112)
	at java.base/java.util.stream.ReferencePipeline$3$1.accept(ReferencePipeline.java:195)
	at java.base/java.util.ArrayList$ArrayListSpliterator.forEachRemaining(ArrayList.java:1655)
	at java.base/java.util.stream.AbstractPipeline.copyInto(AbstractPipeline.java:484)
	at java.base/java.util.stream.AbstractPipeline.wrapAndCopyInto(AbstractPipeline.java:474)
	at java.base/java.util.stream.ReduceOps$ReduceOp.evaluateSequential(ReduceOps.java:913)
	at java.base/java.util.stream.AbstractPipeline.evaluate(AbstractPipeline.java:234)
	at java.base/java.util.stream.ReferencePipeline.collect(ReferencePipeline.java:578)
	at de.uka.ilkd.key.nparser.builder.AbstractBuilder.mapOf(AbstractBuilder.java:112)
	at de.uka.ilkd.key.nparser.builder.IncludeFinder.visitOne_include_statement(IncludeFinder.java:35)
	at de.uka.ilkd.key.nparser.builder.IncludeFinder.visitOne_include_statement(IncludeFinder.java:20)
	at de.uka.ilkd.key.nparser.KeYParser$One_include_statementContext.accept(KeYParser.java:802)
	at org.antlr.v4.runtime.tree.AbstractParseTreeVisitor.visitChildren(AbstractParseTreeVisitor.java:46)
	at de.uka.ilkd.key.nparser.KeYParserBaseVisitor.visitDecls(KeYParserBaseVisitor.java:30)
	at de.uka.ilkd.key.nparser.KeYParser$DeclsContext.accept(KeYParser.java:500)
	at org.antlr.v4.runtime.tree.AbstractParseTreeVisitor.visitChildren(AbstractParseTreeVisitor.java:46)
	at de.uka.ilkd.key.nparser.KeYParserBaseVisitor.visitFile(KeYParserBaseVisitor.java:23)
	at de.uka.ilkd.key.nparser.KeYParser$FileContext.accept(KeYParser.java:306)
	at de.uka.ilkd.key.nparser.KeyAst.accept(KeyAst.java:41)
	at de.uka.ilkd.key.nparser.KeyAst$File.getIncludes(KeyAst.java:76)
	at de.uka.ilkd.key.proof.io.KeYFile.readIncludes(KeYFile.java:208)
	... 14 more
Could not find rule file rules/intRulesCheckedSemantics.key (file: /home/runner/work/key/key/key.core/../key.ui/examples/index/.././heap/list_ghost/ArrayList_size_dep.key; caused by: de.uka.ilkd.key.proof.init.ProofInputException: Could not find rule file rules/intRulesCheckedSemantics.key)
	at de.uka.ilkd.key.control.AbstractUserInterfaceControl.load(AbstractUserInterfaceControl.java:221)
	at de.uka.ilkd.key.control.KeYEnvironment.load(KeYEnvironment.java:251)
	at de.uka.ilkd.key.control.KeYEnvironment.load(KeYEnvironment.java:224)
	at de.uka.ilkd.key.control.KeYEnvironment.load(KeYEnvironment.java:184)
	at de.uka.ilkd.key.control.KeYEnvironment.load(KeYEnvironment.java:261)
	at de.uka.ilkd.key.proof.runallproofs.proofcollection.TestFile.load(TestFile.java:270)
	at de.uka.ilkd.key.proof.runallproofs.proofcollection.TestFile.runKey(TestFile.java:160)
	at de.uka.ilkd.key.proof.runallproofs.proofcollection.ForkedTestFileRunner.main(ForkedTestFileRunner.java:171)
Caused by: de.uka.ilkd.key.proof.init.ProofInputException: Could not find rule file rules/intRulesCheckedSemantics.key
	at de.uka.ilkd.key.proof.io.KeYFile.readIncludes(KeYFile.java:210)
	at de.uka.ilkd.key.proof.init.ProblemInitializer.readIncludes(ProblemInitializer.java:177)
	at de.uka.ilkd.key.proof.init.ProblemInitializer.readEnvInput(ProblemInitializer.java:325)
	at de.uka.ilkd.key.proof.init.ProblemInitializer.prepare(ProblemInitializer.java:449)
	at de.uka.ilkd.key.proof.io.AbstractProblemLoader.createInitConfig(AbstractProblemLoader.java:518)
	at de.uka.ilkd.key.proof.io.AbstractProblemLoader.loadEnvironment(AbstractProblemLoader.java:288)
	at de.uka.ilkd.key.proof.io.AbstractProblemLoader.load(AbstractProblemLoader.java:252)
	at de.uka.ilkd.key.control.AbstractUserInterfaceControl.load(AbstractUserInterfaceControl.java:209)
	... 7 more
Caused by: java.lang.RuntimeException: Could not find rule file rules/intRulesCheckedSemantics.key
	at de.uka.ilkd.key.proof.io.RuleSourceFactory.fromBuiltInRule(RuleSourceFactory.java:32)
	at de.uka.ilkd.key.proof.io.RuleSourceFactory.fromDefaultLocation(RuleSourceFactory.java:21)
	at de.uka.ilkd.key.nparser.builder.IncludeFinder.addInclude(IncludeFinder.java:63)
	at de.uka.ilkd.key.nparser.builder.IncludeFinder.visitOne_include(IncludeFinder.java:43)
	at de.uka.ilkd.key.nparser.builder.IncludeFinder.visitOne_include(IncludeFinder.java:20)
	at de.uka.ilkd.key.nparser.KeYParser$One_includeContext.accept(KeYParser.java:878)
	at de.uka.ilkd.key.nparser.builder.AbstractBuilder.lambda$mapOf$0(AbstractBuilder.java:112)
	at java.base/java.util.stream.ReferencePipeline$3$1.accept(ReferencePipeline.java:195)
	at java.base/java.util.ArrayList$ArrayListSpliterator.forEachRemaining(ArrayList.java:1655)
	at java.base/java.util.stream.AbstractPipeline.copyInto(AbstractPipeline.java:484)
	at java.base/java.util.stream.AbstractPipeline.wrapAndCopyInto(AbstractPipeline.java:474)
	at java.base/java.util.stream.ReduceOps$ReduceOp.evaluateSequential(ReduceOps.java:913)
	at java.base/java.util.stream.AbstractPipeline.evaluate(AbstractPipeline.java:234)
	at java.base/java.util.stream.ReferencePipeline.collect(ReferencePipeline.java:578)
	at de.uka.ilkd.key.nparser.builder.AbstractBuilder.mapOf(AbstractBuilder.java:112)
	at de.uka.ilkd.key.nparser.builder.IncludeFinder.visitOne_include_statement(IncludeFinder.java:35)
	at de.uka.ilkd.key.nparser.builder.IncludeFinder.visitOne_include_statement(IncludeFinder.java:20)
	at de.uka.ilkd.key.nparser.KeYParser$One_include_statementContext.accept(KeYParser.java:802)
	at org.antlr.v4.runtime.tree.AbstractParseTreeVisitor.visitChildren(AbstractParseTreeVisitor.java:46)
	at de.uka.ilkd.key.nparser.KeYParserBaseVisitor.visitDecls(KeYParserBaseVisitor.java:30)
	at de.uka.ilkd.key.nparser.KeYParser$DeclsContext.accept(KeYParser.java:500)
	at org.antlr.v4.runtime.tree.AbstractParseTreeVisitor.visitChildren(AbstractParseTreeVisitor.java:46)
	at de.uka.ilkd.key.nparser.KeYParserBaseVisitor.visitFile(KeYParserBaseVisitor.java:23)
	at de.uka.ilkd.key.nparser.KeYParser$FileContext.accept(KeYParser.java:306)
	at de.uka.ilkd.key.nparser.KeyAst.accept(KeyAst.java:41)
	at de.uka.ilkd.key.nparser.KeyAst$File.getIncludes(KeyAst.java:76)
	at de.uka.ilkd.key.proof.io.KeYFile.readIncludes(KeYFile.java:208)
	... 14 more
Could not find rule file rules/intRulesCheckedSemantics.key (file: /home/runner/work/key/key/key.core/../key.ui/examples/index/.././heap/list_ghost/ArrayList_size.key; caused by: de.uka.ilkd.key.proof.init.ProofInputException: Could not find rule file rules/intRulesCheckedSemantics.key)
	at de.uka.ilkd.key.control.AbstractUserInterfaceControl.load(AbstractUserInterfaceControl.java:221)
	at de.uka.ilkd.key.control.KeYEnvironment.load(KeYEnvironment.java:251)
	at de.uka.ilkd.key.control.KeYEnvironment.load(KeYEnvironment.java:224)
	at de.uka.ilkd.key.control.KeYEnvironment.load(KeYEnvironment.java:184)
	at de.uka.ilkd.key.control.KeYEnvironment.load(KeYEnvironment.java:261)
	at de.uka.ilkd.key.proof.runallproofs.proofcollection.TestFile.load(TestFile.java:270)
	at de.uka.ilkd.key.proof.runallproofs.proofcollection.TestFile.runKey(TestFile.java:160)
	at de.uka.ilkd.key.proof.runallproofs.proofcollection.ForkedTestFileRunner.main(ForkedTestFileRunner.java:171)
Caused by: de.uka.ilkd.key.proof.init.ProofInputException: Could not find rule file rules/intRulesCheckedSemantics.key
	at de.uka.ilkd.key.proof.io.KeYFile.readIncludes(KeYFile.java:210)
	at de.uka.ilkd.key.proof.init.ProblemInitializer.readIncludes(ProblemInitializer.java:177)
	at de.uka.ilkd.key.proof.init.ProblemInitializer.readEnvInput(ProblemInitializer.java:325)
	at de.uka.ilkd.key.proof.init.ProblemInitializer.prepare(ProblemInitializer.java:449)
	at de.uka.ilkd.key.proof.io.AbstractProblemLoader.createInitConfig(AbstractProblemLoader.java:518)
	at de.uka.ilkd.key.proof.io.AbstractProblemLoader.loadEnvironment(AbstractProblemLoader.java:288)
	at de.uka.ilkd.key.proof.io.AbstractProblemLoader.load(AbstractProblemLoader.java:252)
	at de.uka.ilkd.key.control.AbstractUserInterfaceControl.load(AbstractUserInterfaceControl.java:209)
	... 7 more
Caused by: java.lang.RuntimeException: Could not find rule file rules/intRulesCheckedSemantics.key
	at de.uka.ilkd.key.proof.io.RuleSourceFactory.fromBuiltInRule(RuleSourceFactory.java:32)
	at de.uka.ilkd.key.proof.io.RuleSourceFactory.fromDefaultLocation(RuleSourceFactory.java:21)
	at de.uka.ilkd.key.nparser.builder.IncludeFinder.addInclude(IncludeFinder.java:63)
	at de.uka.ilkd.key.nparser.builder.IncludeFinder.visitOne_include(IncludeFinder.java:43)
	at de.uka.ilkd.key.nparser.builder.IncludeFinder.visitOne_include(IncludeFinder.java:20)
	at de.uka.ilkd.key.nparser.KeYParser$One_includeContext.accept(KeYParser.java:878)
	at de.uka.ilkd.key.nparser.builder.AbstractBuilder.lambda$mapOf$0(AbstractBuilder.java:112)
	at java.base/java.util.stream.ReferencePipeline$3$1.accept(ReferencePipeline.java:195)
	at java.base/java.util.ArrayList$ArrayListSpliterator.forEachRemaining(ArrayList.java:1655)
	at java.base/java.util.stream.AbstractPipeline.copyInto(AbstractPipeline.java:484)
	at java.base/java.util.stream.AbstractPipeline.wrapAndCopyInto(AbstractPipeline.java:474)
	at java.base/java.util.stream.ReduceOps$ReduceOp.evaluateSequential(ReduceOps.java:913)
	at java.base/java.util.stream.AbstractPipeline.evaluate(AbstractPipeline.java:234)
	at java.base/java.util.stream.ReferencePipeline.collect(ReferencePipeline.java:578)
	at de.uka.ilkd.key.nparser.builder.AbstractBuilder.mapOf(AbstractBuilder.java:112)
	at de.uka.ilkd.key.nparser.builder.IncludeFinder.visitOne_include_statement(IncludeFinder.java:35)
	at de.uka.ilkd.key.nparser.builder.IncludeFinder.visitOne_include_statement(IncludeFinder.java:20)
	at de.uka.ilkd.key.nparser.KeYParser$One_include_statementContext.accept(KeYParser.java:802)
	at org.antlr.v4.runtime.tree.AbstractParseTreeVisitor.visitChildren(AbstractParseTreeVisitor.java:46)
	at de.uka.ilkd.key.nparser.KeYParserBaseVisitor.visitDecls(KeYParserBaseVisitor.java:30)
	at de.uka.ilkd.key.nparser.KeYParser$DeclsContext.accept(KeYParser.java:500)
	at org.antlr.v4.runtime.tree.AbstractParseTreeVisitor.visitChildren(AbstractParseTreeVisitor.java:46)
	at de.uka.ilkd.key.nparser.KeYParserBaseVisitor.visitFile(KeYParserBaseVisitor.java:23)
	at de.uka.ilkd.key.nparser.KeYParser$FileContext.accept(KeYParser.java:306)
	at de.uka.ilkd.key.nparser.KeyAst.accept(KeyAst.java:41)
	at de.uka.ilkd.key.nparser.KeyAst$File.getIncludes(KeyAst.java:76)
	at de.uka.ilkd.key.proof.io.KeYFile.readIncludes(KeYFile.java:208)
	... 14 more
Exception in thread "main" org.opentest4j.AssertionFailedError: Exception during the execution of proofs. See log for more details.
	at org.junit.jupiter.api.AssertionUtils.fail(AssertionUtils.java:39)
	at org.junit.jupiter.api.Assertions.fail(Assertions.java:134)
	at de.uka.ilkd.key.proof.runallproofs.proofcollection.ForkedTestFileRunner.main(ForkedTestFileRunner.java:192)
Timeout watcher launched (2000 secs.)
Could not find rule file rules/intRulesCheckedSemantics.key (file: /home/runner/work/key/key/key.core/../key.ui/examples/index/.././heap/list_recursiveSpec/ListOperationsNonNull_getNextNN_normal_behavior.key; caused by: de.uka.ilkd.key.proof.init.ProofInputException: Could not find rule file rules/intRulesCheckedSemantics.key)
	at de.uka.ilkd.key.control.AbstractUserInterfaceControl.load(AbstractUserInterfaceControl.java:221)
	at de.uka.ilkd.key.control.KeYEnvironment.load(KeYEnvironment.java:251)
	at de.uka.ilkd.key.control.KeYEnvironment.load(KeYEnvironment.java:224)
	at de.uka.ilkd.key.control.KeYEnvironment.load(KeYEnvironment.java:184)
	at de.uka.ilkd.key.control.KeYEnvironment.load(KeYEnvironment.java:261)
	at de.uka.ilkd.key.proof.runallproofs.proofcollection.TestFile.load(TestFile.java:270)
	at de.uka.ilkd.key.proof.runallproofs.proofcollection.TestFile.runKey(TestFile.java:160)
	at de.uka.ilkd.key.proof.runallproofs.proofcollection.ForkedTestFileRunner.main(ForkedTestFileRunner.java:171)
Caused by: de.uka.ilkd.key.proof.init.ProofInputException: Could not find rule file rules/intRulesCheckedSemantics.key
	at de.uka.ilkd.key.proof.io.KeYFile.readIncludes(KeYFile.java:210)
	at de.uka.ilkd.key.proof.init.ProblemInitializer.readIncludes(ProblemInitializer.java:177)
	at de.uka.ilkd.key.proof.init.ProblemInitializer.readEnvInput(ProblemInitializer.java:325)
	at de.uka.ilkd.key.proof.init.ProblemInitializer.prepare(ProblemInitializer.java:449)
	at de.uka.ilkd.key.proof.io.AbstractProblemLoader.createInitConfig(AbstractProblemLoader.java:518)
	at de.uka.ilkd.key.proof.io.AbstractProblemLoader.loadEnvironment(AbstractProblemLoader.java:288)
	at de.uka.ilkd.key.proof.io.AbstractProblemLoader.load(AbstractProblemLoader.java:252)
	at de.uka.ilkd.key.control.AbstractUserInterfaceControl.load(AbstractUserInterfaceControl.java:209)
	... 7 more
Caused by: java.lang.RuntimeException: Could not find rule file rules/intRulesCheckedSemantics.key
	at de.uka.ilkd.key.proof.io.RuleSourceFactory.fromBuiltInRule(RuleSourceFactory.java:32)
	at de.uka.ilkd.key.proof.io.RuleSourceFactory.fromDefaultLocation(RuleSourceFactory.java:21)
	at de.uka.ilkd.key.nparser.builder.IncludeFinder.addInclude(IncludeFinder.java:63)
	at de.uka.ilkd.key.nparser.builder.IncludeFinder.visitOne_include(IncludeFinder.java:43)
	at de.uka.ilkd.key.nparser.builder.IncludeFinder.visitOne_include(IncludeFinder.java:20)
	at de.uka.ilkd.key.nparser.KeYParser$One_includeContext.accept(KeYParser.java:878)
	at de.uka.ilkd.key.nparser.builder.AbstractBuilder.lambda$mapOf$0(AbstractBuilder.java:112)
	at java.base/java.util.stream.ReferencePipeline$3$1.accept(ReferencePipeline.java:195)
	at java.base/java.util.ArrayList$ArrayListSpliterator.forEachRemaining(ArrayList.java:1655)
	at java.base/java.util.stream.AbstractPipeline.copyInto(AbstractPipeline.java:484)
	at java.base/java.util.stream.AbstractPipeline.wrapAndCopyInto(AbstractPipeline.java:474)
	at java.base/java.util.stream.ReduceOps$ReduceOp.evaluateSequential(ReduceOps.java:913)
	at java.base/java.util.stream.AbstractPipeline.evaluate(AbstractPipeline.java:234)
	at java.base/java.util.stream.ReferencePipeline.collect(ReferencePipeline.java:578)
	at de.uka.ilkd.key.nparser.builder.AbstractBuilder.mapOf(AbstractBuilder.java:112)
	at de.uka.ilkd.key.nparser.builder.IncludeFinder.visitOne_include_statement(IncludeFinder.java:35)
	at de.uka.ilkd.key.nparser.builder.IncludeFinder.visitOne_include_statement(IncludeFinder.java:20)
	at de.uka.ilkd.key.nparser.KeYParser$One_include_statementContext.accept(KeYParser.java:802)
	at org.antlr.v4.runtime.tree.AbstractParseTreeVisitor.visitChildren(AbstractParseTreeVisitor.java:46)
	at de.uka.ilkd.key.nparser.KeYParserBaseVisitor.visitDecls(KeYParserBaseVisitor.java:30)
	at de.uka.ilkd.key.nparser.KeYParser$DeclsContext.accept(KeYParser.java:500)
	at org.antlr.v4.runtime.tree.AbstractParseTreeVisitor.visitChildren(AbstractParseTreeVisitor.java:46)
	at de.uka.ilkd.key.nparser.KeYParserBaseVisitor.visitFile(KeYParserBaseVisitor.java:23)
	at de.uka.ilkd.key.nparser.KeYParser$FileContext.accept(KeYParser.java:306)
	at de.uka.ilkd.key.nparser.KeyAst.accept(KeyAst.java:41)
	at de.uka.ilkd.key.nparser.KeyAst$File.getIncludes(KeyAst.java:76)
	at de.uka.ilkd.key.proof.io.KeYFile.readIncludes(KeYFile.java:208)
	... 14 more
Could not find rule file rules/intRulesCheckedSemantics.key (file: /home/runner/work/key/key/key.core/../key.ui/examples/index/.././heap/list_recursiveSpec/ListOperationsNonNull_setValueAt_normal_behavior.key; caused by: de.uka.ilkd.key.proof.init.ProofInputException: Could not find rule file rules/intRulesCheckedSemantics.key)
	at de.uka.ilkd.key.control.AbstractUserInterfaceControl.load(AbstractUserInterfaceControl.java:221)
	at de.uka.ilkd.key.control.KeYEnvironment.load(KeYEnvironment.java:251)
	at de.uka.ilkd.key.control.KeYEnvironment.load(KeYEnvironment.java:224)
	at de.uka.ilkd.key.control.KeYEnvironment.load(KeYEnvironment.java:184)
	at de.uka.ilkd.key.control.KeYEnvironment.load(KeYEnvironment.java:261)
	at de.uka.ilkd.key.proof.runallproofs.proofcollection.TestFile.load(TestFile.java:270)
	at de.uka.ilkd.key.proof.runallproofs.proofcollection.TestFile.runKey(TestFile.java:160)
	at de.uka.ilkd.key.proof.runallproofs.proofcollection.ForkedTestFileRunner.main(ForkedTestFileRunner.java:171)
Caused by: de.uka.ilkd.key.proof.init.ProofInputException: Could not find rule file rules/intRulesCheckedSemantics.key
	at de.uka.ilkd.key.proof.io.KeYFile.readIncludes(KeYFile.java:210)
	at de.uka.ilkd.key.proof.init.ProblemInitializer.readIncludes(ProblemInitializer.java:177)
	at de.uka.ilkd.key.proof.init.ProblemInitializer.readEnvInput(ProblemInitializer.java:325)
	at de.uka.ilkd.key.proof.init.ProblemInitializer.prepare(ProblemInitializer.java:449)
	at de.uka.ilkd.key.proof.io.AbstractProblemLoader.createInitConfig(AbstractProblemLoader.java:518)
	at de.uka.ilkd.key.proof.io.AbstractProblemLoader.loadEnvironment(AbstractProblemLoader.java:288)
	at de.uka.ilkd.key.proof.io.AbstractProblemLoader.load(AbstractProblemLoader.java:252)
	at de.uka.ilkd.key.control.AbstractUserInterfaceControl.load(AbstractUserInterfaceControl.java:209)
	... 7 more
Caused by: java.lang.RuntimeException: Could not find rule file rules/intRulesCheckedSemantics.key
	at de.uka.ilkd.key.proof.io.RuleSourceFactory.fromBuiltInRule(RuleSourceFactory.java:32)
	at de.uka.ilkd.key.proof.io.RuleSourceFactory.fromDefaultLocation(RuleSourceFactory.java:21)
	at de.uka.ilkd.key.nparser.builder.IncludeFinder.addInclude(IncludeFinder.java:63)
	at de.uka.ilkd.key.nparser.builder.IncludeFinder.visitOne_include(IncludeFinder.java:43)
	at de.uka.ilkd.key.nparser.builder.IncludeFinder.visitOne_include(IncludeFinder.java:20)
	at de.uka.ilkd.key.nparser.KeYParser$One_includeContext.accept(KeYParser.java:878)
	at de.uka.ilkd.key.nparser.builder.AbstractBuilder.lambda$mapOf$0(AbstractBuilder.java:112)
	at java.base/java.util.stream.ReferencePipeline$3$1.accept(ReferencePipeline.java:195)
	at java.base/java.util.ArrayList$ArrayListSpliterator.forEachRemaining(ArrayList.java:1655)
	at java.base/java.util.stream.AbstractPipeline.copyInto(AbstractPipeline.java:484)
	at java.base/java.util.stream.AbstractPipeline.wrapAndCopyInto(AbstractPipeline.java:474)
	at java.base/java.util.stream.ReduceOps$ReduceOp.evaluateSequential(ReduceOps.java:913)
	at java.base/java.util.stream.AbstractPipeline.evaluate(AbstractPipeline.java:234)
	at java.base/java.util.stream.ReferencePipeline.collect(ReferencePipeline.java:578)
	at de.uka.ilkd.key.nparser.builder.AbstractBuilder.mapOf(AbstractBuilder.java:112)
	at de.uka.ilkd.key.nparser.builder.IncludeFinder.visitOne_include_statement(IncludeFinder.java:35)
	at de.uka.ilkd.key.nparser.builder.IncludeFinder.visitOne_include_statement(IncludeFinder.java:20)
	at de.uka.ilkd.key.nparser.KeYParser$One_include_statementContext.accept(KeYParser.java:802)
	at org.antlr.v4.runtime.tree.AbstractParseTreeVisitor.visitChildren(AbstractParseTreeVisitor.java:46)
	at de.uka.ilkd.key.nparser.KeYParserBaseVisitor.visitDecls(KeYParserBaseVisitor.java:30)
	at de.uka.ilkd.key.nparser.KeYParser$DeclsContext.accept(KeYParser.java:500)
	at org.antlr.v4.runtime.tree.AbstractParseTreeVisitor.visitChildren(AbstractParseTreeVisitor.java:46)
	at de.uka.ilkd.key.nparser.KeYParserBaseVisitor.visitFile(KeYParserBaseVisitor.java:23)
	at de.uka.ilkd.key.nparser.KeYParser$FileContext.accept(KeYParser.java:306)
	at de.uka.ilkd.key.nparser.KeyAst.accept(KeyAst.java:41)
	at de.uka.ilkd.key.nparser.KeyAst$File.getIncludes(KeyAst.java:76)
	at de.uka.ilkd.key.proof.io.KeYFile.readIncludes(KeYFile.java:208)
	... 14 more
Exception in thread "main" org.opentest4j.AssertionFailedError: Exception during the execution of proofs. See log for more details.
	at org.junit.jupiter.api.AssertionUtils.fail(AssertionUtils.java:39)
	at org.junit.jupiter.api.Assertions.fail(Assertions.java:134)
	at de.uka.ilkd.key.proof.runallproofs.proofcollection.ForkedTestFileRunner.main(ForkedTestFileRunner.java:192)
Timeout watcher launched (2000 secs.)
Could not find rule file rules/intRulesCheckedSemantics.key (file: /home/runner/work/key/key/key.core/../key.ui/examples/index/.././heap/list_seq/SimplifiedLinkedList.remove.key; caused by: de.uka.ilkd.key.proof.init.ProofInputException: Could not find rule file rules/intRulesCheckedSemantics.key)
	at de.uka.ilkd.key.control.AbstractUserInterfaceControl.load(AbstractUserInterfaceControl.java:221)
	at de.uka.ilkd.key.control.KeYEnvironment.load(KeYEnvironment.java:251)
	at de.uka.ilkd.key.control.KeYEnvironment.load(KeYEnvironment.java:224)
	at de.uka.ilkd.key.control.KeYEnvironment.load(KeYEnvironment.java:184)
	at de.uka.ilkd.key.control.KeYEnvironment.load(KeYEnvironment.java:261)
	at de.uka.ilkd.key.proof.runallproofs.proofcollection.TestFile.load(TestFile.java:270)
	at de.uka.ilkd.key.proof.runallproofs.proofcollection.TestFile.runKey(TestFile.java:160)
	at de.uka.ilkd.key.proof.runallproofs.proofcollection.ForkedTestFileRunner.main(ForkedTestFileRunner.java:171)
Caused by: de.uka.ilkd.key.proof.init.ProofInputException: Could not find rule file rules/intRulesCheckedSemantics.key
	at de.uka.ilkd.key.proof.io.KeYFile.readIncludes(KeYFile.java:210)
	at de.uka.ilkd.key.proof.init.ProblemInitializer.readIncludes(ProblemInitializer.java:177)
	at de.uka.ilkd.key.proof.init.ProblemInitializer.readEnvInput(ProblemInitializer.java:325)
	at de.uka.ilkd.key.proof.init.ProblemInitializer.prepare(ProblemInitializer.java:449)
	at de.uka.ilkd.key.proof.io.AbstractProblemLoader.createInitConfig(AbstractProblemLoader.java:518)
	at de.uka.ilkd.key.proof.io.AbstractProblemLoader.loadEnvironment(AbstractProblemLoader.java:288)
	at de.uka.ilkd.key.proof.io.AbstractProblemLoader.load(AbstractProblemLoader.java:252)
	at de.uka.ilkd.key.control.AbstractUserInterfaceControl.load(AbstractUserInterfaceControl.java:209)
	... 7 more
Caused by: java.lang.RuntimeException: Could not find rule file rules/intRulesCheckedSemantics.key
	at de.uka.ilkd.key.proof.io.RuleSourceFactory.fromBuiltInRule(RuleSourceFactory.java:32)
	at de.uka.ilkd.key.proof.io.RuleSourceFactory.fromDefaultLocation(RuleSourceFactory.java:21)
	at de.uka.ilkd.key.nparser.builder.IncludeFinder.addInclude(IncludeFinder.java:63)
	at de.uka.ilkd.key.nparser.builder.IncludeFinder.visitOne_include(IncludeFinder.java:43)
	at de.uka.ilkd.key.nparser.builder.IncludeFinder.visitOne_include(IncludeFinder.java:20)
	at de.uka.ilkd.key.nparser.KeYParser$One_includeContext.accept(KeYParser.java:878)
	at de.uka.ilkd.key.nparser.builder.AbstractBuilder.lambda$mapOf$0(AbstractBuilder.java:112)
	at java.base/java.util.stream.ReferencePipeline$3$1.accept(ReferencePipeline.java:195)
	at java.base/java.util.ArrayList$ArrayListSpliterator.forEachRemaining(ArrayList.java:1655)
	at java.base/java.util.stream.AbstractPipeline.copyInto(AbstractPipeline.java:484)
	at java.base/java.util.stream.AbstractPipeline.wrapAndCopyInto(AbstractPipeline.java:474)
	at java.base/java.util.stream.ReduceOps$ReduceOp.evaluateSequential(ReduceOps.java:913)
	at java.base/java.util.stream.AbstractPipeline.evaluate(AbstractPipeline.java:234)
	at java.base/java.util.stream.ReferencePipeline.collect(ReferencePipeline.java:578)
	at de.uka.ilkd.key.nparser.builder.AbstractBuilder.mapOf(AbstractBuilder.java:112)
	at de.uka.ilkd.key.nparser.builder.IncludeFinder.visitOne_include_statement(IncludeFinder.java:35)
	at de.uka.ilkd.key.nparser.builder.IncludeFinder.visitOne_include_statement(IncludeFinder.java:20)
	at de.uka.ilkd.key.nparser.KeYParser$One_include_statementContext.accept(KeYParser.java:802)
	at org.antlr.v4.runtime.tree.AbstractParseTreeVisitor.visitChildren(AbstractParseTreeVisitor.java:46)
	at de.uka.ilkd.key.nparser.KeYParserBaseVisitor.visitDecls(KeYParserBaseVisitor.java:30)
	at de.uka.ilkd.key.nparser.KeYParser$DeclsContext.accept(KeYParser.java:500)
	at org.antlr.v4.runtime.tree.AbstractParseTreeVisitor.visitChildren(AbstractParseTreeVisitor.java:46)
	at de.uka.ilkd.key.nparser.KeYParserBaseVisitor.visitFile(KeYParserBaseVisitor.java:23)
	at de.uka.ilkd.key.nparser.KeYParser$FileContext.accept(KeYParser.java:306)
	at de.uka.ilkd.key.nparser.KeyAst.accept(KeyAst.java:41)
	at de.uka.ilkd.key.nparser.KeyAst$File.getIncludes(KeyAst.java:76)
	at de.uka.ilkd.key.proof.io.KeYFile.readIncludes(KeYFile.java:208)
	... 14 more
Could not find rule file rules/intRulesCheckedSemantics.key (file: /home/runner/work/key/key/key.core/../key.ui/examples/index/.././heap/list_seq/ArrayList.ArrayList.key; caused by: de.uka.ilkd.key.proof.init.ProofInputException: Could not find rule file rules/intRulesCheckedSemantics.key)
	at de.uka.ilkd.key.control.AbstractUserInterfaceControl.load(AbstractUserInterfaceControl.java:221)
	at de.uka.ilkd.key.control.KeYEnvironment.load(KeYEnvironment.java:251)
	at de.uka.ilkd.key.control.KeYEnvironment.load(KeYEnvironment.java:224)
	at de.uka.ilkd.key.control.KeYEnvironment.load(KeYEnvironment.java:184)
	at de.uka.ilkd.key.control.KeYEnvironment.load(KeYEnvironment.java:261)
	at de.uka.ilkd.key.proof.runallproofs.proofcollection.TestFile.load(TestFile.java:270)
	at de.uka.ilkd.key.proof.runallproofs.proofcollection.TestFile.runKey(TestFile.java:160)
	at de.uka.ilkd.key.proof.runallproofs.proofcollection.ForkedTestFileRunner.main(ForkedTestFileRunner.java:171)
Caused by: de.uka.ilkd.key.proof.init.ProofInputException: Could not find rule file rules/intRulesCheckedSemantics.key
	at de.uka.ilkd.key.proof.io.KeYFile.readIncludes(KeYFile.java:210)
	at de.uka.ilkd.key.proof.init.ProblemInitializer.readIncludes(ProblemInitializer.java:177)
	at de.uka.ilkd.key.proof.init.ProblemInitializer.readEnvInput(ProblemInitializer.java:325)
	at de.uka.ilkd.key.proof.init.ProblemInitializer.prepare(ProblemInitializer.java:449)
	at de.uka.ilkd.key.proof.io.AbstractProblemLoader.createInitConfig(AbstractProblemLoader.java:518)
	at de.uka.ilkd.key.proof.io.AbstractProblemLoader.loadEnvironment(AbstractProblemLoader.java:288)
	at de.uka.ilkd.key.proof.io.AbstractProblemLoader.load(AbstractProblemLoader.java:252)
	at de.uka.ilkd.key.control.AbstractUserInterfaceControl.load(AbstractUserInterfaceControl.java:209)
	... 7 more
Caused by: java.lang.RuntimeException: Could not find rule file rules/intRulesCheckedSemantics.key
	at de.uka.ilkd.key.proof.io.RuleSourceFactory.fromBuiltInRule(RuleSourceFactory.java:32)
	at de.uka.ilkd.key.proof.io.RuleSourceFactory.fromDefaultLocation(RuleSourceFactory.java:21)
	at de.uka.ilkd.key.nparser.builder.IncludeFinder.addInclude(IncludeFinder.java:63)
	at de.uka.ilkd.key.nparser.builder.IncludeFinder.visitOne_include(IncludeFinder.java:43)
	at de.uka.ilkd.key.nparser.builder.IncludeFinder.visitOne_include(IncludeFinder.java:20)
	at de.uka.ilkd.key.nparser.KeYParser$One_includeContext.accept(KeYParser.java:878)
	at de.uka.ilkd.key.nparser.builder.AbstractBuilder.lambda$mapOf$0(AbstractBuilder.java:112)
	at java.base/java.util.stream.ReferencePipeline$3$1.accept(ReferencePipeline.java:195)
	at java.base/java.util.ArrayList$ArrayListSpliterator.forEachRemaining(ArrayList.java:1655)
	at java.base/java.util.stream.AbstractPipeline.copyInto(AbstractPipeline.java:484)
	at java.base/java.util.stream.AbstractPipeline.wrapAndCopyInto(AbstractPipeline.java:474)
	at java.base/java.util.stream.ReduceOps$ReduceOp.evaluateSequential(ReduceOps.java:913)
	at java.base/java.util.stream.AbstractPipeline.evaluate(AbstractPipeline.java:234)
	at java.base/java.util.stream.ReferencePipeline.collect(ReferencePipeline.java:578)
	at de.uka.ilkd.key.nparser.builder.AbstractBuilder.mapOf(AbstractBuilder.java:112)
	at de.uka.ilkd.key.nparser.builder.IncludeFinder.visitOne_include_statement(IncludeFinder.java:35)
	at de.uka.ilkd.key.nparser.builder.IncludeFinder.visitOne_include_statement(IncludeFinder.java:20)
	at de.uka.ilkd.key.nparser.KeYParser$One_include_statementContext.accept(KeYParser.java:802)
	at org.antlr.v4.runtime.tree.AbstractParseTreeVisitor.visitChildren(AbstractParseTreeVisitor.java:46)
	at de.uka.ilkd.key.nparser.KeYParserBaseVisitor.visitDecls(KeYParserBaseVisitor.java:30)
	at de.uka.ilkd.key.nparser.KeYParser$DeclsContext.accept(KeYParser.java:500)
	at org.antlr.v4.runtime.tree.AbstractParseTreeVisitor.visitChildren(AbstractParseTreeVisitor.java:46)
	at de.uka.ilkd.key.nparser.KeYParserBaseVisitor.visitFile(KeYParserBaseVisitor.java:23)
	at de.uka.ilkd.key.nparser.KeYParser$FileContext.accept(KeYParser.java:306)
	at de.uka.ilkd.key.nparser.KeyAst.accept(KeyAst.java:41)
	at de.uka.ilkd.key.nparser.KeyAst$File.getIncludes(KeyAst.java:76)
	at de.uka.ilkd.key.proof.io.KeYFile.readIncludes(KeYFile.java:208)
	... 14 more
Could not find rule file rules/intRulesCheckedSemantics.key (file: /home/runner/work/key/key/key.core/../key.ui/examples/index/.././heap/list_seq/ArrayList.add.key; caused by: de.uka.ilkd.key.proof.init.ProofInputException: Could not find rule file rules/intRulesCheckedSemantics.key)
	at de.uka.ilkd.key.control.AbstractUserInterfaceControl.load(AbstractUserInterfaceControl.java:221)
	at de.uka.ilkd.key.control.KeYEnvironment.load(KeYEnvironment.java:251)
	at de.uka.ilkd.key.control.KeYEnvironment.load(KeYEnvironment.java:224)
	at de.uka.ilkd.key.control.KeYEnvironment.load(KeYEnvironment.java:184)
	at de.uka.ilkd.key.control.KeYEnvironment.load(KeYEnvironment.java:261)
	at de.uka.ilkd.key.proof.runallproofs.proofcollection.TestFile.load(TestFile.java:270)
	at de.uka.ilkd.key.proof.runallproofs.proofcollection.TestFile.runKey(TestFile.java:160)
	at de.uka.ilkd.key.proof.runallproofs.proofcollection.ForkedTestFileRunner.main(ForkedTestFileRunner.java:171)
Caused by: de.uka.ilkd.key.proof.init.ProofInputException: Could not find rule file rules/intRulesCheckedSemantics.key
	at de.uka.ilkd.key.proof.io.KeYFile.readIncludes(KeYFile.java:210)
	at de.uka.ilkd.key.proof.init.ProblemInitializer.readIncludes(ProblemInitializer.java:177)
	at de.uka.ilkd.key.proof.init.ProblemInitializer.readEnvInput(ProblemInitializer.java:325)
	at de.uka.ilkd.key.proof.init.ProblemInitializer.prepare(ProblemInitializer.java:449)
	at de.uka.ilkd.key.proof.io.AbstractProblemLoader.createInitConfig(AbstractProblemLoader.java:518)
	at de.uka.ilkd.key.proof.io.AbstractProblemLoader.loadEnvironment(AbstractProblemLoader.java:288)
	at de.uka.ilkd.key.proof.io.AbstractProblemLoader.load(AbstractProblemLoader.java:252)
	at de.uka.ilkd.key.control.AbstractUserInterfaceControl.load(AbstractUserInterfaceControl.java:209)
	... 7 more
Caused by: java.lang.RuntimeException: Could not find rule file rules/intRulesCheckedSemantics.key
	at de.uka.ilkd.key.proof.io.RuleSourceFactory.fromBuiltInRule(RuleSourceFactory.java:32)
	at de.uka.ilkd.key.proof.io.RuleSourceFactory.fromDefaultLocation(RuleSourceFactory.java:21)
	at de.uka.ilkd.key.nparser.builder.IncludeFinder.addInclude(IncludeFinder.java:63)
	at de.uka.ilkd.key.nparser.builder.IncludeFinder.visitOne_include(IncludeFinder.java:43)
	at de.uka.ilkd.key.nparser.builder.IncludeFinder.visitOne_include(IncludeFinder.java:20)
	at de.uka.ilkd.key.nparser.KeYParser$One_includeContext.accept(KeYParser.java:878)
	at de.uka.ilkd.key.nparser.builder.AbstractBuilder.lambda$mapOf$0(AbstractBuilder.java:112)
	at java.base/java.util.stream.ReferencePipeline$3$1.accept(ReferencePipeline.java:195)
	at java.base/java.util.ArrayList$ArrayListSpliterator.forEachRemaining(ArrayList.java:1655)
	at java.base/java.util.stream.AbstractPipeline.copyInto(AbstractPipeline.java:484)
	at java.base/java.util.stream.AbstractPipeline.wrapAndCopyInto(AbstractPipeline.java:474)
	at java.base/java.util.stream.ReduceOps$ReduceOp.evaluateSequential(ReduceOps.java:913)
	at java.base/java.util.stream.AbstractPipeline.evaluate(AbstractPipeline.java:234)
	at java.base/java.util.stream.ReferencePipeline.collect(ReferencePipeline.java:578)
	at de.uka.ilkd.key.nparser.builder.AbstractBuilder.mapOf(AbstractBuilder.java:112)
	at de.uka.ilkd.key.nparser.builder.IncludeFinder.visitOne_include_statement(IncludeFinder.java:35)
	at de.uka.ilkd.key.nparser.builder.IncludeFinder.visitOne_include_statement(IncludeFinder.java:20)
	at de.uka.ilkd.key.nparser.KeYParser$One_include_statementContext.accept(KeYParser.java:802)
	at org.antlr.v4.runtime.tree.AbstractParseTreeVisitor.visitChildren(AbstractParseTreeVisitor.java:46)
	at de.uka.ilkd.key.nparser.KeYParserBaseVisitor.visitDecls(KeYParserBaseVisitor.java:30)
	at de.uka.ilkd.key.nparser.KeYParser$DeclsContext.accept(KeYParser.java:500)
	at org.antlr.v4.runtime.tree.AbstractParseTreeVisitor.visitChildren(AbstractParseTreeVisitor.java:46)
	at de.uka.ilkd.key.nparser.KeYParserBaseVisitor.visitFile(KeYParserBaseVisitor.java:23)
	at de.uka.ilkd.key.nparser.KeYParser$FileContext.accept(KeYParser.java:306)
	at de.uka.ilkd.key.nparser.KeyAst.accept(KeyAst.java:41)
	at de.uka.ilkd.key.nparser.KeyAst$File.getIncludes(KeyAst.java:76)
	at de.uka.ilkd.key.proof.io.KeYFile.readIncludes(KeYFile.java:208)
	... 14 more
Could not find rule file rules/intRulesCheckedSemantics.key (file: /home/runner/work/key/key/key.core/../key.ui/examples/index/.././heap/list_seq/ArrayList.contains.key; caused by: de.uka.ilkd.key.proof.init.ProofInputException: Could not find rule file rules/intRulesCheckedSemantics.key)
	at de.uka.ilkd.key.control.AbstractUserInterfaceControl.load(AbstractUserInterfaceControl.java:221)
	at de.uka.ilkd.key.control.KeYEnvironment.load(KeYEnvironment.java:251)
	at de.uka.ilkd.key.control.KeYEnvironment.load(KeYEnvironment.java:224)
	at de.uka.ilkd.key.control.KeYEnvironment.load(KeYEnvironment.java:184)
	at de.uka.ilkd.key.control.KeYEnvironment.load(KeYEnvironment.java:261)
	at de.uka.ilkd.key.proof.runallproofs.proofcollection.TestFile.load(TestFile.java:270)
	at de.uka.ilkd.key.proof.runallproofs.proofcollection.TestFile.runKey(TestFile.java:160)
	at de.uka.ilkd.key.proof.runallproofs.proofcollection.ForkedTestFileRunner.main(ForkedTestFileRunner.java:171)
Caused by: de.uka.ilkd.key.proof.init.ProofInputException: Could not find rule file rules/intRulesCheckedSemantics.key
	at de.uka.ilkd.key.proof.io.KeYFile.readIncludes(KeYFile.java:210)
	at de.uka.ilkd.key.proof.init.ProblemInitializer.readIncludes(ProblemInitializer.java:177)
	at de.uka.ilkd.key.proof.init.ProblemInitializer.readEnvInput(ProblemInitializer.java:325)
	at de.uka.ilkd.key.proof.init.ProblemInitializer.prepare(ProblemInitializer.java:449)
	at de.uka.ilkd.key.proof.io.AbstractProblemLoader.createInitConfig(AbstractProblemLoader.java:518)
	at de.uka.ilkd.key.proof.io.AbstractProblemLoader.loadEnvironment(AbstractProblemLoader.java:288)
	at de.uka.ilkd.key.proof.io.AbstractProblemLoader.load(AbstractProblemLoader.java:252)
	at de.uka.ilkd.key.control.AbstractUserInterfaceControl.load(AbstractUserInterfaceControl.java:209)
	... 7 more
Caused by: java.lang.RuntimeException: Could not find rule file rules/intRulesCheckedSemantics.key
	at de.uka.ilkd.key.proof.io.RuleSourceFactory.fromBuiltInRule(RuleSourceFactory.java:32)
	at de.uka.ilkd.key.proof.io.RuleSourceFactory.fromDefaultLocation(RuleSourceFactory.java:21)
	at de.uka.ilkd.key.nparser.builder.IncludeFinder.addInclude(IncludeFinder.java:63)
	at de.uka.ilkd.key.nparser.builder.IncludeFinder.visitOne_include(IncludeFinder.java:43)
	at de.uka.ilkd.key.nparser.builder.IncludeFinder.visitOne_include(IncludeFinder.java:20)
	at de.uka.ilkd.key.nparser.KeYParser$One_includeContext.accept(KeYParser.java:878)
	at de.uka.ilkd.key.nparser.builder.AbstractBuilder.lambda$mapOf$0(AbstractBuilder.java:112)
	at java.base/java.util.stream.ReferencePipeline$3$1.accept(ReferencePipeline.java:195)
	at java.base/java.util.ArrayList$ArrayListSpliterator.forEachRemaining(ArrayList.java:1655)
	at java.base/java.util.stream.AbstractPipeline.copyInto(AbstractPipeline.java:484)
	at java.base/java.util.stream.AbstractPipeline.wrapAndCopyInto(AbstractPipeline.java:474)
	at java.base/java.util.stream.ReduceOps$ReduceOp.evaluateSequential(ReduceOps.java:913)
	at java.base/java.util.stream.AbstractPipeline.evaluate(AbstractPipeline.java:234)
	at java.base/java.util.stream.ReferencePipeline.collect(ReferencePipeline.java:578)
	at de.uka.ilkd.key.nparser.builder.AbstractBuilder.mapOf(AbstractBuilder.java:112)
	at de.uka.ilkd.key.nparser.builder.IncludeFinder.visitOne_include_statement(IncludeFinder.java:35)
	at de.uka.ilkd.key.nparser.builder.IncludeFinder.visitOne_include_statement(IncludeFinder.java:20)
	at de.uka.ilkd.key.nparser.KeYParser$One_include_statementContext.accept(KeYParser.java:802)
	at org.antlr.v4.runtime.tree.AbstractParseTreeVisitor.visitChildren(AbstractParseTreeVisitor.java:46)
	at de.uka.ilkd.key.nparser.KeYParserBaseVisitor.visitDecls(KeYParserBaseVisitor.java:30)
	at de.uka.ilkd.key.nparser.KeYParser$DeclsContext.accept(KeYParser.java:500)
	at org.antlr.v4.runtime.tree.AbstractParseTreeVisitor.visitChildren(AbstractParseTreeVisitor.java:46)
	at de.uka.ilkd.key.nparser.KeYParserBaseVisitor.visitFile(KeYParserBaseVisitor.java:23)
	at de.uka.ilkd.key.nparser.KeYParser$FileContext.accept(KeYParser.java:306)
	at de.uka.ilkd.key.nparser.KeyAst.accept(KeyAst.java:41)
	at de.uka.ilkd.key.nparser.KeyAst$File.getIncludes(KeyAst.java:76)
	at de.uka.ilkd.key.proof.io.KeYFile.readIncludes(KeYFile.java:208)
	... 14 more
Could not find rule file rules/intRulesCheckedSemantics.key (file: /home/runner/work/key/key/key.core/../key.ui/examples/index/.././heap/list_seq/ArrayList.enlarge.key; caused by: de.uka.ilkd.key.proof.init.ProofInputException: Could not find rule file rules/intRulesCheckedSemantics.key)
	at de.uka.ilkd.key.control.AbstractUserInterfaceControl.load(AbstractUserInterfaceControl.java:221)
	at de.uka.ilkd.key.control.KeYEnvironment.load(KeYEnvironment.java:251)
	at de.uka.ilkd.key.control.KeYEnvironment.load(KeYEnvironment.java:224)
	at de.uka.ilkd.key.control.KeYEnvironment.load(KeYEnvironment.java:184)
	at de.uka.ilkd.key.control.KeYEnvironment.load(KeYEnvironment.java:261)
	at de.uka.ilkd.key.proof.runallproofs.proofcollection.TestFile.load(TestFile.java:270)
	at de.uka.ilkd.key.proof.runallproofs.proofcollection.TestFile.runKey(TestFile.java:160)
	at de.uka.ilkd.key.proof.runallproofs.proofcollection.ForkedTestFileRunner.main(ForkedTestFileRunner.java:171)
Caused by: de.uka.ilkd.key.proof.init.ProofInputException: Could not find rule file rules/intRulesCheckedSemantics.key
	at de.uka.ilkd.key.proof.io.KeYFile.readIncludes(KeYFile.java:210)
	at de.uka.ilkd.key.proof.init.ProblemInitializer.readIncludes(ProblemInitializer.java:177)
	at de.uka.ilkd.key.proof.init.ProblemInitializer.readEnvInput(ProblemInitializer.java:325)
	at de.uka.ilkd.key.proof.init.ProblemInitializer.prepare(ProblemInitializer.java:449)
	at de.uka.ilkd.key.proof.io.AbstractProblemLoader.createInitConfig(AbstractProblemLoader.java:518)
	at de.uka.ilkd.key.proof.io.AbstractProblemLoader.loadEnvironment(AbstractProblemLoader.java:288)
	at de.uka.ilkd.key.proof.io.AbstractProblemLoader.load(AbstractProblemLoader.java:252)
	at de.uka.ilkd.key.control.AbstractUserInterfaceControl.load(AbstractUserInterfaceControl.java:209)
	... 7 more
Caused by: java.lang.RuntimeException: Could not find rule file rules/intRulesCheckedSemantics.key
	at de.uka.ilkd.key.proof.io.RuleSourceFactory.fromBuiltInRule(RuleSourceFactory.java:32)
	at de.uka.ilkd.key.proof.io.RuleSourceFactory.fromDefaultLocation(RuleSourceFactory.java:21)
	at de.uka.ilkd.key.nparser.builder.IncludeFinder.addInclude(IncludeFinder.java:63)
	at de.uka.ilkd.key.nparser.builder.IncludeFinder.visitOne_include(IncludeFinder.java:43)
	at de.uka.ilkd.key.nparser.builder.IncludeFinder.visitOne_include(IncludeFinder.java:20)
	at de.uka.ilkd.key.nparser.KeYParser$One_includeContext.accept(KeYParser.java:878)
	at de.uka.ilkd.key.nparser.builder.AbstractBuilder.lambda$mapOf$0(AbstractBuilder.java:112)
	at java.base/java.util.stream.ReferencePipeline$3$1.accept(ReferencePipeline.java:195)
	at java.base/java.util.ArrayList$ArrayListSpliterator.forEachRemaining(ArrayList.java:1655)
	at java.base/java.util.stream.AbstractPipeline.copyInto(AbstractPipeline.java:484)
	at java.base/java.util.stream.AbstractPipeline.wrapAndCopyInto(AbstractPipeline.java:474)
	at java.base/java.util.stream.ReduceOps$ReduceOp.evaluateSequential(ReduceOps.java:913)
	at java.base/java.util.stream.AbstractPipeline.evaluate(AbstractPipeline.java:234)
	at java.base/java.util.stream.ReferencePipeline.collect(ReferencePipeline.java:578)
	at de.uka.ilkd.key.nparser.builder.AbstractBuilder.mapOf(AbstractBuilder.java:112)
	at de.uka.ilkd.key.nparser.builder.IncludeFinder.visitOne_include_statement(IncludeFinder.java:35)
	at de.uka.ilkd.key.nparser.builder.IncludeFinder.visitOne_include_statement(IncludeFinder.java:20)
	at de.uka.ilkd.key.nparser.KeYParser$One_include_statementContext.accept(KeYParser.java:802)
	at org.antlr.v4.runtime.tree.AbstractParseTreeVisitor.visitChildren(AbstractParseTreeVisitor.java:46)
	at de.uka.ilkd.key.nparser.KeYParserBaseVisitor.visitDecls(KeYParserBaseVisitor.java:30)
	at de.uka.ilkd.key.nparser.KeYParser$DeclsContext.accept(KeYParser.java:500)
	at org.antlr.v4.runtime.tree.AbstractParseTreeVisitor.visitChildren(AbstractParseTreeVisitor.java:46)
	at de.uka.ilkd.key.nparser.KeYParserBaseVisitor.visitFile(KeYParserBaseVisitor.java:23)
	at de.uka.ilkd.key.nparser.KeYParser$FileContext.accept(KeYParser.java:306)
	at de.uka.ilkd.key.nparser.KeyAst.accept(KeyAst.java:41)
	at de.uka.ilkd.key.nparser.KeyAst$File.getIncludes(KeyAst.java:76)
	at de.uka.ilkd.key.proof.io.KeYFile.readIncludes(KeYFile.java:208)
	... 14 more
Could not find rule file rules/intRulesCheckedSemantics.key (file: /home/runner/work/key/key/key.core/../key.ui/examples/index/.././heap/list_seq/ArrayList.get.key; caused by: de.uka.ilkd.key.proof.init.ProofInputException: Could not find rule file rules/intRulesCheckedSemantics.key)
	at de.uka.ilkd.key.control.AbstractUserInterfaceControl.load(AbstractUserInterfaceControl.java:221)
	at de.uka.ilkd.key.control.KeYEnvironment.load(KeYEnvironment.java:251)
	at de.uka.ilkd.key.control.KeYEnvironment.load(KeYEnvironment.java:224)
	at de.uka.ilkd.key.control.KeYEnvironment.load(KeYEnvironment.java:184)
	at de.uka.ilkd.key.control.KeYEnvironment.load(KeYEnvironment.java:261)
	at de.uka.ilkd.key.proof.runallproofs.proofcollection.TestFile.load(TestFile.java:270)
	at de.uka.ilkd.key.proof.runallproofs.proofcollection.TestFile.runKey(TestFile.java:160)
	at de.uka.ilkd.key.proof.runallproofs.proofcollection.ForkedTestFileRunner.main(ForkedTestFileRunner.java:171)
Caused by: de.uka.ilkd.key.proof.init.ProofInputException: Could not find rule file rules/intRulesCheckedSemantics.key
	at de.uka.ilkd.key.proof.io.KeYFile.readIncludes(KeYFile.java:210)
	at de.uka.ilkd.key.proof.init.ProblemInitializer.readIncludes(ProblemInitializer.java:177)
	at de.uka.ilkd.key.proof.init.ProblemInitializer.readEnvInput(ProblemInitializer.java:325)
	at de.uka.ilkd.key.proof.init.ProblemInitializer.prepare(ProblemInitializer.java:449)
	at de.uka.ilkd.key.proof.io.AbstractProblemLoader.createInitConfig(AbstractProblemLoader.java:518)
	at de.uka.ilkd.key.proof.io.AbstractProblemLoader.loadEnvironment(AbstractProblemLoader.java:288)
	at de.uka.ilkd.key.proof.io.AbstractProblemLoader.load(AbstractProblemLoader.java:252)
	at de.uka.ilkd.key.control.AbstractUserInterfaceControl.load(AbstractUserInterfaceControl.java:209)
	... 7 more
Caused by: java.lang.RuntimeException: Could not find rule file rules/intRulesCheckedSemantics.key
	at de.uka.ilkd.key.proof.io.RuleSourceFactory.fromBuiltInRule(RuleSourceFactory.java:32)
	at de.uka.ilkd.key.proof.io.RuleSourceFactory.fromDefaultLocation(RuleSourceFactory.java:21)
	at de.uka.ilkd.key.nparser.builder.IncludeFinder.addInclude(IncludeFinder.java:63)
	at de.uka.ilkd.key.nparser.builder.IncludeFinder.visitOne_include(IncludeFinder.java:43)
	at de.uka.ilkd.key.nparser.builder.IncludeFinder.visitOne_include(IncludeFinder.java:20)
	at de.uka.ilkd.key.nparser.KeYParser$One_includeContext.accept(KeYParser.java:878)
	at de.uka.ilkd.key.nparser.builder.AbstractBuilder.lambda$mapOf$0(AbstractBuilder.java:112)
	at java.base/java.util.stream.ReferencePipeline$3$1.accept(ReferencePipeline.java:195)
	at java.base/java.util.ArrayList$ArrayListSpliterator.forEachRemaining(ArrayList.java:1655)
	at java.base/java.util.stream.AbstractPipeline.copyInto(AbstractPipeline.java:484)
	at java.base/java.util.stream.AbstractPipeline.wrapAndCopyInto(AbstractPipeline.java:474)
	at java.base/java.util.stream.ReduceOps$ReduceOp.evaluateSequential(ReduceOps.java:913)
	at java.base/java.util.stream.AbstractPipeline.evaluate(AbstractPipeline.java:234)
	at java.base/java.util.stream.ReferencePipeline.collect(ReferencePipeline.java:578)
	at de.uka.ilkd.key.nparser.builder.AbstractBuilder.mapOf(AbstractBuilder.java:112)
	at de.uka.ilkd.key.nparser.builder.IncludeFinder.visitOne_include_statement(IncludeFinder.java:35)
	at de.uka.ilkd.key.nparser.builder.IncludeFinder.visitOne_include_statement(IncludeFinder.java:20)
	at de.uka.ilkd.key.nparser.KeYParser$One_include_statementContext.accept(KeYParser.java:802)
	at org.antlr.v4.runtime.tree.AbstractParseTreeVisitor.visitChildren(AbstractParseTreeVisitor.java:46)
	at de.uka.ilkd.key.nparser.KeYParserBaseVisitor.visitDecls(KeYParserBaseVisitor.java:30)
	at de.uka.ilkd.key.nparser.KeYParser$DeclsContext.accept(KeYParser.java:500)
	at org.antlr.v4.runtime.tree.AbstractParseTreeVisitor.visitChildren(AbstractParseTreeVisitor.java:46)
	at de.uka.ilkd.key.nparser.KeYParserBaseVisitor.visitFile(KeYParserBaseVisitor.java:23)
	at de.uka.ilkd.key.nparser.KeYParser$FileContext.accept(KeYParser.java:306)
	at de.uka.ilkd.key.nparser.KeyAst.accept(KeyAst.java:41)
	at de.uka.ilkd.key.nparser.KeyAst$File.getIncludes(KeyAst.java:76)
	at de.uka.ilkd.key.proof.io.KeYFile.readIncludes(KeYFile.java:208)
	... 14 more
Could not find rule file rules/intRulesCheckedSemantics.key (file: /home/runner/work/key/key/key.core/../key.ui/examples/index/.././heap/list_seq/ArrayList.newArray.key; caused by: de.uka.ilkd.key.proof.init.ProofInputException: Could not find rule file rules/intRulesCheckedSemantics.key)
	at de.uka.ilkd.key.control.AbstractUserInterfaceControl.load(AbstractUserInterfaceControl.java:221)
	at de.uka.ilkd.key.control.KeYEnvironment.load(KeYEnvironment.java:251)
	at de.uka.ilkd.key.control.KeYEnvironment.load(KeYEnvironment.java:224)
	at de.uka.ilkd.key.control.KeYEnvironment.load(KeYEnvironment.java:184)
	at de.uka.ilkd.key.control.KeYEnvironment.load(KeYEnvironment.java:261)
	at de.uka.ilkd.key.proof.runallproofs.proofcollection.TestFile.load(TestFile.java:270)
	at de.uka.ilkd.key.proof.runallproofs.proofcollection.TestFile.runKey(TestFile.java:160)
	at de.uka.ilkd.key.proof.runallproofs.proofcollection.ForkedTestFileRunner.main(ForkedTestFileRunner.java:171)
Caused by: de.uka.ilkd.key.proof.init.ProofInputException: Could not find rule file rules/intRulesCheckedSemantics.key
	at de.uka.ilkd.key.proof.io.KeYFile.readIncludes(KeYFile.java:210)
	at de.uka.ilkd.key.proof.init.ProblemInitializer.readIncludes(ProblemInitializer.java:177)
	at de.uka.ilkd.key.proof.init.ProblemInitializer.readEnvInput(ProblemInitializer.java:325)
	at de.uka.ilkd.key.proof.init.ProblemInitializer.prepare(ProblemInitializer.java:449)
	at de.uka.ilkd.key.proof.io.AbstractProblemLoader.createInitConfig(AbstractProblemLoader.java:518)
	at de.uka.ilkd.key.proof.io.AbstractProblemLoader.loadEnvironment(AbstractProblemLoader.java:288)
	at de.uka.ilkd.key.proof.io.AbstractProblemLoader.load(AbstractProblemLoader.java:252)
	at de.uka.ilkd.key.control.AbstractUserInterfaceControl.load(AbstractUserInterfaceControl.java:209)
	... 7 more
Caused by: java.lang.RuntimeException: Could not find rule file rules/intRulesCheckedSemantics.key
	at de.uka.ilkd.key.proof.io.RuleSourceFactory.fromBuiltInRule(RuleSourceFactory.java:32)
	at de.uka.ilkd.key.proof.io.RuleSourceFactory.fromDefaultLocation(RuleSourceFactory.java:21)
	at de.uka.ilkd.key.nparser.builder.IncludeFinder.addInclude(IncludeFinder.java:63)
	at de.uka.ilkd.key.nparser.builder.IncludeFinder.visitOne_include(IncludeFinder.java:43)
	at de.uka.ilkd.key.nparser.builder.IncludeFinder.visitOne_include(IncludeFinder.java:20)
	at de.uka.ilkd.key.nparser.KeYParser$One_includeContext.accept(KeYParser.java:878)
	at de.uka.ilkd.key.nparser.builder.AbstractBuilder.lambda$mapOf$0(AbstractBuilder.java:112)
	at java.base/java.util.stream.ReferencePipeline$3$1.accept(ReferencePipeline.java:195)
	at java.base/java.util.ArrayList$ArrayListSpliterator.forEachRemaining(ArrayList.java:1655)
	at java.base/java.util.stream.AbstractPipeline.copyInto(AbstractPipeline.java:484)
	at java.base/java.util.stream.AbstractPipeline.wrapAndCopyInto(AbstractPipeline.java:474)
	at java.base/java.util.stream.ReduceOps$ReduceOp.evaluateSequential(ReduceOps.java:913)
	at java.base/java.util.stream.AbstractPipeline.evaluate(AbstractPipeline.java:234)
	at java.base/java.util.stream.ReferencePipeline.collect(ReferencePipeline.java:578)
	at de.uka.ilkd.key.nparser.builder.AbstractBuilder.mapOf(AbstractBuilder.java:112)
	at de.uka.ilkd.key.nparser.builder.IncludeFinder.visitOne_include_statement(IncludeFinder.java:35)
	at de.uka.ilkd.key.nparser.builder.IncludeFinder.visitOne_include_statement(IncludeFinder.java:20)
	at de.uka.ilkd.key.nparser.KeYParser$One_include_statementContext.accept(KeYParser.java:802)
	at org.antlr.v4.runtime.tree.AbstractParseTreeVisitor.visitChildren(AbstractParseTreeVisitor.java:46)
	at de.uka.ilkd.key.nparser.KeYParserBaseVisitor.visitDecls(KeYParserBaseVisitor.java:30)
	at de.uka.ilkd.key.nparser.KeYParser$DeclsContext.accept(KeYParser.java:500)
	at org.antlr.v4.runtime.tree.AbstractParseTreeVisitor.visitChildren(AbstractParseTreeVisitor.java:46)
	at de.uka.ilkd.key.nparser.KeYParserBaseVisitor.visitFile(KeYParserBaseVisitor.java:23)
	at de.uka.ilkd.key.nparser.KeYParser$FileContext.accept(KeYParser.java:306)
	at de.uka.ilkd.key.nparser.KeyAst.accept(KeyAst.java:41)
	at de.uka.ilkd.key.nparser.KeyAst$File.getIncludes(KeyAst.java:76)
	at de.uka.ilkd.key.proof.io.KeYFile.readIncludes(KeYFile.java:208)
	... 14 more
Could not find rule file rules/intRulesCheckedSemantics.key (file: /home/runner/work/key/key/key.core/../key.ui/examples/index/.././heap/list_seq/ArrayList.remove.0.key; caused by: de.uka.ilkd.key.proof.init.ProofInputException: Could not find rule file rules/intRulesCheckedSemantics.key)
	at de.uka.ilkd.key.control.AbstractUserInterfaceControl.load(AbstractUserInterfaceControl.java:221)
	at de.uka.ilkd.key.control.KeYEnvironment.load(KeYEnvironment.java:251)
	at de.uka.ilkd.key.control.KeYEnvironment.load(KeYEnvironment.java:224)
	at de.uka.ilkd.key.control.KeYEnvironment.load(KeYEnvironment.java:184)
	at de.uka.ilkd.key.control.KeYEnvironment.load(KeYEnvironment.java:261)
	at de.uka.ilkd.key.proof.runallproofs.proofcollection.TestFile.load(TestFile.java:270)
	at de.uka.ilkd.key.proof.runallproofs.proofcollection.TestFile.runKey(TestFile.java:160)
	at de.uka.ilkd.key.proof.runallproofs.proofcollection.ForkedTestFileRunner.main(ForkedTestFileRunner.java:171)
Caused by: de.uka.ilkd.key.proof.init.ProofInputException: Could not find rule file rules/intRulesCheckedSemantics.key
	at de.uka.ilkd.key.proof.io.KeYFile.readIncludes(KeYFile.java:210)
	at de.uka.ilkd.key.proof.init.ProblemInitializer.readIncludes(ProblemInitializer.java:177)
	at de.uka.ilkd.key.proof.init.ProblemInitializer.readEnvInput(ProblemInitializer.java:325)
	at de.uka.ilkd.key.proof.init.ProblemInitializer.prepare(ProblemInitializer.java:449)
	at de.uka.ilkd.key.proof.io.AbstractProblemLoader.createInitConfig(AbstractProblemLoader.java:518)
	at de.uka.ilkd.key.proof.io.AbstractProblemLoader.loadEnvironment(AbstractProblemLoader.java:288)
	at de.uka.ilkd.key.proof.io.AbstractProblemLoader.load(AbstractProblemLoader.java:252)
	at de.uka.ilkd.key.control.AbstractUserInterfaceControl.load(AbstractUserInterfaceControl.java:209)
	... 7 more
Caused by: java.lang.RuntimeException: Could not find rule file rules/intRulesCheckedSemantics.key
	at de.uka.ilkd.key.proof.io.RuleSourceFactory.fromBuiltInRule(RuleSourceFactory.java:32)
	at de.uka.ilkd.key.proof.io.RuleSourceFactory.fromDefaultLocation(RuleSourceFactory.java:21)
	at de.uka.ilkd.key.nparser.builder.IncludeFinder.addInclude(IncludeFinder.java:63)
	at de.uka.ilkd.key.nparser.builder.IncludeFinder.visitOne_include(IncludeFinder.java:43)
	at de.uka.ilkd.key.nparser.builder.IncludeFinder.visitOne_include(IncludeFinder.java:20)
	at de.uka.ilkd.key.nparser.KeYParser$One_includeContext.accept(KeYParser.java:878)
	at de.uka.ilkd.key.nparser.builder.AbstractBuilder.lambda$mapOf$0(AbstractBuilder.java:112)
	at java.base/java.util.stream.ReferencePipeline$3$1.accept(ReferencePipeline.java:195)
	at java.base/java.util.ArrayList$ArrayListSpliterator.forEachRemaining(ArrayList.java:1655)
	at java.base/java.util.stream.AbstractPipeline.copyInto(AbstractPipeline.java:484)
	at java.base/java.util.stream.AbstractPipeline.wrapAndCopyInto(AbstractPipeline.java:474)
	at java.base/java.util.stream.ReduceOps$ReduceOp.evaluateSequential(ReduceOps.java:913)
	at java.base/java.util.stream.AbstractPipeline.evaluate(AbstractPipeline.java:234)
	at java.base/java.util.stream.ReferencePipeline.collect(ReferencePipeline.java:578)
	at de.uka.ilkd.key.nparser.builder.AbstractBuilder.mapOf(AbstractBuilder.java:112)
	at de.uka.ilkd.key.nparser.builder.IncludeFinder.visitOne_include_statement(IncludeFinder.java:35)
	at de.uka.ilkd.key.nparser.builder.IncludeFinder.visitOne_include_statement(IncludeFinder.java:20)
	at de.uka.ilkd.key.nparser.KeYParser$One_include_statementContext.accept(KeYParser.java:802)
	at org.antlr.v4.runtime.tree.AbstractParseTreeVisitor.visitChildren(AbstractParseTreeVisitor.java:46)
	at de.uka.ilkd.key.nparser.KeYParserBaseVisitor.visitDecls(KeYParserBaseVisitor.java:30)
	at de.uka.ilkd.key.nparser.KeYParser$DeclsContext.accept(KeYParser.java:500)
	at org.antlr.v4.runtime.tree.AbstractParseTreeVisitor.visitChildren(AbstractParseTreeVisitor.java:46)
	at de.uka.ilkd.key.nparser.KeYParserBaseVisitor.visitFile(KeYParserBaseVisitor.java:23)
	at de.uka.ilkd.key.nparser.KeYParser$FileContext.accept(KeYParser.java:306)
	at de.uka.ilkd.key.nparser.KeyAst.accept(KeyAst.java:41)
	at de.uka.ilkd.key.nparser.KeyAst$File.getIncludes(KeyAst.java:76)
	at de.uka.ilkd.key.proof.io.KeYFile.readIncludes(KeYFile.java:208)
	... 14 more
Could not find rule file rules/intRulesCheckedSemantics.key (file: /home/runner/work/key/key/key.core/../key.ui/examples/index/.././heap/list_seq/ArrayList.remove.1.key; caused by: de.uka.ilkd.key.proof.init.ProofInputException: Could not find rule file rules/intRulesCheckedSemantics.key)
	at de.uka.ilkd.key.control.AbstractUserInterfaceControl.load(AbstractUserInterfaceControl.java:221)
	at de.uka.ilkd.key.control.KeYEnvironment.load(KeYEnvironment.java:251)
	at de.uka.ilkd.key.control.KeYEnvironment.load(KeYEnvironment.java:224)
	at de.uka.ilkd.key.control.KeYEnvironment.load(KeYEnvironment.java:184)
	at de.uka.ilkd.key.control.KeYEnvironment.load(KeYEnvironment.java:261)
	at de.uka.ilkd.key.proof.runallproofs.proofcollection.TestFile.load(TestFile.java:270)
	at de.uka.ilkd.key.proof.runallproofs.proofcollection.TestFile.runKey(TestFile.java:160)
	at de.uka.ilkd.key.proof.runallproofs.proofcollection.ForkedTestFileRunner.main(ForkedTestFileRunner.java:171)
Caused by: de.uka.ilkd.key.proof.init.ProofInputException: Could not find rule file rules/intRulesCheckedSemantics.key
	at de.uka.ilkd.key.proof.io.KeYFile.readIncludes(KeYFile.java:210)
	at de.uka.ilkd.key.proof.init.ProblemInitializer.readIncludes(ProblemInitializer.java:177)
	at de.uka.ilkd.key.proof.init.ProblemInitializer.readEnvInput(ProblemInitializer.java:325)
	at de.uka.ilkd.key.proof.init.ProblemInitializer.prepare(ProblemInitializer.java:449)
	at de.uka.ilkd.key.proof.io.AbstractProblemLoader.createInitConfig(AbstractProblemLoader.java:518)
	at de.uka.ilkd.key.proof.io.AbstractProblemLoader.loadEnvironment(AbstractProblemLoader.java:288)
	at de.uka.ilkd.key.proof.io.AbstractProblemLoader.load(AbstractProblemLoader.java:252)
	at de.uka.ilkd.key.control.AbstractUserInterfaceControl.load(AbstractUserInterfaceControl.java:209)
	... 7 more
Caused by: java.lang.RuntimeException: Could not find rule file rules/intRulesCheckedSemantics.key
	at de.uka.ilkd.key.proof.io.RuleSourceFactory.fromBuiltInRule(RuleSourceFactory.java:32)
	at de.uka.ilkd.key.proof.io.RuleSourceFactory.fromDefaultLocation(RuleSourceFactory.java:21)
	at de.uka.ilkd.key.nparser.builder.IncludeFinder.addInclude(IncludeFinder.java:63)
	at de.uka.ilkd.key.nparser.builder.IncludeFinder.visitOne_include(IncludeFinder.java:43)
	at de.uka.ilkd.key.nparser.builder.IncludeFinder.visitOne_include(IncludeFinder.java:20)
	at de.uka.ilkd.key.nparser.KeYParser$One_includeContext.accept(KeYParser.java:878)
	at de.uka.ilkd.key.nparser.builder.AbstractBuilder.lambda$mapOf$0(AbstractBuilder.java:112)
	at java.base/java.util.stream.ReferencePipeline$3$1.accept(ReferencePipeline.java:195)
	at java.base/java.util.ArrayList$ArrayListSpliterator.forEachRemaining(ArrayList.java:1655)
	at java.base/java.util.stream.AbstractPipeline.copyInto(AbstractPipeline.java:484)
	at java.base/java.util.stream.AbstractPipeline.wrapAndCopyInto(AbstractPipeline.java:474)
	at java.base/java.util.stream.ReduceOps$ReduceOp.evaluateSequential(ReduceOps.java:913)
	at java.base/java.util.stream.AbstractPipeline.evaluate(AbstractPipeline.java:234)
	at java.base/java.util.stream.ReferencePipeline.collect(ReferencePipeline.java:578)
	at de.uka.ilkd.key.nparser.builder.AbstractBuilder.mapOf(AbstractBuilder.java:112)
	at de.uka.ilkd.key.nparser.builder.IncludeFinder.visitOne_include_statement(IncludeFinder.java:35)
	at de.uka.ilkd.key.nparser.builder.IncludeFinder.visitOne_include_statement(IncludeFinder.java:20)
	at de.uka.ilkd.key.nparser.KeYParser$One_include_statementContext.accept(KeYParser.java:802)
	at org.antlr.v4.runtime.tree.AbstractParseTreeVisitor.visitChildren(AbstractParseTreeVisitor.java:46)
	at de.uka.ilkd.key.nparser.KeYParserBaseVisitor.visitDecls(KeYParserBaseVisitor.java:30)
	at de.uka.ilkd.key.nparser.KeYParser$DeclsContext.accept(KeYParser.java:500)
	at org.antlr.v4.runtime.tree.AbstractParseTreeVisitor.visitChildren(AbstractParseTreeVisitor.java:46)
	at de.uka.ilkd.key.nparser.KeYParserBaseVisitor.visitFile(KeYParserBaseVisitor.java:23)
	at de.uka.ilkd.key.nparser.KeYParser$FileContext.accept(KeYParser.java:306)
	at de.uka.ilkd.key.nparser.KeyAst.accept(KeyAst.java:41)
	at de.uka.ilkd.key.nparser.KeyAst$File.getIncludes(KeyAst.java:76)
	at de.uka.ilkd.key.proof.io.KeYFile.readIncludes(KeYFile.java:208)
	... 14 more
Exception in thread "main" org.opentest4j.AssertionFailedError: Exception during the execution of proofs. See log for more details.
	at org.junit.jupiter.api.AssertionUtils.fail(AssertionUtils.java:39)
	at org.junit.jupiter.api.Assertions.fail(Assertions.java:134)
	at de.uka.ilkd.key.proof.runallproofs.proofcollection.ForkedTestFileRunner.main(ForkedTestFileRunner.java:192)
Timeout watcher launched (2000 secs.)
Could not find rule file rules/intRulesCheckedSemantics.key (file: /home/runner/work/key/key/key.core/../key.ui/examples/index/.././heap/observer/ExampleObserver_ExampleObserver.key; caused by: de.uka.ilkd.key.proof.init.ProofInputException: Could not find rule file rules/intRulesCheckedSemantics.key)
	at de.uka.ilkd.key.control.AbstractUserInterfaceControl.load(AbstractUserInterfaceControl.java:221)
	at de.uka.ilkd.key.control.KeYEnvironment.load(KeYEnvironment.java:251)
	at de.uka.ilkd.key.control.KeYEnvironment.load(KeYEnvironment.java:224)
	at de.uka.ilkd.key.control.KeYEnvironment.load(KeYEnvironment.java:184)
	at de.uka.ilkd.key.control.KeYEnvironment.load(KeYEnvironment.java:261)
	at de.uka.ilkd.key.proof.runallproofs.proofcollection.TestFile.load(TestFile.java:270)
	at de.uka.ilkd.key.proof.runallproofs.proofcollection.TestFile.runKey(TestFile.java:160)
	at de.uka.ilkd.key.proof.runallproofs.proofcollection.ForkedTestFileRunner.main(ForkedTestFileRunner.java:171)
Caused by: de.uka.ilkd.key.proof.init.ProofInputException: Could not find rule file rules/intRulesCheckedSemantics.key
	at de.uka.ilkd.key.proof.io.KeYFile.readIncludes(KeYFile.java:210)
	at de.uka.ilkd.key.proof.init.ProblemInitializer.readIncludes(ProblemInitializer.java:177)
	at de.uka.ilkd.key.proof.init.ProblemInitializer.readEnvInput(ProblemInitializer.java:325)
	at de.uka.ilkd.key.proof.init.ProblemInitializer.prepare(ProblemInitializer.java:449)
	at de.uka.ilkd.key.proof.io.AbstractProblemLoader.createInitConfig(AbstractProblemLoader.java:518)
	at de.uka.ilkd.key.proof.io.AbstractProblemLoader.loadEnvironment(AbstractProblemLoader.java:288)
	at de.uka.ilkd.key.proof.io.AbstractProblemLoader.load(AbstractProblemLoader.java:252)
	at de.uka.ilkd.key.control.AbstractUserInterfaceControl.load(AbstractUserInterfaceControl.java:209)
	... 7 more
Caused by: java.lang.RuntimeException: Could not find rule file rules/intRulesCheckedSemantics.key
	at de.uka.ilkd.key.proof.io.RuleSourceFactory.fromBuiltInRule(RuleSourceFactory.java:32)
	at de.uka.ilkd.key.proof.io.RuleSourceFactory.fromDefaultLocation(RuleSourceFactory.java:21)
	at de.uka.ilkd.key.nparser.builder.IncludeFinder.addInclude(IncludeFinder.java:63)
	at de.uka.ilkd.key.nparser.builder.IncludeFinder.visitOne_include(IncludeFinder.java:43)
	at de.uka.ilkd.key.nparser.builder.IncludeFinder.visitOne_include(IncludeFinder.java:20)
	at de.uka.ilkd.key.nparser.KeYParser$One_includeContext.accept(KeYParser.java:878)
	at de.uka.ilkd.key.nparser.builder.AbstractBuilder.lambda$mapOf$0(AbstractBuilder.java:112)
	at java.base/java.util.stream.ReferencePipeline$3$1.accept(ReferencePipeline.java:195)
	at java.base/java.util.ArrayList$ArrayListSpliterator.forEachRemaining(ArrayList.java:1655)
	at java.base/java.util.stream.AbstractPipeline.copyInto(AbstractPipeline.java:484)
	at java.base/java.util.stream.AbstractPipeline.wrapAndCopyInto(AbstractPipeline.java:474)
	at java.base/java.util.stream.ReduceOps$ReduceOp.evaluateSequential(ReduceOps.java:913)
	at java.base/java.util.stream.AbstractPipeline.evaluate(AbstractPipeline.java:234)
	at java.base/java.util.stream.ReferencePipeline.collect(ReferencePipeline.java:578)
	at de.uka.ilkd.key.nparser.builder.AbstractBuilder.mapOf(AbstractBuilder.java:112)
	at de.uka.ilkd.key.nparser.builder.IncludeFinder.visitOne_include_statement(IncludeFinder.java:35)
	at de.uka.ilkd.key.nparser.builder.IncludeFinder.visitOne_include_statement(IncludeFinder.java:20)
	at de.uka.ilkd.key.nparser.KeYParser$One_include_statementContext.accept(KeYParser.java:802)
	at org.antlr.v4.runtime.tree.AbstractParseTreeVisitor.visitChildren(AbstractParseTreeVisitor.java:46)
	at de.uka.ilkd.key.nparser.KeYParserBaseVisitor.visitDecls(KeYParserBaseVisitor.java:30)
	at de.uka.ilkd.key.nparser.KeYParser$DeclsContext.accept(KeYParser.java:500)
	at org.antlr.v4.runtime.tree.AbstractParseTreeVisitor.visitChildren(AbstractParseTreeVisitor.java:46)
	at de.uka.ilkd.key.nparser.KeYParserBaseVisitor.visitFile(KeYParserBaseVisitor.java:23)
	at de.uka.ilkd.key.nparser.KeYParser$FileContext.accept(KeYParser.java:306)
	at de.uka.ilkd.key.nparser.KeyAst.accept(KeyAst.java:41)
	at de.uka.ilkd.key.nparser.KeyAst$File.getIncludes(KeyAst.java:76)
	at de.uka.ilkd.key.proof.io.KeYFile.readIncludes(KeYFile.java:208)
	... 14 more
Could not find rule file rules/intRulesCheckedSemantics.key (file: /home/runner/work/key/key/key.core/../key.ui/examples/index/.././heap/observer/ExampleObserver_inv.key; caused by: de.uka.ilkd.key.proof.init.ProofInputException: Could not find rule file rules/intRulesCheckedSemantics.key)
	at de.uka.ilkd.key.control.AbstractUserInterfaceControl.load(AbstractUserInterfaceControl.java:221)
	at de.uka.ilkd.key.control.KeYEnvironment.load(KeYEnvironment.java:251)
	at de.uka.ilkd.key.control.KeYEnvironment.load(KeYEnvironment.java:224)
	at de.uka.ilkd.key.control.KeYEnvironment.load(KeYEnvironment.java:184)
	at de.uka.ilkd.key.control.KeYEnvironment.load(KeYEnvironment.java:261)
	at de.uka.ilkd.key.proof.runallproofs.proofcollection.TestFile.load(TestFile.java:270)
	at de.uka.ilkd.key.proof.runallproofs.proofcollection.TestFile.runKey(TestFile.java:160)
	at de.uka.ilkd.key.proof.runallproofs.proofcollection.ForkedTestFileRunner.main(ForkedTestFileRunner.java:171)
Caused by: de.uka.ilkd.key.proof.init.ProofInputException: Could not find rule file rules/intRulesCheckedSemantics.key
	at de.uka.ilkd.key.proof.io.KeYFile.readIncludes(KeYFile.java:210)
	at de.uka.ilkd.key.proof.init.ProblemInitializer.readIncludes(ProblemInitializer.java:177)
	at de.uka.ilkd.key.proof.init.ProblemInitializer.readEnvInput(ProblemInitializer.java:325)
	at de.uka.ilkd.key.proof.init.ProblemInitializer.prepare(ProblemInitializer.java:449)
	at de.uka.ilkd.key.proof.io.AbstractProblemLoader.createInitConfig(AbstractProblemLoader.java:518)
	at de.uka.ilkd.key.proof.io.AbstractProblemLoader.loadEnvironment(AbstractProblemLoader.java:288)
	at de.uka.ilkd.key.proof.io.AbstractProblemLoader.load(AbstractProblemLoader.java:252)
	at de.uka.ilkd.key.control.AbstractUserInterfaceControl.load(AbstractUserInterfaceControl.java:209)
	... 7 more
Caused by: java.lang.RuntimeException: Could not find rule file rules/intRulesCheckedSemantics.key
	at de.uka.ilkd.key.proof.io.RuleSourceFactory.fromBuiltInRule(RuleSourceFactory.java:32)
	at de.uka.ilkd.key.proof.io.RuleSourceFactory.fromDefaultLocation(RuleSourceFactory.java:21)
	at de.uka.ilkd.key.nparser.builder.IncludeFinder.addInclude(IncludeFinder.java:63)
	at de.uka.ilkd.key.nparser.builder.IncludeFinder.visitOne_include(IncludeFinder.java:43)
	at de.uka.ilkd.key.nparser.builder.IncludeFinder.visitOne_include(IncludeFinder.java:20)
	at de.uka.ilkd.key.nparser.KeYParser$One_includeContext.accept(KeYParser.java:878)
	at de.uka.ilkd.key.nparser.builder.AbstractBuilder.lambda$mapOf$0(AbstractBuilder.java:112)
	at java.base/java.util.stream.ReferencePipeline$3$1.accept(ReferencePipeline.java:195)
	at java.base/java.util.ArrayList$ArrayListSpliterator.forEachRemaining(ArrayList.java:1655)
	at java.base/java.util.stream.AbstractPipeline.copyInto(AbstractPipeline.java:484)
	at java.base/java.util.stream.AbstractPipeline.wrapAndCopyInto(AbstractPipeline.java:474)
	at java.base/java.util.stream.ReduceOps$ReduceOp.evaluateSequential(ReduceOps.java:913)
	at java.base/java.util.stream.AbstractPipeline.evaluate(AbstractPipeline.java:234)
	at java.base/java.util.stream.ReferencePipeline.collect(ReferencePipeline.java:578)
	at de.uka.ilkd.key.nparser.builder.AbstractBuilder.mapOf(AbstractBuilder.java:112)
	at de.uka.ilkd.key.nparser.builder.IncludeFinder.visitOne_include_statement(IncludeFinder.java:35)
	at de.uka.ilkd.key.nparser.builder.IncludeFinder.visitOne_include_statement(IncludeFinder.java:20)
	at de.uka.ilkd.key.nparser.KeYParser$One_include_statementContext.accept(KeYParser.java:802)
	at org.antlr.v4.runtime.tree.AbstractParseTreeVisitor.visitChildren(AbstractParseTreeVisitor.java:46)
	at de.uka.ilkd.key.nparser.KeYParserBaseVisitor.visitDecls(KeYParserBaseVisitor.java:30)
	at de.uka.ilkd.key.nparser.KeYParser$DeclsContext.accept(KeYParser.java:500)
	at org.antlr.v4.runtime.tree.AbstractParseTreeVisitor.visitChildren(AbstractParseTreeVisitor.java:46)
	at de.uka.ilkd.key.nparser.KeYParserBaseVisitor.visitFile(KeYParserBaseVisitor.java:23)
	at de.uka.ilkd.key.nparser.KeYParser$FileContext.accept(KeYParser.java:306)
	at de.uka.ilkd.key.nparser.KeyAst.accept(KeyAst.java:41)
	at de.uka.ilkd.key.nparser.KeyAst$File.getIncludes(KeyAst.java:76)
	at de.uka.ilkd.key.proof.io.KeYFile.readIncludes(KeYFile.java:208)
	... 14 more
Could not find rule file rules/intRulesCheckedSemantics.key (file: /home/runner/work/key/key/key.core/../key.ui/examples/index/.././heap/observer/ExampleObserver_subject.key; caused by: de.uka.ilkd.key.proof.init.ProofInputException: Could not find rule file rules/intRulesCheckedSemantics.key)
	at de.uka.ilkd.key.control.AbstractUserInterfaceControl.load(AbstractUserInterfaceControl.java:221)
	at de.uka.ilkd.key.control.KeYEnvironment.load(KeYEnvironment.java:251)
	at de.uka.ilkd.key.control.KeYEnvironment.load(KeYEnvironment.java:224)
	at de.uka.ilkd.key.control.KeYEnvironment.load(KeYEnvironment.java:184)
	at de.uka.ilkd.key.control.KeYEnvironment.load(KeYEnvironment.java:261)
	at de.uka.ilkd.key.proof.runallproofs.proofcollection.TestFile.load(TestFile.java:270)
	at de.uka.ilkd.key.proof.runallproofs.proofcollection.TestFile.runKey(TestFile.java:160)
	at de.uka.ilkd.key.proof.runallproofs.proofcollection.ForkedTestFileRunner.main(ForkedTestFileRunner.java:171)
Caused by: de.uka.ilkd.key.proof.init.ProofInputException: Could not find rule file rules/intRulesCheckedSemantics.key
	at de.uka.ilkd.key.proof.io.KeYFile.readIncludes(KeYFile.java:210)
	at de.uka.ilkd.key.proof.init.ProblemInitializer.readIncludes(ProblemInitializer.java:177)
	at de.uka.ilkd.key.proof.init.ProblemInitializer.readEnvInput(ProblemInitializer.java:325)
	at de.uka.ilkd.key.proof.init.ProblemInitializer.prepare(ProblemInitializer.java:449)
	at de.uka.ilkd.key.proof.io.AbstractProblemLoader.createInitConfig(AbstractProblemLoader.java:518)
	at de.uka.ilkd.key.proof.io.AbstractProblemLoader.loadEnvironment(AbstractProblemLoader.java:288)
	at de.uka.ilkd.key.proof.io.AbstractProblemLoader.load(AbstractProblemLoader.java:252)
	at de.uka.ilkd.key.control.AbstractUserInterfaceControl.load(AbstractUserInterfaceControl.java:209)
	... 7 more
Caused by: java.lang.RuntimeException: Could not find rule file rules/intRulesCheckedSemantics.key
	at de.uka.ilkd.key.proof.io.RuleSourceFactory.fromBuiltInRule(RuleSourceFactory.java:32)
	at de.uka.ilkd.key.proof.io.RuleSourceFactory.fromDefaultLocation(RuleSourceFactory.java:21)
	at de.uka.ilkd.key.nparser.builder.IncludeFinder.addInclude(IncludeFinder.java:63)
	at de.uka.ilkd.key.nparser.builder.IncludeFinder.visitOne_include(IncludeFinder.java:43)
	at de.uka.ilkd.key.nparser.builder.IncludeFinder.visitOne_include(IncludeFinder.java:20)
	at de.uka.ilkd.key.nparser.KeYParser$One_includeContext.accept(KeYParser.java:878)
	at de.uka.ilkd.key.nparser.builder.AbstractBuilder.lambda$mapOf$0(AbstractBuilder.java:112)
	at java.base/java.util.stream.ReferencePipeline$3$1.accept(ReferencePipeline.java:195)
	at java.base/java.util.ArrayList$ArrayListSpliterator.forEachRemaining(ArrayList.java:1655)
	at java.base/java.util.stream.AbstractPipeline.copyInto(AbstractPipeline.java:484)
	at java.base/java.util.stream.AbstractPipeline.wrapAndCopyInto(AbstractPipeline.java:474)
	at java.base/java.util.stream.ReduceOps$ReduceOp.evaluateSequential(ReduceOps.java:913)
	at java.base/java.util.stream.AbstractPipeline.evaluate(AbstractPipeline.java:234)
	at java.base/java.util.stream.ReferencePipeline.collect(ReferencePipeline.java:578)
	at de.uka.ilkd.key.nparser.builder.AbstractBuilder.mapOf(AbstractBuilder.java:112)
	at de.uka.ilkd.key.nparser.builder.IncludeFinder.visitOne_include_statement(IncludeFinder.java:35)
	at de.uka.ilkd.key.nparser.builder.IncludeFinder.visitOne_include_statement(IncludeFinder.java:20)
	at de.uka.ilkd.key.nparser.KeYParser$One_include_statementContext.accept(KeYParser.java:802)
	at org.antlr.v4.runtime.tree.AbstractParseTreeVisitor.visitChildren(AbstractParseTreeVisitor.java:46)
	at de.uka.ilkd.key.nparser.KeYParserBaseVisitor.visitDecls(KeYParserBaseVisitor.java:30)
	at de.uka.ilkd.key.nparser.KeYParser$DeclsContext.accept(KeYParser.java:500)
	at org.antlr.v4.runtime.tree.AbstractParseTreeVisitor.visitChildren(AbstractParseTreeVisitor.java:46)
	at de.uka.ilkd.key.nparser.KeYParserBaseVisitor.visitFile(KeYParserBaseVisitor.java:23)
	at de.uka.ilkd.key.nparser.KeYParser$FileContext.accept(KeYParser.java:306)
	at de.uka.ilkd.key.nparser.KeyAst.accept(KeyAst.java:41)
	at de.uka.ilkd.key.nparser.KeyAst$File.getIncludes(KeyAst.java:76)
	at de.uka.ilkd.key.proof.io.KeYFile.readIncludes(KeYFile.java:208)
	... 14 more
Could not find rule file rules/intRulesCheckedSemantics.key (file: /home/runner/work/key/key/key.core/../key.ui/examples/index/.././heap/observer/ExampleObserver_update.key; caused by: de.uka.ilkd.key.proof.init.ProofInputException: Could not find rule file rules/intRulesCheckedSemantics.key)
	at de.uka.ilkd.key.control.AbstractUserInterfaceControl.load(AbstractUserInterfaceControl.java:221)
	at de.uka.ilkd.key.control.KeYEnvironment.load(KeYEnvironment.java:251)
	at de.uka.ilkd.key.control.KeYEnvironment.load(KeYEnvironment.java:224)
	at de.uka.ilkd.key.control.KeYEnvironment.load(KeYEnvironment.java:184)
	at de.uka.ilkd.key.control.KeYEnvironment.load(KeYEnvironment.java:261)
	at de.uka.ilkd.key.proof.runallproofs.proofcollection.TestFile.load(TestFile.java:270)
	at de.uka.ilkd.key.proof.runallproofs.proofcollection.TestFile.runKey(TestFile.java:160)
	at de.uka.ilkd.key.proof.runallproofs.proofcollection.ForkedTestFileRunner.main(ForkedTestFileRunner.java:171)
Caused by: de.uka.ilkd.key.proof.init.ProofInputException: Could not find rule file rules/intRulesCheckedSemantics.key
	at de.uka.ilkd.key.proof.io.KeYFile.readIncludes(KeYFile.java:210)
	at de.uka.ilkd.key.proof.init.ProblemInitializer.readIncludes(ProblemInitializer.java:177)
	at de.uka.ilkd.key.proof.init.ProblemInitializer.readEnvInput(ProblemInitializer.java:325)
	at de.uka.ilkd.key.proof.init.ProblemInitializer.prepare(ProblemInitializer.java:449)
	at de.uka.ilkd.key.proof.io.AbstractProblemLoader.createInitConfig(AbstractProblemLoader.java:518)
	at de.uka.ilkd.key.proof.io.AbstractProblemLoader.loadEnvironment(AbstractProblemLoader.java:288)
	at de.uka.ilkd.key.proof.io.AbstractProblemLoader.load(AbstractProblemLoader.java:252)
	at de.uka.ilkd.key.control.AbstractUserInterfaceControl.load(AbstractUserInterfaceControl.java:209)
	... 7 more
Caused by: java.lang.RuntimeException: Could not find rule file rules/intRulesCheckedSemantics.key
	at de.uka.ilkd.key.proof.io.RuleSourceFactory.fromBuiltInRule(RuleSourceFactory.java:32)
	at de.uka.ilkd.key.proof.io.RuleSourceFactory.fromDefaultLocation(RuleSourceFactory.java:21)
	at de.uka.ilkd.key.nparser.builder.IncludeFinder.addInclude(IncludeFinder.java:63)
	at de.uka.ilkd.key.nparser.builder.IncludeFinder.visitOne_include(IncludeFinder.java:43)
	at de.uka.ilkd.key.nparser.builder.IncludeFinder.visitOne_include(IncludeFinder.java:20)
	at de.uka.ilkd.key.nparser.KeYParser$One_includeContext.accept(KeYParser.java:878)
	at de.uka.ilkd.key.nparser.builder.AbstractBuilder.lambda$mapOf$0(AbstractBuilder.java:112)
	at java.base/java.util.stream.ReferencePipeline$3$1.accept(ReferencePipeline.java:195)
	at java.base/java.util.ArrayList$ArrayListSpliterator.forEachRemaining(ArrayList.java:1655)
	at java.base/java.util.stream.AbstractPipeline.copyInto(AbstractPipeline.java:484)
	at java.base/java.util.stream.AbstractPipeline.wrapAndCopyInto(AbstractPipeline.java:474)
	at java.base/java.util.stream.ReduceOps$ReduceOp.evaluateSequential(ReduceOps.java:913)
	at java.base/java.util.stream.AbstractPipeline.evaluate(AbstractPipeline.java:234)
	at java.base/java.util.stream.ReferencePipeline.collect(ReferencePipeline.java:578)
	at de.uka.ilkd.key.nparser.builder.AbstractBuilder.mapOf(AbstractBuilder.java:112)
	at de.uka.ilkd.key.nparser.builder.IncludeFinder.visitOne_include_statement(IncludeFinder.java:35)
	at de.uka.ilkd.key.nparser.builder.IncludeFinder.visitOne_include_statement(IncludeFinder.java:20)
	at de.uka.ilkd.key.nparser.KeYParser$One_include_statementContext.accept(KeYParser.java:802)
	at org.antlr.v4.runtime.tree.AbstractParseTreeVisitor.visitChildren(AbstractParseTreeVisitor.java:46)
	at de.uka.ilkd.key.nparser.KeYParserBaseVisitor.visitDecls(KeYParserBaseVisitor.java:30)
	at de.uka.ilkd.key.nparser.KeYParser$DeclsContext.accept(KeYParser.java:500)
	at org.antlr.v4.runtime.tree.AbstractParseTreeVisitor.visitChildren(AbstractParseTreeVisitor.java:46)
	at de.uka.ilkd.key.nparser.KeYParserBaseVisitor.visitFile(KeYParserBaseVisitor.java:23)
	at de.uka.ilkd.key.nparser.KeYParser$FileContext.accept(KeYParser.java:306)
	at de.uka.ilkd.key.nparser.KeyAst.accept(KeyAst.java:41)
	at de.uka.ilkd.key.nparser.KeyAst$File.getIncludes(KeyAst.java:76)
	at de.uka.ilkd.key.proof.io.KeYFile.readIncludes(KeYFile.java:208)
	... 14 more
Could not find rule file rules/intRulesCheckedSemantics.key (file: /home/runner/work/key/key/key.core/../key.ui/examples/index/.././heap/observer/ExampleObserver_upToDate.key; caused by: de.uka.ilkd.key.proof.init.ProofInputException: Could not find rule file rules/intRulesCheckedSemantics.key)
	at de.uka.ilkd.key.control.AbstractUserInterfaceControl.load(AbstractUserInterfaceControl.java:221)
	at de.uka.ilkd.key.control.KeYEnvironment.load(KeYEnvironment.java:251)
	at de.uka.ilkd.key.control.KeYEnvironment.load(KeYEnvironment.java:224)
	at de.uka.ilkd.key.control.KeYEnvironment.load(KeYEnvironment.java:184)
	at de.uka.ilkd.key.control.KeYEnvironment.load(KeYEnvironment.java:261)
	at de.uka.ilkd.key.proof.runallproofs.proofcollection.TestFile.load(TestFile.java:270)
	at de.uka.ilkd.key.proof.runallproofs.proofcollection.TestFile.runKey(TestFile.java:160)
	at de.uka.ilkd.key.proof.runallproofs.proofcollection.ForkedTestFileRunner.main(ForkedTestFileRunner.java:171)
Caused by: de.uka.ilkd.key.proof.init.ProofInputException: Could not find rule file rules/intRulesCheckedSemantics.key
	at de.uka.ilkd.key.proof.io.KeYFile.readIncludes(KeYFile.java:210)
	at de.uka.ilkd.key.proof.init.ProblemInitializer.readIncludes(ProblemInitializer.java:177)
	at de.uka.ilkd.key.proof.init.ProblemInitializer.readEnvInput(ProblemInitializer.java:325)
	at de.uka.ilkd.key.proof.init.ProblemInitializer.prepare(ProblemInitializer.java:449)
	at de.uka.ilkd.key.proof.io.AbstractProblemLoader.createInitConfig(AbstractProblemLoader.java:518)
	at de.uka.ilkd.key.proof.io.AbstractProblemLoader.loadEnvironment(AbstractProblemLoader.java:288)
	at de.uka.ilkd.key.proof.io.AbstractProblemLoader.load(AbstractProblemLoader.java:252)
	at de.uka.ilkd.key.control.AbstractUserInterfaceControl.load(AbstractUserInterfaceControl.java:209)
	... 7 more
Caused by: java.lang.RuntimeException: Could not find rule file rules/intRulesCheckedSemantics.key
	at de.uka.ilkd.key.proof.io.RuleSourceFactory.fromBuiltInRule(RuleSourceFactory.java:32)
	at de.uka.ilkd.key.proof.io.RuleSourceFactory.fromDefaultLocation(RuleSourceFactory.java:21)
	at de.uka.ilkd.key.nparser.builder.IncludeFinder.addInclude(IncludeFinder.java:63)
	at de.uka.ilkd.key.nparser.builder.IncludeFinder.visitOne_include(IncludeFinder.java:43)
	at de.uka.ilkd.key.nparser.builder.IncludeFinder.visitOne_include(IncludeFinder.java:20)
	at de.uka.ilkd.key.nparser.KeYParser$One_includeContext.accept(KeYParser.java:878)
	at de.uka.ilkd.key.nparser.builder.AbstractBuilder.lambda$mapOf$0(AbstractBuilder.java:112)
	at java.base/java.util.stream.ReferencePipeline$3$1.accept(ReferencePipeline.java:195)
	at java.base/java.util.ArrayList$ArrayListSpliterator.forEachRemaining(ArrayList.java:1655)
	at java.base/java.util.stream.AbstractPipeline.copyInto(AbstractPipeline.java:484)
	at java.base/java.util.stream.AbstractPipeline.wrapAndCopyInto(AbstractPipeline.java:474)
	at java.base/java.util.stream.ReduceOps$ReduceOp.evaluateSequential(ReduceOps.java:913)
	at java.base/java.util.stream.AbstractPipeline.evaluate(AbstractPipeline.java:234)
	at java.base/java.util.stream.ReferencePipeline.collect(ReferencePipeline.java:578)
	at de.uka.ilkd.key.nparser.builder.AbstractBuilder.mapOf(AbstractBuilder.java:112)
	at de.uka.ilkd.key.nparser.builder.IncludeFinder.visitOne_include_statement(IncludeFinder.java:35)
	at de.uka.ilkd.key.nparser.builder.IncludeFinder.visitOne_include_statement(IncludeFinder.java:20)
	at de.uka.ilkd.key.nparser.KeYParser$One_include_statementContext.accept(KeYParser.java:802)
	at org.antlr.v4.runtime.tree.AbstractParseTreeVisitor.visitChildren(AbstractParseTreeVisitor.java:46)
	at de.uka.ilkd.key.nparser.KeYParserBaseVisitor.visitDecls(KeYParserBaseVisitor.java:30)
	at de.uka.ilkd.key.nparser.KeYParser$DeclsContext.accept(KeYParser.java:500)
	at org.antlr.v4.runtime.tree.AbstractParseTreeVisitor.visitChildren(AbstractParseTreeVisitor.java:46)
	at de.uka.ilkd.key.nparser.KeYParserBaseVisitor.visitFile(KeYParserBaseVisitor.java:23)
	at de.uka.ilkd.key.nparser.KeYParser$FileContext.accept(KeYParser.java:306)
	at de.uka.ilkd.key.nparser.KeyAst.accept(KeyAst.java:41)
	at de.uka.ilkd.key.nparser.KeyAst$File.getIncludes(KeyAst.java:76)
	at de.uka.ilkd.key.proof.io.KeYFile.readIncludes(KeYFile.java:208)
	... 14 more
Could not find rule file rules/intRulesCheckedSemantics.key (file: /home/runner/work/key/key/key.core/../key.ui/examples/index/.././heap/observer/ExampleObserver_value.key; caused by: de.uka.ilkd.key.proof.init.ProofInputException: Could not find rule file rules/intRulesCheckedSemantics.key)
	at de.uka.ilkd.key.control.AbstractUserInterfaceControl.load(AbstractUserInterfaceControl.java:221)
	at de.uka.ilkd.key.control.KeYEnvironment.load(KeYEnvironment.java:251)
	at de.uka.ilkd.key.control.KeYEnvironment.load(KeYEnvironment.java:224)
	at de.uka.ilkd.key.control.KeYEnvironment.load(KeYEnvironment.java:184)
	at de.uka.ilkd.key.control.KeYEnvironment.load(KeYEnvironment.java:261)
	at de.uka.ilkd.key.proof.runallproofs.proofcollection.TestFile.load(TestFile.java:270)
	at de.uka.ilkd.key.proof.runallproofs.proofcollection.TestFile.runKey(TestFile.java:160)
	at de.uka.ilkd.key.proof.runallproofs.proofcollection.ForkedTestFileRunner.main(ForkedTestFileRunner.java:171)
Caused by: de.uka.ilkd.key.proof.init.ProofInputException: Could not find rule file rules/intRulesCheckedSemantics.key
	at de.uka.ilkd.key.proof.io.KeYFile.readIncludes(KeYFile.java:210)
	at de.uka.ilkd.key.proof.init.ProblemInitializer.readIncludes(ProblemInitializer.java:177)
	at de.uka.ilkd.key.proof.init.ProblemInitializer.readEnvInput(ProblemInitializer.java:325)
	at de.uka.ilkd.key.proof.init.ProblemInitializer.prepare(ProblemInitializer.java:449)
	at de.uka.ilkd.key.proof.io.AbstractProblemLoader.createInitConfig(AbstractProblemLoader.java:518)
	at de.uka.ilkd.key.proof.io.AbstractProblemLoader.loadEnvironment(AbstractProblemLoader.java:288)
	at de.uka.ilkd.key.proof.io.AbstractProblemLoader.load(AbstractProblemLoader.java:252)
	at de.uka.ilkd.key.control.AbstractUserInterfaceControl.load(AbstractUserInterfaceControl.java:209)
	... 7 more
Caused by: java.lang.RuntimeException: Could not find rule file rules/intRulesCheckedSemantics.key
	at de.uka.ilkd.key.proof.io.RuleSourceFactory.fromBuiltInRule(RuleSourceFactory.java:32)
	at de.uka.ilkd.key.proof.io.RuleSourceFactory.fromDefaultLocation(RuleSourceFactory.java:21)
	at de.uka.ilkd.key.nparser.builder.IncludeFinder.addInclude(IncludeFinder.java:63)
	at de.uka.ilkd.key.nparser.builder.IncludeFinder.visitOne_include(IncludeFinder.java:43)
	at de.uka.ilkd.key.nparser.builder.IncludeFinder.visitOne_include(IncludeFinder.java:20)
	at de.uka.ilkd.key.nparser.KeYParser$One_includeContext.accept(KeYParser.java:878)
	at de.uka.ilkd.key.nparser.builder.AbstractBuilder.lambda$mapOf$0(AbstractBuilder.java:112)
	at java.base/java.util.stream.ReferencePipeline$3$1.accept(ReferencePipeline.java:195)
	at java.base/java.util.ArrayList$ArrayListSpliterator.forEachRemaining(ArrayList.java:1655)
	at java.base/java.util.stream.AbstractPipeline.copyInto(AbstractPipeline.java:484)
	at java.base/java.util.stream.AbstractPipeline.wrapAndCopyInto(AbstractPipeline.java:474)
	at java.base/java.util.stream.ReduceOps$ReduceOp.evaluateSequential(ReduceOps.java:913)
	at java.base/java.util.stream.AbstractPipeline.evaluate(AbstractPipeline.java:234)
	at java.base/java.util.stream.ReferencePipeline.collect(ReferencePipeline.java:578)
	at de.uka.ilkd.key.nparser.builder.AbstractBuilder.mapOf(AbstractBuilder.java:112)
	at de.uka.ilkd.key.nparser.builder.IncludeFinder.visitOne_include_statement(IncludeFinder.java:35)
	at de.uka.ilkd.key.nparser.builder.IncludeFinder.visitOne_include_statement(IncludeFinder.java:20)
	at de.uka.ilkd.key.nparser.KeYParser$One_include_statementContext.accept(KeYParser.java:802)
	at org.antlr.v4.runtime.tree.AbstractParseTreeVisitor.visitChildren(AbstractParseTreeVisitor.java:46)
	at de.uka.ilkd.key.nparser.KeYParserBaseVisitor.visitDecls(KeYParserBaseVisitor.java:30)
	at de.uka.ilkd.key.nparser.KeYParser$DeclsContext.accept(KeYParser.java:500)
	at org.antlr.v4.runtime.tree.AbstractParseTreeVisitor.visitChildren(AbstractParseTreeVisitor.java:46)
	at de.uka.ilkd.key.nparser.KeYParserBaseVisitor.visitFile(KeYParserBaseVisitor.java:23)
	at de.uka.ilkd.key.nparser.KeYParser$FileContext.accept(KeYParser.java:306)
	at de.uka.ilkd.key.nparser.KeyAst.accept(KeyAst.java:41)
	at de.uka.ilkd.key.nparser.KeyAst$File.getIncludes(KeyAst.java:76)
	at de.uka.ilkd.key.proof.io.KeYFile.readIncludes(KeYFile.java:208)
	... 14 more
Could not find rule file rules/intRulesCheckedSemantics.key (file: /home/runner/work/key/key/key.core/../key.ui/examples/index/.././heap/observer/ExampleSubject_addObserver.key; caused by: de.uka.ilkd.key.proof.init.ProofInputException: Could not find rule file rules/intRulesCheckedSemantics.key)
	at de.uka.ilkd.key.control.AbstractUserInterfaceControl.load(AbstractUserInterfaceControl.java:221)
	at de.uka.ilkd.key.control.KeYEnvironment.load(KeYEnvironment.java:251)
	at de.uka.ilkd.key.control.KeYEnvironment.load(KeYEnvironment.java:224)
	at de.uka.ilkd.key.control.KeYEnvironment.load(KeYEnvironment.java:184)
	at de.uka.ilkd.key.control.KeYEnvironment.load(KeYEnvironment.java:261)
	at de.uka.ilkd.key.proof.runallproofs.proofcollection.TestFile.load(TestFile.java:270)
	at de.uka.ilkd.key.proof.runallproofs.proofcollection.TestFile.runKey(TestFile.java:160)
	at de.uka.ilkd.key.proof.runallproofs.proofcollection.ForkedTestFileRunner.main(ForkedTestFileRunner.java:171)
Caused by: de.uka.ilkd.key.proof.init.ProofInputException: Could not find rule file rules/intRulesCheckedSemantics.key
	at de.uka.ilkd.key.proof.io.KeYFile.readIncludes(KeYFile.java:210)
	at de.uka.ilkd.key.proof.init.ProblemInitializer.readIncludes(ProblemInitializer.java:177)
	at de.uka.ilkd.key.proof.init.ProblemInitializer.readEnvInput(ProblemInitializer.java:325)
	at de.uka.ilkd.key.proof.init.ProblemInitializer.prepare(ProblemInitializer.java:449)
	at de.uka.ilkd.key.proof.io.AbstractProblemLoader.createInitConfig(AbstractProblemLoader.java:518)
	at de.uka.ilkd.key.proof.io.AbstractProblemLoader.loadEnvironment(AbstractProblemLoader.java:288)
	at de.uka.ilkd.key.proof.io.AbstractProblemLoader.load(AbstractProblemLoader.java:252)
	at de.uka.ilkd.key.control.AbstractUserInterfaceControl.load(AbstractUserInterfaceControl.java:209)
	... 7 more
Caused by: java.lang.RuntimeException: Could not find rule file rules/intRulesCheckedSemantics.key
	at de.uka.ilkd.key.proof.io.RuleSourceFactory.fromBuiltInRule(RuleSourceFactory.java:32)
	at de.uka.ilkd.key.proof.io.RuleSourceFactory.fromDefaultLocation(RuleSourceFactory.java:21)
	at de.uka.ilkd.key.nparser.builder.IncludeFinder.addInclude(IncludeFinder.java:63)
	at de.uka.ilkd.key.nparser.builder.IncludeFinder.visitOne_include(IncludeFinder.java:43)
	at de.uka.ilkd.key.nparser.builder.IncludeFinder.visitOne_include(IncludeFinder.java:20)
	at de.uka.ilkd.key.nparser.KeYParser$One_includeContext.accept(KeYParser.java:878)
	at de.uka.ilkd.key.nparser.builder.AbstractBuilder.lambda$mapOf$0(AbstractBuilder.java:112)
	at java.base/java.util.stream.ReferencePipeline$3$1.accept(ReferencePipeline.java:195)
	at java.base/java.util.ArrayList$ArrayListSpliterator.forEachRemaining(ArrayList.java:1655)
	at java.base/java.util.stream.AbstractPipeline.copyInto(AbstractPipeline.java:484)
	at java.base/java.util.stream.AbstractPipeline.wrapAndCopyInto(AbstractPipeline.java:474)
	at java.base/java.util.stream.ReduceOps$ReduceOp.evaluateSequential(ReduceOps.java:913)
	at java.base/java.util.stream.AbstractPipeline.evaluate(AbstractPipeline.java:234)
	at java.base/java.util.stream.ReferencePipeline.collect(ReferencePipeline.java:578)
	at de.uka.ilkd.key.nparser.builder.AbstractBuilder.mapOf(AbstractBuilder.java:112)
	at de.uka.ilkd.key.nparser.builder.IncludeFinder.visitOne_include_statement(IncludeFinder.java:35)
	at de.uka.ilkd.key.nparser.builder.IncludeFinder.visitOne_include_statement(IncludeFinder.java:20)
	at de.uka.ilkd.key.nparser.KeYParser$One_include_statementContext.accept(KeYParser.java:802)
	at org.antlr.v4.runtime.tree.AbstractParseTreeVisitor.visitChildren(AbstractParseTreeVisitor.java:46)
	at de.uka.ilkd.key.nparser.KeYParserBaseVisitor.visitDecls(KeYParserBaseVisitor.java:30)
	at de.uka.ilkd.key.nparser.KeYParser$DeclsContext.accept(KeYParser.java:500)
	at org.antlr.v4.runtime.tree.AbstractParseTreeVisitor.visitChildren(AbstractParseTreeVisitor.java:46)
	at de.uka.ilkd.key.nparser.KeYParserBaseVisitor.visitFile(KeYParserBaseVisitor.java:23)
	at de.uka.ilkd.key.nparser.KeYParser$FileContext.accept(KeYParser.java:306)
	at de.uka.ilkd.key.nparser.KeyAst.accept(KeyAst.java:41)
	at de.uka.ilkd.key.nparser.KeyAst$File.getIncludes(KeyAst.java:76)
	at de.uka.ilkd.key.proof.io.KeYFile.readIncludes(KeYFile.java:208)
	... 14 more
Could not find rule file rules/intRulesCheckedSemantics.key (file: /home/runner/work/key/key/key.core/../key.ui/examples/index/.././heap/observer/ExampleSubject_change.key; caused by: de.uka.ilkd.key.proof.init.ProofInputException: Could not find rule file rules/intRulesCheckedSemantics.key)
	at de.uka.ilkd.key.control.AbstractUserInterfaceControl.load(AbstractUserInterfaceControl.java:221)
	at de.uka.ilkd.key.control.KeYEnvironment.load(KeYEnvironment.java:251)
	at de.uka.ilkd.key.control.KeYEnvironment.load(KeYEnvironment.java:224)
	at de.uka.ilkd.key.control.KeYEnvironment.load(KeYEnvironment.java:184)
	at de.uka.ilkd.key.control.KeYEnvironment.load(KeYEnvironment.java:261)
	at de.uka.ilkd.key.proof.runallproofs.proofcollection.TestFile.load(TestFile.java:270)
	at de.uka.ilkd.key.proof.runallproofs.proofcollection.TestFile.runKey(TestFile.java:160)
	at de.uka.ilkd.key.proof.runallproofs.proofcollection.ForkedTestFileRunner.main(ForkedTestFileRunner.java:171)
Caused by: de.uka.ilkd.key.proof.init.ProofInputException: Could not find rule file rules/intRulesCheckedSemantics.key
	at de.uka.ilkd.key.proof.io.KeYFile.readIncludes(KeYFile.java:210)
	at de.uka.ilkd.key.proof.init.ProblemInitializer.readIncludes(ProblemInitializer.java:177)
	at de.uka.ilkd.key.proof.init.ProblemInitializer.readEnvInput(ProblemInitializer.java:325)
	at de.uka.ilkd.key.proof.init.ProblemInitializer.prepare(ProblemInitializer.java:449)
	at de.uka.ilkd.key.proof.io.AbstractProblemLoader.createInitConfig(AbstractProblemLoader.java:518)
	at de.uka.ilkd.key.proof.io.AbstractProblemLoader.loadEnvironment(AbstractProblemLoader.java:288)
	at de.uka.ilkd.key.proof.io.AbstractProblemLoader.load(AbstractProblemLoader.java:252)
	at de.uka.ilkd.key.control.AbstractUserInterfaceControl.load(AbstractUserInterfaceControl.java:209)
	... 7 more
Caused by: java.lang.RuntimeException: Could not find rule file rules/intRulesCheckedSemantics.key
	at de.uka.ilkd.key.proof.io.RuleSourceFactory.fromBuiltInRule(RuleSourceFactory.java:32)
	at de.uka.ilkd.key.proof.io.RuleSourceFactory.fromDefaultLocation(RuleSourceFactory.java:21)
	at de.uka.ilkd.key.nparser.builder.IncludeFinder.addInclude(IncludeFinder.java:63)
	at de.uka.ilkd.key.nparser.builder.IncludeFinder.visitOne_include(IncludeFinder.java:43)
	at de.uka.ilkd.key.nparser.builder.IncludeFinder.visitOne_include(IncludeFinder.java:20)
	at de.uka.ilkd.key.nparser.KeYParser$One_includeContext.accept(KeYParser.java:878)
	at de.uka.ilkd.key.nparser.builder.AbstractBuilder.lambda$mapOf$0(AbstractBuilder.java:112)
	at java.base/java.util.stream.ReferencePipeline$3$1.accept(ReferencePipeline.java:195)
	at java.base/java.util.ArrayList$ArrayListSpliterator.forEachRemaining(ArrayList.java:1655)
	at java.base/java.util.stream.AbstractPipeline.copyInto(AbstractPipeline.java:484)
	at java.base/java.util.stream.AbstractPipeline.wrapAndCopyInto(AbstractPipeline.java:474)
	at java.base/java.util.stream.ReduceOps$ReduceOp.evaluateSequential(ReduceOps.java:913)
	at java.base/java.util.stream.AbstractPipeline.evaluate(AbstractPipeline.java:234)
	at java.base/java.util.stream.ReferencePipeline.collect(ReferencePipeline.java:578)
	at de.uka.ilkd.key.nparser.builder.AbstractBuilder.mapOf(AbstractBuilder.java:112)
	at de.uka.ilkd.key.nparser.builder.IncludeFinder.visitOne_include_statement(IncludeFinder.java:35)
	at de.uka.ilkd.key.nparser.builder.IncludeFinder.visitOne_include_statement(IncludeFinder.java:20)
	at de.uka.ilkd.key.nparser.KeYParser$One_include_statementContext.accept(KeYParser.java:802)
	at org.antlr.v4.runtime.tree.AbstractParseTreeVisitor.visitChildren(AbstractParseTreeVisitor.java:46)
	at de.uka.ilkd.key.nparser.KeYParserBaseVisitor.visitDecls(KeYParserBaseVisitor.java:30)
	at de.uka.ilkd.key.nparser.KeYParser$DeclsContext.accept(KeYParser.java:500)
	at org.antlr.v4.runtime.tree.AbstractParseTreeVisitor.visitChildren(AbstractParseTreeVisitor.java:46)
	at de.uka.ilkd.key.nparser.KeYParserBaseVisitor.visitFile(KeYParserBaseVisitor.java:23)
	at de.uka.ilkd.key.nparser.KeYParser$FileContext.accept(KeYParser.java:306)
	at de.uka.ilkd.key.nparser.KeyAst.accept(KeyAst.java:41)
	at de.uka.ilkd.key.nparser.KeyAst$File.getIncludes(KeyAst.java:76)
	at de.uka.ilkd.key.proof.io.KeYFile.readIncludes(KeYFile.java:208)
	... 14 more
Could not find rule file rules/intRulesCheckedSemantics.key (file: /home/runner/work/key/key/key.core/../key.ui/examples/index/.././heap/observer/ExampleSubject_ExampleSubject.key; caused by: de.uka.ilkd.key.proof.init.ProofInputException: Could not find rule file rules/intRulesCheckedSemantics.key)
	at de.uka.ilkd.key.control.AbstractUserInterfaceControl.load(AbstractUserInterfaceControl.java:221)
	at de.uka.ilkd.key.control.KeYEnvironment.load(KeYEnvironment.java:251)
	at de.uka.ilkd.key.control.KeYEnvironment.load(KeYEnvironment.java:224)
	at de.uka.ilkd.key.control.KeYEnvironment.load(KeYEnvironment.java:184)
	at de.uka.ilkd.key.control.KeYEnvironment.load(KeYEnvironment.java:261)
	at de.uka.ilkd.key.proof.runallproofs.proofcollection.TestFile.load(TestFile.java:270)
	at de.uka.ilkd.key.proof.runallproofs.proofcollection.TestFile.runKey(TestFile.java:160)
	at de.uka.ilkd.key.proof.runallproofs.proofcollection.ForkedTestFileRunner.main(ForkedTestFileRunner.java:171)
Caused by: de.uka.ilkd.key.proof.init.ProofInputException: Could not find rule file rules/intRulesCheckedSemantics.key
	at de.uka.ilkd.key.proof.io.KeYFile.readIncludes(KeYFile.java:210)
	at de.uka.ilkd.key.proof.init.ProblemInitializer.readIncludes(ProblemInitializer.java:177)
	at de.uka.ilkd.key.proof.init.ProblemInitializer.readEnvInput(ProblemInitializer.java:325)
	at de.uka.ilkd.key.proof.init.ProblemInitializer.prepare(ProblemInitializer.java:449)
	at de.uka.ilkd.key.proof.io.AbstractProblemLoader.createInitConfig(AbstractProblemLoader.java:518)
	at de.uka.ilkd.key.proof.io.AbstractProblemLoader.loadEnvironment(AbstractProblemLoader.java:288)
	at de.uka.ilkd.key.proof.io.AbstractProblemLoader.load(AbstractProblemLoader.java:252)
	at de.uka.ilkd.key.control.AbstractUserInterfaceControl.load(AbstractUserInterfaceControl.java:209)
	... 7 more
Caused by: java.lang.RuntimeException: Could not find rule file rules/intRulesCheckedSemantics.key
	at de.uka.ilkd.key.proof.io.RuleSourceFactory.fromBuiltInRule(RuleSourceFactory.java:32)
	at de.uka.ilkd.key.proof.io.RuleSourceFactory.fromDefaultLocation(RuleSourceFactory.java:21)
	at de.uka.ilkd.key.nparser.builder.IncludeFinder.addInclude(IncludeFinder.java:63)
	at de.uka.ilkd.key.nparser.builder.IncludeFinder.visitOne_include(IncludeFinder.java:43)
	at de.uka.ilkd.key.nparser.builder.IncludeFinder.visitOne_include(IncludeFinder.java:20)
	at de.uka.ilkd.key.nparser.KeYParser$One_includeContext.accept(KeYParser.java:878)
	at de.uka.ilkd.key.nparser.builder.AbstractBuilder.lambda$mapOf$0(AbstractBuilder.java:112)
	at java.base/java.util.stream.ReferencePipeline$3$1.accept(ReferencePipeline.java:195)
	at java.base/java.util.ArrayList$ArrayListSpliterator.forEachRemaining(ArrayList.java:1655)
	at java.base/java.util.stream.AbstractPipeline.copyInto(AbstractPipeline.java:484)
	at java.base/java.util.stream.AbstractPipeline.wrapAndCopyInto(AbstractPipeline.java:474)
	at java.base/java.util.stream.ReduceOps$ReduceOp.evaluateSequential(ReduceOps.java:913)
	at java.base/java.util.stream.AbstractPipeline.evaluate(AbstractPipeline.java:234)
	at java.base/java.util.stream.ReferencePipeline.collect(ReferencePipeline.java:578)
	at de.uka.ilkd.key.nparser.builder.AbstractBuilder.mapOf(AbstractBuilder.java:112)
	at de.uka.ilkd.key.nparser.builder.IncludeFinder.visitOne_include_statement(IncludeFinder.java:35)
	at de.uka.ilkd.key.nparser.builder.IncludeFinder.visitOne_include_statement(IncludeFinder.java:20)
	at de.uka.ilkd.key.nparser.KeYParser$One_include_statementContext.accept(KeYParser.java:802)
	at org.antlr.v4.runtime.tree.AbstractParseTreeVisitor.visitChildren(AbstractParseTreeVisitor.java:46)
	at de.uka.ilkd.key.nparser.KeYParserBaseVisitor.visitDecls(KeYParserBaseVisitor.java:30)
	at de.uka.ilkd.key.nparser.KeYParser$DeclsContext.accept(KeYParser.java:500)
	at org.antlr.v4.runtime.tree.AbstractParseTreeVisitor.visitChildren(AbstractParseTreeVisitor.java:46)
	at de.uka.ilkd.key.nparser.KeYParserBaseVisitor.visitFile(KeYParserBaseVisitor.java:23)
	at de.uka.ilkd.key.nparser.KeYParser$FileContext.accept(KeYParser.java:306)
	at de.uka.ilkd.key.nparser.KeyAst.accept(KeyAst.java:41)
	at de.uka.ilkd.key.nparser.KeyAst$File.getIncludes(KeyAst.java:76)
	at de.uka.ilkd.key.proof.io.KeYFile.readIncludes(KeYFile.java:208)
	... 14 more
Could not find rule file rules/intRulesCheckedSemantics.key (file: /home/runner/work/key/key/key.core/../key.ui/examples/index/.././heap/observer/ExampleSubject_footprint.key; caused by: de.uka.ilkd.key.proof.init.ProofInputException: Could not find rule file rules/intRulesCheckedSemantics.key)
	at de.uka.ilkd.key.control.AbstractUserInterfaceControl.load(AbstractUserInterfaceControl.java:221)
	at de.uka.ilkd.key.control.KeYEnvironment.load(KeYEnvironment.java:251)
	at de.uka.ilkd.key.control.KeYEnvironment.load(KeYEnvironment.java:224)
	at de.uka.ilkd.key.control.KeYEnvironment.load(KeYEnvironment.java:184)
	at de.uka.ilkd.key.control.KeYEnvironment.load(KeYEnvironment.java:261)
	at de.uka.ilkd.key.proof.runallproofs.proofcollection.TestFile.load(TestFile.java:270)
	at de.uka.ilkd.key.proof.runallproofs.proofcollection.TestFile.runKey(TestFile.java:160)
	at de.uka.ilkd.key.proof.runallproofs.proofcollection.ForkedTestFileRunner.main(ForkedTestFileRunner.java:171)
Caused by: de.uka.ilkd.key.proof.init.ProofInputException: Could not find rule file rules/intRulesCheckedSemantics.key
	at de.uka.ilkd.key.proof.io.KeYFile.readIncludes(KeYFile.java:210)
	at de.uka.ilkd.key.proof.init.ProblemInitializer.readIncludes(ProblemInitializer.java:177)
	at de.uka.ilkd.key.proof.init.ProblemInitializer.readEnvInput(ProblemInitializer.java:325)
	at de.uka.ilkd.key.proof.init.ProblemInitializer.prepare(ProblemInitializer.java:449)
	at de.uka.ilkd.key.proof.io.AbstractProblemLoader.createInitConfig(AbstractProblemLoader.java:518)
	at de.uka.ilkd.key.proof.io.AbstractProblemLoader.loadEnvironment(AbstractProblemLoader.java:288)
	at de.uka.ilkd.key.proof.io.AbstractProblemLoader.load(AbstractProblemLoader.java:252)
	at de.uka.ilkd.key.control.AbstractUserInterfaceControl.load(AbstractUserInterfaceControl.java:209)
	... 7 more
Caused by: java.lang.RuntimeException: Could not find rule file rules/intRulesCheckedSemantics.key
	at de.uka.ilkd.key.proof.io.RuleSourceFactory.fromBuiltInRule(RuleSourceFactory.java:32)
	at de.uka.ilkd.key.proof.io.RuleSourceFactory.fromDefaultLocation(RuleSourceFactory.java:21)
	at de.uka.ilkd.key.nparser.builder.IncludeFinder.addInclude(IncludeFinder.java:63)
	at de.uka.ilkd.key.nparser.builder.IncludeFinder.visitOne_include(IncludeFinder.java:43)
	at de.uka.ilkd.key.nparser.builder.IncludeFinder.visitOne_include(IncludeFinder.java:20)
	at de.uka.ilkd.key.nparser.KeYParser$One_includeContext.accept(KeYParser.java:878)
	at de.uka.ilkd.key.nparser.builder.AbstractBuilder.lambda$mapOf$0(AbstractBuilder.java:112)
	at java.base/java.util.stream.ReferencePipeline$3$1.accept(ReferencePipeline.java:195)
	at java.base/java.util.ArrayList$ArrayListSpliterator.forEachRemaining(ArrayList.java:1655)
	at java.base/java.util.stream.AbstractPipeline.copyInto(AbstractPipeline.java:484)
	at java.base/java.util.stream.AbstractPipeline.wrapAndCopyInto(AbstractPipeline.java:474)
	at java.base/java.util.stream.ReduceOps$ReduceOp.evaluateSequential(ReduceOps.java:913)
	at java.base/java.util.stream.AbstractPipeline.evaluate(AbstractPipeline.java:234)
	at java.base/java.util.stream.ReferencePipeline.collect(ReferencePipeline.java:578)
	at de.uka.ilkd.key.nparser.builder.AbstractBuilder.mapOf(AbstractBuilder.java:112)
	at de.uka.ilkd.key.nparser.builder.IncludeFinder.visitOne_include_statement(IncludeFinder.java:35)
	at de.uka.ilkd.key.nparser.builder.IncludeFinder.visitOne_include_statement(IncludeFinder.java:20)
	at de.uka.ilkd.key.nparser.KeYParser$One_include_statementContext.accept(KeYParser.java:802)
	at org.antlr.v4.runtime.tree.AbstractParseTreeVisitor.visitChildren(AbstractParseTreeVisitor.java:46)
	at de.uka.ilkd.key.nparser.KeYParserBaseVisitor.visitDecls(KeYParserBaseVisitor.java:30)
	at de.uka.ilkd.key.nparser.KeYParser$DeclsContext.accept(KeYParser.java:500)
	at org.antlr.v4.runtime.tree.AbstractParseTreeVisitor.visitChildren(AbstractParseTreeVisitor.java:46)
	at de.uka.ilkd.key.nparser.KeYParserBaseVisitor.visitFile(KeYParserBaseVisitor.java:23)
	at de.uka.ilkd.key.nparser.KeYParser$FileContext.accept(KeYParser.java:306)
	at de.uka.ilkd.key.nparser.KeyAst.accept(KeyAst.java:41)
	at de.uka.ilkd.key.nparser.KeyAst$File.getIncludes(KeyAst.java:76)
	at de.uka.ilkd.key.proof.io.KeYFile.readIncludes(KeYFile.java:208)
	... 14 more
Could not find rule file rules/intRulesCheckedSemantics.key (file: /home/runner/work/key/key/key.core/../key.ui/examples/index/.././heap/observer/ExampleSubject_inv.key; caused by: de.uka.ilkd.key.proof.init.ProofInputException: Could not find rule file rules/intRulesCheckedSemantics.key)
	at de.uka.ilkd.key.control.AbstractUserInterfaceControl.load(AbstractUserInterfaceControl.java:221)
	at de.uka.ilkd.key.control.KeYEnvironment.load(KeYEnvironment.java:251)
	at de.uka.ilkd.key.control.KeYEnvironment.load(KeYEnvironment.java:224)
	at de.uka.ilkd.key.control.KeYEnvironment.load(KeYEnvironment.java:184)
	at de.uka.ilkd.key.control.KeYEnvironment.load(KeYEnvironment.java:261)
	at de.uka.ilkd.key.proof.runallproofs.proofcollection.TestFile.load(TestFile.java:270)
	at de.uka.ilkd.key.proof.runallproofs.proofcollection.TestFile.runKey(TestFile.java:160)
	at de.uka.ilkd.key.proof.runallproofs.proofcollection.ForkedTestFileRunner.main(ForkedTestFileRunner.java:171)
Caused by: de.uka.ilkd.key.proof.init.ProofInputException: Could not find rule file rules/intRulesCheckedSemantics.key
	at de.uka.ilkd.key.proof.io.KeYFile.readIncludes(KeYFile.java:210)
	at de.uka.ilkd.key.proof.init.ProblemInitializer.readIncludes(ProblemInitializer.java:177)
	at de.uka.ilkd.key.proof.init.ProblemInitializer.readEnvInput(ProblemInitializer.java:325)
	at de.uka.ilkd.key.proof.init.ProblemInitializer.prepare(ProblemInitializer.java:449)
	at de.uka.ilkd.key.proof.io.AbstractProblemLoader.createInitConfig(AbstractProblemLoader.java:518)
	at de.uka.ilkd.key.proof.io.AbstractProblemLoader.loadEnvironment(AbstractProblemLoader.java:288)
	at de.uka.ilkd.key.proof.io.AbstractProblemLoader.load(AbstractProblemLoader.java:252)
	at de.uka.ilkd.key.control.AbstractUserInterfaceControl.load(AbstractUserInterfaceControl.java:209)
	... 7 more
Caused by: java.lang.RuntimeException: Could not find rule file rules/intRulesCheckedSemantics.key
	at de.uka.ilkd.key.proof.io.RuleSourceFactory.fromBuiltInRule(RuleSourceFactory.java:32)
	at de.uka.ilkd.key.proof.io.RuleSourceFactory.fromDefaultLocation(RuleSourceFactory.java:21)
	at de.uka.ilkd.key.nparser.builder.IncludeFinder.addInclude(IncludeFinder.java:63)
	at de.uka.ilkd.key.nparser.builder.IncludeFinder.visitOne_include(IncludeFinder.java:43)
	at de.uka.ilkd.key.nparser.builder.IncludeFinder.visitOne_include(IncludeFinder.java:20)
	at de.uka.ilkd.key.nparser.KeYParser$One_includeContext.accept(KeYParser.java:878)
	at de.uka.ilkd.key.nparser.builder.AbstractBuilder.lambda$mapOf$0(AbstractBuilder.java:112)
	at java.base/java.util.stream.ReferencePipeline$3$1.accept(ReferencePipeline.java:195)
	at java.base/java.util.ArrayList$ArrayListSpliterator.forEachRemaining(ArrayList.java:1655)
	at java.base/java.util.stream.AbstractPipeline.copyInto(AbstractPipeline.java:484)
	at java.base/java.util.stream.AbstractPipeline.wrapAndCopyInto(AbstractPipeline.java:474)
	at java.base/java.util.stream.ReduceOps$ReduceOp.evaluateSequential(ReduceOps.java:913)
	at java.base/java.util.stream.AbstractPipeline.evaluate(AbstractPipeline.java:234)
	at java.base/java.util.stream.ReferencePipeline.collect(ReferencePipeline.java:578)
	at de.uka.ilkd.key.nparser.builder.AbstractBuilder.mapOf(AbstractBuilder.java:112)
	at de.uka.ilkd.key.nparser.builder.IncludeFinder.visitOne_include_statement(IncludeFinder.java:35)
	at de.uka.ilkd.key.nparser.builder.IncludeFinder.visitOne_include_statement(IncludeFinder.java:20)
	at de.uka.ilkd.key.nparser.KeYParser$One_include_statementContext.accept(KeYParser.java:802)
	at org.antlr.v4.runtime.tree.AbstractParseTreeVisitor.visitChildren(AbstractParseTreeVisitor.java:46)
	at de.uka.ilkd.key.nparser.KeYParserBaseVisitor.visitDecls(KeYParserBaseVisitor.java:30)
	at de.uka.ilkd.key.nparser.KeYParser$DeclsContext.accept(KeYParser.java:500)
	at org.antlr.v4.runtime.tree.AbstractParseTreeVisitor.visitChildren(AbstractParseTreeVisitor.java:46)
	at de.uka.ilkd.key.nparser.KeYParserBaseVisitor.visitFile(KeYParserBaseVisitor.java:23)
	at de.uka.ilkd.key.nparser.KeYParser$FileContext.accept(KeYParser.java:306)
	at de.uka.ilkd.key.nparser.KeyAst.accept(KeyAst.java:41)
	at de.uka.ilkd.key.nparser.KeyAst$File.getIncludes(KeyAst.java:76)
	at de.uka.ilkd.key.proof.io.KeYFile.readIncludes(KeYFile.java:208)
	... 14 more
Could not find rule file rules/intRulesCheckedSemantics.key (file: /home/runner/work/key/key/key.core/../key.ui/examples/index/.././heap/observer/ExampleSubject_notifyObservers.key; caused by: de.uka.ilkd.key.proof.init.ProofInputException: Could not find rule file rules/intRulesCheckedSemantics.key)
	at de.uka.ilkd.key.control.AbstractUserInterfaceControl.load(AbstractUserInterfaceControl.java:221)
	at de.uka.ilkd.key.control.KeYEnvironment.load(KeYEnvironment.java:251)
	at de.uka.ilkd.key.control.KeYEnvironment.load(KeYEnvironment.java:224)
	at de.uka.ilkd.key.control.KeYEnvironment.load(KeYEnvironment.java:184)
	at de.uka.ilkd.key.control.KeYEnvironment.load(KeYEnvironment.java:261)
	at de.uka.ilkd.key.proof.runallproofs.proofcollection.TestFile.load(TestFile.java:270)
	at de.uka.ilkd.key.proof.runallproofs.proofcollection.TestFile.runKey(TestFile.java:160)
	at de.uka.ilkd.key.proof.runallproofs.proofcollection.ForkedTestFileRunner.main(ForkedTestFileRunner.java:171)
Caused by: de.uka.ilkd.key.proof.init.ProofInputException: Could not find rule file rules/intRulesCheckedSemantics.key
	at de.uka.ilkd.key.proof.io.KeYFile.readIncludes(KeYFile.java:210)
	at de.uka.ilkd.key.proof.init.ProblemInitializer.readIncludes(ProblemInitializer.java:177)
	at de.uka.ilkd.key.proof.init.ProblemInitializer.readEnvInput(ProblemInitializer.java:325)
	at de.uka.ilkd.key.proof.init.ProblemInitializer.prepare(ProblemInitializer.java:449)
	at de.uka.ilkd.key.proof.io.AbstractProblemLoader.createInitConfig(AbstractProblemLoader.java:518)
	at de.uka.ilkd.key.proof.io.AbstractProblemLoader.loadEnvironment(AbstractProblemLoader.java:288)
	at de.uka.ilkd.key.proof.io.AbstractProblemLoader.load(AbstractProblemLoader.java:252)
	at de.uka.ilkd.key.control.AbstractUserInterfaceControl.load(AbstractUserInterfaceControl.java:209)
	... 7 more
Caused by: java.lang.RuntimeException: Could not find rule file rules/intRulesCheckedSemantics.key
	at de.uka.ilkd.key.proof.io.RuleSourceFactory.fromBuiltInRule(RuleSourceFactory.java:32)
	at de.uka.ilkd.key.proof.io.RuleSourceFactory.fromDefaultLocation(RuleSourceFactory.java:21)
	at de.uka.ilkd.key.nparser.builder.IncludeFinder.addInclude(IncludeFinder.java:63)
	at de.uka.ilkd.key.nparser.builder.IncludeFinder.visitOne_include(IncludeFinder.java:43)
	at de.uka.ilkd.key.nparser.builder.IncludeFinder.visitOne_include(IncludeFinder.java:20)
	at de.uka.ilkd.key.nparser.KeYParser$One_includeContext.accept(KeYParser.java:878)
	at de.uka.ilkd.key.nparser.builder.AbstractBuilder.lambda$mapOf$0(AbstractBuilder.java:112)
	at java.base/java.util.stream.ReferencePipeline$3$1.accept(ReferencePipeline.java:195)
	at java.base/java.util.ArrayList$ArrayListSpliterator.forEachRemaining(ArrayList.java:1655)
	at java.base/java.util.stream.AbstractPipeline.copyInto(AbstractPipeline.java:484)
	at java.base/java.util.stream.AbstractPipeline.wrapAndCopyInto(AbstractPipeline.java:474)
	at java.base/java.util.stream.ReduceOps$ReduceOp.evaluateSequential(ReduceOps.java:913)
	at java.base/java.util.stream.AbstractPipeline.evaluate(AbstractPipeline.java:234)
	at java.base/java.util.stream.ReferencePipeline.collect(ReferencePipeline.java:578)
	at de.uka.ilkd.key.nparser.builder.AbstractBuilder.mapOf(AbstractBuilder.java:112)
	at de.uka.ilkd.key.nparser.builder.IncludeFinder.visitOne_include_statement(IncludeFinder.java:35)
	at de.uka.ilkd.key.nparser.builder.IncludeFinder.visitOne_include_statement(IncludeFinder.java:20)
	at de.uka.ilkd.key.nparser.KeYParser$One_include_statementContext.accept(KeYParser.java:802)
	at org.antlr.v4.runtime.tree.AbstractParseTreeVisitor.visitChildren(AbstractParseTreeVisitor.java:46)
	at de.uka.ilkd.key.nparser.KeYParserBaseVisitor.visitDecls(KeYParserBaseVisitor.java:30)
	at de.uka.ilkd.key.nparser.KeYParser$DeclsContext.accept(KeYParser.java:500)
	at org.antlr.v4.runtime.tree.AbstractParseTreeVisitor.visitChildren(AbstractParseTreeVisitor.java:46)
	at de.uka.ilkd.key.nparser.KeYParserBaseVisitor.visitFile(KeYParserBaseVisitor.java:23)
	at de.uka.ilkd.key.nparser.KeYParser$FileContext.accept(KeYParser.java:306)
	at de.uka.ilkd.key.nparser.KeyAst.accept(KeyAst.java:41)
	at de.uka.ilkd.key.nparser.KeyAst$File.getIncludes(KeyAst.java:76)
	at de.uka.ilkd.key.proof.io.KeYFile.readIncludes(KeYFile.java:208)
	... 14 more
Could not find rule file rules/intRulesCheckedSemantics.key (file: /home/runner/work/key/key/key.core/../key.ui/examples/index/.././heap/observer/ExampleSubject_value_dep.key; caused by: de.uka.ilkd.key.proof.init.ProofInputException: Could not find rule file rules/intRulesCheckedSemantics.key)
	at de.uka.ilkd.key.control.AbstractUserInterfaceControl.load(AbstractUserInterfaceControl.java:221)
	at de.uka.ilkd.key.control.KeYEnvironment.load(KeYEnvironment.java:251)
	at de.uka.ilkd.key.control.KeYEnvironment.load(KeYEnvironment.java:224)
	at de.uka.ilkd.key.control.KeYEnvironment.load(KeYEnvironment.java:184)
	at de.uka.ilkd.key.control.KeYEnvironment.load(KeYEnvironment.java:261)
	at de.uka.ilkd.key.proof.runallproofs.proofcollection.TestFile.load(TestFile.java:270)
	at de.uka.ilkd.key.proof.runallproofs.proofcollection.TestFile.runKey(TestFile.java:160)
	at de.uka.ilkd.key.proof.runallproofs.proofcollection.ForkedTestFileRunner.main(ForkedTestFileRunner.java:171)
Caused by: de.uka.ilkd.key.proof.init.ProofInputException: Could not find rule file rules/intRulesCheckedSemantics.key
	at de.uka.ilkd.key.proof.io.KeYFile.readIncludes(KeYFile.java:210)
	at de.uka.ilkd.key.proof.init.ProblemInitializer.readIncludes(ProblemInitializer.java:177)
	at de.uka.ilkd.key.proof.init.ProblemInitializer.readEnvInput(ProblemInitializer.java:325)
	at de.uka.ilkd.key.proof.init.ProblemInitializer.prepare(ProblemInitializer.java:449)
	at de.uka.ilkd.key.proof.io.AbstractProblemLoader.createInitConfig(AbstractProblemLoader.java:518)
	at de.uka.ilkd.key.proof.io.AbstractProblemLoader.loadEnvironment(AbstractProblemLoader.java:288)
	at de.uka.ilkd.key.proof.io.AbstractProblemLoader.load(AbstractProblemLoader.java:252)
	at de.uka.ilkd.key.control.AbstractUserInterfaceControl.load(AbstractUserInterfaceControl.java:209)
	... 7 more
Caused by: java.lang.RuntimeException: Could not find rule file rules/intRulesCheckedSemantics.key
	at de.uka.ilkd.key.proof.io.RuleSourceFactory.fromBuiltInRule(RuleSourceFactory.java:32)
	at de.uka.ilkd.key.proof.io.RuleSourceFactory.fromDefaultLocation(RuleSourceFactory.java:21)
	at de.uka.ilkd.key.nparser.builder.IncludeFinder.addInclude(IncludeFinder.java:63)
	at de.uka.ilkd.key.nparser.builder.IncludeFinder.visitOne_include(IncludeFinder.java:43)
	at de.uka.ilkd.key.nparser.builder.IncludeFinder.visitOne_include(IncludeFinder.java:20)
	at de.uka.ilkd.key.nparser.KeYParser$One_includeContext.accept(KeYParser.java:878)
	at de.uka.ilkd.key.nparser.builder.AbstractBuilder.lambda$mapOf$0(AbstractBuilder.java:112)
	at java.base/java.util.stream.ReferencePipeline$3$1.accept(ReferencePipeline.java:195)
	at java.base/java.util.ArrayList$ArrayListSpliterator.forEachRemaining(ArrayList.java:1655)
	at java.base/java.util.stream.AbstractPipeline.copyInto(AbstractPipeline.java:484)
	at java.base/java.util.stream.AbstractPipeline.wrapAndCopyInto(AbstractPipeline.java:474)
	at java.base/java.util.stream.ReduceOps$ReduceOp.evaluateSequential(ReduceOps.java:913)
	at java.base/java.util.stream.AbstractPipeline.evaluate(AbstractPipeline.java:234)
	at java.base/java.util.stream.ReferencePipeline.collect(ReferencePipeline.java:578)
	at de.uka.ilkd.key.nparser.builder.AbstractBuilder.mapOf(AbstractBuilder.java:112)
	at de.uka.ilkd.key.nparser.builder.IncludeFinder.visitOne_include_statement(IncludeFinder.java:35)
	at de.uka.ilkd.key.nparser.builder.IncludeFinder.visitOne_include_statement(IncludeFinder.java:20)
	at de.uka.ilkd.key.nparser.KeYParser$One_include_statementContext.accept(KeYParser.java:802)
	at org.antlr.v4.runtime.tree.AbstractParseTreeVisitor.visitChildren(AbstractParseTreeVisitor.java:46)
	at de.uka.ilkd.key.nparser.KeYParserBaseVisitor.visitDecls(KeYParserBaseVisitor.java:30)
	at de.uka.ilkd.key.nparser.KeYParser$DeclsContext.accept(KeYParser.java:500)
	at org.antlr.v4.runtime.tree.AbstractParseTreeVisitor.visitChildren(AbstractParseTreeVisitor.java:46)
	at de.uka.ilkd.key.nparser.KeYParserBaseVisitor.visitFile(KeYParserBaseVisitor.java:23)
	at de.uka.ilkd.key.nparser.KeYParser$FileContext.accept(KeYParser.java:306)
	at de.uka.ilkd.key.nparser.KeyAst.accept(KeyAst.java:41)
	at de.uka.ilkd.key.nparser.KeyAst$File.getIncludes(KeyAst.java:76)
	at de.uka.ilkd.key.proof.io.KeYFile.readIncludes(KeYFile.java:208)
	... 14 more
Could not find rule file rules/intRulesCheckedSemantics.key (file: /home/runner/work/key/key/key.core/../key.ui/examples/index/.././heap/observer/ExampleSubject_value.key; caused by: de.uka.ilkd.key.proof.init.ProofInputException: Could not find rule file rules/intRulesCheckedSemantics.key)
	at de.uka.ilkd.key.control.AbstractUserInterfaceControl.load(AbstractUserInterfaceControl.java:221)
	at de.uka.ilkd.key.control.KeYEnvironment.load(KeYEnvironment.java:251)
	at de.uka.ilkd.key.control.KeYEnvironment.load(KeYEnvironment.java:224)
	at de.uka.ilkd.key.control.KeYEnvironment.load(KeYEnvironment.java:184)
	at de.uka.ilkd.key.control.KeYEnvironment.load(KeYEnvironment.java:261)
	at de.uka.ilkd.key.proof.runallproofs.proofcollection.TestFile.load(TestFile.java:270)
	at de.uka.ilkd.key.proof.runallproofs.proofcollection.TestFile.runKey(TestFile.java:160)
	at de.uka.ilkd.key.proof.runallproofs.proofcollection.ForkedTestFileRunner.main(ForkedTestFileRunner.java:171)
Caused by: de.uka.ilkd.key.proof.init.ProofInputException: Could not find rule file rules/intRulesCheckedSemantics.key
	at de.uka.ilkd.key.proof.io.KeYFile.readIncludes(KeYFile.java:210)
	at de.uka.ilkd.key.proof.init.ProblemInitializer.readIncludes(ProblemInitializer.java:177)
	at de.uka.ilkd.key.proof.init.ProblemInitializer.readEnvInput(ProblemInitializer.java:325)
	at de.uka.ilkd.key.proof.init.ProblemInitializer.prepare(ProblemInitializer.java:449)
	at de.uka.ilkd.key.proof.io.AbstractProblemLoader.createInitConfig(AbstractProblemLoader.java:518)
	at de.uka.ilkd.key.proof.io.AbstractProblemLoader.loadEnvironment(AbstractProblemLoader.java:288)
	at de.uka.ilkd.key.proof.io.AbstractProblemLoader.load(AbstractProblemLoader.java:252)
	at de.uka.ilkd.key.control.AbstractUserInterfaceControl.load(AbstractUserInterfaceControl.java:209)
	... 7 more
Caused by: java.lang.RuntimeException: Could not find rule file rules/intRulesCheckedSemantics.key
	at de.uka.ilkd.key.proof.io.RuleSourceFactory.fromBuiltInRule(RuleSourceFactory.java:32)
	at de.uka.ilkd.key.proof.io.RuleSourceFactory.fromDefaultLocation(RuleSourceFactory.java:21)
	at de.uka.ilkd.key.nparser.builder.IncludeFinder.addInclude(IncludeFinder.java:63)
	at de.uka.ilkd.key.nparser.builder.IncludeFinder.visitOne_include(IncludeFinder.java:43)
	at de.uka.ilkd.key.nparser.builder.IncludeFinder.visitOne_include(IncludeFinder.java:20)
	at de.uka.ilkd.key.nparser.KeYParser$One_includeContext.accept(KeYParser.java:878)
	at de.uka.ilkd.key.nparser.builder.AbstractBuilder.lambda$mapOf$0(AbstractBuilder.java:112)
	at java.base/java.util.stream.ReferencePipeline$3$1.accept(ReferencePipeline.java:195)
	at java.base/java.util.ArrayList$ArrayListSpliterator.forEachRemaining(ArrayList.java:1655)
	at java.base/java.util.stream.AbstractPipeline.copyInto(AbstractPipeline.java:484)
	at java.base/java.util.stream.AbstractPipeline.wrapAndCopyInto(AbstractPipeline.java:474)
	at java.base/java.util.stream.ReduceOps$ReduceOp.evaluateSequential(ReduceOps.java:913)
	at java.base/java.util.stream.AbstractPipeline.evaluate(AbstractPipeline.java:234)
	at java.base/java.util.stream.ReferencePipeline.collect(ReferencePipeline.java:578)
	at de.uka.ilkd.key.nparser.builder.AbstractBuilder.mapOf(AbstractBuilder.java:112)
	at de.uka.ilkd.key.nparser.builder.IncludeFinder.visitOne_include_statement(IncludeFinder.java:35)
	at de.uka.ilkd.key.nparser.builder.IncludeFinder.visitOne_include_statement(IncludeFinder.java:20)
	at de.uka.ilkd.key.nparser.KeYParser$One_include_statementContext.accept(KeYParser.java:802)
	at org.antlr.v4.runtime.tree.AbstractParseTreeVisitor.visitChildren(AbstractParseTreeVisitor.java:46)
	at de.uka.ilkd.key.nparser.KeYParserBaseVisitor.visitDecls(KeYParserBaseVisitor.java:30)
	at de.uka.ilkd.key.nparser.KeYParser$DeclsContext.accept(KeYParser.java:500)
	at org.antlr.v4.runtime.tree.AbstractParseTreeVisitor.visitChildren(AbstractParseTreeVisitor.java:46)
	at de.uka.ilkd.key.nparser.KeYParserBaseVisitor.visitFile(KeYParserBaseVisitor.java:23)
	at de.uka.ilkd.key.nparser.KeYParser$FileContext.accept(KeYParser.java:306)
	at de.uka.ilkd.key.nparser.KeyAst.accept(KeyAst.java:41)
	at de.uka.ilkd.key.nparser.KeyAst$File.getIncludes(KeyAst.java:76)
	at de.uka.ilkd.key.proof.io.KeYFile.readIncludes(KeYFile.java:208)
	... 14 more
Exception in thread "main" org.opentest4j.AssertionFailedError: Exception during the execution of proofs. See log for more details.
	at org.junit.jupiter.api.AssertionUtils.fail(AssertionUtils.java:39)
	at org.junit.jupiter.api.Assertions.fail(Assertions.java:134)
	at de.uka.ilkd.key.proof.runallproofs.proofcollection.ForkedTestFileRunner.main(ForkedTestFileRunner.java:192)
Timeout watcher launched (2000 secs.)
Could not find rule file rules/intRulesCheckedSemantics.key (file: /home/runner/work/key/key/key.core/../key.ui/examples/index/.././heap/removeDups/arrayPart.key; caused by: de.uka.ilkd.key.proof.init.ProofInputException: Could not find rule file rules/intRulesCheckedSemantics.key)
	at de.uka.ilkd.key.control.AbstractUserInterfaceControl.load(AbstractUserInterfaceControl.java:221)
	at de.uka.ilkd.key.control.KeYEnvironment.load(KeYEnvironment.java:251)
	at de.uka.ilkd.key.control.KeYEnvironment.load(KeYEnvironment.java:224)
	at de.uka.ilkd.key.control.KeYEnvironment.load(KeYEnvironment.java:184)
	at de.uka.ilkd.key.control.KeYEnvironment.load(KeYEnvironment.java:261)
	at de.uka.ilkd.key.proof.runallproofs.proofcollection.TestFile.load(TestFile.java:270)
	at de.uka.ilkd.key.proof.runallproofs.proofcollection.TestFile.runKey(TestFile.java:160)
	at de.uka.ilkd.key.proof.runallproofs.proofcollection.ForkedTestFileRunner.main(ForkedTestFileRunner.java:171)
Caused by: de.uka.ilkd.key.proof.init.ProofInputException: Could not find rule file rules/intRulesCheckedSemantics.key
	at de.uka.ilkd.key.proof.io.KeYFile.readIncludes(KeYFile.java:210)
	at de.uka.ilkd.key.proof.init.ProblemInitializer.readIncludes(ProblemInitializer.java:177)
	at de.uka.ilkd.key.proof.init.ProblemInitializer.readEnvInput(ProblemInitializer.java:325)
	at de.uka.ilkd.key.proof.init.ProblemInitializer.prepare(ProblemInitializer.java:449)
	at de.uka.ilkd.key.proof.io.AbstractProblemLoader.createInitConfig(AbstractProblemLoader.java:518)
	at de.uka.ilkd.key.proof.io.AbstractProblemLoader.loadEnvironment(AbstractProblemLoader.java:288)
	at de.uka.ilkd.key.proof.io.AbstractProblemLoader.load(AbstractProblemLoader.java:252)
	at de.uka.ilkd.key.control.AbstractUserInterfaceControl.load(AbstractUserInterfaceControl.java:209)
	... 7 more
Caused by: java.lang.RuntimeException: Could not find rule file rules/intRulesCheckedSemantics.key
	at de.uka.ilkd.key.proof.io.RuleSourceFactory.fromBuiltInRule(RuleSourceFactory.java:32)
	at de.uka.ilkd.key.proof.io.RuleSourceFactory.fromDefaultLocation(RuleSourceFactory.java:21)
	at de.uka.ilkd.key.nparser.builder.IncludeFinder.addInclude(IncludeFinder.java:63)
	at de.uka.ilkd.key.nparser.builder.IncludeFinder.visitOne_include(IncludeFinder.java:43)
	at de.uka.ilkd.key.nparser.builder.IncludeFinder.visitOne_include(IncludeFinder.java:20)
	at de.uka.ilkd.key.nparser.KeYParser$One_includeContext.accept(KeYParser.java:878)
	at de.uka.ilkd.key.nparser.builder.AbstractBuilder.lambda$mapOf$0(AbstractBuilder.java:112)
	at java.base/java.util.stream.ReferencePipeline$3$1.accept(ReferencePipeline.java:195)
	at java.base/java.util.ArrayList$ArrayListSpliterator.forEachRemaining(ArrayList.java:1655)
	at java.base/java.util.stream.AbstractPipeline.copyInto(AbstractPipeline.java:484)
	at java.base/java.util.stream.AbstractPipeline.wrapAndCopyInto(AbstractPipeline.java:474)
	at java.base/java.util.stream.ReduceOps$ReduceOp.evaluateSequential(ReduceOps.java:913)
	at java.base/java.util.stream.AbstractPipeline.evaluate(AbstractPipeline.java:234)
	at java.base/java.util.stream.ReferencePipeline.collect(ReferencePipeline.java:578)
	at de.uka.ilkd.key.nparser.builder.AbstractBuilder.mapOf(AbstractBuilder.java:112)
	at de.uka.ilkd.key.nparser.builder.IncludeFinder.visitOne_include_statement(IncludeFinder.java:35)
	at de.uka.ilkd.key.nparser.builder.IncludeFinder.visitOne_include_statement(IncludeFinder.java:20)
	at de.uka.ilkd.key.nparser.KeYParser$One_include_statementContext.accept(KeYParser.java:802)
	at org.antlr.v4.runtime.tree.AbstractParseTreeVisitor.visitChildren(AbstractParseTreeVisitor.java:46)
	at de.uka.ilkd.key.nparser.KeYParserBaseVisitor.visitDecls(KeYParserBaseVisitor.java:30)
	at de.uka.ilkd.key.nparser.KeYParser$DeclsContext.accept(KeYParser.java:500)
	at org.antlr.v4.runtime.tree.AbstractParseTreeVisitor.visitChildren(AbstractParseTreeVisitor.java:46)
	at de.uka.ilkd.key.nparser.KeYParserBaseVisitor.visitFile(KeYParserBaseVisitor.java:23)
	at de.uka.ilkd.key.nparser.KeYParser$FileContext.accept(KeYParser.java:306)
	at de.uka.ilkd.key.nparser.KeyAst.accept(KeyAst.java:41)
	at de.uka.ilkd.key.nparser.KeyAst$File.getIncludes(KeyAst.java:76)
	at de.uka.ilkd.key.proof.io.KeYFile.readIncludes(KeYFile.java:208)
	... 14 more
Could not find rule file rules/intRulesCheckedSemantics.key (file: /home/runner/work/key/key/key.core/../key.ui/examples/index/.././heap/removeDups/contains.key; caused by: de.uka.ilkd.key.proof.init.ProofInputException: Could not find rule file rules/intRulesCheckedSemantics.key)
	at de.uka.ilkd.key.control.AbstractUserInterfaceControl.load(AbstractUserInterfaceControl.java:221)
	at de.uka.ilkd.key.control.KeYEnvironment.load(KeYEnvironment.java:251)
	at de.uka.ilkd.key.control.KeYEnvironment.load(KeYEnvironment.java:224)
	at de.uka.ilkd.key.control.KeYEnvironment.load(KeYEnvironment.java:184)
	at de.uka.ilkd.key.control.KeYEnvironment.load(KeYEnvironment.java:261)
	at de.uka.ilkd.key.proof.runallproofs.proofcollection.TestFile.load(TestFile.java:270)
	at de.uka.ilkd.key.proof.runallproofs.proofcollection.TestFile.runKey(TestFile.java:160)
	at de.uka.ilkd.key.proof.runallproofs.proofcollection.ForkedTestFileRunner.main(ForkedTestFileRunner.java:171)
Caused by: de.uka.ilkd.key.proof.init.ProofInputException: Could not find rule file rules/intRulesCheckedSemantics.key
	at de.uka.ilkd.key.proof.io.KeYFile.readIncludes(KeYFile.java:210)
	at de.uka.ilkd.key.proof.init.ProblemInitializer.readIncludes(ProblemInitializer.java:177)
	at de.uka.ilkd.key.proof.init.ProblemInitializer.readEnvInput(ProblemInitializer.java:325)
	at de.uka.ilkd.key.proof.init.ProblemInitializer.prepare(ProblemInitializer.java:449)
	at de.uka.ilkd.key.proof.io.AbstractProblemLoader.createInitConfig(AbstractProblemLoader.java:518)
	at de.uka.ilkd.key.proof.io.AbstractProblemLoader.loadEnvironment(AbstractProblemLoader.java:288)
	at de.uka.ilkd.key.proof.io.AbstractProblemLoader.load(AbstractProblemLoader.java:252)
	at de.uka.ilkd.key.control.AbstractUserInterfaceControl.load(AbstractUserInterfaceControl.java:209)
	... 7 more
Caused by: java.lang.RuntimeException: Could not find rule file rules/intRulesCheckedSemantics.key
	at de.uka.ilkd.key.proof.io.RuleSourceFactory.fromBuiltInRule(RuleSourceFactory.java:32)
	at de.uka.ilkd.key.proof.io.RuleSourceFactory.fromDefaultLocation(RuleSourceFactory.java:21)
	at de.uka.ilkd.key.nparser.builder.IncludeFinder.addInclude(IncludeFinder.java:63)
	at de.uka.ilkd.key.nparser.builder.IncludeFinder.visitOne_include(IncludeFinder.java:43)
	at de.uka.ilkd.key.nparser.builder.IncludeFinder.visitOne_include(IncludeFinder.java:20)
	at de.uka.ilkd.key.nparser.KeYParser$One_includeContext.accept(KeYParser.java:878)
	at de.uka.ilkd.key.nparser.builder.AbstractBuilder.lambda$mapOf$0(AbstractBuilder.java:112)
	at java.base/java.util.stream.ReferencePipeline$3$1.accept(ReferencePipeline.java:195)
	at java.base/java.util.ArrayList$ArrayListSpliterator.forEachRemaining(ArrayList.java:1655)
	at java.base/java.util.stream.AbstractPipeline.copyInto(AbstractPipeline.java:484)
	at java.base/java.util.stream.AbstractPipeline.wrapAndCopyInto(AbstractPipeline.java:474)
	at java.base/java.util.stream.ReduceOps$ReduceOp.evaluateSequential(ReduceOps.java:913)
	at java.base/java.util.stream.AbstractPipeline.evaluate(AbstractPipeline.java:234)
	at java.base/java.util.stream.ReferencePipeline.collect(ReferencePipeline.java:578)
	at de.uka.ilkd.key.nparser.builder.AbstractBuilder.mapOf(AbstractBuilder.java:112)
	at de.uka.ilkd.key.nparser.builder.IncludeFinder.visitOne_include_statement(IncludeFinder.java:35)
	at de.uka.ilkd.key.nparser.builder.IncludeFinder.visitOne_include_statement(IncludeFinder.java:20)
	at de.uka.ilkd.key.nparser.KeYParser$One_include_statementContext.accept(KeYParser.java:802)
	at org.antlr.v4.runtime.tree.AbstractParseTreeVisitor.visitChildren(AbstractParseTreeVisitor.java:46)
	at de.uka.ilkd.key.nparser.KeYParserBaseVisitor.visitDecls(KeYParserBaseVisitor.java:30)
	at de.uka.ilkd.key.nparser.KeYParser$DeclsContext.accept(KeYParser.java:500)
	at org.antlr.v4.runtime.tree.AbstractParseTreeVisitor.visitChildren(AbstractParseTreeVisitor.java:46)
	at de.uka.ilkd.key.nparser.KeYParserBaseVisitor.visitFile(KeYParserBaseVisitor.java:23)
	at de.uka.ilkd.key.nparser.KeYParser$FileContext.accept(KeYParser.java:306)
	at de.uka.ilkd.key.nparser.KeyAst.accept(KeyAst.java:41)
	at de.uka.ilkd.key.nparser.KeyAst$File.getIncludes(KeyAst.java:76)
	at de.uka.ilkd.key.proof.io.KeYFile.readIncludes(KeYFile.java:208)
	... 14 more
Could not find rule file rules/intRulesCheckedSemantics.key (file: /home/runner/work/key/key/key.core/../key.ui/examples/index/.././heap/removeDups/removeDup.key; caused by: de.uka.ilkd.key.proof.init.ProofInputException: Could not find rule file rules/intRulesCheckedSemantics.key)
	at de.uka.ilkd.key.control.AbstractUserInterfaceControl.load(AbstractUserInterfaceControl.java:221)
	at de.uka.ilkd.key.control.KeYEnvironment.load(KeYEnvironment.java:251)
	at de.uka.ilkd.key.control.KeYEnvironment.load(KeYEnvironment.java:224)
	at de.uka.ilkd.key.control.KeYEnvironment.load(KeYEnvironment.java:184)
	at de.uka.ilkd.key.control.KeYEnvironment.load(KeYEnvironment.java:261)
	at de.uka.ilkd.key.proof.runallproofs.proofcollection.TestFile.load(TestFile.java:270)
	at de.uka.ilkd.key.proof.runallproofs.proofcollection.TestFile.runKey(TestFile.java:160)
	at de.uka.ilkd.key.proof.runallproofs.proofcollection.ForkedTestFileRunner.main(ForkedTestFileRunner.java:171)
Caused by: de.uka.ilkd.key.proof.init.ProofInputException: Could not find rule file rules/intRulesCheckedSemantics.key
	at de.uka.ilkd.key.proof.io.KeYFile.readIncludes(KeYFile.java:210)
	at de.uka.ilkd.key.proof.init.ProblemInitializer.readIncludes(ProblemInitializer.java:177)
	at de.uka.ilkd.key.proof.init.ProblemInitializer.readEnvInput(ProblemInitializer.java:325)
	at de.uka.ilkd.key.proof.init.ProblemInitializer.prepare(ProblemInitializer.java:449)
	at de.uka.ilkd.key.proof.io.AbstractProblemLoader.createInitConfig(AbstractProblemLoader.java:518)
	at de.uka.ilkd.key.proof.io.AbstractProblemLoader.loadEnvironment(AbstractProblemLoader.java:288)
	at de.uka.ilkd.key.proof.io.AbstractProblemLoader.load(AbstractProblemLoader.java:252)
	at de.uka.ilkd.key.control.AbstractUserInterfaceControl.load(AbstractUserInterfaceControl.java:209)
	... 7 more
Caused by: java.lang.RuntimeException: Could not find rule file rules/intRulesCheckedSemantics.key
	at de.uka.ilkd.key.proof.io.RuleSourceFactory.fromBuiltInRule(RuleSourceFactory.java:32)
	at de.uka.ilkd.key.proof.io.RuleSourceFactory.fromDefaultLocation(RuleSourceFactory.java:21)
	at de.uka.ilkd.key.nparser.builder.IncludeFinder.addInclude(IncludeFinder.java:63)
	at de.uka.ilkd.key.nparser.builder.IncludeFinder.visitOne_include(IncludeFinder.java:43)
	at de.uka.ilkd.key.nparser.builder.IncludeFinder.visitOne_include(IncludeFinder.java:20)
	at de.uka.ilkd.key.nparser.KeYParser$One_includeContext.accept(KeYParser.java:878)
	at de.uka.ilkd.key.nparser.builder.AbstractBuilder.lambda$mapOf$0(AbstractBuilder.java:112)
	at java.base/java.util.stream.ReferencePipeline$3$1.accept(ReferencePipeline.java:195)
	at java.base/java.util.ArrayList$ArrayListSpliterator.forEachRemaining(ArrayList.java:1655)
	at java.base/java.util.stream.AbstractPipeline.copyInto(AbstractPipeline.java:484)
	at java.base/java.util.stream.AbstractPipeline.wrapAndCopyInto(AbstractPipeline.java:474)
	at java.base/java.util.stream.ReduceOps$ReduceOp.evaluateSequential(ReduceOps.java:913)
	at java.base/java.util.stream.AbstractPipeline.evaluate(AbstractPipeline.java:234)
	at java.base/java.util.stream.ReferencePipeline.collect(ReferencePipeline.java:578)
	at de.uka.ilkd.key.nparser.builder.AbstractBuilder.mapOf(AbstractBuilder.java:112)
	at de.uka.ilkd.key.nparser.builder.IncludeFinder.visitOne_include_statement(IncludeFinder.java:35)
	at de.uka.ilkd.key.nparser.builder.IncludeFinder.visitOne_include_statement(IncludeFinder.java:20)
	at de.uka.ilkd.key.nparser.KeYParser$One_include_statementContext.accept(KeYParser.java:802)
	at org.antlr.v4.runtime.tree.AbstractParseTreeVisitor.visitChildren(AbstractParseTreeVisitor.java:46)
	at de.uka.ilkd.key.nparser.KeYParserBaseVisitor.visitDecls(KeYParserBaseVisitor.java:30)
	at de.uka.ilkd.key.nparser.KeYParser$DeclsContext.accept(KeYParser.java:500)
	at org.antlr.v4.runtime.tree.AbstractParseTreeVisitor.visitChildren(AbstractParseTreeVisitor.java:46)
	at de.uka.ilkd.key.nparser.KeYParserBaseVisitor.visitFile(KeYParserBaseVisitor.java:23)
	at de.uka.ilkd.key.nparser.KeYParser$FileContext.accept(KeYParser.java:306)
	at de.uka.ilkd.key.nparser.KeyAst.accept(KeyAst.java:41)
	at de.uka.ilkd.key.nparser.KeyAst$File.getIncludes(KeyAst.java:76)
	at de.uka.ilkd.key.proof.io.KeYFile.readIncludes(KeYFile.java:208)
	... 14 more
Exception in thread "main" org.opentest4j.AssertionFailedError: Exception during the execution of proofs. See log for more details.
	at org.junit.jupiter.api.AssertionUtils.fail(AssertionUtils.java:39)
	at org.junit.jupiter.api.Assertions.fail(Assertions.java:134)
	at de.uka.ilkd.key.proof.runallproofs.proofcollection.ForkedTestFileRunner.main(ForkedTestFileRunner.java:192)
Timeout watcher launched (2000 secs.)
Could not find rule file rules/intRulesCheckedSemantics.key (file: /home/runner/work/key/key/key.core/../key.ui/examples/index/.././heap/saddleback_search/Saddleback_search.key; caused by: de.uka.ilkd.key.proof.init.ProofInputException: Could not find rule file rules/intRulesCheckedSemantics.key)
	at de.uka.ilkd.key.control.AbstractUserInterfaceControl.load(AbstractUserInterfaceControl.java:221)
	at de.uka.ilkd.key.control.KeYEnvironment.load(KeYEnvironment.java:251)
	at de.uka.ilkd.key.control.KeYEnvironment.load(KeYEnvironment.java:224)
	at de.uka.ilkd.key.control.KeYEnvironment.load(KeYEnvironment.java:184)
	at de.uka.ilkd.key.control.KeYEnvironment.load(KeYEnvironment.java:261)
	at de.uka.ilkd.key.proof.runallproofs.proofcollection.TestFile.load(TestFile.java:270)
	at de.uka.ilkd.key.proof.runallproofs.proofcollection.TestFile.runKey(TestFile.java:160)
	at de.uka.ilkd.key.proof.runallproofs.proofcollection.ForkedTestFileRunner.main(ForkedTestFileRunner.java:171)
Caused by: de.uka.ilkd.key.proof.init.ProofInputException: Could not find rule file rules/intRulesCheckedSemantics.key
	at de.uka.ilkd.key.proof.io.KeYFile.readIncludes(KeYFile.java:210)
	at de.uka.ilkd.key.proof.init.ProblemInitializer.readIncludes(ProblemInitializer.java:177)
	at de.uka.ilkd.key.proof.init.ProblemInitializer.readEnvInput(ProblemInitializer.java:325)
	at de.uka.ilkd.key.proof.init.ProblemInitializer.prepare(ProblemInitializer.java:449)
	at de.uka.ilkd.key.proof.io.AbstractProblemLoader.createInitConfig(AbstractProblemLoader.java:518)
	at de.uka.ilkd.key.proof.io.AbstractProblemLoader.loadEnvironment(AbstractProblemLoader.java:288)
	at de.uka.ilkd.key.proof.io.AbstractProblemLoader.load(AbstractProblemLoader.java:252)
	at de.uka.ilkd.key.control.AbstractUserInterfaceControl.load(AbstractUserInterfaceControl.java:209)
	... 7 more
Caused by: java.lang.RuntimeException: Could not find rule file rules/intRulesCheckedSemantics.key
	at de.uka.ilkd.key.proof.io.RuleSourceFactory.fromBuiltInRule(RuleSourceFactory.java:32)
	at de.uka.ilkd.key.proof.io.RuleSourceFactory.fromDefaultLocation(RuleSourceFactory.java:21)
	at de.uka.ilkd.key.nparser.builder.IncludeFinder.addInclude(IncludeFinder.java:63)
	at de.uka.ilkd.key.nparser.builder.IncludeFinder.visitOne_include(IncludeFinder.java:43)
	at de.uka.ilkd.key.nparser.builder.IncludeFinder.visitOne_include(IncludeFinder.java:20)
	at de.uka.ilkd.key.nparser.KeYParser$One_includeContext.accept(KeYParser.java:878)
	at de.uka.ilkd.key.nparser.builder.AbstractBuilder.lambda$mapOf$0(AbstractBuilder.java:112)
	at java.base/java.util.stream.ReferencePipeline$3$1.accept(ReferencePipeline.java:195)
	at java.base/java.util.ArrayList$ArrayListSpliterator.forEachRemaining(ArrayList.java:1655)
	at java.base/java.util.stream.AbstractPipeline.copyInto(AbstractPipeline.java:484)
	at java.base/java.util.stream.AbstractPipeline.wrapAndCopyInto(AbstractPipeline.java:474)
	at java.base/java.util.stream.ReduceOps$ReduceOp.evaluateSequential(ReduceOps.java:913)
	at java.base/java.util.stream.AbstractPipeline.evaluate(AbstractPipeline.java:234)
	at java.base/java.util.stream.ReferencePipeline.collect(ReferencePipeline.java:578)
	at de.uka.ilkd.key.nparser.builder.AbstractBuilder.mapOf(AbstractBuilder.java:112)
	at de.uka.ilkd.key.nparser.builder.IncludeFinder.visitOne_include_statement(IncludeFinder.java:35)
	at de.uka.ilkd.key.nparser.builder.IncludeFinder.visitOne_include_statement(IncludeFinder.java:20)
	at de.uka.ilkd.key.nparser.KeYParser$One_include_statementContext.accept(KeYParser.java:802)
	at org.antlr.v4.runtime.tree.AbstractParseTreeVisitor.visitChildren(AbstractParseTreeVisitor.java:46)
	at de.uka.ilkd.key.nparser.KeYParserBaseVisitor.visitDecls(KeYParserBaseVisitor.java:30)
	at de.uka.ilkd.key.nparser.KeYParser$DeclsContext.accept(KeYParser.java:500)
	at org.antlr.v4.runtime.tree.AbstractParseTreeVisitor.visitChildren(AbstractParseTreeVisitor.java:46)
	at de.uka.ilkd.key.nparser.KeYParserBaseVisitor.visitFile(KeYParserBaseVisitor.java:23)
	at de.uka.ilkd.key.nparser.KeYParser$FileContext.accept(KeYParser.java:306)
	at de.uka.ilkd.key.nparser.KeyAst.accept(KeyAst.java:41)
	at de.uka.ilkd.key.nparser.KeyAst$File.getIncludes(KeyAst.java:76)
	at de.uka.ilkd.key.proof.io.KeYFile.readIncludes(KeYFile.java:208)
	... 14 more
Exception in thread "main" org.opentest4j.AssertionFailedError: Exception during the execution of proofs. See log for more details.
	at org.junit.jupiter.api.AssertionUtils.fail(AssertionUtils.java:39)
	at org.junit.jupiter.api.Assertions.fail(Assertions.java:134)
	at de.uka.ilkd.key.proof.runallproofs.proofcollection.ForkedTestFileRunner.main(ForkedTestFileRunner.java:192)
Timeout watcher launched (2000 secs.)
Could not find rule file rules/intRulesCheckedSemantics.key (file: /home/runner/work/key/key/key.core/../key.ui/examples/index/.././heap/quicksort/toplevel.key; caused by: de.uka.ilkd.key.proof.init.ProofInputException: Could not find rule file rules/intRulesCheckedSemantics.key)
	at de.uka.ilkd.key.control.AbstractUserInterfaceControl.load(AbstractUserInterfaceControl.java:221)
	at de.uka.ilkd.key.control.KeYEnvironment.load(KeYEnvironment.java:251)
	at de.uka.ilkd.key.control.KeYEnvironment.load(KeYEnvironment.java:224)
	at de.uka.ilkd.key.control.KeYEnvironment.load(KeYEnvironment.java:184)
	at de.uka.ilkd.key.control.KeYEnvironment.load(KeYEnvironment.java:261)
	at de.uka.ilkd.key.proof.runallproofs.proofcollection.TestFile.load(TestFile.java:270)
	at de.uka.ilkd.key.proof.runallproofs.proofcollection.TestFile.runKey(TestFile.java:160)
	at de.uka.ilkd.key.proof.runallproofs.proofcollection.ForkedTestFileRunner.main(ForkedTestFileRunner.java:171)
Caused by: de.uka.ilkd.key.proof.init.ProofInputException: Could not find rule file rules/intRulesCheckedSemantics.key
	at de.uka.ilkd.key.proof.io.KeYFile.readIncludes(KeYFile.java:210)
	at de.uka.ilkd.key.proof.init.ProblemInitializer.readIncludes(ProblemInitializer.java:177)
	at de.uka.ilkd.key.proof.init.ProblemInitializer.readEnvInput(ProblemInitializer.java:325)
	at de.uka.ilkd.key.proof.init.ProblemInitializer.prepare(ProblemInitializer.java:449)
	at de.uka.ilkd.key.proof.io.AbstractProblemLoader.createInitConfig(AbstractProblemLoader.java:518)
	at de.uka.ilkd.key.proof.io.AbstractProblemLoader.loadEnvironment(AbstractProblemLoader.java:288)
	at de.uka.ilkd.key.proof.io.AbstractProblemLoader.load(AbstractProblemLoader.java:252)
	at de.uka.ilkd.key.control.AbstractUserInterfaceControl.load(AbstractUserInterfaceControl.java:209)
	... 7 more
Caused by: java.lang.RuntimeException: Could not find rule file rules/intRulesCheckedSemantics.key
	at de.uka.ilkd.key.proof.io.RuleSourceFactory.fromBuiltInRule(RuleSourceFactory.java:32)
	at de.uka.ilkd.key.proof.io.RuleSourceFactory.fromDefaultLocation(RuleSourceFactory.java:21)
	at de.uka.ilkd.key.nparser.builder.IncludeFinder.addInclude(IncludeFinder.java:63)
	at de.uka.ilkd.key.nparser.builder.IncludeFinder.visitOne_include(IncludeFinder.java:43)
	at de.uka.ilkd.key.nparser.builder.IncludeFinder.visitOne_include(IncludeFinder.java:20)
	at de.uka.ilkd.key.nparser.KeYParser$One_includeContext.accept(KeYParser.java:878)
	at de.uka.ilkd.key.nparser.builder.AbstractBuilder.lambda$mapOf$0(AbstractBuilder.java:112)
	at java.base/java.util.stream.ReferencePipeline$3$1.accept(ReferencePipeline.java:195)
	at java.base/java.util.ArrayList$ArrayListSpliterator.forEachRemaining(ArrayList.java:1655)
	at java.base/java.util.stream.AbstractPipeline.copyInto(AbstractPipeline.java:484)
	at java.base/java.util.stream.AbstractPipeline.wrapAndCopyInto(AbstractPipeline.java:474)
	at java.base/java.util.stream.ReduceOps$ReduceOp.evaluateSequential(ReduceOps.java:913)
	at java.base/java.util.stream.AbstractPipeline.evaluate(AbstractPipeline.java:234)
	at java.base/java.util.stream.ReferencePipeline.collect(ReferencePipeline.java:578)
	at de.uka.ilkd.key.nparser.builder.AbstractBuilder.mapOf(AbstractBuilder.java:112)
	at de.uka.ilkd.key.nparser.builder.IncludeFinder.visitOne_include_statement(IncludeFinder.java:35)
	at de.uka.ilkd.key.nparser.builder.IncludeFinder.visitOne_include_statement(IncludeFinder.java:20)
	at de.uka.ilkd.key.nparser.KeYParser$One_include_statementContext.accept(KeYParser.java:802)
	at org.antlr.v4.runtime.tree.AbstractParseTreeVisitor.visitChildren(AbstractParseTreeVisitor.java:46)
	at de.uka.ilkd.key.nparser.KeYParserBaseVisitor.visitDecls(KeYParserBaseVisitor.java:30)
	at de.uka.ilkd.key.nparser.KeYParser$DeclsContext.accept(KeYParser.java:500)
	at org.antlr.v4.runtime.tree.AbstractParseTreeVisitor.visitChildren(AbstractParseTreeVisitor.java:46)
	at de.uka.ilkd.key.nparser.KeYParserBaseVisitor.visitFile(KeYParserBaseVisitor.java:23)
	at de.uka.ilkd.key.nparser.KeYParser$FileContext.accept(KeYParser.java:306)
	at de.uka.ilkd.key.nparser.KeyAst.accept(KeyAst.java:41)
	at de.uka.ilkd.key.nparser.KeyAst$File.getIncludes(KeyAst.java:76)
	at de.uka.ilkd.key.proof.io.KeYFile.readIncludes(KeYFile.java:208)
	... 14 more
Could not find rule file rules/intRulesCheckedSemantics.key (file: /home/runner/work/key/key/key.core/../key.ui/examples/index/.././heap/quicksort/sort.key; caused by: de.uka.ilkd.key.proof.init.ProofInputException: Could not find rule file rules/intRulesCheckedSemantics.key)
	at de.uka.ilkd.key.control.AbstractUserInterfaceControl.load(AbstractUserInterfaceControl.java:221)
	at de.uka.ilkd.key.control.KeYEnvironment.load(KeYEnvironment.java:251)
	at de.uka.ilkd.key.control.KeYEnvironment.load(KeYEnvironment.java:224)
	at de.uka.ilkd.key.control.KeYEnvironment.load(KeYEnvironment.java:184)
	at de.uka.ilkd.key.control.KeYEnvironment.load(KeYEnvironment.java:261)
	at de.uka.ilkd.key.proof.runallproofs.proofcollection.TestFile.load(TestFile.java:270)
	at de.uka.ilkd.key.proof.runallproofs.proofcollection.TestFile.runKey(TestFile.java:160)
	at de.uka.ilkd.key.proof.runallproofs.proofcollection.ForkedTestFileRunner.main(ForkedTestFileRunner.java:171)
Caused by: de.uka.ilkd.key.proof.init.ProofInputException: Could not find rule file rules/intRulesCheckedSemantics.key
	at de.uka.ilkd.key.proof.io.KeYFile.readIncludes(KeYFile.java:210)
	at de.uka.ilkd.key.proof.init.ProblemInitializer.readIncludes(ProblemInitializer.java:177)
	at de.uka.ilkd.key.proof.init.ProblemInitializer.readEnvInput(ProblemInitializer.java:325)
	at de.uka.ilkd.key.proof.init.ProblemInitializer.prepare(ProblemInitializer.java:449)
	at de.uka.ilkd.key.proof.io.AbstractProblemLoader.createInitConfig(AbstractProblemLoader.java:518)
	at de.uka.ilkd.key.proof.io.AbstractProblemLoader.loadEnvironment(AbstractProblemLoader.java:288)
	at de.uka.ilkd.key.proof.io.AbstractProblemLoader.load(AbstractProblemLoader.java:252)
	at de.uka.ilkd.key.control.AbstractUserInterfaceControl.load(AbstractUserInterfaceControl.java:209)
	... 7 more
Caused by: java.lang.RuntimeException: Could not find rule file rules/intRulesCheckedSemantics.key
	at de.uka.ilkd.key.proof.io.RuleSourceFactory.fromBuiltInRule(RuleSourceFactory.java:32)
	at de.uka.ilkd.key.proof.io.RuleSourceFactory.fromDefaultLocation(RuleSourceFactory.java:21)
	at de.uka.ilkd.key.nparser.builder.IncludeFinder.addInclude(IncludeFinder.java:63)
	at de.uka.ilkd.key.nparser.builder.IncludeFinder.visitOne_include(IncludeFinder.java:43)
	at de.uka.ilkd.key.nparser.builder.IncludeFinder.visitOne_include(IncludeFinder.java:20)
	at de.uka.ilkd.key.nparser.KeYParser$One_includeContext.accept(KeYParser.java:878)
	at de.uka.ilkd.key.nparser.builder.AbstractBuilder.lambda$mapOf$0(AbstractBuilder.java:112)
	at java.base/java.util.stream.ReferencePipeline$3$1.accept(ReferencePipeline.java:195)
	at java.base/java.util.ArrayList$ArrayListSpliterator.forEachRemaining(ArrayList.java:1655)
	at java.base/java.util.stream.AbstractPipeline.copyInto(AbstractPipeline.java:484)
	at java.base/java.util.stream.AbstractPipeline.wrapAndCopyInto(AbstractPipeline.java:474)
	at java.base/java.util.stream.ReduceOps$ReduceOp.evaluateSequential(ReduceOps.java:913)
	at java.base/java.util.stream.AbstractPipeline.evaluate(AbstractPipeline.java:234)
	at java.base/java.util.stream.ReferencePipeline.collect(ReferencePipeline.java:578)
	at de.uka.ilkd.key.nparser.builder.AbstractBuilder.mapOf(AbstractBuilder.java:112)
	at de.uka.ilkd.key.nparser.builder.IncludeFinder.visitOne_include_statement(IncludeFinder.java:35)
	at de.uka.ilkd.key.nparser.builder.IncludeFinder.visitOne_include_statement(IncludeFinder.java:20)
	at de.uka.ilkd.key.nparser.KeYParser$One_include_statementContext.accept(KeYParser.java:802)
	at org.antlr.v4.runtime.tree.AbstractParseTreeVisitor.visitChildren(AbstractParseTreeVisitor.java:46)
	at de.uka.ilkd.key.nparser.KeYParserBaseVisitor.visitDecls(KeYParserBaseVisitor.java:30)
	at de.uka.ilkd.key.nparser.KeYParser$DeclsContext.accept(KeYParser.java:500)
	at org.antlr.v4.runtime.tree.AbstractParseTreeVisitor.visitChildren(AbstractParseTreeVisitor.java:46)
	at de.uka.ilkd.key.nparser.KeYParserBaseVisitor.visitFile(KeYParserBaseVisitor.java:23)
	at de.uka.ilkd.key.nparser.KeYParser$FileContext.accept(KeYParser.java:306)
	at de.uka.ilkd.key.nparser.KeyAst.accept(KeyAst.java:41)
	at de.uka.ilkd.key.nparser.KeyAst$File.getIncludes(KeyAst.java:76)
	at de.uka.ilkd.key.proof.io.KeYFile.readIncludes(KeYFile.java:208)
	... 14 more
Could not find rule file rules/intRulesCheckedSemantics.key (file: /home/runner/work/key/key/key.core/../key.ui/examples/index/.././heap/quicksort/split.key; caused by: de.uka.ilkd.key.proof.init.ProofInputException: Could not find rule file rules/intRulesCheckedSemantics.key)
	at de.uka.ilkd.key.control.AbstractUserInterfaceControl.load(AbstractUserInterfaceControl.java:221)
	at de.uka.ilkd.key.control.KeYEnvironment.load(KeYEnvironment.java:251)
	at de.uka.ilkd.key.control.KeYEnvironment.load(KeYEnvironment.java:224)
	at de.uka.ilkd.key.control.KeYEnvironment.load(KeYEnvironment.java:184)
	at de.uka.ilkd.key.control.KeYEnvironment.load(KeYEnvironment.java:261)
	at de.uka.ilkd.key.proof.runallproofs.proofcollection.TestFile.load(TestFile.java:270)
	at de.uka.ilkd.key.proof.runallproofs.proofcollection.TestFile.runKey(TestFile.java:160)
	at de.uka.ilkd.key.proof.runallproofs.proofcollection.ForkedTestFileRunner.main(ForkedTestFileRunner.java:171)
Caused by: de.uka.ilkd.key.proof.init.ProofInputException: Could not find rule file rules/intRulesCheckedSemantics.key
	at de.uka.ilkd.key.proof.io.KeYFile.readIncludes(KeYFile.java:210)
	at de.uka.ilkd.key.proof.init.ProblemInitializer.readIncludes(ProblemInitializer.java:177)
	at de.uka.ilkd.key.proof.init.ProblemInitializer.readEnvInput(ProblemInitializer.java:325)
	at de.uka.ilkd.key.proof.init.ProblemInitializer.prepare(ProblemInitializer.java:449)
	at de.uka.ilkd.key.proof.io.AbstractProblemLoader.createInitConfig(AbstractProblemLoader.java:518)
	at de.uka.ilkd.key.proof.io.AbstractProblemLoader.loadEnvironment(AbstractProblemLoader.java:288)
	at de.uka.ilkd.key.proof.io.AbstractProblemLoader.load(AbstractProblemLoader.java:252)
	at de.uka.ilkd.key.control.AbstractUserInterfaceControl.load(AbstractUserInterfaceControl.java:209)
	... 7 more
Caused by: java.lang.RuntimeException: Could not find rule file rules/intRulesCheckedSemantics.key
	at de.uka.ilkd.key.proof.io.RuleSourceFactory.fromBuiltInRule(RuleSourceFactory.java:32)
	at de.uka.ilkd.key.proof.io.RuleSourceFactory.fromDefaultLocation(RuleSourceFactory.java:21)
	at de.uka.ilkd.key.nparser.builder.IncludeFinder.addInclude(IncludeFinder.java:63)
	at de.uka.ilkd.key.nparser.builder.IncludeFinder.visitOne_include(IncludeFinder.java:43)
	at de.uka.ilkd.key.nparser.builder.IncludeFinder.visitOne_include(IncludeFinder.java:20)
	at de.uka.ilkd.key.nparser.KeYParser$One_includeContext.accept(KeYParser.java:878)
	at de.uka.ilkd.key.nparser.builder.AbstractBuilder.lambda$mapOf$0(AbstractBuilder.java:112)
	at java.base/java.util.stream.ReferencePipeline$3$1.accept(ReferencePipeline.java:195)
	at java.base/java.util.ArrayList$ArrayListSpliterator.forEachRemaining(ArrayList.java:1655)
	at java.base/java.util.stream.AbstractPipeline.copyInto(AbstractPipeline.java:484)
	at java.base/java.util.stream.AbstractPipeline.wrapAndCopyInto(AbstractPipeline.java:474)
	at java.base/java.util.stream.ReduceOps$ReduceOp.evaluateSequential(ReduceOps.java:913)
	at java.base/java.util.stream.AbstractPipeline.evaluate(AbstractPipeline.java:234)
	at java.base/java.util.stream.ReferencePipeline.collect(ReferencePipeline.java:578)
	at de.uka.ilkd.key.nparser.builder.AbstractBuilder.mapOf(AbstractBuilder.java:112)
	at de.uka.ilkd.key.nparser.builder.IncludeFinder.visitOne_include_statement(IncludeFinder.java:35)
	at de.uka.ilkd.key.nparser.builder.IncludeFinder.visitOne_include_statement(IncludeFinder.java:20)
	at de.uka.ilkd.key.nparser.KeYParser$One_include_statementContext.accept(KeYParser.java:802)
	at org.antlr.v4.runtime.tree.AbstractParseTreeVisitor.visitChildren(AbstractParseTreeVisitor.java:46)
	at de.uka.ilkd.key.nparser.KeYParserBaseVisitor.visitDecls(KeYParserBaseVisitor.java:30)
	at de.uka.ilkd.key.nparser.KeYParser$DeclsContext.accept(KeYParser.java:500)
	at org.antlr.v4.runtime.tree.AbstractParseTreeVisitor.visitChildren(AbstractParseTreeVisitor.java:46)
	at de.uka.ilkd.key.nparser.KeYParserBaseVisitor.visitFile(KeYParserBaseVisitor.java:23)
	at de.uka.ilkd.key.nparser.KeYParser$FileContext.accept(KeYParser.java:306)
	at de.uka.ilkd.key.nparser.KeyAst.accept(KeyAst.java:41)
	at de.uka.ilkd.key.nparser.KeyAst$File.getIncludes(KeyAst.java:76)
	at de.uka.ilkd.key.proof.io.KeYFile.readIncludes(KeYFile.java:208)
	... 14 more
Exception in thread "main" org.opentest4j.AssertionFailedError: Exception during the execution of proofs. See log for more details.
	at org.junit.jupiter.api.AssertionUtils.fail(AssertionUtils.java:39)
	at org.junit.jupiter.api.Assertions.fail(Assertions.java:134)
	at de.uka.ilkd.key.proof.runallproofs.proofcollection.ForkedTestFileRunner.main(ForkedTestFileRunner.java:192)
Timeout watcher launched (2000 secs.)
Could not find rule file rules/intRulesCheckedSemantics.key (file: /home/runner/work/key/key/key.core/../key.ui/examples/index/.././heap/simple/anonymise_datagroup.key; caused by: de.uka.ilkd.key.proof.init.ProofInputException: Could not find rule file rules/intRulesCheckedSemantics.key)
	at de.uka.ilkd.key.control.AbstractUserInterfaceControl.load(AbstractUserInterfaceControl.java:221)
	at de.uka.ilkd.key.control.KeYEnvironment.load(KeYEnvironment.java:251)
	at de.uka.ilkd.key.control.KeYEnvironment.load(KeYEnvironment.java:224)
	at de.uka.ilkd.key.control.KeYEnvironment.load(KeYEnvironment.java:184)
	at de.uka.ilkd.key.control.KeYEnvironment.load(KeYEnvironment.java:261)
	at de.uka.ilkd.key.proof.runallproofs.proofcollection.TestFile.load(TestFile.java:270)
	at de.uka.ilkd.key.proof.runallproofs.proofcollection.TestFile.runKey(TestFile.java:160)
	at de.uka.ilkd.key.proof.runallproofs.proofcollection.ForkedTestFileRunner.main(ForkedTestFileRunner.java:171)
Caused by: de.uka.ilkd.key.proof.init.ProofInputException: Could not find rule file rules/intRulesCheckedSemantics.key
	at de.uka.ilkd.key.proof.io.KeYFile.readIncludes(KeYFile.java:210)
	at de.uka.ilkd.key.proof.init.ProblemInitializer.readIncludes(ProblemInitializer.java:177)
	at de.uka.ilkd.key.proof.init.ProblemInitializer.readEnvInput(ProblemInitializer.java:325)
	at de.uka.ilkd.key.proof.init.ProblemInitializer.prepare(ProblemInitializer.java:449)
	at de.uka.ilkd.key.proof.io.AbstractProblemLoader.createInitConfig(AbstractProblemLoader.java:518)
	at de.uka.ilkd.key.proof.io.AbstractProblemLoader.loadEnvironment(AbstractProblemLoader.java:288)
	at de.uka.ilkd.key.proof.io.AbstractProblemLoader.load(AbstractProblemLoader.java:252)
	at de.uka.ilkd.key.control.AbstractUserInterfaceControl.load(AbstractUserInterfaceControl.java:209)
	... 7 more
Caused by: java.lang.RuntimeException: Could not find rule file rules/intRulesCheckedSemantics.key
	at de.uka.ilkd.key.proof.io.RuleSourceFactory.fromBuiltInRule(RuleSourceFactory.java:32)
	at de.uka.ilkd.key.proof.io.RuleSourceFactory.fromDefaultLocation(RuleSourceFactory.java:21)
	at de.uka.ilkd.key.nparser.builder.IncludeFinder.addInclude(IncludeFinder.java:63)
	at de.uka.ilkd.key.nparser.builder.IncludeFinder.visitOne_include(IncludeFinder.java:43)
	at de.uka.ilkd.key.nparser.builder.IncludeFinder.visitOne_include(IncludeFinder.java:20)
	at de.uka.ilkd.key.nparser.KeYParser$One_includeContext.accept(KeYParser.java:878)
	at de.uka.ilkd.key.nparser.builder.AbstractBuilder.lambda$mapOf$0(AbstractBuilder.java:112)
	at java.base/java.util.stream.ReferencePipeline$3$1.accept(ReferencePipeline.java:195)
	at java.base/java.util.ArrayList$ArrayListSpliterator.forEachRemaining(ArrayList.java:1655)
	at java.base/java.util.stream.AbstractPipeline.copyInto(AbstractPipeline.java:484)
	at java.base/java.util.stream.AbstractPipeline.wrapAndCopyInto(AbstractPipeline.java:474)
	at java.base/java.util.stream.ReduceOps$ReduceOp.evaluateSequential(ReduceOps.java:913)
	at java.base/java.util.stream.AbstractPipeline.evaluate(AbstractPipeline.java:234)
	at java.base/java.util.stream.ReferencePipeline.collect(ReferencePipeline.java:578)
	at de.uka.ilkd.key.nparser.builder.AbstractBuilder.mapOf(AbstractBuilder.java:112)
	at de.uka.ilkd.key.nparser.builder.IncludeFinder.visitOne_include_statement(IncludeFinder.java:35)
	at de.uka.ilkd.key.nparser.builder.IncludeFinder.visitOne_include_statement(IncludeFinder.java:20)
	at de.uka.ilkd.key.nparser.KeYParser$One_include_statementContext.accept(KeYParser.java:802)
	at org.antlr.v4.runtime.tree.AbstractParseTreeVisitor.visitChildren(AbstractParseTreeVisitor.java:46)
	at de.uka.ilkd.key.nparser.KeYParserBaseVisitor.visitDecls(KeYParserBaseVisitor.java:30)
	at de.uka.ilkd.key.nparser.KeYParser$DeclsContext.accept(KeYParser.java:500)
	at org.antlr.v4.runtime.tree.AbstractParseTreeVisitor.visitChildren(AbstractParseTreeVisitor.java:46)
	at de.uka.ilkd.key.nparser.KeYParserBaseVisitor.visitFile(KeYParserBaseVisitor.java:23)
	at de.uka.ilkd.key.nparser.KeYParser$FileContext.accept(KeYParser.java:306)
	at de.uka.ilkd.key.nparser.KeyAst.accept(KeyAst.java:41)
	at de.uka.ilkd.key.nparser.KeyAst$File.getIncludes(KeyAst.java:76)
	at de.uka.ilkd.key.proof.io.KeYFile.readIncludes(KeYFile.java:208)
	... 14 more
Could not find rule file rules/intRulesCheckedSemantics.key (file: /home/runner/work/key/key/key.core/../key.ui/examples/index/.././heap/simple/array_creation.key; caused by: de.uka.ilkd.key.proof.init.ProofInputException: Could not find rule file rules/intRulesCheckedSemantics.key)
	at de.uka.ilkd.key.control.AbstractUserInterfaceControl.load(AbstractUserInterfaceControl.java:221)
	at de.uka.ilkd.key.control.KeYEnvironment.load(KeYEnvironment.java:251)
	at de.uka.ilkd.key.control.KeYEnvironment.load(KeYEnvironment.java:224)
	at de.uka.ilkd.key.control.KeYEnvironment.load(KeYEnvironment.java:184)
	at de.uka.ilkd.key.control.KeYEnvironment.load(KeYEnvironment.java:261)
	at de.uka.ilkd.key.proof.runallproofs.proofcollection.TestFile.load(TestFile.java:270)
	at de.uka.ilkd.key.proof.runallproofs.proofcollection.TestFile.runKey(TestFile.java:160)
	at de.uka.ilkd.key.proof.runallproofs.proofcollection.ForkedTestFileRunner.main(ForkedTestFileRunner.java:171)
Caused by: de.uka.ilkd.key.proof.init.ProofInputException: Could not find rule file rules/intRulesCheckedSemantics.key
	at de.uka.ilkd.key.proof.io.KeYFile.readIncludes(KeYFile.java:210)
	at de.uka.ilkd.key.proof.init.ProblemInitializer.readIncludes(ProblemInitializer.java:177)
	at de.uka.ilkd.key.proof.init.ProblemInitializer.readEnvInput(ProblemInitializer.java:325)
	at de.uka.ilkd.key.proof.init.ProblemInitializer.prepare(ProblemInitializer.java:449)
	at de.uka.ilkd.key.proof.io.AbstractProblemLoader.createInitConfig(AbstractProblemLoader.java:518)
	at de.uka.ilkd.key.proof.io.AbstractProblemLoader.loadEnvironment(AbstractProblemLoader.java:288)
	at de.uka.ilkd.key.proof.io.AbstractProblemLoader.load(AbstractProblemLoader.java:252)
	at de.uka.ilkd.key.control.AbstractUserInterfaceControl.load(AbstractUserInterfaceControl.java:209)
	... 7 more
Caused by: java.lang.RuntimeException: Could not find rule file rules/intRulesCheckedSemantics.key
	at de.uka.ilkd.key.proof.io.RuleSourceFactory.fromBuiltInRule(RuleSourceFactory.java:32)
	at de.uka.ilkd.key.proof.io.RuleSourceFactory.fromDefaultLocation(RuleSourceFactory.java:21)
	at de.uka.ilkd.key.nparser.builder.IncludeFinder.addInclude(IncludeFinder.java:63)
	at de.uka.ilkd.key.nparser.builder.IncludeFinder.visitOne_include(IncludeFinder.java:43)
	at de.uka.ilkd.key.nparser.builder.IncludeFinder.visitOne_include(IncludeFinder.java:20)
	at de.uka.ilkd.key.nparser.KeYParser$One_includeContext.accept(KeYParser.java:878)
	at de.uka.ilkd.key.nparser.builder.AbstractBuilder.lambda$mapOf$0(AbstractBuilder.java:112)
	at java.base/java.util.stream.ReferencePipeline$3$1.accept(ReferencePipeline.java:195)
	at java.base/java.util.ArrayList$ArrayListSpliterator.forEachRemaining(ArrayList.java:1655)
	at java.base/java.util.stream.AbstractPipeline.copyInto(AbstractPipeline.java:484)
	at java.base/java.util.stream.AbstractPipeline.wrapAndCopyInto(AbstractPipeline.java:474)
	at java.base/java.util.stream.ReduceOps$ReduceOp.evaluateSequential(ReduceOps.java:913)
	at java.base/java.util.stream.AbstractPipeline.evaluate(AbstractPipeline.java:234)
	at java.base/java.util.stream.ReferencePipeline.collect(ReferencePipeline.java:578)
	at de.uka.ilkd.key.nparser.builder.AbstractBuilder.mapOf(AbstractBuilder.java:112)
	at de.uka.ilkd.key.nparser.builder.IncludeFinder.visitOne_include_statement(IncludeFinder.java:35)
	at de.uka.ilkd.key.nparser.builder.IncludeFinder.visitOne_include_statement(IncludeFinder.java:20)
	at de.uka.ilkd.key.nparser.KeYParser$One_include_statementContext.accept(KeYParser.java:802)
	at org.antlr.v4.runtime.tree.AbstractParseTreeVisitor.visitChildren(AbstractParseTreeVisitor.java:46)
	at de.uka.ilkd.key.nparser.KeYParserBaseVisitor.visitDecls(KeYParserBaseVisitor.java:30)
	at de.uka.ilkd.key.nparser.KeYParser$DeclsContext.accept(KeYParser.java:500)
	at org.antlr.v4.runtime.tree.AbstractParseTreeVisitor.visitChildren(AbstractParseTreeVisitor.java:46)
	at de.uka.ilkd.key.nparser.KeYParserBaseVisitor.visitFile(KeYParserBaseVisitor.java:23)
	at de.uka.ilkd.key.nparser.KeYParser$FileContext.accept(KeYParser.java:306)
	at de.uka.ilkd.key.nparser.KeyAst.accept(KeyAst.java:41)
	at de.uka.ilkd.key.nparser.KeyAst$File.getIncludes(KeyAst.java:76)
	at de.uka.ilkd.key.proof.io.KeYFile.readIncludes(KeYFile.java:208)
	... 14 more
Could not find rule file rules/intRulesCheckedSemantics.key (file: /home/runner/work/key/key/key.core/../key.ui/examples/index/.././heap/simple/arrays_with_disjoint_sorts.key; caused by: de.uka.ilkd.key.proof.init.ProofInputException: Could not find rule file rules/intRulesCheckedSemantics.key)
	at de.uka.ilkd.key.control.AbstractUserInterfaceControl.load(AbstractUserInterfaceControl.java:221)
	at de.uka.ilkd.key.control.KeYEnvironment.load(KeYEnvironment.java:251)
	at de.uka.ilkd.key.control.KeYEnvironment.load(KeYEnvironment.java:224)
	at de.uka.ilkd.key.control.KeYEnvironment.load(KeYEnvironment.java:184)
	at de.uka.ilkd.key.control.KeYEnvironment.load(KeYEnvironment.java:261)
	at de.uka.ilkd.key.proof.runallproofs.proofcollection.TestFile.load(TestFile.java:270)
	at de.uka.ilkd.key.proof.runallproofs.proofcollection.TestFile.runKey(TestFile.java:160)
	at de.uka.ilkd.key.proof.runallproofs.proofcollection.ForkedTestFileRunner.main(ForkedTestFileRunner.java:171)
Caused by: de.uka.ilkd.key.proof.init.ProofInputException: Could not find rule file rules/intRulesCheckedSemantics.key
	at de.uka.ilkd.key.proof.io.KeYFile.readIncludes(KeYFile.java:210)
	at de.uka.ilkd.key.proof.init.ProblemInitializer.readIncludes(ProblemInitializer.java:177)
	at de.uka.ilkd.key.proof.init.ProblemInitializer.readEnvInput(ProblemInitializer.java:325)
	at de.uka.ilkd.key.proof.init.ProblemInitializer.prepare(ProblemInitializer.java:449)
	at de.uka.ilkd.key.proof.io.AbstractProblemLoader.createInitConfig(AbstractProblemLoader.java:518)
	at de.uka.ilkd.key.proof.io.AbstractProblemLoader.loadEnvironment(AbstractProblemLoader.java:288)
	at de.uka.ilkd.key.proof.io.AbstractProblemLoader.load(AbstractProblemLoader.java:252)
	at de.uka.ilkd.key.control.AbstractUserInterfaceControl.load(AbstractUserInterfaceControl.java:209)
	... 7 more
Caused by: java.lang.RuntimeException: Could not find rule file rules/intRulesCheckedSemantics.key
	at de.uka.ilkd.key.proof.io.RuleSourceFactory.fromBuiltInRule(RuleSourceFactory.java:32)
	at de.uka.ilkd.key.proof.io.RuleSourceFactory.fromDefaultLocation(RuleSourceFactory.java:21)
	at de.uka.ilkd.key.nparser.builder.IncludeFinder.addInclude(IncludeFinder.java:63)
	at de.uka.ilkd.key.nparser.builder.IncludeFinder.visitOne_include(IncludeFinder.java:43)
	at de.uka.ilkd.key.nparser.builder.IncludeFinder.visitOne_include(IncludeFinder.java:20)
	at de.uka.ilkd.key.nparser.KeYParser$One_includeContext.accept(KeYParser.java:878)
	at de.uka.ilkd.key.nparser.builder.AbstractBuilder.lambda$mapOf$0(AbstractBuilder.java:112)
	at java.base/java.util.stream.ReferencePipeline$3$1.accept(ReferencePipeline.java:195)
	at java.base/java.util.ArrayList$ArrayListSpliterator.forEachRemaining(ArrayList.java:1655)
	at java.base/java.util.stream.AbstractPipeline.copyInto(AbstractPipeline.java:484)
	at java.base/java.util.stream.AbstractPipeline.wrapAndCopyInto(AbstractPipeline.java:474)
	at java.base/java.util.stream.ReduceOps$ReduceOp.evaluateSequential(ReduceOps.java:913)
	at java.base/java.util.stream.AbstractPipeline.evaluate(AbstractPipeline.java:234)
	at java.base/java.util.stream.ReferencePipeline.collect(ReferencePipeline.java:578)
	at de.uka.ilkd.key.nparser.builder.AbstractBuilder.mapOf(AbstractBuilder.java:112)
	at de.uka.ilkd.key.nparser.builder.IncludeFinder.visitOne_include_statement(IncludeFinder.java:35)
	at de.uka.ilkd.key.nparser.builder.IncludeFinder.visitOne_include_statement(IncludeFinder.java:20)
	at de.uka.ilkd.key.nparser.KeYParser$One_include_statementContext.accept(KeYParser.java:802)
	at org.antlr.v4.runtime.tree.AbstractParseTreeVisitor.visitChildren(AbstractParseTreeVisitor.java:46)
	at de.uka.ilkd.key.nparser.KeYParserBaseVisitor.visitDecls(KeYParserBaseVisitor.java:30)
	at de.uka.ilkd.key.nparser.KeYParser$DeclsContext.accept(KeYParser.java:500)
	at org.antlr.v4.runtime.tree.AbstractParseTreeVisitor.visitChildren(AbstractParseTreeVisitor.java:46)
	at de.uka.ilkd.key.nparser.KeYParserBaseVisitor.visitFile(KeYParserBaseVisitor.java:23)
	at de.uka.ilkd.key.nparser.KeYParser$FileContext.accept(KeYParser.java:306)
	at de.uka.ilkd.key.nparser.KeyAst.accept(KeyAst.java:41)
	at de.uka.ilkd.key.nparser.KeyAst$File.getIncludes(KeyAst.java:76)
	at de.uka.ilkd.key.proof.io.KeYFile.readIncludes(KeYFile.java:208)
	... 14 more
Could not find rule file rules/intRulesCheckedSemantics.key (file: /home/runner/work/key/key/key.core/../key.ui/examples/index/.././heap/simple/arrays.key; caused by: de.uka.ilkd.key.proof.init.ProofInputException: Could not find rule file rules/intRulesCheckedSemantics.key)
	at de.uka.ilkd.key.control.AbstractUserInterfaceControl.load(AbstractUserInterfaceControl.java:221)
	at de.uka.ilkd.key.control.KeYEnvironment.load(KeYEnvironment.java:251)
	at de.uka.ilkd.key.control.KeYEnvironment.load(KeYEnvironment.java:224)
	at de.uka.ilkd.key.control.KeYEnvironment.load(KeYEnvironment.java:184)
	at de.uka.ilkd.key.control.KeYEnvironment.load(KeYEnvironment.java:261)
	at de.uka.ilkd.key.proof.runallproofs.proofcollection.TestFile.load(TestFile.java:270)
	at de.uka.ilkd.key.proof.runallproofs.proofcollection.TestFile.runKey(TestFile.java:160)
	at de.uka.ilkd.key.proof.runallproofs.proofcollection.ForkedTestFileRunner.main(ForkedTestFileRunner.java:171)
Caused by: de.uka.ilkd.key.proof.init.ProofInputException: Could not find rule file rules/intRulesCheckedSemantics.key
	at de.uka.ilkd.key.proof.io.KeYFile.readIncludes(KeYFile.java:210)
	at de.uka.ilkd.key.proof.init.ProblemInitializer.readIncludes(ProblemInitializer.java:177)
	at de.uka.ilkd.key.proof.init.ProblemInitializer.readEnvInput(ProblemInitializer.java:325)
	at de.uka.ilkd.key.proof.init.ProblemInitializer.prepare(ProblemInitializer.java:449)
	at de.uka.ilkd.key.proof.io.AbstractProblemLoader.createInitConfig(AbstractProblemLoader.java:518)
	at de.uka.ilkd.key.proof.io.AbstractProblemLoader.loadEnvironment(AbstractProblemLoader.java:288)
	at de.uka.ilkd.key.proof.io.AbstractProblemLoader.load(AbstractProblemLoader.java:252)
	at de.uka.ilkd.key.control.AbstractUserInterfaceControl.load(AbstractUserInterfaceControl.java:209)
	... 7 more
Caused by: java.lang.RuntimeException: Could not find rule file rules/intRulesCheckedSemantics.key
	at de.uka.ilkd.key.proof.io.RuleSourceFactory.fromBuiltInRule(RuleSourceFactory.java:32)
	at de.uka.ilkd.key.proof.io.RuleSourceFactory.fromDefaultLocation(RuleSourceFactory.java:21)
	at de.uka.ilkd.key.nparser.builder.IncludeFinder.addInclude(IncludeFinder.java:63)
	at de.uka.ilkd.key.nparser.builder.IncludeFinder.visitOne_include(IncludeFinder.java:43)
	at de.uka.ilkd.key.nparser.builder.IncludeFinder.visitOne_include(IncludeFinder.java:20)
	at de.uka.ilkd.key.nparser.KeYParser$One_includeContext.accept(KeYParser.java:878)
	at de.uka.ilkd.key.nparser.builder.AbstractBuilder.lambda$mapOf$0(AbstractBuilder.java:112)
	at java.base/java.util.stream.ReferencePipeline$3$1.accept(ReferencePipeline.java:195)
	at java.base/java.util.ArrayList$ArrayListSpliterator.forEachRemaining(ArrayList.java:1655)
	at java.base/java.util.stream.AbstractPipeline.copyInto(AbstractPipeline.java:484)
	at java.base/java.util.stream.AbstractPipeline.wrapAndCopyInto(AbstractPipeline.java:474)
	at java.base/java.util.stream.ReduceOps$ReduceOp.evaluateSequential(ReduceOps.java:913)
	at java.base/java.util.stream.AbstractPipeline.evaluate(AbstractPipeline.java:234)
	at java.base/java.util.stream.ReferencePipeline.collect(ReferencePipeline.java:578)
	at de.uka.ilkd.key.nparser.builder.AbstractBuilder.mapOf(AbstractBuilder.java:112)
	at de.uka.ilkd.key.nparser.builder.IncludeFinder.visitOne_include_statement(IncludeFinder.java:35)
	at de.uka.ilkd.key.nparser.builder.IncludeFinder.visitOne_include_statement(IncludeFinder.java:20)
	at de.uka.ilkd.key.nparser.KeYParser$One_include_statementContext.accept(KeYParser.java:802)
	at org.antlr.v4.runtime.tree.AbstractParseTreeVisitor.visitChildren(AbstractParseTreeVisitor.java:46)
	at de.uka.ilkd.key.nparser.KeYParserBaseVisitor.visitDecls(KeYParserBaseVisitor.java:30)
	at de.uka.ilkd.key.nparser.KeYParser$DeclsContext.accept(KeYParser.java:500)
	at org.antlr.v4.runtime.tree.AbstractParseTreeVisitor.visitChildren(AbstractParseTreeVisitor.java:46)
	at de.uka.ilkd.key.nparser.KeYParserBaseVisitor.visitFile(KeYParserBaseVisitor.java:23)
	at de.uka.ilkd.key.nparser.KeYParser$FileContext.accept(KeYParser.java:306)
	at de.uka.ilkd.key.nparser.KeyAst.accept(KeyAst.java:41)
	at de.uka.ilkd.key.nparser.KeyAst$File.getIncludes(KeyAst.java:76)
	at de.uka.ilkd.key.proof.io.KeYFile.readIncludes(KeYFile.java:208)
	... 14 more
Could not find rule file rules/intRulesCheckedSemantics.key (file: /home/runner/work/key/key/key.core/../key.ui/examples/index/.././heap/simple/attributes.key; caused by: de.uka.ilkd.key.proof.init.ProofInputException: Could not find rule file rules/intRulesCheckedSemantics.key)
	at de.uka.ilkd.key.control.AbstractUserInterfaceControl.load(AbstractUserInterfaceControl.java:221)
	at de.uka.ilkd.key.control.KeYEnvironment.load(KeYEnvironment.java:251)
	at de.uka.ilkd.key.control.KeYEnvironment.load(KeYEnvironment.java:224)
	at de.uka.ilkd.key.control.KeYEnvironment.load(KeYEnvironment.java:184)
	at de.uka.ilkd.key.control.KeYEnvironment.load(KeYEnvironment.java:261)
	at de.uka.ilkd.key.proof.runallproofs.proofcollection.TestFile.load(TestFile.java:270)
	at de.uka.ilkd.key.proof.runallproofs.proofcollection.TestFile.runKey(TestFile.java:160)
	at de.uka.ilkd.key.proof.runallproofs.proofcollection.ForkedTestFileRunner.main(ForkedTestFileRunner.java:171)
Caused by: de.uka.ilkd.key.proof.init.ProofInputException: Could not find rule file rules/intRulesCheckedSemantics.key
	at de.uka.ilkd.key.proof.io.KeYFile.readIncludes(KeYFile.java:210)
	at de.uka.ilkd.key.proof.init.ProblemInitializer.readIncludes(ProblemInitializer.java:177)
	at de.uka.ilkd.key.proof.init.ProblemInitializer.readEnvInput(ProblemInitializer.java:325)
	at de.uka.ilkd.key.proof.init.ProblemInitializer.prepare(ProblemInitializer.java:449)
	at de.uka.ilkd.key.proof.io.AbstractProblemLoader.createInitConfig(AbstractProblemLoader.java:518)
	at de.uka.ilkd.key.proof.io.AbstractProblemLoader.loadEnvironment(AbstractProblemLoader.java:288)
	at de.uka.ilkd.key.proof.io.AbstractProblemLoader.load(AbstractProblemLoader.java:252)
	at de.uka.ilkd.key.control.AbstractUserInterfaceControl.load(AbstractUserInterfaceControl.java:209)
	... 7 more
Caused by: java.lang.RuntimeException: Could not find rule file rules/intRulesCheckedSemantics.key
	at de.uka.ilkd.key.proof.io.RuleSourceFactory.fromBuiltInRule(RuleSourceFactory.java:32)
	at de.uka.ilkd.key.proof.io.RuleSourceFactory.fromDefaultLocation(RuleSourceFactory.java:21)
	at de.uka.ilkd.key.nparser.builder.IncludeFinder.addInclude(IncludeFinder.java:63)
	at de.uka.ilkd.key.nparser.builder.IncludeFinder.visitOne_include(IncludeFinder.java:43)
	at de.uka.ilkd.key.nparser.builder.IncludeFinder.visitOne_include(IncludeFinder.java:20)
	at de.uka.ilkd.key.nparser.KeYParser$One_includeContext.accept(KeYParser.java:878)
	at de.uka.ilkd.key.nparser.builder.AbstractBuilder.lambda$mapOf$0(AbstractBuilder.java:112)
	at java.base/java.util.stream.ReferencePipeline$3$1.accept(ReferencePipeline.java:195)
	at java.base/java.util.ArrayList$ArrayListSpliterator.forEachRemaining(ArrayList.java:1655)
	at java.base/java.util.stream.AbstractPipeline.copyInto(AbstractPipeline.java:484)
	at java.base/java.util.stream.AbstractPipeline.wrapAndCopyInto(AbstractPipeline.java:474)
	at java.base/java.util.stream.ReduceOps$ReduceOp.evaluateSequential(ReduceOps.java:913)
	at java.base/java.util.stream.AbstractPipeline.evaluate(AbstractPipeline.java:234)
	at java.base/java.util.stream.ReferencePipeline.collect(ReferencePipeline.java:578)
	at de.uka.ilkd.key.nparser.builder.AbstractBuilder.mapOf(AbstractBuilder.java:112)
	at de.uka.ilkd.key.nparser.builder.IncludeFinder.visitOne_include_statement(IncludeFinder.java:35)
	at de.uka.ilkd.key.nparser.builder.IncludeFinder.visitOne_include_statement(IncludeFinder.java:20)
	at de.uka.ilkd.key.nparser.KeYParser$One_include_statementContext.accept(KeYParser.java:802)
	at org.antlr.v4.runtime.tree.AbstractParseTreeVisitor.visitChildren(AbstractParseTreeVisitor.java:46)
	at de.uka.ilkd.key.nparser.KeYParserBaseVisitor.visitDecls(KeYParserBaseVisitor.java:30)
	at de.uka.ilkd.key.nparser.KeYParser$DeclsContext.accept(KeYParser.java:500)
	at org.antlr.v4.runtime.tree.AbstractParseTreeVisitor.visitChildren(AbstractParseTreeVisitor.java:46)
	at de.uka.ilkd.key.nparser.KeYParserBaseVisitor.visitFile(KeYParserBaseVisitor.java:23)
	at de.uka.ilkd.key.nparser.KeYParser$FileContext.accept(KeYParser.java:306)
	at de.uka.ilkd.key.nparser.KeyAst.accept(KeyAst.java:41)
	at de.uka.ilkd.key.nparser.KeyAst$File.getIncludes(KeyAst.java:76)
	at de.uka.ilkd.key.proof.io.KeYFile.readIncludes(KeYFile.java:208)
	... 14 more
Could not find rule file rules/intRulesCheckedSemantics.key (file: /home/runner/work/key/key/key.core/../key.ui/examples/index/.././heap/simple/constructor_contracts.key; caused by: de.uka.ilkd.key.proof.init.ProofInputException: Could not find rule file rules/intRulesCheckedSemantics.key)
	at de.uka.ilkd.key.control.AbstractUserInterfaceControl.load(AbstractUserInterfaceControl.java:221)
	at de.uka.ilkd.key.control.KeYEnvironment.load(KeYEnvironment.java:251)
	at de.uka.ilkd.key.control.KeYEnvironment.load(KeYEnvironment.java:224)
	at de.uka.ilkd.key.control.KeYEnvironment.load(KeYEnvironment.java:184)
	at de.uka.ilkd.key.control.KeYEnvironment.load(KeYEnvironment.java:261)
	at de.uka.ilkd.key.proof.runallproofs.proofcollection.TestFile.load(TestFile.java:270)
	at de.uka.ilkd.key.proof.runallproofs.proofcollection.TestFile.runKey(TestFile.java:160)
	at de.uka.ilkd.key.proof.runallproofs.proofcollection.ForkedTestFileRunner.main(ForkedTestFileRunner.java:171)
Caused by: de.uka.ilkd.key.proof.init.ProofInputException: Could not find rule file rules/intRulesCheckedSemantics.key
	at de.uka.ilkd.key.proof.io.KeYFile.readIncludes(KeYFile.java:210)
	at de.uka.ilkd.key.proof.init.ProblemInitializer.readIncludes(ProblemInitializer.java:177)
	at de.uka.ilkd.key.proof.init.ProblemInitializer.readEnvInput(ProblemInitializer.java:325)
	at de.uka.ilkd.key.proof.init.ProblemInitializer.prepare(ProblemInitializer.java:449)
	at de.uka.ilkd.key.proof.io.AbstractProblemLoader.createInitConfig(AbstractProblemLoader.java:518)
	at de.uka.ilkd.key.proof.io.AbstractProblemLoader.loadEnvironment(AbstractProblemLoader.java:288)
	at de.uka.ilkd.key.proof.io.AbstractProblemLoader.load(AbstractProblemLoader.java:252)
	at de.uka.ilkd.key.control.AbstractUserInterfaceControl.load(AbstractUserInterfaceControl.java:209)
	... 7 more
Caused by: java.lang.RuntimeException: Could not find rule file rules/intRulesCheckedSemantics.key
	at de.uka.ilkd.key.proof.io.RuleSourceFactory.fromBuiltInRule(RuleSourceFactory.java:32)
	at de.uka.ilkd.key.proof.io.RuleSourceFactory.fromDefaultLocation(RuleSourceFactory.java:21)
	at de.uka.ilkd.key.nparser.builder.IncludeFinder.addInclude(IncludeFinder.java:63)
	at de.uka.ilkd.key.nparser.builder.IncludeFinder.visitOne_include(IncludeFinder.java:43)
	at de.uka.ilkd.key.nparser.builder.IncludeFinder.visitOne_include(IncludeFinder.java:20)
	at de.uka.ilkd.key.nparser.KeYParser$One_includeContext.accept(KeYParser.java:878)
	at de.uka.ilkd.key.nparser.builder.AbstractBuilder.lambda$mapOf$0(AbstractBuilder.java:112)
	at java.base/java.util.stream.ReferencePipeline$3$1.accept(ReferencePipeline.java:195)
	at java.base/java.util.ArrayList$ArrayListSpliterator.forEachRemaining(ArrayList.java:1655)
	at java.base/java.util.stream.AbstractPipeline.copyInto(AbstractPipeline.java:484)
	at java.base/java.util.stream.AbstractPipeline.wrapAndCopyInto(AbstractPipeline.java:474)
	at java.base/java.util.stream.ReduceOps$ReduceOp.evaluateSequential(ReduceOps.java:913)
	at java.base/java.util.stream.AbstractPipeline.evaluate(AbstractPipeline.java:234)
	at java.base/java.util.stream.ReferencePipeline.collect(ReferencePipeline.java:578)
	at de.uka.ilkd.key.nparser.builder.AbstractBuilder.mapOf(AbstractBuilder.java:112)
	at de.uka.ilkd.key.nparser.builder.IncludeFinder.visitOne_include_statement(IncludeFinder.java:35)
	at de.uka.ilkd.key.nparser.builder.IncludeFinder.visitOne_include_statement(IncludeFinder.java:20)
	at de.uka.ilkd.key.nparser.KeYParser$One_include_statementContext.accept(KeYParser.java:802)
	at org.antlr.v4.runtime.tree.AbstractParseTreeVisitor.visitChildren(AbstractParseTreeVisitor.java:46)
	at de.uka.ilkd.key.nparser.KeYParserBaseVisitor.visitDecls(KeYParserBaseVisitor.java:30)
	at de.uka.ilkd.key.nparser.KeYParser$DeclsContext.accept(KeYParser.java:500)
	at org.antlr.v4.runtime.tree.AbstractParseTreeVisitor.visitChildren(AbstractParseTreeVisitor.java:46)
	at de.uka.ilkd.key.nparser.KeYParserBaseVisitor.visitFile(KeYParserBaseVisitor.java:23)
	at de.uka.ilkd.key.nparser.KeYParser$FileContext.accept(KeYParser.java:306)
	at de.uka.ilkd.key.nparser.KeyAst.accept(KeyAst.java:41)
	at de.uka.ilkd.key.nparser.KeyAst$File.getIncludes(KeyAst.java:76)
	at de.uka.ilkd.key.proof.io.KeYFile.readIncludes(KeYFile.java:208)
	... 14 more
Could not find rule file rules/intRulesCheckedSemantics.key (file: /home/runner/work/key/key/key.core/../key.ui/examples/index/.././heap/simple/dependencies.key; caused by: de.uka.ilkd.key.proof.init.ProofInputException: Could not find rule file rules/intRulesCheckedSemantics.key)
	at de.uka.ilkd.key.control.AbstractUserInterfaceControl.load(AbstractUserInterfaceControl.java:221)
	at de.uka.ilkd.key.control.KeYEnvironment.load(KeYEnvironment.java:251)
	at de.uka.ilkd.key.control.KeYEnvironment.load(KeYEnvironment.java:224)
	at de.uka.ilkd.key.control.KeYEnvironment.load(KeYEnvironment.java:184)
	at de.uka.ilkd.key.control.KeYEnvironment.load(KeYEnvironment.java:261)
	at de.uka.ilkd.key.proof.runallproofs.proofcollection.TestFile.load(TestFile.java:270)
	at de.uka.ilkd.key.proof.runallproofs.proofcollection.TestFile.runKey(TestFile.java:160)
	at de.uka.ilkd.key.proof.runallproofs.proofcollection.ForkedTestFileRunner.main(ForkedTestFileRunner.java:171)
Caused by: de.uka.ilkd.key.proof.init.ProofInputException: Could not find rule file rules/intRulesCheckedSemantics.key
	at de.uka.ilkd.key.proof.io.KeYFile.readIncludes(KeYFile.java:210)
	at de.uka.ilkd.key.proof.init.ProblemInitializer.readIncludes(ProblemInitializer.java:177)
	at de.uka.ilkd.key.proof.init.ProblemInitializer.readEnvInput(ProblemInitializer.java:325)
	at de.uka.ilkd.key.proof.init.ProblemInitializer.prepare(ProblemInitializer.java:449)
	at de.uka.ilkd.key.proof.io.AbstractProblemLoader.createInitConfig(AbstractProblemLoader.java:518)
	at de.uka.ilkd.key.proof.io.AbstractProblemLoader.loadEnvironment(AbstractProblemLoader.java:288)
	at de.uka.ilkd.key.proof.io.AbstractProblemLoader.load(AbstractProblemLoader.java:252)
	at de.uka.ilkd.key.control.AbstractUserInterfaceControl.load(AbstractUserInterfaceControl.java:209)
	... 7 more
Caused by: java.lang.RuntimeException: Could not find rule file rules/intRulesCheckedSemantics.key
	at de.uka.ilkd.key.proof.io.RuleSourceFactory.fromBuiltInRule(RuleSourceFactory.java:32)
	at de.uka.ilkd.key.proof.io.RuleSourceFactory.fromDefaultLocation(RuleSourceFactory.java:21)
	at de.uka.ilkd.key.nparser.builder.IncludeFinder.addInclude(IncludeFinder.java:63)
	at de.uka.ilkd.key.nparser.builder.IncludeFinder.visitOne_include(IncludeFinder.java:43)
	at de.uka.ilkd.key.nparser.builder.IncludeFinder.visitOne_include(IncludeFinder.java:20)
	at de.uka.ilkd.key.nparser.KeYParser$One_includeContext.accept(KeYParser.java:878)
	at de.uka.ilkd.key.nparser.builder.AbstractBuilder.lambda$mapOf$0(AbstractBuilder.java:112)
	at java.base/java.util.stream.ReferencePipeline$3$1.accept(ReferencePipeline.java:195)
	at java.base/java.util.ArrayList$ArrayListSpliterator.forEachRemaining(ArrayList.java:1655)
	at java.base/java.util.stream.AbstractPipeline.copyInto(AbstractPipeline.java:484)
	at java.base/java.util.stream.AbstractPipeline.wrapAndCopyInto(AbstractPipeline.java:474)
	at java.base/java.util.stream.ReduceOps$ReduceOp.evaluateSequential(ReduceOps.java:913)
	at java.base/java.util.stream.AbstractPipeline.evaluate(AbstractPipeline.java:234)
	at java.base/java.util.stream.ReferencePipeline.collect(ReferencePipeline.java:578)
	at de.uka.ilkd.key.nparser.builder.AbstractBuilder.mapOf(AbstractBuilder.java:112)
	at de.uka.ilkd.key.nparser.builder.IncludeFinder.visitOne_include_statement(IncludeFinder.java:35)
	at de.uka.ilkd.key.nparser.builder.IncludeFinder.visitOne_include_statement(IncludeFinder.java:20)
	at de.uka.ilkd.key.nparser.KeYParser$One_include_statementContext.accept(KeYParser.java:802)
	at org.antlr.v4.runtime.tree.AbstractParseTreeVisitor.visitChildren(AbstractParseTreeVisitor.java:46)
	at de.uka.ilkd.key.nparser.KeYParserBaseVisitor.visitDecls(KeYParserBaseVisitor.java:30)
	at de.uka.ilkd.key.nparser.KeYParser$DeclsContext.accept(KeYParser.java:500)
	at org.antlr.v4.runtime.tree.AbstractParseTreeVisitor.visitChildren(AbstractParseTreeVisitor.java:46)
	at de.uka.ilkd.key.nparser.KeYParserBaseVisitor.visitFile(KeYParserBaseVisitor.java:23)
	at de.uka.ilkd.key.nparser.KeYParser$FileContext.accept(KeYParser.java:306)
	at de.uka.ilkd.key.nparser.KeyAst.accept(KeyAst.java:41)
	at de.uka.ilkd.key.nparser.KeyAst$File.getIncludes(KeyAst.java:76)
	at de.uka.ilkd.key.proof.io.KeYFile.readIncludes(KeYFile.java:208)
	... 14 more
Could not find rule file rules/intRulesCheckedSemantics.key (file: /home/runner/work/key/key/key.core/../key.ui/examples/index/.././heap/simple/dependency_contracts.key; caused by: de.uka.ilkd.key.proof.init.ProofInputException: Could not find rule file rules/intRulesCheckedSemantics.key)
	at de.uka.ilkd.key.control.AbstractUserInterfaceControl.load(AbstractUserInterfaceControl.java:221)
	at de.uka.ilkd.key.control.KeYEnvironment.load(KeYEnvironment.java:251)
	at de.uka.ilkd.key.control.KeYEnvironment.load(KeYEnvironment.java:224)
	at de.uka.ilkd.key.control.KeYEnvironment.load(KeYEnvironment.java:184)
	at de.uka.ilkd.key.control.KeYEnvironment.load(KeYEnvironment.java:261)
	at de.uka.ilkd.key.proof.runallproofs.proofcollection.TestFile.load(TestFile.java:270)
	at de.uka.ilkd.key.proof.runallproofs.proofcollection.TestFile.runKey(TestFile.java:160)
	at de.uka.ilkd.key.proof.runallproofs.proofcollection.ForkedTestFileRunner.main(ForkedTestFileRunner.java:171)
Caused by: de.uka.ilkd.key.proof.init.ProofInputException: Could not find rule file rules/intRulesCheckedSemantics.key
	at de.uka.ilkd.key.proof.io.KeYFile.readIncludes(KeYFile.java:210)
	at de.uka.ilkd.key.proof.init.ProblemInitializer.readIncludes(ProblemInitializer.java:177)
	at de.uka.ilkd.key.proof.init.ProblemInitializer.readEnvInput(ProblemInitializer.java:325)
	at de.uka.ilkd.key.proof.init.ProblemInitializer.prepare(ProblemInitializer.java:449)
	at de.uka.ilkd.key.proof.io.AbstractProblemLoader.createInitConfig(AbstractProblemLoader.java:518)
	at de.uka.ilkd.key.proof.io.AbstractProblemLoader.loadEnvironment(AbstractProblemLoader.java:288)
	at de.uka.ilkd.key.proof.io.AbstractProblemLoader.load(AbstractProblemLoader.java:252)
	at de.uka.ilkd.key.control.AbstractUserInterfaceControl.load(AbstractUserInterfaceControl.java:209)
	... 7 more
Caused by: java.lang.RuntimeException: Could not find rule file rules/intRulesCheckedSemantics.key
	at de.uka.ilkd.key.proof.io.RuleSourceFactory.fromBuiltInRule(RuleSourceFactory.java:32)
	at de.uka.ilkd.key.proof.io.RuleSourceFactory.fromDefaultLocation(RuleSourceFactory.java:21)
	at de.uka.ilkd.key.nparser.builder.IncludeFinder.addInclude(IncludeFinder.java:63)
	at de.uka.ilkd.key.nparser.builder.IncludeFinder.visitOne_include(IncludeFinder.java:43)
	at de.uka.ilkd.key.nparser.builder.IncludeFinder.visitOne_include(IncludeFinder.java:20)
	at de.uka.ilkd.key.nparser.KeYParser$One_includeContext.accept(KeYParser.java:878)
	at de.uka.ilkd.key.nparser.builder.AbstractBuilder.lambda$mapOf$0(AbstractBuilder.java:112)
	at java.base/java.util.stream.ReferencePipeline$3$1.accept(ReferencePipeline.java:195)
	at java.base/java.util.ArrayList$ArrayListSpliterator.forEachRemaining(ArrayList.java:1655)
	at java.base/java.util.stream.AbstractPipeline.copyInto(AbstractPipeline.java:484)
	at java.base/java.util.stream.AbstractPipeline.wrapAndCopyInto(AbstractPipeline.java:474)
	at java.base/java.util.stream.ReduceOps$ReduceOp.evaluateSequential(ReduceOps.java:913)
	at java.base/java.util.stream.AbstractPipeline.evaluate(AbstractPipeline.java:234)
	at java.base/java.util.stream.ReferencePipeline.collect(ReferencePipeline.java:578)
	at de.uka.ilkd.key.nparser.builder.AbstractBuilder.mapOf(AbstractBuilder.java:112)
	at de.uka.ilkd.key.nparser.builder.IncludeFinder.visitOne_include_statement(IncludeFinder.java:35)
	at de.uka.ilkd.key.nparser.builder.IncludeFinder.visitOne_include_statement(IncludeFinder.java:20)
	at de.uka.ilkd.key.nparser.KeYParser$One_include_statementContext.accept(KeYParser.java:802)
	at org.antlr.v4.runtime.tree.AbstractParseTreeVisitor.visitChildren(AbstractParseTreeVisitor.java:46)
	at de.uka.ilkd.key.nparser.KeYParserBaseVisitor.visitDecls(KeYParserBaseVisitor.java:30)
	at de.uka.ilkd.key.nparser.KeYParser$DeclsContext.accept(KeYParser.java:500)
	at org.antlr.v4.runtime.tree.AbstractParseTreeVisitor.visitChildren(AbstractParseTreeVisitor.java:46)
	at de.uka.ilkd.key.nparser.KeYParserBaseVisitor.visitFile(KeYParserBaseVisitor.java:23)
	at de.uka.ilkd.key.nparser.KeYParser$FileContext.accept(KeYParser.java:306)
	at de.uka.ilkd.key.nparser.KeyAst.accept(KeyAst.java:41)
	at de.uka.ilkd.key.nparser.KeyAst$File.getIncludes(KeyAst.java:76)
	at de.uka.ilkd.key.proof.io.KeYFile.readIncludes(KeYFile.java:208)
	... 14 more
Could not find rule file rules/intRulesCheckedSemantics.key (file: /home/runner/work/key/key/key.core/../key.ui/examples/index/.././heap/simple/invariant_preservation.key; caused by: de.uka.ilkd.key.proof.init.ProofInputException: Could not find rule file rules/intRulesCheckedSemantics.key)
	at de.uka.ilkd.key.control.AbstractUserInterfaceControl.load(AbstractUserInterfaceControl.java:221)
	at de.uka.ilkd.key.control.KeYEnvironment.load(KeYEnvironment.java:251)
	at de.uka.ilkd.key.control.KeYEnvironment.load(KeYEnvironment.java:224)
	at de.uka.ilkd.key.control.KeYEnvironment.load(KeYEnvironment.java:184)
	at de.uka.ilkd.key.control.KeYEnvironment.load(KeYEnvironment.java:261)
	at de.uka.ilkd.key.proof.runallproofs.proofcollection.TestFile.load(TestFile.java:270)
	at de.uka.ilkd.key.proof.runallproofs.proofcollection.TestFile.runKey(TestFile.java:160)
	at de.uka.ilkd.key.proof.runallproofs.proofcollection.ForkedTestFileRunner.main(ForkedTestFileRunner.java:171)
Caused by: de.uka.ilkd.key.proof.init.ProofInputException: Could not find rule file rules/intRulesCheckedSemantics.key
	at de.uka.ilkd.key.proof.io.KeYFile.readIncludes(KeYFile.java:210)
	at de.uka.ilkd.key.proof.init.ProblemInitializer.readIncludes(ProblemInitializer.java:177)
	at de.uka.ilkd.key.proof.init.ProblemInitializer.readEnvInput(ProblemInitializer.java:325)
	at de.uka.ilkd.key.proof.init.ProblemInitializer.prepare(ProblemInitializer.java:449)
	at de.uka.ilkd.key.proof.io.AbstractProblemLoader.createInitConfig(AbstractProblemLoader.java:518)
	at de.uka.ilkd.key.proof.io.AbstractProblemLoader.loadEnvironment(AbstractProblemLoader.java:288)
	at de.uka.ilkd.key.proof.io.AbstractProblemLoader.load(AbstractProblemLoader.java:252)
	at de.uka.ilkd.key.control.AbstractUserInterfaceControl.load(AbstractUserInterfaceControl.java:209)
	... 7 more
Caused by: java.lang.RuntimeException: Could not find rule file rules/intRulesCheckedSemantics.key
	at de.uka.ilkd.key.proof.io.RuleSourceFactory.fromBuiltInRule(RuleSourceFactory.java:32)
	at de.uka.ilkd.key.proof.io.RuleSourceFactory.fromDefaultLocation(RuleSourceFactory.java:21)
	at de.uka.ilkd.key.nparser.builder.IncludeFinder.addInclude(IncludeFinder.java:63)
	at de.uka.ilkd.key.nparser.builder.IncludeFinder.visitOne_include(IncludeFinder.java:43)
	at de.uka.ilkd.key.nparser.builder.IncludeFinder.visitOne_include(IncludeFinder.java:20)
	at de.uka.ilkd.key.nparser.KeYParser$One_includeContext.accept(KeYParser.java:878)
	at de.uka.ilkd.key.nparser.builder.AbstractBuilder.lambda$mapOf$0(AbstractBuilder.java:112)
	at java.base/java.util.stream.ReferencePipeline$3$1.accept(ReferencePipeline.java:195)
	at java.base/java.util.ArrayList$ArrayListSpliterator.forEachRemaining(ArrayList.java:1655)
	at java.base/java.util.stream.AbstractPipeline.copyInto(AbstractPipeline.java:484)
	at java.base/java.util.stream.AbstractPipeline.wrapAndCopyInto(AbstractPipeline.java:474)
	at java.base/java.util.stream.ReduceOps$ReduceOp.evaluateSequential(ReduceOps.java:913)
	at java.base/java.util.stream.AbstractPipeline.evaluate(AbstractPipeline.java:234)
	at java.base/java.util.stream.ReferencePipeline.collect(ReferencePipeline.java:578)
	at de.uka.ilkd.key.nparser.builder.AbstractBuilder.mapOf(AbstractBuilder.java:112)
	at de.uka.ilkd.key.nparser.builder.IncludeFinder.visitOne_include_statement(IncludeFinder.java:35)
	at de.uka.ilkd.key.nparser.builder.IncludeFinder.visitOne_include_statement(IncludeFinder.java:20)
	at de.uka.ilkd.key.nparser.KeYParser$One_include_statementContext.accept(KeYParser.java:802)
	at org.antlr.v4.runtime.tree.AbstractParseTreeVisitor.visitChildren(AbstractParseTreeVisitor.java:46)
	at de.uka.ilkd.key.nparser.KeYParserBaseVisitor.visitDecls(KeYParserBaseVisitor.java:30)
	at de.uka.ilkd.key.nparser.KeYParser$DeclsContext.accept(KeYParser.java:500)
	at org.antlr.v4.runtime.tree.AbstractParseTreeVisitor.visitChildren(AbstractParseTreeVisitor.java:46)
	at de.uka.ilkd.key.nparser.KeYParserBaseVisitor.visitFile(KeYParserBaseVisitor.java:23)
	at de.uka.ilkd.key.nparser.KeYParser$FileContext.accept(KeYParser.java:306)
	at de.uka.ilkd.key.nparser.KeyAst.accept(KeyAst.java:41)
	at de.uka.ilkd.key.nparser.KeyAst$File.getIncludes(KeyAst.java:76)
	at de.uka.ilkd.key.proof.io.KeYFile.readIncludes(KeYFile.java:208)
	... 14 more
Could not find rule file rules/intRulesCheckedSemantics.key (file: /home/runner/work/key/key/key.core/../key.ui/examples/index/.././heap/simple/locsets.key; caused by: de.uka.ilkd.key.proof.init.ProofInputException: Could not find rule file rules/intRulesCheckedSemantics.key)
	at de.uka.ilkd.key.control.AbstractUserInterfaceControl.load(AbstractUserInterfaceControl.java:221)
	at de.uka.ilkd.key.control.KeYEnvironment.load(KeYEnvironment.java:251)
	at de.uka.ilkd.key.control.KeYEnvironment.load(KeYEnvironment.java:224)
	at de.uka.ilkd.key.control.KeYEnvironment.load(KeYEnvironment.java:184)
	at de.uka.ilkd.key.control.KeYEnvironment.load(KeYEnvironment.java:261)
	at de.uka.ilkd.key.proof.runallproofs.proofcollection.TestFile.load(TestFile.java:270)
	at de.uka.ilkd.key.proof.runallproofs.proofcollection.TestFile.runKey(TestFile.java:160)
	at de.uka.ilkd.key.proof.runallproofs.proofcollection.ForkedTestFileRunner.main(ForkedTestFileRunner.java:171)
Caused by: de.uka.ilkd.key.proof.init.ProofInputException: Could not find rule file rules/intRulesCheckedSemantics.key
	at de.uka.ilkd.key.proof.io.KeYFile.readIncludes(KeYFile.java:210)
	at de.uka.ilkd.key.proof.init.ProblemInitializer.readIncludes(ProblemInitializer.java:177)
	at de.uka.ilkd.key.proof.init.ProblemInitializer.readEnvInput(ProblemInitializer.java:325)
	at de.uka.ilkd.key.proof.init.ProblemInitializer.prepare(ProblemInitializer.java:449)
	at de.uka.ilkd.key.proof.io.AbstractProblemLoader.createInitConfig(AbstractProblemLoader.java:518)
	at de.uka.ilkd.key.proof.io.AbstractProblemLoader.loadEnvironment(AbstractProblemLoader.java:288)
	at de.uka.ilkd.key.proof.io.AbstractProblemLoader.load(AbstractProblemLoader.java:252)
	at de.uka.ilkd.key.control.AbstractUserInterfaceControl.load(AbstractUserInterfaceControl.java:209)
	... 7 more
Caused by: java.lang.RuntimeException: Could not find rule file rules/intRulesCheckedSemantics.key
	at de.uka.ilkd.key.proof.io.RuleSourceFactory.fromBuiltInRule(RuleSourceFactory.java:32)
	at de.uka.ilkd.key.proof.io.RuleSourceFactory.fromDefaultLocation(RuleSourceFactory.java:21)
	at de.uka.ilkd.key.nparser.builder.IncludeFinder.addInclude(IncludeFinder.java:63)
	at de.uka.ilkd.key.nparser.builder.IncludeFinder.visitOne_include(IncludeFinder.java:43)
	at de.uka.ilkd.key.nparser.builder.IncludeFinder.visitOne_include(IncludeFinder.java:20)
	at de.uka.ilkd.key.nparser.KeYParser$One_includeContext.accept(KeYParser.java:878)
	at de.uka.ilkd.key.nparser.builder.AbstractBuilder.lambda$mapOf$0(AbstractBuilder.java:112)
	at java.base/java.util.stream.ReferencePipeline$3$1.accept(ReferencePipeline.java:195)
	at java.base/java.util.ArrayList$ArrayListSpliterator.forEachRemaining(ArrayList.java:1655)
	at java.base/java.util.stream.AbstractPipeline.copyInto(AbstractPipeline.java:484)
	at java.base/java.util.stream.AbstractPipeline.wrapAndCopyInto(AbstractPipeline.java:474)
	at java.base/java.util.stream.ReduceOps$ReduceOp.evaluateSequential(ReduceOps.java:913)
	at java.base/java.util.stream.AbstractPipeline.evaluate(AbstractPipeline.java:234)
	at java.base/java.util.stream.ReferencePipeline.collect(ReferencePipeline.java:578)
	at de.uka.ilkd.key.nparser.builder.AbstractBuilder.mapOf(AbstractBuilder.java:112)
	at de.uka.ilkd.key.nparser.builder.IncludeFinder.visitOne_include_statement(IncludeFinder.java:35)
	at de.uka.ilkd.key.nparser.builder.IncludeFinder.visitOne_include_statement(IncludeFinder.java:20)
	at de.uka.ilkd.key.nparser.KeYParser$One_include_statementContext.accept(KeYParser.java:802)
	at org.antlr.v4.runtime.tree.AbstractParseTreeVisitor.visitChildren(AbstractParseTreeVisitor.java:46)
	at de.uka.ilkd.key.nparser.KeYParserBaseVisitor.visitDecls(KeYParserBaseVisitor.java:30)
	at de.uka.ilkd.key.nparser.KeYParser$DeclsContext.accept(KeYParser.java:500)
	at org.antlr.v4.runtime.tree.AbstractParseTreeVisitor.visitChildren(AbstractParseTreeVisitor.java:46)
	at de.uka.ilkd.key.nparser.KeYParserBaseVisitor.visitFile(KeYParserBaseVisitor.java:23)
	at de.uka.ilkd.key.nparser.KeYParser$FileContext.accept(KeYParser.java:306)
	at de.uka.ilkd.key.nparser.KeyAst.accept(KeyAst.java:41)
	at de.uka.ilkd.key.nparser.KeyAst$File.getIncludes(KeyAst.java:76)
	at de.uka.ilkd.key.proof.io.KeYFile.readIncludes(KeYFile.java:208)
	... 14 more
Could not find rule file rules/intRulesCheckedSemantics.key (file: /home/runner/work/key/key/key.core/../key.ui/examples/index/.././heap/simple/loop1.key; caused by: de.uka.ilkd.key.proof.init.ProofInputException: Could not find rule file rules/intRulesCheckedSemantics.key)
	at de.uka.ilkd.key.control.AbstractUserInterfaceControl.load(AbstractUserInterfaceControl.java:221)
	at de.uka.ilkd.key.control.KeYEnvironment.load(KeYEnvironment.java:251)
	at de.uka.ilkd.key.control.KeYEnvironment.load(KeYEnvironment.java:224)
	at de.uka.ilkd.key.control.KeYEnvironment.load(KeYEnvironment.java:184)
	at de.uka.ilkd.key.control.KeYEnvironment.load(KeYEnvironment.java:261)
	at de.uka.ilkd.key.proof.runallproofs.proofcollection.TestFile.load(TestFile.java:270)
	at de.uka.ilkd.key.proof.runallproofs.proofcollection.TestFile.runKey(TestFile.java:160)
	at de.uka.ilkd.key.proof.runallproofs.proofcollection.ForkedTestFileRunner.main(ForkedTestFileRunner.java:171)
Caused by: de.uka.ilkd.key.proof.init.ProofInputException: Could not find rule file rules/intRulesCheckedSemantics.key
	at de.uka.ilkd.key.proof.io.KeYFile.readIncludes(KeYFile.java:210)
	at de.uka.ilkd.key.proof.init.ProblemInitializer.readIncludes(ProblemInitializer.java:177)
	at de.uka.ilkd.key.proof.init.ProblemInitializer.readEnvInput(ProblemInitializer.java:325)
	at de.uka.ilkd.key.proof.init.ProblemInitializer.prepare(ProblemInitializer.java:449)
	at de.uka.ilkd.key.proof.io.AbstractProblemLoader.createInitConfig(AbstractProblemLoader.java:518)
	at de.uka.ilkd.key.proof.io.AbstractProblemLoader.loadEnvironment(AbstractProblemLoader.java:288)
	at de.uka.ilkd.key.proof.io.AbstractProblemLoader.load(AbstractProblemLoader.java:252)
	at de.uka.ilkd.key.control.AbstractUserInterfaceControl.load(AbstractUserInterfaceControl.java:209)
	... 7 more
Caused by: java.lang.RuntimeException: Could not find rule file rules/intRulesCheckedSemantics.key
	at de.uka.ilkd.key.proof.io.RuleSourceFactory.fromBuiltInRule(RuleSourceFactory.java:32)
	at de.uka.ilkd.key.proof.io.RuleSourceFactory.fromDefaultLocation(RuleSourceFactory.java:21)
	at de.uka.ilkd.key.nparser.builder.IncludeFinder.addInclude(IncludeFinder.java:63)
	at de.uka.ilkd.key.nparser.builder.IncludeFinder.visitOne_include(IncludeFinder.java:43)
	at de.uka.ilkd.key.nparser.builder.IncludeFinder.visitOne_include(IncludeFinder.java:20)
	at de.uka.ilkd.key.nparser.KeYParser$One_includeContext.accept(KeYParser.java:878)
	at de.uka.ilkd.key.nparser.builder.AbstractBuilder.lambda$mapOf$0(AbstractBuilder.java:112)
	at java.base/java.util.stream.ReferencePipeline$3$1.accept(ReferencePipeline.java:195)
	at java.base/java.util.ArrayList$ArrayListSpliterator.forEachRemaining(ArrayList.java:1655)
	at java.base/java.util.stream.AbstractPipeline.copyInto(AbstractPipeline.java:484)
	at java.base/java.util.stream.AbstractPipeline.wrapAndCopyInto(AbstractPipeline.java:474)
	at java.base/java.util.stream.ReduceOps$ReduceOp.evaluateSequential(ReduceOps.java:913)
	at java.base/java.util.stream.AbstractPipeline.evaluate(AbstractPipeline.java:234)
	at java.base/java.util.stream.ReferencePipeline.collect(ReferencePipeline.java:578)
	at de.uka.ilkd.key.nparser.builder.AbstractBuilder.mapOf(AbstractBuilder.java:112)
	at de.uka.ilkd.key.nparser.builder.IncludeFinder.visitOne_include_statement(IncludeFinder.java:35)
	at de.uka.ilkd.key.nparser.builder.IncludeFinder.visitOne_include_statement(IncludeFinder.java:20)
	at de.uka.ilkd.key.nparser.KeYParser$One_include_statementContext.accept(KeYParser.java:802)
	at org.antlr.v4.runtime.tree.AbstractParseTreeVisitor.visitChildren(AbstractParseTreeVisitor.java:46)
	at de.uka.ilkd.key.nparser.KeYParserBaseVisitor.visitDecls(KeYParserBaseVisitor.java:30)
	at de.uka.ilkd.key.nparser.KeYParser$DeclsContext.accept(KeYParser.java:500)
	at org.antlr.v4.runtime.tree.AbstractParseTreeVisitor.visitChildren(AbstractParseTreeVisitor.java:46)
	at de.uka.ilkd.key.nparser.KeYParserBaseVisitor.visitFile(KeYParserBaseVisitor.java:23)
	at de.uka.ilkd.key.nparser.KeYParser$FileContext.accept(KeYParser.java:306)
	at de.uka.ilkd.key.nparser.KeyAst.accept(KeyAst.java:41)
	at de.uka.ilkd.key.nparser.KeyAst$File.getIncludes(KeyAst.java:76)
	at de.uka.ilkd.key.proof.io.KeYFile.readIncludes(KeYFile.java:208)
	... 14 more
Could not find rule file rules/intRulesCheckedSemantics.key (file: /home/runner/work/key/key/key.core/../key.ui/examples/index/.././heap/simple/loop2.key; caused by: de.uka.ilkd.key.proof.init.ProofInputException: Could not find rule file rules/intRulesCheckedSemantics.key)
	at de.uka.ilkd.key.control.AbstractUserInterfaceControl.load(AbstractUserInterfaceControl.java:221)
	at de.uka.ilkd.key.control.KeYEnvironment.load(KeYEnvironment.java:251)
	at de.uka.ilkd.key.control.KeYEnvironment.load(KeYEnvironment.java:224)
	at de.uka.ilkd.key.control.KeYEnvironment.load(KeYEnvironment.java:184)
	at de.uka.ilkd.key.control.KeYEnvironment.load(KeYEnvironment.java:261)
	at de.uka.ilkd.key.proof.runallproofs.proofcollection.TestFile.load(TestFile.java:270)
	at de.uka.ilkd.key.proof.runallproofs.proofcollection.TestFile.runKey(TestFile.java:160)
	at de.uka.ilkd.key.proof.runallproofs.proofcollection.ForkedTestFileRunner.main(ForkedTestFileRunner.java:171)
Caused by: de.uka.ilkd.key.proof.init.ProofInputException: Could not find rule file rules/intRulesCheckedSemantics.key
	at de.uka.ilkd.key.proof.io.KeYFile.readIncludes(KeYFile.java:210)
	at de.uka.ilkd.key.proof.init.ProblemInitializer.readIncludes(ProblemInitializer.java:177)
	at de.uka.ilkd.key.proof.init.ProblemInitializer.readEnvInput(ProblemInitializer.java:325)
	at de.uka.ilkd.key.proof.init.ProblemInitializer.prepare(ProblemInitializer.java:449)
	at de.uka.ilkd.key.proof.io.AbstractProblemLoader.createInitConfig(AbstractProblemLoader.java:518)
	at de.uka.ilkd.key.proof.io.AbstractProblemLoader.loadEnvironment(AbstractProblemLoader.java:288)
	at de.uka.ilkd.key.proof.io.AbstractProblemLoader.load(AbstractProblemLoader.java:252)
	at de.uka.ilkd.key.control.AbstractUserInterfaceControl.load(AbstractUserInterfaceControl.java:209)
	... 7 more
Caused by: java.lang.RuntimeException: Could not find rule file rules/intRulesCheckedSemantics.key
	at de.uka.ilkd.key.proof.io.RuleSourceFactory.fromBuiltInRule(RuleSourceFactory.java:32)
	at de.uka.ilkd.key.proof.io.RuleSourceFactory.fromDefaultLocation(RuleSourceFactory.java:21)
	at de.uka.ilkd.key.nparser.builder.IncludeFinder.addInclude(IncludeFinder.java:63)
	at de.uka.ilkd.key.nparser.builder.IncludeFinder.visitOne_include(IncludeFinder.java:43)
	at de.uka.ilkd.key.nparser.builder.IncludeFinder.visitOne_include(IncludeFinder.java:20)
	at de.uka.ilkd.key.nparser.KeYParser$One_includeContext.accept(KeYParser.java:878)
	at de.uka.ilkd.key.nparser.builder.AbstractBuilder.lambda$mapOf$0(AbstractBuilder.java:112)
	at java.base/java.util.stream.ReferencePipeline$3$1.accept(ReferencePipeline.java:195)
	at java.base/java.util.ArrayList$ArrayListSpliterator.forEachRemaining(ArrayList.java:1655)
	at java.base/java.util.stream.AbstractPipeline.copyInto(AbstractPipeline.java:484)
	at java.base/java.util.stream.AbstractPipeline.wrapAndCopyInto(AbstractPipeline.java:474)
	at java.base/java.util.stream.ReduceOps$ReduceOp.evaluateSequential(ReduceOps.java:913)
	at java.base/java.util.stream.AbstractPipeline.evaluate(AbstractPipeline.java:234)
	at java.base/java.util.stream.ReferencePipeline.collect(ReferencePipeline.java:578)
	at de.uka.ilkd.key.nparser.builder.AbstractBuilder.mapOf(AbstractBuilder.java:112)
	at de.uka.ilkd.key.nparser.builder.IncludeFinder.visitOne_include_statement(IncludeFinder.java:35)
	at de.uka.ilkd.key.nparser.builder.IncludeFinder.visitOne_include_statement(IncludeFinder.java:20)
	at de.uka.ilkd.key.nparser.KeYParser$One_include_statementContext.accept(KeYParser.java:802)
	at org.antlr.v4.runtime.tree.AbstractParseTreeVisitor.visitChildren(AbstractParseTreeVisitor.java:46)
	at de.uka.ilkd.key.nparser.KeYParserBaseVisitor.visitDecls(KeYParserBaseVisitor.java:30)
	at de.uka.ilkd.key.nparser.KeYParser$DeclsContext.accept(KeYParser.java:500)
	at org.antlr.v4.runtime.tree.AbstractParseTreeVisitor.visitChildren(AbstractParseTreeVisitor.java:46)
	at de.uka.ilkd.key.nparser.KeYParserBaseVisitor.visitFile(KeYParserBaseVisitor.java:23)
	at de.uka.ilkd.key.nparser.KeYParser$FileContext.accept(KeYParser.java:306)
	at de.uka.ilkd.key.nparser.KeyAst.accept(KeyAst.java:41)
	at de.uka.ilkd.key.nparser.KeyAst$File.getIncludes(KeyAst.java:76)
	at de.uka.ilkd.key.proof.io.KeYFile.readIncludes(KeYFile.java:208)
	... 14 more
Could not find rule file rules/intRulesCheckedSemantics.key (file: /home/runner/work/key/key/key.core/../key.ui/examples/index/.././heap/simple/modifies_datagroup.key; caused by: de.uka.ilkd.key.proof.init.ProofInputException: Could not find rule file rules/intRulesCheckedSemantics.key)
	at de.uka.ilkd.key.control.AbstractUserInterfaceControl.load(AbstractUserInterfaceControl.java:221)
	at de.uka.ilkd.key.control.KeYEnvironment.load(KeYEnvironment.java:251)
	at de.uka.ilkd.key.control.KeYEnvironment.load(KeYEnvironment.java:224)
	at de.uka.ilkd.key.control.KeYEnvironment.load(KeYEnvironment.java:184)
	at de.uka.ilkd.key.control.KeYEnvironment.load(KeYEnvironment.java:261)
	at de.uka.ilkd.key.proof.runallproofs.proofcollection.TestFile.load(TestFile.java:270)
	at de.uka.ilkd.key.proof.runallproofs.proofcollection.TestFile.runKey(TestFile.java:160)
	at de.uka.ilkd.key.proof.runallproofs.proofcollection.ForkedTestFileRunner.main(ForkedTestFileRunner.java:171)
Caused by: de.uka.ilkd.key.proof.init.ProofInputException: Could not find rule file rules/intRulesCheckedSemantics.key
	at de.uka.ilkd.key.proof.io.KeYFile.readIncludes(KeYFile.java:210)
	at de.uka.ilkd.key.proof.init.ProblemInitializer.readIncludes(ProblemInitializer.java:177)
	at de.uka.ilkd.key.proof.init.ProblemInitializer.readEnvInput(ProblemInitializer.java:325)
	at de.uka.ilkd.key.proof.init.ProblemInitializer.prepare(ProblemInitializer.java:449)
	at de.uka.ilkd.key.proof.io.AbstractProblemLoader.createInitConfig(AbstractProblemLoader.java:518)
	at de.uka.ilkd.key.proof.io.AbstractProblemLoader.loadEnvironment(AbstractProblemLoader.java:288)
	at de.uka.ilkd.key.proof.io.AbstractProblemLoader.load(AbstractProblemLoader.java:252)
	at de.uka.ilkd.key.control.AbstractUserInterfaceControl.load(AbstractUserInterfaceControl.java:209)
	... 7 more
Caused by: java.lang.RuntimeException: Could not find rule file rules/intRulesCheckedSemantics.key
	at de.uka.ilkd.key.proof.io.RuleSourceFactory.fromBuiltInRule(RuleSourceFactory.java:32)
	at de.uka.ilkd.key.proof.io.RuleSourceFactory.fromDefaultLocation(RuleSourceFactory.java:21)
	at de.uka.ilkd.key.nparser.builder.IncludeFinder.addInclude(IncludeFinder.java:63)
	at de.uka.ilkd.key.nparser.builder.IncludeFinder.visitOne_include(IncludeFinder.java:43)
	at de.uka.ilkd.key.nparser.builder.IncludeFinder.visitOne_include(IncludeFinder.java:20)
	at de.uka.ilkd.key.nparser.KeYParser$One_includeContext.accept(KeYParser.java:878)
	at de.uka.ilkd.key.nparser.builder.AbstractBuilder.lambda$mapOf$0(AbstractBuilder.java:112)
	at java.base/java.util.stream.ReferencePipeline$3$1.accept(ReferencePipeline.java:195)
	at java.base/java.util.ArrayList$ArrayListSpliterator.forEachRemaining(ArrayList.java:1655)
	at java.base/java.util.stream.AbstractPipeline.copyInto(AbstractPipeline.java:484)
	at java.base/java.util.stream.AbstractPipeline.wrapAndCopyInto(AbstractPipeline.java:474)
	at java.base/java.util.stream.ReduceOps$ReduceOp.evaluateSequential(ReduceOps.java:913)
	at java.base/java.util.stream.AbstractPipeline.evaluate(AbstractPipeline.java:234)
	at java.base/java.util.stream.ReferencePipeline.collect(ReferencePipeline.java:578)
	at de.uka.ilkd.key.nparser.builder.AbstractBuilder.mapOf(AbstractBuilder.java:112)
	at de.uka.ilkd.key.nparser.builder.IncludeFinder.visitOne_include_statement(IncludeFinder.java:35)
	at de.uka.ilkd.key.nparser.builder.IncludeFinder.visitOne_include_statement(IncludeFinder.java:20)
	at de.uka.ilkd.key.nparser.KeYParser$One_include_statementContext.accept(KeYParser.java:802)
	at org.antlr.v4.runtime.tree.AbstractParseTreeVisitor.visitChildren(AbstractParseTreeVisitor.java:46)
	at de.uka.ilkd.key.nparser.KeYParserBaseVisitor.visitDecls(KeYParserBaseVisitor.java:30)
	at de.uka.ilkd.key.nparser.KeYParser$DeclsContext.accept(KeYParser.java:500)
	at org.antlr.v4.runtime.tree.AbstractParseTreeVisitor.visitChildren(AbstractParseTreeVisitor.java:46)
	at de.uka.ilkd.key.nparser.KeYParserBaseVisitor.visitFile(KeYParserBaseVisitor.java:23)
	at de.uka.ilkd.key.nparser.KeYParser$FileContext.accept(KeYParser.java:306)
	at de.uka.ilkd.key.nparser.KeyAst.accept(KeyAst.java:41)
	at de.uka.ilkd.key.nparser.KeyAst$File.getIncludes(KeyAst.java:76)
	at de.uka.ilkd.key.proof.io.KeYFile.readIncludes(KeYFile.java:208)
	... 14 more
Could not find rule file rules/intRulesCheckedSemantics.key (file: /home/runner/work/key/key/key.core/../key.ui/examples/index/.././heap/simple/modifies.key; caused by: de.uka.ilkd.key.proof.init.ProofInputException: Could not find rule file rules/intRulesCheckedSemantics.key)
	at de.uka.ilkd.key.control.AbstractUserInterfaceControl.load(AbstractUserInterfaceControl.java:221)
	at de.uka.ilkd.key.control.KeYEnvironment.load(KeYEnvironment.java:251)
	at de.uka.ilkd.key.control.KeYEnvironment.load(KeYEnvironment.java:224)
	at de.uka.ilkd.key.control.KeYEnvironment.load(KeYEnvironment.java:184)
	at de.uka.ilkd.key.control.KeYEnvironment.load(KeYEnvironment.java:261)
	at de.uka.ilkd.key.proof.runallproofs.proofcollection.TestFile.load(TestFile.java:270)
	at de.uka.ilkd.key.proof.runallproofs.proofcollection.TestFile.runKey(TestFile.java:160)
	at de.uka.ilkd.key.proof.runallproofs.proofcollection.ForkedTestFileRunner.main(ForkedTestFileRunner.java:171)
Caused by: de.uka.ilkd.key.proof.init.ProofInputException: Could not find rule file rules/intRulesCheckedSemantics.key
	at de.uka.ilkd.key.proof.io.KeYFile.readIncludes(KeYFile.java:210)
	at de.uka.ilkd.key.proof.init.ProblemInitializer.readIncludes(ProblemInitializer.java:177)
	at de.uka.ilkd.key.proof.init.ProblemInitializer.readEnvInput(ProblemInitializer.java:325)
	at de.uka.ilkd.key.proof.init.ProblemInitializer.prepare(ProblemInitializer.java:449)
	at de.uka.ilkd.key.proof.io.AbstractProblemLoader.createInitConfig(AbstractProblemLoader.java:518)
	at de.uka.ilkd.key.proof.io.AbstractProblemLoader.loadEnvironment(AbstractProblemLoader.java:288)
	at de.uka.ilkd.key.proof.io.AbstractProblemLoader.load(AbstractProblemLoader.java:252)
	at de.uka.ilkd.key.control.AbstractUserInterfaceControl.load(AbstractUserInterfaceControl.java:209)
	... 7 more
Caused by: java.lang.RuntimeException: Could not find rule file rules/intRulesCheckedSemantics.key
	at de.uka.ilkd.key.proof.io.RuleSourceFactory.fromBuiltInRule(RuleSourceFactory.java:32)
	at de.uka.ilkd.key.proof.io.RuleSourceFactory.fromDefaultLocation(RuleSourceFactory.java:21)
	at de.uka.ilkd.key.nparser.builder.IncludeFinder.addInclude(IncludeFinder.java:63)
	at de.uka.ilkd.key.nparser.builder.IncludeFinder.visitOne_include(IncludeFinder.java:43)
	at de.uka.ilkd.key.nparser.builder.IncludeFinder.visitOne_include(IncludeFinder.java:20)
	at de.uka.ilkd.key.nparser.KeYParser$One_includeContext.accept(KeYParser.java:878)
	at de.uka.ilkd.key.nparser.builder.AbstractBuilder.lambda$mapOf$0(AbstractBuilder.java:112)
	at java.base/java.util.stream.ReferencePipeline$3$1.accept(ReferencePipeline.java:195)
	at java.base/java.util.ArrayList$ArrayListSpliterator.forEachRemaining(ArrayList.java:1655)
	at java.base/java.util.stream.AbstractPipeline.copyInto(AbstractPipeline.java:484)
	at java.base/java.util.stream.AbstractPipeline.wrapAndCopyInto(AbstractPipeline.java:474)
	at java.base/java.util.stream.ReduceOps$ReduceOp.evaluateSequential(ReduceOps.java:913)
	at java.base/java.util.stream.AbstractPipeline.evaluate(AbstractPipeline.java:234)
	at java.base/java.util.stream.ReferencePipeline.collect(ReferencePipeline.java:578)
	at de.uka.ilkd.key.nparser.builder.AbstractBuilder.mapOf(AbstractBuilder.java:112)
	at de.uka.ilkd.key.nparser.builder.IncludeFinder.visitOne_include_statement(IncludeFinder.java:35)
	at de.uka.ilkd.key.nparser.builder.IncludeFinder.visitOne_include_statement(IncludeFinder.java:20)
	at de.uka.ilkd.key.nparser.KeYParser$One_include_statementContext.accept(KeYParser.java:802)
	at org.antlr.v4.runtime.tree.AbstractParseTreeVisitor.visitChildren(AbstractParseTreeVisitor.java:46)
	at de.uka.ilkd.key.nparser.KeYParserBaseVisitor.visitDecls(KeYParserBaseVisitor.java:30)
	at de.uka.ilkd.key.nparser.KeYParser$DeclsContext.accept(KeYParser.java:500)
	at org.antlr.v4.runtime.tree.AbstractParseTreeVisitor.visitChildren(AbstractParseTreeVisitor.java:46)
	at de.uka.ilkd.key.nparser.KeYParserBaseVisitor.visitFile(KeYParserBaseVisitor.java:23)
	at de.uka.ilkd.key.nparser.KeYParser$FileContext.accept(KeYParser.java:306)
	at de.uka.ilkd.key.nparser.KeyAst.accept(KeyAst.java:41)
	at de.uka.ilkd.key.nparser.KeyAst$File.getIncludes(KeyAst.java:76)
	at de.uka.ilkd.key.proof.io.KeYFile.readIncludes(KeYFile.java:208)
	... 14 more
Could not find rule file rules/intRulesCheckedSemantics.key (file: /home/runner/work/key/key/key.core/../key.ui/examples/index/.././heap/simple/object_creation.key; caused by: de.uka.ilkd.key.proof.init.ProofInputException: Could not find rule file rules/intRulesCheckedSemantics.key)
	at de.uka.ilkd.key.control.AbstractUserInterfaceControl.load(AbstractUserInterfaceControl.java:221)
	at de.uka.ilkd.key.control.KeYEnvironment.load(KeYEnvironment.java:251)
	at de.uka.ilkd.key.control.KeYEnvironment.load(KeYEnvironment.java:224)
	at de.uka.ilkd.key.control.KeYEnvironment.load(KeYEnvironment.java:184)
	at de.uka.ilkd.key.control.KeYEnvironment.load(KeYEnvironment.java:261)
	at de.uka.ilkd.key.proof.runallproofs.proofcollection.TestFile.load(TestFile.java:270)
	at de.uka.ilkd.key.proof.runallproofs.proofcollection.TestFile.runKey(TestFile.java:160)
	at de.uka.ilkd.key.proof.runallproofs.proofcollection.ForkedTestFileRunner.main(ForkedTestFileRunner.java:171)
Caused by: de.uka.ilkd.key.proof.init.ProofInputException: Could not find rule file rules/intRulesCheckedSemantics.key
	at de.uka.ilkd.key.proof.io.KeYFile.readIncludes(KeYFile.java:210)
	at de.uka.ilkd.key.proof.init.ProblemInitializer.readIncludes(ProblemInitializer.java:177)
	at de.uka.ilkd.key.proof.init.ProblemInitializer.readEnvInput(ProblemInitializer.java:325)
	at de.uka.ilkd.key.proof.init.ProblemInitializer.prepare(ProblemInitializer.java:449)
	at de.uka.ilkd.key.proof.io.AbstractProblemLoader.createInitConfig(AbstractProblemLoader.java:518)
	at de.uka.ilkd.key.proof.io.AbstractProblemLoader.loadEnvironment(AbstractProblemLoader.java:288)
	at de.uka.ilkd.key.proof.io.AbstractProblemLoader.load(AbstractProblemLoader.java:252)
	at de.uka.ilkd.key.control.AbstractUserInterfaceControl.load(AbstractUserInterfaceControl.java:209)
	... 7 more
Caused by: java.lang.RuntimeException: Could not find rule file rules/intRulesCheckedSemantics.key
	at de.uka.ilkd.key.proof.io.RuleSourceFactory.fromBuiltInRule(RuleSourceFactory.java:32)
	at de.uka.ilkd.key.proof.io.RuleSourceFactory.fromDefaultLocation(RuleSourceFactory.java:21)
	at de.uka.ilkd.key.nparser.builder.IncludeFinder.addInclude(IncludeFinder.java:63)
	at de.uka.ilkd.key.nparser.builder.IncludeFinder.visitOne_include(IncludeFinder.java:43)
	at de.uka.ilkd.key.nparser.builder.IncludeFinder.visitOne_include(IncludeFinder.java:20)
	at de.uka.ilkd.key.nparser.KeYParser$One_includeContext.accept(KeYParser.java:878)
	at de.uka.ilkd.key.nparser.builder.AbstractBuilder.lambda$mapOf$0(AbstractBuilder.java:112)
	at java.base/java.util.stream.ReferencePipeline$3$1.accept(ReferencePipeline.java:195)
	at java.base/java.util.ArrayList$ArrayListSpliterator.forEachRemaining(ArrayList.java:1655)
	at java.base/java.util.stream.AbstractPipeline.copyInto(AbstractPipeline.java:484)
	at java.base/java.util.stream.AbstractPipeline.wrapAndCopyInto(AbstractPipeline.java:474)
	at java.base/java.util.stream.ReduceOps$ReduceOp.evaluateSequential(ReduceOps.java:913)
	at java.base/java.util.stream.AbstractPipeline.evaluate(AbstractPipeline.java:234)
	at java.base/java.util.stream.ReferencePipeline.collect(ReferencePipeline.java:578)
	at de.uka.ilkd.key.nparser.builder.AbstractBuilder.mapOf(AbstractBuilder.java:112)
	at de.uka.ilkd.key.nparser.builder.IncludeFinder.visitOne_include_statement(IncludeFinder.java:35)
	at de.uka.ilkd.key.nparser.builder.IncludeFinder.visitOne_include_statement(IncludeFinder.java:20)
	at de.uka.ilkd.key.nparser.KeYParser$One_include_statementContext.accept(KeYParser.java:802)
	at org.antlr.v4.runtime.tree.AbstractParseTreeVisitor.visitChildren(AbstractParseTreeVisitor.java:46)
	at de.uka.ilkd.key.nparser.KeYParserBaseVisitor.visitDecls(KeYParserBaseVisitor.java:30)
	at de.uka.ilkd.key.nparser.KeYParser$DeclsContext.accept(KeYParser.java:500)
	at org.antlr.v4.runtime.tree.AbstractParseTreeVisitor.visitChildren(AbstractParseTreeVisitor.java:46)
	at de.uka.ilkd.key.nparser.KeYParserBaseVisitor.visitFile(KeYParserBaseVisitor.java:23)
	at de.uka.ilkd.key.nparser.KeYParser$FileContext.accept(KeYParser.java:306)
	at de.uka.ilkd.key.nparser.KeyAst.accept(KeyAst.java:41)
	at de.uka.ilkd.key.nparser.KeyAst$File.getIncludes(KeyAst.java:76)
	at de.uka.ilkd.key.proof.io.KeYFile.readIncludes(KeYFile.java:208)
	... 14 more
Could not find rule file rules/intRulesCheckedSemantics.key (file: /home/runner/work/key/key/key.core/../key.ui/examples/index/.././heap/simple/operation_contracts.key; caused by: de.uka.ilkd.key.proof.init.ProofInputException: Could not find rule file rules/intRulesCheckedSemantics.key)
	at de.uka.ilkd.key.control.AbstractUserInterfaceControl.load(AbstractUserInterfaceControl.java:221)
	at de.uka.ilkd.key.control.KeYEnvironment.load(KeYEnvironment.java:251)
	at de.uka.ilkd.key.control.KeYEnvironment.load(KeYEnvironment.java:224)
	at de.uka.ilkd.key.control.KeYEnvironment.load(KeYEnvironment.java:184)
	at de.uka.ilkd.key.control.KeYEnvironment.load(KeYEnvironment.java:261)
	at de.uka.ilkd.key.proof.runallproofs.proofcollection.TestFile.load(TestFile.java:270)
	at de.uka.ilkd.key.proof.runallproofs.proofcollection.TestFile.runKey(TestFile.java:160)
	at de.uka.ilkd.key.proof.runallproofs.proofcollection.ForkedTestFileRunner.main(ForkedTestFileRunner.java:171)
Caused by: de.uka.ilkd.key.proof.init.ProofInputException: Could not find rule file rules/intRulesCheckedSemantics.key
	at de.uka.ilkd.key.proof.io.KeYFile.readIncludes(KeYFile.java:210)
	at de.uka.ilkd.key.proof.init.ProblemInitializer.readIncludes(ProblemInitializer.java:177)
	at de.uka.ilkd.key.proof.init.ProblemInitializer.readEnvInput(ProblemInitializer.java:325)
	at de.uka.ilkd.key.proof.init.ProblemInitializer.prepare(ProblemInitializer.java:449)
	at de.uka.ilkd.key.proof.io.AbstractProblemLoader.createInitConfig(AbstractProblemLoader.java:518)
	at de.uka.ilkd.key.proof.io.AbstractProblemLoader.loadEnvironment(AbstractProblemLoader.java:288)
	at de.uka.ilkd.key.proof.io.AbstractProblemLoader.load(AbstractProblemLoader.java:252)
	at de.uka.ilkd.key.control.AbstractUserInterfaceControl.load(AbstractUserInterfaceControl.java:209)
	... 7 more
Caused by: java.lang.RuntimeException: Could not find rule file rules/intRulesCheckedSemantics.key
	at de.uka.ilkd.key.proof.io.RuleSourceFactory.fromBuiltInRule(RuleSourceFactory.java:32)
	at de.uka.ilkd.key.proof.io.RuleSourceFactory.fromDefaultLocation(RuleSourceFactory.java:21)
	at de.uka.ilkd.key.nparser.builder.IncludeFinder.addInclude(IncludeFinder.java:63)
	at de.uka.ilkd.key.nparser.builder.IncludeFinder.visitOne_include(IncludeFinder.java:43)
	at de.uka.ilkd.key.nparser.builder.IncludeFinder.visitOne_include(IncludeFinder.java:20)
	at de.uka.ilkd.key.nparser.KeYParser$One_includeContext.accept(KeYParser.java:878)
	at de.uka.ilkd.key.nparser.builder.AbstractBuilder.lambda$mapOf$0(AbstractBuilder.java:112)
	at java.base/java.util.stream.ReferencePipeline$3$1.accept(ReferencePipeline.java:195)
	at java.base/java.util.ArrayList$ArrayListSpliterator.forEachRemaining(ArrayList.java:1655)
	at java.base/java.util.stream.AbstractPipeline.copyInto(AbstractPipeline.java:484)
	at java.base/java.util.stream.AbstractPipeline.wrapAndCopyInto(AbstractPipeline.java:474)
	at java.base/java.util.stream.ReduceOps$ReduceOp.evaluateSequential(ReduceOps.java:913)
	at java.base/java.util.stream.AbstractPipeline.evaluate(AbstractPipeline.java:234)
	at java.base/java.util.stream.ReferencePipeline.collect(ReferencePipeline.java:578)
	at de.uka.ilkd.key.nparser.builder.AbstractBuilder.mapOf(AbstractBuilder.java:112)
	at de.uka.ilkd.key.nparser.builder.IncludeFinder.visitOne_include_statement(IncludeFinder.java:35)
	at de.uka.ilkd.key.nparser.builder.IncludeFinder.visitOne_include_statement(IncludeFinder.java:20)
	at de.uka.ilkd.key.nparser.KeYParser$One_include_statementContext.accept(KeYParser.java:802)
	at org.antlr.v4.runtime.tree.AbstractParseTreeVisitor.visitChildren(AbstractParseTreeVisitor.java:46)
	at de.uka.ilkd.key.nparser.KeYParserBaseVisitor.visitDecls(KeYParserBaseVisitor.java:30)
	at de.uka.ilkd.key.nparser.KeYParser$DeclsContext.accept(KeYParser.java:500)
	at org.antlr.v4.runtime.tree.AbstractParseTreeVisitor.visitChildren(AbstractParseTreeVisitor.java:46)
	at de.uka.ilkd.key.nparser.KeYParserBaseVisitor.visitFile(KeYParserBaseVisitor.java:23)
	at de.uka.ilkd.key.nparser.KeYParser$FileContext.accept(KeYParser.java:306)
	at de.uka.ilkd.key.nparser.KeyAst.accept(KeyAst.java:41)
	at de.uka.ilkd.key.nparser.KeyAst$File.getIncludes(KeyAst.java:76)
	at de.uka.ilkd.key.proof.io.KeYFile.readIncludes(KeYFile.java:208)
	... 14 more
Could not find rule file rules/intRulesCheckedSemantics.key (file: /home/runner/work/key/key/key.core/../key.ui/examples/index/.././heap/simple/select_store.key; caused by: de.uka.ilkd.key.proof.init.ProofInputException: Could not find rule file rules/intRulesCheckedSemantics.key)
	at de.uka.ilkd.key.control.AbstractUserInterfaceControl.load(AbstractUserInterfaceControl.java:221)
	at de.uka.ilkd.key.control.KeYEnvironment.load(KeYEnvironment.java:251)
	at de.uka.ilkd.key.control.KeYEnvironment.load(KeYEnvironment.java:224)
	at de.uka.ilkd.key.control.KeYEnvironment.load(KeYEnvironment.java:184)
	at de.uka.ilkd.key.control.KeYEnvironment.load(KeYEnvironment.java:261)
	at de.uka.ilkd.key.proof.runallproofs.proofcollection.TestFile.load(TestFile.java:270)
	at de.uka.ilkd.key.proof.runallproofs.proofcollection.TestFile.runKey(TestFile.java:160)
	at de.uka.ilkd.key.proof.runallproofs.proofcollection.ForkedTestFileRunner.main(ForkedTestFileRunner.java:171)
Caused by: de.uka.ilkd.key.proof.init.ProofInputException: Could not find rule file rules/intRulesCheckedSemantics.key
	at de.uka.ilkd.key.proof.io.KeYFile.readIncludes(KeYFile.java:210)
	at de.uka.ilkd.key.proof.init.ProblemInitializer.readIncludes(ProblemInitializer.java:177)
	at de.uka.ilkd.key.proof.init.ProblemInitializer.readEnvInput(ProblemInitializer.java:325)
	at de.uka.ilkd.key.proof.init.ProblemInitializer.prepare(ProblemInitializer.java:449)
	at de.uka.ilkd.key.proof.io.AbstractProblemLoader.createInitConfig(AbstractProblemLoader.java:518)
	at de.uka.ilkd.key.proof.io.AbstractProblemLoader.loadEnvironment(AbstractProblemLoader.java:288)
	at de.uka.ilkd.key.proof.io.AbstractProblemLoader.load(AbstractProblemLoader.java:252)
	at de.uka.ilkd.key.control.AbstractUserInterfaceControl.load(AbstractUserInterfaceControl.java:209)
	... 7 more
Caused by: java.lang.RuntimeException: Could not find rule file rules/intRulesCheckedSemantics.key
	at de.uka.ilkd.key.proof.io.RuleSourceFactory.fromBuiltInRule(RuleSourceFactory.java:32)
	at de.uka.ilkd.key.proof.io.RuleSourceFactory.fromDefaultLocation(RuleSourceFactory.java:21)
	at de.uka.ilkd.key.nparser.builder.IncludeFinder.addInclude(IncludeFinder.java:63)
	at de.uka.ilkd.key.nparser.builder.IncludeFinder.visitOne_include(IncludeFinder.java:43)
	at de.uka.ilkd.key.nparser.builder.IncludeFinder.visitOne_include(IncludeFinder.java:20)
	at de.uka.ilkd.key.nparser.KeYParser$One_includeContext.accept(KeYParser.java:878)
	at de.uka.ilkd.key.nparser.builder.AbstractBuilder.lambda$mapOf$0(AbstractBuilder.java:112)
	at java.base/java.util.stream.ReferencePipeline$3$1.accept(ReferencePipeline.java:195)
	at java.base/java.util.ArrayList$ArrayListSpliterator.forEachRemaining(ArrayList.java:1655)
	at java.base/java.util.stream.AbstractPipeline.copyInto(AbstractPipeline.java:484)
	at java.base/java.util.stream.AbstractPipeline.wrapAndCopyInto(AbstractPipeline.java:474)
	at java.base/java.util.stream.ReduceOps$ReduceOp.evaluateSequential(ReduceOps.java:913)
	at java.base/java.util.stream.AbstractPipeline.evaluate(AbstractPipeline.java:234)
	at java.base/java.util.stream.ReferencePipeline.collect(ReferencePipeline.java:578)
	at de.uka.ilkd.key.nparser.builder.AbstractBuilder.mapOf(AbstractBuilder.java:112)
	at de.uka.ilkd.key.nparser.builder.IncludeFinder.visitOne_include_statement(IncludeFinder.java:35)
	at de.uka.ilkd.key.nparser.builder.IncludeFinder.visitOne_include_statement(IncludeFinder.java:20)
	at de.uka.ilkd.key.nparser.KeYParser$One_include_statementContext.accept(KeYParser.java:802)
	at org.antlr.v4.runtime.tree.AbstractParseTreeVisitor.visitChildren(AbstractParseTreeVisitor.java:46)
	at de.uka.ilkd.key.nparser.KeYParserBaseVisitor.visitDecls(KeYParserBaseVisitor.java:30)
	at de.uka.ilkd.key.nparser.KeYParser$DeclsContext.accept(KeYParser.java:500)
	at org.antlr.v4.runtime.tree.AbstractParseTreeVisitor.visitChildren(AbstractParseTreeVisitor.java:46)
	at de.uka.ilkd.key.nparser.KeYParserBaseVisitor.visitFile(KeYParserBaseVisitor.java:23)
	at de.uka.ilkd.key.nparser.KeYParser$FileContext.accept(KeYParser.java:306)
	at de.uka.ilkd.key.nparser.KeyAst.accept(KeyAst.java:41)
	at de.uka.ilkd.key.nparser.KeyAst$File.getIncludes(KeyAst.java:76)
	at de.uka.ilkd.key.proof.io.KeYFile.readIncludes(KeYFile.java:208)
	... 14 more
Could not find rule file rules/intRulesCheckedSemantics.key (file: /home/runner/work/key/key/key.core/../key.ui/examples/index/.././heap/simple/selection_sort.key; caused by: de.uka.ilkd.key.proof.init.ProofInputException: Could not find rule file rules/intRulesCheckedSemantics.key)
	at de.uka.ilkd.key.control.AbstractUserInterfaceControl.load(AbstractUserInterfaceControl.java:221)
	at de.uka.ilkd.key.control.KeYEnvironment.load(KeYEnvironment.java:251)
	at de.uka.ilkd.key.control.KeYEnvironment.load(KeYEnvironment.java:224)
	at de.uka.ilkd.key.control.KeYEnvironment.load(KeYEnvironment.java:184)
	at de.uka.ilkd.key.control.KeYEnvironment.load(KeYEnvironment.java:261)
	at de.uka.ilkd.key.proof.runallproofs.proofcollection.TestFile.load(TestFile.java:270)
	at de.uka.ilkd.key.proof.runallproofs.proofcollection.TestFile.runKey(TestFile.java:160)
	at de.uka.ilkd.key.proof.runallproofs.proofcollection.ForkedTestFileRunner.main(ForkedTestFileRunner.java:171)
Caused by: de.uka.ilkd.key.proof.init.ProofInputException: Could not find rule file rules/intRulesCheckedSemantics.key
	at de.uka.ilkd.key.proof.io.KeYFile.readIncludes(KeYFile.java:210)
	at de.uka.ilkd.key.proof.init.ProblemInitializer.readIncludes(ProblemInitializer.java:177)
	at de.uka.ilkd.key.proof.init.ProblemInitializer.readEnvInput(ProblemInitializer.java:325)
	at de.uka.ilkd.key.proof.init.ProblemInitializer.prepare(ProblemInitializer.java:449)
	at de.uka.ilkd.key.proof.io.AbstractProblemLoader.createInitConfig(AbstractProblemLoader.java:518)
	at de.uka.ilkd.key.proof.io.AbstractProblemLoader.loadEnvironment(AbstractProblemLoader.java:288)
	at de.uka.ilkd.key.proof.io.AbstractProblemLoader.load(AbstractProblemLoader.java:252)
	at de.uka.ilkd.key.control.AbstractUserInterfaceControl.load(AbstractUserInterfaceControl.java:209)
	... 7 more
Caused by: java.lang.RuntimeException: Could not find rule file rules/intRulesCheckedSemantics.key
	at de.uka.ilkd.key.proof.io.RuleSourceFactory.fromBuiltInRule(RuleSourceFactory.java:32)
	at de.uka.ilkd.key.proof.io.RuleSourceFactory.fromDefaultLocation(RuleSourceFactory.java:21)
	at de.uka.ilkd.key.nparser.builder.IncludeFinder.addInclude(IncludeFinder.java:63)
	at de.uka.ilkd.key.nparser.builder.IncludeFinder.visitOne_include(IncludeFinder.java:43)
	at de.uka.ilkd.key.nparser.builder.IncludeFinder.visitOne_include(IncludeFinder.java:20)
	at de.uka.ilkd.key.nparser.KeYParser$One_includeContext.accept(KeYParser.java:878)
	at de.uka.ilkd.key.nparser.builder.AbstractBuilder.lambda$mapOf$0(AbstractBuilder.java:112)
	at java.base/java.util.stream.ReferencePipeline$3$1.accept(ReferencePipeline.java:195)
	at java.base/java.util.ArrayList$ArrayListSpliterator.forEachRemaining(ArrayList.java:1655)
	at java.base/java.util.stream.AbstractPipeline.copyInto(AbstractPipeline.java:484)
	at java.base/java.util.stream.AbstractPipeline.wrapAndCopyInto(AbstractPipeline.java:474)
	at java.base/java.util.stream.ReduceOps$ReduceOp.evaluateSequential(ReduceOps.java:913)
	at java.base/java.util.stream.AbstractPipeline.evaluate(AbstractPipeline.java:234)
	at java.base/java.util.stream.ReferencePipeline.collect(ReferencePipeline.java:578)
	at de.uka.ilkd.key.nparser.builder.AbstractBuilder.mapOf(AbstractBuilder.java:112)
	at de.uka.ilkd.key.nparser.builder.IncludeFinder.visitOne_include_statement(IncludeFinder.java:35)
	at de.uka.ilkd.key.nparser.builder.IncludeFinder.visitOne_include_statement(IncludeFinder.java:20)
	at de.uka.ilkd.key.nparser.KeYParser$One_include_statementContext.accept(KeYParser.java:802)
	at org.antlr.v4.runtime.tree.AbstractParseTreeVisitor.visitChildren(AbstractParseTreeVisitor.java:46)
	at de.uka.ilkd.key.nparser.KeYParserBaseVisitor.visitDecls(KeYParserBaseVisitor.java:30)
	at de.uka.ilkd.key.nparser.KeYParser$DeclsContext.accept(KeYParser.java:500)
	at org.antlr.v4.runtime.tree.AbstractParseTreeVisitor.visitChildren(AbstractParseTreeVisitor.java:46)
	at de.uka.ilkd.key.nparser.KeYParserBaseVisitor.visitFile(KeYParserBaseVisitor.java:23)
	at de.uka.ilkd.key.nparser.KeYParser$FileContext.accept(KeYParser.java:306)
	at de.uka.ilkd.key.nparser.KeyAst.accept(KeyAst.java:41)
	at de.uka.ilkd.key.nparser.KeyAst$File.getIncludes(KeyAst.java:76)
	at de.uka.ilkd.key.proof.io.KeYFile.readIncludes(KeYFile.java:208)
	... 14 more
Could not find rule file rules/intRulesCheckedSemantics.key (file: /home/runner/work/key/key/key.core/../key.ui/examples/index/.././heap/simple/seq.key; caused by: de.uka.ilkd.key.proof.init.ProofInputException: Could not find rule file rules/intRulesCheckedSemantics.key)
	at de.uka.ilkd.key.control.AbstractUserInterfaceControl.load(AbstractUserInterfaceControl.java:221)
	at de.uka.ilkd.key.control.KeYEnvironment.load(KeYEnvironment.java:251)
	at de.uka.ilkd.key.control.KeYEnvironment.load(KeYEnvironment.java:224)
	at de.uka.ilkd.key.control.KeYEnvironment.load(KeYEnvironment.java:184)
	at de.uka.ilkd.key.control.KeYEnvironment.load(KeYEnvironment.java:261)
	at de.uka.ilkd.key.proof.runallproofs.proofcollection.TestFile.load(TestFile.java:270)
	at de.uka.ilkd.key.proof.runallproofs.proofcollection.TestFile.runKey(TestFile.java:160)
	at de.uka.ilkd.key.proof.runallproofs.proofcollection.ForkedTestFileRunner.main(ForkedTestFileRunner.java:171)
Caused by: de.uka.ilkd.key.proof.init.ProofInputException: Could not find rule file rules/intRulesCheckedSemantics.key
	at de.uka.ilkd.key.proof.io.KeYFile.readIncludes(KeYFile.java:210)
	at de.uka.ilkd.key.proof.init.ProblemInitializer.readIncludes(ProblemInitializer.java:177)
	at de.uka.ilkd.key.proof.init.ProblemInitializer.readEnvInput(ProblemInitializer.java:325)
	at de.uka.ilkd.key.proof.init.ProblemInitializer.prepare(ProblemInitializer.java:449)
	at de.uka.ilkd.key.proof.io.AbstractProblemLoader.createInitConfig(AbstractProblemLoader.java:518)
	at de.uka.ilkd.key.proof.io.AbstractProblemLoader.loadEnvironment(AbstractProblemLoader.java:288)
	at de.uka.ilkd.key.proof.io.AbstractProblemLoader.load(AbstractProblemLoader.java:252)
	at de.uka.ilkd.key.control.AbstractUserInterfaceControl.load(AbstractUserInterfaceControl.java:209)
	... 7 more
Caused by: java.lang.RuntimeException: Could not find rule file rules/intRulesCheckedSemantics.key
	at de.uka.ilkd.key.proof.io.RuleSourceFactory.fromBuiltInRule(RuleSourceFactory.java:32)
	at de.uka.ilkd.key.proof.io.RuleSourceFactory.fromDefaultLocation(RuleSourceFactory.java:21)
	at de.uka.ilkd.key.nparser.builder.IncludeFinder.addInclude(IncludeFinder.java:63)
	at de.uka.ilkd.key.nparser.builder.IncludeFinder.visitOne_include(IncludeFinder.java:43)
	at de.uka.ilkd.key.nparser.builder.IncludeFinder.visitOne_include(IncludeFinder.java:20)
	at de.uka.ilkd.key.nparser.KeYParser$One_includeContext.accept(KeYParser.java:878)
	at de.uka.ilkd.key.nparser.builder.AbstractBuilder.lambda$mapOf$0(AbstractBuilder.java:112)
	at java.base/java.util.stream.ReferencePipeline$3$1.accept(ReferencePipeline.java:195)
	at java.base/java.util.ArrayList$ArrayListSpliterator.forEachRemaining(ArrayList.java:1655)
	at java.base/java.util.stream.AbstractPipeline.copyInto(AbstractPipeline.java:484)
	at java.base/java.util.stream.AbstractPipeline.wrapAndCopyInto(AbstractPipeline.java:474)
	at java.base/java.util.stream.ReduceOps$ReduceOp.evaluateSequential(ReduceOps.java:913)
	at java.base/java.util.stream.AbstractPipeline.evaluate(AbstractPipeline.java:234)
	at java.base/java.util.stream.ReferencePipeline.collect(ReferencePipeline.java:578)
	at de.uka.ilkd.key.nparser.builder.AbstractBuilder.mapOf(AbstractBuilder.java:112)
	at de.uka.ilkd.key.nparser.builder.IncludeFinder.visitOne_include_statement(IncludeFinder.java:35)
	at de.uka.ilkd.key.nparser.builder.IncludeFinder.visitOne_include_statement(IncludeFinder.java:20)
	at de.uka.ilkd.key.nparser.KeYParser$One_include_statementContext.accept(KeYParser.java:802)
	at org.antlr.v4.runtime.tree.AbstractParseTreeVisitor.visitChildren(AbstractParseTreeVisitor.java:46)
	at de.uka.ilkd.key.nparser.KeYParserBaseVisitor.visitDecls(KeYParserBaseVisitor.java:30)
	at de.uka.ilkd.key.nparser.KeYParser$DeclsContext.accept(KeYParser.java:500)
	at org.antlr.v4.runtime.tree.AbstractParseTreeVisitor.visitChildren(AbstractParseTreeVisitor.java:46)
	at de.uka.ilkd.key.nparser.KeYParserBaseVisitor.visitFile(KeYParserBaseVisitor.java:23)
	at de.uka.ilkd.key.nparser.KeYParser$FileContext.accept(KeYParser.java:306)
	at de.uka.ilkd.key.nparser.KeyAst.accept(KeyAst.java:41)
	at de.uka.ilkd.key.nparser.KeyAst$File.getIncludes(KeyAst.java:76)
	at de.uka.ilkd.key.proof.io.KeYFile.readIncludes(KeYFile.java:208)
	... 14 more
Could not find rule file rules/intRulesCheckedSemantics.key (file: /home/runner/work/key/key/key.core/../key.ui/examples/index/.././heap/simple/oldForParams.key; caused by: de.uka.ilkd.key.proof.init.ProofInputException: Could not find rule file rules/intRulesCheckedSemantics.key)
	at de.uka.ilkd.key.control.AbstractUserInterfaceControl.load(AbstractUserInterfaceControl.java:221)
	at de.uka.ilkd.key.control.KeYEnvironment.load(KeYEnvironment.java:251)
	at de.uka.ilkd.key.control.KeYEnvironment.load(KeYEnvironment.java:224)
	at de.uka.ilkd.key.control.KeYEnvironment.load(KeYEnvironment.java:184)
	at de.uka.ilkd.key.control.KeYEnvironment.load(KeYEnvironment.java:261)
	at de.uka.ilkd.key.proof.runallproofs.proofcollection.TestFile.load(TestFile.java:270)
	at de.uka.ilkd.key.proof.runallproofs.proofcollection.TestFile.runKey(TestFile.java:160)
	at de.uka.ilkd.key.proof.runallproofs.proofcollection.ForkedTestFileRunner.main(ForkedTestFileRunner.java:171)
Caused by: de.uka.ilkd.key.proof.init.ProofInputException: Could not find rule file rules/intRulesCheckedSemantics.key
	at de.uka.ilkd.key.proof.io.KeYFile.readIncludes(KeYFile.java:210)
	at de.uka.ilkd.key.proof.init.ProblemInitializer.readIncludes(ProblemInitializer.java:177)
	at de.uka.ilkd.key.proof.init.ProblemInitializer.readEnvInput(ProblemInitializer.java:325)
	at de.uka.ilkd.key.proof.init.ProblemInitializer.prepare(ProblemInitializer.java:449)
	at de.uka.ilkd.key.proof.io.AbstractProblemLoader.createInitConfig(AbstractProblemLoader.java:518)
	at de.uka.ilkd.key.proof.io.AbstractProblemLoader.loadEnvironment(AbstractProblemLoader.java:288)
	at de.uka.ilkd.key.proof.io.AbstractProblemLoader.load(AbstractProblemLoader.java:252)
	at de.uka.ilkd.key.control.AbstractUserInterfaceControl.load(AbstractUserInterfaceControl.java:209)
	... 7 more
Caused by: java.lang.RuntimeException: Could not find rule file rules/intRulesCheckedSemantics.key
	at de.uka.ilkd.key.proof.io.RuleSourceFactory.fromBuiltInRule(RuleSourceFactory.java:32)
	at de.uka.ilkd.key.proof.io.RuleSourceFactory.fromDefaultLocation(RuleSourceFactory.java:21)
	at de.uka.ilkd.key.nparser.builder.IncludeFinder.addInclude(IncludeFinder.java:63)
	at de.uka.ilkd.key.nparser.builder.IncludeFinder.visitOne_include(IncludeFinder.java:43)
	at de.uka.ilkd.key.nparser.builder.IncludeFinder.visitOne_include(IncludeFinder.java:20)
	at de.uka.ilkd.key.nparser.KeYParser$One_includeContext.accept(KeYParser.java:878)
	at de.uka.ilkd.key.nparser.builder.AbstractBuilder.lambda$mapOf$0(AbstractBuilder.java:112)
	at java.base/java.util.stream.ReferencePipeline$3$1.accept(ReferencePipeline.java:195)
	at java.base/java.util.ArrayList$ArrayListSpliterator.forEachRemaining(ArrayList.java:1655)
	at java.base/java.util.stream.AbstractPipeline.copyInto(AbstractPipeline.java:484)
	at java.base/java.util.stream.AbstractPipeline.wrapAndCopyInto(AbstractPipeline.java:474)
	at java.base/java.util.stream.ReduceOps$ReduceOp.evaluateSequential(ReduceOps.java:913)
	at java.base/java.util.stream.AbstractPipeline.evaluate(AbstractPipeline.java:234)
	at java.base/java.util.stream.ReferencePipeline.collect(ReferencePipeline.java:578)
	at de.uka.ilkd.key.nparser.builder.AbstractBuilder.mapOf(AbstractBuilder.java:112)
	at de.uka.ilkd.key.nparser.builder.IncludeFinder.visitOne_include_statement(IncludeFinder.java:35)
	at de.uka.ilkd.key.nparser.builder.IncludeFinder.visitOne_include_statement(IncludeFinder.java:20)
	at de.uka.ilkd.key.nparser.KeYParser$One_include_statementContext.accept(KeYParser.java:802)
	at org.antlr.v4.runtime.tree.AbstractParseTreeVisitor.visitChildren(AbstractParseTreeVisitor.java:46)
	at de.uka.ilkd.key.nparser.KeYParserBaseVisitor.visitDecls(KeYParserBaseVisitor.java:30)
	at de.uka.ilkd.key.nparser.KeYParser$DeclsContext.accept(KeYParser.java:500)
	at org.antlr.v4.runtime.tree.AbstractParseTreeVisitor.visitChildren(AbstractParseTreeVisitor.java:46)
	at de.uka.ilkd.key.nparser.KeYParserBaseVisitor.visitFile(KeYParserBaseVisitor.java:23)
	at de.uka.ilkd.key.nparser.KeYParser$FileContext.accept(KeYParser.java:306)
	at de.uka.ilkd.key.nparser.KeyAst.accept(KeyAst.java:41)
	at de.uka.ilkd.key.nparser.KeyAst$File.getIncludes(KeyAst.java:76)
	at de.uka.ilkd.key.proof.io.KeYFile.readIncludes(KeYFile.java:208)
	... 14 more
Could not find rule file rules/intRulesCheckedSemantics.key (file: /home/runner/work/key/key/key.core/../key.ui/examples/index/.././heap/simple/parse_lmtd.key; caused by: de.uka.ilkd.key.proof.init.ProofInputException: Could not find rule file rules/intRulesCheckedSemantics.key)
	at de.uka.ilkd.key.control.AbstractUserInterfaceControl.load(AbstractUserInterfaceControl.java:221)
	at de.uka.ilkd.key.control.KeYEnvironment.load(KeYEnvironment.java:251)
	at de.uka.ilkd.key.control.KeYEnvironment.load(KeYEnvironment.java:224)
	at de.uka.ilkd.key.control.KeYEnvironment.load(KeYEnvironment.java:184)
	at de.uka.ilkd.key.control.KeYEnvironment.load(KeYEnvironment.java:261)
	at de.uka.ilkd.key.proof.runallproofs.proofcollection.TestFile.load(TestFile.java:270)
	at de.uka.ilkd.key.proof.runallproofs.proofcollection.TestFile.runKey(TestFile.java:160)
	at de.uka.ilkd.key.proof.runallproofs.proofcollection.ForkedTestFileRunner.main(ForkedTestFileRunner.java:171)
Caused by: de.uka.ilkd.key.proof.init.ProofInputException: Could not find rule file rules/intRulesCheckedSemantics.key
	at de.uka.ilkd.key.proof.io.KeYFile.readIncludes(KeYFile.java:210)
	at de.uka.ilkd.key.proof.init.ProblemInitializer.readIncludes(ProblemInitializer.java:177)
	at de.uka.ilkd.key.proof.init.ProblemInitializer.readEnvInput(ProblemInitializer.java:325)
	at de.uka.ilkd.key.proof.init.ProblemInitializer.prepare(ProblemInitializer.java:449)
	at de.uka.ilkd.key.proof.io.AbstractProblemLoader.createInitConfig(AbstractProblemLoader.java:518)
	at de.uka.ilkd.key.proof.io.AbstractProblemLoader.loadEnvironment(AbstractProblemLoader.java:288)
	at de.uka.ilkd.key.proof.io.AbstractProblemLoader.load(AbstractProblemLoader.java:252)
	at de.uka.ilkd.key.control.AbstractUserInterfaceControl.load(AbstractUserInterfaceControl.java:209)
	... 7 more
Caused by: java.lang.RuntimeException: Could not find rule file rules/intRulesCheckedSemantics.key
	at de.uka.ilkd.key.proof.io.RuleSourceFactory.fromBuiltInRule(RuleSourceFactory.java:32)
	at de.uka.ilkd.key.proof.io.RuleSourceFactory.fromDefaultLocation(RuleSourceFactory.java:21)
	at de.uka.ilkd.key.nparser.builder.IncludeFinder.addInclude(IncludeFinder.java:63)
	at de.uka.ilkd.key.nparser.builder.IncludeFinder.visitOne_include(IncludeFinder.java:43)
	at de.uka.ilkd.key.nparser.builder.IncludeFinder.visitOne_include(IncludeFinder.java:20)
	at de.uka.ilkd.key.nparser.KeYParser$One_includeContext.accept(KeYParser.java:878)
	at de.uka.ilkd.key.nparser.builder.AbstractBuilder.lambda$mapOf$0(AbstractBuilder.java:112)
	at java.base/java.util.stream.ReferencePipeline$3$1.accept(ReferencePipeline.java:195)
	at java.base/java.util.ArrayList$ArrayListSpliterator.forEachRemaining(ArrayList.java:1655)
	at java.base/java.util.stream.AbstractPipeline.copyInto(AbstractPipeline.java:484)
	at java.base/java.util.stream.AbstractPipeline.wrapAndCopyInto(AbstractPipeline.java:474)
	at java.base/java.util.stream.ReduceOps$ReduceOp.evaluateSequential(ReduceOps.java:913)
	at java.base/java.util.stream.AbstractPipeline.evaluate(AbstractPipeline.java:234)
	at java.base/java.util.stream.ReferencePipeline.collect(ReferencePipeline.java:578)
	at de.uka.ilkd.key.nparser.builder.AbstractBuilder.mapOf(AbstractBuilder.java:112)
	at de.uka.ilkd.key.nparser.builder.IncludeFinder.visitOne_include_statement(IncludeFinder.java:35)
	at de.uka.ilkd.key.nparser.builder.IncludeFinder.visitOne_include_statement(IncludeFinder.java:20)
	at de.uka.ilkd.key.nparser.KeYParser$One_include_statementContext.accept(KeYParser.java:802)
	at org.antlr.v4.runtime.tree.AbstractParseTreeVisitor.visitChildren(AbstractParseTreeVisitor.java:46)
	at de.uka.ilkd.key.nparser.KeYParserBaseVisitor.visitDecls(KeYParserBaseVisitor.java:30)
	at de.uka.ilkd.key.nparser.KeYParser$DeclsContext.accept(KeYParser.java:500)
	at org.antlr.v4.runtime.tree.AbstractParseTreeVisitor.visitChildren(AbstractParseTreeVisitor.java:46)
	at de.uka.ilkd.key.nparser.KeYParserBaseVisitor.visitFile(KeYParserBaseVisitor.java:23)
	at de.uka.ilkd.key.nparser.KeYParser$FileContext.accept(KeYParser.java:306)
	at de.uka.ilkd.key.nparser.KeyAst.accept(KeyAst.java:41)
	at de.uka.ilkd.key.nparser.KeyAst$File.getIncludes(KeyAst.java:76)
	at de.uka.ilkd.key.proof.io.KeYFile.readIncludes(KeYFile.java:208)
	... 14 more
Could not find rule file rules/intRulesCheckedSemantics.key (file: /home/runner/work/key/key/key.core/../key.ui/examples/index/.././heap/strictly_pure/strictlyPureMethod.key; caused by: de.uka.ilkd.key.proof.init.ProofInputException: Could not find rule file rules/intRulesCheckedSemantics.key)
	at de.uka.ilkd.key.control.AbstractUserInterfaceControl.load(AbstractUserInterfaceControl.java:221)
	at de.uka.ilkd.key.control.KeYEnvironment.load(KeYEnvironment.java:251)
	at de.uka.ilkd.key.control.KeYEnvironment.load(KeYEnvironment.java:224)
	at de.uka.ilkd.key.control.KeYEnvironment.load(KeYEnvironment.java:184)
	at de.uka.ilkd.key.control.KeYEnvironment.load(KeYEnvironment.java:261)
	at de.uka.ilkd.key.proof.runallproofs.proofcollection.TestFile.load(TestFile.java:270)
	at de.uka.ilkd.key.proof.runallproofs.proofcollection.TestFile.runKey(TestFile.java:160)
	at de.uka.ilkd.key.proof.runallproofs.proofcollection.ForkedTestFileRunner.main(ForkedTestFileRunner.java:171)
Caused by: de.uka.ilkd.key.proof.init.ProofInputException: Could not find rule file rules/intRulesCheckedSemantics.key
	at de.uka.ilkd.key.proof.io.KeYFile.readIncludes(KeYFile.java:210)
	at de.uka.ilkd.key.proof.init.ProblemInitializer.readIncludes(ProblemInitializer.java:177)
	at de.uka.ilkd.key.proof.init.ProblemInitializer.readEnvInput(ProblemInitializer.java:325)
	at de.uka.ilkd.key.proof.init.ProblemInitializer.prepare(ProblemInitializer.java:449)
	at de.uka.ilkd.key.proof.io.AbstractProblemLoader.createInitConfig(AbstractProblemLoader.java:518)
	at de.uka.ilkd.key.proof.io.AbstractProblemLoader.loadEnvironment(AbstractProblemLoader.java:288)
	at de.uka.ilkd.key.proof.io.AbstractProblemLoader.load(AbstractProblemLoader.java:252)
	at de.uka.ilkd.key.control.AbstractUserInterfaceControl.load(AbstractUserInterfaceControl.java:209)
	... 7 more
Caused by: java.lang.RuntimeException: Could not find rule file rules/intRulesCheckedSemantics.key
	at de.uka.ilkd.key.proof.io.RuleSourceFactory.fromBuiltInRule(RuleSourceFactory.java:32)
	at de.uka.ilkd.key.proof.io.RuleSourceFactory.fromDefaultLocation(RuleSourceFactory.java:21)
	at de.uka.ilkd.key.nparser.builder.IncludeFinder.addInclude(IncludeFinder.java:63)
	at de.uka.ilkd.key.nparser.builder.IncludeFinder.visitOne_include(IncludeFinder.java:43)
	at de.uka.ilkd.key.nparser.builder.IncludeFinder.visitOne_include(IncludeFinder.java:20)
	at de.uka.ilkd.key.nparser.KeYParser$One_includeContext.accept(KeYParser.java:878)
	at de.uka.ilkd.key.nparser.builder.AbstractBuilder.lambda$mapOf$0(AbstractBuilder.java:112)
	at java.base/java.util.stream.ReferencePipeline$3$1.accept(ReferencePipeline.java:195)
	at java.base/java.util.ArrayList$ArrayListSpliterator.forEachRemaining(ArrayList.java:1655)
	at java.base/java.util.stream.AbstractPipeline.copyInto(AbstractPipeline.java:484)
	at java.base/java.util.stream.AbstractPipeline.wrapAndCopyInto(AbstractPipeline.java:474)
	at java.base/java.util.stream.ReduceOps$ReduceOp.evaluateSequential(ReduceOps.java:913)
	at java.base/java.util.stream.AbstractPipeline.evaluate(AbstractPipeline.java:234)
	at java.base/java.util.stream.ReferencePipeline.collect(ReferencePipeline.java:578)
	at de.uka.ilkd.key.nparser.builder.AbstractBuilder.mapOf(AbstractBuilder.java:112)
	at de.uka.ilkd.key.nparser.builder.IncludeFinder.visitOne_include_statement(IncludeFinder.java:35)
	at de.uka.ilkd.key.nparser.builder.IncludeFinder.visitOne_include_statement(IncludeFinder.java:20)
	at de.uka.ilkd.key.nparser.KeYParser$One_include_statementContext.accept(KeYParser.java:802)
	at org.antlr.v4.runtime.tree.AbstractParseTreeVisitor.visitChildren(AbstractParseTreeVisitor.java:46)
	at de.uka.ilkd.key.nparser.KeYParserBaseVisitor.visitDecls(KeYParserBaseVisitor.java:30)
	at de.uka.ilkd.key.nparser.KeYParser$DeclsContext.accept(KeYParser.java:500)
	at org.antlr.v4.runtime.tree.AbstractParseTreeVisitor.visitChildren(AbstractParseTreeVisitor.java:46)
	at de.uka.ilkd.key.nparser.KeYParserBaseVisitor.visitFile(KeYParserBaseVisitor.java:23)
	at de.uka.ilkd.key.nparser.KeYParser$FileContext.accept(KeYParser.java:306)
	at de.uka.ilkd.key.nparser.KeyAst.accept(KeyAst.java:41)
	at de.uka.ilkd.key.nparser.KeyAst$File.getIncludes(KeyAst.java:76)
	at de.uka.ilkd.key.proof.io.KeYFile.readIncludes(KeYFile.java:208)
	... 14 more
Could not find rule file rules/intRulesCheckedSemantics.key (file: /home/runner/work/key/key/key.core/../key.ui/examples/index/.././heap/strictly_pure/useStrictlyPureMethod.key; caused by: de.uka.ilkd.key.proof.init.ProofInputException: Could not find rule file rules/intRulesCheckedSemantics.key)
	at de.uka.ilkd.key.control.AbstractUserInterfaceControl.load(AbstractUserInterfaceControl.java:221)
	at de.uka.ilkd.key.control.KeYEnvironment.load(KeYEnvironment.java:251)
	at de.uka.ilkd.key.control.KeYEnvironment.load(KeYEnvironment.java:224)
	at de.uka.ilkd.key.control.KeYEnvironment.load(KeYEnvironment.java:184)
	at de.uka.ilkd.key.control.KeYEnvironment.load(KeYEnvironment.java:261)
	at de.uka.ilkd.key.proof.runallproofs.proofcollection.TestFile.load(TestFile.java:270)
	at de.uka.ilkd.key.proof.runallproofs.proofcollection.TestFile.runKey(TestFile.java:160)
	at de.uka.ilkd.key.proof.runallproofs.proofcollection.ForkedTestFileRunner.main(ForkedTestFileRunner.java:171)
Caused by: de.uka.ilkd.key.proof.init.ProofInputException: Could not find rule file rules/intRulesCheckedSemantics.key
	at de.uka.ilkd.key.proof.io.KeYFile.readIncludes(KeYFile.java:210)
	at de.uka.ilkd.key.proof.init.ProblemInitializer.readIncludes(ProblemInitializer.java:177)
	at de.uka.ilkd.key.proof.init.ProblemInitializer.readEnvInput(ProblemInitializer.java:325)
	at de.uka.ilkd.key.proof.init.ProblemInitializer.prepare(ProblemInitializer.java:449)
	at de.uka.ilkd.key.proof.io.AbstractProblemLoader.createInitConfig(AbstractProblemLoader.java:518)
	at de.uka.ilkd.key.proof.io.AbstractProblemLoader.loadEnvironment(AbstractProblemLoader.java:288)
	at de.uka.ilkd.key.proof.io.AbstractProblemLoader.load(AbstractProblemLoader.java:252)
	at de.uka.ilkd.key.control.AbstractUserInterfaceControl.load(AbstractUserInterfaceControl.java:209)
	... 7 more
Caused by: java.lang.RuntimeException: Could not find rule file rules/intRulesCheckedSemantics.key
	at de.uka.ilkd.key.proof.io.RuleSourceFactory.fromBuiltInRule(RuleSourceFactory.java:32)
	at de.uka.ilkd.key.proof.io.RuleSourceFactory.fromDefaultLocation(RuleSourceFactory.java:21)
	at de.uka.ilkd.key.nparser.builder.IncludeFinder.addInclude(IncludeFinder.java:63)
	at de.uka.ilkd.key.nparser.builder.IncludeFinder.visitOne_include(IncludeFinder.java:43)
	at de.uka.ilkd.key.nparser.builder.IncludeFinder.visitOne_include(IncludeFinder.java:20)
	at de.uka.ilkd.key.nparser.KeYParser$One_includeContext.accept(KeYParser.java:878)
	at de.uka.ilkd.key.nparser.builder.AbstractBuilder.lambda$mapOf$0(AbstractBuilder.java:112)
	at java.base/java.util.stream.ReferencePipeline$3$1.accept(ReferencePipeline.java:195)
	at java.base/java.util.ArrayList$ArrayListSpliterator.forEachRemaining(ArrayList.java:1655)
	at java.base/java.util.stream.AbstractPipeline.copyInto(AbstractPipeline.java:484)
	at java.base/java.util.stream.AbstractPipeline.wrapAndCopyInto(AbstractPipeline.java:474)
	at java.base/java.util.stream.ReduceOps$ReduceOp.evaluateSequential(ReduceOps.java:913)
	at java.base/java.util.stream.AbstractPipeline.evaluate(AbstractPipeline.java:234)
	at java.base/java.util.stream.ReferencePipeline.collect(ReferencePipeline.java:578)
	at de.uka.ilkd.key.nparser.builder.AbstractBuilder.mapOf(AbstractBuilder.java:112)
	at de.uka.ilkd.key.nparser.builder.IncludeFinder.visitOne_include_statement(IncludeFinder.java:35)
	at de.uka.ilkd.key.nparser.builder.IncludeFinder.visitOne_include_statement(IncludeFinder.java:20)
	at de.uka.ilkd.key.nparser.KeYParser$One_include_statementContext.accept(KeYParser.java:802)
	at org.antlr.v4.runtime.tree.AbstractParseTreeVisitor.visitChildren(AbstractParseTreeVisitor.java:46)
	at de.uka.ilkd.key.nparser.KeYParserBaseVisitor.visitDecls(KeYParserBaseVisitor.java:30)
	at de.uka.ilkd.key.nparser.KeYParser$DeclsContext.accept(KeYParser.java:500)
	at org.antlr.v4.runtime.tree.AbstractParseTreeVisitor.visitChildren(AbstractParseTreeVisitor.java:46)
	at de.uka.ilkd.key.nparser.KeYParserBaseVisitor.visitFile(KeYParserBaseVisitor.java:23)
	at de.uka.ilkd.key.nparser.KeYParser$FileContext.accept(KeYParser.java:306)
	at de.uka.ilkd.key.nparser.KeyAst.accept(KeyAst.java:41)
	at de.uka.ilkd.key.nparser.KeyAst$File.getIncludes(KeyAst.java:76)
	at de.uka.ilkd.key.proof.io.KeYFile.readIncludes(KeYFile.java:208)
	... 14 more
Could not find rule file rules/intRulesCheckedSemantics.key (file: /home/runner/work/key/key/key.core/../key.ui/examples/index/.././heap/Wellfounded/ackermann.key; caused by: de.uka.ilkd.key.proof.init.ProofInputException: Could not find rule file rules/intRulesCheckedSemantics.key)
	at de.uka.ilkd.key.control.AbstractUserInterfaceControl.load(AbstractUserInterfaceControl.java:221)
	at de.uka.ilkd.key.control.KeYEnvironment.load(KeYEnvironment.java:251)
	at de.uka.ilkd.key.control.KeYEnvironment.load(KeYEnvironment.java:224)
	at de.uka.ilkd.key.control.KeYEnvironment.load(KeYEnvironment.java:184)
	at de.uka.ilkd.key.control.KeYEnvironment.load(KeYEnvironment.java:261)
	at de.uka.ilkd.key.proof.runallproofs.proofcollection.TestFile.load(TestFile.java:270)
	at de.uka.ilkd.key.proof.runallproofs.proofcollection.TestFile.runKey(TestFile.java:160)
	at de.uka.ilkd.key.proof.runallproofs.proofcollection.ForkedTestFileRunner.main(ForkedTestFileRunner.java:171)
Caused by: de.uka.ilkd.key.proof.init.ProofInputException: Could not find rule file rules/intRulesCheckedSemantics.key
	at de.uka.ilkd.key.proof.io.KeYFile.readIncludes(KeYFile.java:210)
	at de.uka.ilkd.key.proof.init.ProblemInitializer.readIncludes(ProblemInitializer.java:177)
	at de.uka.ilkd.key.proof.init.ProblemInitializer.readEnvInput(ProblemInitializer.java:325)
	at de.uka.ilkd.key.proof.init.ProblemInitializer.prepare(ProblemInitializer.java:449)
	at de.uka.ilkd.key.proof.io.AbstractProblemLoader.createInitConfig(AbstractProblemLoader.java:518)
	at de.uka.ilkd.key.proof.io.AbstractProblemLoader.loadEnvironment(AbstractProblemLoader.java:288)
	at de.uka.ilkd.key.proof.io.AbstractProblemLoader.load(AbstractProblemLoader.java:252)
	at de.uka.ilkd.key.control.AbstractUserInterfaceControl.load(AbstractUserInterfaceControl.java:209)
	... 7 more
Caused by: java.lang.RuntimeException: Could not find rule file rules/intRulesCheckedSemantics.key
	at de.uka.ilkd.key.proof.io.RuleSourceFactory.fromBuiltInRule(RuleSourceFactory.java:32)
	at de.uka.ilkd.key.proof.io.RuleSourceFactory.fromDefaultLocation(RuleSourceFactory.java:21)
	at de.uka.ilkd.key.nparser.builder.IncludeFinder.addInclude(IncludeFinder.java:63)
	at de.uka.ilkd.key.nparser.builder.IncludeFinder.visitOne_include(IncludeFinder.java:43)
	at de.uka.ilkd.key.nparser.builder.IncludeFinder.visitOne_include(IncludeFinder.java:20)
	at de.uka.ilkd.key.nparser.KeYParser$One_includeContext.accept(KeYParser.java:878)
	at de.uka.ilkd.key.nparser.builder.AbstractBuilder.lambda$mapOf$0(AbstractBuilder.java:112)
	at java.base/java.util.stream.ReferencePipeline$3$1.accept(ReferencePipeline.java:195)
	at java.base/java.util.ArrayList$ArrayListSpliterator.forEachRemaining(ArrayList.java:1655)
	at java.base/java.util.stream.AbstractPipeline.copyInto(AbstractPipeline.java:484)
	at java.base/java.util.stream.AbstractPipeline.wrapAndCopyInto(AbstractPipeline.java:474)
	at java.base/java.util.stream.ReduceOps$ReduceOp.evaluateSequential(ReduceOps.java:913)
	at java.base/java.util.stream.AbstractPipeline.evaluate(AbstractPipeline.java:234)
	at java.base/java.util.stream.ReferencePipeline.collect(ReferencePipeline.java:578)
	at de.uka.ilkd.key.nparser.builder.AbstractBuilder.mapOf(AbstractBuilder.java:112)
	at de.uka.ilkd.key.nparser.builder.IncludeFinder.visitOne_include_statement(IncludeFinder.java:35)
	at de.uka.ilkd.key.nparser.builder.IncludeFinder.visitOne_include_statement(IncludeFinder.java:20)
	at de.uka.ilkd.key.nparser.KeYParser$One_include_statementContext.accept(KeYParser.java:802)
	at org.antlr.v4.runtime.tree.AbstractParseTreeVisitor.visitChildren(AbstractParseTreeVisitor.java:46)
	at de.uka.ilkd.key.nparser.KeYParserBaseVisitor.visitDecls(KeYParserBaseVisitor.java:30)
	at de.uka.ilkd.key.nparser.KeYParser$DeclsContext.accept(KeYParser.java:500)
	at org.antlr.v4.runtime.tree.AbstractParseTreeVisitor.visitChildren(AbstractParseTreeVisitor.java:46)
	at de.uka.ilkd.key.nparser.KeYParserBaseVisitor.visitFile(KeYParserBaseVisitor.java:23)
	at de.uka.ilkd.key.nparser.KeYParser$FileContext.accept(KeYParser.java:306)
	at de.uka.ilkd.key.nparser.KeyAst.accept(KeyAst.java:41)
	at de.uka.ilkd.key.nparser.KeyAst$File.getIncludes(KeyAst.java:76)
	at de.uka.ilkd.key.proof.io.KeYFile.readIncludes(KeYFile.java:208)
	... 14 more
Could not find rule file rules/intRulesCheckedSemantics.key (file: /home/runner/work/key/key/key.core/../key.ui/examples/index/.././standard_key/unicode_test.key; caused by: de.uka.ilkd.key.proof.init.ProofInputException: Could not find rule file rules/intRulesCheckedSemantics.key)
	at de.uka.ilkd.key.control.AbstractUserInterfaceControl.load(AbstractUserInterfaceControl.java:221)
	at de.uka.ilkd.key.control.KeYEnvironment.load(KeYEnvironment.java:251)
	at de.uka.ilkd.key.control.KeYEnvironment.load(KeYEnvironment.java:224)
	at de.uka.ilkd.key.control.KeYEnvironment.load(KeYEnvironment.java:184)
	at de.uka.ilkd.key.control.KeYEnvironment.load(KeYEnvironment.java:261)
	at de.uka.ilkd.key.proof.runallproofs.proofcollection.TestFile.load(TestFile.java:270)
	at de.uka.ilkd.key.proof.runallproofs.proofcollection.TestFile.runKey(TestFile.java:160)
	at de.uka.ilkd.key.proof.runallproofs.proofcollection.ForkedTestFileRunner.main(ForkedTestFileRunner.java:171)
Caused by: de.uka.ilkd.key.proof.init.ProofInputException: Could not find rule file rules/intRulesCheckedSemantics.key
	at de.uka.ilkd.key.proof.io.KeYFile.readIncludes(KeYFile.java:210)
	at de.uka.ilkd.key.proof.init.ProblemInitializer.readIncludes(ProblemInitializer.java:177)
	at de.uka.ilkd.key.proof.init.ProblemInitializer.readEnvInput(ProblemInitializer.java:325)
	at de.uka.ilkd.key.proof.init.ProblemInitializer.prepare(ProblemInitializer.java:449)
	at de.uka.ilkd.key.proof.io.AbstractProblemLoader.createInitConfig(AbstractProblemLoader.java:518)
	at de.uka.ilkd.key.proof.io.AbstractProblemLoader.loadEnvironment(AbstractProblemLoader.java:288)
	at de.uka.ilkd.key.proof.io.AbstractProblemLoader.load(AbstractProblemLoader.java:252)
	at de.uka.ilkd.key.control.AbstractUserInterfaceControl.load(AbstractUserInterfaceControl.java:209)
	... 7 more
Caused by: java.lang.RuntimeException: Could not find rule file rules/intRulesCheckedSemantics.key
	at de.uka.ilkd.key.proof.io.RuleSourceFactory.fromBuiltInRule(RuleSourceFactory.java:32)
	at de.uka.ilkd.key.proof.io.RuleSourceFactory.fromDefaultLocation(RuleSourceFactory.java:21)
	at de.uka.ilkd.key.nparser.builder.IncludeFinder.addInclude(IncludeFinder.java:63)
	at de.uka.ilkd.key.nparser.builder.IncludeFinder.visitOne_include(IncludeFinder.java:43)
	at de.uka.ilkd.key.nparser.builder.IncludeFinder.visitOne_include(IncludeFinder.java:20)
	at de.uka.ilkd.key.nparser.KeYParser$One_includeContext.accept(KeYParser.java:878)
	at de.uka.ilkd.key.nparser.builder.AbstractBuilder.lambda$mapOf$0(AbstractBuilder.java:112)
	at java.base/java.util.stream.ReferencePipeline$3$1.accept(ReferencePipeline.java:195)
	at java.base/java.util.ArrayList$ArrayListSpliterator.forEachRemaining(ArrayList.java:1655)
	at java.base/java.util.stream.AbstractPipeline.copyInto(AbstractPipeline.java:484)
	at java.base/java.util.stream.AbstractPipeline.wrapAndCopyInto(AbstractPipeline.java:474)
	at java.base/java.util.stream.ReduceOps$ReduceOp.evaluateSequential(ReduceOps.java:913)
	at java.base/java.util.stream.AbstractPipeline.evaluate(AbstractPipeline.java:234)
	at java.base/java.util.stream.ReferencePipeline.collect(ReferencePipeline.java:578)
	at de.uka.ilkd.key.nparser.builder.AbstractBuilder.mapOf(AbstractBuilder.java:112)
	at de.uka.ilkd.key.nparser.builder.IncludeFinder.visitOne_include_statement(IncludeFinder.java:35)
	at de.uka.ilkd.key.nparser.builder.IncludeFinder.visitOne_include_statement(IncludeFinder.java:20)
	at de.uka.ilkd.key.nparser.KeYParser$One_include_statementContext.accept(KeYParser.java:802)
	at org.antlr.v4.runtime.tree.AbstractParseTreeVisitor.visitChildren(AbstractParseTreeVisitor.java:46)
	at de.uka.ilkd.key.nparser.KeYParserBaseVisitor.visitDecls(KeYParserBaseVisitor.java:30)
	at de.uka.ilkd.key.nparser.KeYParser$DeclsContext.accept(KeYParser.java:500)
	at org.antlr.v4.runtime.tree.AbstractParseTreeVisitor.visitChildren(AbstractParseTreeVisitor.java:46)
	at de.uka.ilkd.key.nparser.KeYParserBaseVisitor.visitFile(KeYParserBaseVisitor.java:23)
	at de.uka.ilkd.key.nparser.KeYParser$FileContext.accept(KeYParser.java:306)
	at de.uka.ilkd.key.nparser.KeyAst.accept(KeyAst.java:41)
	at de.uka.ilkd.key.nparser.KeyAst$File.getIncludes(KeyAst.java:76)
	at de.uka.ilkd.key.proof.io.KeYFile.readIncludes(KeYFile.java:208)
	... 14 more
Could not find rule file rules/intRulesCheckedSemantics.key (file: /home/runner/work/key/key/key.core/../key.ui/examples/index/.././heap/strictlyModular/mayExpand.key; caused by: de.uka.ilkd.key.proof.init.ProofInputException: Could not find rule file rules/intRulesCheckedSemantics.key)
	at de.uka.ilkd.key.control.AbstractUserInterfaceControl.load(AbstractUserInterfaceControl.java:221)
	at de.uka.ilkd.key.control.KeYEnvironment.load(KeYEnvironment.java:251)
	at de.uka.ilkd.key.control.KeYEnvironment.load(KeYEnvironment.java:224)
	at de.uka.ilkd.key.control.KeYEnvironment.load(KeYEnvironment.java:184)
	at de.uka.ilkd.key.control.KeYEnvironment.load(KeYEnvironment.java:261)
	at de.uka.ilkd.key.proof.runallproofs.proofcollection.TestFile.load(TestFile.java:270)
	at de.uka.ilkd.key.proof.runallproofs.proofcollection.TestFile.runKey(TestFile.java:160)
	at de.uka.ilkd.key.proof.runallproofs.proofcollection.ForkedTestFileRunner.main(ForkedTestFileRunner.java:171)
Caused by: de.uka.ilkd.key.proof.init.ProofInputException: Could not find rule file rules/intRulesCheckedSemantics.key
	at de.uka.ilkd.key.proof.io.KeYFile.readIncludes(KeYFile.java:210)
	at de.uka.ilkd.key.proof.init.ProblemInitializer.readIncludes(ProblemInitializer.java:177)
	at de.uka.ilkd.key.proof.init.ProblemInitializer.readEnvInput(ProblemInitializer.java:325)
	at de.uka.ilkd.key.proof.init.ProblemInitializer.prepare(ProblemInitializer.java:449)
	at de.uka.ilkd.key.proof.io.AbstractProblemLoader.createInitConfig(AbstractProblemLoader.java:518)
	at de.uka.ilkd.key.proof.io.AbstractProblemLoader.loadEnvironment(AbstractProblemLoader.java:288)
	at de.uka.ilkd.key.proof.io.AbstractProblemLoader.load(AbstractProblemLoader.java:252)
	at de.uka.ilkd.key.control.AbstractUserInterfaceControl.load(AbstractUserInterfaceControl.java:209)
	... 7 more
Caused by: java.lang.RuntimeException: Could not find rule file rules/intRulesCheckedSemantics.key
	at de.uka.ilkd.key.proof.io.RuleSourceFactory.fromBuiltInRule(RuleSourceFactory.java:32)
	at de.uka.ilkd.key.proof.io.RuleSourceFactory.fromDefaultLocation(RuleSourceFactory.java:21)
	at de.uka.ilkd.key.nparser.builder.IncludeFinder.addInclude(IncludeFinder.java:63)
	at de.uka.ilkd.key.nparser.builder.IncludeFinder.visitOne_include(IncludeFinder.java:43)
	at de.uka.ilkd.key.nparser.builder.IncludeFinder.visitOne_include(IncludeFinder.java:20)
	at de.uka.ilkd.key.nparser.KeYParser$One_includeContext.accept(KeYParser.java:878)
	at de.uka.ilkd.key.nparser.builder.AbstractBuilder.lambda$mapOf$0(AbstractBuilder.java:112)
	at java.base/java.util.stream.ReferencePipeline$3$1.accept(ReferencePipeline.java:195)
	at java.base/java.util.ArrayList$ArrayListSpliterator.forEachRemaining(ArrayList.java:1655)
	at java.base/java.util.stream.AbstractPipeline.copyInto(AbstractPipeline.java:484)
	at java.base/java.util.stream.AbstractPipeline.wrapAndCopyInto(AbstractPipeline.java:474)
	at java.base/java.util.stream.ReduceOps$ReduceOp.evaluateSequential(ReduceOps.java:913)
	at java.base/java.util.stream.AbstractPipeline.evaluate(AbstractPipeline.java:234)
	at java.base/java.util.stream.ReferencePipeline.collect(ReferencePipeline.java:578)
	at de.uka.ilkd.key.nparser.builder.AbstractBuilder.mapOf(AbstractBuilder.java:112)
	at de.uka.ilkd.key.nparser.builder.IncludeFinder.visitOne_include_statement(IncludeFinder.java:35)
	at de.uka.ilkd.key.nparser.builder.IncludeFinder.visitOne_include_statement(IncludeFinder.java:20)
	at de.uka.ilkd.key.nparser.KeYParser$One_include_statementContext.accept(KeYParser.java:802)
	at org.antlr.v4.runtime.tree.AbstractParseTreeVisitor.visitChildren(AbstractParseTreeVisitor.java:46)
	at de.uka.ilkd.key.nparser.KeYParserBaseVisitor.visitDecls(KeYParserBaseVisitor.java:30)
	at de.uka.ilkd.key.nparser.KeYParser$DeclsContext.accept(KeYParser.java:500)
	at org.antlr.v4.runtime.tree.AbstractParseTreeVisitor.visitChildren(AbstractParseTreeVisitor.java:46)
	at de.uka.ilkd.key.nparser.KeYParserBaseVisitor.visitFile(KeYParserBaseVisitor.java:23)
	at de.uka.ilkd.key.nparser.KeYParser$FileContext.accept(KeYParser.java:306)
	at de.uka.ilkd.key.nparser.KeyAst.accept(KeyAst.java:41)
	at de.uka.ilkd.key.nparser.KeyAst$File.getIncludes(KeyAst.java:76)
	at de.uka.ilkd.key.proof.io.KeYFile.readIncludes(KeYFile.java:208)
	... 14 more
Could not find rule file rules/intRulesCheckedSemantics.key (file: /home/runner/work/key/key/key.core/../key.ui/examples/index/.././heap/strictlyModular/modularOnly.key; caused by: de.uka.ilkd.key.proof.init.ProofInputException: Could not find rule file rules/intRulesCheckedSemantics.key)
	at de.uka.ilkd.key.control.AbstractUserInterfaceControl.load(AbstractUserInterfaceControl.java:221)
	at de.uka.ilkd.key.control.KeYEnvironment.load(KeYEnvironment.java:251)
	at de.uka.ilkd.key.control.KeYEnvironment.load(KeYEnvironment.java:224)
	at de.uka.ilkd.key.control.KeYEnvironment.load(KeYEnvironment.java:184)
	at de.uka.ilkd.key.control.KeYEnvironment.load(KeYEnvironment.java:261)
	at de.uka.ilkd.key.proof.runallproofs.proofcollection.TestFile.load(TestFile.java:270)
	at de.uka.ilkd.key.proof.runallproofs.proofcollection.TestFile.runKey(TestFile.java:160)
	at de.uka.ilkd.key.proof.runallproofs.proofcollection.ForkedTestFileRunner.main(ForkedTestFileRunner.java:171)
Caused by: de.uka.ilkd.key.proof.init.ProofInputException: Could not find rule file rules/intRulesCheckedSemantics.key
	at de.uka.ilkd.key.proof.io.KeYFile.readIncludes(KeYFile.java:210)
	at de.uka.ilkd.key.proof.init.ProblemInitializer.readIncludes(ProblemInitializer.java:177)
	at de.uka.ilkd.key.proof.init.ProblemInitializer.readEnvInput(ProblemInitializer.java:325)
	at de.uka.ilkd.key.proof.init.ProblemInitializer.prepare(ProblemInitializer.java:449)
	at de.uka.ilkd.key.proof.io.AbstractProblemLoader.createInitConfig(AbstractProblemLoader.java:518)
	at de.uka.ilkd.key.proof.io.AbstractProblemLoader.loadEnvironment(AbstractProblemLoader.java:288)
	at de.uka.ilkd.key.proof.io.AbstractProblemLoader.load(AbstractProblemLoader.java:252)
	at de.uka.ilkd.key.control.AbstractUserInterfaceControl.load(AbstractUserInterfaceControl.java:209)
	... 7 more
Caused by: java.lang.RuntimeException: Could not find rule file rules/intRulesCheckedSemantics.key
	at de.uka.ilkd.key.proof.io.RuleSourceFactory.fromBuiltInRule(RuleSourceFactory.java:32)
	at de.uka.ilkd.key.proof.io.RuleSourceFactory.fromDefaultLocation(RuleSourceFactory.java:21)
	at de.uka.ilkd.key.nparser.builder.IncludeFinder.addInclude(IncludeFinder.java:63)
	at de.uka.ilkd.key.nparser.builder.IncludeFinder.visitOne_include(IncludeFinder.java:43)
	at de.uka.ilkd.key.nparser.builder.IncludeFinder.visitOne_include(IncludeFinder.java:20)
	at de.uka.ilkd.key.nparser.KeYParser$One_includeContext.accept(KeYParser.java:878)
	at de.uka.ilkd.key.nparser.builder.AbstractBuilder.lambda$mapOf$0(AbstractBuilder.java:112)
	at java.base/java.util.stream.ReferencePipeline$3$1.accept(ReferencePipeline.java:195)
	at java.base/java.util.ArrayList$ArrayListSpliterator.forEachRemaining(ArrayList.java:1655)
	at java.base/java.util.stream.AbstractPipeline.copyInto(AbstractPipeline.java:484)
	at java.base/java.util.stream.AbstractPipeline.wrapAndCopyInto(AbstractPipeline.java:474)
	at java.base/java.util.stream.ReduceOps$ReduceOp.evaluateSequential(ReduceOps.java:913)
	at java.base/java.util.stream.AbstractPipeline.evaluate(AbstractPipeline.java:234)
	at java.base/java.util.stream.ReferencePipeline.collect(ReferencePipeline.java:578)
	at de.uka.ilkd.key.nparser.builder.AbstractBuilder.mapOf(AbstractBuilder.java:112)
	at de.uka.ilkd.key.nparser.builder.IncludeFinder.visitOne_include_statement(IncludeFinder.java:35)
	at de.uka.ilkd.key.nparser.builder.IncludeFinder.visitOne_include_statement(IncludeFinder.java:20)
	at de.uka.ilkd.key.nparser.KeYParser$One_include_statementContext.accept(KeYParser.java:802)
	at org.antlr.v4.runtime.tree.AbstractParseTreeVisitor.visitChildren(AbstractParseTreeVisitor.java:46)
	at de.uka.ilkd.key.nparser.KeYParserBaseVisitor.visitDecls(KeYParserBaseVisitor.java:30)
	at de.uka.ilkd.key.nparser.KeYParser$DeclsContext.accept(KeYParser.java:500)
	at org.antlr.v4.runtime.tree.AbstractParseTreeVisitor.visitChildren(AbstractParseTreeVisitor.java:46)
	at de.uka.ilkd.key.nparser.KeYParserBaseVisitor.visitFile(KeYParserBaseVisitor.java:23)
	at de.uka.ilkd.key.nparser.KeYParser$FileContext.accept(KeYParser.java:306)
	at de.uka.ilkd.key.nparser.KeyAst.accept(KeyAst.java:41)
	at de.uka.ilkd.key.nparser.KeyAst$File.getIncludes(KeyAst.java:76)
	at de.uka.ilkd.key.proof.io.KeYFile.readIncludes(KeYFile.java:208)
	... 14 more
Exception in thread "main" org.opentest4j.AssertionFailedError: Exception during the execution of proofs. See log for more details.
	at org.junit.jupiter.api.AssertionUtils.fail(AssertionUtils.java:39)
	at org.junit.jupiter.api.Assertions.fail(Assertions.java:134)
	at de.uka.ilkd.key.proof.runallproofs.proofcollection.ForkedTestFileRunner.main(ForkedTestFileRunner.java:192)
Timeout watcher launched (2000 secs.)
Could not find rule file rules/intRulesCheckedSemantics.key (file: /home/runner/work/key/key/key.core/../key.ui/examples/index/.././heap/SmansEtAl/ArrayList_add.key; caused by: de.uka.ilkd.key.proof.init.ProofInputException: Could not find rule file rules/intRulesCheckedSemantics.key)
	at de.uka.ilkd.key.control.AbstractUserInterfaceControl.load(AbstractUserInterfaceControl.java:221)
	at de.uka.ilkd.key.control.KeYEnvironment.load(KeYEnvironment.java:251)
	at de.uka.ilkd.key.control.KeYEnvironment.load(KeYEnvironment.java:224)
	at de.uka.ilkd.key.control.KeYEnvironment.load(KeYEnvironment.java:184)
	at de.uka.ilkd.key.control.KeYEnvironment.load(KeYEnvironment.java:261)
	at de.uka.ilkd.key.proof.runallproofs.proofcollection.TestFile.load(TestFile.java:270)
	at de.uka.ilkd.key.proof.runallproofs.proofcollection.TestFile.runKey(TestFile.java:160)
	at de.uka.ilkd.key.proof.runallproofs.proofcollection.ForkedTestFileRunner.main(ForkedTestFileRunner.java:171)
Caused by: de.uka.ilkd.key.proof.init.ProofInputException: Could not find rule file rules/intRulesCheckedSemantics.key
	at de.uka.ilkd.key.proof.io.KeYFile.readIncludes(KeYFile.java:210)
	at de.uka.ilkd.key.proof.init.ProblemInitializer.readIncludes(ProblemInitializer.java:177)
	at de.uka.ilkd.key.proof.init.ProblemInitializer.readEnvInput(ProblemInitializer.java:325)
	at de.uka.ilkd.key.proof.init.ProblemInitializer.prepare(ProblemInitializer.java:449)
	at de.uka.ilkd.key.proof.io.AbstractProblemLoader.createInitConfig(AbstractProblemLoader.java:518)
	at de.uka.ilkd.key.proof.io.AbstractProblemLoader.loadEnvironment(AbstractProblemLoader.java:288)
	at de.uka.ilkd.key.proof.io.AbstractProblemLoader.load(AbstractProblemLoader.java:252)
	at de.uka.ilkd.key.control.AbstractUserInterfaceControl.load(AbstractUserInterfaceControl.java:209)
	... 7 more
Caused by: java.lang.RuntimeException: Could not find rule file rules/intRulesCheckedSemantics.key
	at de.uka.ilkd.key.proof.io.RuleSourceFactory.fromBuiltInRule(RuleSourceFactory.java:32)
	at de.uka.ilkd.key.proof.io.RuleSourceFactory.fromDefaultLocation(RuleSourceFactory.java:21)
	at de.uka.ilkd.key.nparser.builder.IncludeFinder.addInclude(IncludeFinder.java:63)
	at de.uka.ilkd.key.nparser.builder.IncludeFinder.visitOne_include(IncludeFinder.java:43)
	at de.uka.ilkd.key.nparser.builder.IncludeFinder.visitOne_include(IncludeFinder.java:20)
	at de.uka.ilkd.key.nparser.KeYParser$One_includeContext.accept(KeYParser.java:878)
	at de.uka.ilkd.key.nparser.builder.AbstractBuilder.lambda$mapOf$0(AbstractBuilder.java:112)
	at java.base/java.util.stream.ReferencePipeline$3$1.accept(ReferencePipeline.java:195)
	at java.base/java.util.ArrayList$ArrayListSpliterator.forEachRemaining(ArrayList.java:1655)
	at java.base/java.util.stream.AbstractPipeline.copyInto(AbstractPipeline.java:484)
	at java.base/java.util.stream.AbstractPipeline.wrapAndCopyInto(AbstractPipeline.java:474)
	at java.base/java.util.stream.ReduceOps$ReduceOp.evaluateSequential(ReduceOps.java:913)
	at java.base/java.util.stream.AbstractPipeline.evaluate(AbstractPipeline.java:234)
	at java.base/java.util.stream.ReferencePipeline.collect(ReferencePipeline.java:578)
	at de.uka.ilkd.key.nparser.builder.AbstractBuilder.mapOf(AbstractBuilder.java:112)
	at de.uka.ilkd.key.nparser.builder.IncludeFinder.visitOne_include_statement(IncludeFinder.java:35)
	at de.uka.ilkd.key.nparser.builder.IncludeFinder.visitOne_include_statement(IncludeFinder.java:20)
	at de.uka.ilkd.key.nparser.KeYParser$One_include_statementContext.accept(KeYParser.java:802)
	at org.antlr.v4.runtime.tree.AbstractParseTreeVisitor.visitChildren(AbstractParseTreeVisitor.java:46)
	at de.uka.ilkd.key.nparser.KeYParserBaseVisitor.visitDecls(KeYParserBaseVisitor.java:30)
	at de.uka.ilkd.key.nparser.KeYParser$DeclsContext.accept(KeYParser.java:500)
	at org.antlr.v4.runtime.tree.AbstractParseTreeVisitor.visitChildren(AbstractParseTreeVisitor.java:46)
	at de.uka.ilkd.key.nparser.KeYParserBaseVisitor.visitFile(KeYParserBaseVisitor.java:23)
	at de.uka.ilkd.key.nparser.KeYParser$FileContext.accept(KeYParser.java:306)
	at de.uka.ilkd.key.nparser.KeyAst.accept(KeyAst.java:41)
	at de.uka.ilkd.key.nparser.KeyAst$File.getIncludes(KeyAst.java:76)
	at de.uka.ilkd.key.proof.io.KeYFile.readIncludes(KeYFile.java:208)
	... 14 more
Could not find rule file rules/intRulesCheckedSemantics.key (file: /home/runner/work/key/key/key.core/../key.ui/examples/index/.././heap/SmansEtAl/ArrayList_ArrayList.key; caused by: de.uka.ilkd.key.proof.init.ProofInputException: Could not find rule file rules/intRulesCheckedSemantics.key)
	at de.uka.ilkd.key.control.AbstractUserInterfaceControl.load(AbstractUserInterfaceControl.java:221)
	at de.uka.ilkd.key.control.KeYEnvironment.load(KeYEnvironment.java:251)
	at de.uka.ilkd.key.control.KeYEnvironment.load(KeYEnvironment.java:224)
	at de.uka.ilkd.key.control.KeYEnvironment.load(KeYEnvironment.java:184)
	at de.uka.ilkd.key.control.KeYEnvironment.load(KeYEnvironment.java:261)
	at de.uka.ilkd.key.proof.runallproofs.proofcollection.TestFile.load(TestFile.java:270)
	at de.uka.ilkd.key.proof.runallproofs.proofcollection.TestFile.runKey(TestFile.java:160)
	at de.uka.ilkd.key.proof.runallproofs.proofcollection.ForkedTestFileRunner.main(ForkedTestFileRunner.java:171)
Caused by: de.uka.ilkd.key.proof.init.ProofInputException: Could not find rule file rules/intRulesCheckedSemantics.key
	at de.uka.ilkd.key.proof.io.KeYFile.readIncludes(KeYFile.java:210)
	at de.uka.ilkd.key.proof.init.ProblemInitializer.readIncludes(ProblemInitializer.java:177)
	at de.uka.ilkd.key.proof.init.ProblemInitializer.readEnvInput(ProblemInitializer.java:325)
	at de.uka.ilkd.key.proof.init.ProblemInitializer.prepare(ProblemInitializer.java:449)
	at de.uka.ilkd.key.proof.io.AbstractProblemLoader.createInitConfig(AbstractProblemLoader.java:518)
	at de.uka.ilkd.key.proof.io.AbstractProblemLoader.loadEnvironment(AbstractProblemLoader.java:288)
	at de.uka.ilkd.key.proof.io.AbstractProblemLoader.load(AbstractProblemLoader.java:252)
	at de.uka.ilkd.key.control.AbstractUserInterfaceControl.load(AbstractUserInterfaceControl.java:209)
	... 7 more
Caused by: java.lang.RuntimeException: Could not find rule file rules/intRulesCheckedSemantics.key
	at de.uka.ilkd.key.proof.io.RuleSourceFactory.fromBuiltInRule(RuleSourceFactory.java:32)
	at de.uka.ilkd.key.proof.io.RuleSourceFactory.fromDefaultLocation(RuleSourceFactory.java:21)
	at de.uka.ilkd.key.nparser.builder.IncludeFinder.addInclude(IncludeFinder.java:63)
	at de.uka.ilkd.key.nparser.builder.IncludeFinder.visitOne_include(IncludeFinder.java:43)
	at de.uka.ilkd.key.nparser.builder.IncludeFinder.visitOne_include(IncludeFinder.java:20)
	at de.uka.ilkd.key.nparser.KeYParser$One_includeContext.accept(KeYParser.java:878)
	at de.uka.ilkd.key.nparser.builder.AbstractBuilder.lambda$mapOf$0(AbstractBuilder.java:112)
	at java.base/java.util.stream.ReferencePipeline$3$1.accept(ReferencePipeline.java:195)
	at java.base/java.util.ArrayList$ArrayListSpliterator.forEachRemaining(ArrayList.java:1655)
	at java.base/java.util.stream.AbstractPipeline.copyInto(AbstractPipeline.java:484)
	at java.base/java.util.stream.AbstractPipeline.wrapAndCopyInto(AbstractPipeline.java:474)
	at java.base/java.util.stream.ReduceOps$ReduceOp.evaluateSequential(ReduceOps.java:913)
	at java.base/java.util.stream.AbstractPipeline.evaluate(AbstractPipeline.java:234)
	at java.base/java.util.stream.ReferencePipeline.collect(ReferencePipeline.java:578)
	at de.uka.ilkd.key.nparser.builder.AbstractBuilder.mapOf(AbstractBuilder.java:112)
	at de.uka.ilkd.key.nparser.builder.IncludeFinder.visitOne_include_statement(IncludeFinder.java:35)
	at de.uka.ilkd.key.nparser.builder.IncludeFinder.visitOne_include_statement(IncludeFinder.java:20)
	at de.uka.ilkd.key.nparser.KeYParser$One_include_statementContext.accept(KeYParser.java:802)
	at org.antlr.v4.runtime.tree.AbstractParseTreeVisitor.visitChildren(AbstractParseTreeVisitor.java:46)
	at de.uka.ilkd.key.nparser.KeYParserBaseVisitor.visitDecls(KeYParserBaseVisitor.java:30)
	at de.uka.ilkd.key.nparser.KeYParser$DeclsContext.accept(KeYParser.java:500)
	at org.antlr.v4.runtime.tree.AbstractParseTreeVisitor.visitChildren(AbstractParseTreeVisitor.java:46)
	at de.uka.ilkd.key.nparser.KeYParserBaseVisitor.visitFile(KeYParserBaseVisitor.java:23)
	at de.uka.ilkd.key.nparser.KeYParser$FileContext.accept(KeYParser.java:306)
	at de.uka.ilkd.key.nparser.KeyAst.accept(KeyAst.java:41)
	at de.uka.ilkd.key.nparser.KeyAst$File.getIncludes(KeyAst.java:76)
	at de.uka.ilkd.key.proof.io.KeYFile.readIncludes(KeYFile.java:208)
	... 14 more
Could not find rule file rules/intRulesCheckedSemantics.key (file: /home/runner/work/key/key/key.core/../key.ui/examples/index/.././heap/SmansEtAl/ArrayList_footprint.key; caused by: de.uka.ilkd.key.proof.init.ProofInputException: Could not find rule file rules/intRulesCheckedSemantics.key)
	at de.uka.ilkd.key.control.AbstractUserInterfaceControl.load(AbstractUserInterfaceControl.java:221)
	at de.uka.ilkd.key.control.KeYEnvironment.load(KeYEnvironment.java:251)
	at de.uka.ilkd.key.control.KeYEnvironment.load(KeYEnvironment.java:224)
	at de.uka.ilkd.key.control.KeYEnvironment.load(KeYEnvironment.java:184)
	at de.uka.ilkd.key.control.KeYEnvironment.load(KeYEnvironment.java:261)
	at de.uka.ilkd.key.proof.runallproofs.proofcollection.TestFile.load(TestFile.java:270)
	at de.uka.ilkd.key.proof.runallproofs.proofcollection.TestFile.runKey(TestFile.java:160)
	at de.uka.ilkd.key.proof.runallproofs.proofcollection.ForkedTestFileRunner.main(ForkedTestFileRunner.java:171)
Caused by: de.uka.ilkd.key.proof.init.ProofInputException: Could not find rule file rules/intRulesCheckedSemantics.key
	at de.uka.ilkd.key.proof.io.KeYFile.readIncludes(KeYFile.java:210)
	at de.uka.ilkd.key.proof.init.ProblemInitializer.readIncludes(ProblemInitializer.java:177)
	at de.uka.ilkd.key.proof.init.ProblemInitializer.readEnvInput(ProblemInitializer.java:325)
	at de.uka.ilkd.key.proof.init.ProblemInitializer.prepare(ProblemInitializer.java:449)
	at de.uka.ilkd.key.proof.io.AbstractProblemLoader.createInitConfig(AbstractProblemLoader.java:518)
	at de.uka.ilkd.key.proof.io.AbstractProblemLoader.loadEnvironment(AbstractProblemLoader.java:288)
	at de.uka.ilkd.key.proof.io.AbstractProblemLoader.load(AbstractProblemLoader.java:252)
	at de.uka.ilkd.key.control.AbstractUserInterfaceControl.load(AbstractUserInterfaceControl.java:209)
	... 7 more
Caused by: java.lang.RuntimeException: Could not find rule file rules/intRulesCheckedSemantics.key
	at de.uka.ilkd.key.proof.io.RuleSourceFactory.fromBuiltInRule(RuleSourceFactory.java:32)
	at de.uka.ilkd.key.proof.io.RuleSourceFactory.fromDefaultLocation(RuleSourceFactory.java:21)
	at de.uka.ilkd.key.nparser.builder.IncludeFinder.addInclude(IncludeFinder.java:63)
	at de.uka.ilkd.key.nparser.builder.IncludeFinder.visitOne_include(IncludeFinder.java:43)
	at de.uka.ilkd.key.nparser.builder.IncludeFinder.visitOne_include(IncludeFinder.java:20)
	at de.uka.ilkd.key.nparser.KeYParser$One_includeContext.accept(KeYParser.java:878)
	at de.uka.ilkd.key.nparser.builder.AbstractBuilder.lambda$mapOf$0(AbstractBuilder.java:112)
	at java.base/java.util.stream.ReferencePipeline$3$1.accept(ReferencePipeline.java:195)
	at java.base/java.util.ArrayList$ArrayListSpliterator.forEachRemaining(ArrayList.java:1655)
	at java.base/java.util.stream.AbstractPipeline.copyInto(AbstractPipeline.java:484)
	at java.base/java.util.stream.AbstractPipeline.wrapAndCopyInto(AbstractPipeline.java:474)
	at java.base/java.util.stream.ReduceOps$ReduceOp.evaluateSequential(ReduceOps.java:913)
	at java.base/java.util.stream.AbstractPipeline.evaluate(AbstractPipeline.java:234)
	at java.base/java.util.stream.ReferencePipeline.collect(ReferencePipeline.java:578)
	at de.uka.ilkd.key.nparser.builder.AbstractBuilder.mapOf(AbstractBuilder.java:112)
	at de.uka.ilkd.key.nparser.builder.IncludeFinder.visitOne_include_statement(IncludeFinder.java:35)
	at de.uka.ilkd.key.nparser.builder.IncludeFinder.visitOne_include_statement(IncludeFinder.java:20)
	at de.uka.ilkd.key.nparser.KeYParser$One_include_statementContext.accept(KeYParser.java:802)
	at org.antlr.v4.runtime.tree.AbstractParseTreeVisitor.visitChildren(AbstractParseTreeVisitor.java:46)
	at de.uka.ilkd.key.nparser.KeYParserBaseVisitor.visitDecls(KeYParserBaseVisitor.java:30)
	at de.uka.ilkd.key.nparser.KeYParser$DeclsContext.accept(KeYParser.java:500)
	at org.antlr.v4.runtime.tree.AbstractParseTreeVisitor.visitChildren(AbstractParseTreeVisitor.java:46)
	at de.uka.ilkd.key.nparser.KeYParserBaseVisitor.visitFile(KeYParserBaseVisitor.java:23)
	at de.uka.ilkd.key.nparser.KeYParser$FileContext.accept(KeYParser.java:306)
	at de.uka.ilkd.key.nparser.KeyAst.accept(KeyAst.java:41)
	at de.uka.ilkd.key.nparser.KeyAst$File.getIncludes(KeyAst.java:76)
	at de.uka.ilkd.key.proof.io.KeYFile.readIncludes(KeYFile.java:208)
	... 14 more
Could not find rule file rules/intRulesCheckedSemantics.key (file: /home/runner/work/key/key/key.core/../key.ui/examples/index/.././heap/SmansEtAl/ArrayList_get_dep.key; caused by: de.uka.ilkd.key.proof.init.ProofInputException: Could not find rule file rules/intRulesCheckedSemantics.key)
	at de.uka.ilkd.key.control.AbstractUserInterfaceControl.load(AbstractUserInterfaceControl.java:221)
	at de.uka.ilkd.key.control.KeYEnvironment.load(KeYEnvironment.java:251)
	at de.uka.ilkd.key.control.KeYEnvironment.load(KeYEnvironment.java:224)
	at de.uka.ilkd.key.control.KeYEnvironment.load(KeYEnvironment.java:184)
	at de.uka.ilkd.key.control.KeYEnvironment.load(KeYEnvironment.java:261)
	at de.uka.ilkd.key.proof.runallproofs.proofcollection.TestFile.load(TestFile.java:270)
	at de.uka.ilkd.key.proof.runallproofs.proofcollection.TestFile.runKey(TestFile.java:160)
	at de.uka.ilkd.key.proof.runallproofs.proofcollection.ForkedTestFileRunner.main(ForkedTestFileRunner.java:171)
Caused by: de.uka.ilkd.key.proof.init.ProofInputException: Could not find rule file rules/intRulesCheckedSemantics.key
	at de.uka.ilkd.key.proof.io.KeYFile.readIncludes(KeYFile.java:210)
	at de.uka.ilkd.key.proof.init.ProblemInitializer.readIncludes(ProblemInitializer.java:177)
	at de.uka.ilkd.key.proof.init.ProblemInitializer.readEnvInput(ProblemInitializer.java:325)
	at de.uka.ilkd.key.proof.init.ProblemInitializer.prepare(ProblemInitializer.java:449)
	at de.uka.ilkd.key.proof.io.AbstractProblemLoader.createInitConfig(AbstractProblemLoader.java:518)
	at de.uka.ilkd.key.proof.io.AbstractProblemLoader.loadEnvironment(AbstractProblemLoader.java:288)
	at de.uka.ilkd.key.proof.io.AbstractProblemLoader.load(AbstractProblemLoader.java:252)
	at de.uka.ilkd.key.control.AbstractUserInterfaceControl.load(AbstractUserInterfaceControl.java:209)
	... 7 more
Caused by: java.lang.RuntimeException: Could not find rule file rules/intRulesCheckedSemantics.key
	at de.uka.ilkd.key.proof.io.RuleSourceFactory.fromBuiltInRule(RuleSourceFactory.java:32)
	at de.uka.ilkd.key.proof.io.RuleSourceFactory.fromDefaultLocation(RuleSourceFactory.java:21)
	at de.uka.ilkd.key.nparser.builder.IncludeFinder.addInclude(IncludeFinder.java:63)
	at de.uka.ilkd.key.nparser.builder.IncludeFinder.visitOne_include(IncludeFinder.java:43)
	at de.uka.ilkd.key.nparser.builder.IncludeFinder.visitOne_include(IncludeFinder.java:20)
	at de.uka.ilkd.key.nparser.KeYParser$One_includeContext.accept(KeYParser.java:878)
	at de.uka.ilkd.key.nparser.builder.AbstractBuilder.lambda$mapOf$0(AbstractBuilder.java:112)
	at java.base/java.util.stream.ReferencePipeline$3$1.accept(ReferencePipeline.java:195)
	at java.base/java.util.ArrayList$ArrayListSpliterator.forEachRemaining(ArrayList.java:1655)
	at java.base/java.util.stream.AbstractPipeline.copyInto(AbstractPipeline.java:484)
	at java.base/java.util.stream.AbstractPipeline.wrapAndCopyInto(AbstractPipeline.java:474)
	at java.base/java.util.stream.ReduceOps$ReduceOp.evaluateSequential(ReduceOps.java:913)
	at java.base/java.util.stream.AbstractPipeline.evaluate(AbstractPipeline.java:234)
	at java.base/java.util.stream.ReferencePipeline.collect(ReferencePipeline.java:578)
	at de.uka.ilkd.key.nparser.builder.AbstractBuilder.mapOf(AbstractBuilder.java:112)
	at de.uka.ilkd.key.nparser.builder.IncludeFinder.visitOne_include_statement(IncludeFinder.java:35)
	at de.uka.ilkd.key.nparser.builder.IncludeFinder.visitOne_include_statement(IncludeFinder.java:20)
	at de.uka.ilkd.key.nparser.KeYParser$One_include_statementContext.accept(KeYParser.java:802)
	at org.antlr.v4.runtime.tree.AbstractParseTreeVisitor.visitChildren(AbstractParseTreeVisitor.java:46)
	at de.uka.ilkd.key.nparser.KeYParserBaseVisitor.visitDecls(KeYParserBaseVisitor.java:30)
	at de.uka.ilkd.key.nparser.KeYParser$DeclsContext.accept(KeYParser.java:500)
	at org.antlr.v4.runtime.tree.AbstractParseTreeVisitor.visitChildren(AbstractParseTreeVisitor.java:46)
	at de.uka.ilkd.key.nparser.KeYParserBaseVisitor.visitFile(KeYParserBaseVisitor.java:23)
	at de.uka.ilkd.key.nparser.KeYParser$FileContext.accept(KeYParser.java:306)
	at de.uka.ilkd.key.nparser.KeyAst.accept(KeyAst.java:41)
	at de.uka.ilkd.key.nparser.KeyAst$File.getIncludes(KeyAst.java:76)
	at de.uka.ilkd.key.proof.io.KeYFile.readIncludes(KeYFile.java:208)
	... 14 more
Could not find rule file rules/intRulesCheckedSemantics.key (file: /home/runner/work/key/key/key.core/../key.ui/examples/index/.././heap/SmansEtAl/ArrayList_get.key; caused by: de.uka.ilkd.key.proof.init.ProofInputException: Could not find rule file rules/intRulesCheckedSemantics.key)
	at de.uka.ilkd.key.control.AbstractUserInterfaceControl.load(AbstractUserInterfaceControl.java:221)
	at de.uka.ilkd.key.control.KeYEnvironment.load(KeYEnvironment.java:251)
	at de.uka.ilkd.key.control.KeYEnvironment.load(KeYEnvironment.java:224)
	at de.uka.ilkd.key.control.KeYEnvironment.load(KeYEnvironment.java:184)
	at de.uka.ilkd.key.control.KeYEnvironment.load(KeYEnvironment.java:261)
	at de.uka.ilkd.key.proof.runallproofs.proofcollection.TestFile.load(TestFile.java:270)
	at de.uka.ilkd.key.proof.runallproofs.proofcollection.TestFile.runKey(TestFile.java:160)
	at de.uka.ilkd.key.proof.runallproofs.proofcollection.ForkedTestFileRunner.main(ForkedTestFileRunner.java:171)
Caused by: de.uka.ilkd.key.proof.init.ProofInputException: Could not find rule file rules/intRulesCheckedSemantics.key
	at de.uka.ilkd.key.proof.io.KeYFile.readIncludes(KeYFile.java:210)
	at de.uka.ilkd.key.proof.init.ProblemInitializer.readIncludes(ProblemInitializer.java:177)
	at de.uka.ilkd.key.proof.init.ProblemInitializer.readEnvInput(ProblemInitializer.java:325)
	at de.uka.ilkd.key.proof.init.ProblemInitializer.prepare(ProblemInitializer.java:449)
	at de.uka.ilkd.key.proof.io.AbstractProblemLoader.createInitConfig(AbstractProblemLoader.java:518)
	at de.uka.ilkd.key.proof.io.AbstractProblemLoader.loadEnvironment(AbstractProblemLoader.java:288)
	at de.uka.ilkd.key.proof.io.AbstractProblemLoader.load(AbstractProblemLoader.java:252)
	at de.uka.ilkd.key.control.AbstractUserInterfaceControl.load(AbstractUserInterfaceControl.java:209)
	... 7 more
Caused by: java.lang.RuntimeException: Could not find rule file rules/intRulesCheckedSemantics.key
	at de.uka.ilkd.key.proof.io.RuleSourceFactory.fromBuiltInRule(RuleSourceFactory.java:32)
	at de.uka.ilkd.key.proof.io.RuleSourceFactory.fromDefaultLocation(RuleSourceFactory.java:21)
	at de.uka.ilkd.key.nparser.builder.IncludeFinder.addInclude(IncludeFinder.java:63)
	at de.uka.ilkd.key.nparser.builder.IncludeFinder.visitOne_include(IncludeFinder.java:43)
	at de.uka.ilkd.key.nparser.builder.IncludeFinder.visitOne_include(IncludeFinder.java:20)
	at de.uka.ilkd.key.nparser.KeYParser$One_includeContext.accept(KeYParser.java:878)
	at de.uka.ilkd.key.nparser.builder.AbstractBuilder.lambda$mapOf$0(AbstractBuilder.java:112)
	at java.base/java.util.stream.ReferencePipeline$3$1.accept(ReferencePipeline.java:195)
	at java.base/java.util.ArrayList$ArrayListSpliterator.forEachRemaining(ArrayList.java:1655)
	at java.base/java.util.stream.AbstractPipeline.copyInto(AbstractPipeline.java:484)
	at java.base/java.util.stream.AbstractPipeline.wrapAndCopyInto(AbstractPipeline.java:474)
	at java.base/java.util.stream.ReduceOps$ReduceOp.evaluateSequential(ReduceOps.java:913)
	at java.base/java.util.stream.AbstractPipeline.evaluate(AbstractPipeline.java:234)
	at java.base/java.util.stream.ReferencePipeline.collect(ReferencePipeline.java:578)
	at de.uka.ilkd.key.nparser.builder.AbstractBuilder.mapOf(AbstractBuilder.java:112)
	at de.uka.ilkd.key.nparser.builder.IncludeFinder.visitOne_include_statement(IncludeFinder.java:35)
	at de.uka.ilkd.key.nparser.builder.IncludeFinder.visitOne_include_statement(IncludeFinder.java:20)
	at de.uka.ilkd.key.nparser.KeYParser$One_include_statementContext.accept(KeYParser.java:802)
	at org.antlr.v4.runtime.tree.AbstractParseTreeVisitor.visitChildren(AbstractParseTreeVisitor.java:46)
	at de.uka.ilkd.key.nparser.KeYParserBaseVisitor.visitDecls(KeYParserBaseVisitor.java:30)
	at de.uka.ilkd.key.nparser.KeYParser$DeclsContext.accept(KeYParser.java:500)
	at org.antlr.v4.runtime.tree.AbstractParseTreeVisitor.visitChildren(AbstractParseTreeVisitor.java:46)
	at de.uka.ilkd.key.nparser.KeYParserBaseVisitor.visitFile(KeYParserBaseVisitor.java:23)
	at de.uka.ilkd.key.nparser.KeYParser$FileContext.accept(KeYParser.java:306)
	at de.uka.ilkd.key.nparser.KeyAst.accept(KeyAst.java:41)
	at de.uka.ilkd.key.nparser.KeyAst$File.getIncludes(KeyAst.java:76)
	at de.uka.ilkd.key.proof.io.KeYFile.readIncludes(KeYFile.java:208)
	... 14 more
Could not find rule file rules/intRulesCheckedSemantics.key (file: /home/runner/work/key/key/key.core/../key.ui/examples/index/.././heap/SmansEtAl/ArrayList_inv.key; caused by: de.uka.ilkd.key.proof.init.ProofInputException: Could not find rule file rules/intRulesCheckedSemantics.key)
	at de.uka.ilkd.key.control.AbstractUserInterfaceControl.load(AbstractUserInterfaceControl.java:221)
	at de.uka.ilkd.key.control.KeYEnvironment.load(KeYEnvironment.java:251)
	at de.uka.ilkd.key.control.KeYEnvironment.load(KeYEnvironment.java:224)
	at de.uka.ilkd.key.control.KeYEnvironment.load(KeYEnvironment.java:184)
	at de.uka.ilkd.key.control.KeYEnvironment.load(KeYEnvironment.java:261)
	at de.uka.ilkd.key.proof.runallproofs.proofcollection.TestFile.load(TestFile.java:270)
	at de.uka.ilkd.key.proof.runallproofs.proofcollection.TestFile.runKey(TestFile.java:160)
	at de.uka.ilkd.key.proof.runallproofs.proofcollection.ForkedTestFileRunner.main(ForkedTestFileRunner.java:171)
Caused by: de.uka.ilkd.key.proof.init.ProofInputException: Could not find rule file rules/intRulesCheckedSemantics.key
	at de.uka.ilkd.key.proof.io.KeYFile.readIncludes(KeYFile.java:210)
	at de.uka.ilkd.key.proof.init.ProblemInitializer.readIncludes(ProblemInitializer.java:177)
	at de.uka.ilkd.key.proof.init.ProblemInitializer.readEnvInput(ProblemInitializer.java:325)
	at de.uka.ilkd.key.proof.init.ProblemInitializer.prepare(ProblemInitializer.java:449)
	at de.uka.ilkd.key.proof.io.AbstractProblemLoader.createInitConfig(AbstractProblemLoader.java:518)
	at de.uka.ilkd.key.proof.io.AbstractProblemLoader.loadEnvironment(AbstractProblemLoader.java:288)
	at de.uka.ilkd.key.proof.io.AbstractProblemLoader.load(AbstractProblemLoader.java:252)
	at de.uka.ilkd.key.control.AbstractUserInterfaceControl.load(AbstractUserInterfaceControl.java:209)
	... 7 more
Caused by: java.lang.RuntimeException: Could not find rule file rules/intRulesCheckedSemantics.key
	at de.uka.ilkd.key.proof.io.RuleSourceFactory.fromBuiltInRule(RuleSourceFactory.java:32)
	at de.uka.ilkd.key.proof.io.RuleSourceFactory.fromDefaultLocation(RuleSourceFactory.java:21)
	at de.uka.ilkd.key.nparser.builder.IncludeFinder.addInclude(IncludeFinder.java:63)
	at de.uka.ilkd.key.nparser.builder.IncludeFinder.visitOne_include(IncludeFinder.java:43)
	at de.uka.ilkd.key.nparser.builder.IncludeFinder.visitOne_include(IncludeFinder.java:20)
	at de.uka.ilkd.key.nparser.KeYParser$One_includeContext.accept(KeYParser.java:878)
	at de.uka.ilkd.key.nparser.builder.AbstractBuilder.lambda$mapOf$0(AbstractBuilder.java:112)
	at java.base/java.util.stream.ReferencePipeline$3$1.accept(ReferencePipeline.java:195)
	at java.base/java.util.ArrayList$ArrayListSpliterator.forEachRemaining(ArrayList.java:1655)
	at java.base/java.util.stream.AbstractPipeline.copyInto(AbstractPipeline.java:484)
	at java.base/java.util.stream.AbstractPipeline.wrapAndCopyInto(AbstractPipeline.java:474)
	at java.base/java.util.stream.ReduceOps$ReduceOp.evaluateSequential(ReduceOps.java:913)
	at java.base/java.util.stream.AbstractPipeline.evaluate(AbstractPipeline.java:234)
	at java.base/java.util.stream.ReferencePipeline.collect(ReferencePipeline.java:578)
	at de.uka.ilkd.key.nparser.builder.AbstractBuilder.mapOf(AbstractBuilder.java:112)
	at de.uka.ilkd.key.nparser.builder.IncludeFinder.visitOne_include_statement(IncludeFinder.java:35)
	at de.uka.ilkd.key.nparser.builder.IncludeFinder.visitOne_include_statement(IncludeFinder.java:20)
	at de.uka.ilkd.key.nparser.KeYParser$One_include_statementContext.accept(KeYParser.java:802)
	at org.antlr.v4.runtime.tree.AbstractParseTreeVisitor.visitChildren(AbstractParseTreeVisitor.java:46)
	at de.uka.ilkd.key.nparser.KeYParserBaseVisitor.visitDecls(KeYParserBaseVisitor.java:30)
	at de.uka.ilkd.key.nparser.KeYParser$DeclsContext.accept(KeYParser.java:500)
	at org.antlr.v4.runtime.tree.AbstractParseTreeVisitor.visitChildren(AbstractParseTreeVisitor.java:46)
	at de.uka.ilkd.key.nparser.KeYParserBaseVisitor.visitFile(KeYParserBaseVisitor.java:23)
	at de.uka.ilkd.key.nparser.KeYParser$FileContext.accept(KeYParser.java:306)
	at de.uka.ilkd.key.nparser.KeyAst.accept(KeyAst.java:41)
	at de.uka.ilkd.key.nparser.KeyAst$File.getIncludes(KeyAst.java:76)
	at de.uka.ilkd.key.proof.io.KeYFile.readIncludes(KeYFile.java:208)
	... 14 more
Could not find rule file rules/intRulesCheckedSemantics.key (file: /home/runner/work/key/key/key.core/../key.ui/examples/index/.././heap/SmansEtAl/ArrayList_size_dep.key; caused by: de.uka.ilkd.key.proof.init.ProofInputException: Could not find rule file rules/intRulesCheckedSemantics.key)
	at de.uka.ilkd.key.control.AbstractUserInterfaceControl.load(AbstractUserInterfaceControl.java:221)
	at de.uka.ilkd.key.control.KeYEnvironment.load(KeYEnvironment.java:251)
	at de.uka.ilkd.key.control.KeYEnvironment.load(KeYEnvironment.java:224)
	at de.uka.ilkd.key.control.KeYEnvironment.load(KeYEnvironment.java:184)
	at de.uka.ilkd.key.control.KeYEnvironment.load(KeYEnvironment.java:261)
	at de.uka.ilkd.key.proof.runallproofs.proofcollection.TestFile.load(TestFile.java:270)
	at de.uka.ilkd.key.proof.runallproofs.proofcollection.TestFile.runKey(TestFile.java:160)
	at de.uka.ilkd.key.proof.runallproofs.proofcollection.ForkedTestFileRunner.main(ForkedTestFileRunner.java:171)
Caused by: de.uka.ilkd.key.proof.init.ProofInputException: Could not find rule file rules/intRulesCheckedSemantics.key
	at de.uka.ilkd.key.proof.io.KeYFile.readIncludes(KeYFile.java:210)
	at de.uka.ilkd.key.proof.init.ProblemInitializer.readIncludes(ProblemInitializer.java:177)
	at de.uka.ilkd.key.proof.init.ProblemInitializer.readEnvInput(ProblemInitializer.java:325)
	at de.uka.ilkd.key.proof.init.ProblemInitializer.prepare(ProblemInitializer.java:449)
	at de.uka.ilkd.key.proof.io.AbstractProblemLoader.createInitConfig(AbstractProblemLoader.java:518)
	at de.uka.ilkd.key.proof.io.AbstractProblemLoader.loadEnvironment(AbstractProblemLoader.java:288)
	at de.uka.ilkd.key.proof.io.AbstractProblemLoader.load(AbstractProblemLoader.java:252)
	at de.uka.ilkd.key.control.AbstractUserInterfaceControl.load(AbstractUserInterfaceControl.java:209)
	... 7 more
Caused by: java.lang.RuntimeException: Could not find rule file rules/intRulesCheckedSemantics.key
	at de.uka.ilkd.key.proof.io.RuleSourceFactory.fromBuiltInRule(RuleSourceFactory.java:32)
	at de.uka.ilkd.key.proof.io.RuleSourceFactory.fromDefaultLocation(RuleSourceFactory.java:21)
	at de.uka.ilkd.key.nparser.builder.IncludeFinder.addInclude(IncludeFinder.java:63)
	at de.uka.ilkd.key.nparser.builder.IncludeFinder.visitOne_include(IncludeFinder.java:43)
	at de.uka.ilkd.key.nparser.builder.IncludeFinder.visitOne_include(IncludeFinder.java:20)
	at de.uka.ilkd.key.nparser.KeYParser$One_includeContext.accept(KeYParser.java:878)
	at de.uka.ilkd.key.nparser.builder.AbstractBuilder.lambda$mapOf$0(AbstractBuilder.java:112)
	at java.base/java.util.stream.ReferencePipeline$3$1.accept(ReferencePipeline.java:195)
	at java.base/java.util.ArrayList$ArrayListSpliterator.forEachRemaining(ArrayList.java:1655)
	at java.base/java.util.stream.AbstractPipeline.copyInto(AbstractPipeline.java:484)
	at java.base/java.util.stream.AbstractPipeline.wrapAndCopyInto(AbstractPipeline.java:474)
	at java.base/java.util.stream.ReduceOps$ReduceOp.evaluateSequential(ReduceOps.java:913)
	at java.base/java.util.stream.AbstractPipeline.evaluate(AbstractPipeline.java:234)
	at java.base/java.util.stream.ReferencePipeline.collect(ReferencePipeline.java:578)
	at de.uka.ilkd.key.nparser.builder.AbstractBuilder.mapOf(AbstractBuilder.java:112)
	at de.uka.ilkd.key.nparser.builder.IncludeFinder.visitOne_include_statement(IncludeFinder.java:35)
	at de.uka.ilkd.key.nparser.builder.IncludeFinder.visitOne_include_statement(IncludeFinder.java:20)
	at de.uka.ilkd.key.nparser.KeYParser$One_include_statementContext.accept(KeYParser.java:802)
	at org.antlr.v4.runtime.tree.AbstractParseTreeVisitor.visitChildren(AbstractParseTreeVisitor.java:46)
	at de.uka.ilkd.key.nparser.KeYParserBaseVisitor.visitDecls(KeYParserBaseVisitor.java:30)
	at de.uka.ilkd.key.nparser.KeYParser$DeclsContext.accept(KeYParser.java:500)
	at org.antlr.v4.runtime.tree.AbstractParseTreeVisitor.visitChildren(AbstractParseTreeVisitor.java:46)
	at de.uka.ilkd.key.nparser.KeYParserBaseVisitor.visitFile(KeYParserBaseVisitor.java:23)
	at de.uka.ilkd.key.nparser.KeYParser$FileContext.accept(KeYParser.java:306)
	at de.uka.ilkd.key.nparser.KeyAst.accept(KeyAst.java:41)
	at de.uka.ilkd.key.nparser.KeyAst$File.getIncludes(KeyAst.java:76)
	at de.uka.ilkd.key.proof.io.KeYFile.readIncludes(KeYFile.java:208)
	... 14 more
Could not find rule file rules/intRulesCheckedSemantics.key (file: /home/runner/work/key/key/key.core/../key.ui/examples/index/.././heap/SmansEtAl/ArrayList_size.key; caused by: de.uka.ilkd.key.proof.init.ProofInputException: Could not find rule file rules/intRulesCheckedSemantics.key)
	at de.uka.ilkd.key.control.AbstractUserInterfaceControl.load(AbstractUserInterfaceControl.java:221)
	at de.uka.ilkd.key.control.KeYEnvironment.load(KeYEnvironment.java:251)
	at de.uka.ilkd.key.control.KeYEnvironment.load(KeYEnvironment.java:224)
	at de.uka.ilkd.key.control.KeYEnvironment.load(KeYEnvironment.java:184)
	at de.uka.ilkd.key.control.KeYEnvironment.load(KeYEnvironment.java:261)
	at de.uka.ilkd.key.proof.runallproofs.proofcollection.TestFile.load(TestFile.java:270)
	at de.uka.ilkd.key.proof.runallproofs.proofcollection.TestFile.runKey(TestFile.java:160)
	at de.uka.ilkd.key.proof.runallproofs.proofcollection.ForkedTestFileRunner.main(ForkedTestFileRunner.java:171)
Caused by: de.uka.ilkd.key.proof.init.ProofInputException: Could not find rule file rules/intRulesCheckedSemantics.key
	at de.uka.ilkd.key.proof.io.KeYFile.readIncludes(KeYFile.java:210)
	at de.uka.ilkd.key.proof.init.ProblemInitializer.readIncludes(ProblemInitializer.java:177)
	at de.uka.ilkd.key.proof.init.ProblemInitializer.readEnvInput(ProblemInitializer.java:325)
	at de.uka.ilkd.key.proof.init.ProblemInitializer.prepare(ProblemInitializer.java:449)
	at de.uka.ilkd.key.proof.io.AbstractProblemLoader.createInitConfig(AbstractProblemLoader.java:518)
	at de.uka.ilkd.key.proof.io.AbstractProblemLoader.loadEnvironment(AbstractProblemLoader.java:288)
	at de.uka.ilkd.key.proof.io.AbstractProblemLoader.load(AbstractProblemLoader.java:252)
	at de.uka.ilkd.key.control.AbstractUserInterfaceControl.load(AbstractUserInterfaceControl.java:209)
	... 7 more
Caused by: java.lang.RuntimeException: Could not find rule file rules/intRulesCheckedSemantics.key
	at de.uka.ilkd.key.proof.io.RuleSourceFactory.fromBuiltInRule(RuleSourceFactory.java:32)
	at de.uka.ilkd.key.proof.io.RuleSourceFactory.fromDefaultLocation(RuleSourceFactory.java:21)
	at de.uka.ilkd.key.nparser.builder.IncludeFinder.addInclude(IncludeFinder.java:63)
	at de.uka.ilkd.key.nparser.builder.IncludeFinder.visitOne_include(IncludeFinder.java:43)
	at de.uka.ilkd.key.nparser.builder.IncludeFinder.visitOne_include(IncludeFinder.java:20)
	at de.uka.ilkd.key.nparser.KeYParser$One_includeContext.accept(KeYParser.java:878)
	at de.uka.ilkd.key.nparser.builder.AbstractBuilder.lambda$mapOf$0(AbstractBuilder.java:112)
	at java.base/java.util.stream.ReferencePipeline$3$1.accept(ReferencePipeline.java:195)
	at java.base/java.util.ArrayList$ArrayListSpliterator.forEachRemaining(ArrayList.java:1655)
	at java.base/java.util.stream.AbstractPipeline.copyInto(AbstractPipeline.java:484)
	at java.base/java.util.stream.AbstractPipeline.wrapAndCopyInto(AbstractPipeline.java:474)
	at java.base/java.util.stream.ReduceOps$ReduceOp.evaluateSequential(ReduceOps.java:913)
	at java.base/java.util.stream.AbstractPipeline.evaluate(AbstractPipeline.java:234)
	at java.base/java.util.stream.ReferencePipeline.collect(ReferencePipeline.java:578)
	at de.uka.ilkd.key.nparser.builder.AbstractBuilder.mapOf(AbstractBuilder.java:112)
	at de.uka.ilkd.key.nparser.builder.IncludeFinder.visitOne_include_statement(IncludeFinder.java:35)
	at de.uka.ilkd.key.nparser.builder.IncludeFinder.visitOne_include_statement(IncludeFinder.java:20)
	at de.uka.ilkd.key.nparser.KeYParser$One_include_statementContext.accept(KeYParser.java:802)
	at org.antlr.v4.runtime.tree.AbstractParseTreeVisitor.visitChildren(AbstractParseTreeVisitor.java:46)
	at de.uka.ilkd.key.nparser.KeYParserBaseVisitor.visitDecls(KeYParserBaseVisitor.java:30)
	at de.uka.ilkd.key.nparser.KeYParser$DeclsContext.accept(KeYParser.java:500)
	at org.antlr.v4.runtime.tree.AbstractParseTreeVisitor.visitChildren(AbstractParseTreeVisitor.java:46)
	at de.uka.ilkd.key.nparser.KeYParserBaseVisitor.visitFile(KeYParserBaseVisitor.java:23)
	at de.uka.ilkd.key.nparser.KeYParser$FileContext.accept(KeYParser.java:306)
	at de.uka.ilkd.key.nparser.KeyAst.accept(KeyAst.java:41)
	at de.uka.ilkd.key.nparser.KeyAst$File.getIncludes(KeyAst.java:76)
	at de.uka.ilkd.key.proof.io.KeYFile.readIncludes(KeYFile.java:208)
	... 14 more
Could not find rule file rules/intRulesCheckedSemantics.key (file: /home/runner/work/key/key/key.core/../key.ui/examples/index/.././heap/SmansEtAl/Cell_Cell.key; caused by: de.uka.ilkd.key.proof.init.ProofInputException: Could not find rule file rules/intRulesCheckedSemantics.key)
	at de.uka.ilkd.key.control.AbstractUserInterfaceControl.load(AbstractUserInterfaceControl.java:221)
	at de.uka.ilkd.key.control.KeYEnvironment.load(KeYEnvironment.java:251)
	at de.uka.ilkd.key.control.KeYEnvironment.load(KeYEnvironment.java:224)
	at de.uka.ilkd.key.control.KeYEnvironment.load(KeYEnvironment.java:184)
	at de.uka.ilkd.key.control.KeYEnvironment.load(KeYEnvironment.java:261)
	at de.uka.ilkd.key.proof.runallproofs.proofcollection.TestFile.load(TestFile.java:270)
	at de.uka.ilkd.key.proof.runallproofs.proofcollection.TestFile.runKey(TestFile.java:160)
	at de.uka.ilkd.key.proof.runallproofs.proofcollection.ForkedTestFileRunner.main(ForkedTestFileRunner.java:171)
Caused by: de.uka.ilkd.key.proof.init.ProofInputException: Could not find rule file rules/intRulesCheckedSemantics.key
	at de.uka.ilkd.key.proof.io.KeYFile.readIncludes(KeYFile.java:210)
	at de.uka.ilkd.key.proof.init.ProblemInitializer.readIncludes(ProblemInitializer.java:177)
	at de.uka.ilkd.key.proof.init.ProblemInitializer.readEnvInput(ProblemInitializer.java:325)
	at de.uka.ilkd.key.proof.init.ProblemInitializer.prepare(ProblemInitializer.java:449)
	at de.uka.ilkd.key.proof.io.AbstractProblemLoader.createInitConfig(AbstractProblemLoader.java:518)
	at de.uka.ilkd.key.proof.io.AbstractProblemLoader.loadEnvironment(AbstractProblemLoader.java:288)
	at de.uka.ilkd.key.proof.io.AbstractProblemLoader.load(AbstractProblemLoader.java:252)
	at de.uka.ilkd.key.control.AbstractUserInterfaceControl.load(AbstractUserInterfaceControl.java:209)
	... 7 more
Caused by: java.lang.RuntimeException: Could not find rule file rules/intRulesCheckedSemantics.key
	at de.uka.ilkd.key.proof.io.RuleSourceFactory.fromBuiltInRule(RuleSourceFactory.java:32)
	at de.uka.ilkd.key.proof.io.RuleSourceFactory.fromDefaultLocation(RuleSourceFactory.java:21)
	at de.uka.ilkd.key.nparser.builder.IncludeFinder.addInclude(IncludeFinder.java:63)
	at de.uka.ilkd.key.nparser.builder.IncludeFinder.visitOne_include(IncludeFinder.java:43)
	at de.uka.ilkd.key.nparser.builder.IncludeFinder.visitOne_include(IncludeFinder.java:20)
	at de.uka.ilkd.key.nparser.KeYParser$One_includeContext.accept(KeYParser.java:878)
	at de.uka.ilkd.key.nparser.builder.AbstractBuilder.lambda$mapOf$0(AbstractBuilder.java:112)
	at java.base/java.util.stream.ReferencePipeline$3$1.accept(ReferencePipeline.java:195)
	at java.base/java.util.ArrayList$ArrayListSpliterator.forEachRemaining(ArrayList.java:1655)
	at java.base/java.util.stream.AbstractPipeline.copyInto(AbstractPipeline.java:484)
	at java.base/java.util.stream.AbstractPipeline.wrapAndCopyInto(AbstractPipeline.java:474)
	at java.base/java.util.stream.ReduceOps$ReduceOp.evaluateSequential(ReduceOps.java:913)
	at java.base/java.util.stream.AbstractPipeline.evaluate(AbstractPipeline.java:234)
	at java.base/java.util.stream.ReferencePipeline.collect(ReferencePipeline.java:578)
	at de.uka.ilkd.key.nparser.builder.AbstractBuilder.mapOf(AbstractBuilder.java:112)
	at de.uka.ilkd.key.nparser.builder.IncludeFinder.visitOne_include_statement(IncludeFinder.java:35)
	at de.uka.ilkd.key.nparser.builder.IncludeFinder.visitOne_include_statement(IncludeFinder.java:20)
	at de.uka.ilkd.key.nparser.KeYParser$One_include_statementContext.accept(KeYParser.java:802)
	at org.antlr.v4.runtime.tree.AbstractParseTreeVisitor.visitChildren(AbstractParseTreeVisitor.java:46)
	at de.uka.ilkd.key.nparser.KeYParserBaseVisitor.visitDecls(KeYParserBaseVisitor.java:30)
	at de.uka.ilkd.key.nparser.KeYParser$DeclsContext.accept(KeYParser.java:500)
	at org.antlr.v4.runtime.tree.AbstractParseTreeVisitor.visitChildren(AbstractParseTreeVisitor.java:46)
	at de.uka.ilkd.key.nparser.KeYParserBaseVisitor.visitFile(KeYParserBaseVisitor.java:23)
	at de.uka.ilkd.key.nparser.KeYParser$FileContext.accept(KeYParser.java:306)
	at de.uka.ilkd.key.nparser.KeyAst.accept(KeyAst.java:41)
	at de.uka.ilkd.key.nparser.KeyAst$File.getIncludes(KeyAst.java:76)
	at de.uka.ilkd.key.proof.io.KeYFile.readIncludes(KeYFile.java:208)
	... 14 more
Could not find rule file rules/intRulesCheckedSemantics.key (file: /home/runner/work/key/key/key.core/../key.ui/examples/index/.././heap/SmansEtAl/Cell_footprint.key; caused by: de.uka.ilkd.key.proof.init.ProofInputException: Could not find rule file rules/intRulesCheckedSemantics.key)
	at de.uka.ilkd.key.control.AbstractUserInterfaceControl.load(AbstractUserInterfaceControl.java:221)
	at de.uka.ilkd.key.control.KeYEnvironment.load(KeYEnvironment.java:251)
	at de.uka.ilkd.key.control.KeYEnvironment.load(KeYEnvironment.java:224)
	at de.uka.ilkd.key.control.KeYEnvironment.load(KeYEnvironment.java:184)
	at de.uka.ilkd.key.control.KeYEnvironment.load(KeYEnvironment.java:261)
	at de.uka.ilkd.key.proof.runallproofs.proofcollection.TestFile.load(TestFile.java:270)
	at de.uka.ilkd.key.proof.runallproofs.proofcollection.TestFile.runKey(TestFile.java:160)
	at de.uka.ilkd.key.proof.runallproofs.proofcollection.ForkedTestFileRunner.main(ForkedTestFileRunner.java:171)
Caused by: de.uka.ilkd.key.proof.init.ProofInputException: Could not find rule file rules/intRulesCheckedSemantics.key
	at de.uka.ilkd.key.proof.io.KeYFile.readIncludes(KeYFile.java:210)
	at de.uka.ilkd.key.proof.init.ProblemInitializer.readIncludes(ProblemInitializer.java:177)
	at de.uka.ilkd.key.proof.init.ProblemInitializer.readEnvInput(ProblemInitializer.java:325)
	at de.uka.ilkd.key.proof.init.ProblemInitializer.prepare(ProblemInitializer.java:449)
	at de.uka.ilkd.key.proof.io.AbstractProblemLoader.createInitConfig(AbstractProblemLoader.java:518)
	at de.uka.ilkd.key.proof.io.AbstractProblemLoader.loadEnvironment(AbstractProblemLoader.java:288)
	at de.uka.ilkd.key.proof.io.AbstractProblemLoader.load(AbstractProblemLoader.java:252)
	at de.uka.ilkd.key.control.AbstractUserInterfaceControl.load(AbstractUserInterfaceControl.java:209)
	... 7 more
Caused by: java.lang.RuntimeException: Could not find rule file rules/intRulesCheckedSemantics.key
	at de.uka.ilkd.key.proof.io.RuleSourceFactory.fromBuiltInRule(RuleSourceFactory.java:32)
	at de.uka.ilkd.key.proof.io.RuleSourceFactory.fromDefaultLocation(RuleSourceFactory.java:21)
	at de.uka.ilkd.key.nparser.builder.IncludeFinder.addInclude(IncludeFinder.java:63)
	at de.uka.ilkd.key.nparser.builder.IncludeFinder.visitOne_include(IncludeFinder.java:43)
	at de.uka.ilkd.key.nparser.builder.IncludeFinder.visitOne_include(IncludeFinder.java:20)
	at de.uka.ilkd.key.nparser.KeYParser$One_includeContext.accept(KeYParser.java:878)
	at de.uka.ilkd.key.nparser.builder.AbstractBuilder.lambda$mapOf$0(AbstractBuilder.java:112)
	at java.base/java.util.stream.ReferencePipeline$3$1.accept(ReferencePipeline.java:195)
	at java.base/java.util.ArrayList$ArrayListSpliterator.forEachRemaining(ArrayList.java:1655)
	at java.base/java.util.stream.AbstractPipeline.copyInto(AbstractPipeline.java:484)
	at java.base/java.util.stream.AbstractPipeline.wrapAndCopyInto(AbstractPipeline.java:474)
	at java.base/java.util.stream.ReduceOps$ReduceOp.evaluateSequential(ReduceOps.java:913)
	at java.base/java.util.stream.AbstractPipeline.evaluate(AbstractPipeline.java:234)
	at java.base/java.util.stream.ReferencePipeline.collect(ReferencePipeline.java:578)
	at de.uka.ilkd.key.nparser.builder.AbstractBuilder.mapOf(AbstractBuilder.java:112)
	at de.uka.ilkd.key.nparser.builder.IncludeFinder.visitOne_include_statement(IncludeFinder.java:35)
	at de.uka.ilkd.key.nparser.builder.IncludeFinder.visitOne_include_statement(IncludeFinder.java:20)
	at de.uka.ilkd.key.nparser.KeYParser$One_include_statementContext.accept(KeYParser.java:802)
	at org.antlr.v4.runtime.tree.AbstractParseTreeVisitor.visitChildren(AbstractParseTreeVisitor.java:46)
	at de.uka.ilkd.key.nparser.KeYParserBaseVisitor.visitDecls(KeYParserBaseVisitor.java:30)
	at de.uka.ilkd.key.nparser.KeYParser$DeclsContext.accept(KeYParser.java:500)
	at org.antlr.v4.runtime.tree.AbstractParseTreeVisitor.visitChildren(AbstractParseTreeVisitor.java:46)
	at de.uka.ilkd.key.nparser.KeYParserBaseVisitor.visitFile(KeYParserBaseVisitor.java:23)
	at de.uka.ilkd.key.nparser.KeYParser$FileContext.accept(KeYParser.java:306)
	at de.uka.ilkd.key.nparser.KeyAst.accept(KeyAst.java:41)
	at de.uka.ilkd.key.nparser.KeyAst$File.getIncludes(KeyAst.java:76)
	at de.uka.ilkd.key.proof.io.KeYFile.readIncludes(KeYFile.java:208)
	... 14 more
Could not find rule file rules/intRulesCheckedSemantics.key (file: /home/runner/work/key/key/key.core/../key.ui/examples/index/.././heap/SmansEtAl/Cell_getX_dep.key; caused by: de.uka.ilkd.key.proof.init.ProofInputException: Could not find rule file rules/intRulesCheckedSemantics.key)
	at de.uka.ilkd.key.control.AbstractUserInterfaceControl.load(AbstractUserInterfaceControl.java:221)
	at de.uka.ilkd.key.control.KeYEnvironment.load(KeYEnvironment.java:251)
	at de.uka.ilkd.key.control.KeYEnvironment.load(KeYEnvironment.java:224)
	at de.uka.ilkd.key.control.KeYEnvironment.load(KeYEnvironment.java:184)
	at de.uka.ilkd.key.control.KeYEnvironment.load(KeYEnvironment.java:261)
	at de.uka.ilkd.key.proof.runallproofs.proofcollection.TestFile.load(TestFile.java:270)
	at de.uka.ilkd.key.proof.runallproofs.proofcollection.TestFile.runKey(TestFile.java:160)
	at de.uka.ilkd.key.proof.runallproofs.proofcollection.ForkedTestFileRunner.main(ForkedTestFileRunner.java:171)
Caused by: de.uka.ilkd.key.proof.init.ProofInputException: Could not find rule file rules/intRulesCheckedSemantics.key
	at de.uka.ilkd.key.proof.io.KeYFile.readIncludes(KeYFile.java:210)
	at de.uka.ilkd.key.proof.init.ProblemInitializer.readIncludes(ProblemInitializer.java:177)
	at de.uka.ilkd.key.proof.init.ProblemInitializer.readEnvInput(ProblemInitializer.java:325)
	at de.uka.ilkd.key.proof.init.ProblemInitializer.prepare(ProblemInitializer.java:449)
	at de.uka.ilkd.key.proof.io.AbstractProblemLoader.createInitConfig(AbstractProblemLoader.java:518)
	at de.uka.ilkd.key.proof.io.AbstractProblemLoader.loadEnvironment(AbstractProblemLoader.java:288)
	at de.uka.ilkd.key.proof.io.AbstractProblemLoader.load(AbstractProblemLoader.java:252)
	at de.uka.ilkd.key.control.AbstractUserInterfaceControl.load(AbstractUserInterfaceControl.java:209)
	... 7 more
Caused by: java.lang.RuntimeException: Could not find rule file rules/intRulesCheckedSemantics.key
	at de.uka.ilkd.key.proof.io.RuleSourceFactory.fromBuiltInRule(RuleSourceFactory.java:32)
	at de.uka.ilkd.key.proof.io.RuleSourceFactory.fromDefaultLocation(RuleSourceFactory.java:21)
	at de.uka.ilkd.key.nparser.builder.IncludeFinder.addInclude(IncludeFinder.java:63)
	at de.uka.ilkd.key.nparser.builder.IncludeFinder.visitOne_include(IncludeFinder.java:43)
	at de.uka.ilkd.key.nparser.builder.IncludeFinder.visitOne_include(IncludeFinder.java:20)
	at de.uka.ilkd.key.nparser.KeYParser$One_includeContext.accept(KeYParser.java:878)
	at de.uka.ilkd.key.nparser.builder.AbstractBuilder.lambda$mapOf$0(AbstractBuilder.java:112)
	at java.base/java.util.stream.ReferencePipeline$3$1.accept(ReferencePipeline.java:195)
	at java.base/java.util.ArrayList$ArrayListSpliterator.forEachRemaining(ArrayList.java:1655)
	at java.base/java.util.stream.AbstractPipeline.copyInto(AbstractPipeline.java:484)
	at java.base/java.util.stream.AbstractPipeline.wrapAndCopyInto(AbstractPipeline.java:474)
	at java.base/java.util.stream.ReduceOps$ReduceOp.evaluateSequential(ReduceOps.java:913)
	at java.base/java.util.stream.AbstractPipeline.evaluate(AbstractPipeline.java:234)
	at java.base/java.util.stream.ReferencePipeline.collect(ReferencePipeline.java:578)
	at de.uka.ilkd.key.nparser.builder.AbstractBuilder.mapOf(AbstractBuilder.java:112)
	at de.uka.ilkd.key.nparser.builder.IncludeFinder.visitOne_include_statement(IncludeFinder.java:35)
	at de.uka.ilkd.key.nparser.builder.IncludeFinder.visitOne_include_statement(IncludeFinder.java:20)
	at de.uka.ilkd.key.nparser.KeYParser$One_include_statementContext.accept(KeYParser.java:802)
	at org.antlr.v4.runtime.tree.AbstractParseTreeVisitor.visitChildren(AbstractParseTreeVisitor.java:46)
	at de.uka.ilkd.key.nparser.KeYParserBaseVisitor.visitDecls(KeYParserBaseVisitor.java:30)
	at de.uka.ilkd.key.nparser.KeYParser$DeclsContext.accept(KeYParser.java:500)
	at org.antlr.v4.runtime.tree.AbstractParseTreeVisitor.visitChildren(AbstractParseTreeVisitor.java:46)
	at de.uka.ilkd.key.nparser.KeYParserBaseVisitor.visitFile(KeYParserBaseVisitor.java:23)
	at de.uka.ilkd.key.nparser.KeYParser$FileContext.accept(KeYParser.java:306)
	at de.uka.ilkd.key.nparser.KeyAst.accept(KeyAst.java:41)
	at de.uka.ilkd.key.nparser.KeyAst$File.getIncludes(KeyAst.java:76)
	at de.uka.ilkd.key.proof.io.KeYFile.readIncludes(KeYFile.java:208)
	... 14 more
Could not find rule file rules/intRulesCheckedSemantics.key (file: /home/runner/work/key/key/key.core/../key.ui/examples/index/.././heap/SmansEtAl/Cell_getX.key; caused by: de.uka.ilkd.key.proof.init.ProofInputException: Could not find rule file rules/intRulesCheckedSemantics.key)
	at de.uka.ilkd.key.control.AbstractUserInterfaceControl.load(AbstractUserInterfaceControl.java:221)
	at de.uka.ilkd.key.control.KeYEnvironment.load(KeYEnvironment.java:251)
	at de.uka.ilkd.key.control.KeYEnvironment.load(KeYEnvironment.java:224)
	at de.uka.ilkd.key.control.KeYEnvironment.load(KeYEnvironment.java:184)
	at de.uka.ilkd.key.control.KeYEnvironment.load(KeYEnvironment.java:261)
	at de.uka.ilkd.key.proof.runallproofs.proofcollection.TestFile.load(TestFile.java:270)
	at de.uka.ilkd.key.proof.runallproofs.proofcollection.TestFile.runKey(TestFile.java:160)
	at de.uka.ilkd.key.proof.runallproofs.proofcollection.ForkedTestFileRunner.main(ForkedTestFileRunner.java:171)
Caused by: de.uka.ilkd.key.proof.init.ProofInputException: Could not find rule file rules/intRulesCheckedSemantics.key
	at de.uka.ilkd.key.proof.io.KeYFile.readIncludes(KeYFile.java:210)
	at de.uka.ilkd.key.proof.init.ProblemInitializer.readIncludes(ProblemInitializer.java:177)
	at de.uka.ilkd.key.proof.init.ProblemInitializer.readEnvInput(ProblemInitializer.java:325)
	at de.uka.ilkd.key.proof.init.ProblemInitializer.prepare(ProblemInitializer.java:449)
	at de.uka.ilkd.key.proof.io.AbstractProblemLoader.createInitConfig(AbstractProblemLoader.java:518)
	at de.uka.ilkd.key.proof.io.AbstractProblemLoader.loadEnvironment(AbstractProblemLoader.java:288)
	at de.uka.ilkd.key.proof.io.AbstractProblemLoader.load(AbstractProblemLoader.java:252)
	at de.uka.ilkd.key.control.AbstractUserInterfaceControl.load(AbstractUserInterfaceControl.java:209)
	... 7 more
Caused by: java.lang.RuntimeException: Could not find rule file rules/intRulesCheckedSemantics.key
	at de.uka.ilkd.key.proof.io.RuleSourceFactory.fromBuiltInRule(RuleSourceFactory.java:32)
	at de.uka.ilkd.key.proof.io.RuleSourceFactory.fromDefaultLocation(RuleSourceFactory.java:21)
	at de.uka.ilkd.key.nparser.builder.IncludeFinder.addInclude(IncludeFinder.java:63)
	at de.uka.ilkd.key.nparser.builder.IncludeFinder.visitOne_include(IncludeFinder.java:43)
	at de.uka.ilkd.key.nparser.builder.IncludeFinder.visitOne_include(IncludeFinder.java:20)
	at de.uka.ilkd.key.nparser.KeYParser$One_includeContext.accept(KeYParser.java:878)
	at de.uka.ilkd.key.nparser.builder.AbstractBuilder.lambda$mapOf$0(AbstractBuilder.java:112)
	at java.base/java.util.stream.ReferencePipeline$3$1.accept(ReferencePipeline.java:195)
	at java.base/java.util.ArrayList$ArrayListSpliterator.forEachRemaining(ArrayList.java:1655)
	at java.base/java.util.stream.AbstractPipeline.copyInto(AbstractPipeline.java:484)
	at java.base/java.util.stream.AbstractPipeline.wrapAndCopyInto(AbstractPipeline.java:474)
	at java.base/java.util.stream.ReduceOps$ReduceOp.evaluateSequential(ReduceOps.java:913)
	at java.base/java.util.stream.AbstractPipeline.evaluate(AbstractPipeline.java:234)
	at java.base/java.util.stream.ReferencePipeline.collect(ReferencePipeline.java:578)
	at de.uka.ilkd.key.nparser.builder.AbstractBuilder.mapOf(AbstractBuilder.java:112)
	at de.uka.ilkd.key.nparser.builder.IncludeFinder.visitOne_include_statement(IncludeFinder.java:35)
	at de.uka.ilkd.key.nparser.builder.IncludeFinder.visitOne_include_statement(IncludeFinder.java:20)
	at de.uka.ilkd.key.nparser.KeYParser$One_include_statementContext.accept(KeYParser.java:802)
	at org.antlr.v4.runtime.tree.AbstractParseTreeVisitor.visitChildren(AbstractParseTreeVisitor.java:46)
	at de.uka.ilkd.key.nparser.KeYParserBaseVisitor.visitDecls(KeYParserBaseVisitor.java:30)
	at de.uka.ilkd.key.nparser.KeYParser$DeclsContext.accept(KeYParser.java:500)
	at org.antlr.v4.runtime.tree.AbstractParseTreeVisitor.visitChildren(AbstractParseTreeVisitor.java:46)
	at de.uka.ilkd.key.nparser.KeYParserBaseVisitor.visitFile(KeYParserBaseVisitor.java:23)
	at de.uka.ilkd.key.nparser.KeYParser$FileContext.accept(KeYParser.java:306)
	at de.uka.ilkd.key.nparser.KeyAst.accept(KeyAst.java:41)
	at de.uka.ilkd.key.nparser.KeyAst$File.getIncludes(KeyAst.java:76)
	at de.uka.ilkd.key.proof.io.KeYFile.readIncludes(KeYFile.java:208)
	... 14 more
Could not find rule file rules/intRulesCheckedSemantics.key (file: /home/runner/work/key/key/key.core/../key.ui/examples/index/.././heap/SmansEtAl/Cell_inv.key; caused by: de.uka.ilkd.key.proof.init.ProofInputException: Could not find rule file rules/intRulesCheckedSemantics.key)
	at de.uka.ilkd.key.control.AbstractUserInterfaceControl.load(AbstractUserInterfaceControl.java:221)
	at de.uka.ilkd.key.control.KeYEnvironment.load(KeYEnvironment.java:251)
	at de.uka.ilkd.key.control.KeYEnvironment.load(KeYEnvironment.java:224)
	at de.uka.ilkd.key.control.KeYEnvironment.load(KeYEnvironment.java:184)
	at de.uka.ilkd.key.control.KeYEnvironment.load(KeYEnvironment.java:261)
	at de.uka.ilkd.key.proof.runallproofs.proofcollection.TestFile.load(TestFile.java:270)
	at de.uka.ilkd.key.proof.runallproofs.proofcollection.TestFile.runKey(TestFile.java:160)
	at de.uka.ilkd.key.proof.runallproofs.proofcollection.ForkedTestFileRunner.main(ForkedTestFileRunner.java:171)
Caused by: de.uka.ilkd.key.proof.init.ProofInputException: Could not find rule file rules/intRulesCheckedSemantics.key
	at de.uka.ilkd.key.proof.io.KeYFile.readIncludes(KeYFile.java:210)
	at de.uka.ilkd.key.proof.init.ProblemInitializer.readIncludes(ProblemInitializer.java:177)
	at de.uka.ilkd.key.proof.init.ProblemInitializer.readEnvInput(ProblemInitializer.java:325)
	at de.uka.ilkd.key.proof.init.ProblemInitializer.prepare(ProblemInitializer.java:449)
	at de.uka.ilkd.key.proof.io.AbstractProblemLoader.createInitConfig(AbstractProblemLoader.java:518)
	at de.uka.ilkd.key.proof.io.AbstractProblemLoader.loadEnvironment(AbstractProblemLoader.java:288)
	at de.uka.ilkd.key.proof.io.AbstractProblemLoader.load(AbstractProblemLoader.java:252)
	at de.uka.ilkd.key.control.AbstractUserInterfaceControl.load(AbstractUserInterfaceControl.java:209)
	... 7 more
Caused by: java.lang.RuntimeException: Could not find rule file rules/intRulesCheckedSemantics.key
	at de.uka.ilkd.key.proof.io.RuleSourceFactory.fromBuiltInRule(RuleSourceFactory.java:32)
	at de.uka.ilkd.key.proof.io.RuleSourceFactory.fromDefaultLocation(RuleSourceFactory.java:21)
	at de.uka.ilkd.key.nparser.builder.IncludeFinder.addInclude(IncludeFinder.java:63)
	at de.uka.ilkd.key.nparser.builder.IncludeFinder.visitOne_include(IncludeFinder.java:43)
	at de.uka.ilkd.key.nparser.builder.IncludeFinder.visitOne_include(IncludeFinder.java:20)
	at de.uka.ilkd.key.nparser.KeYParser$One_includeContext.accept(KeYParser.java:878)
	at de.uka.ilkd.key.nparser.builder.AbstractBuilder.lambda$mapOf$0(AbstractBuilder.java:112)
	at java.base/java.util.stream.ReferencePipeline$3$1.accept(ReferencePipeline.java:195)
	at java.base/java.util.ArrayList$ArrayListSpliterator.forEachRemaining(ArrayList.java:1655)
	at java.base/java.util.stream.AbstractPipeline.copyInto(AbstractPipeline.java:484)
	at java.base/java.util.stream.AbstractPipeline.wrapAndCopyInto(AbstractPipeline.java:474)
	at java.base/java.util.stream.ReduceOps$ReduceOp.evaluateSequential(ReduceOps.java:913)
	at java.base/java.util.stream.AbstractPipeline.evaluate(AbstractPipeline.java:234)
	at java.base/java.util.stream.ReferencePipeline.collect(ReferencePipeline.java:578)
	at de.uka.ilkd.key.nparser.builder.AbstractBuilder.mapOf(AbstractBuilder.java:112)
	at de.uka.ilkd.key.nparser.builder.IncludeFinder.visitOne_include_statement(IncludeFinder.java:35)
	at de.uka.ilkd.key.nparser.builder.IncludeFinder.visitOne_include_statement(IncludeFinder.java:20)
	at de.uka.ilkd.key.nparser.KeYParser$One_include_statementContext.accept(KeYParser.java:802)
	at org.antlr.v4.runtime.tree.AbstractParseTreeVisitor.visitChildren(AbstractParseTreeVisitor.java:46)
	at de.uka.ilkd.key.nparser.KeYParserBaseVisitor.visitDecls(KeYParserBaseVisitor.java:30)
	at de.uka.ilkd.key.nparser.KeYParser$DeclsContext.accept(KeYParser.java:500)
	at org.antlr.v4.runtime.tree.AbstractParseTreeVisitor.visitChildren(AbstractParseTreeVisitor.java:46)
	at de.uka.ilkd.key.nparser.KeYParserBaseVisitor.visitFile(KeYParserBaseVisitor.java:23)
	at de.uka.ilkd.key.nparser.KeYParser$FileContext.accept(KeYParser.java:306)
	at de.uka.ilkd.key.nparser.KeyAst.accept(KeyAst.java:41)
	at de.uka.ilkd.key.nparser.KeyAst$File.getIncludes(KeyAst.java:76)
	at de.uka.ilkd.key.proof.io.KeYFile.readIncludes(KeYFile.java:208)
	... 14 more
Could not find rule file rules/intRulesCheckedSemantics.key (file: /home/runner/work/key/key/key.core/../key.ui/examples/index/.././heap/SmansEtAl/Cell_setX.key; caused by: de.uka.ilkd.key.proof.init.ProofInputException: Could not find rule file rules/intRulesCheckedSemantics.key)
	at de.uka.ilkd.key.control.AbstractUserInterfaceControl.load(AbstractUserInterfaceControl.java:221)
	at de.uka.ilkd.key.control.KeYEnvironment.load(KeYEnvironment.java:251)
	at de.uka.ilkd.key.control.KeYEnvironment.load(KeYEnvironment.java:224)
	at de.uka.ilkd.key.control.KeYEnvironment.load(KeYEnvironment.java:184)
	at de.uka.ilkd.key.control.KeYEnvironment.load(KeYEnvironment.java:261)
	at de.uka.ilkd.key.proof.runallproofs.proofcollection.TestFile.load(TestFile.java:270)
	at de.uka.ilkd.key.proof.runallproofs.proofcollection.TestFile.runKey(TestFile.java:160)
	at de.uka.ilkd.key.proof.runallproofs.proofcollection.ForkedTestFileRunner.main(ForkedTestFileRunner.java:171)
Caused by: de.uka.ilkd.key.proof.init.ProofInputException: Could not find rule file rules/intRulesCheckedSemantics.key
	at de.uka.ilkd.key.proof.io.KeYFile.readIncludes(KeYFile.java:210)
	at de.uka.ilkd.key.proof.init.ProblemInitializer.readIncludes(ProblemInitializer.java:177)
	at de.uka.ilkd.key.proof.init.ProblemInitializer.readEnvInput(ProblemInitializer.java:325)
	at de.uka.ilkd.key.proof.init.ProblemInitializer.prepare(ProblemInitializer.java:449)
	at de.uka.ilkd.key.proof.io.AbstractProblemLoader.createInitConfig(AbstractProblemLoader.java:518)
	at de.uka.ilkd.key.proof.io.AbstractProblemLoader.loadEnvironment(AbstractProblemLoader.java:288)
	at de.uka.ilkd.key.proof.io.AbstractProblemLoader.load(AbstractProblemLoader.java:252)
	at de.uka.ilkd.key.control.AbstractUserInterfaceControl.load(AbstractUserInterfaceControl.java:209)
	... 7 more
Caused by: java.lang.RuntimeException: Could not find rule file rules/intRulesCheckedSemantics.key
	at de.uka.ilkd.key.proof.io.RuleSourceFactory.fromBuiltInRule(RuleSourceFactory.java:32)
	at de.uka.ilkd.key.proof.io.RuleSourceFactory.fromDefaultLocation(RuleSourceFactory.java:21)
	at de.uka.ilkd.key.nparser.builder.IncludeFinder.addInclude(IncludeFinder.java:63)
	at de.uka.ilkd.key.nparser.builder.IncludeFinder.visitOne_include(IncludeFinder.java:43)
	at de.uka.ilkd.key.nparser.builder.IncludeFinder.visitOne_include(IncludeFinder.java:20)
	at de.uka.ilkd.key.nparser.KeYParser$One_includeContext.accept(KeYParser.java:878)
	at de.uka.ilkd.key.nparser.builder.AbstractBuilder.lambda$mapOf$0(AbstractBuilder.java:112)
	at java.base/java.util.stream.ReferencePipeline$3$1.accept(ReferencePipeline.java:195)
	at java.base/java.util.ArrayList$ArrayListSpliterator.forEachRemaining(ArrayList.java:1655)
	at java.base/java.util.stream.AbstractPipeline.copyInto(AbstractPipeline.java:484)
	at java.base/java.util.stream.AbstractPipeline.wrapAndCopyInto(AbstractPipeline.java:474)
	at java.base/java.util.stream.ReduceOps$ReduceOp.evaluateSequential(ReduceOps.java:913)
	at java.base/java.util.stream.AbstractPipeline.evaluate(AbstractPipeline.java:234)
	at java.base/java.util.stream.ReferencePipeline.collect(ReferencePipeline.java:578)
	at de.uka.ilkd.key.nparser.builder.AbstractBuilder.mapOf(AbstractBuilder.java:112)
	at de.uka.ilkd.key.nparser.builder.IncludeFinder.visitOne_include_statement(IncludeFinder.java:35)
	at de.uka.ilkd.key.nparser.builder.IncludeFinder.visitOne_include_statement(IncludeFinder.java:20)
	at de.uka.ilkd.key.nparser.KeYParser$One_include_statementContext.accept(KeYParser.java:802)
	at org.antlr.v4.runtime.tree.AbstractParseTreeVisitor.visitChildren(AbstractParseTreeVisitor.java:46)
	at de.uka.ilkd.key.nparser.KeYParserBaseVisitor.visitDecls(KeYParserBaseVisitor.java:30)
	at de.uka.ilkd.key.nparser.KeYParser$DeclsContext.accept(KeYParser.java:500)
	at org.antlr.v4.runtime.tree.AbstractParseTreeVisitor.visitChildren(AbstractParseTreeVisitor.java:46)
	at de.uka.ilkd.key.nparser.KeYParserBaseVisitor.visitFile(KeYParserBaseVisitor.java:23)
	at de.uka.ilkd.key.nparser.KeYParser$FileContext.accept(KeYParser.java:306)
	at de.uka.ilkd.key.nparser.KeyAst.accept(KeyAst.java:41)
	at de.uka.ilkd.key.nparser.KeyAst$File.getIncludes(KeyAst.java:76)
	at de.uka.ilkd.key.proof.io.KeYFile.readIncludes(KeYFile.java:208)
	... 14 more
Could not find rule file rules/intRulesCheckedSemantics.key (file: /home/runner/work/key/key/key.core/../key.ui/examples/index/.././heap/SmansEtAl/CellClient_m.key; caused by: de.uka.ilkd.key.proof.init.ProofInputException: Could not find rule file rules/intRulesCheckedSemantics.key)
	at de.uka.ilkd.key.control.AbstractUserInterfaceControl.load(AbstractUserInterfaceControl.java:221)
	at de.uka.ilkd.key.control.KeYEnvironment.load(KeYEnvironment.java:251)
	at de.uka.ilkd.key.control.KeYEnvironment.load(KeYEnvironment.java:224)
	at de.uka.ilkd.key.control.KeYEnvironment.load(KeYEnvironment.java:184)
	at de.uka.ilkd.key.control.KeYEnvironment.load(KeYEnvironment.java:261)
	at de.uka.ilkd.key.proof.runallproofs.proofcollection.TestFile.load(TestFile.java:270)
	at de.uka.ilkd.key.proof.runallproofs.proofcollection.TestFile.runKey(TestFile.java:160)
	at de.uka.ilkd.key.proof.runallproofs.proofcollection.ForkedTestFileRunner.main(ForkedTestFileRunner.java:171)
Caused by: de.uka.ilkd.key.proof.init.ProofInputException: Could not find rule file rules/intRulesCheckedSemantics.key
	at de.uka.ilkd.key.proof.io.KeYFile.readIncludes(KeYFile.java:210)
	at de.uka.ilkd.key.proof.init.ProblemInitializer.readIncludes(ProblemInitializer.java:177)
	at de.uka.ilkd.key.proof.init.ProblemInitializer.readEnvInput(ProblemInitializer.java:325)
	at de.uka.ilkd.key.proof.init.ProblemInitializer.prepare(ProblemInitializer.java:449)
	at de.uka.ilkd.key.proof.io.AbstractProblemLoader.createInitConfig(AbstractProblemLoader.java:518)
	at de.uka.ilkd.key.proof.io.AbstractProblemLoader.loadEnvironment(AbstractProblemLoader.java:288)
	at de.uka.ilkd.key.proof.io.AbstractProblemLoader.load(AbstractProblemLoader.java:252)
	at de.uka.ilkd.key.control.AbstractUserInterfaceControl.load(AbstractUserInterfaceControl.java:209)
	... 7 more
Caused by: java.lang.RuntimeException: Could not find rule file rules/intRulesCheckedSemantics.key
	at de.uka.ilkd.key.proof.io.RuleSourceFactory.fromBuiltInRule(RuleSourceFactory.java:32)
	at de.uka.ilkd.key.proof.io.RuleSourceFactory.fromDefaultLocation(RuleSourceFactory.java:21)
	at de.uka.ilkd.key.nparser.builder.IncludeFinder.addInclude(IncludeFinder.java:63)
	at de.uka.ilkd.key.nparser.builder.IncludeFinder.visitOne_include(IncludeFinder.java:43)
	at de.uka.ilkd.key.nparser.builder.IncludeFinder.visitOne_include(IncludeFinder.java:20)
	at de.uka.ilkd.key.nparser.KeYParser$One_includeContext.accept(KeYParser.java:878)
	at de.uka.ilkd.key.nparser.builder.AbstractBuilder.lambda$mapOf$0(AbstractBuilder.java:112)
	at java.base/java.util.stream.ReferencePipeline$3$1.accept(ReferencePipeline.java:195)
	at java.base/java.util.ArrayList$ArrayListSpliterator.forEachRemaining(ArrayList.java:1655)
	at java.base/java.util.stream.AbstractPipeline.copyInto(AbstractPipeline.java:484)
	at java.base/java.util.stream.AbstractPipeline.wrapAndCopyInto(AbstractPipeline.java:474)
	at java.base/java.util.stream.ReduceOps$ReduceOp.evaluateSequential(ReduceOps.java:913)
	at java.base/java.util.stream.AbstractPipeline.evaluate(AbstractPipeline.java:234)
	at java.base/java.util.stream.ReferencePipeline.collect(ReferencePipeline.java:578)
	at de.uka.ilkd.key.nparser.builder.AbstractBuilder.mapOf(AbstractBuilder.java:112)
	at de.uka.ilkd.key.nparser.builder.IncludeFinder.visitOne_include_statement(IncludeFinder.java:35)
	at de.uka.ilkd.key.nparser.builder.IncludeFinder.visitOne_include_statement(IncludeFinder.java:20)
	at de.uka.ilkd.key.nparser.KeYParser$One_include_statementContext.accept(KeYParser.java:802)
	at org.antlr.v4.runtime.tree.AbstractParseTreeVisitor.visitChildren(AbstractParseTreeVisitor.java:46)
	at de.uka.ilkd.key.nparser.KeYParserBaseVisitor.visitDecls(KeYParserBaseVisitor.java:30)
	at de.uka.ilkd.key.nparser.KeYParser$DeclsContext.accept(KeYParser.java:500)
	at org.antlr.v4.runtime.tree.AbstractParseTreeVisitor.visitChildren(AbstractParseTreeVisitor.java:46)
	at de.uka.ilkd.key.nparser.KeYParserBaseVisitor.visitFile(KeYParserBaseVisitor.java:23)
	at de.uka.ilkd.key.nparser.KeYParser$FileContext.accept(KeYParser.java:306)
	at de.uka.ilkd.key.nparser.KeyAst.accept(KeyAst.java:41)
	at de.uka.ilkd.key.nparser.KeyAst$File.getIncludes(KeyAst.java:76)
	at de.uka.ilkd.key.proof.io.KeYFile.readIncludes(KeYFile.java:208)
	... 14 more
Could not find rule file rules/intRulesCheckedSemantics.key (file: /home/runner/work/key/key/key.core/../key.ui/examples/index/.././heap/SmansEtAl/Iterator_footprint.key; caused by: de.uka.ilkd.key.proof.init.ProofInputException: Could not find rule file rules/intRulesCheckedSemantics.key)
	at de.uka.ilkd.key.control.AbstractUserInterfaceControl.load(AbstractUserInterfaceControl.java:221)
	at de.uka.ilkd.key.control.KeYEnvironment.load(KeYEnvironment.java:251)
	at de.uka.ilkd.key.control.KeYEnvironment.load(KeYEnvironment.java:224)
	at de.uka.ilkd.key.control.KeYEnvironment.load(KeYEnvironment.java:184)
	at de.uka.ilkd.key.control.KeYEnvironment.load(KeYEnvironment.java:261)
	at de.uka.ilkd.key.proof.runallproofs.proofcollection.TestFile.load(TestFile.java:270)
	at de.uka.ilkd.key.proof.runallproofs.proofcollection.TestFile.runKey(TestFile.java:160)
	at de.uka.ilkd.key.proof.runallproofs.proofcollection.ForkedTestFileRunner.main(ForkedTestFileRunner.java:171)
Caused by: de.uka.ilkd.key.proof.init.ProofInputException: Could not find rule file rules/intRulesCheckedSemantics.key
	at de.uka.ilkd.key.proof.io.KeYFile.readIncludes(KeYFile.java:210)
	at de.uka.ilkd.key.proof.init.ProblemInitializer.readIncludes(ProblemInitializer.java:177)
	at de.uka.ilkd.key.proof.init.ProblemInitializer.readEnvInput(ProblemInitializer.java:325)
	at de.uka.ilkd.key.proof.init.ProblemInitializer.prepare(ProblemInitializer.java:449)
	at de.uka.ilkd.key.proof.io.AbstractProblemLoader.createInitConfig(AbstractProblemLoader.java:518)
	at de.uka.ilkd.key.proof.io.AbstractProblemLoader.loadEnvironment(AbstractProblemLoader.java:288)
	at de.uka.ilkd.key.proof.io.AbstractProblemLoader.load(AbstractProblemLoader.java:252)
	at de.uka.ilkd.key.control.AbstractUserInterfaceControl.load(AbstractUserInterfaceControl.java:209)
	... 7 more
Caused by: java.lang.RuntimeException: Could not find rule file rules/intRulesCheckedSemantics.key
	at de.uka.ilkd.key.proof.io.RuleSourceFactory.fromBuiltInRule(RuleSourceFactory.java:32)
	at de.uka.ilkd.key.proof.io.RuleSourceFactory.fromDefaultLocation(RuleSourceFactory.java:21)
	at de.uka.ilkd.key.nparser.builder.IncludeFinder.addInclude(IncludeFinder.java:63)
	at de.uka.ilkd.key.nparser.builder.IncludeFinder.visitOne_include(IncludeFinder.java:43)
	at de.uka.ilkd.key.nparser.builder.IncludeFinder.visitOne_include(IncludeFinder.java:20)
	at de.uka.ilkd.key.nparser.KeYParser$One_includeContext.accept(KeYParser.java:878)
	at de.uka.ilkd.key.nparser.builder.AbstractBuilder.lambda$mapOf$0(AbstractBuilder.java:112)
	at java.base/java.util.stream.ReferencePipeline$3$1.accept(ReferencePipeline.java:195)
	at java.base/java.util.ArrayList$ArrayListSpliterator.forEachRemaining(ArrayList.java:1655)
	at java.base/java.util.stream.AbstractPipeline.copyInto(AbstractPipeline.java:484)
	at java.base/java.util.stream.AbstractPipeline.wrapAndCopyInto(AbstractPipeline.java:474)
	at java.base/java.util.stream.ReduceOps$ReduceOp.evaluateSequential(ReduceOps.java:913)
	at java.base/java.util.stream.AbstractPipeline.evaluate(AbstractPipeline.java:234)
	at java.base/java.util.stream.ReferencePipeline.collect(ReferencePipeline.java:578)
	at de.uka.ilkd.key.nparser.builder.AbstractBuilder.mapOf(AbstractBuilder.java:112)
	at de.uka.ilkd.key.nparser.builder.IncludeFinder.visitOne_include_statement(IncludeFinder.java:35)
	at de.uka.ilkd.key.nparser.builder.IncludeFinder.visitOne_include_statement(IncludeFinder.java:20)
	at de.uka.ilkd.key.nparser.KeYParser$One_include_statementContext.accept(KeYParser.java:802)
	at org.antlr.v4.runtime.tree.AbstractParseTreeVisitor.visitChildren(AbstractParseTreeVisitor.java:46)
	at de.uka.ilkd.key.nparser.KeYParserBaseVisitor.visitDecls(KeYParserBaseVisitor.java:30)
	at de.uka.ilkd.key.nparser.KeYParser$DeclsContext.accept(KeYParser.java:500)
	at org.antlr.v4.runtime.tree.AbstractParseTreeVisitor.visitChildren(AbstractParseTreeVisitor.java:46)
	at de.uka.ilkd.key.nparser.KeYParserBaseVisitor.visitFile(KeYParserBaseVisitor.java:23)
	at de.uka.ilkd.key.nparser.KeYParser$FileContext.accept(KeYParser.java:306)
	at de.uka.ilkd.key.nparser.KeyAst.accept(KeyAst.java:41)
	at de.uka.ilkd.key.nparser.KeyAst$File.getIncludes(KeyAst.java:76)
	at de.uka.ilkd.key.proof.io.KeYFile.readIncludes(KeYFile.java:208)
	... 14 more
Could not find rule file rules/intRulesCheckedSemantics.key (file: /home/runner/work/key/key/key.core/../key.ui/examples/index/.././heap/SmansEtAl/Iterator_hasNext_dep.key; caused by: de.uka.ilkd.key.proof.init.ProofInputException: Could not find rule file rules/intRulesCheckedSemantics.key)
	at de.uka.ilkd.key.control.AbstractUserInterfaceControl.load(AbstractUserInterfaceControl.java:221)
	at de.uka.ilkd.key.control.KeYEnvironment.load(KeYEnvironment.java:251)
	at de.uka.ilkd.key.control.KeYEnvironment.load(KeYEnvironment.java:224)
	at de.uka.ilkd.key.control.KeYEnvironment.load(KeYEnvironment.java:184)
	at de.uka.ilkd.key.control.KeYEnvironment.load(KeYEnvironment.java:261)
	at de.uka.ilkd.key.proof.runallproofs.proofcollection.TestFile.load(TestFile.java:270)
	at de.uka.ilkd.key.proof.runallproofs.proofcollection.TestFile.runKey(TestFile.java:160)
	at de.uka.ilkd.key.proof.runallproofs.proofcollection.ForkedTestFileRunner.main(ForkedTestFileRunner.java:171)
Caused by: de.uka.ilkd.key.proof.init.ProofInputException: Could not find rule file rules/intRulesCheckedSemantics.key
	at de.uka.ilkd.key.proof.io.KeYFile.readIncludes(KeYFile.java:210)
	at de.uka.ilkd.key.proof.init.ProblemInitializer.readIncludes(ProblemInitializer.java:177)
	at de.uka.ilkd.key.proof.init.ProblemInitializer.readEnvInput(ProblemInitializer.java:325)
	at de.uka.ilkd.key.proof.init.ProblemInitializer.prepare(ProblemInitializer.java:449)
	at de.uka.ilkd.key.proof.io.AbstractProblemLoader.createInitConfig(AbstractProblemLoader.java:518)
	at de.uka.ilkd.key.proof.io.AbstractProblemLoader.loadEnvironment(AbstractProblemLoader.java:288)
	at de.uka.ilkd.key.proof.io.AbstractProblemLoader.load(AbstractProblemLoader.java:252)
	at de.uka.ilkd.key.control.AbstractUserInterfaceControl.load(AbstractUserInterfaceControl.java:209)
	... 7 more
Caused by: java.lang.RuntimeException: Could not find rule file rules/intRulesCheckedSemantics.key
	at de.uka.ilkd.key.proof.io.RuleSourceFactory.fromBuiltInRule(RuleSourceFactory.java:32)
	at de.uka.ilkd.key.proof.io.RuleSourceFactory.fromDefaultLocation(RuleSourceFactory.java:21)
	at de.uka.ilkd.key.nparser.builder.IncludeFinder.addInclude(IncludeFinder.java:63)
	at de.uka.ilkd.key.nparser.builder.IncludeFinder.visitOne_include(IncludeFinder.java:43)
	at de.uka.ilkd.key.nparser.builder.IncludeFinder.visitOne_include(IncludeFinder.java:20)
	at de.uka.ilkd.key.nparser.KeYParser$One_includeContext.accept(KeYParser.java:878)
	at de.uka.ilkd.key.nparser.builder.AbstractBuilder.lambda$mapOf$0(AbstractBuilder.java:112)
	at java.base/java.util.stream.ReferencePipeline$3$1.accept(ReferencePipeline.java:195)
	at java.base/java.util.ArrayList$ArrayListSpliterator.forEachRemaining(ArrayList.java:1655)
	at java.base/java.util.stream.AbstractPipeline.copyInto(AbstractPipeline.java:484)
	at java.base/java.util.stream.AbstractPipeline.wrapAndCopyInto(AbstractPipeline.java:474)
	at java.base/java.util.stream.ReduceOps$ReduceOp.evaluateSequential(ReduceOps.java:913)
	at java.base/java.util.stream.AbstractPipeline.evaluate(AbstractPipeline.java:234)
	at java.base/java.util.stream.ReferencePipeline.collect(ReferencePipeline.java:578)
	at de.uka.ilkd.key.nparser.builder.AbstractBuilder.mapOf(AbstractBuilder.java:112)
	at de.uka.ilkd.key.nparser.builder.IncludeFinder.visitOne_include_statement(IncludeFinder.java:35)
	at de.uka.ilkd.key.nparser.builder.IncludeFinder.visitOne_include_statement(IncludeFinder.java:20)
	at de.uka.ilkd.key.nparser.KeYParser$One_include_statementContext.accept(KeYParser.java:802)
	at org.antlr.v4.runtime.tree.AbstractParseTreeVisitor.visitChildren(AbstractParseTreeVisitor.java:46)
	at de.uka.ilkd.key.nparser.KeYParserBaseVisitor.visitDecls(KeYParserBaseVisitor.java:30)
	at de.uka.ilkd.key.nparser.KeYParser$DeclsContext.accept(KeYParser.java:500)
	at org.antlr.v4.runtime.tree.AbstractParseTreeVisitor.visitChildren(AbstractParseTreeVisitor.java:46)
	at de.uka.ilkd.key.nparser.KeYParserBaseVisitor.visitFile(KeYParserBaseVisitor.java:23)
	at de.uka.ilkd.key.nparser.KeYParser$FileContext.accept(KeYParser.java:306)
	at de.uka.ilkd.key.nparser.KeyAst.accept(KeyAst.java:41)
	at de.uka.ilkd.key.nparser.KeyAst$File.getIncludes(KeyAst.java:76)
	at de.uka.ilkd.key.proof.io.KeYFile.readIncludes(KeYFile.java:208)
	... 14 more
Could not find rule file rules/intRulesCheckedSemantics.key (file: /home/runner/work/key/key/key.core/../key.ui/examples/index/.././heap/SmansEtAl/Iterator_hasNext.key; caused by: de.uka.ilkd.key.proof.init.ProofInputException: Could not find rule file rules/intRulesCheckedSemantics.key)
	at de.uka.ilkd.key.control.AbstractUserInterfaceControl.load(AbstractUserInterfaceControl.java:221)
	at de.uka.ilkd.key.control.KeYEnvironment.load(KeYEnvironment.java:251)
	at de.uka.ilkd.key.control.KeYEnvironment.load(KeYEnvironment.java:224)
	at de.uka.ilkd.key.control.KeYEnvironment.load(KeYEnvironment.java:184)
	at de.uka.ilkd.key.control.KeYEnvironment.load(KeYEnvironment.java:261)
	at de.uka.ilkd.key.proof.runallproofs.proofcollection.TestFile.load(TestFile.java:270)
	at de.uka.ilkd.key.proof.runallproofs.proofcollection.TestFile.runKey(TestFile.java:160)
	at de.uka.ilkd.key.proof.runallproofs.proofcollection.ForkedTestFileRunner.main(ForkedTestFileRunner.java:171)
Caused by: de.uka.ilkd.key.proof.init.ProofInputException: Could not find rule file rules/intRulesCheckedSemantics.key
	at de.uka.ilkd.key.proof.io.KeYFile.readIncludes(KeYFile.java:210)
	at de.uka.ilkd.key.proof.init.ProblemInitializer.readIncludes(ProblemInitializer.java:177)
	at de.uka.ilkd.key.proof.init.ProblemInitializer.readEnvInput(ProblemInitializer.java:325)
	at de.uka.ilkd.key.proof.init.ProblemInitializer.prepare(ProblemInitializer.java:449)
	at de.uka.ilkd.key.proof.io.AbstractProblemLoader.createInitConfig(AbstractProblemLoader.java:518)
	at de.uka.ilkd.key.proof.io.AbstractProblemLoader.loadEnvironment(AbstractProblemLoader.java:288)
	at de.uka.ilkd.key.proof.io.AbstractProblemLoader.load(AbstractProblemLoader.java:252)
	at de.uka.ilkd.key.control.AbstractUserInterfaceControl.load(AbstractUserInterfaceControl.java:209)
	... 7 more
Caused by: java.lang.RuntimeException: Could not find rule file rules/intRulesCheckedSemantics.key
	at de.uka.ilkd.key.proof.io.RuleSourceFactory.fromBuiltInRule(RuleSourceFactory.java:32)
	at de.uka.ilkd.key.proof.io.RuleSourceFactory.fromDefaultLocation(RuleSourceFactory.java:21)
	at de.uka.ilkd.key.nparser.builder.IncludeFinder.addInclude(IncludeFinder.java:63)
	at de.uka.ilkd.key.nparser.builder.IncludeFinder.visitOne_include(IncludeFinder.java:43)
	at de.uka.ilkd.key.nparser.builder.IncludeFinder.visitOne_include(IncludeFinder.java:20)
	at de.uka.ilkd.key.nparser.KeYParser$One_includeContext.accept(KeYParser.java:878)
	at de.uka.ilkd.key.nparser.builder.AbstractBuilder.lambda$mapOf$0(AbstractBuilder.java:112)
	at java.base/java.util.stream.ReferencePipeline$3$1.accept(ReferencePipeline.java:195)
	at java.base/java.util.ArrayList$ArrayListSpliterator.forEachRemaining(ArrayList.java:1655)
	at java.base/java.util.stream.AbstractPipeline.copyInto(AbstractPipeline.java:484)
	at java.base/java.util.stream.AbstractPipeline.wrapAndCopyInto(AbstractPipeline.java:474)
	at java.base/java.util.stream.ReduceOps$ReduceOp.evaluateSequential(ReduceOps.java:913)
	at java.base/java.util.stream.AbstractPipeline.evaluate(AbstractPipeline.java:234)
	at java.base/java.util.stream.ReferencePipeline.collect(ReferencePipeline.java:578)
	at de.uka.ilkd.key.nparser.builder.AbstractBuilder.mapOf(AbstractBuilder.java:112)
	at de.uka.ilkd.key.nparser.builder.IncludeFinder.visitOne_include_statement(IncludeFinder.java:35)
	at de.uka.ilkd.key.nparser.builder.IncludeFinder.visitOne_include_statement(IncludeFinder.java:20)
	at de.uka.ilkd.key.nparser.KeYParser$One_include_statementContext.accept(KeYParser.java:802)
	at org.antlr.v4.runtime.tree.AbstractParseTreeVisitor.visitChildren(AbstractParseTreeVisitor.java:46)
	at de.uka.ilkd.key.nparser.KeYParserBaseVisitor.visitDecls(KeYParserBaseVisitor.java:30)
	at de.uka.ilkd.key.nparser.KeYParser$DeclsContext.accept(KeYParser.java:500)
	at org.antlr.v4.runtime.tree.AbstractParseTreeVisitor.visitChildren(AbstractParseTreeVisitor.java:46)
	at de.uka.ilkd.key.nparser.KeYParserBaseVisitor.visitFile(KeYParserBaseVisitor.java:23)
	at de.uka.ilkd.key.nparser.KeYParser$FileContext.accept(KeYParser.java:306)
	at de.uka.ilkd.key.nparser.KeyAst.accept(KeyAst.java:41)
	at de.uka.ilkd.key.nparser.KeyAst$File.getIncludes(KeyAst.java:76)
	at de.uka.ilkd.key.proof.io.KeYFile.readIncludes(KeYFile.java:208)
	... 14 more
Could not find rule file rules/intRulesCheckedSemantics.key (file: /home/runner/work/key/key/key.core/../key.ui/examples/index/.././heap/SmansEtAl/Iterator_inv.key; caused by: de.uka.ilkd.key.proof.init.ProofInputException: Could not find rule file rules/intRulesCheckedSemantics.key)
	at de.uka.ilkd.key.control.AbstractUserInterfaceControl.load(AbstractUserInterfaceControl.java:221)
	at de.uka.ilkd.key.control.KeYEnvironment.load(KeYEnvironment.java:251)
	at de.uka.ilkd.key.control.KeYEnvironment.load(KeYEnvironment.java:224)
	at de.uka.ilkd.key.control.KeYEnvironment.load(KeYEnvironment.java:184)
	at de.uka.ilkd.key.control.KeYEnvironment.load(KeYEnvironment.java:261)
	at de.uka.ilkd.key.proof.runallproofs.proofcollection.TestFile.load(TestFile.java:270)
	at de.uka.ilkd.key.proof.runallproofs.proofcollection.TestFile.runKey(TestFile.java:160)
	at de.uka.ilkd.key.proof.runallproofs.proofcollection.ForkedTestFileRunner.main(ForkedTestFileRunner.java:171)
Caused by: de.uka.ilkd.key.proof.init.ProofInputException: Could not find rule file rules/intRulesCheckedSemantics.key
	at de.uka.ilkd.key.proof.io.KeYFile.readIncludes(KeYFile.java:210)
	at de.uka.ilkd.key.proof.init.ProblemInitializer.readIncludes(ProblemInitializer.java:177)
	at de.uka.ilkd.key.proof.init.ProblemInitializer.readEnvInput(ProblemInitializer.java:325)
	at de.uka.ilkd.key.proof.init.ProblemInitializer.prepare(ProblemInitializer.java:449)
	at de.uka.ilkd.key.proof.io.AbstractProblemLoader.createInitConfig(AbstractProblemLoader.java:518)
	at de.uka.ilkd.key.proof.io.AbstractProblemLoader.loadEnvironment(AbstractProblemLoader.java:288)
	at de.uka.ilkd.key.proof.io.AbstractProblemLoader.load(AbstractProblemLoader.java:252)
	at de.uka.ilkd.key.control.AbstractUserInterfaceControl.load(AbstractUserInterfaceControl.java:209)
	... 7 more
Caused by: java.lang.RuntimeException: Could not find rule file rules/intRulesCheckedSemantics.key
	at de.uka.ilkd.key.proof.io.RuleSourceFactory.fromBuiltInRule(RuleSourceFactory.java:32)
	at de.uka.ilkd.key.proof.io.RuleSourceFactory.fromDefaultLocation(RuleSourceFactory.java:21)
	at de.uka.ilkd.key.nparser.builder.IncludeFinder.addInclude(IncludeFinder.java:63)
	at de.uka.ilkd.key.nparser.builder.IncludeFinder.visitOne_include(IncludeFinder.java:43)
	at de.uka.ilkd.key.nparser.builder.IncludeFinder.visitOne_include(IncludeFinder.java:20)
	at de.uka.ilkd.key.nparser.KeYParser$One_includeContext.accept(KeYParser.java:878)
	at de.uka.ilkd.key.nparser.builder.AbstractBuilder.lambda$mapOf$0(AbstractBuilder.java:112)
	at java.base/java.util.stream.ReferencePipeline$3$1.accept(ReferencePipeline.java:195)
	at java.base/java.util.ArrayList$ArrayListSpliterator.forEachRemaining(ArrayList.java:1655)
	at java.base/java.util.stream.AbstractPipeline.copyInto(AbstractPipeline.java:484)
	at java.base/java.util.stream.AbstractPipeline.wrapAndCopyInto(AbstractPipeline.java:474)
	at java.base/java.util.stream.ReduceOps$ReduceOp.evaluateSequential(ReduceOps.java:913)
	at java.base/java.util.stream.AbstractPipeline.evaluate(AbstractPipeline.java:234)
	at java.base/java.util.stream.ReferencePipeline.collect(ReferencePipeline.java:578)
	at de.uka.ilkd.key.nparser.builder.AbstractBuilder.mapOf(AbstractBuilder.java:112)
	at de.uka.ilkd.key.nparser.builder.IncludeFinder.visitOne_include_statement(IncludeFinder.java:35)
	at de.uka.ilkd.key.nparser.builder.IncludeFinder.visitOne_include_statement(IncludeFinder.java:20)
	at de.uka.ilkd.key.nparser.KeYParser$One_include_statementContext.accept(KeYParser.java:802)
	at org.antlr.v4.runtime.tree.AbstractParseTreeVisitor.visitChildren(AbstractParseTreeVisitor.java:46)
	at de.uka.ilkd.key.nparser.KeYParserBaseVisitor.visitDecls(KeYParserBaseVisitor.java:30)
	at de.uka.ilkd.key.nparser.KeYParser$DeclsContext.accept(KeYParser.java:500)
	at org.antlr.v4.runtime.tree.AbstractParseTreeVisitor.visitChildren(AbstractParseTreeVisitor.java:46)
	at de.uka.ilkd.key.nparser.KeYParserBaseVisitor.visitFile(KeYParserBaseVisitor.java:23)
	at de.uka.ilkd.key.nparser.KeYParser$FileContext.accept(KeYParser.java:306)
	at de.uka.ilkd.key.nparser.KeyAst.accept(KeyAst.java:41)
	at de.uka.ilkd.key.nparser.KeyAst$File.getIncludes(KeyAst.java:76)
	at de.uka.ilkd.key.proof.io.KeYFile.readIncludes(KeYFile.java:208)
	... 14 more
Could not find rule file rules/intRulesCheckedSemantics.key (file: /home/runner/work/key/key/key.core/../key.ui/examples/index/.././heap/SmansEtAl/Iterator_Iterator.key; caused by: de.uka.ilkd.key.proof.init.ProofInputException: Could not find rule file rules/intRulesCheckedSemantics.key)
	at de.uka.ilkd.key.control.AbstractUserInterfaceControl.load(AbstractUserInterfaceControl.java:221)
	at de.uka.ilkd.key.control.KeYEnvironment.load(KeYEnvironment.java:251)
	at de.uka.ilkd.key.control.KeYEnvironment.load(KeYEnvironment.java:224)
	at de.uka.ilkd.key.control.KeYEnvironment.load(KeYEnvironment.java:184)
	at de.uka.ilkd.key.control.KeYEnvironment.load(KeYEnvironment.java:261)
	at de.uka.ilkd.key.proof.runallproofs.proofcollection.TestFile.load(TestFile.java:270)
	at de.uka.ilkd.key.proof.runallproofs.proofcollection.TestFile.runKey(TestFile.java:160)
	at de.uka.ilkd.key.proof.runallproofs.proofcollection.ForkedTestFileRunner.main(ForkedTestFileRunner.java:171)
Caused by: de.uka.ilkd.key.proof.init.ProofInputException: Could not find rule file rules/intRulesCheckedSemantics.key
	at de.uka.ilkd.key.proof.io.KeYFile.readIncludes(KeYFile.java:210)
	at de.uka.ilkd.key.proof.init.ProblemInitializer.readIncludes(ProblemInitializer.java:177)
	at de.uka.ilkd.key.proof.init.ProblemInitializer.readEnvInput(ProblemInitializer.java:325)
	at de.uka.ilkd.key.proof.init.ProblemInitializer.prepare(ProblemInitializer.java:449)
	at de.uka.ilkd.key.proof.io.AbstractProblemLoader.createInitConfig(AbstractProblemLoader.java:518)
	at de.uka.ilkd.key.proof.io.AbstractProblemLoader.loadEnvironment(AbstractProblemLoader.java:288)
	at de.uka.ilkd.key.proof.io.AbstractProblemLoader.load(AbstractProblemLoader.java:252)
	at de.uka.ilkd.key.control.AbstractUserInterfaceControl.load(AbstractUserInterfaceControl.java:209)
	... 7 more
Caused by: java.lang.RuntimeException: Could not find rule file rules/intRulesCheckedSemantics.key
	at de.uka.ilkd.key.proof.io.RuleSourceFactory.fromBuiltInRule(RuleSourceFactory.java:32)
	at de.uka.ilkd.key.proof.io.RuleSourceFactory.fromDefaultLocation(RuleSourceFactory.java:21)
	at de.uka.ilkd.key.nparser.builder.IncludeFinder.addInclude(IncludeFinder.java:63)
	at de.uka.ilkd.key.nparser.builder.IncludeFinder.visitOne_include(IncludeFinder.java:43)
	at de.uka.ilkd.key.nparser.builder.IncludeFinder.visitOne_include(IncludeFinder.java:20)
	at de.uka.ilkd.key.nparser.KeYParser$One_includeContext.accept(KeYParser.java:878)
	at de.uka.ilkd.key.nparser.builder.AbstractBuilder.lambda$mapOf$0(AbstractBuilder.java:112)
	at java.base/java.util.stream.ReferencePipeline$3$1.accept(ReferencePipeline.java:195)
	at java.base/java.util.ArrayList$ArrayListSpliterator.forEachRemaining(ArrayList.java:1655)
	at java.base/java.util.stream.AbstractPipeline.copyInto(AbstractPipeline.java:484)
	at java.base/java.util.stream.AbstractPipeline.wrapAndCopyInto(AbstractPipeline.java:474)
	at java.base/java.util.stream.ReduceOps$ReduceOp.evaluateSequential(ReduceOps.java:913)
	at java.base/java.util.stream.AbstractPipeline.evaluate(AbstractPipeline.java:234)
	at java.base/java.util.stream.ReferencePipeline.collect(ReferencePipeline.java:578)
	at de.uka.ilkd.key.nparser.builder.AbstractBuilder.mapOf(AbstractBuilder.java:112)
	at de.uka.ilkd.key.nparser.builder.IncludeFinder.visitOne_include_statement(IncludeFinder.java:35)
	at de.uka.ilkd.key.nparser.builder.IncludeFinder.visitOne_include_statement(IncludeFinder.java:20)
	at de.uka.ilkd.key.nparser.KeYParser$One_include_statementContext.accept(KeYParser.java:802)
	at org.antlr.v4.runtime.tree.AbstractParseTreeVisitor.visitChildren(AbstractParseTreeVisitor.java:46)
	at de.uka.ilkd.key.nparser.KeYParserBaseVisitor.visitDecls(KeYParserBaseVisitor.java:30)
	at de.uka.ilkd.key.nparser.KeYParser$DeclsContext.accept(KeYParser.java:500)
	at org.antlr.v4.runtime.tree.AbstractParseTreeVisitor.visitChildren(AbstractParseTreeVisitor.java:46)
	at de.uka.ilkd.key.nparser.KeYParserBaseVisitor.visitFile(KeYParserBaseVisitor.java:23)
	at de.uka.ilkd.key.nparser.KeYParser$FileContext.accept(KeYParser.java:306)
	at de.uka.ilkd.key.nparser.KeyAst.accept(KeyAst.java:41)
	at de.uka.ilkd.key.nparser.KeyAst$File.getIncludes(KeyAst.java:76)
	at de.uka.ilkd.key.proof.io.KeYFile.readIncludes(KeYFile.java:208)
	... 14 more
Could not find rule file rules/intRulesCheckedSemantics.key (file: /home/runner/work/key/key/key.core/../key.ui/examples/index/.././heap/SmansEtAl/Iterator_list_dep.key; caused by: de.uka.ilkd.key.proof.init.ProofInputException: Could not find rule file rules/intRulesCheckedSemantics.key)
	at de.uka.ilkd.key.control.AbstractUserInterfaceControl.load(AbstractUserInterfaceControl.java:221)
	at de.uka.ilkd.key.control.KeYEnvironment.load(KeYEnvironment.java:251)
	at de.uka.ilkd.key.control.KeYEnvironment.load(KeYEnvironment.java:224)
	at de.uka.ilkd.key.control.KeYEnvironment.load(KeYEnvironment.java:184)
	at de.uka.ilkd.key.control.KeYEnvironment.load(KeYEnvironment.java:261)
	at de.uka.ilkd.key.proof.runallproofs.proofcollection.TestFile.load(TestFile.java:270)
	at de.uka.ilkd.key.proof.runallproofs.proofcollection.TestFile.runKey(TestFile.java:160)
	at de.uka.ilkd.key.proof.runallproofs.proofcollection.ForkedTestFileRunner.main(ForkedTestFileRunner.java:171)
Caused by: de.uka.ilkd.key.proof.init.ProofInputException: Could not find rule file rules/intRulesCheckedSemantics.key
	at de.uka.ilkd.key.proof.io.KeYFile.readIncludes(KeYFile.java:210)
	at de.uka.ilkd.key.proof.init.ProblemInitializer.readIncludes(ProblemInitializer.java:177)
	at de.uka.ilkd.key.proof.init.ProblemInitializer.readEnvInput(ProblemInitializer.java:325)
	at de.uka.ilkd.key.proof.init.ProblemInitializer.prepare(ProblemInitializer.java:449)
	at de.uka.ilkd.key.proof.io.AbstractProblemLoader.createInitConfig(AbstractProblemLoader.java:518)
	at de.uka.ilkd.key.proof.io.AbstractProblemLoader.loadEnvironment(AbstractProblemLoader.java:288)
	at de.uka.ilkd.key.proof.io.AbstractProblemLoader.load(AbstractProblemLoader.java:252)
	at de.uka.ilkd.key.control.AbstractUserInterfaceControl.load(AbstractUserInterfaceControl.java:209)
	... 7 more
Caused by: java.lang.RuntimeException: Could not find rule file rules/intRulesCheckedSemantics.key
	at de.uka.ilkd.key.proof.io.RuleSourceFactory.fromBuiltInRule(RuleSourceFactory.java:32)
	at de.uka.ilkd.key.proof.io.RuleSourceFactory.fromDefaultLocation(RuleSourceFactory.java:21)
	at de.uka.ilkd.key.nparser.builder.IncludeFinder.addInclude(IncludeFinder.java:63)
	at de.uka.ilkd.key.nparser.builder.IncludeFinder.visitOne_include(IncludeFinder.java:43)
	at de.uka.ilkd.key.nparser.builder.IncludeFinder.visitOne_include(IncludeFinder.java:20)
	at de.uka.ilkd.key.nparser.KeYParser$One_includeContext.accept(KeYParser.java:878)
	at de.uka.ilkd.key.nparser.builder.AbstractBuilder.lambda$mapOf$0(AbstractBuilder.java:112)
	at java.base/java.util.stream.ReferencePipeline$3$1.accept(ReferencePipeline.java:195)
	at java.base/java.util.ArrayList$ArrayListSpliterator.forEachRemaining(ArrayList.java:1655)
	at java.base/java.util.stream.AbstractPipeline.copyInto(AbstractPipeline.java:484)
	at java.base/java.util.stream.AbstractPipeline.wrapAndCopyInto(AbstractPipeline.java:474)
	at java.base/java.util.stream.ReduceOps$ReduceOp.evaluateSequential(ReduceOps.java:913)
	at java.base/java.util.stream.AbstractPipeline.evaluate(AbstractPipeline.java:234)
	at java.base/java.util.stream.ReferencePipeline.collect(ReferencePipeline.java:578)
	at de.uka.ilkd.key.nparser.builder.AbstractBuilder.mapOf(AbstractBuilder.java:112)
	at de.uka.ilkd.key.nparser.builder.IncludeFinder.visitOne_include_statement(IncludeFinder.java:35)
	at de.uka.ilkd.key.nparser.builder.IncludeFinder.visitOne_include_statement(IncludeFinder.java:20)
	at de.uka.ilkd.key.nparser.KeYParser$One_include_statementContext.accept(KeYParser.java:802)
	at org.antlr.v4.runtime.tree.AbstractParseTreeVisitor.visitChildren(AbstractParseTreeVisitor.java:46)
	at de.uka.ilkd.key.nparser.KeYParserBaseVisitor.visitDecls(KeYParserBaseVisitor.java:30)
	at de.uka.ilkd.key.nparser.KeYParser$DeclsContext.accept(KeYParser.java:500)
	at org.antlr.v4.runtime.tree.AbstractParseTreeVisitor.visitChildren(AbstractParseTreeVisitor.java:46)
	at de.uka.ilkd.key.nparser.KeYParserBaseVisitor.visitFile(KeYParserBaseVisitor.java:23)
	at de.uka.ilkd.key.nparser.KeYParser$FileContext.accept(KeYParser.java:306)
	at de.uka.ilkd.key.nparser.KeyAst.accept(KeyAst.java:41)
	at de.uka.ilkd.key.nparser.KeyAst$File.getIncludes(KeyAst.java:76)
	at de.uka.ilkd.key.proof.io.KeYFile.readIncludes(KeYFile.java:208)
	... 14 more
Could not find rule file rules/intRulesCheckedSemantics.key (file: /home/runner/work/key/key/key.core/../key.ui/examples/index/.././heap/SmansEtAl/Iterator_list.key; caused by: de.uka.ilkd.key.proof.init.ProofInputException: Could not find rule file rules/intRulesCheckedSemantics.key)
	at de.uka.ilkd.key.control.AbstractUserInterfaceControl.load(AbstractUserInterfaceControl.java:221)
	at de.uka.ilkd.key.control.KeYEnvironment.load(KeYEnvironment.java:251)
	at de.uka.ilkd.key.control.KeYEnvironment.load(KeYEnvironment.java:224)
	at de.uka.ilkd.key.control.KeYEnvironment.load(KeYEnvironment.java:184)
	at de.uka.ilkd.key.control.KeYEnvironment.load(KeYEnvironment.java:261)
	at de.uka.ilkd.key.proof.runallproofs.proofcollection.TestFile.load(TestFile.java:270)
	at de.uka.ilkd.key.proof.runallproofs.proofcollection.TestFile.runKey(TestFile.java:160)
	at de.uka.ilkd.key.proof.runallproofs.proofcollection.ForkedTestFileRunner.main(ForkedTestFileRunner.java:171)
Caused by: de.uka.ilkd.key.proof.init.ProofInputException: Could not find rule file rules/intRulesCheckedSemantics.key
	at de.uka.ilkd.key.proof.io.KeYFile.readIncludes(KeYFile.java:210)
	at de.uka.ilkd.key.proof.init.ProblemInitializer.readIncludes(ProblemInitializer.java:177)
	at de.uka.ilkd.key.proof.init.ProblemInitializer.readEnvInput(ProblemInitializer.java:325)
	at de.uka.ilkd.key.proof.init.ProblemInitializer.prepare(ProblemInitializer.java:449)
	at de.uka.ilkd.key.proof.io.AbstractProblemLoader.createInitConfig(AbstractProblemLoader.java:518)
	at de.uka.ilkd.key.proof.io.AbstractProblemLoader.loadEnvironment(AbstractProblemLoader.java:288)
	at de.uka.ilkd.key.proof.io.AbstractProblemLoader.load(AbstractProblemLoader.java:252)
	at de.uka.ilkd.key.control.AbstractUserInterfaceControl.load(AbstractUserInterfaceControl.java:209)
	... 7 more
Caused by: java.lang.RuntimeException: Could not find rule file rules/intRulesCheckedSemantics.key
	at de.uka.ilkd.key.proof.io.RuleSourceFactory.fromBuiltInRule(RuleSourceFactory.java:32)
	at de.uka.ilkd.key.proof.io.RuleSourceFactory.fromDefaultLocation(RuleSourceFactory.java:21)
	at de.uka.ilkd.key.nparser.builder.IncludeFinder.addInclude(IncludeFinder.java:63)
	at de.uka.ilkd.key.nparser.builder.IncludeFinder.visitOne_include(IncludeFinder.java:43)
	at de.uka.ilkd.key.nparser.builder.IncludeFinder.visitOne_include(IncludeFinder.java:20)
	at de.uka.ilkd.key.nparser.KeYParser$One_includeContext.accept(KeYParser.java:878)
	at de.uka.ilkd.key.nparser.builder.AbstractBuilder.lambda$mapOf$0(AbstractBuilder.java:112)
	at java.base/java.util.stream.ReferencePipeline$3$1.accept(ReferencePipeline.java:195)
	at java.base/java.util.ArrayList$ArrayListSpliterator.forEachRemaining(ArrayList.java:1655)
	at java.base/java.util.stream.AbstractPipeline.copyInto(AbstractPipeline.java:484)
	at java.base/java.util.stream.AbstractPipeline.wrapAndCopyInto(AbstractPipeline.java:474)
	at java.base/java.util.stream.ReduceOps$ReduceOp.evaluateSequential(ReduceOps.java:913)
	at java.base/java.util.stream.AbstractPipeline.evaluate(AbstractPipeline.java:234)
	at java.base/java.util.stream.ReferencePipeline.collect(ReferencePipeline.java:578)
	at de.uka.ilkd.key.nparser.builder.AbstractBuilder.mapOf(AbstractBuilder.java:112)
	at de.uka.ilkd.key.nparser.builder.IncludeFinder.visitOne_include_statement(IncludeFinder.java:35)
	at de.uka.ilkd.key.nparser.builder.IncludeFinder.visitOne_include_statement(IncludeFinder.java:20)
	at de.uka.ilkd.key.nparser.KeYParser$One_include_statementContext.accept(KeYParser.java:802)
	at org.antlr.v4.runtime.tree.AbstractParseTreeVisitor.visitChildren(AbstractParseTreeVisitor.java:46)
	at de.uka.ilkd.key.nparser.KeYParserBaseVisitor.visitDecls(KeYParserBaseVisitor.java:30)
	at de.uka.ilkd.key.nparser.KeYParser$DeclsContext.accept(KeYParser.java:500)
	at org.antlr.v4.runtime.tree.AbstractParseTreeVisitor.visitChildren(AbstractParseTreeVisitor.java:46)
	at de.uka.ilkd.key.nparser.KeYParserBaseVisitor.visitFile(KeYParserBaseVisitor.java:23)
	at de.uka.ilkd.key.nparser.KeYParser$FileContext.accept(KeYParser.java:306)
	at de.uka.ilkd.key.nparser.KeyAst.accept(KeyAst.java:41)
	at de.uka.ilkd.key.nparser.KeyAst$File.getIncludes(KeyAst.java:76)
	at de.uka.ilkd.key.proof.io.KeYFile.readIncludes(KeYFile.java:208)
	... 14 more
Could not find rule file rules/intRulesCheckedSemantics.key (file: /home/runner/work/key/key/key.core/../key.ui/examples/index/.././heap/SmansEtAl/Iterator_next.key; caused by: de.uka.ilkd.key.proof.init.ProofInputException: Could not find rule file rules/intRulesCheckedSemantics.key)
	at de.uka.ilkd.key.control.AbstractUserInterfaceControl.load(AbstractUserInterfaceControl.java:221)
	at de.uka.ilkd.key.control.KeYEnvironment.load(KeYEnvironment.java:251)
	at de.uka.ilkd.key.control.KeYEnvironment.load(KeYEnvironment.java:224)
	at de.uka.ilkd.key.control.KeYEnvironment.load(KeYEnvironment.java:184)
	at de.uka.ilkd.key.control.KeYEnvironment.load(KeYEnvironment.java:261)
	at de.uka.ilkd.key.proof.runallproofs.proofcollection.TestFile.load(TestFile.java:270)
	at de.uka.ilkd.key.proof.runallproofs.proofcollection.TestFile.runKey(TestFile.java:160)
	at de.uka.ilkd.key.proof.runallproofs.proofcollection.ForkedTestFileRunner.main(ForkedTestFileRunner.java:171)
Caused by: de.uka.ilkd.key.proof.init.ProofInputException: Could not find rule file rules/intRulesCheckedSemantics.key
	at de.uka.ilkd.key.proof.io.KeYFile.readIncludes(KeYFile.java:210)
	at de.uka.ilkd.key.proof.init.ProblemInitializer.readIncludes(ProblemInitializer.java:177)
	at de.uka.ilkd.key.proof.init.ProblemInitializer.readEnvInput(ProblemInitializer.java:325)
	at de.uka.ilkd.key.proof.init.ProblemInitializer.prepare(ProblemInitializer.java:449)
	at de.uka.ilkd.key.proof.io.AbstractProblemLoader.createInitConfig(AbstractProblemLoader.java:518)
	at de.uka.ilkd.key.proof.io.AbstractProblemLoader.loadEnvironment(AbstractProblemLoader.java:288)
	at de.uka.ilkd.key.proof.io.AbstractProblemLoader.load(AbstractProblemLoader.java:252)
	at de.uka.ilkd.key.control.AbstractUserInterfaceControl.load(AbstractUserInterfaceControl.java:209)
	... 7 more
Caused by: java.lang.RuntimeException: Could not find rule file rules/intRulesCheckedSemantics.key
	at de.uka.ilkd.key.proof.io.RuleSourceFactory.fromBuiltInRule(RuleSourceFactory.java:32)
	at de.uka.ilkd.key.proof.io.RuleSourceFactory.fromDefaultLocation(RuleSourceFactory.java:21)
	at de.uka.ilkd.key.nparser.builder.IncludeFinder.addInclude(IncludeFinder.java:63)
	at de.uka.ilkd.key.nparser.builder.IncludeFinder.visitOne_include(IncludeFinder.java:43)
	at de.uka.ilkd.key.nparser.builder.IncludeFinder.visitOne_include(IncludeFinder.java:20)
	at de.uka.ilkd.key.nparser.KeYParser$One_includeContext.accept(KeYParser.java:878)
	at de.uka.ilkd.key.nparser.builder.AbstractBuilder.lambda$mapOf$0(AbstractBuilder.java:112)
	at java.base/java.util.stream.ReferencePipeline$3$1.accept(ReferencePipeline.java:195)
	at java.base/java.util.ArrayList$ArrayListSpliterator.forEachRemaining(ArrayList.java:1655)
	at java.base/java.util.stream.AbstractPipeline.copyInto(AbstractPipeline.java:484)
	at java.base/java.util.stream.AbstractPipeline.wrapAndCopyInto(AbstractPipeline.java:474)
	at java.base/java.util.stream.ReduceOps$ReduceOp.evaluateSequential(ReduceOps.java:913)
	at java.base/java.util.stream.AbstractPipeline.evaluate(AbstractPipeline.java:234)
	at java.base/java.util.stream.ReferencePipeline.collect(ReferencePipeline.java:578)
	at de.uka.ilkd.key.nparser.builder.AbstractBuilder.mapOf(AbstractBuilder.java:112)
	at de.uka.ilkd.key.nparser.builder.IncludeFinder.visitOne_include_statement(IncludeFinder.java:35)
	at de.uka.ilkd.key.nparser.builder.IncludeFinder.visitOne_include_statement(IncludeFinder.java:20)
	at de.uka.ilkd.key.nparser.KeYParser$One_include_statementContext.accept(KeYParser.java:802)
	at org.antlr.v4.runtime.tree.AbstractParseTreeVisitor.visitChildren(AbstractParseTreeVisitor.java:46)
	at de.uka.ilkd.key.nparser.KeYParserBaseVisitor.visitDecls(KeYParserBaseVisitor.java:30)
	at de.uka.ilkd.key.nparser.KeYParser$DeclsContext.accept(KeYParser.java:500)
	at org.antlr.v4.runtime.tree.AbstractParseTreeVisitor.visitChildren(AbstractParseTreeVisitor.java:46)
	at de.uka.ilkd.key.nparser.KeYParserBaseVisitor.visitFile(KeYParserBaseVisitor.java:23)
	at de.uka.ilkd.key.nparser.KeYParser$FileContext.accept(KeYParser.java:306)
	at de.uka.ilkd.key.nparser.KeyAst.accept(KeyAst.java:41)
	at de.uka.ilkd.key.nparser.KeyAst$File.getIncludes(KeyAst.java:76)
	at de.uka.ilkd.key.proof.io.KeYFile.readIncludes(KeYFile.java:208)
	... 14 more
Could not find rule file rules/intRulesCheckedSemantics.key (file: /home/runner/work/key/key/key.core/../key.ui/examples/index/.././heap/SmansEtAl/Stack_footprint.key; caused by: de.uka.ilkd.key.proof.init.ProofInputException: Could not find rule file rules/intRulesCheckedSemantics.key)
	at de.uka.ilkd.key.control.AbstractUserInterfaceControl.load(AbstractUserInterfaceControl.java:221)
	at de.uka.ilkd.key.control.KeYEnvironment.load(KeYEnvironment.java:251)
	at de.uka.ilkd.key.control.KeYEnvironment.load(KeYEnvironment.java:224)
	at de.uka.ilkd.key.control.KeYEnvironment.load(KeYEnvironment.java:184)
	at de.uka.ilkd.key.control.KeYEnvironment.load(KeYEnvironment.java:261)
	at de.uka.ilkd.key.proof.runallproofs.proofcollection.TestFile.load(TestFile.java:270)
	at de.uka.ilkd.key.proof.runallproofs.proofcollection.TestFile.runKey(TestFile.java:160)
	at de.uka.ilkd.key.proof.runallproofs.proofcollection.ForkedTestFileRunner.main(ForkedTestFileRunner.java:171)
Caused by: de.uka.ilkd.key.proof.init.ProofInputException: Could not find rule file rules/intRulesCheckedSemantics.key
	at de.uka.ilkd.key.proof.io.KeYFile.readIncludes(KeYFile.java:210)
	at de.uka.ilkd.key.proof.init.ProblemInitializer.readIncludes(ProblemInitializer.java:177)
	at de.uka.ilkd.key.proof.init.ProblemInitializer.readEnvInput(ProblemInitializer.java:325)
	at de.uka.ilkd.key.proof.init.ProblemInitializer.prepare(ProblemInitializer.java:449)
	at de.uka.ilkd.key.proof.io.AbstractProblemLoader.createInitConfig(AbstractProblemLoader.java:518)
	at de.uka.ilkd.key.proof.io.AbstractProblemLoader.loadEnvironment(AbstractProblemLoader.java:288)
	at de.uka.ilkd.key.proof.io.AbstractProblemLoader.load(AbstractProblemLoader.java:252)
	at de.uka.ilkd.key.control.AbstractUserInterfaceControl.load(AbstractUserInterfaceControl.java:209)
	... 7 more
Caused by: java.lang.RuntimeException: Could not find rule file rules/intRulesCheckedSemantics.key
	at de.uka.ilkd.key.proof.io.RuleSourceFactory.fromBuiltInRule(RuleSourceFactory.java:32)
	at de.uka.ilkd.key.proof.io.RuleSourceFactory.fromDefaultLocation(RuleSourceFactory.java:21)
	at de.uka.ilkd.key.nparser.builder.IncludeFinder.addInclude(IncludeFinder.java:63)
	at de.uka.ilkd.key.nparser.builder.IncludeFinder.visitOne_include(IncludeFinder.java:43)
	at de.uka.ilkd.key.nparser.builder.IncludeFinder.visitOne_include(IncludeFinder.java:20)
	at de.uka.ilkd.key.nparser.KeYParser$One_includeContext.accept(KeYParser.java:878)
	at de.uka.ilkd.key.nparser.builder.AbstractBuilder.lambda$mapOf$0(AbstractBuilder.java:112)
	at java.base/java.util.stream.ReferencePipeline$3$1.accept(ReferencePipeline.java:195)
	at java.base/java.util.ArrayList$ArrayListSpliterator.forEachRemaining(ArrayList.java:1655)
	at java.base/java.util.stream.AbstractPipeline.copyInto(AbstractPipeline.java:484)
	at java.base/java.util.stream.AbstractPipeline.wrapAndCopyInto(AbstractPipeline.java:474)
	at java.base/java.util.stream.ReduceOps$ReduceOp.evaluateSequential(ReduceOps.java:913)
	at java.base/java.util.stream.AbstractPipeline.evaluate(AbstractPipeline.java:234)
	at java.base/java.util.stream.ReferencePipeline.collect(ReferencePipeline.java:578)
	at de.uka.ilkd.key.nparser.builder.AbstractBuilder.mapOf(AbstractBuilder.java:112)
	at de.uka.ilkd.key.nparser.builder.IncludeFinder.visitOne_include_statement(IncludeFinder.java:35)
	at de.uka.ilkd.key.nparser.builder.IncludeFinder.visitOne_include_statement(IncludeFinder.java:20)
	at de.uka.ilkd.key.nparser.KeYParser$One_include_statementContext.accept(KeYParser.java:802)
	at org.antlr.v4.runtime.tree.AbstractParseTreeVisitor.visitChildren(AbstractParseTreeVisitor.java:46)
	at de.uka.ilkd.key.nparser.KeYParserBaseVisitor.visitDecls(KeYParserBaseVisitor.java:30)
	at de.uka.ilkd.key.nparser.KeYParser$DeclsContext.accept(KeYParser.java:500)
	at org.antlr.v4.runtime.tree.AbstractParseTreeVisitor.visitChildren(AbstractParseTreeVisitor.java:46)
	at de.uka.ilkd.key.nparser.KeYParserBaseVisitor.visitFile(KeYParserBaseVisitor.java:23)
	at de.uka.ilkd.key.nparser.KeYParser$FileContext.accept(KeYParser.java:306)
	at de.uka.ilkd.key.nparser.KeyAst.accept(KeyAst.java:41)
	at de.uka.ilkd.key.nparser.KeyAst$File.getIncludes(KeyAst.java:76)
	at de.uka.ilkd.key.proof.io.KeYFile.readIncludes(KeYFile.java:208)
	... 14 more
Could not find rule file rules/intRulesCheckedSemantics.key (file: /home/runner/work/key/key/key.core/../key.ui/examples/index/.././heap/SmansEtAl/Stack_inv.key; caused by: de.uka.ilkd.key.proof.init.ProofInputException: Could not find rule file rules/intRulesCheckedSemantics.key)
	at de.uka.ilkd.key.control.AbstractUserInterfaceControl.load(AbstractUserInterfaceControl.java:221)
	at de.uka.ilkd.key.control.KeYEnvironment.load(KeYEnvironment.java:251)
	at de.uka.ilkd.key.control.KeYEnvironment.load(KeYEnvironment.java:224)
	at de.uka.ilkd.key.control.KeYEnvironment.load(KeYEnvironment.java:184)
	at de.uka.ilkd.key.control.KeYEnvironment.load(KeYEnvironment.java:261)
	at de.uka.ilkd.key.proof.runallproofs.proofcollection.TestFile.load(TestFile.java:270)
	at de.uka.ilkd.key.proof.runallproofs.proofcollection.TestFile.runKey(TestFile.java:160)
	at de.uka.ilkd.key.proof.runallproofs.proofcollection.ForkedTestFileRunner.main(ForkedTestFileRunner.java:171)
Caused by: de.uka.ilkd.key.proof.init.ProofInputException: Could not find rule file rules/intRulesCheckedSemantics.key
	at de.uka.ilkd.key.proof.io.KeYFile.readIncludes(KeYFile.java:210)
	at de.uka.ilkd.key.proof.init.ProblemInitializer.readIncludes(ProblemInitializer.java:177)
	at de.uka.ilkd.key.proof.init.ProblemInitializer.readEnvInput(ProblemInitializer.java:325)
	at de.uka.ilkd.key.proof.init.ProblemInitializer.prepare(ProblemInitializer.java:449)
	at de.uka.ilkd.key.proof.io.AbstractProblemLoader.createInitConfig(AbstractProblemLoader.java:518)
	at de.uka.ilkd.key.proof.io.AbstractProblemLoader.loadEnvironment(AbstractProblemLoader.java:288)
	at de.uka.ilkd.key.proof.io.AbstractProblemLoader.load(AbstractProblemLoader.java:252)
	at de.uka.ilkd.key.control.AbstractUserInterfaceControl.load(AbstractUserInterfaceControl.java:209)
	... 7 more
Caused by: java.lang.RuntimeException: Could not find rule file rules/intRulesCheckedSemantics.key
	at de.uka.ilkd.key.proof.io.RuleSourceFactory.fromBuiltInRule(RuleSourceFactory.java:32)
	at de.uka.ilkd.key.proof.io.RuleSourceFactory.fromDefaultLocation(RuleSourceFactory.java:21)
	at de.uka.ilkd.key.nparser.builder.IncludeFinder.addInclude(IncludeFinder.java:63)
	at de.uka.ilkd.key.nparser.builder.IncludeFinder.visitOne_include(IncludeFinder.java:43)
	at de.uka.ilkd.key.nparser.builder.IncludeFinder.visitOne_include(IncludeFinder.java:20)
	at de.uka.ilkd.key.nparser.KeYParser$One_includeContext.accept(KeYParser.java:878)
	at de.uka.ilkd.key.nparser.builder.AbstractBuilder.lambda$mapOf$0(AbstractBuilder.java:112)
	at java.base/java.util.stream.ReferencePipeline$3$1.accept(ReferencePipeline.java:195)
	at java.base/java.util.ArrayList$ArrayListSpliterator.forEachRemaining(ArrayList.java:1655)
	at java.base/java.util.stream.AbstractPipeline.copyInto(AbstractPipeline.java:484)
	at java.base/java.util.stream.AbstractPipeline.wrapAndCopyInto(AbstractPipeline.java:474)
	at java.base/java.util.stream.ReduceOps$ReduceOp.evaluateSequential(ReduceOps.java:913)
	at java.base/java.util.stream.AbstractPipeline.evaluate(AbstractPipeline.java:234)
	at java.base/java.util.stream.ReferencePipeline.collect(ReferencePipeline.java:578)
	at de.uka.ilkd.key.nparser.builder.AbstractBuilder.mapOf(AbstractBuilder.java:112)
	at de.uka.ilkd.key.nparser.builder.IncludeFinder.visitOne_include_statement(IncludeFinder.java:35)
	at de.uka.ilkd.key.nparser.builder.IncludeFinder.visitOne_include_statement(IncludeFinder.java:20)
	at de.uka.ilkd.key.nparser.KeYParser$One_include_statementContext.accept(KeYParser.java:802)
	at org.antlr.v4.runtime.tree.AbstractParseTreeVisitor.visitChildren(AbstractParseTreeVisitor.java:46)
	at de.uka.ilkd.key.nparser.KeYParserBaseVisitor.visitDecls(KeYParserBaseVisitor.java:30)
	at de.uka.ilkd.key.nparser.KeYParser$DeclsContext.accept(KeYParser.java:500)
	at org.antlr.v4.runtime.tree.AbstractParseTreeVisitor.visitChildren(AbstractParseTreeVisitor.java:46)
	at de.uka.ilkd.key.nparser.KeYParserBaseVisitor.visitFile(KeYParserBaseVisitor.java:23)
	at de.uka.ilkd.key.nparser.KeYParser$FileContext.accept(KeYParser.java:306)
	at de.uka.ilkd.key.nparser.KeyAst.accept(KeyAst.java:41)
	at de.uka.ilkd.key.nparser.KeyAst$File.getIncludes(KeyAst.java:76)
	at de.uka.ilkd.key.proof.io.KeYFile.readIncludes(KeYFile.java:208)
	... 14 more
Could not find rule file rules/intRulesCheckedSemantics.key (file: /home/runner/work/key/key/key.core/../key.ui/examples/index/.././heap/SmansEtAl/Stack_push.key; caused by: de.uka.ilkd.key.proof.init.ProofInputException: Could not find rule file rules/intRulesCheckedSemantics.key)
	at de.uka.ilkd.key.control.AbstractUserInterfaceControl.load(AbstractUserInterfaceControl.java:221)
	at de.uka.ilkd.key.control.KeYEnvironment.load(KeYEnvironment.java:251)
	at de.uka.ilkd.key.control.KeYEnvironment.load(KeYEnvironment.java:224)
	at de.uka.ilkd.key.control.KeYEnvironment.load(KeYEnvironment.java:184)
	at de.uka.ilkd.key.control.KeYEnvironment.load(KeYEnvironment.java:261)
	at de.uka.ilkd.key.proof.runallproofs.proofcollection.TestFile.load(TestFile.java:270)
	at de.uka.ilkd.key.proof.runallproofs.proofcollection.TestFile.runKey(TestFile.java:160)
	at de.uka.ilkd.key.proof.runallproofs.proofcollection.ForkedTestFileRunner.main(ForkedTestFileRunner.java:171)
Caused by: de.uka.ilkd.key.proof.init.ProofInputException: Could not find rule file rules/intRulesCheckedSemantics.key
	at de.uka.ilkd.key.proof.io.KeYFile.readIncludes(KeYFile.java:210)
	at de.uka.ilkd.key.proof.init.ProblemInitializer.readIncludes(ProblemInitializer.java:177)
	at de.uka.ilkd.key.proof.init.ProblemInitializer.readEnvInput(ProblemInitializer.java:325)
	at de.uka.ilkd.key.proof.init.ProblemInitializer.prepare(ProblemInitializer.java:449)
	at de.uka.ilkd.key.proof.io.AbstractProblemLoader.createInitConfig(AbstractProblemLoader.java:518)
	at de.uka.ilkd.key.proof.io.AbstractProblemLoader.loadEnvironment(AbstractProblemLoader.java:288)
	at de.uka.ilkd.key.proof.io.AbstractProblemLoader.load(AbstractProblemLoader.java:252)
	at de.uka.ilkd.key.control.AbstractUserInterfaceControl.load(AbstractUserInterfaceControl.java:209)
	... 7 more
Caused by: java.lang.RuntimeException: Could not find rule file rules/intRulesCheckedSemantics.key
	at de.uka.ilkd.key.proof.io.RuleSourceFactory.fromBuiltInRule(RuleSourceFactory.java:32)
	at de.uka.ilkd.key.proof.io.RuleSourceFactory.fromDefaultLocation(RuleSourceFactory.java:21)
	at de.uka.ilkd.key.nparser.builder.IncludeFinder.addInclude(IncludeFinder.java:63)
	at de.uka.ilkd.key.nparser.builder.IncludeFinder.visitOne_include(IncludeFinder.java:43)
	at de.uka.ilkd.key.nparser.builder.IncludeFinder.visitOne_include(IncludeFinder.java:20)
	at de.uka.ilkd.key.nparser.KeYParser$One_includeContext.accept(KeYParser.java:878)
	at de.uka.ilkd.key.nparser.builder.AbstractBuilder.lambda$mapOf$0(AbstractBuilder.java:112)
	at java.base/java.util.stream.ReferencePipeline$3$1.accept(ReferencePipeline.java:195)
	at java.base/java.util.ArrayList$ArrayListSpliterator.forEachRemaining(ArrayList.java:1655)
	at java.base/java.util.stream.AbstractPipeline.copyInto(AbstractPipeline.java:484)
	at java.base/java.util.stream.AbstractPipeline.wrapAndCopyInto(AbstractPipeline.java:474)
	at java.base/java.util.stream.ReduceOps$ReduceOp.evaluateSequential(ReduceOps.java:913)
	at java.base/java.util.stream.AbstractPipeline.evaluate(AbstractPipeline.java:234)
	at java.base/java.util.stream.ReferencePipeline.collect(ReferencePipeline.java:578)
	at de.uka.ilkd.key.nparser.builder.AbstractBuilder.mapOf(AbstractBuilder.java:112)
	at de.uka.ilkd.key.nparser.builder.IncludeFinder.visitOne_include_statement(IncludeFinder.java:35)
	at de.uka.ilkd.key.nparser.builder.IncludeFinder.visitOne_include_statement(IncludeFinder.java:20)
	at de.uka.ilkd.key.nparser.KeYParser$One_include_statementContext.accept(KeYParser.java:802)
	at org.antlr.v4.runtime.tree.AbstractParseTreeVisitor.visitChildren(AbstractParseTreeVisitor.java:46)
	at de.uka.ilkd.key.nparser.KeYParserBaseVisitor.visitDecls(KeYParserBaseVisitor.java:30)
	at de.uka.ilkd.key.nparser.KeYParser$DeclsContext.accept(KeYParser.java:500)
	at org.antlr.v4.runtime.tree.AbstractParseTreeVisitor.visitChildren(AbstractParseTreeVisitor.java:46)
	at de.uka.ilkd.key.nparser.KeYParserBaseVisitor.visitFile(KeYParserBaseVisitor.java:23)
	at de.uka.ilkd.key.nparser.KeYParser$FileContext.accept(KeYParser.java:306)
	at de.uka.ilkd.key.nparser.KeyAst.accept(KeyAst.java:41)
	at de.uka.ilkd.key.nparser.KeyAst$File.getIncludes(KeyAst.java:76)
	at de.uka.ilkd.key.proof.io.KeYFile.readIncludes(KeYFile.java:208)
	... 14 more
Could not find rule file rules/intRulesCheckedSemantics.key (file: /home/runner/work/key/key/key.core/../key.ui/examples/index/.././heap/SmansEtAl/Stack_size.key; caused by: de.uka.ilkd.key.proof.init.ProofInputException: Could not find rule file rules/intRulesCheckedSemantics.key)
	at de.uka.ilkd.key.control.AbstractUserInterfaceControl.load(AbstractUserInterfaceControl.java:221)
	at de.uka.ilkd.key.control.KeYEnvironment.load(KeYEnvironment.java:251)
	at de.uka.ilkd.key.control.KeYEnvironment.load(KeYEnvironment.java:224)
	at de.uka.ilkd.key.control.KeYEnvironment.load(KeYEnvironment.java:184)
	at de.uka.ilkd.key.control.KeYEnvironment.load(KeYEnvironment.java:261)
	at de.uka.ilkd.key.proof.runallproofs.proofcollection.TestFile.load(TestFile.java:270)
	at de.uka.ilkd.key.proof.runallproofs.proofcollection.TestFile.runKey(TestFile.java:160)
	at de.uka.ilkd.key.proof.runallproofs.proofcollection.ForkedTestFileRunner.main(ForkedTestFileRunner.java:171)
Caused by: de.uka.ilkd.key.proof.init.ProofInputException: Could not find rule file rules/intRulesCheckedSemantics.key
	at de.uka.ilkd.key.proof.io.KeYFile.readIncludes(KeYFile.java:210)
	at de.uka.ilkd.key.proof.init.ProblemInitializer.readIncludes(ProblemInitializer.java:177)
	at de.uka.ilkd.key.proof.init.ProblemInitializer.readEnvInput(ProblemInitializer.java:325)
	at de.uka.ilkd.key.proof.init.ProblemInitializer.prepare(ProblemInitializer.java:449)
	at de.uka.ilkd.key.proof.io.AbstractProblemLoader.createInitConfig(AbstractProblemLoader.java:518)
	at de.uka.ilkd.key.proof.io.AbstractProblemLoader.loadEnvironment(AbstractProblemLoader.java:288)
	at de.uka.ilkd.key.proof.io.AbstractProblemLoader.load(AbstractProblemLoader.java:252)
	at de.uka.ilkd.key.control.AbstractUserInterfaceControl.load(AbstractUserInterfaceControl.java:209)
	... 7 more
Caused by: java.lang.RuntimeException: Could not find rule file rules/intRulesCheckedSemantics.key
	at de.uka.ilkd.key.proof.io.RuleSourceFactory.fromBuiltInRule(RuleSourceFactory.java:32)
	at de.uka.ilkd.key.proof.io.RuleSourceFactory.fromDefaultLocation(RuleSourceFactory.java:21)
	at de.uka.ilkd.key.nparser.builder.IncludeFinder.addInclude(IncludeFinder.java:63)
	at de.uka.ilkd.key.nparser.builder.IncludeFinder.visitOne_include(IncludeFinder.java:43)
	at de.uka.ilkd.key.nparser.builder.IncludeFinder.visitOne_include(IncludeFinder.java:20)
	at de.uka.ilkd.key.nparser.KeYParser$One_includeContext.accept(KeYParser.java:878)
	at de.uka.ilkd.key.nparser.builder.AbstractBuilder.lambda$mapOf$0(AbstractBuilder.java:112)
	at java.base/java.util.stream.ReferencePipeline$3$1.accept(ReferencePipeline.java:195)
	at java.base/java.util.ArrayList$ArrayListSpliterator.forEachRemaining(ArrayList.java:1655)
	at java.base/java.util.stream.AbstractPipeline.copyInto(AbstractPipeline.java:484)
	at java.base/java.util.stream.AbstractPipeline.wrapAndCopyInto(AbstractPipeline.java:474)
	at java.base/java.util.stream.ReduceOps$ReduceOp.evaluateSequential(ReduceOps.java:913)
	at java.base/java.util.stream.AbstractPipeline.evaluate(AbstractPipeline.java:234)
	at java.base/java.util.stream.ReferencePipeline.collect(ReferencePipeline.java:578)
	at de.uka.ilkd.key.nparser.builder.AbstractBuilder.mapOf(AbstractBuilder.java:112)
	at de.uka.ilkd.key.nparser.builder.IncludeFinder.visitOne_include_statement(IncludeFinder.java:35)
	at de.uka.ilkd.key.nparser.builder.IncludeFinder.visitOne_include_statement(IncludeFinder.java:20)
	at de.uka.ilkd.key.nparser.KeYParser$One_include_statementContext.accept(KeYParser.java:802)
	at org.antlr.v4.runtime.tree.AbstractParseTreeVisitor.visitChildren(AbstractParseTreeVisitor.java:46)
	at de.uka.ilkd.key.nparser.KeYParserBaseVisitor.visitDecls(KeYParserBaseVisitor.java:30)
	at de.uka.ilkd.key.nparser.KeYParser$DeclsContext.accept(KeYParser.java:500)
	at org.antlr.v4.runtime.tree.AbstractParseTreeVisitor.visitChildren(AbstractParseTreeVisitor.java:46)
	at de.uka.ilkd.key.nparser.KeYParserBaseVisitor.visitFile(KeYParserBaseVisitor.java:23)
	at de.uka.ilkd.key.nparser.KeYParser$FileContext.accept(KeYParser.java:306)
	at de.uka.ilkd.key.nparser.KeyAst.accept(KeyAst.java:41)
	at de.uka.ilkd.key.nparser.KeyAst$File.getIncludes(KeyAst.java:76)
	at de.uka.ilkd.key.proof.io.KeYFile.readIncludes(KeYFile.java:208)
	... 14 more
Could not find rule file rules/intRulesCheckedSemantics.key (file: /home/runner/work/key/key/key.core/../key.ui/examples/index/.././heap/SmansEtAl/Stack_Stack.key; caused by: de.uka.ilkd.key.proof.init.ProofInputException: Could not find rule file rules/intRulesCheckedSemantics.key)
	at de.uka.ilkd.key.control.AbstractUserInterfaceControl.load(AbstractUserInterfaceControl.java:221)
	at de.uka.ilkd.key.control.KeYEnvironment.load(KeYEnvironment.java:251)
	at de.uka.ilkd.key.control.KeYEnvironment.load(KeYEnvironment.java:224)
	at de.uka.ilkd.key.control.KeYEnvironment.load(KeYEnvironment.java:184)
	at de.uka.ilkd.key.control.KeYEnvironment.load(KeYEnvironment.java:261)
	at de.uka.ilkd.key.proof.runallproofs.proofcollection.TestFile.load(TestFile.java:270)
	at de.uka.ilkd.key.proof.runallproofs.proofcollection.TestFile.runKey(TestFile.java:160)
	at de.uka.ilkd.key.proof.runallproofs.proofcollection.ForkedTestFileRunner.main(ForkedTestFileRunner.java:171)
Caused by: de.uka.ilkd.key.proof.init.ProofInputException: Could not find rule file rules/intRulesCheckedSemantics.key
	at de.uka.ilkd.key.proof.io.KeYFile.readIncludes(KeYFile.java:210)
	at de.uka.ilkd.key.proof.init.ProblemInitializer.readIncludes(ProblemInitializer.java:177)
	at de.uka.ilkd.key.proof.init.ProblemInitializer.readEnvInput(ProblemInitializer.java:325)
	at de.uka.ilkd.key.proof.init.ProblemInitializer.prepare(ProblemInitializer.java:449)
	at de.uka.ilkd.key.proof.io.AbstractProblemLoader.createInitConfig(AbstractProblemLoader.java:518)
	at de.uka.ilkd.key.proof.io.AbstractProblemLoader.loadEnvironment(AbstractProblemLoader.java:288)
	at de.uka.ilkd.key.proof.io.AbstractProblemLoader.load(AbstractProblemLoader.java:252)
	at de.uka.ilkd.key.control.AbstractUserInterfaceControl.load(AbstractUserInterfaceControl.java:209)
	... 7 more
Caused by: java.lang.RuntimeException: Could not find rule file rules/intRulesCheckedSemantics.key
	at de.uka.ilkd.key.proof.io.RuleSourceFactory.fromBuiltInRule(RuleSourceFactory.java:32)
	at de.uka.ilkd.key.proof.io.RuleSourceFactory.fromDefaultLocation(RuleSourceFactory.java:21)
	at de.uka.ilkd.key.nparser.builder.IncludeFinder.addInclude(IncludeFinder.java:63)
	at de.uka.ilkd.key.nparser.builder.IncludeFinder.visitOne_include(IncludeFinder.java:43)
	at de.uka.ilkd.key.nparser.builder.IncludeFinder.visitOne_include(IncludeFinder.java:20)
	at de.uka.ilkd.key.nparser.KeYParser$One_includeContext.accept(KeYParser.java:878)
	at de.uka.ilkd.key.nparser.builder.AbstractBuilder.lambda$mapOf$0(AbstractBuilder.java:112)
	at java.base/java.util.stream.ReferencePipeline$3$1.accept(ReferencePipeline.java:195)
	at java.base/java.util.ArrayList$ArrayListSpliterator.forEachRemaining(ArrayList.java:1655)
	at java.base/java.util.stream.AbstractPipeline.copyInto(AbstractPipeline.java:484)
	at java.base/java.util.stream.AbstractPipeline.wrapAndCopyInto(AbstractPipeline.java:474)
	at java.base/java.util.stream.ReduceOps$ReduceOp.evaluateSequential(ReduceOps.java:913)
	at java.base/java.util.stream.AbstractPipeline.evaluate(AbstractPipeline.java:234)
	at java.base/java.util.stream.ReferencePipeline.collect(ReferencePipeline.java:578)
	at de.uka.ilkd.key.nparser.builder.AbstractBuilder.mapOf(AbstractBuilder.java:112)
	at de.uka.ilkd.key.nparser.builder.IncludeFinder.visitOne_include_statement(IncludeFinder.java:35)
	at de.uka.ilkd.key.nparser.builder.IncludeFinder.visitOne_include_statement(IncludeFinder.java:20)
	at de.uka.ilkd.key.nparser.KeYParser$One_include_statementContext.accept(KeYParser.java:802)
	at org.antlr.v4.runtime.tree.AbstractParseTreeVisitor.visitChildren(AbstractParseTreeVisitor.java:46)
	at de.uka.ilkd.key.nparser.KeYParserBaseVisitor.visitDecls(KeYParserBaseVisitor.java:30)
	at de.uka.ilkd.key.nparser.KeYParser$DeclsContext.accept(KeYParser.java:500)
	at org.antlr.v4.runtime.tree.AbstractParseTreeVisitor.visitChildren(AbstractParseTreeVisitor.java:46)
	at de.uka.ilkd.key.nparser.KeYParserBaseVisitor.visitFile(KeYParserBaseVisitor.java:23)
	at de.uka.ilkd.key.nparser.KeYParser$FileContext.accept(KeYParser.java:306)
	at de.uka.ilkd.key.nparser.KeyAst.accept(KeyAst.java:41)
	at de.uka.ilkd.key.nparser.KeyAst$File.getIncludes(KeyAst.java:76)
	at de.uka.ilkd.key.proof.io.KeYFile.readIncludes(KeYFile.java:208)
	... 14 more
Could not find rule file rules/intRulesCheckedSemantics.key (file: /home/runner/work/key/key/key.core/../key.ui/examples/index/.././heap/SmansEtAl/Stack_switchContents.key; caused by: de.uka.ilkd.key.proof.init.ProofInputException: Could not find rule file rules/intRulesCheckedSemantics.key)
	at de.uka.ilkd.key.control.AbstractUserInterfaceControl.load(AbstractUserInterfaceControl.java:221)
	at de.uka.ilkd.key.control.KeYEnvironment.load(KeYEnvironment.java:251)
	at de.uka.ilkd.key.control.KeYEnvironment.load(KeYEnvironment.java:224)
	at de.uka.ilkd.key.control.KeYEnvironment.load(KeYEnvironment.java:184)
	at de.uka.ilkd.key.control.KeYEnvironment.load(KeYEnvironment.java:261)
	at de.uka.ilkd.key.proof.runallproofs.proofcollection.TestFile.load(TestFile.java:270)
	at de.uka.ilkd.key.proof.runallproofs.proofcollection.TestFile.runKey(TestFile.java:160)
	at de.uka.ilkd.key.proof.runallproofs.proofcollection.ForkedTestFileRunner.main(ForkedTestFileRunner.java:171)
Caused by: de.uka.ilkd.key.proof.init.ProofInputException: Could not find rule file rules/intRulesCheckedSemantics.key
	at de.uka.ilkd.key.proof.io.KeYFile.readIncludes(KeYFile.java:210)
	at de.uka.ilkd.key.proof.init.ProblemInitializer.readIncludes(ProblemInitializer.java:177)
	at de.uka.ilkd.key.proof.init.ProblemInitializer.readEnvInput(ProblemInitializer.java:325)
	at de.uka.ilkd.key.proof.init.ProblemInitializer.prepare(ProblemInitializer.java:449)
	at de.uka.ilkd.key.proof.io.AbstractProblemLoader.createInitConfig(AbstractProblemLoader.java:518)
	at de.uka.ilkd.key.proof.io.AbstractProblemLoader.loadEnvironment(AbstractProblemLoader.java:288)
	at de.uka.ilkd.key.proof.io.AbstractProblemLoader.load(AbstractProblemLoader.java:252)
	at de.uka.ilkd.key.control.AbstractUserInterfaceControl.load(AbstractUserInterfaceControl.java:209)
	... 7 more
Caused by: java.lang.RuntimeException: Could not find rule file rules/intRulesCheckedSemantics.key
	at de.uka.ilkd.key.proof.io.RuleSourceFactory.fromBuiltInRule(RuleSourceFactory.java:32)
	at de.uka.ilkd.key.proof.io.RuleSourceFactory.fromDefaultLocation(RuleSourceFactory.java:21)
	at de.uka.ilkd.key.nparser.builder.IncludeFinder.addInclude(IncludeFinder.java:63)
	at de.uka.ilkd.key.nparser.builder.IncludeFinder.visitOne_include(IncludeFinder.java:43)
	at de.uka.ilkd.key.nparser.builder.IncludeFinder.visitOne_include(IncludeFinder.java:20)
	at de.uka.ilkd.key.nparser.KeYParser$One_includeContext.accept(KeYParser.java:878)
	at de.uka.ilkd.key.nparser.builder.AbstractBuilder.lambda$mapOf$0(AbstractBuilder.java:112)
	at java.base/java.util.stream.ReferencePipeline$3$1.accept(ReferencePipeline.java:195)
	at java.base/java.util.ArrayList$ArrayListSpliterator.forEachRemaining(ArrayList.java:1655)
	at java.base/java.util.stream.AbstractPipeline.copyInto(AbstractPipeline.java:484)
	at java.base/java.util.stream.AbstractPipeline.wrapAndCopyInto(AbstractPipeline.java:474)
	at java.base/java.util.stream.ReduceOps$ReduceOp.evaluateSequential(ReduceOps.java:913)
	at java.base/java.util.stream.AbstractPipeline.evaluate(AbstractPipeline.java:234)
	at java.base/java.util.stream.ReferencePipeline.collect(ReferencePipeline.java:578)
	at de.uka.ilkd.key.nparser.builder.AbstractBuilder.mapOf(AbstractBuilder.java:112)
	at de.uka.ilkd.key.nparser.builder.IncludeFinder.visitOne_include_statement(IncludeFinder.java:35)
	at de.uka.ilkd.key.nparser.builder.IncludeFinder.visitOne_include_statement(IncludeFinder.java:20)
	at de.uka.ilkd.key.nparser.KeYParser$One_include_statementContext.accept(KeYParser.java:802)
	at org.antlr.v4.runtime.tree.AbstractParseTreeVisitor.visitChildren(AbstractParseTreeVisitor.java:46)
	at de.uka.ilkd.key.nparser.KeYParserBaseVisitor.visitDecls(KeYParserBaseVisitor.java:30)
	at de.uka.ilkd.key.nparser.KeYParser$DeclsContext.accept(KeYParser.java:500)
	at org.antlr.v4.runtime.tree.AbstractParseTreeVisitor.visitChildren(AbstractParseTreeVisitor.java:46)
	at de.uka.ilkd.key.nparser.KeYParserBaseVisitor.visitFile(KeYParserBaseVisitor.java:23)
	at de.uka.ilkd.key.nparser.KeYParser$FileContext.accept(KeYParser.java:306)
	at de.uka.ilkd.key.nparser.KeyAst.accept(KeyAst.java:41)
	at de.uka.ilkd.key.nparser.KeyAst$File.getIncludes(KeyAst.java:76)
	at de.uka.ilkd.key.proof.io.KeYFile.readIncludes(KeYFile.java:208)
	... 14 more
Exception in thread "main" org.opentest4j.AssertionFailedError: Exception during the execution of proofs. See log for more details.
	at org.junit.jupiter.api.AssertionUtils.fail(AssertionUtils.java:39)
	at org.junit.jupiter.api.Assertions.fail(Assertions.java:134)
	at de.uka.ilkd.key.proof.runallproofs.proofcollection.ForkedTestFileRunner.main(ForkedTestFileRunner.java:192)
Timeout watcher launched (2000 secs.)
Could not find rule file rules/intRulesCheckedSemantics.key (file: /home/runner/work/key/key/key.core/../key.ui/examples/index/.././heap/vacid0_01_SparseArray/Harness_sparseArrayTestHarness1.key; caused by: de.uka.ilkd.key.proof.init.ProofInputException: Could not find rule file rules/intRulesCheckedSemantics.key)
	at de.uka.ilkd.key.control.AbstractUserInterfaceControl.load(AbstractUserInterfaceControl.java:221)
	at de.uka.ilkd.key.control.KeYEnvironment.load(KeYEnvironment.java:251)
	at de.uka.ilkd.key.control.KeYEnvironment.load(KeYEnvironment.java:224)
	at de.uka.ilkd.key.control.KeYEnvironment.load(KeYEnvironment.java:184)
	at de.uka.ilkd.key.control.KeYEnvironment.load(KeYEnvironment.java:261)
	at de.uka.ilkd.key.proof.runallproofs.proofcollection.TestFile.load(TestFile.java:270)
	at de.uka.ilkd.key.proof.runallproofs.proofcollection.TestFile.runKey(TestFile.java:160)
	at de.uka.ilkd.key.proof.runallproofs.proofcollection.ForkedTestFileRunner.main(ForkedTestFileRunner.java:171)
Caused by: de.uka.ilkd.key.proof.init.ProofInputException: Could not find rule file rules/intRulesCheckedSemantics.key
	at de.uka.ilkd.key.proof.io.KeYFile.readIncludes(KeYFile.java:210)
	at de.uka.ilkd.key.proof.init.ProblemInitializer.readIncludes(ProblemInitializer.java:177)
	at de.uka.ilkd.key.proof.init.ProblemInitializer.readEnvInput(ProblemInitializer.java:325)
	at de.uka.ilkd.key.proof.init.ProblemInitializer.prepare(ProblemInitializer.java:449)
	at de.uka.ilkd.key.proof.io.AbstractProblemLoader.createInitConfig(AbstractProblemLoader.java:518)
	at de.uka.ilkd.key.proof.io.AbstractProblemLoader.loadEnvironment(AbstractProblemLoader.java:288)
	at de.uka.ilkd.key.proof.io.AbstractProblemLoader.load(AbstractProblemLoader.java:252)
	at de.uka.ilkd.key.control.AbstractUserInterfaceControl.load(AbstractUserInterfaceControl.java:209)
	... 7 more
Caused by: java.lang.RuntimeException: Could not find rule file rules/intRulesCheckedSemantics.key
	at de.uka.ilkd.key.proof.io.RuleSourceFactory.fromBuiltInRule(RuleSourceFactory.java:32)
	at de.uka.ilkd.key.proof.io.RuleSourceFactory.fromDefaultLocation(RuleSourceFactory.java:21)
	at de.uka.ilkd.key.nparser.builder.IncludeFinder.addInclude(IncludeFinder.java:63)
	at de.uka.ilkd.key.nparser.builder.IncludeFinder.visitOne_include(IncludeFinder.java:43)
	at de.uka.ilkd.key.nparser.builder.IncludeFinder.visitOne_include(IncludeFinder.java:20)
	at de.uka.ilkd.key.nparser.KeYParser$One_includeContext.accept(KeYParser.java:878)
	at de.uka.ilkd.key.nparser.builder.AbstractBuilder.lambda$mapOf$0(AbstractBuilder.java:112)
	at java.base/java.util.stream.ReferencePipeline$3$1.accept(ReferencePipeline.java:195)
	at java.base/java.util.ArrayList$ArrayListSpliterator.forEachRemaining(ArrayList.java:1655)
	at java.base/java.util.stream.AbstractPipeline.copyInto(AbstractPipeline.java:484)
	at java.base/java.util.stream.AbstractPipeline.wrapAndCopyInto(AbstractPipeline.java:474)
	at java.base/java.util.stream.ReduceOps$ReduceOp.evaluateSequential(ReduceOps.java:913)
	at java.base/java.util.stream.AbstractPipeline.evaluate(AbstractPipeline.java:234)
	at java.base/java.util.stream.ReferencePipeline.collect(ReferencePipeline.java:578)
	at de.uka.ilkd.key.nparser.builder.AbstractBuilder.mapOf(AbstractBuilder.java:112)
	at de.uka.ilkd.key.nparser.builder.IncludeFinder.visitOne_include_statement(IncludeFinder.java:35)
	at de.uka.ilkd.key.nparser.builder.IncludeFinder.visitOne_include_statement(IncludeFinder.java:20)
	at de.uka.ilkd.key.nparser.KeYParser$One_include_statementContext.accept(KeYParser.java:802)
	at org.antlr.v4.runtime.tree.AbstractParseTreeVisitor.visitChildren(AbstractParseTreeVisitor.java:46)
	at de.uka.ilkd.key.nparser.KeYParserBaseVisitor.visitDecls(KeYParserBaseVisitor.java:30)
	at de.uka.ilkd.key.nparser.KeYParser$DeclsContext.accept(KeYParser.java:500)
	at org.antlr.v4.runtime.tree.AbstractParseTreeVisitor.visitChildren(AbstractParseTreeVisitor.java:46)
	at de.uka.ilkd.key.nparser.KeYParserBaseVisitor.visitFile(KeYParserBaseVisitor.java:23)
	at de.uka.ilkd.key.nparser.KeYParser$FileContext.accept(KeYParser.java:306)
	at de.uka.ilkd.key.nparser.KeyAst.accept(KeyAst.java:41)
	at de.uka.ilkd.key.nparser.KeyAst$File.getIncludes(KeyAst.java:76)
	at de.uka.ilkd.key.proof.io.KeYFile.readIncludes(KeYFile.java:208)
	... 14 more
Could not find rule file rules/intRulesCheckedSemantics.key (file: /home/runner/work/key/key/key.core/../key.ui/examples/index/.././heap/vacid0_01_SparseArray/Harness_sparseArrayTestHarness2.key; caused by: de.uka.ilkd.key.proof.init.ProofInputException: Could not find rule file rules/intRulesCheckedSemantics.key)
	at de.uka.ilkd.key.control.AbstractUserInterfaceControl.load(AbstractUserInterfaceControl.java:221)
	at de.uka.ilkd.key.control.KeYEnvironment.load(KeYEnvironment.java:251)
	at de.uka.ilkd.key.control.KeYEnvironment.load(KeYEnvironment.java:224)
	at de.uka.ilkd.key.control.KeYEnvironment.load(KeYEnvironment.java:184)
	at de.uka.ilkd.key.control.KeYEnvironment.load(KeYEnvironment.java:261)
	at de.uka.ilkd.key.proof.runallproofs.proofcollection.TestFile.load(TestFile.java:270)
	at de.uka.ilkd.key.proof.runallproofs.proofcollection.TestFile.runKey(TestFile.java:160)
	at de.uka.ilkd.key.proof.runallproofs.proofcollection.ForkedTestFileRunner.main(ForkedTestFileRunner.java:171)
Caused by: de.uka.ilkd.key.proof.init.ProofInputException: Could not find rule file rules/intRulesCheckedSemantics.key
	at de.uka.ilkd.key.proof.io.KeYFile.readIncludes(KeYFile.java:210)
	at de.uka.ilkd.key.proof.init.ProblemInitializer.readIncludes(ProblemInitializer.java:177)
	at de.uka.ilkd.key.proof.init.ProblemInitializer.readEnvInput(ProblemInitializer.java:325)
	at de.uka.ilkd.key.proof.init.ProblemInitializer.prepare(ProblemInitializer.java:449)
	at de.uka.ilkd.key.proof.io.AbstractProblemLoader.createInitConfig(AbstractProblemLoader.java:518)
	at de.uka.ilkd.key.proof.io.AbstractProblemLoader.loadEnvironment(AbstractProblemLoader.java:288)
	at de.uka.ilkd.key.proof.io.AbstractProblemLoader.load(AbstractProblemLoader.java:252)
	at de.uka.ilkd.key.control.AbstractUserInterfaceControl.load(AbstractUserInterfaceControl.java:209)
	... 7 more
Caused by: java.lang.RuntimeException: Could not find rule file rules/intRulesCheckedSemantics.key
	at de.uka.ilkd.key.proof.io.RuleSourceFactory.fromBuiltInRule(RuleSourceFactory.java:32)
	at de.uka.ilkd.key.proof.io.RuleSourceFactory.fromDefaultLocation(RuleSourceFactory.java:21)
	at de.uka.ilkd.key.nparser.builder.IncludeFinder.addInclude(IncludeFinder.java:63)
	at de.uka.ilkd.key.nparser.builder.IncludeFinder.visitOne_include(IncludeFinder.java:43)
	at de.uka.ilkd.key.nparser.builder.IncludeFinder.visitOne_include(IncludeFinder.java:20)
	at de.uka.ilkd.key.nparser.KeYParser$One_includeContext.accept(KeYParser.java:878)
	at de.uka.ilkd.key.nparser.builder.AbstractBuilder.lambda$mapOf$0(AbstractBuilder.java:112)
	at java.base/java.util.stream.ReferencePipeline$3$1.accept(ReferencePipeline.java:195)
	at java.base/java.util.ArrayList$ArrayListSpliterator.forEachRemaining(ArrayList.java:1655)
	at java.base/java.util.stream.AbstractPipeline.copyInto(AbstractPipeline.java:484)
	at java.base/java.util.stream.AbstractPipeline.wrapAndCopyInto(AbstractPipeline.java:474)
	at java.base/java.util.stream.ReduceOps$ReduceOp.evaluateSequential(ReduceOps.java:913)
	at java.base/java.util.stream.AbstractPipeline.evaluate(AbstractPipeline.java:234)
	at java.base/java.util.stream.ReferencePipeline.collect(ReferencePipeline.java:578)
	at de.uka.ilkd.key.nparser.builder.AbstractBuilder.mapOf(AbstractBuilder.java:112)
	at de.uka.ilkd.key.nparser.builder.IncludeFinder.visitOne_include_statement(IncludeFinder.java:35)
	at de.uka.ilkd.key.nparser.builder.IncludeFinder.visitOne_include_statement(IncludeFinder.java:20)
	at de.uka.ilkd.key.nparser.KeYParser$One_include_statementContext.accept(KeYParser.java:802)
	at org.antlr.v4.runtime.tree.AbstractParseTreeVisitor.visitChildren(AbstractParseTreeVisitor.java:46)
	at de.uka.ilkd.key.nparser.KeYParserBaseVisitor.visitDecls(KeYParserBaseVisitor.java:30)
	at de.uka.ilkd.key.nparser.KeYParser$DeclsContext.accept(KeYParser.java:500)
	at org.antlr.v4.runtime.tree.AbstractParseTreeVisitor.visitChildren(AbstractParseTreeVisitor.java:46)
	at de.uka.ilkd.key.nparser.KeYParserBaseVisitor.visitFile(KeYParserBaseVisitor.java:23)
	at de.uka.ilkd.key.nparser.KeYParser$FileContext.accept(KeYParser.java:306)
	at de.uka.ilkd.key.nparser.KeyAst.accept(KeyAst.java:41)
	at de.uka.ilkd.key.nparser.KeyAst$File.getIncludes(KeyAst.java:76)
	at de.uka.ilkd.key.proof.io.KeYFile.readIncludes(KeYFile.java:208)
	... 14 more
Could not find rule file rules/intRulesCheckedSemantics.key (file: /home/runner/work/key/key/key.core/../key.ui/examples/index/.././heap/vacid0_01_SparseArray/MemoryAllocator_alloc_unsigned.key; caused by: de.uka.ilkd.key.proof.init.ProofInputException: Could not find rule file rules/intRulesCheckedSemantics.key)
	at de.uka.ilkd.key.control.AbstractUserInterfaceControl.load(AbstractUserInterfaceControl.java:221)
	at de.uka.ilkd.key.control.KeYEnvironment.load(KeYEnvironment.java:251)
	at de.uka.ilkd.key.control.KeYEnvironment.load(KeYEnvironment.java:224)
	at de.uka.ilkd.key.control.KeYEnvironment.load(KeYEnvironment.java:184)
	at de.uka.ilkd.key.control.KeYEnvironment.load(KeYEnvironment.java:261)
	at de.uka.ilkd.key.proof.runallproofs.proofcollection.TestFile.load(TestFile.java:270)
	at de.uka.ilkd.key.proof.runallproofs.proofcollection.TestFile.runKey(TestFile.java:160)
	at de.uka.ilkd.key.proof.runallproofs.proofcollection.ForkedTestFileRunner.main(ForkedTestFileRunner.java:171)
Caused by: de.uka.ilkd.key.proof.init.ProofInputException: Could not find rule file rules/intRulesCheckedSemantics.key
	at de.uka.ilkd.key.proof.io.KeYFile.readIncludes(KeYFile.java:210)
	at de.uka.ilkd.key.proof.init.ProblemInitializer.readIncludes(ProblemInitializer.java:177)
	at de.uka.ilkd.key.proof.init.ProblemInitializer.readEnvInput(ProblemInitializer.java:325)
	at de.uka.ilkd.key.proof.init.ProblemInitializer.prepare(ProblemInitializer.java:449)
	at de.uka.ilkd.key.proof.io.AbstractProblemLoader.createInitConfig(AbstractProblemLoader.java:518)
	at de.uka.ilkd.key.proof.io.AbstractProblemLoader.loadEnvironment(AbstractProblemLoader.java:288)
	at de.uka.ilkd.key.proof.io.AbstractProblemLoader.load(AbstractProblemLoader.java:252)
	at de.uka.ilkd.key.control.AbstractUserInterfaceControl.load(AbstractUserInterfaceControl.java:209)
	... 7 more
Caused by: java.lang.RuntimeException: Could not find rule file rules/intRulesCheckedSemantics.key
	at de.uka.ilkd.key.proof.io.RuleSourceFactory.fromBuiltInRule(RuleSourceFactory.java:32)
	at de.uka.ilkd.key.proof.io.RuleSourceFactory.fromDefaultLocation(RuleSourceFactory.java:21)
	at de.uka.ilkd.key.nparser.builder.IncludeFinder.addInclude(IncludeFinder.java:63)
	at de.uka.ilkd.key.nparser.builder.IncludeFinder.visitOne_include(IncludeFinder.java:43)
	at de.uka.ilkd.key.nparser.builder.IncludeFinder.visitOne_include(IncludeFinder.java:20)
	at de.uka.ilkd.key.nparser.KeYParser$One_includeContext.accept(KeYParser.java:878)
	at de.uka.ilkd.key.nparser.builder.AbstractBuilder.lambda$mapOf$0(AbstractBuilder.java:112)
	at java.base/java.util.stream.ReferencePipeline$3$1.accept(ReferencePipeline.java:195)
	at java.base/java.util.ArrayList$ArrayListSpliterator.forEachRemaining(ArrayList.java:1655)
	at java.base/java.util.stream.AbstractPipeline.copyInto(AbstractPipeline.java:484)
	at java.base/java.util.stream.AbstractPipeline.wrapAndCopyInto(AbstractPipeline.java:474)
	at java.base/java.util.stream.ReduceOps$ReduceOp.evaluateSequential(ReduceOps.java:913)
	at java.base/java.util.stream.AbstractPipeline.evaluate(AbstractPipeline.java:234)
	at java.base/java.util.stream.ReferencePipeline.collect(ReferencePipeline.java:578)
	at de.uka.ilkd.key.nparser.builder.AbstractBuilder.mapOf(AbstractBuilder.java:112)
	at de.uka.ilkd.key.nparser.builder.IncludeFinder.visitOne_include_statement(IncludeFinder.java:35)
	at de.uka.ilkd.key.nparser.builder.IncludeFinder.visitOne_include_statement(IncludeFinder.java:20)
	at de.uka.ilkd.key.nparser.KeYParser$One_include_statementContext.accept(KeYParser.java:802)
	at org.antlr.v4.runtime.tree.AbstractParseTreeVisitor.visitChildren(AbstractParseTreeVisitor.java:46)
	at de.uka.ilkd.key.nparser.KeYParserBaseVisitor.visitDecls(KeYParserBaseVisitor.java:30)
	at de.uka.ilkd.key.nparser.KeYParser$DeclsContext.accept(KeYParser.java:500)
	at org.antlr.v4.runtime.tree.AbstractParseTreeVisitor.visitChildren(AbstractParseTreeVisitor.java:46)
	at de.uka.ilkd.key.nparser.KeYParserBaseVisitor.visitFile(KeYParserBaseVisitor.java:23)
	at de.uka.ilkd.key.nparser.KeYParser$FileContext.accept(KeYParser.java:306)
	at de.uka.ilkd.key.nparser.KeyAst.accept(KeyAst.java:41)
	at de.uka.ilkd.key.nparser.KeyAst$File.getIncludes(KeyAst.java:76)
	at de.uka.ilkd.key.proof.io.KeYFile.readIncludes(KeYFile.java:208)
	... 14 more
Could not find rule file rules/intRulesCheckedSemantics.key (file: /home/runner/work/key/key/key.core/../key.ui/examples/index/.././heap/vacid0_01_SparseArray/MemoryAllocator_alloc.key; caused by: de.uka.ilkd.key.proof.init.ProofInputException: Could not find rule file rules/intRulesCheckedSemantics.key)
	at de.uka.ilkd.key.control.AbstractUserInterfaceControl.load(AbstractUserInterfaceControl.java:221)
	at de.uka.ilkd.key.control.KeYEnvironment.load(KeYEnvironment.java:251)
	at de.uka.ilkd.key.control.KeYEnvironment.load(KeYEnvironment.java:224)
	at de.uka.ilkd.key.control.KeYEnvironment.load(KeYEnvironment.java:184)
	at de.uka.ilkd.key.control.KeYEnvironment.load(KeYEnvironment.java:261)
	at de.uka.ilkd.key.proof.runallproofs.proofcollection.TestFile.load(TestFile.java:270)
	at de.uka.ilkd.key.proof.runallproofs.proofcollection.TestFile.runKey(TestFile.java:160)
	at de.uka.ilkd.key.proof.runallproofs.proofcollection.ForkedTestFileRunner.main(ForkedTestFileRunner.java:171)
Caused by: de.uka.ilkd.key.proof.init.ProofInputException: Could not find rule file rules/intRulesCheckedSemantics.key
	at de.uka.ilkd.key.proof.io.KeYFile.readIncludes(KeYFile.java:210)
	at de.uka.ilkd.key.proof.init.ProblemInitializer.readIncludes(ProblemInitializer.java:177)
	at de.uka.ilkd.key.proof.init.ProblemInitializer.readEnvInput(ProblemInitializer.java:325)
	at de.uka.ilkd.key.proof.init.ProblemInitializer.prepare(ProblemInitializer.java:449)
	at de.uka.ilkd.key.proof.io.AbstractProblemLoader.createInitConfig(AbstractProblemLoader.java:518)
	at de.uka.ilkd.key.proof.io.AbstractProblemLoader.loadEnvironment(AbstractProblemLoader.java:288)
	at de.uka.ilkd.key.proof.io.AbstractProblemLoader.load(AbstractProblemLoader.java:252)
	at de.uka.ilkd.key.control.AbstractUserInterfaceControl.load(AbstractUserInterfaceControl.java:209)
	... 7 more
Caused by: java.lang.RuntimeException: Could not find rule file rules/intRulesCheckedSemantics.key
	at de.uka.ilkd.key.proof.io.RuleSourceFactory.fromBuiltInRule(RuleSourceFactory.java:32)
	at de.uka.ilkd.key.proof.io.RuleSourceFactory.fromDefaultLocation(RuleSourceFactory.java:21)
	at de.uka.ilkd.key.nparser.builder.IncludeFinder.addInclude(IncludeFinder.java:63)
	at de.uka.ilkd.key.nparser.builder.IncludeFinder.visitOne_include(IncludeFinder.java:43)
	at de.uka.ilkd.key.nparser.builder.IncludeFinder.visitOne_include(IncludeFinder.java:20)
	at de.uka.ilkd.key.nparser.KeYParser$One_includeContext.accept(KeYParser.java:878)
	at de.uka.ilkd.key.nparser.builder.AbstractBuilder.lambda$mapOf$0(AbstractBuilder.java:112)
	at java.base/java.util.stream.ReferencePipeline$3$1.accept(ReferencePipeline.java:195)
	at java.base/java.util.ArrayList$ArrayListSpliterator.forEachRemaining(ArrayList.java:1655)
	at java.base/java.util.stream.AbstractPipeline.copyInto(AbstractPipeline.java:484)
	at java.base/java.util.stream.AbstractPipeline.wrapAndCopyInto(AbstractPipeline.java:474)
	at java.base/java.util.stream.ReduceOps$ReduceOp.evaluateSequential(ReduceOps.java:913)
	at java.base/java.util.stream.AbstractPipeline.evaluate(AbstractPipeline.java:234)
	at java.base/java.util.stream.ReferencePipeline.collect(ReferencePipeline.java:578)
	at de.uka.ilkd.key.nparser.builder.AbstractBuilder.mapOf(AbstractBuilder.java:112)
	at de.uka.ilkd.key.nparser.builder.IncludeFinder.visitOne_include_statement(IncludeFinder.java:35)
	at de.uka.ilkd.key.nparser.builder.IncludeFinder.visitOne_include_statement(IncludeFinder.java:20)
	at de.uka.ilkd.key.nparser.KeYParser$One_include_statementContext.accept(KeYParser.java:802)
	at org.antlr.v4.runtime.tree.AbstractParseTreeVisitor.visitChildren(AbstractParseTreeVisitor.java:46)
	at de.uka.ilkd.key.nparser.KeYParserBaseVisitor.visitDecls(KeYParserBaseVisitor.java:30)
	at de.uka.ilkd.key.nparser.KeYParser$DeclsContext.accept(KeYParser.java:500)
	at org.antlr.v4.runtime.tree.AbstractParseTreeVisitor.visitChildren(AbstractParseTreeVisitor.java:46)
	at de.uka.ilkd.key.nparser.KeYParserBaseVisitor.visitFile(KeYParserBaseVisitor.java:23)
	at de.uka.ilkd.key.nparser.KeYParser$FileContext.accept(KeYParser.java:306)
	at de.uka.ilkd.key.nparser.KeyAst.accept(KeyAst.java:41)
	at de.uka.ilkd.key.nparser.KeyAst$File.getIncludes(KeyAst.java:76)
	at de.uka.ilkd.key.proof.io.KeYFile.readIncludes(KeYFile.java:208)
	... 14 more
Could not find rule file rules/intRulesCheckedSemantics.key (file: /home/runner/work/key/key/key.core/../key.ui/examples/index/.././heap/vacid0_01_SparseArray/SparseArray_get_dep.key; caused by: de.uka.ilkd.key.proof.init.ProofInputException: Could not find rule file rules/intRulesCheckedSemantics.key)
	at de.uka.ilkd.key.control.AbstractUserInterfaceControl.load(AbstractUserInterfaceControl.java:221)
	at de.uka.ilkd.key.control.KeYEnvironment.load(KeYEnvironment.java:251)
	at de.uka.ilkd.key.control.KeYEnvironment.load(KeYEnvironment.java:224)
	at de.uka.ilkd.key.control.KeYEnvironment.load(KeYEnvironment.java:184)
	at de.uka.ilkd.key.control.KeYEnvironment.load(KeYEnvironment.java:261)
	at de.uka.ilkd.key.proof.runallproofs.proofcollection.TestFile.load(TestFile.java:270)
	at de.uka.ilkd.key.proof.runallproofs.proofcollection.TestFile.runKey(TestFile.java:160)
	at de.uka.ilkd.key.proof.runallproofs.proofcollection.ForkedTestFileRunner.main(ForkedTestFileRunner.java:171)
Caused by: de.uka.ilkd.key.proof.init.ProofInputException: Could not find rule file rules/intRulesCheckedSemantics.key
	at de.uka.ilkd.key.proof.io.KeYFile.readIncludes(KeYFile.java:210)
	at de.uka.ilkd.key.proof.init.ProblemInitializer.readIncludes(ProblemInitializer.java:177)
	at de.uka.ilkd.key.proof.init.ProblemInitializer.readEnvInput(ProblemInitializer.java:325)
	at de.uka.ilkd.key.proof.init.ProblemInitializer.prepare(ProblemInitializer.java:449)
	at de.uka.ilkd.key.proof.io.AbstractProblemLoader.createInitConfig(AbstractProblemLoader.java:518)
	at de.uka.ilkd.key.proof.io.AbstractProblemLoader.loadEnvironment(AbstractProblemLoader.java:288)
	at de.uka.ilkd.key.proof.io.AbstractProblemLoader.load(AbstractProblemLoader.java:252)
	at de.uka.ilkd.key.control.AbstractUserInterfaceControl.load(AbstractUserInterfaceControl.java:209)
	... 7 more
Caused by: java.lang.RuntimeException: Could not find rule file rules/intRulesCheckedSemantics.key
	at de.uka.ilkd.key.proof.io.RuleSourceFactory.fromBuiltInRule(RuleSourceFactory.java:32)
	at de.uka.ilkd.key.proof.io.RuleSourceFactory.fromDefaultLocation(RuleSourceFactory.java:21)
	at de.uka.ilkd.key.nparser.builder.IncludeFinder.addInclude(IncludeFinder.java:63)
	at de.uka.ilkd.key.nparser.builder.IncludeFinder.visitOne_include(IncludeFinder.java:43)
	at de.uka.ilkd.key.nparser.builder.IncludeFinder.visitOne_include(IncludeFinder.java:20)
	at de.uka.ilkd.key.nparser.KeYParser$One_includeContext.accept(KeYParser.java:878)
	at de.uka.ilkd.key.nparser.builder.AbstractBuilder.lambda$mapOf$0(AbstractBuilder.java:112)
	at java.base/java.util.stream.ReferencePipeline$3$1.accept(ReferencePipeline.java:195)
	at java.base/java.util.ArrayList$ArrayListSpliterator.forEachRemaining(ArrayList.java:1655)
	at java.base/java.util.stream.AbstractPipeline.copyInto(AbstractPipeline.java:484)
	at java.base/java.util.stream.AbstractPipeline.wrapAndCopyInto(AbstractPipeline.java:474)
	at java.base/java.util.stream.ReduceOps$ReduceOp.evaluateSequential(ReduceOps.java:913)
	at java.base/java.util.stream.AbstractPipeline.evaluate(AbstractPipeline.java:234)
	at java.base/java.util.stream.ReferencePipeline.collect(ReferencePipeline.java:578)
	at de.uka.ilkd.key.nparser.builder.AbstractBuilder.mapOf(AbstractBuilder.java:112)
	at de.uka.ilkd.key.nparser.builder.IncludeFinder.visitOne_include_statement(IncludeFinder.java:35)
	at de.uka.ilkd.key.nparser.builder.IncludeFinder.visitOne_include_statement(IncludeFinder.java:20)
	at de.uka.ilkd.key.nparser.KeYParser$One_include_statementContext.accept(KeYParser.java:802)
	at org.antlr.v4.runtime.tree.AbstractParseTreeVisitor.visitChildren(AbstractParseTreeVisitor.java:46)
	at de.uka.ilkd.key.nparser.KeYParserBaseVisitor.visitDecls(KeYParserBaseVisitor.java:30)
	at de.uka.ilkd.key.nparser.KeYParser$DeclsContext.accept(KeYParser.java:500)
	at org.antlr.v4.runtime.tree.AbstractParseTreeVisitor.visitChildren(AbstractParseTreeVisitor.java:46)
	at de.uka.ilkd.key.nparser.KeYParserBaseVisitor.visitFile(KeYParserBaseVisitor.java:23)
	at de.uka.ilkd.key.nparser.KeYParser$FileContext.accept(KeYParser.java:306)
	at de.uka.ilkd.key.nparser.KeyAst.accept(KeyAst.java:41)
	at de.uka.ilkd.key.nparser.KeyAst$File.getIncludes(KeyAst.java:76)
	at de.uka.ilkd.key.proof.io.KeYFile.readIncludes(KeYFile.java:208)
	... 14 more
Could not find rule file rules/intRulesCheckedSemantics.key (file: /home/runner/work/key/key/key.core/../key.ui/examples/index/.././heap/vacid0_01_SparseArray/SparseArray_get.key; caused by: de.uka.ilkd.key.proof.init.ProofInputException: Could not find rule file rules/intRulesCheckedSemantics.key)
	at de.uka.ilkd.key.control.AbstractUserInterfaceControl.load(AbstractUserInterfaceControl.java:221)
	at de.uka.ilkd.key.control.KeYEnvironment.load(KeYEnvironment.java:251)
	at de.uka.ilkd.key.control.KeYEnvironment.load(KeYEnvironment.java:224)
	at de.uka.ilkd.key.control.KeYEnvironment.load(KeYEnvironment.java:184)
	at de.uka.ilkd.key.control.KeYEnvironment.load(KeYEnvironment.java:261)
	at de.uka.ilkd.key.proof.runallproofs.proofcollection.TestFile.load(TestFile.java:270)
	at de.uka.ilkd.key.proof.runallproofs.proofcollection.TestFile.runKey(TestFile.java:160)
	at de.uka.ilkd.key.proof.runallproofs.proofcollection.ForkedTestFileRunner.main(ForkedTestFileRunner.java:171)
Caused by: de.uka.ilkd.key.proof.init.ProofInputException: Could not find rule file rules/intRulesCheckedSemantics.key
	at de.uka.ilkd.key.proof.io.KeYFile.readIncludes(KeYFile.java:210)
	at de.uka.ilkd.key.proof.init.ProblemInitializer.readIncludes(ProblemInitializer.java:177)
	at de.uka.ilkd.key.proof.init.ProblemInitializer.readEnvInput(ProblemInitializer.java:325)
	at de.uka.ilkd.key.proof.init.ProblemInitializer.prepare(ProblemInitializer.java:449)
	at de.uka.ilkd.key.proof.io.AbstractProblemLoader.createInitConfig(AbstractProblemLoader.java:518)
	at de.uka.ilkd.key.proof.io.AbstractProblemLoader.loadEnvironment(AbstractProblemLoader.java:288)
	at de.uka.ilkd.key.proof.io.AbstractProblemLoader.load(AbstractProblemLoader.java:252)
	at de.uka.ilkd.key.control.AbstractUserInterfaceControl.load(AbstractUserInterfaceControl.java:209)
	... 7 more
Caused by: java.lang.RuntimeException: Could not find rule file rules/intRulesCheckedSemantics.key
	at de.uka.ilkd.key.proof.io.RuleSourceFactory.fromBuiltInRule(RuleSourceFactory.java:32)
	at de.uka.ilkd.key.proof.io.RuleSourceFactory.fromDefaultLocation(RuleSourceFactory.java:21)
	at de.uka.ilkd.key.nparser.builder.IncludeFinder.addInclude(IncludeFinder.java:63)
	at de.uka.ilkd.key.nparser.builder.IncludeFinder.visitOne_include(IncludeFinder.java:43)
	at de.uka.ilkd.key.nparser.builder.IncludeFinder.visitOne_include(IncludeFinder.java:20)
	at de.uka.ilkd.key.nparser.KeYParser$One_includeContext.accept(KeYParser.java:878)
	at de.uka.ilkd.key.nparser.builder.AbstractBuilder.lambda$mapOf$0(AbstractBuilder.java:112)
	at java.base/java.util.stream.ReferencePipeline$3$1.accept(ReferencePipeline.java:195)
	at java.base/java.util.ArrayList$ArrayListSpliterator.forEachRemaining(ArrayList.java:1655)
	at java.base/java.util.stream.AbstractPipeline.copyInto(AbstractPipeline.java:484)
	at java.base/java.util.stream.AbstractPipeline.wrapAndCopyInto(AbstractPipeline.java:474)
	at java.base/java.util.stream.ReduceOps$ReduceOp.evaluateSequential(ReduceOps.java:913)
	at java.base/java.util.stream.AbstractPipeline.evaluate(AbstractPipeline.java:234)
	at java.base/java.util.stream.ReferencePipeline.collect(ReferencePipeline.java:578)
	at de.uka.ilkd.key.nparser.builder.AbstractBuilder.mapOf(AbstractBuilder.java:112)
	at de.uka.ilkd.key.nparser.builder.IncludeFinder.visitOne_include_statement(IncludeFinder.java:35)
	at de.uka.ilkd.key.nparser.builder.IncludeFinder.visitOne_include_statement(IncludeFinder.java:20)
	at de.uka.ilkd.key.nparser.KeYParser$One_include_statementContext.accept(KeYParser.java:802)
	at org.antlr.v4.runtime.tree.AbstractParseTreeVisitor.visitChildren(AbstractParseTreeVisitor.java:46)
	at de.uka.ilkd.key.nparser.KeYParserBaseVisitor.visitDecls(KeYParserBaseVisitor.java:30)
	at de.uka.ilkd.key.nparser.KeYParser$DeclsContext.accept(KeYParser.java:500)
	at org.antlr.v4.runtime.tree.AbstractParseTreeVisitor.visitChildren(AbstractParseTreeVisitor.java:46)
	at de.uka.ilkd.key.nparser.KeYParserBaseVisitor.visitFile(KeYParserBaseVisitor.java:23)
	at de.uka.ilkd.key.nparser.KeYParser$FileContext.accept(KeYParser.java:306)
	at de.uka.ilkd.key.nparser.KeyAst.accept(KeyAst.java:41)
	at de.uka.ilkd.key.nparser.KeyAst$File.getIncludes(KeyAst.java:76)
	at de.uka.ilkd.key.proof.io.KeYFile.readIncludes(KeYFile.java:208)
	... 14 more
Could not find rule file rules/intRulesCheckedSemantics.key (file: /home/runner/work/key/key/key.core/../key.ui/examples/index/.././heap/vacid0_01_SparseArray/SparseArray_inv.key; caused by: de.uka.ilkd.key.proof.init.ProofInputException: Could not find rule file rules/intRulesCheckedSemantics.key)
	at de.uka.ilkd.key.control.AbstractUserInterfaceControl.load(AbstractUserInterfaceControl.java:221)
	at de.uka.ilkd.key.control.KeYEnvironment.load(KeYEnvironment.java:251)
	at de.uka.ilkd.key.control.KeYEnvironment.load(KeYEnvironment.java:224)
	at de.uka.ilkd.key.control.KeYEnvironment.load(KeYEnvironment.java:184)
	at de.uka.ilkd.key.control.KeYEnvironment.load(KeYEnvironment.java:261)
	at de.uka.ilkd.key.proof.runallproofs.proofcollection.TestFile.load(TestFile.java:270)
	at de.uka.ilkd.key.proof.runallproofs.proofcollection.TestFile.runKey(TestFile.java:160)
	at de.uka.ilkd.key.proof.runallproofs.proofcollection.ForkedTestFileRunner.main(ForkedTestFileRunner.java:171)
Caused by: de.uka.ilkd.key.proof.init.ProofInputException: Could not find rule file rules/intRulesCheckedSemantics.key
	at de.uka.ilkd.key.proof.io.KeYFile.readIncludes(KeYFile.java:210)
	at de.uka.ilkd.key.proof.init.ProblemInitializer.readIncludes(ProblemInitializer.java:177)
	at de.uka.ilkd.key.proof.init.ProblemInitializer.readEnvInput(ProblemInitializer.java:325)
	at de.uka.ilkd.key.proof.init.ProblemInitializer.prepare(ProblemInitializer.java:449)
	at de.uka.ilkd.key.proof.io.AbstractProblemLoader.createInitConfig(AbstractProblemLoader.java:518)
	at de.uka.ilkd.key.proof.io.AbstractProblemLoader.loadEnvironment(AbstractProblemLoader.java:288)
	at de.uka.ilkd.key.proof.io.AbstractProblemLoader.load(AbstractProblemLoader.java:252)
	at de.uka.ilkd.key.control.AbstractUserInterfaceControl.load(AbstractUserInterfaceControl.java:209)
	... 7 more
Caused by: java.lang.RuntimeException: Could not find rule file rules/intRulesCheckedSemantics.key
	at de.uka.ilkd.key.proof.io.RuleSourceFactory.fromBuiltInRule(RuleSourceFactory.java:32)
	at de.uka.ilkd.key.proof.io.RuleSourceFactory.fromDefaultLocation(RuleSourceFactory.java:21)
	at de.uka.ilkd.key.nparser.builder.IncludeFinder.addInclude(IncludeFinder.java:63)
	at de.uka.ilkd.key.nparser.builder.IncludeFinder.visitOne_include(IncludeFinder.java:43)
	at de.uka.ilkd.key.nparser.builder.IncludeFinder.visitOne_include(IncludeFinder.java:20)
	at de.uka.ilkd.key.nparser.KeYParser$One_includeContext.accept(KeYParser.java:878)
	at de.uka.ilkd.key.nparser.builder.AbstractBuilder.lambda$mapOf$0(AbstractBuilder.java:112)
	at java.base/java.util.stream.ReferencePipeline$3$1.accept(ReferencePipeline.java:195)
	at java.base/java.util.ArrayList$ArrayListSpliterator.forEachRemaining(ArrayList.java:1655)
	at java.base/java.util.stream.AbstractPipeline.copyInto(AbstractPipeline.java:484)
	at java.base/java.util.stream.AbstractPipeline.wrapAndCopyInto(AbstractPipeline.java:474)
	at java.base/java.util.stream.ReduceOps$ReduceOp.evaluateSequential(ReduceOps.java:913)
	at java.base/java.util.stream.AbstractPipeline.evaluate(AbstractPipeline.java:234)
	at java.base/java.util.stream.ReferencePipeline.collect(ReferencePipeline.java:578)
	at de.uka.ilkd.key.nparser.builder.AbstractBuilder.mapOf(AbstractBuilder.java:112)
	at de.uka.ilkd.key.nparser.builder.IncludeFinder.visitOne_include_statement(IncludeFinder.java:35)
	at de.uka.ilkd.key.nparser.builder.IncludeFinder.visitOne_include_statement(IncludeFinder.java:20)
	at de.uka.ilkd.key.nparser.KeYParser$One_include_statementContext.accept(KeYParser.java:802)
	at org.antlr.v4.runtime.tree.AbstractParseTreeVisitor.visitChildren(AbstractParseTreeVisitor.java:46)
	at de.uka.ilkd.key.nparser.KeYParserBaseVisitor.visitDecls(KeYParserBaseVisitor.java:30)
	at de.uka.ilkd.key.nparser.KeYParser$DeclsContext.accept(KeYParser.java:500)
	at org.antlr.v4.runtime.tree.AbstractParseTreeVisitor.visitChildren(AbstractParseTreeVisitor.java:46)
	at de.uka.ilkd.key.nparser.KeYParserBaseVisitor.visitFile(KeYParserBaseVisitor.java:23)
	at de.uka.ilkd.key.nparser.KeYParser$FileContext.accept(KeYParser.java:306)
	at de.uka.ilkd.key.nparser.KeyAst.accept(KeyAst.java:41)
	at de.uka.ilkd.key.nparser.KeyAst$File.getIncludes(KeyAst.java:76)
	at de.uka.ilkd.key.proof.io.KeYFile.readIncludes(KeYFile.java:208)
	... 14 more
Could not find rule file rules/intRulesCheckedSemantics.key (file: /home/runner/work/key/key/key.core/../key.ui/examples/index/.././heap/vacid0_01_SparseArray/SparseArray_SparseArray.key; caused by: de.uka.ilkd.key.proof.init.ProofInputException: Could not find rule file rules/intRulesCheckedSemantics.key)
	at de.uka.ilkd.key.control.AbstractUserInterfaceControl.load(AbstractUserInterfaceControl.java:221)
	at de.uka.ilkd.key.control.KeYEnvironment.load(KeYEnvironment.java:251)
	at de.uka.ilkd.key.control.KeYEnvironment.load(KeYEnvironment.java:224)
	at de.uka.ilkd.key.control.KeYEnvironment.load(KeYEnvironment.java:184)
	at de.uka.ilkd.key.control.KeYEnvironment.load(KeYEnvironment.java:261)
	at de.uka.ilkd.key.proof.runallproofs.proofcollection.TestFile.load(TestFile.java:270)
	at de.uka.ilkd.key.proof.runallproofs.proofcollection.TestFile.runKey(TestFile.java:160)
	at de.uka.ilkd.key.proof.runallproofs.proofcollection.ForkedTestFileRunner.main(ForkedTestFileRunner.java:171)
Caused by: de.uka.ilkd.key.proof.init.ProofInputException: Could not find rule file rules/intRulesCheckedSemantics.key
	at de.uka.ilkd.key.proof.io.KeYFile.readIncludes(KeYFile.java:210)
	at de.uka.ilkd.key.proof.init.ProblemInitializer.readIncludes(ProblemInitializer.java:177)
	at de.uka.ilkd.key.proof.init.ProblemInitializer.readEnvInput(ProblemInitializer.java:325)
	at de.uka.ilkd.key.proof.init.ProblemInitializer.prepare(ProblemInitializer.java:449)
	at de.uka.ilkd.key.proof.io.AbstractProblemLoader.createInitConfig(AbstractProblemLoader.java:518)
	at de.uka.ilkd.key.proof.io.AbstractProblemLoader.loadEnvironment(AbstractProblemLoader.java:288)
	at de.uka.ilkd.key.proof.io.AbstractProblemLoader.load(AbstractProblemLoader.java:252)
	at de.uka.ilkd.key.control.AbstractUserInterfaceControl.load(AbstractUserInterfaceControl.java:209)
	... 7 more
Caused by: java.lang.RuntimeException: Could not find rule file rules/intRulesCheckedSemantics.key
	at de.uka.ilkd.key.proof.io.RuleSourceFactory.fromBuiltInRule(RuleSourceFactory.java:32)
	at de.uka.ilkd.key.proof.io.RuleSourceFactory.fromDefaultLocation(RuleSourceFactory.java:21)
	at de.uka.ilkd.key.nparser.builder.IncludeFinder.addInclude(IncludeFinder.java:63)
	at de.uka.ilkd.key.nparser.builder.IncludeFinder.visitOne_include(IncludeFinder.java:43)
	at de.uka.ilkd.key.nparser.builder.IncludeFinder.visitOne_include(IncludeFinder.java:20)
	at de.uka.ilkd.key.nparser.KeYParser$One_includeContext.accept(KeYParser.java:878)
	at de.uka.ilkd.key.nparser.builder.AbstractBuilder.lambda$mapOf$0(AbstractBuilder.java:112)
	at java.base/java.util.stream.ReferencePipeline$3$1.accept(ReferencePipeline.java:195)
	at java.base/java.util.ArrayList$ArrayListSpliterator.forEachRemaining(ArrayList.java:1655)
	at java.base/java.util.stream.AbstractPipeline.copyInto(AbstractPipeline.java:484)
	at java.base/java.util.stream.AbstractPipeline.wrapAndCopyInto(AbstractPipeline.java:474)
	at java.base/java.util.stream.ReduceOps$ReduceOp.evaluateSequential(ReduceOps.java:913)
	at java.base/java.util.stream.AbstractPipeline.evaluate(AbstractPipeline.java:234)
	at java.base/java.util.stream.ReferencePipeline.collect(ReferencePipeline.java:578)
	at de.uka.ilkd.key.nparser.builder.AbstractBuilder.mapOf(AbstractBuilder.java:112)
	at de.uka.ilkd.key.nparser.builder.IncludeFinder.visitOne_include_statement(IncludeFinder.java:35)
	at de.uka.ilkd.key.nparser.builder.IncludeFinder.visitOne_include_statement(IncludeFinder.java:20)
	at de.uka.ilkd.key.nparser.KeYParser$One_include_statementContext.accept(KeYParser.java:802)
	at org.antlr.v4.runtime.tree.AbstractParseTreeVisitor.visitChildren(AbstractParseTreeVisitor.java:46)
	at de.uka.ilkd.key.nparser.KeYParserBaseVisitor.visitDecls(KeYParserBaseVisitor.java:30)
	at de.uka.ilkd.key.nparser.KeYParser$DeclsContext.accept(KeYParser.java:500)
	at org.antlr.v4.runtime.tree.AbstractParseTreeVisitor.visitChildren(AbstractParseTreeVisitor.java:46)
	at de.uka.ilkd.key.nparser.KeYParserBaseVisitor.visitFile(KeYParserBaseVisitor.java:23)
	at de.uka.ilkd.key.nparser.KeYParser$FileContext.accept(KeYParser.java:306)
	at de.uka.ilkd.key.nparser.KeyAst.accept(KeyAst.java:41)
	at de.uka.ilkd.key.nparser.KeyAst$File.getIncludes(KeyAst.java:76)
	at de.uka.ilkd.key.proof.io.KeYFile.readIncludes(KeYFile.java:208)
	... 14 more
Exception in thread "main" org.opentest4j.AssertionFailedError: Exception during the execution of proofs. See log for more details.
	at org.junit.jupiter.api.AssertionUtils.fail(AssertionUtils.java:39)
	at org.junit.jupiter.api.Assertions.fail(Assertions.java:134)
	at de.uka.ilkd.key.proof.runallproofs.proofcollection.ForkedTestFileRunner.main(ForkedTestFileRunner.java:192)
Timeout watcher launched (2000 secs.)
Could not find rule file rules/intRulesCheckedSemantics.key (file: /home/runner/work/key/key/key.core/../key.ui/examples/index/.././heap/vstte10_01_SumAndMax/SumAndMax_sumAndMax.key; caused by: de.uka.ilkd.key.proof.init.ProofInputException: Could not find rule file rules/intRulesCheckedSemantics.key)
	at de.uka.ilkd.key.control.AbstractUserInterfaceControl.load(AbstractUserInterfaceControl.java:221)
	at de.uka.ilkd.key.control.KeYEnvironment.load(KeYEnvironment.java:251)
	at de.uka.ilkd.key.control.KeYEnvironment.load(KeYEnvironment.java:224)
	at de.uka.ilkd.key.control.KeYEnvironment.load(KeYEnvironment.java:184)
	at de.uka.ilkd.key.control.KeYEnvironment.load(KeYEnvironment.java:261)
	at de.uka.ilkd.key.proof.runallproofs.proofcollection.TestFile.load(TestFile.java:270)
	at de.uka.ilkd.key.proof.runallproofs.proofcollection.TestFile.runKey(TestFile.java:160)
	at de.uka.ilkd.key.proof.runallproofs.proofcollection.ForkedTestFileRunner.main(ForkedTestFileRunner.java:171)
Caused by: de.uka.ilkd.key.proof.init.ProofInputException: Could not find rule file rules/intRulesCheckedSemantics.key
	at de.uka.ilkd.key.proof.io.KeYFile.readIncludes(KeYFile.java:210)
	at de.uka.ilkd.key.proof.init.ProblemInitializer.readIncludes(ProblemInitializer.java:177)
	at de.uka.ilkd.key.proof.init.ProblemInitializer.readEnvInput(ProblemInitializer.java:325)
	at de.uka.ilkd.key.proof.init.ProblemInitializer.prepare(ProblemInitializer.java:449)
	at de.uka.ilkd.key.proof.io.AbstractProblemLoader.createInitConfig(AbstractProblemLoader.java:518)
	at de.uka.ilkd.key.proof.io.AbstractProblemLoader.loadEnvironment(AbstractProblemLoader.java:288)
	at de.uka.ilkd.key.proof.io.AbstractProblemLoader.load(AbstractProblemLoader.java:252)
	at de.uka.ilkd.key.control.AbstractUserInterfaceControl.load(AbstractUserInterfaceControl.java:209)
	... 7 more
Caused by: java.lang.RuntimeException: Could not find rule file rules/intRulesCheckedSemantics.key
	at de.uka.ilkd.key.proof.io.RuleSourceFactory.fromBuiltInRule(RuleSourceFactory.java:32)
	at de.uka.ilkd.key.proof.io.RuleSourceFactory.fromDefaultLocation(RuleSourceFactory.java:21)
	at de.uka.ilkd.key.nparser.builder.IncludeFinder.addInclude(IncludeFinder.java:63)
	at de.uka.ilkd.key.nparser.builder.IncludeFinder.visitOne_include(IncludeFinder.java:43)
	at de.uka.ilkd.key.nparser.builder.IncludeFinder.visitOne_include(IncludeFinder.java:20)
	at de.uka.ilkd.key.nparser.KeYParser$One_includeContext.accept(KeYParser.java:878)
	at de.uka.ilkd.key.nparser.builder.AbstractBuilder.lambda$mapOf$0(AbstractBuilder.java:112)
	at java.base/java.util.stream.ReferencePipeline$3$1.accept(ReferencePipeline.java:195)
	at java.base/java.util.ArrayList$ArrayListSpliterator.forEachRemaining(ArrayList.java:1655)
	at java.base/java.util.stream.AbstractPipeline.copyInto(AbstractPipeline.java:484)
	at java.base/java.util.stream.AbstractPipeline.wrapAndCopyInto(AbstractPipeline.java:474)
	at java.base/java.util.stream.ReduceOps$ReduceOp.evaluateSequential(ReduceOps.java:913)
	at java.base/java.util.stream.AbstractPipeline.evaluate(AbstractPipeline.java:234)
	at java.base/java.util.stream.ReferencePipeline.collect(ReferencePipeline.java:578)
	at de.uka.ilkd.key.nparser.builder.AbstractBuilder.mapOf(AbstractBuilder.java:112)
	at de.uka.ilkd.key.nparser.builder.IncludeFinder.visitOne_include_statement(IncludeFinder.java:35)
	at de.uka.ilkd.key.nparser.builder.IncludeFinder.visitOne_include_statement(IncludeFinder.java:20)
	at de.uka.ilkd.key.nparser.KeYParser$One_include_statementContext.accept(KeYParser.java:802)
	at org.antlr.v4.runtime.tree.AbstractParseTreeVisitor.visitChildren(AbstractParseTreeVisitor.java:46)
	at de.uka.ilkd.key.nparser.KeYParserBaseVisitor.visitDecls(KeYParserBaseVisitor.java:30)
	at de.uka.ilkd.key.nparser.KeYParser$DeclsContext.accept(KeYParser.java:500)
	at org.antlr.v4.runtime.tree.AbstractParseTreeVisitor.visitChildren(AbstractParseTreeVisitor.java:46)
	at de.uka.ilkd.key.nparser.KeYParserBaseVisitor.visitFile(KeYParserBaseVisitor.java:23)
	at de.uka.ilkd.key.nparser.KeYParser$FileContext.accept(KeYParser.java:306)
	at de.uka.ilkd.key.nparser.KeyAst.accept(KeyAst.java:41)
	at de.uka.ilkd.key.nparser.KeyAst$File.getIncludes(KeyAst.java:76)
	at de.uka.ilkd.key.proof.io.KeYFile.readIncludes(KeYFile.java:208)
	... 14 more
Could not find rule file rules/intRulesCheckedSemantics.key (file: /home/runner/work/key/key/key.core/../key.ui/examples/index/.././heap/vstte10_03_LinkedList/Node_cons.key; caused by: de.uka.ilkd.key.proof.init.ProofInputException: Could not find rule file rules/intRulesCheckedSemantics.key)
	at de.uka.ilkd.key.control.AbstractUserInterfaceControl.load(AbstractUserInterfaceControl.java:221)
	at de.uka.ilkd.key.control.KeYEnvironment.load(KeYEnvironment.java:251)
	at de.uka.ilkd.key.control.KeYEnvironment.load(KeYEnvironment.java:224)
	at de.uka.ilkd.key.control.KeYEnvironment.load(KeYEnvironment.java:184)
	at de.uka.ilkd.key.control.KeYEnvironment.load(KeYEnvironment.java:261)
	at de.uka.ilkd.key.proof.runallproofs.proofcollection.TestFile.load(TestFile.java:270)
	at de.uka.ilkd.key.proof.runallproofs.proofcollection.TestFile.runKey(TestFile.java:160)
	at de.uka.ilkd.key.proof.runallproofs.proofcollection.ForkedTestFileRunner.main(ForkedTestFileRunner.java:171)
Caused by: de.uka.ilkd.key.proof.init.ProofInputException: Could not find rule file rules/intRulesCheckedSemantics.key
	at de.uka.ilkd.key.proof.io.KeYFile.readIncludes(KeYFile.java:210)
	at de.uka.ilkd.key.proof.init.ProblemInitializer.readIncludes(ProblemInitializer.java:177)
	at de.uka.ilkd.key.proof.init.ProblemInitializer.readEnvInput(ProblemInitializer.java:325)
	at de.uka.ilkd.key.proof.init.ProblemInitializer.prepare(ProblemInitializer.java:449)
	at de.uka.ilkd.key.proof.io.AbstractProblemLoader.createInitConfig(AbstractProblemLoader.java:518)
	at de.uka.ilkd.key.proof.io.AbstractProblemLoader.loadEnvironment(AbstractProblemLoader.java:288)
	at de.uka.ilkd.key.proof.io.AbstractProblemLoader.load(AbstractProblemLoader.java:252)
	at de.uka.ilkd.key.control.AbstractUserInterfaceControl.load(AbstractUserInterfaceControl.java:209)
	... 7 more
Caused by: java.lang.RuntimeException: Could not find rule file rules/intRulesCheckedSemantics.key
	at de.uka.ilkd.key.proof.io.RuleSourceFactory.fromBuiltInRule(RuleSourceFactory.java:32)
	at de.uka.ilkd.key.proof.io.RuleSourceFactory.fromDefaultLocation(RuleSourceFactory.java:21)
	at de.uka.ilkd.key.nparser.builder.IncludeFinder.addInclude(IncludeFinder.java:63)
	at de.uka.ilkd.key.nparser.builder.IncludeFinder.visitOne_include(IncludeFinder.java:43)
	at de.uka.ilkd.key.nparser.builder.IncludeFinder.visitOne_include(IncludeFinder.java:20)
	at de.uka.ilkd.key.nparser.KeYParser$One_includeContext.accept(KeYParser.java:878)
	at de.uka.ilkd.key.nparser.builder.AbstractBuilder.lambda$mapOf$0(AbstractBuilder.java:112)
	at java.base/java.util.stream.ReferencePipeline$3$1.accept(ReferencePipeline.java:195)
	at java.base/java.util.ArrayList$ArrayListSpliterator.forEachRemaining(ArrayList.java:1655)
	at java.base/java.util.stream.AbstractPipeline.copyInto(AbstractPipeline.java:484)
	at java.base/java.util.stream.AbstractPipeline.wrapAndCopyInto(AbstractPipeline.java:474)
	at java.base/java.util.stream.ReduceOps$ReduceOp.evaluateSequential(ReduceOps.java:913)
	at java.base/java.util.stream.AbstractPipeline.evaluate(AbstractPipeline.java:234)
	at java.base/java.util.stream.ReferencePipeline.collect(ReferencePipeline.java:578)
	at de.uka.ilkd.key.nparser.builder.AbstractBuilder.mapOf(AbstractBuilder.java:112)
	at de.uka.ilkd.key.nparser.builder.IncludeFinder.visitOne_include_statement(IncludeFinder.java:35)
	at de.uka.ilkd.key.nparser.builder.IncludeFinder.visitOne_include_statement(IncludeFinder.java:20)
	at de.uka.ilkd.key.nparser.KeYParser$One_include_statementContext.accept(KeYParser.java:802)
	at org.antlr.v4.runtime.tree.AbstractParseTreeVisitor.visitChildren(AbstractParseTreeVisitor.java:46)
	at de.uka.ilkd.key.nparser.KeYParserBaseVisitor.visitDecls(KeYParserBaseVisitor.java:30)
	at de.uka.ilkd.key.nparser.KeYParser$DeclsContext.accept(KeYParser.java:500)
	at org.antlr.v4.runtime.tree.AbstractParseTreeVisitor.visitChildren(AbstractParseTreeVisitor.java:46)
	at de.uka.ilkd.key.nparser.KeYParserBaseVisitor.visitFile(KeYParserBaseVisitor.java:23)
	at de.uka.ilkd.key.nparser.KeYParser$FileContext.accept(KeYParser.java:306)
	at de.uka.ilkd.key.nparser.KeyAst.accept(KeyAst.java:41)
	at de.uka.ilkd.key.nparser.KeyAst$File.getIncludes(KeyAst.java:76)
	at de.uka.ilkd.key.proof.io.KeYFile.readIncludes(KeYFile.java:208)
	... 14 more
Could not find rule file rules/intRulesCheckedSemantics.key (file: /home/runner/work/key/key/key.core/../key.ui/examples/index/.././heap/vstte10_03_LinkedList/Node_inv.key; caused by: de.uka.ilkd.key.proof.init.ProofInputException: Could not find rule file rules/intRulesCheckedSemantics.key)
	at de.uka.ilkd.key.control.AbstractUserInterfaceControl.load(AbstractUserInterfaceControl.java:221)
	at de.uka.ilkd.key.control.KeYEnvironment.load(KeYEnvironment.java:251)
	at de.uka.ilkd.key.control.KeYEnvironment.load(KeYEnvironment.java:224)
	at de.uka.ilkd.key.control.KeYEnvironment.load(KeYEnvironment.java:184)
	at de.uka.ilkd.key.control.KeYEnvironment.load(KeYEnvironment.java:261)
	at de.uka.ilkd.key.proof.runallproofs.proofcollection.TestFile.load(TestFile.java:270)
	at de.uka.ilkd.key.proof.runallproofs.proofcollection.TestFile.runKey(TestFile.java:160)
	at de.uka.ilkd.key.proof.runallproofs.proofcollection.ForkedTestFileRunner.main(ForkedTestFileRunner.java:171)
Caused by: de.uka.ilkd.key.proof.init.ProofInputException: Could not find rule file rules/intRulesCheckedSemantics.key
	at de.uka.ilkd.key.proof.io.KeYFile.readIncludes(KeYFile.java:210)
	at de.uka.ilkd.key.proof.init.ProblemInitializer.readIncludes(ProblemInitializer.java:177)
	at de.uka.ilkd.key.proof.init.ProblemInitializer.readEnvInput(ProblemInitializer.java:325)
	at de.uka.ilkd.key.proof.init.ProblemInitializer.prepare(ProblemInitializer.java:449)
	at de.uka.ilkd.key.proof.io.AbstractProblemLoader.createInitConfig(AbstractProblemLoader.java:518)
	at de.uka.ilkd.key.proof.io.AbstractProblemLoader.loadEnvironment(AbstractProblemLoader.java:288)
	at de.uka.ilkd.key.proof.io.AbstractProblemLoader.load(AbstractProblemLoader.java:252)
	at de.uka.ilkd.key.control.AbstractUserInterfaceControl.load(AbstractUserInterfaceControl.java:209)
	... 7 more
Caused by: java.lang.RuntimeException: Could not find rule file rules/intRulesCheckedSemantics.key
	at de.uka.ilkd.key.proof.io.RuleSourceFactory.fromBuiltInRule(RuleSourceFactory.java:32)
	at de.uka.ilkd.key.proof.io.RuleSourceFactory.fromDefaultLocation(RuleSourceFactory.java:21)
	at de.uka.ilkd.key.nparser.builder.IncludeFinder.addInclude(IncludeFinder.java:63)
	at de.uka.ilkd.key.nparser.builder.IncludeFinder.visitOne_include(IncludeFinder.java:43)
	at de.uka.ilkd.key.nparser.builder.IncludeFinder.visitOne_include(IncludeFinder.java:20)
	at de.uka.ilkd.key.nparser.KeYParser$One_includeContext.accept(KeYParser.java:878)
	at de.uka.ilkd.key.nparser.builder.AbstractBuilder.lambda$mapOf$0(AbstractBuilder.java:112)
	at java.base/java.util.stream.ReferencePipeline$3$1.accept(ReferencePipeline.java:195)
	at java.base/java.util.ArrayList$ArrayListSpliterator.forEachRemaining(ArrayList.java:1655)
	at java.base/java.util.stream.AbstractPipeline.copyInto(AbstractPipeline.java:484)
	at java.base/java.util.stream.AbstractPipeline.wrapAndCopyInto(AbstractPipeline.java:474)
	at java.base/java.util.stream.ReduceOps$ReduceOp.evaluateSequential(ReduceOps.java:913)
	at java.base/java.util.stream.AbstractPipeline.evaluate(AbstractPipeline.java:234)
	at java.base/java.util.stream.ReferencePipeline.collect(ReferencePipeline.java:578)
	at de.uka.ilkd.key.nparser.builder.AbstractBuilder.mapOf(AbstractBuilder.java:112)
	at de.uka.ilkd.key.nparser.builder.IncludeFinder.visitOne_include_statement(IncludeFinder.java:35)
	at de.uka.ilkd.key.nparser.builder.IncludeFinder.visitOne_include_statement(IncludeFinder.java:20)
	at de.uka.ilkd.key.nparser.KeYParser$One_include_statementContext.accept(KeYParser.java:802)
	at org.antlr.v4.runtime.tree.AbstractParseTreeVisitor.visitChildren(AbstractParseTreeVisitor.java:46)
	at de.uka.ilkd.key.nparser.KeYParserBaseVisitor.visitDecls(KeYParserBaseVisitor.java:30)
	at de.uka.ilkd.key.nparser.KeYParser$DeclsContext.accept(KeYParser.java:500)
	at org.antlr.v4.runtime.tree.AbstractParseTreeVisitor.visitChildren(AbstractParseTreeVisitor.java:46)
	at de.uka.ilkd.key.nparser.KeYParserBaseVisitor.visitFile(KeYParserBaseVisitor.java:23)
	at de.uka.ilkd.key.nparser.KeYParser$FileContext.accept(KeYParser.java:306)
	at de.uka.ilkd.key.nparser.KeyAst.accept(KeyAst.java:41)
	at de.uka.ilkd.key.nparser.KeyAst$File.getIncludes(KeyAst.java:76)
	at de.uka.ilkd.key.proof.io.KeYFile.readIncludes(KeYFile.java:208)
	... 14 more
Could not find rule file rules/intRulesCheckedSemantics.key (file: /home/runner/work/key/key/key.core/../key.ui/examples/index/.././heap/vstte10_03_LinkedList/Node_search.key; caused by: de.uka.ilkd.key.proof.init.ProofInputException: Could not find rule file rules/intRulesCheckedSemantics.key)
	at de.uka.ilkd.key.control.AbstractUserInterfaceControl.load(AbstractUserInterfaceControl.java:221)
	at de.uka.ilkd.key.control.KeYEnvironment.load(KeYEnvironment.java:251)
	at de.uka.ilkd.key.control.KeYEnvironment.load(KeYEnvironment.java:224)
	at de.uka.ilkd.key.control.KeYEnvironment.load(KeYEnvironment.java:184)
	at de.uka.ilkd.key.control.KeYEnvironment.load(KeYEnvironment.java:261)
	at de.uka.ilkd.key.proof.runallproofs.proofcollection.TestFile.load(TestFile.java:270)
	at de.uka.ilkd.key.proof.runallproofs.proofcollection.TestFile.runKey(TestFile.java:160)
	at de.uka.ilkd.key.proof.runallproofs.proofcollection.ForkedTestFileRunner.main(ForkedTestFileRunner.java:171)
Caused by: de.uka.ilkd.key.proof.init.ProofInputException: Could not find rule file rules/intRulesCheckedSemantics.key
	at de.uka.ilkd.key.proof.io.KeYFile.readIncludes(KeYFile.java:210)
	at de.uka.ilkd.key.proof.init.ProblemInitializer.readIncludes(ProblemInitializer.java:177)
	at de.uka.ilkd.key.proof.init.ProblemInitializer.readEnvInput(ProblemInitializer.java:325)
	at de.uka.ilkd.key.proof.init.ProblemInitializer.prepare(ProblemInitializer.java:449)
	at de.uka.ilkd.key.proof.io.AbstractProblemLoader.createInitConfig(AbstractProblemLoader.java:518)
	at de.uka.ilkd.key.proof.io.AbstractProblemLoader.loadEnvironment(AbstractProblemLoader.java:288)
	at de.uka.ilkd.key.proof.io.AbstractProblemLoader.load(AbstractProblemLoader.java:252)
	at de.uka.ilkd.key.control.AbstractUserInterfaceControl.load(AbstractUserInterfaceControl.java:209)
	... 7 more
Caused by: java.lang.RuntimeException: Could not find rule file rules/intRulesCheckedSemantics.key
	at de.uka.ilkd.key.proof.io.RuleSourceFactory.fromBuiltInRule(RuleSourceFactory.java:32)
	at de.uka.ilkd.key.proof.io.RuleSourceFactory.fromDefaultLocation(RuleSourceFactory.java:21)
	at de.uka.ilkd.key.nparser.builder.IncludeFinder.addInclude(IncludeFinder.java:63)
	at de.uka.ilkd.key.nparser.builder.IncludeFinder.visitOne_include(IncludeFinder.java:43)
	at de.uka.ilkd.key.nparser.builder.IncludeFinder.visitOne_include(IncludeFinder.java:20)
	at de.uka.ilkd.key.nparser.KeYParser$One_includeContext.accept(KeYParser.java:878)
	at de.uka.ilkd.key.nparser.builder.AbstractBuilder.lambda$mapOf$0(AbstractBuilder.java:112)
	at java.base/java.util.stream.ReferencePipeline$3$1.accept(ReferencePipeline.java:195)
	at java.base/java.util.ArrayList$ArrayListSpliterator.forEachRemaining(ArrayList.java:1655)
	at java.base/java.util.stream.AbstractPipeline.copyInto(AbstractPipeline.java:484)
	at java.base/java.util.stream.AbstractPipeline.wrapAndCopyInto(AbstractPipeline.java:474)
	at java.base/java.util.stream.ReduceOps$ReduceOp.evaluateSequential(ReduceOps.java:913)
	at java.base/java.util.stream.AbstractPipeline.evaluate(AbstractPipeline.java:234)
	at java.base/java.util.stream.ReferencePipeline.collect(ReferencePipeline.java:578)
	at de.uka.ilkd.key.nparser.builder.AbstractBuilder.mapOf(AbstractBuilder.java:112)
	at de.uka.ilkd.key.nparser.builder.IncludeFinder.visitOne_include_statement(IncludeFinder.java:35)
	at de.uka.ilkd.key.nparser.builder.IncludeFinder.visitOne_include_statement(IncludeFinder.java:20)
	at de.uka.ilkd.key.nparser.KeYParser$One_include_statementContext.accept(KeYParser.java:802)
	at org.antlr.v4.runtime.tree.AbstractParseTreeVisitor.visitChildren(AbstractParseTreeVisitor.java:46)
	at de.uka.ilkd.key.nparser.KeYParserBaseVisitor.visitDecls(KeYParserBaseVisitor.java:30)
	at de.uka.ilkd.key.nparser.KeYParser$DeclsContext.accept(KeYParser.java:500)
	at org.antlr.v4.runtime.tree.AbstractParseTreeVisitor.visitChildren(AbstractParseTreeVisitor.java:46)
	at de.uka.ilkd.key.nparser.KeYParserBaseVisitor.visitFile(KeYParserBaseVisitor.java:23)
	at de.uka.ilkd.key.nparser.KeYParser$FileContext.accept(KeYParser.java:306)
	at de.uka.ilkd.key.nparser.KeyAst.accept(KeyAst.java:41)
	at de.uka.ilkd.key.nparser.KeyAst$File.getIncludes(KeyAst.java:76)
	at de.uka.ilkd.key.proof.io.KeYFile.readIncludes(KeYFile.java:208)
	... 14 more
Could not find rule file rules/intRulesCheckedSemantics.key (file: /home/runner/work/key/key/key.core/../key.ui/examples/index/.././heap/vstte10_04_Queens/Queens_isConsistent.key; caused by: de.uka.ilkd.key.proof.init.ProofInputException: Could not find rule file rules/intRulesCheckedSemantics.key)
	at de.uka.ilkd.key.control.AbstractUserInterfaceControl.load(AbstractUserInterfaceControl.java:221)
	at de.uka.ilkd.key.control.KeYEnvironment.load(KeYEnvironment.java:251)
	at de.uka.ilkd.key.control.KeYEnvironment.load(KeYEnvironment.java:224)
	at de.uka.ilkd.key.control.KeYEnvironment.load(KeYEnvironment.java:184)
	at de.uka.ilkd.key.control.KeYEnvironment.load(KeYEnvironment.java:261)
	at de.uka.ilkd.key.proof.runallproofs.proofcollection.TestFile.load(TestFile.java:270)
	at de.uka.ilkd.key.proof.runallproofs.proofcollection.TestFile.runKey(TestFile.java:160)
	at de.uka.ilkd.key.proof.runallproofs.proofcollection.ForkedTestFileRunner.main(ForkedTestFileRunner.java:171)
Caused by: de.uka.ilkd.key.proof.init.ProofInputException: Could not find rule file rules/intRulesCheckedSemantics.key
	at de.uka.ilkd.key.proof.io.KeYFile.readIncludes(KeYFile.java:210)
	at de.uka.ilkd.key.proof.init.ProblemInitializer.readIncludes(ProblemInitializer.java:177)
	at de.uka.ilkd.key.proof.init.ProblemInitializer.readEnvInput(ProblemInitializer.java:325)
	at de.uka.ilkd.key.proof.init.ProblemInitializer.prepare(ProblemInitializer.java:449)
	at de.uka.ilkd.key.proof.io.AbstractProblemLoader.createInitConfig(AbstractProblemLoader.java:518)
	at de.uka.ilkd.key.proof.io.AbstractProblemLoader.loadEnvironment(AbstractProblemLoader.java:288)
	at de.uka.ilkd.key.proof.io.AbstractProblemLoader.load(AbstractProblemLoader.java:252)
	at de.uka.ilkd.key.control.AbstractUserInterfaceControl.load(AbstractUserInterfaceControl.java:209)
	... 7 more
Caused by: java.lang.RuntimeException: Could not find rule file rules/intRulesCheckedSemantics.key
	at de.uka.ilkd.key.proof.io.RuleSourceFactory.fromBuiltInRule(RuleSourceFactory.java:32)
	at de.uka.ilkd.key.proof.io.RuleSourceFactory.fromDefaultLocation(RuleSourceFactory.java:21)
	at de.uka.ilkd.key.nparser.builder.IncludeFinder.addInclude(IncludeFinder.java:63)
	at de.uka.ilkd.key.nparser.builder.IncludeFinder.visitOne_include(IncludeFinder.java:43)
	at de.uka.ilkd.key.nparser.builder.IncludeFinder.visitOne_include(IncludeFinder.java:20)
	at de.uka.ilkd.key.nparser.KeYParser$One_includeContext.accept(KeYParser.java:878)
	at de.uka.ilkd.key.nparser.builder.AbstractBuilder.lambda$mapOf$0(AbstractBuilder.java:112)
	at java.base/java.util.stream.ReferencePipeline$3$1.accept(ReferencePipeline.java:195)
	at java.base/java.util.ArrayList$ArrayListSpliterator.forEachRemaining(ArrayList.java:1655)
	at java.base/java.util.stream.AbstractPipeline.copyInto(AbstractPipeline.java:484)
	at java.base/java.util.stream.AbstractPipeline.wrapAndCopyInto(AbstractPipeline.java:474)
	at java.base/java.util.stream.ReduceOps$ReduceOp.evaluateSequential(ReduceOps.java:913)
	at java.base/java.util.stream.AbstractPipeline.evaluate(AbstractPipeline.java:234)
	at java.base/java.util.stream.ReferencePipeline.collect(ReferencePipeline.java:578)
	at de.uka.ilkd.key.nparser.builder.AbstractBuilder.mapOf(AbstractBuilder.java:112)
	at de.uka.ilkd.key.nparser.builder.IncludeFinder.visitOne_include_statement(IncludeFinder.java:35)
	at de.uka.ilkd.key.nparser.builder.IncludeFinder.visitOne_include_statement(IncludeFinder.java:20)
	at de.uka.ilkd.key.nparser.KeYParser$One_include_statementContext.accept(KeYParser.java:802)
	at org.antlr.v4.runtime.tree.AbstractParseTreeVisitor.visitChildren(AbstractParseTreeVisitor.java:46)
	at de.uka.ilkd.key.nparser.KeYParserBaseVisitor.visitDecls(KeYParserBaseVisitor.java:30)
	at de.uka.ilkd.key.nparser.KeYParser$DeclsContext.accept(KeYParser.java:500)
	at org.antlr.v4.runtime.tree.AbstractParseTreeVisitor.visitChildren(AbstractParseTreeVisitor.java:46)
	at de.uka.ilkd.key.nparser.KeYParserBaseVisitor.visitFile(KeYParserBaseVisitor.java:23)
	at de.uka.ilkd.key.nparser.KeYParser$FileContext.accept(KeYParser.java:306)
	at de.uka.ilkd.key.nparser.KeyAst.accept(KeyAst.java:41)
	at de.uka.ilkd.key.nparser.KeyAst$File.getIncludes(KeyAst.java:76)
	at de.uka.ilkd.key.proof.io.KeYFile.readIncludes(KeYFile.java:208)
	... 14 more
Could not find rule file rules/intRulesCheckedSemantics.key (file: /home/runner/work/key/key/key.core/../key.ui/examples/index/.././heap/vstte10_04_Queens/Queens_nQueens.key; caused by: de.uka.ilkd.key.proof.init.ProofInputException: Could not find rule file rules/intRulesCheckedSemantics.key)
	at de.uka.ilkd.key.control.AbstractUserInterfaceControl.load(AbstractUserInterfaceControl.java:221)
	at de.uka.ilkd.key.control.KeYEnvironment.load(KeYEnvironment.java:251)
	at de.uka.ilkd.key.control.KeYEnvironment.load(KeYEnvironment.java:224)
	at de.uka.ilkd.key.control.KeYEnvironment.load(KeYEnvironment.java:184)
	at de.uka.ilkd.key.control.KeYEnvironment.load(KeYEnvironment.java:261)
	at de.uka.ilkd.key.proof.runallproofs.proofcollection.TestFile.load(TestFile.java:270)
	at de.uka.ilkd.key.proof.runallproofs.proofcollection.TestFile.runKey(TestFile.java:160)
	at de.uka.ilkd.key.proof.runallproofs.proofcollection.ForkedTestFileRunner.main(ForkedTestFileRunner.java:171)
Caused by: de.uka.ilkd.key.proof.init.ProofInputException: Could not find rule file rules/intRulesCheckedSemantics.key
	at de.uka.ilkd.key.proof.io.KeYFile.readIncludes(KeYFile.java:210)
	at de.uka.ilkd.key.proof.init.ProblemInitializer.readIncludes(ProblemInitializer.java:177)
	at de.uka.ilkd.key.proof.init.ProblemInitializer.readEnvInput(ProblemInitializer.java:325)
	at de.uka.ilkd.key.proof.init.ProblemInitializer.prepare(ProblemInitializer.java:449)
	at de.uka.ilkd.key.proof.io.AbstractProblemLoader.createInitConfig(AbstractProblemLoader.java:518)
	at de.uka.ilkd.key.proof.io.AbstractProblemLoader.loadEnvironment(AbstractProblemLoader.java:288)
	at de.uka.ilkd.key.proof.io.AbstractProblemLoader.load(AbstractProblemLoader.java:252)
	at de.uka.ilkd.key.control.AbstractUserInterfaceControl.load(AbstractUserInterfaceControl.java:209)
	... 7 more
Caused by: java.lang.RuntimeException: Could not find rule file rules/intRulesCheckedSemantics.key
	at de.uka.ilkd.key.proof.io.RuleSourceFactory.fromBuiltInRule(RuleSourceFactory.java:32)
	at de.uka.ilkd.key.proof.io.RuleSourceFactory.fromDefaultLocation(RuleSourceFactory.java:21)
	at de.uka.ilkd.key.nparser.builder.IncludeFinder.addInclude(IncludeFinder.java:63)
	at de.uka.ilkd.key.nparser.builder.IncludeFinder.visitOne_include(IncludeFinder.java:43)
	at de.uka.ilkd.key.nparser.builder.IncludeFinder.visitOne_include(IncludeFinder.java:20)
	at de.uka.ilkd.key.nparser.KeYParser$One_includeContext.accept(KeYParser.java:878)
	at de.uka.ilkd.key.nparser.builder.AbstractBuilder.lambda$mapOf$0(AbstractBuilder.java:112)
	at java.base/java.util.stream.ReferencePipeline$3$1.accept(ReferencePipeline.java:195)
	at java.base/java.util.ArrayList$ArrayListSpliterator.forEachRemaining(ArrayList.java:1655)
	at java.base/java.util.stream.AbstractPipeline.copyInto(AbstractPipeline.java:484)
	at java.base/java.util.stream.AbstractPipeline.wrapAndCopyInto(AbstractPipeline.java:474)
	at java.base/java.util.stream.ReduceOps$ReduceOp.evaluateSequential(ReduceOps.java:913)
	at java.base/java.util.stream.AbstractPipeline.evaluate(AbstractPipeline.java:234)
	at java.base/java.util.stream.ReferencePipeline.collect(ReferencePipeline.java:578)
	at de.uka.ilkd.key.nparser.builder.AbstractBuilder.mapOf(AbstractBuilder.java:112)
	at de.uka.ilkd.key.nparser.builder.IncludeFinder.visitOne_include_statement(IncludeFinder.java:35)
	at de.uka.ilkd.key.nparser.builder.IncludeFinder.visitOne_include_statement(IncludeFinder.java:20)
	at de.uka.ilkd.key.nparser.KeYParser$One_include_statementContext.accept(KeYParser.java:802)
	at org.antlr.v4.runtime.tree.AbstractParseTreeVisitor.visitChildren(AbstractParseTreeVisitor.java:46)
	at de.uka.ilkd.key.nparser.KeYParserBaseVisitor.visitDecls(KeYParserBaseVisitor.java:30)
	at de.uka.ilkd.key.nparser.KeYParser$DeclsContext.accept(KeYParser.java:500)
	at org.antlr.v4.runtime.tree.AbstractParseTreeVisitor.visitChildren(AbstractParseTreeVisitor.java:46)
	at de.uka.ilkd.key.nparser.KeYParserBaseVisitor.visitFile(KeYParserBaseVisitor.java:23)
	at de.uka.ilkd.key.nparser.KeYParser$FileContext.accept(KeYParser.java:306)
	at de.uka.ilkd.key.nparser.KeyAst.accept(KeyAst.java:41)
	at de.uka.ilkd.key.nparser.KeyAst$File.getIncludes(KeyAst.java:76)
	at de.uka.ilkd.key.proof.io.KeYFile.readIncludes(KeYFile.java:208)
	... 14 more
Could not find rule file rules/intRulesCheckedSemantics.key (file: /home/runner/work/key/key/key.core/../key.ui/examples/index/.././heap/vstte10_05_Queue/AmortizedQueue_AmortizedQueue.key; caused by: de.uka.ilkd.key.proof.init.ProofInputException: Could not find rule file rules/intRulesCheckedSemantics.key)
	at de.uka.ilkd.key.control.AbstractUserInterfaceControl.load(AbstractUserInterfaceControl.java:221)
	at de.uka.ilkd.key.control.KeYEnvironment.load(KeYEnvironment.java:251)
	at de.uka.ilkd.key.control.KeYEnvironment.load(KeYEnvironment.java:224)
	at de.uka.ilkd.key.control.KeYEnvironment.load(KeYEnvironment.java:184)
	at de.uka.ilkd.key.control.KeYEnvironment.load(KeYEnvironment.java:261)
	at de.uka.ilkd.key.proof.runallproofs.proofcollection.TestFile.load(TestFile.java:270)
	at de.uka.ilkd.key.proof.runallproofs.proofcollection.TestFile.runKey(TestFile.java:160)
	at de.uka.ilkd.key.proof.runallproofs.proofcollection.ForkedTestFileRunner.main(ForkedTestFileRunner.java:171)
Caused by: de.uka.ilkd.key.proof.init.ProofInputException: Could not find rule file rules/intRulesCheckedSemantics.key
	at de.uka.ilkd.key.proof.io.KeYFile.readIncludes(KeYFile.java:210)
	at de.uka.ilkd.key.proof.init.ProblemInitializer.readIncludes(ProblemInitializer.java:177)
	at de.uka.ilkd.key.proof.init.ProblemInitializer.readEnvInput(ProblemInitializer.java:325)
	at de.uka.ilkd.key.proof.init.ProblemInitializer.prepare(ProblemInitializer.java:449)
	at de.uka.ilkd.key.proof.io.AbstractProblemLoader.createInitConfig(AbstractProblemLoader.java:518)
	at de.uka.ilkd.key.proof.io.AbstractProblemLoader.loadEnvironment(AbstractProblemLoader.java:288)
	at de.uka.ilkd.key.proof.io.AbstractProblemLoader.load(AbstractProblemLoader.java:252)
	at de.uka.ilkd.key.control.AbstractUserInterfaceControl.load(AbstractUserInterfaceControl.java:209)
	... 7 more
Caused by: java.lang.RuntimeException: Could not find rule file rules/intRulesCheckedSemantics.key
	at de.uka.ilkd.key.proof.io.RuleSourceFactory.fromBuiltInRule(RuleSourceFactory.java:32)
	at de.uka.ilkd.key.proof.io.RuleSourceFactory.fromDefaultLocation(RuleSourceFactory.java:21)
	at de.uka.ilkd.key.nparser.builder.IncludeFinder.addInclude(IncludeFinder.java:63)
	at de.uka.ilkd.key.nparser.builder.IncludeFinder.visitOne_include(IncludeFinder.java:43)
	at de.uka.ilkd.key.nparser.builder.IncludeFinder.visitOne_include(IncludeFinder.java:20)
	at de.uka.ilkd.key.nparser.KeYParser$One_includeContext.accept(KeYParser.java:878)
	at de.uka.ilkd.key.nparser.builder.AbstractBuilder.lambda$mapOf$0(AbstractBuilder.java:112)
	at java.base/java.util.stream.ReferencePipeline$3$1.accept(ReferencePipeline.java:195)
	at java.base/java.util.ArrayList$ArrayListSpliterator.forEachRemaining(ArrayList.java:1655)
	at java.base/java.util.stream.AbstractPipeline.copyInto(AbstractPipeline.java:484)
	at java.base/java.util.stream.AbstractPipeline.wrapAndCopyInto(AbstractPipeline.java:474)
	at java.base/java.util.stream.ReduceOps$ReduceOp.evaluateSequential(ReduceOps.java:913)
	at java.base/java.util.stream.AbstractPipeline.evaluate(AbstractPipeline.java:234)
	at java.base/java.util.stream.ReferencePipeline.collect(ReferencePipeline.java:578)
	at de.uka.ilkd.key.nparser.builder.AbstractBuilder.mapOf(AbstractBuilder.java:112)
	at de.uka.ilkd.key.nparser.builder.IncludeFinder.visitOne_include_statement(IncludeFinder.java:35)
	at de.uka.ilkd.key.nparser.builder.IncludeFinder.visitOne_include_statement(IncludeFinder.java:20)
	at de.uka.ilkd.key.nparser.KeYParser$One_include_statementContext.accept(KeYParser.java:802)
	at org.antlr.v4.runtime.tree.AbstractParseTreeVisitor.visitChildren(AbstractParseTreeVisitor.java:46)
	at de.uka.ilkd.key.nparser.KeYParserBaseVisitor.visitDecls(KeYParserBaseVisitor.java:30)
	at de.uka.ilkd.key.nparser.KeYParser$DeclsContext.accept(KeYParser.java:500)
	at org.antlr.v4.runtime.tree.AbstractParseTreeVisitor.visitChildren(AbstractParseTreeVisitor.java:46)
	at de.uka.ilkd.key.nparser.KeYParserBaseVisitor.visitFile(KeYParserBaseVisitor.java:23)
	at de.uka.ilkd.key.nparser.KeYParser$FileContext.accept(KeYParser.java:306)
	at de.uka.ilkd.key.nparser.KeyAst.accept(KeyAst.java:41)
	at de.uka.ilkd.key.nparser.KeyAst$File.getIncludes(KeyAst.java:76)
	at de.uka.ilkd.key.proof.io.KeYFile.readIncludes(KeYFile.java:208)
	... 14 more
Could not find rule file rules/intRulesCheckedSemantics.key (file: /home/runner/work/key/key/key.core/../key.ui/examples/index/.././heap/vstte10_05_Queue/AmortizedQueue_front.key; caused by: de.uka.ilkd.key.proof.init.ProofInputException: Could not find rule file rules/intRulesCheckedSemantics.key)
	at de.uka.ilkd.key.control.AbstractUserInterfaceControl.load(AbstractUserInterfaceControl.java:221)
	at de.uka.ilkd.key.control.KeYEnvironment.load(KeYEnvironment.java:251)
	at de.uka.ilkd.key.control.KeYEnvironment.load(KeYEnvironment.java:224)
	at de.uka.ilkd.key.control.KeYEnvironment.load(KeYEnvironment.java:184)
	at de.uka.ilkd.key.control.KeYEnvironment.load(KeYEnvironment.java:261)
	at de.uka.ilkd.key.proof.runallproofs.proofcollection.TestFile.load(TestFile.java:270)
	at de.uka.ilkd.key.proof.runallproofs.proofcollection.TestFile.runKey(TestFile.java:160)
	at de.uka.ilkd.key.proof.runallproofs.proofcollection.ForkedTestFileRunner.main(ForkedTestFileRunner.java:171)
Caused by: de.uka.ilkd.key.proof.init.ProofInputException: Could not find rule file rules/intRulesCheckedSemantics.key
	at de.uka.ilkd.key.proof.io.KeYFile.readIncludes(KeYFile.java:210)
	at de.uka.ilkd.key.proof.init.ProblemInitializer.readIncludes(ProblemInitializer.java:177)
	at de.uka.ilkd.key.proof.init.ProblemInitializer.readEnvInput(ProblemInitializer.java:325)
	at de.uka.ilkd.key.proof.init.ProblemInitializer.prepare(ProblemInitializer.java:449)
	at de.uka.ilkd.key.proof.io.AbstractProblemLoader.createInitConfig(AbstractProblemLoader.java:518)
	at de.uka.ilkd.key.proof.io.AbstractProblemLoader.loadEnvironment(AbstractProblemLoader.java:288)
	at de.uka.ilkd.key.proof.io.AbstractProblemLoader.load(AbstractProblemLoader.java:252)
	at de.uka.ilkd.key.control.AbstractUserInterfaceControl.load(AbstractUserInterfaceControl.java:209)
	... 7 more
Caused by: java.lang.RuntimeException: Could not find rule file rules/intRulesCheckedSemantics.key
	at de.uka.ilkd.key.proof.io.RuleSourceFactory.fromBuiltInRule(RuleSourceFactory.java:32)
	at de.uka.ilkd.key.proof.io.RuleSourceFactory.fromDefaultLocation(RuleSourceFactory.java:21)
	at de.uka.ilkd.key.nparser.builder.IncludeFinder.addInclude(IncludeFinder.java:63)
	at de.uka.ilkd.key.nparser.builder.IncludeFinder.visitOne_include(IncludeFinder.java:43)
	at de.uka.ilkd.key.nparser.builder.IncludeFinder.visitOne_include(IncludeFinder.java:20)
	at de.uka.ilkd.key.nparser.KeYParser$One_includeContext.accept(KeYParser.java:878)
	at de.uka.ilkd.key.nparser.builder.AbstractBuilder.lambda$mapOf$0(AbstractBuilder.java:112)
	at java.base/java.util.stream.ReferencePipeline$3$1.accept(ReferencePipeline.java:195)
	at java.base/java.util.ArrayList$ArrayListSpliterator.forEachRemaining(ArrayList.java:1655)
	at java.base/java.util.stream.AbstractPipeline.copyInto(AbstractPipeline.java:484)
	at java.base/java.util.stream.AbstractPipeline.wrapAndCopyInto(AbstractPipeline.java:474)
	at java.base/java.util.stream.ReduceOps$ReduceOp.evaluateSequential(ReduceOps.java:913)
	at java.base/java.util.stream.AbstractPipeline.evaluate(AbstractPipeline.java:234)
	at java.base/java.util.stream.ReferencePipeline.collect(ReferencePipeline.java:578)
	at de.uka.ilkd.key.nparser.builder.AbstractBuilder.mapOf(AbstractBuilder.java:112)
	at de.uka.ilkd.key.nparser.builder.IncludeFinder.visitOne_include_statement(IncludeFinder.java:35)
	at de.uka.ilkd.key.nparser.builder.IncludeFinder.visitOne_include_statement(IncludeFinder.java:20)
	at de.uka.ilkd.key.nparser.KeYParser$One_include_statementContext.accept(KeYParser.java:802)
	at org.antlr.v4.runtime.tree.AbstractParseTreeVisitor.visitChildren(AbstractParseTreeVisitor.java:46)
	at de.uka.ilkd.key.nparser.KeYParserBaseVisitor.visitDecls(KeYParserBaseVisitor.java:30)
	at de.uka.ilkd.key.nparser.KeYParser$DeclsContext.accept(KeYParser.java:500)
	at org.antlr.v4.runtime.tree.AbstractParseTreeVisitor.visitChildren(AbstractParseTreeVisitor.java:46)
	at de.uka.ilkd.key.nparser.KeYParserBaseVisitor.visitFile(KeYParserBaseVisitor.java:23)
	at de.uka.ilkd.key.nparser.KeYParser$FileContext.accept(KeYParser.java:306)
	at de.uka.ilkd.key.nparser.KeyAst.accept(KeyAst.java:41)
	at de.uka.ilkd.key.nparser.KeyAst$File.getIncludes(KeyAst.java:76)
	at de.uka.ilkd.key.proof.io.KeYFile.readIncludes(KeYFile.java:208)
	... 14 more
Could not find rule file rules/intRulesCheckedSemantics.key (file: /home/runner/work/key/key/key.core/../key.ui/examples/index/.././heap/vstte10_05_Queue/LinkedList_concat.key; caused by: de.uka.ilkd.key.proof.init.ProofInputException: Could not find rule file rules/intRulesCheckedSemantics.key)
	at de.uka.ilkd.key.control.AbstractUserInterfaceControl.load(AbstractUserInterfaceControl.java:221)
	at de.uka.ilkd.key.control.KeYEnvironment.load(KeYEnvironment.java:251)
	at de.uka.ilkd.key.control.KeYEnvironment.load(KeYEnvironment.java:224)
	at de.uka.ilkd.key.control.KeYEnvironment.load(KeYEnvironment.java:184)
	at de.uka.ilkd.key.control.KeYEnvironment.load(KeYEnvironment.java:261)
	at de.uka.ilkd.key.proof.runallproofs.proofcollection.TestFile.load(TestFile.java:270)
	at de.uka.ilkd.key.proof.runallproofs.proofcollection.TestFile.runKey(TestFile.java:160)
	at de.uka.ilkd.key.proof.runallproofs.proofcollection.ForkedTestFileRunner.main(ForkedTestFileRunner.java:171)
Caused by: de.uka.ilkd.key.proof.init.ProofInputException: Could not find rule file rules/intRulesCheckedSemantics.key
	at de.uka.ilkd.key.proof.io.KeYFile.readIncludes(KeYFile.java:210)
	at de.uka.ilkd.key.proof.init.ProblemInitializer.readIncludes(ProblemInitializer.java:177)
	at de.uka.ilkd.key.proof.init.ProblemInitializer.readEnvInput(ProblemInitializer.java:325)
	at de.uka.ilkd.key.proof.init.ProblemInitializer.prepare(ProblemInitializer.java:449)
	at de.uka.ilkd.key.proof.io.AbstractProblemLoader.createInitConfig(AbstractProblemLoader.java:518)
	at de.uka.ilkd.key.proof.io.AbstractProblemLoader.loadEnvironment(AbstractProblemLoader.java:288)
	at de.uka.ilkd.key.proof.io.AbstractProblemLoader.load(AbstractProblemLoader.java:252)
	at de.uka.ilkd.key.control.AbstractUserInterfaceControl.load(AbstractUserInterfaceControl.java:209)
	... 7 more
Caused by: java.lang.RuntimeException: Could not find rule file rules/intRulesCheckedSemantics.key
	at de.uka.ilkd.key.proof.io.RuleSourceFactory.fromBuiltInRule(RuleSourceFactory.java:32)
	at de.uka.ilkd.key.proof.io.RuleSourceFactory.fromDefaultLocation(RuleSourceFactory.java:21)
	at de.uka.ilkd.key.nparser.builder.IncludeFinder.addInclude(IncludeFinder.java:63)
	at de.uka.ilkd.key.nparser.builder.IncludeFinder.visitOne_include(IncludeFinder.java:43)
	at de.uka.ilkd.key.nparser.builder.IncludeFinder.visitOne_include(IncludeFinder.java:20)
	at de.uka.ilkd.key.nparser.KeYParser$One_includeContext.accept(KeYParser.java:878)
	at de.uka.ilkd.key.nparser.builder.AbstractBuilder.lambda$mapOf$0(AbstractBuilder.java:112)
	at java.base/java.util.stream.ReferencePipeline$3$1.accept(ReferencePipeline.java:195)
	at java.base/java.util.ArrayList$ArrayListSpliterator.forEachRemaining(ArrayList.java:1655)
	at java.base/java.util.stream.AbstractPipeline.copyInto(AbstractPipeline.java:484)
	at java.base/java.util.stream.AbstractPipeline.wrapAndCopyInto(AbstractPipeline.java:474)
	at java.base/java.util.stream.ReduceOps$ReduceOp.evaluateSequential(ReduceOps.java:913)
	at java.base/java.util.stream.AbstractPipeline.evaluate(AbstractPipeline.java:234)
	at java.base/java.util.stream.ReferencePipeline.collect(ReferencePipeline.java:578)
	at de.uka.ilkd.key.nparser.builder.AbstractBuilder.mapOf(AbstractBuilder.java:112)
	at de.uka.ilkd.key.nparser.builder.IncludeFinder.visitOne_include_statement(IncludeFinder.java:35)
	at de.uka.ilkd.key.nparser.builder.IncludeFinder.visitOne_include_statement(IncludeFinder.java:20)
	at de.uka.ilkd.key.nparser.KeYParser$One_include_statementContext.accept(KeYParser.java:802)
	at org.antlr.v4.runtime.tree.AbstractParseTreeVisitor.visitChildren(AbstractParseTreeVisitor.java:46)
	at de.uka.ilkd.key.nparser.KeYParserBaseVisitor.visitDecls(KeYParserBaseVisitor.java:30)
	at de.uka.ilkd.key.nparser.KeYParser$DeclsContext.accept(KeYParser.java:500)
	at org.antlr.v4.runtime.tree.AbstractParseTreeVisitor.visitChildren(AbstractParseTreeVisitor.java:46)
	at de.uka.ilkd.key.nparser.KeYParserBaseVisitor.visitFile(KeYParserBaseVisitor.java:23)
	at de.uka.ilkd.key.nparser.KeYParser$FileContext.accept(KeYParser.java:306)
	at de.uka.ilkd.key.nparser.KeyAst.accept(KeyAst.java:41)
	at de.uka.ilkd.key.nparser.KeyAst$File.getIncludes(KeyAst.java:76)
	at de.uka.ilkd.key.proof.io.KeYFile.readIncludes(KeYFile.java:208)
	... 14 more
Could not find rule file rules/intRulesCheckedSemantics.key (file: /home/runner/work/key/key/key.core/../key.ui/examples/index/.././heap/vstte10_05_Queue/LinkedList_cons.key; caused by: de.uka.ilkd.key.proof.init.ProofInputException: Could not find rule file rules/intRulesCheckedSemantics.key)
	at de.uka.ilkd.key.control.AbstractUserInterfaceControl.load(AbstractUserInterfaceControl.java:221)
	at de.uka.ilkd.key.control.KeYEnvironment.load(KeYEnvironment.java:251)
	at de.uka.ilkd.key.control.KeYEnvironment.load(KeYEnvironment.java:224)
	at de.uka.ilkd.key.control.KeYEnvironment.load(KeYEnvironment.java:184)
	at de.uka.ilkd.key.control.KeYEnvironment.load(KeYEnvironment.java:261)
	at de.uka.ilkd.key.proof.runallproofs.proofcollection.TestFile.load(TestFile.java:270)
	at de.uka.ilkd.key.proof.runallproofs.proofcollection.TestFile.runKey(TestFile.java:160)
	at de.uka.ilkd.key.proof.runallproofs.proofcollection.ForkedTestFileRunner.main(ForkedTestFileRunner.java:171)
Caused by: de.uka.ilkd.key.proof.init.ProofInputException: Could not find rule file rules/intRulesCheckedSemantics.key
	at de.uka.ilkd.key.proof.io.KeYFile.readIncludes(KeYFile.java:210)
	at de.uka.ilkd.key.proof.init.ProblemInitializer.readIncludes(ProblemInitializer.java:177)
	at de.uka.ilkd.key.proof.init.ProblemInitializer.readEnvInput(ProblemInitializer.java:325)
	at de.uka.ilkd.key.proof.init.ProblemInitializer.prepare(ProblemInitializer.java:449)
	at de.uka.ilkd.key.proof.io.AbstractProblemLoader.createInitConfig(AbstractProblemLoader.java:518)
	at de.uka.ilkd.key.proof.io.AbstractProblemLoader.loadEnvironment(AbstractProblemLoader.java:288)
	at de.uka.ilkd.key.proof.io.AbstractProblemLoader.load(AbstractProblemLoader.java:252)
	at de.uka.ilkd.key.control.AbstractUserInterfaceControl.load(AbstractUserInterfaceControl.java:209)
	... 7 more
Caused by: java.lang.RuntimeException: Could not find rule file rules/intRulesCheckedSemantics.key
	at de.uka.ilkd.key.proof.io.RuleSourceFactory.fromBuiltInRule(RuleSourceFactory.java:32)
	at de.uka.ilkd.key.proof.io.RuleSourceFactory.fromDefaultLocation(RuleSourceFactory.java:21)
	at de.uka.ilkd.key.nparser.builder.IncludeFinder.addInclude(IncludeFinder.java:63)
	at de.uka.ilkd.key.nparser.builder.IncludeFinder.visitOne_include(IncludeFinder.java:43)
	at de.uka.ilkd.key.nparser.builder.IncludeFinder.visitOne_include(IncludeFinder.java:20)
	at de.uka.ilkd.key.nparser.KeYParser$One_includeContext.accept(KeYParser.java:878)
	at de.uka.ilkd.key.nparser.builder.AbstractBuilder.lambda$mapOf$0(AbstractBuilder.java:112)
	at java.base/java.util.stream.ReferencePipeline$3$1.accept(ReferencePipeline.java:195)
	at java.base/java.util.ArrayList$ArrayListSpliterator.forEachRemaining(ArrayList.java:1655)
	at java.base/java.util.stream.AbstractPipeline.copyInto(AbstractPipeline.java:484)
	at java.base/java.util.stream.AbstractPipeline.wrapAndCopyInto(AbstractPipeline.java:474)
	at java.base/java.util.stream.ReduceOps$ReduceOp.evaluateSequential(ReduceOps.java:913)
	at java.base/java.util.stream.AbstractPipeline.evaluate(AbstractPipeline.java:234)
	at java.base/java.util.stream.ReferencePipeline.collect(ReferencePipeline.java:578)
	at de.uka.ilkd.key.nparser.builder.AbstractBuilder.mapOf(AbstractBuilder.java:112)
	at de.uka.ilkd.key.nparser.builder.IncludeFinder.visitOne_include_statement(IncludeFinder.java:35)
	at de.uka.ilkd.key.nparser.builder.IncludeFinder.visitOne_include_statement(IncludeFinder.java:20)
	at de.uka.ilkd.key.nparser.KeYParser$One_include_statementContext.accept(KeYParser.java:802)
	at org.antlr.v4.runtime.tree.AbstractParseTreeVisitor.visitChildren(AbstractParseTreeVisitor.java:46)
	at de.uka.ilkd.key.nparser.KeYParserBaseVisitor.visitDecls(KeYParserBaseVisitor.java:30)
	at de.uka.ilkd.key.nparser.KeYParser$DeclsContext.accept(KeYParser.java:500)
	at org.antlr.v4.runtime.tree.AbstractParseTreeVisitor.visitChildren(AbstractParseTreeVisitor.java:46)
	at de.uka.ilkd.key.nparser.KeYParserBaseVisitor.visitFile(KeYParserBaseVisitor.java:23)
	at de.uka.ilkd.key.nparser.KeYParser$FileContext.accept(KeYParser.java:306)
	at de.uka.ilkd.key.nparser.KeyAst.accept(KeyAst.java:41)
	at de.uka.ilkd.key.nparser.KeyAst$File.getIncludes(KeyAst.java:76)
	at de.uka.ilkd.key.proof.io.KeYFile.readIncludes(KeYFile.java:208)
	... 14 more
Could not find rule file rules/intRulesCheckedSemantics.key (file: /home/runner/work/key/key/key.core/../key.ui/examples/index/.././heap/vstte10_05_Queue/LinkedList_head.key; caused by: de.uka.ilkd.key.proof.init.ProofInputException: Could not find rule file rules/intRulesCheckedSemantics.key)
	at de.uka.ilkd.key.control.AbstractUserInterfaceControl.load(AbstractUserInterfaceControl.java:221)
	at de.uka.ilkd.key.control.KeYEnvironment.load(KeYEnvironment.java:251)
	at de.uka.ilkd.key.control.KeYEnvironment.load(KeYEnvironment.java:224)
	at de.uka.ilkd.key.control.KeYEnvironment.load(KeYEnvironment.java:184)
	at de.uka.ilkd.key.control.KeYEnvironment.load(KeYEnvironment.java:261)
	at de.uka.ilkd.key.proof.runallproofs.proofcollection.TestFile.load(TestFile.java:270)
	at de.uka.ilkd.key.proof.runallproofs.proofcollection.TestFile.runKey(TestFile.java:160)
	at de.uka.ilkd.key.proof.runallproofs.proofcollection.ForkedTestFileRunner.main(ForkedTestFileRunner.java:171)
Caused by: de.uka.ilkd.key.proof.init.ProofInputException: Could not find rule file rules/intRulesCheckedSemantics.key
	at de.uka.ilkd.key.proof.io.KeYFile.readIncludes(KeYFile.java:210)
	at de.uka.ilkd.key.proof.init.ProblemInitializer.readIncludes(ProblemInitializer.java:177)
	at de.uka.ilkd.key.proof.init.ProblemInitializer.readEnvInput(ProblemInitializer.java:325)
	at de.uka.ilkd.key.proof.init.ProblemInitializer.prepare(ProblemInitializer.java:449)
	at de.uka.ilkd.key.proof.io.AbstractProblemLoader.createInitConfig(AbstractProblemLoader.java:518)
	at de.uka.ilkd.key.proof.io.AbstractProblemLoader.loadEnvironment(AbstractProblemLoader.java:288)
	at de.uka.ilkd.key.proof.io.AbstractProblemLoader.load(AbstractProblemLoader.java:252)
	at de.uka.ilkd.key.control.AbstractUserInterfaceControl.load(AbstractUserInterfaceControl.java:209)
	... 7 more
Caused by: java.lang.RuntimeException: Could not find rule file rules/intRulesCheckedSemantics.key
	at de.uka.ilkd.key.proof.io.RuleSourceFactory.fromBuiltInRule(RuleSourceFactory.java:32)
	at de.uka.ilkd.key.proof.io.RuleSourceFactory.fromDefaultLocation(RuleSourceFactory.java:21)
	at de.uka.ilkd.key.nparser.builder.IncludeFinder.addInclude(IncludeFinder.java:63)
	at de.uka.ilkd.key.nparser.builder.IncludeFinder.visitOne_include(IncludeFinder.java:43)
	at de.uka.ilkd.key.nparser.builder.IncludeFinder.visitOne_include(IncludeFinder.java:20)
	at de.uka.ilkd.key.nparser.KeYParser$One_includeContext.accept(KeYParser.java:878)
	at de.uka.ilkd.key.nparser.builder.AbstractBuilder.lambda$mapOf$0(AbstractBuilder.java:112)
	at java.base/java.util.stream.ReferencePipeline$3$1.accept(ReferencePipeline.java:195)
	at java.base/java.util.ArrayList$ArrayListSpliterator.forEachRemaining(ArrayList.java:1655)
	at java.base/java.util.stream.AbstractPipeline.copyInto(AbstractPipeline.java:484)
	at java.base/java.util.stream.AbstractPipeline.wrapAndCopyInto(AbstractPipeline.java:474)
	at java.base/java.util.stream.ReduceOps$ReduceOp.evaluateSequential(ReduceOps.java:913)
	at java.base/java.util.stream.AbstractPipeline.evaluate(AbstractPipeline.java:234)
	at java.base/java.util.stream.ReferencePipeline.collect(ReferencePipeline.java:578)
	at de.uka.ilkd.key.nparser.builder.AbstractBuilder.mapOf(AbstractBuilder.java:112)
	at de.uka.ilkd.key.nparser.builder.IncludeFinder.visitOne_include_statement(IncludeFinder.java:35)
	at de.uka.ilkd.key.nparser.builder.IncludeFinder.visitOne_include_statement(IncludeFinder.java:20)
	at de.uka.ilkd.key.nparser.KeYParser$One_include_statementContext.accept(KeYParser.java:802)
	at org.antlr.v4.runtime.tree.AbstractParseTreeVisitor.visitChildren(AbstractParseTreeVisitor.java:46)
	at de.uka.ilkd.key.nparser.KeYParserBaseVisitor.visitDecls(KeYParserBaseVisitor.java:30)
	at de.uka.ilkd.key.nparser.KeYParser$DeclsContext.accept(KeYParser.java:500)
	at org.antlr.v4.runtime.tree.AbstractParseTreeVisitor.visitChildren(AbstractParseTreeVisitor.java:46)
	at de.uka.ilkd.key.nparser.KeYParserBaseVisitor.visitFile(KeYParserBaseVisitor.java:23)
	at de.uka.ilkd.key.nparser.KeYParser$FileContext.accept(KeYParser.java:306)
	at de.uka.ilkd.key.nparser.KeyAst.accept(KeyAst.java:41)
	at de.uka.ilkd.key.nparser.KeyAst$File.getIncludes(KeyAst.java:76)
	at de.uka.ilkd.key.proof.io.KeYFile.readIncludes(KeYFile.java:208)
	... 14 more
Could not find rule file rules/intRulesCheckedSemantics.key (file: /home/runner/work/key/key/key.core/../key.ui/examples/index/.././heap/vstte10_05_Queue/LinkedList_inv.key; caused by: de.uka.ilkd.key.proof.init.ProofInputException: Could not find rule file rules/intRulesCheckedSemantics.key)
	at de.uka.ilkd.key.control.AbstractUserInterfaceControl.load(AbstractUserInterfaceControl.java:221)
	at de.uka.ilkd.key.control.KeYEnvironment.load(KeYEnvironment.java:251)
	at de.uka.ilkd.key.control.KeYEnvironment.load(KeYEnvironment.java:224)
	at de.uka.ilkd.key.control.KeYEnvironment.load(KeYEnvironment.java:184)
	at de.uka.ilkd.key.control.KeYEnvironment.load(KeYEnvironment.java:261)
	at de.uka.ilkd.key.proof.runallproofs.proofcollection.TestFile.load(TestFile.java:270)
	at de.uka.ilkd.key.proof.runallproofs.proofcollection.TestFile.runKey(TestFile.java:160)
	at de.uka.ilkd.key.proof.runallproofs.proofcollection.ForkedTestFileRunner.main(ForkedTestFileRunner.java:171)
Caused by: de.uka.ilkd.key.proof.init.ProofInputException: Could not find rule file rules/intRulesCheckedSemantics.key
	at de.uka.ilkd.key.proof.io.KeYFile.readIncludes(KeYFile.java:210)
	at de.uka.ilkd.key.proof.init.ProblemInitializer.readIncludes(ProblemInitializer.java:177)
	at de.uka.ilkd.key.proof.init.ProblemInitializer.readEnvInput(ProblemInitializer.java:325)
	at de.uka.ilkd.key.proof.init.ProblemInitializer.prepare(ProblemInitializer.java:449)
	at de.uka.ilkd.key.proof.io.AbstractProblemLoader.createInitConfig(AbstractProblemLoader.java:518)
	at de.uka.ilkd.key.proof.io.AbstractProblemLoader.loadEnvironment(AbstractProblemLoader.java:288)
	at de.uka.ilkd.key.proof.io.AbstractProblemLoader.load(AbstractProblemLoader.java:252)
	at de.uka.ilkd.key.control.AbstractUserInterfaceControl.load(AbstractUserInterfaceControl.java:209)
	... 7 more
Caused by: java.lang.RuntimeException: Could not find rule file rules/intRulesCheckedSemantics.key
	at de.uka.ilkd.key.proof.io.RuleSourceFactory.fromBuiltInRule(RuleSourceFactory.java:32)
	at de.uka.ilkd.key.proof.io.RuleSourceFactory.fromDefaultLocation(RuleSourceFactory.java:21)
	at de.uka.ilkd.key.nparser.builder.IncludeFinder.addInclude(IncludeFinder.java:63)
	at de.uka.ilkd.key.nparser.builder.IncludeFinder.visitOne_include(IncludeFinder.java:43)
	at de.uka.ilkd.key.nparser.builder.IncludeFinder.visitOne_include(IncludeFinder.java:20)
	at de.uka.ilkd.key.nparser.KeYParser$One_includeContext.accept(KeYParser.java:878)
	at de.uka.ilkd.key.nparser.builder.AbstractBuilder.lambda$mapOf$0(AbstractBuilder.java:112)
	at java.base/java.util.stream.ReferencePipeline$3$1.accept(ReferencePipeline.java:195)
	at java.base/java.util.ArrayList$ArrayListSpliterator.forEachRemaining(ArrayList.java:1655)
	at java.base/java.util.stream.AbstractPipeline.copyInto(AbstractPipeline.java:484)
	at java.base/java.util.stream.AbstractPipeline.wrapAndCopyInto(AbstractPipeline.java:474)
	at java.base/java.util.stream.ReduceOps$ReduceOp.evaluateSequential(ReduceOps.java:913)
	at java.base/java.util.stream.AbstractPipeline.evaluate(AbstractPipeline.java:234)
	at java.base/java.util.stream.ReferencePipeline.collect(ReferencePipeline.java:578)
	at de.uka.ilkd.key.nparser.builder.AbstractBuilder.mapOf(AbstractBuilder.java:112)
	at de.uka.ilkd.key.nparser.builder.IncludeFinder.visitOne_include_statement(IncludeFinder.java:35)
	at de.uka.ilkd.key.nparser.builder.IncludeFinder.visitOne_include_statement(IncludeFinder.java:20)
	at de.uka.ilkd.key.nparser.KeYParser$One_include_statementContext.accept(KeYParser.java:802)
	at org.antlr.v4.runtime.tree.AbstractParseTreeVisitor.visitChildren(AbstractParseTreeVisitor.java:46)
	at de.uka.ilkd.key.nparser.KeYParserBaseVisitor.visitDecls(KeYParserBaseVisitor.java:30)
	at de.uka.ilkd.key.nparser.KeYParser$DeclsContext.accept(KeYParser.java:500)
	at org.antlr.v4.runtime.tree.AbstractParseTreeVisitor.visitChildren(AbstractParseTreeVisitor.java:46)
	at de.uka.ilkd.key.nparser.KeYParserBaseVisitor.visitFile(KeYParserBaseVisitor.java:23)
	at de.uka.ilkd.key.nparser.KeYParser$FileContext.accept(KeYParser.java:306)
	at de.uka.ilkd.key.nparser.KeyAst.accept(KeyAst.java:41)
	at de.uka.ilkd.key.nparser.KeyAst$File.getIncludes(KeyAst.java:76)
	at de.uka.ilkd.key.proof.io.KeYFile.readIncludes(KeYFile.java:208)
	... 14 more
Could not find rule file rules/intRulesCheckedSemantics.key (file: /home/runner/work/key/key/key.core/../key.ui/examples/index/.././heap/vstte10_05_Queue/LinkedList_length.key; caused by: de.uka.ilkd.key.proof.init.ProofInputException: Could not find rule file rules/intRulesCheckedSemantics.key)
	at de.uka.ilkd.key.control.AbstractUserInterfaceControl.load(AbstractUserInterfaceControl.java:221)
	at de.uka.ilkd.key.control.KeYEnvironment.load(KeYEnvironment.java:251)
	at de.uka.ilkd.key.control.KeYEnvironment.load(KeYEnvironment.java:224)
	at de.uka.ilkd.key.control.KeYEnvironment.load(KeYEnvironment.java:184)
	at de.uka.ilkd.key.control.KeYEnvironment.load(KeYEnvironment.java:261)
	at de.uka.ilkd.key.proof.runallproofs.proofcollection.TestFile.load(TestFile.java:270)
	at de.uka.ilkd.key.proof.runallproofs.proofcollection.TestFile.runKey(TestFile.java:160)
	at de.uka.ilkd.key.proof.runallproofs.proofcollection.ForkedTestFileRunner.main(ForkedTestFileRunner.java:171)
Caused by: de.uka.ilkd.key.proof.init.ProofInputException: Could not find rule file rules/intRulesCheckedSemantics.key
	at de.uka.ilkd.key.proof.io.KeYFile.readIncludes(KeYFile.java:210)
	at de.uka.ilkd.key.proof.init.ProblemInitializer.readIncludes(ProblemInitializer.java:177)
	at de.uka.ilkd.key.proof.init.ProblemInitializer.readEnvInput(ProblemInitializer.java:325)
	at de.uka.ilkd.key.proof.init.ProblemInitializer.prepare(ProblemInitializer.java:449)
	at de.uka.ilkd.key.proof.io.AbstractProblemLoader.createInitConfig(AbstractProblemLoader.java:518)
	at de.uka.ilkd.key.proof.io.AbstractProblemLoader.loadEnvironment(AbstractProblemLoader.java:288)
	at de.uka.ilkd.key.proof.io.AbstractProblemLoader.load(AbstractProblemLoader.java:252)
	at de.uka.ilkd.key.control.AbstractUserInterfaceControl.load(AbstractUserInterfaceControl.java:209)
	... 7 more
Caused by: java.lang.RuntimeException: Could not find rule file rules/intRulesCheckedSemantics.key
	at de.uka.ilkd.key.proof.io.RuleSourceFactory.fromBuiltInRule(RuleSourceFactory.java:32)
	at de.uka.ilkd.key.proof.io.RuleSourceFactory.fromDefaultLocation(RuleSourceFactory.java:21)
	at de.uka.ilkd.key.nparser.builder.IncludeFinder.addInclude(IncludeFinder.java:63)
	at de.uka.ilkd.key.nparser.builder.IncludeFinder.visitOne_include(IncludeFinder.java:43)
	at de.uka.ilkd.key.nparser.builder.IncludeFinder.visitOne_include(IncludeFinder.java:20)
	at de.uka.ilkd.key.nparser.KeYParser$One_includeContext.accept(KeYParser.java:878)
	at de.uka.ilkd.key.nparser.builder.AbstractBuilder.lambda$mapOf$0(AbstractBuilder.java:112)
	at java.base/java.util.stream.ReferencePipeline$3$1.accept(ReferencePipeline.java:195)
	at java.base/java.util.ArrayList$ArrayListSpliterator.forEachRemaining(ArrayList.java:1655)
	at java.base/java.util.stream.AbstractPipeline.copyInto(AbstractPipeline.java:484)
	at java.base/java.util.stream.AbstractPipeline.wrapAndCopyInto(AbstractPipeline.java:474)
	at java.base/java.util.stream.ReduceOps$ReduceOp.evaluateSequential(ReduceOps.java:913)
	at java.base/java.util.stream.AbstractPipeline.evaluate(AbstractPipeline.java:234)
	at java.base/java.util.stream.ReferencePipeline.collect(ReferencePipeline.java:578)
	at de.uka.ilkd.key.nparser.builder.AbstractBuilder.mapOf(AbstractBuilder.java:112)
	at de.uka.ilkd.key.nparser.builder.IncludeFinder.visitOne_include_statement(IncludeFinder.java:35)
	at de.uka.ilkd.key.nparser.builder.IncludeFinder.visitOne_include_statement(IncludeFinder.java:20)
	at de.uka.ilkd.key.nparser.KeYParser$One_include_statementContext.accept(KeYParser.java:802)
	at org.antlr.v4.runtime.tree.AbstractParseTreeVisitor.visitChildren(AbstractParseTreeVisitor.java:46)
	at de.uka.ilkd.key.nparser.KeYParserBaseVisitor.visitDecls(KeYParserBaseVisitor.java:30)
	at de.uka.ilkd.key.nparser.KeYParser$DeclsContext.accept(KeYParser.java:500)
	at org.antlr.v4.runtime.tree.AbstractParseTreeVisitor.visitChildren(AbstractParseTreeVisitor.java:46)
	at de.uka.ilkd.key.nparser.KeYParserBaseVisitor.visitFile(KeYParserBaseVisitor.java:23)
	at de.uka.ilkd.key.nparser.KeYParser$FileContext.accept(KeYParser.java:306)
	at de.uka.ilkd.key.nparser.KeyAst.accept(KeyAst.java:41)
	at de.uka.ilkd.key.nparser.KeyAst$File.getIncludes(KeyAst.java:76)
	at de.uka.ilkd.key.proof.io.KeYFile.readIncludes(KeYFile.java:208)
	... 14 more
Could not find rule file rules/intRulesCheckedSemantics.key (file: /home/runner/work/key/key/key.core/../key.ui/examples/index/.././heap/vstte10_05_Queue/LinkedList_LinkedList1.key; caused by: de.uka.ilkd.key.proof.init.ProofInputException: Could not find rule file rules/intRulesCheckedSemantics.key)
	at de.uka.ilkd.key.control.AbstractUserInterfaceControl.load(AbstractUserInterfaceControl.java:221)
	at de.uka.ilkd.key.control.KeYEnvironment.load(KeYEnvironment.java:251)
	at de.uka.ilkd.key.control.KeYEnvironment.load(KeYEnvironment.java:224)
	at de.uka.ilkd.key.control.KeYEnvironment.load(KeYEnvironment.java:184)
	at de.uka.ilkd.key.control.KeYEnvironment.load(KeYEnvironment.java:261)
	at de.uka.ilkd.key.proof.runallproofs.proofcollection.TestFile.load(TestFile.java:270)
	at de.uka.ilkd.key.proof.runallproofs.proofcollection.TestFile.runKey(TestFile.java:160)
	at de.uka.ilkd.key.proof.runallproofs.proofcollection.ForkedTestFileRunner.main(ForkedTestFileRunner.java:171)
Caused by: de.uka.ilkd.key.proof.init.ProofInputException: Could not find rule file rules/intRulesCheckedSemantics.key
	at de.uka.ilkd.key.proof.io.KeYFile.readIncludes(KeYFile.java:210)
	at de.uka.ilkd.key.proof.init.ProblemInitializer.readIncludes(ProblemInitializer.java:177)
	at de.uka.ilkd.key.proof.init.ProblemInitializer.readEnvInput(ProblemInitializer.java:325)
	at de.uka.ilkd.key.proof.init.ProblemInitializer.prepare(ProblemInitializer.java:449)
	at de.uka.ilkd.key.proof.io.AbstractProblemLoader.createInitConfig(AbstractProblemLoader.java:518)
	at de.uka.ilkd.key.proof.io.AbstractProblemLoader.loadEnvironment(AbstractProblemLoader.java:288)
	at de.uka.ilkd.key.proof.io.AbstractProblemLoader.load(AbstractProblemLoader.java:252)
	at de.uka.ilkd.key.control.AbstractUserInterfaceControl.load(AbstractUserInterfaceControl.java:209)
	... 7 more
Caused by: java.lang.RuntimeException: Could not find rule file rules/intRulesCheckedSemantics.key
	at de.uka.ilkd.key.proof.io.RuleSourceFactory.fromBuiltInRule(RuleSourceFactory.java:32)
	at de.uka.ilkd.key.proof.io.RuleSourceFactory.fromDefaultLocation(RuleSourceFactory.java:21)
	at de.uka.ilkd.key.nparser.builder.IncludeFinder.addInclude(IncludeFinder.java:63)
	at de.uka.ilkd.key.nparser.builder.IncludeFinder.visitOne_include(IncludeFinder.java:43)
	at de.uka.ilkd.key.nparser.builder.IncludeFinder.visitOne_include(IncludeFinder.java:20)
	at de.uka.ilkd.key.nparser.KeYParser$One_includeContext.accept(KeYParser.java:878)
	at de.uka.ilkd.key.nparser.builder.AbstractBuilder.lambda$mapOf$0(AbstractBuilder.java:112)
	at java.base/java.util.stream.ReferencePipeline$3$1.accept(ReferencePipeline.java:195)
	at java.base/java.util.ArrayList$ArrayListSpliterator.forEachRemaining(ArrayList.java:1655)
	at java.base/java.util.stream.AbstractPipeline.copyInto(AbstractPipeline.java:484)
	at java.base/java.util.stream.AbstractPipeline.wrapAndCopyInto(AbstractPipeline.java:474)
	at java.base/java.util.stream.ReduceOps$ReduceOp.evaluateSequential(ReduceOps.java:913)
	at java.base/java.util.stream.AbstractPipeline.evaluate(AbstractPipeline.java:234)
	at java.base/java.util.stream.ReferencePipeline.collect(ReferencePipeline.java:578)
	at de.uka.ilkd.key.nparser.builder.AbstractBuilder.mapOf(AbstractBuilder.java:112)
	at de.uka.ilkd.key.nparser.builder.IncludeFinder.visitOne_include_statement(IncludeFinder.java:35)
	at de.uka.ilkd.key.nparser.builder.IncludeFinder.visitOne_include_statement(IncludeFinder.java:20)
	at de.uka.ilkd.key.nparser.KeYParser$One_include_statementContext.accept(KeYParser.java:802)
	at org.antlr.v4.runtime.tree.AbstractParseTreeVisitor.visitChildren(AbstractParseTreeVisitor.java:46)
	at de.uka.ilkd.key.nparser.KeYParserBaseVisitor.visitDecls(KeYParserBaseVisitor.java:30)
	at de.uka.ilkd.key.nparser.KeYParser$DeclsContext.accept(KeYParser.java:500)
	at org.antlr.v4.runtime.tree.AbstractParseTreeVisitor.visitChildren(AbstractParseTreeVisitor.java:46)
	at de.uka.ilkd.key.nparser.KeYParserBaseVisitor.visitFile(KeYParserBaseVisitor.java:23)
	at de.uka.ilkd.key.nparser.KeYParser$FileContext.accept(KeYParser.java:306)
	at de.uka.ilkd.key.nparser.KeyAst.accept(KeyAst.java:41)
	at de.uka.ilkd.key.nparser.KeyAst$File.getIncludes(KeyAst.java:76)
	at de.uka.ilkd.key.proof.io.KeYFile.readIncludes(KeYFile.java:208)
	... 14 more
Could not find rule file rules/intRulesCheckedSemantics.key (file: /home/runner/work/key/key/key.core/../key.ui/examples/index/.././heap/vstte10_05_Queue/LinkedList_LinkedList2.key; caused by: de.uka.ilkd.key.proof.init.ProofInputException: Could not find rule file rules/intRulesCheckedSemantics.key)
	at de.uka.ilkd.key.control.AbstractUserInterfaceControl.load(AbstractUserInterfaceControl.java:221)
	at de.uka.ilkd.key.control.KeYEnvironment.load(KeYEnvironment.java:251)
	at de.uka.ilkd.key.control.KeYEnvironment.load(KeYEnvironment.java:224)
	at de.uka.ilkd.key.control.KeYEnvironment.load(KeYEnvironment.java:184)
	at de.uka.ilkd.key.control.KeYEnvironment.load(KeYEnvironment.java:261)
	at de.uka.ilkd.key.proof.runallproofs.proofcollection.TestFile.load(TestFile.java:270)
	at de.uka.ilkd.key.proof.runallproofs.proofcollection.TestFile.runKey(TestFile.java:160)
	at de.uka.ilkd.key.proof.runallproofs.proofcollection.ForkedTestFileRunner.main(ForkedTestFileRunner.java:171)
Caused by: de.uka.ilkd.key.proof.init.ProofInputException: Could not find rule file rules/intRulesCheckedSemantics.key
	at de.uka.ilkd.key.proof.io.KeYFile.readIncludes(KeYFile.java:210)
	at de.uka.ilkd.key.proof.init.ProblemInitializer.readIncludes(ProblemInitializer.java:177)
	at de.uka.ilkd.key.proof.init.ProblemInitializer.readEnvInput(ProblemInitializer.java:325)
	at de.uka.ilkd.key.proof.init.ProblemInitializer.prepare(ProblemInitializer.java:449)
	at de.uka.ilkd.key.proof.io.AbstractProblemLoader.createInitConfig(AbstractProblemLoader.java:518)
	at de.uka.ilkd.key.proof.io.AbstractProblemLoader.loadEnvironment(AbstractProblemLoader.java:288)
	at de.uka.ilkd.key.proof.io.AbstractProblemLoader.load(AbstractProblemLoader.java:252)
	at de.uka.ilkd.key.control.AbstractUserInterfaceControl.load(AbstractUserInterfaceControl.java:209)
	... 7 more
Caused by: java.lang.RuntimeException: Could not find rule file rules/intRulesCheckedSemantics.key
	at de.uka.ilkd.key.proof.io.RuleSourceFactory.fromBuiltInRule(RuleSourceFactory.java:32)
	at de.uka.ilkd.key.proof.io.RuleSourceFactory.fromDefaultLocation(RuleSourceFactory.java:21)
	at de.uka.ilkd.key.nparser.builder.IncludeFinder.addInclude(IncludeFinder.java:63)
	at de.uka.ilkd.key.nparser.builder.IncludeFinder.visitOne_include(IncludeFinder.java:43)
	at de.uka.ilkd.key.nparser.builder.IncludeFinder.visitOne_include(IncludeFinder.java:20)
	at de.uka.ilkd.key.nparser.KeYParser$One_includeContext.accept(KeYParser.java:878)
	at de.uka.ilkd.key.nparser.builder.AbstractBuilder.lambda$mapOf$0(AbstractBuilder.java:112)
	at java.base/java.util.stream.ReferencePipeline$3$1.accept(ReferencePipeline.java:195)
	at java.base/java.util.ArrayList$ArrayListSpliterator.forEachRemaining(ArrayList.java:1655)
	at java.base/java.util.stream.AbstractPipeline.copyInto(AbstractPipeline.java:484)
	at java.base/java.util.stream.AbstractPipeline.wrapAndCopyInto(AbstractPipeline.java:474)
	at java.base/java.util.stream.ReduceOps$ReduceOp.evaluateSequential(ReduceOps.java:913)
	at java.base/java.util.stream.AbstractPipeline.evaluate(AbstractPipeline.java:234)
	at java.base/java.util.stream.ReferencePipeline.collect(ReferencePipeline.java:578)
	at de.uka.ilkd.key.nparser.builder.AbstractBuilder.mapOf(AbstractBuilder.java:112)
	at de.uka.ilkd.key.nparser.builder.IncludeFinder.visitOne_include_statement(IncludeFinder.java:35)
	at de.uka.ilkd.key.nparser.builder.IncludeFinder.visitOne_include_statement(IncludeFinder.java:20)
	at de.uka.ilkd.key.nparser.KeYParser$One_include_statementContext.accept(KeYParser.java:802)
	at org.antlr.v4.runtime.tree.AbstractParseTreeVisitor.visitChildren(AbstractParseTreeVisitor.java:46)
	at de.uka.ilkd.key.nparser.KeYParserBaseVisitor.visitDecls(KeYParserBaseVisitor.java:30)
	at de.uka.ilkd.key.nparser.KeYParser$DeclsContext.accept(KeYParser.java:500)
	at org.antlr.v4.runtime.tree.AbstractParseTreeVisitor.visitChildren(AbstractParseTreeVisitor.java:46)
	at de.uka.ilkd.key.nparser.KeYParserBaseVisitor.visitFile(KeYParserBaseVisitor.java:23)
	at de.uka.ilkd.key.nparser.KeYParser$FileContext.accept(KeYParser.java:306)
	at de.uka.ilkd.key.nparser.KeyAst.accept(KeyAst.java:41)
	at de.uka.ilkd.key.nparser.KeyAst$File.getIncludes(KeyAst.java:76)
	at de.uka.ilkd.key.proof.io.KeYFile.readIncludes(KeYFile.java:208)
	... 14 more
Could not find rule file rules/intRulesCheckedSemantics.key (file: /home/runner/work/key/key/key.core/../key.ui/examples/index/.././heap/vstte10_05_Queue/LinkedList_LinkedList3.key; caused by: de.uka.ilkd.key.proof.init.ProofInputException: Could not find rule file rules/intRulesCheckedSemantics.key)
	at de.uka.ilkd.key.control.AbstractUserInterfaceControl.load(AbstractUserInterfaceControl.java:221)
	at de.uka.ilkd.key.control.KeYEnvironment.load(KeYEnvironment.java:251)
	at de.uka.ilkd.key.control.KeYEnvironment.load(KeYEnvironment.java:224)
	at de.uka.ilkd.key.control.KeYEnvironment.load(KeYEnvironment.java:184)
	at de.uka.ilkd.key.control.KeYEnvironment.load(KeYEnvironment.java:261)
	at de.uka.ilkd.key.proof.runallproofs.proofcollection.TestFile.load(TestFile.java:270)
	at de.uka.ilkd.key.proof.runallproofs.proofcollection.TestFile.runKey(TestFile.java:160)
	at de.uka.ilkd.key.proof.runallproofs.proofcollection.ForkedTestFileRunner.main(ForkedTestFileRunner.java:171)
Caused by: de.uka.ilkd.key.proof.init.ProofInputException: Could not find rule file rules/intRulesCheckedSemantics.key
	at de.uka.ilkd.key.proof.io.KeYFile.readIncludes(KeYFile.java:210)
	at de.uka.ilkd.key.proof.init.ProblemInitializer.readIncludes(ProblemInitializer.java:177)
	at de.uka.ilkd.key.proof.init.ProblemInitializer.readEnvInput(ProblemInitializer.java:325)
	at de.uka.ilkd.key.proof.init.ProblemInitializer.prepare(ProblemInitializer.java:449)
	at de.uka.ilkd.key.proof.io.AbstractProblemLoader.createInitConfig(AbstractProblemLoader.java:518)
	at de.uka.ilkd.key.proof.io.AbstractProblemLoader.loadEnvironment(AbstractProblemLoader.java:288)
	at de.uka.ilkd.key.proof.io.AbstractProblemLoader.load(AbstractProblemLoader.java:252)
	at de.uka.ilkd.key.control.AbstractUserInterfaceControl.load(AbstractUserInterfaceControl.java:209)
	... 7 more
Caused by: java.lang.RuntimeException: Could not find rule file rules/intRulesCheckedSemantics.key
	at de.uka.ilkd.key.proof.io.RuleSourceFactory.fromBuiltInRule(RuleSourceFactory.java:32)
	at de.uka.ilkd.key.proof.io.RuleSourceFactory.fromDefaultLocation(RuleSourceFactory.java:21)
	at de.uka.ilkd.key.nparser.builder.IncludeFinder.addInclude(IncludeFinder.java:63)
	at de.uka.ilkd.key.nparser.builder.IncludeFinder.visitOne_include(IncludeFinder.java:43)
	at de.uka.ilkd.key.nparser.builder.IncludeFinder.visitOne_include(IncludeFinder.java:20)
	at de.uka.ilkd.key.nparser.KeYParser$One_includeContext.accept(KeYParser.java:878)
	at de.uka.ilkd.key.nparser.builder.AbstractBuilder.lambda$mapOf$0(AbstractBuilder.java:112)
	at java.base/java.util.stream.ReferencePipeline$3$1.accept(ReferencePipeline.java:195)
	at java.base/java.util.ArrayList$ArrayListSpliterator.forEachRemaining(ArrayList.java:1655)
	at java.base/java.util.stream.AbstractPipeline.copyInto(AbstractPipeline.java:484)
	at java.base/java.util.stream.AbstractPipeline.wrapAndCopyInto(AbstractPipeline.java:474)
	at java.base/java.util.stream.ReduceOps$ReduceOp.evaluateSequential(ReduceOps.java:913)
	at java.base/java.util.stream.AbstractPipeline.evaluate(AbstractPipeline.java:234)
	at java.base/java.util.stream.ReferencePipeline.collect(ReferencePipeline.java:578)
	at de.uka.ilkd.key.nparser.builder.AbstractBuilder.mapOf(AbstractBuilder.java:112)
	at de.uka.ilkd.key.nparser.builder.IncludeFinder.visitOne_include_statement(IncludeFinder.java:35)
	at de.uka.ilkd.key.nparser.builder.IncludeFinder.visitOne_include_statement(IncludeFinder.java:20)
	at de.uka.ilkd.key.nparser.KeYParser$One_include_statementContext.accept(KeYParser.java:802)
	at org.antlr.v4.runtime.tree.AbstractParseTreeVisitor.visitChildren(AbstractParseTreeVisitor.java:46)
	at de.uka.ilkd.key.nparser.KeYParserBaseVisitor.visitDecls(KeYParserBaseVisitor.java:30)
	at de.uka.ilkd.key.nparser.KeYParser$DeclsContext.accept(KeYParser.java:500)
	at org.antlr.v4.runtime.tree.AbstractParseTreeVisitor.visitChildren(AbstractParseTreeVisitor.java:46)
	at de.uka.ilkd.key.nparser.KeYParserBaseVisitor.visitFile(KeYParserBaseVisitor.java:23)
	at de.uka.ilkd.key.nparser.KeYParser$FileContext.accept(KeYParser.java:306)
	at de.uka.ilkd.key.nparser.KeyAst.accept(KeyAst.java:41)
	at de.uka.ilkd.key.nparser.KeyAst$File.getIncludes(KeyAst.java:76)
	at de.uka.ilkd.key.proof.io.KeYFile.readIncludes(KeYFile.java:208)
	... 14 more
Could not find rule file rules/intRulesCheckedSemantics.key (file: /home/runner/work/key/key/key.core/../key.ui/examples/index/.././heap/vstte10_05_Queue/LinkedList_reverse.key; caused by: de.uka.ilkd.key.proof.init.ProofInputException: Could not find rule file rules/intRulesCheckedSemantics.key)
	at de.uka.ilkd.key.control.AbstractUserInterfaceControl.load(AbstractUserInterfaceControl.java:221)
	at de.uka.ilkd.key.control.KeYEnvironment.load(KeYEnvironment.java:251)
	at de.uka.ilkd.key.control.KeYEnvironment.load(KeYEnvironment.java:224)
	at de.uka.ilkd.key.control.KeYEnvironment.load(KeYEnvironment.java:184)
	at de.uka.ilkd.key.control.KeYEnvironment.load(KeYEnvironment.java:261)
	at de.uka.ilkd.key.proof.runallproofs.proofcollection.TestFile.load(TestFile.java:270)
	at de.uka.ilkd.key.proof.runallproofs.proofcollection.TestFile.runKey(TestFile.java:160)
	at de.uka.ilkd.key.proof.runallproofs.proofcollection.ForkedTestFileRunner.main(ForkedTestFileRunner.java:171)
Caused by: de.uka.ilkd.key.proof.init.ProofInputException: Could not find rule file rules/intRulesCheckedSemantics.key
	at de.uka.ilkd.key.proof.io.KeYFile.readIncludes(KeYFile.java:210)
	at de.uka.ilkd.key.proof.init.ProblemInitializer.readIncludes(ProblemInitializer.java:177)
	at de.uka.ilkd.key.proof.init.ProblemInitializer.readEnvInput(ProblemInitializer.java:325)
	at de.uka.ilkd.key.proof.init.ProblemInitializer.prepare(ProblemInitializer.java:449)
	at de.uka.ilkd.key.proof.io.AbstractProblemLoader.createInitConfig(AbstractProblemLoader.java:518)
	at de.uka.ilkd.key.proof.io.AbstractProblemLoader.loadEnvironment(AbstractProblemLoader.java:288)
	at de.uka.ilkd.key.proof.io.AbstractProblemLoader.load(AbstractProblemLoader.java:252)
	at de.uka.ilkd.key.control.AbstractUserInterfaceControl.load(AbstractUserInterfaceControl.java:209)
	... 7 more
Caused by: java.lang.RuntimeException: Could not find rule file rules/intRulesCheckedSemantics.key
	at de.uka.ilkd.key.proof.io.RuleSourceFactory.fromBuiltInRule(RuleSourceFactory.java:32)
	at de.uka.ilkd.key.proof.io.RuleSourceFactory.fromDefaultLocation(RuleSourceFactory.java:21)
	at de.uka.ilkd.key.nparser.builder.IncludeFinder.addInclude(IncludeFinder.java:63)
	at de.uka.ilkd.key.nparser.builder.IncludeFinder.visitOne_include(IncludeFinder.java:43)
	at de.uka.ilkd.key.nparser.builder.IncludeFinder.visitOne_include(IncludeFinder.java:20)
	at de.uka.ilkd.key.nparser.KeYParser$One_includeContext.accept(KeYParser.java:878)
	at de.uka.ilkd.key.nparser.builder.AbstractBuilder.lambda$mapOf$0(AbstractBuilder.java:112)
	at java.base/java.util.stream.ReferencePipeline$3$1.accept(ReferencePipeline.java:195)
	at java.base/java.util.ArrayList$ArrayListSpliterator.forEachRemaining(ArrayList.java:1655)
	at java.base/java.util.stream.AbstractPipeline.copyInto(AbstractPipeline.java:484)
	at java.base/java.util.stream.AbstractPipeline.wrapAndCopyInto(AbstractPipeline.java:474)
	at java.base/java.util.stream.ReduceOps$ReduceOp.evaluateSequential(ReduceOps.java:913)
	at java.base/java.util.stream.AbstractPipeline.evaluate(AbstractPipeline.java:234)
	at java.base/java.util.stream.ReferencePipeline.collect(ReferencePipeline.java:578)
	at de.uka.ilkd.key.nparser.builder.AbstractBuilder.mapOf(AbstractBuilder.java:112)
	at de.uka.ilkd.key.nparser.builder.IncludeFinder.visitOne_include_statement(IncludeFinder.java:35)
	at de.uka.ilkd.key.nparser.builder.IncludeFinder.visitOne_include_statement(IncludeFinder.java:20)
	at de.uka.ilkd.key.nparser.KeYParser$One_include_statementContext.accept(KeYParser.java:802)
	at org.antlr.v4.runtime.tree.AbstractParseTreeVisitor.visitChildren(AbstractParseTreeVisitor.java:46)
	at de.uka.ilkd.key.nparser.KeYParserBaseVisitor.visitDecls(KeYParserBaseVisitor.java:30)
	at de.uka.ilkd.key.nparser.KeYParser$DeclsContext.accept(KeYParser.java:500)
	at org.antlr.v4.runtime.tree.AbstractParseTreeVisitor.visitChildren(AbstractParseTreeVisitor.java:46)
	at de.uka.ilkd.key.nparser.KeYParserBaseVisitor.visitFile(KeYParserBaseVisitor.java:23)
	at de.uka.ilkd.key.nparser.KeYParser$FileContext.accept(KeYParser.java:306)
	at de.uka.ilkd.key.nparser.KeyAst.accept(KeyAst.java:41)
	at de.uka.ilkd.key.nparser.KeyAst$File.getIncludes(KeyAst.java:76)
	at de.uka.ilkd.key.proof.io.KeYFile.readIncludes(KeYFile.java:208)
	... 14 more
Could not find rule file rules/intRulesCheckedSemantics.key (file: /home/runner/work/key/key/key.core/../key.ui/examples/index/.././heap/vstte10_05_Queue/LinkedList_tail.key; caused by: de.uka.ilkd.key.proof.init.ProofInputException: Could not find rule file rules/intRulesCheckedSemantics.key)
	at de.uka.ilkd.key.control.AbstractUserInterfaceControl.load(AbstractUserInterfaceControl.java:221)
	at de.uka.ilkd.key.control.KeYEnvironment.load(KeYEnvironment.java:251)
	at de.uka.ilkd.key.control.KeYEnvironment.load(KeYEnvironment.java:224)
	at de.uka.ilkd.key.control.KeYEnvironment.load(KeYEnvironment.java:184)
	at de.uka.ilkd.key.control.KeYEnvironment.load(KeYEnvironment.java:261)
	at de.uka.ilkd.key.proof.runallproofs.proofcollection.TestFile.load(TestFile.java:270)
	at de.uka.ilkd.key.proof.runallproofs.proofcollection.TestFile.runKey(TestFile.java:160)
	at de.uka.ilkd.key.proof.runallproofs.proofcollection.ForkedTestFileRunner.main(ForkedTestFileRunner.java:171)
Caused by: de.uka.ilkd.key.proof.init.ProofInputException: Could not find rule file rules/intRulesCheckedSemantics.key
	at de.uka.ilkd.key.proof.io.KeYFile.readIncludes(KeYFile.java:210)
	at de.uka.ilkd.key.proof.init.ProblemInitializer.readIncludes(ProblemInitializer.java:177)
	at de.uka.ilkd.key.proof.init.ProblemInitializer.readEnvInput(ProblemInitializer.java:325)
	at de.uka.ilkd.key.proof.init.ProblemInitializer.prepare(ProblemInitializer.java:449)
	at de.uka.ilkd.key.proof.io.AbstractProblemLoader.createInitConfig(AbstractProblemLoader.java:518)
	at de.uka.ilkd.key.proof.io.AbstractProblemLoader.loadEnvironment(AbstractProblemLoader.java:288)
	at de.uka.ilkd.key.proof.io.AbstractProblemLoader.load(AbstractProblemLoader.java:252)
	at de.uka.ilkd.key.control.AbstractUserInterfaceControl.load(AbstractUserInterfaceControl.java:209)
	... 7 more
Caused by: java.lang.RuntimeException: Could not find rule file rules/intRulesCheckedSemantics.key
	at de.uka.ilkd.key.proof.io.RuleSourceFactory.fromBuiltInRule(RuleSourceFactory.java:32)
	at de.uka.ilkd.key.proof.io.RuleSourceFactory.fromDefaultLocation(RuleSourceFactory.java:21)
	at de.uka.ilkd.key.nparser.builder.IncludeFinder.addInclude(IncludeFinder.java:63)
	at de.uka.ilkd.key.nparser.builder.IncludeFinder.visitOne_include(IncludeFinder.java:43)
	at de.uka.ilkd.key.nparser.builder.IncludeFinder.visitOne_include(IncludeFinder.java:20)
	at de.uka.ilkd.key.nparser.KeYParser$One_includeContext.accept(KeYParser.java:878)
	at de.uka.ilkd.key.nparser.builder.AbstractBuilder.lambda$mapOf$0(AbstractBuilder.java:112)
	at java.base/java.util.stream.ReferencePipeline$3$1.accept(ReferencePipeline.java:195)
	at java.base/java.util.ArrayList$ArrayListSpliterator.forEachRemaining(ArrayList.java:1655)
	at java.base/java.util.stream.AbstractPipeline.copyInto(AbstractPipeline.java:484)
	at java.base/java.util.stream.AbstractPipeline.wrapAndCopyInto(AbstractPipeline.java:474)
	at java.base/java.util.stream.ReduceOps$ReduceOp.evaluateSequential(ReduceOps.java:913)
	at java.base/java.util.stream.AbstractPipeline.evaluate(AbstractPipeline.java:234)
	at java.base/java.util.stream.ReferencePipeline.collect(ReferencePipeline.java:578)
	at de.uka.ilkd.key.nparser.builder.AbstractBuilder.mapOf(AbstractBuilder.java:112)
	at de.uka.ilkd.key.nparser.builder.IncludeFinder.visitOne_include_statement(IncludeFinder.java:35)
	at de.uka.ilkd.key.nparser.builder.IncludeFinder.visitOne_include_statement(IncludeFinder.java:20)
	at de.uka.ilkd.key.nparser.KeYParser$One_include_statementContext.accept(KeYParser.java:802)
	at org.antlr.v4.runtime.tree.AbstractParseTreeVisitor.visitChildren(AbstractParseTreeVisitor.java:46)
	at de.uka.ilkd.key.nparser.KeYParserBaseVisitor.visitDecls(KeYParserBaseVisitor.java:30)
	at de.uka.ilkd.key.nparser.KeYParser$DeclsContext.accept(KeYParser.java:500)
	at org.antlr.v4.runtime.tree.AbstractParseTreeVisitor.visitChildren(AbstractParseTreeVisitor.java:46)
	at de.uka.ilkd.key.nparser.KeYParserBaseVisitor.visitFile(KeYParserBaseVisitor.java:23)
	at de.uka.ilkd.key.nparser.KeYParser$FileContext.accept(KeYParser.java:306)
	at de.uka.ilkd.key.nparser.KeyAst.accept(KeyAst.java:41)
	at de.uka.ilkd.key.nparser.KeyAst$File.getIncludes(KeyAst.java:76)
	at de.uka.ilkd.key.proof.io.KeYFile.readIncludes(KeYFile.java:208)
	... 14 more
Exception in thread "main" org.opentest4j.AssertionFailedError: Exception during the execution of proofs. See log for more details.
	at org.junit.jupiter.api.AssertionUtils.fail(AssertionUtils.java:39)
	at org.junit.jupiter.api.Assertions.fail(Assertions.java:134)
	at de.uka.ilkd.key.proof.runallproofs.proofcollection.ForkedTestFileRunner.main(ForkedTestFileRunner.java:192)
Timeout watcher launched (2000 secs.)
Could not find rule file rules/intRulesCheckedSemantics.key (file: /home/runner/work/key/key/key.core/../key.ui/examples/index/.././heap/WeideEtAl_01_AddAndMultiply/AddAndMultiply_add.key; caused by: de.uka.ilkd.key.proof.init.ProofInputException: Could not find rule file rules/intRulesCheckedSemantics.key)
	at de.uka.ilkd.key.control.AbstractUserInterfaceControl.load(AbstractUserInterfaceControl.java:221)
	at de.uka.ilkd.key.control.KeYEnvironment.load(KeYEnvironment.java:251)
	at de.uka.ilkd.key.control.KeYEnvironment.load(KeYEnvironment.java:224)
	at de.uka.ilkd.key.control.KeYEnvironment.load(KeYEnvironment.java:184)
	at de.uka.ilkd.key.control.KeYEnvironment.load(KeYEnvironment.java:261)
	at de.uka.ilkd.key.proof.runallproofs.proofcollection.TestFile.load(TestFile.java:270)
	at de.uka.ilkd.key.proof.runallproofs.proofcollection.TestFile.runKey(TestFile.java:160)
	at de.uka.ilkd.key.proof.runallproofs.proofcollection.ForkedTestFileRunner.main(ForkedTestFileRunner.java:171)
Caused by: de.uka.ilkd.key.proof.init.ProofInputException: Could not find rule file rules/intRulesCheckedSemantics.key
	at de.uka.ilkd.key.proof.io.KeYFile.readIncludes(KeYFile.java:210)
	at de.uka.ilkd.key.proof.init.ProblemInitializer.readIncludes(ProblemInitializer.java:177)
	at de.uka.ilkd.key.proof.init.ProblemInitializer.readEnvInput(ProblemInitializer.java:325)
	at de.uka.ilkd.key.proof.init.ProblemInitializer.prepare(ProblemInitializer.java:449)
	at de.uka.ilkd.key.proof.io.AbstractProblemLoader.createInitConfig(AbstractProblemLoader.java:518)
	at de.uka.ilkd.key.proof.io.AbstractProblemLoader.loadEnvironment(AbstractProblemLoader.java:288)
	at de.uka.ilkd.key.proof.io.AbstractProblemLoader.load(AbstractProblemLoader.java:252)
	at de.uka.ilkd.key.control.AbstractUserInterfaceControl.load(AbstractUserInterfaceControl.java:209)
	... 7 more
Caused by: java.lang.RuntimeException: Could not find rule file rules/intRulesCheckedSemantics.key
	at de.uka.ilkd.key.proof.io.RuleSourceFactory.fromBuiltInRule(RuleSourceFactory.java:32)
	at de.uka.ilkd.key.proof.io.RuleSourceFactory.fromDefaultLocation(RuleSourceFactory.java:21)
	at de.uka.ilkd.key.nparser.builder.IncludeFinder.addInclude(IncludeFinder.java:63)
	at de.uka.ilkd.key.nparser.builder.IncludeFinder.visitOne_include(IncludeFinder.java:43)
	at de.uka.ilkd.key.nparser.builder.IncludeFinder.visitOne_include(IncludeFinder.java:20)
	at de.uka.ilkd.key.nparser.KeYParser$One_includeContext.accept(KeYParser.java:878)
	at de.uka.ilkd.key.nparser.builder.AbstractBuilder.lambda$mapOf$0(AbstractBuilder.java:112)
	at java.base/java.util.stream.ReferencePipeline$3$1.accept(ReferencePipeline.java:195)
	at java.base/java.util.ArrayList$ArrayListSpliterator.forEachRemaining(ArrayList.java:1655)
	at java.base/java.util.stream.AbstractPipeline.copyInto(AbstractPipeline.java:484)
	at java.base/java.util.stream.AbstractPipeline.wrapAndCopyInto(AbstractPipeline.java:474)
	at java.base/java.util.stream.ReduceOps$ReduceOp.evaluateSequential(ReduceOps.java:913)
	at java.base/java.util.stream.AbstractPipeline.evaluate(AbstractPipeline.java:234)
	at java.base/java.util.stream.ReferencePipeline.collect(ReferencePipeline.java:578)
	at de.uka.ilkd.key.nparser.builder.AbstractBuilder.mapOf(AbstractBuilder.java:112)
	at de.uka.ilkd.key.nparser.builder.IncludeFinder.visitOne_include_statement(IncludeFinder.java:35)
	at de.uka.ilkd.key.nparser.builder.IncludeFinder.visitOne_include_statement(IncludeFinder.java:20)
	at de.uka.ilkd.key.nparser.KeYParser$One_include_statementContext.accept(KeYParser.java:802)
	at org.antlr.v4.runtime.tree.AbstractParseTreeVisitor.visitChildren(AbstractParseTreeVisitor.java:46)
	at de.uka.ilkd.key.nparser.KeYParserBaseVisitor.visitDecls(KeYParserBaseVisitor.java:30)
	at de.uka.ilkd.key.nparser.KeYParser$DeclsContext.accept(KeYParser.java:500)
	at org.antlr.v4.runtime.tree.AbstractParseTreeVisitor.visitChildren(AbstractParseTreeVisitor.java:46)
	at de.uka.ilkd.key.nparser.KeYParserBaseVisitor.visitFile(KeYParserBaseVisitor.java:23)
	at de.uka.ilkd.key.nparser.KeYParser$FileContext.accept(KeYParser.java:306)
	at de.uka.ilkd.key.nparser.KeyAst.accept(KeyAst.java:41)
	at de.uka.ilkd.key.nparser.KeyAst$File.getIncludes(KeyAst.java:76)
	at de.uka.ilkd.key.proof.io.KeYFile.readIncludes(KeYFile.java:208)
	... 14 more
Could not find rule file rules/intRulesCheckedSemantics.key (file: /home/runner/work/key/key/key.core/../key.ui/examples/index/.././heap/WeideEtAl_01_AddAndMultiply/AddAndMultiply_mul.key; caused by: de.uka.ilkd.key.proof.init.ProofInputException: Could not find rule file rules/intRulesCheckedSemantics.key)
	at de.uka.ilkd.key.control.AbstractUserInterfaceControl.load(AbstractUserInterfaceControl.java:221)
	at de.uka.ilkd.key.control.KeYEnvironment.load(KeYEnvironment.java:251)
	at de.uka.ilkd.key.control.KeYEnvironment.load(KeYEnvironment.java:224)
	at de.uka.ilkd.key.control.KeYEnvironment.load(KeYEnvironment.java:184)
	at de.uka.ilkd.key.control.KeYEnvironment.load(KeYEnvironment.java:261)
	at de.uka.ilkd.key.proof.runallproofs.proofcollection.TestFile.load(TestFile.java:270)
	at de.uka.ilkd.key.proof.runallproofs.proofcollection.TestFile.runKey(TestFile.java:160)
	at de.uka.ilkd.key.proof.runallproofs.proofcollection.ForkedTestFileRunner.main(ForkedTestFileRunner.java:171)
Caused by: de.uka.ilkd.key.proof.init.ProofInputException: Could not find rule file rules/intRulesCheckedSemantics.key
	at de.uka.ilkd.key.proof.io.KeYFile.readIncludes(KeYFile.java:210)
	at de.uka.ilkd.key.proof.init.ProblemInitializer.readIncludes(ProblemInitializer.java:177)
	at de.uka.ilkd.key.proof.init.ProblemInitializer.readEnvInput(ProblemInitializer.java:325)
	at de.uka.ilkd.key.proof.init.ProblemInitializer.prepare(ProblemInitializer.java:449)
	at de.uka.ilkd.key.proof.io.AbstractProblemLoader.createInitConfig(AbstractProblemLoader.java:518)
	at de.uka.ilkd.key.proof.io.AbstractProblemLoader.loadEnvironment(AbstractProblemLoader.java:288)
	at de.uka.ilkd.key.proof.io.AbstractProblemLoader.load(AbstractProblemLoader.java:252)
	at de.uka.ilkd.key.control.AbstractUserInterfaceControl.load(AbstractUserInterfaceControl.java:209)
	... 7 more
Caused by: java.lang.RuntimeException: Could not find rule file rules/intRulesCheckedSemantics.key
	at de.uka.ilkd.key.proof.io.RuleSourceFactory.fromBuiltInRule(RuleSourceFactory.java:32)
	at de.uka.ilkd.key.proof.io.RuleSourceFactory.fromDefaultLocation(RuleSourceFactory.java:21)
	at de.uka.ilkd.key.nparser.builder.IncludeFinder.addInclude(IncludeFinder.java:63)
	at de.uka.ilkd.key.nparser.builder.IncludeFinder.visitOne_include(IncludeFinder.java:43)
	at de.uka.ilkd.key.nparser.builder.IncludeFinder.visitOne_include(IncludeFinder.java:20)
	at de.uka.ilkd.key.nparser.KeYParser$One_includeContext.accept(KeYParser.java:878)
	at de.uka.ilkd.key.nparser.builder.AbstractBuilder.lambda$mapOf$0(AbstractBuilder.java:112)
	at java.base/java.util.stream.ReferencePipeline$3$1.accept(ReferencePipeline.java:195)
	at java.base/java.util.ArrayList$ArrayListSpliterator.forEachRemaining(ArrayList.java:1655)
	at java.base/java.util.stream.AbstractPipeline.copyInto(AbstractPipeline.java:484)
	at java.base/java.util.stream.AbstractPipeline.wrapAndCopyInto(AbstractPipeline.java:474)
	at java.base/java.util.stream.ReduceOps$ReduceOp.evaluateSequential(ReduceOps.java:913)
	at java.base/java.util.stream.AbstractPipeline.evaluate(AbstractPipeline.java:234)
	at java.base/java.util.stream.ReferencePipeline.collect(ReferencePipeline.java:578)
	at de.uka.ilkd.key.nparser.builder.AbstractBuilder.mapOf(AbstractBuilder.java:112)
	at de.uka.ilkd.key.nparser.builder.IncludeFinder.visitOne_include_statement(IncludeFinder.java:35)
	at de.uka.ilkd.key.nparser.builder.IncludeFinder.visitOne_include_statement(IncludeFinder.java:20)
	at de.uka.ilkd.key.nparser.KeYParser$One_include_statementContext.accept(KeYParser.java:802)
	at org.antlr.v4.runtime.tree.AbstractParseTreeVisitor.visitChildren(AbstractParseTreeVisitor.java:46)
	at de.uka.ilkd.key.nparser.KeYParserBaseVisitor.visitDecls(KeYParserBaseVisitor.java:30)
	at de.uka.ilkd.key.nparser.KeYParser$DeclsContext.accept(KeYParser.java:500)
	at org.antlr.v4.runtime.tree.AbstractParseTreeVisitor.visitChildren(AbstractParseTreeVisitor.java:46)
	at de.uka.ilkd.key.nparser.KeYParserBaseVisitor.visitFile(KeYParserBaseVisitor.java:23)
	at de.uka.ilkd.key.nparser.KeYParser$FileContext.accept(KeYParser.java:306)
	at de.uka.ilkd.key.nparser.KeyAst.accept(KeyAst.java:41)
	at de.uka.ilkd.key.nparser.KeyAst$File.getIncludes(KeyAst.java:76)
	at de.uka.ilkd.key.proof.io.KeYFile.readIncludes(KeYFile.java:208)
	... 14 more
Could not find rule file rules/intRulesCheckedSemantics.key (file: /home/runner/work/key/key/key.core/../key.ui/examples/index/.././heap/WeideEtAl_02_BinarySearch/BinarySearch_search.key; caused by: de.uka.ilkd.key.proof.init.ProofInputException: Could not find rule file rules/intRulesCheckedSemantics.key)
	at de.uka.ilkd.key.control.AbstractUserInterfaceControl.load(AbstractUserInterfaceControl.java:221)
	at de.uka.ilkd.key.control.KeYEnvironment.load(KeYEnvironment.java:251)
	at de.uka.ilkd.key.control.KeYEnvironment.load(KeYEnvironment.java:224)
	at de.uka.ilkd.key.control.KeYEnvironment.load(KeYEnvironment.java:184)
	at de.uka.ilkd.key.control.KeYEnvironment.load(KeYEnvironment.java:261)
	at de.uka.ilkd.key.proof.runallproofs.proofcollection.TestFile.load(TestFile.java:270)
	at de.uka.ilkd.key.proof.runallproofs.proofcollection.TestFile.runKey(TestFile.java:160)
	at de.uka.ilkd.key.proof.runallproofs.proofcollection.ForkedTestFileRunner.main(ForkedTestFileRunner.java:171)
Caused by: de.uka.ilkd.key.proof.init.ProofInputException: Could not find rule file rules/intRulesCheckedSemantics.key
	at de.uka.ilkd.key.proof.io.KeYFile.readIncludes(KeYFile.java:210)
	at de.uka.ilkd.key.proof.init.ProblemInitializer.readIncludes(ProblemInitializer.java:177)
	at de.uka.ilkd.key.proof.init.ProblemInitializer.readEnvInput(ProblemInitializer.java:325)
	at de.uka.ilkd.key.proof.init.ProblemInitializer.prepare(ProblemInitializer.java:449)
	at de.uka.ilkd.key.proof.io.AbstractProblemLoader.createInitConfig(AbstractProblemLoader.java:518)
	at de.uka.ilkd.key.proof.io.AbstractProblemLoader.loadEnvironment(AbstractProblemLoader.java:288)
	at de.uka.ilkd.key.proof.io.AbstractProblemLoader.load(AbstractProblemLoader.java:252)
	at de.uka.ilkd.key.control.AbstractUserInterfaceControl.load(AbstractUserInterfaceControl.java:209)
	... 7 more
Caused by: java.lang.RuntimeException: Could not find rule file rules/intRulesCheckedSemantics.key
	at de.uka.ilkd.key.proof.io.RuleSourceFactory.fromBuiltInRule(RuleSourceFactory.java:32)
	at de.uka.ilkd.key.proof.io.RuleSourceFactory.fromDefaultLocation(RuleSourceFactory.java:21)
	at de.uka.ilkd.key.nparser.builder.IncludeFinder.addInclude(IncludeFinder.java:63)
	at de.uka.ilkd.key.nparser.builder.IncludeFinder.visitOne_include(IncludeFinder.java:43)
	at de.uka.ilkd.key.nparser.builder.IncludeFinder.visitOne_include(IncludeFinder.java:20)
	at de.uka.ilkd.key.nparser.KeYParser$One_includeContext.accept(KeYParser.java:878)
	at de.uka.ilkd.key.nparser.builder.AbstractBuilder.lambda$mapOf$0(AbstractBuilder.java:112)
	at java.base/java.util.stream.ReferencePipeline$3$1.accept(ReferencePipeline.java:195)
	at java.base/java.util.ArrayList$ArrayListSpliterator.forEachRemaining(ArrayList.java:1655)
	at java.base/java.util.stream.AbstractPipeline.copyInto(AbstractPipeline.java:484)
	at java.base/java.util.stream.AbstractPipeline.wrapAndCopyInto(AbstractPipeline.java:474)
	at java.base/java.util.stream.ReduceOps$ReduceOp.evaluateSequential(ReduceOps.java:913)
	at java.base/java.util.stream.AbstractPipeline.evaluate(AbstractPipeline.java:234)
	at java.base/java.util.stream.ReferencePipeline.collect(ReferencePipeline.java:578)
	at de.uka.ilkd.key.nparser.builder.AbstractBuilder.mapOf(AbstractBuilder.java:112)
	at de.uka.ilkd.key.nparser.builder.IncludeFinder.visitOne_include_statement(IncludeFinder.java:35)
	at de.uka.ilkd.key.nparser.builder.IncludeFinder.visitOne_include_statement(IncludeFinder.java:20)
	at de.uka.ilkd.key.nparser.KeYParser$One_include_statementContext.accept(KeYParser.java:802)
	at org.antlr.v4.runtime.tree.AbstractParseTreeVisitor.visitChildren(AbstractParseTreeVisitor.java:46)
	at de.uka.ilkd.key.nparser.KeYParserBaseVisitor.visitDecls(KeYParserBaseVisitor.java:30)
	at de.uka.ilkd.key.nparser.KeYParser$DeclsContext.accept(KeYParser.java:500)
	at org.antlr.v4.runtime.tree.AbstractParseTreeVisitor.visitChildren(AbstractParseTreeVisitor.java:46)
	at de.uka.ilkd.key.nparser.KeYParserBaseVisitor.visitFile(KeYParserBaseVisitor.java:23)
	at de.uka.ilkd.key.nparser.KeYParser$FileContext.accept(KeYParser.java:306)
	at de.uka.ilkd.key.nparser.KeyAst.accept(KeyAst.java:41)
	at de.uka.ilkd.key.nparser.KeyAst$File.getIncludes(KeyAst.java:76)
	at de.uka.ilkd.key.proof.io.KeYFile.readIncludes(KeYFile.java:208)
	... 14 more
Exception in thread "main" org.opentest4j.AssertionFailedError: Exception during the execution of proofs. See log for more details.
	at org.junit.jupiter.api.AssertionUtils.fail(AssertionUtils.java:39)
	at org.junit.jupiter.api.Assertions.fail(Assertions.java:134)
	at de.uka.ilkd.key.proof.runallproofs.proofcollection.ForkedTestFileRunner.main(ForkedTestFileRunner.java:192)
Timeout watcher launched (2000 secs.)
Could not find rule file rules/intRulesCheckedSemantics.key (file: /home/runner/work/key/key/key.core/../key.ui/examples/index/.././standard_key/arith/binomial1.key; caused by: de.uka.ilkd.key.proof.init.ProofInputException: Could not find rule file rules/intRulesCheckedSemantics.key)
	at de.uka.ilkd.key.control.AbstractUserInterfaceControl.load(AbstractUserInterfaceControl.java:221)
	at de.uka.ilkd.key.control.KeYEnvironment.load(KeYEnvironment.java:251)
	at de.uka.ilkd.key.control.KeYEnvironment.load(KeYEnvironment.java:224)
	at de.uka.ilkd.key.control.KeYEnvironment.load(KeYEnvironment.java:184)
	at de.uka.ilkd.key.control.KeYEnvironment.load(KeYEnvironment.java:261)
	at de.uka.ilkd.key.proof.runallproofs.proofcollection.TestFile.load(TestFile.java:270)
	at de.uka.ilkd.key.proof.runallproofs.proofcollection.TestFile.runKey(TestFile.java:160)
	at de.uka.ilkd.key.proof.runallproofs.proofcollection.ForkedTestFileRunner.main(ForkedTestFileRunner.java:171)
Caused by: de.uka.ilkd.key.proof.init.ProofInputException: Could not find rule file rules/intRulesCheckedSemantics.key
	at de.uka.ilkd.key.proof.io.KeYFile.readIncludes(KeYFile.java:210)
	at de.uka.ilkd.key.proof.init.ProblemInitializer.readIncludes(ProblemInitializer.java:177)
	at de.uka.ilkd.key.proof.init.ProblemInitializer.readEnvInput(ProblemInitializer.java:325)
	at de.uka.ilkd.key.proof.init.ProblemInitializer.prepare(ProblemInitializer.java:449)
	at de.uka.ilkd.key.proof.io.AbstractProblemLoader.createInitConfig(AbstractProblemLoader.java:518)
	at de.uka.ilkd.key.proof.io.AbstractProblemLoader.loadEnvironment(AbstractProblemLoader.java:288)
	at de.uka.ilkd.key.proof.io.AbstractProblemLoader.load(AbstractProblemLoader.java:252)
	at de.uka.ilkd.key.control.AbstractUserInterfaceControl.load(AbstractUserInterfaceControl.java:209)
	... 7 more
Caused by: java.lang.RuntimeException: Could not find rule file rules/intRulesCheckedSemantics.key
	at de.uka.ilkd.key.proof.io.RuleSourceFactory.fromBuiltInRule(RuleSourceFactory.java:32)
	at de.uka.ilkd.key.proof.io.RuleSourceFactory.fromDefaultLocation(RuleSourceFactory.java:21)
	at de.uka.ilkd.key.nparser.builder.IncludeFinder.addInclude(IncludeFinder.java:63)
	at de.uka.ilkd.key.nparser.builder.IncludeFinder.visitOne_include(IncludeFinder.java:43)
	at de.uka.ilkd.key.nparser.builder.IncludeFinder.visitOne_include(IncludeFinder.java:20)
	at de.uka.ilkd.key.nparser.KeYParser$One_includeContext.accept(KeYParser.java:878)
	at de.uka.ilkd.key.nparser.builder.AbstractBuilder.lambda$mapOf$0(AbstractBuilder.java:112)
	at java.base/java.util.stream.ReferencePipeline$3$1.accept(ReferencePipeline.java:195)
	at java.base/java.util.ArrayList$ArrayListSpliterator.forEachRemaining(ArrayList.java:1655)
	at java.base/java.util.stream.AbstractPipeline.copyInto(AbstractPipeline.java:484)
	at java.base/java.util.stream.AbstractPipeline.wrapAndCopyInto(AbstractPipeline.java:474)
	at java.base/java.util.stream.ReduceOps$ReduceOp.evaluateSequential(ReduceOps.java:913)
	at java.base/java.util.stream.AbstractPipeline.evaluate(AbstractPipeline.java:234)
	at java.base/java.util.stream.ReferencePipeline.collect(ReferencePipeline.java:578)
	at de.uka.ilkd.key.nparser.builder.AbstractBuilder.mapOf(AbstractBuilder.java:112)
	at de.uka.ilkd.key.nparser.builder.IncludeFinder.visitOne_include_statement(IncludeFinder.java:35)
	at de.uka.ilkd.key.nparser.builder.IncludeFinder.visitOne_include_statement(IncludeFinder.java:20)
	at de.uka.ilkd.key.nparser.KeYParser$One_include_statementContext.accept(KeYParser.java:802)
	at org.antlr.v4.runtime.tree.AbstractParseTreeVisitor.visitChildren(AbstractParseTreeVisitor.java:46)
	at de.uka.ilkd.key.nparser.KeYParserBaseVisitor.visitDecls(KeYParserBaseVisitor.java:30)
	at de.uka.ilkd.key.nparser.KeYParser$DeclsContext.accept(KeYParser.java:500)
	at org.antlr.v4.runtime.tree.AbstractParseTreeVisitor.visitChildren(AbstractParseTreeVisitor.java:46)
	at de.uka.ilkd.key.nparser.KeYParserBaseVisitor.visitFile(KeYParserBaseVisitor.java:23)
	at de.uka.ilkd.key.nparser.KeYParser$FileContext.accept(KeYParser.java:306)
	at de.uka.ilkd.key.nparser.KeyAst.accept(KeyAst.java:41)
	at de.uka.ilkd.key.nparser.KeyAst$File.getIncludes(KeyAst.java:76)
	at de.uka.ilkd.key.proof.io.KeYFile.readIncludes(KeYFile.java:208)
	... 14 more
Could not find rule file rules/intRulesCheckedSemantics.key (file: /home/runner/work/key/key/key.core/../key.ui/examples/index/.././standard_key/arith/binomial2.key; caused by: de.uka.ilkd.key.proof.init.ProofInputException: Could not find rule file rules/intRulesCheckedSemantics.key)
	at de.uka.ilkd.key.control.AbstractUserInterfaceControl.load(AbstractUserInterfaceControl.java:221)
	at de.uka.ilkd.key.control.KeYEnvironment.load(KeYEnvironment.java:251)
	at de.uka.ilkd.key.control.KeYEnvironment.load(KeYEnvironment.java:224)
	at de.uka.ilkd.key.control.KeYEnvironment.load(KeYEnvironment.java:184)
	at de.uka.ilkd.key.control.KeYEnvironment.load(KeYEnvironment.java:261)
	at de.uka.ilkd.key.proof.runallproofs.proofcollection.TestFile.load(TestFile.java:270)
	at de.uka.ilkd.key.proof.runallproofs.proofcollection.TestFile.runKey(TestFile.java:160)
	at de.uka.ilkd.key.proof.runallproofs.proofcollection.ForkedTestFileRunner.main(ForkedTestFileRunner.java:171)
Caused by: de.uka.ilkd.key.proof.init.ProofInputException: Could not find rule file rules/intRulesCheckedSemantics.key
	at de.uka.ilkd.key.proof.io.KeYFile.readIncludes(KeYFile.java:210)
	at de.uka.ilkd.key.proof.init.ProblemInitializer.readIncludes(ProblemInitializer.java:177)
	at de.uka.ilkd.key.proof.init.ProblemInitializer.readEnvInput(ProblemInitializer.java:325)
	at de.uka.ilkd.key.proof.init.ProblemInitializer.prepare(ProblemInitializer.java:449)
	at de.uka.ilkd.key.proof.io.AbstractProblemLoader.createInitConfig(AbstractProblemLoader.java:518)
	at de.uka.ilkd.key.proof.io.AbstractProblemLoader.loadEnvironment(AbstractProblemLoader.java:288)
	at de.uka.ilkd.key.proof.io.AbstractProblemLoader.load(AbstractProblemLoader.java:252)
	at de.uka.ilkd.key.control.AbstractUserInterfaceControl.load(AbstractUserInterfaceControl.java:209)
	... 7 more
Caused by: java.lang.RuntimeException: Could not find rule file rules/intRulesCheckedSemantics.key
	at de.uka.ilkd.key.proof.io.RuleSourceFactory.fromBuiltInRule(RuleSourceFactory.java:32)
	at de.uka.ilkd.key.proof.io.RuleSourceFactory.fromDefaultLocation(RuleSourceFactory.java:21)
	at de.uka.ilkd.key.nparser.builder.IncludeFinder.addInclude(IncludeFinder.java:63)
	at de.uka.ilkd.key.nparser.builder.IncludeFinder.visitOne_include(IncludeFinder.java:43)
	at de.uka.ilkd.key.nparser.builder.IncludeFinder.visitOne_include(IncludeFinder.java:20)
	at de.uka.ilkd.key.nparser.KeYParser$One_includeContext.accept(KeYParser.java:878)
	at de.uka.ilkd.key.nparser.builder.AbstractBuilder.lambda$mapOf$0(AbstractBuilder.java:112)
	at java.base/java.util.stream.ReferencePipeline$3$1.accept(ReferencePipeline.java:195)
	at java.base/java.util.ArrayList$ArrayListSpliterator.forEachRemaining(ArrayList.java:1655)
	at java.base/java.util.stream.AbstractPipeline.copyInto(AbstractPipeline.java:484)
	at java.base/java.util.stream.AbstractPipeline.wrapAndCopyInto(AbstractPipeline.java:474)
	at java.base/java.util.stream.ReduceOps$ReduceOp.evaluateSequential(ReduceOps.java:913)
	at java.base/java.util.stream.AbstractPipeline.evaluate(AbstractPipeline.java:234)
	at java.base/java.util.stream.ReferencePipeline.collect(ReferencePipeline.java:578)
	at de.uka.ilkd.key.nparser.builder.AbstractBuilder.mapOf(AbstractBuilder.java:112)
	at de.uka.ilkd.key.nparser.builder.IncludeFinder.visitOne_include_statement(IncludeFinder.java:35)
	at de.uka.ilkd.key.nparser.builder.IncludeFinder.visitOne_include_statement(IncludeFinder.java:20)
	at de.uka.ilkd.key.nparser.KeYParser$One_include_statementContext.accept(KeYParser.java:802)
	at org.antlr.v4.runtime.tree.AbstractParseTreeVisitor.visitChildren(AbstractParseTreeVisitor.java:46)
	at de.uka.ilkd.key.nparser.KeYParserBaseVisitor.visitDecls(KeYParserBaseVisitor.java:30)
	at de.uka.ilkd.key.nparser.KeYParser$DeclsContext.accept(KeYParser.java:500)
	at org.antlr.v4.runtime.tree.AbstractParseTreeVisitor.visitChildren(AbstractParseTreeVisitor.java:46)
	at de.uka.ilkd.key.nparser.KeYParserBaseVisitor.visitFile(KeYParserBaseVisitor.java:23)
	at de.uka.ilkd.key.nparser.KeYParser$FileContext.accept(KeYParser.java:306)
	at de.uka.ilkd.key.nparser.KeyAst.accept(KeyAst.java:41)
	at de.uka.ilkd.key.nparser.KeyAst$File.getIncludes(KeyAst.java:76)
	at de.uka.ilkd.key.proof.io.KeYFile.readIncludes(KeYFile.java:208)
	... 14 more
Could not find rule file rules/intRulesCheckedSemantics.key (file: /home/runner/work/key/key/key.core/../key.ui/examples/index/.././standard_key/arith/check_jdiv.key; caused by: de.uka.ilkd.key.proof.init.ProofInputException: Could not find rule file rules/intRulesCheckedSemantics.key)
	at de.uka.ilkd.key.control.AbstractUserInterfaceControl.load(AbstractUserInterfaceControl.java:221)
	at de.uka.ilkd.key.control.KeYEnvironment.load(KeYEnvironment.java:251)
	at de.uka.ilkd.key.control.KeYEnvironment.load(KeYEnvironment.java:224)
	at de.uka.ilkd.key.control.KeYEnvironment.load(KeYEnvironment.java:184)
	at de.uka.ilkd.key.control.KeYEnvironment.load(KeYEnvironment.java:261)
	at de.uka.ilkd.key.proof.runallproofs.proofcollection.TestFile.load(TestFile.java:270)
	at de.uka.ilkd.key.proof.runallproofs.proofcollection.TestFile.runKey(TestFile.java:160)
	at de.uka.ilkd.key.proof.runallproofs.proofcollection.ForkedTestFileRunner.main(ForkedTestFileRunner.java:171)
Caused by: de.uka.ilkd.key.proof.init.ProofInputException: Could not find rule file rules/intRulesCheckedSemantics.key
	at de.uka.ilkd.key.proof.io.KeYFile.readIncludes(KeYFile.java:210)
	at de.uka.ilkd.key.proof.init.ProblemInitializer.readIncludes(ProblemInitializer.java:177)
	at de.uka.ilkd.key.proof.init.ProblemInitializer.readEnvInput(ProblemInitializer.java:325)
	at de.uka.ilkd.key.proof.init.ProblemInitializer.prepare(ProblemInitializer.java:449)
	at de.uka.ilkd.key.proof.io.AbstractProblemLoader.createInitConfig(AbstractProblemLoader.java:518)
	at de.uka.ilkd.key.proof.io.AbstractProblemLoader.loadEnvironment(AbstractProblemLoader.java:288)
	at de.uka.ilkd.key.proof.io.AbstractProblemLoader.load(AbstractProblemLoader.java:252)
	at de.uka.ilkd.key.control.AbstractUserInterfaceControl.load(AbstractUserInterfaceControl.java:209)
	... 7 more
Caused by: java.lang.RuntimeException: Could not find rule file rules/intRulesCheckedSemantics.key
	at de.uka.ilkd.key.proof.io.RuleSourceFactory.fromBuiltInRule(RuleSourceFactory.java:32)
	at de.uka.ilkd.key.proof.io.RuleSourceFactory.fromDefaultLocation(RuleSourceFactory.java:21)
	at de.uka.ilkd.key.nparser.builder.IncludeFinder.addInclude(IncludeFinder.java:63)
	at de.uka.ilkd.key.nparser.builder.IncludeFinder.visitOne_include(IncludeFinder.java:43)
	at de.uka.ilkd.key.nparser.builder.IncludeFinder.visitOne_include(IncludeFinder.java:20)
	at de.uka.ilkd.key.nparser.KeYParser$One_includeContext.accept(KeYParser.java:878)
	at de.uka.ilkd.key.nparser.builder.AbstractBuilder.lambda$mapOf$0(AbstractBuilder.java:112)
	at java.base/java.util.stream.ReferencePipeline$3$1.accept(ReferencePipeline.java:195)
	at java.base/java.util.ArrayList$ArrayListSpliterator.forEachRemaining(ArrayList.java:1655)
	at java.base/java.util.stream.AbstractPipeline.copyInto(AbstractPipeline.java:484)
	at java.base/java.util.stream.AbstractPipeline.wrapAndCopyInto(AbstractPipeline.java:474)
	at java.base/java.util.stream.ReduceOps$ReduceOp.evaluateSequential(ReduceOps.java:913)
	at java.base/java.util.stream.AbstractPipeline.evaluate(AbstractPipeline.java:234)
	at java.base/java.util.stream.ReferencePipeline.collect(ReferencePipeline.java:578)
	at de.uka.ilkd.key.nparser.builder.AbstractBuilder.mapOf(AbstractBuilder.java:112)
	at de.uka.ilkd.key.nparser.builder.IncludeFinder.visitOne_include_statement(IncludeFinder.java:35)
	at de.uka.ilkd.key.nparser.builder.IncludeFinder.visitOne_include_statement(IncludeFinder.java:20)
	at de.uka.ilkd.key.nparser.KeYParser$One_include_statementContext.accept(KeYParser.java:802)
	at org.antlr.v4.runtime.tree.AbstractParseTreeVisitor.visitChildren(AbstractParseTreeVisitor.java:46)
	at de.uka.ilkd.key.nparser.KeYParserBaseVisitor.visitDecls(KeYParserBaseVisitor.java:30)
	at de.uka.ilkd.key.nparser.KeYParser$DeclsContext.accept(KeYParser.java:500)
	at org.antlr.v4.runtime.tree.AbstractParseTreeVisitor.visitChildren(AbstractParseTreeVisitor.java:46)
	at de.uka.ilkd.key.nparser.KeYParserBaseVisitor.visitFile(KeYParserBaseVisitor.java:23)
	at de.uka.ilkd.key.nparser.KeYParser$FileContext.accept(KeYParser.java:306)
	at de.uka.ilkd.key.nparser.KeyAst.accept(KeyAst.java:41)
	at de.uka.ilkd.key.nparser.KeyAst$File.getIncludes(KeyAst.java:76)
	at de.uka.ilkd.key.proof.io.KeYFile.readIncludes(KeYFile.java:208)
	... 14 more
Could not find rule file rules/intRulesCheckedSemantics.key (file: /home/runner/work/key/key/key.core/../key.ui/examples/index/.././standard_key/arith/check_jdiv_concrete.key; caused by: de.uka.ilkd.key.proof.init.ProofInputException: Could not find rule file rules/intRulesCheckedSemantics.key)
	at de.uka.ilkd.key.control.AbstractUserInterfaceControl.load(AbstractUserInterfaceControl.java:221)
	at de.uka.ilkd.key.control.KeYEnvironment.load(KeYEnvironment.java:251)
	at de.uka.ilkd.key.control.KeYEnvironment.load(KeYEnvironment.java:224)
	at de.uka.ilkd.key.control.KeYEnvironment.load(KeYEnvironment.java:184)
	at de.uka.ilkd.key.control.KeYEnvironment.load(KeYEnvironment.java:261)
	at de.uka.ilkd.key.proof.runallproofs.proofcollection.TestFile.load(TestFile.java:270)
	at de.uka.ilkd.key.proof.runallproofs.proofcollection.TestFile.runKey(TestFile.java:160)
	at de.uka.ilkd.key.proof.runallproofs.proofcollection.ForkedTestFileRunner.main(ForkedTestFileRunner.java:171)
Caused by: de.uka.ilkd.key.proof.init.ProofInputException: Could not find rule file rules/intRulesCheckedSemantics.key
	at de.uka.ilkd.key.proof.io.KeYFile.readIncludes(KeYFile.java:210)
	at de.uka.ilkd.key.proof.init.ProblemInitializer.readIncludes(ProblemInitializer.java:177)
	at de.uka.ilkd.key.proof.init.ProblemInitializer.readEnvInput(ProblemInitializer.java:325)
	at de.uka.ilkd.key.proof.init.ProblemInitializer.prepare(ProblemInitializer.java:449)
	at de.uka.ilkd.key.proof.io.AbstractProblemLoader.createInitConfig(AbstractProblemLoader.java:518)
	at de.uka.ilkd.key.proof.io.AbstractProblemLoader.loadEnvironment(AbstractProblemLoader.java:288)
	at de.uka.ilkd.key.proof.io.AbstractProblemLoader.load(AbstractProblemLoader.java:252)
	at de.uka.ilkd.key.control.AbstractUserInterfaceControl.load(AbstractUserInterfaceControl.java:209)
	... 7 more
Caused by: java.lang.RuntimeException: Could not find rule file rules/intRulesCheckedSemantics.key
	at de.uka.ilkd.key.proof.io.RuleSourceFactory.fromBuiltInRule(RuleSourceFactory.java:32)
	at de.uka.ilkd.key.proof.io.RuleSourceFactory.fromDefaultLocation(RuleSourceFactory.java:21)
	at de.uka.ilkd.key.nparser.builder.IncludeFinder.addInclude(IncludeFinder.java:63)
	at de.uka.ilkd.key.nparser.builder.IncludeFinder.visitOne_include(IncludeFinder.java:43)
	at de.uka.ilkd.key.nparser.builder.IncludeFinder.visitOne_include(IncludeFinder.java:20)
	at de.uka.ilkd.key.nparser.KeYParser$One_includeContext.accept(KeYParser.java:878)
	at de.uka.ilkd.key.nparser.builder.AbstractBuilder.lambda$mapOf$0(AbstractBuilder.java:112)
	at java.base/java.util.stream.ReferencePipeline$3$1.accept(ReferencePipeline.java:195)
	at java.base/java.util.ArrayList$ArrayListSpliterator.forEachRemaining(ArrayList.java:1655)
	at java.base/java.util.stream.AbstractPipeline.copyInto(AbstractPipeline.java:484)
	at java.base/java.util.stream.AbstractPipeline.wrapAndCopyInto(AbstractPipeline.java:474)
	at java.base/java.util.stream.ReduceOps$ReduceOp.evaluateSequential(ReduceOps.java:913)
	at java.base/java.util.stream.AbstractPipeline.evaluate(AbstractPipeline.java:234)
	at java.base/java.util.stream.ReferencePipeline.collect(ReferencePipeline.java:578)
	at de.uka.ilkd.key.nparser.builder.AbstractBuilder.mapOf(AbstractBuilder.java:112)
	at de.uka.ilkd.key.nparser.builder.IncludeFinder.visitOne_include_statement(IncludeFinder.java:35)
	at de.uka.ilkd.key.nparser.builder.IncludeFinder.visitOne_include_statement(IncludeFinder.java:20)
	at de.uka.ilkd.key.nparser.KeYParser$One_include_statementContext.accept(KeYParser.java:802)
	at org.antlr.v4.runtime.tree.AbstractParseTreeVisitor.visitChildren(AbstractParseTreeVisitor.java:46)
	at de.uka.ilkd.key.nparser.KeYParserBaseVisitor.visitDecls(KeYParserBaseVisitor.java:30)
	at de.uka.ilkd.key.nparser.KeYParser$DeclsContext.accept(KeYParser.java:500)
	at org.antlr.v4.runtime.tree.AbstractParseTreeVisitor.visitChildren(AbstractParseTreeVisitor.java:46)
	at de.uka.ilkd.key.nparser.KeYParserBaseVisitor.visitFile(KeYParserBaseVisitor.java:23)
	at de.uka.ilkd.key.nparser.KeYParser$FileContext.accept(KeYParser.java:306)
	at de.uka.ilkd.key.nparser.KeyAst.accept(KeyAst.java:41)
	at de.uka.ilkd.key.nparser.KeyAst$File.getIncludes(KeyAst.java:76)
	at de.uka.ilkd.key.proof.io.KeYFile.readIncludes(KeYFile.java:208)
	... 14 more
Could not find rule file rules/intRulesCheckedSemantics.key (file: /home/runner/work/key/key/key.core/../key.ui/examples/index/.././standard_key/arith/check_jdiv_instantiated.key; caused by: de.uka.ilkd.key.proof.init.ProofInputException: Could not find rule file rules/intRulesCheckedSemantics.key)
	at de.uka.ilkd.key.control.AbstractUserInterfaceControl.load(AbstractUserInterfaceControl.java:221)
	at de.uka.ilkd.key.control.KeYEnvironment.load(KeYEnvironment.java:251)
	at de.uka.ilkd.key.control.KeYEnvironment.load(KeYEnvironment.java:224)
	at de.uka.ilkd.key.control.KeYEnvironment.load(KeYEnvironment.java:184)
	at de.uka.ilkd.key.control.KeYEnvironment.load(KeYEnvironment.java:261)
	at de.uka.ilkd.key.proof.runallproofs.proofcollection.TestFile.load(TestFile.java:270)
	at de.uka.ilkd.key.proof.runallproofs.proofcollection.TestFile.runKey(TestFile.java:160)
	at de.uka.ilkd.key.proof.runallproofs.proofcollection.ForkedTestFileRunner.main(ForkedTestFileRunner.java:171)
Caused by: de.uka.ilkd.key.proof.init.ProofInputException: Could not find rule file rules/intRulesCheckedSemantics.key
	at de.uka.ilkd.key.proof.io.KeYFile.readIncludes(KeYFile.java:210)
	at de.uka.ilkd.key.proof.init.ProblemInitializer.readIncludes(ProblemInitializer.java:177)
	at de.uka.ilkd.key.proof.init.ProblemInitializer.readEnvInput(ProblemInitializer.java:325)
	at de.uka.ilkd.key.proof.init.ProblemInitializer.prepare(ProblemInitializer.java:449)
	at de.uka.ilkd.key.proof.io.AbstractProblemLoader.createInitConfig(AbstractProblemLoader.java:518)
	at de.uka.ilkd.key.proof.io.AbstractProblemLoader.loadEnvironment(AbstractProblemLoader.java:288)
	at de.uka.ilkd.key.proof.io.AbstractProblemLoader.load(AbstractProblemLoader.java:252)
	at de.uka.ilkd.key.control.AbstractUserInterfaceControl.load(AbstractUserInterfaceControl.java:209)
	... 7 more
Caused by: java.lang.RuntimeException: Could not find rule file rules/intRulesCheckedSemantics.key
	at de.uka.ilkd.key.proof.io.RuleSourceFactory.fromBuiltInRule(RuleSourceFactory.java:32)
	at de.uka.ilkd.key.proof.io.RuleSourceFactory.fromDefaultLocation(RuleSourceFactory.java:21)
	at de.uka.ilkd.key.nparser.builder.IncludeFinder.addInclude(IncludeFinder.java:63)
	at de.uka.ilkd.key.nparser.builder.IncludeFinder.visitOne_include(IncludeFinder.java:43)
	at de.uka.ilkd.key.nparser.builder.IncludeFinder.visitOne_include(IncludeFinder.java:20)
	at de.uka.ilkd.key.nparser.KeYParser$One_includeContext.accept(KeYParser.java:878)
	at de.uka.ilkd.key.nparser.builder.AbstractBuilder.lambda$mapOf$0(AbstractBuilder.java:112)
	at java.base/java.util.stream.ReferencePipeline$3$1.accept(ReferencePipeline.java:195)
	at java.base/java.util.ArrayList$ArrayListSpliterator.forEachRemaining(ArrayList.java:1655)
	at java.base/java.util.stream.AbstractPipeline.copyInto(AbstractPipeline.java:484)
	at java.base/java.util.stream.AbstractPipeline.wrapAndCopyInto(AbstractPipeline.java:474)
	at java.base/java.util.stream.ReduceOps$ReduceOp.evaluateSequential(ReduceOps.java:913)
	at java.base/java.util.stream.AbstractPipeline.evaluate(AbstractPipeline.java:234)
	at java.base/java.util.stream.ReferencePipeline.collect(ReferencePipeline.java:578)
	at de.uka.ilkd.key.nparser.builder.AbstractBuilder.mapOf(AbstractBuilder.java:112)
	at de.uka.ilkd.key.nparser.builder.IncludeFinder.visitOne_include_statement(IncludeFinder.java:35)
	at de.uka.ilkd.key.nparser.builder.IncludeFinder.visitOne_include_statement(IncludeFinder.java:20)
	at de.uka.ilkd.key.nparser.KeYParser$One_include_statementContext.accept(KeYParser.java:802)
	at org.antlr.v4.runtime.tree.AbstractParseTreeVisitor.visitChildren(AbstractParseTreeVisitor.java:46)
	at de.uka.ilkd.key.nparser.KeYParserBaseVisitor.visitDecls(KeYParserBaseVisitor.java:30)
	at de.uka.ilkd.key.nparser.KeYParser$DeclsContext.accept(KeYParser.java:500)
	at org.antlr.v4.runtime.tree.AbstractParseTreeVisitor.visitChildren(AbstractParseTreeVisitor.java:46)
	at de.uka.ilkd.key.nparser.KeYParserBaseVisitor.visitFile(KeYParserBaseVisitor.java:23)
	at de.uka.ilkd.key.nparser.KeYParser$FileContext.accept(KeYParser.java:306)
	at de.uka.ilkd.key.nparser.KeyAst.accept(KeyAst.java:41)
	at de.uka.ilkd.key.nparser.KeyAst$File.getIncludes(KeyAst.java:76)
	at de.uka.ilkd.key.proof.io.KeYFile.readIncludes(KeYFile.java:208)
	... 14 more
Could not find rule file rules/intRulesCheckedSemantics.key (file: /home/runner/work/key/key/key.core/../key.ui/examples/index/.././standard_key/arith/check_jmod.key; caused by: de.uka.ilkd.key.proof.init.ProofInputException: Could not find rule file rules/intRulesCheckedSemantics.key)
	at de.uka.ilkd.key.control.AbstractUserInterfaceControl.load(AbstractUserInterfaceControl.java:221)
	at de.uka.ilkd.key.control.KeYEnvironment.load(KeYEnvironment.java:251)
	at de.uka.ilkd.key.control.KeYEnvironment.load(KeYEnvironment.java:224)
	at de.uka.ilkd.key.control.KeYEnvironment.load(KeYEnvironment.java:184)
	at de.uka.ilkd.key.control.KeYEnvironment.load(KeYEnvironment.java:261)
	at de.uka.ilkd.key.proof.runallproofs.proofcollection.TestFile.load(TestFile.java:270)
	at de.uka.ilkd.key.proof.runallproofs.proofcollection.TestFile.runKey(TestFile.java:160)
	at de.uka.ilkd.key.proof.runallproofs.proofcollection.ForkedTestFileRunner.main(ForkedTestFileRunner.java:171)
Caused by: de.uka.ilkd.key.proof.init.ProofInputException: Could not find rule file rules/intRulesCheckedSemantics.key
	at de.uka.ilkd.key.proof.io.KeYFile.readIncludes(KeYFile.java:210)
	at de.uka.ilkd.key.proof.init.ProblemInitializer.readIncludes(ProblemInitializer.java:177)
	at de.uka.ilkd.key.proof.init.ProblemInitializer.readEnvInput(ProblemInitializer.java:325)
	at de.uka.ilkd.key.proof.init.ProblemInitializer.prepare(ProblemInitializer.java:449)
	at de.uka.ilkd.key.proof.io.AbstractProblemLoader.createInitConfig(AbstractProblemLoader.java:518)
	at de.uka.ilkd.key.proof.io.AbstractProblemLoader.loadEnvironment(AbstractProblemLoader.java:288)
	at de.uka.ilkd.key.proof.io.AbstractProblemLoader.load(AbstractProblemLoader.java:252)
	at de.uka.ilkd.key.control.AbstractUserInterfaceControl.load(AbstractUserInterfaceControl.java:209)
	... 7 more
Caused by: java.lang.RuntimeException: Could not find rule file rules/intRulesCheckedSemantics.key
	at de.uka.ilkd.key.proof.io.RuleSourceFactory.fromBuiltInRule(RuleSourceFactory.java:32)
	at de.uka.ilkd.key.proof.io.RuleSourceFactory.fromDefaultLocation(RuleSourceFactory.java:21)
	at de.uka.ilkd.key.nparser.builder.IncludeFinder.addInclude(IncludeFinder.java:63)
	at de.uka.ilkd.key.nparser.builder.IncludeFinder.visitOne_include(IncludeFinder.java:43)
	at de.uka.ilkd.key.nparser.builder.IncludeFinder.visitOne_include(IncludeFinder.java:20)
	at de.uka.ilkd.key.nparser.KeYParser$One_includeContext.accept(KeYParser.java:878)
	at de.uka.ilkd.key.nparser.builder.AbstractBuilder.lambda$mapOf$0(AbstractBuilder.java:112)
	at java.base/java.util.stream.ReferencePipeline$3$1.accept(ReferencePipeline.java:195)
	at java.base/java.util.ArrayList$ArrayListSpliterator.forEachRemaining(ArrayList.java:1655)
	at java.base/java.util.stream.AbstractPipeline.copyInto(AbstractPipeline.java:484)
	at java.base/java.util.stream.AbstractPipeline.wrapAndCopyInto(AbstractPipeline.java:474)
	at java.base/java.util.stream.ReduceOps$ReduceOp.evaluateSequential(ReduceOps.java:913)
	at java.base/java.util.stream.AbstractPipeline.evaluate(AbstractPipeline.java:234)
	at java.base/java.util.stream.ReferencePipeline.collect(ReferencePipeline.java:578)
	at de.uka.ilkd.key.nparser.builder.AbstractBuilder.mapOf(AbstractBuilder.java:112)
	at de.uka.ilkd.key.nparser.builder.IncludeFinder.visitOne_include_statement(IncludeFinder.java:35)
	at de.uka.ilkd.key.nparser.builder.IncludeFinder.visitOne_include_statement(IncludeFinder.java:20)
	at de.uka.ilkd.key.nparser.KeYParser$One_include_statementContext.accept(KeYParser.java:802)
	at org.antlr.v4.runtime.tree.AbstractParseTreeVisitor.visitChildren(AbstractParseTreeVisitor.java:46)
	at de.uka.ilkd.key.nparser.KeYParserBaseVisitor.visitDecls(KeYParserBaseVisitor.java:30)
	at de.uka.ilkd.key.nparser.KeYParser$DeclsContext.accept(KeYParser.java:500)
	at org.antlr.v4.runtime.tree.AbstractParseTreeVisitor.visitChildren(AbstractParseTreeVisitor.java:46)
	at de.uka.ilkd.key.nparser.KeYParserBaseVisitor.visitFile(KeYParserBaseVisitor.java:23)
	at de.uka.ilkd.key.nparser.KeYParser$FileContext.accept(KeYParser.java:306)
	at de.uka.ilkd.key.nparser.KeyAst.accept(KeyAst.java:41)
	at de.uka.ilkd.key.nparser.KeyAst$File.getIncludes(KeyAst.java:76)
	at de.uka.ilkd.key.proof.io.KeYFile.readIncludes(KeYFile.java:208)
	... 14 more
Could not find rule file rules/intRulesCheckedSemantics.key (file: /home/runner/work/key/key/key.core/../key.ui/examples/index/.././standard_key/arith/complexExpressions.key; caused by: de.uka.ilkd.key.proof.init.ProofInputException: Could not find rule file rules/intRulesCheckedSemantics.key)
	at de.uka.ilkd.key.control.AbstractUserInterfaceControl.load(AbstractUserInterfaceControl.java:221)
	at de.uka.ilkd.key.control.KeYEnvironment.load(KeYEnvironment.java:251)
	at de.uka.ilkd.key.control.KeYEnvironment.load(KeYEnvironment.java:224)
	at de.uka.ilkd.key.control.KeYEnvironment.load(KeYEnvironment.java:184)
	at de.uka.ilkd.key.control.KeYEnvironment.load(KeYEnvironment.java:261)
	at de.uka.ilkd.key.proof.runallproofs.proofcollection.TestFile.load(TestFile.java:270)
	at de.uka.ilkd.key.proof.runallproofs.proofcollection.TestFile.runKey(TestFile.java:160)
	at de.uka.ilkd.key.proof.runallproofs.proofcollection.ForkedTestFileRunner.main(ForkedTestFileRunner.java:171)
Caused by: de.uka.ilkd.key.proof.init.ProofInputException: Could not find rule file rules/intRulesCheckedSemantics.key
	at de.uka.ilkd.key.proof.io.KeYFile.readIncludes(KeYFile.java:210)
	at de.uka.ilkd.key.proof.init.ProblemInitializer.readIncludes(ProblemInitializer.java:177)
	at de.uka.ilkd.key.proof.init.ProblemInitializer.readEnvInput(ProblemInitializer.java:325)
	at de.uka.ilkd.key.proof.init.ProblemInitializer.prepare(ProblemInitializer.java:449)
	at de.uka.ilkd.key.proof.io.AbstractProblemLoader.createInitConfig(AbstractProblemLoader.java:518)
	at de.uka.ilkd.key.proof.io.AbstractProblemLoader.loadEnvironment(AbstractProblemLoader.java:288)
	at de.uka.ilkd.key.proof.io.AbstractProblemLoader.load(AbstractProblemLoader.java:252)
	at de.uka.ilkd.key.control.AbstractUserInterfaceControl.load(AbstractUserInterfaceControl.java:209)
	... 7 more
Caused by: java.lang.RuntimeException: Could not find rule file rules/intRulesCheckedSemantics.key
	at de.uka.ilkd.key.proof.io.RuleSourceFactory.fromBuiltInRule(RuleSourceFactory.java:32)
	at de.uka.ilkd.key.proof.io.RuleSourceFactory.fromDefaultLocation(RuleSourceFactory.java:21)
	at de.uka.ilkd.key.nparser.builder.IncludeFinder.addInclude(IncludeFinder.java:63)
	at de.uka.ilkd.key.nparser.builder.IncludeFinder.visitOne_include(IncludeFinder.java:43)
	at de.uka.ilkd.key.nparser.builder.IncludeFinder.visitOne_include(IncludeFinder.java:20)
	at de.uka.ilkd.key.nparser.KeYParser$One_includeContext.accept(KeYParser.java:878)
	at de.uka.ilkd.key.nparser.builder.AbstractBuilder.lambda$mapOf$0(AbstractBuilder.java:112)
	at java.base/java.util.stream.ReferencePipeline$3$1.accept(ReferencePipeline.java:195)
	at java.base/java.util.ArrayList$ArrayListSpliterator.forEachRemaining(ArrayList.java:1655)
	at java.base/java.util.stream.AbstractPipeline.copyInto(AbstractPipeline.java:484)
	at java.base/java.util.stream.AbstractPipeline.wrapAndCopyInto(AbstractPipeline.java:474)
	at java.base/java.util.stream.ReduceOps$ReduceOp.evaluateSequential(ReduceOps.java:913)
	at java.base/java.util.stream.AbstractPipeline.evaluate(AbstractPipeline.java:234)
	at java.base/java.util.stream.ReferencePipeline.collect(ReferencePipeline.java:578)
	at de.uka.ilkd.key.nparser.builder.AbstractBuilder.mapOf(AbstractBuilder.java:112)
	at de.uka.ilkd.key.nparser.builder.IncludeFinder.visitOne_include_statement(IncludeFinder.java:35)
	at de.uka.ilkd.key.nparser.builder.IncludeFinder.visitOne_include_statement(IncludeFinder.java:20)
	at de.uka.ilkd.key.nparser.KeYParser$One_include_statementContext.accept(KeYParser.java:802)
	at org.antlr.v4.runtime.tree.AbstractParseTreeVisitor.visitChildren(AbstractParseTreeVisitor.java:46)
	at de.uka.ilkd.key.nparser.KeYParserBaseVisitor.visitDecls(KeYParserBaseVisitor.java:30)
	at de.uka.ilkd.key.nparser.KeYParser$DeclsContext.accept(KeYParser.java:500)
	at org.antlr.v4.runtime.tree.AbstractParseTreeVisitor.visitChildren(AbstractParseTreeVisitor.java:46)
	at de.uka.ilkd.key.nparser.KeYParserBaseVisitor.visitFile(KeYParserBaseVisitor.java:23)
	at de.uka.ilkd.key.nparser.KeYParser$FileContext.accept(KeYParser.java:306)
	at de.uka.ilkd.key.nparser.KeyAst.accept(KeyAst.java:41)
	at de.uka.ilkd.key.nparser.KeyAst$File.getIncludes(KeyAst.java:76)
	at de.uka.ilkd.key.proof.io.KeYFile.readIncludes(KeYFile.java:208)
	... 14 more
Could not find rule file rules/intRulesCheckedSemantics.key (file: /home/runner/work/key/key/key.core/../key.ui/examples/index/.././standard_key/arith/compound_unaryMinus.key; caused by: de.uka.ilkd.key.proof.init.ProofInputException: Could not find rule file rules/intRulesCheckedSemantics.key)
	at de.uka.ilkd.key.control.AbstractUserInterfaceControl.load(AbstractUserInterfaceControl.java:221)
	at de.uka.ilkd.key.control.KeYEnvironment.load(KeYEnvironment.java:251)
	at de.uka.ilkd.key.control.KeYEnvironment.load(KeYEnvironment.java:224)
	at de.uka.ilkd.key.control.KeYEnvironment.load(KeYEnvironment.java:184)
	at de.uka.ilkd.key.control.KeYEnvironment.load(KeYEnvironment.java:261)
	at de.uka.ilkd.key.proof.runallproofs.proofcollection.TestFile.load(TestFile.java:270)
	at de.uka.ilkd.key.proof.runallproofs.proofcollection.TestFile.runKey(TestFile.java:160)
	at de.uka.ilkd.key.proof.runallproofs.proofcollection.ForkedTestFileRunner.main(ForkedTestFileRunner.java:171)
Caused by: de.uka.ilkd.key.proof.init.ProofInputException: Could not find rule file rules/intRulesCheckedSemantics.key
	at de.uka.ilkd.key.proof.io.KeYFile.readIncludes(KeYFile.java:210)
	at de.uka.ilkd.key.proof.init.ProblemInitializer.readIncludes(ProblemInitializer.java:177)
	at de.uka.ilkd.key.proof.init.ProblemInitializer.readEnvInput(ProblemInitializer.java:325)
	at de.uka.ilkd.key.proof.init.ProblemInitializer.prepare(ProblemInitializer.java:449)
	at de.uka.ilkd.key.proof.io.AbstractProblemLoader.createInitConfig(AbstractProblemLoader.java:518)
	at de.uka.ilkd.key.proof.io.AbstractProblemLoader.loadEnvironment(AbstractProblemLoader.java:288)
	at de.uka.ilkd.key.proof.io.AbstractProblemLoader.load(AbstractProblemLoader.java:252)
	at de.uka.ilkd.key.control.AbstractUserInterfaceControl.load(AbstractUserInterfaceControl.java:209)
	... 7 more
Caused by: java.lang.RuntimeException: Could not find rule file rules/intRulesCheckedSemantics.key
	at de.uka.ilkd.key.proof.io.RuleSourceFactory.fromBuiltInRule(RuleSourceFactory.java:32)
	at de.uka.ilkd.key.proof.io.RuleSourceFactory.fromDefaultLocation(RuleSourceFactory.java:21)
	at de.uka.ilkd.key.nparser.builder.IncludeFinder.addInclude(IncludeFinder.java:63)
	at de.uka.ilkd.key.nparser.builder.IncludeFinder.visitOne_include(IncludeFinder.java:43)
	at de.uka.ilkd.key.nparser.builder.IncludeFinder.visitOne_include(IncludeFinder.java:20)
	at de.uka.ilkd.key.nparser.KeYParser$One_includeContext.accept(KeYParser.java:878)
	at de.uka.ilkd.key.nparser.builder.AbstractBuilder.lambda$mapOf$0(AbstractBuilder.java:112)
	at java.base/java.util.stream.ReferencePipeline$3$1.accept(ReferencePipeline.java:195)
	at java.base/java.util.ArrayList$ArrayListSpliterator.forEachRemaining(ArrayList.java:1655)
	at java.base/java.util.stream.AbstractPipeline.copyInto(AbstractPipeline.java:484)
	at java.base/java.util.stream.AbstractPipeline.wrapAndCopyInto(AbstractPipeline.java:474)
	at java.base/java.util.stream.ReduceOps$ReduceOp.evaluateSequential(ReduceOps.java:913)
	at java.base/java.util.stream.AbstractPipeline.evaluate(AbstractPipeline.java:234)
	at java.base/java.util.stream.ReferencePipeline.collect(ReferencePipeline.java:578)
	at de.uka.ilkd.key.nparser.builder.AbstractBuilder.mapOf(AbstractBuilder.java:112)
	at de.uka.ilkd.key.nparser.builder.IncludeFinder.visitOne_include_statement(IncludeFinder.java:35)
	at de.uka.ilkd.key.nparser.builder.IncludeFinder.visitOne_include_statement(IncludeFinder.java:20)
	at de.uka.ilkd.key.nparser.KeYParser$One_include_statementContext.accept(KeYParser.java:802)
	at org.antlr.v4.runtime.tree.AbstractParseTreeVisitor.visitChildren(AbstractParseTreeVisitor.java:46)
	at de.uka.ilkd.key.nparser.KeYParserBaseVisitor.visitDecls(KeYParserBaseVisitor.java:30)
	at de.uka.ilkd.key.nparser.KeYParser$DeclsContext.accept(KeYParser.java:500)
	at org.antlr.v4.runtime.tree.AbstractParseTreeVisitor.visitChildren(AbstractParseTreeVisitor.java:46)
	at de.uka.ilkd.key.nparser.KeYParserBaseVisitor.visitFile(KeYParserBaseVisitor.java:23)
	at de.uka.ilkd.key.nparser.KeYParser$FileContext.accept(KeYParser.java:306)
	at de.uka.ilkd.key.nparser.KeyAst.accept(KeyAst.java:41)
	at de.uka.ilkd.key.nparser.KeyAst$File.getIncludes(KeyAst.java:76)
	at de.uka.ilkd.key.proof.io.KeYFile.readIncludes(KeYFile.java:208)
	... 14 more
Could not find rule file rules/intRulesCheckedSemantics.key (file: /home/runner/work/key/key/key.core/../key.ui/examples/index/.././standard_key/arith/computation.key; caused by: de.uka.ilkd.key.proof.init.ProofInputException: Could not find rule file rules/intRulesCheckedSemantics.key)
	at de.uka.ilkd.key.control.AbstractUserInterfaceControl.load(AbstractUserInterfaceControl.java:221)
	at de.uka.ilkd.key.control.KeYEnvironment.load(KeYEnvironment.java:251)
	at de.uka.ilkd.key.control.KeYEnvironment.load(KeYEnvironment.java:224)
	at de.uka.ilkd.key.control.KeYEnvironment.load(KeYEnvironment.java:184)
	at de.uka.ilkd.key.control.KeYEnvironment.load(KeYEnvironment.java:261)
	at de.uka.ilkd.key.proof.runallproofs.proofcollection.TestFile.load(TestFile.java:270)
	at de.uka.ilkd.key.proof.runallproofs.proofcollection.TestFile.runKey(TestFile.java:160)
	at de.uka.ilkd.key.proof.runallproofs.proofcollection.ForkedTestFileRunner.main(ForkedTestFileRunner.java:171)
Caused by: de.uka.ilkd.key.proof.init.ProofInputException: Could not find rule file rules/intRulesCheckedSemantics.key
	at de.uka.ilkd.key.proof.io.KeYFile.readIncludes(KeYFile.java:210)
	at de.uka.ilkd.key.proof.init.ProblemInitializer.readIncludes(ProblemInitializer.java:177)
	at de.uka.ilkd.key.proof.init.ProblemInitializer.readEnvInput(ProblemInitializer.java:325)
	at de.uka.ilkd.key.proof.init.ProblemInitializer.prepare(ProblemInitializer.java:449)
	at de.uka.ilkd.key.proof.io.AbstractProblemLoader.createInitConfig(AbstractProblemLoader.java:518)
	at de.uka.ilkd.key.proof.io.AbstractProblemLoader.loadEnvironment(AbstractProblemLoader.java:288)
	at de.uka.ilkd.key.proof.io.AbstractProblemLoader.load(AbstractProblemLoader.java:252)
	at de.uka.ilkd.key.control.AbstractUserInterfaceControl.load(AbstractUserInterfaceControl.java:209)
	... 7 more
Caused by: java.lang.RuntimeException: Could not find rule file rules/intRulesCheckedSemantics.key
	at de.uka.ilkd.key.proof.io.RuleSourceFactory.fromBuiltInRule(RuleSourceFactory.java:32)
	at de.uka.ilkd.key.proof.io.RuleSourceFactory.fromDefaultLocation(RuleSourceFactory.java:21)
	at de.uka.ilkd.key.nparser.builder.IncludeFinder.addInclude(IncludeFinder.java:63)
	at de.uka.ilkd.key.nparser.builder.IncludeFinder.visitOne_include(IncludeFinder.java:43)
	at de.uka.ilkd.key.nparser.builder.IncludeFinder.visitOne_include(IncludeFinder.java:20)
	at de.uka.ilkd.key.nparser.KeYParser$One_includeContext.accept(KeYParser.java:878)
	at de.uka.ilkd.key.nparser.builder.AbstractBuilder.lambda$mapOf$0(AbstractBuilder.java:112)
	at java.base/java.util.stream.ReferencePipeline$3$1.accept(ReferencePipeline.java:195)
	at java.base/java.util.ArrayList$ArrayListSpliterator.forEachRemaining(ArrayList.java:1655)
	at java.base/java.util.stream.AbstractPipeline.copyInto(AbstractPipeline.java:484)
	at java.base/java.util.stream.AbstractPipeline.wrapAndCopyInto(AbstractPipeline.java:474)
	at java.base/java.util.stream.ReduceOps$ReduceOp.evaluateSequential(ReduceOps.java:913)
	at java.base/java.util.stream.AbstractPipeline.evaluate(AbstractPipeline.java:234)
	at java.base/java.util.stream.ReferencePipeline.collect(ReferencePipeline.java:578)
	at de.uka.ilkd.key.nparser.builder.AbstractBuilder.mapOf(AbstractBuilder.java:112)
	at de.uka.ilkd.key.nparser.builder.IncludeFinder.visitOne_include_statement(IncludeFinder.java:35)
	at de.uka.ilkd.key.nparser.builder.IncludeFinder.visitOne_include_statement(IncludeFinder.java:20)
	at de.uka.ilkd.key.nparser.KeYParser$One_include_statementContext.accept(KeYParser.java:802)
	at org.antlr.v4.runtime.tree.AbstractParseTreeVisitor.visitChildren(AbstractParseTreeVisitor.java:46)
	at de.uka.ilkd.key.nparser.KeYParserBaseVisitor.visitDecls(KeYParserBaseVisitor.java:30)
	at de.uka.ilkd.key.nparser.KeYParser$DeclsContext.accept(KeYParser.java:500)
	at org.antlr.v4.runtime.tree.AbstractParseTreeVisitor.visitChildren(AbstractParseTreeVisitor.java:46)
	at de.uka.ilkd.key.nparser.KeYParserBaseVisitor.visitFile(KeYParserBaseVisitor.java:23)
	at de.uka.ilkd.key.nparser.KeYParser$FileContext.accept(KeYParser.java:306)
	at de.uka.ilkd.key.nparser.KeyAst.accept(KeyAst.java:41)
	at de.uka.ilkd.key.nparser.KeyAst$File.getIncludes(KeyAst.java:76)
	at de.uka.ilkd.key.proof.io.KeYFile.readIncludes(KeYFile.java:208)
	... 14 more
Could not find rule file rules/intRulesCheckedSemantics.key (file: /home/runner/work/key/key/key.core/../key.ui/examples/index/.././standard_key/arith/cubicSum.key; caused by: de.uka.ilkd.key.proof.init.ProofInputException: Could not find rule file rules/intRulesCheckedSemantics.key)
	at de.uka.ilkd.key.control.AbstractUserInterfaceControl.load(AbstractUserInterfaceControl.java:221)
	at de.uka.ilkd.key.control.KeYEnvironment.load(KeYEnvironment.java:251)
	at de.uka.ilkd.key.control.KeYEnvironment.load(KeYEnvironment.java:224)
	at de.uka.ilkd.key.control.KeYEnvironment.load(KeYEnvironment.java:184)
	at de.uka.ilkd.key.control.KeYEnvironment.load(KeYEnvironment.java:261)
	at de.uka.ilkd.key.proof.runallproofs.proofcollection.TestFile.load(TestFile.java:270)
	at de.uka.ilkd.key.proof.runallproofs.proofcollection.TestFile.runKey(TestFile.java:160)
	at de.uka.ilkd.key.proof.runallproofs.proofcollection.ForkedTestFileRunner.main(ForkedTestFileRunner.java:171)
Caused by: de.uka.ilkd.key.proof.init.ProofInputException: Could not find rule file rules/intRulesCheckedSemantics.key
	at de.uka.ilkd.key.proof.io.KeYFile.readIncludes(KeYFile.java:210)
	at de.uka.ilkd.key.proof.init.ProblemInitializer.readIncludes(ProblemInitializer.java:177)
	at de.uka.ilkd.key.proof.init.ProblemInitializer.readEnvInput(ProblemInitializer.java:325)
	at de.uka.ilkd.key.proof.init.ProblemInitializer.prepare(ProblemInitializer.java:449)
	at de.uka.ilkd.key.proof.io.AbstractProblemLoader.createInitConfig(AbstractProblemLoader.java:518)
	at de.uka.ilkd.key.proof.io.AbstractProblemLoader.loadEnvironment(AbstractProblemLoader.java:288)
	at de.uka.ilkd.key.proof.io.AbstractProblemLoader.load(AbstractProblemLoader.java:252)
	at de.uka.ilkd.key.control.AbstractUserInterfaceControl.load(AbstractUserInterfaceControl.java:209)
	... 7 more
Caused by: java.lang.RuntimeException: Could not find rule file rules/intRulesCheckedSemantics.key
	at de.uka.ilkd.key.proof.io.RuleSourceFactory.fromBuiltInRule(RuleSourceFactory.java:32)
	at de.uka.ilkd.key.proof.io.RuleSourceFactory.fromDefaultLocation(RuleSourceFactory.java:21)
	at de.uka.ilkd.key.nparser.builder.IncludeFinder.addInclude(IncludeFinder.java:63)
	at de.uka.ilkd.key.nparser.builder.IncludeFinder.visitOne_include(IncludeFinder.java:43)
	at de.uka.ilkd.key.nparser.builder.IncludeFinder.visitOne_include(IncludeFinder.java:20)
	at de.uka.ilkd.key.nparser.KeYParser$One_includeContext.accept(KeYParser.java:878)
	at de.uka.ilkd.key.nparser.builder.AbstractBuilder.lambda$mapOf$0(AbstractBuilder.java:112)
	at java.base/java.util.stream.ReferencePipeline$3$1.accept(ReferencePipeline.java:195)
	at java.base/java.util.ArrayList$ArrayListSpliterator.forEachRemaining(ArrayList.java:1655)
	at java.base/java.util.stream.AbstractPipeline.copyInto(AbstractPipeline.java:484)
	at java.base/java.util.stream.AbstractPipeline.wrapAndCopyInto(AbstractPipeline.java:474)
	at java.base/java.util.stream.ReduceOps$ReduceOp.evaluateSequential(ReduceOps.java:913)
	at java.base/java.util.stream.AbstractPipeline.evaluate(AbstractPipeline.java:234)
	at java.base/java.util.stream.ReferencePipeline.collect(ReferencePipeline.java:578)
	at de.uka.ilkd.key.nparser.builder.AbstractBuilder.mapOf(AbstractBuilder.java:112)
	at de.uka.ilkd.key.nparser.builder.IncludeFinder.visitOne_include_statement(IncludeFinder.java:35)
	at de.uka.ilkd.key.nparser.builder.IncludeFinder.visitOne_include_statement(IncludeFinder.java:20)
	at de.uka.ilkd.key.nparser.KeYParser$One_include_statementContext.accept(KeYParser.java:802)
	at org.antlr.v4.runtime.tree.AbstractParseTreeVisitor.visitChildren(AbstractParseTreeVisitor.java:46)
	at de.uka.ilkd.key.nparser.KeYParserBaseVisitor.visitDecls(KeYParserBaseVisitor.java:30)
	at de.uka.ilkd.key.nparser.KeYParser$DeclsContext.accept(KeYParser.java:500)
	at org.antlr.v4.runtime.tree.AbstractParseTreeVisitor.visitChildren(AbstractParseTreeVisitor.java:46)
	at de.uka.ilkd.key.nparser.KeYParserBaseVisitor.visitFile(KeYParserBaseVisitor.java:23)
	at de.uka.ilkd.key.nparser.KeYParser$FileContext.accept(KeYParser.java:306)
	at de.uka.ilkd.key.nparser.KeyAst.accept(KeyAst.java:41)
	at de.uka.ilkd.key.nparser.KeyAst$File.getIncludes(KeyAst.java:76)
	at de.uka.ilkd.key.proof.io.KeYFile.readIncludes(KeYFile.java:208)
	... 14 more
Could not find rule file rules/intRulesCheckedSemantics.key (file: /home/runner/work/key/key/key.core/../key.ui/examples/index/.././standard_key/arith/divByZero.key; caused by: de.uka.ilkd.key.proof.init.ProofInputException: Could not find rule file rules/intRulesCheckedSemantics.key)
	at de.uka.ilkd.key.control.AbstractUserInterfaceControl.load(AbstractUserInterfaceControl.java:221)
	at de.uka.ilkd.key.control.KeYEnvironment.load(KeYEnvironment.java:251)
	at de.uka.ilkd.key.control.KeYEnvironment.load(KeYEnvironment.java:224)
	at de.uka.ilkd.key.control.KeYEnvironment.load(KeYEnvironment.java:184)
	at de.uka.ilkd.key.control.KeYEnvironment.load(KeYEnvironment.java:261)
	at de.uka.ilkd.key.proof.runallproofs.proofcollection.TestFile.load(TestFile.java:270)
	at de.uka.ilkd.key.proof.runallproofs.proofcollection.TestFile.runKey(TestFile.java:160)
	at de.uka.ilkd.key.proof.runallproofs.proofcollection.ForkedTestFileRunner.main(ForkedTestFileRunner.java:171)
Caused by: de.uka.ilkd.key.proof.init.ProofInputException: Could not find rule file rules/intRulesCheckedSemantics.key
	at de.uka.ilkd.key.proof.io.KeYFile.readIncludes(KeYFile.java:210)
	at de.uka.ilkd.key.proof.init.ProblemInitializer.readIncludes(ProblemInitializer.java:177)
	at de.uka.ilkd.key.proof.init.ProblemInitializer.readEnvInput(ProblemInitializer.java:325)
	at de.uka.ilkd.key.proof.init.ProblemInitializer.prepare(ProblemInitializer.java:449)
	at de.uka.ilkd.key.proof.io.AbstractProblemLoader.createInitConfig(AbstractProblemLoader.java:518)
	at de.uka.ilkd.key.proof.io.AbstractProblemLoader.loadEnvironment(AbstractProblemLoader.java:288)
	at de.uka.ilkd.key.proof.io.AbstractProblemLoader.load(AbstractProblemLoader.java:252)
	at de.uka.ilkd.key.control.AbstractUserInterfaceControl.load(AbstractUserInterfaceControl.java:209)
	... 7 more
Caused by: java.lang.RuntimeException: Could not find rule file rules/intRulesCheckedSemantics.key
	at de.uka.ilkd.key.proof.io.RuleSourceFactory.fromBuiltInRule(RuleSourceFactory.java:32)
	at de.uka.ilkd.key.proof.io.RuleSourceFactory.fromDefaultLocation(RuleSourceFactory.java:21)
	at de.uka.ilkd.key.nparser.builder.IncludeFinder.addInclude(IncludeFinder.java:63)
	at de.uka.ilkd.key.nparser.builder.IncludeFinder.visitOne_include(IncludeFinder.java:43)
	at de.uka.ilkd.key.nparser.builder.IncludeFinder.visitOne_include(IncludeFinder.java:20)
	at de.uka.ilkd.key.nparser.KeYParser$One_includeContext.accept(KeYParser.java:878)
	at de.uka.ilkd.key.nparser.builder.AbstractBuilder.lambda$mapOf$0(AbstractBuilder.java:112)
	at java.base/java.util.stream.ReferencePipeline$3$1.accept(ReferencePipeline.java:195)
	at java.base/java.util.ArrayList$ArrayListSpliterator.forEachRemaining(ArrayList.java:1655)
	at java.base/java.util.stream.AbstractPipeline.copyInto(AbstractPipeline.java:484)
	at java.base/java.util.stream.AbstractPipeline.wrapAndCopyInto(AbstractPipeline.java:474)
	at java.base/java.util.stream.ReduceOps$ReduceOp.evaluateSequential(ReduceOps.java:913)
	at java.base/java.util.stream.AbstractPipeline.evaluate(AbstractPipeline.java:234)
	at java.base/java.util.stream.ReferencePipeline.collect(ReferencePipeline.java:578)
	at de.uka.ilkd.key.nparser.builder.AbstractBuilder.mapOf(AbstractBuilder.java:112)
	at de.uka.ilkd.key.nparser.builder.IncludeFinder.visitOne_include_statement(IncludeFinder.java:35)
	at de.uka.ilkd.key.nparser.builder.IncludeFinder.visitOne_include_statement(IncludeFinder.java:20)
	at de.uka.ilkd.key.nparser.KeYParser$One_include_statementContext.accept(KeYParser.java:802)
	at org.antlr.v4.runtime.tree.AbstractParseTreeVisitor.visitChildren(AbstractParseTreeVisitor.java:46)
	at de.uka.ilkd.key.nparser.KeYParserBaseVisitor.visitDecls(KeYParserBaseVisitor.java:30)
	at de.uka.ilkd.key.nparser.KeYParser$DeclsContext.accept(KeYParser.java:500)
	at org.antlr.v4.runtime.tree.AbstractParseTreeVisitor.visitChildren(AbstractParseTreeVisitor.java:46)
	at de.uka.ilkd.key.nparser.KeYParserBaseVisitor.visitFile(KeYParserBaseVisitor.java:23)
	at de.uka.ilkd.key.nparser.KeYParser$FileContext.accept(KeYParser.java:306)
	at de.uka.ilkd.key.nparser.KeyAst.accept(KeyAst.java:41)
	at de.uka.ilkd.key.nparser.KeyAst$File.getIncludes(KeyAst.java:76)
	at de.uka.ilkd.key.proof.io.KeYFile.readIncludes(KeYFile.java:208)
	... 14 more
Could not find rule file rules/intRulesCheckedSemantics.key (file: /home/runner/work/key/key/key.core/../key.ui/examples/index/.././standard_key/arith/divisionAssoc.key; caused by: de.uka.ilkd.key.proof.init.ProofInputException: Could not find rule file rules/intRulesCheckedSemantics.key)
	at de.uka.ilkd.key.control.AbstractUserInterfaceControl.load(AbstractUserInterfaceControl.java:221)
	at de.uka.ilkd.key.control.KeYEnvironment.load(KeYEnvironment.java:251)
	at de.uka.ilkd.key.control.KeYEnvironment.load(KeYEnvironment.java:224)
	at de.uka.ilkd.key.control.KeYEnvironment.load(KeYEnvironment.java:184)
	at de.uka.ilkd.key.control.KeYEnvironment.load(KeYEnvironment.java:261)
	at de.uka.ilkd.key.proof.runallproofs.proofcollection.TestFile.load(TestFile.java:270)
	at de.uka.ilkd.key.proof.runallproofs.proofcollection.TestFile.runKey(TestFile.java:160)
	at de.uka.ilkd.key.proof.runallproofs.proofcollection.ForkedTestFileRunner.main(ForkedTestFileRunner.java:171)
Caused by: de.uka.ilkd.key.proof.init.ProofInputException: Could not find rule file rules/intRulesCheckedSemantics.key
	at de.uka.ilkd.key.proof.io.KeYFile.readIncludes(KeYFile.java:210)
	at de.uka.ilkd.key.proof.init.ProblemInitializer.readIncludes(ProblemInitializer.java:177)
	at de.uka.ilkd.key.proof.init.ProblemInitializer.readEnvInput(ProblemInitializer.java:325)
	at de.uka.ilkd.key.proof.init.ProblemInitializer.prepare(ProblemInitializer.java:449)
	at de.uka.ilkd.key.proof.io.AbstractProblemLoader.createInitConfig(AbstractProblemLoader.java:518)
	at de.uka.ilkd.key.proof.io.AbstractProblemLoader.loadEnvironment(AbstractProblemLoader.java:288)
	at de.uka.ilkd.key.proof.io.AbstractProblemLoader.load(AbstractProblemLoader.java:252)
	at de.uka.ilkd.key.control.AbstractUserInterfaceControl.load(AbstractUserInterfaceControl.java:209)
	... 7 more
Caused by: java.lang.RuntimeException: Could not find rule file rules/intRulesCheckedSemantics.key
	at de.uka.ilkd.key.proof.io.RuleSourceFactory.fromBuiltInRule(RuleSourceFactory.java:32)
	at de.uka.ilkd.key.proof.io.RuleSourceFactory.fromDefaultLocation(RuleSourceFactory.java:21)
	at de.uka.ilkd.key.nparser.builder.IncludeFinder.addInclude(IncludeFinder.java:63)
	at de.uka.ilkd.key.nparser.builder.IncludeFinder.visitOne_include(IncludeFinder.java:43)
	at de.uka.ilkd.key.nparser.builder.IncludeFinder.visitOne_include(IncludeFinder.java:20)
	at de.uka.ilkd.key.nparser.KeYParser$One_includeContext.accept(KeYParser.java:878)
	at de.uka.ilkd.key.nparser.builder.AbstractBuilder.lambda$mapOf$0(AbstractBuilder.java:112)
	at java.base/java.util.stream.ReferencePipeline$3$1.accept(ReferencePipeline.java:195)
	at java.base/java.util.ArrayList$ArrayListSpliterator.forEachRemaining(ArrayList.java:1655)
	at java.base/java.util.stream.AbstractPipeline.copyInto(AbstractPipeline.java:484)
	at java.base/java.util.stream.AbstractPipeline.wrapAndCopyInto(AbstractPipeline.java:474)
	at java.base/java.util.stream.ReduceOps$ReduceOp.evaluateSequential(ReduceOps.java:913)
	at java.base/java.util.stream.AbstractPipeline.evaluate(AbstractPipeline.java:234)
	at java.base/java.util.stream.ReferencePipeline.collect(ReferencePipeline.java:578)
	at de.uka.ilkd.key.nparser.builder.AbstractBuilder.mapOf(AbstractBuilder.java:112)
	at de.uka.ilkd.key.nparser.builder.IncludeFinder.visitOne_include_statement(IncludeFinder.java:35)
	at de.uka.ilkd.key.nparser.builder.IncludeFinder.visitOne_include_statement(IncludeFinder.java:20)
	at de.uka.ilkd.key.nparser.KeYParser$One_include_statementContext.accept(KeYParser.java:802)
	at org.antlr.v4.runtime.tree.AbstractParseTreeVisitor.visitChildren(AbstractParseTreeVisitor.java:46)
	at de.uka.ilkd.key.nparser.KeYParserBaseVisitor.visitDecls(KeYParserBaseVisitor.java:30)
	at de.uka.ilkd.key.nparser.KeYParser$DeclsContext.accept(KeYParser.java:500)
	at org.antlr.v4.runtime.tree.AbstractParseTreeVisitor.visitChildren(AbstractParseTreeVisitor.java:46)
	at de.uka.ilkd.key.nparser.KeYParserBaseVisitor.visitFile(KeYParserBaseVisitor.java:23)
	at de.uka.ilkd.key.nparser.KeYParser$FileContext.accept(KeYParser.java:306)
	at de.uka.ilkd.key.nparser.KeyAst.accept(KeyAst.java:41)
	at de.uka.ilkd.key.nparser.KeyAst$File.getIncludes(KeyAst.java:76)
	at de.uka.ilkd.key.proof.io.KeYFile.readIncludes(KeYFile.java:208)
	... 14 more
Could not find rule file rules/intRulesCheckedSemantics.key (file: /home/runner/work/key/key/key.core/../key.ui/examples/index/.././standard_key/arith/divisionBy2.key; caused by: de.uka.ilkd.key.proof.init.ProofInputException: Could not find rule file rules/intRulesCheckedSemantics.key)
	at de.uka.ilkd.key.control.AbstractUserInterfaceControl.load(AbstractUserInterfaceControl.java:221)
	at de.uka.ilkd.key.control.KeYEnvironment.load(KeYEnvironment.java:251)
	at de.uka.ilkd.key.control.KeYEnvironment.load(KeYEnvironment.java:224)
	at de.uka.ilkd.key.control.KeYEnvironment.load(KeYEnvironment.java:184)
	at de.uka.ilkd.key.control.KeYEnvironment.load(KeYEnvironment.java:261)
	at de.uka.ilkd.key.proof.runallproofs.proofcollection.TestFile.load(TestFile.java:270)
	at de.uka.ilkd.key.proof.runallproofs.proofcollection.TestFile.runKey(TestFile.java:160)
	at de.uka.ilkd.key.proof.runallproofs.proofcollection.ForkedTestFileRunner.main(ForkedTestFileRunner.java:171)
Caused by: de.uka.ilkd.key.proof.init.ProofInputException: Could not find rule file rules/intRulesCheckedSemantics.key
	at de.uka.ilkd.key.proof.io.KeYFile.readIncludes(KeYFile.java:210)
	at de.uka.ilkd.key.proof.init.ProblemInitializer.readIncludes(ProblemInitializer.java:177)
	at de.uka.ilkd.key.proof.init.ProblemInitializer.readEnvInput(ProblemInitializer.java:325)
	at de.uka.ilkd.key.proof.init.ProblemInitializer.prepare(ProblemInitializer.java:449)
	at de.uka.ilkd.key.proof.io.AbstractProblemLoader.createInitConfig(AbstractProblemLoader.java:518)
	at de.uka.ilkd.key.proof.io.AbstractProblemLoader.loadEnvironment(AbstractProblemLoader.java:288)
	at de.uka.ilkd.key.proof.io.AbstractProblemLoader.load(AbstractProblemLoader.java:252)
	at de.uka.ilkd.key.control.AbstractUserInterfaceControl.load(AbstractUserInterfaceControl.java:209)
	... 7 more
Caused by: java.lang.RuntimeException: Could not find rule file rules/intRulesCheckedSemantics.key
	at de.uka.ilkd.key.proof.io.RuleSourceFactory.fromBuiltInRule(RuleSourceFactory.java:32)
	at de.uka.ilkd.key.proof.io.RuleSourceFactory.fromDefaultLocation(RuleSourceFactory.java:21)
	at de.uka.ilkd.key.nparser.builder.IncludeFinder.addInclude(IncludeFinder.java:63)
	at de.uka.ilkd.key.nparser.builder.IncludeFinder.visitOne_include(IncludeFinder.java:43)
	at de.uka.ilkd.key.nparser.builder.IncludeFinder.visitOne_include(IncludeFinder.java:20)
	at de.uka.ilkd.key.nparser.KeYParser$One_includeContext.accept(KeYParser.java:878)
	at de.uka.ilkd.key.nparser.builder.AbstractBuilder.lambda$mapOf$0(AbstractBuilder.java:112)
	at java.base/java.util.stream.ReferencePipeline$3$1.accept(ReferencePipeline.java:195)
	at java.base/java.util.ArrayList$ArrayListSpliterator.forEachRemaining(ArrayList.java:1655)
	at java.base/java.util.stream.AbstractPipeline.copyInto(AbstractPipeline.java:484)
	at java.base/java.util.stream.AbstractPipeline.wrapAndCopyInto(AbstractPipeline.java:474)
	at java.base/java.util.stream.ReduceOps$ReduceOp.evaluateSequential(ReduceOps.java:913)
	at java.base/java.util.stream.AbstractPipeline.evaluate(AbstractPipeline.java:234)
	at java.base/java.util.stream.ReferencePipeline.collect(ReferencePipeline.java:578)
	at de.uka.ilkd.key.nparser.builder.AbstractBuilder.mapOf(AbstractBuilder.java:112)
	at de.uka.ilkd.key.nparser.builder.IncludeFinder.visitOne_include_statement(IncludeFinder.java:35)
	at de.uka.ilkd.key.nparser.builder.IncludeFinder.visitOne_include_statement(IncludeFinder.java:20)
	at de.uka.ilkd.key.nparser.KeYParser$One_include_statementContext.accept(KeYParser.java:802)
	at org.antlr.v4.runtime.tree.AbstractParseTreeVisitor.visitChildren(AbstractParseTreeVisitor.java:46)
	at de.uka.ilkd.key.nparser.KeYParserBaseVisitor.visitDecls(KeYParserBaseVisitor.java:30)
	at de.uka.ilkd.key.nparser.KeYParser$DeclsContext.accept(KeYParser.java:500)
	at org.antlr.v4.runtime.tree.AbstractParseTreeVisitor.visitChildren(AbstractParseTreeVisitor.java:46)
	at de.uka.ilkd.key.nparser.KeYParserBaseVisitor.visitFile(KeYParserBaseVisitor.java:23)
	at de.uka.ilkd.key.nparser.KeYParser$FileContext.accept(KeYParser.java:306)
	at de.uka.ilkd.key.nparser.KeyAst.accept(KeyAst.java:41)
	at de.uka.ilkd.key.nparser.KeyAst$File.getIncludes(KeyAst.java:76)
	at de.uka.ilkd.key.proof.io.KeYFile.readIncludes(KeYFile.java:208)
	... 14 more
Could not find rule file rules/intRulesCheckedSemantics.key (file: /home/runner/work/key/key/key.core/../key.ui/examples/index/.././standard_key/arith/euclidean/gcdHelp-post.key; caused by: de.uka.ilkd.key.proof.init.ProofInputException: Could not find rule file rules/intRulesCheckedSemantics.key)
	at de.uka.ilkd.key.control.AbstractUserInterfaceControl.load(AbstractUserInterfaceControl.java:221)
	at de.uka.ilkd.key.control.KeYEnvironment.load(KeYEnvironment.java:251)
	at de.uka.ilkd.key.control.KeYEnvironment.load(KeYEnvironment.java:224)
	at de.uka.ilkd.key.control.KeYEnvironment.load(KeYEnvironment.java:184)
	at de.uka.ilkd.key.control.KeYEnvironment.load(KeYEnvironment.java:261)
	at de.uka.ilkd.key.proof.runallproofs.proofcollection.TestFile.load(TestFile.java:270)
	at de.uka.ilkd.key.proof.runallproofs.proofcollection.TestFile.runKey(TestFile.java:160)
	at de.uka.ilkd.key.proof.runallproofs.proofcollection.ForkedTestFileRunner.main(ForkedTestFileRunner.java:171)
Caused by: de.uka.ilkd.key.proof.init.ProofInputException: Could not find rule file rules/intRulesCheckedSemantics.key
	at de.uka.ilkd.key.proof.io.KeYFile.readIncludes(KeYFile.java:210)
	at de.uka.ilkd.key.proof.init.ProblemInitializer.readIncludes(ProblemInitializer.java:177)
	at de.uka.ilkd.key.proof.init.ProblemInitializer.readEnvInput(ProblemInitializer.java:325)
	at de.uka.ilkd.key.proof.init.ProblemInitializer.prepare(ProblemInitializer.java:449)
	at de.uka.ilkd.key.proof.io.AbstractProblemLoader.createInitConfig(AbstractProblemLoader.java:518)
	at de.uka.ilkd.key.proof.io.AbstractProblemLoader.loadEnvironment(AbstractProblemLoader.java:288)
	at de.uka.ilkd.key.proof.io.AbstractProblemLoader.load(AbstractProblemLoader.java:252)
	at de.uka.ilkd.key.control.AbstractUserInterfaceControl.load(AbstractUserInterfaceControl.java:209)
	... 7 more
Caused by: java.lang.RuntimeException: Could not find rule file rules/intRulesCheckedSemantics.key
	at de.uka.ilkd.key.proof.io.RuleSourceFactory.fromBuiltInRule(RuleSourceFactory.java:32)
	at de.uka.ilkd.key.proof.io.RuleSourceFactory.fromDefaultLocation(RuleSourceFactory.java:21)
	at de.uka.ilkd.key.nparser.builder.IncludeFinder.addInclude(IncludeFinder.java:63)
	at de.uka.ilkd.key.nparser.builder.IncludeFinder.visitOne_include(IncludeFinder.java:43)
	at de.uka.ilkd.key.nparser.builder.IncludeFinder.visitOne_include(IncludeFinder.java:20)
	at de.uka.ilkd.key.nparser.KeYParser$One_includeContext.accept(KeYParser.java:878)
	at de.uka.ilkd.key.nparser.builder.AbstractBuilder.lambda$mapOf$0(AbstractBuilder.java:112)
	at java.base/java.util.stream.ReferencePipeline$3$1.accept(ReferencePipeline.java:195)
	at java.base/java.util.ArrayList$ArrayListSpliterator.forEachRemaining(ArrayList.java:1655)
	at java.base/java.util.stream.AbstractPipeline.copyInto(AbstractPipeline.java:484)
	at java.base/java.util.stream.AbstractPipeline.wrapAndCopyInto(AbstractPipeline.java:474)
	at java.base/java.util.stream.ReduceOps$ReduceOp.evaluateSequential(ReduceOps.java:913)
	at java.base/java.util.stream.AbstractPipeline.evaluate(AbstractPipeline.java:234)
	at java.base/java.util.stream.ReferencePipeline.collect(ReferencePipeline.java:578)
	at de.uka.ilkd.key.nparser.builder.AbstractBuilder.mapOf(AbstractBuilder.java:112)
	at de.uka.ilkd.key.nparser.builder.IncludeFinder.visitOne_include_statement(IncludeFinder.java:35)
	at de.uka.ilkd.key.nparser.builder.IncludeFinder.visitOne_include_statement(IncludeFinder.java:20)
	at de.uka.ilkd.key.nparser.KeYParser$One_include_statementContext.accept(KeYParser.java:802)
	at org.antlr.v4.runtime.tree.AbstractParseTreeVisitor.visitChildren(AbstractParseTreeVisitor.java:46)
	at de.uka.ilkd.key.nparser.KeYParserBaseVisitor.visitDecls(KeYParserBaseVisitor.java:30)
	at de.uka.ilkd.key.nparser.KeYParser$DeclsContext.accept(KeYParser.java:500)
	at org.antlr.v4.runtime.tree.AbstractParseTreeVisitor.visitChildren(AbstractParseTreeVisitor.java:46)
	at de.uka.ilkd.key.nparser.KeYParserBaseVisitor.visitFile(KeYParserBaseVisitor.java:23)
	at de.uka.ilkd.key.nparser.KeYParser$FileContext.accept(KeYParser.java:306)
	at de.uka.ilkd.key.nparser.KeyAst.accept(KeyAst.java:41)
	at de.uka.ilkd.key.nparser.KeyAst$File.getIncludes(KeyAst.java:76)
	at de.uka.ilkd.key.proof.io.KeYFile.readIncludes(KeYFile.java:208)
	... 14 more
Could not find rule file rules/intRulesCheckedSemantics.key (file: /home/runner/work/key/key/key.core/../key.ui/examples/index/.././standard_key/arith/gemplusDecimal/add.key; caused by: de.uka.ilkd.key.proof.init.ProofInputException: Could not find rule file rules/intRulesCheckedSemantics.key)
	at de.uka.ilkd.key.control.AbstractUserInterfaceControl.load(AbstractUserInterfaceControl.java:221)
	at de.uka.ilkd.key.control.KeYEnvironment.load(KeYEnvironment.java:251)
	at de.uka.ilkd.key.control.KeYEnvironment.load(KeYEnvironment.java:224)
	at de.uka.ilkd.key.control.KeYEnvironment.load(KeYEnvironment.java:184)
	at de.uka.ilkd.key.control.KeYEnvironment.load(KeYEnvironment.java:261)
	at de.uka.ilkd.key.proof.runallproofs.proofcollection.TestFile.load(TestFile.java:270)
	at de.uka.ilkd.key.proof.runallproofs.proofcollection.TestFile.runKey(TestFile.java:160)
	at de.uka.ilkd.key.proof.runallproofs.proofcollection.ForkedTestFileRunner.main(ForkedTestFileRunner.java:171)
Caused by: de.uka.ilkd.key.proof.init.ProofInputException: Could not find rule file rules/intRulesCheckedSemantics.key
	at de.uka.ilkd.key.proof.io.KeYFile.readIncludes(KeYFile.java:210)
	at de.uka.ilkd.key.proof.init.ProblemInitializer.readIncludes(ProblemInitializer.java:177)
	at de.uka.ilkd.key.proof.init.ProblemInitializer.readEnvInput(ProblemInitializer.java:325)
	at de.uka.ilkd.key.proof.init.ProblemInitializer.prepare(ProblemInitializer.java:449)
	at de.uka.ilkd.key.proof.io.AbstractProblemLoader.createInitConfig(AbstractProblemLoader.java:518)
	at de.uka.ilkd.key.proof.io.AbstractProblemLoader.loadEnvironment(AbstractProblemLoader.java:288)
	at de.uka.ilkd.key.proof.io.AbstractProblemLoader.load(AbstractProblemLoader.java:252)
	at de.uka.ilkd.key.control.AbstractUserInterfaceControl.load(AbstractUserInterfaceControl.java:209)
	... 7 more
Caused by: java.lang.RuntimeException: Could not find rule file rules/intRulesCheckedSemantics.key
	at de.uka.ilkd.key.proof.io.RuleSourceFactory.fromBuiltInRule(RuleSourceFactory.java:32)
	at de.uka.ilkd.key.proof.io.RuleSourceFactory.fromDefaultLocation(RuleSourceFactory.java:21)
	at de.uka.ilkd.key.nparser.builder.IncludeFinder.addInclude(IncludeFinder.java:63)
	at de.uka.ilkd.key.nparser.builder.IncludeFinder.visitOne_include(IncludeFinder.java:43)
	at de.uka.ilkd.key.nparser.builder.IncludeFinder.visitOne_include(IncludeFinder.java:20)
	at de.uka.ilkd.key.nparser.KeYParser$One_includeContext.accept(KeYParser.java:878)
	at de.uka.ilkd.key.nparser.builder.AbstractBuilder.lambda$mapOf$0(AbstractBuilder.java:112)
	at java.base/java.util.stream.ReferencePipeline$3$1.accept(ReferencePipeline.java:195)
	at java.base/java.util.ArrayList$ArrayListSpliterator.forEachRemaining(ArrayList.java:1655)
	at java.base/java.util.stream.AbstractPipeline.copyInto(AbstractPipeline.java:484)
	at java.base/java.util.stream.AbstractPipeline.wrapAndCopyInto(AbstractPipeline.java:474)
	at java.base/java.util.stream.ReduceOps$ReduceOp.evaluateSequential(ReduceOps.java:913)
	at java.base/java.util.stream.AbstractPipeline.evaluate(AbstractPipeline.java:234)
	at java.base/java.util.stream.ReferencePipeline.collect(ReferencePipeline.java:578)
	at de.uka.ilkd.key.nparser.builder.AbstractBuilder.mapOf(AbstractBuilder.java:112)
	at de.uka.ilkd.key.nparser.builder.IncludeFinder.visitOne_include_statement(IncludeFinder.java:35)
	at de.uka.ilkd.key.nparser.builder.IncludeFinder.visitOne_include_statement(IncludeFinder.java:20)
	at de.uka.ilkd.key.nparser.KeYParser$One_include_statementContext.accept(KeYParser.java:802)
	at org.antlr.v4.runtime.tree.AbstractParseTreeVisitor.visitChildren(AbstractParseTreeVisitor.java:46)
	at de.uka.ilkd.key.nparser.KeYParserBaseVisitor.visitDecls(KeYParserBaseVisitor.java:30)
	at de.uka.ilkd.key.nparser.KeYParser$DeclsContext.accept(KeYParser.java:500)
	at org.antlr.v4.runtime.tree.AbstractParseTreeVisitor.visitChildren(AbstractParseTreeVisitor.java:46)
	at de.uka.ilkd.key.nparser.KeYParserBaseVisitor.visitFile(KeYParserBaseVisitor.java:23)
	at de.uka.ilkd.key.nparser.KeYParser$FileContext.accept(KeYParser.java:306)
	at de.uka.ilkd.key.nparser.KeyAst.accept(KeyAst.java:41)
	at de.uka.ilkd.key.nparser.KeyAst$File.getIncludes(KeyAst.java:76)
	at de.uka.ilkd.key.proof.io.KeYFile.readIncludes(KeYFile.java:208)
	... 14 more
Could not find rule file rules/intRulesCheckedSemantics.key (file: /home/runner/work/key/key/key.core/../key.ui/examples/index/.././standard_key/arith/jdivevenodd.key; caused by: de.uka.ilkd.key.proof.init.ProofInputException: Could not find rule file rules/intRulesCheckedSemantics.key)
	at de.uka.ilkd.key.control.AbstractUserInterfaceControl.load(AbstractUserInterfaceControl.java:221)
	at de.uka.ilkd.key.control.KeYEnvironment.load(KeYEnvironment.java:251)
	at de.uka.ilkd.key.control.KeYEnvironment.load(KeYEnvironment.java:224)
	at de.uka.ilkd.key.control.KeYEnvironment.load(KeYEnvironment.java:184)
	at de.uka.ilkd.key.control.KeYEnvironment.load(KeYEnvironment.java:261)
	at de.uka.ilkd.key.proof.runallproofs.proofcollection.TestFile.load(TestFile.java:270)
	at de.uka.ilkd.key.proof.runallproofs.proofcollection.TestFile.runKey(TestFile.java:160)
	at de.uka.ilkd.key.proof.runallproofs.proofcollection.ForkedTestFileRunner.main(ForkedTestFileRunner.java:171)
Caused by: de.uka.ilkd.key.proof.init.ProofInputException: Could not find rule file rules/intRulesCheckedSemantics.key
	at de.uka.ilkd.key.proof.io.KeYFile.readIncludes(KeYFile.java:210)
	at de.uka.ilkd.key.proof.init.ProblemInitializer.readIncludes(ProblemInitializer.java:177)
	at de.uka.ilkd.key.proof.init.ProblemInitializer.readEnvInput(ProblemInitializer.java:325)
	at de.uka.ilkd.key.proof.init.ProblemInitializer.prepare(ProblemInitializer.java:449)
	at de.uka.ilkd.key.proof.io.AbstractProblemLoader.createInitConfig(AbstractProblemLoader.java:518)
	at de.uka.ilkd.key.proof.io.AbstractProblemLoader.loadEnvironment(AbstractProblemLoader.java:288)
	at de.uka.ilkd.key.proof.io.AbstractProblemLoader.load(AbstractProblemLoader.java:252)
	at de.uka.ilkd.key.control.AbstractUserInterfaceControl.load(AbstractUserInterfaceControl.java:209)
	... 7 more
Caused by: java.lang.RuntimeException: Could not find rule file rules/intRulesCheckedSemantics.key
	at de.uka.ilkd.key.proof.io.RuleSourceFactory.fromBuiltInRule(RuleSourceFactory.java:32)
	at de.uka.ilkd.key.proof.io.RuleSourceFactory.fromDefaultLocation(RuleSourceFactory.java:21)
	at de.uka.ilkd.key.nparser.builder.IncludeFinder.addInclude(IncludeFinder.java:63)
	at de.uka.ilkd.key.nparser.builder.IncludeFinder.visitOne_include(IncludeFinder.java:43)
	at de.uka.ilkd.key.nparser.builder.IncludeFinder.visitOne_include(IncludeFinder.java:20)
	at de.uka.ilkd.key.nparser.KeYParser$One_includeContext.accept(KeYParser.java:878)
	at de.uka.ilkd.key.nparser.builder.AbstractBuilder.lambda$mapOf$0(AbstractBuilder.java:112)
	at java.base/java.util.stream.ReferencePipeline$3$1.accept(ReferencePipeline.java:195)
	at java.base/java.util.ArrayList$ArrayListSpliterator.forEachRemaining(ArrayList.java:1655)
	at java.base/java.util.stream.AbstractPipeline.copyInto(AbstractPipeline.java:484)
	at java.base/java.util.stream.AbstractPipeline.wrapAndCopyInto(AbstractPipeline.java:474)
	at java.base/java.util.stream.ReduceOps$ReduceOp.evaluateSequential(ReduceOps.java:913)
	at java.base/java.util.stream.AbstractPipeline.evaluate(AbstractPipeline.java:234)
	at java.base/java.util.stream.ReferencePipeline.collect(ReferencePipeline.java:578)
	at de.uka.ilkd.key.nparser.builder.AbstractBuilder.mapOf(AbstractBuilder.java:112)
	at de.uka.ilkd.key.nparser.builder.IncludeFinder.visitOne_include_statement(IncludeFinder.java:35)
	at de.uka.ilkd.key.nparser.builder.IncludeFinder.visitOne_include_statement(IncludeFinder.java:20)
	at de.uka.ilkd.key.nparser.KeYParser$One_include_statementContext.accept(KeYParser.java:802)
	at org.antlr.v4.runtime.tree.AbstractParseTreeVisitor.visitChildren(AbstractParseTreeVisitor.java:46)
	at de.uka.ilkd.key.nparser.KeYParserBaseVisitor.visitDecls(KeYParserBaseVisitor.java:30)
	at de.uka.ilkd.key.nparser.KeYParser$DeclsContext.accept(KeYParser.java:500)
	at org.antlr.v4.runtime.tree.AbstractParseTreeVisitor.visitChildren(AbstractParseTreeVisitor.java:46)
	at de.uka.ilkd.key.nparser.KeYParserBaseVisitor.visitFile(KeYParserBaseVisitor.java:23)
	at de.uka.ilkd.key.nparser.KeYParser$FileContext.accept(KeYParser.java:306)
	at de.uka.ilkd.key.nparser.KeyAst.accept(KeyAst.java:41)
	at de.uka.ilkd.key.nparser.KeyAst$File.getIncludes(KeyAst.java:76)
	at de.uka.ilkd.key.proof.io.KeYFile.readIncludes(KeYFile.java:208)
	... 14 more
Could not find rule file rules/intRulesCheckedSemantics.key (file: /home/runner/work/key/key/key.core/../key.ui/examples/index/.././standard_key/arith/median.key; caused by: de.uka.ilkd.key.proof.init.ProofInputException: Could not find rule file rules/intRulesCheckedSemantics.key)
	at de.uka.ilkd.key.control.AbstractUserInterfaceControl.load(AbstractUserInterfaceControl.java:221)
	at de.uka.ilkd.key.control.KeYEnvironment.load(KeYEnvironment.java:251)
	at de.uka.ilkd.key.control.KeYEnvironment.load(KeYEnvironment.java:224)
	at de.uka.ilkd.key.control.KeYEnvironment.load(KeYEnvironment.java:184)
	at de.uka.ilkd.key.control.KeYEnvironment.load(KeYEnvironment.java:261)
	at de.uka.ilkd.key.proof.runallproofs.proofcollection.TestFile.load(TestFile.java:270)
	at de.uka.ilkd.key.proof.runallproofs.proofcollection.TestFile.runKey(TestFile.java:160)
	at de.uka.ilkd.key.proof.runallproofs.proofcollection.ForkedTestFileRunner.main(ForkedTestFileRunner.java:171)
Caused by: de.uka.ilkd.key.proof.init.ProofInputException: Could not find rule file rules/intRulesCheckedSemantics.key
	at de.uka.ilkd.key.proof.io.KeYFile.readIncludes(KeYFile.java:210)
	at de.uka.ilkd.key.proof.init.ProblemInitializer.readIncludes(ProblemInitializer.java:177)
	at de.uka.ilkd.key.proof.init.ProblemInitializer.readEnvInput(ProblemInitializer.java:325)
	at de.uka.ilkd.key.proof.init.ProblemInitializer.prepare(ProblemInitializer.java:449)
	at de.uka.ilkd.key.proof.io.AbstractProblemLoader.createInitConfig(AbstractProblemLoader.java:518)
	at de.uka.ilkd.key.proof.io.AbstractProblemLoader.loadEnvironment(AbstractProblemLoader.java:288)
	at de.uka.ilkd.key.proof.io.AbstractProblemLoader.load(AbstractProblemLoader.java:252)
	at de.uka.ilkd.key.control.AbstractUserInterfaceControl.load(AbstractUserInterfaceControl.java:209)
	... 7 more
Caused by: java.lang.RuntimeException: Could not find rule file rules/intRulesCheckedSemantics.key
	at de.uka.ilkd.key.proof.io.RuleSourceFactory.fromBuiltInRule(RuleSourceFactory.java:32)
	at de.uka.ilkd.key.proof.io.RuleSourceFactory.fromDefaultLocation(RuleSourceFactory.java:21)
	at de.uka.ilkd.key.nparser.builder.IncludeFinder.addInclude(IncludeFinder.java:63)
	at de.uka.ilkd.key.nparser.builder.IncludeFinder.visitOne_include(IncludeFinder.java:43)
	at de.uka.ilkd.key.nparser.builder.IncludeFinder.visitOne_include(IncludeFinder.java:20)
	at de.uka.ilkd.key.nparser.KeYParser$One_includeContext.accept(KeYParser.java:878)
	at de.uka.ilkd.key.nparser.builder.AbstractBuilder.lambda$mapOf$0(AbstractBuilder.java:112)
	at java.base/java.util.stream.ReferencePipeline$3$1.accept(ReferencePipeline.java:195)
	at java.base/java.util.ArrayList$ArrayListSpliterator.forEachRemaining(ArrayList.java:1655)
	at java.base/java.util.stream.AbstractPipeline.copyInto(AbstractPipeline.java:484)
	at java.base/java.util.stream.AbstractPipeline.wrapAndCopyInto(AbstractPipeline.java:474)
	at java.base/java.util.stream.ReduceOps$ReduceOp.evaluateSequential(ReduceOps.java:913)
	at java.base/java.util.stream.AbstractPipeline.evaluate(AbstractPipeline.java:234)
	at java.base/java.util.stream.ReferencePipeline.collect(ReferencePipeline.java:578)
	at de.uka.ilkd.key.nparser.builder.AbstractBuilder.mapOf(AbstractBuilder.java:112)
	at de.uka.ilkd.key.nparser.builder.IncludeFinder.visitOne_include_statement(IncludeFinder.java:35)
	at de.uka.ilkd.key.nparser.builder.IncludeFinder.visitOne_include_statement(IncludeFinder.java:20)
	at de.uka.ilkd.key.nparser.KeYParser$One_include_statementContext.accept(KeYParser.java:802)
	at org.antlr.v4.runtime.tree.AbstractParseTreeVisitor.visitChildren(AbstractParseTreeVisitor.java:46)
	at de.uka.ilkd.key.nparser.KeYParserBaseVisitor.visitDecls(KeYParserBaseVisitor.java:30)
	at de.uka.ilkd.key.nparser.KeYParser$DeclsContext.accept(KeYParser.java:500)
	at org.antlr.v4.runtime.tree.AbstractParseTreeVisitor.visitChildren(AbstractParseTreeVisitor.java:46)
	at de.uka.ilkd.key.nparser.KeYParserBaseVisitor.visitFile(KeYParserBaseVisitor.java:23)
	at de.uka.ilkd.key.nparser.KeYParser$FileContext.accept(KeYParser.java:306)
	at de.uka.ilkd.key.nparser.KeyAst.accept(KeyAst.java:41)
	at de.uka.ilkd.key.nparser.KeyAst$File.getIncludes(KeyAst.java:76)
	at de.uka.ilkd.key.proof.io.KeYFile.readIncludes(KeYFile.java:208)
	... 14 more
Could not find rule file rules/intRulesCheckedSemantics.key (file: /home/runner/work/key/key/key.core/../key.ui/examples/index/.././standard_key/arith/mod1.key; caused by: de.uka.ilkd.key.proof.init.ProofInputException: Could not find rule file rules/intRulesCheckedSemantics.key)
	at de.uka.ilkd.key.control.AbstractUserInterfaceControl.load(AbstractUserInterfaceControl.java:221)
	at de.uka.ilkd.key.control.KeYEnvironment.load(KeYEnvironment.java:251)
	at de.uka.ilkd.key.control.KeYEnvironment.load(KeYEnvironment.java:224)
	at de.uka.ilkd.key.control.KeYEnvironment.load(KeYEnvironment.java:184)
	at de.uka.ilkd.key.control.KeYEnvironment.load(KeYEnvironment.java:261)
	at de.uka.ilkd.key.proof.runallproofs.proofcollection.TestFile.load(TestFile.java:270)
	at de.uka.ilkd.key.proof.runallproofs.proofcollection.TestFile.runKey(TestFile.java:160)
	at de.uka.ilkd.key.proof.runallproofs.proofcollection.ForkedTestFileRunner.main(ForkedTestFileRunner.java:171)
Caused by: de.uka.ilkd.key.proof.init.ProofInputException: Could not find rule file rules/intRulesCheckedSemantics.key
	at de.uka.ilkd.key.proof.io.KeYFile.readIncludes(KeYFile.java:210)
	at de.uka.ilkd.key.proof.init.ProblemInitializer.readIncludes(ProblemInitializer.java:177)
	at de.uka.ilkd.key.proof.init.ProblemInitializer.readEnvInput(ProblemInitializer.java:325)
	at de.uka.ilkd.key.proof.init.ProblemInitializer.prepare(ProblemInitializer.java:449)
	at de.uka.ilkd.key.proof.io.AbstractProblemLoader.createInitConfig(AbstractProblemLoader.java:518)
	at de.uka.ilkd.key.proof.io.AbstractProblemLoader.loadEnvironment(AbstractProblemLoader.java:288)
	at de.uka.ilkd.key.proof.io.AbstractProblemLoader.load(AbstractProblemLoader.java:252)
	at de.uka.ilkd.key.control.AbstractUserInterfaceControl.load(AbstractUserInterfaceControl.java:209)
	... 7 more
Caused by: java.lang.RuntimeException: Could not find rule file rules/intRulesCheckedSemantics.key
	at de.uka.ilkd.key.proof.io.RuleSourceFactory.fromBuiltInRule(RuleSourceFactory.java:32)
	at de.uka.ilkd.key.proof.io.RuleSourceFactory.fromDefaultLocation(RuleSourceFactory.java:21)
	at de.uka.ilkd.key.nparser.builder.IncludeFinder.addInclude(IncludeFinder.java:63)
	at de.uka.ilkd.key.nparser.builder.IncludeFinder.visitOne_include(IncludeFinder.java:43)
	at de.uka.ilkd.key.nparser.builder.IncludeFinder.visitOne_include(IncludeFinder.java:20)
	at de.uka.ilkd.key.nparser.KeYParser$One_includeContext.accept(KeYParser.java:878)
	at de.uka.ilkd.key.nparser.builder.AbstractBuilder.lambda$mapOf$0(AbstractBuilder.java:112)
	at java.base/java.util.stream.ReferencePipeline$3$1.accept(ReferencePipeline.java:195)
	at java.base/java.util.ArrayList$ArrayListSpliterator.forEachRemaining(ArrayList.java:1655)
	at java.base/java.util.stream.AbstractPipeline.copyInto(AbstractPipeline.java:484)
	at java.base/java.util.stream.AbstractPipeline.wrapAndCopyInto(AbstractPipeline.java:474)
	at java.base/java.util.stream.ReduceOps$ReduceOp.evaluateSequential(ReduceOps.java:913)
	at java.base/java.util.stream.AbstractPipeline.evaluate(AbstractPipeline.java:234)
	at java.base/java.util.stream.ReferencePipeline.collect(ReferencePipeline.java:578)
	at de.uka.ilkd.key.nparser.builder.AbstractBuilder.mapOf(AbstractBuilder.java:112)
	at de.uka.ilkd.key.nparser.builder.IncludeFinder.visitOne_include_statement(IncludeFinder.java:35)
	at de.uka.ilkd.key.nparser.builder.IncludeFinder.visitOne_include_statement(IncludeFinder.java:20)
	at de.uka.ilkd.key.nparser.KeYParser$One_include_statementContext.accept(KeYParser.java:802)
	at org.antlr.v4.runtime.tree.AbstractParseTreeVisitor.visitChildren(AbstractParseTreeVisitor.java:46)
	at de.uka.ilkd.key.nparser.KeYParserBaseVisitor.visitDecls(KeYParserBaseVisitor.java:30)
	at de.uka.ilkd.key.nparser.KeYParser$DeclsContext.accept(KeYParser.java:500)
	at org.antlr.v4.runtime.tree.AbstractParseTreeVisitor.visitChildren(AbstractParseTreeVisitor.java:46)
	at de.uka.ilkd.key.nparser.KeYParserBaseVisitor.visitFile(KeYParserBaseVisitor.java:23)
	at de.uka.ilkd.key.nparser.KeYParser$FileContext.accept(KeYParser.java:306)
	at de.uka.ilkd.key.nparser.KeyAst.accept(KeyAst.java:41)
	at de.uka.ilkd.key.nparser.KeyAst$File.getIncludes(KeyAst.java:76)
	at de.uka.ilkd.key.proof.io.KeYFile.readIncludes(KeYFile.java:208)
	... 14 more
Could not find rule file rules/intRulesCheckedSemantics.key (file: /home/runner/work/key/key/key.core/../key.ui/examples/index/.././standard_key/arith/mod2.key; caused by: de.uka.ilkd.key.proof.init.ProofInputException: Could not find rule file rules/intRulesCheckedSemantics.key)
	at de.uka.ilkd.key.control.AbstractUserInterfaceControl.load(AbstractUserInterfaceControl.java:221)
	at de.uka.ilkd.key.control.KeYEnvironment.load(KeYEnvironment.java:251)
	at de.uka.ilkd.key.control.KeYEnvironment.load(KeYEnvironment.java:224)
	at de.uka.ilkd.key.control.KeYEnvironment.load(KeYEnvironment.java:184)
	at de.uka.ilkd.key.control.KeYEnvironment.load(KeYEnvironment.java:261)
	at de.uka.ilkd.key.proof.runallproofs.proofcollection.TestFile.load(TestFile.java:270)
	at de.uka.ilkd.key.proof.runallproofs.proofcollection.TestFile.runKey(TestFile.java:160)
	at de.uka.ilkd.key.proof.runallproofs.proofcollection.ForkedTestFileRunner.main(ForkedTestFileRunner.java:171)
Caused by: de.uka.ilkd.key.proof.init.ProofInputException: Could not find rule file rules/intRulesCheckedSemantics.key
	at de.uka.ilkd.key.proof.io.KeYFile.readIncludes(KeYFile.java:210)
	at de.uka.ilkd.key.proof.init.ProblemInitializer.readIncludes(ProblemInitializer.java:177)
	at de.uka.ilkd.key.proof.init.ProblemInitializer.readEnvInput(ProblemInitializer.java:325)
	at de.uka.ilkd.key.proof.init.ProblemInitializer.prepare(ProblemInitializer.java:449)
	at de.uka.ilkd.key.proof.io.AbstractProblemLoader.createInitConfig(AbstractProblemLoader.java:518)
	at de.uka.ilkd.key.proof.io.AbstractProblemLoader.loadEnvironment(AbstractProblemLoader.java:288)
	at de.uka.ilkd.key.proof.io.AbstractProblemLoader.load(AbstractProblemLoader.java:252)
	at de.uka.ilkd.key.control.AbstractUserInterfaceControl.load(AbstractUserInterfaceControl.java:209)
	... 7 more
Caused by: java.lang.RuntimeException: Could not find rule file rules/intRulesCheckedSemantics.key
	at de.uka.ilkd.key.proof.io.RuleSourceFactory.fromBuiltInRule(RuleSourceFactory.java:32)
	at de.uka.ilkd.key.proof.io.RuleSourceFactory.fromDefaultLocation(RuleSourceFactory.java:21)
	at de.uka.ilkd.key.nparser.builder.IncludeFinder.addInclude(IncludeFinder.java:63)
	at de.uka.ilkd.key.nparser.builder.IncludeFinder.visitOne_include(IncludeFinder.java:43)
	at de.uka.ilkd.key.nparser.builder.IncludeFinder.visitOne_include(IncludeFinder.java:20)
	at de.uka.ilkd.key.nparser.KeYParser$One_includeContext.accept(KeYParser.java:878)
	at de.uka.ilkd.key.nparser.builder.AbstractBuilder.lambda$mapOf$0(AbstractBuilder.java:112)
	at java.base/java.util.stream.ReferencePipeline$3$1.accept(ReferencePipeline.java:195)
	at java.base/java.util.ArrayList$ArrayListSpliterator.forEachRemaining(ArrayList.java:1655)
	at java.base/java.util.stream.AbstractPipeline.copyInto(AbstractPipeline.java:484)
	at java.base/java.util.stream.AbstractPipeline.wrapAndCopyInto(AbstractPipeline.java:474)
	at java.base/java.util.stream.ReduceOps$ReduceOp.evaluateSequential(ReduceOps.java:913)
	at java.base/java.util.stream.AbstractPipeline.evaluate(AbstractPipeline.java:234)
	at java.base/java.util.stream.ReferencePipeline.collect(ReferencePipeline.java:578)
	at de.uka.ilkd.key.nparser.builder.AbstractBuilder.mapOf(AbstractBuilder.java:112)
	at de.uka.ilkd.key.nparser.builder.IncludeFinder.visitOne_include_statement(IncludeFinder.java:35)
	at de.uka.ilkd.key.nparser.builder.IncludeFinder.visitOne_include_statement(IncludeFinder.java:20)
	at de.uka.ilkd.key.nparser.KeYParser$One_include_statementContext.accept(KeYParser.java:802)
	at org.antlr.v4.runtime.tree.AbstractParseTreeVisitor.visitChildren(AbstractParseTreeVisitor.java:46)
	at de.uka.ilkd.key.nparser.KeYParserBaseVisitor.visitDecls(KeYParserBaseVisitor.java:30)
	at de.uka.ilkd.key.nparser.KeYParser$DeclsContext.accept(KeYParser.java:500)
	at org.antlr.v4.runtime.tree.AbstractParseTreeVisitor.visitChildren(AbstractParseTreeVisitor.java:46)
	at de.uka.ilkd.key.nparser.KeYParserBaseVisitor.visitFile(KeYParserBaseVisitor.java:23)
	at de.uka.ilkd.key.nparser.KeYParser$FileContext.accept(KeYParser.java:306)
	at de.uka.ilkd.key.nparser.KeyAst.accept(KeyAst.java:41)
	at de.uka.ilkd.key.nparser.KeyAst$File.getIncludes(KeyAst.java:76)
	at de.uka.ilkd.key.proof.io.KeYFile.readIncludes(KeYFile.java:208)
	... 14 more
Could not find rule file rules/intRulesCheckedSemantics.key (file: /home/runner/work/key/key/key.core/../key.ui/examples/index/.././standard_key/arith/mod7.key; caused by: de.uka.ilkd.key.proof.init.ProofInputException: Could not find rule file rules/intRulesCheckedSemantics.key)
	at de.uka.ilkd.key.control.AbstractUserInterfaceControl.load(AbstractUserInterfaceControl.java:221)
	at de.uka.ilkd.key.control.KeYEnvironment.load(KeYEnvironment.java:251)
	at de.uka.ilkd.key.control.KeYEnvironment.load(KeYEnvironment.java:224)
	at de.uka.ilkd.key.control.KeYEnvironment.load(KeYEnvironment.java:184)
	at de.uka.ilkd.key.control.KeYEnvironment.load(KeYEnvironment.java:261)
	at de.uka.ilkd.key.proof.runallproofs.proofcollection.TestFile.load(TestFile.java:270)
	at de.uka.ilkd.key.proof.runallproofs.proofcollection.TestFile.runKey(TestFile.java:160)
	at de.uka.ilkd.key.proof.runallproofs.proofcollection.ForkedTestFileRunner.main(ForkedTestFileRunner.java:171)
Caused by: de.uka.ilkd.key.proof.init.ProofInputException: Could not find rule file rules/intRulesCheckedSemantics.key
	at de.uka.ilkd.key.proof.io.KeYFile.readIncludes(KeYFile.java:210)
	at de.uka.ilkd.key.proof.init.ProblemInitializer.readIncludes(ProblemInitializer.java:177)
	at de.uka.ilkd.key.proof.init.ProblemInitializer.readEnvInput(ProblemInitializer.java:325)
	at de.uka.ilkd.key.proof.init.ProblemInitializer.prepare(ProblemInitializer.java:449)
	at de.uka.ilkd.key.proof.io.AbstractProblemLoader.createInitConfig(AbstractProblemLoader.java:518)
	at de.uka.ilkd.key.proof.io.AbstractProblemLoader.loadEnvironment(AbstractProblemLoader.java:288)
	at de.uka.ilkd.key.proof.io.AbstractProblemLoader.load(AbstractProblemLoader.java:252)
	at de.uka.ilkd.key.control.AbstractUserInterfaceControl.load(AbstractUserInterfaceControl.java:209)
	... 7 more
Caused by: java.lang.RuntimeException: Could not find rule file rules/intRulesCheckedSemantics.key
	at de.uka.ilkd.key.proof.io.RuleSourceFactory.fromBuiltInRule(RuleSourceFactory.java:32)
	at de.uka.ilkd.key.proof.io.RuleSourceFactory.fromDefaultLocation(RuleSourceFactory.java:21)
	at de.uka.ilkd.key.nparser.builder.IncludeFinder.addInclude(IncludeFinder.java:63)
	at de.uka.ilkd.key.nparser.builder.IncludeFinder.visitOne_include(IncludeFinder.java:43)
	at de.uka.ilkd.key.nparser.builder.IncludeFinder.visitOne_include(IncludeFinder.java:20)
	at de.uka.ilkd.key.nparser.KeYParser$One_includeContext.accept(KeYParser.java:878)
	at de.uka.ilkd.key.nparser.builder.AbstractBuilder.lambda$mapOf$0(AbstractBuilder.java:112)
	at java.base/java.util.stream.ReferencePipeline$3$1.accept(ReferencePipeline.java:195)
	at java.base/java.util.ArrayList$ArrayListSpliterator.forEachRemaining(ArrayList.java:1655)
	at java.base/java.util.stream.AbstractPipeline.copyInto(AbstractPipeline.java:484)
	at java.base/java.util.stream.AbstractPipeline.wrapAndCopyInto(AbstractPipeline.java:474)
	at java.base/java.util.stream.ReduceOps$ReduceOp.evaluateSequential(ReduceOps.java:913)
	at java.base/java.util.stream.AbstractPipeline.evaluate(AbstractPipeline.java:234)
	at java.base/java.util.stream.ReferencePipeline.collect(ReferencePipeline.java:578)
	at de.uka.ilkd.key.nparser.builder.AbstractBuilder.mapOf(AbstractBuilder.java:112)
	at de.uka.ilkd.key.nparser.builder.IncludeFinder.visitOne_include_statement(IncludeFinder.java:35)
	at de.uka.ilkd.key.nparser.builder.IncludeFinder.visitOne_include_statement(IncludeFinder.java:20)
	at de.uka.ilkd.key.nparser.KeYParser$One_include_statementContext.accept(KeYParser.java:802)
	at org.antlr.v4.runtime.tree.AbstractParseTreeVisitor.visitChildren(AbstractParseTreeVisitor.java:46)
	at de.uka.ilkd.key.nparser.KeYParserBaseVisitor.visitDecls(KeYParserBaseVisitor.java:30)
	at de.uka.ilkd.key.nparser.KeYParser$DeclsContext.accept(KeYParser.java:500)
	at org.antlr.v4.runtime.tree.AbstractParseTreeVisitor.visitChildren(AbstractParseTreeVisitor.java:46)
	at de.uka.ilkd.key.nparser.KeYParserBaseVisitor.visitFile(KeYParserBaseVisitor.java:23)
	at de.uka.ilkd.key.nparser.KeYParser$FileContext.accept(KeYParser.java:306)
	at de.uka.ilkd.key.nparser.KeyAst.accept(KeyAst.java:41)
	at de.uka.ilkd.key.nparser.KeyAst$File.getIncludes(KeyAst.java:76)
	at de.uka.ilkd.key.proof.io.KeYFile.readIncludes(KeYFile.java:208)
	... 14 more
Could not find rule file rules/intRulesCheckedSemantics.key (file: /home/runner/work/key/key/key.core/../key.ui/examples/index/.././standard_key/arith/overflow_hija.key; caused by: de.uka.ilkd.key.proof.init.ProofInputException: Could not find rule file rules/intRulesCheckedSemantics.key)
	at de.uka.ilkd.key.control.AbstractUserInterfaceControl.load(AbstractUserInterfaceControl.java:221)
	at de.uka.ilkd.key.control.KeYEnvironment.load(KeYEnvironment.java:251)
	at de.uka.ilkd.key.control.KeYEnvironment.load(KeYEnvironment.java:224)
	at de.uka.ilkd.key.control.KeYEnvironment.load(KeYEnvironment.java:184)
	at de.uka.ilkd.key.control.KeYEnvironment.load(KeYEnvironment.java:261)
	at de.uka.ilkd.key.proof.runallproofs.proofcollection.TestFile.load(TestFile.java:270)
	at de.uka.ilkd.key.proof.runallproofs.proofcollection.TestFile.runKey(TestFile.java:160)
	at de.uka.ilkd.key.proof.runallproofs.proofcollection.ForkedTestFileRunner.main(ForkedTestFileRunner.java:171)
Caused by: de.uka.ilkd.key.proof.init.ProofInputException: Could not find rule file rules/intRulesCheckedSemantics.key
	at de.uka.ilkd.key.proof.io.KeYFile.readIncludes(KeYFile.java:210)
	at de.uka.ilkd.key.proof.init.ProblemInitializer.readIncludes(ProblemInitializer.java:177)
	at de.uka.ilkd.key.proof.init.ProblemInitializer.readEnvInput(ProblemInitializer.java:325)
	at de.uka.ilkd.key.proof.init.ProblemInitializer.prepare(ProblemInitializer.java:449)
	at de.uka.ilkd.key.proof.io.AbstractProblemLoader.createInitConfig(AbstractProblemLoader.java:518)
	at de.uka.ilkd.key.proof.io.AbstractProblemLoader.loadEnvironment(AbstractProblemLoader.java:288)
	at de.uka.ilkd.key.proof.io.AbstractProblemLoader.load(AbstractProblemLoader.java:252)
	at de.uka.ilkd.key.control.AbstractUserInterfaceControl.load(AbstractUserInterfaceControl.java:209)
	... 7 more
Caused by: java.lang.RuntimeException: Could not find rule file rules/intRulesCheckedSemantics.key
	at de.uka.ilkd.key.proof.io.RuleSourceFactory.fromBuiltInRule(RuleSourceFactory.java:32)
	at de.uka.ilkd.key.proof.io.RuleSourceFactory.fromDefaultLocation(RuleSourceFactory.java:21)
	at de.uka.ilkd.key.nparser.builder.IncludeFinder.addInclude(IncludeFinder.java:63)
	at de.uka.ilkd.key.nparser.builder.IncludeFinder.visitOne_include(IncludeFinder.java:43)
	at de.uka.ilkd.key.nparser.builder.IncludeFinder.visitOne_include(IncludeFinder.java:20)
	at de.uka.ilkd.key.nparser.KeYParser$One_includeContext.accept(KeYParser.java:878)
	at de.uka.ilkd.key.nparser.builder.AbstractBuilder.lambda$mapOf$0(AbstractBuilder.java:112)
	at java.base/java.util.stream.ReferencePipeline$3$1.accept(ReferencePipeline.java:195)
	at java.base/java.util.ArrayList$ArrayListSpliterator.forEachRemaining(ArrayList.java:1655)
	at java.base/java.util.stream.AbstractPipeline.copyInto(AbstractPipeline.java:484)
	at java.base/java.util.stream.AbstractPipeline.wrapAndCopyInto(AbstractPipeline.java:474)
	at java.base/java.util.stream.ReduceOps$ReduceOp.evaluateSequential(ReduceOps.java:913)
	at java.base/java.util.stream.AbstractPipeline.evaluate(AbstractPipeline.java:234)
	at java.base/java.util.stream.ReferencePipeline.collect(ReferencePipeline.java:578)
	at de.uka.ilkd.key.nparser.builder.AbstractBuilder.mapOf(AbstractBuilder.java:112)
	at de.uka.ilkd.key.nparser.builder.IncludeFinder.visitOne_include_statement(IncludeFinder.java:35)
	at de.uka.ilkd.key.nparser.builder.IncludeFinder.visitOne_include_statement(IncludeFinder.java:20)
	at de.uka.ilkd.key.nparser.KeYParser$One_include_statementContext.accept(KeYParser.java:802)
	at org.antlr.v4.runtime.tree.AbstractParseTreeVisitor.visitChildren(AbstractParseTreeVisitor.java:46)
	at de.uka.ilkd.key.nparser.KeYParserBaseVisitor.visitDecls(KeYParserBaseVisitor.java:30)
	at de.uka.ilkd.key.nparser.KeYParser$DeclsContext.accept(KeYParser.java:500)
	at org.antlr.v4.runtime.tree.AbstractParseTreeVisitor.visitChildren(AbstractParseTreeVisitor.java:46)
	at de.uka.ilkd.key.nparser.KeYParserBaseVisitor.visitFile(KeYParserBaseVisitor.java:23)
	at de.uka.ilkd.key.nparser.KeYParser$FileContext.accept(KeYParser.java:306)
	at de.uka.ilkd.key.nparser.KeyAst.accept(KeyAst.java:41)
	at de.uka.ilkd.key.nparser.KeyAst$File.getIncludes(KeyAst.java:76)
	at de.uka.ilkd.key.proof.io.KeYFile.readIncludes(KeYFile.java:208)
	... 14 more
Could not find rule file rules/intRulesCheckedSemantics.key (file: /home/runner/work/key/key/key.core/../key.ui/examples/index/.././standard_key/arith/poly_division0.key; caused by: de.uka.ilkd.key.proof.init.ProofInputException: Could not find rule file rules/intRulesCheckedSemantics.key)
	at de.uka.ilkd.key.control.AbstractUserInterfaceControl.load(AbstractUserInterfaceControl.java:221)
	at de.uka.ilkd.key.control.KeYEnvironment.load(KeYEnvironment.java:251)
	at de.uka.ilkd.key.control.KeYEnvironment.load(KeYEnvironment.java:224)
	at de.uka.ilkd.key.control.KeYEnvironment.load(KeYEnvironment.java:184)
	at de.uka.ilkd.key.control.KeYEnvironment.load(KeYEnvironment.java:261)
	at de.uka.ilkd.key.proof.runallproofs.proofcollection.TestFile.load(TestFile.java:270)
	at de.uka.ilkd.key.proof.runallproofs.proofcollection.TestFile.runKey(TestFile.java:160)
	at de.uka.ilkd.key.proof.runallproofs.proofcollection.ForkedTestFileRunner.main(ForkedTestFileRunner.java:171)
Caused by: de.uka.ilkd.key.proof.init.ProofInputException: Could not find rule file rules/intRulesCheckedSemantics.key
	at de.uka.ilkd.key.proof.io.KeYFile.readIncludes(KeYFile.java:210)
	at de.uka.ilkd.key.proof.init.ProblemInitializer.readIncludes(ProblemInitializer.java:177)
	at de.uka.ilkd.key.proof.init.ProblemInitializer.readEnvInput(ProblemInitializer.java:325)
	at de.uka.ilkd.key.proof.init.ProblemInitializer.prepare(ProblemInitializer.java:449)
	at de.uka.ilkd.key.proof.io.AbstractProblemLoader.createInitConfig(AbstractProblemLoader.java:518)
	at de.uka.ilkd.key.proof.io.AbstractProblemLoader.loadEnvironment(AbstractProblemLoader.java:288)
	at de.uka.ilkd.key.proof.io.AbstractProblemLoader.load(AbstractProblemLoader.java:252)
	at de.uka.ilkd.key.control.AbstractUserInterfaceControl.load(AbstractUserInterfaceControl.java:209)
	... 7 more
Caused by: java.lang.RuntimeException: Could not find rule file rules/intRulesCheckedSemantics.key
	at de.uka.ilkd.key.proof.io.RuleSourceFactory.fromBuiltInRule(RuleSourceFactory.java:32)
	at de.uka.ilkd.key.proof.io.RuleSourceFactory.fromDefaultLocation(RuleSourceFactory.java:21)
	at de.uka.ilkd.key.nparser.builder.IncludeFinder.addInclude(IncludeFinder.java:63)
	at de.uka.ilkd.key.nparser.builder.IncludeFinder.visitOne_include(IncludeFinder.java:43)
	at de.uka.ilkd.key.nparser.builder.IncludeFinder.visitOne_include(IncludeFinder.java:20)
	at de.uka.ilkd.key.nparser.KeYParser$One_includeContext.accept(KeYParser.java:878)
	at de.uka.ilkd.key.nparser.builder.AbstractBuilder.lambda$mapOf$0(AbstractBuilder.java:112)
	at java.base/java.util.stream.ReferencePipeline$3$1.accept(ReferencePipeline.java:195)
	at java.base/java.util.ArrayList$ArrayListSpliterator.forEachRemaining(ArrayList.java:1655)
	at java.base/java.util.stream.AbstractPipeline.copyInto(AbstractPipeline.java:484)
	at java.base/java.util.stream.AbstractPipeline.wrapAndCopyInto(AbstractPipeline.java:474)
	at java.base/java.util.stream.ReduceOps$ReduceOp.evaluateSequential(ReduceOps.java:913)
	at java.base/java.util.stream.AbstractPipeline.evaluate(AbstractPipeline.java:234)
	at java.base/java.util.stream.ReferencePipeline.collect(ReferencePipeline.java:578)
	at de.uka.ilkd.key.nparser.builder.AbstractBuilder.mapOf(AbstractBuilder.java:112)
	at de.uka.ilkd.key.nparser.builder.IncludeFinder.visitOne_include_statement(IncludeFinder.java:35)
	at de.uka.ilkd.key.nparser.builder.IncludeFinder.visitOne_include_statement(IncludeFinder.java:20)
	at de.uka.ilkd.key.nparser.KeYParser$One_include_statementContext.accept(KeYParser.java:802)
	at org.antlr.v4.runtime.tree.AbstractParseTreeVisitor.visitChildren(AbstractParseTreeVisitor.java:46)
	at de.uka.ilkd.key.nparser.KeYParserBaseVisitor.visitDecls(KeYParserBaseVisitor.java:30)
	at de.uka.ilkd.key.nparser.KeYParser$DeclsContext.accept(KeYParser.java:500)
	at org.antlr.v4.runtime.tree.AbstractParseTreeVisitor.visitChildren(AbstractParseTreeVisitor.java:46)
	at de.uka.ilkd.key.nparser.KeYParserBaseVisitor.visitFile(KeYParserBaseVisitor.java:23)
	at de.uka.ilkd.key.nparser.KeYParser$FileContext.accept(KeYParser.java:306)
	at de.uka.ilkd.key.nparser.KeyAst.accept(KeyAst.java:41)
	at de.uka.ilkd.key.nparser.KeyAst$File.getIncludes(KeyAst.java:76)
	at de.uka.ilkd.key.proof.io.KeYFile.readIncludes(KeYFile.java:208)
	... 14 more
Could not find rule file rules/intRulesCheckedSemantics.key (file: /home/runner/work/key/key/key.core/../key.ui/examples/index/.././standard_key/arith/poly_division1.key; caused by: de.uka.ilkd.key.proof.init.ProofInputException: Could not find rule file rules/intRulesCheckedSemantics.key)
	at de.uka.ilkd.key.control.AbstractUserInterfaceControl.load(AbstractUserInterfaceControl.java:221)
	at de.uka.ilkd.key.control.KeYEnvironment.load(KeYEnvironment.java:251)
	at de.uka.ilkd.key.control.KeYEnvironment.load(KeYEnvironment.java:224)
	at de.uka.ilkd.key.control.KeYEnvironment.load(KeYEnvironment.java:184)
	at de.uka.ilkd.key.control.KeYEnvironment.load(KeYEnvironment.java:261)
	at de.uka.ilkd.key.proof.runallproofs.proofcollection.TestFile.load(TestFile.java:270)
	at de.uka.ilkd.key.proof.runallproofs.proofcollection.TestFile.runKey(TestFile.java:160)
	at de.uka.ilkd.key.proof.runallproofs.proofcollection.ForkedTestFileRunner.main(ForkedTestFileRunner.java:171)
Caused by: de.uka.ilkd.key.proof.init.ProofInputException: Could not find rule file rules/intRulesCheckedSemantics.key
	at de.uka.ilkd.key.proof.io.KeYFile.readIncludes(KeYFile.java:210)
	at de.uka.ilkd.key.proof.init.ProblemInitializer.readIncludes(ProblemInitializer.java:177)
	at de.uka.ilkd.key.proof.init.ProblemInitializer.readEnvInput(ProblemInitializer.java:325)
	at de.uka.ilkd.key.proof.init.ProblemInitializer.prepare(ProblemInitializer.java:449)
	at de.uka.ilkd.key.proof.io.AbstractProblemLoader.createInitConfig(AbstractProblemLoader.java:518)
	at de.uka.ilkd.key.proof.io.AbstractProblemLoader.loadEnvironment(AbstractProblemLoader.java:288)
	at de.uka.ilkd.key.proof.io.AbstractProblemLoader.load(AbstractProblemLoader.java:252)
	at de.uka.ilkd.key.control.AbstractUserInterfaceControl.load(AbstractUserInterfaceControl.java:209)
	... 7 more
Caused by: java.lang.RuntimeException: Could not find rule file rules/intRulesCheckedSemantics.key
	at de.uka.ilkd.key.proof.io.RuleSourceFactory.fromBuiltInRule(RuleSourceFactory.java:32)
	at de.uka.ilkd.key.proof.io.RuleSourceFactory.fromDefaultLocation(RuleSourceFactory.java:21)
	at de.uka.ilkd.key.nparser.builder.IncludeFinder.addInclude(IncludeFinder.java:63)
	at de.uka.ilkd.key.nparser.builder.IncludeFinder.visitOne_include(IncludeFinder.java:43)
	at de.uka.ilkd.key.nparser.builder.IncludeFinder.visitOne_include(IncludeFinder.java:20)
	at de.uka.ilkd.key.nparser.KeYParser$One_includeContext.accept(KeYParser.java:878)
	at de.uka.ilkd.key.nparser.builder.AbstractBuilder.lambda$mapOf$0(AbstractBuilder.java:112)
	at java.base/java.util.stream.ReferencePipeline$3$1.accept(ReferencePipeline.java:195)
	at java.base/java.util.ArrayList$ArrayListSpliterator.forEachRemaining(ArrayList.java:1655)
	at java.base/java.util.stream.AbstractPipeline.copyInto(AbstractPipeline.java:484)
	at java.base/java.util.stream.AbstractPipeline.wrapAndCopyInto(AbstractPipeline.java:474)
	at java.base/java.util.stream.ReduceOps$ReduceOp.evaluateSequential(ReduceOps.java:913)
	at java.base/java.util.stream.AbstractPipeline.evaluate(AbstractPipeline.java:234)
	at java.base/java.util.stream.ReferencePipeline.collect(ReferencePipeline.java:578)
	at de.uka.ilkd.key.nparser.builder.AbstractBuilder.mapOf(AbstractBuilder.java:112)
	at de.uka.ilkd.key.nparser.builder.IncludeFinder.visitOne_include_statement(IncludeFinder.java:35)
	at de.uka.ilkd.key.nparser.builder.IncludeFinder.visitOne_include_statement(IncludeFinder.java:20)
	at de.uka.ilkd.key.nparser.KeYParser$One_include_statementContext.accept(KeYParser.java:802)
	at org.antlr.v4.runtime.tree.AbstractParseTreeVisitor.visitChildren(AbstractParseTreeVisitor.java:46)
	at de.uka.ilkd.key.nparser.KeYParserBaseVisitor.visitDecls(KeYParserBaseVisitor.java:30)
	at de.uka.ilkd.key.nparser.KeYParser$DeclsContext.accept(KeYParser.java:500)
	at org.antlr.v4.runtime.tree.AbstractParseTreeVisitor.visitChildren(AbstractParseTreeVisitor.java:46)
	at de.uka.ilkd.key.nparser.KeYParserBaseVisitor.visitFile(KeYParserBaseVisitor.java:23)
	at de.uka.ilkd.key.nparser.KeYParser$FileContext.accept(KeYParser.java:306)
	at de.uka.ilkd.key.nparser.KeyAst.accept(KeyAst.java:41)
	at de.uka.ilkd.key.nparser.KeyAst$File.getIncludes(KeyAst.java:76)
	at de.uka.ilkd.key.proof.io.KeYFile.readIncludes(KeYFile.java:208)
	... 14 more
Could not find rule file rules/intRulesCheckedSemantics.key (file: /home/runner/work/key/key/key.core/../key.ui/examples/index/.././standard_key/inEqSimp/division.key; caused by: de.uka.ilkd.key.proof.init.ProofInputException: Could not find rule file rules/intRulesCheckedSemantics.key)
	at de.uka.ilkd.key.control.AbstractUserInterfaceControl.load(AbstractUserInterfaceControl.java:221)
	at de.uka.ilkd.key.control.KeYEnvironment.load(KeYEnvironment.java:251)
	at de.uka.ilkd.key.control.KeYEnvironment.load(KeYEnvironment.java:224)
	at de.uka.ilkd.key.control.KeYEnvironment.load(KeYEnvironment.java:184)
	at de.uka.ilkd.key.control.KeYEnvironment.load(KeYEnvironment.java:261)
	at de.uka.ilkd.key.proof.runallproofs.proofcollection.TestFile.load(TestFile.java:270)
	at de.uka.ilkd.key.proof.runallproofs.proofcollection.TestFile.runKey(TestFile.java:160)
	at de.uka.ilkd.key.proof.runallproofs.proofcollection.ForkedTestFileRunner.main(ForkedTestFileRunner.java:171)
Caused by: de.uka.ilkd.key.proof.init.ProofInputException: Could not find rule file rules/intRulesCheckedSemantics.key
	at de.uka.ilkd.key.proof.io.KeYFile.readIncludes(KeYFile.java:210)
	at de.uka.ilkd.key.proof.init.ProblemInitializer.readIncludes(ProblemInitializer.java:177)
	at de.uka.ilkd.key.proof.init.ProblemInitializer.readEnvInput(ProblemInitializer.java:325)
	at de.uka.ilkd.key.proof.init.ProblemInitializer.prepare(ProblemInitializer.java:449)
	at de.uka.ilkd.key.proof.io.AbstractProblemLoader.createInitConfig(AbstractProblemLoader.java:518)
	at de.uka.ilkd.key.proof.io.AbstractProblemLoader.loadEnvironment(AbstractProblemLoader.java:288)
	at de.uka.ilkd.key.proof.io.AbstractProblemLoader.load(AbstractProblemLoader.java:252)
	at de.uka.ilkd.key.control.AbstractUserInterfaceControl.load(AbstractUserInterfaceControl.java:209)
	... 7 more
Caused by: java.lang.RuntimeException: Could not find rule file rules/intRulesCheckedSemantics.key
	at de.uka.ilkd.key.proof.io.RuleSourceFactory.fromBuiltInRule(RuleSourceFactory.java:32)
	at de.uka.ilkd.key.proof.io.RuleSourceFactory.fromDefaultLocation(RuleSourceFactory.java:21)
	at de.uka.ilkd.key.nparser.builder.IncludeFinder.addInclude(IncludeFinder.java:63)
	at de.uka.ilkd.key.nparser.builder.IncludeFinder.visitOne_include(IncludeFinder.java:43)
	at de.uka.ilkd.key.nparser.builder.IncludeFinder.visitOne_include(IncludeFinder.java:20)
	at de.uka.ilkd.key.nparser.KeYParser$One_includeContext.accept(KeYParser.java:878)
	at de.uka.ilkd.key.nparser.builder.AbstractBuilder.lambda$mapOf$0(AbstractBuilder.java:112)
	at java.base/java.util.stream.ReferencePipeline$3$1.accept(ReferencePipeline.java:195)
	at java.base/java.util.ArrayList$ArrayListSpliterator.forEachRemaining(ArrayList.java:1655)
	at java.base/java.util.stream.AbstractPipeline.copyInto(AbstractPipeline.java:484)
	at java.base/java.util.stream.AbstractPipeline.wrapAndCopyInto(AbstractPipeline.java:474)
	at java.base/java.util.stream.ReduceOps$ReduceOp.evaluateSequential(ReduceOps.java:913)
	at java.base/java.util.stream.AbstractPipeline.evaluate(AbstractPipeline.java:234)
	at java.base/java.util.stream.ReferencePipeline.collect(ReferencePipeline.java:578)
	at de.uka.ilkd.key.nparser.builder.AbstractBuilder.mapOf(AbstractBuilder.java:112)
	at de.uka.ilkd.key.nparser.builder.IncludeFinder.visitOne_include_statement(IncludeFinder.java:35)
	at de.uka.ilkd.key.nparser.builder.IncludeFinder.visitOne_include_statement(IncludeFinder.java:20)
	at de.uka.ilkd.key.nparser.KeYParser$One_include_statementContext.accept(KeYParser.java:802)
	at org.antlr.v4.runtime.tree.AbstractParseTreeVisitor.visitChildren(AbstractParseTreeVisitor.java:46)
	at de.uka.ilkd.key.nparser.KeYParserBaseVisitor.visitDecls(KeYParserBaseVisitor.java:30)
	at de.uka.ilkd.key.nparser.KeYParser$DeclsContext.accept(KeYParser.java:500)
	at org.antlr.v4.runtime.tree.AbstractParseTreeVisitor.visitChildren(AbstractParseTreeVisitor.java:46)
	at de.uka.ilkd.key.nparser.KeYParserBaseVisitor.visitFile(KeYParserBaseVisitor.java:23)
	at de.uka.ilkd.key.nparser.KeYParser$FileContext.accept(KeYParser.java:306)
	at de.uka.ilkd.key.nparser.KeyAst.accept(KeyAst.java:41)
	at de.uka.ilkd.key.nparser.KeyAst$File.getIncludes(KeyAst.java:76)
	at de.uka.ilkd.key.proof.io.KeYFile.readIncludes(KeYFile.java:208)
	... 14 more
Could not find rule file rules/intRulesCheckedSemantics.key (file: /home/runner/work/key/key/key.core/../key.ui/examples/index/.././standard_key/inEqSimp/inequations0.key; caused by: de.uka.ilkd.key.proof.init.ProofInputException: Could not find rule file rules/intRulesCheckedSemantics.key)
	at de.uka.ilkd.key.control.AbstractUserInterfaceControl.load(AbstractUserInterfaceControl.java:221)
	at de.uka.ilkd.key.control.KeYEnvironment.load(KeYEnvironment.java:251)
	at de.uka.ilkd.key.control.KeYEnvironment.load(KeYEnvironment.java:224)
	at de.uka.ilkd.key.control.KeYEnvironment.load(KeYEnvironment.java:184)
	at de.uka.ilkd.key.control.KeYEnvironment.load(KeYEnvironment.java:261)
	at de.uka.ilkd.key.proof.runallproofs.proofcollection.TestFile.load(TestFile.java:270)
	at de.uka.ilkd.key.proof.runallproofs.proofcollection.TestFile.runKey(TestFile.java:160)
	at de.uka.ilkd.key.proof.runallproofs.proofcollection.ForkedTestFileRunner.main(ForkedTestFileRunner.java:171)
Caused by: de.uka.ilkd.key.proof.init.ProofInputException: Could not find rule file rules/intRulesCheckedSemantics.key
	at de.uka.ilkd.key.proof.io.KeYFile.readIncludes(KeYFile.java:210)
	at de.uka.ilkd.key.proof.init.ProblemInitializer.readIncludes(ProblemInitializer.java:177)
	at de.uka.ilkd.key.proof.init.ProblemInitializer.readEnvInput(ProblemInitializer.java:325)
	at de.uka.ilkd.key.proof.init.ProblemInitializer.prepare(ProblemInitializer.java:449)
	at de.uka.ilkd.key.proof.io.AbstractProblemLoader.createInitConfig(AbstractProblemLoader.java:518)
	at de.uka.ilkd.key.proof.io.AbstractProblemLoader.loadEnvironment(AbstractProblemLoader.java:288)
	at de.uka.ilkd.key.proof.io.AbstractProblemLoader.load(AbstractProblemLoader.java:252)
	at de.uka.ilkd.key.control.AbstractUserInterfaceControl.load(AbstractUserInterfaceControl.java:209)
	... 7 more
Caused by: java.lang.RuntimeException: Could not find rule file rules/intRulesCheckedSemantics.key
	at de.uka.ilkd.key.proof.io.RuleSourceFactory.fromBuiltInRule(RuleSourceFactory.java:32)
	at de.uka.ilkd.key.proof.io.RuleSourceFactory.fromDefaultLocation(RuleSourceFactory.java:21)
	at de.uka.ilkd.key.nparser.builder.IncludeFinder.addInclude(IncludeFinder.java:63)
	at de.uka.ilkd.key.nparser.builder.IncludeFinder.visitOne_include(IncludeFinder.java:43)
	at de.uka.ilkd.key.nparser.builder.IncludeFinder.visitOne_include(IncludeFinder.java:20)
	at de.uka.ilkd.key.nparser.KeYParser$One_includeContext.accept(KeYParser.java:878)
	at de.uka.ilkd.key.nparser.builder.AbstractBuilder.lambda$mapOf$0(AbstractBuilder.java:112)
	at java.base/java.util.stream.ReferencePipeline$3$1.accept(ReferencePipeline.java:195)
	at java.base/java.util.ArrayList$ArrayListSpliterator.forEachRemaining(ArrayList.java:1655)
	at java.base/java.util.stream.AbstractPipeline.copyInto(AbstractPipeline.java:484)
	at java.base/java.util.stream.AbstractPipeline.wrapAndCopyInto(AbstractPipeline.java:474)
	at java.base/java.util.stream.ReduceOps$ReduceOp.evaluateSequential(ReduceOps.java:913)
	at java.base/java.util.stream.AbstractPipeline.evaluate(AbstractPipeline.java:234)
	at java.base/java.util.stream.ReferencePipeline.collect(ReferencePipeline.java:578)
	at de.uka.ilkd.key.nparser.builder.AbstractBuilder.mapOf(AbstractBuilder.java:112)
	at de.uka.ilkd.key.nparser.builder.IncludeFinder.visitOne_include_statement(IncludeFinder.java:35)
	at de.uka.ilkd.key.nparser.builder.IncludeFinder.visitOne_include_statement(IncludeFinder.java:20)
	at de.uka.ilkd.key.nparser.KeYParser$One_include_statementContext.accept(KeYParser.java:802)
	at org.antlr.v4.runtime.tree.AbstractParseTreeVisitor.visitChildren(AbstractParseTreeVisitor.java:46)
	at de.uka.ilkd.key.nparser.KeYParserBaseVisitor.visitDecls(KeYParserBaseVisitor.java:30)
	at de.uka.ilkd.key.nparser.KeYParser$DeclsContext.accept(KeYParser.java:500)
	at org.antlr.v4.runtime.tree.AbstractParseTreeVisitor.visitChildren(AbstractParseTreeVisitor.java:46)
	at de.uka.ilkd.key.nparser.KeYParserBaseVisitor.visitFile(KeYParserBaseVisitor.java:23)
	at de.uka.ilkd.key.nparser.KeYParser$FileContext.accept(KeYParser.java:306)
	at de.uka.ilkd.key.nparser.KeyAst.accept(KeyAst.java:41)
	at de.uka.ilkd.key.nparser.KeyAst$File.getIncludes(KeyAst.java:76)
	at de.uka.ilkd.key.proof.io.KeYFile.readIncludes(KeYFile.java:208)
	... 14 more
Could not find rule file rules/intRulesCheckedSemantics.key (file: /home/runner/work/key/key/key.core/../key.ui/examples/index/.././standard_key/inEqSimp/inequations1.key; caused by: de.uka.ilkd.key.proof.init.ProofInputException: Could not find rule file rules/intRulesCheckedSemantics.key)
	at de.uka.ilkd.key.control.AbstractUserInterfaceControl.load(AbstractUserInterfaceControl.java:221)
	at de.uka.ilkd.key.control.KeYEnvironment.load(KeYEnvironment.java:251)
	at de.uka.ilkd.key.control.KeYEnvironment.load(KeYEnvironment.java:224)
	at de.uka.ilkd.key.control.KeYEnvironment.load(KeYEnvironment.java:184)
	at de.uka.ilkd.key.control.KeYEnvironment.load(KeYEnvironment.java:261)
	at de.uka.ilkd.key.proof.runallproofs.proofcollection.TestFile.load(TestFile.java:270)
	at de.uka.ilkd.key.proof.runallproofs.proofcollection.TestFile.runKey(TestFile.java:160)
	at de.uka.ilkd.key.proof.runallproofs.proofcollection.ForkedTestFileRunner.main(ForkedTestFileRunner.java:171)
Caused by: de.uka.ilkd.key.proof.init.ProofInputException: Could not find rule file rules/intRulesCheckedSemantics.key
	at de.uka.ilkd.key.proof.io.KeYFile.readIncludes(KeYFile.java:210)
	at de.uka.ilkd.key.proof.init.ProblemInitializer.readIncludes(ProblemInitializer.java:177)
	at de.uka.ilkd.key.proof.init.ProblemInitializer.readEnvInput(ProblemInitializer.java:325)
	at de.uka.ilkd.key.proof.init.ProblemInitializer.prepare(ProblemInitializer.java:449)
	at de.uka.ilkd.key.proof.io.AbstractProblemLoader.createInitConfig(AbstractProblemLoader.java:518)
	at de.uka.ilkd.key.proof.io.AbstractProblemLoader.loadEnvironment(AbstractProblemLoader.java:288)
	at de.uka.ilkd.key.proof.io.AbstractProblemLoader.load(AbstractProblemLoader.java:252)
	at de.uka.ilkd.key.control.AbstractUserInterfaceControl.load(AbstractUserInterfaceControl.java:209)
	... 7 more
Caused by: java.lang.RuntimeException: Could not find rule file rules/intRulesCheckedSemantics.key
	at de.uka.ilkd.key.proof.io.RuleSourceFactory.fromBuiltInRule(RuleSourceFactory.java:32)
	at de.uka.ilkd.key.proof.io.RuleSourceFactory.fromDefaultLocation(RuleSourceFactory.java:21)
	at de.uka.ilkd.key.nparser.builder.IncludeFinder.addInclude(IncludeFinder.java:63)
	at de.uka.ilkd.key.nparser.builder.IncludeFinder.visitOne_include(IncludeFinder.java:43)
	at de.uka.ilkd.key.nparser.builder.IncludeFinder.visitOne_include(IncludeFinder.java:20)
	at de.uka.ilkd.key.nparser.KeYParser$One_includeContext.accept(KeYParser.java:878)
	at de.uka.ilkd.key.nparser.builder.AbstractBuilder.lambda$mapOf$0(AbstractBuilder.java:112)
	at java.base/java.util.stream.ReferencePipeline$3$1.accept(ReferencePipeline.java:195)
	at java.base/java.util.ArrayList$ArrayListSpliterator.forEachRemaining(ArrayList.java:1655)
	at java.base/java.util.stream.AbstractPipeline.copyInto(AbstractPipeline.java:484)
	at java.base/java.util.stream.AbstractPipeline.wrapAndCopyInto(AbstractPipeline.java:474)
	at java.base/java.util.stream.ReduceOps$ReduceOp.evaluateSequential(ReduceOps.java:913)
	at java.base/java.util.stream.AbstractPipeline.evaluate(AbstractPipeline.java:234)
	at java.base/java.util.stream.ReferencePipeline.collect(ReferencePipeline.java:578)
	at de.uka.ilkd.key.nparser.builder.AbstractBuilder.mapOf(AbstractBuilder.java:112)
	at de.uka.ilkd.key.nparser.builder.IncludeFinder.visitOne_include_statement(IncludeFinder.java:35)
	at de.uka.ilkd.key.nparser.builder.IncludeFinder.visitOne_include_statement(IncludeFinder.java:20)
	at de.uka.ilkd.key.nparser.KeYParser$One_include_statementContext.accept(KeYParser.java:802)
	at org.antlr.v4.runtime.tree.AbstractParseTreeVisitor.visitChildren(AbstractParseTreeVisitor.java:46)
	at de.uka.ilkd.key.nparser.KeYParserBaseVisitor.visitDecls(KeYParserBaseVisitor.java:30)
	at de.uka.ilkd.key.nparser.KeYParser$DeclsContext.accept(KeYParser.java:500)
	at org.antlr.v4.runtime.tree.AbstractParseTreeVisitor.visitChildren(AbstractParseTreeVisitor.java:46)
	at de.uka.ilkd.key.nparser.KeYParserBaseVisitor.visitFile(KeYParserBaseVisitor.java:23)
	at de.uka.ilkd.key.nparser.KeYParser$FileContext.accept(KeYParser.java:306)
	at de.uka.ilkd.key.nparser.KeyAst.accept(KeyAst.java:41)
	at de.uka.ilkd.key.nparser.KeyAst$File.getIncludes(KeyAst.java:76)
	at de.uka.ilkd.key.proof.io.KeYFile.readIncludes(KeYFile.java:208)
	... 14 more
Could not find rule file rules/intRulesCheckedSemantics.key (file: /home/runner/work/key/key/key.core/../key.ui/examples/index/.././standard_key/inEqSimp/inequations2.key; caused by: de.uka.ilkd.key.proof.init.ProofInputException: Could not find rule file rules/intRulesCheckedSemantics.key)
	at de.uka.ilkd.key.control.AbstractUserInterfaceControl.load(AbstractUserInterfaceControl.java:221)
	at de.uka.ilkd.key.control.KeYEnvironment.load(KeYEnvironment.java:251)
	at de.uka.ilkd.key.control.KeYEnvironment.load(KeYEnvironment.java:224)
	at de.uka.ilkd.key.control.KeYEnvironment.load(KeYEnvironment.java:184)
	at de.uka.ilkd.key.control.KeYEnvironment.load(KeYEnvironment.java:261)
	at de.uka.ilkd.key.proof.runallproofs.proofcollection.TestFile.load(TestFile.java:270)
	at de.uka.ilkd.key.proof.runallproofs.proofcollection.TestFile.runKey(TestFile.java:160)
	at de.uka.ilkd.key.proof.runallproofs.proofcollection.ForkedTestFileRunner.main(ForkedTestFileRunner.java:171)
Caused by: de.uka.ilkd.key.proof.init.ProofInputException: Could not find rule file rules/intRulesCheckedSemantics.key
	at de.uka.ilkd.key.proof.io.KeYFile.readIncludes(KeYFile.java:210)
	at de.uka.ilkd.key.proof.init.ProblemInitializer.readIncludes(ProblemInitializer.java:177)
	at de.uka.ilkd.key.proof.init.ProblemInitializer.readEnvInput(ProblemInitializer.java:325)
	at de.uka.ilkd.key.proof.init.ProblemInitializer.prepare(ProblemInitializer.java:449)
	at de.uka.ilkd.key.proof.io.AbstractProblemLoader.createInitConfig(AbstractProblemLoader.java:518)
	at de.uka.ilkd.key.proof.io.AbstractProblemLoader.loadEnvironment(AbstractProblemLoader.java:288)
	at de.uka.ilkd.key.proof.io.AbstractProblemLoader.load(AbstractProblemLoader.java:252)
	at de.uka.ilkd.key.control.AbstractUserInterfaceControl.load(AbstractUserInterfaceControl.java:209)
	... 7 more
Caused by: java.lang.RuntimeException: Could not find rule file rules/intRulesCheckedSemantics.key
	at de.uka.ilkd.key.proof.io.RuleSourceFactory.fromBuiltInRule(RuleSourceFactory.java:32)
	at de.uka.ilkd.key.proof.io.RuleSourceFactory.fromDefaultLocation(RuleSourceFactory.java:21)
	at de.uka.ilkd.key.nparser.builder.IncludeFinder.addInclude(IncludeFinder.java:63)
	at de.uka.ilkd.key.nparser.builder.IncludeFinder.visitOne_include(IncludeFinder.java:43)
	at de.uka.ilkd.key.nparser.builder.IncludeFinder.visitOne_include(IncludeFinder.java:20)
	at de.uka.ilkd.key.nparser.KeYParser$One_includeContext.accept(KeYParser.java:878)
	at de.uka.ilkd.key.nparser.builder.AbstractBuilder.lambda$mapOf$0(AbstractBuilder.java:112)
	at java.base/java.util.stream.ReferencePipeline$3$1.accept(ReferencePipeline.java:195)
	at java.base/java.util.ArrayList$ArrayListSpliterator.forEachRemaining(ArrayList.java:1655)
	at java.base/java.util.stream.AbstractPipeline.copyInto(AbstractPipeline.java:484)
	at java.base/java.util.stream.AbstractPipeline.wrapAndCopyInto(AbstractPipeline.java:474)
	at java.base/java.util.stream.ReduceOps$ReduceOp.evaluateSequential(ReduceOps.java:913)
	at java.base/java.util.stream.AbstractPipeline.evaluate(AbstractPipeline.java:234)
	at java.base/java.util.stream.ReferencePipeline.collect(ReferencePipeline.java:578)
	at de.uka.ilkd.key.nparser.builder.AbstractBuilder.mapOf(AbstractBuilder.java:112)
	at de.uka.ilkd.key.nparser.builder.IncludeFinder.visitOne_include_statement(IncludeFinder.java:35)
	at de.uka.ilkd.key.nparser.builder.IncludeFinder.visitOne_include_statement(IncludeFinder.java:20)
	at de.uka.ilkd.key.nparser.KeYParser$One_include_statementContext.accept(KeYParser.java:802)
	at org.antlr.v4.runtime.tree.AbstractParseTreeVisitor.visitChildren(AbstractParseTreeVisitor.java:46)
	at de.uka.ilkd.key.nparser.KeYParserBaseVisitor.visitDecls(KeYParserBaseVisitor.java:30)
	at de.uka.ilkd.key.nparser.KeYParser$DeclsContext.accept(KeYParser.java:500)
	at org.antlr.v4.runtime.tree.AbstractParseTreeVisitor.visitChildren(AbstractParseTreeVisitor.java:46)
	at de.uka.ilkd.key.nparser.KeYParserBaseVisitor.visitFile(KeYParserBaseVisitor.java:23)
	at de.uka.ilkd.key.nparser.KeYParser$FileContext.accept(KeYParser.java:306)
	at de.uka.ilkd.key.nparser.KeyAst.accept(KeyAst.java:41)
	at de.uka.ilkd.key.nparser.KeyAst$File.getIncludes(KeyAst.java:76)
	at de.uka.ilkd.key.proof.io.KeYFile.readIncludes(KeYFile.java:208)
	... 14 more
Could not find rule file rules/intRulesCheckedSemantics.key (file: /home/runner/work/key/key/key.core/../key.ui/examples/index/.././standard_key/inEqSimp/linApprox.key; caused by: de.uka.ilkd.key.proof.init.ProofInputException: Could not find rule file rules/intRulesCheckedSemantics.key)
	at de.uka.ilkd.key.control.AbstractUserInterfaceControl.load(AbstractUserInterfaceControl.java:221)
	at de.uka.ilkd.key.control.KeYEnvironment.load(KeYEnvironment.java:251)
	at de.uka.ilkd.key.control.KeYEnvironment.load(KeYEnvironment.java:224)
	at de.uka.ilkd.key.control.KeYEnvironment.load(KeYEnvironment.java:184)
	at de.uka.ilkd.key.control.KeYEnvironment.load(KeYEnvironment.java:261)
	at de.uka.ilkd.key.proof.runallproofs.proofcollection.TestFile.load(TestFile.java:270)
	at de.uka.ilkd.key.proof.runallproofs.proofcollection.TestFile.runKey(TestFile.java:160)
	at de.uka.ilkd.key.proof.runallproofs.proofcollection.ForkedTestFileRunner.main(ForkedTestFileRunner.java:171)
Caused by: de.uka.ilkd.key.proof.init.ProofInputException: Could not find rule file rules/intRulesCheckedSemantics.key
	at de.uka.ilkd.key.proof.io.KeYFile.readIncludes(KeYFile.java:210)
	at de.uka.ilkd.key.proof.init.ProblemInitializer.readIncludes(ProblemInitializer.java:177)
	at de.uka.ilkd.key.proof.init.ProblemInitializer.readEnvInput(ProblemInitializer.java:325)
	at de.uka.ilkd.key.proof.init.ProblemInitializer.prepare(ProblemInitializer.java:449)
	at de.uka.ilkd.key.proof.io.AbstractProblemLoader.createInitConfig(AbstractProblemLoader.java:518)
	at de.uka.ilkd.key.proof.io.AbstractProblemLoader.loadEnvironment(AbstractProblemLoader.java:288)
	at de.uka.ilkd.key.proof.io.AbstractProblemLoader.load(AbstractProblemLoader.java:252)
	at de.uka.ilkd.key.control.AbstractUserInterfaceControl.load(AbstractUserInterfaceControl.java:209)
	... 7 more
Caused by: java.lang.RuntimeException: Could not find rule file rules/intRulesCheckedSemantics.key
	at de.uka.ilkd.key.proof.io.RuleSourceFactory.fromBuiltInRule(RuleSourceFactory.java:32)
	at de.uka.ilkd.key.proof.io.RuleSourceFactory.fromDefaultLocation(RuleSourceFactory.java:21)
	at de.uka.ilkd.key.nparser.builder.IncludeFinder.addInclude(IncludeFinder.java:63)
	at de.uka.ilkd.key.nparser.builder.IncludeFinder.visitOne_include(IncludeFinder.java:43)
	at de.uka.ilkd.key.nparser.builder.IncludeFinder.visitOne_include(IncludeFinder.java:20)
	at de.uka.ilkd.key.nparser.KeYParser$One_includeContext.accept(KeYParser.java:878)
	at de.uka.ilkd.key.nparser.builder.AbstractBuilder.lambda$mapOf$0(AbstractBuilder.java:112)
	at java.base/java.util.stream.ReferencePipeline$3$1.accept(ReferencePipeline.java:195)
	at java.base/java.util.ArrayList$ArrayListSpliterator.forEachRemaining(ArrayList.java:1655)
	at java.base/java.util.stream.AbstractPipeline.copyInto(AbstractPipeline.java:484)
	at java.base/java.util.stream.AbstractPipeline.wrapAndCopyInto(AbstractPipeline.java:474)
	at java.base/java.util.stream.ReduceOps$ReduceOp.evaluateSequential(ReduceOps.java:913)
	at java.base/java.util.stream.AbstractPipeline.evaluate(AbstractPipeline.java:234)
	at java.base/java.util.stream.ReferencePipeline.collect(ReferencePipeline.java:578)
	at de.uka.ilkd.key.nparser.builder.AbstractBuilder.mapOf(AbstractBuilder.java:112)
	at de.uka.ilkd.key.nparser.builder.IncludeFinder.visitOne_include_statement(IncludeFinder.java:35)
	at de.uka.ilkd.key.nparser.builder.IncludeFinder.visitOne_include_statement(IncludeFinder.java:20)
	at de.uka.ilkd.key.nparser.KeYParser$One_include_statementContext.accept(KeYParser.java:802)
	at org.antlr.v4.runtime.tree.AbstractParseTreeVisitor.visitChildren(AbstractParseTreeVisitor.java:46)
	at de.uka.ilkd.key.nparser.KeYParserBaseVisitor.visitDecls(KeYParserBaseVisitor.java:30)
	at de.uka.ilkd.key.nparser.KeYParser$DeclsContext.accept(KeYParser.java:500)
	at org.antlr.v4.runtime.tree.AbstractParseTreeVisitor.visitChildren(AbstractParseTreeVisitor.java:46)
	at de.uka.ilkd.key.nparser.KeYParserBaseVisitor.visitFile(KeYParserBaseVisitor.java:23)
	at de.uka.ilkd.key.nparser.KeYParser$FileContext.accept(KeYParser.java:306)
	at de.uka.ilkd.key.nparser.KeyAst.accept(KeyAst.java:41)
	at de.uka.ilkd.key.nparser.KeyAst$File.getIncludes(KeyAst.java:76)
	at de.uka.ilkd.key.proof.io.KeYFile.readIncludes(KeYFile.java:208)
	... 14 more
Could not find rule file rules/intRulesCheckedSemantics.key (file: /home/runner/work/key/key/key.core/../key.ui/examples/index/.././standard_key/inEqSimp/nonLinInEqExample0.key; caused by: de.uka.ilkd.key.proof.init.ProofInputException: Could not find rule file rules/intRulesCheckedSemantics.key)
	at de.uka.ilkd.key.control.AbstractUserInterfaceControl.load(AbstractUserInterfaceControl.java:221)
	at de.uka.ilkd.key.control.KeYEnvironment.load(KeYEnvironment.java:251)
	at de.uka.ilkd.key.control.KeYEnvironment.load(KeYEnvironment.java:224)
	at de.uka.ilkd.key.control.KeYEnvironment.load(KeYEnvironment.java:184)
	at de.uka.ilkd.key.control.KeYEnvironment.load(KeYEnvironment.java:261)
	at de.uka.ilkd.key.proof.runallproofs.proofcollection.TestFile.load(TestFile.java:270)
	at de.uka.ilkd.key.proof.runallproofs.proofcollection.TestFile.runKey(TestFile.java:160)
	at de.uka.ilkd.key.proof.runallproofs.proofcollection.ForkedTestFileRunner.main(ForkedTestFileRunner.java:171)
Caused by: de.uka.ilkd.key.proof.init.ProofInputException: Could not find rule file rules/intRulesCheckedSemantics.key
	at de.uka.ilkd.key.proof.io.KeYFile.readIncludes(KeYFile.java:210)
	at de.uka.ilkd.key.proof.init.ProblemInitializer.readIncludes(ProblemInitializer.java:177)
	at de.uka.ilkd.key.proof.init.ProblemInitializer.readEnvInput(ProblemInitializer.java:325)
	at de.uka.ilkd.key.proof.init.ProblemInitializer.prepare(ProblemInitializer.java:449)
	at de.uka.ilkd.key.proof.io.AbstractProblemLoader.createInitConfig(AbstractProblemLoader.java:518)
	at de.uka.ilkd.key.proof.io.AbstractProblemLoader.loadEnvironment(AbstractProblemLoader.java:288)
	at de.uka.ilkd.key.proof.io.AbstractProblemLoader.load(AbstractProblemLoader.java:252)
	at de.uka.ilkd.key.control.AbstractUserInterfaceControl.load(AbstractUserInterfaceControl.java:209)
	... 7 more
Caused by: java.lang.RuntimeException: Could not find rule file rules/intRulesCheckedSemantics.key
	at de.uka.ilkd.key.proof.io.RuleSourceFactory.fromBuiltInRule(RuleSourceFactory.java:32)
	at de.uka.ilkd.key.proof.io.RuleSourceFactory.fromDefaultLocation(RuleSourceFactory.java:21)
	at de.uka.ilkd.key.nparser.builder.IncludeFinder.addInclude(IncludeFinder.java:63)
	at de.uka.ilkd.key.nparser.builder.IncludeFinder.visitOne_include(IncludeFinder.java:43)
	at de.uka.ilkd.key.nparser.builder.IncludeFinder.visitOne_include(IncludeFinder.java:20)
	at de.uka.ilkd.key.nparser.KeYParser$One_includeContext.accept(KeYParser.java:878)
	at de.uka.ilkd.key.nparser.builder.AbstractBuilder.lambda$mapOf$0(AbstractBuilder.java:112)
	at java.base/java.util.stream.ReferencePipeline$3$1.accept(ReferencePipeline.java:195)
	at java.base/java.util.ArrayList$ArrayListSpliterator.forEachRemaining(ArrayList.java:1655)
	at java.base/java.util.stream.AbstractPipeline.copyInto(AbstractPipeline.java:484)
	at java.base/java.util.stream.AbstractPipeline.wrapAndCopyInto(AbstractPipeline.java:474)
	at java.base/java.util.stream.ReduceOps$ReduceOp.evaluateSequential(ReduceOps.java:913)
	at java.base/java.util.stream.AbstractPipeline.evaluate(AbstractPipeline.java:234)
	at java.base/java.util.stream.ReferencePipeline.collect(ReferencePipeline.java:578)
	at de.uka.ilkd.key.nparser.builder.AbstractBuilder.mapOf(AbstractBuilder.java:112)
	at de.uka.ilkd.key.nparser.builder.IncludeFinder.visitOne_include_statement(IncludeFinder.java:35)
	at de.uka.ilkd.key.nparser.builder.IncludeFinder.visitOne_include_statement(IncludeFinder.java:20)
	at de.uka.ilkd.key.nparser.KeYParser$One_include_statementContext.accept(KeYParser.java:802)
	at org.antlr.v4.runtime.tree.AbstractParseTreeVisitor.visitChildren(AbstractParseTreeVisitor.java:46)
	at de.uka.ilkd.key.nparser.KeYParserBaseVisitor.visitDecls(KeYParserBaseVisitor.java:30)
	at de.uka.ilkd.key.nparser.KeYParser$DeclsContext.accept(KeYParser.java:500)
	at org.antlr.v4.runtime.tree.AbstractParseTreeVisitor.visitChildren(AbstractParseTreeVisitor.java:46)
	at de.uka.ilkd.key.nparser.KeYParserBaseVisitor.visitFile(KeYParserBaseVisitor.java:23)
	at de.uka.ilkd.key.nparser.KeYParser$FileContext.accept(KeYParser.java:306)
	at de.uka.ilkd.key.nparser.KeyAst.accept(KeyAst.java:41)
	at de.uka.ilkd.key.nparser.KeyAst$File.getIncludes(KeyAst.java:76)
	at de.uka.ilkd.key.proof.io.KeYFile.readIncludes(KeYFile.java:208)
	... 14 more
Could not find rule file rules/intRulesCheckedSemantics.key (file: /home/runner/work/key/key/key.core/../key.ui/examples/index/.././standard_key/inEqSimp/nonLinInEqExample2.key; caused by: de.uka.ilkd.key.proof.init.ProofInputException: Could not find rule file rules/intRulesCheckedSemantics.key)
	at de.uka.ilkd.key.control.AbstractUserInterfaceControl.load(AbstractUserInterfaceControl.java:221)
	at de.uka.ilkd.key.control.KeYEnvironment.load(KeYEnvironment.java:251)
	at de.uka.ilkd.key.control.KeYEnvironment.load(KeYEnvironment.java:224)
	at de.uka.ilkd.key.control.KeYEnvironment.load(KeYEnvironment.java:184)
	at de.uka.ilkd.key.control.KeYEnvironment.load(KeYEnvironment.java:261)
	at de.uka.ilkd.key.proof.runallproofs.proofcollection.TestFile.load(TestFile.java:270)
	at de.uka.ilkd.key.proof.runallproofs.proofcollection.TestFile.runKey(TestFile.java:160)
	at de.uka.ilkd.key.proof.runallproofs.proofcollection.ForkedTestFileRunner.main(ForkedTestFileRunner.java:171)
Caused by: de.uka.ilkd.key.proof.init.ProofInputException: Could not find rule file rules/intRulesCheckedSemantics.key
	at de.uka.ilkd.key.proof.io.KeYFile.readIncludes(KeYFile.java:210)
	at de.uka.ilkd.key.proof.init.ProblemInitializer.readIncludes(ProblemInitializer.java:177)
	at de.uka.ilkd.key.proof.init.ProblemInitializer.readEnvInput(ProblemInitializer.java:325)
	at de.uka.ilkd.key.proof.init.ProblemInitializer.prepare(ProblemInitializer.java:449)
	at de.uka.ilkd.key.proof.io.AbstractProblemLoader.createInitConfig(AbstractProblemLoader.java:518)
	at de.uka.ilkd.key.proof.io.AbstractProblemLoader.loadEnvironment(AbstractProblemLoader.java:288)
	at de.uka.ilkd.key.proof.io.AbstractProblemLoader.load(AbstractProblemLoader.java:252)
	at de.uka.ilkd.key.control.AbstractUserInterfaceControl.load(AbstractUserInterfaceControl.java:209)
	... 7 more
Caused by: java.lang.RuntimeException: Could not find rule file rules/intRulesCheckedSemantics.key
	at de.uka.ilkd.key.proof.io.RuleSourceFactory.fromBuiltInRule(RuleSourceFactory.java:32)
	at de.uka.ilkd.key.proof.io.RuleSourceFactory.fromDefaultLocation(RuleSourceFactory.java:21)
	at de.uka.ilkd.key.nparser.builder.IncludeFinder.addInclude(IncludeFinder.java:63)
	at de.uka.ilkd.key.nparser.builder.IncludeFinder.visitOne_include(IncludeFinder.java:43)
	at de.uka.ilkd.key.nparser.builder.IncludeFinder.visitOne_include(IncludeFinder.java:20)
	at de.uka.ilkd.key.nparser.KeYParser$One_includeContext.accept(KeYParser.java:878)
	at de.uka.ilkd.key.nparser.builder.AbstractBuilder.lambda$mapOf$0(AbstractBuilder.java:112)
	at java.base/java.util.stream.ReferencePipeline$3$1.accept(ReferencePipeline.java:195)
	at java.base/java.util.ArrayList$ArrayListSpliterator.forEachRemaining(ArrayList.java:1655)
	at java.base/java.util.stream.AbstractPipeline.copyInto(AbstractPipeline.java:484)
	at java.base/java.util.stream.AbstractPipeline.wrapAndCopyInto(AbstractPipeline.java:474)
	at java.base/java.util.stream.ReduceOps$ReduceOp.evaluateSequential(ReduceOps.java:913)
	at java.base/java.util.stream.AbstractPipeline.evaluate(AbstractPipeline.java:234)
	at java.base/java.util.stream.ReferencePipeline.collect(ReferencePipeline.java:578)
	at de.uka.ilkd.key.nparser.builder.AbstractBuilder.mapOf(AbstractBuilder.java:112)
	at de.uka.ilkd.key.nparser.builder.IncludeFinder.visitOne_include_statement(IncludeFinder.java:35)
	at de.uka.ilkd.key.nparser.builder.IncludeFinder.visitOne_include_statement(IncludeFinder.java:20)
	at de.uka.ilkd.key.nparser.KeYParser$One_include_statementContext.accept(KeYParser.java:802)
	at org.antlr.v4.runtime.tree.AbstractParseTreeVisitor.visitChildren(AbstractParseTreeVisitor.java:46)
	at de.uka.ilkd.key.nparser.KeYParserBaseVisitor.visitDecls(KeYParserBaseVisitor.java:30)
	at de.uka.ilkd.key.nparser.KeYParser$DeclsContext.accept(KeYParser.java:500)
	at org.antlr.v4.runtime.tree.AbstractParseTreeVisitor.visitChildren(AbstractParseTreeVisitor.java:46)
	at de.uka.ilkd.key.nparser.KeYParserBaseVisitor.visitFile(KeYParserBaseVisitor.java:23)
	at de.uka.ilkd.key.nparser.KeYParser$FileContext.accept(KeYParser.java:306)
	at de.uka.ilkd.key.nparser.KeyAst.accept(KeyAst.java:41)
	at de.uka.ilkd.key.nparser.KeyAst$File.getIncludes(KeyAst.java:76)
	at de.uka.ilkd.key.proof.io.KeYFile.readIncludes(KeYFile.java:208)
	... 14 more
Could not find rule file rules/intRulesCheckedSemantics.key (file: /home/runner/work/key/key/key.core/../key.ui/examples/index/.././standard_key/inEqSimp/nonLinInEqExample3.key; caused by: de.uka.ilkd.key.proof.init.ProofInputException: Could not find rule file rules/intRulesCheckedSemantics.key)
	at de.uka.ilkd.key.control.AbstractUserInterfaceControl.load(AbstractUserInterfaceControl.java:221)
	at de.uka.ilkd.key.control.KeYEnvironment.load(KeYEnvironment.java:251)
	at de.uka.ilkd.key.control.KeYEnvironment.load(KeYEnvironment.java:224)
	at de.uka.ilkd.key.control.KeYEnvironment.load(KeYEnvironment.java:184)
	at de.uka.ilkd.key.control.KeYEnvironment.load(KeYEnvironment.java:261)
	at de.uka.ilkd.key.proof.runallproofs.proofcollection.TestFile.load(TestFile.java:270)
	at de.uka.ilkd.key.proof.runallproofs.proofcollection.TestFile.runKey(TestFile.java:160)
	at de.uka.ilkd.key.proof.runallproofs.proofcollection.ForkedTestFileRunner.main(ForkedTestFileRunner.java:171)
Caused by: de.uka.ilkd.key.proof.init.ProofInputException: Could not find rule file rules/intRulesCheckedSemantics.key
	at de.uka.ilkd.key.proof.io.KeYFile.readIncludes(KeYFile.java:210)
	at de.uka.ilkd.key.proof.init.ProblemInitializer.readIncludes(ProblemInitializer.java:177)
	at de.uka.ilkd.key.proof.init.ProblemInitializer.readEnvInput(ProblemInitializer.java:325)
	at de.uka.ilkd.key.proof.init.ProblemInitializer.prepare(ProblemInitializer.java:449)
	at de.uka.ilkd.key.proof.io.AbstractProblemLoader.createInitConfig(AbstractProblemLoader.java:518)
	at de.uka.ilkd.key.proof.io.AbstractProblemLoader.loadEnvironment(AbstractProblemLoader.java:288)
	at de.uka.ilkd.key.proof.io.AbstractProblemLoader.load(AbstractProblemLoader.java:252)
	at de.uka.ilkd.key.control.AbstractUserInterfaceControl.load(AbstractUserInterfaceControl.java:209)
	... 7 more
Caused by: java.lang.RuntimeException: Could not find rule file rules/intRulesCheckedSemantics.key
	at de.uka.ilkd.key.proof.io.RuleSourceFactory.fromBuiltInRule(RuleSourceFactory.java:32)
	at de.uka.ilkd.key.proof.io.RuleSourceFactory.fromDefaultLocation(RuleSourceFactory.java:21)
	at de.uka.ilkd.key.nparser.builder.IncludeFinder.addInclude(IncludeFinder.java:63)
	at de.uka.ilkd.key.nparser.builder.IncludeFinder.visitOne_include(IncludeFinder.java:43)
	at de.uka.ilkd.key.nparser.builder.IncludeFinder.visitOne_include(IncludeFinder.java:20)
	at de.uka.ilkd.key.nparser.KeYParser$One_includeContext.accept(KeYParser.java:878)
	at de.uka.ilkd.key.nparser.builder.AbstractBuilder.lambda$mapOf$0(AbstractBuilder.java:112)
	at java.base/java.util.stream.ReferencePipeline$3$1.accept(ReferencePipeline.java:195)
	at java.base/java.util.ArrayList$ArrayListSpliterator.forEachRemaining(ArrayList.java:1655)
	at java.base/java.util.stream.AbstractPipeline.copyInto(AbstractPipeline.java:484)
	at java.base/java.util.stream.AbstractPipeline.wrapAndCopyInto(AbstractPipeline.java:474)
	at java.base/java.util.stream.ReduceOps$ReduceOp.evaluateSequential(ReduceOps.java:913)
	at java.base/java.util.stream.AbstractPipeline.evaluate(AbstractPipeline.java:234)
	at java.base/java.util.stream.ReferencePipeline.collect(ReferencePipeline.java:578)
	at de.uka.ilkd.key.nparser.builder.AbstractBuilder.mapOf(AbstractBuilder.java:112)
	at de.uka.ilkd.key.nparser.builder.IncludeFinder.visitOne_include_statement(IncludeFinder.java:35)
	at de.uka.ilkd.key.nparser.builder.IncludeFinder.visitOne_include_statement(IncludeFinder.java:20)
	at de.uka.ilkd.key.nparser.KeYParser$One_include_statementContext.accept(KeYParser.java:802)
	at org.antlr.v4.runtime.tree.AbstractParseTreeVisitor.visitChildren(AbstractParseTreeVisitor.java:46)
	at de.uka.ilkd.key.nparser.KeYParserBaseVisitor.visitDecls(KeYParserBaseVisitor.java:30)
	at de.uka.ilkd.key.nparser.KeYParser$DeclsContext.accept(KeYParser.java:500)
	at org.antlr.v4.runtime.tree.AbstractParseTreeVisitor.visitChildren(AbstractParseTreeVisitor.java:46)
	at de.uka.ilkd.key.nparser.KeYParserBaseVisitor.visitFile(KeYParserBaseVisitor.java:23)
	at de.uka.ilkd.key.nparser.KeYParser$FileContext.accept(KeYParser.java:306)
	at de.uka.ilkd.key.nparser.KeyAst.accept(KeyAst.java:41)
	at de.uka.ilkd.key.nparser.KeyAst$File.getIncludes(KeyAst.java:76)
	at de.uka.ilkd.key.proof.io.KeYFile.readIncludes(KeYFile.java:208)
	... 14 more
Could not find rule file rules/intRulesCheckedSemantics.key (file: /home/runner/work/key/key/key.core/../key.ui/examples/index/.././standard_key/inEqSimp/nonLinInEqExample4.key; caused by: de.uka.ilkd.key.proof.init.ProofInputException: Could not find rule file rules/intRulesCheckedSemantics.key)
	at de.uka.ilkd.key.control.AbstractUserInterfaceControl.load(AbstractUserInterfaceControl.java:221)
	at de.uka.ilkd.key.control.KeYEnvironment.load(KeYEnvironment.java:251)
	at de.uka.ilkd.key.control.KeYEnvironment.load(KeYEnvironment.java:224)
	at de.uka.ilkd.key.control.KeYEnvironment.load(KeYEnvironment.java:184)
	at de.uka.ilkd.key.control.KeYEnvironment.load(KeYEnvironment.java:261)
	at de.uka.ilkd.key.proof.runallproofs.proofcollection.TestFile.load(TestFile.java:270)
	at de.uka.ilkd.key.proof.runallproofs.proofcollection.TestFile.runKey(TestFile.java:160)
	at de.uka.ilkd.key.proof.runallproofs.proofcollection.ForkedTestFileRunner.main(ForkedTestFileRunner.java:171)
Caused by: de.uka.ilkd.key.proof.init.ProofInputException: Could not find rule file rules/intRulesCheckedSemantics.key
	at de.uka.ilkd.key.proof.io.KeYFile.readIncludes(KeYFile.java:210)
	at de.uka.ilkd.key.proof.init.ProblemInitializer.readIncludes(ProblemInitializer.java:177)
	at de.uka.ilkd.key.proof.init.ProblemInitializer.readEnvInput(ProblemInitializer.java:325)
	at de.uka.ilkd.key.proof.init.ProblemInitializer.prepare(ProblemInitializer.java:449)
	at de.uka.ilkd.key.proof.io.AbstractProblemLoader.createInitConfig(AbstractProblemLoader.java:518)
	at de.uka.ilkd.key.proof.io.AbstractProblemLoader.loadEnvironment(AbstractProblemLoader.java:288)
	at de.uka.ilkd.key.proof.io.AbstractProblemLoader.load(AbstractProblemLoader.java:252)
	at de.uka.ilkd.key.control.AbstractUserInterfaceControl.load(AbstractUserInterfaceControl.java:209)
	... 7 more
Caused by: java.lang.RuntimeException: Could not find rule file rules/intRulesCheckedSemantics.key
	at de.uka.ilkd.key.proof.io.RuleSourceFactory.fromBuiltInRule(RuleSourceFactory.java:32)
	at de.uka.ilkd.key.proof.io.RuleSourceFactory.fromDefaultLocation(RuleSourceFactory.java:21)
	at de.uka.ilkd.key.nparser.builder.IncludeFinder.addInclude(IncludeFinder.java:63)
	at de.uka.ilkd.key.nparser.builder.IncludeFinder.visitOne_include(IncludeFinder.java:43)
	at de.uka.ilkd.key.nparser.builder.IncludeFinder.visitOne_include(IncludeFinder.java:20)
	at de.uka.ilkd.key.nparser.KeYParser$One_includeContext.accept(KeYParser.java:878)
	at de.uka.ilkd.key.nparser.builder.AbstractBuilder.lambda$mapOf$0(AbstractBuilder.java:112)
	at java.base/java.util.stream.ReferencePipeline$3$1.accept(ReferencePipeline.java:195)
	at java.base/java.util.ArrayList$ArrayListSpliterator.forEachRemaining(ArrayList.java:1655)
	at java.base/java.util.stream.AbstractPipeline.copyInto(AbstractPipeline.java:484)
	at java.base/java.util.stream.AbstractPipeline.wrapAndCopyInto(AbstractPipeline.java:474)
	at java.base/java.util.stream.ReduceOps$ReduceOp.evaluateSequential(ReduceOps.java:913)
	at java.base/java.util.stream.AbstractPipeline.evaluate(AbstractPipeline.java:234)
	at java.base/java.util.stream.ReferencePipeline.collect(ReferencePipeline.java:578)
	at de.uka.ilkd.key.nparser.builder.AbstractBuilder.mapOf(AbstractBuilder.java:112)
	at de.uka.ilkd.key.nparser.builder.IncludeFinder.visitOne_include_statement(IncludeFinder.java:35)
	at de.uka.ilkd.key.nparser.builder.IncludeFinder.visitOne_include_statement(IncludeFinder.java:20)
	at de.uka.ilkd.key.nparser.KeYParser$One_include_statementContext.accept(KeYParser.java:802)
	at org.antlr.v4.runtime.tree.AbstractParseTreeVisitor.visitChildren(AbstractParseTreeVisitor.java:46)
	at de.uka.ilkd.key.nparser.KeYParserBaseVisitor.visitDecls(KeYParserBaseVisitor.java:30)
	at de.uka.ilkd.key.nparser.KeYParser$DeclsContext.accept(KeYParser.java:500)
	at org.antlr.v4.runtime.tree.AbstractParseTreeVisitor.visitChildren(AbstractParseTreeVisitor.java:46)
	at de.uka.ilkd.key.nparser.KeYParserBaseVisitor.visitFile(KeYParserBaseVisitor.java:23)
	at de.uka.ilkd.key.nparser.KeYParser$FileContext.accept(KeYParser.java:306)
	at de.uka.ilkd.key.nparser.KeyAst.accept(KeyAst.java:41)
	at de.uka.ilkd.key.nparser.KeyAst$File.getIncludes(KeyAst.java:76)
	at de.uka.ilkd.key.proof.io.KeYFile.readIncludes(KeYFile.java:208)
	... 14 more
Could not find rule file rules/intRulesCheckedSemantics.key (file: /home/runner/work/key/key/key.core/../key.ui/examples/index/.././standard_key/inEqSimp/quadraticInEq.key; caused by: de.uka.ilkd.key.proof.init.ProofInputException: Could not find rule file rules/intRulesCheckedSemantics.key)
	at de.uka.ilkd.key.control.AbstractUserInterfaceControl.load(AbstractUserInterfaceControl.java:221)
	at de.uka.ilkd.key.control.KeYEnvironment.load(KeYEnvironment.java:251)
	at de.uka.ilkd.key.control.KeYEnvironment.load(KeYEnvironment.java:224)
	at de.uka.ilkd.key.control.KeYEnvironment.load(KeYEnvironment.java:184)
	at de.uka.ilkd.key.control.KeYEnvironment.load(KeYEnvironment.java:261)
	at de.uka.ilkd.key.proof.runallproofs.proofcollection.TestFile.load(TestFile.java:270)
	at de.uka.ilkd.key.proof.runallproofs.proofcollection.TestFile.runKey(TestFile.java:160)
	at de.uka.ilkd.key.proof.runallproofs.proofcollection.ForkedTestFileRunner.main(ForkedTestFileRunner.java:171)
Caused by: de.uka.ilkd.key.proof.init.ProofInputException: Could not find rule file rules/intRulesCheckedSemantics.key
	at de.uka.ilkd.key.proof.io.KeYFile.readIncludes(KeYFile.java:210)
	at de.uka.ilkd.key.proof.init.ProblemInitializer.readIncludes(ProblemInitializer.java:177)
	at de.uka.ilkd.key.proof.init.ProblemInitializer.readEnvInput(ProblemInitializer.java:325)
	at de.uka.ilkd.key.proof.init.ProblemInitializer.prepare(ProblemInitializer.java:449)
	at de.uka.ilkd.key.proof.io.AbstractProblemLoader.createInitConfig(AbstractProblemLoader.java:518)
	at de.uka.ilkd.key.proof.io.AbstractProblemLoader.loadEnvironment(AbstractProblemLoader.java:288)
	at de.uka.ilkd.key.proof.io.AbstractProblemLoader.load(AbstractProblemLoader.java:252)
	at de.uka.ilkd.key.control.AbstractUserInterfaceControl.load(AbstractUserInterfaceControl.java:209)
	... 7 more
Caused by: java.lang.RuntimeException: Could not find rule file rules/intRulesCheckedSemantics.key
	at de.uka.ilkd.key.proof.io.RuleSourceFactory.fromBuiltInRule(RuleSourceFactory.java:32)
	at de.uka.ilkd.key.proof.io.RuleSourceFactory.fromDefaultLocation(RuleSourceFactory.java:21)
	at de.uka.ilkd.key.nparser.builder.IncludeFinder.addInclude(IncludeFinder.java:63)
	at de.uka.ilkd.key.nparser.builder.IncludeFinder.visitOne_include(IncludeFinder.java:43)
	at de.uka.ilkd.key.nparser.builder.IncludeFinder.visitOne_include(IncludeFinder.java:20)
	at de.uka.ilkd.key.nparser.KeYParser$One_includeContext.accept(KeYParser.java:878)
	at de.uka.ilkd.key.nparser.builder.AbstractBuilder.lambda$mapOf$0(AbstractBuilder.java:112)
	at java.base/java.util.stream.ReferencePipeline$3$1.accept(ReferencePipeline.java:195)
	at java.base/java.util.ArrayList$ArrayListSpliterator.forEachRemaining(ArrayList.java:1655)
	at java.base/java.util.stream.AbstractPipeline.copyInto(AbstractPipeline.java:484)
	at java.base/java.util.stream.AbstractPipeline.wrapAndCopyInto(AbstractPipeline.java:474)
	at java.base/java.util.stream.ReduceOps$ReduceOp.evaluateSequential(ReduceOps.java:913)
	at java.base/java.util.stream.AbstractPipeline.evaluate(AbstractPipeline.java:234)
	at java.base/java.util.stream.ReferencePipeline.collect(ReferencePipeline.java:578)
	at de.uka.ilkd.key.nparser.builder.AbstractBuilder.mapOf(AbstractBuilder.java:112)
	at de.uka.ilkd.key.nparser.builder.IncludeFinder.visitOne_include_statement(IncludeFinder.java:35)
	at de.uka.ilkd.key.nparser.builder.IncludeFinder.visitOne_include_statement(IncludeFinder.java:20)
	at de.uka.ilkd.key.nparser.KeYParser$One_include_statementContext.accept(KeYParser.java:802)
	at org.antlr.v4.runtime.tree.AbstractParseTreeVisitor.visitChildren(AbstractParseTreeVisitor.java:46)
	at de.uka.ilkd.key.nparser.KeYParserBaseVisitor.visitDecls(KeYParserBaseVisitor.java:30)
	at de.uka.ilkd.key.nparser.KeYParser$DeclsContext.accept(KeYParser.java:500)
	at org.antlr.v4.runtime.tree.AbstractParseTreeVisitor.visitChildren(AbstractParseTreeVisitor.java:46)
	at de.uka.ilkd.key.nparser.KeYParserBaseVisitor.visitFile(KeYParserBaseVisitor.java:23)
	at de.uka.ilkd.key.nparser.KeYParser$FileContext.accept(KeYParser.java:306)
	at de.uka.ilkd.key.nparser.KeyAst.accept(KeyAst.java:41)
	at de.uka.ilkd.key.nparser.KeyAst$File.getIncludes(KeyAst.java:76)
	at de.uka.ilkd.key.proof.io.KeYFile.readIncludes(KeYFile.java:208)
	... 14 more
Could not find rule file rules/intRulesCheckedSemantics.key (file: /home/runner/work/key/key/key.core/../key.ui/examples/index/.././standard_key/inEqSimp/quadraticInEq10.key; caused by: de.uka.ilkd.key.proof.init.ProofInputException: Could not find rule file rules/intRulesCheckedSemantics.key)
	at de.uka.ilkd.key.control.AbstractUserInterfaceControl.load(AbstractUserInterfaceControl.java:221)
	at de.uka.ilkd.key.control.KeYEnvironment.load(KeYEnvironment.java:251)
	at de.uka.ilkd.key.control.KeYEnvironment.load(KeYEnvironment.java:224)
	at de.uka.ilkd.key.control.KeYEnvironment.load(KeYEnvironment.java:184)
	at de.uka.ilkd.key.control.KeYEnvironment.load(KeYEnvironment.java:261)
	at de.uka.ilkd.key.proof.runallproofs.proofcollection.TestFile.load(TestFile.java:270)
	at de.uka.ilkd.key.proof.runallproofs.proofcollection.TestFile.runKey(TestFile.java:160)
	at de.uka.ilkd.key.proof.runallproofs.proofcollection.ForkedTestFileRunner.main(ForkedTestFileRunner.java:171)
Caused by: de.uka.ilkd.key.proof.init.ProofInputException: Could not find rule file rules/intRulesCheckedSemantics.key
	at de.uka.ilkd.key.proof.io.KeYFile.readIncludes(KeYFile.java:210)
	at de.uka.ilkd.key.proof.init.ProblemInitializer.readIncludes(ProblemInitializer.java:177)
	at de.uka.ilkd.key.proof.init.ProblemInitializer.readEnvInput(ProblemInitializer.java:325)
	at de.uka.ilkd.key.proof.init.ProblemInitializer.prepare(ProblemInitializer.java:449)
	at de.uka.ilkd.key.proof.io.AbstractProblemLoader.createInitConfig(AbstractProblemLoader.java:518)
	at de.uka.ilkd.key.proof.io.AbstractProblemLoader.loadEnvironment(AbstractProblemLoader.java:288)
	at de.uka.ilkd.key.proof.io.AbstractProblemLoader.load(AbstractProblemLoader.java:252)
	at de.uka.ilkd.key.control.AbstractUserInterfaceControl.load(AbstractUserInterfaceControl.java:209)
	... 7 more
Caused by: java.lang.RuntimeException: Could not find rule file rules/intRulesCheckedSemantics.key
	at de.uka.ilkd.key.proof.io.RuleSourceFactory.fromBuiltInRule(RuleSourceFactory.java:32)
	at de.uka.ilkd.key.proof.io.RuleSourceFactory.fromDefaultLocation(RuleSourceFactory.java:21)
	at de.uka.ilkd.key.nparser.builder.IncludeFinder.addInclude(IncludeFinder.java:63)
	at de.uka.ilkd.key.nparser.builder.IncludeFinder.visitOne_include(IncludeFinder.java:43)
	at de.uka.ilkd.key.nparser.builder.IncludeFinder.visitOne_include(IncludeFinder.java:20)
	at de.uka.ilkd.key.nparser.KeYParser$One_includeContext.accept(KeYParser.java:878)
	at de.uka.ilkd.key.nparser.builder.AbstractBuilder.lambda$mapOf$0(AbstractBuilder.java:112)
	at java.base/java.util.stream.ReferencePipeline$3$1.accept(ReferencePipeline.java:195)
	at java.base/java.util.ArrayList$ArrayListSpliterator.forEachRemaining(ArrayList.java:1655)
	at java.base/java.util.stream.AbstractPipeline.copyInto(AbstractPipeline.java:484)
	at java.base/java.util.stream.AbstractPipeline.wrapAndCopyInto(AbstractPipeline.java:474)
	at java.base/java.util.stream.ReduceOps$ReduceOp.evaluateSequential(ReduceOps.java:913)
	at java.base/java.util.stream.AbstractPipeline.evaluate(AbstractPipeline.java:234)
	at java.base/java.util.stream.ReferencePipeline.collect(ReferencePipeline.java:578)
	at de.uka.ilkd.key.nparser.builder.AbstractBuilder.mapOf(AbstractBuilder.java:112)
	at de.uka.ilkd.key.nparser.builder.IncludeFinder.visitOne_include_statement(IncludeFinder.java:35)
	at de.uka.ilkd.key.nparser.builder.IncludeFinder.visitOne_include_statement(IncludeFinder.java:20)
	at de.uka.ilkd.key.nparser.KeYParser$One_include_statementContext.accept(KeYParser.java:802)
	at org.antlr.v4.runtime.tree.AbstractParseTreeVisitor.visitChildren(AbstractParseTreeVisitor.java:46)
	at de.uka.ilkd.key.nparser.KeYParserBaseVisitor.visitDecls(KeYParserBaseVisitor.java:30)
	at de.uka.ilkd.key.nparser.KeYParser$DeclsContext.accept(KeYParser.java:500)
	at org.antlr.v4.runtime.tree.AbstractParseTreeVisitor.visitChildren(AbstractParseTreeVisitor.java:46)
	at de.uka.ilkd.key.nparser.KeYParserBaseVisitor.visitFile(KeYParserBaseVisitor.java:23)
	at de.uka.ilkd.key.nparser.KeYParser$FileContext.accept(KeYParser.java:306)
	at de.uka.ilkd.key.nparser.KeyAst.accept(KeyAst.java:41)
	at de.uka.ilkd.key.nparser.KeyAst$File.getIncludes(KeyAst.java:76)
	at de.uka.ilkd.key.proof.io.KeYFile.readIncludes(KeYFile.java:208)
	... 14 more
Could not find rule file rules/intRulesCheckedSemantics.key (file: /home/runner/work/key/key/key.core/../key.ui/examples/index/.././standard_key/inEqSimp/quadraticInEq13.key; caused by: de.uka.ilkd.key.proof.init.ProofInputException: Could not find rule file rules/intRulesCheckedSemantics.key)
	at de.uka.ilkd.key.control.AbstractUserInterfaceControl.load(AbstractUserInterfaceControl.java:221)
	at de.uka.ilkd.key.control.KeYEnvironment.load(KeYEnvironment.java:251)
	at de.uka.ilkd.key.control.KeYEnvironment.load(KeYEnvironment.java:224)
	at de.uka.ilkd.key.control.KeYEnvironment.load(KeYEnvironment.java:184)
	at de.uka.ilkd.key.control.KeYEnvironment.load(KeYEnvironment.java:261)
	at de.uka.ilkd.key.proof.runallproofs.proofcollection.TestFile.load(TestFile.java:270)
	at de.uka.ilkd.key.proof.runallproofs.proofcollection.TestFile.runKey(TestFile.java:160)
	at de.uka.ilkd.key.proof.runallproofs.proofcollection.ForkedTestFileRunner.main(ForkedTestFileRunner.java:171)
Caused by: de.uka.ilkd.key.proof.init.ProofInputException: Could not find rule file rules/intRulesCheckedSemantics.key
	at de.uka.ilkd.key.proof.io.KeYFile.readIncludes(KeYFile.java:210)
	at de.uka.ilkd.key.proof.init.ProblemInitializer.readIncludes(ProblemInitializer.java:177)
	at de.uka.ilkd.key.proof.init.ProblemInitializer.readEnvInput(ProblemInitializer.java:325)
	at de.uka.ilkd.key.proof.init.ProblemInitializer.prepare(ProblemInitializer.java:449)
	at de.uka.ilkd.key.proof.io.AbstractProblemLoader.createInitConfig(AbstractProblemLoader.java:518)
	at de.uka.ilkd.key.proof.io.AbstractProblemLoader.loadEnvironment(AbstractProblemLoader.java:288)
	at de.uka.ilkd.key.proof.io.AbstractProblemLoader.load(AbstractProblemLoader.java:252)
	at de.uka.ilkd.key.control.AbstractUserInterfaceControl.load(AbstractUserInterfaceControl.java:209)
	... 7 more
Caused by: java.lang.RuntimeException: Could not find rule file rules/intRulesCheckedSemantics.key
	at de.uka.ilkd.key.proof.io.RuleSourceFactory.fromBuiltInRule(RuleSourceFactory.java:32)
	at de.uka.ilkd.key.proof.io.RuleSourceFactory.fromDefaultLocation(RuleSourceFactory.java:21)
	at de.uka.ilkd.key.nparser.builder.IncludeFinder.addInclude(IncludeFinder.java:63)
	at de.uka.ilkd.key.nparser.builder.IncludeFinder.visitOne_include(IncludeFinder.java:43)
	at de.uka.ilkd.key.nparser.builder.IncludeFinder.visitOne_include(IncludeFinder.java:20)
	at de.uka.ilkd.key.nparser.KeYParser$One_includeContext.accept(KeYParser.java:878)
	at de.uka.ilkd.key.nparser.builder.AbstractBuilder.lambda$mapOf$0(AbstractBuilder.java:112)
	at java.base/java.util.stream.ReferencePipeline$3$1.accept(ReferencePipeline.java:195)
	at java.base/java.util.ArrayList$ArrayListSpliterator.forEachRemaining(ArrayList.java:1655)
	at java.base/java.util.stream.AbstractPipeline.copyInto(AbstractPipeline.java:484)
	at java.base/java.util.stream.AbstractPipeline.wrapAndCopyInto(AbstractPipeline.java:474)
	at java.base/java.util.stream.ReduceOps$ReduceOp.evaluateSequential(ReduceOps.java:913)
	at java.base/java.util.stream.AbstractPipeline.evaluate(AbstractPipeline.java:234)
	at java.base/java.util.stream.ReferencePipeline.collect(ReferencePipeline.java:578)
	at de.uka.ilkd.key.nparser.builder.AbstractBuilder.mapOf(AbstractBuilder.java:112)
	at de.uka.ilkd.key.nparser.builder.IncludeFinder.visitOne_include_statement(IncludeFinder.java:35)
	at de.uka.ilkd.key.nparser.builder.IncludeFinder.visitOne_include_statement(IncludeFinder.java:20)
	at de.uka.ilkd.key.nparser.KeYParser$One_include_statementContext.accept(KeYParser.java:802)
	at org.antlr.v4.runtime.tree.AbstractParseTreeVisitor.visitChildren(AbstractParseTreeVisitor.java:46)
	at de.uka.ilkd.key.nparser.KeYParserBaseVisitor.visitDecls(KeYParserBaseVisitor.java:30)
	at de.uka.ilkd.key.nparser.KeYParser$DeclsContext.accept(KeYParser.java:500)
	at org.antlr.v4.runtime.tree.AbstractParseTreeVisitor.visitChildren(AbstractParseTreeVisitor.java:46)
	at de.uka.ilkd.key.nparser.KeYParserBaseVisitor.visitFile(KeYParserBaseVisitor.java:23)
	at de.uka.ilkd.key.nparser.KeYParser$FileContext.accept(KeYParser.java:306)
	at de.uka.ilkd.key.nparser.KeyAst.accept(KeyAst.java:41)
	at de.uka.ilkd.key.nparser.KeyAst$File.getIncludes(KeyAst.java:76)
	at de.uka.ilkd.key.proof.io.KeYFile.readIncludes(KeYFile.java:208)
	... 14 more
Could not find rule file rules/intRulesCheckedSemantics.key (file: /home/runner/work/key/key/key.core/../key.ui/examples/index/.././standard_key/inEqSimp/quadraticInEq14.key; caused by: de.uka.ilkd.key.proof.init.ProofInputException: Could not find rule file rules/intRulesCheckedSemantics.key)
	at de.uka.ilkd.key.control.AbstractUserInterfaceControl.load(AbstractUserInterfaceControl.java:221)
	at de.uka.ilkd.key.control.KeYEnvironment.load(KeYEnvironment.java:251)
	at de.uka.ilkd.key.control.KeYEnvironment.load(KeYEnvironment.java:224)
	at de.uka.ilkd.key.control.KeYEnvironment.load(KeYEnvironment.java:184)
	at de.uka.ilkd.key.control.KeYEnvironment.load(KeYEnvironment.java:261)
	at de.uka.ilkd.key.proof.runallproofs.proofcollection.TestFile.load(TestFile.java:270)
	at de.uka.ilkd.key.proof.runallproofs.proofcollection.TestFile.runKey(TestFile.java:160)
	at de.uka.ilkd.key.proof.runallproofs.proofcollection.ForkedTestFileRunner.main(ForkedTestFileRunner.java:171)
Caused by: de.uka.ilkd.key.proof.init.ProofInputException: Could not find rule file rules/intRulesCheckedSemantics.key
	at de.uka.ilkd.key.proof.io.KeYFile.readIncludes(KeYFile.java:210)
	at de.uka.ilkd.key.proof.init.ProblemInitializer.readIncludes(ProblemInitializer.java:177)
	at de.uka.ilkd.key.proof.init.ProblemInitializer.readEnvInput(ProblemInitializer.java:325)
	at de.uka.ilkd.key.proof.init.ProblemInitializer.prepare(ProblemInitializer.java:449)
	at de.uka.ilkd.key.proof.io.AbstractProblemLoader.createInitConfig(AbstractProblemLoader.java:518)
	at de.uka.ilkd.key.proof.io.AbstractProblemLoader.loadEnvironment(AbstractProblemLoader.java:288)
	at de.uka.ilkd.key.proof.io.AbstractProblemLoader.load(AbstractProblemLoader.java:252)
	at de.uka.ilkd.key.control.AbstractUserInterfaceControl.load(AbstractUserInterfaceControl.java:209)
	... 7 more
Caused by: java.lang.RuntimeException: Could not find rule file rules/intRulesCheckedSemantics.key
	at de.uka.ilkd.key.proof.io.RuleSourceFactory.fromBuiltInRule(RuleSourceFactory.java:32)
	at de.uka.ilkd.key.proof.io.RuleSourceFactory.fromDefaultLocation(RuleSourceFactory.java:21)
	at de.uka.ilkd.key.nparser.builder.IncludeFinder.addInclude(IncludeFinder.java:63)
	at de.uka.ilkd.key.nparser.builder.IncludeFinder.visitOne_include(IncludeFinder.java:43)
	at de.uka.ilkd.key.nparser.builder.IncludeFinder.visitOne_include(IncludeFinder.java:20)
	at de.uka.ilkd.key.nparser.KeYParser$One_includeContext.accept(KeYParser.java:878)
	at de.uka.ilkd.key.nparser.builder.AbstractBuilder.lambda$mapOf$0(AbstractBuilder.java:112)
	at java.base/java.util.stream.ReferencePipeline$3$1.accept(ReferencePipeline.java:195)
	at java.base/java.util.ArrayList$ArrayListSpliterator.forEachRemaining(ArrayList.java:1655)
	at java.base/java.util.stream.AbstractPipeline.copyInto(AbstractPipeline.java:484)
	at java.base/java.util.stream.AbstractPipeline.wrapAndCopyInto(AbstractPipeline.java:474)
	at java.base/java.util.stream.ReduceOps$ReduceOp.evaluateSequential(ReduceOps.java:913)
	at java.base/java.util.stream.AbstractPipeline.evaluate(AbstractPipeline.java:234)
	at java.base/java.util.stream.ReferencePipeline.collect(ReferencePipeline.java:578)
	at de.uka.ilkd.key.nparser.builder.AbstractBuilder.mapOf(AbstractBuilder.java:112)
	at de.uka.ilkd.key.nparser.builder.IncludeFinder.visitOne_include_statement(IncludeFinder.java:35)
	at de.uka.ilkd.key.nparser.builder.IncludeFinder.visitOne_include_statement(IncludeFinder.java:20)
	at de.uka.ilkd.key.nparser.KeYParser$One_include_statementContext.accept(KeYParser.java:802)
	at org.antlr.v4.runtime.tree.AbstractParseTreeVisitor.visitChildren(AbstractParseTreeVisitor.java:46)
	at de.uka.ilkd.key.nparser.KeYParserBaseVisitor.visitDecls(KeYParserBaseVisitor.java:30)
	at de.uka.ilkd.key.nparser.KeYParser$DeclsContext.accept(KeYParser.java:500)
	at org.antlr.v4.runtime.tree.AbstractParseTreeVisitor.visitChildren(AbstractParseTreeVisitor.java:46)
	at de.uka.ilkd.key.nparser.KeYParserBaseVisitor.visitFile(KeYParserBaseVisitor.java:23)
	at de.uka.ilkd.key.nparser.KeYParser$FileContext.accept(KeYParser.java:306)
	at de.uka.ilkd.key.nparser.KeyAst.accept(KeyAst.java:41)
	at de.uka.ilkd.key.nparser.KeyAst$File.getIncludes(KeyAst.java:76)
	at de.uka.ilkd.key.proof.io.KeYFile.readIncludes(KeYFile.java:208)
	... 14 more
Could not find rule file rules/intRulesCheckedSemantics.key (file: /home/runner/work/key/key/key.core/../key.ui/examples/index/.././standard_key/inEqSimp/quadraticInEq2.key; caused by: de.uka.ilkd.key.proof.init.ProofInputException: Could not find rule file rules/intRulesCheckedSemantics.key)
	at de.uka.ilkd.key.control.AbstractUserInterfaceControl.load(AbstractUserInterfaceControl.java:221)
	at de.uka.ilkd.key.control.KeYEnvironment.load(KeYEnvironment.java:251)
	at de.uka.ilkd.key.control.KeYEnvironment.load(KeYEnvironment.java:224)
	at de.uka.ilkd.key.control.KeYEnvironment.load(KeYEnvironment.java:184)
	at de.uka.ilkd.key.control.KeYEnvironment.load(KeYEnvironment.java:261)
	at de.uka.ilkd.key.proof.runallproofs.proofcollection.TestFile.load(TestFile.java:270)
	at de.uka.ilkd.key.proof.runallproofs.proofcollection.TestFile.runKey(TestFile.java:160)
	at de.uka.ilkd.key.proof.runallproofs.proofcollection.ForkedTestFileRunner.main(ForkedTestFileRunner.java:171)
Caused by: de.uka.ilkd.key.proof.init.ProofInputException: Could not find rule file rules/intRulesCheckedSemantics.key
	at de.uka.ilkd.key.proof.io.KeYFile.readIncludes(KeYFile.java:210)
	at de.uka.ilkd.key.proof.init.ProblemInitializer.readIncludes(ProblemInitializer.java:177)
	at de.uka.ilkd.key.proof.init.ProblemInitializer.readEnvInput(ProblemInitializer.java:325)
	at de.uka.ilkd.key.proof.init.ProblemInitializer.prepare(ProblemInitializer.java:449)
	at de.uka.ilkd.key.proof.io.AbstractProblemLoader.createInitConfig(AbstractProblemLoader.java:518)
	at de.uka.ilkd.key.proof.io.AbstractProblemLoader.loadEnvironment(AbstractProblemLoader.java:288)
	at de.uka.ilkd.key.proof.io.AbstractProblemLoader.load(AbstractProblemLoader.java:252)
	at de.uka.ilkd.key.control.AbstractUserInterfaceControl.load(AbstractUserInterfaceControl.java:209)
	... 7 more
Caused by: java.lang.RuntimeException: Could not find rule file rules/intRulesCheckedSemantics.key
	at de.uka.ilkd.key.proof.io.RuleSourceFactory.fromBuiltInRule(RuleSourceFactory.java:32)
	at de.uka.ilkd.key.proof.io.RuleSourceFactory.fromDefaultLocation(RuleSourceFactory.java:21)
	at de.uka.ilkd.key.nparser.builder.IncludeFinder.addInclude(IncludeFinder.java:63)
	at de.uka.ilkd.key.nparser.builder.IncludeFinder.visitOne_include(IncludeFinder.java:43)
	at de.uka.ilkd.key.nparser.builder.IncludeFinder.visitOne_include(IncludeFinder.java:20)
	at de.uka.ilkd.key.nparser.KeYParser$One_includeContext.accept(KeYParser.java:878)
	at de.uka.ilkd.key.nparser.builder.AbstractBuilder.lambda$mapOf$0(AbstractBuilder.java:112)
	at java.base/java.util.stream.ReferencePipeline$3$1.accept(ReferencePipeline.java:195)
	at java.base/java.util.ArrayList$ArrayListSpliterator.forEachRemaining(ArrayList.java:1655)
	at java.base/java.util.stream.AbstractPipeline.copyInto(AbstractPipeline.java:484)
	at java.base/java.util.stream.AbstractPipeline.wrapAndCopyInto(AbstractPipeline.java:474)
	at java.base/java.util.stream.ReduceOps$ReduceOp.evaluateSequential(ReduceOps.java:913)
	at java.base/java.util.stream.AbstractPipeline.evaluate(AbstractPipeline.java:234)
	at java.base/java.util.stream.ReferencePipeline.collect(ReferencePipeline.java:578)
	at de.uka.ilkd.key.nparser.builder.AbstractBuilder.mapOf(AbstractBuilder.java:112)
	at de.uka.ilkd.key.nparser.builder.IncludeFinder.visitOne_include_statement(IncludeFinder.java:35)
	at de.uka.ilkd.key.nparser.builder.IncludeFinder.visitOne_include_statement(IncludeFinder.java:20)
	at de.uka.ilkd.key.nparser.KeYParser$One_include_statementContext.accept(KeYParser.java:802)
	at org.antlr.v4.runtime.tree.AbstractParseTreeVisitor.visitChildren(AbstractParseTreeVisitor.java:46)
	at de.uka.ilkd.key.nparser.KeYParserBaseVisitor.visitDecls(KeYParserBaseVisitor.java:30)
	at de.uka.ilkd.key.nparser.KeYParser$DeclsContext.accept(KeYParser.java:500)
	at org.antlr.v4.runtime.tree.AbstractParseTreeVisitor.visitChildren(AbstractParseTreeVisitor.java:46)
	at de.uka.ilkd.key.nparser.KeYParserBaseVisitor.visitFile(KeYParserBaseVisitor.java:23)
	at de.uka.ilkd.key.nparser.KeYParser$FileContext.accept(KeYParser.java:306)
	at de.uka.ilkd.key.nparser.KeyAst.accept(KeyAst.java:41)
	at de.uka.ilkd.key.nparser.KeyAst$File.getIncludes(KeyAst.java:76)
	at de.uka.ilkd.key.proof.io.KeYFile.readIncludes(KeYFile.java:208)
	... 14 more
Could not find rule file rules/intRulesCheckedSemantics.key (file: /home/runner/work/key/key/key.core/../key.ui/examples/index/.././standard_key/inEqSimp/quadraticInEq3.key; caused by: de.uka.ilkd.key.proof.init.ProofInputException: Could not find rule file rules/intRulesCheckedSemantics.key)
	at de.uka.ilkd.key.control.AbstractUserInterfaceControl.load(AbstractUserInterfaceControl.java:221)
	at de.uka.ilkd.key.control.KeYEnvironment.load(KeYEnvironment.java:251)
	at de.uka.ilkd.key.control.KeYEnvironment.load(KeYEnvironment.java:224)
	at de.uka.ilkd.key.control.KeYEnvironment.load(KeYEnvironment.java:184)
	at de.uka.ilkd.key.control.KeYEnvironment.load(KeYEnvironment.java:261)
	at de.uka.ilkd.key.proof.runallproofs.proofcollection.TestFile.load(TestFile.java:270)
	at de.uka.ilkd.key.proof.runallproofs.proofcollection.TestFile.runKey(TestFile.java:160)
	at de.uka.ilkd.key.proof.runallproofs.proofcollection.ForkedTestFileRunner.main(ForkedTestFileRunner.java:171)
Caused by: de.uka.ilkd.key.proof.init.ProofInputException: Could not find rule file rules/intRulesCheckedSemantics.key
	at de.uka.ilkd.key.proof.io.KeYFile.readIncludes(KeYFile.java:210)
	at de.uka.ilkd.key.proof.init.ProblemInitializer.readIncludes(ProblemInitializer.java:177)
	at de.uka.ilkd.key.proof.init.ProblemInitializer.readEnvInput(ProblemInitializer.java:325)
	at de.uka.ilkd.key.proof.init.ProblemInitializer.prepare(ProblemInitializer.java:449)
	at de.uka.ilkd.key.proof.io.AbstractProblemLoader.createInitConfig(AbstractProblemLoader.java:518)
	at de.uka.ilkd.key.proof.io.AbstractProblemLoader.loadEnvironment(AbstractProblemLoader.java:288)
	at de.uka.ilkd.key.proof.io.AbstractProblemLoader.load(AbstractProblemLoader.java:252)
	at de.uka.ilkd.key.control.AbstractUserInterfaceControl.load(AbstractUserInterfaceControl.java:209)
	... 7 more
Caused by: java.lang.RuntimeException: Could not find rule file rules/intRulesCheckedSemantics.key
	at de.uka.ilkd.key.proof.io.RuleSourceFactory.fromBuiltInRule(RuleSourceFactory.java:32)
	at de.uka.ilkd.key.proof.io.RuleSourceFactory.fromDefaultLocation(RuleSourceFactory.java:21)
	at de.uka.ilkd.key.nparser.builder.IncludeFinder.addInclude(IncludeFinder.java:63)
	at de.uka.ilkd.key.nparser.builder.IncludeFinder.visitOne_include(IncludeFinder.java:43)
	at de.uka.ilkd.key.nparser.builder.IncludeFinder.visitOne_include(IncludeFinder.java:20)
	at de.uka.ilkd.key.nparser.KeYParser$One_includeContext.accept(KeYParser.java:878)
	at de.uka.ilkd.key.nparser.builder.AbstractBuilder.lambda$mapOf$0(AbstractBuilder.java:112)
	at java.base/java.util.stream.ReferencePipeline$3$1.accept(ReferencePipeline.java:195)
	at java.base/java.util.ArrayList$ArrayListSpliterator.forEachRemaining(ArrayList.java:1655)
	at java.base/java.util.stream.AbstractPipeline.copyInto(AbstractPipeline.java:484)
	at java.base/java.util.stream.AbstractPipeline.wrapAndCopyInto(AbstractPipeline.java:474)
	at java.base/java.util.stream.ReduceOps$ReduceOp.evaluateSequential(ReduceOps.java:913)
	at java.base/java.util.stream.AbstractPipeline.evaluate(AbstractPipeline.java:234)
	at java.base/java.util.stream.ReferencePipeline.collect(ReferencePipeline.java:578)
	at de.uka.ilkd.key.nparser.builder.AbstractBuilder.mapOf(AbstractBuilder.java:112)
	at de.uka.ilkd.key.nparser.builder.IncludeFinder.visitOne_include_statement(IncludeFinder.java:35)
	at de.uka.ilkd.key.nparser.builder.IncludeFinder.visitOne_include_statement(IncludeFinder.java:20)
	at de.uka.ilkd.key.nparser.KeYParser$One_include_statementContext.accept(KeYParser.java:802)
	at org.antlr.v4.runtime.tree.AbstractParseTreeVisitor.visitChildren(AbstractParseTreeVisitor.java:46)
	at de.uka.ilkd.key.nparser.KeYParserBaseVisitor.visitDecls(KeYParserBaseVisitor.java:30)
	at de.uka.ilkd.key.nparser.KeYParser$DeclsContext.accept(KeYParser.java:500)
	at org.antlr.v4.runtime.tree.AbstractParseTreeVisitor.visitChildren(AbstractParseTreeVisitor.java:46)
	at de.uka.ilkd.key.nparser.KeYParserBaseVisitor.visitFile(KeYParserBaseVisitor.java:23)
	at de.uka.ilkd.key.nparser.KeYParser$FileContext.accept(KeYParser.java:306)
	at de.uka.ilkd.key.nparser.KeyAst.accept(KeyAst.java:41)
	at de.uka.ilkd.key.nparser.KeyAst$File.getIncludes(KeyAst.java:76)
	at de.uka.ilkd.key.proof.io.KeYFile.readIncludes(KeYFile.java:208)
	... 14 more
Could not find rule file rules/intRulesCheckedSemantics.key (file: /home/runner/work/key/key/key.core/../key.ui/examples/index/.././standard_key/inEqSimp/quadraticInEq4.key; caused by: de.uka.ilkd.key.proof.init.ProofInputException: Could not find rule file rules/intRulesCheckedSemantics.key)
	at de.uka.ilkd.key.control.AbstractUserInterfaceControl.load(AbstractUserInterfaceControl.java:221)
	at de.uka.ilkd.key.control.KeYEnvironment.load(KeYEnvironment.java:251)
	at de.uka.ilkd.key.control.KeYEnvironment.load(KeYEnvironment.java:224)
	at de.uka.ilkd.key.control.KeYEnvironment.load(KeYEnvironment.java:184)
	at de.uka.ilkd.key.control.KeYEnvironment.load(KeYEnvironment.java:261)
	at de.uka.ilkd.key.proof.runallproofs.proofcollection.TestFile.load(TestFile.java:270)
	at de.uka.ilkd.key.proof.runallproofs.proofcollection.TestFile.runKey(TestFile.java:160)
	at de.uka.ilkd.key.proof.runallproofs.proofcollection.ForkedTestFileRunner.main(ForkedTestFileRunner.java:171)
Caused by: de.uka.ilkd.key.proof.init.ProofInputException: Could not find rule file rules/intRulesCheckedSemantics.key
	at de.uka.ilkd.key.proof.io.KeYFile.readIncludes(KeYFile.java:210)
	at de.uka.ilkd.key.proof.init.ProblemInitializer.readIncludes(ProblemInitializer.java:177)
	at de.uka.ilkd.key.proof.init.ProblemInitializer.readEnvInput(ProblemInitializer.java:325)
	at de.uka.ilkd.key.proof.init.ProblemInitializer.prepare(ProblemInitializer.java:449)
	at de.uka.ilkd.key.proof.io.AbstractProblemLoader.createInitConfig(AbstractProblemLoader.java:518)
	at de.uka.ilkd.key.proof.io.AbstractProblemLoader.loadEnvironment(AbstractProblemLoader.java:288)
	at de.uka.ilkd.key.proof.io.AbstractProblemLoader.load(AbstractProblemLoader.java:252)
	at de.uka.ilkd.key.control.AbstractUserInterfaceControl.load(AbstractUserInterfaceControl.java:209)
	... 7 more
Caused by: java.lang.RuntimeException: Could not find rule file rules/intRulesCheckedSemantics.key
	at de.uka.ilkd.key.proof.io.RuleSourceFactory.fromBuiltInRule(RuleSourceFactory.java:32)
	at de.uka.ilkd.key.proof.io.RuleSourceFactory.fromDefaultLocation(RuleSourceFactory.java:21)
	at de.uka.ilkd.key.nparser.builder.IncludeFinder.addInclude(IncludeFinder.java:63)
	at de.uka.ilkd.key.nparser.builder.IncludeFinder.visitOne_include(IncludeFinder.java:43)
	at de.uka.ilkd.key.nparser.builder.IncludeFinder.visitOne_include(IncludeFinder.java:20)
	at de.uka.ilkd.key.nparser.KeYParser$One_includeContext.accept(KeYParser.java:878)
	at de.uka.ilkd.key.nparser.builder.AbstractBuilder.lambda$mapOf$0(AbstractBuilder.java:112)
	at java.base/java.util.stream.ReferencePipeline$3$1.accept(ReferencePipeline.java:195)
	at java.base/java.util.ArrayList$ArrayListSpliterator.forEachRemaining(ArrayList.java:1655)
	at java.base/java.util.stream.AbstractPipeline.copyInto(AbstractPipeline.java:484)
	at java.base/java.util.stream.AbstractPipeline.wrapAndCopyInto(AbstractPipeline.java:474)
	at java.base/java.util.stream.ReduceOps$ReduceOp.evaluateSequential(ReduceOps.java:913)
	at java.base/java.util.stream.AbstractPipeline.evaluate(AbstractPipeline.java:234)
	at java.base/java.util.stream.ReferencePipeline.collect(ReferencePipeline.java:578)
	at de.uka.ilkd.key.nparser.builder.AbstractBuilder.mapOf(AbstractBuilder.java:112)
	at de.uka.ilkd.key.nparser.builder.IncludeFinder.visitOne_include_statement(IncludeFinder.java:35)
	at de.uka.ilkd.key.nparser.builder.IncludeFinder.visitOne_include_statement(IncludeFinder.java:20)
	at de.uka.ilkd.key.nparser.KeYParser$One_include_statementContext.accept(KeYParser.java:802)
	at org.antlr.v4.runtime.tree.AbstractParseTreeVisitor.visitChildren(AbstractParseTreeVisitor.java:46)
	at de.uka.ilkd.key.nparser.KeYParserBaseVisitor.visitDecls(KeYParserBaseVisitor.java:30)
	at de.uka.ilkd.key.nparser.KeYParser$DeclsContext.accept(KeYParser.java:500)
	at org.antlr.v4.runtime.tree.AbstractParseTreeVisitor.visitChildren(AbstractParseTreeVisitor.java:46)
	at de.uka.ilkd.key.nparser.KeYParserBaseVisitor.visitFile(KeYParserBaseVisitor.java:23)
	at de.uka.ilkd.key.nparser.KeYParser$FileContext.accept(KeYParser.java:306)
	at de.uka.ilkd.key.nparser.KeyAst.accept(KeyAst.java:41)
	at de.uka.ilkd.key.nparser.KeyAst$File.getIncludes(KeyAst.java:76)
	at de.uka.ilkd.key.proof.io.KeYFile.readIncludes(KeYFile.java:208)
	... 14 more
Could not find rule file rules/intRulesCheckedSemantics.key (file: /home/runner/work/key/key/key.core/../key.ui/examples/index/.././standard_key/inEqSimp/quadraticInEq5.key; caused by: de.uka.ilkd.key.proof.init.ProofInputException: Could not find rule file rules/intRulesCheckedSemantics.key)
	at de.uka.ilkd.key.control.AbstractUserInterfaceControl.load(AbstractUserInterfaceControl.java:221)
	at de.uka.ilkd.key.control.KeYEnvironment.load(KeYEnvironment.java:251)
	at de.uka.ilkd.key.control.KeYEnvironment.load(KeYEnvironment.java:224)
	at de.uka.ilkd.key.control.KeYEnvironment.load(KeYEnvironment.java:184)
	at de.uka.ilkd.key.control.KeYEnvironment.load(KeYEnvironment.java:261)
	at de.uka.ilkd.key.proof.runallproofs.proofcollection.TestFile.load(TestFile.java:270)
	at de.uka.ilkd.key.proof.runallproofs.proofcollection.TestFile.runKey(TestFile.java:160)
	at de.uka.ilkd.key.proof.runallproofs.proofcollection.ForkedTestFileRunner.main(ForkedTestFileRunner.java:171)
Caused by: de.uka.ilkd.key.proof.init.ProofInputException: Could not find rule file rules/intRulesCheckedSemantics.key
	at de.uka.ilkd.key.proof.io.KeYFile.readIncludes(KeYFile.java:210)
	at de.uka.ilkd.key.proof.init.ProblemInitializer.readIncludes(ProblemInitializer.java:177)
	at de.uka.ilkd.key.proof.init.ProblemInitializer.readEnvInput(ProblemInitializer.java:325)
	at de.uka.ilkd.key.proof.init.ProblemInitializer.prepare(ProblemInitializer.java:449)
	at de.uka.ilkd.key.proof.io.AbstractProblemLoader.createInitConfig(AbstractProblemLoader.java:518)
	at de.uka.ilkd.key.proof.io.AbstractProblemLoader.loadEnvironment(AbstractProblemLoader.java:288)
	at de.uka.ilkd.key.proof.io.AbstractProblemLoader.load(AbstractProblemLoader.java:252)
	at de.uka.ilkd.key.control.AbstractUserInterfaceControl.load(AbstractUserInterfaceControl.java:209)
	... 7 more
Caused by: java.lang.RuntimeException: Could not find rule file rules/intRulesCheckedSemantics.key
	at de.uka.ilkd.key.proof.io.RuleSourceFactory.fromBuiltInRule(RuleSourceFactory.java:32)
	at de.uka.ilkd.key.proof.io.RuleSourceFactory.fromDefaultLocation(RuleSourceFactory.java:21)
	at de.uka.ilkd.key.nparser.builder.IncludeFinder.addInclude(IncludeFinder.java:63)
	at de.uka.ilkd.key.nparser.builder.IncludeFinder.visitOne_include(IncludeFinder.java:43)
	at de.uka.ilkd.key.nparser.builder.IncludeFinder.visitOne_include(IncludeFinder.java:20)
	at de.uka.ilkd.key.nparser.KeYParser$One_includeContext.accept(KeYParser.java:878)
	at de.uka.ilkd.key.nparser.builder.AbstractBuilder.lambda$mapOf$0(AbstractBuilder.java:112)
	at java.base/java.util.stream.ReferencePipeline$3$1.accept(ReferencePipeline.java:195)
	at java.base/java.util.ArrayList$ArrayListSpliterator.forEachRemaining(ArrayList.java:1655)
	at java.base/java.util.stream.AbstractPipeline.copyInto(AbstractPipeline.java:484)
	at java.base/java.util.stream.AbstractPipeline.wrapAndCopyInto(AbstractPipeline.java:474)
	at java.base/java.util.stream.ReduceOps$ReduceOp.evaluateSequential(ReduceOps.java:913)
	at java.base/java.util.stream.AbstractPipeline.evaluate(AbstractPipeline.java:234)
	at java.base/java.util.stream.ReferencePipeline.collect(ReferencePipeline.java:578)
	at de.uka.ilkd.key.nparser.builder.AbstractBuilder.mapOf(AbstractBuilder.java:112)
	at de.uka.ilkd.key.nparser.builder.IncludeFinder.visitOne_include_statement(IncludeFinder.java:35)
	at de.uka.ilkd.key.nparser.builder.IncludeFinder.visitOne_include_statement(IncludeFinder.java:20)
	at de.uka.ilkd.key.nparser.KeYParser$One_include_statementContext.accept(KeYParser.java:802)
	at org.antlr.v4.runtime.tree.AbstractParseTreeVisitor.visitChildren(AbstractParseTreeVisitor.java:46)
	at de.uka.ilkd.key.nparser.KeYParserBaseVisitor.visitDecls(KeYParserBaseVisitor.java:30)
	at de.uka.ilkd.key.nparser.KeYParser$DeclsContext.accept(KeYParser.java:500)
	at org.antlr.v4.runtime.tree.AbstractParseTreeVisitor.visitChildren(AbstractParseTreeVisitor.java:46)
	at de.uka.ilkd.key.nparser.KeYParserBaseVisitor.visitFile(KeYParserBaseVisitor.java:23)
	at de.uka.ilkd.key.nparser.KeYParser$FileContext.accept(KeYParser.java:306)
	at de.uka.ilkd.key.nparser.KeyAst.accept(KeyAst.java:41)
	at de.uka.ilkd.key.nparser.KeyAst$File.getIncludes(KeyAst.java:76)
	at de.uka.ilkd.key.proof.io.KeYFile.readIncludes(KeYFile.java:208)
	... 14 more
Could not find rule file rules/intRulesCheckedSemantics.key (file: /home/runner/work/key/key/key.core/../key.ui/examples/index/.././standard_key/inEqSimp/quadraticInEq6.key; caused by: de.uka.ilkd.key.proof.init.ProofInputException: Could not find rule file rules/intRulesCheckedSemantics.key)
	at de.uka.ilkd.key.control.AbstractUserInterfaceControl.load(AbstractUserInterfaceControl.java:221)
	at de.uka.ilkd.key.control.KeYEnvironment.load(KeYEnvironment.java:251)
	at de.uka.ilkd.key.control.KeYEnvironment.load(KeYEnvironment.java:224)
	at de.uka.ilkd.key.control.KeYEnvironment.load(KeYEnvironment.java:184)
	at de.uka.ilkd.key.control.KeYEnvironment.load(KeYEnvironment.java:261)
	at de.uka.ilkd.key.proof.runallproofs.proofcollection.TestFile.load(TestFile.java:270)
	at de.uka.ilkd.key.proof.runallproofs.proofcollection.TestFile.runKey(TestFile.java:160)
	at de.uka.ilkd.key.proof.runallproofs.proofcollection.ForkedTestFileRunner.main(ForkedTestFileRunner.java:171)
Caused by: de.uka.ilkd.key.proof.init.ProofInputException: Could not find rule file rules/intRulesCheckedSemantics.key
	at de.uka.ilkd.key.proof.io.KeYFile.readIncludes(KeYFile.java:210)
	at de.uka.ilkd.key.proof.init.ProblemInitializer.readIncludes(ProblemInitializer.java:177)
	at de.uka.ilkd.key.proof.init.ProblemInitializer.readEnvInput(ProblemInitializer.java:325)
	at de.uka.ilkd.key.proof.init.ProblemInitializer.prepare(ProblemInitializer.java:449)
	at de.uka.ilkd.key.proof.io.AbstractProblemLoader.createInitConfig(AbstractProblemLoader.java:518)
	at de.uka.ilkd.key.proof.io.AbstractProblemLoader.loadEnvironment(AbstractProblemLoader.java:288)
	at de.uka.ilkd.key.proof.io.AbstractProblemLoader.load(AbstractProblemLoader.java:252)
	at de.uka.ilkd.key.control.AbstractUserInterfaceControl.load(AbstractUserInterfaceControl.java:209)
	... 7 more
Caused by: java.lang.RuntimeException: Could not find rule file rules/intRulesCheckedSemantics.key
	at de.uka.ilkd.key.proof.io.RuleSourceFactory.fromBuiltInRule(RuleSourceFactory.java:32)
	at de.uka.ilkd.key.proof.io.RuleSourceFactory.fromDefaultLocation(RuleSourceFactory.java:21)
	at de.uka.ilkd.key.nparser.builder.IncludeFinder.addInclude(IncludeFinder.java:63)
	at de.uka.ilkd.key.nparser.builder.IncludeFinder.visitOne_include(IncludeFinder.java:43)
	at de.uka.ilkd.key.nparser.builder.IncludeFinder.visitOne_include(IncludeFinder.java:20)
	at de.uka.ilkd.key.nparser.KeYParser$One_includeContext.accept(KeYParser.java:878)
	at de.uka.ilkd.key.nparser.builder.AbstractBuilder.lambda$mapOf$0(AbstractBuilder.java:112)
	at java.base/java.util.stream.ReferencePipeline$3$1.accept(ReferencePipeline.java:195)
	at java.base/java.util.ArrayList$ArrayListSpliterator.forEachRemaining(ArrayList.java:1655)
	at java.base/java.util.stream.AbstractPipeline.copyInto(AbstractPipeline.java:484)
	at java.base/java.util.stream.AbstractPipeline.wrapAndCopyInto(AbstractPipeline.java:474)
	at java.base/java.util.stream.ReduceOps$ReduceOp.evaluateSequential(ReduceOps.java:913)
	at java.base/java.util.stream.AbstractPipeline.evaluate(AbstractPipeline.java:234)
	at java.base/java.util.stream.ReferencePipeline.collect(ReferencePipeline.java:578)
	at de.uka.ilkd.key.nparser.builder.AbstractBuilder.mapOf(AbstractBuilder.java:112)
	at de.uka.ilkd.key.nparser.builder.IncludeFinder.visitOne_include_statement(IncludeFinder.java:35)
	at de.uka.ilkd.key.nparser.builder.IncludeFinder.visitOne_include_statement(IncludeFinder.java:20)
	at de.uka.ilkd.key.nparser.KeYParser$One_include_statementContext.accept(KeYParser.java:802)
	at org.antlr.v4.runtime.tree.AbstractParseTreeVisitor.visitChildren(AbstractParseTreeVisitor.java:46)
	at de.uka.ilkd.key.nparser.KeYParserBaseVisitor.visitDecls(KeYParserBaseVisitor.java:30)
	at de.uka.ilkd.key.nparser.KeYParser$DeclsContext.accept(KeYParser.java:500)
	at org.antlr.v4.runtime.tree.AbstractParseTreeVisitor.visitChildren(AbstractParseTreeVisitor.java:46)
	at de.uka.ilkd.key.nparser.KeYParserBaseVisitor.visitFile(KeYParserBaseVisitor.java:23)
	at de.uka.ilkd.key.nparser.KeYParser$FileContext.accept(KeYParser.java:306)
	at de.uka.ilkd.key.nparser.KeyAst.accept(KeyAst.java:41)
	at de.uka.ilkd.key.nparser.KeyAst$File.getIncludes(KeyAst.java:76)
	at de.uka.ilkd.key.proof.io.KeYFile.readIncludes(KeYFile.java:208)
	... 14 more
Could not find rule file rules/intRulesCheckedSemantics.key (file: /home/runner/work/key/key/key.core/../key.ui/examples/index/.././standard_key/inEqSimp/quadraticInEq7.key; caused by: de.uka.ilkd.key.proof.init.ProofInputException: Could not find rule file rules/intRulesCheckedSemantics.key)
	at de.uka.ilkd.key.control.AbstractUserInterfaceControl.load(AbstractUserInterfaceControl.java:221)
	at de.uka.ilkd.key.control.KeYEnvironment.load(KeYEnvironment.java:251)
	at de.uka.ilkd.key.control.KeYEnvironment.load(KeYEnvironment.java:224)
	at de.uka.ilkd.key.control.KeYEnvironment.load(KeYEnvironment.java:184)
	at de.uka.ilkd.key.control.KeYEnvironment.load(KeYEnvironment.java:261)
	at de.uka.ilkd.key.proof.runallproofs.proofcollection.TestFile.load(TestFile.java:270)
	at de.uka.ilkd.key.proof.runallproofs.proofcollection.TestFile.runKey(TestFile.java:160)
	at de.uka.ilkd.key.proof.runallproofs.proofcollection.ForkedTestFileRunner.main(ForkedTestFileRunner.java:171)
Caused by: de.uka.ilkd.key.proof.init.ProofInputException: Could not find rule file rules/intRulesCheckedSemantics.key
	at de.uka.ilkd.key.proof.io.KeYFile.readIncludes(KeYFile.java:210)
	at de.uka.ilkd.key.proof.init.ProblemInitializer.readIncludes(ProblemInitializer.java:177)
	at de.uka.ilkd.key.proof.init.ProblemInitializer.readEnvInput(ProblemInitializer.java:325)
	at de.uka.ilkd.key.proof.init.ProblemInitializer.prepare(ProblemInitializer.java:449)
	at de.uka.ilkd.key.proof.io.AbstractProblemLoader.createInitConfig(AbstractProblemLoader.java:518)
	at de.uka.ilkd.key.proof.io.AbstractProblemLoader.loadEnvironment(AbstractProblemLoader.java:288)
	at de.uka.ilkd.key.proof.io.AbstractProblemLoader.load(AbstractProblemLoader.java:252)
	at de.uka.ilkd.key.control.AbstractUserInterfaceControl.load(AbstractUserInterfaceControl.java:209)
	... 7 more
Caused by: java.lang.RuntimeException: Could not find rule file rules/intRulesCheckedSemantics.key
	at de.uka.ilkd.key.proof.io.RuleSourceFactory.fromBuiltInRule(RuleSourceFactory.java:32)
	at de.uka.ilkd.key.proof.io.RuleSourceFactory.fromDefaultLocation(RuleSourceFactory.java:21)
	at de.uka.ilkd.key.nparser.builder.IncludeFinder.addInclude(IncludeFinder.java:63)
	at de.uka.ilkd.key.nparser.builder.IncludeFinder.visitOne_include(IncludeFinder.java:43)
	at de.uka.ilkd.key.nparser.builder.IncludeFinder.visitOne_include(IncludeFinder.java:20)
	at de.uka.ilkd.key.nparser.KeYParser$One_includeContext.accept(KeYParser.java:878)
	at de.uka.ilkd.key.nparser.builder.AbstractBuilder.lambda$mapOf$0(AbstractBuilder.java:112)
	at java.base/java.util.stream.ReferencePipeline$3$1.accept(ReferencePipeline.java:195)
	at java.base/java.util.ArrayList$ArrayListSpliterator.forEachRemaining(ArrayList.java:1655)
	at java.base/java.util.stream.AbstractPipeline.copyInto(AbstractPipeline.java:484)
	at java.base/java.util.stream.AbstractPipeline.wrapAndCopyInto(AbstractPipeline.java:474)
	at java.base/java.util.stream.ReduceOps$ReduceOp.evaluateSequential(ReduceOps.java:913)
	at java.base/java.util.stream.AbstractPipeline.evaluate(AbstractPipeline.java:234)
	at java.base/java.util.stream.ReferencePipeline.collect(ReferencePipeline.java:578)
	at de.uka.ilkd.key.nparser.builder.AbstractBuilder.mapOf(AbstractBuilder.java:112)
	at de.uka.ilkd.key.nparser.builder.IncludeFinder.visitOne_include_statement(IncludeFinder.java:35)
	at de.uka.ilkd.key.nparser.builder.IncludeFinder.visitOne_include_statement(IncludeFinder.java:20)
	at de.uka.ilkd.key.nparser.KeYParser$One_include_statementContext.accept(KeYParser.java:802)
	at org.antlr.v4.runtime.tree.AbstractParseTreeVisitor.visitChildren(AbstractParseTreeVisitor.java:46)
	at de.uka.ilkd.key.nparser.KeYParserBaseVisitor.visitDecls(KeYParserBaseVisitor.java:30)
	at de.uka.ilkd.key.nparser.KeYParser$DeclsContext.accept(KeYParser.java:500)
	at org.antlr.v4.runtime.tree.AbstractParseTreeVisitor.visitChildren(AbstractParseTreeVisitor.java:46)
	at de.uka.ilkd.key.nparser.KeYParserBaseVisitor.visitFile(KeYParserBaseVisitor.java:23)
	at de.uka.ilkd.key.nparser.KeYParser$FileContext.accept(KeYParser.java:306)
	at de.uka.ilkd.key.nparser.KeyAst.accept(KeyAst.java:41)
	at de.uka.ilkd.key.nparser.KeyAst$File.getIncludes(KeyAst.java:76)
	at de.uka.ilkd.key.proof.io.KeYFile.readIncludes(KeYFile.java:208)
	... 14 more
Could not find rule file rules/intRulesCheckedSemantics.key (file: /home/runner/work/key/key/key.core/../key.ui/examples/index/.././standard_key/inEqSimp/quadraticInEq8.key; caused by: de.uka.ilkd.key.proof.init.ProofInputException: Could not find rule file rules/intRulesCheckedSemantics.key)
	at de.uka.ilkd.key.control.AbstractUserInterfaceControl.load(AbstractUserInterfaceControl.java:221)
	at de.uka.ilkd.key.control.KeYEnvironment.load(KeYEnvironment.java:251)
	at de.uka.ilkd.key.control.KeYEnvironment.load(KeYEnvironment.java:224)
	at de.uka.ilkd.key.control.KeYEnvironment.load(KeYEnvironment.java:184)
	at de.uka.ilkd.key.control.KeYEnvironment.load(KeYEnvironment.java:261)
	at de.uka.ilkd.key.proof.runallproofs.proofcollection.TestFile.load(TestFile.java:270)
	at de.uka.ilkd.key.proof.runallproofs.proofcollection.TestFile.runKey(TestFile.java:160)
	at de.uka.ilkd.key.proof.runallproofs.proofcollection.ForkedTestFileRunner.main(ForkedTestFileRunner.java:171)
Caused by: de.uka.ilkd.key.proof.init.ProofInputException: Could not find rule file rules/intRulesCheckedSemantics.key
	at de.uka.ilkd.key.proof.io.KeYFile.readIncludes(KeYFile.java:210)
	at de.uka.ilkd.key.proof.init.ProblemInitializer.readIncludes(ProblemInitializer.java:177)
	at de.uka.ilkd.key.proof.init.ProblemInitializer.readEnvInput(ProblemInitializer.java:325)
	at de.uka.ilkd.key.proof.init.ProblemInitializer.prepare(ProblemInitializer.java:449)
	at de.uka.ilkd.key.proof.io.AbstractProblemLoader.createInitConfig(AbstractProblemLoader.java:518)
	at de.uka.ilkd.key.proof.io.AbstractProblemLoader.loadEnvironment(AbstractProblemLoader.java:288)
	at de.uka.ilkd.key.proof.io.AbstractProblemLoader.load(AbstractProblemLoader.java:252)
	at de.uka.ilkd.key.control.AbstractUserInterfaceControl.load(AbstractUserInterfaceControl.java:209)
	... 7 more
Caused by: java.lang.RuntimeException: Could not find rule file rules/intRulesCheckedSemantics.key
	at de.uka.ilkd.key.proof.io.RuleSourceFactory.fromBuiltInRule(RuleSourceFactory.java:32)
	at de.uka.ilkd.key.proof.io.RuleSourceFactory.fromDefaultLocation(RuleSourceFactory.java:21)
	at de.uka.ilkd.key.nparser.builder.IncludeFinder.addInclude(IncludeFinder.java:63)
	at de.uka.ilkd.key.nparser.builder.IncludeFinder.visitOne_include(IncludeFinder.java:43)
	at de.uka.ilkd.key.nparser.builder.IncludeFinder.visitOne_include(IncludeFinder.java:20)
	at de.uka.ilkd.key.nparser.KeYParser$One_includeContext.accept(KeYParser.java:878)
	at de.uka.ilkd.key.nparser.builder.AbstractBuilder.lambda$mapOf$0(AbstractBuilder.java:112)
	at java.base/java.util.stream.ReferencePipeline$3$1.accept(ReferencePipeline.java:195)
	at java.base/java.util.ArrayList$ArrayListSpliterator.forEachRemaining(ArrayList.java:1655)
	at java.base/java.util.stream.AbstractPipeline.copyInto(AbstractPipeline.java:484)
	at java.base/java.util.stream.AbstractPipeline.wrapAndCopyInto(AbstractPipeline.java:474)
	at java.base/java.util.stream.ReduceOps$ReduceOp.evaluateSequential(ReduceOps.java:913)
	at java.base/java.util.stream.AbstractPipeline.evaluate(AbstractPipeline.java:234)
	at java.base/java.util.stream.ReferencePipeline.collect(ReferencePipeline.java:578)
	at de.uka.ilkd.key.nparser.builder.AbstractBuilder.mapOf(AbstractBuilder.java:112)
	at de.uka.ilkd.key.nparser.builder.IncludeFinder.visitOne_include_statement(IncludeFinder.java:35)
	at de.uka.ilkd.key.nparser.builder.IncludeFinder.visitOne_include_statement(IncludeFinder.java:20)
	at de.uka.ilkd.key.nparser.KeYParser$One_include_statementContext.accept(KeYParser.java:802)
	at org.antlr.v4.runtime.tree.AbstractParseTreeVisitor.visitChildren(AbstractParseTreeVisitor.java:46)
	at de.uka.ilkd.key.nparser.KeYParserBaseVisitor.visitDecls(KeYParserBaseVisitor.java:30)
	at de.uka.ilkd.key.nparser.KeYParser$DeclsContext.accept(KeYParser.java:500)
	at org.antlr.v4.runtime.tree.AbstractParseTreeVisitor.visitChildren(AbstractParseTreeVisitor.java:46)
	at de.uka.ilkd.key.nparser.KeYParserBaseVisitor.visitFile(KeYParserBaseVisitor.java:23)
	at de.uka.ilkd.key.nparser.KeYParser$FileContext.accept(KeYParser.java:306)
	at de.uka.ilkd.key.nparser.KeyAst.accept(KeyAst.java:41)
	at de.uka.ilkd.key.nparser.KeyAst$File.getIncludes(KeyAst.java:76)
	at de.uka.ilkd.key.proof.io.KeYFile.readIncludes(KeYFile.java:208)
	... 14 more
Could not find rule file rules/intRulesCheckedSemantics.key (file: /home/runner/work/key/key/key.core/../key.ui/examples/index/.././standard_key/inEqSimp/simplify0.key; caused by: de.uka.ilkd.key.proof.init.ProofInputException: Could not find rule file rules/intRulesCheckedSemantics.key)
	at de.uka.ilkd.key.control.AbstractUserInterfaceControl.load(AbstractUserInterfaceControl.java:221)
	at de.uka.ilkd.key.control.KeYEnvironment.load(KeYEnvironment.java:251)
	at de.uka.ilkd.key.control.KeYEnvironment.load(KeYEnvironment.java:224)
	at de.uka.ilkd.key.control.KeYEnvironment.load(KeYEnvironment.java:184)
	at de.uka.ilkd.key.control.KeYEnvironment.load(KeYEnvironment.java:261)
	at de.uka.ilkd.key.proof.runallproofs.proofcollection.TestFile.load(TestFile.java:270)
	at de.uka.ilkd.key.proof.runallproofs.proofcollection.TestFile.runKey(TestFile.java:160)
	at de.uka.ilkd.key.proof.runallproofs.proofcollection.ForkedTestFileRunner.main(ForkedTestFileRunner.java:171)
Caused by: de.uka.ilkd.key.proof.init.ProofInputException: Could not find rule file rules/intRulesCheckedSemantics.key
	at de.uka.ilkd.key.proof.io.KeYFile.readIncludes(KeYFile.java:210)
	at de.uka.ilkd.key.proof.init.ProblemInitializer.readIncludes(ProblemInitializer.java:177)
	at de.uka.ilkd.key.proof.init.ProblemInitializer.readEnvInput(ProblemInitializer.java:325)
	at de.uka.ilkd.key.proof.init.ProblemInitializer.prepare(ProblemInitializer.java:449)
	at de.uka.ilkd.key.proof.io.AbstractProblemLoader.createInitConfig(AbstractProblemLoader.java:518)
	at de.uka.ilkd.key.proof.io.AbstractProblemLoader.loadEnvironment(AbstractProblemLoader.java:288)
	at de.uka.ilkd.key.proof.io.AbstractProblemLoader.load(AbstractProblemLoader.java:252)
	at de.uka.ilkd.key.control.AbstractUserInterfaceControl.load(AbstractUserInterfaceControl.java:209)
	... 7 more
Caused by: java.lang.RuntimeException: Could not find rule file rules/intRulesCheckedSemantics.key
	at de.uka.ilkd.key.proof.io.RuleSourceFactory.fromBuiltInRule(RuleSourceFactory.java:32)
	at de.uka.ilkd.key.proof.io.RuleSourceFactory.fromDefaultLocation(RuleSourceFactory.java:21)
	at de.uka.ilkd.key.nparser.builder.IncludeFinder.addInclude(IncludeFinder.java:63)
	at de.uka.ilkd.key.nparser.builder.IncludeFinder.visitOne_include(IncludeFinder.java:43)
	at de.uka.ilkd.key.nparser.builder.IncludeFinder.visitOne_include(IncludeFinder.java:20)
	at de.uka.ilkd.key.nparser.KeYParser$One_includeContext.accept(KeYParser.java:878)
	at de.uka.ilkd.key.nparser.builder.AbstractBuilder.lambda$mapOf$0(AbstractBuilder.java:112)
	at java.base/java.util.stream.ReferencePipeline$3$1.accept(ReferencePipeline.java:195)
	at java.base/java.util.ArrayList$ArrayListSpliterator.forEachRemaining(ArrayList.java:1655)
	at java.base/java.util.stream.AbstractPipeline.copyInto(AbstractPipeline.java:484)
	at java.base/java.util.stream.AbstractPipeline.wrapAndCopyInto(AbstractPipeline.java:474)
	at java.base/java.util.stream.ReduceOps$ReduceOp.evaluateSequential(ReduceOps.java:913)
	at java.base/java.util.stream.AbstractPipeline.evaluate(AbstractPipeline.java:234)
	at java.base/java.util.stream.ReferencePipeline.collect(ReferencePipeline.java:578)
	at de.uka.ilkd.key.nparser.builder.AbstractBuilder.mapOf(AbstractBuilder.java:112)
	at de.uka.ilkd.key.nparser.builder.IncludeFinder.visitOne_include_statement(IncludeFinder.java:35)
	at de.uka.ilkd.key.nparser.builder.IncludeFinder.visitOne_include_statement(IncludeFinder.java:20)
	at de.uka.ilkd.key.nparser.KeYParser$One_include_statementContext.accept(KeYParser.java:802)
	at org.antlr.v4.runtime.tree.AbstractParseTreeVisitor.visitChildren(AbstractParseTreeVisitor.java:46)
	at de.uka.ilkd.key.nparser.KeYParserBaseVisitor.visitDecls(KeYParserBaseVisitor.java:30)
	at de.uka.ilkd.key.nparser.KeYParser$DeclsContext.accept(KeYParser.java:500)
	at org.antlr.v4.runtime.tree.AbstractParseTreeVisitor.visitChildren(AbstractParseTreeVisitor.java:46)
	at de.uka.ilkd.key.nparser.KeYParserBaseVisitor.visitFile(KeYParserBaseVisitor.java:23)
	at de.uka.ilkd.key.nparser.KeYParser$FileContext.accept(KeYParser.java:306)
	at de.uka.ilkd.key.nparser.KeyAst.accept(KeyAst.java:41)
	at de.uka.ilkd.key.nparser.KeyAst$File.getIncludes(KeyAst.java:76)
	at de.uka.ilkd.key.proof.io.KeYFile.readIncludes(KeYFile.java:208)
	... 14 more
Could not find rule file rules/intRulesCheckedSemantics.key (file: /home/runner/work/key/key/key.core/../key.ui/examples/index/.././standard_key/inEqSimp/simplify1.key; caused by: de.uka.ilkd.key.proof.init.ProofInputException: Could not find rule file rules/intRulesCheckedSemantics.key)
	at de.uka.ilkd.key.control.AbstractUserInterfaceControl.load(AbstractUserInterfaceControl.java:221)
	at de.uka.ilkd.key.control.KeYEnvironment.load(KeYEnvironment.java:251)
	at de.uka.ilkd.key.control.KeYEnvironment.load(KeYEnvironment.java:224)
	at de.uka.ilkd.key.control.KeYEnvironment.load(KeYEnvironment.java:184)
	at de.uka.ilkd.key.control.KeYEnvironment.load(KeYEnvironment.java:261)
	at de.uka.ilkd.key.proof.runallproofs.proofcollection.TestFile.load(TestFile.java:270)
	at de.uka.ilkd.key.proof.runallproofs.proofcollection.TestFile.runKey(TestFile.java:160)
	at de.uka.ilkd.key.proof.runallproofs.proofcollection.ForkedTestFileRunner.main(ForkedTestFileRunner.java:171)
Caused by: de.uka.ilkd.key.proof.init.ProofInputException: Could not find rule file rules/intRulesCheckedSemantics.key
	at de.uka.ilkd.key.proof.io.KeYFile.readIncludes(KeYFile.java:210)
	at de.uka.ilkd.key.proof.init.ProblemInitializer.readIncludes(ProblemInitializer.java:177)
	at de.uka.ilkd.key.proof.init.ProblemInitializer.readEnvInput(ProblemInitializer.java:325)
	at de.uka.ilkd.key.proof.init.ProblemInitializer.prepare(ProblemInitializer.java:449)
	at de.uka.ilkd.key.proof.io.AbstractProblemLoader.createInitConfig(AbstractProblemLoader.java:518)
	at de.uka.ilkd.key.proof.io.AbstractProblemLoader.loadEnvironment(AbstractProblemLoader.java:288)
	at de.uka.ilkd.key.proof.io.AbstractProblemLoader.load(AbstractProblemLoader.java:252)
	at de.uka.ilkd.key.control.AbstractUserInterfaceControl.load(AbstractUserInterfaceControl.java:209)
	... 7 more
Caused by: java.lang.RuntimeException: Could not find rule file rules/intRulesCheckedSemantics.key
	at de.uka.ilkd.key.proof.io.RuleSourceFactory.fromBuiltInRule(RuleSourceFactory.java:32)
	at de.uka.ilkd.key.proof.io.RuleSourceFactory.fromDefaultLocation(RuleSourceFactory.java:21)
	at de.uka.ilkd.key.nparser.builder.IncludeFinder.addInclude(IncludeFinder.java:63)
	at de.uka.ilkd.key.nparser.builder.IncludeFinder.visitOne_include(IncludeFinder.java:43)
	at de.uka.ilkd.key.nparser.builder.IncludeFinder.visitOne_include(IncludeFinder.java:20)
	at de.uka.ilkd.key.nparser.KeYParser$One_includeContext.accept(KeYParser.java:878)
	at de.uka.ilkd.key.nparser.builder.AbstractBuilder.lambda$mapOf$0(AbstractBuilder.java:112)
	at java.base/java.util.stream.ReferencePipeline$3$1.accept(ReferencePipeline.java:195)
	at java.base/java.util.ArrayList$ArrayListSpliterator.forEachRemaining(ArrayList.java:1655)
	at java.base/java.util.stream.AbstractPipeline.copyInto(AbstractPipeline.java:484)
	at java.base/java.util.stream.AbstractPipeline.wrapAndCopyInto(AbstractPipeline.java:474)
	at java.base/java.util.stream.ReduceOps$ReduceOp.evaluateSequential(ReduceOps.java:913)
	at java.base/java.util.stream.AbstractPipeline.evaluate(AbstractPipeline.java:234)
	at java.base/java.util.stream.ReferencePipeline.collect(ReferencePipeline.java:578)
	at de.uka.ilkd.key.nparser.builder.AbstractBuilder.mapOf(AbstractBuilder.java:112)
	at de.uka.ilkd.key.nparser.builder.IncludeFinder.visitOne_include_statement(IncludeFinder.java:35)
	at de.uka.ilkd.key.nparser.builder.IncludeFinder.visitOne_include_statement(IncludeFinder.java:20)
	at de.uka.ilkd.key.nparser.KeYParser$One_include_statementContext.accept(KeYParser.java:802)
	at org.antlr.v4.runtime.tree.AbstractParseTreeVisitor.visitChildren(AbstractParseTreeVisitor.java:46)
	at de.uka.ilkd.key.nparser.KeYParserBaseVisitor.visitDecls(KeYParserBaseVisitor.java:30)
	at de.uka.ilkd.key.nparser.KeYParser$DeclsContext.accept(KeYParser.java:500)
	at org.antlr.v4.runtime.tree.AbstractParseTreeVisitor.visitChildren(AbstractParseTreeVisitor.java:46)
	at de.uka.ilkd.key.nparser.KeYParserBaseVisitor.visitFile(KeYParserBaseVisitor.java:23)
	at de.uka.ilkd.key.nparser.KeYParser$FileContext.accept(KeYParser.java:306)
	at de.uka.ilkd.key.nparser.KeyAst.accept(KeyAst.java:41)
	at de.uka.ilkd.key.nparser.KeyAst$File.getIncludes(KeyAst.java:76)
	at de.uka.ilkd.key.proof.io.KeYFile.readIncludes(KeYFile.java:208)
	... 14 more
Could not find rule file rules/intRulesCheckedSemantics.key (file: /home/runner/work/key/key/key.core/../key.ui/examples/index/.././standard_key/inEqSimp/simplify2.key; caused by: de.uka.ilkd.key.proof.init.ProofInputException: Could not find rule file rules/intRulesCheckedSemantics.key)
	at de.uka.ilkd.key.control.AbstractUserInterfaceControl.load(AbstractUserInterfaceControl.java:221)
	at de.uka.ilkd.key.control.KeYEnvironment.load(KeYEnvironment.java:251)
	at de.uka.ilkd.key.control.KeYEnvironment.load(KeYEnvironment.java:224)
	at de.uka.ilkd.key.control.KeYEnvironment.load(KeYEnvironment.java:184)
	at de.uka.ilkd.key.control.KeYEnvironment.load(KeYEnvironment.java:261)
	at de.uka.ilkd.key.proof.runallproofs.proofcollection.TestFile.load(TestFile.java:270)
	at de.uka.ilkd.key.proof.runallproofs.proofcollection.TestFile.runKey(TestFile.java:160)
	at de.uka.ilkd.key.proof.runallproofs.proofcollection.ForkedTestFileRunner.main(ForkedTestFileRunner.java:171)
Caused by: de.uka.ilkd.key.proof.init.ProofInputException: Could not find rule file rules/intRulesCheckedSemantics.key
	at de.uka.ilkd.key.proof.io.KeYFile.readIncludes(KeYFile.java:210)
	at de.uka.ilkd.key.proof.init.ProblemInitializer.readIncludes(ProblemInitializer.java:177)
	at de.uka.ilkd.key.proof.init.ProblemInitializer.readEnvInput(ProblemInitializer.java:325)
	at de.uka.ilkd.key.proof.init.ProblemInitializer.prepare(ProblemInitializer.java:449)
	at de.uka.ilkd.key.proof.io.AbstractProblemLoader.createInitConfig(AbstractProblemLoader.java:518)
	at de.uka.ilkd.key.proof.io.AbstractProblemLoader.loadEnvironment(AbstractProblemLoader.java:288)
	at de.uka.ilkd.key.proof.io.AbstractProblemLoader.load(AbstractProblemLoader.java:252)
	at de.uka.ilkd.key.control.AbstractUserInterfaceControl.load(AbstractUserInterfaceControl.java:209)
	... 7 more
Caused by: java.lang.RuntimeException: Could not find rule file rules/intRulesCheckedSemantics.key
	at de.uka.ilkd.key.proof.io.RuleSourceFactory.fromBuiltInRule(RuleSourceFactory.java:32)
	at de.uka.ilkd.key.proof.io.RuleSourceFactory.fromDefaultLocation(RuleSourceFactory.java:21)
	at de.uka.ilkd.key.nparser.builder.IncludeFinder.addInclude(IncludeFinder.java:63)
	at de.uka.ilkd.key.nparser.builder.IncludeFinder.visitOne_include(IncludeFinder.java:43)
	at de.uka.ilkd.key.nparser.builder.IncludeFinder.visitOne_include(IncludeFinder.java:20)
	at de.uka.ilkd.key.nparser.KeYParser$One_includeContext.accept(KeYParser.java:878)
	at de.uka.ilkd.key.nparser.builder.AbstractBuilder.lambda$mapOf$0(AbstractBuilder.java:112)
	at java.base/java.util.stream.ReferencePipeline$3$1.accept(ReferencePipeline.java:195)
	at java.base/java.util.ArrayList$ArrayListSpliterator.forEachRemaining(ArrayList.java:1655)
	at java.base/java.util.stream.AbstractPipeline.copyInto(AbstractPipeline.java:484)
	at java.base/java.util.stream.AbstractPipeline.wrapAndCopyInto(AbstractPipeline.java:474)
	at java.base/java.util.stream.ReduceOps$ReduceOp.evaluateSequential(ReduceOps.java:913)
	at java.base/java.util.stream.AbstractPipeline.evaluate(AbstractPipeline.java:234)
	at java.base/java.util.stream.ReferencePipeline.collect(ReferencePipeline.java:578)
	at de.uka.ilkd.key.nparser.builder.AbstractBuilder.mapOf(AbstractBuilder.java:112)
	at de.uka.ilkd.key.nparser.builder.IncludeFinder.visitOne_include_statement(IncludeFinder.java:35)
	at de.uka.ilkd.key.nparser.builder.IncludeFinder.visitOne_include_statement(IncludeFinder.java:20)
	at de.uka.ilkd.key.nparser.KeYParser$One_include_statementContext.accept(KeYParser.java:802)
	at org.antlr.v4.runtime.tree.AbstractParseTreeVisitor.visitChildren(AbstractParseTreeVisitor.java:46)
	at de.uka.ilkd.key.nparser.KeYParserBaseVisitor.visitDecls(KeYParserBaseVisitor.java:30)
	at de.uka.ilkd.key.nparser.KeYParser$DeclsContext.accept(KeYParser.java:500)
	at org.antlr.v4.runtime.tree.AbstractParseTreeVisitor.visitChildren(AbstractParseTreeVisitor.java:46)
	at de.uka.ilkd.key.nparser.KeYParserBaseVisitor.visitFile(KeYParserBaseVisitor.java:23)
	at de.uka.ilkd.key.nparser.KeYParser$FileContext.accept(KeYParser.java:306)
	at de.uka.ilkd.key.nparser.KeyAst.accept(KeyAst.java:41)
	at de.uka.ilkd.key.nparser.KeyAst$File.getIncludes(KeyAst.java:76)
	at de.uka.ilkd.key.proof.io.KeYFile.readIncludes(KeYFile.java:208)
	... 14 more
Could not find rule file rules/intRulesCheckedSemantics.key (file: /home/runner/work/key/key/key.core/../key.ui/examples/index/.././standard_key/inEqSimp/simplify3.key; caused by: de.uka.ilkd.key.proof.init.ProofInputException: Could not find rule file rules/intRulesCheckedSemantics.key)
	at de.uka.ilkd.key.control.AbstractUserInterfaceControl.load(AbstractUserInterfaceControl.java:221)
	at de.uka.ilkd.key.control.KeYEnvironment.load(KeYEnvironment.java:251)
	at de.uka.ilkd.key.control.KeYEnvironment.load(KeYEnvironment.java:224)
	at de.uka.ilkd.key.control.KeYEnvironment.load(KeYEnvironment.java:184)
	at de.uka.ilkd.key.control.KeYEnvironment.load(KeYEnvironment.java:261)
	at de.uka.ilkd.key.proof.runallproofs.proofcollection.TestFile.load(TestFile.java:270)
	at de.uka.ilkd.key.proof.runallproofs.proofcollection.TestFile.runKey(TestFile.java:160)
	at de.uka.ilkd.key.proof.runallproofs.proofcollection.ForkedTestFileRunner.main(ForkedTestFileRunner.java:171)
Caused by: de.uka.ilkd.key.proof.init.ProofInputException: Could not find rule file rules/intRulesCheckedSemantics.key
	at de.uka.ilkd.key.proof.io.KeYFile.readIncludes(KeYFile.java:210)
	at de.uka.ilkd.key.proof.init.ProblemInitializer.readIncludes(ProblemInitializer.java:177)
	at de.uka.ilkd.key.proof.init.ProblemInitializer.readEnvInput(ProblemInitializer.java:325)
	at de.uka.ilkd.key.proof.init.ProblemInitializer.prepare(ProblemInitializer.java:449)
	at de.uka.ilkd.key.proof.io.AbstractProblemLoader.createInitConfig(AbstractProblemLoader.java:518)
	at de.uka.ilkd.key.proof.io.AbstractProblemLoader.loadEnvironment(AbstractProblemLoader.java:288)
	at de.uka.ilkd.key.proof.io.AbstractProblemLoader.load(AbstractProblemLoader.java:252)
	at de.uka.ilkd.key.control.AbstractUserInterfaceControl.load(AbstractUserInterfaceControl.java:209)
	... 7 more
Caused by: java.lang.RuntimeException: Could not find rule file rules/intRulesCheckedSemantics.key
	at de.uka.ilkd.key.proof.io.RuleSourceFactory.fromBuiltInRule(RuleSourceFactory.java:32)
	at de.uka.ilkd.key.proof.io.RuleSourceFactory.fromDefaultLocation(RuleSourceFactory.java:21)
	at de.uka.ilkd.key.nparser.builder.IncludeFinder.addInclude(IncludeFinder.java:63)
	at de.uka.ilkd.key.nparser.builder.IncludeFinder.visitOne_include(IncludeFinder.java:43)
	at de.uka.ilkd.key.nparser.builder.IncludeFinder.visitOne_include(IncludeFinder.java:20)
	at de.uka.ilkd.key.nparser.KeYParser$One_includeContext.accept(KeYParser.java:878)
	at de.uka.ilkd.key.nparser.builder.AbstractBuilder.lambda$mapOf$0(AbstractBuilder.java:112)
	at java.base/java.util.stream.ReferencePipeline$3$1.accept(ReferencePipeline.java:195)
	at java.base/java.util.ArrayList$ArrayListSpliterator.forEachRemaining(ArrayList.java:1655)
	at java.base/java.util.stream.AbstractPipeline.copyInto(AbstractPipeline.java:484)
	at java.base/java.util.stream.AbstractPipeline.wrapAndCopyInto(AbstractPipeline.java:474)
	at java.base/java.util.stream.ReduceOps$ReduceOp.evaluateSequential(ReduceOps.java:913)
	at java.base/java.util.stream.AbstractPipeline.evaluate(AbstractPipeline.java:234)
	at java.base/java.util.stream.ReferencePipeline.collect(ReferencePipeline.java:578)
	at de.uka.ilkd.key.nparser.builder.AbstractBuilder.mapOf(AbstractBuilder.java:112)
	at de.uka.ilkd.key.nparser.builder.IncludeFinder.visitOne_include_statement(IncludeFinder.java:35)
	at de.uka.ilkd.key.nparser.builder.IncludeFinder.visitOne_include_statement(IncludeFinder.java:20)
	at de.uka.ilkd.key.nparser.KeYParser$One_include_statementContext.accept(KeYParser.java:802)
	at org.antlr.v4.runtime.tree.AbstractParseTreeVisitor.visitChildren(AbstractParseTreeVisitor.java:46)
	at de.uka.ilkd.key.nparser.KeYParserBaseVisitor.visitDecls(KeYParserBaseVisitor.java:30)
	at de.uka.ilkd.key.nparser.KeYParser$DeclsContext.accept(KeYParser.java:500)
	at org.antlr.v4.runtime.tree.AbstractParseTreeVisitor.visitChildren(AbstractParseTreeVisitor.java:46)
	at de.uka.ilkd.key.nparser.KeYParserBaseVisitor.visitFile(KeYParserBaseVisitor.java:23)
	at de.uka.ilkd.key.nparser.KeYParser$FileContext.accept(KeYParser.java:306)
	at de.uka.ilkd.key.nparser.KeyAst.accept(KeyAst.java:41)
	at de.uka.ilkd.key.nparser.KeyAst$File.getIncludes(KeyAst.java:76)
	at de.uka.ilkd.key.proof.io.KeYFile.readIncludes(KeYFile.java:208)
	... 14 more
Could not find rule file rules/intRulesCheckedSemantics.key (file: /home/runner/work/key/key/key.core/../key.ui/examples/index/.././standard_key/inEqSimp/simplify4.key; caused by: de.uka.ilkd.key.proof.init.ProofInputException: Could not find rule file rules/intRulesCheckedSemantics.key)
	at de.uka.ilkd.key.control.AbstractUserInterfaceControl.load(AbstractUserInterfaceControl.java:221)
	at de.uka.ilkd.key.control.KeYEnvironment.load(KeYEnvironment.java:251)
	at de.uka.ilkd.key.control.KeYEnvironment.load(KeYEnvironment.java:224)
	at de.uka.ilkd.key.control.KeYEnvironment.load(KeYEnvironment.java:184)
	at de.uka.ilkd.key.control.KeYEnvironment.load(KeYEnvironment.java:261)
	at de.uka.ilkd.key.proof.runallproofs.proofcollection.TestFile.load(TestFile.java:270)
	at de.uka.ilkd.key.proof.runallproofs.proofcollection.TestFile.runKey(TestFile.java:160)
	at de.uka.ilkd.key.proof.runallproofs.proofcollection.ForkedTestFileRunner.main(ForkedTestFileRunner.java:171)
Caused by: de.uka.ilkd.key.proof.init.ProofInputException: Could not find rule file rules/intRulesCheckedSemantics.key
	at de.uka.ilkd.key.proof.io.KeYFile.readIncludes(KeYFile.java:210)
	at de.uka.ilkd.key.proof.init.ProblemInitializer.readIncludes(ProblemInitializer.java:177)
	at de.uka.ilkd.key.proof.init.ProblemInitializer.readEnvInput(ProblemInitializer.java:325)
	at de.uka.ilkd.key.proof.init.ProblemInitializer.prepare(ProblemInitializer.java:449)
	at de.uka.ilkd.key.proof.io.AbstractProblemLoader.createInitConfig(AbstractProblemLoader.java:518)
	at de.uka.ilkd.key.proof.io.AbstractProblemLoader.loadEnvironment(AbstractProblemLoader.java:288)
	at de.uka.ilkd.key.proof.io.AbstractProblemLoader.load(AbstractProblemLoader.java:252)
	at de.uka.ilkd.key.control.AbstractUserInterfaceControl.load(AbstractUserInterfaceControl.java:209)
	... 7 more
Caused by: java.lang.RuntimeException: Could not find rule file rules/intRulesCheckedSemantics.key
	at de.uka.ilkd.key.proof.io.RuleSourceFactory.fromBuiltInRule(RuleSourceFactory.java:32)
	at de.uka.ilkd.key.proof.io.RuleSourceFactory.fromDefaultLocation(RuleSourceFactory.java:21)
	at de.uka.ilkd.key.nparser.builder.IncludeFinder.addInclude(IncludeFinder.java:63)
	at de.uka.ilkd.key.nparser.builder.IncludeFinder.visitOne_include(IncludeFinder.java:43)
	at de.uka.ilkd.key.nparser.builder.IncludeFinder.visitOne_include(IncludeFinder.java:20)
	at de.uka.ilkd.key.nparser.KeYParser$One_includeContext.accept(KeYParser.java:878)
	at de.uka.ilkd.key.nparser.builder.AbstractBuilder.lambda$mapOf$0(AbstractBuilder.java:112)
	at java.base/java.util.stream.ReferencePipeline$3$1.accept(ReferencePipeline.java:195)
	at java.base/java.util.ArrayList$ArrayListSpliterator.forEachRemaining(ArrayList.java:1655)
	at java.base/java.util.stream.AbstractPipeline.copyInto(AbstractPipeline.java:484)
	at java.base/java.util.stream.AbstractPipeline.wrapAndCopyInto(AbstractPipeline.java:474)
	at java.base/java.util.stream.ReduceOps$ReduceOp.evaluateSequential(ReduceOps.java:913)
	at java.base/java.util.stream.AbstractPipeline.evaluate(AbstractPipeline.java:234)
	at java.base/java.util.stream.ReferencePipeline.collect(ReferencePipeline.java:578)
	at de.uka.ilkd.key.nparser.builder.AbstractBuilder.mapOf(AbstractBuilder.java:112)
	at de.uka.ilkd.key.nparser.builder.IncludeFinder.visitOne_include_statement(IncludeFinder.java:35)
	at de.uka.ilkd.key.nparser.builder.IncludeFinder.visitOne_include_statement(IncludeFinder.java:20)
	at de.uka.ilkd.key.nparser.KeYParser$One_include_statementContext.accept(KeYParser.java:802)
	at org.antlr.v4.runtime.tree.AbstractParseTreeVisitor.visitChildren(AbstractParseTreeVisitor.java:46)
	at de.uka.ilkd.key.nparser.KeYParserBaseVisitor.visitDecls(KeYParserBaseVisitor.java:30)
	at de.uka.ilkd.key.nparser.KeYParser$DeclsContext.accept(KeYParser.java:500)
	at org.antlr.v4.runtime.tree.AbstractParseTreeVisitor.visitChildren(AbstractParseTreeVisitor.java:46)
	at de.uka.ilkd.key.nparser.KeYParserBaseVisitor.visitFile(KeYParserBaseVisitor.java:23)
	at de.uka.ilkd.key.nparser.KeYParser$FileContext.accept(KeYParser.java:306)
	at de.uka.ilkd.key.nparser.KeyAst.accept(KeyAst.java:41)
	at de.uka.ilkd.key.nparser.KeyAst$File.getIncludes(KeyAst.java:76)
	at de.uka.ilkd.key.proof.io.KeYFile.readIncludes(KeYFile.java:208)
	... 14 more
Could not find rule file rules/intRulesCheckedSemantics.key (file: /home/runner/work/key/key/key.core/../key.ui/examples/index/.././standard_key/inEqSimp/simplify5.key; caused by: de.uka.ilkd.key.proof.init.ProofInputException: Could not find rule file rules/intRulesCheckedSemantics.key)
	at de.uka.ilkd.key.control.AbstractUserInterfaceControl.load(AbstractUserInterfaceControl.java:221)
	at de.uka.ilkd.key.control.KeYEnvironment.load(KeYEnvironment.java:251)
	at de.uka.ilkd.key.control.KeYEnvironment.load(KeYEnvironment.java:224)
	at de.uka.ilkd.key.control.KeYEnvironment.load(KeYEnvironment.java:184)
	at de.uka.ilkd.key.control.KeYEnvironment.load(KeYEnvironment.java:261)
	at de.uka.ilkd.key.proof.runallproofs.proofcollection.TestFile.load(TestFile.java:270)
	at de.uka.ilkd.key.proof.runallproofs.proofcollection.TestFile.runKey(TestFile.java:160)
	at de.uka.ilkd.key.proof.runallproofs.proofcollection.ForkedTestFileRunner.main(ForkedTestFileRunner.java:171)
Caused by: de.uka.ilkd.key.proof.init.ProofInputException: Could not find rule file rules/intRulesCheckedSemantics.key
	at de.uka.ilkd.key.proof.io.KeYFile.readIncludes(KeYFile.java:210)
	at de.uka.ilkd.key.proof.init.ProblemInitializer.readIncludes(ProblemInitializer.java:177)
	at de.uka.ilkd.key.proof.init.ProblemInitializer.readEnvInput(ProblemInitializer.java:325)
	at de.uka.ilkd.key.proof.init.ProblemInitializer.prepare(ProblemInitializer.java:449)
	at de.uka.ilkd.key.proof.io.AbstractProblemLoader.createInitConfig(AbstractProblemLoader.java:518)
	at de.uka.ilkd.key.proof.io.AbstractProblemLoader.loadEnvironment(AbstractProblemLoader.java:288)
	at de.uka.ilkd.key.proof.io.AbstractProblemLoader.load(AbstractProblemLoader.java:252)
	at de.uka.ilkd.key.control.AbstractUserInterfaceControl.load(AbstractUserInterfaceControl.java:209)
	... 7 more
Caused by: java.lang.RuntimeException: Could not find rule file rules/intRulesCheckedSemantics.key
	at de.uka.ilkd.key.proof.io.RuleSourceFactory.fromBuiltInRule(RuleSourceFactory.java:32)
	at de.uka.ilkd.key.proof.io.RuleSourceFactory.fromDefaultLocation(RuleSourceFactory.java:21)
	at de.uka.ilkd.key.nparser.builder.IncludeFinder.addInclude(IncludeFinder.java:63)
	at de.uka.ilkd.key.nparser.builder.IncludeFinder.visitOne_include(IncludeFinder.java:43)
	at de.uka.ilkd.key.nparser.builder.IncludeFinder.visitOne_include(IncludeFinder.java:20)
	at de.uka.ilkd.key.nparser.KeYParser$One_includeContext.accept(KeYParser.java:878)
	at de.uka.ilkd.key.nparser.builder.AbstractBuilder.lambda$mapOf$0(AbstractBuilder.java:112)
	at java.base/java.util.stream.ReferencePipeline$3$1.accept(ReferencePipeline.java:195)
	at java.base/java.util.ArrayList$ArrayListSpliterator.forEachRemaining(ArrayList.java:1655)
	at java.base/java.util.stream.AbstractPipeline.copyInto(AbstractPipeline.java:484)
	at java.base/java.util.stream.AbstractPipeline.wrapAndCopyInto(AbstractPipeline.java:474)
	at java.base/java.util.stream.ReduceOps$ReduceOp.evaluateSequential(ReduceOps.java:913)
	at java.base/java.util.stream.AbstractPipeline.evaluate(AbstractPipeline.java:234)
	at java.base/java.util.stream.ReferencePipeline.collect(ReferencePipeline.java:578)
	at de.uka.ilkd.key.nparser.builder.AbstractBuilder.mapOf(AbstractBuilder.java:112)
	at de.uka.ilkd.key.nparser.builder.IncludeFinder.visitOne_include_statement(IncludeFinder.java:35)
	at de.uka.ilkd.key.nparser.builder.IncludeFinder.visitOne_include_statement(IncludeFinder.java:20)
	at de.uka.ilkd.key.nparser.KeYParser$One_include_statementContext.accept(KeYParser.java:802)
	at org.antlr.v4.runtime.tree.AbstractParseTreeVisitor.visitChildren(AbstractParseTreeVisitor.java:46)
	at de.uka.ilkd.key.nparser.KeYParserBaseVisitor.visitDecls(KeYParserBaseVisitor.java:30)
	at de.uka.ilkd.key.nparser.KeYParser$DeclsContext.accept(KeYParser.java:500)
	at org.antlr.v4.runtime.tree.AbstractParseTreeVisitor.visitChildren(AbstractParseTreeVisitor.java:46)
	at de.uka.ilkd.key.nparser.KeYParserBaseVisitor.visitFile(KeYParserBaseVisitor.java:23)
	at de.uka.ilkd.key.nparser.KeYParser$FileContext.accept(KeYParser.java:306)
	at de.uka.ilkd.key.nparser.KeyAst.accept(KeyAst.java:41)
	at de.uka.ilkd.key.nparser.KeyAst$File.getIncludes(KeyAst.java:76)
	at de.uka.ilkd.key.proof.io.KeYFile.readIncludes(KeYFile.java:208)
	... 14 more
Could not find rule file rules/intRulesCheckedSemantics.key (file: /home/runner/work/key/key/key.core/../key.ui/examples/index/.././standard_key/inEqSimp/subsumptionExample.key; caused by: de.uka.ilkd.key.proof.init.ProofInputException: Could not find rule file rules/intRulesCheckedSemantics.key)
	at de.uka.ilkd.key.control.AbstractUserInterfaceControl.load(AbstractUserInterfaceControl.java:221)
	at de.uka.ilkd.key.control.KeYEnvironment.load(KeYEnvironment.java:251)
	at de.uka.ilkd.key.control.KeYEnvironment.load(KeYEnvironment.java:224)
	at de.uka.ilkd.key.control.KeYEnvironment.load(KeYEnvironment.java:184)
	at de.uka.ilkd.key.control.KeYEnvironment.load(KeYEnvironment.java:261)
	at de.uka.ilkd.key.proof.runallproofs.proofcollection.TestFile.load(TestFile.java:270)
	at de.uka.ilkd.key.proof.runallproofs.proofcollection.TestFile.runKey(TestFile.java:160)
	at de.uka.ilkd.key.proof.runallproofs.proofcollection.ForkedTestFileRunner.main(ForkedTestFileRunner.java:171)
Caused by: de.uka.ilkd.key.proof.init.ProofInputException: Could not find rule file rules/intRulesCheckedSemantics.key
	at de.uka.ilkd.key.proof.io.KeYFile.readIncludes(KeYFile.java:210)
	at de.uka.ilkd.key.proof.init.ProblemInitializer.readIncludes(ProblemInitializer.java:177)
	at de.uka.ilkd.key.proof.init.ProblemInitializer.readEnvInput(ProblemInitializer.java:325)
	at de.uka.ilkd.key.proof.init.ProblemInitializer.prepare(ProblemInitializer.java:449)
	at de.uka.ilkd.key.proof.io.AbstractProblemLoader.createInitConfig(AbstractProblemLoader.java:518)
	at de.uka.ilkd.key.proof.io.AbstractProblemLoader.loadEnvironment(AbstractProblemLoader.java:288)
	at de.uka.ilkd.key.proof.io.AbstractProblemLoader.load(AbstractProblemLoader.java:252)
	at de.uka.ilkd.key.control.AbstractUserInterfaceControl.load(AbstractUserInterfaceControl.java:209)
	... 7 more
Caused by: java.lang.RuntimeException: Could not find rule file rules/intRulesCheckedSemantics.key
	at de.uka.ilkd.key.proof.io.RuleSourceFactory.fromBuiltInRule(RuleSourceFactory.java:32)
	at de.uka.ilkd.key.proof.io.RuleSourceFactory.fromDefaultLocation(RuleSourceFactory.java:21)
	at de.uka.ilkd.key.nparser.builder.IncludeFinder.addInclude(IncludeFinder.java:63)
	at de.uka.ilkd.key.nparser.builder.IncludeFinder.visitOne_include(IncludeFinder.java:43)
	at de.uka.ilkd.key.nparser.builder.IncludeFinder.visitOne_include(IncludeFinder.java:20)
	at de.uka.ilkd.key.nparser.KeYParser$One_includeContext.accept(KeYParser.java:878)
	at de.uka.ilkd.key.nparser.builder.AbstractBuilder.lambda$mapOf$0(AbstractBuilder.java:112)
	at java.base/java.util.stream.ReferencePipeline$3$1.accept(ReferencePipeline.java:195)
	at java.base/java.util.ArrayList$ArrayListSpliterator.forEachRemaining(ArrayList.java:1655)
	at java.base/java.util.stream.AbstractPipeline.copyInto(AbstractPipeline.java:484)
	at java.base/java.util.stream.AbstractPipeline.wrapAndCopyInto(AbstractPipeline.java:474)
	at java.base/java.util.stream.ReduceOps$ReduceOp.evaluateSequential(ReduceOps.java:913)
	at java.base/java.util.stream.AbstractPipeline.evaluate(AbstractPipeline.java:234)
	at java.base/java.util.stream.ReferencePipeline.collect(ReferencePipeline.java:578)
	at de.uka.ilkd.key.nparser.builder.AbstractBuilder.mapOf(AbstractBuilder.java:112)
	at de.uka.ilkd.key.nparser.builder.IncludeFinder.visitOne_include_statement(IncludeFinder.java:35)
	at de.uka.ilkd.key.nparser.builder.IncludeFinder.visitOne_include_statement(IncludeFinder.java:20)
	at de.uka.ilkd.key.nparser.KeYParser$One_include_statementContext.accept(KeYParser.java:802)
	at org.antlr.v4.runtime.tree.AbstractParseTreeVisitor.visitChildren(AbstractParseTreeVisitor.java:46)
	at de.uka.ilkd.key.nparser.KeYParserBaseVisitor.visitDecls(KeYParserBaseVisitor.java:30)
	at de.uka.ilkd.key.nparser.KeYParser$DeclsContext.accept(KeYParser.java:500)
	at org.antlr.v4.runtime.tree.AbstractParseTreeVisitor.visitChildren(AbstractParseTreeVisitor.java:46)
	at de.uka.ilkd.key.nparser.KeYParserBaseVisitor.visitFile(KeYParserBaseVisitor.java:23)
	at de.uka.ilkd.key.nparser.KeYParser$FileContext.accept(KeYParser.java:306)
	at de.uka.ilkd.key.nparser.KeyAst.accept(KeyAst.java:41)
	at de.uka.ilkd.key.nparser.KeyAst$File.getIncludes(KeyAst.java:76)
	at de.uka.ilkd.key.proof.io.KeYFile.readIncludes(KeYFile.java:208)
	... 14 more
Could not find rule file rules/intRulesCheckedSemantics.key (file: /home/runner/work/key/key/key.core/../key.ui/examples/index/.././standard_key/polySimp/simplify0.key; caused by: de.uka.ilkd.key.proof.init.ProofInputException: Could not find rule file rules/intRulesCheckedSemantics.key)
	at de.uka.ilkd.key.control.AbstractUserInterfaceControl.load(AbstractUserInterfaceControl.java:221)
	at de.uka.ilkd.key.control.KeYEnvironment.load(KeYEnvironment.java:251)
	at de.uka.ilkd.key.control.KeYEnvironment.load(KeYEnvironment.java:224)
	at de.uka.ilkd.key.control.KeYEnvironment.load(KeYEnvironment.java:184)
	at de.uka.ilkd.key.control.KeYEnvironment.load(KeYEnvironment.java:261)
	at de.uka.ilkd.key.proof.runallproofs.proofcollection.TestFile.load(TestFile.java:270)
	at de.uka.ilkd.key.proof.runallproofs.proofcollection.TestFile.runKey(TestFile.java:160)
	at de.uka.ilkd.key.proof.runallproofs.proofcollection.ForkedTestFileRunner.main(ForkedTestFileRunner.java:171)
Caused by: de.uka.ilkd.key.proof.init.ProofInputException: Could not find rule file rules/intRulesCheckedSemantics.key
	at de.uka.ilkd.key.proof.io.KeYFile.readIncludes(KeYFile.java:210)
	at de.uka.ilkd.key.proof.init.ProblemInitializer.readIncludes(ProblemInitializer.java:177)
	at de.uka.ilkd.key.proof.init.ProblemInitializer.readEnvInput(ProblemInitializer.java:325)
	at de.uka.ilkd.key.proof.init.ProblemInitializer.prepare(ProblemInitializer.java:449)
	at de.uka.ilkd.key.proof.io.AbstractProblemLoader.createInitConfig(AbstractProblemLoader.java:518)
	at de.uka.ilkd.key.proof.io.AbstractProblemLoader.loadEnvironment(AbstractProblemLoader.java:288)
	at de.uka.ilkd.key.proof.io.AbstractProblemLoader.load(AbstractProblemLoader.java:252)
	at de.uka.ilkd.key.control.AbstractUserInterfaceControl.load(AbstractUserInterfaceControl.java:209)
	... 7 more
Caused by: java.lang.RuntimeException: Could not find rule file rules/intRulesCheckedSemantics.key
	at de.uka.ilkd.key.proof.io.RuleSourceFactory.fromBuiltInRule(RuleSourceFactory.java:32)
	at de.uka.ilkd.key.proof.io.RuleSourceFactory.fromDefaultLocation(RuleSourceFactory.java:21)
	at de.uka.ilkd.key.nparser.builder.IncludeFinder.addInclude(IncludeFinder.java:63)
	at de.uka.ilkd.key.nparser.builder.IncludeFinder.visitOne_include(IncludeFinder.java:43)
	at de.uka.ilkd.key.nparser.builder.IncludeFinder.visitOne_include(IncludeFinder.java:20)
	at de.uka.ilkd.key.nparser.KeYParser$One_includeContext.accept(KeYParser.java:878)
	at de.uka.ilkd.key.nparser.builder.AbstractBuilder.lambda$mapOf$0(AbstractBuilder.java:112)
	at java.base/java.util.stream.ReferencePipeline$3$1.accept(ReferencePipeline.java:195)
	at java.base/java.util.ArrayList$ArrayListSpliterator.forEachRemaining(ArrayList.java:1655)
	at java.base/java.util.stream.AbstractPipeline.copyInto(AbstractPipeline.java:484)
	at java.base/java.util.stream.AbstractPipeline.wrapAndCopyInto(AbstractPipeline.java:474)
	at java.base/java.util.stream.ReduceOps$ReduceOp.evaluateSequential(ReduceOps.java:913)
	at java.base/java.util.stream.AbstractPipeline.evaluate(AbstractPipeline.java:234)
	at java.base/java.util.stream.ReferencePipeline.collect(ReferencePipeline.java:578)
	at de.uka.ilkd.key.nparser.builder.AbstractBuilder.mapOf(AbstractBuilder.java:112)
	at de.uka.ilkd.key.nparser.builder.IncludeFinder.visitOne_include_statement(IncludeFinder.java:35)
	at de.uka.ilkd.key.nparser.builder.IncludeFinder.visitOne_include_statement(IncludeFinder.java:20)
	at de.uka.ilkd.key.nparser.KeYParser$One_include_statementContext.accept(KeYParser.java:802)
	at org.antlr.v4.runtime.tree.AbstractParseTreeVisitor.visitChildren(AbstractParseTreeVisitor.java:46)
	at de.uka.ilkd.key.nparser.KeYParserBaseVisitor.visitDecls(KeYParserBaseVisitor.java:30)
	at de.uka.ilkd.key.nparser.KeYParser$DeclsContext.accept(KeYParser.java:500)
	at org.antlr.v4.runtime.tree.AbstractParseTreeVisitor.visitChildren(AbstractParseTreeVisitor.java:46)
	at de.uka.ilkd.key.nparser.KeYParserBaseVisitor.visitFile(KeYParserBaseVisitor.java:23)
	at de.uka.ilkd.key.nparser.KeYParser$FileContext.accept(KeYParser.java:306)
	at de.uka.ilkd.key.nparser.KeyAst.accept(KeyAst.java:41)
	at de.uka.ilkd.key.nparser.KeyAst$File.getIncludes(KeyAst.java:76)
	at de.uka.ilkd.key.proof.io.KeYFile.readIncludes(KeYFile.java:208)
	... 14 more
Could not find rule file rules/intRulesCheckedSemantics.key (file: /home/runner/work/key/key/key.core/../key.ui/examples/index/.././standard_key/polySimp/simplify1.key; caused by: de.uka.ilkd.key.proof.init.ProofInputException: Could not find rule file rules/intRulesCheckedSemantics.key)
	at de.uka.ilkd.key.control.AbstractUserInterfaceControl.load(AbstractUserInterfaceControl.java:221)
	at de.uka.ilkd.key.control.KeYEnvironment.load(KeYEnvironment.java:251)
	at de.uka.ilkd.key.control.KeYEnvironment.load(KeYEnvironment.java:224)
	at de.uka.ilkd.key.control.KeYEnvironment.load(KeYEnvironment.java:184)
	at de.uka.ilkd.key.control.KeYEnvironment.load(KeYEnvironment.java:261)
	at de.uka.ilkd.key.proof.runallproofs.proofcollection.TestFile.load(TestFile.java:270)
	at de.uka.ilkd.key.proof.runallproofs.proofcollection.TestFile.runKey(TestFile.java:160)
	at de.uka.ilkd.key.proof.runallproofs.proofcollection.ForkedTestFileRunner.main(ForkedTestFileRunner.java:171)
Caused by: de.uka.ilkd.key.proof.init.ProofInputException: Could not find rule file rules/intRulesCheckedSemantics.key
	at de.uka.ilkd.key.proof.io.KeYFile.readIncludes(KeYFile.java:210)
	at de.uka.ilkd.key.proof.init.ProblemInitializer.readIncludes(ProblemInitializer.java:177)
	at de.uka.ilkd.key.proof.init.ProblemInitializer.readEnvInput(ProblemInitializer.java:325)
	at de.uka.ilkd.key.proof.init.ProblemInitializer.prepare(ProblemInitializer.java:449)
	at de.uka.ilkd.key.proof.io.AbstractProblemLoader.createInitConfig(AbstractProblemLoader.java:518)
	at de.uka.ilkd.key.proof.io.AbstractProblemLoader.loadEnvironment(AbstractProblemLoader.java:288)
	at de.uka.ilkd.key.proof.io.AbstractProblemLoader.load(AbstractProblemLoader.java:252)
	at de.uka.ilkd.key.control.AbstractUserInterfaceControl.load(AbstractUserInterfaceControl.java:209)
	... 7 more
Caused by: java.lang.RuntimeException: Could not find rule file rules/intRulesCheckedSemantics.key
	at de.uka.ilkd.key.proof.io.RuleSourceFactory.fromBuiltInRule(RuleSourceFactory.java:32)
	at de.uka.ilkd.key.proof.io.RuleSourceFactory.fromDefaultLocation(RuleSourceFactory.java:21)
	at de.uka.ilkd.key.nparser.builder.IncludeFinder.addInclude(IncludeFinder.java:63)
	at de.uka.ilkd.key.nparser.builder.IncludeFinder.visitOne_include(IncludeFinder.java:43)
	at de.uka.ilkd.key.nparser.builder.IncludeFinder.visitOne_include(IncludeFinder.java:20)
	at de.uka.ilkd.key.nparser.KeYParser$One_includeContext.accept(KeYParser.java:878)
	at de.uka.ilkd.key.nparser.builder.AbstractBuilder.lambda$mapOf$0(AbstractBuilder.java:112)
	at java.base/java.util.stream.ReferencePipeline$3$1.accept(ReferencePipeline.java:195)
	at java.base/java.util.ArrayList$ArrayListSpliterator.forEachRemaining(ArrayList.java:1655)
	at java.base/java.util.stream.AbstractPipeline.copyInto(AbstractPipeline.java:484)
	at java.base/java.util.stream.AbstractPipeline.wrapAndCopyInto(AbstractPipeline.java:474)
	at java.base/java.util.stream.ReduceOps$ReduceOp.evaluateSequential(ReduceOps.java:913)
	at java.base/java.util.stream.AbstractPipeline.evaluate(AbstractPipeline.java:234)
	at java.base/java.util.stream.ReferencePipeline.collect(ReferencePipeline.java:578)
	at de.uka.ilkd.key.nparser.builder.AbstractBuilder.mapOf(AbstractBuilder.java:112)
	at de.uka.ilkd.key.nparser.builder.IncludeFinder.visitOne_include_statement(IncludeFinder.java:35)
	at de.uka.ilkd.key.nparser.builder.IncludeFinder.visitOne_include_statement(IncludeFinder.java:20)
	at de.uka.ilkd.key.nparser.KeYParser$One_include_statementContext.accept(KeYParser.java:802)
	at org.antlr.v4.runtime.tree.AbstractParseTreeVisitor.visitChildren(AbstractParseTreeVisitor.java:46)
	at de.uka.ilkd.key.nparser.KeYParserBaseVisitor.visitDecls(KeYParserBaseVisitor.java:30)
	at de.uka.ilkd.key.nparser.KeYParser$DeclsContext.accept(KeYParser.java:500)
	at org.antlr.v4.runtime.tree.AbstractParseTreeVisitor.visitChildren(AbstractParseTreeVisitor.java:46)
	at de.uka.ilkd.key.nparser.KeYParserBaseVisitor.visitFile(KeYParserBaseVisitor.java:23)
	at de.uka.ilkd.key.nparser.KeYParser$FileContext.accept(KeYParser.java:306)
	at de.uka.ilkd.key.nparser.KeyAst.accept(KeyAst.java:41)
	at de.uka.ilkd.key.nparser.KeyAst$File.getIncludes(KeyAst.java:76)
	at de.uka.ilkd.key.proof.io.KeYFile.readIncludes(KeYFile.java:208)
	... 14 more
Could not find rule file rules/intRulesCheckedSemantics.key (file: /home/runner/work/key/key/key.core/../key.ui/examples/index/.././standard_key/polySimp/simplify10.key; caused by: de.uka.ilkd.key.proof.init.ProofInputException: Could not find rule file rules/intRulesCheckedSemantics.key)
	at de.uka.ilkd.key.control.AbstractUserInterfaceControl.load(AbstractUserInterfaceControl.java:221)
	at de.uka.ilkd.key.control.KeYEnvironment.load(KeYEnvironment.java:251)
	at de.uka.ilkd.key.control.KeYEnvironment.load(KeYEnvironment.java:224)
	at de.uka.ilkd.key.control.KeYEnvironment.load(KeYEnvironment.java:184)
	at de.uka.ilkd.key.control.KeYEnvironment.load(KeYEnvironment.java:261)
	at de.uka.ilkd.key.proof.runallproofs.proofcollection.TestFile.load(TestFile.java:270)
	at de.uka.ilkd.key.proof.runallproofs.proofcollection.TestFile.runKey(TestFile.java:160)
	at de.uka.ilkd.key.proof.runallproofs.proofcollection.ForkedTestFileRunner.main(ForkedTestFileRunner.java:171)
Caused by: de.uka.ilkd.key.proof.init.ProofInputException: Could not find rule file rules/intRulesCheckedSemantics.key
	at de.uka.ilkd.key.proof.io.KeYFile.readIncludes(KeYFile.java:210)
	at de.uka.ilkd.key.proof.init.ProblemInitializer.readIncludes(ProblemInitializer.java:177)
	at de.uka.ilkd.key.proof.init.ProblemInitializer.readEnvInput(ProblemInitializer.java:325)
	at de.uka.ilkd.key.proof.init.ProblemInitializer.prepare(ProblemInitializer.java:449)
	at de.uka.ilkd.key.proof.io.AbstractProblemLoader.createInitConfig(AbstractProblemLoader.java:518)
	at de.uka.ilkd.key.proof.io.AbstractProblemLoader.loadEnvironment(AbstractProblemLoader.java:288)
	at de.uka.ilkd.key.proof.io.AbstractProblemLoader.load(AbstractProblemLoader.java:252)
	at de.uka.ilkd.key.control.AbstractUserInterfaceControl.load(AbstractUserInterfaceControl.java:209)
	... 7 more
Caused by: java.lang.RuntimeException: Could not find rule file rules/intRulesCheckedSemantics.key
	at de.uka.ilkd.key.proof.io.RuleSourceFactory.fromBuiltInRule(RuleSourceFactory.java:32)
	at de.uka.ilkd.key.proof.io.RuleSourceFactory.fromDefaultLocation(RuleSourceFactory.java:21)
	at de.uka.ilkd.key.nparser.builder.IncludeFinder.addInclude(IncludeFinder.java:63)
	at de.uka.ilkd.key.nparser.builder.IncludeFinder.visitOne_include(IncludeFinder.java:43)
	at de.uka.ilkd.key.nparser.builder.IncludeFinder.visitOne_include(IncludeFinder.java:20)
	at de.uka.ilkd.key.nparser.KeYParser$One_includeContext.accept(KeYParser.java:878)
	at de.uka.ilkd.key.nparser.builder.AbstractBuilder.lambda$mapOf$0(AbstractBuilder.java:112)
	at java.base/java.util.stream.ReferencePipeline$3$1.accept(ReferencePipeline.java:195)
	at java.base/java.util.ArrayList$ArrayListSpliterator.forEachRemaining(ArrayList.java:1655)
	at java.base/java.util.stream.AbstractPipeline.copyInto(AbstractPipeline.java:484)
	at java.base/java.util.stream.AbstractPipeline.wrapAndCopyInto(AbstractPipeline.java:474)
	at java.base/java.util.stream.ReduceOps$ReduceOp.evaluateSequential(ReduceOps.java:913)
	at java.base/java.util.stream.AbstractPipeline.evaluate(AbstractPipeline.java:234)
	at java.base/java.util.stream.ReferencePipeline.collect(ReferencePipeline.java:578)
	at de.uka.ilkd.key.nparser.builder.AbstractBuilder.mapOf(AbstractBuilder.java:112)
	at de.uka.ilkd.key.nparser.builder.IncludeFinder.visitOne_include_statement(IncludeFinder.java:35)
	at de.uka.ilkd.key.nparser.builder.IncludeFinder.visitOne_include_statement(IncludeFinder.java:20)
	at de.uka.ilkd.key.nparser.KeYParser$One_include_statementContext.accept(KeYParser.java:802)
	at org.antlr.v4.runtime.tree.AbstractParseTreeVisitor.visitChildren(AbstractParseTreeVisitor.java:46)
	at de.uka.ilkd.key.nparser.KeYParserBaseVisitor.visitDecls(KeYParserBaseVisitor.java:30)
	at de.uka.ilkd.key.nparser.KeYParser$DeclsContext.accept(KeYParser.java:500)
	at org.antlr.v4.runtime.tree.AbstractParseTreeVisitor.visitChildren(AbstractParseTreeVisitor.java:46)
	at de.uka.ilkd.key.nparser.KeYParserBaseVisitor.visitFile(KeYParserBaseVisitor.java:23)
	at de.uka.ilkd.key.nparser.KeYParser$FileContext.accept(KeYParser.java:306)
	at de.uka.ilkd.key.nparser.KeyAst.accept(KeyAst.java:41)
	at de.uka.ilkd.key.nparser.KeyAst$File.getIncludes(KeyAst.java:76)
	at de.uka.ilkd.key.proof.io.KeYFile.readIncludes(KeYFile.java:208)
	... 14 more
Could not find rule file rules/intRulesCheckedSemantics.key (file: /home/runner/work/key/key/key.core/../key.ui/examples/index/.././standard_key/polySimp/simplify11.key; caused by: de.uka.ilkd.key.proof.init.ProofInputException: Could not find rule file rules/intRulesCheckedSemantics.key)
	at de.uka.ilkd.key.control.AbstractUserInterfaceControl.load(AbstractUserInterfaceControl.java:221)
	at de.uka.ilkd.key.control.KeYEnvironment.load(KeYEnvironment.java:251)
	at de.uka.ilkd.key.control.KeYEnvironment.load(KeYEnvironment.java:224)
	at de.uka.ilkd.key.control.KeYEnvironment.load(KeYEnvironment.java:184)
	at de.uka.ilkd.key.control.KeYEnvironment.load(KeYEnvironment.java:261)
	at de.uka.ilkd.key.proof.runallproofs.proofcollection.TestFile.load(TestFile.java:270)
	at de.uka.ilkd.key.proof.runallproofs.proofcollection.TestFile.runKey(TestFile.java:160)
	at de.uka.ilkd.key.proof.runallproofs.proofcollection.ForkedTestFileRunner.main(ForkedTestFileRunner.java:171)
Caused by: de.uka.ilkd.key.proof.init.ProofInputException: Could not find rule file rules/intRulesCheckedSemantics.key
	at de.uka.ilkd.key.proof.io.KeYFile.readIncludes(KeYFile.java:210)
	at de.uka.ilkd.key.proof.init.ProblemInitializer.readIncludes(ProblemInitializer.java:177)
	at de.uka.ilkd.key.proof.init.ProblemInitializer.readEnvInput(ProblemInitializer.java:325)
	at de.uka.ilkd.key.proof.init.ProblemInitializer.prepare(ProblemInitializer.java:449)
	at de.uka.ilkd.key.proof.io.AbstractProblemLoader.createInitConfig(AbstractProblemLoader.java:518)
	at de.uka.ilkd.key.proof.io.AbstractProblemLoader.loadEnvironment(AbstractProblemLoader.java:288)
	at de.uka.ilkd.key.proof.io.AbstractProblemLoader.load(AbstractProblemLoader.java:252)
	at de.uka.ilkd.key.control.AbstractUserInterfaceControl.load(AbstractUserInterfaceControl.java:209)
	... 7 more
Caused by: java.lang.RuntimeException: Could not find rule file rules/intRulesCheckedSemantics.key
	at de.uka.ilkd.key.proof.io.RuleSourceFactory.fromBuiltInRule(RuleSourceFactory.java:32)
	at de.uka.ilkd.key.proof.io.RuleSourceFactory.fromDefaultLocation(RuleSourceFactory.java:21)
	at de.uka.ilkd.key.nparser.builder.IncludeFinder.addInclude(IncludeFinder.java:63)
	at de.uka.ilkd.key.nparser.builder.IncludeFinder.visitOne_include(IncludeFinder.java:43)
	at de.uka.ilkd.key.nparser.builder.IncludeFinder.visitOne_include(IncludeFinder.java:20)
	at de.uka.ilkd.key.nparser.KeYParser$One_includeContext.accept(KeYParser.java:878)
	at de.uka.ilkd.key.nparser.builder.AbstractBuilder.lambda$mapOf$0(AbstractBuilder.java:112)
	at java.base/java.util.stream.ReferencePipeline$3$1.accept(ReferencePipeline.java:195)
	at java.base/java.util.ArrayList$ArrayListSpliterator.forEachRemaining(ArrayList.java:1655)
	at java.base/java.util.stream.AbstractPipeline.copyInto(AbstractPipeline.java:484)
	at java.base/java.util.stream.AbstractPipeline.wrapAndCopyInto(AbstractPipeline.java:474)
	at java.base/java.util.stream.ReduceOps$ReduceOp.evaluateSequential(ReduceOps.java:913)
	at java.base/java.util.stream.AbstractPipeline.evaluate(AbstractPipeline.java:234)
	at java.base/java.util.stream.ReferencePipeline.collect(ReferencePipeline.java:578)
	at de.uka.ilkd.key.nparser.builder.AbstractBuilder.mapOf(AbstractBuilder.java:112)
	at de.uka.ilkd.key.nparser.builder.IncludeFinder.visitOne_include_statement(IncludeFinder.java:35)
	at de.uka.ilkd.key.nparser.builder.IncludeFinder.visitOne_include_statement(IncludeFinder.java:20)
	at de.uka.ilkd.key.nparser.KeYParser$One_include_statementContext.accept(KeYParser.java:802)
	at org.antlr.v4.runtime.tree.AbstractParseTreeVisitor.visitChildren(AbstractParseTreeVisitor.java:46)
	at de.uka.ilkd.key.nparser.KeYParserBaseVisitor.visitDecls(KeYParserBaseVisitor.java:30)
	at de.uka.ilkd.key.nparser.KeYParser$DeclsContext.accept(KeYParser.java:500)
	at org.antlr.v4.runtime.tree.AbstractParseTreeVisitor.visitChildren(AbstractParseTreeVisitor.java:46)
	at de.uka.ilkd.key.nparser.KeYParserBaseVisitor.visitFile(KeYParserBaseVisitor.java:23)
	at de.uka.ilkd.key.nparser.KeYParser$FileContext.accept(KeYParser.java:306)
	at de.uka.ilkd.key.nparser.KeyAst.accept(KeyAst.java:41)
	at de.uka.ilkd.key.nparser.KeyAst$File.getIncludes(KeyAst.java:76)
	at de.uka.ilkd.key.proof.io.KeYFile.readIncludes(KeYFile.java:208)
	... 14 more
Could not find rule file rules/intRulesCheckedSemantics.key (file: /home/runner/work/key/key/key.core/../key.ui/examples/index/.././standard_key/polySimp/simplify12.key; caused by: de.uka.ilkd.key.proof.init.ProofInputException: Could not find rule file rules/intRulesCheckedSemantics.key)
	at de.uka.ilkd.key.control.AbstractUserInterfaceControl.load(AbstractUserInterfaceControl.java:221)
	at de.uka.ilkd.key.control.KeYEnvironment.load(KeYEnvironment.java:251)
	at de.uka.ilkd.key.control.KeYEnvironment.load(KeYEnvironment.java:224)
	at de.uka.ilkd.key.control.KeYEnvironment.load(KeYEnvironment.java:184)
	at de.uka.ilkd.key.control.KeYEnvironment.load(KeYEnvironment.java:261)
	at de.uka.ilkd.key.proof.runallproofs.proofcollection.TestFile.load(TestFile.java:270)
	at de.uka.ilkd.key.proof.runallproofs.proofcollection.TestFile.runKey(TestFile.java:160)
	at de.uka.ilkd.key.proof.runallproofs.proofcollection.ForkedTestFileRunner.main(ForkedTestFileRunner.java:171)
Caused by: de.uka.ilkd.key.proof.init.ProofInputException: Could not find rule file rules/intRulesCheckedSemantics.key
	at de.uka.ilkd.key.proof.io.KeYFile.readIncludes(KeYFile.java:210)
	at de.uka.ilkd.key.proof.init.ProblemInitializer.readIncludes(ProblemInitializer.java:177)
	at de.uka.ilkd.key.proof.init.ProblemInitializer.readEnvInput(ProblemInitializer.java:325)
	at de.uka.ilkd.key.proof.init.ProblemInitializer.prepare(ProblemInitializer.java:449)
	at de.uka.ilkd.key.proof.io.AbstractProblemLoader.createInitConfig(AbstractProblemLoader.java:518)
	at de.uka.ilkd.key.proof.io.AbstractProblemLoader.loadEnvironment(AbstractProblemLoader.java:288)
	at de.uka.ilkd.key.proof.io.AbstractProblemLoader.load(AbstractProblemLoader.java:252)
	at de.uka.ilkd.key.control.AbstractUserInterfaceControl.load(AbstractUserInterfaceControl.java:209)
	... 7 more
Caused by: java.lang.RuntimeException: Could not find rule file rules/intRulesCheckedSemantics.key
	at de.uka.ilkd.key.proof.io.RuleSourceFactory.fromBuiltInRule(RuleSourceFactory.java:32)
	at de.uka.ilkd.key.proof.io.RuleSourceFactory.fromDefaultLocation(RuleSourceFactory.java:21)
	at de.uka.ilkd.key.nparser.builder.IncludeFinder.addInclude(IncludeFinder.java:63)
	at de.uka.ilkd.key.nparser.builder.IncludeFinder.visitOne_include(IncludeFinder.java:43)
	at de.uka.ilkd.key.nparser.builder.IncludeFinder.visitOne_include(IncludeFinder.java:20)
	at de.uka.ilkd.key.nparser.KeYParser$One_includeContext.accept(KeYParser.java:878)
	at de.uka.ilkd.key.nparser.builder.AbstractBuilder.lambda$mapOf$0(AbstractBuilder.java:112)
	at java.base/java.util.stream.ReferencePipeline$3$1.accept(ReferencePipeline.java:195)
	at java.base/java.util.ArrayList$ArrayListSpliterator.forEachRemaining(ArrayList.java:1655)
	at java.base/java.util.stream.AbstractPipeline.copyInto(AbstractPipeline.java:484)
	at java.base/java.util.stream.AbstractPipeline.wrapAndCopyInto(AbstractPipeline.java:474)
	at java.base/java.util.stream.ReduceOps$ReduceOp.evaluateSequential(ReduceOps.java:913)
	at java.base/java.util.stream.AbstractPipeline.evaluate(AbstractPipeline.java:234)
	at java.base/java.util.stream.ReferencePipeline.collect(ReferencePipeline.java:578)
	at de.uka.ilkd.key.nparser.builder.AbstractBuilder.mapOf(AbstractBuilder.java:112)
	at de.uka.ilkd.key.nparser.builder.IncludeFinder.visitOne_include_statement(IncludeFinder.java:35)
	at de.uka.ilkd.key.nparser.builder.IncludeFinder.visitOne_include_statement(IncludeFinder.java:20)
	at de.uka.ilkd.key.nparser.KeYParser$One_include_statementContext.accept(KeYParser.java:802)
	at org.antlr.v4.runtime.tree.AbstractParseTreeVisitor.visitChildren(AbstractParseTreeVisitor.java:46)
	at de.uka.ilkd.key.nparser.KeYParserBaseVisitor.visitDecls(KeYParserBaseVisitor.java:30)
	at de.uka.ilkd.key.nparser.KeYParser$DeclsContext.accept(KeYParser.java:500)
	at org.antlr.v4.runtime.tree.AbstractParseTreeVisitor.visitChildren(AbstractParseTreeVisitor.java:46)
	at de.uka.ilkd.key.nparser.KeYParserBaseVisitor.visitFile(KeYParserBaseVisitor.java:23)
	at de.uka.ilkd.key.nparser.KeYParser$FileContext.accept(KeYParser.java:306)
	at de.uka.ilkd.key.nparser.KeyAst.accept(KeyAst.java:41)
	at de.uka.ilkd.key.nparser.KeyAst$File.getIncludes(KeyAst.java:76)
	at de.uka.ilkd.key.proof.io.KeYFile.readIncludes(KeYFile.java:208)
	... 14 more
Could not find rule file rules/intRulesCheckedSemantics.key (file: /home/runner/work/key/key/key.core/../key.ui/examples/index/.././standard_key/polySimp/simplify13.key; caused by: de.uka.ilkd.key.proof.init.ProofInputException: Could not find rule file rules/intRulesCheckedSemantics.key)
	at de.uka.ilkd.key.control.AbstractUserInterfaceControl.load(AbstractUserInterfaceControl.java:221)
	at de.uka.ilkd.key.control.KeYEnvironment.load(KeYEnvironment.java:251)
	at de.uka.ilkd.key.control.KeYEnvironment.load(KeYEnvironment.java:224)
	at de.uka.ilkd.key.control.KeYEnvironment.load(KeYEnvironment.java:184)
	at de.uka.ilkd.key.control.KeYEnvironment.load(KeYEnvironment.java:261)
	at de.uka.ilkd.key.proof.runallproofs.proofcollection.TestFile.load(TestFile.java:270)
	at de.uka.ilkd.key.proof.runallproofs.proofcollection.TestFile.runKey(TestFile.java:160)
	at de.uka.ilkd.key.proof.runallproofs.proofcollection.ForkedTestFileRunner.main(ForkedTestFileRunner.java:171)
Caused by: de.uka.ilkd.key.proof.init.ProofInputException: Could not find rule file rules/intRulesCheckedSemantics.key
	at de.uka.ilkd.key.proof.io.KeYFile.readIncludes(KeYFile.java:210)
	at de.uka.ilkd.key.proof.init.ProblemInitializer.readIncludes(ProblemInitializer.java:177)
	at de.uka.ilkd.key.proof.init.ProblemInitializer.readEnvInput(ProblemInitializer.java:325)
	at de.uka.ilkd.key.proof.init.ProblemInitializer.prepare(ProblemInitializer.java:449)
	at de.uka.ilkd.key.proof.io.AbstractProblemLoader.createInitConfig(AbstractProblemLoader.java:518)
	at de.uka.ilkd.key.proof.io.AbstractProblemLoader.loadEnvironment(AbstractProblemLoader.java:288)
	at de.uka.ilkd.key.proof.io.AbstractProblemLoader.load(AbstractProblemLoader.java:252)
	at de.uka.ilkd.key.control.AbstractUserInterfaceControl.load(AbstractUserInterfaceControl.java:209)
	... 7 more
Caused by: java.lang.RuntimeException: Could not find rule file rules/intRulesCheckedSemantics.key
	at de.uka.ilkd.key.proof.io.RuleSourceFactory.fromBuiltInRule(RuleSourceFactory.java:32)
	at de.uka.ilkd.key.proof.io.RuleSourceFactory.fromDefaultLocation(RuleSourceFactory.java:21)
	at de.uka.ilkd.key.nparser.builder.IncludeFinder.addInclude(IncludeFinder.java:63)
	at de.uka.ilkd.key.nparser.builder.IncludeFinder.visitOne_include(IncludeFinder.java:43)
	at de.uka.ilkd.key.nparser.builder.IncludeFinder.visitOne_include(IncludeFinder.java:20)
	at de.uka.ilkd.key.nparser.KeYParser$One_includeContext.accept(KeYParser.java:878)
	at de.uka.ilkd.key.nparser.builder.AbstractBuilder.lambda$mapOf$0(AbstractBuilder.java:112)
	at java.base/java.util.stream.ReferencePipeline$3$1.accept(ReferencePipeline.java:195)
	at java.base/java.util.ArrayList$ArrayListSpliterator.forEachRemaining(ArrayList.java:1655)
	at java.base/java.util.stream.AbstractPipeline.copyInto(AbstractPipeline.java:484)
	at java.base/java.util.stream.AbstractPipeline.wrapAndCopyInto(AbstractPipeline.java:474)
	at java.base/java.util.stream.ReduceOps$ReduceOp.evaluateSequential(ReduceOps.java:913)
	at java.base/java.util.stream.AbstractPipeline.evaluate(AbstractPipeline.java:234)
	at java.base/java.util.stream.ReferencePipeline.collect(ReferencePipeline.java:578)
	at de.uka.ilkd.key.nparser.builder.AbstractBuilder.mapOf(AbstractBuilder.java:112)
	at de.uka.ilkd.key.nparser.builder.IncludeFinder.visitOne_include_statement(IncludeFinder.java:35)
	at de.uka.ilkd.key.nparser.builder.IncludeFinder.visitOne_include_statement(IncludeFinder.java:20)
	at de.uka.ilkd.key.nparser.KeYParser$One_include_statementContext.accept(KeYParser.java:802)
	at org.antlr.v4.runtime.tree.AbstractParseTreeVisitor.visitChildren(AbstractParseTreeVisitor.java:46)
	at de.uka.ilkd.key.nparser.KeYParserBaseVisitor.visitDecls(KeYParserBaseVisitor.java:30)
	at de.uka.ilkd.key.nparser.KeYParser$DeclsContext.accept(KeYParser.java:500)
	at org.antlr.v4.runtime.tree.AbstractParseTreeVisitor.visitChildren(AbstractParseTreeVisitor.java:46)
	at de.uka.ilkd.key.nparser.KeYParserBaseVisitor.visitFile(KeYParserBaseVisitor.java:23)
	at de.uka.ilkd.key.nparser.KeYParser$FileContext.accept(KeYParser.java:306)
	at de.uka.ilkd.key.nparser.KeyAst.accept(KeyAst.java:41)
	at de.uka.ilkd.key.nparser.KeyAst$File.getIncludes(KeyAst.java:76)
	at de.uka.ilkd.key.proof.io.KeYFile.readIncludes(KeYFile.java:208)
	... 14 more
Could not find rule file rules/intRulesCheckedSemantics.key (file: /home/runner/work/key/key/key.core/../key.ui/examples/index/.././standard_key/polySimp/simplify14.key; caused by: de.uka.ilkd.key.proof.init.ProofInputException: Could not find rule file rules/intRulesCheckedSemantics.key)
	at de.uka.ilkd.key.control.AbstractUserInterfaceControl.load(AbstractUserInterfaceControl.java:221)
	at de.uka.ilkd.key.control.KeYEnvironment.load(KeYEnvironment.java:251)
	at de.uka.ilkd.key.control.KeYEnvironment.load(KeYEnvironment.java:224)
	at de.uka.ilkd.key.control.KeYEnvironment.load(KeYEnvironment.java:184)
	at de.uka.ilkd.key.control.KeYEnvironment.load(KeYEnvironment.java:261)
	at de.uka.ilkd.key.proof.runallproofs.proofcollection.TestFile.load(TestFile.java:270)
	at de.uka.ilkd.key.proof.runallproofs.proofcollection.TestFile.runKey(TestFile.java:160)
	at de.uka.ilkd.key.proof.runallproofs.proofcollection.ForkedTestFileRunner.main(ForkedTestFileRunner.java:171)
Caused by: de.uka.ilkd.key.proof.init.ProofInputException: Could not find rule file rules/intRulesCheckedSemantics.key
	at de.uka.ilkd.key.proof.io.KeYFile.readIncludes(KeYFile.java:210)
	at de.uka.ilkd.key.proof.init.ProblemInitializer.readIncludes(ProblemInitializer.java:177)
	at de.uka.ilkd.key.proof.init.ProblemInitializer.readEnvInput(ProblemInitializer.java:325)
	at de.uka.ilkd.key.proof.init.ProblemInitializer.prepare(ProblemInitializer.java:449)
	at de.uka.ilkd.key.proof.io.AbstractProblemLoader.createInitConfig(AbstractProblemLoader.java:518)
	at de.uka.ilkd.key.proof.io.AbstractProblemLoader.loadEnvironment(AbstractProblemLoader.java:288)
	at de.uka.ilkd.key.proof.io.AbstractProblemLoader.load(AbstractProblemLoader.java:252)
	at de.uka.ilkd.key.control.AbstractUserInterfaceControl.load(AbstractUserInterfaceControl.java:209)
	... 7 more
Caused by: java.lang.RuntimeException: Could not find rule file rules/intRulesCheckedSemantics.key
	at de.uka.ilkd.key.proof.io.RuleSourceFactory.fromBuiltInRule(RuleSourceFactory.java:32)
	at de.uka.ilkd.key.proof.io.RuleSourceFactory.fromDefaultLocation(RuleSourceFactory.java:21)
	at de.uka.ilkd.key.nparser.builder.IncludeFinder.addInclude(IncludeFinder.java:63)
	at de.uka.ilkd.key.nparser.builder.IncludeFinder.visitOne_include(IncludeFinder.java:43)
	at de.uka.ilkd.key.nparser.builder.IncludeFinder.visitOne_include(IncludeFinder.java:20)
	at de.uka.ilkd.key.nparser.KeYParser$One_includeContext.accept(KeYParser.java:878)
	at de.uka.ilkd.key.nparser.builder.AbstractBuilder.lambda$mapOf$0(AbstractBuilder.java:112)
	at java.base/java.util.stream.ReferencePipeline$3$1.accept(ReferencePipeline.java:195)
	at java.base/java.util.ArrayList$ArrayListSpliterator.forEachRemaining(ArrayList.java:1655)
	at java.base/java.util.stream.AbstractPipeline.copyInto(AbstractPipeline.java:484)
	at java.base/java.util.stream.AbstractPipeline.wrapAndCopyInto(AbstractPipeline.java:474)
	at java.base/java.util.stream.ReduceOps$ReduceOp.evaluateSequential(ReduceOps.java:913)
	at java.base/java.util.stream.AbstractPipeline.evaluate(AbstractPipeline.java:234)
	at java.base/java.util.stream.ReferencePipeline.collect(ReferencePipeline.java:578)
	at de.uka.ilkd.key.nparser.builder.AbstractBuilder.mapOf(AbstractBuilder.java:112)
	at de.uka.ilkd.key.nparser.builder.IncludeFinder.visitOne_include_statement(IncludeFinder.java:35)
	at de.uka.ilkd.key.nparser.builder.IncludeFinder.visitOne_include_statement(IncludeFinder.java:20)
	at de.uka.ilkd.key.nparser.KeYParser$One_include_statementContext.accept(KeYParser.java:802)
	at org.antlr.v4.runtime.tree.AbstractParseTreeVisitor.visitChildren(AbstractParseTreeVisitor.java:46)
	at de.uka.ilkd.key.nparser.KeYParserBaseVisitor.visitDecls(KeYParserBaseVisitor.java:30)
	at de.uka.ilkd.key.nparser.KeYParser$DeclsContext.accept(KeYParser.java:500)
	at org.antlr.v4.runtime.tree.AbstractParseTreeVisitor.visitChildren(AbstractParseTreeVisitor.java:46)
	at de.uka.ilkd.key.nparser.KeYParserBaseVisitor.visitFile(KeYParserBaseVisitor.java:23)
	at de.uka.ilkd.key.nparser.KeYParser$FileContext.accept(KeYParser.java:306)
	at de.uka.ilkd.key.nparser.KeyAst.accept(KeyAst.java:41)
	at de.uka.ilkd.key.nparser.KeyAst$File.getIncludes(KeyAst.java:76)
	at de.uka.ilkd.key.proof.io.KeYFile.readIncludes(KeYFile.java:208)
	... 14 more
Could not find rule file rules/intRulesCheckedSemantics.key (file: /home/runner/work/key/key/key.core/../key.ui/examples/index/.././standard_key/polySimp/simplify15.key; caused by: de.uka.ilkd.key.proof.init.ProofInputException: Could not find rule file rules/intRulesCheckedSemantics.key)
	at de.uka.ilkd.key.control.AbstractUserInterfaceControl.load(AbstractUserInterfaceControl.java:221)
	at de.uka.ilkd.key.control.KeYEnvironment.load(KeYEnvironment.java:251)
	at de.uka.ilkd.key.control.KeYEnvironment.load(KeYEnvironment.java:224)
	at de.uka.ilkd.key.control.KeYEnvironment.load(KeYEnvironment.java:184)
	at de.uka.ilkd.key.control.KeYEnvironment.load(KeYEnvironment.java:261)
	at de.uka.ilkd.key.proof.runallproofs.proofcollection.TestFile.load(TestFile.java:270)
	at de.uka.ilkd.key.proof.runallproofs.proofcollection.TestFile.runKey(TestFile.java:160)
	at de.uka.ilkd.key.proof.runallproofs.proofcollection.ForkedTestFileRunner.main(ForkedTestFileRunner.java:171)
Caused by: de.uka.ilkd.key.proof.init.ProofInputException: Could not find rule file rules/intRulesCheckedSemantics.key
	at de.uka.ilkd.key.proof.io.KeYFile.readIncludes(KeYFile.java:210)
	at de.uka.ilkd.key.proof.init.ProblemInitializer.readIncludes(ProblemInitializer.java:177)
	at de.uka.ilkd.key.proof.init.ProblemInitializer.readEnvInput(ProblemInitializer.java:325)
	at de.uka.ilkd.key.proof.init.ProblemInitializer.prepare(ProblemInitializer.java:449)
	at de.uka.ilkd.key.proof.io.AbstractProblemLoader.createInitConfig(AbstractProblemLoader.java:518)
	at de.uka.ilkd.key.proof.io.AbstractProblemLoader.loadEnvironment(AbstractProblemLoader.java:288)
	at de.uka.ilkd.key.proof.io.AbstractProblemLoader.load(AbstractProblemLoader.java:252)
	at de.uka.ilkd.key.control.AbstractUserInterfaceControl.load(AbstractUserInterfaceControl.java:209)
	... 7 more
Caused by: java.lang.RuntimeException: Could not find rule file rules/intRulesCheckedSemantics.key
	at de.uka.ilkd.key.proof.io.RuleSourceFactory.fromBuiltInRule(RuleSourceFactory.java:32)
	at de.uka.ilkd.key.proof.io.RuleSourceFactory.fromDefaultLocation(RuleSourceFactory.java:21)
	at de.uka.ilkd.key.nparser.builder.IncludeFinder.addInclude(IncludeFinder.java:63)
	at de.uka.ilkd.key.nparser.builder.IncludeFinder.visitOne_include(IncludeFinder.java:43)
	at de.uka.ilkd.key.nparser.builder.IncludeFinder.visitOne_include(IncludeFinder.java:20)
	at de.uka.ilkd.key.nparser.KeYParser$One_includeContext.accept(KeYParser.java:878)
	at de.uka.ilkd.key.nparser.builder.AbstractBuilder.lambda$mapOf$0(AbstractBuilder.java:112)
	at java.base/java.util.stream.ReferencePipeline$3$1.accept(ReferencePipeline.java:195)
	at java.base/java.util.ArrayList$ArrayListSpliterator.forEachRemaining(ArrayList.java:1655)
	at java.base/java.util.stream.AbstractPipeline.copyInto(AbstractPipeline.java:484)
	at java.base/java.util.stream.AbstractPipeline.wrapAndCopyInto(AbstractPipeline.java:474)
	at java.base/java.util.stream.ReduceOps$ReduceOp.evaluateSequential(ReduceOps.java:913)
	at java.base/java.util.stream.AbstractPipeline.evaluate(AbstractPipeline.java:234)
	at java.base/java.util.stream.ReferencePipeline.collect(ReferencePipeline.java:578)
	at de.uka.ilkd.key.nparser.builder.AbstractBuilder.mapOf(AbstractBuilder.java:112)
	at de.uka.ilkd.key.nparser.builder.IncludeFinder.visitOne_include_statement(IncludeFinder.java:35)
	at de.uka.ilkd.key.nparser.builder.IncludeFinder.visitOne_include_statement(IncludeFinder.java:20)
	at de.uka.ilkd.key.nparser.KeYParser$One_include_statementContext.accept(KeYParser.java:802)
	at org.antlr.v4.runtime.tree.AbstractParseTreeVisitor.visitChildren(AbstractParseTreeVisitor.java:46)
	at de.uka.ilkd.key.nparser.KeYParserBaseVisitor.visitDecls(KeYParserBaseVisitor.java:30)
	at de.uka.ilkd.key.nparser.KeYParser$DeclsContext.accept(KeYParser.java:500)
	at org.antlr.v4.runtime.tree.AbstractParseTreeVisitor.visitChildren(AbstractParseTreeVisitor.java:46)
	at de.uka.ilkd.key.nparser.KeYParserBaseVisitor.visitFile(KeYParserBaseVisitor.java:23)
	at de.uka.ilkd.key.nparser.KeYParser$FileContext.accept(KeYParser.java:306)
	at de.uka.ilkd.key.nparser.KeyAst.accept(KeyAst.java:41)
	at de.uka.ilkd.key.nparser.KeyAst$File.getIncludes(KeyAst.java:76)
	at de.uka.ilkd.key.proof.io.KeYFile.readIncludes(KeYFile.java:208)
	... 14 more
Could not find rule file rules/intRulesCheckedSemantics.key (file: /home/runner/work/key/key/key.core/../key.ui/examples/index/.././standard_key/polySimp/simplify16.key; caused by: de.uka.ilkd.key.proof.init.ProofInputException: Could not find rule file rules/intRulesCheckedSemantics.key)
	at de.uka.ilkd.key.control.AbstractUserInterfaceControl.load(AbstractUserInterfaceControl.java:221)
	at de.uka.ilkd.key.control.KeYEnvironment.load(KeYEnvironment.java:251)
	at de.uka.ilkd.key.control.KeYEnvironment.load(KeYEnvironment.java:224)
	at de.uka.ilkd.key.control.KeYEnvironment.load(KeYEnvironment.java:184)
	at de.uka.ilkd.key.control.KeYEnvironment.load(KeYEnvironment.java:261)
	at de.uka.ilkd.key.proof.runallproofs.proofcollection.TestFile.load(TestFile.java:270)
	at de.uka.ilkd.key.proof.runallproofs.proofcollection.TestFile.runKey(TestFile.java:160)
	at de.uka.ilkd.key.proof.runallproofs.proofcollection.ForkedTestFileRunner.main(ForkedTestFileRunner.java:171)
Caused by: de.uka.ilkd.key.proof.init.ProofInputException: Could not find rule file rules/intRulesCheckedSemantics.key
	at de.uka.ilkd.key.proof.io.KeYFile.readIncludes(KeYFile.java:210)
	at de.uka.ilkd.key.proof.init.ProblemInitializer.readIncludes(ProblemInitializer.java:177)
	at de.uka.ilkd.key.proof.init.ProblemInitializer.readEnvInput(ProblemInitializer.java:325)
	at de.uka.ilkd.key.proof.init.ProblemInitializer.prepare(ProblemInitializer.java:449)
	at de.uka.ilkd.key.proof.io.AbstractProblemLoader.createInitConfig(AbstractProblemLoader.java:518)
	at de.uka.ilkd.key.proof.io.AbstractProblemLoader.loadEnvironment(AbstractProblemLoader.java:288)
	at de.uka.ilkd.key.proof.io.AbstractProblemLoader.load(AbstractProblemLoader.java:252)
	at de.uka.ilkd.key.control.AbstractUserInterfaceControl.load(AbstractUserInterfaceControl.java:209)
	... 7 more
Caused by: java.lang.RuntimeException: Could not find rule file rules/intRulesCheckedSemantics.key
	at de.uka.ilkd.key.proof.io.RuleSourceFactory.fromBuiltInRule(RuleSourceFactory.java:32)
	at de.uka.ilkd.key.proof.io.RuleSourceFactory.fromDefaultLocation(RuleSourceFactory.java:21)
	at de.uka.ilkd.key.nparser.builder.IncludeFinder.addInclude(IncludeFinder.java:63)
	at de.uka.ilkd.key.nparser.builder.IncludeFinder.visitOne_include(IncludeFinder.java:43)
	at de.uka.ilkd.key.nparser.builder.IncludeFinder.visitOne_include(IncludeFinder.java:20)
	at de.uka.ilkd.key.nparser.KeYParser$One_includeContext.accept(KeYParser.java:878)
	at de.uka.ilkd.key.nparser.builder.AbstractBuilder.lambda$mapOf$0(AbstractBuilder.java:112)
	at java.base/java.util.stream.ReferencePipeline$3$1.accept(ReferencePipeline.java:195)
	at java.base/java.util.ArrayList$ArrayListSpliterator.forEachRemaining(ArrayList.java:1655)
	at java.base/java.util.stream.AbstractPipeline.copyInto(AbstractPipeline.java:484)
	at java.base/java.util.stream.AbstractPipeline.wrapAndCopyInto(AbstractPipeline.java:474)
	at java.base/java.util.stream.ReduceOps$ReduceOp.evaluateSequential(ReduceOps.java:913)
	at java.base/java.util.stream.AbstractPipeline.evaluate(AbstractPipeline.java:234)
	at java.base/java.util.stream.ReferencePipeline.collect(ReferencePipeline.java:578)
	at de.uka.ilkd.key.nparser.builder.AbstractBuilder.mapOf(AbstractBuilder.java:112)
	at de.uka.ilkd.key.nparser.builder.IncludeFinder.visitOne_include_statement(IncludeFinder.java:35)
	at de.uka.ilkd.key.nparser.builder.IncludeFinder.visitOne_include_statement(IncludeFinder.java:20)
	at de.uka.ilkd.key.nparser.KeYParser$One_include_statementContext.accept(KeYParser.java:802)
	at org.antlr.v4.runtime.tree.AbstractParseTreeVisitor.visitChildren(AbstractParseTreeVisitor.java:46)
	at de.uka.ilkd.key.nparser.KeYParserBaseVisitor.visitDecls(KeYParserBaseVisitor.java:30)
	at de.uka.ilkd.key.nparser.KeYParser$DeclsContext.accept(KeYParser.java:500)
	at org.antlr.v4.runtime.tree.AbstractParseTreeVisitor.visitChildren(AbstractParseTreeVisitor.java:46)
	at de.uka.ilkd.key.nparser.KeYParserBaseVisitor.visitFile(KeYParserBaseVisitor.java:23)
	at de.uka.ilkd.key.nparser.KeYParser$FileContext.accept(KeYParser.java:306)
	at de.uka.ilkd.key.nparser.KeyAst.accept(KeyAst.java:41)
	at de.uka.ilkd.key.nparser.KeyAst$File.getIncludes(KeyAst.java:76)
	at de.uka.ilkd.key.proof.io.KeYFile.readIncludes(KeYFile.java:208)
	... 14 more
Could not find rule file rules/intRulesCheckedSemantics.key (file: /home/runner/work/key/key/key.core/../key.ui/examples/index/.././standard_key/polySimp/simplify17.key; caused by: de.uka.ilkd.key.proof.init.ProofInputException: Could not find rule file rules/intRulesCheckedSemantics.key)
	at de.uka.ilkd.key.control.AbstractUserInterfaceControl.load(AbstractUserInterfaceControl.java:221)
	at de.uka.ilkd.key.control.KeYEnvironment.load(KeYEnvironment.java:251)
	at de.uka.ilkd.key.control.KeYEnvironment.load(KeYEnvironment.java:224)
	at de.uka.ilkd.key.control.KeYEnvironment.load(KeYEnvironment.java:184)
	at de.uka.ilkd.key.control.KeYEnvironment.load(KeYEnvironment.java:261)
	at de.uka.ilkd.key.proof.runallproofs.proofcollection.TestFile.load(TestFile.java:270)
	at de.uka.ilkd.key.proof.runallproofs.proofcollection.TestFile.runKey(TestFile.java:160)
	at de.uka.ilkd.key.proof.runallproofs.proofcollection.ForkedTestFileRunner.main(ForkedTestFileRunner.java:171)
Caused by: de.uka.ilkd.key.proof.init.ProofInputException: Could not find rule file rules/intRulesCheckedSemantics.key
	at de.uka.ilkd.key.proof.io.KeYFile.readIncludes(KeYFile.java:210)
	at de.uka.ilkd.key.proof.init.ProblemInitializer.readIncludes(ProblemInitializer.java:177)
	at de.uka.ilkd.key.proof.init.ProblemInitializer.readEnvInput(ProblemInitializer.java:325)
	at de.uka.ilkd.key.proof.init.ProblemInitializer.prepare(ProblemInitializer.java:449)
	at de.uka.ilkd.key.proof.io.AbstractProblemLoader.createInitConfig(AbstractProblemLoader.java:518)
	at de.uka.ilkd.key.proof.io.AbstractProblemLoader.loadEnvironment(AbstractProblemLoader.java:288)
	at de.uka.ilkd.key.proof.io.AbstractProblemLoader.load(AbstractProblemLoader.java:252)
	at de.uka.ilkd.key.control.AbstractUserInterfaceControl.load(AbstractUserInterfaceControl.java:209)
	... 7 more
Caused by: java.lang.RuntimeException: Could not find rule file rules/intRulesCheckedSemantics.key
	at de.uka.ilkd.key.proof.io.RuleSourceFactory.fromBuiltInRule(RuleSourceFactory.java:32)
	at de.uka.ilkd.key.proof.io.RuleSourceFactory.fromDefaultLocation(RuleSourceFactory.java:21)
	at de.uka.ilkd.key.nparser.builder.IncludeFinder.addInclude(IncludeFinder.java:63)
	at de.uka.ilkd.key.nparser.builder.IncludeFinder.visitOne_include(IncludeFinder.java:43)
	at de.uka.ilkd.key.nparser.builder.IncludeFinder.visitOne_include(IncludeFinder.java:20)
	at de.uka.ilkd.key.nparser.KeYParser$One_includeContext.accept(KeYParser.java:878)
	at de.uka.ilkd.key.nparser.builder.AbstractBuilder.lambda$mapOf$0(AbstractBuilder.java:112)
	at java.base/java.util.stream.ReferencePipeline$3$1.accept(ReferencePipeline.java:195)
	at java.base/java.util.ArrayList$ArrayListSpliterator.forEachRemaining(ArrayList.java:1655)
	at java.base/java.util.stream.AbstractPipeline.copyInto(AbstractPipeline.java:484)
	at java.base/java.util.stream.AbstractPipeline.wrapAndCopyInto(AbstractPipeline.java:474)
	at java.base/java.util.stream.ReduceOps$ReduceOp.evaluateSequential(ReduceOps.java:913)
	at java.base/java.util.stream.AbstractPipeline.evaluate(AbstractPipeline.java:234)
	at java.base/java.util.stream.ReferencePipeline.collect(ReferencePipeline.java:578)
	at de.uka.ilkd.key.nparser.builder.AbstractBuilder.mapOf(AbstractBuilder.java:112)
	at de.uka.ilkd.key.nparser.builder.IncludeFinder.visitOne_include_statement(IncludeFinder.java:35)
	at de.uka.ilkd.key.nparser.builder.IncludeFinder.visitOne_include_statement(IncludeFinder.java:20)
	at de.uka.ilkd.key.nparser.KeYParser$One_include_statementContext.accept(KeYParser.java:802)
	at org.antlr.v4.runtime.tree.AbstractParseTreeVisitor.visitChildren(AbstractParseTreeVisitor.java:46)
	at de.uka.ilkd.key.nparser.KeYParserBaseVisitor.visitDecls(KeYParserBaseVisitor.java:30)
	at de.uka.ilkd.key.nparser.KeYParser$DeclsContext.accept(KeYParser.java:500)
	at org.antlr.v4.runtime.tree.AbstractParseTreeVisitor.visitChildren(AbstractParseTreeVisitor.java:46)
	at de.uka.ilkd.key.nparser.KeYParserBaseVisitor.visitFile(KeYParserBaseVisitor.java:23)
	at de.uka.ilkd.key.nparser.KeYParser$FileContext.accept(KeYParser.java:306)
	at de.uka.ilkd.key.nparser.KeyAst.accept(KeyAst.java:41)
	at de.uka.ilkd.key.nparser.KeyAst$File.getIncludes(KeyAst.java:76)
	at de.uka.ilkd.key.proof.io.KeYFile.readIncludes(KeYFile.java:208)
	... 14 more
Could not find rule file rules/intRulesCheckedSemantics.key (file: /home/runner/work/key/key/key.core/../key.ui/examples/index/.././standard_key/polySimp/simplify18.key; caused by: de.uka.ilkd.key.proof.init.ProofInputException: Could not find rule file rules/intRulesCheckedSemantics.key)
	at de.uka.ilkd.key.control.AbstractUserInterfaceControl.load(AbstractUserInterfaceControl.java:221)
	at de.uka.ilkd.key.control.KeYEnvironment.load(KeYEnvironment.java:251)
	at de.uka.ilkd.key.control.KeYEnvironment.load(KeYEnvironment.java:224)
	at de.uka.ilkd.key.control.KeYEnvironment.load(KeYEnvironment.java:184)
	at de.uka.ilkd.key.control.KeYEnvironment.load(KeYEnvironment.java:261)
	at de.uka.ilkd.key.proof.runallproofs.proofcollection.TestFile.load(TestFile.java:270)
	at de.uka.ilkd.key.proof.runallproofs.proofcollection.TestFile.runKey(TestFile.java:160)
	at de.uka.ilkd.key.proof.runallproofs.proofcollection.ForkedTestFileRunner.main(ForkedTestFileRunner.java:171)
Caused by: de.uka.ilkd.key.proof.init.ProofInputException: Could not find rule file rules/intRulesCheckedSemantics.key
	at de.uka.ilkd.key.proof.io.KeYFile.readIncludes(KeYFile.java:210)
	at de.uka.ilkd.key.proof.init.ProblemInitializer.readIncludes(ProblemInitializer.java:177)
	at de.uka.ilkd.key.proof.init.ProblemInitializer.readEnvInput(ProblemInitializer.java:325)
	at de.uka.ilkd.key.proof.init.ProblemInitializer.prepare(ProblemInitializer.java:449)
	at de.uka.ilkd.key.proof.io.AbstractProblemLoader.createInitConfig(AbstractProblemLoader.java:518)
	at de.uka.ilkd.key.proof.io.AbstractProblemLoader.loadEnvironment(AbstractProblemLoader.java:288)
	at de.uka.ilkd.key.proof.io.AbstractProblemLoader.load(AbstractProblemLoader.java:252)
	at de.uka.ilkd.key.control.AbstractUserInterfaceControl.load(AbstractUserInterfaceControl.java:209)
	... 7 more
Caused by: java.lang.RuntimeException: Could not find rule file rules/intRulesCheckedSemantics.key
	at de.uka.ilkd.key.proof.io.RuleSourceFactory.fromBuiltInRule(RuleSourceFactory.java:32)
	at de.uka.ilkd.key.proof.io.RuleSourceFactory.fromDefaultLocation(RuleSourceFactory.java:21)
	at de.uka.ilkd.key.nparser.builder.IncludeFinder.addInclude(IncludeFinder.java:63)
	at de.uka.ilkd.key.nparser.builder.IncludeFinder.visitOne_include(IncludeFinder.java:43)
	at de.uka.ilkd.key.nparser.builder.IncludeFinder.visitOne_include(IncludeFinder.java:20)
	at de.uka.ilkd.key.nparser.KeYParser$One_includeContext.accept(KeYParser.java:878)
	at de.uka.ilkd.key.nparser.builder.AbstractBuilder.lambda$mapOf$0(AbstractBuilder.java:112)
	at java.base/java.util.stream.ReferencePipeline$3$1.accept(ReferencePipeline.java:195)
	at java.base/java.util.ArrayList$ArrayListSpliterator.forEachRemaining(ArrayList.java:1655)
	at java.base/java.util.stream.AbstractPipeline.copyInto(AbstractPipeline.java:484)
	at java.base/java.util.stream.AbstractPipeline.wrapAndCopyInto(AbstractPipeline.java:474)
	at java.base/java.util.stream.ReduceOps$ReduceOp.evaluateSequential(ReduceOps.java:913)
	at java.base/java.util.stream.AbstractPipeline.evaluate(AbstractPipeline.java:234)
	at java.base/java.util.stream.ReferencePipeline.collect(ReferencePipeline.java:578)
	at de.uka.ilkd.key.nparser.builder.AbstractBuilder.mapOf(AbstractBuilder.java:112)
	at de.uka.ilkd.key.nparser.builder.IncludeFinder.visitOne_include_statement(IncludeFinder.java:35)
	at de.uka.ilkd.key.nparser.builder.IncludeFinder.visitOne_include_statement(IncludeFinder.java:20)
	at de.uka.ilkd.key.nparser.KeYParser$One_include_statementContext.accept(KeYParser.java:802)
	at org.antlr.v4.runtime.tree.AbstractParseTreeVisitor.visitChildren(AbstractParseTreeVisitor.java:46)
	at de.uka.ilkd.key.nparser.KeYParserBaseVisitor.visitDecls(KeYParserBaseVisitor.java:30)
	at de.uka.ilkd.key.nparser.KeYParser$DeclsContext.accept(KeYParser.java:500)
	at org.antlr.v4.runtime.tree.AbstractParseTreeVisitor.visitChildren(AbstractParseTreeVisitor.java:46)
	at de.uka.ilkd.key.nparser.KeYParserBaseVisitor.visitFile(KeYParserBaseVisitor.java:23)
	at de.uka.ilkd.key.nparser.KeYParser$FileContext.accept(KeYParser.java:306)
	at de.uka.ilkd.key.nparser.KeyAst.accept(KeyAst.java:41)
	at de.uka.ilkd.key.nparser.KeyAst$File.getIncludes(KeyAst.java:76)
	at de.uka.ilkd.key.proof.io.KeYFile.readIncludes(KeYFile.java:208)
	... 14 more
Could not find rule file rules/intRulesCheckedSemantics.key (file: /home/runner/work/key/key/key.core/../key.ui/examples/index/.././standard_key/polySimp/simplify19.key; caused by: de.uka.ilkd.key.proof.init.ProofInputException: Could not find rule file rules/intRulesCheckedSemantics.key)
	at de.uka.ilkd.key.control.AbstractUserInterfaceControl.load(AbstractUserInterfaceControl.java:221)
	at de.uka.ilkd.key.control.KeYEnvironment.load(KeYEnvironment.java:251)
	at de.uka.ilkd.key.control.KeYEnvironment.load(KeYEnvironment.java:224)
	at de.uka.ilkd.key.control.KeYEnvironment.load(KeYEnvironment.java:184)
	at de.uka.ilkd.key.control.KeYEnvironment.load(KeYEnvironment.java:261)
	at de.uka.ilkd.key.proof.runallproofs.proofcollection.TestFile.load(TestFile.java:270)
	at de.uka.ilkd.key.proof.runallproofs.proofcollection.TestFile.runKey(TestFile.java:160)
	at de.uka.ilkd.key.proof.runallproofs.proofcollection.ForkedTestFileRunner.main(ForkedTestFileRunner.java:171)
Caused by: de.uka.ilkd.key.proof.init.ProofInputException: Could not find rule file rules/intRulesCheckedSemantics.key
	at de.uka.ilkd.key.proof.io.KeYFile.readIncludes(KeYFile.java:210)
	at de.uka.ilkd.key.proof.init.ProblemInitializer.readIncludes(ProblemInitializer.java:177)
	at de.uka.ilkd.key.proof.init.ProblemInitializer.readEnvInput(ProblemInitializer.java:325)
	at de.uka.ilkd.key.proof.init.ProblemInitializer.prepare(ProblemInitializer.java:449)
	at de.uka.ilkd.key.proof.io.AbstractProblemLoader.createInitConfig(AbstractProblemLoader.java:518)
	at de.uka.ilkd.key.proof.io.AbstractProblemLoader.loadEnvironment(AbstractProblemLoader.java:288)
	at de.uka.ilkd.key.proof.io.AbstractProblemLoader.load(AbstractProblemLoader.java:252)
	at de.uka.ilkd.key.control.AbstractUserInterfaceControl.load(AbstractUserInterfaceControl.java:209)
	... 7 more
Caused by: java.lang.RuntimeException: Could not find rule file rules/intRulesCheckedSemantics.key
	at de.uka.ilkd.key.proof.io.RuleSourceFactory.fromBuiltInRule(RuleSourceFactory.java:32)
	at de.uka.ilkd.key.proof.io.RuleSourceFactory.fromDefaultLocation(RuleSourceFactory.java:21)
	at de.uka.ilkd.key.nparser.builder.IncludeFinder.addInclude(IncludeFinder.java:63)
	at de.uka.ilkd.key.nparser.builder.IncludeFinder.visitOne_include(IncludeFinder.java:43)
	at de.uka.ilkd.key.nparser.builder.IncludeFinder.visitOne_include(IncludeFinder.java:20)
	at de.uka.ilkd.key.nparser.KeYParser$One_includeContext.accept(KeYParser.java:878)
	at de.uka.ilkd.key.nparser.builder.AbstractBuilder.lambda$mapOf$0(AbstractBuilder.java:112)
	at java.base/java.util.stream.ReferencePipeline$3$1.accept(ReferencePipeline.java:195)
	at java.base/java.util.ArrayList$ArrayListSpliterator.forEachRemaining(ArrayList.java:1655)
	at java.base/java.util.stream.AbstractPipeline.copyInto(AbstractPipeline.java:484)
	at java.base/java.util.stream.AbstractPipeline.wrapAndCopyInto(AbstractPipeline.java:474)
	at java.base/java.util.stream.ReduceOps$ReduceOp.evaluateSequential(ReduceOps.java:913)
	at java.base/java.util.stream.AbstractPipeline.evaluate(AbstractPipeline.java:234)
	at java.base/java.util.stream.ReferencePipeline.collect(ReferencePipeline.java:578)
	at de.uka.ilkd.key.nparser.builder.AbstractBuilder.mapOf(AbstractBuilder.java:112)
	at de.uka.ilkd.key.nparser.builder.IncludeFinder.visitOne_include_statement(IncludeFinder.java:35)
	at de.uka.ilkd.key.nparser.builder.IncludeFinder.visitOne_include_statement(IncludeFinder.java:20)
	at de.uka.ilkd.key.nparser.KeYParser$One_include_statementContext.accept(KeYParser.java:802)
	at org.antlr.v4.runtime.tree.AbstractParseTreeVisitor.visitChildren(AbstractParseTreeVisitor.java:46)
	at de.uka.ilkd.key.nparser.KeYParserBaseVisitor.visitDecls(KeYParserBaseVisitor.java:30)
	at de.uka.ilkd.key.nparser.KeYParser$DeclsContext.accept(KeYParser.java:500)
	at org.antlr.v4.runtime.tree.AbstractParseTreeVisitor.visitChildren(AbstractParseTreeVisitor.java:46)
	at de.uka.ilkd.key.nparser.KeYParserBaseVisitor.visitFile(KeYParserBaseVisitor.java:23)
	at de.uka.ilkd.key.nparser.KeYParser$FileContext.accept(KeYParser.java:306)
	at de.uka.ilkd.key.nparser.KeyAst.accept(KeyAst.java:41)
	at de.uka.ilkd.key.nparser.KeyAst$File.getIncludes(KeyAst.java:76)
	at de.uka.ilkd.key.proof.io.KeYFile.readIncludes(KeYFile.java:208)
	... 14 more
Could not find rule file rules/intRulesCheckedSemantics.key (file: /home/runner/work/key/key/key.core/../key.ui/examples/index/.././standard_key/polySimp/simplify2.key; caused by: de.uka.ilkd.key.proof.init.ProofInputException: Could not find rule file rules/intRulesCheckedSemantics.key)
	at de.uka.ilkd.key.control.AbstractUserInterfaceControl.load(AbstractUserInterfaceControl.java:221)
	at de.uka.ilkd.key.control.KeYEnvironment.load(KeYEnvironment.java:251)
	at de.uka.ilkd.key.control.KeYEnvironment.load(KeYEnvironment.java:224)
	at de.uka.ilkd.key.control.KeYEnvironment.load(KeYEnvironment.java:184)
	at de.uka.ilkd.key.control.KeYEnvironment.load(KeYEnvironment.java:261)
	at de.uka.ilkd.key.proof.runallproofs.proofcollection.TestFile.load(TestFile.java:270)
	at de.uka.ilkd.key.proof.runallproofs.proofcollection.TestFile.runKey(TestFile.java:160)
	at de.uka.ilkd.key.proof.runallproofs.proofcollection.ForkedTestFileRunner.main(ForkedTestFileRunner.java:171)
Caused by: de.uka.ilkd.key.proof.init.ProofInputException: Could not find rule file rules/intRulesCheckedSemantics.key
	at de.uka.ilkd.key.proof.io.KeYFile.readIncludes(KeYFile.java:210)
	at de.uka.ilkd.key.proof.init.ProblemInitializer.readIncludes(ProblemInitializer.java:177)
	at de.uka.ilkd.key.proof.init.ProblemInitializer.readEnvInput(ProblemInitializer.java:325)
	at de.uka.ilkd.key.proof.init.ProblemInitializer.prepare(ProblemInitializer.java:449)
	at de.uka.ilkd.key.proof.io.AbstractProblemLoader.createInitConfig(AbstractProblemLoader.java:518)
	at de.uka.ilkd.key.proof.io.AbstractProblemLoader.loadEnvironment(AbstractProblemLoader.java:288)
	at de.uka.ilkd.key.proof.io.AbstractProblemLoader.load(AbstractProblemLoader.java:252)
	at de.uka.ilkd.key.control.AbstractUserInterfaceControl.load(AbstractUserInterfaceControl.java:209)
	... 7 more
Caused by: java.lang.RuntimeException: Could not find rule file rules/intRulesCheckedSemantics.key
	at de.uka.ilkd.key.proof.io.RuleSourceFactory.fromBuiltInRule(RuleSourceFactory.java:32)
	at de.uka.ilkd.key.proof.io.RuleSourceFactory.fromDefaultLocation(RuleSourceFactory.java:21)
	at de.uka.ilkd.key.nparser.builder.IncludeFinder.addInclude(IncludeFinder.java:63)
	at de.uka.ilkd.key.nparser.builder.IncludeFinder.visitOne_include(IncludeFinder.java:43)
	at de.uka.ilkd.key.nparser.builder.IncludeFinder.visitOne_include(IncludeFinder.java:20)
	at de.uka.ilkd.key.nparser.KeYParser$One_includeContext.accept(KeYParser.java:878)
	at de.uka.ilkd.key.nparser.builder.AbstractBuilder.lambda$mapOf$0(AbstractBuilder.java:112)
	at java.base/java.util.stream.ReferencePipeline$3$1.accept(ReferencePipeline.java:195)
	at java.base/java.util.ArrayList$ArrayListSpliterator.forEachRemaining(ArrayList.java:1655)
	at java.base/java.util.stream.AbstractPipeline.copyInto(AbstractPipeline.java:484)
	at java.base/java.util.stream.AbstractPipeline.wrapAndCopyInto(AbstractPipeline.java:474)
	at java.base/java.util.stream.ReduceOps$ReduceOp.evaluateSequential(ReduceOps.java:913)
	at java.base/java.util.stream.AbstractPipeline.evaluate(AbstractPipeline.java:234)
	at java.base/java.util.stream.ReferencePipeline.collect(ReferencePipeline.java:578)
	at de.uka.ilkd.key.nparser.builder.AbstractBuilder.mapOf(AbstractBuilder.java:112)
	at de.uka.ilkd.key.nparser.builder.IncludeFinder.visitOne_include_statement(IncludeFinder.java:35)
	at de.uka.ilkd.key.nparser.builder.IncludeFinder.visitOne_include_statement(IncludeFinder.java:20)
	at de.uka.ilkd.key.nparser.KeYParser$One_include_statementContext.accept(KeYParser.java:802)
	at org.antlr.v4.runtime.tree.AbstractParseTreeVisitor.visitChildren(AbstractParseTreeVisitor.java:46)
	at de.uka.ilkd.key.nparser.KeYParserBaseVisitor.visitDecls(KeYParserBaseVisitor.java:30)
	at de.uka.ilkd.key.nparser.KeYParser$DeclsContext.accept(KeYParser.java:500)
	at org.antlr.v4.runtime.tree.AbstractParseTreeVisitor.visitChildren(AbstractParseTreeVisitor.java:46)
	at de.uka.ilkd.key.nparser.KeYParserBaseVisitor.visitFile(KeYParserBaseVisitor.java:23)
	at de.uka.ilkd.key.nparser.KeYParser$FileContext.accept(KeYParser.java:306)
	at de.uka.ilkd.key.nparser.KeyAst.accept(KeyAst.java:41)
	at de.uka.ilkd.key.nparser.KeyAst$File.getIncludes(KeyAst.java:76)
	at de.uka.ilkd.key.proof.io.KeYFile.readIncludes(KeYFile.java:208)
	... 14 more
Could not find rule file rules/intRulesCheckedSemantics.key (file: /home/runner/work/key/key/key.core/../key.ui/examples/index/.././standard_key/polySimp/simplify20.key; caused by: de.uka.ilkd.key.proof.init.ProofInputException: Could not find rule file rules/intRulesCheckedSemantics.key)
	at de.uka.ilkd.key.control.AbstractUserInterfaceControl.load(AbstractUserInterfaceControl.java:221)
	at de.uka.ilkd.key.control.KeYEnvironment.load(KeYEnvironment.java:251)
	at de.uka.ilkd.key.control.KeYEnvironment.load(KeYEnvironment.java:224)
	at de.uka.ilkd.key.control.KeYEnvironment.load(KeYEnvironment.java:184)
	at de.uka.ilkd.key.control.KeYEnvironment.load(KeYEnvironment.java:261)
	at de.uka.ilkd.key.proof.runallproofs.proofcollection.TestFile.load(TestFile.java:270)
	at de.uka.ilkd.key.proof.runallproofs.proofcollection.TestFile.runKey(TestFile.java:160)
	at de.uka.ilkd.key.proof.runallproofs.proofcollection.ForkedTestFileRunner.main(ForkedTestFileRunner.java:171)
Caused by: de.uka.ilkd.key.proof.init.ProofInputException: Could not find rule file rules/intRulesCheckedSemantics.key
	at de.uka.ilkd.key.proof.io.KeYFile.readIncludes(KeYFile.java:210)
	at de.uka.ilkd.key.proof.init.ProblemInitializer.readIncludes(ProblemInitializer.java:177)
	at de.uka.ilkd.key.proof.init.ProblemInitializer.readEnvInput(ProblemInitializer.java:325)
	at de.uka.ilkd.key.proof.init.ProblemInitializer.prepare(ProblemInitializer.java:449)
	at de.uka.ilkd.key.proof.io.AbstractProblemLoader.createInitConfig(AbstractProblemLoader.java:518)
	at de.uka.ilkd.key.proof.io.AbstractProblemLoader.loadEnvironment(AbstractProblemLoader.java:288)
	at de.uka.ilkd.key.proof.io.AbstractProblemLoader.load(AbstractProblemLoader.java:252)
	at de.uka.ilkd.key.control.AbstractUserInterfaceControl.load(AbstractUserInterfaceControl.java:209)
	... 7 more
Caused by: java.lang.RuntimeException: Could not find rule file rules/intRulesCheckedSemantics.key
	at de.uka.ilkd.key.proof.io.RuleSourceFactory.fromBuiltInRule(RuleSourceFactory.java:32)
	at de.uka.ilkd.key.proof.io.RuleSourceFactory.fromDefaultLocation(RuleSourceFactory.java:21)
	at de.uka.ilkd.key.nparser.builder.IncludeFinder.addInclude(IncludeFinder.java:63)
	at de.uka.ilkd.key.nparser.builder.IncludeFinder.visitOne_include(IncludeFinder.java:43)
	at de.uka.ilkd.key.nparser.builder.IncludeFinder.visitOne_include(IncludeFinder.java:20)
	at de.uka.ilkd.key.nparser.KeYParser$One_includeContext.accept(KeYParser.java:878)
	at de.uka.ilkd.key.nparser.builder.AbstractBuilder.lambda$mapOf$0(AbstractBuilder.java:112)
	at java.base/java.util.stream.ReferencePipeline$3$1.accept(ReferencePipeline.java:195)
	at java.base/java.util.ArrayList$ArrayListSpliterator.forEachRemaining(ArrayList.java:1655)
	at java.base/java.util.stream.AbstractPipeline.copyInto(AbstractPipeline.java:484)
	at java.base/java.util.stream.AbstractPipeline.wrapAndCopyInto(AbstractPipeline.java:474)
	at java.base/java.util.stream.ReduceOps$ReduceOp.evaluateSequential(ReduceOps.java:913)
	at java.base/java.util.stream.AbstractPipeline.evaluate(AbstractPipeline.java:234)
	at java.base/java.util.stream.ReferencePipeline.collect(ReferencePipeline.java:578)
	at de.uka.ilkd.key.nparser.builder.AbstractBuilder.mapOf(AbstractBuilder.java:112)
	at de.uka.ilkd.key.nparser.builder.IncludeFinder.visitOne_include_statement(IncludeFinder.java:35)
	at de.uka.ilkd.key.nparser.builder.IncludeFinder.visitOne_include_statement(IncludeFinder.java:20)
	at de.uka.ilkd.key.nparser.KeYParser$One_include_statementContext.accept(KeYParser.java:802)
	at org.antlr.v4.runtime.tree.AbstractParseTreeVisitor.visitChildren(AbstractParseTreeVisitor.java:46)
	at de.uka.ilkd.key.nparser.KeYParserBaseVisitor.visitDecls(KeYParserBaseVisitor.java:30)
	at de.uka.ilkd.key.nparser.KeYParser$DeclsContext.accept(KeYParser.java:500)
	at org.antlr.v4.runtime.tree.AbstractParseTreeVisitor.visitChildren(AbstractParseTreeVisitor.java:46)
	at de.uka.ilkd.key.nparser.KeYParserBaseVisitor.visitFile(KeYParserBaseVisitor.java:23)
	at de.uka.ilkd.key.nparser.KeYParser$FileContext.accept(KeYParser.java:306)
	at de.uka.ilkd.key.nparser.KeyAst.accept(KeyAst.java:41)
	at de.uka.ilkd.key.nparser.KeyAst$File.getIncludes(KeyAst.java:76)
	at de.uka.ilkd.key.proof.io.KeYFile.readIncludes(KeYFile.java:208)
	... 14 more
Could not find rule file rules/intRulesCheckedSemantics.key (file: /home/runner/work/key/key/key.core/../key.ui/examples/index/.././standard_key/polySimp/simplify21.key; caused by: de.uka.ilkd.key.proof.init.ProofInputException: Could not find rule file rules/intRulesCheckedSemantics.key)
	at de.uka.ilkd.key.control.AbstractUserInterfaceControl.load(AbstractUserInterfaceControl.java:221)
	at de.uka.ilkd.key.control.KeYEnvironment.load(KeYEnvironment.java:251)
	at de.uka.ilkd.key.control.KeYEnvironment.load(KeYEnvironment.java:224)
	at de.uka.ilkd.key.control.KeYEnvironment.load(KeYEnvironment.java:184)
	at de.uka.ilkd.key.control.KeYEnvironment.load(KeYEnvironment.java:261)
	at de.uka.ilkd.key.proof.runallproofs.proofcollection.TestFile.load(TestFile.java:270)
	at de.uka.ilkd.key.proof.runallproofs.proofcollection.TestFile.runKey(TestFile.java:160)
	at de.uka.ilkd.key.proof.runallproofs.proofcollection.ForkedTestFileRunner.main(ForkedTestFileRunner.java:171)
Caused by: de.uka.ilkd.key.proof.init.ProofInputException: Could not find rule file rules/intRulesCheckedSemantics.key
	at de.uka.ilkd.key.proof.io.KeYFile.readIncludes(KeYFile.java:210)
	at de.uka.ilkd.key.proof.init.ProblemInitializer.readIncludes(ProblemInitializer.java:177)
	at de.uka.ilkd.key.proof.init.ProblemInitializer.readEnvInput(ProblemInitializer.java:325)
	at de.uka.ilkd.key.proof.init.ProblemInitializer.prepare(ProblemInitializer.java:449)
	at de.uka.ilkd.key.proof.io.AbstractProblemLoader.createInitConfig(AbstractProblemLoader.java:518)
	at de.uka.ilkd.key.proof.io.AbstractProblemLoader.loadEnvironment(AbstractProblemLoader.java:288)
	at de.uka.ilkd.key.proof.io.AbstractProblemLoader.load(AbstractProblemLoader.java:252)
	at de.uka.ilkd.key.control.AbstractUserInterfaceControl.load(AbstractUserInterfaceControl.java:209)
	... 7 more
Caused by: java.lang.RuntimeException: Could not find rule file rules/intRulesCheckedSemantics.key
	at de.uka.ilkd.key.proof.io.RuleSourceFactory.fromBuiltInRule(RuleSourceFactory.java:32)
	at de.uka.ilkd.key.proof.io.RuleSourceFactory.fromDefaultLocation(RuleSourceFactory.java:21)
	at de.uka.ilkd.key.nparser.builder.IncludeFinder.addInclude(IncludeFinder.java:63)
	at de.uka.ilkd.key.nparser.builder.IncludeFinder.visitOne_include(IncludeFinder.java:43)
	at de.uka.ilkd.key.nparser.builder.IncludeFinder.visitOne_include(IncludeFinder.java:20)
	at de.uka.ilkd.key.nparser.KeYParser$One_includeContext.accept(KeYParser.java:878)
	at de.uka.ilkd.key.nparser.builder.AbstractBuilder.lambda$mapOf$0(AbstractBuilder.java:112)
	at java.base/java.util.stream.ReferencePipeline$3$1.accept(ReferencePipeline.java:195)
	at java.base/java.util.ArrayList$ArrayListSpliterator.forEachRemaining(ArrayList.java:1655)
	at java.base/java.util.stream.AbstractPipeline.copyInto(AbstractPipeline.java:484)
	at java.base/java.util.stream.AbstractPipeline.wrapAndCopyInto(AbstractPipeline.java:474)
	at java.base/java.util.stream.ReduceOps$ReduceOp.evaluateSequential(ReduceOps.java:913)
	at java.base/java.util.stream.AbstractPipeline.evaluate(AbstractPipeline.java:234)
	at java.base/java.util.stream.ReferencePipeline.collect(ReferencePipeline.java:578)
	at de.uka.ilkd.key.nparser.builder.AbstractBuilder.mapOf(AbstractBuilder.java:112)
	at de.uka.ilkd.key.nparser.builder.IncludeFinder.visitOne_include_statement(IncludeFinder.java:35)
	at de.uka.ilkd.key.nparser.builder.IncludeFinder.visitOne_include_statement(IncludeFinder.java:20)
	at de.uka.ilkd.key.nparser.KeYParser$One_include_statementContext.accept(KeYParser.java:802)
	at org.antlr.v4.runtime.tree.AbstractParseTreeVisitor.visitChildren(AbstractParseTreeVisitor.java:46)
	at de.uka.ilkd.key.nparser.KeYParserBaseVisitor.visitDecls(KeYParserBaseVisitor.java:30)
	at de.uka.ilkd.key.nparser.KeYParser$DeclsContext.accept(KeYParser.java:500)
	at org.antlr.v4.runtime.tree.AbstractParseTreeVisitor.visitChildren(AbstractParseTreeVisitor.java:46)
	at de.uka.ilkd.key.nparser.KeYParserBaseVisitor.visitFile(KeYParserBaseVisitor.java:23)
	at de.uka.ilkd.key.nparser.KeYParser$FileContext.accept(KeYParser.java:306)
	at de.uka.ilkd.key.nparser.KeyAst.accept(KeyAst.java:41)
	at de.uka.ilkd.key.nparser.KeyAst$File.getIncludes(KeyAst.java:76)
	at de.uka.ilkd.key.proof.io.KeYFile.readIncludes(KeYFile.java:208)
	... 14 more
Could not find rule file rules/intRulesCheckedSemantics.key (file: /home/runner/work/key/key/key.core/../key.ui/examples/index/.././standard_key/polySimp/simplify22.key; caused by: de.uka.ilkd.key.proof.init.ProofInputException: Could not find rule file rules/intRulesCheckedSemantics.key)
	at de.uka.ilkd.key.control.AbstractUserInterfaceControl.load(AbstractUserInterfaceControl.java:221)
	at de.uka.ilkd.key.control.KeYEnvironment.load(KeYEnvironment.java:251)
	at de.uka.ilkd.key.control.KeYEnvironment.load(KeYEnvironment.java:224)
	at de.uka.ilkd.key.control.KeYEnvironment.load(KeYEnvironment.java:184)
	at de.uka.ilkd.key.control.KeYEnvironment.load(KeYEnvironment.java:261)
	at de.uka.ilkd.key.proof.runallproofs.proofcollection.TestFile.load(TestFile.java:270)
	at de.uka.ilkd.key.proof.runallproofs.proofcollection.TestFile.runKey(TestFile.java:160)
	at de.uka.ilkd.key.proof.runallproofs.proofcollection.ForkedTestFileRunner.main(ForkedTestFileRunner.java:171)
Caused by: de.uka.ilkd.key.proof.init.ProofInputException: Could not find rule file rules/intRulesCheckedSemantics.key
	at de.uka.ilkd.key.proof.io.KeYFile.readIncludes(KeYFile.java:210)
	at de.uka.ilkd.key.proof.init.ProblemInitializer.readIncludes(ProblemInitializer.java:177)
	at de.uka.ilkd.key.proof.init.ProblemInitializer.readEnvInput(ProblemInitializer.java:325)
	at de.uka.ilkd.key.proof.init.ProblemInitializer.prepare(ProblemInitializer.java:449)
	at de.uka.ilkd.key.proof.io.AbstractProblemLoader.createInitConfig(AbstractProblemLoader.java:518)
	at de.uka.ilkd.key.proof.io.AbstractProblemLoader.loadEnvironment(AbstractProblemLoader.java:288)
	at de.uka.ilkd.key.proof.io.AbstractProblemLoader.load(AbstractProblemLoader.java:252)
	at de.uka.ilkd.key.control.AbstractUserInterfaceControl.load(AbstractUserInterfaceControl.java:209)
	... 7 more
Caused by: java.lang.RuntimeException: Could not find rule file rules/intRulesCheckedSemantics.key
	at de.uka.ilkd.key.proof.io.RuleSourceFactory.fromBuiltInRule(RuleSourceFactory.java:32)
	at de.uka.ilkd.key.proof.io.RuleSourceFactory.fromDefaultLocation(RuleSourceFactory.java:21)
	at de.uka.ilkd.key.nparser.builder.IncludeFinder.addInclude(IncludeFinder.java:63)
	at de.uka.ilkd.key.nparser.builder.IncludeFinder.visitOne_include(IncludeFinder.java:43)
	at de.uka.ilkd.key.nparser.builder.IncludeFinder.visitOne_include(IncludeFinder.java:20)
	at de.uka.ilkd.key.nparser.KeYParser$One_includeContext.accept(KeYParser.java:878)
	at de.uka.ilkd.key.nparser.builder.AbstractBuilder.lambda$mapOf$0(AbstractBuilder.java:112)
	at java.base/java.util.stream.ReferencePipeline$3$1.accept(ReferencePipeline.java:195)
	at java.base/java.util.ArrayList$ArrayListSpliterator.forEachRemaining(ArrayList.java:1655)
	at java.base/java.util.stream.AbstractPipeline.copyInto(AbstractPipeline.java:484)
	at java.base/java.util.stream.AbstractPipeline.wrapAndCopyInto(AbstractPipeline.java:474)
	at java.base/java.util.stream.ReduceOps$ReduceOp.evaluateSequential(ReduceOps.java:913)
	at java.base/java.util.stream.AbstractPipeline.evaluate(AbstractPipeline.java:234)
	at java.base/java.util.stream.ReferencePipeline.collect(ReferencePipeline.java:578)
	at de.uka.ilkd.key.nparser.builder.AbstractBuilder.mapOf(AbstractBuilder.java:112)
	at de.uka.ilkd.key.nparser.builder.IncludeFinder.visitOne_include_statement(IncludeFinder.java:35)
	at de.uka.ilkd.key.nparser.builder.IncludeFinder.visitOne_include_statement(IncludeFinder.java:20)
	at de.uka.ilkd.key.nparser.KeYParser$One_include_statementContext.accept(KeYParser.java:802)
	at org.antlr.v4.runtime.tree.AbstractParseTreeVisitor.visitChildren(AbstractParseTreeVisitor.java:46)
	at de.uka.ilkd.key.nparser.KeYParserBaseVisitor.visitDecls(KeYParserBaseVisitor.java:30)
	at de.uka.ilkd.key.nparser.KeYParser$DeclsContext.accept(KeYParser.java:500)
	at org.antlr.v4.runtime.tree.AbstractParseTreeVisitor.visitChildren(AbstractParseTreeVisitor.java:46)
	at de.uka.ilkd.key.nparser.KeYParserBaseVisitor.visitFile(KeYParserBaseVisitor.java:23)
	at de.uka.ilkd.key.nparser.KeYParser$FileContext.accept(KeYParser.java:306)
	at de.uka.ilkd.key.nparser.KeyAst.accept(KeyAst.java:41)
	at de.uka.ilkd.key.nparser.KeyAst$File.getIncludes(KeyAst.java:76)
	at de.uka.ilkd.key.proof.io.KeYFile.readIncludes(KeYFile.java:208)
	... 14 more
Could not find rule file rules/intRulesCheckedSemantics.key (file: /home/runner/work/key/key/key.core/../key.ui/examples/index/.././standard_key/polySimp/simplify23.key; caused by: de.uka.ilkd.key.proof.init.ProofInputException: Could not find rule file rules/intRulesCheckedSemantics.key)
	at de.uka.ilkd.key.control.AbstractUserInterfaceControl.load(AbstractUserInterfaceControl.java:221)
	at de.uka.ilkd.key.control.KeYEnvironment.load(KeYEnvironment.java:251)
	at de.uka.ilkd.key.control.KeYEnvironment.load(KeYEnvironment.java:224)
	at de.uka.ilkd.key.control.KeYEnvironment.load(KeYEnvironment.java:184)
	at de.uka.ilkd.key.control.KeYEnvironment.load(KeYEnvironment.java:261)
	at de.uka.ilkd.key.proof.runallproofs.proofcollection.TestFile.load(TestFile.java:270)
	at de.uka.ilkd.key.proof.runallproofs.proofcollection.TestFile.runKey(TestFile.java:160)
	at de.uka.ilkd.key.proof.runallproofs.proofcollection.ForkedTestFileRunner.main(ForkedTestFileRunner.java:171)
Caused by: de.uka.ilkd.key.proof.init.ProofInputException: Could not find rule file rules/intRulesCheckedSemantics.key
	at de.uka.ilkd.key.proof.io.KeYFile.readIncludes(KeYFile.java:210)
	at de.uka.ilkd.key.proof.init.ProblemInitializer.readIncludes(ProblemInitializer.java:177)
	at de.uka.ilkd.key.proof.init.ProblemInitializer.readEnvInput(ProblemInitializer.java:325)
	at de.uka.ilkd.key.proof.init.ProblemInitializer.prepare(ProblemInitializer.java:449)
	at de.uka.ilkd.key.proof.io.AbstractProblemLoader.createInitConfig(AbstractProblemLoader.java:518)
	at de.uka.ilkd.key.proof.io.AbstractProblemLoader.loadEnvironment(AbstractProblemLoader.java:288)
	at de.uka.ilkd.key.proof.io.AbstractProblemLoader.load(AbstractProblemLoader.java:252)
	at de.uka.ilkd.key.control.AbstractUserInterfaceControl.load(AbstractUserInterfaceControl.java:209)
	... 7 more
Caused by: java.lang.RuntimeException: Could not find rule file rules/intRulesCheckedSemantics.key
	at de.uka.ilkd.key.proof.io.RuleSourceFactory.fromBuiltInRule(RuleSourceFactory.java:32)
	at de.uka.ilkd.key.proof.io.RuleSourceFactory.fromDefaultLocation(RuleSourceFactory.java:21)
	at de.uka.ilkd.key.nparser.builder.IncludeFinder.addInclude(IncludeFinder.java:63)
	at de.uka.ilkd.key.nparser.builder.IncludeFinder.visitOne_include(IncludeFinder.java:43)
	at de.uka.ilkd.key.nparser.builder.IncludeFinder.visitOne_include(IncludeFinder.java:20)
	at de.uka.ilkd.key.nparser.KeYParser$One_includeContext.accept(KeYParser.java:878)
	at de.uka.ilkd.key.nparser.builder.AbstractBuilder.lambda$mapOf$0(AbstractBuilder.java:112)
	at java.base/java.util.stream.ReferencePipeline$3$1.accept(ReferencePipeline.java:195)
	at java.base/java.util.ArrayList$ArrayListSpliterator.forEachRemaining(ArrayList.java:1655)
	at java.base/java.util.stream.AbstractPipeline.copyInto(AbstractPipeline.java:484)
	at java.base/java.util.stream.AbstractPipeline.wrapAndCopyInto(AbstractPipeline.java:474)
	at java.base/java.util.stream.ReduceOps$ReduceOp.evaluateSequential(ReduceOps.java:913)
	at java.base/java.util.stream.AbstractPipeline.evaluate(AbstractPipeline.java:234)
	at java.base/java.util.stream.ReferencePipeline.collect(ReferencePipeline.java:578)
	at de.uka.ilkd.key.nparser.builder.AbstractBuilder.mapOf(AbstractBuilder.java:112)
	at de.uka.ilkd.key.nparser.builder.IncludeFinder.visitOne_include_statement(IncludeFinder.java:35)
	at de.uka.ilkd.key.nparser.builder.IncludeFinder.visitOne_include_statement(IncludeFinder.java:20)
	at de.uka.ilkd.key.nparser.KeYParser$One_include_statementContext.accept(KeYParser.java:802)
	at org.antlr.v4.runtime.tree.AbstractParseTreeVisitor.visitChildren(AbstractParseTreeVisitor.java:46)
	at de.uka.ilkd.key.nparser.KeYParserBaseVisitor.visitDecls(KeYParserBaseVisitor.java:30)
	at de.uka.ilkd.key.nparser.KeYParser$DeclsContext.accept(KeYParser.java:500)
	at org.antlr.v4.runtime.tree.AbstractParseTreeVisitor.visitChildren(AbstractParseTreeVisitor.java:46)
	at de.uka.ilkd.key.nparser.KeYParserBaseVisitor.visitFile(KeYParserBaseVisitor.java:23)
	at de.uka.ilkd.key.nparser.KeYParser$FileContext.accept(KeYParser.java:306)
	at de.uka.ilkd.key.nparser.KeyAst.accept(KeyAst.java:41)
	at de.uka.ilkd.key.nparser.KeyAst$File.getIncludes(KeyAst.java:76)
	at de.uka.ilkd.key.proof.io.KeYFile.readIncludes(KeYFile.java:208)
	... 14 more
Could not find rule file rules/intRulesCheckedSemantics.key (file: /home/runner/work/key/key/key.core/../key.ui/examples/index/.././standard_key/polySimp/simplify24.key; caused by: de.uka.ilkd.key.proof.init.ProofInputException: Could not find rule file rules/intRulesCheckedSemantics.key)
	at de.uka.ilkd.key.control.AbstractUserInterfaceControl.load(AbstractUserInterfaceControl.java:221)
	at de.uka.ilkd.key.control.KeYEnvironment.load(KeYEnvironment.java:251)
	at de.uka.ilkd.key.control.KeYEnvironment.load(KeYEnvironment.java:224)
	at de.uka.ilkd.key.control.KeYEnvironment.load(KeYEnvironment.java:184)
	at de.uka.ilkd.key.control.KeYEnvironment.load(KeYEnvironment.java:261)
	at de.uka.ilkd.key.proof.runallproofs.proofcollection.TestFile.load(TestFile.java:270)
	at de.uka.ilkd.key.proof.runallproofs.proofcollection.TestFile.runKey(TestFile.java:160)
	at de.uka.ilkd.key.proof.runallproofs.proofcollection.ForkedTestFileRunner.main(ForkedTestFileRunner.java:171)
Caused by: de.uka.ilkd.key.proof.init.ProofInputException: Could not find rule file rules/intRulesCheckedSemantics.key
	at de.uka.ilkd.key.proof.io.KeYFile.readIncludes(KeYFile.java:210)
	at de.uka.ilkd.key.proof.init.ProblemInitializer.readIncludes(ProblemInitializer.java:177)
	at de.uka.ilkd.key.proof.init.ProblemInitializer.readEnvInput(ProblemInitializer.java:325)
	at de.uka.ilkd.key.proof.init.ProblemInitializer.prepare(ProblemInitializer.java:449)
	at de.uka.ilkd.key.proof.io.AbstractProblemLoader.createInitConfig(AbstractProblemLoader.java:518)
	at de.uka.ilkd.key.proof.io.AbstractProblemLoader.loadEnvironment(AbstractProblemLoader.java:288)
	at de.uka.ilkd.key.proof.io.AbstractProblemLoader.load(AbstractProblemLoader.java:252)
	at de.uka.ilkd.key.control.AbstractUserInterfaceControl.load(AbstractUserInterfaceControl.java:209)
	... 7 more
Caused by: java.lang.RuntimeException: Could not find rule file rules/intRulesCheckedSemantics.key
	at de.uka.ilkd.key.proof.io.RuleSourceFactory.fromBuiltInRule(RuleSourceFactory.java:32)
	at de.uka.ilkd.key.proof.io.RuleSourceFactory.fromDefaultLocation(RuleSourceFactory.java:21)
	at de.uka.ilkd.key.nparser.builder.IncludeFinder.addInclude(IncludeFinder.java:63)
	at de.uka.ilkd.key.nparser.builder.IncludeFinder.visitOne_include(IncludeFinder.java:43)
	at de.uka.ilkd.key.nparser.builder.IncludeFinder.visitOne_include(IncludeFinder.java:20)
	at de.uka.ilkd.key.nparser.KeYParser$One_includeContext.accept(KeYParser.java:878)
	at de.uka.ilkd.key.nparser.builder.AbstractBuilder.lambda$mapOf$0(AbstractBuilder.java:112)
	at java.base/java.util.stream.ReferencePipeline$3$1.accept(ReferencePipeline.java:195)
	at java.base/java.util.ArrayList$ArrayListSpliterator.forEachRemaining(ArrayList.java:1655)
	at java.base/java.util.stream.AbstractPipeline.copyInto(AbstractPipeline.java:484)
	at java.base/java.util.stream.AbstractPipeline.wrapAndCopyInto(AbstractPipeline.java:474)
	at java.base/java.util.stream.ReduceOps$ReduceOp.evaluateSequential(ReduceOps.java:913)
	at java.base/java.util.stream.AbstractPipeline.evaluate(AbstractPipeline.java:234)
	at java.base/java.util.stream.ReferencePipeline.collect(ReferencePipeline.java:578)
	at de.uka.ilkd.key.nparser.builder.AbstractBuilder.mapOf(AbstractBuilder.java:112)
	at de.uka.ilkd.key.nparser.builder.IncludeFinder.visitOne_include_statement(IncludeFinder.java:35)
	at de.uka.ilkd.key.nparser.builder.IncludeFinder.visitOne_include_statement(IncludeFinder.java:20)
	at de.uka.ilkd.key.nparser.KeYParser$One_include_statementContext.accept(KeYParser.java:802)
	at org.antlr.v4.runtime.tree.AbstractParseTreeVisitor.visitChildren(AbstractParseTreeVisitor.java:46)
	at de.uka.ilkd.key.nparser.KeYParserBaseVisitor.visitDecls(KeYParserBaseVisitor.java:30)
	at de.uka.ilkd.key.nparser.KeYParser$DeclsContext.accept(KeYParser.java:500)
	at org.antlr.v4.runtime.tree.AbstractParseTreeVisitor.visitChildren(AbstractParseTreeVisitor.java:46)
	at de.uka.ilkd.key.nparser.KeYParserBaseVisitor.visitFile(KeYParserBaseVisitor.java:23)
	at de.uka.ilkd.key.nparser.KeYParser$FileContext.accept(KeYParser.java:306)
	at de.uka.ilkd.key.nparser.KeyAst.accept(KeyAst.java:41)
	at de.uka.ilkd.key.nparser.KeyAst$File.getIncludes(KeyAst.java:76)
	at de.uka.ilkd.key.proof.io.KeYFile.readIncludes(KeYFile.java:208)
	... 14 more
Could not find rule file rules/intRulesCheckedSemantics.key (file: /home/runner/work/key/key/key.core/../key.ui/examples/index/.././standard_key/polySimp/simplify25.key; caused by: de.uka.ilkd.key.proof.init.ProofInputException: Could not find rule file rules/intRulesCheckedSemantics.key)
	at de.uka.ilkd.key.control.AbstractUserInterfaceControl.load(AbstractUserInterfaceControl.java:221)
	at de.uka.ilkd.key.control.KeYEnvironment.load(KeYEnvironment.java:251)
	at de.uka.ilkd.key.control.KeYEnvironment.load(KeYEnvironment.java:224)
	at de.uka.ilkd.key.control.KeYEnvironment.load(KeYEnvironment.java:184)
	at de.uka.ilkd.key.control.KeYEnvironment.load(KeYEnvironment.java:261)
	at de.uka.ilkd.key.proof.runallproofs.proofcollection.TestFile.load(TestFile.java:270)
	at de.uka.ilkd.key.proof.runallproofs.proofcollection.TestFile.runKey(TestFile.java:160)
	at de.uka.ilkd.key.proof.runallproofs.proofcollection.ForkedTestFileRunner.main(ForkedTestFileRunner.java:171)
Caused by: de.uka.ilkd.key.proof.init.ProofInputException: Could not find rule file rules/intRulesCheckedSemantics.key
	at de.uka.ilkd.key.proof.io.KeYFile.readIncludes(KeYFile.java:210)
	at de.uka.ilkd.key.proof.init.ProblemInitializer.readIncludes(ProblemInitializer.java:177)
	at de.uka.ilkd.key.proof.init.ProblemInitializer.readEnvInput(ProblemInitializer.java:325)
	at de.uka.ilkd.key.proof.init.ProblemInitializer.prepare(ProblemInitializer.java:449)
	at de.uka.ilkd.key.proof.io.AbstractProblemLoader.createInitConfig(AbstractProblemLoader.java:518)
	at de.uka.ilkd.key.proof.io.AbstractProblemLoader.loadEnvironment(AbstractProblemLoader.java:288)
	at de.uka.ilkd.key.proof.io.AbstractProblemLoader.load(AbstractProblemLoader.java:252)
	at de.uka.ilkd.key.control.AbstractUserInterfaceControl.load(AbstractUserInterfaceControl.java:209)
	... 7 more
Caused by: java.lang.RuntimeException: Could not find rule file rules/intRulesCheckedSemantics.key
	at de.uka.ilkd.key.proof.io.RuleSourceFactory.fromBuiltInRule(RuleSourceFactory.java:32)
	at de.uka.ilkd.key.proof.io.RuleSourceFactory.fromDefaultLocation(RuleSourceFactory.java:21)
	at de.uka.ilkd.key.nparser.builder.IncludeFinder.addInclude(IncludeFinder.java:63)
	at de.uka.ilkd.key.nparser.builder.IncludeFinder.visitOne_include(IncludeFinder.java:43)
	at de.uka.ilkd.key.nparser.builder.IncludeFinder.visitOne_include(IncludeFinder.java:20)
	at de.uka.ilkd.key.nparser.KeYParser$One_includeContext.accept(KeYParser.java:878)
	at de.uka.ilkd.key.nparser.builder.AbstractBuilder.lambda$mapOf$0(AbstractBuilder.java:112)
	at java.base/java.util.stream.ReferencePipeline$3$1.accept(ReferencePipeline.java:195)
	at java.base/java.util.ArrayList$ArrayListSpliterator.forEachRemaining(ArrayList.java:1655)
	at java.base/java.util.stream.AbstractPipeline.copyInto(AbstractPipeline.java:484)
	at java.base/java.util.stream.AbstractPipeline.wrapAndCopyInto(AbstractPipeline.java:474)
	at java.base/java.util.stream.ReduceOps$ReduceOp.evaluateSequential(ReduceOps.java:913)
	at java.base/java.util.stream.AbstractPipeline.evaluate(AbstractPipeline.java:234)
	at java.base/java.util.stream.ReferencePipeline.collect(ReferencePipeline.java:578)
	at de.uka.ilkd.key.nparser.builder.AbstractBuilder.mapOf(AbstractBuilder.java:112)
	at de.uka.ilkd.key.nparser.builder.IncludeFinder.visitOne_include_statement(IncludeFinder.java:35)
	at de.uka.ilkd.key.nparser.builder.IncludeFinder.visitOne_include_statement(IncludeFinder.java:20)
	at de.uka.ilkd.key.nparser.KeYParser$One_include_statementContext.accept(KeYParser.java:802)
	at org.antlr.v4.runtime.tree.AbstractParseTreeVisitor.visitChildren(AbstractParseTreeVisitor.java:46)
	at de.uka.ilkd.key.nparser.KeYParserBaseVisitor.visitDecls(KeYParserBaseVisitor.java:30)
	at de.uka.ilkd.key.nparser.KeYParser$DeclsContext.accept(KeYParser.java:500)
	at org.antlr.v4.runtime.tree.AbstractParseTreeVisitor.visitChildren(AbstractParseTreeVisitor.java:46)
	at de.uka.ilkd.key.nparser.KeYParserBaseVisitor.visitFile(KeYParserBaseVisitor.java:23)
	at de.uka.ilkd.key.nparser.KeYParser$FileContext.accept(KeYParser.java:306)
	at de.uka.ilkd.key.nparser.KeyAst.accept(KeyAst.java:41)
	at de.uka.ilkd.key.nparser.KeyAst$File.getIncludes(KeyAst.java:76)
	at de.uka.ilkd.key.proof.io.KeYFile.readIncludes(KeYFile.java:208)
	... 14 more
Could not find rule file rules/intRulesCheckedSemantics.key (file: /home/runner/work/key/key/key.core/../key.ui/examples/index/.././standard_key/polySimp/simplify3.key; caused by: de.uka.ilkd.key.proof.init.ProofInputException: Could not find rule file rules/intRulesCheckedSemantics.key)
	at de.uka.ilkd.key.control.AbstractUserInterfaceControl.load(AbstractUserInterfaceControl.java:221)
	at de.uka.ilkd.key.control.KeYEnvironment.load(KeYEnvironment.java:251)
	at de.uka.ilkd.key.control.KeYEnvironment.load(KeYEnvironment.java:224)
	at de.uka.ilkd.key.control.KeYEnvironment.load(KeYEnvironment.java:184)
	at de.uka.ilkd.key.control.KeYEnvironment.load(KeYEnvironment.java:261)
	at de.uka.ilkd.key.proof.runallproofs.proofcollection.TestFile.load(TestFile.java:270)
	at de.uka.ilkd.key.proof.runallproofs.proofcollection.TestFile.runKey(TestFile.java:160)
	at de.uka.ilkd.key.proof.runallproofs.proofcollection.ForkedTestFileRunner.main(ForkedTestFileRunner.java:171)
Caused by: de.uka.ilkd.key.proof.init.ProofInputException: Could not find rule file rules/intRulesCheckedSemantics.key
	at de.uka.ilkd.key.proof.io.KeYFile.readIncludes(KeYFile.java:210)
	at de.uka.ilkd.key.proof.init.ProblemInitializer.readIncludes(ProblemInitializer.java:177)
	at de.uka.ilkd.key.proof.init.ProblemInitializer.readEnvInput(ProblemInitializer.java:325)
	at de.uka.ilkd.key.proof.init.ProblemInitializer.prepare(ProblemInitializer.java:449)
	at de.uka.ilkd.key.proof.io.AbstractProblemLoader.createInitConfig(AbstractProblemLoader.java:518)
	at de.uka.ilkd.key.proof.io.AbstractProblemLoader.loadEnvironment(AbstractProblemLoader.java:288)
	at de.uka.ilkd.key.proof.io.AbstractProblemLoader.load(AbstractProblemLoader.java:252)
	at de.uka.ilkd.key.control.AbstractUserInterfaceControl.load(AbstractUserInterfaceControl.java:209)
	... 7 more
Caused by: java.lang.RuntimeException: Could not find rule file rules/intRulesCheckedSemantics.key
	at de.uka.ilkd.key.proof.io.RuleSourceFactory.fromBuiltInRule(RuleSourceFactory.java:32)
	at de.uka.ilkd.key.proof.io.RuleSourceFactory.fromDefaultLocation(RuleSourceFactory.java:21)
	at de.uka.ilkd.key.nparser.builder.IncludeFinder.addInclude(IncludeFinder.java:63)
	at de.uka.ilkd.key.nparser.builder.IncludeFinder.visitOne_include(IncludeFinder.java:43)
	at de.uka.ilkd.key.nparser.builder.IncludeFinder.visitOne_include(IncludeFinder.java:20)
	at de.uka.ilkd.key.nparser.KeYParser$One_includeContext.accept(KeYParser.java:878)
	at de.uka.ilkd.key.nparser.builder.AbstractBuilder.lambda$mapOf$0(AbstractBuilder.java:112)
	at java.base/java.util.stream.ReferencePipeline$3$1.accept(ReferencePipeline.java:195)
	at java.base/java.util.ArrayList$ArrayListSpliterator.forEachRemaining(ArrayList.java:1655)
	at java.base/java.util.stream.AbstractPipeline.copyInto(AbstractPipeline.java:484)
	at java.base/java.util.stream.AbstractPipeline.wrapAndCopyInto(AbstractPipeline.java:474)
	at java.base/java.util.stream.ReduceOps$ReduceOp.evaluateSequential(ReduceOps.java:913)
	at java.base/java.util.stream.AbstractPipeline.evaluate(AbstractPipeline.java:234)
	at java.base/java.util.stream.ReferencePipeline.collect(ReferencePipeline.java:578)
	at de.uka.ilkd.key.nparser.builder.AbstractBuilder.mapOf(AbstractBuilder.java:112)
	at de.uka.ilkd.key.nparser.builder.IncludeFinder.visitOne_include_statement(IncludeFinder.java:35)
	at de.uka.ilkd.key.nparser.builder.IncludeFinder.visitOne_include_statement(IncludeFinder.java:20)
	at de.uka.ilkd.key.nparser.KeYParser$One_include_statementContext.accept(KeYParser.java:802)
	at org.antlr.v4.runtime.tree.AbstractParseTreeVisitor.visitChildren(AbstractParseTreeVisitor.java:46)
	at de.uka.ilkd.key.nparser.KeYParserBaseVisitor.visitDecls(KeYParserBaseVisitor.java:30)
	at de.uka.ilkd.key.nparser.KeYParser$DeclsContext.accept(KeYParser.java:500)
	at org.antlr.v4.runtime.tree.AbstractParseTreeVisitor.visitChildren(AbstractParseTreeVisitor.java:46)
	at de.uka.ilkd.key.nparser.KeYParserBaseVisitor.visitFile(KeYParserBaseVisitor.java:23)
	at de.uka.ilkd.key.nparser.KeYParser$FileContext.accept(KeYParser.java:306)
	at de.uka.ilkd.key.nparser.KeyAst.accept(KeyAst.java:41)
	at de.uka.ilkd.key.nparser.KeyAst$File.getIncludes(KeyAst.java:76)
	at de.uka.ilkd.key.proof.io.KeYFile.readIncludes(KeYFile.java:208)
	... 14 more
Could not find rule file rules/intRulesCheckedSemantics.key (file: /home/runner/work/key/key/key.core/../key.ui/examples/index/.././standard_key/polySimp/simplify4.key; caused by: de.uka.ilkd.key.proof.init.ProofInputException: Could not find rule file rules/intRulesCheckedSemantics.key)
	at de.uka.ilkd.key.control.AbstractUserInterfaceControl.load(AbstractUserInterfaceControl.java:221)
	at de.uka.ilkd.key.control.KeYEnvironment.load(KeYEnvironment.java:251)
	at de.uka.ilkd.key.control.KeYEnvironment.load(KeYEnvironment.java:224)
	at de.uka.ilkd.key.control.KeYEnvironment.load(KeYEnvironment.java:184)
	at de.uka.ilkd.key.control.KeYEnvironment.load(KeYEnvironment.java:261)
	at de.uka.ilkd.key.proof.runallproofs.proofcollection.TestFile.load(TestFile.java:270)
	at de.uka.ilkd.key.proof.runallproofs.proofcollection.TestFile.runKey(TestFile.java:160)
	at de.uka.ilkd.key.proof.runallproofs.proofcollection.ForkedTestFileRunner.main(ForkedTestFileRunner.java:171)
Caused by: de.uka.ilkd.key.proof.init.ProofInputException: Could not find rule file rules/intRulesCheckedSemantics.key
	at de.uka.ilkd.key.proof.io.KeYFile.readIncludes(KeYFile.java:210)
	at de.uka.ilkd.key.proof.init.ProblemInitializer.readIncludes(ProblemInitializer.java:177)
	at de.uka.ilkd.key.proof.init.ProblemInitializer.readEnvInput(ProblemInitializer.java:325)
	at de.uka.ilkd.key.proof.init.ProblemInitializer.prepare(ProblemInitializer.java:449)
	at de.uka.ilkd.key.proof.io.AbstractProblemLoader.createInitConfig(AbstractProblemLoader.java:518)
	at de.uka.ilkd.key.proof.io.AbstractProblemLoader.loadEnvironment(AbstractProblemLoader.java:288)
	at de.uka.ilkd.key.proof.io.AbstractProblemLoader.load(AbstractProblemLoader.java:252)
	at de.uka.ilkd.key.control.AbstractUserInterfaceControl.load(AbstractUserInterfaceControl.java:209)
	... 7 more
Caused by: java.lang.RuntimeException: Could not find rule file rules/intRulesCheckedSemantics.key
	at de.uka.ilkd.key.proof.io.RuleSourceFactory.fromBuiltInRule(RuleSourceFactory.java:32)
	at de.uka.ilkd.key.proof.io.RuleSourceFactory.fromDefaultLocation(RuleSourceFactory.java:21)
	at de.uka.ilkd.key.nparser.builder.IncludeFinder.addInclude(IncludeFinder.java:63)
	at de.uka.ilkd.key.nparser.builder.IncludeFinder.visitOne_include(IncludeFinder.java:43)
	at de.uka.ilkd.key.nparser.builder.IncludeFinder.visitOne_include(IncludeFinder.java:20)
	at de.uka.ilkd.key.nparser.KeYParser$One_includeContext.accept(KeYParser.java:878)
	at de.uka.ilkd.key.nparser.builder.AbstractBuilder.lambda$mapOf$0(AbstractBuilder.java:112)
	at java.base/java.util.stream.ReferencePipeline$3$1.accept(ReferencePipeline.java:195)
	at java.base/java.util.ArrayList$ArrayListSpliterator.forEachRemaining(ArrayList.java:1655)
	at java.base/java.util.stream.AbstractPipeline.copyInto(AbstractPipeline.java:484)
	at java.base/java.util.stream.AbstractPipeline.wrapAndCopyInto(AbstractPipeline.java:474)
	at java.base/java.util.stream.ReduceOps$ReduceOp.evaluateSequential(ReduceOps.java:913)
	at java.base/java.util.stream.AbstractPipeline.evaluate(AbstractPipeline.java:234)
	at java.base/java.util.stream.ReferencePipeline.collect(ReferencePipeline.java:578)
	at de.uka.ilkd.key.nparser.builder.AbstractBuilder.mapOf(AbstractBuilder.java:112)
	at de.uka.ilkd.key.nparser.builder.IncludeFinder.visitOne_include_statement(IncludeFinder.java:35)
	at de.uka.ilkd.key.nparser.builder.IncludeFinder.visitOne_include_statement(IncludeFinder.java:20)
	at de.uka.ilkd.key.nparser.KeYParser$One_include_statementContext.accept(KeYParser.java:802)
	at org.antlr.v4.runtime.tree.AbstractParseTreeVisitor.visitChildren(AbstractParseTreeVisitor.java:46)
	at de.uka.ilkd.key.nparser.KeYParserBaseVisitor.visitDecls(KeYParserBaseVisitor.java:30)
	at de.uka.ilkd.key.nparser.KeYParser$DeclsContext.accept(KeYParser.java:500)
	at org.antlr.v4.runtime.tree.AbstractParseTreeVisitor.visitChildren(AbstractParseTreeVisitor.java:46)
	at de.uka.ilkd.key.nparser.KeYParserBaseVisitor.visitFile(KeYParserBaseVisitor.java:23)
	at de.uka.ilkd.key.nparser.KeYParser$FileContext.accept(KeYParser.java:306)
	at de.uka.ilkd.key.nparser.KeyAst.accept(KeyAst.java:41)
	at de.uka.ilkd.key.nparser.KeyAst$File.getIncludes(KeyAst.java:76)
	at de.uka.ilkd.key.proof.io.KeYFile.readIncludes(KeYFile.java:208)
	... 14 more
Could not find rule file rules/intRulesCheckedSemantics.key (file: /home/runner/work/key/key/key.core/../key.ui/examples/index/.././standard_key/polySimp/simplify5.key; caused by: de.uka.ilkd.key.proof.init.ProofInputException: Could not find rule file rules/intRulesCheckedSemantics.key)
	at de.uka.ilkd.key.control.AbstractUserInterfaceControl.load(AbstractUserInterfaceControl.java:221)
	at de.uka.ilkd.key.control.KeYEnvironment.load(KeYEnvironment.java:251)
	at de.uka.ilkd.key.control.KeYEnvironment.load(KeYEnvironment.java:224)
	at de.uka.ilkd.key.control.KeYEnvironment.load(KeYEnvironment.java:184)
	at de.uka.ilkd.key.control.KeYEnvironment.load(KeYEnvironment.java:261)
	at de.uka.ilkd.key.proof.runallproofs.proofcollection.TestFile.load(TestFile.java:270)
	at de.uka.ilkd.key.proof.runallproofs.proofcollection.TestFile.runKey(TestFile.java:160)
	at de.uka.ilkd.key.proof.runallproofs.proofcollection.ForkedTestFileRunner.main(ForkedTestFileRunner.java:171)
Caused by: de.uka.ilkd.key.proof.init.ProofInputException: Could not find rule file rules/intRulesCheckedSemantics.key
	at de.uka.ilkd.key.proof.io.KeYFile.readIncludes(KeYFile.java:210)
	at de.uka.ilkd.key.proof.init.ProblemInitializer.readIncludes(ProblemInitializer.java:177)
	at de.uka.ilkd.key.proof.init.ProblemInitializer.readEnvInput(ProblemInitializer.java:325)
	at de.uka.ilkd.key.proof.init.ProblemInitializer.prepare(ProblemInitializer.java:449)
	at de.uka.ilkd.key.proof.io.AbstractProblemLoader.createInitConfig(AbstractProblemLoader.java:518)
	at de.uka.ilkd.key.proof.io.AbstractProblemLoader.loadEnvironment(AbstractProblemLoader.java:288)
	at de.uka.ilkd.key.proof.io.AbstractProblemLoader.load(AbstractProblemLoader.java:252)
	at de.uka.ilkd.key.control.AbstractUserInterfaceControl.load(AbstractUserInterfaceControl.java:209)
	... 7 more
Caused by: java.lang.RuntimeException: Could not find rule file rules/intRulesCheckedSemantics.key
	at de.uka.ilkd.key.proof.io.RuleSourceFactory.fromBuiltInRule(RuleSourceFactory.java:32)
	at de.uka.ilkd.key.proof.io.RuleSourceFactory.fromDefaultLocation(RuleSourceFactory.java:21)
	at de.uka.ilkd.key.nparser.builder.IncludeFinder.addInclude(IncludeFinder.java:63)
	at de.uka.ilkd.key.nparser.builder.IncludeFinder.visitOne_include(IncludeFinder.java:43)
	at de.uka.ilkd.key.nparser.builder.IncludeFinder.visitOne_include(IncludeFinder.java:20)
	at de.uka.ilkd.key.nparser.KeYParser$One_includeContext.accept(KeYParser.java:878)
	at de.uka.ilkd.key.nparser.builder.AbstractBuilder.lambda$mapOf$0(AbstractBuilder.java:112)
	at java.base/java.util.stream.ReferencePipeline$3$1.accept(ReferencePipeline.java:195)
	at java.base/java.util.ArrayList$ArrayListSpliterator.forEachRemaining(ArrayList.java:1655)
	at java.base/java.util.stream.AbstractPipeline.copyInto(AbstractPipeline.java:484)
	at java.base/java.util.stream.AbstractPipeline.wrapAndCopyInto(AbstractPipeline.java:474)
	at java.base/java.util.stream.ReduceOps$ReduceOp.evaluateSequential(ReduceOps.java:913)
	at java.base/java.util.stream.AbstractPipeline.evaluate(AbstractPipeline.java:234)
	at java.base/java.util.stream.ReferencePipeline.collect(ReferencePipeline.java:578)
	at de.uka.ilkd.key.nparser.builder.AbstractBuilder.mapOf(AbstractBuilder.java:112)
	at de.uka.ilkd.key.nparser.builder.IncludeFinder.visitOne_include_statement(IncludeFinder.java:35)
	at de.uka.ilkd.key.nparser.builder.IncludeFinder.visitOne_include_statement(IncludeFinder.java:20)
	at de.uka.ilkd.key.nparser.KeYParser$One_include_statementContext.accept(KeYParser.java:802)
	at org.antlr.v4.runtime.tree.AbstractParseTreeVisitor.visitChildren(AbstractParseTreeVisitor.java:46)
	at de.uka.ilkd.key.nparser.KeYParserBaseVisitor.visitDecls(KeYParserBaseVisitor.java:30)
	at de.uka.ilkd.key.nparser.KeYParser$DeclsContext.accept(KeYParser.java:500)
	at org.antlr.v4.runtime.tree.AbstractParseTreeVisitor.visitChildren(AbstractParseTreeVisitor.java:46)
	at de.uka.ilkd.key.nparser.KeYParserBaseVisitor.visitFile(KeYParserBaseVisitor.java:23)
	at de.uka.ilkd.key.nparser.KeYParser$FileContext.accept(KeYParser.java:306)
	at de.uka.ilkd.key.nparser.KeyAst.accept(KeyAst.java:41)
	at de.uka.ilkd.key.nparser.KeyAst$File.getIncludes(KeyAst.java:76)
	at de.uka.ilkd.key.proof.io.KeYFile.readIncludes(KeYFile.java:208)
	... 14 more
Could not find rule file rules/intRulesCheckedSemantics.key (file: /home/runner/work/key/key/key.core/../key.ui/examples/index/.././standard_key/polySimp/simplify6.key; caused by: de.uka.ilkd.key.proof.init.ProofInputException: Could not find rule file rules/intRulesCheckedSemantics.key)
	at de.uka.ilkd.key.control.AbstractUserInterfaceControl.load(AbstractUserInterfaceControl.java:221)
	at de.uka.ilkd.key.control.KeYEnvironment.load(KeYEnvironment.java:251)
	at de.uka.ilkd.key.control.KeYEnvironment.load(KeYEnvironment.java:224)
	at de.uka.ilkd.key.control.KeYEnvironment.load(KeYEnvironment.java:184)
	at de.uka.ilkd.key.control.KeYEnvironment.load(KeYEnvironment.java:261)
	at de.uka.ilkd.key.proof.runallproofs.proofcollection.TestFile.load(TestFile.java:270)
	at de.uka.ilkd.key.proof.runallproofs.proofcollection.TestFile.runKey(TestFile.java:160)
	at de.uka.ilkd.key.proof.runallproofs.proofcollection.ForkedTestFileRunner.main(ForkedTestFileRunner.java:171)
Caused by: de.uka.ilkd.key.proof.init.ProofInputException: Could not find rule file rules/intRulesCheckedSemantics.key
	at de.uka.ilkd.key.proof.io.KeYFile.readIncludes(KeYFile.java:210)
	at de.uka.ilkd.key.proof.init.ProblemInitializer.readIncludes(ProblemInitializer.java:177)
	at de.uka.ilkd.key.proof.init.ProblemInitializer.readEnvInput(ProblemInitializer.java:325)
	at de.uka.ilkd.key.proof.init.ProblemInitializer.prepare(ProblemInitializer.java:449)
	at de.uka.ilkd.key.proof.io.AbstractProblemLoader.createInitConfig(AbstractProblemLoader.java:518)
	at de.uka.ilkd.key.proof.io.AbstractProblemLoader.loadEnvironment(AbstractProblemLoader.java:288)
	at de.uka.ilkd.key.proof.io.AbstractProblemLoader.load(AbstractProblemLoader.java:252)
	at de.uka.ilkd.key.control.AbstractUserInterfaceControl.load(AbstractUserInterfaceControl.java:209)
	... 7 more
Caused by: java.lang.RuntimeException: Could not find rule file rules/intRulesCheckedSemantics.key
	at de.uka.ilkd.key.proof.io.RuleSourceFactory.fromBuiltInRule(RuleSourceFactory.java:32)
	at de.uka.ilkd.key.proof.io.RuleSourceFactory.fromDefaultLocation(RuleSourceFactory.java:21)
	at de.uka.ilkd.key.nparser.builder.IncludeFinder.addInclude(IncludeFinder.java:63)
	at de.uka.ilkd.key.nparser.builder.IncludeFinder.visitOne_include(IncludeFinder.java:43)
	at de.uka.ilkd.key.nparser.builder.IncludeFinder.visitOne_include(IncludeFinder.java:20)
	at de.uka.ilkd.key.nparser.KeYParser$One_includeContext.accept(KeYParser.java:878)
	at de.uka.ilkd.key.nparser.builder.AbstractBuilder.lambda$mapOf$0(AbstractBuilder.java:112)
	at java.base/java.util.stream.ReferencePipeline$3$1.accept(ReferencePipeline.java:195)
	at java.base/java.util.ArrayList$ArrayListSpliterator.forEachRemaining(ArrayList.java:1655)
	at java.base/java.util.stream.AbstractPipeline.copyInto(AbstractPipeline.java:484)
	at java.base/java.util.stream.AbstractPipeline.wrapAndCopyInto(AbstractPipeline.java:474)
	at java.base/java.util.stream.ReduceOps$ReduceOp.evaluateSequential(ReduceOps.java:913)
	at java.base/java.util.stream.AbstractPipeline.evaluate(AbstractPipeline.java:234)
	at java.base/java.util.stream.ReferencePipeline.collect(ReferencePipeline.java:578)
	at de.uka.ilkd.key.nparser.builder.AbstractBuilder.mapOf(AbstractBuilder.java:112)
	at de.uka.ilkd.key.nparser.builder.IncludeFinder.visitOne_include_statement(IncludeFinder.java:35)
	at de.uka.ilkd.key.nparser.builder.IncludeFinder.visitOne_include_statement(IncludeFinder.java:20)
	at de.uka.ilkd.key.nparser.KeYParser$One_include_statementContext.accept(KeYParser.java:802)
	at org.antlr.v4.runtime.tree.AbstractParseTreeVisitor.visitChildren(AbstractParseTreeVisitor.java:46)
	at de.uka.ilkd.key.nparser.KeYParserBaseVisitor.visitDecls(KeYParserBaseVisitor.java:30)
	at de.uka.ilkd.key.nparser.KeYParser$DeclsContext.accept(KeYParser.java:500)
	at org.antlr.v4.runtime.tree.AbstractParseTreeVisitor.visitChildren(AbstractParseTreeVisitor.java:46)
	at de.uka.ilkd.key.nparser.KeYParserBaseVisitor.visitFile(KeYParserBaseVisitor.java:23)
	at de.uka.ilkd.key.nparser.KeYParser$FileContext.accept(KeYParser.java:306)
	at de.uka.ilkd.key.nparser.KeyAst.accept(KeyAst.java:41)
	at de.uka.ilkd.key.nparser.KeyAst$File.getIncludes(KeyAst.java:76)
	at de.uka.ilkd.key.proof.io.KeYFile.readIncludes(KeYFile.java:208)
	... 14 more
Could not find rule file rules/intRulesCheckedSemantics.key (file: /home/runner/work/key/key/key.core/../key.ui/examples/index/.././standard_key/polySimp/simplify7.key; caused by: de.uka.ilkd.key.proof.init.ProofInputException: Could not find rule file rules/intRulesCheckedSemantics.key)
	at de.uka.ilkd.key.control.AbstractUserInterfaceControl.load(AbstractUserInterfaceControl.java:221)
	at de.uka.ilkd.key.control.KeYEnvironment.load(KeYEnvironment.java:251)
	at de.uka.ilkd.key.control.KeYEnvironment.load(KeYEnvironment.java:224)
	at de.uka.ilkd.key.control.KeYEnvironment.load(KeYEnvironment.java:184)
	at de.uka.ilkd.key.control.KeYEnvironment.load(KeYEnvironment.java:261)
	at de.uka.ilkd.key.proof.runallproofs.proofcollection.TestFile.load(TestFile.java:270)
	at de.uka.ilkd.key.proof.runallproofs.proofcollection.TestFile.runKey(TestFile.java:160)
	at de.uka.ilkd.key.proof.runallproofs.proofcollection.ForkedTestFileRunner.main(ForkedTestFileRunner.java:171)
Caused by: de.uka.ilkd.key.proof.init.ProofInputException: Could not find rule file rules/intRulesCheckedSemantics.key
	at de.uka.ilkd.key.proof.io.KeYFile.readIncludes(KeYFile.java:210)
	at de.uka.ilkd.key.proof.init.ProblemInitializer.readIncludes(ProblemInitializer.java:177)
	at de.uka.ilkd.key.proof.init.ProblemInitializer.readEnvInput(ProblemInitializer.java:325)
	at de.uka.ilkd.key.proof.init.ProblemInitializer.prepare(ProblemInitializer.java:449)
	at de.uka.ilkd.key.proof.io.AbstractProblemLoader.createInitConfig(AbstractProblemLoader.java:518)
	at de.uka.ilkd.key.proof.io.AbstractProblemLoader.loadEnvironment(AbstractProblemLoader.java:288)
	at de.uka.ilkd.key.proof.io.AbstractProblemLoader.load(AbstractProblemLoader.java:252)
	at de.uka.ilkd.key.control.AbstractUserInterfaceControl.load(AbstractUserInterfaceControl.java:209)
	... 7 more
Caused by: java.lang.RuntimeException: Could not find rule file rules/intRulesCheckedSemantics.key
	at de.uka.ilkd.key.proof.io.RuleSourceFactory.fromBuiltInRule(RuleSourceFactory.java:32)
	at de.uka.ilkd.key.proof.io.RuleSourceFactory.fromDefaultLocation(RuleSourceFactory.java:21)
	at de.uka.ilkd.key.nparser.builder.IncludeFinder.addInclude(IncludeFinder.java:63)
	at de.uka.ilkd.key.nparser.builder.IncludeFinder.visitOne_include(IncludeFinder.java:43)
	at de.uka.ilkd.key.nparser.builder.IncludeFinder.visitOne_include(IncludeFinder.java:20)
	at de.uka.ilkd.key.nparser.KeYParser$One_includeContext.accept(KeYParser.java:878)
	at de.uka.ilkd.key.nparser.builder.AbstractBuilder.lambda$mapOf$0(AbstractBuilder.java:112)
	at java.base/java.util.stream.ReferencePipeline$3$1.accept(ReferencePipeline.java:195)
	at java.base/java.util.ArrayList$ArrayListSpliterator.forEachRemaining(ArrayList.java:1655)
	at java.base/java.util.stream.AbstractPipeline.copyInto(AbstractPipeline.java:484)
	at java.base/java.util.stream.AbstractPipeline.wrapAndCopyInto(AbstractPipeline.java:474)
	at java.base/java.util.stream.ReduceOps$ReduceOp.evaluateSequential(ReduceOps.java:913)
	at java.base/java.util.stream.AbstractPipeline.evaluate(AbstractPipeline.java:234)
	at java.base/java.util.stream.ReferencePipeline.collect(ReferencePipeline.java:578)
	at de.uka.ilkd.key.nparser.builder.AbstractBuilder.mapOf(AbstractBuilder.java:112)
	at de.uka.ilkd.key.nparser.builder.IncludeFinder.visitOne_include_statement(IncludeFinder.java:35)
	at de.uka.ilkd.key.nparser.builder.IncludeFinder.visitOne_include_statement(IncludeFinder.java:20)
	at de.uka.ilkd.key.nparser.KeYParser$One_include_statementContext.accept(KeYParser.java:802)
	at org.antlr.v4.runtime.tree.AbstractParseTreeVisitor.visitChildren(AbstractParseTreeVisitor.java:46)
	at de.uka.ilkd.key.nparser.KeYParserBaseVisitor.visitDecls(KeYParserBaseVisitor.java:30)
	at de.uka.ilkd.key.nparser.KeYParser$DeclsContext.accept(KeYParser.java:500)
	at org.antlr.v4.runtime.tree.AbstractParseTreeVisitor.visitChildren(AbstractParseTreeVisitor.java:46)
	at de.uka.ilkd.key.nparser.KeYParserBaseVisitor.visitFile(KeYParserBaseVisitor.java:23)
	at de.uka.ilkd.key.nparser.KeYParser$FileContext.accept(KeYParser.java:306)
	at de.uka.ilkd.key.nparser.KeyAst.accept(KeyAst.java:41)
	at de.uka.ilkd.key.nparser.KeyAst$File.getIncludes(KeyAst.java:76)
	at de.uka.ilkd.key.proof.io.KeYFile.readIncludes(KeYFile.java:208)
	... 14 more
Could not find rule file rules/intRulesCheckedSemantics.key (file: /home/runner/work/key/key/key.core/../key.ui/examples/index/.././standard_key/polySimp/simplify8.key; caused by: de.uka.ilkd.key.proof.init.ProofInputException: Could not find rule file rules/intRulesCheckedSemantics.key)
	at de.uka.ilkd.key.control.AbstractUserInterfaceControl.load(AbstractUserInterfaceControl.java:221)
	at de.uka.ilkd.key.control.KeYEnvironment.load(KeYEnvironment.java:251)
	at de.uka.ilkd.key.control.KeYEnvironment.load(KeYEnvironment.java:224)
	at de.uka.ilkd.key.control.KeYEnvironment.load(KeYEnvironment.java:184)
	at de.uka.ilkd.key.control.KeYEnvironment.load(KeYEnvironment.java:261)
	at de.uka.ilkd.key.proof.runallproofs.proofcollection.TestFile.load(TestFile.java:270)
	at de.uka.ilkd.key.proof.runallproofs.proofcollection.TestFile.runKey(TestFile.java:160)
	at de.uka.ilkd.key.proof.runallproofs.proofcollection.ForkedTestFileRunner.main(ForkedTestFileRunner.java:171)
Caused by: de.uka.ilkd.key.proof.init.ProofInputException: Could not find rule file rules/intRulesCheckedSemantics.key
	at de.uka.ilkd.key.proof.io.KeYFile.readIncludes(KeYFile.java:210)
	at de.uka.ilkd.key.proof.init.ProblemInitializer.readIncludes(ProblemInitializer.java:177)
	at de.uka.ilkd.key.proof.init.ProblemInitializer.readEnvInput(ProblemInitializer.java:325)
	at de.uka.ilkd.key.proof.init.ProblemInitializer.prepare(ProblemInitializer.java:449)
	at de.uka.ilkd.key.proof.io.AbstractProblemLoader.createInitConfig(AbstractProblemLoader.java:518)
	at de.uka.ilkd.key.proof.io.AbstractProblemLoader.loadEnvironment(AbstractProblemLoader.java:288)
	at de.uka.ilkd.key.proof.io.AbstractProblemLoader.load(AbstractProblemLoader.java:252)
	at de.uka.ilkd.key.control.AbstractUserInterfaceControl.load(AbstractUserInterfaceControl.java:209)
	... 7 more
Caused by: java.lang.RuntimeException: Could not find rule file rules/intRulesCheckedSemantics.key
	at de.uka.ilkd.key.proof.io.RuleSourceFactory.fromBuiltInRule(RuleSourceFactory.java:32)
	at de.uka.ilkd.key.proof.io.RuleSourceFactory.fromDefaultLocation(RuleSourceFactory.java:21)
	at de.uka.ilkd.key.nparser.builder.IncludeFinder.addInclude(IncludeFinder.java:63)
	at de.uka.ilkd.key.nparser.builder.IncludeFinder.visitOne_include(IncludeFinder.java:43)
	at de.uka.ilkd.key.nparser.builder.IncludeFinder.visitOne_include(IncludeFinder.java:20)
	at de.uka.ilkd.key.nparser.KeYParser$One_includeContext.accept(KeYParser.java:878)
	at de.uka.ilkd.key.nparser.builder.AbstractBuilder.lambda$mapOf$0(AbstractBuilder.java:112)
	at java.base/java.util.stream.ReferencePipeline$3$1.accept(ReferencePipeline.java:195)
	at java.base/java.util.ArrayList$ArrayListSpliterator.forEachRemaining(ArrayList.java:1655)
	at java.base/java.util.stream.AbstractPipeline.copyInto(AbstractPipeline.java:484)
	at java.base/java.util.stream.AbstractPipeline.wrapAndCopyInto(AbstractPipeline.java:474)
	at java.base/java.util.stream.ReduceOps$ReduceOp.evaluateSequential(ReduceOps.java:913)
	at java.base/java.util.stream.AbstractPipeline.evaluate(AbstractPipeline.java:234)
	at java.base/java.util.stream.ReferencePipeline.collect(ReferencePipeline.java:578)
	at de.uka.ilkd.key.nparser.builder.AbstractBuilder.mapOf(AbstractBuilder.java:112)
	at de.uka.ilkd.key.nparser.builder.IncludeFinder.visitOne_include_statement(IncludeFinder.java:35)
	at de.uka.ilkd.key.nparser.builder.IncludeFinder.visitOne_include_statement(IncludeFinder.java:20)
	at de.uka.ilkd.key.nparser.KeYParser$One_include_statementContext.accept(KeYParser.java:802)
	at org.antlr.v4.runtime.tree.AbstractParseTreeVisitor.visitChildren(AbstractParseTreeVisitor.java:46)
	at de.uka.ilkd.key.nparser.KeYParserBaseVisitor.visitDecls(KeYParserBaseVisitor.java:30)
	at de.uka.ilkd.key.nparser.KeYParser$DeclsContext.accept(KeYParser.java:500)
	at org.antlr.v4.runtime.tree.AbstractParseTreeVisitor.visitChildren(AbstractParseTreeVisitor.java:46)
	at de.uka.ilkd.key.nparser.KeYParserBaseVisitor.visitFile(KeYParserBaseVisitor.java:23)
	at de.uka.ilkd.key.nparser.KeYParser$FileContext.accept(KeYParser.java:306)
	at de.uka.ilkd.key.nparser.KeyAst.accept(KeyAst.java:41)
	at de.uka.ilkd.key.nparser.KeyAst$File.getIncludes(KeyAst.java:76)
	at de.uka.ilkd.key.proof.io.KeYFile.readIncludes(KeYFile.java:208)
	... 14 more
Could not find rule file rules/intRulesCheckedSemantics.key (file: /home/runner/work/key/key/key.core/../key.ui/examples/index/.././standard_key/polySimp/simplify9.key; caused by: de.uka.ilkd.key.proof.init.ProofInputException: Could not find rule file rules/intRulesCheckedSemantics.key)
	at de.uka.ilkd.key.control.AbstractUserInterfaceControl.load(AbstractUserInterfaceControl.java:221)
	at de.uka.ilkd.key.control.KeYEnvironment.load(KeYEnvironment.java:251)
	at de.uka.ilkd.key.control.KeYEnvironment.load(KeYEnvironment.java:224)
	at de.uka.ilkd.key.control.KeYEnvironment.load(KeYEnvironment.java:184)
	at de.uka.ilkd.key.control.KeYEnvironment.load(KeYEnvironment.java:261)
	at de.uka.ilkd.key.proof.runallproofs.proofcollection.TestFile.load(TestFile.java:270)
	at de.uka.ilkd.key.proof.runallproofs.proofcollection.TestFile.runKey(TestFile.java:160)
	at de.uka.ilkd.key.proof.runallproofs.proofcollection.ForkedTestFileRunner.main(ForkedTestFileRunner.java:171)
Caused by: de.uka.ilkd.key.proof.init.ProofInputException: Could not find rule file rules/intRulesCheckedSemantics.key
	at de.uka.ilkd.key.proof.io.KeYFile.readIncludes(KeYFile.java:210)
	at de.uka.ilkd.key.proof.init.ProblemInitializer.readIncludes(ProblemInitializer.java:177)
	at de.uka.ilkd.key.proof.init.ProblemInitializer.readEnvInput(ProblemInitializer.java:325)
	at de.uka.ilkd.key.proof.init.ProblemInitializer.prepare(ProblemInitializer.java:449)
	at de.uka.ilkd.key.proof.io.AbstractProblemLoader.createInitConfig(AbstractProblemLoader.java:518)
	at de.uka.ilkd.key.proof.io.AbstractProblemLoader.loadEnvironment(AbstractProblemLoader.java:288)
	at de.uka.ilkd.key.proof.io.AbstractProblemLoader.load(AbstractProblemLoader.java:252)
	at de.uka.ilkd.key.control.AbstractUserInterfaceControl.load(AbstractUserInterfaceControl.java:209)
	... 7 more
Caused by: java.lang.RuntimeException: Could not find rule file rules/intRulesCheckedSemantics.key
	at de.uka.ilkd.key.proof.io.RuleSourceFactory.fromBuiltInRule(RuleSourceFactory.java:32)
	at de.uka.ilkd.key.proof.io.RuleSourceFactory.fromDefaultLocation(RuleSourceFactory.java:21)
	at de.uka.ilkd.key.nparser.builder.IncludeFinder.addInclude(IncludeFinder.java:63)
	at de.uka.ilkd.key.nparser.builder.IncludeFinder.visitOne_include(IncludeFinder.java:43)
	at de.uka.ilkd.key.nparser.builder.IncludeFinder.visitOne_include(IncludeFinder.java:20)
	at de.uka.ilkd.key.nparser.KeYParser$One_includeContext.accept(KeYParser.java:878)
	at de.uka.ilkd.key.nparser.builder.AbstractBuilder.lambda$mapOf$0(AbstractBuilder.java:112)
	at java.base/java.util.stream.ReferencePipeline$3$1.accept(ReferencePipeline.java:195)
	at java.base/java.util.ArrayList$ArrayListSpliterator.forEachRemaining(ArrayList.java:1655)
	at java.base/java.util.stream.AbstractPipeline.copyInto(AbstractPipeline.java:484)
	at java.base/java.util.stream.AbstractPipeline.wrapAndCopyInto(AbstractPipeline.java:474)
	at java.base/java.util.stream.ReduceOps$ReduceOp.evaluateSequential(ReduceOps.java:913)
	at java.base/java.util.stream.AbstractPipeline.evaluate(AbstractPipeline.java:234)
	at java.base/java.util.stream.ReferencePipeline.collect(ReferencePipeline.java:578)
	at de.uka.ilkd.key.nparser.builder.AbstractBuilder.mapOf(AbstractBuilder.java:112)
	at de.uka.ilkd.key.nparser.builder.IncludeFinder.visitOne_include_statement(IncludeFinder.java:35)
	at de.uka.ilkd.key.nparser.builder.IncludeFinder.visitOne_include_statement(IncludeFinder.java:20)
	at de.uka.ilkd.key.nparser.KeYParser$One_include_statementContext.accept(KeYParser.java:802)
	at org.antlr.v4.runtime.tree.AbstractParseTreeVisitor.visitChildren(AbstractParseTreeVisitor.java:46)
	at de.uka.ilkd.key.nparser.KeYParserBaseVisitor.visitDecls(KeYParserBaseVisitor.java:30)
	at de.uka.ilkd.key.nparser.KeYParser$DeclsContext.accept(KeYParser.java:500)
	at org.antlr.v4.runtime.tree.AbstractParseTreeVisitor.visitChildren(AbstractParseTreeVisitor.java:46)
	at de.uka.ilkd.key.nparser.KeYParserBaseVisitor.visitFile(KeYParserBaseVisitor.java:23)
	at de.uka.ilkd.key.nparser.KeYParser$FileContext.accept(KeYParser.java:306)
	at de.uka.ilkd.key.nparser.KeyAst.accept(KeyAst.java:41)
	at de.uka.ilkd.key.nparser.KeyAst$File.getIncludes(KeyAst.java:76)
	at de.uka.ilkd.key.proof.io.KeYFile.readIncludes(KeYFile.java:208)
	... 14 more
Exception in thread "main" org.opentest4j.AssertionFailedError: Exception during the execution of proofs. See log for more details.
	at org.junit.jupiter.api.AssertionUtils.fail(AssertionUtils.java:39)
	at org.junit.jupiter.api.Assertions.fail(Assertions.java:134)
	at de.uka.ilkd.key.proof.runallproofs.proofcollection.ForkedTestFileRunner.main(ForkedTestFileRunner.java:192)
Timeout watcher launched (2000 secs.)
Could not find rule file rules/intRulesCheckedSemantics.key (file: /home/runner/work/key/key/key.core/../key.ui/examples/index/.././standard_key/arrays/arrayStoreException/array2DimPrim.key; caused by: de.uka.ilkd.key.proof.init.ProofInputException: Could not find rule file rules/intRulesCheckedSemantics.key)
	at de.uka.ilkd.key.control.AbstractUserInterfaceControl.load(AbstractUserInterfaceControl.java:221)
	at de.uka.ilkd.key.control.KeYEnvironment.load(KeYEnvironment.java:251)
	at de.uka.ilkd.key.control.KeYEnvironment.load(KeYEnvironment.java:224)
	at de.uka.ilkd.key.control.KeYEnvironment.load(KeYEnvironment.java:184)
	at de.uka.ilkd.key.control.KeYEnvironment.load(KeYEnvironment.java:261)
	at de.uka.ilkd.key.proof.runallproofs.proofcollection.TestFile.load(TestFile.java:270)
	at de.uka.ilkd.key.proof.runallproofs.proofcollection.TestFile.runKey(TestFile.java:160)
	at de.uka.ilkd.key.proof.runallproofs.proofcollection.ForkedTestFileRunner.main(ForkedTestFileRunner.java:171)
Caused by: de.uka.ilkd.key.proof.init.ProofInputException: Could not find rule file rules/intRulesCheckedSemantics.key
	at de.uka.ilkd.key.proof.io.KeYFile.readIncludes(KeYFile.java:210)
	at de.uka.ilkd.key.proof.init.ProblemInitializer.readIncludes(ProblemInitializer.java:177)
	at de.uka.ilkd.key.proof.init.ProblemInitializer.readEnvInput(ProblemInitializer.java:325)
	at de.uka.ilkd.key.proof.init.ProblemInitializer.prepare(ProblemInitializer.java:449)
	at de.uka.ilkd.key.proof.io.AbstractProblemLoader.createInitConfig(AbstractProblemLoader.java:518)
	at de.uka.ilkd.key.proof.io.AbstractProblemLoader.loadEnvironment(AbstractProblemLoader.java:288)
	at de.uka.ilkd.key.proof.io.AbstractProblemLoader.load(AbstractProblemLoader.java:252)
	at de.uka.ilkd.key.control.AbstractUserInterfaceControl.load(AbstractUserInterfaceControl.java:209)
	... 7 more
Caused by: java.lang.RuntimeException: Could not find rule file rules/intRulesCheckedSemantics.key
	at de.uka.ilkd.key.proof.io.RuleSourceFactory.fromBuiltInRule(RuleSourceFactory.java:32)
	at de.uka.ilkd.key.proof.io.RuleSourceFactory.fromDefaultLocation(RuleSourceFactory.java:21)
	at de.uka.ilkd.key.nparser.builder.IncludeFinder.addInclude(IncludeFinder.java:63)
	at de.uka.ilkd.key.nparser.builder.IncludeFinder.visitOne_include(IncludeFinder.java:43)
	at de.uka.ilkd.key.nparser.builder.IncludeFinder.visitOne_include(IncludeFinder.java:20)
	at de.uka.ilkd.key.nparser.KeYParser$One_includeContext.accept(KeYParser.java:878)
	at de.uka.ilkd.key.nparser.builder.AbstractBuilder.lambda$mapOf$0(AbstractBuilder.java:112)
	at java.base/java.util.stream.ReferencePipeline$3$1.accept(ReferencePipeline.java:195)
	at java.base/java.util.ArrayList$ArrayListSpliterator.forEachRemaining(ArrayList.java:1655)
	at java.base/java.util.stream.AbstractPipeline.copyInto(AbstractPipeline.java:484)
	at java.base/java.util.stream.AbstractPipeline.wrapAndCopyInto(AbstractPipeline.java:474)
	at java.base/java.util.stream.ReduceOps$ReduceOp.evaluateSequential(ReduceOps.java:913)
	at java.base/java.util.stream.AbstractPipeline.evaluate(AbstractPipeline.java:234)
	at java.base/java.util.stream.ReferencePipeline.collect(ReferencePipeline.java:578)
	at de.uka.ilkd.key.nparser.builder.AbstractBuilder.mapOf(AbstractBuilder.java:112)
	at de.uka.ilkd.key.nparser.builder.IncludeFinder.visitOne_include_statement(IncludeFinder.java:35)
	at de.uka.ilkd.key.nparser.builder.IncludeFinder.visitOne_include_statement(IncludeFinder.java:20)
	at de.uka.ilkd.key.nparser.KeYParser$One_include_statementContext.accept(KeYParser.java:802)
	at org.antlr.v4.runtime.tree.AbstractParseTreeVisitor.visitChildren(AbstractParseTreeVisitor.java:46)
	at de.uka.ilkd.key.nparser.KeYParserBaseVisitor.visitDecls(KeYParserBaseVisitor.java:30)
	at de.uka.ilkd.key.nparser.KeYParser$DeclsContext.accept(KeYParser.java:500)
	at org.antlr.v4.runtime.tree.AbstractParseTreeVisitor.visitChildren(AbstractParseTreeVisitor.java:46)
	at de.uka.ilkd.key.nparser.KeYParserBaseVisitor.visitFile(KeYParserBaseVisitor.java:23)
	at de.uka.ilkd.key.nparser.KeYParser$FileContext.accept(KeYParser.java:306)
	at de.uka.ilkd.key.nparser.KeyAst.accept(KeyAst.java:41)
	at de.uka.ilkd.key.nparser.KeyAst$File.getIncludes(KeyAst.java:76)
	at de.uka.ilkd.key.proof.io.KeYFile.readIncludes(KeYFile.java:208)
	... 14 more
Could not find rule file rules/intRulesCheckedSemantics.key (file: /home/runner/work/key/key/key.core/../key.ui/examples/index/.././standard_key/arrays/arrayStoreException/arrayStoreKnownDynType.key; caused by: de.uka.ilkd.key.proof.init.ProofInputException: Could not find rule file rules/intRulesCheckedSemantics.key)
	at de.uka.ilkd.key.control.AbstractUserInterfaceControl.load(AbstractUserInterfaceControl.java:221)
	at de.uka.ilkd.key.control.KeYEnvironment.load(KeYEnvironment.java:251)
	at de.uka.ilkd.key.control.KeYEnvironment.load(KeYEnvironment.java:224)
	at de.uka.ilkd.key.control.KeYEnvironment.load(KeYEnvironment.java:184)
	at de.uka.ilkd.key.control.KeYEnvironment.load(KeYEnvironment.java:261)
	at de.uka.ilkd.key.proof.runallproofs.proofcollection.TestFile.load(TestFile.java:270)
	at de.uka.ilkd.key.proof.runallproofs.proofcollection.TestFile.runKey(TestFile.java:160)
	at de.uka.ilkd.key.proof.runallproofs.proofcollection.ForkedTestFileRunner.main(ForkedTestFileRunner.java:171)
Caused by: de.uka.ilkd.key.proof.init.ProofInputException: Could not find rule file rules/intRulesCheckedSemantics.key
	at de.uka.ilkd.key.proof.io.KeYFile.readIncludes(KeYFile.java:210)
	at de.uka.ilkd.key.proof.init.ProblemInitializer.readIncludes(ProblemInitializer.java:177)
	at de.uka.ilkd.key.proof.init.ProblemInitializer.readEnvInput(ProblemInitializer.java:325)
	at de.uka.ilkd.key.proof.init.ProblemInitializer.prepare(ProblemInitializer.java:449)
	at de.uka.ilkd.key.proof.io.AbstractProblemLoader.createInitConfig(AbstractProblemLoader.java:518)
	at de.uka.ilkd.key.proof.io.AbstractProblemLoader.loadEnvironment(AbstractProblemLoader.java:288)
	at de.uka.ilkd.key.proof.io.AbstractProblemLoader.load(AbstractProblemLoader.java:252)
	at de.uka.ilkd.key.control.AbstractUserInterfaceControl.load(AbstractUserInterfaceControl.java:209)
	... 7 more
Caused by: java.lang.RuntimeException: Could not find rule file rules/intRulesCheckedSemantics.key
	at de.uka.ilkd.key.proof.io.RuleSourceFactory.fromBuiltInRule(RuleSourceFactory.java:32)
	at de.uka.ilkd.key.proof.io.RuleSourceFactory.fromDefaultLocation(RuleSourceFactory.java:21)
	at de.uka.ilkd.key.nparser.builder.IncludeFinder.addInclude(IncludeFinder.java:63)
	at de.uka.ilkd.key.nparser.builder.IncludeFinder.visitOne_include(IncludeFinder.java:43)
	at de.uka.ilkd.key.nparser.builder.IncludeFinder.visitOne_include(IncludeFinder.java:20)
	at de.uka.ilkd.key.nparser.KeYParser$One_includeContext.accept(KeYParser.java:878)
	at de.uka.ilkd.key.nparser.builder.AbstractBuilder.lambda$mapOf$0(AbstractBuilder.java:112)
	at java.base/java.util.stream.ReferencePipeline$3$1.accept(ReferencePipeline.java:195)
	at java.base/java.util.ArrayList$ArrayListSpliterator.forEachRemaining(ArrayList.java:1655)
	at java.base/java.util.stream.AbstractPipeline.copyInto(AbstractPipeline.java:484)
	at java.base/java.util.stream.AbstractPipeline.wrapAndCopyInto(AbstractPipeline.java:474)
	at java.base/java.util.stream.ReduceOps$ReduceOp.evaluateSequential(ReduceOps.java:913)
	at java.base/java.util.stream.AbstractPipeline.evaluate(AbstractPipeline.java:234)
	at java.base/java.util.stream.ReferencePipeline.collect(ReferencePipeline.java:578)
	at de.uka.ilkd.key.nparser.builder.AbstractBuilder.mapOf(AbstractBuilder.java:112)
	at de.uka.ilkd.key.nparser.builder.IncludeFinder.visitOne_include_statement(IncludeFinder.java:35)
	at de.uka.ilkd.key.nparser.builder.IncludeFinder.visitOne_include_statement(IncludeFinder.java:20)
	at de.uka.ilkd.key.nparser.KeYParser$One_include_statementContext.accept(KeYParser.java:802)
	at org.antlr.v4.runtime.tree.AbstractParseTreeVisitor.visitChildren(AbstractParseTreeVisitor.java:46)
	at de.uka.ilkd.key.nparser.KeYParserBaseVisitor.visitDecls(KeYParserBaseVisitor.java:30)
	at de.uka.ilkd.key.nparser.KeYParser$DeclsContext.accept(KeYParser.java:500)
	at org.antlr.v4.runtime.tree.AbstractParseTreeVisitor.visitChildren(AbstractParseTreeVisitor.java:46)
	at de.uka.ilkd.key.nparser.KeYParserBaseVisitor.visitFile(KeYParserBaseVisitor.java:23)
	at de.uka.ilkd.key.nparser.KeYParser$FileContext.accept(KeYParser.java:306)
	at de.uka.ilkd.key.nparser.KeyAst.accept(KeyAst.java:41)
	at de.uka.ilkd.key.nparser.KeyAst$File.getIncludes(KeyAst.java:76)
	at de.uka.ilkd.key.proof.io.KeYFile.readIncludes(KeYFile.java:208)
	... 14 more
Could not find rule file rules/intRulesCheckedSemantics.key (file: /home/runner/work/key/key/key.core/../key.ui/examples/index/.././standard_key/arrays/arrayStoreException/reverseArray.key; caused by: de.uka.ilkd.key.proof.init.ProofInputException: Could not find rule file rules/intRulesCheckedSemantics.key)
	at de.uka.ilkd.key.control.AbstractUserInterfaceControl.load(AbstractUserInterfaceControl.java:221)
	at de.uka.ilkd.key.control.KeYEnvironment.load(KeYEnvironment.java:251)
	at de.uka.ilkd.key.control.KeYEnvironment.load(KeYEnvironment.java:224)
	at de.uka.ilkd.key.control.KeYEnvironment.load(KeYEnvironment.java:184)
	at de.uka.ilkd.key.control.KeYEnvironment.load(KeYEnvironment.java:261)
	at de.uka.ilkd.key.proof.runallproofs.proofcollection.TestFile.load(TestFile.java:270)
	at de.uka.ilkd.key.proof.runallproofs.proofcollection.TestFile.runKey(TestFile.java:160)
	at de.uka.ilkd.key.proof.runallproofs.proofcollection.ForkedTestFileRunner.main(ForkedTestFileRunner.java:171)
Caused by: de.uka.ilkd.key.proof.init.ProofInputException: Could not find rule file rules/intRulesCheckedSemantics.key
	at de.uka.ilkd.key.proof.io.KeYFile.readIncludes(KeYFile.java:210)
	at de.uka.ilkd.key.proof.init.ProblemInitializer.readIncludes(ProblemInitializer.java:177)
	at de.uka.ilkd.key.proof.init.ProblemInitializer.readEnvInput(ProblemInitializer.java:325)
	at de.uka.ilkd.key.proof.init.ProblemInitializer.prepare(ProblemInitializer.java:449)
	at de.uka.ilkd.key.proof.io.AbstractProblemLoader.createInitConfig(AbstractProblemLoader.java:518)
	at de.uka.ilkd.key.proof.io.AbstractProblemLoader.loadEnvironment(AbstractProblemLoader.java:288)
	at de.uka.ilkd.key.proof.io.AbstractProblemLoader.load(AbstractProblemLoader.java:252)
	at de.uka.ilkd.key.control.AbstractUserInterfaceControl.load(AbstractUserInterfaceControl.java:209)
	... 7 more
Caused by: java.lang.RuntimeException: Could not find rule file rules/intRulesCheckedSemantics.key
	at de.uka.ilkd.key.proof.io.RuleSourceFactory.fromBuiltInRule(RuleSourceFactory.java:32)
	at de.uka.ilkd.key.proof.io.RuleSourceFactory.fromDefaultLocation(RuleSourceFactory.java:21)
	at de.uka.ilkd.key.nparser.builder.IncludeFinder.addInclude(IncludeFinder.java:63)
	at de.uka.ilkd.key.nparser.builder.IncludeFinder.visitOne_include(IncludeFinder.java:43)
	at de.uka.ilkd.key.nparser.builder.IncludeFinder.visitOne_include(IncludeFinder.java:20)
	at de.uka.ilkd.key.nparser.KeYParser$One_includeContext.accept(KeYParser.java:878)
	at de.uka.ilkd.key.nparser.builder.AbstractBuilder.lambda$mapOf$0(AbstractBuilder.java:112)
	at java.base/java.util.stream.ReferencePipeline$3$1.accept(ReferencePipeline.java:195)
	at java.base/java.util.ArrayList$ArrayListSpliterator.forEachRemaining(ArrayList.java:1655)
	at java.base/java.util.stream.AbstractPipeline.copyInto(AbstractPipeline.java:484)
	at java.base/java.util.stream.AbstractPipeline.wrapAndCopyInto(AbstractPipeline.java:474)
	at java.base/java.util.stream.ReduceOps$ReduceOp.evaluateSequential(ReduceOps.java:913)
	at java.base/java.util.stream.AbstractPipeline.evaluate(AbstractPipeline.java:234)
	at java.base/java.util.stream.ReferencePipeline.collect(ReferencePipeline.java:578)
	at de.uka.ilkd.key.nparser.builder.AbstractBuilder.mapOf(AbstractBuilder.java:112)
	at de.uka.ilkd.key.nparser.builder.IncludeFinder.visitOne_include_statement(IncludeFinder.java:35)
	at de.uka.ilkd.key.nparser.builder.IncludeFinder.visitOne_include_statement(IncludeFinder.java:20)
	at de.uka.ilkd.key.nparser.KeYParser$One_include_statementContext.accept(KeYParser.java:802)
	at org.antlr.v4.runtime.tree.AbstractParseTreeVisitor.visitChildren(AbstractParseTreeVisitor.java:46)
	at de.uka.ilkd.key.nparser.KeYParserBaseVisitor.visitDecls(KeYParserBaseVisitor.java:30)
	at de.uka.ilkd.key.nparser.KeYParser$DeclsContext.accept(KeYParser.java:500)
	at org.antlr.v4.runtime.tree.AbstractParseTreeVisitor.visitChildren(AbstractParseTreeVisitor.java:46)
	at de.uka.ilkd.key.nparser.KeYParserBaseVisitor.visitFile(KeYParserBaseVisitor.java:23)
	at de.uka.ilkd.key.nparser.KeYParser$FileContext.accept(KeYParser.java:306)
	at de.uka.ilkd.key.nparser.KeyAst.accept(KeyAst.java:41)
	at de.uka.ilkd.key.nparser.KeyAst$File.getIncludes(KeyAst.java:76)
	at de.uka.ilkd.key.proof.io.KeYFile.readIncludes(KeYFile.java:208)
	... 14 more
Could not find rule file rules/intRulesCheckedSemantics.key (file: /home/runner/work/key/key/key.core/../key.ui/examples/index/.././standard_key/arrays/arrayStoreException/throwArrayStoreException.key; caused by: de.uka.ilkd.key.proof.init.ProofInputException: Could not find rule file rules/intRulesCheckedSemantics.key)
	at de.uka.ilkd.key.control.AbstractUserInterfaceControl.load(AbstractUserInterfaceControl.java:221)
	at de.uka.ilkd.key.control.KeYEnvironment.load(KeYEnvironment.java:251)
	at de.uka.ilkd.key.control.KeYEnvironment.load(KeYEnvironment.java:224)
	at de.uka.ilkd.key.control.KeYEnvironment.load(KeYEnvironment.java:184)
	at de.uka.ilkd.key.control.KeYEnvironment.load(KeYEnvironment.java:261)
	at de.uka.ilkd.key.proof.runallproofs.proofcollection.TestFile.load(TestFile.java:270)
	at de.uka.ilkd.key.proof.runallproofs.proofcollection.TestFile.runKey(TestFile.java:160)
	at de.uka.ilkd.key.proof.runallproofs.proofcollection.ForkedTestFileRunner.main(ForkedTestFileRunner.java:171)
Caused by: de.uka.ilkd.key.proof.init.ProofInputException: Could not find rule file rules/intRulesCheckedSemantics.key
	at de.uka.ilkd.key.proof.io.KeYFile.readIncludes(KeYFile.java:210)
	at de.uka.ilkd.key.proof.init.ProblemInitializer.readIncludes(ProblemInitializer.java:177)
	at de.uka.ilkd.key.proof.init.ProblemInitializer.readEnvInput(ProblemInitializer.java:325)
	at de.uka.ilkd.key.proof.init.ProblemInitializer.prepare(ProblemInitializer.java:449)
	at de.uka.ilkd.key.proof.io.AbstractProblemLoader.createInitConfig(AbstractProblemLoader.java:518)
	at de.uka.ilkd.key.proof.io.AbstractProblemLoader.loadEnvironment(AbstractProblemLoader.java:288)
	at de.uka.ilkd.key.proof.io.AbstractProblemLoader.load(AbstractProblemLoader.java:252)
	at de.uka.ilkd.key.control.AbstractUserInterfaceControl.load(AbstractUserInterfaceControl.java:209)
	... 7 more
Caused by: java.lang.RuntimeException: Could not find rule file rules/intRulesCheckedSemantics.key
	at de.uka.ilkd.key.proof.io.RuleSourceFactory.fromBuiltInRule(RuleSourceFactory.java:32)
	at de.uka.ilkd.key.proof.io.RuleSourceFactory.fromDefaultLocation(RuleSourceFactory.java:21)
	at de.uka.ilkd.key.nparser.builder.IncludeFinder.addInclude(IncludeFinder.java:63)
	at de.uka.ilkd.key.nparser.builder.IncludeFinder.visitOne_include(IncludeFinder.java:43)
	at de.uka.ilkd.key.nparser.builder.IncludeFinder.visitOne_include(IncludeFinder.java:20)
	at de.uka.ilkd.key.nparser.KeYParser$One_includeContext.accept(KeYParser.java:878)
	at de.uka.ilkd.key.nparser.builder.AbstractBuilder.lambda$mapOf$0(AbstractBuilder.java:112)
	at java.base/java.util.stream.ReferencePipeline$3$1.accept(ReferencePipeline.java:195)
	at java.base/java.util.ArrayList$ArrayListSpliterator.forEachRemaining(ArrayList.java:1655)
	at java.base/java.util.stream.AbstractPipeline.copyInto(AbstractPipeline.java:484)
	at java.base/java.util.stream.AbstractPipeline.wrapAndCopyInto(AbstractPipeline.java:474)
	at java.base/java.util.stream.ReduceOps$ReduceOp.evaluateSequential(ReduceOps.java:913)
	at java.base/java.util.stream.AbstractPipeline.evaluate(AbstractPipeline.java:234)
	at java.base/java.util.stream.ReferencePipeline.collect(ReferencePipeline.java:578)
	at de.uka.ilkd.key.nparser.builder.AbstractBuilder.mapOf(AbstractBuilder.java:112)
	at de.uka.ilkd.key.nparser.builder.IncludeFinder.visitOne_include_statement(IncludeFinder.java:35)
	at de.uka.ilkd.key.nparser.builder.IncludeFinder.visitOne_include_statement(IncludeFinder.java:20)
	at de.uka.ilkd.key.nparser.KeYParser$One_include_statementContext.accept(KeYParser.java:802)
	at org.antlr.v4.runtime.tree.AbstractParseTreeVisitor.visitChildren(AbstractParseTreeVisitor.java:46)
	at de.uka.ilkd.key.nparser.KeYParserBaseVisitor.visitDecls(KeYParserBaseVisitor.java:30)
	at de.uka.ilkd.key.nparser.KeYParser$DeclsContext.accept(KeYParser.java:500)
	at org.antlr.v4.runtime.tree.AbstractParseTreeVisitor.visitChildren(AbstractParseTreeVisitor.java:46)
	at de.uka.ilkd.key.nparser.KeYParserBaseVisitor.visitFile(KeYParserBaseVisitor.java:23)
	at de.uka.ilkd.key.nparser.KeYParser$FileContext.accept(KeYParser.java:306)
	at de.uka.ilkd.key.nparser.KeyAst.accept(KeyAst.java:41)
	at de.uka.ilkd.key.nparser.KeyAst$File.getIncludes(KeyAst.java:76)
	at de.uka.ilkd.key.proof.io.KeYFile.readIncludes(KeYFile.java:208)
	... 14 more
Could not find rule file rules/intRulesCheckedSemantics.key (file: /home/runner/work/key/key/key.core/../key.ui/examples/index/.././standard_key/arrays/creation/arrayCreation1.key; caused by: de.uka.ilkd.key.proof.init.ProofInputException: Could not find rule file rules/intRulesCheckedSemantics.key)
	at de.uka.ilkd.key.control.AbstractUserInterfaceControl.load(AbstractUserInterfaceControl.java:221)
	at de.uka.ilkd.key.control.KeYEnvironment.load(KeYEnvironment.java:251)
	at de.uka.ilkd.key.control.KeYEnvironment.load(KeYEnvironment.java:224)
	at de.uka.ilkd.key.control.KeYEnvironment.load(KeYEnvironment.java:184)
	at de.uka.ilkd.key.control.KeYEnvironment.load(KeYEnvironment.java:261)
	at de.uka.ilkd.key.proof.runallproofs.proofcollection.TestFile.load(TestFile.java:270)
	at de.uka.ilkd.key.proof.runallproofs.proofcollection.TestFile.runKey(TestFile.java:160)
	at de.uka.ilkd.key.proof.runallproofs.proofcollection.ForkedTestFileRunner.main(ForkedTestFileRunner.java:171)
Caused by: de.uka.ilkd.key.proof.init.ProofInputException: Could not find rule file rules/intRulesCheckedSemantics.key
	at de.uka.ilkd.key.proof.io.KeYFile.readIncludes(KeYFile.java:210)
	at de.uka.ilkd.key.proof.init.ProblemInitializer.readIncludes(ProblemInitializer.java:177)
	at de.uka.ilkd.key.proof.init.ProblemInitializer.readEnvInput(ProblemInitializer.java:325)
	at de.uka.ilkd.key.proof.init.ProblemInitializer.prepare(ProblemInitializer.java:449)
	at de.uka.ilkd.key.proof.io.AbstractProblemLoader.createInitConfig(AbstractProblemLoader.java:518)
	at de.uka.ilkd.key.proof.io.AbstractProblemLoader.loadEnvironment(AbstractProblemLoader.java:288)
	at de.uka.ilkd.key.proof.io.AbstractProblemLoader.load(AbstractProblemLoader.java:252)
	at de.uka.ilkd.key.control.AbstractUserInterfaceControl.load(AbstractUserInterfaceControl.java:209)
	... 7 more
Caused by: java.lang.RuntimeException: Could not find rule file rules/intRulesCheckedSemantics.key
	at de.uka.ilkd.key.proof.io.RuleSourceFactory.fromBuiltInRule(RuleSourceFactory.java:32)
	at de.uka.ilkd.key.proof.io.RuleSourceFactory.fromDefaultLocation(RuleSourceFactory.java:21)
	at de.uka.ilkd.key.nparser.builder.IncludeFinder.addInclude(IncludeFinder.java:63)
	at de.uka.ilkd.key.nparser.builder.IncludeFinder.visitOne_include(IncludeFinder.java:43)
	at de.uka.ilkd.key.nparser.builder.IncludeFinder.visitOne_include(IncludeFinder.java:20)
	at de.uka.ilkd.key.nparser.KeYParser$One_includeContext.accept(KeYParser.java:878)
	at de.uka.ilkd.key.nparser.builder.AbstractBuilder.lambda$mapOf$0(AbstractBuilder.java:112)
	at java.base/java.util.stream.ReferencePipeline$3$1.accept(ReferencePipeline.java:195)
	at java.base/java.util.ArrayList$ArrayListSpliterator.forEachRemaining(ArrayList.java:1655)
	at java.base/java.util.stream.AbstractPipeline.copyInto(AbstractPipeline.java:484)
	at java.base/java.util.stream.AbstractPipeline.wrapAndCopyInto(AbstractPipeline.java:474)
	at java.base/java.util.stream.ReduceOps$ReduceOp.evaluateSequential(ReduceOps.java:913)
	at java.base/java.util.stream.AbstractPipeline.evaluate(AbstractPipeline.java:234)
	at java.base/java.util.stream.ReferencePipeline.collect(ReferencePipeline.java:578)
	at de.uka.ilkd.key.nparser.builder.AbstractBuilder.mapOf(AbstractBuilder.java:112)
	at de.uka.ilkd.key.nparser.builder.IncludeFinder.visitOne_include_statement(IncludeFinder.java:35)
	at de.uka.ilkd.key.nparser.builder.IncludeFinder.visitOne_include_statement(IncludeFinder.java:20)
	at de.uka.ilkd.key.nparser.KeYParser$One_include_statementContext.accept(KeYParser.java:802)
	at org.antlr.v4.runtime.tree.AbstractParseTreeVisitor.visitChildren(AbstractParseTreeVisitor.java:46)
	at de.uka.ilkd.key.nparser.KeYParserBaseVisitor.visitDecls(KeYParserBaseVisitor.java:30)
	at de.uka.ilkd.key.nparser.KeYParser$DeclsContext.accept(KeYParser.java:500)
	at org.antlr.v4.runtime.tree.AbstractParseTreeVisitor.visitChildren(AbstractParseTreeVisitor.java:46)
	at de.uka.ilkd.key.nparser.KeYParserBaseVisitor.visitFile(KeYParserBaseVisitor.java:23)
	at de.uka.ilkd.key.nparser.KeYParser$FileContext.accept(KeYParser.java:306)
	at de.uka.ilkd.key.nparser.KeyAst.accept(KeyAst.java:41)
	at de.uka.ilkd.key.nparser.KeyAst$File.getIncludes(KeyAst.java:76)
	at de.uka.ilkd.key.proof.io.KeYFile.readIncludes(KeYFile.java:208)
	... 14 more
Could not find rule file rules/intRulesCheckedSemantics.key (file: /home/runner/work/key/key/key.core/../key.ui/examples/index/.././standard_key/arrays/arrayStoreException/array2Dim.key; caused by: de.uka.ilkd.key.proof.init.ProofInputException: Could not find rule file rules/intRulesCheckedSemantics.key)
	at de.uka.ilkd.key.control.AbstractUserInterfaceControl.load(AbstractUserInterfaceControl.java:221)
	at de.uka.ilkd.key.control.KeYEnvironment.load(KeYEnvironment.java:251)
	at de.uka.ilkd.key.control.KeYEnvironment.load(KeYEnvironment.java:224)
	at de.uka.ilkd.key.control.KeYEnvironment.load(KeYEnvironment.java:184)
	at de.uka.ilkd.key.control.KeYEnvironment.load(KeYEnvironment.java:261)
	at de.uka.ilkd.key.proof.runallproofs.proofcollection.TestFile.load(TestFile.java:270)
	at de.uka.ilkd.key.proof.runallproofs.proofcollection.TestFile.runKey(TestFile.java:160)
	at de.uka.ilkd.key.proof.runallproofs.proofcollection.ForkedTestFileRunner.main(ForkedTestFileRunner.java:171)
Caused by: de.uka.ilkd.key.proof.init.ProofInputException: Could not find rule file rules/intRulesCheckedSemantics.key
	at de.uka.ilkd.key.proof.io.KeYFile.readIncludes(KeYFile.java:210)
	at de.uka.ilkd.key.proof.init.ProblemInitializer.readIncludes(ProblemInitializer.java:177)
	at de.uka.ilkd.key.proof.init.ProblemInitializer.readEnvInput(ProblemInitializer.java:325)
	at de.uka.ilkd.key.proof.init.ProblemInitializer.prepare(ProblemInitializer.java:449)
	at de.uka.ilkd.key.proof.io.AbstractProblemLoader.createInitConfig(AbstractProblemLoader.java:518)
	at de.uka.ilkd.key.proof.io.AbstractProblemLoader.loadEnvironment(AbstractProblemLoader.java:288)
	at de.uka.ilkd.key.proof.io.AbstractProblemLoader.load(AbstractProblemLoader.java:252)
	at de.uka.ilkd.key.control.AbstractUserInterfaceControl.load(AbstractUserInterfaceControl.java:209)
	... 7 more
Caused by: java.lang.RuntimeException: Could not find rule file rules/intRulesCheckedSemantics.key
	at de.uka.ilkd.key.proof.io.RuleSourceFactory.fromBuiltInRule(RuleSourceFactory.java:32)
	at de.uka.ilkd.key.proof.io.RuleSourceFactory.fromDefaultLocation(RuleSourceFactory.java:21)
	at de.uka.ilkd.key.nparser.builder.IncludeFinder.addInclude(IncludeFinder.java:63)
	at de.uka.ilkd.key.nparser.builder.IncludeFinder.visitOne_include(IncludeFinder.java:43)
	at de.uka.ilkd.key.nparser.builder.IncludeFinder.visitOne_include(IncludeFinder.java:20)
	at de.uka.ilkd.key.nparser.KeYParser$One_includeContext.accept(KeYParser.java:878)
	at de.uka.ilkd.key.nparser.builder.AbstractBuilder.lambda$mapOf$0(AbstractBuilder.java:112)
	at java.base/java.util.stream.ReferencePipeline$3$1.accept(ReferencePipeline.java:195)
	at java.base/java.util.ArrayList$ArrayListSpliterator.forEachRemaining(ArrayList.java:1655)
	at java.base/java.util.stream.AbstractPipeline.copyInto(AbstractPipeline.java:484)
	at java.base/java.util.stream.AbstractPipeline.wrapAndCopyInto(AbstractPipeline.java:474)
	at java.base/java.util.stream.ReduceOps$ReduceOp.evaluateSequential(ReduceOps.java:913)
	at java.base/java.util.stream.AbstractPipeline.evaluate(AbstractPipeline.java:234)
	at java.base/java.util.stream.ReferencePipeline.collect(ReferencePipeline.java:578)
	at de.uka.ilkd.key.nparser.builder.AbstractBuilder.mapOf(AbstractBuilder.java:112)
	at de.uka.ilkd.key.nparser.builder.IncludeFinder.visitOne_include_statement(IncludeFinder.java:35)
	at de.uka.ilkd.key.nparser.builder.IncludeFinder.visitOne_include_statement(IncludeFinder.java:20)
	at de.uka.ilkd.key.nparser.KeYParser$One_include_statementContext.accept(KeYParser.java:802)
	at org.antlr.v4.runtime.tree.AbstractParseTreeVisitor.visitChildren(AbstractParseTreeVisitor.java:46)
	at de.uka.ilkd.key.nparser.KeYParserBaseVisitor.visitDecls(KeYParserBaseVisitor.java:30)
	at de.uka.ilkd.key.nparser.KeYParser$DeclsContext.accept(KeYParser.java:500)
	at org.antlr.v4.runtime.tree.AbstractParseTreeVisitor.visitChildren(AbstractParseTreeVisitor.java:46)
	at de.uka.ilkd.key.nparser.KeYParserBaseVisitor.visitFile(KeYParserBaseVisitor.java:23)
	at de.uka.ilkd.key.nparser.KeYParser$FileContext.accept(KeYParser.java:306)
	at de.uka.ilkd.key.nparser.KeyAst.accept(KeyAst.java:41)
	at de.uka.ilkd.key.nparser.KeyAst$File.getIncludes(KeyAst.java:76)
	at de.uka.ilkd.key.proof.io.KeYFile.readIncludes(KeYFile.java:208)
	... 14 more
Could not find rule file rules/intRulesCheckedSemantics.key (file: /home/runner/work/key/key/key.core/../key.ui/examples/index/.././standard_key/arrays/arrayStoreException/array2DimClose.key; caused by: de.uka.ilkd.key.proof.init.ProofInputException: Could not find rule file rules/intRulesCheckedSemantics.key)
	at de.uka.ilkd.key.control.AbstractUserInterfaceControl.load(AbstractUserInterfaceControl.java:221)
	at de.uka.ilkd.key.control.KeYEnvironment.load(KeYEnvironment.java:251)
	at de.uka.ilkd.key.control.KeYEnvironment.load(KeYEnvironment.java:224)
	at de.uka.ilkd.key.control.KeYEnvironment.load(KeYEnvironment.java:184)
	at de.uka.ilkd.key.control.KeYEnvironment.load(KeYEnvironment.java:261)
	at de.uka.ilkd.key.proof.runallproofs.proofcollection.TestFile.load(TestFile.java:270)
	at de.uka.ilkd.key.proof.runallproofs.proofcollection.TestFile.runKey(TestFile.java:160)
	at de.uka.ilkd.key.proof.runallproofs.proofcollection.ForkedTestFileRunner.main(ForkedTestFileRunner.java:171)
Caused by: de.uka.ilkd.key.proof.init.ProofInputException: Could not find rule file rules/intRulesCheckedSemantics.key
	at de.uka.ilkd.key.proof.io.KeYFile.readIncludes(KeYFile.java:210)
	at de.uka.ilkd.key.proof.init.ProblemInitializer.readIncludes(ProblemInitializer.java:177)
	at de.uka.ilkd.key.proof.init.ProblemInitializer.readEnvInput(ProblemInitializer.java:325)
	at de.uka.ilkd.key.proof.init.ProblemInitializer.prepare(ProblemInitializer.java:449)
	at de.uka.ilkd.key.proof.io.AbstractProblemLoader.createInitConfig(AbstractProblemLoader.java:518)
	at de.uka.ilkd.key.proof.io.AbstractProblemLoader.loadEnvironment(AbstractProblemLoader.java:288)
	at de.uka.ilkd.key.proof.io.AbstractProblemLoader.load(AbstractProblemLoader.java:252)
	at de.uka.ilkd.key.control.AbstractUserInterfaceControl.load(AbstractUserInterfaceControl.java:209)
	... 7 more
Caused by: java.lang.RuntimeException: Could not find rule file rules/intRulesCheckedSemantics.key
	at de.uka.ilkd.key.proof.io.RuleSourceFactory.fromBuiltInRule(RuleSourceFactory.java:32)
	at de.uka.ilkd.key.proof.io.RuleSourceFactory.fromDefaultLocation(RuleSourceFactory.java:21)
	at de.uka.ilkd.key.nparser.builder.IncludeFinder.addInclude(IncludeFinder.java:63)
	at de.uka.ilkd.key.nparser.builder.IncludeFinder.visitOne_include(IncludeFinder.java:43)
	at de.uka.ilkd.key.nparser.builder.IncludeFinder.visitOne_include(IncludeFinder.java:20)
	at de.uka.ilkd.key.nparser.KeYParser$One_includeContext.accept(KeYParser.java:878)
	at de.uka.ilkd.key.nparser.builder.AbstractBuilder.lambda$mapOf$0(AbstractBuilder.java:112)
	at java.base/java.util.stream.ReferencePipeline$3$1.accept(ReferencePipeline.java:195)
	at java.base/java.util.ArrayList$ArrayListSpliterator.forEachRemaining(ArrayList.java:1655)
	at java.base/java.util.stream.AbstractPipeline.copyInto(AbstractPipeline.java:484)
	at java.base/java.util.stream.AbstractPipeline.wrapAndCopyInto(AbstractPipeline.java:474)
	at java.base/java.util.stream.ReduceOps$ReduceOp.evaluateSequential(ReduceOps.java:913)
	at java.base/java.util.stream.AbstractPipeline.evaluate(AbstractPipeline.java:234)
	at java.base/java.util.stream.ReferencePipeline.collect(ReferencePipeline.java:578)
	at de.uka.ilkd.key.nparser.builder.AbstractBuilder.mapOf(AbstractBuilder.java:112)
	at de.uka.ilkd.key.nparser.builder.IncludeFinder.visitOne_include_statement(IncludeFinder.java:35)
	at de.uka.ilkd.key.nparser.builder.IncludeFinder.visitOne_include_statement(IncludeFinder.java:20)
	at de.uka.ilkd.key.nparser.KeYParser$One_include_statementContext.accept(KeYParser.java:802)
	at org.antlr.v4.runtime.tree.AbstractParseTreeVisitor.visitChildren(AbstractParseTreeVisitor.java:46)
	at de.uka.ilkd.key.nparser.KeYParserBaseVisitor.visitDecls(KeYParserBaseVisitor.java:30)
	at de.uka.ilkd.key.nparser.KeYParser$DeclsContext.accept(KeYParser.java:500)
	at org.antlr.v4.runtime.tree.AbstractParseTreeVisitor.visitChildren(AbstractParseTreeVisitor.java:46)
	at de.uka.ilkd.key.nparser.KeYParserBaseVisitor.visitFile(KeYParserBaseVisitor.java:23)
	at de.uka.ilkd.key.nparser.KeYParser$FileContext.accept(KeYParser.java:306)
	at de.uka.ilkd.key.nparser.KeyAst.accept(KeyAst.java:41)
	at de.uka.ilkd.key.nparser.KeyAst$File.getIncludes(KeyAst.java:76)
	at de.uka.ilkd.key.proof.io.KeYFile.readIncludes(KeYFile.java:208)
	... 14 more
Could not find rule file rules/intRulesCheckedSemantics.key (file: /home/runner/work/key/key/key.core/../key.ui/examples/index/.././standard_key/arrays/arrayStoreException/throwASEForPrim.key; caused by: de.uka.ilkd.key.proof.init.ProofInputException: Could not find rule file rules/intRulesCheckedSemantics.key)
	at de.uka.ilkd.key.control.AbstractUserInterfaceControl.load(AbstractUserInterfaceControl.java:221)
	at de.uka.ilkd.key.control.KeYEnvironment.load(KeYEnvironment.java:251)
	at de.uka.ilkd.key.control.KeYEnvironment.load(KeYEnvironment.java:224)
	at de.uka.ilkd.key.control.KeYEnvironment.load(KeYEnvironment.java:184)
	at de.uka.ilkd.key.control.KeYEnvironment.load(KeYEnvironment.java:261)
	at de.uka.ilkd.key.proof.runallproofs.proofcollection.TestFile.load(TestFile.java:270)
	at de.uka.ilkd.key.proof.runallproofs.proofcollection.TestFile.runKey(TestFile.java:160)
	at de.uka.ilkd.key.proof.runallproofs.proofcollection.ForkedTestFileRunner.main(ForkedTestFileRunner.java:171)
Caused by: de.uka.ilkd.key.proof.init.ProofInputException: Could not find rule file rules/intRulesCheckedSemantics.key
	at de.uka.ilkd.key.proof.io.KeYFile.readIncludes(KeYFile.java:210)
	at de.uka.ilkd.key.proof.init.ProblemInitializer.readIncludes(ProblemInitializer.java:177)
	at de.uka.ilkd.key.proof.init.ProblemInitializer.readEnvInput(ProblemInitializer.java:325)
	at de.uka.ilkd.key.proof.init.ProblemInitializer.prepare(ProblemInitializer.java:449)
	at de.uka.ilkd.key.proof.io.AbstractProblemLoader.createInitConfig(AbstractProblemLoader.java:518)
	at de.uka.ilkd.key.proof.io.AbstractProblemLoader.loadEnvironment(AbstractProblemLoader.java:288)
	at de.uka.ilkd.key.proof.io.AbstractProblemLoader.load(AbstractProblemLoader.java:252)
	at de.uka.ilkd.key.control.AbstractUserInterfaceControl.load(AbstractUserInterfaceControl.java:209)
	... 7 more
Caused by: java.lang.RuntimeException: Could not find rule file rules/intRulesCheckedSemantics.key
	at de.uka.ilkd.key.proof.io.RuleSourceFactory.fromBuiltInRule(RuleSourceFactory.java:32)
	at de.uka.ilkd.key.proof.io.RuleSourceFactory.fromDefaultLocation(RuleSourceFactory.java:21)
	at de.uka.ilkd.key.nparser.builder.IncludeFinder.addInclude(IncludeFinder.java:63)
	at de.uka.ilkd.key.nparser.builder.IncludeFinder.visitOne_include(IncludeFinder.java:43)
	at de.uka.ilkd.key.nparser.builder.IncludeFinder.visitOne_include(IncludeFinder.java:20)
	at de.uka.ilkd.key.nparser.KeYParser$One_includeContext.accept(KeYParser.java:878)
	at de.uka.ilkd.key.nparser.builder.AbstractBuilder.lambda$mapOf$0(AbstractBuilder.java:112)
	at java.base/java.util.stream.ReferencePipeline$3$1.accept(ReferencePipeline.java:195)
	at java.base/java.util.ArrayList$ArrayListSpliterator.forEachRemaining(ArrayList.java:1655)
	at java.base/java.util.stream.AbstractPipeline.copyInto(AbstractPipeline.java:484)
	at java.base/java.util.stream.AbstractPipeline.wrapAndCopyInto(AbstractPipeline.java:474)
	at java.base/java.util.stream.ReduceOps$ReduceOp.evaluateSequential(ReduceOps.java:913)
	at java.base/java.util.stream.AbstractPipeline.evaluate(AbstractPipeline.java:234)
	at java.base/java.util.stream.ReferencePipeline.collect(ReferencePipeline.java:578)
	at de.uka.ilkd.key.nparser.builder.AbstractBuilder.mapOf(AbstractBuilder.java:112)
	at de.uka.ilkd.key.nparser.builder.IncludeFinder.visitOne_include_statement(IncludeFinder.java:35)
	at de.uka.ilkd.key.nparser.builder.IncludeFinder.visitOne_include_statement(IncludeFinder.java:20)
	at de.uka.ilkd.key.nparser.KeYParser$One_include_statementContext.accept(KeYParser.java:802)
	at org.antlr.v4.runtime.tree.AbstractParseTreeVisitor.visitChildren(AbstractParseTreeVisitor.java:46)
	at de.uka.ilkd.key.nparser.KeYParserBaseVisitor.visitDecls(KeYParserBaseVisitor.java:30)
	at de.uka.ilkd.key.nparser.KeYParser$DeclsContext.accept(KeYParser.java:500)
	at org.antlr.v4.runtime.tree.AbstractParseTreeVisitor.visitChildren(AbstractParseTreeVisitor.java:46)
	at de.uka.ilkd.key.nparser.KeYParserBaseVisitor.visitFile(KeYParserBaseVisitor.java:23)
	at de.uka.ilkd.key.nparser.KeYParser$FileContext.accept(KeYParser.java:306)
	at de.uka.ilkd.key.nparser.KeyAst.accept(KeyAst.java:41)
	at de.uka.ilkd.key.nparser.KeyAst$File.getIncludes(KeyAst.java:76)
	at de.uka.ilkd.key.proof.io.KeYFile.readIncludes(KeYFile.java:208)
	... 14 more
Exception in thread "main" org.opentest4j.AssertionFailedError: Exception during the execution of proofs. See log for more details.
	at org.junit.jupiter.api.AssertionUtils.fail(AssertionUtils.java:39)
	at org.junit.jupiter.api.Assertions.fail(Assertions.java:134)
	at de.uka.ilkd.key.proof.runallproofs.proofcollection.ForkedTestFileRunner.main(ForkedTestFileRunner.java:192)
Timeout watcher launched (2000 secs.)
Could not find rule file rules/intRulesCheckedSemantics.key (file: /home/runner/work/key/key/key.core/../key.ui/examples/index/.././standard_key/instanceCreation/instanceCreation1.key; caused by: de.uka.ilkd.key.proof.init.ProofInputException: Could not find rule file rules/intRulesCheckedSemantics.key)
	at de.uka.ilkd.key.control.AbstractUserInterfaceControl.load(AbstractUserInterfaceControl.java:221)
	at de.uka.ilkd.key.control.KeYEnvironment.load(KeYEnvironment.java:251)
	at de.uka.ilkd.key.control.KeYEnvironment.load(KeYEnvironment.java:224)
	at de.uka.ilkd.key.control.KeYEnvironment.load(KeYEnvironment.java:184)
	at de.uka.ilkd.key.control.KeYEnvironment.load(KeYEnvironment.java:261)
	at de.uka.ilkd.key.proof.runallproofs.proofcollection.TestFile.load(TestFile.java:270)
	at de.uka.ilkd.key.proof.runallproofs.proofcollection.TestFile.runKey(TestFile.java:160)
	at de.uka.ilkd.key.proof.runallproofs.proofcollection.ForkedTestFileRunner.main(ForkedTestFileRunner.java:171)
Caused by: de.uka.ilkd.key.proof.init.ProofInputException: Could not find rule file rules/intRulesCheckedSemantics.key
	at de.uka.ilkd.key.proof.io.KeYFile.readIncludes(KeYFile.java:210)
	at de.uka.ilkd.key.proof.init.ProblemInitializer.readIncludes(ProblemInitializer.java:177)
	at de.uka.ilkd.key.proof.init.ProblemInitializer.readEnvInput(ProblemInitializer.java:325)
	at de.uka.ilkd.key.proof.init.ProblemInitializer.prepare(ProblemInitializer.java:449)
	at de.uka.ilkd.key.proof.io.AbstractProblemLoader.createInitConfig(AbstractProblemLoader.java:518)
	at de.uka.ilkd.key.proof.io.AbstractProblemLoader.loadEnvironment(AbstractProblemLoader.java:288)
	at de.uka.ilkd.key.proof.io.AbstractProblemLoader.load(AbstractProblemLoader.java:252)
	at de.uka.ilkd.key.control.AbstractUserInterfaceControl.load(AbstractUserInterfaceControl.java:209)
	... 7 more
Caused by: java.lang.RuntimeException: Could not find rule file rules/intRulesCheckedSemantics.key
	at de.uka.ilkd.key.proof.io.RuleSourceFactory.fromBuiltInRule(RuleSourceFactory.java:32)
	at de.uka.ilkd.key.proof.io.RuleSourceFactory.fromDefaultLocation(RuleSourceFactory.java:21)
	at de.uka.ilkd.key.nparser.builder.IncludeFinder.addInclude(IncludeFinder.java:63)
	at de.uka.ilkd.key.nparser.builder.IncludeFinder.visitOne_include(IncludeFinder.java:43)
	at de.uka.ilkd.key.nparser.builder.IncludeFinder.visitOne_include(IncludeFinder.java:20)
	at de.uka.ilkd.key.nparser.KeYParser$One_includeContext.accept(KeYParser.java:878)
	at de.uka.ilkd.key.nparser.builder.AbstractBuilder.lambda$mapOf$0(AbstractBuilder.java:112)
	at java.base/java.util.stream.ReferencePipeline$3$1.accept(ReferencePipeline.java:195)
	at java.base/java.util.ArrayList$ArrayListSpliterator.forEachRemaining(ArrayList.java:1655)
	at java.base/java.util.stream.AbstractPipeline.copyInto(AbstractPipeline.java:484)
	at java.base/java.util.stream.AbstractPipeline.wrapAndCopyInto(AbstractPipeline.java:474)
	at java.base/java.util.stream.ReduceOps$ReduceOp.evaluateSequential(ReduceOps.java:913)
	at java.base/java.util.stream.AbstractPipeline.evaluate(AbstractPipeline.java:234)
	at java.base/java.util.stream.ReferencePipeline.collect(ReferencePipeline.java:578)
	at de.uka.ilkd.key.nparser.builder.AbstractBuilder.mapOf(AbstractBuilder.java:112)
	at de.uka.ilkd.key.nparser.builder.IncludeFinder.visitOne_include_statement(IncludeFinder.java:35)
	at de.uka.ilkd.key.nparser.builder.IncludeFinder.visitOne_include_statement(IncludeFinder.java:20)
	at de.uka.ilkd.key.nparser.KeYParser$One_include_statementContext.accept(KeYParser.java:802)
	at org.antlr.v4.runtime.tree.AbstractParseTreeVisitor.visitChildren(AbstractParseTreeVisitor.java:46)
	at de.uka.ilkd.key.nparser.KeYParserBaseVisitor.visitDecls(KeYParserBaseVisitor.java:30)
	at de.uka.ilkd.key.nparser.KeYParser$DeclsContext.accept(KeYParser.java:500)
	at org.antlr.v4.runtime.tree.AbstractParseTreeVisitor.visitChildren(AbstractParseTreeVisitor.java:46)
	at de.uka.ilkd.key.nparser.KeYParserBaseVisitor.visitFile(KeYParserBaseVisitor.java:23)
	at de.uka.ilkd.key.nparser.KeYParser$FileContext.accept(KeYParser.java:306)
	at de.uka.ilkd.key.nparser.KeyAst.accept(KeyAst.java:41)
	at de.uka.ilkd.key.nparser.KeyAst$File.getIncludes(KeyAst.java:76)
	at de.uka.ilkd.key.proof.io.KeYFile.readIncludes(KeYFile.java:208)
	... 14 more
Could not find rule file rules/intRulesCheckedSemantics.key (file: /home/runner/work/key/key/key.core/../key.ui/examples/index/.././standard_key/instanceCreation/instanceCreation2.key; caused by: de.uka.ilkd.key.proof.init.ProofInputException: Could not find rule file rules/intRulesCheckedSemantics.key)
	at de.uka.ilkd.key.control.AbstractUserInterfaceControl.load(AbstractUserInterfaceControl.java:221)
	at de.uka.ilkd.key.control.KeYEnvironment.load(KeYEnvironment.java:251)
	at de.uka.ilkd.key.control.KeYEnvironment.load(KeYEnvironment.java:224)
	at de.uka.ilkd.key.control.KeYEnvironment.load(KeYEnvironment.java:184)
	at de.uka.ilkd.key.control.KeYEnvironment.load(KeYEnvironment.java:261)
	at de.uka.ilkd.key.proof.runallproofs.proofcollection.TestFile.load(TestFile.java:270)
	at de.uka.ilkd.key.proof.runallproofs.proofcollection.TestFile.runKey(TestFile.java:160)
	at de.uka.ilkd.key.proof.runallproofs.proofcollection.ForkedTestFileRunner.main(ForkedTestFileRunner.java:171)
Caused by: de.uka.ilkd.key.proof.init.ProofInputException: Could not find rule file rules/intRulesCheckedSemantics.key
	at de.uka.ilkd.key.proof.io.KeYFile.readIncludes(KeYFile.java:210)
	at de.uka.ilkd.key.proof.init.ProblemInitializer.readIncludes(ProblemInitializer.java:177)
	at de.uka.ilkd.key.proof.init.ProblemInitializer.readEnvInput(ProblemInitializer.java:325)
	at de.uka.ilkd.key.proof.init.ProblemInitializer.prepare(ProblemInitializer.java:449)
	at de.uka.ilkd.key.proof.io.AbstractProblemLoader.createInitConfig(AbstractProblemLoader.java:518)
	at de.uka.ilkd.key.proof.io.AbstractProblemLoader.loadEnvironment(AbstractProblemLoader.java:288)
	at de.uka.ilkd.key.proof.io.AbstractProblemLoader.load(AbstractProblemLoader.java:252)
	at de.uka.ilkd.key.control.AbstractUserInterfaceControl.load(AbstractUserInterfaceControl.java:209)
	... 7 more
Caused by: java.lang.RuntimeException: Could not find rule file rules/intRulesCheckedSemantics.key
	at de.uka.ilkd.key.proof.io.RuleSourceFactory.fromBuiltInRule(RuleSourceFactory.java:32)
	at de.uka.ilkd.key.proof.io.RuleSourceFactory.fromDefaultLocation(RuleSourceFactory.java:21)
	at de.uka.ilkd.key.nparser.builder.IncludeFinder.addInclude(IncludeFinder.java:63)
	at de.uka.ilkd.key.nparser.builder.IncludeFinder.visitOne_include(IncludeFinder.java:43)
	at de.uka.ilkd.key.nparser.builder.IncludeFinder.visitOne_include(IncludeFinder.java:20)
	at de.uka.ilkd.key.nparser.KeYParser$One_includeContext.accept(KeYParser.java:878)
	at de.uka.ilkd.key.nparser.builder.AbstractBuilder.lambda$mapOf$0(AbstractBuilder.java:112)
	at java.base/java.util.stream.ReferencePipeline$3$1.accept(ReferencePipeline.java:195)
	at java.base/java.util.ArrayList$ArrayListSpliterator.forEachRemaining(ArrayList.java:1655)
	at java.base/java.util.stream.AbstractPipeline.copyInto(AbstractPipeline.java:484)
	at java.base/java.util.stream.AbstractPipeline.wrapAndCopyInto(AbstractPipeline.java:474)
	at java.base/java.util.stream.ReduceOps$ReduceOp.evaluateSequential(ReduceOps.java:913)
	at java.base/java.util.stream.AbstractPipeline.evaluate(AbstractPipeline.java:234)
	at java.base/java.util.stream.ReferencePipeline.collect(ReferencePipeline.java:578)
	at de.uka.ilkd.key.nparser.builder.AbstractBuilder.mapOf(AbstractBuilder.java:112)
	at de.uka.ilkd.key.nparser.builder.IncludeFinder.visitOne_include_statement(IncludeFinder.java:35)
	at de.uka.ilkd.key.nparser.builder.IncludeFinder.visitOne_include_statement(IncludeFinder.java:20)
	at de.uka.ilkd.key.nparser.KeYParser$One_include_statementContext.accept(KeYParser.java:802)
	at org.antlr.v4.runtime.tree.AbstractParseTreeVisitor.visitChildren(AbstractParseTreeVisitor.java:46)
	at de.uka.ilkd.key.nparser.KeYParserBaseVisitor.visitDecls(KeYParserBaseVisitor.java:30)
	at de.uka.ilkd.key.nparser.KeYParser$DeclsContext.accept(KeYParser.java:500)
	at org.antlr.v4.runtime.tree.AbstractParseTreeVisitor.visitChildren(AbstractParseTreeVisitor.java:46)
	at de.uka.ilkd.key.nparser.KeYParserBaseVisitor.visitFile(KeYParserBaseVisitor.java:23)
	at de.uka.ilkd.key.nparser.KeYParser$FileContext.accept(KeYParser.java:306)
	at de.uka.ilkd.key.nparser.KeyAst.accept(KeyAst.java:41)
	at de.uka.ilkd.key.nparser.KeyAst$File.getIncludes(KeyAst.java:76)
	at de.uka.ilkd.key.proof.io.KeYFile.readIncludes(KeYFile.java:208)
	... 14 more
Could not find rule file rules/intRulesCheckedSemantics.key (file: /home/runner/work/key/key/key.core/../key.ui/examples/index/.././standard_key/instanceCreation/interfacesAndAbstractClassesHaveNoInstances.key; caused by: de.uka.ilkd.key.proof.init.ProofInputException: Could not find rule file rules/intRulesCheckedSemantics.key)
	at de.uka.ilkd.key.control.AbstractUserInterfaceControl.load(AbstractUserInterfaceControl.java:221)
	at de.uka.ilkd.key.control.KeYEnvironment.load(KeYEnvironment.java:251)
	at de.uka.ilkd.key.control.KeYEnvironment.load(KeYEnvironment.java:224)
	at de.uka.ilkd.key.control.KeYEnvironment.load(KeYEnvironment.java:184)
	at de.uka.ilkd.key.control.KeYEnvironment.load(KeYEnvironment.java:261)
	at de.uka.ilkd.key.proof.runallproofs.proofcollection.TestFile.load(TestFile.java:270)
	at de.uka.ilkd.key.proof.runallproofs.proofcollection.TestFile.runKey(TestFile.java:160)
	at de.uka.ilkd.key.proof.runallproofs.proofcollection.ForkedTestFileRunner.main(ForkedTestFileRunner.java:171)
Caused by: de.uka.ilkd.key.proof.init.ProofInputException: Could not find rule file rules/intRulesCheckedSemantics.key
	at de.uka.ilkd.key.proof.io.KeYFile.readIncludes(KeYFile.java:210)
	at de.uka.ilkd.key.proof.init.ProblemInitializer.readIncludes(ProblemInitializer.java:177)
	at de.uka.ilkd.key.proof.init.ProblemInitializer.readEnvInput(ProblemInitializer.java:325)
	at de.uka.ilkd.key.proof.init.ProblemInitializer.prepare(ProblemInitializer.java:449)
	at de.uka.ilkd.key.proof.io.AbstractProblemLoader.createInitConfig(AbstractProblemLoader.java:518)
	at de.uka.ilkd.key.proof.io.AbstractProblemLoader.loadEnvironment(AbstractProblemLoader.java:288)
	at de.uka.ilkd.key.proof.io.AbstractProblemLoader.load(AbstractProblemLoader.java:252)
	at de.uka.ilkd.key.control.AbstractUserInterfaceControl.load(AbstractUserInterfaceControl.java:209)
	... 7 more
Caused by: java.lang.RuntimeException: Could not find rule file rules/intRulesCheckedSemantics.key
	at de.uka.ilkd.key.proof.io.RuleSourceFactory.fromBuiltInRule(RuleSourceFactory.java:32)
	at de.uka.ilkd.key.proof.io.RuleSourceFactory.fromDefaultLocation(RuleSourceFactory.java:21)
	at de.uka.ilkd.key.nparser.builder.IncludeFinder.addInclude(IncludeFinder.java:63)
	at de.uka.ilkd.key.nparser.builder.IncludeFinder.visitOne_include(IncludeFinder.java:43)
	at de.uka.ilkd.key.nparser.builder.IncludeFinder.visitOne_include(IncludeFinder.java:20)
	at de.uka.ilkd.key.nparser.KeYParser$One_includeContext.accept(KeYParser.java:878)
	at de.uka.ilkd.key.nparser.builder.AbstractBuilder.lambda$mapOf$0(AbstractBuilder.java:112)
	at java.base/java.util.stream.ReferencePipeline$3$1.accept(ReferencePipeline.java:195)
	at java.base/java.util.ArrayList$ArrayListSpliterator.forEachRemaining(ArrayList.java:1655)
	at java.base/java.util.stream.AbstractPipeline.copyInto(AbstractPipeline.java:484)
	at java.base/java.util.stream.AbstractPipeline.wrapAndCopyInto(AbstractPipeline.java:474)
	at java.base/java.util.stream.ReduceOps$ReduceOp.evaluateSequential(ReduceOps.java:913)
	at java.base/java.util.stream.AbstractPipeline.evaluate(AbstractPipeline.java:234)
	at java.base/java.util.stream.ReferencePipeline.collect(ReferencePipeline.java:578)
	at de.uka.ilkd.key.nparser.builder.AbstractBuilder.mapOf(AbstractBuilder.java:112)
	at de.uka.ilkd.key.nparser.builder.IncludeFinder.visitOne_include_statement(IncludeFinder.java:35)
	at de.uka.ilkd.key.nparser.builder.IncludeFinder.visitOne_include_statement(IncludeFinder.java:20)
	at de.uka.ilkd.key.nparser.KeYParser$One_include_statementContext.accept(KeYParser.java:802)
	at org.antlr.v4.runtime.tree.AbstractParseTreeVisitor.visitChildren(AbstractParseTreeVisitor.java:46)
	at de.uka.ilkd.key.nparser.KeYParserBaseVisitor.visitDecls(KeYParserBaseVisitor.java:30)
	at de.uka.ilkd.key.nparser.KeYParser$DeclsContext.accept(KeYParser.java:500)
	at org.antlr.v4.runtime.tree.AbstractParseTreeVisitor.visitChildren(AbstractParseTreeVisitor.java:46)
	at de.uka.ilkd.key.nparser.KeYParserBaseVisitor.visitFile(KeYParserBaseVisitor.java:23)
	at de.uka.ilkd.key.nparser.KeYParser$FileContext.accept(KeYParser.java:306)
	at de.uka.ilkd.key.nparser.KeyAst.accept(KeyAst.java:41)
	at de.uka.ilkd.key.nparser.KeyAst$File.getIncludes(KeyAst.java:76)
	at de.uka.ilkd.key.proof.io.KeYFile.readIncludes(KeYFile.java:208)
	... 14 more
Could not find rule file rules/intRulesCheckedSemantics.key (file: /home/runner/work/key/key/key.core/../key.ui/examples/index/.././standard_key/instanceCreation/successiveCreatedObjectsAreDistinct.key; caused by: de.uka.ilkd.key.proof.init.ProofInputException: Could not find rule file rules/intRulesCheckedSemantics.key)
	at de.uka.ilkd.key.control.AbstractUserInterfaceControl.load(AbstractUserInterfaceControl.java:221)
	at de.uka.ilkd.key.control.KeYEnvironment.load(KeYEnvironment.java:251)
	at de.uka.ilkd.key.control.KeYEnvironment.load(KeYEnvironment.java:224)
	at de.uka.ilkd.key.control.KeYEnvironment.load(KeYEnvironment.java:184)
	at de.uka.ilkd.key.control.KeYEnvironment.load(KeYEnvironment.java:261)
	at de.uka.ilkd.key.proof.runallproofs.proofcollection.TestFile.load(TestFile.java:270)
	at de.uka.ilkd.key.proof.runallproofs.proofcollection.TestFile.runKey(TestFile.java:160)
	at de.uka.ilkd.key.proof.runallproofs.proofcollection.ForkedTestFileRunner.main(ForkedTestFileRunner.java:171)
Caused by: de.uka.ilkd.key.proof.init.ProofInputException: Could not find rule file rules/intRulesCheckedSemantics.key
	at de.uka.ilkd.key.proof.io.KeYFile.readIncludes(KeYFile.java:210)
	at de.uka.ilkd.key.proof.init.ProblemInitializer.readIncludes(ProblemInitializer.java:177)
	at de.uka.ilkd.key.proof.init.ProblemInitializer.readEnvInput(ProblemInitializer.java:325)
	at de.uka.ilkd.key.proof.init.ProblemInitializer.prepare(ProblemInitializer.java:449)
	at de.uka.ilkd.key.proof.io.AbstractProblemLoader.createInitConfig(AbstractProblemLoader.java:518)
	at de.uka.ilkd.key.proof.io.AbstractProblemLoader.loadEnvironment(AbstractProblemLoader.java:288)
	at de.uka.ilkd.key.proof.io.AbstractProblemLoader.load(AbstractProblemLoader.java:252)
	at de.uka.ilkd.key.control.AbstractUserInterfaceControl.load(AbstractUserInterfaceControl.java:209)
	... 7 more
Caused by: java.lang.RuntimeException: Could not find rule file rules/intRulesCheckedSemantics.key
	at de.uka.ilkd.key.proof.io.RuleSourceFactory.fromBuiltInRule(RuleSourceFactory.java:32)
	at de.uka.ilkd.key.proof.io.RuleSourceFactory.fromDefaultLocation(RuleSourceFactory.java:21)
	at de.uka.ilkd.key.nparser.builder.IncludeFinder.addInclude(IncludeFinder.java:63)
	at de.uka.ilkd.key.nparser.builder.IncludeFinder.visitOne_include(IncludeFinder.java:43)
	at de.uka.ilkd.key.nparser.builder.IncludeFinder.visitOne_include(IncludeFinder.java:20)
	at de.uka.ilkd.key.nparser.KeYParser$One_includeContext.accept(KeYParser.java:878)
	at de.uka.ilkd.key.nparser.builder.AbstractBuilder.lambda$mapOf$0(AbstractBuilder.java:112)
	at java.base/java.util.stream.ReferencePipeline$3$1.accept(ReferencePipeline.java:195)
	at java.base/java.util.ArrayList$ArrayListSpliterator.forEachRemaining(ArrayList.java:1655)
	at java.base/java.util.stream.AbstractPipeline.copyInto(AbstractPipeline.java:484)
	at java.base/java.util.stream.AbstractPipeline.wrapAndCopyInto(AbstractPipeline.java:474)
	at java.base/java.util.stream.ReduceOps$ReduceOp.evaluateSequential(ReduceOps.java:913)
	at java.base/java.util.stream.AbstractPipeline.evaluate(AbstractPipeline.java:234)
	at java.base/java.util.stream.ReferencePipeline.collect(ReferencePipeline.java:578)
	at de.uka.ilkd.key.nparser.builder.AbstractBuilder.mapOf(AbstractBuilder.java:112)
	at de.uka.ilkd.key.nparser.builder.IncludeFinder.visitOne_include_statement(IncludeFinder.java:35)
	at de.uka.ilkd.key.nparser.builder.IncludeFinder.visitOne_include_statement(IncludeFinder.java:20)
	at de.uka.ilkd.key.nparser.KeYParser$One_include_statementContext.accept(KeYParser.java:802)
	at org.antlr.v4.runtime.tree.AbstractParseTreeVisitor.visitChildren(AbstractParseTreeVisitor.java:46)
	at de.uka.ilkd.key.nparser.KeYParserBaseVisitor.visitDecls(KeYParserBaseVisitor.java:30)
	at de.uka.ilkd.key.nparser.KeYParser$DeclsContext.accept(KeYParser.java:500)
	at org.antlr.v4.runtime.tree.AbstractParseTreeVisitor.visitChildren(AbstractParseTreeVisitor.java:46)
	at de.uka.ilkd.key.nparser.KeYParserBaseVisitor.visitFile(KeYParserBaseVisitor.java:23)
	at de.uka.ilkd.key.nparser.KeYParser$FileContext.accept(KeYParser.java:306)
	at de.uka.ilkd.key.nparser.KeyAst.accept(KeyAst.java:41)
	at de.uka.ilkd.key.nparser.KeyAst$File.getIncludes(KeyAst.java:76)
	at de.uka.ilkd.key.proof.io.KeYFile.readIncludes(KeYFile.java:208)
	... 14 more
Could not find rule file rules/intRulesCheckedSemantics.key (file: /home/runner/work/key/key/key.core/../key.ui/examples/index/.././standard_key/instanceCreation/testOverloadingConstructors.key; caused by: de.uka.ilkd.key.proof.init.ProofInputException: Could not find rule file rules/intRulesCheckedSemantics.key)
	at de.uka.ilkd.key.control.AbstractUserInterfaceControl.load(AbstractUserInterfaceControl.java:221)
	at de.uka.ilkd.key.control.KeYEnvironment.load(KeYEnvironment.java:251)
	at de.uka.ilkd.key.control.KeYEnvironment.load(KeYEnvironment.java:224)
	at de.uka.ilkd.key.control.KeYEnvironment.load(KeYEnvironment.java:184)
	at de.uka.ilkd.key.control.KeYEnvironment.load(KeYEnvironment.java:261)
	at de.uka.ilkd.key.proof.runallproofs.proofcollection.TestFile.load(TestFile.java:270)
	at de.uka.ilkd.key.proof.runallproofs.proofcollection.TestFile.runKey(TestFile.java:160)
	at de.uka.ilkd.key.proof.runallproofs.proofcollection.ForkedTestFileRunner.main(ForkedTestFileRunner.java:171)
Caused by: de.uka.ilkd.key.proof.init.ProofInputException: Could not find rule file rules/intRulesCheckedSemantics.key
	at de.uka.ilkd.key.proof.io.KeYFile.readIncludes(KeYFile.java:210)
	at de.uka.ilkd.key.proof.init.ProblemInitializer.readIncludes(ProblemInitializer.java:177)
	at de.uka.ilkd.key.proof.init.ProblemInitializer.readEnvInput(ProblemInitializer.java:325)
	at de.uka.ilkd.key.proof.init.ProblemInitializer.prepare(ProblemInitializer.java:449)
	at de.uka.ilkd.key.proof.io.AbstractProblemLoader.createInitConfig(AbstractProblemLoader.java:518)
	at de.uka.ilkd.key.proof.io.AbstractProblemLoader.loadEnvironment(AbstractProblemLoader.java:288)
	at de.uka.ilkd.key.proof.io.AbstractProblemLoader.load(AbstractProblemLoader.java:252)
	at de.uka.ilkd.key.control.AbstractUserInterfaceControl.load(AbstractUserInterfaceControl.java:209)
	... 7 more
Caused by: java.lang.RuntimeException: Could not find rule file rules/intRulesCheckedSemantics.key
	at de.uka.ilkd.key.proof.io.RuleSourceFactory.fromBuiltInRule(RuleSourceFactory.java:32)
	at de.uka.ilkd.key.proof.io.RuleSourceFactory.fromDefaultLocation(RuleSourceFactory.java:21)
	at de.uka.ilkd.key.nparser.builder.IncludeFinder.addInclude(IncludeFinder.java:63)
	at de.uka.ilkd.key.nparser.builder.IncludeFinder.visitOne_include(IncludeFinder.java:43)
	at de.uka.ilkd.key.nparser.builder.IncludeFinder.visitOne_include(IncludeFinder.java:20)
	at de.uka.ilkd.key.nparser.KeYParser$One_includeContext.accept(KeYParser.java:878)
	at de.uka.ilkd.key.nparser.builder.AbstractBuilder.lambda$mapOf$0(AbstractBuilder.java:112)
	at java.base/java.util.stream.ReferencePipeline$3$1.accept(ReferencePipeline.java:195)
	at java.base/java.util.ArrayList$ArrayListSpliterator.forEachRemaining(ArrayList.java:1655)
	at java.base/java.util.stream.AbstractPipeline.copyInto(AbstractPipeline.java:484)
	at java.base/java.util.stream.AbstractPipeline.wrapAndCopyInto(AbstractPipeline.java:474)
	at java.base/java.util.stream.ReduceOps$ReduceOp.evaluateSequential(ReduceOps.java:913)
	at java.base/java.util.stream.AbstractPipeline.evaluate(AbstractPipeline.java:234)
	at java.base/java.util.stream.ReferencePipeline.collect(ReferencePipeline.java:578)
	at de.uka.ilkd.key.nparser.builder.AbstractBuilder.mapOf(AbstractBuilder.java:112)
	at de.uka.ilkd.key.nparser.builder.IncludeFinder.visitOne_include_statement(IncludeFinder.java:35)
	at de.uka.ilkd.key.nparser.builder.IncludeFinder.visitOne_include_statement(IncludeFinder.java:20)
	at de.uka.ilkd.key.nparser.KeYParser$One_include_statementContext.accept(KeYParser.java:802)
	at org.antlr.v4.runtime.tree.AbstractParseTreeVisitor.visitChildren(AbstractParseTreeVisitor.java:46)
	at de.uka.ilkd.key.nparser.KeYParserBaseVisitor.visitDecls(KeYParserBaseVisitor.java:30)
	at de.uka.ilkd.key.nparser.KeYParser$DeclsContext.accept(KeYParser.java:500)
	at org.antlr.v4.runtime.tree.AbstractParseTreeVisitor.visitChildren(AbstractParseTreeVisitor.java:46)
	at de.uka.ilkd.key.nparser.KeYParserBaseVisitor.visitFile(KeYParserBaseVisitor.java:23)
	at de.uka.ilkd.key.nparser.KeYParser$FileContext.accept(KeYParser.java:306)
	at de.uka.ilkd.key.nparser.KeyAst.accept(KeyAst.java:41)
	at de.uka.ilkd.key.nparser.KeyAst$File.getIncludes(KeyAst.java:76)
	at de.uka.ilkd.key.proof.io.KeYFile.readIncludes(KeYFile.java:208)
	... 14 more
Could not find rule file rules/intRulesCheckedSemantics.key (file: /home/runner/work/key/key/key.core/../key.ui/examples/index/.././standard_key/java_dl/SimpleAttributes.key; caused by: de.uka.ilkd.key.proof.init.ProofInputException: Could not find rule file rules/intRulesCheckedSemantics.key)
	at de.uka.ilkd.key.control.AbstractUserInterfaceControl.load(AbstractUserInterfaceControl.java:221)
	at de.uka.ilkd.key.control.KeYEnvironment.load(KeYEnvironment.java:251)
	at de.uka.ilkd.key.control.KeYEnvironment.load(KeYEnvironment.java:224)
	at de.uka.ilkd.key.control.KeYEnvironment.load(KeYEnvironment.java:184)
	at de.uka.ilkd.key.control.KeYEnvironment.load(KeYEnvironment.java:261)
	at de.uka.ilkd.key.proof.runallproofs.proofcollection.TestFile.load(TestFile.java:270)
	at de.uka.ilkd.key.proof.runallproofs.proofcollection.TestFile.runKey(TestFile.java:160)
	at de.uka.ilkd.key.proof.runallproofs.proofcollection.ForkedTestFileRunner.main(ForkedTestFileRunner.java:171)
Caused by: de.uka.ilkd.key.proof.init.ProofInputException: Could not find rule file rules/intRulesCheckedSemantics.key
	at de.uka.ilkd.key.proof.io.KeYFile.readIncludes(KeYFile.java:210)
	at de.uka.ilkd.key.proof.init.ProblemInitializer.readIncludes(ProblemInitializer.java:177)
	at de.uka.ilkd.key.proof.init.ProblemInitializer.readEnvInput(ProblemInitializer.java:325)
	at de.uka.ilkd.key.proof.init.ProblemInitializer.prepare(ProblemInitializer.java:449)
	at de.uka.ilkd.key.proof.io.AbstractProblemLoader.createInitConfig(AbstractProblemLoader.java:518)
	at de.uka.ilkd.key.proof.io.AbstractProblemLoader.loadEnvironment(AbstractProblemLoader.java:288)
	at de.uka.ilkd.key.proof.io.AbstractProblemLoader.load(AbstractProblemLoader.java:252)
	at de.uka.ilkd.key.control.AbstractUserInterfaceControl.load(AbstractUserInterfaceControl.java:209)
	... 7 more
Caused by: java.lang.RuntimeException: Could not find rule file rules/intRulesCheckedSemantics.key
	at de.uka.ilkd.key.proof.io.RuleSourceFactory.fromBuiltInRule(RuleSourceFactory.java:32)
	at de.uka.ilkd.key.proof.io.RuleSourceFactory.fromDefaultLocation(RuleSourceFactory.java:21)
	at de.uka.ilkd.key.nparser.builder.IncludeFinder.addInclude(IncludeFinder.java:63)
	at de.uka.ilkd.key.nparser.builder.IncludeFinder.visitOne_include(IncludeFinder.java:43)
	at de.uka.ilkd.key.nparser.builder.IncludeFinder.visitOne_include(IncludeFinder.java:20)
	at de.uka.ilkd.key.nparser.KeYParser$One_includeContext.accept(KeYParser.java:878)
	at de.uka.ilkd.key.nparser.builder.AbstractBuilder.lambda$mapOf$0(AbstractBuilder.java:112)
	at java.base/java.util.stream.ReferencePipeline$3$1.accept(ReferencePipeline.java:195)
	at java.base/java.util.ArrayList$ArrayListSpliterator.forEachRemaining(ArrayList.java:1655)
	at java.base/java.util.stream.AbstractPipeline.copyInto(AbstractPipeline.java:484)
	at java.base/java.util.stream.AbstractPipeline.wrapAndCopyInto(AbstractPipeline.java:474)
	at java.base/java.util.stream.ReduceOps$ReduceOp.evaluateSequential(ReduceOps.java:913)
	at java.base/java.util.stream.AbstractPipeline.evaluate(AbstractPipeline.java:234)
	at java.base/java.util.stream.ReferencePipeline.collect(ReferencePipeline.java:578)
	at de.uka.ilkd.key.nparser.builder.AbstractBuilder.mapOf(AbstractBuilder.java:112)
	at de.uka.ilkd.key.nparser.builder.IncludeFinder.visitOne_include_statement(IncludeFinder.java:35)
	at de.uka.ilkd.key.nparser.builder.IncludeFinder.visitOne_include_statement(IncludeFinder.java:20)
	at de.uka.ilkd.key.nparser.KeYParser$One_include_statementContext.accept(KeYParser.java:802)
	at org.antlr.v4.runtime.tree.AbstractParseTreeVisitor.visitChildren(AbstractParseTreeVisitor.java:46)
	at de.uka.ilkd.key.nparser.KeYParserBaseVisitor.visitDecls(KeYParserBaseVisitor.java:30)
	at de.uka.ilkd.key.nparser.KeYParser$DeclsContext.accept(KeYParser.java:500)
	at org.antlr.v4.runtime.tree.AbstractParseTreeVisitor.visitChildren(AbstractParseTreeVisitor.java:46)
	at de.uka.ilkd.key.nparser.KeYParserBaseVisitor.visitFile(KeYParserBaseVisitor.java:23)
	at de.uka.ilkd.key.nparser.KeYParser$FileContext.accept(KeYParser.java:306)
	at de.uka.ilkd.key.nparser.KeyAst.accept(KeyAst.java:41)
	at de.uka.ilkd.key.nparser.KeyAst$File.getIncludes(KeyAst.java:76)
	at de.uka.ilkd.key.proof.io.KeYFile.readIncludes(KeYFile.java:208)
	... 14 more
Could not find rule file rules/intRulesCheckedSemantics.key (file: /home/runner/work/key/key/key.core/../key.ui/examples/index/.././standard_key/java_dl/arrayMax.key; caused by: de.uka.ilkd.key.proof.init.ProofInputException: Could not find rule file rules/intRulesCheckedSemantics.key)
	at de.uka.ilkd.key.control.AbstractUserInterfaceControl.load(AbstractUserInterfaceControl.java:221)
	at de.uka.ilkd.key.control.KeYEnvironment.load(KeYEnvironment.java:251)
	at de.uka.ilkd.key.control.KeYEnvironment.load(KeYEnvironment.java:224)
	at de.uka.ilkd.key.control.KeYEnvironment.load(KeYEnvironment.java:184)
	at de.uka.ilkd.key.control.KeYEnvironment.load(KeYEnvironment.java:261)
	at de.uka.ilkd.key.proof.runallproofs.proofcollection.TestFile.load(TestFile.java:270)
	at de.uka.ilkd.key.proof.runallproofs.proofcollection.TestFile.runKey(TestFile.java:160)
	at de.uka.ilkd.key.proof.runallproofs.proofcollection.ForkedTestFileRunner.main(ForkedTestFileRunner.java:171)
Caused by: de.uka.ilkd.key.proof.init.ProofInputException: Could not find rule file rules/intRulesCheckedSemantics.key
	at de.uka.ilkd.key.proof.io.KeYFile.readIncludes(KeYFile.java:210)
	at de.uka.ilkd.key.proof.init.ProblemInitializer.readIncludes(ProblemInitializer.java:177)
	at de.uka.ilkd.key.proof.init.ProblemInitializer.readEnvInput(ProblemInitializer.java:325)
	at de.uka.ilkd.key.proof.init.ProblemInitializer.prepare(ProblemInitializer.java:449)
	at de.uka.ilkd.key.proof.io.AbstractProblemLoader.createInitConfig(AbstractProblemLoader.java:518)
	at de.uka.ilkd.key.proof.io.AbstractProblemLoader.loadEnvironment(AbstractProblemLoader.java:288)
	at de.uka.ilkd.key.proof.io.AbstractProblemLoader.load(AbstractProblemLoader.java:252)
	at de.uka.ilkd.key.control.AbstractUserInterfaceControl.load(AbstractUserInterfaceControl.java:209)
	... 7 more
Caused by: java.lang.RuntimeException: Could not find rule file rules/intRulesCheckedSemantics.key
	at de.uka.ilkd.key.proof.io.RuleSourceFactory.fromBuiltInRule(RuleSourceFactory.java:32)
	at de.uka.ilkd.key.proof.io.RuleSourceFactory.fromDefaultLocation(RuleSourceFactory.java:21)
	at de.uka.ilkd.key.nparser.builder.IncludeFinder.addInclude(IncludeFinder.java:63)
	at de.uka.ilkd.key.nparser.builder.IncludeFinder.visitOne_include(IncludeFinder.java:43)
	at de.uka.ilkd.key.nparser.builder.IncludeFinder.visitOne_include(IncludeFinder.java:20)
	at de.uka.ilkd.key.nparser.KeYParser$One_includeContext.accept(KeYParser.java:878)
	at de.uka.ilkd.key.nparser.builder.AbstractBuilder.lambda$mapOf$0(AbstractBuilder.java:112)
	at java.base/java.util.stream.ReferencePipeline$3$1.accept(ReferencePipeline.java:195)
	at java.base/java.util.ArrayList$ArrayListSpliterator.forEachRemaining(ArrayList.java:1655)
	at java.base/java.util.stream.AbstractPipeline.copyInto(AbstractPipeline.java:484)
	at java.base/java.util.stream.AbstractPipeline.wrapAndCopyInto(AbstractPipeline.java:474)
	at java.base/java.util.stream.ReduceOps$ReduceOp.evaluateSequential(ReduceOps.java:913)
	at java.base/java.util.stream.AbstractPipeline.evaluate(AbstractPipeline.java:234)
	at java.base/java.util.stream.ReferencePipeline.collect(ReferencePipeline.java:578)
	at de.uka.ilkd.key.nparser.builder.AbstractBuilder.mapOf(AbstractBuilder.java:112)
	at de.uka.ilkd.key.nparser.builder.IncludeFinder.visitOne_include_statement(IncludeFinder.java:35)
	at de.uka.ilkd.key.nparser.builder.IncludeFinder.visitOne_include_statement(IncludeFinder.java:20)
	at de.uka.ilkd.key.nparser.KeYParser$One_include_statementContext.accept(KeYParser.java:802)
	at org.antlr.v4.runtime.tree.AbstractParseTreeVisitor.visitChildren(AbstractParseTreeVisitor.java:46)
	at de.uka.ilkd.key.nparser.KeYParserBaseVisitor.visitDecls(KeYParserBaseVisitor.java:30)
	at de.uka.ilkd.key.nparser.KeYParser$DeclsContext.accept(KeYParser.java:500)
	at org.antlr.v4.runtime.tree.AbstractParseTreeVisitor.visitChildren(AbstractParseTreeVisitor.java:46)
	at de.uka.ilkd.key.nparser.KeYParserBaseVisitor.visitFile(KeYParserBaseVisitor.java:23)
	at de.uka.ilkd.key.nparser.KeYParser$FileContext.accept(KeYParser.java:306)
	at de.uka.ilkd.key.nparser.KeyAst.accept(KeyAst.java:41)
	at de.uka.ilkd.key.nparser.KeyAst$File.getIncludes(KeyAst.java:76)
	at de.uka.ilkd.key.proof.io.KeYFile.readIncludes(KeYFile.java:208)
	... 14 more
Could not find rule file rules/intRulesCheckedSemantics.key (file: /home/runner/work/key/key/key.core/../key.ui/examples/index/.././standard_key/java_dl/arrayUpdateSimp.key; caused by: de.uka.ilkd.key.proof.init.ProofInputException: Could not find rule file rules/intRulesCheckedSemantics.key)
	at de.uka.ilkd.key.control.AbstractUserInterfaceControl.load(AbstractUserInterfaceControl.java:221)
	at de.uka.ilkd.key.control.KeYEnvironment.load(KeYEnvironment.java:251)
	at de.uka.ilkd.key.control.KeYEnvironment.load(KeYEnvironment.java:224)
	at de.uka.ilkd.key.control.KeYEnvironment.load(KeYEnvironment.java:184)
	at de.uka.ilkd.key.control.KeYEnvironment.load(KeYEnvironment.java:261)
	at de.uka.ilkd.key.proof.runallproofs.proofcollection.TestFile.load(TestFile.java:270)
	at de.uka.ilkd.key.proof.runallproofs.proofcollection.TestFile.runKey(TestFile.java:160)
	at de.uka.ilkd.key.proof.runallproofs.proofcollection.ForkedTestFileRunner.main(ForkedTestFileRunner.java:171)
Caused by: de.uka.ilkd.key.proof.init.ProofInputException: Could not find rule file rules/intRulesCheckedSemantics.key
	at de.uka.ilkd.key.proof.io.KeYFile.readIncludes(KeYFile.java:210)
	at de.uka.ilkd.key.proof.init.ProblemInitializer.readIncludes(ProblemInitializer.java:177)
	at de.uka.ilkd.key.proof.init.ProblemInitializer.readEnvInput(ProblemInitializer.java:325)
	at de.uka.ilkd.key.proof.init.ProblemInitializer.prepare(ProblemInitializer.java:449)
	at de.uka.ilkd.key.proof.io.AbstractProblemLoader.createInitConfig(AbstractProblemLoader.java:518)
	at de.uka.ilkd.key.proof.io.AbstractProblemLoader.loadEnvironment(AbstractProblemLoader.java:288)
	at de.uka.ilkd.key.proof.io.AbstractProblemLoader.load(AbstractProblemLoader.java:252)
	at de.uka.ilkd.key.control.AbstractUserInterfaceControl.load(AbstractUserInterfaceControl.java:209)
	... 7 more
Caused by: java.lang.RuntimeException: Could not find rule file rules/intRulesCheckedSemantics.key
	at de.uka.ilkd.key.proof.io.RuleSourceFactory.fromBuiltInRule(RuleSourceFactory.java:32)
	at de.uka.ilkd.key.proof.io.RuleSourceFactory.fromDefaultLocation(RuleSourceFactory.java:21)
	at de.uka.ilkd.key.nparser.builder.IncludeFinder.addInclude(IncludeFinder.java:63)
	at de.uka.ilkd.key.nparser.builder.IncludeFinder.visitOne_include(IncludeFinder.java:43)
	at de.uka.ilkd.key.nparser.builder.IncludeFinder.visitOne_include(IncludeFinder.java:20)
	at de.uka.ilkd.key.nparser.KeYParser$One_includeContext.accept(KeYParser.java:878)
	at de.uka.ilkd.key.nparser.builder.AbstractBuilder.lambda$mapOf$0(AbstractBuilder.java:112)
	at java.base/java.util.stream.ReferencePipeline$3$1.accept(ReferencePipeline.java:195)
	at java.base/java.util.ArrayList$ArrayListSpliterator.forEachRemaining(ArrayList.java:1655)
	at java.base/java.util.stream.AbstractPipeline.copyInto(AbstractPipeline.java:484)
	at java.base/java.util.stream.AbstractPipeline.wrapAndCopyInto(AbstractPipeline.java:474)
	at java.base/java.util.stream.ReduceOps$ReduceOp.evaluateSequential(ReduceOps.java:913)
	at java.base/java.util.stream.AbstractPipeline.evaluate(AbstractPipeline.java:234)
	at java.base/java.util.stream.ReferencePipeline.collect(ReferencePipeline.java:578)
	at de.uka.ilkd.key.nparser.builder.AbstractBuilder.mapOf(AbstractBuilder.java:112)
	at de.uka.ilkd.key.nparser.builder.IncludeFinder.visitOne_include_statement(IncludeFinder.java:35)
	at de.uka.ilkd.key.nparser.builder.IncludeFinder.visitOne_include_statement(IncludeFinder.java:20)
	at de.uka.ilkd.key.nparser.KeYParser$One_include_statementContext.accept(KeYParser.java:802)
	at org.antlr.v4.runtime.tree.AbstractParseTreeVisitor.visitChildren(AbstractParseTreeVisitor.java:46)
	at de.uka.ilkd.key.nparser.KeYParserBaseVisitor.visitDecls(KeYParserBaseVisitor.java:30)
	at de.uka.ilkd.key.nparser.KeYParser$DeclsContext.accept(KeYParser.java:500)
	at org.antlr.v4.runtime.tree.AbstractParseTreeVisitor.visitChildren(AbstractParseTreeVisitor.java:46)
	at de.uka.ilkd.key.nparser.KeYParserBaseVisitor.visitFile(KeYParserBaseVisitor.java:23)
	at de.uka.ilkd.key.nparser.KeYParser$FileContext.accept(KeYParser.java:306)
	at de.uka.ilkd.key.nparser.KeyAst.accept(KeyAst.java:41)
	at de.uka.ilkd.key.nparser.KeyAst$File.getIncludes(KeyAst.java:76)
	at de.uka.ilkd.key.proof.io.KeYFile.readIncludes(KeYFile.java:208)
	... 14 more
Could not find rule file rules/intRulesCheckedSemantics.key (file: /home/runner/work/key/key/key.core/../key.ui/examples/index/.././standard_key/java_dl/attributes.key; caused by: de.uka.ilkd.key.proof.init.ProofInputException: Could not find rule file rules/intRulesCheckedSemantics.key)
	at de.uka.ilkd.key.control.AbstractUserInterfaceControl.load(AbstractUserInterfaceControl.java:221)
	at de.uka.ilkd.key.control.KeYEnvironment.load(KeYEnvironment.java:251)
	at de.uka.ilkd.key.control.KeYEnvironment.load(KeYEnvironment.java:224)
	at de.uka.ilkd.key.control.KeYEnvironment.load(KeYEnvironment.java:184)
	at de.uka.ilkd.key.control.KeYEnvironment.load(KeYEnvironment.java:261)
	at de.uka.ilkd.key.proof.runallproofs.proofcollection.TestFile.load(TestFile.java:270)
	at de.uka.ilkd.key.proof.runallproofs.proofcollection.TestFile.runKey(TestFile.java:160)
	at de.uka.ilkd.key.proof.runallproofs.proofcollection.ForkedTestFileRunner.main(ForkedTestFileRunner.java:171)
Caused by: de.uka.ilkd.key.proof.init.ProofInputException: Could not find rule file rules/intRulesCheckedSemantics.key
	at de.uka.ilkd.key.proof.io.KeYFile.readIncludes(KeYFile.java:210)
	at de.uka.ilkd.key.proof.init.ProblemInitializer.readIncludes(ProblemInitializer.java:177)
	at de.uka.ilkd.key.proof.init.ProblemInitializer.readEnvInput(ProblemInitializer.java:325)
	at de.uka.ilkd.key.proof.init.ProblemInitializer.prepare(ProblemInitializer.java:449)
	at de.uka.ilkd.key.proof.io.AbstractProblemLoader.createInitConfig(AbstractProblemLoader.java:518)
	at de.uka.ilkd.key.proof.io.AbstractProblemLoader.loadEnvironment(AbstractProblemLoader.java:288)
	at de.uka.ilkd.key.proof.io.AbstractProblemLoader.load(AbstractProblemLoader.java:252)
	at de.uka.ilkd.key.control.AbstractUserInterfaceControl.load(AbstractUserInterfaceControl.java:209)
	... 7 more
Caused by: java.lang.RuntimeException: Could not find rule file rules/intRulesCheckedSemantics.key
	at de.uka.ilkd.key.proof.io.RuleSourceFactory.fromBuiltInRule(RuleSourceFactory.java:32)
	at de.uka.ilkd.key.proof.io.RuleSourceFactory.fromDefaultLocation(RuleSourceFactory.java:21)
	at de.uka.ilkd.key.nparser.builder.IncludeFinder.addInclude(IncludeFinder.java:63)
	at de.uka.ilkd.key.nparser.builder.IncludeFinder.visitOne_include(IncludeFinder.java:43)
	at de.uka.ilkd.key.nparser.builder.IncludeFinder.visitOne_include(IncludeFinder.java:20)
	at de.uka.ilkd.key.nparser.KeYParser$One_includeContext.accept(KeYParser.java:878)
	at de.uka.ilkd.key.nparser.builder.AbstractBuilder.lambda$mapOf$0(AbstractBuilder.java:112)
	at java.base/java.util.stream.ReferencePipeline$3$1.accept(ReferencePipeline.java:195)
	at java.base/java.util.ArrayList$ArrayListSpliterator.forEachRemaining(ArrayList.java:1655)
	at java.base/java.util.stream.AbstractPipeline.copyInto(AbstractPipeline.java:484)
	at java.base/java.util.stream.AbstractPipeline.wrapAndCopyInto(AbstractPipeline.java:474)
	at java.base/java.util.stream.ReduceOps$ReduceOp.evaluateSequential(ReduceOps.java:913)
	at java.base/java.util.stream.AbstractPipeline.evaluate(AbstractPipeline.java:234)
	at java.base/java.util.stream.ReferencePipeline.collect(ReferencePipeline.java:578)
	at de.uka.ilkd.key.nparser.builder.AbstractBuilder.mapOf(AbstractBuilder.java:112)
	at de.uka.ilkd.key.nparser.builder.IncludeFinder.visitOne_include_statement(IncludeFinder.java:35)
	at de.uka.ilkd.key.nparser.builder.IncludeFinder.visitOne_include_statement(IncludeFinder.java:20)
	at de.uka.ilkd.key.nparser.KeYParser$One_include_statementContext.accept(KeYParser.java:802)
	at org.antlr.v4.runtime.tree.AbstractParseTreeVisitor.visitChildren(AbstractParseTreeVisitor.java:46)
	at de.uka.ilkd.key.nparser.KeYParserBaseVisitor.visitDecls(KeYParserBaseVisitor.java:30)
	at de.uka.ilkd.key.nparser.KeYParser$DeclsContext.accept(KeYParser.java:500)
	at org.antlr.v4.runtime.tree.AbstractParseTreeVisitor.visitChildren(AbstractParseTreeVisitor.java:46)
	at de.uka.ilkd.key.nparser.KeYParserBaseVisitor.visitFile(KeYParserBaseVisitor.java:23)
	at de.uka.ilkd.key.nparser.KeYParser$FileContext.accept(KeYParser.java:306)
	at de.uka.ilkd.key.nparser.KeyAst.accept(KeyAst.java:41)
	at de.uka.ilkd.key.nparser.KeyAst$File.getIncludes(KeyAst.java:76)
	at de.uka.ilkd.key.proof.io.KeYFile.readIncludes(KeYFile.java:208)
	... 14 more
Could not find rule file rules/intRulesCheckedSemantics.key (file: /home/runner/work/key/key/key.core/../key.ui/examples/index/.././standard_key/java_dl/break.key; caused by: de.uka.ilkd.key.proof.init.ProofInputException: Could not find rule file rules/intRulesCheckedSemantics.key)
	at de.uka.ilkd.key.control.AbstractUserInterfaceControl.load(AbstractUserInterfaceControl.java:221)
	at de.uka.ilkd.key.control.KeYEnvironment.load(KeYEnvironment.java:251)
	at de.uka.ilkd.key.control.KeYEnvironment.load(KeYEnvironment.java:224)
	at de.uka.ilkd.key.control.KeYEnvironment.load(KeYEnvironment.java:184)
	at de.uka.ilkd.key.control.KeYEnvironment.load(KeYEnvironment.java:261)
	at de.uka.ilkd.key.proof.runallproofs.proofcollection.TestFile.load(TestFile.java:270)
	at de.uka.ilkd.key.proof.runallproofs.proofcollection.TestFile.runKey(TestFile.java:160)
	at de.uka.ilkd.key.proof.runallproofs.proofcollection.ForkedTestFileRunner.main(ForkedTestFileRunner.java:171)
Caused by: de.uka.ilkd.key.proof.init.ProofInputException: Could not find rule file rules/intRulesCheckedSemantics.key
	at de.uka.ilkd.key.proof.io.KeYFile.readIncludes(KeYFile.java:210)
	at de.uka.ilkd.key.proof.init.ProblemInitializer.readIncludes(ProblemInitializer.java:177)
	at de.uka.ilkd.key.proof.init.ProblemInitializer.readEnvInput(ProblemInitializer.java:325)
	at de.uka.ilkd.key.proof.init.ProblemInitializer.prepare(ProblemInitializer.java:449)
	at de.uka.ilkd.key.proof.io.AbstractProblemLoader.createInitConfig(AbstractProblemLoader.java:518)
	at de.uka.ilkd.key.proof.io.AbstractProblemLoader.loadEnvironment(AbstractProblemLoader.java:288)
	at de.uka.ilkd.key.proof.io.AbstractProblemLoader.load(AbstractProblemLoader.java:252)
	at de.uka.ilkd.key.control.AbstractUserInterfaceControl.load(AbstractUserInterfaceControl.java:209)
	... 7 more
Caused by: java.lang.RuntimeException: Could not find rule file rules/intRulesCheckedSemantics.key
	at de.uka.ilkd.key.proof.io.RuleSourceFactory.fromBuiltInRule(RuleSourceFactory.java:32)
	at de.uka.ilkd.key.proof.io.RuleSourceFactory.fromDefaultLocation(RuleSourceFactory.java:21)
	at de.uka.ilkd.key.nparser.builder.IncludeFinder.addInclude(IncludeFinder.java:63)
	at de.uka.ilkd.key.nparser.builder.IncludeFinder.visitOne_include(IncludeFinder.java:43)
	at de.uka.ilkd.key.nparser.builder.IncludeFinder.visitOne_include(IncludeFinder.java:20)
	at de.uka.ilkd.key.nparser.KeYParser$One_includeContext.accept(KeYParser.java:878)
	at de.uka.ilkd.key.nparser.builder.AbstractBuilder.lambda$mapOf$0(AbstractBuilder.java:112)
	at java.base/java.util.stream.ReferencePipeline$3$1.accept(ReferencePipeline.java:195)
	at java.base/java.util.ArrayList$ArrayListSpliterator.forEachRemaining(ArrayList.java:1655)
	at java.base/java.util.stream.AbstractPipeline.copyInto(AbstractPipeline.java:484)
	at java.base/java.util.stream.AbstractPipeline.wrapAndCopyInto(AbstractPipeline.java:474)
	at java.base/java.util.stream.ReduceOps$ReduceOp.evaluateSequential(ReduceOps.java:913)
	at java.base/java.util.stream.AbstractPipeline.evaluate(AbstractPipeline.java:234)
	at java.base/java.util.stream.ReferencePipeline.collect(ReferencePipeline.java:578)
	at de.uka.ilkd.key.nparser.builder.AbstractBuilder.mapOf(AbstractBuilder.java:112)
	at de.uka.ilkd.key.nparser.builder.IncludeFinder.visitOne_include_statement(IncludeFinder.java:35)
	at de.uka.ilkd.key.nparser.builder.IncludeFinder.visitOne_include_statement(IncludeFinder.java:20)
	at de.uka.ilkd.key.nparser.KeYParser$One_include_statementContext.accept(KeYParser.java:802)
	at org.antlr.v4.runtime.tree.AbstractParseTreeVisitor.visitChildren(AbstractParseTreeVisitor.java:46)
	at de.uka.ilkd.key.nparser.KeYParserBaseVisitor.visitDecls(KeYParserBaseVisitor.java:30)
	at de.uka.ilkd.key.nparser.KeYParser$DeclsContext.accept(KeYParser.java:500)
	at org.antlr.v4.runtime.tree.AbstractParseTreeVisitor.visitChildren(AbstractParseTreeVisitor.java:46)
	at de.uka.ilkd.key.nparser.KeYParserBaseVisitor.visitFile(KeYParserBaseVisitor.java:23)
	at de.uka.ilkd.key.nparser.KeYParser$FileContext.accept(KeYParser.java:306)
	at de.uka.ilkd.key.nparser.KeyAst.accept(KeyAst.java:41)
	at de.uka.ilkd.key.nparser.KeyAst$File.getIncludes(KeyAst.java:76)
	at de.uka.ilkd.key.proof.io.KeYFile.readIncludes(KeYFile.java:208)
	... 14 more
Could not find rule file rules/intRulesCheckedSemantics.key (file: /home/runner/work/key/key/key.core/../key.ui/examples/index/.././standard_key/java_dl/char.key; caused by: de.uka.ilkd.key.proof.init.ProofInputException: Could not find rule file rules/intRulesCheckedSemantics.key)
	at de.uka.ilkd.key.control.AbstractUserInterfaceControl.load(AbstractUserInterfaceControl.java:221)
	at de.uka.ilkd.key.control.KeYEnvironment.load(KeYEnvironment.java:251)
	at de.uka.ilkd.key.control.KeYEnvironment.load(KeYEnvironment.java:224)
	at de.uka.ilkd.key.control.KeYEnvironment.load(KeYEnvironment.java:184)
	at de.uka.ilkd.key.control.KeYEnvironment.load(KeYEnvironment.java:261)
	at de.uka.ilkd.key.proof.runallproofs.proofcollection.TestFile.load(TestFile.java:270)
	at de.uka.ilkd.key.proof.runallproofs.proofcollection.TestFile.runKey(TestFile.java:160)
	at de.uka.ilkd.key.proof.runallproofs.proofcollection.ForkedTestFileRunner.main(ForkedTestFileRunner.java:171)
Caused by: de.uka.ilkd.key.proof.init.ProofInputException: Could not find rule file rules/intRulesCheckedSemantics.key
	at de.uka.ilkd.key.proof.io.KeYFile.readIncludes(KeYFile.java:210)
	at de.uka.ilkd.key.proof.init.ProblemInitializer.readIncludes(ProblemInitializer.java:177)
	at de.uka.ilkd.key.proof.init.ProblemInitializer.readEnvInput(ProblemInitializer.java:325)
	at de.uka.ilkd.key.proof.init.ProblemInitializer.prepare(ProblemInitializer.java:449)
	at de.uka.ilkd.key.proof.io.AbstractProblemLoader.createInitConfig(AbstractProblemLoader.java:518)
	at de.uka.ilkd.key.proof.io.AbstractProblemLoader.loadEnvironment(AbstractProblemLoader.java:288)
	at de.uka.ilkd.key.proof.io.AbstractProblemLoader.load(AbstractProblemLoader.java:252)
	at de.uka.ilkd.key.control.AbstractUserInterfaceControl.load(AbstractUserInterfaceControl.java:209)
	... 7 more
Caused by: java.lang.RuntimeException: Could not find rule file rules/intRulesCheckedSemantics.key
	at de.uka.ilkd.key.proof.io.RuleSourceFactory.fromBuiltInRule(RuleSourceFactory.java:32)
	at de.uka.ilkd.key.proof.io.RuleSourceFactory.fromDefaultLocation(RuleSourceFactory.java:21)
	at de.uka.ilkd.key.nparser.builder.IncludeFinder.addInclude(IncludeFinder.java:63)
	at de.uka.ilkd.key.nparser.builder.IncludeFinder.visitOne_include(IncludeFinder.java:43)
	at de.uka.ilkd.key.nparser.builder.IncludeFinder.visitOne_include(IncludeFinder.java:20)
	at de.uka.ilkd.key.nparser.KeYParser$One_includeContext.accept(KeYParser.java:878)
	at de.uka.ilkd.key.nparser.builder.AbstractBuilder.lambda$mapOf$0(AbstractBuilder.java:112)
	at java.base/java.util.stream.ReferencePipeline$3$1.accept(ReferencePipeline.java:195)
	at java.base/java.util.ArrayList$ArrayListSpliterator.forEachRemaining(ArrayList.java:1655)
	at java.base/java.util.stream.AbstractPipeline.copyInto(AbstractPipeline.java:484)
	at java.base/java.util.stream.AbstractPipeline.wrapAndCopyInto(AbstractPipeline.java:474)
	at java.base/java.util.stream.ReduceOps$ReduceOp.evaluateSequential(ReduceOps.java:913)
	at java.base/java.util.stream.AbstractPipeline.evaluate(AbstractPipeline.java:234)
	at java.base/java.util.stream.ReferencePipeline.collect(ReferencePipeline.java:578)
	at de.uka.ilkd.key.nparser.builder.AbstractBuilder.mapOf(AbstractBuilder.java:112)
	at de.uka.ilkd.key.nparser.builder.IncludeFinder.visitOne_include_statement(IncludeFinder.java:35)
	at de.uka.ilkd.key.nparser.builder.IncludeFinder.visitOne_include_statement(IncludeFinder.java:20)
	at de.uka.ilkd.key.nparser.KeYParser$One_include_statementContext.accept(KeYParser.java:802)
	at org.antlr.v4.runtime.tree.AbstractParseTreeVisitor.visitChildren(AbstractParseTreeVisitor.java:46)
	at de.uka.ilkd.key.nparser.KeYParserBaseVisitor.visitDecls(KeYParserBaseVisitor.java:30)
	at de.uka.ilkd.key.nparser.KeYParser$DeclsContext.accept(KeYParser.java:500)
	at org.antlr.v4.runtime.tree.AbstractParseTreeVisitor.visitChildren(AbstractParseTreeVisitor.java:46)
	at de.uka.ilkd.key.nparser.KeYParserBaseVisitor.visitFile(KeYParserBaseVisitor.java:23)
	at de.uka.ilkd.key.nparser.KeYParser$FileContext.accept(KeYParser.java:306)
	at de.uka.ilkd.key.nparser.KeyAst.accept(KeyAst.java:41)
	at de.uka.ilkd.key.nparser.KeyAst$File.getIncludes(KeyAst.java:76)
	at de.uka.ilkd.key.proof.io.KeYFile.readIncludes(KeYFile.java:208)
	... 14 more
Could not find rule file rules/intRulesCheckedSemantics.key (file: /home/runner/work/key/key/key.core/../key.ui/examples/index/.././standard_key/java_dl/compileTimeConstants.key; caused by: de.uka.ilkd.key.proof.init.ProofInputException: Could not find rule file rules/intRulesCheckedSemantics.key)
	at de.uka.ilkd.key.control.AbstractUserInterfaceControl.load(AbstractUserInterfaceControl.java:221)
	at de.uka.ilkd.key.control.KeYEnvironment.load(KeYEnvironment.java:251)
	at de.uka.ilkd.key.control.KeYEnvironment.load(KeYEnvironment.java:224)
	at de.uka.ilkd.key.control.KeYEnvironment.load(KeYEnvironment.java:184)
	at de.uka.ilkd.key.control.KeYEnvironment.load(KeYEnvironment.java:261)
	at de.uka.ilkd.key.proof.runallproofs.proofcollection.TestFile.load(TestFile.java:270)
	at de.uka.ilkd.key.proof.runallproofs.proofcollection.TestFile.runKey(TestFile.java:160)
	at de.uka.ilkd.key.proof.runallproofs.proofcollection.ForkedTestFileRunner.main(ForkedTestFileRunner.java:171)
Caused by: de.uka.ilkd.key.proof.init.ProofInputException: Could not find rule file rules/intRulesCheckedSemantics.key
	at de.uka.ilkd.key.proof.io.KeYFile.readIncludes(KeYFile.java:210)
	at de.uka.ilkd.key.proof.init.ProblemInitializer.readIncludes(ProblemInitializer.java:177)
	at de.uka.ilkd.key.proof.init.ProblemInitializer.readEnvInput(ProblemInitializer.java:325)
	at de.uka.ilkd.key.proof.init.ProblemInitializer.prepare(ProblemInitializer.java:449)
	at de.uka.ilkd.key.proof.io.AbstractProblemLoader.createInitConfig(AbstractProblemLoader.java:518)
	at de.uka.ilkd.key.proof.io.AbstractProblemLoader.loadEnvironment(AbstractProblemLoader.java:288)
	at de.uka.ilkd.key.proof.io.AbstractProblemLoader.load(AbstractProblemLoader.java:252)
	at de.uka.ilkd.key.control.AbstractUserInterfaceControl.load(AbstractUserInterfaceControl.java:209)
	... 7 more
Caused by: java.lang.RuntimeException: Could not find rule file rules/intRulesCheckedSemantics.key
	at de.uka.ilkd.key.proof.io.RuleSourceFactory.fromBuiltInRule(RuleSourceFactory.java:32)
	at de.uka.ilkd.key.proof.io.RuleSourceFactory.fromDefaultLocation(RuleSourceFactory.java:21)
	at de.uka.ilkd.key.nparser.builder.IncludeFinder.addInclude(IncludeFinder.java:63)
	at de.uka.ilkd.key.nparser.builder.IncludeFinder.visitOne_include(IncludeFinder.java:43)
	at de.uka.ilkd.key.nparser.builder.IncludeFinder.visitOne_include(IncludeFinder.java:20)
	at de.uka.ilkd.key.nparser.KeYParser$One_includeContext.accept(KeYParser.java:878)
	at de.uka.ilkd.key.nparser.builder.AbstractBuilder.lambda$mapOf$0(AbstractBuilder.java:112)
	at java.base/java.util.stream.ReferencePipeline$3$1.accept(ReferencePipeline.java:195)
	at java.base/java.util.ArrayList$ArrayListSpliterator.forEachRemaining(ArrayList.java:1655)
	at java.base/java.util.stream.AbstractPipeline.copyInto(AbstractPipeline.java:484)
	at java.base/java.util.stream.AbstractPipeline.wrapAndCopyInto(AbstractPipeline.java:474)
	at java.base/java.util.stream.ReduceOps$ReduceOp.evaluateSequential(ReduceOps.java:913)
	at java.base/java.util.stream.AbstractPipeline.evaluate(AbstractPipeline.java:234)
	at java.base/java.util.stream.ReferencePipeline.collect(ReferencePipeline.java:578)
	at de.uka.ilkd.key.nparser.builder.AbstractBuilder.mapOf(AbstractBuilder.java:112)
	at de.uka.ilkd.key.nparser.builder.IncludeFinder.visitOne_include_statement(IncludeFinder.java:35)
	at de.uka.ilkd.key.nparser.builder.IncludeFinder.visitOne_include_statement(IncludeFinder.java:20)
	at de.uka.ilkd.key.nparser.KeYParser$One_include_statementContext.accept(KeYParser.java:802)
	at org.antlr.v4.runtime.tree.AbstractParseTreeVisitor.visitChildren(AbstractParseTreeVisitor.java:46)
	at de.uka.ilkd.key.nparser.KeYParserBaseVisitor.visitDecls(KeYParserBaseVisitor.java:30)
	at de.uka.ilkd.key.nparser.KeYParser$DeclsContext.accept(KeYParser.java:500)
	at org.antlr.v4.runtime.tree.AbstractParseTreeVisitor.visitChildren(AbstractParseTreeVisitor.java:46)
	at de.uka.ilkd.key.nparser.KeYParserBaseVisitor.visitFile(KeYParserBaseVisitor.java:23)
	at de.uka.ilkd.key.nparser.KeYParser$FileContext.accept(KeYParser.java:306)
	at de.uka.ilkd.key.nparser.KeyAst.accept(KeyAst.java:41)
	at de.uka.ilkd.key.nparser.KeyAst$File.getIncludes(KeyAst.java:76)
	at de.uka.ilkd.key.proof.io.KeYFile.readIncludes(KeYFile.java:208)
	... 14 more
Could not find rule file rules/intRulesCheckedSemantics.key (file: /home/runner/work/key/key/key.core/../key.ui/examples/index/.././standard_key/java_dl/constructorException/test.key; caused by: de.uka.ilkd.key.proof.init.ProofInputException: Could not find rule file rules/intRulesCheckedSemantics.key)
	at de.uka.ilkd.key.control.AbstractUserInterfaceControl.load(AbstractUserInterfaceControl.java:221)
	at de.uka.ilkd.key.control.KeYEnvironment.load(KeYEnvironment.java:251)
	at de.uka.ilkd.key.control.KeYEnvironment.load(KeYEnvironment.java:224)
	at de.uka.ilkd.key.control.KeYEnvironment.load(KeYEnvironment.java:184)
	at de.uka.ilkd.key.control.KeYEnvironment.load(KeYEnvironment.java:261)
	at de.uka.ilkd.key.proof.runallproofs.proofcollection.TestFile.load(TestFile.java:270)
	at de.uka.ilkd.key.proof.runallproofs.proofcollection.TestFile.runKey(TestFile.java:160)
	at de.uka.ilkd.key.proof.runallproofs.proofcollection.ForkedTestFileRunner.main(ForkedTestFileRunner.java:171)
Caused by: de.uka.ilkd.key.proof.init.ProofInputException: Could not find rule file rules/intRulesCheckedSemantics.key
	at de.uka.ilkd.key.proof.io.KeYFile.readIncludes(KeYFile.java:210)
	at de.uka.ilkd.key.proof.init.ProblemInitializer.readIncludes(ProblemInitializer.java:177)
	at de.uka.ilkd.key.proof.init.ProblemInitializer.readEnvInput(ProblemInitializer.java:325)
	at de.uka.ilkd.key.proof.init.ProblemInitializer.prepare(ProblemInitializer.java:449)
	at de.uka.ilkd.key.proof.io.AbstractProblemLoader.createInitConfig(AbstractProblemLoader.java:518)
	at de.uka.ilkd.key.proof.io.AbstractProblemLoader.loadEnvironment(AbstractProblemLoader.java:288)
	at de.uka.ilkd.key.proof.io.AbstractProblemLoader.load(AbstractProblemLoader.java:252)
	at de.uka.ilkd.key.control.AbstractUserInterfaceControl.load(AbstractUserInterfaceControl.java:209)
	... 7 more
Caused by: java.lang.RuntimeException: Could not find rule file rules/intRulesCheckedSemantics.key
	at de.uka.ilkd.key.proof.io.RuleSourceFactory.fromBuiltInRule(RuleSourceFactory.java:32)
	at de.uka.ilkd.key.proof.io.RuleSourceFactory.fromDefaultLocation(RuleSourceFactory.java:21)
	at de.uka.ilkd.key.nparser.builder.IncludeFinder.addInclude(IncludeFinder.java:63)
	at de.uka.ilkd.key.nparser.builder.IncludeFinder.visitOne_include(IncludeFinder.java:43)
	at de.uka.ilkd.key.nparser.builder.IncludeFinder.visitOne_include(IncludeFinder.java:20)
	at de.uka.ilkd.key.nparser.KeYParser$One_includeContext.accept(KeYParser.java:878)
	at de.uka.ilkd.key.nparser.builder.AbstractBuilder.lambda$mapOf$0(AbstractBuilder.java:112)
	at java.base/java.util.stream.ReferencePipeline$3$1.accept(ReferencePipeline.java:195)
	at java.base/java.util.ArrayList$ArrayListSpliterator.forEachRemaining(ArrayList.java:1655)
	at java.base/java.util.stream.AbstractPipeline.copyInto(AbstractPipeline.java:484)
	at java.base/java.util.stream.AbstractPipeline.wrapAndCopyInto(AbstractPipeline.java:474)
	at java.base/java.util.stream.ReduceOps$ReduceOp.evaluateSequential(ReduceOps.java:913)
	at java.base/java.util.stream.AbstractPipeline.evaluate(AbstractPipeline.java:234)
	at java.base/java.util.stream.ReferencePipeline.collect(ReferencePipeline.java:578)
	at de.uka.ilkd.key.nparser.builder.AbstractBuilder.mapOf(AbstractBuilder.java:112)
	at de.uka.ilkd.key.nparser.builder.IncludeFinder.visitOne_include_statement(IncludeFinder.java:35)
	at de.uka.ilkd.key.nparser.builder.IncludeFinder.visitOne_include_statement(IncludeFinder.java:20)
	at de.uka.ilkd.key.nparser.KeYParser$One_include_statementContext.accept(KeYParser.java:802)
	at org.antlr.v4.runtime.tree.AbstractParseTreeVisitor.visitChildren(AbstractParseTreeVisitor.java:46)
	at de.uka.ilkd.key.nparser.KeYParserBaseVisitor.visitDecls(KeYParserBaseVisitor.java:30)
	at de.uka.ilkd.key.nparser.KeYParser$DeclsContext.accept(KeYParser.java:500)
	at org.antlr.v4.runtime.tree.AbstractParseTreeVisitor.visitChildren(AbstractParseTreeVisitor.java:46)
	at de.uka.ilkd.key.nparser.KeYParserBaseVisitor.visitFile(KeYParserBaseVisitor.java:23)
	at de.uka.ilkd.key.nparser.KeYParser$FileContext.accept(KeYParser.java:306)
	at de.uka.ilkd.key.nparser.KeyAst.accept(KeyAst.java:41)
	at de.uka.ilkd.key.nparser.KeyAst$File.getIncludes(KeyAst.java:76)
	at de.uka.ilkd.key.proof.io.KeYFile.readIncludes(KeYFile.java:208)
	... 14 more
Could not find rule file rules/intRulesCheckedSemantics.key (file: /home/runner/work/key/key/key.core/../key.ui/examples/index/.././standard_key/java_dl/constructorException/regressionTestBug1333.key; caused by: de.uka.ilkd.key.proof.init.ProofInputException: Could not find rule file rules/intRulesCheckedSemantics.key)
	at de.uka.ilkd.key.control.AbstractUserInterfaceControl.load(AbstractUserInterfaceControl.java:221)
	at de.uka.ilkd.key.control.KeYEnvironment.load(KeYEnvironment.java:251)
	at de.uka.ilkd.key.control.KeYEnvironment.load(KeYEnvironment.java:224)
	at de.uka.ilkd.key.control.KeYEnvironment.load(KeYEnvironment.java:184)
	at de.uka.ilkd.key.control.KeYEnvironment.load(KeYEnvironment.java:261)
	at de.uka.ilkd.key.proof.runallproofs.proofcollection.TestFile.load(TestFile.java:270)
	at de.uka.ilkd.key.proof.runallproofs.proofcollection.TestFile.runKey(TestFile.java:160)
	at de.uka.ilkd.key.proof.runallproofs.proofcollection.ForkedTestFileRunner.main(ForkedTestFileRunner.java:171)
Caused by: de.uka.ilkd.key.proof.init.ProofInputException: Could not find rule file rules/intRulesCheckedSemantics.key
	at de.uka.ilkd.key.proof.io.KeYFile.readIncludes(KeYFile.java:210)
	at de.uka.ilkd.key.proof.init.ProblemInitializer.readIncludes(ProblemInitializer.java:177)
	at de.uka.ilkd.key.proof.init.ProblemInitializer.readEnvInput(ProblemInitializer.java:325)
	at de.uka.ilkd.key.proof.init.ProblemInitializer.prepare(ProblemInitializer.java:449)
	at de.uka.ilkd.key.proof.io.AbstractProblemLoader.createInitConfig(AbstractProblemLoader.java:518)
	at de.uka.ilkd.key.proof.io.AbstractProblemLoader.loadEnvironment(AbstractProblemLoader.java:288)
	at de.uka.ilkd.key.proof.io.AbstractProblemLoader.load(AbstractProblemLoader.java:252)
	at de.uka.ilkd.key.control.AbstractUserInterfaceControl.load(AbstractUserInterfaceControl.java:209)
	... 7 more
Caused by: java.lang.RuntimeException: Could not find rule file rules/intRulesCheckedSemantics.key
	at de.uka.ilkd.key.proof.io.RuleSourceFactory.fromBuiltInRule(RuleSourceFactory.java:32)
	at de.uka.ilkd.key.proof.io.RuleSourceFactory.fromDefaultLocation(RuleSourceFactory.java:21)
	at de.uka.ilkd.key.nparser.builder.IncludeFinder.addInclude(IncludeFinder.java:63)
	at de.uka.ilkd.key.nparser.builder.IncludeFinder.visitOne_include(IncludeFinder.java:43)
	at de.uka.ilkd.key.nparser.builder.IncludeFinder.visitOne_include(IncludeFinder.java:20)
	at de.uka.ilkd.key.nparser.KeYParser$One_includeContext.accept(KeYParser.java:878)
	at de.uka.ilkd.key.nparser.builder.AbstractBuilder.lambda$mapOf$0(AbstractBuilder.java:112)
	at java.base/java.util.stream.ReferencePipeline$3$1.accept(ReferencePipeline.java:195)
	at java.base/java.util.ArrayList$ArrayListSpliterator.forEachRemaining(ArrayList.java:1655)
	at java.base/java.util.stream.AbstractPipeline.copyInto(AbstractPipeline.java:484)
	at java.base/java.util.stream.AbstractPipeline.wrapAndCopyInto(AbstractPipeline.java:474)
	at java.base/java.util.stream.ReduceOps$ReduceOp.evaluateSequential(ReduceOps.java:913)
	at java.base/java.util.stream.AbstractPipeline.evaluate(AbstractPipeline.java:234)
	at java.base/java.util.stream.ReferencePipeline.collect(ReferencePipeline.java:578)
	at de.uka.ilkd.key.nparser.builder.AbstractBuilder.mapOf(AbstractBuilder.java:112)
	at de.uka.ilkd.key.nparser.builder.IncludeFinder.visitOne_include_statement(IncludeFinder.java:35)
	at de.uka.ilkd.key.nparser.builder.IncludeFinder.visitOne_include_statement(IncludeFinder.java:20)
	at de.uka.ilkd.key.nparser.KeYParser$One_include_statementContext.accept(KeYParser.java:802)
	at org.antlr.v4.runtime.tree.AbstractParseTreeVisitor.visitChildren(AbstractParseTreeVisitor.java:46)
	at de.uka.ilkd.key.nparser.KeYParserBaseVisitor.visitDecls(KeYParserBaseVisitor.java:30)
	at de.uka.ilkd.key.nparser.KeYParser$DeclsContext.accept(KeYParser.java:500)
	at org.antlr.v4.runtime.tree.AbstractParseTreeVisitor.visitChildren(AbstractParseTreeVisitor.java:46)
	at de.uka.ilkd.key.nparser.KeYParserBaseVisitor.visitFile(KeYParserBaseVisitor.java:23)
	at de.uka.ilkd.key.nparser.KeYParser$FileContext.accept(KeYParser.java:306)
	at de.uka.ilkd.key.nparser.KeyAst.accept(KeyAst.java:41)
	at de.uka.ilkd.key.nparser.KeyAst$File.getIncludes(KeyAst.java:76)
	at de.uka.ilkd.key.proof.io.KeYFile.readIncludes(KeYFile.java:208)
	... 14 more
Could not find rule file rules/intRulesCheckedSemantics.key (file: /home/runner/work/key/key/key.core/../key.ui/examples/index/.././standard_key/java_dl/continue1.key; caused by: de.uka.ilkd.key.proof.init.ProofInputException: Could not find rule file rules/intRulesCheckedSemantics.key)
	at de.uka.ilkd.key.control.AbstractUserInterfaceControl.load(AbstractUserInterfaceControl.java:221)
	at de.uka.ilkd.key.control.KeYEnvironment.load(KeYEnvironment.java:251)
	at de.uka.ilkd.key.control.KeYEnvironment.load(KeYEnvironment.java:224)
	at de.uka.ilkd.key.control.KeYEnvironment.load(KeYEnvironment.java:184)
	at de.uka.ilkd.key.control.KeYEnvironment.load(KeYEnvironment.java:261)
	at de.uka.ilkd.key.proof.runallproofs.proofcollection.TestFile.load(TestFile.java:270)
	at de.uka.ilkd.key.proof.runallproofs.proofcollection.TestFile.runKey(TestFile.java:160)
	at de.uka.ilkd.key.proof.runallproofs.proofcollection.ForkedTestFileRunner.main(ForkedTestFileRunner.java:171)
Caused by: de.uka.ilkd.key.proof.init.ProofInputException: Could not find rule file rules/intRulesCheckedSemantics.key
	at de.uka.ilkd.key.proof.io.KeYFile.readIncludes(KeYFile.java:210)
	at de.uka.ilkd.key.proof.init.ProblemInitializer.readIncludes(ProblemInitializer.java:177)
	at de.uka.ilkd.key.proof.init.ProblemInitializer.readEnvInput(ProblemInitializer.java:325)
	at de.uka.ilkd.key.proof.init.ProblemInitializer.prepare(ProblemInitializer.java:449)
	at de.uka.ilkd.key.proof.io.AbstractProblemLoader.createInitConfig(AbstractProblemLoader.java:518)
	at de.uka.ilkd.key.proof.io.AbstractProblemLoader.loadEnvironment(AbstractProblemLoader.java:288)
	at de.uka.ilkd.key.proof.io.AbstractProblemLoader.load(AbstractProblemLoader.java:252)
	at de.uka.ilkd.key.control.AbstractUserInterfaceControl.load(AbstractUserInterfaceControl.java:209)
	... 7 more
Caused by: java.lang.RuntimeException: Could not find rule file rules/intRulesCheckedSemantics.key
	at de.uka.ilkd.key.proof.io.RuleSourceFactory.fromBuiltInRule(RuleSourceFactory.java:32)
	at de.uka.ilkd.key.proof.io.RuleSourceFactory.fromDefaultLocation(RuleSourceFactory.java:21)
	at de.uka.ilkd.key.nparser.builder.IncludeFinder.addInclude(IncludeFinder.java:63)
	at de.uka.ilkd.key.nparser.builder.IncludeFinder.visitOne_include(IncludeFinder.java:43)
	at de.uka.ilkd.key.nparser.builder.IncludeFinder.visitOne_include(IncludeFinder.java:20)
	at de.uka.ilkd.key.nparser.KeYParser$One_includeContext.accept(KeYParser.java:878)
	at de.uka.ilkd.key.nparser.builder.AbstractBuilder.lambda$mapOf$0(AbstractBuilder.java:112)
	at java.base/java.util.stream.ReferencePipeline$3$1.accept(ReferencePipeline.java:195)
	at java.base/java.util.ArrayList$ArrayListSpliterator.forEachRemaining(ArrayList.java:1655)
	at java.base/java.util.stream.AbstractPipeline.copyInto(AbstractPipeline.java:484)
	at java.base/java.util.stream.AbstractPipeline.wrapAndCopyInto(AbstractPipeline.java:474)
	at java.base/java.util.stream.ReduceOps$ReduceOp.evaluateSequential(ReduceOps.java:913)
	at java.base/java.util.stream.AbstractPipeline.evaluate(AbstractPipeline.java:234)
	at java.base/java.util.stream.ReferencePipeline.collect(ReferencePipeline.java:578)
	at de.uka.ilkd.key.nparser.builder.AbstractBuilder.mapOf(AbstractBuilder.java:112)
	at de.uka.ilkd.key.nparser.builder.IncludeFinder.visitOne_include_statement(IncludeFinder.java:35)
	at de.uka.ilkd.key.nparser.builder.IncludeFinder.visitOne_include_statement(IncludeFinder.java:20)
	at de.uka.ilkd.key.nparser.KeYParser$One_include_statementContext.accept(KeYParser.java:802)
	at org.antlr.v4.runtime.tree.AbstractParseTreeVisitor.visitChildren(AbstractParseTreeVisitor.java:46)
	at de.uka.ilkd.key.nparser.KeYParserBaseVisitor.visitDecls(KeYParserBaseVisitor.java:30)
	at de.uka.ilkd.key.nparser.KeYParser$DeclsContext.accept(KeYParser.java:500)
	at org.antlr.v4.runtime.tree.AbstractParseTreeVisitor.visitChildren(AbstractParseTreeVisitor.java:46)
	at de.uka.ilkd.key.nparser.KeYParserBaseVisitor.visitFile(KeYParserBaseVisitor.java:23)
	at de.uka.ilkd.key.nparser.KeYParser$FileContext.accept(KeYParser.java:306)
	at de.uka.ilkd.key.nparser.KeyAst.accept(KeyAst.java:41)
	at de.uka.ilkd.key.nparser.KeyAst$File.getIncludes(KeyAst.java:76)
	at de.uka.ilkd.key.proof.io.KeYFile.readIncludes(KeYFile.java:208)
	... 14 more
Could not find rule file rules/intRulesCheckedSemantics.key (file: /home/runner/work/key/key/key.core/../key.ui/examples/index/.././standard_key/java_dl/continue2.key; caused by: de.uka.ilkd.key.proof.init.ProofInputException: Could not find rule file rules/intRulesCheckedSemantics.key)
	at de.uka.ilkd.key.control.AbstractUserInterfaceControl.load(AbstractUserInterfaceControl.java:221)
	at de.uka.ilkd.key.control.KeYEnvironment.load(KeYEnvironment.java:251)
	at de.uka.ilkd.key.control.KeYEnvironment.load(KeYEnvironment.java:224)
	at de.uka.ilkd.key.control.KeYEnvironment.load(KeYEnvironment.java:184)
	at de.uka.ilkd.key.control.KeYEnvironment.load(KeYEnvironment.java:261)
	at de.uka.ilkd.key.proof.runallproofs.proofcollection.TestFile.load(TestFile.java:270)
	at de.uka.ilkd.key.proof.runallproofs.proofcollection.TestFile.runKey(TestFile.java:160)
	at de.uka.ilkd.key.proof.runallproofs.proofcollection.ForkedTestFileRunner.main(ForkedTestFileRunner.java:171)
Caused by: de.uka.ilkd.key.proof.init.ProofInputException: Could not find rule file rules/intRulesCheckedSemantics.key
	at de.uka.ilkd.key.proof.io.KeYFile.readIncludes(KeYFile.java:210)
	at de.uka.ilkd.key.proof.init.ProblemInitializer.readIncludes(ProblemInitializer.java:177)
	at de.uka.ilkd.key.proof.init.ProblemInitializer.readEnvInput(ProblemInitializer.java:325)
	at de.uka.ilkd.key.proof.init.ProblemInitializer.prepare(ProblemInitializer.java:449)
	at de.uka.ilkd.key.proof.io.AbstractProblemLoader.createInitConfig(AbstractProblemLoader.java:518)
	at de.uka.ilkd.key.proof.io.AbstractProblemLoader.loadEnvironment(AbstractProblemLoader.java:288)
	at de.uka.ilkd.key.proof.io.AbstractProblemLoader.load(AbstractProblemLoader.java:252)
	at de.uka.ilkd.key.control.AbstractUserInterfaceControl.load(AbstractUserInterfaceControl.java:209)
	... 7 more
Caused by: java.lang.RuntimeException: Could not find rule file rules/intRulesCheckedSemantics.key
	at de.uka.ilkd.key.proof.io.RuleSourceFactory.fromBuiltInRule(RuleSourceFactory.java:32)
	at de.uka.ilkd.key.proof.io.RuleSourceFactory.fromDefaultLocation(RuleSourceFactory.java:21)
	at de.uka.ilkd.key.nparser.builder.IncludeFinder.addInclude(IncludeFinder.java:63)
	at de.uka.ilkd.key.nparser.builder.IncludeFinder.visitOne_include(IncludeFinder.java:43)
	at de.uka.ilkd.key.nparser.builder.IncludeFinder.visitOne_include(IncludeFinder.java:20)
	at de.uka.ilkd.key.nparser.KeYParser$One_includeContext.accept(KeYParser.java:878)
	at de.uka.ilkd.key.nparser.builder.AbstractBuilder.lambda$mapOf$0(AbstractBuilder.java:112)
	at java.base/java.util.stream.ReferencePipeline$3$1.accept(ReferencePipeline.java:195)
	at java.base/java.util.ArrayList$ArrayListSpliterator.forEachRemaining(ArrayList.java:1655)
	at java.base/java.util.stream.AbstractPipeline.copyInto(AbstractPipeline.java:484)
	at java.base/java.util.stream.AbstractPipeline.wrapAndCopyInto(AbstractPipeline.java:474)
	at java.base/java.util.stream.ReduceOps$ReduceOp.evaluateSequential(ReduceOps.java:913)
	at java.base/java.util.stream.AbstractPipeline.evaluate(AbstractPipeline.java:234)
	at java.base/java.util.stream.ReferencePipeline.collect(ReferencePipeline.java:578)
	at de.uka.ilkd.key.nparser.builder.AbstractBuilder.mapOf(AbstractBuilder.java:112)
	at de.uka.ilkd.key.nparser.builder.IncludeFinder.visitOne_include_statement(IncludeFinder.java:35)
	at de.uka.ilkd.key.nparser.builder.IncludeFinder.visitOne_include_statement(IncludeFinder.java:20)
	at de.uka.ilkd.key.nparser.KeYParser$One_include_statementContext.accept(KeYParser.java:802)
	at org.antlr.v4.runtime.tree.AbstractParseTreeVisitor.visitChildren(AbstractParseTreeVisitor.java:46)
	at de.uka.ilkd.key.nparser.KeYParserBaseVisitor.visitDecls(KeYParserBaseVisitor.java:30)
	at de.uka.ilkd.key.nparser.KeYParser$DeclsContext.accept(KeYParser.java:500)
	at org.antlr.v4.runtime.tree.AbstractParseTreeVisitor.visitChildren(AbstractParseTreeVisitor.java:46)
	at de.uka.ilkd.key.nparser.KeYParserBaseVisitor.visitFile(KeYParserBaseVisitor.java:23)
	at de.uka.ilkd.key.nparser.KeYParser$FileContext.accept(KeYParser.java:306)
	at de.uka.ilkd.key.nparser.KeyAst.accept(KeyAst.java:41)
	at de.uka.ilkd.key.nparser.KeyAst$File.getIncludes(KeyAst.java:76)
	at de.uka.ilkd.key.proof.io.KeYFile.readIncludes(KeYFile.java:208)
	... 14 more
Could not find rule file rules/intRulesCheckedSemantics.key (file: /home/runner/work/key/key/key.core/../key.ui/examples/index/.././standard_key/java_dl/complexAssignment.key; caused by: de.uka.ilkd.key.proof.init.ProofInputException: Could not find rule file rules/intRulesCheckedSemantics.key)
	at de.uka.ilkd.key.control.AbstractUserInterfaceControl.load(AbstractUserInterfaceControl.java:221)
	at de.uka.ilkd.key.control.KeYEnvironment.load(KeYEnvironment.java:251)
	at de.uka.ilkd.key.control.KeYEnvironment.load(KeYEnvironment.java:224)
	at de.uka.ilkd.key.control.KeYEnvironment.load(KeYEnvironment.java:184)
	at de.uka.ilkd.key.control.KeYEnvironment.load(KeYEnvironment.java:261)
	at de.uka.ilkd.key.proof.runallproofs.proofcollection.TestFile.load(TestFile.java:270)
	at de.uka.ilkd.key.proof.runallproofs.proofcollection.TestFile.runKey(TestFile.java:160)
	at de.uka.ilkd.key.proof.runallproofs.proofcollection.ForkedTestFileRunner.main(ForkedTestFileRunner.java:171)
Caused by: de.uka.ilkd.key.proof.init.ProofInputException: Could not find rule file rules/intRulesCheckedSemantics.key
	at de.uka.ilkd.key.proof.io.KeYFile.readIncludes(KeYFile.java:210)
	at de.uka.ilkd.key.proof.init.ProblemInitializer.readIncludes(ProblemInitializer.java:177)
	at de.uka.ilkd.key.proof.init.ProblemInitializer.readEnvInput(ProblemInitializer.java:325)
	at de.uka.ilkd.key.proof.init.ProblemInitializer.prepare(ProblemInitializer.java:449)
	at de.uka.ilkd.key.proof.io.AbstractProblemLoader.createInitConfig(AbstractProblemLoader.java:518)
	at de.uka.ilkd.key.proof.io.AbstractProblemLoader.loadEnvironment(AbstractProblemLoader.java:288)
	at de.uka.ilkd.key.proof.io.AbstractProblemLoader.load(AbstractProblemLoader.java:252)
	at de.uka.ilkd.key.control.AbstractUserInterfaceControl.load(AbstractUserInterfaceControl.java:209)
	... 7 more
Caused by: java.lang.RuntimeException: Could not find rule file rules/intRulesCheckedSemantics.key
	at de.uka.ilkd.key.proof.io.RuleSourceFactory.fromBuiltInRule(RuleSourceFactory.java:32)
	at de.uka.ilkd.key.proof.io.RuleSourceFactory.fromDefaultLocation(RuleSourceFactory.java:21)
	at de.uka.ilkd.key.nparser.builder.IncludeFinder.addInclude(IncludeFinder.java:63)
	at de.uka.ilkd.key.nparser.builder.IncludeFinder.visitOne_include(IncludeFinder.java:43)
	at de.uka.ilkd.key.nparser.builder.IncludeFinder.visitOne_include(IncludeFinder.java:20)
	at de.uka.ilkd.key.nparser.KeYParser$One_includeContext.accept(KeYParser.java:878)
	at de.uka.ilkd.key.nparser.builder.AbstractBuilder.lambda$mapOf$0(AbstractBuilder.java:112)
	at java.base/java.util.stream.ReferencePipeline$3$1.accept(ReferencePipeline.java:195)
	at java.base/java.util.ArrayList$ArrayListSpliterator.forEachRemaining(ArrayList.java:1655)
	at java.base/java.util.stream.AbstractPipeline.copyInto(AbstractPipeline.java:484)
	at java.base/java.util.stream.AbstractPipeline.wrapAndCopyInto(AbstractPipeline.java:474)
	at java.base/java.util.stream.ReduceOps$ReduceOp.evaluateSequential(ReduceOps.java:913)
	at java.base/java.util.stream.AbstractPipeline.evaluate(AbstractPipeline.java:234)
	at java.base/java.util.stream.ReferencePipeline.collect(ReferencePipeline.java:578)
	at de.uka.ilkd.key.nparser.builder.AbstractBuilder.mapOf(AbstractBuilder.java:112)
	at de.uka.ilkd.key.nparser.builder.IncludeFinder.visitOne_include_statement(IncludeFinder.java:35)
	at de.uka.ilkd.key.nparser.builder.IncludeFinder.visitOne_include_statement(IncludeFinder.java:20)
	at de.uka.ilkd.key.nparser.KeYParser$One_include_statementContext.accept(KeYParser.java:802)
	at org.antlr.v4.runtime.tree.AbstractParseTreeVisitor.visitChildren(AbstractParseTreeVisitor.java:46)
	at de.uka.ilkd.key.nparser.KeYParserBaseVisitor.visitDecls(KeYParserBaseVisitor.java:30)
	at de.uka.ilkd.key.nparser.KeYParser$DeclsContext.accept(KeYParser.java:500)
	at org.antlr.v4.runtime.tree.AbstractParseTreeVisitor.visitChildren(AbstractParseTreeVisitor.java:46)
	at de.uka.ilkd.key.nparser.KeYParserBaseVisitor.visitFile(KeYParserBaseVisitor.java:23)
	at de.uka.ilkd.key.nparser.KeYParser$FileContext.accept(KeYParser.java:306)
	at de.uka.ilkd.key.nparser.KeyAst.accept(KeyAst.java:41)
	at de.uka.ilkd.key.nparser.KeyAst$File.getIncludes(KeyAst.java:76)
	at de.uka.ilkd.key.proof.io.KeYFile.readIncludes(KeYFile.java:208)
	... 14 more
Could not find rule file rules/intRulesCheckedSemantics.key (file: /home/runner/work/key/key/key.core/../key.ui/examples/index/.././standard_key/java_dl/danglingElseSolution1.key; caused by: de.uka.ilkd.key.proof.init.ProofInputException: Could not find rule file rules/intRulesCheckedSemantics.key)
	at de.uka.ilkd.key.control.AbstractUserInterfaceControl.load(AbstractUserInterfaceControl.java:221)
	at de.uka.ilkd.key.control.KeYEnvironment.load(KeYEnvironment.java:251)
	at de.uka.ilkd.key.control.KeYEnvironment.load(KeYEnvironment.java:224)
	at de.uka.ilkd.key.control.KeYEnvironment.load(KeYEnvironment.java:184)
	at de.uka.ilkd.key.control.KeYEnvironment.load(KeYEnvironment.java:261)
	at de.uka.ilkd.key.proof.runallproofs.proofcollection.TestFile.load(TestFile.java:270)
	at de.uka.ilkd.key.proof.runallproofs.proofcollection.TestFile.runKey(TestFile.java:160)
	at de.uka.ilkd.key.proof.runallproofs.proofcollection.ForkedTestFileRunner.main(ForkedTestFileRunner.java:171)
Caused by: de.uka.ilkd.key.proof.init.ProofInputException: Could not find rule file rules/intRulesCheckedSemantics.key
	at de.uka.ilkd.key.proof.io.KeYFile.readIncludes(KeYFile.java:210)
	at de.uka.ilkd.key.proof.init.ProblemInitializer.readIncludes(ProblemInitializer.java:177)
	at de.uka.ilkd.key.proof.init.ProblemInitializer.readEnvInput(ProblemInitializer.java:325)
	at de.uka.ilkd.key.proof.init.ProblemInitializer.prepare(ProblemInitializer.java:449)
	at de.uka.ilkd.key.proof.io.AbstractProblemLoader.createInitConfig(AbstractProblemLoader.java:518)
	at de.uka.ilkd.key.proof.io.AbstractProblemLoader.loadEnvironment(AbstractProblemLoader.java:288)
	at de.uka.ilkd.key.proof.io.AbstractProblemLoader.load(AbstractProblemLoader.java:252)
	at de.uka.ilkd.key.control.AbstractUserInterfaceControl.load(AbstractUserInterfaceControl.java:209)
	... 7 more
Caused by: java.lang.RuntimeException: Could not find rule file rules/intRulesCheckedSemantics.key
	at de.uka.ilkd.key.proof.io.RuleSourceFactory.fromBuiltInRule(RuleSourceFactory.java:32)
	at de.uka.ilkd.key.proof.io.RuleSourceFactory.fromDefaultLocation(RuleSourceFactory.java:21)
	at de.uka.ilkd.key.nparser.builder.IncludeFinder.addInclude(IncludeFinder.java:63)
	at de.uka.ilkd.key.nparser.builder.IncludeFinder.visitOne_include(IncludeFinder.java:43)
	at de.uka.ilkd.key.nparser.builder.IncludeFinder.visitOne_include(IncludeFinder.java:20)
	at de.uka.ilkd.key.nparser.KeYParser$One_includeContext.accept(KeYParser.java:878)
	at de.uka.ilkd.key.nparser.builder.AbstractBuilder.lambda$mapOf$0(AbstractBuilder.java:112)
	at java.base/java.util.stream.ReferencePipeline$3$1.accept(ReferencePipeline.java:195)
	at java.base/java.util.ArrayList$ArrayListSpliterator.forEachRemaining(ArrayList.java:1655)
	at java.base/java.util.stream.AbstractPipeline.copyInto(AbstractPipeline.java:484)
	at java.base/java.util.stream.AbstractPipeline.wrapAndCopyInto(AbstractPipeline.java:474)
	at java.base/java.util.stream.ReduceOps$ReduceOp.evaluateSequential(ReduceOps.java:913)
	at java.base/java.util.stream.AbstractPipeline.evaluate(AbstractPipeline.java:234)
	at java.base/java.util.stream.ReferencePipeline.collect(ReferencePipeline.java:578)
	at de.uka.ilkd.key.nparser.builder.AbstractBuilder.mapOf(AbstractBuilder.java:112)
	at de.uka.ilkd.key.nparser.builder.IncludeFinder.visitOne_include_statement(IncludeFinder.java:35)
	at de.uka.ilkd.key.nparser.builder.IncludeFinder.visitOne_include_statement(IncludeFinder.java:20)
	at de.uka.ilkd.key.nparser.KeYParser$One_include_statementContext.accept(KeYParser.java:802)
	at org.antlr.v4.runtime.tree.AbstractParseTreeVisitor.visitChildren(AbstractParseTreeVisitor.java:46)
	at de.uka.ilkd.key.nparser.KeYParserBaseVisitor.visitDecls(KeYParserBaseVisitor.java:30)
	at de.uka.ilkd.key.nparser.KeYParser$DeclsContext.accept(KeYParser.java:500)
	at org.antlr.v4.runtime.tree.AbstractParseTreeVisitor.visitChildren(AbstractParseTreeVisitor.java:46)
	at de.uka.ilkd.key.nparser.KeYParserBaseVisitor.visitFile(KeYParserBaseVisitor.java:23)
	at de.uka.ilkd.key.nparser.KeYParser$FileContext.accept(KeYParser.java:306)
	at de.uka.ilkd.key.nparser.KeyAst.accept(KeyAst.java:41)
	at de.uka.ilkd.key.nparser.KeyAst$File.getIncludes(KeyAst.java:76)
	at de.uka.ilkd.key.proof.io.KeYFile.readIncludes(KeYFile.java:208)
	... 14 more
Could not find rule file rules/intRulesCheckedSemantics.key (file: /home/runner/work/key/key/key.core/../key.ui/examples/index/.././standard_key/java_dl/danglingElseSolution2.key; caused by: de.uka.ilkd.key.proof.init.ProofInputException: Could not find rule file rules/intRulesCheckedSemantics.key)
	at de.uka.ilkd.key.control.AbstractUserInterfaceControl.load(AbstractUserInterfaceControl.java:221)
	at de.uka.ilkd.key.control.KeYEnvironment.load(KeYEnvironment.java:251)
	at de.uka.ilkd.key.control.KeYEnvironment.load(KeYEnvironment.java:224)
	at de.uka.ilkd.key.control.KeYEnvironment.load(KeYEnvironment.java:184)
	at de.uka.ilkd.key.control.KeYEnvironment.load(KeYEnvironment.java:261)
	at de.uka.ilkd.key.proof.runallproofs.proofcollection.TestFile.load(TestFile.java:270)
	at de.uka.ilkd.key.proof.runallproofs.proofcollection.TestFile.runKey(TestFile.java:160)
	at de.uka.ilkd.key.proof.runallproofs.proofcollection.ForkedTestFileRunner.main(ForkedTestFileRunner.java:171)
Caused by: de.uka.ilkd.key.proof.init.ProofInputException: Could not find rule file rules/intRulesCheckedSemantics.key
	at de.uka.ilkd.key.proof.io.KeYFile.readIncludes(KeYFile.java:210)
	at de.uka.ilkd.key.proof.init.ProblemInitializer.readIncludes(ProblemInitializer.java:177)
	at de.uka.ilkd.key.proof.init.ProblemInitializer.readEnvInput(ProblemInitializer.java:325)
	at de.uka.ilkd.key.proof.init.ProblemInitializer.prepare(ProblemInitializer.java:449)
	at de.uka.ilkd.key.proof.io.AbstractProblemLoader.createInitConfig(AbstractProblemLoader.java:518)
	at de.uka.ilkd.key.proof.io.AbstractProblemLoader.loadEnvironment(AbstractProblemLoader.java:288)
	at de.uka.ilkd.key.proof.io.AbstractProblemLoader.load(AbstractProblemLoader.java:252)
	at de.uka.ilkd.key.control.AbstractUserInterfaceControl.load(AbstractUserInterfaceControl.java:209)
	... 7 more
Caused by: java.lang.RuntimeException: Could not find rule file rules/intRulesCheckedSemantics.key
	at de.uka.ilkd.key.proof.io.RuleSourceFactory.fromBuiltInRule(RuleSourceFactory.java:32)
	at de.uka.ilkd.key.proof.io.RuleSourceFactory.fromDefaultLocation(RuleSourceFactory.java:21)
	at de.uka.ilkd.key.nparser.builder.IncludeFinder.addInclude(IncludeFinder.java:63)
	at de.uka.ilkd.key.nparser.builder.IncludeFinder.visitOne_include(IncludeFinder.java:43)
	at de.uka.ilkd.key.nparser.builder.IncludeFinder.visitOne_include(IncludeFinder.java:20)
	at de.uka.ilkd.key.nparser.KeYParser$One_includeContext.accept(KeYParser.java:878)
	at de.uka.ilkd.key.nparser.builder.AbstractBuilder.lambda$mapOf$0(AbstractBuilder.java:112)
	at java.base/java.util.stream.ReferencePipeline$3$1.accept(ReferencePipeline.java:195)
	at java.base/java.util.ArrayList$ArrayListSpliterator.forEachRemaining(ArrayList.java:1655)
	at java.base/java.util.stream.AbstractPipeline.copyInto(AbstractPipeline.java:484)
	at java.base/java.util.stream.AbstractPipeline.wrapAndCopyInto(AbstractPipeline.java:474)
	at java.base/java.util.stream.ReduceOps$ReduceOp.evaluateSequential(ReduceOps.java:913)
	at java.base/java.util.stream.AbstractPipeline.evaluate(AbstractPipeline.java:234)
	at java.base/java.util.stream.ReferencePipeline.collect(ReferencePipeline.java:578)
	at de.uka.ilkd.key.nparser.builder.AbstractBuilder.mapOf(AbstractBuilder.java:112)
	at de.uka.ilkd.key.nparser.builder.IncludeFinder.visitOne_include_statement(IncludeFinder.java:35)
	at de.uka.ilkd.key.nparser.builder.IncludeFinder.visitOne_include_statement(IncludeFinder.java:20)
	at de.uka.ilkd.key.nparser.KeYParser$One_include_statementContext.accept(KeYParser.java:802)
	at org.antlr.v4.runtime.tree.AbstractParseTreeVisitor.visitChildren(AbstractParseTreeVisitor.java:46)
	at de.uka.ilkd.key.nparser.KeYParserBaseVisitor.visitDecls(KeYParserBaseVisitor.java:30)
	at de.uka.ilkd.key.nparser.KeYParser$DeclsContext.accept(KeYParser.java:500)
	at org.antlr.v4.runtime.tree.AbstractParseTreeVisitor.visitChildren(AbstractParseTreeVisitor.java:46)
	at de.uka.ilkd.key.nparser.KeYParserBaseVisitor.visitFile(KeYParserBaseVisitor.java:23)
	at de.uka.ilkd.key.nparser.KeYParser$FileContext.accept(KeYParser.java:306)
	at de.uka.ilkd.key.nparser.KeyAst.accept(KeyAst.java:41)
	at de.uka.ilkd.key.nparser.KeyAst$File.getIncludes(KeyAst.java:76)
	at de.uka.ilkd.key.proof.io.KeYFile.readIncludes(KeYFile.java:208)
	... 14 more
Could not find rule file rules/intRulesCheckedSemantics.key (file: /home/runner/work/key/key/key.core/../key.ui/examples/index/.././standard_key/java_dl/deepNonNull/deepNonNull0.key; caused by: de.uka.ilkd.key.proof.init.ProofInputException: Could not find rule file rules/intRulesCheckedSemantics.key)
	at de.uka.ilkd.key.control.AbstractUserInterfaceControl.load(AbstractUserInterfaceControl.java:221)
	at de.uka.ilkd.key.control.KeYEnvironment.load(KeYEnvironment.java:251)
	at de.uka.ilkd.key.control.KeYEnvironment.load(KeYEnvironment.java:224)
	at de.uka.ilkd.key.control.KeYEnvironment.load(KeYEnvironment.java:184)
	at de.uka.ilkd.key.control.KeYEnvironment.load(KeYEnvironment.java:261)
	at de.uka.ilkd.key.proof.runallproofs.proofcollection.TestFile.load(TestFile.java:270)
	at de.uka.ilkd.key.proof.runallproofs.proofcollection.TestFile.runKey(TestFile.java:160)
	at de.uka.ilkd.key.proof.runallproofs.proofcollection.ForkedTestFileRunner.main(ForkedTestFileRunner.java:171)
Caused by: de.uka.ilkd.key.proof.init.ProofInputException: Could not find rule file rules/intRulesCheckedSemantics.key
	at de.uka.ilkd.key.proof.io.KeYFile.readIncludes(KeYFile.java:210)
	at de.uka.ilkd.key.proof.init.ProblemInitializer.readIncludes(ProblemInitializer.java:177)
	at de.uka.ilkd.key.proof.init.ProblemInitializer.readEnvInput(ProblemInitializer.java:325)
	at de.uka.ilkd.key.proof.init.ProblemInitializer.prepare(ProblemInitializer.java:449)
	at de.uka.ilkd.key.proof.io.AbstractProblemLoader.createInitConfig(AbstractProblemLoader.java:518)
	at de.uka.ilkd.key.proof.io.AbstractProblemLoader.loadEnvironment(AbstractProblemLoader.java:288)
	at de.uka.ilkd.key.proof.io.AbstractProblemLoader.load(AbstractProblemLoader.java:252)
	at de.uka.ilkd.key.control.AbstractUserInterfaceControl.load(AbstractUserInterfaceControl.java:209)
	... 7 more
Caused by: java.lang.RuntimeException: Could not find rule file rules/intRulesCheckedSemantics.key
	at de.uka.ilkd.key.proof.io.RuleSourceFactory.fromBuiltInRule(RuleSourceFactory.java:32)
	at de.uka.ilkd.key.proof.io.RuleSourceFactory.fromDefaultLocation(RuleSourceFactory.java:21)
	at de.uka.ilkd.key.nparser.builder.IncludeFinder.addInclude(IncludeFinder.java:63)
	at de.uka.ilkd.key.nparser.builder.IncludeFinder.visitOne_include(IncludeFinder.java:43)
	at de.uka.ilkd.key.nparser.builder.IncludeFinder.visitOne_include(IncludeFinder.java:20)
	at de.uka.ilkd.key.nparser.KeYParser$One_includeContext.accept(KeYParser.java:878)
	at de.uka.ilkd.key.nparser.builder.AbstractBuilder.lambda$mapOf$0(AbstractBuilder.java:112)
	at java.base/java.util.stream.ReferencePipeline$3$1.accept(ReferencePipeline.java:195)
	at java.base/java.util.ArrayList$ArrayListSpliterator.forEachRemaining(ArrayList.java:1655)
	at java.base/java.util.stream.AbstractPipeline.copyInto(AbstractPipeline.java:484)
	at java.base/java.util.stream.AbstractPipeline.wrapAndCopyInto(AbstractPipeline.java:474)
	at java.base/java.util.stream.ReduceOps$ReduceOp.evaluateSequential(ReduceOps.java:913)
	at java.base/java.util.stream.AbstractPipeline.evaluate(AbstractPipeline.java:234)
	at java.base/java.util.stream.ReferencePipeline.collect(ReferencePipeline.java:578)
	at de.uka.ilkd.key.nparser.builder.AbstractBuilder.mapOf(AbstractBuilder.java:112)
	at de.uka.ilkd.key.nparser.builder.IncludeFinder.visitOne_include_statement(IncludeFinder.java:35)
	at de.uka.ilkd.key.nparser.builder.IncludeFinder.visitOne_include_statement(IncludeFinder.java:20)
	at de.uka.ilkd.key.nparser.KeYParser$One_include_statementContext.accept(KeYParser.java:802)
	at org.antlr.v4.runtime.tree.AbstractParseTreeVisitor.visitChildren(AbstractParseTreeVisitor.java:46)
	at de.uka.ilkd.key.nparser.KeYParserBaseVisitor.visitDecls(KeYParserBaseVisitor.java:30)
	at de.uka.ilkd.key.nparser.KeYParser$DeclsContext.accept(KeYParser.java:500)
	at org.antlr.v4.runtime.tree.AbstractParseTreeVisitor.visitChildren(AbstractParseTreeVisitor.java:46)
	at de.uka.ilkd.key.nparser.KeYParserBaseVisitor.visitFile(KeYParserBaseVisitor.java:23)
	at de.uka.ilkd.key.nparser.KeYParser$FileContext.accept(KeYParser.java:306)
	at de.uka.ilkd.key.nparser.KeyAst.accept(KeyAst.java:41)
	at de.uka.ilkd.key.nparser.KeyAst$File.getIncludes(KeyAst.java:76)
	at de.uka.ilkd.key.proof.io.KeYFile.readIncludes(KeYFile.java:208)
	... 14 more
Could not find rule file rules/intRulesCheckedSemantics.key (file: /home/runner/work/key/key/key.core/../key.ui/examples/index/.././standard_key/java_dl/deepNonNull/deepNonNull1.key; caused by: de.uka.ilkd.key.proof.init.ProofInputException: Could not find rule file rules/intRulesCheckedSemantics.key)
	at de.uka.ilkd.key.control.AbstractUserInterfaceControl.load(AbstractUserInterfaceControl.java:221)
	at de.uka.ilkd.key.control.KeYEnvironment.load(KeYEnvironment.java:251)
	at de.uka.ilkd.key.control.KeYEnvironment.load(KeYEnvironment.java:224)
	at de.uka.ilkd.key.control.KeYEnvironment.load(KeYEnvironment.java:184)
	at de.uka.ilkd.key.control.KeYEnvironment.load(KeYEnvironment.java:261)
	at de.uka.ilkd.key.proof.runallproofs.proofcollection.TestFile.load(TestFile.java:270)
	at de.uka.ilkd.key.proof.runallproofs.proofcollection.TestFile.runKey(TestFile.java:160)
	at de.uka.ilkd.key.proof.runallproofs.proofcollection.ForkedTestFileRunner.main(ForkedTestFileRunner.java:171)
Caused by: de.uka.ilkd.key.proof.init.ProofInputException: Could not find rule file rules/intRulesCheckedSemantics.key
	at de.uka.ilkd.key.proof.io.KeYFile.readIncludes(KeYFile.java:210)
	at de.uka.ilkd.key.proof.init.ProblemInitializer.readIncludes(ProblemInitializer.java:177)
	at de.uka.ilkd.key.proof.init.ProblemInitializer.readEnvInput(ProblemInitializer.java:325)
	at de.uka.ilkd.key.proof.init.ProblemInitializer.prepare(ProblemInitializer.java:449)
	at de.uka.ilkd.key.proof.io.AbstractProblemLoader.createInitConfig(AbstractProblemLoader.java:518)
	at de.uka.ilkd.key.proof.io.AbstractProblemLoader.loadEnvironment(AbstractProblemLoader.java:288)
	at de.uka.ilkd.key.proof.io.AbstractProblemLoader.load(AbstractProblemLoader.java:252)
	at de.uka.ilkd.key.control.AbstractUserInterfaceControl.load(AbstractUserInterfaceControl.java:209)
	... 7 more
Caused by: java.lang.RuntimeException: Could not find rule file rules/intRulesCheckedSemantics.key
	at de.uka.ilkd.key.proof.io.RuleSourceFactory.fromBuiltInRule(RuleSourceFactory.java:32)
	at de.uka.ilkd.key.proof.io.RuleSourceFactory.fromDefaultLocation(RuleSourceFactory.java:21)
	at de.uka.ilkd.key.nparser.builder.IncludeFinder.addInclude(IncludeFinder.java:63)
	at de.uka.ilkd.key.nparser.builder.IncludeFinder.visitOne_include(IncludeFinder.java:43)
	at de.uka.ilkd.key.nparser.builder.IncludeFinder.visitOne_include(IncludeFinder.java:20)
	at de.uka.ilkd.key.nparser.KeYParser$One_includeContext.accept(KeYParser.java:878)
	at de.uka.ilkd.key.nparser.builder.AbstractBuilder.lambda$mapOf$0(AbstractBuilder.java:112)
	at java.base/java.util.stream.ReferencePipeline$3$1.accept(ReferencePipeline.java:195)
	at java.base/java.util.ArrayList$ArrayListSpliterator.forEachRemaining(ArrayList.java:1655)
	at java.base/java.util.stream.AbstractPipeline.copyInto(AbstractPipeline.java:484)
	at java.base/java.util.stream.AbstractPipeline.wrapAndCopyInto(AbstractPipeline.java:474)
	at java.base/java.util.stream.ReduceOps$ReduceOp.evaluateSequential(ReduceOps.java:913)
	at java.base/java.util.stream.AbstractPipeline.evaluate(AbstractPipeline.java:234)
	at java.base/java.util.stream.ReferencePipeline.collect(ReferencePipeline.java:578)
	at de.uka.ilkd.key.nparser.builder.AbstractBuilder.mapOf(AbstractBuilder.java:112)
	at de.uka.ilkd.key.nparser.builder.IncludeFinder.visitOne_include_statement(IncludeFinder.java:35)
	at de.uka.ilkd.key.nparser.builder.IncludeFinder.visitOne_include_statement(IncludeFinder.java:20)
	at de.uka.ilkd.key.nparser.KeYParser$One_include_statementContext.accept(KeYParser.java:802)
	at org.antlr.v4.runtime.tree.AbstractParseTreeVisitor.visitChildren(AbstractParseTreeVisitor.java:46)
	at de.uka.ilkd.key.nparser.KeYParserBaseVisitor.visitDecls(KeYParserBaseVisitor.java:30)
	at de.uka.ilkd.key.nparser.KeYParser$DeclsContext.accept(KeYParser.java:500)
	at org.antlr.v4.runtime.tree.AbstractParseTreeVisitor.visitChildren(AbstractParseTreeVisitor.java:46)
	at de.uka.ilkd.key.nparser.KeYParserBaseVisitor.visitFile(KeYParserBaseVisitor.java:23)
	at de.uka.ilkd.key.nparser.KeYParser$FileContext.accept(KeYParser.java:306)
	at de.uka.ilkd.key.nparser.KeyAst.accept(KeyAst.java:41)
	at de.uka.ilkd.key.nparser.KeyAst$File.getIncludes(KeyAst.java:76)
	at de.uka.ilkd.key.proof.io.KeYFile.readIncludes(KeYFile.java:208)
	... 14 more
Could not find rule file rules/intRulesCheckedSemantics.key (file: /home/runner/work/key/key/key.core/../key.ui/examples/index/.././standard_key/java_dl/deepNonNull/deepNonNull2.key; caused by: de.uka.ilkd.key.proof.init.ProofInputException: Could not find rule file rules/intRulesCheckedSemantics.key)
	at de.uka.ilkd.key.control.AbstractUserInterfaceControl.load(AbstractUserInterfaceControl.java:221)
	at de.uka.ilkd.key.control.KeYEnvironment.load(KeYEnvironment.java:251)
	at de.uka.ilkd.key.control.KeYEnvironment.load(KeYEnvironment.java:224)
	at de.uka.ilkd.key.control.KeYEnvironment.load(KeYEnvironment.java:184)
	at de.uka.ilkd.key.control.KeYEnvironment.load(KeYEnvironment.java:261)
	at de.uka.ilkd.key.proof.runallproofs.proofcollection.TestFile.load(TestFile.java:270)
	at de.uka.ilkd.key.proof.runallproofs.proofcollection.TestFile.runKey(TestFile.java:160)
	at de.uka.ilkd.key.proof.runallproofs.proofcollection.ForkedTestFileRunner.main(ForkedTestFileRunner.java:171)
Caused by: de.uka.ilkd.key.proof.init.ProofInputException: Could not find rule file rules/intRulesCheckedSemantics.key
	at de.uka.ilkd.key.proof.io.KeYFile.readIncludes(KeYFile.java:210)
	at de.uka.ilkd.key.proof.init.ProblemInitializer.readIncludes(ProblemInitializer.java:177)
	at de.uka.ilkd.key.proof.init.ProblemInitializer.readEnvInput(ProblemInitializer.java:325)
	at de.uka.ilkd.key.proof.init.ProblemInitializer.prepare(ProblemInitializer.java:449)
	at de.uka.ilkd.key.proof.io.AbstractProblemLoader.createInitConfig(AbstractProblemLoader.java:518)
	at de.uka.ilkd.key.proof.io.AbstractProblemLoader.loadEnvironment(AbstractProblemLoader.java:288)
	at de.uka.ilkd.key.proof.io.AbstractProblemLoader.load(AbstractProblemLoader.java:252)
	at de.uka.ilkd.key.control.AbstractUserInterfaceControl.load(AbstractUserInterfaceControl.java:209)
	... 7 more
Caused by: java.lang.RuntimeException: Could not find rule file rules/intRulesCheckedSemantics.key
	at de.uka.ilkd.key.proof.io.RuleSourceFactory.fromBuiltInRule(RuleSourceFactory.java:32)
	at de.uka.ilkd.key.proof.io.RuleSourceFactory.fromDefaultLocation(RuleSourceFactory.java:21)
	at de.uka.ilkd.key.nparser.builder.IncludeFinder.addInclude(IncludeFinder.java:63)
	at de.uka.ilkd.key.nparser.builder.IncludeFinder.visitOne_include(IncludeFinder.java:43)
	at de.uka.ilkd.key.nparser.builder.IncludeFinder.visitOne_include(IncludeFinder.java:20)
	at de.uka.ilkd.key.nparser.KeYParser$One_includeContext.accept(KeYParser.java:878)
	at de.uka.ilkd.key.nparser.builder.AbstractBuilder.lambda$mapOf$0(AbstractBuilder.java:112)
	at java.base/java.util.stream.ReferencePipeline$3$1.accept(ReferencePipeline.java:195)
	at java.base/java.util.ArrayList$ArrayListSpliterator.forEachRemaining(ArrayList.java:1655)
	at java.base/java.util.stream.AbstractPipeline.copyInto(AbstractPipeline.java:484)
	at java.base/java.util.stream.AbstractPipeline.wrapAndCopyInto(AbstractPipeline.java:474)
	at java.base/java.util.stream.ReduceOps$ReduceOp.evaluateSequential(ReduceOps.java:913)
	at java.base/java.util.stream.AbstractPipeline.evaluate(AbstractPipeline.java:234)
	at java.base/java.util.stream.ReferencePipeline.collect(ReferencePipeline.java:578)
	at de.uka.ilkd.key.nparser.builder.AbstractBuilder.mapOf(AbstractBuilder.java:112)
	at de.uka.ilkd.key.nparser.builder.IncludeFinder.visitOne_include_statement(IncludeFinder.java:35)
	at de.uka.ilkd.key.nparser.builder.IncludeFinder.visitOne_include_statement(IncludeFinder.java:20)
	at de.uka.ilkd.key.nparser.KeYParser$One_include_statementContext.accept(KeYParser.java:802)
	at org.antlr.v4.runtime.tree.AbstractParseTreeVisitor.visitChildren(AbstractParseTreeVisitor.java:46)
	at de.uka.ilkd.key.nparser.KeYParserBaseVisitor.visitDecls(KeYParserBaseVisitor.java:30)
	at de.uka.ilkd.key.nparser.KeYParser$DeclsContext.accept(KeYParser.java:500)
	at org.antlr.v4.runtime.tree.AbstractParseTreeVisitor.visitChildren(AbstractParseTreeVisitor.java:46)
	at de.uka.ilkd.key.nparser.KeYParserBaseVisitor.visitFile(KeYParserBaseVisitor.java:23)
	at de.uka.ilkd.key.nparser.KeYParser$FileContext.accept(KeYParser.java:306)
	at de.uka.ilkd.key.nparser.KeyAst.accept(KeyAst.java:41)
	at de.uka.ilkd.key.nparser.KeyAst$File.getIncludes(KeyAst.java:76)
	at de.uka.ilkd.key.proof.io.KeYFile.readIncludes(KeYFile.java:208)
	... 14 more
Could not find rule file rules/intRulesCheckedSemantics.key (file: /home/runner/work/key/key/key.core/../key.ui/examples/index/.././standard_key/java_dl/deepNonNull/deepNonNull3.key; caused by: de.uka.ilkd.key.proof.init.ProofInputException: Could not find rule file rules/intRulesCheckedSemantics.key)
	at de.uka.ilkd.key.control.AbstractUserInterfaceControl.load(AbstractUserInterfaceControl.java:221)
	at de.uka.ilkd.key.control.KeYEnvironment.load(KeYEnvironment.java:251)
	at de.uka.ilkd.key.control.KeYEnvironment.load(KeYEnvironment.java:224)
	at de.uka.ilkd.key.control.KeYEnvironment.load(KeYEnvironment.java:184)
	at de.uka.ilkd.key.control.KeYEnvironment.load(KeYEnvironment.java:261)
	at de.uka.ilkd.key.proof.runallproofs.proofcollection.TestFile.load(TestFile.java:270)
	at de.uka.ilkd.key.proof.runallproofs.proofcollection.TestFile.runKey(TestFile.java:160)
	at de.uka.ilkd.key.proof.runallproofs.proofcollection.ForkedTestFileRunner.main(ForkedTestFileRunner.java:171)
Caused by: de.uka.ilkd.key.proof.init.ProofInputException: Could not find rule file rules/intRulesCheckedSemantics.key
	at de.uka.ilkd.key.proof.io.KeYFile.readIncludes(KeYFile.java:210)
	at de.uka.ilkd.key.proof.init.ProblemInitializer.readIncludes(ProblemInitializer.java:177)
	at de.uka.ilkd.key.proof.init.ProblemInitializer.readEnvInput(ProblemInitializer.java:325)
	at de.uka.ilkd.key.proof.init.ProblemInitializer.prepare(ProblemInitializer.java:449)
	at de.uka.ilkd.key.proof.io.AbstractProblemLoader.createInitConfig(AbstractProblemLoader.java:518)
	at de.uka.ilkd.key.proof.io.AbstractProblemLoader.loadEnvironment(AbstractProblemLoader.java:288)
	at de.uka.ilkd.key.proof.io.AbstractProblemLoader.load(AbstractProblemLoader.java:252)
	at de.uka.ilkd.key.control.AbstractUserInterfaceControl.load(AbstractUserInterfaceControl.java:209)
	... 7 more
Caused by: java.lang.RuntimeException: Could not find rule file rules/intRulesCheckedSemantics.key
	at de.uka.ilkd.key.proof.io.RuleSourceFactory.fromBuiltInRule(RuleSourceFactory.java:32)
	at de.uka.ilkd.key.proof.io.RuleSourceFactory.fromDefaultLocation(RuleSourceFactory.java:21)
	at de.uka.ilkd.key.nparser.builder.IncludeFinder.addInclude(IncludeFinder.java:63)
	at de.uka.ilkd.key.nparser.builder.IncludeFinder.visitOne_include(IncludeFinder.java:43)
	at de.uka.ilkd.key.nparser.builder.IncludeFinder.visitOne_include(IncludeFinder.java:20)
	at de.uka.ilkd.key.nparser.KeYParser$One_includeContext.accept(KeYParser.java:878)
	at de.uka.ilkd.key.nparser.builder.AbstractBuilder.lambda$mapOf$0(AbstractBuilder.java:112)
	at java.base/java.util.stream.ReferencePipeline$3$1.accept(ReferencePipeline.java:195)
	at java.base/java.util.ArrayList$ArrayListSpliterator.forEachRemaining(ArrayList.java:1655)
	at java.base/java.util.stream.AbstractPipeline.copyInto(AbstractPipeline.java:484)
	at java.base/java.util.stream.AbstractPipeline.wrapAndCopyInto(AbstractPipeline.java:474)
	at java.base/java.util.stream.ReduceOps$ReduceOp.evaluateSequential(ReduceOps.java:913)
	at java.base/java.util.stream.AbstractPipeline.evaluate(AbstractPipeline.java:234)
	at java.base/java.util.stream.ReferencePipeline.collect(ReferencePipeline.java:578)
	at de.uka.ilkd.key.nparser.builder.AbstractBuilder.mapOf(AbstractBuilder.java:112)
	at de.uka.ilkd.key.nparser.builder.IncludeFinder.visitOne_include_statement(IncludeFinder.java:35)
	at de.uka.ilkd.key.nparser.builder.IncludeFinder.visitOne_include_statement(IncludeFinder.java:20)
	at de.uka.ilkd.key.nparser.KeYParser$One_include_statementContext.accept(KeYParser.java:802)
	at org.antlr.v4.runtime.tree.AbstractParseTreeVisitor.visitChildren(AbstractParseTreeVisitor.java:46)
	at de.uka.ilkd.key.nparser.KeYParserBaseVisitor.visitDecls(KeYParserBaseVisitor.java:30)
	at de.uka.ilkd.key.nparser.KeYParser$DeclsContext.accept(KeYParser.java:500)
	at org.antlr.v4.runtime.tree.AbstractParseTreeVisitor.visitChildren(AbstractParseTreeVisitor.java:46)
	at de.uka.ilkd.key.nparser.KeYParserBaseVisitor.visitFile(KeYParserBaseVisitor.java:23)
	at de.uka.ilkd.key.nparser.KeYParser$FileContext.accept(KeYParser.java:306)
	at de.uka.ilkd.key.nparser.KeyAst.accept(KeyAst.java:41)
	at de.uka.ilkd.key.nparser.KeyAst$File.getIncludes(KeyAst.java:76)
	at de.uka.ilkd.key.proof.io.KeYFile.readIncludes(KeYFile.java:208)
	... 14 more
Could not find rule file rules/intRulesCheckedSemantics.key (file: /home/runner/work/key/key/key.core/../key.ui/examples/index/.././standard_key/java_dl/exceptions.key; caused by: de.uka.ilkd.key.proof.init.ProofInputException: Could not find rule file rules/intRulesCheckedSemantics.key)
	at de.uka.ilkd.key.control.AbstractUserInterfaceControl.load(AbstractUserInterfaceControl.java:221)
	at de.uka.ilkd.key.control.KeYEnvironment.load(KeYEnvironment.java:251)
	at de.uka.ilkd.key.control.KeYEnvironment.load(KeYEnvironment.java:224)
	at de.uka.ilkd.key.control.KeYEnvironment.load(KeYEnvironment.java:184)
	at de.uka.ilkd.key.control.KeYEnvironment.load(KeYEnvironment.java:261)
	at de.uka.ilkd.key.proof.runallproofs.proofcollection.TestFile.load(TestFile.java:270)
	at de.uka.ilkd.key.proof.runallproofs.proofcollection.TestFile.runKey(TestFile.java:160)
	at de.uka.ilkd.key.proof.runallproofs.proofcollection.ForkedTestFileRunner.main(ForkedTestFileRunner.java:171)
Caused by: de.uka.ilkd.key.proof.init.ProofInputException: Could not find rule file rules/intRulesCheckedSemantics.key
	at de.uka.ilkd.key.proof.io.KeYFile.readIncludes(KeYFile.java:210)
	at de.uka.ilkd.key.proof.init.ProblemInitializer.readIncludes(ProblemInitializer.java:177)
	at de.uka.ilkd.key.proof.init.ProblemInitializer.readEnvInput(ProblemInitializer.java:325)
	at de.uka.ilkd.key.proof.init.ProblemInitializer.prepare(ProblemInitializer.java:449)
	at de.uka.ilkd.key.proof.io.AbstractProblemLoader.createInitConfig(AbstractProblemLoader.java:518)
	at de.uka.ilkd.key.proof.io.AbstractProblemLoader.loadEnvironment(AbstractProblemLoader.java:288)
	at de.uka.ilkd.key.proof.io.AbstractProblemLoader.load(AbstractProblemLoader.java:252)
	at de.uka.ilkd.key.control.AbstractUserInterfaceControl.load(AbstractUserInterfaceControl.java:209)
	... 7 more
Caused by: java.lang.RuntimeException: Could not find rule file rules/intRulesCheckedSemantics.key
	at de.uka.ilkd.key.proof.io.RuleSourceFactory.fromBuiltInRule(RuleSourceFactory.java:32)
	at de.uka.ilkd.key.proof.io.RuleSourceFactory.fromDefaultLocation(RuleSourceFactory.java:21)
	at de.uka.ilkd.key.nparser.builder.IncludeFinder.addInclude(IncludeFinder.java:63)
	at de.uka.ilkd.key.nparser.builder.IncludeFinder.visitOne_include(IncludeFinder.java:43)
	at de.uka.ilkd.key.nparser.builder.IncludeFinder.visitOne_include(IncludeFinder.java:20)
	at de.uka.ilkd.key.nparser.KeYParser$One_includeContext.accept(KeYParser.java:878)
	at de.uka.ilkd.key.nparser.builder.AbstractBuilder.lambda$mapOf$0(AbstractBuilder.java:112)
	at java.base/java.util.stream.ReferencePipeline$3$1.accept(ReferencePipeline.java:195)
	at java.base/java.util.ArrayList$ArrayListSpliterator.forEachRemaining(ArrayList.java:1655)
	at java.base/java.util.stream.AbstractPipeline.copyInto(AbstractPipeline.java:484)
	at java.base/java.util.stream.AbstractPipeline.wrapAndCopyInto(AbstractPipeline.java:474)
	at java.base/java.util.stream.ReduceOps$ReduceOp.evaluateSequential(ReduceOps.java:913)
	at java.base/java.util.stream.AbstractPipeline.evaluate(AbstractPipeline.java:234)
	at java.base/java.util.stream.ReferencePipeline.collect(ReferencePipeline.java:578)
	at de.uka.ilkd.key.nparser.builder.AbstractBuilder.mapOf(AbstractBuilder.java:112)
	at de.uka.ilkd.key.nparser.builder.IncludeFinder.visitOne_include_statement(IncludeFinder.java:35)
	at de.uka.ilkd.key.nparser.builder.IncludeFinder.visitOne_include_statement(IncludeFinder.java:20)
	at de.uka.ilkd.key.nparser.KeYParser$One_include_statementContext.accept(KeYParser.java:802)
	at org.antlr.v4.runtime.tree.AbstractParseTreeVisitor.visitChildren(AbstractParseTreeVisitor.java:46)
	at de.uka.ilkd.key.nparser.KeYParserBaseVisitor.visitDecls(KeYParserBaseVisitor.java:30)
	at de.uka.ilkd.key.nparser.KeYParser$DeclsContext.accept(KeYParser.java:500)
	at org.antlr.v4.runtime.tree.AbstractParseTreeVisitor.visitChildren(AbstractParseTreeVisitor.java:46)
	at de.uka.ilkd.key.nparser.KeYParserBaseVisitor.visitFile(KeYParserBaseVisitor.java:23)
	at de.uka.ilkd.key.nparser.KeYParser$FileContext.accept(KeYParser.java:306)
	at de.uka.ilkd.key.nparser.KeyAst.accept(KeyAst.java:41)
	at de.uka.ilkd.key.nparser.KeyAst$File.getIncludes(KeyAst.java:76)
	at de.uka.ilkd.key.proof.io.KeYFile.readIncludes(KeYFile.java:208)
	... 14 more
Could not find rule file rules/intRulesCheckedSemantics.key (file: /home/runner/work/key/key/key.core/../key.ui/examples/index/.././standard_key/java_dl/exceptions1.key; caused by: de.uka.ilkd.key.proof.init.ProofInputException: Could not find rule file rules/intRulesCheckedSemantics.key)
	at de.uka.ilkd.key.control.AbstractUserInterfaceControl.load(AbstractUserInterfaceControl.java:221)
	at de.uka.ilkd.key.control.KeYEnvironment.load(KeYEnvironment.java:251)
	at de.uka.ilkd.key.control.KeYEnvironment.load(KeYEnvironment.java:224)
	at de.uka.ilkd.key.control.KeYEnvironment.load(KeYEnvironment.java:184)
	at de.uka.ilkd.key.control.KeYEnvironment.load(KeYEnvironment.java:261)
	at de.uka.ilkd.key.proof.runallproofs.proofcollection.TestFile.load(TestFile.java:270)
	at de.uka.ilkd.key.proof.runallproofs.proofcollection.TestFile.runKey(TestFile.java:160)
	at de.uka.ilkd.key.proof.runallproofs.proofcollection.ForkedTestFileRunner.main(ForkedTestFileRunner.java:171)
Caused by: de.uka.ilkd.key.proof.init.ProofInputException: Could not find rule file rules/intRulesCheckedSemantics.key
	at de.uka.ilkd.key.proof.io.KeYFile.readIncludes(KeYFile.java:210)
	at de.uka.ilkd.key.proof.init.ProblemInitializer.readIncludes(ProblemInitializer.java:177)
	at de.uka.ilkd.key.proof.init.ProblemInitializer.readEnvInput(ProblemInitializer.java:325)
	at de.uka.ilkd.key.proof.init.ProblemInitializer.prepare(ProblemInitializer.java:449)
	at de.uka.ilkd.key.proof.io.AbstractProblemLoader.createInitConfig(AbstractProblemLoader.java:518)
	at de.uka.ilkd.key.proof.io.AbstractProblemLoader.loadEnvironment(AbstractProblemLoader.java:288)
	at de.uka.ilkd.key.proof.io.AbstractProblemLoader.load(AbstractProblemLoader.java:252)
	at de.uka.ilkd.key.control.AbstractUserInterfaceControl.load(AbstractUserInterfaceControl.java:209)
	... 7 more
Caused by: java.lang.RuntimeException: Could not find rule file rules/intRulesCheckedSemantics.key
	at de.uka.ilkd.key.proof.io.RuleSourceFactory.fromBuiltInRule(RuleSourceFactory.java:32)
	at de.uka.ilkd.key.proof.io.RuleSourceFactory.fromDefaultLocation(RuleSourceFactory.java:21)
	at de.uka.ilkd.key.nparser.builder.IncludeFinder.addInclude(IncludeFinder.java:63)
	at de.uka.ilkd.key.nparser.builder.IncludeFinder.visitOne_include(IncludeFinder.java:43)
	at de.uka.ilkd.key.nparser.builder.IncludeFinder.visitOne_include(IncludeFinder.java:20)
	at de.uka.ilkd.key.nparser.KeYParser$One_includeContext.accept(KeYParser.java:878)
	at de.uka.ilkd.key.nparser.builder.AbstractBuilder.lambda$mapOf$0(AbstractBuilder.java:112)
	at java.base/java.util.stream.ReferencePipeline$3$1.accept(ReferencePipeline.java:195)
	at java.base/java.util.ArrayList$ArrayListSpliterator.forEachRemaining(ArrayList.java:1655)
	at java.base/java.util.stream.AbstractPipeline.copyInto(AbstractPipeline.java:484)
	at java.base/java.util.stream.AbstractPipeline.wrapAndCopyInto(AbstractPipeline.java:474)
	at java.base/java.util.stream.ReduceOps$ReduceOp.evaluateSequential(ReduceOps.java:913)
	at java.base/java.util.stream.AbstractPipeline.evaluate(AbstractPipeline.java:234)
	at java.base/java.util.stream.ReferencePipeline.collect(ReferencePipeline.java:578)
	at de.uka.ilkd.key.nparser.builder.AbstractBuilder.mapOf(AbstractBuilder.java:112)
	at de.uka.ilkd.key.nparser.builder.IncludeFinder.visitOne_include_statement(IncludeFinder.java:35)
	at de.uka.ilkd.key.nparser.builder.IncludeFinder.visitOne_include_statement(IncludeFinder.java:20)
	at de.uka.ilkd.key.nparser.KeYParser$One_include_statementContext.accept(KeYParser.java:802)
	at org.antlr.v4.runtime.tree.AbstractParseTreeVisitor.visitChildren(AbstractParseTreeVisitor.java:46)
	at de.uka.ilkd.key.nparser.KeYParserBaseVisitor.visitDecls(KeYParserBaseVisitor.java:30)
	at de.uka.ilkd.key.nparser.KeYParser$DeclsContext.accept(KeYParser.java:500)
	at org.antlr.v4.runtime.tree.AbstractParseTreeVisitor.visitChildren(AbstractParseTreeVisitor.java:46)
	at de.uka.ilkd.key.nparser.KeYParserBaseVisitor.visitFile(KeYParserBaseVisitor.java:23)
	at de.uka.ilkd.key.nparser.KeYParser$FileContext.accept(KeYParser.java:306)
	at de.uka.ilkd.key.nparser.KeyAst.accept(KeyAst.java:41)
	at de.uka.ilkd.key.nparser.KeyAst$File.getIncludes(KeyAst.java:76)
	at de.uka.ilkd.key.proof.io.KeYFile.readIncludes(KeYFile.java:208)
	... 14 more
Could not find rule file rules/intRulesCheckedSemantics.key (file: /home/runner/work/key/key/key.core/../key.ui/examples/index/.././standard_key/java_dl/exceptions2.key; caused by: de.uka.ilkd.key.proof.init.ProofInputException: Could not find rule file rules/intRulesCheckedSemantics.key)
	at de.uka.ilkd.key.control.AbstractUserInterfaceControl.load(AbstractUserInterfaceControl.java:221)
	at de.uka.ilkd.key.control.KeYEnvironment.load(KeYEnvironment.java:251)
	at de.uka.ilkd.key.control.KeYEnvironment.load(KeYEnvironment.java:224)
	at de.uka.ilkd.key.control.KeYEnvironment.load(KeYEnvironment.java:184)
	at de.uka.ilkd.key.control.KeYEnvironment.load(KeYEnvironment.java:261)
	at de.uka.ilkd.key.proof.runallproofs.proofcollection.TestFile.load(TestFile.java:270)
	at de.uka.ilkd.key.proof.runallproofs.proofcollection.TestFile.runKey(TestFile.java:160)
	at de.uka.ilkd.key.proof.runallproofs.proofcollection.ForkedTestFileRunner.main(ForkedTestFileRunner.java:171)
Caused by: de.uka.ilkd.key.proof.init.ProofInputException: Could not find rule file rules/intRulesCheckedSemantics.key
	at de.uka.ilkd.key.proof.io.KeYFile.readIncludes(KeYFile.java:210)
	at de.uka.ilkd.key.proof.init.ProblemInitializer.readIncludes(ProblemInitializer.java:177)
	at de.uka.ilkd.key.proof.init.ProblemInitializer.readEnvInput(ProblemInitializer.java:325)
	at de.uka.ilkd.key.proof.init.ProblemInitializer.prepare(ProblemInitializer.java:449)
	at de.uka.ilkd.key.proof.io.AbstractProblemLoader.createInitConfig(AbstractProblemLoader.java:518)
	at de.uka.ilkd.key.proof.io.AbstractProblemLoader.loadEnvironment(AbstractProblemLoader.java:288)
	at de.uka.ilkd.key.proof.io.AbstractProblemLoader.load(AbstractProblemLoader.java:252)
	at de.uka.ilkd.key.control.AbstractUserInterfaceControl.load(AbstractUserInterfaceControl.java:209)
	... 7 more
Caused by: java.lang.RuntimeException: Could not find rule file rules/intRulesCheckedSemantics.key
	at de.uka.ilkd.key.proof.io.RuleSourceFactory.fromBuiltInRule(RuleSourceFactory.java:32)
	at de.uka.ilkd.key.proof.io.RuleSourceFactory.fromDefaultLocation(RuleSourceFactory.java:21)
	at de.uka.ilkd.key.nparser.builder.IncludeFinder.addInclude(IncludeFinder.java:63)
	at de.uka.ilkd.key.nparser.builder.IncludeFinder.visitOne_include(IncludeFinder.java:43)
	at de.uka.ilkd.key.nparser.builder.IncludeFinder.visitOne_include(IncludeFinder.java:20)
	at de.uka.ilkd.key.nparser.KeYParser$One_includeContext.accept(KeYParser.java:878)
	at de.uka.ilkd.key.nparser.builder.AbstractBuilder.lambda$mapOf$0(AbstractBuilder.java:112)
	at java.base/java.util.stream.ReferencePipeline$3$1.accept(ReferencePipeline.java:195)
	at java.base/java.util.ArrayList$ArrayListSpliterator.forEachRemaining(ArrayList.java:1655)
	at java.base/java.util.stream.AbstractPipeline.copyInto(AbstractPipeline.java:484)
	at java.base/java.util.stream.AbstractPipeline.wrapAndCopyInto(AbstractPipeline.java:474)
	at java.base/java.util.stream.ReduceOps$ReduceOp.evaluateSequential(ReduceOps.java:913)
	at java.base/java.util.stream.AbstractPipeline.evaluate(AbstractPipeline.java:234)
	at java.base/java.util.stream.ReferencePipeline.collect(ReferencePipeline.java:578)
	at de.uka.ilkd.key.nparser.builder.AbstractBuilder.mapOf(AbstractBuilder.java:112)
	at de.uka.ilkd.key.nparser.builder.IncludeFinder.visitOne_include_statement(IncludeFinder.java:35)
	at de.uka.ilkd.key.nparser.builder.IncludeFinder.visitOne_include_statement(IncludeFinder.java:20)
	at de.uka.ilkd.key.nparser.KeYParser$One_include_statementContext.accept(KeYParser.java:802)
	at org.antlr.v4.runtime.tree.AbstractParseTreeVisitor.visitChildren(AbstractParseTreeVisitor.java:46)
	at de.uka.ilkd.key.nparser.KeYParserBaseVisitor.visitDecls(KeYParserBaseVisitor.java:30)
	at de.uka.ilkd.key.nparser.KeYParser$DeclsContext.accept(KeYParser.java:500)
	at org.antlr.v4.runtime.tree.AbstractParseTreeVisitor.visitChildren(AbstractParseTreeVisitor.java:46)
	at de.uka.ilkd.key.nparser.KeYParserBaseVisitor.visitFile(KeYParserBaseVisitor.java:23)
	at de.uka.ilkd.key.nparser.KeYParser$FileContext.accept(KeYParser.java:306)
	at de.uka.ilkd.key.nparser.KeyAst.accept(KeyAst.java:41)
	at de.uka.ilkd.key.nparser.KeyAst$File.getIncludes(KeyAst.java:76)
	at de.uka.ilkd.key.proof.io.KeYFile.readIncludes(KeYFile.java:208)
	... 14 more
Could not find rule file rules/intRulesCheckedSemantics.key (file: /home/runner/work/key/key/key.core/../key.ui/examples/index/.././standard_key/java_dl/exceptions3.key; caused by: de.uka.ilkd.key.proof.init.ProofInputException: Could not find rule file rules/intRulesCheckedSemantics.key)
	at de.uka.ilkd.key.control.AbstractUserInterfaceControl.load(AbstractUserInterfaceControl.java:221)
	at de.uka.ilkd.key.control.KeYEnvironment.load(KeYEnvironment.java:251)
	at de.uka.ilkd.key.control.KeYEnvironment.load(KeYEnvironment.java:224)
	at de.uka.ilkd.key.control.KeYEnvironment.load(KeYEnvironment.java:184)
	at de.uka.ilkd.key.control.KeYEnvironment.load(KeYEnvironment.java:261)
	at de.uka.ilkd.key.proof.runallproofs.proofcollection.TestFile.load(TestFile.java:270)
	at de.uka.ilkd.key.proof.runallproofs.proofcollection.TestFile.runKey(TestFile.java:160)
	at de.uka.ilkd.key.proof.runallproofs.proofcollection.ForkedTestFileRunner.main(ForkedTestFileRunner.java:171)
Caused by: de.uka.ilkd.key.proof.init.ProofInputException: Could not find rule file rules/intRulesCheckedSemantics.key
	at de.uka.ilkd.key.proof.io.KeYFile.readIncludes(KeYFile.java:210)
	at de.uka.ilkd.key.proof.init.ProblemInitializer.readIncludes(ProblemInitializer.java:177)
	at de.uka.ilkd.key.proof.init.ProblemInitializer.readEnvInput(ProblemInitializer.java:325)
	at de.uka.ilkd.key.proof.init.ProblemInitializer.prepare(ProblemInitializer.java:449)
	at de.uka.ilkd.key.proof.io.AbstractProblemLoader.createInitConfig(AbstractProblemLoader.java:518)
	at de.uka.ilkd.key.proof.io.AbstractProblemLoader.loadEnvironment(AbstractProblemLoader.java:288)
	at de.uka.ilkd.key.proof.io.AbstractProblemLoader.load(AbstractProblemLoader.java:252)
	at de.uka.ilkd.key.control.AbstractUserInterfaceControl.load(AbstractUserInterfaceControl.java:209)
	... 7 more
Caused by: java.lang.RuntimeException: Could not find rule file rules/intRulesCheckedSemantics.key
	at de.uka.ilkd.key.proof.io.RuleSourceFactory.fromBuiltInRule(RuleSourceFactory.java:32)
	at de.uka.ilkd.key.proof.io.RuleSourceFactory.fromDefaultLocation(RuleSourceFactory.java:21)
	at de.uka.ilkd.key.nparser.builder.IncludeFinder.addInclude(IncludeFinder.java:63)
	at de.uka.ilkd.key.nparser.builder.IncludeFinder.visitOne_include(IncludeFinder.java:43)
	at de.uka.ilkd.key.nparser.builder.IncludeFinder.visitOne_include(IncludeFinder.java:20)
	at de.uka.ilkd.key.nparser.KeYParser$One_includeContext.accept(KeYParser.java:878)
	at de.uka.ilkd.key.nparser.builder.AbstractBuilder.lambda$mapOf$0(AbstractBuilder.java:112)
	at java.base/java.util.stream.ReferencePipeline$3$1.accept(ReferencePipeline.java:195)
	at java.base/java.util.ArrayList$ArrayListSpliterator.forEachRemaining(ArrayList.java:1655)
	at java.base/java.util.stream.AbstractPipeline.copyInto(AbstractPipeline.java:484)
	at java.base/java.util.stream.AbstractPipeline.wrapAndCopyInto(AbstractPipeline.java:474)
	at java.base/java.util.stream.ReduceOps$ReduceOp.evaluateSequential(ReduceOps.java:913)
	at java.base/java.util.stream.AbstractPipeline.evaluate(AbstractPipeline.java:234)
	at java.base/java.util.stream.ReferencePipeline.collect(ReferencePipeline.java:578)
	at de.uka.ilkd.key.nparser.builder.AbstractBuilder.mapOf(AbstractBuilder.java:112)
	at de.uka.ilkd.key.nparser.builder.IncludeFinder.visitOne_include_statement(IncludeFinder.java:35)
	at de.uka.ilkd.key.nparser.builder.IncludeFinder.visitOne_include_statement(IncludeFinder.java:20)
	at de.uka.ilkd.key.nparser.KeYParser$One_include_statementContext.accept(KeYParser.java:802)
	at org.antlr.v4.runtime.tree.AbstractParseTreeVisitor.visitChildren(AbstractParseTreeVisitor.java:46)
	at de.uka.ilkd.key.nparser.KeYParserBaseVisitor.visitDecls(KeYParserBaseVisitor.java:30)
	at de.uka.ilkd.key.nparser.KeYParser$DeclsContext.accept(KeYParser.java:500)
	at org.antlr.v4.runtime.tree.AbstractParseTreeVisitor.visitChildren(AbstractParseTreeVisitor.java:46)
	at de.uka.ilkd.key.nparser.KeYParserBaseVisitor.visitFile(KeYParserBaseVisitor.java:23)
	at de.uka.ilkd.key.nparser.KeYParser$FileContext.accept(KeYParser.java:306)
	at de.uka.ilkd.key.nparser.KeyAst.accept(KeyAst.java:41)
	at de.uka.ilkd.key.nparser.KeyAst$File.getIncludes(KeyAst.java:76)
	at de.uka.ilkd.key.proof.io.KeYFile.readIncludes(KeYFile.java:208)
	... 14 more
Could not find rule file rules/intRulesCheckedSemantics.key (file: /home/runner/work/key/key/key.core/../key.ui/examples/index/.././standard_key/java_dl/exchange.key; caused by: de.uka.ilkd.key.proof.init.ProofInputException: Could not find rule file rules/intRulesCheckedSemantics.key)
	at de.uka.ilkd.key.control.AbstractUserInterfaceControl.load(AbstractUserInterfaceControl.java:221)
	at de.uka.ilkd.key.control.KeYEnvironment.load(KeYEnvironment.java:251)
	at de.uka.ilkd.key.control.KeYEnvironment.load(KeYEnvironment.java:224)
	at de.uka.ilkd.key.control.KeYEnvironment.load(KeYEnvironment.java:184)
	at de.uka.ilkd.key.control.KeYEnvironment.load(KeYEnvironment.java:261)
	at de.uka.ilkd.key.proof.runallproofs.proofcollection.TestFile.load(TestFile.java:270)
	at de.uka.ilkd.key.proof.runallproofs.proofcollection.TestFile.runKey(TestFile.java:160)
	at de.uka.ilkd.key.proof.runallproofs.proofcollection.ForkedTestFileRunner.main(ForkedTestFileRunner.java:171)
Caused by: de.uka.ilkd.key.proof.init.ProofInputException: Could not find rule file rules/intRulesCheckedSemantics.key
	at de.uka.ilkd.key.proof.io.KeYFile.readIncludes(KeYFile.java:210)
	at de.uka.ilkd.key.proof.init.ProblemInitializer.readIncludes(ProblemInitializer.java:177)
	at de.uka.ilkd.key.proof.init.ProblemInitializer.readEnvInput(ProblemInitializer.java:325)
	at de.uka.ilkd.key.proof.init.ProblemInitializer.prepare(ProblemInitializer.java:449)
	at de.uka.ilkd.key.proof.io.AbstractProblemLoader.createInitConfig(AbstractProblemLoader.java:518)
	at de.uka.ilkd.key.proof.io.AbstractProblemLoader.loadEnvironment(AbstractProblemLoader.java:288)
	at de.uka.ilkd.key.proof.io.AbstractProblemLoader.load(AbstractProblemLoader.java:252)
	at de.uka.ilkd.key.control.AbstractUserInterfaceControl.load(AbstractUserInterfaceControl.java:209)
	... 7 more
Caused by: java.lang.RuntimeException: Could not find rule file rules/intRulesCheckedSemantics.key
	at de.uka.ilkd.key.proof.io.RuleSourceFactory.fromBuiltInRule(RuleSourceFactory.java:32)
	at de.uka.ilkd.key.proof.io.RuleSourceFactory.fromDefaultLocation(RuleSourceFactory.java:21)
	at de.uka.ilkd.key.nparser.builder.IncludeFinder.addInclude(IncludeFinder.java:63)
	at de.uka.ilkd.key.nparser.builder.IncludeFinder.visitOne_include(IncludeFinder.java:43)
	at de.uka.ilkd.key.nparser.builder.IncludeFinder.visitOne_include(IncludeFinder.java:20)
	at de.uka.ilkd.key.nparser.KeYParser$One_includeContext.accept(KeYParser.java:878)
	at de.uka.ilkd.key.nparser.builder.AbstractBuilder.lambda$mapOf$0(AbstractBuilder.java:112)
	at java.base/java.util.stream.ReferencePipeline$3$1.accept(ReferencePipeline.java:195)
	at java.base/java.util.ArrayList$ArrayListSpliterator.forEachRemaining(ArrayList.java:1655)
	at java.base/java.util.stream.AbstractPipeline.copyInto(AbstractPipeline.java:484)
	at java.base/java.util.stream.AbstractPipeline.wrapAndCopyInto(AbstractPipeline.java:474)
	at java.base/java.util.stream.ReduceOps$ReduceOp.evaluateSequential(ReduceOps.java:913)
	at java.base/java.util.stream.AbstractPipeline.evaluate(AbstractPipeline.java:234)
	at java.base/java.util.stream.ReferencePipeline.collect(ReferencePipeline.java:578)
	at de.uka.ilkd.key.nparser.builder.AbstractBuilder.mapOf(AbstractBuilder.java:112)
	at de.uka.ilkd.key.nparser.builder.IncludeFinder.visitOne_include_statement(IncludeFinder.java:35)
	at de.uka.ilkd.key.nparser.builder.IncludeFinder.visitOne_include_statement(IncludeFinder.java:20)
	at de.uka.ilkd.key.nparser.KeYParser$One_include_statementContext.accept(KeYParser.java:802)
	at org.antlr.v4.runtime.tree.AbstractParseTreeVisitor.visitChildren(AbstractParseTreeVisitor.java:46)
	at de.uka.ilkd.key.nparser.KeYParserBaseVisitor.visitDecls(KeYParserBaseVisitor.java:30)
	at de.uka.ilkd.key.nparser.KeYParser$DeclsContext.accept(KeYParser.java:500)
	at org.antlr.v4.runtime.tree.AbstractParseTreeVisitor.visitChildren(AbstractParseTreeVisitor.java:46)
	at de.uka.ilkd.key.nparser.KeYParserBaseVisitor.visitFile(KeYParserBaseVisitor.java:23)
	at de.uka.ilkd.key.nparser.KeYParser$FileContext.accept(KeYParser.java:306)
	at de.uka.ilkd.key.nparser.KeyAst.accept(KeyAst.java:41)
	at de.uka.ilkd.key.nparser.KeyAst$File.getIncludes(KeyAst.java:76)
	at de.uka.ilkd.key.proof.io.KeYFile.readIncludes(KeYFile.java:208)
	... 14 more
Could not find rule file rules/intRulesCheckedSemantics.key (file: /home/runner/work/key/key/key.core/../key.ui/examples/index/.././standard_key/java_dl/if.key; caused by: de.uka.ilkd.key.proof.init.ProofInputException: Could not find rule file rules/intRulesCheckedSemantics.key)
	at de.uka.ilkd.key.control.AbstractUserInterfaceControl.load(AbstractUserInterfaceControl.java:221)
	at de.uka.ilkd.key.control.KeYEnvironment.load(KeYEnvironment.java:251)
	at de.uka.ilkd.key.control.KeYEnvironment.load(KeYEnvironment.java:224)
	at de.uka.ilkd.key.control.KeYEnvironment.load(KeYEnvironment.java:184)
	at de.uka.ilkd.key.control.KeYEnvironment.load(KeYEnvironment.java:261)
	at de.uka.ilkd.key.proof.runallproofs.proofcollection.TestFile.load(TestFile.java:270)
	at de.uka.ilkd.key.proof.runallproofs.proofcollection.TestFile.runKey(TestFile.java:160)
	at de.uka.ilkd.key.proof.runallproofs.proofcollection.ForkedTestFileRunner.main(ForkedTestFileRunner.java:171)
Caused by: de.uka.ilkd.key.proof.init.ProofInputException: Could not find rule file rules/intRulesCheckedSemantics.key
	at de.uka.ilkd.key.proof.io.KeYFile.readIncludes(KeYFile.java:210)
	at de.uka.ilkd.key.proof.init.ProblemInitializer.readIncludes(ProblemInitializer.java:177)
	at de.uka.ilkd.key.proof.init.ProblemInitializer.readEnvInput(ProblemInitializer.java:325)
	at de.uka.ilkd.key.proof.init.ProblemInitializer.prepare(ProblemInitializer.java:449)
	at de.uka.ilkd.key.proof.io.AbstractProblemLoader.createInitConfig(AbstractProblemLoader.java:518)
	at de.uka.ilkd.key.proof.io.AbstractProblemLoader.loadEnvironment(AbstractProblemLoader.java:288)
	at de.uka.ilkd.key.proof.io.AbstractProblemLoader.load(AbstractProblemLoader.java:252)
	at de.uka.ilkd.key.control.AbstractUserInterfaceControl.load(AbstractUserInterfaceControl.java:209)
	... 7 more
Caused by: java.lang.RuntimeException: Could not find rule file rules/intRulesCheckedSemantics.key
	at de.uka.ilkd.key.proof.io.RuleSourceFactory.fromBuiltInRule(RuleSourceFactory.java:32)
	at de.uka.ilkd.key.proof.io.RuleSourceFactory.fromDefaultLocation(RuleSourceFactory.java:21)
	at de.uka.ilkd.key.nparser.builder.IncludeFinder.addInclude(IncludeFinder.java:63)
	at de.uka.ilkd.key.nparser.builder.IncludeFinder.visitOne_include(IncludeFinder.java:43)
	at de.uka.ilkd.key.nparser.builder.IncludeFinder.visitOne_include(IncludeFinder.java:20)
	at de.uka.ilkd.key.nparser.KeYParser$One_includeContext.accept(KeYParser.java:878)
	at de.uka.ilkd.key.nparser.builder.AbstractBuilder.lambda$mapOf$0(AbstractBuilder.java:112)
	at java.base/java.util.stream.ReferencePipeline$3$1.accept(ReferencePipeline.java:195)
	at java.base/java.util.ArrayList$ArrayListSpliterator.forEachRemaining(ArrayList.java:1655)
	at java.base/java.util.stream.AbstractPipeline.copyInto(AbstractPipeline.java:484)
	at java.base/java.util.stream.AbstractPipeline.wrapAndCopyInto(AbstractPipeline.java:474)
	at java.base/java.util.stream.ReduceOps$ReduceOp.evaluateSequential(ReduceOps.java:913)
	at java.base/java.util.stream.AbstractPipeline.evaluate(AbstractPipeline.java:234)
	at java.base/java.util.stream.ReferencePipeline.collect(ReferencePipeline.java:578)
	at de.uka.ilkd.key.nparser.builder.AbstractBuilder.mapOf(AbstractBuilder.java:112)
	at de.uka.ilkd.key.nparser.builder.IncludeFinder.visitOne_include_statement(IncludeFinder.java:35)
	at de.uka.ilkd.key.nparser.builder.IncludeFinder.visitOne_include_statement(IncludeFinder.java:20)
	at de.uka.ilkd.key.nparser.KeYParser$One_include_statementContext.accept(KeYParser.java:802)
	at org.antlr.v4.runtime.tree.AbstractParseTreeVisitor.visitChildren(AbstractParseTreeVisitor.java:46)
	at de.uka.ilkd.key.nparser.KeYParserBaseVisitor.visitDecls(KeYParserBaseVisitor.java:30)
	at de.uka.ilkd.key.nparser.KeYParser$DeclsContext.accept(KeYParser.java:500)
	at org.antlr.v4.runtime.tree.AbstractParseTreeVisitor.visitChildren(AbstractParseTreeVisitor.java:46)
	at de.uka.ilkd.key.nparser.KeYParserBaseVisitor.visitFile(KeYParserBaseVisitor.java:23)
	at de.uka.ilkd.key.nparser.KeYParser$FileContext.accept(KeYParser.java:306)
	at de.uka.ilkd.key.nparser.KeyAst.accept(KeyAst.java:41)
	at de.uka.ilkd.key.nparser.KeyAst$File.getIncludes(KeyAst.java:76)
	at de.uka.ilkd.key.proof.io.KeYFile.readIncludes(KeYFile.java:208)
	... 14 more
Could not find rule file rules/intRulesCheckedSemantics.key (file: /home/runner/work/key/key/key.core/../key.ui/examples/index/.././standard_key/java_dl/incrementcounter.key; caused by: de.uka.ilkd.key.proof.init.ProofInputException: Could not find rule file rules/intRulesCheckedSemantics.key)
	at de.uka.ilkd.key.control.AbstractUserInterfaceControl.load(AbstractUserInterfaceControl.java:221)
	at de.uka.ilkd.key.control.KeYEnvironment.load(KeYEnvironment.java:251)
	at de.uka.ilkd.key.control.KeYEnvironment.load(KeYEnvironment.java:224)
	at de.uka.ilkd.key.control.KeYEnvironment.load(KeYEnvironment.java:184)
	at de.uka.ilkd.key.control.KeYEnvironment.load(KeYEnvironment.java:261)
	at de.uka.ilkd.key.proof.runallproofs.proofcollection.TestFile.load(TestFile.java:270)
	at de.uka.ilkd.key.proof.runallproofs.proofcollection.TestFile.runKey(TestFile.java:160)
	at de.uka.ilkd.key.proof.runallproofs.proofcollection.ForkedTestFileRunner.main(ForkedTestFileRunner.java:171)
Caused by: de.uka.ilkd.key.proof.init.ProofInputException: Could not find rule file rules/intRulesCheckedSemantics.key
	at de.uka.ilkd.key.proof.io.KeYFile.readIncludes(KeYFile.java:210)
	at de.uka.ilkd.key.proof.init.ProblemInitializer.readIncludes(ProblemInitializer.java:177)
	at de.uka.ilkd.key.proof.init.ProblemInitializer.readEnvInput(ProblemInitializer.java:325)
	at de.uka.ilkd.key.proof.init.ProblemInitializer.prepare(ProblemInitializer.java:449)
	at de.uka.ilkd.key.proof.io.AbstractProblemLoader.createInitConfig(AbstractProblemLoader.java:518)
	at de.uka.ilkd.key.proof.io.AbstractProblemLoader.loadEnvironment(AbstractProblemLoader.java:288)
	at de.uka.ilkd.key.proof.io.AbstractProblemLoader.load(AbstractProblemLoader.java:252)
	at de.uka.ilkd.key.control.AbstractUserInterfaceControl.load(AbstractUserInterfaceControl.java:209)
	... 7 more
Caused by: java.lang.RuntimeException: Could not find rule file rules/intRulesCheckedSemantics.key
	at de.uka.ilkd.key.proof.io.RuleSourceFactory.fromBuiltInRule(RuleSourceFactory.java:32)
	at de.uka.ilkd.key.proof.io.RuleSourceFactory.fromDefaultLocation(RuleSourceFactory.java:21)
	at de.uka.ilkd.key.nparser.builder.IncludeFinder.addInclude(IncludeFinder.java:63)
	at de.uka.ilkd.key.nparser.builder.IncludeFinder.visitOne_include(IncludeFinder.java:43)
	at de.uka.ilkd.key.nparser.builder.IncludeFinder.visitOne_include(IncludeFinder.java:20)
	at de.uka.ilkd.key.nparser.KeYParser$One_includeContext.accept(KeYParser.java:878)
	at de.uka.ilkd.key.nparser.builder.AbstractBuilder.lambda$mapOf$0(AbstractBuilder.java:112)
	at java.base/java.util.stream.ReferencePipeline$3$1.accept(ReferencePipeline.java:195)
	at java.base/java.util.ArrayList$ArrayListSpliterator.forEachRemaining(ArrayList.java:1655)
	at java.base/java.util.stream.AbstractPipeline.copyInto(AbstractPipeline.java:484)
	at java.base/java.util.stream.AbstractPipeline.wrapAndCopyInto(AbstractPipeline.java:474)
	at java.base/java.util.stream.ReduceOps$ReduceOp.evaluateSequential(ReduceOps.java:913)
	at java.base/java.util.stream.AbstractPipeline.evaluate(AbstractPipeline.java:234)
	at java.base/java.util.stream.ReferencePipeline.collect(ReferencePipeline.java:578)
	at de.uka.ilkd.key.nparser.builder.AbstractBuilder.mapOf(AbstractBuilder.java:112)
	at de.uka.ilkd.key.nparser.builder.IncludeFinder.visitOne_include_statement(IncludeFinder.java:35)
	at de.uka.ilkd.key.nparser.builder.IncludeFinder.visitOne_include_statement(IncludeFinder.java:20)
	at de.uka.ilkd.key.nparser.KeYParser$One_include_statementContext.accept(KeYParser.java:802)
	at org.antlr.v4.runtime.tree.AbstractParseTreeVisitor.visitChildren(AbstractParseTreeVisitor.java:46)
	at de.uka.ilkd.key.nparser.KeYParserBaseVisitor.visitDecls(KeYParserBaseVisitor.java:30)
	at de.uka.ilkd.key.nparser.KeYParser$DeclsContext.accept(KeYParser.java:500)
	at org.antlr.v4.runtime.tree.AbstractParseTreeVisitor.visitChildren(AbstractParseTreeVisitor.java:46)
	at de.uka.ilkd.key.nparser.KeYParserBaseVisitor.visitFile(KeYParserBaseVisitor.java:23)
	at de.uka.ilkd.key.nparser.KeYParser$FileContext.accept(KeYParser.java:306)
	at de.uka.ilkd.key.nparser.KeyAst.accept(KeyAst.java:41)
	at de.uka.ilkd.key.nparser.KeyAst$File.getIncludes(KeyAst.java:76)
	at de.uka.ilkd.key.proof.io.KeYFile.readIncludes(KeYFile.java:208)
	... 14 more
Could not find rule file rules/intRulesCheckedSemantics.key (file: /home/runner/work/key/key/key.core/../key.ui/examples/index/.././standard_key/java_dl/danglingElse.key; caused by: de.uka.ilkd.key.proof.init.ProofInputException: Could not find rule file rules/intRulesCheckedSemantics.key)
	at de.uka.ilkd.key.control.AbstractUserInterfaceControl.load(AbstractUserInterfaceControl.java:221)
	at de.uka.ilkd.key.control.KeYEnvironment.load(KeYEnvironment.java:251)
	at de.uka.ilkd.key.control.KeYEnvironment.load(KeYEnvironment.java:224)
	at de.uka.ilkd.key.control.KeYEnvironment.load(KeYEnvironment.java:184)
	at de.uka.ilkd.key.control.KeYEnvironment.load(KeYEnvironment.java:261)
	at de.uka.ilkd.key.proof.runallproofs.proofcollection.TestFile.load(TestFile.java:270)
	at de.uka.ilkd.key.proof.runallproofs.proofcollection.TestFile.runKey(TestFile.java:160)
	at de.uka.ilkd.key.proof.runallproofs.proofcollection.ForkedTestFileRunner.main(ForkedTestFileRunner.java:171)
Caused by: de.uka.ilkd.key.proof.init.ProofInputException: Could not find rule file rules/intRulesCheckedSemantics.key
	at de.uka.ilkd.key.proof.io.KeYFile.readIncludes(KeYFile.java:210)
	at de.uka.ilkd.key.proof.init.ProblemInitializer.readIncludes(ProblemInitializer.java:177)
	at de.uka.ilkd.key.proof.init.ProblemInitializer.readEnvInput(ProblemInitializer.java:325)
	at de.uka.ilkd.key.proof.init.ProblemInitializer.prepare(ProblemInitializer.java:449)
	at de.uka.ilkd.key.proof.io.AbstractProblemLoader.createInitConfig(AbstractProblemLoader.java:518)
	at de.uka.ilkd.key.proof.io.AbstractProblemLoader.loadEnvironment(AbstractProblemLoader.java:288)
	at de.uka.ilkd.key.proof.io.AbstractProblemLoader.load(AbstractProblemLoader.java:252)
	at de.uka.ilkd.key.control.AbstractUserInterfaceControl.load(AbstractUserInterfaceControl.java:209)
	... 7 more
Caused by: java.lang.RuntimeException: Could not find rule file rules/intRulesCheckedSemantics.key
	at de.uka.ilkd.key.proof.io.RuleSourceFactory.fromBuiltInRule(RuleSourceFactory.java:32)
	at de.uka.ilkd.key.proof.io.RuleSourceFactory.fromDefaultLocation(RuleSourceFactory.java:21)
	at de.uka.ilkd.key.nparser.builder.IncludeFinder.addInclude(IncludeFinder.java:63)
	at de.uka.ilkd.key.nparser.builder.IncludeFinder.visitOne_include(IncludeFinder.java:43)
	at de.uka.ilkd.key.nparser.builder.IncludeFinder.visitOne_include(IncludeFinder.java:20)
	at de.uka.ilkd.key.nparser.KeYParser$One_includeContext.accept(KeYParser.java:878)
	at de.uka.ilkd.key.nparser.builder.AbstractBuilder.lambda$mapOf$0(AbstractBuilder.java:112)
	at java.base/java.util.stream.ReferencePipeline$3$1.accept(ReferencePipeline.java:195)
	at java.base/java.util.ArrayList$ArrayListSpliterator.forEachRemaining(ArrayList.java:1655)
	at java.base/java.util.stream.AbstractPipeline.copyInto(AbstractPipeline.java:484)
	at java.base/java.util.stream.AbstractPipeline.wrapAndCopyInto(AbstractPipeline.java:474)
	at java.base/java.util.stream.ReduceOps$ReduceOp.evaluateSequential(ReduceOps.java:913)
	at java.base/java.util.stream.AbstractPipeline.evaluate(AbstractPipeline.java:234)
	at java.base/java.util.stream.ReferencePipeline.collect(ReferencePipeline.java:578)
	at de.uka.ilkd.key.nparser.builder.AbstractBuilder.mapOf(AbstractBuilder.java:112)
	at de.uka.ilkd.key.nparser.builder.IncludeFinder.visitOne_include_statement(IncludeFinder.java:35)
	at de.uka.ilkd.key.nparser.builder.IncludeFinder.visitOne_include_statement(IncludeFinder.java:20)
	at de.uka.ilkd.key.nparser.KeYParser$One_include_statementContext.accept(KeYParser.java:802)
	at org.antlr.v4.runtime.tree.AbstractParseTreeVisitor.visitChildren(AbstractParseTreeVisitor.java:46)
	at de.uka.ilkd.key.nparser.KeYParserBaseVisitor.visitDecls(KeYParserBaseVisitor.java:30)
	at de.uka.ilkd.key.nparser.KeYParser$DeclsContext.accept(KeYParser.java:500)
	at org.antlr.v4.runtime.tree.AbstractParseTreeVisitor.visitChildren(AbstractParseTreeVisitor.java:46)
	at de.uka.ilkd.key.nparser.KeYParserBaseVisitor.visitFile(KeYParserBaseVisitor.java:23)
	at de.uka.ilkd.key.nparser.KeYParser$FileContext.accept(KeYParser.java:306)
	at de.uka.ilkd.key.nparser.KeyAst.accept(KeyAst.java:41)
	at de.uka.ilkd.key.nparser.KeyAst$File.getIncludes(KeyAst.java:76)
	at de.uka.ilkd.key.proof.io.KeYFile.readIncludes(KeYFile.java:208)
	... 14 more
Could not find rule file rules/intRulesCheckedSemantics.key (file: /home/runner/work/key/key/key.core/../key.ui/examples/index/.././standard_key/java_dl/iteratedAssignment.key; caused by: de.uka.ilkd.key.proof.init.ProofInputException: Could not find rule file rules/intRulesCheckedSemantics.key)
	at de.uka.ilkd.key.control.AbstractUserInterfaceControl.load(AbstractUserInterfaceControl.java:221)
	at de.uka.ilkd.key.control.KeYEnvironment.load(KeYEnvironment.java:251)
	at de.uka.ilkd.key.control.KeYEnvironment.load(KeYEnvironment.java:224)
	at de.uka.ilkd.key.control.KeYEnvironment.load(KeYEnvironment.java:184)
	at de.uka.ilkd.key.control.KeYEnvironment.load(KeYEnvironment.java:261)
	at de.uka.ilkd.key.proof.runallproofs.proofcollection.TestFile.load(TestFile.java:270)
	at de.uka.ilkd.key.proof.runallproofs.proofcollection.TestFile.runKey(TestFile.java:160)
	at de.uka.ilkd.key.proof.runallproofs.proofcollection.ForkedTestFileRunner.main(ForkedTestFileRunner.java:171)
Caused by: de.uka.ilkd.key.proof.init.ProofInputException: Could not find rule file rules/intRulesCheckedSemantics.key
	at de.uka.ilkd.key.proof.io.KeYFile.readIncludes(KeYFile.java:210)
	at de.uka.ilkd.key.proof.init.ProblemInitializer.readIncludes(ProblemInitializer.java:177)
	at de.uka.ilkd.key.proof.init.ProblemInitializer.readEnvInput(ProblemInitializer.java:325)
	at de.uka.ilkd.key.proof.init.ProblemInitializer.prepare(ProblemInitializer.java:449)
	at de.uka.ilkd.key.proof.io.AbstractProblemLoader.createInitConfig(AbstractProblemLoader.java:518)
	at de.uka.ilkd.key.proof.io.AbstractProblemLoader.loadEnvironment(AbstractProblemLoader.java:288)
	at de.uka.ilkd.key.proof.io.AbstractProblemLoader.load(AbstractProblemLoader.java:252)
	at de.uka.ilkd.key.control.AbstractUserInterfaceControl.load(AbstractUserInterfaceControl.java:209)
	... 7 more
Caused by: java.lang.RuntimeException: Could not find rule file rules/intRulesCheckedSemantics.key
	at de.uka.ilkd.key.proof.io.RuleSourceFactory.fromBuiltInRule(RuleSourceFactory.java:32)
	at de.uka.ilkd.key.proof.io.RuleSourceFactory.fromDefaultLocation(RuleSourceFactory.java:21)
	at de.uka.ilkd.key.nparser.builder.IncludeFinder.addInclude(IncludeFinder.java:63)
	at de.uka.ilkd.key.nparser.builder.IncludeFinder.visitOne_include(IncludeFinder.java:43)
	at de.uka.ilkd.key.nparser.builder.IncludeFinder.visitOne_include(IncludeFinder.java:20)
	at de.uka.ilkd.key.nparser.KeYParser$One_includeContext.accept(KeYParser.java:878)
	at de.uka.ilkd.key.nparser.builder.AbstractBuilder.lambda$mapOf$0(AbstractBuilder.java:112)
	at java.base/java.util.stream.ReferencePipeline$3$1.accept(ReferencePipeline.java:195)
	at java.base/java.util.ArrayList$ArrayListSpliterator.forEachRemaining(ArrayList.java:1655)
	at java.base/java.util.stream.AbstractPipeline.copyInto(AbstractPipeline.java:484)
	at java.base/java.util.stream.AbstractPipeline.wrapAndCopyInto(AbstractPipeline.java:474)
	at java.base/java.util.stream.ReduceOps$ReduceOp.evaluateSequential(ReduceOps.java:913)
	at java.base/java.util.stream.AbstractPipeline.evaluate(AbstractPipeline.java:234)
	at java.base/java.util.stream.ReferencePipeline.collect(ReferencePipeline.java:578)
	at de.uka.ilkd.key.nparser.builder.AbstractBuilder.mapOf(AbstractBuilder.java:112)
	at de.uka.ilkd.key.nparser.builder.IncludeFinder.visitOne_include_statement(IncludeFinder.java:35)
	at de.uka.ilkd.key.nparser.builder.IncludeFinder.visitOne_include_statement(IncludeFinder.java:20)
	at de.uka.ilkd.key.nparser.KeYParser$One_include_statementContext.accept(KeYParser.java:802)
	at org.antlr.v4.runtime.tree.AbstractParseTreeVisitor.visitChildren(AbstractParseTreeVisitor.java:46)
	at de.uka.ilkd.key.nparser.KeYParserBaseVisitor.visitDecls(KeYParserBaseVisitor.java:30)
	at de.uka.ilkd.key.nparser.KeYParser$DeclsContext.accept(KeYParser.java:500)
	at org.antlr.v4.runtime.tree.AbstractParseTreeVisitor.visitChildren(AbstractParseTreeVisitor.java:46)
	at de.uka.ilkd.key.nparser.KeYParserBaseVisitor.visitFile(KeYParserBaseVisitor.java:23)
	at de.uka.ilkd.key.nparser.KeYParser$FileContext.accept(KeYParser.java:306)
	at de.uka.ilkd.key.nparser.KeyAst.accept(KeyAst.java:41)
	at de.uka.ilkd.key.nparser.KeyAst$File.getIncludes(KeyAst.java:76)
	at de.uka.ilkd.key.proof.io.KeYFile.readIncludes(KeYFile.java:208)
	... 14 more
Could not find rule file rules/intRulesCheckedSemantics.key (file: /home/runner/work/key/key/key.core/../key.ui/examples/index/.././standard_key/java_dl/assert/assert1.key; caused by: de.uka.ilkd.key.proof.init.ProofInputException: Could not find rule file rules/intRulesCheckedSemantics.key)
	at de.uka.ilkd.key.control.AbstractUserInterfaceControl.load(AbstractUserInterfaceControl.java:221)
	at de.uka.ilkd.key.control.KeYEnvironment.load(KeYEnvironment.java:251)
	at de.uka.ilkd.key.control.KeYEnvironment.load(KeYEnvironment.java:224)
	at de.uka.ilkd.key.control.KeYEnvironment.load(KeYEnvironment.java:184)
	at de.uka.ilkd.key.control.KeYEnvironment.load(KeYEnvironment.java:261)
	at de.uka.ilkd.key.proof.runallproofs.proofcollection.TestFile.load(TestFile.java:270)
	at de.uka.ilkd.key.proof.runallproofs.proofcollection.TestFile.runKey(TestFile.java:160)
	at de.uka.ilkd.key.proof.runallproofs.proofcollection.ForkedTestFileRunner.main(ForkedTestFileRunner.java:171)
Caused by: de.uka.ilkd.key.proof.init.ProofInputException: Could not find rule file rules/intRulesCheckedSemantics.key
	at de.uka.ilkd.key.proof.io.KeYFile.readIncludes(KeYFile.java:210)
	at de.uka.ilkd.key.proof.init.ProblemInitializer.readIncludes(ProblemInitializer.java:177)
	at de.uka.ilkd.key.proof.init.ProblemInitializer.readEnvInput(ProblemInitializer.java:325)
	at de.uka.ilkd.key.proof.init.ProblemInitializer.prepare(ProblemInitializer.java:449)
	at de.uka.ilkd.key.proof.io.AbstractProblemLoader.createInitConfig(AbstractProblemLoader.java:518)
	at de.uka.ilkd.key.proof.io.AbstractProblemLoader.loadEnvironment(AbstractProblemLoader.java:288)
	at de.uka.ilkd.key.proof.io.AbstractProblemLoader.load(AbstractProblemLoader.java:252)
	at de.uka.ilkd.key.control.AbstractUserInterfaceControl.load(AbstractUserInterfaceControl.java:209)
	... 7 more
Caused by: java.lang.RuntimeException: Could not find rule file rules/intRulesCheckedSemantics.key
	at de.uka.ilkd.key.proof.io.RuleSourceFactory.fromBuiltInRule(RuleSourceFactory.java:32)
	at de.uka.ilkd.key.proof.io.RuleSourceFactory.fromDefaultLocation(RuleSourceFactory.java:21)
	at de.uka.ilkd.key.nparser.builder.IncludeFinder.addInclude(IncludeFinder.java:63)
	at de.uka.ilkd.key.nparser.builder.IncludeFinder.visitOne_include(IncludeFinder.java:43)
	at de.uka.ilkd.key.nparser.builder.IncludeFinder.visitOne_include(IncludeFinder.java:20)
	at de.uka.ilkd.key.nparser.KeYParser$One_includeContext.accept(KeYParser.java:878)
	at de.uka.ilkd.key.nparser.builder.AbstractBuilder.lambda$mapOf$0(AbstractBuilder.java:112)
	at java.base/java.util.stream.ReferencePipeline$3$1.accept(ReferencePipeline.java:195)
	at java.base/java.util.ArrayList$ArrayListSpliterator.forEachRemaining(ArrayList.java:1655)
	at java.base/java.util.stream.AbstractPipeline.copyInto(AbstractPipeline.java:484)
	at java.base/java.util.stream.AbstractPipeline.wrapAndCopyInto(AbstractPipeline.java:474)
	at java.base/java.util.stream.ReduceOps$ReduceOp.evaluateSequential(ReduceOps.java:913)
	at java.base/java.util.stream.AbstractPipeline.evaluate(AbstractPipeline.java:234)
	at java.base/java.util.stream.ReferencePipeline.collect(ReferencePipeline.java:578)
	at de.uka.ilkd.key.nparser.builder.AbstractBuilder.mapOf(AbstractBuilder.java:112)
	at de.uka.ilkd.key.nparser.builder.IncludeFinder.visitOne_include_statement(IncludeFinder.java:35)
	at de.uka.ilkd.key.nparser.builder.IncludeFinder.visitOne_include_statement(IncludeFinder.java:20)
	at de.uka.ilkd.key.nparser.KeYParser$One_include_statementContext.accept(KeYParser.java:802)
	at org.antlr.v4.runtime.tree.AbstractParseTreeVisitor.visitChildren(AbstractParseTreeVisitor.java:46)
	at de.uka.ilkd.key.nparser.KeYParserBaseVisitor.visitDecls(KeYParserBaseVisitor.java:30)
	at de.uka.ilkd.key.nparser.KeYParser$DeclsContext.accept(KeYParser.java:500)
	at org.antlr.v4.runtime.tree.AbstractParseTreeVisitor.visitChildren(AbstractParseTreeVisitor.java:46)
	at de.uka.ilkd.key.nparser.KeYParserBaseVisitor.visitFile(KeYParserBaseVisitor.java:23)
	at de.uka.ilkd.key.nparser.KeYParser$FileContext.accept(KeYParser.java:306)
	at de.uka.ilkd.key.nparser.KeyAst.accept(KeyAst.java:41)
	at de.uka.ilkd.key.nparser.KeyAst$File.getIncludes(KeyAst.java:76)
	at de.uka.ilkd.key.proof.io.KeYFile.readIncludes(KeYFile.java:208)
	... 14 more
Could not find rule file rules/intRulesCheckedSemantics.key (file: /home/runner/work/key/key/key.core/../key.ui/examples/index/.././standard_key/java_dl/assert/assert2.key; caused by: de.uka.ilkd.key.proof.init.ProofInputException: Could not find rule file rules/intRulesCheckedSemantics.key)
	at de.uka.ilkd.key.control.AbstractUserInterfaceControl.load(AbstractUserInterfaceControl.java:221)
	at de.uka.ilkd.key.control.KeYEnvironment.load(KeYEnvironment.java:251)
	at de.uka.ilkd.key.control.KeYEnvironment.load(KeYEnvironment.java:224)
	at de.uka.ilkd.key.control.KeYEnvironment.load(KeYEnvironment.java:184)
	at de.uka.ilkd.key.control.KeYEnvironment.load(KeYEnvironment.java:261)
	at de.uka.ilkd.key.proof.runallproofs.proofcollection.TestFile.load(TestFile.java:270)
	at de.uka.ilkd.key.proof.runallproofs.proofcollection.TestFile.runKey(TestFile.java:160)
	at de.uka.ilkd.key.proof.runallproofs.proofcollection.ForkedTestFileRunner.main(ForkedTestFileRunner.java:171)
Caused by: de.uka.ilkd.key.proof.init.ProofInputException: Could not find rule file rules/intRulesCheckedSemantics.key
	at de.uka.ilkd.key.proof.io.KeYFile.readIncludes(KeYFile.java:210)
	at de.uka.ilkd.key.proof.init.ProblemInitializer.readIncludes(ProblemInitializer.java:177)
	at de.uka.ilkd.key.proof.init.ProblemInitializer.readEnvInput(ProblemInitializer.java:325)
	at de.uka.ilkd.key.proof.init.ProblemInitializer.prepare(ProblemInitializer.java:449)
	at de.uka.ilkd.key.proof.io.AbstractProblemLoader.createInitConfig(AbstractProblemLoader.java:518)
	at de.uka.ilkd.key.proof.io.AbstractProblemLoader.loadEnvironment(AbstractProblemLoader.java:288)
	at de.uka.ilkd.key.proof.io.AbstractProblemLoader.load(AbstractProblemLoader.java:252)
	at de.uka.ilkd.key.control.AbstractUserInterfaceControl.load(AbstractUserInterfaceControl.java:209)
	... 7 more
Caused by: java.lang.RuntimeException: Could not find rule file rules/intRulesCheckedSemantics.key
	at de.uka.ilkd.key.proof.io.RuleSourceFactory.fromBuiltInRule(RuleSourceFactory.java:32)
	at de.uka.ilkd.key.proof.io.RuleSourceFactory.fromDefaultLocation(RuleSourceFactory.java:21)
	at de.uka.ilkd.key.nparser.builder.IncludeFinder.addInclude(IncludeFinder.java:63)
	at de.uka.ilkd.key.nparser.builder.IncludeFinder.visitOne_include(IncludeFinder.java:43)
	at de.uka.ilkd.key.nparser.builder.IncludeFinder.visitOne_include(IncludeFinder.java:20)
	at de.uka.ilkd.key.nparser.KeYParser$One_includeContext.accept(KeYParser.java:878)
	at de.uka.ilkd.key.nparser.builder.AbstractBuilder.lambda$mapOf$0(AbstractBuilder.java:112)
	at java.base/java.util.stream.ReferencePipeline$3$1.accept(ReferencePipeline.java:195)
	at java.base/java.util.ArrayList$ArrayListSpliterator.forEachRemaining(ArrayList.java:1655)
	at java.base/java.util.stream.AbstractPipeline.copyInto(AbstractPipeline.java:484)
	at java.base/java.util.stream.AbstractPipeline.wrapAndCopyInto(AbstractPipeline.java:474)
	at java.base/java.util.stream.ReduceOps$ReduceOp.evaluateSequential(ReduceOps.java:913)
	at java.base/java.util.stream.AbstractPipeline.evaluate(AbstractPipeline.java:234)
	at java.base/java.util.stream.ReferencePipeline.collect(ReferencePipeline.java:578)
	at de.uka.ilkd.key.nparser.builder.AbstractBuilder.mapOf(AbstractBuilder.java:112)
	at de.uka.ilkd.key.nparser.builder.IncludeFinder.visitOne_include_statement(IncludeFinder.java:35)
	at de.uka.ilkd.key.nparser.builder.IncludeFinder.visitOne_include_statement(IncludeFinder.java:20)
	at de.uka.ilkd.key.nparser.KeYParser$One_include_statementContext.accept(KeYParser.java:802)
	at org.antlr.v4.runtime.tree.AbstractParseTreeVisitor.visitChildren(AbstractParseTreeVisitor.java:46)
	at de.uka.ilkd.key.nparser.KeYParserBaseVisitor.visitDecls(KeYParserBaseVisitor.java:30)
	at de.uka.ilkd.key.nparser.KeYParser$DeclsContext.accept(KeYParser.java:500)
	at org.antlr.v4.runtime.tree.AbstractParseTreeVisitor.visitChildren(AbstractParseTreeVisitor.java:46)
	at de.uka.ilkd.key.nparser.KeYParserBaseVisitor.visitFile(KeYParserBaseVisitor.java:23)
	at de.uka.ilkd.key.nparser.KeYParser$FileContext.accept(KeYParser.java:306)
	at de.uka.ilkd.key.nparser.KeyAst.accept(KeyAst.java:41)
	at de.uka.ilkd.key.nparser.KeyAst$File.getIncludes(KeyAst.java:76)
	at de.uka.ilkd.key.proof.io.KeYFile.readIncludes(KeYFile.java:208)
	... 14 more
Could not find rule file rules/intRulesCheckedSemantics.key (file: /home/runner/work/key/key/key.core/../key.ui/examples/index/.././standard_key/java_dl/assert/assert3.key; caused by: de.uka.ilkd.key.proof.init.ProofInputException: Could not find rule file rules/intRulesCheckedSemantics.key)
	at de.uka.ilkd.key.control.AbstractUserInterfaceControl.load(AbstractUserInterfaceControl.java:221)
	at de.uka.ilkd.key.control.KeYEnvironment.load(KeYEnvironment.java:251)
	at de.uka.ilkd.key.control.KeYEnvironment.load(KeYEnvironment.java:224)
	at de.uka.ilkd.key.control.KeYEnvironment.load(KeYEnvironment.java:184)
	at de.uka.ilkd.key.control.KeYEnvironment.load(KeYEnvironment.java:261)
	at de.uka.ilkd.key.proof.runallproofs.proofcollection.TestFile.load(TestFile.java:270)
	at de.uka.ilkd.key.proof.runallproofs.proofcollection.TestFile.runKey(TestFile.java:160)
	at de.uka.ilkd.key.proof.runallproofs.proofcollection.ForkedTestFileRunner.main(ForkedTestFileRunner.java:171)
Caused by: de.uka.ilkd.key.proof.init.ProofInputException: Could not find rule file rules/intRulesCheckedSemantics.key
	at de.uka.ilkd.key.proof.io.KeYFile.readIncludes(KeYFile.java:210)
	at de.uka.ilkd.key.proof.init.ProblemInitializer.readIncludes(ProblemInitializer.java:177)
	at de.uka.ilkd.key.proof.init.ProblemInitializer.readEnvInput(ProblemInitializer.java:325)
	at de.uka.ilkd.key.proof.init.ProblemInitializer.prepare(ProblemInitializer.java:449)
	at de.uka.ilkd.key.proof.io.AbstractProblemLoader.createInitConfig(AbstractProblemLoader.java:518)
	at de.uka.ilkd.key.proof.io.AbstractProblemLoader.loadEnvironment(AbstractProblemLoader.java:288)
	at de.uka.ilkd.key.proof.io.AbstractProblemLoader.load(AbstractProblemLoader.java:252)
	at de.uka.ilkd.key.control.AbstractUserInterfaceControl.load(AbstractUserInterfaceControl.java:209)
	... 7 more
Caused by: java.lang.RuntimeException: Could not find rule file rules/intRulesCheckedSemantics.key
	at de.uka.ilkd.key.proof.io.RuleSourceFactory.fromBuiltInRule(RuleSourceFactory.java:32)
	at de.uka.ilkd.key.proof.io.RuleSourceFactory.fromDefaultLocation(RuleSourceFactory.java:21)
	at de.uka.ilkd.key.nparser.builder.IncludeFinder.addInclude(IncludeFinder.java:63)
	at de.uka.ilkd.key.nparser.builder.IncludeFinder.visitOne_include(IncludeFinder.java:43)
	at de.uka.ilkd.key.nparser.builder.IncludeFinder.visitOne_include(IncludeFinder.java:20)
	at de.uka.ilkd.key.nparser.KeYParser$One_includeContext.accept(KeYParser.java:878)
	at de.uka.ilkd.key.nparser.builder.AbstractBuilder.lambda$mapOf$0(AbstractBuilder.java:112)
	at java.base/java.util.stream.ReferencePipeline$3$1.accept(ReferencePipeline.java:195)
	at java.base/java.util.ArrayList$ArrayListSpliterator.forEachRemaining(ArrayList.java:1655)
	at java.base/java.util.stream.AbstractPipeline.copyInto(AbstractPipeline.java:484)
	at java.base/java.util.stream.AbstractPipeline.wrapAndCopyInto(AbstractPipeline.java:474)
	at java.base/java.util.stream.ReduceOps$ReduceOp.evaluateSequential(ReduceOps.java:913)
	at java.base/java.util.stream.AbstractPipeline.evaluate(AbstractPipeline.java:234)
	at java.base/java.util.stream.ReferencePipeline.collect(ReferencePipeline.java:578)
	at de.uka.ilkd.key.nparser.builder.AbstractBuilder.mapOf(AbstractBuilder.java:112)
	at de.uka.ilkd.key.nparser.builder.IncludeFinder.visitOne_include_statement(IncludeFinder.java:35)
	at de.uka.ilkd.key.nparser.builder.IncludeFinder.visitOne_include_statement(IncludeFinder.java:20)
	at de.uka.ilkd.key.nparser.KeYParser$One_include_statementContext.accept(KeYParser.java:802)
	at org.antlr.v4.runtime.tree.AbstractParseTreeVisitor.visitChildren(AbstractParseTreeVisitor.java:46)
	at de.uka.ilkd.key.nparser.KeYParserBaseVisitor.visitDecls(KeYParserBaseVisitor.java:30)
	at de.uka.ilkd.key.nparser.KeYParser$DeclsContext.accept(KeYParser.java:500)
	at org.antlr.v4.runtime.tree.AbstractParseTreeVisitor.visitChildren(AbstractParseTreeVisitor.java:46)
	at de.uka.ilkd.key.nparser.KeYParserBaseVisitor.visitFile(KeYParserBaseVisitor.java:23)
	at de.uka.ilkd.key.nparser.KeYParser$FileContext.accept(KeYParser.java:306)
	at de.uka.ilkd.key.nparser.KeyAst.accept(KeyAst.java:41)
	at de.uka.ilkd.key.nparser.KeyAst$File.getIncludes(KeyAst.java:76)
	at de.uka.ilkd.key.proof.io.KeYFile.readIncludes(KeYFile.java:208)
	... 14 more
Could not find rule file rules/intRulesCheckedSemantics.key (file: /home/runner/work/key/key/key.core/../key.ui/examples/index/.././standard_key/java_dl/java5/vararg.key; caused by: de.uka.ilkd.key.proof.init.ProofInputException: Could not find rule file rules/intRulesCheckedSemantics.key)
	at de.uka.ilkd.key.control.AbstractUserInterfaceControl.load(AbstractUserInterfaceControl.java:221)
	at de.uka.ilkd.key.control.KeYEnvironment.load(KeYEnvironment.java:251)
	at de.uka.ilkd.key.control.KeYEnvironment.load(KeYEnvironment.java:224)
	at de.uka.ilkd.key.control.KeYEnvironment.load(KeYEnvironment.java:184)
	at de.uka.ilkd.key.control.KeYEnvironment.load(KeYEnvironment.java:261)
	at de.uka.ilkd.key.proof.runallproofs.proofcollection.TestFile.load(TestFile.java:270)
	at de.uka.ilkd.key.proof.runallproofs.proofcollection.TestFile.runKey(TestFile.java:160)
	at de.uka.ilkd.key.proof.runallproofs.proofcollection.ForkedTestFileRunner.main(ForkedTestFileRunner.java:171)
Caused by: de.uka.ilkd.key.proof.init.ProofInputException: Could not find rule file rules/intRulesCheckedSemantics.key
	at de.uka.ilkd.key.proof.io.KeYFile.readIncludes(KeYFile.java:210)
	at de.uka.ilkd.key.proof.init.ProblemInitializer.readIncludes(ProblemInitializer.java:177)
	at de.uka.ilkd.key.proof.init.ProblemInitializer.readEnvInput(ProblemInitializer.java:325)
	at de.uka.ilkd.key.proof.init.ProblemInitializer.prepare(ProblemInitializer.java:449)
	at de.uka.ilkd.key.proof.io.AbstractProblemLoader.createInitConfig(AbstractProblemLoader.java:518)
	at de.uka.ilkd.key.proof.io.AbstractProblemLoader.loadEnvironment(AbstractProblemLoader.java:288)
	at de.uka.ilkd.key.proof.io.AbstractProblemLoader.load(AbstractProblemLoader.java:252)
	at de.uka.ilkd.key.control.AbstractUserInterfaceControl.load(AbstractUserInterfaceControl.java:209)
	... 7 more
Caused by: java.lang.RuntimeException: Could not find rule file rules/intRulesCheckedSemantics.key
	at de.uka.ilkd.key.proof.io.RuleSourceFactory.fromBuiltInRule(RuleSourceFactory.java:32)
	at de.uka.ilkd.key.proof.io.RuleSourceFactory.fromDefaultLocation(RuleSourceFactory.java:21)
	at de.uka.ilkd.key.nparser.builder.IncludeFinder.addInclude(IncludeFinder.java:63)
	at de.uka.ilkd.key.nparser.builder.IncludeFinder.visitOne_include(IncludeFinder.java:43)
	at de.uka.ilkd.key.nparser.builder.IncludeFinder.visitOne_include(IncludeFinder.java:20)
	at de.uka.ilkd.key.nparser.KeYParser$One_includeContext.accept(KeYParser.java:878)
	at de.uka.ilkd.key.nparser.builder.AbstractBuilder.lambda$mapOf$0(AbstractBuilder.java:112)
	at java.base/java.util.stream.ReferencePipeline$3$1.accept(ReferencePipeline.java:195)
	at java.base/java.util.ArrayList$ArrayListSpliterator.forEachRemaining(ArrayList.java:1655)
	at java.base/java.util.stream.AbstractPipeline.copyInto(AbstractPipeline.java:484)
	at java.base/java.util.stream.AbstractPipeline.wrapAndCopyInto(AbstractPipeline.java:474)
	at java.base/java.util.stream.ReduceOps$ReduceOp.evaluateSequential(ReduceOps.java:913)
	at java.base/java.util.stream.AbstractPipeline.evaluate(AbstractPipeline.java:234)
	at java.base/java.util.stream.ReferencePipeline.collect(ReferencePipeline.java:578)
	at de.uka.ilkd.key.nparser.builder.AbstractBuilder.mapOf(AbstractBuilder.java:112)
	at de.uka.ilkd.key.nparser.builder.IncludeFinder.visitOne_include_statement(IncludeFinder.java:35)
	at de.uka.ilkd.key.nparser.builder.IncludeFinder.visitOne_include_statement(IncludeFinder.java:20)
	at de.uka.ilkd.key.nparser.KeYParser$One_include_statementContext.accept(KeYParser.java:802)
	at org.antlr.v4.runtime.tree.AbstractParseTreeVisitor.visitChildren(AbstractParseTreeVisitor.java:46)
	at de.uka.ilkd.key.nparser.KeYParserBaseVisitor.visitDecls(KeYParserBaseVisitor.java:30)
	at de.uka.ilkd.key.nparser.KeYParser$DeclsContext.accept(KeYParser.java:500)
	at org.antlr.v4.runtime.tree.AbstractParseTreeVisitor.visitChildren(AbstractParseTreeVisitor.java:46)
	at de.uka.ilkd.key.nparser.KeYParserBaseVisitor.visitFile(KeYParserBaseVisitor.java:23)
	at de.uka.ilkd.key.nparser.KeYParser$FileContext.accept(KeYParser.java:306)
	at de.uka.ilkd.key.nparser.KeyAst.accept(KeyAst.java:41)
	at de.uka.ilkd.key.nparser.KeyAst$File.getIncludes(KeyAst.java:76)
	at de.uka.ilkd.key.proof.io.KeYFile.readIncludes(KeYFile.java:208)
	... 14 more
Could not find rule file rules/intRulesCheckedSemantics.key (file: /home/runner/work/key/key/key.core/../key.ui/examples/index/.././standard_key/java_dl/java5/for_Array.key; caused by: de.uka.ilkd.key.proof.init.ProofInputException: Could not find rule file rules/intRulesCheckedSemantics.key)
	at de.uka.ilkd.key.control.AbstractUserInterfaceControl.load(AbstractUserInterfaceControl.java:221)
	at de.uka.ilkd.key.control.KeYEnvironment.load(KeYEnvironment.java:251)
	at de.uka.ilkd.key.control.KeYEnvironment.load(KeYEnvironment.java:224)
	at de.uka.ilkd.key.control.KeYEnvironment.load(KeYEnvironment.java:184)
	at de.uka.ilkd.key.control.KeYEnvironment.load(KeYEnvironment.java:261)
	at de.uka.ilkd.key.proof.runallproofs.proofcollection.TestFile.load(TestFile.java:270)
	at de.uka.ilkd.key.proof.runallproofs.proofcollection.TestFile.runKey(TestFile.java:160)
	at de.uka.ilkd.key.proof.runallproofs.proofcollection.ForkedTestFileRunner.main(ForkedTestFileRunner.java:171)
Caused by: de.uka.ilkd.key.proof.init.ProofInputException: Could not find rule file rules/intRulesCheckedSemantics.key
	at de.uka.ilkd.key.proof.io.KeYFile.readIncludes(KeYFile.java:210)
	at de.uka.ilkd.key.proof.init.ProblemInitializer.readIncludes(ProblemInitializer.java:177)
	at de.uka.ilkd.key.proof.init.ProblemInitializer.readEnvInput(ProblemInitializer.java:325)
	at de.uka.ilkd.key.proof.init.ProblemInitializer.prepare(ProblemInitializer.java:449)
	at de.uka.ilkd.key.proof.io.AbstractProblemLoader.createInitConfig(AbstractProblemLoader.java:518)
	at de.uka.ilkd.key.proof.io.AbstractProblemLoader.loadEnvironment(AbstractProblemLoader.java:288)
	at de.uka.ilkd.key.proof.io.AbstractProblemLoader.load(AbstractProblemLoader.java:252)
	at de.uka.ilkd.key.control.AbstractUserInterfaceControl.load(AbstractUserInterfaceControl.java:209)
	... 7 more
Caused by: java.lang.RuntimeException: Could not find rule file rules/intRulesCheckedSemantics.key
	at de.uka.ilkd.key.proof.io.RuleSourceFactory.fromBuiltInRule(RuleSourceFactory.java:32)
	at de.uka.ilkd.key.proof.io.RuleSourceFactory.fromDefaultLocation(RuleSourceFactory.java:21)
	at de.uka.ilkd.key.nparser.builder.IncludeFinder.addInclude(IncludeFinder.java:63)
	at de.uka.ilkd.key.nparser.builder.IncludeFinder.visitOne_include(IncludeFinder.java:43)
	at de.uka.ilkd.key.nparser.builder.IncludeFinder.visitOne_include(IncludeFinder.java:20)
	at de.uka.ilkd.key.nparser.KeYParser$One_includeContext.accept(KeYParser.java:878)
	at de.uka.ilkd.key.nparser.builder.AbstractBuilder.lambda$mapOf$0(AbstractBuilder.java:112)
	at java.base/java.util.stream.ReferencePipeline$3$1.accept(ReferencePipeline.java:195)
	at java.base/java.util.ArrayList$ArrayListSpliterator.forEachRemaining(ArrayList.java:1655)
	at java.base/java.util.stream.AbstractPipeline.copyInto(AbstractPipeline.java:484)
	at java.base/java.util.stream.AbstractPipeline.wrapAndCopyInto(AbstractPipeline.java:474)
	at java.base/java.util.stream.ReduceOps$ReduceOp.evaluateSequential(ReduceOps.java:913)
	at java.base/java.util.stream.AbstractPipeline.evaluate(AbstractPipeline.java:234)
	at java.base/java.util.stream.ReferencePipeline.collect(ReferencePipeline.java:578)
	at de.uka.ilkd.key.nparser.builder.AbstractBuilder.mapOf(AbstractBuilder.java:112)
	at de.uka.ilkd.key.nparser.builder.IncludeFinder.visitOne_include_statement(IncludeFinder.java:35)
	at de.uka.ilkd.key.nparser.builder.IncludeFinder.visitOne_include_statement(IncludeFinder.java:20)
	at de.uka.ilkd.key.nparser.KeYParser$One_include_statementContext.accept(KeYParser.java:802)
	at org.antlr.v4.runtime.tree.AbstractParseTreeVisitor.visitChildren(AbstractParseTreeVisitor.java:46)
	at de.uka.ilkd.key.nparser.KeYParserBaseVisitor.visitDecls(KeYParserBaseVisitor.java:30)
	at de.uka.ilkd.key.nparser.KeYParser$DeclsContext.accept(KeYParser.java:500)
	at org.antlr.v4.runtime.tree.AbstractParseTreeVisitor.visitChildren(AbstractParseTreeVisitor.java:46)
	at de.uka.ilkd.key.nparser.KeYParserBaseVisitor.visitFile(KeYParserBaseVisitor.java:23)
	at de.uka.ilkd.key.nparser.KeYParser$FileContext.accept(KeYParser.java:306)
	at de.uka.ilkd.key.nparser.KeyAst.accept(KeyAst.java:41)
	at de.uka.ilkd.key.nparser.KeyAst$File.getIncludes(KeyAst.java:76)
	at de.uka.ilkd.key.proof.io.KeYFile.readIncludes(KeYFile.java:208)
	... 14 more
Could not find rule file rules/intRulesCheckedSemantics.key (file: /home/runner/work/key/key/key.core/../key.ui/examples/index/.././standard_key/java_dl/java5/for_Iterable.key; caused by: de.uka.ilkd.key.proof.init.ProofInputException: Could not find rule file rules/intRulesCheckedSemantics.key)
	at de.uka.ilkd.key.control.AbstractUserInterfaceControl.load(AbstractUserInterfaceControl.java:221)
	at de.uka.ilkd.key.control.KeYEnvironment.load(KeYEnvironment.java:251)
	at de.uka.ilkd.key.control.KeYEnvironment.load(KeYEnvironment.java:224)
	at de.uka.ilkd.key.control.KeYEnvironment.load(KeYEnvironment.java:184)
	at de.uka.ilkd.key.control.KeYEnvironment.load(KeYEnvironment.java:261)
	at de.uka.ilkd.key.proof.runallproofs.proofcollection.TestFile.load(TestFile.java:270)
	at de.uka.ilkd.key.proof.runallproofs.proofcollection.TestFile.runKey(TestFile.java:160)
	at de.uka.ilkd.key.proof.runallproofs.proofcollection.ForkedTestFileRunner.main(ForkedTestFileRunner.java:171)
Caused by: de.uka.ilkd.key.proof.init.ProofInputException: Could not find rule file rules/intRulesCheckedSemantics.key
	at de.uka.ilkd.key.proof.io.KeYFile.readIncludes(KeYFile.java:210)
	at de.uka.ilkd.key.proof.init.ProblemInitializer.readIncludes(ProblemInitializer.java:177)
	at de.uka.ilkd.key.proof.init.ProblemInitializer.readEnvInput(ProblemInitializer.java:325)
	at de.uka.ilkd.key.proof.init.ProblemInitializer.prepare(ProblemInitializer.java:449)
	at de.uka.ilkd.key.proof.io.AbstractProblemLoader.createInitConfig(AbstractProblemLoader.java:518)
	at de.uka.ilkd.key.proof.io.AbstractProblemLoader.loadEnvironment(AbstractProblemLoader.java:288)
	at de.uka.ilkd.key.proof.io.AbstractProblemLoader.load(AbstractProblemLoader.java:252)
	at de.uka.ilkd.key.control.AbstractUserInterfaceControl.load(AbstractUserInterfaceControl.java:209)
	... 7 more
Caused by: java.lang.RuntimeException: Could not find rule file rules/intRulesCheckedSemantics.key
	at de.uka.ilkd.key.proof.io.RuleSourceFactory.fromBuiltInRule(RuleSourceFactory.java:32)
	at de.uka.ilkd.key.proof.io.RuleSourceFactory.fromDefaultLocation(RuleSourceFactory.java:21)
	at de.uka.ilkd.key.nparser.builder.IncludeFinder.addInclude(IncludeFinder.java:63)
	at de.uka.ilkd.key.nparser.builder.IncludeFinder.visitOne_include(IncludeFinder.java:43)
	at de.uka.ilkd.key.nparser.builder.IncludeFinder.visitOne_include(IncludeFinder.java:20)
	at de.uka.ilkd.key.nparser.KeYParser$One_includeContext.accept(KeYParser.java:878)
	at de.uka.ilkd.key.nparser.builder.AbstractBuilder.lambda$mapOf$0(AbstractBuilder.java:112)
	at java.base/java.util.stream.ReferencePipeline$3$1.accept(ReferencePipeline.java:195)
	at java.base/java.util.ArrayList$ArrayListSpliterator.forEachRemaining(ArrayList.java:1655)
	at java.base/java.util.stream.AbstractPipeline.copyInto(AbstractPipeline.java:484)
	at java.base/java.util.stream.AbstractPipeline.wrapAndCopyInto(AbstractPipeline.java:474)
	at java.base/java.util.stream.ReduceOps$ReduceOp.evaluateSequential(ReduceOps.java:913)
	at java.base/java.util.stream.AbstractPipeline.evaluate(AbstractPipeline.java:234)
	at java.base/java.util.stream.ReferencePipeline.collect(ReferencePipeline.java:578)
	at de.uka.ilkd.key.nparser.builder.AbstractBuilder.mapOf(AbstractBuilder.java:112)
	at de.uka.ilkd.key.nparser.builder.IncludeFinder.visitOne_include_statement(IncludeFinder.java:35)
	at de.uka.ilkd.key.nparser.builder.IncludeFinder.visitOne_include_statement(IncludeFinder.java:20)
	at de.uka.ilkd.key.nparser.KeYParser$One_include_statementContext.accept(KeYParser.java:802)
	at org.antlr.v4.runtime.tree.AbstractParseTreeVisitor.visitChildren(AbstractParseTreeVisitor.java:46)
	at de.uka.ilkd.key.nparser.KeYParserBaseVisitor.visitDecls(KeYParserBaseVisitor.java:30)
	at de.uka.ilkd.key.nparser.KeYParser$DeclsContext.accept(KeYParser.java:500)
	at org.antlr.v4.runtime.tree.AbstractParseTreeVisitor.visitChildren(AbstractParseTreeVisitor.java:46)
	at de.uka.ilkd.key.nparser.KeYParserBaseVisitor.visitFile(KeYParserBaseVisitor.java:23)
	at de.uka.ilkd.key.nparser.KeYParser$FileContext.accept(KeYParser.java:306)
	at de.uka.ilkd.key.nparser.KeyAst.accept(KeyAst.java:41)
	at de.uka.ilkd.key.nparser.KeyAst$File.getIncludes(KeyAst.java:76)
	at de.uka.ilkd.key.proof.io.KeYFile.readIncludes(KeYFile.java:208)
	... 14 more
Could not find rule file rules/intRulesCheckedSemantics.key (file: /home/runner/work/key/key/key.core/../key.ui/examples/index/.././standard_key/java_dl/java5/for_ReferenceArray.key; caused by: de.uka.ilkd.key.proof.init.ProofInputException: Could not find rule file rules/intRulesCheckedSemantics.key)
	at de.uka.ilkd.key.control.AbstractUserInterfaceControl.load(AbstractUserInterfaceControl.java:221)
	at de.uka.ilkd.key.control.KeYEnvironment.load(KeYEnvironment.java:251)
	at de.uka.ilkd.key.control.KeYEnvironment.load(KeYEnvironment.java:224)
	at de.uka.ilkd.key.control.KeYEnvironment.load(KeYEnvironment.java:184)
	at de.uka.ilkd.key.control.KeYEnvironment.load(KeYEnvironment.java:261)
	at de.uka.ilkd.key.proof.runallproofs.proofcollection.TestFile.load(TestFile.java:270)
	at de.uka.ilkd.key.proof.runallproofs.proofcollection.TestFile.runKey(TestFile.java:160)
	at de.uka.ilkd.key.proof.runallproofs.proofcollection.ForkedTestFileRunner.main(ForkedTestFileRunner.java:171)
Caused by: de.uka.ilkd.key.proof.init.ProofInputException: Could not find rule file rules/intRulesCheckedSemantics.key
	at de.uka.ilkd.key.proof.io.KeYFile.readIncludes(KeYFile.java:210)
	at de.uka.ilkd.key.proof.init.ProblemInitializer.readIncludes(ProblemInitializer.java:177)
	at de.uka.ilkd.key.proof.init.ProblemInitializer.readEnvInput(ProblemInitializer.java:325)
	at de.uka.ilkd.key.proof.init.ProblemInitializer.prepare(ProblemInitializer.java:449)
	at de.uka.ilkd.key.proof.io.AbstractProblemLoader.createInitConfig(AbstractProblemLoader.java:518)
	at de.uka.ilkd.key.proof.io.AbstractProblemLoader.loadEnvironment(AbstractProblemLoader.java:288)
	at de.uka.ilkd.key.proof.io.AbstractProblemLoader.load(AbstractProblemLoader.java:252)
	at de.uka.ilkd.key.control.AbstractUserInterfaceControl.load(AbstractUserInterfaceControl.java:209)
	... 7 more
Caused by: java.lang.RuntimeException: Could not find rule file rules/intRulesCheckedSemantics.key
	at de.uka.ilkd.key.proof.io.RuleSourceFactory.fromBuiltInRule(RuleSourceFactory.java:32)
	at de.uka.ilkd.key.proof.io.RuleSourceFactory.fromDefaultLocation(RuleSourceFactory.java:21)
	at de.uka.ilkd.key.nparser.builder.IncludeFinder.addInclude(IncludeFinder.java:63)
	at de.uka.ilkd.key.nparser.builder.IncludeFinder.visitOne_include(IncludeFinder.java:43)
	at de.uka.ilkd.key.nparser.builder.IncludeFinder.visitOne_include(IncludeFinder.java:20)
	at de.uka.ilkd.key.nparser.KeYParser$One_includeContext.accept(KeYParser.java:878)
	at de.uka.ilkd.key.nparser.builder.AbstractBuilder.lambda$mapOf$0(AbstractBuilder.java:112)
	at java.base/java.util.stream.ReferencePipeline$3$1.accept(ReferencePipeline.java:195)
	at java.base/java.util.ArrayList$ArrayListSpliterator.forEachRemaining(ArrayList.java:1655)
	at java.base/java.util.stream.AbstractPipeline.copyInto(AbstractPipeline.java:484)
	at java.base/java.util.stream.AbstractPipeline.wrapAndCopyInto(AbstractPipeline.java:474)
	at java.base/java.util.stream.ReduceOps$ReduceOp.evaluateSequential(ReduceOps.java:913)
	at java.base/java.util.stream.AbstractPipeline.evaluate(AbstractPipeline.java:234)
	at java.base/java.util.stream.ReferencePipeline.collect(ReferencePipeline.java:578)
	at de.uka.ilkd.key.nparser.builder.AbstractBuilder.mapOf(AbstractBuilder.java:112)
	at de.uka.ilkd.key.nparser.builder.IncludeFinder.visitOne_include_statement(IncludeFinder.java:35)
	at de.uka.ilkd.key.nparser.builder.IncludeFinder.visitOne_include_statement(IncludeFinder.java:20)
	at de.uka.ilkd.key.nparser.KeYParser$One_include_statementContext.accept(KeYParser.java:802)
	at org.antlr.v4.runtime.tree.AbstractParseTreeVisitor.visitChildren(AbstractParseTreeVisitor.java:46)
	at de.uka.ilkd.key.nparser.KeYParserBaseVisitor.visitDecls(KeYParserBaseVisitor.java:30)
	at de.uka.ilkd.key.nparser.KeYParser$DeclsContext.accept(KeYParser.java:500)
	at org.antlr.v4.runtime.tree.AbstractParseTreeVisitor.visitChildren(AbstractParseTreeVisitor.java:46)
	at de.uka.ilkd.key.nparser.KeYParserBaseVisitor.visitFile(KeYParserBaseVisitor.java:23)
	at de.uka.ilkd.key.nparser.KeYParser$FileContext.accept(KeYParser.java:306)
	at de.uka.ilkd.key.nparser.KeyAst.accept(KeyAst.java:41)
	at de.uka.ilkd.key.nparser.KeyAst$File.getIncludes(KeyAst.java:76)
	at de.uka.ilkd.key.proof.io.KeYFile.readIncludes(KeYFile.java:208)
	... 14 more
Could not find rule file rules/intRulesCheckedSemantics.key (file: /home/runner/work/key/key/key.core/../key.ui/examples/index/.././standard_key/java_dl/jml-bigint/cast.key; caused by: de.uka.ilkd.key.proof.init.ProofInputException: Could not find rule file rules/intRulesCheckedSemantics.key)
	at de.uka.ilkd.key.control.AbstractUserInterfaceControl.load(AbstractUserInterfaceControl.java:221)
	at de.uka.ilkd.key.control.KeYEnvironment.load(KeYEnvironment.java:251)
	at de.uka.ilkd.key.control.KeYEnvironment.load(KeYEnvironment.java:224)
	at de.uka.ilkd.key.control.KeYEnvironment.load(KeYEnvironment.java:184)
	at de.uka.ilkd.key.control.KeYEnvironment.load(KeYEnvironment.java:261)
	at de.uka.ilkd.key.proof.runallproofs.proofcollection.TestFile.load(TestFile.java:270)
	at de.uka.ilkd.key.proof.runallproofs.proofcollection.TestFile.runKey(TestFile.java:160)
	at de.uka.ilkd.key.proof.runallproofs.proofcollection.ForkedTestFileRunner.main(ForkedTestFileRunner.java:171)
Caused by: de.uka.ilkd.key.proof.init.ProofInputException: Could not find rule file rules/intRulesCheckedSemantics.key
	at de.uka.ilkd.key.proof.io.KeYFile.readIncludes(KeYFile.java:210)
	at de.uka.ilkd.key.proof.init.ProblemInitializer.readIncludes(ProblemInitializer.java:177)
	at de.uka.ilkd.key.proof.init.ProblemInitializer.readEnvInput(ProblemInitializer.java:325)
	at de.uka.ilkd.key.proof.init.ProblemInitializer.prepare(ProblemInitializer.java:449)
	at de.uka.ilkd.key.proof.io.AbstractProblemLoader.createInitConfig(AbstractProblemLoader.java:518)
	at de.uka.ilkd.key.proof.io.AbstractProblemLoader.loadEnvironment(AbstractProblemLoader.java:288)
	at de.uka.ilkd.key.proof.io.AbstractProblemLoader.load(AbstractProblemLoader.java:252)
	at de.uka.ilkd.key.control.AbstractUserInterfaceControl.load(AbstractUserInterfaceControl.java:209)
	... 7 more
Caused by: java.lang.RuntimeException: Could not find rule file rules/intRulesCheckedSemantics.key
	at de.uka.ilkd.key.proof.io.RuleSourceFactory.fromBuiltInRule(RuleSourceFactory.java:32)
	at de.uka.ilkd.key.proof.io.RuleSourceFactory.fromDefaultLocation(RuleSourceFactory.java:21)
	at de.uka.ilkd.key.nparser.builder.IncludeFinder.addInclude(IncludeFinder.java:63)
	at de.uka.ilkd.key.nparser.builder.IncludeFinder.visitOne_include(IncludeFinder.java:43)
	at de.uka.ilkd.key.nparser.builder.IncludeFinder.visitOne_include(IncludeFinder.java:20)
	at de.uka.ilkd.key.nparser.KeYParser$One_includeContext.accept(KeYParser.java:878)
	at de.uka.ilkd.key.nparser.builder.AbstractBuilder.lambda$mapOf$0(AbstractBuilder.java:112)
	at java.base/java.util.stream.ReferencePipeline$3$1.accept(ReferencePipeline.java:195)
	at java.base/java.util.ArrayList$ArrayListSpliterator.forEachRemaining(ArrayList.java:1655)
	at java.base/java.util.stream.AbstractPipeline.copyInto(AbstractPipeline.java:484)
	at java.base/java.util.stream.AbstractPipeline.wrapAndCopyInto(AbstractPipeline.java:474)
	at java.base/java.util.stream.ReduceOps$ReduceOp.evaluateSequential(ReduceOps.java:913)
	at java.base/java.util.stream.AbstractPipeline.evaluate(AbstractPipeline.java:234)
	at java.base/java.util.stream.ReferencePipeline.collect(ReferencePipeline.java:578)
	at de.uka.ilkd.key.nparser.builder.AbstractBuilder.mapOf(AbstractBuilder.java:112)
	at de.uka.ilkd.key.nparser.builder.IncludeFinder.visitOne_include_statement(IncludeFinder.java:35)
	at de.uka.ilkd.key.nparser.builder.IncludeFinder.visitOne_include_statement(IncludeFinder.java:20)
	at de.uka.ilkd.key.nparser.KeYParser$One_include_statementContext.accept(KeYParser.java:802)
	at org.antlr.v4.runtime.tree.AbstractParseTreeVisitor.visitChildren(AbstractParseTreeVisitor.java:46)
	at de.uka.ilkd.key.nparser.KeYParserBaseVisitor.visitDecls(KeYParserBaseVisitor.java:30)
	at de.uka.ilkd.key.nparser.KeYParser$DeclsContext.accept(KeYParser.java:500)
	at org.antlr.v4.runtime.tree.AbstractParseTreeVisitor.visitChildren(AbstractParseTreeVisitor.java:46)
	at de.uka.ilkd.key.nparser.KeYParserBaseVisitor.visitFile(KeYParserBaseVisitor.java:23)
	at de.uka.ilkd.key.nparser.KeYParser$FileContext.accept(KeYParser.java:306)
	at de.uka.ilkd.key.nparser.KeyAst.accept(KeyAst.java:41)
	at de.uka.ilkd.key.nparser.KeyAst$File.getIncludes(KeyAst.java:76)
	at de.uka.ilkd.key.proof.io.KeYFile.readIncludes(KeYFile.java:208)
	... 14 more
Could not find rule file rules/intRulesCheckedSemantics.key (file: /home/runner/work/key/key/key.core/../key.ui/examples/index/.././standard_key/java_dl/jml-free/loopInvFree.key; caused by: de.uka.ilkd.key.proof.init.ProofInputException: Could not find rule file rules/intRulesCheckedSemantics.key)
	at de.uka.ilkd.key.control.AbstractUserInterfaceControl.load(AbstractUserInterfaceControl.java:221)
	at de.uka.ilkd.key.control.KeYEnvironment.load(KeYEnvironment.java:251)
	at de.uka.ilkd.key.control.KeYEnvironment.load(KeYEnvironment.java:224)
	at de.uka.ilkd.key.control.KeYEnvironment.load(KeYEnvironment.java:184)
	at de.uka.ilkd.key.control.KeYEnvironment.load(KeYEnvironment.java:261)
	at de.uka.ilkd.key.proof.runallproofs.proofcollection.TestFile.load(TestFile.java:270)
	at de.uka.ilkd.key.proof.runallproofs.proofcollection.TestFile.runKey(TestFile.java:160)
	at de.uka.ilkd.key.proof.runallproofs.proofcollection.ForkedTestFileRunner.main(ForkedTestFileRunner.java:171)
Caused by: de.uka.ilkd.key.proof.init.ProofInputException: Could not find rule file rules/intRulesCheckedSemantics.key
	at de.uka.ilkd.key.proof.io.KeYFile.readIncludes(KeYFile.java:210)
	at de.uka.ilkd.key.proof.init.ProblemInitializer.readIncludes(ProblemInitializer.java:177)
	at de.uka.ilkd.key.proof.init.ProblemInitializer.readEnvInput(ProblemInitializer.java:325)
	at de.uka.ilkd.key.proof.init.ProblemInitializer.prepare(ProblemInitializer.java:449)
	at de.uka.ilkd.key.proof.io.AbstractProblemLoader.createInitConfig(AbstractProblemLoader.java:518)
	at de.uka.ilkd.key.proof.io.AbstractProblemLoader.loadEnvironment(AbstractProblemLoader.java:288)
	at de.uka.ilkd.key.proof.io.AbstractProblemLoader.load(AbstractProblemLoader.java:252)
	at de.uka.ilkd.key.control.AbstractUserInterfaceControl.load(AbstractUserInterfaceControl.java:209)
	... 7 more
Caused by: java.lang.RuntimeException: Could not find rule file rules/intRulesCheckedSemantics.key
	at de.uka.ilkd.key.proof.io.RuleSourceFactory.fromBuiltInRule(RuleSourceFactory.java:32)
	at de.uka.ilkd.key.proof.io.RuleSourceFactory.fromDefaultLocation(RuleSourceFactory.java:21)
	at de.uka.ilkd.key.nparser.builder.IncludeFinder.addInclude(IncludeFinder.java:63)
	at de.uka.ilkd.key.nparser.builder.IncludeFinder.visitOne_include(IncludeFinder.java:43)
	at de.uka.ilkd.key.nparser.builder.IncludeFinder.visitOne_include(IncludeFinder.java:20)
	at de.uka.ilkd.key.nparser.KeYParser$One_includeContext.accept(KeYParser.java:878)
	at de.uka.ilkd.key.nparser.builder.AbstractBuilder.lambda$mapOf$0(AbstractBuilder.java:112)
	at java.base/java.util.stream.ReferencePipeline$3$1.accept(ReferencePipeline.java:195)
	at java.base/java.util.ArrayList$ArrayListSpliterator.forEachRemaining(ArrayList.java:1655)
	at java.base/java.util.stream.AbstractPipeline.copyInto(AbstractPipeline.java:484)
	at java.base/java.util.stream.AbstractPipeline.wrapAndCopyInto(AbstractPipeline.java:474)
	at java.base/java.util.stream.ReduceOps$ReduceOp.evaluateSequential(ReduceOps.java:913)
	at java.base/java.util.stream.AbstractPipeline.evaluate(AbstractPipeline.java:234)
	at java.base/java.util.stream.ReferencePipeline.collect(ReferencePipeline.java:578)
	at de.uka.ilkd.key.nparser.builder.AbstractBuilder.mapOf(AbstractBuilder.java:112)
	at de.uka.ilkd.key.nparser.builder.IncludeFinder.visitOne_include_statement(IncludeFinder.java:35)
	at de.uka.ilkd.key.nparser.builder.IncludeFinder.visitOne_include_statement(IncludeFinder.java:20)
	at de.uka.ilkd.key.nparser.KeYParser$One_include_statementContext.accept(KeYParser.java:802)
	at org.antlr.v4.runtime.tree.AbstractParseTreeVisitor.visitChildren(AbstractParseTreeVisitor.java:46)
	at de.uka.ilkd.key.nparser.KeYParserBaseVisitor.visitDecls(KeYParserBaseVisitor.java:30)
	at de.uka.ilkd.key.nparser.KeYParser$DeclsContext.accept(KeYParser.java:500)
	at org.antlr.v4.runtime.tree.AbstractParseTreeVisitor.visitChildren(AbstractParseTreeVisitor.java:46)
	at de.uka.ilkd.key.nparser.KeYParserBaseVisitor.visitFile(KeYParserBaseVisitor.java:23)
	at de.uka.ilkd.key.nparser.KeYParser$FileContext.accept(KeYParser.java:306)
	at de.uka.ilkd.key.nparser.KeyAst.accept(KeyAst.java:41)
	at de.uka.ilkd.key.nparser.KeyAst$File.getIncludes(KeyAst.java:76)
	at de.uka.ilkd.key.proof.io.KeYFile.readIncludes(KeYFile.java:208)
	... 14 more
Could not find rule file rules/intRulesCheckedSemantics.key (file: /home/runner/work/key/key/key.core/../key.ui/examples/index/.././standard_key/java_dl/jml-free/ensuresFree.key; caused by: de.uka.ilkd.key.proof.init.ProofInputException: Could not find rule file rules/intRulesCheckedSemantics.key)
	at de.uka.ilkd.key.control.AbstractUserInterfaceControl.load(AbstractUserInterfaceControl.java:221)
	at de.uka.ilkd.key.control.KeYEnvironment.load(KeYEnvironment.java:251)
	at de.uka.ilkd.key.control.KeYEnvironment.load(KeYEnvironment.java:224)
	at de.uka.ilkd.key.control.KeYEnvironment.load(KeYEnvironment.java:184)
	at de.uka.ilkd.key.control.KeYEnvironment.load(KeYEnvironment.java:261)
	at de.uka.ilkd.key.proof.runallproofs.proofcollection.TestFile.load(TestFile.java:270)
	at de.uka.ilkd.key.proof.runallproofs.proofcollection.TestFile.runKey(TestFile.java:160)
	at de.uka.ilkd.key.proof.runallproofs.proofcollection.ForkedTestFileRunner.main(ForkedTestFileRunner.java:171)
Caused by: de.uka.ilkd.key.proof.init.ProofInputException: Could not find rule file rules/intRulesCheckedSemantics.key
	at de.uka.ilkd.key.proof.io.KeYFile.readIncludes(KeYFile.java:210)
	at de.uka.ilkd.key.proof.init.ProblemInitializer.readIncludes(ProblemInitializer.java:177)
	at de.uka.ilkd.key.proof.init.ProblemInitializer.readEnvInput(ProblemInitializer.java:325)
	at de.uka.ilkd.key.proof.init.ProblemInitializer.prepare(ProblemInitializer.java:449)
	at de.uka.ilkd.key.proof.io.AbstractProblemLoader.createInitConfig(AbstractProblemLoader.java:518)
	at de.uka.ilkd.key.proof.io.AbstractProblemLoader.loadEnvironment(AbstractProblemLoader.java:288)
	at de.uka.ilkd.key.proof.io.AbstractProblemLoader.load(AbstractProblemLoader.java:252)
	at de.uka.ilkd.key.control.AbstractUserInterfaceControl.load(AbstractUserInterfaceControl.java:209)
	... 7 more
Caused by: java.lang.RuntimeException: Could not find rule file rules/intRulesCheckedSemantics.key
	at de.uka.ilkd.key.proof.io.RuleSourceFactory.fromBuiltInRule(RuleSourceFactory.java:32)
	at de.uka.ilkd.key.proof.io.RuleSourceFactory.fromDefaultLocation(RuleSourceFactory.java:21)
	at de.uka.ilkd.key.nparser.builder.IncludeFinder.addInclude(IncludeFinder.java:63)
	at de.uka.ilkd.key.nparser.builder.IncludeFinder.visitOne_include(IncludeFinder.java:43)
	at de.uka.ilkd.key.nparser.builder.IncludeFinder.visitOne_include(IncludeFinder.java:20)
	at de.uka.ilkd.key.nparser.KeYParser$One_includeContext.accept(KeYParser.java:878)
	at de.uka.ilkd.key.nparser.builder.AbstractBuilder.lambda$mapOf$0(AbstractBuilder.java:112)
	at java.base/java.util.stream.ReferencePipeline$3$1.accept(ReferencePipeline.java:195)
	at java.base/java.util.ArrayList$ArrayListSpliterator.forEachRemaining(ArrayList.java:1655)
	at java.base/java.util.stream.AbstractPipeline.copyInto(AbstractPipeline.java:484)
	at java.base/java.util.stream.AbstractPipeline.wrapAndCopyInto(AbstractPipeline.java:474)
	at java.base/java.util.stream.ReduceOps$ReduceOp.evaluateSequential(ReduceOps.java:913)
	at java.base/java.util.stream.AbstractPipeline.evaluate(AbstractPipeline.java:234)
	at java.base/java.util.stream.ReferencePipeline.collect(ReferencePipeline.java:578)
	at de.uka.ilkd.key.nparser.builder.AbstractBuilder.mapOf(AbstractBuilder.java:112)
	at de.uka.ilkd.key.nparser.builder.IncludeFinder.visitOne_include_statement(IncludeFinder.java:35)
	at de.uka.ilkd.key.nparser.builder.IncludeFinder.visitOne_include_statement(IncludeFinder.java:20)
	at de.uka.ilkd.key.nparser.KeYParser$One_include_statementContext.accept(KeYParser.java:802)
	at org.antlr.v4.runtime.tree.AbstractParseTreeVisitor.visitChildren(AbstractParseTreeVisitor.java:46)
	at de.uka.ilkd.key.nparser.KeYParserBaseVisitor.visitDecls(KeYParserBaseVisitor.java:30)
	at de.uka.ilkd.key.nparser.KeYParser$DeclsContext.accept(KeYParser.java:500)
	at org.antlr.v4.runtime.tree.AbstractParseTreeVisitor.visitChildren(AbstractParseTreeVisitor.java:46)
	at de.uka.ilkd.key.nparser.KeYParserBaseVisitor.visitFile(KeYParserBaseVisitor.java:23)
	at de.uka.ilkd.key.nparser.KeYParser$FileContext.accept(KeYParser.java:306)
	at de.uka.ilkd.key.nparser.KeyAst.accept(KeyAst.java:41)
	at de.uka.ilkd.key.nparser.KeyAst$File.getIncludes(KeyAst.java:76)
	at de.uka.ilkd.key.proof.io.KeYFile.readIncludes(KeYFile.java:208)
	... 14 more
Could not find rule file rules/intRulesCheckedSemantics.key (file: /home/runner/work/key/key/key.core/../key.ui/examples/index/.././standard_key/java_dl/jml-information-flow.key; caused by: de.uka.ilkd.key.proof.init.ProofInputException: Could not find rule file rules/intRulesCheckedSemantics.key)
	at de.uka.ilkd.key.control.AbstractUserInterfaceControl.load(AbstractUserInterfaceControl.java:221)
	at de.uka.ilkd.key.control.KeYEnvironment.load(KeYEnvironment.java:251)
	at de.uka.ilkd.key.control.KeYEnvironment.load(KeYEnvironment.java:224)
	at de.uka.ilkd.key.control.KeYEnvironment.load(KeYEnvironment.java:184)
	at de.uka.ilkd.key.control.KeYEnvironment.load(KeYEnvironment.java:261)
	at de.uka.ilkd.key.proof.runallproofs.proofcollection.TestFile.load(TestFile.java:270)
	at de.uka.ilkd.key.proof.runallproofs.proofcollection.TestFile.runKey(TestFile.java:160)
	at de.uka.ilkd.key.proof.runallproofs.proofcollection.ForkedTestFileRunner.main(ForkedTestFileRunner.java:171)
Caused by: de.uka.ilkd.key.proof.init.ProofInputException: Could not find rule file rules/intRulesCheckedSemantics.key
	at de.uka.ilkd.key.proof.io.KeYFile.readIncludes(KeYFile.java:210)
	at de.uka.ilkd.key.proof.init.ProblemInitializer.readIncludes(ProblemInitializer.java:177)
	at de.uka.ilkd.key.proof.init.ProblemInitializer.readEnvInput(ProblemInitializer.java:325)
	at de.uka.ilkd.key.proof.init.ProblemInitializer.prepare(ProblemInitializer.java:449)
	at de.uka.ilkd.key.proof.io.AbstractProblemLoader.createInitConfig(AbstractProblemLoader.java:518)
	at de.uka.ilkd.key.proof.io.AbstractProblemLoader.loadEnvironment(AbstractProblemLoader.java:288)
	at de.uka.ilkd.key.proof.io.AbstractProblemLoader.load(AbstractProblemLoader.java:252)
	at de.uka.ilkd.key.control.AbstractUserInterfaceControl.load(AbstractUserInterfaceControl.java:209)
	... 7 more
Caused by: java.lang.RuntimeException: Could not find rule file rules/intRulesCheckedSemantics.key
	at de.uka.ilkd.key.proof.io.RuleSourceFactory.fromBuiltInRule(RuleSourceFactory.java:32)
	at de.uka.ilkd.key.proof.io.RuleSourceFactory.fromDefaultLocation(RuleSourceFactory.java:21)
	at de.uka.ilkd.key.nparser.builder.IncludeFinder.addInclude(IncludeFinder.java:63)
	at de.uka.ilkd.key.nparser.builder.IncludeFinder.visitOne_include(IncludeFinder.java:43)
	at de.uka.ilkd.key.nparser.builder.IncludeFinder.visitOne_include(IncludeFinder.java:20)
	at de.uka.ilkd.key.nparser.KeYParser$One_includeContext.accept(KeYParser.java:878)
	at de.uka.ilkd.key.nparser.builder.AbstractBuilder.lambda$mapOf$0(AbstractBuilder.java:112)
	at java.base/java.util.stream.ReferencePipeline$3$1.accept(ReferencePipeline.java:195)
	at java.base/java.util.ArrayList$ArrayListSpliterator.forEachRemaining(ArrayList.java:1655)
	at java.base/java.util.stream.AbstractPipeline.copyInto(AbstractPipeline.java:484)
	at java.base/java.util.stream.AbstractPipeline.wrapAndCopyInto(AbstractPipeline.java:474)
	at java.base/java.util.stream.ReduceOps$ReduceOp.evaluateSequential(ReduceOps.java:913)
	at java.base/java.util.stream.AbstractPipeline.evaluate(AbstractPipeline.java:234)
	at java.base/java.util.stream.ReferencePipeline.collect(ReferencePipeline.java:578)
	at de.uka.ilkd.key.nparser.builder.AbstractBuilder.mapOf(AbstractBuilder.java:112)
	at de.uka.ilkd.key.nparser.builder.IncludeFinder.visitOne_include_statement(IncludeFinder.java:35)
	at de.uka.ilkd.key.nparser.builder.IncludeFinder.visitOne_include_statement(IncludeFinder.java:20)
	at de.uka.ilkd.key.nparser.KeYParser$One_include_statementContext.accept(KeYParser.java:802)
	at org.antlr.v4.runtime.tree.AbstractParseTreeVisitor.visitChildren(AbstractParseTreeVisitor.java:46)
	at de.uka.ilkd.key.nparser.KeYParserBaseVisitor.visitDecls(KeYParserBaseVisitor.java:30)
	at de.uka.ilkd.key.nparser.KeYParser$DeclsContext.accept(KeYParser.java:500)
	at org.antlr.v4.runtime.tree.AbstractParseTreeVisitor.visitChildren(AbstractParseTreeVisitor.java:46)
	at de.uka.ilkd.key.nparser.KeYParserBaseVisitor.visitFile(KeYParserBaseVisitor.java:23)
	at de.uka.ilkd.key.nparser.KeYParser$FileContext.accept(KeYParser.java:306)
	at de.uka.ilkd.key.nparser.KeyAst.accept(KeyAst.java:41)
	at de.uka.ilkd.key.nparser.KeyAst$File.getIncludes(KeyAst.java:76)
	at de.uka.ilkd.key.proof.io.KeYFile.readIncludes(KeYFile.java:208)
	... 14 more
Could not find rule file rules/intRulesCheckedSemantics.key (file: /home/runner/work/key/key/key.core/../key.ui/examples/index/.././standard_key/java_dl/jml-min/min-unprovable1.key; caused by: de.uka.ilkd.key.proof.init.ProofInputException: Could not find rule file rules/intRulesCheckedSemantics.key)
	at de.uka.ilkd.key.control.AbstractUserInterfaceControl.load(AbstractUserInterfaceControl.java:221)
	at de.uka.ilkd.key.control.KeYEnvironment.load(KeYEnvironment.java:251)
	at de.uka.ilkd.key.control.KeYEnvironment.load(KeYEnvironment.java:224)
	at de.uka.ilkd.key.control.KeYEnvironment.load(KeYEnvironment.java:184)
	at de.uka.ilkd.key.control.KeYEnvironment.load(KeYEnvironment.java:261)
	at de.uka.ilkd.key.proof.runallproofs.proofcollection.TestFile.load(TestFile.java:270)
	at de.uka.ilkd.key.proof.runallproofs.proofcollection.TestFile.runKey(TestFile.java:160)
	at de.uka.ilkd.key.proof.runallproofs.proofcollection.ForkedTestFileRunner.main(ForkedTestFileRunner.java:171)
Caused by: de.uka.ilkd.key.proof.init.ProofInputException: Could not find rule file rules/intRulesCheckedSemantics.key
	at de.uka.ilkd.key.proof.io.KeYFile.readIncludes(KeYFile.java:210)
	at de.uka.ilkd.key.proof.init.ProblemInitializer.readIncludes(ProblemInitializer.java:177)
	at de.uka.ilkd.key.proof.init.ProblemInitializer.readEnvInput(ProblemInitializer.java:325)
	at de.uka.ilkd.key.proof.init.ProblemInitializer.prepare(ProblemInitializer.java:449)
	at de.uka.ilkd.key.proof.io.AbstractProblemLoader.createInitConfig(AbstractProblemLoader.java:518)
	at de.uka.ilkd.key.proof.io.AbstractProblemLoader.loadEnvironment(AbstractProblemLoader.java:288)
	at de.uka.ilkd.key.proof.io.AbstractProblemLoader.load(AbstractProblemLoader.java:252)
	at de.uka.ilkd.key.control.AbstractUserInterfaceControl.load(AbstractUserInterfaceControl.java:209)
	... 7 more
Caused by: java.lang.RuntimeException: Could not find rule file rules/intRulesCheckedSemantics.key
	at de.uka.ilkd.key.proof.io.RuleSourceFactory.fromBuiltInRule(RuleSourceFactory.java:32)
	at de.uka.ilkd.key.proof.io.RuleSourceFactory.fromDefaultLocation(RuleSourceFactory.java:21)
	at de.uka.ilkd.key.nparser.builder.IncludeFinder.addInclude(IncludeFinder.java:63)
	at de.uka.ilkd.key.nparser.builder.IncludeFinder.visitOne_include(IncludeFinder.java:43)
	at de.uka.ilkd.key.nparser.builder.IncludeFinder.visitOne_include(IncludeFinder.java:20)
	at de.uka.ilkd.key.nparser.KeYParser$One_includeContext.accept(KeYParser.java:878)
	at de.uka.ilkd.key.nparser.builder.AbstractBuilder.lambda$mapOf$0(AbstractBuilder.java:112)
	at java.base/java.util.stream.ReferencePipeline$3$1.accept(ReferencePipeline.java:195)
	at java.base/java.util.ArrayList$ArrayListSpliterator.forEachRemaining(ArrayList.java:1655)
	at java.base/java.util.stream.AbstractPipeline.copyInto(AbstractPipeline.java:484)
	at java.base/java.util.stream.AbstractPipeline.wrapAndCopyInto(AbstractPipeline.java:474)
	at java.base/java.util.stream.ReduceOps$ReduceOp.evaluateSequential(ReduceOps.java:913)
	at java.base/java.util.stream.AbstractPipeline.evaluate(AbstractPipeline.java:234)
	at java.base/java.util.stream.ReferencePipeline.collect(ReferencePipeline.java:578)
	at de.uka.ilkd.key.nparser.builder.AbstractBuilder.mapOf(AbstractBuilder.java:112)
	at de.uka.ilkd.key.nparser.builder.IncludeFinder.visitOne_include_statement(IncludeFinder.java:35)
	at de.uka.ilkd.key.nparser.builder.IncludeFinder.visitOne_include_statement(IncludeFinder.java:20)
	at de.uka.ilkd.key.nparser.KeYParser$One_include_statementContext.accept(KeYParser.java:802)
	at org.antlr.v4.runtime.tree.AbstractParseTreeVisitor.visitChildren(AbstractParseTreeVisitor.java:46)
	at de.uka.ilkd.key.nparser.KeYParserBaseVisitor.visitDecls(KeYParserBaseVisitor.java:30)
	at de.uka.ilkd.key.nparser.KeYParser$DeclsContext.accept(KeYParser.java:500)
	at org.antlr.v4.runtime.tree.AbstractParseTreeVisitor.visitChildren(AbstractParseTreeVisitor.java:46)
	at de.uka.ilkd.key.nparser.KeYParserBaseVisitor.visitFile(KeYParserBaseVisitor.java:23)
	at de.uka.ilkd.key.nparser.KeYParser$FileContext.accept(KeYParser.java:306)
	at de.uka.ilkd.key.nparser.KeyAst.accept(KeyAst.java:41)
	at de.uka.ilkd.key.nparser.KeyAst$File.getIncludes(KeyAst.java:76)
	at de.uka.ilkd.key.proof.io.KeYFile.readIncludes(KeYFile.java:208)
	... 14 more
Could not find rule file rules/intRulesCheckedSemantics.key (file: /home/runner/work/key/key/key.core/../key.ui/examples/index/.././standard_key/java_dl/jml-min/min-unprovable2.key; caused by: de.uka.ilkd.key.proof.init.ProofInputException: Could not find rule file rules/intRulesCheckedSemantics.key)
	at de.uka.ilkd.key.control.AbstractUserInterfaceControl.load(AbstractUserInterfaceControl.java:221)
	at de.uka.ilkd.key.control.KeYEnvironment.load(KeYEnvironment.java:251)
	at de.uka.ilkd.key.control.KeYEnvironment.load(KeYEnvironment.java:224)
	at de.uka.ilkd.key.control.KeYEnvironment.load(KeYEnvironment.java:184)
	at de.uka.ilkd.key.control.KeYEnvironment.load(KeYEnvironment.java:261)
	at de.uka.ilkd.key.proof.runallproofs.proofcollection.TestFile.load(TestFile.java:270)
	at de.uka.ilkd.key.proof.runallproofs.proofcollection.TestFile.runKey(TestFile.java:160)
	at de.uka.ilkd.key.proof.runallproofs.proofcollection.ForkedTestFileRunner.main(ForkedTestFileRunner.java:171)
Caused by: de.uka.ilkd.key.proof.init.ProofInputException: Could not find rule file rules/intRulesCheckedSemantics.key
	at de.uka.ilkd.key.proof.io.KeYFile.readIncludes(KeYFile.java:210)
	at de.uka.ilkd.key.proof.init.ProblemInitializer.readIncludes(ProblemInitializer.java:177)
	at de.uka.ilkd.key.proof.init.ProblemInitializer.readEnvInput(ProblemInitializer.java:325)
	at de.uka.ilkd.key.proof.init.ProblemInitializer.prepare(ProblemInitializer.java:449)
	at de.uka.ilkd.key.proof.io.AbstractProblemLoader.createInitConfig(AbstractProblemLoader.java:518)
	at de.uka.ilkd.key.proof.io.AbstractProblemLoader.loadEnvironment(AbstractProblemLoader.java:288)
	at de.uka.ilkd.key.proof.io.AbstractProblemLoader.load(AbstractProblemLoader.java:252)
	at de.uka.ilkd.key.control.AbstractUserInterfaceControl.load(AbstractUserInterfaceControl.java:209)
	... 7 more
Caused by: java.lang.RuntimeException: Could not find rule file rules/intRulesCheckedSemantics.key
	at de.uka.ilkd.key.proof.io.RuleSourceFactory.fromBuiltInRule(RuleSourceFactory.java:32)
	at de.uka.ilkd.key.proof.io.RuleSourceFactory.fromDefaultLocation(RuleSourceFactory.java:21)
	at de.uka.ilkd.key.nparser.builder.IncludeFinder.addInclude(IncludeFinder.java:63)
	at de.uka.ilkd.key.nparser.builder.IncludeFinder.visitOne_include(IncludeFinder.java:43)
	at de.uka.ilkd.key.nparser.builder.IncludeFinder.visitOne_include(IncludeFinder.java:20)
	at de.uka.ilkd.key.nparser.KeYParser$One_includeContext.accept(KeYParser.java:878)
	at de.uka.ilkd.key.nparser.builder.AbstractBuilder.lambda$mapOf$0(AbstractBuilder.java:112)
	at java.base/java.util.stream.ReferencePipeline$3$1.accept(ReferencePipeline.java:195)
	at java.base/java.util.ArrayList$ArrayListSpliterator.forEachRemaining(ArrayList.java:1655)
	at java.base/java.util.stream.AbstractPipeline.copyInto(AbstractPipeline.java:484)
	at java.base/java.util.stream.AbstractPipeline.wrapAndCopyInto(AbstractPipeline.java:474)
	at java.base/java.util.stream.ReduceOps$ReduceOp.evaluateSequential(ReduceOps.java:913)
	at java.base/java.util.stream.AbstractPipeline.evaluate(AbstractPipeline.java:234)
	at java.base/java.util.stream.ReferencePipeline.collect(ReferencePipeline.java:578)
	at de.uka.ilkd.key.nparser.builder.AbstractBuilder.mapOf(AbstractBuilder.java:112)
	at de.uka.ilkd.key.nparser.builder.IncludeFinder.visitOne_include_statement(IncludeFinder.java:35)
	at de.uka.ilkd.key.nparser.builder.IncludeFinder.visitOne_include_statement(IncludeFinder.java:20)
	at de.uka.ilkd.key.nparser.KeYParser$One_include_statementContext.accept(KeYParser.java:802)
	at org.antlr.v4.runtime.tree.AbstractParseTreeVisitor.visitChildren(AbstractParseTreeVisitor.java:46)
	at de.uka.ilkd.key.nparser.KeYParserBaseVisitor.visitDecls(KeYParserBaseVisitor.java:30)
	at de.uka.ilkd.key.nparser.KeYParser$DeclsContext.accept(KeYParser.java:500)
	at org.antlr.v4.runtime.tree.AbstractParseTreeVisitor.visitChildren(AbstractParseTreeVisitor.java:46)
	at de.uka.ilkd.key.nparser.KeYParserBaseVisitor.visitFile(KeYParserBaseVisitor.java:23)
	at de.uka.ilkd.key.nparser.KeYParser$FileContext.accept(KeYParser.java:306)
	at de.uka.ilkd.key.nparser.KeyAst.accept(KeyAst.java:41)
	at de.uka.ilkd.key.nparser.KeyAst$File.getIncludes(KeyAst.java:76)
	at de.uka.ilkd.key.proof.io.KeYFile.readIncludes(KeYFile.java:208)
	... 14 more
Could not find rule file rules/intRulesCheckedSemantics.key (file: /home/runner/work/key/key/key.core/../key.ui/examples/index/.././standard_key/java_dl/methodCall.key; caused by: de.uka.ilkd.key.proof.init.ProofInputException: Could not find rule file rules/intRulesCheckedSemantics.key)
	at de.uka.ilkd.key.control.AbstractUserInterfaceControl.load(AbstractUserInterfaceControl.java:221)
	at de.uka.ilkd.key.control.KeYEnvironment.load(KeYEnvironment.java:251)
	at de.uka.ilkd.key.control.KeYEnvironment.load(KeYEnvironment.java:224)
	at de.uka.ilkd.key.control.KeYEnvironment.load(KeYEnvironment.java:184)
	at de.uka.ilkd.key.control.KeYEnvironment.load(KeYEnvironment.java:261)
	at de.uka.ilkd.key.proof.runallproofs.proofcollection.TestFile.load(TestFile.java:270)
	at de.uka.ilkd.key.proof.runallproofs.proofcollection.TestFile.runKey(TestFile.java:160)
	at de.uka.ilkd.key.proof.runallproofs.proofcollection.ForkedTestFileRunner.main(ForkedTestFileRunner.java:171)
Caused by: de.uka.ilkd.key.proof.init.ProofInputException: Could not find rule file rules/intRulesCheckedSemantics.key
	at de.uka.ilkd.key.proof.io.KeYFile.readIncludes(KeYFile.java:210)
	at de.uka.ilkd.key.proof.init.ProblemInitializer.readIncludes(ProblemInitializer.java:177)
	at de.uka.ilkd.key.proof.init.ProblemInitializer.readEnvInput(ProblemInitializer.java:325)
	at de.uka.ilkd.key.proof.init.ProblemInitializer.prepare(ProblemInitializer.java:449)
	at de.uka.ilkd.key.proof.io.AbstractProblemLoader.createInitConfig(AbstractProblemLoader.java:518)
	at de.uka.ilkd.key.proof.io.AbstractProblemLoader.loadEnvironment(AbstractProblemLoader.java:288)
	at de.uka.ilkd.key.proof.io.AbstractProblemLoader.load(AbstractProblemLoader.java:252)
	at de.uka.ilkd.key.control.AbstractUserInterfaceControl.load(AbstractUserInterfaceControl.java:209)
	... 7 more
Caused by: java.lang.RuntimeException: Could not find rule file rules/intRulesCheckedSemantics.key
	at de.uka.ilkd.key.proof.io.RuleSourceFactory.fromBuiltInRule(RuleSourceFactory.java:32)
	at de.uka.ilkd.key.proof.io.RuleSourceFactory.fromDefaultLocation(RuleSourceFactory.java:21)
	at de.uka.ilkd.key.nparser.builder.IncludeFinder.addInclude(IncludeFinder.java:63)
	at de.uka.ilkd.key.nparser.builder.IncludeFinder.visitOne_include(IncludeFinder.java:43)
	at de.uka.ilkd.key.nparser.builder.IncludeFinder.visitOne_include(IncludeFinder.java:20)
	at de.uka.ilkd.key.nparser.KeYParser$One_includeContext.accept(KeYParser.java:878)
	at de.uka.ilkd.key.nparser.builder.AbstractBuilder.lambda$mapOf$0(AbstractBuilder.java:112)
	at java.base/java.util.stream.ReferencePipeline$3$1.accept(ReferencePipeline.java:195)
	at java.base/java.util.ArrayList$ArrayListSpliterator.forEachRemaining(ArrayList.java:1655)
	at java.base/java.util.stream.AbstractPipeline.copyInto(AbstractPipeline.java:484)
	at java.base/java.util.stream.AbstractPipeline.wrapAndCopyInto(AbstractPipeline.java:474)
	at java.base/java.util.stream.ReduceOps$ReduceOp.evaluateSequential(ReduceOps.java:913)
	at java.base/java.util.stream.AbstractPipeline.evaluate(AbstractPipeline.java:234)
	at java.base/java.util.stream.ReferencePipeline.collect(ReferencePipeline.java:578)
	at de.uka.ilkd.key.nparser.builder.AbstractBuilder.mapOf(AbstractBuilder.java:112)
	at de.uka.ilkd.key.nparser.builder.IncludeFinder.visitOne_include_statement(IncludeFinder.java:35)
	at de.uka.ilkd.key.nparser.builder.IncludeFinder.visitOne_include_statement(IncludeFinder.java:20)
	at de.uka.ilkd.key.nparser.KeYParser$One_include_statementContext.accept(KeYParser.java:802)
	at org.antlr.v4.runtime.tree.AbstractParseTreeVisitor.visitChildren(AbstractParseTreeVisitor.java:46)
	at de.uka.ilkd.key.nparser.KeYParserBaseVisitor.visitDecls(KeYParserBaseVisitor.java:30)
	at de.uka.ilkd.key.nparser.KeYParser$DeclsContext.accept(KeYParser.java:500)
	at org.antlr.v4.runtime.tree.AbstractParseTreeVisitor.visitChildren(AbstractParseTreeVisitor.java:46)
	at de.uka.ilkd.key.nparser.KeYParserBaseVisitor.visitFile(KeYParserBaseVisitor.java:23)
	at de.uka.ilkd.key.nparser.KeYParser$FileContext.accept(KeYParser.java:306)
	at de.uka.ilkd.key.nparser.KeyAst.accept(KeyAst.java:41)
	at de.uka.ilkd.key.nparser.KeyAst$File.getIncludes(KeyAst.java:76)
	at de.uka.ilkd.key.proof.io.KeYFile.readIncludes(KeYFile.java:208)
	... 14 more
Could not find rule file rules/intRulesCheckedSemantics.key (file: /home/runner/work/key/key/key.core/../key.ui/examples/index/.././standard_key/java_dl/methodCall1.key; caused by: de.uka.ilkd.key.proof.init.ProofInputException: Could not find rule file rules/intRulesCheckedSemantics.key)
	at de.uka.ilkd.key.control.AbstractUserInterfaceControl.load(AbstractUserInterfaceControl.java:221)
	at de.uka.ilkd.key.control.KeYEnvironment.load(KeYEnvironment.java:251)
	at de.uka.ilkd.key.control.KeYEnvironment.load(KeYEnvironment.java:224)
	at de.uka.ilkd.key.control.KeYEnvironment.load(KeYEnvironment.java:184)
	at de.uka.ilkd.key.control.KeYEnvironment.load(KeYEnvironment.java:261)
	at de.uka.ilkd.key.proof.runallproofs.proofcollection.TestFile.load(TestFile.java:270)
	at de.uka.ilkd.key.proof.runallproofs.proofcollection.TestFile.runKey(TestFile.java:160)
	at de.uka.ilkd.key.proof.runallproofs.proofcollection.ForkedTestFileRunner.main(ForkedTestFileRunner.java:171)
Caused by: de.uka.ilkd.key.proof.init.ProofInputException: Could not find rule file rules/intRulesCheckedSemantics.key
	at de.uka.ilkd.key.proof.io.KeYFile.readIncludes(KeYFile.java:210)
	at de.uka.ilkd.key.proof.init.ProblemInitializer.readIncludes(ProblemInitializer.java:177)
	at de.uka.ilkd.key.proof.init.ProblemInitializer.readEnvInput(ProblemInitializer.java:325)
	at de.uka.ilkd.key.proof.init.ProblemInitializer.prepare(ProblemInitializer.java:449)
	at de.uka.ilkd.key.proof.io.AbstractProblemLoader.createInitConfig(AbstractProblemLoader.java:518)
	at de.uka.ilkd.key.proof.io.AbstractProblemLoader.loadEnvironment(AbstractProblemLoader.java:288)
	at de.uka.ilkd.key.proof.io.AbstractProblemLoader.load(AbstractProblemLoader.java:252)
	at de.uka.ilkd.key.control.AbstractUserInterfaceControl.load(AbstractUserInterfaceControl.java:209)
	... 7 more
Caused by: java.lang.RuntimeException: Could not find rule file rules/intRulesCheckedSemantics.key
	at de.uka.ilkd.key.proof.io.RuleSourceFactory.fromBuiltInRule(RuleSourceFactory.java:32)
	at de.uka.ilkd.key.proof.io.RuleSourceFactory.fromDefaultLocation(RuleSourceFactory.java:21)
	at de.uka.ilkd.key.nparser.builder.IncludeFinder.addInclude(IncludeFinder.java:63)
	at de.uka.ilkd.key.nparser.builder.IncludeFinder.visitOne_include(IncludeFinder.java:43)
	at de.uka.ilkd.key.nparser.builder.IncludeFinder.visitOne_include(IncludeFinder.java:20)
	at de.uka.ilkd.key.nparser.KeYParser$One_includeContext.accept(KeYParser.java:878)
	at de.uka.ilkd.key.nparser.builder.AbstractBuilder.lambda$mapOf$0(AbstractBuilder.java:112)
	at java.base/java.util.stream.ReferencePipeline$3$1.accept(ReferencePipeline.java:195)
	at java.base/java.util.ArrayList$ArrayListSpliterator.forEachRemaining(ArrayList.java:1655)
	at java.base/java.util.stream.AbstractPipeline.copyInto(AbstractPipeline.java:484)
	at java.base/java.util.stream.AbstractPipeline.wrapAndCopyInto(AbstractPipeline.java:474)
	at java.base/java.util.stream.ReduceOps$ReduceOp.evaluateSequential(ReduceOps.java:913)
	at java.base/java.util.stream.AbstractPipeline.evaluate(AbstractPipeline.java:234)
	at java.base/java.util.stream.ReferencePipeline.collect(ReferencePipeline.java:578)
	at de.uka.ilkd.key.nparser.builder.AbstractBuilder.mapOf(AbstractBuilder.java:112)
	at de.uka.ilkd.key.nparser.builder.IncludeFinder.visitOne_include_statement(IncludeFinder.java:35)
	at de.uka.ilkd.key.nparser.builder.IncludeFinder.visitOne_include_statement(IncludeFinder.java:20)
	at de.uka.ilkd.key.nparser.KeYParser$One_include_statementContext.accept(KeYParser.java:802)
	at org.antlr.v4.runtime.tree.AbstractParseTreeVisitor.visitChildren(AbstractParseTreeVisitor.java:46)
	at de.uka.ilkd.key.nparser.KeYParserBaseVisitor.visitDecls(KeYParserBaseVisitor.java:30)
	at de.uka.ilkd.key.nparser.KeYParser$DeclsContext.accept(KeYParser.java:500)
	at org.antlr.v4.runtime.tree.AbstractParseTreeVisitor.visitChildren(AbstractParseTreeVisitor.java:46)
	at de.uka.ilkd.key.nparser.KeYParserBaseVisitor.visitFile(KeYParserBaseVisitor.java:23)
	at de.uka.ilkd.key.nparser.KeYParser$FileContext.accept(KeYParser.java:306)
	at de.uka.ilkd.key.nparser.KeyAst.accept(KeyAst.java:41)
	at de.uka.ilkd.key.nparser.KeyAst$File.getIncludes(KeyAst.java:76)
	at de.uka.ilkd.key.proof.io.KeYFile.readIncludes(KeYFile.java:208)
	... 14 more
Could not find rule file rules/intRulesCheckedSemantics.key (file: /home/runner/work/key/key/key.core/../key.ui/examples/index/.././standard_key/java_dl/methodCall1box.key; caused by: de.uka.ilkd.key.proof.init.ProofInputException: Could not find rule file rules/intRulesCheckedSemantics.key)
	at de.uka.ilkd.key.control.AbstractUserInterfaceControl.load(AbstractUserInterfaceControl.java:221)
	at de.uka.ilkd.key.control.KeYEnvironment.load(KeYEnvironment.java:251)
	at de.uka.ilkd.key.control.KeYEnvironment.load(KeYEnvironment.java:224)
	at de.uka.ilkd.key.control.KeYEnvironment.load(KeYEnvironment.java:184)
	at de.uka.ilkd.key.control.KeYEnvironment.load(KeYEnvironment.java:261)
	at de.uka.ilkd.key.proof.runallproofs.proofcollection.TestFile.load(TestFile.java:270)
	at de.uka.ilkd.key.proof.runallproofs.proofcollection.TestFile.runKey(TestFile.java:160)
	at de.uka.ilkd.key.proof.runallproofs.proofcollection.ForkedTestFileRunner.main(ForkedTestFileRunner.java:171)
Caused by: de.uka.ilkd.key.proof.init.ProofInputException: Could not find rule file rules/intRulesCheckedSemantics.key
	at de.uka.ilkd.key.proof.io.KeYFile.readIncludes(KeYFile.java:210)
	at de.uka.ilkd.key.proof.init.ProblemInitializer.readIncludes(ProblemInitializer.java:177)
	at de.uka.ilkd.key.proof.init.ProblemInitializer.readEnvInput(ProblemInitializer.java:325)
	at de.uka.ilkd.key.proof.init.ProblemInitializer.prepare(ProblemInitializer.java:449)
	at de.uka.ilkd.key.proof.io.AbstractProblemLoader.createInitConfig(AbstractProblemLoader.java:518)
	at de.uka.ilkd.key.proof.io.AbstractProblemLoader.loadEnvironment(AbstractProblemLoader.java:288)
	at de.uka.ilkd.key.proof.io.AbstractProblemLoader.load(AbstractProblemLoader.java:252)
	at de.uka.ilkd.key.control.AbstractUserInterfaceControl.load(AbstractUserInterfaceControl.java:209)
	... 7 more
Caused by: java.lang.RuntimeException: Could not find rule file rules/intRulesCheckedSemantics.key
	at de.uka.ilkd.key.proof.io.RuleSourceFactory.fromBuiltInRule(RuleSourceFactory.java:32)
	at de.uka.ilkd.key.proof.io.RuleSourceFactory.fromDefaultLocation(RuleSourceFactory.java:21)
	at de.uka.ilkd.key.nparser.builder.IncludeFinder.addInclude(IncludeFinder.java:63)
	at de.uka.ilkd.key.nparser.builder.IncludeFinder.visitOne_include(IncludeFinder.java:43)
	at de.uka.ilkd.key.nparser.builder.IncludeFinder.visitOne_include(IncludeFinder.java:20)
	at de.uka.ilkd.key.nparser.KeYParser$One_includeContext.accept(KeYParser.java:878)
	at de.uka.ilkd.key.nparser.builder.AbstractBuilder.lambda$mapOf$0(AbstractBuilder.java:112)
	at java.base/java.util.stream.ReferencePipeline$3$1.accept(ReferencePipeline.java:195)
	at java.base/java.util.ArrayList$ArrayListSpliterator.forEachRemaining(ArrayList.java:1655)
	at java.base/java.util.stream.AbstractPipeline.copyInto(AbstractPipeline.java:484)
	at java.base/java.util.stream.AbstractPipeline.wrapAndCopyInto(AbstractPipeline.java:474)
	at java.base/java.util.stream.ReduceOps$ReduceOp.evaluateSequential(ReduceOps.java:913)
	at java.base/java.util.stream.AbstractPipeline.evaluate(AbstractPipeline.java:234)
	at java.base/java.util.stream.ReferencePipeline.collect(ReferencePipeline.java:578)
	at de.uka.ilkd.key.nparser.builder.AbstractBuilder.mapOf(AbstractBuilder.java:112)
	at de.uka.ilkd.key.nparser.builder.IncludeFinder.visitOne_include_statement(IncludeFinder.java:35)
	at de.uka.ilkd.key.nparser.builder.IncludeFinder.visitOne_include_statement(IncludeFinder.java:20)
	at de.uka.ilkd.key.nparser.KeYParser$One_include_statementContext.accept(KeYParser.java:802)
	at org.antlr.v4.runtime.tree.AbstractParseTreeVisitor.visitChildren(AbstractParseTreeVisitor.java:46)
	at de.uka.ilkd.key.nparser.KeYParserBaseVisitor.visitDecls(KeYParserBaseVisitor.java:30)
	at de.uka.ilkd.key.nparser.KeYParser$DeclsContext.accept(KeYParser.java:500)
	at org.antlr.v4.runtime.tree.AbstractParseTreeVisitor.visitChildren(AbstractParseTreeVisitor.java:46)
	at de.uka.ilkd.key.nparser.KeYParserBaseVisitor.visitFile(KeYParserBaseVisitor.java:23)
	at de.uka.ilkd.key.nparser.KeYParser$FileContext.accept(KeYParser.java:306)
	at de.uka.ilkd.key.nparser.KeyAst.accept(KeyAst.java:41)
	at de.uka.ilkd.key.nparser.KeyAst$File.getIncludes(KeyAst.java:76)
	at de.uka.ilkd.key.proof.io.KeYFile.readIncludes(KeYFile.java:208)
	... 14 more
Could not find rule file rules/intRulesCheckedSemantics.key (file: /home/runner/work/key/key/key.core/../key.ui/examples/index/.././standard_key/java_dl/methodCall3.key; caused by: de.uka.ilkd.key.proof.init.ProofInputException: Could not find rule file rules/intRulesCheckedSemantics.key)
	at de.uka.ilkd.key.control.AbstractUserInterfaceControl.load(AbstractUserInterfaceControl.java:221)
	at de.uka.ilkd.key.control.KeYEnvironment.load(KeYEnvironment.java:251)
	at de.uka.ilkd.key.control.KeYEnvironment.load(KeYEnvironment.java:224)
	at de.uka.ilkd.key.control.KeYEnvironment.load(KeYEnvironment.java:184)
	at de.uka.ilkd.key.control.KeYEnvironment.load(KeYEnvironment.java:261)
	at de.uka.ilkd.key.proof.runallproofs.proofcollection.TestFile.load(TestFile.java:270)
	at de.uka.ilkd.key.proof.runallproofs.proofcollection.TestFile.runKey(TestFile.java:160)
	at de.uka.ilkd.key.proof.runallproofs.proofcollection.ForkedTestFileRunner.main(ForkedTestFileRunner.java:171)
Caused by: de.uka.ilkd.key.proof.init.ProofInputException: Could not find rule file rules/intRulesCheckedSemantics.key
	at de.uka.ilkd.key.proof.io.KeYFile.readIncludes(KeYFile.java:210)
	at de.uka.ilkd.key.proof.init.ProblemInitializer.readIncludes(ProblemInitializer.java:177)
	at de.uka.ilkd.key.proof.init.ProblemInitializer.readEnvInput(ProblemInitializer.java:325)
	at de.uka.ilkd.key.proof.init.ProblemInitializer.prepare(ProblemInitializer.java:449)
	at de.uka.ilkd.key.proof.io.AbstractProblemLoader.createInitConfig(AbstractProblemLoader.java:518)
	at de.uka.ilkd.key.proof.io.AbstractProblemLoader.loadEnvironment(AbstractProblemLoader.java:288)
	at de.uka.ilkd.key.proof.io.AbstractProblemLoader.load(AbstractProblemLoader.java:252)
	at de.uka.ilkd.key.control.AbstractUserInterfaceControl.load(AbstractUserInterfaceControl.java:209)
	... 7 more
Caused by: java.lang.RuntimeException: Could not find rule file rules/intRulesCheckedSemantics.key
	at de.uka.ilkd.key.proof.io.RuleSourceFactory.fromBuiltInRule(RuleSourceFactory.java:32)
	at de.uka.ilkd.key.proof.io.RuleSourceFactory.fromDefaultLocation(RuleSourceFactory.java:21)
	at de.uka.ilkd.key.nparser.builder.IncludeFinder.addInclude(IncludeFinder.java:63)
	at de.uka.ilkd.key.nparser.builder.IncludeFinder.visitOne_include(IncludeFinder.java:43)
	at de.uka.ilkd.key.nparser.builder.IncludeFinder.visitOne_include(IncludeFinder.java:20)
	at de.uka.ilkd.key.nparser.KeYParser$One_includeContext.accept(KeYParser.java:878)
	at de.uka.ilkd.key.nparser.builder.AbstractBuilder.lambda$mapOf$0(AbstractBuilder.java:112)
	at java.base/java.util.stream.ReferencePipeline$3$1.accept(ReferencePipeline.java:195)
	at java.base/java.util.ArrayList$ArrayListSpliterator.forEachRemaining(ArrayList.java:1655)
	at java.base/java.util.stream.AbstractPipeline.copyInto(AbstractPipeline.java:484)
	at java.base/java.util.stream.AbstractPipeline.wrapAndCopyInto(AbstractPipeline.java:474)
	at java.base/java.util.stream.ReduceOps$ReduceOp.evaluateSequential(ReduceOps.java:913)
	at java.base/java.util.stream.AbstractPipeline.evaluate(AbstractPipeline.java:234)
	at java.base/java.util.stream.ReferencePipeline.collect(ReferencePipeline.java:578)
	at de.uka.ilkd.key.nparser.builder.AbstractBuilder.mapOf(AbstractBuilder.java:112)
	at de.uka.ilkd.key.nparser.builder.IncludeFinder.visitOne_include_statement(IncludeFinder.java:35)
	at de.uka.ilkd.key.nparser.builder.IncludeFinder.visitOne_include_statement(IncludeFinder.java:20)
	at de.uka.ilkd.key.nparser.KeYParser$One_include_statementContext.accept(KeYParser.java:802)
	at org.antlr.v4.runtime.tree.AbstractParseTreeVisitor.visitChildren(AbstractParseTreeVisitor.java:46)
	at de.uka.ilkd.key.nparser.KeYParserBaseVisitor.visitDecls(KeYParserBaseVisitor.java:30)
	at de.uka.ilkd.key.nparser.KeYParser$DeclsContext.accept(KeYParser.java:500)
	at org.antlr.v4.runtime.tree.AbstractParseTreeVisitor.visitChildren(AbstractParseTreeVisitor.java:46)
	at de.uka.ilkd.key.nparser.KeYParserBaseVisitor.visitFile(KeYParserBaseVisitor.java:23)
	at de.uka.ilkd.key.nparser.KeYParser$FileContext.accept(KeYParser.java:306)
	at de.uka.ilkd.key.nparser.KeyAst.accept(KeyAst.java:41)
	at de.uka.ilkd.key.nparser.KeyAst$File.getIncludes(KeyAst.java:76)
	at de.uka.ilkd.key.proof.io.KeYFile.readIncludes(KeYFile.java:208)
	... 14 more
Could not find rule file rules/intRulesCheckedSemantics.key (file: /home/runner/work/key/key/key.core/../key.ui/examples/index/.././standard_key/java_dl/polishFlagSort.key; caused by: de.uka.ilkd.key.proof.init.ProofInputException: Could not find rule file rules/intRulesCheckedSemantics.key)
	at de.uka.ilkd.key.control.AbstractUserInterfaceControl.load(AbstractUserInterfaceControl.java:221)
	at de.uka.ilkd.key.control.KeYEnvironment.load(KeYEnvironment.java:251)
	at de.uka.ilkd.key.control.KeYEnvironment.load(KeYEnvironment.java:224)
	at de.uka.ilkd.key.control.KeYEnvironment.load(KeYEnvironment.java:184)
	at de.uka.ilkd.key.control.KeYEnvironment.load(KeYEnvironment.java:261)
	at de.uka.ilkd.key.proof.runallproofs.proofcollection.TestFile.load(TestFile.java:270)
	at de.uka.ilkd.key.proof.runallproofs.proofcollection.TestFile.runKey(TestFile.java:160)
	at de.uka.ilkd.key.proof.runallproofs.proofcollection.ForkedTestFileRunner.main(ForkedTestFileRunner.java:171)
Caused by: de.uka.ilkd.key.proof.init.ProofInputException: Could not find rule file rules/intRulesCheckedSemantics.key
	at de.uka.ilkd.key.proof.io.KeYFile.readIncludes(KeYFile.java:210)
	at de.uka.ilkd.key.proof.init.ProblemInitializer.readIncludes(ProblemInitializer.java:177)
	at de.uka.ilkd.key.proof.init.ProblemInitializer.readEnvInput(ProblemInitializer.java:325)
	at de.uka.ilkd.key.proof.init.ProblemInitializer.prepare(ProblemInitializer.java:449)
	at de.uka.ilkd.key.proof.io.AbstractProblemLoader.createInitConfig(AbstractProblemLoader.java:518)
	at de.uka.ilkd.key.proof.io.AbstractProblemLoader.loadEnvironment(AbstractProblemLoader.java:288)
	at de.uka.ilkd.key.proof.io.AbstractProblemLoader.load(AbstractProblemLoader.java:252)
	at de.uka.ilkd.key.control.AbstractUserInterfaceControl.load(AbstractUserInterfaceControl.java:209)
	... 7 more
Caused by: java.lang.RuntimeException: Could not find rule file rules/intRulesCheckedSemantics.key
	at de.uka.ilkd.key.proof.io.RuleSourceFactory.fromBuiltInRule(RuleSourceFactory.java:32)
	at de.uka.ilkd.key.proof.io.RuleSourceFactory.fromDefaultLocation(RuleSourceFactory.java:21)
	at de.uka.ilkd.key.nparser.builder.IncludeFinder.addInclude(IncludeFinder.java:63)
	at de.uka.ilkd.key.nparser.builder.IncludeFinder.visitOne_include(IncludeFinder.java:43)
	at de.uka.ilkd.key.nparser.builder.IncludeFinder.visitOne_include(IncludeFinder.java:20)
	at de.uka.ilkd.key.nparser.KeYParser$One_includeContext.accept(KeYParser.java:878)
	at de.uka.ilkd.key.nparser.builder.AbstractBuilder.lambda$mapOf$0(AbstractBuilder.java:112)
	at java.base/java.util.stream.ReferencePipeline$3$1.accept(ReferencePipeline.java:195)
	at java.base/java.util.ArrayList$ArrayListSpliterator.forEachRemaining(ArrayList.java:1655)
	at java.base/java.util.stream.AbstractPipeline.copyInto(AbstractPipeline.java:484)
	at java.base/java.util.stream.AbstractPipeline.wrapAndCopyInto(AbstractPipeline.java:474)
	at java.base/java.util.stream.ReduceOps$ReduceOp.evaluateSequential(ReduceOps.java:913)
	at java.base/java.util.stream.AbstractPipeline.evaluate(AbstractPipeline.java:234)
	at java.base/java.util.stream.ReferencePipeline.collect(ReferencePipeline.java:578)
	at de.uka.ilkd.key.nparser.builder.AbstractBuilder.mapOf(AbstractBuilder.java:112)
	at de.uka.ilkd.key.nparser.builder.IncludeFinder.visitOne_include_statement(IncludeFinder.java:35)
	at de.uka.ilkd.key.nparser.builder.IncludeFinder.visitOne_include_statement(IncludeFinder.java:20)
	at de.uka.ilkd.key.nparser.KeYParser$One_include_statementContext.accept(KeYParser.java:802)
	at org.antlr.v4.runtime.tree.AbstractParseTreeVisitor.visitChildren(AbstractParseTreeVisitor.java:46)
	at de.uka.ilkd.key.nparser.KeYParserBaseVisitor.visitDecls(KeYParserBaseVisitor.java:30)
	at de.uka.ilkd.key.nparser.KeYParser$DeclsContext.accept(KeYParser.java:500)
	at org.antlr.v4.runtime.tree.AbstractParseTreeVisitor.visitChildren(AbstractParseTreeVisitor.java:46)
	at de.uka.ilkd.key.nparser.KeYParserBaseVisitor.visitFile(KeYParserBaseVisitor.java:23)
	at de.uka.ilkd.key.nparser.KeYParser$FileContext.accept(KeYParser.java:306)
	at de.uka.ilkd.key.nparser.KeyAst.accept(KeyAst.java:41)
	at de.uka.ilkd.key.nparser.KeyAst$File.getIncludes(KeyAst.java:76)
	at de.uka.ilkd.key.proof.io.KeYFile.readIncludes(KeYFile.java:208)
	... 14 more
Could not find rule file rules/intRulesCheckedSemantics.key (file: /home/runner/work/key/key/key.core/../key.ui/examples/index/.././standard_key/java_dl/postConditionTaclets1.key; caused by: de.uka.ilkd.key.proof.init.ProofInputException: Could not find rule file rules/intRulesCheckedSemantics.key)
	at de.uka.ilkd.key.control.AbstractUserInterfaceControl.load(AbstractUserInterfaceControl.java:221)
	at de.uka.ilkd.key.control.KeYEnvironment.load(KeYEnvironment.java:251)
	at de.uka.ilkd.key.control.KeYEnvironment.load(KeYEnvironment.java:224)
	at de.uka.ilkd.key.control.KeYEnvironment.load(KeYEnvironment.java:184)
	at de.uka.ilkd.key.control.KeYEnvironment.load(KeYEnvironment.java:261)
	at de.uka.ilkd.key.proof.runallproofs.proofcollection.TestFile.load(TestFile.java:270)
	at de.uka.ilkd.key.proof.runallproofs.proofcollection.TestFile.runKey(TestFile.java:160)
	at de.uka.ilkd.key.proof.runallproofs.proofcollection.ForkedTestFileRunner.main(ForkedTestFileRunner.java:171)
Caused by: de.uka.ilkd.key.proof.init.ProofInputException: Could not find rule file rules/intRulesCheckedSemantics.key
	at de.uka.ilkd.key.proof.io.KeYFile.readIncludes(KeYFile.java:210)
	at de.uka.ilkd.key.proof.init.ProblemInitializer.readIncludes(ProblemInitializer.java:177)
	at de.uka.ilkd.key.proof.init.ProblemInitializer.readEnvInput(ProblemInitializer.java:325)
	at de.uka.ilkd.key.proof.init.ProblemInitializer.prepare(ProblemInitializer.java:449)
	at de.uka.ilkd.key.proof.io.AbstractProblemLoader.createInitConfig(AbstractProblemLoader.java:518)
	at de.uka.ilkd.key.proof.io.AbstractProblemLoader.loadEnvironment(AbstractProblemLoader.java:288)
	at de.uka.ilkd.key.proof.io.AbstractProblemLoader.load(AbstractProblemLoader.java:252)
	at de.uka.ilkd.key.control.AbstractUserInterfaceControl.load(AbstractUserInterfaceControl.java:209)
	... 7 more
Caused by: java.lang.RuntimeException: Could not find rule file rules/intRulesCheckedSemantics.key
	at de.uka.ilkd.key.proof.io.RuleSourceFactory.fromBuiltInRule(RuleSourceFactory.java:32)
	at de.uka.ilkd.key.proof.io.RuleSourceFactory.fromDefaultLocation(RuleSourceFactory.java:21)
	at de.uka.ilkd.key.nparser.builder.IncludeFinder.addInclude(IncludeFinder.java:63)
	at de.uka.ilkd.key.nparser.builder.IncludeFinder.visitOne_include(IncludeFinder.java:43)
	at de.uka.ilkd.key.nparser.builder.IncludeFinder.visitOne_include(IncludeFinder.java:20)
	at de.uka.ilkd.key.nparser.KeYParser$One_includeContext.accept(KeYParser.java:878)
	at de.uka.ilkd.key.nparser.builder.AbstractBuilder.lambda$mapOf$0(AbstractBuilder.java:112)
	at java.base/java.util.stream.ReferencePipeline$3$1.accept(ReferencePipeline.java:195)
	at java.base/java.util.ArrayList$ArrayListSpliterator.forEachRemaining(ArrayList.java:1655)
	at java.base/java.util.stream.AbstractPipeline.copyInto(AbstractPipeline.java:484)
	at java.base/java.util.stream.AbstractPipeline.wrapAndCopyInto(AbstractPipeline.java:474)
	at java.base/java.util.stream.ReduceOps$ReduceOp.evaluateSequential(ReduceOps.java:913)
	at java.base/java.util.stream.AbstractPipeline.evaluate(AbstractPipeline.java:234)
	at java.base/java.util.stream.ReferencePipeline.collect(ReferencePipeline.java:578)
	at de.uka.ilkd.key.nparser.builder.AbstractBuilder.mapOf(AbstractBuilder.java:112)
	at de.uka.ilkd.key.nparser.builder.IncludeFinder.visitOne_include_statement(IncludeFinder.java:35)
	at de.uka.ilkd.key.nparser.builder.IncludeFinder.visitOne_include_statement(IncludeFinder.java:20)
	at de.uka.ilkd.key.nparser.KeYParser$One_include_statementContext.accept(KeYParser.java:802)
	at org.antlr.v4.runtime.tree.AbstractParseTreeVisitor.visitChildren(AbstractParseTreeVisitor.java:46)
	at de.uka.ilkd.key.nparser.KeYParserBaseVisitor.visitDecls(KeYParserBaseVisitor.java:30)
	at de.uka.ilkd.key.nparser.KeYParser$DeclsContext.accept(KeYParser.java:500)
	at org.antlr.v4.runtime.tree.AbstractParseTreeVisitor.visitChildren(AbstractParseTreeVisitor.java:46)
	at de.uka.ilkd.key.nparser.KeYParserBaseVisitor.visitFile(KeYParserBaseVisitor.java:23)
	at de.uka.ilkd.key.nparser.KeYParser$FileContext.accept(KeYParser.java:306)
	at de.uka.ilkd.key.nparser.KeyAst.accept(KeyAst.java:41)
	at de.uka.ilkd.key.nparser.KeyAst$File.getIncludes(KeyAst.java:76)
	at de.uka.ilkd.key.proof.io.KeYFile.readIncludes(KeYFile.java:208)
	... 14 more
Could not find rule file rules/intRulesCheckedSemantics.key (file: /home/runner/work/key/key/key.core/../key.ui/examples/index/.././standard_key/java_dl/postConditionTaclets2.key; caused by: de.uka.ilkd.key.proof.init.ProofInputException: Could not find rule file rules/intRulesCheckedSemantics.key)
	at de.uka.ilkd.key.control.AbstractUserInterfaceControl.load(AbstractUserInterfaceControl.java:221)
	at de.uka.ilkd.key.control.KeYEnvironment.load(KeYEnvironment.java:251)
	at de.uka.ilkd.key.control.KeYEnvironment.load(KeYEnvironment.java:224)
	at de.uka.ilkd.key.control.KeYEnvironment.load(KeYEnvironment.java:184)
	at de.uka.ilkd.key.control.KeYEnvironment.load(KeYEnvironment.java:261)
	at de.uka.ilkd.key.proof.runallproofs.proofcollection.TestFile.load(TestFile.java:270)
	at de.uka.ilkd.key.proof.runallproofs.proofcollection.TestFile.runKey(TestFile.java:160)
	at de.uka.ilkd.key.proof.runallproofs.proofcollection.ForkedTestFileRunner.main(ForkedTestFileRunner.java:171)
Caused by: de.uka.ilkd.key.proof.init.ProofInputException: Could not find rule file rules/intRulesCheckedSemantics.key
	at de.uka.ilkd.key.proof.io.KeYFile.readIncludes(KeYFile.java:210)
	at de.uka.ilkd.key.proof.init.ProblemInitializer.readIncludes(ProblemInitializer.java:177)
	at de.uka.ilkd.key.proof.init.ProblemInitializer.readEnvInput(ProblemInitializer.java:325)
	at de.uka.ilkd.key.proof.init.ProblemInitializer.prepare(ProblemInitializer.java:449)
	at de.uka.ilkd.key.proof.io.AbstractProblemLoader.createInitConfig(AbstractProblemLoader.java:518)
	at de.uka.ilkd.key.proof.io.AbstractProblemLoader.loadEnvironment(AbstractProblemLoader.java:288)
	at de.uka.ilkd.key.proof.io.AbstractProblemLoader.load(AbstractProblemLoader.java:252)
	at de.uka.ilkd.key.control.AbstractUserInterfaceControl.load(AbstractUserInterfaceControl.java:209)
	... 7 more
Caused by: java.lang.RuntimeException: Could not find rule file rules/intRulesCheckedSemantics.key
	at de.uka.ilkd.key.proof.io.RuleSourceFactory.fromBuiltInRule(RuleSourceFactory.java:32)
	at de.uka.ilkd.key.proof.io.RuleSourceFactory.fromDefaultLocation(RuleSourceFactory.java:21)
	at de.uka.ilkd.key.nparser.builder.IncludeFinder.addInclude(IncludeFinder.java:63)
	at de.uka.ilkd.key.nparser.builder.IncludeFinder.visitOne_include(IncludeFinder.java:43)
	at de.uka.ilkd.key.nparser.builder.IncludeFinder.visitOne_include(IncludeFinder.java:20)
	at de.uka.ilkd.key.nparser.KeYParser$One_includeContext.accept(KeYParser.java:878)
	at de.uka.ilkd.key.nparser.builder.AbstractBuilder.lambda$mapOf$0(AbstractBuilder.java:112)
	at java.base/java.util.stream.ReferencePipeline$3$1.accept(ReferencePipeline.java:195)
	at java.base/java.util.ArrayList$ArrayListSpliterator.forEachRemaining(ArrayList.java:1655)
	at java.base/java.util.stream.AbstractPipeline.copyInto(AbstractPipeline.java:484)
	at java.base/java.util.stream.AbstractPipeline.wrapAndCopyInto(AbstractPipeline.java:474)
	at java.base/java.util.stream.ReduceOps$ReduceOp.evaluateSequential(ReduceOps.java:913)
	at java.base/java.util.stream.AbstractPipeline.evaluate(AbstractPipeline.java:234)
	at java.base/java.util.stream.ReferencePipeline.collect(ReferencePipeline.java:578)
	at de.uka.ilkd.key.nparser.builder.AbstractBuilder.mapOf(AbstractBuilder.java:112)
	at de.uka.ilkd.key.nparser.builder.IncludeFinder.visitOne_include_statement(IncludeFinder.java:35)
	at de.uka.ilkd.key.nparser.builder.IncludeFinder.visitOne_include_statement(IncludeFinder.java:20)
	at de.uka.ilkd.key.nparser.KeYParser$One_include_statementContext.accept(KeYParser.java:802)
	at org.antlr.v4.runtime.tree.AbstractParseTreeVisitor.visitChildren(AbstractParseTreeVisitor.java:46)
	at de.uka.ilkd.key.nparser.KeYParserBaseVisitor.visitDecls(KeYParserBaseVisitor.java:30)
	at de.uka.ilkd.key.nparser.KeYParser$DeclsContext.accept(KeYParser.java:500)
	at org.antlr.v4.runtime.tree.AbstractParseTreeVisitor.visitChildren(AbstractParseTreeVisitor.java:46)
	at de.uka.ilkd.key.nparser.KeYParserBaseVisitor.visitFile(KeYParserBaseVisitor.java:23)
	at de.uka.ilkd.key.nparser.KeYParser$FileContext.accept(KeYParser.java:306)
	at de.uka.ilkd.key.nparser.KeyAst.accept(KeyAst.java:41)
	at de.uka.ilkd.key.nparser.KeyAst$File.getIncludes(KeyAst.java:76)
	at de.uka.ilkd.key.proof.io.KeYFile.readIncludes(KeYFile.java:208)
	... 14 more
Could not find rule file rules/intRulesCheckedSemantics.key (file: /home/runner/work/key/key/key.core/../key.ui/examples/index/.././standard_key/java_dl/quantifiedQuery.key; caused by: de.uka.ilkd.key.proof.init.ProofInputException: Could not find rule file rules/intRulesCheckedSemantics.key)
	at de.uka.ilkd.key.control.AbstractUserInterfaceControl.load(AbstractUserInterfaceControl.java:221)
	at de.uka.ilkd.key.control.KeYEnvironment.load(KeYEnvironment.java:251)
	at de.uka.ilkd.key.control.KeYEnvironment.load(KeYEnvironment.java:224)
	at de.uka.ilkd.key.control.KeYEnvironment.load(KeYEnvironment.java:184)
	at de.uka.ilkd.key.control.KeYEnvironment.load(KeYEnvironment.java:261)
	at de.uka.ilkd.key.proof.runallproofs.proofcollection.TestFile.load(TestFile.java:270)
	at de.uka.ilkd.key.proof.runallproofs.proofcollection.TestFile.runKey(TestFile.java:160)
	at de.uka.ilkd.key.proof.runallproofs.proofcollection.ForkedTestFileRunner.main(ForkedTestFileRunner.java:171)
Caused by: de.uka.ilkd.key.proof.init.ProofInputException: Could not find rule file rules/intRulesCheckedSemantics.key
	at de.uka.ilkd.key.proof.io.KeYFile.readIncludes(KeYFile.java:210)
	at de.uka.ilkd.key.proof.init.ProblemInitializer.readIncludes(ProblemInitializer.java:177)
	at de.uka.ilkd.key.proof.init.ProblemInitializer.readEnvInput(ProblemInitializer.java:325)
	at de.uka.ilkd.key.proof.init.ProblemInitializer.prepare(ProblemInitializer.java:449)
	at de.uka.ilkd.key.proof.io.AbstractProblemLoader.createInitConfig(AbstractProblemLoader.java:518)
	at de.uka.ilkd.key.proof.io.AbstractProblemLoader.loadEnvironment(AbstractProblemLoader.java:288)
	at de.uka.ilkd.key.proof.io.AbstractProblemLoader.load(AbstractProblemLoader.java:252)
	at de.uka.ilkd.key.control.AbstractUserInterfaceControl.load(AbstractUserInterfaceControl.java:209)
	... 7 more
Caused by: java.lang.RuntimeException: Could not find rule file rules/intRulesCheckedSemantics.key
	at de.uka.ilkd.key.proof.io.RuleSourceFactory.fromBuiltInRule(RuleSourceFactory.java:32)
	at de.uka.ilkd.key.proof.io.RuleSourceFactory.fromDefaultLocation(RuleSourceFactory.java:21)
	at de.uka.ilkd.key.nparser.builder.IncludeFinder.addInclude(IncludeFinder.java:63)
	at de.uka.ilkd.key.nparser.builder.IncludeFinder.visitOne_include(IncludeFinder.java:43)
	at de.uka.ilkd.key.nparser.builder.IncludeFinder.visitOne_include(IncludeFinder.java:20)
	at de.uka.ilkd.key.nparser.KeYParser$One_includeContext.accept(KeYParser.java:878)
	at de.uka.ilkd.key.nparser.builder.AbstractBuilder.lambda$mapOf$0(AbstractBuilder.java:112)
	at java.base/java.util.stream.ReferencePipeline$3$1.accept(ReferencePipeline.java:195)
	at java.base/java.util.ArrayList$ArrayListSpliterator.forEachRemaining(ArrayList.java:1655)
	at java.base/java.util.stream.AbstractPipeline.copyInto(AbstractPipeline.java:484)
	at java.base/java.util.stream.AbstractPipeline.wrapAndCopyInto(AbstractPipeline.java:474)
	at java.base/java.util.stream.ReduceOps$ReduceOp.evaluateSequential(ReduceOps.java:913)
	at java.base/java.util.stream.AbstractPipeline.evaluate(AbstractPipeline.java:234)
	at java.base/java.util.stream.ReferencePipeline.collect(ReferencePipeline.java:578)
	at de.uka.ilkd.key.nparser.builder.AbstractBuilder.mapOf(AbstractBuilder.java:112)
	at de.uka.ilkd.key.nparser.builder.IncludeFinder.visitOne_include_statement(IncludeFinder.java:35)
	at de.uka.ilkd.key.nparser.builder.IncludeFinder.visitOne_include_statement(IncludeFinder.java:20)
	at de.uka.ilkd.key.nparser.KeYParser$One_include_statementContext.accept(KeYParser.java:802)
	at org.antlr.v4.runtime.tree.AbstractParseTreeVisitor.visitChildren(AbstractParseTreeVisitor.java:46)
	at de.uka.ilkd.key.nparser.KeYParserBaseVisitor.visitDecls(KeYParserBaseVisitor.java:30)
	at de.uka.ilkd.key.nparser.KeYParser$DeclsContext.accept(KeYParser.java:500)
	at org.antlr.v4.runtime.tree.AbstractParseTreeVisitor.visitChildren(AbstractParseTreeVisitor.java:46)
	at de.uka.ilkd.key.nparser.KeYParserBaseVisitor.visitFile(KeYParserBaseVisitor.java:23)
	at de.uka.ilkd.key.nparser.KeYParser$FileContext.accept(KeYParser.java:306)
	at de.uka.ilkd.key.nparser.KeyAst.accept(KeyAst.java:41)
	at de.uka.ilkd.key.nparser.KeyAst$File.getIncludes(KeyAst.java:76)
	at de.uka.ilkd.key.proof.io.KeYFile.readIncludes(KeYFile.java:208)
	... 14 more
Could not find rule file rules/intRulesCheckedSemantics.key (file: /home/runner/work/key/key/key.core/../key.ui/examples/index/.././standard_key/java_dl/recursion/triangular.key; caused by: de.uka.ilkd.key.proof.init.ProofInputException: Could not find rule file rules/intRulesCheckedSemantics.key)
	at de.uka.ilkd.key.control.AbstractUserInterfaceControl.load(AbstractUserInterfaceControl.java:221)
	at de.uka.ilkd.key.control.KeYEnvironment.load(KeYEnvironment.java:251)
	at de.uka.ilkd.key.control.KeYEnvironment.load(KeYEnvironment.java:224)
	at de.uka.ilkd.key.control.KeYEnvironment.load(KeYEnvironment.java:184)
	at de.uka.ilkd.key.control.KeYEnvironment.load(KeYEnvironment.java:261)
	at de.uka.ilkd.key.proof.runallproofs.proofcollection.TestFile.load(TestFile.java:270)
	at de.uka.ilkd.key.proof.runallproofs.proofcollection.TestFile.runKey(TestFile.java:160)
	at de.uka.ilkd.key.proof.runallproofs.proofcollection.ForkedTestFileRunner.main(ForkedTestFileRunner.java:171)
Caused by: de.uka.ilkd.key.proof.init.ProofInputException: Could not find rule file rules/intRulesCheckedSemantics.key
	at de.uka.ilkd.key.proof.io.KeYFile.readIncludes(KeYFile.java:210)
	at de.uka.ilkd.key.proof.init.ProblemInitializer.readIncludes(ProblemInitializer.java:177)
	at de.uka.ilkd.key.proof.init.ProblemInitializer.readEnvInput(ProblemInitializer.java:325)
	at de.uka.ilkd.key.proof.init.ProblemInitializer.prepare(ProblemInitializer.java:449)
	at de.uka.ilkd.key.proof.io.AbstractProblemLoader.createInitConfig(AbstractProblemLoader.java:518)
	at de.uka.ilkd.key.proof.io.AbstractProblemLoader.loadEnvironment(AbstractProblemLoader.java:288)
	at de.uka.ilkd.key.proof.io.AbstractProblemLoader.load(AbstractProblemLoader.java:252)
	at de.uka.ilkd.key.control.AbstractUserInterfaceControl.load(AbstractUserInterfaceControl.java:209)
	... 7 more
Caused by: java.lang.RuntimeException: Could not find rule file rules/intRulesCheckedSemantics.key
	at de.uka.ilkd.key.proof.io.RuleSourceFactory.fromBuiltInRule(RuleSourceFactory.java:32)
	at de.uka.ilkd.key.proof.io.RuleSourceFactory.fromDefaultLocation(RuleSourceFactory.java:21)
	at de.uka.ilkd.key.nparser.builder.IncludeFinder.addInclude(IncludeFinder.java:63)
	at de.uka.ilkd.key.nparser.builder.IncludeFinder.visitOne_include(IncludeFinder.java:43)
	at de.uka.ilkd.key.nparser.builder.IncludeFinder.visitOne_include(IncludeFinder.java:20)
	at de.uka.ilkd.key.nparser.KeYParser$One_includeContext.accept(KeYParser.java:878)
	at de.uka.ilkd.key.nparser.builder.AbstractBuilder.lambda$mapOf$0(AbstractBuilder.java:112)
	at java.base/java.util.stream.ReferencePipeline$3$1.accept(ReferencePipeline.java:195)
	at java.base/java.util.ArrayList$ArrayListSpliterator.forEachRemaining(ArrayList.java:1655)
	at java.base/java.util.stream.AbstractPipeline.copyInto(AbstractPipeline.java:484)
	at java.base/java.util.stream.AbstractPipeline.wrapAndCopyInto(AbstractPipeline.java:474)
	at java.base/java.util.stream.ReduceOps$ReduceOp.evaluateSequential(ReduceOps.java:913)
	at java.base/java.util.stream.AbstractPipeline.evaluate(AbstractPipeline.java:234)
	at java.base/java.util.stream.ReferencePipeline.collect(ReferencePipeline.java:578)
	at de.uka.ilkd.key.nparser.builder.AbstractBuilder.mapOf(AbstractBuilder.java:112)
	at de.uka.ilkd.key.nparser.builder.IncludeFinder.visitOne_include_statement(IncludeFinder.java:35)
	at de.uka.ilkd.key.nparser.builder.IncludeFinder.visitOne_include_statement(IncludeFinder.java:20)
	at de.uka.ilkd.key.nparser.KeYParser$One_include_statementContext.accept(KeYParser.java:802)
	at org.antlr.v4.runtime.tree.AbstractParseTreeVisitor.visitChildren(AbstractParseTreeVisitor.java:46)
	at de.uka.ilkd.key.nparser.KeYParserBaseVisitor.visitDecls(KeYParserBaseVisitor.java:30)
	at de.uka.ilkd.key.nparser.KeYParser$DeclsContext.accept(KeYParser.java:500)
	at org.antlr.v4.runtime.tree.AbstractParseTreeVisitor.visitChildren(AbstractParseTreeVisitor.java:46)
	at de.uka.ilkd.key.nparser.KeYParserBaseVisitor.visitFile(KeYParserBaseVisitor.java:23)
	at de.uka.ilkd.key.nparser.KeYParser$FileContext.accept(KeYParser.java:306)
	at de.uka.ilkd.key.nparser.KeyAst.accept(KeyAst.java:41)
	at de.uka.ilkd.key.nparser.KeyAst$File.getIncludes(KeyAst.java:76)
	at de.uka.ilkd.key.proof.io.KeYFile.readIncludes(KeYFile.java:208)
	... 14 more
Could not find rule file rules/intRulesCheckedSemantics.key (file: /home/runner/work/key/key/key.core/../key.ui/examples/index/.././standard_key/java_dl/reverseArray.key; caused by: de.uka.ilkd.key.proof.init.ProofInputException: Could not find rule file rules/intRulesCheckedSemantics.key)
	at de.uka.ilkd.key.control.AbstractUserInterfaceControl.load(AbstractUserInterfaceControl.java:221)
	at de.uka.ilkd.key.control.KeYEnvironment.load(KeYEnvironment.java:251)
	at de.uka.ilkd.key.control.KeYEnvironment.load(KeYEnvironment.java:224)
	at de.uka.ilkd.key.control.KeYEnvironment.load(KeYEnvironment.java:184)
	at de.uka.ilkd.key.control.KeYEnvironment.load(KeYEnvironment.java:261)
	at de.uka.ilkd.key.proof.runallproofs.proofcollection.TestFile.load(TestFile.java:270)
	at de.uka.ilkd.key.proof.runallproofs.proofcollection.TestFile.runKey(TestFile.java:160)
	at de.uka.ilkd.key.proof.runallproofs.proofcollection.ForkedTestFileRunner.main(ForkedTestFileRunner.java:171)
Caused by: de.uka.ilkd.key.proof.init.ProofInputException: Could not find rule file rules/intRulesCheckedSemantics.key
	at de.uka.ilkd.key.proof.io.KeYFile.readIncludes(KeYFile.java:210)
	at de.uka.ilkd.key.proof.init.ProblemInitializer.readIncludes(ProblemInitializer.java:177)
	at de.uka.ilkd.key.proof.init.ProblemInitializer.readEnvInput(ProblemInitializer.java:325)
	at de.uka.ilkd.key.proof.init.ProblemInitializer.prepare(ProblemInitializer.java:449)
	at de.uka.ilkd.key.proof.io.AbstractProblemLoader.createInitConfig(AbstractProblemLoader.java:518)
	at de.uka.ilkd.key.proof.io.AbstractProblemLoader.loadEnvironment(AbstractProblemLoader.java:288)
	at de.uka.ilkd.key.proof.io.AbstractProblemLoader.load(AbstractProblemLoader.java:252)
	at de.uka.ilkd.key.control.AbstractUserInterfaceControl.load(AbstractUserInterfaceControl.java:209)
	... 7 more
Caused by: java.lang.RuntimeException: Could not find rule file rules/intRulesCheckedSemantics.key
	at de.uka.ilkd.key.proof.io.RuleSourceFactory.fromBuiltInRule(RuleSourceFactory.java:32)
	at de.uka.ilkd.key.proof.io.RuleSourceFactory.fromDefaultLocation(RuleSourceFactory.java:21)
	at de.uka.ilkd.key.nparser.builder.IncludeFinder.addInclude(IncludeFinder.java:63)
	at de.uka.ilkd.key.nparser.builder.IncludeFinder.visitOne_include(IncludeFinder.java:43)
	at de.uka.ilkd.key.nparser.builder.IncludeFinder.visitOne_include(IncludeFinder.java:20)
	at de.uka.ilkd.key.nparser.KeYParser$One_includeContext.accept(KeYParser.java:878)
	at de.uka.ilkd.key.nparser.builder.AbstractBuilder.lambda$mapOf$0(AbstractBuilder.java:112)
	at java.base/java.util.stream.ReferencePipeline$3$1.accept(ReferencePipeline.java:195)
	at java.base/java.util.ArrayList$ArrayListSpliterator.forEachRemaining(ArrayList.java:1655)
	at java.base/java.util.stream.AbstractPipeline.copyInto(AbstractPipeline.java:484)
	at java.base/java.util.stream.AbstractPipeline.wrapAndCopyInto(AbstractPipeline.java:474)
	at java.base/java.util.stream.ReduceOps$ReduceOp.evaluateSequential(ReduceOps.java:913)
	at java.base/java.util.stream.AbstractPipeline.evaluate(AbstractPipeline.java:234)
	at java.base/java.util.stream.ReferencePipeline.collect(ReferencePipeline.java:578)
	at de.uka.ilkd.key.nparser.builder.AbstractBuilder.mapOf(AbstractBuilder.java:112)
	at de.uka.ilkd.key.nparser.builder.IncludeFinder.visitOne_include_statement(IncludeFinder.java:35)
	at de.uka.ilkd.key.nparser.builder.IncludeFinder.visitOne_include_statement(IncludeFinder.java:20)
	at de.uka.ilkd.key.nparser.KeYParser$One_include_statementContext.accept(KeYParser.java:802)
	at org.antlr.v4.runtime.tree.AbstractParseTreeVisitor.visitChildren(AbstractParseTreeVisitor.java:46)
	at de.uka.ilkd.key.nparser.KeYParserBaseVisitor.visitDecls(KeYParserBaseVisitor.java:30)
	at de.uka.ilkd.key.nparser.KeYParser$DeclsContext.accept(KeYParser.java:500)
	at org.antlr.v4.runtime.tree.AbstractParseTreeVisitor.visitChildren(AbstractParseTreeVisitor.java:46)
	at de.uka.ilkd.key.nparser.KeYParserBaseVisitor.visitFile(KeYParserBaseVisitor.java:23)
	at de.uka.ilkd.key.nparser.KeYParser$FileContext.accept(KeYParser.java:306)
	at de.uka.ilkd.key.nparser.KeyAst.accept(KeyAst.java:41)
	at de.uka.ilkd.key.nparser.KeyAst$File.getIncludes(KeyAst.java:76)
	at de.uka.ilkd.key.proof.io.KeYFile.readIncludes(KeYFile.java:208)
	... 14 more
Could not find rule file rules/intRulesCheckedSemantics.key (file: /home/runner/work/key/key/key.core/../key.ui/examples/index/.././standard_key/java_dl/reverseArray2.key; caused by: de.uka.ilkd.key.proof.init.ProofInputException: Could not find rule file rules/intRulesCheckedSemantics.key)
	at de.uka.ilkd.key.control.AbstractUserInterfaceControl.load(AbstractUserInterfaceControl.java:221)
	at de.uka.ilkd.key.control.KeYEnvironment.load(KeYEnvironment.java:251)
	at de.uka.ilkd.key.control.KeYEnvironment.load(KeYEnvironment.java:224)
	at de.uka.ilkd.key.control.KeYEnvironment.load(KeYEnvironment.java:184)
	at de.uka.ilkd.key.control.KeYEnvironment.load(KeYEnvironment.java:261)
	at de.uka.ilkd.key.proof.runallproofs.proofcollection.TestFile.load(TestFile.java:270)
	at de.uka.ilkd.key.proof.runallproofs.proofcollection.TestFile.runKey(TestFile.java:160)
	at de.uka.ilkd.key.proof.runallproofs.proofcollection.ForkedTestFileRunner.main(ForkedTestFileRunner.java:171)
Caused by: de.uka.ilkd.key.proof.init.ProofInputException: Could not find rule file rules/intRulesCheckedSemantics.key
	at de.uka.ilkd.key.proof.io.KeYFile.readIncludes(KeYFile.java:210)
	at de.uka.ilkd.key.proof.init.ProblemInitializer.readIncludes(ProblemInitializer.java:177)
	at de.uka.ilkd.key.proof.init.ProblemInitializer.readEnvInput(ProblemInitializer.java:325)
	at de.uka.ilkd.key.proof.init.ProblemInitializer.prepare(ProblemInitializer.java:449)
	at de.uka.ilkd.key.proof.io.AbstractProblemLoader.createInitConfig(AbstractProblemLoader.java:518)
	at de.uka.ilkd.key.proof.io.AbstractProblemLoader.loadEnvironment(AbstractProblemLoader.java:288)
	at de.uka.ilkd.key.proof.io.AbstractProblemLoader.load(AbstractProblemLoader.java:252)
	at de.uka.ilkd.key.control.AbstractUserInterfaceControl.load(AbstractUserInterfaceControl.java:209)
	... 7 more
Caused by: java.lang.RuntimeException: Could not find rule file rules/intRulesCheckedSemantics.key
	at de.uka.ilkd.key.proof.io.RuleSourceFactory.fromBuiltInRule(RuleSourceFactory.java:32)
	at de.uka.ilkd.key.proof.io.RuleSourceFactory.fromDefaultLocation(RuleSourceFactory.java:21)
	at de.uka.ilkd.key.nparser.builder.IncludeFinder.addInclude(IncludeFinder.java:63)
	at de.uka.ilkd.key.nparser.builder.IncludeFinder.visitOne_include(IncludeFinder.java:43)
	at de.uka.ilkd.key.nparser.builder.IncludeFinder.visitOne_include(IncludeFinder.java:20)
	at de.uka.ilkd.key.nparser.KeYParser$One_includeContext.accept(KeYParser.java:878)
	at de.uka.ilkd.key.nparser.builder.AbstractBuilder.lambda$mapOf$0(AbstractBuilder.java:112)
	at java.base/java.util.stream.ReferencePipeline$3$1.accept(ReferencePipeline.java:195)
	at java.base/java.util.ArrayList$ArrayListSpliterator.forEachRemaining(ArrayList.java:1655)
	at java.base/java.util.stream.AbstractPipeline.copyInto(AbstractPipeline.java:484)
	at java.base/java.util.stream.AbstractPipeline.wrapAndCopyInto(AbstractPipeline.java:474)
	at java.base/java.util.stream.ReduceOps$ReduceOp.evaluateSequential(ReduceOps.java:913)
	at java.base/java.util.stream.AbstractPipeline.evaluate(AbstractPipeline.java:234)
	at java.base/java.util.stream.ReferencePipeline.collect(ReferencePipeline.java:578)
	at de.uka.ilkd.key.nparser.builder.AbstractBuilder.mapOf(AbstractBuilder.java:112)
	at de.uka.ilkd.key.nparser.builder.IncludeFinder.visitOne_include_statement(IncludeFinder.java:35)
	at de.uka.ilkd.key.nparser.builder.IncludeFinder.visitOne_include_statement(IncludeFinder.java:20)
	at de.uka.ilkd.key.nparser.KeYParser$One_include_statementContext.accept(KeYParser.java:802)
	at org.antlr.v4.runtime.tree.AbstractParseTreeVisitor.visitChildren(AbstractParseTreeVisitor.java:46)
	at de.uka.ilkd.key.nparser.KeYParserBaseVisitor.visitDecls(KeYParserBaseVisitor.java:30)
	at de.uka.ilkd.key.nparser.KeYParser$DeclsContext.accept(KeYParser.java:500)
	at org.antlr.v4.runtime.tree.AbstractParseTreeVisitor.visitChildren(AbstractParseTreeVisitor.java:46)
	at de.uka.ilkd.key.nparser.KeYParserBaseVisitor.visitFile(KeYParserBaseVisitor.java:23)
	at de.uka.ilkd.key.nparser.KeYParser$FileContext.accept(KeYParser.java:306)
	at de.uka.ilkd.key.nparser.KeyAst.accept(KeyAst.java:41)
	at de.uka.ilkd.key.nparser.KeyAst$File.getIncludes(KeyAst.java:76)
	at de.uka.ilkd.key.proof.io.KeYFile.readIncludes(KeYFile.java:208)
	... 14 more
Could not find rule file rules/intRulesCheckedSemantics.key (file: /home/runner/work/key/key/key.core/../key.ui/examples/index/.././standard_key/java_dl/simpleAssignment.key; caused by: de.uka.ilkd.key.proof.init.ProofInputException: Could not find rule file rules/intRulesCheckedSemantics.key)
	at de.uka.ilkd.key.control.AbstractUserInterfaceControl.load(AbstractUserInterfaceControl.java:221)
	at de.uka.ilkd.key.control.KeYEnvironment.load(KeYEnvironment.java:251)
	at de.uka.ilkd.key.control.KeYEnvironment.load(KeYEnvironment.java:224)
	at de.uka.ilkd.key.control.KeYEnvironment.load(KeYEnvironment.java:184)
	at de.uka.ilkd.key.control.KeYEnvironment.load(KeYEnvironment.java:261)
	at de.uka.ilkd.key.proof.runallproofs.proofcollection.TestFile.load(TestFile.java:270)
	at de.uka.ilkd.key.proof.runallproofs.proofcollection.TestFile.runKey(TestFile.java:160)
	at de.uka.ilkd.key.proof.runallproofs.proofcollection.ForkedTestFileRunner.main(ForkedTestFileRunner.java:171)
Caused by: de.uka.ilkd.key.proof.init.ProofInputException: Could not find rule file rules/intRulesCheckedSemantics.key
	at de.uka.ilkd.key.proof.io.KeYFile.readIncludes(KeYFile.java:210)
	at de.uka.ilkd.key.proof.init.ProblemInitializer.readIncludes(ProblemInitializer.java:177)
	at de.uka.ilkd.key.proof.init.ProblemInitializer.readEnvInput(ProblemInitializer.java:325)
	at de.uka.ilkd.key.proof.init.ProblemInitializer.prepare(ProblemInitializer.java:449)
	at de.uka.ilkd.key.proof.io.AbstractProblemLoader.createInitConfig(AbstractProblemLoader.java:518)
	at de.uka.ilkd.key.proof.io.AbstractProblemLoader.loadEnvironment(AbstractProblemLoader.java:288)
	at de.uka.ilkd.key.proof.io.AbstractProblemLoader.load(AbstractProblemLoader.java:252)
	at de.uka.ilkd.key.control.AbstractUserInterfaceControl.load(AbstractUserInterfaceControl.java:209)
	... 7 more
Caused by: java.lang.RuntimeException: Could not find rule file rules/intRulesCheckedSemantics.key
	at de.uka.ilkd.key.proof.io.RuleSourceFactory.fromBuiltInRule(RuleSourceFactory.java:32)
	at de.uka.ilkd.key.proof.io.RuleSourceFactory.fromDefaultLocation(RuleSourceFactory.java:21)
	at de.uka.ilkd.key.nparser.builder.IncludeFinder.addInclude(IncludeFinder.java:63)
	at de.uka.ilkd.key.nparser.builder.IncludeFinder.visitOne_include(IncludeFinder.java:43)
	at de.uka.ilkd.key.nparser.builder.IncludeFinder.visitOne_include(IncludeFinder.java:20)
	at de.uka.ilkd.key.nparser.KeYParser$One_includeContext.accept(KeYParser.java:878)
	at de.uka.ilkd.key.nparser.builder.AbstractBuilder.lambda$mapOf$0(AbstractBuilder.java:112)
	at java.base/java.util.stream.ReferencePipeline$3$1.accept(ReferencePipeline.java:195)
	at java.base/java.util.ArrayList$ArrayListSpliterator.forEachRemaining(ArrayList.java:1655)
	at java.base/java.util.stream.AbstractPipeline.copyInto(AbstractPipeline.java:484)
	at java.base/java.util.stream.AbstractPipeline.wrapAndCopyInto(AbstractPipeline.java:474)
	at java.base/java.util.stream.ReduceOps$ReduceOp.evaluateSequential(ReduceOps.java:913)
	at java.base/java.util.stream.AbstractPipeline.evaluate(AbstractPipeline.java:234)
	at java.base/java.util.stream.ReferencePipeline.collect(ReferencePipeline.java:578)
	at de.uka.ilkd.key.nparser.builder.AbstractBuilder.mapOf(AbstractBuilder.java:112)
	at de.uka.ilkd.key.nparser.builder.IncludeFinder.visitOne_include_statement(IncludeFinder.java:35)
	at de.uka.ilkd.key.nparser.builder.IncludeFinder.visitOne_include_statement(IncludeFinder.java:20)
	at de.uka.ilkd.key.nparser.KeYParser$One_include_statementContext.accept(KeYParser.java:802)
	at org.antlr.v4.runtime.tree.AbstractParseTreeVisitor.visitChildren(AbstractParseTreeVisitor.java:46)
	at de.uka.ilkd.key.nparser.KeYParserBaseVisitor.visitDecls(KeYParserBaseVisitor.java:30)
	at de.uka.ilkd.key.nparser.KeYParser$DeclsContext.accept(KeYParser.java:500)
	at org.antlr.v4.runtime.tree.AbstractParseTreeVisitor.visitChildren(AbstractParseTreeVisitor.java:46)
	at de.uka.ilkd.key.nparser.KeYParserBaseVisitor.visitFile(KeYParserBaseVisitor.java:23)
	at de.uka.ilkd.key.nparser.KeYParser$FileContext.accept(KeYParser.java:306)
	at de.uka.ilkd.key.nparser.KeyAst.accept(KeyAst.java:41)
	at de.uka.ilkd.key.nparser.KeyAst$File.getIncludes(KeyAst.java:76)
	at de.uka.ilkd.key.proof.io.KeYFile.readIncludes(KeYFile.java:208)
	... 14 more
Could not find rule file rules/intRulesCheckedSemantics.key (file: /home/runner/work/key/key/key.core/../key.ui/examples/index/.././standard_key/java_dl/simpleAssignment2.key; caused by: de.uka.ilkd.key.proof.init.ProofInputException: Could not find rule file rules/intRulesCheckedSemantics.key)
	at de.uka.ilkd.key.control.AbstractUserInterfaceControl.load(AbstractUserInterfaceControl.java:221)
	at de.uka.ilkd.key.control.KeYEnvironment.load(KeYEnvironment.java:251)
	at de.uka.ilkd.key.control.KeYEnvironment.load(KeYEnvironment.java:224)
	at de.uka.ilkd.key.control.KeYEnvironment.load(KeYEnvironment.java:184)
	at de.uka.ilkd.key.control.KeYEnvironment.load(KeYEnvironment.java:261)
	at de.uka.ilkd.key.proof.runallproofs.proofcollection.TestFile.load(TestFile.java:270)
	at de.uka.ilkd.key.proof.runallproofs.proofcollection.TestFile.runKey(TestFile.java:160)
	at de.uka.ilkd.key.proof.runallproofs.proofcollection.ForkedTestFileRunner.main(ForkedTestFileRunner.java:171)
Caused by: de.uka.ilkd.key.proof.init.ProofInputException: Could not find rule file rules/intRulesCheckedSemantics.key
	at de.uka.ilkd.key.proof.io.KeYFile.readIncludes(KeYFile.java:210)
	at de.uka.ilkd.key.proof.init.ProblemInitializer.readIncludes(ProblemInitializer.java:177)
	at de.uka.ilkd.key.proof.init.ProblemInitializer.readEnvInput(ProblemInitializer.java:325)
	at de.uka.ilkd.key.proof.init.ProblemInitializer.prepare(ProblemInitializer.java:449)
	at de.uka.ilkd.key.proof.io.AbstractProblemLoader.createInitConfig(AbstractProblemLoader.java:518)
	at de.uka.ilkd.key.proof.io.AbstractProblemLoader.loadEnvironment(AbstractProblemLoader.java:288)
	at de.uka.ilkd.key.proof.io.AbstractProblemLoader.load(AbstractProblemLoader.java:252)
	at de.uka.ilkd.key.control.AbstractUserInterfaceControl.load(AbstractUserInterfaceControl.java:209)
	... 7 more
Caused by: java.lang.RuntimeException: Could not find rule file rules/intRulesCheckedSemantics.key
	at de.uka.ilkd.key.proof.io.RuleSourceFactory.fromBuiltInRule(RuleSourceFactory.java:32)
	at de.uka.ilkd.key.proof.io.RuleSourceFactory.fromDefaultLocation(RuleSourceFactory.java:21)
	at de.uka.ilkd.key.nparser.builder.IncludeFinder.addInclude(IncludeFinder.java:63)
	at de.uka.ilkd.key.nparser.builder.IncludeFinder.visitOne_include(IncludeFinder.java:43)
	at de.uka.ilkd.key.nparser.builder.IncludeFinder.visitOne_include(IncludeFinder.java:20)
	at de.uka.ilkd.key.nparser.KeYParser$One_includeContext.accept(KeYParser.java:878)
	at de.uka.ilkd.key.nparser.builder.AbstractBuilder.lambda$mapOf$0(AbstractBuilder.java:112)
	at java.base/java.util.stream.ReferencePipeline$3$1.accept(ReferencePipeline.java:195)
	at java.base/java.util.ArrayList$ArrayListSpliterator.forEachRemaining(ArrayList.java:1655)
	at java.base/java.util.stream.AbstractPipeline.copyInto(AbstractPipeline.java:484)
	at java.base/java.util.stream.AbstractPipeline.wrapAndCopyInto(AbstractPipeline.java:474)
	at java.base/java.util.stream.ReduceOps$ReduceOp.evaluateSequential(ReduceOps.java:913)
	at java.base/java.util.stream.AbstractPipeline.evaluate(AbstractPipeline.java:234)
	at java.base/java.util.stream.ReferencePipeline.collect(ReferencePipeline.java:578)
	at de.uka.ilkd.key.nparser.builder.AbstractBuilder.mapOf(AbstractBuilder.java:112)
	at de.uka.ilkd.key.nparser.builder.IncludeFinder.visitOne_include_statement(IncludeFinder.java:35)
	at de.uka.ilkd.key.nparser.builder.IncludeFinder.visitOne_include_statement(IncludeFinder.java:20)
	at de.uka.ilkd.key.nparser.KeYParser$One_include_statementContext.accept(KeYParser.java:802)
	at org.antlr.v4.runtime.tree.AbstractParseTreeVisitor.visitChildren(AbstractParseTreeVisitor.java:46)
	at de.uka.ilkd.key.nparser.KeYParserBaseVisitor.visitDecls(KeYParserBaseVisitor.java:30)
	at de.uka.ilkd.key.nparser.KeYParser$DeclsContext.accept(KeYParser.java:500)
	at org.antlr.v4.runtime.tree.AbstractParseTreeVisitor.visitChildren(AbstractParseTreeVisitor.java:46)
	at de.uka.ilkd.key.nparser.KeYParserBaseVisitor.visitFile(KeYParserBaseVisitor.java:23)
	at de.uka.ilkd.key.nparser.KeYParser$FileContext.accept(KeYParser.java:306)
	at de.uka.ilkd.key.nparser.KeyAst.accept(KeyAst.java:41)
	at de.uka.ilkd.key.nparser.KeyAst$File.getIncludes(KeyAst.java:76)
	at de.uka.ilkd.key.proof.io.KeYFile.readIncludes(KeYFile.java:208)
	... 14 more
Could not find rule file rules/intRulesCheckedSemantics.key (file: /home/runner/work/key/key/key.core/../key.ui/examples/index/.././standard_key/java_dl/splittingWithQueries.key; caused by: de.uka.ilkd.key.proof.init.ProofInputException: Could not find rule file rules/intRulesCheckedSemantics.key)
	at de.uka.ilkd.key.control.AbstractUserInterfaceControl.load(AbstractUserInterfaceControl.java:221)
	at de.uka.ilkd.key.control.KeYEnvironment.load(KeYEnvironment.java:251)
	at de.uka.ilkd.key.control.KeYEnvironment.load(KeYEnvironment.java:224)
	at de.uka.ilkd.key.control.KeYEnvironment.load(KeYEnvironment.java:184)
	at de.uka.ilkd.key.control.KeYEnvironment.load(KeYEnvironment.java:261)
	at de.uka.ilkd.key.proof.runallproofs.proofcollection.TestFile.load(TestFile.java:270)
	at de.uka.ilkd.key.proof.runallproofs.proofcollection.TestFile.runKey(TestFile.java:160)
	at de.uka.ilkd.key.proof.runallproofs.proofcollection.ForkedTestFileRunner.main(ForkedTestFileRunner.java:171)
Caused by: de.uka.ilkd.key.proof.init.ProofInputException: Could not find rule file rules/intRulesCheckedSemantics.key
	at de.uka.ilkd.key.proof.io.KeYFile.readIncludes(KeYFile.java:210)
	at de.uka.ilkd.key.proof.init.ProblemInitializer.readIncludes(ProblemInitializer.java:177)
	at de.uka.ilkd.key.proof.init.ProblemInitializer.readEnvInput(ProblemInitializer.java:325)
	at de.uka.ilkd.key.proof.init.ProblemInitializer.prepare(ProblemInitializer.java:449)
	at de.uka.ilkd.key.proof.io.AbstractProblemLoader.createInitConfig(AbstractProblemLoader.java:518)
	at de.uka.ilkd.key.proof.io.AbstractProblemLoader.loadEnvironment(AbstractProblemLoader.java:288)
	at de.uka.ilkd.key.proof.io.AbstractProblemLoader.load(AbstractProblemLoader.java:252)
	at de.uka.ilkd.key.control.AbstractUserInterfaceControl.load(AbstractUserInterfaceControl.java:209)
	... 7 more
Caused by: java.lang.RuntimeException: Could not find rule file rules/intRulesCheckedSemantics.key
	at de.uka.ilkd.key.proof.io.RuleSourceFactory.fromBuiltInRule(RuleSourceFactory.java:32)
	at de.uka.ilkd.key.proof.io.RuleSourceFactory.fromDefaultLocation(RuleSourceFactory.java:21)
	at de.uka.ilkd.key.nparser.builder.IncludeFinder.addInclude(IncludeFinder.java:63)
	at de.uka.ilkd.key.nparser.builder.IncludeFinder.visitOne_include(IncludeFinder.java:43)
	at de.uka.ilkd.key.nparser.builder.IncludeFinder.visitOne_include(IncludeFinder.java:20)
	at de.uka.ilkd.key.nparser.KeYParser$One_includeContext.accept(KeYParser.java:878)
	at de.uka.ilkd.key.nparser.builder.AbstractBuilder.lambda$mapOf$0(AbstractBuilder.java:112)
	at java.base/java.util.stream.ReferencePipeline$3$1.accept(ReferencePipeline.java:195)
	at java.base/java.util.ArrayList$ArrayListSpliterator.forEachRemaining(ArrayList.java:1655)
	at java.base/java.util.stream.AbstractPipeline.copyInto(AbstractPipeline.java:484)
	at java.base/java.util.stream.AbstractPipeline.wrapAndCopyInto(AbstractPipeline.java:474)
	at java.base/java.util.stream.ReduceOps$ReduceOp.evaluateSequential(ReduceOps.java:913)
	at java.base/java.util.stream.AbstractPipeline.evaluate(AbstractPipeline.java:234)
	at java.base/java.util.stream.ReferencePipeline.collect(ReferencePipeline.java:578)
	at de.uka.ilkd.key.nparser.builder.AbstractBuilder.mapOf(AbstractBuilder.java:112)
	at de.uka.ilkd.key.nparser.builder.IncludeFinder.visitOne_include_statement(IncludeFinder.java:35)
	at de.uka.ilkd.key.nparser.builder.IncludeFinder.visitOne_include_statement(IncludeFinder.java:20)
	at de.uka.ilkd.key.nparser.KeYParser$One_include_statementContext.accept(KeYParser.java:802)
	at org.antlr.v4.runtime.tree.AbstractParseTreeVisitor.visitChildren(AbstractParseTreeVisitor.java:46)
	at de.uka.ilkd.key.nparser.KeYParserBaseVisitor.visitDecls(KeYParserBaseVisitor.java:30)
	at de.uka.ilkd.key.nparser.KeYParser$DeclsContext.accept(KeYParser.java:500)
	at org.antlr.v4.runtime.tree.AbstractParseTreeVisitor.visitChildren(AbstractParseTreeVisitor.java:46)
	at de.uka.ilkd.key.nparser.KeYParserBaseVisitor.visitFile(KeYParserBaseVisitor.java:23)
	at de.uka.ilkd.key.nparser.KeYParser$FileContext.accept(KeYParser.java:306)
	at de.uka.ilkd.key.nparser.KeyAst.accept(KeyAst.java:41)
	at de.uka.ilkd.key.nparser.KeyAst$File.getIncludes(KeyAst.java:76)
	at de.uka.ilkd.key.proof.io.KeYFile.readIncludes(KeYFile.java:208)
	... 14 more
Could not find rule file rules/intRulesCheckedSemantics.key (file: /home/runner/work/key/key/key.core/../key.ui/examples/index/.././standard_key/java_dl/strassen/strassen.key; caused by: de.uka.ilkd.key.proof.init.ProofInputException: Could not find rule file rules/intRulesCheckedSemantics.key)
	at de.uka.ilkd.key.control.AbstractUserInterfaceControl.load(AbstractUserInterfaceControl.java:221)
	at de.uka.ilkd.key.control.KeYEnvironment.load(KeYEnvironment.java:251)
	at de.uka.ilkd.key.control.KeYEnvironment.load(KeYEnvironment.java:224)
	at de.uka.ilkd.key.control.KeYEnvironment.load(KeYEnvironment.java:184)
	at de.uka.ilkd.key.control.KeYEnvironment.load(KeYEnvironment.java:261)
	at de.uka.ilkd.key.proof.runallproofs.proofcollection.TestFile.load(TestFile.java:270)
	at de.uka.ilkd.key.proof.runallproofs.proofcollection.TestFile.runKey(TestFile.java:160)
	at de.uka.ilkd.key.proof.runallproofs.proofcollection.ForkedTestFileRunner.main(ForkedTestFileRunner.java:171)
Caused by: de.uka.ilkd.key.proof.init.ProofInputException: Could not find rule file rules/intRulesCheckedSemantics.key
	at de.uka.ilkd.key.proof.io.KeYFile.readIncludes(KeYFile.java:210)
	at de.uka.ilkd.key.proof.init.ProblemInitializer.readIncludes(ProblemInitializer.java:177)
	at de.uka.ilkd.key.proof.init.ProblemInitializer.readEnvInput(ProblemInitializer.java:325)
	at de.uka.ilkd.key.proof.init.ProblemInitializer.prepare(ProblemInitializer.java:449)
	at de.uka.ilkd.key.proof.io.AbstractProblemLoader.createInitConfig(AbstractProblemLoader.java:518)
	at de.uka.ilkd.key.proof.io.AbstractProblemLoader.loadEnvironment(AbstractProblemLoader.java:288)
	at de.uka.ilkd.key.proof.io.AbstractProblemLoader.load(AbstractProblemLoader.java:252)
	at de.uka.ilkd.key.control.AbstractUserInterfaceControl.load(AbstractUserInterfaceControl.java:209)
	... 7 more
Caused by: java.lang.RuntimeException: Could not find rule file rules/intRulesCheckedSemantics.key
	at de.uka.ilkd.key.proof.io.RuleSourceFactory.fromBuiltInRule(RuleSourceFactory.java:32)
	at de.uka.ilkd.key.proof.io.RuleSourceFactory.fromDefaultLocation(RuleSourceFactory.java:21)
	at de.uka.ilkd.key.nparser.builder.IncludeFinder.addInclude(IncludeFinder.java:63)
	at de.uka.ilkd.key.nparser.builder.IncludeFinder.visitOne_include(IncludeFinder.java:43)
	at de.uka.ilkd.key.nparser.builder.IncludeFinder.visitOne_include(IncludeFinder.java:20)
	at de.uka.ilkd.key.nparser.KeYParser$One_includeContext.accept(KeYParser.java:878)
	at de.uka.ilkd.key.nparser.builder.AbstractBuilder.lambda$mapOf$0(AbstractBuilder.java:112)
	at java.base/java.util.stream.ReferencePipeline$3$1.accept(ReferencePipeline.java:195)
	at java.base/java.util.ArrayList$ArrayListSpliterator.forEachRemaining(ArrayList.java:1655)
	at java.base/java.util.stream.AbstractPipeline.copyInto(AbstractPipeline.java:484)
	at java.base/java.util.stream.AbstractPipeline.wrapAndCopyInto(AbstractPipeline.java:474)
	at java.base/java.util.stream.ReduceOps$ReduceOp.evaluateSequential(ReduceOps.java:913)
	at java.base/java.util.stream.AbstractPipeline.evaluate(AbstractPipeline.java:234)
	at java.base/java.util.stream.ReferencePipeline.collect(ReferencePipeline.java:578)
	at de.uka.ilkd.key.nparser.builder.AbstractBuilder.mapOf(AbstractBuilder.java:112)
	at de.uka.ilkd.key.nparser.builder.IncludeFinder.visitOne_include_statement(IncludeFinder.java:35)
	at de.uka.ilkd.key.nparser.builder.IncludeFinder.visitOne_include_statement(IncludeFinder.java:20)
	at de.uka.ilkd.key.nparser.KeYParser$One_include_statementContext.accept(KeYParser.java:802)
	at org.antlr.v4.runtime.tree.AbstractParseTreeVisitor.visitChildren(AbstractParseTreeVisitor.java:46)
	at de.uka.ilkd.key.nparser.KeYParserBaseVisitor.visitDecls(KeYParserBaseVisitor.java:30)
	at de.uka.ilkd.key.nparser.KeYParser$DeclsContext.accept(KeYParser.java:500)
	at org.antlr.v4.runtime.tree.AbstractParseTreeVisitor.visitChildren(AbstractParseTreeVisitor.java:46)
	at de.uka.ilkd.key.nparser.KeYParserBaseVisitor.visitFile(KeYParserBaseVisitor.java:23)
	at de.uka.ilkd.key.nparser.KeYParser$FileContext.accept(KeYParser.java:306)
	at de.uka.ilkd.key.nparser.KeyAst.accept(KeyAst.java:41)
	at de.uka.ilkd.key.nparser.KeyAst$File.getIncludes(KeyAst.java:76)
	at de.uka.ilkd.key.proof.io.KeYFile.readIncludes(KeYFile.java:208)
	... 14 more
Could not find rule file rules/intRulesCheckedSemantics.key (file: /home/runner/work/key/key/key.core/../key.ui/examples/index/.././standard_key/java_dl/symmArray.key; caused by: de.uka.ilkd.key.proof.init.ProofInputException: Could not find rule file rules/intRulesCheckedSemantics.key)
	at de.uka.ilkd.key.control.AbstractUserInterfaceControl.load(AbstractUserInterfaceControl.java:221)
	at de.uka.ilkd.key.control.KeYEnvironment.load(KeYEnvironment.java:251)
	at de.uka.ilkd.key.control.KeYEnvironment.load(KeYEnvironment.java:224)
	at de.uka.ilkd.key.control.KeYEnvironment.load(KeYEnvironment.java:184)
	at de.uka.ilkd.key.control.KeYEnvironment.load(KeYEnvironment.java:261)
	at de.uka.ilkd.key.proof.runallproofs.proofcollection.TestFile.load(TestFile.java:270)
	at de.uka.ilkd.key.proof.runallproofs.proofcollection.TestFile.runKey(TestFile.java:160)
	at de.uka.ilkd.key.proof.runallproofs.proofcollection.ForkedTestFileRunner.main(ForkedTestFileRunner.java:171)
Caused by: de.uka.ilkd.key.proof.init.ProofInputException: Could not find rule file rules/intRulesCheckedSemantics.key
	at de.uka.ilkd.key.proof.io.KeYFile.readIncludes(KeYFile.java:210)
	at de.uka.ilkd.key.proof.init.ProblemInitializer.readIncludes(ProblemInitializer.java:177)
	at de.uka.ilkd.key.proof.init.ProblemInitializer.readEnvInput(ProblemInitializer.java:325)
	at de.uka.ilkd.key.proof.init.ProblemInitializer.prepare(ProblemInitializer.java:449)
	at de.uka.ilkd.key.proof.io.AbstractProblemLoader.createInitConfig(AbstractProblemLoader.java:518)
	at de.uka.ilkd.key.proof.io.AbstractProblemLoader.loadEnvironment(AbstractProblemLoader.java:288)
	at de.uka.ilkd.key.proof.io.AbstractProblemLoader.load(AbstractProblemLoader.java:252)
	at de.uka.ilkd.key.control.AbstractUserInterfaceControl.load(AbstractUserInterfaceControl.java:209)
	... 7 more
Caused by: java.lang.RuntimeException: Could not find rule file rules/intRulesCheckedSemantics.key
	at de.uka.ilkd.key.proof.io.RuleSourceFactory.fromBuiltInRule(RuleSourceFactory.java:32)
	at de.uka.ilkd.key.proof.io.RuleSourceFactory.fromDefaultLocation(RuleSourceFactory.java:21)
	at de.uka.ilkd.key.nparser.builder.IncludeFinder.addInclude(IncludeFinder.java:63)
	at de.uka.ilkd.key.nparser.builder.IncludeFinder.visitOne_include(IncludeFinder.java:43)
	at de.uka.ilkd.key.nparser.builder.IncludeFinder.visitOne_include(IncludeFinder.java:20)
	at de.uka.ilkd.key.nparser.KeYParser$One_includeContext.accept(KeYParser.java:878)
	at de.uka.ilkd.key.nparser.builder.AbstractBuilder.lambda$mapOf$0(AbstractBuilder.java:112)
	at java.base/java.util.stream.ReferencePipeline$3$1.accept(ReferencePipeline.java:195)
	at java.base/java.util.ArrayList$ArrayListSpliterator.forEachRemaining(ArrayList.java:1655)
	at java.base/java.util.stream.AbstractPipeline.copyInto(AbstractPipeline.java:484)
	at java.base/java.util.stream.AbstractPipeline.wrapAndCopyInto(AbstractPipeline.java:474)
	at java.base/java.util.stream.ReduceOps$ReduceOp.evaluateSequential(ReduceOps.java:913)
	at java.base/java.util.stream.AbstractPipeline.evaluate(AbstractPipeline.java:234)
	at java.base/java.util.stream.ReferencePipeline.collect(ReferencePipeline.java:578)
	at de.uka.ilkd.key.nparser.builder.AbstractBuilder.mapOf(AbstractBuilder.java:112)
	at de.uka.ilkd.key.nparser.builder.IncludeFinder.visitOne_include_statement(IncludeFinder.java:35)
	at de.uka.ilkd.key.nparser.builder.IncludeFinder.visitOne_include_statement(IncludeFinder.java:20)
	at de.uka.ilkd.key.nparser.KeYParser$One_include_statementContext.accept(KeYParser.java:802)
	at org.antlr.v4.runtime.tree.AbstractParseTreeVisitor.visitChildren(AbstractParseTreeVisitor.java:46)
	at de.uka.ilkd.key.nparser.KeYParserBaseVisitor.visitDecls(KeYParserBaseVisitor.java:30)
	at de.uka.ilkd.key.nparser.KeYParser$DeclsContext.accept(KeYParser.java:500)
	at org.antlr.v4.runtime.tree.AbstractParseTreeVisitor.visitChildren(AbstractParseTreeVisitor.java:46)
	at de.uka.ilkd.key.nparser.KeYParserBaseVisitor.visitFile(KeYParserBaseVisitor.java:23)
	at de.uka.ilkd.key.nparser.KeYParser$FileContext.accept(KeYParser.java:306)
	at de.uka.ilkd.key.nparser.KeyAst.accept(KeyAst.java:41)
	at de.uka.ilkd.key.nparser.KeyAst$File.getIncludes(KeyAst.java:76)
	at de.uka.ilkd.key.proof.io.KeYFile.readIncludes(KeYFile.java:208)
	... 14 more
Could not find rule file rules/intRulesCheckedSemantics.key (file: /home/runner/work/key/key/key.core/../key.ui/examples/index/.././standard_key/java_dl/testcontext.key; caused by: de.uka.ilkd.key.proof.init.ProofInputException: Could not find rule file rules/intRulesCheckedSemantics.key)
	at de.uka.ilkd.key.control.AbstractUserInterfaceControl.load(AbstractUserInterfaceControl.java:221)
	at de.uka.ilkd.key.control.KeYEnvironment.load(KeYEnvironment.java:251)
	at de.uka.ilkd.key.control.KeYEnvironment.load(KeYEnvironment.java:224)
	at de.uka.ilkd.key.control.KeYEnvironment.load(KeYEnvironment.java:184)
	at de.uka.ilkd.key.control.KeYEnvironment.load(KeYEnvironment.java:261)
	at de.uka.ilkd.key.proof.runallproofs.proofcollection.TestFile.load(TestFile.java:270)
	at de.uka.ilkd.key.proof.runallproofs.proofcollection.TestFile.runKey(TestFile.java:160)
	at de.uka.ilkd.key.proof.runallproofs.proofcollection.ForkedTestFileRunner.main(ForkedTestFileRunner.java:171)
Caused by: de.uka.ilkd.key.proof.init.ProofInputException: Could not find rule file rules/intRulesCheckedSemantics.key
	at de.uka.ilkd.key.proof.io.KeYFile.readIncludes(KeYFile.java:210)
	at de.uka.ilkd.key.proof.init.ProblemInitializer.readIncludes(ProblemInitializer.java:177)
	at de.uka.ilkd.key.proof.init.ProblemInitializer.readEnvInput(ProblemInitializer.java:325)
	at de.uka.ilkd.key.proof.init.ProblemInitializer.prepare(ProblemInitializer.java:449)
	at de.uka.ilkd.key.proof.io.AbstractProblemLoader.createInitConfig(AbstractProblemLoader.java:518)
	at de.uka.ilkd.key.proof.io.AbstractProblemLoader.loadEnvironment(AbstractProblemLoader.java:288)
	at de.uka.ilkd.key.proof.io.AbstractProblemLoader.load(AbstractProblemLoader.java:252)
	at de.uka.ilkd.key.control.AbstractUserInterfaceControl.load(AbstractUserInterfaceControl.java:209)
	... 7 more
Caused by: java.lang.RuntimeException: Could not find rule file rules/intRulesCheckedSemantics.key
	at de.uka.ilkd.key.proof.io.RuleSourceFactory.fromBuiltInRule(RuleSourceFactory.java:32)
	at de.uka.ilkd.key.proof.io.RuleSourceFactory.fromDefaultLocation(RuleSourceFactory.java:21)
	at de.uka.ilkd.key.nparser.builder.IncludeFinder.addInclude(IncludeFinder.java:63)
	at de.uka.ilkd.key.nparser.builder.IncludeFinder.visitOne_include(IncludeFinder.java:43)
	at de.uka.ilkd.key.nparser.builder.IncludeFinder.visitOne_include(IncludeFinder.java:20)
	at de.uka.ilkd.key.nparser.KeYParser$One_includeContext.accept(KeYParser.java:878)
	at de.uka.ilkd.key.nparser.builder.AbstractBuilder.lambda$mapOf$0(AbstractBuilder.java:112)
	at java.base/java.util.stream.ReferencePipeline$3$1.accept(ReferencePipeline.java:195)
	at java.base/java.util.ArrayList$ArrayListSpliterator.forEachRemaining(ArrayList.java:1655)
	at java.base/java.util.stream.AbstractPipeline.copyInto(AbstractPipeline.java:484)
	at java.base/java.util.stream.AbstractPipeline.wrapAndCopyInto(AbstractPipeline.java:474)
	at java.base/java.util.stream.ReduceOps$ReduceOp.evaluateSequential(ReduceOps.java:913)
	at java.base/java.util.stream.AbstractPipeline.evaluate(AbstractPipeline.java:234)
	at java.base/java.util.stream.ReferencePipeline.collect(ReferencePipeline.java:578)
	at de.uka.ilkd.key.nparser.builder.AbstractBuilder.mapOf(AbstractBuilder.java:112)
	at de.uka.ilkd.key.nparser.builder.IncludeFinder.visitOne_include_statement(IncludeFinder.java:35)
	at de.uka.ilkd.key.nparser.builder.IncludeFinder.visitOne_include_statement(IncludeFinder.java:20)
	at de.uka.ilkd.key.nparser.KeYParser$One_include_statementContext.accept(KeYParser.java:802)
	at org.antlr.v4.runtime.tree.AbstractParseTreeVisitor.visitChildren(AbstractParseTreeVisitor.java:46)
	at de.uka.ilkd.key.nparser.KeYParserBaseVisitor.visitDecls(KeYParserBaseVisitor.java:30)
	at de.uka.ilkd.key.nparser.KeYParser$DeclsContext.accept(KeYParser.java:500)
	at org.antlr.v4.runtime.tree.AbstractParseTreeVisitor.visitChildren(AbstractParseTreeVisitor.java:46)
	at de.uka.ilkd.key.nparser.KeYParserBaseVisitor.visitFile(KeYParserBaseVisitor.java:23)
	at de.uka.ilkd.key.nparser.KeYParser$FileContext.accept(KeYParser.java:306)
	at de.uka.ilkd.key.nparser.KeyAst.accept(KeyAst.java:41)
	at de.uka.ilkd.key.nparser.KeyAst$File.getIncludes(KeyAst.java:76)
	at de.uka.ilkd.key.proof.io.KeYFile.readIncludes(KeYFile.java:208)
	... 14 more
Could not find rule file rules/intRulesCheckedSemantics.key (file: /home/runner/work/key/key/key.core/../key.ui/examples/index/.././standard_key/staticInitialisation/cascadeStaticInitialisation.key; caused by: de.uka.ilkd.key.proof.init.ProofInputException: Could not find rule file rules/intRulesCheckedSemantics.key)
	at de.uka.ilkd.key.control.AbstractUserInterfaceControl.load(AbstractUserInterfaceControl.java:221)
	at de.uka.ilkd.key.control.KeYEnvironment.load(KeYEnvironment.java:251)
	at de.uka.ilkd.key.control.KeYEnvironment.load(KeYEnvironment.java:224)
	at de.uka.ilkd.key.control.KeYEnvironment.load(KeYEnvironment.java:184)
	at de.uka.ilkd.key.control.KeYEnvironment.load(KeYEnvironment.java:261)
	at de.uka.ilkd.key.proof.runallproofs.proofcollection.TestFile.load(TestFile.java:270)
	at de.uka.ilkd.key.proof.runallproofs.proofcollection.TestFile.runKey(TestFile.java:160)
	at de.uka.ilkd.key.proof.runallproofs.proofcollection.ForkedTestFileRunner.main(ForkedTestFileRunner.java:171)
Caused by: de.uka.ilkd.key.proof.init.ProofInputException: Could not find rule file rules/intRulesCheckedSemantics.key
	at de.uka.ilkd.key.proof.io.KeYFile.readIncludes(KeYFile.java:210)
	at de.uka.ilkd.key.proof.init.ProblemInitializer.readIncludes(ProblemInitializer.java:177)
	at de.uka.ilkd.key.proof.init.ProblemInitializer.readEnvInput(ProblemInitializer.java:325)
	at de.uka.ilkd.key.proof.init.ProblemInitializer.prepare(ProblemInitializer.java:449)
	at de.uka.ilkd.key.proof.io.AbstractProblemLoader.createInitConfig(AbstractProblemLoader.java:518)
	at de.uka.ilkd.key.proof.io.AbstractProblemLoader.loadEnvironment(AbstractProblemLoader.java:288)
	at de.uka.ilkd.key.proof.io.AbstractProblemLoader.load(AbstractProblemLoader.java:252)
	at de.uka.ilkd.key.control.AbstractUserInterfaceControl.load(AbstractUserInterfaceControl.java:209)
	... 7 more
Caused by: java.lang.RuntimeException: Could not find rule file rules/intRulesCheckedSemantics.key
	at de.uka.ilkd.key.proof.io.RuleSourceFactory.fromBuiltInRule(RuleSourceFactory.java:32)
	at de.uka.ilkd.key.proof.io.RuleSourceFactory.fromDefaultLocation(RuleSourceFactory.java:21)
	at de.uka.ilkd.key.nparser.builder.IncludeFinder.addInclude(IncludeFinder.java:63)
	at de.uka.ilkd.key.nparser.builder.IncludeFinder.visitOne_include(IncludeFinder.java:43)
	at de.uka.ilkd.key.nparser.builder.IncludeFinder.visitOne_include(IncludeFinder.java:20)
	at de.uka.ilkd.key.nparser.KeYParser$One_includeContext.accept(KeYParser.java:878)
	at de.uka.ilkd.key.nparser.builder.AbstractBuilder.lambda$mapOf$0(AbstractBuilder.java:112)
	at java.base/java.util.stream.ReferencePipeline$3$1.accept(ReferencePipeline.java:195)
	at java.base/java.util.ArrayList$ArrayListSpliterator.forEachRemaining(ArrayList.java:1655)
	at java.base/java.util.stream.AbstractPipeline.copyInto(AbstractPipeline.java:484)
	at java.base/java.util.stream.AbstractPipeline.wrapAndCopyInto(AbstractPipeline.java:474)
	at java.base/java.util.stream.ReduceOps$ReduceOp.evaluateSequential(ReduceOps.java:913)
	at java.base/java.util.stream.AbstractPipeline.evaluate(AbstractPipeline.java:234)
	at java.base/java.util.stream.ReferencePipeline.collect(ReferencePipeline.java:578)
	at de.uka.ilkd.key.nparser.builder.AbstractBuilder.mapOf(AbstractBuilder.java:112)
	at de.uka.ilkd.key.nparser.builder.IncludeFinder.visitOne_include_statement(IncludeFinder.java:35)
	at de.uka.ilkd.key.nparser.builder.IncludeFinder.visitOne_include_statement(IncludeFinder.java:20)
	at de.uka.ilkd.key.nparser.KeYParser$One_include_statementContext.accept(KeYParser.java:802)
	at org.antlr.v4.runtime.tree.AbstractParseTreeVisitor.visitChildren(AbstractParseTreeVisitor.java:46)
	at de.uka.ilkd.key.nparser.KeYParserBaseVisitor.visitDecls(KeYParserBaseVisitor.java:30)
	at de.uka.ilkd.key.nparser.KeYParser$DeclsContext.accept(KeYParser.java:500)
	at org.antlr.v4.runtime.tree.AbstractParseTreeVisitor.visitChildren(AbstractParseTreeVisitor.java:46)
	at de.uka.ilkd.key.nparser.KeYParserBaseVisitor.visitFile(KeYParserBaseVisitor.java:23)
	at de.uka.ilkd.key.nparser.KeYParser$FileContext.accept(KeYParser.java:306)
	at de.uka.ilkd.key.nparser.KeyAst.accept(KeyAst.java:41)
	at de.uka.ilkd.key.nparser.KeyAst$File.getIncludes(KeyAst.java:76)
	at de.uka.ilkd.key.proof.io.KeYFile.readIncludes(KeYFile.java:208)
	... 14 more
Could not find rule file rules/intRulesCheckedSemantics.key (file: /home/runner/work/key/key/key.core/../key.ui/examples/index/.././standard_key/staticInitialisation/erroneousClassImpliesErroneousSubclass.key; caused by: de.uka.ilkd.key.proof.init.ProofInputException: Could not find rule file rules/intRulesCheckedSemantics.key)
	at de.uka.ilkd.key.control.AbstractUserInterfaceControl.load(AbstractUserInterfaceControl.java:221)
	at de.uka.ilkd.key.control.KeYEnvironment.load(KeYEnvironment.java:251)
	at de.uka.ilkd.key.control.KeYEnvironment.load(KeYEnvironment.java:224)
	at de.uka.ilkd.key.control.KeYEnvironment.load(KeYEnvironment.java:184)
	at de.uka.ilkd.key.control.KeYEnvironment.load(KeYEnvironment.java:261)
	at de.uka.ilkd.key.proof.runallproofs.proofcollection.TestFile.load(TestFile.java:270)
	at de.uka.ilkd.key.proof.runallproofs.proofcollection.TestFile.runKey(TestFile.java:160)
	at de.uka.ilkd.key.proof.runallproofs.proofcollection.ForkedTestFileRunner.main(ForkedTestFileRunner.java:171)
Caused by: de.uka.ilkd.key.proof.init.ProofInputException: Could not find rule file rules/intRulesCheckedSemantics.key
	at de.uka.ilkd.key.proof.io.KeYFile.readIncludes(KeYFile.java:210)
	at de.uka.ilkd.key.proof.init.ProblemInitializer.readIncludes(ProblemInitializer.java:177)
	at de.uka.ilkd.key.proof.init.ProblemInitializer.readEnvInput(ProblemInitializer.java:325)
	at de.uka.ilkd.key.proof.init.ProblemInitializer.prepare(ProblemInitializer.java:449)
	at de.uka.ilkd.key.proof.io.AbstractProblemLoader.createInitConfig(AbstractProblemLoader.java:518)
	at de.uka.ilkd.key.proof.io.AbstractProblemLoader.loadEnvironment(AbstractProblemLoader.java:288)
	at de.uka.ilkd.key.proof.io.AbstractProblemLoader.load(AbstractProblemLoader.java:252)
	at de.uka.ilkd.key.control.AbstractUserInterfaceControl.load(AbstractUserInterfaceControl.java:209)
	... 7 more
Caused by: java.lang.RuntimeException: Could not find rule file rules/intRulesCheckedSemantics.key
	at de.uka.ilkd.key.proof.io.RuleSourceFactory.fromBuiltInRule(RuleSourceFactory.java:32)
	at de.uka.ilkd.key.proof.io.RuleSourceFactory.fromDefaultLocation(RuleSourceFactory.java:21)
	at de.uka.ilkd.key.nparser.builder.IncludeFinder.addInclude(IncludeFinder.java:63)
	at de.uka.ilkd.key.nparser.builder.IncludeFinder.visitOne_include(IncludeFinder.java:43)
	at de.uka.ilkd.key.nparser.builder.IncludeFinder.visitOne_include(IncludeFinder.java:20)
	at de.uka.ilkd.key.nparser.KeYParser$One_includeContext.accept(KeYParser.java:878)
	at de.uka.ilkd.key.nparser.builder.AbstractBuilder.lambda$mapOf$0(AbstractBuilder.java:112)
	at java.base/java.util.stream.ReferencePipeline$3$1.accept(ReferencePipeline.java:195)
	at java.base/java.util.ArrayList$ArrayListSpliterator.forEachRemaining(ArrayList.java:1655)
	at java.base/java.util.stream.AbstractPipeline.copyInto(AbstractPipeline.java:484)
	at java.base/java.util.stream.AbstractPipeline.wrapAndCopyInto(AbstractPipeline.java:474)
	at java.base/java.util.stream.ReduceOps$ReduceOp.evaluateSequential(ReduceOps.java:913)
	at java.base/java.util.stream.AbstractPipeline.evaluate(AbstractPipeline.java:234)
	at java.base/java.util.stream.ReferencePipeline.collect(ReferencePipeline.java:578)
	at de.uka.ilkd.key.nparser.builder.AbstractBuilder.mapOf(AbstractBuilder.java:112)
	at de.uka.ilkd.key.nparser.builder.IncludeFinder.visitOne_include_statement(IncludeFinder.java:35)
	at de.uka.ilkd.key.nparser.builder.IncludeFinder.visitOne_include_statement(IncludeFinder.java:20)
	at de.uka.ilkd.key.nparser.KeYParser$One_include_statementContext.accept(KeYParser.java:802)
	at org.antlr.v4.runtime.tree.AbstractParseTreeVisitor.visitChildren(AbstractParseTreeVisitor.java:46)
	at de.uka.ilkd.key.nparser.KeYParserBaseVisitor.visitDecls(KeYParserBaseVisitor.java:30)
	at de.uka.ilkd.key.nparser.KeYParser$DeclsContext.accept(KeYParser.java:500)
	at org.antlr.v4.runtime.tree.AbstractParseTreeVisitor.visitChildren(AbstractParseTreeVisitor.java:46)
	at de.uka.ilkd.key.nparser.KeYParserBaseVisitor.visitFile(KeYParserBaseVisitor.java:23)
	at de.uka.ilkd.key.nparser.KeYParser$FileContext.accept(KeYParser.java:306)
	at de.uka.ilkd.key.nparser.KeyAst.accept(KeyAst.java:41)
	at de.uka.ilkd.key.nparser.KeyAst$File.getIncludes(KeyAst.java:76)
	at de.uka.ilkd.key.proof.io.KeYFile.readIncludes(KeYFile.java:208)
	... 14 more
Could not find rule file rules/intRulesCheckedSemantics.key (file: /home/runner/work/key/key/key.core/../key.ui/examples/index/.././standard_key/staticInitialisation/initializedSubclassImpliesInitializedSuperclass.key; caused by: de.uka.ilkd.key.proof.init.ProofInputException: Could not find rule file rules/intRulesCheckedSemantics.key)
	at de.uka.ilkd.key.control.AbstractUserInterfaceControl.load(AbstractUserInterfaceControl.java:221)
	at de.uka.ilkd.key.control.KeYEnvironment.load(KeYEnvironment.java:251)
	at de.uka.ilkd.key.control.KeYEnvironment.load(KeYEnvironment.java:224)
	at de.uka.ilkd.key.control.KeYEnvironment.load(KeYEnvironment.java:184)
	at de.uka.ilkd.key.control.KeYEnvironment.load(KeYEnvironment.java:261)
	at de.uka.ilkd.key.proof.runallproofs.proofcollection.TestFile.load(TestFile.java:270)
	at de.uka.ilkd.key.proof.runallproofs.proofcollection.TestFile.runKey(TestFile.java:160)
	at de.uka.ilkd.key.proof.runallproofs.proofcollection.ForkedTestFileRunner.main(ForkedTestFileRunner.java:171)
Caused by: de.uka.ilkd.key.proof.init.ProofInputException: Could not find rule file rules/intRulesCheckedSemantics.key
	at de.uka.ilkd.key.proof.io.KeYFile.readIncludes(KeYFile.java:210)
	at de.uka.ilkd.key.proof.init.ProblemInitializer.readIncludes(ProblemInitializer.java:177)
	at de.uka.ilkd.key.proof.init.ProblemInitializer.readEnvInput(ProblemInitializer.java:325)
	at de.uka.ilkd.key.proof.init.ProblemInitializer.prepare(ProblemInitializer.java:449)
	at de.uka.ilkd.key.proof.io.AbstractProblemLoader.createInitConfig(AbstractProblemLoader.java:518)
	at de.uka.ilkd.key.proof.io.AbstractProblemLoader.loadEnvironment(AbstractProblemLoader.java:288)
	at de.uka.ilkd.key.proof.io.AbstractProblemLoader.load(AbstractProblemLoader.java:252)
	at de.uka.ilkd.key.control.AbstractUserInterfaceControl.load(AbstractUserInterfaceControl.java:209)
	... 7 more
Caused by: java.lang.RuntimeException: Could not find rule file rules/intRulesCheckedSemantics.key
	at de.uka.ilkd.key.proof.io.RuleSourceFactory.fromBuiltInRule(RuleSourceFactory.java:32)
	at de.uka.ilkd.key.proof.io.RuleSourceFactory.fromDefaultLocation(RuleSourceFactory.java:21)
	at de.uka.ilkd.key.nparser.builder.IncludeFinder.addInclude(IncludeFinder.java:63)
	at de.uka.ilkd.key.nparser.builder.IncludeFinder.visitOne_include(IncludeFinder.java:43)
	at de.uka.ilkd.key.nparser.builder.IncludeFinder.visitOne_include(IncludeFinder.java:20)
	at de.uka.ilkd.key.nparser.KeYParser$One_includeContext.accept(KeYParser.java:878)
	at de.uka.ilkd.key.nparser.builder.AbstractBuilder.lambda$mapOf$0(AbstractBuilder.java:112)
	at java.base/java.util.stream.ReferencePipeline$3$1.accept(ReferencePipeline.java:195)
	at java.base/java.util.ArrayList$ArrayListSpliterator.forEachRemaining(ArrayList.java:1655)
	at java.base/java.util.stream.AbstractPipeline.copyInto(AbstractPipeline.java:484)
	at java.base/java.util.stream.AbstractPipeline.wrapAndCopyInto(AbstractPipeline.java:474)
	at java.base/java.util.stream.ReduceOps$ReduceOp.evaluateSequential(ReduceOps.java:913)
	at java.base/java.util.stream.AbstractPipeline.evaluate(AbstractPipeline.java:234)
	at java.base/java.util.stream.ReferencePipeline.collect(ReferencePipeline.java:578)
	at de.uka.ilkd.key.nparser.builder.AbstractBuilder.mapOf(AbstractBuilder.java:112)
	at de.uka.ilkd.key.nparser.builder.IncludeFinder.visitOne_include_statement(IncludeFinder.java:35)
	at de.uka.ilkd.key.nparser.builder.IncludeFinder.visitOne_include_statement(IncludeFinder.java:20)
	at de.uka.ilkd.key.nparser.KeYParser$One_include_statementContext.accept(KeYParser.java:802)
	at org.antlr.v4.runtime.tree.AbstractParseTreeVisitor.visitChildren(AbstractParseTreeVisitor.java:46)
	at de.uka.ilkd.key.nparser.KeYParserBaseVisitor.visitDecls(KeYParserBaseVisitor.java:30)
	at de.uka.ilkd.key.nparser.KeYParser$DeclsContext.accept(KeYParser.java:500)
	at org.antlr.v4.runtime.tree.AbstractParseTreeVisitor.visitChildren(AbstractParseTreeVisitor.java:46)
	at de.uka.ilkd.key.nparser.KeYParserBaseVisitor.visitFile(KeYParserBaseVisitor.java:23)
	at de.uka.ilkd.key.nparser.KeYParser$FileContext.accept(KeYParser.java:306)
	at de.uka.ilkd.key.nparser.KeyAst.accept(KeyAst.java:41)
	at de.uka.ilkd.key.nparser.KeyAst$File.getIncludes(KeyAst.java:76)
	at de.uka.ilkd.key.proof.io.KeYFile.readIncludes(KeYFile.java:208)
	... 14 more
Could not find rule file rules/intRulesCheckedSemantics.key (file: /home/runner/work/key/key/key.core/../key.ui/examples/index/.././standard_key/staticInitialisation/localDeclared.key; caused by: de.uka.ilkd.key.proof.init.ProofInputException: Could not find rule file rules/intRulesCheckedSemantics.key)
	at de.uka.ilkd.key.control.AbstractUserInterfaceControl.load(AbstractUserInterfaceControl.java:221)
	at de.uka.ilkd.key.control.KeYEnvironment.load(KeYEnvironment.java:251)
	at de.uka.ilkd.key.control.KeYEnvironment.load(KeYEnvironment.java:224)
	at de.uka.ilkd.key.control.KeYEnvironment.load(KeYEnvironment.java:184)
	at de.uka.ilkd.key.control.KeYEnvironment.load(KeYEnvironment.java:261)
	at de.uka.ilkd.key.proof.runallproofs.proofcollection.TestFile.load(TestFile.java:270)
	at de.uka.ilkd.key.proof.runallproofs.proofcollection.TestFile.runKey(TestFile.java:160)
	at de.uka.ilkd.key.proof.runallproofs.proofcollection.ForkedTestFileRunner.main(ForkedTestFileRunner.java:171)
Caused by: de.uka.ilkd.key.proof.init.ProofInputException: Could not find rule file rules/intRulesCheckedSemantics.key
	at de.uka.ilkd.key.proof.io.KeYFile.readIncludes(KeYFile.java:210)
	at de.uka.ilkd.key.proof.init.ProblemInitializer.readIncludes(ProblemInitializer.java:177)
	at de.uka.ilkd.key.proof.init.ProblemInitializer.readEnvInput(ProblemInitializer.java:325)
	at de.uka.ilkd.key.proof.init.ProblemInitializer.prepare(ProblemInitializer.java:449)
	at de.uka.ilkd.key.proof.io.AbstractProblemLoader.createInitConfig(AbstractProblemLoader.java:518)
	at de.uka.ilkd.key.proof.io.AbstractProblemLoader.loadEnvironment(AbstractProblemLoader.java:288)
	at de.uka.ilkd.key.proof.io.AbstractProblemLoader.load(AbstractProblemLoader.java:252)
	at de.uka.ilkd.key.control.AbstractUserInterfaceControl.load(AbstractUserInterfaceControl.java:209)
	... 7 more
Caused by: java.lang.RuntimeException: Could not find rule file rules/intRulesCheckedSemantics.key
	at de.uka.ilkd.key.proof.io.RuleSourceFactory.fromBuiltInRule(RuleSourceFactory.java:32)
	at de.uka.ilkd.key.proof.io.RuleSourceFactory.fromDefaultLocation(RuleSourceFactory.java:21)
	at de.uka.ilkd.key.nparser.builder.IncludeFinder.addInclude(IncludeFinder.java:63)
	at de.uka.ilkd.key.nparser.builder.IncludeFinder.visitOne_include(IncludeFinder.java:43)
	at de.uka.ilkd.key.nparser.builder.IncludeFinder.visitOne_include(IncludeFinder.java:20)
	at de.uka.ilkd.key.nparser.KeYParser$One_includeContext.accept(KeYParser.java:878)
	at de.uka.ilkd.key.nparser.builder.AbstractBuilder.lambda$mapOf$0(AbstractBuilder.java:112)
	at java.base/java.util.stream.ReferencePipeline$3$1.accept(ReferencePipeline.java:195)
	at java.base/java.util.ArrayList$ArrayListSpliterator.forEachRemaining(ArrayList.java:1655)
	at java.base/java.util.stream.AbstractPipeline.copyInto(AbstractPipeline.java:484)
	at java.base/java.util.stream.AbstractPipeline.wrapAndCopyInto(AbstractPipeline.java:474)
	at java.base/java.util.stream.ReduceOps$ReduceOp.evaluateSequential(ReduceOps.java:913)
	at java.base/java.util.stream.AbstractPipeline.evaluate(AbstractPipeline.java:234)
	at java.base/java.util.stream.ReferencePipeline.collect(ReferencePipeline.java:578)
	at de.uka.ilkd.key.nparser.builder.AbstractBuilder.mapOf(AbstractBuilder.java:112)
	at de.uka.ilkd.key.nparser.builder.IncludeFinder.visitOne_include_statement(IncludeFinder.java:35)
	at de.uka.ilkd.key.nparser.builder.IncludeFinder.visitOne_include_statement(IncludeFinder.java:20)
	at de.uka.ilkd.key.nparser.KeYParser$One_include_statementContext.accept(KeYParser.java:802)
	at org.antlr.v4.runtime.tree.AbstractParseTreeVisitor.visitChildren(AbstractParseTreeVisitor.java:46)
	at de.uka.ilkd.key.nparser.KeYParserBaseVisitor.visitDecls(KeYParserBaseVisitor.java:30)
	at de.uka.ilkd.key.nparser.KeYParser$DeclsContext.accept(KeYParser.java:500)
	at org.antlr.v4.runtime.tree.AbstractParseTreeVisitor.visitChildren(AbstractParseTreeVisitor.java:46)
	at de.uka.ilkd.key.nparser.KeYParserBaseVisitor.visitFile(KeYParserBaseVisitor.java:23)
	at de.uka.ilkd.key.nparser.KeYParser$FileContext.accept(KeYParser.java:306)
	at de.uka.ilkd.key.nparser.KeyAst.accept(KeyAst.java:41)
	at de.uka.ilkd.key.nparser.KeyAst$File.getIncludes(KeyAst.java:76)
	at de.uka.ilkd.key.proof.io.KeYFile.readIncludes(KeYFile.java:208)
	... 14 more
Could not find rule file rules/intRulesCheckedSemantics.key (file: /home/runner/work/key/key/key.core/../key.ui/examples/index/.././standard_key/staticInitialisation/localDeclaredMethod.key; caused by: de.uka.ilkd.key.proof.init.ProofInputException: Could not find rule file rules/intRulesCheckedSemantics.key)
	at de.uka.ilkd.key.control.AbstractUserInterfaceControl.load(AbstractUserInterfaceControl.java:221)
	at de.uka.ilkd.key.control.KeYEnvironment.load(KeYEnvironment.java:251)
	at de.uka.ilkd.key.control.KeYEnvironment.load(KeYEnvironment.java:224)
	at de.uka.ilkd.key.control.KeYEnvironment.load(KeYEnvironment.java:184)
	at de.uka.ilkd.key.control.KeYEnvironment.load(KeYEnvironment.java:261)
	at de.uka.ilkd.key.proof.runallproofs.proofcollection.TestFile.load(TestFile.java:270)
	at de.uka.ilkd.key.proof.runallproofs.proofcollection.TestFile.runKey(TestFile.java:160)
	at de.uka.ilkd.key.proof.runallproofs.proofcollection.ForkedTestFileRunner.main(ForkedTestFileRunner.java:171)
Caused by: de.uka.ilkd.key.proof.init.ProofInputException: Could not find rule file rules/intRulesCheckedSemantics.key
	at de.uka.ilkd.key.proof.io.KeYFile.readIncludes(KeYFile.java:210)
	at de.uka.ilkd.key.proof.init.ProblemInitializer.readIncludes(ProblemInitializer.java:177)
	at de.uka.ilkd.key.proof.init.ProblemInitializer.readEnvInput(ProblemInitializer.java:325)
	at de.uka.ilkd.key.proof.init.ProblemInitializer.prepare(ProblemInitializer.java:449)
	at de.uka.ilkd.key.proof.io.AbstractProblemLoader.createInitConfig(AbstractProblemLoader.java:518)
	at de.uka.ilkd.key.proof.io.AbstractProblemLoader.loadEnvironment(AbstractProblemLoader.java:288)
	at de.uka.ilkd.key.proof.io.AbstractProblemLoader.load(AbstractProblemLoader.java:252)
	at de.uka.ilkd.key.control.AbstractUserInterfaceControl.load(AbstractUserInterfaceControl.java:209)
	... 7 more
Caused by: java.lang.RuntimeException: Could not find rule file rules/intRulesCheckedSemantics.key
	at de.uka.ilkd.key.proof.io.RuleSourceFactory.fromBuiltInRule(RuleSourceFactory.java:32)
	at de.uka.ilkd.key.proof.io.RuleSourceFactory.fromDefaultLocation(RuleSourceFactory.java:21)
	at de.uka.ilkd.key.nparser.builder.IncludeFinder.addInclude(IncludeFinder.java:63)
	at de.uka.ilkd.key.nparser.builder.IncludeFinder.visitOne_include(IncludeFinder.java:43)
	at de.uka.ilkd.key.nparser.builder.IncludeFinder.visitOne_include(IncludeFinder.java:20)
	at de.uka.ilkd.key.nparser.KeYParser$One_includeContext.accept(KeYParser.java:878)
	at de.uka.ilkd.key.nparser.builder.AbstractBuilder.lambda$mapOf$0(AbstractBuilder.java:112)
	at java.base/java.util.stream.ReferencePipeline$3$1.accept(ReferencePipeline.java:195)
	at java.base/java.util.ArrayList$ArrayListSpliterator.forEachRemaining(ArrayList.java:1655)
	at java.base/java.util.stream.AbstractPipeline.copyInto(AbstractPipeline.java:484)
	at java.base/java.util.stream.AbstractPipeline.wrapAndCopyInto(AbstractPipeline.java:474)
	at java.base/java.util.stream.ReduceOps$ReduceOp.evaluateSequential(ReduceOps.java:913)
	at java.base/java.util.stream.AbstractPipeline.evaluate(AbstractPipeline.java:234)
	at java.base/java.util.stream.ReferencePipeline.collect(ReferencePipeline.java:578)
	at de.uka.ilkd.key.nparser.builder.AbstractBuilder.mapOf(AbstractBuilder.java:112)
	at de.uka.ilkd.key.nparser.builder.IncludeFinder.visitOne_include_statement(IncludeFinder.java:35)
	at de.uka.ilkd.key.nparser.builder.IncludeFinder.visitOne_include_statement(IncludeFinder.java:20)
	at de.uka.ilkd.key.nparser.KeYParser$One_include_statementContext.accept(KeYParser.java:802)
	at org.antlr.v4.runtime.tree.AbstractParseTreeVisitor.visitChildren(AbstractParseTreeVisitor.java:46)
	at de.uka.ilkd.key.nparser.KeYParserBaseVisitor.visitDecls(KeYParserBaseVisitor.java:30)
	at de.uka.ilkd.key.nparser.KeYParser$DeclsContext.accept(KeYParser.java:500)
	at org.antlr.v4.runtime.tree.AbstractParseTreeVisitor.visitChildren(AbstractParseTreeVisitor.java:46)
	at de.uka.ilkd.key.nparser.KeYParserBaseVisitor.visitFile(KeYParserBaseVisitor.java:23)
	at de.uka.ilkd.key.nparser.KeYParser$FileContext.accept(KeYParser.java:306)
	at de.uka.ilkd.key.nparser.KeyAst.accept(KeyAst.java:41)
	at de.uka.ilkd.key.nparser.KeyAst$File.getIncludes(KeyAst.java:76)
	at de.uka.ilkd.key.proof.io.KeYFile.readIncludes(KeYFile.java:208)
	... 14 more
Could not find rule file rules/intRulesCheckedSemantics.key (file: /home/runner/work/key/key/key.core/../key.ui/examples/index/.././standard_key/staticInitialisation/objectOfErroneousClass.key; caused by: de.uka.ilkd.key.proof.init.ProofInputException: Could not find rule file rules/intRulesCheckedSemantics.key)
	at de.uka.ilkd.key.control.AbstractUserInterfaceControl.load(AbstractUserInterfaceControl.java:221)
	at de.uka.ilkd.key.control.KeYEnvironment.load(KeYEnvironment.java:251)
	at de.uka.ilkd.key.control.KeYEnvironment.load(KeYEnvironment.java:224)
	at de.uka.ilkd.key.control.KeYEnvironment.load(KeYEnvironment.java:184)
	at de.uka.ilkd.key.control.KeYEnvironment.load(KeYEnvironment.java:261)
	at de.uka.ilkd.key.proof.runallproofs.proofcollection.TestFile.load(TestFile.java:270)
	at de.uka.ilkd.key.proof.runallproofs.proofcollection.TestFile.runKey(TestFile.java:160)
	at de.uka.ilkd.key.proof.runallproofs.proofcollection.ForkedTestFileRunner.main(ForkedTestFileRunner.java:171)
Caused by: de.uka.ilkd.key.proof.init.ProofInputException: Could not find rule file rules/intRulesCheckedSemantics.key
	at de.uka.ilkd.key.proof.io.KeYFile.readIncludes(KeYFile.java:210)
	at de.uka.ilkd.key.proof.init.ProblemInitializer.readIncludes(ProblemInitializer.java:177)
	at de.uka.ilkd.key.proof.init.ProblemInitializer.readEnvInput(ProblemInitializer.java:325)
	at de.uka.ilkd.key.proof.init.ProblemInitializer.prepare(ProblemInitializer.java:449)
	at de.uka.ilkd.key.proof.io.AbstractProblemLoader.createInitConfig(AbstractProblemLoader.java:518)
	at de.uka.ilkd.key.proof.io.AbstractProblemLoader.loadEnvironment(AbstractProblemLoader.java:288)
	at de.uka.ilkd.key.proof.io.AbstractProblemLoader.load(AbstractProblemLoader.java:252)
	at de.uka.ilkd.key.control.AbstractUserInterfaceControl.load(AbstractUserInterfaceControl.java:209)
	... 7 more
Caused by: java.lang.RuntimeException: Could not find rule file rules/intRulesCheckedSemantics.key
	at de.uka.ilkd.key.proof.io.RuleSourceFactory.fromBuiltInRule(RuleSourceFactory.java:32)
	at de.uka.ilkd.key.proof.io.RuleSourceFactory.fromDefaultLocation(RuleSourceFactory.java:21)
	at de.uka.ilkd.key.nparser.builder.IncludeFinder.addInclude(IncludeFinder.java:63)
	at de.uka.ilkd.key.nparser.builder.IncludeFinder.visitOne_include(IncludeFinder.java:43)
	at de.uka.ilkd.key.nparser.builder.IncludeFinder.visitOne_include(IncludeFinder.java:20)
	at de.uka.ilkd.key.nparser.KeYParser$One_includeContext.accept(KeYParser.java:878)
	at de.uka.ilkd.key.nparser.builder.AbstractBuilder.lambda$mapOf$0(AbstractBuilder.java:112)
	at java.base/java.util.stream.ReferencePipeline$3$1.accept(ReferencePipeline.java:195)
	at java.base/java.util.ArrayList$ArrayListSpliterator.forEachRemaining(ArrayList.java:1655)
	at java.base/java.util.stream.AbstractPipeline.copyInto(AbstractPipeline.java:484)
	at java.base/java.util.stream.AbstractPipeline.wrapAndCopyInto(AbstractPipeline.java:474)
	at java.base/java.util.stream.ReduceOps$ReduceOp.evaluateSequential(ReduceOps.java:913)
	at java.base/java.util.stream.AbstractPipeline.evaluate(AbstractPipeline.java:234)
	at java.base/java.util.stream.ReferencePipeline.collect(ReferencePipeline.java:578)
	at de.uka.ilkd.key.nparser.builder.AbstractBuilder.mapOf(AbstractBuilder.java:112)
	at de.uka.ilkd.key.nparser.builder.IncludeFinder.visitOne_include_statement(IncludeFinder.java:35)
	at de.uka.ilkd.key.nparser.builder.IncludeFinder.visitOne_include_statement(IncludeFinder.java:20)
	at de.uka.ilkd.key.nparser.KeYParser$One_include_statementContext.accept(KeYParser.java:802)
	at org.antlr.v4.runtime.tree.AbstractParseTreeVisitor.visitChildren(AbstractParseTreeVisitor.java:46)
	at de.uka.ilkd.key.nparser.KeYParserBaseVisitor.visitDecls(KeYParserBaseVisitor.java:30)
	at de.uka.ilkd.key.nparser.KeYParser$DeclsContext.accept(KeYParser.java:500)
	at org.antlr.v4.runtime.tree.AbstractParseTreeVisitor.visitChildren(AbstractParseTreeVisitor.java:46)
	at de.uka.ilkd.key.nparser.KeYParserBaseVisitor.visitFile(KeYParserBaseVisitor.java:23)
	at de.uka.ilkd.key.nparser.KeYParser$FileContext.accept(KeYParser.java:306)
	at de.uka.ilkd.key.nparser.KeyAst.accept(KeyAst.java:41)
	at de.uka.ilkd.key.nparser.KeyAst$File.getIncludes(KeyAst.java:76)
	at de.uka.ilkd.key.proof.io.KeYFile.readIncludes(KeYFile.java:208)
	... 14 more
Could not find rule file rules/intRulesCheckedSemantics.key (file: /home/runner/work/key/key/key.core/../key.ui/examples/index/.././standard_key/staticInitialisation/staticInitialisersAreNonSimple.key; caused by: de.uka.ilkd.key.proof.init.ProofInputException: Could not find rule file rules/intRulesCheckedSemantics.key)
	at de.uka.ilkd.key.control.AbstractUserInterfaceControl.load(AbstractUserInterfaceControl.java:221)
	at de.uka.ilkd.key.control.KeYEnvironment.load(KeYEnvironment.java:251)
	at de.uka.ilkd.key.control.KeYEnvironment.load(KeYEnvironment.java:224)
	at de.uka.ilkd.key.control.KeYEnvironment.load(KeYEnvironment.java:184)
	at de.uka.ilkd.key.control.KeYEnvironment.load(KeYEnvironment.java:261)
	at de.uka.ilkd.key.proof.runallproofs.proofcollection.TestFile.load(TestFile.java:270)
	at de.uka.ilkd.key.proof.runallproofs.proofcollection.TestFile.runKey(TestFile.java:160)
	at de.uka.ilkd.key.proof.runallproofs.proofcollection.ForkedTestFileRunner.main(ForkedTestFileRunner.java:171)
Caused by: de.uka.ilkd.key.proof.init.ProofInputException: Could not find rule file rules/intRulesCheckedSemantics.key
	at de.uka.ilkd.key.proof.io.KeYFile.readIncludes(KeYFile.java:210)
	at de.uka.ilkd.key.proof.init.ProblemInitializer.readIncludes(ProblemInitializer.java:177)
	at de.uka.ilkd.key.proof.init.ProblemInitializer.readEnvInput(ProblemInitializer.java:325)
	at de.uka.ilkd.key.proof.init.ProblemInitializer.prepare(ProblemInitializer.java:449)
	at de.uka.ilkd.key.proof.io.AbstractProblemLoader.createInitConfig(AbstractProblemLoader.java:518)
	at de.uka.ilkd.key.proof.io.AbstractProblemLoader.loadEnvironment(AbstractProblemLoader.java:288)
	at de.uka.ilkd.key.proof.io.AbstractProblemLoader.load(AbstractProblemLoader.java:252)
	at de.uka.ilkd.key.control.AbstractUserInterfaceControl.load(AbstractUserInterfaceControl.java:209)
	... 7 more
Caused by: java.lang.RuntimeException: Could not find rule file rules/intRulesCheckedSemantics.key
	at de.uka.ilkd.key.proof.io.RuleSourceFactory.fromBuiltInRule(RuleSourceFactory.java:32)
	at de.uka.ilkd.key.proof.io.RuleSourceFactory.fromDefaultLocation(RuleSourceFactory.java:21)
	at de.uka.ilkd.key.nparser.builder.IncludeFinder.addInclude(IncludeFinder.java:63)
	at de.uka.ilkd.key.nparser.builder.IncludeFinder.visitOne_include(IncludeFinder.java:43)
	at de.uka.ilkd.key.nparser.builder.IncludeFinder.visitOne_include(IncludeFinder.java:20)
	at de.uka.ilkd.key.nparser.KeYParser$One_includeContext.accept(KeYParser.java:878)
	at de.uka.ilkd.key.nparser.builder.AbstractBuilder.lambda$mapOf$0(AbstractBuilder.java:112)
	at java.base/java.util.stream.ReferencePipeline$3$1.accept(ReferencePipeline.java:195)
	at java.base/java.util.ArrayList$ArrayListSpliterator.forEachRemaining(ArrayList.java:1655)
	at java.base/java.util.stream.AbstractPipeline.copyInto(AbstractPipeline.java:484)
	at java.base/java.util.stream.AbstractPipeline.wrapAndCopyInto(AbstractPipeline.java:474)
	at java.base/java.util.stream.ReduceOps$ReduceOp.evaluateSequential(ReduceOps.java:913)
	at java.base/java.util.stream.AbstractPipeline.evaluate(AbstractPipeline.java:234)
	at java.base/java.util.stream.ReferencePipeline.collect(ReferencePipeline.java:578)
	at de.uka.ilkd.key.nparser.builder.AbstractBuilder.mapOf(AbstractBuilder.java:112)
	at de.uka.ilkd.key.nparser.builder.IncludeFinder.visitOne_include_statement(IncludeFinder.java:35)
	at de.uka.ilkd.key.nparser.builder.IncludeFinder.visitOne_include_statement(IncludeFinder.java:20)
	at de.uka.ilkd.key.nparser.KeYParser$One_include_statementContext.accept(KeYParser.java:802)
	at org.antlr.v4.runtime.tree.AbstractParseTreeVisitor.visitChildren(AbstractParseTreeVisitor.java:46)
	at de.uka.ilkd.key.nparser.KeYParserBaseVisitor.visitDecls(KeYParserBaseVisitor.java:30)
	at de.uka.ilkd.key.nparser.KeYParser$DeclsContext.accept(KeYParser.java:500)
	at org.antlr.v4.runtime.tree.AbstractParseTreeVisitor.visitChildren(AbstractParseTreeVisitor.java:46)
	at de.uka.ilkd.key.nparser.KeYParserBaseVisitor.visitFile(KeYParserBaseVisitor.java:23)
	at de.uka.ilkd.key.nparser.KeYParser$FileContext.accept(KeYParser.java:306)
	at de.uka.ilkd.key.nparser.KeyAst.accept(KeyAst.java:41)
	at de.uka.ilkd.key.nparser.KeyAst$File.getIncludes(KeyAst.java:76)
	at de.uka.ilkd.key.proof.io.KeYFile.readIncludes(KeYFile.java:208)
	... 14 more
Could not find rule file rules/intRulesCheckedSemantics.key (file: /home/runner/work/key/key/key.core/../key.ui/examples/index/.././standard_key/types/disjoint.key; caused by: de.uka.ilkd.key.proof.init.ProofInputException: Could not find rule file rules/intRulesCheckedSemantics.key)
	at de.uka.ilkd.key.control.AbstractUserInterfaceControl.load(AbstractUserInterfaceControl.java:221)
	at de.uka.ilkd.key.control.KeYEnvironment.load(KeYEnvironment.java:251)
	at de.uka.ilkd.key.control.KeYEnvironment.load(KeYEnvironment.java:224)
	at de.uka.ilkd.key.control.KeYEnvironment.load(KeYEnvironment.java:184)
	at de.uka.ilkd.key.control.KeYEnvironment.load(KeYEnvironment.java:261)
	at de.uka.ilkd.key.proof.runallproofs.proofcollection.TestFile.load(TestFile.java:270)
	at de.uka.ilkd.key.proof.runallproofs.proofcollection.TestFile.runKey(TestFile.java:160)
	at de.uka.ilkd.key.proof.runallproofs.proofcollection.ForkedTestFileRunner.main(ForkedTestFileRunner.java:171)
Caused by: de.uka.ilkd.key.proof.init.ProofInputException: Could not find rule file rules/intRulesCheckedSemantics.key
	at de.uka.ilkd.key.proof.io.KeYFile.readIncludes(KeYFile.java:210)
	at de.uka.ilkd.key.proof.init.ProblemInitializer.readIncludes(ProblemInitializer.java:177)
	at de.uka.ilkd.key.proof.init.ProblemInitializer.readEnvInput(ProblemInitializer.java:325)
	at de.uka.ilkd.key.proof.init.ProblemInitializer.prepare(ProblemInitializer.java:449)
	at de.uka.ilkd.key.proof.io.AbstractProblemLoader.createInitConfig(AbstractProblemLoader.java:518)
	at de.uka.ilkd.key.proof.io.AbstractProblemLoader.loadEnvironment(AbstractProblemLoader.java:288)
	at de.uka.ilkd.key.proof.io.AbstractProblemLoader.load(AbstractProblemLoader.java:252)
	at de.uka.ilkd.key.control.AbstractUserInterfaceControl.load(AbstractUserInterfaceControl.java:209)
	... 7 more
Caused by: java.lang.RuntimeException: Could not find rule file rules/intRulesCheckedSemantics.key
	at de.uka.ilkd.key.proof.io.RuleSourceFactory.fromBuiltInRule(RuleSourceFactory.java:32)
	at de.uka.ilkd.key.proof.io.RuleSourceFactory.fromDefaultLocation(RuleSourceFactory.java:21)
	at de.uka.ilkd.key.nparser.builder.IncludeFinder.addInclude(IncludeFinder.java:63)
	at de.uka.ilkd.key.nparser.builder.IncludeFinder.visitOne_include(IncludeFinder.java:43)
	at de.uka.ilkd.key.nparser.builder.IncludeFinder.visitOne_include(IncludeFinder.java:20)
	at de.uka.ilkd.key.nparser.KeYParser$One_includeContext.accept(KeYParser.java:878)
	at de.uka.ilkd.key.nparser.builder.AbstractBuilder.lambda$mapOf$0(AbstractBuilder.java:112)
	at java.base/java.util.stream.ReferencePipeline$3$1.accept(ReferencePipeline.java:195)
	at java.base/java.util.ArrayList$ArrayListSpliterator.forEachRemaining(ArrayList.java:1655)
	at java.base/java.util.stream.AbstractPipeline.copyInto(AbstractPipeline.java:484)
	at java.base/java.util.stream.AbstractPipeline.wrapAndCopyInto(AbstractPipeline.java:474)
	at java.base/java.util.stream.ReduceOps$ReduceOp.evaluateSequential(ReduceOps.java:913)
	at java.base/java.util.stream.AbstractPipeline.evaluate(AbstractPipeline.java:234)
	at java.base/java.util.stream.ReferencePipeline.collect(ReferencePipeline.java:578)
	at de.uka.ilkd.key.nparser.builder.AbstractBuilder.mapOf(AbstractBuilder.java:112)
	at de.uka.ilkd.key.nparser.builder.IncludeFinder.visitOne_include_statement(IncludeFinder.java:35)
	at de.uka.ilkd.key.nparser.builder.IncludeFinder.visitOne_include_statement(IncludeFinder.java:20)
	at de.uka.ilkd.key.nparser.KeYParser$One_include_statementContext.accept(KeYParser.java:802)
	at org.antlr.v4.runtime.tree.AbstractParseTreeVisitor.visitChildren(AbstractParseTreeVisitor.java:46)
	at de.uka.ilkd.key.nparser.KeYParserBaseVisitor.visitDecls(KeYParserBaseVisitor.java:30)
	at de.uka.ilkd.key.nparser.KeYParser$DeclsContext.accept(KeYParser.java:500)
	at org.antlr.v4.runtime.tree.AbstractParseTreeVisitor.visitChildren(AbstractParseTreeVisitor.java:46)
	at de.uka.ilkd.key.nparser.KeYParserBaseVisitor.visitFile(KeYParserBaseVisitor.java:23)
	at de.uka.ilkd.key.nparser.KeYParser$FileContext.accept(KeYParser.java:306)
	at de.uka.ilkd.key.nparser.KeyAst.accept(KeyAst.java:41)
	at de.uka.ilkd.key.nparser.KeyAst$File.getIncludes(KeyAst.java:76)
	at de.uka.ilkd.key.proof.io.KeYFile.readIncludes(KeYFile.java:208)
	... 14 more
Could not find rule file rules/intRulesCheckedSemantics.key (file: /home/runner/work/key/key/key.core/../key.ui/examples/index/../../../key.core/src/test/resources/testcase/classpath/classpath.key; caused by: de.uka.ilkd.key.proof.init.ProofInputException: Could not find rule file rules/intRulesCheckedSemantics.key)
	at de.uka.ilkd.key.control.AbstractUserInterfaceControl.load(AbstractUserInterfaceControl.java:221)
	at de.uka.ilkd.key.control.KeYEnvironment.load(KeYEnvironment.java:251)
	at de.uka.ilkd.key.control.KeYEnvironment.load(KeYEnvironment.java:224)
	at de.uka.ilkd.key.control.KeYEnvironment.load(KeYEnvironment.java:184)
	at de.uka.ilkd.key.control.KeYEnvironment.load(KeYEnvironment.java:261)
	at de.uka.ilkd.key.proof.runallproofs.proofcollection.TestFile.load(TestFile.java:270)
	at de.uka.ilkd.key.proof.runallproofs.proofcollection.TestFile.runKey(TestFile.java:160)
	at de.uka.ilkd.key.proof.runallproofs.proofcollection.ForkedTestFileRunner.main(ForkedTestFileRunner.java:171)
Caused by: de.uka.ilkd.key.proof.init.ProofInputException: Could not find rule file rules/intRulesCheckedSemantics.key
	at de.uka.ilkd.key.proof.io.KeYFile.readIncludes(KeYFile.java:210)
	at de.uka.ilkd.key.proof.init.ProblemInitializer.readIncludes(ProblemInitializer.java:177)
	at de.uka.ilkd.key.proof.init.ProblemInitializer.readEnvInput(ProblemInitializer.java:325)
	at de.uka.ilkd.key.proof.init.ProblemInitializer.prepare(ProblemInitializer.java:449)
	at de.uka.ilkd.key.proof.io.AbstractProblemLoader.createInitConfig(AbstractProblemLoader.java:518)
	at de.uka.ilkd.key.proof.io.AbstractProblemLoader.loadEnvironment(AbstractProblemLoader.java:288)
	at de.uka.ilkd.key.proof.io.AbstractProblemLoader.load(AbstractProblemLoader.java:252)
	at de.uka.ilkd.key.control.AbstractUserInterfaceControl.load(AbstractUserInterfaceControl.java:209)
	... 7 more
Caused by: java.lang.RuntimeException: Could not find rule file rules/intRulesCheckedSemantics.key
	at de.uka.ilkd.key.proof.io.RuleSourceFactory.fromBuiltInRule(RuleSourceFactory.java:32)
	at de.uka.ilkd.key.proof.io.RuleSourceFactory.fromDefaultLocation(RuleSourceFactory.java:21)
	at de.uka.ilkd.key.nparser.builder.IncludeFinder.addInclude(IncludeFinder.java:63)
	at de.uka.ilkd.key.nparser.builder.IncludeFinder.visitOne_include(IncludeFinder.java:43)
	at de.uka.ilkd.key.nparser.builder.IncludeFinder.visitOne_include(IncludeFinder.java:20)
	at de.uka.ilkd.key.nparser.KeYParser$One_includeContext.accept(KeYParser.java:878)
	at de.uka.ilkd.key.nparser.builder.AbstractBuilder.lambda$mapOf$0(AbstractBuilder.java:112)
	at java.base/java.util.stream.ReferencePipeline$3$1.accept(ReferencePipeline.java:195)
	at java.base/java.util.ArrayList$ArrayListSpliterator.forEachRemaining(ArrayList.java:1655)
	at java.base/java.util.stream.AbstractPipeline.copyInto(AbstractPipeline.java:484)
	at java.base/java.util.stream.AbstractPipeline.wrapAndCopyInto(AbstractPipeline.java:474)
	at java.base/java.util.stream.ReduceOps$ReduceOp.evaluateSequential(ReduceOps.java:913)
	at java.base/java.util.stream.AbstractPipeline.evaluate(AbstractPipeline.java:234)
	at java.base/java.util.stream.ReferencePipeline.collect(ReferencePipeline.java:578)
	at de.uka.ilkd.key.nparser.builder.AbstractBuilder.mapOf(AbstractBuilder.java:112)
	at de.uka.ilkd.key.nparser.builder.IncludeFinder.visitOne_include_statement(IncludeFinder.java:35)
	at de.uka.ilkd.key.nparser.builder.IncludeFinder.visitOne_include_statement(IncludeFinder.java:20)
	at de.uka.ilkd.key.nparser.KeYParser$One_include_statementContext.accept(KeYParser.java:802)
	at org.antlr.v4.runtime.tree.AbstractParseTreeVisitor.visitChildren(AbstractParseTreeVisitor.java:46)
	at de.uka.ilkd.key.nparser.KeYParserBaseVisitor.visitDecls(KeYParserBaseVisitor.java:30)
	at de.uka.ilkd.key.nparser.KeYParser$DeclsContext.accept(KeYParser.java:500)
	at org.antlr.v4.runtime.tree.AbstractParseTreeVisitor.visitChildren(AbstractParseTreeVisitor.java:46)
	at de.uka.ilkd.key.nparser.KeYParserBaseVisitor.visitFile(KeYParserBaseVisitor.java:23)
	at de.uka.ilkd.key.nparser.KeYParser$FileContext.accept(KeYParser.java:306)
	at de.uka.ilkd.key.nparser.KeyAst.accept(KeyAst.java:41)
	at de.uka.ilkd.key.nparser.KeyAst$File.getIncludes(KeyAst.java:76)
	at de.uka.ilkd.key.proof.io.KeYFile.readIncludes(KeYFile.java:208)
	... 14 more
Could not find rule file rules/intRulesCheckedSemantics.key (file: /home/runner/work/key/key/key.core/../key.ui/examples/index/.././heap/inconsistent_represents/MyClass_m.key; caused by: de.uka.ilkd.key.proof.init.ProofInputException: Could not find rule file rules/intRulesCheckedSemantics.key)
	at de.uka.ilkd.key.control.AbstractUserInterfaceControl.load(AbstractUserInterfaceControl.java:221)
	at de.uka.ilkd.key.control.KeYEnvironment.load(KeYEnvironment.java:251)
	at de.uka.ilkd.key.control.KeYEnvironment.load(KeYEnvironment.java:224)
	at de.uka.ilkd.key.control.KeYEnvironment.load(KeYEnvironment.java:184)
	at de.uka.ilkd.key.control.KeYEnvironment.load(KeYEnvironment.java:261)
	at de.uka.ilkd.key.proof.runallproofs.proofcollection.TestFile.load(TestFile.java:270)
	at de.uka.ilkd.key.proof.runallproofs.proofcollection.TestFile.runKey(TestFile.java:160)
	at de.uka.ilkd.key.proof.runallproofs.proofcollection.ForkedTestFileRunner.main(ForkedTestFileRunner.java:171)
Caused by: de.uka.ilkd.key.proof.init.ProofInputException: Could not find rule file rules/intRulesCheckedSemantics.key
	at de.uka.ilkd.key.proof.io.KeYFile.readIncludes(KeYFile.java:210)
	at de.uka.ilkd.key.proof.init.ProblemInitializer.readIncludes(ProblemInitializer.java:177)
	at de.uka.ilkd.key.proof.init.ProblemInitializer.readEnvInput(ProblemInitializer.java:325)
	at de.uka.ilkd.key.proof.init.ProblemInitializer.prepare(ProblemInitializer.java:449)
	at de.uka.ilkd.key.proof.io.AbstractProblemLoader.createInitConfig(AbstractProblemLoader.java:518)
	at de.uka.ilkd.key.proof.io.AbstractProblemLoader.loadEnvironment(AbstractProblemLoader.java:288)
	at de.uka.ilkd.key.proof.io.AbstractProblemLoader.load(AbstractProblemLoader.java:252)
	at de.uka.ilkd.key.control.AbstractUserInterfaceControl.load(AbstractUserInterfaceControl.java:209)
	... 7 more
Caused by: java.lang.RuntimeException: Could not find rule file rules/intRulesCheckedSemantics.key
	at de.uka.ilkd.key.proof.io.RuleSourceFactory.fromBuiltInRule(RuleSourceFactory.java:32)
	at de.uka.ilkd.key.proof.io.RuleSourceFactory.fromDefaultLocation(RuleSourceFactory.java:21)
	at de.uka.ilkd.key.nparser.builder.IncludeFinder.addInclude(IncludeFinder.java:63)
	at de.uka.ilkd.key.nparser.builder.IncludeFinder.visitOne_include(IncludeFinder.java:43)
	at de.uka.ilkd.key.nparser.builder.IncludeFinder.visitOne_include(IncludeFinder.java:20)
	at de.uka.ilkd.key.nparser.KeYParser$One_includeContext.accept(KeYParser.java:878)
	at de.uka.ilkd.key.nparser.builder.AbstractBuilder.lambda$mapOf$0(AbstractBuilder.java:112)
	at java.base/java.util.stream.ReferencePipeline$3$1.accept(ReferencePipeline.java:195)
	at java.base/java.util.ArrayList$ArrayListSpliterator.forEachRemaining(ArrayList.java:1655)
	at java.base/java.util.stream.AbstractPipeline.copyInto(AbstractPipeline.java:484)
	at java.base/java.util.stream.AbstractPipeline.wrapAndCopyInto(AbstractPipeline.java:474)
	at java.base/java.util.stream.ReduceOps$ReduceOp.evaluateSequential(ReduceOps.java:913)
	at java.base/java.util.stream.AbstractPipeline.evaluate(AbstractPipeline.java:234)
	at java.base/java.util.stream.ReferencePipeline.collect(ReferencePipeline.java:578)
	at de.uka.ilkd.key.nparser.builder.AbstractBuilder.mapOf(AbstractBuilder.java:112)
	at de.uka.ilkd.key.nparser.builder.IncludeFinder.visitOne_include_statement(IncludeFinder.java:35)
	at de.uka.ilkd.key.nparser.builder.IncludeFinder.visitOne_include_statement(IncludeFinder.java:20)
	at de.uka.ilkd.key.nparser.KeYParser$One_include_statementContext.accept(KeYParser.java:802)
	at org.antlr.v4.runtime.tree.AbstractParseTreeVisitor.visitChildren(AbstractParseTreeVisitor.java:46)
	at de.uka.ilkd.key.nparser.KeYParserBaseVisitor.visitDecls(KeYParserBaseVisitor.java:30)
	at de.uka.ilkd.key.nparser.KeYParser$DeclsContext.accept(KeYParser.java:500)
	at org.antlr.v4.runtime.tree.AbstractParseTreeVisitor.visitChildren(AbstractParseTreeVisitor.java:46)
	at de.uka.ilkd.key.nparser.KeYParserBaseVisitor.visitFile(KeYParserBaseVisitor.java:23)
	at de.uka.ilkd.key.nparser.KeYParser$FileContext.accept(KeYParser.java:306)
	at de.uka.ilkd.key.nparser.KeyAst.accept(KeyAst.java:41)
	at de.uka.ilkd.key.nparser.KeyAst$File.getIncludes(KeyAst.java:76)
	at de.uka.ilkd.key.proof.io.KeYFile.readIncludes(KeYFile.java:208)
	... 14 more
Could not find rule file rules/intRulesCheckedSemantics.key (file: /home/runner/work/key/key/key.core/../key.ui/examples/index/.././heap/inconsistent_represents/MyClass_n.key; caused by: de.uka.ilkd.key.proof.init.ProofInputException: Could not find rule file rules/intRulesCheckedSemantics.key)
	at de.uka.ilkd.key.control.AbstractUserInterfaceControl.load(AbstractUserInterfaceControl.java:221)
	at de.uka.ilkd.key.control.KeYEnvironment.load(KeYEnvironment.java:251)
	at de.uka.ilkd.key.control.KeYEnvironment.load(KeYEnvironment.java:224)
	at de.uka.ilkd.key.control.KeYEnvironment.load(KeYEnvironment.java:184)
	at de.uka.ilkd.key.control.KeYEnvironment.load(KeYEnvironment.java:261)
	at de.uka.ilkd.key.proof.runallproofs.proofcollection.TestFile.load(TestFile.java:270)
	at de.uka.ilkd.key.proof.runallproofs.proofcollection.TestFile.runKey(TestFile.java:160)
	at de.uka.ilkd.key.proof.runallproofs.proofcollection.ForkedTestFileRunner.main(ForkedTestFileRunner.java:171)
Caused by: de.uka.ilkd.key.proof.init.ProofInputException: Could not find rule file rules/intRulesCheckedSemantics.key
	at de.uka.ilkd.key.proof.io.KeYFile.readIncludes(KeYFile.java:210)
	at de.uka.ilkd.key.proof.init.ProblemInitializer.readIncludes(ProblemInitializer.java:177)
	at de.uka.ilkd.key.proof.init.ProblemInitializer.readEnvInput(ProblemInitializer.java:325)
	at de.uka.ilkd.key.proof.init.ProblemInitializer.prepare(ProblemInitializer.java:449)
	at de.uka.ilkd.key.proof.io.AbstractProblemLoader.createInitConfig(AbstractProblemLoader.java:518)
	at de.uka.ilkd.key.proof.io.AbstractProblemLoader.loadEnvironment(AbstractProblemLoader.java:288)
	at de.uka.ilkd.key.proof.io.AbstractProblemLoader.load(AbstractProblemLoader.java:252)
	at de.uka.ilkd.key.control.AbstractUserInterfaceControl.load(AbstractUserInterfaceControl.java:209)
	... 7 more
Caused by: java.lang.RuntimeException: Could not find rule file rules/intRulesCheckedSemantics.key
	at de.uka.ilkd.key.proof.io.RuleSourceFactory.fromBuiltInRule(RuleSourceFactory.java:32)
	at de.uka.ilkd.key.proof.io.RuleSourceFactory.fromDefaultLocation(RuleSourceFactory.java:21)
	at de.uka.ilkd.key.nparser.builder.IncludeFinder.addInclude(IncludeFinder.java:63)
	at de.uka.ilkd.key.nparser.builder.IncludeFinder.visitOne_include(IncludeFinder.java:43)
	at de.uka.ilkd.key.nparser.builder.IncludeFinder.visitOne_include(IncludeFinder.java:20)
	at de.uka.ilkd.key.nparser.KeYParser$One_includeContext.accept(KeYParser.java:878)
	at de.uka.ilkd.key.nparser.builder.AbstractBuilder.lambda$mapOf$0(AbstractBuilder.java:112)
	at java.base/java.util.stream.ReferencePipeline$3$1.accept(ReferencePipeline.java:195)
	at java.base/java.util.ArrayList$ArrayListSpliterator.forEachRemaining(ArrayList.java:1655)
	at java.base/java.util.stream.AbstractPipeline.copyInto(AbstractPipeline.java:484)
	at java.base/java.util.stream.AbstractPipeline.wrapAndCopyInto(AbstractPipeline.java:474)
	at java.base/java.util.stream.ReduceOps$ReduceOp.evaluateSequential(ReduceOps.java:913)
	at java.base/java.util.stream.AbstractPipeline.evaluate(AbstractPipeline.java:234)
	at java.base/java.util.stream.ReferencePipeline.collect(ReferencePipeline.java:578)
	at de.uka.ilkd.key.nparser.builder.AbstractBuilder.mapOf(AbstractBuilder.java:112)
	at de.uka.ilkd.key.nparser.builder.IncludeFinder.visitOne_include_statement(IncludeFinder.java:35)
	at de.uka.ilkd.key.nparser.builder.IncludeFinder.visitOne_include_statement(IncludeFinder.java:20)
	at de.uka.ilkd.key.nparser.KeYParser$One_include_statementContext.accept(KeYParser.java:802)
	at org.antlr.v4.runtime.tree.AbstractParseTreeVisitor.visitChildren(AbstractParseTreeVisitor.java:46)
	at de.uka.ilkd.key.nparser.KeYParserBaseVisitor.visitDecls(KeYParserBaseVisitor.java:30)
	at de.uka.ilkd.key.nparser.KeYParser$DeclsContext.accept(KeYParser.java:500)
	at org.antlr.v4.runtime.tree.AbstractParseTreeVisitor.visitChildren(AbstractParseTreeVisitor.java:46)
	at de.uka.ilkd.key.nparser.KeYParserBaseVisitor.visitFile(KeYParserBaseVisitor.java:23)
	at de.uka.ilkd.key.nparser.KeYParser$FileContext.accept(KeYParser.java:306)
	at de.uka.ilkd.key.nparser.KeyAst.accept(KeyAst.java:41)
	at de.uka.ilkd.key.nparser.KeyAst$File.getIncludes(KeyAst.java:76)
	at de.uka.ilkd.key.proof.io.KeYFile.readIncludes(KeYFile.java:208)
	... 14 more
Exception in thread "main" org.opentest4j.AssertionFailedError: Exception during the execution of proofs. See log for more details.
	at org.junit.jupiter.api.AssertionUtils.fail(AssertionUtils.java:39)
	at org.junit.jupiter.api.Assertions.fail(Assertions.java:134)
	at de.uka.ilkd.key.proof.runallproofs.proofcollection.ForkedTestFileRunner.main(ForkedTestFileRunner.java:192)
Timeout watcher launched (2000 secs.)
Could not find rule file rules/intRulesCheckedSemantics.key (file: /home/runner/work/key/key/key.core/../key.ui/examples/index/.././standard_key/pred_log/count.key; caused by: de.uka.ilkd.key.proof.init.ProofInputException: Could not find rule file rules/intRulesCheckedSemantics.key)
	at de.uka.ilkd.key.control.AbstractUserInterfaceControl.load(AbstractUserInterfaceControl.java:221)
	at de.uka.ilkd.key.control.KeYEnvironment.load(KeYEnvironment.java:251)
	at de.uka.ilkd.key.control.KeYEnvironment.load(KeYEnvironment.java:224)
	at de.uka.ilkd.key.control.KeYEnvironment.load(KeYEnvironment.java:184)
	at de.uka.ilkd.key.control.KeYEnvironment.load(KeYEnvironment.java:261)
	at de.uka.ilkd.key.proof.runallproofs.proofcollection.TestFile.load(TestFile.java:270)
	at de.uka.ilkd.key.proof.runallproofs.proofcollection.TestFile.runKey(TestFile.java:160)
	at de.uka.ilkd.key.proof.runallproofs.proofcollection.ForkedTestFileRunner.main(ForkedTestFileRunner.java:171)
Caused by: de.uka.ilkd.key.proof.init.ProofInputException: Could not find rule file rules/intRulesCheckedSemantics.key
	at de.uka.ilkd.key.proof.io.KeYFile.readIncludes(KeYFile.java:210)
	at de.uka.ilkd.key.proof.init.ProblemInitializer.readIncludes(ProblemInitializer.java:177)
	at de.uka.ilkd.key.proof.init.ProblemInitializer.readEnvInput(ProblemInitializer.java:325)
	at de.uka.ilkd.key.proof.init.ProblemInitializer.prepare(ProblemInitializer.java:449)
	at de.uka.ilkd.key.proof.io.AbstractProblemLoader.createInitConfig(AbstractProblemLoader.java:518)
	at de.uka.ilkd.key.proof.io.AbstractProblemLoader.loadEnvironment(AbstractProblemLoader.java:288)
	at de.uka.ilkd.key.proof.io.AbstractProblemLoader.load(AbstractProblemLoader.java:252)
	at de.uka.ilkd.key.control.AbstractUserInterfaceControl.load(AbstractUserInterfaceControl.java:209)
	... 7 more
Caused by: java.lang.RuntimeException: Could not find rule file rules/intRulesCheckedSemantics.key
	at de.uka.ilkd.key.proof.io.RuleSourceFactory.fromBuiltInRule(RuleSourceFactory.java:32)
	at de.uka.ilkd.key.proof.io.RuleSourceFactory.fromDefaultLocation(RuleSourceFactory.java:21)
	at de.uka.ilkd.key.nparser.builder.IncludeFinder.addInclude(IncludeFinder.java:63)
	at de.uka.ilkd.key.nparser.builder.IncludeFinder.visitOne_include(IncludeFinder.java:43)
	at de.uka.ilkd.key.nparser.builder.IncludeFinder.visitOne_include(IncludeFinder.java:20)
	at de.uka.ilkd.key.nparser.KeYParser$One_includeContext.accept(KeYParser.java:878)
	at de.uka.ilkd.key.nparser.builder.AbstractBuilder.lambda$mapOf$0(AbstractBuilder.java:112)
	at java.base/java.util.stream.ReferencePipeline$3$1.accept(ReferencePipeline.java:195)
	at java.base/java.util.ArrayList$ArrayListSpliterator.forEachRemaining(ArrayList.java:1655)
	at java.base/java.util.stream.AbstractPipeline.copyInto(AbstractPipeline.java:484)
	at java.base/java.util.stream.AbstractPipeline.wrapAndCopyInto(AbstractPipeline.java:474)
	at java.base/java.util.stream.ReduceOps$ReduceOp.evaluateSequential(ReduceOps.java:913)
	at java.base/java.util.stream.AbstractPipeline.evaluate(AbstractPipeline.java:234)
	at java.base/java.util.stream.ReferencePipeline.collect(ReferencePipeline.java:578)
	at de.uka.ilkd.key.nparser.builder.AbstractBuilder.mapOf(AbstractBuilder.java:112)
	at de.uka.ilkd.key.nparser.builder.IncludeFinder.visitOne_include_statement(IncludeFinder.java:35)
	at de.uka.ilkd.key.nparser.builder.IncludeFinder.visitOne_include_statement(IncludeFinder.java:20)
	at de.uka.ilkd.key.nparser.KeYParser$One_include_statementContext.accept(KeYParser.java:802)
	at org.antlr.v4.runtime.tree.AbstractParseTreeVisitor.visitChildren(AbstractParseTreeVisitor.java:46)
	at de.uka.ilkd.key.nparser.KeYParserBaseVisitor.visitDecls(KeYParserBaseVisitor.java:30)
	at de.uka.ilkd.key.nparser.KeYParser$DeclsContext.accept(KeYParser.java:500)
	at org.antlr.v4.runtime.tree.AbstractParseTreeVisitor.visitChildren(AbstractParseTreeVisitor.java:46)
	at de.uka.ilkd.key.nparser.KeYParserBaseVisitor.visitFile(KeYParserBaseVisitor.java:23)
	at de.uka.ilkd.key.nparser.KeYParser$FileContext.accept(KeYParser.java:306)
	at de.uka.ilkd.key.nparser.KeyAst.accept(KeyAst.java:41)
	at de.uka.ilkd.key.nparser.KeyAst$File.getIncludes(KeyAst.java:76)
	at de.uka.ilkd.key.proof.io.KeYFile.readIncludes(KeYFile.java:208)
	... 14 more
Could not find rule file rules/intRulesCheckedSemantics.key (file: /home/runner/work/key/key/key.core/../key.ui/examples/index/.././standard_key/pred_log/count2.key; caused by: de.uka.ilkd.key.proof.init.ProofInputException: Could not find rule file rules/intRulesCheckedSemantics.key)
	at de.uka.ilkd.key.control.AbstractUserInterfaceControl.load(AbstractUserInterfaceControl.java:221)
	at de.uka.ilkd.key.control.KeYEnvironment.load(KeYEnvironment.java:251)
	at de.uka.ilkd.key.control.KeYEnvironment.load(KeYEnvironment.java:224)
	at de.uka.ilkd.key.control.KeYEnvironment.load(KeYEnvironment.java:184)
	at de.uka.ilkd.key.control.KeYEnvironment.load(KeYEnvironment.java:261)
	at de.uka.ilkd.key.proof.runallproofs.proofcollection.TestFile.load(TestFile.java:270)
	at de.uka.ilkd.key.proof.runallproofs.proofcollection.TestFile.runKey(TestFile.java:160)
	at de.uka.ilkd.key.proof.runallproofs.proofcollection.ForkedTestFileRunner.main(ForkedTestFileRunner.java:171)
Caused by: de.uka.ilkd.key.proof.init.ProofInputException: Could not find rule file rules/intRulesCheckedSemantics.key
	at de.uka.ilkd.key.proof.io.KeYFile.readIncludes(KeYFile.java:210)
	at de.uka.ilkd.key.proof.init.ProblemInitializer.readIncludes(ProblemInitializer.java:177)
	at de.uka.ilkd.key.proof.init.ProblemInitializer.readEnvInput(ProblemInitializer.java:325)
	at de.uka.ilkd.key.proof.init.ProblemInitializer.prepare(ProblemInitializer.java:449)
	at de.uka.ilkd.key.proof.io.AbstractProblemLoader.createInitConfig(AbstractProblemLoader.java:518)
	at de.uka.ilkd.key.proof.io.AbstractProblemLoader.loadEnvironment(AbstractProblemLoader.java:288)
	at de.uka.ilkd.key.proof.io.AbstractProblemLoader.load(AbstractProblemLoader.java:252)
	at de.uka.ilkd.key.control.AbstractUserInterfaceControl.load(AbstractUserInterfaceControl.java:209)
	... 7 more
Caused by: java.lang.RuntimeException: Could not find rule file rules/intRulesCheckedSemantics.key
	at de.uka.ilkd.key.proof.io.RuleSourceFactory.fromBuiltInRule(RuleSourceFactory.java:32)
	at de.uka.ilkd.key.proof.io.RuleSourceFactory.fromDefaultLocation(RuleSourceFactory.java:21)
	at de.uka.ilkd.key.nparser.builder.IncludeFinder.addInclude(IncludeFinder.java:63)
	at de.uka.ilkd.key.nparser.builder.IncludeFinder.visitOne_include(IncludeFinder.java:43)
	at de.uka.ilkd.key.nparser.builder.IncludeFinder.visitOne_include(IncludeFinder.java:20)
	at de.uka.ilkd.key.nparser.KeYParser$One_includeContext.accept(KeYParser.java:878)
	at de.uka.ilkd.key.nparser.builder.AbstractBuilder.lambda$mapOf$0(AbstractBuilder.java:112)
	at java.base/java.util.stream.ReferencePipeline$3$1.accept(ReferencePipeline.java:195)
	at java.base/java.util.ArrayList$ArrayListSpliterator.forEachRemaining(ArrayList.java:1655)
	at java.base/java.util.stream.AbstractPipeline.copyInto(AbstractPipeline.java:484)
	at java.base/java.util.stream.AbstractPipeline.wrapAndCopyInto(AbstractPipeline.java:474)
	at java.base/java.util.stream.ReduceOps$ReduceOp.evaluateSequential(ReduceOps.java:913)
	at java.base/java.util.stream.AbstractPipeline.evaluate(AbstractPipeline.java:234)
	at java.base/java.util.stream.ReferencePipeline.collect(ReferencePipeline.java:578)
	at de.uka.ilkd.key.nparser.builder.AbstractBuilder.mapOf(AbstractBuilder.java:112)
	at de.uka.ilkd.key.nparser.builder.IncludeFinder.visitOne_include_statement(IncludeFinder.java:35)
	at de.uka.ilkd.key.nparser.builder.IncludeFinder.visitOne_include_statement(IncludeFinder.java:20)
	at de.uka.ilkd.key.nparser.KeYParser$One_include_statementContext.accept(KeYParser.java:802)
	at org.antlr.v4.runtime.tree.AbstractParseTreeVisitor.visitChildren(AbstractParseTreeVisitor.java:46)
	at de.uka.ilkd.key.nparser.KeYParserBaseVisitor.visitDecls(KeYParserBaseVisitor.java:30)
	at de.uka.ilkd.key.nparser.KeYParser$DeclsContext.accept(KeYParser.java:500)
	at org.antlr.v4.runtime.tree.AbstractParseTreeVisitor.visitChildren(AbstractParseTreeVisitor.java:46)
	at de.uka.ilkd.key.nparser.KeYParserBaseVisitor.visitFile(KeYParserBaseVisitor.java:23)
	at de.uka.ilkd.key.nparser.KeYParser$FileContext.accept(KeYParser.java:306)
	at de.uka.ilkd.key.nparser.KeyAst.accept(KeyAst.java:41)
	at de.uka.ilkd.key.nparser.KeyAst$File.getIncludes(KeyAst.java:76)
	at de.uka.ilkd.key.proof.io.KeYFile.readIncludes(KeYFile.java:208)
	... 14 more
Could not find rule file rules/intRulesCheckedSemantics.key (file: /home/runner/work/key/key/key.core/../key.ui/examples/index/.././standard_key/pred_log/count3.key; caused by: de.uka.ilkd.key.proof.init.ProofInputException: Could not find rule file rules/intRulesCheckedSemantics.key)
	at de.uka.ilkd.key.control.AbstractUserInterfaceControl.load(AbstractUserInterfaceControl.java:221)
	at de.uka.ilkd.key.control.KeYEnvironment.load(KeYEnvironment.java:251)
	at de.uka.ilkd.key.control.KeYEnvironment.load(KeYEnvironment.java:224)
	at de.uka.ilkd.key.control.KeYEnvironment.load(KeYEnvironment.java:184)
	at de.uka.ilkd.key.control.KeYEnvironment.load(KeYEnvironment.java:261)
	at de.uka.ilkd.key.proof.runallproofs.proofcollection.TestFile.load(TestFile.java:270)
	at de.uka.ilkd.key.proof.runallproofs.proofcollection.TestFile.runKey(TestFile.java:160)
	at de.uka.ilkd.key.proof.runallproofs.proofcollection.ForkedTestFileRunner.main(ForkedTestFileRunner.java:171)
Caused by: de.uka.ilkd.key.proof.init.ProofInputException: Could not find rule file rules/intRulesCheckedSemantics.key
	at de.uka.ilkd.key.proof.io.KeYFile.readIncludes(KeYFile.java:210)
	at de.uka.ilkd.key.proof.init.ProblemInitializer.readIncludes(ProblemInitializer.java:177)
	at de.uka.ilkd.key.proof.init.ProblemInitializer.readEnvInput(ProblemInitializer.java:325)
	at de.uka.ilkd.key.proof.init.ProblemInitializer.prepare(ProblemInitializer.java:449)
	at de.uka.ilkd.key.proof.io.AbstractProblemLoader.createInitConfig(AbstractProblemLoader.java:518)
	at de.uka.ilkd.key.proof.io.AbstractProblemLoader.loadEnvironment(AbstractProblemLoader.java:288)
	at de.uka.ilkd.key.proof.io.AbstractProblemLoader.load(AbstractProblemLoader.java:252)
	at de.uka.ilkd.key.control.AbstractUserInterfaceControl.load(AbstractUserInterfaceControl.java:209)
	... 7 more
Caused by: java.lang.RuntimeException: Could not find rule file rules/intRulesCheckedSemantics.key
	at de.uka.ilkd.key.proof.io.RuleSourceFactory.fromBuiltInRule(RuleSourceFactory.java:32)
	at de.uka.ilkd.key.proof.io.RuleSourceFactory.fromDefaultLocation(RuleSourceFactory.java:21)
	at de.uka.ilkd.key.nparser.builder.IncludeFinder.addInclude(IncludeFinder.java:63)
	at de.uka.ilkd.key.nparser.builder.IncludeFinder.visitOne_include(IncludeFinder.java:43)
	at de.uka.ilkd.key.nparser.builder.IncludeFinder.visitOne_include(IncludeFinder.java:20)
	at de.uka.ilkd.key.nparser.KeYParser$One_includeContext.accept(KeYParser.java:878)
	at de.uka.ilkd.key.nparser.builder.AbstractBuilder.lambda$mapOf$0(AbstractBuilder.java:112)
	at java.base/java.util.stream.ReferencePipeline$3$1.accept(ReferencePipeline.java:195)
	at java.base/java.util.ArrayList$ArrayListSpliterator.forEachRemaining(ArrayList.java:1655)
	at java.base/java.util.stream.AbstractPipeline.copyInto(AbstractPipeline.java:484)
	at java.base/java.util.stream.AbstractPipeline.wrapAndCopyInto(AbstractPipeline.java:474)
	at java.base/java.util.stream.ReduceOps$ReduceOp.evaluateSequential(ReduceOps.java:913)
	at java.base/java.util.stream.AbstractPipeline.evaluate(AbstractPipeline.java:234)
	at java.base/java.util.stream.ReferencePipeline.collect(ReferencePipeline.java:578)
	at de.uka.ilkd.key.nparser.builder.AbstractBuilder.mapOf(AbstractBuilder.java:112)
	at de.uka.ilkd.key.nparser.builder.IncludeFinder.visitOne_include_statement(IncludeFinder.java:35)
	at de.uka.ilkd.key.nparser.builder.IncludeFinder.visitOne_include_statement(IncludeFinder.java:20)
	at de.uka.ilkd.key.nparser.KeYParser$One_include_statementContext.accept(KeYParser.java:802)
	at org.antlr.v4.runtime.tree.AbstractParseTreeVisitor.visitChildren(AbstractParseTreeVisitor.java:46)
	at de.uka.ilkd.key.nparser.KeYParserBaseVisitor.visitDecls(KeYParserBaseVisitor.java:30)
	at de.uka.ilkd.key.nparser.KeYParser$DeclsContext.accept(KeYParser.java:500)
	at org.antlr.v4.runtime.tree.AbstractParseTreeVisitor.visitChildren(AbstractParseTreeVisitor.java:46)
	at de.uka.ilkd.key.nparser.KeYParserBaseVisitor.visitFile(KeYParserBaseVisitor.java:23)
	at de.uka.ilkd.key.nparser.KeYParser$FileContext.accept(KeYParser.java:306)
	at de.uka.ilkd.key.nparser.KeyAst.accept(KeyAst.java:41)
	at de.uka.ilkd.key.nparser.KeyAst$File.getIncludes(KeyAst.java:76)
	at de.uka.ilkd.key.proof.io.KeYFile.readIncludes(KeYFile.java:208)
	... 14 more
Could not find rule file rules/intRulesCheckedSemantics.key (file: /home/runner/work/key/key/key.core/../key.ui/examples/index/.././standard_key/pred_log/equalities.key; caused by: de.uka.ilkd.key.proof.init.ProofInputException: Could not find rule file rules/intRulesCheckedSemantics.key)
	at de.uka.ilkd.key.control.AbstractUserInterfaceControl.load(AbstractUserInterfaceControl.java:221)
	at de.uka.ilkd.key.control.KeYEnvironment.load(KeYEnvironment.java:251)
	at de.uka.ilkd.key.control.KeYEnvironment.load(KeYEnvironment.java:224)
	at de.uka.ilkd.key.control.KeYEnvironment.load(KeYEnvironment.java:184)
	at de.uka.ilkd.key.control.KeYEnvironment.load(KeYEnvironment.java:261)
	at de.uka.ilkd.key.proof.runallproofs.proofcollection.TestFile.load(TestFile.java:270)
	at de.uka.ilkd.key.proof.runallproofs.proofcollection.TestFile.runKey(TestFile.java:160)
	at de.uka.ilkd.key.proof.runallproofs.proofcollection.ForkedTestFileRunner.main(ForkedTestFileRunner.java:171)
Caused by: de.uka.ilkd.key.proof.init.ProofInputException: Could not find rule file rules/intRulesCheckedSemantics.key
	at de.uka.ilkd.key.proof.io.KeYFile.readIncludes(KeYFile.java:210)
	at de.uka.ilkd.key.proof.init.ProblemInitializer.readIncludes(ProblemInitializer.java:177)
	at de.uka.ilkd.key.proof.init.ProblemInitializer.readEnvInput(ProblemInitializer.java:325)
	at de.uka.ilkd.key.proof.init.ProblemInitializer.prepare(ProblemInitializer.java:449)
	at de.uka.ilkd.key.proof.io.AbstractProblemLoader.createInitConfig(AbstractProblemLoader.java:518)
	at de.uka.ilkd.key.proof.io.AbstractProblemLoader.loadEnvironment(AbstractProblemLoader.java:288)
	at de.uka.ilkd.key.proof.io.AbstractProblemLoader.load(AbstractProblemLoader.java:252)
	at de.uka.ilkd.key.control.AbstractUserInterfaceControl.load(AbstractUserInterfaceControl.java:209)
	... 7 more
Caused by: java.lang.RuntimeException: Could not find rule file rules/intRulesCheckedSemantics.key
	at de.uka.ilkd.key.proof.io.RuleSourceFactory.fromBuiltInRule(RuleSourceFactory.java:32)
	at de.uka.ilkd.key.proof.io.RuleSourceFactory.fromDefaultLocation(RuleSourceFactory.java:21)
	at de.uka.ilkd.key.nparser.builder.IncludeFinder.addInclude(IncludeFinder.java:63)
	at de.uka.ilkd.key.nparser.builder.IncludeFinder.visitOne_include(IncludeFinder.java:43)
	at de.uka.ilkd.key.nparser.builder.IncludeFinder.visitOne_include(IncludeFinder.java:20)
	at de.uka.ilkd.key.nparser.KeYParser$One_includeContext.accept(KeYParser.java:878)
	at de.uka.ilkd.key.nparser.builder.AbstractBuilder.lambda$mapOf$0(AbstractBuilder.java:112)
	at java.base/java.util.stream.ReferencePipeline$3$1.accept(ReferencePipeline.java:195)
	at java.base/java.util.ArrayList$ArrayListSpliterator.forEachRemaining(ArrayList.java:1655)
	at java.base/java.util.stream.AbstractPipeline.copyInto(AbstractPipeline.java:484)
	at java.base/java.util.stream.AbstractPipeline.wrapAndCopyInto(AbstractPipeline.java:474)
	at java.base/java.util.stream.ReduceOps$ReduceOp.evaluateSequential(ReduceOps.java:913)
	at java.base/java.util.stream.AbstractPipeline.evaluate(AbstractPipeline.java:234)
	at java.base/java.util.stream.ReferencePipeline.collect(ReferencePipeline.java:578)
	at de.uka.ilkd.key.nparser.builder.AbstractBuilder.mapOf(AbstractBuilder.java:112)
	at de.uka.ilkd.key.nparser.builder.IncludeFinder.visitOne_include_statement(IncludeFinder.java:35)
	at de.uka.ilkd.key.nparser.builder.IncludeFinder.visitOne_include_statement(IncludeFinder.java:20)
	at de.uka.ilkd.key.nparser.KeYParser$One_include_statementContext.accept(KeYParser.java:802)
	at org.antlr.v4.runtime.tree.AbstractParseTreeVisitor.visitChildren(AbstractParseTreeVisitor.java:46)
	at de.uka.ilkd.key.nparser.KeYParserBaseVisitor.visitDecls(KeYParserBaseVisitor.java:30)
	at de.uka.ilkd.key.nparser.KeYParser$DeclsContext.accept(KeYParser.java:500)
	at org.antlr.v4.runtime.tree.AbstractParseTreeVisitor.visitChildren(AbstractParseTreeVisitor.java:46)
	at de.uka.ilkd.key.nparser.KeYParserBaseVisitor.visitFile(KeYParserBaseVisitor.java:23)
	at de.uka.ilkd.key.nparser.KeYParser$FileContext.accept(KeYParser.java:306)
	at de.uka.ilkd.key.nparser.KeyAst.accept(KeyAst.java:41)
	at de.uka.ilkd.key.nparser.KeyAst$File.getIncludes(KeyAst.java:76)
	at de.uka.ilkd.key.proof.io.KeYFile.readIncludes(KeYFile.java:208)
	... 14 more
Could not find rule file rules/intRulesCheckedSemantics.key (file: /home/runner/work/key/key/key.core/../key.ui/examples/index/.././standard_key/pred_log/equalities2.key; caused by: de.uka.ilkd.key.proof.init.ProofInputException: Could not find rule file rules/intRulesCheckedSemantics.key)
	at de.uka.ilkd.key.control.AbstractUserInterfaceControl.load(AbstractUserInterfaceControl.java:221)
	at de.uka.ilkd.key.control.KeYEnvironment.load(KeYEnvironment.java:251)
	at de.uka.ilkd.key.control.KeYEnvironment.load(KeYEnvironment.java:224)
	at de.uka.ilkd.key.control.KeYEnvironment.load(KeYEnvironment.java:184)
	at de.uka.ilkd.key.control.KeYEnvironment.load(KeYEnvironment.java:261)
	at de.uka.ilkd.key.proof.runallproofs.proofcollection.TestFile.load(TestFile.java:270)
	at de.uka.ilkd.key.proof.runallproofs.proofcollection.TestFile.runKey(TestFile.java:160)
	at de.uka.ilkd.key.proof.runallproofs.proofcollection.ForkedTestFileRunner.main(ForkedTestFileRunner.java:171)
Caused by: de.uka.ilkd.key.proof.init.ProofInputException: Could not find rule file rules/intRulesCheckedSemantics.key
	at de.uka.ilkd.key.proof.io.KeYFile.readIncludes(KeYFile.java:210)
	at de.uka.ilkd.key.proof.init.ProblemInitializer.readIncludes(ProblemInitializer.java:177)
	at de.uka.ilkd.key.proof.init.ProblemInitializer.readEnvInput(ProblemInitializer.java:325)
	at de.uka.ilkd.key.proof.init.ProblemInitializer.prepare(ProblemInitializer.java:449)
	at de.uka.ilkd.key.proof.io.AbstractProblemLoader.createInitConfig(AbstractProblemLoader.java:518)
	at de.uka.ilkd.key.proof.io.AbstractProblemLoader.loadEnvironment(AbstractProblemLoader.java:288)
	at de.uka.ilkd.key.proof.io.AbstractProblemLoader.load(AbstractProblemLoader.java:252)
	at de.uka.ilkd.key.control.AbstractUserInterfaceControl.load(AbstractUserInterfaceControl.java:209)
	... 7 more
Caused by: java.lang.RuntimeException: Could not find rule file rules/intRulesCheckedSemantics.key
	at de.uka.ilkd.key.proof.io.RuleSourceFactory.fromBuiltInRule(RuleSourceFactory.java:32)
	at de.uka.ilkd.key.proof.io.RuleSourceFactory.fromDefaultLocation(RuleSourceFactory.java:21)
	at de.uka.ilkd.key.nparser.builder.IncludeFinder.addInclude(IncludeFinder.java:63)
	at de.uka.ilkd.key.nparser.builder.IncludeFinder.visitOne_include(IncludeFinder.java:43)
	at de.uka.ilkd.key.nparser.builder.IncludeFinder.visitOne_include(IncludeFinder.java:20)
	at de.uka.ilkd.key.nparser.KeYParser$One_includeContext.accept(KeYParser.java:878)
	at de.uka.ilkd.key.nparser.builder.AbstractBuilder.lambda$mapOf$0(AbstractBuilder.java:112)
	at java.base/java.util.stream.ReferencePipeline$3$1.accept(ReferencePipeline.java:195)
	at java.base/java.util.ArrayList$ArrayListSpliterator.forEachRemaining(ArrayList.java:1655)
	at java.base/java.util.stream.AbstractPipeline.copyInto(AbstractPipeline.java:484)
	at java.base/java.util.stream.AbstractPipeline.wrapAndCopyInto(AbstractPipeline.java:474)
	at java.base/java.util.stream.ReduceOps$ReduceOp.evaluateSequential(ReduceOps.java:913)
	at java.base/java.util.stream.AbstractPipeline.evaluate(AbstractPipeline.java:234)
	at java.base/java.util.stream.ReferencePipeline.collect(ReferencePipeline.java:578)
	at de.uka.ilkd.key.nparser.builder.AbstractBuilder.mapOf(AbstractBuilder.java:112)
	at de.uka.ilkd.key.nparser.builder.IncludeFinder.visitOne_include_statement(IncludeFinder.java:35)
	at de.uka.ilkd.key.nparser.builder.IncludeFinder.visitOne_include_statement(IncludeFinder.java:20)
	at de.uka.ilkd.key.nparser.KeYParser$One_include_statementContext.accept(KeYParser.java:802)
	at org.antlr.v4.runtime.tree.AbstractParseTreeVisitor.visitChildren(AbstractParseTreeVisitor.java:46)
	at de.uka.ilkd.key.nparser.KeYParserBaseVisitor.visitDecls(KeYParserBaseVisitor.java:30)
	at de.uka.ilkd.key.nparser.KeYParser$DeclsContext.accept(KeYParser.java:500)
	at org.antlr.v4.runtime.tree.AbstractParseTreeVisitor.visitChildren(AbstractParseTreeVisitor.java:46)
	at de.uka.ilkd.key.nparser.KeYParserBaseVisitor.visitFile(KeYParserBaseVisitor.java:23)
	at de.uka.ilkd.key.nparser.KeYParser$FileContext.accept(KeYParser.java:306)
	at de.uka.ilkd.key.nparser.KeyAst.accept(KeyAst.java:41)
	at de.uka.ilkd.key.nparser.KeyAst$File.getIncludes(KeyAst.java:76)
	at de.uka.ilkd.key.proof.io.KeYFile.readIncludes(KeYFile.java:208)
	... 14 more
Could not find rule file rules/intRulesCheckedSemantics.key (file: /home/runner/work/key/key/key.core/../key.ui/examples/index/.././standard_key/pred_log/equalities3.key; caused by: de.uka.ilkd.key.proof.init.ProofInputException: Could not find rule file rules/intRulesCheckedSemantics.key)
	at de.uka.ilkd.key.control.AbstractUserInterfaceControl.load(AbstractUserInterfaceControl.java:221)
	at de.uka.ilkd.key.control.KeYEnvironment.load(KeYEnvironment.java:251)
	at de.uka.ilkd.key.control.KeYEnvironment.load(KeYEnvironment.java:224)
	at de.uka.ilkd.key.control.KeYEnvironment.load(KeYEnvironment.java:184)
	at de.uka.ilkd.key.control.KeYEnvironment.load(KeYEnvironment.java:261)
	at de.uka.ilkd.key.proof.runallproofs.proofcollection.TestFile.load(TestFile.java:270)
	at de.uka.ilkd.key.proof.runallproofs.proofcollection.TestFile.runKey(TestFile.java:160)
	at de.uka.ilkd.key.proof.runallproofs.proofcollection.ForkedTestFileRunner.main(ForkedTestFileRunner.java:171)
Caused by: de.uka.ilkd.key.proof.init.ProofInputException: Could not find rule file rules/intRulesCheckedSemantics.key
	at de.uka.ilkd.key.proof.io.KeYFile.readIncludes(KeYFile.java:210)
	at de.uka.ilkd.key.proof.init.ProblemInitializer.readIncludes(ProblemInitializer.java:177)
	at de.uka.ilkd.key.proof.init.ProblemInitializer.readEnvInput(ProblemInitializer.java:325)
	at de.uka.ilkd.key.proof.init.ProblemInitializer.prepare(ProblemInitializer.java:449)
	at de.uka.ilkd.key.proof.io.AbstractProblemLoader.createInitConfig(AbstractProblemLoader.java:518)
	at de.uka.ilkd.key.proof.io.AbstractProblemLoader.loadEnvironment(AbstractProblemLoader.java:288)
	at de.uka.ilkd.key.proof.io.AbstractProblemLoader.load(AbstractProblemLoader.java:252)
	at de.uka.ilkd.key.control.AbstractUserInterfaceControl.load(AbstractUserInterfaceControl.java:209)
	... 7 more
Caused by: java.lang.RuntimeException: Could not find rule file rules/intRulesCheckedSemantics.key
	at de.uka.ilkd.key.proof.io.RuleSourceFactory.fromBuiltInRule(RuleSourceFactory.java:32)
	at de.uka.ilkd.key.proof.io.RuleSourceFactory.fromDefaultLocation(RuleSourceFactory.java:21)
	at de.uka.ilkd.key.nparser.builder.IncludeFinder.addInclude(IncludeFinder.java:63)
	at de.uka.ilkd.key.nparser.builder.IncludeFinder.visitOne_include(IncludeFinder.java:43)
	at de.uka.ilkd.key.nparser.builder.IncludeFinder.visitOne_include(IncludeFinder.java:20)
	at de.uka.ilkd.key.nparser.KeYParser$One_includeContext.accept(KeYParser.java:878)
	at de.uka.ilkd.key.nparser.builder.AbstractBuilder.lambda$mapOf$0(AbstractBuilder.java:112)
	at java.base/java.util.stream.ReferencePipeline$3$1.accept(ReferencePipeline.java:195)
	at java.base/java.util.ArrayList$ArrayListSpliterator.forEachRemaining(ArrayList.java:1655)
	at java.base/java.util.stream.AbstractPipeline.copyInto(AbstractPipeline.java:484)
	at java.base/java.util.stream.AbstractPipeline.wrapAndCopyInto(AbstractPipeline.java:474)
	at java.base/java.util.stream.ReduceOps$ReduceOp.evaluateSequential(ReduceOps.java:913)
	at java.base/java.util.stream.AbstractPipeline.evaluate(AbstractPipeline.java:234)
	at java.base/java.util.stream.ReferencePipeline.collect(ReferencePipeline.java:578)
	at de.uka.ilkd.key.nparser.builder.AbstractBuilder.mapOf(AbstractBuilder.java:112)
	at de.uka.ilkd.key.nparser.builder.IncludeFinder.visitOne_include_statement(IncludeFinder.java:35)
	at de.uka.ilkd.key.nparser.builder.IncludeFinder.visitOne_include_statement(IncludeFinder.java:20)
	at de.uka.ilkd.key.nparser.KeYParser$One_include_statementContext.accept(KeYParser.java:802)
	at org.antlr.v4.runtime.tree.AbstractParseTreeVisitor.visitChildren(AbstractParseTreeVisitor.java:46)
	at de.uka.ilkd.key.nparser.KeYParserBaseVisitor.visitDecls(KeYParserBaseVisitor.java:30)
	at de.uka.ilkd.key.nparser.KeYParser$DeclsContext.accept(KeYParser.java:500)
	at org.antlr.v4.runtime.tree.AbstractParseTreeVisitor.visitChildren(AbstractParseTreeVisitor.java:46)
	at de.uka.ilkd.key.nparser.KeYParserBaseVisitor.visitFile(KeYParserBaseVisitor.java:23)
	at de.uka.ilkd.key.nparser.KeYParser$FileContext.accept(KeYParser.java:306)
	at de.uka.ilkd.key.nparser.KeyAst.accept(KeyAst.java:41)
	at de.uka.ilkd.key.nparser.KeyAst$File.getIncludes(KeyAst.java:76)
	at de.uka.ilkd.key.proof.io.KeYFile.readIncludes(KeYFile.java:208)
	... 14 more
Could not find rule file rules/intRulesCheckedSemantics.key (file: /home/runner/work/key/key/key.core/../key.ui/examples/index/.././standard_key/pred_log/functions.key; caused by: de.uka.ilkd.key.proof.init.ProofInputException: Could not find rule file rules/intRulesCheckedSemantics.key)
	at de.uka.ilkd.key.control.AbstractUserInterfaceControl.load(AbstractUserInterfaceControl.java:221)
	at de.uka.ilkd.key.control.KeYEnvironment.load(KeYEnvironment.java:251)
	at de.uka.ilkd.key.control.KeYEnvironment.load(KeYEnvironment.java:224)
	at de.uka.ilkd.key.control.KeYEnvironment.load(KeYEnvironment.java:184)
	at de.uka.ilkd.key.control.KeYEnvironment.load(KeYEnvironment.java:261)
	at de.uka.ilkd.key.proof.runallproofs.proofcollection.TestFile.load(TestFile.java:270)
	at de.uka.ilkd.key.proof.runallproofs.proofcollection.TestFile.runKey(TestFile.java:160)
	at de.uka.ilkd.key.proof.runallproofs.proofcollection.ForkedTestFileRunner.main(ForkedTestFileRunner.java:171)
Caused by: de.uka.ilkd.key.proof.init.ProofInputException: Could not find rule file rules/intRulesCheckedSemantics.key
	at de.uka.ilkd.key.proof.io.KeYFile.readIncludes(KeYFile.java:210)
	at de.uka.ilkd.key.proof.init.ProblemInitializer.readIncludes(ProblemInitializer.java:177)
	at de.uka.ilkd.key.proof.init.ProblemInitializer.readEnvInput(ProblemInitializer.java:325)
	at de.uka.ilkd.key.proof.init.ProblemInitializer.prepare(ProblemInitializer.java:449)
	at de.uka.ilkd.key.proof.io.AbstractProblemLoader.createInitConfig(AbstractProblemLoader.java:518)
	at de.uka.ilkd.key.proof.io.AbstractProblemLoader.loadEnvironment(AbstractProblemLoader.java:288)
	at de.uka.ilkd.key.proof.io.AbstractProblemLoader.load(AbstractProblemLoader.java:252)
	at de.uka.ilkd.key.control.AbstractUserInterfaceControl.load(AbstractUserInterfaceControl.java:209)
	... 7 more
Caused by: java.lang.RuntimeException: Could not find rule file rules/intRulesCheckedSemantics.key
	at de.uka.ilkd.key.proof.io.RuleSourceFactory.fromBuiltInRule(RuleSourceFactory.java:32)
	at de.uka.ilkd.key.proof.io.RuleSourceFactory.fromDefaultLocation(RuleSourceFactory.java:21)
	at de.uka.ilkd.key.nparser.builder.IncludeFinder.addInclude(IncludeFinder.java:63)
	at de.uka.ilkd.key.nparser.builder.IncludeFinder.visitOne_include(IncludeFinder.java:43)
	at de.uka.ilkd.key.nparser.builder.IncludeFinder.visitOne_include(IncludeFinder.java:20)
	at de.uka.ilkd.key.nparser.KeYParser$One_includeContext.accept(KeYParser.java:878)
	at de.uka.ilkd.key.nparser.builder.AbstractBuilder.lambda$mapOf$0(AbstractBuilder.java:112)
	at java.base/java.util.stream.ReferencePipeline$3$1.accept(ReferencePipeline.java:195)
	at java.base/java.util.ArrayList$ArrayListSpliterator.forEachRemaining(ArrayList.java:1655)
	at java.base/java.util.stream.AbstractPipeline.copyInto(AbstractPipeline.java:484)
	at java.base/java.util.stream.AbstractPipeline.wrapAndCopyInto(AbstractPipeline.java:474)
	at java.base/java.util.stream.ReduceOps$ReduceOp.evaluateSequential(ReduceOps.java:913)
	at java.base/java.util.stream.AbstractPipeline.evaluate(AbstractPipeline.java:234)
	at java.base/java.util.stream.ReferencePipeline.collect(ReferencePipeline.java:578)
	at de.uka.ilkd.key.nparser.builder.AbstractBuilder.mapOf(AbstractBuilder.java:112)
	at de.uka.ilkd.key.nparser.builder.IncludeFinder.visitOne_include_statement(IncludeFinder.java:35)
	at de.uka.ilkd.key.nparser.builder.IncludeFinder.visitOne_include_statement(IncludeFinder.java:20)
	at de.uka.ilkd.key.nparser.KeYParser$One_include_statementContext.accept(KeYParser.java:802)
	at org.antlr.v4.runtime.tree.AbstractParseTreeVisitor.visitChildren(AbstractParseTreeVisitor.java:46)
	at de.uka.ilkd.key.nparser.KeYParserBaseVisitor.visitDecls(KeYParserBaseVisitor.java:30)
	at de.uka.ilkd.key.nparser.KeYParser$DeclsContext.accept(KeYParser.java:500)
	at org.antlr.v4.runtime.tree.AbstractParseTreeVisitor.visitChildren(AbstractParseTreeVisitor.java:46)
	at de.uka.ilkd.key.nparser.KeYParserBaseVisitor.visitFile(KeYParserBaseVisitor.java:23)
	at de.uka.ilkd.key.nparser.KeYParser$FileContext.accept(KeYParser.java:306)
	at de.uka.ilkd.key.nparser.KeyAst.accept(KeyAst.java:41)
	at de.uka.ilkd.key.nparser.KeyAst$File.getIncludes(KeyAst.java:76)
	at de.uka.ilkd.key.proof.io.KeYFile.readIncludes(KeYFile.java:208)
	... 14 more
Could not find rule file rules/intRulesCheckedSemantics.key (file: /home/runner/work/key/key/key.core/../key.ui/examples/index/.././standard_key/pred_log/mv1.key; caused by: de.uka.ilkd.key.proof.init.ProofInputException: Could not find rule file rules/intRulesCheckedSemantics.key)
	at de.uka.ilkd.key.control.AbstractUserInterfaceControl.load(AbstractUserInterfaceControl.java:221)
	at de.uka.ilkd.key.control.KeYEnvironment.load(KeYEnvironment.java:251)
	at de.uka.ilkd.key.control.KeYEnvironment.load(KeYEnvironment.java:224)
	at de.uka.ilkd.key.control.KeYEnvironment.load(KeYEnvironment.java:184)
	at de.uka.ilkd.key.control.KeYEnvironment.load(KeYEnvironment.java:261)
	at de.uka.ilkd.key.proof.runallproofs.proofcollection.TestFile.load(TestFile.java:270)
	at de.uka.ilkd.key.proof.runallproofs.proofcollection.TestFile.runKey(TestFile.java:160)
	at de.uka.ilkd.key.proof.runallproofs.proofcollection.ForkedTestFileRunner.main(ForkedTestFileRunner.java:171)
Caused by: de.uka.ilkd.key.proof.init.ProofInputException: Could not find rule file rules/intRulesCheckedSemantics.key
	at de.uka.ilkd.key.proof.io.KeYFile.readIncludes(KeYFile.java:210)
	at de.uka.ilkd.key.proof.init.ProblemInitializer.readIncludes(ProblemInitializer.java:177)
	at de.uka.ilkd.key.proof.init.ProblemInitializer.readEnvInput(ProblemInitializer.java:325)
	at de.uka.ilkd.key.proof.init.ProblemInitializer.prepare(ProblemInitializer.java:449)
	at de.uka.ilkd.key.proof.io.AbstractProblemLoader.createInitConfig(AbstractProblemLoader.java:518)
	at de.uka.ilkd.key.proof.io.AbstractProblemLoader.loadEnvironment(AbstractProblemLoader.java:288)
	at de.uka.ilkd.key.proof.io.AbstractProblemLoader.load(AbstractProblemLoader.java:252)
	at de.uka.ilkd.key.control.AbstractUserInterfaceControl.load(AbstractUserInterfaceControl.java:209)
	... 7 more
Caused by: java.lang.RuntimeException: Could not find rule file rules/intRulesCheckedSemantics.key
	at de.uka.ilkd.key.proof.io.RuleSourceFactory.fromBuiltInRule(RuleSourceFactory.java:32)
	at de.uka.ilkd.key.proof.io.RuleSourceFactory.fromDefaultLocation(RuleSourceFactory.java:21)
	at de.uka.ilkd.key.nparser.builder.IncludeFinder.addInclude(IncludeFinder.java:63)
	at de.uka.ilkd.key.nparser.builder.IncludeFinder.visitOne_include(IncludeFinder.java:43)
	at de.uka.ilkd.key.nparser.builder.IncludeFinder.visitOne_include(IncludeFinder.java:20)
	at de.uka.ilkd.key.nparser.KeYParser$One_includeContext.accept(KeYParser.java:878)
	at de.uka.ilkd.key.nparser.builder.AbstractBuilder.lambda$mapOf$0(AbstractBuilder.java:112)
	at java.base/java.util.stream.ReferencePipeline$3$1.accept(ReferencePipeline.java:195)
	at java.base/java.util.ArrayList$ArrayListSpliterator.forEachRemaining(ArrayList.java:1655)
	at java.base/java.util.stream.AbstractPipeline.copyInto(AbstractPipeline.java:484)
	at java.base/java.util.stream.AbstractPipeline.wrapAndCopyInto(AbstractPipeline.java:474)
	at java.base/java.util.stream.ReduceOps$ReduceOp.evaluateSequential(ReduceOps.java:913)
	at java.base/java.util.stream.AbstractPipeline.evaluate(AbstractPipeline.java:234)
	at java.base/java.util.stream.ReferencePipeline.collect(ReferencePipeline.java:578)
	at de.uka.ilkd.key.nparser.builder.AbstractBuilder.mapOf(AbstractBuilder.java:112)
	at de.uka.ilkd.key.nparser.builder.IncludeFinder.visitOne_include_statement(IncludeFinder.java:35)
	at de.uka.ilkd.key.nparser.builder.IncludeFinder.visitOne_include_statement(IncludeFinder.java:20)
	at de.uka.ilkd.key.nparser.KeYParser$One_include_statementContext.accept(KeYParser.java:802)
	at org.antlr.v4.runtime.tree.AbstractParseTreeVisitor.visitChildren(AbstractParseTreeVisitor.java:46)
	at de.uka.ilkd.key.nparser.KeYParserBaseVisitor.visitDecls(KeYParserBaseVisitor.java:30)
	at de.uka.ilkd.key.nparser.KeYParser$DeclsContext.accept(KeYParser.java:500)
	at org.antlr.v4.runtime.tree.AbstractParseTreeVisitor.visitChildren(AbstractParseTreeVisitor.java:46)
	at de.uka.ilkd.key.nparser.KeYParserBaseVisitor.visitFile(KeYParserBaseVisitor.java:23)
	at de.uka.ilkd.key.nparser.KeYParser$FileContext.accept(KeYParser.java:306)
	at de.uka.ilkd.key.nparser.KeyAst.accept(KeyAst.java:41)
	at de.uka.ilkd.key.nparser.KeyAst$File.getIncludes(KeyAst.java:76)
	at de.uka.ilkd.key.proof.io.KeYFile.readIncludes(KeYFile.java:208)
	... 14 more
Could not find rule file rules/intRulesCheckedSemantics.key (file: /home/runner/work/key/key/key.core/../key.ui/examples/index/.././standard_key/pred_log/mv2.key; caused by: de.uka.ilkd.key.proof.init.ProofInputException: Could not find rule file rules/intRulesCheckedSemantics.key)
	at de.uka.ilkd.key.control.AbstractUserInterfaceControl.load(AbstractUserInterfaceControl.java:221)
	at de.uka.ilkd.key.control.KeYEnvironment.load(KeYEnvironment.java:251)
	at de.uka.ilkd.key.control.KeYEnvironment.load(KeYEnvironment.java:224)
	at de.uka.ilkd.key.control.KeYEnvironment.load(KeYEnvironment.java:184)
	at de.uka.ilkd.key.control.KeYEnvironment.load(KeYEnvironment.java:261)
	at de.uka.ilkd.key.proof.runallproofs.proofcollection.TestFile.load(TestFile.java:270)
	at de.uka.ilkd.key.proof.runallproofs.proofcollection.TestFile.runKey(TestFile.java:160)
	at de.uka.ilkd.key.proof.runallproofs.proofcollection.ForkedTestFileRunner.main(ForkedTestFileRunner.java:171)
Caused by: de.uka.ilkd.key.proof.init.ProofInputException: Could not find rule file rules/intRulesCheckedSemantics.key
	at de.uka.ilkd.key.proof.io.KeYFile.readIncludes(KeYFile.java:210)
	at de.uka.ilkd.key.proof.init.ProblemInitializer.readIncludes(ProblemInitializer.java:177)
	at de.uka.ilkd.key.proof.init.ProblemInitializer.readEnvInput(ProblemInitializer.java:325)
	at de.uka.ilkd.key.proof.init.ProblemInitializer.prepare(ProblemInitializer.java:449)
	at de.uka.ilkd.key.proof.io.AbstractProblemLoader.createInitConfig(AbstractProblemLoader.java:518)
	at de.uka.ilkd.key.proof.io.AbstractProblemLoader.loadEnvironment(AbstractProblemLoader.java:288)
	at de.uka.ilkd.key.proof.io.AbstractProblemLoader.load(AbstractProblemLoader.java:252)
	at de.uka.ilkd.key.control.AbstractUserInterfaceControl.load(AbstractUserInterfaceControl.java:209)
	... 7 more
Caused by: java.lang.RuntimeException: Could not find rule file rules/intRulesCheckedSemantics.key
	at de.uka.ilkd.key.proof.io.RuleSourceFactory.fromBuiltInRule(RuleSourceFactory.java:32)
	at de.uka.ilkd.key.proof.io.RuleSourceFactory.fromDefaultLocation(RuleSourceFactory.java:21)
	at de.uka.ilkd.key.nparser.builder.IncludeFinder.addInclude(IncludeFinder.java:63)
	at de.uka.ilkd.key.nparser.builder.IncludeFinder.visitOne_include(IncludeFinder.java:43)
	at de.uka.ilkd.key.nparser.builder.IncludeFinder.visitOne_include(IncludeFinder.java:20)
	at de.uka.ilkd.key.nparser.KeYParser$One_includeContext.accept(KeYParser.java:878)
	at de.uka.ilkd.key.nparser.builder.AbstractBuilder.lambda$mapOf$0(AbstractBuilder.java:112)
	at java.base/java.util.stream.ReferencePipeline$3$1.accept(ReferencePipeline.java:195)
	at java.base/java.util.ArrayList$ArrayListSpliterator.forEachRemaining(ArrayList.java:1655)
	at java.base/java.util.stream.AbstractPipeline.copyInto(AbstractPipeline.java:484)
	at java.base/java.util.stream.AbstractPipeline.wrapAndCopyInto(AbstractPipeline.java:474)
	at java.base/java.util.stream.ReduceOps$ReduceOp.evaluateSequential(ReduceOps.java:913)
	at java.base/java.util.stream.AbstractPipeline.evaluate(AbstractPipeline.java:234)
	at java.base/java.util.stream.ReferencePipeline.collect(ReferencePipeline.java:578)
	at de.uka.ilkd.key.nparser.builder.AbstractBuilder.mapOf(AbstractBuilder.java:112)
	at de.uka.ilkd.key.nparser.builder.IncludeFinder.visitOne_include_statement(IncludeFinder.java:35)
	at de.uka.ilkd.key.nparser.builder.IncludeFinder.visitOne_include_statement(IncludeFinder.java:20)
	at de.uka.ilkd.key.nparser.KeYParser$One_include_statementContext.accept(KeYParser.java:802)
	at org.antlr.v4.runtime.tree.AbstractParseTreeVisitor.visitChildren(AbstractParseTreeVisitor.java:46)
	at de.uka.ilkd.key.nparser.KeYParserBaseVisitor.visitDecls(KeYParserBaseVisitor.java:30)
	at de.uka.ilkd.key.nparser.KeYParser$DeclsContext.accept(KeYParser.java:500)
	at org.antlr.v4.runtime.tree.AbstractParseTreeVisitor.visitChildren(AbstractParseTreeVisitor.java:46)
	at de.uka.ilkd.key.nparser.KeYParserBaseVisitor.visitFile(KeYParserBaseVisitor.java:23)
	at de.uka.ilkd.key.nparser.KeYParser$FileContext.accept(KeYParser.java:306)
	at de.uka.ilkd.key.nparser.KeyAst.accept(KeyAst.java:41)
	at de.uka.ilkd.key.nparser.KeyAst$File.getIncludes(KeyAst.java:76)
	at de.uka.ilkd.key.proof.io.KeYFile.readIncludes(KeYFile.java:208)
	... 14 more
Could not find rule file rules/intRulesCheckedSemantics.key (file: /home/runner/work/key/key/key.core/../key.ui/examples/index/.././standard_key/pred_log/quantifiers.key; caused by: de.uka.ilkd.key.proof.init.ProofInputException: Could not find rule file rules/intRulesCheckedSemantics.key)
	at de.uka.ilkd.key.control.AbstractUserInterfaceControl.load(AbstractUserInterfaceControl.java:221)
	at de.uka.ilkd.key.control.KeYEnvironment.load(KeYEnvironment.java:251)
	at de.uka.ilkd.key.control.KeYEnvironment.load(KeYEnvironment.java:224)
	at de.uka.ilkd.key.control.KeYEnvironment.load(KeYEnvironment.java:184)
	at de.uka.ilkd.key.control.KeYEnvironment.load(KeYEnvironment.java:261)
	at de.uka.ilkd.key.proof.runallproofs.proofcollection.TestFile.load(TestFile.java:270)
	at de.uka.ilkd.key.proof.runallproofs.proofcollection.TestFile.runKey(TestFile.java:160)
	at de.uka.ilkd.key.proof.runallproofs.proofcollection.ForkedTestFileRunner.main(ForkedTestFileRunner.java:171)
Caused by: de.uka.ilkd.key.proof.init.ProofInputException: Could not find rule file rules/intRulesCheckedSemantics.key
	at de.uka.ilkd.key.proof.io.KeYFile.readIncludes(KeYFile.java:210)
	at de.uka.ilkd.key.proof.init.ProblemInitializer.readIncludes(ProblemInitializer.java:177)
	at de.uka.ilkd.key.proof.init.ProblemInitializer.readEnvInput(ProblemInitializer.java:325)
	at de.uka.ilkd.key.proof.init.ProblemInitializer.prepare(ProblemInitializer.java:449)
	at de.uka.ilkd.key.proof.io.AbstractProblemLoader.createInitConfig(AbstractProblemLoader.java:518)
	at de.uka.ilkd.key.proof.io.AbstractProblemLoader.loadEnvironment(AbstractProblemLoader.java:288)
	at de.uka.ilkd.key.proof.io.AbstractProblemLoader.load(AbstractProblemLoader.java:252)
	at de.uka.ilkd.key.control.AbstractUserInterfaceControl.load(AbstractUserInterfaceControl.java:209)
	... 7 more
Caused by: java.lang.RuntimeException: Could not find rule file rules/intRulesCheckedSemantics.key
	at de.uka.ilkd.key.proof.io.RuleSourceFactory.fromBuiltInRule(RuleSourceFactory.java:32)
	at de.uka.ilkd.key.proof.io.RuleSourceFactory.fromDefaultLocation(RuleSourceFactory.java:21)
	at de.uka.ilkd.key.nparser.builder.IncludeFinder.addInclude(IncludeFinder.java:63)
	at de.uka.ilkd.key.nparser.builder.IncludeFinder.visitOne_include(IncludeFinder.java:43)
	at de.uka.ilkd.key.nparser.builder.IncludeFinder.visitOne_include(IncludeFinder.java:20)
	at de.uka.ilkd.key.nparser.KeYParser$One_includeContext.accept(KeYParser.java:878)
	at de.uka.ilkd.key.nparser.builder.AbstractBuilder.lambda$mapOf$0(AbstractBuilder.java:112)
	at java.base/java.util.stream.ReferencePipeline$3$1.accept(ReferencePipeline.java:195)
	at java.base/java.util.ArrayList$ArrayListSpliterator.forEachRemaining(ArrayList.java:1655)
	at java.base/java.util.stream.AbstractPipeline.copyInto(AbstractPipeline.java:484)
	at java.base/java.util.stream.AbstractPipeline.wrapAndCopyInto(AbstractPipeline.java:474)
	at java.base/java.util.stream.ReduceOps$ReduceOp.evaluateSequential(ReduceOps.java:913)
	at java.base/java.util.stream.AbstractPipeline.evaluate(AbstractPipeline.java:234)
	at java.base/java.util.stream.ReferencePipeline.collect(ReferencePipeline.java:578)
	at de.uka.ilkd.key.nparser.builder.AbstractBuilder.mapOf(AbstractBuilder.java:112)
	at de.uka.ilkd.key.nparser.builder.IncludeFinder.visitOne_include_statement(IncludeFinder.java:35)
	at de.uka.ilkd.key.nparser.builder.IncludeFinder.visitOne_include_statement(IncludeFinder.java:20)
	at de.uka.ilkd.key.nparser.KeYParser$One_include_statementContext.accept(KeYParser.java:802)
	at org.antlr.v4.runtime.tree.AbstractParseTreeVisitor.visitChildren(AbstractParseTreeVisitor.java:46)
	at de.uka.ilkd.key.nparser.KeYParserBaseVisitor.visitDecls(KeYParserBaseVisitor.java:30)
	at de.uka.ilkd.key.nparser.KeYParser$DeclsContext.accept(KeYParser.java:500)
	at org.antlr.v4.runtime.tree.AbstractParseTreeVisitor.visitChildren(AbstractParseTreeVisitor.java:46)
	at de.uka.ilkd.key.nparser.KeYParserBaseVisitor.visitFile(KeYParserBaseVisitor.java:23)
	at de.uka.ilkd.key.nparser.KeYParser$FileContext.accept(KeYParser.java:306)
	at de.uka.ilkd.key.nparser.KeyAst.accept(KeyAst.java:41)
	at de.uka.ilkd.key.nparser.KeyAst$File.getIncludes(KeyAst.java:76)
	at de.uka.ilkd.key.proof.io.KeYFile.readIncludes(KeYFile.java:208)
	... 14 more
Could not find rule file rules/intRulesCheckedSemantics.key (file: /home/runner/work/key/key/key.core/../key.ui/examples/index/.././standard_key/pred_log/simpleEps.key; caused by: de.uka.ilkd.key.proof.init.ProofInputException: Could not find rule file rules/intRulesCheckedSemantics.key)
	at de.uka.ilkd.key.control.AbstractUserInterfaceControl.load(AbstractUserInterfaceControl.java:221)
	at de.uka.ilkd.key.control.KeYEnvironment.load(KeYEnvironment.java:251)
	at de.uka.ilkd.key.control.KeYEnvironment.load(KeYEnvironment.java:224)
	at de.uka.ilkd.key.control.KeYEnvironment.load(KeYEnvironment.java:184)
	at de.uka.ilkd.key.control.KeYEnvironment.load(KeYEnvironment.java:261)
	at de.uka.ilkd.key.proof.runallproofs.proofcollection.TestFile.load(TestFile.java:270)
	at de.uka.ilkd.key.proof.runallproofs.proofcollection.TestFile.runKey(TestFile.java:160)
	at de.uka.ilkd.key.proof.runallproofs.proofcollection.ForkedTestFileRunner.main(ForkedTestFileRunner.java:171)
Caused by: de.uka.ilkd.key.proof.init.ProofInputException: Could not find rule file rules/intRulesCheckedSemantics.key
	at de.uka.ilkd.key.proof.io.KeYFile.readIncludes(KeYFile.java:210)
	at de.uka.ilkd.key.proof.init.ProblemInitializer.readIncludes(ProblemInitializer.java:177)
	at de.uka.ilkd.key.proof.init.ProblemInitializer.readEnvInput(ProblemInitializer.java:325)
	at de.uka.ilkd.key.proof.init.ProblemInitializer.prepare(ProblemInitializer.java:449)
	at de.uka.ilkd.key.proof.io.AbstractProblemLoader.createInitConfig(AbstractProblemLoader.java:518)
	at de.uka.ilkd.key.proof.io.AbstractProblemLoader.loadEnvironment(AbstractProblemLoader.java:288)
	at de.uka.ilkd.key.proof.io.AbstractProblemLoader.load(AbstractProblemLoader.java:252)
	at de.uka.ilkd.key.control.AbstractUserInterfaceControl.load(AbstractUserInterfaceControl.java:209)
	... 7 more
Caused by: java.lang.RuntimeException: Could not find rule file rules/intRulesCheckedSemantics.key
	at de.uka.ilkd.key.proof.io.RuleSourceFactory.fromBuiltInRule(RuleSourceFactory.java:32)
	at de.uka.ilkd.key.proof.io.RuleSourceFactory.fromDefaultLocation(RuleSourceFactory.java:21)
	at de.uka.ilkd.key.nparser.builder.IncludeFinder.addInclude(IncludeFinder.java:63)
	at de.uka.ilkd.key.nparser.builder.IncludeFinder.visitOne_include(IncludeFinder.java:43)
	at de.uka.ilkd.key.nparser.builder.IncludeFinder.visitOne_include(IncludeFinder.java:20)
	at de.uka.ilkd.key.nparser.KeYParser$One_includeContext.accept(KeYParser.java:878)
	at de.uka.ilkd.key.nparser.builder.AbstractBuilder.lambda$mapOf$0(AbstractBuilder.java:112)
	at java.base/java.util.stream.ReferencePipeline$3$1.accept(ReferencePipeline.java:195)
	at java.base/java.util.ArrayList$ArrayListSpliterator.forEachRemaining(ArrayList.java:1655)
	at java.base/java.util.stream.AbstractPipeline.copyInto(AbstractPipeline.java:484)
	at java.base/java.util.stream.AbstractPipeline.wrapAndCopyInto(AbstractPipeline.java:474)
	at java.base/java.util.stream.ReduceOps$ReduceOp.evaluateSequential(ReduceOps.java:913)
	at java.base/java.util.stream.AbstractPipeline.evaluate(AbstractPipeline.java:234)
	at java.base/java.util.stream.ReferencePipeline.collect(ReferencePipeline.java:578)
	at de.uka.ilkd.key.nparser.builder.AbstractBuilder.mapOf(AbstractBuilder.java:112)
	at de.uka.ilkd.key.nparser.builder.IncludeFinder.visitOne_include_statement(IncludeFinder.java:35)
	at de.uka.ilkd.key.nparser.builder.IncludeFinder.visitOne_include_statement(IncludeFinder.java:20)
	at de.uka.ilkd.key.nparser.KeYParser$One_include_statementContext.accept(KeYParser.java:802)
	at org.antlr.v4.runtime.tree.AbstractParseTreeVisitor.visitChildren(AbstractParseTreeVisitor.java:46)
	at de.uka.ilkd.key.nparser.KeYParserBaseVisitor.visitDecls(KeYParserBaseVisitor.java:30)
	at de.uka.ilkd.key.nparser.KeYParser$DeclsContext.accept(KeYParser.java:500)
	at org.antlr.v4.runtime.tree.AbstractParseTreeVisitor.visitChildren(AbstractParseTreeVisitor.java:46)
	at de.uka.ilkd.key.nparser.KeYParserBaseVisitor.visitFile(KeYParserBaseVisitor.java:23)
	at de.uka.ilkd.key.nparser.KeYParser$FileContext.accept(KeYParser.java:306)
	at de.uka.ilkd.key.nparser.KeyAst.accept(KeyAst.java:41)
	at de.uka.ilkd.key.nparser.KeyAst$File.getIncludes(KeyAst.java:76)
	at de.uka.ilkd.key.proof.io.KeYFile.readIncludes(KeYFile.java:208)
	... 14 more
Could not find rule file rules/intRulesCheckedSemantics.key (file: /home/runner/work/key/key/key.core/../key.ui/examples/index/.././standard_key/pred_log/steam1.key; caused by: de.uka.ilkd.key.proof.init.ProofInputException: Could not find rule file rules/intRulesCheckedSemantics.key)
	at de.uka.ilkd.key.control.AbstractUserInterfaceControl.load(AbstractUserInterfaceControl.java:221)
	at de.uka.ilkd.key.control.KeYEnvironment.load(KeYEnvironment.java:251)
	at de.uka.ilkd.key.control.KeYEnvironment.load(KeYEnvironment.java:224)
	at de.uka.ilkd.key.control.KeYEnvironment.load(KeYEnvironment.java:184)
	at de.uka.ilkd.key.control.KeYEnvironment.load(KeYEnvironment.java:261)
	at de.uka.ilkd.key.proof.runallproofs.proofcollection.TestFile.load(TestFile.java:270)
	at de.uka.ilkd.key.proof.runallproofs.proofcollection.TestFile.runKey(TestFile.java:160)
	at de.uka.ilkd.key.proof.runallproofs.proofcollection.ForkedTestFileRunner.main(ForkedTestFileRunner.java:171)
Caused by: de.uka.ilkd.key.proof.init.ProofInputException: Could not find rule file rules/intRulesCheckedSemantics.key
	at de.uka.ilkd.key.proof.io.KeYFile.readIncludes(KeYFile.java:210)
	at de.uka.ilkd.key.proof.init.ProblemInitializer.readIncludes(ProblemInitializer.java:177)
	at de.uka.ilkd.key.proof.init.ProblemInitializer.readEnvInput(ProblemInitializer.java:325)
	at de.uka.ilkd.key.proof.init.ProblemInitializer.prepare(ProblemInitializer.java:449)
	at de.uka.ilkd.key.proof.io.AbstractProblemLoader.createInitConfig(AbstractProblemLoader.java:518)
	at de.uka.ilkd.key.proof.io.AbstractProblemLoader.loadEnvironment(AbstractProblemLoader.java:288)
	at de.uka.ilkd.key.proof.io.AbstractProblemLoader.load(AbstractProblemLoader.java:252)
	at de.uka.ilkd.key.control.AbstractUserInterfaceControl.load(AbstractUserInterfaceControl.java:209)
	... 7 more
Caused by: java.lang.RuntimeException: Could not find rule file rules/intRulesCheckedSemantics.key
	at de.uka.ilkd.key.proof.io.RuleSourceFactory.fromBuiltInRule(RuleSourceFactory.java:32)
	at de.uka.ilkd.key.proof.io.RuleSourceFactory.fromDefaultLocation(RuleSourceFactory.java:21)
	at de.uka.ilkd.key.nparser.builder.IncludeFinder.addInclude(IncludeFinder.java:63)
	at de.uka.ilkd.key.nparser.builder.IncludeFinder.visitOne_include(IncludeFinder.java:43)
	at de.uka.ilkd.key.nparser.builder.IncludeFinder.visitOne_include(IncludeFinder.java:20)
	at de.uka.ilkd.key.nparser.KeYParser$One_includeContext.accept(KeYParser.java:878)
	at de.uka.ilkd.key.nparser.builder.AbstractBuilder.lambda$mapOf$0(AbstractBuilder.java:112)
	at java.base/java.util.stream.ReferencePipeline$3$1.accept(ReferencePipeline.java:195)
	at java.base/java.util.ArrayList$ArrayListSpliterator.forEachRemaining(ArrayList.java:1655)
	at java.base/java.util.stream.AbstractPipeline.copyInto(AbstractPipeline.java:484)
	at java.base/java.util.stream.AbstractPipeline.wrapAndCopyInto(AbstractPipeline.java:474)
	at java.base/java.util.stream.ReduceOps$ReduceOp.evaluateSequential(ReduceOps.java:913)
	at java.base/java.util.stream.AbstractPipeline.evaluate(AbstractPipeline.java:234)
	at java.base/java.util.stream.ReferencePipeline.collect(ReferencePipeline.java:578)
	at de.uka.ilkd.key.nparser.builder.AbstractBuilder.mapOf(AbstractBuilder.java:112)
	at de.uka.ilkd.key.nparser.builder.IncludeFinder.visitOne_include_statement(IncludeFinder.java:35)
	at de.uka.ilkd.key.nparser.builder.IncludeFinder.visitOne_include_statement(IncludeFinder.java:20)
	at de.uka.ilkd.key.nparser.KeYParser$One_include_statementContext.accept(KeYParser.java:802)
	at org.antlr.v4.runtime.tree.AbstractParseTreeVisitor.visitChildren(AbstractParseTreeVisitor.java:46)
	at de.uka.ilkd.key.nparser.KeYParserBaseVisitor.visitDecls(KeYParserBaseVisitor.java:30)
	at de.uka.ilkd.key.nparser.KeYParser$DeclsContext.accept(KeYParser.java:500)
	at org.antlr.v4.runtime.tree.AbstractParseTreeVisitor.visitChildren(AbstractParseTreeVisitor.java:46)
	at de.uka.ilkd.key.nparser.KeYParserBaseVisitor.visitFile(KeYParserBaseVisitor.java:23)
	at de.uka.ilkd.key.nparser.KeYParser$FileContext.accept(KeYParser.java:306)
	at de.uka.ilkd.key.nparser.KeyAst.accept(KeyAst.java:41)
	at de.uka.ilkd.key.nparser.KeyAst$File.getIncludes(KeyAst.java:76)
	at de.uka.ilkd.key.proof.io.KeYFile.readIncludes(KeYFile.java:208)
	... 14 more
Could not find rule file rules/intRulesCheckedSemantics.key (file: /home/runner/work/key/key/key.core/../key.ui/examples/index/.././standard_key/pred_log/tptp/PUZ/PUZ001p1.key; caused by: de.uka.ilkd.key.proof.init.ProofInputException: Could not find rule file rules/intRulesCheckedSemantics.key)
	at de.uka.ilkd.key.control.AbstractUserInterfaceControl.load(AbstractUserInterfaceControl.java:221)
	at de.uka.ilkd.key.control.KeYEnvironment.load(KeYEnvironment.java:251)
	at de.uka.ilkd.key.control.KeYEnvironment.load(KeYEnvironment.java:224)
	at de.uka.ilkd.key.control.KeYEnvironment.load(KeYEnvironment.java:184)
	at de.uka.ilkd.key.control.KeYEnvironment.load(KeYEnvironment.java:261)
	at de.uka.ilkd.key.proof.runallproofs.proofcollection.TestFile.load(TestFile.java:270)
	at de.uka.ilkd.key.proof.runallproofs.proofcollection.TestFile.runKey(TestFile.java:160)
	at de.uka.ilkd.key.proof.runallproofs.proofcollection.ForkedTestFileRunner.main(ForkedTestFileRunner.java:171)
Caused by: de.uka.ilkd.key.proof.init.ProofInputException: Could not find rule file rules/intRulesCheckedSemantics.key
	at de.uka.ilkd.key.proof.io.KeYFile.readIncludes(KeYFile.java:210)
	at de.uka.ilkd.key.proof.init.ProblemInitializer.readIncludes(ProblemInitializer.java:177)
	at de.uka.ilkd.key.proof.init.ProblemInitializer.readEnvInput(ProblemInitializer.java:325)
	at de.uka.ilkd.key.proof.init.ProblemInitializer.prepare(ProblemInitializer.java:449)
	at de.uka.ilkd.key.proof.io.AbstractProblemLoader.createInitConfig(AbstractProblemLoader.java:518)
	at de.uka.ilkd.key.proof.io.AbstractProblemLoader.loadEnvironment(AbstractProblemLoader.java:288)
	at de.uka.ilkd.key.proof.io.AbstractProblemLoader.load(AbstractProblemLoader.java:252)
	at de.uka.ilkd.key.control.AbstractUserInterfaceControl.load(AbstractUserInterfaceControl.java:209)
	... 7 more
Caused by: java.lang.RuntimeException: Could not find rule file rules/intRulesCheckedSemantics.key
	at de.uka.ilkd.key.proof.io.RuleSourceFactory.fromBuiltInRule(RuleSourceFactory.java:32)
	at de.uka.ilkd.key.proof.io.RuleSourceFactory.fromDefaultLocation(RuleSourceFactory.java:21)
	at de.uka.ilkd.key.nparser.builder.IncludeFinder.addInclude(IncludeFinder.java:63)
	at de.uka.ilkd.key.nparser.builder.IncludeFinder.visitOne_include(IncludeFinder.java:43)
	at de.uka.ilkd.key.nparser.builder.IncludeFinder.visitOne_include(IncludeFinder.java:20)
	at de.uka.ilkd.key.nparser.KeYParser$One_includeContext.accept(KeYParser.java:878)
	at de.uka.ilkd.key.nparser.builder.AbstractBuilder.lambda$mapOf$0(AbstractBuilder.java:112)
	at java.base/java.util.stream.ReferencePipeline$3$1.accept(ReferencePipeline.java:195)
	at java.base/java.util.ArrayList$ArrayListSpliterator.forEachRemaining(ArrayList.java:1655)
	at java.base/java.util.stream.AbstractPipeline.copyInto(AbstractPipeline.java:484)
	at java.base/java.util.stream.AbstractPipeline.wrapAndCopyInto(AbstractPipeline.java:474)
	at java.base/java.util.stream.ReduceOps$ReduceOp.evaluateSequential(ReduceOps.java:913)
	at java.base/java.util.stream.AbstractPipeline.evaluate(AbstractPipeline.java:234)
	at java.base/java.util.stream.ReferencePipeline.collect(ReferencePipeline.java:578)
	at de.uka.ilkd.key.nparser.builder.AbstractBuilder.mapOf(AbstractBuilder.java:112)
	at de.uka.ilkd.key.nparser.builder.IncludeFinder.visitOne_include_statement(IncludeFinder.java:35)
	at de.uka.ilkd.key.nparser.builder.IncludeFinder.visitOne_include_statement(IncludeFinder.java:20)
	at de.uka.ilkd.key.nparser.KeYParser$One_include_statementContext.accept(KeYParser.java:802)
	at org.antlr.v4.runtime.tree.AbstractParseTreeVisitor.visitChildren(AbstractParseTreeVisitor.java:46)
	at de.uka.ilkd.key.nparser.KeYParserBaseVisitor.visitDecls(KeYParserBaseVisitor.java:30)
	at de.uka.ilkd.key.nparser.KeYParser$DeclsContext.accept(KeYParser.java:500)
	at org.antlr.v4.runtime.tree.AbstractParseTreeVisitor.visitChildren(AbstractParseTreeVisitor.java:46)
	at de.uka.ilkd.key.nparser.KeYParserBaseVisitor.visitFile(KeYParserBaseVisitor.java:23)
	at de.uka.ilkd.key.nparser.KeYParser$FileContext.accept(KeYParser.java:306)
	at de.uka.ilkd.key.nparser.KeyAst.accept(KeyAst.java:41)
	at de.uka.ilkd.key.nparser.KeyAst$File.getIncludes(KeyAst.java:76)
	at de.uka.ilkd.key.proof.io.KeYFile.readIncludes(KeYFile.java:208)
	... 14 more
Could not find rule file rules/intRulesCheckedSemantics.key (file: /home/runner/work/key/key/key.core/../key.ui/examples/index/.././standard_key/pred_log/tptp/PUZ/PUZ001p1-eq.key; caused by: de.uka.ilkd.key.proof.init.ProofInputException: Could not find rule file rules/intRulesCheckedSemantics.key)
	at de.uka.ilkd.key.control.AbstractUserInterfaceControl.load(AbstractUserInterfaceControl.java:221)
	at de.uka.ilkd.key.control.KeYEnvironment.load(KeYEnvironment.java:251)
	at de.uka.ilkd.key.control.KeYEnvironment.load(KeYEnvironment.java:224)
	at de.uka.ilkd.key.control.KeYEnvironment.load(KeYEnvironment.java:184)
	at de.uka.ilkd.key.control.KeYEnvironment.load(KeYEnvironment.java:261)
	at de.uka.ilkd.key.proof.runallproofs.proofcollection.TestFile.load(TestFile.java:270)
	at de.uka.ilkd.key.proof.runallproofs.proofcollection.TestFile.runKey(TestFile.java:160)
	at de.uka.ilkd.key.proof.runallproofs.proofcollection.ForkedTestFileRunner.main(ForkedTestFileRunner.java:171)
Caused by: de.uka.ilkd.key.proof.init.ProofInputException: Could not find rule file rules/intRulesCheckedSemantics.key
	at de.uka.ilkd.key.proof.io.KeYFile.readIncludes(KeYFile.java:210)
	at de.uka.ilkd.key.proof.init.ProblemInitializer.readIncludes(ProblemInitializer.java:177)
	at de.uka.ilkd.key.proof.init.ProblemInitializer.readEnvInput(ProblemInitializer.java:325)
	at de.uka.ilkd.key.proof.init.ProblemInitializer.prepare(ProblemInitializer.java:449)
	at de.uka.ilkd.key.proof.io.AbstractProblemLoader.createInitConfig(AbstractProblemLoader.java:518)
	at de.uka.ilkd.key.proof.io.AbstractProblemLoader.loadEnvironment(AbstractProblemLoader.java:288)
	at de.uka.ilkd.key.proof.io.AbstractProblemLoader.load(AbstractProblemLoader.java:252)
	at de.uka.ilkd.key.control.AbstractUserInterfaceControl.load(AbstractUserInterfaceControl.java:209)
	... 7 more
Caused by: java.lang.RuntimeException: Could not find rule file rules/intRulesCheckedSemantics.key
	at de.uka.ilkd.key.proof.io.RuleSourceFactory.fromBuiltInRule(RuleSourceFactory.java:32)
	at de.uka.ilkd.key.proof.io.RuleSourceFactory.fromDefaultLocation(RuleSourceFactory.java:21)
	at de.uka.ilkd.key.nparser.builder.IncludeFinder.addInclude(IncludeFinder.java:63)
	at de.uka.ilkd.key.nparser.builder.IncludeFinder.visitOne_include(IncludeFinder.java:43)
	at de.uka.ilkd.key.nparser.builder.IncludeFinder.visitOne_include(IncludeFinder.java:20)
	at de.uka.ilkd.key.nparser.KeYParser$One_includeContext.accept(KeYParser.java:878)
	at de.uka.ilkd.key.nparser.builder.AbstractBuilder.lambda$mapOf$0(AbstractBuilder.java:112)
	at java.base/java.util.stream.ReferencePipeline$3$1.accept(ReferencePipeline.java:195)
	at java.base/java.util.ArrayList$ArrayListSpliterator.forEachRemaining(ArrayList.java:1655)
	at java.base/java.util.stream.AbstractPipeline.copyInto(AbstractPipeline.java:484)
	at java.base/java.util.stream.AbstractPipeline.wrapAndCopyInto(AbstractPipeline.java:474)
	at java.base/java.util.stream.ReduceOps$ReduceOp.evaluateSequential(ReduceOps.java:913)
	at java.base/java.util.stream.AbstractPipeline.evaluate(AbstractPipeline.java:234)
	at java.base/java.util.stream.ReferencePipeline.collect(ReferencePipeline.java:578)
	at de.uka.ilkd.key.nparser.builder.AbstractBuilder.mapOf(AbstractBuilder.java:112)
	at de.uka.ilkd.key.nparser.builder.IncludeFinder.visitOne_include_statement(IncludeFinder.java:35)
	at de.uka.ilkd.key.nparser.builder.IncludeFinder.visitOne_include_statement(IncludeFinder.java:20)
	at de.uka.ilkd.key.nparser.KeYParser$One_include_statementContext.accept(KeYParser.java:802)
	at org.antlr.v4.runtime.tree.AbstractParseTreeVisitor.visitChildren(AbstractParseTreeVisitor.java:46)
	at de.uka.ilkd.key.nparser.KeYParserBaseVisitor.visitDecls(KeYParserBaseVisitor.java:30)
	at de.uka.ilkd.key.nparser.KeYParser$DeclsContext.accept(KeYParser.java:500)
	at org.antlr.v4.runtime.tree.AbstractParseTreeVisitor.visitChildren(AbstractParseTreeVisitor.java:46)
	at de.uka.ilkd.key.nparser.KeYParserBaseVisitor.visitFile(KeYParserBaseVisitor.java:23)
	at de.uka.ilkd.key.nparser.KeYParser$FileContext.accept(KeYParser.java:306)
	at de.uka.ilkd.key.nparser.KeyAst.accept(KeyAst.java:41)
	at de.uka.ilkd.key.nparser.KeyAst$File.getIncludes(KeyAst.java:76)
	at de.uka.ilkd.key.proof.io.KeYFile.readIncludes(KeYFile.java:208)
	... 14 more
Could not find rule file rules/intRulesCheckedSemantics.key (file: /home/runner/work/key/key/key.core/../key.ui/examples/index/.././standard_key/pred_log/tptp/PUZ/PUZ031p1.key; caused by: de.uka.ilkd.key.proof.init.ProofInputException: Could not find rule file rules/intRulesCheckedSemantics.key)
	at de.uka.ilkd.key.control.AbstractUserInterfaceControl.load(AbstractUserInterfaceControl.java:221)
	at de.uka.ilkd.key.control.KeYEnvironment.load(KeYEnvironment.java:251)
	at de.uka.ilkd.key.control.KeYEnvironment.load(KeYEnvironment.java:224)
	at de.uka.ilkd.key.control.KeYEnvironment.load(KeYEnvironment.java:184)
	at de.uka.ilkd.key.control.KeYEnvironment.load(KeYEnvironment.java:261)
	at de.uka.ilkd.key.proof.runallproofs.proofcollection.TestFile.load(TestFile.java:270)
	at de.uka.ilkd.key.proof.runallproofs.proofcollection.TestFile.runKey(TestFile.java:160)
	at de.uka.ilkd.key.proof.runallproofs.proofcollection.ForkedTestFileRunner.main(ForkedTestFileRunner.java:171)
Caused by: de.uka.ilkd.key.proof.init.ProofInputException: Could not find rule file rules/intRulesCheckedSemantics.key
	at de.uka.ilkd.key.proof.io.KeYFile.readIncludes(KeYFile.java:210)
	at de.uka.ilkd.key.proof.init.ProblemInitializer.readIncludes(ProblemInitializer.java:177)
	at de.uka.ilkd.key.proof.init.ProblemInitializer.readEnvInput(ProblemInitializer.java:325)
	at de.uka.ilkd.key.proof.init.ProblemInitializer.prepare(ProblemInitializer.java:449)
	at de.uka.ilkd.key.proof.io.AbstractProblemLoader.createInitConfig(AbstractProblemLoader.java:518)
	at de.uka.ilkd.key.proof.io.AbstractProblemLoader.loadEnvironment(AbstractProblemLoader.java:288)
	at de.uka.ilkd.key.proof.io.AbstractProblemLoader.load(AbstractProblemLoader.java:252)
	at de.uka.ilkd.key.control.AbstractUserInterfaceControl.load(AbstractUserInterfaceControl.java:209)
	... 7 more
Caused by: java.lang.RuntimeException: Could not find rule file rules/intRulesCheckedSemantics.key
	at de.uka.ilkd.key.proof.io.RuleSourceFactory.fromBuiltInRule(RuleSourceFactory.java:32)
	at de.uka.ilkd.key.proof.io.RuleSourceFactory.fromDefaultLocation(RuleSourceFactory.java:21)
	at de.uka.ilkd.key.nparser.builder.IncludeFinder.addInclude(IncludeFinder.java:63)
	at de.uka.ilkd.key.nparser.builder.IncludeFinder.visitOne_include(IncludeFinder.java:43)
	at de.uka.ilkd.key.nparser.builder.IncludeFinder.visitOne_include(IncludeFinder.java:20)
	at de.uka.ilkd.key.nparser.KeYParser$One_includeContext.accept(KeYParser.java:878)
	at de.uka.ilkd.key.nparser.builder.AbstractBuilder.lambda$mapOf$0(AbstractBuilder.java:112)
	at java.base/java.util.stream.ReferencePipeline$3$1.accept(ReferencePipeline.java:195)
	at java.base/java.util.ArrayList$ArrayListSpliterator.forEachRemaining(ArrayList.java:1655)
	at java.base/java.util.stream.AbstractPipeline.copyInto(AbstractPipeline.java:484)
	at java.base/java.util.stream.AbstractPipeline.wrapAndCopyInto(AbstractPipeline.java:474)
	at java.base/java.util.stream.ReduceOps$ReduceOp.evaluateSequential(ReduceOps.java:913)
	at java.base/java.util.stream.AbstractPipeline.evaluate(AbstractPipeline.java:234)
	at java.base/java.util.stream.ReferencePipeline.collect(ReferencePipeline.java:578)
	at de.uka.ilkd.key.nparser.builder.AbstractBuilder.mapOf(AbstractBuilder.java:112)
	at de.uka.ilkd.key.nparser.builder.IncludeFinder.visitOne_include_statement(IncludeFinder.java:35)
	at de.uka.ilkd.key.nparser.builder.IncludeFinder.visitOne_include_statement(IncludeFinder.java:20)
	at de.uka.ilkd.key.nparser.KeYParser$One_include_statementContext.accept(KeYParser.java:802)
	at org.antlr.v4.runtime.tree.AbstractParseTreeVisitor.visitChildren(AbstractParseTreeVisitor.java:46)
	at de.uka.ilkd.key.nparser.KeYParserBaseVisitor.visitDecls(KeYParserBaseVisitor.java:30)
	at de.uka.ilkd.key.nparser.KeYParser$DeclsContext.accept(KeYParser.java:500)
	at org.antlr.v4.runtime.tree.AbstractParseTreeVisitor.visitChildren(AbstractParseTreeVisitor.java:46)
	at de.uka.ilkd.key.nparser.KeYParserBaseVisitor.visitFile(KeYParserBaseVisitor.java:23)
	at de.uka.ilkd.key.nparser.KeYParser$FileContext.accept(KeYParser.java:306)
	at de.uka.ilkd.key.nparser.KeyAst.accept(KeyAst.java:41)
	at de.uka.ilkd.key.nparser.KeyAst$File.getIncludes(KeyAst.java:76)
	at de.uka.ilkd.key.proof.io.KeYFile.readIncludes(KeYFile.java:208)
	... 14 more
Could not find rule file rules/intRulesCheckedSemantics.key (file: /home/runner/work/key/key/key.core/../key.ui/examples/index/.././standard_key/pred_log/tptp/SET/SET027p3.key; caused by: de.uka.ilkd.key.proof.init.ProofInputException: Could not find rule file rules/intRulesCheckedSemantics.key)
	at de.uka.ilkd.key.control.AbstractUserInterfaceControl.load(AbstractUserInterfaceControl.java:221)
	at de.uka.ilkd.key.control.KeYEnvironment.load(KeYEnvironment.java:251)
	at de.uka.ilkd.key.control.KeYEnvironment.load(KeYEnvironment.java:224)
	at de.uka.ilkd.key.control.KeYEnvironment.load(KeYEnvironment.java:184)
	at de.uka.ilkd.key.control.KeYEnvironment.load(KeYEnvironment.java:261)
	at de.uka.ilkd.key.proof.runallproofs.proofcollection.TestFile.load(TestFile.java:270)
	at de.uka.ilkd.key.proof.runallproofs.proofcollection.TestFile.runKey(TestFile.java:160)
	at de.uka.ilkd.key.proof.runallproofs.proofcollection.ForkedTestFileRunner.main(ForkedTestFileRunner.java:171)
Caused by: de.uka.ilkd.key.proof.init.ProofInputException: Could not find rule file rules/intRulesCheckedSemantics.key
	at de.uka.ilkd.key.proof.io.KeYFile.readIncludes(KeYFile.java:210)
	at de.uka.ilkd.key.proof.init.ProblemInitializer.readIncludes(ProblemInitializer.java:177)
	at de.uka.ilkd.key.proof.init.ProblemInitializer.readEnvInput(ProblemInitializer.java:325)
	at de.uka.ilkd.key.proof.init.ProblemInitializer.prepare(ProblemInitializer.java:449)
	at de.uka.ilkd.key.proof.io.AbstractProblemLoader.createInitConfig(AbstractProblemLoader.java:518)
	at de.uka.ilkd.key.proof.io.AbstractProblemLoader.loadEnvironment(AbstractProblemLoader.java:288)
	at de.uka.ilkd.key.proof.io.AbstractProblemLoader.load(AbstractProblemLoader.java:252)
	at de.uka.ilkd.key.control.AbstractUserInterfaceControl.load(AbstractUserInterfaceControl.java:209)
	... 7 more
Caused by: java.lang.RuntimeException: Could not find rule file rules/intRulesCheckedSemantics.key
	at de.uka.ilkd.key.proof.io.RuleSourceFactory.fromBuiltInRule(RuleSourceFactory.java:32)
	at de.uka.ilkd.key.proof.io.RuleSourceFactory.fromDefaultLocation(RuleSourceFactory.java:21)
	at de.uka.ilkd.key.nparser.builder.IncludeFinder.addInclude(IncludeFinder.java:63)
	at de.uka.ilkd.key.nparser.builder.IncludeFinder.visitOne_include(IncludeFinder.java:43)
	at de.uka.ilkd.key.nparser.builder.IncludeFinder.visitOne_include(IncludeFinder.java:20)
	at de.uka.ilkd.key.nparser.KeYParser$One_includeContext.accept(KeYParser.java:878)
	at de.uka.ilkd.key.nparser.builder.AbstractBuilder.lambda$mapOf$0(AbstractBuilder.java:112)
	at java.base/java.util.stream.ReferencePipeline$3$1.accept(ReferencePipeline.java:195)
	at java.base/java.util.ArrayList$ArrayListSpliterator.forEachRemaining(ArrayList.java:1655)
	at java.base/java.util.stream.AbstractPipeline.copyInto(AbstractPipeline.java:484)
	at java.base/java.util.stream.AbstractPipeline.wrapAndCopyInto(AbstractPipeline.java:474)
	at java.base/java.util.stream.ReduceOps$ReduceOp.evaluateSequential(ReduceOps.java:913)
	at java.base/java.util.stream.AbstractPipeline.evaluate(AbstractPipeline.java:234)
	at java.base/java.util.stream.ReferencePipeline.collect(ReferencePipeline.java:578)
	at de.uka.ilkd.key.nparser.builder.AbstractBuilder.mapOf(AbstractBuilder.java:112)
	at de.uka.ilkd.key.nparser.builder.IncludeFinder.visitOne_include_statement(IncludeFinder.java:35)
	at de.uka.ilkd.key.nparser.builder.IncludeFinder.visitOne_include_statement(IncludeFinder.java:20)
	at de.uka.ilkd.key.nparser.KeYParser$One_include_statementContext.accept(KeYParser.java:802)
	at org.antlr.v4.runtime.tree.AbstractParseTreeVisitor.visitChildren(AbstractParseTreeVisitor.java:46)
	at de.uka.ilkd.key.nparser.KeYParserBaseVisitor.visitDecls(KeYParserBaseVisitor.java:30)
	at de.uka.ilkd.key.nparser.KeYParser$DeclsContext.accept(KeYParser.java:500)
	at org.antlr.v4.runtime.tree.AbstractParseTreeVisitor.visitChildren(AbstractParseTreeVisitor.java:46)
	at de.uka.ilkd.key.nparser.KeYParserBaseVisitor.visitFile(KeYParserBaseVisitor.java:23)
	at de.uka.ilkd.key.nparser.KeYParser$FileContext.accept(KeYParser.java:306)
	at de.uka.ilkd.key.nparser.KeyAst.accept(KeyAst.java:41)
	at de.uka.ilkd.key.nparser.KeyAst$File.getIncludes(KeyAst.java:76)
	at de.uka.ilkd.key.proof.io.KeYFile.readIncludes(KeYFile.java:208)
	... 14 more
Could not find rule file rules/intRulesCheckedSemantics.key (file: /home/runner/work/key/key/key.core/../key.ui/examples/index/.././standard_key/pred_log/tptp/SET/SET043p1.key; caused by: de.uka.ilkd.key.proof.init.ProofInputException: Could not find rule file rules/intRulesCheckedSemantics.key)
	at de.uka.ilkd.key.control.AbstractUserInterfaceControl.load(AbstractUserInterfaceControl.java:221)
	at de.uka.ilkd.key.control.KeYEnvironment.load(KeYEnvironment.java:251)
	at de.uka.ilkd.key.control.KeYEnvironment.load(KeYEnvironment.java:224)
	at de.uka.ilkd.key.control.KeYEnvironment.load(KeYEnvironment.java:184)
	at de.uka.ilkd.key.control.KeYEnvironment.load(KeYEnvironment.java:261)
	at de.uka.ilkd.key.proof.runallproofs.proofcollection.TestFile.load(TestFile.java:270)
	at de.uka.ilkd.key.proof.runallproofs.proofcollection.TestFile.runKey(TestFile.java:160)
	at de.uka.ilkd.key.proof.runallproofs.proofcollection.ForkedTestFileRunner.main(ForkedTestFileRunner.java:171)
Caused by: de.uka.ilkd.key.proof.init.ProofInputException: Could not find rule file rules/intRulesCheckedSemantics.key
	at de.uka.ilkd.key.proof.io.KeYFile.readIncludes(KeYFile.java:210)
	at de.uka.ilkd.key.proof.init.ProblemInitializer.readIncludes(ProblemInitializer.java:177)
	at de.uka.ilkd.key.proof.init.ProblemInitializer.readEnvInput(ProblemInitializer.java:325)
	at de.uka.ilkd.key.proof.init.ProblemInitializer.prepare(ProblemInitializer.java:449)
	at de.uka.ilkd.key.proof.io.AbstractProblemLoader.createInitConfig(AbstractProblemLoader.java:518)
	at de.uka.ilkd.key.proof.io.AbstractProblemLoader.loadEnvironment(AbstractProblemLoader.java:288)
	at de.uka.ilkd.key.proof.io.AbstractProblemLoader.load(AbstractProblemLoader.java:252)
	at de.uka.ilkd.key.control.AbstractUserInterfaceControl.load(AbstractUserInterfaceControl.java:209)
	... 7 more
Caused by: java.lang.RuntimeException: Could not find rule file rules/intRulesCheckedSemantics.key
	at de.uka.ilkd.key.proof.io.RuleSourceFactory.fromBuiltInRule(RuleSourceFactory.java:32)
	at de.uka.ilkd.key.proof.io.RuleSourceFactory.fromDefaultLocation(RuleSourceFactory.java:21)
	at de.uka.ilkd.key.nparser.builder.IncludeFinder.addInclude(IncludeFinder.java:63)
	at de.uka.ilkd.key.nparser.builder.IncludeFinder.visitOne_include(IncludeFinder.java:43)
	at de.uka.ilkd.key.nparser.builder.IncludeFinder.visitOne_include(IncludeFinder.java:20)
	at de.uka.ilkd.key.nparser.KeYParser$One_includeContext.accept(KeYParser.java:878)
	at de.uka.ilkd.key.nparser.builder.AbstractBuilder.lambda$mapOf$0(AbstractBuilder.java:112)
	at java.base/java.util.stream.ReferencePipeline$3$1.accept(ReferencePipeline.java:195)
	at java.base/java.util.ArrayList$ArrayListSpliterator.forEachRemaining(ArrayList.java:1655)
	at java.base/java.util.stream.AbstractPipeline.copyInto(AbstractPipeline.java:484)
	at java.base/java.util.stream.AbstractPipeline.wrapAndCopyInto(AbstractPipeline.java:474)
	at java.base/java.util.stream.ReduceOps$ReduceOp.evaluateSequential(ReduceOps.java:913)
	at java.base/java.util.stream.AbstractPipeline.evaluate(AbstractPipeline.java:234)
	at java.base/java.util.stream.ReferencePipeline.collect(ReferencePipeline.java:578)
	at de.uka.ilkd.key.nparser.builder.AbstractBuilder.mapOf(AbstractBuilder.java:112)
	at de.uka.ilkd.key.nparser.builder.IncludeFinder.visitOne_include_statement(IncludeFinder.java:35)
	at de.uka.ilkd.key.nparser.builder.IncludeFinder.visitOne_include_statement(IncludeFinder.java:20)
	at de.uka.ilkd.key.nparser.KeYParser$One_include_statementContext.accept(KeYParser.java:802)
	at org.antlr.v4.runtime.tree.AbstractParseTreeVisitor.visitChildren(AbstractParseTreeVisitor.java:46)
	at de.uka.ilkd.key.nparser.KeYParserBaseVisitor.visitDecls(KeYParserBaseVisitor.java:30)
	at de.uka.ilkd.key.nparser.KeYParser$DeclsContext.accept(KeYParser.java:500)
	at org.antlr.v4.runtime.tree.AbstractParseTreeVisitor.visitChildren(AbstractParseTreeVisitor.java:46)
	at de.uka.ilkd.key.nparser.KeYParserBaseVisitor.visitFile(KeYParserBaseVisitor.java:23)
	at de.uka.ilkd.key.nparser.KeYParser$FileContext.accept(KeYParser.java:306)
	at de.uka.ilkd.key.nparser.KeyAst.accept(KeyAst.java:41)
	at de.uka.ilkd.key.nparser.KeyAst$File.getIncludes(KeyAst.java:76)
	at de.uka.ilkd.key.proof.io.KeYFile.readIncludes(KeYFile.java:208)
	... 14 more
Could not find rule file rules/intRulesCheckedSemantics.key (file: /home/runner/work/key/key/key.core/../key.ui/examples/index/.././standard_key/pred_log/tptp/SET/SET045p1.key; caused by: de.uka.ilkd.key.proof.init.ProofInputException: Could not find rule file rules/intRulesCheckedSemantics.key)
	at de.uka.ilkd.key.control.AbstractUserInterfaceControl.load(AbstractUserInterfaceControl.java:221)
	at de.uka.ilkd.key.control.KeYEnvironment.load(KeYEnvironment.java:251)
	at de.uka.ilkd.key.control.KeYEnvironment.load(KeYEnvironment.java:224)
	at de.uka.ilkd.key.control.KeYEnvironment.load(KeYEnvironment.java:184)
	at de.uka.ilkd.key.control.KeYEnvironment.load(KeYEnvironment.java:261)
	at de.uka.ilkd.key.proof.runallproofs.proofcollection.TestFile.load(TestFile.java:270)
	at de.uka.ilkd.key.proof.runallproofs.proofcollection.TestFile.runKey(TestFile.java:160)
	at de.uka.ilkd.key.proof.runallproofs.proofcollection.ForkedTestFileRunner.main(ForkedTestFileRunner.java:171)
Caused by: de.uka.ilkd.key.proof.init.ProofInputException: Could not find rule file rules/intRulesCheckedSemantics.key
	at de.uka.ilkd.key.proof.io.KeYFile.readIncludes(KeYFile.java:210)
	at de.uka.ilkd.key.proof.init.ProblemInitializer.readIncludes(ProblemInitializer.java:177)
	at de.uka.ilkd.key.proof.init.ProblemInitializer.readEnvInput(ProblemInitializer.java:325)
	at de.uka.ilkd.key.proof.init.ProblemInitializer.prepare(ProblemInitializer.java:449)
	at de.uka.ilkd.key.proof.io.AbstractProblemLoader.createInitConfig(AbstractProblemLoader.java:518)
	at de.uka.ilkd.key.proof.io.AbstractProblemLoader.loadEnvironment(AbstractProblemLoader.java:288)
	at de.uka.ilkd.key.proof.io.AbstractProblemLoader.load(AbstractProblemLoader.java:252)
	at de.uka.ilkd.key.control.AbstractUserInterfaceControl.load(AbstractUserInterfaceControl.java:209)
	... 7 more
Caused by: java.lang.RuntimeException: Could not find rule file rules/intRulesCheckedSemantics.key
	at de.uka.ilkd.key.proof.io.RuleSourceFactory.fromBuiltInRule(RuleSourceFactory.java:32)
	at de.uka.ilkd.key.proof.io.RuleSourceFactory.fromDefaultLocation(RuleSourceFactory.java:21)
	at de.uka.ilkd.key.nparser.builder.IncludeFinder.addInclude(IncludeFinder.java:63)
	at de.uka.ilkd.key.nparser.builder.IncludeFinder.visitOne_include(IncludeFinder.java:43)
	at de.uka.ilkd.key.nparser.builder.IncludeFinder.visitOne_include(IncludeFinder.java:20)
	at de.uka.ilkd.key.nparser.KeYParser$One_includeContext.accept(KeYParser.java:878)
	at de.uka.ilkd.key.nparser.builder.AbstractBuilder.lambda$mapOf$0(AbstractBuilder.java:112)
	at java.base/java.util.stream.ReferencePipeline$3$1.accept(ReferencePipeline.java:195)
	at java.base/java.util.ArrayList$ArrayListSpliterator.forEachRemaining(ArrayList.java:1655)
	at java.base/java.util.stream.AbstractPipeline.copyInto(AbstractPipeline.java:484)
	at java.base/java.util.stream.AbstractPipeline.wrapAndCopyInto(AbstractPipeline.java:474)
	at java.base/java.util.stream.ReduceOps$ReduceOp.evaluateSequential(ReduceOps.java:913)
	at java.base/java.util.stream.AbstractPipeline.evaluate(AbstractPipeline.java:234)
	at java.base/java.util.stream.ReferencePipeline.collect(ReferencePipeline.java:578)
	at de.uka.ilkd.key.nparser.builder.AbstractBuilder.mapOf(AbstractBuilder.java:112)
	at de.uka.ilkd.key.nparser.builder.IncludeFinder.visitOne_include_statement(IncludeFinder.java:35)
	at de.uka.ilkd.key.nparser.builder.IncludeFinder.visitOne_include_statement(IncludeFinder.java:20)
	at de.uka.ilkd.key.nparser.KeYParser$One_include_statementContext.accept(KeYParser.java:802)
	at org.antlr.v4.runtime.tree.AbstractParseTreeVisitor.visitChildren(AbstractParseTreeVisitor.java:46)
	at de.uka.ilkd.key.nparser.KeYParserBaseVisitor.visitDecls(KeYParserBaseVisitor.java:30)
	at de.uka.ilkd.key.nparser.KeYParser$DeclsContext.accept(KeYParser.java:500)
	at org.antlr.v4.runtime.tree.AbstractParseTreeVisitor.visitChildren(AbstractParseTreeVisitor.java:46)
	at de.uka.ilkd.key.nparser.KeYParserBaseVisitor.visitFile(KeYParserBaseVisitor.java:23)
	at de.uka.ilkd.key.nparser.KeYParser$FileContext.accept(KeYParser.java:306)
	at de.uka.ilkd.key.nparser.KeyAst.accept(KeyAst.java:41)
	at de.uka.ilkd.key.nparser.KeyAst$File.getIncludes(KeyAst.java:76)
	at de.uka.ilkd.key.proof.io.KeYFile.readIncludes(KeYFile.java:208)
	... 14 more
Could not find rule file rules/intRulesCheckedSemantics.key (file: /home/runner/work/key/key/key.core/../key.ui/examples/index/.././standard_key/pred_log/tptp/SET/SET062p3.key; caused by: de.uka.ilkd.key.proof.init.ProofInputException: Could not find rule file rules/intRulesCheckedSemantics.key)
	at de.uka.ilkd.key.control.AbstractUserInterfaceControl.load(AbstractUserInterfaceControl.java:221)
	at de.uka.ilkd.key.control.KeYEnvironment.load(KeYEnvironment.java:251)
	at de.uka.ilkd.key.control.KeYEnvironment.load(KeYEnvironment.java:224)
	at de.uka.ilkd.key.control.KeYEnvironment.load(KeYEnvironment.java:184)
	at de.uka.ilkd.key.control.KeYEnvironment.load(KeYEnvironment.java:261)
	at de.uka.ilkd.key.proof.runallproofs.proofcollection.TestFile.load(TestFile.java:270)
	at de.uka.ilkd.key.proof.runallproofs.proofcollection.TestFile.runKey(TestFile.java:160)
	at de.uka.ilkd.key.proof.runallproofs.proofcollection.ForkedTestFileRunner.main(ForkedTestFileRunner.java:171)
Caused by: de.uka.ilkd.key.proof.init.ProofInputException: Could not find rule file rules/intRulesCheckedSemantics.key
	at de.uka.ilkd.key.proof.io.KeYFile.readIncludes(KeYFile.java:210)
	at de.uka.ilkd.key.proof.init.ProblemInitializer.readIncludes(ProblemInitializer.java:177)
	at de.uka.ilkd.key.proof.init.ProblemInitializer.readEnvInput(ProblemInitializer.java:325)
	at de.uka.ilkd.key.proof.init.ProblemInitializer.prepare(ProblemInitializer.java:449)
	at de.uka.ilkd.key.proof.io.AbstractProblemLoader.createInitConfig(AbstractProblemLoader.java:518)
	at de.uka.ilkd.key.proof.io.AbstractProblemLoader.loadEnvironment(AbstractProblemLoader.java:288)
	at de.uka.ilkd.key.proof.io.AbstractProblemLoader.load(AbstractProblemLoader.java:252)
	at de.uka.ilkd.key.control.AbstractUserInterfaceControl.load(AbstractUserInterfaceControl.java:209)
	... 7 more
Caused by: java.lang.RuntimeException: Could not find rule file rules/intRulesCheckedSemantics.key
	at de.uka.ilkd.key.proof.io.RuleSourceFactory.fromBuiltInRule(RuleSourceFactory.java:32)
	at de.uka.ilkd.key.proof.io.RuleSourceFactory.fromDefaultLocation(RuleSourceFactory.java:21)
	at de.uka.ilkd.key.nparser.builder.IncludeFinder.addInclude(IncludeFinder.java:63)
	at de.uka.ilkd.key.nparser.builder.IncludeFinder.visitOne_include(IncludeFinder.java:43)
	at de.uka.ilkd.key.nparser.builder.IncludeFinder.visitOne_include(IncludeFinder.java:20)
	at de.uka.ilkd.key.nparser.KeYParser$One_includeContext.accept(KeYParser.java:878)
	at de.uka.ilkd.key.nparser.builder.AbstractBuilder.lambda$mapOf$0(AbstractBuilder.java:112)
	at java.base/java.util.stream.ReferencePipeline$3$1.accept(ReferencePipeline.java:195)
	at java.base/java.util.ArrayList$ArrayListSpliterator.forEachRemaining(ArrayList.java:1655)
	at java.base/java.util.stream.AbstractPipeline.copyInto(AbstractPipeline.java:484)
	at java.base/java.util.stream.AbstractPipeline.wrapAndCopyInto(AbstractPipeline.java:474)
	at java.base/java.util.stream.ReduceOps$ReduceOp.evaluateSequential(ReduceOps.java:913)
	at java.base/java.util.stream.AbstractPipeline.evaluate(AbstractPipeline.java:234)
	at java.base/java.util.stream.ReferencePipeline.collect(ReferencePipeline.java:578)
	at de.uka.ilkd.key.nparser.builder.AbstractBuilder.mapOf(AbstractBuilder.java:112)
	at de.uka.ilkd.key.nparser.builder.IncludeFinder.visitOne_include_statement(IncludeFinder.java:35)
	at de.uka.ilkd.key.nparser.builder.IncludeFinder.visitOne_include_statement(IncludeFinder.java:20)
	at de.uka.ilkd.key.nparser.KeYParser$One_include_statementContext.accept(KeYParser.java:802)
	at org.antlr.v4.runtime.tree.AbstractParseTreeVisitor.visitChildren(AbstractParseTreeVisitor.java:46)
	at de.uka.ilkd.key.nparser.KeYParserBaseVisitor.visitDecls(KeYParserBaseVisitor.java:30)
	at de.uka.ilkd.key.nparser.KeYParser$DeclsContext.accept(KeYParser.java:500)
	at org.antlr.v4.runtime.tree.AbstractParseTreeVisitor.visitChildren(AbstractParseTreeVisitor.java:46)
	at de.uka.ilkd.key.nparser.KeYParserBaseVisitor.visitFile(KeYParserBaseVisitor.java:23)
	at de.uka.ilkd.key.nparser.KeYParser$FileContext.accept(KeYParser.java:306)
	at de.uka.ilkd.key.nparser.KeyAst.accept(KeyAst.java:41)
	at de.uka.ilkd.key.nparser.KeyAst$File.getIncludes(KeyAst.java:76)
	at de.uka.ilkd.key.proof.io.KeYFile.readIncludes(KeYFile.java:208)
	... 14 more
Could not find rule file rules/intRulesCheckedSemantics.key (file: /home/runner/work/key/key/key.core/../key.ui/examples/index/.././standard_key/pred_log/tptp/SET/SET063p3.key; caused by: de.uka.ilkd.key.proof.init.ProofInputException: Could not find rule file rules/intRulesCheckedSemantics.key)
	at de.uka.ilkd.key.control.AbstractUserInterfaceControl.load(AbstractUserInterfaceControl.java:221)
	at de.uka.ilkd.key.control.KeYEnvironment.load(KeYEnvironment.java:251)
	at de.uka.ilkd.key.control.KeYEnvironment.load(KeYEnvironment.java:224)
	at de.uka.ilkd.key.control.KeYEnvironment.load(KeYEnvironment.java:184)
	at de.uka.ilkd.key.control.KeYEnvironment.load(KeYEnvironment.java:261)
	at de.uka.ilkd.key.proof.runallproofs.proofcollection.TestFile.load(TestFile.java:270)
	at de.uka.ilkd.key.proof.runallproofs.proofcollection.TestFile.runKey(TestFile.java:160)
	at de.uka.ilkd.key.proof.runallproofs.proofcollection.ForkedTestFileRunner.main(ForkedTestFileRunner.java:171)
Caused by: de.uka.ilkd.key.proof.init.ProofInputException: Could not find rule file rules/intRulesCheckedSemantics.key
	at de.uka.ilkd.key.proof.io.KeYFile.readIncludes(KeYFile.java:210)
	at de.uka.ilkd.key.proof.init.ProblemInitializer.readIncludes(ProblemInitializer.java:177)
	at de.uka.ilkd.key.proof.init.ProblemInitializer.readEnvInput(ProblemInitializer.java:325)
	at de.uka.ilkd.key.proof.init.ProblemInitializer.prepare(ProblemInitializer.java:449)
	at de.uka.ilkd.key.proof.io.AbstractProblemLoader.createInitConfig(AbstractProblemLoader.java:518)
	at de.uka.ilkd.key.proof.io.AbstractProblemLoader.loadEnvironment(AbstractProblemLoader.java:288)
	at de.uka.ilkd.key.proof.io.AbstractProblemLoader.load(AbstractProblemLoader.java:252)
	at de.uka.ilkd.key.control.AbstractUserInterfaceControl.load(AbstractUserInterfaceControl.java:209)
	... 7 more
Caused by: java.lang.RuntimeException: Could not find rule file rules/intRulesCheckedSemantics.key
	at de.uka.ilkd.key.proof.io.RuleSourceFactory.fromBuiltInRule(RuleSourceFactory.java:32)
	at de.uka.ilkd.key.proof.io.RuleSourceFactory.fromDefaultLocation(RuleSourceFactory.java:21)
	at de.uka.ilkd.key.nparser.builder.IncludeFinder.addInclude(IncludeFinder.java:63)
	at de.uka.ilkd.key.nparser.builder.IncludeFinder.visitOne_include(IncludeFinder.java:43)
	at de.uka.ilkd.key.nparser.builder.IncludeFinder.visitOne_include(IncludeFinder.java:20)
	at de.uka.ilkd.key.nparser.KeYParser$One_includeContext.accept(KeYParser.java:878)
	at de.uka.ilkd.key.nparser.builder.AbstractBuilder.lambda$mapOf$0(AbstractBuilder.java:112)
	at java.base/java.util.stream.ReferencePipeline$3$1.accept(ReferencePipeline.java:195)
	at java.base/java.util.ArrayList$ArrayListSpliterator.forEachRemaining(ArrayList.java:1655)
	at java.base/java.util.stream.AbstractPipeline.copyInto(AbstractPipeline.java:484)
	at java.base/java.util.stream.AbstractPipeline.wrapAndCopyInto(AbstractPipeline.java:474)
	at java.base/java.util.stream.ReduceOps$ReduceOp.evaluateSequential(ReduceOps.java:913)
	at java.base/java.util.stream.AbstractPipeline.evaluate(AbstractPipeline.java:234)
	at java.base/java.util.stream.ReferencePipeline.collect(ReferencePipeline.java:578)
	at de.uka.ilkd.key.nparser.builder.AbstractBuilder.mapOf(AbstractBuilder.java:112)
	at de.uka.ilkd.key.nparser.builder.IncludeFinder.visitOne_include_statement(IncludeFinder.java:35)
	at de.uka.ilkd.key.nparser.builder.IncludeFinder.visitOne_include_statement(IncludeFinder.java:20)
	at de.uka.ilkd.key.nparser.KeYParser$One_include_statementContext.accept(KeYParser.java:802)
	at org.antlr.v4.runtime.tree.AbstractParseTreeVisitor.visitChildren(AbstractParseTreeVisitor.java:46)
	at de.uka.ilkd.key.nparser.KeYParserBaseVisitor.visitDecls(KeYParserBaseVisitor.java:30)
	at de.uka.ilkd.key.nparser.KeYParser$DeclsContext.accept(KeYParser.java:500)
	at org.antlr.v4.runtime.tree.AbstractParseTreeVisitor.visitChildren(AbstractParseTreeVisitor.java:46)
	at de.uka.ilkd.key.nparser.KeYParserBaseVisitor.visitFile(KeYParserBaseVisitor.java:23)
	at de.uka.ilkd.key.nparser.KeYParser$FileContext.accept(KeYParser.java:306)
	at de.uka.ilkd.key.nparser.KeyAst.accept(KeyAst.java:41)
	at de.uka.ilkd.key.nparser.KeyAst$File.getIncludes(KeyAst.java:76)
	at de.uka.ilkd.key.proof.io.KeYFile.readIncludes(KeYFile.java:208)
	... 14 more
Could not find rule file rules/intRulesCheckedSemantics.key (file: /home/runner/work/key/key/key.core/../key.ui/examples/index/.././standard_key/pred_log/tptp/SYN/SYN036p2.key; caused by: de.uka.ilkd.key.proof.init.ProofInputException: Could not find rule file rules/intRulesCheckedSemantics.key)
	at de.uka.ilkd.key.control.AbstractUserInterfaceControl.load(AbstractUserInterfaceControl.java:221)
	at de.uka.ilkd.key.control.KeYEnvironment.load(KeYEnvironment.java:251)
	at de.uka.ilkd.key.control.KeYEnvironment.load(KeYEnvironment.java:224)
	at de.uka.ilkd.key.control.KeYEnvironment.load(KeYEnvironment.java:184)
	at de.uka.ilkd.key.control.KeYEnvironment.load(KeYEnvironment.java:261)
	at de.uka.ilkd.key.proof.runallproofs.proofcollection.TestFile.load(TestFile.java:270)
	at de.uka.ilkd.key.proof.runallproofs.proofcollection.TestFile.runKey(TestFile.java:160)
	at de.uka.ilkd.key.proof.runallproofs.proofcollection.ForkedTestFileRunner.main(ForkedTestFileRunner.java:171)
Caused by: de.uka.ilkd.key.proof.init.ProofInputException: Could not find rule file rules/intRulesCheckedSemantics.key
	at de.uka.ilkd.key.proof.io.KeYFile.readIncludes(KeYFile.java:210)
	at de.uka.ilkd.key.proof.init.ProblemInitializer.readIncludes(ProblemInitializer.java:177)
	at de.uka.ilkd.key.proof.init.ProblemInitializer.readEnvInput(ProblemInitializer.java:325)
	at de.uka.ilkd.key.proof.init.ProblemInitializer.prepare(ProblemInitializer.java:449)
	at de.uka.ilkd.key.proof.io.AbstractProblemLoader.createInitConfig(AbstractProblemLoader.java:518)
	at de.uka.ilkd.key.proof.io.AbstractProblemLoader.loadEnvironment(AbstractProblemLoader.java:288)
	at de.uka.ilkd.key.proof.io.AbstractProblemLoader.load(AbstractProblemLoader.java:252)
	at de.uka.ilkd.key.control.AbstractUserInterfaceControl.load(AbstractUserInterfaceControl.java:209)
	... 7 more
Caused by: java.lang.RuntimeException: Could not find rule file rules/intRulesCheckedSemantics.key
	at de.uka.ilkd.key.proof.io.RuleSourceFactory.fromBuiltInRule(RuleSourceFactory.java:32)
	at de.uka.ilkd.key.proof.io.RuleSourceFactory.fromDefaultLocation(RuleSourceFactory.java:21)
	at de.uka.ilkd.key.nparser.builder.IncludeFinder.addInclude(IncludeFinder.java:63)
	at de.uka.ilkd.key.nparser.builder.IncludeFinder.visitOne_include(IncludeFinder.java:43)
	at de.uka.ilkd.key.nparser.builder.IncludeFinder.visitOne_include(IncludeFinder.java:20)
	at de.uka.ilkd.key.nparser.KeYParser$One_includeContext.accept(KeYParser.java:878)
	at de.uka.ilkd.key.nparser.builder.AbstractBuilder.lambda$mapOf$0(AbstractBuilder.java:112)
	at java.base/java.util.stream.ReferencePipeline$3$1.accept(ReferencePipeline.java:195)
	at java.base/java.util.ArrayList$ArrayListSpliterator.forEachRemaining(ArrayList.java:1655)
	at java.base/java.util.stream.AbstractPipeline.copyInto(AbstractPipeline.java:484)
	at java.base/java.util.stream.AbstractPipeline.wrapAndCopyInto(AbstractPipeline.java:474)
	at java.base/java.util.stream.ReduceOps$ReduceOp.evaluateSequential(ReduceOps.java:913)
	at java.base/java.util.stream.AbstractPipeline.evaluate(AbstractPipeline.java:234)
	at java.base/java.util.stream.ReferencePipeline.collect(ReferencePipeline.java:578)
	at de.uka.ilkd.key.nparser.builder.AbstractBuilder.mapOf(AbstractBuilder.java:112)
	at de.uka.ilkd.key.nparser.builder.IncludeFinder.visitOne_include_statement(IncludeFinder.java:35)
	at de.uka.ilkd.key.nparser.builder.IncludeFinder.visitOne_include_statement(IncludeFinder.java:20)
	at de.uka.ilkd.key.nparser.KeYParser$One_include_statementContext.accept(KeYParser.java:802)
	at org.antlr.v4.runtime.tree.AbstractParseTreeVisitor.visitChildren(AbstractParseTreeVisitor.java:46)
	at de.uka.ilkd.key.nparser.KeYParserBaseVisitor.visitDecls(KeYParserBaseVisitor.java:30)
	at de.uka.ilkd.key.nparser.KeYParser$DeclsContext.accept(KeYParser.java:500)
	at org.antlr.v4.runtime.tree.AbstractParseTreeVisitor.visitChildren(AbstractParseTreeVisitor.java:46)
	at de.uka.ilkd.key.nparser.KeYParserBaseVisitor.visitFile(KeYParserBaseVisitor.java:23)
	at de.uka.ilkd.key.nparser.KeYParser$FileContext.accept(KeYParser.java:306)
	at de.uka.ilkd.key.nparser.KeyAst.accept(KeyAst.java:41)
	at de.uka.ilkd.key.nparser.KeyAst$File.getIncludes(KeyAst.java:76)
	at de.uka.ilkd.key.proof.io.KeYFile.readIncludes(KeYFile.java:208)
	... 14 more
Could not find rule file rules/intRulesCheckedSemantics.key (file: /home/runner/work/key/key/key.core/../key.ui/examples/index/.././standard_key/pred_log/tptp/SYN/SYN550p1.key; caused by: de.uka.ilkd.key.proof.init.ProofInputException: Could not find rule file rules/intRulesCheckedSemantics.key)
	at de.uka.ilkd.key.control.AbstractUserInterfaceControl.load(AbstractUserInterfaceControl.java:221)
	at de.uka.ilkd.key.control.KeYEnvironment.load(KeYEnvironment.java:251)
	at de.uka.ilkd.key.control.KeYEnvironment.load(KeYEnvironment.java:224)
	at de.uka.ilkd.key.control.KeYEnvironment.load(KeYEnvironment.java:184)
	at de.uka.ilkd.key.control.KeYEnvironment.load(KeYEnvironment.java:261)
	at de.uka.ilkd.key.proof.runallproofs.proofcollection.TestFile.load(TestFile.java:270)
	at de.uka.ilkd.key.proof.runallproofs.proofcollection.TestFile.runKey(TestFile.java:160)
	at de.uka.ilkd.key.proof.runallproofs.proofcollection.ForkedTestFileRunner.main(ForkedTestFileRunner.java:171)
Caused by: de.uka.ilkd.key.proof.init.ProofInputException: Could not find rule file rules/intRulesCheckedSemantics.key
	at de.uka.ilkd.key.proof.io.KeYFile.readIncludes(KeYFile.java:210)
	at de.uka.ilkd.key.proof.init.ProblemInitializer.readIncludes(ProblemInitializer.java:177)
	at de.uka.ilkd.key.proof.init.ProblemInitializer.readEnvInput(ProblemInitializer.java:325)
	at de.uka.ilkd.key.proof.init.ProblemInitializer.prepare(ProblemInitializer.java:449)
	at de.uka.ilkd.key.proof.io.AbstractProblemLoader.createInitConfig(AbstractProblemLoader.java:518)
	at de.uka.ilkd.key.proof.io.AbstractProblemLoader.loadEnvironment(AbstractProblemLoader.java:288)
	at de.uka.ilkd.key.proof.io.AbstractProblemLoader.load(AbstractProblemLoader.java:252)
	at de.uka.ilkd.key.control.AbstractUserInterfaceControl.load(AbstractUserInterfaceControl.java:209)
	... 7 more
Caused by: java.lang.RuntimeException: Could not find rule file rules/intRulesCheckedSemantics.key
	at de.uka.ilkd.key.proof.io.RuleSourceFactory.fromBuiltInRule(RuleSourceFactory.java:32)
	at de.uka.ilkd.key.proof.io.RuleSourceFactory.fromDefaultLocation(RuleSourceFactory.java:21)
	at de.uka.ilkd.key.nparser.builder.IncludeFinder.addInclude(IncludeFinder.java:63)
	at de.uka.ilkd.key.nparser.builder.IncludeFinder.visitOne_include(IncludeFinder.java:43)
	at de.uka.ilkd.key.nparser.builder.IncludeFinder.visitOne_include(IncludeFinder.java:20)
	at de.uka.ilkd.key.nparser.KeYParser$One_includeContext.accept(KeYParser.java:878)
	at de.uka.ilkd.key.nparser.builder.AbstractBuilder.lambda$mapOf$0(AbstractBuilder.java:112)
	at java.base/java.util.stream.ReferencePipeline$3$1.accept(ReferencePipeline.java:195)
	at java.base/java.util.ArrayList$ArrayListSpliterator.forEachRemaining(ArrayList.java:1655)
	at java.base/java.util.stream.AbstractPipeline.copyInto(AbstractPipeline.java:484)
	at java.base/java.util.stream.AbstractPipeline.wrapAndCopyInto(AbstractPipeline.java:474)
	at java.base/java.util.stream.ReduceOps$ReduceOp.evaluateSequential(ReduceOps.java:913)
	at java.base/java.util.stream.AbstractPipeline.evaluate(AbstractPipeline.java:234)
	at java.base/java.util.stream.ReferencePipeline.collect(ReferencePipeline.java:578)
	at de.uka.ilkd.key.nparser.builder.AbstractBuilder.mapOf(AbstractBuilder.java:112)
	at de.uka.ilkd.key.nparser.builder.IncludeFinder.visitOne_include_statement(IncludeFinder.java:35)
	at de.uka.ilkd.key.nparser.builder.IncludeFinder.visitOne_include_statement(IncludeFinder.java:20)
	at de.uka.ilkd.key.nparser.KeYParser$One_include_statementContext.accept(KeYParser.java:802)
	at org.antlr.v4.runtime.tree.AbstractParseTreeVisitor.visitChildren(AbstractParseTreeVisitor.java:46)
	at de.uka.ilkd.key.nparser.KeYParserBaseVisitor.visitDecls(KeYParserBaseVisitor.java:30)
	at de.uka.ilkd.key.nparser.KeYParser$DeclsContext.accept(KeYParser.java:500)
	at org.antlr.v4.runtime.tree.AbstractParseTreeVisitor.visitChildren(AbstractParseTreeVisitor.java:46)
	at de.uka.ilkd.key.nparser.KeYParserBaseVisitor.visitFile(KeYParserBaseVisitor.java:23)
	at de.uka.ilkd.key.nparser.KeYParser$FileContext.accept(KeYParser.java:306)
	at de.uka.ilkd.key.nparser.KeyAst.accept(KeyAst.java:41)
	at de.uka.ilkd.key.nparser.KeyAst$File.getIncludes(KeyAst.java:76)
	at de.uka.ilkd.key.proof.io.KeYFile.readIncludes(KeYFile.java:208)
	... 14 more
Could not find rule file rules/intRulesCheckedSemantics.key (file: /home/runner/work/key/key/key.core/../key.ui/examples/index/.././standard_key/prop_log/reallySimple.key; caused by: de.uka.ilkd.key.proof.init.ProofInputException: Could not find rule file rules/intRulesCheckedSemantics.key)
	at de.uka.ilkd.key.control.AbstractUserInterfaceControl.load(AbstractUserInterfaceControl.java:221)
	at de.uka.ilkd.key.control.KeYEnvironment.load(KeYEnvironment.java:251)
	at de.uka.ilkd.key.control.KeYEnvironment.load(KeYEnvironment.java:224)
	at de.uka.ilkd.key.control.KeYEnvironment.load(KeYEnvironment.java:184)
	at de.uka.ilkd.key.control.KeYEnvironment.load(KeYEnvironment.java:261)
	at de.uka.ilkd.key.proof.runallproofs.proofcollection.TestFile.load(TestFile.java:270)
	at de.uka.ilkd.key.proof.runallproofs.proofcollection.TestFile.runKey(TestFile.java:160)
	at de.uka.ilkd.key.proof.runallproofs.proofcollection.ForkedTestFileRunner.main(ForkedTestFileRunner.java:171)
Caused by: de.uka.ilkd.key.proof.init.ProofInputException: Could not find rule file rules/intRulesCheckedSemantics.key
	at de.uka.ilkd.key.proof.io.KeYFile.readIncludes(KeYFile.java:210)
	at de.uka.ilkd.key.proof.init.ProblemInitializer.readIncludes(ProblemInitializer.java:177)
	at de.uka.ilkd.key.proof.init.ProblemInitializer.readEnvInput(ProblemInitializer.java:325)
	at de.uka.ilkd.key.proof.init.ProblemInitializer.prepare(ProblemInitializer.java:449)
	at de.uka.ilkd.key.proof.io.AbstractProblemLoader.createInitConfig(AbstractProblemLoader.java:518)
	at de.uka.ilkd.key.proof.io.AbstractProblemLoader.loadEnvironment(AbstractProblemLoader.java:288)
	at de.uka.ilkd.key.proof.io.AbstractProblemLoader.load(AbstractProblemLoader.java:252)
	at de.uka.ilkd.key.control.AbstractUserInterfaceControl.load(AbstractUserInterfaceControl.java:209)
	... 7 more
Caused by: java.lang.RuntimeException: Could not find rule file rules/intRulesCheckedSemantics.key
	at de.uka.ilkd.key.proof.io.RuleSourceFactory.fromBuiltInRule(RuleSourceFactory.java:32)
	at de.uka.ilkd.key.proof.io.RuleSourceFactory.fromDefaultLocation(RuleSourceFactory.java:21)
	at de.uka.ilkd.key.nparser.builder.IncludeFinder.addInclude(IncludeFinder.java:63)
	at de.uka.ilkd.key.nparser.builder.IncludeFinder.visitOne_include(IncludeFinder.java:43)
	at de.uka.ilkd.key.nparser.builder.IncludeFinder.visitOne_include(IncludeFinder.java:20)
	at de.uka.ilkd.key.nparser.KeYParser$One_includeContext.accept(KeYParser.java:878)
	at de.uka.ilkd.key.nparser.builder.AbstractBuilder.lambda$mapOf$0(AbstractBuilder.java:112)
	at java.base/java.util.stream.ReferencePipeline$3$1.accept(ReferencePipeline.java:195)
	at java.base/java.util.ArrayList$ArrayListSpliterator.forEachRemaining(ArrayList.java:1655)
	at java.base/java.util.stream.AbstractPipeline.copyInto(AbstractPipeline.java:484)
	at java.base/java.util.stream.AbstractPipeline.wrapAndCopyInto(AbstractPipeline.java:474)
	at java.base/java.util.stream.ReduceOps$ReduceOp.evaluateSequential(ReduceOps.java:913)
	at java.base/java.util.stream.AbstractPipeline.evaluate(AbstractPipeline.java:234)
	at java.base/java.util.stream.ReferencePipeline.collect(ReferencePipeline.java:578)
	at de.uka.ilkd.key.nparser.builder.AbstractBuilder.mapOf(AbstractBuilder.java:112)
	at de.uka.ilkd.key.nparser.builder.IncludeFinder.visitOne_include_statement(IncludeFinder.java:35)
	at de.uka.ilkd.key.nparser.builder.IncludeFinder.visitOne_include_statement(IncludeFinder.java:20)
	at de.uka.ilkd.key.nparser.KeYParser$One_include_statementContext.accept(KeYParser.java:802)
	at org.antlr.v4.runtime.tree.AbstractParseTreeVisitor.visitChildren(AbstractParseTreeVisitor.java:46)
	at de.uka.ilkd.key.nparser.KeYParserBaseVisitor.visitDecls(KeYParserBaseVisitor.java:30)
	at de.uka.ilkd.key.nparser.KeYParser$DeclsContext.accept(KeYParser.java:500)
	at org.antlr.v4.runtime.tree.AbstractParseTreeVisitor.visitChildren(AbstractParseTreeVisitor.java:46)
	at de.uka.ilkd.key.nparser.KeYParserBaseVisitor.visitFile(KeYParserBaseVisitor.java:23)
	at de.uka.ilkd.key.nparser.KeYParser$FileContext.accept(KeYParser.java:306)
	at de.uka.ilkd.key.nparser.KeyAst.accept(KeyAst.java:41)
	at de.uka.ilkd.key.nparser.KeyAst$File.getIncludes(KeyAst.java:76)
	at de.uka.ilkd.key.proof.io.KeYFile.readIncludes(KeYFile.java:208)
	... 14 more
Could not find rule file rules/intRulesCheckedSemantics.key (file: /home/runner/work/key/key/key.core/../key.ui/examples/index/.././standard_key/pred_log/sameName1.key; caused by: de.uka.ilkd.key.proof.init.ProofInputException: Could not find rule file rules/intRulesCheckedSemantics.key)
	at de.uka.ilkd.key.control.AbstractUserInterfaceControl.load(AbstractUserInterfaceControl.java:221)
	at de.uka.ilkd.key.control.KeYEnvironment.load(KeYEnvironment.java:251)
	at de.uka.ilkd.key.control.KeYEnvironment.load(KeYEnvironment.java:224)
	at de.uka.ilkd.key.control.KeYEnvironment.load(KeYEnvironment.java:184)
	at de.uka.ilkd.key.control.KeYEnvironment.load(KeYEnvironment.java:261)
	at de.uka.ilkd.key.proof.runallproofs.proofcollection.TestFile.load(TestFile.java:270)
	at de.uka.ilkd.key.proof.runallproofs.proofcollection.TestFile.runKey(TestFile.java:160)
	at de.uka.ilkd.key.proof.runallproofs.proofcollection.ForkedTestFileRunner.main(ForkedTestFileRunner.java:171)
Caused by: de.uka.ilkd.key.proof.init.ProofInputException: Could not find rule file rules/intRulesCheckedSemantics.key
	at de.uka.ilkd.key.proof.io.KeYFile.readIncludes(KeYFile.java:210)
	at de.uka.ilkd.key.proof.init.ProblemInitializer.readIncludes(ProblemInitializer.java:177)
	at de.uka.ilkd.key.proof.init.ProblemInitializer.readEnvInput(ProblemInitializer.java:325)
	at de.uka.ilkd.key.proof.init.ProblemInitializer.prepare(ProblemInitializer.java:449)
	at de.uka.ilkd.key.proof.io.AbstractProblemLoader.createInitConfig(AbstractProblemLoader.java:518)
	at de.uka.ilkd.key.proof.io.AbstractProblemLoader.loadEnvironment(AbstractProblemLoader.java:288)
	at de.uka.ilkd.key.proof.io.AbstractProblemLoader.load(AbstractProblemLoader.java:252)
	at de.uka.ilkd.key.control.AbstractUserInterfaceControl.load(AbstractUserInterfaceControl.java:209)
	... 7 more
Caused by: java.lang.RuntimeException: Could not find rule file rules/intRulesCheckedSemantics.key
	at de.uka.ilkd.key.proof.io.RuleSourceFactory.fromBuiltInRule(RuleSourceFactory.java:32)
	at de.uka.ilkd.key.proof.io.RuleSourceFactory.fromDefaultLocation(RuleSourceFactory.java:21)
	at de.uka.ilkd.key.nparser.builder.IncludeFinder.addInclude(IncludeFinder.java:63)
	at de.uka.ilkd.key.nparser.builder.IncludeFinder.visitOne_include(IncludeFinder.java:43)
	at de.uka.ilkd.key.nparser.builder.IncludeFinder.visitOne_include(IncludeFinder.java:20)
	at de.uka.ilkd.key.nparser.KeYParser$One_includeContext.accept(KeYParser.java:878)
	at de.uka.ilkd.key.nparser.builder.AbstractBuilder.lambda$mapOf$0(AbstractBuilder.java:112)
	at java.base/java.util.stream.ReferencePipeline$3$1.accept(ReferencePipeline.java:195)
	at java.base/java.util.ArrayList$ArrayListSpliterator.forEachRemaining(ArrayList.java:1655)
	at java.base/java.util.stream.AbstractPipeline.copyInto(AbstractPipeline.java:484)
	at java.base/java.util.stream.AbstractPipeline.wrapAndCopyInto(AbstractPipeline.java:474)
	at java.base/java.util.stream.ReduceOps$ReduceOp.evaluateSequential(ReduceOps.java:913)
	at java.base/java.util.stream.AbstractPipeline.evaluate(AbstractPipeline.java:234)
	at java.base/java.util.stream.ReferencePipeline.collect(ReferencePipeline.java:578)
	at de.uka.ilkd.key.nparser.builder.AbstractBuilder.mapOf(AbstractBuilder.java:112)
	at de.uka.ilkd.key.nparser.builder.IncludeFinder.visitOne_include_statement(IncludeFinder.java:35)
	at de.uka.ilkd.key.nparser.builder.IncludeFinder.visitOne_include_statement(IncludeFinder.java:20)
	at de.uka.ilkd.key.nparser.KeYParser$One_include_statementContext.accept(KeYParser.java:802)
	at org.antlr.v4.runtime.tree.AbstractParseTreeVisitor.visitChildren(AbstractParseTreeVisitor.java:46)
	at de.uka.ilkd.key.nparser.KeYParserBaseVisitor.visitDecls(KeYParserBaseVisitor.java:30)
	at de.uka.ilkd.key.nparser.KeYParser$DeclsContext.accept(KeYParser.java:500)
	at org.antlr.v4.runtime.tree.AbstractParseTreeVisitor.visitChildren(AbstractParseTreeVisitor.java:46)
	at de.uka.ilkd.key.nparser.KeYParserBaseVisitor.visitFile(KeYParserBaseVisitor.java:23)
	at de.uka.ilkd.key.nparser.KeYParser$FileContext.accept(KeYParser.java:306)
	at de.uka.ilkd.key.nparser.KeyAst.accept(KeyAst.java:41)
	at de.uka.ilkd.key.nparser.KeyAst$File.getIncludes(KeyAst.java:76)
	at de.uka.ilkd.key.proof.io.KeYFile.readIncludes(KeYFile.java:208)
	... 14 more
Could not find rule file rules/intRulesCheckedSemantics.key (file: /home/runner/work/key/key/key.core/../key.ui/examples/index/.././standard_key/pred_log/jbyteIfEx.key; caused by: de.uka.ilkd.key.proof.init.ProofInputException: Could not find rule file rules/intRulesCheckedSemantics.key)
	at de.uka.ilkd.key.control.AbstractUserInterfaceControl.load(AbstractUserInterfaceControl.java:221)
	at de.uka.ilkd.key.control.KeYEnvironment.load(KeYEnvironment.java:251)
	at de.uka.ilkd.key.control.KeYEnvironment.load(KeYEnvironment.java:224)
	at de.uka.ilkd.key.control.KeYEnvironment.load(KeYEnvironment.java:184)
	at de.uka.ilkd.key.control.KeYEnvironment.load(KeYEnvironment.java:261)
	at de.uka.ilkd.key.proof.runallproofs.proofcollection.TestFile.load(TestFile.java:270)
	at de.uka.ilkd.key.proof.runallproofs.proofcollection.TestFile.runKey(TestFile.java:160)
	at de.uka.ilkd.key.proof.runallproofs.proofcollection.ForkedTestFileRunner.main(ForkedTestFileRunner.java:171)
Caused by: de.uka.ilkd.key.proof.init.ProofInputException: Could not find rule file rules/intRulesCheckedSemantics.key
	at de.uka.ilkd.key.proof.io.KeYFile.readIncludes(KeYFile.java:210)
	at de.uka.ilkd.key.proof.init.ProblemInitializer.readIncludes(ProblemInitializer.java:177)
	at de.uka.ilkd.key.proof.init.ProblemInitializer.readEnvInput(ProblemInitializer.java:325)
	at de.uka.ilkd.key.proof.init.ProblemInitializer.prepare(ProblemInitializer.java:449)
	at de.uka.ilkd.key.proof.io.AbstractProblemLoader.createInitConfig(AbstractProblemLoader.java:518)
	at de.uka.ilkd.key.proof.io.AbstractProblemLoader.loadEnvironment(AbstractProblemLoader.java:288)
	at de.uka.ilkd.key.proof.io.AbstractProblemLoader.load(AbstractProblemLoader.java:252)
	at de.uka.ilkd.key.control.AbstractUserInterfaceControl.load(AbstractUserInterfaceControl.java:209)
	... 7 more
Caused by: java.lang.RuntimeException: Could not find rule file rules/intRulesCheckedSemantics.key
	at de.uka.ilkd.key.proof.io.RuleSourceFactory.fromBuiltInRule(RuleSourceFactory.java:32)
	at de.uka.ilkd.key.proof.io.RuleSourceFactory.fromDefaultLocation(RuleSourceFactory.java:21)
	at de.uka.ilkd.key.nparser.builder.IncludeFinder.addInclude(IncludeFinder.java:63)
	at de.uka.ilkd.key.nparser.builder.IncludeFinder.visitOne_include(IncludeFinder.java:43)
	at de.uka.ilkd.key.nparser.builder.IncludeFinder.visitOne_include(IncludeFinder.java:20)
	at de.uka.ilkd.key.nparser.KeYParser$One_includeContext.accept(KeYParser.java:878)
	at de.uka.ilkd.key.nparser.builder.AbstractBuilder.lambda$mapOf$0(AbstractBuilder.java:112)
	at java.base/java.util.stream.ReferencePipeline$3$1.accept(ReferencePipeline.java:195)
	at java.base/java.util.ArrayList$ArrayListSpliterator.forEachRemaining(ArrayList.java:1655)
	at java.base/java.util.stream.AbstractPipeline.copyInto(AbstractPipeline.java:484)
	at java.base/java.util.stream.AbstractPipeline.wrapAndCopyInto(AbstractPipeline.java:474)
	at java.base/java.util.stream.ReduceOps$ReduceOp.evaluateSequential(ReduceOps.java:913)
	at java.base/java.util.stream.AbstractPipeline.evaluate(AbstractPipeline.java:234)
	at java.base/java.util.stream.ReferencePipeline.collect(ReferencePipeline.java:578)
	at de.uka.ilkd.key.nparser.builder.AbstractBuilder.mapOf(AbstractBuilder.java:112)
	at de.uka.ilkd.key.nparser.builder.IncludeFinder.visitOne_include_statement(IncludeFinder.java:35)
	at de.uka.ilkd.key.nparser.builder.IncludeFinder.visitOne_include_statement(IncludeFinder.java:20)
	at de.uka.ilkd.key.nparser.KeYParser$One_include_statementContext.accept(KeYParser.java:802)
	at org.antlr.v4.runtime.tree.AbstractParseTreeVisitor.visitChildren(AbstractParseTreeVisitor.java:46)
	at de.uka.ilkd.key.nparser.KeYParserBaseVisitor.visitDecls(KeYParserBaseVisitor.java:30)
	at de.uka.ilkd.key.nparser.KeYParser$DeclsContext.accept(KeYParser.java:500)
	at org.antlr.v4.runtime.tree.AbstractParseTreeVisitor.visitChildren(AbstractParseTreeVisitor.java:46)
	at de.uka.ilkd.key.nparser.KeYParserBaseVisitor.visitFile(KeYParserBaseVisitor.java:23)
	at de.uka.ilkd.key.nparser.KeYParser$FileContext.accept(KeYParser.java:306)
	at de.uka.ilkd.key.nparser.KeyAst.accept(KeyAst.java:41)
	at de.uka.ilkd.key.nparser.KeyAst$File.getIncludes(KeyAst.java:76)
	at de.uka.ilkd.key.proof.io.KeYFile.readIncludes(KeYFile.java:208)
	... 14 more
Could not find rule file rules/intRulesCheckedSemantics.key (file: /home/runner/work/key/key/key.core/../key.ui/examples/index/.././standard_key/prop_log/allClausesLength4.key; caused by: de.uka.ilkd.key.proof.init.ProofInputException: Could not find rule file rules/intRulesCheckedSemantics.key)
	at de.uka.ilkd.key.control.AbstractUserInterfaceControl.load(AbstractUserInterfaceControl.java:221)
	at de.uka.ilkd.key.control.KeYEnvironment.load(KeYEnvironment.java:251)
	at de.uka.ilkd.key.control.KeYEnvironment.load(KeYEnvironment.java:224)
	at de.uka.ilkd.key.control.KeYEnvironment.load(KeYEnvironment.java:184)
	at de.uka.ilkd.key.control.KeYEnvironment.load(KeYEnvironment.java:261)
	at de.uka.ilkd.key.proof.runallproofs.proofcollection.TestFile.load(TestFile.java:270)
	at de.uka.ilkd.key.proof.runallproofs.proofcollection.TestFile.runKey(TestFile.java:160)
	at de.uka.ilkd.key.proof.runallproofs.proofcollection.ForkedTestFileRunner.main(ForkedTestFileRunner.java:171)
Caused by: de.uka.ilkd.key.proof.init.ProofInputException: Could not find rule file rules/intRulesCheckedSemantics.key
	at de.uka.ilkd.key.proof.io.KeYFile.readIncludes(KeYFile.java:210)
	at de.uka.ilkd.key.proof.init.ProblemInitializer.readIncludes(ProblemInitializer.java:177)
	at de.uka.ilkd.key.proof.init.ProblemInitializer.readEnvInput(ProblemInitializer.java:325)
	at de.uka.ilkd.key.proof.init.ProblemInitializer.prepare(ProblemInitializer.java:449)
	at de.uka.ilkd.key.proof.io.AbstractProblemLoader.createInitConfig(AbstractProblemLoader.java:518)
	at de.uka.ilkd.key.proof.io.AbstractProblemLoader.loadEnvironment(AbstractProblemLoader.java:288)
	at de.uka.ilkd.key.proof.io.AbstractProblemLoader.load(AbstractProblemLoader.java:252)
	at de.uka.ilkd.key.control.AbstractUserInterfaceControl.load(AbstractUserInterfaceControl.java:209)
	... 7 more
Caused by: java.lang.RuntimeException: Could not find rule file rules/intRulesCheckedSemantics.key
	at de.uka.ilkd.key.proof.io.RuleSourceFactory.fromBuiltInRule(RuleSourceFactory.java:32)
	at de.uka.ilkd.key.proof.io.RuleSourceFactory.fromDefaultLocation(RuleSourceFactory.java:21)
	at de.uka.ilkd.key.nparser.builder.IncludeFinder.addInclude(IncludeFinder.java:63)
	at de.uka.ilkd.key.nparser.builder.IncludeFinder.visitOne_include(IncludeFinder.java:43)
	at de.uka.ilkd.key.nparser.builder.IncludeFinder.visitOne_include(IncludeFinder.java:20)
	at de.uka.ilkd.key.nparser.KeYParser$One_includeContext.accept(KeYParser.java:878)
	at de.uka.ilkd.key.nparser.builder.AbstractBuilder.lambda$mapOf$0(AbstractBuilder.java:112)
	at java.base/java.util.stream.ReferencePipeline$3$1.accept(ReferencePipeline.java:195)
	at java.base/java.util.ArrayList$ArrayListSpliterator.forEachRemaining(ArrayList.java:1655)
	at java.base/java.util.stream.AbstractPipeline.copyInto(AbstractPipeline.java:484)
	at java.base/java.util.stream.AbstractPipeline.wrapAndCopyInto(AbstractPipeline.java:474)
	at java.base/java.util.stream.ReduceOps$ReduceOp.evaluateSequential(ReduceOps.java:913)
	at java.base/java.util.stream.AbstractPipeline.evaluate(AbstractPipeline.java:234)
	at java.base/java.util.stream.ReferencePipeline.collect(ReferencePipeline.java:578)
	at de.uka.ilkd.key.nparser.builder.AbstractBuilder.mapOf(AbstractBuilder.java:112)
	at de.uka.ilkd.key.nparser.builder.IncludeFinder.visitOne_include_statement(IncludeFinder.java:35)
	at de.uka.ilkd.key.nparser.builder.IncludeFinder.visitOne_include_statement(IncludeFinder.java:20)
	at de.uka.ilkd.key.nparser.KeYParser$One_include_statementContext.accept(KeYParser.java:802)
	at org.antlr.v4.runtime.tree.AbstractParseTreeVisitor.visitChildren(AbstractParseTreeVisitor.java:46)
	at de.uka.ilkd.key.nparser.KeYParserBaseVisitor.visitDecls(KeYParserBaseVisitor.java:30)
	at de.uka.ilkd.key.nparser.KeYParser$DeclsContext.accept(KeYParser.java:500)
	at org.antlr.v4.runtime.tree.AbstractParseTreeVisitor.visitChildren(AbstractParseTreeVisitor.java:46)
	at de.uka.ilkd.key.nparser.KeYParserBaseVisitor.visitFile(KeYParserBaseVisitor.java:23)
	at de.uka.ilkd.key.nparser.KeYParser$FileContext.accept(KeYParser.java:306)
	at de.uka.ilkd.key.nparser.KeyAst.accept(KeyAst.java:41)
	at de.uka.ilkd.key.nparser.KeyAst$File.getIncludes(KeyAst.java:76)
	at de.uka.ilkd.key.proof.io.KeYFile.readIncludes(KeYFile.java:208)
	... 14 more
Could not find rule file rules/intRulesCheckedSemantics.key (file: /home/runner/work/key/key/key.core/../key.ui/examples/index/.././standard_key/prop_log/allClausesLength5.key; caused by: de.uka.ilkd.key.proof.init.ProofInputException: Could not find rule file rules/intRulesCheckedSemantics.key)
	at de.uka.ilkd.key.control.AbstractUserInterfaceControl.load(AbstractUserInterfaceControl.java:221)
	at de.uka.ilkd.key.control.KeYEnvironment.load(KeYEnvironment.java:251)
	at de.uka.ilkd.key.control.KeYEnvironment.load(KeYEnvironment.java:224)
	at de.uka.ilkd.key.control.KeYEnvironment.load(KeYEnvironment.java:184)
	at de.uka.ilkd.key.control.KeYEnvironment.load(KeYEnvironment.java:261)
	at de.uka.ilkd.key.proof.runallproofs.proofcollection.TestFile.load(TestFile.java:270)
	at de.uka.ilkd.key.proof.runallproofs.proofcollection.TestFile.runKey(TestFile.java:160)
	at de.uka.ilkd.key.proof.runallproofs.proofcollection.ForkedTestFileRunner.main(ForkedTestFileRunner.java:171)
Caused by: de.uka.ilkd.key.proof.init.ProofInputException: Could not find rule file rules/intRulesCheckedSemantics.key
	at de.uka.ilkd.key.proof.io.KeYFile.readIncludes(KeYFile.java:210)
	at de.uka.ilkd.key.proof.init.ProblemInitializer.readIncludes(ProblemInitializer.java:177)
	at de.uka.ilkd.key.proof.init.ProblemInitializer.readEnvInput(ProblemInitializer.java:325)
	at de.uka.ilkd.key.proof.init.ProblemInitializer.prepare(ProblemInitializer.java:449)
	at de.uka.ilkd.key.proof.io.AbstractProblemLoader.createInitConfig(AbstractProblemLoader.java:518)
	at de.uka.ilkd.key.proof.io.AbstractProblemLoader.loadEnvironment(AbstractProblemLoader.java:288)
	at de.uka.ilkd.key.proof.io.AbstractProblemLoader.load(AbstractProblemLoader.java:252)
	at de.uka.ilkd.key.control.AbstractUserInterfaceControl.load(AbstractUserInterfaceControl.java:209)
	... 7 more
Caused by: java.lang.RuntimeException: Could not find rule file rules/intRulesCheckedSemantics.key
	at de.uka.ilkd.key.proof.io.RuleSourceFactory.fromBuiltInRule(RuleSourceFactory.java:32)
	at de.uka.ilkd.key.proof.io.RuleSourceFactory.fromDefaultLocation(RuleSourceFactory.java:21)
	at de.uka.ilkd.key.nparser.builder.IncludeFinder.addInclude(IncludeFinder.java:63)
	at de.uka.ilkd.key.nparser.builder.IncludeFinder.visitOne_include(IncludeFinder.java:43)
	at de.uka.ilkd.key.nparser.builder.IncludeFinder.visitOne_include(IncludeFinder.java:20)
	at de.uka.ilkd.key.nparser.KeYParser$One_includeContext.accept(KeYParser.java:878)
	at de.uka.ilkd.key.nparser.builder.AbstractBuilder.lambda$mapOf$0(AbstractBuilder.java:112)
	at java.base/java.util.stream.ReferencePipeline$3$1.accept(ReferencePipeline.java:195)
	at java.base/java.util.ArrayList$ArrayListSpliterator.forEachRemaining(ArrayList.java:1655)
	at java.base/java.util.stream.AbstractPipeline.copyInto(AbstractPipeline.java:484)
	at java.base/java.util.stream.AbstractPipeline.wrapAndCopyInto(AbstractPipeline.java:474)
	at java.base/java.util.stream.ReduceOps$ReduceOp.evaluateSequential(ReduceOps.java:913)
	at java.base/java.util.stream.AbstractPipeline.evaluate(AbstractPipeline.java:234)
	at java.base/java.util.stream.ReferencePipeline.collect(ReferencePipeline.java:578)
	at de.uka.ilkd.key.nparser.builder.AbstractBuilder.mapOf(AbstractBuilder.java:112)
	at de.uka.ilkd.key.nparser.builder.IncludeFinder.visitOne_include_statement(IncludeFinder.java:35)
	at de.uka.ilkd.key.nparser.builder.IncludeFinder.visitOne_include_statement(IncludeFinder.java:20)
	at de.uka.ilkd.key.nparser.KeYParser$One_include_statementContext.accept(KeYParser.java:802)
	at org.antlr.v4.runtime.tree.AbstractParseTreeVisitor.visitChildren(AbstractParseTreeVisitor.java:46)
	at de.uka.ilkd.key.nparser.KeYParserBaseVisitor.visitDecls(KeYParserBaseVisitor.java:30)
	at de.uka.ilkd.key.nparser.KeYParser$DeclsContext.accept(KeYParser.java:500)
	at org.antlr.v4.runtime.tree.AbstractParseTreeVisitor.visitChildren(AbstractParseTreeVisitor.java:46)
	at de.uka.ilkd.key.nparser.KeYParserBaseVisitor.visitFile(KeYParserBaseVisitor.java:23)
	at de.uka.ilkd.key.nparser.KeYParser$FileContext.accept(KeYParser.java:306)
	at de.uka.ilkd.key.nparser.KeyAst.accept(KeyAst.java:41)
	at de.uka.ilkd.key.nparser.KeyAst$File.getIncludes(KeyAst.java:76)
	at de.uka.ilkd.key.proof.io.KeYFile.readIncludes(KeYFile.java:208)
	... 14 more
Could not find rule file rules/intRulesCheckedSemantics.key (file: /home/runner/work/key/key/key.core/../key.ui/examples/index/.././standard_key/prop_log/doubleNeg.key; caused by: de.uka.ilkd.key.proof.init.ProofInputException: Could not find rule file rules/intRulesCheckedSemantics.key)
	at de.uka.ilkd.key.control.AbstractUserInterfaceControl.load(AbstractUserInterfaceControl.java:221)
	at de.uka.ilkd.key.control.KeYEnvironment.load(KeYEnvironment.java:251)
	at de.uka.ilkd.key.control.KeYEnvironment.load(KeYEnvironment.java:224)
	at de.uka.ilkd.key.control.KeYEnvironment.load(KeYEnvironment.java:184)
	at de.uka.ilkd.key.control.KeYEnvironment.load(KeYEnvironment.java:261)
	at de.uka.ilkd.key.proof.runallproofs.proofcollection.TestFile.load(TestFile.java:270)
	at de.uka.ilkd.key.proof.runallproofs.proofcollection.TestFile.runKey(TestFile.java:160)
	at de.uka.ilkd.key.proof.runallproofs.proofcollection.ForkedTestFileRunner.main(ForkedTestFileRunner.java:171)
Caused by: de.uka.ilkd.key.proof.init.ProofInputException: Could not find rule file rules/intRulesCheckedSemantics.key
	at de.uka.ilkd.key.proof.io.KeYFile.readIncludes(KeYFile.java:210)
	at de.uka.ilkd.key.proof.init.ProblemInitializer.readIncludes(ProblemInitializer.java:177)
	at de.uka.ilkd.key.proof.init.ProblemInitializer.readEnvInput(ProblemInitializer.java:325)
	at de.uka.ilkd.key.proof.init.ProblemInitializer.prepare(ProblemInitializer.java:449)
	at de.uka.ilkd.key.proof.io.AbstractProblemLoader.createInitConfig(AbstractProblemLoader.java:518)
	at de.uka.ilkd.key.proof.io.AbstractProblemLoader.loadEnvironment(AbstractProblemLoader.java:288)
	at de.uka.ilkd.key.proof.io.AbstractProblemLoader.load(AbstractProblemLoader.java:252)
	at de.uka.ilkd.key.control.AbstractUserInterfaceControl.load(AbstractUserInterfaceControl.java:209)
	... 7 more
Caused by: java.lang.RuntimeException: Could not find rule file rules/intRulesCheckedSemantics.key
	at de.uka.ilkd.key.proof.io.RuleSourceFactory.fromBuiltInRule(RuleSourceFactory.java:32)
	at de.uka.ilkd.key.proof.io.RuleSourceFactory.fromDefaultLocation(RuleSourceFactory.java:21)
	at de.uka.ilkd.key.nparser.builder.IncludeFinder.addInclude(IncludeFinder.java:63)
	at de.uka.ilkd.key.nparser.builder.IncludeFinder.visitOne_include(IncludeFinder.java:43)
	at de.uka.ilkd.key.nparser.builder.IncludeFinder.visitOne_include(IncludeFinder.java:20)
	at de.uka.ilkd.key.nparser.KeYParser$One_includeContext.accept(KeYParser.java:878)
	at de.uka.ilkd.key.nparser.builder.AbstractBuilder.lambda$mapOf$0(AbstractBuilder.java:112)
	at java.base/java.util.stream.ReferencePipeline$3$1.accept(ReferencePipeline.java:195)
	at java.base/java.util.ArrayList$ArrayListSpliterator.forEachRemaining(ArrayList.java:1655)
	at java.base/java.util.stream.AbstractPipeline.copyInto(AbstractPipeline.java:484)
	at java.base/java.util.stream.AbstractPipeline.wrapAndCopyInto(AbstractPipeline.java:474)
	at java.base/java.util.stream.ReduceOps$ReduceOp.evaluateSequential(ReduceOps.java:913)
	at java.base/java.util.stream.AbstractPipeline.evaluate(AbstractPipeline.java:234)
	at java.base/java.util.stream.ReferencePipeline.collect(ReferencePipeline.java:578)
	at de.uka.ilkd.key.nparser.builder.AbstractBuilder.mapOf(AbstractBuilder.java:112)
	at de.uka.ilkd.key.nparser.builder.IncludeFinder.visitOne_include_statement(IncludeFinder.java:35)
	at de.uka.ilkd.key.nparser.builder.IncludeFinder.visitOne_include_statement(IncludeFinder.java:20)
	at de.uka.ilkd.key.nparser.KeYParser$One_include_statementContext.accept(KeYParser.java:802)
	at org.antlr.v4.runtime.tree.AbstractParseTreeVisitor.visitChildren(AbstractParseTreeVisitor.java:46)
	at de.uka.ilkd.key.nparser.KeYParserBaseVisitor.visitDecls(KeYParserBaseVisitor.java:30)
	at de.uka.ilkd.key.nparser.KeYParser$DeclsContext.accept(KeYParser.java:500)
	at org.antlr.v4.runtime.tree.AbstractParseTreeVisitor.visitChildren(AbstractParseTreeVisitor.java:46)
	at de.uka.ilkd.key.nparser.KeYParserBaseVisitor.visitFile(KeYParserBaseVisitor.java:23)
	at de.uka.ilkd.key.nparser.KeYParser$FileContext.accept(KeYParser.java:306)
	at de.uka.ilkd.key.nparser.KeyAst.accept(KeyAst.java:41)
	at de.uka.ilkd.key.nparser.KeyAst$File.getIncludes(KeyAst.java:76)
	at de.uka.ilkd.key.proof.io.KeYFile.readIncludes(KeYFile.java:208)
	... 14 more
Could not find rule file rules/intRulesCheckedSemantics.key (file: /home/runner/work/key/key/key.core/../key.ui/examples/index/.././standard_key/prop_log/liarsville.key; caused by: de.uka.ilkd.key.proof.init.ProofInputException: Could not find rule file rules/intRulesCheckedSemantics.key)
	at de.uka.ilkd.key.control.AbstractUserInterfaceControl.load(AbstractUserInterfaceControl.java:221)
	at de.uka.ilkd.key.control.KeYEnvironment.load(KeYEnvironment.java:251)
	at de.uka.ilkd.key.control.KeYEnvironment.load(KeYEnvironment.java:224)
	at de.uka.ilkd.key.control.KeYEnvironment.load(KeYEnvironment.java:184)
	at de.uka.ilkd.key.control.KeYEnvironment.load(KeYEnvironment.java:261)
	at de.uka.ilkd.key.proof.runallproofs.proofcollection.TestFile.load(TestFile.java:270)
	at de.uka.ilkd.key.proof.runallproofs.proofcollection.TestFile.runKey(TestFile.java:160)
	at de.uka.ilkd.key.proof.runallproofs.proofcollection.ForkedTestFileRunner.main(ForkedTestFileRunner.java:171)
Caused by: de.uka.ilkd.key.proof.init.ProofInputException: Could not find rule file rules/intRulesCheckedSemantics.key
	at de.uka.ilkd.key.proof.io.KeYFile.readIncludes(KeYFile.java:210)
	at de.uka.ilkd.key.proof.init.ProblemInitializer.readIncludes(ProblemInitializer.java:177)
	at de.uka.ilkd.key.proof.init.ProblemInitializer.readEnvInput(ProblemInitializer.java:325)
	at de.uka.ilkd.key.proof.init.ProblemInitializer.prepare(ProblemInitializer.java:449)
	at de.uka.ilkd.key.proof.io.AbstractProblemLoader.createInitConfig(AbstractProblemLoader.java:518)
	at de.uka.ilkd.key.proof.io.AbstractProblemLoader.loadEnvironment(AbstractProblemLoader.java:288)
	at de.uka.ilkd.key.proof.io.AbstractProblemLoader.load(AbstractProblemLoader.java:252)
	at de.uka.ilkd.key.control.AbstractUserInterfaceControl.load(AbstractUserInterfaceControl.java:209)
	... 7 more
Caused by: java.lang.RuntimeException: Could not find rule file rules/intRulesCheckedSemantics.key
	at de.uka.ilkd.key.proof.io.RuleSourceFactory.fromBuiltInRule(RuleSourceFactory.java:32)
	at de.uka.ilkd.key.proof.io.RuleSourceFactory.fromDefaultLocation(RuleSourceFactory.java:21)
	at de.uka.ilkd.key.nparser.builder.IncludeFinder.addInclude(IncludeFinder.java:63)
	at de.uka.ilkd.key.nparser.builder.IncludeFinder.visitOne_include(IncludeFinder.java:43)
	at de.uka.ilkd.key.nparser.builder.IncludeFinder.visitOne_include(IncludeFinder.java:20)
	at de.uka.ilkd.key.nparser.KeYParser$One_includeContext.accept(KeYParser.java:878)
	at de.uka.ilkd.key.nparser.builder.AbstractBuilder.lambda$mapOf$0(AbstractBuilder.java:112)
	at java.base/java.util.stream.ReferencePipeline$3$1.accept(ReferencePipeline.java:195)
	at java.base/java.util.ArrayList$ArrayListSpliterator.forEachRemaining(ArrayList.java:1655)
	at java.base/java.util.stream.AbstractPipeline.copyInto(AbstractPipeline.java:484)
	at java.base/java.util.stream.AbstractPipeline.wrapAndCopyInto(AbstractPipeline.java:474)
	at java.base/java.util.stream.ReduceOps$ReduceOp.evaluateSequential(ReduceOps.java:913)
	at java.base/java.util.stream.AbstractPipeline.evaluate(AbstractPipeline.java:234)
	at java.base/java.util.stream.ReferencePipeline.collect(ReferencePipeline.java:578)
	at de.uka.ilkd.key.nparser.builder.AbstractBuilder.mapOf(AbstractBuilder.java:112)
	at de.uka.ilkd.key.nparser.builder.IncludeFinder.visitOne_include_statement(IncludeFinder.java:35)
	at de.uka.ilkd.key.nparser.builder.IncludeFinder.visitOne_include_statement(IncludeFinder.java:20)
	at de.uka.ilkd.key.nparser.KeYParser$One_include_statementContext.accept(KeYParser.java:802)
	at org.antlr.v4.runtime.tree.AbstractParseTreeVisitor.visitChildren(AbstractParseTreeVisitor.java:46)
	at de.uka.ilkd.key.nparser.KeYParserBaseVisitor.visitDecls(KeYParserBaseVisitor.java:30)
	at de.uka.ilkd.key.nparser.KeYParser$DeclsContext.accept(KeYParser.java:500)
	at org.antlr.v4.runtime.tree.AbstractParseTreeVisitor.visitChildren(AbstractParseTreeVisitor.java:46)
	at de.uka.ilkd.key.nparser.KeYParserBaseVisitor.visitFile(KeYParserBaseVisitor.java:23)
	at de.uka.ilkd.key.nparser.KeYParser$FileContext.accept(KeYParser.java:306)
	at de.uka.ilkd.key.nparser.KeyAst.accept(KeyAst.java:41)
	at de.uka.ilkd.key.nparser.KeyAst$File.getIncludes(KeyAst.java:76)
	at de.uka.ilkd.key.proof.io.KeYFile.readIncludes(KeYFile.java:208)
	... 14 more
Could not find rule file rules/intRulesCheckedSemantics.key (file: /home/runner/work/key/key/key.core/../key.ui/examples/index/.././standard_key/prop_log/simplest.key; caused by: de.uka.ilkd.key.proof.init.ProofInputException: Could not find rule file rules/intRulesCheckedSemantics.key)
	at de.uka.ilkd.key.control.AbstractUserInterfaceControl.load(AbstractUserInterfaceControl.java:221)
	at de.uka.ilkd.key.control.KeYEnvironment.load(KeYEnvironment.java:251)
	at de.uka.ilkd.key.control.KeYEnvironment.load(KeYEnvironment.java:224)
	at de.uka.ilkd.key.control.KeYEnvironment.load(KeYEnvironment.java:184)
	at de.uka.ilkd.key.control.KeYEnvironment.load(KeYEnvironment.java:261)
	at de.uka.ilkd.key.proof.runallproofs.proofcollection.TestFile.load(TestFile.java:270)
	at de.uka.ilkd.key.proof.runallproofs.proofcollection.TestFile.runKey(TestFile.java:160)
	at de.uka.ilkd.key.proof.runallproofs.proofcollection.ForkedTestFileRunner.main(ForkedTestFileRunner.java:171)
Caused by: de.uka.ilkd.key.proof.init.ProofInputException: Could not find rule file rules/intRulesCheckedSemantics.key
	at de.uka.ilkd.key.proof.io.KeYFile.readIncludes(KeYFile.java:210)
	at de.uka.ilkd.key.proof.init.ProblemInitializer.readIncludes(ProblemInitializer.java:177)
	at de.uka.ilkd.key.proof.init.ProblemInitializer.readEnvInput(ProblemInitializer.java:325)
	at de.uka.ilkd.key.proof.init.ProblemInitializer.prepare(ProblemInitializer.java:449)
	at de.uka.ilkd.key.proof.io.AbstractProblemLoader.createInitConfig(AbstractProblemLoader.java:518)
	at de.uka.ilkd.key.proof.io.AbstractProblemLoader.loadEnvironment(AbstractProblemLoader.java:288)
	at de.uka.ilkd.key.proof.io.AbstractProblemLoader.load(AbstractProblemLoader.java:252)
	at de.uka.ilkd.key.control.AbstractUserInterfaceControl.load(AbstractUserInterfaceControl.java:209)
	... 7 more
Caused by: java.lang.RuntimeException: Could not find rule file rules/intRulesCheckedSemantics.key
	at de.uka.ilkd.key.proof.io.RuleSourceFactory.fromBuiltInRule(RuleSourceFactory.java:32)
	at de.uka.ilkd.key.proof.io.RuleSourceFactory.fromDefaultLocation(RuleSourceFactory.java:21)
	at de.uka.ilkd.key.nparser.builder.IncludeFinder.addInclude(IncludeFinder.java:63)
	at de.uka.ilkd.key.nparser.builder.IncludeFinder.visitOne_include(IncludeFinder.java:43)
	at de.uka.ilkd.key.nparser.builder.IncludeFinder.visitOne_include(IncludeFinder.java:20)
	at de.uka.ilkd.key.nparser.KeYParser$One_includeContext.accept(KeYParser.java:878)
	at de.uka.ilkd.key.nparser.builder.AbstractBuilder.lambda$mapOf$0(AbstractBuilder.java:112)
	at java.base/java.util.stream.ReferencePipeline$3$1.accept(ReferencePipeline.java:195)
	at java.base/java.util.ArrayList$ArrayListSpliterator.forEachRemaining(ArrayList.java:1655)
	at java.base/java.util.stream.AbstractPipeline.copyInto(AbstractPipeline.java:484)
	at java.base/java.util.stream.AbstractPipeline.wrapAndCopyInto(AbstractPipeline.java:474)
	at java.base/java.util.stream.ReduceOps$ReduceOp.evaluateSequential(ReduceOps.java:913)
	at java.base/java.util.stream.AbstractPipeline.evaluate(AbstractPipeline.java:234)
	at java.base/java.util.stream.ReferencePipeline.collect(ReferencePipeline.java:578)
	at de.uka.ilkd.key.nparser.builder.AbstractBuilder.mapOf(AbstractBuilder.java:112)
	at de.uka.ilkd.key.nparser.builder.IncludeFinder.visitOne_include_statement(IncludeFinder.java:35)
	at de.uka.ilkd.key.nparser.builder.IncludeFinder.visitOne_include_statement(IncludeFinder.java:20)
	at de.uka.ilkd.key.nparser.KeYParser$One_include_statementContext.accept(KeYParser.java:802)
	at org.antlr.v4.runtime.tree.AbstractParseTreeVisitor.visitChildren(AbstractParseTreeVisitor.java:46)
	at de.uka.ilkd.key.nparser.KeYParserBaseVisitor.visitDecls(KeYParserBaseVisitor.java:30)
	at de.uka.ilkd.key.nparser.KeYParser$DeclsContext.accept(KeYParser.java:500)
	at org.antlr.v4.runtime.tree.AbstractParseTreeVisitor.visitChildren(AbstractParseTreeVisitor.java:46)
	at de.uka.ilkd.key.nparser.KeYParserBaseVisitor.visitFile(KeYParserBaseVisitor.java:23)
	at de.uka.ilkd.key.nparser.KeYParser$FileContext.accept(KeYParser.java:306)
	at de.uka.ilkd.key.nparser.KeyAst.accept(KeyAst.java:41)
	at de.uka.ilkd.key.nparser.KeyAst$File.getIncludes(KeyAst.java:76)
	at de.uka.ilkd.key.proof.io.KeYFile.readIncludes(KeYFile.java:208)
	... 14 more
Could not find rule file rules/intRulesCheckedSemantics.key (file: /home/runner/work/key/key/key.core/../key.ui/examples/index/.././standard_key/prop_log/contraposition.key; caused by: de.uka.ilkd.key.proof.init.ProofInputException: Could not find rule file rules/intRulesCheckedSemantics.key)
	at de.uka.ilkd.key.control.AbstractUserInterfaceControl.load(AbstractUserInterfaceControl.java:221)
	at de.uka.ilkd.key.control.KeYEnvironment.load(KeYEnvironment.java:251)
	at de.uka.ilkd.key.control.KeYEnvironment.load(KeYEnvironment.java:224)
	at de.uka.ilkd.key.control.KeYEnvironment.load(KeYEnvironment.java:184)
	at de.uka.ilkd.key.control.KeYEnvironment.load(KeYEnvironment.java:261)
	at de.uka.ilkd.key.proof.runallproofs.proofcollection.TestFile.load(TestFile.java:270)
	at de.uka.ilkd.key.proof.runallproofs.proofcollection.TestFile.runKey(TestFile.java:160)
	at de.uka.ilkd.key.proof.runallproofs.proofcollection.ForkedTestFileRunner.main(ForkedTestFileRunner.java:171)
Caused by: de.uka.ilkd.key.proof.init.ProofInputException: Could not find rule file rules/intRulesCheckedSemantics.key
	at de.uka.ilkd.key.proof.io.KeYFile.readIncludes(KeYFile.java:210)
	at de.uka.ilkd.key.proof.init.ProblemInitializer.readIncludes(ProblemInitializer.java:177)
	at de.uka.ilkd.key.proof.init.ProblemInitializer.readEnvInput(ProblemInitializer.java:325)
	at de.uka.ilkd.key.proof.init.ProblemInitializer.prepare(ProblemInitializer.java:449)
	at de.uka.ilkd.key.proof.io.AbstractProblemLoader.createInitConfig(AbstractProblemLoader.java:518)
	at de.uka.ilkd.key.proof.io.AbstractProblemLoader.loadEnvironment(AbstractProblemLoader.java:288)
	at de.uka.ilkd.key.proof.io.AbstractProblemLoader.load(AbstractProblemLoader.java:252)
	at de.uka.ilkd.key.control.AbstractUserInterfaceControl.load(AbstractUserInterfaceControl.java:209)
	... 7 more
Caused by: java.lang.RuntimeException: Could not find rule file rules/intRulesCheckedSemantics.key
	at de.uka.ilkd.key.proof.io.RuleSourceFactory.fromBuiltInRule(RuleSourceFactory.java:32)
	at de.uka.ilkd.key.proof.io.RuleSourceFactory.fromDefaultLocation(RuleSourceFactory.java:21)
	at de.uka.ilkd.key.nparser.builder.IncludeFinder.addInclude(IncludeFinder.java:63)
	at de.uka.ilkd.key.nparser.builder.IncludeFinder.visitOne_include(IncludeFinder.java:43)
	at de.uka.ilkd.key.nparser.builder.IncludeFinder.visitOne_include(IncludeFinder.java:20)
	at de.uka.ilkd.key.nparser.KeYParser$One_includeContext.accept(KeYParser.java:878)
	at de.uka.ilkd.key.nparser.builder.AbstractBuilder.lambda$mapOf$0(AbstractBuilder.java:112)
	at java.base/java.util.stream.ReferencePipeline$3$1.accept(ReferencePipeline.java:195)
	at java.base/java.util.ArrayList$ArrayListSpliterator.forEachRemaining(ArrayList.java:1655)
	at java.base/java.util.stream.AbstractPipeline.copyInto(AbstractPipeline.java:484)
	at java.base/java.util.stream.AbstractPipeline.wrapAndCopyInto(AbstractPipeline.java:474)
	at java.base/java.util.stream.ReduceOps$ReduceOp.evaluateSequential(ReduceOps.java:913)
	at java.base/java.util.stream.AbstractPipeline.evaluate(AbstractPipeline.java:234)
	at java.base/java.util.stream.ReferencePipeline.collect(ReferencePipeline.java:578)
	at de.uka.ilkd.key.nparser.builder.AbstractBuilder.mapOf(AbstractBuilder.java:112)
	at de.uka.ilkd.key.nparser.builder.IncludeFinder.visitOne_include_statement(IncludeFinder.java:35)
	at de.uka.ilkd.key.nparser.builder.IncludeFinder.visitOne_include_statement(IncludeFinder.java:20)
	at de.uka.ilkd.key.nparser.KeYParser$One_include_statementContext.accept(KeYParser.java:802)
	at org.antlr.v4.runtime.tree.AbstractParseTreeVisitor.visitChildren(AbstractParseTreeVisitor.java:46)
	at de.uka.ilkd.key.nparser.KeYParserBaseVisitor.visitDecls(KeYParserBaseVisitor.java:30)
	at de.uka.ilkd.key.nparser.KeYParser$DeclsContext.accept(KeYParser.java:500)
	at org.antlr.v4.runtime.tree.AbstractParseTreeVisitor.visitChildren(AbstractParseTreeVisitor.java:46)
	at de.uka.ilkd.key.nparser.KeYParserBaseVisitor.visitFile(KeYParserBaseVisitor.java:23)
	at de.uka.ilkd.key.nparser.KeYParser$FileContext.accept(KeYParser.java:306)
	at de.uka.ilkd.key.nparser.KeyAst.accept(KeyAst.java:41)
	at de.uka.ilkd.key.nparser.KeyAst$File.getIncludes(KeyAst.java:76)
	at de.uka.ilkd.key.proof.io.KeYFile.readIncludes(KeYFile.java:208)
	... 14 more
Could not find rule file rules/intRulesCheckedSemantics.key (file: /home/runner/work/key/key/key.core/../key.ui/examples/index/.././standard_key/quantifiers/elimination0.key; caused by: de.uka.ilkd.key.proof.init.ProofInputException: Could not find rule file rules/intRulesCheckedSemantics.key)
	at de.uka.ilkd.key.control.AbstractUserInterfaceControl.load(AbstractUserInterfaceControl.java:221)
	at de.uka.ilkd.key.control.KeYEnvironment.load(KeYEnvironment.java:251)
	at de.uka.ilkd.key.control.KeYEnvironment.load(KeYEnvironment.java:224)
	at de.uka.ilkd.key.control.KeYEnvironment.load(KeYEnvironment.java:184)
	at de.uka.ilkd.key.control.KeYEnvironment.load(KeYEnvironment.java:261)
	at de.uka.ilkd.key.proof.runallproofs.proofcollection.TestFile.load(TestFile.java:270)
	at de.uka.ilkd.key.proof.runallproofs.proofcollection.TestFile.runKey(TestFile.java:160)
	at de.uka.ilkd.key.proof.runallproofs.proofcollection.ForkedTestFileRunner.main(ForkedTestFileRunner.java:171)
Caused by: de.uka.ilkd.key.proof.init.ProofInputException: Could not find rule file rules/intRulesCheckedSemantics.key
	at de.uka.ilkd.key.proof.io.KeYFile.readIncludes(KeYFile.java:210)
	at de.uka.ilkd.key.proof.init.ProblemInitializer.readIncludes(ProblemInitializer.java:177)
	at de.uka.ilkd.key.proof.init.ProblemInitializer.readEnvInput(ProblemInitializer.java:325)
	at de.uka.ilkd.key.proof.init.ProblemInitializer.prepare(ProblemInitializer.java:449)
	at de.uka.ilkd.key.proof.io.AbstractProblemLoader.createInitConfig(AbstractProblemLoader.java:518)
	at de.uka.ilkd.key.proof.io.AbstractProblemLoader.loadEnvironment(AbstractProblemLoader.java:288)
	at de.uka.ilkd.key.proof.io.AbstractProblemLoader.load(AbstractProblemLoader.java:252)
	at de.uka.ilkd.key.control.AbstractUserInterfaceControl.load(AbstractUserInterfaceControl.java:209)
	... 7 more
Caused by: java.lang.RuntimeException: Could not find rule file rules/intRulesCheckedSemantics.key
	at de.uka.ilkd.key.proof.io.RuleSourceFactory.fromBuiltInRule(RuleSourceFactory.java:32)
	at de.uka.ilkd.key.proof.io.RuleSourceFactory.fromDefaultLocation(RuleSourceFactory.java:21)
	at de.uka.ilkd.key.nparser.builder.IncludeFinder.addInclude(IncludeFinder.java:63)
	at de.uka.ilkd.key.nparser.builder.IncludeFinder.visitOne_include(IncludeFinder.java:43)
	at de.uka.ilkd.key.nparser.builder.IncludeFinder.visitOne_include(IncludeFinder.java:20)
	at de.uka.ilkd.key.nparser.KeYParser$One_includeContext.accept(KeYParser.java:878)
	at de.uka.ilkd.key.nparser.builder.AbstractBuilder.lambda$mapOf$0(AbstractBuilder.java:112)
	at java.base/java.util.stream.ReferencePipeline$3$1.accept(ReferencePipeline.java:195)
	at java.base/java.util.ArrayList$ArrayListSpliterator.forEachRemaining(ArrayList.java:1655)
	at java.base/java.util.stream.AbstractPipeline.copyInto(AbstractPipeline.java:484)
	at java.base/java.util.stream.AbstractPipeline.wrapAndCopyInto(AbstractPipeline.java:474)
	at java.base/java.util.stream.ReduceOps$ReduceOp.evaluateSequential(ReduceOps.java:913)
	at java.base/java.util.stream.AbstractPipeline.evaluate(AbstractPipeline.java:234)
	at java.base/java.util.stream.ReferencePipeline.collect(ReferencePipeline.java:578)
	at de.uka.ilkd.key.nparser.builder.AbstractBuilder.mapOf(AbstractBuilder.java:112)
	at de.uka.ilkd.key.nparser.builder.IncludeFinder.visitOne_include_statement(IncludeFinder.java:35)
	at de.uka.ilkd.key.nparser.builder.IncludeFinder.visitOne_include_statement(IncludeFinder.java:20)
	at de.uka.ilkd.key.nparser.KeYParser$One_include_statementContext.accept(KeYParser.java:802)
	at org.antlr.v4.runtime.tree.AbstractParseTreeVisitor.visitChildren(AbstractParseTreeVisitor.java:46)
	at de.uka.ilkd.key.nparser.KeYParserBaseVisitor.visitDecls(KeYParserBaseVisitor.java:30)
	at de.uka.ilkd.key.nparser.KeYParser$DeclsContext.accept(KeYParser.java:500)
	at org.antlr.v4.runtime.tree.AbstractParseTreeVisitor.visitChildren(AbstractParseTreeVisitor.java:46)
	at de.uka.ilkd.key.nparser.KeYParserBaseVisitor.visitFile(KeYParserBaseVisitor.java:23)
	at de.uka.ilkd.key.nparser.KeYParser$FileContext.accept(KeYParser.java:306)
	at de.uka.ilkd.key.nparser.KeyAst.accept(KeyAst.java:41)
	at de.uka.ilkd.key.nparser.KeyAst$File.getIncludes(KeyAst.java:76)
	at de.uka.ilkd.key.proof.io.KeYFile.readIncludes(KeYFile.java:208)
	... 14 more
Could not find rule file rules/intRulesCheckedSemantics.key (file: /home/runner/work/key/key/key.core/../key.ui/examples/index/.././standard_key/quantifiers/heuristic_PUZ001p1-eq.key; caused by: de.uka.ilkd.key.proof.init.ProofInputException: Could not find rule file rules/intRulesCheckedSemantics.key)
	at de.uka.ilkd.key.control.AbstractUserInterfaceControl.load(AbstractUserInterfaceControl.java:221)
	at de.uka.ilkd.key.control.KeYEnvironment.load(KeYEnvironment.java:251)
	at de.uka.ilkd.key.control.KeYEnvironment.load(KeYEnvironment.java:224)
	at de.uka.ilkd.key.control.KeYEnvironment.load(KeYEnvironment.java:184)
	at de.uka.ilkd.key.control.KeYEnvironment.load(KeYEnvironment.java:261)
	at de.uka.ilkd.key.proof.runallproofs.proofcollection.TestFile.load(TestFile.java:270)
	at de.uka.ilkd.key.proof.runallproofs.proofcollection.TestFile.runKey(TestFile.java:160)
	at de.uka.ilkd.key.proof.runallproofs.proofcollection.ForkedTestFileRunner.main(ForkedTestFileRunner.java:171)
Caused by: de.uka.ilkd.key.proof.init.ProofInputException: Could not find rule file rules/intRulesCheckedSemantics.key
	at de.uka.ilkd.key.proof.io.KeYFile.readIncludes(KeYFile.java:210)
	at de.uka.ilkd.key.proof.init.ProblemInitializer.readIncludes(ProblemInitializer.java:177)
	at de.uka.ilkd.key.proof.init.ProblemInitializer.readEnvInput(ProblemInitializer.java:325)
	at de.uka.ilkd.key.proof.init.ProblemInitializer.prepare(ProblemInitializer.java:449)
	at de.uka.ilkd.key.proof.io.AbstractProblemLoader.createInitConfig(AbstractProblemLoader.java:518)
	at de.uka.ilkd.key.proof.io.AbstractProblemLoader.loadEnvironment(AbstractProblemLoader.java:288)
	at de.uka.ilkd.key.proof.io.AbstractProblemLoader.load(AbstractProblemLoader.java:252)
	at de.uka.ilkd.key.control.AbstractUserInterfaceControl.load(AbstractUserInterfaceControl.java:209)
	... 7 more
Caused by: java.lang.RuntimeException: Could not find rule file rules/intRulesCheckedSemantics.key
	at de.uka.ilkd.key.proof.io.RuleSourceFactory.fromBuiltInRule(RuleSourceFactory.java:32)
	at de.uka.ilkd.key.proof.io.RuleSourceFactory.fromDefaultLocation(RuleSourceFactory.java:21)
	at de.uka.ilkd.key.nparser.builder.IncludeFinder.addInclude(IncludeFinder.java:63)
	at de.uka.ilkd.key.nparser.builder.IncludeFinder.visitOne_include(IncludeFinder.java:43)
	at de.uka.ilkd.key.nparser.builder.IncludeFinder.visitOne_include(IncludeFinder.java:20)
	at de.uka.ilkd.key.nparser.KeYParser$One_includeContext.accept(KeYParser.java:878)
	at de.uka.ilkd.key.nparser.builder.AbstractBuilder.lambda$mapOf$0(AbstractBuilder.java:112)
	at java.base/java.util.stream.ReferencePipeline$3$1.accept(ReferencePipeline.java:195)
	at java.base/java.util.ArrayList$ArrayListSpliterator.forEachRemaining(ArrayList.java:1655)
	at java.base/java.util.stream.AbstractPipeline.copyInto(AbstractPipeline.java:484)
	at java.base/java.util.stream.AbstractPipeline.wrapAndCopyInto(AbstractPipeline.java:474)
	at java.base/java.util.stream.ReduceOps$ReduceOp.evaluateSequential(ReduceOps.java:913)
	at java.base/java.util.stream.AbstractPipeline.evaluate(AbstractPipeline.java:234)
	at java.base/java.util.stream.ReferencePipeline.collect(ReferencePipeline.java:578)
	at de.uka.ilkd.key.nparser.builder.AbstractBuilder.mapOf(AbstractBuilder.java:112)
	at de.uka.ilkd.key.nparser.builder.IncludeFinder.visitOne_include_statement(IncludeFinder.java:35)
	at de.uka.ilkd.key.nparser.builder.IncludeFinder.visitOne_include_statement(IncludeFinder.java:20)
	at de.uka.ilkd.key.nparser.KeYParser$One_include_statementContext.accept(KeYParser.java:802)
	at org.antlr.v4.runtime.tree.AbstractParseTreeVisitor.visitChildren(AbstractParseTreeVisitor.java:46)
	at de.uka.ilkd.key.nparser.KeYParserBaseVisitor.visitDecls(KeYParserBaseVisitor.java:30)
	at de.uka.ilkd.key.nparser.KeYParser$DeclsContext.accept(KeYParser.java:500)
	at org.antlr.v4.runtime.tree.AbstractParseTreeVisitor.visitChildren(AbstractParseTreeVisitor.java:46)
	at de.uka.ilkd.key.nparser.KeYParserBaseVisitor.visitFile(KeYParserBaseVisitor.java:23)
	at de.uka.ilkd.key.nparser.KeYParser$FileContext.accept(KeYParser.java:306)
	at de.uka.ilkd.key.nparser.KeyAst.accept(KeyAst.java:41)
	at de.uka.ilkd.key.nparser.KeyAst$File.getIncludes(KeyAst.java:76)
	at de.uka.ilkd.key.proof.io.KeYFile.readIncludes(KeYFile.java:208)
	... 14 more
Could not find rule file rules/intRulesCheckedSemantics.key (file: /home/runner/work/key/key/key.core/../key.ui/examples/index/.././standard_key/quantifiers/heuristic_PUZ001p1.key; caused by: de.uka.ilkd.key.proof.init.ProofInputException: Could not find rule file rules/intRulesCheckedSemantics.key)
	at de.uka.ilkd.key.control.AbstractUserInterfaceControl.load(AbstractUserInterfaceControl.java:221)
	at de.uka.ilkd.key.control.KeYEnvironment.load(KeYEnvironment.java:251)
	at de.uka.ilkd.key.control.KeYEnvironment.load(KeYEnvironment.java:224)
	at de.uka.ilkd.key.control.KeYEnvironment.load(KeYEnvironment.java:184)
	at de.uka.ilkd.key.control.KeYEnvironment.load(KeYEnvironment.java:261)
	at de.uka.ilkd.key.proof.runallproofs.proofcollection.TestFile.load(TestFile.java:270)
	at de.uka.ilkd.key.proof.runallproofs.proofcollection.TestFile.runKey(TestFile.java:160)
	at de.uka.ilkd.key.proof.runallproofs.proofcollection.ForkedTestFileRunner.main(ForkedTestFileRunner.java:171)
Caused by: de.uka.ilkd.key.proof.init.ProofInputException: Could not find rule file rules/intRulesCheckedSemantics.key
	at de.uka.ilkd.key.proof.io.KeYFile.readIncludes(KeYFile.java:210)
	at de.uka.ilkd.key.proof.init.ProblemInitializer.readIncludes(ProblemInitializer.java:177)
	at de.uka.ilkd.key.proof.init.ProblemInitializer.readEnvInput(ProblemInitializer.java:325)
	at de.uka.ilkd.key.proof.init.ProblemInitializer.prepare(ProblemInitializer.java:449)
	at de.uka.ilkd.key.proof.io.AbstractProblemLoader.createInitConfig(AbstractProblemLoader.java:518)
	at de.uka.ilkd.key.proof.io.AbstractProblemLoader.loadEnvironment(AbstractProblemLoader.java:288)
	at de.uka.ilkd.key.proof.io.AbstractProblemLoader.load(AbstractProblemLoader.java:252)
	at de.uka.ilkd.key.control.AbstractUserInterfaceControl.load(AbstractUserInterfaceControl.java:209)
	... 7 more
Caused by: java.lang.RuntimeException: Could not find rule file rules/intRulesCheckedSemantics.key
	at de.uka.ilkd.key.proof.io.RuleSourceFactory.fromBuiltInRule(RuleSourceFactory.java:32)
	at de.uka.ilkd.key.proof.io.RuleSourceFactory.fromDefaultLocation(RuleSourceFactory.java:21)
	at de.uka.ilkd.key.nparser.builder.IncludeFinder.addInclude(IncludeFinder.java:63)
	at de.uka.ilkd.key.nparser.builder.IncludeFinder.visitOne_include(IncludeFinder.java:43)
	at de.uka.ilkd.key.nparser.builder.IncludeFinder.visitOne_include(IncludeFinder.java:20)
	at de.uka.ilkd.key.nparser.KeYParser$One_includeContext.accept(KeYParser.java:878)
	at de.uka.ilkd.key.nparser.builder.AbstractBuilder.lambda$mapOf$0(AbstractBuilder.java:112)
	at java.base/java.util.stream.ReferencePipeline$3$1.accept(ReferencePipeline.java:195)
	at java.base/java.util.ArrayList$ArrayListSpliterator.forEachRemaining(ArrayList.java:1655)
	at java.base/java.util.stream.AbstractPipeline.copyInto(AbstractPipeline.java:484)
	at java.base/java.util.stream.AbstractPipeline.wrapAndCopyInto(AbstractPipeline.java:474)
	at java.base/java.util.stream.ReduceOps$ReduceOp.evaluateSequential(ReduceOps.java:913)
	at java.base/java.util.stream.AbstractPipeline.evaluate(AbstractPipeline.java:234)
	at java.base/java.util.stream.ReferencePipeline.collect(ReferencePipeline.java:578)
	at de.uka.ilkd.key.nparser.builder.AbstractBuilder.mapOf(AbstractBuilder.java:112)
	at de.uka.ilkd.key.nparser.builder.IncludeFinder.visitOne_include_statement(IncludeFinder.java:35)
	at de.uka.ilkd.key.nparser.builder.IncludeFinder.visitOne_include_statement(IncludeFinder.java:20)
	at de.uka.ilkd.key.nparser.KeYParser$One_include_statementContext.accept(KeYParser.java:802)
	at org.antlr.v4.runtime.tree.AbstractParseTreeVisitor.visitChildren(AbstractParseTreeVisitor.java:46)
	at de.uka.ilkd.key.nparser.KeYParserBaseVisitor.visitDecls(KeYParserBaseVisitor.java:30)
	at de.uka.ilkd.key.nparser.KeYParser$DeclsContext.accept(KeYParser.java:500)
	at org.antlr.v4.runtime.tree.AbstractParseTreeVisitor.visitChildren(AbstractParseTreeVisitor.java:46)
	at de.uka.ilkd.key.nparser.KeYParserBaseVisitor.visitFile(KeYParserBaseVisitor.java:23)
	at de.uka.ilkd.key.nparser.KeYParser$FileContext.accept(KeYParser.java:306)
	at de.uka.ilkd.key.nparser.KeyAst.accept(KeyAst.java:41)
	at de.uka.ilkd.key.nparser.KeyAst$File.getIncludes(KeyAst.java:76)
	at de.uka.ilkd.key.proof.io.KeYFile.readIncludes(KeYFile.java:208)
	... 14 more
Could not find rule file rules/intRulesCheckedSemantics.key (file: /home/runner/work/key/key/key.core/../key.ui/examples/index/.././standard_key/quantifiers/heuristic_PUZ031p1.key; caused by: de.uka.ilkd.key.proof.init.ProofInputException: Could not find rule file rules/intRulesCheckedSemantics.key)
	at de.uka.ilkd.key.control.AbstractUserInterfaceControl.load(AbstractUserInterfaceControl.java:221)
	at de.uka.ilkd.key.control.KeYEnvironment.load(KeYEnvironment.java:251)
	at de.uka.ilkd.key.control.KeYEnvironment.load(KeYEnvironment.java:224)
	at de.uka.ilkd.key.control.KeYEnvironment.load(KeYEnvironment.java:184)
	at de.uka.ilkd.key.control.KeYEnvironment.load(KeYEnvironment.java:261)
	at de.uka.ilkd.key.proof.runallproofs.proofcollection.TestFile.load(TestFile.java:270)
	at de.uka.ilkd.key.proof.runallproofs.proofcollection.TestFile.runKey(TestFile.java:160)
	at de.uka.ilkd.key.proof.runallproofs.proofcollection.ForkedTestFileRunner.main(ForkedTestFileRunner.java:171)
Caused by: de.uka.ilkd.key.proof.init.ProofInputException: Could not find rule file rules/intRulesCheckedSemantics.key
	at de.uka.ilkd.key.proof.io.KeYFile.readIncludes(KeYFile.java:210)
	at de.uka.ilkd.key.proof.init.ProblemInitializer.readIncludes(ProblemInitializer.java:177)
	at de.uka.ilkd.key.proof.init.ProblemInitializer.readEnvInput(ProblemInitializer.java:325)
	at de.uka.ilkd.key.proof.init.ProblemInitializer.prepare(ProblemInitializer.java:449)
	at de.uka.ilkd.key.proof.io.AbstractProblemLoader.createInitConfig(AbstractProblemLoader.java:518)
	at de.uka.ilkd.key.proof.io.AbstractProblemLoader.loadEnvironment(AbstractProblemLoader.java:288)
	at de.uka.ilkd.key.proof.io.AbstractProblemLoader.load(AbstractProblemLoader.java:252)
	at de.uka.ilkd.key.control.AbstractUserInterfaceControl.load(AbstractUserInterfaceControl.java:209)
	... 7 more
Caused by: java.lang.RuntimeException: Could not find rule file rules/intRulesCheckedSemantics.key
	at de.uka.ilkd.key.proof.io.RuleSourceFactory.fromBuiltInRule(RuleSourceFactory.java:32)
	at de.uka.ilkd.key.proof.io.RuleSourceFactory.fromDefaultLocation(RuleSourceFactory.java:21)
	at de.uka.ilkd.key.nparser.builder.IncludeFinder.addInclude(IncludeFinder.java:63)
	at de.uka.ilkd.key.nparser.builder.IncludeFinder.visitOne_include(IncludeFinder.java:43)
	at de.uka.ilkd.key.nparser.builder.IncludeFinder.visitOne_include(IncludeFinder.java:20)
	at de.uka.ilkd.key.nparser.KeYParser$One_includeContext.accept(KeYParser.java:878)
	at de.uka.ilkd.key.nparser.builder.AbstractBuilder.lambda$mapOf$0(AbstractBuilder.java:112)
	at java.base/java.util.stream.ReferencePipeline$3$1.accept(ReferencePipeline.java:195)
	at java.base/java.util.ArrayList$ArrayListSpliterator.forEachRemaining(ArrayList.java:1655)
	at java.base/java.util.stream.AbstractPipeline.copyInto(AbstractPipeline.java:484)
	at java.base/java.util.stream.AbstractPipeline.wrapAndCopyInto(AbstractPipeline.java:474)
	at java.base/java.util.stream.ReduceOps$ReduceOp.evaluateSequential(ReduceOps.java:913)
	at java.base/java.util.stream.AbstractPipeline.evaluate(AbstractPipeline.java:234)
	at java.base/java.util.stream.ReferencePipeline.collect(ReferencePipeline.java:578)
	at de.uka.ilkd.key.nparser.builder.AbstractBuilder.mapOf(AbstractBuilder.java:112)
	at de.uka.ilkd.key.nparser.builder.IncludeFinder.visitOne_include_statement(IncludeFinder.java:35)
	at de.uka.ilkd.key.nparser.builder.IncludeFinder.visitOne_include_statement(IncludeFinder.java:20)
	at de.uka.ilkd.key.nparser.KeYParser$One_include_statementContext.accept(KeYParser.java:802)
	at org.antlr.v4.runtime.tree.AbstractParseTreeVisitor.visitChildren(AbstractParseTreeVisitor.java:46)
	at de.uka.ilkd.key.nparser.KeYParserBaseVisitor.visitDecls(KeYParserBaseVisitor.java:30)
	at de.uka.ilkd.key.nparser.KeYParser$DeclsContext.accept(KeYParser.java:500)
	at org.antlr.v4.runtime.tree.AbstractParseTreeVisitor.visitChildren(AbstractParseTreeVisitor.java:46)
	at de.uka.ilkd.key.nparser.KeYParserBaseVisitor.visitFile(KeYParserBaseVisitor.java:23)
	at de.uka.ilkd.key.nparser.KeYParser$FileContext.accept(KeYParser.java:306)
	at de.uka.ilkd.key.nparser.KeyAst.accept(KeyAst.java:41)
	at de.uka.ilkd.key.nparser.KeyAst$File.getIncludes(KeyAst.java:76)
	at de.uka.ilkd.key.proof.io.KeYFile.readIncludes(KeYFile.java:208)
	... 14 more
Could not find rule file rules/intRulesCheckedSemantics.key (file: /home/runner/work/key/key/key.core/../key.ui/examples/index/.././standard_key/quantifiers/heuristic_SYN036p2.key; caused by: de.uka.ilkd.key.proof.init.ProofInputException: Could not find rule file rules/intRulesCheckedSemantics.key)
	at de.uka.ilkd.key.control.AbstractUserInterfaceControl.load(AbstractUserInterfaceControl.java:221)
	at de.uka.ilkd.key.control.KeYEnvironment.load(KeYEnvironment.java:251)
	at de.uka.ilkd.key.control.KeYEnvironment.load(KeYEnvironment.java:224)
	at de.uka.ilkd.key.control.KeYEnvironment.load(KeYEnvironment.java:184)
	at de.uka.ilkd.key.control.KeYEnvironment.load(KeYEnvironment.java:261)
	at de.uka.ilkd.key.proof.runallproofs.proofcollection.TestFile.load(TestFile.java:270)
	at de.uka.ilkd.key.proof.runallproofs.proofcollection.TestFile.runKey(TestFile.java:160)
	at de.uka.ilkd.key.proof.runallproofs.proofcollection.ForkedTestFileRunner.main(ForkedTestFileRunner.java:171)
Caused by: de.uka.ilkd.key.proof.init.ProofInputException: Could not find rule file rules/intRulesCheckedSemantics.key
	at de.uka.ilkd.key.proof.io.KeYFile.readIncludes(KeYFile.java:210)
	at de.uka.ilkd.key.proof.init.ProblemInitializer.readIncludes(ProblemInitializer.java:177)
	at de.uka.ilkd.key.proof.init.ProblemInitializer.readEnvInput(ProblemInitializer.java:325)
	at de.uka.ilkd.key.proof.init.ProblemInitializer.prepare(ProblemInitializer.java:449)
	at de.uka.ilkd.key.proof.io.AbstractProblemLoader.createInitConfig(AbstractProblemLoader.java:518)
	at de.uka.ilkd.key.proof.io.AbstractProblemLoader.loadEnvironment(AbstractProblemLoader.java:288)
	at de.uka.ilkd.key.proof.io.AbstractProblemLoader.load(AbstractProblemLoader.java:252)
	at de.uka.ilkd.key.control.AbstractUserInterfaceControl.load(AbstractUserInterfaceControl.java:209)
	... 7 more
Caused by: java.lang.RuntimeException: Could not find rule file rules/intRulesCheckedSemantics.key
	at de.uka.ilkd.key.proof.io.RuleSourceFactory.fromBuiltInRule(RuleSourceFactory.java:32)
	at de.uka.ilkd.key.proof.io.RuleSourceFactory.fromDefaultLocation(RuleSourceFactory.java:21)
	at de.uka.ilkd.key.nparser.builder.IncludeFinder.addInclude(IncludeFinder.java:63)
	at de.uka.ilkd.key.nparser.builder.IncludeFinder.visitOne_include(IncludeFinder.java:43)
	at de.uka.ilkd.key.nparser.builder.IncludeFinder.visitOne_include(IncludeFinder.java:20)
	at de.uka.ilkd.key.nparser.KeYParser$One_includeContext.accept(KeYParser.java:878)
	at de.uka.ilkd.key.nparser.builder.AbstractBuilder.lambda$mapOf$0(AbstractBuilder.java:112)
	at java.base/java.util.stream.ReferencePipeline$3$1.accept(ReferencePipeline.java:195)
	at java.base/java.util.ArrayList$ArrayListSpliterator.forEachRemaining(ArrayList.java:1655)
	at java.base/java.util.stream.AbstractPipeline.copyInto(AbstractPipeline.java:484)
	at java.base/java.util.stream.AbstractPipeline.wrapAndCopyInto(AbstractPipeline.java:474)
	at java.base/java.util.stream.ReduceOps$ReduceOp.evaluateSequential(ReduceOps.java:913)
	at java.base/java.util.stream.AbstractPipeline.evaluate(AbstractPipeline.java:234)
	at java.base/java.util.stream.ReferencePipeline.collect(ReferencePipeline.java:578)
	at de.uka.ilkd.key.nparser.builder.AbstractBuilder.mapOf(AbstractBuilder.java:112)
	at de.uka.ilkd.key.nparser.builder.IncludeFinder.visitOne_include_statement(IncludeFinder.java:35)
	at de.uka.ilkd.key.nparser.builder.IncludeFinder.visitOne_include_statement(IncludeFinder.java:20)
	at de.uka.ilkd.key.nparser.KeYParser$One_include_statementContext.accept(KeYParser.java:802)
	at org.antlr.v4.runtime.tree.AbstractParseTreeVisitor.visitChildren(AbstractParseTreeVisitor.java:46)
	at de.uka.ilkd.key.nparser.KeYParserBaseVisitor.visitDecls(KeYParserBaseVisitor.java:30)
	at de.uka.ilkd.key.nparser.KeYParser$DeclsContext.accept(KeYParser.java:500)
	at org.antlr.v4.runtime.tree.AbstractParseTreeVisitor.visitChildren(AbstractParseTreeVisitor.java:46)
	at de.uka.ilkd.key.nparser.KeYParserBaseVisitor.visitFile(KeYParserBaseVisitor.java:23)
	at de.uka.ilkd.key.nparser.KeYParser$FileContext.accept(KeYParser.java:306)
	at de.uka.ilkd.key.nparser.KeyAst.accept(KeyAst.java:41)
	at de.uka.ilkd.key.nparser.KeyAst$File.getIncludes(KeyAst.java:76)
	at de.uka.ilkd.key.proof.io.KeYFile.readIncludes(KeYFile.java:208)
	... 14 more
Could not find rule file rules/intRulesCheckedSemantics.key (file: /home/runner/work/key/key/key.core/../key.ui/examples/index/.././standard_key/quantifiers/injectivity.key; caused by: de.uka.ilkd.key.proof.init.ProofInputException: Could not find rule file rules/intRulesCheckedSemantics.key)
	at de.uka.ilkd.key.control.AbstractUserInterfaceControl.load(AbstractUserInterfaceControl.java:221)
	at de.uka.ilkd.key.control.KeYEnvironment.load(KeYEnvironment.java:251)
	at de.uka.ilkd.key.control.KeYEnvironment.load(KeYEnvironment.java:224)
	at de.uka.ilkd.key.control.KeYEnvironment.load(KeYEnvironment.java:184)
	at de.uka.ilkd.key.control.KeYEnvironment.load(KeYEnvironment.java:261)
	at de.uka.ilkd.key.proof.runallproofs.proofcollection.TestFile.load(TestFile.java:270)
	at de.uka.ilkd.key.proof.runallproofs.proofcollection.TestFile.runKey(TestFile.java:160)
	at de.uka.ilkd.key.proof.runallproofs.proofcollection.ForkedTestFileRunner.main(ForkedTestFileRunner.java:171)
Caused by: de.uka.ilkd.key.proof.init.ProofInputException: Could not find rule file rules/intRulesCheckedSemantics.key
	at de.uka.ilkd.key.proof.io.KeYFile.readIncludes(KeYFile.java:210)
	at de.uka.ilkd.key.proof.init.ProblemInitializer.readIncludes(ProblemInitializer.java:177)
	at de.uka.ilkd.key.proof.init.ProblemInitializer.readEnvInput(ProblemInitializer.java:325)
	at de.uka.ilkd.key.proof.init.ProblemInitializer.prepare(ProblemInitializer.java:449)
	at de.uka.ilkd.key.proof.io.AbstractProblemLoader.createInitConfig(AbstractProblemLoader.java:518)
	at de.uka.ilkd.key.proof.io.AbstractProblemLoader.loadEnvironment(AbstractProblemLoader.java:288)
	at de.uka.ilkd.key.proof.io.AbstractProblemLoader.load(AbstractProblemLoader.java:252)
	at de.uka.ilkd.key.control.AbstractUserInterfaceControl.load(AbstractUserInterfaceControl.java:209)
	... 7 more
Caused by: java.lang.RuntimeException: Could not find rule file rules/intRulesCheckedSemantics.key
	at de.uka.ilkd.key.proof.io.RuleSourceFactory.fromBuiltInRule(RuleSourceFactory.java:32)
	at de.uka.ilkd.key.proof.io.RuleSourceFactory.fromDefaultLocation(RuleSourceFactory.java:21)
	at de.uka.ilkd.key.nparser.builder.IncludeFinder.addInclude(IncludeFinder.java:63)
	at de.uka.ilkd.key.nparser.builder.IncludeFinder.visitOne_include(IncludeFinder.java:43)
	at de.uka.ilkd.key.nparser.builder.IncludeFinder.visitOne_include(IncludeFinder.java:20)
	at de.uka.ilkd.key.nparser.KeYParser$One_includeContext.accept(KeYParser.java:878)
	at de.uka.ilkd.key.nparser.builder.AbstractBuilder.lambda$mapOf$0(AbstractBuilder.java:112)
	at java.base/java.util.stream.ReferencePipeline$3$1.accept(ReferencePipeline.java:195)
	at java.base/java.util.ArrayList$ArrayListSpliterator.forEachRemaining(ArrayList.java:1655)
	at java.base/java.util.stream.AbstractPipeline.copyInto(AbstractPipeline.java:484)
	at java.base/java.util.stream.AbstractPipeline.wrapAndCopyInto(AbstractPipeline.java:474)
	at java.base/java.util.stream.ReduceOps$ReduceOp.evaluateSequential(ReduceOps.java:913)
	at java.base/java.util.stream.AbstractPipeline.evaluate(AbstractPipeline.java:234)
	at java.base/java.util.stream.ReferencePipeline.collect(ReferencePipeline.java:578)
	at de.uka.ilkd.key.nparser.builder.AbstractBuilder.mapOf(AbstractBuilder.java:112)
	at de.uka.ilkd.key.nparser.builder.IncludeFinder.visitOne_include_statement(IncludeFinder.java:35)
	at de.uka.ilkd.key.nparser.builder.IncludeFinder.visitOne_include_statement(IncludeFinder.java:20)
	at de.uka.ilkd.key.nparser.KeYParser$One_include_statementContext.accept(KeYParser.java:802)
	at org.antlr.v4.runtime.tree.AbstractParseTreeVisitor.visitChildren(AbstractParseTreeVisitor.java:46)
	at de.uka.ilkd.key.nparser.KeYParserBaseVisitor.visitDecls(KeYParserBaseVisitor.java:30)
	at de.uka.ilkd.key.nparser.KeYParser$DeclsContext.accept(KeYParser.java:500)
	at org.antlr.v4.runtime.tree.AbstractParseTreeVisitor.visitChildren(AbstractParseTreeVisitor.java:46)
	at de.uka.ilkd.key.nparser.KeYParserBaseVisitor.visitFile(KeYParserBaseVisitor.java:23)
	at de.uka.ilkd.key.nparser.KeYParser$FileContext.accept(KeYParser.java:306)
	at de.uka.ilkd.key.nparser.KeyAst.accept(KeyAst.java:41)
	at de.uka.ilkd.key.nparser.KeyAst$File.getIncludes(KeyAst.java:76)
	at de.uka.ilkd.key.proof.io.KeYFile.readIncludes(KeYFile.java:208)
	... 14 more
Could not find rule file rules/intRulesCheckedSemantics.key (file: /home/runner/work/key/key/key.core/../key.ui/examples/index/.././standard_key/quantifiers/normalisation0.key; caused by: de.uka.ilkd.key.proof.init.ProofInputException: Could not find rule file rules/intRulesCheckedSemantics.key)
	at de.uka.ilkd.key.control.AbstractUserInterfaceControl.load(AbstractUserInterfaceControl.java:221)
	at de.uka.ilkd.key.control.KeYEnvironment.load(KeYEnvironment.java:251)
	at de.uka.ilkd.key.control.KeYEnvironment.load(KeYEnvironment.java:224)
	at de.uka.ilkd.key.control.KeYEnvironment.load(KeYEnvironment.java:184)
	at de.uka.ilkd.key.control.KeYEnvironment.load(KeYEnvironment.java:261)
	at de.uka.ilkd.key.proof.runallproofs.proofcollection.TestFile.load(TestFile.java:270)
	at de.uka.ilkd.key.proof.runallproofs.proofcollection.TestFile.runKey(TestFile.java:160)
	at de.uka.ilkd.key.proof.runallproofs.proofcollection.ForkedTestFileRunner.main(ForkedTestFileRunner.java:171)
Caused by: de.uka.ilkd.key.proof.init.ProofInputException: Could not find rule file rules/intRulesCheckedSemantics.key
	at de.uka.ilkd.key.proof.io.KeYFile.readIncludes(KeYFile.java:210)
	at de.uka.ilkd.key.proof.init.ProblemInitializer.readIncludes(ProblemInitializer.java:177)
	at de.uka.ilkd.key.proof.init.ProblemInitializer.readEnvInput(ProblemInitializer.java:325)
	at de.uka.ilkd.key.proof.init.ProblemInitializer.prepare(ProblemInitializer.java:449)
	at de.uka.ilkd.key.proof.io.AbstractProblemLoader.createInitConfig(AbstractProblemLoader.java:518)
	at de.uka.ilkd.key.proof.io.AbstractProblemLoader.loadEnvironment(AbstractProblemLoader.java:288)
	at de.uka.ilkd.key.proof.io.AbstractProblemLoader.load(AbstractProblemLoader.java:252)
	at de.uka.ilkd.key.control.AbstractUserInterfaceControl.load(AbstractUserInterfaceControl.java:209)
	... 7 more
Caused by: java.lang.RuntimeException: Could not find rule file rules/intRulesCheckedSemantics.key
	at de.uka.ilkd.key.proof.io.RuleSourceFactory.fromBuiltInRule(RuleSourceFactory.java:32)
	at de.uka.ilkd.key.proof.io.RuleSourceFactory.fromDefaultLocation(RuleSourceFactory.java:21)
	at de.uka.ilkd.key.nparser.builder.IncludeFinder.addInclude(IncludeFinder.java:63)
	at de.uka.ilkd.key.nparser.builder.IncludeFinder.visitOne_include(IncludeFinder.java:43)
	at de.uka.ilkd.key.nparser.builder.IncludeFinder.visitOne_include(IncludeFinder.java:20)
	at de.uka.ilkd.key.nparser.KeYParser$One_includeContext.accept(KeYParser.java:878)
	at de.uka.ilkd.key.nparser.builder.AbstractBuilder.lambda$mapOf$0(AbstractBuilder.java:112)
	at java.base/java.util.stream.ReferencePipeline$3$1.accept(ReferencePipeline.java:195)
	at java.base/java.util.ArrayList$ArrayListSpliterator.forEachRemaining(ArrayList.java:1655)
	at java.base/java.util.stream.AbstractPipeline.copyInto(AbstractPipeline.java:484)
	at java.base/java.util.stream.AbstractPipeline.wrapAndCopyInto(AbstractPipeline.java:474)
	at java.base/java.util.stream.ReduceOps$ReduceOp.evaluateSequential(ReduceOps.java:913)
	at java.base/java.util.stream.AbstractPipeline.evaluate(AbstractPipeline.java:234)
	at java.base/java.util.stream.ReferencePipeline.collect(ReferencePipeline.java:578)
	at de.uka.ilkd.key.nparser.builder.AbstractBuilder.mapOf(AbstractBuilder.java:112)
	at de.uka.ilkd.key.nparser.builder.IncludeFinder.visitOne_include_statement(IncludeFinder.java:35)
	at de.uka.ilkd.key.nparser.builder.IncludeFinder.visitOne_include_statement(IncludeFinder.java:20)
	at de.uka.ilkd.key.nparser.KeYParser$One_include_statementContext.accept(KeYParser.java:802)
	at org.antlr.v4.runtime.tree.AbstractParseTreeVisitor.visitChildren(AbstractParseTreeVisitor.java:46)
	at de.uka.ilkd.key.nparser.KeYParserBaseVisitor.visitDecls(KeYParserBaseVisitor.java:30)
	at de.uka.ilkd.key.nparser.KeYParser$DeclsContext.accept(KeYParser.java:500)
	at org.antlr.v4.runtime.tree.AbstractParseTreeVisitor.visitChildren(AbstractParseTreeVisitor.java:46)
	at de.uka.ilkd.key.nparser.KeYParserBaseVisitor.visitFile(KeYParserBaseVisitor.java:23)
	at de.uka.ilkd.key.nparser.KeYParser$FileContext.accept(KeYParser.java:306)
	at de.uka.ilkd.key.nparser.KeyAst.accept(KeyAst.java:41)
	at de.uka.ilkd.key.nparser.KeyAst$File.getIncludes(KeyAst.java:76)
	at de.uka.ilkd.key.proof.io.KeYFile.readIncludes(KeYFile.java:208)
	... 14 more
Could not find rule file rules/intRulesCheckedSemantics.key (file: /home/runner/work/key/key/key.core/../key.ui/examples/index/.././standard_key/quantifiers/normalisation1.key; caused by: de.uka.ilkd.key.proof.init.ProofInputException: Could not find rule file rules/intRulesCheckedSemantics.key)
	at de.uka.ilkd.key.control.AbstractUserInterfaceControl.load(AbstractUserInterfaceControl.java:221)
	at de.uka.ilkd.key.control.KeYEnvironment.load(KeYEnvironment.java:251)
	at de.uka.ilkd.key.control.KeYEnvironment.load(KeYEnvironment.java:224)
	at de.uka.ilkd.key.control.KeYEnvironment.load(KeYEnvironment.java:184)
	at de.uka.ilkd.key.control.KeYEnvironment.load(KeYEnvironment.java:261)
	at de.uka.ilkd.key.proof.runallproofs.proofcollection.TestFile.load(TestFile.java:270)
	at de.uka.ilkd.key.proof.runallproofs.proofcollection.TestFile.runKey(TestFile.java:160)
	at de.uka.ilkd.key.proof.runallproofs.proofcollection.ForkedTestFileRunner.main(ForkedTestFileRunner.java:171)
Caused by: de.uka.ilkd.key.proof.init.ProofInputException: Could not find rule file rules/intRulesCheckedSemantics.key
	at de.uka.ilkd.key.proof.io.KeYFile.readIncludes(KeYFile.java:210)
	at de.uka.ilkd.key.proof.init.ProblemInitializer.readIncludes(ProblemInitializer.java:177)
	at de.uka.ilkd.key.proof.init.ProblemInitializer.readEnvInput(ProblemInitializer.java:325)
	at de.uka.ilkd.key.proof.init.ProblemInitializer.prepare(ProblemInitializer.java:449)
	at de.uka.ilkd.key.proof.io.AbstractProblemLoader.createInitConfig(AbstractProblemLoader.java:518)
	at de.uka.ilkd.key.proof.io.AbstractProblemLoader.loadEnvironment(AbstractProblemLoader.java:288)
	at de.uka.ilkd.key.proof.io.AbstractProblemLoader.load(AbstractProblemLoader.java:252)
	at de.uka.ilkd.key.control.AbstractUserInterfaceControl.load(AbstractUserInterfaceControl.java:209)
	... 7 more
Caused by: java.lang.RuntimeException: Could not find rule file rules/intRulesCheckedSemantics.key
	at de.uka.ilkd.key.proof.io.RuleSourceFactory.fromBuiltInRule(RuleSourceFactory.java:32)
	at de.uka.ilkd.key.proof.io.RuleSourceFactory.fromDefaultLocation(RuleSourceFactory.java:21)
	at de.uka.ilkd.key.nparser.builder.IncludeFinder.addInclude(IncludeFinder.java:63)
	at de.uka.ilkd.key.nparser.builder.IncludeFinder.visitOne_include(IncludeFinder.java:43)
	at de.uka.ilkd.key.nparser.builder.IncludeFinder.visitOne_include(IncludeFinder.java:20)
	at de.uka.ilkd.key.nparser.KeYParser$One_includeContext.accept(KeYParser.java:878)
	at de.uka.ilkd.key.nparser.builder.AbstractBuilder.lambda$mapOf$0(AbstractBuilder.java:112)
	at java.base/java.util.stream.ReferencePipeline$3$1.accept(ReferencePipeline.java:195)
	at java.base/java.util.ArrayList$ArrayListSpliterator.forEachRemaining(ArrayList.java:1655)
	at java.base/java.util.stream.AbstractPipeline.copyInto(AbstractPipeline.java:484)
	at java.base/java.util.stream.AbstractPipeline.wrapAndCopyInto(AbstractPipeline.java:474)
	at java.base/java.util.stream.ReduceOps$ReduceOp.evaluateSequential(ReduceOps.java:913)
	at java.base/java.util.stream.AbstractPipeline.evaluate(AbstractPipeline.java:234)
	at java.base/java.util.stream.ReferencePipeline.collect(ReferencePipeline.java:578)
	at de.uka.ilkd.key.nparser.builder.AbstractBuilder.mapOf(AbstractBuilder.java:112)
	at de.uka.ilkd.key.nparser.builder.IncludeFinder.visitOne_include_statement(IncludeFinder.java:35)
	at de.uka.ilkd.key.nparser.builder.IncludeFinder.visitOne_include_statement(IncludeFinder.java:20)
	at de.uka.ilkd.key.nparser.KeYParser$One_include_statementContext.accept(KeYParser.java:802)
	at org.antlr.v4.runtime.tree.AbstractParseTreeVisitor.visitChildren(AbstractParseTreeVisitor.java:46)
	at de.uka.ilkd.key.nparser.KeYParserBaseVisitor.visitDecls(KeYParserBaseVisitor.java:30)
	at de.uka.ilkd.key.nparser.KeYParser$DeclsContext.accept(KeYParser.java:500)
	at org.antlr.v4.runtime.tree.AbstractParseTreeVisitor.visitChildren(AbstractParseTreeVisitor.java:46)
	at de.uka.ilkd.key.nparser.KeYParserBaseVisitor.visitFile(KeYParserBaseVisitor.java:23)
	at de.uka.ilkd.key.nparser.KeYParser$FileContext.accept(KeYParser.java:306)
	at de.uka.ilkd.key.nparser.KeyAst.accept(KeyAst.java:41)
	at de.uka.ilkd.key.nparser.KeyAst$File.getIncludes(KeyAst.java:76)
	at de.uka.ilkd.key.proof.io.KeYFile.readIncludes(KeYFile.java:208)
	... 14 more
Could not find rule file rules/intRulesCheckedSemantics.key (file: /home/runner/work/key/key/key.core/../key.ui/examples/index/.././standard_key/quantifiers/normalisation2.key; caused by: de.uka.ilkd.key.proof.init.ProofInputException: Could not find rule file rules/intRulesCheckedSemantics.key)
	at de.uka.ilkd.key.control.AbstractUserInterfaceControl.load(AbstractUserInterfaceControl.java:221)
	at de.uka.ilkd.key.control.KeYEnvironment.load(KeYEnvironment.java:251)
	at de.uka.ilkd.key.control.KeYEnvironment.load(KeYEnvironment.java:224)
	at de.uka.ilkd.key.control.KeYEnvironment.load(KeYEnvironment.java:184)
	at de.uka.ilkd.key.control.KeYEnvironment.load(KeYEnvironment.java:261)
	at de.uka.ilkd.key.proof.runallproofs.proofcollection.TestFile.load(TestFile.java:270)
	at de.uka.ilkd.key.proof.runallproofs.proofcollection.TestFile.runKey(TestFile.java:160)
	at de.uka.ilkd.key.proof.runallproofs.proofcollection.ForkedTestFileRunner.main(ForkedTestFileRunner.java:171)
Caused by: de.uka.ilkd.key.proof.init.ProofInputException: Could not find rule file rules/intRulesCheckedSemantics.key
	at de.uka.ilkd.key.proof.io.KeYFile.readIncludes(KeYFile.java:210)
	at de.uka.ilkd.key.proof.init.ProblemInitializer.readIncludes(ProblemInitializer.java:177)
	at de.uka.ilkd.key.proof.init.ProblemInitializer.readEnvInput(ProblemInitializer.java:325)
	at de.uka.ilkd.key.proof.init.ProblemInitializer.prepare(ProblemInitializer.java:449)
	at de.uka.ilkd.key.proof.io.AbstractProblemLoader.createInitConfig(AbstractProblemLoader.java:518)
	at de.uka.ilkd.key.proof.io.AbstractProblemLoader.loadEnvironment(AbstractProblemLoader.java:288)
	at de.uka.ilkd.key.proof.io.AbstractProblemLoader.load(AbstractProblemLoader.java:252)
	at de.uka.ilkd.key.control.AbstractUserInterfaceControl.load(AbstractUserInterfaceControl.java:209)
	... 7 more
Caused by: java.lang.RuntimeException: Could not find rule file rules/intRulesCheckedSemantics.key
	at de.uka.ilkd.key.proof.io.RuleSourceFactory.fromBuiltInRule(RuleSourceFactory.java:32)
	at de.uka.ilkd.key.proof.io.RuleSourceFactory.fromDefaultLocation(RuleSourceFactory.java:21)
	at de.uka.ilkd.key.nparser.builder.IncludeFinder.addInclude(IncludeFinder.java:63)
	at de.uka.ilkd.key.nparser.builder.IncludeFinder.visitOne_include(IncludeFinder.java:43)
	at de.uka.ilkd.key.nparser.builder.IncludeFinder.visitOne_include(IncludeFinder.java:20)
	at de.uka.ilkd.key.nparser.KeYParser$One_includeContext.accept(KeYParser.java:878)
	at de.uka.ilkd.key.nparser.builder.AbstractBuilder.lambda$mapOf$0(AbstractBuilder.java:112)
	at java.base/java.util.stream.ReferencePipeline$3$1.accept(ReferencePipeline.java:195)
	at java.base/java.util.ArrayList$ArrayListSpliterator.forEachRemaining(ArrayList.java:1655)
	at java.base/java.util.stream.AbstractPipeline.copyInto(AbstractPipeline.java:484)
	at java.base/java.util.stream.AbstractPipeline.wrapAndCopyInto(AbstractPipeline.java:474)
	at java.base/java.util.stream.ReduceOps$ReduceOp.evaluateSequential(ReduceOps.java:913)
	at java.base/java.util.stream.AbstractPipeline.evaluate(AbstractPipeline.java:234)
	at java.base/java.util.stream.ReferencePipeline.collect(ReferencePipeline.java:578)
	at de.uka.ilkd.key.nparser.builder.AbstractBuilder.mapOf(AbstractBuilder.java:112)
	at de.uka.ilkd.key.nparser.builder.IncludeFinder.visitOne_include_statement(IncludeFinder.java:35)
	at de.uka.ilkd.key.nparser.builder.IncludeFinder.visitOne_include_statement(IncludeFinder.java:20)
	at de.uka.ilkd.key.nparser.KeYParser$One_include_statementContext.accept(KeYParser.java:802)
	at org.antlr.v4.runtime.tree.AbstractParseTreeVisitor.visitChildren(AbstractParseTreeVisitor.java:46)
	at de.uka.ilkd.key.nparser.KeYParserBaseVisitor.visitDecls(KeYParserBaseVisitor.java:30)
	at de.uka.ilkd.key.nparser.KeYParser$DeclsContext.accept(KeYParser.java:500)
	at org.antlr.v4.runtime.tree.AbstractParseTreeVisitor.visitChildren(AbstractParseTreeVisitor.java:46)
	at de.uka.ilkd.key.nparser.KeYParserBaseVisitor.visitFile(KeYParserBaseVisitor.java:23)
	at de.uka.ilkd.key.nparser.KeYParser$FileContext.accept(KeYParser.java:306)
	at de.uka.ilkd.key.nparser.KeyAst.accept(KeyAst.java:41)
	at de.uka.ilkd.key.nparser.KeyAst$File.getIncludes(KeyAst.java:76)
	at de.uka.ilkd.key.proof.io.KeYFile.readIncludes(KeYFile.java:208)
	... 14 more
Could not find rule file rules/intRulesCheckedSemantics.key (file: /home/runner/work/key/key/key.core/../key.ui/examples/index/.././standard_key/quantifiers/normalisation3.key; caused by: de.uka.ilkd.key.proof.init.ProofInputException: Could not find rule file rules/intRulesCheckedSemantics.key)
	at de.uka.ilkd.key.control.AbstractUserInterfaceControl.load(AbstractUserInterfaceControl.java:221)
	at de.uka.ilkd.key.control.KeYEnvironment.load(KeYEnvironment.java:251)
	at de.uka.ilkd.key.control.KeYEnvironment.load(KeYEnvironment.java:224)
	at de.uka.ilkd.key.control.KeYEnvironment.load(KeYEnvironment.java:184)
	at de.uka.ilkd.key.control.KeYEnvironment.load(KeYEnvironment.java:261)
	at de.uka.ilkd.key.proof.runallproofs.proofcollection.TestFile.load(TestFile.java:270)
	at de.uka.ilkd.key.proof.runallproofs.proofcollection.TestFile.runKey(TestFile.java:160)
	at de.uka.ilkd.key.proof.runallproofs.proofcollection.ForkedTestFileRunner.main(ForkedTestFileRunner.java:171)
Caused by: de.uka.ilkd.key.proof.init.ProofInputException: Could not find rule file rules/intRulesCheckedSemantics.key
	at de.uka.ilkd.key.proof.io.KeYFile.readIncludes(KeYFile.java:210)
	at de.uka.ilkd.key.proof.init.ProblemInitializer.readIncludes(ProblemInitializer.java:177)
	at de.uka.ilkd.key.proof.init.ProblemInitializer.readEnvInput(ProblemInitializer.java:325)
	at de.uka.ilkd.key.proof.init.ProblemInitializer.prepare(ProblemInitializer.java:449)
	at de.uka.ilkd.key.proof.io.AbstractProblemLoader.createInitConfig(AbstractProblemLoader.java:518)
	at de.uka.ilkd.key.proof.io.AbstractProblemLoader.loadEnvironment(AbstractProblemLoader.java:288)
	at de.uka.ilkd.key.proof.io.AbstractProblemLoader.load(AbstractProblemLoader.java:252)
	at de.uka.ilkd.key.control.AbstractUserInterfaceControl.load(AbstractUserInterfaceControl.java:209)
	... 7 more
Caused by: java.lang.RuntimeException: Could not find rule file rules/intRulesCheckedSemantics.key
	at de.uka.ilkd.key.proof.io.RuleSourceFactory.fromBuiltInRule(RuleSourceFactory.java:32)
	at de.uka.ilkd.key.proof.io.RuleSourceFactory.fromDefaultLocation(RuleSourceFactory.java:21)
	at de.uka.ilkd.key.nparser.builder.IncludeFinder.addInclude(IncludeFinder.java:63)
	at de.uka.ilkd.key.nparser.builder.IncludeFinder.visitOne_include(IncludeFinder.java:43)
	at de.uka.ilkd.key.nparser.builder.IncludeFinder.visitOne_include(IncludeFinder.java:20)
	at de.uka.ilkd.key.nparser.KeYParser$One_includeContext.accept(KeYParser.java:878)
	at de.uka.ilkd.key.nparser.builder.AbstractBuilder.lambda$mapOf$0(AbstractBuilder.java:112)
	at java.base/java.util.stream.ReferencePipeline$3$1.accept(ReferencePipeline.java:195)
	at java.base/java.util.ArrayList$ArrayListSpliterator.forEachRemaining(ArrayList.java:1655)
	at java.base/java.util.stream.AbstractPipeline.copyInto(AbstractPipeline.java:484)
	at java.base/java.util.stream.AbstractPipeline.wrapAndCopyInto(AbstractPipeline.java:474)
	at java.base/java.util.stream.ReduceOps$ReduceOp.evaluateSequential(ReduceOps.java:913)
	at java.base/java.util.stream.AbstractPipeline.evaluate(AbstractPipeline.java:234)
	at java.base/java.util.stream.ReferencePipeline.collect(ReferencePipeline.java:578)
	at de.uka.ilkd.key.nparser.builder.AbstractBuilder.mapOf(AbstractBuilder.java:112)
	at de.uka.ilkd.key.nparser.builder.IncludeFinder.visitOne_include_statement(IncludeFinder.java:35)
	at de.uka.ilkd.key.nparser.builder.IncludeFinder.visitOne_include_statement(IncludeFinder.java:20)
	at de.uka.ilkd.key.nparser.KeYParser$One_include_statementContext.accept(KeYParser.java:802)
	at org.antlr.v4.runtime.tree.AbstractParseTreeVisitor.visitChildren(AbstractParseTreeVisitor.java:46)
	at de.uka.ilkd.key.nparser.KeYParserBaseVisitor.visitDecls(KeYParserBaseVisitor.java:30)
	at de.uka.ilkd.key.nparser.KeYParser$DeclsContext.accept(KeYParser.java:500)
	at org.antlr.v4.runtime.tree.AbstractParseTreeVisitor.visitChildren(AbstractParseTreeVisitor.java:46)
	at de.uka.ilkd.key.nparser.KeYParserBaseVisitor.visitFile(KeYParserBaseVisitor.java:23)
	at de.uka.ilkd.key.nparser.KeYParser$FileContext.accept(KeYParser.java:306)
	at de.uka.ilkd.key.nparser.KeyAst.accept(KeyAst.java:41)
	at de.uka.ilkd.key.nparser.KeyAst$File.getIncludes(KeyAst.java:76)
	at de.uka.ilkd.key.proof.io.KeYFile.readIncludes(KeYFile.java:208)
	... 14 more
Could not find rule file rules/intRulesCheckedSemantics.key (file: /home/runner/work/key/key/key.core/../key.ui/examples/index/.././standard_key/quantifiers/normalisation4.key; caused by: de.uka.ilkd.key.proof.init.ProofInputException: Could not find rule file rules/intRulesCheckedSemantics.key)
	at de.uka.ilkd.key.control.AbstractUserInterfaceControl.load(AbstractUserInterfaceControl.java:221)
	at de.uka.ilkd.key.control.KeYEnvironment.load(KeYEnvironment.java:251)
	at de.uka.ilkd.key.control.KeYEnvironment.load(KeYEnvironment.java:224)
	at de.uka.ilkd.key.control.KeYEnvironment.load(KeYEnvironment.java:184)
	at de.uka.ilkd.key.control.KeYEnvironment.load(KeYEnvironment.java:261)
	at de.uka.ilkd.key.proof.runallproofs.proofcollection.TestFile.load(TestFile.java:270)
	at de.uka.ilkd.key.proof.runallproofs.proofcollection.TestFile.runKey(TestFile.java:160)
	at de.uka.ilkd.key.proof.runallproofs.proofcollection.ForkedTestFileRunner.main(ForkedTestFileRunner.java:171)
Caused by: de.uka.ilkd.key.proof.init.ProofInputException: Could not find rule file rules/intRulesCheckedSemantics.key
	at de.uka.ilkd.key.proof.io.KeYFile.readIncludes(KeYFile.java:210)
	at de.uka.ilkd.key.proof.init.ProblemInitializer.readIncludes(ProblemInitializer.java:177)
	at de.uka.ilkd.key.proof.init.ProblemInitializer.readEnvInput(ProblemInitializer.java:325)
	at de.uka.ilkd.key.proof.init.ProblemInitializer.prepare(ProblemInitializer.java:449)
	at de.uka.ilkd.key.proof.io.AbstractProblemLoader.createInitConfig(AbstractProblemLoader.java:518)
	at de.uka.ilkd.key.proof.io.AbstractProblemLoader.loadEnvironment(AbstractProblemLoader.java:288)
	at de.uka.ilkd.key.proof.io.AbstractProblemLoader.load(AbstractProblemLoader.java:252)
	at de.uka.ilkd.key.control.AbstractUserInterfaceControl.load(AbstractUserInterfaceControl.java:209)
	... 7 more
Caused by: java.lang.RuntimeException: Could not find rule file rules/intRulesCheckedSemantics.key
	at de.uka.ilkd.key.proof.io.RuleSourceFactory.fromBuiltInRule(RuleSourceFactory.java:32)
	at de.uka.ilkd.key.proof.io.RuleSourceFactory.fromDefaultLocation(RuleSourceFactory.java:21)
	at de.uka.ilkd.key.nparser.builder.IncludeFinder.addInclude(IncludeFinder.java:63)
	at de.uka.ilkd.key.nparser.builder.IncludeFinder.visitOne_include(IncludeFinder.java:43)
	at de.uka.ilkd.key.nparser.builder.IncludeFinder.visitOne_include(IncludeFinder.java:20)
	at de.uka.ilkd.key.nparser.KeYParser$One_includeContext.accept(KeYParser.java:878)
	at de.uka.ilkd.key.nparser.builder.AbstractBuilder.lambda$mapOf$0(AbstractBuilder.java:112)
	at java.base/java.util.stream.ReferencePipeline$3$1.accept(ReferencePipeline.java:195)
	at java.base/java.util.ArrayList$ArrayListSpliterator.forEachRemaining(ArrayList.java:1655)
	at java.base/java.util.stream.AbstractPipeline.copyInto(AbstractPipeline.java:484)
	at java.base/java.util.stream.AbstractPipeline.wrapAndCopyInto(AbstractPipeline.java:474)
	at java.base/java.util.stream.ReduceOps$ReduceOp.evaluateSequential(ReduceOps.java:913)
	at java.base/java.util.stream.AbstractPipeline.evaluate(AbstractPipeline.java:234)
	at java.base/java.util.stream.ReferencePipeline.collect(ReferencePipeline.java:578)
	at de.uka.ilkd.key.nparser.builder.AbstractBuilder.mapOf(AbstractBuilder.java:112)
	at de.uka.ilkd.key.nparser.builder.IncludeFinder.visitOne_include_statement(IncludeFinder.java:35)
	at de.uka.ilkd.key.nparser.builder.IncludeFinder.visitOne_include_statement(IncludeFinder.java:20)
	at de.uka.ilkd.key.nparser.KeYParser$One_include_statementContext.accept(KeYParser.java:802)
	at org.antlr.v4.runtime.tree.AbstractParseTreeVisitor.visitChildren(AbstractParseTreeVisitor.java:46)
	at de.uka.ilkd.key.nparser.KeYParserBaseVisitor.visitDecls(KeYParserBaseVisitor.java:30)
	at de.uka.ilkd.key.nparser.KeYParser$DeclsContext.accept(KeYParser.java:500)
	at org.antlr.v4.runtime.tree.AbstractParseTreeVisitor.visitChildren(AbstractParseTreeVisitor.java:46)
	at de.uka.ilkd.key.nparser.KeYParserBaseVisitor.visitFile(KeYParserBaseVisitor.java:23)
	at de.uka.ilkd.key.nparser.KeYParser$FileContext.accept(KeYParser.java:306)
	at de.uka.ilkd.key.nparser.KeyAst.accept(KeyAst.java:41)
	at de.uka.ilkd.key.nparser.KeyAst$File.getIncludes(KeyAst.java:76)
	at de.uka.ilkd.key.proof.io.KeYFile.readIncludes(KeYFile.java:208)
	... 14 more
Could not find rule file rules/intRulesCheckedSemantics.key (file: /home/runner/work/key/key/key.core/../key.ui/examples/index/.././standard_key/quantifiers/normalisation5.key; caused by: de.uka.ilkd.key.proof.init.ProofInputException: Could not find rule file rules/intRulesCheckedSemantics.key)
	at de.uka.ilkd.key.control.AbstractUserInterfaceControl.load(AbstractUserInterfaceControl.java:221)
	at de.uka.ilkd.key.control.KeYEnvironment.load(KeYEnvironment.java:251)
	at de.uka.ilkd.key.control.KeYEnvironment.load(KeYEnvironment.java:224)
	at de.uka.ilkd.key.control.KeYEnvironment.load(KeYEnvironment.java:184)
	at de.uka.ilkd.key.control.KeYEnvironment.load(KeYEnvironment.java:261)
	at de.uka.ilkd.key.proof.runallproofs.proofcollection.TestFile.load(TestFile.java:270)
	at de.uka.ilkd.key.proof.runallproofs.proofcollection.TestFile.runKey(TestFile.java:160)
	at de.uka.ilkd.key.proof.runallproofs.proofcollection.ForkedTestFileRunner.main(ForkedTestFileRunner.java:171)
Caused by: de.uka.ilkd.key.proof.init.ProofInputException: Could not find rule file rules/intRulesCheckedSemantics.key
	at de.uka.ilkd.key.proof.io.KeYFile.readIncludes(KeYFile.java:210)
	at de.uka.ilkd.key.proof.init.ProblemInitializer.readIncludes(ProblemInitializer.java:177)
	at de.uka.ilkd.key.proof.init.ProblemInitializer.readEnvInput(ProblemInitializer.java:325)
	at de.uka.ilkd.key.proof.init.ProblemInitializer.prepare(ProblemInitializer.java:449)
	at de.uka.ilkd.key.proof.io.AbstractProblemLoader.createInitConfig(AbstractProblemLoader.java:518)
	at de.uka.ilkd.key.proof.io.AbstractProblemLoader.loadEnvironment(AbstractProblemLoader.java:288)
	at de.uka.ilkd.key.proof.io.AbstractProblemLoader.load(AbstractProblemLoader.java:252)
	at de.uka.ilkd.key.control.AbstractUserInterfaceControl.load(AbstractUserInterfaceControl.java:209)
	... 7 more
Caused by: java.lang.RuntimeException: Could not find rule file rules/intRulesCheckedSemantics.key
	at de.uka.ilkd.key.proof.io.RuleSourceFactory.fromBuiltInRule(RuleSourceFactory.java:32)
	at de.uka.ilkd.key.proof.io.RuleSourceFactory.fromDefaultLocation(RuleSourceFactory.java:21)
	at de.uka.ilkd.key.nparser.builder.IncludeFinder.addInclude(IncludeFinder.java:63)
	at de.uka.ilkd.key.nparser.builder.IncludeFinder.visitOne_include(IncludeFinder.java:43)
	at de.uka.ilkd.key.nparser.builder.IncludeFinder.visitOne_include(IncludeFinder.java:20)
	at de.uka.ilkd.key.nparser.KeYParser$One_includeContext.accept(KeYParser.java:878)
	at de.uka.ilkd.key.nparser.builder.AbstractBuilder.lambda$mapOf$0(AbstractBuilder.java:112)
	at java.base/java.util.stream.ReferencePipeline$3$1.accept(ReferencePipeline.java:195)
	at java.base/java.util.ArrayList$ArrayListSpliterator.forEachRemaining(ArrayList.java:1655)
	at java.base/java.util.stream.AbstractPipeline.copyInto(AbstractPipeline.java:484)
	at java.base/java.util.stream.AbstractPipeline.wrapAndCopyInto(AbstractPipeline.java:474)
	at java.base/java.util.stream.ReduceOps$ReduceOp.evaluateSequential(ReduceOps.java:913)
	at java.base/java.util.stream.AbstractPipeline.evaluate(AbstractPipeline.java:234)
	at java.base/java.util.stream.ReferencePipeline.collect(ReferencePipeline.java:578)
	at de.uka.ilkd.key.nparser.builder.AbstractBuilder.mapOf(AbstractBuilder.java:112)
	at de.uka.ilkd.key.nparser.builder.IncludeFinder.visitOne_include_statement(IncludeFinder.java:35)
	at de.uka.ilkd.key.nparser.builder.IncludeFinder.visitOne_include_statement(IncludeFinder.java:20)
	at de.uka.ilkd.key.nparser.KeYParser$One_include_statementContext.accept(KeYParser.java:802)
	at org.antlr.v4.runtime.tree.AbstractParseTreeVisitor.visitChildren(AbstractParseTreeVisitor.java:46)
	at de.uka.ilkd.key.nparser.KeYParserBaseVisitor.visitDecls(KeYParserBaseVisitor.java:30)
	at de.uka.ilkd.key.nparser.KeYParser$DeclsContext.accept(KeYParser.java:500)
	at org.antlr.v4.runtime.tree.AbstractParseTreeVisitor.visitChildren(AbstractParseTreeVisitor.java:46)
	at de.uka.ilkd.key.nparser.KeYParserBaseVisitor.visitFile(KeYParserBaseVisitor.java:23)
	at de.uka.ilkd.key.nparser.KeYParser$FileContext.accept(KeYParser.java:306)
	at de.uka.ilkd.key.nparser.KeyAst.accept(KeyAst.java:41)
	at de.uka.ilkd.key.nparser.KeyAst$File.getIncludes(KeyAst.java:76)
	at de.uka.ilkd.key.proof.io.KeYFile.readIncludes(KeYFile.java:208)
	... 14 more
Could not find rule file rules/intRulesCheckedSemantics.key (file: /home/runner/work/key/key/key.core/../key.ui/examples/index/.././standard_key/quantifiers/normalisation6.key; caused by: de.uka.ilkd.key.proof.init.ProofInputException: Could not find rule file rules/intRulesCheckedSemantics.key)
	at de.uka.ilkd.key.control.AbstractUserInterfaceControl.load(AbstractUserInterfaceControl.java:221)
	at de.uka.ilkd.key.control.KeYEnvironment.load(KeYEnvironment.java:251)
	at de.uka.ilkd.key.control.KeYEnvironment.load(KeYEnvironment.java:224)
	at de.uka.ilkd.key.control.KeYEnvironment.load(KeYEnvironment.java:184)
	at de.uka.ilkd.key.control.KeYEnvironment.load(KeYEnvironment.java:261)
	at de.uka.ilkd.key.proof.runallproofs.proofcollection.TestFile.load(TestFile.java:270)
	at de.uka.ilkd.key.proof.runallproofs.proofcollection.TestFile.runKey(TestFile.java:160)
	at de.uka.ilkd.key.proof.runallproofs.proofcollection.ForkedTestFileRunner.main(ForkedTestFileRunner.java:171)
Caused by: de.uka.ilkd.key.proof.init.ProofInputException: Could not find rule file rules/intRulesCheckedSemantics.key
	at de.uka.ilkd.key.proof.io.KeYFile.readIncludes(KeYFile.java:210)
	at de.uka.ilkd.key.proof.init.ProblemInitializer.readIncludes(ProblemInitializer.java:177)
	at de.uka.ilkd.key.proof.init.ProblemInitializer.readEnvInput(ProblemInitializer.java:325)
	at de.uka.ilkd.key.proof.init.ProblemInitializer.prepare(ProblemInitializer.java:449)
	at de.uka.ilkd.key.proof.io.AbstractProblemLoader.createInitConfig(AbstractProblemLoader.java:518)
	at de.uka.ilkd.key.proof.io.AbstractProblemLoader.loadEnvironment(AbstractProblemLoader.java:288)
	at de.uka.ilkd.key.proof.io.AbstractProblemLoader.load(AbstractProblemLoader.java:252)
	at de.uka.ilkd.key.control.AbstractUserInterfaceControl.load(AbstractUserInterfaceControl.java:209)
	... 7 more
Caused by: java.lang.RuntimeException: Could not find rule file rules/intRulesCheckedSemantics.key
	at de.uka.ilkd.key.proof.io.RuleSourceFactory.fromBuiltInRule(RuleSourceFactory.java:32)
	at de.uka.ilkd.key.proof.io.RuleSourceFactory.fromDefaultLocation(RuleSourceFactory.java:21)
	at de.uka.ilkd.key.nparser.builder.IncludeFinder.addInclude(IncludeFinder.java:63)
	at de.uka.ilkd.key.nparser.builder.IncludeFinder.visitOne_include(IncludeFinder.java:43)
	at de.uka.ilkd.key.nparser.builder.IncludeFinder.visitOne_include(IncludeFinder.java:20)
	at de.uka.ilkd.key.nparser.KeYParser$One_includeContext.accept(KeYParser.java:878)
	at de.uka.ilkd.key.nparser.builder.AbstractBuilder.lambda$mapOf$0(AbstractBuilder.java:112)
	at java.base/java.util.stream.ReferencePipeline$3$1.accept(ReferencePipeline.java:195)
	at java.base/java.util.ArrayList$ArrayListSpliterator.forEachRemaining(ArrayList.java:1655)
	at java.base/java.util.stream.AbstractPipeline.copyInto(AbstractPipeline.java:484)
	at java.base/java.util.stream.AbstractPipeline.wrapAndCopyInto(AbstractPipeline.java:474)
	at java.base/java.util.stream.ReduceOps$ReduceOp.evaluateSequential(ReduceOps.java:913)
	at java.base/java.util.stream.AbstractPipeline.evaluate(AbstractPipeline.java:234)
	at java.base/java.util.stream.ReferencePipeline.collect(ReferencePipeline.java:578)
	at de.uka.ilkd.key.nparser.builder.AbstractBuilder.mapOf(AbstractBuilder.java:112)
	at de.uka.ilkd.key.nparser.builder.IncludeFinder.visitOne_include_statement(IncludeFinder.java:35)
	at de.uka.ilkd.key.nparser.builder.IncludeFinder.visitOne_include_statement(IncludeFinder.java:20)
	at de.uka.ilkd.key.nparser.KeYParser$One_include_statementContext.accept(KeYParser.java:802)
	at org.antlr.v4.runtime.tree.AbstractParseTreeVisitor.visitChildren(AbstractParseTreeVisitor.java:46)
	at de.uka.ilkd.key.nparser.KeYParserBaseVisitor.visitDecls(KeYParserBaseVisitor.java:30)
	at de.uka.ilkd.key.nparser.KeYParser$DeclsContext.accept(KeYParser.java:500)
	at org.antlr.v4.runtime.tree.AbstractParseTreeVisitor.visitChildren(AbstractParseTreeVisitor.java:46)
	at de.uka.ilkd.key.nparser.KeYParserBaseVisitor.visitFile(KeYParserBaseVisitor.java:23)
	at de.uka.ilkd.key.nparser.KeYParser$FileContext.accept(KeYParser.java:306)
	at de.uka.ilkd.key.nparser.KeyAst.accept(KeyAst.java:41)
	at de.uka.ilkd.key.nparser.KeyAst$File.getIncludes(KeyAst.java:76)
	at de.uka.ilkd.key.proof.io.KeYFile.readIncludes(KeYFile.java:208)
	... 14 more
Could not find rule file rules/intRulesCheckedSemantics.key (file: /home/runner/work/key/key/key.core/../key.ui/examples/index/.././standard_key/quantifiers/normalisation7.key; caused by: de.uka.ilkd.key.proof.init.ProofInputException: Could not find rule file rules/intRulesCheckedSemantics.key)
	at de.uka.ilkd.key.control.AbstractUserInterfaceControl.load(AbstractUserInterfaceControl.java:221)
	at de.uka.ilkd.key.control.KeYEnvironment.load(KeYEnvironment.java:251)
	at de.uka.ilkd.key.control.KeYEnvironment.load(KeYEnvironment.java:224)
	at de.uka.ilkd.key.control.KeYEnvironment.load(KeYEnvironment.java:184)
	at de.uka.ilkd.key.control.KeYEnvironment.load(KeYEnvironment.java:261)
	at de.uka.ilkd.key.proof.runallproofs.proofcollection.TestFile.load(TestFile.java:270)
	at de.uka.ilkd.key.proof.runallproofs.proofcollection.TestFile.runKey(TestFile.java:160)
	at de.uka.ilkd.key.proof.runallproofs.proofcollection.ForkedTestFileRunner.main(ForkedTestFileRunner.java:171)
Caused by: de.uka.ilkd.key.proof.init.ProofInputException: Could not find rule file rules/intRulesCheckedSemantics.key
	at de.uka.ilkd.key.proof.io.KeYFile.readIncludes(KeYFile.java:210)
	at de.uka.ilkd.key.proof.init.ProblemInitializer.readIncludes(ProblemInitializer.java:177)
	at de.uka.ilkd.key.proof.init.ProblemInitializer.readEnvInput(ProblemInitializer.java:325)
	at de.uka.ilkd.key.proof.init.ProblemInitializer.prepare(ProblemInitializer.java:449)
	at de.uka.ilkd.key.proof.io.AbstractProblemLoader.createInitConfig(AbstractProblemLoader.java:518)
	at de.uka.ilkd.key.proof.io.AbstractProblemLoader.loadEnvironment(AbstractProblemLoader.java:288)
	at de.uka.ilkd.key.proof.io.AbstractProblemLoader.load(AbstractProblemLoader.java:252)
	at de.uka.ilkd.key.control.AbstractUserInterfaceControl.load(AbstractUserInterfaceControl.java:209)
	... 7 more
Caused by: java.lang.RuntimeException: Could not find rule file rules/intRulesCheckedSemantics.key
	at de.uka.ilkd.key.proof.io.RuleSourceFactory.fromBuiltInRule(RuleSourceFactory.java:32)
	at de.uka.ilkd.key.proof.io.RuleSourceFactory.fromDefaultLocation(RuleSourceFactory.java:21)
	at de.uka.ilkd.key.nparser.builder.IncludeFinder.addInclude(IncludeFinder.java:63)
	at de.uka.ilkd.key.nparser.builder.IncludeFinder.visitOne_include(IncludeFinder.java:43)
	at de.uka.ilkd.key.nparser.builder.IncludeFinder.visitOne_include(IncludeFinder.java:20)
	at de.uka.ilkd.key.nparser.KeYParser$One_includeContext.accept(KeYParser.java:878)
	at de.uka.ilkd.key.nparser.builder.AbstractBuilder.lambda$mapOf$0(AbstractBuilder.java:112)
	at java.base/java.util.stream.ReferencePipeline$3$1.accept(ReferencePipeline.java:195)
	at java.base/java.util.ArrayList$ArrayListSpliterator.forEachRemaining(ArrayList.java:1655)
	at java.base/java.util.stream.AbstractPipeline.copyInto(AbstractPipeline.java:484)
	at java.base/java.util.stream.AbstractPipeline.wrapAndCopyInto(AbstractPipeline.java:474)
	at java.base/java.util.stream.ReduceOps$ReduceOp.evaluateSequential(ReduceOps.java:913)
	at java.base/java.util.stream.AbstractPipeline.evaluate(AbstractPipeline.java:234)
	at java.base/java.util.stream.ReferencePipeline.collect(ReferencePipeline.java:578)
	at de.uka.ilkd.key.nparser.builder.AbstractBuilder.mapOf(AbstractBuilder.java:112)
	at de.uka.ilkd.key.nparser.builder.IncludeFinder.visitOne_include_statement(IncludeFinder.java:35)
	at de.uka.ilkd.key.nparser.builder.IncludeFinder.visitOne_include_statement(IncludeFinder.java:20)
	at de.uka.ilkd.key.nparser.KeYParser$One_include_statementContext.accept(KeYParser.java:802)
	at org.antlr.v4.runtime.tree.AbstractParseTreeVisitor.visitChildren(AbstractParseTreeVisitor.java:46)
	at de.uka.ilkd.key.nparser.KeYParserBaseVisitor.visitDecls(KeYParserBaseVisitor.java:30)
	at de.uka.ilkd.key.nparser.KeYParser$DeclsContext.accept(KeYParser.java:500)
	at org.antlr.v4.runtime.tree.AbstractParseTreeVisitor.visitChildren(AbstractParseTreeVisitor.java:46)
	at de.uka.ilkd.key.nparser.KeYParserBaseVisitor.visitFile(KeYParserBaseVisitor.java:23)
	at de.uka.ilkd.key.nparser.KeYParser$FileContext.accept(KeYParser.java:306)
	at de.uka.ilkd.key.nparser.KeyAst.accept(KeyAst.java:41)
	at de.uka.ilkd.key.nparser.KeyAst$File.getIncludes(KeyAst.java:76)
	at de.uka.ilkd.key.proof.io.KeYFile.readIncludes(KeYFile.java:208)
	... 14 more
Could not find rule file rules/intRulesCheckedSemantics.key (file: /home/runner/work/key/key/key.core/../key.ui/examples/index/.././standard_key/quantifiers/normalisation8.key; caused by: de.uka.ilkd.key.proof.init.ProofInputException: Could not find rule file rules/intRulesCheckedSemantics.key)
	at de.uka.ilkd.key.control.AbstractUserInterfaceControl.load(AbstractUserInterfaceControl.java:221)
	at de.uka.ilkd.key.control.KeYEnvironment.load(KeYEnvironment.java:251)
	at de.uka.ilkd.key.control.KeYEnvironment.load(KeYEnvironment.java:224)
	at de.uka.ilkd.key.control.KeYEnvironment.load(KeYEnvironment.java:184)
	at de.uka.ilkd.key.control.KeYEnvironment.load(KeYEnvironment.java:261)
	at de.uka.ilkd.key.proof.runallproofs.proofcollection.TestFile.load(TestFile.java:270)
	at de.uka.ilkd.key.proof.runallproofs.proofcollection.TestFile.runKey(TestFile.java:160)
	at de.uka.ilkd.key.proof.runallproofs.proofcollection.ForkedTestFileRunner.main(ForkedTestFileRunner.java:171)
Caused by: de.uka.ilkd.key.proof.init.ProofInputException: Could not find rule file rules/intRulesCheckedSemantics.key
	at de.uka.ilkd.key.proof.io.KeYFile.readIncludes(KeYFile.java:210)
	at de.uka.ilkd.key.proof.init.ProblemInitializer.readIncludes(ProblemInitializer.java:177)
	at de.uka.ilkd.key.proof.init.ProblemInitializer.readEnvInput(ProblemInitializer.java:325)
	at de.uka.ilkd.key.proof.init.ProblemInitializer.prepare(ProblemInitializer.java:449)
	at de.uka.ilkd.key.proof.io.AbstractProblemLoader.createInitConfig(AbstractProblemLoader.java:518)
	at de.uka.ilkd.key.proof.io.AbstractProblemLoader.loadEnvironment(AbstractProblemLoader.java:288)
	at de.uka.ilkd.key.proof.io.AbstractProblemLoader.load(AbstractProblemLoader.java:252)
	at de.uka.ilkd.key.control.AbstractUserInterfaceControl.load(AbstractUserInterfaceControl.java:209)
	... 7 more
Caused by: java.lang.RuntimeException: Could not find rule file rules/intRulesCheckedSemantics.key
	at de.uka.ilkd.key.proof.io.RuleSourceFactory.fromBuiltInRule(RuleSourceFactory.java:32)
	at de.uka.ilkd.key.proof.io.RuleSourceFactory.fromDefaultLocation(RuleSourceFactory.java:21)
	at de.uka.ilkd.key.nparser.builder.IncludeFinder.addInclude(IncludeFinder.java:63)
	at de.uka.ilkd.key.nparser.builder.IncludeFinder.visitOne_include(IncludeFinder.java:43)
	at de.uka.ilkd.key.nparser.builder.IncludeFinder.visitOne_include(IncludeFinder.java:20)
	at de.uka.ilkd.key.nparser.KeYParser$One_includeContext.accept(KeYParser.java:878)
	at de.uka.ilkd.key.nparser.builder.AbstractBuilder.lambda$mapOf$0(AbstractBuilder.java:112)
	at java.base/java.util.stream.ReferencePipeline$3$1.accept(ReferencePipeline.java:195)
	at java.base/java.util.ArrayList$ArrayListSpliterator.forEachRemaining(ArrayList.java:1655)
	at java.base/java.util.stream.AbstractPipeline.copyInto(AbstractPipeline.java:484)
	at java.base/java.util.stream.AbstractPipeline.wrapAndCopyInto(AbstractPipeline.java:474)
	at java.base/java.util.stream.ReduceOps$ReduceOp.evaluateSequential(ReduceOps.java:913)
	at java.base/java.util.stream.AbstractPipeline.evaluate(AbstractPipeline.java:234)
	at java.base/java.util.stream.ReferencePipeline.collect(ReferencePipeline.java:578)
	at de.uka.ilkd.key.nparser.builder.AbstractBuilder.mapOf(AbstractBuilder.java:112)
	at de.uka.ilkd.key.nparser.builder.IncludeFinder.visitOne_include_statement(IncludeFinder.java:35)
	at de.uka.ilkd.key.nparser.builder.IncludeFinder.visitOne_include_statement(IncludeFinder.java:20)
	at de.uka.ilkd.key.nparser.KeYParser$One_include_statementContext.accept(KeYParser.java:802)
	at org.antlr.v4.runtime.tree.AbstractParseTreeVisitor.visitChildren(AbstractParseTreeVisitor.java:46)
	at de.uka.ilkd.key.nparser.KeYParserBaseVisitor.visitDecls(KeYParserBaseVisitor.java:30)
	at de.uka.ilkd.key.nparser.KeYParser$DeclsContext.accept(KeYParser.java:500)
	at org.antlr.v4.runtime.tree.AbstractParseTreeVisitor.visitChildren(AbstractParseTreeVisitor.java:46)
	at de.uka.ilkd.key.nparser.KeYParserBaseVisitor.visitFile(KeYParserBaseVisitor.java:23)
	at de.uka.ilkd.key.nparser.KeYParser$FileContext.accept(KeYParser.java:306)
	at de.uka.ilkd.key.nparser.KeyAst.accept(KeyAst.java:41)
	at de.uka.ilkd.key.nparser.KeyAst$File.getIncludes(KeyAst.java:76)
	at de.uka.ilkd.key.proof.io.KeYFile.readIncludes(KeYFile.java:208)
	... 14 more
Could not find rule file rules/intRulesCheckedSemantics.key (file: /home/runner/work/key/key/key.core/../key.ui/examples/index/.././standard_key/quantifiers/normalisation9.key; caused by: de.uka.ilkd.key.proof.init.ProofInputException: Could not find rule file rules/intRulesCheckedSemantics.key)
	at de.uka.ilkd.key.control.AbstractUserInterfaceControl.load(AbstractUserInterfaceControl.java:221)
	at de.uka.ilkd.key.control.KeYEnvironment.load(KeYEnvironment.java:251)
	at de.uka.ilkd.key.control.KeYEnvironment.load(KeYEnvironment.java:224)
	at de.uka.ilkd.key.control.KeYEnvironment.load(KeYEnvironment.java:184)
	at de.uka.ilkd.key.control.KeYEnvironment.load(KeYEnvironment.java:261)
	at de.uka.ilkd.key.proof.runallproofs.proofcollection.TestFile.load(TestFile.java:270)
	at de.uka.ilkd.key.proof.runallproofs.proofcollection.TestFile.runKey(TestFile.java:160)
	at de.uka.ilkd.key.proof.runallproofs.proofcollection.ForkedTestFileRunner.main(ForkedTestFileRunner.java:171)
Caused by: de.uka.ilkd.key.proof.init.ProofInputException: Could not find rule file rules/intRulesCheckedSemantics.key
	at de.uka.ilkd.key.proof.io.KeYFile.readIncludes(KeYFile.java:210)
	at de.uka.ilkd.key.proof.init.ProblemInitializer.readIncludes(ProblemInitializer.java:177)
	at de.uka.ilkd.key.proof.init.ProblemInitializer.readEnvInput(ProblemInitializer.java:325)
	at de.uka.ilkd.key.proof.init.ProblemInitializer.prepare(ProblemInitializer.java:449)
	at de.uka.ilkd.key.proof.io.AbstractProblemLoader.createInitConfig(AbstractProblemLoader.java:518)
	at de.uka.ilkd.key.proof.io.AbstractProblemLoader.loadEnvironment(AbstractProblemLoader.java:288)
	at de.uka.ilkd.key.proof.io.AbstractProblemLoader.load(AbstractProblemLoader.java:252)
	at de.uka.ilkd.key.control.AbstractUserInterfaceControl.load(AbstractUserInterfaceControl.java:209)
	... 7 more
Caused by: java.lang.RuntimeException: Could not find rule file rules/intRulesCheckedSemantics.key
	at de.uka.ilkd.key.proof.io.RuleSourceFactory.fromBuiltInRule(RuleSourceFactory.java:32)
	at de.uka.ilkd.key.proof.io.RuleSourceFactory.fromDefaultLocation(RuleSourceFactory.java:21)
	at de.uka.ilkd.key.nparser.builder.IncludeFinder.addInclude(IncludeFinder.java:63)
	at de.uka.ilkd.key.nparser.builder.IncludeFinder.visitOne_include(IncludeFinder.java:43)
	at de.uka.ilkd.key.nparser.builder.IncludeFinder.visitOne_include(IncludeFinder.java:20)
	at de.uka.ilkd.key.nparser.KeYParser$One_includeContext.accept(KeYParser.java:878)
	at de.uka.ilkd.key.nparser.builder.AbstractBuilder.lambda$mapOf$0(AbstractBuilder.java:112)
	at java.base/java.util.stream.ReferencePipeline$3$1.accept(ReferencePipeline.java:195)
	at java.base/java.util.ArrayList$ArrayListSpliterator.forEachRemaining(ArrayList.java:1655)
	at java.base/java.util.stream.AbstractPipeline.copyInto(AbstractPipeline.java:484)
	at java.base/java.util.stream.AbstractPipeline.wrapAndCopyInto(AbstractPipeline.java:474)
	at java.base/java.util.stream.ReduceOps$ReduceOp.evaluateSequential(ReduceOps.java:913)
	at java.base/java.util.stream.AbstractPipeline.evaluate(AbstractPipeline.java:234)
	at java.base/java.util.stream.ReferencePipeline.collect(ReferencePipeline.java:578)
	at de.uka.ilkd.key.nparser.builder.AbstractBuilder.mapOf(AbstractBuilder.java:112)
	at de.uka.ilkd.key.nparser.builder.IncludeFinder.visitOne_include_statement(IncludeFinder.java:35)
	at de.uka.ilkd.key.nparser.builder.IncludeFinder.visitOne_include_statement(IncludeFinder.java:20)
	at de.uka.ilkd.key.nparser.KeYParser$One_include_statementContext.accept(KeYParser.java:802)
	at org.antlr.v4.runtime.tree.AbstractParseTreeVisitor.visitChildren(AbstractParseTreeVisitor.java:46)
	at de.uka.ilkd.key.nparser.KeYParserBaseVisitor.visitDecls(KeYParserBaseVisitor.java:30)
	at de.uka.ilkd.key.nparser.KeYParser$DeclsContext.accept(KeYParser.java:500)
	at org.antlr.v4.runtime.tree.AbstractParseTreeVisitor.visitChildren(AbstractParseTreeVisitor.java:46)
	at de.uka.ilkd.key.nparser.KeYParserBaseVisitor.visitFile(KeYParserBaseVisitor.java:23)
	at de.uka.ilkd.key.nparser.KeYParser$FileContext.accept(KeYParser.java:306)
	at de.uka.ilkd.key.nparser.KeyAst.accept(KeyAst.java:41)
	at de.uka.ilkd.key.nparser.KeyAst$File.getIncludes(KeyAst.java:76)
	at de.uka.ilkd.key.proof.io.KeYFile.readIncludes(KeYFile.java:208)
	... 14 more
Could not find rule file rules/intRulesCheckedSemantics.key (file: /home/runner/work/key/key/key.core/../key.ui/examples/index/.././standard_key/quantifiers/normalisation10.key; caused by: de.uka.ilkd.key.proof.init.ProofInputException: Could not find rule file rules/intRulesCheckedSemantics.key)
	at de.uka.ilkd.key.control.AbstractUserInterfaceControl.load(AbstractUserInterfaceControl.java:221)
	at de.uka.ilkd.key.control.KeYEnvironment.load(KeYEnvironment.java:251)
	at de.uka.ilkd.key.control.KeYEnvironment.load(KeYEnvironment.java:224)
	at de.uka.ilkd.key.control.KeYEnvironment.load(KeYEnvironment.java:184)
	at de.uka.ilkd.key.control.KeYEnvironment.load(KeYEnvironment.java:261)
	at de.uka.ilkd.key.proof.runallproofs.proofcollection.TestFile.load(TestFile.java:270)
	at de.uka.ilkd.key.proof.runallproofs.proofcollection.TestFile.runKey(TestFile.java:160)
	at de.uka.ilkd.key.proof.runallproofs.proofcollection.ForkedTestFileRunner.main(ForkedTestFileRunner.java:171)
Caused by: de.uka.ilkd.key.proof.init.ProofInputException: Could not find rule file rules/intRulesCheckedSemantics.key
	at de.uka.ilkd.key.proof.io.KeYFile.readIncludes(KeYFile.java:210)
	at de.uka.ilkd.key.proof.init.ProblemInitializer.readIncludes(ProblemInitializer.java:177)
	at de.uka.ilkd.key.proof.init.ProblemInitializer.readEnvInput(ProblemInitializer.java:325)
	at de.uka.ilkd.key.proof.init.ProblemInitializer.prepare(ProblemInitializer.java:449)
	at de.uka.ilkd.key.proof.io.AbstractProblemLoader.createInitConfig(AbstractProblemLoader.java:518)
	at de.uka.ilkd.key.proof.io.AbstractProblemLoader.loadEnvironment(AbstractProblemLoader.java:288)
	at de.uka.ilkd.key.proof.io.AbstractProblemLoader.load(AbstractProblemLoader.java:252)
	at de.uka.ilkd.key.control.AbstractUserInterfaceControl.load(AbstractUserInterfaceControl.java:209)
	... 7 more
Caused by: java.lang.RuntimeException: Could not find rule file rules/intRulesCheckedSemantics.key
	at de.uka.ilkd.key.proof.io.RuleSourceFactory.fromBuiltInRule(RuleSourceFactory.java:32)
	at de.uka.ilkd.key.proof.io.RuleSourceFactory.fromDefaultLocation(RuleSourceFactory.java:21)
	at de.uka.ilkd.key.nparser.builder.IncludeFinder.addInclude(IncludeFinder.java:63)
	at de.uka.ilkd.key.nparser.builder.IncludeFinder.visitOne_include(IncludeFinder.java:43)
	at de.uka.ilkd.key.nparser.builder.IncludeFinder.visitOne_include(IncludeFinder.java:20)
	at de.uka.ilkd.key.nparser.KeYParser$One_includeContext.accept(KeYParser.java:878)
	at de.uka.ilkd.key.nparser.builder.AbstractBuilder.lambda$mapOf$0(AbstractBuilder.java:112)
	at java.base/java.util.stream.ReferencePipeline$3$1.accept(ReferencePipeline.java:195)
	at java.base/java.util.ArrayList$ArrayListSpliterator.forEachRemaining(ArrayList.java:1655)
	at java.base/java.util.stream.AbstractPipeline.copyInto(AbstractPipeline.java:484)
	at java.base/java.util.stream.AbstractPipeline.wrapAndCopyInto(AbstractPipeline.java:474)
	at java.base/java.util.stream.ReduceOps$ReduceOp.evaluateSequential(ReduceOps.java:913)
	at java.base/java.util.stream.AbstractPipeline.evaluate(AbstractPipeline.java:234)
	at java.base/java.util.stream.ReferencePipeline.collect(ReferencePipeline.java:578)
	at de.uka.ilkd.key.nparser.builder.AbstractBuilder.mapOf(AbstractBuilder.java:112)
	at de.uka.ilkd.key.nparser.builder.IncludeFinder.visitOne_include_statement(IncludeFinder.java:35)
	at de.uka.ilkd.key.nparser.builder.IncludeFinder.visitOne_include_statement(IncludeFinder.java:20)
	at de.uka.ilkd.key.nparser.KeYParser$One_include_statementContext.accept(KeYParser.java:802)
	at org.antlr.v4.runtime.tree.AbstractParseTreeVisitor.visitChildren(AbstractParseTreeVisitor.java:46)
	at de.uka.ilkd.key.nparser.KeYParserBaseVisitor.visitDecls(KeYParserBaseVisitor.java:30)
	at de.uka.ilkd.key.nparser.KeYParser$DeclsContext.accept(KeYParser.java:500)
	at org.antlr.v4.runtime.tree.AbstractParseTreeVisitor.visitChildren(AbstractParseTreeVisitor.java:46)
	at de.uka.ilkd.key.nparser.KeYParserBaseVisitor.visitFile(KeYParserBaseVisitor.java:23)
	at de.uka.ilkd.key.nparser.KeYParser$FileContext.accept(KeYParser.java:306)
	at de.uka.ilkd.key.nparser.KeyAst.accept(KeyAst.java:41)
	at de.uka.ilkd.key.nparser.KeyAst$File.getIncludes(KeyAst.java:76)
	at de.uka.ilkd.key.proof.io.KeYFile.readIncludes(KeYFile.java:208)
	... 14 more
Could not find rule file rules/intRulesCheckedSemantics.key (file: /home/runner/work/key/key/key.core/../key.ui/examples/index/.././standard_key/quantifiers/normalisation12.key; caused by: de.uka.ilkd.key.proof.init.ProofInputException: Could not find rule file rules/intRulesCheckedSemantics.key)
	at de.uka.ilkd.key.control.AbstractUserInterfaceControl.load(AbstractUserInterfaceControl.java:221)
	at de.uka.ilkd.key.control.KeYEnvironment.load(KeYEnvironment.java:251)
	at de.uka.ilkd.key.control.KeYEnvironment.load(KeYEnvironment.java:224)
	at de.uka.ilkd.key.control.KeYEnvironment.load(KeYEnvironment.java:184)
	at de.uka.ilkd.key.control.KeYEnvironment.load(KeYEnvironment.java:261)
	at de.uka.ilkd.key.proof.runallproofs.proofcollection.TestFile.load(TestFile.java:270)
	at de.uka.ilkd.key.proof.runallproofs.proofcollection.TestFile.runKey(TestFile.java:160)
	at de.uka.ilkd.key.proof.runallproofs.proofcollection.ForkedTestFileRunner.main(ForkedTestFileRunner.java:171)
Caused by: de.uka.ilkd.key.proof.init.ProofInputException: Could not find rule file rules/intRulesCheckedSemantics.key
	at de.uka.ilkd.key.proof.io.KeYFile.readIncludes(KeYFile.java:210)
	at de.uka.ilkd.key.proof.init.ProblemInitializer.readIncludes(ProblemInitializer.java:177)
	at de.uka.ilkd.key.proof.init.ProblemInitializer.readEnvInput(ProblemInitializer.java:325)
	at de.uka.ilkd.key.proof.init.ProblemInitializer.prepare(ProblemInitializer.java:449)
	at de.uka.ilkd.key.proof.io.AbstractProblemLoader.createInitConfig(AbstractProblemLoader.java:518)
	at de.uka.ilkd.key.proof.io.AbstractProblemLoader.loadEnvironment(AbstractProblemLoader.java:288)
	at de.uka.ilkd.key.proof.io.AbstractProblemLoader.load(AbstractProblemLoader.java:252)
	at de.uka.ilkd.key.control.AbstractUserInterfaceControl.load(AbstractUserInterfaceControl.java:209)
	... 7 more
Caused by: java.lang.RuntimeException: Could not find rule file rules/intRulesCheckedSemantics.key
	at de.uka.ilkd.key.proof.io.RuleSourceFactory.fromBuiltInRule(RuleSourceFactory.java:32)
	at de.uka.ilkd.key.proof.io.RuleSourceFactory.fromDefaultLocation(RuleSourceFactory.java:21)
	at de.uka.ilkd.key.nparser.builder.IncludeFinder.addInclude(IncludeFinder.java:63)
	at de.uka.ilkd.key.nparser.builder.IncludeFinder.visitOne_include(IncludeFinder.java:43)
	at de.uka.ilkd.key.nparser.builder.IncludeFinder.visitOne_include(IncludeFinder.java:20)
	at de.uka.ilkd.key.nparser.KeYParser$One_includeContext.accept(KeYParser.java:878)
	at de.uka.ilkd.key.nparser.builder.AbstractBuilder.lambda$mapOf$0(AbstractBuilder.java:112)
	at java.base/java.util.stream.ReferencePipeline$3$1.accept(ReferencePipeline.java:195)
	at java.base/java.util.ArrayList$ArrayListSpliterator.forEachRemaining(ArrayList.java:1655)
	at java.base/java.util.stream.AbstractPipeline.copyInto(AbstractPipeline.java:484)
	at java.base/java.util.stream.AbstractPipeline.wrapAndCopyInto(AbstractPipeline.java:474)
	at java.base/java.util.stream.ReduceOps$ReduceOp.evaluateSequential(ReduceOps.java:913)
	at java.base/java.util.stream.AbstractPipeline.evaluate(AbstractPipeline.java:234)
	at java.base/java.util.stream.ReferencePipeline.collect(ReferencePipeline.java:578)
	at de.uka.ilkd.key.nparser.builder.AbstractBuilder.mapOf(AbstractBuilder.java:112)
	at de.uka.ilkd.key.nparser.builder.IncludeFinder.visitOne_include_statement(IncludeFinder.java:35)
	at de.uka.ilkd.key.nparser.builder.IncludeFinder.visitOne_include_statement(IncludeFinder.java:20)
	at de.uka.ilkd.key.nparser.KeYParser$One_include_statementContext.accept(KeYParser.java:802)
	at org.antlr.v4.runtime.tree.AbstractParseTreeVisitor.visitChildren(AbstractParseTreeVisitor.java:46)
	at de.uka.ilkd.key.nparser.KeYParserBaseVisitor.visitDecls(KeYParserBaseVisitor.java:30)
	at de.uka.ilkd.key.nparser.KeYParser$DeclsContext.accept(KeYParser.java:500)
	at org.antlr.v4.runtime.tree.AbstractParseTreeVisitor.visitChildren(AbstractParseTreeVisitor.java:46)
	at de.uka.ilkd.key.nparser.KeYParserBaseVisitor.visitFile(KeYParserBaseVisitor.java:23)
	at de.uka.ilkd.key.nparser.KeYParser$FileContext.accept(KeYParser.java:306)
	at de.uka.ilkd.key.nparser.KeyAst.accept(KeyAst.java:41)
	at de.uka.ilkd.key.nparser.KeyAst$File.getIncludes(KeyAst.java:76)
	at de.uka.ilkd.key.proof.io.KeYFile.readIncludes(KeYFile.java:208)
	... 14 more
Could not find rule file rules/intRulesCheckedSemantics.key (file: /home/runner/work/key/key/key.core/../key.ui/examples/index/.././standard_key/quantifiers/normalisation13.key; caused by: de.uka.ilkd.key.proof.init.ProofInputException: Could not find rule file rules/intRulesCheckedSemantics.key)
	at de.uka.ilkd.key.control.AbstractUserInterfaceControl.load(AbstractUserInterfaceControl.java:221)
	at de.uka.ilkd.key.control.KeYEnvironment.load(KeYEnvironment.java:251)
	at de.uka.ilkd.key.control.KeYEnvironment.load(KeYEnvironment.java:224)
	at de.uka.ilkd.key.control.KeYEnvironment.load(KeYEnvironment.java:184)
	at de.uka.ilkd.key.control.KeYEnvironment.load(KeYEnvironment.java:261)
	at de.uka.ilkd.key.proof.runallproofs.proofcollection.TestFile.load(TestFile.java:270)
	at de.uka.ilkd.key.proof.runallproofs.proofcollection.TestFile.runKey(TestFile.java:160)
	at de.uka.ilkd.key.proof.runallproofs.proofcollection.ForkedTestFileRunner.main(ForkedTestFileRunner.java:171)
Caused by: de.uka.ilkd.key.proof.init.ProofInputException: Could not find rule file rules/intRulesCheckedSemantics.key
	at de.uka.ilkd.key.proof.io.KeYFile.readIncludes(KeYFile.java:210)
	at de.uka.ilkd.key.proof.init.ProblemInitializer.readIncludes(ProblemInitializer.java:177)
	at de.uka.ilkd.key.proof.init.ProblemInitializer.readEnvInput(ProblemInitializer.java:325)
	at de.uka.ilkd.key.proof.init.ProblemInitializer.prepare(ProblemInitializer.java:449)
	at de.uka.ilkd.key.proof.io.AbstractProblemLoader.createInitConfig(AbstractProblemLoader.java:518)
	at de.uka.ilkd.key.proof.io.AbstractProblemLoader.loadEnvironment(AbstractProblemLoader.java:288)
	at de.uka.ilkd.key.proof.io.AbstractProblemLoader.load(AbstractProblemLoader.java:252)
	at de.uka.ilkd.key.control.AbstractUserInterfaceControl.load(AbstractUserInterfaceControl.java:209)
	... 7 more
Caused by: java.lang.RuntimeException: Could not find rule file rules/intRulesCheckedSemantics.key
	at de.uka.ilkd.key.proof.io.RuleSourceFactory.fromBuiltInRule(RuleSourceFactory.java:32)
	at de.uka.ilkd.key.proof.io.RuleSourceFactory.fromDefaultLocation(RuleSourceFactory.java:21)
	at de.uka.ilkd.key.nparser.builder.IncludeFinder.addInclude(IncludeFinder.java:63)
	at de.uka.ilkd.key.nparser.builder.IncludeFinder.visitOne_include(IncludeFinder.java:43)
	at de.uka.ilkd.key.nparser.builder.IncludeFinder.visitOne_include(IncludeFinder.java:20)
	at de.uka.ilkd.key.nparser.KeYParser$One_includeContext.accept(KeYParser.java:878)
	at de.uka.ilkd.key.nparser.builder.AbstractBuilder.lambda$mapOf$0(AbstractBuilder.java:112)
	at java.base/java.util.stream.ReferencePipeline$3$1.accept(ReferencePipeline.java:195)
	at java.base/java.util.ArrayList$ArrayListSpliterator.forEachRemaining(ArrayList.java:1655)
	at java.base/java.util.stream.AbstractPipeline.copyInto(AbstractPipeline.java:484)
	at java.base/java.util.stream.AbstractPipeline.wrapAndCopyInto(AbstractPipeline.java:474)
	at java.base/java.util.stream.ReduceOps$ReduceOp.evaluateSequential(ReduceOps.java:913)
	at java.base/java.util.stream.AbstractPipeline.evaluate(AbstractPipeline.java:234)
	at java.base/java.util.stream.ReferencePipeline.collect(ReferencePipeline.java:578)
	at de.uka.ilkd.key.nparser.builder.AbstractBuilder.mapOf(AbstractBuilder.java:112)
	at de.uka.ilkd.key.nparser.builder.IncludeFinder.visitOne_include_statement(IncludeFinder.java:35)
	at de.uka.ilkd.key.nparser.builder.IncludeFinder.visitOne_include_statement(IncludeFinder.java:20)
	at de.uka.ilkd.key.nparser.KeYParser$One_include_statementContext.accept(KeYParser.java:802)
	at org.antlr.v4.runtime.tree.AbstractParseTreeVisitor.visitChildren(AbstractParseTreeVisitor.java:46)
	at de.uka.ilkd.key.nparser.KeYParserBaseVisitor.visitDecls(KeYParserBaseVisitor.java:30)
	at de.uka.ilkd.key.nparser.KeYParser$DeclsContext.accept(KeYParser.java:500)
	at org.antlr.v4.runtime.tree.AbstractParseTreeVisitor.visitChildren(AbstractParseTreeVisitor.java:46)
	at de.uka.ilkd.key.nparser.KeYParserBaseVisitor.visitFile(KeYParserBaseVisitor.java:23)
	at de.uka.ilkd.key.nparser.KeYParser$FileContext.accept(KeYParser.java:306)
	at de.uka.ilkd.key.nparser.KeyAst.accept(KeyAst.java:41)
	at de.uka.ilkd.key.nparser.KeyAst$File.getIncludes(KeyAst.java:76)
	at de.uka.ilkd.key.proof.io.KeYFile.readIncludes(KeYFile.java:208)
	... 14 more
Could not find rule file rules/intRulesCheckedSemantics.key (file: /home/runner/work/key/key/key.core/../key.ui/examples/index/.././standard_key/quantifiers/triggers0.key; caused by: de.uka.ilkd.key.proof.init.ProofInputException: Could not find rule file rules/intRulesCheckedSemantics.key)
	at de.uka.ilkd.key.control.AbstractUserInterfaceControl.load(AbstractUserInterfaceControl.java:221)
	at de.uka.ilkd.key.control.KeYEnvironment.load(KeYEnvironment.java:251)
	at de.uka.ilkd.key.control.KeYEnvironment.load(KeYEnvironment.java:224)
	at de.uka.ilkd.key.control.KeYEnvironment.load(KeYEnvironment.java:184)
	at de.uka.ilkd.key.control.KeYEnvironment.load(KeYEnvironment.java:261)
	at de.uka.ilkd.key.proof.runallproofs.proofcollection.TestFile.load(TestFile.java:270)
	at de.uka.ilkd.key.proof.runallproofs.proofcollection.TestFile.runKey(TestFile.java:160)
	at de.uka.ilkd.key.proof.runallproofs.proofcollection.ForkedTestFileRunner.main(ForkedTestFileRunner.java:171)
Caused by: de.uka.ilkd.key.proof.init.ProofInputException: Could not find rule file rules/intRulesCheckedSemantics.key
	at de.uka.ilkd.key.proof.io.KeYFile.readIncludes(KeYFile.java:210)
	at de.uka.ilkd.key.proof.init.ProblemInitializer.readIncludes(ProblemInitializer.java:177)
	at de.uka.ilkd.key.proof.init.ProblemInitializer.readEnvInput(ProblemInitializer.java:325)
	at de.uka.ilkd.key.proof.init.ProblemInitializer.prepare(ProblemInitializer.java:449)
	at de.uka.ilkd.key.proof.io.AbstractProblemLoader.createInitConfig(AbstractProblemLoader.java:518)
	at de.uka.ilkd.key.proof.io.AbstractProblemLoader.loadEnvironment(AbstractProblemLoader.java:288)
	at de.uka.ilkd.key.proof.io.AbstractProblemLoader.load(AbstractProblemLoader.java:252)
	at de.uka.ilkd.key.control.AbstractUserInterfaceControl.load(AbstractUserInterfaceControl.java:209)
	... 7 more
Caused by: java.lang.RuntimeException: Could not find rule file rules/intRulesCheckedSemantics.key
	at de.uka.ilkd.key.proof.io.RuleSourceFactory.fromBuiltInRule(RuleSourceFactory.java:32)
	at de.uka.ilkd.key.proof.io.RuleSourceFactory.fromDefaultLocation(RuleSourceFactory.java:21)
	at de.uka.ilkd.key.nparser.builder.IncludeFinder.addInclude(IncludeFinder.java:63)
	at de.uka.ilkd.key.nparser.builder.IncludeFinder.visitOne_include(IncludeFinder.java:43)
	at de.uka.ilkd.key.nparser.builder.IncludeFinder.visitOne_include(IncludeFinder.java:20)
	at de.uka.ilkd.key.nparser.KeYParser$One_includeContext.accept(KeYParser.java:878)
	at de.uka.ilkd.key.nparser.builder.AbstractBuilder.lambda$mapOf$0(AbstractBuilder.java:112)
	at java.base/java.util.stream.ReferencePipeline$3$1.accept(ReferencePipeline.java:195)
	at java.base/java.util.ArrayList$ArrayListSpliterator.forEachRemaining(ArrayList.java:1655)
	at java.base/java.util.stream.AbstractPipeline.copyInto(AbstractPipeline.java:484)
	at java.base/java.util.stream.AbstractPipeline.wrapAndCopyInto(AbstractPipeline.java:474)
	at java.base/java.util.stream.ReduceOps$ReduceOp.evaluateSequential(ReduceOps.java:913)
	at java.base/java.util.stream.AbstractPipeline.evaluate(AbstractPipeline.java:234)
	at java.base/java.util.stream.ReferencePipeline.collect(ReferencePipeline.java:578)
	at de.uka.ilkd.key.nparser.builder.AbstractBuilder.mapOf(AbstractBuilder.java:112)
	at de.uka.ilkd.key.nparser.builder.IncludeFinder.visitOne_include_statement(IncludeFinder.java:35)
	at de.uka.ilkd.key.nparser.builder.IncludeFinder.visitOne_include_statement(IncludeFinder.java:20)
	at de.uka.ilkd.key.nparser.KeYParser$One_include_statementContext.accept(KeYParser.java:802)
	at org.antlr.v4.runtime.tree.AbstractParseTreeVisitor.visitChildren(AbstractParseTreeVisitor.java:46)
	at de.uka.ilkd.key.nparser.KeYParserBaseVisitor.visitDecls(KeYParserBaseVisitor.java:30)
	at de.uka.ilkd.key.nparser.KeYParser$DeclsContext.accept(KeYParser.java:500)
	at org.antlr.v4.runtime.tree.AbstractParseTreeVisitor.visitChildren(AbstractParseTreeVisitor.java:46)
	at de.uka.ilkd.key.nparser.KeYParserBaseVisitor.visitFile(KeYParserBaseVisitor.java:23)
	at de.uka.ilkd.key.nparser.KeYParser$FileContext.accept(KeYParser.java:306)
	at de.uka.ilkd.key.nparser.KeyAst.accept(KeyAst.java:41)
	at de.uka.ilkd.key.nparser.KeyAst$File.getIncludes(KeyAst.java:76)
	at de.uka.ilkd.key.proof.io.KeYFile.readIncludes(KeYFile.java:208)
	... 14 more
Exception in thread "main" org.opentest4j.AssertionFailedError: Exception during the execution of proofs. See log for more details.
	at org.junit.jupiter.api.AssertionUtils.fail(AssertionUtils.java:39)
	at org.junit.jupiter.api.Assertions.fail(Assertions.java:134)
	at de.uka.ilkd.key.proof.runallproofs.proofcollection.ForkedTestFileRunner.main(ForkedTestFileRunner.java:192)
Timeout watcher launched (2000 secs.)
Could not find rule file rules/intRulesCheckedSemantics.key (file: /home/runner/work/key/key/key.core/../key.ui/examples/index/.././standard_key/strings/charAt0.key; caused by: de.uka.ilkd.key.proof.init.ProofInputException: Could not find rule file rules/intRulesCheckedSemantics.key)
	at de.uka.ilkd.key.control.AbstractUserInterfaceControl.load(AbstractUserInterfaceControl.java:221)
	at de.uka.ilkd.key.control.KeYEnvironment.load(KeYEnvironment.java:251)
	at de.uka.ilkd.key.control.KeYEnvironment.load(KeYEnvironment.java:224)
	at de.uka.ilkd.key.control.KeYEnvironment.load(KeYEnvironment.java:184)
	at de.uka.ilkd.key.control.KeYEnvironment.load(KeYEnvironment.java:261)
	at de.uka.ilkd.key.proof.runallproofs.proofcollection.TestFile.load(TestFile.java:270)
	at de.uka.ilkd.key.proof.runallproofs.proofcollection.TestFile.runKey(TestFile.java:160)
	at de.uka.ilkd.key.proof.runallproofs.proofcollection.ForkedTestFileRunner.main(ForkedTestFileRunner.java:171)
Caused by: de.uka.ilkd.key.proof.init.ProofInputException: Could not find rule file rules/intRulesCheckedSemantics.key
	at de.uka.ilkd.key.proof.io.KeYFile.readIncludes(KeYFile.java:210)
	at de.uka.ilkd.key.proof.init.ProblemInitializer.readIncludes(ProblemInitializer.java:177)
	at de.uka.ilkd.key.proof.init.ProblemInitializer.readEnvInput(ProblemInitializer.java:325)
	at de.uka.ilkd.key.proof.init.ProblemInitializer.prepare(ProblemInitializer.java:449)
	at de.uka.ilkd.key.proof.io.AbstractProblemLoader.createInitConfig(AbstractProblemLoader.java:518)
	at de.uka.ilkd.key.proof.io.AbstractProblemLoader.loadEnvironment(AbstractProblemLoader.java:288)
	at de.uka.ilkd.key.proof.io.AbstractProblemLoader.load(AbstractProblemLoader.java:252)
	at de.uka.ilkd.key.control.AbstractUserInterfaceControl.load(AbstractUserInterfaceControl.java:209)
	... 7 more
Caused by: java.lang.RuntimeException: Could not find rule file rules/intRulesCheckedSemantics.key
	at de.uka.ilkd.key.proof.io.RuleSourceFactory.fromBuiltInRule(RuleSourceFactory.java:32)
	at de.uka.ilkd.key.proof.io.RuleSourceFactory.fromDefaultLocation(RuleSourceFactory.java:21)
	at de.uka.ilkd.key.nparser.builder.IncludeFinder.addInclude(IncludeFinder.java:63)
	at de.uka.ilkd.key.nparser.builder.IncludeFinder.visitOne_include(IncludeFinder.java:43)
	at de.uka.ilkd.key.nparser.builder.IncludeFinder.visitOne_include(IncludeFinder.java:20)
	at de.uka.ilkd.key.nparser.KeYParser$One_includeContext.accept(KeYParser.java:878)
	at de.uka.ilkd.key.nparser.builder.AbstractBuilder.lambda$mapOf$0(AbstractBuilder.java:112)
	at java.base/java.util.stream.ReferencePipeline$3$1.accept(ReferencePipeline.java:195)
	at java.base/java.util.ArrayList$ArrayListSpliterator.forEachRemaining(ArrayList.java:1655)
	at java.base/java.util.stream.AbstractPipeline.copyInto(AbstractPipeline.java:484)
	at java.base/java.util.stream.AbstractPipeline.wrapAndCopyInto(AbstractPipeline.java:474)
	at java.base/java.util.stream.ReduceOps$ReduceOp.evaluateSequential(ReduceOps.java:913)
	at java.base/java.util.stream.AbstractPipeline.evaluate(AbstractPipeline.java:234)
	at java.base/java.util.stream.ReferencePipeline.collect(ReferencePipeline.java:578)
	at de.uka.ilkd.key.nparser.builder.AbstractBuilder.mapOf(AbstractBuilder.java:112)
	at de.uka.ilkd.key.nparser.builder.IncludeFinder.visitOne_include_statement(IncludeFinder.java:35)
	at de.uka.ilkd.key.nparser.builder.IncludeFinder.visitOne_include_statement(IncludeFinder.java:20)
	at de.uka.ilkd.key.nparser.KeYParser$One_include_statementContext.accept(KeYParser.java:802)
	at org.antlr.v4.runtime.tree.AbstractParseTreeVisitor.visitChildren(AbstractParseTreeVisitor.java:46)
	at de.uka.ilkd.key.nparser.KeYParserBaseVisitor.visitDecls(KeYParserBaseVisitor.java:30)
	at de.uka.ilkd.key.nparser.KeYParser$DeclsContext.accept(KeYParser.java:500)
	at org.antlr.v4.runtime.tree.AbstractParseTreeVisitor.visitChildren(AbstractParseTreeVisitor.java:46)
	at de.uka.ilkd.key.nparser.KeYParserBaseVisitor.visitFile(KeYParserBaseVisitor.java:23)
	at de.uka.ilkd.key.nparser.KeYParser$FileContext.accept(KeYParser.java:306)
	at de.uka.ilkd.key.nparser.KeyAst.accept(KeyAst.java:41)
	at de.uka.ilkd.key.nparser.KeyAst$File.getIncludes(KeyAst.java:76)
	at de.uka.ilkd.key.proof.io.KeYFile.readIncludes(KeYFile.java:208)
	... 14 more
Could not find rule file rules/intRulesCheckedSemantics.key (file: /home/runner/work/key/key/key.core/../key.ui/examples/index/.././standard_key/strings/charAt1.key; caused by: de.uka.ilkd.key.proof.init.ProofInputException: Could not find rule file rules/intRulesCheckedSemantics.key)
	at de.uka.ilkd.key.control.AbstractUserInterfaceControl.load(AbstractUserInterfaceControl.java:221)
	at de.uka.ilkd.key.control.KeYEnvironment.load(KeYEnvironment.java:251)
	at de.uka.ilkd.key.control.KeYEnvironment.load(KeYEnvironment.java:224)
	at de.uka.ilkd.key.control.KeYEnvironment.load(KeYEnvironment.java:184)
	at de.uka.ilkd.key.control.KeYEnvironment.load(KeYEnvironment.java:261)
	at de.uka.ilkd.key.proof.runallproofs.proofcollection.TestFile.load(TestFile.java:270)
	at de.uka.ilkd.key.proof.runallproofs.proofcollection.TestFile.runKey(TestFile.java:160)
	at de.uka.ilkd.key.proof.runallproofs.proofcollection.ForkedTestFileRunner.main(ForkedTestFileRunner.java:171)
Caused by: de.uka.ilkd.key.proof.init.ProofInputException: Could not find rule file rules/intRulesCheckedSemantics.key
	at de.uka.ilkd.key.proof.io.KeYFile.readIncludes(KeYFile.java:210)
	at de.uka.ilkd.key.proof.init.ProblemInitializer.readIncludes(ProblemInitializer.java:177)
	at de.uka.ilkd.key.proof.init.ProblemInitializer.readEnvInput(ProblemInitializer.java:325)
	at de.uka.ilkd.key.proof.init.ProblemInitializer.prepare(ProblemInitializer.java:449)
	at de.uka.ilkd.key.proof.io.AbstractProblemLoader.createInitConfig(AbstractProblemLoader.java:518)
	at de.uka.ilkd.key.proof.io.AbstractProblemLoader.loadEnvironment(AbstractProblemLoader.java:288)
	at de.uka.ilkd.key.proof.io.AbstractProblemLoader.load(AbstractProblemLoader.java:252)
	at de.uka.ilkd.key.control.AbstractUserInterfaceControl.load(AbstractUserInterfaceControl.java:209)
	... 7 more
Caused by: java.lang.RuntimeException: Could not find rule file rules/intRulesCheckedSemantics.key
	at de.uka.ilkd.key.proof.io.RuleSourceFactory.fromBuiltInRule(RuleSourceFactory.java:32)
	at de.uka.ilkd.key.proof.io.RuleSourceFactory.fromDefaultLocation(RuleSourceFactory.java:21)
	at de.uka.ilkd.key.nparser.builder.IncludeFinder.addInclude(IncludeFinder.java:63)
	at de.uka.ilkd.key.nparser.builder.IncludeFinder.visitOne_include(IncludeFinder.java:43)
	at de.uka.ilkd.key.nparser.builder.IncludeFinder.visitOne_include(IncludeFinder.java:20)
	at de.uka.ilkd.key.nparser.KeYParser$One_includeContext.accept(KeYParser.java:878)
	at de.uka.ilkd.key.nparser.builder.AbstractBuilder.lambda$mapOf$0(AbstractBuilder.java:112)
	at java.base/java.util.stream.ReferencePipeline$3$1.accept(ReferencePipeline.java:195)
	at java.base/java.util.ArrayList$ArrayListSpliterator.forEachRemaining(ArrayList.java:1655)
	at java.base/java.util.stream.AbstractPipeline.copyInto(AbstractPipeline.java:484)
	at java.base/java.util.stream.AbstractPipeline.wrapAndCopyInto(AbstractPipeline.java:474)
	at java.base/java.util.stream.ReduceOps$ReduceOp.evaluateSequential(ReduceOps.java:913)
	at java.base/java.util.stream.AbstractPipeline.evaluate(AbstractPipeline.java:234)
	at java.base/java.util.stream.ReferencePipeline.collect(ReferencePipeline.java:578)
	at de.uka.ilkd.key.nparser.builder.AbstractBuilder.mapOf(AbstractBuilder.java:112)
	at de.uka.ilkd.key.nparser.builder.IncludeFinder.visitOne_include_statement(IncludeFinder.java:35)
	at de.uka.ilkd.key.nparser.builder.IncludeFinder.visitOne_include_statement(IncludeFinder.java:20)
	at de.uka.ilkd.key.nparser.KeYParser$One_include_statementContext.accept(KeYParser.java:802)
	at org.antlr.v4.runtime.tree.AbstractParseTreeVisitor.visitChildren(AbstractParseTreeVisitor.java:46)
	at de.uka.ilkd.key.nparser.KeYParserBaseVisitor.visitDecls(KeYParserBaseVisitor.java:30)
	at de.uka.ilkd.key.nparser.KeYParser$DeclsContext.accept(KeYParser.java:500)
	at org.antlr.v4.runtime.tree.AbstractParseTreeVisitor.visitChildren(AbstractParseTreeVisitor.java:46)
	at de.uka.ilkd.key.nparser.KeYParserBaseVisitor.visitFile(KeYParserBaseVisitor.java:23)
	at de.uka.ilkd.key.nparser.KeYParser$FileContext.accept(KeYParser.java:306)
	at de.uka.ilkd.key.nparser.KeyAst.accept(KeyAst.java:41)
	at de.uka.ilkd.key.nparser.KeyAst$File.getIncludes(KeyAst.java:76)
	at de.uka.ilkd.key.proof.io.KeYFile.readIncludes(KeYFile.java:208)
	... 14 more
Could not find rule file rules/intRulesCheckedSemantics.key (file: /home/runner/work/key/key/key.core/../key.ui/examples/index/.././standard_key/strings/concat1.key; caused by: de.uka.ilkd.key.proof.init.ProofInputException: Could not find rule file rules/intRulesCheckedSemantics.key)
	at de.uka.ilkd.key.control.AbstractUserInterfaceControl.load(AbstractUserInterfaceControl.java:221)
	at de.uka.ilkd.key.control.KeYEnvironment.load(KeYEnvironment.java:251)
	at de.uka.ilkd.key.control.KeYEnvironment.load(KeYEnvironment.java:224)
	at de.uka.ilkd.key.control.KeYEnvironment.load(KeYEnvironment.java:184)
	at de.uka.ilkd.key.control.KeYEnvironment.load(KeYEnvironment.java:261)
	at de.uka.ilkd.key.proof.runallproofs.proofcollection.TestFile.load(TestFile.java:270)
	at de.uka.ilkd.key.proof.runallproofs.proofcollection.TestFile.runKey(TestFile.java:160)
	at de.uka.ilkd.key.proof.runallproofs.proofcollection.ForkedTestFileRunner.main(ForkedTestFileRunner.java:171)
Caused by: de.uka.ilkd.key.proof.init.ProofInputException: Could not find rule file rules/intRulesCheckedSemantics.key
	at de.uka.ilkd.key.proof.io.KeYFile.readIncludes(KeYFile.java:210)
	at de.uka.ilkd.key.proof.init.ProblemInitializer.readIncludes(ProblemInitializer.java:177)
	at de.uka.ilkd.key.proof.init.ProblemInitializer.readEnvInput(ProblemInitializer.java:325)
	at de.uka.ilkd.key.proof.init.ProblemInitializer.prepare(ProblemInitializer.java:449)
	at de.uka.ilkd.key.proof.io.AbstractProblemLoader.createInitConfig(AbstractProblemLoader.java:518)
	at de.uka.ilkd.key.proof.io.AbstractProblemLoader.loadEnvironment(AbstractProblemLoader.java:288)
	at de.uka.ilkd.key.proof.io.AbstractProblemLoader.load(AbstractProblemLoader.java:252)
	at de.uka.ilkd.key.control.AbstractUserInterfaceControl.load(AbstractUserInterfaceControl.java:209)
	... 7 more
Caused by: java.lang.RuntimeException: Could not find rule file rules/intRulesCheckedSemantics.key
	at de.uka.ilkd.key.proof.io.RuleSourceFactory.fromBuiltInRule(RuleSourceFactory.java:32)
	at de.uka.ilkd.key.proof.io.RuleSourceFactory.fromDefaultLocation(RuleSourceFactory.java:21)
	at de.uka.ilkd.key.nparser.builder.IncludeFinder.addInclude(IncludeFinder.java:63)
	at de.uka.ilkd.key.nparser.builder.IncludeFinder.visitOne_include(IncludeFinder.java:43)
	at de.uka.ilkd.key.nparser.builder.IncludeFinder.visitOne_include(IncludeFinder.java:20)
	at de.uka.ilkd.key.nparser.KeYParser$One_includeContext.accept(KeYParser.java:878)
	at de.uka.ilkd.key.nparser.builder.AbstractBuilder.lambda$mapOf$0(AbstractBuilder.java:112)
	at java.base/java.util.stream.ReferencePipeline$3$1.accept(ReferencePipeline.java:195)
	at java.base/java.util.ArrayList$ArrayListSpliterator.forEachRemaining(ArrayList.java:1655)
	at java.base/java.util.stream.AbstractPipeline.copyInto(AbstractPipeline.java:484)
	at java.base/java.util.stream.AbstractPipeline.wrapAndCopyInto(AbstractPipeline.java:474)
	at java.base/java.util.stream.ReduceOps$ReduceOp.evaluateSequential(ReduceOps.java:913)
	at java.base/java.util.stream.AbstractPipeline.evaluate(AbstractPipeline.java:234)
	at java.base/java.util.stream.ReferencePipeline.collect(ReferencePipeline.java:578)
	at de.uka.ilkd.key.nparser.builder.AbstractBuilder.mapOf(AbstractBuilder.java:112)
	at de.uka.ilkd.key.nparser.builder.IncludeFinder.visitOne_include_statement(IncludeFinder.java:35)
	at de.uka.ilkd.key.nparser.builder.IncludeFinder.visitOne_include_statement(IncludeFinder.java:20)
	at de.uka.ilkd.key.nparser.KeYParser$One_include_statementContext.accept(KeYParser.java:802)
	at org.antlr.v4.runtime.tree.AbstractParseTreeVisitor.visitChildren(AbstractParseTreeVisitor.java:46)
	at de.uka.ilkd.key.nparser.KeYParserBaseVisitor.visitDecls(KeYParserBaseVisitor.java:30)
	at de.uka.ilkd.key.nparser.KeYParser$DeclsContext.accept(KeYParser.java:500)
	at org.antlr.v4.runtime.tree.AbstractParseTreeVisitor.visitChildren(AbstractParseTreeVisitor.java:46)
	at de.uka.ilkd.key.nparser.KeYParserBaseVisitor.visitFile(KeYParserBaseVisitor.java:23)
	at de.uka.ilkd.key.nparser.KeYParser$FileContext.accept(KeYParser.java:306)
	at de.uka.ilkd.key.nparser.KeyAst.accept(KeyAst.java:41)
	at de.uka.ilkd.key.nparser.KeyAst$File.getIncludes(KeyAst.java:76)
	at de.uka.ilkd.key.proof.io.KeYFile.readIncludes(KeYFile.java:208)
	... 14 more
Could not find rule file rules/intRulesCheckedSemantics.key (file: /home/runner/work/key/key/key.core/../key.ui/examples/index/.././standard_key/strings/concat2.key; caused by: de.uka.ilkd.key.proof.init.ProofInputException: Could not find rule file rules/intRulesCheckedSemantics.key)
	at de.uka.ilkd.key.control.AbstractUserInterfaceControl.load(AbstractUserInterfaceControl.java:221)
	at de.uka.ilkd.key.control.KeYEnvironment.load(KeYEnvironment.java:251)
	at de.uka.ilkd.key.control.KeYEnvironment.load(KeYEnvironment.java:224)
	at de.uka.ilkd.key.control.KeYEnvironment.load(KeYEnvironment.java:184)
	at de.uka.ilkd.key.control.KeYEnvironment.load(KeYEnvironment.java:261)
	at de.uka.ilkd.key.proof.runallproofs.proofcollection.TestFile.load(TestFile.java:270)
	at de.uka.ilkd.key.proof.runallproofs.proofcollection.TestFile.runKey(TestFile.java:160)
	at de.uka.ilkd.key.proof.runallproofs.proofcollection.ForkedTestFileRunner.main(ForkedTestFileRunner.java:171)
Caused by: de.uka.ilkd.key.proof.init.ProofInputException: Could not find rule file rules/intRulesCheckedSemantics.key
	at de.uka.ilkd.key.proof.io.KeYFile.readIncludes(KeYFile.java:210)
	at de.uka.ilkd.key.proof.init.ProblemInitializer.readIncludes(ProblemInitializer.java:177)
	at de.uka.ilkd.key.proof.init.ProblemInitializer.readEnvInput(ProblemInitializer.java:325)
	at de.uka.ilkd.key.proof.init.ProblemInitializer.prepare(ProblemInitializer.java:449)
	at de.uka.ilkd.key.proof.io.AbstractProblemLoader.createInitConfig(AbstractProblemLoader.java:518)
	at de.uka.ilkd.key.proof.io.AbstractProblemLoader.loadEnvironment(AbstractProblemLoader.java:288)
	at de.uka.ilkd.key.proof.io.AbstractProblemLoader.load(AbstractProblemLoader.java:252)
	at de.uka.ilkd.key.control.AbstractUserInterfaceControl.load(AbstractUserInterfaceControl.java:209)
	... 7 more
Caused by: java.lang.RuntimeException: Could not find rule file rules/intRulesCheckedSemantics.key
	at de.uka.ilkd.key.proof.io.RuleSourceFactory.fromBuiltInRule(RuleSourceFactory.java:32)
	at de.uka.ilkd.key.proof.io.RuleSourceFactory.fromDefaultLocation(RuleSourceFactory.java:21)
	at de.uka.ilkd.key.nparser.builder.IncludeFinder.addInclude(IncludeFinder.java:63)
	at de.uka.ilkd.key.nparser.builder.IncludeFinder.visitOne_include(IncludeFinder.java:43)
	at de.uka.ilkd.key.nparser.builder.IncludeFinder.visitOne_include(IncludeFinder.java:20)
	at de.uka.ilkd.key.nparser.KeYParser$One_includeContext.accept(KeYParser.java:878)
	at de.uka.ilkd.key.nparser.builder.AbstractBuilder.lambda$mapOf$0(AbstractBuilder.java:112)
	at java.base/java.util.stream.ReferencePipeline$3$1.accept(ReferencePipeline.java:195)
	at java.base/java.util.ArrayList$ArrayListSpliterator.forEachRemaining(ArrayList.java:1655)
	at java.base/java.util.stream.AbstractPipeline.copyInto(AbstractPipeline.java:484)
	at java.base/java.util.stream.AbstractPipeline.wrapAndCopyInto(AbstractPipeline.java:474)
	at java.base/java.util.stream.ReduceOps$ReduceOp.evaluateSequential(ReduceOps.java:913)
	at java.base/java.util.stream.AbstractPipeline.evaluate(AbstractPipeline.java:234)
	at java.base/java.util.stream.ReferencePipeline.collect(ReferencePipeline.java:578)
	at de.uka.ilkd.key.nparser.builder.AbstractBuilder.mapOf(AbstractBuilder.java:112)
	at de.uka.ilkd.key.nparser.builder.IncludeFinder.visitOne_include_statement(IncludeFinder.java:35)
	at de.uka.ilkd.key.nparser.builder.IncludeFinder.visitOne_include_statement(IncludeFinder.java:20)
	at de.uka.ilkd.key.nparser.KeYParser$One_include_statementContext.accept(KeYParser.java:802)
	at org.antlr.v4.runtime.tree.AbstractParseTreeVisitor.visitChildren(AbstractParseTreeVisitor.java:46)
	at de.uka.ilkd.key.nparser.KeYParserBaseVisitor.visitDecls(KeYParserBaseVisitor.java:30)
	at de.uka.ilkd.key.nparser.KeYParser$DeclsContext.accept(KeYParser.java:500)
	at org.antlr.v4.runtime.tree.AbstractParseTreeVisitor.visitChildren(AbstractParseTreeVisitor.java:46)
	at de.uka.ilkd.key.nparser.KeYParserBaseVisitor.visitFile(KeYParserBaseVisitor.java:23)
	at de.uka.ilkd.key.nparser.KeYParser$FileContext.accept(KeYParser.java:306)
	at de.uka.ilkd.key.nparser.KeyAst.accept(KeyAst.java:41)
	at de.uka.ilkd.key.nparser.KeyAst$File.getIncludes(KeyAst.java:76)
	at de.uka.ilkd.key.proof.io.KeYFile.readIncludes(KeYFile.java:208)
	... 14 more
Could not find rule file rules/intRulesCheckedSemantics.key (file: /home/runner/work/key/key/key.core/../key.ui/examples/index/.././standard_key/strings/deriveLength1.key; caused by: de.uka.ilkd.key.proof.init.ProofInputException: Could not find rule file rules/intRulesCheckedSemantics.key)
	at de.uka.ilkd.key.control.AbstractUserInterfaceControl.load(AbstractUserInterfaceControl.java:221)
	at de.uka.ilkd.key.control.KeYEnvironment.load(KeYEnvironment.java:251)
	at de.uka.ilkd.key.control.KeYEnvironment.load(KeYEnvironment.java:224)
	at de.uka.ilkd.key.control.KeYEnvironment.load(KeYEnvironment.java:184)
	at de.uka.ilkd.key.control.KeYEnvironment.load(KeYEnvironment.java:261)
	at de.uka.ilkd.key.proof.runallproofs.proofcollection.TestFile.load(TestFile.java:270)
	at de.uka.ilkd.key.proof.runallproofs.proofcollection.TestFile.runKey(TestFile.java:160)
	at de.uka.ilkd.key.proof.runallproofs.proofcollection.ForkedTestFileRunner.main(ForkedTestFileRunner.java:171)
Caused by: de.uka.ilkd.key.proof.init.ProofInputException: Could not find rule file rules/intRulesCheckedSemantics.key
	at de.uka.ilkd.key.proof.io.KeYFile.readIncludes(KeYFile.java:210)
	at de.uka.ilkd.key.proof.init.ProblemInitializer.readIncludes(ProblemInitializer.java:177)
	at de.uka.ilkd.key.proof.init.ProblemInitializer.readEnvInput(ProblemInitializer.java:325)
	at de.uka.ilkd.key.proof.init.ProblemInitializer.prepare(ProblemInitializer.java:449)
	at de.uka.ilkd.key.proof.io.AbstractProblemLoader.createInitConfig(AbstractProblemLoader.java:518)
	at de.uka.ilkd.key.proof.io.AbstractProblemLoader.loadEnvironment(AbstractProblemLoader.java:288)
	at de.uka.ilkd.key.proof.io.AbstractProblemLoader.load(AbstractProblemLoader.java:252)
	at de.uka.ilkd.key.control.AbstractUserInterfaceControl.load(AbstractUserInterfaceControl.java:209)
	... 7 more
Caused by: java.lang.RuntimeException: Could not find rule file rules/intRulesCheckedSemantics.key
	at de.uka.ilkd.key.proof.io.RuleSourceFactory.fromBuiltInRule(RuleSourceFactory.java:32)
	at de.uka.ilkd.key.proof.io.RuleSourceFactory.fromDefaultLocation(RuleSourceFactory.java:21)
	at de.uka.ilkd.key.nparser.builder.IncludeFinder.addInclude(IncludeFinder.java:63)
	at de.uka.ilkd.key.nparser.builder.IncludeFinder.visitOne_include(IncludeFinder.java:43)
	at de.uka.ilkd.key.nparser.builder.IncludeFinder.visitOne_include(IncludeFinder.java:20)
	at de.uka.ilkd.key.nparser.KeYParser$One_includeContext.accept(KeYParser.java:878)
	at de.uka.ilkd.key.nparser.builder.AbstractBuilder.lambda$mapOf$0(AbstractBuilder.java:112)
	at java.base/java.util.stream.ReferencePipeline$3$1.accept(ReferencePipeline.java:195)
	at java.base/java.util.ArrayList$ArrayListSpliterator.forEachRemaining(ArrayList.java:1655)
	at java.base/java.util.stream.AbstractPipeline.copyInto(AbstractPipeline.java:484)
	at java.base/java.util.stream.AbstractPipeline.wrapAndCopyInto(AbstractPipeline.java:474)
	at java.base/java.util.stream.ReduceOps$ReduceOp.evaluateSequential(ReduceOps.java:913)
	at java.base/java.util.stream.AbstractPipeline.evaluate(AbstractPipeline.java:234)
	at java.base/java.util.stream.ReferencePipeline.collect(ReferencePipeline.java:578)
	at de.uka.ilkd.key.nparser.builder.AbstractBuilder.mapOf(AbstractBuilder.java:112)
	at de.uka.ilkd.key.nparser.builder.IncludeFinder.visitOne_include_statement(IncludeFinder.java:35)
	at de.uka.ilkd.key.nparser.builder.IncludeFinder.visitOne_include_statement(IncludeFinder.java:20)
	at de.uka.ilkd.key.nparser.KeYParser$One_include_statementContext.accept(KeYParser.java:802)
	at org.antlr.v4.runtime.tree.AbstractParseTreeVisitor.visitChildren(AbstractParseTreeVisitor.java:46)
	at de.uka.ilkd.key.nparser.KeYParserBaseVisitor.visitDecls(KeYParserBaseVisitor.java:30)
	at de.uka.ilkd.key.nparser.KeYParser$DeclsContext.accept(KeYParser.java:500)
	at org.antlr.v4.runtime.tree.AbstractParseTreeVisitor.visitChildren(AbstractParseTreeVisitor.java:46)
	at de.uka.ilkd.key.nparser.KeYParserBaseVisitor.visitFile(KeYParserBaseVisitor.java:23)
	at de.uka.ilkd.key.nparser.KeYParser$FileContext.accept(KeYParser.java:306)
	at de.uka.ilkd.key.nparser.KeyAst.accept(KeyAst.java:41)
	at de.uka.ilkd.key.nparser.KeyAst$File.getIncludes(KeyAst.java:76)
	at de.uka.ilkd.key.proof.io.KeYFile.readIncludes(KeYFile.java:208)
	... 14 more
Could not find rule file rules/intRulesCheckedSemantics.key (file: /home/runner/work/key/key/key.core/../key.ui/examples/index/.././standard_key/strings/emptyStringLengthZero.key; caused by: de.uka.ilkd.key.proof.init.ProofInputException: Could not find rule file rules/intRulesCheckedSemantics.key)
	at de.uka.ilkd.key.control.AbstractUserInterfaceControl.load(AbstractUserInterfaceControl.java:221)
	at de.uka.ilkd.key.control.KeYEnvironment.load(KeYEnvironment.java:251)
	at de.uka.ilkd.key.control.KeYEnvironment.load(KeYEnvironment.java:224)
	at de.uka.ilkd.key.control.KeYEnvironment.load(KeYEnvironment.java:184)
	at de.uka.ilkd.key.control.KeYEnvironment.load(KeYEnvironment.java:261)
	at de.uka.ilkd.key.proof.runallproofs.proofcollection.TestFile.load(TestFile.java:270)
	at de.uka.ilkd.key.proof.runallproofs.proofcollection.TestFile.runKey(TestFile.java:160)
	at de.uka.ilkd.key.proof.runallproofs.proofcollection.ForkedTestFileRunner.main(ForkedTestFileRunner.java:171)
Caused by: de.uka.ilkd.key.proof.init.ProofInputException: Could not find rule file rules/intRulesCheckedSemantics.key
	at de.uka.ilkd.key.proof.io.KeYFile.readIncludes(KeYFile.java:210)
	at de.uka.ilkd.key.proof.init.ProblemInitializer.readIncludes(ProblemInitializer.java:177)
	at de.uka.ilkd.key.proof.init.ProblemInitializer.readEnvInput(ProblemInitializer.java:325)
	at de.uka.ilkd.key.proof.init.ProblemInitializer.prepare(ProblemInitializer.java:449)
	at de.uka.ilkd.key.proof.io.AbstractProblemLoader.createInitConfig(AbstractProblemLoader.java:518)
	at de.uka.ilkd.key.proof.io.AbstractProblemLoader.loadEnvironment(AbstractProblemLoader.java:288)
	at de.uka.ilkd.key.proof.io.AbstractProblemLoader.load(AbstractProblemLoader.java:252)
	at de.uka.ilkd.key.control.AbstractUserInterfaceControl.load(AbstractUserInterfaceControl.java:209)
	... 7 more
Caused by: java.lang.RuntimeException: Could not find rule file rules/intRulesCheckedSemantics.key
	at de.uka.ilkd.key.proof.io.RuleSourceFactory.fromBuiltInRule(RuleSourceFactory.java:32)
	at de.uka.ilkd.key.proof.io.RuleSourceFactory.fromDefaultLocation(RuleSourceFactory.java:21)
	at de.uka.ilkd.key.nparser.builder.IncludeFinder.addInclude(IncludeFinder.java:63)
	at de.uka.ilkd.key.nparser.builder.IncludeFinder.visitOne_include(IncludeFinder.java:43)
	at de.uka.ilkd.key.nparser.builder.IncludeFinder.visitOne_include(IncludeFinder.java:20)
	at de.uka.ilkd.key.nparser.KeYParser$One_includeContext.accept(KeYParser.java:878)
	at de.uka.ilkd.key.nparser.builder.AbstractBuilder.lambda$mapOf$0(AbstractBuilder.java:112)
	at java.base/java.util.stream.ReferencePipeline$3$1.accept(ReferencePipeline.java:195)
	at java.base/java.util.ArrayList$ArrayListSpliterator.forEachRemaining(ArrayList.java:1655)
	at java.base/java.util.stream.AbstractPipeline.copyInto(AbstractPipeline.java:484)
	at java.base/java.util.stream.AbstractPipeline.wrapAndCopyInto(AbstractPipeline.java:474)
	at java.base/java.util.stream.ReduceOps$ReduceOp.evaluateSequential(ReduceOps.java:913)
	at java.base/java.util.stream.AbstractPipeline.evaluate(AbstractPipeline.java:234)
	at java.base/java.util.stream.ReferencePipeline.collect(ReferencePipeline.java:578)
	at de.uka.ilkd.key.nparser.builder.AbstractBuilder.mapOf(AbstractBuilder.java:112)
	at de.uka.ilkd.key.nparser.builder.IncludeFinder.visitOne_include_statement(IncludeFinder.java:35)
	at de.uka.ilkd.key.nparser.builder.IncludeFinder.visitOne_include_statement(IncludeFinder.java:20)
	at de.uka.ilkd.key.nparser.KeYParser$One_include_statementContext.accept(KeYParser.java:802)
	at org.antlr.v4.runtime.tree.AbstractParseTreeVisitor.visitChildren(AbstractParseTreeVisitor.java:46)
	at de.uka.ilkd.key.nparser.KeYParserBaseVisitor.visitDecls(KeYParserBaseVisitor.java:30)
	at de.uka.ilkd.key.nparser.KeYParser$DeclsContext.accept(KeYParser.java:500)
	at org.antlr.v4.runtime.tree.AbstractParseTreeVisitor.visitChildren(AbstractParseTreeVisitor.java:46)
	at de.uka.ilkd.key.nparser.KeYParserBaseVisitor.visitFile(KeYParserBaseVisitor.java:23)
	at de.uka.ilkd.key.nparser.KeYParser$FileContext.accept(KeYParser.java:306)
	at de.uka.ilkd.key.nparser.KeyAst.accept(KeyAst.java:41)
	at de.uka.ilkd.key.nparser.KeyAst$File.getIncludes(KeyAst.java:76)
	at de.uka.ilkd.key.proof.io.KeYFile.readIncludes(KeYFile.java:208)
	... 14 more
Could not find rule file rules/intRulesCheckedSemantics.key (file: /home/runner/work/key/key/key.core/../key.ui/examples/index/.././standard_key/strings/implicitBooleanStringConversion.key; caused by: de.uka.ilkd.key.proof.init.ProofInputException: Could not find rule file rules/intRulesCheckedSemantics.key)
	at de.uka.ilkd.key.control.AbstractUserInterfaceControl.load(AbstractUserInterfaceControl.java:221)
	at de.uka.ilkd.key.control.KeYEnvironment.load(KeYEnvironment.java:251)
	at de.uka.ilkd.key.control.KeYEnvironment.load(KeYEnvironment.java:224)
	at de.uka.ilkd.key.control.KeYEnvironment.load(KeYEnvironment.java:184)
	at de.uka.ilkd.key.control.KeYEnvironment.load(KeYEnvironment.java:261)
	at de.uka.ilkd.key.proof.runallproofs.proofcollection.TestFile.load(TestFile.java:270)
	at de.uka.ilkd.key.proof.runallproofs.proofcollection.TestFile.runKey(TestFile.java:160)
	at de.uka.ilkd.key.proof.runallproofs.proofcollection.ForkedTestFileRunner.main(ForkedTestFileRunner.java:171)
Caused by: de.uka.ilkd.key.proof.init.ProofInputException: Could not find rule file rules/intRulesCheckedSemantics.key
	at de.uka.ilkd.key.proof.io.KeYFile.readIncludes(KeYFile.java:210)
	at de.uka.ilkd.key.proof.init.ProblemInitializer.readIncludes(ProblemInitializer.java:177)
	at de.uka.ilkd.key.proof.init.ProblemInitializer.readEnvInput(ProblemInitializer.java:325)
	at de.uka.ilkd.key.proof.init.ProblemInitializer.prepare(ProblemInitializer.java:449)
	at de.uka.ilkd.key.proof.io.AbstractProblemLoader.createInitConfig(AbstractProblemLoader.java:518)
	at de.uka.ilkd.key.proof.io.AbstractProblemLoader.loadEnvironment(AbstractProblemLoader.java:288)
	at de.uka.ilkd.key.proof.io.AbstractProblemLoader.load(AbstractProblemLoader.java:252)
	at de.uka.ilkd.key.control.AbstractUserInterfaceControl.load(AbstractUserInterfaceControl.java:209)
	... 7 more
Caused by: java.lang.RuntimeException: Could not find rule file rules/intRulesCheckedSemantics.key
	at de.uka.ilkd.key.proof.io.RuleSourceFactory.fromBuiltInRule(RuleSourceFactory.java:32)
	at de.uka.ilkd.key.proof.io.RuleSourceFactory.fromDefaultLocation(RuleSourceFactory.java:21)
	at de.uka.ilkd.key.nparser.builder.IncludeFinder.addInclude(IncludeFinder.java:63)
	at de.uka.ilkd.key.nparser.builder.IncludeFinder.visitOne_include(IncludeFinder.java:43)
	at de.uka.ilkd.key.nparser.builder.IncludeFinder.visitOne_include(IncludeFinder.java:20)
	at de.uka.ilkd.key.nparser.KeYParser$One_includeContext.accept(KeYParser.java:878)
	at de.uka.ilkd.key.nparser.builder.AbstractBuilder.lambda$mapOf$0(AbstractBuilder.java:112)
	at java.base/java.util.stream.ReferencePipeline$3$1.accept(ReferencePipeline.java:195)
	at java.base/java.util.ArrayList$ArrayListSpliterator.forEachRemaining(ArrayList.java:1655)
	at java.base/java.util.stream.AbstractPipeline.copyInto(AbstractPipeline.java:484)
	at java.base/java.util.stream.AbstractPipeline.wrapAndCopyInto(AbstractPipeline.java:474)
	at java.base/java.util.stream.ReduceOps$ReduceOp.evaluateSequential(ReduceOps.java:913)
	at java.base/java.util.stream.AbstractPipeline.evaluate(AbstractPipeline.java:234)
	at java.base/java.util.stream.ReferencePipeline.collect(ReferencePipeline.java:578)
	at de.uka.ilkd.key.nparser.builder.AbstractBuilder.mapOf(AbstractBuilder.java:112)
	at de.uka.ilkd.key.nparser.builder.IncludeFinder.visitOne_include_statement(IncludeFinder.java:35)
	at de.uka.ilkd.key.nparser.builder.IncludeFinder.visitOne_include_statement(IncludeFinder.java:20)
	at de.uka.ilkd.key.nparser.KeYParser$One_include_statementContext.accept(KeYParser.java:802)
	at org.antlr.v4.runtime.tree.AbstractParseTreeVisitor.visitChildren(AbstractParseTreeVisitor.java:46)
	at de.uka.ilkd.key.nparser.KeYParserBaseVisitor.visitDecls(KeYParserBaseVisitor.java:30)
	at de.uka.ilkd.key.nparser.KeYParser$DeclsContext.accept(KeYParser.java:500)
	at org.antlr.v4.runtime.tree.AbstractParseTreeVisitor.visitChildren(AbstractParseTreeVisitor.java:46)
	at de.uka.ilkd.key.nparser.KeYParserBaseVisitor.visitFile(KeYParserBaseVisitor.java:23)
	at de.uka.ilkd.key.nparser.KeYParser$FileContext.accept(KeYParser.java:306)
	at de.uka.ilkd.key.nparser.KeyAst.accept(KeyAst.java:41)
	at de.uka.ilkd.key.nparser.KeyAst$File.getIncludes(KeyAst.java:76)
	at de.uka.ilkd.key.proof.io.KeYFile.readIncludes(KeYFile.java:208)
	... 14 more
Could not find rule file rules/intRulesCheckedSemantics.key (file: /home/runner/work/key/key/key.core/../key.ui/examples/index/.././standard_key/strings/implicitBooleanStringConversion2.key; caused by: de.uka.ilkd.key.proof.init.ProofInputException: Could not find rule file rules/intRulesCheckedSemantics.key)
	at de.uka.ilkd.key.control.AbstractUserInterfaceControl.load(AbstractUserInterfaceControl.java:221)
	at de.uka.ilkd.key.control.KeYEnvironment.load(KeYEnvironment.java:251)
	at de.uka.ilkd.key.control.KeYEnvironment.load(KeYEnvironment.java:224)
	at de.uka.ilkd.key.control.KeYEnvironment.load(KeYEnvironment.java:184)
	at de.uka.ilkd.key.control.KeYEnvironment.load(KeYEnvironment.java:261)
	at de.uka.ilkd.key.proof.runallproofs.proofcollection.TestFile.load(TestFile.java:270)
	at de.uka.ilkd.key.proof.runallproofs.proofcollection.TestFile.runKey(TestFile.java:160)
	at de.uka.ilkd.key.proof.runallproofs.proofcollection.ForkedTestFileRunner.main(ForkedTestFileRunner.java:171)
Caused by: de.uka.ilkd.key.proof.init.ProofInputException: Could not find rule file rules/intRulesCheckedSemantics.key
	at de.uka.ilkd.key.proof.io.KeYFile.readIncludes(KeYFile.java:210)
	at de.uka.ilkd.key.proof.init.ProblemInitializer.readIncludes(ProblemInitializer.java:177)
	at de.uka.ilkd.key.proof.init.ProblemInitializer.readEnvInput(ProblemInitializer.java:325)
	at de.uka.ilkd.key.proof.init.ProblemInitializer.prepare(ProblemInitializer.java:449)
	at de.uka.ilkd.key.proof.io.AbstractProblemLoader.createInitConfig(AbstractProblemLoader.java:518)
	at de.uka.ilkd.key.proof.io.AbstractProblemLoader.loadEnvironment(AbstractProblemLoader.java:288)
	at de.uka.ilkd.key.proof.io.AbstractProblemLoader.load(AbstractProblemLoader.java:252)
	at de.uka.ilkd.key.control.AbstractUserInterfaceControl.load(AbstractUserInterfaceControl.java:209)
	... 7 more
Caused by: java.lang.RuntimeException: Could not find rule file rules/intRulesCheckedSemantics.key
	at de.uka.ilkd.key.proof.io.RuleSourceFactory.fromBuiltInRule(RuleSourceFactory.java:32)
	at de.uka.ilkd.key.proof.io.RuleSourceFactory.fromDefaultLocation(RuleSourceFactory.java:21)
	at de.uka.ilkd.key.nparser.builder.IncludeFinder.addInclude(IncludeFinder.java:63)
	at de.uka.ilkd.key.nparser.builder.IncludeFinder.visitOne_include(IncludeFinder.java:43)
	at de.uka.ilkd.key.nparser.builder.IncludeFinder.visitOne_include(IncludeFinder.java:20)
	at de.uka.ilkd.key.nparser.KeYParser$One_includeContext.accept(KeYParser.java:878)
	at de.uka.ilkd.key.nparser.builder.AbstractBuilder.lambda$mapOf$0(AbstractBuilder.java:112)
	at java.base/java.util.stream.ReferencePipeline$3$1.accept(ReferencePipeline.java:195)
	at java.base/java.util.ArrayList$ArrayListSpliterator.forEachRemaining(ArrayList.java:1655)
	at java.base/java.util.stream.AbstractPipeline.copyInto(AbstractPipeline.java:484)
	at java.base/java.util.stream.AbstractPipeline.wrapAndCopyInto(AbstractPipeline.java:474)
	at java.base/java.util.stream.ReduceOps$ReduceOp.evaluateSequential(ReduceOps.java:913)
	at java.base/java.util.stream.AbstractPipeline.evaluate(AbstractPipeline.java:234)
	at java.base/java.util.stream.ReferencePipeline.collect(ReferencePipeline.java:578)
	at de.uka.ilkd.key.nparser.builder.AbstractBuilder.mapOf(AbstractBuilder.java:112)
	at de.uka.ilkd.key.nparser.builder.IncludeFinder.visitOne_include_statement(IncludeFinder.java:35)
	at de.uka.ilkd.key.nparser.builder.IncludeFinder.visitOne_include_statement(IncludeFinder.java:20)
	at de.uka.ilkd.key.nparser.KeYParser$One_include_statementContext.accept(KeYParser.java:802)
	at org.antlr.v4.runtime.tree.AbstractParseTreeVisitor.visitChildren(AbstractParseTreeVisitor.java:46)
	at de.uka.ilkd.key.nparser.KeYParserBaseVisitor.visitDecls(KeYParserBaseVisitor.java:30)
	at de.uka.ilkd.key.nparser.KeYParser$DeclsContext.accept(KeYParser.java:500)
	at org.antlr.v4.runtime.tree.AbstractParseTreeVisitor.visitChildren(AbstractParseTreeVisitor.java:46)
	at de.uka.ilkd.key.nparser.KeYParserBaseVisitor.visitFile(KeYParserBaseVisitor.java:23)
	at de.uka.ilkd.key.nparser.KeYParser$FileContext.accept(KeYParser.java:306)
	at de.uka.ilkd.key.nparser.KeyAst.accept(KeyAst.java:41)
	at de.uka.ilkd.key.nparser.KeyAst$File.getIncludes(KeyAst.java:76)
	at de.uka.ilkd.key.proof.io.KeYFile.readIncludes(KeYFile.java:208)
	... 14 more
Could not find rule file rules/intRulesCheckedSemantics.key (file: /home/runner/work/key/key/key.core/../key.ui/examples/index/.././standard_key/strings/implicitIntStringConversion.key; caused by: de.uka.ilkd.key.proof.init.ProofInputException: Could not find rule file rules/intRulesCheckedSemantics.key)
	at de.uka.ilkd.key.control.AbstractUserInterfaceControl.load(AbstractUserInterfaceControl.java:221)
	at de.uka.ilkd.key.control.KeYEnvironment.load(KeYEnvironment.java:251)
	at de.uka.ilkd.key.control.KeYEnvironment.load(KeYEnvironment.java:224)
	at de.uka.ilkd.key.control.KeYEnvironment.load(KeYEnvironment.java:184)
	at de.uka.ilkd.key.control.KeYEnvironment.load(KeYEnvironment.java:261)
	at de.uka.ilkd.key.proof.runallproofs.proofcollection.TestFile.load(TestFile.java:270)
	at de.uka.ilkd.key.proof.runallproofs.proofcollection.TestFile.runKey(TestFile.java:160)
	at de.uka.ilkd.key.proof.runallproofs.proofcollection.ForkedTestFileRunner.main(ForkedTestFileRunner.java:171)
Caused by: de.uka.ilkd.key.proof.init.ProofInputException: Could not find rule file rules/intRulesCheckedSemantics.key
	at de.uka.ilkd.key.proof.io.KeYFile.readIncludes(KeYFile.java:210)
	at de.uka.ilkd.key.proof.init.ProblemInitializer.readIncludes(ProblemInitializer.java:177)
	at de.uka.ilkd.key.proof.init.ProblemInitializer.readEnvInput(ProblemInitializer.java:325)
	at de.uka.ilkd.key.proof.init.ProblemInitializer.prepare(ProblemInitializer.java:449)
	at de.uka.ilkd.key.proof.io.AbstractProblemLoader.createInitConfig(AbstractProblemLoader.java:518)
	at de.uka.ilkd.key.proof.io.AbstractProblemLoader.loadEnvironment(AbstractProblemLoader.java:288)
	at de.uka.ilkd.key.proof.io.AbstractProblemLoader.load(AbstractProblemLoader.java:252)
	at de.uka.ilkd.key.control.AbstractUserInterfaceControl.load(AbstractUserInterfaceControl.java:209)
	... 7 more
Caused by: java.lang.RuntimeException: Could not find rule file rules/intRulesCheckedSemantics.key
	at de.uka.ilkd.key.proof.io.RuleSourceFactory.fromBuiltInRule(RuleSourceFactory.java:32)
	at de.uka.ilkd.key.proof.io.RuleSourceFactory.fromDefaultLocation(RuleSourceFactory.java:21)
	at de.uka.ilkd.key.nparser.builder.IncludeFinder.addInclude(IncludeFinder.java:63)
	at de.uka.ilkd.key.nparser.builder.IncludeFinder.visitOne_include(IncludeFinder.java:43)
	at de.uka.ilkd.key.nparser.builder.IncludeFinder.visitOne_include(IncludeFinder.java:20)
	at de.uka.ilkd.key.nparser.KeYParser$One_includeContext.accept(KeYParser.java:878)
	at de.uka.ilkd.key.nparser.builder.AbstractBuilder.lambda$mapOf$0(AbstractBuilder.java:112)
	at java.base/java.util.stream.ReferencePipeline$3$1.accept(ReferencePipeline.java:195)
	at java.base/java.util.ArrayList$ArrayListSpliterator.forEachRemaining(ArrayList.java:1655)
	at java.base/java.util.stream.AbstractPipeline.copyInto(AbstractPipeline.java:484)
	at java.base/java.util.stream.AbstractPipeline.wrapAndCopyInto(AbstractPipeline.java:474)
	at java.base/java.util.stream.ReduceOps$ReduceOp.evaluateSequential(ReduceOps.java:913)
	at java.base/java.util.stream.AbstractPipeline.evaluate(AbstractPipeline.java:234)
	at java.base/java.util.stream.ReferencePipeline.collect(ReferencePipeline.java:578)
	at de.uka.ilkd.key.nparser.builder.AbstractBuilder.mapOf(AbstractBuilder.java:112)
	at de.uka.ilkd.key.nparser.builder.IncludeFinder.visitOne_include_statement(IncludeFinder.java:35)
	at de.uka.ilkd.key.nparser.builder.IncludeFinder.visitOne_include_statement(IncludeFinder.java:20)
	at de.uka.ilkd.key.nparser.KeYParser$One_include_statementContext.accept(KeYParser.java:802)
	at org.antlr.v4.runtime.tree.AbstractParseTreeVisitor.visitChildren(AbstractParseTreeVisitor.java:46)
	at de.uka.ilkd.key.nparser.KeYParserBaseVisitor.visitDecls(KeYParserBaseVisitor.java:30)
	at de.uka.ilkd.key.nparser.KeYParser$DeclsContext.accept(KeYParser.java:500)
	at org.antlr.v4.runtime.tree.AbstractParseTreeVisitor.visitChildren(AbstractParseTreeVisitor.java:46)
	at de.uka.ilkd.key.nparser.KeYParserBaseVisitor.visitFile(KeYParserBaseVisitor.java:23)
	at de.uka.ilkd.key.nparser.KeYParser$FileContext.accept(KeYParser.java:306)
	at de.uka.ilkd.key.nparser.KeyAst.accept(KeyAst.java:41)
	at de.uka.ilkd.key.nparser.KeyAst$File.getIncludes(KeyAst.java:76)
	at de.uka.ilkd.key.proof.io.KeYFile.readIncludes(KeYFile.java:208)
	... 14 more
Could not find rule file rules/intRulesCheckedSemantics.key (file: /home/runner/work/key/key/key.core/../key.ui/examples/index/.././standard_key/strings/implicitNullStringConversion.key; caused by: de.uka.ilkd.key.proof.init.ProofInputException: Could not find rule file rules/intRulesCheckedSemantics.key)
	at de.uka.ilkd.key.control.AbstractUserInterfaceControl.load(AbstractUserInterfaceControl.java:221)
	at de.uka.ilkd.key.control.KeYEnvironment.load(KeYEnvironment.java:251)
	at de.uka.ilkd.key.control.KeYEnvironment.load(KeYEnvironment.java:224)
	at de.uka.ilkd.key.control.KeYEnvironment.load(KeYEnvironment.java:184)
	at de.uka.ilkd.key.control.KeYEnvironment.load(KeYEnvironment.java:261)
	at de.uka.ilkd.key.proof.runallproofs.proofcollection.TestFile.load(TestFile.java:270)
	at de.uka.ilkd.key.proof.runallproofs.proofcollection.TestFile.runKey(TestFile.java:160)
	at de.uka.ilkd.key.proof.runallproofs.proofcollection.ForkedTestFileRunner.main(ForkedTestFileRunner.java:171)
Caused by: de.uka.ilkd.key.proof.init.ProofInputException: Could not find rule file rules/intRulesCheckedSemantics.key
	at de.uka.ilkd.key.proof.io.KeYFile.readIncludes(KeYFile.java:210)
	at de.uka.ilkd.key.proof.init.ProblemInitializer.readIncludes(ProblemInitializer.java:177)
	at de.uka.ilkd.key.proof.init.ProblemInitializer.readEnvInput(ProblemInitializer.java:325)
	at de.uka.ilkd.key.proof.init.ProblemInitializer.prepare(ProblemInitializer.java:449)
	at de.uka.ilkd.key.proof.io.AbstractProblemLoader.createInitConfig(AbstractProblemLoader.java:518)
	at de.uka.ilkd.key.proof.io.AbstractProblemLoader.loadEnvironment(AbstractProblemLoader.java:288)
	at de.uka.ilkd.key.proof.io.AbstractProblemLoader.load(AbstractProblemLoader.java:252)
	at de.uka.ilkd.key.control.AbstractUserInterfaceControl.load(AbstractUserInterfaceControl.java:209)
	... 7 more
Caused by: java.lang.RuntimeException: Could not find rule file rules/intRulesCheckedSemantics.key
	at de.uka.ilkd.key.proof.io.RuleSourceFactory.fromBuiltInRule(RuleSourceFactory.java:32)
	at de.uka.ilkd.key.proof.io.RuleSourceFactory.fromDefaultLocation(RuleSourceFactory.java:21)
	at de.uka.ilkd.key.nparser.builder.IncludeFinder.addInclude(IncludeFinder.java:63)
	at de.uka.ilkd.key.nparser.builder.IncludeFinder.visitOne_include(IncludeFinder.java:43)
	at de.uka.ilkd.key.nparser.builder.IncludeFinder.visitOne_include(IncludeFinder.java:20)
	at de.uka.ilkd.key.nparser.KeYParser$One_includeContext.accept(KeYParser.java:878)
	at de.uka.ilkd.key.nparser.builder.AbstractBuilder.lambda$mapOf$0(AbstractBuilder.java:112)
	at java.base/java.util.stream.ReferencePipeline$3$1.accept(ReferencePipeline.java:195)
	at java.base/java.util.ArrayList$ArrayListSpliterator.forEachRemaining(ArrayList.java:1655)
	at java.base/java.util.stream.AbstractPipeline.copyInto(AbstractPipeline.java:484)
	at java.base/java.util.stream.AbstractPipeline.wrapAndCopyInto(AbstractPipeline.java:474)
	at java.base/java.util.stream.ReduceOps$ReduceOp.evaluateSequential(ReduceOps.java:913)
	at java.base/java.util.stream.AbstractPipeline.evaluate(AbstractPipeline.java:234)
	at java.base/java.util.stream.ReferencePipeline.collect(ReferencePipeline.java:578)
	at de.uka.ilkd.key.nparser.builder.AbstractBuilder.mapOf(AbstractBuilder.java:112)
	at de.uka.ilkd.key.nparser.builder.IncludeFinder.visitOne_include_statement(IncludeFinder.java:35)
	at de.uka.ilkd.key.nparser.builder.IncludeFinder.visitOne_include_statement(IncludeFinder.java:20)
	at de.uka.ilkd.key.nparser.KeYParser$One_include_statementContext.accept(KeYParser.java:802)
	at org.antlr.v4.runtime.tree.AbstractParseTreeVisitor.visitChildren(AbstractParseTreeVisitor.java:46)
	at de.uka.ilkd.key.nparser.KeYParserBaseVisitor.visitDecls(KeYParserBaseVisitor.java:30)
	at de.uka.ilkd.key.nparser.KeYParser$DeclsContext.accept(KeYParser.java:500)
	at org.antlr.v4.runtime.tree.AbstractParseTreeVisitor.visitChildren(AbstractParseTreeVisitor.java:46)
	at de.uka.ilkd.key.nparser.KeYParserBaseVisitor.visitFile(KeYParserBaseVisitor.java:23)
	at de.uka.ilkd.key.nparser.KeYParser$FileContext.accept(KeYParser.java:306)
	at de.uka.ilkd.key.nparser.KeyAst.accept(KeyAst.java:41)
	at de.uka.ilkd.key.nparser.KeyAst$File.getIncludes(KeyAst.java:76)
	at de.uka.ilkd.key.proof.io.KeYFile.readIncludes(KeYFile.java:208)
	... 14 more
Could not find rule file rules/intRulesCheckedSemantics.key (file: /home/runner/work/key/key/key.core/../key.ui/examples/index/.././standard_key/strings/implicitNullStringConversion2.key; caused by: de.uka.ilkd.key.proof.init.ProofInputException: Could not find rule file rules/intRulesCheckedSemantics.key)
	at de.uka.ilkd.key.control.AbstractUserInterfaceControl.load(AbstractUserInterfaceControl.java:221)
	at de.uka.ilkd.key.control.KeYEnvironment.load(KeYEnvironment.java:251)
	at de.uka.ilkd.key.control.KeYEnvironment.load(KeYEnvironment.java:224)
	at de.uka.ilkd.key.control.KeYEnvironment.load(KeYEnvironment.java:184)
	at de.uka.ilkd.key.control.KeYEnvironment.load(KeYEnvironment.java:261)
	at de.uka.ilkd.key.proof.runallproofs.proofcollection.TestFile.load(TestFile.java:270)
	at de.uka.ilkd.key.proof.runallproofs.proofcollection.TestFile.runKey(TestFile.java:160)
	at de.uka.ilkd.key.proof.runallproofs.proofcollection.ForkedTestFileRunner.main(ForkedTestFileRunner.java:171)
Caused by: de.uka.ilkd.key.proof.init.ProofInputException: Could not find rule file rules/intRulesCheckedSemantics.key
	at de.uka.ilkd.key.proof.io.KeYFile.readIncludes(KeYFile.java:210)
	at de.uka.ilkd.key.proof.init.ProblemInitializer.readIncludes(ProblemInitializer.java:177)
	at de.uka.ilkd.key.proof.init.ProblemInitializer.readEnvInput(ProblemInitializer.java:325)
	at de.uka.ilkd.key.proof.init.ProblemInitializer.prepare(ProblemInitializer.java:449)
	at de.uka.ilkd.key.proof.io.AbstractProblemLoader.createInitConfig(AbstractProblemLoader.java:518)
	at de.uka.ilkd.key.proof.io.AbstractProblemLoader.loadEnvironment(AbstractProblemLoader.java:288)
	at de.uka.ilkd.key.proof.io.AbstractProblemLoader.load(AbstractProblemLoader.java:252)
	at de.uka.ilkd.key.control.AbstractUserInterfaceControl.load(AbstractUserInterfaceControl.java:209)
	... 7 more
Caused by: java.lang.RuntimeException: Could not find rule file rules/intRulesCheckedSemantics.key
	at de.uka.ilkd.key.proof.io.RuleSourceFactory.fromBuiltInRule(RuleSourceFactory.java:32)
	at de.uka.ilkd.key.proof.io.RuleSourceFactory.fromDefaultLocation(RuleSourceFactory.java:21)
	at de.uka.ilkd.key.nparser.builder.IncludeFinder.addInclude(IncludeFinder.java:63)
	at de.uka.ilkd.key.nparser.builder.IncludeFinder.visitOne_include(IncludeFinder.java:43)
	at de.uka.ilkd.key.nparser.builder.IncludeFinder.visitOne_include(IncludeFinder.java:20)
	at de.uka.ilkd.key.nparser.KeYParser$One_includeContext.accept(KeYParser.java:878)
	at de.uka.ilkd.key.nparser.builder.AbstractBuilder.lambda$mapOf$0(AbstractBuilder.java:112)
	at java.base/java.util.stream.ReferencePipeline$3$1.accept(ReferencePipeline.java:195)
	at java.base/java.util.ArrayList$ArrayListSpliterator.forEachRemaining(ArrayList.java:1655)
	at java.base/java.util.stream.AbstractPipeline.copyInto(AbstractPipeline.java:484)
	at java.base/java.util.stream.AbstractPipeline.wrapAndCopyInto(AbstractPipeline.java:474)
	at java.base/java.util.stream.ReduceOps$ReduceOp.evaluateSequential(ReduceOps.java:913)
	at java.base/java.util.stream.AbstractPipeline.evaluate(AbstractPipeline.java:234)
	at java.base/java.util.stream.ReferencePipeline.collect(ReferencePipeline.java:578)
	at de.uka.ilkd.key.nparser.builder.AbstractBuilder.mapOf(AbstractBuilder.java:112)
	at de.uka.ilkd.key.nparser.builder.IncludeFinder.visitOne_include_statement(IncludeFinder.java:35)
	at de.uka.ilkd.key.nparser.builder.IncludeFinder.visitOne_include_statement(IncludeFinder.java:20)
	at de.uka.ilkd.key.nparser.KeYParser$One_include_statementContext.accept(KeYParser.java:802)
	at org.antlr.v4.runtime.tree.AbstractParseTreeVisitor.visitChildren(AbstractParseTreeVisitor.java:46)
	at de.uka.ilkd.key.nparser.KeYParserBaseVisitor.visitDecls(KeYParserBaseVisitor.java:30)
	at de.uka.ilkd.key.nparser.KeYParser$DeclsContext.accept(KeYParser.java:500)
	at org.antlr.v4.runtime.tree.AbstractParseTreeVisitor.visitChildren(AbstractParseTreeVisitor.java:46)
	at de.uka.ilkd.key.nparser.KeYParserBaseVisitor.visitFile(KeYParserBaseVisitor.java:23)
	at de.uka.ilkd.key.nparser.KeYParser$FileContext.accept(KeYParser.java:306)
	at de.uka.ilkd.key.nparser.KeyAst.accept(KeyAst.java:41)
	at de.uka.ilkd.key.nparser.KeyAst$File.getIncludes(KeyAst.java:76)
	at de.uka.ilkd.key.proof.io.KeYFile.readIncludes(KeYFile.java:208)
	... 14 more
Could not find rule file rules/intRulesCheckedSemantics.key (file: /home/runner/work/key/key/key.core/../key.ui/examples/index/.././standard_key/strings/implicitObjectStringConversion.key; caused by: de.uka.ilkd.key.proof.init.ProofInputException: Could not find rule file rules/intRulesCheckedSemantics.key)
	at de.uka.ilkd.key.control.AbstractUserInterfaceControl.load(AbstractUserInterfaceControl.java:221)
	at de.uka.ilkd.key.control.KeYEnvironment.load(KeYEnvironment.java:251)
	at de.uka.ilkd.key.control.KeYEnvironment.load(KeYEnvironment.java:224)
	at de.uka.ilkd.key.control.KeYEnvironment.load(KeYEnvironment.java:184)
	at de.uka.ilkd.key.control.KeYEnvironment.load(KeYEnvironment.java:261)
	at de.uka.ilkd.key.proof.runallproofs.proofcollection.TestFile.load(TestFile.java:270)
	at de.uka.ilkd.key.proof.runallproofs.proofcollection.TestFile.runKey(TestFile.java:160)
	at de.uka.ilkd.key.proof.runallproofs.proofcollection.ForkedTestFileRunner.main(ForkedTestFileRunner.java:171)
Caused by: de.uka.ilkd.key.proof.init.ProofInputException: Could not find rule file rules/intRulesCheckedSemantics.key
	at de.uka.ilkd.key.proof.io.KeYFile.readIncludes(KeYFile.java:210)
	at de.uka.ilkd.key.proof.init.ProblemInitializer.readIncludes(ProblemInitializer.java:177)
	at de.uka.ilkd.key.proof.init.ProblemInitializer.readEnvInput(ProblemInitializer.java:325)
	at de.uka.ilkd.key.proof.init.ProblemInitializer.prepare(ProblemInitializer.java:449)
	at de.uka.ilkd.key.proof.io.AbstractProblemLoader.createInitConfig(AbstractProblemLoader.java:518)
	at de.uka.ilkd.key.proof.io.AbstractProblemLoader.loadEnvironment(AbstractProblemLoader.java:288)
	at de.uka.ilkd.key.proof.io.AbstractProblemLoader.load(AbstractProblemLoader.java:252)
	at de.uka.ilkd.key.control.AbstractUserInterfaceControl.load(AbstractUserInterfaceControl.java:209)
	... 7 more
Caused by: java.lang.RuntimeException: Could not find rule file rules/intRulesCheckedSemantics.key
	at de.uka.ilkd.key.proof.io.RuleSourceFactory.fromBuiltInRule(RuleSourceFactory.java:32)
	at de.uka.ilkd.key.proof.io.RuleSourceFactory.fromDefaultLocation(RuleSourceFactory.java:21)
	at de.uka.ilkd.key.nparser.builder.IncludeFinder.addInclude(IncludeFinder.java:63)
	at de.uka.ilkd.key.nparser.builder.IncludeFinder.visitOne_include(IncludeFinder.java:43)
	at de.uka.ilkd.key.nparser.builder.IncludeFinder.visitOne_include(IncludeFinder.java:20)
	at de.uka.ilkd.key.nparser.KeYParser$One_includeContext.accept(KeYParser.java:878)
	at de.uka.ilkd.key.nparser.builder.AbstractBuilder.lambda$mapOf$0(AbstractBuilder.java:112)
	at java.base/java.util.stream.ReferencePipeline$3$1.accept(ReferencePipeline.java:195)
	at java.base/java.util.ArrayList$ArrayListSpliterator.forEachRemaining(ArrayList.java:1655)
	at java.base/java.util.stream.AbstractPipeline.copyInto(AbstractPipeline.java:484)
	at java.base/java.util.stream.AbstractPipeline.wrapAndCopyInto(AbstractPipeline.java:474)
	at java.base/java.util.stream.ReduceOps$ReduceOp.evaluateSequential(ReduceOps.java:913)
	at java.base/java.util.stream.AbstractPipeline.evaluate(AbstractPipeline.java:234)
	at java.base/java.util.stream.ReferencePipeline.collect(ReferencePipeline.java:578)
	at de.uka.ilkd.key.nparser.builder.AbstractBuilder.mapOf(AbstractBuilder.java:112)
	at de.uka.ilkd.key.nparser.builder.IncludeFinder.visitOne_include_statement(IncludeFinder.java:35)
	at de.uka.ilkd.key.nparser.builder.IncludeFinder.visitOne_include_statement(IncludeFinder.java:20)
	at de.uka.ilkd.key.nparser.KeYParser$One_include_statementContext.accept(KeYParser.java:802)
	at org.antlr.v4.runtime.tree.AbstractParseTreeVisitor.visitChildren(AbstractParseTreeVisitor.java:46)
	at de.uka.ilkd.key.nparser.KeYParserBaseVisitor.visitDecls(KeYParserBaseVisitor.java:30)
	at de.uka.ilkd.key.nparser.KeYParser$DeclsContext.accept(KeYParser.java:500)
	at org.antlr.v4.runtime.tree.AbstractParseTreeVisitor.visitChildren(AbstractParseTreeVisitor.java:46)
	at de.uka.ilkd.key.nparser.KeYParserBaseVisitor.visitFile(KeYParserBaseVisitor.java:23)
	at de.uka.ilkd.key.nparser.KeYParser$FileContext.accept(KeYParser.java:306)
	at de.uka.ilkd.key.nparser.KeyAst.accept(KeyAst.java:41)
	at de.uka.ilkd.key.nparser.KeyAst$File.getIncludes(KeyAst.java:76)
	at de.uka.ilkd.key.proof.io.KeYFile.readIncludes(KeYFile.java:208)
	... 14 more
Could not find rule file rules/intRulesCheckedSemantics.key (file: /home/runner/work/key/key/key.core/../key.ui/examples/index/.././standard_key/strings/literalEquality.key; caused by: de.uka.ilkd.key.proof.init.ProofInputException: Could not find rule file rules/intRulesCheckedSemantics.key)
	at de.uka.ilkd.key.control.AbstractUserInterfaceControl.load(AbstractUserInterfaceControl.java:221)
	at de.uka.ilkd.key.control.KeYEnvironment.load(KeYEnvironment.java:251)
	at de.uka.ilkd.key.control.KeYEnvironment.load(KeYEnvironment.java:224)
	at de.uka.ilkd.key.control.KeYEnvironment.load(KeYEnvironment.java:184)
	at de.uka.ilkd.key.control.KeYEnvironment.load(KeYEnvironment.java:261)
	at de.uka.ilkd.key.proof.runallproofs.proofcollection.TestFile.load(TestFile.java:270)
	at de.uka.ilkd.key.proof.runallproofs.proofcollection.TestFile.runKey(TestFile.java:160)
	at de.uka.ilkd.key.proof.runallproofs.proofcollection.ForkedTestFileRunner.main(ForkedTestFileRunner.java:171)
Caused by: de.uka.ilkd.key.proof.init.ProofInputException: Could not find rule file rules/intRulesCheckedSemantics.key
	at de.uka.ilkd.key.proof.io.KeYFile.readIncludes(KeYFile.java:210)
	at de.uka.ilkd.key.proof.init.ProblemInitializer.readIncludes(ProblemInitializer.java:177)
	at de.uka.ilkd.key.proof.init.ProblemInitializer.readEnvInput(ProblemInitializer.java:325)
	at de.uka.ilkd.key.proof.init.ProblemInitializer.prepare(ProblemInitializer.java:449)
	at de.uka.ilkd.key.proof.io.AbstractProblemLoader.createInitConfig(AbstractProblemLoader.java:518)
	at de.uka.ilkd.key.proof.io.AbstractProblemLoader.loadEnvironment(AbstractProblemLoader.java:288)
	at de.uka.ilkd.key.proof.io.AbstractProblemLoader.load(AbstractProblemLoader.java:252)
	at de.uka.ilkd.key.control.AbstractUserInterfaceControl.load(AbstractUserInterfaceControl.java:209)
	... 7 more
Caused by: java.lang.RuntimeException: Could not find rule file rules/intRulesCheckedSemantics.key
	at de.uka.ilkd.key.proof.io.RuleSourceFactory.fromBuiltInRule(RuleSourceFactory.java:32)
	at de.uka.ilkd.key.proof.io.RuleSourceFactory.fromDefaultLocation(RuleSourceFactory.java:21)
	at de.uka.ilkd.key.nparser.builder.IncludeFinder.addInclude(IncludeFinder.java:63)
	at de.uka.ilkd.key.nparser.builder.IncludeFinder.visitOne_include(IncludeFinder.java:43)
	at de.uka.ilkd.key.nparser.builder.IncludeFinder.visitOne_include(IncludeFinder.java:20)
	at de.uka.ilkd.key.nparser.KeYParser$One_includeContext.accept(KeYParser.java:878)
	at de.uka.ilkd.key.nparser.builder.AbstractBuilder.lambda$mapOf$0(AbstractBuilder.java:112)
	at java.base/java.util.stream.ReferencePipeline$3$1.accept(ReferencePipeline.java:195)
	at java.base/java.util.ArrayList$ArrayListSpliterator.forEachRemaining(ArrayList.java:1655)
	at java.base/java.util.stream.AbstractPipeline.copyInto(AbstractPipeline.java:484)
	at java.base/java.util.stream.AbstractPipeline.wrapAndCopyInto(AbstractPipeline.java:474)
	at java.base/java.util.stream.ReduceOps$ReduceOp.evaluateSequential(ReduceOps.java:913)
	at java.base/java.util.stream.AbstractPipeline.evaluate(AbstractPipeline.java:234)
	at java.base/java.util.stream.ReferencePipeline.collect(ReferencePipeline.java:578)
	at de.uka.ilkd.key.nparser.builder.AbstractBuilder.mapOf(AbstractBuilder.java:112)
	at de.uka.ilkd.key.nparser.builder.IncludeFinder.visitOne_include_statement(IncludeFinder.java:35)
	at de.uka.ilkd.key.nparser.builder.IncludeFinder.visitOne_include_statement(IncludeFinder.java:20)
	at de.uka.ilkd.key.nparser.KeYParser$One_include_statementContext.accept(KeYParser.java:802)
	at org.antlr.v4.runtime.tree.AbstractParseTreeVisitor.visitChildren(AbstractParseTreeVisitor.java:46)
	at de.uka.ilkd.key.nparser.KeYParserBaseVisitor.visitDecls(KeYParserBaseVisitor.java:30)
	at de.uka.ilkd.key.nparser.KeYParser$DeclsContext.accept(KeYParser.java:500)
	at org.antlr.v4.runtime.tree.AbstractParseTreeVisitor.visitChildren(AbstractParseTreeVisitor.java:46)
	at de.uka.ilkd.key.nparser.KeYParserBaseVisitor.visitFile(KeYParserBaseVisitor.java:23)
	at de.uka.ilkd.key.nparser.KeYParser$FileContext.accept(KeYParser.java:306)
	at de.uka.ilkd.key.nparser.KeyAst.accept(KeyAst.java:41)
	at de.uka.ilkd.key.nparser.KeyAst$File.getIncludes(KeyAst.java:76)
	at de.uka.ilkd.key.proof.io.KeYFile.readIncludes(KeYFile.java:208)
	... 14 more
Could not find rule file rules/intRulesCheckedSemantics.key (file: /home/runner/work/key/key/key.core/../key.ui/examples/index/.././standard_key/strings/replace0.key; caused by: de.uka.ilkd.key.proof.init.ProofInputException: Could not find rule file rules/intRulesCheckedSemantics.key)
	at de.uka.ilkd.key.control.AbstractUserInterfaceControl.load(AbstractUserInterfaceControl.java:221)
	at de.uka.ilkd.key.control.KeYEnvironment.load(KeYEnvironment.java:251)
	at de.uka.ilkd.key.control.KeYEnvironment.load(KeYEnvironment.java:224)
	at de.uka.ilkd.key.control.KeYEnvironment.load(KeYEnvironment.java:184)
	at de.uka.ilkd.key.control.KeYEnvironment.load(KeYEnvironment.java:261)
	at de.uka.ilkd.key.proof.runallproofs.proofcollection.TestFile.load(TestFile.java:270)
	at de.uka.ilkd.key.proof.runallproofs.proofcollection.TestFile.runKey(TestFile.java:160)
	at de.uka.ilkd.key.proof.runallproofs.proofcollection.ForkedTestFileRunner.main(ForkedTestFileRunner.java:171)
Caused by: de.uka.ilkd.key.proof.init.ProofInputException: Could not find rule file rules/intRulesCheckedSemantics.key
	at de.uka.ilkd.key.proof.io.KeYFile.readIncludes(KeYFile.java:210)
	at de.uka.ilkd.key.proof.init.ProblemInitializer.readIncludes(ProblemInitializer.java:177)
	at de.uka.ilkd.key.proof.init.ProblemInitializer.readEnvInput(ProblemInitializer.java:325)
	at de.uka.ilkd.key.proof.init.ProblemInitializer.prepare(ProblemInitializer.java:449)
	at de.uka.ilkd.key.proof.io.AbstractProblemLoader.createInitConfig(AbstractProblemLoader.java:518)
	at de.uka.ilkd.key.proof.io.AbstractProblemLoader.loadEnvironment(AbstractProblemLoader.java:288)
	at de.uka.ilkd.key.proof.io.AbstractProblemLoader.load(AbstractProblemLoader.java:252)
	at de.uka.ilkd.key.control.AbstractUserInterfaceControl.load(AbstractUserInterfaceControl.java:209)
	... 7 more
Caused by: java.lang.RuntimeException: Could not find rule file rules/intRulesCheckedSemantics.key
	at de.uka.ilkd.key.proof.io.RuleSourceFactory.fromBuiltInRule(RuleSourceFactory.java:32)
	at de.uka.ilkd.key.proof.io.RuleSourceFactory.fromDefaultLocation(RuleSourceFactory.java:21)
	at de.uka.ilkd.key.nparser.builder.IncludeFinder.addInclude(IncludeFinder.java:63)
	at de.uka.ilkd.key.nparser.builder.IncludeFinder.visitOne_include(IncludeFinder.java:43)
	at de.uka.ilkd.key.nparser.builder.IncludeFinder.visitOne_include(IncludeFinder.java:20)
	at de.uka.ilkd.key.nparser.KeYParser$One_includeContext.accept(KeYParser.java:878)
	at de.uka.ilkd.key.nparser.builder.AbstractBuilder.lambda$mapOf$0(AbstractBuilder.java:112)
	at java.base/java.util.stream.ReferencePipeline$3$1.accept(ReferencePipeline.java:195)
	at java.base/java.util.ArrayList$ArrayListSpliterator.forEachRemaining(ArrayList.java:1655)
	at java.base/java.util.stream.AbstractPipeline.copyInto(AbstractPipeline.java:484)
	at java.base/java.util.stream.AbstractPipeline.wrapAndCopyInto(AbstractPipeline.java:474)
	at java.base/java.util.stream.ReduceOps$ReduceOp.evaluateSequential(ReduceOps.java:913)
	at java.base/java.util.stream.AbstractPipeline.evaluate(AbstractPipeline.java:234)
	at java.base/java.util.stream.ReferencePipeline.collect(ReferencePipeline.java:578)
	at de.uka.ilkd.key.nparser.builder.AbstractBuilder.mapOf(AbstractBuilder.java:112)
	at de.uka.ilkd.key.nparser.builder.IncludeFinder.visitOne_include_statement(IncludeFinder.java:35)
	at de.uka.ilkd.key.nparser.builder.IncludeFinder.visitOne_include_statement(IncludeFinder.java:20)
	at de.uka.ilkd.key.nparser.KeYParser$One_include_statementContext.accept(KeYParser.java:802)
	at org.antlr.v4.runtime.tree.AbstractParseTreeVisitor.visitChildren(AbstractParseTreeVisitor.java:46)
	at de.uka.ilkd.key.nparser.KeYParserBaseVisitor.visitDecls(KeYParserBaseVisitor.java:30)
	at de.uka.ilkd.key.nparser.KeYParser$DeclsContext.accept(KeYParser.java:500)
	at org.antlr.v4.runtime.tree.AbstractParseTreeVisitor.visitChildren(AbstractParseTreeVisitor.java:46)
	at de.uka.ilkd.key.nparser.KeYParserBaseVisitor.visitFile(KeYParserBaseVisitor.java:23)
	at de.uka.ilkd.key.nparser.KeYParser$FileContext.accept(KeYParser.java:306)
	at de.uka.ilkd.key.nparser.KeyAst.accept(KeyAst.java:41)
	at de.uka.ilkd.key.nparser.KeyAst$File.getIncludes(KeyAst.java:76)
	at de.uka.ilkd.key.proof.io.KeYFile.readIncludes(KeYFile.java:208)
	... 14 more
Could not find rule file rules/intRulesCheckedSemantics.key (file: /home/runner/work/key/key/key.core/../key.ui/examples/index/.././standard_key/strings/replace1.key; caused by: de.uka.ilkd.key.proof.init.ProofInputException: Could not find rule file rules/intRulesCheckedSemantics.key)
	at de.uka.ilkd.key.control.AbstractUserInterfaceControl.load(AbstractUserInterfaceControl.java:221)
	at de.uka.ilkd.key.control.KeYEnvironment.load(KeYEnvironment.java:251)
	at de.uka.ilkd.key.control.KeYEnvironment.load(KeYEnvironment.java:224)
	at de.uka.ilkd.key.control.KeYEnvironment.load(KeYEnvironment.java:184)
	at de.uka.ilkd.key.control.KeYEnvironment.load(KeYEnvironment.java:261)
	at de.uka.ilkd.key.proof.runallproofs.proofcollection.TestFile.load(TestFile.java:270)
	at de.uka.ilkd.key.proof.runallproofs.proofcollection.TestFile.runKey(TestFile.java:160)
	at de.uka.ilkd.key.proof.runallproofs.proofcollection.ForkedTestFileRunner.main(ForkedTestFileRunner.java:171)
Caused by: de.uka.ilkd.key.proof.init.ProofInputException: Could not find rule file rules/intRulesCheckedSemantics.key
	at de.uka.ilkd.key.proof.io.KeYFile.readIncludes(KeYFile.java:210)
	at de.uka.ilkd.key.proof.init.ProblemInitializer.readIncludes(ProblemInitializer.java:177)
	at de.uka.ilkd.key.proof.init.ProblemInitializer.readEnvInput(ProblemInitializer.java:325)
	at de.uka.ilkd.key.proof.init.ProblemInitializer.prepare(ProblemInitializer.java:449)
	at de.uka.ilkd.key.proof.io.AbstractProblemLoader.createInitConfig(AbstractProblemLoader.java:518)
	at de.uka.ilkd.key.proof.io.AbstractProblemLoader.loadEnvironment(AbstractProblemLoader.java:288)
	at de.uka.ilkd.key.proof.io.AbstractProblemLoader.load(AbstractProblemLoader.java:252)
	at de.uka.ilkd.key.control.AbstractUserInterfaceControl.load(AbstractUserInterfaceControl.java:209)
	... 7 more
Caused by: java.lang.RuntimeException: Could not find rule file rules/intRulesCheckedSemantics.key
	at de.uka.ilkd.key.proof.io.RuleSourceFactory.fromBuiltInRule(RuleSourceFactory.java:32)
	at de.uka.ilkd.key.proof.io.RuleSourceFactory.fromDefaultLocation(RuleSourceFactory.java:21)
	at de.uka.ilkd.key.nparser.builder.IncludeFinder.addInclude(IncludeFinder.java:63)
	at de.uka.ilkd.key.nparser.builder.IncludeFinder.visitOne_include(IncludeFinder.java:43)
	at de.uka.ilkd.key.nparser.builder.IncludeFinder.visitOne_include(IncludeFinder.java:20)
	at de.uka.ilkd.key.nparser.KeYParser$One_includeContext.accept(KeYParser.java:878)
	at de.uka.ilkd.key.nparser.builder.AbstractBuilder.lambda$mapOf$0(AbstractBuilder.java:112)
	at java.base/java.util.stream.ReferencePipeline$3$1.accept(ReferencePipeline.java:195)
	at java.base/java.util.ArrayList$ArrayListSpliterator.forEachRemaining(ArrayList.java:1655)
	at java.base/java.util.stream.AbstractPipeline.copyInto(AbstractPipeline.java:484)
	at java.base/java.util.stream.AbstractPipeline.wrapAndCopyInto(AbstractPipeline.java:474)
	at java.base/java.util.stream.ReduceOps$ReduceOp.evaluateSequential(ReduceOps.java:913)
	at java.base/java.util.stream.AbstractPipeline.evaluate(AbstractPipeline.java:234)
	at java.base/java.util.stream.ReferencePipeline.collect(ReferencePipeline.java:578)
	at de.uka.ilkd.key.nparser.builder.AbstractBuilder.mapOf(AbstractBuilder.java:112)
	at de.uka.ilkd.key.nparser.builder.IncludeFinder.visitOne_include_statement(IncludeFinder.java:35)
	at de.uka.ilkd.key.nparser.builder.IncludeFinder.visitOne_include_statement(IncludeFinder.java:20)
	at de.uka.ilkd.key.nparser.KeYParser$One_include_statementContext.accept(KeYParser.java:802)
	at org.antlr.v4.runtime.tree.AbstractParseTreeVisitor.visitChildren(AbstractParseTreeVisitor.java:46)
	at de.uka.ilkd.key.nparser.KeYParserBaseVisitor.visitDecls(KeYParserBaseVisitor.java:30)
	at de.uka.ilkd.key.nparser.KeYParser$DeclsContext.accept(KeYParser.java:500)
	at org.antlr.v4.runtime.tree.AbstractParseTreeVisitor.visitChildren(AbstractParseTreeVisitor.java:46)
	at de.uka.ilkd.key.nparser.KeYParserBaseVisitor.visitFile(KeYParserBaseVisitor.java:23)
	at de.uka.ilkd.key.nparser.KeYParser$FileContext.accept(KeYParser.java:306)
	at de.uka.ilkd.key.nparser.KeyAst.accept(KeyAst.java:41)
	at de.uka.ilkd.key.nparser.KeyAst$File.getIncludes(KeyAst.java:76)
	at de.uka.ilkd.key.proof.io.KeYFile.readIncludes(KeYFile.java:208)
	... 14 more
Could not find rule file rules/intRulesCheckedSemantics.key (file: /home/runner/work/key/key/key.core/../key.ui/examples/index/.././standard_key/strings/simpleAssignment.key; caused by: de.uka.ilkd.key.proof.init.ProofInputException: Could not find rule file rules/intRulesCheckedSemantics.key)
	at de.uka.ilkd.key.control.AbstractUserInterfaceControl.load(AbstractUserInterfaceControl.java:221)
	at de.uka.ilkd.key.control.KeYEnvironment.load(KeYEnvironment.java:251)
	at de.uka.ilkd.key.control.KeYEnvironment.load(KeYEnvironment.java:224)
	at de.uka.ilkd.key.control.KeYEnvironment.load(KeYEnvironment.java:184)
	at de.uka.ilkd.key.control.KeYEnvironment.load(KeYEnvironment.java:261)
	at de.uka.ilkd.key.proof.runallproofs.proofcollection.TestFile.load(TestFile.java:270)
	at de.uka.ilkd.key.proof.runallproofs.proofcollection.TestFile.runKey(TestFile.java:160)
	at de.uka.ilkd.key.proof.runallproofs.proofcollection.ForkedTestFileRunner.main(ForkedTestFileRunner.java:171)
Caused by: de.uka.ilkd.key.proof.init.ProofInputException: Could not find rule file rules/intRulesCheckedSemantics.key
	at de.uka.ilkd.key.proof.io.KeYFile.readIncludes(KeYFile.java:210)
	at de.uka.ilkd.key.proof.init.ProblemInitializer.readIncludes(ProblemInitializer.java:177)
	at de.uka.ilkd.key.proof.init.ProblemInitializer.readEnvInput(ProblemInitializer.java:325)
	at de.uka.ilkd.key.proof.init.ProblemInitializer.prepare(ProblemInitializer.java:449)
	at de.uka.ilkd.key.proof.io.AbstractProblemLoader.createInitConfig(AbstractProblemLoader.java:518)
	at de.uka.ilkd.key.proof.io.AbstractProblemLoader.loadEnvironment(AbstractProblemLoader.java:288)
	at de.uka.ilkd.key.proof.io.AbstractProblemLoader.load(AbstractProblemLoader.java:252)
	at de.uka.ilkd.key.control.AbstractUserInterfaceControl.load(AbstractUserInterfaceControl.java:209)
	... 7 more
Caused by: java.lang.RuntimeException: Could not find rule file rules/intRulesCheckedSemantics.key
	at de.uka.ilkd.key.proof.io.RuleSourceFactory.fromBuiltInRule(RuleSourceFactory.java:32)
	at de.uka.ilkd.key.proof.io.RuleSourceFactory.fromDefaultLocation(RuleSourceFactory.java:21)
	at de.uka.ilkd.key.nparser.builder.IncludeFinder.addInclude(IncludeFinder.java:63)
	at de.uka.ilkd.key.nparser.builder.IncludeFinder.visitOne_include(IncludeFinder.java:43)
	at de.uka.ilkd.key.nparser.builder.IncludeFinder.visitOne_include(IncludeFinder.java:20)
	at de.uka.ilkd.key.nparser.KeYParser$One_includeContext.accept(KeYParser.java:878)
	at de.uka.ilkd.key.nparser.builder.AbstractBuilder.lambda$mapOf$0(AbstractBuilder.java:112)
	at java.base/java.util.stream.ReferencePipeline$3$1.accept(ReferencePipeline.java:195)
	at java.base/java.util.ArrayList$ArrayListSpliterator.forEachRemaining(ArrayList.java:1655)
	at java.base/java.util.stream.AbstractPipeline.copyInto(AbstractPipeline.java:484)
	at java.base/java.util.stream.AbstractPipeline.wrapAndCopyInto(AbstractPipeline.java:474)
	at java.base/java.util.stream.ReduceOps$ReduceOp.evaluateSequential(ReduceOps.java:913)
	at java.base/java.util.stream.AbstractPipeline.evaluate(AbstractPipeline.java:234)
	at java.base/java.util.stream.ReferencePipeline.collect(ReferencePipeline.java:578)
	at de.uka.ilkd.key.nparser.builder.AbstractBuilder.mapOf(AbstractBuilder.java:112)
	at de.uka.ilkd.key.nparser.builder.IncludeFinder.visitOne_include_statement(IncludeFinder.java:35)
	at de.uka.ilkd.key.nparser.builder.IncludeFinder.visitOne_include_statement(IncludeFinder.java:20)
	at de.uka.ilkd.key.nparser.KeYParser$One_include_statementContext.accept(KeYParser.java:802)
	at org.antlr.v4.runtime.tree.AbstractParseTreeVisitor.visitChildren(AbstractParseTreeVisitor.java:46)
	at de.uka.ilkd.key.nparser.KeYParserBaseVisitor.visitDecls(KeYParserBaseVisitor.java:30)
	at de.uka.ilkd.key.nparser.KeYParser$DeclsContext.accept(KeYParser.java:500)
	at org.antlr.v4.runtime.tree.AbstractParseTreeVisitor.visitChildren(AbstractParseTreeVisitor.java:46)
	at de.uka.ilkd.key.nparser.KeYParserBaseVisitor.visitFile(KeYParserBaseVisitor.java:23)
	at de.uka.ilkd.key.nparser.KeYParser$FileContext.accept(KeYParser.java:306)
	at de.uka.ilkd.key.nparser.KeyAst.accept(KeyAst.java:41)
	at de.uka.ilkd.key.nparser.KeyAst$File.getIncludes(KeyAst.java:76)
	at de.uka.ilkd.key.proof.io.KeYFile.readIncludes(KeYFile.java:208)
	... 14 more
Could not find rule file rules/intRulesCheckedSemantics.key (file: /home/runner/work/key/key/key.core/../key.ui/examples/index/.././standard_key/strings/simpleLengthComp.key; caused by: de.uka.ilkd.key.proof.init.ProofInputException: Could not find rule file rules/intRulesCheckedSemantics.key)
	at de.uka.ilkd.key.control.AbstractUserInterfaceControl.load(AbstractUserInterfaceControl.java:221)
	at de.uka.ilkd.key.control.KeYEnvironment.load(KeYEnvironment.java:251)
	at de.uka.ilkd.key.control.KeYEnvironment.load(KeYEnvironment.java:224)
	at de.uka.ilkd.key.control.KeYEnvironment.load(KeYEnvironment.java:184)
	at de.uka.ilkd.key.control.KeYEnvironment.load(KeYEnvironment.java:261)
	at de.uka.ilkd.key.proof.runallproofs.proofcollection.TestFile.load(TestFile.java:270)
	at de.uka.ilkd.key.proof.runallproofs.proofcollection.TestFile.runKey(TestFile.java:160)
	at de.uka.ilkd.key.proof.runallproofs.proofcollection.ForkedTestFileRunner.main(ForkedTestFileRunner.java:171)
Caused by: de.uka.ilkd.key.proof.init.ProofInputException: Could not find rule file rules/intRulesCheckedSemantics.key
	at de.uka.ilkd.key.proof.io.KeYFile.readIncludes(KeYFile.java:210)
	at de.uka.ilkd.key.proof.init.ProblemInitializer.readIncludes(ProblemInitializer.java:177)
	at de.uka.ilkd.key.proof.init.ProblemInitializer.readEnvInput(ProblemInitializer.java:325)
	at de.uka.ilkd.key.proof.init.ProblemInitializer.prepare(ProblemInitializer.java:449)
	at de.uka.ilkd.key.proof.io.AbstractProblemLoader.createInitConfig(AbstractProblemLoader.java:518)
	at de.uka.ilkd.key.proof.io.AbstractProblemLoader.loadEnvironment(AbstractProblemLoader.java:288)
	at de.uka.ilkd.key.proof.io.AbstractProblemLoader.load(AbstractProblemLoader.java:252)
	at de.uka.ilkd.key.control.AbstractUserInterfaceControl.load(AbstractUserInterfaceControl.java:209)
	... 7 more
Caused by: java.lang.RuntimeException: Could not find rule file rules/intRulesCheckedSemantics.key
	at de.uka.ilkd.key.proof.io.RuleSourceFactory.fromBuiltInRule(RuleSourceFactory.java:32)
	at de.uka.ilkd.key.proof.io.RuleSourceFactory.fromDefaultLocation(RuleSourceFactory.java:21)
	at de.uka.ilkd.key.nparser.builder.IncludeFinder.addInclude(IncludeFinder.java:63)
	at de.uka.ilkd.key.nparser.builder.IncludeFinder.visitOne_include(IncludeFinder.java:43)
	at de.uka.ilkd.key.nparser.builder.IncludeFinder.visitOne_include(IncludeFinder.java:20)
	at de.uka.ilkd.key.nparser.KeYParser$One_includeContext.accept(KeYParser.java:878)
	at de.uka.ilkd.key.nparser.builder.AbstractBuilder.lambda$mapOf$0(AbstractBuilder.java:112)
	at java.base/java.util.stream.ReferencePipeline$3$1.accept(ReferencePipeline.java:195)
	at java.base/java.util.ArrayList$ArrayListSpliterator.forEachRemaining(ArrayList.java:1655)
	at java.base/java.util.stream.AbstractPipeline.copyInto(AbstractPipeline.java:484)
	at java.base/java.util.stream.AbstractPipeline.wrapAndCopyInto(AbstractPipeline.java:474)
	at java.base/java.util.stream.ReduceOps$ReduceOp.evaluateSequential(ReduceOps.java:913)
	at java.base/java.util.stream.AbstractPipeline.evaluate(AbstractPipeline.java:234)
	at java.base/java.util.stream.ReferencePipeline.collect(ReferencePipeline.java:578)
	at de.uka.ilkd.key.nparser.builder.AbstractBuilder.mapOf(AbstractBuilder.java:112)
	at de.uka.ilkd.key.nparser.builder.IncludeFinder.visitOne_include_statement(IncludeFinder.java:35)
	at de.uka.ilkd.key.nparser.builder.IncludeFinder.visitOne_include_statement(IncludeFinder.java:20)
	at de.uka.ilkd.key.nparser.KeYParser$One_include_statementContext.accept(KeYParser.java:802)
	at org.antlr.v4.runtime.tree.AbstractParseTreeVisitor.visitChildren(AbstractParseTreeVisitor.java:46)
	at de.uka.ilkd.key.nparser.KeYParserBaseVisitor.visitDecls(KeYParserBaseVisitor.java:30)
	at de.uka.ilkd.key.nparser.KeYParser$DeclsContext.accept(KeYParser.java:500)
	at org.antlr.v4.runtime.tree.AbstractParseTreeVisitor.visitChildren(AbstractParseTreeVisitor.java:46)
	at de.uka.ilkd.key.nparser.KeYParserBaseVisitor.visitFile(KeYParserBaseVisitor.java:23)
	at de.uka.ilkd.key.nparser.KeYParser$FileContext.accept(KeYParser.java:306)
	at de.uka.ilkd.key.nparser.KeyAst.accept(KeyAst.java:41)
	at de.uka.ilkd.key.nparser.KeyAst$File.getIncludes(KeyAst.java:76)
	at de.uka.ilkd.key.proof.io.KeYFile.readIncludes(KeYFile.java:208)
	... 14 more
Could not find rule file rules/intRulesCheckedSemantics.key (file: /home/runner/work/key/key/key.core/../key.ui/examples/index/.././standard_key/strings/stringCompileTimeConstant1.key; caused by: de.uka.ilkd.key.proof.init.ProofInputException: Could not find rule file rules/intRulesCheckedSemantics.key)
	at de.uka.ilkd.key.control.AbstractUserInterfaceControl.load(AbstractUserInterfaceControl.java:221)
	at de.uka.ilkd.key.control.KeYEnvironment.load(KeYEnvironment.java:251)
	at de.uka.ilkd.key.control.KeYEnvironment.load(KeYEnvironment.java:224)
	at de.uka.ilkd.key.control.KeYEnvironment.load(KeYEnvironment.java:184)
	at de.uka.ilkd.key.control.KeYEnvironment.load(KeYEnvironment.java:261)
	at de.uka.ilkd.key.proof.runallproofs.proofcollection.TestFile.load(TestFile.java:270)
	at de.uka.ilkd.key.proof.runallproofs.proofcollection.TestFile.runKey(TestFile.java:160)
	at de.uka.ilkd.key.proof.runallproofs.proofcollection.ForkedTestFileRunner.main(ForkedTestFileRunner.java:171)
Caused by: de.uka.ilkd.key.proof.init.ProofInputException: Could not find rule file rules/intRulesCheckedSemantics.key
	at de.uka.ilkd.key.proof.io.KeYFile.readIncludes(KeYFile.java:210)
	at de.uka.ilkd.key.proof.init.ProblemInitializer.readIncludes(ProblemInitializer.java:177)
	at de.uka.ilkd.key.proof.init.ProblemInitializer.readEnvInput(ProblemInitializer.java:325)
	at de.uka.ilkd.key.proof.init.ProblemInitializer.prepare(ProblemInitializer.java:449)
	at de.uka.ilkd.key.proof.io.AbstractProblemLoader.createInitConfig(AbstractProblemLoader.java:518)
	at de.uka.ilkd.key.proof.io.AbstractProblemLoader.loadEnvironment(AbstractProblemLoader.java:288)
	at de.uka.ilkd.key.proof.io.AbstractProblemLoader.load(AbstractProblemLoader.java:252)
	at de.uka.ilkd.key.control.AbstractUserInterfaceControl.load(AbstractUserInterfaceControl.java:209)
	... 7 more
Caused by: java.lang.RuntimeException: Could not find rule file rules/intRulesCheckedSemantics.key
	at de.uka.ilkd.key.proof.io.RuleSourceFactory.fromBuiltInRule(RuleSourceFactory.java:32)
	at de.uka.ilkd.key.proof.io.RuleSourceFactory.fromDefaultLocation(RuleSourceFactory.java:21)
	at de.uka.ilkd.key.nparser.builder.IncludeFinder.addInclude(IncludeFinder.java:63)
	at de.uka.ilkd.key.nparser.builder.IncludeFinder.visitOne_include(IncludeFinder.java:43)
	at de.uka.ilkd.key.nparser.builder.IncludeFinder.visitOne_include(IncludeFinder.java:20)
	at de.uka.ilkd.key.nparser.KeYParser$One_includeContext.accept(KeYParser.java:878)
	at de.uka.ilkd.key.nparser.builder.AbstractBuilder.lambda$mapOf$0(AbstractBuilder.java:112)
	at java.base/java.util.stream.ReferencePipeline$3$1.accept(ReferencePipeline.java:195)
	at java.base/java.util.ArrayList$ArrayListSpliterator.forEachRemaining(ArrayList.java:1655)
	at java.base/java.util.stream.AbstractPipeline.copyInto(AbstractPipeline.java:484)
	at java.base/java.util.stream.AbstractPipeline.wrapAndCopyInto(AbstractPipeline.java:474)
	at java.base/java.util.stream.ReduceOps$ReduceOp.evaluateSequential(ReduceOps.java:913)
	at java.base/java.util.stream.AbstractPipeline.evaluate(AbstractPipeline.java:234)
	at java.base/java.util.stream.ReferencePipeline.collect(ReferencePipeline.java:578)
	at de.uka.ilkd.key.nparser.builder.AbstractBuilder.mapOf(AbstractBuilder.java:112)
	at de.uka.ilkd.key.nparser.builder.IncludeFinder.visitOne_include_statement(IncludeFinder.java:35)
	at de.uka.ilkd.key.nparser.builder.IncludeFinder.visitOne_include_statement(IncludeFinder.java:20)
	at de.uka.ilkd.key.nparser.KeYParser$One_include_statementContext.accept(KeYParser.java:802)
	at org.antlr.v4.runtime.tree.AbstractParseTreeVisitor.visitChildren(AbstractParseTreeVisitor.java:46)
	at de.uka.ilkd.key.nparser.KeYParserBaseVisitor.visitDecls(KeYParserBaseVisitor.java:30)
	at de.uka.ilkd.key.nparser.KeYParser$DeclsContext.accept(KeYParser.java:500)
	at org.antlr.v4.runtime.tree.AbstractParseTreeVisitor.visitChildren(AbstractParseTreeVisitor.java:46)
	at de.uka.ilkd.key.nparser.KeYParserBaseVisitor.visitFile(KeYParserBaseVisitor.java:23)
	at de.uka.ilkd.key.nparser.KeYParser$FileContext.accept(KeYParser.java:306)
	at de.uka.ilkd.key.nparser.KeyAst.accept(KeyAst.java:41)
	at de.uka.ilkd.key.nparser.KeyAst$File.getIncludes(KeyAst.java:76)
	at de.uka.ilkd.key.proof.io.KeYFile.readIncludes(KeYFile.java:208)
	... 14 more
Could not find rule file rules/intRulesCheckedSemantics.key (file: /home/runner/work/key/key/key.core/../key.ui/examples/index/.././standard_key/strings/stringCompileTimeConstant2.key; caused by: de.uka.ilkd.key.proof.init.ProofInputException: Could not find rule file rules/intRulesCheckedSemantics.key)
	at de.uka.ilkd.key.control.AbstractUserInterfaceControl.load(AbstractUserInterfaceControl.java:221)
	at de.uka.ilkd.key.control.KeYEnvironment.load(KeYEnvironment.java:251)
	at de.uka.ilkd.key.control.KeYEnvironment.load(KeYEnvironment.java:224)
	at de.uka.ilkd.key.control.KeYEnvironment.load(KeYEnvironment.java:184)
	at de.uka.ilkd.key.control.KeYEnvironment.load(KeYEnvironment.java:261)
	at de.uka.ilkd.key.proof.runallproofs.proofcollection.TestFile.load(TestFile.java:270)
	at de.uka.ilkd.key.proof.runallproofs.proofcollection.TestFile.runKey(TestFile.java:160)
	at de.uka.ilkd.key.proof.runallproofs.proofcollection.ForkedTestFileRunner.main(ForkedTestFileRunner.java:171)
Caused by: de.uka.ilkd.key.proof.init.ProofInputException: Could not find rule file rules/intRulesCheckedSemantics.key
	at de.uka.ilkd.key.proof.io.KeYFile.readIncludes(KeYFile.java:210)
	at de.uka.ilkd.key.proof.init.ProblemInitializer.readIncludes(ProblemInitializer.java:177)
	at de.uka.ilkd.key.proof.init.ProblemInitializer.readEnvInput(ProblemInitializer.java:325)
	at de.uka.ilkd.key.proof.init.ProblemInitializer.prepare(ProblemInitializer.java:449)
	at de.uka.ilkd.key.proof.io.AbstractProblemLoader.createInitConfig(AbstractProblemLoader.java:518)
	at de.uka.ilkd.key.proof.io.AbstractProblemLoader.loadEnvironment(AbstractProblemLoader.java:288)
	at de.uka.ilkd.key.proof.io.AbstractProblemLoader.load(AbstractProblemLoader.java:252)
	at de.uka.ilkd.key.control.AbstractUserInterfaceControl.load(AbstractUserInterfaceControl.java:209)
	... 7 more
Caused by: java.lang.RuntimeException: Could not find rule file rules/intRulesCheckedSemantics.key
	at de.uka.ilkd.key.proof.io.RuleSourceFactory.fromBuiltInRule(RuleSourceFactory.java:32)
	at de.uka.ilkd.key.proof.io.RuleSourceFactory.fromDefaultLocation(RuleSourceFactory.java:21)
	at de.uka.ilkd.key.nparser.builder.IncludeFinder.addInclude(IncludeFinder.java:63)
	at de.uka.ilkd.key.nparser.builder.IncludeFinder.visitOne_include(IncludeFinder.java:43)
	at de.uka.ilkd.key.nparser.builder.IncludeFinder.visitOne_include(IncludeFinder.java:20)
	at de.uka.ilkd.key.nparser.KeYParser$One_includeContext.accept(KeYParser.java:878)
	at de.uka.ilkd.key.nparser.builder.AbstractBuilder.lambda$mapOf$0(AbstractBuilder.java:112)
	at java.base/java.util.stream.ReferencePipeline$3$1.accept(ReferencePipeline.java:195)
	at java.base/java.util.ArrayList$ArrayListSpliterator.forEachRemaining(ArrayList.java:1655)
	at java.base/java.util.stream.AbstractPipeline.copyInto(AbstractPipeline.java:484)
	at java.base/java.util.stream.AbstractPipeline.wrapAndCopyInto(AbstractPipeline.java:474)
	at java.base/java.util.stream.ReduceOps$ReduceOp.evaluateSequential(ReduceOps.java:913)
	at java.base/java.util.stream.AbstractPipeline.evaluate(AbstractPipeline.java:234)
	at java.base/java.util.stream.ReferencePipeline.collect(ReferencePipeline.java:578)
	at de.uka.ilkd.key.nparser.builder.AbstractBuilder.mapOf(AbstractBuilder.java:112)
	at de.uka.ilkd.key.nparser.builder.IncludeFinder.visitOne_include_statement(IncludeFinder.java:35)
	at de.uka.ilkd.key.nparser.builder.IncludeFinder.visitOne_include_statement(IncludeFinder.java:20)
	at de.uka.ilkd.key.nparser.KeYParser$One_include_statementContext.accept(KeYParser.java:802)
	at org.antlr.v4.runtime.tree.AbstractParseTreeVisitor.visitChildren(AbstractParseTreeVisitor.java:46)
	at de.uka.ilkd.key.nparser.KeYParserBaseVisitor.visitDecls(KeYParserBaseVisitor.java:30)
	at de.uka.ilkd.key.nparser.KeYParser$DeclsContext.accept(KeYParser.java:500)
	at org.antlr.v4.runtime.tree.AbstractParseTreeVisitor.visitChildren(AbstractParseTreeVisitor.java:46)
	at de.uka.ilkd.key.nparser.KeYParserBaseVisitor.visitFile(KeYParserBaseVisitor.java:23)
	at de.uka.ilkd.key.nparser.KeYParser$FileContext.accept(KeYParser.java:306)
	at de.uka.ilkd.key.nparser.KeyAst.accept(KeyAst.java:41)
	at de.uka.ilkd.key.nparser.KeyAst$File.getIncludes(KeyAst.java:76)
	at de.uka.ilkd.key.proof.io.KeYFile.readIncludes(KeYFile.java:208)
	... 14 more
Could not find rule file rules/intRulesCheckedSemantics.key (file: /home/runner/work/key/key/key.core/../key.ui/examples/index/.././standard_key/strings/stringEquality1.key; caused by: de.uka.ilkd.key.proof.init.ProofInputException: Could not find rule file rules/intRulesCheckedSemantics.key)
	at de.uka.ilkd.key.control.AbstractUserInterfaceControl.load(AbstractUserInterfaceControl.java:221)
	at de.uka.ilkd.key.control.KeYEnvironment.load(KeYEnvironment.java:251)
	at de.uka.ilkd.key.control.KeYEnvironment.load(KeYEnvironment.java:224)
	at de.uka.ilkd.key.control.KeYEnvironment.load(KeYEnvironment.java:184)
	at de.uka.ilkd.key.control.KeYEnvironment.load(KeYEnvironment.java:261)
	at de.uka.ilkd.key.proof.runallproofs.proofcollection.TestFile.load(TestFile.java:270)
	at de.uka.ilkd.key.proof.runallproofs.proofcollection.TestFile.runKey(TestFile.java:160)
	at de.uka.ilkd.key.proof.runallproofs.proofcollection.ForkedTestFileRunner.main(ForkedTestFileRunner.java:171)
Caused by: de.uka.ilkd.key.proof.init.ProofInputException: Could not find rule file rules/intRulesCheckedSemantics.key
	at de.uka.ilkd.key.proof.io.KeYFile.readIncludes(KeYFile.java:210)
	at de.uka.ilkd.key.proof.init.ProblemInitializer.readIncludes(ProblemInitializer.java:177)
	at de.uka.ilkd.key.proof.init.ProblemInitializer.readEnvInput(ProblemInitializer.java:325)
	at de.uka.ilkd.key.proof.init.ProblemInitializer.prepare(ProblemInitializer.java:449)
	at de.uka.ilkd.key.proof.io.AbstractProblemLoader.createInitConfig(AbstractProblemLoader.java:518)
	at de.uka.ilkd.key.proof.io.AbstractProblemLoader.loadEnvironment(AbstractProblemLoader.java:288)
	at de.uka.ilkd.key.proof.io.AbstractProblemLoader.load(AbstractProblemLoader.java:252)
	at de.uka.ilkd.key.control.AbstractUserInterfaceControl.load(AbstractUserInterfaceControl.java:209)
	... 7 more
Caused by: java.lang.RuntimeException: Could not find rule file rules/intRulesCheckedSemantics.key
	at de.uka.ilkd.key.proof.io.RuleSourceFactory.fromBuiltInRule(RuleSourceFactory.java:32)
	at de.uka.ilkd.key.proof.io.RuleSourceFactory.fromDefaultLocation(RuleSourceFactory.java:21)
	at de.uka.ilkd.key.nparser.builder.IncludeFinder.addInclude(IncludeFinder.java:63)
	at de.uka.ilkd.key.nparser.builder.IncludeFinder.visitOne_include(IncludeFinder.java:43)
	at de.uka.ilkd.key.nparser.builder.IncludeFinder.visitOne_include(IncludeFinder.java:20)
	at de.uka.ilkd.key.nparser.KeYParser$One_includeContext.accept(KeYParser.java:878)
	at de.uka.ilkd.key.nparser.builder.AbstractBuilder.lambda$mapOf$0(AbstractBuilder.java:112)
	at java.base/java.util.stream.ReferencePipeline$3$1.accept(ReferencePipeline.java:195)
	at java.base/java.util.ArrayList$ArrayListSpliterator.forEachRemaining(ArrayList.java:1655)
	at java.base/java.util.stream.AbstractPipeline.copyInto(AbstractPipeline.java:484)
	at java.base/java.util.stream.AbstractPipeline.wrapAndCopyInto(AbstractPipeline.java:474)
	at java.base/java.util.stream.ReduceOps$ReduceOp.evaluateSequential(ReduceOps.java:913)
	at java.base/java.util.stream.AbstractPipeline.evaluate(AbstractPipeline.java:234)
	at java.base/java.util.stream.ReferencePipeline.collect(ReferencePipeline.java:578)
	at de.uka.ilkd.key.nparser.builder.AbstractBuilder.mapOf(AbstractBuilder.java:112)
	at de.uka.ilkd.key.nparser.builder.IncludeFinder.visitOne_include_statement(IncludeFinder.java:35)
	at de.uka.ilkd.key.nparser.builder.IncludeFinder.visitOne_include_statement(IncludeFinder.java:20)
	at de.uka.ilkd.key.nparser.KeYParser$One_include_statementContext.accept(KeYParser.java:802)
	at org.antlr.v4.runtime.tree.AbstractParseTreeVisitor.visitChildren(AbstractParseTreeVisitor.java:46)
	at de.uka.ilkd.key.nparser.KeYParserBaseVisitor.visitDecls(KeYParserBaseVisitor.java:30)
	at de.uka.ilkd.key.nparser.KeYParser$DeclsContext.accept(KeYParser.java:500)
	at org.antlr.v4.runtime.tree.AbstractParseTreeVisitor.visitChildren(AbstractParseTreeVisitor.java:46)
	at de.uka.ilkd.key.nparser.KeYParserBaseVisitor.visitFile(KeYParserBaseVisitor.java:23)
	at de.uka.ilkd.key.nparser.KeYParser$FileContext.accept(KeYParser.java:306)
	at de.uka.ilkd.key.nparser.KeyAst.accept(KeyAst.java:41)
	at de.uka.ilkd.key.nparser.KeyAst$File.getIncludes(KeyAst.java:76)
	at de.uka.ilkd.key.proof.io.KeYFile.readIncludes(KeYFile.java:208)
	... 14 more
Could not find rule file rules/intRulesCheckedSemantics.key (file: /home/runner/work/key/key/key.core/../key.ui/examples/index/.././standard_key/strings/stringEquality2.key; caused by: de.uka.ilkd.key.proof.init.ProofInputException: Could not find rule file rules/intRulesCheckedSemantics.key)
	at de.uka.ilkd.key.control.AbstractUserInterfaceControl.load(AbstractUserInterfaceControl.java:221)
	at de.uka.ilkd.key.control.KeYEnvironment.load(KeYEnvironment.java:251)
	at de.uka.ilkd.key.control.KeYEnvironment.load(KeYEnvironment.java:224)
	at de.uka.ilkd.key.control.KeYEnvironment.load(KeYEnvironment.java:184)
	at de.uka.ilkd.key.control.KeYEnvironment.load(KeYEnvironment.java:261)
	at de.uka.ilkd.key.proof.runallproofs.proofcollection.TestFile.load(TestFile.java:270)
	at de.uka.ilkd.key.proof.runallproofs.proofcollection.TestFile.runKey(TestFile.java:160)
	at de.uka.ilkd.key.proof.runallproofs.proofcollection.ForkedTestFileRunner.main(ForkedTestFileRunner.java:171)
Caused by: de.uka.ilkd.key.proof.init.ProofInputException: Could not find rule file rules/intRulesCheckedSemantics.key
	at de.uka.ilkd.key.proof.io.KeYFile.readIncludes(KeYFile.java:210)
	at de.uka.ilkd.key.proof.init.ProblemInitializer.readIncludes(ProblemInitializer.java:177)
	at de.uka.ilkd.key.proof.init.ProblemInitializer.readEnvInput(ProblemInitializer.java:325)
	at de.uka.ilkd.key.proof.init.ProblemInitializer.prepare(ProblemInitializer.java:449)
	at de.uka.ilkd.key.proof.io.AbstractProblemLoader.createInitConfig(AbstractProblemLoader.java:518)
	at de.uka.ilkd.key.proof.io.AbstractProblemLoader.loadEnvironment(AbstractProblemLoader.java:288)
	at de.uka.ilkd.key.proof.io.AbstractProblemLoader.load(AbstractProblemLoader.java:252)
	at de.uka.ilkd.key.control.AbstractUserInterfaceControl.load(AbstractUserInterfaceControl.java:209)
	... 7 more
Caused by: java.lang.RuntimeException: Could not find rule file rules/intRulesCheckedSemantics.key
	at de.uka.ilkd.key.proof.io.RuleSourceFactory.fromBuiltInRule(RuleSourceFactory.java:32)
	at de.uka.ilkd.key.proof.io.RuleSourceFactory.fromDefaultLocation(RuleSourceFactory.java:21)
	at de.uka.ilkd.key.nparser.builder.IncludeFinder.addInclude(IncludeFinder.java:63)
	at de.uka.ilkd.key.nparser.builder.IncludeFinder.visitOne_include(IncludeFinder.java:43)
	at de.uka.ilkd.key.nparser.builder.IncludeFinder.visitOne_include(IncludeFinder.java:20)
	at de.uka.ilkd.key.nparser.KeYParser$One_includeContext.accept(KeYParser.java:878)
	at de.uka.ilkd.key.nparser.builder.AbstractBuilder.lambda$mapOf$0(AbstractBuilder.java:112)
	at java.base/java.util.stream.ReferencePipeline$3$1.accept(ReferencePipeline.java:195)
	at java.base/java.util.ArrayList$ArrayListSpliterator.forEachRemaining(ArrayList.java:1655)
	at java.base/java.util.stream.AbstractPipeline.copyInto(AbstractPipeline.java:484)
	at java.base/java.util.stream.AbstractPipeline.wrapAndCopyInto(AbstractPipeline.java:474)
	at java.base/java.util.stream.ReduceOps$ReduceOp.evaluateSequential(ReduceOps.java:913)
	at java.base/java.util.stream.AbstractPipeline.evaluate(AbstractPipeline.java:234)
	at java.base/java.util.stream.ReferencePipeline.collect(ReferencePipeline.java:578)
	at de.uka.ilkd.key.nparser.builder.AbstractBuilder.mapOf(AbstractBuilder.java:112)
	at de.uka.ilkd.key.nparser.builder.IncludeFinder.visitOne_include_statement(IncludeFinder.java:35)
	at de.uka.ilkd.key.nparser.builder.IncludeFinder.visitOne_include_statement(IncludeFinder.java:20)
	at de.uka.ilkd.key.nparser.KeYParser$One_include_statementContext.accept(KeYParser.java:802)
	at org.antlr.v4.runtime.tree.AbstractParseTreeVisitor.visitChildren(AbstractParseTreeVisitor.java:46)
	at de.uka.ilkd.key.nparser.KeYParserBaseVisitor.visitDecls(KeYParserBaseVisitor.java:30)
	at de.uka.ilkd.key.nparser.KeYParser$DeclsContext.accept(KeYParser.java:500)
	at org.antlr.v4.runtime.tree.AbstractParseTreeVisitor.visitChildren(AbstractParseTreeVisitor.java:46)
	at de.uka.ilkd.key.nparser.KeYParserBaseVisitor.visitFile(KeYParserBaseVisitor.java:23)
	at de.uka.ilkd.key.nparser.KeYParser$FileContext.accept(KeYParser.java:306)
	at de.uka.ilkd.key.nparser.KeyAst.accept(KeyAst.java:41)
	at de.uka.ilkd.key.nparser.KeyAst$File.getIncludes(KeyAst.java:76)
	at de.uka.ilkd.key.proof.io.KeYFile.readIncludes(KeYFile.java:208)
	... 14 more
Could not find rule file rules/intRulesCheckedSemantics.key (file: /home/runner/work/key/key/key.core/../key.ui/examples/index/.././standard_key/strings/substring0.key; caused by: de.uka.ilkd.key.proof.init.ProofInputException: Could not find rule file rules/intRulesCheckedSemantics.key)
	at de.uka.ilkd.key.control.AbstractUserInterfaceControl.load(AbstractUserInterfaceControl.java:221)
	at de.uka.ilkd.key.control.KeYEnvironment.load(KeYEnvironment.java:251)
	at de.uka.ilkd.key.control.KeYEnvironment.load(KeYEnvironment.java:224)
	at de.uka.ilkd.key.control.KeYEnvironment.load(KeYEnvironment.java:184)
	at de.uka.ilkd.key.control.KeYEnvironment.load(KeYEnvironment.java:261)
	at de.uka.ilkd.key.proof.runallproofs.proofcollection.TestFile.load(TestFile.java:270)
	at de.uka.ilkd.key.proof.runallproofs.proofcollection.TestFile.runKey(TestFile.java:160)
	at de.uka.ilkd.key.proof.runallproofs.proofcollection.ForkedTestFileRunner.main(ForkedTestFileRunner.java:171)
Caused by: de.uka.ilkd.key.proof.init.ProofInputException: Could not find rule file rules/intRulesCheckedSemantics.key
	at de.uka.ilkd.key.proof.io.KeYFile.readIncludes(KeYFile.java:210)
	at de.uka.ilkd.key.proof.init.ProblemInitializer.readIncludes(ProblemInitializer.java:177)
	at de.uka.ilkd.key.proof.init.ProblemInitializer.readEnvInput(ProblemInitializer.java:325)
	at de.uka.ilkd.key.proof.init.ProblemInitializer.prepare(ProblemInitializer.java:449)
	at de.uka.ilkd.key.proof.io.AbstractProblemLoader.createInitConfig(AbstractProblemLoader.java:518)
	at de.uka.ilkd.key.proof.io.AbstractProblemLoader.loadEnvironment(AbstractProblemLoader.java:288)
	at de.uka.ilkd.key.proof.io.AbstractProblemLoader.load(AbstractProblemLoader.java:252)
	at de.uka.ilkd.key.control.AbstractUserInterfaceControl.load(AbstractUserInterfaceControl.java:209)
	... 7 more
Caused by: java.lang.RuntimeException: Could not find rule file rules/intRulesCheckedSemantics.key
	at de.uka.ilkd.key.proof.io.RuleSourceFactory.fromBuiltInRule(RuleSourceFactory.java:32)
	at de.uka.ilkd.key.proof.io.RuleSourceFactory.fromDefaultLocation(RuleSourceFactory.java:21)
	at de.uka.ilkd.key.nparser.builder.IncludeFinder.addInclude(IncludeFinder.java:63)
	at de.uka.ilkd.key.nparser.builder.IncludeFinder.visitOne_include(IncludeFinder.java:43)
	at de.uka.ilkd.key.nparser.builder.IncludeFinder.visitOne_include(IncludeFinder.java:20)
	at de.uka.ilkd.key.nparser.KeYParser$One_includeContext.accept(KeYParser.java:878)
	at de.uka.ilkd.key.nparser.builder.AbstractBuilder.lambda$mapOf$0(AbstractBuilder.java:112)
	at java.base/java.util.stream.ReferencePipeline$3$1.accept(ReferencePipeline.java:195)
	at java.base/java.util.ArrayList$ArrayListSpliterator.forEachRemaining(ArrayList.java:1655)
	at java.base/java.util.stream.AbstractPipeline.copyInto(AbstractPipeline.java:484)
	at java.base/java.util.stream.AbstractPipeline.wrapAndCopyInto(AbstractPipeline.java:474)
	at java.base/java.util.stream.ReduceOps$ReduceOp.evaluateSequential(ReduceOps.java:913)
	at java.base/java.util.stream.AbstractPipeline.evaluate(AbstractPipeline.java:234)
	at java.base/java.util.stream.ReferencePipeline.collect(ReferencePipeline.java:578)
	at de.uka.ilkd.key.nparser.builder.AbstractBuilder.mapOf(AbstractBuilder.java:112)
	at de.uka.ilkd.key.nparser.builder.IncludeFinder.visitOne_include_statement(IncludeFinder.java:35)
	at de.uka.ilkd.key.nparser.builder.IncludeFinder.visitOne_include_statement(IncludeFinder.java:20)
	at de.uka.ilkd.key.nparser.KeYParser$One_include_statementContext.accept(KeYParser.java:802)
	at org.antlr.v4.runtime.tree.AbstractParseTreeVisitor.visitChildren(AbstractParseTreeVisitor.java:46)
	at de.uka.ilkd.key.nparser.KeYParserBaseVisitor.visitDecls(KeYParserBaseVisitor.java:30)
	at de.uka.ilkd.key.nparser.KeYParser$DeclsContext.accept(KeYParser.java:500)
	at org.antlr.v4.runtime.tree.AbstractParseTreeVisitor.visitChildren(AbstractParseTreeVisitor.java:46)
	at de.uka.ilkd.key.nparser.KeYParserBaseVisitor.visitFile(KeYParserBaseVisitor.java:23)
	at de.uka.ilkd.key.nparser.KeYParser$FileContext.accept(KeYParser.java:306)
	at de.uka.ilkd.key.nparser.KeyAst.accept(KeyAst.java:41)
	at de.uka.ilkd.key.nparser.KeyAst$File.getIncludes(KeyAst.java:76)
	at de.uka.ilkd.key.proof.io.KeYFile.readIncludes(KeYFile.java:208)
	... 14 more
Could not find rule file rules/intRulesCheckedSemantics.key (file: /home/runner/work/key/key/key.core/../key.ui/examples/index/.././standard_key/strings/substring1.key; caused by: de.uka.ilkd.key.proof.init.ProofInputException: Could not find rule file rules/intRulesCheckedSemantics.key)
	at de.uka.ilkd.key.control.AbstractUserInterfaceControl.load(AbstractUserInterfaceControl.java:221)
	at de.uka.ilkd.key.control.KeYEnvironment.load(KeYEnvironment.java:251)
	at de.uka.ilkd.key.control.KeYEnvironment.load(KeYEnvironment.java:224)
	at de.uka.ilkd.key.control.KeYEnvironment.load(KeYEnvironment.java:184)
	at de.uka.ilkd.key.control.KeYEnvironment.load(KeYEnvironment.java:261)
	at de.uka.ilkd.key.proof.runallproofs.proofcollection.TestFile.load(TestFile.java:270)
	at de.uka.ilkd.key.proof.runallproofs.proofcollection.TestFile.runKey(TestFile.java:160)
	at de.uka.ilkd.key.proof.runallproofs.proofcollection.ForkedTestFileRunner.main(ForkedTestFileRunner.java:171)
Caused by: de.uka.ilkd.key.proof.init.ProofInputException: Could not find rule file rules/intRulesCheckedSemantics.key
	at de.uka.ilkd.key.proof.io.KeYFile.readIncludes(KeYFile.java:210)
	at de.uka.ilkd.key.proof.init.ProblemInitializer.readIncludes(ProblemInitializer.java:177)
	at de.uka.ilkd.key.proof.init.ProblemInitializer.readEnvInput(ProblemInitializer.java:325)
	at de.uka.ilkd.key.proof.init.ProblemInitializer.prepare(ProblemInitializer.java:449)
	at de.uka.ilkd.key.proof.io.AbstractProblemLoader.createInitConfig(AbstractProblemLoader.java:518)
	at de.uka.ilkd.key.proof.io.AbstractProblemLoader.loadEnvironment(AbstractProblemLoader.java:288)
	at de.uka.ilkd.key.proof.io.AbstractProblemLoader.load(AbstractProblemLoader.java:252)
	at de.uka.ilkd.key.control.AbstractUserInterfaceControl.load(AbstractUserInterfaceControl.java:209)
	... 7 more
Caused by: java.lang.RuntimeException: Could not find rule file rules/intRulesCheckedSemantics.key
	at de.uka.ilkd.key.proof.io.RuleSourceFactory.fromBuiltInRule(RuleSourceFactory.java:32)
	at de.uka.ilkd.key.proof.io.RuleSourceFactory.fromDefaultLocation(RuleSourceFactory.java:21)
	at de.uka.ilkd.key.nparser.builder.IncludeFinder.addInclude(IncludeFinder.java:63)
	at de.uka.ilkd.key.nparser.builder.IncludeFinder.visitOne_include(IncludeFinder.java:43)
	at de.uka.ilkd.key.nparser.builder.IncludeFinder.visitOne_include(IncludeFinder.java:20)
	at de.uka.ilkd.key.nparser.KeYParser$One_includeContext.accept(KeYParser.java:878)
	at de.uka.ilkd.key.nparser.builder.AbstractBuilder.lambda$mapOf$0(AbstractBuilder.java:112)
	at java.base/java.util.stream.ReferencePipeline$3$1.accept(ReferencePipeline.java:195)
	at java.base/java.util.ArrayList$ArrayListSpliterator.forEachRemaining(ArrayList.java:1655)
	at java.base/java.util.stream.AbstractPipeline.copyInto(AbstractPipeline.java:484)
	at java.base/java.util.stream.AbstractPipeline.wrapAndCopyInto(AbstractPipeline.java:474)
	at java.base/java.util.stream.ReduceOps$ReduceOp.evaluateSequential(ReduceOps.java:913)
	at java.base/java.util.stream.AbstractPipeline.evaluate(AbstractPipeline.java:234)
	at java.base/java.util.stream.ReferencePipeline.collect(ReferencePipeline.java:578)
	at de.uka.ilkd.key.nparser.builder.AbstractBuilder.mapOf(AbstractBuilder.java:112)
	at de.uka.ilkd.key.nparser.builder.IncludeFinder.visitOne_include_statement(IncludeFinder.java:35)
	at de.uka.ilkd.key.nparser.builder.IncludeFinder.visitOne_include_statement(IncludeFinder.java:20)
	at de.uka.ilkd.key.nparser.KeYParser$One_include_statementContext.accept(KeYParser.java:802)
	at org.antlr.v4.runtime.tree.AbstractParseTreeVisitor.visitChildren(AbstractParseTreeVisitor.java:46)
	at de.uka.ilkd.key.nparser.KeYParserBaseVisitor.visitDecls(KeYParserBaseVisitor.java:30)
	at de.uka.ilkd.key.nparser.KeYParser$DeclsContext.accept(KeYParser.java:500)
	at org.antlr.v4.runtime.tree.AbstractParseTreeVisitor.visitChildren(AbstractParseTreeVisitor.java:46)
	at de.uka.ilkd.key.nparser.KeYParserBaseVisitor.visitFile(KeYParserBaseVisitor.java:23)
	at de.uka.ilkd.key.nparser.KeYParser$FileContext.accept(KeYParser.java:306)
	at de.uka.ilkd.key.nparser.KeyAst.accept(KeyAst.java:41)
	at de.uka.ilkd.key.nparser.KeyAst$File.getIncludes(KeyAst.java:76)
	at de.uka.ilkd.key.proof.io.KeYFile.readIncludes(KeYFile.java:208)
	... 14 more
Could not find rule file rules/intRulesCheckedSemantics.key (file: /home/runner/work/key/key/key.core/../key.ui/examples/index/.././standard_key/strings/substring2.key; caused by: de.uka.ilkd.key.proof.init.ProofInputException: Could not find rule file rules/intRulesCheckedSemantics.key)
	at de.uka.ilkd.key.control.AbstractUserInterfaceControl.load(AbstractUserInterfaceControl.java:221)
	at de.uka.ilkd.key.control.KeYEnvironment.load(KeYEnvironment.java:251)
	at de.uka.ilkd.key.control.KeYEnvironment.load(KeYEnvironment.java:224)
	at de.uka.ilkd.key.control.KeYEnvironment.load(KeYEnvironment.java:184)
	at de.uka.ilkd.key.control.KeYEnvironment.load(KeYEnvironment.java:261)
	at de.uka.ilkd.key.proof.runallproofs.proofcollection.TestFile.load(TestFile.java:270)
	at de.uka.ilkd.key.proof.runallproofs.proofcollection.TestFile.runKey(TestFile.java:160)
	at de.uka.ilkd.key.proof.runallproofs.proofcollection.ForkedTestFileRunner.main(ForkedTestFileRunner.java:171)
Caused by: de.uka.ilkd.key.proof.init.ProofInputException: Could not find rule file rules/intRulesCheckedSemantics.key
	at de.uka.ilkd.key.proof.io.KeYFile.readIncludes(KeYFile.java:210)
	at de.uka.ilkd.key.proof.init.ProblemInitializer.readIncludes(ProblemInitializer.java:177)
	at de.uka.ilkd.key.proof.init.ProblemInitializer.readEnvInput(ProblemInitializer.java:325)
	at de.uka.ilkd.key.proof.init.ProblemInitializer.prepare(ProblemInitializer.java:449)
	at de.uka.ilkd.key.proof.io.AbstractProblemLoader.createInitConfig(AbstractProblemLoader.java:518)
	at de.uka.ilkd.key.proof.io.AbstractProblemLoader.loadEnvironment(AbstractProblemLoader.java:288)
	at de.uka.ilkd.key.proof.io.AbstractProblemLoader.load(AbstractProblemLoader.java:252)
	at de.uka.ilkd.key.control.AbstractUserInterfaceControl.load(AbstractUserInterfaceControl.java:209)
	... 7 more
Caused by: java.lang.RuntimeException: Could not find rule file rules/intRulesCheckedSemantics.key
	at de.uka.ilkd.key.proof.io.RuleSourceFactory.fromBuiltInRule(RuleSourceFactory.java:32)
	at de.uka.ilkd.key.proof.io.RuleSourceFactory.fromDefaultLocation(RuleSourceFactory.java:21)
	at de.uka.ilkd.key.nparser.builder.IncludeFinder.addInclude(IncludeFinder.java:63)
	at de.uka.ilkd.key.nparser.builder.IncludeFinder.visitOne_include(IncludeFinder.java:43)
	at de.uka.ilkd.key.nparser.builder.IncludeFinder.visitOne_include(IncludeFinder.java:20)
	at de.uka.ilkd.key.nparser.KeYParser$One_includeContext.accept(KeYParser.java:878)
	at de.uka.ilkd.key.nparser.builder.AbstractBuilder.lambda$mapOf$0(AbstractBuilder.java:112)
	at java.base/java.util.stream.ReferencePipeline$3$1.accept(ReferencePipeline.java:195)
	at java.base/java.util.ArrayList$ArrayListSpliterator.forEachRemaining(ArrayList.java:1655)
	at java.base/java.util.stream.AbstractPipeline.copyInto(AbstractPipeline.java:484)
	at java.base/java.util.stream.AbstractPipeline.wrapAndCopyInto(AbstractPipeline.java:474)
	at java.base/java.util.stream.ReduceOps$ReduceOp.evaluateSequential(ReduceOps.java:913)
	at java.base/java.util.stream.AbstractPipeline.evaluate(AbstractPipeline.java:234)
	at java.base/java.util.stream.ReferencePipeline.collect(ReferencePipeline.java:578)
	at de.uka.ilkd.key.nparser.builder.AbstractBuilder.mapOf(AbstractBuilder.java:112)
	at de.uka.ilkd.key.nparser.builder.IncludeFinder.visitOne_include_statement(IncludeFinder.java:35)
	at de.uka.ilkd.key.nparser.builder.IncludeFinder.visitOne_include_statement(IncludeFinder.java:20)
	at de.uka.ilkd.key.nparser.KeYParser$One_include_statementContext.accept(KeYParser.java:802)
	at org.antlr.v4.runtime.tree.AbstractParseTreeVisitor.visitChildren(AbstractParseTreeVisitor.java:46)
	at de.uka.ilkd.key.nparser.KeYParserBaseVisitor.visitDecls(KeYParserBaseVisitor.java:30)
	at de.uka.ilkd.key.nparser.KeYParser$DeclsContext.accept(KeYParser.java:500)
	at org.antlr.v4.runtime.tree.AbstractParseTreeVisitor.visitChildren(AbstractParseTreeVisitor.java:46)
	at de.uka.ilkd.key.nparser.KeYParserBaseVisitor.visitFile(KeYParserBaseVisitor.java:23)
	at de.uka.ilkd.key.nparser.KeYParser$FileContext.accept(KeYParser.java:306)
	at de.uka.ilkd.key.nparser.KeyAst.accept(KeyAst.java:41)
	at de.uka.ilkd.key.nparser.KeyAst$File.getIncludes(KeyAst.java:76)
	at de.uka.ilkd.key.proof.io.KeYFile.readIncludes(KeYFile.java:208)
	... 14 more
Could not find rule file rules/intRulesCheckedSemantics.key (file: /home/runner/work/key/key/key.core/../key.ui/examples/index/.././standard_key/strings/substring3.key; caused by: de.uka.ilkd.key.proof.init.ProofInputException: Could not find rule file rules/intRulesCheckedSemantics.key)
	at de.uka.ilkd.key.control.AbstractUserInterfaceControl.load(AbstractUserInterfaceControl.java:221)
	at de.uka.ilkd.key.control.KeYEnvironment.load(KeYEnvironment.java:251)
	at de.uka.ilkd.key.control.KeYEnvironment.load(KeYEnvironment.java:224)
	at de.uka.ilkd.key.control.KeYEnvironment.load(KeYEnvironment.java:184)
	at de.uka.ilkd.key.control.KeYEnvironment.load(KeYEnvironment.java:261)
	at de.uka.ilkd.key.proof.runallproofs.proofcollection.TestFile.load(TestFile.java:270)
	at de.uka.ilkd.key.proof.runallproofs.proofcollection.TestFile.runKey(TestFile.java:160)
	at de.uka.ilkd.key.proof.runallproofs.proofcollection.ForkedTestFileRunner.main(ForkedTestFileRunner.java:171)
Caused by: de.uka.ilkd.key.proof.init.ProofInputException: Could not find rule file rules/intRulesCheckedSemantics.key
	at de.uka.ilkd.key.proof.io.KeYFile.readIncludes(KeYFile.java:210)
	at de.uka.ilkd.key.proof.init.ProblemInitializer.readIncludes(ProblemInitializer.java:177)
	at de.uka.ilkd.key.proof.init.ProblemInitializer.readEnvInput(ProblemInitializer.java:325)
	at de.uka.ilkd.key.proof.init.ProblemInitializer.prepare(ProblemInitializer.java:449)
	at de.uka.ilkd.key.proof.io.AbstractProblemLoader.createInitConfig(AbstractProblemLoader.java:518)
	at de.uka.ilkd.key.proof.io.AbstractProblemLoader.loadEnvironment(AbstractProblemLoader.java:288)
	at de.uka.ilkd.key.proof.io.AbstractProblemLoader.load(AbstractProblemLoader.java:252)
	at de.uka.ilkd.key.control.AbstractUserInterfaceControl.load(AbstractUserInterfaceControl.java:209)
	... 7 more
Caused by: java.lang.RuntimeException: Could not find rule file rules/intRulesCheckedSemantics.key
	at de.uka.ilkd.key.proof.io.RuleSourceFactory.fromBuiltInRule(RuleSourceFactory.java:32)
	at de.uka.ilkd.key.proof.io.RuleSourceFactory.fromDefaultLocation(RuleSourceFactory.java:21)
	at de.uka.ilkd.key.nparser.builder.IncludeFinder.addInclude(IncludeFinder.java:63)
	at de.uka.ilkd.key.nparser.builder.IncludeFinder.visitOne_include(IncludeFinder.java:43)
	at de.uka.ilkd.key.nparser.builder.IncludeFinder.visitOne_include(IncludeFinder.java:20)
	at de.uka.ilkd.key.nparser.KeYParser$One_includeContext.accept(KeYParser.java:878)
	at de.uka.ilkd.key.nparser.builder.AbstractBuilder.lambda$mapOf$0(AbstractBuilder.java:112)
	at java.base/java.util.stream.ReferencePipeline$3$1.accept(ReferencePipeline.java:195)
	at java.base/java.util.ArrayList$ArrayListSpliterator.forEachRemaining(ArrayList.java:1655)
	at java.base/java.util.stream.AbstractPipeline.copyInto(AbstractPipeline.java:484)
	at java.base/java.util.stream.AbstractPipeline.wrapAndCopyInto(AbstractPipeline.java:474)
	at java.base/java.util.stream.ReduceOps$ReduceOp.evaluateSequential(ReduceOps.java:913)
	at java.base/java.util.stream.AbstractPipeline.evaluate(AbstractPipeline.java:234)
	at java.base/java.util.stream.ReferencePipeline.collect(ReferencePipeline.java:578)
	at de.uka.ilkd.key.nparser.builder.AbstractBuilder.mapOf(AbstractBuilder.java:112)
	at de.uka.ilkd.key.nparser.builder.IncludeFinder.visitOne_include_statement(IncludeFinder.java:35)
	at de.uka.ilkd.key.nparser.builder.IncludeFinder.visitOne_include_statement(IncludeFinder.java:20)
	at de.uka.ilkd.key.nparser.KeYParser$One_include_statementContext.accept(KeYParser.java:802)
	at org.antlr.v4.runtime.tree.AbstractParseTreeVisitor.visitChildren(AbstractParseTreeVisitor.java:46)
	at de.uka.ilkd.key.nparser.KeYParserBaseVisitor.visitDecls(KeYParserBaseVisitor.java:30)
	at de.uka.ilkd.key.nparser.KeYParser$DeclsContext.accept(KeYParser.java:500)
	at org.antlr.v4.runtime.tree.AbstractParseTreeVisitor.visitChildren(AbstractParseTreeVisitor.java:46)
	at de.uka.ilkd.key.nparser.KeYParserBaseVisitor.visitFile(KeYParserBaseVisitor.java:23)
	at de.uka.ilkd.key.nparser.KeYParser$FileContext.accept(KeYParser.java:306)
	at de.uka.ilkd.key.nparser.KeyAst.accept(KeyAst.java:41)
	at de.uka.ilkd.key.nparser.KeyAst$File.getIncludes(KeyAst.java:76)
	at de.uka.ilkd.key.proof.io.KeYFile.readIncludes(KeYFile.java:208)
	... 14 more
Could not find rule file rules/intRulesCheckedSemantics.key (file: /home/runner/work/key/key/key.core/../key.ui/examples/index/.././standard_key/strings/substring4.key; caused by: de.uka.ilkd.key.proof.init.ProofInputException: Could not find rule file rules/intRulesCheckedSemantics.key)
	at de.uka.ilkd.key.control.AbstractUserInterfaceControl.load(AbstractUserInterfaceControl.java:221)
	at de.uka.ilkd.key.control.KeYEnvironment.load(KeYEnvironment.java:251)
	at de.uka.ilkd.key.control.KeYEnvironment.load(KeYEnvironment.java:224)
	at de.uka.ilkd.key.control.KeYEnvironment.load(KeYEnvironment.java:184)
	at de.uka.ilkd.key.control.KeYEnvironment.load(KeYEnvironment.java:261)
	at de.uka.ilkd.key.proof.runallproofs.proofcollection.TestFile.load(TestFile.java:270)
	at de.uka.ilkd.key.proof.runallproofs.proofcollection.TestFile.runKey(TestFile.java:160)
	at de.uka.ilkd.key.proof.runallproofs.proofcollection.ForkedTestFileRunner.main(ForkedTestFileRunner.java:171)
Caused by: de.uka.ilkd.key.proof.init.ProofInputException: Could not find rule file rules/intRulesCheckedSemantics.key
	at de.uka.ilkd.key.proof.io.KeYFile.readIncludes(KeYFile.java:210)
	at de.uka.ilkd.key.proof.init.ProblemInitializer.readIncludes(ProblemInitializer.java:177)
	at de.uka.ilkd.key.proof.init.ProblemInitializer.readEnvInput(ProblemInitializer.java:325)
	at de.uka.ilkd.key.proof.init.ProblemInitializer.prepare(ProblemInitializer.java:449)
	at de.uka.ilkd.key.proof.io.AbstractProblemLoader.createInitConfig(AbstractProblemLoader.java:518)
	at de.uka.ilkd.key.proof.io.AbstractProblemLoader.loadEnvironment(AbstractProblemLoader.java:288)
	at de.uka.ilkd.key.proof.io.AbstractProblemLoader.load(AbstractProblemLoader.java:252)
	at de.uka.ilkd.key.control.AbstractUserInterfaceControl.load(AbstractUserInterfaceControl.java:209)
	... 7 more
Caused by: java.lang.RuntimeException: Could not find rule file rules/intRulesCheckedSemantics.key
	at de.uka.ilkd.key.proof.io.RuleSourceFactory.fromBuiltInRule(RuleSourceFactory.java:32)
	at de.uka.ilkd.key.proof.io.RuleSourceFactory.fromDefaultLocation(RuleSourceFactory.java:21)
	at de.uka.ilkd.key.nparser.builder.IncludeFinder.addInclude(IncludeFinder.java:63)
	at de.uka.ilkd.key.nparser.builder.IncludeFinder.visitOne_include(IncludeFinder.java:43)
	at de.uka.ilkd.key.nparser.builder.IncludeFinder.visitOne_include(IncludeFinder.java:20)
	at de.uka.ilkd.key.nparser.KeYParser$One_includeContext.accept(KeYParser.java:878)
	at de.uka.ilkd.key.nparser.builder.AbstractBuilder.lambda$mapOf$0(AbstractBuilder.java:112)
	at java.base/java.util.stream.ReferencePipeline$3$1.accept(ReferencePipeline.java:195)
	at java.base/java.util.ArrayList$ArrayListSpliterator.forEachRemaining(ArrayList.java:1655)
	at java.base/java.util.stream.AbstractPipeline.copyInto(AbstractPipeline.java:484)
	at java.base/java.util.stream.AbstractPipeline.wrapAndCopyInto(AbstractPipeline.java:474)
	at java.base/java.util.stream.ReduceOps$ReduceOp.evaluateSequential(ReduceOps.java:913)
	at java.base/java.util.stream.AbstractPipeline.evaluate(AbstractPipeline.java:234)
	at java.base/java.util.stream.ReferencePipeline.collect(ReferencePipeline.java:578)
	at de.uka.ilkd.key.nparser.builder.AbstractBuilder.mapOf(AbstractBuilder.java:112)
	at de.uka.ilkd.key.nparser.builder.IncludeFinder.visitOne_include_statement(IncludeFinder.java:35)
	at de.uka.ilkd.key.nparser.builder.IncludeFinder.visitOne_include_statement(IncludeFinder.java:20)
	at de.uka.ilkd.key.nparser.KeYParser$One_include_statementContext.accept(KeYParser.java:802)
	at org.antlr.v4.runtime.tree.AbstractParseTreeVisitor.visitChildren(AbstractParseTreeVisitor.java:46)
	at de.uka.ilkd.key.nparser.KeYParserBaseVisitor.visitDecls(KeYParserBaseVisitor.java:30)
	at de.uka.ilkd.key.nparser.KeYParser$DeclsContext.accept(KeYParser.java:500)
	at org.antlr.v4.runtime.tree.AbstractParseTreeVisitor.visitChildren(AbstractParseTreeVisitor.java:46)
	at de.uka.ilkd.key.nparser.KeYParserBaseVisitor.visitFile(KeYParserBaseVisitor.java:23)
	at de.uka.ilkd.key.nparser.KeYParser$FileContext.accept(KeYParser.java:306)
	at de.uka.ilkd.key.nparser.KeyAst.accept(KeyAst.java:41)
	at de.uka.ilkd.key.nparser.KeyAst$File.getIncludes(KeyAst.java:76)
	at de.uka.ilkd.key.proof.io.KeYFile.readIncludes(KeYFile.java:208)
	... 14 more
Could not find rule file rules/intRulesCheckedSemantics.key (file: /home/runner/work/key/key/key.core/../key.ui/examples/index/.././standard_key/strings/substring5.key; caused by: de.uka.ilkd.key.proof.init.ProofInputException: Could not find rule file rules/intRulesCheckedSemantics.key)
	at de.uka.ilkd.key.control.AbstractUserInterfaceControl.load(AbstractUserInterfaceControl.java:221)
	at de.uka.ilkd.key.control.KeYEnvironment.load(KeYEnvironment.java:251)
	at de.uka.ilkd.key.control.KeYEnvironment.load(KeYEnvironment.java:224)
	at de.uka.ilkd.key.control.KeYEnvironment.load(KeYEnvironment.java:184)
	at de.uka.ilkd.key.control.KeYEnvironment.load(KeYEnvironment.java:261)
	at de.uka.ilkd.key.proof.runallproofs.proofcollection.TestFile.load(TestFile.java:270)
	at de.uka.ilkd.key.proof.runallproofs.proofcollection.TestFile.runKey(TestFile.java:160)
	at de.uka.ilkd.key.proof.runallproofs.proofcollection.ForkedTestFileRunner.main(ForkedTestFileRunner.java:171)
Caused by: de.uka.ilkd.key.proof.init.ProofInputException: Could not find rule file rules/intRulesCheckedSemantics.key
	at de.uka.ilkd.key.proof.io.KeYFile.readIncludes(KeYFile.java:210)
	at de.uka.ilkd.key.proof.init.ProblemInitializer.readIncludes(ProblemInitializer.java:177)
	at de.uka.ilkd.key.proof.init.ProblemInitializer.readEnvInput(ProblemInitializer.java:325)
	at de.uka.ilkd.key.proof.init.ProblemInitializer.prepare(ProblemInitializer.java:449)
	at de.uka.ilkd.key.proof.io.AbstractProblemLoader.createInitConfig(AbstractProblemLoader.java:518)
	at de.uka.ilkd.key.proof.io.AbstractProblemLoader.loadEnvironment(AbstractProblemLoader.java:288)
	at de.uka.ilkd.key.proof.io.AbstractProblemLoader.load(AbstractProblemLoader.java:252)
	at de.uka.ilkd.key.control.AbstractUserInterfaceControl.load(AbstractUserInterfaceControl.java:209)
	... 7 more
Caused by: java.lang.RuntimeException: Could not find rule file rules/intRulesCheckedSemantics.key
	at de.uka.ilkd.key.proof.io.RuleSourceFactory.fromBuiltInRule(RuleSourceFactory.java:32)
	at de.uka.ilkd.key.proof.io.RuleSourceFactory.fromDefaultLocation(RuleSourceFactory.java:21)
	at de.uka.ilkd.key.nparser.builder.IncludeFinder.addInclude(IncludeFinder.java:63)
	at de.uka.ilkd.key.nparser.builder.IncludeFinder.visitOne_include(IncludeFinder.java:43)
	at de.uka.ilkd.key.nparser.builder.IncludeFinder.visitOne_include(IncludeFinder.java:20)
	at de.uka.ilkd.key.nparser.KeYParser$One_includeContext.accept(KeYParser.java:878)
	at de.uka.ilkd.key.nparser.builder.AbstractBuilder.lambda$mapOf$0(AbstractBuilder.java:112)
	at java.base/java.util.stream.ReferencePipeline$3$1.accept(ReferencePipeline.java:195)
	at java.base/java.util.ArrayList$ArrayListSpliterator.forEachRemaining(ArrayList.java:1655)
	at java.base/java.util.stream.AbstractPipeline.copyInto(AbstractPipeline.java:484)
	at java.base/java.util.stream.AbstractPipeline.wrapAndCopyInto(AbstractPipeline.java:474)
	at java.base/java.util.stream.ReduceOps$ReduceOp.evaluateSequential(ReduceOps.java:913)
	at java.base/java.util.stream.AbstractPipeline.evaluate(AbstractPipeline.java:234)
	at java.base/java.util.stream.ReferencePipeline.collect(ReferencePipeline.java:578)
	at de.uka.ilkd.key.nparser.builder.AbstractBuilder.mapOf(AbstractBuilder.java:112)
	at de.uka.ilkd.key.nparser.builder.IncludeFinder.visitOne_include_statement(IncludeFinder.java:35)
	at de.uka.ilkd.key.nparser.builder.IncludeFinder.visitOne_include_statement(IncludeFinder.java:20)
	at de.uka.ilkd.key.nparser.KeYParser$One_include_statementContext.accept(KeYParser.java:802)
	at org.antlr.v4.runtime.tree.AbstractParseTreeVisitor.visitChildren(AbstractParseTreeVisitor.java:46)
	at de.uka.ilkd.key.nparser.KeYParserBaseVisitor.visitDecls(KeYParserBaseVisitor.java:30)
	at de.uka.ilkd.key.nparser.KeYParser$DeclsContext.accept(KeYParser.java:500)
	at org.antlr.v4.runtime.tree.AbstractParseTreeVisitor.visitChildren(AbstractParseTreeVisitor.java:46)
	at de.uka.ilkd.key.nparser.KeYParserBaseVisitor.visitFile(KeYParserBaseVisitor.java:23)
	at de.uka.ilkd.key.nparser.KeYParser$FileContext.accept(KeYParser.java:306)
	at de.uka.ilkd.key.nparser.KeyAst.accept(KeyAst.java:41)
	at de.uka.ilkd.key.nparser.KeyAst$File.getIncludes(KeyAst.java:76)
	at de.uka.ilkd.key.proof.io.KeYFile.readIncludes(KeYFile.java:208)
	... 14 more
Exception in thread "main" org.opentest4j.AssertionFailedError: Exception during the execution of proofs. See log for more details.
	at org.junit.jupiter.api.AssertionUtils.fail(AssertionUtils.java:39)
	at org.junit.jupiter.api.Assertions.fail(Assertions.java:134)
	at de.uka.ilkd.key.proof.runallproofs.proofcollection.ForkedTestFileRunner.main(ForkedTestFileRunner.java:192)
Timeout watcher launched (2000 secs.)
Could not find rule file rules/intRulesCheckedSemantics.key (file: /home/runner/work/key/key/key.core/../key.ui/examples/index/.././heap/information_flow/UpdateAbstraction_ex7_1_insecure.key; caused by: de.uka.ilkd.key.proof.init.ProofInputException: Could not find rule file rules/intRulesCheckedSemantics.key)
	at de.uka.ilkd.key.control.AbstractUserInterfaceControl.load(AbstractUserInterfaceControl.java:221)
	at de.uka.ilkd.key.control.KeYEnvironment.load(KeYEnvironment.java:251)
	at de.uka.ilkd.key.control.KeYEnvironment.load(KeYEnvironment.java:224)
	at de.uka.ilkd.key.control.KeYEnvironment.load(KeYEnvironment.java:184)
	at de.uka.ilkd.key.control.KeYEnvironment.load(KeYEnvironment.java:261)
	at de.uka.ilkd.key.proof.runallproofs.proofcollection.TestFile.load(TestFile.java:270)
	at de.uka.ilkd.key.proof.runallproofs.proofcollection.TestFile.runKey(TestFile.java:160)
	at de.uka.ilkd.key.proof.runallproofs.proofcollection.ForkedTestFileRunner.main(ForkedTestFileRunner.java:171)
Caused by: de.uka.ilkd.key.proof.init.ProofInputException: Could not find rule file rules/intRulesCheckedSemantics.key
	at de.uka.ilkd.key.proof.io.KeYFile.readIncludes(KeYFile.java:210)
	at de.uka.ilkd.key.proof.init.ProblemInitializer.readIncludes(ProblemInitializer.java:177)
	at de.uka.ilkd.key.proof.init.ProblemInitializer.readEnvInput(ProblemInitializer.java:325)
	at de.uka.ilkd.key.proof.init.ProblemInitializer.prepare(ProblemInitializer.java:449)
	at de.uka.ilkd.key.proof.io.AbstractProblemLoader.createInitConfig(AbstractProblemLoader.java:518)
	at de.uka.ilkd.key.proof.io.AbstractProblemLoader.loadEnvironment(AbstractProblemLoader.java:288)
	at de.uka.ilkd.key.proof.io.AbstractProblemLoader.load(AbstractProblemLoader.java:252)
	at de.uka.ilkd.key.control.AbstractUserInterfaceControl.load(AbstractUserInterfaceControl.java:209)
	... 7 more
Caused by: java.lang.RuntimeException: Could not find rule file rules/intRulesCheckedSemantics.key
	at de.uka.ilkd.key.proof.io.RuleSourceFactory.fromBuiltInRule(RuleSourceFactory.java:32)
	at de.uka.ilkd.key.proof.io.RuleSourceFactory.fromDefaultLocation(RuleSourceFactory.java:21)
	at de.uka.ilkd.key.nparser.builder.IncludeFinder.addInclude(IncludeFinder.java:63)
	at de.uka.ilkd.key.nparser.builder.IncludeFinder.visitOne_include(IncludeFinder.java:43)
	at de.uka.ilkd.key.nparser.builder.IncludeFinder.visitOne_include(IncludeFinder.java:20)
	at de.uka.ilkd.key.nparser.KeYParser$One_includeContext.accept(KeYParser.java:878)
	at de.uka.ilkd.key.nparser.builder.AbstractBuilder.lambda$mapOf$0(AbstractBuilder.java:112)
	at java.base/java.util.stream.ReferencePipeline$3$1.accept(ReferencePipeline.java:195)
	at java.base/java.util.ArrayList$ArrayListSpliterator.forEachRemaining(ArrayList.java:1655)
	at java.base/java.util.stream.AbstractPipeline.copyInto(AbstractPipeline.java:484)
	at java.base/java.util.stream.AbstractPipeline.wrapAndCopyInto(AbstractPipeline.java:474)
	at java.base/java.util.stream.ReduceOps$ReduceOp.evaluateSequential(ReduceOps.java:913)
	at java.base/java.util.stream.AbstractPipeline.evaluate(AbstractPipeline.java:234)
	at java.base/java.util.stream.ReferencePipeline.collect(ReferencePipeline.java:578)
	at de.uka.ilkd.key.nparser.builder.AbstractBuilder.mapOf(AbstractBuilder.java:112)
	at de.uka.ilkd.key.nparser.builder.IncludeFinder.visitOne_include_statement(IncludeFinder.java:35)
	at de.uka.ilkd.key.nparser.builder.IncludeFinder.visitOne_include_statement(IncludeFinder.java:20)
	at de.uka.ilkd.key.nparser.KeYParser$One_include_statementContext.accept(KeYParser.java:802)
	at org.antlr.v4.runtime.tree.AbstractParseTreeVisitor.visitChildren(AbstractParseTreeVisitor.java:46)
	at de.uka.ilkd.key.nparser.KeYParserBaseVisitor.visitDecls(KeYParserBaseVisitor.java:30)
	at de.uka.ilkd.key.nparser.KeYParser$DeclsContext.accept(KeYParser.java:500)
	at org.antlr.v4.runtime.tree.AbstractParseTreeVisitor.visitChildren(AbstractParseTreeVisitor.java:46)
	at de.uka.ilkd.key.nparser.KeYParserBaseVisitor.visitFile(KeYParserBaseVisitor.java:23)
	at de.uka.ilkd.key.nparser.KeYParser$FileContext.accept(KeYParser.java:306)
	at de.uka.ilkd.key.nparser.KeyAst.accept(KeyAst.java:41)
	at de.uka.ilkd.key.nparser.KeyAst$File.getIncludes(KeyAst.java:76)
	at de.uka.ilkd.key.proof.io.KeYFile.readIncludes(KeYFile.java:208)
	... 14 more
Could not find rule file rules/intRulesCheckedSemantics.key (file: /home/runner/work/key/key/key.core/../key.ui/examples/index/.././heap/information_flow/UpdateAbstraction_ex7_2_insecure.key; caused by: de.uka.ilkd.key.proof.init.ProofInputException: Could not find rule file rules/intRulesCheckedSemantics.key)
	at de.uka.ilkd.key.control.AbstractUserInterfaceControl.load(AbstractUserInterfaceControl.java:221)
	at de.uka.ilkd.key.control.KeYEnvironment.load(KeYEnvironment.java:251)
	at de.uka.ilkd.key.control.KeYEnvironment.load(KeYEnvironment.java:224)
	at de.uka.ilkd.key.control.KeYEnvironment.load(KeYEnvironment.java:184)
	at de.uka.ilkd.key.control.KeYEnvironment.load(KeYEnvironment.java:261)
	at de.uka.ilkd.key.proof.runallproofs.proofcollection.TestFile.load(TestFile.java:270)
	at de.uka.ilkd.key.proof.runallproofs.proofcollection.TestFile.runKey(TestFile.java:160)
	at de.uka.ilkd.key.proof.runallproofs.proofcollection.ForkedTestFileRunner.main(ForkedTestFileRunner.java:171)
Caused by: de.uka.ilkd.key.proof.init.ProofInputException: Could not find rule file rules/intRulesCheckedSemantics.key
	at de.uka.ilkd.key.proof.io.KeYFile.readIncludes(KeYFile.java:210)
	at de.uka.ilkd.key.proof.init.ProblemInitializer.readIncludes(ProblemInitializer.java:177)
	at de.uka.ilkd.key.proof.init.ProblemInitializer.readEnvInput(ProblemInitializer.java:325)
	at de.uka.ilkd.key.proof.init.ProblemInitializer.prepare(ProblemInitializer.java:449)
	at de.uka.ilkd.key.proof.io.AbstractProblemLoader.createInitConfig(AbstractProblemLoader.java:518)
	at de.uka.ilkd.key.proof.io.AbstractProblemLoader.loadEnvironment(AbstractProblemLoader.java:288)
	at de.uka.ilkd.key.proof.io.AbstractProblemLoader.load(AbstractProblemLoader.java:252)
	at de.uka.ilkd.key.control.AbstractUserInterfaceControl.load(AbstractUserInterfaceControl.java:209)
	... 7 more
Caused by: java.lang.RuntimeException: Could not find rule file rules/intRulesCheckedSemantics.key
	at de.uka.ilkd.key.proof.io.RuleSourceFactory.fromBuiltInRule(RuleSourceFactory.java:32)
	at de.uka.ilkd.key.proof.io.RuleSourceFactory.fromDefaultLocation(RuleSourceFactory.java:21)
	at de.uka.ilkd.key.nparser.builder.IncludeFinder.addInclude(IncludeFinder.java:63)
	at de.uka.ilkd.key.nparser.builder.IncludeFinder.visitOne_include(IncludeFinder.java:43)
	at de.uka.ilkd.key.nparser.builder.IncludeFinder.visitOne_include(IncludeFinder.java:20)
	at de.uka.ilkd.key.nparser.KeYParser$One_includeContext.accept(KeYParser.java:878)
	at de.uka.ilkd.key.nparser.builder.AbstractBuilder.lambda$mapOf$0(AbstractBuilder.java:112)
	at java.base/java.util.stream.ReferencePipeline$3$1.accept(ReferencePipeline.java:195)
	at java.base/java.util.ArrayList$ArrayListSpliterator.forEachRemaining(ArrayList.java:1655)
	at java.base/java.util.stream.AbstractPipeline.copyInto(AbstractPipeline.java:484)
	at java.base/java.util.stream.AbstractPipeline.wrapAndCopyInto(AbstractPipeline.java:474)
	at java.base/java.util.stream.ReduceOps$ReduceOp.evaluateSequential(ReduceOps.java:913)
	at java.base/java.util.stream.AbstractPipeline.evaluate(AbstractPipeline.java:234)
	at java.base/java.util.stream.ReferencePipeline.collect(ReferencePipeline.java:578)
	at de.uka.ilkd.key.nparser.builder.AbstractBuilder.mapOf(AbstractBuilder.java:112)
	at de.uka.ilkd.key.nparser.builder.IncludeFinder.visitOne_include_statement(IncludeFinder.java:35)
	at de.uka.ilkd.key.nparser.builder.IncludeFinder.visitOne_include_statement(IncludeFinder.java:20)
	at de.uka.ilkd.key.nparser.KeYParser$One_include_statementContext.accept(KeYParser.java:802)
	at org.antlr.v4.runtime.tree.AbstractParseTreeVisitor.visitChildren(AbstractParseTreeVisitor.java:46)
	at de.uka.ilkd.key.nparser.KeYParserBaseVisitor.visitDecls(KeYParserBaseVisitor.java:30)
	at de.uka.ilkd.key.nparser.KeYParser$DeclsContext.accept(KeYParser.java:500)
	at org.antlr.v4.runtime.tree.AbstractParseTreeVisitor.visitChildren(AbstractParseTreeVisitor.java:46)
	at de.uka.ilkd.key.nparser.KeYParserBaseVisitor.visitFile(KeYParserBaseVisitor.java:23)
	at de.uka.ilkd.key.nparser.KeYParser$FileContext.accept(KeYParser.java:306)
	at de.uka.ilkd.key.nparser.KeyAst.accept(KeyAst.java:41)
	at de.uka.ilkd.key.nparser.KeyAst$File.getIncludes(KeyAst.java:76)
	at de.uka.ilkd.key.proof.io.KeYFile.readIncludes(KeYFile.java:208)
	... 14 more
Exception in thread "main" org.opentest4j.AssertionFailedError: Exception during the execution of proofs. See log for more details.
	at org.junit.jupiter.api.AssertionUtils.fail(AssertionUtils.java:39)
	at org.junit.jupiter.api.Assertions.fail(Assertions.java:134)
	at de.uka.ilkd.key.proof.runallproofs.proofcollection.ForkedTestFileRunner.main(ForkedTestFileRunner.java:192)
Timeout watcher launched (2000 secs.)
Could not find rule file rules/intRulesCheckedSemantics.key (file: /home/runner/work/key/key/key.core/../key.ui/examples/index/.././heap/model_methods/Cell_footprint_acc.key; caused by: de.uka.ilkd.key.proof.init.ProofInputException: Could not find rule file rules/intRulesCheckedSemantics.key)
	at de.uka.ilkd.key.control.AbstractUserInterfaceControl.load(AbstractUserInterfaceControl.java:221)
	at de.uka.ilkd.key.control.KeYEnvironment.load(KeYEnvironment.java:251)
	at de.uka.ilkd.key.control.KeYEnvironment.load(KeYEnvironment.java:224)
	at de.uka.ilkd.key.control.KeYEnvironment.load(KeYEnvironment.java:184)
	at de.uka.ilkd.key.control.KeYEnvironment.load(KeYEnvironment.java:261)
	at de.uka.ilkd.key.proof.runallproofs.proofcollection.TestFile.load(TestFile.java:270)
	at de.uka.ilkd.key.proof.runallproofs.proofcollection.TestFile.runKey(TestFile.java:160)
	at de.uka.ilkd.key.proof.runallproofs.proofcollection.ForkedTestFileRunner.main(ForkedTestFileRunner.java:171)
Caused by: de.uka.ilkd.key.proof.init.ProofInputException: Could not find rule file rules/intRulesCheckedSemantics.key
	at de.uka.ilkd.key.proof.io.KeYFile.readIncludes(KeYFile.java:210)
	at de.uka.ilkd.key.proof.init.ProblemInitializer.readIncludes(ProblemInitializer.java:177)
	at de.uka.ilkd.key.proof.init.ProblemInitializer.readEnvInput(ProblemInitializer.java:325)
	at de.uka.ilkd.key.proof.init.ProblemInitializer.prepare(ProblemInitializer.java:449)
	at de.uka.ilkd.key.proof.io.AbstractProblemLoader.createInitConfig(AbstractProblemLoader.java:518)
	at de.uka.ilkd.key.proof.io.AbstractProblemLoader.loadEnvironment(AbstractProblemLoader.java:288)
	at de.uka.ilkd.key.proof.io.AbstractProblemLoader.load(AbstractProblemLoader.java:252)
	at de.uka.ilkd.key.control.AbstractUserInterfaceControl.load(AbstractUserInterfaceControl.java:209)
	... 7 more
Caused by: java.lang.RuntimeException: Could not find rule file rules/intRulesCheckedSemantics.key
	at de.uka.ilkd.key.proof.io.RuleSourceFactory.fromBuiltInRule(RuleSourceFactory.java:32)
	at de.uka.ilkd.key.proof.io.RuleSourceFactory.fromDefaultLocation(RuleSourceFactory.java:21)
	at de.uka.ilkd.key.nparser.builder.IncludeFinder.addInclude(IncludeFinder.java:63)
	at de.uka.ilkd.key.nparser.builder.IncludeFinder.visitOne_include(IncludeFinder.java:43)
	at de.uka.ilkd.key.nparser.builder.IncludeFinder.visitOne_include(IncludeFinder.java:20)
	at de.uka.ilkd.key.nparser.KeYParser$One_includeContext.accept(KeYParser.java:878)
	at de.uka.ilkd.key.nparser.builder.AbstractBuilder.lambda$mapOf$0(AbstractBuilder.java:112)
	at java.base/java.util.stream.ReferencePipeline$3$1.accept(ReferencePipeline.java:195)
	at java.base/java.util.ArrayList$ArrayListSpliterator.forEachRemaining(ArrayList.java:1655)
	at java.base/java.util.stream.AbstractPipeline.copyInto(AbstractPipeline.java:484)
	at java.base/java.util.stream.AbstractPipeline.wrapAndCopyInto(AbstractPipeline.java:474)
	at java.base/java.util.stream.ReduceOps$ReduceOp.evaluateSequential(ReduceOps.java:913)
	at java.base/java.util.stream.AbstractPipeline.evaluate(AbstractPipeline.java:234)
	at java.base/java.util.stream.ReferencePipeline.collect(ReferencePipeline.java:578)
	at de.uka.ilkd.key.nparser.builder.AbstractBuilder.mapOf(AbstractBuilder.java:112)
	at de.uka.ilkd.key.nparser.builder.IncludeFinder.visitOne_include_statement(IncludeFinder.java:35)
	at de.uka.ilkd.key.nparser.builder.IncludeFinder.visitOne_include_statement(IncludeFinder.java:20)
	at de.uka.ilkd.key.nparser.KeYParser$One_include_statementContext.accept(KeYParser.java:802)
	at org.antlr.v4.runtime.tree.AbstractParseTreeVisitor.visitChildren(AbstractParseTreeVisitor.java:46)
	at de.uka.ilkd.key.nparser.KeYParserBaseVisitor.visitDecls(KeYParserBaseVisitor.java:30)
	at de.uka.ilkd.key.nparser.KeYParser$DeclsContext.accept(KeYParser.java:500)
	at org.antlr.v4.runtime.tree.AbstractParseTreeVisitor.visitChildren(AbstractParseTreeVisitor.java:46)
	at de.uka.ilkd.key.nparser.KeYParserBaseVisitor.visitFile(KeYParserBaseVisitor.java:23)
	at de.uka.ilkd.key.nparser.KeYParser$FileContext.accept(KeYParser.java:306)
	at de.uka.ilkd.key.nparser.KeyAst.accept(KeyAst.java:41)
	at de.uka.ilkd.key.nparser.KeyAst$File.getIncludes(KeyAst.java:76)
	at de.uka.ilkd.key.proof.io.KeYFile.readIncludes(KeYFile.java:208)
	... 14 more
Could not find rule file rules/intRulesCheckedSemantics.key (file: /home/runner/work/key/key/key.core/../key.ui/examples/index/.././heap/model_methods/Cell_footprint.key; caused by: de.uka.ilkd.key.proof.init.ProofInputException: Could not find rule file rules/intRulesCheckedSemantics.key)
	at de.uka.ilkd.key.control.AbstractUserInterfaceControl.load(AbstractUserInterfaceControl.java:221)
	at de.uka.ilkd.key.control.KeYEnvironment.load(KeYEnvironment.java:251)
	at de.uka.ilkd.key.control.KeYEnvironment.load(KeYEnvironment.java:224)
	at de.uka.ilkd.key.control.KeYEnvironment.load(KeYEnvironment.java:184)
	at de.uka.ilkd.key.control.KeYEnvironment.load(KeYEnvironment.java:261)
	at de.uka.ilkd.key.proof.runallproofs.proofcollection.TestFile.load(TestFile.java:270)
	at de.uka.ilkd.key.proof.runallproofs.proofcollection.TestFile.runKey(TestFile.java:160)
	at de.uka.ilkd.key.proof.runallproofs.proofcollection.ForkedTestFileRunner.main(ForkedTestFileRunner.java:171)
Caused by: de.uka.ilkd.key.proof.init.ProofInputException: Could not find rule file rules/intRulesCheckedSemantics.key
	at de.uka.ilkd.key.proof.io.KeYFile.readIncludes(KeYFile.java:210)
	at de.uka.ilkd.key.proof.init.ProblemInitializer.readIncludes(ProblemInitializer.java:177)
	at de.uka.ilkd.key.proof.init.ProblemInitializer.readEnvInput(ProblemInitializer.java:325)
	at de.uka.ilkd.key.proof.init.ProblemInitializer.prepare(ProblemInitializer.java:449)
	at de.uka.ilkd.key.proof.io.AbstractProblemLoader.createInitConfig(AbstractProblemLoader.java:518)
	at de.uka.ilkd.key.proof.io.AbstractProblemLoader.loadEnvironment(AbstractProblemLoader.java:288)
	at de.uka.ilkd.key.proof.io.AbstractProblemLoader.load(AbstractProblemLoader.java:252)
	at de.uka.ilkd.key.control.AbstractUserInterfaceControl.load(AbstractUserInterfaceControl.java:209)
	... 7 more
Caused by: java.lang.RuntimeException: Could not find rule file rules/intRulesCheckedSemantics.key
	at de.uka.ilkd.key.proof.io.RuleSourceFactory.fromBuiltInRule(RuleSourceFactory.java:32)
	at de.uka.ilkd.key.proof.io.RuleSourceFactory.fromDefaultLocation(RuleSourceFactory.java:21)
	at de.uka.ilkd.key.nparser.builder.IncludeFinder.addInclude(IncludeFinder.java:63)
	at de.uka.ilkd.key.nparser.builder.IncludeFinder.visitOne_include(IncludeFinder.java:43)
	at de.uka.ilkd.key.nparser.builder.IncludeFinder.visitOne_include(IncludeFinder.java:20)
	at de.uka.ilkd.key.nparser.KeYParser$One_includeContext.accept(KeYParser.java:878)
	at de.uka.ilkd.key.nparser.builder.AbstractBuilder.lambda$mapOf$0(AbstractBuilder.java:112)
	at java.base/java.util.stream.ReferencePipeline$3$1.accept(ReferencePipeline.java:195)
	at java.base/java.util.ArrayList$ArrayListSpliterator.forEachRemaining(ArrayList.java:1655)
	at java.base/java.util.stream.AbstractPipeline.copyInto(AbstractPipeline.java:484)
	at java.base/java.util.stream.AbstractPipeline.wrapAndCopyInto(AbstractPipeline.java:474)
	at java.base/java.util.stream.ReduceOps$ReduceOp.evaluateSequential(ReduceOps.java:913)
	at java.base/java.util.stream.AbstractPipeline.evaluate(AbstractPipeline.java:234)
	at java.base/java.util.stream.ReferencePipeline.collect(ReferencePipeline.java:578)
	at de.uka.ilkd.key.nparser.builder.AbstractBuilder.mapOf(AbstractBuilder.java:112)
	at de.uka.ilkd.key.nparser.builder.IncludeFinder.visitOne_include_statement(IncludeFinder.java:35)
	at de.uka.ilkd.key.nparser.builder.IncludeFinder.visitOne_include_statement(IncludeFinder.java:20)
	at de.uka.ilkd.key.nparser.KeYParser$One_include_statementContext.accept(KeYParser.java:802)
	at org.antlr.v4.runtime.tree.AbstractParseTreeVisitor.visitChildren(AbstractParseTreeVisitor.java:46)
	at de.uka.ilkd.key.nparser.KeYParserBaseVisitor.visitDecls(KeYParserBaseVisitor.java:30)
	at de.uka.ilkd.key.nparser.KeYParser$DeclsContext.accept(KeYParser.java:500)
	at org.antlr.v4.runtime.tree.AbstractParseTreeVisitor.visitChildren(AbstractParseTreeVisitor.java:46)
	at de.uka.ilkd.key.nparser.KeYParserBaseVisitor.visitFile(KeYParserBaseVisitor.java:23)
	at de.uka.ilkd.key.nparser.KeYParser$FileContext.accept(KeYParser.java:306)
	at de.uka.ilkd.key.nparser.KeyAst.accept(KeyAst.java:41)
	at de.uka.ilkd.key.nparser.KeyAst$File.getIncludes(KeyAst.java:76)
	at de.uka.ilkd.key.proof.io.KeYFile.readIncludes(KeYFile.java:208)
	... 14 more
Could not find rule file rules/intRulesCheckedSemantics.key (file: /home/runner/work/key/key/key.core/../key.ui/examples/index/.././heap/model_methods/Cell_get_acc.key; caused by: de.uka.ilkd.key.proof.init.ProofInputException: Could not find rule file rules/intRulesCheckedSemantics.key)
	at de.uka.ilkd.key.control.AbstractUserInterfaceControl.load(AbstractUserInterfaceControl.java:221)
	at de.uka.ilkd.key.control.KeYEnvironment.load(KeYEnvironment.java:251)
	at de.uka.ilkd.key.control.KeYEnvironment.load(KeYEnvironment.java:224)
	at de.uka.ilkd.key.control.KeYEnvironment.load(KeYEnvironment.java:184)
	at de.uka.ilkd.key.control.KeYEnvironment.load(KeYEnvironment.java:261)
	at de.uka.ilkd.key.proof.runallproofs.proofcollection.TestFile.load(TestFile.java:270)
	at de.uka.ilkd.key.proof.runallproofs.proofcollection.TestFile.runKey(TestFile.java:160)
	at de.uka.ilkd.key.proof.runallproofs.proofcollection.ForkedTestFileRunner.main(ForkedTestFileRunner.java:171)
Caused by: de.uka.ilkd.key.proof.init.ProofInputException: Could not find rule file rules/intRulesCheckedSemantics.key
	at de.uka.ilkd.key.proof.io.KeYFile.readIncludes(KeYFile.java:210)
	at de.uka.ilkd.key.proof.init.ProblemInitializer.readIncludes(ProblemInitializer.java:177)
	at de.uka.ilkd.key.proof.init.ProblemInitializer.readEnvInput(ProblemInitializer.java:325)
	at de.uka.ilkd.key.proof.init.ProblemInitializer.prepare(ProblemInitializer.java:449)
	at de.uka.ilkd.key.proof.io.AbstractProblemLoader.createInitConfig(AbstractProblemLoader.java:518)
	at de.uka.ilkd.key.proof.io.AbstractProblemLoader.loadEnvironment(AbstractProblemLoader.java:288)
	at de.uka.ilkd.key.proof.io.AbstractProblemLoader.load(AbstractProblemLoader.java:252)
	at de.uka.ilkd.key.control.AbstractUserInterfaceControl.load(AbstractUserInterfaceControl.java:209)
	... 7 more
Caused by: java.lang.RuntimeException: Could not find rule file rules/intRulesCheckedSemantics.key
	at de.uka.ilkd.key.proof.io.RuleSourceFactory.fromBuiltInRule(RuleSourceFactory.java:32)
	at de.uka.ilkd.key.proof.io.RuleSourceFactory.fromDefaultLocation(RuleSourceFactory.java:21)
	at de.uka.ilkd.key.nparser.builder.IncludeFinder.addInclude(IncludeFinder.java:63)
	at de.uka.ilkd.key.nparser.builder.IncludeFinder.visitOne_include(IncludeFinder.java:43)
	at de.uka.ilkd.key.nparser.builder.IncludeFinder.visitOne_include(IncludeFinder.java:20)
	at de.uka.ilkd.key.nparser.KeYParser$One_includeContext.accept(KeYParser.java:878)
	at de.uka.ilkd.key.nparser.builder.AbstractBuilder.lambda$mapOf$0(AbstractBuilder.java:112)
	at java.base/java.util.stream.ReferencePipeline$3$1.accept(ReferencePipeline.java:195)
	at java.base/java.util.ArrayList$ArrayListSpliterator.forEachRemaining(ArrayList.java:1655)
	at java.base/java.util.stream.AbstractPipeline.copyInto(AbstractPipeline.java:484)
	at java.base/java.util.stream.AbstractPipeline.wrapAndCopyInto(AbstractPipeline.java:474)
	at java.base/java.util.stream.ReduceOps$ReduceOp.evaluateSequential(ReduceOps.java:913)
	at java.base/java.util.stream.AbstractPipeline.evaluate(AbstractPipeline.java:234)
	at java.base/java.util.stream.ReferencePipeline.collect(ReferencePipeline.java:578)
	at de.uka.ilkd.key.nparser.builder.AbstractBuilder.mapOf(AbstractBuilder.java:112)
	at de.uka.ilkd.key.nparser.builder.IncludeFinder.visitOne_include_statement(IncludeFinder.java:35)
	at de.uka.ilkd.key.nparser.builder.IncludeFinder.visitOne_include_statement(IncludeFinder.java:20)
	at de.uka.ilkd.key.nparser.KeYParser$One_include_statementContext.accept(KeYParser.java:802)
	at org.antlr.v4.runtime.tree.AbstractParseTreeVisitor.visitChildren(AbstractParseTreeVisitor.java:46)
	at de.uka.ilkd.key.nparser.KeYParserBaseVisitor.visitDecls(KeYParserBaseVisitor.java:30)
	at de.uka.ilkd.key.nparser.KeYParser$DeclsContext.accept(KeYParser.java:500)
	at org.antlr.v4.runtime.tree.AbstractParseTreeVisitor.visitChildren(AbstractParseTreeVisitor.java:46)
	at de.uka.ilkd.key.nparser.KeYParserBaseVisitor.visitFile(KeYParserBaseVisitor.java:23)
	at de.uka.ilkd.key.nparser.KeYParser$FileContext.accept(KeYParser.java:306)
	at de.uka.ilkd.key.nparser.KeyAst.accept(KeyAst.java:41)
	at de.uka.ilkd.key.nparser.KeyAst$File.getIncludes(KeyAst.java:76)
	at de.uka.ilkd.key.proof.io.KeYFile.readIncludes(KeYFile.java:208)
	... 14 more
Could not find rule file rules/intRulesCheckedSemantics.key (file: /home/runner/work/key/key/key.core/../key.ui/examples/index/.././heap/model_methods/Cell_get.key; caused by: de.uka.ilkd.key.proof.init.ProofInputException: Could not find rule file rules/intRulesCheckedSemantics.key)
	at de.uka.ilkd.key.control.AbstractUserInterfaceControl.load(AbstractUserInterfaceControl.java:221)
	at de.uka.ilkd.key.control.KeYEnvironment.load(KeYEnvironment.java:251)
	at de.uka.ilkd.key.control.KeYEnvironment.load(KeYEnvironment.java:224)
	at de.uka.ilkd.key.control.KeYEnvironment.load(KeYEnvironment.java:184)
	at de.uka.ilkd.key.control.KeYEnvironment.load(KeYEnvironment.java:261)
	at de.uka.ilkd.key.proof.runallproofs.proofcollection.TestFile.load(TestFile.java:270)
	at de.uka.ilkd.key.proof.runallproofs.proofcollection.TestFile.runKey(TestFile.java:160)
	at de.uka.ilkd.key.proof.runallproofs.proofcollection.ForkedTestFileRunner.main(ForkedTestFileRunner.java:171)
Caused by: de.uka.ilkd.key.proof.init.ProofInputException: Could not find rule file rules/intRulesCheckedSemantics.key
	at de.uka.ilkd.key.proof.io.KeYFile.readIncludes(KeYFile.java:210)
	at de.uka.ilkd.key.proof.init.ProblemInitializer.readIncludes(ProblemInitializer.java:177)
	at de.uka.ilkd.key.proof.init.ProblemInitializer.readEnvInput(ProblemInitializer.java:325)
	at de.uka.ilkd.key.proof.init.ProblemInitializer.prepare(ProblemInitializer.java:449)
	at de.uka.ilkd.key.proof.io.AbstractProblemLoader.createInitConfig(AbstractProblemLoader.java:518)
	at de.uka.ilkd.key.proof.io.AbstractProblemLoader.loadEnvironment(AbstractProblemLoader.java:288)
	at de.uka.ilkd.key.proof.io.AbstractProblemLoader.load(AbstractProblemLoader.java:252)
	at de.uka.ilkd.key.control.AbstractUserInterfaceControl.load(AbstractUserInterfaceControl.java:209)
	... 7 more
Caused by: java.lang.RuntimeException: Could not find rule file rules/intRulesCheckedSemantics.key
	at de.uka.ilkd.key.proof.io.RuleSourceFactory.fromBuiltInRule(RuleSourceFactory.java:32)
	at de.uka.ilkd.key.proof.io.RuleSourceFactory.fromDefaultLocation(RuleSourceFactory.java:21)
	at de.uka.ilkd.key.nparser.builder.IncludeFinder.addInclude(IncludeFinder.java:63)
	at de.uka.ilkd.key.nparser.builder.IncludeFinder.visitOne_include(IncludeFinder.java:43)
	at de.uka.ilkd.key.nparser.builder.IncludeFinder.visitOne_include(IncludeFinder.java:20)
	at de.uka.ilkd.key.nparser.KeYParser$One_includeContext.accept(KeYParser.java:878)
	at de.uka.ilkd.key.nparser.builder.AbstractBuilder.lambda$mapOf$0(AbstractBuilder.java:112)
	at java.base/java.util.stream.ReferencePipeline$3$1.accept(ReferencePipeline.java:195)
	at java.base/java.util.ArrayList$ArrayListSpliterator.forEachRemaining(ArrayList.java:1655)
	at java.base/java.util.stream.AbstractPipeline.copyInto(AbstractPipeline.java:484)
	at java.base/java.util.stream.AbstractPipeline.wrapAndCopyInto(AbstractPipeline.java:474)
	at java.base/java.util.stream.ReduceOps$ReduceOp.evaluateSequential(ReduceOps.java:913)
	at java.base/java.util.stream.AbstractPipeline.evaluate(AbstractPipeline.java:234)
	at java.base/java.util.stream.ReferencePipeline.collect(ReferencePipeline.java:578)
	at de.uka.ilkd.key.nparser.builder.AbstractBuilder.mapOf(AbstractBuilder.java:112)
	at de.uka.ilkd.key.nparser.builder.IncludeFinder.visitOne_include_statement(IncludeFinder.java:35)
	at de.uka.ilkd.key.nparser.builder.IncludeFinder.visitOne_include_statement(IncludeFinder.java:20)
	at de.uka.ilkd.key.nparser.KeYParser$One_include_statementContext.accept(KeYParser.java:802)
	at org.antlr.v4.runtime.tree.AbstractParseTreeVisitor.visitChildren(AbstractParseTreeVisitor.java:46)
	at de.uka.ilkd.key.nparser.KeYParserBaseVisitor.visitDecls(KeYParserBaseVisitor.java:30)
	at de.uka.ilkd.key.nparser.KeYParser$DeclsContext.accept(KeYParser.java:500)
	at org.antlr.v4.runtime.tree.AbstractParseTreeVisitor.visitChildren(AbstractParseTreeVisitor.java:46)
	at de.uka.ilkd.key.nparser.KeYParserBaseVisitor.visitFile(KeYParserBaseVisitor.java:23)
	at de.uka.ilkd.key.nparser.KeYParser$FileContext.accept(KeYParser.java:306)
	at de.uka.ilkd.key.nparser.KeyAst.accept(KeyAst.java:41)
	at de.uka.ilkd.key.nparser.KeyAst$File.getIncludes(KeyAst.java:76)
	at de.uka.ilkd.key.proof.io.KeYFile.readIncludes(KeYFile.java:208)
	... 14 more
Could not find rule file rules/intRulesCheckedSemantics.key (file: /home/runner/work/key/key/key.core/../key.ui/examples/index/.././heap/model_methods/Cell_post_set.key; caused by: de.uka.ilkd.key.proof.init.ProofInputException: Could not find rule file rules/intRulesCheckedSemantics.key)
	at de.uka.ilkd.key.control.AbstractUserInterfaceControl.load(AbstractUserInterfaceControl.java:221)
	at de.uka.ilkd.key.control.KeYEnvironment.load(KeYEnvironment.java:251)
	at de.uka.ilkd.key.control.KeYEnvironment.load(KeYEnvironment.java:224)
	at de.uka.ilkd.key.control.KeYEnvironment.load(KeYEnvironment.java:184)
	at de.uka.ilkd.key.control.KeYEnvironment.load(KeYEnvironment.java:261)
	at de.uka.ilkd.key.proof.runallproofs.proofcollection.TestFile.load(TestFile.java:270)
	at de.uka.ilkd.key.proof.runallproofs.proofcollection.TestFile.runKey(TestFile.java:160)
	at de.uka.ilkd.key.proof.runallproofs.proofcollection.ForkedTestFileRunner.main(ForkedTestFileRunner.java:171)
Caused by: de.uka.ilkd.key.proof.init.ProofInputException: Could not find rule file rules/intRulesCheckedSemantics.key
	at de.uka.ilkd.key.proof.io.KeYFile.readIncludes(KeYFile.java:210)
	at de.uka.ilkd.key.proof.init.ProblemInitializer.readIncludes(ProblemInitializer.java:177)
	at de.uka.ilkd.key.proof.init.ProblemInitializer.readEnvInput(ProblemInitializer.java:325)
	at de.uka.ilkd.key.proof.init.ProblemInitializer.prepare(ProblemInitializer.java:449)
	at de.uka.ilkd.key.proof.io.AbstractProblemLoader.createInitConfig(AbstractProblemLoader.java:518)
	at de.uka.ilkd.key.proof.io.AbstractProblemLoader.loadEnvironment(AbstractProblemLoader.java:288)
	at de.uka.ilkd.key.proof.io.AbstractProblemLoader.load(AbstractProblemLoader.java:252)
	at de.uka.ilkd.key.control.AbstractUserInterfaceControl.load(AbstractUserInterfaceControl.java:209)
	... 7 more
Caused by: java.lang.RuntimeException: Could not find rule file rules/intRulesCheckedSemantics.key
	at de.uka.ilkd.key.proof.io.RuleSourceFactory.fromBuiltInRule(RuleSourceFactory.java:32)
	at de.uka.ilkd.key.proof.io.RuleSourceFactory.fromDefaultLocation(RuleSourceFactory.java:21)
	at de.uka.ilkd.key.nparser.builder.IncludeFinder.addInclude(IncludeFinder.java:63)
	at de.uka.ilkd.key.nparser.builder.IncludeFinder.visitOne_include(IncludeFinder.java:43)
	at de.uka.ilkd.key.nparser.builder.IncludeFinder.visitOne_include(IncludeFinder.java:20)
	at de.uka.ilkd.key.nparser.KeYParser$One_includeContext.accept(KeYParser.java:878)
	at de.uka.ilkd.key.nparser.builder.AbstractBuilder.lambda$mapOf$0(AbstractBuilder.java:112)
	at java.base/java.util.stream.ReferencePipeline$3$1.accept(ReferencePipeline.java:195)
	at java.base/java.util.ArrayList$ArrayListSpliterator.forEachRemaining(ArrayList.java:1655)
	at java.base/java.util.stream.AbstractPipeline.copyInto(AbstractPipeline.java:484)
	at java.base/java.util.stream.AbstractPipeline.wrapAndCopyInto(AbstractPipeline.java:474)
	at java.base/java.util.stream.ReduceOps$ReduceOp.evaluateSequential(ReduceOps.java:913)
	at java.base/java.util.stream.AbstractPipeline.evaluate(AbstractPipeline.java:234)
	at java.base/java.util.stream.ReferencePipeline.collect(ReferencePipeline.java:578)
	at de.uka.ilkd.key.nparser.builder.AbstractBuilder.mapOf(AbstractBuilder.java:112)
	at de.uka.ilkd.key.nparser.builder.IncludeFinder.visitOne_include_statement(IncludeFinder.java:35)
	at de.uka.ilkd.key.nparser.builder.IncludeFinder.visitOne_include_statement(IncludeFinder.java:20)
	at de.uka.ilkd.key.nparser.KeYParser$One_include_statementContext.accept(KeYParser.java:802)
	at org.antlr.v4.runtime.tree.AbstractParseTreeVisitor.visitChildren(AbstractParseTreeVisitor.java:46)
	at de.uka.ilkd.key.nparser.KeYParserBaseVisitor.visitDecls(KeYParserBaseVisitor.java:30)
	at de.uka.ilkd.key.nparser.KeYParser$DeclsContext.accept(KeYParser.java:500)
	at org.antlr.v4.runtime.tree.AbstractParseTreeVisitor.visitChildren(AbstractParseTreeVisitor.java:46)
	at de.uka.ilkd.key.nparser.KeYParserBaseVisitor.visitFile(KeYParserBaseVisitor.java:23)
	at de.uka.ilkd.key.nparser.KeYParser$FileContext.accept(KeYParser.java:306)
	at de.uka.ilkd.key.nparser.KeyAst.accept(KeyAst.java:41)
	at de.uka.ilkd.key.nparser.KeyAst$File.getIncludes(KeyAst.java:76)
	at de.uka.ilkd.key.proof.io.KeYFile.readIncludes(KeYFile.java:208)
	... 14 more
Could not find rule file rules/intRulesCheckedSemantics.key (file: /home/runner/work/key/key/key.core/../key.ui/examples/index/.././heap/model_methods/Cell_set.key; caused by: de.uka.ilkd.key.proof.init.ProofInputException: Could not find rule file rules/intRulesCheckedSemantics.key)
	at de.uka.ilkd.key.control.AbstractUserInterfaceControl.load(AbstractUserInterfaceControl.java:221)
	at de.uka.ilkd.key.control.KeYEnvironment.load(KeYEnvironment.java:251)
	at de.uka.ilkd.key.control.KeYEnvironment.load(KeYEnvironment.java:224)
	at de.uka.ilkd.key.control.KeYEnvironment.load(KeYEnvironment.java:184)
	at de.uka.ilkd.key.control.KeYEnvironment.load(KeYEnvironment.java:261)
	at de.uka.ilkd.key.proof.runallproofs.proofcollection.TestFile.load(TestFile.java:270)
	at de.uka.ilkd.key.proof.runallproofs.proofcollection.TestFile.runKey(TestFile.java:160)
	at de.uka.ilkd.key.proof.runallproofs.proofcollection.ForkedTestFileRunner.main(ForkedTestFileRunner.java:171)
Caused by: de.uka.ilkd.key.proof.init.ProofInputException: Could not find rule file rules/intRulesCheckedSemantics.key
	at de.uka.ilkd.key.proof.io.KeYFile.readIncludes(KeYFile.java:210)
	at de.uka.ilkd.key.proof.init.ProblemInitializer.readIncludes(ProblemInitializer.java:177)
	at de.uka.ilkd.key.proof.init.ProblemInitializer.readEnvInput(ProblemInitializer.java:325)
	at de.uka.ilkd.key.proof.init.ProblemInitializer.prepare(ProblemInitializer.java:449)
	at de.uka.ilkd.key.proof.io.AbstractProblemLoader.createInitConfig(AbstractProblemLoader.java:518)
	at de.uka.ilkd.key.proof.io.AbstractProblemLoader.loadEnvironment(AbstractProblemLoader.java:288)
	at de.uka.ilkd.key.proof.io.AbstractProblemLoader.load(AbstractProblemLoader.java:252)
	at de.uka.ilkd.key.control.AbstractUserInterfaceControl.load(AbstractUserInterfaceControl.java:209)
	... 7 more
Caused by: java.lang.RuntimeException: Could not find rule file rules/intRulesCheckedSemantics.key
	at de.uka.ilkd.key.proof.io.RuleSourceFactory.fromBuiltInRule(RuleSourceFactory.java:32)
	at de.uka.ilkd.key.proof.io.RuleSourceFactory.fromDefaultLocation(RuleSourceFactory.java:21)
	at de.uka.ilkd.key.nparser.builder.IncludeFinder.addInclude(IncludeFinder.java:63)
	at de.uka.ilkd.key.nparser.builder.IncludeFinder.visitOne_include(IncludeFinder.java:43)
	at de.uka.ilkd.key.nparser.builder.IncludeFinder.visitOne_include(IncludeFinder.java:20)
	at de.uka.ilkd.key.nparser.KeYParser$One_includeContext.accept(KeYParser.java:878)
	at de.uka.ilkd.key.nparser.builder.AbstractBuilder.lambda$mapOf$0(AbstractBuilder.java:112)
	at java.base/java.util.stream.ReferencePipeline$3$1.accept(ReferencePipeline.java:195)
	at java.base/java.util.ArrayList$ArrayListSpliterator.forEachRemaining(ArrayList.java:1655)
	at java.base/java.util.stream.AbstractPipeline.copyInto(AbstractPipeline.java:484)
	at java.base/java.util.stream.AbstractPipeline.wrapAndCopyInto(AbstractPipeline.java:474)
	at java.base/java.util.stream.ReduceOps$ReduceOp.evaluateSequential(ReduceOps.java:913)
	at java.base/java.util.stream.AbstractPipeline.evaluate(AbstractPipeline.java:234)
	at java.base/java.util.stream.ReferencePipeline.collect(ReferencePipeline.java:578)
	at de.uka.ilkd.key.nparser.builder.AbstractBuilder.mapOf(AbstractBuilder.java:112)
	at de.uka.ilkd.key.nparser.builder.IncludeFinder.visitOne_include_statement(IncludeFinder.java:35)
	at de.uka.ilkd.key.nparser.builder.IncludeFinder.visitOne_include_statement(IncludeFinder.java:20)
	at de.uka.ilkd.key.nparser.KeYParser$One_include_statementContext.accept(KeYParser.java:802)
	at org.antlr.v4.runtime.tree.AbstractParseTreeVisitor.visitChildren(AbstractParseTreeVisitor.java:46)
	at de.uka.ilkd.key.nparser.KeYParserBaseVisitor.visitDecls(KeYParserBaseVisitor.java:30)
	at de.uka.ilkd.key.nparser.KeYParser$DeclsContext.accept(KeYParser.java:500)
	at org.antlr.v4.runtime.tree.AbstractParseTreeVisitor.visitChildren(AbstractParseTreeVisitor.java:46)
	at de.uka.ilkd.key.nparser.KeYParserBaseVisitor.visitFile(KeYParserBaseVisitor.java:23)
	at de.uka.ilkd.key.nparser.KeYParser$FileContext.accept(KeYParser.java:306)
	at de.uka.ilkd.key.nparser.KeyAst.accept(KeyAst.java:41)
	at de.uka.ilkd.key.nparser.KeyAst$File.getIncludes(KeyAst.java:76)
	at de.uka.ilkd.key.proof.io.KeYFile.readIncludes(KeYFile.java:208)
	... 14 more
Could not find rule file rules/intRulesCheckedSemantics.key (file: /home/runner/work/key/key/key.core/../key.ui/examples/index/.././heap/model_methods/CellTest_callSet.key; caused by: de.uka.ilkd.key.proof.init.ProofInputException: Could not find rule file rules/intRulesCheckedSemantics.key)
	at de.uka.ilkd.key.control.AbstractUserInterfaceControl.load(AbstractUserInterfaceControl.java:221)
	at de.uka.ilkd.key.control.KeYEnvironment.load(KeYEnvironment.java:251)
	at de.uka.ilkd.key.control.KeYEnvironment.load(KeYEnvironment.java:224)
	at de.uka.ilkd.key.control.KeYEnvironment.load(KeYEnvironment.java:184)
	at de.uka.ilkd.key.control.KeYEnvironment.load(KeYEnvironment.java:261)
	at de.uka.ilkd.key.proof.runallproofs.proofcollection.TestFile.load(TestFile.java:270)
	at de.uka.ilkd.key.proof.runallproofs.proofcollection.TestFile.runKey(TestFile.java:160)
	at de.uka.ilkd.key.proof.runallproofs.proofcollection.ForkedTestFileRunner.main(ForkedTestFileRunner.java:171)
Caused by: de.uka.ilkd.key.proof.init.ProofInputException: Could not find rule file rules/intRulesCheckedSemantics.key
	at de.uka.ilkd.key.proof.io.KeYFile.readIncludes(KeYFile.java:210)
	at de.uka.ilkd.key.proof.init.ProblemInitializer.readIncludes(ProblemInitializer.java:177)
	at de.uka.ilkd.key.proof.init.ProblemInitializer.readEnvInput(ProblemInitializer.java:325)
	at de.uka.ilkd.key.proof.init.ProblemInitializer.prepare(ProblemInitializer.java:449)
	at de.uka.ilkd.key.proof.io.AbstractProblemLoader.createInitConfig(AbstractProblemLoader.java:518)
	at de.uka.ilkd.key.proof.io.AbstractProblemLoader.loadEnvironment(AbstractProblemLoader.java:288)
	at de.uka.ilkd.key.proof.io.AbstractProblemLoader.load(AbstractProblemLoader.java:252)
	at de.uka.ilkd.key.control.AbstractUserInterfaceControl.load(AbstractUserInterfaceControl.java:209)
	... 7 more
Caused by: java.lang.RuntimeException: Could not find rule file rules/intRulesCheckedSemantics.key
	at de.uka.ilkd.key.proof.io.RuleSourceFactory.fromBuiltInRule(RuleSourceFactory.java:32)
	at de.uka.ilkd.key.proof.io.RuleSourceFactory.fromDefaultLocation(RuleSourceFactory.java:21)
	at de.uka.ilkd.key.nparser.builder.IncludeFinder.addInclude(IncludeFinder.java:63)
	at de.uka.ilkd.key.nparser.builder.IncludeFinder.visitOne_include(IncludeFinder.java:43)
	at de.uka.ilkd.key.nparser.builder.IncludeFinder.visitOne_include(IncludeFinder.java:20)
	at de.uka.ilkd.key.nparser.KeYParser$One_includeContext.accept(KeYParser.java:878)
	at de.uka.ilkd.key.nparser.builder.AbstractBuilder.lambda$mapOf$0(AbstractBuilder.java:112)
	at java.base/java.util.stream.ReferencePipeline$3$1.accept(ReferencePipeline.java:195)
	at java.base/java.util.ArrayList$ArrayListSpliterator.forEachRemaining(ArrayList.java:1655)
	at java.base/java.util.stream.AbstractPipeline.copyInto(AbstractPipeline.java:484)
	at java.base/java.util.stream.AbstractPipeline.wrapAndCopyInto(AbstractPipeline.java:474)
	at java.base/java.util.stream.ReduceOps$ReduceOp.evaluateSequential(ReduceOps.java:913)
	at java.base/java.util.stream.AbstractPipeline.evaluate(AbstractPipeline.java:234)
	at java.base/java.util.stream.ReferencePipeline.collect(ReferencePipeline.java:578)
	at de.uka.ilkd.key.nparser.builder.AbstractBuilder.mapOf(AbstractBuilder.java:112)
	at de.uka.ilkd.key.nparser.builder.IncludeFinder.visitOne_include_statement(IncludeFinder.java:35)
	at de.uka.ilkd.key.nparser.builder.IncludeFinder.visitOne_include_statement(IncludeFinder.java:20)
	at de.uka.ilkd.key.nparser.KeYParser$One_include_statementContext.accept(KeYParser.java:802)
	at org.antlr.v4.runtime.tree.AbstractParseTreeVisitor.visitChildren(AbstractParseTreeVisitor.java:46)
	at de.uka.ilkd.key.nparser.KeYParserBaseVisitor.visitDecls(KeYParserBaseVisitor.java:30)
	at de.uka.ilkd.key.nparser.KeYParser$DeclsContext.accept(KeYParser.java:500)
	at org.antlr.v4.runtime.tree.AbstractParseTreeVisitor.visitChildren(AbstractParseTreeVisitor.java:46)
	at de.uka.ilkd.key.nparser.KeYParserBaseVisitor.visitFile(KeYParserBaseVisitor.java:23)
	at de.uka.ilkd.key.nparser.KeYParser$FileContext.accept(KeYParser.java:306)
	at de.uka.ilkd.key.nparser.KeyAst.accept(KeyAst.java:41)
	at de.uka.ilkd.key.nparser.KeyAst$File.getIncludes(KeyAst.java:76)
	at de.uka.ilkd.key.proof.io.KeYFile.readIncludes(KeYFile.java:208)
	... 14 more
Could not find rule file rules/intRulesCheckedSemantics.key (file: /home/runner/work/key/key/key.core/../key.ui/examples/index/.././heap/model_methods/CellTest_test2.key; caused by: de.uka.ilkd.key.proof.init.ProofInputException: Could not find rule file rules/intRulesCheckedSemantics.key)
	at de.uka.ilkd.key.control.AbstractUserInterfaceControl.load(AbstractUserInterfaceControl.java:221)
	at de.uka.ilkd.key.control.KeYEnvironment.load(KeYEnvironment.java:251)
	at de.uka.ilkd.key.control.KeYEnvironment.load(KeYEnvironment.java:224)
	at de.uka.ilkd.key.control.KeYEnvironment.load(KeYEnvironment.java:184)
	at de.uka.ilkd.key.control.KeYEnvironment.load(KeYEnvironment.java:261)
	at de.uka.ilkd.key.proof.runallproofs.proofcollection.TestFile.load(TestFile.java:270)
	at de.uka.ilkd.key.proof.runallproofs.proofcollection.TestFile.runKey(TestFile.java:160)
	at de.uka.ilkd.key.proof.runallproofs.proofcollection.ForkedTestFileRunner.main(ForkedTestFileRunner.java:171)
Caused by: de.uka.ilkd.key.proof.init.ProofInputException: Could not find rule file rules/intRulesCheckedSemantics.key
	at de.uka.ilkd.key.proof.io.KeYFile.readIncludes(KeYFile.java:210)
	at de.uka.ilkd.key.proof.init.ProblemInitializer.readIncludes(ProblemInitializer.java:177)
	at de.uka.ilkd.key.proof.init.ProblemInitializer.readEnvInput(ProblemInitializer.java:325)
	at de.uka.ilkd.key.proof.init.ProblemInitializer.prepare(ProblemInitializer.java:449)
	at de.uka.ilkd.key.proof.io.AbstractProblemLoader.createInitConfig(AbstractProblemLoader.java:518)
	at de.uka.ilkd.key.proof.io.AbstractProblemLoader.loadEnvironment(AbstractProblemLoader.java:288)
	at de.uka.ilkd.key.proof.io.AbstractProblemLoader.load(AbstractProblemLoader.java:252)
	at de.uka.ilkd.key.control.AbstractUserInterfaceControl.load(AbstractUserInterfaceControl.java:209)
	... 7 more
Caused by: java.lang.RuntimeException: Could not find rule file rules/intRulesCheckedSemantics.key
	at de.uka.ilkd.key.proof.io.RuleSourceFactory.fromBuiltInRule(RuleSourceFactory.java:32)
	at de.uka.ilkd.key.proof.io.RuleSourceFactory.fromDefaultLocation(RuleSourceFactory.java:21)
	at de.uka.ilkd.key.nparser.builder.IncludeFinder.addInclude(IncludeFinder.java:63)
	at de.uka.ilkd.key.nparser.builder.IncludeFinder.visitOne_include(IncludeFinder.java:43)
	at de.uka.ilkd.key.nparser.builder.IncludeFinder.visitOne_include(IncludeFinder.java:20)
	at de.uka.ilkd.key.nparser.KeYParser$One_includeContext.accept(KeYParser.java:878)
	at de.uka.ilkd.key.nparser.builder.AbstractBuilder.lambda$mapOf$0(AbstractBuilder.java:112)
	at java.base/java.util.stream.ReferencePipeline$3$1.accept(ReferencePipeline.java:195)
	at java.base/java.util.ArrayList$ArrayListSpliterator.forEachRemaining(ArrayList.java:1655)
	at java.base/java.util.stream.AbstractPipeline.copyInto(AbstractPipeline.java:484)
	at java.base/java.util.stream.AbstractPipeline.wrapAndCopyInto(AbstractPipeline.java:474)
	at java.base/java.util.stream.ReduceOps$ReduceOp.evaluateSequential(ReduceOps.java:913)
	at java.base/java.util.stream.AbstractPipeline.evaluate(AbstractPipeline.java:234)
	at java.base/java.util.stream.ReferencePipeline.collect(ReferencePipeline.java:578)
	at de.uka.ilkd.key.nparser.builder.AbstractBuilder.mapOf(AbstractBuilder.java:112)
	at de.uka.ilkd.key.nparser.builder.IncludeFinder.visitOne_include_statement(IncludeFinder.java:35)
	at de.uka.ilkd.key.nparser.builder.IncludeFinder.visitOne_include_statement(IncludeFinder.java:20)
	at de.uka.ilkd.key.nparser.KeYParser$One_include_statementContext.accept(KeYParser.java:802)
	at org.antlr.v4.runtime.tree.AbstractParseTreeVisitor.visitChildren(AbstractParseTreeVisitor.java:46)
	at de.uka.ilkd.key.nparser.KeYParserBaseVisitor.visitDecls(KeYParserBaseVisitor.java:30)
	at de.uka.ilkd.key.nparser.KeYParser$DeclsContext.accept(KeYParser.java:500)
	at org.antlr.v4.runtime.tree.AbstractParseTreeVisitor.visitChildren(AbstractParseTreeVisitor.java:46)
	at de.uka.ilkd.key.nparser.KeYParserBaseVisitor.visitFile(KeYParserBaseVisitor.java:23)
	at de.uka.ilkd.key.nparser.KeYParser$FileContext.accept(KeYParser.java:306)
	at de.uka.ilkd.key.nparser.KeyAst.accept(KeyAst.java:41)
	at de.uka.ilkd.key.nparser.KeyAst$File.getIncludes(KeyAst.java:76)
	at de.uka.ilkd.key.proof.io.KeYFile.readIncludes(KeYFile.java:208)
	... 14 more
Could not find rule file rules/intRulesCheckedSemantics.key (file: /home/runner/work/key/key/key.core/../key.ui/examples/index/.././heap/model_methods/CellTest_test.key; caused by: de.uka.ilkd.key.proof.init.ProofInputException: Could not find rule file rules/intRulesCheckedSemantics.key)
	at de.uka.ilkd.key.control.AbstractUserInterfaceControl.load(AbstractUserInterfaceControl.java:221)
	at de.uka.ilkd.key.control.KeYEnvironment.load(KeYEnvironment.java:251)
	at de.uka.ilkd.key.control.KeYEnvironment.load(KeYEnvironment.java:224)
	at de.uka.ilkd.key.control.KeYEnvironment.load(KeYEnvironment.java:184)
	at de.uka.ilkd.key.control.KeYEnvironment.load(KeYEnvironment.java:261)
	at de.uka.ilkd.key.proof.runallproofs.proofcollection.TestFile.load(TestFile.java:270)
	at de.uka.ilkd.key.proof.runallproofs.proofcollection.TestFile.runKey(TestFile.java:160)
	at de.uka.ilkd.key.proof.runallproofs.proofcollection.ForkedTestFileRunner.main(ForkedTestFileRunner.java:171)
Caused by: de.uka.ilkd.key.proof.init.ProofInputException: Could not find rule file rules/intRulesCheckedSemantics.key
	at de.uka.ilkd.key.proof.io.KeYFile.readIncludes(KeYFile.java:210)
	at de.uka.ilkd.key.proof.init.ProblemInitializer.readIncludes(ProblemInitializer.java:177)
	at de.uka.ilkd.key.proof.init.ProblemInitializer.readEnvInput(ProblemInitializer.java:325)
	at de.uka.ilkd.key.proof.init.ProblemInitializer.prepare(ProblemInitializer.java:449)
	at de.uka.ilkd.key.proof.io.AbstractProblemLoader.createInitConfig(AbstractProblemLoader.java:518)
	at de.uka.ilkd.key.proof.io.AbstractProblemLoader.loadEnvironment(AbstractProblemLoader.java:288)
	at de.uka.ilkd.key.proof.io.AbstractProblemLoader.load(AbstractProblemLoader.java:252)
	at de.uka.ilkd.key.control.AbstractUserInterfaceControl.load(AbstractUserInterfaceControl.java:209)
	... 7 more
Caused by: java.lang.RuntimeException: Could not find rule file rules/intRulesCheckedSemantics.key
	at de.uka.ilkd.key.proof.io.RuleSourceFactory.fromBuiltInRule(RuleSourceFactory.java:32)
	at de.uka.ilkd.key.proof.io.RuleSourceFactory.fromDefaultLocation(RuleSourceFactory.java:21)
	at de.uka.ilkd.key.nparser.builder.IncludeFinder.addInclude(IncludeFinder.java:63)
	at de.uka.ilkd.key.nparser.builder.IncludeFinder.visitOne_include(IncludeFinder.java:43)
	at de.uka.ilkd.key.nparser.builder.IncludeFinder.visitOne_include(IncludeFinder.java:20)
	at de.uka.ilkd.key.nparser.KeYParser$One_includeContext.accept(KeYParser.java:878)
	at de.uka.ilkd.key.nparser.builder.AbstractBuilder.lambda$mapOf$0(AbstractBuilder.java:112)
	at java.base/java.util.stream.ReferencePipeline$3$1.accept(ReferencePipeline.java:195)
	at java.base/java.util.ArrayList$ArrayListSpliterator.forEachRemaining(ArrayList.java:1655)
	at java.base/java.util.stream.AbstractPipeline.copyInto(AbstractPipeline.java:484)
	at java.base/java.util.stream.AbstractPipeline.wrapAndCopyInto(AbstractPipeline.java:474)
	at java.base/java.util.stream.ReduceOps$ReduceOp.evaluateSequential(ReduceOps.java:913)
	at java.base/java.util.stream.AbstractPipeline.evaluate(AbstractPipeline.java:234)
	at java.base/java.util.stream.ReferencePipeline.collect(ReferencePipeline.java:578)
	at de.uka.ilkd.key.nparser.builder.AbstractBuilder.mapOf(AbstractBuilder.java:112)
	at de.uka.ilkd.key.nparser.builder.IncludeFinder.visitOne_include_statement(IncludeFinder.java:35)
	at de.uka.ilkd.key.nparser.builder.IncludeFinder.visitOne_include_statement(IncludeFinder.java:20)
	at de.uka.ilkd.key.nparser.KeYParser$One_include_statementContext.accept(KeYParser.java:802)
	at org.antlr.v4.runtime.tree.AbstractParseTreeVisitor.visitChildren(AbstractParseTreeVisitor.java:46)
	at de.uka.ilkd.key.nparser.KeYParserBaseVisitor.visitDecls(KeYParserBaseVisitor.java:30)
	at de.uka.ilkd.key.nparser.KeYParser$DeclsContext.accept(KeYParser.java:500)
	at org.antlr.v4.runtime.tree.AbstractParseTreeVisitor.visitChildren(AbstractParseTreeVisitor.java:46)
	at de.uka.ilkd.key.nparser.KeYParserBaseVisitor.visitFile(KeYParserBaseVisitor.java:23)
	at de.uka.ilkd.key.nparser.KeYParser$FileContext.accept(KeYParser.java:306)
	at de.uka.ilkd.key.nparser.KeyAst.accept(KeyAst.java:41)
	at de.uka.ilkd.key.nparser.KeyAst$File.getIncludes(KeyAst.java:76)
	at de.uka.ilkd.key.proof.io.KeYFile.readIncludes(KeYFile.java:208)
	... 14 more
Could not find rule file rules/intRulesCheckedSemantics.key (file: /home/runner/work/key/key/key.core/../key.ui/examples/index/.././heap/model_methods/Coll1_add.key; caused by: de.uka.ilkd.key.proof.init.ProofInputException: Could not find rule file rules/intRulesCheckedSemantics.key)
	at de.uka.ilkd.key.control.AbstractUserInterfaceControl.load(AbstractUserInterfaceControl.java:221)
	at de.uka.ilkd.key.control.KeYEnvironment.load(KeYEnvironment.java:251)
	at de.uka.ilkd.key.control.KeYEnvironment.load(KeYEnvironment.java:224)
	at de.uka.ilkd.key.control.KeYEnvironment.load(KeYEnvironment.java:184)
	at de.uka.ilkd.key.control.KeYEnvironment.load(KeYEnvironment.java:261)
	at de.uka.ilkd.key.proof.runallproofs.proofcollection.TestFile.load(TestFile.java:270)
	at de.uka.ilkd.key.proof.runallproofs.proofcollection.TestFile.runKey(TestFile.java:160)
	at de.uka.ilkd.key.proof.runallproofs.proofcollection.ForkedTestFileRunner.main(ForkedTestFileRunner.java:171)
Caused by: de.uka.ilkd.key.proof.init.ProofInputException: Could not find rule file rules/intRulesCheckedSemantics.key
	at de.uka.ilkd.key.proof.io.KeYFile.readIncludes(KeYFile.java:210)
	at de.uka.ilkd.key.proof.init.ProblemInitializer.readIncludes(ProblemInitializer.java:177)
	at de.uka.ilkd.key.proof.init.ProblemInitializer.readEnvInput(ProblemInitializer.java:325)
	at de.uka.ilkd.key.proof.init.ProblemInitializer.prepare(ProblemInitializer.java:449)
	at de.uka.ilkd.key.proof.io.AbstractProblemLoader.createInitConfig(AbstractProblemLoader.java:518)
	at de.uka.ilkd.key.proof.io.AbstractProblemLoader.loadEnvironment(AbstractProblemLoader.java:288)
	at de.uka.ilkd.key.proof.io.AbstractProblemLoader.load(AbstractProblemLoader.java:252)
	at de.uka.ilkd.key.control.AbstractUserInterfaceControl.load(AbstractUserInterfaceControl.java:209)
	... 7 more
Caused by: java.lang.RuntimeException: Could not find rule file rules/intRulesCheckedSemantics.key
	at de.uka.ilkd.key.proof.io.RuleSourceFactory.fromBuiltInRule(RuleSourceFactory.java:32)
	at de.uka.ilkd.key.proof.io.RuleSourceFactory.fromDefaultLocation(RuleSourceFactory.java:21)
	at de.uka.ilkd.key.nparser.builder.IncludeFinder.addInclude(IncludeFinder.java:63)
	at de.uka.ilkd.key.nparser.builder.IncludeFinder.visitOne_include(IncludeFinder.java:43)
	at de.uka.ilkd.key.nparser.builder.IncludeFinder.visitOne_include(IncludeFinder.java:20)
	at de.uka.ilkd.key.nparser.KeYParser$One_includeContext.accept(KeYParser.java:878)
	at de.uka.ilkd.key.nparser.builder.AbstractBuilder.lambda$mapOf$0(AbstractBuilder.java:112)
	at java.base/java.util.stream.ReferencePipeline$3$1.accept(ReferencePipeline.java:195)
	at java.base/java.util.ArrayList$ArrayListSpliterator.forEachRemaining(ArrayList.java:1655)
	at java.base/java.util.stream.AbstractPipeline.copyInto(AbstractPipeline.java:484)
	at java.base/java.util.stream.AbstractPipeline.wrapAndCopyInto(AbstractPipeline.java:474)
	at java.base/java.util.stream.ReduceOps$ReduceOp.evaluateSequential(ReduceOps.java:913)
	at java.base/java.util.stream.AbstractPipeline.evaluate(AbstractPipeline.java:234)
	at java.base/java.util.stream.ReferencePipeline.collect(ReferencePipeline.java:578)
	at de.uka.ilkd.key.nparser.builder.AbstractBuilder.mapOf(AbstractBuilder.java:112)
	at de.uka.ilkd.key.nparser.builder.IncludeFinder.visitOne_include_statement(IncludeFinder.java:35)
	at de.uka.ilkd.key.nparser.builder.IncludeFinder.visitOne_include_statement(IncludeFinder.java:20)
	at de.uka.ilkd.key.nparser.KeYParser$One_include_statementContext.accept(KeYParser.java:802)
	at org.antlr.v4.runtime.tree.AbstractParseTreeVisitor.visitChildren(AbstractParseTreeVisitor.java:46)
	at de.uka.ilkd.key.nparser.KeYParserBaseVisitor.visitDecls(KeYParserBaseVisitor.java:30)
	at de.uka.ilkd.key.nparser.KeYParser$DeclsContext.accept(KeYParser.java:500)
	at org.antlr.v4.runtime.tree.AbstractParseTreeVisitor.visitChildren(AbstractParseTreeVisitor.java:46)
	at de.uka.ilkd.key.nparser.KeYParserBaseVisitor.visitFile(KeYParserBaseVisitor.java:23)
	at de.uka.ilkd.key.nparser.KeYParser$FileContext.accept(KeYParser.java:306)
	at de.uka.ilkd.key.nparser.KeyAst.accept(KeyAst.java:41)
	at de.uka.ilkd.key.nparser.KeyAst$File.getIncludes(KeyAst.java:76)
	at de.uka.ilkd.key.proof.io.KeYFile.readIncludes(KeYFile.java:208)
	... 14 more
Could not find rule file rules/intRulesCheckedSemantics.key (file: /home/runner/work/key/key/key.core/../key.ui/examples/index/.././heap/model_methods/Coll1_Coll1_add_pre.key; caused by: de.uka.ilkd.key.proof.init.ProofInputException: Could not find rule file rules/intRulesCheckedSemantics.key)
	at de.uka.ilkd.key.control.AbstractUserInterfaceControl.load(AbstractUserInterfaceControl.java:221)
	at de.uka.ilkd.key.control.KeYEnvironment.load(KeYEnvironment.java:251)
	at de.uka.ilkd.key.control.KeYEnvironment.load(KeYEnvironment.java:224)
	at de.uka.ilkd.key.control.KeYEnvironment.load(KeYEnvironment.java:184)
	at de.uka.ilkd.key.control.KeYEnvironment.load(KeYEnvironment.java:261)
	at de.uka.ilkd.key.proof.runallproofs.proofcollection.TestFile.load(TestFile.java:270)
	at de.uka.ilkd.key.proof.runallproofs.proofcollection.TestFile.runKey(TestFile.java:160)
	at de.uka.ilkd.key.proof.runallproofs.proofcollection.ForkedTestFileRunner.main(ForkedTestFileRunner.java:171)
Caused by: de.uka.ilkd.key.proof.init.ProofInputException: Could not find rule file rules/intRulesCheckedSemantics.key
	at de.uka.ilkd.key.proof.io.KeYFile.readIncludes(KeYFile.java:210)
	at de.uka.ilkd.key.proof.init.ProblemInitializer.readIncludes(ProblemInitializer.java:177)
	at de.uka.ilkd.key.proof.init.ProblemInitializer.readEnvInput(ProblemInitializer.java:325)
	at de.uka.ilkd.key.proof.init.ProblemInitializer.prepare(ProblemInitializer.java:449)
	at de.uka.ilkd.key.proof.io.AbstractProblemLoader.createInitConfig(AbstractProblemLoader.java:518)
	at de.uka.ilkd.key.proof.io.AbstractProblemLoader.loadEnvironment(AbstractProblemLoader.java:288)
	at de.uka.ilkd.key.proof.io.AbstractProblemLoader.load(AbstractProblemLoader.java:252)
	at de.uka.ilkd.key.control.AbstractUserInterfaceControl.load(AbstractUserInterfaceControl.java:209)
	... 7 more
Caused by: java.lang.RuntimeException: Could not find rule file rules/intRulesCheckedSemantics.key
	at de.uka.ilkd.key.proof.io.RuleSourceFactory.fromBuiltInRule(RuleSourceFactory.java:32)
	at de.uka.ilkd.key.proof.io.RuleSourceFactory.fromDefaultLocation(RuleSourceFactory.java:21)
	at de.uka.ilkd.key.nparser.builder.IncludeFinder.addInclude(IncludeFinder.java:63)
	at de.uka.ilkd.key.nparser.builder.IncludeFinder.visitOne_include(IncludeFinder.java:43)
	at de.uka.ilkd.key.nparser.builder.IncludeFinder.visitOne_include(IncludeFinder.java:20)
	at de.uka.ilkd.key.nparser.KeYParser$One_includeContext.accept(KeYParser.java:878)
	at de.uka.ilkd.key.nparser.builder.AbstractBuilder.lambda$mapOf$0(AbstractBuilder.java:112)
	at java.base/java.util.stream.ReferencePipeline$3$1.accept(ReferencePipeline.java:195)
	at java.base/java.util.ArrayList$ArrayListSpliterator.forEachRemaining(ArrayList.java:1655)
	at java.base/java.util.stream.AbstractPipeline.copyInto(AbstractPipeline.java:484)
	at java.base/java.util.stream.AbstractPipeline.wrapAndCopyInto(AbstractPipeline.java:474)
	at java.base/java.util.stream.ReduceOps$ReduceOp.evaluateSequential(ReduceOps.java:913)
	at java.base/java.util.stream.AbstractPipeline.evaluate(AbstractPipeline.java:234)
	at java.base/java.util.stream.ReferencePipeline.collect(ReferencePipeline.java:578)
	at de.uka.ilkd.key.nparser.builder.AbstractBuilder.mapOf(AbstractBuilder.java:112)
	at de.uka.ilkd.key.nparser.builder.IncludeFinder.visitOne_include_statement(IncludeFinder.java:35)
	at de.uka.ilkd.key.nparser.builder.IncludeFinder.visitOne_include_statement(IncludeFinder.java:20)
	at de.uka.ilkd.key.nparser.KeYParser$One_include_statementContext.accept(KeYParser.java:802)
	at org.antlr.v4.runtime.tree.AbstractParseTreeVisitor.visitChildren(AbstractParseTreeVisitor.java:46)
	at de.uka.ilkd.key.nparser.KeYParserBaseVisitor.visitDecls(KeYParserBaseVisitor.java:30)
	at de.uka.ilkd.key.nparser.KeYParser$DeclsContext.accept(KeYParser.java:500)
	at org.antlr.v4.runtime.tree.AbstractParseTreeVisitor.visitChildren(AbstractParseTreeVisitor.java:46)
	at de.uka.ilkd.key.nparser.KeYParserBaseVisitor.visitFile(KeYParserBaseVisitor.java:23)
	at de.uka.ilkd.key.nparser.KeYParser$FileContext.accept(KeYParser.java:306)
	at de.uka.ilkd.key.nparser.KeyAst.accept(KeyAst.java:41)
	at de.uka.ilkd.key.nparser.KeyAst$File.getIncludes(KeyAst.java:76)
	at de.uka.ilkd.key.proof.io.KeYFile.readIncludes(KeYFile.java:208)
	... 14 more
Could not find rule file rules/intRulesCheckedSemantics.key (file: /home/runner/work/key/key/key.core/../key.ui/examples/index/.././heap/model_methods/Coll1_Coll_add_pre.key; caused by: de.uka.ilkd.key.proof.init.ProofInputException: Could not find rule file rules/intRulesCheckedSemantics.key)
	at de.uka.ilkd.key.control.AbstractUserInterfaceControl.load(AbstractUserInterfaceControl.java:221)
	at de.uka.ilkd.key.control.KeYEnvironment.load(KeYEnvironment.java:251)
	at de.uka.ilkd.key.control.KeYEnvironment.load(KeYEnvironment.java:224)
	at de.uka.ilkd.key.control.KeYEnvironment.load(KeYEnvironment.java:184)
	at de.uka.ilkd.key.control.KeYEnvironment.load(KeYEnvironment.java:261)
	at de.uka.ilkd.key.proof.runallproofs.proofcollection.TestFile.load(TestFile.java:270)
	at de.uka.ilkd.key.proof.runallproofs.proofcollection.TestFile.runKey(TestFile.java:160)
	at de.uka.ilkd.key.proof.runallproofs.proofcollection.ForkedTestFileRunner.main(ForkedTestFileRunner.java:171)
Caused by: de.uka.ilkd.key.proof.init.ProofInputException: Could not find rule file rules/intRulesCheckedSemantics.key
	at de.uka.ilkd.key.proof.io.KeYFile.readIncludes(KeYFile.java:210)
	at de.uka.ilkd.key.proof.init.ProblemInitializer.readIncludes(ProblemInitializer.java:177)
	at de.uka.ilkd.key.proof.init.ProblemInitializer.readEnvInput(ProblemInitializer.java:325)
	at de.uka.ilkd.key.proof.init.ProblemInitializer.prepare(ProblemInitializer.java:449)
	at de.uka.ilkd.key.proof.io.AbstractProblemLoader.createInitConfig(AbstractProblemLoader.java:518)
	at de.uka.ilkd.key.proof.io.AbstractProblemLoader.loadEnvironment(AbstractProblemLoader.java:288)
	at de.uka.ilkd.key.proof.io.AbstractProblemLoader.load(AbstractProblemLoader.java:252)
	at de.uka.ilkd.key.control.AbstractUserInterfaceControl.load(AbstractUserInterfaceControl.java:209)
	... 7 more
Caused by: java.lang.RuntimeException: Could not find rule file rules/intRulesCheckedSemantics.key
	at de.uka.ilkd.key.proof.io.RuleSourceFactory.fromBuiltInRule(RuleSourceFactory.java:32)
	at de.uka.ilkd.key.proof.io.RuleSourceFactory.fromDefaultLocation(RuleSourceFactory.java:21)
	at de.uka.ilkd.key.nparser.builder.IncludeFinder.addInclude(IncludeFinder.java:63)
	at de.uka.ilkd.key.nparser.builder.IncludeFinder.visitOne_include(IncludeFinder.java:43)
	at de.uka.ilkd.key.nparser.builder.IncludeFinder.visitOne_include(IncludeFinder.java:20)
	at de.uka.ilkd.key.nparser.KeYParser$One_includeContext.accept(KeYParser.java:878)
	at de.uka.ilkd.key.nparser.builder.AbstractBuilder.lambda$mapOf$0(AbstractBuilder.java:112)
	at java.base/java.util.stream.ReferencePipeline$3$1.accept(ReferencePipeline.java:195)
	at java.base/java.util.ArrayList$ArrayListSpliterator.forEachRemaining(ArrayList.java:1655)
	at java.base/java.util.stream.AbstractPipeline.copyInto(AbstractPipeline.java:484)
	at java.base/java.util.stream.AbstractPipeline.wrapAndCopyInto(AbstractPipeline.java:474)
	at java.base/java.util.stream.ReduceOps$ReduceOp.evaluateSequential(ReduceOps.java:913)
	at java.base/java.util.stream.AbstractPipeline.evaluate(AbstractPipeline.java:234)
	at java.base/java.util.stream.ReferencePipeline.collect(ReferencePipeline.java:578)
	at de.uka.ilkd.key.nparser.builder.AbstractBuilder.mapOf(AbstractBuilder.java:112)
	at de.uka.ilkd.key.nparser.builder.IncludeFinder.visitOne_include_statement(IncludeFinder.java:35)
	at de.uka.ilkd.key.nparser.builder.IncludeFinder.visitOne_include_statement(IncludeFinder.java:20)
	at de.uka.ilkd.key.nparser.KeYParser$One_include_statementContext.accept(KeYParser.java:802)
	at org.antlr.v4.runtime.tree.AbstractParseTreeVisitor.visitChildren(AbstractParseTreeVisitor.java:46)
	at de.uka.ilkd.key.nparser.KeYParserBaseVisitor.visitDecls(KeYParserBaseVisitor.java:30)
	at de.uka.ilkd.key.nparser.KeYParser$DeclsContext.accept(KeYParser.java:500)
	at org.antlr.v4.runtime.tree.AbstractParseTreeVisitor.visitChildren(AbstractParseTreeVisitor.java:46)
	at de.uka.ilkd.key.nparser.KeYParserBaseVisitor.visitFile(KeYParserBaseVisitor.java:23)
	at de.uka.ilkd.key.nparser.KeYParser$FileContext.accept(KeYParser.java:306)
	at de.uka.ilkd.key.nparser.KeyAst.accept(KeyAst.java:41)
	at de.uka.ilkd.key.nparser.KeyAst$File.getIncludes(KeyAst.java:76)
	at de.uka.ilkd.key.proof.io.KeYFile.readIncludes(KeYFile.java:208)
	... 14 more
Could not find rule file rules/intRulesCheckedSemantics.key (file: /home/runner/work/key/key/key.core/../key.ui/examples/index/.././heap/model_methods/Coll2_add.key; caused by: de.uka.ilkd.key.proof.init.ProofInputException: Could not find rule file rules/intRulesCheckedSemantics.key)
	at de.uka.ilkd.key.control.AbstractUserInterfaceControl.load(AbstractUserInterfaceControl.java:221)
	at de.uka.ilkd.key.control.KeYEnvironment.load(KeYEnvironment.java:251)
	at de.uka.ilkd.key.control.KeYEnvironment.load(KeYEnvironment.java:224)
	at de.uka.ilkd.key.control.KeYEnvironment.load(KeYEnvironment.java:184)
	at de.uka.ilkd.key.control.KeYEnvironment.load(KeYEnvironment.java:261)
	at de.uka.ilkd.key.proof.runallproofs.proofcollection.TestFile.load(TestFile.java:270)
	at de.uka.ilkd.key.proof.runallproofs.proofcollection.TestFile.runKey(TestFile.java:160)
	at de.uka.ilkd.key.proof.runallproofs.proofcollection.ForkedTestFileRunner.main(ForkedTestFileRunner.java:171)
Caused by: de.uka.ilkd.key.proof.init.ProofInputException: Could not find rule file rules/intRulesCheckedSemantics.key
	at de.uka.ilkd.key.proof.io.KeYFile.readIncludes(KeYFile.java:210)
	at de.uka.ilkd.key.proof.init.ProblemInitializer.readIncludes(ProblemInitializer.java:177)
	at de.uka.ilkd.key.proof.init.ProblemInitializer.readEnvInput(ProblemInitializer.java:325)
	at de.uka.ilkd.key.proof.init.ProblemInitializer.prepare(ProblemInitializer.java:449)
	at de.uka.ilkd.key.proof.io.AbstractProblemLoader.createInitConfig(AbstractProblemLoader.java:518)
	at de.uka.ilkd.key.proof.io.AbstractProblemLoader.loadEnvironment(AbstractProblemLoader.java:288)
	at de.uka.ilkd.key.proof.io.AbstractProblemLoader.load(AbstractProblemLoader.java:252)
	at de.uka.ilkd.key.control.AbstractUserInterfaceControl.load(AbstractUserInterfaceControl.java:209)
	... 7 more
Caused by: java.lang.RuntimeException: Could not find rule file rules/intRulesCheckedSemantics.key
	at de.uka.ilkd.key.proof.io.RuleSourceFactory.fromBuiltInRule(RuleSourceFactory.java:32)
	at de.uka.ilkd.key.proof.io.RuleSourceFactory.fromDefaultLocation(RuleSourceFactory.java:21)
	at de.uka.ilkd.key.nparser.builder.IncludeFinder.addInclude(IncludeFinder.java:63)
	at de.uka.ilkd.key.nparser.builder.IncludeFinder.visitOne_include(IncludeFinder.java:43)
	at de.uka.ilkd.key.nparser.builder.IncludeFinder.visitOne_include(IncludeFinder.java:20)
	at de.uka.ilkd.key.nparser.KeYParser$One_includeContext.accept(KeYParser.java:878)
	at de.uka.ilkd.key.nparser.builder.AbstractBuilder.lambda$mapOf$0(AbstractBuilder.java:112)
	at java.base/java.util.stream.ReferencePipeline$3$1.accept(ReferencePipeline.java:195)
	at java.base/java.util.ArrayList$ArrayListSpliterator.forEachRemaining(ArrayList.java:1655)
	at java.base/java.util.stream.AbstractPipeline.copyInto(AbstractPipeline.java:484)
	at java.base/java.util.stream.AbstractPipeline.wrapAndCopyInto(AbstractPipeline.java:474)
	at java.base/java.util.stream.ReduceOps$ReduceOp.evaluateSequential(ReduceOps.java:913)
	at java.base/java.util.stream.AbstractPipeline.evaluate(AbstractPipeline.java:234)
	at java.base/java.util.stream.ReferencePipeline.collect(ReferencePipeline.java:578)
	at de.uka.ilkd.key.nparser.builder.AbstractBuilder.mapOf(AbstractBuilder.java:112)
	at de.uka.ilkd.key.nparser.builder.IncludeFinder.visitOne_include_statement(IncludeFinder.java:35)
	at de.uka.ilkd.key.nparser.builder.IncludeFinder.visitOne_include_statement(IncludeFinder.java:20)
	at de.uka.ilkd.key.nparser.KeYParser$One_include_statementContext.accept(KeYParser.java:802)
	at org.antlr.v4.runtime.tree.AbstractParseTreeVisitor.visitChildren(AbstractParseTreeVisitor.java:46)
	at de.uka.ilkd.key.nparser.KeYParserBaseVisitor.visitDecls(KeYParserBaseVisitor.java:30)
	at de.uka.ilkd.key.nparser.KeYParser$DeclsContext.accept(KeYParser.java:500)
	at org.antlr.v4.runtime.tree.AbstractParseTreeVisitor.visitChildren(AbstractParseTreeVisitor.java:46)
	at de.uka.ilkd.key.nparser.KeYParserBaseVisitor.visitFile(KeYParserBaseVisitor.java:23)
	at de.uka.ilkd.key.nparser.KeYParser$FileContext.accept(KeYParser.java:306)
	at de.uka.ilkd.key.nparser.KeyAst.accept(KeyAst.java:41)
	at de.uka.ilkd.key.nparser.KeyAst$File.getIncludes(KeyAst.java:76)
	at de.uka.ilkd.key.proof.io.KeYFile.readIncludes(KeYFile.java:208)
	... 14 more
Could not find rule file rules/intRulesCheckedSemantics.key (file: /home/runner/work/key/key/key.core/../key.ui/examples/index/.././heap/model_methods/Coll2_Coll2_add_pre.key; caused by: de.uka.ilkd.key.proof.init.ProofInputException: Could not find rule file rules/intRulesCheckedSemantics.key)
	at de.uka.ilkd.key.control.AbstractUserInterfaceControl.load(AbstractUserInterfaceControl.java:221)
	at de.uka.ilkd.key.control.KeYEnvironment.load(KeYEnvironment.java:251)
	at de.uka.ilkd.key.control.KeYEnvironment.load(KeYEnvironment.java:224)
	at de.uka.ilkd.key.control.KeYEnvironment.load(KeYEnvironment.java:184)
	at de.uka.ilkd.key.control.KeYEnvironment.load(KeYEnvironment.java:261)
	at de.uka.ilkd.key.proof.runallproofs.proofcollection.TestFile.load(TestFile.java:270)
	at de.uka.ilkd.key.proof.runallproofs.proofcollection.TestFile.runKey(TestFile.java:160)
	at de.uka.ilkd.key.proof.runallproofs.proofcollection.ForkedTestFileRunner.main(ForkedTestFileRunner.java:171)
Caused by: de.uka.ilkd.key.proof.init.ProofInputException: Could not find rule file rules/intRulesCheckedSemantics.key
	at de.uka.ilkd.key.proof.io.KeYFile.readIncludes(KeYFile.java:210)
	at de.uka.ilkd.key.proof.init.ProblemInitializer.readIncludes(ProblemInitializer.java:177)
	at de.uka.ilkd.key.proof.init.ProblemInitializer.readEnvInput(ProblemInitializer.java:325)
	at de.uka.ilkd.key.proof.init.ProblemInitializer.prepare(ProblemInitializer.java:449)
	at de.uka.ilkd.key.proof.io.AbstractProblemLoader.createInitConfig(AbstractProblemLoader.java:518)
	at de.uka.ilkd.key.proof.io.AbstractProblemLoader.loadEnvironment(AbstractProblemLoader.java:288)
	at de.uka.ilkd.key.proof.io.AbstractProblemLoader.load(AbstractProblemLoader.java:252)
	at de.uka.ilkd.key.control.AbstractUserInterfaceControl.load(AbstractUserInterfaceControl.java:209)
	... 7 more
Caused by: java.lang.RuntimeException: Could not find rule file rules/intRulesCheckedSemantics.key
	at de.uka.ilkd.key.proof.io.RuleSourceFactory.fromBuiltInRule(RuleSourceFactory.java:32)
	at de.uka.ilkd.key.proof.io.RuleSourceFactory.fromDefaultLocation(RuleSourceFactory.java:21)
	at de.uka.ilkd.key.nparser.builder.IncludeFinder.addInclude(IncludeFinder.java:63)
	at de.uka.ilkd.key.nparser.builder.IncludeFinder.visitOne_include(IncludeFinder.java:43)
	at de.uka.ilkd.key.nparser.builder.IncludeFinder.visitOne_include(IncludeFinder.java:20)
	at de.uka.ilkd.key.nparser.KeYParser$One_includeContext.accept(KeYParser.java:878)
	at de.uka.ilkd.key.nparser.builder.AbstractBuilder.lambda$mapOf$0(AbstractBuilder.java:112)
	at java.base/java.util.stream.ReferencePipeline$3$1.accept(ReferencePipeline.java:195)
	at java.base/java.util.ArrayList$ArrayListSpliterator.forEachRemaining(ArrayList.java:1655)
	at java.base/java.util.stream.AbstractPipeline.copyInto(AbstractPipeline.java:484)
	at java.base/java.util.stream.AbstractPipeline.wrapAndCopyInto(AbstractPipeline.java:474)
	at java.base/java.util.stream.ReduceOps$ReduceOp.evaluateSequential(ReduceOps.java:913)
	at java.base/java.util.stream.AbstractPipeline.evaluate(AbstractPipeline.java:234)
	at java.base/java.util.stream.ReferencePipeline.collect(ReferencePipeline.java:578)
	at de.uka.ilkd.key.nparser.builder.AbstractBuilder.mapOf(AbstractBuilder.java:112)
	at de.uka.ilkd.key.nparser.builder.IncludeFinder.visitOne_include_statement(IncludeFinder.java:35)
	at de.uka.ilkd.key.nparser.builder.IncludeFinder.visitOne_include_statement(IncludeFinder.java:20)
	at de.uka.ilkd.key.nparser.KeYParser$One_include_statementContext.accept(KeYParser.java:802)
	at org.antlr.v4.runtime.tree.AbstractParseTreeVisitor.visitChildren(AbstractParseTreeVisitor.java:46)
	at de.uka.ilkd.key.nparser.KeYParserBaseVisitor.visitDecls(KeYParserBaseVisitor.java:30)
	at de.uka.ilkd.key.nparser.KeYParser$DeclsContext.accept(KeYParser.java:500)
	at org.antlr.v4.runtime.tree.AbstractParseTreeVisitor.visitChildren(AbstractParseTreeVisitor.java:46)
	at de.uka.ilkd.key.nparser.KeYParserBaseVisitor.visitFile(KeYParserBaseVisitor.java:23)
	at de.uka.ilkd.key.nparser.KeYParser$FileContext.accept(KeYParser.java:306)
	at de.uka.ilkd.key.nparser.KeyAst.accept(KeyAst.java:41)
	at de.uka.ilkd.key.nparser.KeyAst$File.getIncludes(KeyAst.java:76)
	at de.uka.ilkd.key.proof.io.KeYFile.readIncludes(KeYFile.java:208)
	... 14 more
Could not find rule file rules/intRulesCheckedSemantics.key (file: /home/runner/work/key/key/key.core/../key.ui/examples/index/.././heap/model_methods/Coll2_Coll_add_pre.key; caused by: de.uka.ilkd.key.proof.init.ProofInputException: Could not find rule file rules/intRulesCheckedSemantics.key)
	at de.uka.ilkd.key.control.AbstractUserInterfaceControl.load(AbstractUserInterfaceControl.java:221)
	at de.uka.ilkd.key.control.KeYEnvironment.load(KeYEnvironment.java:251)
	at de.uka.ilkd.key.control.KeYEnvironment.load(KeYEnvironment.java:224)
	at de.uka.ilkd.key.control.KeYEnvironment.load(KeYEnvironment.java:184)
	at de.uka.ilkd.key.control.KeYEnvironment.load(KeYEnvironment.java:261)
	at de.uka.ilkd.key.proof.runallproofs.proofcollection.TestFile.load(TestFile.java:270)
	at de.uka.ilkd.key.proof.runallproofs.proofcollection.TestFile.runKey(TestFile.java:160)
	at de.uka.ilkd.key.proof.runallproofs.proofcollection.ForkedTestFileRunner.main(ForkedTestFileRunner.java:171)
Caused by: de.uka.ilkd.key.proof.init.ProofInputException: Could not find rule file rules/intRulesCheckedSemantics.key
	at de.uka.ilkd.key.proof.io.KeYFile.readIncludes(KeYFile.java:210)
	at de.uka.ilkd.key.proof.init.ProblemInitializer.readIncludes(ProblemInitializer.java:177)
	at de.uka.ilkd.key.proof.init.ProblemInitializer.readEnvInput(ProblemInitializer.java:325)
	at de.uka.ilkd.key.proof.init.ProblemInitializer.prepare(ProblemInitializer.java:449)
	at de.uka.ilkd.key.proof.io.AbstractProblemLoader.createInitConfig(AbstractProblemLoader.java:518)
	at de.uka.ilkd.key.proof.io.AbstractProblemLoader.loadEnvironment(AbstractProblemLoader.java:288)
	at de.uka.ilkd.key.proof.io.AbstractProblemLoader.load(AbstractProblemLoader.java:252)
	at de.uka.ilkd.key.control.AbstractUserInterfaceControl.load(AbstractUserInterfaceControl.java:209)
	... 7 more
Caused by: java.lang.RuntimeException: Could not find rule file rules/intRulesCheckedSemantics.key
	at de.uka.ilkd.key.proof.io.RuleSourceFactory.fromBuiltInRule(RuleSourceFactory.java:32)
	at de.uka.ilkd.key.proof.io.RuleSourceFactory.fromDefaultLocation(RuleSourceFactory.java:21)
	at de.uka.ilkd.key.nparser.builder.IncludeFinder.addInclude(IncludeFinder.java:63)
	at de.uka.ilkd.key.nparser.builder.IncludeFinder.visitOne_include(IncludeFinder.java:43)
	at de.uka.ilkd.key.nparser.builder.IncludeFinder.visitOne_include(IncludeFinder.java:20)
	at de.uka.ilkd.key.nparser.KeYParser$One_includeContext.accept(KeYParser.java:878)
	at de.uka.ilkd.key.nparser.builder.AbstractBuilder.lambda$mapOf$0(AbstractBuilder.java:112)
	at java.base/java.util.stream.ReferencePipeline$3$1.accept(ReferencePipeline.java:195)
	at java.base/java.util.ArrayList$ArrayListSpliterator.forEachRemaining(ArrayList.java:1655)
	at java.base/java.util.stream.AbstractPipeline.copyInto(AbstractPipeline.java:484)
	at java.base/java.util.stream.AbstractPipeline.wrapAndCopyInto(AbstractPipeline.java:474)
	at java.base/java.util.stream.ReduceOps$ReduceOp.evaluateSequential(ReduceOps.java:913)
	at java.base/java.util.stream.AbstractPipeline.evaluate(AbstractPipeline.java:234)
	at java.base/java.util.stream.ReferencePipeline.collect(ReferencePipeline.java:578)
	at de.uka.ilkd.key.nparser.builder.AbstractBuilder.mapOf(AbstractBuilder.java:112)
	at de.uka.ilkd.key.nparser.builder.IncludeFinder.visitOne_include_statement(IncludeFinder.java:35)
	at de.uka.ilkd.key.nparser.builder.IncludeFinder.visitOne_include_statement(IncludeFinder.java:20)
	at de.uka.ilkd.key.nparser.KeYParser$One_include_statementContext.accept(KeYParser.java:802)
	at org.antlr.v4.runtime.tree.AbstractParseTreeVisitor.visitChildren(AbstractParseTreeVisitor.java:46)
	at de.uka.ilkd.key.nparser.KeYParserBaseVisitor.visitDecls(KeYParserBaseVisitor.java:30)
	at de.uka.ilkd.key.nparser.KeYParser$DeclsContext.accept(KeYParser.java:500)
	at org.antlr.v4.runtime.tree.AbstractParseTreeVisitor.visitChildren(AbstractParseTreeVisitor.java:46)
	at de.uka.ilkd.key.nparser.KeYParserBaseVisitor.visitFile(KeYParserBaseVisitor.java:23)
	at de.uka.ilkd.key.nparser.KeYParser$FileContext.accept(KeYParser.java:306)
	at de.uka.ilkd.key.nparser.KeyAst.accept(KeyAst.java:41)
	at de.uka.ilkd.key.nparser.KeyAst$File.getIncludes(KeyAst.java:76)
	at de.uka.ilkd.key.proof.io.KeYFile.readIncludes(KeYFile.java:208)
	... 14 more
Could not find rule file rules/intRulesCheckedSemantics.key (file: /home/runner/work/key/key/key.core/../key.ui/examples/index/.././heap/model_methods/Coll_add.key; caused by: de.uka.ilkd.key.proof.init.ProofInputException: Could not find rule file rules/intRulesCheckedSemantics.key)
	at de.uka.ilkd.key.control.AbstractUserInterfaceControl.load(AbstractUserInterfaceControl.java:221)
	at de.uka.ilkd.key.control.KeYEnvironment.load(KeYEnvironment.java:251)
	at de.uka.ilkd.key.control.KeYEnvironment.load(KeYEnvironment.java:224)
	at de.uka.ilkd.key.control.KeYEnvironment.load(KeYEnvironment.java:184)
	at de.uka.ilkd.key.control.KeYEnvironment.load(KeYEnvironment.java:261)
	at de.uka.ilkd.key.proof.runallproofs.proofcollection.TestFile.load(TestFile.java:270)
	at de.uka.ilkd.key.proof.runallproofs.proofcollection.TestFile.runKey(TestFile.java:160)
	at de.uka.ilkd.key.proof.runallproofs.proofcollection.ForkedTestFileRunner.main(ForkedTestFileRunner.java:171)
Caused by: de.uka.ilkd.key.proof.init.ProofInputException: Could not find rule file rules/intRulesCheckedSemantics.key
	at de.uka.ilkd.key.proof.io.KeYFile.readIncludes(KeYFile.java:210)
	at de.uka.ilkd.key.proof.init.ProblemInitializer.readIncludes(ProblemInitializer.java:177)
	at de.uka.ilkd.key.proof.init.ProblemInitializer.readEnvInput(ProblemInitializer.java:325)
	at de.uka.ilkd.key.proof.init.ProblemInitializer.prepare(ProblemInitializer.java:449)
	at de.uka.ilkd.key.proof.io.AbstractProblemLoader.createInitConfig(AbstractProblemLoader.java:518)
	at de.uka.ilkd.key.proof.io.AbstractProblemLoader.loadEnvironment(AbstractProblemLoader.java:288)
	at de.uka.ilkd.key.proof.io.AbstractProblemLoader.load(AbstractProblemLoader.java:252)
	at de.uka.ilkd.key.control.AbstractUserInterfaceControl.load(AbstractUserInterfaceControl.java:209)
	... 7 more
Caused by: java.lang.RuntimeException: Could not find rule file rules/intRulesCheckedSemantics.key
	at de.uka.ilkd.key.proof.io.RuleSourceFactory.fromBuiltInRule(RuleSourceFactory.java:32)
	at de.uka.ilkd.key.proof.io.RuleSourceFactory.fromDefaultLocation(RuleSourceFactory.java:21)
	at de.uka.ilkd.key.nparser.builder.IncludeFinder.addInclude(IncludeFinder.java:63)
	at de.uka.ilkd.key.nparser.builder.IncludeFinder.visitOne_include(IncludeFinder.java:43)
	at de.uka.ilkd.key.nparser.builder.IncludeFinder.visitOne_include(IncludeFinder.java:20)
	at de.uka.ilkd.key.nparser.KeYParser$One_includeContext.accept(KeYParser.java:878)
	at de.uka.ilkd.key.nparser.builder.AbstractBuilder.lambda$mapOf$0(AbstractBuilder.java:112)
	at java.base/java.util.stream.ReferencePipeline$3$1.accept(ReferencePipeline.java:195)
	at java.base/java.util.ArrayList$ArrayListSpliterator.forEachRemaining(ArrayList.java:1655)
	at java.base/java.util.stream.AbstractPipeline.copyInto(AbstractPipeline.java:484)
	at java.base/java.util.stream.AbstractPipeline.wrapAndCopyInto(AbstractPipeline.java:474)
	at java.base/java.util.stream.ReduceOps$ReduceOp.evaluateSequential(ReduceOps.java:913)
	at java.base/java.util.stream.AbstractPipeline.evaluate(AbstractPipeline.java:234)
	at java.base/java.util.stream.ReferencePipeline.collect(ReferencePipeline.java:578)
	at de.uka.ilkd.key.nparser.builder.AbstractBuilder.mapOf(AbstractBuilder.java:112)
	at de.uka.ilkd.key.nparser.builder.IncludeFinder.visitOne_include_statement(IncludeFinder.java:35)
	at de.uka.ilkd.key.nparser.builder.IncludeFinder.visitOne_include_statement(IncludeFinder.java:20)
	at de.uka.ilkd.key.nparser.KeYParser$One_include_statementContext.accept(KeYParser.java:802)
	at org.antlr.v4.runtime.tree.AbstractParseTreeVisitor.visitChildren(AbstractParseTreeVisitor.java:46)
	at de.uka.ilkd.key.nparser.KeYParserBaseVisitor.visitDecls(KeYParserBaseVisitor.java:30)
	at de.uka.ilkd.key.nparser.KeYParser$DeclsContext.accept(KeYParser.java:500)
	at org.antlr.v4.runtime.tree.AbstractParseTreeVisitor.visitChildren(AbstractParseTreeVisitor.java:46)
	at de.uka.ilkd.key.nparser.KeYParserBaseVisitor.visitFile(KeYParserBaseVisitor.java:23)
	at de.uka.ilkd.key.nparser.KeYParser$FileContext.accept(KeYParser.java:306)
	at de.uka.ilkd.key.nparser.KeyAst.accept(KeyAst.java:41)
	at de.uka.ilkd.key.nparser.KeyAst$File.getIncludes(KeyAst.java:76)
	at de.uka.ilkd.key.proof.io.KeYFile.readIncludes(KeYFile.java:208)
	... 14 more
Could not find rule file rules/intRulesCheckedSemantics.key (file: /home/runner/work/key/key/key.core/../key.ui/examples/index/.././heap/model_methods/Coll_add_pre.key; caused by: de.uka.ilkd.key.proof.init.ProofInputException: Could not find rule file rules/intRulesCheckedSemantics.key)
	at de.uka.ilkd.key.control.AbstractUserInterfaceControl.load(AbstractUserInterfaceControl.java:221)
	at de.uka.ilkd.key.control.KeYEnvironment.load(KeYEnvironment.java:251)
	at de.uka.ilkd.key.control.KeYEnvironment.load(KeYEnvironment.java:224)
	at de.uka.ilkd.key.control.KeYEnvironment.load(KeYEnvironment.java:184)
	at de.uka.ilkd.key.control.KeYEnvironment.load(KeYEnvironment.java:261)
	at de.uka.ilkd.key.proof.runallproofs.proofcollection.TestFile.load(TestFile.java:270)
	at de.uka.ilkd.key.proof.runallproofs.proofcollection.TestFile.runKey(TestFile.java:160)
	at de.uka.ilkd.key.proof.runallproofs.proofcollection.ForkedTestFileRunner.main(ForkedTestFileRunner.java:171)
Caused by: de.uka.ilkd.key.proof.init.ProofInputException: Could not find rule file rules/intRulesCheckedSemantics.key
	at de.uka.ilkd.key.proof.io.KeYFile.readIncludes(KeYFile.java:210)
	at de.uka.ilkd.key.proof.init.ProblemInitializer.readIncludes(ProblemInitializer.java:177)
	at de.uka.ilkd.key.proof.init.ProblemInitializer.readEnvInput(ProblemInitializer.java:325)
	at de.uka.ilkd.key.proof.init.ProblemInitializer.prepare(ProblemInitializer.java:449)
	at de.uka.ilkd.key.proof.io.AbstractProblemLoader.createInitConfig(AbstractProblemLoader.java:518)
	at de.uka.ilkd.key.proof.io.AbstractProblemLoader.loadEnvironment(AbstractProblemLoader.java:288)
	at de.uka.ilkd.key.proof.io.AbstractProblemLoader.load(AbstractProblemLoader.java:252)
	at de.uka.ilkd.key.control.AbstractUserInterfaceControl.load(AbstractUserInterfaceControl.java:209)
	... 7 more
Caused by: java.lang.RuntimeException: Could not find rule file rules/intRulesCheckedSemantics.key
	at de.uka.ilkd.key.proof.io.RuleSourceFactory.fromBuiltInRule(RuleSourceFactory.java:32)
	at de.uka.ilkd.key.proof.io.RuleSourceFactory.fromDefaultLocation(RuleSourceFactory.java:21)
	at de.uka.ilkd.key.nparser.builder.IncludeFinder.addInclude(IncludeFinder.java:63)
	at de.uka.ilkd.key.nparser.builder.IncludeFinder.visitOne_include(IncludeFinder.java:43)
	at de.uka.ilkd.key.nparser.builder.IncludeFinder.visitOne_include(IncludeFinder.java:20)
	at de.uka.ilkd.key.nparser.KeYParser$One_includeContext.accept(KeYParser.java:878)
	at de.uka.ilkd.key.nparser.builder.AbstractBuilder.lambda$mapOf$0(AbstractBuilder.java:112)
	at java.base/java.util.stream.ReferencePipeline$3$1.accept(ReferencePipeline.java:195)
	at java.base/java.util.ArrayList$ArrayListSpliterator.forEachRemaining(ArrayList.java:1655)
	at java.base/java.util.stream.AbstractPipeline.copyInto(AbstractPipeline.java:484)
	at java.base/java.util.stream.AbstractPipeline.wrapAndCopyInto(AbstractPipeline.java:474)
	at java.base/java.util.stream.ReduceOps$ReduceOp.evaluateSequential(ReduceOps.java:913)
	at java.base/java.util.stream.AbstractPipeline.evaluate(AbstractPipeline.java:234)
	at java.base/java.util.stream.ReferencePipeline.collect(ReferencePipeline.java:578)
	at de.uka.ilkd.key.nparser.builder.AbstractBuilder.mapOf(AbstractBuilder.java:112)
	at de.uka.ilkd.key.nparser.builder.IncludeFinder.visitOne_include_statement(IncludeFinder.java:35)
	at de.uka.ilkd.key.nparser.builder.IncludeFinder.visitOne_include_statement(IncludeFinder.java:20)
	at de.uka.ilkd.key.nparser.KeYParser$One_include_statementContext.accept(KeYParser.java:802)
	at org.antlr.v4.runtime.tree.AbstractParseTreeVisitor.visitChildren(AbstractParseTreeVisitor.java:46)
	at de.uka.ilkd.key.nparser.KeYParserBaseVisitor.visitDecls(KeYParserBaseVisitor.java:30)
	at de.uka.ilkd.key.nparser.KeYParser$DeclsContext.accept(KeYParser.java:500)
	at org.antlr.v4.runtime.tree.AbstractParseTreeVisitor.visitChildren(AbstractParseTreeVisitor.java:46)
	at de.uka.ilkd.key.nparser.KeYParserBaseVisitor.visitFile(KeYParserBaseVisitor.java:23)
	at de.uka.ilkd.key.nparser.KeYParser$FileContext.accept(KeYParser.java:306)
	at de.uka.ilkd.key.nparser.KeyAst.accept(KeyAst.java:41)
	at de.uka.ilkd.key.nparser.KeyAst$File.getIncludes(KeyAst.java:76)
	at de.uka.ilkd.key.proof.io.KeYFile.readIncludes(KeYFile.java:208)
	... 14 more
Could not find rule file rules/intRulesCheckedSemantics.key (file: /home/runner/work/key/key/key.core/../key.ui/examples/index/.././heap/model_methods/Indirect_callAdd.key; caused by: de.uka.ilkd.key.proof.init.ProofInputException: Could not find rule file rules/intRulesCheckedSemantics.key)
	at de.uka.ilkd.key.control.AbstractUserInterfaceControl.load(AbstractUserInterfaceControl.java:221)
	at de.uka.ilkd.key.control.KeYEnvironment.load(KeYEnvironment.java:251)
	at de.uka.ilkd.key.control.KeYEnvironment.load(KeYEnvironment.java:224)
	at de.uka.ilkd.key.control.KeYEnvironment.load(KeYEnvironment.java:184)
	at de.uka.ilkd.key.control.KeYEnvironment.load(KeYEnvironment.java:261)
	at de.uka.ilkd.key.proof.runallproofs.proofcollection.TestFile.load(TestFile.java:270)
	at de.uka.ilkd.key.proof.runallproofs.proofcollection.TestFile.runKey(TestFile.java:160)
	at de.uka.ilkd.key.proof.runallproofs.proofcollection.ForkedTestFileRunner.main(ForkedTestFileRunner.java:171)
Caused by: de.uka.ilkd.key.proof.init.ProofInputException: Could not find rule file rules/intRulesCheckedSemantics.key
	at de.uka.ilkd.key.proof.io.KeYFile.readIncludes(KeYFile.java:210)
	at de.uka.ilkd.key.proof.init.ProblemInitializer.readIncludes(ProblemInitializer.java:177)
	at de.uka.ilkd.key.proof.init.ProblemInitializer.readEnvInput(ProblemInitializer.java:325)
	at de.uka.ilkd.key.proof.init.ProblemInitializer.prepare(ProblemInitializer.java:449)
	at de.uka.ilkd.key.proof.io.AbstractProblemLoader.createInitConfig(AbstractProblemLoader.java:518)
	at de.uka.ilkd.key.proof.io.AbstractProblemLoader.loadEnvironment(AbstractProblemLoader.java:288)
	at de.uka.ilkd.key.proof.io.AbstractProblemLoader.load(AbstractProblemLoader.java:252)
	at de.uka.ilkd.key.control.AbstractUserInterfaceControl.load(AbstractUserInterfaceControl.java:209)
	... 7 more
Caused by: java.lang.RuntimeException: Could not find rule file rules/intRulesCheckedSemantics.key
	at de.uka.ilkd.key.proof.io.RuleSourceFactory.fromBuiltInRule(RuleSourceFactory.java:32)
	at de.uka.ilkd.key.proof.io.RuleSourceFactory.fromDefaultLocation(RuleSourceFactory.java:21)
	at de.uka.ilkd.key.nparser.builder.IncludeFinder.addInclude(IncludeFinder.java:63)
	at de.uka.ilkd.key.nparser.builder.IncludeFinder.visitOne_include(IncludeFinder.java:43)
	at de.uka.ilkd.key.nparser.builder.IncludeFinder.visitOne_include(IncludeFinder.java:20)
	at de.uka.ilkd.key.nparser.KeYParser$One_includeContext.accept(KeYParser.java:878)
	at de.uka.ilkd.key.nparser.builder.AbstractBuilder.lambda$mapOf$0(AbstractBuilder.java:112)
	at java.base/java.util.stream.ReferencePipeline$3$1.accept(ReferencePipeline.java:195)
	at java.base/java.util.ArrayList$ArrayListSpliterator.forEachRemaining(ArrayList.java:1655)
	at java.base/java.util.stream.AbstractPipeline.copyInto(AbstractPipeline.java:484)
	at java.base/java.util.stream.AbstractPipeline.wrapAndCopyInto(AbstractPipeline.java:474)
	at java.base/java.util.stream.ReduceOps$ReduceOp.evaluateSequential(ReduceOps.java:913)
	at java.base/java.util.stream.AbstractPipeline.evaluate(AbstractPipeline.java:234)
	at java.base/java.util.stream.ReferencePipeline.collect(ReferencePipeline.java:578)
	at de.uka.ilkd.key.nparser.builder.AbstractBuilder.mapOf(AbstractBuilder.java:112)
	at de.uka.ilkd.key.nparser.builder.IncludeFinder.visitOne_include_statement(IncludeFinder.java:35)
	at de.uka.ilkd.key.nparser.builder.IncludeFinder.visitOne_include_statement(IncludeFinder.java:20)
	at de.uka.ilkd.key.nparser.KeYParser$One_include_statementContext.accept(KeYParser.java:802)
	at org.antlr.v4.runtime.tree.AbstractParseTreeVisitor.visitChildren(AbstractParseTreeVisitor.java:46)
	at de.uka.ilkd.key.nparser.KeYParserBaseVisitor.visitDecls(KeYParserBaseVisitor.java:30)
	at de.uka.ilkd.key.nparser.KeYParser$DeclsContext.accept(KeYParser.java:500)
	at org.antlr.v4.runtime.tree.AbstractParseTreeVisitor.visitChildren(AbstractParseTreeVisitor.java:46)
	at de.uka.ilkd.key.nparser.KeYParserBaseVisitor.visitFile(KeYParserBaseVisitor.java:23)
	at de.uka.ilkd.key.nparser.KeYParser$FileContext.accept(KeYParser.java:306)
	at de.uka.ilkd.key.nparser.KeyAst.accept(KeyAst.java:41)
	at de.uka.ilkd.key.nparser.KeyAst$File.getIncludes(KeyAst.java:76)
	at de.uka.ilkd.key.proof.io.KeYFile.readIncludes(KeYFile.java:208)
	... 14 more
Could not find rule file rules/intRulesCheckedSemantics.key (file: /home/runner/work/key/key/key.core/../key.ui/examples/index/.././heap/model_methods/Indirect_test.key; caused by: de.uka.ilkd.key.proof.init.ProofInputException: Could not find rule file rules/intRulesCheckedSemantics.key)
	at de.uka.ilkd.key.control.AbstractUserInterfaceControl.load(AbstractUserInterfaceControl.java:221)
	at de.uka.ilkd.key.control.KeYEnvironment.load(KeYEnvironment.java:251)
	at de.uka.ilkd.key.control.KeYEnvironment.load(KeYEnvironment.java:224)
	at de.uka.ilkd.key.control.KeYEnvironment.load(KeYEnvironment.java:184)
	at de.uka.ilkd.key.control.KeYEnvironment.load(KeYEnvironment.java:261)
	at de.uka.ilkd.key.proof.runallproofs.proofcollection.TestFile.load(TestFile.java:270)
	at de.uka.ilkd.key.proof.runallproofs.proofcollection.TestFile.runKey(TestFile.java:160)
	at de.uka.ilkd.key.proof.runallproofs.proofcollection.ForkedTestFileRunner.main(ForkedTestFileRunner.java:171)
Caused by: de.uka.ilkd.key.proof.init.ProofInputException: Could not find rule file rules/intRulesCheckedSemantics.key
	at de.uka.ilkd.key.proof.io.KeYFile.readIncludes(KeYFile.java:210)
	at de.uka.ilkd.key.proof.init.ProblemInitializer.readIncludes(ProblemInitializer.java:177)
	at de.uka.ilkd.key.proof.init.ProblemInitializer.readEnvInput(ProblemInitializer.java:325)
	at de.uka.ilkd.key.proof.init.ProblemInitializer.prepare(ProblemInitializer.java:449)
	at de.uka.ilkd.key.proof.io.AbstractProblemLoader.createInitConfig(AbstractProblemLoader.java:518)
	at de.uka.ilkd.key.proof.io.AbstractProblemLoader.loadEnvironment(AbstractProblemLoader.java:288)
	at de.uka.ilkd.key.proof.io.AbstractProblemLoader.load(AbstractProblemLoader.java:252)
	at de.uka.ilkd.key.control.AbstractUserInterfaceControl.load(AbstractUserInterfaceControl.java:209)
	... 7 more
Caused by: java.lang.RuntimeException: Could not find rule file rules/intRulesCheckedSemantics.key
	at de.uka.ilkd.key.proof.io.RuleSourceFactory.fromBuiltInRule(RuleSourceFactory.java:32)
	at de.uka.ilkd.key.proof.io.RuleSourceFactory.fromDefaultLocation(RuleSourceFactory.java:21)
	at de.uka.ilkd.key.nparser.builder.IncludeFinder.addInclude(IncludeFinder.java:63)
	at de.uka.ilkd.key.nparser.builder.IncludeFinder.visitOne_include(IncludeFinder.java:43)
	at de.uka.ilkd.key.nparser.builder.IncludeFinder.visitOne_include(IncludeFinder.java:20)
	at de.uka.ilkd.key.nparser.KeYParser$One_includeContext.accept(KeYParser.java:878)
	at de.uka.ilkd.key.nparser.builder.AbstractBuilder.lambda$mapOf$0(AbstractBuilder.java:112)
	at java.base/java.util.stream.ReferencePipeline$3$1.accept(ReferencePipeline.java:195)
	at java.base/java.util.ArrayList$ArrayListSpliterator.forEachRemaining(ArrayList.java:1655)
	at java.base/java.util.stream.AbstractPipeline.copyInto(AbstractPipeline.java:484)
	at java.base/java.util.stream.AbstractPipeline.wrapAndCopyInto(AbstractPipeline.java:474)
	at java.base/java.util.stream.ReduceOps$ReduceOp.evaluateSequential(ReduceOps.java:913)
	at java.base/java.util.stream.AbstractPipeline.evaluate(AbstractPipeline.java:234)
	at java.base/java.util.stream.ReferencePipeline.collect(ReferencePipeline.java:578)
	at de.uka.ilkd.key.nparser.builder.AbstractBuilder.mapOf(AbstractBuilder.java:112)
	at de.uka.ilkd.key.nparser.builder.IncludeFinder.visitOne_include_statement(IncludeFinder.java:35)
	at de.uka.ilkd.key.nparser.builder.IncludeFinder.visitOne_include_statement(IncludeFinder.java:20)
	at de.uka.ilkd.key.nparser.KeYParser$One_include_statementContext.accept(KeYParser.java:802)
	at org.antlr.v4.runtime.tree.AbstractParseTreeVisitor.visitChildren(AbstractParseTreeVisitor.java:46)
	at de.uka.ilkd.key.nparser.KeYParserBaseVisitor.visitDecls(KeYParserBaseVisitor.java:30)
	at de.uka.ilkd.key.nparser.KeYParser$DeclsContext.accept(KeYParser.java:500)
	at org.antlr.v4.runtime.tree.AbstractParseTreeVisitor.visitChildren(AbstractParseTreeVisitor.java:46)
	at de.uka.ilkd.key.nparser.KeYParserBaseVisitor.visitFile(KeYParserBaseVisitor.java:23)
	at de.uka.ilkd.key.nparser.KeYParser$FileContext.accept(KeYParser.java:306)
	at de.uka.ilkd.key.nparser.KeyAst.accept(KeyAst.java:41)
	at de.uka.ilkd.key.nparser.KeyAst$File.getIncludes(KeyAst.java:76)
	at de.uka.ilkd.key.proof.io.KeYFile.readIncludes(KeYFile.java:208)
	... 14 more
Could not find rule file rules/intRulesCheckedSemantics.key (file: /home/runner/work/key/key/key.core/../key.ui/examples/index/.././heap/model_methods/Recell_Cell_footprint.key; caused by: de.uka.ilkd.key.proof.init.ProofInputException: Could not find rule file rules/intRulesCheckedSemantics.key)
	at de.uka.ilkd.key.control.AbstractUserInterfaceControl.load(AbstractUserInterfaceControl.java:221)
	at de.uka.ilkd.key.control.KeYEnvironment.load(KeYEnvironment.java:251)
	at de.uka.ilkd.key.control.KeYEnvironment.load(KeYEnvironment.java:224)
	at de.uka.ilkd.key.control.KeYEnvironment.load(KeYEnvironment.java:184)
	at de.uka.ilkd.key.control.KeYEnvironment.load(KeYEnvironment.java:261)
	at de.uka.ilkd.key.proof.runallproofs.proofcollection.TestFile.load(TestFile.java:270)
	at de.uka.ilkd.key.proof.runallproofs.proofcollection.TestFile.runKey(TestFile.java:160)
	at de.uka.ilkd.key.proof.runallproofs.proofcollection.ForkedTestFileRunner.main(ForkedTestFileRunner.java:171)
Caused by: de.uka.ilkd.key.proof.init.ProofInputException: Could not find rule file rules/intRulesCheckedSemantics.key
	at de.uka.ilkd.key.proof.io.KeYFile.readIncludes(KeYFile.java:210)
	at de.uka.ilkd.key.proof.init.ProblemInitializer.readIncludes(ProblemInitializer.java:177)
	at de.uka.ilkd.key.proof.init.ProblemInitializer.readEnvInput(ProblemInitializer.java:325)
	at de.uka.ilkd.key.proof.init.ProblemInitializer.prepare(ProblemInitializer.java:449)
	at de.uka.ilkd.key.proof.io.AbstractProblemLoader.createInitConfig(AbstractProblemLoader.java:518)
	at de.uka.ilkd.key.proof.io.AbstractProblemLoader.loadEnvironment(AbstractProblemLoader.java:288)
	at de.uka.ilkd.key.proof.io.AbstractProblemLoader.load(AbstractProblemLoader.java:252)
	at de.uka.ilkd.key.control.AbstractUserInterfaceControl.load(AbstractUserInterfaceControl.java:209)
	... 7 more
Caused by: java.lang.RuntimeException: Could not find rule file rules/intRulesCheckedSemantics.key
	at de.uka.ilkd.key.proof.io.RuleSourceFactory.fromBuiltInRule(RuleSourceFactory.java:32)
	at de.uka.ilkd.key.proof.io.RuleSourceFactory.fromDefaultLocation(RuleSourceFactory.java:21)
	at de.uka.ilkd.key.nparser.builder.IncludeFinder.addInclude(IncludeFinder.java:63)
	at de.uka.ilkd.key.nparser.builder.IncludeFinder.visitOne_include(IncludeFinder.java:43)
	at de.uka.ilkd.key.nparser.builder.IncludeFinder.visitOne_include(IncludeFinder.java:20)
	at de.uka.ilkd.key.nparser.KeYParser$One_includeContext.accept(KeYParser.java:878)
	at de.uka.ilkd.key.nparser.builder.AbstractBuilder.lambda$mapOf$0(AbstractBuilder.java:112)
	at java.base/java.util.stream.ReferencePipeline$3$1.accept(ReferencePipeline.java:195)
	at java.base/java.util.ArrayList$ArrayListSpliterator.forEachRemaining(ArrayList.java:1655)
	at java.base/java.util.stream.AbstractPipeline.copyInto(AbstractPipeline.java:484)
	at java.base/java.util.stream.AbstractPipeline.wrapAndCopyInto(AbstractPipeline.java:474)
	at java.base/java.util.stream.ReduceOps$ReduceOp.evaluateSequential(ReduceOps.java:913)
	at java.base/java.util.stream.AbstractPipeline.evaluate(AbstractPipeline.java:234)
	at java.base/java.util.stream.ReferencePipeline.collect(ReferencePipeline.java:578)
	at de.uka.ilkd.key.nparser.builder.AbstractBuilder.mapOf(AbstractBuilder.java:112)
	at de.uka.ilkd.key.nparser.builder.IncludeFinder.visitOne_include_statement(IncludeFinder.java:35)
	at de.uka.ilkd.key.nparser.builder.IncludeFinder.visitOne_include_statement(IncludeFinder.java:20)
	at de.uka.ilkd.key.nparser.KeYParser$One_include_statementContext.accept(KeYParser.java:802)
	at org.antlr.v4.runtime.tree.AbstractParseTreeVisitor.visitChildren(AbstractParseTreeVisitor.java:46)
	at de.uka.ilkd.key.nparser.KeYParserBaseVisitor.visitDecls(KeYParserBaseVisitor.java:30)
	at de.uka.ilkd.key.nparser.KeYParser$DeclsContext.accept(KeYParser.java:500)
	at org.antlr.v4.runtime.tree.AbstractParseTreeVisitor.visitChildren(AbstractParseTreeVisitor.java:46)
	at de.uka.ilkd.key.nparser.KeYParserBaseVisitor.visitFile(KeYParserBaseVisitor.java:23)
	at de.uka.ilkd.key.nparser.KeYParser$FileContext.accept(KeYParser.java:306)
	at de.uka.ilkd.key.nparser.KeyAst.accept(KeyAst.java:41)
	at de.uka.ilkd.key.nparser.KeyAst$File.getIncludes(KeyAst.java:76)
	at de.uka.ilkd.key.proof.io.KeYFile.readIncludes(KeYFile.java:208)
	... 14 more
Could not find rule file rules/intRulesCheckedSemantics.key (file: /home/runner/work/key/key/key.core/../key.ui/examples/index/.././heap/model_methods/Recell_Cell_post_set.key; caused by: de.uka.ilkd.key.proof.init.ProofInputException: Could not find rule file rules/intRulesCheckedSemantics.key)
	at de.uka.ilkd.key.control.AbstractUserInterfaceControl.load(AbstractUserInterfaceControl.java:221)
	at de.uka.ilkd.key.control.KeYEnvironment.load(KeYEnvironment.java:251)
	at de.uka.ilkd.key.control.KeYEnvironment.load(KeYEnvironment.java:224)
	at de.uka.ilkd.key.control.KeYEnvironment.load(KeYEnvironment.java:184)
	at de.uka.ilkd.key.control.KeYEnvironment.load(KeYEnvironment.java:261)
	at de.uka.ilkd.key.proof.runallproofs.proofcollection.TestFile.load(TestFile.java:270)
	at de.uka.ilkd.key.proof.runallproofs.proofcollection.TestFile.runKey(TestFile.java:160)
	at de.uka.ilkd.key.proof.runallproofs.proofcollection.ForkedTestFileRunner.main(ForkedTestFileRunner.java:171)
Caused by: de.uka.ilkd.key.proof.init.ProofInputException: Could not find rule file rules/intRulesCheckedSemantics.key
	at de.uka.ilkd.key.proof.io.KeYFile.readIncludes(KeYFile.java:210)
	at de.uka.ilkd.key.proof.init.ProblemInitializer.readIncludes(ProblemInitializer.java:177)
	at de.uka.ilkd.key.proof.init.ProblemInitializer.readEnvInput(ProblemInitializer.java:325)
	at de.uka.ilkd.key.proof.init.ProblemInitializer.prepare(ProblemInitializer.java:449)
	at de.uka.ilkd.key.proof.io.AbstractProblemLoader.createInitConfig(AbstractProblemLoader.java:518)
	at de.uka.ilkd.key.proof.io.AbstractProblemLoader.loadEnvironment(AbstractProblemLoader.java:288)
	at de.uka.ilkd.key.proof.io.AbstractProblemLoader.load(AbstractProblemLoader.java:252)
	at de.uka.ilkd.key.control.AbstractUserInterfaceControl.load(AbstractUserInterfaceControl.java:209)
	... 7 more
Caused by: java.lang.RuntimeException: Could not find rule file rules/intRulesCheckedSemantics.key
	at de.uka.ilkd.key.proof.io.RuleSourceFactory.fromBuiltInRule(RuleSourceFactory.java:32)
	at de.uka.ilkd.key.proof.io.RuleSourceFactory.fromDefaultLocation(RuleSourceFactory.java:21)
	at de.uka.ilkd.key.nparser.builder.IncludeFinder.addInclude(IncludeFinder.java:63)
	at de.uka.ilkd.key.nparser.builder.IncludeFinder.visitOne_include(IncludeFinder.java:43)
	at de.uka.ilkd.key.nparser.builder.IncludeFinder.visitOne_include(IncludeFinder.java:20)
	at de.uka.ilkd.key.nparser.KeYParser$One_includeContext.accept(KeYParser.java:878)
	at de.uka.ilkd.key.nparser.builder.AbstractBuilder.lambda$mapOf$0(AbstractBuilder.java:112)
	at java.base/java.util.stream.ReferencePipeline$3$1.accept(ReferencePipeline.java:195)
	at java.base/java.util.ArrayList$ArrayListSpliterator.forEachRemaining(ArrayList.java:1655)
	at java.base/java.util.stream.AbstractPipeline.copyInto(AbstractPipeline.java:484)
	at java.base/java.util.stream.AbstractPipeline.wrapAndCopyInto(AbstractPipeline.java:474)
	at java.base/java.util.stream.ReduceOps$ReduceOp.evaluateSequential(ReduceOps.java:913)
	at java.base/java.util.stream.AbstractPipeline.evaluate(AbstractPipeline.java:234)
	at java.base/java.util.stream.ReferencePipeline.collect(ReferencePipeline.java:578)
	at de.uka.ilkd.key.nparser.builder.AbstractBuilder.mapOf(AbstractBuilder.java:112)
	at de.uka.ilkd.key.nparser.builder.IncludeFinder.visitOne_include_statement(IncludeFinder.java:35)
	at de.uka.ilkd.key.nparser.builder.IncludeFinder.visitOne_include_statement(IncludeFinder.java:20)
	at de.uka.ilkd.key.nparser.KeYParser$One_include_statementContext.accept(KeYParser.java:802)
	at org.antlr.v4.runtime.tree.AbstractParseTreeVisitor.visitChildren(AbstractParseTreeVisitor.java:46)
	at de.uka.ilkd.key.nparser.KeYParserBaseVisitor.visitDecls(KeYParserBaseVisitor.java:30)
	at de.uka.ilkd.key.nparser.KeYParser$DeclsContext.accept(KeYParser.java:500)
	at org.antlr.v4.runtime.tree.AbstractParseTreeVisitor.visitChildren(AbstractParseTreeVisitor.java:46)
	at de.uka.ilkd.key.nparser.KeYParserBaseVisitor.visitFile(KeYParserBaseVisitor.java:23)
	at de.uka.ilkd.key.nparser.KeYParser$FileContext.accept(KeYParser.java:306)
	at de.uka.ilkd.key.nparser.KeyAst.accept(KeyAst.java:41)
	at de.uka.ilkd.key.nparser.KeyAst$File.getIncludes(KeyAst.java:76)
	at de.uka.ilkd.key.proof.io.KeYFile.readIncludes(KeYFile.java:208)
	... 14 more
Could not find rule file rules/intRulesCheckedSemantics.key (file: /home/runner/work/key/key/key.core/../key.ui/examples/index/.././heap/model_methods/Recell_footprint_acc.key; caused by: de.uka.ilkd.key.proof.init.ProofInputException: Could not find rule file rules/intRulesCheckedSemantics.key)
	at de.uka.ilkd.key.control.AbstractUserInterfaceControl.load(AbstractUserInterfaceControl.java:221)
	at de.uka.ilkd.key.control.KeYEnvironment.load(KeYEnvironment.java:251)
	at de.uka.ilkd.key.control.KeYEnvironment.load(KeYEnvironment.java:224)
	at de.uka.ilkd.key.control.KeYEnvironment.load(KeYEnvironment.java:184)
	at de.uka.ilkd.key.control.KeYEnvironment.load(KeYEnvironment.java:261)
	at de.uka.ilkd.key.proof.runallproofs.proofcollection.TestFile.load(TestFile.java:270)
	at de.uka.ilkd.key.proof.runallproofs.proofcollection.TestFile.runKey(TestFile.java:160)
	at de.uka.ilkd.key.proof.runallproofs.proofcollection.ForkedTestFileRunner.main(ForkedTestFileRunner.java:171)
Caused by: de.uka.ilkd.key.proof.init.ProofInputException: Could not find rule file rules/intRulesCheckedSemantics.key
	at de.uka.ilkd.key.proof.io.KeYFile.readIncludes(KeYFile.java:210)
	at de.uka.ilkd.key.proof.init.ProblemInitializer.readIncludes(ProblemInitializer.java:177)
	at de.uka.ilkd.key.proof.init.ProblemInitializer.readEnvInput(ProblemInitializer.java:325)
	at de.uka.ilkd.key.proof.init.ProblemInitializer.prepare(ProblemInitializer.java:449)
	at de.uka.ilkd.key.proof.io.AbstractProblemLoader.createInitConfig(AbstractProblemLoader.java:518)
	at de.uka.ilkd.key.proof.io.AbstractProblemLoader.loadEnvironment(AbstractProblemLoader.java:288)
	at de.uka.ilkd.key.proof.io.AbstractProblemLoader.load(AbstractProblemLoader.java:252)
	at de.uka.ilkd.key.control.AbstractUserInterfaceControl.load(AbstractUserInterfaceControl.java:209)
	... 7 more
Caused by: java.lang.RuntimeException: Could not find rule file rules/intRulesCheckedSemantics.key
	at de.uka.ilkd.key.proof.io.RuleSourceFactory.fromBuiltInRule(RuleSourceFactory.java:32)
	at de.uka.ilkd.key.proof.io.RuleSourceFactory.fromDefaultLocation(RuleSourceFactory.java:21)
	at de.uka.ilkd.key.nparser.builder.IncludeFinder.addInclude(IncludeFinder.java:63)
	at de.uka.ilkd.key.nparser.builder.IncludeFinder.visitOne_include(IncludeFinder.java:43)
	at de.uka.ilkd.key.nparser.builder.IncludeFinder.visitOne_include(IncludeFinder.java:20)
	at de.uka.ilkd.key.nparser.KeYParser$One_includeContext.accept(KeYParser.java:878)
	at de.uka.ilkd.key.nparser.builder.AbstractBuilder.lambda$mapOf$0(AbstractBuilder.java:112)
	at java.base/java.util.stream.ReferencePipeline$3$1.accept(ReferencePipeline.java:195)
	at java.base/java.util.ArrayList$ArrayListSpliterator.forEachRemaining(ArrayList.java:1655)
	at java.base/java.util.stream.AbstractPipeline.copyInto(AbstractPipeline.java:484)
	at java.base/java.util.stream.AbstractPipeline.wrapAndCopyInto(AbstractPipeline.java:474)
	at java.base/java.util.stream.ReduceOps$ReduceOp.evaluateSequential(ReduceOps.java:913)
	at java.base/java.util.stream.AbstractPipeline.evaluate(AbstractPipeline.java:234)
	at java.base/java.util.stream.ReferencePipeline.collect(ReferencePipeline.java:578)
	at de.uka.ilkd.key.nparser.builder.AbstractBuilder.mapOf(AbstractBuilder.java:112)
	at de.uka.ilkd.key.nparser.builder.IncludeFinder.visitOne_include_statement(IncludeFinder.java:35)
	at de.uka.ilkd.key.nparser.builder.IncludeFinder.visitOne_include_statement(IncludeFinder.java:20)
	at de.uka.ilkd.key.nparser.KeYParser$One_include_statementContext.accept(KeYParser.java:802)
	at org.antlr.v4.runtime.tree.AbstractParseTreeVisitor.visitChildren(AbstractParseTreeVisitor.java:46)
	at de.uka.ilkd.key.nparser.KeYParserBaseVisitor.visitDecls(KeYParserBaseVisitor.java:30)
	at de.uka.ilkd.key.nparser.KeYParser$DeclsContext.accept(KeYParser.java:500)
	at org.antlr.v4.runtime.tree.AbstractParseTreeVisitor.visitChildren(AbstractParseTreeVisitor.java:46)
	at de.uka.ilkd.key.nparser.KeYParserBaseVisitor.visitFile(KeYParserBaseVisitor.java:23)
	at de.uka.ilkd.key.nparser.KeYParser$FileContext.accept(KeYParser.java:306)
	at de.uka.ilkd.key.nparser.KeyAst.accept(KeyAst.java:41)
	at de.uka.ilkd.key.nparser.KeyAst$File.getIncludes(KeyAst.java:76)
	at de.uka.ilkd.key.proof.io.KeYFile.readIncludes(KeYFile.java:208)
	... 14 more
Could not find rule file rules/intRulesCheckedSemantics.key (file: /home/runner/work/key/key/key.core/../key.ui/examples/index/.././heap/model_methods/Recell_get_acc.key; caused by: de.uka.ilkd.key.proof.init.ProofInputException: Could not find rule file rules/intRulesCheckedSemantics.key)
	at de.uka.ilkd.key.control.AbstractUserInterfaceControl.load(AbstractUserInterfaceControl.java:221)
	at de.uka.ilkd.key.control.KeYEnvironment.load(KeYEnvironment.java:251)
	at de.uka.ilkd.key.control.KeYEnvironment.load(KeYEnvironment.java:224)
	at de.uka.ilkd.key.control.KeYEnvironment.load(KeYEnvironment.java:184)
	at de.uka.ilkd.key.control.KeYEnvironment.load(KeYEnvironment.java:261)
	at de.uka.ilkd.key.proof.runallproofs.proofcollection.TestFile.load(TestFile.java:270)
	at de.uka.ilkd.key.proof.runallproofs.proofcollection.TestFile.runKey(TestFile.java:160)
	at de.uka.ilkd.key.proof.runallproofs.proofcollection.ForkedTestFileRunner.main(ForkedTestFileRunner.java:171)
Caused by: de.uka.ilkd.key.proof.init.ProofInputException: Could not find rule file rules/intRulesCheckedSemantics.key
	at de.uka.ilkd.key.proof.io.KeYFile.readIncludes(KeYFile.java:210)
	at de.uka.ilkd.key.proof.init.ProblemInitializer.readIncludes(ProblemInitializer.java:177)
	at de.uka.ilkd.key.proof.init.ProblemInitializer.readEnvInput(ProblemInitializer.java:325)
	at de.uka.ilkd.key.proof.init.ProblemInitializer.prepare(ProblemInitializer.java:449)
	at de.uka.ilkd.key.proof.io.AbstractProblemLoader.createInitConfig(AbstractProblemLoader.java:518)
	at de.uka.ilkd.key.proof.io.AbstractProblemLoader.loadEnvironment(AbstractProblemLoader.java:288)
	at de.uka.ilkd.key.proof.io.AbstractProblemLoader.load(AbstractProblemLoader.java:252)
	at de.uka.ilkd.key.control.AbstractUserInterfaceControl.load(AbstractUserInterfaceControl.java:209)
	... 7 more
Caused by: java.lang.RuntimeException: Could not find rule file rules/intRulesCheckedSemantics.key
	at de.uka.ilkd.key.proof.io.RuleSourceFactory.fromBuiltInRule(RuleSourceFactory.java:32)
	at de.uka.ilkd.key.proof.io.RuleSourceFactory.fromDefaultLocation(RuleSourceFactory.java:21)
	at de.uka.ilkd.key.nparser.builder.IncludeFinder.addInclude(IncludeFinder.java:63)
	at de.uka.ilkd.key.nparser.builder.IncludeFinder.visitOne_include(IncludeFinder.java:43)
	at de.uka.ilkd.key.nparser.builder.IncludeFinder.visitOne_include(IncludeFinder.java:20)
	at de.uka.ilkd.key.nparser.KeYParser$One_includeContext.accept(KeYParser.java:878)
	at de.uka.ilkd.key.nparser.builder.AbstractBuilder.lambda$mapOf$0(AbstractBuilder.java:112)
	at java.base/java.util.stream.ReferencePipeline$3$1.accept(ReferencePipeline.java:195)
	at java.base/java.util.ArrayList$ArrayListSpliterator.forEachRemaining(ArrayList.java:1655)
	at java.base/java.util.stream.AbstractPipeline.copyInto(AbstractPipeline.java:484)
	at java.base/java.util.stream.AbstractPipeline.wrapAndCopyInto(AbstractPipeline.java:474)
	at java.base/java.util.stream.ReduceOps$ReduceOp.evaluateSequential(ReduceOps.java:913)
	at java.base/java.util.stream.AbstractPipeline.evaluate(AbstractPipeline.java:234)
	at java.base/java.util.stream.ReferencePipeline.collect(ReferencePipeline.java:578)
	at de.uka.ilkd.key.nparser.builder.AbstractBuilder.mapOf(AbstractBuilder.java:112)
	at de.uka.ilkd.key.nparser.builder.IncludeFinder.visitOne_include_statement(IncludeFinder.java:35)
	at de.uka.ilkd.key.nparser.builder.IncludeFinder.visitOne_include_statement(IncludeFinder.java:20)
	at de.uka.ilkd.key.nparser.KeYParser$One_include_statementContext.accept(KeYParser.java:802)
	at org.antlr.v4.runtime.tree.AbstractParseTreeVisitor.visitChildren(AbstractParseTreeVisitor.java:46)
	at de.uka.ilkd.key.nparser.KeYParserBaseVisitor.visitDecls(KeYParserBaseVisitor.java:30)
	at de.uka.ilkd.key.nparser.KeYParser$DeclsContext.accept(KeYParser.java:500)
	at org.antlr.v4.runtime.tree.AbstractParseTreeVisitor.visitChildren(AbstractParseTreeVisitor.java:46)
	at de.uka.ilkd.key.nparser.KeYParserBaseVisitor.visitFile(KeYParserBaseVisitor.java:23)
	at de.uka.ilkd.key.nparser.KeYParser$FileContext.accept(KeYParser.java:306)
	at de.uka.ilkd.key.nparser.KeyAst.accept(KeyAst.java:41)
	at de.uka.ilkd.key.nparser.KeyAst$File.getIncludes(KeyAst.java:76)
	at de.uka.ilkd.key.proof.io.KeYFile.readIncludes(KeYFile.java:208)
	... 14 more
Could not find rule file rules/intRulesCheckedSemantics.key (file: /home/runner/work/key/key/key.core/../key.ui/examples/index/.././heap/model_methods/Recell_get.key; caused by: de.uka.ilkd.key.proof.init.ProofInputException: Could not find rule file rules/intRulesCheckedSemantics.key)
	at de.uka.ilkd.key.control.AbstractUserInterfaceControl.load(AbstractUserInterfaceControl.java:221)
	at de.uka.ilkd.key.control.KeYEnvironment.load(KeYEnvironment.java:251)
	at de.uka.ilkd.key.control.KeYEnvironment.load(KeYEnvironment.java:224)
	at de.uka.ilkd.key.control.KeYEnvironment.load(KeYEnvironment.java:184)
	at de.uka.ilkd.key.control.KeYEnvironment.load(KeYEnvironment.java:261)
	at de.uka.ilkd.key.proof.runallproofs.proofcollection.TestFile.load(TestFile.java:270)
	at de.uka.ilkd.key.proof.runallproofs.proofcollection.TestFile.runKey(TestFile.java:160)
	at de.uka.ilkd.key.proof.runallproofs.proofcollection.ForkedTestFileRunner.main(ForkedTestFileRunner.java:171)
Caused by: de.uka.ilkd.key.proof.init.ProofInputException: Could not find rule file rules/intRulesCheckedSemantics.key
	at de.uka.ilkd.key.proof.io.KeYFile.readIncludes(KeYFile.java:210)
	at de.uka.ilkd.key.proof.init.ProblemInitializer.readIncludes(ProblemInitializer.java:177)
	at de.uka.ilkd.key.proof.init.ProblemInitializer.readEnvInput(ProblemInitializer.java:325)
	at de.uka.ilkd.key.proof.init.ProblemInitializer.prepare(ProblemInitializer.java:449)
	at de.uka.ilkd.key.proof.io.AbstractProblemLoader.createInitConfig(AbstractProblemLoader.java:518)
	at de.uka.ilkd.key.proof.io.AbstractProblemLoader.loadEnvironment(AbstractProblemLoader.java:288)
	at de.uka.ilkd.key.proof.io.AbstractProblemLoader.load(AbstractProblemLoader.java:252)
	at de.uka.ilkd.key.control.AbstractUserInterfaceControl.load(AbstractUserInterfaceControl.java:209)
	... 7 more
Caused by: java.lang.RuntimeException: Could not find rule file rules/intRulesCheckedSemantics.key
	at de.uka.ilkd.key.proof.io.RuleSourceFactory.fromBuiltInRule(RuleSourceFactory.java:32)
	at de.uka.ilkd.key.proof.io.RuleSourceFactory.fromDefaultLocation(RuleSourceFactory.java:21)
	at de.uka.ilkd.key.nparser.builder.IncludeFinder.addInclude(IncludeFinder.java:63)
	at de.uka.ilkd.key.nparser.builder.IncludeFinder.visitOne_include(IncludeFinder.java:43)
	at de.uka.ilkd.key.nparser.builder.IncludeFinder.visitOne_include(IncludeFinder.java:20)
	at de.uka.ilkd.key.nparser.KeYParser$One_includeContext.accept(KeYParser.java:878)
	at de.uka.ilkd.key.nparser.builder.AbstractBuilder.lambda$mapOf$0(AbstractBuilder.java:112)
	at java.base/java.util.stream.ReferencePipeline$3$1.accept(ReferencePipeline.java:195)
	at java.base/java.util.ArrayList$ArrayListSpliterator.forEachRemaining(ArrayList.java:1655)
	at java.base/java.util.stream.AbstractPipeline.copyInto(AbstractPipeline.java:484)
	at java.base/java.util.stream.AbstractPipeline.wrapAndCopyInto(AbstractPipeline.java:474)
	at java.base/java.util.stream.ReduceOps$ReduceOp.evaluateSequential(ReduceOps.java:913)
	at java.base/java.util.stream.AbstractPipeline.evaluate(AbstractPipeline.java:234)
	at java.base/java.util.stream.ReferencePipeline.collect(ReferencePipeline.java:578)
	at de.uka.ilkd.key.nparser.builder.AbstractBuilder.mapOf(AbstractBuilder.java:112)
	at de.uka.ilkd.key.nparser.builder.IncludeFinder.visitOne_include_statement(IncludeFinder.java:35)
	at de.uka.ilkd.key.nparser.builder.IncludeFinder.visitOne_include_statement(IncludeFinder.java:20)
	at de.uka.ilkd.key.nparser.KeYParser$One_include_statementContext.accept(KeYParser.java:802)
	at org.antlr.v4.runtime.tree.AbstractParseTreeVisitor.visitChildren(AbstractParseTreeVisitor.java:46)
	at de.uka.ilkd.key.nparser.KeYParserBaseVisitor.visitDecls(KeYParserBaseVisitor.java:30)
	at de.uka.ilkd.key.nparser.KeYParser$DeclsContext.accept(KeYParser.java:500)
	at org.antlr.v4.runtime.tree.AbstractParseTreeVisitor.visitChildren(AbstractParseTreeVisitor.java:46)
	at de.uka.ilkd.key.nparser.KeYParserBaseVisitor.visitFile(KeYParserBaseVisitor.java:23)
	at de.uka.ilkd.key.nparser.KeYParser$FileContext.accept(KeYParser.java:306)
	at de.uka.ilkd.key.nparser.KeyAst.accept(KeyAst.java:41)
	at de.uka.ilkd.key.nparser.KeyAst$File.getIncludes(KeyAst.java:76)
	at de.uka.ilkd.key.proof.io.KeYFile.readIncludes(KeYFile.java:208)
	... 14 more
Could not find rule file rules/intRulesCheckedSemantics.key (file: /home/runner/work/key/key/key.core/../key.ui/examples/index/.././heap/model_methods/Recell_Recell_footprint.key; caused by: de.uka.ilkd.key.proof.init.ProofInputException: Could not find rule file rules/intRulesCheckedSemantics.key)
	at de.uka.ilkd.key.control.AbstractUserInterfaceControl.load(AbstractUserInterfaceControl.java:221)
	at de.uka.ilkd.key.control.KeYEnvironment.load(KeYEnvironment.java:251)
	at de.uka.ilkd.key.control.KeYEnvironment.load(KeYEnvironment.java:224)
	at de.uka.ilkd.key.control.KeYEnvironment.load(KeYEnvironment.java:184)
	at de.uka.ilkd.key.control.KeYEnvironment.load(KeYEnvironment.java:261)
	at de.uka.ilkd.key.proof.runallproofs.proofcollection.TestFile.load(TestFile.java:270)
	at de.uka.ilkd.key.proof.runallproofs.proofcollection.TestFile.runKey(TestFile.java:160)
	at de.uka.ilkd.key.proof.runallproofs.proofcollection.ForkedTestFileRunner.main(ForkedTestFileRunner.java:171)
Caused by: de.uka.ilkd.key.proof.init.ProofInputException: Could not find rule file rules/intRulesCheckedSemantics.key
	at de.uka.ilkd.key.proof.io.KeYFile.readIncludes(KeYFile.java:210)
	at de.uka.ilkd.key.proof.init.ProblemInitializer.readIncludes(ProblemInitializer.java:177)
	at de.uka.ilkd.key.proof.init.ProblemInitializer.readEnvInput(ProblemInitializer.java:325)
	at de.uka.ilkd.key.proof.init.ProblemInitializer.prepare(ProblemInitializer.java:449)
	at de.uka.ilkd.key.proof.io.AbstractProblemLoader.createInitConfig(AbstractProblemLoader.java:518)
	at de.uka.ilkd.key.proof.io.AbstractProblemLoader.loadEnvironment(AbstractProblemLoader.java:288)
	at de.uka.ilkd.key.proof.io.AbstractProblemLoader.load(AbstractProblemLoader.java:252)
	at de.uka.ilkd.key.control.AbstractUserInterfaceControl.load(AbstractUserInterfaceControl.java:209)
	... 7 more
Caused by: java.lang.RuntimeException: Could not find rule file rules/intRulesCheckedSemantics.key
	at de.uka.ilkd.key.proof.io.RuleSourceFactory.fromBuiltInRule(RuleSourceFactory.java:32)
	at de.uka.ilkd.key.proof.io.RuleSourceFactory.fromDefaultLocation(RuleSourceFactory.java:21)
	at de.uka.ilkd.key.nparser.builder.IncludeFinder.addInclude(IncludeFinder.java:63)
	at de.uka.ilkd.key.nparser.builder.IncludeFinder.visitOne_include(IncludeFinder.java:43)
	at de.uka.ilkd.key.nparser.builder.IncludeFinder.visitOne_include(IncludeFinder.java:20)
	at de.uka.ilkd.key.nparser.KeYParser$One_includeContext.accept(KeYParser.java:878)
	at de.uka.ilkd.key.nparser.builder.AbstractBuilder.lambda$mapOf$0(AbstractBuilder.java:112)
	at java.base/java.util.stream.ReferencePipeline$3$1.accept(ReferencePipeline.java:195)
	at java.base/java.util.ArrayList$ArrayListSpliterator.forEachRemaining(ArrayList.java:1655)
	at java.base/java.util.stream.AbstractPipeline.copyInto(AbstractPipeline.java:484)
	at java.base/java.util.stream.AbstractPipeline.wrapAndCopyInto(AbstractPipeline.java:474)
	at java.base/java.util.stream.ReduceOps$ReduceOp.evaluateSequential(ReduceOps.java:913)
	at java.base/java.util.stream.AbstractPipeline.evaluate(AbstractPipeline.java:234)
	at java.base/java.util.stream.ReferencePipeline.collect(ReferencePipeline.java:578)
	at de.uka.ilkd.key.nparser.builder.AbstractBuilder.mapOf(AbstractBuilder.java:112)
	at de.uka.ilkd.key.nparser.builder.IncludeFinder.visitOne_include_statement(IncludeFinder.java:35)
	at de.uka.ilkd.key.nparser.builder.IncludeFinder.visitOne_include_statement(IncludeFinder.java:20)
	at de.uka.ilkd.key.nparser.KeYParser$One_include_statementContext.accept(KeYParser.java:802)
	at org.antlr.v4.runtime.tree.AbstractParseTreeVisitor.visitChildren(AbstractParseTreeVisitor.java:46)
	at de.uka.ilkd.key.nparser.KeYParserBaseVisitor.visitDecls(KeYParserBaseVisitor.java:30)
	at de.uka.ilkd.key.nparser.KeYParser$DeclsContext.accept(KeYParser.java:500)
	at org.antlr.v4.runtime.tree.AbstractParseTreeVisitor.visitChildren(AbstractParseTreeVisitor.java:46)
	at de.uka.ilkd.key.nparser.KeYParserBaseVisitor.visitFile(KeYParserBaseVisitor.java:23)
	at de.uka.ilkd.key.nparser.KeYParser$FileContext.accept(KeYParser.java:306)
	at de.uka.ilkd.key.nparser.KeyAst.accept(KeyAst.java:41)
	at de.uka.ilkd.key.nparser.KeyAst$File.getIncludes(KeyAst.java:76)
	at de.uka.ilkd.key.proof.io.KeYFile.readIncludes(KeYFile.java:208)
	... 14 more
Could not find rule file rules/intRulesCheckedSemantics.key (file: /home/runner/work/key/key/key.core/../key.ui/examples/index/.././heap/model_methods/Recell_Recell_post_set.key; caused by: de.uka.ilkd.key.proof.init.ProofInputException: Could not find rule file rules/intRulesCheckedSemantics.key)
	at de.uka.ilkd.key.control.AbstractUserInterfaceControl.load(AbstractUserInterfaceControl.java:221)
	at de.uka.ilkd.key.control.KeYEnvironment.load(KeYEnvironment.java:251)
	at de.uka.ilkd.key.control.KeYEnvironment.load(KeYEnvironment.java:224)
	at de.uka.ilkd.key.control.KeYEnvironment.load(KeYEnvironment.java:184)
	at de.uka.ilkd.key.control.KeYEnvironment.load(KeYEnvironment.java:261)
	at de.uka.ilkd.key.proof.runallproofs.proofcollection.TestFile.load(TestFile.java:270)
	at de.uka.ilkd.key.proof.runallproofs.proofcollection.TestFile.runKey(TestFile.java:160)
	at de.uka.ilkd.key.proof.runallproofs.proofcollection.ForkedTestFileRunner.main(ForkedTestFileRunner.java:171)
Caused by: de.uka.ilkd.key.proof.init.ProofInputException: Could not find rule file rules/intRulesCheckedSemantics.key
	at de.uka.ilkd.key.proof.io.KeYFile.readIncludes(KeYFile.java:210)
	at de.uka.ilkd.key.proof.init.ProblemInitializer.readIncludes(ProblemInitializer.java:177)
	at de.uka.ilkd.key.proof.init.ProblemInitializer.readEnvInput(ProblemInitializer.java:325)
	at de.uka.ilkd.key.proof.init.ProblemInitializer.prepare(ProblemInitializer.java:449)
	at de.uka.ilkd.key.proof.io.AbstractProblemLoader.createInitConfig(AbstractProblemLoader.java:518)
	at de.uka.ilkd.key.proof.io.AbstractProblemLoader.loadEnvironment(AbstractProblemLoader.java:288)
	at de.uka.ilkd.key.proof.io.AbstractProblemLoader.load(AbstractProblemLoader.java:252)
	at de.uka.ilkd.key.control.AbstractUserInterfaceControl.load(AbstractUserInterfaceControl.java:209)
	... 7 more
Caused by: java.lang.RuntimeException: Could not find rule file rules/intRulesCheckedSemantics.key
	at de.uka.ilkd.key.proof.io.RuleSourceFactory.fromBuiltInRule(RuleSourceFactory.java:32)
	at de.uka.ilkd.key.proof.io.RuleSourceFactory.fromDefaultLocation(RuleSourceFactory.java:21)
	at de.uka.ilkd.key.nparser.builder.IncludeFinder.addInclude(IncludeFinder.java:63)
	at de.uka.ilkd.key.nparser.builder.IncludeFinder.visitOne_include(IncludeFinder.java:43)
	at de.uka.ilkd.key.nparser.builder.IncludeFinder.visitOne_include(IncludeFinder.java:20)
	at de.uka.ilkd.key.nparser.KeYParser$One_includeContext.accept(KeYParser.java:878)
	at de.uka.ilkd.key.nparser.builder.AbstractBuilder.lambda$mapOf$0(AbstractBuilder.java:112)
	at java.base/java.util.stream.ReferencePipeline$3$1.accept(ReferencePipeline.java:195)
	at java.base/java.util.ArrayList$ArrayListSpliterator.forEachRemaining(ArrayList.java:1655)
	at java.base/java.util.stream.AbstractPipeline.copyInto(AbstractPipeline.java:484)
	at java.base/java.util.stream.AbstractPipeline.wrapAndCopyInto(AbstractPipeline.java:474)
	at java.base/java.util.stream.ReduceOps$ReduceOp.evaluateSequential(ReduceOps.java:913)
	at java.base/java.util.stream.AbstractPipeline.evaluate(AbstractPipeline.java:234)
	at java.base/java.util.stream.ReferencePipeline.collect(ReferencePipeline.java:578)
	at de.uka.ilkd.key.nparser.builder.AbstractBuilder.mapOf(AbstractBuilder.java:112)
	at de.uka.ilkd.key.nparser.builder.IncludeFinder.visitOne_include_statement(IncludeFinder.java:35)
	at de.uka.ilkd.key.nparser.builder.IncludeFinder.visitOne_include_statement(IncludeFinder.java:20)
	at de.uka.ilkd.key.nparser.KeYParser$One_include_statementContext.accept(KeYParser.java:802)
	at org.antlr.v4.runtime.tree.AbstractParseTreeVisitor.visitChildren(AbstractParseTreeVisitor.java:46)
	at de.uka.ilkd.key.nparser.KeYParserBaseVisitor.visitDecls(KeYParserBaseVisitor.java:30)
	at de.uka.ilkd.key.nparser.KeYParser$DeclsContext.accept(KeYParser.java:500)
	at org.antlr.v4.runtime.tree.AbstractParseTreeVisitor.visitChildren(AbstractParseTreeVisitor.java:46)
	at de.uka.ilkd.key.nparser.KeYParserBaseVisitor.visitFile(KeYParserBaseVisitor.java:23)
	at de.uka.ilkd.key.nparser.KeYParser$FileContext.accept(KeYParser.java:306)
	at de.uka.ilkd.key.nparser.KeyAst.accept(KeyAst.java:41)
	at de.uka.ilkd.key.nparser.KeyAst$File.getIncludes(KeyAst.java:76)
	at de.uka.ilkd.key.proof.io.KeYFile.readIncludes(KeYFile.java:208)
	... 14 more
Could not find rule file rules/intRulesCheckedSemantics.key (file: /home/runner/work/key/key/key.core/../key.ui/examples/index/.././heap/model_methods/Recell_set.key; caused by: de.uka.ilkd.key.proof.init.ProofInputException: Could not find rule file rules/intRulesCheckedSemantics.key)
	at de.uka.ilkd.key.control.AbstractUserInterfaceControl.load(AbstractUserInterfaceControl.java:221)
	at de.uka.ilkd.key.control.KeYEnvironment.load(KeYEnvironment.java:251)
	at de.uka.ilkd.key.control.KeYEnvironment.load(KeYEnvironment.java:224)
	at de.uka.ilkd.key.control.KeYEnvironment.load(KeYEnvironment.java:184)
	at de.uka.ilkd.key.control.KeYEnvironment.load(KeYEnvironment.java:261)
	at de.uka.ilkd.key.proof.runallproofs.proofcollection.TestFile.load(TestFile.java:270)
	at de.uka.ilkd.key.proof.runallproofs.proofcollection.TestFile.runKey(TestFile.java:160)
	at de.uka.ilkd.key.proof.runallproofs.proofcollection.ForkedTestFileRunner.main(ForkedTestFileRunner.java:171)
Caused by: de.uka.ilkd.key.proof.init.ProofInputException: Could not find rule file rules/intRulesCheckedSemantics.key
	at de.uka.ilkd.key.proof.io.KeYFile.readIncludes(KeYFile.java:210)
	at de.uka.ilkd.key.proof.init.ProblemInitializer.readIncludes(ProblemInitializer.java:177)
	at de.uka.ilkd.key.proof.init.ProblemInitializer.readEnvInput(ProblemInitializer.java:325)
	at de.uka.ilkd.key.proof.init.ProblemInitializer.prepare(ProblemInitializer.java:449)
	at de.uka.ilkd.key.proof.io.AbstractProblemLoader.createInitConfig(AbstractProblemLoader.java:518)
	at de.uka.ilkd.key.proof.io.AbstractProblemLoader.loadEnvironment(AbstractProblemLoader.java:288)
	at de.uka.ilkd.key.proof.io.AbstractProblemLoader.load(AbstractProblemLoader.java:252)
	at de.uka.ilkd.key.control.AbstractUserInterfaceControl.load(AbstractUserInterfaceControl.java:209)
	... 7 more
Caused by: java.lang.RuntimeException: Could not find rule file rules/intRulesCheckedSemantics.key
	at de.uka.ilkd.key.proof.io.RuleSourceFactory.fromBuiltInRule(RuleSourceFactory.java:32)
	at de.uka.ilkd.key.proof.io.RuleSourceFactory.fromDefaultLocation(RuleSourceFactory.java:21)
	at de.uka.ilkd.key.nparser.builder.IncludeFinder.addInclude(IncludeFinder.java:63)
	at de.uka.ilkd.key.nparser.builder.IncludeFinder.visitOne_include(IncludeFinder.java:43)
	at de.uka.ilkd.key.nparser.builder.IncludeFinder.visitOne_include(IncludeFinder.java:20)
	at de.uka.ilkd.key.nparser.KeYParser$One_includeContext.accept(KeYParser.java:878)
	at de.uka.ilkd.key.nparser.builder.AbstractBuilder.lambda$mapOf$0(AbstractBuilder.java:112)
	at java.base/java.util.stream.ReferencePipeline$3$1.accept(ReferencePipeline.java:195)
	at java.base/java.util.ArrayList$ArrayListSpliterator.forEachRemaining(ArrayList.java:1655)
	at java.base/java.util.stream.AbstractPipeline.copyInto(AbstractPipeline.java:484)
	at java.base/java.util.stream.AbstractPipeline.wrapAndCopyInto(AbstractPipeline.java:474)
	at java.base/java.util.stream.ReduceOps$ReduceOp.evaluateSequential(ReduceOps.java:913)
	at java.base/java.util.stream.AbstractPipeline.evaluate(AbstractPipeline.java:234)
	at java.base/java.util.stream.ReferencePipeline.collect(ReferencePipeline.java:578)
	at de.uka.ilkd.key.nparser.builder.AbstractBuilder.mapOf(AbstractBuilder.java:112)
	at de.uka.ilkd.key.nparser.builder.IncludeFinder.visitOne_include_statement(IncludeFinder.java:35)
	at de.uka.ilkd.key.nparser.builder.IncludeFinder.visitOne_include_statement(IncludeFinder.java:20)
	at de.uka.ilkd.key.nparser.KeYParser$One_include_statementContext.accept(KeYParser.java:802)
	at org.antlr.v4.runtime.tree.AbstractParseTreeVisitor.visitChildren(AbstractParseTreeVisitor.java:46)
	at de.uka.ilkd.key.nparser.KeYParserBaseVisitor.visitDecls(KeYParserBaseVisitor.java:30)
	at de.uka.ilkd.key.nparser.KeYParser$DeclsContext.accept(KeYParser.java:500)
	at org.antlr.v4.runtime.tree.AbstractParseTreeVisitor.visitChildren(AbstractParseTreeVisitor.java:46)
	at de.uka.ilkd.key.nparser.KeYParserBaseVisitor.visitFile(KeYParserBaseVisitor.java:23)
	at de.uka.ilkd.key.nparser.KeYParser$FileContext.accept(KeYParser.java:306)
	at de.uka.ilkd.key.nparser.KeyAst.accept(KeyAst.java:41)
	at de.uka.ilkd.key.nparser.KeyAst$File.getIncludes(KeyAst.java:76)
	at de.uka.ilkd.key.proof.io.KeYFile.readIncludes(KeYFile.java:208)
	... 14 more
Could not find rule file rules/intRulesCheckedSemantics.key (file: /home/runner/work/key/key/key.core/../key.ui/examples/index/.././heap/model_methods/Recell_undo.key; caused by: de.uka.ilkd.key.proof.init.ProofInputException: Could not find rule file rules/intRulesCheckedSemantics.key)
	at de.uka.ilkd.key.control.AbstractUserInterfaceControl.load(AbstractUserInterfaceControl.java:221)
	at de.uka.ilkd.key.control.KeYEnvironment.load(KeYEnvironment.java:251)
	at de.uka.ilkd.key.control.KeYEnvironment.load(KeYEnvironment.java:224)
	at de.uka.ilkd.key.control.KeYEnvironment.load(KeYEnvironment.java:184)
	at de.uka.ilkd.key.control.KeYEnvironment.load(KeYEnvironment.java:261)
	at de.uka.ilkd.key.proof.runallproofs.proofcollection.TestFile.load(TestFile.java:270)
	at de.uka.ilkd.key.proof.runallproofs.proofcollection.TestFile.runKey(TestFile.java:160)
	at de.uka.ilkd.key.proof.runallproofs.proofcollection.ForkedTestFileRunner.main(ForkedTestFileRunner.java:171)
Caused by: de.uka.ilkd.key.proof.init.ProofInputException: Could not find rule file rules/intRulesCheckedSemantics.key
	at de.uka.ilkd.key.proof.io.KeYFile.readIncludes(KeYFile.java:210)
	at de.uka.ilkd.key.proof.init.ProblemInitializer.readIncludes(ProblemInitializer.java:177)
	at de.uka.ilkd.key.proof.init.ProblemInitializer.readEnvInput(ProblemInitializer.java:325)
	at de.uka.ilkd.key.proof.init.ProblemInitializer.prepare(ProblemInitializer.java:449)
	at de.uka.ilkd.key.proof.io.AbstractProblemLoader.createInitConfig(AbstractProblemLoader.java:518)
	at de.uka.ilkd.key.proof.io.AbstractProblemLoader.loadEnvironment(AbstractProblemLoader.java:288)
	at de.uka.ilkd.key.proof.io.AbstractProblemLoader.load(AbstractProblemLoader.java:252)
	at de.uka.ilkd.key.control.AbstractUserInterfaceControl.load(AbstractUserInterfaceControl.java:209)
	... 7 more
Caused by: java.lang.RuntimeException: Could not find rule file rules/intRulesCheckedSemantics.key
	at de.uka.ilkd.key.proof.io.RuleSourceFactory.fromBuiltInRule(RuleSourceFactory.java:32)
	at de.uka.ilkd.key.proof.io.RuleSourceFactory.fromDefaultLocation(RuleSourceFactory.java:21)
	at de.uka.ilkd.key.nparser.builder.IncludeFinder.addInclude(IncludeFinder.java:63)
	at de.uka.ilkd.key.nparser.builder.IncludeFinder.visitOne_include(IncludeFinder.java:43)
	at de.uka.ilkd.key.nparser.builder.IncludeFinder.visitOne_include(IncludeFinder.java:20)
	at de.uka.ilkd.key.nparser.KeYParser$One_includeContext.accept(KeYParser.java:878)
	at de.uka.ilkd.key.nparser.builder.AbstractBuilder.lambda$mapOf$0(AbstractBuilder.java:112)
	at java.base/java.util.stream.ReferencePipeline$3$1.accept(ReferencePipeline.java:195)
	at java.base/java.util.ArrayList$ArrayListSpliterator.forEachRemaining(ArrayList.java:1655)
	at java.base/java.util.stream.AbstractPipeline.copyInto(AbstractPipeline.java:484)
	at java.base/java.util.stream.AbstractPipeline.wrapAndCopyInto(AbstractPipeline.java:474)
	at java.base/java.util.stream.ReduceOps$ReduceOp.evaluateSequential(ReduceOps.java:913)
	at java.base/java.util.stream.AbstractPipeline.evaluate(AbstractPipeline.java:234)
	at java.base/java.util.stream.ReferencePipeline.collect(ReferencePipeline.java:578)
	at de.uka.ilkd.key.nparser.builder.AbstractBuilder.mapOf(AbstractBuilder.java:112)
	at de.uka.ilkd.key.nparser.builder.IncludeFinder.visitOne_include_statement(IncludeFinder.java:35)
	at de.uka.ilkd.key.nparser.builder.IncludeFinder.visitOne_include_statement(IncludeFinder.java:20)
	at de.uka.ilkd.key.nparser.KeYParser$One_include_statementContext.accept(KeYParser.java:802)
	at org.antlr.v4.runtime.tree.AbstractParseTreeVisitor.visitChildren(AbstractParseTreeVisitor.java:46)
	at de.uka.ilkd.key.nparser.KeYParserBaseVisitor.visitDecls(KeYParserBaseVisitor.java:30)
	at de.uka.ilkd.key.nparser.KeYParser$DeclsContext.accept(KeYParser.java:500)
	at org.antlr.v4.runtime.tree.AbstractParseTreeVisitor.visitChildren(AbstractParseTreeVisitor.java:46)
	at de.uka.ilkd.key.nparser.KeYParserBaseVisitor.visitFile(KeYParserBaseVisitor.java:23)
	at de.uka.ilkd.key.nparser.KeYParser$FileContext.accept(KeYParser.java:306)
	at de.uka.ilkd.key.nparser.KeyAst.accept(KeyAst.java:41)
	at de.uka.ilkd.key.nparser.KeyAst$File.getIncludes(KeyAst.java:76)
	at de.uka.ilkd.key.proof.io.KeYFile.readIncludes(KeYFile.java:208)
	... 14 more
Exception in thread "main" org.opentest4j.AssertionFailedError: Exception during the execution of proofs. See log for more details.
	at org.junit.jupiter.api.AssertionUtils.fail(AssertionUtils.java:39)
	at org.junit.jupiter.api.Assertions.fail(Assertions.java:134)
	at de.uka.ilkd.key.proof.runallproofs.proofcollection.ForkedTestFileRunner.main(ForkedTestFileRunner.java:192)
Timeout watcher launched (2000 secs.)
Could not find rule file rules/intRulesCheckedSemantics.key (file: /home/runner/work/key/key/key.core/../key.ui/examples/index/.././heap/permissions/permissions_method0.key; caused by: de.uka.ilkd.key.proof.init.ProofInputException: Could not find rule file rules/intRulesCheckedSemantics.key)
	at de.uka.ilkd.key.control.AbstractUserInterfaceControl.load(AbstractUserInterfaceControl.java:221)
	at de.uka.ilkd.key.control.KeYEnvironment.load(KeYEnvironment.java:251)
	at de.uka.ilkd.key.control.KeYEnvironment.load(KeYEnvironment.java:224)
	at de.uka.ilkd.key.control.KeYEnvironment.load(KeYEnvironment.java:184)
	at de.uka.ilkd.key.control.KeYEnvironment.load(KeYEnvironment.java:261)
	at de.uka.ilkd.key.proof.runallproofs.proofcollection.TestFile.load(TestFile.java:270)
	at de.uka.ilkd.key.proof.runallproofs.proofcollection.TestFile.runKey(TestFile.java:160)
	at de.uka.ilkd.key.proof.runallproofs.proofcollection.ForkedTestFileRunner.main(ForkedTestFileRunner.java:171)
Caused by: de.uka.ilkd.key.proof.init.ProofInputException: Could not find rule file rules/intRulesCheckedSemantics.key
	at de.uka.ilkd.key.proof.io.KeYFile.readIncludes(KeYFile.java:210)
	at de.uka.ilkd.key.proof.init.ProblemInitializer.readIncludes(ProblemInitializer.java:177)
	at de.uka.ilkd.key.proof.init.ProblemInitializer.readEnvInput(ProblemInitializer.java:325)
	at de.uka.ilkd.key.proof.init.ProblemInitializer.prepare(ProblemInitializer.java:449)
	at de.uka.ilkd.key.proof.io.AbstractProblemLoader.createInitConfig(AbstractProblemLoader.java:518)
	at de.uka.ilkd.key.proof.io.AbstractProblemLoader.loadEnvironment(AbstractProblemLoader.java:288)
	at de.uka.ilkd.key.proof.io.AbstractProblemLoader.load(AbstractProblemLoader.java:252)
	at de.uka.ilkd.key.control.AbstractUserInterfaceControl.load(AbstractUserInterfaceControl.java:209)
	... 7 more
Caused by: java.lang.RuntimeException: Could not find rule file rules/intRulesCheckedSemantics.key
	at de.uka.ilkd.key.proof.io.RuleSourceFactory.fromBuiltInRule(RuleSourceFactory.java:32)
	at de.uka.ilkd.key.proof.io.RuleSourceFactory.fromDefaultLocation(RuleSourceFactory.java:21)
	at de.uka.ilkd.key.nparser.builder.IncludeFinder.addInclude(IncludeFinder.java:63)
	at de.uka.ilkd.key.nparser.builder.IncludeFinder.visitOne_include(IncludeFinder.java:43)
	at de.uka.ilkd.key.nparser.builder.IncludeFinder.visitOne_include(IncludeFinder.java:20)
	at de.uka.ilkd.key.nparser.KeYParser$One_includeContext.accept(KeYParser.java:878)
	at de.uka.ilkd.key.nparser.builder.AbstractBuilder.lambda$mapOf$0(AbstractBuilder.java:112)
	at java.base/java.util.stream.ReferencePipeline$3$1.accept(ReferencePipeline.java:195)
	at java.base/java.util.ArrayList$ArrayListSpliterator.forEachRemaining(ArrayList.java:1655)
	at java.base/java.util.stream.AbstractPipeline.copyInto(AbstractPipeline.java:484)
	at java.base/java.util.stream.AbstractPipeline.wrapAndCopyInto(AbstractPipeline.java:474)
	at java.base/java.util.stream.ReduceOps$ReduceOp.evaluateSequential(ReduceOps.java:913)
	at java.base/java.util.stream.AbstractPipeline.evaluate(AbstractPipeline.java:234)
	at java.base/java.util.stream.ReferencePipeline.collect(ReferencePipeline.java:578)
	at de.uka.ilkd.key.nparser.builder.AbstractBuilder.mapOf(AbstractBuilder.java:112)
	at de.uka.ilkd.key.nparser.builder.IncludeFinder.visitOne_include_statement(IncludeFinder.java:35)
	at de.uka.ilkd.key.nparser.builder.IncludeFinder.visitOne_include_statement(IncludeFinder.java:20)
	at de.uka.ilkd.key.nparser.KeYParser$One_include_statementContext.accept(KeYParser.java:802)
	at org.antlr.v4.runtime.tree.AbstractParseTreeVisitor.visitChildren(AbstractParseTreeVisitor.java:46)
	at de.uka.ilkd.key.nparser.KeYParserBaseVisitor.visitDecls(KeYParserBaseVisitor.java:30)
	at de.uka.ilkd.key.nparser.KeYParser$DeclsContext.accept(KeYParser.java:500)
	at org.antlr.v4.runtime.tree.AbstractParseTreeVisitor.visitChildren(AbstractParseTreeVisitor.java:46)
	at de.uka.ilkd.key.nparser.KeYParserBaseVisitor.visitFile(KeYParserBaseVisitor.java:23)
	at de.uka.ilkd.key.nparser.KeYParser$FileContext.accept(KeYParser.java:306)
	at de.uka.ilkd.key.nparser.KeyAst.accept(KeyAst.java:41)
	at de.uka.ilkd.key.nparser.KeyAst$File.getIncludes(KeyAst.java:76)
	at de.uka.ilkd.key.proof.io.KeYFile.readIncludes(KeYFile.java:208)
	... 14 more
Could not find rule file rules/intRulesCheckedSemantics.key (file: /home/runner/work/key/key/key.core/../key.ui/examples/index/.././heap/permissions/permissions_method1.key; caused by: de.uka.ilkd.key.proof.init.ProofInputException: Could not find rule file rules/intRulesCheckedSemantics.key)
	at de.uka.ilkd.key.control.AbstractUserInterfaceControl.load(AbstractUserInterfaceControl.java:221)
	at de.uka.ilkd.key.control.KeYEnvironment.load(KeYEnvironment.java:251)
	at de.uka.ilkd.key.control.KeYEnvironment.load(KeYEnvironment.java:224)
	at de.uka.ilkd.key.control.KeYEnvironment.load(KeYEnvironment.java:184)
	at de.uka.ilkd.key.control.KeYEnvironment.load(KeYEnvironment.java:261)
	at de.uka.ilkd.key.proof.runallproofs.proofcollection.TestFile.load(TestFile.java:270)
	at de.uka.ilkd.key.proof.runallproofs.proofcollection.TestFile.runKey(TestFile.java:160)
	at de.uka.ilkd.key.proof.runallproofs.proofcollection.ForkedTestFileRunner.main(ForkedTestFileRunner.java:171)
Caused by: de.uka.ilkd.key.proof.init.ProofInputException: Could not find rule file rules/intRulesCheckedSemantics.key
	at de.uka.ilkd.key.proof.io.KeYFile.readIncludes(KeYFile.java:210)
	at de.uka.ilkd.key.proof.init.ProblemInitializer.readIncludes(ProblemInitializer.java:177)
	at de.uka.ilkd.key.proof.init.ProblemInitializer.readEnvInput(ProblemInitializer.java:325)
	at de.uka.ilkd.key.proof.init.ProblemInitializer.prepare(ProblemInitializer.java:449)
	at de.uka.ilkd.key.proof.io.AbstractProblemLoader.createInitConfig(AbstractProblemLoader.java:518)
	at de.uka.ilkd.key.proof.io.AbstractProblemLoader.loadEnvironment(AbstractProblemLoader.java:288)
	at de.uka.ilkd.key.proof.io.AbstractProblemLoader.load(AbstractProblemLoader.java:252)
	at de.uka.ilkd.key.control.AbstractUserInterfaceControl.load(AbstractUserInterfaceControl.java:209)
	... 7 more
Caused by: java.lang.RuntimeException: Could not find rule file rules/intRulesCheckedSemantics.key
	at de.uka.ilkd.key.proof.io.RuleSourceFactory.fromBuiltInRule(RuleSourceFactory.java:32)
	at de.uka.ilkd.key.proof.io.RuleSourceFactory.fromDefaultLocation(RuleSourceFactory.java:21)
	at de.uka.ilkd.key.nparser.builder.IncludeFinder.addInclude(IncludeFinder.java:63)
	at de.uka.ilkd.key.nparser.builder.IncludeFinder.visitOne_include(IncludeFinder.java:43)
	at de.uka.ilkd.key.nparser.builder.IncludeFinder.visitOne_include(IncludeFinder.java:20)
	at de.uka.ilkd.key.nparser.KeYParser$One_includeContext.accept(KeYParser.java:878)
	at de.uka.ilkd.key.nparser.builder.AbstractBuilder.lambda$mapOf$0(AbstractBuilder.java:112)
	at java.base/java.util.stream.ReferencePipeline$3$1.accept(ReferencePipeline.java:195)
	at java.base/java.util.ArrayList$ArrayListSpliterator.forEachRemaining(ArrayList.java:1655)
	at java.base/java.util.stream.AbstractPipeline.copyInto(AbstractPipeline.java:484)
	at java.base/java.util.stream.AbstractPipeline.wrapAndCopyInto(AbstractPipeline.java:474)
	at java.base/java.util.stream.ReduceOps$ReduceOp.evaluateSequential(ReduceOps.java:913)
	at java.base/java.util.stream.AbstractPipeline.evaluate(AbstractPipeline.java:234)
	at java.base/java.util.stream.ReferencePipeline.collect(ReferencePipeline.java:578)
	at de.uka.ilkd.key.nparser.builder.AbstractBuilder.mapOf(AbstractBuilder.java:112)
	at de.uka.ilkd.key.nparser.builder.IncludeFinder.visitOne_include_statement(IncludeFinder.java:35)
	at de.uka.ilkd.key.nparser.builder.IncludeFinder.visitOne_include_statement(IncludeFinder.java:20)
	at de.uka.ilkd.key.nparser.KeYParser$One_include_statementContext.accept(KeYParser.java:802)
	at org.antlr.v4.runtime.tree.AbstractParseTreeVisitor.visitChildren(AbstractParseTreeVisitor.java:46)
	at de.uka.ilkd.key.nparser.KeYParserBaseVisitor.visitDecls(KeYParserBaseVisitor.java:30)
	at de.uka.ilkd.key.nparser.KeYParser$DeclsContext.accept(KeYParser.java:500)
	at org.antlr.v4.runtime.tree.AbstractParseTreeVisitor.visitChildren(AbstractParseTreeVisitor.java:46)
	at de.uka.ilkd.key.nparser.KeYParserBaseVisitor.visitFile(KeYParserBaseVisitor.java:23)
	at de.uka.ilkd.key.nparser.KeYParser$FileContext.accept(KeYParser.java:306)
	at de.uka.ilkd.key.nparser.KeyAst.accept(KeyAst.java:41)
	at de.uka.ilkd.key.nparser.KeyAst$File.getIncludes(KeyAst.java:76)
	at de.uka.ilkd.key.proof.io.KeYFile.readIncludes(KeYFile.java:208)
	... 14 more
Could not find rule file rules/intRulesCheckedSemantics.key (file: /home/runner/work/key/key/key.core/../key.ui/examples/index/.././heap/permissions/permissions_method3.key; caused by: de.uka.ilkd.key.proof.init.ProofInputException: Could not find rule file rules/intRulesCheckedSemantics.key)
	at de.uka.ilkd.key.control.AbstractUserInterfaceControl.load(AbstractUserInterfaceControl.java:221)
	at de.uka.ilkd.key.control.KeYEnvironment.load(KeYEnvironment.java:251)
	at de.uka.ilkd.key.control.KeYEnvironment.load(KeYEnvironment.java:224)
	at de.uka.ilkd.key.control.KeYEnvironment.load(KeYEnvironment.java:184)
	at de.uka.ilkd.key.control.KeYEnvironment.load(KeYEnvironment.java:261)
	at de.uka.ilkd.key.proof.runallproofs.proofcollection.TestFile.load(TestFile.java:270)
	at de.uka.ilkd.key.proof.runallproofs.proofcollection.TestFile.runKey(TestFile.java:160)
	at de.uka.ilkd.key.proof.runallproofs.proofcollection.ForkedTestFileRunner.main(ForkedTestFileRunner.java:171)
Caused by: de.uka.ilkd.key.proof.init.ProofInputException: Could not find rule file rules/intRulesCheckedSemantics.key
	at de.uka.ilkd.key.proof.io.KeYFile.readIncludes(KeYFile.java:210)
	at de.uka.ilkd.key.proof.init.ProblemInitializer.readIncludes(ProblemInitializer.java:177)
	at de.uka.ilkd.key.proof.init.ProblemInitializer.readEnvInput(ProblemInitializer.java:325)
	at de.uka.ilkd.key.proof.init.ProblemInitializer.prepare(ProblemInitializer.java:449)
	at de.uka.ilkd.key.proof.io.AbstractProblemLoader.createInitConfig(AbstractProblemLoader.java:518)
	at de.uka.ilkd.key.proof.io.AbstractProblemLoader.loadEnvironment(AbstractProblemLoader.java:288)
	at de.uka.ilkd.key.proof.io.AbstractProblemLoader.load(AbstractProblemLoader.java:252)
	at de.uka.ilkd.key.control.AbstractUserInterfaceControl.load(AbstractUserInterfaceControl.java:209)
	... 7 more
Caused by: java.lang.RuntimeException: Could not find rule file rules/intRulesCheckedSemantics.key
	at de.uka.ilkd.key.proof.io.RuleSourceFactory.fromBuiltInRule(RuleSourceFactory.java:32)
	at de.uka.ilkd.key.proof.io.RuleSourceFactory.fromDefaultLocation(RuleSourceFactory.java:21)
	at de.uka.ilkd.key.nparser.builder.IncludeFinder.addInclude(IncludeFinder.java:63)
	at de.uka.ilkd.key.nparser.builder.IncludeFinder.visitOne_include(IncludeFinder.java:43)
	at de.uka.ilkd.key.nparser.builder.IncludeFinder.visitOne_include(IncludeFinder.java:20)
	at de.uka.ilkd.key.nparser.KeYParser$One_includeContext.accept(KeYParser.java:878)
	at de.uka.ilkd.key.nparser.builder.AbstractBuilder.lambda$mapOf$0(AbstractBuilder.java:112)
	at java.base/java.util.stream.ReferencePipeline$3$1.accept(ReferencePipeline.java:195)
	at java.base/java.util.ArrayList$ArrayListSpliterator.forEachRemaining(ArrayList.java:1655)
	at java.base/java.util.stream.AbstractPipeline.copyInto(AbstractPipeline.java:484)
	at java.base/java.util.stream.AbstractPipeline.wrapAndCopyInto(AbstractPipeline.java:474)
	at java.base/java.util.stream.ReduceOps$ReduceOp.evaluateSequential(ReduceOps.java:913)
	at java.base/java.util.stream.AbstractPipeline.evaluate(AbstractPipeline.java:234)
	at java.base/java.util.stream.ReferencePipeline.collect(ReferencePipeline.java:578)
	at de.uka.ilkd.key.nparser.builder.AbstractBuilder.mapOf(AbstractBuilder.java:112)
	at de.uka.ilkd.key.nparser.builder.IncludeFinder.visitOne_include_statement(IncludeFinder.java:35)
	at de.uka.ilkd.key.nparser.builder.IncludeFinder.visitOne_include_statement(IncludeFinder.java:20)
	at de.uka.ilkd.key.nparser.KeYParser$One_include_statementContext.accept(KeYParser.java:802)
	at org.antlr.v4.runtime.tree.AbstractParseTreeVisitor.visitChildren(AbstractParseTreeVisitor.java:46)
	at de.uka.ilkd.key.nparser.KeYParserBaseVisitor.visitDecls(KeYParserBaseVisitor.java:30)
	at de.uka.ilkd.key.nparser.KeYParser$DeclsContext.accept(KeYParser.java:500)
	at org.antlr.v4.runtime.tree.AbstractParseTreeVisitor.visitChildren(AbstractParseTreeVisitor.java:46)
	at de.uka.ilkd.key.nparser.KeYParserBaseVisitor.visitFile(KeYParserBaseVisitor.java:23)
	at de.uka.ilkd.key.nparser.KeYParser$FileContext.accept(KeYParser.java:306)
	at de.uka.ilkd.key.nparser.KeyAst.accept(KeyAst.java:41)
	at de.uka.ilkd.key.nparser.KeyAst$File.getIncludes(KeyAst.java:76)
	at de.uka.ilkd.key.proof.io.KeYFile.readIncludes(KeYFile.java:208)
	... 14 more
Could not find rule file rules/intRulesCheckedSemantics.key (file: /home/runner/work/key/key/key.core/../key.ui/examples/index/.././heap/permissions/permissions_setAB.key; caused by: de.uka.ilkd.key.proof.init.ProofInputException: Could not find rule file rules/intRulesCheckedSemantics.key)
	at de.uka.ilkd.key.control.AbstractUserInterfaceControl.load(AbstractUserInterfaceControl.java:221)
	at de.uka.ilkd.key.control.KeYEnvironment.load(KeYEnvironment.java:251)
	at de.uka.ilkd.key.control.KeYEnvironment.load(KeYEnvironment.java:224)
	at de.uka.ilkd.key.control.KeYEnvironment.load(KeYEnvironment.java:184)
	at de.uka.ilkd.key.control.KeYEnvironment.load(KeYEnvironment.java:261)
	at de.uka.ilkd.key.proof.runallproofs.proofcollection.TestFile.load(TestFile.java:270)
	at de.uka.ilkd.key.proof.runallproofs.proofcollection.TestFile.runKey(TestFile.java:160)
	at de.uka.ilkd.key.proof.runallproofs.proofcollection.ForkedTestFileRunner.main(ForkedTestFileRunner.java:171)
Caused by: de.uka.ilkd.key.proof.init.ProofInputException: Could not find rule file rules/intRulesCheckedSemantics.key
	at de.uka.ilkd.key.proof.io.KeYFile.readIncludes(KeYFile.java:210)
	at de.uka.ilkd.key.proof.init.ProblemInitializer.readIncludes(ProblemInitializer.java:177)
	at de.uka.ilkd.key.proof.init.ProblemInitializer.readEnvInput(ProblemInitializer.java:325)
	at de.uka.ilkd.key.proof.init.ProblemInitializer.prepare(ProblemInitializer.java:449)
	at de.uka.ilkd.key.proof.io.AbstractProblemLoader.createInitConfig(AbstractProblemLoader.java:518)
	at de.uka.ilkd.key.proof.io.AbstractProblemLoader.loadEnvironment(AbstractProblemLoader.java:288)
	at de.uka.ilkd.key.proof.io.AbstractProblemLoader.load(AbstractProblemLoader.java:252)
	at de.uka.ilkd.key.control.AbstractUserInterfaceControl.load(AbstractUserInterfaceControl.java:209)
	... 7 more
Caused by: java.lang.RuntimeException: Could not find rule file rules/intRulesCheckedSemantics.key
	at de.uka.ilkd.key.proof.io.RuleSourceFactory.fromBuiltInRule(RuleSourceFactory.java:32)
	at de.uka.ilkd.key.proof.io.RuleSourceFactory.fromDefaultLocation(RuleSourceFactory.java:21)
	at de.uka.ilkd.key.nparser.builder.IncludeFinder.addInclude(IncludeFinder.java:63)
	at de.uka.ilkd.key.nparser.builder.IncludeFinder.visitOne_include(IncludeFinder.java:43)
	at de.uka.ilkd.key.nparser.builder.IncludeFinder.visitOne_include(IncludeFinder.java:20)
	at de.uka.ilkd.key.nparser.KeYParser$One_includeContext.accept(KeYParser.java:878)
	at de.uka.ilkd.key.nparser.builder.AbstractBuilder.lambda$mapOf$0(AbstractBuilder.java:112)
	at java.base/java.util.stream.ReferencePipeline$3$1.accept(ReferencePipeline.java:195)
	at java.base/java.util.ArrayList$ArrayListSpliterator.forEachRemaining(ArrayList.java:1655)
	at java.base/java.util.stream.AbstractPipeline.copyInto(AbstractPipeline.java:484)
	at java.base/java.util.stream.AbstractPipeline.wrapAndCopyInto(AbstractPipeline.java:474)
	at java.base/java.util.stream.ReduceOps$ReduceOp.evaluateSequential(ReduceOps.java:913)
	at java.base/java.util.stream.AbstractPipeline.evaluate(AbstractPipeline.java:234)
	at java.base/java.util.stream.ReferencePipeline.collect(ReferencePipeline.java:578)
	at de.uka.ilkd.key.nparser.builder.AbstractBuilder.mapOf(AbstractBuilder.java:112)
	at de.uka.ilkd.key.nparser.builder.IncludeFinder.visitOne_include_statement(IncludeFinder.java:35)
	at de.uka.ilkd.key.nparser.builder.IncludeFinder.visitOne_include_statement(IncludeFinder.java:20)
	at de.uka.ilkd.key.nparser.KeYParser$One_include_statementContext.accept(KeYParser.java:802)
	at org.antlr.v4.runtime.tree.AbstractParseTreeVisitor.visitChildren(AbstractParseTreeVisitor.java:46)
	at de.uka.ilkd.key.nparser.KeYParserBaseVisitor.visitDecls(KeYParserBaseVisitor.java:30)
	at de.uka.ilkd.key.nparser.KeYParser$DeclsContext.accept(KeYParser.java:500)
	at org.antlr.v4.runtime.tree.AbstractParseTreeVisitor.visitChildren(AbstractParseTreeVisitor.java:46)
	at de.uka.ilkd.key.nparser.KeYParserBaseVisitor.visitFile(KeYParserBaseVisitor.java:23)
	at de.uka.ilkd.key.nparser.KeYParser$FileContext.accept(KeYParser.java:306)
	at de.uka.ilkd.key.nparser.KeyAst.accept(KeyAst.java:41)
	at de.uka.ilkd.key.nparser.KeyAst$File.getIncludes(KeyAst.java:76)
	at de.uka.ilkd.key.proof.io.KeYFile.readIncludes(KeYFile.java:208)
	... 14 more
Could not find rule file rules/intRulesCheckedSemantics.key (file: /home/runner/work/key/key/key.core/../key.ui/examples/index/.././heap/permissions/permissionProperties.key; caused by: de.uka.ilkd.key.proof.init.ProofInputException: Could not find rule file rules/intRulesCheckedSemantics.key)
	at de.uka.ilkd.key.control.AbstractUserInterfaceControl.load(AbstractUserInterfaceControl.java:221)
	at de.uka.ilkd.key.control.KeYEnvironment.load(KeYEnvironment.java:251)
	at de.uka.ilkd.key.control.KeYEnvironment.load(KeYEnvironment.java:224)
	at de.uka.ilkd.key.control.KeYEnvironment.load(KeYEnvironment.java:184)
	at de.uka.ilkd.key.control.KeYEnvironment.load(KeYEnvironment.java:261)
	at de.uka.ilkd.key.proof.runallproofs.proofcollection.TestFile.load(TestFile.java:270)
	at de.uka.ilkd.key.proof.runallproofs.proofcollection.TestFile.runKey(TestFile.java:160)
	at de.uka.ilkd.key.proof.runallproofs.proofcollection.ForkedTestFileRunner.main(ForkedTestFileRunner.java:171)
Caused by: de.uka.ilkd.key.proof.init.ProofInputException: Could not find rule file rules/intRulesCheckedSemantics.key
	at de.uka.ilkd.key.proof.io.KeYFile.readIncludes(KeYFile.java:210)
	at de.uka.ilkd.key.proof.init.ProblemInitializer.readIncludes(ProblemInitializer.java:177)
	at de.uka.ilkd.key.proof.init.ProblemInitializer.readEnvInput(ProblemInitializer.java:325)
	at de.uka.ilkd.key.proof.init.ProblemInitializer.prepare(ProblemInitializer.java:449)
	at de.uka.ilkd.key.proof.io.AbstractProblemLoader.createInitConfig(AbstractProblemLoader.java:518)
	at de.uka.ilkd.key.proof.io.AbstractProblemLoader.loadEnvironment(AbstractProblemLoader.java:288)
	at de.uka.ilkd.key.proof.io.AbstractProblemLoader.load(AbstractProblemLoader.java:252)
	at de.uka.ilkd.key.control.AbstractUserInterfaceControl.load(AbstractUserInterfaceControl.java:209)
	... 7 more
Caused by: java.lang.RuntimeException: Could not find rule file rules/intRulesCheckedSemantics.key
	at de.uka.ilkd.key.proof.io.RuleSourceFactory.fromBuiltInRule(RuleSourceFactory.java:32)
	at de.uka.ilkd.key.proof.io.RuleSourceFactory.fromDefaultLocation(RuleSourceFactory.java:21)
	at de.uka.ilkd.key.nparser.builder.IncludeFinder.addInclude(IncludeFinder.java:63)
	at de.uka.ilkd.key.nparser.builder.IncludeFinder.visitOne_include(IncludeFinder.java:43)
	at de.uka.ilkd.key.nparser.builder.IncludeFinder.visitOne_include(IncludeFinder.java:20)
	at de.uka.ilkd.key.nparser.KeYParser$One_includeContext.accept(KeYParser.java:878)
	at de.uka.ilkd.key.nparser.builder.AbstractBuilder.lambda$mapOf$0(AbstractBuilder.java:112)
	at java.base/java.util.stream.ReferencePipeline$3$1.accept(ReferencePipeline.java:195)
	at java.base/java.util.ArrayList$ArrayListSpliterator.forEachRemaining(ArrayList.java:1655)
	at java.base/java.util.stream.AbstractPipeline.copyInto(AbstractPipeline.java:484)
	at java.base/java.util.stream.AbstractPipeline.wrapAndCopyInto(AbstractPipeline.java:474)
	at java.base/java.util.stream.ReduceOps$ReduceOp.evaluateSequential(ReduceOps.java:913)
	at java.base/java.util.stream.AbstractPipeline.evaluate(AbstractPipeline.java:234)
	at java.base/java.util.stream.ReferencePipeline.collect(ReferencePipeline.java:578)
	at de.uka.ilkd.key.nparser.builder.AbstractBuilder.mapOf(AbstractBuilder.java:112)
	at de.uka.ilkd.key.nparser.builder.IncludeFinder.visitOne_include_statement(IncludeFinder.java:35)
	at de.uka.ilkd.key.nparser.builder.IncludeFinder.visitOne_include_statement(IncludeFinder.java:20)
	at de.uka.ilkd.key.nparser.KeYParser$One_include_statementContext.accept(KeYParser.java:802)
	at org.antlr.v4.runtime.tree.AbstractParseTreeVisitor.visitChildren(AbstractParseTreeVisitor.java:46)
	at de.uka.ilkd.key.nparser.KeYParserBaseVisitor.visitDecls(KeYParserBaseVisitor.java:30)
	at de.uka.ilkd.key.nparser.KeYParser$DeclsContext.accept(KeYParser.java:500)
	at org.antlr.v4.runtime.tree.AbstractParseTreeVisitor.visitChildren(AbstractParseTreeVisitor.java:46)
	at de.uka.ilkd.key.nparser.KeYParserBaseVisitor.visitFile(KeYParserBaseVisitor.java:23)
	at de.uka.ilkd.key.nparser.KeYParser$FileContext.accept(KeYParser.java:306)
	at de.uka.ilkd.key.nparser.KeyAst.accept(KeyAst.java:41)
	at de.uka.ilkd.key.nparser.KeyAst$File.getIncludes(KeyAst.java:76)
	at de.uka.ilkd.key.proof.io.KeYFile.readIncludes(KeYFile.java:208)
	... 14 more
Could not find rule file rules/intRulesCheckedSemantics.key (file: /home/runner/work/key/key/key.core/../key.ui/examples/index/.././heap/permissions/threads/AFilter_AFilter.key; caused by: de.uka.ilkd.key.proof.init.ProofInputException: Could not find rule file rules/intRulesCheckedSemantics.key)
	at de.uka.ilkd.key.control.AbstractUserInterfaceControl.load(AbstractUserInterfaceControl.java:221)
	at de.uka.ilkd.key.control.KeYEnvironment.load(KeYEnvironment.java:251)
	at de.uka.ilkd.key.control.KeYEnvironment.load(KeYEnvironment.java:224)
	at de.uka.ilkd.key.control.KeYEnvironment.load(KeYEnvironment.java:184)
	at de.uka.ilkd.key.control.KeYEnvironment.load(KeYEnvironment.java:261)
	at de.uka.ilkd.key.proof.runallproofs.proofcollection.TestFile.load(TestFile.java:270)
	at de.uka.ilkd.key.proof.runallproofs.proofcollection.TestFile.runKey(TestFile.java:160)
	at de.uka.ilkd.key.proof.runallproofs.proofcollection.ForkedTestFileRunner.main(ForkedTestFileRunner.java:171)
Caused by: de.uka.ilkd.key.proof.init.ProofInputException: Could not find rule file rules/intRulesCheckedSemantics.key
	at de.uka.ilkd.key.proof.io.KeYFile.readIncludes(KeYFile.java:210)
	at de.uka.ilkd.key.proof.init.ProblemInitializer.readIncludes(ProblemInitializer.java:177)
	at de.uka.ilkd.key.proof.init.ProblemInitializer.readEnvInput(ProblemInitializer.java:325)
	at de.uka.ilkd.key.proof.init.ProblemInitializer.prepare(ProblemInitializer.java:449)
	at de.uka.ilkd.key.proof.io.AbstractProblemLoader.createInitConfig(AbstractProblemLoader.java:518)
	at de.uka.ilkd.key.proof.io.AbstractProblemLoader.loadEnvironment(AbstractProblemLoader.java:288)
	at de.uka.ilkd.key.proof.io.AbstractProblemLoader.load(AbstractProblemLoader.java:252)
	at de.uka.ilkd.key.control.AbstractUserInterfaceControl.load(AbstractUserInterfaceControl.java:209)
	... 7 more
Caused by: java.lang.RuntimeException: Could not find rule file rules/intRulesCheckedSemantics.key
	at de.uka.ilkd.key.proof.io.RuleSourceFactory.fromBuiltInRule(RuleSourceFactory.java:32)
	at de.uka.ilkd.key.proof.io.RuleSourceFactory.fromDefaultLocation(RuleSourceFactory.java:21)
	at de.uka.ilkd.key.nparser.builder.IncludeFinder.addInclude(IncludeFinder.java:63)
	at de.uka.ilkd.key.nparser.builder.IncludeFinder.visitOne_include(IncludeFinder.java:43)
	at de.uka.ilkd.key.nparser.builder.IncludeFinder.visitOne_include(IncludeFinder.java:20)
	at de.uka.ilkd.key.nparser.KeYParser$One_includeContext.accept(KeYParser.java:878)
	at de.uka.ilkd.key.nparser.builder.AbstractBuilder.lambda$mapOf$0(AbstractBuilder.java:112)
	at java.base/java.util.stream.ReferencePipeline$3$1.accept(ReferencePipeline.java:195)
	at java.base/java.util.ArrayList$ArrayListSpliterator.forEachRemaining(ArrayList.java:1655)
	at java.base/java.util.stream.AbstractPipeline.copyInto(AbstractPipeline.java:484)
	at java.base/java.util.stream.AbstractPipeline.wrapAndCopyInto(AbstractPipeline.java:474)
	at java.base/java.util.stream.ReduceOps$ReduceOp.evaluateSequential(ReduceOps.java:913)
	at java.base/java.util.stream.AbstractPipeline.evaluate(AbstractPipeline.java:234)
	at java.base/java.util.stream.ReferencePipeline.collect(ReferencePipeline.java:578)
	at de.uka.ilkd.key.nparser.builder.AbstractBuilder.mapOf(AbstractBuilder.java:112)
	at de.uka.ilkd.key.nparser.builder.IncludeFinder.visitOne_include_statement(IncludeFinder.java:35)
	at de.uka.ilkd.key.nparser.builder.IncludeFinder.visitOne_include_statement(IncludeFinder.java:20)
	at de.uka.ilkd.key.nparser.KeYParser$One_include_statementContext.accept(KeYParser.java:802)
	at org.antlr.v4.runtime.tree.AbstractParseTreeVisitor.visitChildren(AbstractParseTreeVisitor.java:46)
	at de.uka.ilkd.key.nparser.KeYParserBaseVisitor.visitDecls(KeYParserBaseVisitor.java:30)
	at de.uka.ilkd.key.nparser.KeYParser$DeclsContext.accept(KeYParser.java:500)
	at org.antlr.v4.runtime.tree.AbstractParseTreeVisitor.visitChildren(AbstractParseTreeVisitor.java:46)
	at de.uka.ilkd.key.nparser.KeYParserBaseVisitor.visitFile(KeYParserBaseVisitor.java:23)
	at de.uka.ilkd.key.nparser.KeYParser$FileContext.accept(KeYParser.java:306)
	at de.uka.ilkd.key.nparser.KeyAst.accept(KeyAst.java:41)
	at de.uka.ilkd.key.nparser.KeyAst$File.getIncludes(KeyAst.java:76)
	at de.uka.ilkd.key.proof.io.KeYFile.readIncludes(KeYFile.java:208)
	... 14 more
Could not find rule file rules/intRulesCheckedSemantics.key (file: /home/runner/work/key/key/key.core/../key.ui/examples/index/.././heap/permissions/threads/AFilter_initPost_accessible.key; caused by: de.uka.ilkd.key.proof.init.ProofInputException: Could not find rule file rules/intRulesCheckedSemantics.key)
	at de.uka.ilkd.key.control.AbstractUserInterfaceControl.load(AbstractUserInterfaceControl.java:221)
	at de.uka.ilkd.key.control.KeYEnvironment.load(KeYEnvironment.java:251)
	at de.uka.ilkd.key.control.KeYEnvironment.load(KeYEnvironment.java:224)
	at de.uka.ilkd.key.control.KeYEnvironment.load(KeYEnvironment.java:184)
	at de.uka.ilkd.key.control.KeYEnvironment.load(KeYEnvironment.java:261)
	at de.uka.ilkd.key.proof.runallproofs.proofcollection.TestFile.load(TestFile.java:270)
	at de.uka.ilkd.key.proof.runallproofs.proofcollection.TestFile.runKey(TestFile.java:160)
	at de.uka.ilkd.key.proof.runallproofs.proofcollection.ForkedTestFileRunner.main(ForkedTestFileRunner.java:171)
Caused by: de.uka.ilkd.key.proof.init.ProofInputException: Could not find rule file rules/intRulesCheckedSemantics.key
	at de.uka.ilkd.key.proof.io.KeYFile.readIncludes(KeYFile.java:210)
	at de.uka.ilkd.key.proof.init.ProblemInitializer.readIncludes(ProblemInitializer.java:177)
	at de.uka.ilkd.key.proof.init.ProblemInitializer.readEnvInput(ProblemInitializer.java:325)
	at de.uka.ilkd.key.proof.init.ProblemInitializer.prepare(ProblemInitializer.java:449)
	at de.uka.ilkd.key.proof.io.AbstractProblemLoader.createInitConfig(AbstractProblemLoader.java:518)
	at de.uka.ilkd.key.proof.io.AbstractProblemLoader.loadEnvironment(AbstractProblemLoader.java:288)
	at de.uka.ilkd.key.proof.io.AbstractProblemLoader.load(AbstractProblemLoader.java:252)
	at de.uka.ilkd.key.control.AbstractUserInterfaceControl.load(AbstractUserInterfaceControl.java:209)
	... 7 more
Caused by: java.lang.RuntimeException: Could not find rule file rules/intRulesCheckedSemantics.key
	at de.uka.ilkd.key.proof.io.RuleSourceFactory.fromBuiltInRule(RuleSourceFactory.java:32)
	at de.uka.ilkd.key.proof.io.RuleSourceFactory.fromDefaultLocation(RuleSourceFactory.java:21)
	at de.uka.ilkd.key.nparser.builder.IncludeFinder.addInclude(IncludeFinder.java:63)
	at de.uka.ilkd.key.nparser.builder.IncludeFinder.visitOne_include(IncludeFinder.java:43)
	at de.uka.ilkd.key.nparser.builder.IncludeFinder.visitOne_include(IncludeFinder.java:20)
	at de.uka.ilkd.key.nparser.KeYParser$One_includeContext.accept(KeYParser.java:878)
	at de.uka.ilkd.key.nparser.builder.AbstractBuilder.lambda$mapOf$0(AbstractBuilder.java:112)
	at java.base/java.util.stream.ReferencePipeline$3$1.accept(ReferencePipeline.java:195)
	at java.base/java.util.ArrayList$ArrayListSpliterator.forEachRemaining(ArrayList.java:1655)
	at java.base/java.util.stream.AbstractPipeline.copyInto(AbstractPipeline.java:484)
	at java.base/java.util.stream.AbstractPipeline.wrapAndCopyInto(AbstractPipeline.java:474)
	at java.base/java.util.stream.ReduceOps$ReduceOp.evaluateSequential(ReduceOps.java:913)
	at java.base/java.util.stream.AbstractPipeline.evaluate(AbstractPipeline.java:234)
	at java.base/java.util.stream.ReferencePipeline.collect(ReferencePipeline.java:578)
	at de.uka.ilkd.key.nparser.builder.AbstractBuilder.mapOf(AbstractBuilder.java:112)
	at de.uka.ilkd.key.nparser.builder.IncludeFinder.visitOne_include_statement(IncludeFinder.java:35)
	at de.uka.ilkd.key.nparser.builder.IncludeFinder.visitOne_include_statement(IncludeFinder.java:20)
	at de.uka.ilkd.key.nparser.KeYParser$One_include_statementContext.accept(KeYParser.java:802)
	at org.antlr.v4.runtime.tree.AbstractParseTreeVisitor.visitChildren(AbstractParseTreeVisitor.java:46)
	at de.uka.ilkd.key.nparser.KeYParserBaseVisitor.visitDecls(KeYParserBaseVisitor.java:30)
	at de.uka.ilkd.key.nparser.KeYParser$DeclsContext.accept(KeYParser.java:500)
	at org.antlr.v4.runtime.tree.AbstractParseTreeVisitor.visitChildren(AbstractParseTreeVisitor.java:46)
	at de.uka.ilkd.key.nparser.KeYParserBaseVisitor.visitFile(KeYParserBaseVisitor.java:23)
	at de.uka.ilkd.key.nparser.KeYParser$FileContext.accept(KeYParser.java:306)
	at de.uka.ilkd.key.nparser.KeyAst.accept(KeyAst.java:41)
	at de.uka.ilkd.key.nparser.KeyAst$File.getIncludes(KeyAst.java:76)
	at de.uka.ilkd.key.proof.io.KeYFile.readIncludes(KeYFile.java:208)
	... 14 more
Could not find rule file rules/intRulesCheckedSemantics.key (file: /home/runner/work/key/key/key.core/../key.ui/examples/index/.././heap/permissions/threads/AFilter_inv_accessible1.key; caused by: de.uka.ilkd.key.proof.init.ProofInputException: Could not find rule file rules/intRulesCheckedSemantics.key)
	at de.uka.ilkd.key.control.AbstractUserInterfaceControl.load(AbstractUserInterfaceControl.java:221)
	at de.uka.ilkd.key.control.KeYEnvironment.load(KeYEnvironment.java:251)
	at de.uka.ilkd.key.control.KeYEnvironment.load(KeYEnvironment.java:224)
	at de.uka.ilkd.key.control.KeYEnvironment.load(KeYEnvironment.java:184)
	at de.uka.ilkd.key.control.KeYEnvironment.load(KeYEnvironment.java:261)
	at de.uka.ilkd.key.proof.runallproofs.proofcollection.TestFile.load(TestFile.java:270)
	at de.uka.ilkd.key.proof.runallproofs.proofcollection.TestFile.runKey(TestFile.java:160)
	at de.uka.ilkd.key.proof.runallproofs.proofcollection.ForkedTestFileRunner.main(ForkedTestFileRunner.java:171)
Caused by: de.uka.ilkd.key.proof.init.ProofInputException: Could not find rule file rules/intRulesCheckedSemantics.key
	at de.uka.ilkd.key.proof.io.KeYFile.readIncludes(KeYFile.java:210)
	at de.uka.ilkd.key.proof.init.ProblemInitializer.readIncludes(ProblemInitializer.java:177)
	at de.uka.ilkd.key.proof.init.ProblemInitializer.readEnvInput(ProblemInitializer.java:325)
	at de.uka.ilkd.key.proof.init.ProblemInitializer.prepare(ProblemInitializer.java:449)
	at de.uka.ilkd.key.proof.io.AbstractProblemLoader.createInitConfig(AbstractProblemLoader.java:518)
	at de.uka.ilkd.key.proof.io.AbstractProblemLoader.loadEnvironment(AbstractProblemLoader.java:288)
	at de.uka.ilkd.key.proof.io.AbstractProblemLoader.load(AbstractProblemLoader.java:252)
	at de.uka.ilkd.key.control.AbstractUserInterfaceControl.load(AbstractUserInterfaceControl.java:209)
	... 7 more
Caused by: java.lang.RuntimeException: Could not find rule file rules/intRulesCheckedSemantics.key
	at de.uka.ilkd.key.proof.io.RuleSourceFactory.fromBuiltInRule(RuleSourceFactory.java:32)
	at de.uka.ilkd.key.proof.io.RuleSourceFactory.fromDefaultLocation(RuleSourceFactory.java:21)
	at de.uka.ilkd.key.nparser.builder.IncludeFinder.addInclude(IncludeFinder.java:63)
	at de.uka.ilkd.key.nparser.builder.IncludeFinder.visitOne_include(IncludeFinder.java:43)
	at de.uka.ilkd.key.nparser.builder.IncludeFinder.visitOne_include(IncludeFinder.java:20)
	at de.uka.ilkd.key.nparser.KeYParser$One_includeContext.accept(KeYParser.java:878)
	at de.uka.ilkd.key.nparser.builder.AbstractBuilder.lambda$mapOf$0(AbstractBuilder.java:112)
	at java.base/java.util.stream.ReferencePipeline$3$1.accept(ReferencePipeline.java:195)
	at java.base/java.util.ArrayList$ArrayListSpliterator.forEachRemaining(ArrayList.java:1655)
	at java.base/java.util.stream.AbstractPipeline.copyInto(AbstractPipeline.java:484)
	at java.base/java.util.stream.AbstractPipeline.wrapAndCopyInto(AbstractPipeline.java:474)
	at java.base/java.util.stream.ReduceOps$ReduceOp.evaluateSequential(ReduceOps.java:913)
	at java.base/java.util.stream.AbstractPipeline.evaluate(AbstractPipeline.java:234)
	at java.base/java.util.stream.ReferencePipeline.collect(ReferencePipeline.java:578)
	at de.uka.ilkd.key.nparser.builder.AbstractBuilder.mapOf(AbstractBuilder.java:112)
	at de.uka.ilkd.key.nparser.builder.IncludeFinder.visitOne_include_statement(IncludeFinder.java:35)
	at de.uka.ilkd.key.nparser.builder.IncludeFinder.visitOne_include_statement(IncludeFinder.java:20)
	at de.uka.ilkd.key.nparser.KeYParser$One_include_statementContext.accept(KeYParser.java:802)
	at org.antlr.v4.runtime.tree.AbstractParseTreeVisitor.visitChildren(AbstractParseTreeVisitor.java:46)
	at de.uka.ilkd.key.nparser.KeYParserBaseVisitor.visitDecls(KeYParserBaseVisitor.java:30)
	at de.uka.ilkd.key.nparser.KeYParser$DeclsContext.accept(KeYParser.java:500)
	at org.antlr.v4.runtime.tree.AbstractParseTreeVisitor.visitChildren(AbstractParseTreeVisitor.java:46)
	at de.uka.ilkd.key.nparser.KeYParserBaseVisitor.visitFile(KeYParserBaseVisitor.java:23)
	at de.uka.ilkd.key.nparser.KeYParser$FileContext.accept(KeYParser.java:306)
	at de.uka.ilkd.key.nparser.KeyAst.accept(KeyAst.java:41)
	at de.uka.ilkd.key.nparser.KeyAst$File.getIncludes(KeyAst.java:76)
	at de.uka.ilkd.key.proof.io.KeYFile.readIncludes(KeYFile.java:208)
	... 14 more
Could not find rule file rules/intRulesCheckedSemantics.key (file: /home/runner/work/key/key/key.core/../key.ui/examples/index/.././heap/permissions/threads/AFilter_inv_accessible2.key; caused by: de.uka.ilkd.key.proof.init.ProofInputException: Could not find rule file rules/intRulesCheckedSemantics.key)
	at de.uka.ilkd.key.control.AbstractUserInterfaceControl.load(AbstractUserInterfaceControl.java:221)
	at de.uka.ilkd.key.control.KeYEnvironment.load(KeYEnvironment.java:251)
	at de.uka.ilkd.key.control.KeYEnvironment.load(KeYEnvironment.java:224)
	at de.uka.ilkd.key.control.KeYEnvironment.load(KeYEnvironment.java:184)
	at de.uka.ilkd.key.control.KeYEnvironment.load(KeYEnvironment.java:261)
	at de.uka.ilkd.key.proof.runallproofs.proofcollection.TestFile.load(TestFile.java:270)
	at de.uka.ilkd.key.proof.runallproofs.proofcollection.TestFile.runKey(TestFile.java:160)
	at de.uka.ilkd.key.proof.runallproofs.proofcollection.ForkedTestFileRunner.main(ForkedTestFileRunner.java:171)
Caused by: de.uka.ilkd.key.proof.init.ProofInputException: Could not find rule file rules/intRulesCheckedSemantics.key
	at de.uka.ilkd.key.proof.io.KeYFile.readIncludes(KeYFile.java:210)
	at de.uka.ilkd.key.proof.init.ProblemInitializer.readIncludes(ProblemInitializer.java:177)
	at de.uka.ilkd.key.proof.init.ProblemInitializer.readEnvInput(ProblemInitializer.java:325)
	at de.uka.ilkd.key.proof.init.ProblemInitializer.prepare(ProblemInitializer.java:449)
	at de.uka.ilkd.key.proof.io.AbstractProblemLoader.createInitConfig(AbstractProblemLoader.java:518)
	at de.uka.ilkd.key.proof.io.AbstractProblemLoader.loadEnvironment(AbstractProblemLoader.java:288)
	at de.uka.ilkd.key.proof.io.AbstractProblemLoader.load(AbstractProblemLoader.java:252)
	at de.uka.ilkd.key.control.AbstractUserInterfaceControl.load(AbstractUserInterfaceControl.java:209)
	... 7 more
Caused by: java.lang.RuntimeException: Could not find rule file rules/intRulesCheckedSemantics.key
	at de.uka.ilkd.key.proof.io.RuleSourceFactory.fromBuiltInRule(RuleSourceFactory.java:32)
	at de.uka.ilkd.key.proof.io.RuleSourceFactory.fromDefaultLocation(RuleSourceFactory.java:21)
	at de.uka.ilkd.key.nparser.builder.IncludeFinder.addInclude(IncludeFinder.java:63)
	at de.uka.ilkd.key.nparser.builder.IncludeFinder.visitOne_include(IncludeFinder.java:43)
	at de.uka.ilkd.key.nparser.builder.IncludeFinder.visitOne_include(IncludeFinder.java:20)
	at de.uka.ilkd.key.nparser.KeYParser$One_includeContext.accept(KeYParser.java:878)
	at de.uka.ilkd.key.nparser.builder.AbstractBuilder.lambda$mapOf$0(AbstractBuilder.java:112)
	at java.base/java.util.stream.ReferencePipeline$3$1.accept(ReferencePipeline.java:195)
	at java.base/java.util.ArrayList$ArrayListSpliterator.forEachRemaining(ArrayList.java:1655)
	at java.base/java.util.stream.AbstractPipeline.copyInto(AbstractPipeline.java:484)
	at java.base/java.util.stream.AbstractPipeline.wrapAndCopyInto(AbstractPipeline.java:474)
	at java.base/java.util.stream.ReduceOps$ReduceOp.evaluateSequential(ReduceOps.java:913)
	at java.base/java.util.stream.AbstractPipeline.evaluate(AbstractPipeline.java:234)
	at java.base/java.util.stream.ReferencePipeline.collect(ReferencePipeline.java:578)
	at de.uka.ilkd.key.nparser.builder.AbstractBuilder.mapOf(AbstractBuilder.java:112)
	at de.uka.ilkd.key.nparser.builder.IncludeFinder.visitOne_include_statement(IncludeFinder.java:35)
	at de.uka.ilkd.key.nparser.builder.IncludeFinder.visitOne_include_statement(IncludeFinder.java:20)
	at de.uka.ilkd.key.nparser.KeYParser$One_include_statementContext.accept(KeYParser.java:802)
	at org.antlr.v4.runtime.tree.AbstractParseTreeVisitor.visitChildren(AbstractParseTreeVisitor.java:46)
	at de.uka.ilkd.key.nparser.KeYParserBaseVisitor.visitDecls(KeYParserBaseVisitor.java:30)
	at de.uka.ilkd.key.nparser.KeYParser$DeclsContext.accept(KeYParser.java:500)
	at org.antlr.v4.runtime.tree.AbstractParseTreeVisitor.visitChildren(AbstractParseTreeVisitor.java:46)
	at de.uka.ilkd.key.nparser.KeYParserBaseVisitor.visitFile(KeYParserBaseVisitor.java:23)
	at de.uka.ilkd.key.nparser.KeYParser$FileContext.accept(KeYParser.java:306)
	at de.uka.ilkd.key.nparser.KeyAst.accept(KeyAst.java:41)
	at de.uka.ilkd.key.nparser.KeyAst$File.getIncludes(KeyAst.java:76)
	at de.uka.ilkd.key.proof.io.KeYFile.readIncludes(KeYFile.java:208)
	... 14 more
Could not find rule file rules/intRulesCheckedSemantics.key (file: /home/runner/work/key/key/key.core/../key.ui/examples/index/.././heap/permissions/threads/AFilter_joinTransfer_accessible.key; caused by: de.uka.ilkd.key.proof.init.ProofInputException: Could not find rule file rules/intRulesCheckedSemantics.key)
	at de.uka.ilkd.key.control.AbstractUserInterfaceControl.load(AbstractUserInterfaceControl.java:221)
	at de.uka.ilkd.key.control.KeYEnvironment.load(KeYEnvironment.java:251)
	at de.uka.ilkd.key.control.KeYEnvironment.load(KeYEnvironment.java:224)
	at de.uka.ilkd.key.control.KeYEnvironment.load(KeYEnvironment.java:184)
	at de.uka.ilkd.key.control.KeYEnvironment.load(KeYEnvironment.java:261)
	at de.uka.ilkd.key.proof.runallproofs.proofcollection.TestFile.load(TestFile.java:270)
	at de.uka.ilkd.key.proof.runallproofs.proofcollection.TestFile.runKey(TestFile.java:160)
	at de.uka.ilkd.key.proof.runallproofs.proofcollection.ForkedTestFileRunner.main(ForkedTestFileRunner.java:171)
Caused by: de.uka.ilkd.key.proof.init.ProofInputException: Could not find rule file rules/intRulesCheckedSemantics.key
	at de.uka.ilkd.key.proof.io.KeYFile.readIncludes(KeYFile.java:210)
	at de.uka.ilkd.key.proof.init.ProblemInitializer.readIncludes(ProblemInitializer.java:177)
	at de.uka.ilkd.key.proof.init.ProblemInitializer.readEnvInput(ProblemInitializer.java:325)
	at de.uka.ilkd.key.proof.init.ProblemInitializer.prepare(ProblemInitializer.java:449)
	at de.uka.ilkd.key.proof.io.AbstractProblemLoader.createInitConfig(AbstractProblemLoader.java:518)
	at de.uka.ilkd.key.proof.io.AbstractProblemLoader.loadEnvironment(AbstractProblemLoader.java:288)
	at de.uka.ilkd.key.proof.io.AbstractProblemLoader.load(AbstractProblemLoader.java:252)
	at de.uka.ilkd.key.control.AbstractUserInterfaceControl.load(AbstractUserInterfaceControl.java:209)
	... 7 more
Caused by: java.lang.RuntimeException: Could not find rule file rules/intRulesCheckedSemantics.key
	at de.uka.ilkd.key.proof.io.RuleSourceFactory.fromBuiltInRule(RuleSourceFactory.java:32)
	at de.uka.ilkd.key.proof.io.RuleSourceFactory.fromDefaultLocation(RuleSourceFactory.java:21)
	at de.uka.ilkd.key.nparser.builder.IncludeFinder.addInclude(IncludeFinder.java:63)
	at de.uka.ilkd.key.nparser.builder.IncludeFinder.visitOne_include(IncludeFinder.java:43)
	at de.uka.ilkd.key.nparser.builder.IncludeFinder.visitOne_include(IncludeFinder.java:20)
	at de.uka.ilkd.key.nparser.KeYParser$One_includeContext.accept(KeYParser.java:878)
	at de.uka.ilkd.key.nparser.builder.AbstractBuilder.lambda$mapOf$0(AbstractBuilder.java:112)
	at java.base/java.util.stream.ReferencePipeline$3$1.accept(ReferencePipeline.java:195)
	at java.base/java.util.ArrayList$ArrayListSpliterator.forEachRemaining(ArrayList.java:1655)
	at java.base/java.util.stream.AbstractPipeline.copyInto(AbstractPipeline.java:484)
	at java.base/java.util.stream.AbstractPipeline.wrapAndCopyInto(AbstractPipeline.java:474)
	at java.base/java.util.stream.ReduceOps$ReduceOp.evaluateSequential(ReduceOps.java:913)
	at java.base/java.util.stream.AbstractPipeline.evaluate(AbstractPipeline.java:234)
	at java.base/java.util.stream.ReferencePipeline.collect(ReferencePipeline.java:578)
	at de.uka.ilkd.key.nparser.builder.AbstractBuilder.mapOf(AbstractBuilder.java:112)
	at de.uka.ilkd.key.nparser.builder.IncludeFinder.visitOne_include_statement(IncludeFinder.java:35)
	at de.uka.ilkd.key.nparser.builder.IncludeFinder.visitOne_include_statement(IncludeFinder.java:20)
	at de.uka.ilkd.key.nparser.KeYParser$One_include_statementContext.accept(KeYParser.java:802)
	at org.antlr.v4.runtime.tree.AbstractParseTreeVisitor.visitChildren(AbstractParseTreeVisitor.java:46)
	at de.uka.ilkd.key.nparser.KeYParserBaseVisitor.visitDecls(KeYParserBaseVisitor.java:30)
	at de.uka.ilkd.key.nparser.KeYParser$DeclsContext.accept(KeYParser.java:500)
	at org.antlr.v4.runtime.tree.AbstractParseTreeVisitor.visitChildren(AbstractParseTreeVisitor.java:46)
	at de.uka.ilkd.key.nparser.KeYParserBaseVisitor.visitFile(KeYParserBaseVisitor.java:23)
	at de.uka.ilkd.key.nparser.KeYParser$FileContext.accept(KeYParser.java:306)
	at de.uka.ilkd.key.nparser.KeyAst.accept(KeyAst.java:41)
	at de.uka.ilkd.key.nparser.KeyAst$File.getIncludes(KeyAst.java:76)
	at de.uka.ilkd.key.proof.io.KeYFile.readIncludes(KeYFile.java:208)
	... 14 more
Could not find rule file rules/intRulesCheckedSemantics.key (file: /home/runner/work/key/key/key.core/../key.ui/examples/index/.././heap/permissions/threads/AFilter_joinTransfer_contract.key; caused by: de.uka.ilkd.key.proof.init.ProofInputException: Could not find rule file rules/intRulesCheckedSemantics.key)
	at de.uka.ilkd.key.control.AbstractUserInterfaceControl.load(AbstractUserInterfaceControl.java:221)
	at de.uka.ilkd.key.control.KeYEnvironment.load(KeYEnvironment.java:251)
	at de.uka.ilkd.key.control.KeYEnvironment.load(KeYEnvironment.java:224)
	at de.uka.ilkd.key.control.KeYEnvironment.load(KeYEnvironment.java:184)
	at de.uka.ilkd.key.control.KeYEnvironment.load(KeYEnvironment.java:261)
	at de.uka.ilkd.key.proof.runallproofs.proofcollection.TestFile.load(TestFile.java:270)
	at de.uka.ilkd.key.proof.runallproofs.proofcollection.TestFile.runKey(TestFile.java:160)
	at de.uka.ilkd.key.proof.runallproofs.proofcollection.ForkedTestFileRunner.main(ForkedTestFileRunner.java:171)
Caused by: de.uka.ilkd.key.proof.init.ProofInputException: Could not find rule file rules/intRulesCheckedSemantics.key
	at de.uka.ilkd.key.proof.io.KeYFile.readIncludes(KeYFile.java:210)
	at de.uka.ilkd.key.proof.init.ProblemInitializer.readIncludes(ProblemInitializer.java:177)
	at de.uka.ilkd.key.proof.init.ProblemInitializer.readEnvInput(ProblemInitializer.java:325)
	at de.uka.ilkd.key.proof.init.ProblemInitializer.prepare(ProblemInitializer.java:449)
	at de.uka.ilkd.key.proof.io.AbstractProblemLoader.createInitConfig(AbstractProblemLoader.java:518)
	at de.uka.ilkd.key.proof.io.AbstractProblemLoader.loadEnvironment(AbstractProblemLoader.java:288)
	at de.uka.ilkd.key.proof.io.AbstractProblemLoader.load(AbstractProblemLoader.java:252)
	at de.uka.ilkd.key.control.AbstractUserInterfaceControl.load(AbstractUserInterfaceControl.java:209)
	... 7 more
Caused by: java.lang.RuntimeException: Could not find rule file rules/intRulesCheckedSemantics.key
	at de.uka.ilkd.key.proof.io.RuleSourceFactory.fromBuiltInRule(RuleSourceFactory.java:32)
	at de.uka.ilkd.key.proof.io.RuleSourceFactory.fromDefaultLocation(RuleSourceFactory.java:21)
	at de.uka.ilkd.key.nparser.builder.IncludeFinder.addInclude(IncludeFinder.java:63)
	at de.uka.ilkd.key.nparser.builder.IncludeFinder.visitOne_include(IncludeFinder.java:43)
	at de.uka.ilkd.key.nparser.builder.IncludeFinder.visitOne_include(IncludeFinder.java:20)
	at de.uka.ilkd.key.nparser.KeYParser$One_includeContext.accept(KeYParser.java:878)
	at de.uka.ilkd.key.nparser.builder.AbstractBuilder.lambda$mapOf$0(AbstractBuilder.java:112)
	at java.base/java.util.stream.ReferencePipeline$3$1.accept(ReferencePipeline.java:195)
	at java.base/java.util.ArrayList$ArrayListSpliterator.forEachRemaining(ArrayList.java:1655)
	at java.base/java.util.stream.AbstractPipeline.copyInto(AbstractPipeline.java:484)
	at java.base/java.util.stream.AbstractPipeline.wrapAndCopyInto(AbstractPipeline.java:474)
	at java.base/java.util.stream.ReduceOps$ReduceOp.evaluateSequential(ReduceOps.java:913)
	at java.base/java.util.stream.AbstractPipeline.evaluate(AbstractPipeline.java:234)
	at java.base/java.util.stream.ReferencePipeline.collect(ReferencePipeline.java:578)
	at de.uka.ilkd.key.nparser.builder.AbstractBuilder.mapOf(AbstractBuilder.java:112)
	at de.uka.ilkd.key.nparser.builder.IncludeFinder.visitOne_include_statement(IncludeFinder.java:35)
	at de.uka.ilkd.key.nparser.builder.IncludeFinder.visitOne_include_statement(IncludeFinder.java:20)
	at de.uka.ilkd.key.nparser.KeYParser$One_include_statementContext.accept(KeYParser.java:802)
	at org.antlr.v4.runtime.tree.AbstractParseTreeVisitor.visitChildren(AbstractParseTreeVisitor.java:46)
	at de.uka.ilkd.key.nparser.KeYParserBaseVisitor.visitDecls(KeYParserBaseVisitor.java:30)
	at de.uka.ilkd.key.nparser.KeYParser$DeclsContext.accept(KeYParser.java:500)
	at org.antlr.v4.runtime.tree.AbstractParseTreeVisitor.visitChildren(AbstractParseTreeVisitor.java:46)
	at de.uka.ilkd.key.nparser.KeYParserBaseVisitor.visitFile(KeYParserBaseVisitor.java:23)
	at de.uka.ilkd.key.nparser.KeYParser$FileContext.accept(KeYParser.java:306)
	at de.uka.ilkd.key.nparser.KeyAst.accept(KeyAst.java:41)
	at de.uka.ilkd.key.nparser.KeyAst$File.getIncludes(KeyAst.java:76)
	at de.uka.ilkd.key.proof.io.KeYFile.readIncludes(KeYFile.java:208)
	... 14 more
Could not find rule file rules/intRulesCheckedSemantics.key (file: /home/runner/work/key/key/key.core/../key.ui/examples/index/.././heap/permissions/threads/AFilter_postJoin_accessible.key; caused by: de.uka.ilkd.key.proof.init.ProofInputException: Could not find rule file rules/intRulesCheckedSemantics.key)
	at de.uka.ilkd.key.control.AbstractUserInterfaceControl.load(AbstractUserInterfaceControl.java:221)
	at de.uka.ilkd.key.control.KeYEnvironment.load(KeYEnvironment.java:251)
	at de.uka.ilkd.key.control.KeYEnvironment.load(KeYEnvironment.java:224)
	at de.uka.ilkd.key.control.KeYEnvironment.load(KeYEnvironment.java:184)
	at de.uka.ilkd.key.control.KeYEnvironment.load(KeYEnvironment.java:261)
	at de.uka.ilkd.key.proof.runallproofs.proofcollection.TestFile.load(TestFile.java:270)
	at de.uka.ilkd.key.proof.runallproofs.proofcollection.TestFile.runKey(TestFile.java:160)
	at de.uka.ilkd.key.proof.runallproofs.proofcollection.ForkedTestFileRunner.main(ForkedTestFileRunner.java:171)
Caused by: de.uka.ilkd.key.proof.init.ProofInputException: Could not find rule file rules/intRulesCheckedSemantics.key
	at de.uka.ilkd.key.proof.io.KeYFile.readIncludes(KeYFile.java:210)
	at de.uka.ilkd.key.proof.init.ProblemInitializer.readIncludes(ProblemInitializer.java:177)
	at de.uka.ilkd.key.proof.init.ProblemInitializer.readEnvInput(ProblemInitializer.java:325)
	at de.uka.ilkd.key.proof.init.ProblemInitializer.prepare(ProblemInitializer.java:449)
	at de.uka.ilkd.key.proof.io.AbstractProblemLoader.createInitConfig(AbstractProblemLoader.java:518)
	at de.uka.ilkd.key.proof.io.AbstractProblemLoader.loadEnvironment(AbstractProblemLoader.java:288)
	at de.uka.ilkd.key.proof.io.AbstractProblemLoader.load(AbstractProblemLoader.java:252)
	at de.uka.ilkd.key.control.AbstractUserInterfaceControl.load(AbstractUserInterfaceControl.java:209)
	... 7 more
Caused by: java.lang.RuntimeException: Could not find rule file rules/intRulesCheckedSemantics.key
	at de.uka.ilkd.key.proof.io.RuleSourceFactory.fromBuiltInRule(RuleSourceFactory.java:32)
	at de.uka.ilkd.key.proof.io.RuleSourceFactory.fromDefaultLocation(RuleSourceFactory.java:21)
	at de.uka.ilkd.key.nparser.builder.IncludeFinder.addInclude(IncludeFinder.java:63)
	at de.uka.ilkd.key.nparser.builder.IncludeFinder.visitOne_include(IncludeFinder.java:43)
	at de.uka.ilkd.key.nparser.builder.IncludeFinder.visitOne_include(IncludeFinder.java:20)
	at de.uka.ilkd.key.nparser.KeYParser$One_includeContext.accept(KeYParser.java:878)
	at de.uka.ilkd.key.nparser.builder.AbstractBuilder.lambda$mapOf$0(AbstractBuilder.java:112)
	at java.base/java.util.stream.ReferencePipeline$3$1.accept(ReferencePipeline.java:195)
	at java.base/java.util.ArrayList$ArrayListSpliterator.forEachRemaining(ArrayList.java:1655)
	at java.base/java.util.stream.AbstractPipeline.copyInto(AbstractPipeline.java:484)
	at java.base/java.util.stream.AbstractPipeline.wrapAndCopyInto(AbstractPipeline.java:474)
	at java.base/java.util.stream.ReduceOps$ReduceOp.evaluateSequential(ReduceOps.java:913)
	at java.base/java.util.stream.AbstractPipeline.evaluate(AbstractPipeline.java:234)
	at java.base/java.util.stream.ReferencePipeline.collect(ReferencePipeline.java:578)
	at de.uka.ilkd.key.nparser.builder.AbstractBuilder.mapOf(AbstractBuilder.java:112)
	at de.uka.ilkd.key.nparser.builder.IncludeFinder.visitOne_include_statement(IncludeFinder.java:35)
	at de.uka.ilkd.key.nparser.builder.IncludeFinder.visitOne_include_statement(IncludeFinder.java:20)
	at de.uka.ilkd.key.nparser.KeYParser$One_include_statementContext.accept(KeYParser.java:802)
	at org.antlr.v4.runtime.tree.AbstractParseTreeVisitor.visitChildren(AbstractParseTreeVisitor.java:46)
	at de.uka.ilkd.key.nparser.KeYParserBaseVisitor.visitDecls(KeYParserBaseVisitor.java:30)
	at de.uka.ilkd.key.nparser.KeYParser$DeclsContext.accept(KeYParser.java:500)
	at org.antlr.v4.runtime.tree.AbstractParseTreeVisitor.visitChildren(AbstractParseTreeVisitor.java:46)
	at de.uka.ilkd.key.nparser.KeYParserBaseVisitor.visitFile(KeYParserBaseVisitor.java:23)
	at de.uka.ilkd.key.nparser.KeYParser$FileContext.accept(KeYParser.java:306)
	at de.uka.ilkd.key.nparser.KeyAst.accept(KeyAst.java:41)
	at de.uka.ilkd.key.nparser.KeyAst$File.getIncludes(KeyAst.java:76)
	at de.uka.ilkd.key.proof.io.KeYFile.readIncludes(KeYFile.java:208)
	... 14 more
Could not find rule file rules/intRulesCheckedSemantics.key (file: /home/runner/work/key/key/key.core/../key.ui/examples/index/.././heap/permissions/threads/AFilter_preStart_accessible.key; caused by: de.uka.ilkd.key.proof.init.ProofInputException: Could not find rule file rules/intRulesCheckedSemantics.key)
	at de.uka.ilkd.key.control.AbstractUserInterfaceControl.load(AbstractUserInterfaceControl.java:221)
	at de.uka.ilkd.key.control.KeYEnvironment.load(KeYEnvironment.java:251)
	at de.uka.ilkd.key.control.KeYEnvironment.load(KeYEnvironment.java:224)
	at de.uka.ilkd.key.control.KeYEnvironment.load(KeYEnvironment.java:184)
	at de.uka.ilkd.key.control.KeYEnvironment.load(KeYEnvironment.java:261)
	at de.uka.ilkd.key.proof.runallproofs.proofcollection.TestFile.load(TestFile.java:270)
	at de.uka.ilkd.key.proof.runallproofs.proofcollection.TestFile.runKey(TestFile.java:160)
	at de.uka.ilkd.key.proof.runallproofs.proofcollection.ForkedTestFileRunner.main(ForkedTestFileRunner.java:171)
Caused by: de.uka.ilkd.key.proof.init.ProofInputException: Could not find rule file rules/intRulesCheckedSemantics.key
	at de.uka.ilkd.key.proof.io.KeYFile.readIncludes(KeYFile.java:210)
	at de.uka.ilkd.key.proof.init.ProblemInitializer.readIncludes(ProblemInitializer.java:177)
	at de.uka.ilkd.key.proof.init.ProblemInitializer.readEnvInput(ProblemInitializer.java:325)
	at de.uka.ilkd.key.proof.init.ProblemInitializer.prepare(ProblemInitializer.java:449)
	at de.uka.ilkd.key.proof.io.AbstractProblemLoader.createInitConfig(AbstractProblemLoader.java:518)
	at de.uka.ilkd.key.proof.io.AbstractProblemLoader.loadEnvironment(AbstractProblemLoader.java:288)
	at de.uka.ilkd.key.proof.io.AbstractProblemLoader.load(AbstractProblemLoader.java:252)
	at de.uka.ilkd.key.control.AbstractUserInterfaceControl.load(AbstractUserInterfaceControl.java:209)
	... 7 more
Caused by: java.lang.RuntimeException: Could not find rule file rules/intRulesCheckedSemantics.key
	at de.uka.ilkd.key.proof.io.RuleSourceFactory.fromBuiltInRule(RuleSourceFactory.java:32)
	at de.uka.ilkd.key.proof.io.RuleSourceFactory.fromDefaultLocation(RuleSourceFactory.java:21)
	at de.uka.ilkd.key.nparser.builder.IncludeFinder.addInclude(IncludeFinder.java:63)
	at de.uka.ilkd.key.nparser.builder.IncludeFinder.visitOne_include(IncludeFinder.java:43)
	at de.uka.ilkd.key.nparser.builder.IncludeFinder.visitOne_include(IncludeFinder.java:20)
	at de.uka.ilkd.key.nparser.KeYParser$One_includeContext.accept(KeYParser.java:878)
	at de.uka.ilkd.key.nparser.builder.AbstractBuilder.lambda$mapOf$0(AbstractBuilder.java:112)
	at java.base/java.util.stream.ReferencePipeline$3$1.accept(ReferencePipeline.java:195)
	at java.base/java.util.ArrayList$ArrayListSpliterator.forEachRemaining(ArrayList.java:1655)
	at java.base/java.util.stream.AbstractPipeline.copyInto(AbstractPipeline.java:484)
	at java.base/java.util.stream.AbstractPipeline.wrapAndCopyInto(AbstractPipeline.java:474)
	at java.base/java.util.stream.ReduceOps$ReduceOp.evaluateSequential(ReduceOps.java:913)
	at java.base/java.util.stream.AbstractPipeline.evaluate(AbstractPipeline.java:234)
	at java.base/java.util.stream.ReferencePipeline.collect(ReferencePipeline.java:578)
	at de.uka.ilkd.key.nparser.builder.AbstractBuilder.mapOf(AbstractBuilder.java:112)
	at de.uka.ilkd.key.nparser.builder.IncludeFinder.visitOne_include_statement(IncludeFinder.java:35)
	at de.uka.ilkd.key.nparser.builder.IncludeFinder.visitOne_include_statement(IncludeFinder.java:20)
	at de.uka.ilkd.key.nparser.KeYParser$One_include_statementContext.accept(KeYParser.java:802)
	at org.antlr.v4.runtime.tree.AbstractParseTreeVisitor.visitChildren(AbstractParseTreeVisitor.java:46)
	at de.uka.ilkd.key.nparser.KeYParserBaseVisitor.visitDecls(KeYParserBaseVisitor.java:30)
	at de.uka.ilkd.key.nparser.KeYParser$DeclsContext.accept(KeYParser.java:500)
	at org.antlr.v4.runtime.tree.AbstractParseTreeVisitor.visitChildren(AbstractParseTreeVisitor.java:46)
	at de.uka.ilkd.key.nparser.KeYParserBaseVisitor.visitFile(KeYParserBaseVisitor.java:23)
	at de.uka.ilkd.key.nparser.KeYParser$FileContext.accept(KeYParser.java:306)
	at de.uka.ilkd.key.nparser.KeyAst.accept(KeyAst.java:41)
	at de.uka.ilkd.key.nparser.KeyAst$File.getIncludes(KeyAst.java:76)
	at de.uka.ilkd.key.proof.io.KeYFile.readIncludes(KeYFile.java:208)
	... 14 more
Could not find rule file rules/intRulesCheckedSemantics.key (file: /home/runner/work/key/key/key.core/../key.ui/examples/index/.././heap/permissions/threads/AFilter_startTransfer_accessible.key; caused by: de.uka.ilkd.key.proof.init.ProofInputException: Could not find rule file rules/intRulesCheckedSemantics.key)
	at de.uka.ilkd.key.control.AbstractUserInterfaceControl.load(AbstractUserInterfaceControl.java:221)
	at de.uka.ilkd.key.control.KeYEnvironment.load(KeYEnvironment.java:251)
	at de.uka.ilkd.key.control.KeYEnvironment.load(KeYEnvironment.java:224)
	at de.uka.ilkd.key.control.KeYEnvironment.load(KeYEnvironment.java:184)
	at de.uka.ilkd.key.control.KeYEnvironment.load(KeYEnvironment.java:261)
	at de.uka.ilkd.key.proof.runallproofs.proofcollection.TestFile.load(TestFile.java:270)
	at de.uka.ilkd.key.proof.runallproofs.proofcollection.TestFile.runKey(TestFile.java:160)
	at de.uka.ilkd.key.proof.runallproofs.proofcollection.ForkedTestFileRunner.main(ForkedTestFileRunner.java:171)
Caused by: de.uka.ilkd.key.proof.init.ProofInputException: Could not find rule file rules/intRulesCheckedSemantics.key
	at de.uka.ilkd.key.proof.io.KeYFile.readIncludes(KeYFile.java:210)
	at de.uka.ilkd.key.proof.init.ProblemInitializer.readIncludes(ProblemInitializer.java:177)
	at de.uka.ilkd.key.proof.init.ProblemInitializer.readEnvInput(ProblemInitializer.java:325)
	at de.uka.ilkd.key.proof.init.ProblemInitializer.prepare(ProblemInitializer.java:449)
	at de.uka.ilkd.key.proof.io.AbstractProblemLoader.createInitConfig(AbstractProblemLoader.java:518)
	at de.uka.ilkd.key.proof.io.AbstractProblemLoader.loadEnvironment(AbstractProblemLoader.java:288)
	at de.uka.ilkd.key.proof.io.AbstractProblemLoader.load(AbstractProblemLoader.java:252)
	at de.uka.ilkd.key.control.AbstractUserInterfaceControl.load(AbstractUserInterfaceControl.java:209)
	... 7 more
Caused by: java.lang.RuntimeException: Could not find rule file rules/intRulesCheckedSemantics.key
	at de.uka.ilkd.key.proof.io.RuleSourceFactory.fromBuiltInRule(RuleSourceFactory.java:32)
	at de.uka.ilkd.key.proof.io.RuleSourceFactory.fromDefaultLocation(RuleSourceFactory.java:21)
	at de.uka.ilkd.key.nparser.builder.IncludeFinder.addInclude(IncludeFinder.java:63)
	at de.uka.ilkd.key.nparser.builder.IncludeFinder.visitOne_include(IncludeFinder.java:43)
	at de.uka.ilkd.key.nparser.builder.IncludeFinder.visitOne_include(IncludeFinder.java:20)
	at de.uka.ilkd.key.nparser.KeYParser$One_includeContext.accept(KeYParser.java:878)
	at de.uka.ilkd.key.nparser.builder.AbstractBuilder.lambda$mapOf$0(AbstractBuilder.java:112)
	at java.base/java.util.stream.ReferencePipeline$3$1.accept(ReferencePipeline.java:195)
	at java.base/java.util.ArrayList$ArrayListSpliterator.forEachRemaining(ArrayList.java:1655)
	at java.base/java.util.stream.AbstractPipeline.copyInto(AbstractPipeline.java:484)
	at java.base/java.util.stream.AbstractPipeline.wrapAndCopyInto(AbstractPipeline.java:474)
	at java.base/java.util.stream.ReduceOps$ReduceOp.evaluateSequential(ReduceOps.java:913)
	at java.base/java.util.stream.AbstractPipeline.evaluate(AbstractPipeline.java:234)
	at java.base/java.util.stream.ReferencePipeline.collect(ReferencePipeline.java:578)
	at de.uka.ilkd.key.nparser.builder.AbstractBuilder.mapOf(AbstractBuilder.java:112)
	at de.uka.ilkd.key.nparser.builder.IncludeFinder.visitOne_include_statement(IncludeFinder.java:35)
	at de.uka.ilkd.key.nparser.builder.IncludeFinder.visitOne_include_statement(IncludeFinder.java:20)
	at de.uka.ilkd.key.nparser.KeYParser$One_include_statementContext.accept(KeYParser.java:802)
	at org.antlr.v4.runtime.tree.AbstractParseTreeVisitor.visitChildren(AbstractParseTreeVisitor.java:46)
	at de.uka.ilkd.key.nparser.KeYParserBaseVisitor.visitDecls(KeYParserBaseVisitor.java:30)
	at de.uka.ilkd.key.nparser.KeYParser$DeclsContext.accept(KeYParser.java:500)
	at org.antlr.v4.runtime.tree.AbstractParseTreeVisitor.visitChildren(AbstractParseTreeVisitor.java:46)
	at de.uka.ilkd.key.nparser.KeYParserBaseVisitor.visitFile(KeYParserBaseVisitor.java:23)
	at de.uka.ilkd.key.nparser.KeYParser$FileContext.accept(KeYParser.java:306)
	at de.uka.ilkd.key.nparser.KeyAst.accept(KeyAst.java:41)
	at de.uka.ilkd.key.nparser.KeyAst$File.getIncludes(KeyAst.java:76)
	at de.uka.ilkd.key.proof.io.KeYFile.readIncludes(KeYFile.java:208)
	... 14 more
Could not find rule file rules/intRulesCheckedSemantics.key (file: /home/runner/work/key/key/key.core/../key.ui/examples/index/.././heap/permissions/threads/AFilter_startTransfer_contract.key; caused by: de.uka.ilkd.key.proof.init.ProofInputException: Could not find rule file rules/intRulesCheckedSemantics.key)
	at de.uka.ilkd.key.control.AbstractUserInterfaceControl.load(AbstractUserInterfaceControl.java:221)
	at de.uka.ilkd.key.control.KeYEnvironment.load(KeYEnvironment.java:251)
	at de.uka.ilkd.key.control.KeYEnvironment.load(KeYEnvironment.java:224)
	at de.uka.ilkd.key.control.KeYEnvironment.load(KeYEnvironment.java:184)
	at de.uka.ilkd.key.control.KeYEnvironment.load(KeYEnvironment.java:261)
	at de.uka.ilkd.key.proof.runallproofs.proofcollection.TestFile.load(TestFile.java:270)
	at de.uka.ilkd.key.proof.runallproofs.proofcollection.TestFile.runKey(TestFile.java:160)
	at de.uka.ilkd.key.proof.runallproofs.proofcollection.ForkedTestFileRunner.main(ForkedTestFileRunner.java:171)
Caused by: de.uka.ilkd.key.proof.init.ProofInputException: Could not find rule file rules/intRulesCheckedSemantics.key
	at de.uka.ilkd.key.proof.io.KeYFile.readIncludes(KeYFile.java:210)
	at de.uka.ilkd.key.proof.init.ProblemInitializer.readIncludes(ProblemInitializer.java:177)
	at de.uka.ilkd.key.proof.init.ProblemInitializer.readEnvInput(ProblemInitializer.java:325)
	at de.uka.ilkd.key.proof.init.ProblemInitializer.prepare(ProblemInitializer.java:449)
	at de.uka.ilkd.key.proof.io.AbstractProblemLoader.createInitConfig(AbstractProblemLoader.java:518)
	at de.uka.ilkd.key.proof.io.AbstractProblemLoader.loadEnvironment(AbstractProblemLoader.java:288)
	at de.uka.ilkd.key.proof.io.AbstractProblemLoader.load(AbstractProblemLoader.java:252)
	at de.uka.ilkd.key.control.AbstractUserInterfaceControl.load(AbstractUserInterfaceControl.java:209)
	... 7 more
Caused by: java.lang.RuntimeException: Could not find rule file rules/intRulesCheckedSemantics.key
	at de.uka.ilkd.key.proof.io.RuleSourceFactory.fromBuiltInRule(RuleSourceFactory.java:32)
	at de.uka.ilkd.key.proof.io.RuleSourceFactory.fromDefaultLocation(RuleSourceFactory.java:21)
	at de.uka.ilkd.key.nparser.builder.IncludeFinder.addInclude(IncludeFinder.java:63)
	at de.uka.ilkd.key.nparser.builder.IncludeFinder.visitOne_include(IncludeFinder.java:43)
	at de.uka.ilkd.key.nparser.builder.IncludeFinder.visitOne_include(IncludeFinder.java:20)
	at de.uka.ilkd.key.nparser.KeYParser$One_includeContext.accept(KeYParser.java:878)
	at de.uka.ilkd.key.nparser.builder.AbstractBuilder.lambda$mapOf$0(AbstractBuilder.java:112)
	at java.base/java.util.stream.ReferencePipeline$3$1.accept(ReferencePipeline.java:195)
	at java.base/java.util.ArrayList$ArrayListSpliterator.forEachRemaining(ArrayList.java:1655)
	at java.base/java.util.stream.AbstractPipeline.copyInto(AbstractPipeline.java:484)
	at java.base/java.util.stream.AbstractPipeline.wrapAndCopyInto(AbstractPipeline.java:474)
	at java.base/java.util.stream.ReduceOps$ReduceOp.evaluateSequential(ReduceOps.java:913)
	at java.base/java.util.stream.AbstractPipeline.evaluate(AbstractPipeline.java:234)
	at java.base/java.util.stream.ReferencePipeline.collect(ReferencePipeline.java:578)
	at de.uka.ilkd.key.nparser.builder.AbstractBuilder.mapOf(AbstractBuilder.java:112)
	at de.uka.ilkd.key.nparser.builder.IncludeFinder.visitOne_include_statement(IncludeFinder.java:35)
	at de.uka.ilkd.key.nparser.builder.IncludeFinder.visitOne_include_statement(IncludeFinder.java:20)
	at de.uka.ilkd.key.nparser.KeYParser$One_include_statementContext.accept(KeYParser.java:802)
	at org.antlr.v4.runtime.tree.AbstractParseTreeVisitor.visitChildren(AbstractParseTreeVisitor.java:46)
	at de.uka.ilkd.key.nparser.KeYParserBaseVisitor.visitDecls(KeYParserBaseVisitor.java:30)
	at de.uka.ilkd.key.nparser.KeYParser$DeclsContext.accept(KeYParser.java:500)
	at org.antlr.v4.runtime.tree.AbstractParseTreeVisitor.visitChildren(AbstractParseTreeVisitor.java:46)
	at de.uka.ilkd.key.nparser.KeYParserBaseVisitor.visitFile(KeYParserBaseVisitor.java:23)
	at de.uka.ilkd.key.nparser.KeYParser$FileContext.accept(KeYParser.java:306)
	at de.uka.ilkd.key.nparser.KeyAst.accept(KeyAst.java:41)
	at de.uka.ilkd.key.nparser.KeyAst$File.getIncludes(KeyAst.java:76)
	at de.uka.ilkd.key.proof.io.KeYFile.readIncludes(KeYFile.java:208)
	... 14 more
Could not find rule file rules/intRulesCheckedSemantics.key (file: /home/runner/work/key/key/key.core/../key.ui/examples/index/.././heap/permissions/threads/AFilter_stateInv_accessible.key; caused by: de.uka.ilkd.key.proof.init.ProofInputException: Could not find rule file rules/intRulesCheckedSemantics.key)
	at de.uka.ilkd.key.control.AbstractUserInterfaceControl.load(AbstractUserInterfaceControl.java:221)
	at de.uka.ilkd.key.control.KeYEnvironment.load(KeYEnvironment.java:251)
	at de.uka.ilkd.key.control.KeYEnvironment.load(KeYEnvironment.java:224)
	at de.uka.ilkd.key.control.KeYEnvironment.load(KeYEnvironment.java:184)
	at de.uka.ilkd.key.control.KeYEnvironment.load(KeYEnvironment.java:261)
	at de.uka.ilkd.key.proof.runallproofs.proofcollection.TestFile.load(TestFile.java:270)
	at de.uka.ilkd.key.proof.runallproofs.proofcollection.TestFile.runKey(TestFile.java:160)
	at de.uka.ilkd.key.proof.runallproofs.proofcollection.ForkedTestFileRunner.main(ForkedTestFileRunner.java:171)
Caused by: de.uka.ilkd.key.proof.init.ProofInputException: Could not find rule file rules/intRulesCheckedSemantics.key
	at de.uka.ilkd.key.proof.io.KeYFile.readIncludes(KeYFile.java:210)
	at de.uka.ilkd.key.proof.init.ProblemInitializer.readIncludes(ProblemInitializer.java:177)
	at de.uka.ilkd.key.proof.init.ProblemInitializer.readEnvInput(ProblemInitializer.java:325)
	at de.uka.ilkd.key.proof.init.ProblemInitializer.prepare(ProblemInitializer.java:449)
	at de.uka.ilkd.key.proof.io.AbstractProblemLoader.createInitConfig(AbstractProblemLoader.java:518)
	at de.uka.ilkd.key.proof.io.AbstractProblemLoader.loadEnvironment(AbstractProblemLoader.java:288)
	at de.uka.ilkd.key.proof.io.AbstractProblemLoader.load(AbstractProblemLoader.java:252)
	at de.uka.ilkd.key.control.AbstractUserInterfaceControl.load(AbstractUserInterfaceControl.java:209)
	... 7 more
Caused by: java.lang.RuntimeException: Could not find rule file rules/intRulesCheckedSemantics.key
	at de.uka.ilkd.key.proof.io.RuleSourceFactory.fromBuiltInRule(RuleSourceFactory.java:32)
	at de.uka.ilkd.key.proof.io.RuleSourceFactory.fromDefaultLocation(RuleSourceFactory.java:21)
	at de.uka.ilkd.key.nparser.builder.IncludeFinder.addInclude(IncludeFinder.java:63)
	at de.uka.ilkd.key.nparser.builder.IncludeFinder.visitOne_include(IncludeFinder.java:43)
	at de.uka.ilkd.key.nparser.builder.IncludeFinder.visitOne_include(IncludeFinder.java:20)
	at de.uka.ilkd.key.nparser.KeYParser$One_includeContext.accept(KeYParser.java:878)
	at de.uka.ilkd.key.nparser.builder.AbstractBuilder.lambda$mapOf$0(AbstractBuilder.java:112)
	at java.base/java.util.stream.ReferencePipeline$3$1.accept(ReferencePipeline.java:195)
	at java.base/java.util.ArrayList$ArrayListSpliterator.forEachRemaining(ArrayList.java:1655)
	at java.base/java.util.stream.AbstractPipeline.copyInto(AbstractPipeline.java:484)
	at java.base/java.util.stream.AbstractPipeline.wrapAndCopyInto(AbstractPipeline.java:474)
	at java.base/java.util.stream.ReduceOps$ReduceOp.evaluateSequential(ReduceOps.java:913)
	at java.base/java.util.stream.AbstractPipeline.evaluate(AbstractPipeline.java:234)
	at java.base/java.util.stream.ReferencePipeline.collect(ReferencePipeline.java:578)
	at de.uka.ilkd.key.nparser.builder.AbstractBuilder.mapOf(AbstractBuilder.java:112)
	at de.uka.ilkd.key.nparser.builder.IncludeFinder.visitOne_include_statement(IncludeFinder.java:35)
	at de.uka.ilkd.key.nparser.builder.IncludeFinder.visitOne_include_statement(IncludeFinder.java:20)
	at de.uka.ilkd.key.nparser.KeYParser$One_include_statementContext.accept(KeYParser.java:802)
	at org.antlr.v4.runtime.tree.AbstractParseTreeVisitor.visitChildren(AbstractParseTreeVisitor.java:46)
	at de.uka.ilkd.key.nparser.KeYParserBaseVisitor.visitDecls(KeYParserBaseVisitor.java:30)
	at de.uka.ilkd.key.nparser.KeYParser$DeclsContext.accept(KeYParser.java:500)
	at org.antlr.v4.runtime.tree.AbstractParseTreeVisitor.visitChildren(AbstractParseTreeVisitor.java:46)
	at de.uka.ilkd.key.nparser.KeYParserBaseVisitor.visitFile(KeYParserBaseVisitor.java:23)
	at de.uka.ilkd.key.nparser.KeYParser$FileContext.accept(KeYParser.java:306)
	at de.uka.ilkd.key.nparser.KeyAst.accept(KeyAst.java:41)
	at de.uka.ilkd.key.nparser.KeyAst$File.getIncludes(KeyAst.java:76)
	at de.uka.ilkd.key.proof.io.KeYFile.readIncludes(KeYFile.java:208)
	... 14 more
Could not find rule file rules/intRulesCheckedSemantics.key (file: /home/runner/work/key/key/key.core/../key.ui/examples/index/.././heap/permissions/threads/AFilter_staticPermissions_accessible.key; caused by: de.uka.ilkd.key.proof.init.ProofInputException: Could not find rule file rules/intRulesCheckedSemantics.key)
	at de.uka.ilkd.key.control.AbstractUserInterfaceControl.load(AbstractUserInterfaceControl.java:221)
	at de.uka.ilkd.key.control.KeYEnvironment.load(KeYEnvironment.java:251)
	at de.uka.ilkd.key.control.KeYEnvironment.load(KeYEnvironment.java:224)
	at de.uka.ilkd.key.control.KeYEnvironment.load(KeYEnvironment.java:184)
	at de.uka.ilkd.key.control.KeYEnvironment.load(KeYEnvironment.java:261)
	at de.uka.ilkd.key.proof.runallproofs.proofcollection.TestFile.load(TestFile.java:270)
	at de.uka.ilkd.key.proof.runallproofs.proofcollection.TestFile.runKey(TestFile.java:160)
	at de.uka.ilkd.key.proof.runallproofs.proofcollection.ForkedTestFileRunner.main(ForkedTestFileRunner.java:171)
Caused by: de.uka.ilkd.key.proof.init.ProofInputException: Could not find rule file rules/intRulesCheckedSemantics.key
	at de.uka.ilkd.key.proof.io.KeYFile.readIncludes(KeYFile.java:210)
	at de.uka.ilkd.key.proof.init.ProblemInitializer.readIncludes(ProblemInitializer.java:177)
	at de.uka.ilkd.key.proof.init.ProblemInitializer.readEnvInput(ProblemInitializer.java:325)
	at de.uka.ilkd.key.proof.init.ProblemInitializer.prepare(ProblemInitializer.java:449)
	at de.uka.ilkd.key.proof.io.AbstractProblemLoader.createInitConfig(AbstractProblemLoader.java:518)
	at de.uka.ilkd.key.proof.io.AbstractProblemLoader.loadEnvironment(AbstractProblemLoader.java:288)
	at de.uka.ilkd.key.proof.io.AbstractProblemLoader.load(AbstractProblemLoader.java:252)
	at de.uka.ilkd.key.control.AbstractUserInterfaceControl.load(AbstractUserInterfaceControl.java:209)
	... 7 more
Caused by: java.lang.RuntimeException: Could not find rule file rules/intRulesCheckedSemantics.key
	at de.uka.ilkd.key.proof.io.RuleSourceFactory.fromBuiltInRule(RuleSourceFactory.java:32)
	at de.uka.ilkd.key.proof.io.RuleSourceFactory.fromDefaultLocation(RuleSourceFactory.java:21)
	at de.uka.ilkd.key.nparser.builder.IncludeFinder.addInclude(IncludeFinder.java:63)
	at de.uka.ilkd.key.nparser.builder.IncludeFinder.visitOne_include(IncludeFinder.java:43)
	at de.uka.ilkd.key.nparser.builder.IncludeFinder.visitOne_include(IncludeFinder.java:20)
	at de.uka.ilkd.key.nparser.KeYParser$One_includeContext.accept(KeYParser.java:878)
	at de.uka.ilkd.key.nparser.builder.AbstractBuilder.lambda$mapOf$0(AbstractBuilder.java:112)
	at java.base/java.util.stream.ReferencePipeline$3$1.accept(ReferencePipeline.java:195)
	at java.base/java.util.ArrayList$ArrayListSpliterator.forEachRemaining(ArrayList.java:1655)
	at java.base/java.util.stream.AbstractPipeline.copyInto(AbstractPipeline.java:484)
	at java.base/java.util.stream.AbstractPipeline.wrapAndCopyInto(AbstractPipeline.java:474)
	at java.base/java.util.stream.ReduceOps$ReduceOp.evaluateSequential(ReduceOps.java:913)
	at java.base/java.util.stream.AbstractPipeline.evaluate(AbstractPipeline.java:234)
	at java.base/java.util.stream.ReferencePipeline.collect(ReferencePipeline.java:578)
	at de.uka.ilkd.key.nparser.builder.AbstractBuilder.mapOf(AbstractBuilder.java:112)
	at de.uka.ilkd.key.nparser.builder.IncludeFinder.visitOne_include_statement(IncludeFinder.java:35)
	at de.uka.ilkd.key.nparser.builder.IncludeFinder.visitOne_include_statement(IncludeFinder.java:20)
	at de.uka.ilkd.key.nparser.KeYParser$One_include_statementContext.accept(KeYParser.java:802)
	at org.antlr.v4.runtime.tree.AbstractParseTreeVisitor.visitChildren(AbstractParseTreeVisitor.java:46)
	at de.uka.ilkd.key.nparser.KeYParserBaseVisitor.visitDecls(KeYParserBaseVisitor.java:30)
	at de.uka.ilkd.key.nparser.KeYParser$DeclsContext.accept(KeYParser.java:500)
	at org.antlr.v4.runtime.tree.AbstractParseTreeVisitor.visitChildren(AbstractParseTreeVisitor.java:46)
	at de.uka.ilkd.key.nparser.KeYParserBaseVisitor.visitFile(KeYParserBaseVisitor.java:23)
	at de.uka.ilkd.key.nparser.KeYParser$FileContext.accept(KeYParser.java:306)
	at de.uka.ilkd.key.nparser.KeyAst.accept(KeyAst.java:41)
	at de.uka.ilkd.key.nparser.KeyAst$File.getIncludes(KeyAst.java:76)
	at de.uka.ilkd.key.proof.io.KeYFile.readIncludes(KeYFile.java:208)
	... 14 more
Could not find rule file rules/intRulesCheckedSemantics.key (file: /home/runner/work/key/key/key.core/../key.ui/examples/index/.././heap/permissions/threads/AFilter_workingPermissions_accessible.key; caused by: de.uka.ilkd.key.proof.init.ProofInputException: Could not find rule file rules/intRulesCheckedSemantics.key)
	at de.uka.ilkd.key.control.AbstractUserInterfaceControl.load(AbstractUserInterfaceControl.java:221)
	at de.uka.ilkd.key.control.KeYEnvironment.load(KeYEnvironment.java:251)
	at de.uka.ilkd.key.control.KeYEnvironment.load(KeYEnvironment.java:224)
	at de.uka.ilkd.key.control.KeYEnvironment.load(KeYEnvironment.java:184)
	at de.uka.ilkd.key.control.KeYEnvironment.load(KeYEnvironment.java:261)
	at de.uka.ilkd.key.proof.runallproofs.proofcollection.TestFile.load(TestFile.java:270)
	at de.uka.ilkd.key.proof.runallproofs.proofcollection.TestFile.runKey(TestFile.java:160)
	at de.uka.ilkd.key.proof.runallproofs.proofcollection.ForkedTestFileRunner.main(ForkedTestFileRunner.java:171)
Caused by: de.uka.ilkd.key.proof.init.ProofInputException: Could not find rule file rules/intRulesCheckedSemantics.key
	at de.uka.ilkd.key.proof.io.KeYFile.readIncludes(KeYFile.java:210)
	at de.uka.ilkd.key.proof.init.ProblemInitializer.readIncludes(ProblemInitializer.java:177)
	at de.uka.ilkd.key.proof.init.ProblemInitializer.readEnvInput(ProblemInitializer.java:325)
	at de.uka.ilkd.key.proof.init.ProblemInitializer.prepare(ProblemInitializer.java:449)
	at de.uka.ilkd.key.proof.io.AbstractProblemLoader.createInitConfig(AbstractProblemLoader.java:518)
	at de.uka.ilkd.key.proof.io.AbstractProblemLoader.loadEnvironment(AbstractProblemLoader.java:288)
	at de.uka.ilkd.key.proof.io.AbstractProblemLoader.load(AbstractProblemLoader.java:252)
	at de.uka.ilkd.key.control.AbstractUserInterfaceControl.load(AbstractUserInterfaceControl.java:209)
	... 7 more
Caused by: java.lang.RuntimeException: Could not find rule file rules/intRulesCheckedSemantics.key
	at de.uka.ilkd.key.proof.io.RuleSourceFactory.fromBuiltInRule(RuleSourceFactory.java:32)
	at de.uka.ilkd.key.proof.io.RuleSourceFactory.fromDefaultLocation(RuleSourceFactory.java:21)
	at de.uka.ilkd.key.nparser.builder.IncludeFinder.addInclude(IncludeFinder.java:63)
	at de.uka.ilkd.key.nparser.builder.IncludeFinder.visitOne_include(IncludeFinder.java:43)
	at de.uka.ilkd.key.nparser.builder.IncludeFinder.visitOne_include(IncludeFinder.java:20)
	at de.uka.ilkd.key.nparser.KeYParser$One_includeContext.accept(KeYParser.java:878)
	at de.uka.ilkd.key.nparser.builder.AbstractBuilder.lambda$mapOf$0(AbstractBuilder.java:112)
	at java.base/java.util.stream.ReferencePipeline$3$1.accept(ReferencePipeline.java:195)
	at java.base/java.util.ArrayList$ArrayListSpliterator.forEachRemaining(ArrayList.java:1655)
	at java.base/java.util.stream.AbstractPipeline.copyInto(AbstractPipeline.java:484)
	at java.base/java.util.stream.AbstractPipeline.wrapAndCopyInto(AbstractPipeline.java:474)
	at java.base/java.util.stream.ReduceOps$ReduceOp.evaluateSequential(ReduceOps.java:913)
	at java.base/java.util.stream.AbstractPipeline.evaluate(AbstractPipeline.java:234)
	at java.base/java.util.stream.ReferencePipeline.collect(ReferencePipeline.java:578)
	at de.uka.ilkd.key.nparser.builder.AbstractBuilder.mapOf(AbstractBuilder.java:112)
	at de.uka.ilkd.key.nparser.builder.IncludeFinder.visitOne_include_statement(IncludeFinder.java:35)
	at de.uka.ilkd.key.nparser.builder.IncludeFinder.visitOne_include_statement(IncludeFinder.java:20)
	at de.uka.ilkd.key.nparser.KeYParser$One_include_statementContext.accept(KeYParser.java:802)
	at org.antlr.v4.runtime.tree.AbstractParseTreeVisitor.visitChildren(AbstractParseTreeVisitor.java:46)
	at de.uka.ilkd.key.nparser.KeYParserBaseVisitor.visitDecls(KeYParserBaseVisitor.java:30)
	at de.uka.ilkd.key.nparser.KeYParser$DeclsContext.accept(KeYParser.java:500)
	at org.antlr.v4.runtime.tree.AbstractParseTreeVisitor.visitChildren(AbstractParseTreeVisitor.java:46)
	at de.uka.ilkd.key.nparser.KeYParserBaseVisitor.visitFile(KeYParserBaseVisitor.java:23)
	at de.uka.ilkd.key.nparser.KeYParser$FileContext.accept(KeYParser.java:306)
	at de.uka.ilkd.key.nparser.KeyAst.accept(KeyAst.java:41)
	at de.uka.ilkd.key.nparser.KeyAst$File.getIncludes(KeyAst.java:76)
	at de.uka.ilkd.key.proof.io.KeYFile.readIncludes(KeYFile.java:208)
	... 14 more
Could not find rule file rules/intRulesCheckedSemantics.key (file: /home/runner/work/key/key/key.core/../key.ui/examples/index/.././heap/permissions/threads/BFilter_BFilter.key; caused by: de.uka.ilkd.key.proof.init.ProofInputException: Could not find rule file rules/intRulesCheckedSemantics.key)
	at de.uka.ilkd.key.control.AbstractUserInterfaceControl.load(AbstractUserInterfaceControl.java:221)
	at de.uka.ilkd.key.control.KeYEnvironment.load(KeYEnvironment.java:251)
	at de.uka.ilkd.key.control.KeYEnvironment.load(KeYEnvironment.java:224)
	at de.uka.ilkd.key.control.KeYEnvironment.load(KeYEnvironment.java:184)
	at de.uka.ilkd.key.control.KeYEnvironment.load(KeYEnvironment.java:261)
	at de.uka.ilkd.key.proof.runallproofs.proofcollection.TestFile.load(TestFile.java:270)
	at de.uka.ilkd.key.proof.runallproofs.proofcollection.TestFile.runKey(TestFile.java:160)
	at de.uka.ilkd.key.proof.runallproofs.proofcollection.ForkedTestFileRunner.main(ForkedTestFileRunner.java:171)
Caused by: de.uka.ilkd.key.proof.init.ProofInputException: Could not find rule file rules/intRulesCheckedSemantics.key
	at de.uka.ilkd.key.proof.io.KeYFile.readIncludes(KeYFile.java:210)
	at de.uka.ilkd.key.proof.init.ProblemInitializer.readIncludes(ProblemInitializer.java:177)
	at de.uka.ilkd.key.proof.init.ProblemInitializer.readEnvInput(ProblemInitializer.java:325)
	at de.uka.ilkd.key.proof.init.ProblemInitializer.prepare(ProblemInitializer.java:449)
	at de.uka.ilkd.key.proof.io.AbstractProblemLoader.createInitConfig(AbstractProblemLoader.java:518)
	at de.uka.ilkd.key.proof.io.AbstractProblemLoader.loadEnvironment(AbstractProblemLoader.java:288)
	at de.uka.ilkd.key.proof.io.AbstractProblemLoader.load(AbstractProblemLoader.java:252)
	at de.uka.ilkd.key.control.AbstractUserInterfaceControl.load(AbstractUserInterfaceControl.java:209)
	... 7 more
Caused by: java.lang.RuntimeException: Could not find rule file rules/intRulesCheckedSemantics.key
	at de.uka.ilkd.key.proof.io.RuleSourceFactory.fromBuiltInRule(RuleSourceFactory.java:32)
	at de.uka.ilkd.key.proof.io.RuleSourceFactory.fromDefaultLocation(RuleSourceFactory.java:21)
	at de.uka.ilkd.key.nparser.builder.IncludeFinder.addInclude(IncludeFinder.java:63)
	at de.uka.ilkd.key.nparser.builder.IncludeFinder.visitOne_include(IncludeFinder.java:43)
	at de.uka.ilkd.key.nparser.builder.IncludeFinder.visitOne_include(IncludeFinder.java:20)
	at de.uka.ilkd.key.nparser.KeYParser$One_includeContext.accept(KeYParser.java:878)
	at de.uka.ilkd.key.nparser.builder.AbstractBuilder.lambda$mapOf$0(AbstractBuilder.java:112)
	at java.base/java.util.stream.ReferencePipeline$3$1.accept(ReferencePipeline.java:195)
	at java.base/java.util.ArrayList$ArrayListSpliterator.forEachRemaining(ArrayList.java:1655)
	at java.base/java.util.stream.AbstractPipeline.copyInto(AbstractPipeline.java:484)
	at java.base/java.util.stream.AbstractPipeline.wrapAndCopyInto(AbstractPipeline.java:474)
	at java.base/java.util.stream.ReduceOps$ReduceOp.evaluateSequential(ReduceOps.java:913)
	at java.base/java.util.stream.AbstractPipeline.evaluate(AbstractPipeline.java:234)
	at java.base/java.util.stream.ReferencePipeline.collect(ReferencePipeline.java:578)
	at de.uka.ilkd.key.nparser.builder.AbstractBuilder.mapOf(AbstractBuilder.java:112)
	at de.uka.ilkd.key.nparser.builder.IncludeFinder.visitOne_include_statement(IncludeFinder.java:35)
	at de.uka.ilkd.key.nparser.builder.IncludeFinder.visitOne_include_statement(IncludeFinder.java:20)
	at de.uka.ilkd.key.nparser.KeYParser$One_include_statementContext.accept(KeYParser.java:802)
	at org.antlr.v4.runtime.tree.AbstractParseTreeVisitor.visitChildren(AbstractParseTreeVisitor.java:46)
	at de.uka.ilkd.key.nparser.KeYParserBaseVisitor.visitDecls(KeYParserBaseVisitor.java:30)
	at de.uka.ilkd.key.nparser.KeYParser$DeclsContext.accept(KeYParser.java:500)
	at org.antlr.v4.runtime.tree.AbstractParseTreeVisitor.visitChildren(AbstractParseTreeVisitor.java:46)
	at de.uka.ilkd.key.nparser.KeYParserBaseVisitor.visitFile(KeYParserBaseVisitor.java:23)
	at de.uka.ilkd.key.nparser.KeYParser$FileContext.accept(KeYParser.java:306)
	at de.uka.ilkd.key.nparser.KeyAst.accept(KeyAst.java:41)
	at de.uka.ilkd.key.nparser.KeyAst$File.getIncludes(KeyAst.java:76)
	at de.uka.ilkd.key.proof.io.KeYFile.readIncludes(KeYFile.java:208)
	... 14 more
Could not find rule file rules/intRulesCheckedSemantics.key (file: /home/runner/work/key/key/key.core/../key.ui/examples/index/.././heap/permissions/threads/BFilter_initPost_accessible.key; caused by: de.uka.ilkd.key.proof.init.ProofInputException: Could not find rule file rules/intRulesCheckedSemantics.key)
	at de.uka.ilkd.key.control.AbstractUserInterfaceControl.load(AbstractUserInterfaceControl.java:221)
	at de.uka.ilkd.key.control.KeYEnvironment.load(KeYEnvironment.java:251)
	at de.uka.ilkd.key.control.KeYEnvironment.load(KeYEnvironment.java:224)
	at de.uka.ilkd.key.control.KeYEnvironment.load(KeYEnvironment.java:184)
	at de.uka.ilkd.key.control.KeYEnvironment.load(KeYEnvironment.java:261)
	at de.uka.ilkd.key.proof.runallproofs.proofcollection.TestFile.load(TestFile.java:270)
	at de.uka.ilkd.key.proof.runallproofs.proofcollection.TestFile.runKey(TestFile.java:160)
	at de.uka.ilkd.key.proof.runallproofs.proofcollection.ForkedTestFileRunner.main(ForkedTestFileRunner.java:171)
Caused by: de.uka.ilkd.key.proof.init.ProofInputException: Could not find rule file rules/intRulesCheckedSemantics.key
	at de.uka.ilkd.key.proof.io.KeYFile.readIncludes(KeYFile.java:210)
	at de.uka.ilkd.key.proof.init.ProblemInitializer.readIncludes(ProblemInitializer.java:177)
	at de.uka.ilkd.key.proof.init.ProblemInitializer.readEnvInput(ProblemInitializer.java:325)
	at de.uka.ilkd.key.proof.init.ProblemInitializer.prepare(ProblemInitializer.java:449)
	at de.uka.ilkd.key.proof.io.AbstractProblemLoader.createInitConfig(AbstractProblemLoader.java:518)
	at de.uka.ilkd.key.proof.io.AbstractProblemLoader.loadEnvironment(AbstractProblemLoader.java:288)
	at de.uka.ilkd.key.proof.io.AbstractProblemLoader.load(AbstractProblemLoader.java:252)
	at de.uka.ilkd.key.control.AbstractUserInterfaceControl.load(AbstractUserInterfaceControl.java:209)
	... 7 more
Caused by: java.lang.RuntimeException: Could not find rule file rules/intRulesCheckedSemantics.key
	at de.uka.ilkd.key.proof.io.RuleSourceFactory.fromBuiltInRule(RuleSourceFactory.java:32)
	at de.uka.ilkd.key.proof.io.RuleSourceFactory.fromDefaultLocation(RuleSourceFactory.java:21)
	at de.uka.ilkd.key.nparser.builder.IncludeFinder.addInclude(IncludeFinder.java:63)
	at de.uka.ilkd.key.nparser.builder.IncludeFinder.visitOne_include(IncludeFinder.java:43)
	at de.uka.ilkd.key.nparser.builder.IncludeFinder.visitOne_include(IncludeFinder.java:20)
	at de.uka.ilkd.key.nparser.KeYParser$One_includeContext.accept(KeYParser.java:878)
	at de.uka.ilkd.key.nparser.builder.AbstractBuilder.lambda$mapOf$0(AbstractBuilder.java:112)
	at java.base/java.util.stream.ReferencePipeline$3$1.accept(ReferencePipeline.java:195)
	at java.base/java.util.ArrayList$ArrayListSpliterator.forEachRemaining(ArrayList.java:1655)
	at java.base/java.util.stream.AbstractPipeline.copyInto(AbstractPipeline.java:484)
	at java.base/java.util.stream.AbstractPipeline.wrapAndCopyInto(AbstractPipeline.java:474)
	at java.base/java.util.stream.ReduceOps$ReduceOp.evaluateSequential(ReduceOps.java:913)
	at java.base/java.util.stream.AbstractPipeline.evaluate(AbstractPipeline.java:234)
	at java.base/java.util.stream.ReferencePipeline.collect(ReferencePipeline.java:578)
	at de.uka.ilkd.key.nparser.builder.AbstractBuilder.mapOf(AbstractBuilder.java:112)
	at de.uka.ilkd.key.nparser.builder.IncludeFinder.visitOne_include_statement(IncludeFinder.java:35)
	at de.uka.ilkd.key.nparser.builder.IncludeFinder.visitOne_include_statement(IncludeFinder.java:20)
	at de.uka.ilkd.key.nparser.KeYParser$One_include_statementContext.accept(KeYParser.java:802)
	at org.antlr.v4.runtime.tree.AbstractParseTreeVisitor.visitChildren(AbstractParseTreeVisitor.java:46)
	at de.uka.ilkd.key.nparser.KeYParserBaseVisitor.visitDecls(KeYParserBaseVisitor.java:30)
	at de.uka.ilkd.key.nparser.KeYParser$DeclsContext.accept(KeYParser.java:500)
	at org.antlr.v4.runtime.tree.AbstractParseTreeVisitor.visitChildren(AbstractParseTreeVisitor.java:46)
	at de.uka.ilkd.key.nparser.KeYParserBaseVisitor.visitFile(KeYParserBaseVisitor.java:23)
	at de.uka.ilkd.key.nparser.KeYParser$FileContext.accept(KeYParser.java:306)
	at de.uka.ilkd.key.nparser.KeyAst.accept(KeyAst.java:41)
	at de.uka.ilkd.key.nparser.KeyAst$File.getIncludes(KeyAst.java:76)
	at de.uka.ilkd.key.proof.io.KeYFile.readIncludes(KeYFile.java:208)
	... 14 more
Could not find rule file rules/intRulesCheckedSemantics.key (file: /home/runner/work/key/key/key.core/../key.ui/examples/index/.././heap/permissions/threads/BFilter_inv_accessible1.key; caused by: de.uka.ilkd.key.proof.init.ProofInputException: Could not find rule file rules/intRulesCheckedSemantics.key)
	at de.uka.ilkd.key.control.AbstractUserInterfaceControl.load(AbstractUserInterfaceControl.java:221)
	at de.uka.ilkd.key.control.KeYEnvironment.load(KeYEnvironment.java:251)
	at de.uka.ilkd.key.control.KeYEnvironment.load(KeYEnvironment.java:224)
	at de.uka.ilkd.key.control.KeYEnvironment.load(KeYEnvironment.java:184)
	at de.uka.ilkd.key.control.KeYEnvironment.load(KeYEnvironment.java:261)
	at de.uka.ilkd.key.proof.runallproofs.proofcollection.TestFile.load(TestFile.java:270)
	at de.uka.ilkd.key.proof.runallproofs.proofcollection.TestFile.runKey(TestFile.java:160)
	at de.uka.ilkd.key.proof.runallproofs.proofcollection.ForkedTestFileRunner.main(ForkedTestFileRunner.java:171)
Caused by: de.uka.ilkd.key.proof.init.ProofInputException: Could not find rule file rules/intRulesCheckedSemantics.key
	at de.uka.ilkd.key.proof.io.KeYFile.readIncludes(KeYFile.java:210)
	at de.uka.ilkd.key.proof.init.ProblemInitializer.readIncludes(ProblemInitializer.java:177)
	at de.uka.ilkd.key.proof.init.ProblemInitializer.readEnvInput(ProblemInitializer.java:325)
	at de.uka.ilkd.key.proof.init.ProblemInitializer.prepare(ProblemInitializer.java:449)
	at de.uka.ilkd.key.proof.io.AbstractProblemLoader.createInitConfig(AbstractProblemLoader.java:518)
	at de.uka.ilkd.key.proof.io.AbstractProblemLoader.loadEnvironment(AbstractProblemLoader.java:288)
	at de.uka.ilkd.key.proof.io.AbstractProblemLoader.load(AbstractProblemLoader.java:252)
	at de.uka.ilkd.key.control.AbstractUserInterfaceControl.load(AbstractUserInterfaceControl.java:209)
	... 7 more
Caused by: java.lang.RuntimeException: Could not find rule file rules/intRulesCheckedSemantics.key
	at de.uka.ilkd.key.proof.io.RuleSourceFactory.fromBuiltInRule(RuleSourceFactory.java:32)
	at de.uka.ilkd.key.proof.io.RuleSourceFactory.fromDefaultLocation(RuleSourceFactory.java:21)
	at de.uka.ilkd.key.nparser.builder.IncludeFinder.addInclude(IncludeFinder.java:63)
	at de.uka.ilkd.key.nparser.builder.IncludeFinder.visitOne_include(IncludeFinder.java:43)
	at de.uka.ilkd.key.nparser.builder.IncludeFinder.visitOne_include(IncludeFinder.java:20)
	at de.uka.ilkd.key.nparser.KeYParser$One_includeContext.accept(KeYParser.java:878)
	at de.uka.ilkd.key.nparser.builder.AbstractBuilder.lambda$mapOf$0(AbstractBuilder.java:112)
	at java.base/java.util.stream.ReferencePipeline$3$1.accept(ReferencePipeline.java:195)
	at java.base/java.util.ArrayList$ArrayListSpliterator.forEachRemaining(ArrayList.java:1655)
	at java.base/java.util.stream.AbstractPipeline.copyInto(AbstractPipeline.java:484)
	at java.base/java.util.stream.AbstractPipeline.wrapAndCopyInto(AbstractPipeline.java:474)
	at java.base/java.util.stream.ReduceOps$ReduceOp.evaluateSequential(ReduceOps.java:913)
	at java.base/java.util.stream.AbstractPipeline.evaluate(AbstractPipeline.java:234)
	at java.base/java.util.stream.ReferencePipeline.collect(ReferencePipeline.java:578)
	at de.uka.ilkd.key.nparser.builder.AbstractBuilder.mapOf(AbstractBuilder.java:112)
	at de.uka.ilkd.key.nparser.builder.IncludeFinder.visitOne_include_statement(IncludeFinder.java:35)
	at de.uka.ilkd.key.nparser.builder.IncludeFinder.visitOne_include_statement(IncludeFinder.java:20)
	at de.uka.ilkd.key.nparser.KeYParser$One_include_statementContext.accept(KeYParser.java:802)
	at org.antlr.v4.runtime.tree.AbstractParseTreeVisitor.visitChildren(AbstractParseTreeVisitor.java:46)
	at de.uka.ilkd.key.nparser.KeYParserBaseVisitor.visitDecls(KeYParserBaseVisitor.java:30)
	at de.uka.ilkd.key.nparser.KeYParser$DeclsContext.accept(KeYParser.java:500)
	at org.antlr.v4.runtime.tree.AbstractParseTreeVisitor.visitChildren(AbstractParseTreeVisitor.java:46)
	at de.uka.ilkd.key.nparser.KeYParserBaseVisitor.visitFile(KeYParserBaseVisitor.java:23)
	at de.uka.ilkd.key.nparser.KeYParser$FileContext.accept(KeYParser.java:306)
	at de.uka.ilkd.key.nparser.KeyAst.accept(KeyAst.java:41)
	at de.uka.ilkd.key.nparser.KeyAst$File.getIncludes(KeyAst.java:76)
	at de.uka.ilkd.key.proof.io.KeYFile.readIncludes(KeYFile.java:208)
	... 14 more
Could not find rule file rules/intRulesCheckedSemantics.key (file: /home/runner/work/key/key/key.core/../key.ui/examples/index/.././heap/permissions/threads/BFilter_inv_accessible2.key; caused by: de.uka.ilkd.key.proof.init.ProofInputException: Could not find rule file rules/intRulesCheckedSemantics.key)
	at de.uka.ilkd.key.control.AbstractUserInterfaceControl.load(AbstractUserInterfaceControl.java:221)
	at de.uka.ilkd.key.control.KeYEnvironment.load(KeYEnvironment.java:251)
	at de.uka.ilkd.key.control.KeYEnvironment.load(KeYEnvironment.java:224)
	at de.uka.ilkd.key.control.KeYEnvironment.load(KeYEnvironment.java:184)
	at de.uka.ilkd.key.control.KeYEnvironment.load(KeYEnvironment.java:261)
	at de.uka.ilkd.key.proof.runallproofs.proofcollection.TestFile.load(TestFile.java:270)
	at de.uka.ilkd.key.proof.runallproofs.proofcollection.TestFile.runKey(TestFile.java:160)
	at de.uka.ilkd.key.proof.runallproofs.proofcollection.ForkedTestFileRunner.main(ForkedTestFileRunner.java:171)
Caused by: de.uka.ilkd.key.proof.init.ProofInputException: Could not find rule file rules/intRulesCheckedSemantics.key
	at de.uka.ilkd.key.proof.io.KeYFile.readIncludes(KeYFile.java:210)
	at de.uka.ilkd.key.proof.init.ProblemInitializer.readIncludes(ProblemInitializer.java:177)
	at de.uka.ilkd.key.proof.init.ProblemInitializer.readEnvInput(ProblemInitializer.java:325)
	at de.uka.ilkd.key.proof.init.ProblemInitializer.prepare(ProblemInitializer.java:449)
	at de.uka.ilkd.key.proof.io.AbstractProblemLoader.createInitConfig(AbstractProblemLoader.java:518)
	at de.uka.ilkd.key.proof.io.AbstractProblemLoader.loadEnvironment(AbstractProblemLoader.java:288)
	at de.uka.ilkd.key.proof.io.AbstractProblemLoader.load(AbstractProblemLoader.java:252)
	at de.uka.ilkd.key.control.AbstractUserInterfaceControl.load(AbstractUserInterfaceControl.java:209)
	... 7 more
Caused by: java.lang.RuntimeException: Could not find rule file rules/intRulesCheckedSemantics.key
	at de.uka.ilkd.key.proof.io.RuleSourceFactory.fromBuiltInRule(RuleSourceFactory.java:32)
	at de.uka.ilkd.key.proof.io.RuleSourceFactory.fromDefaultLocation(RuleSourceFactory.java:21)
	at de.uka.ilkd.key.nparser.builder.IncludeFinder.addInclude(IncludeFinder.java:63)
	at de.uka.ilkd.key.nparser.builder.IncludeFinder.visitOne_include(IncludeFinder.java:43)
	at de.uka.ilkd.key.nparser.builder.IncludeFinder.visitOne_include(IncludeFinder.java:20)
	at de.uka.ilkd.key.nparser.KeYParser$One_includeContext.accept(KeYParser.java:878)
	at de.uka.ilkd.key.nparser.builder.AbstractBuilder.lambda$mapOf$0(AbstractBuilder.java:112)
	at java.base/java.util.stream.ReferencePipeline$3$1.accept(ReferencePipeline.java:195)
	at java.base/java.util.ArrayList$ArrayListSpliterator.forEachRemaining(ArrayList.java:1655)
	at java.base/java.util.stream.AbstractPipeline.copyInto(AbstractPipeline.java:484)
	at java.base/java.util.stream.AbstractPipeline.wrapAndCopyInto(AbstractPipeline.java:474)
	at java.base/java.util.stream.ReduceOps$ReduceOp.evaluateSequential(ReduceOps.java:913)
	at java.base/java.util.stream.AbstractPipeline.evaluate(AbstractPipeline.java:234)
	at java.base/java.util.stream.ReferencePipeline.collect(ReferencePipeline.java:578)
	at de.uka.ilkd.key.nparser.builder.AbstractBuilder.mapOf(AbstractBuilder.java:112)
	at de.uka.ilkd.key.nparser.builder.IncludeFinder.visitOne_include_statement(IncludeFinder.java:35)
	at de.uka.ilkd.key.nparser.builder.IncludeFinder.visitOne_include_statement(IncludeFinder.java:20)
	at de.uka.ilkd.key.nparser.KeYParser$One_include_statementContext.accept(KeYParser.java:802)
	at org.antlr.v4.runtime.tree.AbstractParseTreeVisitor.visitChildren(AbstractParseTreeVisitor.java:46)
	at de.uka.ilkd.key.nparser.KeYParserBaseVisitor.visitDecls(KeYParserBaseVisitor.java:30)
	at de.uka.ilkd.key.nparser.KeYParser$DeclsContext.accept(KeYParser.java:500)
	at org.antlr.v4.runtime.tree.AbstractParseTreeVisitor.visitChildren(AbstractParseTreeVisitor.java:46)
	at de.uka.ilkd.key.nparser.KeYParserBaseVisitor.visitFile(KeYParserBaseVisitor.java:23)
	at de.uka.ilkd.key.nparser.KeYParser$FileContext.accept(KeYParser.java:306)
	at de.uka.ilkd.key.nparser.KeyAst.accept(KeyAst.java:41)
	at de.uka.ilkd.key.nparser.KeyAst$File.getIncludes(KeyAst.java:76)
	at de.uka.ilkd.key.proof.io.KeYFile.readIncludes(KeYFile.java:208)
	... 14 more
Could not find rule file rules/intRulesCheckedSemantics.key (file: /home/runner/work/key/key/key.core/../key.ui/examples/index/.././heap/permissions/threads/BFilter_joinTransfer_accessible.key; caused by: de.uka.ilkd.key.proof.init.ProofInputException: Could not find rule file rules/intRulesCheckedSemantics.key)
	at de.uka.ilkd.key.control.AbstractUserInterfaceControl.load(AbstractUserInterfaceControl.java:221)
	at de.uka.ilkd.key.control.KeYEnvironment.load(KeYEnvironment.java:251)
	at de.uka.ilkd.key.control.KeYEnvironment.load(KeYEnvironment.java:224)
	at de.uka.ilkd.key.control.KeYEnvironment.load(KeYEnvironment.java:184)
	at de.uka.ilkd.key.control.KeYEnvironment.load(KeYEnvironment.java:261)
	at de.uka.ilkd.key.proof.runallproofs.proofcollection.TestFile.load(TestFile.java:270)
	at de.uka.ilkd.key.proof.runallproofs.proofcollection.TestFile.runKey(TestFile.java:160)
	at de.uka.ilkd.key.proof.runallproofs.proofcollection.ForkedTestFileRunner.main(ForkedTestFileRunner.java:171)
Caused by: de.uka.ilkd.key.proof.init.ProofInputException: Could not find rule file rules/intRulesCheckedSemantics.key
	at de.uka.ilkd.key.proof.io.KeYFile.readIncludes(KeYFile.java:210)
	at de.uka.ilkd.key.proof.init.ProblemInitializer.readIncludes(ProblemInitializer.java:177)
	at de.uka.ilkd.key.proof.init.ProblemInitializer.readEnvInput(ProblemInitializer.java:325)
	at de.uka.ilkd.key.proof.init.ProblemInitializer.prepare(ProblemInitializer.java:449)
	at de.uka.ilkd.key.proof.io.AbstractProblemLoader.createInitConfig(AbstractProblemLoader.java:518)
	at de.uka.ilkd.key.proof.io.AbstractProblemLoader.loadEnvironment(AbstractProblemLoader.java:288)
	at de.uka.ilkd.key.proof.io.AbstractProblemLoader.load(AbstractProblemLoader.java:252)
	at de.uka.ilkd.key.control.AbstractUserInterfaceControl.load(AbstractUserInterfaceControl.java:209)
	... 7 more
Caused by: java.lang.RuntimeException: Could not find rule file rules/intRulesCheckedSemantics.key
	at de.uka.ilkd.key.proof.io.RuleSourceFactory.fromBuiltInRule(RuleSourceFactory.java:32)
	at de.uka.ilkd.key.proof.io.RuleSourceFactory.fromDefaultLocation(RuleSourceFactory.java:21)
	at de.uka.ilkd.key.nparser.builder.IncludeFinder.addInclude(IncludeFinder.java:63)
	at de.uka.ilkd.key.nparser.builder.IncludeFinder.visitOne_include(IncludeFinder.java:43)
	at de.uka.ilkd.key.nparser.builder.IncludeFinder.visitOne_include(IncludeFinder.java:20)
	at de.uka.ilkd.key.nparser.KeYParser$One_includeContext.accept(KeYParser.java:878)
	at de.uka.ilkd.key.nparser.builder.AbstractBuilder.lambda$mapOf$0(AbstractBuilder.java:112)
	at java.base/java.util.stream.ReferencePipeline$3$1.accept(ReferencePipeline.java:195)
	at java.base/java.util.ArrayList$ArrayListSpliterator.forEachRemaining(ArrayList.java:1655)
	at java.base/java.util.stream.AbstractPipeline.copyInto(AbstractPipeline.java:484)
	at java.base/java.util.stream.AbstractPipeline.wrapAndCopyInto(AbstractPipeline.java:474)
	at java.base/java.util.stream.ReduceOps$ReduceOp.evaluateSequential(ReduceOps.java:913)
	at java.base/java.util.stream.AbstractPipeline.evaluate(AbstractPipeline.java:234)
	at java.base/java.util.stream.ReferencePipeline.collect(ReferencePipeline.java:578)
	at de.uka.ilkd.key.nparser.builder.AbstractBuilder.mapOf(AbstractBuilder.java:112)
	at de.uka.ilkd.key.nparser.builder.IncludeFinder.visitOne_include_statement(IncludeFinder.java:35)
	at de.uka.ilkd.key.nparser.builder.IncludeFinder.visitOne_include_statement(IncludeFinder.java:20)
	at de.uka.ilkd.key.nparser.KeYParser$One_include_statementContext.accept(KeYParser.java:802)
	at org.antlr.v4.runtime.tree.AbstractParseTreeVisitor.visitChildren(AbstractParseTreeVisitor.java:46)
	at de.uka.ilkd.key.nparser.KeYParserBaseVisitor.visitDecls(KeYParserBaseVisitor.java:30)
	at de.uka.ilkd.key.nparser.KeYParser$DeclsContext.accept(KeYParser.java:500)
	at org.antlr.v4.runtime.tree.AbstractParseTreeVisitor.visitChildren(AbstractParseTreeVisitor.java:46)
	at de.uka.ilkd.key.nparser.KeYParserBaseVisitor.visitFile(KeYParserBaseVisitor.java:23)
	at de.uka.ilkd.key.nparser.KeYParser$FileContext.accept(KeYParser.java:306)
	at de.uka.ilkd.key.nparser.KeyAst.accept(KeyAst.java:41)
	at de.uka.ilkd.key.nparser.KeyAst$File.getIncludes(KeyAst.java:76)
	at de.uka.ilkd.key.proof.io.KeYFile.readIncludes(KeYFile.java:208)
	... 14 more
Could not find rule file rules/intRulesCheckedSemantics.key (file: /home/runner/work/key/key/key.core/../key.ui/examples/index/.././heap/permissions/threads/BFilter_joinTransfer_contract.key; caused by: de.uka.ilkd.key.proof.init.ProofInputException: Could not find rule file rules/intRulesCheckedSemantics.key)
	at de.uka.ilkd.key.control.AbstractUserInterfaceControl.load(AbstractUserInterfaceControl.java:221)
	at de.uka.ilkd.key.control.KeYEnvironment.load(KeYEnvironment.java:251)
	at de.uka.ilkd.key.control.KeYEnvironment.load(KeYEnvironment.java:224)
	at de.uka.ilkd.key.control.KeYEnvironment.load(KeYEnvironment.java:184)
	at de.uka.ilkd.key.control.KeYEnvironment.load(KeYEnvironment.java:261)
	at de.uka.ilkd.key.proof.runallproofs.proofcollection.TestFile.load(TestFile.java:270)
	at de.uka.ilkd.key.proof.runallproofs.proofcollection.TestFile.runKey(TestFile.java:160)
	at de.uka.ilkd.key.proof.runallproofs.proofcollection.ForkedTestFileRunner.main(ForkedTestFileRunner.java:171)
Caused by: de.uka.ilkd.key.proof.init.ProofInputException: Could not find rule file rules/intRulesCheckedSemantics.key
	at de.uka.ilkd.key.proof.io.KeYFile.readIncludes(KeYFile.java:210)
	at de.uka.ilkd.key.proof.init.ProblemInitializer.readIncludes(ProblemInitializer.java:177)
	at de.uka.ilkd.key.proof.init.ProblemInitializer.readEnvInput(ProblemInitializer.java:325)
	at de.uka.ilkd.key.proof.init.ProblemInitializer.prepare(ProblemInitializer.java:449)
	at de.uka.ilkd.key.proof.io.AbstractProblemLoader.createInitConfig(AbstractProblemLoader.java:518)
	at de.uka.ilkd.key.proof.io.AbstractProblemLoader.loadEnvironment(AbstractProblemLoader.java:288)
	at de.uka.ilkd.key.proof.io.AbstractProblemLoader.load(AbstractProblemLoader.java:252)
	at de.uka.ilkd.key.control.AbstractUserInterfaceControl.load(AbstractUserInterfaceControl.java:209)
	... 7 more
Caused by: java.lang.RuntimeException: Could not find rule file rules/intRulesCheckedSemantics.key
	at de.uka.ilkd.key.proof.io.RuleSourceFactory.fromBuiltInRule(RuleSourceFactory.java:32)
	at de.uka.ilkd.key.proof.io.RuleSourceFactory.fromDefaultLocation(RuleSourceFactory.java:21)
	at de.uka.ilkd.key.nparser.builder.IncludeFinder.addInclude(IncludeFinder.java:63)
	at de.uka.ilkd.key.nparser.builder.IncludeFinder.visitOne_include(IncludeFinder.java:43)
	at de.uka.ilkd.key.nparser.builder.IncludeFinder.visitOne_include(IncludeFinder.java:20)
	at de.uka.ilkd.key.nparser.KeYParser$One_includeContext.accept(KeYParser.java:878)
	at de.uka.ilkd.key.nparser.builder.AbstractBuilder.lambda$mapOf$0(AbstractBuilder.java:112)
	at java.base/java.util.stream.ReferencePipeline$3$1.accept(ReferencePipeline.java:195)
	at java.base/java.util.ArrayList$ArrayListSpliterator.forEachRemaining(ArrayList.java:1655)
	at java.base/java.util.stream.AbstractPipeline.copyInto(AbstractPipeline.java:484)
	at java.base/java.util.stream.AbstractPipeline.wrapAndCopyInto(AbstractPipeline.java:474)
	at java.base/java.util.stream.ReduceOps$ReduceOp.evaluateSequential(ReduceOps.java:913)
	at java.base/java.util.stream.AbstractPipeline.evaluate(AbstractPipeline.java:234)
	at java.base/java.util.stream.ReferencePipeline.collect(ReferencePipeline.java:578)
	at de.uka.ilkd.key.nparser.builder.AbstractBuilder.mapOf(AbstractBuilder.java:112)
	at de.uka.ilkd.key.nparser.builder.IncludeFinder.visitOne_include_statement(IncludeFinder.java:35)
	at de.uka.ilkd.key.nparser.builder.IncludeFinder.visitOne_include_statement(IncludeFinder.java:20)
	at de.uka.ilkd.key.nparser.KeYParser$One_include_statementContext.accept(KeYParser.java:802)
	at org.antlr.v4.runtime.tree.AbstractParseTreeVisitor.visitChildren(AbstractParseTreeVisitor.java:46)
	at de.uka.ilkd.key.nparser.KeYParserBaseVisitor.visitDecls(KeYParserBaseVisitor.java:30)
	at de.uka.ilkd.key.nparser.KeYParser$DeclsContext.accept(KeYParser.java:500)
	at org.antlr.v4.runtime.tree.AbstractParseTreeVisitor.visitChildren(AbstractParseTreeVisitor.java:46)
	at de.uka.ilkd.key.nparser.KeYParserBaseVisitor.visitFile(KeYParserBaseVisitor.java:23)
	at de.uka.ilkd.key.nparser.KeYParser$FileContext.accept(KeYParser.java:306)
	at de.uka.ilkd.key.nparser.KeyAst.accept(KeyAst.java:41)
	at de.uka.ilkd.key.nparser.KeyAst$File.getIncludes(KeyAst.java:76)
	at de.uka.ilkd.key.proof.io.KeYFile.readIncludes(KeYFile.java:208)
	... 14 more
Could not find rule file rules/intRulesCheckedSemantics.key (file: /home/runner/work/key/key/key.core/../key.ui/examples/index/.././heap/permissions/threads/BFilter_postJoin_accessible.key; caused by: de.uka.ilkd.key.proof.init.ProofInputException: Could not find rule file rules/intRulesCheckedSemantics.key)
	at de.uka.ilkd.key.control.AbstractUserInterfaceControl.load(AbstractUserInterfaceControl.java:221)
	at de.uka.ilkd.key.control.KeYEnvironment.load(KeYEnvironment.java:251)
	at de.uka.ilkd.key.control.KeYEnvironment.load(KeYEnvironment.java:224)
	at de.uka.ilkd.key.control.KeYEnvironment.load(KeYEnvironment.java:184)
	at de.uka.ilkd.key.control.KeYEnvironment.load(KeYEnvironment.java:261)
	at de.uka.ilkd.key.proof.runallproofs.proofcollection.TestFile.load(TestFile.java:270)
	at de.uka.ilkd.key.proof.runallproofs.proofcollection.TestFile.runKey(TestFile.java:160)
	at de.uka.ilkd.key.proof.runallproofs.proofcollection.ForkedTestFileRunner.main(ForkedTestFileRunner.java:171)
Caused by: de.uka.ilkd.key.proof.init.ProofInputException: Could not find rule file rules/intRulesCheckedSemantics.key
	at de.uka.ilkd.key.proof.io.KeYFile.readIncludes(KeYFile.java:210)
	at de.uka.ilkd.key.proof.init.ProblemInitializer.readIncludes(ProblemInitializer.java:177)
	at de.uka.ilkd.key.proof.init.ProblemInitializer.readEnvInput(ProblemInitializer.java:325)
	at de.uka.ilkd.key.proof.init.ProblemInitializer.prepare(ProblemInitializer.java:449)
	at de.uka.ilkd.key.proof.io.AbstractProblemLoader.createInitConfig(AbstractProblemLoader.java:518)
	at de.uka.ilkd.key.proof.io.AbstractProblemLoader.loadEnvironment(AbstractProblemLoader.java:288)
	at de.uka.ilkd.key.proof.io.AbstractProblemLoader.load(AbstractProblemLoader.java:252)
	at de.uka.ilkd.key.control.AbstractUserInterfaceControl.load(AbstractUserInterfaceControl.java:209)
	... 7 more
Caused by: java.lang.RuntimeException: Could not find rule file rules/intRulesCheckedSemantics.key
	at de.uka.ilkd.key.proof.io.RuleSourceFactory.fromBuiltInRule(RuleSourceFactory.java:32)
	at de.uka.ilkd.key.proof.io.RuleSourceFactory.fromDefaultLocation(RuleSourceFactory.java:21)
	at de.uka.ilkd.key.nparser.builder.IncludeFinder.addInclude(IncludeFinder.java:63)
	at de.uka.ilkd.key.nparser.builder.IncludeFinder.visitOne_include(IncludeFinder.java:43)
	at de.uka.ilkd.key.nparser.builder.IncludeFinder.visitOne_include(IncludeFinder.java:20)
	at de.uka.ilkd.key.nparser.KeYParser$One_includeContext.accept(KeYParser.java:878)
	at de.uka.ilkd.key.nparser.builder.AbstractBuilder.lambda$mapOf$0(AbstractBuilder.java:112)
	at java.base/java.util.stream.ReferencePipeline$3$1.accept(ReferencePipeline.java:195)
	at java.base/java.util.ArrayList$ArrayListSpliterator.forEachRemaining(ArrayList.java:1655)
	at java.base/java.util.stream.AbstractPipeline.copyInto(AbstractPipeline.java:484)
	at java.base/java.util.stream.AbstractPipeline.wrapAndCopyInto(AbstractPipeline.java:474)
	at java.base/java.util.stream.ReduceOps$ReduceOp.evaluateSequential(ReduceOps.java:913)
	at java.base/java.util.stream.AbstractPipeline.evaluate(AbstractPipeline.java:234)
	at java.base/java.util.stream.ReferencePipeline.collect(ReferencePipeline.java:578)
	at de.uka.ilkd.key.nparser.builder.AbstractBuilder.mapOf(AbstractBuilder.java:112)
	at de.uka.ilkd.key.nparser.builder.IncludeFinder.visitOne_include_statement(IncludeFinder.java:35)
	at de.uka.ilkd.key.nparser.builder.IncludeFinder.visitOne_include_statement(IncludeFinder.java:20)
	at de.uka.ilkd.key.nparser.KeYParser$One_include_statementContext.accept(KeYParser.java:802)
	at org.antlr.v4.runtime.tree.AbstractParseTreeVisitor.visitChildren(AbstractParseTreeVisitor.java:46)
	at de.uka.ilkd.key.nparser.KeYParserBaseVisitor.visitDecls(KeYParserBaseVisitor.java:30)
	at de.uka.ilkd.key.nparser.KeYParser$DeclsContext.accept(KeYParser.java:500)
	at org.antlr.v4.runtime.tree.AbstractParseTreeVisitor.visitChildren(AbstractParseTreeVisitor.java:46)
	at de.uka.ilkd.key.nparser.KeYParserBaseVisitor.visitFile(KeYParserBaseVisitor.java:23)
	at de.uka.ilkd.key.nparser.KeYParser$FileContext.accept(KeYParser.java:306)
	at de.uka.ilkd.key.nparser.KeyAst.accept(KeyAst.java:41)
	at de.uka.ilkd.key.nparser.KeyAst$File.getIncludes(KeyAst.java:76)
	at de.uka.ilkd.key.proof.io.KeYFile.readIncludes(KeYFile.java:208)
	... 14 more
Could not find rule file rules/intRulesCheckedSemantics.key (file: /home/runner/work/key/key/key.core/../key.ui/examples/index/.././heap/permissions/threads/BFilter_preStart_accessible.key; caused by: de.uka.ilkd.key.proof.init.ProofInputException: Could not find rule file rules/intRulesCheckedSemantics.key)
	at de.uka.ilkd.key.control.AbstractUserInterfaceControl.load(AbstractUserInterfaceControl.java:221)
	at de.uka.ilkd.key.control.KeYEnvironment.load(KeYEnvironment.java:251)
	at de.uka.ilkd.key.control.KeYEnvironment.load(KeYEnvironment.java:224)
	at de.uka.ilkd.key.control.KeYEnvironment.load(KeYEnvironment.java:184)
	at de.uka.ilkd.key.control.KeYEnvironment.load(KeYEnvironment.java:261)
	at de.uka.ilkd.key.proof.runallproofs.proofcollection.TestFile.load(TestFile.java:270)
	at de.uka.ilkd.key.proof.runallproofs.proofcollection.TestFile.runKey(TestFile.java:160)
	at de.uka.ilkd.key.proof.runallproofs.proofcollection.ForkedTestFileRunner.main(ForkedTestFileRunner.java:171)
Caused by: de.uka.ilkd.key.proof.init.ProofInputException: Could not find rule file rules/intRulesCheckedSemantics.key
	at de.uka.ilkd.key.proof.io.KeYFile.readIncludes(KeYFile.java:210)
	at de.uka.ilkd.key.proof.init.ProblemInitializer.readIncludes(ProblemInitializer.java:177)
	at de.uka.ilkd.key.proof.init.ProblemInitializer.readEnvInput(ProblemInitializer.java:325)
	at de.uka.ilkd.key.proof.init.ProblemInitializer.prepare(ProblemInitializer.java:449)
	at de.uka.ilkd.key.proof.io.AbstractProblemLoader.createInitConfig(AbstractProblemLoader.java:518)
	at de.uka.ilkd.key.proof.io.AbstractProblemLoader.loadEnvironment(AbstractProblemLoader.java:288)
	at de.uka.ilkd.key.proof.io.AbstractProblemLoader.load(AbstractProblemLoader.java:252)
	at de.uka.ilkd.key.control.AbstractUserInterfaceControl.load(AbstractUserInterfaceControl.java:209)
	... 7 more
Caused by: java.lang.RuntimeException: Could not find rule file rules/intRulesCheckedSemantics.key
	at de.uka.ilkd.key.proof.io.RuleSourceFactory.fromBuiltInRule(RuleSourceFactory.java:32)
	at de.uka.ilkd.key.proof.io.RuleSourceFactory.fromDefaultLocation(RuleSourceFactory.java:21)
	at de.uka.ilkd.key.nparser.builder.IncludeFinder.addInclude(IncludeFinder.java:63)
	at de.uka.ilkd.key.nparser.builder.IncludeFinder.visitOne_include(IncludeFinder.java:43)
	at de.uka.ilkd.key.nparser.builder.IncludeFinder.visitOne_include(IncludeFinder.java:20)
	at de.uka.ilkd.key.nparser.KeYParser$One_includeContext.accept(KeYParser.java:878)
	at de.uka.ilkd.key.nparser.builder.AbstractBuilder.lambda$mapOf$0(AbstractBuilder.java:112)
	at java.base/java.util.stream.ReferencePipeline$3$1.accept(ReferencePipeline.java:195)
	at java.base/java.util.ArrayList$ArrayListSpliterator.forEachRemaining(ArrayList.java:1655)
	at java.base/java.util.stream.AbstractPipeline.copyInto(AbstractPipeline.java:484)
	at java.base/java.util.stream.AbstractPipeline.wrapAndCopyInto(AbstractPipeline.java:474)
	at java.base/java.util.stream.ReduceOps$ReduceOp.evaluateSequential(ReduceOps.java:913)
	at java.base/java.util.stream.AbstractPipeline.evaluate(AbstractPipeline.java:234)
	at java.base/java.util.stream.ReferencePipeline.collect(ReferencePipeline.java:578)
	at de.uka.ilkd.key.nparser.builder.AbstractBuilder.mapOf(AbstractBuilder.java:112)
	at de.uka.ilkd.key.nparser.builder.IncludeFinder.visitOne_include_statement(IncludeFinder.java:35)
	at de.uka.ilkd.key.nparser.builder.IncludeFinder.visitOne_include_statement(IncludeFinder.java:20)
	at de.uka.ilkd.key.nparser.KeYParser$One_include_statementContext.accept(KeYParser.java:802)
	at org.antlr.v4.runtime.tree.AbstractParseTreeVisitor.visitChildren(AbstractParseTreeVisitor.java:46)
	at de.uka.ilkd.key.nparser.KeYParserBaseVisitor.visitDecls(KeYParserBaseVisitor.java:30)
	at de.uka.ilkd.key.nparser.KeYParser$DeclsContext.accept(KeYParser.java:500)
	at org.antlr.v4.runtime.tree.AbstractParseTreeVisitor.visitChildren(AbstractParseTreeVisitor.java:46)
	at de.uka.ilkd.key.nparser.KeYParserBaseVisitor.visitFile(KeYParserBaseVisitor.java:23)
	at de.uka.ilkd.key.nparser.KeYParser$FileContext.accept(KeYParser.java:306)
	at de.uka.ilkd.key.nparser.KeyAst.accept(KeyAst.java:41)
	at de.uka.ilkd.key.nparser.KeyAst$File.getIncludes(KeyAst.java:76)
	at de.uka.ilkd.key.proof.io.KeYFile.readIncludes(KeYFile.java:208)
	... 14 more
Could not find rule file rules/intRulesCheckedSemantics.key (file: /home/runner/work/key/key/key.core/../key.ui/examples/index/.././heap/permissions/threads/BFilter_startTransfer_accessible.key; caused by: de.uka.ilkd.key.proof.init.ProofInputException: Could not find rule file rules/intRulesCheckedSemantics.key)
	at de.uka.ilkd.key.control.AbstractUserInterfaceControl.load(AbstractUserInterfaceControl.java:221)
	at de.uka.ilkd.key.control.KeYEnvironment.load(KeYEnvironment.java:251)
	at de.uka.ilkd.key.control.KeYEnvironment.load(KeYEnvironment.java:224)
	at de.uka.ilkd.key.control.KeYEnvironment.load(KeYEnvironment.java:184)
	at de.uka.ilkd.key.control.KeYEnvironment.load(KeYEnvironment.java:261)
	at de.uka.ilkd.key.proof.runallproofs.proofcollection.TestFile.load(TestFile.java:270)
	at de.uka.ilkd.key.proof.runallproofs.proofcollection.TestFile.runKey(TestFile.java:160)
	at de.uka.ilkd.key.proof.runallproofs.proofcollection.ForkedTestFileRunner.main(ForkedTestFileRunner.java:171)
Caused by: de.uka.ilkd.key.proof.init.ProofInputException: Could not find rule file rules/intRulesCheckedSemantics.key
	at de.uka.ilkd.key.proof.io.KeYFile.readIncludes(KeYFile.java:210)
	at de.uka.ilkd.key.proof.init.ProblemInitializer.readIncludes(ProblemInitializer.java:177)
	at de.uka.ilkd.key.proof.init.ProblemInitializer.readEnvInput(ProblemInitializer.java:325)
	at de.uka.ilkd.key.proof.init.ProblemInitializer.prepare(ProblemInitializer.java:449)
	at de.uka.ilkd.key.proof.io.AbstractProblemLoader.createInitConfig(AbstractProblemLoader.java:518)
	at de.uka.ilkd.key.proof.io.AbstractProblemLoader.loadEnvironment(AbstractProblemLoader.java:288)
	at de.uka.ilkd.key.proof.io.AbstractProblemLoader.load(AbstractProblemLoader.java:252)
	at de.uka.ilkd.key.control.AbstractUserInterfaceControl.load(AbstractUserInterfaceControl.java:209)
	... 7 more
Caused by: java.lang.RuntimeException: Could not find rule file rules/intRulesCheckedSemantics.key
	at de.uka.ilkd.key.proof.io.RuleSourceFactory.fromBuiltInRule(RuleSourceFactory.java:32)
	at de.uka.ilkd.key.proof.io.RuleSourceFactory.fromDefaultLocation(RuleSourceFactory.java:21)
	at de.uka.ilkd.key.nparser.builder.IncludeFinder.addInclude(IncludeFinder.java:63)
	at de.uka.ilkd.key.nparser.builder.IncludeFinder.visitOne_include(IncludeFinder.java:43)
	at de.uka.ilkd.key.nparser.builder.IncludeFinder.visitOne_include(IncludeFinder.java:20)
	at de.uka.ilkd.key.nparser.KeYParser$One_includeContext.accept(KeYParser.java:878)
	at de.uka.ilkd.key.nparser.builder.AbstractBuilder.lambda$mapOf$0(AbstractBuilder.java:112)
	at java.base/java.util.stream.ReferencePipeline$3$1.accept(ReferencePipeline.java:195)
	at java.base/java.util.ArrayList$ArrayListSpliterator.forEachRemaining(ArrayList.java:1655)
	at java.base/java.util.stream.AbstractPipeline.copyInto(AbstractPipeline.java:484)
	at java.base/java.util.stream.AbstractPipeline.wrapAndCopyInto(AbstractPipeline.java:474)
	at java.base/java.util.stream.ReduceOps$ReduceOp.evaluateSequential(ReduceOps.java:913)
	at java.base/java.util.stream.AbstractPipeline.evaluate(AbstractPipeline.java:234)
	at java.base/java.util.stream.ReferencePipeline.collect(ReferencePipeline.java:578)
	at de.uka.ilkd.key.nparser.builder.AbstractBuilder.mapOf(AbstractBuilder.java:112)
	at de.uka.ilkd.key.nparser.builder.IncludeFinder.visitOne_include_statement(IncludeFinder.java:35)
	at de.uka.ilkd.key.nparser.builder.IncludeFinder.visitOne_include_statement(IncludeFinder.java:20)
	at de.uka.ilkd.key.nparser.KeYParser$One_include_statementContext.accept(KeYParser.java:802)
	at org.antlr.v4.runtime.tree.AbstractParseTreeVisitor.visitChildren(AbstractParseTreeVisitor.java:46)
	at de.uka.ilkd.key.nparser.KeYParserBaseVisitor.visitDecls(KeYParserBaseVisitor.java:30)
	at de.uka.ilkd.key.nparser.KeYParser$DeclsContext.accept(KeYParser.java:500)
	at org.antlr.v4.runtime.tree.AbstractParseTreeVisitor.visitChildren(AbstractParseTreeVisitor.java:46)
	at de.uka.ilkd.key.nparser.KeYParserBaseVisitor.visitFile(KeYParserBaseVisitor.java:23)
	at de.uka.ilkd.key.nparser.KeYParser$FileContext.accept(KeYParser.java:306)
	at de.uka.ilkd.key.nparser.KeyAst.accept(KeyAst.java:41)
	at de.uka.ilkd.key.nparser.KeyAst$File.getIncludes(KeyAst.java:76)
	at de.uka.ilkd.key.proof.io.KeYFile.readIncludes(KeYFile.java:208)
	... 14 more
Could not find rule file rules/intRulesCheckedSemantics.key (file: /home/runner/work/key/key/key.core/../key.ui/examples/index/.././heap/permissions/threads/BFilter_startTransfer_contract.key; caused by: de.uka.ilkd.key.proof.init.ProofInputException: Could not find rule file rules/intRulesCheckedSemantics.key)
	at de.uka.ilkd.key.control.AbstractUserInterfaceControl.load(AbstractUserInterfaceControl.java:221)
	at de.uka.ilkd.key.control.KeYEnvironment.load(KeYEnvironment.java:251)
	at de.uka.ilkd.key.control.KeYEnvironment.load(KeYEnvironment.java:224)
	at de.uka.ilkd.key.control.KeYEnvironment.load(KeYEnvironment.java:184)
	at de.uka.ilkd.key.control.KeYEnvironment.load(KeYEnvironment.java:261)
	at de.uka.ilkd.key.proof.runallproofs.proofcollection.TestFile.load(TestFile.java:270)
	at de.uka.ilkd.key.proof.runallproofs.proofcollection.TestFile.runKey(TestFile.java:160)
	at de.uka.ilkd.key.proof.runallproofs.proofcollection.ForkedTestFileRunner.main(ForkedTestFileRunner.java:171)
Caused by: de.uka.ilkd.key.proof.init.ProofInputException: Could not find rule file rules/intRulesCheckedSemantics.key
	at de.uka.ilkd.key.proof.io.KeYFile.readIncludes(KeYFile.java:210)
	at de.uka.ilkd.key.proof.init.ProblemInitializer.readIncludes(ProblemInitializer.java:177)
	at de.uka.ilkd.key.proof.init.ProblemInitializer.readEnvInput(ProblemInitializer.java:325)
	at de.uka.ilkd.key.proof.init.ProblemInitializer.prepare(ProblemInitializer.java:449)
	at de.uka.ilkd.key.proof.io.AbstractProblemLoader.createInitConfig(AbstractProblemLoader.java:518)
	at de.uka.ilkd.key.proof.io.AbstractProblemLoader.loadEnvironment(AbstractProblemLoader.java:288)
	at de.uka.ilkd.key.proof.io.AbstractProblemLoader.load(AbstractProblemLoader.java:252)
	at de.uka.ilkd.key.control.AbstractUserInterfaceControl.load(AbstractUserInterfaceControl.java:209)
	... 7 more
Caused by: java.lang.RuntimeException: Could not find rule file rules/intRulesCheckedSemantics.key
	at de.uka.ilkd.key.proof.io.RuleSourceFactory.fromBuiltInRule(RuleSourceFactory.java:32)
	at de.uka.ilkd.key.proof.io.RuleSourceFactory.fromDefaultLocation(RuleSourceFactory.java:21)
	at de.uka.ilkd.key.nparser.builder.IncludeFinder.addInclude(IncludeFinder.java:63)
	at de.uka.ilkd.key.nparser.builder.IncludeFinder.visitOne_include(IncludeFinder.java:43)
	at de.uka.ilkd.key.nparser.builder.IncludeFinder.visitOne_include(IncludeFinder.java:20)
	at de.uka.ilkd.key.nparser.KeYParser$One_includeContext.accept(KeYParser.java:878)
	at de.uka.ilkd.key.nparser.builder.AbstractBuilder.lambda$mapOf$0(AbstractBuilder.java:112)
	at java.base/java.util.stream.ReferencePipeline$3$1.accept(ReferencePipeline.java:195)
	at java.base/java.util.ArrayList$ArrayListSpliterator.forEachRemaining(ArrayList.java:1655)
	at java.base/java.util.stream.AbstractPipeline.copyInto(AbstractPipeline.java:484)
	at java.base/java.util.stream.AbstractPipeline.wrapAndCopyInto(AbstractPipeline.java:474)
	at java.base/java.util.stream.ReduceOps$ReduceOp.evaluateSequential(ReduceOps.java:913)
	at java.base/java.util.stream.AbstractPipeline.evaluate(AbstractPipeline.java:234)
	at java.base/java.util.stream.ReferencePipeline.collect(ReferencePipeline.java:578)
	at de.uka.ilkd.key.nparser.builder.AbstractBuilder.mapOf(AbstractBuilder.java:112)
	at de.uka.ilkd.key.nparser.builder.IncludeFinder.visitOne_include_statement(IncludeFinder.java:35)
	at de.uka.ilkd.key.nparser.builder.IncludeFinder.visitOne_include_statement(IncludeFinder.java:20)
	at de.uka.ilkd.key.nparser.KeYParser$One_include_statementContext.accept(KeYParser.java:802)
	at org.antlr.v4.runtime.tree.AbstractParseTreeVisitor.visitChildren(AbstractParseTreeVisitor.java:46)
	at de.uka.ilkd.key.nparser.KeYParserBaseVisitor.visitDecls(KeYParserBaseVisitor.java:30)
	at de.uka.ilkd.key.nparser.KeYParser$DeclsContext.accept(KeYParser.java:500)
	at org.antlr.v4.runtime.tree.AbstractParseTreeVisitor.visitChildren(AbstractParseTreeVisitor.java:46)
	at de.uka.ilkd.key.nparser.KeYParserBaseVisitor.visitFile(KeYParserBaseVisitor.java:23)
	at de.uka.ilkd.key.nparser.KeYParser$FileContext.accept(KeYParser.java:306)
	at de.uka.ilkd.key.nparser.KeyAst.accept(KeyAst.java:41)
	at de.uka.ilkd.key.nparser.KeyAst$File.getIncludes(KeyAst.java:76)
	at de.uka.ilkd.key.proof.io.KeYFile.readIncludes(KeYFile.java:208)
	... 14 more
Could not find rule file rules/intRulesCheckedSemantics.key (file: /home/runner/work/key/key/key.core/../key.ui/examples/index/.././heap/permissions/threads/BFilter_stateInv_accessible.key; caused by: de.uka.ilkd.key.proof.init.ProofInputException: Could not find rule file rules/intRulesCheckedSemantics.key)
	at de.uka.ilkd.key.control.AbstractUserInterfaceControl.load(AbstractUserInterfaceControl.java:221)
	at de.uka.ilkd.key.control.KeYEnvironment.load(KeYEnvironment.java:251)
	at de.uka.ilkd.key.control.KeYEnvironment.load(KeYEnvironment.java:224)
	at de.uka.ilkd.key.control.KeYEnvironment.load(KeYEnvironment.java:184)
	at de.uka.ilkd.key.control.KeYEnvironment.load(KeYEnvironment.java:261)
	at de.uka.ilkd.key.proof.runallproofs.proofcollection.TestFile.load(TestFile.java:270)
	at de.uka.ilkd.key.proof.runallproofs.proofcollection.TestFile.runKey(TestFile.java:160)
	at de.uka.ilkd.key.proof.runallproofs.proofcollection.ForkedTestFileRunner.main(ForkedTestFileRunner.java:171)
Caused by: de.uka.ilkd.key.proof.init.ProofInputException: Could not find rule file rules/intRulesCheckedSemantics.key
	at de.uka.ilkd.key.proof.io.KeYFile.readIncludes(KeYFile.java:210)
	at de.uka.ilkd.key.proof.init.ProblemInitializer.readIncludes(ProblemInitializer.java:177)
	at de.uka.ilkd.key.proof.init.ProblemInitializer.readEnvInput(ProblemInitializer.java:325)
	at de.uka.ilkd.key.proof.init.ProblemInitializer.prepare(ProblemInitializer.java:449)
	at de.uka.ilkd.key.proof.io.AbstractProblemLoader.createInitConfig(AbstractProblemLoader.java:518)
	at de.uka.ilkd.key.proof.io.AbstractProblemLoader.loadEnvironment(AbstractProblemLoader.java:288)
	at de.uka.ilkd.key.proof.io.AbstractProblemLoader.load(AbstractProblemLoader.java:252)
	at de.uka.ilkd.key.control.AbstractUserInterfaceControl.load(AbstractUserInterfaceControl.java:209)
	... 7 more
Caused by: java.lang.RuntimeException: Could not find rule file rules/intRulesCheckedSemantics.key
	at de.uka.ilkd.key.proof.io.RuleSourceFactory.fromBuiltInRule(RuleSourceFactory.java:32)
	at de.uka.ilkd.key.proof.io.RuleSourceFactory.fromDefaultLocation(RuleSourceFactory.java:21)
	at de.uka.ilkd.key.nparser.builder.IncludeFinder.addInclude(IncludeFinder.java:63)
	at de.uka.ilkd.key.nparser.builder.IncludeFinder.visitOne_include(IncludeFinder.java:43)
	at de.uka.ilkd.key.nparser.builder.IncludeFinder.visitOne_include(IncludeFinder.java:20)
	at de.uka.ilkd.key.nparser.KeYParser$One_includeContext.accept(KeYParser.java:878)
	at de.uka.ilkd.key.nparser.builder.AbstractBuilder.lambda$mapOf$0(AbstractBuilder.java:112)
	at java.base/java.util.stream.ReferencePipeline$3$1.accept(ReferencePipeline.java:195)
	at java.base/java.util.ArrayList$ArrayListSpliterator.forEachRemaining(ArrayList.java:1655)
	at java.base/java.util.stream.AbstractPipeline.copyInto(AbstractPipeline.java:484)
	at java.base/java.util.stream.AbstractPipeline.wrapAndCopyInto(AbstractPipeline.java:474)
	at java.base/java.util.stream.ReduceOps$ReduceOp.evaluateSequential(ReduceOps.java:913)
	at java.base/java.util.stream.AbstractPipeline.evaluate(AbstractPipeline.java:234)
	at java.base/java.util.stream.ReferencePipeline.collect(ReferencePipeline.java:578)
	at de.uka.ilkd.key.nparser.builder.AbstractBuilder.mapOf(AbstractBuilder.java:112)
	at de.uka.ilkd.key.nparser.builder.IncludeFinder.visitOne_include_statement(IncludeFinder.java:35)
	at de.uka.ilkd.key.nparser.builder.IncludeFinder.visitOne_include_statement(IncludeFinder.java:20)
	at de.uka.ilkd.key.nparser.KeYParser$One_include_statementContext.accept(KeYParser.java:802)
	at org.antlr.v4.runtime.tree.AbstractParseTreeVisitor.visitChildren(AbstractParseTreeVisitor.java:46)
	at de.uka.ilkd.key.nparser.KeYParserBaseVisitor.visitDecls(KeYParserBaseVisitor.java:30)
	at de.uka.ilkd.key.nparser.KeYParser$DeclsContext.accept(KeYParser.java:500)
	at org.antlr.v4.runtime.tree.AbstractParseTreeVisitor.visitChildren(AbstractParseTreeVisitor.java:46)
	at de.uka.ilkd.key.nparser.KeYParserBaseVisitor.visitFile(KeYParserBaseVisitor.java:23)
	at de.uka.ilkd.key.nparser.KeYParser$FileContext.accept(KeYParser.java:306)
	at de.uka.ilkd.key.nparser.KeyAst.accept(KeyAst.java:41)
	at de.uka.ilkd.key.nparser.KeyAst$File.getIncludes(KeyAst.java:76)
	at de.uka.ilkd.key.proof.io.KeYFile.readIncludes(KeYFile.java:208)
	... 14 more
Could not find rule file rules/intRulesCheckedSemantics.key (file: /home/runner/work/key/key/key.core/../key.ui/examples/index/.././heap/permissions/threads/BFilter_staticPermissions_accessible.key; caused by: de.uka.ilkd.key.proof.init.ProofInputException: Could not find rule file rules/intRulesCheckedSemantics.key)
	at de.uka.ilkd.key.control.AbstractUserInterfaceControl.load(AbstractUserInterfaceControl.java:221)
	at de.uka.ilkd.key.control.KeYEnvironment.load(KeYEnvironment.java:251)
	at de.uka.ilkd.key.control.KeYEnvironment.load(KeYEnvironment.java:224)
	at de.uka.ilkd.key.control.KeYEnvironment.load(KeYEnvironment.java:184)
	at de.uka.ilkd.key.control.KeYEnvironment.load(KeYEnvironment.java:261)
	at de.uka.ilkd.key.proof.runallproofs.proofcollection.TestFile.load(TestFile.java:270)
	at de.uka.ilkd.key.proof.runallproofs.proofcollection.TestFile.runKey(TestFile.java:160)
	at de.uka.ilkd.key.proof.runallproofs.proofcollection.ForkedTestFileRunner.main(ForkedTestFileRunner.java:171)
Caused by: de.uka.ilkd.key.proof.init.ProofInputException: Could not find rule file rules/intRulesCheckedSemantics.key
	at de.uka.ilkd.key.proof.io.KeYFile.readIncludes(KeYFile.java:210)
	at de.uka.ilkd.key.proof.init.ProblemInitializer.readIncludes(ProblemInitializer.java:177)
	at de.uka.ilkd.key.proof.init.ProblemInitializer.readEnvInput(ProblemInitializer.java:325)
	at de.uka.ilkd.key.proof.init.ProblemInitializer.prepare(ProblemInitializer.java:449)
	at de.uka.ilkd.key.proof.io.AbstractProblemLoader.createInitConfig(AbstractProblemLoader.java:518)
	at de.uka.ilkd.key.proof.io.AbstractProblemLoader.loadEnvironment(AbstractProblemLoader.java:288)
	at de.uka.ilkd.key.proof.io.AbstractProblemLoader.load(AbstractProblemLoader.java:252)
	at de.uka.ilkd.key.control.AbstractUserInterfaceControl.load(AbstractUserInterfaceControl.java:209)
	... 7 more
Caused by: java.lang.RuntimeException: Could not find rule file rules/intRulesCheckedSemantics.key
	at de.uka.ilkd.key.proof.io.RuleSourceFactory.fromBuiltInRule(RuleSourceFactory.java:32)
	at de.uka.ilkd.key.proof.io.RuleSourceFactory.fromDefaultLocation(RuleSourceFactory.java:21)
	at de.uka.ilkd.key.nparser.builder.IncludeFinder.addInclude(IncludeFinder.java:63)
	at de.uka.ilkd.key.nparser.builder.IncludeFinder.visitOne_include(IncludeFinder.java:43)
	at de.uka.ilkd.key.nparser.builder.IncludeFinder.visitOne_include(IncludeFinder.java:20)
	at de.uka.ilkd.key.nparser.KeYParser$One_includeContext.accept(KeYParser.java:878)
	at de.uka.ilkd.key.nparser.builder.AbstractBuilder.lambda$mapOf$0(AbstractBuilder.java:112)
	at java.base/java.util.stream.ReferencePipeline$3$1.accept(ReferencePipeline.java:195)
	at java.base/java.util.ArrayList$ArrayListSpliterator.forEachRemaining(ArrayList.java:1655)
	at java.base/java.util.stream.AbstractPipeline.copyInto(AbstractPipeline.java:484)
	at java.base/java.util.stream.AbstractPipeline.wrapAndCopyInto(AbstractPipeline.java:474)
	at java.base/java.util.stream.ReduceOps$ReduceOp.evaluateSequential(ReduceOps.java:913)
	at java.base/java.util.stream.AbstractPipeline.evaluate(AbstractPipeline.java:234)
	at java.base/java.util.stream.ReferencePipeline.collect(ReferencePipeline.java:578)
	at de.uka.ilkd.key.nparser.builder.AbstractBuilder.mapOf(AbstractBuilder.java:112)
	at de.uka.ilkd.key.nparser.builder.IncludeFinder.visitOne_include_statement(IncludeFinder.java:35)
	at de.uka.ilkd.key.nparser.builder.IncludeFinder.visitOne_include_statement(IncludeFinder.java:20)
	at de.uka.ilkd.key.nparser.KeYParser$One_include_statementContext.accept(KeYParser.java:802)
	at org.antlr.v4.runtime.tree.AbstractParseTreeVisitor.visitChildren(AbstractParseTreeVisitor.java:46)
	at de.uka.ilkd.key.nparser.KeYParserBaseVisitor.visitDecls(KeYParserBaseVisitor.java:30)
	at de.uka.ilkd.key.nparser.KeYParser$DeclsContext.accept(KeYParser.java:500)
	at org.antlr.v4.runtime.tree.AbstractParseTreeVisitor.visitChildren(AbstractParseTreeVisitor.java:46)
	at de.uka.ilkd.key.nparser.KeYParserBaseVisitor.visitFile(KeYParserBaseVisitor.java:23)
	at de.uka.ilkd.key.nparser.KeYParser$FileContext.accept(KeYParser.java:306)
	at de.uka.ilkd.key.nparser.KeyAst.accept(KeyAst.java:41)
	at de.uka.ilkd.key.nparser.KeyAst$File.getIncludes(KeyAst.java:76)
	at de.uka.ilkd.key.proof.io.KeYFile.readIncludes(KeYFile.java:208)
	... 14 more
Could not find rule file rules/intRulesCheckedSemantics.key (file: /home/runner/work/key/key/key.core/../key.ui/examples/index/.././heap/permissions/threads/BFilter_workingPermissions_accessible.key; caused by: de.uka.ilkd.key.proof.init.ProofInputException: Could not find rule file rules/intRulesCheckedSemantics.key)
	at de.uka.ilkd.key.control.AbstractUserInterfaceControl.load(AbstractUserInterfaceControl.java:221)
	at de.uka.ilkd.key.control.KeYEnvironment.load(KeYEnvironment.java:251)
	at de.uka.ilkd.key.control.KeYEnvironment.load(KeYEnvironment.java:224)
	at de.uka.ilkd.key.control.KeYEnvironment.load(KeYEnvironment.java:184)
	at de.uka.ilkd.key.control.KeYEnvironment.load(KeYEnvironment.java:261)
	at de.uka.ilkd.key.proof.runallproofs.proofcollection.TestFile.load(TestFile.java:270)
	at de.uka.ilkd.key.proof.runallproofs.proofcollection.TestFile.runKey(TestFile.java:160)
	at de.uka.ilkd.key.proof.runallproofs.proofcollection.ForkedTestFileRunner.main(ForkedTestFileRunner.java:171)
Caused by: de.uka.ilkd.key.proof.init.ProofInputException: Could not find rule file rules/intRulesCheckedSemantics.key
	at de.uka.ilkd.key.proof.io.KeYFile.readIncludes(KeYFile.java:210)
	at de.uka.ilkd.key.proof.init.ProblemInitializer.readIncludes(ProblemInitializer.java:177)
	at de.uka.ilkd.key.proof.init.ProblemInitializer.readEnvInput(ProblemInitializer.java:325)
	at de.uka.ilkd.key.proof.init.ProblemInitializer.prepare(ProblemInitializer.java:449)
	at de.uka.ilkd.key.proof.io.AbstractProblemLoader.createInitConfig(AbstractProblemLoader.java:518)
	at de.uka.ilkd.key.proof.io.AbstractProblemLoader.loadEnvironment(AbstractProblemLoader.java:288)
	at de.uka.ilkd.key.proof.io.AbstractProblemLoader.load(AbstractProblemLoader.java:252)
	at de.uka.ilkd.key.control.AbstractUserInterfaceControl.load(AbstractUserInterfaceControl.java:209)
	... 7 more
Caused by: java.lang.RuntimeException: Could not find rule file rules/intRulesCheckedSemantics.key
	at de.uka.ilkd.key.proof.io.RuleSourceFactory.fromBuiltInRule(RuleSourceFactory.java:32)
	at de.uka.ilkd.key.proof.io.RuleSourceFactory.fromDefaultLocation(RuleSourceFactory.java:21)
	at de.uka.ilkd.key.nparser.builder.IncludeFinder.addInclude(IncludeFinder.java:63)
	at de.uka.ilkd.key.nparser.builder.IncludeFinder.visitOne_include(IncludeFinder.java:43)
	at de.uka.ilkd.key.nparser.builder.IncludeFinder.visitOne_include(IncludeFinder.java:20)
	at de.uka.ilkd.key.nparser.KeYParser$One_includeContext.accept(KeYParser.java:878)
	at de.uka.ilkd.key.nparser.builder.AbstractBuilder.lambda$mapOf$0(AbstractBuilder.java:112)
	at java.base/java.util.stream.ReferencePipeline$3$1.accept(ReferencePipeline.java:195)
	at java.base/java.util.ArrayList$ArrayListSpliterator.forEachRemaining(ArrayList.java:1655)
	at java.base/java.util.stream.AbstractPipeline.copyInto(AbstractPipeline.java:484)
	at java.base/java.util.stream.AbstractPipeline.wrapAndCopyInto(AbstractPipeline.java:474)
	at java.base/java.util.stream.ReduceOps$ReduceOp.evaluateSequential(ReduceOps.java:913)
	at java.base/java.util.stream.AbstractPipeline.evaluate(AbstractPipeline.java:234)
	at java.base/java.util.stream.ReferencePipeline.collect(ReferencePipeline.java:578)
	at de.uka.ilkd.key.nparser.builder.AbstractBuilder.mapOf(AbstractBuilder.java:112)
	at de.uka.ilkd.key.nparser.builder.IncludeFinder.visitOne_include_statement(IncludeFinder.java:35)
	at de.uka.ilkd.key.nparser.builder.IncludeFinder.visitOne_include_statement(IncludeFinder.java:20)
	at de.uka.ilkd.key.nparser.KeYParser$One_include_statementContext.accept(KeYParser.java:802)
	at org.antlr.v4.runtime.tree.AbstractParseTreeVisitor.visitChildren(AbstractParseTreeVisitor.java:46)
	at de.uka.ilkd.key.nparser.KeYParserBaseVisitor.visitDecls(KeYParserBaseVisitor.java:30)
	at de.uka.ilkd.key.nparser.KeYParser$DeclsContext.accept(KeYParser.java:500)
	at org.antlr.v4.runtime.tree.AbstractParseTreeVisitor.visitChildren(AbstractParseTreeVisitor.java:46)
	at de.uka.ilkd.key.nparser.KeYParserBaseVisitor.visitFile(KeYParserBaseVisitor.java:23)
	at de.uka.ilkd.key.nparser.KeYParser$FileContext.accept(KeYParser.java:306)
	at de.uka.ilkd.key.nparser.KeyAst.accept(KeyAst.java:41)
	at de.uka.ilkd.key.nparser.KeyAst$File.getIncludes(KeyAst.java:76)
	at de.uka.ilkd.key.proof.io.KeYFile.readIncludes(KeYFile.java:208)
	... 14 more
Could not find rule file rules/intRulesCheckedSemantics.key (file: /home/runner/work/key/key/key.core/../key.ui/examples/index/.././heap/permissions/threads/Fib_Fib.key; caused by: de.uka.ilkd.key.proof.init.ProofInputException: Could not find rule file rules/intRulesCheckedSemantics.key)
	at de.uka.ilkd.key.control.AbstractUserInterfaceControl.load(AbstractUserInterfaceControl.java:221)
	at de.uka.ilkd.key.control.KeYEnvironment.load(KeYEnvironment.java:251)
	at de.uka.ilkd.key.control.KeYEnvironment.load(KeYEnvironment.java:224)
	at de.uka.ilkd.key.control.KeYEnvironment.load(KeYEnvironment.java:184)
	at de.uka.ilkd.key.control.KeYEnvironment.load(KeYEnvironment.java:261)
	at de.uka.ilkd.key.proof.runallproofs.proofcollection.TestFile.load(TestFile.java:270)
	at de.uka.ilkd.key.proof.runallproofs.proofcollection.TestFile.runKey(TestFile.java:160)
	at de.uka.ilkd.key.proof.runallproofs.proofcollection.ForkedTestFileRunner.main(ForkedTestFileRunner.java:171)
Caused by: de.uka.ilkd.key.proof.init.ProofInputException: Could not find rule file rules/intRulesCheckedSemantics.key
	at de.uka.ilkd.key.proof.io.KeYFile.readIncludes(KeYFile.java:210)
	at de.uka.ilkd.key.proof.init.ProblemInitializer.readIncludes(ProblemInitializer.java:177)
	at de.uka.ilkd.key.proof.init.ProblemInitializer.readEnvInput(ProblemInitializer.java:325)
	at de.uka.ilkd.key.proof.init.ProblemInitializer.prepare(ProblemInitializer.java:449)
	at de.uka.ilkd.key.proof.io.AbstractProblemLoader.createInitConfig(AbstractProblemLoader.java:518)
	at de.uka.ilkd.key.proof.io.AbstractProblemLoader.loadEnvironment(AbstractProblemLoader.java:288)
	at de.uka.ilkd.key.proof.io.AbstractProblemLoader.load(AbstractProblemLoader.java:252)
	at de.uka.ilkd.key.control.AbstractUserInterfaceControl.load(AbstractUserInterfaceControl.java:209)
	... 7 more
Caused by: java.lang.RuntimeException: Could not find rule file rules/intRulesCheckedSemantics.key
	at de.uka.ilkd.key.proof.io.RuleSourceFactory.fromBuiltInRule(RuleSourceFactory.java:32)
	at de.uka.ilkd.key.proof.io.RuleSourceFactory.fromDefaultLocation(RuleSourceFactory.java:21)
	at de.uka.ilkd.key.nparser.builder.IncludeFinder.addInclude(IncludeFinder.java:63)
	at de.uka.ilkd.key.nparser.builder.IncludeFinder.visitOne_include(IncludeFinder.java:43)
	at de.uka.ilkd.key.nparser.builder.IncludeFinder.visitOne_include(IncludeFinder.java:20)
	at de.uka.ilkd.key.nparser.KeYParser$One_includeContext.accept(KeYParser.java:878)
	at de.uka.ilkd.key.nparser.builder.AbstractBuilder.lambda$mapOf$0(AbstractBuilder.java:112)
	at java.base/java.util.stream.ReferencePipeline$3$1.accept(ReferencePipeline.java:195)
	at java.base/java.util.ArrayList$ArrayListSpliterator.forEachRemaining(ArrayList.java:1655)
	at java.base/java.util.stream.AbstractPipeline.copyInto(AbstractPipeline.java:484)
	at java.base/java.util.stream.AbstractPipeline.wrapAndCopyInto(AbstractPipeline.java:474)
	at java.base/java.util.stream.ReduceOps$ReduceOp.evaluateSequential(ReduceOps.java:913)
	at java.base/java.util.stream.AbstractPipeline.evaluate(AbstractPipeline.java:234)
	at java.base/java.util.stream.ReferencePipeline.collect(ReferencePipeline.java:578)
	at de.uka.ilkd.key.nparser.builder.AbstractBuilder.mapOf(AbstractBuilder.java:112)
	at de.uka.ilkd.key.nparser.builder.IncludeFinder.visitOne_include_statement(IncludeFinder.java:35)
	at de.uka.ilkd.key.nparser.builder.IncludeFinder.visitOne_include_statement(IncludeFinder.java:20)
	at de.uka.ilkd.key.nparser.KeYParser$One_include_statementContext.accept(KeYParser.java:802)
	at org.antlr.v4.runtime.tree.AbstractParseTreeVisitor.visitChildren(AbstractParseTreeVisitor.java:46)
	at de.uka.ilkd.key.nparser.KeYParserBaseVisitor.visitDecls(KeYParserBaseVisitor.java:30)
	at de.uka.ilkd.key.nparser.KeYParser$DeclsContext.accept(KeYParser.java:500)
	at org.antlr.v4.runtime.tree.AbstractParseTreeVisitor.visitChildren(AbstractParseTreeVisitor.java:46)
	at de.uka.ilkd.key.nparser.KeYParserBaseVisitor.visitFile(KeYParserBaseVisitor.java:23)
	at de.uka.ilkd.key.nparser.KeYParser$FileContext.accept(KeYParser.java:306)
	at de.uka.ilkd.key.nparser.KeyAst.accept(KeyAst.java:41)
	at de.uka.ilkd.key.nparser.KeyAst$File.getIncludes(KeyAst.java:76)
	at de.uka.ilkd.key.proof.io.KeYFile.readIncludes(KeYFile.java:208)
	... 14 more
Could not find rule file rules/intRulesCheckedSemantics.key (file: /home/runner/work/key/key/key.core/../key.ui/examples/index/.././heap/permissions/threads/Fib_initPost_accessible.key; caused by: de.uka.ilkd.key.proof.init.ProofInputException: Could not find rule file rules/intRulesCheckedSemantics.key)
	at de.uka.ilkd.key.control.AbstractUserInterfaceControl.load(AbstractUserInterfaceControl.java:221)
	at de.uka.ilkd.key.control.KeYEnvironment.load(KeYEnvironment.java:251)
	at de.uka.ilkd.key.control.KeYEnvironment.load(KeYEnvironment.java:224)
	at de.uka.ilkd.key.control.KeYEnvironment.load(KeYEnvironment.java:184)
	at de.uka.ilkd.key.control.KeYEnvironment.load(KeYEnvironment.java:261)
	at de.uka.ilkd.key.proof.runallproofs.proofcollection.TestFile.load(TestFile.java:270)
	at de.uka.ilkd.key.proof.runallproofs.proofcollection.TestFile.runKey(TestFile.java:160)
	at de.uka.ilkd.key.proof.runallproofs.proofcollection.ForkedTestFileRunner.main(ForkedTestFileRunner.java:171)
Caused by: de.uka.ilkd.key.proof.init.ProofInputException: Could not find rule file rules/intRulesCheckedSemantics.key
	at de.uka.ilkd.key.proof.io.KeYFile.readIncludes(KeYFile.java:210)
	at de.uka.ilkd.key.proof.init.ProblemInitializer.readIncludes(ProblemInitializer.java:177)
	at de.uka.ilkd.key.proof.init.ProblemInitializer.readEnvInput(ProblemInitializer.java:325)
	at de.uka.ilkd.key.proof.init.ProblemInitializer.prepare(ProblemInitializer.java:449)
	at de.uka.ilkd.key.proof.io.AbstractProblemLoader.createInitConfig(AbstractProblemLoader.java:518)
	at de.uka.ilkd.key.proof.io.AbstractProblemLoader.loadEnvironment(AbstractProblemLoader.java:288)
	at de.uka.ilkd.key.proof.io.AbstractProblemLoader.load(AbstractProblemLoader.java:252)
	at de.uka.ilkd.key.control.AbstractUserInterfaceControl.load(AbstractUserInterfaceControl.java:209)
	... 7 more
Caused by: java.lang.RuntimeException: Could not find rule file rules/intRulesCheckedSemantics.key
	at de.uka.ilkd.key.proof.io.RuleSourceFactory.fromBuiltInRule(RuleSourceFactory.java:32)
	at de.uka.ilkd.key.proof.io.RuleSourceFactory.fromDefaultLocation(RuleSourceFactory.java:21)
	at de.uka.ilkd.key.nparser.builder.IncludeFinder.addInclude(IncludeFinder.java:63)
	at de.uka.ilkd.key.nparser.builder.IncludeFinder.visitOne_include(IncludeFinder.java:43)
	at de.uka.ilkd.key.nparser.builder.IncludeFinder.visitOne_include(IncludeFinder.java:20)
	at de.uka.ilkd.key.nparser.KeYParser$One_includeContext.accept(KeYParser.java:878)
	at de.uka.ilkd.key.nparser.builder.AbstractBuilder.lambda$mapOf$0(AbstractBuilder.java:112)
	at java.base/java.util.stream.ReferencePipeline$3$1.accept(ReferencePipeline.java:195)
	at java.base/java.util.ArrayList$ArrayListSpliterator.forEachRemaining(ArrayList.java:1655)
	at java.base/java.util.stream.AbstractPipeline.copyInto(AbstractPipeline.java:484)
	at java.base/java.util.stream.AbstractPipeline.wrapAndCopyInto(AbstractPipeline.java:474)
	at java.base/java.util.stream.ReduceOps$ReduceOp.evaluateSequential(ReduceOps.java:913)
	at java.base/java.util.stream.AbstractPipeline.evaluate(AbstractPipeline.java:234)
	at java.base/java.util.stream.ReferencePipeline.collect(ReferencePipeline.java:578)
	at de.uka.ilkd.key.nparser.builder.AbstractBuilder.mapOf(AbstractBuilder.java:112)
	at de.uka.ilkd.key.nparser.builder.IncludeFinder.visitOne_include_statement(IncludeFinder.java:35)
	at de.uka.ilkd.key.nparser.builder.IncludeFinder.visitOne_include_statement(IncludeFinder.java:20)
	at de.uka.ilkd.key.nparser.KeYParser$One_include_statementContext.accept(KeYParser.java:802)
	at org.antlr.v4.runtime.tree.AbstractParseTreeVisitor.visitChildren(AbstractParseTreeVisitor.java:46)
	at de.uka.ilkd.key.nparser.KeYParserBaseVisitor.visitDecls(KeYParserBaseVisitor.java:30)
	at de.uka.ilkd.key.nparser.KeYParser$DeclsContext.accept(KeYParser.java:500)
	at org.antlr.v4.runtime.tree.AbstractParseTreeVisitor.visitChildren(AbstractParseTreeVisitor.java:46)
	at de.uka.ilkd.key.nparser.KeYParserBaseVisitor.visitFile(KeYParserBaseVisitor.java:23)
	at de.uka.ilkd.key.nparser.KeYParser$FileContext.accept(KeYParser.java:306)
	at de.uka.ilkd.key.nparser.KeyAst.accept(KeyAst.java:41)
	at de.uka.ilkd.key.nparser.KeyAst$File.getIncludes(KeyAst.java:76)
	at de.uka.ilkd.key.proof.io.KeYFile.readIncludes(KeYFile.java:208)
	... 14 more
Could not find rule file rules/intRulesCheckedSemantics.key (file: /home/runner/work/key/key/key.core/../key.ui/examples/index/.././heap/permissions/threads/Fib_inv1_accessible.key; caused by: de.uka.ilkd.key.proof.init.ProofInputException: Could not find rule file rules/intRulesCheckedSemantics.key)
	at de.uka.ilkd.key.control.AbstractUserInterfaceControl.load(AbstractUserInterfaceControl.java:221)
	at de.uka.ilkd.key.control.KeYEnvironment.load(KeYEnvironment.java:251)
	at de.uka.ilkd.key.control.KeYEnvironment.load(KeYEnvironment.java:224)
	at de.uka.ilkd.key.control.KeYEnvironment.load(KeYEnvironment.java:184)
	at de.uka.ilkd.key.control.KeYEnvironment.load(KeYEnvironment.java:261)
	at de.uka.ilkd.key.proof.runallproofs.proofcollection.TestFile.load(TestFile.java:270)
	at de.uka.ilkd.key.proof.runallproofs.proofcollection.TestFile.runKey(TestFile.java:160)
	at de.uka.ilkd.key.proof.runallproofs.proofcollection.ForkedTestFileRunner.main(ForkedTestFileRunner.java:171)
Caused by: de.uka.ilkd.key.proof.init.ProofInputException: Could not find rule file rules/intRulesCheckedSemantics.key
	at de.uka.ilkd.key.proof.io.KeYFile.readIncludes(KeYFile.java:210)
	at de.uka.ilkd.key.proof.init.ProblemInitializer.readIncludes(ProblemInitializer.java:177)
	at de.uka.ilkd.key.proof.init.ProblemInitializer.readEnvInput(ProblemInitializer.java:325)
	at de.uka.ilkd.key.proof.init.ProblemInitializer.prepare(ProblemInitializer.java:449)
	at de.uka.ilkd.key.proof.io.AbstractProblemLoader.createInitConfig(AbstractProblemLoader.java:518)
	at de.uka.ilkd.key.proof.io.AbstractProblemLoader.loadEnvironment(AbstractProblemLoader.java:288)
	at de.uka.ilkd.key.proof.io.AbstractProblemLoader.load(AbstractProblemLoader.java:252)
	at de.uka.ilkd.key.control.AbstractUserInterfaceControl.load(AbstractUserInterfaceControl.java:209)
	... 7 more
Caused by: java.lang.RuntimeException: Could not find rule file rules/intRulesCheckedSemantics.key
	at de.uka.ilkd.key.proof.io.RuleSourceFactory.fromBuiltInRule(RuleSourceFactory.java:32)
	at de.uka.ilkd.key.proof.io.RuleSourceFactory.fromDefaultLocation(RuleSourceFactory.java:21)
	at de.uka.ilkd.key.nparser.builder.IncludeFinder.addInclude(IncludeFinder.java:63)
	at de.uka.ilkd.key.nparser.builder.IncludeFinder.visitOne_include(IncludeFinder.java:43)
	at de.uka.ilkd.key.nparser.builder.IncludeFinder.visitOne_include(IncludeFinder.java:20)
	at de.uka.ilkd.key.nparser.KeYParser$One_includeContext.accept(KeYParser.java:878)
	at de.uka.ilkd.key.nparser.builder.AbstractBuilder.lambda$mapOf$0(AbstractBuilder.java:112)
	at java.base/java.util.stream.ReferencePipeline$3$1.accept(ReferencePipeline.java:195)
	at java.base/java.util.ArrayList$ArrayListSpliterator.forEachRemaining(ArrayList.java:1655)
	at java.base/java.util.stream.AbstractPipeline.copyInto(AbstractPipeline.java:484)
	at java.base/java.util.stream.AbstractPipeline.wrapAndCopyInto(AbstractPipeline.java:474)
	at java.base/java.util.stream.ReduceOps$ReduceOp.evaluateSequential(ReduceOps.java:913)
	at java.base/java.util.stream.AbstractPipeline.evaluate(AbstractPipeline.java:234)
	at java.base/java.util.stream.ReferencePipeline.collect(ReferencePipeline.java:578)
	at de.uka.ilkd.key.nparser.builder.AbstractBuilder.mapOf(AbstractBuilder.java:112)
	at de.uka.ilkd.key.nparser.builder.IncludeFinder.visitOne_include_statement(IncludeFinder.java:35)
	at de.uka.ilkd.key.nparser.builder.IncludeFinder.visitOne_include_statement(IncludeFinder.java:20)
	at de.uka.ilkd.key.nparser.KeYParser$One_include_statementContext.accept(KeYParser.java:802)
	at org.antlr.v4.runtime.tree.AbstractParseTreeVisitor.visitChildren(AbstractParseTreeVisitor.java:46)
	at de.uka.ilkd.key.nparser.KeYParserBaseVisitor.visitDecls(KeYParserBaseVisitor.java:30)
	at de.uka.ilkd.key.nparser.KeYParser$DeclsContext.accept(KeYParser.java:500)
	at org.antlr.v4.runtime.tree.AbstractParseTreeVisitor.visitChildren(AbstractParseTreeVisitor.java:46)
	at de.uka.ilkd.key.nparser.KeYParserBaseVisitor.visitFile(KeYParserBaseVisitor.java:23)
	at de.uka.ilkd.key.nparser.KeYParser$FileContext.accept(KeYParser.java:306)
	at de.uka.ilkd.key.nparser.KeyAst.accept(KeyAst.java:41)
	at de.uka.ilkd.key.nparser.KeyAst$File.getIncludes(KeyAst.java:76)
	at de.uka.ilkd.key.proof.io.KeYFile.readIncludes(KeYFile.java:208)
	... 14 more
Could not find rule file rules/intRulesCheckedSemantics.key (file: /home/runner/work/key/key/key.core/../key.ui/examples/index/.././heap/permissions/threads/Fib_inv2_accessible.key; caused by: de.uka.ilkd.key.proof.init.ProofInputException: Could not find rule file rules/intRulesCheckedSemantics.key)
	at de.uka.ilkd.key.control.AbstractUserInterfaceControl.load(AbstractUserInterfaceControl.java:221)
	at de.uka.ilkd.key.control.KeYEnvironment.load(KeYEnvironment.java:251)
	at de.uka.ilkd.key.control.KeYEnvironment.load(KeYEnvironment.java:224)
	at de.uka.ilkd.key.control.KeYEnvironment.load(KeYEnvironment.java:184)
	at de.uka.ilkd.key.control.KeYEnvironment.load(KeYEnvironment.java:261)
	at de.uka.ilkd.key.proof.runallproofs.proofcollection.TestFile.load(TestFile.java:270)
	at de.uka.ilkd.key.proof.runallproofs.proofcollection.TestFile.runKey(TestFile.java:160)
	at de.uka.ilkd.key.proof.runallproofs.proofcollection.ForkedTestFileRunner.main(ForkedTestFileRunner.java:171)
Caused by: de.uka.ilkd.key.proof.init.ProofInputException: Could not find rule file rules/intRulesCheckedSemantics.key
	at de.uka.ilkd.key.proof.io.KeYFile.readIncludes(KeYFile.java:210)
	at de.uka.ilkd.key.proof.init.ProblemInitializer.readIncludes(ProblemInitializer.java:177)
	at de.uka.ilkd.key.proof.init.ProblemInitializer.readEnvInput(ProblemInitializer.java:325)
	at de.uka.ilkd.key.proof.init.ProblemInitializer.prepare(ProblemInitializer.java:449)
	at de.uka.ilkd.key.proof.io.AbstractProblemLoader.createInitConfig(AbstractProblemLoader.java:518)
	at de.uka.ilkd.key.proof.io.AbstractProblemLoader.loadEnvironment(AbstractProblemLoader.java:288)
	at de.uka.ilkd.key.proof.io.AbstractProblemLoader.load(AbstractProblemLoader.java:252)
	at de.uka.ilkd.key.control.AbstractUserInterfaceControl.load(AbstractUserInterfaceControl.java:209)
	... 7 more
Caused by: java.lang.RuntimeException: Could not find rule file rules/intRulesCheckedSemantics.key
	at de.uka.ilkd.key.proof.io.RuleSourceFactory.fromBuiltInRule(RuleSourceFactory.java:32)
	at de.uka.ilkd.key.proof.io.RuleSourceFactory.fromDefaultLocation(RuleSourceFactory.java:21)
	at de.uka.ilkd.key.nparser.builder.IncludeFinder.addInclude(IncludeFinder.java:63)
	at de.uka.ilkd.key.nparser.builder.IncludeFinder.visitOne_include(IncludeFinder.java:43)
	at de.uka.ilkd.key.nparser.builder.IncludeFinder.visitOne_include(IncludeFinder.java:20)
	at de.uka.ilkd.key.nparser.KeYParser$One_includeContext.accept(KeYParser.java:878)
	at de.uka.ilkd.key.nparser.builder.AbstractBuilder.lambda$mapOf$0(AbstractBuilder.java:112)
	at java.base/java.util.stream.ReferencePipeline$3$1.accept(ReferencePipeline.java:195)
	at java.base/java.util.ArrayList$ArrayListSpliterator.forEachRemaining(ArrayList.java:1655)
	at java.base/java.util.stream.AbstractPipeline.copyInto(AbstractPipeline.java:484)
	at java.base/java.util.stream.AbstractPipeline.wrapAndCopyInto(AbstractPipeline.java:474)
	at java.base/java.util.stream.ReduceOps$ReduceOp.evaluateSequential(ReduceOps.java:913)
	at java.base/java.util.stream.AbstractPipeline.evaluate(AbstractPipeline.java:234)
	at java.base/java.util.stream.ReferencePipeline.collect(ReferencePipeline.java:578)
	at de.uka.ilkd.key.nparser.builder.AbstractBuilder.mapOf(AbstractBuilder.java:112)
	at de.uka.ilkd.key.nparser.builder.IncludeFinder.visitOne_include_statement(IncludeFinder.java:35)
	at de.uka.ilkd.key.nparser.builder.IncludeFinder.visitOne_include_statement(IncludeFinder.java:20)
	at de.uka.ilkd.key.nparser.KeYParser$One_include_statementContext.accept(KeYParser.java:802)
	at org.antlr.v4.runtime.tree.AbstractParseTreeVisitor.visitChildren(AbstractParseTreeVisitor.java:46)
	at de.uka.ilkd.key.nparser.KeYParserBaseVisitor.visitDecls(KeYParserBaseVisitor.java:30)
	at de.uka.ilkd.key.nparser.KeYParser$DeclsContext.accept(KeYParser.java:500)
	at org.antlr.v4.runtime.tree.AbstractParseTreeVisitor.visitChildren(AbstractParseTreeVisitor.java:46)
	at de.uka.ilkd.key.nparser.KeYParserBaseVisitor.visitFile(KeYParserBaseVisitor.java:23)
	at de.uka.ilkd.key.nparser.KeYParser$FileContext.accept(KeYParser.java:306)
	at de.uka.ilkd.key.nparser.KeyAst.accept(KeyAst.java:41)
	at de.uka.ilkd.key.nparser.KeyAst$File.getIncludes(KeyAst.java:76)
	at de.uka.ilkd.key.proof.io.KeYFile.readIncludes(KeYFile.java:208)
	... 14 more
Could not find rule file rules/intRulesCheckedSemantics.key (file: /home/runner/work/key/key/key.core/../key.ui/examples/index/.././heap/permissions/threads/Fib_joinTransfer_accessible.key; caused by: de.uka.ilkd.key.proof.init.ProofInputException: Could not find rule file rules/intRulesCheckedSemantics.key)
	at de.uka.ilkd.key.control.AbstractUserInterfaceControl.load(AbstractUserInterfaceControl.java:221)
	at de.uka.ilkd.key.control.KeYEnvironment.load(KeYEnvironment.java:251)
	at de.uka.ilkd.key.control.KeYEnvironment.load(KeYEnvironment.java:224)
	at de.uka.ilkd.key.control.KeYEnvironment.load(KeYEnvironment.java:184)
	at de.uka.ilkd.key.control.KeYEnvironment.load(KeYEnvironment.java:261)
	at de.uka.ilkd.key.proof.runallproofs.proofcollection.TestFile.load(TestFile.java:270)
	at de.uka.ilkd.key.proof.runallproofs.proofcollection.TestFile.runKey(TestFile.java:160)
	at de.uka.ilkd.key.proof.runallproofs.proofcollection.ForkedTestFileRunner.main(ForkedTestFileRunner.java:171)
Caused by: de.uka.ilkd.key.proof.init.ProofInputException: Could not find rule file rules/intRulesCheckedSemantics.key
	at de.uka.ilkd.key.proof.io.KeYFile.readIncludes(KeYFile.java:210)
	at de.uka.ilkd.key.proof.init.ProblemInitializer.readIncludes(ProblemInitializer.java:177)
	at de.uka.ilkd.key.proof.init.ProblemInitializer.readEnvInput(ProblemInitializer.java:325)
	at de.uka.ilkd.key.proof.init.ProblemInitializer.prepare(ProblemInitializer.java:449)
	at de.uka.ilkd.key.proof.io.AbstractProblemLoader.createInitConfig(AbstractProblemLoader.java:518)
	at de.uka.ilkd.key.proof.io.AbstractProblemLoader.loadEnvironment(AbstractProblemLoader.java:288)
	at de.uka.ilkd.key.proof.io.AbstractProblemLoader.load(AbstractProblemLoader.java:252)
	at de.uka.ilkd.key.control.AbstractUserInterfaceControl.load(AbstractUserInterfaceControl.java:209)
	... 7 more
Caused by: java.lang.RuntimeException: Could not find rule file rules/intRulesCheckedSemantics.key
	at de.uka.ilkd.key.proof.io.RuleSourceFactory.fromBuiltInRule(RuleSourceFactory.java:32)
	at de.uka.ilkd.key.proof.io.RuleSourceFactory.fromDefaultLocation(RuleSourceFactory.java:21)
	at de.uka.ilkd.key.nparser.builder.IncludeFinder.addInclude(IncludeFinder.java:63)
	at de.uka.ilkd.key.nparser.builder.IncludeFinder.visitOne_include(IncludeFinder.java:43)
	at de.uka.ilkd.key.nparser.builder.IncludeFinder.visitOne_include(IncludeFinder.java:20)
	at de.uka.ilkd.key.nparser.KeYParser$One_includeContext.accept(KeYParser.java:878)
	at de.uka.ilkd.key.nparser.builder.AbstractBuilder.lambda$mapOf$0(AbstractBuilder.java:112)
	at java.base/java.util.stream.ReferencePipeline$3$1.accept(ReferencePipeline.java:195)
	at java.base/java.util.ArrayList$ArrayListSpliterator.forEachRemaining(ArrayList.java:1655)
	at java.base/java.util.stream.AbstractPipeline.copyInto(AbstractPipeline.java:484)
	at java.base/java.util.stream.AbstractPipeline.wrapAndCopyInto(AbstractPipeline.java:474)
	at java.base/java.util.stream.ReduceOps$ReduceOp.evaluateSequential(ReduceOps.java:913)
	at java.base/java.util.stream.AbstractPipeline.evaluate(AbstractPipeline.java:234)
	at java.base/java.util.stream.ReferencePipeline.collect(ReferencePipeline.java:578)
	at de.uka.ilkd.key.nparser.builder.AbstractBuilder.mapOf(AbstractBuilder.java:112)
	at de.uka.ilkd.key.nparser.builder.IncludeFinder.visitOne_include_statement(IncludeFinder.java:35)
	at de.uka.ilkd.key.nparser.builder.IncludeFinder.visitOne_include_statement(IncludeFinder.java:20)
	at de.uka.ilkd.key.nparser.KeYParser$One_include_statementContext.accept(KeYParser.java:802)
	at org.antlr.v4.runtime.tree.AbstractParseTreeVisitor.visitChildren(AbstractParseTreeVisitor.java:46)
	at de.uka.ilkd.key.nparser.KeYParserBaseVisitor.visitDecls(KeYParserBaseVisitor.java:30)
	at de.uka.ilkd.key.nparser.KeYParser$DeclsContext.accept(KeYParser.java:500)
	at org.antlr.v4.runtime.tree.AbstractParseTreeVisitor.visitChildren(AbstractParseTreeVisitor.java:46)
	at de.uka.ilkd.key.nparser.KeYParserBaseVisitor.visitFile(KeYParserBaseVisitor.java:23)
	at de.uka.ilkd.key.nparser.KeYParser$FileContext.accept(KeYParser.java:306)
	at de.uka.ilkd.key.nparser.KeyAst.accept(KeyAst.java:41)
	at de.uka.ilkd.key.nparser.KeyAst$File.getIncludes(KeyAst.java:76)
	at de.uka.ilkd.key.proof.io.KeYFile.readIncludes(KeYFile.java:208)
	... 14 more
Could not find rule file rules/intRulesCheckedSemantics.key (file: /home/runner/work/key/key/key.core/../key.ui/examples/index/.././heap/permissions/threads/Fib_joinTransfer_contract.key; caused by: de.uka.ilkd.key.proof.init.ProofInputException: Could not find rule file rules/intRulesCheckedSemantics.key)
	at de.uka.ilkd.key.control.AbstractUserInterfaceControl.load(AbstractUserInterfaceControl.java:221)
	at de.uka.ilkd.key.control.KeYEnvironment.load(KeYEnvironment.java:251)
	at de.uka.ilkd.key.control.KeYEnvironment.load(KeYEnvironment.java:224)
	at de.uka.ilkd.key.control.KeYEnvironment.load(KeYEnvironment.java:184)
	at de.uka.ilkd.key.control.KeYEnvironment.load(KeYEnvironment.java:261)
	at de.uka.ilkd.key.proof.runallproofs.proofcollection.TestFile.load(TestFile.java:270)
	at de.uka.ilkd.key.proof.runallproofs.proofcollection.TestFile.runKey(TestFile.java:160)
	at de.uka.ilkd.key.proof.runallproofs.proofcollection.ForkedTestFileRunner.main(ForkedTestFileRunner.java:171)
Caused by: de.uka.ilkd.key.proof.init.ProofInputException: Could not find rule file rules/intRulesCheckedSemantics.key
	at de.uka.ilkd.key.proof.io.KeYFile.readIncludes(KeYFile.java:210)
	at de.uka.ilkd.key.proof.init.ProblemInitializer.readIncludes(ProblemInitializer.java:177)
	at de.uka.ilkd.key.proof.init.ProblemInitializer.readEnvInput(ProblemInitializer.java:325)
	at de.uka.ilkd.key.proof.init.ProblemInitializer.prepare(ProblemInitializer.java:449)
	at de.uka.ilkd.key.proof.io.AbstractProblemLoader.createInitConfig(AbstractProblemLoader.java:518)
	at de.uka.ilkd.key.proof.io.AbstractProblemLoader.loadEnvironment(AbstractProblemLoader.java:288)
	at de.uka.ilkd.key.proof.io.AbstractProblemLoader.load(AbstractProblemLoader.java:252)
	at de.uka.ilkd.key.control.AbstractUserInterfaceControl.load(AbstractUserInterfaceControl.java:209)
	... 7 more
Caused by: java.lang.RuntimeException: Could not find rule file rules/intRulesCheckedSemantics.key
	at de.uka.ilkd.key.proof.io.RuleSourceFactory.fromBuiltInRule(RuleSourceFactory.java:32)
	at de.uka.ilkd.key.proof.io.RuleSourceFactory.fromDefaultLocation(RuleSourceFactory.java:21)
	at de.uka.ilkd.key.nparser.builder.IncludeFinder.addInclude(IncludeFinder.java:63)
	at de.uka.ilkd.key.nparser.builder.IncludeFinder.visitOne_include(IncludeFinder.java:43)
	at de.uka.ilkd.key.nparser.builder.IncludeFinder.visitOne_include(IncludeFinder.java:20)
	at de.uka.ilkd.key.nparser.KeYParser$One_includeContext.accept(KeYParser.java:878)
	at de.uka.ilkd.key.nparser.builder.AbstractBuilder.lambda$mapOf$0(AbstractBuilder.java:112)
	at java.base/java.util.stream.ReferencePipeline$3$1.accept(ReferencePipeline.java:195)
	at java.base/java.util.ArrayList$ArrayListSpliterator.forEachRemaining(ArrayList.java:1655)
	at java.base/java.util.stream.AbstractPipeline.copyInto(AbstractPipeline.java:484)
	at java.base/java.util.stream.AbstractPipeline.wrapAndCopyInto(AbstractPipeline.java:474)
	at java.base/java.util.stream.ReduceOps$ReduceOp.evaluateSequential(ReduceOps.java:913)
	at java.base/java.util.stream.AbstractPipeline.evaluate(AbstractPipeline.java:234)
	at java.base/java.util.stream.ReferencePipeline.collect(ReferencePipeline.java:578)
	at de.uka.ilkd.key.nparser.builder.AbstractBuilder.mapOf(AbstractBuilder.java:112)
	at de.uka.ilkd.key.nparser.builder.IncludeFinder.visitOne_include_statement(IncludeFinder.java:35)
	at de.uka.ilkd.key.nparser.builder.IncludeFinder.visitOne_include_statement(IncludeFinder.java:20)
	at de.uka.ilkd.key.nparser.KeYParser$One_include_statementContext.accept(KeYParser.java:802)
	at org.antlr.v4.runtime.tree.AbstractParseTreeVisitor.visitChildren(AbstractParseTreeVisitor.java:46)
	at de.uka.ilkd.key.nparser.KeYParserBaseVisitor.visitDecls(KeYParserBaseVisitor.java:30)
	at de.uka.ilkd.key.nparser.KeYParser$DeclsContext.accept(KeYParser.java:500)
	at org.antlr.v4.runtime.tree.AbstractParseTreeVisitor.visitChildren(AbstractParseTreeVisitor.java:46)
	at de.uka.ilkd.key.nparser.KeYParserBaseVisitor.visitFile(KeYParserBaseVisitor.java:23)
	at de.uka.ilkd.key.nparser.KeYParser$FileContext.accept(KeYParser.java:306)
	at de.uka.ilkd.key.nparser.KeyAst.accept(KeyAst.java:41)
	at de.uka.ilkd.key.nparser.KeyAst$File.getIncludes(KeyAst.java:76)
	at de.uka.ilkd.key.proof.io.KeYFile.readIncludes(KeYFile.java:208)
	... 14 more
Could not find rule file rules/intRulesCheckedSemantics.key (file: /home/runner/work/key/key/key.core/../key.ui/examples/index/.././heap/permissions/threads/Fib_postJoin_accessible.key; caused by: de.uka.ilkd.key.proof.init.ProofInputException: Could not find rule file rules/intRulesCheckedSemantics.key)
	at de.uka.ilkd.key.control.AbstractUserInterfaceControl.load(AbstractUserInterfaceControl.java:221)
	at de.uka.ilkd.key.control.KeYEnvironment.load(KeYEnvironment.java:251)
	at de.uka.ilkd.key.control.KeYEnvironment.load(KeYEnvironment.java:224)
	at de.uka.ilkd.key.control.KeYEnvironment.load(KeYEnvironment.java:184)
	at de.uka.ilkd.key.control.KeYEnvironment.load(KeYEnvironment.java:261)
	at de.uka.ilkd.key.proof.runallproofs.proofcollection.TestFile.load(TestFile.java:270)
	at de.uka.ilkd.key.proof.runallproofs.proofcollection.TestFile.runKey(TestFile.java:160)
	at de.uka.ilkd.key.proof.runallproofs.proofcollection.ForkedTestFileRunner.main(ForkedTestFileRunner.java:171)
Caused by: de.uka.ilkd.key.proof.init.ProofInputException: Could not find rule file rules/intRulesCheckedSemantics.key
	at de.uka.ilkd.key.proof.io.KeYFile.readIncludes(KeYFile.java:210)
	at de.uka.ilkd.key.proof.init.ProblemInitializer.readIncludes(ProblemInitializer.java:177)
	at de.uka.ilkd.key.proof.init.ProblemInitializer.readEnvInput(ProblemInitializer.java:325)
	at de.uka.ilkd.key.proof.init.ProblemInitializer.prepare(ProblemInitializer.java:449)
	at de.uka.ilkd.key.proof.io.AbstractProblemLoader.createInitConfig(AbstractProblemLoader.java:518)
	at de.uka.ilkd.key.proof.io.AbstractProblemLoader.loadEnvironment(AbstractProblemLoader.java:288)
	at de.uka.ilkd.key.proof.io.AbstractProblemLoader.load(AbstractProblemLoader.java:252)
	at de.uka.ilkd.key.control.AbstractUserInterfaceControl.load(AbstractUserInterfaceControl.java:209)
	... 7 more
Caused by: java.lang.RuntimeException: Could not find rule file rules/intRulesCheckedSemantics.key
	at de.uka.ilkd.key.proof.io.RuleSourceFactory.fromBuiltInRule(RuleSourceFactory.java:32)
	at de.uka.ilkd.key.proof.io.RuleSourceFactory.fromDefaultLocation(RuleSourceFactory.java:21)
	at de.uka.ilkd.key.nparser.builder.IncludeFinder.addInclude(IncludeFinder.java:63)
	at de.uka.ilkd.key.nparser.builder.IncludeFinder.visitOne_include(IncludeFinder.java:43)
	at de.uka.ilkd.key.nparser.builder.IncludeFinder.visitOne_include(IncludeFinder.java:20)
	at de.uka.ilkd.key.nparser.KeYParser$One_includeContext.accept(KeYParser.java:878)
	at de.uka.ilkd.key.nparser.builder.AbstractBuilder.lambda$mapOf$0(AbstractBuilder.java:112)
	at java.base/java.util.stream.ReferencePipeline$3$1.accept(ReferencePipeline.java:195)
	at java.base/java.util.ArrayList$ArrayListSpliterator.forEachRemaining(ArrayList.java:1655)
	at java.base/java.util.stream.AbstractPipeline.copyInto(AbstractPipeline.java:484)
	at java.base/java.util.stream.AbstractPipeline.wrapAndCopyInto(AbstractPipeline.java:474)
	at java.base/java.util.stream.ReduceOps$ReduceOp.evaluateSequential(ReduceOps.java:913)
	at java.base/java.util.stream.AbstractPipeline.evaluate(AbstractPipeline.java:234)
	at java.base/java.util.stream.ReferencePipeline.collect(ReferencePipeline.java:578)
	at de.uka.ilkd.key.nparser.builder.AbstractBuilder.mapOf(AbstractBuilder.java:112)
	at de.uka.ilkd.key.nparser.builder.IncludeFinder.visitOne_include_statement(IncludeFinder.java:35)
	at de.uka.ilkd.key.nparser.builder.IncludeFinder.visitOne_include_statement(IncludeFinder.java:20)
	at de.uka.ilkd.key.nparser.KeYParser$One_include_statementContext.accept(KeYParser.java:802)
	at org.antlr.v4.runtime.tree.AbstractParseTreeVisitor.visitChildren(AbstractParseTreeVisitor.java:46)
	at de.uka.ilkd.key.nparser.KeYParserBaseVisitor.visitDecls(KeYParserBaseVisitor.java:30)
	at de.uka.ilkd.key.nparser.KeYParser$DeclsContext.accept(KeYParser.java:500)
	at org.antlr.v4.runtime.tree.AbstractParseTreeVisitor.visitChildren(AbstractParseTreeVisitor.java:46)
	at de.uka.ilkd.key.nparser.KeYParserBaseVisitor.visitFile(KeYParserBaseVisitor.java:23)
	at de.uka.ilkd.key.nparser.KeYParser$FileContext.accept(KeYParser.java:306)
	at de.uka.ilkd.key.nparser.KeyAst.accept(KeyAst.java:41)
	at de.uka.ilkd.key.nparser.KeyAst$File.getIncludes(KeyAst.java:76)
	at de.uka.ilkd.key.proof.io.KeYFile.readIncludes(KeYFile.java:208)
	... 14 more
Could not find rule file rules/intRulesCheckedSemantics.key (file: /home/runner/work/key/key/key.core/../key.ui/examples/index/.././heap/permissions/threads/Fib_preStart_accessible.key; caused by: de.uka.ilkd.key.proof.init.ProofInputException: Could not find rule file rules/intRulesCheckedSemantics.key)
	at de.uka.ilkd.key.control.AbstractUserInterfaceControl.load(AbstractUserInterfaceControl.java:221)
	at de.uka.ilkd.key.control.KeYEnvironment.load(KeYEnvironment.java:251)
	at de.uka.ilkd.key.control.KeYEnvironment.load(KeYEnvironment.java:224)
	at de.uka.ilkd.key.control.KeYEnvironment.load(KeYEnvironment.java:184)
	at de.uka.ilkd.key.control.KeYEnvironment.load(KeYEnvironment.java:261)
	at de.uka.ilkd.key.proof.runallproofs.proofcollection.TestFile.load(TestFile.java:270)
	at de.uka.ilkd.key.proof.runallproofs.proofcollection.TestFile.runKey(TestFile.java:160)
	at de.uka.ilkd.key.proof.runallproofs.proofcollection.ForkedTestFileRunner.main(ForkedTestFileRunner.java:171)
Caused by: de.uka.ilkd.key.proof.init.ProofInputException: Could not find rule file rules/intRulesCheckedSemantics.key
	at de.uka.ilkd.key.proof.io.KeYFile.readIncludes(KeYFile.java:210)
	at de.uka.ilkd.key.proof.init.ProblemInitializer.readIncludes(ProblemInitializer.java:177)
	at de.uka.ilkd.key.proof.init.ProblemInitializer.readEnvInput(ProblemInitializer.java:325)
	at de.uka.ilkd.key.proof.init.ProblemInitializer.prepare(ProblemInitializer.java:449)
	at de.uka.ilkd.key.proof.io.AbstractProblemLoader.createInitConfig(AbstractProblemLoader.java:518)
	at de.uka.ilkd.key.proof.io.AbstractProblemLoader.loadEnvironment(AbstractProblemLoader.java:288)
	at de.uka.ilkd.key.proof.io.AbstractProblemLoader.load(AbstractProblemLoader.java:252)
	at de.uka.ilkd.key.control.AbstractUserInterfaceControl.load(AbstractUserInterfaceControl.java:209)
	... 7 more
Caused by: java.lang.RuntimeException: Could not find rule file rules/intRulesCheckedSemantics.key
	at de.uka.ilkd.key.proof.io.RuleSourceFactory.fromBuiltInRule(RuleSourceFactory.java:32)
	at de.uka.ilkd.key.proof.io.RuleSourceFactory.fromDefaultLocation(RuleSourceFactory.java:21)
	at de.uka.ilkd.key.nparser.builder.IncludeFinder.addInclude(IncludeFinder.java:63)
	at de.uka.ilkd.key.nparser.builder.IncludeFinder.visitOne_include(IncludeFinder.java:43)
	at de.uka.ilkd.key.nparser.builder.IncludeFinder.visitOne_include(IncludeFinder.java:20)
	at de.uka.ilkd.key.nparser.KeYParser$One_includeContext.accept(KeYParser.java:878)
	at de.uka.ilkd.key.nparser.builder.AbstractBuilder.lambda$mapOf$0(AbstractBuilder.java:112)
	at java.base/java.util.stream.ReferencePipeline$3$1.accept(ReferencePipeline.java:195)
	at java.base/java.util.ArrayList$ArrayListSpliterator.forEachRemaining(ArrayList.java:1655)
	at java.base/java.util.stream.AbstractPipeline.copyInto(AbstractPipeline.java:484)
	at java.base/java.util.stream.AbstractPipeline.wrapAndCopyInto(AbstractPipeline.java:474)
	at java.base/java.util.stream.ReduceOps$ReduceOp.evaluateSequential(ReduceOps.java:913)
	at java.base/java.util.stream.AbstractPipeline.evaluate(AbstractPipeline.java:234)
	at java.base/java.util.stream.ReferencePipeline.collect(ReferencePipeline.java:578)
	at de.uka.ilkd.key.nparser.builder.AbstractBuilder.mapOf(AbstractBuilder.java:112)
	at de.uka.ilkd.key.nparser.builder.IncludeFinder.visitOne_include_statement(IncludeFinder.java:35)
	at de.uka.ilkd.key.nparser.builder.IncludeFinder.visitOne_include_statement(IncludeFinder.java:20)
	at de.uka.ilkd.key.nparser.KeYParser$One_include_statementContext.accept(KeYParser.java:802)
	at org.antlr.v4.runtime.tree.AbstractParseTreeVisitor.visitChildren(AbstractParseTreeVisitor.java:46)
	at de.uka.ilkd.key.nparser.KeYParserBaseVisitor.visitDecls(KeYParserBaseVisitor.java:30)
	at de.uka.ilkd.key.nparser.KeYParser$DeclsContext.accept(KeYParser.java:500)
	at org.antlr.v4.runtime.tree.AbstractParseTreeVisitor.visitChildren(AbstractParseTreeVisitor.java:46)
	at de.uka.ilkd.key.nparser.KeYParserBaseVisitor.visitFile(KeYParserBaseVisitor.java:23)
	at de.uka.ilkd.key.nparser.KeYParser$FileContext.accept(KeYParser.java:306)
	at de.uka.ilkd.key.nparser.KeyAst.accept(KeyAst.java:41)
	at de.uka.ilkd.key.nparser.KeyAst$File.getIncludes(KeyAst.java:76)
	at de.uka.ilkd.key.proof.io.KeYFile.readIncludes(KeYFile.java:208)
	... 14 more
Could not find rule file rules/intRulesCheckedSemantics.key (file: /home/runner/work/key/key/key.core/../key.ui/examples/index/.././heap/permissions/threads/Fib_startTransfer_accessible.key; caused by: de.uka.ilkd.key.proof.init.ProofInputException: Could not find rule file rules/intRulesCheckedSemantics.key)
	at de.uka.ilkd.key.control.AbstractUserInterfaceControl.load(AbstractUserInterfaceControl.java:221)
	at de.uka.ilkd.key.control.KeYEnvironment.load(KeYEnvironment.java:251)
	at de.uka.ilkd.key.control.KeYEnvironment.load(KeYEnvironment.java:224)
	at de.uka.ilkd.key.control.KeYEnvironment.load(KeYEnvironment.java:184)
	at de.uka.ilkd.key.control.KeYEnvironment.load(KeYEnvironment.java:261)
	at de.uka.ilkd.key.proof.runallproofs.proofcollection.TestFile.load(TestFile.java:270)
	at de.uka.ilkd.key.proof.runallproofs.proofcollection.TestFile.runKey(TestFile.java:160)
	at de.uka.ilkd.key.proof.runallproofs.proofcollection.ForkedTestFileRunner.main(ForkedTestFileRunner.java:171)
Caused by: de.uka.ilkd.key.proof.init.ProofInputException: Could not find rule file rules/intRulesCheckedSemantics.key
	at de.uka.ilkd.key.proof.io.KeYFile.readIncludes(KeYFile.java:210)
	at de.uka.ilkd.key.proof.init.ProblemInitializer.readIncludes(ProblemInitializer.java:177)
	at de.uka.ilkd.key.proof.init.ProblemInitializer.readEnvInput(ProblemInitializer.java:325)
	at de.uka.ilkd.key.proof.init.ProblemInitializer.prepare(ProblemInitializer.java:449)
	at de.uka.ilkd.key.proof.io.AbstractProblemLoader.createInitConfig(AbstractProblemLoader.java:518)
	at de.uka.ilkd.key.proof.io.AbstractProblemLoader.loadEnvironment(AbstractProblemLoader.java:288)
	at de.uka.ilkd.key.proof.io.AbstractProblemLoader.load(AbstractProblemLoader.java:252)
	at de.uka.ilkd.key.control.AbstractUserInterfaceControl.load(AbstractUserInterfaceControl.java:209)
	... 7 more
Caused by: java.lang.RuntimeException: Could not find rule file rules/intRulesCheckedSemantics.key
	at de.uka.ilkd.key.proof.io.RuleSourceFactory.fromBuiltInRule(RuleSourceFactory.java:32)
	at de.uka.ilkd.key.proof.io.RuleSourceFactory.fromDefaultLocation(RuleSourceFactory.java:21)
	at de.uka.ilkd.key.nparser.builder.IncludeFinder.addInclude(IncludeFinder.java:63)
	at de.uka.ilkd.key.nparser.builder.IncludeFinder.visitOne_include(IncludeFinder.java:43)
	at de.uka.ilkd.key.nparser.builder.IncludeFinder.visitOne_include(IncludeFinder.java:20)
	at de.uka.ilkd.key.nparser.KeYParser$One_includeContext.accept(KeYParser.java:878)
	at de.uka.ilkd.key.nparser.builder.AbstractBuilder.lambda$mapOf$0(AbstractBuilder.java:112)
	at java.base/java.util.stream.ReferencePipeline$3$1.accept(ReferencePipeline.java:195)
	at java.base/java.util.ArrayList$ArrayListSpliterator.forEachRemaining(ArrayList.java:1655)
	at java.base/java.util.stream.AbstractPipeline.copyInto(AbstractPipeline.java:484)
	at java.base/java.util.stream.AbstractPipeline.wrapAndCopyInto(AbstractPipeline.java:474)
	at java.base/java.util.stream.ReduceOps$ReduceOp.evaluateSequential(ReduceOps.java:913)
	at java.base/java.util.stream.AbstractPipeline.evaluate(AbstractPipeline.java:234)
	at java.base/java.util.stream.ReferencePipeline.collect(ReferencePipeline.java:578)
	at de.uka.ilkd.key.nparser.builder.AbstractBuilder.mapOf(AbstractBuilder.java:112)
	at de.uka.ilkd.key.nparser.builder.IncludeFinder.visitOne_include_statement(IncludeFinder.java:35)
	at de.uka.ilkd.key.nparser.builder.IncludeFinder.visitOne_include_statement(IncludeFinder.java:20)
	at de.uka.ilkd.key.nparser.KeYParser$One_include_statementContext.accept(KeYParser.java:802)
	at org.antlr.v4.runtime.tree.AbstractParseTreeVisitor.visitChildren(AbstractParseTreeVisitor.java:46)
	at de.uka.ilkd.key.nparser.KeYParserBaseVisitor.visitDecls(KeYParserBaseVisitor.java:30)
	at de.uka.ilkd.key.nparser.KeYParser$DeclsContext.accept(KeYParser.java:500)
	at org.antlr.v4.runtime.tree.AbstractParseTreeVisitor.visitChildren(AbstractParseTreeVisitor.java:46)
	at de.uka.ilkd.key.nparser.KeYParserBaseVisitor.visitFile(KeYParserBaseVisitor.java:23)
	at de.uka.ilkd.key.nparser.KeYParser$FileContext.accept(KeYParser.java:306)
	at de.uka.ilkd.key.nparser.KeyAst.accept(KeyAst.java:41)
	at de.uka.ilkd.key.nparser.KeyAst$File.getIncludes(KeyAst.java:76)
	at de.uka.ilkd.key.proof.io.KeYFile.readIncludes(KeYFile.java:208)
	... 14 more
Could not find rule file rules/intRulesCheckedSemantics.key (file: /home/runner/work/key/key/key.core/../key.ui/examples/index/.././heap/permissions/threads/Fib_startTransfer_contract.key; caused by: de.uka.ilkd.key.proof.init.ProofInputException: Could not find rule file rules/intRulesCheckedSemantics.key)
	at de.uka.ilkd.key.control.AbstractUserInterfaceControl.load(AbstractUserInterfaceControl.java:221)
	at de.uka.ilkd.key.control.KeYEnvironment.load(KeYEnvironment.java:251)
	at de.uka.ilkd.key.control.KeYEnvironment.load(KeYEnvironment.java:224)
	at de.uka.ilkd.key.control.KeYEnvironment.load(KeYEnvironment.java:184)
	at de.uka.ilkd.key.control.KeYEnvironment.load(KeYEnvironment.java:261)
	at de.uka.ilkd.key.proof.runallproofs.proofcollection.TestFile.load(TestFile.java:270)
	at de.uka.ilkd.key.proof.runallproofs.proofcollection.TestFile.runKey(TestFile.java:160)
	at de.uka.ilkd.key.proof.runallproofs.proofcollection.ForkedTestFileRunner.main(ForkedTestFileRunner.java:171)
Caused by: de.uka.ilkd.key.proof.init.ProofInputException: Could not find rule file rules/intRulesCheckedSemantics.key
	at de.uka.ilkd.key.proof.io.KeYFile.readIncludes(KeYFile.java:210)
	at de.uka.ilkd.key.proof.init.ProblemInitializer.readIncludes(ProblemInitializer.java:177)
	at de.uka.ilkd.key.proof.init.ProblemInitializer.readEnvInput(ProblemInitializer.java:325)
	at de.uka.ilkd.key.proof.init.ProblemInitializer.prepare(ProblemInitializer.java:449)
	at de.uka.ilkd.key.proof.io.AbstractProblemLoader.createInitConfig(AbstractProblemLoader.java:518)
	at de.uka.ilkd.key.proof.io.AbstractProblemLoader.loadEnvironment(AbstractProblemLoader.java:288)
	at de.uka.ilkd.key.proof.io.AbstractProblemLoader.load(AbstractProblemLoader.java:252)
	at de.uka.ilkd.key.control.AbstractUserInterfaceControl.load(AbstractUserInterfaceControl.java:209)
	... 7 more
Caused by: java.lang.RuntimeException: Could not find rule file rules/intRulesCheckedSemantics.key
	at de.uka.ilkd.key.proof.io.RuleSourceFactory.fromBuiltInRule(RuleSourceFactory.java:32)
	at de.uka.ilkd.key.proof.io.RuleSourceFactory.fromDefaultLocation(RuleSourceFactory.java:21)
	at de.uka.ilkd.key.nparser.builder.IncludeFinder.addInclude(IncludeFinder.java:63)
	at de.uka.ilkd.key.nparser.builder.IncludeFinder.visitOne_include(IncludeFinder.java:43)
	at de.uka.ilkd.key.nparser.builder.IncludeFinder.visitOne_include(IncludeFinder.java:20)
	at de.uka.ilkd.key.nparser.KeYParser$One_includeContext.accept(KeYParser.java:878)
	at de.uka.ilkd.key.nparser.builder.AbstractBuilder.lambda$mapOf$0(AbstractBuilder.java:112)
	at java.base/java.util.stream.ReferencePipeline$3$1.accept(ReferencePipeline.java:195)
	at java.base/java.util.ArrayList$ArrayListSpliterator.forEachRemaining(ArrayList.java:1655)
	at java.base/java.util.stream.AbstractPipeline.copyInto(AbstractPipeline.java:484)
	at java.base/java.util.stream.AbstractPipeline.wrapAndCopyInto(AbstractPipeline.java:474)
	at java.base/java.util.stream.ReduceOps$ReduceOp.evaluateSequential(ReduceOps.java:913)
	at java.base/java.util.stream.AbstractPipeline.evaluate(AbstractPipeline.java:234)
	at java.base/java.util.stream.ReferencePipeline.collect(ReferencePipeline.java:578)
	at de.uka.ilkd.key.nparser.builder.AbstractBuilder.mapOf(AbstractBuilder.java:112)
	at de.uka.ilkd.key.nparser.builder.IncludeFinder.visitOne_include_statement(IncludeFinder.java:35)
	at de.uka.ilkd.key.nparser.builder.IncludeFinder.visitOne_include_statement(IncludeFinder.java:20)
	at de.uka.ilkd.key.nparser.KeYParser$One_include_statementContext.accept(KeYParser.java:802)
	at org.antlr.v4.runtime.tree.AbstractParseTreeVisitor.visitChildren(AbstractParseTreeVisitor.java:46)
	at de.uka.ilkd.key.nparser.KeYParserBaseVisitor.visitDecls(KeYParserBaseVisitor.java:30)
	at de.uka.ilkd.key.nparser.KeYParser$DeclsContext.accept(KeYParser.java:500)
	at org.antlr.v4.runtime.tree.AbstractParseTreeVisitor.visitChildren(AbstractParseTreeVisitor.java:46)
	at de.uka.ilkd.key.nparser.KeYParserBaseVisitor.visitFile(KeYParserBaseVisitor.java:23)
	at de.uka.ilkd.key.nparser.KeYParser$FileContext.accept(KeYParser.java:306)
	at de.uka.ilkd.key.nparser.KeyAst.accept(KeyAst.java:41)
	at de.uka.ilkd.key.nparser.KeyAst$File.getIncludes(KeyAst.java:76)
	at de.uka.ilkd.key.proof.io.KeYFile.readIncludes(KeYFile.java:208)
	... 14 more
Could not find rule file rules/intRulesCheckedSemantics.key (file: /home/runner/work/key/key/key.core/../key.ui/examples/index/.././heap/permissions/threads/Fib_workingPermissions_accessible.key; caused by: de.uka.ilkd.key.proof.init.ProofInputException: Could not find rule file rules/intRulesCheckedSemantics.key)
	at de.uka.ilkd.key.control.AbstractUserInterfaceControl.load(AbstractUserInterfaceControl.java:221)
	at de.uka.ilkd.key.control.KeYEnvironment.load(KeYEnvironment.java:251)
	at de.uka.ilkd.key.control.KeYEnvironment.load(KeYEnvironment.java:224)
	at de.uka.ilkd.key.control.KeYEnvironment.load(KeYEnvironment.java:184)
	at de.uka.ilkd.key.control.KeYEnvironment.load(KeYEnvironment.java:261)
	at de.uka.ilkd.key.proof.runallproofs.proofcollection.TestFile.load(TestFile.java:270)
	at de.uka.ilkd.key.proof.runallproofs.proofcollection.TestFile.runKey(TestFile.java:160)
	at de.uka.ilkd.key.proof.runallproofs.proofcollection.ForkedTestFileRunner.main(ForkedTestFileRunner.java:171)
Caused by: de.uka.ilkd.key.proof.init.ProofInputException: Could not find rule file rules/intRulesCheckedSemantics.key
	at de.uka.ilkd.key.proof.io.KeYFile.readIncludes(KeYFile.java:210)
	at de.uka.ilkd.key.proof.init.ProblemInitializer.readIncludes(ProblemInitializer.java:177)
	at de.uka.ilkd.key.proof.init.ProblemInitializer.readEnvInput(ProblemInitializer.java:325)
	at de.uka.ilkd.key.proof.init.ProblemInitializer.prepare(ProblemInitializer.java:449)
	at de.uka.ilkd.key.proof.io.AbstractProblemLoader.createInitConfig(AbstractProblemLoader.java:518)
	at de.uka.ilkd.key.proof.io.AbstractProblemLoader.loadEnvironment(AbstractProblemLoader.java:288)
	at de.uka.ilkd.key.proof.io.AbstractProblemLoader.load(AbstractProblemLoader.java:252)
	at de.uka.ilkd.key.control.AbstractUserInterfaceControl.load(AbstractUserInterfaceControl.java:209)
	... 7 more
Caused by: java.lang.RuntimeException: Could not find rule file rules/intRulesCheckedSemantics.key
	at de.uka.ilkd.key.proof.io.RuleSourceFactory.fromBuiltInRule(RuleSourceFactory.java:32)
	at de.uka.ilkd.key.proof.io.RuleSourceFactory.fromDefaultLocation(RuleSourceFactory.java:21)
	at de.uka.ilkd.key.nparser.builder.IncludeFinder.addInclude(IncludeFinder.java:63)
	at de.uka.ilkd.key.nparser.builder.IncludeFinder.visitOne_include(IncludeFinder.java:43)
	at de.uka.ilkd.key.nparser.builder.IncludeFinder.visitOne_include(IncludeFinder.java:20)
	at de.uka.ilkd.key.nparser.KeYParser$One_includeContext.accept(KeYParser.java:878)
	at de.uka.ilkd.key.nparser.builder.AbstractBuilder.lambda$mapOf$0(AbstractBuilder.java:112)
	at java.base/java.util.stream.ReferencePipeline$3$1.accept(ReferencePipeline.java:195)
	at java.base/java.util.ArrayList$ArrayListSpliterator.forEachRemaining(ArrayList.java:1655)
	at java.base/java.util.stream.AbstractPipeline.copyInto(AbstractPipeline.java:484)
	at java.base/java.util.stream.AbstractPipeline.wrapAndCopyInto(AbstractPipeline.java:474)
	at java.base/java.util.stream.ReduceOps$ReduceOp.evaluateSequential(ReduceOps.java:913)
	at java.base/java.util.stream.AbstractPipeline.evaluate(AbstractPipeline.java:234)
	at java.base/java.util.stream.ReferencePipeline.collect(ReferencePipeline.java:578)
	at de.uka.ilkd.key.nparser.builder.AbstractBuilder.mapOf(AbstractBuilder.java:112)
	at de.uka.ilkd.key.nparser.builder.IncludeFinder.visitOne_include_statement(IncludeFinder.java:35)
	at de.uka.ilkd.key.nparser.builder.IncludeFinder.visitOne_include_statement(IncludeFinder.java:20)
	at de.uka.ilkd.key.nparser.KeYParser$One_include_statementContext.accept(KeYParser.java:802)
	at org.antlr.v4.runtime.tree.AbstractParseTreeVisitor.visitChildren(AbstractParseTreeVisitor.java:46)
	at de.uka.ilkd.key.nparser.KeYParserBaseVisitor.visitDecls(KeYParserBaseVisitor.java:30)
	at de.uka.ilkd.key.nparser.KeYParser$DeclsContext.accept(KeYParser.java:500)
	at org.antlr.v4.runtime.tree.AbstractParseTreeVisitor.visitChildren(AbstractParseTreeVisitor.java:46)
	at de.uka.ilkd.key.nparser.KeYParserBaseVisitor.visitFile(KeYParserBaseVisitor.java:23)
	at de.uka.ilkd.key.nparser.KeYParser$FileContext.accept(KeYParser.java:306)
	at de.uka.ilkd.key.nparser.KeyAst.accept(KeyAst.java:41)
	at de.uka.ilkd.key.nparser.KeyAst$File.getIncludes(KeyAst.java:76)
	at de.uka.ilkd.key.proof.io.KeYFile.readIncludes(KeYFile.java:208)
	... 14 more
Could not find rule file rules/intRulesCheckedSemantics.key (file: /home/runner/work/key/key/key.core/../key.ui/examples/index/.././heap/permissions/threads/Plotter_initPost_accessible.key; caused by: de.uka.ilkd.key.proof.init.ProofInputException: Could not find rule file rules/intRulesCheckedSemantics.key)
	at de.uka.ilkd.key.control.AbstractUserInterfaceControl.load(AbstractUserInterfaceControl.java:221)
	at de.uka.ilkd.key.control.KeYEnvironment.load(KeYEnvironment.java:251)
	at de.uka.ilkd.key.control.KeYEnvironment.load(KeYEnvironment.java:224)
	at de.uka.ilkd.key.control.KeYEnvironment.load(KeYEnvironment.java:184)
	at de.uka.ilkd.key.control.KeYEnvironment.load(KeYEnvironment.java:261)
	at de.uka.ilkd.key.proof.runallproofs.proofcollection.TestFile.load(TestFile.java:270)
	at de.uka.ilkd.key.proof.runallproofs.proofcollection.TestFile.runKey(TestFile.java:160)
	at de.uka.ilkd.key.proof.runallproofs.proofcollection.ForkedTestFileRunner.main(ForkedTestFileRunner.java:171)
Caused by: de.uka.ilkd.key.proof.init.ProofInputException: Could not find rule file rules/intRulesCheckedSemantics.key
	at de.uka.ilkd.key.proof.io.KeYFile.readIncludes(KeYFile.java:210)
	at de.uka.ilkd.key.proof.init.ProblemInitializer.readIncludes(ProblemInitializer.java:177)
	at de.uka.ilkd.key.proof.init.ProblemInitializer.readEnvInput(ProblemInitializer.java:325)
	at de.uka.ilkd.key.proof.init.ProblemInitializer.prepare(ProblemInitializer.java:449)
	at de.uka.ilkd.key.proof.io.AbstractProblemLoader.createInitConfig(AbstractProblemLoader.java:518)
	at de.uka.ilkd.key.proof.io.AbstractProblemLoader.loadEnvironment(AbstractProblemLoader.java:288)
	at de.uka.ilkd.key.proof.io.AbstractProblemLoader.load(AbstractProblemLoader.java:252)
	at de.uka.ilkd.key.control.AbstractUserInterfaceControl.load(AbstractUserInterfaceControl.java:209)
	... 7 more
Caused by: java.lang.RuntimeException: Could not find rule file rules/intRulesCheckedSemantics.key
	at de.uka.ilkd.key.proof.io.RuleSourceFactory.fromBuiltInRule(RuleSourceFactory.java:32)
	at de.uka.ilkd.key.proof.io.RuleSourceFactory.fromDefaultLocation(RuleSourceFactory.java:21)
	at de.uka.ilkd.key.nparser.builder.IncludeFinder.addInclude(IncludeFinder.java:63)
	at de.uka.ilkd.key.nparser.builder.IncludeFinder.visitOne_include(IncludeFinder.java:43)
	at de.uka.ilkd.key.nparser.builder.IncludeFinder.visitOne_include(IncludeFinder.java:20)
	at de.uka.ilkd.key.nparser.KeYParser$One_includeContext.accept(KeYParser.java:878)
	at de.uka.ilkd.key.nparser.builder.AbstractBuilder.lambda$mapOf$0(AbstractBuilder.java:112)
	at java.base/java.util.stream.ReferencePipeline$3$1.accept(ReferencePipeline.java:195)
	at java.base/java.util.ArrayList$ArrayListSpliterator.forEachRemaining(ArrayList.java:1655)
	at java.base/java.util.stream.AbstractPipeline.copyInto(AbstractPipeline.java:484)
	at java.base/java.util.stream.AbstractPipeline.wrapAndCopyInto(AbstractPipeline.java:474)
	at java.base/java.util.stream.ReduceOps$ReduceOp.evaluateSequential(ReduceOps.java:913)
	at java.base/java.util.stream.AbstractPipeline.evaluate(AbstractPipeline.java:234)
	at java.base/java.util.stream.ReferencePipeline.collect(ReferencePipeline.java:578)
	at de.uka.ilkd.key.nparser.builder.AbstractBuilder.mapOf(AbstractBuilder.java:112)
	at de.uka.ilkd.key.nparser.builder.IncludeFinder.visitOne_include_statement(IncludeFinder.java:35)
	at de.uka.ilkd.key.nparser.builder.IncludeFinder.visitOne_include_statement(IncludeFinder.java:20)
	at de.uka.ilkd.key.nparser.KeYParser$One_include_statementContext.accept(KeYParser.java:802)
	at org.antlr.v4.runtime.tree.AbstractParseTreeVisitor.visitChildren(AbstractParseTreeVisitor.java:46)
	at de.uka.ilkd.key.nparser.KeYParserBaseVisitor.visitDecls(KeYParserBaseVisitor.java:30)
	at de.uka.ilkd.key.nparser.KeYParser$DeclsContext.accept(KeYParser.java:500)
	at org.antlr.v4.runtime.tree.AbstractParseTreeVisitor.visitChildren(AbstractParseTreeVisitor.java:46)
	at de.uka.ilkd.key.nparser.KeYParserBaseVisitor.visitFile(KeYParserBaseVisitor.java:23)
	at de.uka.ilkd.key.nparser.KeYParser$FileContext.accept(KeYParser.java:306)
	at de.uka.ilkd.key.nparser.KeyAst.accept(KeyAst.java:41)
	at de.uka.ilkd.key.nparser.KeyAst$File.getIncludes(KeyAst.java:76)
	at de.uka.ilkd.key.proof.io.KeYFile.readIncludes(KeYFile.java:208)
	... 14 more
Could not find rule file rules/intRulesCheckedSemantics.key (file: /home/runner/work/key/key/key.core/../key.ui/examples/index/.././heap/permissions/threads/Plotter_inv_accessible1.key; caused by: de.uka.ilkd.key.proof.init.ProofInputException: Could not find rule file rules/intRulesCheckedSemantics.key)
	at de.uka.ilkd.key.control.AbstractUserInterfaceControl.load(AbstractUserInterfaceControl.java:221)
	at de.uka.ilkd.key.control.KeYEnvironment.load(KeYEnvironment.java:251)
	at de.uka.ilkd.key.control.KeYEnvironment.load(KeYEnvironment.java:224)
	at de.uka.ilkd.key.control.KeYEnvironment.load(KeYEnvironment.java:184)
	at de.uka.ilkd.key.control.KeYEnvironment.load(KeYEnvironment.java:261)
	at de.uka.ilkd.key.proof.runallproofs.proofcollection.TestFile.load(TestFile.java:270)
	at de.uka.ilkd.key.proof.runallproofs.proofcollection.TestFile.runKey(TestFile.java:160)
	at de.uka.ilkd.key.proof.runallproofs.proofcollection.ForkedTestFileRunner.main(ForkedTestFileRunner.java:171)
Caused by: de.uka.ilkd.key.proof.init.ProofInputException: Could not find rule file rules/intRulesCheckedSemantics.key
	at de.uka.ilkd.key.proof.io.KeYFile.readIncludes(KeYFile.java:210)
	at de.uka.ilkd.key.proof.init.ProblemInitializer.readIncludes(ProblemInitializer.java:177)
	at de.uka.ilkd.key.proof.init.ProblemInitializer.readEnvInput(ProblemInitializer.java:325)
	at de.uka.ilkd.key.proof.init.ProblemInitializer.prepare(ProblemInitializer.java:449)
	at de.uka.ilkd.key.proof.io.AbstractProblemLoader.createInitConfig(AbstractProblemLoader.java:518)
	at de.uka.ilkd.key.proof.io.AbstractProblemLoader.loadEnvironment(AbstractProblemLoader.java:288)
	at de.uka.ilkd.key.proof.io.AbstractProblemLoader.load(AbstractProblemLoader.java:252)
	at de.uka.ilkd.key.control.AbstractUserInterfaceControl.load(AbstractUserInterfaceControl.java:209)
	... 7 more
Caused by: java.lang.RuntimeException: Could not find rule file rules/intRulesCheckedSemantics.key
	at de.uka.ilkd.key.proof.io.RuleSourceFactory.fromBuiltInRule(RuleSourceFactory.java:32)
	at de.uka.ilkd.key.proof.io.RuleSourceFactory.fromDefaultLocation(RuleSourceFactory.java:21)
	at de.uka.ilkd.key.nparser.builder.IncludeFinder.addInclude(IncludeFinder.java:63)
	at de.uka.ilkd.key.nparser.builder.IncludeFinder.visitOne_include(IncludeFinder.java:43)
	at de.uka.ilkd.key.nparser.builder.IncludeFinder.visitOne_include(IncludeFinder.java:20)
	at de.uka.ilkd.key.nparser.KeYParser$One_includeContext.accept(KeYParser.java:878)
	at de.uka.ilkd.key.nparser.builder.AbstractBuilder.lambda$mapOf$0(AbstractBuilder.java:112)
	at java.base/java.util.stream.ReferencePipeline$3$1.accept(ReferencePipeline.java:195)
	at java.base/java.util.ArrayList$ArrayListSpliterator.forEachRemaining(ArrayList.java:1655)
	at java.base/java.util.stream.AbstractPipeline.copyInto(AbstractPipeline.java:484)
	at java.base/java.util.stream.AbstractPipeline.wrapAndCopyInto(AbstractPipeline.java:474)
	at java.base/java.util.stream.ReduceOps$ReduceOp.evaluateSequential(ReduceOps.java:913)
	at java.base/java.util.stream.AbstractPipeline.evaluate(AbstractPipeline.java:234)
	at java.base/java.util.stream.ReferencePipeline.collect(ReferencePipeline.java:578)
	at de.uka.ilkd.key.nparser.builder.AbstractBuilder.mapOf(AbstractBuilder.java:112)
	at de.uka.ilkd.key.nparser.builder.IncludeFinder.visitOne_include_statement(IncludeFinder.java:35)
	at de.uka.ilkd.key.nparser.builder.IncludeFinder.visitOne_include_statement(IncludeFinder.java:20)
	at de.uka.ilkd.key.nparser.KeYParser$One_include_statementContext.accept(KeYParser.java:802)
	at org.antlr.v4.runtime.tree.AbstractParseTreeVisitor.visitChildren(AbstractParseTreeVisitor.java:46)
	at de.uka.ilkd.key.nparser.KeYParserBaseVisitor.visitDecls(KeYParserBaseVisitor.java:30)
	at de.uka.ilkd.key.nparser.KeYParser$DeclsContext.accept(KeYParser.java:500)
	at org.antlr.v4.runtime.tree.AbstractParseTreeVisitor.visitChildren(AbstractParseTreeVisitor.java:46)
	at de.uka.ilkd.key.nparser.KeYParserBaseVisitor.visitFile(KeYParserBaseVisitor.java:23)
	at de.uka.ilkd.key.nparser.KeYParser$FileContext.accept(KeYParser.java:306)
	at de.uka.ilkd.key.nparser.KeyAst.accept(KeyAst.java:41)
	at de.uka.ilkd.key.nparser.KeyAst$File.getIncludes(KeyAst.java:76)
	at de.uka.ilkd.key.proof.io.KeYFile.readIncludes(KeYFile.java:208)
	... 14 more
Could not find rule file rules/intRulesCheckedSemantics.key (file: /home/runner/work/key/key/key.core/../key.ui/examples/index/.././heap/permissions/threads/Plotter_inv_accessible2.key; caused by: de.uka.ilkd.key.proof.init.ProofInputException: Could not find rule file rules/intRulesCheckedSemantics.key)
	at de.uka.ilkd.key.control.AbstractUserInterfaceControl.load(AbstractUserInterfaceControl.java:221)
	at de.uka.ilkd.key.control.KeYEnvironment.load(KeYEnvironment.java:251)
	at de.uka.ilkd.key.control.KeYEnvironment.load(KeYEnvironment.java:224)
	at de.uka.ilkd.key.control.KeYEnvironment.load(KeYEnvironment.java:184)
	at de.uka.ilkd.key.control.KeYEnvironment.load(KeYEnvironment.java:261)
	at de.uka.ilkd.key.proof.runallproofs.proofcollection.TestFile.load(TestFile.java:270)
	at de.uka.ilkd.key.proof.runallproofs.proofcollection.TestFile.runKey(TestFile.java:160)
	at de.uka.ilkd.key.proof.runallproofs.proofcollection.ForkedTestFileRunner.main(ForkedTestFileRunner.java:171)
Caused by: de.uka.ilkd.key.proof.init.ProofInputException: Could not find rule file rules/intRulesCheckedSemantics.key
	at de.uka.ilkd.key.proof.io.KeYFile.readIncludes(KeYFile.java:210)
	at de.uka.ilkd.key.proof.init.ProblemInitializer.readIncludes(ProblemInitializer.java:177)
	at de.uka.ilkd.key.proof.init.ProblemInitializer.readEnvInput(ProblemInitializer.java:325)
	at de.uka.ilkd.key.proof.init.ProblemInitializer.prepare(ProblemInitializer.java:449)
	at de.uka.ilkd.key.proof.io.AbstractProblemLoader.createInitConfig(AbstractProblemLoader.java:518)
	at de.uka.ilkd.key.proof.io.AbstractProblemLoader.loadEnvironment(AbstractProblemLoader.java:288)
	at de.uka.ilkd.key.proof.io.AbstractProblemLoader.load(AbstractProblemLoader.java:252)
	at de.uka.ilkd.key.control.AbstractUserInterfaceControl.load(AbstractUserInterfaceControl.java:209)
	... 7 more
Caused by: java.lang.RuntimeException: Could not find rule file rules/intRulesCheckedSemantics.key
	at de.uka.ilkd.key.proof.io.RuleSourceFactory.fromBuiltInRule(RuleSourceFactory.java:32)
	at de.uka.ilkd.key.proof.io.RuleSourceFactory.fromDefaultLocation(RuleSourceFactory.java:21)
	at de.uka.ilkd.key.nparser.builder.IncludeFinder.addInclude(IncludeFinder.java:63)
	at de.uka.ilkd.key.nparser.builder.IncludeFinder.visitOne_include(IncludeFinder.java:43)
	at de.uka.ilkd.key.nparser.builder.IncludeFinder.visitOne_include(IncludeFinder.java:20)
	at de.uka.ilkd.key.nparser.KeYParser$One_includeContext.accept(KeYParser.java:878)
	at de.uka.ilkd.key.nparser.builder.AbstractBuilder.lambda$mapOf$0(AbstractBuilder.java:112)
	at java.base/java.util.stream.ReferencePipeline$3$1.accept(ReferencePipeline.java:195)
	at java.base/java.util.ArrayList$ArrayListSpliterator.forEachRemaining(ArrayList.java:1655)
	at java.base/java.util.stream.AbstractPipeline.copyInto(AbstractPipeline.java:484)
	at java.base/java.util.stream.AbstractPipeline.wrapAndCopyInto(AbstractPipeline.java:474)
	at java.base/java.util.stream.ReduceOps$ReduceOp.evaluateSequential(ReduceOps.java:913)
	at java.base/java.util.stream.AbstractPipeline.evaluate(AbstractPipeline.java:234)
	at java.base/java.util.stream.ReferencePipeline.collect(ReferencePipeline.java:578)
	at de.uka.ilkd.key.nparser.builder.AbstractBuilder.mapOf(AbstractBuilder.java:112)
	at de.uka.ilkd.key.nparser.builder.IncludeFinder.visitOne_include_statement(IncludeFinder.java:35)
	at de.uka.ilkd.key.nparser.builder.IncludeFinder.visitOne_include_statement(IncludeFinder.java:20)
	at de.uka.ilkd.key.nparser.KeYParser$One_include_statementContext.accept(KeYParser.java:802)
	at org.antlr.v4.runtime.tree.AbstractParseTreeVisitor.visitChildren(AbstractParseTreeVisitor.java:46)
	at de.uka.ilkd.key.nparser.KeYParserBaseVisitor.visitDecls(KeYParserBaseVisitor.java:30)
	at de.uka.ilkd.key.nparser.KeYParser$DeclsContext.accept(KeYParser.java:500)
	at org.antlr.v4.runtime.tree.AbstractParseTreeVisitor.visitChildren(AbstractParseTreeVisitor.java:46)
	at de.uka.ilkd.key.nparser.KeYParserBaseVisitor.visitFile(KeYParserBaseVisitor.java:23)
	at de.uka.ilkd.key.nparser.KeYParser$FileContext.accept(KeYParser.java:306)
	at de.uka.ilkd.key.nparser.KeyAst.accept(KeyAst.java:41)
	at de.uka.ilkd.key.nparser.KeyAst$File.getIncludes(KeyAst.java:76)
	at de.uka.ilkd.key.proof.io.KeYFile.readIncludes(KeYFile.java:208)
	... 14 more
Could not find rule file rules/intRulesCheckedSemantics.key (file: /home/runner/work/key/key/key.core/../key.ui/examples/index/.././heap/permissions/threads/Plotter_joinTransfer_contract.key; caused by: de.uka.ilkd.key.proof.init.ProofInputException: Could not find rule file rules/intRulesCheckedSemantics.key)
	at de.uka.ilkd.key.control.AbstractUserInterfaceControl.load(AbstractUserInterfaceControl.java:221)
	at de.uka.ilkd.key.control.KeYEnvironment.load(KeYEnvironment.java:251)
	at de.uka.ilkd.key.control.KeYEnvironment.load(KeYEnvironment.java:224)
	at de.uka.ilkd.key.control.KeYEnvironment.load(KeYEnvironment.java:184)
	at de.uka.ilkd.key.control.KeYEnvironment.load(KeYEnvironment.java:261)
	at de.uka.ilkd.key.proof.runallproofs.proofcollection.TestFile.load(TestFile.java:270)
	at de.uka.ilkd.key.proof.runallproofs.proofcollection.TestFile.runKey(TestFile.java:160)
	at de.uka.ilkd.key.proof.runallproofs.proofcollection.ForkedTestFileRunner.main(ForkedTestFileRunner.java:171)
Caused by: de.uka.ilkd.key.proof.init.ProofInputException: Could not find rule file rules/intRulesCheckedSemantics.key
	at de.uka.ilkd.key.proof.io.KeYFile.readIncludes(KeYFile.java:210)
	at de.uka.ilkd.key.proof.init.ProblemInitializer.readIncludes(ProblemInitializer.java:177)
	at de.uka.ilkd.key.proof.init.ProblemInitializer.readEnvInput(ProblemInitializer.java:325)
	at de.uka.ilkd.key.proof.init.ProblemInitializer.prepare(ProblemInitializer.java:449)
	at de.uka.ilkd.key.proof.io.AbstractProblemLoader.createInitConfig(AbstractProblemLoader.java:518)
	at de.uka.ilkd.key.proof.io.AbstractProblemLoader.loadEnvironment(AbstractProblemLoader.java:288)
	at de.uka.ilkd.key.proof.io.AbstractProblemLoader.load(AbstractProblemLoader.java:252)
	at de.uka.ilkd.key.control.AbstractUserInterfaceControl.load(AbstractUserInterfaceControl.java:209)
	... 7 more
Caused by: java.lang.RuntimeException: Could not find rule file rules/intRulesCheckedSemantics.key
	at de.uka.ilkd.key.proof.io.RuleSourceFactory.fromBuiltInRule(RuleSourceFactory.java:32)
	at de.uka.ilkd.key.proof.io.RuleSourceFactory.fromDefaultLocation(RuleSourceFactory.java:21)
	at de.uka.ilkd.key.nparser.builder.IncludeFinder.addInclude(IncludeFinder.java:63)
	at de.uka.ilkd.key.nparser.builder.IncludeFinder.visitOne_include(IncludeFinder.java:43)
	at de.uka.ilkd.key.nparser.builder.IncludeFinder.visitOne_include(IncludeFinder.java:20)
	at de.uka.ilkd.key.nparser.KeYParser$One_includeContext.accept(KeYParser.java:878)
	at de.uka.ilkd.key.nparser.builder.AbstractBuilder.lambda$mapOf$0(AbstractBuilder.java:112)
	at java.base/java.util.stream.ReferencePipeline$3$1.accept(ReferencePipeline.java:195)
	at java.base/java.util.ArrayList$ArrayListSpliterator.forEachRemaining(ArrayList.java:1655)
	at java.base/java.util.stream.AbstractPipeline.copyInto(AbstractPipeline.java:484)
	at java.base/java.util.stream.AbstractPipeline.wrapAndCopyInto(AbstractPipeline.java:474)
	at java.base/java.util.stream.ReduceOps$ReduceOp.evaluateSequential(ReduceOps.java:913)
	at java.base/java.util.stream.AbstractPipeline.evaluate(AbstractPipeline.java:234)
	at java.base/java.util.stream.ReferencePipeline.collect(ReferencePipeline.java:578)
	at de.uka.ilkd.key.nparser.builder.AbstractBuilder.mapOf(AbstractBuilder.java:112)
	at de.uka.ilkd.key.nparser.builder.IncludeFinder.visitOne_include_statement(IncludeFinder.java:35)
	at de.uka.ilkd.key.nparser.builder.IncludeFinder.visitOne_include_statement(IncludeFinder.java:20)
	at de.uka.ilkd.key.nparser.KeYParser$One_include_statementContext.accept(KeYParser.java:802)
	at org.antlr.v4.runtime.tree.AbstractParseTreeVisitor.visitChildren(AbstractParseTreeVisitor.java:46)
	at de.uka.ilkd.key.nparser.KeYParserBaseVisitor.visitDecls(KeYParserBaseVisitor.java:30)
	at de.uka.ilkd.key.nparser.KeYParser$DeclsContext.accept(KeYParser.java:500)
	at org.antlr.v4.runtime.tree.AbstractParseTreeVisitor.visitChildren(AbstractParseTreeVisitor.java:46)
	at de.uka.ilkd.key.nparser.KeYParserBaseVisitor.visitFile(KeYParserBaseVisitor.java:23)
	at de.uka.ilkd.key.nparser.KeYParser$FileContext.accept(KeYParser.java:306)
	at de.uka.ilkd.key.nparser.KeyAst.accept(KeyAst.java:41)
	at de.uka.ilkd.key.nparser.KeyAst$File.getIncludes(KeyAst.java:76)
	at de.uka.ilkd.key.proof.io.KeYFile.readIncludes(KeYFile.java:208)
	... 14 more
Could not find rule file rules/intRulesCheckedSemantics.key (file: /home/runner/work/key/key/key.core/../key.ui/examples/index/.././heap/permissions/threads/Plotter_Plotter.key; caused by: de.uka.ilkd.key.proof.init.ProofInputException: Could not find rule file rules/intRulesCheckedSemantics.key)
	at de.uka.ilkd.key.control.AbstractUserInterfaceControl.load(AbstractUserInterfaceControl.java:221)
	at de.uka.ilkd.key.control.KeYEnvironment.load(KeYEnvironment.java:251)
	at de.uka.ilkd.key.control.KeYEnvironment.load(KeYEnvironment.java:224)
	at de.uka.ilkd.key.control.KeYEnvironment.load(KeYEnvironment.java:184)
	at de.uka.ilkd.key.control.KeYEnvironment.load(KeYEnvironment.java:261)
	at de.uka.ilkd.key.proof.runallproofs.proofcollection.TestFile.load(TestFile.java:270)
	at de.uka.ilkd.key.proof.runallproofs.proofcollection.TestFile.runKey(TestFile.java:160)
	at de.uka.ilkd.key.proof.runallproofs.proofcollection.ForkedTestFileRunner.main(ForkedTestFileRunner.java:171)
Caused by: de.uka.ilkd.key.proof.init.ProofInputException: Could not find rule file rules/intRulesCheckedSemantics.key
	at de.uka.ilkd.key.proof.io.KeYFile.readIncludes(KeYFile.java:210)
	at de.uka.ilkd.key.proof.init.ProblemInitializer.readIncludes(ProblemInitializer.java:177)
	at de.uka.ilkd.key.proof.init.ProblemInitializer.readEnvInput(ProblemInitializer.java:325)
	at de.uka.ilkd.key.proof.init.ProblemInitializer.prepare(ProblemInitializer.java:449)
	at de.uka.ilkd.key.proof.io.AbstractProblemLoader.createInitConfig(AbstractProblemLoader.java:518)
	at de.uka.ilkd.key.proof.io.AbstractProblemLoader.loadEnvironment(AbstractProblemLoader.java:288)
	at de.uka.ilkd.key.proof.io.AbstractProblemLoader.load(AbstractProblemLoader.java:252)
	at de.uka.ilkd.key.control.AbstractUserInterfaceControl.load(AbstractUserInterfaceControl.java:209)
	... 7 more
Caused by: java.lang.RuntimeException: Could not find rule file rules/intRulesCheckedSemantics.key
	at de.uka.ilkd.key.proof.io.RuleSourceFactory.fromBuiltInRule(RuleSourceFactory.java:32)
	at de.uka.ilkd.key.proof.io.RuleSourceFactory.fromDefaultLocation(RuleSourceFactory.java:21)
	at de.uka.ilkd.key.nparser.builder.IncludeFinder.addInclude(IncludeFinder.java:63)
	at de.uka.ilkd.key.nparser.builder.IncludeFinder.visitOne_include(IncludeFinder.java:43)
	at de.uka.ilkd.key.nparser.builder.IncludeFinder.visitOne_include(IncludeFinder.java:20)
	at de.uka.ilkd.key.nparser.KeYParser$One_includeContext.accept(KeYParser.java:878)
	at de.uka.ilkd.key.nparser.builder.AbstractBuilder.lambda$mapOf$0(AbstractBuilder.java:112)
	at java.base/java.util.stream.ReferencePipeline$3$1.accept(ReferencePipeline.java:195)
	at java.base/java.util.ArrayList$ArrayListSpliterator.forEachRemaining(ArrayList.java:1655)
	at java.base/java.util.stream.AbstractPipeline.copyInto(AbstractPipeline.java:484)
	at java.base/java.util.stream.AbstractPipeline.wrapAndCopyInto(AbstractPipeline.java:474)
	at java.base/java.util.stream.ReduceOps$ReduceOp.evaluateSequential(ReduceOps.java:913)
	at java.base/java.util.stream.AbstractPipeline.evaluate(AbstractPipeline.java:234)
	at java.base/java.util.stream.ReferencePipeline.collect(ReferencePipeline.java:578)
	at de.uka.ilkd.key.nparser.builder.AbstractBuilder.mapOf(AbstractBuilder.java:112)
	at de.uka.ilkd.key.nparser.builder.IncludeFinder.visitOne_include_statement(IncludeFinder.java:35)
	at de.uka.ilkd.key.nparser.builder.IncludeFinder.visitOne_include_statement(IncludeFinder.java:20)
	at de.uka.ilkd.key.nparser.KeYParser$One_include_statementContext.accept(KeYParser.java:802)
	at org.antlr.v4.runtime.tree.AbstractParseTreeVisitor.visitChildren(AbstractParseTreeVisitor.java:46)
	at de.uka.ilkd.key.nparser.KeYParserBaseVisitor.visitDecls(KeYParserBaseVisitor.java:30)
	at de.uka.ilkd.key.nparser.KeYParser$DeclsContext.accept(KeYParser.java:500)
	at org.antlr.v4.runtime.tree.AbstractParseTreeVisitor.visitChildren(AbstractParseTreeVisitor.java:46)
	at de.uka.ilkd.key.nparser.KeYParserBaseVisitor.visitFile(KeYParserBaseVisitor.java:23)
	at de.uka.ilkd.key.nparser.KeYParser$FileContext.accept(KeYParser.java:306)
	at de.uka.ilkd.key.nparser.KeyAst.accept(KeyAst.java:41)
	at de.uka.ilkd.key.nparser.KeyAst$File.getIncludes(KeyAst.java:76)
	at de.uka.ilkd.key.proof.io.KeYFile.readIncludes(KeYFile.java:208)
	... 14 more
Could not find rule file rules/intRulesCheckedSemantics.key (file: /home/runner/work/key/key/key.core/../key.ui/examples/index/.././heap/permissions/threads/Plotter_postJoin_accessible.key; caused by: de.uka.ilkd.key.proof.init.ProofInputException: Could not find rule file rules/intRulesCheckedSemantics.key)
	at de.uka.ilkd.key.control.AbstractUserInterfaceControl.load(AbstractUserInterfaceControl.java:221)
	at de.uka.ilkd.key.control.KeYEnvironment.load(KeYEnvironment.java:251)
	at de.uka.ilkd.key.control.KeYEnvironment.load(KeYEnvironment.java:224)
	at de.uka.ilkd.key.control.KeYEnvironment.load(KeYEnvironment.java:184)
	at de.uka.ilkd.key.control.KeYEnvironment.load(KeYEnvironment.java:261)
	at de.uka.ilkd.key.proof.runallproofs.proofcollection.TestFile.load(TestFile.java:270)
	at de.uka.ilkd.key.proof.runallproofs.proofcollection.TestFile.runKey(TestFile.java:160)
	at de.uka.ilkd.key.proof.runallproofs.proofcollection.ForkedTestFileRunner.main(ForkedTestFileRunner.java:171)
Caused by: de.uka.ilkd.key.proof.init.ProofInputException: Could not find rule file rules/intRulesCheckedSemantics.key
	at de.uka.ilkd.key.proof.io.KeYFile.readIncludes(KeYFile.java:210)
	at de.uka.ilkd.key.proof.init.ProblemInitializer.readIncludes(ProblemInitializer.java:177)
	at de.uka.ilkd.key.proof.init.ProblemInitializer.readEnvInput(ProblemInitializer.java:325)
	at de.uka.ilkd.key.proof.init.ProblemInitializer.prepare(ProblemInitializer.java:449)
	at de.uka.ilkd.key.proof.io.AbstractProblemLoader.createInitConfig(AbstractProblemLoader.java:518)
	at de.uka.ilkd.key.proof.io.AbstractProblemLoader.loadEnvironment(AbstractProblemLoader.java:288)
	at de.uka.ilkd.key.proof.io.AbstractProblemLoader.load(AbstractProblemLoader.java:252)
	at de.uka.ilkd.key.control.AbstractUserInterfaceControl.load(AbstractUserInterfaceControl.java:209)
	... 7 more
Caused by: java.lang.RuntimeException: Could not find rule file rules/intRulesCheckedSemantics.key
	at de.uka.ilkd.key.proof.io.RuleSourceFactory.fromBuiltInRule(RuleSourceFactory.java:32)
	at de.uka.ilkd.key.proof.io.RuleSourceFactory.fromDefaultLocation(RuleSourceFactory.java:21)
	at de.uka.ilkd.key.nparser.builder.IncludeFinder.addInclude(IncludeFinder.java:63)
	at de.uka.ilkd.key.nparser.builder.IncludeFinder.visitOne_include(IncludeFinder.java:43)
	at de.uka.ilkd.key.nparser.builder.IncludeFinder.visitOne_include(IncludeFinder.java:20)
	at de.uka.ilkd.key.nparser.KeYParser$One_includeContext.accept(KeYParser.java:878)
	at de.uka.ilkd.key.nparser.builder.AbstractBuilder.lambda$mapOf$0(AbstractBuilder.java:112)
	at java.base/java.util.stream.ReferencePipeline$3$1.accept(ReferencePipeline.java:195)
	at java.base/java.util.ArrayList$ArrayListSpliterator.forEachRemaining(ArrayList.java:1655)
	at java.base/java.util.stream.AbstractPipeline.copyInto(AbstractPipeline.java:484)
	at java.base/java.util.stream.AbstractPipeline.wrapAndCopyInto(AbstractPipeline.java:474)
	at java.base/java.util.stream.ReduceOps$ReduceOp.evaluateSequential(ReduceOps.java:913)
	at java.base/java.util.stream.AbstractPipeline.evaluate(AbstractPipeline.java:234)
	at java.base/java.util.stream.ReferencePipeline.collect(ReferencePipeline.java:578)
	at de.uka.ilkd.key.nparser.builder.AbstractBuilder.mapOf(AbstractBuilder.java:112)
	at de.uka.ilkd.key.nparser.builder.IncludeFinder.visitOne_include_statement(IncludeFinder.java:35)
	at de.uka.ilkd.key.nparser.builder.IncludeFinder.visitOne_include_statement(IncludeFinder.java:20)
	at de.uka.ilkd.key.nparser.KeYParser$One_include_statementContext.accept(KeYParser.java:802)
	at org.antlr.v4.runtime.tree.AbstractParseTreeVisitor.visitChildren(AbstractParseTreeVisitor.java:46)
	at de.uka.ilkd.key.nparser.KeYParserBaseVisitor.visitDecls(KeYParserBaseVisitor.java:30)
	at de.uka.ilkd.key.nparser.KeYParser$DeclsContext.accept(KeYParser.java:500)
	at org.antlr.v4.runtime.tree.AbstractParseTreeVisitor.visitChildren(AbstractParseTreeVisitor.java:46)
	at de.uka.ilkd.key.nparser.KeYParserBaseVisitor.visitFile(KeYParserBaseVisitor.java:23)
	at de.uka.ilkd.key.nparser.KeYParser$FileContext.accept(KeYParser.java:306)
	at de.uka.ilkd.key.nparser.KeyAst.accept(KeyAst.java:41)
	at de.uka.ilkd.key.nparser.KeyAst$File.getIncludes(KeyAst.java:76)
	at de.uka.ilkd.key.proof.io.KeYFile.readIncludes(KeYFile.java:208)
	... 14 more
Could not find rule file rules/intRulesCheckedSemantics.key (file: /home/runner/work/key/key/key.core/../key.ui/examples/index/.././heap/permissions/threads/Plotter_preStart_accessible.key; caused by: de.uka.ilkd.key.proof.init.ProofInputException: Could not find rule file rules/intRulesCheckedSemantics.key)
	at de.uka.ilkd.key.control.AbstractUserInterfaceControl.load(AbstractUserInterfaceControl.java:221)
	at de.uka.ilkd.key.control.KeYEnvironment.load(KeYEnvironment.java:251)
	at de.uka.ilkd.key.control.KeYEnvironment.load(KeYEnvironment.java:224)
	at de.uka.ilkd.key.control.KeYEnvironment.load(KeYEnvironment.java:184)
	at de.uka.ilkd.key.control.KeYEnvironment.load(KeYEnvironment.java:261)
	at de.uka.ilkd.key.proof.runallproofs.proofcollection.TestFile.load(TestFile.java:270)
	at de.uka.ilkd.key.proof.runallproofs.proofcollection.TestFile.runKey(TestFile.java:160)
	at de.uka.ilkd.key.proof.runallproofs.proofcollection.ForkedTestFileRunner.main(ForkedTestFileRunner.java:171)
Caused by: de.uka.ilkd.key.proof.init.ProofInputException: Could not find rule file rules/intRulesCheckedSemantics.key
	at de.uka.ilkd.key.proof.io.KeYFile.readIncludes(KeYFile.java:210)
	at de.uka.ilkd.key.proof.init.ProblemInitializer.readIncludes(ProblemInitializer.java:177)
	at de.uka.ilkd.key.proof.init.ProblemInitializer.readEnvInput(ProblemInitializer.java:325)
	at de.uka.ilkd.key.proof.init.ProblemInitializer.prepare(ProblemInitializer.java:449)
	at de.uka.ilkd.key.proof.io.AbstractProblemLoader.createInitConfig(AbstractProblemLoader.java:518)
	at de.uka.ilkd.key.proof.io.AbstractProblemLoader.loadEnvironment(AbstractProblemLoader.java:288)
	at de.uka.ilkd.key.proof.io.AbstractProblemLoader.load(AbstractProblemLoader.java:252)
	at de.uka.ilkd.key.control.AbstractUserInterfaceControl.load(AbstractUserInterfaceControl.java:209)
	... 7 more
Caused by: java.lang.RuntimeException: Could not find rule file rules/intRulesCheckedSemantics.key
	at de.uka.ilkd.key.proof.io.RuleSourceFactory.fromBuiltInRule(RuleSourceFactory.java:32)
	at de.uka.ilkd.key.proof.io.RuleSourceFactory.fromDefaultLocation(RuleSourceFactory.java:21)
	at de.uka.ilkd.key.nparser.builder.IncludeFinder.addInclude(IncludeFinder.java:63)
	at de.uka.ilkd.key.nparser.builder.IncludeFinder.visitOne_include(IncludeFinder.java:43)
	at de.uka.ilkd.key.nparser.builder.IncludeFinder.visitOne_include(IncludeFinder.java:20)
	at de.uka.ilkd.key.nparser.KeYParser$One_includeContext.accept(KeYParser.java:878)
	at de.uka.ilkd.key.nparser.builder.AbstractBuilder.lambda$mapOf$0(AbstractBuilder.java:112)
	at java.base/java.util.stream.ReferencePipeline$3$1.accept(ReferencePipeline.java:195)
	at java.base/java.util.ArrayList$ArrayListSpliterator.forEachRemaining(ArrayList.java:1655)
	at java.base/java.util.stream.AbstractPipeline.copyInto(AbstractPipeline.java:484)
	at java.base/java.util.stream.AbstractPipeline.wrapAndCopyInto(AbstractPipeline.java:474)
	at java.base/java.util.stream.ReduceOps$ReduceOp.evaluateSequential(ReduceOps.java:913)
	at java.base/java.util.stream.AbstractPipeline.evaluate(AbstractPipeline.java:234)
	at java.base/java.util.stream.ReferencePipeline.collect(ReferencePipeline.java:578)
	at de.uka.ilkd.key.nparser.builder.AbstractBuilder.mapOf(AbstractBuilder.java:112)
	at de.uka.ilkd.key.nparser.builder.IncludeFinder.visitOne_include_statement(IncludeFinder.java:35)
	at de.uka.ilkd.key.nparser.builder.IncludeFinder.visitOne_include_statement(IncludeFinder.java:20)
	at de.uka.ilkd.key.nparser.KeYParser$One_include_statementContext.accept(KeYParser.java:802)
	at org.antlr.v4.runtime.tree.AbstractParseTreeVisitor.visitChildren(AbstractParseTreeVisitor.java:46)
	at de.uka.ilkd.key.nparser.KeYParserBaseVisitor.visitDecls(KeYParserBaseVisitor.java:30)
	at de.uka.ilkd.key.nparser.KeYParser$DeclsContext.accept(KeYParser.java:500)
	at org.antlr.v4.runtime.tree.AbstractParseTreeVisitor.visitChildren(AbstractParseTreeVisitor.java:46)
	at de.uka.ilkd.key.nparser.KeYParserBaseVisitor.visitFile(KeYParserBaseVisitor.java:23)
	at de.uka.ilkd.key.nparser.KeYParser$FileContext.accept(KeYParser.java:306)
	at de.uka.ilkd.key.nparser.KeyAst.accept(KeyAst.java:41)
	at de.uka.ilkd.key.nparser.KeyAst$File.getIncludes(KeyAst.java:76)
	at de.uka.ilkd.key.proof.io.KeYFile.readIncludes(KeYFile.java:208)
	... 14 more
Could not find rule file rules/intRulesCheckedSemantics.key (file: /home/runner/work/key/key/key.core/../key.ui/examples/index/.././heap/permissions/threads/Plotter_stateInv_accessible.key; caused by: de.uka.ilkd.key.proof.init.ProofInputException: Could not find rule file rules/intRulesCheckedSemantics.key)
	at de.uka.ilkd.key.control.AbstractUserInterfaceControl.load(AbstractUserInterfaceControl.java:221)
	at de.uka.ilkd.key.control.KeYEnvironment.load(KeYEnvironment.java:251)
	at de.uka.ilkd.key.control.KeYEnvironment.load(KeYEnvironment.java:224)
	at de.uka.ilkd.key.control.KeYEnvironment.load(KeYEnvironment.java:184)
	at de.uka.ilkd.key.control.KeYEnvironment.load(KeYEnvironment.java:261)
	at de.uka.ilkd.key.proof.runallproofs.proofcollection.TestFile.load(TestFile.java:270)
	at de.uka.ilkd.key.proof.runallproofs.proofcollection.TestFile.runKey(TestFile.java:160)
	at de.uka.ilkd.key.proof.runallproofs.proofcollection.ForkedTestFileRunner.main(ForkedTestFileRunner.java:171)
Caused by: de.uka.ilkd.key.proof.init.ProofInputException: Could not find rule file rules/intRulesCheckedSemantics.key
	at de.uka.ilkd.key.proof.io.KeYFile.readIncludes(KeYFile.java:210)
	at de.uka.ilkd.key.proof.init.ProblemInitializer.readIncludes(ProblemInitializer.java:177)
	at de.uka.ilkd.key.proof.init.ProblemInitializer.readEnvInput(ProblemInitializer.java:325)
	at de.uka.ilkd.key.proof.init.ProblemInitializer.prepare(ProblemInitializer.java:449)
	at de.uka.ilkd.key.proof.io.AbstractProblemLoader.createInitConfig(AbstractProblemLoader.java:518)
	at de.uka.ilkd.key.proof.io.AbstractProblemLoader.loadEnvironment(AbstractProblemLoader.java:288)
	at de.uka.ilkd.key.proof.io.AbstractProblemLoader.load(AbstractProblemLoader.java:252)
	at de.uka.ilkd.key.control.AbstractUserInterfaceControl.load(AbstractUserInterfaceControl.java:209)
	... 7 more
Caused by: java.lang.RuntimeException: Could not find rule file rules/intRulesCheckedSemantics.key
	at de.uka.ilkd.key.proof.io.RuleSourceFactory.fromBuiltInRule(RuleSourceFactory.java:32)
	at de.uka.ilkd.key.proof.io.RuleSourceFactory.fromDefaultLocation(RuleSourceFactory.java:21)
	at de.uka.ilkd.key.nparser.builder.IncludeFinder.addInclude(IncludeFinder.java:63)
	at de.uka.ilkd.key.nparser.builder.IncludeFinder.visitOne_include(IncludeFinder.java:43)
	at de.uka.ilkd.key.nparser.builder.IncludeFinder.visitOne_include(IncludeFinder.java:20)
	at de.uka.ilkd.key.nparser.KeYParser$One_includeContext.accept(KeYParser.java:878)
	at de.uka.ilkd.key.nparser.builder.AbstractBuilder.lambda$mapOf$0(AbstractBuilder.java:112)
	at java.base/java.util.stream.ReferencePipeline$3$1.accept(ReferencePipeline.java:195)
	at java.base/java.util.ArrayList$ArrayListSpliterator.forEachRemaining(ArrayList.java:1655)
	at java.base/java.util.stream.AbstractPipeline.copyInto(AbstractPipeline.java:484)
	at java.base/java.util.stream.AbstractPipeline.wrapAndCopyInto(AbstractPipeline.java:474)
	at java.base/java.util.stream.ReduceOps$ReduceOp.evaluateSequential(ReduceOps.java:913)
	at java.base/java.util.stream.AbstractPipeline.evaluate(AbstractPipeline.java:234)
	at java.base/java.util.stream.ReferencePipeline.collect(ReferencePipeline.java:578)
	at de.uka.ilkd.key.nparser.builder.AbstractBuilder.mapOf(AbstractBuilder.java:112)
	at de.uka.ilkd.key.nparser.builder.IncludeFinder.visitOne_include_statement(IncludeFinder.java:35)
	at de.uka.ilkd.key.nparser.builder.IncludeFinder.visitOne_include_statement(IncludeFinder.java:20)
	at de.uka.ilkd.key.nparser.KeYParser$One_include_statementContext.accept(KeYParser.java:802)
	at org.antlr.v4.runtime.tree.AbstractParseTreeVisitor.visitChildren(AbstractParseTreeVisitor.java:46)
	at de.uka.ilkd.key.nparser.KeYParserBaseVisitor.visitDecls(KeYParserBaseVisitor.java:30)
	at de.uka.ilkd.key.nparser.KeYParser$DeclsContext.accept(KeYParser.java:500)
	at org.antlr.v4.runtime.tree.AbstractParseTreeVisitor.visitChildren(AbstractParseTreeVisitor.java:46)
	at de.uka.ilkd.key.nparser.KeYParserBaseVisitor.visitFile(KeYParserBaseVisitor.java:23)
	at de.uka.ilkd.key.nparser.KeYParser$FileContext.accept(KeYParser.java:306)
	at de.uka.ilkd.key.nparser.KeyAst.accept(KeyAst.java:41)
	at de.uka.ilkd.key.nparser.KeyAst$File.getIncludes(KeyAst.java:76)
	at de.uka.ilkd.key.proof.io.KeYFile.readIncludes(KeYFile.java:208)
	... 14 more
Could not find rule file rules/intRulesCheckedSemantics.key (file: /home/runner/work/key/key/key.core/../key.ui/examples/index/.././heap/permissions/threads/Plotter_staticPermissions_accessible.key; caused by: de.uka.ilkd.key.proof.init.ProofInputException: Could not find rule file rules/intRulesCheckedSemantics.key)
	at de.uka.ilkd.key.control.AbstractUserInterfaceControl.load(AbstractUserInterfaceControl.java:221)
	at de.uka.ilkd.key.control.KeYEnvironment.load(KeYEnvironment.java:251)
	at de.uka.ilkd.key.control.KeYEnvironment.load(KeYEnvironment.java:224)
	at de.uka.ilkd.key.control.KeYEnvironment.load(KeYEnvironment.java:184)
	at de.uka.ilkd.key.control.KeYEnvironment.load(KeYEnvironment.java:261)
	at de.uka.ilkd.key.proof.runallproofs.proofcollection.TestFile.load(TestFile.java:270)
	at de.uka.ilkd.key.proof.runallproofs.proofcollection.TestFile.runKey(TestFile.java:160)
	at de.uka.ilkd.key.proof.runallproofs.proofcollection.ForkedTestFileRunner.main(ForkedTestFileRunner.java:171)
Caused by: de.uka.ilkd.key.proof.init.ProofInputException: Could not find rule file rules/intRulesCheckedSemantics.key
	at de.uka.ilkd.key.proof.io.KeYFile.readIncludes(KeYFile.java:210)
	at de.uka.ilkd.key.proof.init.ProblemInitializer.readIncludes(ProblemInitializer.java:177)
	at de.uka.ilkd.key.proof.init.ProblemInitializer.readEnvInput(ProblemInitializer.java:325)
	at de.uka.ilkd.key.proof.init.ProblemInitializer.prepare(ProblemInitializer.java:449)
	at de.uka.ilkd.key.proof.io.AbstractProblemLoader.createInitConfig(AbstractProblemLoader.java:518)
	at de.uka.ilkd.key.proof.io.AbstractProblemLoader.loadEnvironment(AbstractProblemLoader.java:288)
	at de.uka.ilkd.key.proof.io.AbstractProblemLoader.load(AbstractProblemLoader.java:252)
	at de.uka.ilkd.key.control.AbstractUserInterfaceControl.load(AbstractUserInterfaceControl.java:209)
	... 7 more
Caused by: java.lang.RuntimeException: Could not find rule file rules/intRulesCheckedSemantics.key
	at de.uka.ilkd.key.proof.io.RuleSourceFactory.fromBuiltInRule(RuleSourceFactory.java:32)
	at de.uka.ilkd.key.proof.io.RuleSourceFactory.fromDefaultLocation(RuleSourceFactory.java:21)
	at de.uka.ilkd.key.nparser.builder.IncludeFinder.addInclude(IncludeFinder.java:63)
	at de.uka.ilkd.key.nparser.builder.IncludeFinder.visitOne_include(IncludeFinder.java:43)
	at de.uka.ilkd.key.nparser.builder.IncludeFinder.visitOne_include(IncludeFinder.java:20)
	at de.uka.ilkd.key.nparser.KeYParser$One_includeContext.accept(KeYParser.java:878)
	at de.uka.ilkd.key.nparser.builder.AbstractBuilder.lambda$mapOf$0(AbstractBuilder.java:112)
	at java.base/java.util.stream.ReferencePipeline$3$1.accept(ReferencePipeline.java:195)
	at java.base/java.util.ArrayList$ArrayListSpliterator.forEachRemaining(ArrayList.java:1655)
	at java.base/java.util.stream.AbstractPipeline.copyInto(AbstractPipeline.java:484)
	at java.base/java.util.stream.AbstractPipeline.wrapAndCopyInto(AbstractPipeline.java:474)
	at java.base/java.util.stream.ReduceOps$ReduceOp.evaluateSequential(ReduceOps.java:913)
	at java.base/java.util.stream.AbstractPipeline.evaluate(AbstractPipeline.java:234)
	at java.base/java.util.stream.ReferencePipeline.collect(ReferencePipeline.java:578)
	at de.uka.ilkd.key.nparser.builder.AbstractBuilder.mapOf(AbstractBuilder.java:112)
	at de.uka.ilkd.key.nparser.builder.IncludeFinder.visitOne_include_statement(IncludeFinder.java:35)
	at de.uka.ilkd.key.nparser.builder.IncludeFinder.visitOne_include_statement(IncludeFinder.java:20)
	at de.uka.ilkd.key.nparser.KeYParser$One_include_statementContext.accept(KeYParser.java:802)
	at org.antlr.v4.runtime.tree.AbstractParseTreeVisitor.visitChildren(AbstractParseTreeVisitor.java:46)
	at de.uka.ilkd.key.nparser.KeYParserBaseVisitor.visitDecls(KeYParserBaseVisitor.java:30)
	at de.uka.ilkd.key.nparser.KeYParser$DeclsContext.accept(KeYParser.java:500)
	at org.antlr.v4.runtime.tree.AbstractParseTreeVisitor.visitChildren(AbstractParseTreeVisitor.java:46)
	at de.uka.ilkd.key.nparser.KeYParserBaseVisitor.visitFile(KeYParserBaseVisitor.java:23)
	at de.uka.ilkd.key.nparser.KeYParser$FileContext.accept(KeYParser.java:306)
	at de.uka.ilkd.key.nparser.KeyAst.accept(KeyAst.java:41)
	at de.uka.ilkd.key.nparser.KeyAst$File.getIncludes(KeyAst.java:76)
	at de.uka.ilkd.key.proof.io.KeYFile.readIncludes(KeYFile.java:208)
	... 14 more
Could not find rule file rules/intRulesCheckedSemantics.key (file: /home/runner/work/key/key/key.core/../key.ui/examples/index/.././heap/permissions/threads/Plotter_workingPermissions_accessible.key; caused by: de.uka.ilkd.key.proof.init.ProofInputException: Could not find rule file rules/intRulesCheckedSemantics.key)
	at de.uka.ilkd.key.control.AbstractUserInterfaceControl.load(AbstractUserInterfaceControl.java:221)
	at de.uka.ilkd.key.control.KeYEnvironment.load(KeYEnvironment.java:251)
	at de.uka.ilkd.key.control.KeYEnvironment.load(KeYEnvironment.java:224)
	at de.uka.ilkd.key.control.KeYEnvironment.load(KeYEnvironment.java:184)
	at de.uka.ilkd.key.control.KeYEnvironment.load(KeYEnvironment.java:261)
	at de.uka.ilkd.key.proof.runallproofs.proofcollection.TestFile.load(TestFile.java:270)
	at de.uka.ilkd.key.proof.runallproofs.proofcollection.TestFile.runKey(TestFile.java:160)
	at de.uka.ilkd.key.proof.runallproofs.proofcollection.ForkedTestFileRunner.main(ForkedTestFileRunner.java:171)
Caused by: de.uka.ilkd.key.proof.init.ProofInputException: Could not find rule file rules/intRulesCheckedSemantics.key
	at de.uka.ilkd.key.proof.io.KeYFile.readIncludes(KeYFile.java:210)
	at de.uka.ilkd.key.proof.init.ProblemInitializer.readIncludes(ProblemInitializer.java:177)
	at de.uka.ilkd.key.proof.init.ProblemInitializer.readEnvInput(ProblemInitializer.java:325)
	at de.uka.ilkd.key.proof.init.ProblemInitializer.prepare(ProblemInitializer.java:449)
	at de.uka.ilkd.key.proof.io.AbstractProblemLoader.createInitConfig(AbstractProblemLoader.java:518)
	at de.uka.ilkd.key.proof.io.AbstractProblemLoader.loadEnvironment(AbstractProblemLoader.java:288)
	at de.uka.ilkd.key.proof.io.AbstractProblemLoader.load(AbstractProblemLoader.java:252)
	at de.uka.ilkd.key.control.AbstractUserInterfaceControl.load(AbstractUserInterfaceControl.java:209)
	... 7 more
Caused by: java.lang.RuntimeException: Could not find rule file rules/intRulesCheckedSemantics.key
	at de.uka.ilkd.key.proof.io.RuleSourceFactory.fromBuiltInRule(RuleSourceFactory.java:32)
	at de.uka.ilkd.key.proof.io.RuleSourceFactory.fromDefaultLocation(RuleSourceFactory.java:21)
	at de.uka.ilkd.key.nparser.builder.IncludeFinder.addInclude(IncludeFinder.java:63)
	at de.uka.ilkd.key.nparser.builder.IncludeFinder.visitOne_include(IncludeFinder.java:43)
	at de.uka.ilkd.key.nparser.builder.IncludeFinder.visitOne_include(IncludeFinder.java:20)
	at de.uka.ilkd.key.nparser.KeYParser$One_includeContext.accept(KeYParser.java:878)
	at de.uka.ilkd.key.nparser.builder.AbstractBuilder.lambda$mapOf$0(AbstractBuilder.java:112)
	at java.base/java.util.stream.ReferencePipeline$3$1.accept(ReferencePipeline.java:195)
	at java.base/java.util.ArrayList$ArrayListSpliterator.forEachRemaining(ArrayList.java:1655)
	at java.base/java.util.stream.AbstractPipeline.copyInto(AbstractPipeline.java:484)
	at java.base/java.util.stream.AbstractPipeline.wrapAndCopyInto(AbstractPipeline.java:474)
	at java.base/java.util.stream.ReduceOps$ReduceOp.evaluateSequential(ReduceOps.java:913)
	at java.base/java.util.stream.AbstractPipeline.evaluate(AbstractPipeline.java:234)
	at java.base/java.util.stream.ReferencePipeline.collect(ReferencePipeline.java:578)
	at de.uka.ilkd.key.nparser.builder.AbstractBuilder.mapOf(AbstractBuilder.java:112)
	at de.uka.ilkd.key.nparser.builder.IncludeFinder.visitOne_include_statement(IncludeFinder.java:35)
	at de.uka.ilkd.key.nparser.builder.IncludeFinder.visitOne_include_statement(IncludeFinder.java:20)
	at de.uka.ilkd.key.nparser.KeYParser$One_include_statementContext.accept(KeYParser.java:802)
	at org.antlr.v4.runtime.tree.AbstractParseTreeVisitor.visitChildren(AbstractParseTreeVisitor.java:46)
	at de.uka.ilkd.key.nparser.KeYParserBaseVisitor.visitDecls(KeYParserBaseVisitor.java:30)
	at de.uka.ilkd.key.nparser.KeYParser$DeclsContext.accept(KeYParser.java:500)
	at org.antlr.v4.runtime.tree.AbstractParseTreeVisitor.visitChildren(AbstractParseTreeVisitor.java:46)
	at de.uka.ilkd.key.nparser.KeYParserBaseVisitor.visitFile(KeYParserBaseVisitor.java:23)
	at de.uka.ilkd.key.nparser.KeYParser$FileContext.accept(KeYParser.java:306)
	at de.uka.ilkd.key.nparser.KeyAst.accept(KeyAst.java:41)
	at de.uka.ilkd.key.nparser.KeyAst$File.getIncludes(KeyAst.java:76)
	at de.uka.ilkd.key.proof.io.KeYFile.readIncludes(KeYFile.java:208)
	... 14 more
Could not find rule file rules/intRulesCheckedSemantics.key (file: /home/runner/work/key/key/key.core/../key.ui/examples/index/.././heap/permissions/threads/Sampler_initPost_accessible.key; caused by: de.uka.ilkd.key.proof.init.ProofInputException: Could not find rule file rules/intRulesCheckedSemantics.key)
	at de.uka.ilkd.key.control.AbstractUserInterfaceControl.load(AbstractUserInterfaceControl.java:221)
	at de.uka.ilkd.key.control.KeYEnvironment.load(KeYEnvironment.java:251)
	at de.uka.ilkd.key.control.KeYEnvironment.load(KeYEnvironment.java:224)
	at de.uka.ilkd.key.control.KeYEnvironment.load(KeYEnvironment.java:184)
	at de.uka.ilkd.key.control.KeYEnvironment.load(KeYEnvironment.java:261)
	at de.uka.ilkd.key.proof.runallproofs.proofcollection.TestFile.load(TestFile.java:270)
	at de.uka.ilkd.key.proof.runallproofs.proofcollection.TestFile.runKey(TestFile.java:160)
	at de.uka.ilkd.key.proof.runallproofs.proofcollection.ForkedTestFileRunner.main(ForkedTestFileRunner.java:171)
Caused by: de.uka.ilkd.key.proof.init.ProofInputException: Could not find rule file rules/intRulesCheckedSemantics.key
	at de.uka.ilkd.key.proof.io.KeYFile.readIncludes(KeYFile.java:210)
	at de.uka.ilkd.key.proof.init.ProblemInitializer.readIncludes(ProblemInitializer.java:177)
	at de.uka.ilkd.key.proof.init.ProblemInitializer.readEnvInput(ProblemInitializer.java:325)
	at de.uka.ilkd.key.proof.init.ProblemInitializer.prepare(ProblemInitializer.java:449)
	at de.uka.ilkd.key.proof.io.AbstractProblemLoader.createInitConfig(AbstractProblemLoader.java:518)
	at de.uka.ilkd.key.proof.io.AbstractProblemLoader.loadEnvironment(AbstractProblemLoader.java:288)
	at de.uka.ilkd.key.proof.io.AbstractProblemLoader.load(AbstractProblemLoader.java:252)
	at de.uka.ilkd.key.control.AbstractUserInterfaceControl.load(AbstractUserInterfaceControl.java:209)
	... 7 more
Caused by: java.lang.RuntimeException: Could not find rule file rules/intRulesCheckedSemantics.key
	at de.uka.ilkd.key.proof.io.RuleSourceFactory.fromBuiltInRule(RuleSourceFactory.java:32)
	at de.uka.ilkd.key.proof.io.RuleSourceFactory.fromDefaultLocation(RuleSourceFactory.java:21)
	at de.uka.ilkd.key.nparser.builder.IncludeFinder.addInclude(IncludeFinder.java:63)
	at de.uka.ilkd.key.nparser.builder.IncludeFinder.visitOne_include(IncludeFinder.java:43)
	at de.uka.ilkd.key.nparser.builder.IncludeFinder.visitOne_include(IncludeFinder.java:20)
	at de.uka.ilkd.key.nparser.KeYParser$One_includeContext.accept(KeYParser.java:878)
	at de.uka.ilkd.key.nparser.builder.AbstractBuilder.lambda$mapOf$0(AbstractBuilder.java:112)
	at java.base/java.util.stream.ReferencePipeline$3$1.accept(ReferencePipeline.java:195)
	at java.base/java.util.ArrayList$ArrayListSpliterator.forEachRemaining(ArrayList.java:1655)
	at java.base/java.util.stream.AbstractPipeline.copyInto(AbstractPipeline.java:484)
	at java.base/java.util.stream.AbstractPipeline.wrapAndCopyInto(AbstractPipeline.java:474)
	at java.base/java.util.stream.ReduceOps$ReduceOp.evaluateSequential(ReduceOps.java:913)
	at java.base/java.util.stream.AbstractPipeline.evaluate(AbstractPipeline.java:234)
	at java.base/java.util.stream.ReferencePipeline.collect(ReferencePipeline.java:578)
	at de.uka.ilkd.key.nparser.builder.AbstractBuilder.mapOf(AbstractBuilder.java:112)
	at de.uka.ilkd.key.nparser.builder.IncludeFinder.visitOne_include_statement(IncludeFinder.java:35)
	at de.uka.ilkd.key.nparser.builder.IncludeFinder.visitOne_include_statement(IncludeFinder.java:20)
	at de.uka.ilkd.key.nparser.KeYParser$One_include_statementContext.accept(KeYParser.java:802)
	at org.antlr.v4.runtime.tree.AbstractParseTreeVisitor.visitChildren(AbstractParseTreeVisitor.java:46)
	at de.uka.ilkd.key.nparser.KeYParserBaseVisitor.visitDecls(KeYParserBaseVisitor.java:30)
	at de.uka.ilkd.key.nparser.KeYParser$DeclsContext.accept(KeYParser.java:500)
	at org.antlr.v4.runtime.tree.AbstractParseTreeVisitor.visitChildren(AbstractParseTreeVisitor.java:46)
	at de.uka.ilkd.key.nparser.KeYParserBaseVisitor.visitFile(KeYParserBaseVisitor.java:23)
	at de.uka.ilkd.key.nparser.KeYParser$FileContext.accept(KeYParser.java:306)
	at de.uka.ilkd.key.nparser.KeyAst.accept(KeyAst.java:41)
	at de.uka.ilkd.key.nparser.KeyAst$File.getIncludes(KeyAst.java:76)
	at de.uka.ilkd.key.proof.io.KeYFile.readIncludes(KeYFile.java:208)
	... 14 more
Could not find rule file rules/intRulesCheckedSemantics.key (file: /home/runner/work/key/key/key.core/../key.ui/examples/index/.././heap/permissions/threads/Sampler_inv_accessible1.key; caused by: de.uka.ilkd.key.proof.init.ProofInputException: Could not find rule file rules/intRulesCheckedSemantics.key)
	at de.uka.ilkd.key.control.AbstractUserInterfaceControl.load(AbstractUserInterfaceControl.java:221)
	at de.uka.ilkd.key.control.KeYEnvironment.load(KeYEnvironment.java:251)
	at de.uka.ilkd.key.control.KeYEnvironment.load(KeYEnvironment.java:224)
	at de.uka.ilkd.key.control.KeYEnvironment.load(KeYEnvironment.java:184)
	at de.uka.ilkd.key.control.KeYEnvironment.load(KeYEnvironment.java:261)
	at de.uka.ilkd.key.proof.runallproofs.proofcollection.TestFile.load(TestFile.java:270)
	at de.uka.ilkd.key.proof.runallproofs.proofcollection.TestFile.runKey(TestFile.java:160)
	at de.uka.ilkd.key.proof.runallproofs.proofcollection.ForkedTestFileRunner.main(ForkedTestFileRunner.java:171)
Caused by: de.uka.ilkd.key.proof.init.ProofInputException: Could not find rule file rules/intRulesCheckedSemantics.key
	at de.uka.ilkd.key.proof.io.KeYFile.readIncludes(KeYFile.java:210)
	at de.uka.ilkd.key.proof.init.ProblemInitializer.readIncludes(ProblemInitializer.java:177)
	at de.uka.ilkd.key.proof.init.ProblemInitializer.readEnvInput(ProblemInitializer.java:325)
	at de.uka.ilkd.key.proof.init.ProblemInitializer.prepare(ProblemInitializer.java:449)
	at de.uka.ilkd.key.proof.io.AbstractProblemLoader.createInitConfig(AbstractProblemLoader.java:518)
	at de.uka.ilkd.key.proof.io.AbstractProblemLoader.loadEnvironment(AbstractProblemLoader.java:288)
	at de.uka.ilkd.key.proof.io.AbstractProblemLoader.load(AbstractProblemLoader.java:252)
	at de.uka.ilkd.key.control.AbstractUserInterfaceControl.load(AbstractUserInterfaceControl.java:209)
	... 7 more
Caused by: java.lang.RuntimeException: Could not find rule file rules/intRulesCheckedSemantics.key
	at de.uka.ilkd.key.proof.io.RuleSourceFactory.fromBuiltInRule(RuleSourceFactory.java:32)
	at de.uka.ilkd.key.proof.io.RuleSourceFactory.fromDefaultLocation(RuleSourceFactory.java:21)
	at de.uka.ilkd.key.nparser.builder.IncludeFinder.addInclude(IncludeFinder.java:63)
	at de.uka.ilkd.key.nparser.builder.IncludeFinder.visitOne_include(IncludeFinder.java:43)
	at de.uka.ilkd.key.nparser.builder.IncludeFinder.visitOne_include(IncludeFinder.java:20)
	at de.uka.ilkd.key.nparser.KeYParser$One_includeContext.accept(KeYParser.java:878)
	at de.uka.ilkd.key.nparser.builder.AbstractBuilder.lambda$mapOf$0(AbstractBuilder.java:112)
	at java.base/java.util.stream.ReferencePipeline$3$1.accept(ReferencePipeline.java:195)
	at java.base/java.util.ArrayList$ArrayListSpliterator.forEachRemaining(ArrayList.java:1655)
	at java.base/java.util.stream.AbstractPipeline.copyInto(AbstractPipeline.java:484)
	at java.base/java.util.stream.AbstractPipeline.wrapAndCopyInto(AbstractPipeline.java:474)
	at java.base/java.util.stream.ReduceOps$ReduceOp.evaluateSequential(ReduceOps.java:913)
	at java.base/java.util.stream.AbstractPipeline.evaluate(AbstractPipeline.java:234)
	at java.base/java.util.stream.ReferencePipeline.collect(ReferencePipeline.java:578)
	at de.uka.ilkd.key.nparser.builder.AbstractBuilder.mapOf(AbstractBuilder.java:112)
	at de.uka.ilkd.key.nparser.builder.IncludeFinder.visitOne_include_statement(IncludeFinder.java:35)
	at de.uka.ilkd.key.nparser.builder.IncludeFinder.visitOne_include_statement(IncludeFinder.java:20)
	at de.uka.ilkd.key.nparser.KeYParser$One_include_statementContext.accept(KeYParser.java:802)
	at org.antlr.v4.runtime.tree.AbstractParseTreeVisitor.visitChildren(AbstractParseTreeVisitor.java:46)
	at de.uka.ilkd.key.nparser.KeYParserBaseVisitor.visitDecls(KeYParserBaseVisitor.java:30)
	at de.uka.ilkd.key.nparser.KeYParser$DeclsContext.accept(KeYParser.java:500)
	at org.antlr.v4.runtime.tree.AbstractParseTreeVisitor.visitChildren(AbstractParseTreeVisitor.java:46)
	at de.uka.ilkd.key.nparser.KeYParserBaseVisitor.visitFile(KeYParserBaseVisitor.java:23)
	at de.uka.ilkd.key.nparser.KeYParser$FileContext.accept(KeYParser.java:306)
	at de.uka.ilkd.key.nparser.KeyAst.accept(KeyAst.java:41)
	at de.uka.ilkd.key.nparser.KeyAst$File.getIncludes(KeyAst.java:76)
	at de.uka.ilkd.key.proof.io.KeYFile.readIncludes(KeYFile.java:208)
	... 14 more
Could not find rule file rules/intRulesCheckedSemantics.key (file: /home/runner/work/key/key/key.core/../key.ui/examples/index/.././heap/permissions/threads/Sampler_inv_accessible2.key; caused by: de.uka.ilkd.key.proof.init.ProofInputException: Could not find rule file rules/intRulesCheckedSemantics.key)
	at de.uka.ilkd.key.control.AbstractUserInterfaceControl.load(AbstractUserInterfaceControl.java:221)
	at de.uka.ilkd.key.control.KeYEnvironment.load(KeYEnvironment.java:251)
	at de.uka.ilkd.key.control.KeYEnvironment.load(KeYEnvironment.java:224)
	at de.uka.ilkd.key.control.KeYEnvironment.load(KeYEnvironment.java:184)
	at de.uka.ilkd.key.control.KeYEnvironment.load(KeYEnvironment.java:261)
	at de.uka.ilkd.key.proof.runallproofs.proofcollection.TestFile.load(TestFile.java:270)
	at de.uka.ilkd.key.proof.runallproofs.proofcollection.TestFile.runKey(TestFile.java:160)
	at de.uka.ilkd.key.proof.runallproofs.proofcollection.ForkedTestFileRunner.main(ForkedTestFileRunner.java:171)
Caused by: de.uka.ilkd.key.proof.init.ProofInputException: Could not find rule file rules/intRulesCheckedSemantics.key
	at de.uka.ilkd.key.proof.io.KeYFile.readIncludes(KeYFile.java:210)
	at de.uka.ilkd.key.proof.init.ProblemInitializer.readIncludes(ProblemInitializer.java:177)
	at de.uka.ilkd.key.proof.init.ProblemInitializer.readEnvInput(ProblemInitializer.java:325)
	at de.uka.ilkd.key.proof.init.ProblemInitializer.prepare(ProblemInitializer.java:449)
	at de.uka.ilkd.key.proof.io.AbstractProblemLoader.createInitConfig(AbstractProblemLoader.java:518)
	at de.uka.ilkd.key.proof.io.AbstractProblemLoader.loadEnvironment(AbstractProblemLoader.java:288)
	at de.uka.ilkd.key.proof.io.AbstractProblemLoader.load(AbstractProblemLoader.java:252)
	at de.uka.ilkd.key.control.AbstractUserInterfaceControl.load(AbstractUserInterfaceControl.java:209)
	... 7 more
Caused by: java.lang.RuntimeException: Could not find rule file rules/intRulesCheckedSemantics.key
	at de.uka.ilkd.key.proof.io.RuleSourceFactory.fromBuiltInRule(RuleSourceFactory.java:32)
	at de.uka.ilkd.key.proof.io.RuleSourceFactory.fromDefaultLocation(RuleSourceFactory.java:21)
	at de.uka.ilkd.key.nparser.builder.IncludeFinder.addInclude(IncludeFinder.java:63)
	at de.uka.ilkd.key.nparser.builder.IncludeFinder.visitOne_include(IncludeFinder.java:43)
	at de.uka.ilkd.key.nparser.builder.IncludeFinder.visitOne_include(IncludeFinder.java:20)
	at de.uka.ilkd.key.nparser.KeYParser$One_includeContext.accept(KeYParser.java:878)
	at de.uka.ilkd.key.nparser.builder.AbstractBuilder.lambda$mapOf$0(AbstractBuilder.java:112)
	at java.base/java.util.stream.ReferencePipeline$3$1.accept(ReferencePipeline.java:195)
	at java.base/java.util.ArrayList$ArrayListSpliterator.forEachRemaining(ArrayList.java:1655)
	at java.base/java.util.stream.AbstractPipeline.copyInto(AbstractPipeline.java:484)
	at java.base/java.util.stream.AbstractPipeline.wrapAndCopyInto(AbstractPipeline.java:474)
	at java.base/java.util.stream.ReduceOps$ReduceOp.evaluateSequential(ReduceOps.java:913)
	at java.base/java.util.stream.AbstractPipeline.evaluate(AbstractPipeline.java:234)
	at java.base/java.util.stream.ReferencePipeline.collect(ReferencePipeline.java:578)
	at de.uka.ilkd.key.nparser.builder.AbstractBuilder.mapOf(AbstractBuilder.java:112)
	at de.uka.ilkd.key.nparser.builder.IncludeFinder.visitOne_include_statement(IncludeFinder.java:35)
	at de.uka.ilkd.key.nparser.builder.IncludeFinder.visitOne_include_statement(IncludeFinder.java:20)
	at de.uka.ilkd.key.nparser.KeYParser$One_include_statementContext.accept(KeYParser.java:802)
	at org.antlr.v4.runtime.tree.AbstractParseTreeVisitor.visitChildren(AbstractParseTreeVisitor.java:46)
	at de.uka.ilkd.key.nparser.KeYParserBaseVisitor.visitDecls(KeYParserBaseVisitor.java:30)
	at de.uka.ilkd.key.nparser.KeYParser$DeclsContext.accept(KeYParser.java:500)
	at org.antlr.v4.runtime.tree.AbstractParseTreeVisitor.visitChildren(AbstractParseTreeVisitor.java:46)
	at de.uka.ilkd.key.nparser.KeYParserBaseVisitor.visitFile(KeYParserBaseVisitor.java:23)
	at de.uka.ilkd.key.nparser.KeYParser$FileContext.accept(KeYParser.java:306)
	at de.uka.ilkd.key.nparser.KeyAst.accept(KeyAst.java:41)
	at de.uka.ilkd.key.nparser.KeyAst$File.getIncludes(KeyAst.java:76)
	at de.uka.ilkd.key.proof.io.KeYFile.readIncludes(KeYFile.java:208)
	... 14 more
Could not find rule file rules/intRulesCheckedSemantics.key (file: /home/runner/work/key/key/key.core/../key.ui/examples/index/.././heap/permissions/threads/Sampler_joinTransfer_accessible.key; caused by: de.uka.ilkd.key.proof.init.ProofInputException: Could not find rule file rules/intRulesCheckedSemantics.key)
	at de.uka.ilkd.key.control.AbstractUserInterfaceControl.load(AbstractUserInterfaceControl.java:221)
	at de.uka.ilkd.key.control.KeYEnvironment.load(KeYEnvironment.java:251)
	at de.uka.ilkd.key.control.KeYEnvironment.load(KeYEnvironment.java:224)
	at de.uka.ilkd.key.control.KeYEnvironment.load(KeYEnvironment.java:184)
	at de.uka.ilkd.key.control.KeYEnvironment.load(KeYEnvironment.java:261)
	at de.uka.ilkd.key.proof.runallproofs.proofcollection.TestFile.load(TestFile.java:270)
	at de.uka.ilkd.key.proof.runallproofs.proofcollection.TestFile.runKey(TestFile.java:160)
	at de.uka.ilkd.key.proof.runallproofs.proofcollection.ForkedTestFileRunner.main(ForkedTestFileRunner.java:171)
Caused by: de.uka.ilkd.key.proof.init.ProofInputException: Could not find rule file rules/intRulesCheckedSemantics.key
	at de.uka.ilkd.key.proof.io.KeYFile.readIncludes(KeYFile.java:210)
	at de.uka.ilkd.key.proof.init.ProblemInitializer.readIncludes(ProblemInitializer.java:177)
	at de.uka.ilkd.key.proof.init.ProblemInitializer.readEnvInput(ProblemInitializer.java:325)
	at de.uka.ilkd.key.proof.init.ProblemInitializer.prepare(ProblemInitializer.java:449)
	at de.uka.ilkd.key.proof.io.AbstractProblemLoader.createInitConfig(AbstractProblemLoader.java:518)
	at de.uka.ilkd.key.proof.io.AbstractProblemLoader.loadEnvironment(AbstractProblemLoader.java:288)
	at de.uka.ilkd.key.proof.io.AbstractProblemLoader.load(AbstractProblemLoader.java:252)
	at de.uka.ilkd.key.control.AbstractUserInterfaceControl.load(AbstractUserInterfaceControl.java:209)
	... 7 more
Caused by: java.lang.RuntimeException: Could not find rule file rules/intRulesCheckedSemantics.key
	at de.uka.ilkd.key.proof.io.RuleSourceFactory.fromBuiltInRule(RuleSourceFactory.java:32)
	at de.uka.ilkd.key.proof.io.RuleSourceFactory.fromDefaultLocation(RuleSourceFactory.java:21)
	at de.uka.ilkd.key.nparser.builder.IncludeFinder.addInclude(IncludeFinder.java:63)
	at de.uka.ilkd.key.nparser.builder.IncludeFinder.visitOne_include(IncludeFinder.java:43)
	at de.uka.ilkd.key.nparser.builder.IncludeFinder.visitOne_include(IncludeFinder.java:20)
	at de.uka.ilkd.key.nparser.KeYParser$One_includeContext.accept(KeYParser.java:878)
	at de.uka.ilkd.key.nparser.builder.AbstractBuilder.lambda$mapOf$0(AbstractBuilder.java:112)
	at java.base/java.util.stream.ReferencePipeline$3$1.accept(ReferencePipeline.java:195)
	at java.base/java.util.ArrayList$ArrayListSpliterator.forEachRemaining(ArrayList.java:1655)
	at java.base/java.util.stream.AbstractPipeline.copyInto(AbstractPipeline.java:484)
	at java.base/java.util.stream.AbstractPipeline.wrapAndCopyInto(AbstractPipeline.java:474)
	at java.base/java.util.stream.ReduceOps$ReduceOp.evaluateSequential(ReduceOps.java:913)
	at java.base/java.util.stream.AbstractPipeline.evaluate(AbstractPipeline.java:234)
	at java.base/java.util.stream.ReferencePipeline.collect(ReferencePipeline.java:578)
	at de.uka.ilkd.key.nparser.builder.AbstractBuilder.mapOf(AbstractBuilder.java:112)
	at de.uka.ilkd.key.nparser.builder.IncludeFinder.visitOne_include_statement(IncludeFinder.java:35)
	at de.uka.ilkd.key.nparser.builder.IncludeFinder.visitOne_include_statement(IncludeFinder.java:20)
	at de.uka.ilkd.key.nparser.KeYParser$One_include_statementContext.accept(KeYParser.java:802)
	at org.antlr.v4.runtime.tree.AbstractParseTreeVisitor.visitChildren(AbstractParseTreeVisitor.java:46)
	at de.uka.ilkd.key.nparser.KeYParserBaseVisitor.visitDecls(KeYParserBaseVisitor.java:30)
	at de.uka.ilkd.key.nparser.KeYParser$DeclsContext.accept(KeYParser.java:500)
	at org.antlr.v4.runtime.tree.AbstractParseTreeVisitor.visitChildren(AbstractParseTreeVisitor.java:46)
	at de.uka.ilkd.key.nparser.KeYParserBaseVisitor.visitFile(KeYParserBaseVisitor.java:23)
	at de.uka.ilkd.key.nparser.KeYParser$FileContext.accept(KeYParser.java:306)
	at de.uka.ilkd.key.nparser.KeyAst.accept(KeyAst.java:41)
	at de.uka.ilkd.key.nparser.KeyAst$File.getIncludes(KeyAst.java:76)
	at de.uka.ilkd.key.proof.io.KeYFile.readIncludes(KeYFile.java:208)
	... 14 more
Could not find rule file rules/intRulesCheckedSemantics.key (file: /home/runner/work/key/key/key.core/../key.ui/examples/index/.././heap/permissions/threads/Sampler_joinTransfer_contract.key; caused by: de.uka.ilkd.key.proof.init.ProofInputException: Could not find rule file rules/intRulesCheckedSemantics.key)
	at de.uka.ilkd.key.control.AbstractUserInterfaceControl.load(AbstractUserInterfaceControl.java:221)
	at de.uka.ilkd.key.control.KeYEnvironment.load(KeYEnvironment.java:251)
	at de.uka.ilkd.key.control.KeYEnvironment.load(KeYEnvironment.java:224)
	at de.uka.ilkd.key.control.KeYEnvironment.load(KeYEnvironment.java:184)
	at de.uka.ilkd.key.control.KeYEnvironment.load(KeYEnvironment.java:261)
	at de.uka.ilkd.key.proof.runallproofs.proofcollection.TestFile.load(TestFile.java:270)
	at de.uka.ilkd.key.proof.runallproofs.proofcollection.TestFile.runKey(TestFile.java:160)
	at de.uka.ilkd.key.proof.runallproofs.proofcollection.ForkedTestFileRunner.main(ForkedTestFileRunner.java:171)
Caused by: de.uka.ilkd.key.proof.init.ProofInputException: Could not find rule file rules/intRulesCheckedSemantics.key
	at de.uka.ilkd.key.proof.io.KeYFile.readIncludes(KeYFile.java:210)
	at de.uka.ilkd.key.proof.init.ProblemInitializer.readIncludes(ProblemInitializer.java:177)
	at de.uka.ilkd.key.proof.init.ProblemInitializer.readEnvInput(ProblemInitializer.java:325)
	at de.uka.ilkd.key.proof.init.ProblemInitializer.prepare(ProblemInitializer.java:449)
	at de.uka.ilkd.key.proof.io.AbstractProblemLoader.createInitConfig(AbstractProblemLoader.java:518)
	at de.uka.ilkd.key.proof.io.AbstractProblemLoader.loadEnvironment(AbstractProblemLoader.java:288)
	at de.uka.ilkd.key.proof.io.AbstractProblemLoader.load(AbstractProblemLoader.java:252)
	at de.uka.ilkd.key.control.AbstractUserInterfaceControl.load(AbstractUserInterfaceControl.java:209)
	... 7 more
Caused by: java.lang.RuntimeException: Could not find rule file rules/intRulesCheckedSemantics.key
	at de.uka.ilkd.key.proof.io.RuleSourceFactory.fromBuiltInRule(RuleSourceFactory.java:32)
	at de.uka.ilkd.key.proof.io.RuleSourceFactory.fromDefaultLocation(RuleSourceFactory.java:21)
	at de.uka.ilkd.key.nparser.builder.IncludeFinder.addInclude(IncludeFinder.java:63)
	at de.uka.ilkd.key.nparser.builder.IncludeFinder.visitOne_include(IncludeFinder.java:43)
	at de.uka.ilkd.key.nparser.builder.IncludeFinder.visitOne_include(IncludeFinder.java:20)
	at de.uka.ilkd.key.nparser.KeYParser$One_includeContext.accept(KeYParser.java:878)
	at de.uka.ilkd.key.nparser.builder.AbstractBuilder.lambda$mapOf$0(AbstractBuilder.java:112)
	at java.base/java.util.stream.ReferencePipeline$3$1.accept(ReferencePipeline.java:195)
	at java.base/java.util.ArrayList$ArrayListSpliterator.forEachRemaining(ArrayList.java:1655)
	at java.base/java.util.stream.AbstractPipeline.copyInto(AbstractPipeline.java:484)
	at java.base/java.util.stream.AbstractPipeline.wrapAndCopyInto(AbstractPipeline.java:474)
	at java.base/java.util.stream.ReduceOps$ReduceOp.evaluateSequential(ReduceOps.java:913)
	at java.base/java.util.stream.AbstractPipeline.evaluate(AbstractPipeline.java:234)
	at java.base/java.util.stream.ReferencePipeline.collect(ReferencePipeline.java:578)
	at de.uka.ilkd.key.nparser.builder.AbstractBuilder.mapOf(AbstractBuilder.java:112)
	at de.uka.ilkd.key.nparser.builder.IncludeFinder.visitOne_include_statement(IncludeFinder.java:35)
	at de.uka.ilkd.key.nparser.builder.IncludeFinder.visitOne_include_statement(IncludeFinder.java:20)
	at de.uka.ilkd.key.nparser.KeYParser$One_include_statementContext.accept(KeYParser.java:802)
	at org.antlr.v4.runtime.tree.AbstractParseTreeVisitor.visitChildren(AbstractParseTreeVisitor.java:46)
	at de.uka.ilkd.key.nparser.KeYParserBaseVisitor.visitDecls(KeYParserBaseVisitor.java:30)
	at de.uka.ilkd.key.nparser.KeYParser$DeclsContext.accept(KeYParser.java:500)
	at org.antlr.v4.runtime.tree.AbstractParseTreeVisitor.visitChildren(AbstractParseTreeVisitor.java:46)
	at de.uka.ilkd.key.nparser.KeYParserBaseVisitor.visitFile(KeYParserBaseVisitor.java:23)
	at de.uka.ilkd.key.nparser.KeYParser$FileContext.accept(KeYParser.java:306)
	at de.uka.ilkd.key.nparser.KeyAst.accept(KeyAst.java:41)
	at de.uka.ilkd.key.nparser.KeyAst$File.getIncludes(KeyAst.java:76)
	at de.uka.ilkd.key.proof.io.KeYFile.readIncludes(KeYFile.java:208)
	... 14 more
Could not find rule file rules/intRulesCheckedSemantics.key (file: /home/runner/work/key/key/key.core/../key.ui/examples/index/.././heap/permissions/threads/Sampler_postJoin_accessible.key; caused by: de.uka.ilkd.key.proof.init.ProofInputException: Could not find rule file rules/intRulesCheckedSemantics.key)
	at de.uka.ilkd.key.control.AbstractUserInterfaceControl.load(AbstractUserInterfaceControl.java:221)
	at de.uka.ilkd.key.control.KeYEnvironment.load(KeYEnvironment.java:251)
	at de.uka.ilkd.key.control.KeYEnvironment.load(KeYEnvironment.java:224)
	at de.uka.ilkd.key.control.KeYEnvironment.load(KeYEnvironment.java:184)
	at de.uka.ilkd.key.control.KeYEnvironment.load(KeYEnvironment.java:261)
	at de.uka.ilkd.key.proof.runallproofs.proofcollection.TestFile.load(TestFile.java:270)
	at de.uka.ilkd.key.proof.runallproofs.proofcollection.TestFile.runKey(TestFile.java:160)
	at de.uka.ilkd.key.proof.runallproofs.proofcollection.ForkedTestFileRunner.main(ForkedTestFileRunner.java:171)
Caused by: de.uka.ilkd.key.proof.init.ProofInputException: Could not find rule file rules/intRulesCheckedSemantics.key
	at de.uka.ilkd.key.proof.io.KeYFile.readIncludes(KeYFile.java:210)
	at de.uka.ilkd.key.proof.init.ProblemInitializer.readIncludes(ProblemInitializer.java:177)
	at de.uka.ilkd.key.proof.init.ProblemInitializer.readEnvInput(ProblemInitializer.java:325)
	at de.uka.ilkd.key.proof.init.ProblemInitializer.prepare(ProblemInitializer.java:449)
	at de.uka.ilkd.key.proof.io.AbstractProblemLoader.createInitConfig(AbstractProblemLoader.java:518)
	at de.uka.ilkd.key.proof.io.AbstractProblemLoader.loadEnvironment(AbstractProblemLoader.java:288)
	at de.uka.ilkd.key.proof.io.AbstractProblemLoader.load(AbstractProblemLoader.java:252)
	at de.uka.ilkd.key.control.AbstractUserInterfaceControl.load(AbstractUserInterfaceControl.java:209)
	... 7 more
Caused by: java.lang.RuntimeException: Could not find rule file rules/intRulesCheckedSemantics.key
	at de.uka.ilkd.key.proof.io.RuleSourceFactory.fromBuiltInRule(RuleSourceFactory.java:32)
	at de.uka.ilkd.key.proof.io.RuleSourceFactory.fromDefaultLocation(RuleSourceFactory.java:21)
	at de.uka.ilkd.key.nparser.builder.IncludeFinder.addInclude(IncludeFinder.java:63)
	at de.uka.ilkd.key.nparser.builder.IncludeFinder.visitOne_include(IncludeFinder.java:43)
	at de.uka.ilkd.key.nparser.builder.IncludeFinder.visitOne_include(IncludeFinder.java:20)
	at de.uka.ilkd.key.nparser.KeYParser$One_includeContext.accept(KeYParser.java:878)
	at de.uka.ilkd.key.nparser.builder.AbstractBuilder.lambda$mapOf$0(AbstractBuilder.java:112)
	at java.base/java.util.stream.ReferencePipeline$3$1.accept(ReferencePipeline.java:195)
	at java.base/java.util.ArrayList$ArrayListSpliterator.forEachRemaining(ArrayList.java:1655)
	at java.base/java.util.stream.AbstractPipeline.copyInto(AbstractPipeline.java:484)
	at java.base/java.util.stream.AbstractPipeline.wrapAndCopyInto(AbstractPipeline.java:474)
	at java.base/java.util.stream.ReduceOps$ReduceOp.evaluateSequential(ReduceOps.java:913)
	at java.base/java.util.stream.AbstractPipeline.evaluate(AbstractPipeline.java:234)
	at java.base/java.util.stream.ReferencePipeline.collect(ReferencePipeline.java:578)
	at de.uka.ilkd.key.nparser.builder.AbstractBuilder.mapOf(AbstractBuilder.java:112)
	at de.uka.ilkd.key.nparser.builder.IncludeFinder.visitOne_include_statement(IncludeFinder.java:35)
	at de.uka.ilkd.key.nparser.builder.IncludeFinder.visitOne_include_statement(IncludeFinder.java:20)
	at de.uka.ilkd.key.nparser.KeYParser$One_include_statementContext.accept(KeYParser.java:802)
	at org.antlr.v4.runtime.tree.AbstractParseTreeVisitor.visitChildren(AbstractParseTreeVisitor.java:46)
	at de.uka.ilkd.key.nparser.KeYParserBaseVisitor.visitDecls(KeYParserBaseVisitor.java:30)
	at de.uka.ilkd.key.nparser.KeYParser$DeclsContext.accept(KeYParser.java:500)
	at org.antlr.v4.runtime.tree.AbstractParseTreeVisitor.visitChildren(AbstractParseTreeVisitor.java:46)
	at de.uka.ilkd.key.nparser.KeYParserBaseVisitor.visitFile(KeYParserBaseVisitor.java:23)
	at de.uka.ilkd.key.nparser.KeYParser$FileContext.accept(KeYParser.java:306)
	at de.uka.ilkd.key.nparser.KeyAst.accept(KeyAst.java:41)
	at de.uka.ilkd.key.nparser.KeyAst$File.getIncludes(KeyAst.java:76)
	at de.uka.ilkd.key.proof.io.KeYFile.readIncludes(KeYFile.java:208)
	... 14 more
Could not find rule file rules/intRulesCheckedSemantics.key (file: /home/runner/work/key/key/key.core/../key.ui/examples/index/.././heap/permissions/threads/Sampler_preStart_accessible.key; caused by: de.uka.ilkd.key.proof.init.ProofInputException: Could not find rule file rules/intRulesCheckedSemantics.key)
	at de.uka.ilkd.key.control.AbstractUserInterfaceControl.load(AbstractUserInterfaceControl.java:221)
	at de.uka.ilkd.key.control.KeYEnvironment.load(KeYEnvironment.java:251)
	at de.uka.ilkd.key.control.KeYEnvironment.load(KeYEnvironment.java:224)
	at de.uka.ilkd.key.control.KeYEnvironment.load(KeYEnvironment.java:184)
	at de.uka.ilkd.key.control.KeYEnvironment.load(KeYEnvironment.java:261)
	at de.uka.ilkd.key.proof.runallproofs.proofcollection.TestFile.load(TestFile.java:270)
	at de.uka.ilkd.key.proof.runallproofs.proofcollection.TestFile.runKey(TestFile.java:160)
	at de.uka.ilkd.key.proof.runallproofs.proofcollection.ForkedTestFileRunner.main(ForkedTestFileRunner.java:171)
Caused by: de.uka.ilkd.key.proof.init.ProofInputException: Could not find rule file rules/intRulesCheckedSemantics.key
	at de.uka.ilkd.key.proof.io.KeYFile.readIncludes(KeYFile.java:210)
	at de.uka.ilkd.key.proof.init.ProblemInitializer.readIncludes(ProblemInitializer.java:177)
	at de.uka.ilkd.key.proof.init.ProblemInitializer.readEnvInput(ProblemInitializer.java:325)
	at de.uka.ilkd.key.proof.init.ProblemInitializer.prepare(ProblemInitializer.java:449)
	at de.uka.ilkd.key.proof.io.AbstractProblemLoader.createInitConfig(AbstractProblemLoader.java:518)
	at de.uka.ilkd.key.proof.io.AbstractProblemLoader.loadEnvironment(AbstractProblemLoader.java:288)
	at de.uka.ilkd.key.proof.io.AbstractProblemLoader.load(AbstractProblemLoader.java:252)
	at de.uka.ilkd.key.control.AbstractUserInterfaceControl.load(AbstractUserInterfaceControl.java:209)
	... 7 more
Caused by: java.lang.RuntimeException: Could not find rule file rules/intRulesCheckedSemantics.key
	at de.uka.ilkd.key.proof.io.RuleSourceFactory.fromBuiltInRule(RuleSourceFactory.java:32)
	at de.uka.ilkd.key.proof.io.RuleSourceFactory.fromDefaultLocation(RuleSourceFactory.java:21)
	at de.uka.ilkd.key.nparser.builder.IncludeFinder.addInclude(IncludeFinder.java:63)
	at de.uka.ilkd.key.nparser.builder.IncludeFinder.visitOne_include(IncludeFinder.java:43)
	at de.uka.ilkd.key.nparser.builder.IncludeFinder.visitOne_include(IncludeFinder.java:20)
	at de.uka.ilkd.key.nparser.KeYParser$One_includeContext.accept(KeYParser.java:878)
	at de.uka.ilkd.key.nparser.builder.AbstractBuilder.lambda$mapOf$0(AbstractBuilder.java:112)
	at java.base/java.util.stream.ReferencePipeline$3$1.accept(ReferencePipeline.java:195)
	at java.base/java.util.ArrayList$ArrayListSpliterator.forEachRemaining(ArrayList.java:1655)
	at java.base/java.util.stream.AbstractPipeline.copyInto(AbstractPipeline.java:484)
	at java.base/java.util.stream.AbstractPipeline.wrapAndCopyInto(AbstractPipeline.java:474)
	at java.base/java.util.stream.ReduceOps$ReduceOp.evaluateSequential(ReduceOps.java:913)
	at java.base/java.util.stream.AbstractPipeline.evaluate(AbstractPipeline.java:234)
	at java.base/java.util.stream.ReferencePipeline.collect(ReferencePipeline.java:578)
	at de.uka.ilkd.key.nparser.builder.AbstractBuilder.mapOf(AbstractBuilder.java:112)
	at de.uka.ilkd.key.nparser.builder.IncludeFinder.visitOne_include_statement(IncludeFinder.java:35)
	at de.uka.ilkd.key.nparser.builder.IncludeFinder.visitOne_include_statement(IncludeFinder.java:20)
	at de.uka.ilkd.key.nparser.KeYParser$One_include_statementContext.accept(KeYParser.java:802)
	at org.antlr.v4.runtime.tree.AbstractParseTreeVisitor.visitChildren(AbstractParseTreeVisitor.java:46)
	at de.uka.ilkd.key.nparser.KeYParserBaseVisitor.visitDecls(KeYParserBaseVisitor.java:30)
	at de.uka.ilkd.key.nparser.KeYParser$DeclsContext.accept(KeYParser.java:500)
	at org.antlr.v4.runtime.tree.AbstractParseTreeVisitor.visitChildren(AbstractParseTreeVisitor.java:46)
	at de.uka.ilkd.key.nparser.KeYParserBaseVisitor.visitFile(KeYParserBaseVisitor.java:23)
	at de.uka.ilkd.key.nparser.KeYParser$FileContext.accept(KeYParser.java:306)
	at de.uka.ilkd.key.nparser.KeyAst.accept(KeyAst.java:41)
	at de.uka.ilkd.key.nparser.KeyAst$File.getIncludes(KeyAst.java:76)
	at de.uka.ilkd.key.proof.io.KeYFile.readIncludes(KeYFile.java:208)
	... 14 more
Could not find rule file rules/intRulesCheckedSemantics.key (file: /home/runner/work/key/key/key.core/../key.ui/examples/index/.././heap/permissions/threads/Sampler_run.key; caused by: de.uka.ilkd.key.proof.init.ProofInputException: Could not find rule file rules/intRulesCheckedSemantics.key)
	at de.uka.ilkd.key.control.AbstractUserInterfaceControl.load(AbstractUserInterfaceControl.java:221)
	at de.uka.ilkd.key.control.KeYEnvironment.load(KeYEnvironment.java:251)
	at de.uka.ilkd.key.control.KeYEnvironment.load(KeYEnvironment.java:224)
	at de.uka.ilkd.key.control.KeYEnvironment.load(KeYEnvironment.java:184)
	at de.uka.ilkd.key.control.KeYEnvironment.load(KeYEnvironment.java:261)
	at de.uka.ilkd.key.proof.runallproofs.proofcollection.TestFile.load(TestFile.java:270)
	at de.uka.ilkd.key.proof.runallproofs.proofcollection.TestFile.runKey(TestFile.java:160)
	at de.uka.ilkd.key.proof.runallproofs.proofcollection.ForkedTestFileRunner.main(ForkedTestFileRunner.java:171)
Caused by: de.uka.ilkd.key.proof.init.ProofInputException: Could not find rule file rules/intRulesCheckedSemantics.key
	at de.uka.ilkd.key.proof.io.KeYFile.readIncludes(KeYFile.java:210)
	at de.uka.ilkd.key.proof.init.ProblemInitializer.readIncludes(ProblemInitializer.java:177)
	at de.uka.ilkd.key.proof.init.ProblemInitializer.readEnvInput(ProblemInitializer.java:325)
	at de.uka.ilkd.key.proof.init.ProblemInitializer.prepare(ProblemInitializer.java:449)
	at de.uka.ilkd.key.proof.io.AbstractProblemLoader.createInitConfig(AbstractProblemLoader.java:518)
	at de.uka.ilkd.key.proof.io.AbstractProblemLoader.loadEnvironment(AbstractProblemLoader.java:288)
	at de.uka.ilkd.key.proof.io.AbstractProblemLoader.load(AbstractProblemLoader.java:252)
	at de.uka.ilkd.key.control.AbstractUserInterfaceControl.load(AbstractUserInterfaceControl.java:209)
	... 7 more
Caused by: java.lang.RuntimeException: Could not find rule file rules/intRulesCheckedSemantics.key
	at de.uka.ilkd.key.proof.io.RuleSourceFactory.fromBuiltInRule(RuleSourceFactory.java:32)
	at de.uka.ilkd.key.proof.io.RuleSourceFactory.fromDefaultLocation(RuleSourceFactory.java:21)
	at de.uka.ilkd.key.nparser.builder.IncludeFinder.addInclude(IncludeFinder.java:63)
	at de.uka.ilkd.key.nparser.builder.IncludeFinder.visitOne_include(IncludeFinder.java:43)
	at de.uka.ilkd.key.nparser.builder.IncludeFinder.visitOne_include(IncludeFinder.java:20)
	at de.uka.ilkd.key.nparser.KeYParser$One_includeContext.accept(KeYParser.java:878)
	at de.uka.ilkd.key.nparser.builder.AbstractBuilder.lambda$mapOf$0(AbstractBuilder.java:112)
	at java.base/java.util.stream.ReferencePipeline$3$1.accept(ReferencePipeline.java:195)
	at java.base/java.util.ArrayList$ArrayListSpliterator.forEachRemaining(ArrayList.java:1655)
	at java.base/java.util.stream.AbstractPipeline.copyInto(AbstractPipeline.java:484)
	at java.base/java.util.stream.AbstractPipeline.wrapAndCopyInto(AbstractPipeline.java:474)
	at java.base/java.util.stream.ReduceOps$ReduceOp.evaluateSequential(ReduceOps.java:913)
	at java.base/java.util.stream.AbstractPipeline.evaluate(AbstractPipeline.java:234)
	at java.base/java.util.stream.ReferencePipeline.collect(ReferencePipeline.java:578)
	at de.uka.ilkd.key.nparser.builder.AbstractBuilder.mapOf(AbstractBuilder.java:112)
	at de.uka.ilkd.key.nparser.builder.IncludeFinder.visitOne_include_statement(IncludeFinder.java:35)
	at de.uka.ilkd.key.nparser.builder.IncludeFinder.visitOne_include_statement(IncludeFinder.java:20)
	at de.uka.ilkd.key.nparser.KeYParser$One_include_statementContext.accept(KeYParser.java:802)
	at org.antlr.v4.runtime.tree.AbstractParseTreeVisitor.visitChildren(AbstractParseTreeVisitor.java:46)
	at de.uka.ilkd.key.nparser.KeYParserBaseVisitor.visitDecls(KeYParserBaseVisitor.java:30)
	at de.uka.ilkd.key.nparser.KeYParser$DeclsContext.accept(KeYParser.java:500)
	at org.antlr.v4.runtime.tree.AbstractParseTreeVisitor.visitChildren(AbstractParseTreeVisitor.java:46)
	at de.uka.ilkd.key.nparser.KeYParserBaseVisitor.visitFile(KeYParserBaseVisitor.java:23)
	at de.uka.ilkd.key.nparser.KeYParser$FileContext.accept(KeYParser.java:306)
	at de.uka.ilkd.key.nparser.KeyAst.accept(KeyAst.java:41)
	at de.uka.ilkd.key.nparser.KeyAst$File.getIncludes(KeyAst.java:76)
	at de.uka.ilkd.key.proof.io.KeYFile.readIncludes(KeYFile.java:208)
	... 14 more
Could not find rule file rules/intRulesCheckedSemantics.key (file: /home/runner/work/key/key/key.core/../key.ui/examples/index/.././heap/permissions/threads/Sampler_Sampler.key; caused by: de.uka.ilkd.key.proof.init.ProofInputException: Could not find rule file rules/intRulesCheckedSemantics.key)
	at de.uka.ilkd.key.control.AbstractUserInterfaceControl.load(AbstractUserInterfaceControl.java:221)
	at de.uka.ilkd.key.control.KeYEnvironment.load(KeYEnvironment.java:251)
	at de.uka.ilkd.key.control.KeYEnvironment.load(KeYEnvironment.java:224)
	at de.uka.ilkd.key.control.KeYEnvironment.load(KeYEnvironment.java:184)
	at de.uka.ilkd.key.control.KeYEnvironment.load(KeYEnvironment.java:261)
	at de.uka.ilkd.key.proof.runallproofs.proofcollection.TestFile.load(TestFile.java:270)
	at de.uka.ilkd.key.proof.runallproofs.proofcollection.TestFile.runKey(TestFile.java:160)
	at de.uka.ilkd.key.proof.runallproofs.proofcollection.ForkedTestFileRunner.main(ForkedTestFileRunner.java:171)
Caused by: de.uka.ilkd.key.proof.init.ProofInputException: Could not find rule file rules/intRulesCheckedSemantics.key
	at de.uka.ilkd.key.proof.io.KeYFile.readIncludes(KeYFile.java:210)
	at de.uka.ilkd.key.proof.init.ProblemInitializer.readIncludes(ProblemInitializer.java:177)
	at de.uka.ilkd.key.proof.init.ProblemInitializer.readEnvInput(ProblemInitializer.java:325)
	at de.uka.ilkd.key.proof.init.ProblemInitializer.prepare(ProblemInitializer.java:449)
	at de.uka.ilkd.key.proof.io.AbstractProblemLoader.createInitConfig(AbstractProblemLoader.java:518)
	at de.uka.ilkd.key.proof.io.AbstractProblemLoader.loadEnvironment(AbstractProblemLoader.java:288)
	at de.uka.ilkd.key.proof.io.AbstractProblemLoader.load(AbstractProblemLoader.java:252)
	at de.uka.ilkd.key.control.AbstractUserInterfaceControl.load(AbstractUserInterfaceControl.java:209)
	... 7 more
Caused by: java.lang.RuntimeException: Could not find rule file rules/intRulesCheckedSemantics.key
	at de.uka.ilkd.key.proof.io.RuleSourceFactory.fromBuiltInRule(RuleSourceFactory.java:32)
	at de.uka.ilkd.key.proof.io.RuleSourceFactory.fromDefaultLocation(RuleSourceFactory.java:21)
	at de.uka.ilkd.key.nparser.builder.IncludeFinder.addInclude(IncludeFinder.java:63)
	at de.uka.ilkd.key.nparser.builder.IncludeFinder.visitOne_include(IncludeFinder.java:43)
	at de.uka.ilkd.key.nparser.builder.IncludeFinder.visitOne_include(IncludeFinder.java:20)
	at de.uka.ilkd.key.nparser.KeYParser$One_includeContext.accept(KeYParser.java:878)
	at de.uka.ilkd.key.nparser.builder.AbstractBuilder.lambda$mapOf$0(AbstractBuilder.java:112)
	at java.base/java.util.stream.ReferencePipeline$3$1.accept(ReferencePipeline.java:195)
	at java.base/java.util.ArrayList$ArrayListSpliterator.forEachRemaining(ArrayList.java:1655)
	at java.base/java.util.stream.AbstractPipeline.copyInto(AbstractPipeline.java:484)
	at java.base/java.util.stream.AbstractPipeline.wrapAndCopyInto(AbstractPipeline.java:474)
	at java.base/java.util.stream.ReduceOps$ReduceOp.evaluateSequential(ReduceOps.java:913)
	at java.base/java.util.stream.AbstractPipeline.evaluate(AbstractPipeline.java:234)
	at java.base/java.util.stream.ReferencePipeline.collect(ReferencePipeline.java:578)
	at de.uka.ilkd.key.nparser.builder.AbstractBuilder.mapOf(AbstractBuilder.java:112)
	at de.uka.ilkd.key.nparser.builder.IncludeFinder.visitOne_include_statement(IncludeFinder.java:35)
	at de.uka.ilkd.key.nparser.builder.IncludeFinder.visitOne_include_statement(IncludeFinder.java:20)
	at de.uka.ilkd.key.nparser.KeYParser$One_include_statementContext.accept(KeYParser.java:802)
	at org.antlr.v4.runtime.tree.AbstractParseTreeVisitor.visitChildren(AbstractParseTreeVisitor.java:46)
	at de.uka.ilkd.key.nparser.KeYParserBaseVisitor.visitDecls(KeYParserBaseVisitor.java:30)
	at de.uka.ilkd.key.nparser.KeYParser$DeclsContext.accept(KeYParser.java:500)
	at org.antlr.v4.runtime.tree.AbstractParseTreeVisitor.visitChildren(AbstractParseTreeVisitor.java:46)
	at de.uka.ilkd.key.nparser.KeYParserBaseVisitor.visitFile(KeYParserBaseVisitor.java:23)
	at de.uka.ilkd.key.nparser.KeYParser$FileContext.accept(KeYParser.java:306)
	at de.uka.ilkd.key.nparser.KeyAst.accept(KeyAst.java:41)
	at de.uka.ilkd.key.nparser.KeyAst$File.getIncludes(KeyAst.java:76)
	at de.uka.ilkd.key.proof.io.KeYFile.readIncludes(KeYFile.java:208)
	... 14 more
Could not find rule file rules/intRulesCheckedSemantics.key (file: /home/runner/work/key/key/key.core/../key.ui/examples/index/.././heap/permissions/threads/Sampler_startTransfer_accessible.key; caused by: de.uka.ilkd.key.proof.init.ProofInputException: Could not find rule file rules/intRulesCheckedSemantics.key)
	at de.uka.ilkd.key.control.AbstractUserInterfaceControl.load(AbstractUserInterfaceControl.java:221)
	at de.uka.ilkd.key.control.KeYEnvironment.load(KeYEnvironment.java:251)
	at de.uka.ilkd.key.control.KeYEnvironment.load(KeYEnvironment.java:224)
	at de.uka.ilkd.key.control.KeYEnvironment.load(KeYEnvironment.java:184)
	at de.uka.ilkd.key.control.KeYEnvironment.load(KeYEnvironment.java:261)
	at de.uka.ilkd.key.proof.runallproofs.proofcollection.TestFile.load(TestFile.java:270)
	at de.uka.ilkd.key.proof.runallproofs.proofcollection.TestFile.runKey(TestFile.java:160)
	at de.uka.ilkd.key.proof.runallproofs.proofcollection.ForkedTestFileRunner.main(ForkedTestFileRunner.java:171)
Caused by: de.uka.ilkd.key.proof.init.ProofInputException: Could not find rule file rules/intRulesCheckedSemantics.key
	at de.uka.ilkd.key.proof.io.KeYFile.readIncludes(KeYFile.java:210)
	at de.uka.ilkd.key.proof.init.ProblemInitializer.readIncludes(ProblemInitializer.java:177)
	at de.uka.ilkd.key.proof.init.ProblemInitializer.readEnvInput(ProblemInitializer.java:325)
	at de.uka.ilkd.key.proof.init.ProblemInitializer.prepare(ProblemInitializer.java:449)
	at de.uka.ilkd.key.proof.io.AbstractProblemLoader.createInitConfig(AbstractProblemLoader.java:518)
	at de.uka.ilkd.key.proof.io.AbstractProblemLoader.loadEnvironment(AbstractProblemLoader.java:288)
	at de.uka.ilkd.key.proof.io.AbstractProblemLoader.load(AbstractProblemLoader.java:252)
	at de.uka.ilkd.key.control.AbstractUserInterfaceControl.load(AbstractUserInterfaceControl.java:209)
	... 7 more
Caused by: java.lang.RuntimeException: Could not find rule file rules/intRulesCheckedSemantics.key
	at de.uka.ilkd.key.proof.io.RuleSourceFactory.fromBuiltInRule(RuleSourceFactory.java:32)
	at de.uka.ilkd.key.proof.io.RuleSourceFactory.fromDefaultLocation(RuleSourceFactory.java:21)
	at de.uka.ilkd.key.nparser.builder.IncludeFinder.addInclude(IncludeFinder.java:63)
	at de.uka.ilkd.key.nparser.builder.IncludeFinder.visitOne_include(IncludeFinder.java:43)
	at de.uka.ilkd.key.nparser.builder.IncludeFinder.visitOne_include(IncludeFinder.java:20)
	at de.uka.ilkd.key.nparser.KeYParser$One_includeContext.accept(KeYParser.java:878)
	at de.uka.ilkd.key.nparser.builder.AbstractBuilder.lambda$mapOf$0(AbstractBuilder.java:112)
	at java.base/java.util.stream.ReferencePipeline$3$1.accept(ReferencePipeline.java:195)
	at java.base/java.util.ArrayList$ArrayListSpliterator.forEachRemaining(ArrayList.java:1655)
	at java.base/java.util.stream.AbstractPipeline.copyInto(AbstractPipeline.java:484)
	at java.base/java.util.stream.AbstractPipeline.wrapAndCopyInto(AbstractPipeline.java:474)
	at java.base/java.util.stream.ReduceOps$ReduceOp.evaluateSequential(ReduceOps.java:913)
	at java.base/java.util.stream.AbstractPipeline.evaluate(AbstractPipeline.java:234)
	at java.base/java.util.stream.ReferencePipeline.collect(ReferencePipeline.java:578)
	at de.uka.ilkd.key.nparser.builder.AbstractBuilder.mapOf(AbstractBuilder.java:112)
	at de.uka.ilkd.key.nparser.builder.IncludeFinder.visitOne_include_statement(IncludeFinder.java:35)
	at de.uka.ilkd.key.nparser.builder.IncludeFinder.visitOne_include_statement(IncludeFinder.java:20)
	at de.uka.ilkd.key.nparser.KeYParser$One_include_statementContext.accept(KeYParser.java:802)
	at org.antlr.v4.runtime.tree.AbstractParseTreeVisitor.visitChildren(AbstractParseTreeVisitor.java:46)
	at de.uka.ilkd.key.nparser.KeYParserBaseVisitor.visitDecls(KeYParserBaseVisitor.java:30)
	at de.uka.ilkd.key.nparser.KeYParser$DeclsContext.accept(KeYParser.java:500)
	at org.antlr.v4.runtime.tree.AbstractParseTreeVisitor.visitChildren(AbstractParseTreeVisitor.java:46)
	at de.uka.ilkd.key.nparser.KeYParserBaseVisitor.visitFile(KeYParserBaseVisitor.java:23)
	at de.uka.ilkd.key.nparser.KeYParser$FileContext.accept(KeYParser.java:306)
	at de.uka.ilkd.key.nparser.KeyAst.accept(KeyAst.java:41)
	at de.uka.ilkd.key.nparser.KeyAst$File.getIncludes(KeyAst.java:76)
	at de.uka.ilkd.key.proof.io.KeYFile.readIncludes(KeYFile.java:208)
	... 14 more
Could not find rule file rules/intRulesCheckedSemantics.key (file: /home/runner/work/key/key/key.core/../key.ui/examples/index/.././heap/permissions/threads/Sampler_startTransfer_contract.key; caused by: de.uka.ilkd.key.proof.init.ProofInputException: Could not find rule file rules/intRulesCheckedSemantics.key)
	at de.uka.ilkd.key.control.AbstractUserInterfaceControl.load(AbstractUserInterfaceControl.java:221)
	at de.uka.ilkd.key.control.KeYEnvironment.load(KeYEnvironment.java:251)
	at de.uka.ilkd.key.control.KeYEnvironment.load(KeYEnvironment.java:224)
	at de.uka.ilkd.key.control.KeYEnvironment.load(KeYEnvironment.java:184)
	at de.uka.ilkd.key.control.KeYEnvironment.load(KeYEnvironment.java:261)
	at de.uka.ilkd.key.proof.runallproofs.proofcollection.TestFile.load(TestFile.java:270)
	at de.uka.ilkd.key.proof.runallproofs.proofcollection.TestFile.runKey(TestFile.java:160)
	at de.uka.ilkd.key.proof.runallproofs.proofcollection.ForkedTestFileRunner.main(ForkedTestFileRunner.java:171)
Caused by: de.uka.ilkd.key.proof.init.ProofInputException: Could not find rule file rules/intRulesCheckedSemantics.key
	at de.uka.ilkd.key.proof.io.KeYFile.readIncludes(KeYFile.java:210)
	at de.uka.ilkd.key.proof.init.ProblemInitializer.readIncludes(ProblemInitializer.java:177)
	at de.uka.ilkd.key.proof.init.ProblemInitializer.readEnvInput(ProblemInitializer.java:325)
	at de.uka.ilkd.key.proof.init.ProblemInitializer.prepare(ProblemInitializer.java:449)
	at de.uka.ilkd.key.proof.io.AbstractProblemLoader.createInitConfig(AbstractProblemLoader.java:518)
	at de.uka.ilkd.key.proof.io.AbstractProblemLoader.loadEnvironment(AbstractProblemLoader.java:288)
	at de.uka.ilkd.key.proof.io.AbstractProblemLoader.load(AbstractProblemLoader.java:252)
	at de.uka.ilkd.key.control.AbstractUserInterfaceControl.load(AbstractUserInterfaceControl.java:209)
	... 7 more
Caused by: java.lang.RuntimeException: Could not find rule file rules/intRulesCheckedSemantics.key
	at de.uka.ilkd.key.proof.io.RuleSourceFactory.fromBuiltInRule(RuleSourceFactory.java:32)
	at de.uka.ilkd.key.proof.io.RuleSourceFactory.fromDefaultLocation(RuleSourceFactory.java:21)
	at de.uka.ilkd.key.nparser.builder.IncludeFinder.addInclude(IncludeFinder.java:63)
	at de.uka.ilkd.key.nparser.builder.IncludeFinder.visitOne_include(IncludeFinder.java:43)
	at de.uka.ilkd.key.nparser.builder.IncludeFinder.visitOne_include(IncludeFinder.java:20)
	at de.uka.ilkd.key.nparser.KeYParser$One_includeContext.accept(KeYParser.java:878)
	at de.uka.ilkd.key.nparser.builder.AbstractBuilder.lambda$mapOf$0(AbstractBuilder.java:112)
	at java.base/java.util.stream.ReferencePipeline$3$1.accept(ReferencePipeline.java:195)
	at java.base/java.util.ArrayList$ArrayListSpliterator.forEachRemaining(ArrayList.java:1655)
	at java.base/java.util.stream.AbstractPipeline.copyInto(AbstractPipeline.java:484)
	at java.base/java.util.stream.AbstractPipeline.wrapAndCopyInto(AbstractPipeline.java:474)
	at java.base/java.util.stream.ReduceOps$ReduceOp.evaluateSequential(ReduceOps.java:913)
	at java.base/java.util.stream.AbstractPipeline.evaluate(AbstractPipeline.java:234)
	at java.base/java.util.stream.ReferencePipeline.collect(ReferencePipeline.java:578)
	at de.uka.ilkd.key.nparser.builder.AbstractBuilder.mapOf(AbstractBuilder.java:112)
	at de.uka.ilkd.key.nparser.builder.IncludeFinder.visitOne_include_statement(IncludeFinder.java:35)
	at de.uka.ilkd.key.nparser.builder.IncludeFinder.visitOne_include_statement(IncludeFinder.java:20)
	at de.uka.ilkd.key.nparser.KeYParser$One_include_statementContext.accept(KeYParser.java:802)
	at org.antlr.v4.runtime.tree.AbstractParseTreeVisitor.visitChildren(AbstractParseTreeVisitor.java:46)
	at de.uka.ilkd.key.nparser.KeYParserBaseVisitor.visitDecls(KeYParserBaseVisitor.java:30)
	at de.uka.ilkd.key.nparser.KeYParser$DeclsContext.accept(KeYParser.java:500)
	at org.antlr.v4.runtime.tree.AbstractParseTreeVisitor.visitChildren(AbstractParseTreeVisitor.java:46)
	at de.uka.ilkd.key.nparser.KeYParserBaseVisitor.visitFile(KeYParserBaseVisitor.java:23)
	at de.uka.ilkd.key.nparser.KeYParser$FileContext.accept(KeYParser.java:306)
	at de.uka.ilkd.key.nparser.KeyAst.accept(KeyAst.java:41)
	at de.uka.ilkd.key.nparser.KeyAst$File.getIncludes(KeyAst.java:76)
	at de.uka.ilkd.key.proof.io.KeYFile.readIncludes(KeYFile.java:208)
	... 14 more
Could not find rule file rules/intRulesCheckedSemantics.key (file: /home/runner/work/key/key/key.core/../key.ui/examples/index/.././heap/permissions/threads/Sampler_stateInv_accessible.key; caused by: de.uka.ilkd.key.proof.init.ProofInputException: Could not find rule file rules/intRulesCheckedSemantics.key)
	at de.uka.ilkd.key.control.AbstractUserInterfaceControl.load(AbstractUserInterfaceControl.java:221)
	at de.uka.ilkd.key.control.KeYEnvironment.load(KeYEnvironment.java:251)
	at de.uka.ilkd.key.control.KeYEnvironment.load(KeYEnvironment.java:224)
	at de.uka.ilkd.key.control.KeYEnvironment.load(KeYEnvironment.java:184)
	at de.uka.ilkd.key.control.KeYEnvironment.load(KeYEnvironment.java:261)
	at de.uka.ilkd.key.proof.runallproofs.proofcollection.TestFile.load(TestFile.java:270)
	at de.uka.ilkd.key.proof.runallproofs.proofcollection.TestFile.runKey(TestFile.java:160)
	at de.uka.ilkd.key.proof.runallproofs.proofcollection.ForkedTestFileRunner.main(ForkedTestFileRunner.java:171)
Caused by: de.uka.ilkd.key.proof.init.ProofInputException: Could not find rule file rules/intRulesCheckedSemantics.key
	at de.uka.ilkd.key.proof.io.KeYFile.readIncludes(KeYFile.java:210)
	at de.uka.ilkd.key.proof.init.ProblemInitializer.readIncludes(ProblemInitializer.java:177)
	at de.uka.ilkd.key.proof.init.ProblemInitializer.readEnvInput(ProblemInitializer.java:325)
	at de.uka.ilkd.key.proof.init.ProblemInitializer.prepare(ProblemInitializer.java:449)
	at de.uka.ilkd.key.proof.io.AbstractProblemLoader.createInitConfig(AbstractProblemLoader.java:518)
	at de.uka.ilkd.key.proof.io.AbstractProblemLoader.loadEnvironment(AbstractProblemLoader.java:288)
	at de.uka.ilkd.key.proof.io.AbstractProblemLoader.load(AbstractProblemLoader.java:252)
	at de.uka.ilkd.key.control.AbstractUserInterfaceControl.load(AbstractUserInterfaceControl.java:209)
	... 7 more
Caused by: java.lang.RuntimeException: Could not find rule file rules/intRulesCheckedSemantics.key
	at de.uka.ilkd.key.proof.io.RuleSourceFactory.fromBuiltInRule(RuleSourceFactory.java:32)
	at de.uka.ilkd.key.proof.io.RuleSourceFactory.fromDefaultLocation(RuleSourceFactory.java:21)
	at de.uka.ilkd.key.nparser.builder.IncludeFinder.addInclude(IncludeFinder.java:63)
	at de.uka.ilkd.key.nparser.builder.IncludeFinder.visitOne_include(IncludeFinder.java:43)
	at de.uka.ilkd.key.nparser.builder.IncludeFinder.visitOne_include(IncludeFinder.java:20)
	at de.uka.ilkd.key.nparser.KeYParser$One_includeContext.accept(KeYParser.java:878)
	at de.uka.ilkd.key.nparser.builder.AbstractBuilder.lambda$mapOf$0(AbstractBuilder.java:112)
	at java.base/java.util.stream.ReferencePipeline$3$1.accept(ReferencePipeline.java:195)
	at java.base/java.util.ArrayList$ArrayListSpliterator.forEachRemaining(ArrayList.java:1655)
	at java.base/java.util.stream.AbstractPipeline.copyInto(AbstractPipeline.java:484)
	at java.base/java.util.stream.AbstractPipeline.wrapAndCopyInto(AbstractPipeline.java:474)
	at java.base/java.util.stream.ReduceOps$ReduceOp.evaluateSequential(ReduceOps.java:913)
	at java.base/java.util.stream.AbstractPipeline.evaluate(AbstractPipeline.java:234)
	at java.base/java.util.stream.ReferencePipeline.collect(ReferencePipeline.java:578)
	at de.uka.ilkd.key.nparser.builder.AbstractBuilder.mapOf(AbstractBuilder.java:112)
	at de.uka.ilkd.key.nparser.builder.IncludeFinder.visitOne_include_statement(IncludeFinder.java:35)
	at de.uka.ilkd.key.nparser.builder.IncludeFinder.visitOne_include_statement(IncludeFinder.java:20)
	at de.uka.ilkd.key.nparser.KeYParser$One_include_statementContext.accept(KeYParser.java:802)
	at org.antlr.v4.runtime.tree.AbstractParseTreeVisitor.visitChildren(AbstractParseTreeVisitor.java:46)
	at de.uka.ilkd.key.nparser.KeYParserBaseVisitor.visitDecls(KeYParserBaseVisitor.java:30)
	at de.uka.ilkd.key.nparser.KeYParser$DeclsContext.accept(KeYParser.java:500)
	at org.antlr.v4.runtime.tree.AbstractParseTreeVisitor.visitChildren(AbstractParseTreeVisitor.java:46)
	at de.uka.ilkd.key.nparser.KeYParserBaseVisitor.visitFile(KeYParserBaseVisitor.java:23)
	at de.uka.ilkd.key.nparser.KeYParser$FileContext.accept(KeYParser.java:306)
	at de.uka.ilkd.key.nparser.KeyAst.accept(KeyAst.java:41)
	at de.uka.ilkd.key.nparser.KeyAst$File.getIncludes(KeyAst.java:76)
	at de.uka.ilkd.key.proof.io.KeYFile.readIncludes(KeYFile.java:208)
	... 14 more
Could not find rule file rules/intRulesCheckedSemantics.key (file: /home/runner/work/key/key/key.core/../key.ui/examples/index/.././heap/permissions/threads/Sampler_staticPermissions_accessible.key; caused by: de.uka.ilkd.key.proof.init.ProofInputException: Could not find rule file rules/intRulesCheckedSemantics.key)
	at de.uka.ilkd.key.control.AbstractUserInterfaceControl.load(AbstractUserInterfaceControl.java:221)
	at de.uka.ilkd.key.control.KeYEnvironment.load(KeYEnvironment.java:251)
	at de.uka.ilkd.key.control.KeYEnvironment.load(KeYEnvironment.java:224)
	at de.uka.ilkd.key.control.KeYEnvironment.load(KeYEnvironment.java:184)
	at de.uka.ilkd.key.control.KeYEnvironment.load(KeYEnvironment.java:261)
	at de.uka.ilkd.key.proof.runallproofs.proofcollection.TestFile.load(TestFile.java:270)
	at de.uka.ilkd.key.proof.runallproofs.proofcollection.TestFile.runKey(TestFile.java:160)
	at de.uka.ilkd.key.proof.runallproofs.proofcollection.ForkedTestFileRunner.main(ForkedTestFileRunner.java:171)
Caused by: de.uka.ilkd.key.proof.init.ProofInputException: Could not find rule file rules/intRulesCheckedSemantics.key
	at de.uka.ilkd.key.proof.io.KeYFile.readIncludes(KeYFile.java:210)
	at de.uka.ilkd.key.proof.init.ProblemInitializer.readIncludes(ProblemInitializer.java:177)
	at de.uka.ilkd.key.proof.init.ProblemInitializer.readEnvInput(ProblemInitializer.java:325)
	at de.uka.ilkd.key.proof.init.ProblemInitializer.prepare(ProblemInitializer.java:449)
	at de.uka.ilkd.key.proof.io.AbstractProblemLoader.createInitConfig(AbstractProblemLoader.java:518)
	at de.uka.ilkd.key.proof.io.AbstractProblemLoader.loadEnvironment(AbstractProblemLoader.java:288)
	at de.uka.ilkd.key.proof.io.AbstractProblemLoader.load(AbstractProblemLoader.java:252)
	at de.uka.ilkd.key.control.AbstractUserInterfaceControl.load(AbstractUserInterfaceControl.java:209)
	... 7 more
Caused by: java.lang.RuntimeException: Could not find rule file rules/intRulesCheckedSemantics.key
	at de.uka.ilkd.key.proof.io.RuleSourceFactory.fromBuiltInRule(RuleSourceFactory.java:32)
	at de.uka.ilkd.key.proof.io.RuleSourceFactory.fromDefaultLocation(RuleSourceFactory.java:21)
	at de.uka.ilkd.key.nparser.builder.IncludeFinder.addInclude(IncludeFinder.java:63)
	at de.uka.ilkd.key.nparser.builder.IncludeFinder.visitOne_include(IncludeFinder.java:43)
	at de.uka.ilkd.key.nparser.builder.IncludeFinder.visitOne_include(IncludeFinder.java:20)
	at de.uka.ilkd.key.nparser.KeYParser$One_includeContext.accept(KeYParser.java:878)
	at de.uka.ilkd.key.nparser.builder.AbstractBuilder.lambda$mapOf$0(AbstractBuilder.java:112)
	at java.base/java.util.stream.ReferencePipeline$3$1.accept(ReferencePipeline.java:195)
	at java.base/java.util.ArrayList$ArrayListSpliterator.forEachRemaining(ArrayList.java:1655)
	at java.base/java.util.stream.AbstractPipeline.copyInto(AbstractPipeline.java:484)
	at java.base/java.util.stream.AbstractPipeline.wrapAndCopyInto(AbstractPipeline.java:474)
	at java.base/java.util.stream.ReduceOps$ReduceOp.evaluateSequential(ReduceOps.java:913)
	at java.base/java.util.stream.AbstractPipeline.evaluate(AbstractPipeline.java:234)
	at java.base/java.util.stream.ReferencePipeline.collect(ReferencePipeline.java:578)
	at de.uka.ilkd.key.nparser.builder.AbstractBuilder.mapOf(AbstractBuilder.java:112)
	at de.uka.ilkd.key.nparser.builder.IncludeFinder.visitOne_include_statement(IncludeFinder.java:35)
	at de.uka.ilkd.key.nparser.builder.IncludeFinder.visitOne_include_statement(IncludeFinder.java:20)
	at de.uka.ilkd.key.nparser.KeYParser$One_include_statementContext.accept(KeYParser.java:802)
	at org.antlr.v4.runtime.tree.AbstractParseTreeVisitor.visitChildren(AbstractParseTreeVisitor.java:46)
	at de.uka.ilkd.key.nparser.KeYParserBaseVisitor.visitDecls(KeYParserBaseVisitor.java:30)
	at de.uka.ilkd.key.nparser.KeYParser$DeclsContext.accept(KeYParser.java:500)
	at org.antlr.v4.runtime.tree.AbstractParseTreeVisitor.visitChildren(AbstractParseTreeVisitor.java:46)
	at de.uka.ilkd.key.nparser.KeYParserBaseVisitor.visitFile(KeYParserBaseVisitor.java:23)
	at de.uka.ilkd.key.nparser.KeYParser$FileContext.accept(KeYParser.java:306)
	at de.uka.ilkd.key.nparser.KeyAst.accept(KeyAst.java:41)
	at de.uka.ilkd.key.nparser.KeyAst$File.getIncludes(KeyAst.java:76)
	at de.uka.ilkd.key.proof.io.KeYFile.readIncludes(KeYFile.java:208)
	... 14 more
Could not find rule file rules/intRulesCheckedSemantics.key (file: /home/runner/work/key/key/key.core/../key.ui/examples/index/.././heap/permissions/threads/Sampler_workingPermissions_accessible.key; caused by: de.uka.ilkd.key.proof.init.ProofInputException: Could not find rule file rules/intRulesCheckedSemantics.key)
	at de.uka.ilkd.key.control.AbstractUserInterfaceControl.load(AbstractUserInterfaceControl.java:221)
	at de.uka.ilkd.key.control.KeYEnvironment.load(KeYEnvironment.java:251)
	at de.uka.ilkd.key.control.KeYEnvironment.load(KeYEnvironment.java:224)
	at de.uka.ilkd.key.control.KeYEnvironment.load(KeYEnvironment.java:184)
	at de.uka.ilkd.key.control.KeYEnvironment.load(KeYEnvironment.java:261)
	at de.uka.ilkd.key.proof.runallproofs.proofcollection.TestFile.load(TestFile.java:270)
	at de.uka.ilkd.key.proof.runallproofs.proofcollection.TestFile.runKey(TestFile.java:160)
	at de.uka.ilkd.key.proof.runallproofs.proofcollection.ForkedTestFileRunner.main(ForkedTestFileRunner.java:171)
Caused by: de.uka.ilkd.key.proof.init.ProofInputException: Could not find rule file rules/intRulesCheckedSemantics.key
	at de.uka.ilkd.key.proof.io.KeYFile.readIncludes(KeYFile.java:210)
	at de.uka.ilkd.key.proof.init.ProblemInitializer.readIncludes(ProblemInitializer.java:177)
	at de.uka.ilkd.key.proof.init.ProblemInitializer.readEnvInput(ProblemInitializer.java:325)
	at de.uka.ilkd.key.proof.init.ProblemInitializer.prepare(ProblemInitializer.java:449)
	at de.uka.ilkd.key.proof.io.AbstractProblemLoader.createInitConfig(AbstractProblemLoader.java:518)
	at de.uka.ilkd.key.proof.io.AbstractProblemLoader.loadEnvironment(AbstractProblemLoader.java:288)
	at de.uka.ilkd.key.proof.io.AbstractProblemLoader.load(AbstractProblemLoader.java:252)
	at de.uka.ilkd.key.control.AbstractUserInterfaceControl.load(AbstractUserInterfaceControl.java:209)
	... 7 more
Caused by: java.lang.RuntimeException: Could not find rule file rules/intRulesCheckedSemantics.key
	at de.uka.ilkd.key.proof.io.RuleSourceFactory.fromBuiltInRule(RuleSourceFactory.java:32)
	at de.uka.ilkd.key.proof.io.RuleSourceFactory.fromDefaultLocation(RuleSourceFactory.java:21)
	at de.uka.ilkd.key.nparser.builder.IncludeFinder.addInclude(IncludeFinder.java:63)
	at de.uka.ilkd.key.nparser.builder.IncludeFinder.visitOne_include(IncludeFinder.java:43)
	at de.uka.ilkd.key.nparser.builder.IncludeFinder.visitOne_include(IncludeFinder.java:20)
	at de.uka.ilkd.key.nparser.KeYParser$One_includeContext.accept(KeYParser.java:878)
	at de.uka.ilkd.key.nparser.builder.AbstractBuilder.lambda$mapOf$0(AbstractBuilder.java:112)
	at java.base/java.util.stream.ReferencePipeline$3$1.accept(ReferencePipeline.java:195)
	at java.base/java.util.ArrayList$ArrayListSpliterator.forEachRemaining(ArrayList.java:1655)
	at java.base/java.util.stream.AbstractPipeline.copyInto(AbstractPipeline.java:484)
	at java.base/java.util.stream.AbstractPipeline.wrapAndCopyInto(AbstractPipeline.java:474)
	at java.base/java.util.stream.ReduceOps$ReduceOp.evaluateSequential(ReduceOps.java:913)
	at java.base/java.util.stream.AbstractPipeline.evaluate(AbstractPipeline.java:234)
	at java.base/java.util.stream.ReferencePipeline.collect(ReferencePipeline.java:578)
	at de.uka.ilkd.key.nparser.builder.AbstractBuilder.mapOf(AbstractBuilder.java:112)
	at de.uka.ilkd.key.nparser.builder.IncludeFinder.visitOne_include_statement(IncludeFinder.java:35)
	at de.uka.ilkd.key.nparser.builder.IncludeFinder.visitOne_include_statement(IncludeFinder.java:20)
	at de.uka.ilkd.key.nparser.KeYParser$One_include_statementContext.accept(KeYParser.java:802)
	at org.antlr.v4.runtime.tree.AbstractParseTreeVisitor.visitChildren(AbstractParseTreeVisitor.java:46)
	at de.uka.ilkd.key.nparser.KeYParserBaseVisitor.visitDecls(KeYParserBaseVisitor.java:30)
	at de.uka.ilkd.key.nparser.KeYParser$DeclsContext.accept(KeYParser.java:500)
	at org.antlr.v4.runtime.tree.AbstractParseTreeVisitor.visitChildren(AbstractParseTreeVisitor.java:46)
	at de.uka.ilkd.key.nparser.KeYParserBaseVisitor.visitFile(KeYParserBaseVisitor.java:23)
	at de.uka.ilkd.key.nparser.KeYParser$FileContext.accept(KeYParser.java:306)
	at de.uka.ilkd.key.nparser.KeyAst.accept(KeyAst.java:41)
	at de.uka.ilkd.key.nparser.KeyAst$File.getIncludes(KeyAst.java:76)
	at de.uka.ilkd.key.proof.io.KeYFile.readIncludes(KeYFile.java:208)
	... 14 more
Could not find rule file rules/intRulesCheckedSemantics.key (file: /home/runner/work/key/key/key.core/../key.ui/examples/index/.././heap/permissions/mulleretal/ReadWrite_doRead_contract.key; caused by: de.uka.ilkd.key.proof.init.ProofInputException: Could not find rule file rules/intRulesCheckedSemantics.key)
	at de.uka.ilkd.key.control.AbstractUserInterfaceControl.load(AbstractUserInterfaceControl.java:221)
	at de.uka.ilkd.key.control.KeYEnvironment.load(KeYEnvironment.java:251)
	at de.uka.ilkd.key.control.KeYEnvironment.load(KeYEnvironment.java:224)
	at de.uka.ilkd.key.control.KeYEnvironment.load(KeYEnvironment.java:184)
	at de.uka.ilkd.key.control.KeYEnvironment.load(KeYEnvironment.java:261)
	at de.uka.ilkd.key.proof.runallproofs.proofcollection.TestFile.load(TestFile.java:270)
	at de.uka.ilkd.key.proof.runallproofs.proofcollection.TestFile.runKey(TestFile.java:160)
	at de.uka.ilkd.key.proof.runallproofs.proofcollection.ForkedTestFileRunner.main(ForkedTestFileRunner.java:171)
Caused by: de.uka.ilkd.key.proof.init.ProofInputException: Could not find rule file rules/intRulesCheckedSemantics.key
	at de.uka.ilkd.key.proof.io.KeYFile.readIncludes(KeYFile.java:210)
	at de.uka.ilkd.key.proof.init.ProblemInitializer.readIncludes(ProblemInitializer.java:177)
	at de.uka.ilkd.key.proof.init.ProblemInitializer.readEnvInput(ProblemInitializer.java:325)
	at de.uka.ilkd.key.proof.init.ProblemInitializer.prepare(ProblemInitializer.java:449)
	at de.uka.ilkd.key.proof.io.AbstractProblemLoader.createInitConfig(AbstractProblemLoader.java:518)
	at de.uka.ilkd.key.proof.io.AbstractProblemLoader.loadEnvironment(AbstractProblemLoader.java:288)
	at de.uka.ilkd.key.proof.io.AbstractProblemLoader.load(AbstractProblemLoader.java:252)
	at de.uka.ilkd.key.control.AbstractUserInterfaceControl.load(AbstractUserInterfaceControl.java:209)
	... 7 more
Caused by: java.lang.RuntimeException: Could not find rule file rules/intRulesCheckedSemantics.key
	at de.uka.ilkd.key.proof.io.RuleSourceFactory.fromBuiltInRule(RuleSourceFactory.java:32)
	at de.uka.ilkd.key.proof.io.RuleSourceFactory.fromDefaultLocation(RuleSourceFactory.java:21)
	at de.uka.ilkd.key.nparser.builder.IncludeFinder.addInclude(IncludeFinder.java:63)
	at de.uka.ilkd.key.nparser.builder.IncludeFinder.visitOne_include(IncludeFinder.java:43)
	at de.uka.ilkd.key.nparser.builder.IncludeFinder.visitOne_include(IncludeFinder.java:20)
	at de.uka.ilkd.key.nparser.KeYParser$One_includeContext.accept(KeYParser.java:878)
	at de.uka.ilkd.key.nparser.builder.AbstractBuilder.lambda$mapOf$0(AbstractBuilder.java:112)
	at java.base/java.util.stream.ReferencePipeline$3$1.accept(ReferencePipeline.java:195)
	at java.base/java.util.ArrayList$ArrayListSpliterator.forEachRemaining(ArrayList.java:1655)
	at java.base/java.util.stream.AbstractPipeline.copyInto(AbstractPipeline.java:484)
	at java.base/java.util.stream.AbstractPipeline.wrapAndCopyInto(AbstractPipeline.java:474)
	at java.base/java.util.stream.ReduceOps$ReduceOp.evaluateSequential(ReduceOps.java:913)
	at java.base/java.util.stream.AbstractPipeline.evaluate(AbstractPipeline.java:234)
	at java.base/java.util.stream.ReferencePipeline.collect(ReferencePipeline.java:578)
	at de.uka.ilkd.key.nparser.builder.AbstractBuilder.mapOf(AbstractBuilder.java:112)
	at de.uka.ilkd.key.nparser.builder.IncludeFinder.visitOne_include_statement(IncludeFinder.java:35)
	at de.uka.ilkd.key.nparser.builder.IncludeFinder.visitOne_include_statement(IncludeFinder.java:20)
	at de.uka.ilkd.key.nparser.KeYParser$One_include_statementContext.accept(KeYParser.java:802)
	at org.antlr.v4.runtime.tree.AbstractParseTreeVisitor.visitChildren(AbstractParseTreeVisitor.java:46)
	at de.uka.ilkd.key.nparser.KeYParserBaseVisitor.visitDecls(KeYParserBaseVisitor.java:30)
	at de.uka.ilkd.key.nparser.KeYParser$DeclsContext.accept(KeYParser.java:500)
	at org.antlr.v4.runtime.tree.AbstractParseTreeVisitor.visitChildren(AbstractParseTreeVisitor.java:46)
	at de.uka.ilkd.key.nparser.KeYParserBaseVisitor.visitFile(KeYParserBaseVisitor.java:23)
	at de.uka.ilkd.key.nparser.KeYParser$FileContext.accept(KeYParser.java:306)
	at de.uka.ilkd.key.nparser.KeyAst.accept(KeyAst.java:41)
	at de.uka.ilkd.key.nparser.KeyAst$File.getIncludes(KeyAst.java:76)
	at de.uka.ilkd.key.proof.io.KeYFile.readIncludes(KeYFile.java:208)
	... 14 more
Could not find rule file rules/intRulesCheckedSemantics.key (file: /home/runner/work/key/key/key.core/../key.ui/examples/index/.././heap/permissions/mulleretal/ReadWrite_doWrite_contract.key; caused by: de.uka.ilkd.key.proof.init.ProofInputException: Could not find rule file rules/intRulesCheckedSemantics.key)
	at de.uka.ilkd.key.control.AbstractUserInterfaceControl.load(AbstractUserInterfaceControl.java:221)
	at de.uka.ilkd.key.control.KeYEnvironment.load(KeYEnvironment.java:251)
	at de.uka.ilkd.key.control.KeYEnvironment.load(KeYEnvironment.java:224)
	at de.uka.ilkd.key.control.KeYEnvironment.load(KeYEnvironment.java:184)
	at de.uka.ilkd.key.control.KeYEnvironment.load(KeYEnvironment.java:261)
	at de.uka.ilkd.key.proof.runallproofs.proofcollection.TestFile.load(TestFile.java:270)
	at de.uka.ilkd.key.proof.runallproofs.proofcollection.TestFile.runKey(TestFile.java:160)
	at de.uka.ilkd.key.proof.runallproofs.proofcollection.ForkedTestFileRunner.main(ForkedTestFileRunner.java:171)
Caused by: de.uka.ilkd.key.proof.init.ProofInputException: Could not find rule file rules/intRulesCheckedSemantics.key
	at de.uka.ilkd.key.proof.io.KeYFile.readIncludes(KeYFile.java:210)
	at de.uka.ilkd.key.proof.init.ProblemInitializer.readIncludes(ProblemInitializer.java:177)
	at de.uka.ilkd.key.proof.init.ProblemInitializer.readEnvInput(ProblemInitializer.java:325)
	at de.uka.ilkd.key.proof.init.ProblemInitializer.prepare(ProblemInitializer.java:449)
	at de.uka.ilkd.key.proof.io.AbstractProblemLoader.createInitConfig(AbstractProblemLoader.java:518)
	at de.uka.ilkd.key.proof.io.AbstractProblemLoader.loadEnvironment(AbstractProblemLoader.java:288)
	at de.uka.ilkd.key.proof.io.AbstractProblemLoader.load(AbstractProblemLoader.java:252)
	at de.uka.ilkd.key.control.AbstractUserInterfaceControl.load(AbstractUserInterfaceControl.java:209)
	... 7 more
Caused by: java.lang.RuntimeException: Could not find rule file rules/intRulesCheckedSemantics.key
	at de.uka.ilkd.key.proof.io.RuleSourceFactory.fromBuiltInRule(RuleSourceFactory.java:32)
	at de.uka.ilkd.key.proof.io.RuleSourceFactory.fromDefaultLocation(RuleSourceFactory.java:21)
	at de.uka.ilkd.key.nparser.builder.IncludeFinder.addInclude(IncludeFinder.java:63)
	at de.uka.ilkd.key.nparser.builder.IncludeFinder.visitOne_include(IncludeFinder.java:43)
	at de.uka.ilkd.key.nparser.builder.IncludeFinder.visitOne_include(IncludeFinder.java:20)
	at de.uka.ilkd.key.nparser.KeYParser$One_includeContext.accept(KeYParser.java:878)
	at de.uka.ilkd.key.nparser.builder.AbstractBuilder.lambda$mapOf$0(AbstractBuilder.java:112)
	at java.base/java.util.stream.ReferencePipeline$3$1.accept(ReferencePipeline.java:195)
	at java.base/java.util.ArrayList$ArrayListSpliterator.forEachRemaining(ArrayList.java:1655)
	at java.base/java.util.stream.AbstractPipeline.copyInto(AbstractPipeline.java:484)
	at java.base/java.util.stream.AbstractPipeline.wrapAndCopyInto(AbstractPipeline.java:474)
	at java.base/java.util.stream.ReduceOps$ReduceOp.evaluateSequential(ReduceOps.java:913)
	at java.base/java.util.stream.AbstractPipeline.evaluate(AbstractPipeline.java:234)
	at java.base/java.util.stream.ReferencePipeline.collect(ReferencePipeline.java:578)
	at de.uka.ilkd.key.nparser.builder.AbstractBuilder.mapOf(AbstractBuilder.java:112)
	at de.uka.ilkd.key.nparser.builder.IncludeFinder.visitOne_include_statement(IncludeFinder.java:35)
	at de.uka.ilkd.key.nparser.builder.IncludeFinder.visitOne_include_statement(IncludeFinder.java:20)
	at de.uka.ilkd.key.nparser.KeYParser$One_include_statementContext.accept(KeYParser.java:802)
	at org.antlr.v4.runtime.tree.AbstractParseTreeVisitor.visitChildren(AbstractParseTreeVisitor.java:46)
	at de.uka.ilkd.key.nparser.KeYParserBaseVisitor.visitDecls(KeYParserBaseVisitor.java:30)
	at de.uka.ilkd.key.nparser.KeYParser$DeclsContext.accept(KeYParser.java:500)
	at org.antlr.v4.runtime.tree.AbstractParseTreeVisitor.visitChildren(AbstractParseTreeVisitor.java:46)
	at de.uka.ilkd.key.nparser.KeYParserBaseVisitor.visitFile(KeYParserBaseVisitor.java:23)
	at de.uka.ilkd.key.nparser.KeYParser$FileContext.accept(KeYParser.java:306)
	at de.uka.ilkd.key.nparser.KeyAst.accept(KeyAst.java:41)
	at de.uka.ilkd.key.nparser.KeyAst$File.getIncludes(KeyAst.java:76)
	at de.uka.ilkd.key.proof.io.KeYFile.readIncludes(KeYFile.java:208)
	... 14 more
Could not find rule file rules/intRulesCheckedSemantics.key (file: /home/runner/work/key/key/key.core/../key.ui/examples/index/.././heap/permissions/mulleretal/ReadWrite_read_contract.key; caused by: de.uka.ilkd.key.proof.init.ProofInputException: Could not find rule file rules/intRulesCheckedSemantics.key)
	at de.uka.ilkd.key.control.AbstractUserInterfaceControl.load(AbstractUserInterfaceControl.java:221)
	at de.uka.ilkd.key.control.KeYEnvironment.load(KeYEnvironment.java:251)
	at de.uka.ilkd.key.control.KeYEnvironment.load(KeYEnvironment.java:224)
	at de.uka.ilkd.key.control.KeYEnvironment.load(KeYEnvironment.java:184)
	at de.uka.ilkd.key.control.KeYEnvironment.load(KeYEnvironment.java:261)
	at de.uka.ilkd.key.proof.runallproofs.proofcollection.TestFile.load(TestFile.java:270)
	at de.uka.ilkd.key.proof.runallproofs.proofcollection.TestFile.runKey(TestFile.java:160)
	at de.uka.ilkd.key.proof.runallproofs.proofcollection.ForkedTestFileRunner.main(ForkedTestFileRunner.java:171)
Caused by: de.uka.ilkd.key.proof.init.ProofInputException: Could not find rule file rules/intRulesCheckedSemantics.key
	at de.uka.ilkd.key.proof.io.KeYFile.readIncludes(KeYFile.java:210)
	at de.uka.ilkd.key.proof.init.ProblemInitializer.readIncludes(ProblemInitializer.java:177)
	at de.uka.ilkd.key.proof.init.ProblemInitializer.readEnvInput(ProblemInitializer.java:325)
	at de.uka.ilkd.key.proof.init.ProblemInitializer.prepare(ProblemInitializer.java:449)
	at de.uka.ilkd.key.proof.io.AbstractProblemLoader.createInitConfig(AbstractProblemLoader.java:518)
	at de.uka.ilkd.key.proof.io.AbstractProblemLoader.loadEnvironment(AbstractProblemLoader.java:288)
	at de.uka.ilkd.key.proof.io.AbstractProblemLoader.load(AbstractProblemLoader.java:252)
	at de.uka.ilkd.key.control.AbstractUserInterfaceControl.load(AbstractUserInterfaceControl.java:209)
	... 7 more
Caused by: java.lang.RuntimeException: Could not find rule file rules/intRulesCheckedSemantics.key
	at de.uka.ilkd.key.proof.io.RuleSourceFactory.fromBuiltInRule(RuleSourceFactory.java:32)
	at de.uka.ilkd.key.proof.io.RuleSourceFactory.fromDefaultLocation(RuleSourceFactory.java:21)
	at de.uka.ilkd.key.nparser.builder.IncludeFinder.addInclude(IncludeFinder.java:63)
	at de.uka.ilkd.key.nparser.builder.IncludeFinder.visitOne_include(IncludeFinder.java:43)
	at de.uka.ilkd.key.nparser.builder.IncludeFinder.visitOne_include(IncludeFinder.java:20)
	at de.uka.ilkd.key.nparser.KeYParser$One_includeContext.accept(KeYParser.java:878)
	at de.uka.ilkd.key.nparser.builder.AbstractBuilder.lambda$mapOf$0(AbstractBuilder.java:112)
	at java.base/java.util.stream.ReferencePipeline$3$1.accept(ReferencePipeline.java:195)
	at java.base/java.util.ArrayList$ArrayListSpliterator.forEachRemaining(ArrayList.java:1655)
	at java.base/java.util.stream.AbstractPipeline.copyInto(AbstractPipeline.java:484)
	at java.base/java.util.stream.AbstractPipeline.wrapAndCopyInto(AbstractPipeline.java:474)
	at java.base/java.util.stream.ReduceOps$ReduceOp.evaluateSequential(ReduceOps.java:913)
	at java.base/java.util.stream.AbstractPipeline.evaluate(AbstractPipeline.java:234)
	at java.base/java.util.stream.ReferencePipeline.collect(ReferencePipeline.java:578)
	at de.uka.ilkd.key.nparser.builder.AbstractBuilder.mapOf(AbstractBuilder.java:112)
	at de.uka.ilkd.key.nparser.builder.IncludeFinder.visitOne_include_statement(IncludeFinder.java:35)
	at de.uka.ilkd.key.nparser.builder.IncludeFinder.visitOne_include_statement(IncludeFinder.java:20)
	at de.uka.ilkd.key.nparser.KeYParser$One_include_statementContext.accept(KeYParser.java:802)
	at org.antlr.v4.runtime.tree.AbstractParseTreeVisitor.visitChildren(AbstractParseTreeVisitor.java:46)
	at de.uka.ilkd.key.nparser.KeYParserBaseVisitor.visitDecls(KeYParserBaseVisitor.java:30)
	at de.uka.ilkd.key.nparser.KeYParser$DeclsContext.accept(KeYParser.java:500)
	at org.antlr.v4.runtime.tree.AbstractParseTreeVisitor.visitChildren(AbstractParseTreeVisitor.java:46)
	at de.uka.ilkd.key.nparser.KeYParserBaseVisitor.visitFile(KeYParserBaseVisitor.java:23)
	at de.uka.ilkd.key.nparser.KeYParser$FileContext.accept(KeYParser.java:306)
	at de.uka.ilkd.key.nparser.KeyAst.accept(KeyAst.java:41)
	at de.uka.ilkd.key.nparser.KeyAst$File.getIncludes(KeyAst.java:76)
	at de.uka.ilkd.key.proof.io.KeYFile.readIncludes(KeYFile.java:208)
	... 14 more
Could not find rule file rules/intRulesCheckedSemantics.key (file: /home/runner/work/key/key/key.core/../key.ui/examples/index/.././heap/permissions/mulleretal/ReadWrite_write_contract.key; caused by: de.uka.ilkd.key.proof.init.ProofInputException: Could not find rule file rules/intRulesCheckedSemantics.key)
	at de.uka.ilkd.key.control.AbstractUserInterfaceControl.load(AbstractUserInterfaceControl.java:221)
	at de.uka.ilkd.key.control.KeYEnvironment.load(KeYEnvironment.java:251)
	at de.uka.ilkd.key.control.KeYEnvironment.load(KeYEnvironment.java:224)
	at de.uka.ilkd.key.control.KeYEnvironment.load(KeYEnvironment.java:184)
	at de.uka.ilkd.key.control.KeYEnvironment.load(KeYEnvironment.java:261)
	at de.uka.ilkd.key.proof.runallproofs.proofcollection.TestFile.load(TestFile.java:270)
	at de.uka.ilkd.key.proof.runallproofs.proofcollection.TestFile.runKey(TestFile.java:160)
	at de.uka.ilkd.key.proof.runallproofs.proofcollection.ForkedTestFileRunner.main(ForkedTestFileRunner.java:171)
Caused by: de.uka.ilkd.key.proof.init.ProofInputException: Could not find rule file rules/intRulesCheckedSemantics.key
	at de.uka.ilkd.key.proof.io.KeYFile.readIncludes(KeYFile.java:210)
	at de.uka.ilkd.key.proof.init.ProblemInitializer.readIncludes(ProblemInitializer.java:177)
	at de.uka.ilkd.key.proof.init.ProblemInitializer.readEnvInput(ProblemInitializer.java:325)
	at de.uka.ilkd.key.proof.init.ProblemInitializer.prepare(ProblemInitializer.java:449)
	at de.uka.ilkd.key.proof.io.AbstractProblemLoader.createInitConfig(AbstractProblemLoader.java:518)
	at de.uka.ilkd.key.proof.io.AbstractProblemLoader.loadEnvironment(AbstractProblemLoader.java:288)
	at de.uka.ilkd.key.proof.io.AbstractProblemLoader.load(AbstractProblemLoader.java:252)
	at de.uka.ilkd.key.control.AbstractUserInterfaceControl.load(AbstractUserInterfaceControl.java:209)
	... 7 more
Caused by: java.lang.RuntimeException: Could not find rule file rules/intRulesCheckedSemantics.key
	at de.uka.ilkd.key.proof.io.RuleSourceFactory.fromBuiltInRule(RuleSourceFactory.java:32)
	at de.uka.ilkd.key.proof.io.RuleSourceFactory.fromDefaultLocation(RuleSourceFactory.java:21)
	at de.uka.ilkd.key.nparser.builder.IncludeFinder.addInclude(IncludeFinder.java:63)
	at de.uka.ilkd.key.nparser.builder.IncludeFinder.visitOne_include(IncludeFinder.java:43)
	at de.uka.ilkd.key.nparser.builder.IncludeFinder.visitOne_include(IncludeFinder.java:20)
	at de.uka.ilkd.key.nparser.KeYParser$One_includeContext.accept(KeYParser.java:878)
	at de.uka.ilkd.key.nparser.builder.AbstractBuilder.lambda$mapOf$0(AbstractBuilder.java:112)
	at java.base/java.util.stream.ReferencePipeline$3$1.accept(ReferencePipeline.java:195)
	at java.base/java.util.ArrayList$ArrayListSpliterator.forEachRemaining(ArrayList.java:1655)
	at java.base/java.util.stream.AbstractPipeline.copyInto(AbstractPipeline.java:484)
	at java.base/java.util.stream.AbstractPipeline.wrapAndCopyInto(AbstractPipeline.java:474)
	at java.base/java.util.stream.ReduceOps$ReduceOp.evaluateSequential(ReduceOps.java:913)
	at java.base/java.util.stream.AbstractPipeline.evaluate(AbstractPipeline.java:234)
	at java.base/java.util.stream.ReferencePipeline.collect(ReferencePipeline.java:578)
	at de.uka.ilkd.key.nparser.builder.AbstractBuilder.mapOf(AbstractBuilder.java:112)
	at de.uka.ilkd.key.nparser.builder.IncludeFinder.visitOne_include_statement(IncludeFinder.java:35)
	at de.uka.ilkd.key.nparser.builder.IncludeFinder.visitOne_include_statement(IncludeFinder.java:20)
	at de.uka.ilkd.key.nparser.KeYParser$One_include_statementContext.accept(KeYParser.java:802)
	at org.antlr.v4.runtime.tree.AbstractParseTreeVisitor.visitChildren(AbstractParseTreeVisitor.java:46)
	at de.uka.ilkd.key.nparser.KeYParserBaseVisitor.visitDecls(KeYParserBaseVisitor.java:30)
	at de.uka.ilkd.key.nparser.KeYParser$DeclsContext.accept(KeYParser.java:500)
	at org.antlr.v4.runtime.tree.AbstractParseTreeVisitor.visitChildren(AbstractParseTreeVisitor.java:46)
	at de.uka.ilkd.key.nparser.KeYParserBaseVisitor.visitFile(KeYParserBaseVisitor.java:23)
	at de.uka.ilkd.key.nparser.KeYParser$FileContext.accept(KeYParser.java:306)
	at de.uka.ilkd.key.nparser.KeyAst.accept(KeyAst.java:41)
	at de.uka.ilkd.key.nparser.KeyAst$File.getIncludes(KeyAst.java:76)
	at de.uka.ilkd.key.proof.io.KeYFile.readIncludes(KeYFile.java:208)
	... 14 more
Could not find rule file rules/intRulesCheckedSemantics.key (file: /home/runner/work/key/key/key.core/../key.ui/examples/index/.././heap/permissions/mulleretal/ReadWrite_inv1_accessible.key; caused by: de.uka.ilkd.key.proof.init.ProofInputException: Could not find rule file rules/intRulesCheckedSemantics.key)
	at de.uka.ilkd.key.control.AbstractUserInterfaceControl.load(AbstractUserInterfaceControl.java:221)
	at de.uka.ilkd.key.control.KeYEnvironment.load(KeYEnvironment.java:251)
	at de.uka.ilkd.key.control.KeYEnvironment.load(KeYEnvironment.java:224)
	at de.uka.ilkd.key.control.KeYEnvironment.load(KeYEnvironment.java:184)
	at de.uka.ilkd.key.control.KeYEnvironment.load(KeYEnvironment.java:261)
	at de.uka.ilkd.key.proof.runallproofs.proofcollection.TestFile.load(TestFile.java:270)
	at de.uka.ilkd.key.proof.runallproofs.proofcollection.TestFile.runKey(TestFile.java:160)
	at de.uka.ilkd.key.proof.runallproofs.proofcollection.ForkedTestFileRunner.main(ForkedTestFileRunner.java:171)
Caused by: de.uka.ilkd.key.proof.init.ProofInputException: Could not find rule file rules/intRulesCheckedSemantics.key
	at de.uka.ilkd.key.proof.io.KeYFile.readIncludes(KeYFile.java:210)
	at de.uka.ilkd.key.proof.init.ProblemInitializer.readIncludes(ProblemInitializer.java:177)
	at de.uka.ilkd.key.proof.init.ProblemInitializer.readEnvInput(ProblemInitializer.java:325)
	at de.uka.ilkd.key.proof.init.ProblemInitializer.prepare(ProblemInitializer.java:449)
	at de.uka.ilkd.key.proof.io.AbstractProblemLoader.createInitConfig(AbstractProblemLoader.java:518)
	at de.uka.ilkd.key.proof.io.AbstractProblemLoader.loadEnvironment(AbstractProblemLoader.java:288)
	at de.uka.ilkd.key.proof.io.AbstractProblemLoader.load(AbstractProblemLoader.java:252)
	at de.uka.ilkd.key.control.AbstractUserInterfaceControl.load(AbstractUserInterfaceControl.java:209)
	... 7 more
Caused by: java.lang.RuntimeException: Could not find rule file rules/intRulesCheckedSemantics.key
	at de.uka.ilkd.key.proof.io.RuleSourceFactory.fromBuiltInRule(RuleSourceFactory.java:32)
	at de.uka.ilkd.key.proof.io.RuleSourceFactory.fromDefaultLocation(RuleSourceFactory.java:21)
	at de.uka.ilkd.key.nparser.builder.IncludeFinder.addInclude(IncludeFinder.java:63)
	at de.uka.ilkd.key.nparser.builder.IncludeFinder.visitOne_include(IncludeFinder.java:43)
	at de.uka.ilkd.key.nparser.builder.IncludeFinder.visitOne_include(IncludeFinder.java:20)
	at de.uka.ilkd.key.nparser.KeYParser$One_includeContext.accept(KeYParser.java:878)
	at de.uka.ilkd.key.nparser.builder.AbstractBuilder.lambda$mapOf$0(AbstractBuilder.java:112)
	at java.base/java.util.stream.ReferencePipeline$3$1.accept(ReferencePipeline.java:195)
	at java.base/java.util.ArrayList$ArrayListSpliterator.forEachRemaining(ArrayList.java:1655)
	at java.base/java.util.stream.AbstractPipeline.copyInto(AbstractPipeline.java:484)
	at java.base/java.util.stream.AbstractPipeline.wrapAndCopyInto(AbstractPipeline.java:474)
	at java.base/java.util.stream.ReduceOps$ReduceOp.evaluateSequential(ReduceOps.java:913)
	at java.base/java.util.stream.AbstractPipeline.evaluate(AbstractPipeline.java:234)
	at java.base/java.util.stream.ReferencePipeline.collect(ReferencePipeline.java:578)
	at de.uka.ilkd.key.nparser.builder.AbstractBuilder.mapOf(AbstractBuilder.java:112)
	at de.uka.ilkd.key.nparser.builder.IncludeFinder.visitOne_include_statement(IncludeFinder.java:35)
	at de.uka.ilkd.key.nparser.builder.IncludeFinder.visitOne_include_statement(IncludeFinder.java:20)
	at de.uka.ilkd.key.nparser.KeYParser$One_include_statementContext.accept(KeYParser.java:802)
	at org.antlr.v4.runtime.tree.AbstractParseTreeVisitor.visitChildren(AbstractParseTreeVisitor.java:46)
	at de.uka.ilkd.key.nparser.KeYParserBaseVisitor.visitDecls(KeYParserBaseVisitor.java:30)
	at de.uka.ilkd.key.nparser.KeYParser$DeclsContext.accept(KeYParser.java:500)
	at org.antlr.v4.runtime.tree.AbstractParseTreeVisitor.visitChildren(AbstractParseTreeVisitor.java:46)
	at de.uka.ilkd.key.nparser.KeYParserBaseVisitor.visitFile(KeYParserBaseVisitor.java:23)
	at de.uka.ilkd.key.nparser.KeYParser$FileContext.accept(KeYParser.java:306)
	at de.uka.ilkd.key.nparser.KeyAst.accept(KeyAst.java:41)
	at de.uka.ilkd.key.nparser.KeyAst$File.getIncludes(KeyAst.java:76)
	at de.uka.ilkd.key.proof.io.KeYFile.readIncludes(KeYFile.java:208)
	... 14 more
Could not find rule file rules/intRulesCheckedSemantics.key (file: /home/runner/work/key/key/key.core/../key.ui/examples/index/.././heap/permissions/mulleretal/ReadWrite_inv2_accessible.key; caused by: de.uka.ilkd.key.proof.init.ProofInputException: Could not find rule file rules/intRulesCheckedSemantics.key)
	at de.uka.ilkd.key.control.AbstractUserInterfaceControl.load(AbstractUserInterfaceControl.java:221)
	at de.uka.ilkd.key.control.KeYEnvironment.load(KeYEnvironment.java:251)
	at de.uka.ilkd.key.control.KeYEnvironment.load(KeYEnvironment.java:224)
	at de.uka.ilkd.key.control.KeYEnvironment.load(KeYEnvironment.java:184)
	at de.uka.ilkd.key.control.KeYEnvironment.load(KeYEnvironment.java:261)
	at de.uka.ilkd.key.proof.runallproofs.proofcollection.TestFile.load(TestFile.java:270)
	at de.uka.ilkd.key.proof.runallproofs.proofcollection.TestFile.runKey(TestFile.java:160)
	at de.uka.ilkd.key.proof.runallproofs.proofcollection.ForkedTestFileRunner.main(ForkedTestFileRunner.java:171)
Caused by: de.uka.ilkd.key.proof.init.ProofInputException: Could not find rule file rules/intRulesCheckedSemantics.key
	at de.uka.ilkd.key.proof.io.KeYFile.readIncludes(KeYFile.java:210)
	at de.uka.ilkd.key.proof.init.ProblemInitializer.readIncludes(ProblemInitializer.java:177)
	at de.uka.ilkd.key.proof.init.ProblemInitializer.readEnvInput(ProblemInitializer.java:325)
	at de.uka.ilkd.key.proof.init.ProblemInitializer.prepare(ProblemInitializer.java:449)
	at de.uka.ilkd.key.proof.io.AbstractProblemLoader.createInitConfig(AbstractProblemLoader.java:518)
	at de.uka.ilkd.key.proof.io.AbstractProblemLoader.loadEnvironment(AbstractProblemLoader.java:288)
	at de.uka.ilkd.key.proof.io.AbstractProblemLoader.load(AbstractProblemLoader.java:252)
	at de.uka.ilkd.key.control.AbstractUserInterfaceControl.load(AbstractUserInterfaceControl.java:209)
	... 7 more
Caused by: java.lang.RuntimeException: Could not find rule file rules/intRulesCheckedSemantics.key
	at de.uka.ilkd.key.proof.io.RuleSourceFactory.fromBuiltInRule(RuleSourceFactory.java:32)
	at de.uka.ilkd.key.proof.io.RuleSourceFactory.fromDefaultLocation(RuleSourceFactory.java:21)
	at de.uka.ilkd.key.nparser.builder.IncludeFinder.addInclude(IncludeFinder.java:63)
	at de.uka.ilkd.key.nparser.builder.IncludeFinder.visitOne_include(IncludeFinder.java:43)
	at de.uka.ilkd.key.nparser.builder.IncludeFinder.visitOne_include(IncludeFinder.java:20)
	at de.uka.ilkd.key.nparser.KeYParser$One_includeContext.accept(KeYParser.java:878)
	at de.uka.ilkd.key.nparser.builder.AbstractBuilder.lambda$mapOf$0(AbstractBuilder.java:112)
	at java.base/java.util.stream.ReferencePipeline$3$1.accept(ReferencePipeline.java:195)
	at java.base/java.util.ArrayList$ArrayListSpliterator.forEachRemaining(ArrayList.java:1655)
	at java.base/java.util.stream.AbstractPipeline.copyInto(AbstractPipeline.java:484)
	at java.base/java.util.stream.AbstractPipeline.wrapAndCopyInto(AbstractPipeline.java:474)
	at java.base/java.util.stream.ReduceOps$ReduceOp.evaluateSequential(ReduceOps.java:913)
	at java.base/java.util.stream.AbstractPipeline.evaluate(AbstractPipeline.java:234)
	at java.base/java.util.stream.ReferencePipeline.collect(ReferencePipeline.java:578)
	at de.uka.ilkd.key.nparser.builder.AbstractBuilder.mapOf(AbstractBuilder.java:112)
	at de.uka.ilkd.key.nparser.builder.IncludeFinder.visitOne_include_statement(IncludeFinder.java:35)
	at de.uka.ilkd.key.nparser.builder.IncludeFinder.visitOne_include_statement(IncludeFinder.java:20)
	at de.uka.ilkd.key.nparser.KeYParser$One_include_statementContext.accept(KeYParser.java:802)
	at org.antlr.v4.runtime.tree.AbstractParseTreeVisitor.visitChildren(AbstractParseTreeVisitor.java:46)
	at de.uka.ilkd.key.nparser.KeYParserBaseVisitor.visitDecls(KeYParserBaseVisitor.java:30)
	at de.uka.ilkd.key.nparser.KeYParser$DeclsContext.accept(KeYParser.java:500)
	at org.antlr.v4.runtime.tree.AbstractParseTreeVisitor.visitChildren(AbstractParseTreeVisitor.java:46)
	at de.uka.ilkd.key.nparser.KeYParserBaseVisitor.visitFile(KeYParserBaseVisitor.java:23)
	at de.uka.ilkd.key.nparser.KeYParser$FileContext.accept(KeYParser.java:306)
	at de.uka.ilkd.key.nparser.KeyAst.accept(KeyAst.java:41)
	at de.uka.ilkd.key.nparser.KeyAst$File.getIncludes(KeyAst.java:76)
	at de.uka.ilkd.key.proof.io.KeYFile.readIncludes(KeYFile.java:208)
	... 14 more
Could not find rule file rules/intRulesCheckedSemantics.key (file: /home/runner/work/key/key/key.core/../key.ui/examples/index/.././heap/permissions/lockspec/Counter_lockConsistent_contract.key; caused by: de.uka.ilkd.key.proof.init.ProofInputException: Could not find rule file rules/intRulesCheckedSemantics.key)
	at de.uka.ilkd.key.control.AbstractUserInterfaceControl.load(AbstractUserInterfaceControl.java:221)
	at de.uka.ilkd.key.control.KeYEnvironment.load(KeYEnvironment.java:251)
	at de.uka.ilkd.key.control.KeYEnvironment.load(KeYEnvironment.java:224)
	at de.uka.ilkd.key.control.KeYEnvironment.load(KeYEnvironment.java:184)
	at de.uka.ilkd.key.control.KeYEnvironment.load(KeYEnvironment.java:261)
	at de.uka.ilkd.key.proof.runallproofs.proofcollection.TestFile.load(TestFile.java:270)
	at de.uka.ilkd.key.proof.runallproofs.proofcollection.TestFile.runKey(TestFile.java:160)
	at de.uka.ilkd.key.proof.runallproofs.proofcollection.ForkedTestFileRunner.main(ForkedTestFileRunner.java:171)
Caused by: de.uka.ilkd.key.proof.init.ProofInputException: Could not find rule file rules/intRulesCheckedSemantics.key
	at de.uka.ilkd.key.proof.io.KeYFile.readIncludes(KeYFile.java:210)
	at de.uka.ilkd.key.proof.init.ProblemInitializer.readIncludes(ProblemInitializer.java:177)
	at de.uka.ilkd.key.proof.init.ProblemInitializer.readEnvInput(ProblemInitializer.java:325)
	at de.uka.ilkd.key.proof.init.ProblemInitializer.prepare(ProblemInitializer.java:449)
	at de.uka.ilkd.key.proof.io.AbstractProblemLoader.createInitConfig(AbstractProblemLoader.java:518)
	at de.uka.ilkd.key.proof.io.AbstractProblemLoader.loadEnvironment(AbstractProblemLoader.java:288)
	at de.uka.ilkd.key.proof.io.AbstractProblemLoader.load(AbstractProblemLoader.java:252)
	at de.uka.ilkd.key.control.AbstractUserInterfaceControl.load(AbstractUserInterfaceControl.java:209)
	... 7 more
Caused by: java.lang.RuntimeException: Could not find rule file rules/intRulesCheckedSemantics.key
	at de.uka.ilkd.key.proof.io.RuleSourceFactory.fromBuiltInRule(RuleSourceFactory.java:32)
	at de.uka.ilkd.key.proof.io.RuleSourceFactory.fromDefaultLocation(RuleSourceFactory.java:21)
	at de.uka.ilkd.key.nparser.builder.IncludeFinder.addInclude(IncludeFinder.java:63)
	at de.uka.ilkd.key.nparser.builder.IncludeFinder.visitOne_include(IncludeFinder.java:43)
	at de.uka.ilkd.key.nparser.builder.IncludeFinder.visitOne_include(IncludeFinder.java:20)
	at de.uka.ilkd.key.nparser.KeYParser$One_includeContext.accept(KeYParser.java:878)
	at de.uka.ilkd.key.nparser.builder.AbstractBuilder.lambda$mapOf$0(AbstractBuilder.java:112)
	at java.base/java.util.stream.ReferencePipeline$3$1.accept(ReferencePipeline.java:195)
	at java.base/java.util.ArrayList$ArrayListSpliterator.forEachRemaining(ArrayList.java:1655)
	at java.base/java.util.stream.AbstractPipeline.copyInto(AbstractPipeline.java:484)
	at java.base/java.util.stream.AbstractPipeline.wrapAndCopyInto(AbstractPipeline.java:474)
	at java.base/java.util.stream.ReduceOps$ReduceOp.evaluateSequential(ReduceOps.java:913)
	at java.base/java.util.stream.AbstractPipeline.evaluate(AbstractPipeline.java:234)
	at java.base/java.util.stream.ReferencePipeline.collect(ReferencePipeline.java:578)
	at de.uka.ilkd.key.nparser.builder.AbstractBuilder.mapOf(AbstractBuilder.java:112)
	at de.uka.ilkd.key.nparser.builder.IncludeFinder.visitOne_include_statement(IncludeFinder.java:35)
	at de.uka.ilkd.key.nparser.builder.IncludeFinder.visitOne_include_statement(IncludeFinder.java:20)
	at de.uka.ilkd.key.nparser.KeYParser$One_include_statementContext.accept(KeYParser.java:802)
	at org.antlr.v4.runtime.tree.AbstractParseTreeVisitor.visitChildren(AbstractParseTreeVisitor.java:46)
	at de.uka.ilkd.key.nparser.KeYParserBaseVisitor.visitDecls(KeYParserBaseVisitor.java:30)
	at de.uka.ilkd.key.nparser.KeYParser$DeclsContext.accept(KeYParser.java:500)
	at org.antlr.v4.runtime.tree.AbstractParseTreeVisitor.visitChildren(AbstractParseTreeVisitor.java:46)
	at de.uka.ilkd.key.nparser.KeYParserBaseVisitor.visitFile(KeYParserBaseVisitor.java:23)
	at de.uka.ilkd.key.nparser.KeYParser$FileContext.accept(KeYParser.java:306)
	at de.uka.ilkd.key.nparser.KeyAst.accept(KeyAst.java:41)
	at de.uka.ilkd.key.nparser.KeyAst$File.getIncludes(KeyAst.java:76)
	at de.uka.ilkd.key.proof.io.KeYFile.readIncludes(KeYFile.java:208)
	... 14 more
Could not find rule file rules/intRulesCheckedSemantics.key (file: /home/runner/work/key/key/key.core/../key.ui/examples/index/.././heap/permissions/lockspec/Counter_increase_contract.key; caused by: de.uka.ilkd.key.proof.init.ProofInputException: Could not find rule file rules/intRulesCheckedSemantics.key)
	at de.uka.ilkd.key.control.AbstractUserInterfaceControl.load(AbstractUserInterfaceControl.java:221)
	at de.uka.ilkd.key.control.KeYEnvironment.load(KeYEnvironment.java:251)
	at de.uka.ilkd.key.control.KeYEnvironment.load(KeYEnvironment.java:224)
	at de.uka.ilkd.key.control.KeYEnvironment.load(KeYEnvironment.java:184)
	at de.uka.ilkd.key.control.KeYEnvironment.load(KeYEnvironment.java:261)
	at de.uka.ilkd.key.proof.runallproofs.proofcollection.TestFile.load(TestFile.java:270)
	at de.uka.ilkd.key.proof.runallproofs.proofcollection.TestFile.runKey(TestFile.java:160)
	at de.uka.ilkd.key.proof.runallproofs.proofcollection.ForkedTestFileRunner.main(ForkedTestFileRunner.java:171)
Caused by: de.uka.ilkd.key.proof.init.ProofInputException: Could not find rule file rules/intRulesCheckedSemantics.key
	at de.uka.ilkd.key.proof.io.KeYFile.readIncludes(KeYFile.java:210)
	at de.uka.ilkd.key.proof.init.ProblemInitializer.readIncludes(ProblemInitializer.java:177)
	at de.uka.ilkd.key.proof.init.ProblemInitializer.readEnvInput(ProblemInitializer.java:325)
	at de.uka.ilkd.key.proof.init.ProblemInitializer.prepare(ProblemInitializer.java:449)
	at de.uka.ilkd.key.proof.io.AbstractProblemLoader.createInitConfig(AbstractProblemLoader.java:518)
	at de.uka.ilkd.key.proof.io.AbstractProblemLoader.loadEnvironment(AbstractProblemLoader.java:288)
	at de.uka.ilkd.key.proof.io.AbstractProblemLoader.load(AbstractProblemLoader.java:252)
	at de.uka.ilkd.key.control.AbstractUserInterfaceControl.load(AbstractUserInterfaceControl.java:209)
	... 7 more
Caused by: java.lang.RuntimeException: Could not find rule file rules/intRulesCheckedSemantics.key
	at de.uka.ilkd.key.proof.io.RuleSourceFactory.fromBuiltInRule(RuleSourceFactory.java:32)
	at de.uka.ilkd.key.proof.io.RuleSourceFactory.fromDefaultLocation(RuleSourceFactory.java:21)
	at de.uka.ilkd.key.nparser.builder.IncludeFinder.addInclude(IncludeFinder.java:63)
	at de.uka.ilkd.key.nparser.builder.IncludeFinder.visitOne_include(IncludeFinder.java:43)
	at de.uka.ilkd.key.nparser.builder.IncludeFinder.visitOne_include(IncludeFinder.java:20)
	at de.uka.ilkd.key.nparser.KeYParser$One_includeContext.accept(KeYParser.java:878)
	at de.uka.ilkd.key.nparser.builder.AbstractBuilder.lambda$mapOf$0(AbstractBuilder.java:112)
	at java.base/java.util.stream.ReferencePipeline$3$1.accept(ReferencePipeline.java:195)
	at java.base/java.util.ArrayList$ArrayListSpliterator.forEachRemaining(ArrayList.java:1655)
	at java.base/java.util.stream.AbstractPipeline.copyInto(AbstractPipeline.java:484)
	at java.base/java.util.stream.AbstractPipeline.wrapAndCopyInto(AbstractPipeline.java:474)
	at java.base/java.util.stream.ReduceOps$ReduceOp.evaluateSequential(ReduceOps.java:913)
	at java.base/java.util.stream.AbstractPipeline.evaluate(AbstractPipeline.java:234)
	at java.base/java.util.stream.ReferencePipeline.collect(ReferencePipeline.java:578)
	at de.uka.ilkd.key.nparser.builder.AbstractBuilder.mapOf(AbstractBuilder.java:112)
	at de.uka.ilkd.key.nparser.builder.IncludeFinder.visitOne_include_statement(IncludeFinder.java:35)
	at de.uka.ilkd.key.nparser.builder.IncludeFinder.visitOne_include_statement(IncludeFinder.java:20)
	at de.uka.ilkd.key.nparser.KeYParser$One_include_statementContext.accept(KeYParser.java:802)
	at org.antlr.v4.runtime.tree.AbstractParseTreeVisitor.visitChildren(AbstractParseTreeVisitor.java:46)
	at de.uka.ilkd.key.nparser.KeYParserBaseVisitor.visitDecls(KeYParserBaseVisitor.java:30)
	at de.uka.ilkd.key.nparser.KeYParser$DeclsContext.accept(KeYParser.java:500)
	at org.antlr.v4.runtime.tree.AbstractParseTreeVisitor.visitChildren(AbstractParseTreeVisitor.java:46)
	at de.uka.ilkd.key.nparser.KeYParserBaseVisitor.visitFile(KeYParserBaseVisitor.java:23)
	at de.uka.ilkd.key.nparser.KeYParser$FileContext.accept(KeYParser.java:306)
	at de.uka.ilkd.key.nparser.KeyAst.accept(KeyAst.java:41)
	at de.uka.ilkd.key.nparser.KeyAst$File.getIncludes(KeyAst.java:76)
	at de.uka.ilkd.key.proof.io.KeYFile.readIncludes(KeYFile.java:208)
	... 14 more
Could not find rule file rules/intRulesCheckedSemantics.key (file: /home/runner/work/key/key/key.core/../key.ui/examples/index/.././heap/permissions/lockspec/Counter_fp_accessible.key; caused by: de.uka.ilkd.key.proof.init.ProofInputException: Could not find rule file rules/intRulesCheckedSemantics.key)
	at de.uka.ilkd.key.control.AbstractUserInterfaceControl.load(AbstractUserInterfaceControl.java:221)
	at de.uka.ilkd.key.control.KeYEnvironment.load(KeYEnvironment.java:251)
	at de.uka.ilkd.key.control.KeYEnvironment.load(KeYEnvironment.java:224)
	at de.uka.ilkd.key.control.KeYEnvironment.load(KeYEnvironment.java:184)
	at de.uka.ilkd.key.control.KeYEnvironment.load(KeYEnvironment.java:261)
	at de.uka.ilkd.key.proof.runallproofs.proofcollection.TestFile.load(TestFile.java:270)
	at de.uka.ilkd.key.proof.runallproofs.proofcollection.TestFile.runKey(TestFile.java:160)
	at de.uka.ilkd.key.proof.runallproofs.proofcollection.ForkedTestFileRunner.main(ForkedTestFileRunner.java:171)
Caused by: de.uka.ilkd.key.proof.init.ProofInputException: Could not find rule file rules/intRulesCheckedSemantics.key
	at de.uka.ilkd.key.proof.io.KeYFile.readIncludes(KeYFile.java:210)
	at de.uka.ilkd.key.proof.init.ProblemInitializer.readIncludes(ProblemInitializer.java:177)
	at de.uka.ilkd.key.proof.init.ProblemInitializer.readEnvInput(ProblemInitializer.java:325)
	at de.uka.ilkd.key.proof.init.ProblemInitializer.prepare(ProblemInitializer.java:449)
	at de.uka.ilkd.key.proof.io.AbstractProblemLoader.createInitConfig(AbstractProblemLoader.java:518)
	at de.uka.ilkd.key.proof.io.AbstractProblemLoader.loadEnvironment(AbstractProblemLoader.java:288)
	at de.uka.ilkd.key.proof.io.AbstractProblemLoader.load(AbstractProblemLoader.java:252)
	at de.uka.ilkd.key.control.AbstractUserInterfaceControl.load(AbstractUserInterfaceControl.java:209)
	... 7 more
Caused by: java.lang.RuntimeException: Could not find rule file rules/intRulesCheckedSemantics.key
	at de.uka.ilkd.key.proof.io.RuleSourceFactory.fromBuiltInRule(RuleSourceFactory.java:32)
	at de.uka.ilkd.key.proof.io.RuleSourceFactory.fromDefaultLocation(RuleSourceFactory.java:21)
	at de.uka.ilkd.key.nparser.builder.IncludeFinder.addInclude(IncludeFinder.java:63)
	at de.uka.ilkd.key.nparser.builder.IncludeFinder.visitOne_include(IncludeFinder.java:43)
	at de.uka.ilkd.key.nparser.builder.IncludeFinder.visitOne_include(IncludeFinder.java:20)
	at de.uka.ilkd.key.nparser.KeYParser$One_includeContext.accept(KeYParser.java:878)
	at de.uka.ilkd.key.nparser.builder.AbstractBuilder.lambda$mapOf$0(AbstractBuilder.java:112)
	at java.base/java.util.stream.ReferencePipeline$3$1.accept(ReferencePipeline.java:195)
	at java.base/java.util.ArrayList$ArrayListSpliterator.forEachRemaining(ArrayList.java:1655)
	at java.base/java.util.stream.AbstractPipeline.copyInto(AbstractPipeline.java:484)
	at java.base/java.util.stream.AbstractPipeline.wrapAndCopyInto(AbstractPipeline.java:474)
	at java.base/java.util.stream.ReduceOps$ReduceOp.evaluateSequential(ReduceOps.java:913)
	at java.base/java.util.stream.AbstractPipeline.evaluate(AbstractPipeline.java:234)
	at java.base/java.util.stream.ReferencePipeline.collect(ReferencePipeline.java:578)
	at de.uka.ilkd.key.nparser.builder.AbstractBuilder.mapOf(AbstractBuilder.java:112)
	at de.uka.ilkd.key.nparser.builder.IncludeFinder.visitOne_include_statement(IncludeFinder.java:35)
	at de.uka.ilkd.key.nparser.builder.IncludeFinder.visitOne_include_statement(IncludeFinder.java:20)
	at de.uka.ilkd.key.nparser.KeYParser$One_include_statementContext.accept(KeYParser.java:802)
	at org.antlr.v4.runtime.tree.AbstractParseTreeVisitor.visitChildren(AbstractParseTreeVisitor.java:46)
	at de.uka.ilkd.key.nparser.KeYParserBaseVisitor.visitDecls(KeYParserBaseVisitor.java:30)
	at de.uka.ilkd.key.nparser.KeYParser$DeclsContext.accept(KeYParser.java:500)
	at org.antlr.v4.runtime.tree.AbstractParseTreeVisitor.visitChildren(AbstractParseTreeVisitor.java:46)
	at de.uka.ilkd.key.nparser.KeYParserBaseVisitor.visitFile(KeYParserBaseVisitor.java:23)
	at de.uka.ilkd.key.nparser.KeYParser$FileContext.accept(KeYParser.java:306)
	at de.uka.ilkd.key.nparser.KeyAst.accept(KeyAst.java:41)
	at de.uka.ilkd.key.nparser.KeyAst$File.getIncludes(KeyAst.java:76)
	at de.uka.ilkd.key.proof.io.KeYFile.readIncludes(KeYFile.java:208)
	... 14 more
Could not find rule file rules/intRulesCheckedSemantics.key (file: /home/runner/work/key/key/key.core/../key.ui/examples/index/.././heap/permissions/lockspec/Counter_fpLock_accessible.key; caused by: de.uka.ilkd.key.proof.init.ProofInputException: Could not find rule file rules/intRulesCheckedSemantics.key)
	at de.uka.ilkd.key.control.AbstractUserInterfaceControl.load(AbstractUserInterfaceControl.java:221)
	at de.uka.ilkd.key.control.KeYEnvironment.load(KeYEnvironment.java:251)
	at de.uka.ilkd.key.control.KeYEnvironment.load(KeYEnvironment.java:224)
	at de.uka.ilkd.key.control.KeYEnvironment.load(KeYEnvironment.java:184)
	at de.uka.ilkd.key.control.KeYEnvironment.load(KeYEnvironment.java:261)
	at de.uka.ilkd.key.proof.runallproofs.proofcollection.TestFile.load(TestFile.java:270)
	at de.uka.ilkd.key.proof.runallproofs.proofcollection.TestFile.runKey(TestFile.java:160)
	at de.uka.ilkd.key.proof.runallproofs.proofcollection.ForkedTestFileRunner.main(ForkedTestFileRunner.java:171)
Caused by: de.uka.ilkd.key.proof.init.ProofInputException: Could not find rule file rules/intRulesCheckedSemantics.key
	at de.uka.ilkd.key.proof.io.KeYFile.readIncludes(KeYFile.java:210)
	at de.uka.ilkd.key.proof.init.ProblemInitializer.readIncludes(ProblemInitializer.java:177)
	at de.uka.ilkd.key.proof.init.ProblemInitializer.readEnvInput(ProblemInitializer.java:325)
	at de.uka.ilkd.key.proof.init.ProblemInitializer.prepare(ProblemInitializer.java:449)
	at de.uka.ilkd.key.proof.io.AbstractProblemLoader.createInitConfig(AbstractProblemLoader.java:518)
	at de.uka.ilkd.key.proof.io.AbstractProblemLoader.loadEnvironment(AbstractProblemLoader.java:288)
	at de.uka.ilkd.key.proof.io.AbstractProblemLoader.load(AbstractProblemLoader.java:252)
	at de.uka.ilkd.key.control.AbstractUserInterfaceControl.load(AbstractUserInterfaceControl.java:209)
	... 7 more
Caused by: java.lang.RuntimeException: Could not find rule file rules/intRulesCheckedSemantics.key
	at de.uka.ilkd.key.proof.io.RuleSourceFactory.fromBuiltInRule(RuleSourceFactory.java:32)
	at de.uka.ilkd.key.proof.io.RuleSourceFactory.fromDefaultLocation(RuleSourceFactory.java:21)
	at de.uka.ilkd.key.nparser.builder.IncludeFinder.addInclude(IncludeFinder.java:63)
	at de.uka.ilkd.key.nparser.builder.IncludeFinder.visitOne_include(IncludeFinder.java:43)
	at de.uka.ilkd.key.nparser.builder.IncludeFinder.visitOne_include(IncludeFinder.java:20)
	at de.uka.ilkd.key.nparser.KeYParser$One_includeContext.accept(KeYParser.java:878)
	at de.uka.ilkd.key.nparser.builder.AbstractBuilder.lambda$mapOf$0(AbstractBuilder.java:112)
	at java.base/java.util.stream.ReferencePipeline$3$1.accept(ReferencePipeline.java:195)
	at java.base/java.util.ArrayList$ArrayListSpliterator.forEachRemaining(ArrayList.java:1655)
	at java.base/java.util.stream.AbstractPipeline.copyInto(AbstractPipeline.java:484)
	at java.base/java.util.stream.AbstractPipeline.wrapAndCopyInto(AbstractPipeline.java:474)
	at java.base/java.util.stream.ReduceOps$ReduceOp.evaluateSequential(ReduceOps.java:913)
	at java.base/java.util.stream.AbstractPipeline.evaluate(AbstractPipeline.java:234)
	at java.base/java.util.stream.ReferencePipeline.collect(ReferencePipeline.java:578)
	at de.uka.ilkd.key.nparser.builder.AbstractBuilder.mapOf(AbstractBuilder.java:112)
	at de.uka.ilkd.key.nparser.builder.IncludeFinder.visitOne_include_statement(IncludeFinder.java:35)
	at de.uka.ilkd.key.nparser.builder.IncludeFinder.visitOne_include_statement(IncludeFinder.java:20)
	at de.uka.ilkd.key.nparser.KeYParser$One_include_statementContext.accept(KeYParser.java:802)
	at org.antlr.v4.runtime.tree.AbstractParseTreeVisitor.visitChildren(AbstractParseTreeVisitor.java:46)
	at de.uka.ilkd.key.nparser.KeYParserBaseVisitor.visitDecls(KeYParserBaseVisitor.java:30)
	at de.uka.ilkd.key.nparser.KeYParser$DeclsContext.accept(KeYParser.java:500)
	at org.antlr.v4.runtime.tree.AbstractParseTreeVisitor.visitChildren(AbstractParseTreeVisitor.java:46)
	at de.uka.ilkd.key.nparser.KeYParserBaseVisitor.visitFile(KeYParserBaseVisitor.java:23)
	at de.uka.ilkd.key.nparser.KeYParser$FileContext.accept(KeYParser.java:306)
	at de.uka.ilkd.key.nparser.KeyAst.accept(KeyAst.java:41)
	at de.uka.ilkd.key.nparser.KeyAst$File.getIncludes(KeyAst.java:76)
	at de.uka.ilkd.key.proof.io.KeYFile.readIncludes(KeYFile.java:208)
	... 14 more
Could not find rule file rules/intRulesCheckedSemantics.key (file: /home/runner/work/key/key/key.core/../key.ui/examples/index/.././heap/permissions/lockspec/Counter_fpPerm_accessible.key; caused by: de.uka.ilkd.key.proof.init.ProofInputException: Could not find rule file rules/intRulesCheckedSemantics.key)
	at de.uka.ilkd.key.control.AbstractUserInterfaceControl.load(AbstractUserInterfaceControl.java:221)
	at de.uka.ilkd.key.control.KeYEnvironment.load(KeYEnvironment.java:251)
	at de.uka.ilkd.key.control.KeYEnvironment.load(KeYEnvironment.java:224)
	at de.uka.ilkd.key.control.KeYEnvironment.load(KeYEnvironment.java:184)
	at de.uka.ilkd.key.control.KeYEnvironment.load(KeYEnvironment.java:261)
	at de.uka.ilkd.key.proof.runallproofs.proofcollection.TestFile.load(TestFile.java:270)
	at de.uka.ilkd.key.proof.runallproofs.proofcollection.TestFile.runKey(TestFile.java:160)
	at de.uka.ilkd.key.proof.runallproofs.proofcollection.ForkedTestFileRunner.main(ForkedTestFileRunner.java:171)
Caused by: de.uka.ilkd.key.proof.init.ProofInputException: Could not find rule file rules/intRulesCheckedSemantics.key
	at de.uka.ilkd.key.proof.io.KeYFile.readIncludes(KeYFile.java:210)
	at de.uka.ilkd.key.proof.init.ProblemInitializer.readIncludes(ProblemInitializer.java:177)
	at de.uka.ilkd.key.proof.init.ProblemInitializer.readEnvInput(ProblemInitializer.java:325)
	at de.uka.ilkd.key.proof.init.ProblemInitializer.prepare(ProblemInitializer.java:449)
	at de.uka.ilkd.key.proof.io.AbstractProblemLoader.createInitConfig(AbstractProblemLoader.java:518)
	at de.uka.ilkd.key.proof.io.AbstractProblemLoader.loadEnvironment(AbstractProblemLoader.java:288)
	at de.uka.ilkd.key.proof.io.AbstractProblemLoader.load(AbstractProblemLoader.java:252)
	at de.uka.ilkd.key.control.AbstractUserInterfaceControl.load(AbstractUserInterfaceControl.java:209)
	... 7 more
Caused by: java.lang.RuntimeException: Could not find rule file rules/intRulesCheckedSemantics.key
	at de.uka.ilkd.key.proof.io.RuleSourceFactory.fromBuiltInRule(RuleSourceFactory.java:32)
	at de.uka.ilkd.key.proof.io.RuleSourceFactory.fromDefaultLocation(RuleSourceFactory.java:21)
	at de.uka.ilkd.key.nparser.builder.IncludeFinder.addInclude(IncludeFinder.java:63)
	at de.uka.ilkd.key.nparser.builder.IncludeFinder.visitOne_include(IncludeFinder.java:43)
	at de.uka.ilkd.key.nparser.builder.IncludeFinder.visitOne_include(IncludeFinder.java:20)
	at de.uka.ilkd.key.nparser.KeYParser$One_includeContext.accept(KeYParser.java:878)
	at de.uka.ilkd.key.nparser.builder.AbstractBuilder.lambda$mapOf$0(AbstractBuilder.java:112)
	at java.base/java.util.stream.ReferencePipeline$3$1.accept(ReferencePipeline.java:195)
	at java.base/java.util.ArrayList$ArrayListSpliterator.forEachRemaining(ArrayList.java:1655)
	at java.base/java.util.stream.AbstractPipeline.copyInto(AbstractPipeline.java:484)
	at java.base/java.util.stream.AbstractPipeline.wrapAndCopyInto(AbstractPipeline.java:474)
	at java.base/java.util.stream.ReduceOps$ReduceOp.evaluateSequential(ReduceOps.java:913)
	at java.base/java.util.stream.AbstractPipeline.evaluate(AbstractPipeline.java:234)
	at java.base/java.util.stream.ReferencePipeline.collect(ReferencePipeline.java:578)
	at de.uka.ilkd.key.nparser.builder.AbstractBuilder.mapOf(AbstractBuilder.java:112)
	at de.uka.ilkd.key.nparser.builder.IncludeFinder.visitOne_include_statement(IncludeFinder.java:35)
	at de.uka.ilkd.key.nparser.builder.IncludeFinder.visitOne_include_statement(IncludeFinder.java:20)
	at de.uka.ilkd.key.nparser.KeYParser$One_include_statementContext.accept(KeYParser.java:802)
	at org.antlr.v4.runtime.tree.AbstractParseTreeVisitor.visitChildren(AbstractParseTreeVisitor.java:46)
	at de.uka.ilkd.key.nparser.KeYParserBaseVisitor.visitDecls(KeYParserBaseVisitor.java:30)
	at de.uka.ilkd.key.nparser.KeYParser$DeclsContext.accept(KeYParser.java:500)
	at org.antlr.v4.runtime.tree.AbstractParseTreeVisitor.visitChildren(AbstractParseTreeVisitor.java:46)
	at de.uka.ilkd.key.nparser.KeYParserBaseVisitor.visitFile(KeYParserBaseVisitor.java:23)
	at de.uka.ilkd.key.nparser.KeYParser$FileContext.accept(KeYParser.java:306)
	at de.uka.ilkd.key.nparser.KeyAst.accept(KeyAst.java:41)
	at de.uka.ilkd.key.nparser.KeyAst$File.getIncludes(KeyAst.java:76)
	at de.uka.ilkd.key.proof.io.KeYFile.readIncludes(KeYFile.java:208)
	... 14 more
Could not find rule file rules/intRulesCheckedSemantics.key (file: /home/runner/work/key/key/key.core/../key.ui/examples/index/.././heap/permissions/lockspec/Counter_inv_accessible1.key; caused by: de.uka.ilkd.key.proof.init.ProofInputException: Could not find rule file rules/intRulesCheckedSemantics.key)
	at de.uka.ilkd.key.control.AbstractUserInterfaceControl.load(AbstractUserInterfaceControl.java:221)
	at de.uka.ilkd.key.control.KeYEnvironment.load(KeYEnvironment.java:251)
	at de.uka.ilkd.key.control.KeYEnvironment.load(KeYEnvironment.java:224)
	at de.uka.ilkd.key.control.KeYEnvironment.load(KeYEnvironment.java:184)
	at de.uka.ilkd.key.control.KeYEnvironment.load(KeYEnvironment.java:261)
	at de.uka.ilkd.key.proof.runallproofs.proofcollection.TestFile.load(TestFile.java:270)
	at de.uka.ilkd.key.proof.runallproofs.proofcollection.TestFile.runKey(TestFile.java:160)
	at de.uka.ilkd.key.proof.runallproofs.proofcollection.ForkedTestFileRunner.main(ForkedTestFileRunner.java:171)
Caused by: de.uka.ilkd.key.proof.init.ProofInputException: Could not find rule file rules/intRulesCheckedSemantics.key
	at de.uka.ilkd.key.proof.io.KeYFile.readIncludes(KeYFile.java:210)
	at de.uka.ilkd.key.proof.init.ProblemInitializer.readIncludes(ProblemInitializer.java:177)
	at de.uka.ilkd.key.proof.init.ProblemInitializer.readEnvInput(ProblemInitializer.java:325)
	at de.uka.ilkd.key.proof.init.ProblemInitializer.prepare(ProblemInitializer.java:449)
	at de.uka.ilkd.key.proof.io.AbstractProblemLoader.createInitConfig(AbstractProblemLoader.java:518)
	at de.uka.ilkd.key.proof.io.AbstractProblemLoader.loadEnvironment(AbstractProblemLoader.java:288)
	at de.uka.ilkd.key.proof.io.AbstractProblemLoader.load(AbstractProblemLoader.java:252)
	at de.uka.ilkd.key.control.AbstractUserInterfaceControl.load(AbstractUserInterfaceControl.java:209)
	... 7 more
Caused by: java.lang.RuntimeException: Could not find rule file rules/intRulesCheckedSemantics.key
	at de.uka.ilkd.key.proof.io.RuleSourceFactory.fromBuiltInRule(RuleSourceFactory.java:32)
	at de.uka.ilkd.key.proof.io.RuleSourceFactory.fromDefaultLocation(RuleSourceFactory.java:21)
	at de.uka.ilkd.key.nparser.builder.IncludeFinder.addInclude(IncludeFinder.java:63)
	at de.uka.ilkd.key.nparser.builder.IncludeFinder.visitOne_include(IncludeFinder.java:43)
	at de.uka.ilkd.key.nparser.builder.IncludeFinder.visitOne_include(IncludeFinder.java:20)
	at de.uka.ilkd.key.nparser.KeYParser$One_includeContext.accept(KeYParser.java:878)
	at de.uka.ilkd.key.nparser.builder.AbstractBuilder.lambda$mapOf$0(AbstractBuilder.java:112)
	at java.base/java.util.stream.ReferencePipeline$3$1.accept(ReferencePipeline.java:195)
	at java.base/java.util.ArrayList$ArrayListSpliterator.forEachRemaining(ArrayList.java:1655)
	at java.base/java.util.stream.AbstractPipeline.copyInto(AbstractPipeline.java:484)
	at java.base/java.util.stream.AbstractPipeline.wrapAndCopyInto(AbstractPipeline.java:474)
	at java.base/java.util.stream.ReduceOps$ReduceOp.evaluateSequential(ReduceOps.java:913)
	at java.base/java.util.stream.AbstractPipeline.evaluate(AbstractPipeline.java:234)
	at java.base/java.util.stream.ReferencePipeline.collect(ReferencePipeline.java:578)
	at de.uka.ilkd.key.nparser.builder.AbstractBuilder.mapOf(AbstractBuilder.java:112)
	at de.uka.ilkd.key.nparser.builder.IncludeFinder.visitOne_include_statement(IncludeFinder.java:35)
	at de.uka.ilkd.key.nparser.builder.IncludeFinder.visitOne_include_statement(IncludeFinder.java:20)
	at de.uka.ilkd.key.nparser.KeYParser$One_include_statementContext.accept(KeYParser.java:802)
	at org.antlr.v4.runtime.tree.AbstractParseTreeVisitor.visitChildren(AbstractParseTreeVisitor.java:46)
	at de.uka.ilkd.key.nparser.KeYParserBaseVisitor.visitDecls(KeYParserBaseVisitor.java:30)
	at de.uka.ilkd.key.nparser.KeYParser$DeclsContext.accept(KeYParser.java:500)
	at org.antlr.v4.runtime.tree.AbstractParseTreeVisitor.visitChildren(AbstractParseTreeVisitor.java:46)
	at de.uka.ilkd.key.nparser.KeYParserBaseVisitor.visitFile(KeYParserBaseVisitor.java:23)
	at de.uka.ilkd.key.nparser.KeYParser$FileContext.accept(KeYParser.java:306)
	at de.uka.ilkd.key.nparser.KeyAst.accept(KeyAst.java:41)
	at de.uka.ilkd.key.nparser.KeyAst$File.getIncludes(KeyAst.java:76)
	at de.uka.ilkd.key.proof.io.KeYFile.readIncludes(KeYFile.java:208)
	... 14 more
Could not find rule file rules/intRulesCheckedSemantics.key (file: /home/runner/work/key/key/key.core/../key.ui/examples/index/.././heap/permissions/lockspec/Counter_inv_accessible2.key; caused by: de.uka.ilkd.key.proof.init.ProofInputException: Could not find rule file rules/intRulesCheckedSemantics.key)
	at de.uka.ilkd.key.control.AbstractUserInterfaceControl.load(AbstractUserInterfaceControl.java:221)
	at de.uka.ilkd.key.control.KeYEnvironment.load(KeYEnvironment.java:251)
	at de.uka.ilkd.key.control.KeYEnvironment.load(KeYEnvironment.java:224)
	at de.uka.ilkd.key.control.KeYEnvironment.load(KeYEnvironment.java:184)
	at de.uka.ilkd.key.control.KeYEnvironment.load(KeYEnvironment.java:261)
	at de.uka.ilkd.key.proof.runallproofs.proofcollection.TestFile.load(TestFile.java:270)
	at de.uka.ilkd.key.proof.runallproofs.proofcollection.TestFile.runKey(TestFile.java:160)
	at de.uka.ilkd.key.proof.runallproofs.proofcollection.ForkedTestFileRunner.main(ForkedTestFileRunner.java:171)
Caused by: de.uka.ilkd.key.proof.init.ProofInputException: Could not find rule file rules/intRulesCheckedSemantics.key
	at de.uka.ilkd.key.proof.io.KeYFile.readIncludes(KeYFile.java:210)
	at de.uka.ilkd.key.proof.init.ProblemInitializer.readIncludes(ProblemInitializer.java:177)
	at de.uka.ilkd.key.proof.init.ProblemInitializer.readEnvInput(ProblemInitializer.java:325)
	at de.uka.ilkd.key.proof.init.ProblemInitializer.prepare(ProblemInitializer.java:449)
	at de.uka.ilkd.key.proof.io.AbstractProblemLoader.createInitConfig(AbstractProblemLoader.java:518)
	at de.uka.ilkd.key.proof.io.AbstractProblemLoader.loadEnvironment(AbstractProblemLoader.java:288)
	at de.uka.ilkd.key.proof.io.AbstractProblemLoader.load(AbstractProblemLoader.java:252)
	at de.uka.ilkd.key.control.AbstractUserInterfaceControl.load(AbstractUserInterfaceControl.java:209)
	... 7 more
Caused by: java.lang.RuntimeException: Could not find rule file rules/intRulesCheckedSemantics.key
	at de.uka.ilkd.key.proof.io.RuleSourceFactory.fromBuiltInRule(RuleSourceFactory.java:32)
	at de.uka.ilkd.key.proof.io.RuleSourceFactory.fromDefaultLocation(RuleSourceFactory.java:21)
	at de.uka.ilkd.key.nparser.builder.IncludeFinder.addInclude(IncludeFinder.java:63)
	at de.uka.ilkd.key.nparser.builder.IncludeFinder.visitOne_include(IncludeFinder.java:43)
	at de.uka.ilkd.key.nparser.builder.IncludeFinder.visitOne_include(IncludeFinder.java:20)
	at de.uka.ilkd.key.nparser.KeYParser$One_includeContext.accept(KeYParser.java:878)
	at de.uka.ilkd.key.nparser.builder.AbstractBuilder.lambda$mapOf$0(AbstractBuilder.java:112)
	at java.base/java.util.stream.ReferencePipeline$3$1.accept(ReferencePipeline.java:195)
	at java.base/java.util.ArrayList$ArrayListSpliterator.forEachRemaining(ArrayList.java:1655)
	at java.base/java.util.stream.AbstractPipeline.copyInto(AbstractPipeline.java:484)
	at java.base/java.util.stream.AbstractPipeline.wrapAndCopyInto(AbstractPipeline.java:474)
	at java.base/java.util.stream.ReduceOps$ReduceOp.evaluateSequential(ReduceOps.java:913)
	at java.base/java.util.stream.AbstractPipeline.evaluate(AbstractPipeline.java:234)
	at java.base/java.util.stream.ReferencePipeline.collect(ReferencePipeline.java:578)
	at de.uka.ilkd.key.nparser.builder.AbstractBuilder.mapOf(AbstractBuilder.java:112)
	at de.uka.ilkd.key.nparser.builder.IncludeFinder.visitOne_include_statement(IncludeFinder.java:35)
	at de.uka.ilkd.key.nparser.builder.IncludeFinder.visitOne_include_statement(IncludeFinder.java:20)
	at de.uka.ilkd.key.nparser.KeYParser$One_include_statementContext.accept(KeYParser.java:802)
	at org.antlr.v4.runtime.tree.AbstractParseTreeVisitor.visitChildren(AbstractParseTreeVisitor.java:46)
	at de.uka.ilkd.key.nparser.KeYParserBaseVisitor.visitDecls(KeYParserBaseVisitor.java:30)
	at de.uka.ilkd.key.nparser.KeYParser$DeclsContext.accept(KeYParser.java:500)
	at org.antlr.v4.runtime.tree.AbstractParseTreeVisitor.visitChildren(AbstractParseTreeVisitor.java:46)
	at de.uka.ilkd.key.nparser.KeYParserBaseVisitor.visitFile(KeYParserBaseVisitor.java:23)
	at de.uka.ilkd.key.nparser.KeYParser$FileContext.accept(KeYParser.java:306)
	at de.uka.ilkd.key.nparser.KeyAst.accept(KeyAst.java:41)
	at de.uka.ilkd.key.nparser.KeyAst$File.getIncludes(KeyAst.java:76)
	at de.uka.ilkd.key.proof.io.KeYFile.readIncludes(KeYFile.java:208)
	... 14 more
Could not find rule file rules/intRulesCheckedSemantics.key (file: /home/runner/work/key/key/key.core/../key.ui/examples/index/.././heap/permissions/lockspec/Counter_lockRef_accessible.key; caused by: de.uka.ilkd.key.proof.init.ProofInputException: Could not find rule file rules/intRulesCheckedSemantics.key)
	at de.uka.ilkd.key.control.AbstractUserInterfaceControl.load(AbstractUserInterfaceControl.java:221)
	at de.uka.ilkd.key.control.KeYEnvironment.load(KeYEnvironment.java:251)
	at de.uka.ilkd.key.control.KeYEnvironment.load(KeYEnvironment.java:224)
	at de.uka.ilkd.key.control.KeYEnvironment.load(KeYEnvironment.java:184)
	at de.uka.ilkd.key.control.KeYEnvironment.load(KeYEnvironment.java:261)
	at de.uka.ilkd.key.proof.runallproofs.proofcollection.TestFile.load(TestFile.java:270)
	at de.uka.ilkd.key.proof.runallproofs.proofcollection.TestFile.runKey(TestFile.java:160)
	at de.uka.ilkd.key.proof.runallproofs.proofcollection.ForkedTestFileRunner.main(ForkedTestFileRunner.java:171)
Caused by: de.uka.ilkd.key.proof.init.ProofInputException: Could not find rule file rules/intRulesCheckedSemantics.key
	at de.uka.ilkd.key.proof.io.KeYFile.readIncludes(KeYFile.java:210)
	at de.uka.ilkd.key.proof.init.ProblemInitializer.readIncludes(ProblemInitializer.java:177)
	at de.uka.ilkd.key.proof.init.ProblemInitializer.readEnvInput(ProblemInitializer.java:325)
	at de.uka.ilkd.key.proof.init.ProblemInitializer.prepare(ProblemInitializer.java:449)
	at de.uka.ilkd.key.proof.io.AbstractProblemLoader.createInitConfig(AbstractProblemLoader.java:518)
	at de.uka.ilkd.key.proof.io.AbstractProblemLoader.loadEnvironment(AbstractProblemLoader.java:288)
	at de.uka.ilkd.key.proof.io.AbstractProblemLoader.load(AbstractProblemLoader.java:252)
	at de.uka.ilkd.key.control.AbstractUserInterfaceControl.load(AbstractUserInterfaceControl.java:209)
	... 7 more
Caused by: java.lang.RuntimeException: Could not find rule file rules/intRulesCheckedSemantics.key
	at de.uka.ilkd.key.proof.io.RuleSourceFactory.fromBuiltInRule(RuleSourceFactory.java:32)
	at de.uka.ilkd.key.proof.io.RuleSourceFactory.fromDefaultLocation(RuleSourceFactory.java:21)
	at de.uka.ilkd.key.nparser.builder.IncludeFinder.addInclude(IncludeFinder.java:63)
	at de.uka.ilkd.key.nparser.builder.IncludeFinder.visitOne_include(IncludeFinder.java:43)
	at de.uka.ilkd.key.nparser.builder.IncludeFinder.visitOne_include(IncludeFinder.java:20)
	at de.uka.ilkd.key.nparser.KeYParser$One_includeContext.accept(KeYParser.java:878)
	at de.uka.ilkd.key.nparser.builder.AbstractBuilder.lambda$mapOf$0(AbstractBuilder.java:112)
	at java.base/java.util.stream.ReferencePipeline$3$1.accept(ReferencePipeline.java:195)
	at java.base/java.util.ArrayList$ArrayListSpliterator.forEachRemaining(ArrayList.java:1655)
	at java.base/java.util.stream.AbstractPipeline.copyInto(AbstractPipeline.java:484)
	at java.base/java.util.stream.AbstractPipeline.wrapAndCopyInto(AbstractPipeline.java:474)
	at java.base/java.util.stream.ReduceOps$ReduceOp.evaluateSequential(ReduceOps.java:913)
	at java.base/java.util.stream.AbstractPipeline.evaluate(AbstractPipeline.java:234)
	at java.base/java.util.stream.ReferencePipeline.collect(ReferencePipeline.java:578)
	at de.uka.ilkd.key.nparser.builder.AbstractBuilder.mapOf(AbstractBuilder.java:112)
	at de.uka.ilkd.key.nparser.builder.IncludeFinder.visitOne_include_statement(IncludeFinder.java:35)
	at de.uka.ilkd.key.nparser.builder.IncludeFinder.visitOne_include_statement(IncludeFinder.java:20)
	at de.uka.ilkd.key.nparser.KeYParser$One_include_statementContext.accept(KeYParser.java:802)
	at org.antlr.v4.runtime.tree.AbstractParseTreeVisitor.visitChildren(AbstractParseTreeVisitor.java:46)
	at de.uka.ilkd.key.nparser.KeYParserBaseVisitor.visitDecls(KeYParserBaseVisitor.java:30)
	at de.uka.ilkd.key.nparser.KeYParser$DeclsContext.accept(KeYParser.java:500)
	at org.antlr.v4.runtime.tree.AbstractParseTreeVisitor.visitChildren(AbstractParseTreeVisitor.java:46)
	at de.uka.ilkd.key.nparser.KeYParserBaseVisitor.visitFile(KeYParserBaseVisitor.java:23)
	at de.uka.ilkd.key.nparser.KeYParser$FileContext.accept(KeYParser.java:306)
	at de.uka.ilkd.key.nparser.KeyAst.accept(KeyAst.java:41)
	at de.uka.ilkd.key.nparser.KeyAst$File.getIncludes(KeyAst.java:76)
	at de.uka.ilkd.key.proof.io.KeYFile.readIncludes(KeYFile.java:208)
	... 14 more
Could not find rule file rules/intRulesCheckedSemantics.key (file: /home/runner/work/key/key/key.core/../key.ui/examples/index/.././heap/permissions/lockspec/Counter_lockRef_contract1.key; caused by: de.uka.ilkd.key.proof.init.ProofInputException: Could not find rule file rules/intRulesCheckedSemantics.key)
	at de.uka.ilkd.key.control.AbstractUserInterfaceControl.load(AbstractUserInterfaceControl.java:221)
	at de.uka.ilkd.key.control.KeYEnvironment.load(KeYEnvironment.java:251)
	at de.uka.ilkd.key.control.KeYEnvironment.load(KeYEnvironment.java:224)
	at de.uka.ilkd.key.control.KeYEnvironment.load(KeYEnvironment.java:184)
	at de.uka.ilkd.key.control.KeYEnvironment.load(KeYEnvironment.java:261)
	at de.uka.ilkd.key.proof.runallproofs.proofcollection.TestFile.load(TestFile.java:270)
	at de.uka.ilkd.key.proof.runallproofs.proofcollection.TestFile.runKey(TestFile.java:160)
	at de.uka.ilkd.key.proof.runallproofs.proofcollection.ForkedTestFileRunner.main(ForkedTestFileRunner.java:171)
Caused by: de.uka.ilkd.key.proof.init.ProofInputException: Could not find rule file rules/intRulesCheckedSemantics.key
	at de.uka.ilkd.key.proof.io.KeYFile.readIncludes(KeYFile.java:210)
	at de.uka.ilkd.key.proof.init.ProblemInitializer.readIncludes(ProblemInitializer.java:177)
	at de.uka.ilkd.key.proof.init.ProblemInitializer.readEnvInput(ProblemInitializer.java:325)
	at de.uka.ilkd.key.proof.init.ProblemInitializer.prepare(ProblemInitializer.java:449)
	at de.uka.ilkd.key.proof.io.AbstractProblemLoader.createInitConfig(AbstractProblemLoader.java:518)
	at de.uka.ilkd.key.proof.io.AbstractProblemLoader.loadEnvironment(AbstractProblemLoader.java:288)
	at de.uka.ilkd.key.proof.io.AbstractProblemLoader.load(AbstractProblemLoader.java:252)
	at de.uka.ilkd.key.control.AbstractUserInterfaceControl.load(AbstractUserInterfaceControl.java:209)
	... 7 more
Caused by: java.lang.RuntimeException: Could not find rule file rules/intRulesCheckedSemantics.key
	at de.uka.ilkd.key.proof.io.RuleSourceFactory.fromBuiltInRule(RuleSourceFactory.java:32)
	at de.uka.ilkd.key.proof.io.RuleSourceFactory.fromDefaultLocation(RuleSourceFactory.java:21)
	at de.uka.ilkd.key.nparser.builder.IncludeFinder.addInclude(IncludeFinder.java:63)
	at de.uka.ilkd.key.nparser.builder.IncludeFinder.visitOne_include(IncludeFinder.java:43)
	at de.uka.ilkd.key.nparser.builder.IncludeFinder.visitOne_include(IncludeFinder.java:20)
	at de.uka.ilkd.key.nparser.KeYParser$One_includeContext.accept(KeYParser.java:878)
	at de.uka.ilkd.key.nparser.builder.AbstractBuilder.lambda$mapOf$0(AbstractBuilder.java:112)
	at java.base/java.util.stream.ReferencePipeline$3$1.accept(ReferencePipeline.java:195)
	at java.base/java.util.ArrayList$ArrayListSpliterator.forEachRemaining(ArrayList.java:1655)
	at java.base/java.util.stream.AbstractPipeline.copyInto(AbstractPipeline.java:484)
	at java.base/java.util.stream.AbstractPipeline.wrapAndCopyInto(AbstractPipeline.java:474)
	at java.base/java.util.stream.ReduceOps$ReduceOp.evaluateSequential(ReduceOps.java:913)
	at java.base/java.util.stream.AbstractPipeline.evaluate(AbstractPipeline.java:234)
	at java.base/java.util.stream.ReferencePipeline.collect(ReferencePipeline.java:578)
	at de.uka.ilkd.key.nparser.builder.AbstractBuilder.mapOf(AbstractBuilder.java:112)
	at de.uka.ilkd.key.nparser.builder.IncludeFinder.visitOne_include_statement(IncludeFinder.java:35)
	at de.uka.ilkd.key.nparser.builder.IncludeFinder.visitOne_include_statement(IncludeFinder.java:20)
	at de.uka.ilkd.key.nparser.KeYParser$One_include_statementContext.accept(KeYParser.java:802)
	at org.antlr.v4.runtime.tree.AbstractParseTreeVisitor.visitChildren(AbstractParseTreeVisitor.java:46)
	at de.uka.ilkd.key.nparser.KeYParserBaseVisitor.visitDecls(KeYParserBaseVisitor.java:30)
	at de.uka.ilkd.key.nparser.KeYParser$DeclsContext.accept(KeYParser.java:500)
	at org.antlr.v4.runtime.tree.AbstractParseTreeVisitor.visitChildren(AbstractParseTreeVisitor.java:46)
	at de.uka.ilkd.key.nparser.KeYParserBaseVisitor.visitFile(KeYParserBaseVisitor.java:23)
	at de.uka.ilkd.key.nparser.KeYParser$FileContext.accept(KeYParser.java:306)
	at de.uka.ilkd.key.nparser.KeyAst.accept(KeyAst.java:41)
	at de.uka.ilkd.key.nparser.KeyAst$File.getIncludes(KeyAst.java:76)
	at de.uka.ilkd.key.proof.io.KeYFile.readIncludes(KeYFile.java:208)
	... 14 more
Could not find rule file rules/intRulesCheckedSemantics.key (file: /home/runner/work/key/key/key.core/../key.ui/examples/index/.././heap/permissions/lockspec/Counter_lockRef_contract2.key; caused by: de.uka.ilkd.key.proof.init.ProofInputException: Could not find rule file rules/intRulesCheckedSemantics.key)
	at de.uka.ilkd.key.control.AbstractUserInterfaceControl.load(AbstractUserInterfaceControl.java:221)
	at de.uka.ilkd.key.control.KeYEnvironment.load(KeYEnvironment.java:251)
	at de.uka.ilkd.key.control.KeYEnvironment.load(KeYEnvironment.java:224)
	at de.uka.ilkd.key.control.KeYEnvironment.load(KeYEnvironment.java:184)
	at de.uka.ilkd.key.control.KeYEnvironment.load(KeYEnvironment.java:261)
	at de.uka.ilkd.key.proof.runallproofs.proofcollection.TestFile.load(TestFile.java:270)
	at de.uka.ilkd.key.proof.runallproofs.proofcollection.TestFile.runKey(TestFile.java:160)
	at de.uka.ilkd.key.proof.runallproofs.proofcollection.ForkedTestFileRunner.main(ForkedTestFileRunner.java:171)
Caused by: de.uka.ilkd.key.proof.init.ProofInputException: Could not find rule file rules/intRulesCheckedSemantics.key
	at de.uka.ilkd.key.proof.io.KeYFile.readIncludes(KeYFile.java:210)
	at de.uka.ilkd.key.proof.init.ProblemInitializer.readIncludes(ProblemInitializer.java:177)
	at de.uka.ilkd.key.proof.init.ProblemInitializer.readEnvInput(ProblemInitializer.java:325)
	at de.uka.ilkd.key.proof.init.ProblemInitializer.prepare(ProblemInitializer.java:449)
	at de.uka.ilkd.key.proof.io.AbstractProblemLoader.createInitConfig(AbstractProblemLoader.java:518)
	at de.uka.ilkd.key.proof.io.AbstractProblemLoader.loadEnvironment(AbstractProblemLoader.java:288)
	at de.uka.ilkd.key.proof.io.AbstractProblemLoader.load(AbstractProblemLoader.java:252)
	at de.uka.ilkd.key.control.AbstractUserInterfaceControl.load(AbstractUserInterfaceControl.java:209)
	... 7 more
Caused by: java.lang.RuntimeException: Could not find rule file rules/intRulesCheckedSemantics.key
	at de.uka.ilkd.key.proof.io.RuleSourceFactory.fromBuiltInRule(RuleSourceFactory.java:32)
	at de.uka.ilkd.key.proof.io.RuleSourceFactory.fromDefaultLocation(RuleSourceFactory.java:21)
	at de.uka.ilkd.key.nparser.builder.IncludeFinder.addInclude(IncludeFinder.java:63)
	at de.uka.ilkd.key.nparser.builder.IncludeFinder.visitOne_include(IncludeFinder.java:43)
	at de.uka.ilkd.key.nparser.builder.IncludeFinder.visitOne_include(IncludeFinder.java:20)
	at de.uka.ilkd.key.nparser.KeYParser$One_includeContext.accept(KeYParser.java:878)
	at de.uka.ilkd.key.nparser.builder.AbstractBuilder.lambda$mapOf$0(AbstractBuilder.java:112)
	at java.base/java.util.stream.ReferencePipeline$3$1.accept(ReferencePipeline.java:195)
	at java.base/java.util.ArrayList$ArrayListSpliterator.forEachRemaining(ArrayList.java:1655)
	at java.base/java.util.stream.AbstractPipeline.copyInto(AbstractPipeline.java:484)
	at java.base/java.util.stream.AbstractPipeline.wrapAndCopyInto(AbstractPipeline.java:474)
	at java.base/java.util.stream.ReduceOps$ReduceOp.evaluateSequential(ReduceOps.java:913)
	at java.base/java.util.stream.AbstractPipeline.evaluate(AbstractPipeline.java:234)
	at java.base/java.util.stream.ReferencePipeline.collect(ReferencePipeline.java:578)
	at de.uka.ilkd.key.nparser.builder.AbstractBuilder.mapOf(AbstractBuilder.java:112)
	at de.uka.ilkd.key.nparser.builder.IncludeFinder.visitOne_include_statement(IncludeFinder.java:35)
	at de.uka.ilkd.key.nparser.builder.IncludeFinder.visitOne_include_statement(IncludeFinder.java:20)
	at de.uka.ilkd.key.nparser.KeYParser$One_include_statementContext.accept(KeYParser.java:802)
	at org.antlr.v4.runtime.tree.AbstractParseTreeVisitor.visitChildren(AbstractParseTreeVisitor.java:46)
	at de.uka.ilkd.key.nparser.KeYParserBaseVisitor.visitDecls(KeYParserBaseVisitor.java:30)
	at de.uka.ilkd.key.nparser.KeYParser$DeclsContext.accept(KeYParser.java:500)
	at org.antlr.v4.runtime.tree.AbstractParseTreeVisitor.visitChildren(AbstractParseTreeVisitor.java:46)
	at de.uka.ilkd.key.nparser.KeYParserBaseVisitor.visitFile(KeYParserBaseVisitor.java:23)
	at de.uka.ilkd.key.nparser.KeYParser$FileContext.accept(KeYParser.java:306)
	at de.uka.ilkd.key.nparser.KeyAst.accept(KeyAst.java:41)
	at de.uka.ilkd.key.nparser.KeyAst$File.getIncludes(KeyAst.java:76)
	at de.uka.ilkd.key.proof.io.KeYFile.readIncludes(KeYFile.java:208)
	... 14 more
Could not find rule file rules/intRulesCheckedSemantics.key (file: /home/runner/work/key/key/key.core/../key.ui/examples/index/.././heap/permissions/lockspec/Counter_lockState_accessible.key; caused by: de.uka.ilkd.key.proof.init.ProofInputException: Could not find rule file rules/intRulesCheckedSemantics.key)
	at de.uka.ilkd.key.control.AbstractUserInterfaceControl.load(AbstractUserInterfaceControl.java:221)
	at de.uka.ilkd.key.control.KeYEnvironment.load(KeYEnvironment.java:251)
	at de.uka.ilkd.key.control.KeYEnvironment.load(KeYEnvironment.java:224)
	at de.uka.ilkd.key.control.KeYEnvironment.load(KeYEnvironment.java:184)
	at de.uka.ilkd.key.control.KeYEnvironment.load(KeYEnvironment.java:261)
	at de.uka.ilkd.key.proof.runallproofs.proofcollection.TestFile.load(TestFile.java:270)
	at de.uka.ilkd.key.proof.runallproofs.proofcollection.TestFile.runKey(TestFile.java:160)
	at de.uka.ilkd.key.proof.runallproofs.proofcollection.ForkedTestFileRunner.main(ForkedTestFileRunner.java:171)
Caused by: de.uka.ilkd.key.proof.init.ProofInputException: Could not find rule file rules/intRulesCheckedSemantics.key
	at de.uka.ilkd.key.proof.io.KeYFile.readIncludes(KeYFile.java:210)
	at de.uka.ilkd.key.proof.init.ProblemInitializer.readIncludes(ProblemInitializer.java:177)
	at de.uka.ilkd.key.proof.init.ProblemInitializer.readEnvInput(ProblemInitializer.java:325)
	at de.uka.ilkd.key.proof.init.ProblemInitializer.prepare(ProblemInitializer.java:449)
	at de.uka.ilkd.key.proof.io.AbstractProblemLoader.createInitConfig(AbstractProblemLoader.java:518)
	at de.uka.ilkd.key.proof.io.AbstractProblemLoader.loadEnvironment(AbstractProblemLoader.java:288)
	at de.uka.ilkd.key.proof.io.AbstractProblemLoader.load(AbstractProblemLoader.java:252)
	at de.uka.ilkd.key.control.AbstractUserInterfaceControl.load(AbstractUserInterfaceControl.java:209)
	... 7 more
Caused by: java.lang.RuntimeException: Could not find rule file rules/intRulesCheckedSemantics.key
	at de.uka.ilkd.key.proof.io.RuleSourceFactory.fromBuiltInRule(RuleSourceFactory.java:32)
	at de.uka.ilkd.key.proof.io.RuleSourceFactory.fromDefaultLocation(RuleSourceFactory.java:21)
	at de.uka.ilkd.key.nparser.builder.IncludeFinder.addInclude(IncludeFinder.java:63)
	at de.uka.ilkd.key.nparser.builder.IncludeFinder.visitOne_include(IncludeFinder.java:43)
	at de.uka.ilkd.key.nparser.builder.IncludeFinder.visitOne_include(IncludeFinder.java:20)
	at de.uka.ilkd.key.nparser.KeYParser$One_includeContext.accept(KeYParser.java:878)
	at de.uka.ilkd.key.nparser.builder.AbstractBuilder.lambda$mapOf$0(AbstractBuilder.java:112)
	at java.base/java.util.stream.ReferencePipeline$3$1.accept(ReferencePipeline.java:195)
	at java.base/java.util.ArrayList$ArrayListSpliterator.forEachRemaining(ArrayList.java:1655)
	at java.base/java.util.stream.AbstractPipeline.copyInto(AbstractPipeline.java:484)
	at java.base/java.util.stream.AbstractPipeline.wrapAndCopyInto(AbstractPipeline.java:474)
	at java.base/java.util.stream.ReduceOps$ReduceOp.evaluateSequential(ReduceOps.java:913)
	at java.base/java.util.stream.AbstractPipeline.evaluate(AbstractPipeline.java:234)
	at java.base/java.util.stream.ReferencePipeline.collect(ReferencePipeline.java:578)
	at de.uka.ilkd.key.nparser.builder.AbstractBuilder.mapOf(AbstractBuilder.java:112)
	at de.uka.ilkd.key.nparser.builder.IncludeFinder.visitOne_include_statement(IncludeFinder.java:35)
	at de.uka.ilkd.key.nparser.builder.IncludeFinder.visitOne_include_statement(IncludeFinder.java:20)
	at de.uka.ilkd.key.nparser.KeYParser$One_include_statementContext.accept(KeYParser.java:802)
	at org.antlr.v4.runtime.tree.AbstractParseTreeVisitor.visitChildren(AbstractParseTreeVisitor.java:46)
	at de.uka.ilkd.key.nparser.KeYParserBaseVisitor.visitDecls(KeYParserBaseVisitor.java:30)
	at de.uka.ilkd.key.nparser.KeYParser$DeclsContext.accept(KeYParser.java:500)
	at org.antlr.v4.runtime.tree.AbstractParseTreeVisitor.visitChildren(AbstractParseTreeVisitor.java:46)
	at de.uka.ilkd.key.nparser.KeYParserBaseVisitor.visitFile(KeYParserBaseVisitor.java:23)
	at de.uka.ilkd.key.nparser.KeYParser$FileContext.accept(KeYParser.java:306)
	at de.uka.ilkd.key.nparser.KeyAst.accept(KeyAst.java:41)
	at de.uka.ilkd.key.nparser.KeyAst$File.getIncludes(KeyAst.java:76)
	at de.uka.ilkd.key.proof.io.KeYFile.readIncludes(KeYFile.java:208)
	... 14 more
Could not find rule file rules/intRulesCheckedSemantics.key (file: /home/runner/work/key/key/key.core/../key.ui/examples/index/.././heap/permissions/lockspec/Counter_lockStatus_accessible.key; caused by: de.uka.ilkd.key.proof.init.ProofInputException: Could not find rule file rules/intRulesCheckedSemantics.key)
	at de.uka.ilkd.key.control.AbstractUserInterfaceControl.load(AbstractUserInterfaceControl.java:221)
	at de.uka.ilkd.key.control.KeYEnvironment.load(KeYEnvironment.java:251)
	at de.uka.ilkd.key.control.KeYEnvironment.load(KeYEnvironment.java:224)
	at de.uka.ilkd.key.control.KeYEnvironment.load(KeYEnvironment.java:184)
	at de.uka.ilkd.key.control.KeYEnvironment.load(KeYEnvironment.java:261)
	at de.uka.ilkd.key.proof.runallproofs.proofcollection.TestFile.load(TestFile.java:270)
	at de.uka.ilkd.key.proof.runallproofs.proofcollection.TestFile.runKey(TestFile.java:160)
	at de.uka.ilkd.key.proof.runallproofs.proofcollection.ForkedTestFileRunner.main(ForkedTestFileRunner.java:171)
Caused by: de.uka.ilkd.key.proof.init.ProofInputException: Could not find rule file rules/intRulesCheckedSemantics.key
	at de.uka.ilkd.key.proof.io.KeYFile.readIncludes(KeYFile.java:210)
	at de.uka.ilkd.key.proof.init.ProblemInitializer.readIncludes(ProblemInitializer.java:177)
	at de.uka.ilkd.key.proof.init.ProblemInitializer.readEnvInput(ProblemInitializer.java:325)
	at de.uka.ilkd.key.proof.init.ProblemInitializer.prepare(ProblemInitializer.java:449)
	at de.uka.ilkd.key.proof.io.AbstractProblemLoader.createInitConfig(AbstractProblemLoader.java:518)
	at de.uka.ilkd.key.proof.io.AbstractProblemLoader.loadEnvironment(AbstractProblemLoader.java:288)
	at de.uka.ilkd.key.proof.io.AbstractProblemLoader.load(AbstractProblemLoader.java:252)
	at de.uka.ilkd.key.control.AbstractUserInterfaceControl.load(AbstractUserInterfaceControl.java:209)
	... 7 more
Caused by: java.lang.RuntimeException: Could not find rule file rules/intRulesCheckedSemantics.key
	at de.uka.ilkd.key.proof.io.RuleSourceFactory.fromBuiltInRule(RuleSourceFactory.java:32)
	at de.uka.ilkd.key.proof.io.RuleSourceFactory.fromDefaultLocation(RuleSourceFactory.java:21)
	at de.uka.ilkd.key.nparser.builder.IncludeFinder.addInclude(IncludeFinder.java:63)
	at de.uka.ilkd.key.nparser.builder.IncludeFinder.visitOne_include(IncludeFinder.java:43)
	at de.uka.ilkd.key.nparser.builder.IncludeFinder.visitOne_include(IncludeFinder.java:20)
	at de.uka.ilkd.key.nparser.KeYParser$One_includeContext.accept(KeYParser.java:878)
	at de.uka.ilkd.key.nparser.builder.AbstractBuilder.lambda$mapOf$0(AbstractBuilder.java:112)
	at java.base/java.util.stream.ReferencePipeline$3$1.accept(ReferencePipeline.java:195)
	at java.base/java.util.ArrayList$ArrayListSpliterator.forEachRemaining(ArrayList.java:1655)
	at java.base/java.util.stream.AbstractPipeline.copyInto(AbstractPipeline.java:484)
	at java.base/java.util.stream.AbstractPipeline.wrapAndCopyInto(AbstractPipeline.java:474)
	at java.base/java.util.stream.ReduceOps$ReduceOp.evaluateSequential(ReduceOps.java:913)
	at java.base/java.util.stream.AbstractPipeline.evaluate(AbstractPipeline.java:234)
	at java.base/java.util.stream.ReferencePipeline.collect(ReferencePipeline.java:578)
	at de.uka.ilkd.key.nparser.builder.AbstractBuilder.mapOf(AbstractBuilder.java:112)
	at de.uka.ilkd.key.nparser.builder.IncludeFinder.visitOne_include_statement(IncludeFinder.java:35)
	at de.uka.ilkd.key.nparser.builder.IncludeFinder.visitOne_include_statement(IncludeFinder.java:20)
	at de.uka.ilkd.key.nparser.KeYParser$One_include_statementContext.accept(KeYParser.java:802)
	at org.antlr.v4.runtime.tree.AbstractParseTreeVisitor.visitChildren(AbstractParseTreeVisitor.java:46)
	at de.uka.ilkd.key.nparser.KeYParserBaseVisitor.visitDecls(KeYParserBaseVisitor.java:30)
	at de.uka.ilkd.key.nparser.KeYParser$DeclsContext.accept(KeYParser.java:500)
	at org.antlr.v4.runtime.tree.AbstractParseTreeVisitor.visitChildren(AbstractParseTreeVisitor.java:46)
	at de.uka.ilkd.key.nparser.KeYParserBaseVisitor.visitFile(KeYParserBaseVisitor.java:23)
	at de.uka.ilkd.key.nparser.KeYParser$FileContext.accept(KeYParser.java:306)
	at de.uka.ilkd.key.nparser.KeyAst.accept(KeyAst.java:41)
	at de.uka.ilkd.key.nparser.KeyAst$File.getIncludes(KeyAst.java:76)
	at de.uka.ilkd.key.proof.io.KeYFile.readIncludes(KeYFile.java:208)
	... 14 more
Could not find rule file rules/intRulesCheckedSemantics.key (file: /home/runner/work/key/key/key.core/../key.ui/examples/index/.././heap/permissions/lockspec/Counter_lockTransfer_accessible.key; caused by: de.uka.ilkd.key.proof.init.ProofInputException: Could not find rule file rules/intRulesCheckedSemantics.key)
	at de.uka.ilkd.key.control.AbstractUserInterfaceControl.load(AbstractUserInterfaceControl.java:221)
	at de.uka.ilkd.key.control.KeYEnvironment.load(KeYEnvironment.java:251)
	at de.uka.ilkd.key.control.KeYEnvironment.load(KeYEnvironment.java:224)
	at de.uka.ilkd.key.control.KeYEnvironment.load(KeYEnvironment.java:184)
	at de.uka.ilkd.key.control.KeYEnvironment.load(KeYEnvironment.java:261)
	at de.uka.ilkd.key.proof.runallproofs.proofcollection.TestFile.load(TestFile.java:270)
	at de.uka.ilkd.key.proof.runallproofs.proofcollection.TestFile.runKey(TestFile.java:160)
	at de.uka.ilkd.key.proof.runallproofs.proofcollection.ForkedTestFileRunner.main(ForkedTestFileRunner.java:171)
Caused by: de.uka.ilkd.key.proof.init.ProofInputException: Could not find rule file rules/intRulesCheckedSemantics.key
	at de.uka.ilkd.key.proof.io.KeYFile.readIncludes(KeYFile.java:210)
	at de.uka.ilkd.key.proof.init.ProblemInitializer.readIncludes(ProblemInitializer.java:177)
	at de.uka.ilkd.key.proof.init.ProblemInitializer.readEnvInput(ProblemInitializer.java:325)
	at de.uka.ilkd.key.proof.init.ProblemInitializer.prepare(ProblemInitializer.java:449)
	at de.uka.ilkd.key.proof.io.AbstractProblemLoader.createInitConfig(AbstractProblemLoader.java:518)
	at de.uka.ilkd.key.proof.io.AbstractProblemLoader.loadEnvironment(AbstractProblemLoader.java:288)
	at de.uka.ilkd.key.proof.io.AbstractProblemLoader.load(AbstractProblemLoader.java:252)
	at de.uka.ilkd.key.control.AbstractUserInterfaceControl.load(AbstractUserInterfaceControl.java:209)
	... 7 more
Caused by: java.lang.RuntimeException: Could not find rule file rules/intRulesCheckedSemantics.key
	at de.uka.ilkd.key.proof.io.RuleSourceFactory.fromBuiltInRule(RuleSourceFactory.java:32)
	at de.uka.ilkd.key.proof.io.RuleSourceFactory.fromDefaultLocation(RuleSourceFactory.java:21)
	at de.uka.ilkd.key.nparser.builder.IncludeFinder.addInclude(IncludeFinder.java:63)
	at de.uka.ilkd.key.nparser.builder.IncludeFinder.visitOne_include(IncludeFinder.java:43)
	at de.uka.ilkd.key.nparser.builder.IncludeFinder.visitOne_include(IncludeFinder.java:20)
	at de.uka.ilkd.key.nparser.KeYParser$One_includeContext.accept(KeYParser.java:878)
	at de.uka.ilkd.key.nparser.builder.AbstractBuilder.lambda$mapOf$0(AbstractBuilder.java:112)
	at java.base/java.util.stream.ReferencePipeline$3$1.accept(ReferencePipeline.java:195)
	at java.base/java.util.ArrayList$ArrayListSpliterator.forEachRemaining(ArrayList.java:1655)
	at java.base/java.util.stream.AbstractPipeline.copyInto(AbstractPipeline.java:484)
	at java.base/java.util.stream.AbstractPipeline.wrapAndCopyInto(AbstractPipeline.java:474)
	at java.base/java.util.stream.ReduceOps$ReduceOp.evaluateSequential(ReduceOps.java:913)
	at java.base/java.util.stream.AbstractPipeline.evaluate(AbstractPipeline.java:234)
	at java.base/java.util.stream.ReferencePipeline.collect(ReferencePipeline.java:578)
	at de.uka.ilkd.key.nparser.builder.AbstractBuilder.mapOf(AbstractBuilder.java:112)
	at de.uka.ilkd.key.nparser.builder.IncludeFinder.visitOne_include_statement(IncludeFinder.java:35)
	at de.uka.ilkd.key.nparser.builder.IncludeFinder.visitOne_include_statement(IncludeFinder.java:20)
	at de.uka.ilkd.key.nparser.KeYParser$One_include_statementContext.accept(KeYParser.java:802)
	at org.antlr.v4.runtime.tree.AbstractParseTreeVisitor.visitChildren(AbstractParseTreeVisitor.java:46)
	at de.uka.ilkd.key.nparser.KeYParserBaseVisitor.visitDecls(KeYParserBaseVisitor.java:30)
	at de.uka.ilkd.key.nparser.KeYParser$DeclsContext.accept(KeYParser.java:500)
	at org.antlr.v4.runtime.tree.AbstractParseTreeVisitor.visitChildren(AbstractParseTreeVisitor.java:46)
	at de.uka.ilkd.key.nparser.KeYParserBaseVisitor.visitFile(KeYParserBaseVisitor.java:23)
	at de.uka.ilkd.key.nparser.KeYParser$FileContext.accept(KeYParser.java:306)
	at de.uka.ilkd.key.nparser.KeyAst.accept(KeyAst.java:41)
	at de.uka.ilkd.key.nparser.KeyAst$File.getIncludes(KeyAst.java:76)
	at de.uka.ilkd.key.proof.io.KeYFile.readIncludes(KeYFile.java:208)
	... 14 more
Could not find rule file rules/intRulesCheckedSemantics.key (file: /home/runner/work/key/key/key.core/../key.ui/examples/index/.././heap/permissions/lockspec/Counter_unlockTransfer_accessible.key; caused by: de.uka.ilkd.key.proof.init.ProofInputException: Could not find rule file rules/intRulesCheckedSemantics.key)
	at de.uka.ilkd.key.control.AbstractUserInterfaceControl.load(AbstractUserInterfaceControl.java:221)
	at de.uka.ilkd.key.control.KeYEnvironment.load(KeYEnvironment.java:251)
	at de.uka.ilkd.key.control.KeYEnvironment.load(KeYEnvironment.java:224)
	at de.uka.ilkd.key.control.KeYEnvironment.load(KeYEnvironment.java:184)
	at de.uka.ilkd.key.control.KeYEnvironment.load(KeYEnvironment.java:261)
	at de.uka.ilkd.key.proof.runallproofs.proofcollection.TestFile.load(TestFile.java:270)
	at de.uka.ilkd.key.proof.runallproofs.proofcollection.TestFile.runKey(TestFile.java:160)
	at de.uka.ilkd.key.proof.runallproofs.proofcollection.ForkedTestFileRunner.main(ForkedTestFileRunner.java:171)
Caused by: de.uka.ilkd.key.proof.init.ProofInputException: Could not find rule file rules/intRulesCheckedSemantics.key
	at de.uka.ilkd.key.proof.io.KeYFile.readIncludes(KeYFile.java:210)
	at de.uka.ilkd.key.proof.init.ProblemInitializer.readIncludes(ProblemInitializer.java:177)
	at de.uka.ilkd.key.proof.init.ProblemInitializer.readEnvInput(ProblemInitializer.java:325)
	at de.uka.ilkd.key.proof.init.ProblemInitializer.prepare(ProblemInitializer.java:449)
	at de.uka.ilkd.key.proof.io.AbstractProblemLoader.createInitConfig(AbstractProblemLoader.java:518)
	at de.uka.ilkd.key.proof.io.AbstractProblemLoader.loadEnvironment(AbstractProblemLoader.java:288)
	at de.uka.ilkd.key.proof.io.AbstractProblemLoader.load(AbstractProblemLoader.java:252)
	at de.uka.ilkd.key.control.AbstractUserInterfaceControl.load(AbstractUserInterfaceControl.java:209)
	... 7 more
Caused by: java.lang.RuntimeException: Could not find rule file rules/intRulesCheckedSemantics.key
	at de.uka.ilkd.key.proof.io.RuleSourceFactory.fromBuiltInRule(RuleSourceFactory.java:32)
	at de.uka.ilkd.key.proof.io.RuleSourceFactory.fromDefaultLocation(RuleSourceFactory.java:21)
	at de.uka.ilkd.key.nparser.builder.IncludeFinder.addInclude(IncludeFinder.java:63)
	at de.uka.ilkd.key.nparser.builder.IncludeFinder.visitOne_include(IncludeFinder.java:43)
	at de.uka.ilkd.key.nparser.builder.IncludeFinder.visitOne_include(IncludeFinder.java:20)
	at de.uka.ilkd.key.nparser.KeYParser$One_includeContext.accept(KeYParser.java:878)
	at de.uka.ilkd.key.nparser.builder.AbstractBuilder.lambda$mapOf$0(AbstractBuilder.java:112)
	at java.base/java.util.stream.ReferencePipeline$3$1.accept(ReferencePipeline.java:195)
	at java.base/java.util.ArrayList$ArrayListSpliterator.forEachRemaining(ArrayList.java:1655)
	at java.base/java.util.stream.AbstractPipeline.copyInto(AbstractPipeline.java:484)
	at java.base/java.util.stream.AbstractPipeline.wrapAndCopyInto(AbstractPipeline.java:474)
	at java.base/java.util.stream.ReduceOps$ReduceOp.evaluateSequential(ReduceOps.java:913)
	at java.base/java.util.stream.AbstractPipeline.evaluate(AbstractPipeline.java:234)
	at java.base/java.util.stream.ReferencePipeline.collect(ReferencePipeline.java:578)
	at de.uka.ilkd.key.nparser.builder.AbstractBuilder.mapOf(AbstractBuilder.java:112)
	at de.uka.ilkd.key.nparser.builder.IncludeFinder.visitOne_include_statement(IncludeFinder.java:35)
	at de.uka.ilkd.key.nparser.builder.IncludeFinder.visitOne_include_statement(IncludeFinder.java:20)
	at de.uka.ilkd.key.nparser.KeYParser$One_include_statementContext.accept(KeYParser.java:802)
	at org.antlr.v4.runtime.tree.AbstractParseTreeVisitor.visitChildren(AbstractParseTreeVisitor.java:46)
	at de.uka.ilkd.key.nparser.KeYParserBaseVisitor.visitDecls(KeYParserBaseVisitor.java:30)
	at de.uka.ilkd.key.nparser.KeYParser$DeclsContext.accept(KeYParser.java:500)
	at org.antlr.v4.runtime.tree.AbstractParseTreeVisitor.visitChildren(AbstractParseTreeVisitor.java:46)
	at de.uka.ilkd.key.nparser.KeYParserBaseVisitor.visitFile(KeYParserBaseVisitor.java:23)
	at de.uka.ilkd.key.nparser.KeYParser$FileContext.accept(KeYParser.java:306)
	at de.uka.ilkd.key.nparser.KeyAst.accept(KeyAst.java:41)
	at de.uka.ilkd.key.nparser.KeyAst$File.getIncludes(KeyAst.java:76)
	at de.uka.ilkd.key.proof.io.KeYFile.readIncludes(KeYFile.java:208)
	... 14 more
Could not find rule file rules/intRulesCheckedSemantics.key (file: /home/runner/work/key/key/key.core/../key.ui/examples/index/.././heap/permissions/threads/Plotter_startTransfer_contract.proof; caused by: de.uka.ilkd.key.proof.init.ProofInputException: Could not find rule file rules/intRulesCheckedSemantics.key)
	at de.uka.ilkd.key.control.AbstractUserInterfaceControl.load(AbstractUserInterfaceControl.java:221)
	at de.uka.ilkd.key.control.KeYEnvironment.load(KeYEnvironment.java:251)
	at de.uka.ilkd.key.control.KeYEnvironment.load(KeYEnvironment.java:224)
	at de.uka.ilkd.key.control.KeYEnvironment.load(KeYEnvironment.java:184)
	at de.uka.ilkd.key.control.KeYEnvironment.load(KeYEnvironment.java:261)
	at de.uka.ilkd.key.proof.runallproofs.proofcollection.TestFile.load(TestFile.java:270)
	at de.uka.ilkd.key.proof.runallproofs.proofcollection.TestFile.runKey(TestFile.java:160)
	at de.uka.ilkd.key.proof.runallproofs.proofcollection.ForkedTestFileRunner.main(ForkedTestFileRunner.java:171)
Caused by: de.uka.ilkd.key.proof.init.ProofInputException: Could not find rule file rules/intRulesCheckedSemantics.key
	at de.uka.ilkd.key.proof.io.KeYFile.readIncludes(KeYFile.java:210)
	at de.uka.ilkd.key.proof.init.ProblemInitializer.readIncludes(ProblemInitializer.java:177)
	at de.uka.ilkd.key.proof.init.ProblemInitializer.readEnvInput(ProblemInitializer.java:325)
	at de.uka.ilkd.key.proof.init.ProblemInitializer.prepare(ProblemInitializer.java:449)
	at de.uka.ilkd.key.proof.io.AbstractProblemLoader.createInitConfig(AbstractProblemLoader.java:518)
	at de.uka.ilkd.key.proof.io.AbstractProblemLoader.loadEnvironment(AbstractProblemLoader.java:288)
	at de.uka.ilkd.key.proof.io.AbstractProblemLoader.load(AbstractProblemLoader.java:252)
	at de.uka.ilkd.key.control.AbstractUserInterfaceControl.load(AbstractUserInterfaceControl.java:209)
	... 7 more
Caused by: java.lang.RuntimeException: Could not find rule file rules/intRulesCheckedSemantics.key
	at de.uka.ilkd.key.proof.io.RuleSourceFactory.fromBuiltInRule(RuleSourceFactory.java:32)
	at de.uka.ilkd.key.proof.io.RuleSourceFactory.fromDefaultLocation(RuleSourceFactory.java:21)
	at de.uka.ilkd.key.nparser.builder.IncludeFinder.addInclude(IncludeFinder.java:63)
	at de.uka.ilkd.key.nparser.builder.IncludeFinder.visitOne_include(IncludeFinder.java:43)
	at de.uka.ilkd.key.nparser.builder.IncludeFinder.visitOne_include(IncludeFinder.java:20)
	at de.uka.ilkd.key.nparser.KeYParser$One_includeContext.accept(KeYParser.java:878)
	at de.uka.ilkd.key.nparser.builder.AbstractBuilder.lambda$mapOf$0(AbstractBuilder.java:112)
	at java.base/java.util.stream.ReferencePipeline$3$1.accept(ReferencePipeline.java:195)
	at java.base/java.util.ArrayList$ArrayListSpliterator.forEachRemaining(ArrayList.java:1655)
	at java.base/java.util.stream.AbstractPipeline.copyInto(AbstractPipeline.java:484)
	at java.base/java.util.stream.AbstractPipeline.wrapAndCopyInto(AbstractPipeline.java:474)
	at java.base/java.util.stream.ReduceOps$ReduceOp.evaluateSequential(ReduceOps.java:913)
	at java.base/java.util.stream.AbstractPipeline.evaluate(AbstractPipeline.java:234)
	at java.base/java.util.stream.ReferencePipeline.collect(ReferencePipeline.java:578)
	at de.uka.ilkd.key.nparser.builder.AbstractBuilder.mapOf(AbstractBuilder.java:112)
	at de.uka.ilkd.key.nparser.builder.IncludeFinder.visitOne_include_statement(IncludeFinder.java:35)
	at de.uka.ilkd.key.nparser.builder.IncludeFinder.visitOne_include_statement(IncludeFinder.java:20)
	at de.uka.ilkd.key.nparser.KeYParser$One_include_statementContext.accept(KeYParser.java:802)
	at org.antlr.v4.runtime.tree.AbstractParseTreeVisitor.visitChildren(AbstractParseTreeVisitor.java:46)
	at de.uka.ilkd.key.nparser.KeYParserBaseVisitor.visitDecls(KeYParserBaseVisitor.java:30)
	at de.uka.ilkd.key.nparser.KeYParser$DeclsContext.accept(KeYParser.java:500)
	at org.antlr.v4.runtime.tree.AbstractParseTreeVisitor.visitChildren(AbstractParseTreeVisitor.java:46)
	at de.uka.ilkd.key.nparser.KeYParserBaseVisitor.visitFile(KeYParserBaseVisitor.java:23)
	at de.uka.ilkd.key.nparser.KeYParser$FileContext.accept(KeYParser.java:306)
	at de.uka.ilkd.key.nparser.KeyAst.accept(KeyAst.java:41)
	at de.uka.ilkd.key.nparser.KeyAst$File.getIncludes(KeyAst.java:76)
	at de.uka.ilkd.key.proof.io.KeYFile.readIncludes(KeYFile.java:208)
	... 14 more
Could not find rule file rules/intRulesCheckedSemantics.key (file: /home/runner/work/key/key/key.core/../key.ui/examples/index/.././heap/permissions/threads/Plotter_startTransfer_accessible.proof; caused by: de.uka.ilkd.key.proof.init.ProofInputException: Could not find rule file rules/intRulesCheckedSemantics.key)
	at de.uka.ilkd.key.control.AbstractUserInterfaceControl.load(AbstractUserInterfaceControl.java:221)
	at de.uka.ilkd.key.control.KeYEnvironment.load(KeYEnvironment.java:251)
	at de.uka.ilkd.key.control.KeYEnvironment.load(KeYEnvironment.java:224)
	at de.uka.ilkd.key.control.KeYEnvironment.load(KeYEnvironment.java:184)
	at de.uka.ilkd.key.control.KeYEnvironment.load(KeYEnvironment.java:261)
	at de.uka.ilkd.key.proof.runallproofs.proofcollection.TestFile.load(TestFile.java:270)
	at de.uka.ilkd.key.proof.runallproofs.proofcollection.TestFile.runKey(TestFile.java:160)
	at de.uka.ilkd.key.proof.runallproofs.proofcollection.ForkedTestFileRunner.main(ForkedTestFileRunner.java:171)
Caused by: de.uka.ilkd.key.proof.init.ProofInputException: Could not find rule file rules/intRulesCheckedSemantics.key
	at de.uka.ilkd.key.proof.io.KeYFile.readIncludes(KeYFile.java:210)
	at de.uka.ilkd.key.proof.init.ProblemInitializer.readIncludes(ProblemInitializer.java:177)
	at de.uka.ilkd.key.proof.init.ProblemInitializer.readEnvInput(ProblemInitializer.java:325)
	at de.uka.ilkd.key.proof.init.ProblemInitializer.prepare(ProblemInitializer.java:449)
	at de.uka.ilkd.key.proof.io.AbstractProblemLoader.createInitConfig(AbstractProblemLoader.java:518)
	at de.uka.ilkd.key.proof.io.AbstractProblemLoader.loadEnvironment(AbstractProblemLoader.java:288)
	at de.uka.ilkd.key.proof.io.AbstractProblemLoader.load(AbstractProblemLoader.java:252)
	at de.uka.ilkd.key.control.AbstractUserInterfaceControl.load(AbstractUserInterfaceControl.java:209)
	... 7 more
Caused by: java.lang.RuntimeException: Could not find rule file rules/intRulesCheckedSemantics.key
	at de.uka.ilkd.key.proof.io.RuleSourceFactory.fromBuiltInRule(RuleSourceFactory.java:32)
	at de.uka.ilkd.key.proof.io.RuleSourceFactory.fromDefaultLocation(RuleSourceFactory.java:21)
	at de.uka.ilkd.key.nparser.builder.IncludeFinder.addInclude(IncludeFinder.java:63)
	at de.uka.ilkd.key.nparser.builder.IncludeFinder.visitOne_include(IncludeFinder.java:43)
	at de.uka.ilkd.key.nparser.builder.IncludeFinder.visitOne_include(IncludeFinder.java:20)
	at de.uka.ilkd.key.nparser.KeYParser$One_includeContext.accept(KeYParser.java:878)
	at de.uka.ilkd.key.nparser.builder.AbstractBuilder.lambda$mapOf$0(AbstractBuilder.java:112)
	at java.base/java.util.stream.ReferencePipeline$3$1.accept(ReferencePipeline.java:195)
	at java.base/java.util.ArrayList$ArrayListSpliterator.forEachRemaining(ArrayList.java:1655)
	at java.base/java.util.stream.AbstractPipeline.copyInto(AbstractPipeline.java:484)
	at java.base/java.util.stream.AbstractPipeline.wrapAndCopyInto(AbstractPipeline.java:474)
	at java.base/java.util.stream.ReduceOps$ReduceOp.evaluateSequential(ReduceOps.java:913)
	at java.base/java.util.stream.AbstractPipeline.evaluate(AbstractPipeline.java:234)
	at java.base/java.util.stream.ReferencePipeline.collect(ReferencePipeline.java:578)
	at de.uka.ilkd.key.nparser.builder.AbstractBuilder.mapOf(AbstractBuilder.java:112)
	at de.uka.ilkd.key.nparser.builder.IncludeFinder.visitOne_include_statement(IncludeFinder.java:35)
	at de.uka.ilkd.key.nparser.builder.IncludeFinder.visitOne_include_statement(IncludeFinder.java:20)
	at de.uka.ilkd.key.nparser.KeYParser$One_include_statementContext.accept(KeYParser.java:802)
	at org.antlr.v4.runtime.tree.AbstractParseTreeVisitor.visitChildren(AbstractParseTreeVisitor.java:46)
	at de.uka.ilkd.key.nparser.KeYParserBaseVisitor.visitDecls(KeYParserBaseVisitor.java:30)
	at de.uka.ilkd.key.nparser.KeYParser$DeclsContext.accept(KeYParser.java:500)
	at org.antlr.v4.runtime.tree.AbstractParseTreeVisitor.visitChildren(AbstractParseTreeVisitor.java:46)
	at de.uka.ilkd.key.nparser.KeYParserBaseVisitor.visitFile(KeYParserBaseVisitor.java:23)
	at de.uka.ilkd.key.nparser.KeYParser$FileContext.accept(KeYParser.java:306)
	at de.uka.ilkd.key.nparser.KeyAst.accept(KeyAst.java:41)
	at de.uka.ilkd.key.nparser.KeyAst$File.getIncludes(KeyAst.java:76)
	at de.uka.ilkd.key.proof.io.KeYFile.readIncludes(KeYFile.java:208)
	... 14 more
Could not find rule file rules/intRulesCheckedSemantics.key (file: /home/runner/work/key/key/key.core/../key.ui/examples/index/.././heap/permissions/threads/Plotter_joinTransfer_accessible.proof; caused by: de.uka.ilkd.key.proof.init.ProofInputException: Could not find rule file rules/intRulesCheckedSemantics.key)
	at de.uka.ilkd.key.control.AbstractUserInterfaceControl.load(AbstractUserInterfaceControl.java:221)
	at de.uka.ilkd.key.control.KeYEnvironment.load(KeYEnvironment.java:251)
	at de.uka.ilkd.key.control.KeYEnvironment.load(KeYEnvironment.java:224)
	at de.uka.ilkd.key.control.KeYEnvironment.load(KeYEnvironment.java:184)
	at de.uka.ilkd.key.control.KeYEnvironment.load(KeYEnvironment.java:261)
	at de.uka.ilkd.key.proof.runallproofs.proofcollection.TestFile.load(TestFile.java:270)
	at de.uka.ilkd.key.proof.runallproofs.proofcollection.TestFile.runKey(TestFile.java:160)
	at de.uka.ilkd.key.proof.runallproofs.proofcollection.ForkedTestFileRunner.main(ForkedTestFileRunner.java:171)
Caused by: de.uka.ilkd.key.proof.init.ProofInputException: Could not find rule file rules/intRulesCheckedSemantics.key
	at de.uka.ilkd.key.proof.io.KeYFile.readIncludes(KeYFile.java:210)
	at de.uka.ilkd.key.proof.init.ProblemInitializer.readIncludes(ProblemInitializer.java:177)
	at de.uka.ilkd.key.proof.init.ProblemInitializer.readEnvInput(ProblemInitializer.java:325)
	at de.uka.ilkd.key.proof.init.ProblemInitializer.prepare(ProblemInitializer.java:449)
	at de.uka.ilkd.key.proof.io.AbstractProblemLoader.createInitConfig(AbstractProblemLoader.java:518)
	at de.uka.ilkd.key.proof.io.AbstractProblemLoader.loadEnvironment(AbstractProblemLoader.java:288)
	at de.uka.ilkd.key.proof.io.AbstractProblemLoader.load(AbstractProblemLoader.java:252)
	at de.uka.ilkd.key.control.AbstractUserInterfaceControl.load(AbstractUserInterfaceControl.java:209)
	... 7 more
Caused by: java.lang.RuntimeException: Could not find rule file rules/intRulesCheckedSemantics.key
	at de.uka.ilkd.key.proof.io.RuleSourceFactory.fromBuiltInRule(RuleSourceFactory.java:32)
	at de.uka.ilkd.key.proof.io.RuleSourceFactory.fromDefaultLocation(RuleSourceFactory.java:21)
	at de.uka.ilkd.key.nparser.builder.IncludeFinder.addInclude(IncludeFinder.java:63)
	at de.uka.ilkd.key.nparser.builder.IncludeFinder.visitOne_include(IncludeFinder.java:43)
	at de.uka.ilkd.key.nparser.builder.IncludeFinder.visitOne_include(IncludeFinder.java:20)
	at de.uka.ilkd.key.nparser.KeYParser$One_includeContext.accept(KeYParser.java:878)
	at de.uka.ilkd.key.nparser.builder.AbstractBuilder.lambda$mapOf$0(AbstractBuilder.java:112)
	at java.base/java.util.stream.ReferencePipeline$3$1.accept(ReferencePipeline.java:195)
	at java.base/java.util.ArrayList$ArrayListSpliterator.forEachRemaining(ArrayList.java:1655)
	at java.base/java.util.stream.AbstractPipeline.copyInto(AbstractPipeline.java:484)
	at java.base/java.util.stream.AbstractPipeline.wrapAndCopyInto(AbstractPipeline.java:474)
	at java.base/java.util.stream.ReduceOps$ReduceOp.evaluateSequential(ReduceOps.java:913)
	at java.base/java.util.stream.AbstractPipeline.evaluate(AbstractPipeline.java:234)
	at java.base/java.util.stream.ReferencePipeline.collect(ReferencePipeline.java:578)
	at de.uka.ilkd.key.nparser.builder.AbstractBuilder.mapOf(AbstractBuilder.java:112)
	at de.uka.ilkd.key.nparser.builder.IncludeFinder.visitOne_include_statement(IncludeFinder.java:35)
	at de.uka.ilkd.key.nparser.builder.IncludeFinder.visitOne_include_statement(IncludeFinder.java:20)
	at de.uka.ilkd.key.nparser.KeYParser$One_include_statementContext.accept(KeYParser.java:802)
	at org.antlr.v4.runtime.tree.AbstractParseTreeVisitor.visitChildren(AbstractParseTreeVisitor.java:46)
	at de.uka.ilkd.key.nparser.KeYParserBaseVisitor.visitDecls(KeYParserBaseVisitor.java:30)
	at de.uka.ilkd.key.nparser.KeYParser$DeclsContext.accept(KeYParser.java:500)
	at org.antlr.v4.runtime.tree.AbstractParseTreeVisitor.visitChildren(AbstractParseTreeVisitor.java:46)
	at de.uka.ilkd.key.nparser.KeYParserBaseVisitor.visitFile(KeYParserBaseVisitor.java:23)
	at de.uka.ilkd.key.nparser.KeYParser$FileContext.accept(KeYParser.java:306)
	at de.uka.ilkd.key.nparser.KeyAst.accept(KeyAst.java:41)
	at de.uka.ilkd.key.nparser.KeyAst$File.getIncludes(KeyAst.java:76)
	at de.uka.ilkd.key.proof.io.KeYFile.readIncludes(KeYFile.java:208)
	... 14 more
Exception in thread "main" org.opentest4j.AssertionFailedError: Exception during the execution of proofs. See log for more details.
	at org.junit.jupiter.api.AssertionUtils.fail(AssertionUtils.java:39)
	at org.junit.jupiter.api.Assertions.fail(Assertions.java:134)
	at de.uka.ilkd.key.proof.runallproofs.proofcollection.ForkedTestFileRunner.main(ForkedTestFileRunner.java:192)
Timeout watcher launched (2000 secs.)
Could not find rule file rules/intRulesCheckedSemantics.key (file: /home/runner/work/key/key/key.core/../key.ui/examples/index/.././completionscopes/testCcatchReturnVal.key; caused by: de.uka.ilkd.key.proof.init.ProofInputException: Could not find rule file rules/intRulesCheckedSemantics.key)
	at de.uka.ilkd.key.control.AbstractUserInterfaceControl.load(AbstractUserInterfaceControl.java:221)
	at de.uka.ilkd.key.control.KeYEnvironment.load(KeYEnvironment.java:251)
	at de.uka.ilkd.key.control.KeYEnvironment.load(KeYEnvironment.java:224)
	at de.uka.ilkd.key.control.KeYEnvironment.load(KeYEnvironment.java:184)
	at de.uka.ilkd.key.control.KeYEnvironment.load(KeYEnvironment.java:261)
	at de.uka.ilkd.key.proof.runallproofs.proofcollection.TestFile.load(TestFile.java:270)
	at de.uka.ilkd.key.proof.runallproofs.proofcollection.TestFile.runKey(TestFile.java:160)
	at de.uka.ilkd.key.proof.runallproofs.proofcollection.ForkedTestFileRunner.main(ForkedTestFileRunner.java:171)
Caused by: de.uka.ilkd.key.proof.init.ProofInputException: Could not find rule file rules/intRulesCheckedSemantics.key
	at de.uka.ilkd.key.proof.io.KeYFile.readIncludes(KeYFile.java:210)
	at de.uka.ilkd.key.proof.init.ProblemInitializer.readIncludes(ProblemInitializer.java:177)
	at de.uka.ilkd.key.proof.init.ProblemInitializer.readEnvInput(ProblemInitializer.java:325)
	at de.uka.ilkd.key.proof.init.ProblemInitializer.prepare(ProblemInitializer.java:449)
	at de.uka.ilkd.key.proof.io.AbstractProblemLoader.createInitConfig(AbstractProblemLoader.java:518)
	at de.uka.ilkd.key.proof.io.AbstractProblemLoader.loadEnvironment(AbstractProblemLoader.java:288)
	at de.uka.ilkd.key.proof.io.AbstractProblemLoader.load(AbstractProblemLoader.java:252)
	at de.uka.ilkd.key.control.AbstractUserInterfaceControl.load(AbstractUserInterfaceControl.java:209)
	... 7 more
Caused by: java.lang.RuntimeException: Could not find rule file rules/intRulesCheckedSemantics.key
	at de.uka.ilkd.key.proof.io.RuleSourceFactory.fromBuiltInRule(RuleSourceFactory.java:32)
	at de.uka.ilkd.key.proof.io.RuleSourceFactory.fromDefaultLocation(RuleSourceFactory.java:21)
	at de.uka.ilkd.key.nparser.builder.IncludeFinder.addInclude(IncludeFinder.java:63)
	at de.uka.ilkd.key.nparser.builder.IncludeFinder.visitOne_include(IncludeFinder.java:43)
	at de.uka.ilkd.key.nparser.builder.IncludeFinder.visitOne_include(IncludeFinder.java:20)
	at de.uka.ilkd.key.nparser.KeYParser$One_includeContext.accept(KeYParser.java:878)
	at de.uka.ilkd.key.nparser.builder.AbstractBuilder.lambda$mapOf$0(AbstractBuilder.java:112)
	at java.base/java.util.stream.ReferencePipeline$3$1.accept(ReferencePipeline.java:195)
	at java.base/java.util.ArrayList$ArrayListSpliterator.forEachRemaining(ArrayList.java:1655)
	at java.base/java.util.stream.AbstractPipeline.copyInto(AbstractPipeline.java:484)
	at java.base/java.util.stream.AbstractPipeline.wrapAndCopyInto(AbstractPipeline.java:474)
	at java.base/java.util.stream.ReduceOps$ReduceOp.evaluateSequential(ReduceOps.java:913)
	at java.base/java.util.stream.AbstractPipeline.evaluate(AbstractPipeline.java:234)
	at java.base/java.util.stream.ReferencePipeline.collect(ReferencePipeline.java:578)
	at de.uka.ilkd.key.nparser.builder.AbstractBuilder.mapOf(AbstractBuilder.java:112)
	at de.uka.ilkd.key.nparser.builder.IncludeFinder.visitOne_include_statement(IncludeFinder.java:35)
	at de.uka.ilkd.key.nparser.builder.IncludeFinder.visitOne_include_statement(IncludeFinder.java:20)
	at de.uka.ilkd.key.nparser.KeYParser$One_include_statementContext.accept(KeYParser.java:802)
	at org.antlr.v4.runtime.tree.AbstractParseTreeVisitor.visitChildren(AbstractParseTreeVisitor.java:46)
	at de.uka.ilkd.key.nparser.KeYParserBaseVisitor.visitDecls(KeYParserBaseVisitor.java:30)
	at de.uka.ilkd.key.nparser.KeYParser$DeclsContext.accept(KeYParser.java:500)
	at org.antlr.v4.runtime.tree.AbstractParseTreeVisitor.visitChildren(AbstractParseTreeVisitor.java:46)
	at de.uka.ilkd.key.nparser.KeYParserBaseVisitor.visitFile(KeYParserBaseVisitor.java:23)
	at de.uka.ilkd.key.nparser.KeYParser$FileContext.accept(KeYParser.java:306)
	at de.uka.ilkd.key.nparser.KeyAst.accept(KeyAst.java:41)
	at de.uka.ilkd.key.nparser.KeyAst$File.getIncludes(KeyAst.java:76)
	at de.uka.ilkd.key.proof.io.KeYFile.readIncludes(KeYFile.java:208)
	... 14 more
Could not find rule file rules/intRulesCheckedSemantics.key (file: /home/runner/work/key/key/key.core/../key.ui/examples/index/.././completionscopes/testMultCcatchClauses.key; caused by: de.uka.ilkd.key.proof.init.ProofInputException: Could not find rule file rules/intRulesCheckedSemantics.key)
	at de.uka.ilkd.key.control.AbstractUserInterfaceControl.load(AbstractUserInterfaceControl.java:221)
	at de.uka.ilkd.key.control.KeYEnvironment.load(KeYEnvironment.java:251)
	at de.uka.ilkd.key.control.KeYEnvironment.load(KeYEnvironment.java:224)
	at de.uka.ilkd.key.control.KeYEnvironment.load(KeYEnvironment.java:184)
	at de.uka.ilkd.key.control.KeYEnvironment.load(KeYEnvironment.java:261)
	at de.uka.ilkd.key.proof.runallproofs.proofcollection.TestFile.load(TestFile.java:270)
	at de.uka.ilkd.key.proof.runallproofs.proofcollection.TestFile.runKey(TestFile.java:160)
	at de.uka.ilkd.key.proof.runallproofs.proofcollection.ForkedTestFileRunner.main(ForkedTestFileRunner.java:171)
Caused by: de.uka.ilkd.key.proof.init.ProofInputException: Could not find rule file rules/intRulesCheckedSemantics.key
	at de.uka.ilkd.key.proof.io.KeYFile.readIncludes(KeYFile.java:210)
	at de.uka.ilkd.key.proof.init.ProblemInitializer.readIncludes(ProblemInitializer.java:177)
	at de.uka.ilkd.key.proof.init.ProblemInitializer.readEnvInput(ProblemInitializer.java:325)
	at de.uka.ilkd.key.proof.init.ProblemInitializer.prepare(ProblemInitializer.java:449)
	at de.uka.ilkd.key.proof.io.AbstractProblemLoader.createInitConfig(AbstractProblemLoader.java:518)
	at de.uka.ilkd.key.proof.io.AbstractProblemLoader.loadEnvironment(AbstractProblemLoader.java:288)
	at de.uka.ilkd.key.proof.io.AbstractProblemLoader.load(AbstractProblemLoader.java:252)
	at de.uka.ilkd.key.control.AbstractUserInterfaceControl.load(AbstractUserInterfaceControl.java:209)
	... 7 more
Caused by: java.lang.RuntimeException: Could not find rule file rules/intRulesCheckedSemantics.key
	at de.uka.ilkd.key.proof.io.RuleSourceFactory.fromBuiltInRule(RuleSourceFactory.java:32)
	at de.uka.ilkd.key.proof.io.RuleSourceFactory.fromDefaultLocation(RuleSourceFactory.java:21)
	at de.uka.ilkd.key.nparser.builder.IncludeFinder.addInclude(IncludeFinder.java:63)
	at de.uka.ilkd.key.nparser.builder.IncludeFinder.visitOne_include(IncludeFinder.java:43)
	at de.uka.ilkd.key.nparser.builder.IncludeFinder.visitOne_include(IncludeFinder.java:20)
	at de.uka.ilkd.key.nparser.KeYParser$One_includeContext.accept(KeYParser.java:878)
	at de.uka.ilkd.key.nparser.builder.AbstractBuilder.lambda$mapOf$0(AbstractBuilder.java:112)
	at java.base/java.util.stream.ReferencePipeline$3$1.accept(ReferencePipeline.java:195)
	at java.base/java.util.ArrayList$ArrayListSpliterator.forEachRemaining(ArrayList.java:1655)
	at java.base/java.util.stream.AbstractPipeline.copyInto(AbstractPipeline.java:484)
	at java.base/java.util.stream.AbstractPipeline.wrapAndCopyInto(AbstractPipeline.java:474)
	at java.base/java.util.stream.ReduceOps$ReduceOp.evaluateSequential(ReduceOps.java:913)
	at java.base/java.util.stream.AbstractPipeline.evaluate(AbstractPipeline.java:234)
	at java.base/java.util.stream.ReferencePipeline.collect(ReferencePipeline.java:578)
	at de.uka.ilkd.key.nparser.builder.AbstractBuilder.mapOf(AbstractBuilder.java:112)
	at de.uka.ilkd.key.nparser.builder.IncludeFinder.visitOne_include_statement(IncludeFinder.java:35)
	at de.uka.ilkd.key.nparser.builder.IncludeFinder.visitOne_include_statement(IncludeFinder.java:20)
	at de.uka.ilkd.key.nparser.KeYParser$One_include_statementContext.accept(KeYParser.java:802)
	at org.antlr.v4.runtime.tree.AbstractParseTreeVisitor.visitChildren(AbstractParseTreeVisitor.java:46)
	at de.uka.ilkd.key.nparser.KeYParserBaseVisitor.visitDecls(KeYParserBaseVisitor.java:30)
	at de.uka.ilkd.key.nparser.KeYParser$DeclsContext.accept(KeYParser.java:500)
	at org.antlr.v4.runtime.tree.AbstractParseTreeVisitor.visitChildren(AbstractParseTreeVisitor.java:46)
	at de.uka.ilkd.key.nparser.KeYParserBaseVisitor.visitFile(KeYParserBaseVisitor.java:23)
	at de.uka.ilkd.key.nparser.KeYParser$FileContext.accept(KeYParser.java:306)
	at de.uka.ilkd.key.nparser.KeyAst.accept(KeyAst.java:41)
	at de.uka.ilkd.key.nparser.KeyAst$File.getIncludes(KeyAst.java:76)
	at de.uka.ilkd.key.proof.io.KeYFile.readIncludes(KeYFile.java:208)
	... 14 more
Could not find rule file rules/intRulesCheckedSemantics.key (file: /home/runner/work/key/key/key.core/../key.ui/examples/index/.././completionscopes/testNestedExec.key; caused by: de.uka.ilkd.key.proof.init.ProofInputException: Could not find rule file rules/intRulesCheckedSemantics.key)
	at de.uka.ilkd.key.control.AbstractUserInterfaceControl.load(AbstractUserInterfaceControl.java:221)
	at de.uka.ilkd.key.control.KeYEnvironment.load(KeYEnvironment.java:251)
	at de.uka.ilkd.key.control.KeYEnvironment.load(KeYEnvironment.java:224)
	at de.uka.ilkd.key.control.KeYEnvironment.load(KeYEnvironment.java:184)
	at de.uka.ilkd.key.control.KeYEnvironment.load(KeYEnvironment.java:261)
	at de.uka.ilkd.key.proof.runallproofs.proofcollection.TestFile.load(TestFile.java:270)
	at de.uka.ilkd.key.proof.runallproofs.proofcollection.TestFile.runKey(TestFile.java:160)
	at de.uka.ilkd.key.proof.runallproofs.proofcollection.ForkedTestFileRunner.main(ForkedTestFileRunner.java:171)
Caused by: de.uka.ilkd.key.proof.init.ProofInputException: Could not find rule file rules/intRulesCheckedSemantics.key
	at de.uka.ilkd.key.proof.io.KeYFile.readIncludes(KeYFile.java:210)
	at de.uka.ilkd.key.proof.init.ProblemInitializer.readIncludes(ProblemInitializer.java:177)
	at de.uka.ilkd.key.proof.init.ProblemInitializer.readEnvInput(ProblemInitializer.java:325)
	at de.uka.ilkd.key.proof.init.ProblemInitializer.prepare(ProblemInitializer.java:449)
	at de.uka.ilkd.key.proof.io.AbstractProblemLoader.createInitConfig(AbstractProblemLoader.java:518)
	at de.uka.ilkd.key.proof.io.AbstractProblemLoader.loadEnvironment(AbstractProblemLoader.java:288)
	at de.uka.ilkd.key.proof.io.AbstractProblemLoader.load(AbstractProblemLoader.java:252)
	at de.uka.ilkd.key.control.AbstractUserInterfaceControl.load(AbstractUserInterfaceControl.java:209)
	... 7 more
Caused by: java.lang.RuntimeException: Could not find rule file rules/intRulesCheckedSemantics.key
	at de.uka.ilkd.key.proof.io.RuleSourceFactory.fromBuiltInRule(RuleSourceFactory.java:32)
	at de.uka.ilkd.key.proof.io.RuleSourceFactory.fromDefaultLocation(RuleSourceFactory.java:21)
	at de.uka.ilkd.key.nparser.builder.IncludeFinder.addInclude(IncludeFinder.java:63)
	at de.uka.ilkd.key.nparser.builder.IncludeFinder.visitOne_include(IncludeFinder.java:43)
	at de.uka.ilkd.key.nparser.builder.IncludeFinder.visitOne_include(IncludeFinder.java:20)
	at de.uka.ilkd.key.nparser.KeYParser$One_includeContext.accept(KeYParser.java:878)
	at de.uka.ilkd.key.nparser.builder.AbstractBuilder.lambda$mapOf$0(AbstractBuilder.java:112)
	at java.base/java.util.stream.ReferencePipeline$3$1.accept(ReferencePipeline.java:195)
	at java.base/java.util.ArrayList$ArrayListSpliterator.forEachRemaining(ArrayList.java:1655)
	at java.base/java.util.stream.AbstractPipeline.copyInto(AbstractPipeline.java:484)
	at java.base/java.util.stream.AbstractPipeline.wrapAndCopyInto(AbstractPipeline.java:474)
	at java.base/java.util.stream.ReduceOps$ReduceOp.evaluateSequential(ReduceOps.java:913)
	at java.base/java.util.stream.AbstractPipeline.evaluate(AbstractPipeline.java:234)
	at java.base/java.util.stream.ReferencePipeline.collect(ReferencePipeline.java:578)
	at de.uka.ilkd.key.nparser.builder.AbstractBuilder.mapOf(AbstractBuilder.java:112)
	at de.uka.ilkd.key.nparser.builder.IncludeFinder.visitOne_include_statement(IncludeFinder.java:35)
	at de.uka.ilkd.key.nparser.builder.IncludeFinder.visitOne_include_statement(IncludeFinder.java:20)
	at de.uka.ilkd.key.nparser.KeYParser$One_include_statementContext.accept(KeYParser.java:802)
	at org.antlr.v4.runtime.tree.AbstractParseTreeVisitor.visitChildren(AbstractParseTreeVisitor.java:46)
	at de.uka.ilkd.key.nparser.KeYParserBaseVisitor.visitDecls(KeYParserBaseVisitor.java:30)
	at de.uka.ilkd.key.nparser.KeYParser$DeclsContext.accept(KeYParser.java:500)
	at org.antlr.v4.runtime.tree.AbstractParseTreeVisitor.visitChildren(AbstractParseTreeVisitor.java:46)
	at de.uka.ilkd.key.nparser.KeYParserBaseVisitor.visitFile(KeYParserBaseVisitor.java:23)
	at de.uka.ilkd.key.nparser.KeYParser$FileContext.accept(KeYParser.java:306)
	at de.uka.ilkd.key.nparser.KeyAst.accept(KeyAst.java:41)
	at de.uka.ilkd.key.nparser.KeyAst$File.getIncludes(KeyAst.java:76)
	at de.uka.ilkd.key.proof.io.KeYFile.readIncludes(KeYFile.java:208)
	... 14 more
Could not find rule file rules/intRulesCheckedSemantics.key (file: /home/runner/work/key/key/key.core/../key.ui/examples/index/.././completionscopes/testCcatchBreakLabel.key; caused by: de.uka.ilkd.key.proof.init.ProofInputException: Could not find rule file rules/intRulesCheckedSemantics.key)
	at de.uka.ilkd.key.control.AbstractUserInterfaceControl.load(AbstractUserInterfaceControl.java:221)
	at de.uka.ilkd.key.control.KeYEnvironment.load(KeYEnvironment.java:251)
	at de.uka.ilkd.key.control.KeYEnvironment.load(KeYEnvironment.java:224)
	at de.uka.ilkd.key.control.KeYEnvironment.load(KeYEnvironment.java:184)
	at de.uka.ilkd.key.control.KeYEnvironment.load(KeYEnvironment.java:261)
	at de.uka.ilkd.key.proof.runallproofs.proofcollection.TestFile.load(TestFile.java:270)
	at de.uka.ilkd.key.proof.runallproofs.proofcollection.TestFile.runKey(TestFile.java:160)
	at de.uka.ilkd.key.proof.runallproofs.proofcollection.ForkedTestFileRunner.main(ForkedTestFileRunner.java:171)
Caused by: de.uka.ilkd.key.proof.init.ProofInputException: Could not find rule file rules/intRulesCheckedSemantics.key
	at de.uka.ilkd.key.proof.io.KeYFile.readIncludes(KeYFile.java:210)
	at de.uka.ilkd.key.proof.init.ProblemInitializer.readIncludes(ProblemInitializer.java:177)
	at de.uka.ilkd.key.proof.init.ProblemInitializer.readEnvInput(ProblemInitializer.java:325)
	at de.uka.ilkd.key.proof.init.ProblemInitializer.prepare(ProblemInitializer.java:449)
	at de.uka.ilkd.key.proof.io.AbstractProblemLoader.createInitConfig(AbstractProblemLoader.java:518)
	at de.uka.ilkd.key.proof.io.AbstractProblemLoader.loadEnvironment(AbstractProblemLoader.java:288)
	at de.uka.ilkd.key.proof.io.AbstractProblemLoader.load(AbstractProblemLoader.java:252)
	at de.uka.ilkd.key.control.AbstractUserInterfaceControl.load(AbstractUserInterfaceControl.java:209)
	... 7 more
Caused by: java.lang.RuntimeException: Could not find rule file rules/intRulesCheckedSemantics.key
	at de.uka.ilkd.key.proof.io.RuleSourceFactory.fromBuiltInRule(RuleSourceFactory.java:32)
	at de.uka.ilkd.key.proof.io.RuleSourceFactory.fromDefaultLocation(RuleSourceFactory.java:21)
	at de.uka.ilkd.key.nparser.builder.IncludeFinder.addInclude(IncludeFinder.java:63)
	at de.uka.ilkd.key.nparser.builder.IncludeFinder.visitOne_include(IncludeFinder.java:43)
	at de.uka.ilkd.key.nparser.builder.IncludeFinder.visitOne_include(IncludeFinder.java:20)
	at de.uka.ilkd.key.nparser.KeYParser$One_includeContext.accept(KeYParser.java:878)
	at de.uka.ilkd.key.nparser.builder.AbstractBuilder.lambda$mapOf$0(AbstractBuilder.java:112)
	at java.base/java.util.stream.ReferencePipeline$3$1.accept(ReferencePipeline.java:195)
	at java.base/java.util.ArrayList$ArrayListSpliterator.forEachRemaining(ArrayList.java:1655)
	at java.base/java.util.stream.AbstractPipeline.copyInto(AbstractPipeline.java:484)
	at java.base/java.util.stream.AbstractPipeline.wrapAndCopyInto(AbstractPipeline.java:474)
	at java.base/java.util.stream.ReduceOps$ReduceOp.evaluateSequential(ReduceOps.java:913)
	at java.base/java.util.stream.AbstractPipeline.evaluate(AbstractPipeline.java:234)
	at java.base/java.util.stream.ReferencePipeline.collect(ReferencePipeline.java:578)
	at de.uka.ilkd.key.nparser.builder.AbstractBuilder.mapOf(AbstractBuilder.java:112)
	at de.uka.ilkd.key.nparser.builder.IncludeFinder.visitOne_include_statement(IncludeFinder.java:35)
	at de.uka.ilkd.key.nparser.builder.IncludeFinder.visitOne_include_statement(IncludeFinder.java:20)
	at de.uka.ilkd.key.nparser.KeYParser$One_include_statementContext.accept(KeYParser.java:802)
	at org.antlr.v4.runtime.tree.AbstractParseTreeVisitor.visitChildren(AbstractParseTreeVisitor.java:46)
	at de.uka.ilkd.key.nparser.KeYParserBaseVisitor.visitDecls(KeYParserBaseVisitor.java:30)
	at de.uka.ilkd.key.nparser.KeYParser$DeclsContext.accept(KeYParser.java:500)
	at org.antlr.v4.runtime.tree.AbstractParseTreeVisitor.visitChildren(AbstractParseTreeVisitor.java:46)
	at de.uka.ilkd.key.nparser.KeYParserBaseVisitor.visitFile(KeYParserBaseVisitor.java:23)
	at de.uka.ilkd.key.nparser.KeYParser$FileContext.accept(KeYParser.java:306)
	at de.uka.ilkd.key.nparser.KeyAst.accept(KeyAst.java:41)
	at de.uka.ilkd.key.nparser.KeyAst$File.getIncludes(KeyAst.java:76)
	at de.uka.ilkd.key.proof.io.KeYFile.readIncludes(KeYFile.java:208)
	... 14 more
Could not find rule file rules/intRulesCheckedSemantics.key (file: /home/runner/work/key/key/key.core/../key.ui/examples/index/.././completionscopes/testCcatchContinueLabel.key; caused by: de.uka.ilkd.key.proof.init.ProofInputException: Could not find rule file rules/intRulesCheckedSemantics.key)
	at de.uka.ilkd.key.control.AbstractUserInterfaceControl.load(AbstractUserInterfaceControl.java:221)
	at de.uka.ilkd.key.control.KeYEnvironment.load(KeYEnvironment.java:251)
	at de.uka.ilkd.key.control.KeYEnvironment.load(KeYEnvironment.java:224)
	at de.uka.ilkd.key.control.KeYEnvironment.load(KeYEnvironment.java:184)
	at de.uka.ilkd.key.control.KeYEnvironment.load(KeYEnvironment.java:261)
	at de.uka.ilkd.key.proof.runallproofs.proofcollection.TestFile.load(TestFile.java:270)
	at de.uka.ilkd.key.proof.runallproofs.proofcollection.TestFile.runKey(TestFile.java:160)
	at de.uka.ilkd.key.proof.runallproofs.proofcollection.ForkedTestFileRunner.main(ForkedTestFileRunner.java:171)
Caused by: de.uka.ilkd.key.proof.init.ProofInputException: Could not find rule file rules/intRulesCheckedSemantics.key
	at de.uka.ilkd.key.proof.io.KeYFile.readIncludes(KeYFile.java:210)
	at de.uka.ilkd.key.proof.init.ProblemInitializer.readIncludes(ProblemInitializer.java:177)
	at de.uka.ilkd.key.proof.init.ProblemInitializer.readEnvInput(ProblemInitializer.java:325)
	at de.uka.ilkd.key.proof.init.ProblemInitializer.prepare(ProblemInitializer.java:449)
	at de.uka.ilkd.key.proof.io.AbstractProblemLoader.createInitConfig(AbstractProblemLoader.java:518)
	at de.uka.ilkd.key.proof.io.AbstractProblemLoader.loadEnvironment(AbstractProblemLoader.java:288)
	at de.uka.ilkd.key.proof.io.AbstractProblemLoader.load(AbstractProblemLoader.java:252)
	at de.uka.ilkd.key.control.AbstractUserInterfaceControl.load(AbstractUserInterfaceControl.java:209)
	... 7 more
Caused by: java.lang.RuntimeException: Could not find rule file rules/intRulesCheckedSemantics.key
	at de.uka.ilkd.key.proof.io.RuleSourceFactory.fromBuiltInRule(RuleSourceFactory.java:32)
	at de.uka.ilkd.key.proof.io.RuleSourceFactory.fromDefaultLocation(RuleSourceFactory.java:21)
	at de.uka.ilkd.key.nparser.builder.IncludeFinder.addInclude(IncludeFinder.java:63)
	at de.uka.ilkd.key.nparser.builder.IncludeFinder.visitOne_include(IncludeFinder.java:43)
	at de.uka.ilkd.key.nparser.builder.IncludeFinder.visitOne_include(IncludeFinder.java:20)
	at de.uka.ilkd.key.nparser.KeYParser$One_includeContext.accept(KeYParser.java:878)
	at de.uka.ilkd.key.nparser.builder.AbstractBuilder.lambda$mapOf$0(AbstractBuilder.java:112)
	at java.base/java.util.stream.ReferencePipeline$3$1.accept(ReferencePipeline.java:195)
	at java.base/java.util.ArrayList$ArrayListSpliterator.forEachRemaining(ArrayList.java:1655)
	at java.base/java.util.stream.AbstractPipeline.copyInto(AbstractPipeline.java:484)
	at java.base/java.util.stream.AbstractPipeline.wrapAndCopyInto(AbstractPipeline.java:474)
	at java.base/java.util.stream.ReduceOps$ReduceOp.evaluateSequential(ReduceOps.java:913)
	at java.base/java.util.stream.AbstractPipeline.evaluate(AbstractPipeline.java:234)
	at java.base/java.util.stream.ReferencePipeline.collect(ReferencePipeline.java:578)
	at de.uka.ilkd.key.nparser.builder.AbstractBuilder.mapOf(AbstractBuilder.java:112)
	at de.uka.ilkd.key.nparser.builder.IncludeFinder.visitOne_include_statement(IncludeFinder.java:35)
	at de.uka.ilkd.key.nparser.builder.IncludeFinder.visitOne_include_statement(IncludeFinder.java:20)
	at de.uka.ilkd.key.nparser.KeYParser$One_include_statementContext.accept(KeYParser.java:802)
	at org.antlr.v4.runtime.tree.AbstractParseTreeVisitor.visitChildren(AbstractParseTreeVisitor.java:46)
	at de.uka.ilkd.key.nparser.KeYParserBaseVisitor.visitDecls(KeYParserBaseVisitor.java:30)
	at de.uka.ilkd.key.nparser.KeYParser$DeclsContext.accept(KeYParser.java:500)
	at org.antlr.v4.runtime.tree.AbstractParseTreeVisitor.visitChildren(AbstractParseTreeVisitor.java:46)
	at de.uka.ilkd.key.nparser.KeYParserBaseVisitor.visitFile(KeYParserBaseVisitor.java:23)
	at de.uka.ilkd.key.nparser.KeYParser$FileContext.accept(KeYParser.java:306)
	at de.uka.ilkd.key.nparser.KeyAst.accept(KeyAst.java:41)
	at de.uka.ilkd.key.nparser.KeyAst$File.getIncludes(KeyAst.java:76)
	at de.uka.ilkd.key.proof.io.KeYFile.readIncludes(KeYFile.java:208)
	... 14 more
Could not find rule file rules/intRulesCheckedSemantics.key (file: /home/runner/work/key/key/key.core/../key.ui/examples/index/.././completionscopes/testCcatchBreakLabelWildcard.key; caused by: de.uka.ilkd.key.proof.init.ProofInputException: Could not find rule file rules/intRulesCheckedSemantics.key)
	at de.uka.ilkd.key.control.AbstractUserInterfaceControl.load(AbstractUserInterfaceControl.java:221)
	at de.uka.ilkd.key.control.KeYEnvironment.load(KeYEnvironment.java:251)
	at de.uka.ilkd.key.control.KeYEnvironment.load(KeYEnvironment.java:224)
	at de.uka.ilkd.key.control.KeYEnvironment.load(KeYEnvironment.java:184)
	at de.uka.ilkd.key.control.KeYEnvironment.load(KeYEnvironment.java:261)
	at de.uka.ilkd.key.proof.runallproofs.proofcollection.TestFile.load(TestFile.java:270)
	at de.uka.ilkd.key.proof.runallproofs.proofcollection.TestFile.runKey(TestFile.java:160)
	at de.uka.ilkd.key.proof.runallproofs.proofcollection.ForkedTestFileRunner.main(ForkedTestFileRunner.java:171)
Caused by: de.uka.ilkd.key.proof.init.ProofInputException: Could not find rule file rules/intRulesCheckedSemantics.key
	at de.uka.ilkd.key.proof.io.KeYFile.readIncludes(KeYFile.java:210)
	at de.uka.ilkd.key.proof.init.ProblemInitializer.readIncludes(ProblemInitializer.java:177)
	at de.uka.ilkd.key.proof.init.ProblemInitializer.readEnvInput(ProblemInitializer.java:325)
	at de.uka.ilkd.key.proof.init.ProblemInitializer.prepare(ProblemInitializer.java:449)
	at de.uka.ilkd.key.proof.io.AbstractProblemLoader.createInitConfig(AbstractProblemLoader.java:518)
	at de.uka.ilkd.key.proof.io.AbstractProblemLoader.loadEnvironment(AbstractProblemLoader.java:288)
	at de.uka.ilkd.key.proof.io.AbstractProblemLoader.load(AbstractProblemLoader.java:252)
	at de.uka.ilkd.key.control.AbstractUserInterfaceControl.load(AbstractUserInterfaceControl.java:209)
	... 7 more
Caused by: java.lang.RuntimeException: Could not find rule file rules/intRulesCheckedSemantics.key
	at de.uka.ilkd.key.proof.io.RuleSourceFactory.fromBuiltInRule(RuleSourceFactory.java:32)
	at de.uka.ilkd.key.proof.io.RuleSourceFactory.fromDefaultLocation(RuleSourceFactory.java:21)
	at de.uka.ilkd.key.nparser.builder.IncludeFinder.addInclude(IncludeFinder.java:63)
	at de.uka.ilkd.key.nparser.builder.IncludeFinder.visitOne_include(IncludeFinder.java:43)
	at de.uka.ilkd.key.nparser.builder.IncludeFinder.visitOne_include(IncludeFinder.java:20)
	at de.uka.ilkd.key.nparser.KeYParser$One_includeContext.accept(KeYParser.java:878)
	at de.uka.ilkd.key.nparser.builder.AbstractBuilder.lambda$mapOf$0(AbstractBuilder.java:112)
	at java.base/java.util.stream.ReferencePipeline$3$1.accept(ReferencePipeline.java:195)
	at java.base/java.util.ArrayList$ArrayListSpliterator.forEachRemaining(ArrayList.java:1655)
	at java.base/java.util.stream.AbstractPipeline.copyInto(AbstractPipeline.java:484)
	at java.base/java.util.stream.AbstractPipeline.wrapAndCopyInto(AbstractPipeline.java:474)
	at java.base/java.util.stream.ReduceOps$ReduceOp.evaluateSequential(ReduceOps.java:913)
	at java.base/java.util.stream.AbstractPipeline.evaluate(AbstractPipeline.java:234)
	at java.base/java.util.stream.ReferencePipeline.collect(ReferencePipeline.java:578)
	at de.uka.ilkd.key.nparser.builder.AbstractBuilder.mapOf(AbstractBuilder.java:112)
	at de.uka.ilkd.key.nparser.builder.IncludeFinder.visitOne_include_statement(IncludeFinder.java:35)
	at de.uka.ilkd.key.nparser.builder.IncludeFinder.visitOne_include_statement(IncludeFinder.java:20)
	at de.uka.ilkd.key.nparser.KeYParser$One_include_statementContext.accept(KeYParser.java:802)
	at org.antlr.v4.runtime.tree.AbstractParseTreeVisitor.visitChildren(AbstractParseTreeVisitor.java:46)
	at de.uka.ilkd.key.nparser.KeYParserBaseVisitor.visitDecls(KeYParserBaseVisitor.java:30)
	at de.uka.ilkd.key.nparser.KeYParser$DeclsContext.accept(KeYParser.java:500)
	at org.antlr.v4.runtime.tree.AbstractParseTreeVisitor.visitChildren(AbstractParseTreeVisitor.java:46)
	at de.uka.ilkd.key.nparser.KeYParserBaseVisitor.visitFile(KeYParserBaseVisitor.java:23)
	at de.uka.ilkd.key.nparser.KeYParser$FileContext.accept(KeYParser.java:306)
	at de.uka.ilkd.key.nparser.KeyAst.accept(KeyAst.java:41)
	at de.uka.ilkd.key.nparser.KeyAst$File.getIncludes(KeyAst.java:76)
	at de.uka.ilkd.key.proof.io.KeYFile.readIncludes(KeYFile.java:208)
	... 14 more
Could not find rule file rules/intRulesCheckedSemantics.key (file: /home/runner/work/key/key/key.core/../key.ui/examples/index/.././completionscopes/testCcatchContinueLabelWildcard.key; caused by: de.uka.ilkd.key.proof.init.ProofInputException: Could not find rule file rules/intRulesCheckedSemantics.key)
	at de.uka.ilkd.key.control.AbstractUserInterfaceControl.load(AbstractUserInterfaceControl.java:221)
	at de.uka.ilkd.key.control.KeYEnvironment.load(KeYEnvironment.java:251)
	at de.uka.ilkd.key.control.KeYEnvironment.load(KeYEnvironment.java:224)
	at de.uka.ilkd.key.control.KeYEnvironment.load(KeYEnvironment.java:184)
	at de.uka.ilkd.key.control.KeYEnvironment.load(KeYEnvironment.java:261)
	at de.uka.ilkd.key.proof.runallproofs.proofcollection.TestFile.load(TestFile.java:270)
	at de.uka.ilkd.key.proof.runallproofs.proofcollection.TestFile.runKey(TestFile.java:160)
	at de.uka.ilkd.key.proof.runallproofs.proofcollection.ForkedTestFileRunner.main(ForkedTestFileRunner.java:171)
Caused by: de.uka.ilkd.key.proof.init.ProofInputException: Could not find rule file rules/intRulesCheckedSemantics.key
	at de.uka.ilkd.key.proof.io.KeYFile.readIncludes(KeYFile.java:210)
	at de.uka.ilkd.key.proof.init.ProblemInitializer.readIncludes(ProblemInitializer.java:177)
	at de.uka.ilkd.key.proof.init.ProblemInitializer.readEnvInput(ProblemInitializer.java:325)
	at de.uka.ilkd.key.proof.init.ProblemInitializer.prepare(ProblemInitializer.java:449)
	at de.uka.ilkd.key.proof.io.AbstractProblemLoader.createInitConfig(AbstractProblemLoader.java:518)
	at de.uka.ilkd.key.proof.io.AbstractProblemLoader.loadEnvironment(AbstractProblemLoader.java:288)
	at de.uka.ilkd.key.proof.io.AbstractProblemLoader.load(AbstractProblemLoader.java:252)
	at de.uka.ilkd.key.control.AbstractUserInterfaceControl.load(AbstractUserInterfaceControl.java:209)
	... 7 more
Caused by: java.lang.RuntimeException: Could not find rule file rules/intRulesCheckedSemantics.key
	at de.uka.ilkd.key.proof.io.RuleSourceFactory.fromBuiltInRule(RuleSourceFactory.java:32)
	at de.uka.ilkd.key.proof.io.RuleSourceFactory.fromDefaultLocation(RuleSourceFactory.java:21)
	at de.uka.ilkd.key.nparser.builder.IncludeFinder.addInclude(IncludeFinder.java:63)
	at de.uka.ilkd.key.nparser.builder.IncludeFinder.visitOne_include(IncludeFinder.java:43)
	at de.uka.ilkd.key.nparser.builder.IncludeFinder.visitOne_include(IncludeFinder.java:20)
	at de.uka.ilkd.key.nparser.KeYParser$One_includeContext.accept(KeYParser.java:878)
	at de.uka.ilkd.key.nparser.builder.AbstractBuilder.lambda$mapOf$0(AbstractBuilder.java:112)
	at java.base/java.util.stream.ReferencePipeline$3$1.accept(ReferencePipeline.java:195)
	at java.base/java.util.ArrayList$ArrayListSpliterator.forEachRemaining(ArrayList.java:1655)
	at java.base/java.util.stream.AbstractPipeline.copyInto(AbstractPipeline.java:484)
	at java.base/java.util.stream.AbstractPipeline.wrapAndCopyInto(AbstractPipeline.java:474)
	at java.base/java.util.stream.ReduceOps$ReduceOp.evaluateSequential(ReduceOps.java:913)
	at java.base/java.util.stream.AbstractPipeline.evaluate(AbstractPipeline.java:234)
	at java.base/java.util.stream.ReferencePipeline.collect(ReferencePipeline.java:578)
	at de.uka.ilkd.key.nparser.builder.AbstractBuilder.mapOf(AbstractBuilder.java:112)
	at de.uka.ilkd.key.nparser.builder.IncludeFinder.visitOne_include_statement(IncludeFinder.java:35)
	at de.uka.ilkd.key.nparser.builder.IncludeFinder.visitOne_include_statement(IncludeFinder.java:20)
	at de.uka.ilkd.key.nparser.KeYParser$One_include_statementContext.accept(KeYParser.java:802)
	at org.antlr.v4.runtime.tree.AbstractParseTreeVisitor.visitChildren(AbstractParseTreeVisitor.java:46)
	at de.uka.ilkd.key.nparser.KeYParserBaseVisitor.visitDecls(KeYParserBaseVisitor.java:30)
	at de.uka.ilkd.key.nparser.KeYParser$DeclsContext.accept(KeYParser.java:500)
	at org.antlr.v4.runtime.tree.AbstractParseTreeVisitor.visitChildren(AbstractParseTreeVisitor.java:46)
	at de.uka.ilkd.key.nparser.KeYParserBaseVisitor.visitFile(KeYParserBaseVisitor.java:23)
	at de.uka.ilkd.key.nparser.KeYParser$FileContext.accept(KeYParser.java:306)
	at de.uka.ilkd.key.nparser.KeyAst.accept(KeyAst.java:41)
	at de.uka.ilkd.key.nparser.KeyAst$File.getIncludes(KeyAst.java:76)
	at de.uka.ilkd.key.proof.io.KeYFile.readIncludes(KeYFile.java:208)
	... 14 more
Could not find rule file rules/intRulesCheckedSemantics.key (file: /home/runner/work/key/key/key.core/../key.ui/examples/index/.././completionscopes/testCcatchBreakLabelNonmatchingNested.key; caused by: de.uka.ilkd.key.proof.init.ProofInputException: Could not find rule file rules/intRulesCheckedSemantics.key)
	at de.uka.ilkd.key.control.AbstractUserInterfaceControl.load(AbstractUserInterfaceControl.java:221)
	at de.uka.ilkd.key.control.KeYEnvironment.load(KeYEnvironment.java:251)
	at de.uka.ilkd.key.control.KeYEnvironment.load(KeYEnvironment.java:224)
	at de.uka.ilkd.key.control.KeYEnvironment.load(KeYEnvironment.java:184)
	at de.uka.ilkd.key.control.KeYEnvironment.load(KeYEnvironment.java:261)
	at de.uka.ilkd.key.proof.runallproofs.proofcollection.TestFile.load(TestFile.java:270)
	at de.uka.ilkd.key.proof.runallproofs.proofcollection.TestFile.runKey(TestFile.java:160)
	at de.uka.ilkd.key.proof.runallproofs.proofcollection.ForkedTestFileRunner.main(ForkedTestFileRunner.java:171)
Caused by: de.uka.ilkd.key.proof.init.ProofInputException: Could not find rule file rules/intRulesCheckedSemantics.key
	at de.uka.ilkd.key.proof.io.KeYFile.readIncludes(KeYFile.java:210)
	at de.uka.ilkd.key.proof.init.ProblemInitializer.readIncludes(ProblemInitializer.java:177)
	at de.uka.ilkd.key.proof.init.ProblemInitializer.readEnvInput(ProblemInitializer.java:325)
	at de.uka.ilkd.key.proof.init.ProblemInitializer.prepare(ProblemInitializer.java:449)
	at de.uka.ilkd.key.proof.io.AbstractProblemLoader.createInitConfig(AbstractProblemLoader.java:518)
	at de.uka.ilkd.key.proof.io.AbstractProblemLoader.loadEnvironment(AbstractProblemLoader.java:288)
	at de.uka.ilkd.key.proof.io.AbstractProblemLoader.load(AbstractProblemLoader.java:252)
	at de.uka.ilkd.key.control.AbstractUserInterfaceControl.load(AbstractUserInterfaceControl.java:209)
	... 7 more
Caused by: java.lang.RuntimeException: Could not find rule file rules/intRulesCheckedSemantics.key
	at de.uka.ilkd.key.proof.io.RuleSourceFactory.fromBuiltInRule(RuleSourceFactory.java:32)
	at de.uka.ilkd.key.proof.io.RuleSourceFactory.fromDefaultLocation(RuleSourceFactory.java:21)
	at de.uka.ilkd.key.nparser.builder.IncludeFinder.addInclude(IncludeFinder.java:63)
	at de.uka.ilkd.key.nparser.builder.IncludeFinder.visitOne_include(IncludeFinder.java:43)
	at de.uka.ilkd.key.nparser.builder.IncludeFinder.visitOne_include(IncludeFinder.java:20)
	at de.uka.ilkd.key.nparser.KeYParser$One_includeContext.accept(KeYParser.java:878)
	at de.uka.ilkd.key.nparser.builder.AbstractBuilder.lambda$mapOf$0(AbstractBuilder.java:112)
	at java.base/java.util.stream.ReferencePipeline$3$1.accept(ReferencePipeline.java:195)
	at java.base/java.util.ArrayList$ArrayListSpliterator.forEachRemaining(ArrayList.java:1655)
	at java.base/java.util.stream.AbstractPipeline.copyInto(AbstractPipeline.java:484)
	at java.base/java.util.stream.AbstractPipeline.wrapAndCopyInto(AbstractPipeline.java:474)
	at java.base/java.util.stream.ReduceOps$ReduceOp.evaluateSequential(ReduceOps.java:913)
	at java.base/java.util.stream.AbstractPipeline.evaluate(AbstractPipeline.java:234)
	at java.base/java.util.stream.ReferencePipeline.collect(ReferencePipeline.java:578)
	at de.uka.ilkd.key.nparser.builder.AbstractBuilder.mapOf(AbstractBuilder.java:112)
	at de.uka.ilkd.key.nparser.builder.IncludeFinder.visitOne_include_statement(IncludeFinder.java:35)
	at de.uka.ilkd.key.nparser.builder.IncludeFinder.visitOne_include_statement(IncludeFinder.java:20)
	at de.uka.ilkd.key.nparser.KeYParser$One_include_statementContext.accept(KeYParser.java:802)
	at org.antlr.v4.runtime.tree.AbstractParseTreeVisitor.visitChildren(AbstractParseTreeVisitor.java:46)
	at de.uka.ilkd.key.nparser.KeYParserBaseVisitor.visitDecls(KeYParserBaseVisitor.java:30)
	at de.uka.ilkd.key.nparser.KeYParser$DeclsContext.accept(KeYParser.java:500)
	at org.antlr.v4.runtime.tree.AbstractParseTreeVisitor.visitChildren(AbstractParseTreeVisitor.java:46)
	at de.uka.ilkd.key.nparser.KeYParserBaseVisitor.visitFile(KeYParserBaseVisitor.java:23)
	at de.uka.ilkd.key.nparser.KeYParser$FileContext.accept(KeYParser.java:306)
	at de.uka.ilkd.key.nparser.KeyAst.accept(KeyAst.java:41)
	at de.uka.ilkd.key.nparser.KeyAst$File.getIncludes(KeyAst.java:76)
	at de.uka.ilkd.key.proof.io.KeYFile.readIncludes(KeYFile.java:208)
	... 14 more
Exception in thread "main" org.opentest4j.AssertionFailedError: Exception during the execution of proofs. See log for more details.
	at org.junit.jupiter.api.AssertionUtils.fail(AssertionUtils.java:39)
	at org.junit.jupiter.api.Assertions.fail(Assertions.java:134)
	at de.uka.ilkd.key.proof.runallproofs.proofcollection.ForkedTestFileRunner.main(ForkedTestFileRunner.java:192)
Timeout watcher launched (2000 secs.)
Could not find rule file rules/intRulesCheckedSemantics.key (file: /home/runner/work/key/key/key.core/../key.ui/examples/index/.././firstTouch/05-ReverseArray/reverseArray.key; caused by: de.uka.ilkd.key.proof.init.ProofInputException: Could not find rule file rules/intRulesCheckedSemantics.key)
	at de.uka.ilkd.key.control.AbstractUserInterfaceControl.load(AbstractUserInterfaceControl.java:221)
	at de.uka.ilkd.key.control.KeYEnvironment.load(KeYEnvironment.java:251)
	at de.uka.ilkd.key.control.KeYEnvironment.load(KeYEnvironment.java:224)
	at de.uka.ilkd.key.control.KeYEnvironment.load(KeYEnvironment.java:184)
	at de.uka.ilkd.key.control.KeYEnvironment.load(KeYEnvironment.java:261)
	at de.uka.ilkd.key.proof.runallproofs.proofcollection.TestFile.load(TestFile.java:270)
	at de.uka.ilkd.key.proof.runallproofs.proofcollection.TestFile.runKey(TestFile.java:160)
	at de.uka.ilkd.key.proof.runallproofs.proofcollection.ForkedTestFileRunner.main(ForkedTestFileRunner.java:171)
Caused by: de.uka.ilkd.key.proof.init.ProofInputException: Could not find rule file rules/intRulesCheckedSemantics.key
	at de.uka.ilkd.key.proof.io.KeYFile.readIncludes(KeYFile.java:210)
	at de.uka.ilkd.key.proof.init.ProblemInitializer.readIncludes(ProblemInitializer.java:177)
	at de.uka.ilkd.key.proof.init.ProblemInitializer.readEnvInput(ProblemInitializer.java:325)
	at de.uka.ilkd.key.proof.init.ProblemInitializer.prepare(ProblemInitializer.java:449)
	at de.uka.ilkd.key.proof.io.AbstractProblemLoader.createInitConfig(AbstractProblemLoader.java:518)
	at de.uka.ilkd.key.proof.io.AbstractProblemLoader.loadEnvironment(AbstractProblemLoader.java:288)
	at de.uka.ilkd.key.proof.io.AbstractProblemLoader.load(AbstractProblemLoader.java:252)
	at de.uka.ilkd.key.control.AbstractUserInterfaceControl.load(AbstractUserInterfaceControl.java:209)
	... 7 more
Caused by: java.lang.RuntimeException: Could not find rule file rules/intRulesCheckedSemantics.key
	at de.uka.ilkd.key.proof.io.RuleSourceFactory.fromBuiltInRule(RuleSourceFactory.java:32)
	at de.uka.ilkd.key.proof.io.RuleSourceFactory.fromDefaultLocation(RuleSourceFactory.java:21)
	at de.uka.ilkd.key.nparser.builder.IncludeFinder.addInclude(IncludeFinder.java:63)
	at de.uka.ilkd.key.nparser.builder.IncludeFinder.visitOne_include(IncludeFinder.java:43)
	at de.uka.ilkd.key.nparser.builder.IncludeFinder.visitOne_include(IncludeFinder.java:20)
	at de.uka.ilkd.key.nparser.KeYParser$One_includeContext.accept(KeYParser.java:878)
	at de.uka.ilkd.key.nparser.builder.AbstractBuilder.lambda$mapOf$0(AbstractBuilder.java:112)
	at java.base/java.util.stream.ReferencePipeline$3$1.accept(ReferencePipeline.java:195)
	at java.base/java.util.ArrayList$ArrayListSpliterator.forEachRemaining(ArrayList.java:1655)
	at java.base/java.util.stream.AbstractPipeline.copyInto(AbstractPipeline.java:484)
	at java.base/java.util.stream.AbstractPipeline.wrapAndCopyInto(AbstractPipeline.java:474)
	at java.base/java.util.stream.ReduceOps$ReduceOp.evaluateSequential(ReduceOps.java:913)
	at java.base/java.util.stream.AbstractPipeline.evaluate(AbstractPipeline.java:234)
	at java.base/java.util.stream.ReferencePipeline.collect(ReferencePipeline.java:578)
	at de.uka.ilkd.key.nparser.builder.AbstractBuilder.mapOf(AbstractBuilder.java:112)
	at de.uka.ilkd.key.nparser.builder.IncludeFinder.visitOne_include_statement(IncludeFinder.java:35)
	at de.uka.ilkd.key.nparser.builder.IncludeFinder.visitOne_include_statement(IncludeFinder.java:20)
	at de.uka.ilkd.key.nparser.KeYParser$One_include_statementContext.accept(KeYParser.java:802)
	at org.antlr.v4.runtime.tree.AbstractParseTreeVisitor.visitChildren(AbstractParseTreeVisitor.java:46)
	at de.uka.ilkd.key.nparser.KeYParserBaseVisitor.visitDecls(KeYParserBaseVisitor.java:30)
	at de.uka.ilkd.key.nparser.KeYParser$DeclsContext.accept(KeYParser.java:500)
	at org.antlr.v4.runtime.tree.AbstractParseTreeVisitor.visitChildren(AbstractParseTreeVisitor.java:46)
	at de.uka.ilkd.key.nparser.KeYParserBaseVisitor.visitFile(KeYParserBaseVisitor.java:23)
	at de.uka.ilkd.key.nparser.KeYParser$FileContext.accept(KeYParser.java:306)
	at de.uka.ilkd.key.nparser.KeyAst.accept(KeyAst.java:41)
	at de.uka.ilkd.key.nparser.KeyAst$File.getIncludes(KeyAst.java:76)
	at de.uka.ilkd.key.proof.io.KeYFile.readIncludes(KeYFile.java:208)
	... 14 more
Could not find rule file rules/intRulesCheckedSemantics.key (file: /home/runner/work/key/key/key.core/../key.ui/examples/index/.././standard_key/arith/saveProofTest.key.proof; caused by: de.uka.ilkd.key.proof.init.ProofInputException: Could not find rule file rules/intRulesCheckedSemantics.key)
	at de.uka.ilkd.key.control.AbstractUserInterfaceControl.load(AbstractUserInterfaceControl.java:221)
	at de.uka.ilkd.key.control.KeYEnvironment.load(KeYEnvironment.java:251)
	at de.uka.ilkd.key.control.KeYEnvironment.load(KeYEnvironment.java:224)
	at de.uka.ilkd.key.control.KeYEnvironment.load(KeYEnvironment.java:184)
	at de.uka.ilkd.key.control.KeYEnvironment.load(KeYEnvironment.java:261)
	at de.uka.ilkd.key.proof.runallproofs.proofcollection.TestFile.load(TestFile.java:270)
	at de.uka.ilkd.key.proof.runallproofs.proofcollection.TestFile.runKey(TestFile.java:160)
	at de.uka.ilkd.key.proof.runallproofs.proofcollection.ForkedTestFileRunner.main(ForkedTestFileRunner.java:171)
Caused by: de.uka.ilkd.key.proof.init.ProofInputException: Could not find rule file rules/intRulesCheckedSemantics.key
	at de.uka.ilkd.key.proof.io.KeYFile.readIncludes(KeYFile.java:210)
	at de.uka.ilkd.key.proof.init.ProblemInitializer.readIncludes(ProblemInitializer.java:177)
	at de.uka.ilkd.key.proof.init.ProblemInitializer.readEnvInput(ProblemInitializer.java:325)
	at de.uka.ilkd.key.proof.init.ProblemInitializer.prepare(ProblemInitializer.java:449)
	at de.uka.ilkd.key.proof.io.AbstractProblemLoader.createInitConfig(AbstractProblemLoader.java:518)
	at de.uka.ilkd.key.proof.io.AbstractProblemLoader.loadEnvironment(AbstractProblemLoader.java:288)
	at de.uka.ilkd.key.proof.io.AbstractProblemLoader.load(AbstractProblemLoader.java:252)
	at de.uka.ilkd.key.control.AbstractUserInterfaceControl.load(AbstractUserInterfaceControl.java:209)
	... 7 more
Caused by: java.lang.RuntimeException: Could not find rule file rules/intRulesCheckedSemantics.key
	at de.uka.ilkd.key.proof.io.RuleSourceFactory.fromBuiltInRule(RuleSourceFactory.java:32)
	at de.uka.ilkd.key.proof.io.RuleSourceFactory.fromDefaultLocation(RuleSourceFactory.java:21)
	at de.uka.ilkd.key.nparser.builder.IncludeFinder.addInclude(IncludeFinder.java:63)
	at de.uka.ilkd.key.nparser.builder.IncludeFinder.visitOne_include(IncludeFinder.java:43)
	at de.uka.ilkd.key.nparser.builder.IncludeFinder.visitOne_include(IncludeFinder.java:20)
	at de.uka.ilkd.key.nparser.KeYParser$One_includeContext.accept(KeYParser.java:878)
	at de.uka.ilkd.key.nparser.builder.AbstractBuilder.lambda$mapOf$0(AbstractBuilder.java:112)
	at java.base/java.util.stream.ReferencePipeline$3$1.accept(ReferencePipeline.java:195)
	at java.base/java.util.ArrayList$ArrayListSpliterator.forEachRemaining(ArrayList.java:1655)
	at java.base/java.util.stream.AbstractPipeline.copyInto(AbstractPipeline.java:484)
	at java.base/java.util.stream.AbstractPipeline.wrapAndCopyInto(AbstractPipeline.java:474)
	at java.base/java.util.stream.ReduceOps$ReduceOp.evaluateSequential(ReduceOps.java:913)
	at java.base/java.util.stream.AbstractPipeline.evaluate(AbstractPipeline.java:234)
	at java.base/java.util.stream.ReferencePipeline.collect(ReferencePipeline.java:578)
	at de.uka.ilkd.key.nparser.builder.AbstractBuilder.mapOf(AbstractBuilder.java:112)
	at de.uka.ilkd.key.nparser.builder.IncludeFinder.visitOne_include_statement(IncludeFinder.java:35)
	at de.uka.ilkd.key.nparser.builder.IncludeFinder.visitOne_include_statement(IncludeFinder.java:20)
	at de.uka.ilkd.key.nparser.KeYParser$One_include_statementContext.accept(KeYParser.java:802)
	at org.antlr.v4.runtime.tree.AbstractParseTreeVisitor.visitChildren(AbstractParseTreeVisitor.java:46)
	at de.uka.ilkd.key.nparser.KeYParserBaseVisitor.visitDecls(KeYParserBaseVisitor.java:30)
	at de.uka.ilkd.key.nparser.KeYParser$DeclsContext.accept(KeYParser.java:500)
	at org.antlr.v4.runtime.tree.AbstractParseTreeVisitor.visitChildren(AbstractParseTreeVisitor.java:46)
	at de.uka.ilkd.key.nparser.KeYParserBaseVisitor.visitFile(KeYParserBaseVisitor.java:23)
	at de.uka.ilkd.key.nparser.KeYParser$FileContext.accept(KeYParser.java:306)
	at de.uka.ilkd.key.nparser.KeyAst.accept(KeyAst.java:41)
	at de.uka.ilkd.key.nparser.KeyAst$File.getIncludes(KeyAst.java:76)
	at de.uka.ilkd.key.proof.io.KeYFile.readIncludes(KeYFile.java:208)
	... 14 more
Could not find rule file rules/intRulesCheckedSemantics.key (file: /home/runner/work/key/key/key.core/../key.ui/examples/index/.././heap/permutedSum/perm.proof; caused by: de.uka.ilkd.key.proof.init.ProofInputException: Could not find rule file rules/intRulesCheckedSemantics.key)
	at de.uka.ilkd.key.control.AbstractUserInterfaceControl.load(AbstractUserInterfaceControl.java:221)
	at de.uka.ilkd.key.control.KeYEnvironment.load(KeYEnvironment.java:251)
	at de.uka.ilkd.key.control.KeYEnvironment.load(KeYEnvironment.java:224)
	at de.uka.ilkd.key.control.KeYEnvironment.load(KeYEnvironment.java:184)
	at de.uka.ilkd.key.control.KeYEnvironment.load(KeYEnvironment.java:261)
	at de.uka.ilkd.key.proof.runallproofs.proofcollection.TestFile.load(TestFile.java:270)
	at de.uka.ilkd.key.proof.runallproofs.proofcollection.TestFile.runKey(TestFile.java:160)
	at de.uka.ilkd.key.proof.runallproofs.proofcollection.ForkedTestFileRunner.main(ForkedTestFileRunner.java:171)
Caused by: de.uka.ilkd.key.proof.init.ProofInputException: Could not find rule file rules/intRulesCheckedSemantics.key
	at de.uka.ilkd.key.proof.io.KeYFile.readIncludes(KeYFile.java:210)
	at de.uka.ilkd.key.proof.init.ProblemInitializer.readIncludes(ProblemInitializer.java:177)
	at de.uka.ilkd.key.proof.init.ProblemInitializer.readEnvInput(ProblemInitializer.java:325)
	at de.uka.ilkd.key.proof.init.ProblemInitializer.prepare(ProblemInitializer.java:449)
	at de.uka.ilkd.key.proof.io.AbstractProblemLoader.createInitConfig(AbstractProblemLoader.java:518)
	at de.uka.ilkd.key.proof.io.AbstractProblemLoader.loadEnvironment(AbstractProblemLoader.java:288)
	at de.uka.ilkd.key.proof.io.AbstractProblemLoader.load(AbstractProblemLoader.java:252)
	at de.uka.ilkd.key.control.AbstractUserInterfaceControl.load(AbstractUserInterfaceControl.java:209)
	... 7 more
Caused by: java.lang.RuntimeException: Could not find rule file rules/intRulesCheckedSemantics.key
	at de.uka.ilkd.key.proof.io.RuleSourceFactory.fromBuiltInRule(RuleSourceFactory.java:32)
	at de.uka.ilkd.key.proof.io.RuleSourceFactory.fromDefaultLocation(RuleSourceFactory.java:21)
	at de.uka.ilkd.key.nparser.builder.IncludeFinder.addInclude(IncludeFinder.java:63)
	at de.uka.ilkd.key.nparser.builder.IncludeFinder.visitOne_include(IncludeFinder.java:43)
	at de.uka.ilkd.key.nparser.builder.IncludeFinder.visitOne_include(IncludeFinder.java:20)
	at de.uka.ilkd.key.nparser.KeYParser$One_includeContext.accept(KeYParser.java:878)
	at de.uka.ilkd.key.nparser.builder.AbstractBuilder.lambda$mapOf$0(AbstractBuilder.java:112)
	at java.base/java.util.stream.ReferencePipeline$3$1.accept(ReferencePipeline.java:195)
	at java.base/java.util.ArrayList$ArrayListSpliterator.forEachRemaining(ArrayList.java:1655)
	at java.base/java.util.stream.AbstractPipeline.copyInto(AbstractPipeline.java:484)
	at java.base/java.util.stream.AbstractPipeline.wrapAndCopyInto(AbstractPipeline.java:474)
	at java.base/java.util.stream.ReduceOps$ReduceOp.evaluateSequential(ReduceOps.java:913)
	at java.base/java.util.stream.AbstractPipeline.evaluate(AbstractPipeline.java:234)
	at java.base/java.util.stream.ReferencePipeline.collect(ReferencePipeline.java:578)
	at de.uka.ilkd.key.nparser.builder.AbstractBuilder.mapOf(AbstractBuilder.java:112)
	at de.uka.ilkd.key.nparser.builder.IncludeFinder.visitOne_include_statement(IncludeFinder.java:35)
	at de.uka.ilkd.key.nparser.builder.IncludeFinder.visitOne_include_statement(IncludeFinder.java:20)
	at de.uka.ilkd.key.nparser.KeYParser$One_include_statementContext.accept(KeYParser.java:802)
	at org.antlr.v4.runtime.tree.AbstractParseTreeVisitor.visitChildren(AbstractParseTreeVisitor.java:46)
	at de.uka.ilkd.key.nparser.KeYParserBaseVisitor.visitDecls(KeYParserBaseVisitor.java:30)
	at de.uka.ilkd.key.nparser.KeYParser$DeclsContext.accept(KeYParser.java:500)
	at org.antlr.v4.runtime.tree.AbstractParseTreeVisitor.visitChildren(AbstractParseTreeVisitor.java:46)
	at de.uka.ilkd.key.nparser.KeYParserBaseVisitor.visitFile(KeYParserBaseVisitor.java:23)
	at de.uka.ilkd.key.nparser.KeYParser$FileContext.accept(KeYParser.java:306)
	at de.uka.ilkd.key.nparser.KeyAst.accept(KeyAst.java:41)
	at de.uka.ilkd.key.nparser.KeyAst$File.getIncludes(KeyAst.java:76)
	at de.uka.ilkd.key.proof.io.KeYFile.readIncludes(KeYFile.java:208)
	... 14 more
Could not find rule file rules/intRulesCheckedSemantics.key (file: /home/runner/work/key/key/key.core/../key.ui/examples/index/.././firstTouch/05-ReverseArray/reverseArray.proof; caused by: de.uka.ilkd.key.proof.init.ProofInputException: Could not find rule file rules/intRulesCheckedSemantics.key)
	at de.uka.ilkd.key.control.AbstractUserInterfaceControl.load(AbstractUserInterfaceControl.java:221)
	at de.uka.ilkd.key.control.KeYEnvironment.load(KeYEnvironment.java:251)
	at de.uka.ilkd.key.control.KeYEnvironment.load(KeYEnvironment.java:224)
	at de.uka.ilkd.key.control.KeYEnvironment.load(KeYEnvironment.java:184)
	at de.uka.ilkd.key.control.KeYEnvironment.load(KeYEnvironment.java:261)
	at de.uka.ilkd.key.proof.runallproofs.proofcollection.TestFile.load(TestFile.java:270)
	at de.uka.ilkd.key.proof.runallproofs.proofcollection.TestFile.runKey(TestFile.java:160)
	at de.uka.ilkd.key.proof.runallproofs.proofcollection.ForkedTestFileRunner.main(ForkedTestFileRunner.java:171)
Caused by: de.uka.ilkd.key.proof.init.ProofInputException: Could not find rule file rules/intRulesCheckedSemantics.key
	at de.uka.ilkd.key.proof.io.KeYFile.readIncludes(KeYFile.java:210)
	at de.uka.ilkd.key.proof.init.ProblemInitializer.readIncludes(ProblemInitializer.java:177)
	at de.uka.ilkd.key.proof.init.ProblemInitializer.readEnvInput(ProblemInitializer.java:325)
	at de.uka.ilkd.key.proof.init.ProblemInitializer.prepare(ProblemInitializer.java:449)
	at de.uka.ilkd.key.proof.io.AbstractProblemLoader.createInitConfig(AbstractProblemLoader.java:518)
	at de.uka.ilkd.key.proof.io.AbstractProblemLoader.loadEnvironment(AbstractProblemLoader.java:288)
	at de.uka.ilkd.key.proof.io.AbstractProblemLoader.load(AbstractProblemLoader.java:252)
	at de.uka.ilkd.key.control.AbstractUserInterfaceControl.load(AbstractUserInterfaceControl.java:209)
	... 7 more
Caused by: java.lang.RuntimeException: Could not find rule file rules/intRulesCheckedSemantics.key
	at de.uka.ilkd.key.proof.io.RuleSourceFactory.fromBuiltInRule(RuleSourceFactory.java:32)
	at de.uka.ilkd.key.proof.io.RuleSourceFactory.fromDefaultLocation(RuleSourceFactory.java:21)
	at de.uka.ilkd.key.nparser.builder.IncludeFinder.addInclude(IncludeFinder.java:63)
	at de.uka.ilkd.key.nparser.builder.IncludeFinder.visitOne_include(IncludeFinder.java:43)
	at de.uka.ilkd.key.nparser.builder.IncludeFinder.visitOne_include(IncludeFinder.java:20)
	at de.uka.ilkd.key.nparser.KeYParser$One_includeContext.accept(KeYParser.java:878)
	at de.uka.ilkd.key.nparser.builder.AbstractBuilder.lambda$mapOf$0(AbstractBuilder.java:112)
	at java.base/java.util.stream.ReferencePipeline$3$1.accept(ReferencePipeline.java:195)
	at java.base/java.util.ArrayList$ArrayListSpliterator.forEachRemaining(ArrayList.java:1655)
	at java.base/java.util.stream.AbstractPipeline.copyInto(AbstractPipeline.java:484)
	at java.base/java.util.stream.AbstractPipeline.wrapAndCopyInto(AbstractPipeline.java:474)
	at java.base/java.util.stream.ReduceOps$ReduceOp.evaluateSequential(ReduceOps.java:913)
	at java.base/java.util.stream.AbstractPipeline.evaluate(AbstractPipeline.java:234)
	at java.base/java.util.stream.ReferencePipeline.collect(ReferencePipeline.java:578)
	at de.uka.ilkd.key.nparser.builder.AbstractBuilder.mapOf(AbstractBuilder.java:112)
	at de.uka.ilkd.key.nparser.builder.IncludeFinder.visitOne_include_statement(IncludeFinder.java:35)
	at de.uka.ilkd.key.nparser.builder.IncludeFinder.visitOne_include_statement(IncludeFinder.java:20)
	at de.uka.ilkd.key.nparser.KeYParser$One_include_statementContext.accept(KeYParser.java:802)
	at org.antlr.v4.runtime.tree.AbstractParseTreeVisitor.visitChildren(AbstractParseTreeVisitor.java:46)
	at de.uka.ilkd.key.nparser.KeYParserBaseVisitor.visitDecls(KeYParserBaseVisitor.java:30)
	at de.uka.ilkd.key.nparser.KeYParser$DeclsContext.accept(KeYParser.java:500)
	at org.antlr.v4.runtime.tree.AbstractParseTreeVisitor.visitChildren(AbstractParseTreeVisitor.java:46)
	at de.uka.ilkd.key.nparser.KeYParserBaseVisitor.visitFile(KeYParserBaseVisitor.java:23)
	at de.uka.ilkd.key.nparser.KeYParser$FileContext.accept(KeYParser.java:306)
	at de.uka.ilkd.key.nparser.KeyAst.accept(KeyAst.java:41)
	at de.uka.ilkd.key.nparser.KeyAst$File.getIncludes(KeyAst.java:76)
	at de.uka.ilkd.key.proof.io.KeYFile.readIncludes(KeYFile.java:208)
	... 14 more
Could not find rule file rules/intRulesCheckedSemantics.key (file: /home/runner/work/key/key/key.core/../key.ui/examples/index/.././heap/verifyThis15_1_RelaxedPrefix/relax.proof; caused by: de.uka.ilkd.key.proof.init.ProofInputException: Could not find rule file rules/intRulesCheckedSemantics.key)
	at de.uka.ilkd.key.control.AbstractUserInterfaceControl.load(AbstractUserInterfaceControl.java:221)
	at de.uka.ilkd.key.control.KeYEnvironment.load(KeYEnvironment.java:251)
	at de.uka.ilkd.key.control.KeYEnvironment.load(KeYEnvironment.java:224)
	at de.uka.ilkd.key.control.KeYEnvironment.load(KeYEnvironment.java:184)
	at de.uka.ilkd.key.control.KeYEnvironment.load(KeYEnvironment.java:261)
	at de.uka.ilkd.key.proof.runallproofs.proofcollection.TestFile.load(TestFile.java:270)
	at de.uka.ilkd.key.proof.runallproofs.proofcollection.TestFile.runKey(TestFile.java:160)
	at de.uka.ilkd.key.proof.runallproofs.proofcollection.ForkedTestFileRunner.main(ForkedTestFileRunner.java:171)
Caused by: de.uka.ilkd.key.proof.init.ProofInputException: Could not find rule file rules/intRulesCheckedSemantics.key
	at de.uka.ilkd.key.proof.io.KeYFile.readIncludes(KeYFile.java:210)
	at de.uka.ilkd.key.proof.init.ProblemInitializer.readIncludes(ProblemInitializer.java:177)
	at de.uka.ilkd.key.proof.init.ProblemInitializer.readEnvInput(ProblemInitializer.java:325)
	at de.uka.ilkd.key.proof.init.ProblemInitializer.prepare(ProblemInitializer.java:449)
	at de.uka.ilkd.key.proof.io.AbstractProblemLoader.createInitConfig(AbstractProblemLoader.java:518)
	at de.uka.ilkd.key.proof.io.AbstractProblemLoader.loadEnvironment(AbstractProblemLoader.java:288)
	at de.uka.ilkd.key.proof.io.AbstractProblemLoader.load(AbstractProblemLoader.java:252)
	at de.uka.ilkd.key.control.AbstractUserInterfaceControl.load(AbstractUserInterfaceControl.java:209)
	... 7 more
Caused by: java.lang.RuntimeException: Could not find rule file rules/intRulesCheckedSemantics.key
	at de.uka.ilkd.key.proof.io.RuleSourceFactory.fromBuiltInRule(RuleSourceFactory.java:32)
	at de.uka.ilkd.key.proof.io.RuleSourceFactory.fromDefaultLocation(RuleSourceFactory.java:21)
	at de.uka.ilkd.key.nparser.builder.IncludeFinder.addInclude(IncludeFinder.java:63)
	at de.uka.ilkd.key.nparser.builder.IncludeFinder.visitOne_include(IncludeFinder.java:43)
	at de.uka.ilkd.key.nparser.builder.IncludeFinder.visitOne_include(IncludeFinder.java:20)
	at de.uka.ilkd.key.nparser.KeYParser$One_includeContext.accept(KeYParser.java:878)
	at de.uka.ilkd.key.nparser.builder.AbstractBuilder.lambda$mapOf$0(AbstractBuilder.java:112)
	at java.base/java.util.stream.ReferencePipeline$3$1.accept(ReferencePipeline.java:195)
	at java.base/java.util.ArrayList$ArrayListSpliterator.forEachRemaining(ArrayList.java:1655)
	at java.base/java.util.stream.AbstractPipeline.copyInto(AbstractPipeline.java:484)
	at java.base/java.util.stream.AbstractPipeline.wrapAndCopyInto(AbstractPipeline.java:474)
	at java.base/java.util.stream.ReduceOps$ReduceOp.evaluateSequential(ReduceOps.java:913)
	at java.base/java.util.stream.AbstractPipeline.evaluate(AbstractPipeline.java:234)
	at java.base/java.util.stream.ReferencePipeline.collect(ReferencePipeline.java:578)
	at de.uka.ilkd.key.nparser.builder.AbstractBuilder.mapOf(AbstractBuilder.java:112)
	at de.uka.ilkd.key.nparser.builder.IncludeFinder.visitOne_include_statement(IncludeFinder.java:35)
	at de.uka.ilkd.key.nparser.builder.IncludeFinder.visitOne_include_statement(IncludeFinder.java:20)
	at de.uka.ilkd.key.nparser.KeYParser$One_include_statementContext.accept(KeYParser.java:802)
	at org.antlr.v4.runtime.tree.AbstractParseTreeVisitor.visitChildren(AbstractParseTreeVisitor.java:46)
	at de.uka.ilkd.key.nparser.KeYParserBaseVisitor.visitDecls(KeYParserBaseVisitor.java:30)
	at de.uka.ilkd.key.nparser.KeYParser$DeclsContext.accept(KeYParser.java:500)
	at org.antlr.v4.runtime.tree.AbstractParseTreeVisitor.visitChildren(AbstractParseTreeVisitor.java:46)
	at de.uka.ilkd.key.nparser.KeYParserBaseVisitor.visitFile(KeYParserBaseVisitor.java:23)
	at de.uka.ilkd.key.nparser.KeYParser$FileContext.accept(KeYParser.java:306)
	at de.uka.ilkd.key.nparser.KeyAst.accept(KeyAst.java:41)
	at de.uka.ilkd.key.nparser.KeyAst$File.getIncludes(KeyAst.java:76)
	at de.uka.ilkd.key.proof.io.KeYFile.readIncludes(KeYFile.java:208)
	... 14 more
Could not find rule file rules/intRulesCheckedSemantics.key (file: /home/runner/work/key/key/key.core/../key.ui/examples/index/.././heap/verifyThis15_3_DLL/doUndo.proof; caused by: de.uka.ilkd.key.proof.init.ProofInputException: Could not find rule file rules/intRulesCheckedSemantics.key)
	at de.uka.ilkd.key.control.AbstractUserInterfaceControl.load(AbstractUserInterfaceControl.java:221)
	at de.uka.ilkd.key.control.KeYEnvironment.load(KeYEnvironment.java:251)
	at de.uka.ilkd.key.control.KeYEnvironment.load(KeYEnvironment.java:224)
	at de.uka.ilkd.key.control.KeYEnvironment.load(KeYEnvironment.java:184)
	at de.uka.ilkd.key.control.KeYEnvironment.load(KeYEnvironment.java:261)
	at de.uka.ilkd.key.proof.runallproofs.proofcollection.TestFile.load(TestFile.java:270)
	at de.uka.ilkd.key.proof.runallproofs.proofcollection.TestFile.runKey(TestFile.java:160)
	at de.uka.ilkd.key.proof.runallproofs.proofcollection.ForkedTestFileRunner.main(ForkedTestFileRunner.java:171)
Caused by: de.uka.ilkd.key.proof.init.ProofInputException: Could not find rule file rules/intRulesCheckedSemantics.key
	at de.uka.ilkd.key.proof.io.KeYFile.readIncludes(KeYFile.java:210)
	at de.uka.ilkd.key.proof.init.ProblemInitializer.readIncludes(ProblemInitializer.java:177)
	at de.uka.ilkd.key.proof.init.ProblemInitializer.readEnvInput(ProblemInitializer.java:325)
	at de.uka.ilkd.key.proof.init.ProblemInitializer.prepare(ProblemInitializer.java:449)
	at de.uka.ilkd.key.proof.io.AbstractProblemLoader.createInitConfig(AbstractProblemLoader.java:518)
	at de.uka.ilkd.key.proof.io.AbstractProblemLoader.loadEnvironment(AbstractProblemLoader.java:288)
	at de.uka.ilkd.key.proof.io.AbstractProblemLoader.load(AbstractProblemLoader.java:252)
	at de.uka.ilkd.key.control.AbstractUserInterfaceControl.load(AbstractUserInterfaceControl.java:209)
	... 7 more
Caused by: java.lang.RuntimeException: Could not find rule file rules/intRulesCheckedSemantics.key
	at de.uka.ilkd.key.proof.io.RuleSourceFactory.fromBuiltInRule(RuleSourceFactory.java:32)
	at de.uka.ilkd.key.proof.io.RuleSourceFactory.fromDefaultLocation(RuleSourceFactory.java:21)
	at de.uka.ilkd.key.nparser.builder.IncludeFinder.addInclude(IncludeFinder.java:63)
	at de.uka.ilkd.key.nparser.builder.IncludeFinder.visitOne_include(IncludeFinder.java:43)
	at de.uka.ilkd.key.nparser.builder.IncludeFinder.visitOne_include(IncludeFinder.java:20)
	at de.uka.ilkd.key.nparser.KeYParser$One_includeContext.accept(KeYParser.java:878)
	at de.uka.ilkd.key.nparser.builder.AbstractBuilder.lambda$mapOf$0(AbstractBuilder.java:112)
	at java.base/java.util.stream.ReferencePipeline$3$1.accept(ReferencePipeline.java:195)
	at java.base/java.util.ArrayList$ArrayListSpliterator.forEachRemaining(ArrayList.java:1655)
	at java.base/java.util.stream.AbstractPipeline.copyInto(AbstractPipeline.java:484)
	at java.base/java.util.stream.AbstractPipeline.wrapAndCopyInto(AbstractPipeline.java:474)
	at java.base/java.util.stream.ReduceOps$ReduceOp.evaluateSequential(ReduceOps.java:913)
	at java.base/java.util.stream.AbstractPipeline.evaluate(AbstractPipeline.java:234)
	at java.base/java.util.stream.ReferencePipeline.collect(ReferencePipeline.java:578)
	at de.uka.ilkd.key.nparser.builder.AbstractBuilder.mapOf(AbstractBuilder.java:112)
	at de.uka.ilkd.key.nparser.builder.IncludeFinder.visitOne_include_statement(IncludeFinder.java:35)
	at de.uka.ilkd.key.nparser.builder.IncludeFinder.visitOne_include_statement(IncludeFinder.java:20)
	at de.uka.ilkd.key.nparser.KeYParser$One_include_statementContext.accept(KeYParser.java:802)
	at org.antlr.v4.runtime.tree.AbstractParseTreeVisitor.visitChildren(AbstractParseTreeVisitor.java:46)
	at de.uka.ilkd.key.nparser.KeYParserBaseVisitor.visitDecls(KeYParserBaseVisitor.java:30)
	at de.uka.ilkd.key.nparser.KeYParser$DeclsContext.accept(KeYParser.java:500)
	at org.antlr.v4.runtime.tree.AbstractParseTreeVisitor.visitChildren(AbstractParseTreeVisitor.java:46)
	at de.uka.ilkd.key.nparser.KeYParserBaseVisitor.visitFile(KeYParserBaseVisitor.java:23)
	at de.uka.ilkd.key.nparser.KeYParser$FileContext.accept(KeYParser.java:306)
	at de.uka.ilkd.key.nparser.KeyAst.accept(KeyAst.java:41)
	at de.uka.ilkd.key.nparser.KeyAst$File.getIncludes(KeyAst.java:76)
	at de.uka.ilkd.key.proof.io.KeYFile.readIncludes(KeYFile.java:208)
	... 14 more
Could not find rule file rules/intRulesCheckedSemantics.key (file: /home/runner/work/key/key/key.core/../key.ui/examples/index/.././heap/verifyThis15_2_ParallelGcd/parallelGcd.proof; caused by: de.uka.ilkd.key.proof.init.ProofInputException: Could not find rule file rules/intRulesCheckedSemantics.key)
	at de.uka.ilkd.key.control.AbstractUserInterfaceControl.load(AbstractUserInterfaceControl.java:221)
	at de.uka.ilkd.key.control.KeYEnvironment.load(KeYEnvironment.java:251)
	at de.uka.ilkd.key.control.KeYEnvironment.load(KeYEnvironment.java:224)
	at de.uka.ilkd.key.control.KeYEnvironment.load(KeYEnvironment.java:184)
	at de.uka.ilkd.key.control.KeYEnvironment.load(KeYEnvironment.java:261)
	at de.uka.ilkd.key.proof.runallproofs.proofcollection.TestFile.load(TestFile.java:270)
	at de.uka.ilkd.key.proof.runallproofs.proofcollection.TestFile.runKey(TestFile.java:160)
	at de.uka.ilkd.key.proof.runallproofs.proofcollection.ForkedTestFileRunner.main(ForkedTestFileRunner.java:171)
Caused by: de.uka.ilkd.key.proof.init.ProofInputException: Could not find rule file rules/intRulesCheckedSemantics.key
	at de.uka.ilkd.key.proof.io.KeYFile.readIncludes(KeYFile.java:210)
	at de.uka.ilkd.key.proof.init.ProblemInitializer.readIncludes(ProblemInitializer.java:177)
	at de.uka.ilkd.key.proof.init.ProblemInitializer.readEnvInput(ProblemInitializer.java:325)
	at de.uka.ilkd.key.proof.init.ProblemInitializer.prepare(ProblemInitializer.java:449)
	at de.uka.ilkd.key.proof.io.AbstractProblemLoader.createInitConfig(AbstractProblemLoader.java:518)
	at de.uka.ilkd.key.proof.io.AbstractProblemLoader.loadEnvironment(AbstractProblemLoader.java:288)
	at de.uka.ilkd.key.proof.io.AbstractProblemLoader.load(AbstractProblemLoader.java:252)
	at de.uka.ilkd.key.control.AbstractUserInterfaceControl.load(AbstractUserInterfaceControl.java:209)
	... 7 more
Caused by: java.lang.RuntimeException: Could not find rule file rules/intRulesCheckedSemantics.key
	at de.uka.ilkd.key.proof.io.RuleSourceFactory.fromBuiltInRule(RuleSourceFactory.java:32)
	at de.uka.ilkd.key.proof.io.RuleSourceFactory.fromDefaultLocation(RuleSourceFactory.java:21)
	at de.uka.ilkd.key.nparser.builder.IncludeFinder.addInclude(IncludeFinder.java:63)
	at de.uka.ilkd.key.nparser.builder.IncludeFinder.visitOne_include(IncludeFinder.java:43)
	at de.uka.ilkd.key.nparser.builder.IncludeFinder.visitOne_include(IncludeFinder.java:20)
	at de.uka.ilkd.key.nparser.KeYParser$One_includeContext.accept(KeYParser.java:878)
	at de.uka.ilkd.key.nparser.builder.AbstractBuilder.lambda$mapOf$0(AbstractBuilder.java:112)
	at java.base/java.util.stream.ReferencePipeline$3$1.accept(ReferencePipeline.java:195)
	at java.base/java.util.ArrayList$ArrayListSpliterator.forEachRemaining(ArrayList.java:1655)
	at java.base/java.util.stream.AbstractPipeline.copyInto(AbstractPipeline.java:484)
	at java.base/java.util.stream.AbstractPipeline.wrapAndCopyInto(AbstractPipeline.java:474)
	at java.base/java.util.stream.ReduceOps$ReduceOp.evaluateSequential(ReduceOps.java:913)
	at java.base/java.util.stream.AbstractPipeline.evaluate(AbstractPipeline.java:234)
	at java.base/java.util.stream.ReferencePipeline.collect(ReferencePipeline.java:578)
	at de.uka.ilkd.key.nparser.builder.AbstractBuilder.mapOf(AbstractBuilder.java:112)
	at de.uka.ilkd.key.nparser.builder.IncludeFinder.visitOne_include_statement(IncludeFinder.java:35)
	at de.uka.ilkd.key.nparser.builder.IncludeFinder.visitOne_include_statement(IncludeFinder.java:20)
	at de.uka.ilkd.key.nparser.KeYParser$One_include_statementContext.accept(KeYParser.java:802)
	at org.antlr.v4.runtime.tree.AbstractParseTreeVisitor.visitChildren(AbstractParseTreeVisitor.java:46)
	at de.uka.ilkd.key.nparser.KeYParserBaseVisitor.visitDecls(KeYParserBaseVisitor.java:30)
	at de.uka.ilkd.key.nparser.KeYParser$DeclsContext.accept(KeYParser.java:500)
	at org.antlr.v4.runtime.tree.AbstractParseTreeVisitor.visitChildren(AbstractParseTreeVisitor.java:46)
	at de.uka.ilkd.key.nparser.KeYParserBaseVisitor.visitFile(KeYParserBaseVisitor.java:23)
	at de.uka.ilkd.key.nparser.KeYParser$FileContext.accept(KeYParser.java:306)
	at de.uka.ilkd.key.nparser.KeyAst.accept(KeyAst.java:41)
	at de.uka.ilkd.key.nparser.KeyAst$File.getIncludes(KeyAst.java:76)
	at de.uka.ilkd.key.proof.io.KeYFile.readIncludes(KeYFile.java:208)
	... 14 more
Exception in thread "main" org.opentest4j.AssertionFailedError: Exception during the execution of proofs. See log for more details.
	at org.junit.jupiter.api.AssertionUtils.fail(AssertionUtils.java:39)
	at org.junit.jupiter.api.Assertions.fail(Assertions.java:134)
	at de.uka.ilkd.key.proof.runallproofs.proofcollection.ForkedTestFileRunner.main(ForkedTestFileRunner.java:192)
Timeout watcher launched (2000 secs.)
Could not find rule file rules/intRulesCheckedSemantics.key (file: /home/runner/work/key/key/key.core/../key.ui/examples/index/.././proofLoadRepair/disjConj-manipulated.proof; caused by: de.uka.ilkd.key.proof.init.ProofInputException: Could not find rule file rules/intRulesCheckedSemantics.key)
	at de.uka.ilkd.key.control.AbstractUserInterfaceControl.load(AbstractUserInterfaceControl.java:221)
	at de.uka.ilkd.key.control.KeYEnvironment.load(KeYEnvironment.java:251)
	at de.uka.ilkd.key.control.KeYEnvironment.load(KeYEnvironment.java:224)
	at de.uka.ilkd.key.control.KeYEnvironment.load(KeYEnvironment.java:184)
	at de.uka.ilkd.key.control.KeYEnvironment.load(KeYEnvironment.java:261)
	at de.uka.ilkd.key.proof.runallproofs.proofcollection.TestFile.load(TestFile.java:270)
	at de.uka.ilkd.key.proof.runallproofs.proofcollection.TestFile.runKey(TestFile.java:160)
	at de.uka.ilkd.key.proof.runallproofs.proofcollection.ForkedTestFileRunner.main(ForkedTestFileRunner.java:171)
Caused by: de.uka.ilkd.key.proof.init.ProofInputException: Could not find rule file rules/intRulesCheckedSemantics.key
	at de.uka.ilkd.key.proof.io.KeYFile.readIncludes(KeYFile.java:210)
	at de.uka.ilkd.key.proof.init.ProblemInitializer.readIncludes(ProblemInitializer.java:177)
	at de.uka.ilkd.key.proof.init.ProblemInitializer.readEnvInput(ProblemInitializer.java:325)
	at de.uka.ilkd.key.proof.init.ProblemInitializer.prepare(ProblemInitializer.java:449)
	at de.uka.ilkd.key.proof.io.AbstractProblemLoader.createInitConfig(AbstractProblemLoader.java:518)
	at de.uka.ilkd.key.proof.io.AbstractProblemLoader.loadEnvironment(AbstractProblemLoader.java:288)
	at de.uka.ilkd.key.proof.io.AbstractProblemLoader.load(AbstractProblemLoader.java:252)
	at de.uka.ilkd.key.control.AbstractUserInterfaceControl.load(AbstractUserInterfaceControl.java:209)
	... 7 more
Caused by: java.lang.RuntimeException: Could not find rule file rules/intRulesCheckedSemantics.key
	at de.uka.ilkd.key.proof.io.RuleSourceFactory.fromBuiltInRule(RuleSourceFactory.java:32)
	at de.uka.ilkd.key.proof.io.RuleSourceFactory.fromDefaultLocation(RuleSourceFactory.java:21)
	at de.uka.ilkd.key.nparser.builder.IncludeFinder.addInclude(IncludeFinder.java:63)
	at de.uka.ilkd.key.nparser.builder.IncludeFinder.visitOne_include(IncludeFinder.java:43)
	at de.uka.ilkd.key.nparser.builder.IncludeFinder.visitOne_include(IncludeFinder.java:20)
	at de.uka.ilkd.key.nparser.KeYParser$One_includeContext.accept(KeYParser.java:878)
	at de.uka.ilkd.key.nparser.builder.AbstractBuilder.lambda$mapOf$0(AbstractBuilder.java:112)
	at java.base/java.util.stream.ReferencePipeline$3$1.accept(ReferencePipeline.java:195)
	at java.base/java.util.ArrayList$ArrayListSpliterator.forEachRemaining(ArrayList.java:1655)
	at java.base/java.util.stream.AbstractPipeline.copyInto(AbstractPipeline.java:484)
	at java.base/java.util.stream.AbstractPipeline.wrapAndCopyInto(AbstractPipeline.java:474)
	at java.base/java.util.stream.ReduceOps$ReduceOp.evaluateSequential(ReduceOps.java:913)
	at java.base/java.util.stream.AbstractPipeline.evaluate(AbstractPipeline.java:234)
	at java.base/java.util.stream.ReferencePipeline.collect(ReferencePipeline.java:578)
	at de.uka.ilkd.key.nparser.builder.AbstractBuilder.mapOf(AbstractBuilder.java:112)
	at de.uka.ilkd.key.nparser.builder.IncludeFinder.visitOne_include_statement(IncludeFinder.java:35)
	at de.uka.ilkd.key.nparser.builder.IncludeFinder.visitOne_include_statement(IncludeFinder.java:20)
	at de.uka.ilkd.key.nparser.KeYParser$One_include_statementContext.accept(KeYParser.java:802)
	at org.antlr.v4.runtime.tree.AbstractParseTreeVisitor.visitChildren(AbstractParseTreeVisitor.java:46)
	at de.uka.ilkd.key.nparser.KeYParserBaseVisitor.visitDecls(KeYParserBaseVisitor.java:30)
	at de.uka.ilkd.key.nparser.KeYParser$DeclsContext.accept(KeYParser.java:500)
	at org.antlr.v4.runtime.tree.AbstractParseTreeVisitor.visitChildren(AbstractParseTreeVisitor.java:46)
	at de.uka.ilkd.key.nparser.KeYParserBaseVisitor.visitFile(KeYParserBaseVisitor.java:23)
	at de.uka.ilkd.key.nparser.KeYParser$FileContext.accept(KeYParser.java:306)
	at de.uka.ilkd.key.nparser.KeyAst.accept(KeyAst.java:41)
	at de.uka.ilkd.key.nparser.KeyAst$File.getIncludes(KeyAst.java:76)
	at de.uka.ilkd.key.proof.io.KeYFile.readIncludes(KeYFile.java:208)
	... 14 more
Could not find rule file rules/intRulesCheckedSemantics.key (file: /home/runner/work/key/key/key.core/../key.ui/examples/index/.././proofLoadRepair/insufficient-manipulated.proof; caused by: de.uka.ilkd.key.proof.init.ProofInputException: Could not find rule file rules/intRulesCheckedSemantics.key)
	at de.uka.ilkd.key.control.AbstractUserInterfaceControl.load(AbstractUserInterfaceControl.java:221)
	at de.uka.ilkd.key.control.KeYEnvironment.load(KeYEnvironment.java:251)
	at de.uka.ilkd.key.control.KeYEnvironment.load(KeYEnvironment.java:224)
	at de.uka.ilkd.key.control.KeYEnvironment.load(KeYEnvironment.java:184)
	at de.uka.ilkd.key.control.KeYEnvironment.load(KeYEnvironment.java:261)
	at de.uka.ilkd.key.proof.runallproofs.proofcollection.TestFile.load(TestFile.java:270)
	at de.uka.ilkd.key.proof.runallproofs.proofcollection.TestFile.runKey(TestFile.java:160)
	at de.uka.ilkd.key.proof.runallproofs.proofcollection.ForkedTestFileRunner.main(ForkedTestFileRunner.java:171)
Caused by: de.uka.ilkd.key.proof.init.ProofInputException: Could not find rule file rules/intRulesCheckedSemantics.key
	at de.uka.ilkd.key.proof.io.KeYFile.readIncludes(KeYFile.java:210)
	at de.uka.ilkd.key.proof.init.ProblemInitializer.readIncludes(ProblemInitializer.java:177)
	at de.uka.ilkd.key.proof.init.ProblemInitializer.readEnvInput(ProblemInitializer.java:325)
	at de.uka.ilkd.key.proof.init.ProblemInitializer.prepare(ProblemInitializer.java:449)
	at de.uka.ilkd.key.proof.io.AbstractProblemLoader.createInitConfig(AbstractProblemLoader.java:518)
	at de.uka.ilkd.key.proof.io.AbstractProblemLoader.loadEnvironment(AbstractProblemLoader.java:288)
	at de.uka.ilkd.key.proof.io.AbstractProblemLoader.load(AbstractProblemLoader.java:252)
	at de.uka.ilkd.key.control.AbstractUserInterfaceControl.load(AbstractUserInterfaceControl.java:209)
	... 7 more
Caused by: java.lang.RuntimeException: Could not find rule file rules/intRulesCheckedSemantics.key
	at de.uka.ilkd.key.proof.io.RuleSourceFactory.fromBuiltInRule(RuleSourceFactory.java:32)
	at de.uka.ilkd.key.proof.io.RuleSourceFactory.fromDefaultLocation(RuleSourceFactory.java:21)
	at de.uka.ilkd.key.nparser.builder.IncludeFinder.addInclude(IncludeFinder.java:63)
	at de.uka.ilkd.key.nparser.builder.IncludeFinder.visitOne_include(IncludeFinder.java:43)
	at de.uka.ilkd.key.nparser.builder.IncludeFinder.visitOne_include(IncludeFinder.java:20)
	at de.uka.ilkd.key.nparser.KeYParser$One_includeContext.accept(KeYParser.java:878)
	at de.uka.ilkd.key.nparser.builder.AbstractBuilder.lambda$mapOf$0(AbstractBuilder.java:112)
	at java.base/java.util.stream.ReferencePipeline$3$1.accept(ReferencePipeline.java:195)
	at java.base/java.util.ArrayList$ArrayListSpliterator.forEachRemaining(ArrayList.java:1655)
	at java.base/java.util.stream.AbstractPipeline.copyInto(AbstractPipeline.java:484)
	at java.base/java.util.stream.AbstractPipeline.wrapAndCopyInto(AbstractPipeline.java:474)
	at java.base/java.util.stream.ReduceOps$ReduceOp.evaluateSequential(ReduceOps.java:913)
	at java.base/java.util.stream.AbstractPipeline.evaluate(AbstractPipeline.java:234)
	at java.base/java.util.stream.ReferencePipeline.collect(ReferencePipeline.java:578)
	at de.uka.ilkd.key.nparser.builder.AbstractBuilder.mapOf(AbstractBuilder.java:112)
	at de.uka.ilkd.key.nparser.builder.IncludeFinder.visitOne_include_statement(IncludeFinder.java:35)
	at de.uka.ilkd.key.nparser.builder.IncludeFinder.visitOne_include_statement(IncludeFinder.java:20)
	at de.uka.ilkd.key.nparser.KeYParser$One_include_statementContext.accept(KeYParser.java:802)
	at org.antlr.v4.runtime.tree.AbstractParseTreeVisitor.visitChildren(AbstractParseTreeVisitor.java:46)
	at de.uka.ilkd.key.nparser.KeYParserBaseVisitor.visitDecls(KeYParserBaseVisitor.java:30)
	at de.uka.ilkd.key.nparser.KeYParser$DeclsContext.accept(KeYParser.java:500)
	at org.antlr.v4.runtime.tree.AbstractParseTreeVisitor.visitChildren(AbstractParseTreeVisitor.java:46)
	at de.uka.ilkd.key.nparser.KeYParserBaseVisitor.visitFile(KeYParserBaseVisitor.java:23)
	at de.uka.ilkd.key.nparser.KeYParser$FileContext.accept(KeYParser.java:306)
	at de.uka.ilkd.key.nparser.KeyAst.accept(KeyAst.java:41)
	at de.uka.ilkd.key.nparser.KeyAst$File.getIncludes(KeyAst.java:76)
	at de.uka.ilkd.key.proof.io.KeYFile.readIncludes(KeYFile.java:208)
	... 14 more
Could not find rule file rules/intRulesCheckedSemantics.key (file: /home/runner/work/key/key/key.core/../key.ui/examples/index/../../../key.core/src/test/resources/testcase/issues/1716/incorrectPolarity.proof; caused by: de.uka.ilkd.key.proof.init.ProofInputException: Could not find rule file rules/intRulesCheckedSemantics.key)
	at de.uka.ilkd.key.control.AbstractUserInterfaceControl.load(AbstractUserInterfaceControl.java:221)
	at de.uka.ilkd.key.control.KeYEnvironment.load(KeYEnvironment.java:251)
	at de.uka.ilkd.key.control.KeYEnvironment.load(KeYEnvironment.java:224)
	at de.uka.ilkd.key.control.KeYEnvironment.load(KeYEnvironment.java:184)
	at de.uka.ilkd.key.control.KeYEnvironment.load(KeYEnvironment.java:261)
	at de.uka.ilkd.key.proof.runallproofs.proofcollection.TestFile.load(TestFile.java:270)
	at de.uka.ilkd.key.proof.runallproofs.proofcollection.TestFile.runKey(TestFile.java:160)
	at de.uka.ilkd.key.proof.runallproofs.proofcollection.ForkedTestFileRunner.main(ForkedTestFileRunner.java:171)
Caused by: de.uka.ilkd.key.proof.init.ProofInputException: Could not find rule file rules/intRulesCheckedSemantics.key
	at de.uka.ilkd.key.proof.io.KeYFile.readIncludes(KeYFile.java:210)
	at de.uka.ilkd.key.proof.init.ProblemInitializer.readIncludes(ProblemInitializer.java:177)
	at de.uka.ilkd.key.proof.init.ProblemInitializer.readEnvInput(ProblemInitializer.java:325)
	at de.uka.ilkd.key.proof.init.ProblemInitializer.prepare(ProblemInitializer.java:449)
	at de.uka.ilkd.key.proof.io.AbstractProblemLoader.createInitConfig(AbstractProblemLoader.java:518)
	at de.uka.ilkd.key.proof.io.AbstractProblemLoader.loadEnvironment(AbstractProblemLoader.java:288)
	at de.uka.ilkd.key.proof.io.AbstractProblemLoader.load(AbstractProblemLoader.java:252)
	at de.uka.ilkd.key.control.AbstractUserInterfaceControl.load(AbstractUserInterfaceControl.java:209)
	... 7 more
Caused by: java.lang.RuntimeException: Could not find rule file rules/intRulesCheckedSemantics.key
	at de.uka.ilkd.key.proof.io.RuleSourceFactory.fromBuiltInRule(RuleSourceFactory.java:32)
	at de.uka.ilkd.key.proof.io.RuleSourceFactory.fromDefaultLocation(RuleSourceFactory.java:21)
	at de.uka.ilkd.key.nparser.builder.IncludeFinder.addInclude(IncludeFinder.java:63)
	at de.uka.ilkd.key.nparser.builder.IncludeFinder.visitOne_include(IncludeFinder.java:43)
	at de.uka.ilkd.key.nparser.builder.IncludeFinder.visitOne_include(IncludeFinder.java:20)
	at de.uka.ilkd.key.nparser.KeYParser$One_includeContext.accept(KeYParser.java:878)
	at de.uka.ilkd.key.nparser.builder.AbstractBuilder.lambda$mapOf$0(AbstractBuilder.java:112)
	at java.base/java.util.stream.ReferencePipeline$3$1.accept(ReferencePipeline.java:195)
	at java.base/java.util.ArrayList$ArrayListSpliterator.forEachRemaining(ArrayList.java:1655)
	at java.base/java.util.stream.AbstractPipeline.copyInto(AbstractPipeline.java:484)
	at java.base/java.util.stream.AbstractPipeline.wrapAndCopyInto(AbstractPipeline.java:474)
	at java.base/java.util.stream.ReduceOps$ReduceOp.evaluateSequential(ReduceOps.java:913)
	at java.base/java.util.stream.AbstractPipeline.evaluate(AbstractPipeline.java:234)
	at java.base/java.util.stream.ReferencePipeline.collect(ReferencePipeline.java:578)
	at de.uka.ilkd.key.nparser.builder.AbstractBuilder.mapOf(AbstractBuilder.java:112)
	at de.uka.ilkd.key.nparser.builder.IncludeFinder.visitOne_include_statement(IncludeFinder.java:35)
	at de.uka.ilkd.key.nparser.builder.IncludeFinder.visitOne_include_statement(IncludeFinder.java:20)
	at de.uka.ilkd.key.nparser.KeYParser$One_include_statementContext.accept(KeYParser.java:802)
	at org.antlr.v4.runtime.tree.AbstractParseTreeVisitor.visitChildren(AbstractParseTreeVisitor.java:46)
	at de.uka.ilkd.key.nparser.KeYParserBaseVisitor.visitDecls(KeYParserBaseVisitor.java:30)
	at de.uka.ilkd.key.nparser.KeYParser$DeclsContext.accept(KeYParser.java:500)
	at org.antlr.v4.runtime.tree.AbstractParseTreeVisitor.visitChildren(AbstractParseTreeVisitor.java:46)
	at de.uka.ilkd.key.nparser.KeYParserBaseVisitor.visitFile(KeYParserBaseVisitor.java:23)
	at de.uka.ilkd.key.nparser.KeYParser$FileContext.accept(KeYParser.java:306)
	at de.uka.ilkd.key.nparser.KeyAst.accept(KeyAst.java:41)
	at de.uka.ilkd.key.nparser.KeyAst$File.getIncludes(KeyAst.java:76)
	at de.uka.ilkd.key.proof.io.KeYFile.readIncludes(KeYFile.java:208)
	... 14 more
Could not find rule file rules/intRulesCheckedSemantics.key (file: /home/runner/work/key/key/key.core/../key.ui/examples/index/../../../key.core/src/test/resources/testcase/issues/1716/incorrectPolarity2.proof; caused by: de.uka.ilkd.key.proof.init.ProofInputException: Could not find rule file rules/intRulesCheckedSemantics.key)
	at de.uka.ilkd.key.control.AbstractUserInterfaceControl.load(AbstractUserInterfaceControl.java:221)
	at de.uka.ilkd.key.control.KeYEnvironment.load(KeYEnvironment.java:251)
	at de.uka.ilkd.key.control.KeYEnvironment.load(KeYEnvironment.java:224)
	at de.uka.ilkd.key.control.KeYEnvironment.load(KeYEnvironment.java:184)
	at de.uka.ilkd.key.control.KeYEnvironment.load(KeYEnvironment.java:261)
	at de.uka.ilkd.key.proof.runallproofs.proofcollection.TestFile.load(TestFile.java:270)
	at de.uka.ilkd.key.proof.runallproofs.proofcollection.TestFile.runKey(TestFile.java:160)
	at de.uka.ilkd.key.proof.runallproofs.proofcollection.ForkedTestFileRunner.main(ForkedTestFileRunner.java:171)
Caused by: de.uka.ilkd.key.proof.init.ProofInputException: Could not find rule file rules/intRulesCheckedSemantics.key
	at de.uka.ilkd.key.proof.io.KeYFile.readIncludes(KeYFile.java:210)
	at de.uka.ilkd.key.proof.init.ProblemInitializer.readIncludes(ProblemInitializer.java:177)
	at de.uka.ilkd.key.proof.init.ProblemInitializer.readEnvInput(ProblemInitializer.java:325)
	at de.uka.ilkd.key.proof.init.ProblemInitializer.prepare(ProblemInitializer.java:449)
	at de.uka.ilkd.key.proof.io.AbstractProblemLoader.createInitConfig(AbstractProblemLoader.java:518)
	at de.uka.ilkd.key.proof.io.AbstractProblemLoader.loadEnvironment(AbstractProblemLoader.java:288)
	at de.uka.ilkd.key.proof.io.AbstractProblemLoader.load(AbstractProblemLoader.java:252)
	at de.uka.ilkd.key.control.AbstractUserInterfaceControl.load(AbstractUserInterfaceControl.java:209)
	... 7 more
Caused by: java.lang.RuntimeException: Could not find rule file rules/intRulesCheckedSemantics.key
	at de.uka.ilkd.key.proof.io.RuleSourceFactory.fromBuiltInRule(RuleSourceFactory.java:32)
	at de.uka.ilkd.key.proof.io.RuleSourceFactory.fromDefaultLocation(RuleSourceFactory.java:21)
	at de.uka.ilkd.key.nparser.builder.IncludeFinder.addInclude(IncludeFinder.java:63)
	at de.uka.ilkd.key.nparser.builder.IncludeFinder.visitOne_include(IncludeFinder.java:43)
	at de.uka.ilkd.key.nparser.builder.IncludeFinder.visitOne_include(IncludeFinder.java:20)
	at de.uka.ilkd.key.nparser.KeYParser$One_includeContext.accept(KeYParser.java:878)
	at de.uka.ilkd.key.nparser.builder.AbstractBuilder.lambda$mapOf$0(AbstractBuilder.java:112)
	at java.base/java.util.stream.ReferencePipeline$3$1.accept(ReferencePipeline.java:195)
	at java.base/java.util.ArrayList$ArrayListSpliterator.forEachRemaining(ArrayList.java:1655)
	at java.base/java.util.stream.AbstractPipeline.copyInto(AbstractPipeline.java:484)
	at java.base/java.util.stream.AbstractPipeline.wrapAndCopyInto(AbstractPipeline.java:474)
	at java.base/java.util.stream.ReduceOps$ReduceOp.evaluateSequential(ReduceOps.java:913)
	at java.base/java.util.stream.AbstractPipeline.evaluate(AbstractPipeline.java:234)
	at java.base/java.util.stream.ReferencePipeline.collect(ReferencePipeline.java:578)
	at de.uka.ilkd.key.nparser.builder.AbstractBuilder.mapOf(AbstractBuilder.java:112)
	at de.uka.ilkd.key.nparser.builder.IncludeFinder.visitOne_include_statement(IncludeFinder.java:35)
	at de.uka.ilkd.key.nparser.builder.IncludeFinder.visitOne_include_statement(IncludeFinder.java:20)
	at de.uka.ilkd.key.nparser.KeYParser$One_include_statementContext.accept(KeYParser.java:802)
	at org.antlr.v4.runtime.tree.AbstractParseTreeVisitor.visitChildren(AbstractParseTreeVisitor.java:46)
	at de.uka.ilkd.key.nparser.KeYParserBaseVisitor.visitDecls(KeYParserBaseVisitor.java:30)
	at de.uka.ilkd.key.nparser.KeYParser$DeclsContext.accept(KeYParser.java:500)
	at org.antlr.v4.runtime.tree.AbstractParseTreeVisitor.visitChildren(AbstractParseTreeVisitor.java:46)
	at de.uka.ilkd.key.nparser.KeYParserBaseVisitor.visitFile(KeYParserBaseVisitor.java:23)
	at de.uka.ilkd.key.nparser.KeYParser$FileContext.accept(KeYParser.java:306)
	at de.uka.ilkd.key.nparser.KeyAst.accept(KeyAst.java:41)
	at de.uka.ilkd.key.nparser.KeyAst$File.getIncludes(KeyAst.java:76)
	at de.uka.ilkd.key.proof.io.KeYFile.readIncludes(KeYFile.java:208)
	... 14 more
Could not find rule file rules/intRulesCheckedSemantics.key (file: /home/runner/work/key/key/key.core/../key.ui/examples/index/../../../key.core/src/test/resources/testcase/issues/1716/incorrectPolarity3.proof; caused by: de.uka.ilkd.key.proof.init.ProofInputException: Could not find rule file rules/intRulesCheckedSemantics.key)
	at de.uka.ilkd.key.control.AbstractUserInterfaceControl.load(AbstractUserInterfaceControl.java:221)
	at de.uka.ilkd.key.control.KeYEnvironment.load(KeYEnvironment.java:251)
	at de.uka.ilkd.key.control.KeYEnvironment.load(KeYEnvironment.java:224)
	at de.uka.ilkd.key.control.KeYEnvironment.load(KeYEnvironment.java:184)
	at de.uka.ilkd.key.control.KeYEnvironment.load(KeYEnvironment.java:261)
	at de.uka.ilkd.key.proof.runallproofs.proofcollection.TestFile.load(TestFile.java:270)
	at de.uka.ilkd.key.proof.runallproofs.proofcollection.TestFile.runKey(TestFile.java:160)
	at de.uka.ilkd.key.proof.runallproofs.proofcollection.ForkedTestFileRunner.main(ForkedTestFileRunner.java:171)
Caused by: de.uka.ilkd.key.proof.init.ProofInputException: Could not find rule file rules/intRulesCheckedSemantics.key
	at de.uka.ilkd.key.proof.io.KeYFile.readIncludes(KeYFile.java:210)
	at de.uka.ilkd.key.proof.init.ProblemInitializer.readIncludes(ProblemInitializer.java:177)
	at de.uka.ilkd.key.proof.init.ProblemInitializer.readEnvInput(ProblemInitializer.java:325)
	at de.uka.ilkd.key.proof.init.ProblemInitializer.prepare(ProblemInitializer.java:449)
	at de.uka.ilkd.key.proof.io.AbstractProblemLoader.createInitConfig(AbstractProblemLoader.java:518)
	at de.uka.ilkd.key.proof.io.AbstractProblemLoader.loadEnvironment(AbstractProblemLoader.java:288)
	at de.uka.ilkd.key.proof.io.AbstractProblemLoader.load(AbstractProblemLoader.java:252)
	at de.uka.ilkd.key.control.AbstractUserInterfaceControl.load(AbstractUserInterfaceControl.java:209)
	... 7 more
Caused by: java.lang.RuntimeException: Could not find rule file rules/intRulesCheckedSemantics.key
	at de.uka.ilkd.key.proof.io.RuleSourceFactory.fromBuiltInRule(RuleSourceFactory.java:32)
	at de.uka.ilkd.key.proof.io.RuleSourceFactory.fromDefaultLocation(RuleSourceFactory.java:21)
	at de.uka.ilkd.key.nparser.builder.IncludeFinder.addInclude(IncludeFinder.java:63)
	at de.uka.ilkd.key.nparser.builder.IncludeFinder.visitOne_include(IncludeFinder.java:43)
	at de.uka.ilkd.key.nparser.builder.IncludeFinder.visitOne_include(IncludeFinder.java:20)
	at de.uka.ilkd.key.nparser.KeYParser$One_includeContext.accept(KeYParser.java:878)
	at de.uka.ilkd.key.nparser.builder.AbstractBuilder.lambda$mapOf$0(AbstractBuilder.java:112)
	at java.base/java.util.stream.ReferencePipeline$3$1.accept(ReferencePipeline.java:195)
	at java.base/java.util.ArrayList$ArrayListSpliterator.forEachRemaining(ArrayList.java:1655)
	at java.base/java.util.stream.AbstractPipeline.copyInto(AbstractPipeline.java:484)
	at java.base/java.util.stream.AbstractPipeline.wrapAndCopyInto(AbstractPipeline.java:474)
	at java.base/java.util.stream.ReduceOps$ReduceOp.evaluateSequential(ReduceOps.java:913)
	at java.base/java.util.stream.AbstractPipeline.evaluate(AbstractPipeline.java:234)
	at java.base/java.util.stream.ReferencePipeline.collect(ReferencePipeline.java:578)
	at de.uka.ilkd.key.nparser.builder.AbstractBuilder.mapOf(AbstractBuilder.java:112)
	at de.uka.ilkd.key.nparser.builder.IncludeFinder.visitOne_include_statement(IncludeFinder.java:35)
	at de.uka.ilkd.key.nparser.builder.IncludeFinder.visitOne_include_statement(IncludeFinder.java:20)
	at de.uka.ilkd.key.nparser.KeYParser$One_include_statementContext.accept(KeYParser.java:802)
	at org.antlr.v4.runtime.tree.AbstractParseTreeVisitor.visitChildren(AbstractParseTreeVisitor.java:46)
	at de.uka.ilkd.key.nparser.KeYParserBaseVisitor.visitDecls(KeYParserBaseVisitor.java:30)
	at de.uka.ilkd.key.nparser.KeYParser$DeclsContext.accept(KeYParser.java:500)
	at org.antlr.v4.runtime.tree.AbstractParseTreeVisitor.visitChildren(AbstractParseTreeVisitor.java:46)
	at de.uka.ilkd.key.nparser.KeYParserBaseVisitor.visitFile(KeYParserBaseVisitor.java:23)
	at de.uka.ilkd.key.nparser.KeYParser$FileContext.accept(KeYParser.java:306)
	at de.uka.ilkd.key.nparser.KeyAst.accept(KeyAst.java:41)
	at de.uka.ilkd.key.nparser.KeyAst$File.getIncludes(KeyAst.java:76)
	at de.uka.ilkd.key.proof.io.KeYFile.readIncludes(KeYFile.java:208)
	... 14 more
Exception in thread "main" org.opentest4j.AssertionFailedError: Exception during the execution of proofs. See log for more details.
	at org.junit.jupiter.api.AssertionUtils.fail(AssertionUtils.java:39)
	at org.junit.jupiter.api.Assertions.fail(Assertions.java:134)
	at de.uka.ilkd.key.proof.runallproofs.proofcollection.ForkedTestFileRunner.main(ForkedTestFileRunner.java:192)
Timeout watcher launched (2000 secs.)
Could not find rule file rules/intRulesCheckedSemantics.key (file: /home/runner/work/key/key/key.core/../key.ui/examples/index/.././standard_key/java_dl/switch/labeled_case.key; caused by: de.uka.ilkd.key.proof.init.ProofInputException: Could not find rule file rules/intRulesCheckedSemantics.key)
	at de.uka.ilkd.key.control.AbstractUserInterfaceControl.load(AbstractUserInterfaceControl.java:221)
	at de.uka.ilkd.key.control.KeYEnvironment.load(KeYEnvironment.java:251)
	at de.uka.ilkd.key.control.KeYEnvironment.load(KeYEnvironment.java:224)
	at de.uka.ilkd.key.control.KeYEnvironment.load(KeYEnvironment.java:184)
	at de.uka.ilkd.key.control.KeYEnvironment.load(KeYEnvironment.java:261)
	at de.uka.ilkd.key.proof.runallproofs.proofcollection.TestFile.load(TestFile.java:270)
	at de.uka.ilkd.key.proof.runallproofs.proofcollection.TestFile.runKey(TestFile.java:160)
	at de.uka.ilkd.key.proof.runallproofs.proofcollection.ForkedTestFileRunner.main(ForkedTestFileRunner.java:171)
Caused by: de.uka.ilkd.key.proof.init.ProofInputException: Could not find rule file rules/intRulesCheckedSemantics.key
	at de.uka.ilkd.key.proof.io.KeYFile.readIncludes(KeYFile.java:210)
	at de.uka.ilkd.key.proof.init.ProblemInitializer.readIncludes(ProblemInitializer.java:177)
	at de.uka.ilkd.key.proof.init.ProblemInitializer.readEnvInput(ProblemInitializer.java:325)
	at de.uka.ilkd.key.proof.init.ProblemInitializer.prepare(ProblemInitializer.java:449)
	at de.uka.ilkd.key.proof.io.AbstractProblemLoader.createInitConfig(AbstractProblemLoader.java:518)
	at de.uka.ilkd.key.proof.io.AbstractProblemLoader.loadEnvironment(AbstractProblemLoader.java:288)
	at de.uka.ilkd.key.proof.io.AbstractProblemLoader.load(AbstractProblemLoader.java:252)
	at de.uka.ilkd.key.control.AbstractUserInterfaceControl.load(AbstractUserInterfaceControl.java:209)
	... 7 more
Caused by: java.lang.RuntimeException: Could not find rule file rules/intRulesCheckedSemantics.key
	at de.uka.ilkd.key.proof.io.RuleSourceFactory.fromBuiltInRule(RuleSourceFactory.java:32)
	at de.uka.ilkd.key.proof.io.RuleSourceFactory.fromDefaultLocation(RuleSourceFactory.java:21)
	at de.uka.ilkd.key.nparser.builder.IncludeFinder.addInclude(IncludeFinder.java:63)
	at de.uka.ilkd.key.nparser.builder.IncludeFinder.visitOne_include(IncludeFinder.java:43)
	at de.uka.ilkd.key.nparser.builder.IncludeFinder.visitOne_include(IncludeFinder.java:20)
	at de.uka.ilkd.key.nparser.KeYParser$One_includeContext.accept(KeYParser.java:878)
	at de.uka.ilkd.key.nparser.builder.AbstractBuilder.lambda$mapOf$0(AbstractBuilder.java:112)
	at java.base/java.util.stream.ReferencePipeline$3$1.accept(ReferencePipeline.java:195)
	at java.base/java.util.ArrayList$ArrayListSpliterator.forEachRemaining(ArrayList.java:1655)
	at java.base/java.util.stream.AbstractPipeline.copyInto(AbstractPipeline.java:484)
	at java.base/java.util.stream.AbstractPipeline.wrapAndCopyInto(AbstractPipeline.java:474)
	at java.base/java.util.stream.ReduceOps$ReduceOp.evaluateSequential(ReduceOps.java:913)
	at java.base/java.util.stream.AbstractPipeline.evaluate(AbstractPipeline.java:234)
	at java.base/java.util.stream.ReferencePipeline.collect(ReferencePipeline.java:578)
	at de.uka.ilkd.key.nparser.builder.AbstractBuilder.mapOf(AbstractBuilder.java:112)
	at de.uka.ilkd.key.nparser.builder.IncludeFinder.visitOne_include_statement(IncludeFinder.java:35)
	at de.uka.ilkd.key.nparser.builder.IncludeFinder.visitOne_include_statement(IncludeFinder.java:20)
	at de.uka.ilkd.key.nparser.KeYParser$One_include_statementContext.accept(KeYParser.java:802)
	at org.antlr.v4.runtime.tree.AbstractParseTreeVisitor.visitChildren(AbstractParseTreeVisitor.java:46)
	at de.uka.ilkd.key.nparser.KeYParserBaseVisitor.visitDecls(KeYParserBaseVisitor.java:30)
	at de.uka.ilkd.key.nparser.KeYParser$DeclsContext.accept(KeYParser.java:500)
	at org.antlr.v4.runtime.tree.AbstractParseTreeVisitor.visitChildren(AbstractParseTreeVisitor.java:46)
	at de.uka.ilkd.key.nparser.KeYParserBaseVisitor.visitFile(KeYParserBaseVisitor.java:23)
	at de.uka.ilkd.key.nparser.KeYParser$FileContext.accept(KeYParser.java:306)
	at de.uka.ilkd.key.nparser.KeyAst.accept(KeyAst.java:41)
	at de.uka.ilkd.key.nparser.KeyAst$File.getIncludes(KeyAst.java:76)
	at de.uka.ilkd.key.proof.io.KeYFile.readIncludes(KeYFile.java:208)
	... 14 more
Could not find rule file rules/intRulesCheckedSemantics.key (file: /home/runner/work/key/key/key.core/../key.ui/examples/index/.././standard_key/java_dl/switch/empty_switch.key; caused by: de.uka.ilkd.key.proof.init.ProofInputException: Could not find rule file rules/intRulesCheckedSemantics.key)
	at de.uka.ilkd.key.control.AbstractUserInterfaceControl.load(AbstractUserInterfaceControl.java:221)
	at de.uka.ilkd.key.control.KeYEnvironment.load(KeYEnvironment.java:251)
	at de.uka.ilkd.key.control.KeYEnvironment.load(KeYEnvironment.java:224)
	at de.uka.ilkd.key.control.KeYEnvironment.load(KeYEnvironment.java:184)
	at de.uka.ilkd.key.control.KeYEnvironment.load(KeYEnvironment.java:261)
	at de.uka.ilkd.key.proof.runallproofs.proofcollection.TestFile.load(TestFile.java:270)
	at de.uka.ilkd.key.proof.runallproofs.proofcollection.TestFile.runKey(TestFile.java:160)
	at de.uka.ilkd.key.proof.runallproofs.proofcollection.ForkedTestFileRunner.main(ForkedTestFileRunner.java:171)
Caused by: de.uka.ilkd.key.proof.init.ProofInputException: Could not find rule file rules/intRulesCheckedSemantics.key
	at de.uka.ilkd.key.proof.io.KeYFile.readIncludes(KeYFile.java:210)
	at de.uka.ilkd.key.proof.init.ProblemInitializer.readIncludes(ProblemInitializer.java:177)
	at de.uka.ilkd.key.proof.init.ProblemInitializer.readEnvInput(ProblemInitializer.java:325)
	at de.uka.ilkd.key.proof.init.ProblemInitializer.prepare(ProblemInitializer.java:449)
	at de.uka.ilkd.key.proof.io.AbstractProblemLoader.createInitConfig(AbstractProblemLoader.java:518)
	at de.uka.ilkd.key.proof.io.AbstractProblemLoader.loadEnvironment(AbstractProblemLoader.java:288)
	at de.uka.ilkd.key.proof.io.AbstractProblemLoader.load(AbstractProblemLoader.java:252)
	at de.uka.ilkd.key.control.AbstractUserInterfaceControl.load(AbstractUserInterfaceControl.java:209)
	... 7 more
Caused by: java.lang.RuntimeException: Could not find rule file rules/intRulesCheckedSemantics.key
	at de.uka.ilkd.key.proof.io.RuleSourceFactory.fromBuiltInRule(RuleSourceFactory.java:32)
	at de.uka.ilkd.key.proof.io.RuleSourceFactory.fromDefaultLocation(RuleSourceFactory.java:21)
	at de.uka.ilkd.key.nparser.builder.IncludeFinder.addInclude(IncludeFinder.java:63)
	at de.uka.ilkd.key.nparser.builder.IncludeFinder.visitOne_include(IncludeFinder.java:43)
	at de.uka.ilkd.key.nparser.builder.IncludeFinder.visitOne_include(IncludeFinder.java:20)
	at de.uka.ilkd.key.nparser.KeYParser$One_includeContext.accept(KeYParser.java:878)
	at de.uka.ilkd.key.nparser.builder.AbstractBuilder.lambda$mapOf$0(AbstractBuilder.java:112)
	at java.base/java.util.stream.ReferencePipeline$3$1.accept(ReferencePipeline.java:195)
	at java.base/java.util.ArrayList$ArrayListSpliterator.forEachRemaining(ArrayList.java:1655)
	at java.base/java.util.stream.AbstractPipeline.copyInto(AbstractPipeline.java:484)
	at java.base/java.util.stream.AbstractPipeline.wrapAndCopyInto(AbstractPipeline.java:474)
	at java.base/java.util.stream.ReduceOps$ReduceOp.evaluateSequential(ReduceOps.java:913)
	at java.base/java.util.stream.AbstractPipeline.evaluate(AbstractPipeline.java:234)
	at java.base/java.util.stream.ReferencePipeline.collect(ReferencePipeline.java:578)
	at de.uka.ilkd.key.nparser.builder.AbstractBuilder.mapOf(AbstractBuilder.java:112)
	at de.uka.ilkd.key.nparser.builder.IncludeFinder.visitOne_include_statement(IncludeFinder.java:35)
	at de.uka.ilkd.key.nparser.builder.IncludeFinder.visitOne_include_statement(IncludeFinder.java:20)
	at de.uka.ilkd.key.nparser.KeYParser$One_include_statementContext.accept(KeYParser.java:802)
	at org.antlr.v4.runtime.tree.AbstractParseTreeVisitor.visitChildren(AbstractParseTreeVisitor.java:46)
	at de.uka.ilkd.key.nparser.KeYParserBaseVisitor.visitDecls(KeYParserBaseVisitor.java:30)
	at de.uka.ilkd.key.nparser.KeYParser$DeclsContext.accept(KeYParser.java:500)
	at org.antlr.v4.runtime.tree.AbstractParseTreeVisitor.visitChildren(AbstractParseTreeVisitor.java:46)
	at de.uka.ilkd.key.nparser.KeYParserBaseVisitor.visitFile(KeYParserBaseVisitor.java:23)
	at de.uka.ilkd.key.nparser.KeYParser$FileContext.accept(KeYParser.java:306)
	at de.uka.ilkd.key.nparser.KeyAst.accept(KeyAst.java:41)
	at de.uka.ilkd.key.nparser.KeyAst$File.getIncludes(KeyAst.java:76)
	at de.uka.ilkd.key.proof.io.KeYFile.readIncludes(KeYFile.java:208)
	... 14 more
Could not find rule file rules/intRulesCheckedSemantics.key (file: /home/runner/work/key/key/key.core/../key.ui/examples/index/.././standard_key/java_dl/switch/empty_switch_null.key; caused by: de.uka.ilkd.key.proof.init.ProofInputException: Could not find rule file rules/intRulesCheckedSemantics.key)
	at de.uka.ilkd.key.control.AbstractUserInterfaceControl.load(AbstractUserInterfaceControl.java:221)
	at de.uka.ilkd.key.control.KeYEnvironment.load(KeYEnvironment.java:251)
	at de.uka.ilkd.key.control.KeYEnvironment.load(KeYEnvironment.java:224)
	at de.uka.ilkd.key.control.KeYEnvironment.load(KeYEnvironment.java:184)
	at de.uka.ilkd.key.control.KeYEnvironment.load(KeYEnvironment.java:261)
	at de.uka.ilkd.key.proof.runallproofs.proofcollection.TestFile.load(TestFile.java:270)
	at de.uka.ilkd.key.proof.runallproofs.proofcollection.TestFile.runKey(TestFile.java:160)
	at de.uka.ilkd.key.proof.runallproofs.proofcollection.ForkedTestFileRunner.main(ForkedTestFileRunner.java:171)
Caused by: de.uka.ilkd.key.proof.init.ProofInputException: Could not find rule file rules/intRulesCheckedSemantics.key
	at de.uka.ilkd.key.proof.io.KeYFile.readIncludes(KeYFile.java:210)
	at de.uka.ilkd.key.proof.init.ProblemInitializer.readIncludes(ProblemInitializer.java:177)
	at de.uka.ilkd.key.proof.init.ProblemInitializer.readEnvInput(ProblemInitializer.java:325)
	at de.uka.ilkd.key.proof.init.ProblemInitializer.prepare(ProblemInitializer.java:449)
	at de.uka.ilkd.key.proof.io.AbstractProblemLoader.createInitConfig(AbstractProblemLoader.java:518)
	at de.uka.ilkd.key.proof.io.AbstractProblemLoader.loadEnvironment(AbstractProblemLoader.java:288)
	at de.uka.ilkd.key.proof.io.AbstractProblemLoader.load(AbstractProblemLoader.java:252)
	at de.uka.ilkd.key.control.AbstractUserInterfaceControl.load(AbstractUserInterfaceControl.java:209)
	... 7 more
Caused by: java.lang.RuntimeException: Could not find rule file rules/intRulesCheckedSemantics.key
	at de.uka.ilkd.key.proof.io.RuleSourceFactory.fromBuiltInRule(RuleSourceFactory.java:32)
	at de.uka.ilkd.key.proof.io.RuleSourceFactory.fromDefaultLocation(RuleSourceFactory.java:21)
	at de.uka.ilkd.key.nparser.builder.IncludeFinder.addInclude(IncludeFinder.java:63)
	at de.uka.ilkd.key.nparser.builder.IncludeFinder.visitOne_include(IncludeFinder.java:43)
	at de.uka.ilkd.key.nparser.builder.IncludeFinder.visitOne_include(IncludeFinder.java:20)
	at de.uka.ilkd.key.nparser.KeYParser$One_includeContext.accept(KeYParser.java:878)
	at de.uka.ilkd.key.nparser.builder.AbstractBuilder.lambda$mapOf$0(AbstractBuilder.java:112)
	at java.base/java.util.stream.ReferencePipeline$3$1.accept(ReferencePipeline.java:195)
	at java.base/java.util.ArrayList$ArrayListSpliterator.forEachRemaining(ArrayList.java:1655)
	at java.base/java.util.stream.AbstractPipeline.copyInto(AbstractPipeline.java:484)
	at java.base/java.util.stream.AbstractPipeline.wrapAndCopyInto(AbstractPipeline.java:474)
	at java.base/java.util.stream.ReduceOps$ReduceOp.evaluateSequential(ReduceOps.java:913)
	at java.base/java.util.stream.AbstractPipeline.evaluate(AbstractPipeline.java:234)
	at java.base/java.util.stream.ReferencePipeline.collect(ReferencePipeline.java:578)
	at de.uka.ilkd.key.nparser.builder.AbstractBuilder.mapOf(AbstractBuilder.java:112)
	at de.uka.ilkd.key.nparser.builder.IncludeFinder.visitOne_include_statement(IncludeFinder.java:35)
	at de.uka.ilkd.key.nparser.builder.IncludeFinder.visitOne_include_statement(IncludeFinder.java:20)
	at de.uka.ilkd.key.nparser.KeYParser$One_include_statementContext.accept(KeYParser.java:802)
	at org.antlr.v4.runtime.tree.AbstractParseTreeVisitor.visitChildren(AbstractParseTreeVisitor.java:46)
	at de.uka.ilkd.key.nparser.KeYParserBaseVisitor.visitDecls(KeYParserBaseVisitor.java:30)
	at de.uka.ilkd.key.nparser.KeYParser$DeclsContext.accept(KeYParser.java:500)
	at org.antlr.v4.runtime.tree.AbstractParseTreeVisitor.visitChildren(AbstractParseTreeVisitor.java:46)
	at de.uka.ilkd.key.nparser.KeYParserBaseVisitor.visitFile(KeYParserBaseVisitor.java:23)
	at de.uka.ilkd.key.nparser.KeYParser$FileContext.accept(KeYParser.java:306)
	at de.uka.ilkd.key.nparser.KeyAst.accept(KeyAst.java:41)
	at de.uka.ilkd.key.nparser.KeyAst$File.getIncludes(KeyAst.java:76)
	at de.uka.ilkd.key.proof.io.KeYFile.readIncludes(KeYFile.java:208)
	... 14 more
Could not find rule file rules/intRulesCheckedSemantics.key (file: /home/runner/work/key/key/key.core/../key.ui/examples/index/.././standard_key/java_dl/switch/empty_switch_null_catch.key; caused by: de.uka.ilkd.key.proof.init.ProofInputException: Could not find rule file rules/intRulesCheckedSemantics.key)
	at de.uka.ilkd.key.control.AbstractUserInterfaceControl.load(AbstractUserInterfaceControl.java:221)
	at de.uka.ilkd.key.control.KeYEnvironment.load(KeYEnvironment.java:251)
	at de.uka.ilkd.key.control.KeYEnvironment.load(KeYEnvironment.java:224)
	at de.uka.ilkd.key.control.KeYEnvironment.load(KeYEnvironment.java:184)
	at de.uka.ilkd.key.control.KeYEnvironment.load(KeYEnvironment.java:261)
	at de.uka.ilkd.key.proof.runallproofs.proofcollection.TestFile.load(TestFile.java:270)
	at de.uka.ilkd.key.proof.runallproofs.proofcollection.TestFile.runKey(TestFile.java:160)
	at de.uka.ilkd.key.proof.runallproofs.proofcollection.ForkedTestFileRunner.main(ForkedTestFileRunner.java:171)
Caused by: de.uka.ilkd.key.proof.init.ProofInputException: Could not find rule file rules/intRulesCheckedSemantics.key
	at de.uka.ilkd.key.proof.io.KeYFile.readIncludes(KeYFile.java:210)
	at de.uka.ilkd.key.proof.init.ProblemInitializer.readIncludes(ProblemInitializer.java:177)
	at de.uka.ilkd.key.proof.init.ProblemInitializer.readEnvInput(ProblemInitializer.java:325)
	at de.uka.ilkd.key.proof.init.ProblemInitializer.prepare(ProblemInitializer.java:449)
	at de.uka.ilkd.key.proof.io.AbstractProblemLoader.createInitConfig(AbstractProblemLoader.java:518)
	at de.uka.ilkd.key.proof.io.AbstractProblemLoader.loadEnvironment(AbstractProblemLoader.java:288)
	at de.uka.ilkd.key.proof.io.AbstractProblemLoader.load(AbstractProblemLoader.java:252)
	at de.uka.ilkd.key.control.AbstractUserInterfaceControl.load(AbstractUserInterfaceControl.java:209)
	... 7 more
Caused by: java.lang.RuntimeException: Could not find rule file rules/intRulesCheckedSemantics.key
	at de.uka.ilkd.key.proof.io.RuleSourceFactory.fromBuiltInRule(RuleSourceFactory.java:32)
	at de.uka.ilkd.key.proof.io.RuleSourceFactory.fromDefaultLocation(RuleSourceFactory.java:21)
	at de.uka.ilkd.key.nparser.builder.IncludeFinder.addInclude(IncludeFinder.java:63)
	at de.uka.ilkd.key.nparser.builder.IncludeFinder.visitOne_include(IncludeFinder.java:43)
	at de.uka.ilkd.key.nparser.builder.IncludeFinder.visitOne_include(IncludeFinder.java:20)
	at de.uka.ilkd.key.nparser.KeYParser$One_includeContext.accept(KeYParser.java:878)
	at de.uka.ilkd.key.nparser.builder.AbstractBuilder.lambda$mapOf$0(AbstractBuilder.java:112)
	at java.base/java.util.stream.ReferencePipeline$3$1.accept(ReferencePipeline.java:195)
	at java.base/java.util.ArrayList$ArrayListSpliterator.forEachRemaining(ArrayList.java:1655)
	at java.base/java.util.stream.AbstractPipeline.copyInto(AbstractPipeline.java:484)
	at java.base/java.util.stream.AbstractPipeline.wrapAndCopyInto(AbstractPipeline.java:474)
	at java.base/java.util.stream.ReduceOps$ReduceOp.evaluateSequential(ReduceOps.java:913)
	at java.base/java.util.stream.AbstractPipeline.evaluate(AbstractPipeline.java:234)
	at java.base/java.util.stream.ReferencePipeline.collect(ReferencePipeline.java:578)
	at de.uka.ilkd.key.nparser.builder.AbstractBuilder.mapOf(AbstractBuilder.java:112)
	at de.uka.ilkd.key.nparser.builder.IncludeFinder.visitOne_include_statement(IncludeFinder.java:35)
	at de.uka.ilkd.key.nparser.builder.IncludeFinder.visitOne_include_statement(IncludeFinder.java:20)
	at de.uka.ilkd.key.nparser.KeYParser$One_include_statementContext.accept(KeYParser.java:802)
	at org.antlr.v4.runtime.tree.AbstractParseTreeVisitor.visitChildren(AbstractParseTreeVisitor.java:46)
	at de.uka.ilkd.key.nparser.KeYParserBaseVisitor.visitDecls(KeYParserBaseVisitor.java:30)
	at de.uka.ilkd.key.nparser.KeYParser$DeclsContext.accept(KeYParser.java:500)
	at org.antlr.v4.runtime.tree.AbstractParseTreeVisitor.visitChildren(AbstractParseTreeVisitor.java:46)
	at de.uka.ilkd.key.nparser.KeYParserBaseVisitor.visitFile(KeYParserBaseVisitor.java:23)
	at de.uka.ilkd.key.nparser.KeYParser$FileContext.accept(KeYParser.java:306)
	at de.uka.ilkd.key.nparser.KeyAst.accept(KeyAst.java:41)
	at de.uka.ilkd.key.nparser.KeyAst$File.getIncludes(KeyAst.java:76)
	at de.uka.ilkd.key.proof.io.KeYFile.readIncludes(KeYFile.java:208)
	... 14 more
Could not find rule file rules/intRulesCheckedSemantics.key (file: /home/runner/work/key/key/key.core/../key.ui/examples/index/.././standard_key/java_dl/switch/empty_switch_array_out_of_bounds.key; caused by: de.uka.ilkd.key.proof.init.ProofInputException: Could not find rule file rules/intRulesCheckedSemantics.key)
	at de.uka.ilkd.key.control.AbstractUserInterfaceControl.load(AbstractUserInterfaceControl.java:221)
	at de.uka.ilkd.key.control.KeYEnvironment.load(KeYEnvironment.java:251)
	at de.uka.ilkd.key.control.KeYEnvironment.load(KeYEnvironment.java:224)
	at de.uka.ilkd.key.control.KeYEnvironment.load(KeYEnvironment.java:184)
	at de.uka.ilkd.key.control.KeYEnvironment.load(KeYEnvironment.java:261)
	at de.uka.ilkd.key.proof.runallproofs.proofcollection.TestFile.load(TestFile.java:270)
	at de.uka.ilkd.key.proof.runallproofs.proofcollection.TestFile.runKey(TestFile.java:160)
	at de.uka.ilkd.key.proof.runallproofs.proofcollection.ForkedTestFileRunner.main(ForkedTestFileRunner.java:171)
Caused by: de.uka.ilkd.key.proof.init.ProofInputException: Could not find rule file rules/intRulesCheckedSemantics.key
	at de.uka.ilkd.key.proof.io.KeYFile.readIncludes(KeYFile.java:210)
	at de.uka.ilkd.key.proof.init.ProblemInitializer.readIncludes(ProblemInitializer.java:177)
	at de.uka.ilkd.key.proof.init.ProblemInitializer.readEnvInput(ProblemInitializer.java:325)
	at de.uka.ilkd.key.proof.init.ProblemInitializer.prepare(ProblemInitializer.java:449)
	at de.uka.ilkd.key.proof.io.AbstractProblemLoader.createInitConfig(AbstractProblemLoader.java:518)
	at de.uka.ilkd.key.proof.io.AbstractProblemLoader.loadEnvironment(AbstractProblemLoader.java:288)
	at de.uka.ilkd.key.proof.io.AbstractProblemLoader.load(AbstractProblemLoader.java:252)
	at de.uka.ilkd.key.control.AbstractUserInterfaceControl.load(AbstractUserInterfaceControl.java:209)
	... 7 more
Caused by: java.lang.RuntimeException: Could not find rule file rules/intRulesCheckedSemantics.key
	at de.uka.ilkd.key.proof.io.RuleSourceFactory.fromBuiltInRule(RuleSourceFactory.java:32)
	at de.uka.ilkd.key.proof.io.RuleSourceFactory.fromDefaultLocation(RuleSourceFactory.java:21)
	at de.uka.ilkd.key.nparser.builder.IncludeFinder.addInclude(IncludeFinder.java:63)
	at de.uka.ilkd.key.nparser.builder.IncludeFinder.visitOne_include(IncludeFinder.java:43)
	at de.uka.ilkd.key.nparser.builder.IncludeFinder.visitOne_include(IncludeFinder.java:20)
	at de.uka.ilkd.key.nparser.KeYParser$One_includeContext.accept(KeYParser.java:878)
	at de.uka.ilkd.key.nparser.builder.AbstractBuilder.lambda$mapOf$0(AbstractBuilder.java:112)
	at java.base/java.util.stream.ReferencePipeline$3$1.accept(ReferencePipeline.java:195)
	at java.base/java.util.ArrayList$ArrayListSpliterator.forEachRemaining(ArrayList.java:1655)
	at java.base/java.util.stream.AbstractPipeline.copyInto(AbstractPipeline.java:484)
	at java.base/java.util.stream.AbstractPipeline.wrapAndCopyInto(AbstractPipeline.java:474)
	at java.base/java.util.stream.ReduceOps$ReduceOp.evaluateSequential(ReduceOps.java:913)
	at java.base/java.util.stream.AbstractPipeline.evaluate(AbstractPipeline.java:234)
	at java.base/java.util.stream.ReferencePipeline.collect(ReferencePipeline.java:578)
	at de.uka.ilkd.key.nparser.builder.AbstractBuilder.mapOf(AbstractBuilder.java:112)
	at de.uka.ilkd.key.nparser.builder.IncludeFinder.visitOne_include_statement(IncludeFinder.java:35)
	at de.uka.ilkd.key.nparser.builder.IncludeFinder.visitOne_include_statement(IncludeFinder.java:20)
	at de.uka.ilkd.key.nparser.KeYParser$One_include_statementContext.accept(KeYParser.java:802)
	at org.antlr.v4.runtime.tree.AbstractParseTreeVisitor.visitChildren(AbstractParseTreeVisitor.java:46)
	at de.uka.ilkd.key.nparser.KeYParserBaseVisitor.visitDecls(KeYParserBaseVisitor.java:30)
	at de.uka.ilkd.key.nparser.KeYParser$DeclsContext.accept(KeYParser.java:500)
	at org.antlr.v4.runtime.tree.AbstractParseTreeVisitor.visitChildren(AbstractParseTreeVisitor.java:46)
	at de.uka.ilkd.key.nparser.KeYParserBaseVisitor.visitFile(KeYParserBaseVisitor.java:23)
	at de.uka.ilkd.key.nparser.KeYParser$FileContext.accept(KeYParser.java:306)
	at de.uka.ilkd.key.nparser.KeyAst.accept(KeyAst.java:41)
	at de.uka.ilkd.key.nparser.KeyAst$File.getIncludes(KeyAst.java:76)
	at de.uka.ilkd.key.proof.io.KeYFile.readIncludes(KeYFile.java:208)
	... 14 more
Could not find rule file rules/intRulesCheckedSemantics.key (file: /home/runner/work/key/key/key.core/../key.ui/examples/index/.././standard_key/java_dl/switch/empty_switch_array_out_of_bounds_catch.key; caused by: de.uka.ilkd.key.proof.init.ProofInputException: Could not find rule file rules/intRulesCheckedSemantics.key)
	at de.uka.ilkd.key.control.AbstractUserInterfaceControl.load(AbstractUserInterfaceControl.java:221)
	at de.uka.ilkd.key.control.KeYEnvironment.load(KeYEnvironment.java:251)
	at de.uka.ilkd.key.control.KeYEnvironment.load(KeYEnvironment.java:224)
	at de.uka.ilkd.key.control.KeYEnvironment.load(KeYEnvironment.java:184)
	at de.uka.ilkd.key.control.KeYEnvironment.load(KeYEnvironment.java:261)
	at de.uka.ilkd.key.proof.runallproofs.proofcollection.TestFile.load(TestFile.java:270)
	at de.uka.ilkd.key.proof.runallproofs.proofcollection.TestFile.runKey(TestFile.java:160)
	at de.uka.ilkd.key.proof.runallproofs.proofcollection.ForkedTestFileRunner.main(ForkedTestFileRunner.java:171)
Caused by: de.uka.ilkd.key.proof.init.ProofInputException: Could not find rule file rules/intRulesCheckedSemantics.key
	at de.uka.ilkd.key.proof.io.KeYFile.readIncludes(KeYFile.java:210)
	at de.uka.ilkd.key.proof.init.ProblemInitializer.readIncludes(ProblemInitializer.java:177)
	at de.uka.ilkd.key.proof.init.ProblemInitializer.readEnvInput(ProblemInitializer.java:325)
	at de.uka.ilkd.key.proof.init.ProblemInitializer.prepare(ProblemInitializer.java:449)
	at de.uka.ilkd.key.proof.io.AbstractProblemLoader.createInitConfig(AbstractProblemLoader.java:518)
	at de.uka.ilkd.key.proof.io.AbstractProblemLoader.loadEnvironment(AbstractProblemLoader.java:288)
	at de.uka.ilkd.key.proof.io.AbstractProblemLoader.load(AbstractProblemLoader.java:252)
	at de.uka.ilkd.key.control.AbstractUserInterfaceControl.load(AbstractUserInterfaceControl.java:209)
	... 7 more
Caused by: java.lang.RuntimeException: Could not find rule file rules/intRulesCheckedSemantics.key
	at de.uka.ilkd.key.proof.io.RuleSourceFactory.fromBuiltInRule(RuleSourceFactory.java:32)
	at de.uka.ilkd.key.proof.io.RuleSourceFactory.fromDefaultLocation(RuleSourceFactory.java:21)
	at de.uka.ilkd.key.nparser.builder.IncludeFinder.addInclude(IncludeFinder.java:63)
	at de.uka.ilkd.key.nparser.builder.IncludeFinder.visitOne_include(IncludeFinder.java:43)
	at de.uka.ilkd.key.nparser.builder.IncludeFinder.visitOne_include(IncludeFinder.java:20)
	at de.uka.ilkd.key.nparser.KeYParser$One_includeContext.accept(KeYParser.java:878)
	at de.uka.ilkd.key.nparser.builder.AbstractBuilder.lambda$mapOf$0(AbstractBuilder.java:112)
	at java.base/java.util.stream.ReferencePipeline$3$1.accept(ReferencePipeline.java:195)
	at java.base/java.util.ArrayList$ArrayListSpliterator.forEachRemaining(ArrayList.java:1655)
	at java.base/java.util.stream.AbstractPipeline.copyInto(AbstractPipeline.java:484)
	at java.base/java.util.stream.AbstractPipeline.wrapAndCopyInto(AbstractPipeline.java:474)
	at java.base/java.util.stream.ReduceOps$ReduceOp.evaluateSequential(ReduceOps.java:913)
	at java.base/java.util.stream.AbstractPipeline.evaluate(AbstractPipeline.java:234)
	at java.base/java.util.stream.ReferencePipeline.collect(ReferencePipeline.java:578)
	at de.uka.ilkd.key.nparser.builder.AbstractBuilder.mapOf(AbstractBuilder.java:112)
	at de.uka.ilkd.key.nparser.builder.IncludeFinder.visitOne_include_statement(IncludeFinder.java:35)
	at de.uka.ilkd.key.nparser.builder.IncludeFinder.visitOne_include_statement(IncludeFinder.java:20)
	at de.uka.ilkd.key.nparser.KeYParser$One_include_statementContext.accept(KeYParser.java:802)
	at org.antlr.v4.runtime.tree.AbstractParseTreeVisitor.visitChildren(AbstractParseTreeVisitor.java:46)
	at de.uka.ilkd.key.nparser.KeYParserBaseVisitor.visitDecls(KeYParserBaseVisitor.java:30)
	at de.uka.ilkd.key.nparser.KeYParser$DeclsContext.accept(KeYParser.java:500)
	at org.antlr.v4.runtime.tree.AbstractParseTreeVisitor.visitChildren(AbstractParseTreeVisitor.java:46)
	at de.uka.ilkd.key.nparser.KeYParserBaseVisitor.visitFile(KeYParserBaseVisitor.java:23)
	at de.uka.ilkd.key.nparser.KeYParser$FileContext.accept(KeYParser.java:306)
	at de.uka.ilkd.key.nparser.KeyAst.accept(KeyAst.java:41)
	at de.uka.ilkd.key.nparser.KeyAst$File.getIncludes(KeyAst.java:76)
	at de.uka.ilkd.key.proof.io.KeYFile.readIncludes(KeYFile.java:208)
	... 14 more
Could not find rule file rules/intRulesCheckedSemantics.key (file: /home/runner/work/key/key/key.core/../key.ui/examples/index/.././standard_key/java_dl/switch/switch_in_switch.key; caused by: de.uka.ilkd.key.proof.init.ProofInputException: Could not find rule file rules/intRulesCheckedSemantics.key)
	at de.uka.ilkd.key.control.AbstractUserInterfaceControl.load(AbstractUserInterfaceControl.java:221)
	at de.uka.ilkd.key.control.KeYEnvironment.load(KeYEnvironment.java:251)
	at de.uka.ilkd.key.control.KeYEnvironment.load(KeYEnvironment.java:224)
	at de.uka.ilkd.key.control.KeYEnvironment.load(KeYEnvironment.java:184)
	at de.uka.ilkd.key.control.KeYEnvironment.load(KeYEnvironment.java:261)
	at de.uka.ilkd.key.proof.runallproofs.proofcollection.TestFile.load(TestFile.java:270)
	at de.uka.ilkd.key.proof.runallproofs.proofcollection.TestFile.runKey(TestFile.java:160)
	at de.uka.ilkd.key.proof.runallproofs.proofcollection.ForkedTestFileRunner.main(ForkedTestFileRunner.java:171)
Caused by: de.uka.ilkd.key.proof.init.ProofInputException: Could not find rule file rules/intRulesCheckedSemantics.key
	at de.uka.ilkd.key.proof.io.KeYFile.readIncludes(KeYFile.java:210)
	at de.uka.ilkd.key.proof.init.ProblemInitializer.readIncludes(ProblemInitializer.java:177)
	at de.uka.ilkd.key.proof.init.ProblemInitializer.readEnvInput(ProblemInitializer.java:325)
	at de.uka.ilkd.key.proof.init.ProblemInitializer.prepare(ProblemInitializer.java:449)
	at de.uka.ilkd.key.proof.io.AbstractProblemLoader.createInitConfig(AbstractProblemLoader.java:518)
	at de.uka.ilkd.key.proof.io.AbstractProblemLoader.loadEnvironment(AbstractProblemLoader.java:288)
	at de.uka.ilkd.key.proof.io.AbstractProblemLoader.load(AbstractProblemLoader.java:252)
	at de.uka.ilkd.key.control.AbstractUserInterfaceControl.load(AbstractUserInterfaceControl.java:209)
	... 7 more
Caused by: java.lang.RuntimeException: Could not find rule file rules/intRulesCheckedSemantics.key
	at de.uka.ilkd.key.proof.io.RuleSourceFactory.fromBuiltInRule(RuleSourceFactory.java:32)
	at de.uka.ilkd.key.proof.io.RuleSourceFactory.fromDefaultLocation(RuleSourceFactory.java:21)
	at de.uka.ilkd.key.nparser.builder.IncludeFinder.addInclude(IncludeFinder.java:63)
	at de.uka.ilkd.key.nparser.builder.IncludeFinder.visitOne_include(IncludeFinder.java:43)
	at de.uka.ilkd.key.nparser.builder.IncludeFinder.visitOne_include(IncludeFinder.java:20)
	at de.uka.ilkd.key.nparser.KeYParser$One_includeContext.accept(KeYParser.java:878)
	at de.uka.ilkd.key.nparser.builder.AbstractBuilder.lambda$mapOf$0(AbstractBuilder.java:112)
	at java.base/java.util.stream.ReferencePipeline$3$1.accept(ReferencePipeline.java:195)
	at java.base/java.util.ArrayList$ArrayListSpliterator.forEachRemaining(ArrayList.java:1655)
	at java.base/java.util.stream.AbstractPipeline.copyInto(AbstractPipeline.java:484)
	at java.base/java.util.stream.AbstractPipeline.wrapAndCopyInto(AbstractPipeline.java:474)
	at java.base/java.util.stream.ReduceOps$ReduceOp.evaluateSequential(ReduceOps.java:913)
	at java.base/java.util.stream.AbstractPipeline.evaluate(AbstractPipeline.java:234)
	at java.base/java.util.stream.ReferencePipeline.collect(ReferencePipeline.java:578)
	at de.uka.ilkd.key.nparser.builder.AbstractBuilder.mapOf(AbstractBuilder.java:112)
	at de.uka.ilkd.key.nparser.builder.IncludeFinder.visitOne_include_statement(IncludeFinder.java:35)
	at de.uka.ilkd.key.nparser.builder.IncludeFinder.visitOne_include_statement(IncludeFinder.java:20)
	at de.uka.ilkd.key.nparser.KeYParser$One_include_statementContext.accept(KeYParser.java:802)
	at org.antlr.v4.runtime.tree.AbstractParseTreeVisitor.visitChildren(AbstractParseTreeVisitor.java:46)
	at de.uka.ilkd.key.nparser.KeYParserBaseVisitor.visitDecls(KeYParserBaseVisitor.java:30)
	at de.uka.ilkd.key.nparser.KeYParser$DeclsContext.accept(KeYParser.java:500)
	at org.antlr.v4.runtime.tree.AbstractParseTreeVisitor.visitChildren(AbstractParseTreeVisitor.java:46)
	at de.uka.ilkd.key.nparser.KeYParserBaseVisitor.visitFile(KeYParserBaseVisitor.java:23)
	at de.uka.ilkd.key.nparser.KeYParser$FileContext.accept(KeYParser.java:306)
	at de.uka.ilkd.key.nparser.KeyAst.accept(KeyAst.java:41)
	at de.uka.ilkd.key.nparser.KeyAst$File.getIncludes(KeyAst.java:76)
	at de.uka.ilkd.key.proof.io.KeYFile.readIncludes(KeYFile.java:208)
	... 14 more
Could not find rule file rules/intRulesCheckedSemantics.key (file: /home/runner/work/key/key/key.core/../key.ui/examples/index/.././standard_key/java_dl/switch/while_and_switch.key; caused by: de.uka.ilkd.key.proof.init.ProofInputException: Could not find rule file rules/intRulesCheckedSemantics.key)
	at de.uka.ilkd.key.control.AbstractUserInterfaceControl.load(AbstractUserInterfaceControl.java:221)
	at de.uka.ilkd.key.control.KeYEnvironment.load(KeYEnvironment.java:251)
	at de.uka.ilkd.key.control.KeYEnvironment.load(KeYEnvironment.java:224)
	at de.uka.ilkd.key.control.KeYEnvironment.load(KeYEnvironment.java:184)
	at de.uka.ilkd.key.control.KeYEnvironment.load(KeYEnvironment.java:261)
	at de.uka.ilkd.key.proof.runallproofs.proofcollection.TestFile.load(TestFile.java:270)
	at de.uka.ilkd.key.proof.runallproofs.proofcollection.TestFile.runKey(TestFile.java:160)
	at de.uka.ilkd.key.proof.runallproofs.proofcollection.ForkedTestFileRunner.main(ForkedTestFileRunner.java:171)
Caused by: de.uka.ilkd.key.proof.init.ProofInputException: Could not find rule file rules/intRulesCheckedSemantics.key
	at de.uka.ilkd.key.proof.io.KeYFile.readIncludes(KeYFile.java:210)
	at de.uka.ilkd.key.proof.init.ProblemInitializer.readIncludes(ProblemInitializer.java:177)
	at de.uka.ilkd.key.proof.init.ProblemInitializer.readEnvInput(ProblemInitializer.java:325)
	at de.uka.ilkd.key.proof.init.ProblemInitializer.prepare(ProblemInitializer.java:449)
	at de.uka.ilkd.key.proof.io.AbstractProblemLoader.createInitConfig(AbstractProblemLoader.java:518)
	at de.uka.ilkd.key.proof.io.AbstractProblemLoader.loadEnvironment(AbstractProblemLoader.java:288)
	at de.uka.ilkd.key.proof.io.AbstractProblemLoader.load(AbstractProblemLoader.java:252)
	at de.uka.ilkd.key.control.AbstractUserInterfaceControl.load(AbstractUserInterfaceControl.java:209)
	... 7 more
Caused by: java.lang.RuntimeException: Could not find rule file rules/intRulesCheckedSemantics.key
	at de.uka.ilkd.key.proof.io.RuleSourceFactory.fromBuiltInRule(RuleSourceFactory.java:32)
	at de.uka.ilkd.key.proof.io.RuleSourceFactory.fromDefaultLocation(RuleSourceFactory.java:21)
	at de.uka.ilkd.key.nparser.builder.IncludeFinder.addInclude(IncludeFinder.java:63)
	at de.uka.ilkd.key.nparser.builder.IncludeFinder.visitOne_include(IncludeFinder.java:43)
	at de.uka.ilkd.key.nparser.builder.IncludeFinder.visitOne_include(IncludeFinder.java:20)
	at de.uka.ilkd.key.nparser.KeYParser$One_includeContext.accept(KeYParser.java:878)
	at de.uka.ilkd.key.nparser.builder.AbstractBuilder.lambda$mapOf$0(AbstractBuilder.java:112)
	at java.base/java.util.stream.ReferencePipeline$3$1.accept(ReferencePipeline.java:195)
	at java.base/java.util.ArrayList$ArrayListSpliterator.forEachRemaining(ArrayList.java:1655)
	at java.base/java.util.stream.AbstractPipeline.copyInto(AbstractPipeline.java:484)
	at java.base/java.util.stream.AbstractPipeline.wrapAndCopyInto(AbstractPipeline.java:474)
	at java.base/java.util.stream.ReduceOps$ReduceOp.evaluateSequential(ReduceOps.java:913)
	at java.base/java.util.stream.AbstractPipeline.evaluate(AbstractPipeline.java:234)
	at java.base/java.util.stream.ReferencePipeline.collect(ReferencePipeline.java:578)
	at de.uka.ilkd.key.nparser.builder.AbstractBuilder.mapOf(AbstractBuilder.java:112)
	at de.uka.ilkd.key.nparser.builder.IncludeFinder.visitOne_include_statement(IncludeFinder.java:35)
	at de.uka.ilkd.key.nparser.builder.IncludeFinder.visitOne_include_statement(IncludeFinder.java:20)
	at de.uka.ilkd.key.nparser.KeYParser$One_include_statementContext.accept(KeYParser.java:802)
	at org.antlr.v4.runtime.tree.AbstractParseTreeVisitor.visitChildren(AbstractParseTreeVisitor.java:46)
	at de.uka.ilkd.key.nparser.KeYParserBaseVisitor.visitDecls(KeYParserBaseVisitor.java:30)
	at de.uka.ilkd.key.nparser.KeYParser$DeclsContext.accept(KeYParser.java:500)
	at org.antlr.v4.runtime.tree.AbstractParseTreeVisitor.visitChildren(AbstractParseTreeVisitor.java:46)
	at de.uka.ilkd.key.nparser.KeYParserBaseVisitor.visitFile(KeYParserBaseVisitor.java:23)
	at de.uka.ilkd.key.nparser.KeYParser$FileContext.accept(KeYParser.java:306)
	at de.uka.ilkd.key.nparser.KeyAst.accept(KeyAst.java:41)
	at de.uka.ilkd.key.nparser.KeyAst$File.getIncludes(KeyAst.java:76)
	at de.uka.ilkd.key.proof.io.KeYFile.readIncludes(KeYFile.java:208)
	... 14 more
Could not find rule file rules/intRulesCheckedSemantics.key (file: /home/runner/work/key/key/key.core/../key.ui/examples/index/.././standard_key/java_dl/switch/large_switch.key; caused by: de.uka.ilkd.key.proof.init.ProofInputException: Could not find rule file rules/intRulesCheckedSemantics.key)
	at de.uka.ilkd.key.control.AbstractUserInterfaceControl.load(AbstractUserInterfaceControl.java:221)
	at de.uka.ilkd.key.control.KeYEnvironment.load(KeYEnvironment.java:251)
	at de.uka.ilkd.key.control.KeYEnvironment.load(KeYEnvironment.java:224)
	at de.uka.ilkd.key.control.KeYEnvironment.load(KeYEnvironment.java:184)
	at de.uka.ilkd.key.control.KeYEnvironment.load(KeYEnvironment.java:261)
	at de.uka.ilkd.key.proof.runallproofs.proofcollection.TestFile.load(TestFile.java:270)
	at de.uka.ilkd.key.proof.runallproofs.proofcollection.TestFile.runKey(TestFile.java:160)
	at de.uka.ilkd.key.proof.runallproofs.proofcollection.ForkedTestFileRunner.main(ForkedTestFileRunner.java:171)
Caused by: de.uka.ilkd.key.proof.init.ProofInputException: Could not find rule file rules/intRulesCheckedSemantics.key
	at de.uka.ilkd.key.proof.io.KeYFile.readIncludes(KeYFile.java:210)
	at de.uka.ilkd.key.proof.init.ProblemInitializer.readIncludes(ProblemInitializer.java:177)
	at de.uka.ilkd.key.proof.init.ProblemInitializer.readEnvInput(ProblemInitializer.java:325)
	at de.uka.ilkd.key.proof.init.ProblemInitializer.prepare(ProblemInitializer.java:449)
	at de.uka.ilkd.key.proof.io.AbstractProblemLoader.createInitConfig(AbstractProblemLoader.java:518)
	at de.uka.ilkd.key.proof.io.AbstractProblemLoader.loadEnvironment(AbstractProblemLoader.java:288)
	at de.uka.ilkd.key.proof.io.AbstractProblemLoader.load(AbstractProblemLoader.java:252)
	at de.uka.ilkd.key.control.AbstractUserInterfaceControl.load(AbstractUserInterfaceControl.java:209)
	... 7 more
Caused by: java.lang.RuntimeException: Could not find rule file rules/intRulesCheckedSemantics.key
	at de.uka.ilkd.key.proof.io.RuleSourceFactory.fromBuiltInRule(RuleSourceFactory.java:32)
	at de.uka.ilkd.key.proof.io.RuleSourceFactory.fromDefaultLocation(RuleSourceFactory.java:21)
	at de.uka.ilkd.key.nparser.builder.IncludeFinder.addInclude(IncludeFinder.java:63)
	at de.uka.ilkd.key.nparser.builder.IncludeFinder.visitOne_include(IncludeFinder.java:43)
	at de.uka.ilkd.key.nparser.builder.IncludeFinder.visitOne_include(IncludeFinder.java:20)
	at de.uka.ilkd.key.nparser.KeYParser$One_includeContext.accept(KeYParser.java:878)
	at de.uka.ilkd.key.nparser.builder.AbstractBuilder.lambda$mapOf$0(AbstractBuilder.java:112)
	at java.base/java.util.stream.ReferencePipeline$3$1.accept(ReferencePipeline.java:195)
	at java.base/java.util.ArrayList$ArrayListSpliterator.forEachRemaining(ArrayList.java:1655)
	at java.base/java.util.stream.AbstractPipeline.copyInto(AbstractPipeline.java:484)
	at java.base/java.util.stream.AbstractPipeline.wrapAndCopyInto(AbstractPipeline.java:474)
	at java.base/java.util.stream.ReduceOps$ReduceOp.evaluateSequential(ReduceOps.java:913)
	at java.base/java.util.stream.AbstractPipeline.evaluate(AbstractPipeline.java:234)
	at java.base/java.util.stream.ReferencePipeline.collect(ReferencePipeline.java:578)
	at de.uka.ilkd.key.nparser.builder.AbstractBuilder.mapOf(AbstractBuilder.java:112)
	at de.uka.ilkd.key.nparser.builder.IncludeFinder.visitOne_include_statement(IncludeFinder.java:35)
	at de.uka.ilkd.key.nparser.builder.IncludeFinder.visitOne_include_statement(IncludeFinder.java:20)
	at de.uka.ilkd.key.nparser.KeYParser$One_include_statementContext.accept(KeYParser.java:802)
	at org.antlr.v4.runtime.tree.AbstractParseTreeVisitor.visitChildren(AbstractParseTreeVisitor.java:46)
	at de.uka.ilkd.key.nparser.KeYParserBaseVisitor.visitDecls(KeYParserBaseVisitor.java:30)
	at de.uka.ilkd.key.nparser.KeYParser$DeclsContext.accept(KeYParser.java:500)
	at org.antlr.v4.runtime.tree.AbstractParseTreeVisitor.visitChildren(AbstractParseTreeVisitor.java:46)
	at de.uka.ilkd.key.nparser.KeYParserBaseVisitor.visitFile(KeYParserBaseVisitor.java:23)
	at de.uka.ilkd.key.nparser.KeYParser$FileContext.accept(KeYParser.java:306)
	at de.uka.ilkd.key.nparser.KeyAst.accept(KeyAst.java:41)
	at de.uka.ilkd.key.nparser.KeyAst$File.getIncludes(KeyAst.java:76)
	at de.uka.ilkd.key.proof.io.KeYFile.readIncludes(KeYFile.java:208)
	... 14 more
Exception in thread "main" org.opentest4j.AssertionFailedError: Exception during the execution of proofs. See log for more details.
	at org.junit.jupiter.api.AssertionUtils.fail(AssertionUtils.java:39)
	at org.junit.jupiter.api.Assertions.fail(Assertions.java:134)
	at de.uka.ilkd.key.proof.runallproofs.proofcollection.ForkedTestFileRunner.main(ForkedTestFileRunner.java:192)
Timeout watcher launched (2000 secs.)
Could not find rule file rules/intRulesCheckedSemantics.key (file: /home/runner/work/key/key/key.core/../key.ui/examples/index/.././redux/arrays/Arrays.copyOf.key; caused by: de.uka.ilkd.key.proof.init.ProofInputException: Could not find rule file rules/intRulesCheckedSemantics.key)
	at de.uka.ilkd.key.control.AbstractUserInterfaceControl.load(AbstractUserInterfaceControl.java:221)
	at de.uka.ilkd.key.control.KeYEnvironment.load(KeYEnvironment.java:251)
	at de.uka.ilkd.key.control.KeYEnvironment.load(KeYEnvironment.java:224)
	at de.uka.ilkd.key.control.KeYEnvironment.load(KeYEnvironment.java:184)
	at de.uka.ilkd.key.control.KeYEnvironment.load(KeYEnvironment.java:261)
	at de.uka.ilkd.key.proof.runallproofs.proofcollection.TestFile.load(TestFile.java:270)
	at de.uka.ilkd.key.proof.runallproofs.proofcollection.TestFile.runKey(TestFile.java:160)
	at de.uka.ilkd.key.proof.runallproofs.proofcollection.ForkedTestFileRunner.main(ForkedTestFileRunner.java:171)
Caused by: de.uka.ilkd.key.proof.init.ProofInputException: Could not find rule file rules/intRulesCheckedSemantics.key
	at de.uka.ilkd.key.proof.io.KeYFile.readIncludes(KeYFile.java:210)
	at de.uka.ilkd.key.proof.init.ProblemInitializer.readIncludes(ProblemInitializer.java:177)
	at de.uka.ilkd.key.proof.init.ProblemInitializer.readEnvInput(ProblemInitializer.java:325)
	at de.uka.ilkd.key.proof.init.ProblemInitializer.prepare(ProblemInitializer.java:449)
	at de.uka.ilkd.key.proof.io.AbstractProblemLoader.createInitConfig(AbstractProblemLoader.java:518)
	at de.uka.ilkd.key.proof.io.AbstractProblemLoader.loadEnvironment(AbstractProblemLoader.java:288)
	at de.uka.ilkd.key.proof.io.AbstractProblemLoader.load(AbstractProblemLoader.java:252)
	at de.uka.ilkd.key.control.AbstractUserInterfaceControl.load(AbstractUserInterfaceControl.java:209)
	... 7 more
Caused by: java.lang.RuntimeException: Could not find rule file rules/intRulesCheckedSemantics.key
	at de.uka.ilkd.key.proof.io.RuleSourceFactory.fromBuiltInRule(RuleSourceFactory.java:32)
	at de.uka.ilkd.key.proof.io.RuleSourceFactory.fromDefaultLocation(RuleSourceFactory.java:21)
	at de.uka.ilkd.key.nparser.builder.IncludeFinder.addInclude(IncludeFinder.java:63)
	at de.uka.ilkd.key.nparser.builder.IncludeFinder.visitOne_include(IncludeFinder.java:43)
	at de.uka.ilkd.key.nparser.builder.IncludeFinder.visitOne_include(IncludeFinder.java:20)
	at de.uka.ilkd.key.nparser.KeYParser$One_includeContext.accept(KeYParser.java:878)
	at de.uka.ilkd.key.nparser.builder.AbstractBuilder.lambda$mapOf$0(AbstractBuilder.java:112)
	at java.base/java.util.stream.ReferencePipeline$3$1.accept(ReferencePipeline.java:195)
	at java.base/java.util.ArrayList$ArrayListSpliterator.forEachRemaining(ArrayList.java:1655)
	at java.base/java.util.stream.AbstractPipeline.copyInto(AbstractPipeline.java:484)
	at java.base/java.util.stream.AbstractPipeline.wrapAndCopyInto(AbstractPipeline.java:474)
	at java.base/java.util.stream.ReduceOps$ReduceOp.evaluateSequential(ReduceOps.java:913)
	at java.base/java.util.stream.AbstractPipeline.evaluate(AbstractPipeline.java:234)
	at java.base/java.util.stream.ReferencePipeline.collect(ReferencePipeline.java:578)
	at de.uka.ilkd.key.nparser.builder.AbstractBuilder.mapOf(AbstractBuilder.java:112)
	at de.uka.ilkd.key.nparser.builder.IncludeFinder.visitOne_include_statement(IncludeFinder.java:35)
	at de.uka.ilkd.key.nparser.builder.IncludeFinder.visitOne_include_statement(IncludeFinder.java:20)
	at de.uka.ilkd.key.nparser.KeYParser$One_include_statementContext.accept(KeYParser.java:802)
	at org.antlr.v4.runtime.tree.AbstractParseTreeVisitor.visitChildren(AbstractParseTreeVisitor.java:46)
	at de.uka.ilkd.key.nparser.KeYParserBaseVisitor.visitDecls(KeYParserBaseVisitor.java:30)
	at de.uka.ilkd.key.nparser.KeYParser$DeclsContext.accept(KeYParser.java:500)
	at org.antlr.v4.runtime.tree.AbstractParseTreeVisitor.visitChildren(AbstractParseTreeVisitor.java:46)
	at de.uka.ilkd.key.nparser.KeYParserBaseVisitor.visitFile(KeYParserBaseVisitor.java:23)
	at de.uka.ilkd.key.nparser.KeYParser$FileContext.accept(KeYParser.java:306)
	at de.uka.ilkd.key.nparser.KeyAst.accept(KeyAst.java:41)
	at de.uka.ilkd.key.nparser.KeyAst$File.getIncludes(KeyAst.java:76)
	at de.uka.ilkd.key.proof.io.KeYFile.readIncludes(KeYFile.java:208)
	... 14 more
Could not find rule file rules/intRulesCheckedSemantics.key (file: /home/runner/work/key/key/key.core/../key.ui/examples/index/.././redux/arrays/Arrays.copyOf.float.key; caused by: de.uka.ilkd.key.proof.init.ProofInputException: Could not find rule file rules/intRulesCheckedSemantics.key)
	at de.uka.ilkd.key.control.AbstractUserInterfaceControl.load(AbstractUserInterfaceControl.java:221)
	at de.uka.ilkd.key.control.KeYEnvironment.load(KeYEnvironment.java:251)
	at de.uka.ilkd.key.control.KeYEnvironment.load(KeYEnvironment.java:224)
	at de.uka.ilkd.key.control.KeYEnvironment.load(KeYEnvironment.java:184)
	at de.uka.ilkd.key.control.KeYEnvironment.load(KeYEnvironment.java:261)
	at de.uka.ilkd.key.proof.runallproofs.proofcollection.TestFile.load(TestFile.java:270)
	at de.uka.ilkd.key.proof.runallproofs.proofcollection.TestFile.runKey(TestFile.java:160)
	at de.uka.ilkd.key.proof.runallproofs.proofcollection.ForkedTestFileRunner.main(ForkedTestFileRunner.java:171)
Caused by: de.uka.ilkd.key.proof.init.ProofInputException: Could not find rule file rules/intRulesCheckedSemantics.key
	at de.uka.ilkd.key.proof.io.KeYFile.readIncludes(KeYFile.java:210)
	at de.uka.ilkd.key.proof.init.ProblemInitializer.readIncludes(ProblemInitializer.java:177)
	at de.uka.ilkd.key.proof.init.ProblemInitializer.readEnvInput(ProblemInitializer.java:325)
	at de.uka.ilkd.key.proof.init.ProblemInitializer.prepare(ProblemInitializer.java:449)
	at de.uka.ilkd.key.proof.io.AbstractProblemLoader.createInitConfig(AbstractProblemLoader.java:518)
	at de.uka.ilkd.key.proof.io.AbstractProblemLoader.loadEnvironment(AbstractProblemLoader.java:288)
	at de.uka.ilkd.key.proof.io.AbstractProblemLoader.load(AbstractProblemLoader.java:252)
	at de.uka.ilkd.key.control.AbstractUserInterfaceControl.load(AbstractUserInterfaceControl.java:209)
	... 7 more
Caused by: java.lang.RuntimeException: Could not find rule file rules/intRulesCheckedSemantics.key
	at de.uka.ilkd.key.proof.io.RuleSourceFactory.fromBuiltInRule(RuleSourceFactory.java:32)
	at de.uka.ilkd.key.proof.io.RuleSourceFactory.fromDefaultLocation(RuleSourceFactory.java:21)
	at de.uka.ilkd.key.nparser.builder.IncludeFinder.addInclude(IncludeFinder.java:63)
	at de.uka.ilkd.key.nparser.builder.IncludeFinder.visitOne_include(IncludeFinder.java:43)
	at de.uka.ilkd.key.nparser.builder.IncludeFinder.visitOne_include(IncludeFinder.java:20)
	at de.uka.ilkd.key.nparser.KeYParser$One_includeContext.accept(KeYParser.java:878)
	at de.uka.ilkd.key.nparser.builder.AbstractBuilder.lambda$mapOf$0(AbstractBuilder.java:112)
	at java.base/java.util.stream.ReferencePipeline$3$1.accept(ReferencePipeline.java:195)
	at java.base/java.util.ArrayList$ArrayListSpliterator.forEachRemaining(ArrayList.java:1655)
	at java.base/java.util.stream.AbstractPipeline.copyInto(AbstractPipeline.java:484)
	at java.base/java.util.stream.AbstractPipeline.wrapAndCopyInto(AbstractPipeline.java:474)
	at java.base/java.util.stream.ReduceOps$ReduceOp.evaluateSequential(ReduceOps.java:913)
	at java.base/java.util.stream.AbstractPipeline.evaluate(AbstractPipeline.java:234)
	at java.base/java.util.stream.ReferencePipeline.collect(ReferencePipeline.java:578)
	at de.uka.ilkd.key.nparser.builder.AbstractBuilder.mapOf(AbstractBuilder.java:112)
	at de.uka.ilkd.key.nparser.builder.IncludeFinder.visitOne_include_statement(IncludeFinder.java:35)
	at de.uka.ilkd.key.nparser.builder.IncludeFinder.visitOne_include_statement(IncludeFinder.java:20)
	at de.uka.ilkd.key.nparser.KeYParser$One_include_statementContext.accept(KeYParser.java:802)
	at org.antlr.v4.runtime.tree.AbstractParseTreeVisitor.visitChildren(AbstractParseTreeVisitor.java:46)
	at de.uka.ilkd.key.nparser.KeYParserBaseVisitor.visitDecls(KeYParserBaseVisitor.java:30)
	at de.uka.ilkd.key.nparser.KeYParser$DeclsContext.accept(KeYParser.java:500)
	at org.antlr.v4.runtime.tree.AbstractParseTreeVisitor.visitChildren(AbstractParseTreeVisitor.java:46)
	at de.uka.ilkd.key.nparser.KeYParserBaseVisitor.visitFile(KeYParserBaseVisitor.java:23)
	at de.uka.ilkd.key.nparser.KeYParser$FileContext.accept(KeYParser.java:306)
	at de.uka.ilkd.key.nparser.KeyAst.accept(KeyAst.java:41)
	at de.uka.ilkd.key.nparser.KeyAst$File.getIncludes(KeyAst.java:76)
	at de.uka.ilkd.key.proof.io.KeYFile.readIncludes(KeYFile.java:208)
	... 14 more
Could not find rule file rules/intRulesCheckedSemantics.key (file: /home/runner/work/key/key/key.core/../key.ui/examples/index/.././redux/arrays/Arrays.copyOfRange.key; caused by: de.uka.ilkd.key.proof.init.ProofInputException: Could not find rule file rules/intRulesCheckedSemantics.key)
	at de.uka.ilkd.key.control.AbstractUserInterfaceControl.load(AbstractUserInterfaceControl.java:221)
	at de.uka.ilkd.key.control.KeYEnvironment.load(KeYEnvironment.java:251)
	at de.uka.ilkd.key.control.KeYEnvironment.load(KeYEnvironment.java:224)
	at de.uka.ilkd.key.control.KeYEnvironment.load(KeYEnvironment.java:184)
	at de.uka.ilkd.key.control.KeYEnvironment.load(KeYEnvironment.java:261)
	at de.uka.ilkd.key.proof.runallproofs.proofcollection.TestFile.load(TestFile.java:270)
	at de.uka.ilkd.key.proof.runallproofs.proofcollection.TestFile.runKey(TestFile.java:160)
	at de.uka.ilkd.key.proof.runallproofs.proofcollection.ForkedTestFileRunner.main(ForkedTestFileRunner.java:171)
Caused by: de.uka.ilkd.key.proof.init.ProofInputException: Could not find rule file rules/intRulesCheckedSemantics.key
	at de.uka.ilkd.key.proof.io.KeYFile.readIncludes(KeYFile.java:210)
	at de.uka.ilkd.key.proof.init.ProblemInitializer.readIncludes(ProblemInitializer.java:177)
	at de.uka.ilkd.key.proof.init.ProblemInitializer.readEnvInput(ProblemInitializer.java:325)
	at de.uka.ilkd.key.proof.init.ProblemInitializer.prepare(ProblemInitializer.java:449)
	at de.uka.ilkd.key.proof.io.AbstractProblemLoader.createInitConfig(AbstractProblemLoader.java:518)
	at de.uka.ilkd.key.proof.io.AbstractProblemLoader.loadEnvironment(AbstractProblemLoader.java:288)
	at de.uka.ilkd.key.proof.io.AbstractProblemLoader.load(AbstractProblemLoader.java:252)
	at de.uka.ilkd.key.control.AbstractUserInterfaceControl.load(AbstractUserInterfaceControl.java:209)
	... 7 more
Caused by: java.lang.RuntimeException: Could not find rule file rules/intRulesCheckedSemantics.key
	at de.uka.ilkd.key.proof.io.RuleSourceFactory.fromBuiltInRule(RuleSourceFactory.java:32)
	at de.uka.ilkd.key.proof.io.RuleSourceFactory.fromDefaultLocation(RuleSourceFactory.java:21)
	at de.uka.ilkd.key.nparser.builder.IncludeFinder.addInclude(IncludeFinder.java:63)
	at de.uka.ilkd.key.nparser.builder.IncludeFinder.visitOne_include(IncludeFinder.java:43)
	at de.uka.ilkd.key.nparser.builder.IncludeFinder.visitOne_include(IncludeFinder.java:20)
	at de.uka.ilkd.key.nparser.KeYParser$One_includeContext.accept(KeYParser.java:878)
	at de.uka.ilkd.key.nparser.builder.AbstractBuilder.lambda$mapOf$0(AbstractBuilder.java:112)
	at java.base/java.util.stream.ReferencePipeline$3$1.accept(ReferencePipeline.java:195)
	at java.base/java.util.ArrayList$ArrayListSpliterator.forEachRemaining(ArrayList.java:1655)
	at java.base/java.util.stream.AbstractPipeline.copyInto(AbstractPipeline.java:484)
	at java.base/java.util.stream.AbstractPipeline.wrapAndCopyInto(AbstractPipeline.java:474)
	at java.base/java.util.stream.ReduceOps$ReduceOp.evaluateSequential(ReduceOps.java:913)
	at java.base/java.util.stream.AbstractPipeline.evaluate(AbstractPipeline.java:234)
	at java.base/java.util.stream.ReferencePipeline.collect(ReferencePipeline.java:578)
	at de.uka.ilkd.key.nparser.builder.AbstractBuilder.mapOf(AbstractBuilder.java:112)
	at de.uka.ilkd.key.nparser.builder.IncludeFinder.visitOne_include_statement(IncludeFinder.java:35)
	at de.uka.ilkd.key.nparser.builder.IncludeFinder.visitOne_include_statement(IncludeFinder.java:20)
	at de.uka.ilkd.key.nparser.KeYParser$One_include_statementContext.accept(KeYParser.java:802)
	at org.antlr.v4.runtime.tree.AbstractParseTreeVisitor.visitChildren(AbstractParseTreeVisitor.java:46)
	at de.uka.ilkd.key.nparser.KeYParserBaseVisitor.visitDecls(KeYParserBaseVisitor.java:30)
	at de.uka.ilkd.key.nparser.KeYParser$DeclsContext.accept(KeYParser.java:500)
	at org.antlr.v4.runtime.tree.AbstractParseTreeVisitor.visitChildren(AbstractParseTreeVisitor.java:46)
	at de.uka.ilkd.key.nparser.KeYParserBaseVisitor.visitFile(KeYParserBaseVisitor.java:23)
	at de.uka.ilkd.key.nparser.KeYParser$FileContext.accept(KeYParser.java:306)
	at de.uka.ilkd.key.nparser.KeyAst.accept(KeyAst.java:41)
	at de.uka.ilkd.key.nparser.KeyAst$File.getIncludes(KeyAst.java:76)
	at de.uka.ilkd.key.proof.io.KeYFile.readIncludes(KeYFile.java:208)
	... 14 more
Could not find rule file rules/intRulesCheckedSemantics.key (file: /home/runner/work/key/key/key.core/../key.ui/examples/index/.././redux/arrays/Arrays.copyOfRange.float.key; caused by: de.uka.ilkd.key.proof.init.ProofInputException: Could not find rule file rules/intRulesCheckedSemantics.key)
	at de.uka.ilkd.key.control.AbstractUserInterfaceControl.load(AbstractUserInterfaceControl.java:221)
	at de.uka.ilkd.key.control.KeYEnvironment.load(KeYEnvironment.java:251)
	at de.uka.ilkd.key.control.KeYEnvironment.load(KeYEnvironment.java:224)
	at de.uka.ilkd.key.control.KeYEnvironment.load(KeYEnvironment.java:184)
	at de.uka.ilkd.key.control.KeYEnvironment.load(KeYEnvironment.java:261)
	at de.uka.ilkd.key.proof.runallproofs.proofcollection.TestFile.load(TestFile.java:270)
	at de.uka.ilkd.key.proof.runallproofs.proofcollection.TestFile.runKey(TestFile.java:160)
	at de.uka.ilkd.key.proof.runallproofs.proofcollection.ForkedTestFileRunner.main(ForkedTestFileRunner.java:171)
Caused by: de.uka.ilkd.key.proof.init.ProofInputException: Could not find rule file rules/intRulesCheckedSemantics.key
	at de.uka.ilkd.key.proof.io.KeYFile.readIncludes(KeYFile.java:210)
	at de.uka.ilkd.key.proof.init.ProblemInitializer.readIncludes(ProblemInitializer.java:177)
	at de.uka.ilkd.key.proof.init.ProblemInitializer.readEnvInput(ProblemInitializer.java:325)
	at de.uka.ilkd.key.proof.init.ProblemInitializer.prepare(ProblemInitializer.java:449)
	at de.uka.ilkd.key.proof.io.AbstractProblemLoader.createInitConfig(AbstractProblemLoader.java:518)
	at de.uka.ilkd.key.proof.io.AbstractProblemLoader.loadEnvironment(AbstractProblemLoader.java:288)
	at de.uka.ilkd.key.proof.io.AbstractProblemLoader.load(AbstractProblemLoader.java:252)
	at de.uka.ilkd.key.control.AbstractUserInterfaceControl.load(AbstractUserInterfaceControl.java:209)
	... 7 more
Caused by: java.lang.RuntimeException: Could not find rule file rules/intRulesCheckedSemantics.key
	at de.uka.ilkd.key.proof.io.RuleSourceFactory.fromBuiltInRule(RuleSourceFactory.java:32)
	at de.uka.ilkd.key.proof.io.RuleSourceFactory.fromDefaultLocation(RuleSourceFactory.java:21)
	at de.uka.ilkd.key.nparser.builder.IncludeFinder.addInclude(IncludeFinder.java:63)
	at de.uka.ilkd.key.nparser.builder.IncludeFinder.visitOne_include(IncludeFinder.java:43)
	at de.uka.ilkd.key.nparser.builder.IncludeFinder.visitOne_include(IncludeFinder.java:20)
	at de.uka.ilkd.key.nparser.KeYParser$One_includeContext.accept(KeYParser.java:878)
	at de.uka.ilkd.key.nparser.builder.AbstractBuilder.lambda$mapOf$0(AbstractBuilder.java:112)
	at java.base/java.util.stream.ReferencePipeline$3$1.accept(ReferencePipeline.java:195)
	at java.base/java.util.ArrayList$ArrayListSpliterator.forEachRemaining(ArrayList.java:1655)
	at java.base/java.util.stream.AbstractPipeline.copyInto(AbstractPipeline.java:484)
	at java.base/java.util.stream.AbstractPipeline.wrapAndCopyInto(AbstractPipeline.java:474)
	at java.base/java.util.stream.ReduceOps$ReduceOp.evaluateSequential(ReduceOps.java:913)
	at java.base/java.util.stream.AbstractPipeline.evaluate(AbstractPipeline.java:234)
	at java.base/java.util.stream.ReferencePipeline.collect(ReferencePipeline.java:578)
	at de.uka.ilkd.key.nparser.builder.AbstractBuilder.mapOf(AbstractBuilder.java:112)
	at de.uka.ilkd.key.nparser.builder.IncludeFinder.visitOne_include_statement(IncludeFinder.java:35)
	at de.uka.ilkd.key.nparser.builder.IncludeFinder.visitOne_include_statement(IncludeFinder.java:20)
	at de.uka.ilkd.key.nparser.KeYParser$One_include_statementContext.accept(KeYParser.java:802)
	at org.antlr.v4.runtime.tree.AbstractParseTreeVisitor.visitChildren(AbstractParseTreeVisitor.java:46)
	at de.uka.ilkd.key.nparser.KeYParserBaseVisitor.visitDecls(KeYParserBaseVisitor.java:30)
	at de.uka.ilkd.key.nparser.KeYParser$DeclsContext.accept(KeYParser.java:500)
	at org.antlr.v4.runtime.tree.AbstractParseTreeVisitor.visitChildren(AbstractParseTreeVisitor.java:46)
	at de.uka.ilkd.key.nparser.KeYParserBaseVisitor.visitFile(KeYParserBaseVisitor.java:23)
	at de.uka.ilkd.key.nparser.KeYParser$FileContext.accept(KeYParser.java:306)
	at de.uka.ilkd.key.nparser.KeyAst.accept(KeyAst.java:41)
	at de.uka.ilkd.key.nparser.KeyAst$File.getIncludes(KeyAst.java:76)
	at de.uka.ilkd.key.proof.io.KeYFile.readIncludes(KeYFile.java:208)
	... 14 more
Could not find rule file rules/intRulesCheckedSemantics.key (file: /home/runner/work/key/key/key.core/../key.ui/examples/index/.././redux/arrays/Arrays.equals.key; caused by: de.uka.ilkd.key.proof.init.ProofInputException: Could not find rule file rules/intRulesCheckedSemantics.key)
	at de.uka.ilkd.key.control.AbstractUserInterfaceControl.load(AbstractUserInterfaceControl.java:221)
	at de.uka.ilkd.key.control.KeYEnvironment.load(KeYEnvironment.java:251)
	at de.uka.ilkd.key.control.KeYEnvironment.load(KeYEnvironment.java:224)
	at de.uka.ilkd.key.control.KeYEnvironment.load(KeYEnvironment.java:184)
	at de.uka.ilkd.key.control.KeYEnvironment.load(KeYEnvironment.java:261)
	at de.uka.ilkd.key.proof.runallproofs.proofcollection.TestFile.load(TestFile.java:270)
	at de.uka.ilkd.key.proof.runallproofs.proofcollection.TestFile.runKey(TestFile.java:160)
	at de.uka.ilkd.key.proof.runallproofs.proofcollection.ForkedTestFileRunner.main(ForkedTestFileRunner.java:171)
Caused by: de.uka.ilkd.key.proof.init.ProofInputException: Could not find rule file rules/intRulesCheckedSemantics.key
	at de.uka.ilkd.key.proof.io.KeYFile.readIncludes(KeYFile.java:210)
	at de.uka.ilkd.key.proof.init.ProblemInitializer.readIncludes(ProblemInitializer.java:177)
	at de.uka.ilkd.key.proof.init.ProblemInitializer.readEnvInput(ProblemInitializer.java:325)
	at de.uka.ilkd.key.proof.init.ProblemInitializer.prepare(ProblemInitializer.java:449)
	at de.uka.ilkd.key.proof.io.AbstractProblemLoader.createInitConfig(AbstractProblemLoader.java:518)
	at de.uka.ilkd.key.proof.io.AbstractProblemLoader.loadEnvironment(AbstractProblemLoader.java:288)
	at de.uka.ilkd.key.proof.io.AbstractProblemLoader.load(AbstractProblemLoader.java:252)
	at de.uka.ilkd.key.control.AbstractUserInterfaceControl.load(AbstractUserInterfaceControl.java:209)
	... 7 more
Caused by: java.lang.RuntimeException: Could not find rule file rules/intRulesCheckedSemantics.key
	at de.uka.ilkd.key.proof.io.RuleSourceFactory.fromBuiltInRule(RuleSourceFactory.java:32)
	at de.uka.ilkd.key.proof.io.RuleSourceFactory.fromDefaultLocation(RuleSourceFactory.java:21)
	at de.uka.ilkd.key.nparser.builder.IncludeFinder.addInclude(IncludeFinder.java:63)
	at de.uka.ilkd.key.nparser.builder.IncludeFinder.visitOne_include(IncludeFinder.java:43)
	at de.uka.ilkd.key.nparser.builder.IncludeFinder.visitOne_include(IncludeFinder.java:20)
	at de.uka.ilkd.key.nparser.KeYParser$One_includeContext.accept(KeYParser.java:878)
	at de.uka.ilkd.key.nparser.builder.AbstractBuilder.lambda$mapOf$0(AbstractBuilder.java:112)
	at java.base/java.util.stream.ReferencePipeline$3$1.accept(ReferencePipeline.java:195)
	at java.base/java.util.ArrayList$ArrayListSpliterator.forEachRemaining(ArrayList.java:1655)
	at java.base/java.util.stream.AbstractPipeline.copyInto(AbstractPipeline.java:484)
	at java.base/java.util.stream.AbstractPipeline.wrapAndCopyInto(AbstractPipeline.java:474)
	at java.base/java.util.stream.ReduceOps$ReduceOp.evaluateSequential(ReduceOps.java:913)
	at java.base/java.util.stream.AbstractPipeline.evaluate(AbstractPipeline.java:234)
	at java.base/java.util.stream.ReferencePipeline.collect(ReferencePipeline.java:578)
	at de.uka.ilkd.key.nparser.builder.AbstractBuilder.mapOf(AbstractBuilder.java:112)
	at de.uka.ilkd.key.nparser.builder.IncludeFinder.visitOne_include_statement(IncludeFinder.java:35)
	at de.uka.ilkd.key.nparser.builder.IncludeFinder.visitOne_include_statement(IncludeFinder.java:20)
	at de.uka.ilkd.key.nparser.KeYParser$One_include_statementContext.accept(KeYParser.java:802)
	at org.antlr.v4.runtime.tree.AbstractParseTreeVisitor.visitChildren(AbstractParseTreeVisitor.java:46)
	at de.uka.ilkd.key.nparser.KeYParserBaseVisitor.visitDecls(KeYParserBaseVisitor.java:30)
	at de.uka.ilkd.key.nparser.KeYParser$DeclsContext.accept(KeYParser.java:500)
	at org.antlr.v4.runtime.tree.AbstractParseTreeVisitor.visitChildren(AbstractParseTreeVisitor.java:46)
	at de.uka.ilkd.key.nparser.KeYParserBaseVisitor.visitFile(KeYParserBaseVisitor.java:23)
	at de.uka.ilkd.key.nparser.KeYParser$FileContext.accept(KeYParser.java:306)
	at de.uka.ilkd.key.nparser.KeyAst.accept(KeyAst.java:41)
	at de.uka.ilkd.key.nparser.KeyAst$File.getIncludes(KeyAst.java:76)
	at de.uka.ilkd.key.proof.io.KeYFile.readIncludes(KeYFile.java:208)
	... 14 more
Could not find rule file rules/intRulesCheckedSemantics.key (file: /home/runner/work/key/key/key.core/../key.ui/examples/index/.././redux/arrays/Arrays.fill.key; caused by: de.uka.ilkd.key.proof.init.ProofInputException: Could not find rule file rules/intRulesCheckedSemantics.key)
	at de.uka.ilkd.key.control.AbstractUserInterfaceControl.load(AbstractUserInterfaceControl.java:221)
	at de.uka.ilkd.key.control.KeYEnvironment.load(KeYEnvironment.java:251)
	at de.uka.ilkd.key.control.KeYEnvironment.load(KeYEnvironment.java:224)
	at de.uka.ilkd.key.control.KeYEnvironment.load(KeYEnvironment.java:184)
	at de.uka.ilkd.key.control.KeYEnvironment.load(KeYEnvironment.java:261)
	at de.uka.ilkd.key.proof.runallproofs.proofcollection.TestFile.load(TestFile.java:270)
	at de.uka.ilkd.key.proof.runallproofs.proofcollection.TestFile.runKey(TestFile.java:160)
	at de.uka.ilkd.key.proof.runallproofs.proofcollection.ForkedTestFileRunner.main(ForkedTestFileRunner.java:171)
Caused by: de.uka.ilkd.key.proof.init.ProofInputException: Could not find rule file rules/intRulesCheckedSemantics.key
	at de.uka.ilkd.key.proof.io.KeYFile.readIncludes(KeYFile.java:210)
	at de.uka.ilkd.key.proof.init.ProblemInitializer.readIncludes(ProblemInitializer.java:177)
	at de.uka.ilkd.key.proof.init.ProblemInitializer.readEnvInput(ProblemInitializer.java:325)
	at de.uka.ilkd.key.proof.init.ProblemInitializer.prepare(ProblemInitializer.java:449)
	at de.uka.ilkd.key.proof.io.AbstractProblemLoader.createInitConfig(AbstractProblemLoader.java:518)
	at de.uka.ilkd.key.proof.io.AbstractProblemLoader.loadEnvironment(AbstractProblemLoader.java:288)
	at de.uka.ilkd.key.proof.io.AbstractProblemLoader.load(AbstractProblemLoader.java:252)
	at de.uka.ilkd.key.control.AbstractUserInterfaceControl.load(AbstractUserInterfaceControl.java:209)
	... 7 more
Caused by: java.lang.RuntimeException: Could not find rule file rules/intRulesCheckedSemantics.key
	at de.uka.ilkd.key.proof.io.RuleSourceFactory.fromBuiltInRule(RuleSourceFactory.java:32)
	at de.uka.ilkd.key.proof.io.RuleSourceFactory.fromDefaultLocation(RuleSourceFactory.java:21)
	at de.uka.ilkd.key.nparser.builder.IncludeFinder.addInclude(IncludeFinder.java:63)
	at de.uka.ilkd.key.nparser.builder.IncludeFinder.visitOne_include(IncludeFinder.java:43)
	at de.uka.ilkd.key.nparser.builder.IncludeFinder.visitOne_include(IncludeFinder.java:20)
	at de.uka.ilkd.key.nparser.KeYParser$One_includeContext.accept(KeYParser.java:878)
	at de.uka.ilkd.key.nparser.builder.AbstractBuilder.lambda$mapOf$0(AbstractBuilder.java:112)
	at java.base/java.util.stream.ReferencePipeline$3$1.accept(ReferencePipeline.java:195)
	at java.base/java.util.ArrayList$ArrayListSpliterator.forEachRemaining(ArrayList.java:1655)
	at java.base/java.util.stream.AbstractPipeline.copyInto(AbstractPipeline.java:484)
	at java.base/java.util.stream.AbstractPipeline.wrapAndCopyInto(AbstractPipeline.java:474)
	at java.base/java.util.stream.ReduceOps$ReduceOp.evaluateSequential(ReduceOps.java:913)
	at java.base/java.util.stream.AbstractPipeline.evaluate(AbstractPipeline.java:234)
	at java.base/java.util.stream.ReferencePipeline.collect(ReferencePipeline.java:578)
	at de.uka.ilkd.key.nparser.builder.AbstractBuilder.mapOf(AbstractBuilder.java:112)
	at de.uka.ilkd.key.nparser.builder.IncludeFinder.visitOne_include_statement(IncludeFinder.java:35)
	at de.uka.ilkd.key.nparser.builder.IncludeFinder.visitOne_include_statement(IncludeFinder.java:20)
	at de.uka.ilkd.key.nparser.KeYParser$One_include_statementContext.accept(KeYParser.java:802)
	at org.antlr.v4.runtime.tree.AbstractParseTreeVisitor.visitChildren(AbstractParseTreeVisitor.java:46)
	at de.uka.ilkd.key.nparser.KeYParserBaseVisitor.visitDecls(KeYParserBaseVisitor.java:30)
	at de.uka.ilkd.key.nparser.KeYParser$DeclsContext.accept(KeYParser.java:500)
	at org.antlr.v4.runtime.tree.AbstractParseTreeVisitor.visitChildren(AbstractParseTreeVisitor.java:46)
	at de.uka.ilkd.key.nparser.KeYParserBaseVisitor.visitFile(KeYParserBaseVisitor.java:23)
	at de.uka.ilkd.key.nparser.KeYParser$FileContext.accept(KeYParser.java:306)
	at de.uka.ilkd.key.nparser.KeyAst.accept(KeyAst.java:41)
	at de.uka.ilkd.key.nparser.KeyAst$File.getIncludes(KeyAst.java:76)
	at de.uka.ilkd.key.proof.io.KeYFile.readIncludes(KeYFile.java:208)
	... 14 more
Could not find rule file rules/intRulesCheckedSemantics.key (file: /home/runner/work/key/key/key.core/../key.ui/examples/index/.././redux/arrays/Arrays.fill.float.key; caused by: de.uka.ilkd.key.proof.init.ProofInputException: Could not find rule file rules/intRulesCheckedSemantics.key)
	at de.uka.ilkd.key.control.AbstractUserInterfaceControl.load(AbstractUserInterfaceControl.java:221)
	at de.uka.ilkd.key.control.KeYEnvironment.load(KeYEnvironment.java:251)
	at de.uka.ilkd.key.control.KeYEnvironment.load(KeYEnvironment.java:224)
	at de.uka.ilkd.key.control.KeYEnvironment.load(KeYEnvironment.java:184)
	at de.uka.ilkd.key.control.KeYEnvironment.load(KeYEnvironment.java:261)
	at de.uka.ilkd.key.proof.runallproofs.proofcollection.TestFile.load(TestFile.java:270)
	at de.uka.ilkd.key.proof.runallproofs.proofcollection.TestFile.runKey(TestFile.java:160)
	at de.uka.ilkd.key.proof.runallproofs.proofcollection.ForkedTestFileRunner.main(ForkedTestFileRunner.java:171)
Caused by: de.uka.ilkd.key.proof.init.ProofInputException: Could not find rule file rules/intRulesCheckedSemantics.key
	at de.uka.ilkd.key.proof.io.KeYFile.readIncludes(KeYFile.java:210)
	at de.uka.ilkd.key.proof.init.ProblemInitializer.readIncludes(ProblemInitializer.java:177)
	at de.uka.ilkd.key.proof.init.ProblemInitializer.readEnvInput(ProblemInitializer.java:325)
	at de.uka.ilkd.key.proof.init.ProblemInitializer.prepare(ProblemInitializer.java:449)
	at de.uka.ilkd.key.proof.io.AbstractProblemLoader.createInitConfig(AbstractProblemLoader.java:518)
	at de.uka.ilkd.key.proof.io.AbstractProblemLoader.loadEnvironment(AbstractProblemLoader.java:288)
	at de.uka.ilkd.key.proof.io.AbstractProblemLoader.load(AbstractProblemLoader.java:252)
	at de.uka.ilkd.key.control.AbstractUserInterfaceControl.load(AbstractUserInterfaceControl.java:209)
	... 7 more
Caused by: java.lang.RuntimeException: Could not find rule file rules/intRulesCheckedSemantics.key
	at de.uka.ilkd.key.proof.io.RuleSourceFactory.fromBuiltInRule(RuleSourceFactory.java:32)
	at de.uka.ilkd.key.proof.io.RuleSourceFactory.fromDefaultLocation(RuleSourceFactory.java:21)
	at de.uka.ilkd.key.nparser.builder.IncludeFinder.addInclude(IncludeFinder.java:63)
	at de.uka.ilkd.key.nparser.builder.IncludeFinder.visitOne_include(IncludeFinder.java:43)
	at de.uka.ilkd.key.nparser.builder.IncludeFinder.visitOne_include(IncludeFinder.java:20)
	at de.uka.ilkd.key.nparser.KeYParser$One_includeContext.accept(KeYParser.java:878)
	at de.uka.ilkd.key.nparser.builder.AbstractBuilder.lambda$mapOf$0(AbstractBuilder.java:112)
	at java.base/java.util.stream.ReferencePipeline$3$1.accept(ReferencePipeline.java:195)
	at java.base/java.util.ArrayList$ArrayListSpliterator.forEachRemaining(ArrayList.java:1655)
	at java.base/java.util.stream.AbstractPipeline.copyInto(AbstractPipeline.java:484)
	at java.base/java.util.stream.AbstractPipeline.wrapAndCopyInto(AbstractPipeline.java:474)
	at java.base/java.util.stream.ReduceOps$ReduceOp.evaluateSequential(ReduceOps.java:913)
	at java.base/java.util.stream.AbstractPipeline.evaluate(AbstractPipeline.java:234)
	at java.base/java.util.stream.ReferencePipeline.collect(ReferencePipeline.java:578)
	at de.uka.ilkd.key.nparser.builder.AbstractBuilder.mapOf(AbstractBuilder.java:112)
	at de.uka.ilkd.key.nparser.builder.IncludeFinder.visitOne_include_statement(IncludeFinder.java:35)
	at de.uka.ilkd.key.nparser.builder.IncludeFinder.visitOne_include_statement(IncludeFinder.java:20)
	at de.uka.ilkd.key.nparser.KeYParser$One_include_statementContext.accept(KeYParser.java:802)
	at org.antlr.v4.runtime.tree.AbstractParseTreeVisitor.visitChildren(AbstractParseTreeVisitor.java:46)
	at de.uka.ilkd.key.nparser.KeYParserBaseVisitor.visitDecls(KeYParserBaseVisitor.java:30)
	at de.uka.ilkd.key.nparser.KeYParser$DeclsContext.accept(KeYParser.java:500)
	at org.antlr.v4.runtime.tree.AbstractParseTreeVisitor.visitChildren(AbstractParseTreeVisitor.java:46)
	at de.uka.ilkd.key.nparser.KeYParserBaseVisitor.visitFile(KeYParserBaseVisitor.java:23)
	at de.uka.ilkd.key.nparser.KeYParser$FileContext.accept(KeYParser.java:306)
	at de.uka.ilkd.key.nparser.KeyAst.accept(KeyAst.java:41)
	at de.uka.ilkd.key.nparser.KeyAst$File.getIncludes(KeyAst.java:76)
	at de.uka.ilkd.key.proof.io.KeYFile.readIncludes(KeYFile.java:208)
	... 14 more
Could not find rule file rules/intRulesCheckedSemantics.key (file: /home/runner/work/key/key/key.core/../key.ui/examples/index/.././redux/arrays/Arrays.fillFromTo.key; caused by: de.uka.ilkd.key.proof.init.ProofInputException: Could not find rule file rules/intRulesCheckedSemantics.key)
	at de.uka.ilkd.key.control.AbstractUserInterfaceControl.load(AbstractUserInterfaceControl.java:221)
	at de.uka.ilkd.key.control.KeYEnvironment.load(KeYEnvironment.java:251)
	at de.uka.ilkd.key.control.KeYEnvironment.load(KeYEnvironment.java:224)
	at de.uka.ilkd.key.control.KeYEnvironment.load(KeYEnvironment.java:184)
	at de.uka.ilkd.key.control.KeYEnvironment.load(KeYEnvironment.java:261)
	at de.uka.ilkd.key.proof.runallproofs.proofcollection.TestFile.load(TestFile.java:270)
	at de.uka.ilkd.key.proof.runallproofs.proofcollection.TestFile.runKey(TestFile.java:160)
	at de.uka.ilkd.key.proof.runallproofs.proofcollection.ForkedTestFileRunner.main(ForkedTestFileRunner.java:171)
Caused by: de.uka.ilkd.key.proof.init.ProofInputException: Could not find rule file rules/intRulesCheckedSemantics.key
	at de.uka.ilkd.key.proof.io.KeYFile.readIncludes(KeYFile.java:210)
	at de.uka.ilkd.key.proof.init.ProblemInitializer.readIncludes(ProblemInitializer.java:177)
	at de.uka.ilkd.key.proof.init.ProblemInitializer.readEnvInput(ProblemInitializer.java:325)
	at de.uka.ilkd.key.proof.init.ProblemInitializer.prepare(ProblemInitializer.java:449)
	at de.uka.ilkd.key.proof.io.AbstractProblemLoader.createInitConfig(AbstractProblemLoader.java:518)
	at de.uka.ilkd.key.proof.io.AbstractProblemLoader.loadEnvironment(AbstractProblemLoader.java:288)
	at de.uka.ilkd.key.proof.io.AbstractProblemLoader.load(AbstractProblemLoader.java:252)
	at de.uka.ilkd.key.control.AbstractUserInterfaceControl.load(AbstractUserInterfaceControl.java:209)
	... 7 more
Caused by: java.lang.RuntimeException: Could not find rule file rules/intRulesCheckedSemantics.key
	at de.uka.ilkd.key.proof.io.RuleSourceFactory.fromBuiltInRule(RuleSourceFactory.java:32)
	at de.uka.ilkd.key.proof.io.RuleSourceFactory.fromDefaultLocation(RuleSourceFactory.java:21)
	at de.uka.ilkd.key.nparser.builder.IncludeFinder.addInclude(IncludeFinder.java:63)
	at de.uka.ilkd.key.nparser.builder.IncludeFinder.visitOne_include(IncludeFinder.java:43)
	at de.uka.ilkd.key.nparser.builder.IncludeFinder.visitOne_include(IncludeFinder.java:20)
	at de.uka.ilkd.key.nparser.KeYParser$One_includeContext.accept(KeYParser.java:878)
	at de.uka.ilkd.key.nparser.builder.AbstractBuilder.lambda$mapOf$0(AbstractBuilder.java:112)
	at java.base/java.util.stream.ReferencePipeline$3$1.accept(ReferencePipeline.java:195)
	at java.base/java.util.ArrayList$ArrayListSpliterator.forEachRemaining(ArrayList.java:1655)
	at java.base/java.util.stream.AbstractPipeline.copyInto(AbstractPipeline.java:484)
	at java.base/java.util.stream.AbstractPipeline.wrapAndCopyInto(AbstractPipeline.java:474)
	at java.base/java.util.stream.ReduceOps$ReduceOp.evaluateSequential(ReduceOps.java:913)
	at java.base/java.util.stream.AbstractPipeline.evaluate(AbstractPipeline.java:234)
	at java.base/java.util.stream.ReferencePipeline.collect(ReferencePipeline.java:578)
	at de.uka.ilkd.key.nparser.builder.AbstractBuilder.mapOf(AbstractBuilder.java:112)
	at de.uka.ilkd.key.nparser.builder.IncludeFinder.visitOne_include_statement(IncludeFinder.java:35)
	at de.uka.ilkd.key.nparser.builder.IncludeFinder.visitOne_include_statement(IncludeFinder.java:20)
	at de.uka.ilkd.key.nparser.KeYParser$One_include_statementContext.accept(KeYParser.java:802)
	at org.antlr.v4.runtime.tree.AbstractParseTreeVisitor.visitChildren(AbstractParseTreeVisitor.java:46)
	at de.uka.ilkd.key.nparser.KeYParserBaseVisitor.visitDecls(KeYParserBaseVisitor.java:30)
	at de.uka.ilkd.key.nparser.KeYParser$DeclsContext.accept(KeYParser.java:500)
	at org.antlr.v4.runtime.tree.AbstractParseTreeVisitor.visitChildren(AbstractParseTreeVisitor.java:46)
	at de.uka.ilkd.key.nparser.KeYParserBaseVisitor.visitFile(KeYParserBaseVisitor.java:23)
	at de.uka.ilkd.key.nparser.KeYParser$FileContext.accept(KeYParser.java:306)
	at de.uka.ilkd.key.nparser.KeyAst.accept(KeyAst.java:41)
	at de.uka.ilkd.key.nparser.KeyAst$File.getIncludes(KeyAst.java:76)
	at de.uka.ilkd.key.proof.io.KeYFile.readIncludes(KeYFile.java:208)
	... 14 more
Could not find rule file rules/intRulesCheckedSemantics.key (file: /home/runner/work/key/key/key.core/../key.ui/examples/index/.././redux/arrays/Arrays.fillFromTo.float.key; caused by: de.uka.ilkd.key.proof.init.ProofInputException: Could not find rule file rules/intRulesCheckedSemantics.key)
	at de.uka.ilkd.key.control.AbstractUserInterfaceControl.load(AbstractUserInterfaceControl.java:221)
	at de.uka.ilkd.key.control.KeYEnvironment.load(KeYEnvironment.java:251)
	at de.uka.ilkd.key.control.KeYEnvironment.load(KeYEnvironment.java:224)
	at de.uka.ilkd.key.control.KeYEnvironment.load(KeYEnvironment.java:184)
	at de.uka.ilkd.key.control.KeYEnvironment.load(KeYEnvironment.java:261)
	at de.uka.ilkd.key.proof.runallproofs.proofcollection.TestFile.load(TestFile.java:270)
	at de.uka.ilkd.key.proof.runallproofs.proofcollection.TestFile.runKey(TestFile.java:160)
	at de.uka.ilkd.key.proof.runallproofs.proofcollection.ForkedTestFileRunner.main(ForkedTestFileRunner.java:171)
Caused by: de.uka.ilkd.key.proof.init.ProofInputException: Could not find rule file rules/intRulesCheckedSemantics.key
	at de.uka.ilkd.key.proof.io.KeYFile.readIncludes(KeYFile.java:210)
	at de.uka.ilkd.key.proof.init.ProblemInitializer.readIncludes(ProblemInitializer.java:177)
	at de.uka.ilkd.key.proof.init.ProblemInitializer.readEnvInput(ProblemInitializer.java:325)
	at de.uka.ilkd.key.proof.init.ProblemInitializer.prepare(ProblemInitializer.java:449)
	at de.uka.ilkd.key.proof.io.AbstractProblemLoader.createInitConfig(AbstractProblemLoader.java:518)
	at de.uka.ilkd.key.proof.io.AbstractProblemLoader.loadEnvironment(AbstractProblemLoader.java:288)
	at de.uka.ilkd.key.proof.io.AbstractProblemLoader.load(AbstractProblemLoader.java:252)
	at de.uka.ilkd.key.control.AbstractUserInterfaceControl.load(AbstractUserInterfaceControl.java:209)
	... 7 more
Caused by: java.lang.RuntimeException: Could not find rule file rules/intRulesCheckedSemantics.key
	at de.uka.ilkd.key.proof.io.RuleSourceFactory.fromBuiltInRule(RuleSourceFactory.java:32)
	at de.uka.ilkd.key.proof.io.RuleSourceFactory.fromDefaultLocation(RuleSourceFactory.java:21)
	at de.uka.ilkd.key.nparser.builder.IncludeFinder.addInclude(IncludeFinder.java:63)
	at de.uka.ilkd.key.nparser.builder.IncludeFinder.visitOne_include(IncludeFinder.java:43)
	at de.uka.ilkd.key.nparser.builder.IncludeFinder.visitOne_include(IncludeFinder.java:20)
	at de.uka.ilkd.key.nparser.KeYParser$One_includeContext.accept(KeYParser.java:878)
	at de.uka.ilkd.key.nparser.builder.AbstractBuilder.lambda$mapOf$0(AbstractBuilder.java:112)
	at java.base/java.util.stream.ReferencePipeline$3$1.accept(ReferencePipeline.java:195)
	at java.base/java.util.ArrayList$ArrayListSpliterator.forEachRemaining(ArrayList.java:1655)
	at java.base/java.util.stream.AbstractPipeline.copyInto(AbstractPipeline.java:484)
	at java.base/java.util.stream.AbstractPipeline.wrapAndCopyInto(AbstractPipeline.java:474)
	at java.base/java.util.stream.ReduceOps$ReduceOp.evaluateSequential(ReduceOps.java:913)
	at java.base/java.util.stream.AbstractPipeline.evaluate(AbstractPipeline.java:234)
	at java.base/java.util.stream.ReferencePipeline.collect(ReferencePipeline.java:578)
	at de.uka.ilkd.key.nparser.builder.AbstractBuilder.mapOf(AbstractBuilder.java:112)
	at de.uka.ilkd.key.nparser.builder.IncludeFinder.visitOne_include_statement(IncludeFinder.java:35)
	at de.uka.ilkd.key.nparser.builder.IncludeFinder.visitOne_include_statement(IncludeFinder.java:20)
	at de.uka.ilkd.key.nparser.KeYParser$One_include_statementContext.accept(KeYParser.java:802)
	at org.antlr.v4.runtime.tree.AbstractParseTreeVisitor.visitChildren(AbstractParseTreeVisitor.java:46)
	at de.uka.ilkd.key.nparser.KeYParserBaseVisitor.visitDecls(KeYParserBaseVisitor.java:30)
	at de.uka.ilkd.key.nparser.KeYParser$DeclsContext.accept(KeYParser.java:500)
	at org.antlr.v4.runtime.tree.AbstractParseTreeVisitor.visitChildren(AbstractParseTreeVisitor.java:46)
	at de.uka.ilkd.key.nparser.KeYParserBaseVisitor.visitFile(KeYParserBaseVisitor.java:23)
	at de.uka.ilkd.key.nparser.KeYParser$FileContext.accept(KeYParser.java:306)
	at de.uka.ilkd.key.nparser.KeyAst.accept(KeyAst.java:41)
	at de.uka.ilkd.key.nparser.KeyAst$File.getIncludes(KeyAst.java:76)
	at de.uka.ilkd.key.proof.io.KeYFile.readIncludes(KeYFile.java:208)
	... 14 more
Could not find rule file rules/intRulesCheckedSemantics.key (file: /home/runner/work/key/key/key.core/../key.ui/examples/index/.././redux/arrays/ArrayCopy.arraycopy.normal.0.key; caused by: de.uka.ilkd.key.proof.init.ProofInputException: Could not find rule file rules/intRulesCheckedSemantics.key)
	at de.uka.ilkd.key.control.AbstractUserInterfaceControl.load(AbstractUserInterfaceControl.java:221)
	at de.uka.ilkd.key.control.KeYEnvironment.load(KeYEnvironment.java:251)
	at de.uka.ilkd.key.control.KeYEnvironment.load(KeYEnvironment.java:224)
	at de.uka.ilkd.key.control.KeYEnvironment.load(KeYEnvironment.java:184)
	at de.uka.ilkd.key.control.KeYEnvironment.load(KeYEnvironment.java:261)
	at de.uka.ilkd.key.proof.runallproofs.proofcollection.TestFile.load(TestFile.java:270)
	at de.uka.ilkd.key.proof.runallproofs.proofcollection.TestFile.runKey(TestFile.java:160)
	at de.uka.ilkd.key.proof.runallproofs.proofcollection.ForkedTestFileRunner.main(ForkedTestFileRunner.java:171)
Caused by: de.uka.ilkd.key.proof.init.ProofInputException: Could not find rule file rules/intRulesCheckedSemantics.key
	at de.uka.ilkd.key.proof.io.KeYFile.readIncludes(KeYFile.java:210)
	at de.uka.ilkd.key.proof.init.ProblemInitializer.readIncludes(ProblemInitializer.java:177)
	at de.uka.ilkd.key.proof.init.ProblemInitializer.readEnvInput(ProblemInitializer.java:325)
	at de.uka.ilkd.key.proof.init.ProblemInitializer.prepare(ProblemInitializer.java:449)
	at de.uka.ilkd.key.proof.io.AbstractProblemLoader.createInitConfig(AbstractProblemLoader.java:518)
	at de.uka.ilkd.key.proof.io.AbstractProblemLoader.loadEnvironment(AbstractProblemLoader.java:288)
	at de.uka.ilkd.key.proof.io.AbstractProblemLoader.load(AbstractProblemLoader.java:252)
	at de.uka.ilkd.key.control.AbstractUserInterfaceControl.load(AbstractUserInterfaceControl.java:209)
	... 7 more
Caused by: java.lang.RuntimeException: Could not find rule file rules/intRulesCheckedSemantics.key
	at de.uka.ilkd.key.proof.io.RuleSourceFactory.fromBuiltInRule(RuleSourceFactory.java:32)
	at de.uka.ilkd.key.proof.io.RuleSourceFactory.fromDefaultLocation(RuleSourceFactory.java:21)
	at de.uka.ilkd.key.nparser.builder.IncludeFinder.addInclude(IncludeFinder.java:63)
	at de.uka.ilkd.key.nparser.builder.IncludeFinder.visitOne_include(IncludeFinder.java:43)
	at de.uka.ilkd.key.nparser.builder.IncludeFinder.visitOne_include(IncludeFinder.java:20)
	at de.uka.ilkd.key.nparser.KeYParser$One_includeContext.accept(KeYParser.java:878)
	at de.uka.ilkd.key.nparser.builder.AbstractBuilder.lambda$mapOf$0(AbstractBuilder.java:112)
	at java.base/java.util.stream.ReferencePipeline$3$1.accept(ReferencePipeline.java:195)
	at java.base/java.util.ArrayList$ArrayListSpliterator.forEachRemaining(ArrayList.java:1655)
	at java.base/java.util.stream.AbstractPipeline.copyInto(AbstractPipeline.java:484)
	at java.base/java.util.stream.AbstractPipeline.wrapAndCopyInto(AbstractPipeline.java:474)
	at java.base/java.util.stream.ReduceOps$ReduceOp.evaluateSequential(ReduceOps.java:913)
	at java.base/java.util.stream.AbstractPipeline.evaluate(AbstractPipeline.java:234)
	at java.base/java.util.stream.ReferencePipeline.collect(ReferencePipeline.java:578)
	at de.uka.ilkd.key.nparser.builder.AbstractBuilder.mapOf(AbstractBuilder.java:112)
	at de.uka.ilkd.key.nparser.builder.IncludeFinder.visitOne_include_statement(IncludeFinder.java:35)
	at de.uka.ilkd.key.nparser.builder.IncludeFinder.visitOne_include_statement(IncludeFinder.java:20)
	at de.uka.ilkd.key.nparser.KeYParser$One_include_statementContext.accept(KeYParser.java:802)
	at org.antlr.v4.runtime.tree.AbstractParseTreeVisitor.visitChildren(AbstractParseTreeVisitor.java:46)
	at de.uka.ilkd.key.nparser.KeYParserBaseVisitor.visitDecls(KeYParserBaseVisitor.java:30)
	at de.uka.ilkd.key.nparser.KeYParser$DeclsContext.accept(KeYParser.java:500)
	at org.antlr.v4.runtime.tree.AbstractParseTreeVisitor.visitChildren(AbstractParseTreeVisitor.java:46)
	at de.uka.ilkd.key.nparser.KeYParserBaseVisitor.visitFile(KeYParserBaseVisitor.java:23)
	at de.uka.ilkd.key.nparser.KeYParser$FileContext.accept(KeYParser.java:306)
	at de.uka.ilkd.key.nparser.KeyAst.accept(KeyAst.java:41)
	at de.uka.ilkd.key.nparser.KeyAst$File.getIncludes(KeyAst.java:76)
	at de.uka.ilkd.key.proof.io.KeYFile.readIncludes(KeYFile.java:208)
	... 14 more
Could not find rule file rules/intRulesCheckedSemantics.key (file: /home/runner/work/key/key/key.core/../key.ui/examples/index/.././redux/arrays/ArrayCopy.arraycopy.exceptional.0.key; caused by: de.uka.ilkd.key.proof.init.ProofInputException: Could not find rule file rules/intRulesCheckedSemantics.key)
	at de.uka.ilkd.key.control.AbstractUserInterfaceControl.load(AbstractUserInterfaceControl.java:221)
	at de.uka.ilkd.key.control.KeYEnvironment.load(KeYEnvironment.java:251)
	at de.uka.ilkd.key.control.KeYEnvironment.load(KeYEnvironment.java:224)
	at de.uka.ilkd.key.control.KeYEnvironment.load(KeYEnvironment.java:184)
	at de.uka.ilkd.key.control.KeYEnvironment.load(KeYEnvironment.java:261)
	at de.uka.ilkd.key.proof.runallproofs.proofcollection.TestFile.load(TestFile.java:270)
	at de.uka.ilkd.key.proof.runallproofs.proofcollection.TestFile.runKey(TestFile.java:160)
	at de.uka.ilkd.key.proof.runallproofs.proofcollection.ForkedTestFileRunner.main(ForkedTestFileRunner.java:171)
Caused by: de.uka.ilkd.key.proof.init.ProofInputException: Could not find rule file rules/intRulesCheckedSemantics.key
	at de.uka.ilkd.key.proof.io.KeYFile.readIncludes(KeYFile.java:210)
	at de.uka.ilkd.key.proof.init.ProblemInitializer.readIncludes(ProblemInitializer.java:177)
	at de.uka.ilkd.key.proof.init.ProblemInitializer.readEnvInput(ProblemInitializer.java:325)
	at de.uka.ilkd.key.proof.init.ProblemInitializer.prepare(ProblemInitializer.java:449)
	at de.uka.ilkd.key.proof.io.AbstractProblemLoader.createInitConfig(AbstractProblemLoader.java:518)
	at de.uka.ilkd.key.proof.io.AbstractProblemLoader.loadEnvironment(AbstractProblemLoader.java:288)
	at de.uka.ilkd.key.proof.io.AbstractProblemLoader.load(AbstractProblemLoader.java:252)
	at de.uka.ilkd.key.control.AbstractUserInterfaceControl.load(AbstractUserInterfaceControl.java:209)
	... 7 more
Caused by: java.lang.RuntimeException: Could not find rule file rules/intRulesCheckedSemantics.key
	at de.uka.ilkd.key.proof.io.RuleSourceFactory.fromBuiltInRule(RuleSourceFactory.java:32)
	at de.uka.ilkd.key.proof.io.RuleSourceFactory.fromDefaultLocation(RuleSourceFactory.java:21)
	at de.uka.ilkd.key.nparser.builder.IncludeFinder.addInclude(IncludeFinder.java:63)
	at de.uka.ilkd.key.nparser.builder.IncludeFinder.visitOne_include(IncludeFinder.java:43)
	at de.uka.ilkd.key.nparser.builder.IncludeFinder.visitOne_include(IncludeFinder.java:20)
	at de.uka.ilkd.key.nparser.KeYParser$One_includeContext.accept(KeYParser.java:878)
	at de.uka.ilkd.key.nparser.builder.AbstractBuilder.lambda$mapOf$0(AbstractBuilder.java:112)
	at java.base/java.util.stream.ReferencePipeline$3$1.accept(ReferencePipeline.java:195)
	at java.base/java.util.ArrayList$ArrayListSpliterator.forEachRemaining(ArrayList.java:1655)
	at java.base/java.util.stream.AbstractPipeline.copyInto(AbstractPipeline.java:484)
	at java.base/java.util.stream.AbstractPipeline.wrapAndCopyInto(AbstractPipeline.java:474)
	at java.base/java.util.stream.ReduceOps$ReduceOp.evaluateSequential(ReduceOps.java:913)
	at java.base/java.util.stream.AbstractPipeline.evaluate(AbstractPipeline.java:234)
	at java.base/java.util.stream.ReferencePipeline.collect(ReferencePipeline.java:578)
	at de.uka.ilkd.key.nparser.builder.AbstractBuilder.mapOf(AbstractBuilder.java:112)
	at de.uka.ilkd.key.nparser.builder.IncludeFinder.visitOne_include_statement(IncludeFinder.java:35)
	at de.uka.ilkd.key.nparser.builder.IncludeFinder.visitOne_include_statement(IncludeFinder.java:20)
	at de.uka.ilkd.key.nparser.KeYParser$One_include_statementContext.accept(KeYParser.java:802)
	at org.antlr.v4.runtime.tree.AbstractParseTreeVisitor.visitChildren(AbstractParseTreeVisitor.java:46)
	at de.uka.ilkd.key.nparser.KeYParserBaseVisitor.visitDecls(KeYParserBaseVisitor.java:30)
	at de.uka.ilkd.key.nparser.KeYParser$DeclsContext.accept(KeYParser.java:500)
	at org.antlr.v4.runtime.tree.AbstractParseTreeVisitor.visitChildren(AbstractParseTreeVisitor.java:46)
	at de.uka.ilkd.key.nparser.KeYParserBaseVisitor.visitFile(KeYParserBaseVisitor.java:23)
	at de.uka.ilkd.key.nparser.KeYParser$FileContext.accept(KeYParser.java:306)
	at de.uka.ilkd.key.nparser.KeyAst.accept(KeyAst.java:41)
	at de.uka.ilkd.key.nparser.KeyAst$File.getIncludes(KeyAst.java:76)
	at de.uka.ilkd.key.proof.io.KeYFile.readIncludes(KeYFile.java:208)
	... 14 more
Could not find rule file rules/intRulesCheckedSemantics.key (file: /home/runner/work/key/key/key.core/../key.ui/examples/index/.././redux/arrays/ArrayCopy.arraycopy.exceptional.1.key; caused by: de.uka.ilkd.key.proof.init.ProofInputException: Could not find rule file rules/intRulesCheckedSemantics.key)
	at de.uka.ilkd.key.control.AbstractUserInterfaceControl.load(AbstractUserInterfaceControl.java:221)
	at de.uka.ilkd.key.control.KeYEnvironment.load(KeYEnvironment.java:251)
	at de.uka.ilkd.key.control.KeYEnvironment.load(KeYEnvironment.java:224)
	at de.uka.ilkd.key.control.KeYEnvironment.load(KeYEnvironment.java:184)
	at de.uka.ilkd.key.control.KeYEnvironment.load(KeYEnvironment.java:261)
	at de.uka.ilkd.key.proof.runallproofs.proofcollection.TestFile.load(TestFile.java:270)
	at de.uka.ilkd.key.proof.runallproofs.proofcollection.TestFile.runKey(TestFile.java:160)
	at de.uka.ilkd.key.proof.runallproofs.proofcollection.ForkedTestFileRunner.main(ForkedTestFileRunner.java:171)
Caused by: de.uka.ilkd.key.proof.init.ProofInputException: Could not find rule file rules/intRulesCheckedSemantics.key
	at de.uka.ilkd.key.proof.io.KeYFile.readIncludes(KeYFile.java:210)
	at de.uka.ilkd.key.proof.init.ProblemInitializer.readIncludes(ProblemInitializer.java:177)
	at de.uka.ilkd.key.proof.init.ProblemInitializer.readEnvInput(ProblemInitializer.java:325)
	at de.uka.ilkd.key.proof.init.ProblemInitializer.prepare(ProblemInitializer.java:449)
	at de.uka.ilkd.key.proof.io.AbstractProblemLoader.createInitConfig(AbstractProblemLoader.java:518)
	at de.uka.ilkd.key.proof.io.AbstractProblemLoader.loadEnvironment(AbstractProblemLoader.java:288)
	at de.uka.ilkd.key.proof.io.AbstractProblemLoader.load(AbstractProblemLoader.java:252)
	at de.uka.ilkd.key.control.AbstractUserInterfaceControl.load(AbstractUserInterfaceControl.java:209)
	... 7 more
Caused by: java.lang.RuntimeException: Could not find rule file rules/intRulesCheckedSemantics.key
	at de.uka.ilkd.key.proof.io.RuleSourceFactory.fromBuiltInRule(RuleSourceFactory.java:32)
	at de.uka.ilkd.key.proof.io.RuleSourceFactory.fromDefaultLocation(RuleSourceFactory.java:21)
	at de.uka.ilkd.key.nparser.builder.IncludeFinder.addInclude(IncludeFinder.java:63)
	at de.uka.ilkd.key.nparser.builder.IncludeFinder.visitOne_include(IncludeFinder.java:43)
	at de.uka.ilkd.key.nparser.builder.IncludeFinder.visitOne_include(IncludeFinder.java:20)
	at de.uka.ilkd.key.nparser.KeYParser$One_includeContext.accept(KeYParser.java:878)
	at de.uka.ilkd.key.nparser.builder.AbstractBuilder.lambda$mapOf$0(AbstractBuilder.java:112)
	at java.base/java.util.stream.ReferencePipeline$3$1.accept(ReferencePipeline.java:195)
	at java.base/java.util.ArrayList$ArrayListSpliterator.forEachRemaining(ArrayList.java:1655)
	at java.base/java.util.stream.AbstractPipeline.copyInto(AbstractPipeline.java:484)
	at java.base/java.util.stream.AbstractPipeline.wrapAndCopyInto(AbstractPipeline.java:474)
	at java.base/java.util.stream.ReduceOps$ReduceOp.evaluateSequential(ReduceOps.java:913)
	at java.base/java.util.stream.AbstractPipeline.evaluate(AbstractPipeline.java:234)
	at java.base/java.util.stream.ReferencePipeline.collect(ReferencePipeline.java:578)
	at de.uka.ilkd.key.nparser.builder.AbstractBuilder.mapOf(AbstractBuilder.java:112)
	at de.uka.ilkd.key.nparser.builder.IncludeFinder.visitOne_include_statement(IncludeFinder.java:35)
	at de.uka.ilkd.key.nparser.builder.IncludeFinder.visitOne_include_statement(IncludeFinder.java:20)
	at de.uka.ilkd.key.nparser.KeYParser$One_include_statementContext.accept(KeYParser.java:802)
	at org.antlr.v4.runtime.tree.AbstractParseTreeVisitor.visitChildren(AbstractParseTreeVisitor.java:46)
	at de.uka.ilkd.key.nparser.KeYParserBaseVisitor.visitDecls(KeYParserBaseVisitor.java:30)
	at de.uka.ilkd.key.nparser.KeYParser$DeclsContext.accept(KeYParser.java:500)
	at org.antlr.v4.runtime.tree.AbstractParseTreeVisitor.visitChildren(AbstractParseTreeVisitor.java:46)
	at de.uka.ilkd.key.nparser.KeYParserBaseVisitor.visitFile(KeYParserBaseVisitor.java:23)
	at de.uka.ilkd.key.nparser.KeYParser$FileContext.accept(KeYParser.java:306)
	at de.uka.ilkd.key.nparser.KeyAst.accept(KeyAst.java:41)
	at de.uka.ilkd.key.nparser.KeyAst$File.getIncludes(KeyAst.java:76)
	at de.uka.ilkd.key.proof.io.KeYFile.readIncludes(KeYFile.java:208)
	... 14 more
Exception in thread "main" org.opentest4j.AssertionFailedError: Exception during the execution of proofs. See log for more details.
	at org.junit.jupiter.api.AssertionUtils.fail(AssertionUtils.java:39)
	at org.junit.jupiter.api.Assertions.fail(Assertions.java:134)
	at de.uka.ilkd.key.proof.runallproofs.proofcollection.ForkedTestFileRunner.main(ForkedTestFileRunner.java:192)
]]></system-err>
</testsuite>
