<?xml version="1.0" encoding="UTF-8"?>
<testsuite name="de.uka.ilkd.key.logic.TestTermLabelManager" tests="21" skipped="0" failures="0" errors="0" timestamp="2023-05-27T16:02:50" hostname="fv-az618-145" time="60.738">
  <properties/>
  <testcase name="testInstantiateLabels_directChildPolicies_allRules()" classname="de.uka.ilkd.key.logic.TestTermLabelManager" time="4.443"/>
  <testcase name="testInstantiateLabels_childAndGrandchildPolicies_ruleSpecific()" classname="de.uka.ilkd.key.logic.TestTermLabelManager" time="3.343"/>
  <testcase name="testParseLabel()" classname="de.uka.ilkd.key.logic.TestTermLabelManager" time="3.125"/>
  <testcase name="testrefactorGoal_childrenAndGrandchildren_ruleSpecific()" classname="de.uka.ilkd.key.logic.TestTermLabelManager" time="3.142"/>
  <testcase name="testrefactorGoal_directChildren_allRules()" classname="de.uka.ilkd.key.logic.TestTermLabelManager" time="3.09"/>
  <testcase name="testInstantiateLabels_childAndGrandchildPolicies_allRules()" classname="de.uka.ilkd.key.logic.TestTermLabelManager" time="3.141"/>
  <testcase name="testInstantiateLabels_taclet()" classname="de.uka.ilkd.key.logic.TestTermLabelManager" time="3.098"/>
  <testcase name="testrefactorGoal_none_ruleSpecific()" classname="de.uka.ilkd.key.logic.TestTermLabelManager" time="3.119"/>
  <testcase name="testInstantiateLabels_updates_ruleSpecific()" classname="de.uka.ilkd.key.logic.TestTermLabelManager" time="3.148"/>
  <testcase name="testrefactorGoal_sequent_ruleSpecific()" classname="de.uka.ilkd.key.logic.TestTermLabelManager" time="3.103"/>
  <testcase name="testInstantiateLabels_updates_allRules()" classname="de.uka.ilkd.key.logic.TestTermLabelManager" time="3.119"/>
  <testcase name="testrefactorGoal_sequent_allRules()" classname="de.uka.ilkd.key.logic.TestTermLabelManager" time="3.117"/>
  <testcase name="testrefactorGoal_childrenAndGrandchildren_allRules()" classname="de.uka.ilkd.key.logic.TestTermLabelManager" time="3.136"/>
  <testcase name="testGetTermLabelManager()" classname="de.uka.ilkd.key.logic.TestTermLabelManager" time="0.003"/>
  <testcase name="testInstantiateLabels_applicationTermPolicies()" classname="de.uka.ilkd.key.logic.TestTermLabelManager" time="3.077"/>
  <testcase name="testInstantiateLabels_modalityTermPolicies()" classname="de.uka.ilkd.key.logic.TestTermLabelManager" time="3.153"/>
  <testcase name="testrefactorGoal_none_allRules()" classname="de.uka.ilkd.key.logic.TestTermLabelManager" time="3.122"/>
  <testcase name="testInstantiateLabels_null()" classname="de.uka.ilkd.key.logic.TestTermLabelManager" time="0.0"/>
  <testcase name="testrefactorGoal_directChildren_ruleSpecific()" classname="de.uka.ilkd.key.logic.TestTermLabelManager" time="3.112"/>
  <testcase name="testInstantiateLabels_directChildPolicies_ruleSpecific()" classname="de.uka.ilkd.key.logic.TestTermLabelManager" time="3.059"/>
  <testcase name="testGetSupportedTermLabelNames()" classname="de.uka.ilkd.key.logic.TestTermLabelManager" time="3.079"/>
  <system-out><![CDATA[119154     INFO  Test worker     d.u.i.k.p.i.AbstractProblemLoader Loading environment from src\test\resources\testcase\termLabels\flatSteps\FlatSteps.java 
119154     DEBUG Test worker     d.u.i.k.p.i.AbstractProblemLoader Environment load took 260.1ns 
119170     INFO  Test worker     d.u.i.k.p.i.AbstractProblemLoader Creating init config 
119357     DEBUG Test worker     d.u.i.k.j.TypeConverter   No LDT found for Meta 
119357     DEBUG Test worker     d.u.i.k.j.TypeConverter   No LDT found for Meta 
119357     DEBUG Test worker     d.u.i.k.j.TypeConverter   No LDT found for Meta 
119357     DEBUG Test worker     d.u.i.k.j.TypeConverter   No LDT found for Meta 
120107     DEBUG Test worker     d.u.i.k.j.TypeConverter   No LDT found for JavaBigintExpression 
123588     DEBUG Test worker     d.u.i.k.p.i.AbstractProblemLoader Init config took 4.42s 
123603     INFO  Test worker     d.u.i.k.p.i.AbstractProblemLoader Loading environment from src\test\resources\testcase\termLabels\flatSteps\FlatSteps.java 
123603     DEBUG Test worker     d.u.i.k.p.i.AbstractProblemLoader Environment load took 613.3ns 
123619     INFO  Test worker     d.u.i.k.p.i.AbstractProblemLoader Creating init config 
126947     DEBUG Test worker     d.u.i.k.p.i.AbstractProblemLoader Init config took 3.33s 
126947     INFO  Test worker     d.u.i.k.p.i.AbstractProblemLoader Loading environment from src\test\resources\testcase\termLabels\flatSteps\FlatSteps.java 
126947     DEBUG Test worker     d.u.i.k.p.i.AbstractProblemLoader Environment load took 226.8ns 
126947     INFO  Test worker     d.u.i.k.p.i.AbstractProblemLoader Creating init config 
130072     DEBUG Test worker     d.u.i.k.p.i.AbstractProblemLoader Init config took 3.12s 
130072     INFO  Test worker     d.u.i.k.p.i.AbstractProblemLoader Loading environment from src\test\resources\testcase\termLabels\flatSteps\FlatSteps.java 
130088     DEBUG Test worker     d.u.i.k.p.i.AbstractProblemLoader Environment load took 702.2ns 
130088     INFO  Test worker     d.u.i.k.p.i.AbstractProblemLoader Creating init config 
133199     DEBUG Test worker     d.u.i.k.p.i.AbstractProblemLoader Init config took 3.11s 
133214     INFO  Test worker     d.u.i.k.p.i.AbstractProblemLoader Loading environment from src\test\resources\testcase\termLabels\flatSteps\FlatSteps.java 
133214     DEBUG Test worker     d.u.i.k.p.i.AbstractProblemLoader Environment load took 573.2ns 
133214     INFO  Test worker     d.u.i.k.p.i.AbstractProblemLoader Creating init config 
136291     DEBUG Test worker     d.u.i.k.p.i.AbstractProblemLoader Init config took 3.08s 
136306     INFO  Test worker     d.u.i.k.p.i.AbstractProblemLoader Loading environment from src\test\resources\testcase\termLabels\flatSteps\FlatSteps.java 
136306     DEBUG Test worker     d.u.i.k.p.i.AbstractProblemLoader Environment load took 1.74ms 
136306     INFO  Test worker     d.u.i.k.p.i.AbstractProblemLoader Creating init config 
139448     DEBUG Test worker     d.u.i.k.p.i.AbstractProblemLoader Init config took 3.13s 
139448     INFO  Test worker     d.u.i.k.p.i.AbstractProblemLoader Loading environment from src\test\resources\testcase\termLabels\flatSteps\FlatSteps.java 
139448     DEBUG Test worker     d.u.i.k.p.i.AbstractProblemLoader Environment load took 154.6ns 
139448     INFO  Test worker     d.u.i.k.p.i.AbstractProblemLoader Creating init config 
142547     DEBUG Test worker     d.u.i.k.p.i.AbstractProblemLoader Init config took 3.09s 
142547     INFO  Test worker     d.u.i.k.p.i.AbstractProblemLoader Loading environment from src\test\resources\testcase\termLabels\flatSteps\FlatSteps.java 
142547     DEBUG Test worker     d.u.i.k.p.i.AbstractProblemLoader Environment load took 2.59ms 
142562     INFO  Test worker     d.u.i.k.p.i.AbstractProblemLoader Creating init config 
145667     DEBUG Test worker     d.u.i.k.p.i.AbstractProblemLoader Init config took 3.1s 
145667     INFO  Test worker     d.u.i.k.p.i.AbstractProblemLoader Loading environment from src\test\resources\testcase\termLabels\flatSteps\FlatSteps.java 
145667     DEBUG Test worker     d.u.i.k.p.i.AbstractProblemLoader Environment load took 859.8ns 
145683     INFO  Test worker     d.u.i.k.p.i.AbstractProblemLoader Creating init config 
148816     DEBUG Test worker     d.u.i.k.p.i.AbstractProblemLoader Init config took 3.14s 
148816     INFO  Test worker     d.u.i.k.p.i.AbstractProblemLoader Loading environment from src\test\resources\testcase\termLabels\flatSteps\FlatSteps.java 
148816     DEBUG Test worker     d.u.i.k.p.i.AbstractProblemLoader Environment load took 161.8ns 
148816     INFO  Test worker     d.u.i.k.p.i.AbstractProblemLoader Creating init config 
151904     DEBUG Test worker     d.u.i.k.p.i.AbstractProblemLoader Init config took 3.09s 
151919     INFO  Test worker     d.u.i.k.p.i.AbstractProblemLoader Loading environment from src\test\resources\testcase\termLabels\flatSteps\FlatSteps.java 
151919     DEBUG Test worker     d.u.i.k.p.i.AbstractProblemLoader Environment load took 168.8ns 
151919     INFO  Test worker     d.u.i.k.p.i.AbstractProblemLoader Creating init config 
155022     DEBUG Test worker     d.u.i.k.p.i.AbstractProblemLoader Init config took 3.1s 
155038     INFO  Test worker     d.u.i.k.p.i.AbstractProblemLoader Loading environment from src\test\resources\testcase\termLabels\flatSteps\FlatSteps.java 
155038     DEBUG Test worker     d.u.i.k.p.i.AbstractProblemLoader Environment load took 590.5ns 
155038     INFO  Test worker     d.u.i.k.p.i.AbstractProblemLoader Creating init config 
158155     DEBUG Test worker     d.u.i.k.p.i.AbstractProblemLoader Init config took 3.11s 
158155     INFO  Test worker     d.u.i.k.p.i.AbstractProblemLoader Loading environment from src\test\resources\testcase\termLabels\flatSteps\FlatSteps.java 
158155     DEBUG Test worker     d.u.i.k.p.i.AbstractProblemLoader Environment load took 283.3ns 
158155     INFO  Test worker     d.u.i.k.p.i.AbstractProblemLoader Creating init config 
161291     DEBUG Test worker     d.u.i.k.p.i.AbstractProblemLoader Init config took 3.13s 
161306     INFO  Test worker     d.u.i.k.p.i.AbstractProblemLoader Loading environment from src\test\resources\testcase\termLabels\flatSteps\FlatSteps.java 
161306     DEBUG Test worker     d.u.i.k.p.i.AbstractProblemLoader Environment load took 187.8ns 
161306     INFO  Test worker     d.u.i.k.p.i.AbstractProblemLoader Creating init config 
164371     DEBUG Test worker     d.u.i.k.p.i.AbstractProblemLoader Init config took 3.06s 
164371     INFO  Test worker     d.u.i.k.p.i.AbstractProblemLoader Loading environment from src\test\resources\testcase\termLabels\flatSteps\FlatSteps.java 
164371     DEBUG Test worker     d.u.i.k.p.i.AbstractProblemLoader Environment load took 213.3ns 
164371     INFO  Test worker     d.u.i.k.p.i.AbstractProblemLoader Creating init config 
167524     DEBUG Test worker     d.u.i.k.p.i.AbstractProblemLoader Init config took 3.15s 
167524     INFO  Test worker     d.u.i.k.p.i.AbstractProblemLoader Loading environment from src\test\resources\testcase\termLabels\flatSteps\FlatSteps.java 
167524     DEBUG Test worker     d.u.i.k.p.i.AbstractProblemLoader Environment load took 215.8ns 
167524     INFO  Test worker     d.u.i.k.p.i.AbstractProblemLoader Creating init config 
170646     DEBUG Test worker     d.u.i.k.p.i.AbstractProblemLoader Init config took 3.11s 
170646     INFO  Test worker     d.u.i.k.p.i.AbstractProblemLoader Loading environment from src\test\resources\testcase\termLabels\flatSteps\FlatSteps.java 
170646     DEBUG Test worker     d.u.i.k.p.i.AbstractProblemLoader Environment load took 549.2ns 
170646     INFO  Test worker     d.u.i.k.p.i.AbstractProblemLoader Creating init config 
173745     DEBUG Test worker     d.u.i.k.p.i.AbstractProblemLoader Init config took 3.09s 
173760     INFO  Test worker     d.u.i.k.p.i.AbstractProblemLoader Loading environment from src\test\resources\testcase\termLabels\flatSteps\FlatSteps.java 
173760     DEBUG Test worker     d.u.i.k.p.i.AbstractProblemLoader Environment load took 176.9ns 
173760     INFO  Test worker     d.u.i.k.p.i.AbstractProblemLoader Creating init config 
176803     DEBUG Test worker     d.u.i.k.p.i.AbstractProblemLoader Init config took 3.05s 
176819     INFO  Test worker     d.u.i.k.p.i.AbstractProblemLoader Loading environment from src\test\resources\testcase\termLabels\flatSteps\FlatSteps.java 
176819     DEBUG Test worker     d.u.i.k.p.i.AbstractProblemLoader Environment load took 514.8ns 
176819     INFO  Test worker     d.u.i.k.p.i.AbstractProblemLoader Creating init config 
179898     DEBUG Test worker     d.u.i.k.p.i.AbstractProblemLoader Init config took 3.08s 
]]></system-out>
  <system-err><![CDATA[]]></system-err>
</testsuite>
