<?xml version="1.0" encoding="UTF-8"?>
<testsuite name="de.uka.ilkd.key.util.TestEqualsModProofIrrelevancy" tests="1" skipped="0" failures="0" errors="0" timestamp="2023-05-27T16:15:41" hostname="fv-az618-145" time="13.762">
  <properties/>
  <testcase name="testJavaProof()" classname="de.uka.ilkd.key.util.TestEqualsModProofIrrelevancy" time="13.762"/>
  <system-out><![CDATA[889944     INFO  Test worker     d.u.i.k.p.i.AbstractProblemLoader Loading environment from src\test\resources\testcase\..\..\..\..\..\key.ui\examples\heap\verifyThis15_1_RelaxedPrefix\relax.proof 
889944     DEBUG Test worker     d.u.i.k.p.i.AbstractProblemLoader Environment load took 193.6ns 
889960     INFO  Test worker     d.u.i.k.p.i.AbstractProblemLoader Creating init config 
890110     DEBUG Test worker     d.u.i.k.j.TypeConverter   No LDT found for Meta 
890110     DEBUG Test worker     d.u.i.k.j.TypeConverter   No LDT found for Meta 
890110     DEBUG Test worker     d.u.i.k.j.TypeConverter   No LDT found for Meta 
890110     DEBUG Test worker     d.u.i.k.j.TypeConverter   No LDT found for Meta 
890639     DEBUG Test worker     d.u.i.k.j.TypeConverter   No LDT found for JavaBigintExpression 
894485     DEBUG Test worker     d.u.i.k.p.i.AbstractProblemLoader Init config took 4.52s 
895479     INFO  Test worker     d.u.i.k.p.i.AbstractProblemLoader Replaying proof Relaxed[Relaxed::isRelaxedPrefix([I,[I)].JML operation contract.0 
899560     DEBUG Test worker     d.u.i.k.p.i.IntermediateProofReplayer Proof replay took 4.05s 
899560     INFO  Test worker     d.u.i.k.p.i.AbstractProblemLoader Loading environment from src\test\resources\testcase\..\..\..\..\..\key.ui\examples\heap\verifyThis15_1_RelaxedPrefix\relax.proof 
899560     DEBUG Test worker     d.u.i.k.p.i.AbstractProblemLoader Environment load took 414.3ns 
899560     INFO  Test worker     d.u.i.k.p.i.AbstractProblemLoader Creating init config 
902941     DEBUG Test worker     d.u.i.k.p.i.AbstractProblemLoader Init config took 3.38s 
902988     INFO  Test worker     d.u.i.k.p.i.AbstractProblemLoader Replaying proof Relaxed[Relaxed::isRelaxedPrefix([I,[I)].JML operation contract.0 
903495     DEBUG Test worker     d.u.i.k.p.i.IntermediateProofReplayer Proof replay took 484.68ms 
]]></system-out>
  <system-err><![CDATA[]]></system-err>
</testsuite>
