<?xml version="1.0" encoding="UTF-8"?>
<testsuite name="de.uka.ilkd.key.parser.TestParser" tests="5" skipped="1" failures="0" errors="0" timestamp="2023-05-27T16:06:14" hostname="fv-az618-145" time="5.212">
  <properties/>
  <testcase name="testConstantEvaluationError()" classname="de.uka.ilkd.key.parser.TestParser" time="1.016"/>
  <testcase name="testGenericSort()" classname="de.uka.ilkd.key.parser.TestParser" time="0.005"/>
  <testcase name="testIssue1566()" classname="de.uka.ilkd.key.parser.TestParser" time="3.181"/>
  <testcase name="testIssue39()" classname="de.uka.ilkd.key.parser.TestParser" time="1.008"/>
  <testcase name="testRelativeInclude()" classname="de.uka.ilkd.key.parser.TestParser" time="0.002">
    <skipped/>
  </testcase>
  <system-out><![CDATA[322914     INFO  Test worker     d.u.i.k.p.i.AbstractProblemLoader Loading environment from src\test\resources\testcase\parserErrorTest\AssignToArray.java 
322914     DEBUG Test worker     d.u.i.k.p.i.AbstractProblemLoader Environment load took 104.3ns 
322914     INFO  Test worker     d.u.i.k.p.i.AbstractProblemLoader Creating init config 
323931     INFO  Test worker     d.u.i.k.n.KeyIO           Parsing took 0 ms 
323931     DEBUG Test worker     d.u.i.k.n.KeyIO           Load declarations of de.uka.ilkd.key.nparser.KeyAst$File:  <unknown>:1#1 
323931     INFO  Test worker     d.u.i.k.n.KeyIO           MODE: declarations took 0 ms 
323931     DEBUG Test worker     d.u.i.k.n.KeyIO           MODE: 2nd degree decls took 0 
323931     DEBUG Test worker     d.u.i.k.n.KeyIO           MODE: taclets took 0ms 
323946     INFO  Test worker     d.u.i.k.p.i.AbstractProblemLoader Loading environment from src\test\resources\testcase\issues\1566\a.key 
323946     DEBUG Test worker     d.u.i.k.p.i.AbstractProblemLoader Environment load took 410.4ns 
323946     INFO  Test worker     d.u.i.k.p.i.AbstractProblemLoader Creating init config 
327084     DEBUG Test worker     d.u.i.k.p.i.AbstractProblemLoader Init config took 3.14s 
327100     INFO  Test worker     d.u.i.k.p.i.AbstractProblemLoader Replaying proof a.key 
327100     DEBUG Test worker     d.u.i.k.p.i.IntermediateProofReplayer Proof replay took 9ns 
327117     INFO  Test worker     d.u.i.k.p.i.AbstractProblemLoader Loading environment from src\test\resources\testcase\issues\39\A.java 
327117     DEBUG Test worker     d.u.i.k.p.i.AbstractProblemLoader Environment load took 127.2ns 
327117     INFO  Test worker     d.u.i.k.p.i.AbstractProblemLoader Creating init config 
]]></system-out>
  <system-err><![CDATA[]]></system-err>
</testsuite>
