<?xml version="1.0" encoding="UTF-8"?>
<testsuite name="de.uka.ilkd.key.parser.TestDeclParser" tests="14" skipped="2" failures="0" errors="0" timestamp="2023-05-27T16:04:41" hostname="fv-az618-145" time="12.382">
  <properties/>
  <testcase name="testGenericSortDecl1()" classname="de.uka.ilkd.key.parser.TestDeclParser" time="1.151"/>
  <testcase name="testGenericSortDecl2()" classname="de.uka.ilkd.key.parser.TestDeclParser" time="1.063"/>
  <testcase name="testGenericSortDecl3()" classname="de.uka.ilkd.key.parser.TestDeclParser" time="0.967"/>
  <testcase name="testGenericSortDecl4()" classname="de.uka.ilkd.key.parser.TestDeclParser" time="1.022"/>
  <testcase name="testGenericSortDecl5()" classname="de.uka.ilkd.key.parser.TestDeclParser" time="0.002">
    <skipped/>
  </testcase>
  <testcase name="testGenericSortDecl6()" classname="de.uka.ilkd.key.parser.TestDeclParser" time="0.947"/>
  <testcase name="testSortDecl()" classname="de.uka.ilkd.key.parser.TestDeclParser" time="1.048"/>
  <testcase name="testProxySortDecl()" classname="de.uka.ilkd.key.parser.TestDeclParser" time="1.041"/>
  <testcase name="testArrayDecl()" classname="de.uka.ilkd.key.parser.TestDeclParser" time="0.973"/>
  <testcase name="testAmbiguousDecls()" classname="de.uka.ilkd.key.parser.TestDeclParser" time="0.0">
    <skipped/>
  </testcase>
  <testcase name="testHeurDecl()" classname="de.uka.ilkd.key.parser.TestDeclParser" time="1.077"/>
  <testcase name="testFunctionDecl()" classname="de.uka.ilkd.key.parser.TestDeclParser" time="1.071"/>
  <testcase name="testPredicateDecl()" classname="de.uka.ilkd.key.parser.TestDeclParser" time="0.965"/>
  <testcase name="testSVDecl()" classname="de.uka.ilkd.key.parser.TestDeclParser" time="1.043"/>
  <system-out><![CDATA[231102     INFO  Test worker     d.u.i.k.n.KeyIO           Parsing took 0 ms 
231102     DEBUG Test worker     d.u.i.k.n.KeyIO           Load declarations of de.uka.ilkd.key.nparser.KeyAst$File:  <unknown>:1#1 
231102     INFO  Test worker     d.u.i.k.n.KeyIO           MODE: declarations took 0 ms 
231102     DEBUG Test worker     d.u.i.k.n.KeyIO           MODE: 2nd degree decls took 0 
231102     DEBUG Test worker     d.u.i.k.n.KeyIO           MODE: taclets took 0ms 
232171     INFO  Test worker     d.u.i.k.n.KeyIO           Parsing took 0 ms 
232171     DEBUG Test worker     d.u.i.k.n.KeyIO           Load declarations of de.uka.ilkd.key.nparser.KeyAst$File:  <unknown>:1#1 
232171     INFO  Test worker     d.u.i.k.n.KeyIO           MODE: declarations took 0 ms 
232171     DEBUG Test worker     d.u.i.k.n.KeyIO           MODE: 2nd degree decls took 0 
232171     DEBUG Test worker     d.u.i.k.n.KeyIO           MODE: taclets took 0ms 
233147     INFO  Test worker     d.u.i.k.n.KeyIO           Parsing took 0 ms 
233147     DEBUG Test worker     d.u.i.k.n.KeyIO           Load declarations of de.uka.ilkd.key.nparser.KeyAst$File:  <unknown>:1#1 
233147     INFO  Test worker     d.u.i.k.n.KeyIO           MODE: declarations took 0 ms 
233147     DEBUG Test worker     d.u.i.k.n.KeyIO           MODE: 2nd degree decls took 0 
233147     DEBUG Test worker     d.u.i.k.n.KeyIO           MODE: taclets took 0ms 
234172     INFO  Test worker     d.u.i.k.n.KeyIO           Parsing took 0 ms 
234172     DEBUG Test worker     d.u.i.k.n.KeyIO           Load declarations of de.uka.ilkd.key.nparser.KeyAst$File:  <unknown>:1#1 
234172     INFO  Test worker     d.u.i.k.n.KeyIO           MODE: declarations took 0 ms 
234172     DEBUG Test worker     d.u.i.k.n.KeyIO           MODE: 2nd degree decls took 0 
234172     DEBUG Test worker     d.u.i.k.n.KeyIO           MODE: taclets took 0ms 
235135     INFO  Test worker     d.u.i.k.n.KeyIO           Parsing took 0 ms 
235135     DEBUG Test worker     d.u.i.k.n.KeyIO           Load declarations of de.uka.ilkd.key.nparser.KeyAst$File:  <unknown>:1#1 
235135     INFO  Test worker     d.u.i.k.n.KeyIO           MODE: declarations took 0 ms 
235135     DEBUG Test worker     d.u.i.k.n.KeyIO           MODE: 2nd degree decls took 0 
235135     DEBUG Test worker     d.u.i.k.n.KeyIO           MODE: taclets took 0ms 
236176     INFO  Test worker     d.u.i.k.n.KeyIO           Parsing took 0 ms 
236176     DEBUG Test worker     d.u.i.k.n.KeyIO           Load declarations of de.uka.ilkd.key.nparser.KeyAst$File:  <unknown>:1#1 
236176     INFO  Test worker     d.u.i.k.n.KeyIO           MODE: declarations took 0 ms 
236176     DEBUG Test worker     d.u.i.k.n.KeyIO           MODE: 2nd degree decls took 0 
236176     DEBUG Test worker     d.u.i.k.n.KeyIO           MODE: taclets took 0ms 
237218     INFO  Test worker     d.u.i.k.n.KeyIO           Parsing took 0 ms 
237218     DEBUG Test worker     d.u.i.k.n.KeyIO           Load declarations of de.uka.ilkd.key.nparser.KeyAst$File:  <unknown>:1#1 
237218     INFO  Test worker     d.u.i.k.n.KeyIO           MODE: declarations took 0 ms 
237218     DEBUG Test worker     d.u.i.k.n.KeyIO           MODE: 2nd degree decls took 0 
237218     DEBUG Test worker     d.u.i.k.n.KeyIO           MODE: taclets took 0ms 
238203     INFO  Test worker     d.u.i.k.n.KeyIO           Parsing took 0 ms 
238203     DEBUG Test worker     d.u.i.k.n.KeyIO           Load declarations of de.uka.ilkd.key.nparser.KeyAst$File:  <unknown>:1#1 
238203     INFO  Test worker     d.u.i.k.n.KeyIO           MODE: declarations took 0 ms 
238203     DEBUG Test worker     d.u.i.k.n.KeyIO           MODE: 2nd degree decls took 0 
238203     DEBUG Test worker     d.u.i.k.n.KeyIO           MODE: taclets took 0ms 
239272     INFO  Test worker     d.u.i.k.n.KeyIO           Parsing took 0 ms 
239272     DEBUG Test worker     d.u.i.k.n.KeyIO           Load declarations of de.uka.ilkd.key.nparser.KeyAst$File:  <unknown>:1#1 
239272     INFO  Test worker     d.u.i.k.n.KeyIO           MODE: declarations took 0 ms 
239272     DEBUG Test worker     d.u.i.k.n.KeyIO           MODE: 2nd degree decls took 0 
239272     DEBUG Test worker     d.u.i.k.n.KeyIO           MODE: taclets took 0ms 
240341     INFO  Test worker     d.u.i.k.n.KeyIO           Parsing took 0 ms 
240341     DEBUG Test worker     d.u.i.k.n.KeyIO           Load declarations of de.uka.ilkd.key.nparser.KeyAst$File:  <unknown>:1#1 
240341     INFO  Test worker     d.u.i.k.n.KeyIO           MODE: declarations took 0 ms 
240341     DEBUG Test worker     d.u.i.k.n.KeyIO           MODE: 2nd degree decls took 0 
240341     DEBUG Test worker     d.u.i.k.n.KeyIO           MODE: taclets took 0ms 
241305     INFO  Test worker     d.u.i.k.n.KeyIO           Parsing took 0 ms 
241305     DEBUG Test worker     d.u.i.k.n.KeyIO           Load declarations of de.uka.ilkd.key.nparser.KeyAst$File:  <unknown>:1#1 
241305     INFO  Test worker     d.u.i.k.n.KeyIO           MODE: declarations took 0 ms 
241305     DEBUG Test worker     d.u.i.k.n.KeyIO           MODE: 2nd degree decls took 0 
241305     DEBUG Test worker     d.u.i.k.n.KeyIO           MODE: taclets took 0ms 
242338     INFO  Test worker     d.u.i.k.n.KeyIO           Parsing took 0 ms 
242338     DEBUG Test worker     d.u.i.k.n.KeyIO           Load declarations of de.uka.ilkd.key.nparser.KeyAst$File:  <unknown>:1#1 
242338     INFO  Test worker     d.u.i.k.n.KeyIO           MODE: declarations took 0 ms 
242338     DEBUG Test worker     d.u.i.k.n.KeyIO           MODE: 2nd degree decls took 0 
242338     DEBUG Test worker     d.u.i.k.n.KeyIO           MODE: taclets took 0ms 
]]></system-out>
  <system-err><![CDATA[]]></system-err>
</testsuite>
