<?xml version="1.0" encoding="UTF-8"?>
<testsuite name="de.uka.ilkd.key.parser.TestTermParserHeap" tests="39" skipped="0" failures="0" errors="0" timestamp="2023-05-27T16:06:27" hostname="fv-az618-145" time="123.441">
  <properties/>
  <testcase name="testBracketHeapUpdate()" classname="de.uka.ilkd.key.parser.TestTermParserHeap" time="0.017"/>
  <testcase name="testStore()" classname="de.uka.ilkd.key.parser.TestTermParserHeap" time="0.011"/>
  <testcase name="testUnknownConstant()" classname="de.uka.ilkd.key.parser.TestTermParserHeap" time="0.005"/>
  <testcase name="testAllFieldsSelector()" classname="de.uka.ilkd.key.parser.TestTermParserHeap" time="0.004"/>
  <testcase name="testParsePrettyPrintedSelect()" classname="de.uka.ilkd.key.parser.TestTermParserHeap" time="0.003"/>
  <testcase name="testAccessStaticMembers()" classname="de.uka.ilkd.key.parser.TestTermParserHeap" time="0.009"/>
  <testcase name="testAtOperator_1()" classname="de.uka.ilkd.key.parser.TestTermParserHeap" time="0.003"/>
  <testcase name="testAtOperator_2()" classname="de.uka.ilkd.key.parser.TestTermParserHeap" time="0.001"/>
  <testcase name="testAtOperator_3()" classname="de.uka.ilkd.key.parser.TestTermParserHeap" time="0.004"/>
  <testcase name="testAtOperator_4()" classname="de.uka.ilkd.key.parser.TestTermParserHeap" time="0.012"/>
  <testcase name="testAtOperator_5()" classname="de.uka.ilkd.key.parser.TestTermParserHeap" time="0.004"/>
  <testcase name="testAtOperator_6()" classname="de.uka.ilkd.key.parser.TestTermParserHeap" time="0.006"/>
  <testcase name="testAtOperator_7()" classname="de.uka.ilkd.key.parser.TestTermParserHeap" time="0.003"/>
  <testcase name="testAtOperator_8()" classname="de.uka.ilkd.key.parser.TestTermParserHeap" time="0.009"/>
  <testcase name="testVerifyExceptionIfAtOperatorNotPreceededBySelectTerm()" classname="de.uka.ilkd.key.parser.TestTermParserHeap" time="0.007"/>
  <testcase name="testBugResettingCounter()" classname="de.uka.ilkd.key.parser.TestTermParserHeap" time="0.005"/>
  <testcase name="testLocationSets()" classname="de.uka.ilkd.key.parser.TestTermParserHeap" time="0.002"/>
  <testcase name="testQuantifiedSelect()" classname="de.uka.ilkd.key.parser.TestTermParserHeap" time="0.004"/>
  <testcase name="testGenericObjectProperties()" classname="de.uka.ilkd.key.parser.TestTermParserHeap" time="0.004"/>
  <testcase name="testQueryInheritance_1()" classname="de.uka.ilkd.key.parser.TestTermParserHeap" time="0.005"/>
  <testcase name="testQueryInheritance_2()" classname="de.uka.ilkd.key.parser.TestTermParserHeap" time="0.009"/>
  <testcase name="testQueryInheritance_3()" classname="de.uka.ilkd.key.parser.TestTermParserHeap" time="0.005"/>
  <testcase name="testQueryInheritance_4()" classname="de.uka.ilkd.key.parser.TestTermParserHeap" time="0.005"/>
  <testcase name="testQueryInheritance_5()" classname="de.uka.ilkd.key.parser.TestTermParserHeap" time="0.002"/>
  <testcase name="testQueryInheritance_6()" classname="de.uka.ilkd.key.parser.TestTermParserHeap" time="0.002"/>
  <testcase name="testQueryInheritance_7()" classname="de.uka.ilkd.key.parser.TestTermParserHeap" time="0.003"/>
  <testcase name="testQueryInheritance_8()" classname="de.uka.ilkd.key.parser.TestTermParserHeap" time="0.004"/>
  <testcase name="testQueryInheritance_9()" classname="de.uka.ilkd.key.parser.TestTermParserHeap" time="0.001"/>
  <testcase name="testQueryBasic_10()" classname="de.uka.ilkd.key.parser.TestTermParserHeap" time="0.003"/>
  <testcase name="testQueryBasic_11()" classname="de.uka.ilkd.key.parser.TestTermParserHeap" time="0.004"/>
  <testcase name="testQueryBasic_1()" classname="de.uka.ilkd.key.parser.TestTermParserHeap" time="0.004"/>
  <testcase name="testQueryBasic_2()" classname="de.uka.ilkd.key.parser.TestTermParserHeap" time="0.002"/>
  <testcase name="testQueryBasic_3()" classname="de.uka.ilkd.key.parser.TestTermParserHeap" time="0.015"/>
  <testcase name="testQueryBasic_4()" classname="de.uka.ilkd.key.parser.TestTermParserHeap" time="0.005"/>
  <testcase name="testQueryBasic_5()" classname="de.uka.ilkd.key.parser.TestTermParserHeap" time="0.003"/>
  <testcase name="testQueryBasic_6()" classname="de.uka.ilkd.key.parser.TestTermParserHeap" time="0.003"/>
  <testcase name="testQueryBasic_7()" classname="de.uka.ilkd.key.parser.TestTermParserHeap" time="0.003"/>
  <testcase name="testQueryBasic_8()" classname="de.uka.ilkd.key.parser.TestTermParserHeap" time="0.004"/>
  <testcase name="testQueryBasic_9()" classname="de.uka.ilkd.key.parser.TestTermParserHeap" time="0.003"/>
  <system-out><![CDATA[336130     INFO  Test worker     d.u.i.k.n.KeyIO           Parsing took 0 ms 
336130     DEBUG Test worker     d.u.i.k.n.KeyIO           Load declarations of de.uka.ilkd.key.nparser.KeyAst$File:  <unknown>:1#1 
336130     INFO  Test worker     d.u.i.k.n.KeyIO           MODE: declarations took 0 ms 
336130     DEBUG Test worker     d.u.i.k.n.KeyIO           MODE: 2nd degree decls took 0 
336130     INFO  Test worker     d.u.i.k.n.KeyIO           Parsing took 0 ms 
336130     DEBUG Test worker     d.u.i.k.n.KeyIO           Load declarations of de.uka.ilkd.key.nparser.KeyAst$File:  <unknown>:1#1 
336130     INFO  Test worker     d.u.i.k.n.KeyIO           MODE: declarations took 0 ms 
336130     DEBUG Test worker     d.u.i.k.n.KeyIO           MODE: 2nd degree decls took 0 
336130     INFO  Test worker     d.u.i.k.n.KeyIO           Parsing took 0 ms 
336130     DEBUG Test worker     d.u.i.k.n.KeyIO           Load declarations of de.uka.ilkd.key.nparser.KeyAst$File:  <unknown>:1#1 
336130     INFO  Test worker     d.u.i.k.n.KeyIO           MODE: declarations took 0 ms 
336130     DEBUG Test worker     d.u.i.k.n.KeyIO           MODE: 2nd degree decls took 0 
336130     INFO  Test worker     d.u.i.k.n.KeyIO           Parsing took 0 ms 
336130     DEBUG Test worker     d.u.i.k.n.KeyIO           Load declarations of de.uka.ilkd.key.nparser.KeyAst$File:  <unknown>:1#1 
336130     INFO  Test worker     d.u.i.k.n.KeyIO           MODE: declarations took 0 ms 
336130     DEBUG Test worker     d.u.i.k.n.KeyIO           MODE: 2nd degree decls took 0 
336130     INFO  Test worker     d.u.i.k.n.KeyIO           Parsing took 0 ms 
336130     DEBUG Test worker     d.u.i.k.n.KeyIO           Load declarations of de.uka.ilkd.key.nparser.KeyAst$File:  <unknown>:1#1 
336130     INFO  Test worker     d.u.i.k.n.KeyIO           MODE: declarations took 0 ms 
336130     DEBUG Test worker     d.u.i.k.n.KeyIO           MODE: 2nd degree decls took 0 
339469     INFO  Test worker     d.u.i.k.n.KeyIO           Parsing took 0 ms 
339469     DEBUG Test worker     d.u.i.k.n.KeyIO           Load declarations of de.uka.ilkd.key.nparser.KeyAst$File:  <unknown>:1#1 
339469     INFO  Test worker     d.u.i.k.n.KeyIO           MODE: declarations took 0 ms 
339469     DEBUG Test worker     d.u.i.k.n.KeyIO           MODE: 2nd degree decls took 0 
339469     INFO  Test worker     d.u.i.k.n.KeyIO           Parsing took 0 ms 
339469     DEBUG Test worker     d.u.i.k.n.KeyIO           Load declarations of de.uka.ilkd.key.nparser.KeyAst$File:  <unknown>:1#1 
339469     INFO  Test worker     d.u.i.k.n.KeyIO           MODE: declarations took 0 ms 
339469     DEBUG Test worker     d.u.i.k.n.KeyIO           MODE: 2nd degree decls took 0 
339469     INFO  Test worker     d.u.i.k.n.KeyIO           Parsing took 0 ms 
339469     DEBUG Test worker     d.u.i.k.n.KeyIO           Load declarations of de.uka.ilkd.key.nparser.KeyAst$File:  <unknown>:1#1 
339469     INFO  Test worker     d.u.i.k.n.KeyIO           MODE: declarations took 0 ms 
339469     DEBUG Test worker     d.u.i.k.n.KeyIO           MODE: 2nd degree decls took 0 
339469     INFO  Test worker     d.u.i.k.n.KeyIO           Parsing took 0 ms 
339469     DEBUG Test worker     d.u.i.k.n.KeyIO           Load declarations of de.uka.ilkd.key.nparser.KeyAst$File:  <unknown>:1#1 
339484     INFO  Test worker     d.u.i.k.n.KeyIO           MODE: declarations took 15 ms 
339484     DEBUG Test worker     d.u.i.k.n.KeyIO           MODE: 2nd degree decls took 0 
339484     INFO  Test worker     d.u.i.k.n.KeyIO           Parsing took 0 ms 
339484     DEBUG Test worker     d.u.i.k.n.KeyIO           Load declarations of de.uka.ilkd.key.nparser.KeyAst$File:  <unknown>:1#1 
339484     INFO  Test worker     d.u.i.k.n.KeyIO           MODE: declarations took 0 ms 
339484     DEBUG Test worker     d.u.i.k.n.KeyIO           MODE: 2nd degree decls took 0 
342777     INFO  Test worker     d.u.i.k.n.KeyIO           Parsing took 0 ms 
342777     DEBUG Test worker     d.u.i.k.n.KeyIO           Load declarations of de.uka.ilkd.key.nparser.KeyAst$File:  <unknown>:1#1 
342777     INFO  Test worker     d.u.i.k.n.KeyIO           MODE: declarations took 0 ms 
342777     DEBUG Test worker     d.u.i.k.n.KeyIO           MODE: 2nd degree decls took 0 
342777     INFO  Test worker     d.u.i.k.n.KeyIO           Parsing took 0 ms 
342777     DEBUG Test worker     d.u.i.k.n.KeyIO           Load declarations of de.uka.ilkd.key.nparser.KeyAst$File:  <unknown>:1#1 
342777     INFO  Test worker     d.u.i.k.n.KeyIO           MODE: declarations took 0 ms 
342777     DEBUG Test worker     d.u.i.k.n.KeyIO           MODE: 2nd degree decls took 0 
342777     INFO  Test worker     d.u.i.k.n.KeyIO           Parsing took 0 ms 
342777     DEBUG Test worker     d.u.i.k.n.KeyIO           Load declarations of de.uka.ilkd.key.nparser.KeyAst$File:  <unknown>:1#1 
342777     INFO  Test worker     d.u.i.k.n.KeyIO           MODE: declarations took 0 ms 
342777     DEBUG Test worker     d.u.i.k.n.KeyIO           MODE: 2nd degree decls took 0 
342777     INFO  Test worker     d.u.i.k.n.KeyIO           Parsing took 0 ms 
342777     DEBUG Test worker     d.u.i.k.n.KeyIO           Load declarations of de.uka.ilkd.key.nparser.KeyAst$File:  <unknown>:1#1 
342777     INFO  Test worker     d.u.i.k.n.KeyIO           MODE: declarations took 0 ms 
342777     DEBUG Test worker     d.u.i.k.n.KeyIO           MODE: 2nd degree decls took 0 
342777     INFO  Test worker     d.u.i.k.n.KeyIO           Parsing took 0 ms 
342777     DEBUG Test worker     d.u.i.k.n.KeyIO           Load declarations of de.uka.ilkd.key.nparser.KeyAst$File:  <unknown>:1#1 
342777     INFO  Test worker     d.u.i.k.n.KeyIO           MODE: declarations took 0 ms 
342777     DEBUG Test worker     d.u.i.k.n.KeyIO           MODE: 2nd degree decls took 0 
342777     INFO  Test worker     d.u.i.k.n.KeyIO           Parsing took 0 ms 
342777     DEBUG Test worker     d.u.i.k.n.KeyIO           Load declarations of de.uka.ilkd.key.nparser.KeyAst$File:  <unknown>:1#1 
342777     INFO  Test worker     d.u.i.k.n.KeyIO           MODE: declarations took 0 ms 
342777     DEBUG Test worker     d.u.i.k.n.KeyIO           MODE: 2nd degree decls took 0 
346115     INFO  Test worker     d.u.i.k.n.KeyIO           Parsing took 0 ms 
346115     DEBUG Test worker     d.u.i.k.n.KeyIO           Load declarations of de.uka.ilkd.key.nparser.KeyAst$File:  <unknown>:1#1 
346115     INFO  Test worker     d.u.i.k.n.KeyIO           MODE: declarations took 0 ms 
346115     DEBUG Test worker     d.u.i.k.n.KeyIO           MODE: 2nd degree decls took 0 
346115     INFO  Test worker     d.u.i.k.n.KeyIO           Parsing took 0 ms 
346115     DEBUG Test worker     d.u.i.k.n.KeyIO           Load declarations of de.uka.ilkd.key.nparser.KeyAst$File:  <unknown>:1#1 
346115     INFO  Test worker     d.u.i.k.n.KeyIO           MODE: declarations took 0 ms 
346115     DEBUG Test worker     d.u.i.k.n.KeyIO           MODE: 2nd degree decls took 0 
346115     INFO  Test worker     d.u.i.k.n.KeyIO           Parsing took 0 ms 
346115     DEBUG Test worker     d.u.i.k.n.KeyIO           Load declarations of de.uka.ilkd.key.nparser.KeyAst$File:  <unknown>:1#1 
346115     INFO  Test worker     d.u.i.k.n.KeyIO           MODE: declarations took 0 ms 
346115     DEBUG Test worker     d.u.i.k.n.KeyIO           MODE: 2nd degree decls took 0 
346115     INFO  Test worker     d.u.i.k.n.KeyIO           Parsing took 0 ms 
346115     DEBUG Test worker     d.u.i.k.n.KeyIO           Load declarations of de.uka.ilkd.key.nparser.KeyAst$File:  <unknown>:1#1 
346115     INFO  Test worker     d.u.i.k.n.KeyIO           MODE: declarations took 0 ms 
346115     DEBUG Test worker     d.u.i.k.n.KeyIO           MODE: 2nd degree decls took 0 
346115     INFO  Test worker     d.u.i.k.n.KeyIO           Parsing took 0 ms 
346115     DEBUG Test worker     d.u.i.k.n.KeyIO           Load declarations of de.uka.ilkd.key.nparser.KeyAst$File:  <unknown>:1#1 
346115     INFO  Test worker     d.u.i.k.n.KeyIO           MODE: declarations took 0 ms 
346115     DEBUG Test worker     d.u.i.k.n.KeyIO           MODE: 2nd degree decls took 0 
349420     INFO  Test worker     d.u.i.k.n.KeyIO           Parsing took 0 ms 
349420     DEBUG Test worker     d.u.i.k.n.KeyIO           Load declarations of de.uka.ilkd.key.nparser.KeyAst$File:  <unknown>:1#1 
349420     INFO  Test worker     d.u.i.k.n.KeyIO           MODE: declarations took 0 ms 
349420     DEBUG Test worker     d.u.i.k.n.KeyIO           MODE: 2nd degree decls took 0 
349420     INFO  Test worker     d.u.i.k.n.KeyIO           Parsing took 0 ms 
349420     DEBUG Test worker     d.u.i.k.n.KeyIO           Load declarations of de.uka.ilkd.key.nparser.KeyAst$File:  <unknown>:1#1 
349420     INFO  Test worker     d.u.i.k.n.KeyIO           MODE: declarations took 0 ms 
349420     DEBUG Test worker     d.u.i.k.n.KeyIO           MODE: 2nd degree decls took 0 
349420     INFO  Test worker     d.u.i.k.n.KeyIO           Parsing took 0 ms 
349420     DEBUG Test worker     d.u.i.k.n.KeyIO           Load declarations of de.uka.ilkd.key.nparser.KeyAst$File:  <unknown>:1#1 
349420     INFO  Test worker     d.u.i.k.n.KeyIO           MODE: declarations took 0 ms 
349420     DEBUG Test worker     d.u.i.k.n.KeyIO           MODE: 2nd degree decls took 0 
349420     INFO  Test worker     d.u.i.k.n.KeyIO           Parsing took 0 ms 
349420     DEBUG Test worker     d.u.i.k.n.KeyIO           Load declarations of de.uka.ilkd.key.nparser.KeyAst$File:  <unknown>:1#1 
349420     INFO  Test worker     d.u.i.k.n.KeyIO           MODE: declarations took 0 ms 
349420     DEBUG Test worker     d.u.i.k.n.KeyIO           MODE: 2nd degree decls took 0 
349420     INFO  Test worker     d.u.i.k.n.KeyIO           Parsing took 0 ms 
349420     DEBUG Test worker     d.u.i.k.n.KeyIO           Load declarations of de.uka.ilkd.key.nparser.KeyAst$File:  <unknown>:1#1 
349420     INFO  Test worker     d.u.i.k.n.KeyIO           MODE: declarations took 0 ms 
349420     DEBUG Test worker     d.u.i.k.n.KeyIO           MODE: 2nd degree decls took 0 
352697     INFO  Test worker     d.u.i.k.n.KeyIO           Parsing took 0 ms 
352697     DEBUG Test worker     d.u.i.k.n.KeyIO           Load declarations of de.uka.ilkd.key.nparser.KeyAst$File:  <unknown>:1#1 
352697     INFO  Test worker     d.u.i.k.n.KeyIO           MODE: declarations took 0 ms 
352697     DEBUG Test worker     d.u.i.k.n.KeyIO           MODE: 2nd degree decls took 0 
352697     INFO  Test worker     d.u.i.k.n.KeyIO           Parsing took 0 ms 
352697     DEBUG Test worker     d.u.i.k.n.KeyIO           Load declarations of de.uka.ilkd.key.nparser.KeyAst$File:  <unknown>:1#1 
352713     INFO  Test worker     d.u.i.k.n.KeyIO           MODE: declarations took 16 ms 
352713     DEBUG Test worker     d.u.i.k.n.KeyIO           MODE: 2nd degree decls took 0 
352713     INFO  Test worker     d.u.i.k.n.KeyIO           Parsing took 0 ms 
352713     DEBUG Test worker     d.u.i.k.n.KeyIO           Load declarations of de.uka.ilkd.key.nparser.KeyAst$File:  <unknown>:1#1 
352713     INFO  Test worker     d.u.i.k.n.KeyIO           MODE: declarations took 0 ms 
352713     DEBUG Test worker     d.u.i.k.n.KeyIO           MODE: 2nd degree decls took 0 
352713     INFO  Test worker     d.u.i.k.n.KeyIO           Parsing took 0 ms 
352713     DEBUG Test worker     d.u.i.k.n.KeyIO           Load declarations of de.uka.ilkd.key.nparser.KeyAst$File:  <unknown>:1#1 
352713     INFO  Test worker     d.u.i.k.n.KeyIO           MODE: declarations took 0 ms 
352713     DEBUG Test worker     d.u.i.k.n.KeyIO           MODE: 2nd degree decls took 0 
352713     INFO  Test worker     d.u.i.k.n.KeyIO           Parsing took 0 ms 
352713     DEBUG Test worker     d.u.i.k.n.KeyIO           Load declarations of de.uka.ilkd.key.nparser.KeyAst$File:  <unknown>:1#1 
352713     INFO  Test worker     d.u.i.k.n.KeyIO           MODE: declarations took 0 ms 
352713     DEBUG Test worker     d.u.i.k.n.KeyIO           MODE: 2nd degree decls took 0 
356052     INFO  Test worker     d.u.i.k.n.KeyIO           Parsing took 0 ms 
356052     DEBUG Test worker     d.u.i.k.n.KeyIO           Load declarations of de.uka.ilkd.key.nparser.KeyAst$File:  <unknown>:1#1 
356052     INFO  Test worker     d.u.i.k.n.KeyIO           MODE: declarations took 0 ms 
356052     DEBUG Test worker     d.u.i.k.n.KeyIO           MODE: 2nd degree decls took 0 
356052     INFO  Test worker     d.u.i.k.n.KeyIO           Parsing took 0 ms 
356052     DEBUG Test worker     d.u.i.k.n.KeyIO           Load declarations of de.uka.ilkd.key.nparser.KeyAst$File:  <unknown>:1#1 
356052     INFO  Test worker     d.u.i.k.n.KeyIO           MODE: declarations took 0 ms 
356052     DEBUG Test worker     d.u.i.k.n.KeyIO           MODE: 2nd degree decls took 0 
356052     INFO  Test worker     d.u.i.k.n.KeyIO           Parsing took 0 ms 
356052     DEBUG Test worker     d.u.i.k.n.KeyIO           Load declarations of de.uka.ilkd.key.nparser.KeyAst$File:  <unknown>:1#1 
356052     INFO  Test worker     d.u.i.k.n.KeyIO           MODE: declarations took 0 ms 
356052     DEBUG Test worker     d.u.i.k.n.KeyIO           MODE: 2nd degree decls took 0 
356052     INFO  Test worker     d.u.i.k.n.KeyIO           Parsing took 0 ms 
356052     DEBUG Test worker     d.u.i.k.n.KeyIO           Load declarations of de.uka.ilkd.key.nparser.KeyAst$File:  <unknown>:1#1 
356052     INFO  Test worker     d.u.i.k.n.KeyIO           MODE: declarations took 0 ms 
356052     DEBUG Test worker     d.u.i.k.n.KeyIO           MODE: 2nd degree decls took 0 
356052     INFO  Test worker     d.u.i.k.n.KeyIO           Parsing took 0 ms 
356052     DEBUG Test worker     d.u.i.k.n.KeyIO           Load declarations of de.uka.ilkd.key.nparser.KeyAst$File:  <unknown>:1#1 
356052     INFO  Test worker     d.u.i.k.n.KeyIO           MODE: declarations took 0 ms 
356052     DEBUG Test worker     d.u.i.k.n.KeyIO           MODE: 2nd degree decls took 0 
359346     INFO  Test worker     d.u.i.k.n.KeyIO           Parsing took 0 ms 
359346     DEBUG Test worker     d.u.i.k.n.KeyIO           Load declarations of de.uka.ilkd.key.nparser.KeyAst$File:  <unknown>:1#1 
359346     INFO  Test worker     d.u.i.k.n.KeyIO           MODE: declarations took 0 ms 
359346     DEBUG Test worker     d.u.i.k.n.KeyIO           MODE: 2nd degree decls took 0 
359346     INFO  Test worker     d.u.i.k.n.KeyIO           Parsing took 0 ms 
359346     DEBUG Test worker     d.u.i.k.n.KeyIO           Load declarations of de.uka.ilkd.key.nparser.KeyAst$File:  <unknown>:1#1 
359346     INFO  Test worker     d.u.i.k.n.KeyIO           MODE: declarations took 0 ms 
359346     DEBUG Test worker     d.u.i.k.n.KeyIO           MODE: 2nd degree decls took 0 
359346     INFO  Test worker     d.u.i.k.n.KeyIO           Parsing took 0 ms 
359346     DEBUG Test worker     d.u.i.k.n.KeyIO           Load declarations of de.uka.ilkd.key.nparser.KeyAst$File:  <unknown>:1#1 
359346     INFO  Test worker     d.u.i.k.n.KeyIO           MODE: declarations took 0 ms 
359346     DEBUG Test worker     d.u.i.k.n.KeyIO           MODE: 2nd degree decls took 0 
359346     INFO  Test worker     d.u.i.k.n.KeyIO           Parsing took 0 ms 
359346     DEBUG Test worker     d.u.i.k.n.KeyIO           Load declarations of de.uka.ilkd.key.nparser.KeyAst$File:  <unknown>:1#1 
359346     INFO  Test worker     d.u.i.k.n.KeyIO           MODE: declarations took 0 ms 
359346     DEBUG Test worker     d.u.i.k.n.KeyIO           MODE: 2nd degree decls took 0 
359346     INFO  Test worker     d.u.i.k.n.KeyIO           Parsing took 0 ms 
359346     DEBUG Test worker     d.u.i.k.n.KeyIO           Load declarations of de.uka.ilkd.key.nparser.KeyAst$File:  <unknown>:1#1 
359346     INFO  Test worker     d.u.i.k.n.KeyIO           MODE: declarations took 0 ms 
359346     DEBUG Test worker     d.u.i.k.n.KeyIO           MODE: 2nd degree decls took 0 
362563     INFO  Test worker     d.u.i.k.n.KeyIO           Parsing took 0 ms 
362563     DEBUG Test worker     d.u.i.k.n.KeyIO           Load declarations of de.uka.ilkd.key.nparser.KeyAst$File:  <unknown>:1#1 
362563     INFO  Test worker     d.u.i.k.n.KeyIO           MODE: declarations took 0 ms 
362563     DEBUG Test worker     d.u.i.k.n.KeyIO           MODE: 2nd degree decls took 0 
362563     INFO  Test worker     d.u.i.k.n.KeyIO           Parsing took 0 ms 
362563     DEBUG Test worker     d.u.i.k.n.KeyIO           Load declarations of de.uka.ilkd.key.nparser.KeyAst$File:  <unknown>:1#1 
362563     INFO  Test worker     d.u.i.k.n.KeyIO           MODE: declarations took 0 ms 
362578     DEBUG Test worker     d.u.i.k.n.KeyIO           MODE: 2nd degree decls took 0 
362578     INFO  Test worker     d.u.i.k.n.KeyIO           Parsing took 0 ms 
362578     DEBUG Test worker     d.u.i.k.n.KeyIO           Load declarations of de.uka.ilkd.key.nparser.KeyAst$File:  <unknown>:1#1 
362578     INFO  Test worker     d.u.i.k.n.KeyIO           MODE: declarations took 0 ms 
362578     DEBUG Test worker     d.u.i.k.n.KeyIO           MODE: 2nd degree decls took 0 
362578     INFO  Test worker     d.u.i.k.n.KeyIO           Parsing took 0 ms 
362578     DEBUG Test worker     d.u.i.k.n.KeyIO           Load declarations of de.uka.ilkd.key.nparser.KeyAst$File:  <unknown>:1#1 
362578     INFO  Test worker     d.u.i.k.n.KeyIO           MODE: declarations took 0 ms 
362578     DEBUG Test worker     d.u.i.k.n.KeyIO           MODE: 2nd degree decls took 0 
362578     INFO  Test worker     d.u.i.k.n.KeyIO           Parsing took 0 ms 
362578     DEBUG Test worker     d.u.i.k.n.KeyIO           Load declarations of de.uka.ilkd.key.nparser.KeyAst$File:  <unknown>:1#1 
362578     INFO  Test worker     d.u.i.k.n.KeyIO           MODE: declarations took 0 ms 
362578     DEBUG Test worker     d.u.i.k.n.KeyIO           MODE: 2nd degree decls took 0 
365844     INFO  Test worker     d.u.i.k.n.KeyIO           Parsing took 0 ms 
365844     DEBUG Test worker     d.u.i.k.n.KeyIO           Load declarations of de.uka.ilkd.key.nparser.KeyAst$File:  <unknown>:1#1 
365844     INFO  Test worker     d.u.i.k.n.KeyIO           MODE: declarations took 0 ms 
365844     DEBUG Test worker     d.u.i.k.n.KeyIO           MODE: 2nd degree decls took 0 
365844     INFO  Test worker     d.u.i.k.n.KeyIO           Parsing took 0 ms 
365844     DEBUG Test worker     d.u.i.k.n.KeyIO           Load declarations of de.uka.ilkd.key.nparser.KeyAst$File:  <unknown>:1#1 
365844     INFO  Test worker     d.u.i.k.n.KeyIO           MODE: declarations took 0 ms 
365844     DEBUG Test worker     d.u.i.k.n.KeyIO           MODE: 2nd degree decls took 0 
365844     INFO  Test worker     d.u.i.k.n.KeyIO           Parsing took 0 ms 
365844     DEBUG Test worker     d.u.i.k.n.KeyIO           Load declarations of de.uka.ilkd.key.nparser.KeyAst$File:  <unknown>:1#1 
365844     INFO  Test worker     d.u.i.k.n.KeyIO           MODE: declarations took 0 ms 
365844     DEBUG Test worker     d.u.i.k.n.KeyIO           MODE: 2nd degree decls took 0 
365844     INFO  Test worker     d.u.i.k.n.KeyIO           Parsing took 0 ms 
365844     DEBUG Test worker     d.u.i.k.n.KeyIO           Load declarations of de.uka.ilkd.key.nparser.KeyAst$File:  <unknown>:1#1 
365844     INFO  Test worker     d.u.i.k.n.KeyIO           MODE: declarations took 0 ms 
365844     DEBUG Test worker     d.u.i.k.n.KeyIO           MODE: 2nd degree decls took 0 
365844     INFO  Test worker     d.u.i.k.n.KeyIO           Parsing took 0 ms 
365844     DEBUG Test worker     d.u.i.k.n.KeyIO           Load declarations of de.uka.ilkd.key.nparser.KeyAst$File:  <unknown>:1#1 
365844     INFO  Test worker     d.u.i.k.n.KeyIO           MODE: declarations took 0 ms 
365844     DEBUG Test worker     d.u.i.k.n.KeyIO           MODE: 2nd degree decls took 0 
369092     INFO  Test worker     d.u.i.k.n.KeyIO           Parsing took 0 ms 
369092     DEBUG Test worker     d.u.i.k.n.KeyIO           Load declarations of de.uka.ilkd.key.nparser.KeyAst$File:  <unknown>:1#1 
369092     INFO  Test worker     d.u.i.k.n.KeyIO           MODE: declarations took 0 ms 
369092     DEBUG Test worker     d.u.i.k.n.KeyIO           MODE: 2nd degree decls took 0 
369092     INFO  Test worker     d.u.i.k.n.KeyIO           Parsing took 0 ms 
369092     DEBUG Test worker     d.u.i.k.n.KeyIO           Load declarations of de.uka.ilkd.key.nparser.KeyAst$File:  <unknown>:1#1 
369092     INFO  Test worker     d.u.i.k.n.KeyIO           MODE: declarations took 0 ms 
369092     DEBUG Test worker     d.u.i.k.n.KeyIO           MODE: 2nd degree decls took 0 
369092     INFO  Test worker     d.u.i.k.n.KeyIO           Parsing took 0 ms 
369092     DEBUG Test worker     d.u.i.k.n.KeyIO           Load declarations of de.uka.ilkd.key.nparser.KeyAst$File:  <unknown>:1#1 
369092     INFO  Test worker     d.u.i.k.n.KeyIO           MODE: declarations took 0 ms 
369092     DEBUG Test worker     d.u.i.k.n.KeyIO           MODE: 2nd degree decls took 0 
369092     INFO  Test worker     d.u.i.k.n.KeyIO           Parsing took 0 ms 
369092     DEBUG Test worker     d.u.i.k.n.KeyIO           Load declarations of de.uka.ilkd.key.nparser.KeyAst$File:  <unknown>:1#1 
369092     INFO  Test worker     d.u.i.k.n.KeyIO           MODE: declarations took 0 ms 
369092     DEBUG Test worker     d.u.i.k.n.KeyIO           MODE: 2nd degree decls took 0 
369092     INFO  Test worker     d.u.i.k.n.KeyIO           Parsing took 0 ms 
369092     DEBUG Test worker     d.u.i.k.n.KeyIO           Load declarations of de.uka.ilkd.key.nparser.KeyAst$File:  <unknown>:1#1 
369092     INFO  Test worker     d.u.i.k.n.KeyIO           MODE: declarations took 0 ms 
369092     DEBUG Test worker     d.u.i.k.n.KeyIO           MODE: 2nd degree decls took 0 
372364     INFO  Test worker     d.u.i.k.n.KeyIO           Parsing took 0 ms 
372364     DEBUG Test worker     d.u.i.k.n.KeyIO           Load declarations of de.uka.ilkd.key.nparser.KeyAst$File:  <unknown>:1#1 
372364     INFO  Test worker     d.u.i.k.n.KeyIO           MODE: declarations took 0 ms 
372364     DEBUG Test worker     d.u.i.k.n.KeyIO           MODE: 2nd degree decls took 0 
372364     INFO  Test worker     d.u.i.k.n.KeyIO           Parsing took 0 ms 
372364     DEBUG Test worker     d.u.i.k.n.KeyIO           Load declarations of de.uka.ilkd.key.nparser.KeyAst$File:  <unknown>:1#1 
372364     INFO  Test worker     d.u.i.k.n.KeyIO           MODE: declarations took 0 ms 
372364     DEBUG Test worker     d.u.i.k.n.KeyIO           MODE: 2nd degree decls took 0 
372364     INFO  Test worker     d.u.i.k.n.KeyIO           Parsing took 0 ms 
372364     DEBUG Test worker     d.u.i.k.n.KeyIO           Load declarations of de.uka.ilkd.key.nparser.KeyAst$File:  <unknown>:1#1 
372364     INFO  Test worker     d.u.i.k.n.KeyIO           MODE: declarations took 0 ms 
372364     DEBUG Test worker     d.u.i.k.n.KeyIO           MODE: 2nd degree decls took 0 
372364     INFO  Test worker     d.u.i.k.n.KeyIO           Parsing took 0 ms 
372364     DEBUG Test worker     d.u.i.k.n.KeyIO           Load declarations of de.uka.ilkd.key.nparser.KeyAst$File:  <unknown>:1#1 
372364     INFO  Test worker     d.u.i.k.n.KeyIO           MODE: declarations took 0 ms 
372364     DEBUG Test worker     d.u.i.k.n.KeyIO           MODE: 2nd degree decls took 0 
372364     INFO  Test worker     d.u.i.k.n.KeyIO           Parsing took 0 ms 
372364     DEBUG Test worker     d.u.i.k.n.KeyIO           Load declarations of de.uka.ilkd.key.nparser.KeyAst$File:  <unknown>:1#1 
372364     INFO  Test worker     d.u.i.k.n.KeyIO           MODE: declarations took 0 ms 
372364     DEBUG Test worker     d.u.i.k.n.KeyIO           MODE: 2nd degree decls took 0 
375610     INFO  Test worker     d.u.i.k.n.KeyIO           Parsing took 0 ms 
375610     DEBUG Test worker     d.u.i.k.n.KeyIO           Load declarations of de.uka.ilkd.key.nparser.KeyAst$File:  <unknown>:1#1 
375610     INFO  Test worker     d.u.i.k.n.KeyIO           MODE: declarations took 0 ms 
375610     DEBUG Test worker     d.u.i.k.n.KeyIO           MODE: 2nd degree decls took 0 
375610     INFO  Test worker     d.u.i.k.n.KeyIO           Parsing took 0 ms 
375610     DEBUG Test worker     d.u.i.k.n.KeyIO           Load declarations of de.uka.ilkd.key.nparser.KeyAst$File:  <unknown>:1#1 
375610     INFO  Test worker     d.u.i.k.n.KeyIO           MODE: declarations took 0 ms 
375610     DEBUG Test worker     d.u.i.k.n.KeyIO           MODE: 2nd degree decls took 0 
375610     INFO  Test worker     d.u.i.k.n.KeyIO           Parsing took 0 ms 
375610     DEBUG Test worker     d.u.i.k.n.KeyIO           Load declarations of de.uka.ilkd.key.nparser.KeyAst$File:  <unknown>:1#1 
375610     INFO  Test worker     d.u.i.k.n.KeyIO           MODE: declarations took 0 ms 
375610     DEBUG Test worker     d.u.i.k.n.KeyIO           MODE: 2nd degree decls took 0 
375610     INFO  Test worker     d.u.i.k.n.KeyIO           Parsing took 0 ms 
375610     DEBUG Test worker     d.u.i.k.n.KeyIO           Load declarations of de.uka.ilkd.key.nparser.KeyAst$File:  <unknown>:1#1 
375610     INFO  Test worker     d.u.i.k.n.KeyIO           MODE: declarations took 0 ms 
375610     DEBUG Test worker     d.u.i.k.n.KeyIO           MODE: 2nd degree decls took 0 
375610     INFO  Test worker     d.u.i.k.n.KeyIO           Parsing took 0 ms 
375610     DEBUG Test worker     d.u.i.k.n.KeyIO           Load declarations of de.uka.ilkd.key.nparser.KeyAst$File:  <unknown>:1#1 
375610     INFO  Test worker     d.u.i.k.n.KeyIO           MODE: declarations took 0 ms 
375610     DEBUG Test worker     d.u.i.k.n.KeyIO           MODE: 2nd degree decls took 0 
378820     INFO  Test worker     d.u.i.k.n.KeyIO           Parsing took 0 ms 
378820     DEBUG Test worker     d.u.i.k.n.KeyIO           Load declarations of de.uka.ilkd.key.nparser.KeyAst$File:  <unknown>:1#1 
378820     INFO  Test worker     d.u.i.k.n.KeyIO           MODE: declarations took 0 ms 
378820     DEBUG Test worker     d.u.i.k.n.KeyIO           MODE: 2nd degree decls took 0 
378820     INFO  Test worker     d.u.i.k.n.KeyIO           Parsing took 0 ms 
378820     DEBUG Test worker     d.u.i.k.n.KeyIO           Load declarations of de.uka.ilkd.key.nparser.KeyAst$File:  <unknown>:1#1 
378820     INFO  Test worker     d.u.i.k.n.KeyIO           MODE: declarations took 0 ms 
378820     DEBUG Test worker     d.u.i.k.n.KeyIO           MODE: 2nd degree decls took 0 
378820     INFO  Test worker     d.u.i.k.n.KeyIO           Parsing took 0 ms 
378820     DEBUG Test worker     d.u.i.k.n.KeyIO           Load declarations of de.uka.ilkd.key.nparser.KeyAst$File:  <unknown>:1#1 
378820     INFO  Test worker     d.u.i.k.n.KeyIO           MODE: declarations took 0 ms 
378820     DEBUG Test worker     d.u.i.k.n.KeyIO           MODE: 2nd degree decls took 0 
378820     INFO  Test worker     d.u.i.k.n.KeyIO           Parsing took 0 ms 
378820     DEBUG Test worker     d.u.i.k.n.KeyIO           Load declarations of de.uka.ilkd.key.nparser.KeyAst$File:  <unknown>:1#1 
378820     INFO  Test worker     d.u.i.k.n.KeyIO           MODE: declarations took 0 ms 
378820     DEBUG Test worker     d.u.i.k.n.KeyIO           MODE: 2nd degree decls took 0 
378820     INFO  Test worker     d.u.i.k.n.KeyIO           Parsing took 0 ms 
378820     DEBUG Test worker     d.u.i.k.n.KeyIO           Load declarations of de.uka.ilkd.key.nparser.KeyAst$File:  <unknown>:1#1 
378820     INFO  Test worker     d.u.i.k.n.KeyIO           MODE: declarations took 0 ms 
378820     DEBUG Test worker     d.u.i.k.n.KeyIO           MODE: 2nd degree decls took 0 
381987     INFO  Test worker     d.u.i.k.n.KeyIO           Parsing took 0 ms 
381987     DEBUG Test worker     d.u.i.k.n.KeyIO           Load declarations of de.uka.ilkd.key.nparser.KeyAst$File:  <unknown>:1#1 
381987     INFO  Test worker     d.u.i.k.n.KeyIO           MODE: declarations took 0 ms 
381987     DEBUG Test worker     d.u.i.k.n.KeyIO           MODE: 2nd degree decls took 0 
381987     INFO  Test worker     d.u.i.k.n.KeyIO           Parsing took 0 ms 
381987     DEBUG Test worker     d.u.i.k.n.KeyIO           Load declarations of de.uka.ilkd.key.nparser.KeyAst$File:  <unknown>:1#1 
381987     INFO  Test worker     d.u.i.k.n.KeyIO           MODE: declarations took 0 ms 
381987     DEBUG Test worker     d.u.i.k.n.KeyIO           MODE: 2nd degree decls took 0 
381987     INFO  Test worker     d.u.i.k.n.KeyIO           Parsing took 0 ms 
381987     DEBUG Test worker     d.u.i.k.n.KeyIO           Load declarations of de.uka.ilkd.key.nparser.KeyAst$File:  <unknown>:1#1 
381987     INFO  Test worker     d.u.i.k.n.KeyIO           MODE: declarations took 0 ms 
381987     DEBUG Test worker     d.u.i.k.n.KeyIO           MODE: 2nd degree decls took 0 
381987     INFO  Test worker     d.u.i.k.n.KeyIO           Parsing took 0 ms 
381987     DEBUG Test worker     d.u.i.k.n.KeyIO           Load declarations of de.uka.ilkd.key.nparser.KeyAst$File:  <unknown>:1#1 
381987     INFO  Test worker     d.u.i.k.n.KeyIO           MODE: declarations took 0 ms 
382003     DEBUG Test worker     d.u.i.k.n.KeyIO           MODE: 2nd degree decls took 0 
382003     INFO  Test worker     d.u.i.k.n.KeyIO           Parsing took 0 ms 
382003     DEBUG Test worker     d.u.i.k.n.KeyIO           Load declarations of de.uka.ilkd.key.nparser.KeyAst$File:  <unknown>:1#1 
382003     INFO  Test worker     d.u.i.k.n.KeyIO           MODE: declarations took 0 ms 
382003     DEBUG Test worker     d.u.i.k.n.KeyIO           MODE: 2nd degree decls took 0 
382003     WARN  Test worker     d.u.i.k.n.KeYParser       [syntax-error] <unknown>:1:11: mismatched input '@' expecting {'/', ':=', '.', '(', ')', '{', '[', '@', PARALLEL, OR, AND, IMP, '=', NOT_EQUALS, '%', '*', '-', '+', '>', GREATEREQUAL, '<', LESSEQUAL, LGUILLEMETS, EQV} [@11,11:11='@',<153>,1:11] (termEOF) 
385209     INFO  Test worker     d.u.i.k.n.KeyIO           Parsing took 0 ms 
385209     DEBUG Test worker     d.u.i.k.n.KeyIO           Load declarations of de.uka.ilkd.key.nparser.KeyAst$File:  <unknown>:1#1 
385209     INFO  Test worker     d.u.i.k.n.KeyIO           MODE: declarations took 0 ms 
385209     DEBUG Test worker     d.u.i.k.n.KeyIO           MODE: 2nd degree decls took 0 
385209     INFO  Test worker     d.u.i.k.n.KeyIO           Parsing took 0 ms 
385209     DEBUG Test worker     d.u.i.k.n.KeyIO           Load declarations of de.uka.ilkd.key.nparser.KeyAst$File:  <unknown>:1#1 
385209     INFO  Test worker     d.u.i.k.n.KeyIO           MODE: declarations took 0 ms 
385224     DEBUG Test worker     d.u.i.k.n.KeyIO           MODE: 2nd degree decls took 0 
385224     INFO  Test worker     d.u.i.k.n.KeyIO           Parsing took 0 ms 
385224     DEBUG Test worker     d.u.i.k.n.KeyIO           Load declarations of de.uka.ilkd.key.nparser.KeyAst$File:  <unknown>:1#1 
385224     INFO  Test worker     d.u.i.k.n.KeyIO           MODE: declarations took 0 ms 
385224     DEBUG Test worker     d.u.i.k.n.KeyIO           MODE: 2nd degree decls took 0 
385224     INFO  Test worker     d.u.i.k.n.KeyIO           Parsing took 0 ms 
385224     DEBUG Test worker     d.u.i.k.n.KeyIO           Load declarations of de.uka.ilkd.key.nparser.KeyAst$File:  <unknown>:1#1 
385224     INFO  Test worker     d.u.i.k.n.KeyIO           MODE: declarations took 0 ms 
385224     DEBUG Test worker     d.u.i.k.n.KeyIO           MODE: 2nd degree decls took 0 
385224     INFO  Test worker     d.u.i.k.n.KeyIO           Parsing took 0 ms 
385224     DEBUG Test worker     d.u.i.k.n.KeyIO           Load declarations of de.uka.ilkd.key.nparser.KeyAst$File:  <unknown>:1#1 
385224     INFO  Test worker     d.u.i.k.n.KeyIO           MODE: declarations took 0 ms 
385224     DEBUG Test worker     d.u.i.k.n.KeyIO           MODE: 2nd degree decls took 0 
388458     INFO  Test worker     d.u.i.k.n.KeyIO           Parsing took 0 ms 
388458     DEBUG Test worker     d.u.i.k.n.KeyIO           Load declarations of de.uka.ilkd.key.nparser.KeyAst$File:  <unknown>:1#1 
388458     INFO  Test worker     d.u.i.k.n.KeyIO           MODE: declarations took 0 ms 
388458     DEBUG Test worker     d.u.i.k.n.KeyIO           MODE: 2nd degree decls took 0 
388458     INFO  Test worker     d.u.i.k.n.KeyIO           Parsing took 0 ms 
388458     DEBUG Test worker     d.u.i.k.n.KeyIO           Load declarations of de.uka.ilkd.key.nparser.KeyAst$File:  <unknown>:1#1 
388458     INFO  Test worker     d.u.i.k.n.KeyIO           MODE: declarations took 0 ms 
388458     DEBUG Test worker     d.u.i.k.n.KeyIO           MODE: 2nd degree decls took 0 
388458     INFO  Test worker     d.u.i.k.n.KeyIO           Parsing took 0 ms 
388458     DEBUG Test worker     d.u.i.k.n.KeyIO           Load declarations of de.uka.ilkd.key.nparser.KeyAst$File:  <unknown>:1#1 
388458     INFO  Test worker     d.u.i.k.n.KeyIO           MODE: declarations took 0 ms 
388458     DEBUG Test worker     d.u.i.k.n.KeyIO           MODE: 2nd degree decls took 0 
388458     INFO  Test worker     d.u.i.k.n.KeyIO           Parsing took 0 ms 
388458     DEBUG Test worker     d.u.i.k.n.KeyIO           Load declarations of de.uka.ilkd.key.nparser.KeyAst$File:  <unknown>:1#1 
388458     INFO  Test worker     d.u.i.k.n.KeyIO           MODE: declarations took 0 ms 
388458     DEBUG Test worker     d.u.i.k.n.KeyIO           MODE: 2nd degree decls took 0 
388458     INFO  Test worker     d.u.i.k.n.KeyIO           Parsing took 0 ms 
388458     DEBUG Test worker     d.u.i.k.n.KeyIO           Load declarations of de.uka.ilkd.key.nparser.KeyAst$File:  <unknown>:1#1 
388458     INFO  Test worker     d.u.i.k.n.KeyIO           MODE: declarations took 0 ms 
388458     DEBUG Test worker     d.u.i.k.n.KeyIO           MODE: 2nd degree decls took 0 
391700     INFO  Test worker     d.u.i.k.n.KeyIO           Parsing took 0 ms 
391700     DEBUG Test worker     d.u.i.k.n.KeyIO           Load declarations of de.uka.ilkd.key.nparser.KeyAst$File:  <unknown>:1#1 
391700     INFO  Test worker     d.u.i.k.n.KeyIO           MODE: declarations took 0 ms 
391700     DEBUG Test worker     d.u.i.k.n.KeyIO           MODE: 2nd degree decls took 0 
391700     INFO  Test worker     d.u.i.k.n.KeyIO           Parsing took 0 ms 
391700     DEBUG Test worker     d.u.i.k.n.KeyIO           Load declarations of de.uka.ilkd.key.nparser.KeyAst$File:  <unknown>:1#1 
391700     INFO  Test worker     d.u.i.k.n.KeyIO           MODE: declarations took 0 ms 
391700     DEBUG Test worker     d.u.i.k.n.KeyIO           MODE: 2nd degree decls took 0 
391700     INFO  Test worker     d.u.i.k.n.KeyIO           Parsing took 0 ms 
391700     DEBUG Test worker     d.u.i.k.n.KeyIO           Load declarations of de.uka.ilkd.key.nparser.KeyAst$File:  <unknown>:1#1 
391700     INFO  Test worker     d.u.i.k.n.KeyIO           MODE: declarations took 0 ms 
391700     DEBUG Test worker     d.u.i.k.n.KeyIO           MODE: 2nd degree decls took 0 
391700     INFO  Test worker     d.u.i.k.n.KeyIO           Parsing took 0 ms 
391700     DEBUG Test worker     d.u.i.k.n.KeyIO           Load declarations of de.uka.ilkd.key.nparser.KeyAst$File:  <unknown>:1#1 
391700     INFO  Test worker     d.u.i.k.n.KeyIO           MODE: declarations took 0 ms 
391700     DEBUG Test worker     d.u.i.k.n.KeyIO           MODE: 2nd degree decls took 0 
391700     INFO  Test worker     d.u.i.k.n.KeyIO           Parsing took 0 ms 
391700     DEBUG Test worker     d.u.i.k.n.KeyIO           Load declarations of de.uka.ilkd.key.nparser.KeyAst$File:  <unknown>:1#1 
391700     INFO  Test worker     d.u.i.k.n.KeyIO           MODE: declarations took 0 ms 
391700     DEBUG Test worker     d.u.i.k.n.KeyIO           MODE: 2nd degree decls took 0 
394926     INFO  Test worker     d.u.i.k.n.KeyIO           Parsing took 0 ms 
394926     DEBUG Test worker     d.u.i.k.n.KeyIO           Load declarations of de.uka.ilkd.key.nparser.KeyAst$File:  <unknown>:1#1 
394926     INFO  Test worker     d.u.i.k.n.KeyIO           MODE: declarations took 0 ms 
394926     DEBUG Test worker     d.u.i.k.n.KeyIO           MODE: 2nd degree decls took 0 
394926     INFO  Test worker     d.u.i.k.n.KeyIO           Parsing took 0 ms 
394926     DEBUG Test worker     d.u.i.k.n.KeyIO           Load declarations of de.uka.ilkd.key.nparser.KeyAst$File:  <unknown>:1#1 
394926     INFO  Test worker     d.u.i.k.n.KeyIO           MODE: declarations took 0 ms 
394926     DEBUG Test worker     d.u.i.k.n.KeyIO           MODE: 2nd degree decls took 0 
394926     INFO  Test worker     d.u.i.k.n.KeyIO           Parsing took 0 ms 
394926     DEBUG Test worker     d.u.i.k.n.KeyIO           Load declarations of de.uka.ilkd.key.nparser.KeyAst$File:  <unknown>:1#1 
394926     INFO  Test worker     d.u.i.k.n.KeyIO           MODE: declarations took 0 ms 
394926     DEBUG Test worker     d.u.i.k.n.KeyIO           MODE: 2nd degree decls took 0 
394926     INFO  Test worker     d.u.i.k.n.KeyIO           Parsing took 0 ms 
394926     DEBUG Test worker     d.u.i.k.n.KeyIO           Load declarations of de.uka.ilkd.key.nparser.KeyAst$File:  <unknown>:1#1 
394926     INFO  Test worker     d.u.i.k.n.KeyIO           MODE: declarations took 0 ms 
394926     DEBUG Test worker     d.u.i.k.n.KeyIO           MODE: 2nd degree decls took 0 
394926     INFO  Test worker     d.u.i.k.n.KeyIO           Parsing took 0 ms 
394926     DEBUG Test worker     d.u.i.k.n.KeyIO           Load declarations of de.uka.ilkd.key.nparser.KeyAst$File:  <unknown>:1#1 
394926     INFO  Test worker     d.u.i.k.n.KeyIO           MODE: declarations took 0 ms 
394926     DEBUG Test worker     d.u.i.k.n.KeyIO           MODE: 2nd degree decls took 0 
398110     INFO  Test worker     d.u.i.k.n.KeyIO           Parsing took 0 ms 
398110     DEBUG Test worker     d.u.i.k.n.KeyIO           Load declarations of de.uka.ilkd.key.nparser.KeyAst$File:  <unknown>:1#1 
398110     INFO  Test worker     d.u.i.k.n.KeyIO           MODE: declarations took 0 ms 
398110     DEBUG Test worker     d.u.i.k.n.KeyIO           MODE: 2nd degree decls took 0 
398110     INFO  Test worker     d.u.i.k.n.KeyIO           Parsing took 0 ms 
398126     DEBUG Test worker     d.u.i.k.n.KeyIO           Load declarations of de.uka.ilkd.key.nparser.KeyAst$File:  <unknown>:1#1 
398126     INFO  Test worker     d.u.i.k.n.KeyIO           MODE: declarations took 0 ms 
398126     DEBUG Test worker     d.u.i.k.n.KeyIO           MODE: 2nd degree decls took 0 
398126     INFO  Test worker     d.u.i.k.n.KeyIO           Parsing took 0 ms 
398126     DEBUG Test worker     d.u.i.k.n.KeyIO           Load declarations of de.uka.ilkd.key.nparser.KeyAst$File:  <unknown>:1#1 
398126     INFO  Test worker     d.u.i.k.n.KeyIO           MODE: declarations took 0 ms 
398126     DEBUG Test worker     d.u.i.k.n.KeyIO           MODE: 2nd degree decls took 0 
398126     INFO  Test worker     d.u.i.k.n.KeyIO           Parsing took 0 ms 
398126     DEBUG Test worker     d.u.i.k.n.KeyIO           Load declarations of de.uka.ilkd.key.nparser.KeyAst$File:  <unknown>:1#1 
398126     INFO  Test worker     d.u.i.k.n.KeyIO           MODE: declarations took 0 ms 
398126     DEBUG Test worker     d.u.i.k.n.KeyIO           MODE: 2nd degree decls took 0 
398126     INFO  Test worker     d.u.i.k.n.KeyIO           Parsing took 0 ms 
398126     DEBUG Test worker     d.u.i.k.n.KeyIO           Load declarations of de.uka.ilkd.key.nparser.KeyAst$File:  <unknown>:1#1 
398126     INFO  Test worker     d.u.i.k.n.KeyIO           MODE: declarations took 0 ms 
398126     DEBUG Test worker     d.u.i.k.n.KeyIO           MODE: 2nd degree decls took 0 
401344     INFO  Test worker     d.u.i.k.n.KeyIO           Parsing took 0 ms 
401344     DEBUG Test worker     d.u.i.k.n.KeyIO           Load declarations of de.uka.ilkd.key.nparser.KeyAst$File:  <unknown>:1#1 
401344     INFO  Test worker     d.u.i.k.n.KeyIO           MODE: declarations took 0 ms 
401344     DEBUG Test worker     d.u.i.k.n.KeyIO           MODE: 2nd degree decls took 0 
401344     INFO  Test worker     d.u.i.k.n.KeyIO           Parsing took 0 ms 
401344     DEBUG Test worker     d.u.i.k.n.KeyIO           Load declarations of de.uka.ilkd.key.nparser.KeyAst$File:  <unknown>:1#1 
401344     INFO  Test worker     d.u.i.k.n.KeyIO           MODE: declarations took 0 ms 
401344     DEBUG Test worker     d.u.i.k.n.KeyIO           MODE: 2nd degree decls took 0 
401344     INFO  Test worker     d.u.i.k.n.KeyIO           Parsing took 0 ms 
401344     DEBUG Test worker     d.u.i.k.n.KeyIO           Load declarations of de.uka.ilkd.key.nparser.KeyAst$File:  <unknown>:1#1 
401344     INFO  Test worker     d.u.i.k.n.KeyIO           MODE: declarations took 0 ms 
401344     DEBUG Test worker     d.u.i.k.n.KeyIO           MODE: 2nd degree decls took 0 
401344     INFO  Test worker     d.u.i.k.n.KeyIO           Parsing took 0 ms 
401344     DEBUG Test worker     d.u.i.k.n.KeyIO           Load declarations of de.uka.ilkd.key.nparser.KeyAst$File:  <unknown>:1#1 
401344     INFO  Test worker     d.u.i.k.n.KeyIO           MODE: declarations took 0 ms 
401344     DEBUG Test worker     d.u.i.k.n.KeyIO           MODE: 2nd degree decls took 0 
401344     INFO  Test worker     d.u.i.k.n.KeyIO           Parsing took 0 ms 
401344     DEBUG Test worker     d.u.i.k.n.KeyIO           Load declarations of de.uka.ilkd.key.nparser.KeyAst$File:  <unknown>:1#1 
401344     INFO  Test worker     d.u.i.k.n.KeyIO           MODE: declarations took 0 ms 
401344     DEBUG Test worker     d.u.i.k.n.KeyIO           MODE: 2nd degree decls took 0 
404570     INFO  Test worker     d.u.i.k.n.KeyIO           Parsing took 0 ms 
404570     DEBUG Test worker     d.u.i.k.n.KeyIO           Load declarations of de.uka.ilkd.key.nparser.KeyAst$File:  <unknown>:1#1 
404586     INFO  Test worker     d.u.i.k.n.KeyIO           MODE: declarations took 16 ms 
404586     DEBUG Test worker     d.u.i.k.n.KeyIO           MODE: 2nd degree decls took 0 
404586     INFO  Test worker     d.u.i.k.n.KeyIO           Parsing took 0 ms 
404586     DEBUG Test worker     d.u.i.k.n.KeyIO           Load declarations of de.uka.ilkd.key.nparser.KeyAst$File:  <unknown>:1#1 
404586     INFO  Test worker     d.u.i.k.n.KeyIO           MODE: declarations took 0 ms 
404586     DEBUG Test worker     d.u.i.k.n.KeyIO           MODE: 2nd degree decls took 0 
404586     INFO  Test worker     d.u.i.k.n.KeyIO           Parsing took 0 ms 
404586     DEBUG Test worker     d.u.i.k.n.KeyIO           Load declarations of de.uka.ilkd.key.nparser.KeyAst$File:  <unknown>:1#1 
404586     INFO  Test worker     d.u.i.k.n.KeyIO           MODE: declarations took 0 ms 
404586     DEBUG Test worker     d.u.i.k.n.KeyIO           MODE: 2nd degree decls took 0 
404586     INFO  Test worker     d.u.i.k.n.KeyIO           Parsing took 0 ms 
404586     DEBUG Test worker     d.u.i.k.n.KeyIO           Load declarations of de.uka.ilkd.key.nparser.KeyAst$File:  <unknown>:1#1 
404586     INFO  Test worker     d.u.i.k.n.KeyIO           MODE: declarations took 0 ms 
404586     DEBUG Test worker     d.u.i.k.n.KeyIO           MODE: 2nd degree decls took 0 
404586     INFO  Test worker     d.u.i.k.n.KeyIO           Parsing took 0 ms 
404586     DEBUG Test worker     d.u.i.k.n.KeyIO           Load declarations of de.uka.ilkd.key.nparser.KeyAst$File:  <unknown>:1#1 
404586     INFO  Test worker     d.u.i.k.n.KeyIO           MODE: declarations took 0 ms 
404586     DEBUG Test worker     d.u.i.k.n.KeyIO           MODE: 2nd degree decls took 0 
407799     INFO  Test worker     d.u.i.k.n.KeyIO           Parsing took 0 ms 
407799     DEBUG Test worker     d.u.i.k.n.KeyIO           Load declarations of de.uka.ilkd.key.nparser.KeyAst$File:  <unknown>:1#1 
407799     INFO  Test worker     d.u.i.k.n.KeyIO           MODE: declarations took 0 ms 
407799     DEBUG Test worker     d.u.i.k.n.KeyIO           MODE: 2nd degree decls took 0 
407799     INFO  Test worker     d.u.i.k.n.KeyIO           Parsing took 0 ms 
407799     DEBUG Test worker     d.u.i.k.n.KeyIO           Load declarations of de.uka.ilkd.key.nparser.KeyAst$File:  <unknown>:1#1 
407799     INFO  Test worker     d.u.i.k.n.KeyIO           MODE: declarations took 0 ms 
407799     DEBUG Test worker     d.u.i.k.n.KeyIO           MODE: 2nd degree decls took 0 
407799     INFO  Test worker     d.u.i.k.n.KeyIO           Parsing took 0 ms 
407799     DEBUG Test worker     d.u.i.k.n.KeyIO           Load declarations of de.uka.ilkd.key.nparser.KeyAst$File:  <unknown>:1#1 
407799     INFO  Test worker     d.u.i.k.n.KeyIO           MODE: declarations took 0 ms 
407799     DEBUG Test worker     d.u.i.k.n.KeyIO           MODE: 2nd degree decls took 0 
407799     INFO  Test worker     d.u.i.k.n.KeyIO           Parsing took 0 ms 
407799     DEBUG Test worker     d.u.i.k.n.KeyIO           Load declarations of de.uka.ilkd.key.nparser.KeyAst$File:  <unknown>:1#1 
407799     INFO  Test worker     d.u.i.k.n.KeyIO           MODE: declarations took 0 ms 
407799     DEBUG Test worker     d.u.i.k.n.KeyIO           MODE: 2nd degree decls took 0 
407799     INFO  Test worker     d.u.i.k.n.KeyIO           Parsing took 0 ms 
407799     DEBUG Test worker     d.u.i.k.n.KeyIO           Load declarations of de.uka.ilkd.key.nparser.KeyAst$File:  <unknown>:1#1 
407799     INFO  Test worker     d.u.i.k.n.KeyIO           MODE: declarations took 0 ms 
407799     DEBUG Test worker     d.u.i.k.n.KeyIO           MODE: 2nd degree decls took 0 
411033     INFO  Test worker     d.u.i.k.n.KeyIO           Parsing took 0 ms 
411033     DEBUG Test worker     d.u.i.k.n.KeyIO           Load declarations of de.uka.ilkd.key.nparser.KeyAst$File:  <unknown>:1#1 
411033     INFO  Test worker     d.u.i.k.n.KeyIO           MODE: declarations took 0 ms 
411033     DEBUG Test worker     d.u.i.k.n.KeyIO           MODE: 2nd degree decls took 0 
411033     INFO  Test worker     d.u.i.k.n.KeyIO           Parsing took 0 ms 
411033     DEBUG Test worker     d.u.i.k.n.KeyIO           Load declarations of de.uka.ilkd.key.nparser.KeyAst$File:  <unknown>:1#1 
411033     INFO  Test worker     d.u.i.k.n.KeyIO           MODE: declarations took 0 ms 
411033     DEBUG Test worker     d.u.i.k.n.KeyIO           MODE: 2nd degree decls took 0 
411033     INFO  Test worker     d.u.i.k.n.KeyIO           Parsing took 0 ms 
411033     DEBUG Test worker     d.u.i.k.n.KeyIO           Load declarations of de.uka.ilkd.key.nparser.KeyAst$File:  <unknown>:1#1 
411033     INFO  Test worker     d.u.i.k.n.KeyIO           MODE: declarations took 0 ms 
411033     DEBUG Test worker     d.u.i.k.n.KeyIO           MODE: 2nd degree decls took 0 
411033     INFO  Test worker     d.u.i.k.n.KeyIO           Parsing took 0 ms 
411033     DEBUG Test worker     d.u.i.k.n.KeyIO           Load declarations of de.uka.ilkd.key.nparser.KeyAst$File:  <unknown>:1#1 
411033     INFO  Test worker     d.u.i.k.n.KeyIO           MODE: declarations took 0 ms 
411033     DEBUG Test worker     d.u.i.k.n.KeyIO           MODE: 2nd degree decls took 0 
411033     INFO  Test worker     d.u.i.k.n.KeyIO           Parsing took 0 ms 
411033     DEBUG Test worker     d.u.i.k.n.KeyIO           Load declarations of de.uka.ilkd.key.nparser.KeyAst$File:  <unknown>:1#1 
411033     INFO  Test worker     d.u.i.k.n.KeyIO           MODE: declarations took 0 ms 
411033     DEBUG Test worker     d.u.i.k.n.KeyIO           MODE: 2nd degree decls took 0 
414253     INFO  Test worker     d.u.i.k.n.KeyIO           Parsing took 0 ms 
414253     DEBUG Test worker     d.u.i.k.n.KeyIO           Load declarations of de.uka.ilkd.key.nparser.KeyAst$File:  <unknown>:1#1 
414253     INFO  Test worker     d.u.i.k.n.KeyIO           MODE: declarations took 0 ms 
414253     DEBUG Test worker     d.u.i.k.n.KeyIO           MODE: 2nd degree decls took 0 
414253     INFO  Test worker     d.u.i.k.n.KeyIO           Parsing took 0 ms 
414253     DEBUG Test worker     d.u.i.k.n.KeyIO           Load declarations of de.uka.ilkd.key.nparser.KeyAst$File:  <unknown>:1#1 
414253     INFO  Test worker     d.u.i.k.n.KeyIO           MODE: declarations took 0 ms 
414253     DEBUG Test worker     d.u.i.k.n.KeyIO           MODE: 2nd degree decls took 0 
414253     INFO  Test worker     d.u.i.k.n.KeyIO           Parsing took 0 ms 
414253     DEBUG Test worker     d.u.i.k.n.KeyIO           Load declarations of de.uka.ilkd.key.nparser.KeyAst$File:  <unknown>:1#1 
414253     INFO  Test worker     d.u.i.k.n.KeyIO           MODE: declarations took 0 ms 
414253     DEBUG Test worker     d.u.i.k.n.KeyIO           MODE: 2nd degree decls took 0 
414253     INFO  Test worker     d.u.i.k.n.KeyIO           Parsing took 0 ms 
414253     DEBUG Test worker     d.u.i.k.n.KeyIO           Load declarations of de.uka.ilkd.key.nparser.KeyAst$File:  <unknown>:1#1 
414253     INFO  Test worker     d.u.i.k.n.KeyIO           MODE: declarations took 0 ms 
414253     DEBUG Test worker     d.u.i.k.n.KeyIO           MODE: 2nd degree decls took 0 
414253     INFO  Test worker     d.u.i.k.n.KeyIO           Parsing took 0 ms 
414253     DEBUG Test worker     d.u.i.k.n.KeyIO           Load declarations of de.uka.ilkd.key.nparser.KeyAst$File:  <unknown>:1#1 
414253     INFO  Test worker     d.u.i.k.n.KeyIO           MODE: declarations took 0 ms 
414253     DEBUG Test worker     d.u.i.k.n.KeyIO           MODE: 2nd degree decls took 0 
417464     INFO  Test worker     d.u.i.k.n.KeyIO           Parsing took 0 ms 
417464     DEBUG Test worker     d.u.i.k.n.KeyIO           Load declarations of de.uka.ilkd.key.nparser.KeyAst$File:  <unknown>:1#1 
417464     INFO  Test worker     d.u.i.k.n.KeyIO           MODE: declarations took 0 ms 
417464     DEBUG Test worker     d.u.i.k.n.KeyIO           MODE: 2nd degree decls took 0 
417464     INFO  Test worker     d.u.i.k.n.KeyIO           Parsing took 0 ms 
417464     DEBUG Test worker     d.u.i.k.n.KeyIO           Load declarations of de.uka.ilkd.key.nparser.KeyAst$File:  <unknown>:1#1 
417464     INFO  Test worker     d.u.i.k.n.KeyIO           MODE: declarations took 0 ms 
417464     DEBUG Test worker     d.u.i.k.n.KeyIO           MODE: 2nd degree decls took 0 
417464     INFO  Test worker     d.u.i.k.n.KeyIO           Parsing took 0 ms 
417464     DEBUG Test worker     d.u.i.k.n.KeyIO           Load declarations of de.uka.ilkd.key.nparser.KeyAst$File:  <unknown>:1#1 
417464     INFO  Test worker     d.u.i.k.n.KeyIO           MODE: declarations took 0 ms 
417464     DEBUG Test worker     d.u.i.k.n.KeyIO           MODE: 2nd degree decls took 0 
417464     INFO  Test worker     d.u.i.k.n.KeyIO           Parsing took 0 ms 
417464     DEBUG Test worker     d.u.i.k.n.KeyIO           Load declarations of de.uka.ilkd.key.nparser.KeyAst$File:  <unknown>:1#1 
417464     INFO  Test worker     d.u.i.k.n.KeyIO           MODE: declarations took 0 ms 
417464     DEBUG Test worker     d.u.i.k.n.KeyIO           MODE: 2nd degree decls took 0 
417464     INFO  Test worker     d.u.i.k.n.KeyIO           Parsing took 0 ms 
417464     DEBUG Test worker     d.u.i.k.n.KeyIO           Load declarations of de.uka.ilkd.key.nparser.KeyAst$File:  <unknown>:1#1 
417464     INFO  Test worker     d.u.i.k.n.KeyIO           MODE: declarations took 0 ms 
417464     DEBUG Test worker     d.u.i.k.n.KeyIO           MODE: 2nd degree decls took 0 
420679     INFO  Test worker     d.u.i.k.n.KeyIO           Parsing took 0 ms 
420679     DEBUG Test worker     d.u.i.k.n.KeyIO           Load declarations of de.uka.ilkd.key.nparser.KeyAst$File:  <unknown>:1#1 
420679     INFO  Test worker     d.u.i.k.n.KeyIO           MODE: declarations took 0 ms 
420679     DEBUG Test worker     d.u.i.k.n.KeyIO           MODE: 2nd degree decls took 0 
420679     INFO  Test worker     d.u.i.k.n.KeyIO           Parsing took 0 ms 
420679     DEBUG Test worker     d.u.i.k.n.KeyIO           Load declarations of de.uka.ilkd.key.nparser.KeyAst$File:  <unknown>:1#1 
420679     INFO  Test worker     d.u.i.k.n.KeyIO           MODE: declarations took 0 ms 
420679     DEBUG Test worker     d.u.i.k.n.KeyIO           MODE: 2nd degree decls took 0 
420679     INFO  Test worker     d.u.i.k.n.KeyIO           Parsing took 0 ms 
420679     DEBUG Test worker     d.u.i.k.n.KeyIO           Load declarations of de.uka.ilkd.key.nparser.KeyAst$File:  <unknown>:1#1 
420679     INFO  Test worker     d.u.i.k.n.KeyIO           MODE: declarations took 0 ms 
420679     DEBUG Test worker     d.u.i.k.n.KeyIO           MODE: 2nd degree decls took 0 
420679     INFO  Test worker     d.u.i.k.n.KeyIO           Parsing took 0 ms 
420679     DEBUG Test worker     d.u.i.k.n.KeyIO           Load declarations of de.uka.ilkd.key.nparser.KeyAst$File:  <unknown>:1#1 
420679     INFO  Test worker     d.u.i.k.n.KeyIO           MODE: declarations took 0 ms 
420679     DEBUG Test worker     d.u.i.k.n.KeyIO           MODE: 2nd degree decls took 0 
420679     INFO  Test worker     d.u.i.k.n.KeyIO           Parsing took 0 ms 
420679     DEBUG Test worker     d.u.i.k.n.KeyIO           Load declarations of de.uka.ilkd.key.nparser.KeyAst$File:  <unknown>:1#1 
420679     INFO  Test worker     d.u.i.k.n.KeyIO           MODE: declarations took 0 ms 
420679     DEBUG Test worker     d.u.i.k.n.KeyIO           MODE: 2nd degree decls took 0 
423888     INFO  Test worker     d.u.i.k.n.KeyIO           Parsing took 0 ms 
423888     DEBUG Test worker     d.u.i.k.n.KeyIO           Load declarations of de.uka.ilkd.key.nparser.KeyAst$File:  <unknown>:1#1 
423888     INFO  Test worker     d.u.i.k.n.KeyIO           MODE: declarations took 0 ms 
423888     DEBUG Test worker     d.u.i.k.n.KeyIO           MODE: 2nd degree decls took 0 
423888     INFO  Test worker     d.u.i.k.n.KeyIO           Parsing took 0 ms 
423888     DEBUG Test worker     d.u.i.k.n.KeyIO           Load declarations of de.uka.ilkd.key.nparser.KeyAst$File:  <unknown>:1#1 
423888     INFO  Test worker     d.u.i.k.n.KeyIO           MODE: declarations took 0 ms 
423888     DEBUG Test worker     d.u.i.k.n.KeyIO           MODE: 2nd degree decls took 0 
423888     INFO  Test worker     d.u.i.k.n.KeyIO           Parsing took 0 ms 
423888     DEBUG Test worker     d.u.i.k.n.KeyIO           Load declarations of de.uka.ilkd.key.nparser.KeyAst$File:  <unknown>:1#1 
423888     INFO  Test worker     d.u.i.k.n.KeyIO           MODE: declarations took 0 ms 
423888     DEBUG Test worker     d.u.i.k.n.KeyIO           MODE: 2nd degree decls took 0 
423888     INFO  Test worker     d.u.i.k.n.KeyIO           Parsing took 0 ms 
423888     DEBUG Test worker     d.u.i.k.n.KeyIO           Load declarations of de.uka.ilkd.key.nparser.KeyAst$File:  <unknown>:1#1 
423888     INFO  Test worker     d.u.i.k.n.KeyIO           MODE: declarations took 0 ms 
423888     DEBUG Test worker     d.u.i.k.n.KeyIO           MODE: 2nd degree decls took 0 
423888     INFO  Test worker     d.u.i.k.n.KeyIO           Parsing took 0 ms 
423888     DEBUG Test worker     d.u.i.k.n.KeyIO           Load declarations of de.uka.ilkd.key.nparser.KeyAst$File:  <unknown>:1#1 
423888     INFO  Test worker     d.u.i.k.n.KeyIO           MODE: declarations took 0 ms 
423888     DEBUG Test worker     d.u.i.k.n.KeyIO           MODE: 2nd degree decls took 0 
427102     INFO  Test worker     d.u.i.k.n.KeyIO           Parsing took 0 ms 
427102     DEBUG Test worker     d.u.i.k.n.KeyIO           Load declarations of de.uka.ilkd.key.nparser.KeyAst$File:  <unknown>:1#1 
427102     INFO  Test worker     d.u.i.k.n.KeyIO           MODE: declarations took 0 ms 
427102     DEBUG Test worker     d.u.i.k.n.KeyIO           MODE: 2nd degree decls took 0 
427102     INFO  Test worker     d.u.i.k.n.KeyIO           Parsing took 0 ms 
427102     DEBUG Test worker     d.u.i.k.n.KeyIO           Load declarations of de.uka.ilkd.key.nparser.KeyAst$File:  <unknown>:1#1 
427102     INFO  Test worker     d.u.i.k.n.KeyIO           MODE: declarations took 0 ms 
427102     DEBUG Test worker     d.u.i.k.n.KeyIO           MODE: 2nd degree decls took 0 
427102     INFO  Test worker     d.u.i.k.n.KeyIO           Parsing took 0 ms 
427102     DEBUG Test worker     d.u.i.k.n.KeyIO           Load declarations of de.uka.ilkd.key.nparser.KeyAst$File:  <unknown>:1#1 
427102     INFO  Test worker     d.u.i.k.n.KeyIO           MODE: declarations took 0 ms 
427102     DEBUG Test worker     d.u.i.k.n.KeyIO           MODE: 2nd degree decls took 0 
427102     INFO  Test worker     d.u.i.k.n.KeyIO           Parsing took 0 ms 
427102     DEBUG Test worker     d.u.i.k.n.KeyIO           Load declarations of de.uka.ilkd.key.nparser.KeyAst$File:  <unknown>:1#1 
427102     INFO  Test worker     d.u.i.k.n.KeyIO           MODE: declarations took 0 ms 
427102     DEBUG Test worker     d.u.i.k.n.KeyIO           MODE: 2nd degree decls took 0 
427102     INFO  Test worker     d.u.i.k.n.KeyIO           Parsing took 0 ms 
427102     DEBUG Test worker     d.u.i.k.n.KeyIO           Load declarations of de.uka.ilkd.key.nparser.KeyAst$File:  <unknown>:1#1 
427102     INFO  Test worker     d.u.i.k.n.KeyIO           MODE: declarations took 0 ms 
427102     DEBUG Test worker     d.u.i.k.n.KeyIO           MODE: 2nd degree decls took 0 
430350     INFO  Test worker     d.u.i.k.n.KeyIO           Parsing took 0 ms 
430350     DEBUG Test worker     d.u.i.k.n.KeyIO           Load declarations of de.uka.ilkd.key.nparser.KeyAst$File:  <unknown>:1#1 
430350     INFO  Test worker     d.u.i.k.n.KeyIO           MODE: declarations took 0 ms 
430350     DEBUG Test worker     d.u.i.k.n.KeyIO           MODE: 2nd degree decls took 0 
430350     INFO  Test worker     d.u.i.k.n.KeyIO           Parsing took 0 ms 
430350     DEBUG Test worker     d.u.i.k.n.KeyIO           Load declarations of de.uka.ilkd.key.nparser.KeyAst$File:  <unknown>:1#1 
430350     INFO  Test worker     d.u.i.k.n.KeyIO           MODE: declarations took 0 ms 
430350     DEBUG Test worker     d.u.i.k.n.KeyIO           MODE: 2nd degree decls took 0 
430350     INFO  Test worker     d.u.i.k.n.KeyIO           Parsing took 0 ms 
430350     DEBUG Test worker     d.u.i.k.n.KeyIO           Load declarations of de.uka.ilkd.key.nparser.KeyAst$File:  <unknown>:1#1 
430350     INFO  Test worker     d.u.i.k.n.KeyIO           MODE: declarations took 0 ms 
430350     DEBUG Test worker     d.u.i.k.n.KeyIO           MODE: 2nd degree decls took 0 
430350     INFO  Test worker     d.u.i.k.n.KeyIO           Parsing took 0 ms 
430350     DEBUG Test worker     d.u.i.k.n.KeyIO           Load declarations of de.uka.ilkd.key.nparser.KeyAst$File:  <unknown>:1#1 
430350     INFO  Test worker     d.u.i.k.n.KeyIO           MODE: declarations took 0 ms 
430350     DEBUG Test worker     d.u.i.k.n.KeyIO           MODE: 2nd degree decls took 0 
430350     INFO  Test worker     d.u.i.k.n.KeyIO           Parsing took 0 ms 
430350     DEBUG Test worker     d.u.i.k.n.KeyIO           Load declarations of de.uka.ilkd.key.nparser.KeyAst$File:  <unknown>:1#1 
430350     INFO  Test worker     d.u.i.k.n.KeyIO           MODE: declarations took 0 ms 
430350     DEBUG Test worker     d.u.i.k.n.KeyIO           MODE: 2nd degree decls took 0 
433544     INFO  Test worker     d.u.i.k.n.KeyIO           Parsing took 0 ms 
433544     DEBUG Test worker     d.u.i.k.n.KeyIO           Load declarations of de.uka.ilkd.key.nparser.KeyAst$File:  <unknown>:1#1 
433544     INFO  Test worker     d.u.i.k.n.KeyIO           MODE: declarations took 0 ms 
433544     DEBUG Test worker     d.u.i.k.n.KeyIO           MODE: 2nd degree decls took 0 
433544     INFO  Test worker     d.u.i.k.n.KeyIO           Parsing took 0 ms 
433544     DEBUG Test worker     d.u.i.k.n.KeyIO           Load declarations of de.uka.ilkd.key.nparser.KeyAst$File:  <unknown>:1#1 
433544     INFO  Test worker     d.u.i.k.n.KeyIO           MODE: declarations took 0 ms 
433544     DEBUG Test worker     d.u.i.k.n.KeyIO           MODE: 2nd degree decls took 0 
433544     INFO  Test worker     d.u.i.k.n.KeyIO           Parsing took 0 ms 
433544     DEBUG Test worker     d.u.i.k.n.KeyIO           Load declarations of de.uka.ilkd.key.nparser.KeyAst$File:  <unknown>:1#1 
433544     INFO  Test worker     d.u.i.k.n.KeyIO           MODE: declarations took 0 ms 
433544     DEBUG Test worker     d.u.i.k.n.KeyIO           MODE: 2nd degree decls took 0 
433544     INFO  Test worker     d.u.i.k.n.KeyIO           Parsing took 0 ms 
433544     DEBUG Test worker     d.u.i.k.n.KeyIO           Load declarations of de.uka.ilkd.key.nparser.KeyAst$File:  <unknown>:1#1 
433544     INFO  Test worker     d.u.i.k.n.KeyIO           MODE: declarations took 0 ms 
433544     DEBUG Test worker     d.u.i.k.n.KeyIO           MODE: 2nd degree decls took 0 
433544     INFO  Test worker     d.u.i.k.n.KeyIO           Parsing took 0 ms 
433544     DEBUG Test worker     d.u.i.k.n.KeyIO           Load declarations of de.uka.ilkd.key.nparser.KeyAst$File:  <unknown>:1#1 
433544     INFO  Test worker     d.u.i.k.n.KeyIO           MODE: declarations took 0 ms 
433544     DEBUG Test worker     d.u.i.k.n.KeyIO           MODE: 2nd degree decls took 0 
436769     INFO  Test worker     d.u.i.k.n.KeyIO           Parsing took 0 ms 
436769     DEBUG Test worker     d.u.i.k.n.KeyIO           Load declarations of de.uka.ilkd.key.nparser.KeyAst$File:  <unknown>:1#1 
436769     INFO  Test worker     d.u.i.k.n.KeyIO           MODE: declarations took 0 ms 
436769     DEBUG Test worker     d.u.i.k.n.KeyIO           MODE: 2nd degree decls took 0 
436769     INFO  Test worker     d.u.i.k.n.KeyIO           Parsing took 0 ms 
436769     DEBUG Test worker     d.u.i.k.n.KeyIO           Load declarations of de.uka.ilkd.key.nparser.KeyAst$File:  <unknown>:1#1 
436769     INFO  Test worker     d.u.i.k.n.KeyIO           MODE: declarations took 0 ms 
436769     DEBUG Test worker     d.u.i.k.n.KeyIO           MODE: 2nd degree decls took 0 
436769     INFO  Test worker     d.u.i.k.n.KeyIO           Parsing took 0 ms 
436769     DEBUG Test worker     d.u.i.k.n.KeyIO           Load declarations of de.uka.ilkd.key.nparser.KeyAst$File:  <unknown>:1#1 
436769     INFO  Test worker     d.u.i.k.n.KeyIO           MODE: declarations took 0 ms 
436769     DEBUG Test worker     d.u.i.k.n.KeyIO           MODE: 2nd degree decls took 0 
436769     INFO  Test worker     d.u.i.k.n.KeyIO           Parsing took 0 ms 
436769     DEBUG Test worker     d.u.i.k.n.KeyIO           Load declarations of de.uka.ilkd.key.nparser.KeyAst$File:  <unknown>:1#1 
436769     INFO  Test worker     d.u.i.k.n.KeyIO           MODE: declarations took 0 ms 
436769     DEBUG Test worker     d.u.i.k.n.KeyIO           MODE: 2nd degree decls took 0 
436769     INFO  Test worker     d.u.i.k.n.KeyIO           Parsing took 0 ms 
436769     DEBUG Test worker     d.u.i.k.n.KeyIO           Load declarations of de.uka.ilkd.key.nparser.KeyAst$File:  <unknown>:1#1 
436769     INFO  Test worker     d.u.i.k.n.KeyIO           MODE: declarations took 0 ms 
436769     DEBUG Test worker     d.u.i.k.n.KeyIO           MODE: 2nd degree decls took 0 
440023     INFO  Test worker     d.u.i.k.n.KeyIO           Parsing took 0 ms 
440023     DEBUG Test worker     d.u.i.k.n.KeyIO           Load declarations of de.uka.ilkd.key.nparser.KeyAst$File:  <unknown>:1#1 
440023     INFO  Test worker     d.u.i.k.n.KeyIO           MODE: declarations took 0 ms 
440023     DEBUG Test worker     d.u.i.k.n.KeyIO           MODE: 2nd degree decls took 0 
440023     INFO  Test worker     d.u.i.k.n.KeyIO           Parsing took 0 ms 
440023     DEBUG Test worker     d.u.i.k.n.KeyIO           Load declarations of de.uka.ilkd.key.nparser.KeyAst$File:  <unknown>:1#1 
440038     INFO  Test worker     d.u.i.k.n.KeyIO           MODE: declarations took 15 ms 
440038     DEBUG Test worker     d.u.i.k.n.KeyIO           MODE: 2nd degree decls took 0 
440038     INFO  Test worker     d.u.i.k.n.KeyIO           Parsing took 0 ms 
440038     DEBUG Test worker     d.u.i.k.n.KeyIO           Load declarations of de.uka.ilkd.key.nparser.KeyAst$File:  <unknown>:1#1 
440038     INFO  Test worker     d.u.i.k.n.KeyIO           MODE: declarations took 0 ms 
440038     DEBUG Test worker     d.u.i.k.n.KeyIO           MODE: 2nd degree decls took 0 
440038     INFO  Test worker     d.u.i.k.n.KeyIO           Parsing took 0 ms 
440038     DEBUG Test worker     d.u.i.k.n.KeyIO           Load declarations of de.uka.ilkd.key.nparser.KeyAst$File:  <unknown>:1#1 
440038     INFO  Test worker     d.u.i.k.n.KeyIO           MODE: declarations took 0 ms 
440038     DEBUG Test worker     d.u.i.k.n.KeyIO           MODE: 2nd degree decls took 0 
440038     INFO  Test worker     d.u.i.k.n.KeyIO           Parsing took 0 ms 
440038     DEBUG Test worker     d.u.i.k.n.KeyIO           Load declarations of de.uka.ilkd.key.nparser.KeyAst$File:  <unknown>:1#1 
440038     INFO  Test worker     d.u.i.k.n.KeyIO           MODE: declarations took 0 ms 
440038     DEBUG Test worker     d.u.i.k.n.KeyIO           MODE: 2nd degree decls took 0 
443265     INFO  Test worker     d.u.i.k.n.KeyIO           Parsing took 0 ms 
443265     DEBUG Test worker     d.u.i.k.n.KeyIO           Load declarations of de.uka.ilkd.key.nparser.KeyAst$File:  <unknown>:1#1 
443265     INFO  Test worker     d.u.i.k.n.KeyIO           MODE: declarations took 0 ms 
443265     DEBUG Test worker     d.u.i.k.n.KeyIO           MODE: 2nd degree decls took 0 
443265     INFO  Test worker     d.u.i.k.n.KeyIO           Parsing took 0 ms 
443265     DEBUG Test worker     d.u.i.k.n.KeyIO           Load declarations of de.uka.ilkd.key.nparser.KeyAst$File:  <unknown>:1#1 
443265     INFO  Test worker     d.u.i.k.n.KeyIO           MODE: declarations took 0 ms 
443265     DEBUG Test worker     d.u.i.k.n.KeyIO           MODE: 2nd degree decls took 0 
443265     INFO  Test worker     d.u.i.k.n.KeyIO           Parsing took 0 ms 
443265     DEBUG Test worker     d.u.i.k.n.KeyIO           Load declarations of de.uka.ilkd.key.nparser.KeyAst$File:  <unknown>:1#1 
443265     INFO  Test worker     d.u.i.k.n.KeyIO           MODE: declarations took 0 ms 
443265     DEBUG Test worker     d.u.i.k.n.KeyIO           MODE: 2nd degree decls took 0 
443265     INFO  Test worker     d.u.i.k.n.KeyIO           Parsing took 0 ms 
443265     DEBUG Test worker     d.u.i.k.n.KeyIO           Load declarations of de.uka.ilkd.key.nparser.KeyAst$File:  <unknown>:1#1 
443265     INFO  Test worker     d.u.i.k.n.KeyIO           MODE: declarations took 0 ms 
443265     DEBUG Test worker     d.u.i.k.n.KeyIO           MODE: 2nd degree decls took 0 
443265     INFO  Test worker     d.u.i.k.n.KeyIO           Parsing took 0 ms 
443265     DEBUG Test worker     d.u.i.k.n.KeyIO           Load declarations of de.uka.ilkd.key.nparser.KeyAst$File:  <unknown>:1#1 
443265     INFO  Test worker     d.u.i.k.n.KeyIO           MODE: declarations took 0 ms 
443265     DEBUG Test worker     d.u.i.k.n.KeyIO           MODE: 2nd degree decls took 0 
446745     INFO  Test worker     d.u.i.k.n.KeyIO           Parsing took 0 ms 
446745     DEBUG Test worker     d.u.i.k.n.KeyIO           Load declarations of de.uka.ilkd.key.nparser.KeyAst$File:  <unknown>:1#1 
446745     INFO  Test worker     d.u.i.k.n.KeyIO           MODE: declarations took 0 ms 
446745     DEBUG Test worker     d.u.i.k.n.KeyIO           MODE: 2nd degree decls took 0 
446745     INFO  Test worker     d.u.i.k.n.KeyIO           Parsing took 0 ms 
446745     DEBUG Test worker     d.u.i.k.n.KeyIO           Load declarations of de.uka.ilkd.key.nparser.KeyAst$File:  <unknown>:1#1 
446745     INFO  Test worker     d.u.i.k.n.KeyIO           MODE: declarations took 0 ms 
446745     DEBUG Test worker     d.u.i.k.n.KeyIO           MODE: 2nd degree decls took 0 
446745     INFO  Test worker     d.u.i.k.n.KeyIO           Parsing took 0 ms 
446745     DEBUG Test worker     d.u.i.k.n.KeyIO           Load declarations of de.uka.ilkd.key.nparser.KeyAst$File:  <unknown>:1#1 
446745     INFO  Test worker     d.u.i.k.n.KeyIO           MODE: declarations took 0 ms 
446745     DEBUG Test worker     d.u.i.k.n.KeyIO           MODE: 2nd degree decls took 0 
446745     INFO  Test worker     d.u.i.k.n.KeyIO           Parsing took 0 ms 
446745     DEBUG Test worker     d.u.i.k.n.KeyIO           Load declarations of de.uka.ilkd.key.nparser.KeyAst$File:  <unknown>:1#1 
446745     INFO  Test worker     d.u.i.k.n.KeyIO           MODE: declarations took 0 ms 
446745     DEBUG Test worker     d.u.i.k.n.KeyIO           MODE: 2nd degree decls took 0 
446745     INFO  Test worker     d.u.i.k.n.KeyIO           Parsing took 0 ms 
446745     DEBUG Test worker     d.u.i.k.n.KeyIO           Load declarations of de.uka.ilkd.key.nparser.KeyAst$File:  <unknown>:1#1 
446745     INFO  Test worker     d.u.i.k.n.KeyIO           MODE: declarations took 0 ms 
446745     DEBUG Test worker     d.u.i.k.n.KeyIO           MODE: 2nd degree decls took 0 
450038     INFO  Test worker     d.u.i.k.n.KeyIO           Parsing took 0 ms 
450038     DEBUG Test worker     d.u.i.k.n.KeyIO           Load declarations of de.uka.ilkd.key.nparser.KeyAst$File:  <unknown>:1#1 
450038     INFO  Test worker     d.u.i.k.n.KeyIO           MODE: declarations took 0 ms 
450038     DEBUG Test worker     d.u.i.k.n.KeyIO           MODE: 2nd degree decls took 0 
450038     INFO  Test worker     d.u.i.k.n.KeyIO           Parsing took 0 ms 
450038     DEBUG Test worker     d.u.i.k.n.KeyIO           Load declarations of de.uka.ilkd.key.nparser.KeyAst$File:  <unknown>:1#1 
450038     INFO  Test worker     d.u.i.k.n.KeyIO           MODE: declarations took 0 ms 
450038     DEBUG Test worker     d.u.i.k.n.KeyIO           MODE: 2nd degree decls took 0 
450038     INFO  Test worker     d.u.i.k.n.KeyIO           Parsing took 0 ms 
450038     DEBUG Test worker     d.u.i.k.n.KeyIO           Load declarations of de.uka.ilkd.key.nparser.KeyAst$File:  <unknown>:1#1 
450038     INFO  Test worker     d.u.i.k.n.KeyIO           MODE: declarations took 0 ms 
450038     DEBUG Test worker     d.u.i.k.n.KeyIO           MODE: 2nd degree decls took 0 
450038     INFO  Test worker     d.u.i.k.n.KeyIO           Parsing took 0 ms 
450038     DEBUG Test worker     d.u.i.k.n.KeyIO           Load declarations of de.uka.ilkd.key.nparser.KeyAst$File:  <unknown>:1#1 
450038     INFO  Test worker     d.u.i.k.n.KeyIO           MODE: declarations took 0 ms 
450038     DEBUG Test worker     d.u.i.k.n.KeyIO           MODE: 2nd degree decls took 0 
450038     INFO  Test worker     d.u.i.k.n.KeyIO           Parsing took 0 ms 
450038     DEBUG Test worker     d.u.i.k.n.KeyIO           Load declarations of de.uka.ilkd.key.nparser.KeyAst$File:  <unknown>:1#1 
450038     INFO  Test worker     d.u.i.k.n.KeyIO           MODE: declarations took 0 ms 
450038     DEBUG Test worker     d.u.i.k.n.KeyIO           MODE: 2nd degree decls took 0 
453216     INFO  Test worker     d.u.i.k.n.KeyIO           Parsing took 0 ms 
453216     DEBUG Test worker     d.u.i.k.n.KeyIO           Load declarations of de.uka.ilkd.key.nparser.KeyAst$File:  <unknown>:1#1 
453216     INFO  Test worker     d.u.i.k.n.KeyIO           MODE: declarations took 0 ms 
453216     DEBUG Test worker     d.u.i.k.n.KeyIO           MODE: 2nd degree decls took 0 
453216     INFO  Test worker     d.u.i.k.n.KeyIO           Parsing took 0 ms 
453216     DEBUG Test worker     d.u.i.k.n.KeyIO           Load declarations of de.uka.ilkd.key.nparser.KeyAst$File:  <unknown>:1#1 
453216     INFO  Test worker     d.u.i.k.n.KeyIO           MODE: declarations took 0 ms 
453216     DEBUG Test worker     d.u.i.k.n.KeyIO           MODE: 2nd degree decls took 0 
453216     INFO  Test worker     d.u.i.k.n.KeyIO           Parsing took 0 ms 
453216     DEBUG Test worker     d.u.i.k.n.KeyIO           Load declarations of de.uka.ilkd.key.nparser.KeyAst$File:  <unknown>:1#1 
453216     INFO  Test worker     d.u.i.k.n.KeyIO           MODE: declarations took 0 ms 
453216     DEBUG Test worker     d.u.i.k.n.KeyIO           MODE: 2nd degree decls took 0 
453216     INFO  Test worker     d.u.i.k.n.KeyIO           Parsing took 0 ms 
453216     DEBUG Test worker     d.u.i.k.n.KeyIO           Load declarations of de.uka.ilkd.key.nparser.KeyAst$File:  <unknown>:1#1 
453216     INFO  Test worker     d.u.i.k.n.KeyIO           MODE: declarations took 0 ms 
453216     DEBUG Test worker     d.u.i.k.n.KeyIO           MODE: 2nd degree decls took 0 
453216     INFO  Test worker     d.u.i.k.n.KeyIO           Parsing took 0 ms 
453216     DEBUG Test worker     d.u.i.k.n.KeyIO           Load declarations of de.uka.ilkd.key.nparser.KeyAst$File:  <unknown>:1#1 
453216     INFO  Test worker     d.u.i.k.n.KeyIO           MODE: declarations took 0 ms 
453216     DEBUG Test worker     d.u.i.k.n.KeyIO           MODE: 2nd degree decls took 0 
456384     INFO  Test worker     d.u.i.k.n.KeyIO           Parsing took 0 ms 
456384     DEBUG Test worker     d.u.i.k.n.KeyIO           Load declarations of de.uka.ilkd.key.nparser.KeyAst$File:  <unknown>:1#1 
456384     INFO  Test worker     d.u.i.k.n.KeyIO           MODE: declarations took 0 ms 
456384     DEBUG Test worker     d.u.i.k.n.KeyIO           MODE: 2nd degree decls took 0 
456384     INFO  Test worker     d.u.i.k.n.KeyIO           Parsing took 0 ms 
456384     DEBUG Test worker     d.u.i.k.n.KeyIO           Load declarations of de.uka.ilkd.key.nparser.KeyAst$File:  <unknown>:1#1 
456384     INFO  Test worker     d.u.i.k.n.KeyIO           MODE: declarations took 0 ms 
456384     DEBUG Test worker     d.u.i.k.n.KeyIO           MODE: 2nd degree decls took 0 
456384     INFO  Test worker     d.u.i.k.n.KeyIO           Parsing took 0 ms 
456384     DEBUG Test worker     d.u.i.k.n.KeyIO           Load declarations of de.uka.ilkd.key.nparser.KeyAst$File:  <unknown>:1#1 
456384     INFO  Test worker     d.u.i.k.n.KeyIO           MODE: declarations took 0 ms 
456384     DEBUG Test worker     d.u.i.k.n.KeyIO           MODE: 2nd degree decls took 0 
456384     INFO  Test worker     d.u.i.k.n.KeyIO           Parsing took 0 ms 
456384     DEBUG Test worker     d.u.i.k.n.KeyIO           Load declarations of de.uka.ilkd.key.nparser.KeyAst$File:  <unknown>:1#1 
456384     INFO  Test worker     d.u.i.k.n.KeyIO           MODE: declarations took 0 ms 
456384     DEBUG Test worker     d.u.i.k.n.KeyIO           MODE: 2nd degree decls took 0 
456384     INFO  Test worker     d.u.i.k.n.KeyIO           Parsing took 0 ms 
456384     DEBUG Test worker     d.u.i.k.n.KeyIO           Load declarations of de.uka.ilkd.key.nparser.KeyAst$File:  <unknown>:1#1 
456384     INFO  Test worker     d.u.i.k.n.KeyIO           MODE: declarations took 0 ms 
456384     DEBUG Test worker     d.u.i.k.n.KeyIO           MODE: 2nd degree decls took 0 
459568     INFO  Test worker     d.u.i.k.n.KeyIO           Parsing took 0 ms 
459568     DEBUG Test worker     d.u.i.k.n.KeyIO           Load declarations of de.uka.ilkd.key.nparser.KeyAst$File:  <unknown>:1#1 
459568     INFO  Test worker     d.u.i.k.n.KeyIO           MODE: declarations took 0 ms 
459568     DEBUG Test worker     d.u.i.k.n.KeyIO           MODE: 2nd degree decls took 0 
459568     INFO  Test worker     d.u.i.k.n.KeyIO           Parsing took 0 ms 
459568     DEBUG Test worker     d.u.i.k.n.KeyIO           Load declarations of de.uka.ilkd.key.nparser.KeyAst$File:  <unknown>:1#1 
459568     INFO  Test worker     d.u.i.k.n.KeyIO           MODE: declarations took 0 ms 
459568     DEBUG Test worker     d.u.i.k.n.KeyIO           MODE: 2nd degree decls took 0 
459568     INFO  Test worker     d.u.i.k.n.KeyIO           Parsing took 0 ms 
459568     DEBUG Test worker     d.u.i.k.n.KeyIO           Load declarations of de.uka.ilkd.key.nparser.KeyAst$File:  <unknown>:1#1 
459568     INFO  Test worker     d.u.i.k.n.KeyIO           MODE: declarations took 0 ms 
459568     DEBUG Test worker     d.u.i.k.n.KeyIO           MODE: 2nd degree decls took 0 
459568     INFO  Test worker     d.u.i.k.n.KeyIO           Parsing took 0 ms 
459568     DEBUG Test worker     d.u.i.k.n.KeyIO           Load declarations of de.uka.ilkd.key.nparser.KeyAst$File:  <unknown>:1#1 
459568     INFO  Test worker     d.u.i.k.n.KeyIO           MODE: declarations took 0 ms 
459568     DEBUG Test worker     d.u.i.k.n.KeyIO           MODE: 2nd degree decls took 0 
459568     INFO  Test worker     d.u.i.k.n.KeyIO           Parsing took 0 ms 
459568     DEBUG Test worker     d.u.i.k.n.KeyIO           Load declarations of de.uka.ilkd.key.nparser.KeyAst$File:  <unknown>:1#1 
459568     INFO  Test worker     d.u.i.k.n.KeyIO           MODE: declarations took 0 ms 
459568     DEBUG Test worker     d.u.i.k.n.KeyIO           MODE: 2nd degree decls took 0 
]]></system-out>
  <system-err><![CDATA[]]></system-err>
</testsuite>
