<?xml version="1.0" encoding="UTF-8"?>
<testsuite name="de.uka.ilkd.key.rule.merge.PredicateAbstractionLatticeTests" tests="3" skipped="0" failures="0" errors="0" timestamp="2023-05-27T16:10:46" hostname="fv-az618-145" time="6.353">
  <properties/>
  <testcase name="testToAndFromString()" classname="de.uka.ilkd.key.rule.merge.PredicateAbstractionLatticeTests" time="3.179"/>
  <testcase name="testCreateSignLatticeWithPredicates()" classname="de.uka.ilkd.key.rule.merge.PredicateAbstractionLatticeTests" time="3.174"/>
  <testcase name="testTrivialPredicatesLattice()" classname="de.uka.ilkd.key.rule.merge.PredicateAbstractionLatticeTests" time="0.0"/>
  <system-out><![CDATA[595220     INFO  Test worker     d.u.i.k.p.i.AbstractProblemLoader Loading environment from src\test\resources\testcase\merge\dummy.key 
595220     DEBUG Test worker     d.u.i.k.p.i.AbstractProblemLoader Environment load took 137.3ns 
595220     INFO  Test worker     d.u.i.k.p.i.AbstractProblemLoader Creating init config 
598384     DEBUG Test worker     d.u.i.k.p.i.AbstractProblemLoader Init config took 3.17s 
598400     INFO  Test worker     d.u.i.k.p.i.AbstractProblemLoader Replaying proof dummy.key 
598400     DEBUG Test worker     d.u.i.k.p.i.IntermediateProofReplayer Proof replay took 9.9ns 
598400     INFO  Test worker     d.u.i.k.p.i.AbstractProblemLoader Loading environment from src\test\resources\testcase\merge\dummy.key 
598400     DEBUG Test worker     d.u.i.k.p.i.AbstractProblemLoader Environment load took 194.3ns 
598415     INFO  Test worker     d.u.i.k.p.i.AbstractProblemLoader Creating init config 
601543     DEBUG Test worker     d.u.i.k.p.i.AbstractProblemLoader Init config took 3.14s 
601558     INFO  Test worker     d.u.i.k.p.i.AbstractProblemLoader Replaying proof dummy.key 
601558     DEBUG Test worker     d.u.i.k.p.i.IntermediateProofReplayer Proof replay took 8ns 
]]></system-out>
  <system-err><![CDATA[]]></system-err>
</testsuite>
