<?xml version="1.0" encoding="UTF-8"?>
<testsuite name="de.uka.ilkd.key.proof.io.consistency.TestProofBundleIO" tests="3" skipped="0" failures="0" errors="0" timestamp="2023-05-27T16:08:50" hostname="fv-az618-145" time="8.394">
  <properties/>
  <testcase name="testSimpleFileRepo()" classname="de.uka.ilkd.key.proof.io.consistency.TestProofBundleIO" time="0.046"/>
  <testcase name="testComplexBundleGeneration()" classname="de.uka.ilkd.key.proof.io.consistency.TestProofBundleIO" time="1.546"/>
  <testcase name="testSimpleBundleGeneration()" classname="de.uka.ilkd.key.proof.io.consistency.TestProofBundleIO" time="6.801"/>
  <system-out><![CDATA[479183     INFO  Test worker     d.u.i.k.p.i.AbstractProblemLoader Loading environment from D:\a\key\key\key.core\src\test\resources\testcase\proofBundle\complexBundleGeneration\test.key 
479183     DEBUG Test worker     d.u.i.k.p.i.AbstractProblemLoader Environment load took 136.2ns 
479183     INFO  Test worker     d.u.i.k.p.i.AbstractProblemLoader Creating init config 
479700     DEBUG Test worker     d.u.i.k.p.i.AbstractProblemLoader Init config took 512.27ms 
479733     INFO  Test worker     d.u.i.k.p.i.AbstractProblemLoader Replaying proof Test[Test::constant()].JML normal_behavior operation contract.0 
479733     DEBUG Test worker     d.u.i.k.p.i.IntermediateProofReplayer Proof replay took 9ns 
480103     INFO  Test worker     d.u.i.k.p.i.AbstractProblemLoader Loading environment from D:\a\key\key\key.core\src\test\resources\testcase\proofBundle\complexBundleGeneration\test.zproof 
480156     DEBUG Test worker     d.u.i.k.p.i.AbstractProblemLoader Environment load took 45.98ms 
480156     INFO  Test worker     d.u.i.k.p.i.AbstractProblemLoader Creating init config 
480662     DEBUG Test worker     d.u.i.k.p.i.AbstractProblemLoader Init config took 504.29ms 
480694     INFO  Test worker     d.u.i.k.p.i.AbstractProblemLoader Replaying proof Test[Test::constant()].JML normal_behavior operation contract.0 
480725     DEBUG Test worker     d.u.i.k.p.i.IntermediateProofReplayer Proof replay took 24.77ms 
480725     INFO  Test worker     d.u.i.k.p.i.AbstractProblemLoader Loading environment from D:\a\key\key\key.core\src\test\resources\testcase\proofBundle\simpleBundleGeneration\test.key 
480725     DEBUG Test worker     d.u.i.k.p.i.AbstractProblemLoader Environment load took 525.5ns 
480741     INFO  Test worker     d.u.i.k.p.i.AbstractProblemLoader Creating init config 
484029     DEBUG Test worker     d.u.i.k.p.i.AbstractProblemLoader Init config took 3.29s 
484076     INFO  Test worker     d.u.i.k.p.i.AbstractProblemLoader Replaying proof Test[Test::constant()].JML normal_behavior operation contract.0 
484076     DEBUG Test worker     d.u.i.k.p.i.IntermediateProofReplayer Proof replay took 10.5ns 
484187     INFO  Test worker     d.u.i.k.p.i.AbstractProblemLoader Loading environment from D:\a\key\key\key.core\src\test\resources\testcase\proofBundle\simpleBundleGeneration\test.zproof 
484202     DEBUG Test worker     d.u.i.k.p.i.AbstractProblemLoader Environment load took 4.57ms 
484202     INFO  Test worker     d.u.i.k.p.i.AbstractProblemLoader Creating init config 
487473     DEBUG Test worker     d.u.i.k.p.i.AbstractProblemLoader Init config took 3.27s 
487519     INFO  Test worker     d.u.i.k.p.i.AbstractProblemLoader Replaying proof Test[Test::constant()].JML normal_behavior operation contract.0 
487519     DEBUG Test worker     d.u.i.k.p.i.IntermediateProofReplayer Proof replay took 8.01ms 
]]></system-out>
  <system-err><![CDATA[]]></system-err>
</testsuite>
