<?xml version="1.0" encoding="UTF-8"?>
<testsuite name="de.uka.ilkd.key.logic.TestClashFreeSubst" tests="14" skipped="2" failures="0" errors="0" timestamp="2023-05-27T16:01:31" hostname="fv-az618-145" time="53.291">
  <properties/>
  <testcase name="testMultiShareBound()" classname="de.uka.ilkd.key.logic.TestClashFreeSubst" time="1.18"/>
  <testcase name="testClash()" classname="de.uka.ilkd.key.logic.TestClashFreeSubst" time="1.032"/>
  <testcase name="testShare()" classname="de.uka.ilkd.key.logic.TestClashFreeSubst" time="0.971"/>
  <testcase name="testSubst()" classname="de.uka.ilkd.key.logic.TestClashFreeSubst" time="0.96"/>
  <testcase name="testWary0()" classname="de.uka.ilkd.key.logic.TestClashFreeSubst" time="1.003"/>
  <testcase name="testWary1()" classname="de.uka.ilkd.key.logic.TestClashFreeSubst" time="0.983"/>
  <testcase name="testWary2()" classname="de.uka.ilkd.key.logic.TestClashFreeSubst" time="0.983"/>
  <testcase name="testClashInSubstTerm()" classname="de.uka.ilkd.key.logic.TestClashFreeSubst" time="0.993"/>
  <testcase name="testShareWary()" classname="de.uka.ilkd.key.logic.TestClashFreeSubst" time="0.974"/>
  <testcase name="testMultiSubst()" classname="de.uka.ilkd.key.logic.TestClashFreeSubst" time="0.978"/>
  <testcase name="xtestMultiClash()" classname="de.uka.ilkd.key.logic.TestClashFreeSubst" time="0.0">
    <skipped/>
  </testcase>
  <testcase name="testSubstInSubstTerm()" classname="de.uka.ilkd.key.logic.TestClashFreeSubst" time="0.976"/>
  <testcase name="testSubstWary()" classname="de.uka.ilkd.key.logic.TestClashFreeSubst" time="0.98"/>
  <testcase name="xtestMultiClash1()" classname="de.uka.ilkd.key.logic.TestClashFreeSubst" time="0.0">
    <skipped/>
  </testcase>
  <system-out><![CDATA[40281      INFO  Test worker     d.u.i.k.n.KeyIO           Parsing took 0 ms 
40281      DEBUG Test worker     d.u.i.k.n.KeyIO           Load declarations of de.uka.ilkd.key.nparser.KeyAst$File:  <unknown>:1#1 
40281      INFO  Test worker     d.u.i.k.n.KeyIO           MODE: declarations took 0 ms 
40281      DEBUG Test worker     d.u.i.k.n.KeyIO           MODE: 2nd degree decls took 0 
41462      INFO  Test worker     d.u.i.k.n.KeyIO           Parsing took 0 ms 
41462      DEBUG Test worker     d.u.i.k.n.KeyIO           Load declarations of de.uka.ilkd.key.nparser.KeyAst$File:  <unknown>:1#1 
41462      INFO  Test worker     d.u.i.k.n.KeyIO           MODE: declarations took 0 ms 
41462      DEBUG Test worker     d.u.i.k.n.KeyIO           MODE: 2nd degree decls took 0 
44883      INFO  Test worker     d.u.i.k.n.KeyIO           Parsing took 0 ms 
44883      DEBUG Test worker     d.u.i.k.n.KeyIO           Load declarations of de.uka.ilkd.key.nparser.KeyAst$File:  <unknown>:1#1 
44883      INFO  Test worker     d.u.i.k.n.KeyIO           MODE: declarations took 0 ms 
44883      DEBUG Test worker     d.u.i.k.n.KeyIO           MODE: 2nd degree decls took 0 
45913      INFO  Test worker     d.u.i.k.n.KeyIO           Parsing took 0 ms 
45913      DEBUG Test worker     d.u.i.k.n.KeyIO           Load declarations of de.uka.ilkd.key.nparser.KeyAst$File:  <unknown>:1#1 
45913      INFO  Test worker     d.u.i.k.n.KeyIO           MODE: declarations took 0 ms 
45913      DEBUG Test worker     d.u.i.k.n.KeyIO           MODE: 2nd degree decls took 0 
49096      INFO  Test worker     d.u.i.k.n.KeyIO           Parsing took 0 ms 
49096      DEBUG Test worker     d.u.i.k.n.KeyIO           Load declarations of de.uka.ilkd.key.nparser.KeyAst$File:  <unknown>:1#1 
49096      INFO  Test worker     d.u.i.k.n.KeyIO           MODE: declarations took 0 ms 
49096      DEBUG Test worker     d.u.i.k.n.KeyIO           MODE: 2nd degree decls took 0 
50074      INFO  Test worker     d.u.i.k.n.KeyIO           Parsing took 0 ms 
50074      DEBUG Test worker     d.u.i.k.n.KeyIO           Load declarations of de.uka.ilkd.key.nparser.KeyAst$File:  <unknown>:1#1 
50074      INFO  Test worker     d.u.i.k.n.KeyIO           MODE: declarations took 0 ms 
50074      DEBUG Test worker     d.u.i.k.n.KeyIO           MODE: 2nd degree decls took 0 
53254      INFO  Test worker     d.u.i.k.n.KeyIO           Parsing took 0 ms 
53254      DEBUG Test worker     d.u.i.k.n.KeyIO           Load declarations of de.uka.ilkd.key.nparser.KeyAst$File:  <unknown>:1#1 
53254      INFO  Test worker     d.u.i.k.n.KeyIO           MODE: declarations took 0 ms 
53254      DEBUG Test worker     d.u.i.k.n.KeyIO           MODE: 2nd degree decls took 0 
54203      INFO  Test worker     d.u.i.k.n.KeyIO           Parsing took 0 ms 
54203      DEBUG Test worker     d.u.i.k.n.KeyIO           Load declarations of de.uka.ilkd.key.nparser.KeyAst$File:  <unknown>:1#1 
54203      INFO  Test worker     d.u.i.k.n.KeyIO           MODE: declarations took 0 ms 
54203      DEBUG Test worker     d.u.i.k.n.KeyIO           MODE: 2nd degree decls took 0 
57405      INFO  Test worker     d.u.i.k.n.KeyIO           Parsing took 0 ms 
57405      DEBUG Test worker     d.u.i.k.n.KeyIO           Load declarations of de.uka.ilkd.key.nparser.KeyAst$File:  <unknown>:1#1 
57405      INFO  Test worker     d.u.i.k.n.KeyIO           MODE: declarations took 0 ms 
57421      DEBUG Test worker     d.u.i.k.n.KeyIO           MODE: 2nd degree decls took 0 
58415      INFO  Test worker     d.u.i.k.n.KeyIO           Parsing took 0 ms 
58415      DEBUG Test worker     d.u.i.k.n.KeyIO           Load declarations of de.uka.ilkd.key.nparser.KeyAst$File:  <unknown>:1#1 
58415      INFO  Test worker     d.u.i.k.n.KeyIO           MODE: declarations took 0 ms 
58415      DEBUG Test worker     d.u.i.k.n.KeyIO           MODE: 2nd degree decls took 0 
61572      INFO  Test worker     d.u.i.k.n.KeyIO           Parsing took 0 ms 
61572      DEBUG Test worker     d.u.i.k.n.KeyIO           Load declarations of de.uka.ilkd.key.nparser.KeyAst$File:  <unknown>:1#1 
61572      INFO  Test worker     d.u.i.k.n.KeyIO           MODE: declarations took 0 ms 
61572      DEBUG Test worker     d.u.i.k.n.KeyIO           MODE: 2nd degree decls took 0 
62545      INFO  Test worker     d.u.i.k.n.KeyIO           Parsing took 0 ms 
62545      DEBUG Test worker     d.u.i.k.n.KeyIO           Load declarations of de.uka.ilkd.key.nparser.KeyAst$File:  <unknown>:1#1 
62545      INFO  Test worker     d.u.i.k.n.KeyIO           MODE: declarations took 0 ms 
62545      DEBUG Test worker     d.u.i.k.n.KeyIO           MODE: 2nd degree decls took 0 
65727      INFO  Test worker     d.u.i.k.n.KeyIO           Parsing took 0 ms 
65727      DEBUG Test worker     d.u.i.k.n.KeyIO           Load declarations of de.uka.ilkd.key.nparser.KeyAst$File:  <unknown>:1#1 
65727      INFO  Test worker     d.u.i.k.n.KeyIO           MODE: declarations took 0 ms 
65727      DEBUG Test worker     d.u.i.k.n.KeyIO           MODE: 2nd degree decls took 0 
66696      INFO  Test worker     d.u.i.k.n.KeyIO           Parsing took 0 ms 
66696      DEBUG Test worker     d.u.i.k.n.KeyIO           Load declarations of de.uka.ilkd.key.nparser.KeyAst$File:  <unknown>:1#1 
66696      INFO  Test worker     d.u.i.k.n.KeyIO           MODE: declarations took 0 ms 
66696      DEBUG Test worker     d.u.i.k.n.KeyIO           MODE: 2nd degree decls took 0 
69915      INFO  Test worker     d.u.i.k.n.KeyIO           Parsing took 0 ms 
69915      DEBUG Test worker     d.u.i.k.n.KeyIO           Load declarations of de.uka.ilkd.key.nparser.KeyAst$File:  <unknown>:1#1 
69915      INFO  Test worker     d.u.i.k.n.KeyIO           MODE: declarations took 0 ms 
69915      DEBUG Test worker     d.u.i.k.n.KeyIO           MODE: 2nd degree decls took 0 
70893      INFO  Test worker     d.u.i.k.n.KeyIO           Parsing took 0 ms 
70893      DEBUG Test worker     d.u.i.k.n.KeyIO           Load declarations of de.uka.ilkd.key.nparser.KeyAst$File:  <unknown>:1#1 
70893      INFO  Test worker     d.u.i.k.n.KeyIO           MODE: declarations took 0 ms 
70893      DEBUG Test worker     d.u.i.k.n.KeyIO           MODE: 2nd degree decls took 0 
73987      INFO  Test worker     d.u.i.k.n.KeyIO           Parsing took 0 ms 
73987      DEBUG Test worker     d.u.i.k.n.KeyIO           Load declarations of de.uka.ilkd.key.nparser.KeyAst$File:  <unknown>:1#1 
73987      INFO  Test worker     d.u.i.k.n.KeyIO           MODE: declarations took 0 ms 
73987      DEBUG Test worker     d.u.i.k.n.KeyIO           MODE: 2nd degree decls took 0 
74952      INFO  Test worker     d.u.i.k.n.KeyIO           Parsing took 0 ms 
74968      DEBUG Test worker     d.u.i.k.n.KeyIO           Load declarations of de.uka.ilkd.key.nparser.KeyAst$File:  <unknown>:1#1 
74968      INFO  Test worker     d.u.i.k.n.KeyIO           MODE: declarations took 0 ms 
74968      DEBUG Test worker     d.u.i.k.n.KeyIO           MODE: 2nd degree decls took 0 
78099      INFO  Test worker     d.u.i.k.n.KeyIO           Parsing took 0 ms 
78099      DEBUG Test worker     d.u.i.k.n.KeyIO           Load declarations of de.uka.ilkd.key.nparser.KeyAst$File:  <unknown>:1#1 
78099      INFO  Test worker     d.u.i.k.n.KeyIO           MODE: declarations took 0 ms 
78099      DEBUG Test worker     d.u.i.k.n.KeyIO           MODE: 2nd degree decls took 0 
79065      INFO  Test worker     d.u.i.k.n.KeyIO           Parsing took 0 ms 
79065      DEBUG Test worker     d.u.i.k.n.KeyIO           Load declarations of de.uka.ilkd.key.nparser.KeyAst$File:  <unknown>:1#1 
79065      INFO  Test worker     d.u.i.k.n.KeyIO           MODE: declarations took 0 ms 
79065      DEBUG Test worker     d.u.i.k.n.KeyIO           MODE: 2nd degree decls took 0 
85370      INFO  Test worker     d.u.i.k.n.KeyIO           Parsing took 0 ms 
85370      DEBUG Test worker     d.u.i.k.n.KeyIO           Load declarations of de.uka.ilkd.key.nparser.KeyAst$File:  <unknown>:1#1 
85370      INFO  Test worker     d.u.i.k.n.KeyIO           MODE: declarations took 0 ms 
85370      DEBUG Test worker     d.u.i.k.n.KeyIO           MODE: 2nd degree decls took 0 
86329      INFO  Test worker     d.u.i.k.n.KeyIO           Parsing took 0 ms 
86329      DEBUG Test worker     d.u.i.k.n.KeyIO           Load declarations of de.uka.ilkd.key.nparser.KeyAst$File:  <unknown>:1#1 
86329      INFO  Test worker     d.u.i.k.n.KeyIO           MODE: declarations took 0 ms 
86329      DEBUG Test worker     d.u.i.k.n.KeyIO           MODE: 2nd degree decls took 0 
89465      INFO  Test worker     d.u.i.k.n.KeyIO           Parsing took 0 ms 
89465      DEBUG Test worker     d.u.i.k.n.KeyIO           Load declarations of de.uka.ilkd.key.nparser.KeyAst$File:  <unknown>:1#1 
89465      INFO  Test worker     d.u.i.k.n.KeyIO           MODE: declarations took 0 ms 
89465      DEBUG Test worker     d.u.i.k.n.KeyIO           MODE: 2nd degree decls took 0 
90437      INFO  Test worker     d.u.i.k.n.KeyIO           Parsing took 0 ms 
90437      DEBUG Test worker     d.u.i.k.n.KeyIO           Load declarations of de.uka.ilkd.key.nparser.KeyAst$File:  <unknown>:1#1 
90437      INFO  Test worker     d.u.i.k.n.KeyIO           MODE: declarations took 0 ms 
90437      DEBUG Test worker     d.u.i.k.n.KeyIO           MODE: 2nd degree decls took 0 
]]></system-out>
  <system-err><![CDATA[]]></system-err>
</testsuite>
