<?xml version="1.0" encoding="UTF-8"?>
<testsuite name="de.uka.ilkd.key.rule.loop.LoopScopeInvRuleTests" tests="1" skipped="0" failures="0" errors="0" timestamp="2023-05-27T16:09:06" hostname="fv-az618-145" time="6.289">
  <properties/>
  <testcase name="testDoAutomaticProofOfBenchmarkWithLabeledBreaksAndContinues()" classname="de.uka.ilkd.key.rule.loop.LoopScopeInvRuleTests" time="6.289"/>
  <system-out><![CDATA[495200     INFO  Test worker     d.u.i.k.p.i.AbstractProblemLoader Loading environment from src\test\resources\testcase\loopScopeInvRule\Test.key 
495200     DEBUG Test worker     d.u.i.k.p.i.AbstractProblemLoader Environment load took 153.7ns 
495200     INFO  Test worker     d.u.i.k.p.i.AbstractProblemLoader Creating init config 
495340     DEBUG Test worker     d.u.i.k.j.TypeConverter   No LDT found for Meta 
495340     DEBUG Test worker     d.u.i.k.j.TypeConverter   No LDT found for Meta 
495340     DEBUG Test worker     d.u.i.k.j.TypeConverter   No LDT found for Meta 
495340     DEBUG Test worker     d.u.i.k.j.TypeConverter   No LDT found for Meta 
495839     DEBUG Test worker     d.u.i.k.j.TypeConverter   No LDT found for JavaBigintExpression 
500064     DEBUG Test worker     d.u.i.k.p.i.AbstractProblemLoader Init config took 4.86s 
500158     INFO  Test worker     d.u.i.k.p.i.AbstractProblemLoader Replaying proof Test[Test::loopScopeRuleBenchmark(int,boolean)].JML normal_behavior operation contract.0 
500158     DEBUG Test worker     d.u.i.k.p.i.IntermediateProofReplayer Proof replay took 22.6ns 
]]></system-out>
  <system-err><![CDATA[]]></system-err>
</testsuite>
