<?xml version="1.0" encoding="UTF-8"?>
<testsuite name="de.uka.ilkd.key.util.removegenerics.TestMultipleBounds" tests="6" skipped="0" failures="0" errors="0" timestamp="2023-05-31T11:56:31" hostname="fv-az456-882" time="0.097">
  <properties/>
  <testcase name="testJLS1()" classname="de.uka.ilkd.key.util.removegenerics.TestMultipleBounds" time="0.011"/>
  <testcase name="testRecursiveBounds()" classname="de.uka.ilkd.key.util.removegenerics.TestMultipleBounds" time="0.022"/>
  <testcase name="testAttributes()" classname="de.uka.ilkd.key.util.removegenerics.TestMultipleBounds" time="0.009"/>
  <testcase name="testAsArguments()" classname="de.uka.ilkd.key.util.removegenerics.TestMultipleBounds" time="0.008"/>
  <testcase name="testMethods()" classname="de.uka.ilkd.key.util.removegenerics.TestMultipleBounds" time="0.009"/>
  <testcase name="testTricky2Supertypes()" classname="de.uka.ilkd.key.util.removegenerics.TestMultipleBounds" time="0.012"/>
  <system-out><![CDATA[]]></system-out>
  <system-err><![CDATA[]]></system-err>
</testsuite>
