<?xml version="1.0" encoding="UTF-8"?>
<testsuite name="org.key_project.util.testcase.java.ArrayUtilTest" tests="14" skipped="0" failures="0" errors="0" timestamp="2023-04-28T12:39:02" hostname="fv-az456-502" time="0.03">
  <properties/>
  <testcase name="testToString_Object()" classname="org.key_project.util.testcase.java.ArrayUtilTest" time="0.001"/>
  <testcase name="testAdd_int()" classname="org.key_project.util.testcase.java.ArrayUtilTest" time="0.001"/>
  <testcase name="testAddAll_newType()" classname="org.key_project.util.testcase.java.ArrayUtilTest" time="0.001"/>
  <testcase name="testContains()" classname="org.key_project.util.testcase.java.ArrayUtilTest" time="0.0"/>
  <testcase name="testToString_int_String()" classname="org.key_project.util.testcase.java.ArrayUtilTest" time="0.001"/>
  <testcase name="testAdd_Object()" classname="org.key_project.util.testcase.java.ArrayUtilTest" time="0.001"/>
  <testcase name="testAddAll()" classname="org.key_project.util.testcase.java.ArrayUtilTest" time="0.001"/>
  <testcase name="testInsert()" classname="org.key_project.util.testcase.java.ArrayUtilTest" time="0.001"/>
  <testcase name="testIndexOf()" classname="org.key_project.util.testcase.java.ArrayUtilTest" time="0.0"/>
  <testcase name="testToString_int()" classname="org.key_project.util.testcase.java.ArrayUtilTest" time="0.0"/>
  <testcase name="testIsEmpty()" classname="org.key_project.util.testcase.java.ArrayUtilTest" time="0.001"/>
  <testcase name="testRemove()" classname="org.key_project.util.testcase.java.ArrayUtilTest" time="0.0"/>
  <testcase name="testSearch()" classname="org.key_project.util.testcase.java.ArrayUtilTest" time="0.005"/>
  <testcase name="testToString_Object_String()" classname="org.key_project.util.testcase.java.ArrayUtilTest" time="0.0"/>
  <system-out><![CDATA[]]></system-out>
  <system-err><![CDATA[]]></system-err>
</testsuite>
