<?xml version="1.0" encoding="UTF-8"?>
<testsuite name="de.uka.ilkd.key.logic.TestClashFreeSubst" tests="14" skipped="2" failures="0" errors="0" timestamp="2023-05-26T22:49:19" hostname="fv-az1230-476" time="57.341">
  <properties/>
  <testcase name="testMultiShareBound()" classname="de.uka.ilkd.key.logic.TestClashFreeSubst" time="1.188"/>
  <testcase name="testClash()" classname="de.uka.ilkd.key.logic.TestClashFreeSubst" time="1.067"/>
  <testcase name="testShare()" classname="de.uka.ilkd.key.logic.TestClashFreeSubst" time="1.131"/>
  <testcase name="testSubst()" classname="de.uka.ilkd.key.logic.TestClashFreeSubst" time="1.025"/>
  <testcase name="testWary0()" classname="de.uka.ilkd.key.logic.TestClashFreeSubst" time="1.071"/>
  <testcase name="testWary1()" classname="de.uka.ilkd.key.logic.TestClashFreeSubst" time="1.076"/>
  <testcase name="testWary2()" classname="de.uka.ilkd.key.logic.TestClashFreeSubst" time="1.077"/>
  <testcase name="testClashInSubstTerm()" classname="de.uka.ilkd.key.logic.TestClashFreeSubst" time="1.055"/>
  <testcase name="testShareWary()" classname="de.uka.ilkd.key.logic.TestClashFreeSubst" time="1.034"/>
  <testcase name="testMultiSubst()" classname="de.uka.ilkd.key.logic.TestClashFreeSubst" time="1.01"/>
  <testcase name="xtestMultiClash()" classname="de.uka.ilkd.key.logic.TestClashFreeSubst" time="0.001">
    <skipped/>
  </testcase>
  <testcase name="testSubstInSubstTerm()" classname="de.uka.ilkd.key.logic.TestClashFreeSubst" time="0.99"/>
  <testcase name="testSubstWary()" classname="de.uka.ilkd.key.logic.TestClashFreeSubst" time="1.015"/>
  <testcase name="xtestMultiClash1()" classname="de.uka.ilkd.key.logic.TestClashFreeSubst" time="0.0">
    <skipped/>
  </testcase>
  <system-out><![CDATA[44181      INFO  Test worker     d.u.i.k.n.KeyIO           Parsing took 0 ms 
44181      DEBUG Test worker     d.u.i.k.n.KeyIO           Load declarations of de.uka.ilkd.key.nparser.KeyAst$File:  <unknown>:1#1 
44181      INFO  Test worker     d.u.i.k.n.KeyIO           MODE: declarations took 0 ms 
44181      DEBUG Test worker     d.u.i.k.n.KeyIO           MODE: 2nd degree decls took 0 
45369      INFO  Test worker     d.u.i.k.n.KeyIO           Parsing took 0 ms 
45369      DEBUG Test worker     d.u.i.k.n.KeyIO           Load declarations of de.uka.ilkd.key.nparser.KeyAst$File:  <unknown>:1#1 
45369      INFO  Test worker     d.u.i.k.n.KeyIO           MODE: declarations took 0 ms 
45369      DEBUG Test worker     d.u.i.k.n.KeyIO           MODE: 2nd degree decls took 0 
48968      INFO  Test worker     d.u.i.k.n.KeyIO           Parsing took 0 ms 
48968      DEBUG Test worker     d.u.i.k.n.KeyIO           Load declarations of de.uka.ilkd.key.nparser.KeyAst$File:  <unknown>:1#1 
48983      INFO  Test worker     d.u.i.k.n.KeyIO           MODE: declarations took 15 ms 
48983      DEBUG Test worker     d.u.i.k.n.KeyIO           MODE: 2nd degree decls took 0 
50041      INFO  Test worker     d.u.i.k.n.KeyIO           Parsing took 0 ms 
50041      DEBUG Test worker     d.u.i.k.n.KeyIO           Load declarations of de.uka.ilkd.key.nparser.KeyAst$File:  <unknown>:1#1 
50041      INFO  Test worker     d.u.i.k.n.KeyIO           MODE: declarations took 0 ms 
50041      DEBUG Test worker     d.u.i.k.n.KeyIO           MODE: 2nd degree decls took 0 
53578      INFO  Test worker     d.u.i.k.n.KeyIO           Parsing took 0 ms 
53578      DEBUG Test worker     d.u.i.k.n.KeyIO           Load declarations of de.uka.ilkd.key.nparser.KeyAst$File:  <unknown>:1#1 
53578      INFO  Test worker     d.u.i.k.n.KeyIO           MODE: declarations took 0 ms 
53578      DEBUG Test worker     d.u.i.k.n.KeyIO           MODE: 2nd degree decls took 0 
54711      INFO  Test worker     d.u.i.k.n.KeyIO           Parsing took 0 ms 
54711      DEBUG Test worker     d.u.i.k.n.KeyIO           Load declarations of de.uka.ilkd.key.nparser.KeyAst$File:  <unknown>:1#1 
54711      INFO  Test worker     d.u.i.k.n.KeyIO           MODE: declarations took 0 ms 
54711      DEBUG Test worker     d.u.i.k.n.KeyIO           MODE: 2nd degree decls took 0 
58132      INFO  Test worker     d.u.i.k.n.KeyIO           Parsing took 0 ms 
58132      DEBUG Test worker     d.u.i.k.n.KeyIO           Load declarations of de.uka.ilkd.key.nparser.KeyAst$File:  <unknown>:1#1 
58132      INFO  Test worker     d.u.i.k.n.KeyIO           MODE: declarations took 0 ms 
58132      DEBUG Test worker     d.u.i.k.n.KeyIO           MODE: 2nd degree decls took 0 
59151      INFO  Test worker     d.u.i.k.n.KeyIO           Parsing took 0 ms 
59151      DEBUG Test worker     d.u.i.k.n.KeyIO           Load declarations of de.uka.ilkd.key.nparser.KeyAst$File:  <unknown>:1#1 
59167      INFO  Test worker     d.u.i.k.n.KeyIO           MODE: declarations took 16 ms 
59167      DEBUG Test worker     d.u.i.k.n.KeyIO           MODE: 2nd degree decls took 0 
62582      INFO  Test worker     d.u.i.k.n.KeyIO           Parsing took 0 ms 
62582      DEBUG Test worker     d.u.i.k.n.KeyIO           Load declarations of de.uka.ilkd.key.nparser.KeyAst$File:  <unknown>:1#1 
62582      INFO  Test worker     d.u.i.k.n.KeyIO           MODE: declarations took 0 ms 
62582      DEBUG Test worker     d.u.i.k.n.KeyIO           MODE: 2nd degree decls took 0 
63636      INFO  Test worker     d.u.i.k.n.KeyIO           Parsing took 0 ms 
63636      DEBUG Test worker     d.u.i.k.n.KeyIO           Load declarations of de.uka.ilkd.key.nparser.KeyAst$File:  <unknown>:1#1 
63652      INFO  Test worker     d.u.i.k.n.KeyIO           MODE: declarations took 16 ms 
63652      DEBUG Test worker     d.u.i.k.n.KeyIO           MODE: 2nd degree decls took 0 
67120      INFO  Test worker     d.u.i.k.n.KeyIO           Parsing took 0 ms 
67120      DEBUG Test worker     d.u.i.k.n.KeyIO           Load declarations of de.uka.ilkd.key.nparser.KeyAst$File:  <unknown>:1#1 
67120      INFO  Test worker     d.u.i.k.n.KeyIO           MODE: declarations took 0 ms 
67120      DEBUG Test worker     d.u.i.k.n.KeyIO           MODE: 2nd degree decls took 0 
68193      INFO  Test worker     d.u.i.k.n.KeyIO           Parsing took 0 ms 
68193      DEBUG Test worker     d.u.i.k.n.KeyIO           Load declarations of de.uka.ilkd.key.nparser.KeyAst$File:  <unknown>:1#1 
68193      INFO  Test worker     d.u.i.k.n.KeyIO           MODE: declarations took 0 ms 
68193      DEBUG Test worker     d.u.i.k.n.KeyIO           MODE: 2nd degree decls took 0 
71572      INFO  Test worker     d.u.i.k.n.KeyIO           Parsing took 0 ms 
71572      DEBUG Test worker     d.u.i.k.n.KeyIO           Load declarations of de.uka.ilkd.key.nparser.KeyAst$File:  <unknown>:1#1 
71572      INFO  Test worker     d.u.i.k.n.KeyIO           MODE: declarations took 0 ms 
71573      DEBUG Test worker     d.u.i.k.n.KeyIO           MODE: 2nd degree decls took 0 
72639      INFO  Test worker     d.u.i.k.n.KeyIO           Parsing took 0 ms 
72639      DEBUG Test worker     d.u.i.k.n.KeyIO           Load declarations of de.uka.ilkd.key.nparser.KeyAst$File:  <unknown>:1#1 
72639      INFO  Test worker     d.u.i.k.n.KeyIO           MODE: declarations took 0 ms 
72639      DEBUG Test worker     d.u.i.k.n.KeyIO           MODE: 2nd degree decls took 0 
76127      INFO  Test worker     d.u.i.k.n.KeyIO           Parsing took 0 ms 
76127      DEBUG Test worker     d.u.i.k.n.KeyIO           Load declarations of de.uka.ilkd.key.nparser.KeyAst$File:  <unknown>:1#1 
76127      INFO  Test worker     d.u.i.k.n.KeyIO           MODE: declarations took 0 ms 
76127      DEBUG Test worker     d.u.i.k.n.KeyIO           MODE: 2nd degree decls took 0 
77168      INFO  Test worker     d.u.i.k.n.KeyIO           Parsing took 0 ms 
77168      DEBUG Test worker     d.u.i.k.n.KeyIO           Load declarations of de.uka.ilkd.key.nparser.KeyAst$File:  <unknown>:1#1 
77168      INFO  Test worker     d.u.i.k.n.KeyIO           MODE: declarations took 0 ms 
77168      DEBUG Test worker     d.u.i.k.n.KeyIO           MODE: 2nd degree decls took 0 
80642      INFO  Test worker     d.u.i.k.n.KeyIO           Parsing took 0 ms 
80642      DEBUG Test worker     d.u.i.k.n.KeyIO           Load declarations of de.uka.ilkd.key.nparser.KeyAst$File:  <unknown>:1#1 
80642      INFO  Test worker     d.u.i.k.n.KeyIO           MODE: declarations took 0 ms 
80642      DEBUG Test worker     d.u.i.k.n.KeyIO           MODE: 2nd degree decls took 0 
81671      INFO  Test worker     d.u.i.k.n.KeyIO           Parsing took 0 ms 
81671      DEBUG Test worker     d.u.i.k.n.KeyIO           Load declarations of de.uka.ilkd.key.nparser.KeyAst$File:  <unknown>:1#1 
81671      INFO  Test worker     d.u.i.k.n.KeyIO           MODE: declarations took 0 ms 
81671      DEBUG Test worker     d.u.i.k.n.KeyIO           MODE: 2nd degree decls took 0 
85087      INFO  Test worker     d.u.i.k.n.KeyIO           Parsing took 0 ms 
85087      DEBUG Test worker     d.u.i.k.n.KeyIO           Load declarations of de.uka.ilkd.key.nparser.KeyAst$File:  <unknown>:1#1 
85087      INFO  Test worker     d.u.i.k.n.KeyIO           MODE: declarations took 0 ms 
85087      DEBUG Test worker     d.u.i.k.n.KeyIO           MODE: 2nd degree decls took 0 
86083      INFO  Test worker     d.u.i.k.n.KeyIO           Parsing took 0 ms 
86083      DEBUG Test worker     d.u.i.k.n.KeyIO           Load declarations of de.uka.ilkd.key.nparser.KeyAst$File:  <unknown>:1#1 
86083      INFO  Test worker     d.u.i.k.n.KeyIO           MODE: declarations took 0 ms 
86083      DEBUG Test worker     d.u.i.k.n.KeyIO           MODE: 2nd degree decls took 0 
92778      INFO  Test worker     d.u.i.k.n.KeyIO           Parsing took 0 ms 
92778      DEBUG Test worker     d.u.i.k.n.KeyIO           Load declarations of de.uka.ilkd.key.nparser.KeyAst$File:  <unknown>:1#1 
92778      INFO  Test worker     d.u.i.k.n.KeyIO           MODE: declarations took 0 ms 
92778      DEBUG Test worker     d.u.i.k.n.KeyIO           MODE: 2nd degree decls took 0 
93762      INFO  Test worker     d.u.i.k.n.KeyIO           Parsing took 0 ms 
93762      DEBUG Test worker     d.u.i.k.n.KeyIO           Load declarations of de.uka.ilkd.key.nparser.KeyAst$File:  <unknown>:1#1 
93762      INFO  Test worker     d.u.i.k.n.KeyIO           MODE: declarations took 0 ms 
93762      DEBUG Test worker     d.u.i.k.n.KeyIO           MODE: 2nd degree decls took 0 
97214      INFO  Test worker     d.u.i.k.n.KeyIO           Parsing took 0 ms 
97214      DEBUG Test worker     d.u.i.k.n.KeyIO           Load declarations of de.uka.ilkd.key.nparser.KeyAst$File:  <unknown>:1#1 
97214      INFO  Test worker     d.u.i.k.n.KeyIO           MODE: declarations took 0 ms 
97214      DEBUG Test worker     d.u.i.k.n.KeyIO           MODE: 2nd degree decls took 0 
98226      INFO  Test worker     d.u.i.k.n.KeyIO           Parsing took 1 ms 
98226      DEBUG Test worker     d.u.i.k.n.KeyIO           Load declarations of de.uka.ilkd.key.nparser.KeyAst$File:  <unknown>:1#1 
98226      INFO  Test worker     d.u.i.k.n.KeyIO           MODE: declarations took 0 ms 
98226      DEBUG Test worker     d.u.i.k.n.KeyIO           MODE: 2nd degree decls took 0 
]]></system-out>
  <system-err><![CDATA[]]></system-err>
</testsuite>
