<?xml version="1.0" encoding="UTF-8"?>
<testsuite name="de.uka.ilkd.key.logic.TestTermLabelManager" tests="21" skipped="0" failures="0" errors="0" timestamp="2023-05-26T22:50:43" hostname="fv-az1230-476" time="63.995">
  <properties/>
  <testcase name="testInstantiateLabels_directChildPolicies_allRules()" classname="de.uka.ilkd.key.logic.TestTermLabelManager" time="4.689"/>
  <testcase name="testInstantiateLabels_childAndGrandchildPolicies_ruleSpecific()" classname="de.uka.ilkd.key.logic.TestTermLabelManager" time="3.076"/>
  <testcase name="testParseLabel()" classname="de.uka.ilkd.key.logic.TestTermLabelManager" time="3.178"/>
  <testcase name="testrefactorGoal_childrenAndGrandchildren_ruleSpecific()" classname="de.uka.ilkd.key.logic.TestTermLabelManager" time="3.119"/>
  <testcase name="testrefactorGoal_directChildren_allRules()" classname="de.uka.ilkd.key.logic.TestTermLabelManager" time="3.191"/>
  <testcase name="testInstantiateLabels_childAndGrandchildPolicies_allRules()" classname="de.uka.ilkd.key.logic.TestTermLabelManager" time="3.254"/>
  <testcase name="testInstantiateLabels_taclet()" classname="de.uka.ilkd.key.logic.TestTermLabelManager" time="3.257"/>
  <testcase name="testrefactorGoal_none_ruleSpecific()" classname="de.uka.ilkd.key.logic.TestTermLabelManager" time="3.349"/>
  <testcase name="testInstantiateLabels_updates_ruleSpecific()" classname="de.uka.ilkd.key.logic.TestTermLabelManager" time="3.364"/>
  <testcase name="testrefactorGoal_sequent_ruleSpecific()" classname="de.uka.ilkd.key.logic.TestTermLabelManager" time="3.391"/>
  <testcase name="testInstantiateLabels_updates_allRules()" classname="de.uka.ilkd.key.logic.TestTermLabelManager" time="3.286"/>
  <testcase name="testrefactorGoal_sequent_allRules()" classname="de.uka.ilkd.key.logic.TestTermLabelManager" time="3.315"/>
  <testcase name="testrefactorGoal_childrenAndGrandchildren_allRules()" classname="de.uka.ilkd.key.logic.TestTermLabelManager" time="3.339"/>
  <testcase name="testGetTermLabelManager()" classname="de.uka.ilkd.key.logic.TestTermLabelManager" time="0.004"/>
  <testcase name="testInstantiateLabels_applicationTermPolicies()" classname="de.uka.ilkd.key.logic.TestTermLabelManager" time="3.346"/>
  <testcase name="testInstantiateLabels_modalityTermPolicies()" classname="de.uka.ilkd.key.logic.TestTermLabelManager" time="3.407"/>
  <testcase name="testrefactorGoal_none_allRules()" classname="de.uka.ilkd.key.logic.TestTermLabelManager" time="3.277"/>
  <testcase name="testInstantiateLabels_null()" classname="de.uka.ilkd.key.logic.TestTermLabelManager" time="0.0"/>
  <testcase name="testrefactorGoal_directChildren_ruleSpecific()" classname="de.uka.ilkd.key.logic.TestTermLabelManager" time="3.449"/>
  <testcase name="testInstantiateLabels_directChildPolicies_ruleSpecific()" classname="de.uka.ilkd.key.logic.TestTermLabelManager" time="3.373"/>
  <testcase name="testGetSupportedTermLabelNames()" classname="de.uka.ilkd.key.logic.TestTermLabelManager" time="3.321"/>
  <system-out><![CDATA[128233     INFO  Test worker     d.u.i.k.p.i.AbstractProblemLoader Loading environment from src\test\resources\testcase\termLabels\flatSteps\FlatSteps.java 
128233     DEBUG Test worker     d.u.i.k.p.i.AbstractProblemLoader Environment load took 275.9ns 
128233     INFO  Test worker     d.u.i.k.p.i.AbstractProblemLoader Creating init config 
128490     DEBUG Test worker     d.u.i.k.j.TypeConverter   No LDT found for Meta 
128490     DEBUG Test worker     d.u.i.k.j.TypeConverter   No LDT found for Meta 
128506     DEBUG Test worker     d.u.i.k.j.TypeConverter   No LDT found for Meta 
128506     DEBUG Test worker     d.u.i.k.j.TypeConverter   No LDT found for Meta 
129397     DEBUG Test worker     d.u.i.k.j.TypeConverter   No LDT found for JavaBigintExpression 
132899     DEBUG Test worker     d.u.i.k.p.i.AbstractProblemLoader Init config took 4.67s 
132914     INFO  Test worker     d.u.i.k.p.i.AbstractProblemLoader Loading environment from src\test\resources\testcase\termLabels\flatSteps\FlatSteps.java 
132914     DEBUG Test worker     d.u.i.k.p.i.AbstractProblemLoader Environment load took 191.1ns 
132914     INFO  Test worker     d.u.i.k.p.i.AbstractProblemLoader Creating init config 
135990     DEBUG Test worker     d.u.i.k.p.i.AbstractProblemLoader Init config took 3.07s 
135990     INFO  Test worker     d.u.i.k.p.i.AbstractProblemLoader Loading environment from src\test\resources\testcase\termLabels\flatSteps\FlatSteps.java 
135990     DEBUG Test worker     d.u.i.k.p.i.AbstractProblemLoader Environment load took 248.5ns 
135990     INFO  Test worker     d.u.i.k.p.i.AbstractProblemLoader Creating init config 
139152     DEBUG Test worker     d.u.i.k.p.i.AbstractProblemLoader Init config took 3.16s 
139168     INFO  Test worker     d.u.i.k.p.i.AbstractProblemLoader Loading environment from src\test\resources\testcase\termLabels\flatSteps\FlatSteps.java 
139168     DEBUG Test worker     d.u.i.k.p.i.AbstractProblemLoader Environment load took 223ns 
139168     INFO  Test worker     d.u.i.k.p.i.AbstractProblemLoader Creating init config 
142287     DEBUG Test worker     d.u.i.k.p.i.AbstractProblemLoader Init config took 3.11s 
142287     INFO  Test worker     d.u.i.k.p.i.AbstractProblemLoader Loading environment from src\test\resources\testcase\termLabels\flatSteps\FlatSteps.java 
142303     DEBUG Test worker     d.u.i.k.p.i.AbstractProblemLoader Environment load took 610.3ns 
142303     INFO  Test worker     d.u.i.k.p.i.AbstractProblemLoader Creating init config 
145463     DEBUG Test worker     d.u.i.k.p.i.AbstractProblemLoader Init config took 3.17s 
145479     INFO  Test worker     d.u.i.k.p.i.AbstractProblemLoader Loading environment from src\test\resources\testcase\termLabels\flatSteps\FlatSteps.java 
145479     DEBUG Test worker     d.u.i.k.p.i.AbstractProblemLoader Environment load took 536.8ns 
145479     INFO  Test worker     d.u.i.k.p.i.AbstractProblemLoader Creating init config 
148718     DEBUG Test worker     d.u.i.k.p.i.AbstractProblemLoader Init config took 3.24s 
148733     INFO  Test worker     d.u.i.k.p.i.AbstractProblemLoader Loading environment from src\test\resources\testcase\termLabels\flatSteps\FlatSteps.java 
148733     DEBUG Test worker     d.u.i.k.p.i.AbstractProblemLoader Environment load took 477.9ns 
148733     INFO  Test worker     d.u.i.k.p.i.AbstractProblemLoader Creating init config 
151991     DEBUG Test worker     d.u.i.k.p.i.AbstractProblemLoader Init config took 3.26s 
152006     INFO  Test worker     d.u.i.k.p.i.AbstractProblemLoader Loading environment from src\test\resources\testcase\termLabels\flatSteps\FlatSteps.java 
152006     DEBUG Test worker     d.u.i.k.p.i.AbstractProblemLoader Environment load took 1.38ms 
152006     INFO  Test worker     d.u.i.k.p.i.AbstractProblemLoader Creating init config 
155309     DEBUG Test worker     d.u.i.k.p.i.AbstractProblemLoader Init config took 3.31s 
155340     INFO  Test worker     d.u.i.k.p.i.AbstractProblemLoader Loading environment from src\test\resources\testcase\termLabels\flatSteps\FlatSteps.java 
155340     DEBUG Test worker     d.u.i.k.p.i.AbstractProblemLoader Environment load took 1.33ms 
155340     INFO  Test worker     d.u.i.k.p.i.AbstractProblemLoader Creating init config 
158705     DEBUG Test worker     d.u.i.k.p.i.AbstractProblemLoader Init config took 3.36s 
158705     INFO  Test worker     d.u.i.k.p.i.AbstractProblemLoader Loading environment from src\test\resources\testcase\termLabels\flatSteps\FlatSteps.java 
158705     DEBUG Test worker     d.u.i.k.p.i.AbstractProblemLoader Environment load took 1.66ms 
158721     INFO  Test worker     d.u.i.k.p.i.AbstractProblemLoader Creating init config 
162081     DEBUG Test worker     d.u.i.k.p.i.AbstractProblemLoader Init config took 3.37s 
162097     INFO  Test worker     d.u.i.k.p.i.AbstractProblemLoader Loading environment from src\test\resources\testcase\termLabels\flatSteps\FlatSteps.java 
162097     DEBUG Test worker     d.u.i.k.p.i.AbstractProblemLoader Environment load took 170.4ns 
162097     INFO  Test worker     d.u.i.k.p.i.AbstractProblemLoader Creating init config 
165384     DEBUG Test worker     d.u.i.k.p.i.AbstractProblemLoader Init config took 3.28s 
165384     INFO  Test worker     d.u.i.k.p.i.AbstractProblemLoader Loading environment from src\test\resources\testcase\termLabels\flatSteps\FlatSteps.java 
165384     DEBUG Test worker     d.u.i.k.p.i.AbstractProblemLoader Environment load took 161.9ns 
165384     INFO  Test worker     d.u.i.k.p.i.AbstractProblemLoader Creating init config 
168683     DEBUG Test worker     d.u.i.k.p.i.AbstractProblemLoader Init config took 3.29s 
168699     INFO  Test worker     d.u.i.k.p.i.AbstractProblemLoader Loading environment from src\test\resources\testcase\termLabels\flatSteps\FlatSteps.java 
168699     DEBUG Test worker     d.u.i.k.p.i.AbstractProblemLoader Environment load took 214ns 
168699     INFO  Test worker     d.u.i.k.p.i.AbstractProblemLoader Creating init config 
172038     DEBUG Test worker     d.u.i.k.p.i.AbstractProblemLoader Init config took 3.33s 
172053     INFO  Test worker     d.u.i.k.p.i.AbstractProblemLoader Loading environment from src\test\resources\testcase\termLabels\flatSteps\FlatSteps.java 
172053     DEBUG Test worker     d.u.i.k.p.i.AbstractProblemLoader Environment load took 575.5ns 
172053     INFO  Test worker     d.u.i.k.p.i.AbstractProblemLoader Creating init config 
175389     DEBUG Test worker     d.u.i.k.p.i.AbstractProblemLoader Init config took 3.34s 
175389     INFO  Test worker     d.u.i.k.p.i.AbstractProblemLoader Loading environment from src\test\resources\testcase\termLabels\flatSteps\FlatSteps.java 
175389     DEBUG Test worker     d.u.i.k.p.i.AbstractProblemLoader Environment load took 175.6ns 
175404     INFO  Test worker     d.u.i.k.p.i.AbstractProblemLoader Creating init config 
178798     DEBUG Test worker     d.u.i.k.p.i.AbstractProblemLoader Init config took 3.39s 
178798     INFO  Test worker     d.u.i.k.p.i.AbstractProblemLoader Loading environment from src\test\resources\testcase\termLabels\flatSteps\FlatSteps.java 
178798     DEBUG Test worker     d.u.i.k.p.i.AbstractProblemLoader Environment load took 223.8ns 
178798     INFO  Test worker     d.u.i.k.p.i.AbstractProblemLoader Creating init config 
182059     DEBUG Test worker     d.u.i.k.p.i.AbstractProblemLoader Init config took 3.25s 
182075     INFO  Test worker     d.u.i.k.p.i.AbstractProblemLoader Loading environment from src\test\resources\testcase\termLabels\flatSteps\FlatSteps.java 
182075     DEBUG Test worker     d.u.i.k.p.i.AbstractProblemLoader Environment load took 270.5ns 
182075     INFO  Test worker     d.u.i.k.p.i.AbstractProblemLoader Creating init config 
185510     DEBUG Test worker     d.u.i.k.p.i.AbstractProblemLoader Init config took 3.44s 
185526     INFO  Test worker     d.u.i.k.p.i.AbstractProblemLoader Loading environment from src\test\resources\testcase\termLabels\flatSteps\FlatSteps.java 
185526     DEBUG Test worker     d.u.i.k.p.i.AbstractProblemLoader Environment load took 595.3ns 
185526     INFO  Test worker     d.u.i.k.p.i.AbstractProblemLoader Creating init config 
188899     DEBUG Test worker     d.u.i.k.p.i.AbstractProblemLoader Init config took 3.36s 
188899     INFO  Test worker     d.u.i.k.p.i.AbstractProblemLoader Loading environment from src\test\resources\testcase\termLabels\flatSteps\FlatSteps.java 
188899     DEBUG Test worker     d.u.i.k.p.i.AbstractProblemLoader Environment load took 1.07ms 
188899     INFO  Test worker     d.u.i.k.p.i.AbstractProblemLoader Creating init config 
192220     DEBUG Test worker     d.u.i.k.p.i.AbstractProblemLoader Init config took 3.31s 
]]></system-out>
  <system-err><![CDATA[]]></system-err>
</testsuite>
