<?xml version="1.0" encoding="UTF-8"?>
<testsuite name="de.uka.ilkd.key.java.TestContextStatementBlock" tests="1" skipped="0" failures="0" errors="0" timestamp="2023-05-26T22:49:02" hostname="fv-az1230-476" time="1.374">
  <properties/>
  <testcase name="testContextTermInstantiation()" classname="de.uka.ilkd.key.java.TestContextStatementBlock" time="1.374"/>
  <system-out><![CDATA[28200      INFO  Test worker     d.u.i.k.n.KeyIO           Parsing took 16 ms 
28200      DEBUG Test worker     d.u.i.k.n.KeyIO           Load declarations of de.uka.ilkd.key.nparser.KeyAst$File:  D:\a\key\key\key.core\src\test\resources\testcase\testrules.key:9#1 
28200      INFO  Test worker     d.u.i.k.n.KeyIO           MODE: declarations took 0 ms 
28200      DEBUG Test worker     d.u.i.k.n.KeyIO           MODE: 2nd degree decls took 0 
28341      DEBUG Test worker     d.u.i.k.n.KeyIO           MODE: taclets took 141ms 
]]></system-out>
  <system-err><![CDATA[]]></system-err>
</testsuite>
