<?xml version="1.0" encoding="UTF-8"?>
<testsuite name="de.uka.ilkd.key.proof.io.consistency.TestProofBundleIO" tests="3" skipped="0" failures="0" errors="0" timestamp="2023-05-26T22:56:56" hostname="fv-az1230-476" time="8.342">
  <properties/>
  <testcase name="testSimpleFileRepo()" classname="de.uka.ilkd.key.proof.io.consistency.TestProofBundleIO" time="0.029"/>
  <testcase name="testComplexBundleGeneration()" classname="de.uka.ilkd.key.proof.io.consistency.TestProofBundleIO" time="1.475"/>
  <testcase name="testSimpleBundleGeneration()" classname="de.uka.ilkd.key.proof.io.consistency.TestProofBundleIO" time="6.838"/>
  <system-out><![CDATA[500722     INFO  Test worker     d.u.i.k.p.i.AbstractProblemLoader Loading environment from D:\a\key\key\key.core\src\test\resources\testcase\proofBundle\complexBundleGeneration\test.key 
500722     DEBUG Test worker     d.u.i.k.p.i.AbstractProblemLoader Environment load took 135.5ns 
500722     INFO  Test worker     d.u.i.k.p.i.AbstractProblemLoader Creating init config 
501225     DEBUG Test worker     d.u.i.k.p.i.AbstractProblemLoader Init config took 499.24ms 
501262     INFO  Test worker     d.u.i.k.p.i.AbstractProblemLoader Replaying proof Test[Test::constant()].JML normal_behavior operation contract.0 
501266     DEBUG Test worker     d.u.i.k.p.i.IntermediateProofReplayer Proof replay took 9.1ns 
501596     INFO  Test worker     d.u.i.k.p.i.AbstractProblemLoader Loading environment from D:\a\key\key\key.core\src\test\resources\testcase\proofBundle\complexBundleGeneration\test.zproof 
501644     DEBUG Test worker     d.u.i.k.p.i.AbstractProblemLoader Environment load took 51.09ms 
501644     INFO  Test worker     d.u.i.k.p.i.AbstractProblemLoader Creating init config 
502129     DEBUG Test worker     d.u.i.k.p.i.AbstractProblemLoader Init config took 479.33ms 
502160     INFO  Test worker     d.u.i.k.p.i.AbstractProblemLoader Replaying proof Test[Test::constant()].JML normal_behavior operation contract.0 
502191     DEBUG Test worker     d.u.i.k.p.i.IntermediateProofReplayer Proof replay took 28.92ms 
502191     INFO  Test worker     d.u.i.k.p.i.AbstractProblemLoader Loading environment from D:\a\key\key\key.core\src\test\resources\testcase\proofBundle\simpleBundleGeneration\test.key 
502191     DEBUG Test worker     d.u.i.k.p.i.AbstractProblemLoader Environment load took 138.9ns 
502207     INFO  Test worker     d.u.i.k.p.i.AbstractProblemLoader Creating init config 
505507     DEBUG Test worker     d.u.i.k.p.i.AbstractProblemLoader Init config took 3.3s 
505553     INFO  Test worker     d.u.i.k.p.i.AbstractProblemLoader Replaying proof Test[Test::constant()].JML normal_behavior operation contract.0 
505553     DEBUG Test worker     d.u.i.k.p.i.IntermediateProofReplayer Proof replay took 9.5ns 
505666     INFO  Test worker     d.u.i.k.p.i.AbstractProblemLoader Loading environment from D:\a\key\key\key.core\src\test\resources\testcase\proofBundle\simpleBundleGeneration\test.zproof 
505681     DEBUG Test worker     d.u.i.k.p.i.AbstractProblemLoader Environment load took 3.63ms 
505681     INFO  Test worker     d.u.i.k.p.i.AbstractProblemLoader Creating init config 
508920     DEBUG Test worker     d.u.i.k.p.i.AbstractProblemLoader Init config took 3.24s 
508974     INFO  Test worker     d.u.i.k.p.i.AbstractProblemLoader Replaying proof Test[Test::constant()].JML normal_behavior operation contract.0 
508990     DEBUG Test worker     d.u.i.k.p.i.IntermediateProofReplayer Proof replay took 10.17ms 
]]></system-out>
  <system-err><![CDATA[]]></system-err>
</testsuite>
