<?xml version="1.0" encoding="UTF-8"?>
<testsuite name="de.uka.ilkd.key.rule.loop.LoopScopeInvRuleTests" tests="1" skipped="0" failures="0" errors="0" timestamp="2023-05-26T22:57:12" hostname="fv-az1230-476" time="5.618">
  <properties/>
  <testcase name="testDoAutomaticProofOfBenchmarkWithLabeledBreaksAndContinues()" classname="de.uka.ilkd.key.rule.loop.LoopScopeInvRuleTests" time="5.618"/>
  <system-out><![CDATA[516550     INFO  Test worker     d.u.i.k.p.i.AbstractProblemLoader Loading environment from src\test\resources\testcase\loopScopeInvRule\Test.key 
516550     DEBUG Test worker     d.u.i.k.p.i.AbstractProblemLoader Environment load took 496.3ns 
516565     INFO  Test worker     d.u.i.k.p.i.AbstractProblemLoader Creating init config 
516784     DEBUG Test worker     d.u.i.k.j.TypeConverter   No LDT found for Meta 
516800     DEBUG Test worker     d.u.i.k.j.TypeConverter   No LDT found for Meta 
516800     DEBUG Test worker     d.u.i.k.j.TypeConverter   No LDT found for Meta 
516800     DEBUG Test worker     d.u.i.k.j.TypeConverter   No LDT found for Meta 
517388     DEBUG Test worker     d.u.i.k.j.TypeConverter   No LDT found for JavaBigintExpression 
521358     DEBUG Test worker     d.u.i.k.p.i.AbstractProblemLoader Init config took 4.8s 
521405     INFO  Test worker     d.u.i.k.p.i.AbstractProblemLoader Replaying proof Test[Test::loopScopeRuleBenchmark(int,boolean)].JML normal_behavior operation contract.0 
521420     DEBUG Test worker     d.u.i.k.p.i.IntermediateProofReplayer Proof replay took 19.8ns 
]]></system-out>
  <system-err><![CDATA[]]></system-err>
</testsuite>
