<?xml version="1.0" encoding="UTF-8"?>
<testsuite name="de.uka.ilkd.key.util.TestProofStarter" tests="2" skipped="0" failures="0" errors="0" timestamp="2023-05-26T23:04:15" hostname="fv-az1230-476" time="68.835">
  <properties/>
  <testcase name="testDirectProofWithOneStepSimplification()" classname="de.uka.ilkd.key.util.TestProofStarter" time="37.205"/>
  <testcase name="testDirectProof()" classname="de.uka.ilkd.key.util.TestProofStarter" time="31.63"/>
  <system-out><![CDATA[939713     INFO  Test worker     d.u.i.k.p.i.AbstractProblemLoader Loading environment from src\test\resources\testcase\proofStarter\CC\project.key 
939713     DEBUG Test worker     d.u.i.k.p.i.AbstractProblemLoader Environment load took 1.35ms 
939713     INFO  Test worker     d.u.i.k.p.i.AbstractProblemLoader Creating init config 
943290     DEBUG Test worker     d.u.i.k.p.i.AbstractProblemLoader Init config took 3.57s 
943357     INFO  Test worker     d.u.i.k.p.i.AbstractProblemLoader Replaying proof CC[CC::calcCoinIndex([I,[I)].JML normal_behavior operation contract.0 
943357     DEBUG Test worker     d.u.i.k.p.i.IntermediateProofReplayer Proof replay took 2.1ns 
976897     INFO  Test worker     d.u.i.k.p.i.AbstractProblemLoader Loading environment from src\test\resources\testcase\proofStarter\CC\project.key 
976897     DEBUG Test worker     d.u.i.k.p.i.AbstractProblemLoader Environment load took 172.9ns 
976897     INFO  Test worker     d.u.i.k.p.i.AbstractProblemLoader Creating init config 
980662     DEBUG Test worker     d.u.i.k.p.i.AbstractProblemLoader Init config took 3.77s 
980709     INFO  Test worker     d.u.i.k.p.i.AbstractProblemLoader Replaying proof CC[CC::calcCoinIndex([I,[I)].JML normal_behavior operation contract.0 
980709     DEBUG Test worker     d.u.i.k.p.i.IntermediateProofReplayer Proof replay took 2ns 
]]></system-out>
  <system-err><![CDATA[]]></system-err>
</testsuite>
