<?xml version="1.0" encoding="UTF-8"?>
<testsuite name="de.uka.ilkd.key.parser.TestDeclParser" tests="14" skipped="2" failures="0" errors="0" timestamp="2023-05-26T22:52:42" hostname="fv-az1230-476" time="12.682">
  <properties/>
  <testcase name="testGenericSortDecl1()" classname="de.uka.ilkd.key.parser.TestDeclParser" time="1.165"/>
  <testcase name="testGenericSortDecl2()" classname="de.uka.ilkd.key.parser.TestDeclParser" time="1.005"/>
  <testcase name="testGenericSortDecl3()" classname="de.uka.ilkd.key.parser.TestDeclParser" time="1.064"/>
  <testcase name="testGenericSortDecl4()" classname="de.uka.ilkd.key.parser.TestDeclParser" time="1.052"/>
  <testcase name="testGenericSortDecl5()" classname="de.uka.ilkd.key.parser.TestDeclParser" time="0.0">
    <skipped/>
  </testcase>
  <testcase name="testGenericSortDecl6()" classname="de.uka.ilkd.key.parser.TestDeclParser" time="1.048"/>
  <testcase name="testSortDecl()" classname="de.uka.ilkd.key.parser.TestDeclParser" time="1.046"/>
  <testcase name="testProxySortDecl()" classname="de.uka.ilkd.key.parser.TestDeclParser" time="1.128"/>
  <testcase name="testArrayDecl()" classname="de.uka.ilkd.key.parser.TestDeclParser" time="1.058"/>
  <testcase name="testAmbiguousDecls()" classname="de.uka.ilkd.key.parser.TestDeclParser" time="0.0">
    <skipped/>
  </testcase>
  <testcase name="testHeurDecl()" classname="de.uka.ilkd.key.parser.TestDeclParser" time="1.034"/>
  <testcase name="testFunctionDecl()" classname="de.uka.ilkd.key.parser.TestDeclParser" time="0.975"/>
  <testcase name="testPredicateDecl()" classname="de.uka.ilkd.key.parser.TestDeclParser" time="1.05"/>
  <testcase name="testSVDecl()" classname="de.uka.ilkd.key.parser.TestDeclParser" time="1.055"/>
  <system-out><![CDATA[247909     INFO  Test worker     d.u.i.k.n.KeyIO           Parsing took 0 ms 
247909     DEBUG Test worker     d.u.i.k.n.KeyIO           Load declarations of de.uka.ilkd.key.nparser.KeyAst$File:  <unknown>:1#1 
247909     INFO  Test worker     d.u.i.k.n.KeyIO           MODE: declarations took 0 ms 
247909     DEBUG Test worker     d.u.i.k.n.KeyIO           MODE: 2nd degree decls took 0 
247909     DEBUG Test worker     d.u.i.k.n.KeyIO           MODE: taclets took 0ms 
248915     INFO  Test worker     d.u.i.k.n.KeyIO           Parsing took 0 ms 
248915     DEBUG Test worker     d.u.i.k.n.KeyIO           Load declarations of de.uka.ilkd.key.nparser.KeyAst$File:  <unknown>:1#1 
248916     INFO  Test worker     d.u.i.k.n.KeyIO           MODE: declarations took 1 ms 
248916     DEBUG Test worker     d.u.i.k.n.KeyIO           MODE: 2nd degree decls took 0 
248916     DEBUG Test worker     d.u.i.k.n.KeyIO           MODE: taclets took 0ms 
249978     INFO  Test worker     d.u.i.k.n.KeyIO           Parsing took 0 ms 
249978     DEBUG Test worker     d.u.i.k.n.KeyIO           Load declarations of de.uka.ilkd.key.nparser.KeyAst$File:  <unknown>:1#1 
249978     INFO  Test worker     d.u.i.k.n.KeyIO           MODE: declarations took 0 ms 
249978     DEBUG Test worker     d.u.i.k.n.KeyIO           MODE: 2nd degree decls took 0 
249978     DEBUG Test worker     d.u.i.k.n.KeyIO           MODE: taclets took 0ms 
251031     INFO  Test worker     d.u.i.k.n.KeyIO           Parsing took 0 ms 
251031     DEBUG Test worker     d.u.i.k.n.KeyIO           Load declarations of de.uka.ilkd.key.nparser.KeyAst$File:  <unknown>:1#1 
251031     INFO  Test worker     d.u.i.k.n.KeyIO           MODE: declarations took 0 ms 
251032     DEBUG Test worker     d.u.i.k.n.KeyIO           MODE: 2nd degree decls took 0 
251032     DEBUG Test worker     d.u.i.k.n.KeyIO           MODE: taclets took 0ms 
252081     INFO  Test worker     d.u.i.k.n.KeyIO           Parsing took 0 ms 
252081     DEBUG Test worker     d.u.i.k.n.KeyIO           Load declarations of de.uka.ilkd.key.nparser.KeyAst$File:  <unknown>:1#1 
252081     INFO  Test worker     d.u.i.k.n.KeyIO           MODE: declarations took 0 ms 
252081     DEBUG Test worker     d.u.i.k.n.KeyIO           MODE: 2nd degree decls took 0 
252081     DEBUG Test worker     d.u.i.k.n.KeyIO           MODE: taclets took 0ms 
253138     INFO  Test worker     d.u.i.k.n.KeyIO           Parsing took 0 ms 
253138     DEBUG Test worker     d.u.i.k.n.KeyIO           Load declarations of de.uka.ilkd.key.nparser.KeyAst$File:  <unknown>:1#1 
253138     INFO  Test worker     d.u.i.k.n.KeyIO           MODE: declarations took 0 ms 
253138     DEBUG Test worker     d.u.i.k.n.KeyIO           MODE: 2nd degree decls took 0 
253138     DEBUG Test worker     d.u.i.k.n.KeyIO           MODE: taclets took 0ms 
254262     INFO  Test worker     d.u.i.k.n.KeyIO           Parsing took 0 ms 
254262     DEBUG Test worker     d.u.i.k.n.KeyIO           Load declarations of de.uka.ilkd.key.nparser.KeyAst$File:  <unknown>:1#1 
254262     INFO  Test worker     d.u.i.k.n.KeyIO           MODE: declarations took 0 ms 
254262     DEBUG Test worker     d.u.i.k.n.KeyIO           MODE: 2nd degree decls took 0 
254262     DEBUG Test worker     d.u.i.k.n.KeyIO           MODE: taclets took 0ms 
255298     INFO  Test worker     d.u.i.k.n.KeyIO           Parsing took 0 ms 
255298     DEBUG Test worker     d.u.i.k.n.KeyIO           Load declarations of de.uka.ilkd.key.nparser.KeyAst$File:  <unknown>:1#1 
255298     INFO  Test worker     d.u.i.k.n.KeyIO           MODE: declarations took 0 ms 
255298     DEBUG Test worker     d.u.i.k.n.KeyIO           MODE: 2nd degree decls took 0 
255313     DEBUG Test worker     d.u.i.k.n.KeyIO           MODE: taclets took 0ms 
256337     INFO  Test worker     d.u.i.k.n.KeyIO           Parsing took 0 ms 
256337     DEBUG Test worker     d.u.i.k.n.KeyIO           Load declarations of de.uka.ilkd.key.nparser.KeyAst$File:  <unknown>:1#1 
256337     INFO  Test worker     d.u.i.k.n.KeyIO           MODE: declarations took 0 ms 
256337     DEBUG Test worker     d.u.i.k.n.KeyIO           MODE: 2nd degree decls took 0 
256337     DEBUG Test worker     d.u.i.k.n.KeyIO           MODE: taclets took 0ms 
257321     INFO  Test worker     d.u.i.k.n.KeyIO           Parsing took 0 ms 
257321     DEBUG Test worker     d.u.i.k.n.KeyIO           Load declarations of de.uka.ilkd.key.nparser.KeyAst$File:  <unknown>:1#1 
257321     INFO  Test worker     d.u.i.k.n.KeyIO           MODE: declarations took 0 ms 
257321     DEBUG Test worker     d.u.i.k.n.KeyIO           MODE: 2nd degree decls took 0 
257321     DEBUG Test worker     d.u.i.k.n.KeyIO           MODE: taclets took 0ms 
258373     INFO  Test worker     d.u.i.k.n.KeyIO           Parsing took 0 ms 
258373     DEBUG Test worker     d.u.i.k.n.KeyIO           Load declarations of de.uka.ilkd.key.nparser.KeyAst$File:  <unknown>:1#1 
258373     INFO  Test worker     d.u.i.k.n.KeyIO           MODE: declarations took 0 ms 
258373     DEBUG Test worker     d.u.i.k.n.KeyIO           MODE: 2nd degree decls took 0 
258373     DEBUG Test worker     d.u.i.k.n.KeyIO           MODE: taclets took 0ms 
259422     INFO  Test worker     d.u.i.k.n.KeyIO           Parsing took 0 ms 
259422     DEBUG Test worker     d.u.i.k.n.KeyIO           Load declarations of de.uka.ilkd.key.nparser.KeyAst$File:  <unknown>:1#1 
259422     INFO  Test worker     d.u.i.k.n.KeyIO           MODE: declarations took 0 ms 
259422     DEBUG Test worker     d.u.i.k.n.KeyIO           MODE: 2nd degree decls took 0 
259422     DEBUG Test worker     d.u.i.k.n.KeyIO           MODE: taclets took 0ms 
]]></system-out>
  <system-err><![CDATA[]]></system-err>
</testsuite>
