<?xml version="1.0" encoding="UTF-8"?>
<testsuite name="de.uka.ilkd.key.parser.TestTermParserSorts" tests="2" skipped="0" failures="0" errors="0" timestamp="2023-05-26T22:56:39" hostname="fv-az1230-476" time="3.399">
  <properties/>
  <testcase name="testParseIntegerArgs()" classname="de.uka.ilkd.key.parser.TestTermParserSorts" time="0.019"/>
  <testcase name="testParseSequencePrettySyntax()" classname="de.uka.ilkd.key.parser.TestTermParserSorts" time="0.004"/>
  <system-out><![CDATA[483627     INFO  Test worker     d.u.i.k.n.KeyIO           Parsing took 0 ms 
483627     DEBUG Test worker     d.u.i.k.n.KeyIO           Load declarations of de.uka.ilkd.key.nparser.KeyAst$File:  <unknown>:1#1 
483627     INFO  Test worker     d.u.i.k.n.KeyIO           MODE: declarations took 0 ms 
483627     DEBUG Test worker     d.u.i.k.n.KeyIO           MODE: 2nd degree decls took 0 
483627     INFO  Test worker     d.u.i.k.n.KeyIO           Parsing took 0 ms 
483627     DEBUG Test worker     d.u.i.k.n.KeyIO           Load declarations of de.uka.ilkd.key.nparser.KeyAst$File:  <unknown>:1#1 
483627     INFO  Test worker     d.u.i.k.n.KeyIO           MODE: declarations took 0 ms 
483627     DEBUG Test worker     d.u.i.k.n.KeyIO           MODE: 2nd degree decls took 0 
483627     INFO  Test worker     d.u.i.k.n.KeyIO           Parsing took 0 ms 
483627     DEBUG Test worker     d.u.i.k.n.KeyIO           Load declarations of de.uka.ilkd.key.nparser.KeyAst$File:  <unknown>:1#1 
483627     INFO  Test worker     d.u.i.k.n.KeyIO           MODE: declarations took 0 ms 
483627     DEBUG Test worker     d.u.i.k.n.KeyIO           MODE: 2nd degree decls took 0 
487022     INFO  Test worker     d.u.i.k.n.KeyIO           Parsing took 0 ms 
487022     DEBUG Test worker     d.u.i.k.n.KeyIO           Load declarations of de.uka.ilkd.key.nparser.KeyAst$File:  <unknown>:1#1 
487022     INFO  Test worker     d.u.i.k.n.KeyIO           MODE: declarations took 0 ms 
487022     DEBUG Test worker     d.u.i.k.n.KeyIO           MODE: 2nd degree decls took 0 
487022     INFO  Test worker     d.u.i.k.n.KeyIO           Parsing took 0 ms 
487022     DEBUG Test worker     d.u.i.k.n.KeyIO           Load declarations of de.uka.ilkd.key.nparser.KeyAst$File:  <unknown>:1#1 
487022     INFO  Test worker     d.u.i.k.n.KeyIO           MODE: declarations took 0 ms 
487022     DEBUG Test worker     d.u.i.k.n.KeyIO           MODE: 2nd degree decls took 0 
487022     INFO  Test worker     d.u.i.k.n.KeyIO           Parsing took 0 ms 
487022     DEBUG Test worker     d.u.i.k.n.KeyIO           Load declarations of de.uka.ilkd.key.nparser.KeyAst$File:  <unknown>:1#1 
487022     INFO  Test worker     d.u.i.k.n.KeyIO           MODE: declarations took 0 ms 
487022     DEBUG Test worker     d.u.i.k.n.KeyIO           MODE: 2nd degree decls took 0 
]]></system-out>
  <system-err><![CDATA[]]></system-err>
</testsuite>
