<?xml version="1.0" encoding="UTF-8"?>
<testsuite name="de.uka.ilkd.key.proof.io.TestZipProofSaving" tests="1" skipped="0" failures="0" errors="0" timestamp="2023-05-26T22:56:48" hostname="fv-az1230-476" time="8.011">
  <properties/>
  <testcase name="testZip()" classname="de.uka.ilkd.key.proof.io.TestZipProofSaving" time="8.011"/>
  <system-out><![CDATA[492676     INFO  Test worker     d.u.i.k.p.i.AbstractProblemLoader Loading environment from C:\Users\RUNNER~1\AppData\Local\Temp\keyZipTest17969579193662456214.key 
492676     DEBUG Test worker     d.u.i.k.p.i.AbstractProblemLoader Environment load took 171ns 
492692     INFO  Test worker     d.u.i.k.p.i.AbstractProblemLoader Creating init config 
492817     DEBUG Test worker     d.u.i.k.j.TypeConverter   No LDT found for Meta 
492817     DEBUG Test worker     d.u.i.k.j.TypeConverter   No LDT found for Meta 
492817     DEBUG Test worker     d.u.i.k.j.TypeConverter   No LDT found for Meta 
492817     DEBUG Test worker     d.u.i.k.j.TypeConverter   No LDT found for Meta 
493474     DEBUG Test worker     d.u.i.k.j.TypeConverter   No LDT found for JavaBigintExpression 
497231     DEBUG Test worker     d.u.i.k.p.i.AbstractProblemLoader Init config took 4.54s 
497246     INFO  Test worker     d.u.i.k.p.i.AbstractProblemLoader Replaying proof keyZipTest17969579193662456214.key 
497246     DEBUG Test worker     d.u.i.k.p.i.IntermediateProofReplayer Proof replay took 9.3ns 
497392     INFO  Test worker     d.u.i.k.p.i.AbstractProblemLoader Loading environment from C:\Users\RUNNER~1\AppData\Local\Temp\keyZipTest15052067782159116514.proof.gz 
497392     DEBUG Test worker     d.u.i.k.p.i.AbstractProblemLoader Environment load took 499.5ns 
497392     INFO  Test worker     d.u.i.k.p.i.AbstractProblemLoader Creating init config 
500544     DEBUG Test worker     d.u.i.k.p.i.AbstractProblemLoader Init config took 3.16s 
500575     INFO  Test worker     d.u.i.k.p.i.AbstractProblemLoader Replaying proof keyZipTest15052067782159116514.proof.gz 
500575     DEBUG Test worker     d.u.i.k.p.i.IntermediateProofReplayer Proof replay took 4.82ms 
]]></system-out>
  <system-err><![CDATA[]]></system-err>
</testsuite>
