<?xml version="1.0" encoding="UTF-8"?>
<testsuite name="de.uka.ilkd.key.rule.merge.PredicateAbstractionLatticeTests" tests="3" skipped="0" failures="0" errors="0" timestamp="2023-05-26T22:59:00" hostname="fv-az1230-476" time="6.877">
  <properties/>
  <testcase name="testToAndFromString()" classname="de.uka.ilkd.key.rule.merge.PredicateAbstractionLatticeTests" time="3.469"/>
  <testcase name="testCreateSignLatticeWithPredicates()" classname="de.uka.ilkd.key.rule.merge.PredicateAbstractionLatticeTests" time="3.408"/>
  <testcase name="testTrivialPredicatesLattice()" classname="de.uka.ilkd.key.rule.merge.PredicateAbstractionLatticeTests" time="0.0"/>
  <system-out><![CDATA[624749     INFO  Test worker     d.u.i.k.p.i.AbstractProblemLoader Loading environment from src\test\resources\testcase\merge\dummy.key 
624749     DEBUG Test worker     d.u.i.k.p.i.AbstractProblemLoader Environment load took 142.4ns 
624749     INFO  Test worker     d.u.i.k.p.i.AbstractProblemLoader Creating init config 
628204     DEBUG Test worker     d.u.i.k.p.i.AbstractProblemLoader Init config took 3.46s 
628219     INFO  Test worker     d.u.i.k.p.i.AbstractProblemLoader Replaying proof dummy.key 
628219     DEBUG Test worker     d.u.i.k.p.i.IntermediateProofReplayer Proof replay took 9.7ns 
628235     INFO  Test worker     d.u.i.k.p.i.AbstractProblemLoader Loading environment from src\test\resources\testcase\merge\dummy.key 
628235     DEBUG Test worker     d.u.i.k.p.i.AbstractProblemLoader Environment load took 172.4ns 
628235     INFO  Test worker     d.u.i.k.p.i.AbstractProblemLoader Creating init config 
631596     DEBUG Test worker     d.u.i.k.p.i.AbstractProblemLoader Init config took 3.37s 
631611     INFO  Test worker     d.u.i.k.p.i.AbstractProblemLoader Replaying proof dummy.key 
631627     DEBUG Test worker     d.u.i.k.p.i.IntermediateProofReplayer Proof replay took 11ns 
]]></system-out>
  <system-err><![CDATA[]]></system-err>
</testsuite>
