<?xml version="1.0" encoding="UTF-8"?>
<testsuite name="de.uka.ilkd.key.macros.scripts.TestProofScriptCommand" tests="7" skipped="0" failures="0" errors="0" timestamp="2023-05-26T22:51:54" hostname="fv-az1230-476" time="24.073">
  <properties/>
  <testcase name="[1] andRight.props, D:\a\key\key\key.core\build\resources\test\de\uka\ilkd\key\macros\scripts\cases\andRight.props" classname="de.uka.ilkd.key.macros.scripts.TestProofScriptCommand" time="3.477"/>
  <testcase name="[2] hide.exc.props, D:\a\key\key\key.core\build\resources\test\de\uka\ilkd\key\macros\scripts\cases\hide.exc.props" classname="de.uka.ilkd.key.macros.scripts.TestProofScriptCommand" time="3.51"/>
  <testcase name="[3] hide.props, D:\a\key\key\key.core\build\resources\test\de\uka\ilkd\key\macros\scripts\cases\hide.props" classname="de.uka.ilkd.key.macros.scripts.TestProofScriptCommand" time="3.436"/>
  <testcase name="[4] rule.exc.props, D:\a\key\key\key.core\build\resources\test\de\uka\ilkd\key\macros\scripts\cases\rule.exc.props" classname="de.uka.ilkd.key.macros.scripts.TestProofScriptCommand" time="3.403"/>
  <testcase name="[5] selectFormula.props, D:\a\key\key\key.core\build\resources\test\de\uka\ilkd\key\macros\scripts\cases\selectFormula.props" classname="de.uka.ilkd.key.macros.scripts.TestProofScriptCommand" time="3.407"/>
  <testcase name="[6] unhide.props, D:\a\key\key\key.core\build\resources\test\de\uka\ilkd\key\macros\scripts\cases\unhide.props" classname="de.uka.ilkd.key.macros.scripts.TestProofScriptCommand" time="3.456"/>
  <testcase name="[7] unhide2.props, D:\a\key\key\key.core\build\resources\test\de\uka\ilkd\key\macros\scripts\cases\unhide2.props" classname="de.uka.ilkd.key.macros.scripts.TestProofScriptCommand" time="3.38"/>
  <system-out><![CDATA[199140     INFO  Test worker     d.u.i.k.p.i.AbstractProblemLoader Loading environment from C:\Users\RUNNER~1\AppData\Local\Temp\proofscript_key_andRight.props11324156421931714900.key 
199140     DEBUG Test worker     d.u.i.k.p.i.AbstractProblemLoader Environment load took 431.3ns 
199140     INFO  Test worker     d.u.i.k.p.i.AbstractProblemLoader Creating init config 
202585     DEBUG Test worker     d.u.i.k.p.i.AbstractProblemLoader Init config took 3.44s 
202602     INFO  Test worker     d.u.i.k.p.i.AbstractProblemLoader Replaying proof proofscript_key_andRight.props11324156421931714900.key 
202617     DEBUG Test worker     d.u.i.k.p.i.IntermediateProofReplayer Proof replay took 11.2ns 
202617     DEBUG Test worker     d.u.i.k.m.s.ProofScriptEngine 1: 'rule andRight' 
202632     INFO  Test worker     d.u.i.k.p.i.AbstractProblemLoader Loading environment from C:\Users\RUNNER~1\AppData\Local\Temp\proofscript_key_hide.exc.props8666520836711288442.key 
202632     DEBUG Test worker     d.u.i.k.p.i.AbstractProblemLoader Environment load took 221.1ns 
202632     INFO  Test worker     d.u.i.k.p.i.AbstractProblemLoader Creating init config 
206049     DEBUG Test worker     d.u.i.k.p.i.AbstractProblemLoader Init config took 3.42s 
206112     INFO  Test worker     d.u.i.k.p.i.AbstractProblemLoader Replaying proof proofscript_key_hide.exc.props8666520836711288442.key 
206112     DEBUG Test worker     d.u.i.k.p.i.IntermediateProofReplayer Proof replay took 11.4ns 
206112     DEBUG Test worker     d.u.i.k.m.s.ProofScriptEngine 1: 'macro split-prop' 
206127     DEBUG Test worker     d.u.i.k.m.s.ProofScriptEngine 2: 'hide "b ==>"' 
206127     DEBUG Test worker     d.u.i.k.m.s.ProofScriptEngine GOALS: 1 
206127     DEBUG Test worker     d.u.i.k.m.s.ProofScriptEngine [a]==>[b] 
206143     INFO  Test worker     d.u.i.k.p.i.AbstractProblemLoader Loading environment from C:\Users\RUNNER~1\AppData\Local\Temp\proofscript_key_hide.props11092001225178399469.key 
206143     DEBUG Test worker     d.u.i.k.p.i.AbstractProblemLoader Environment load took 241.7ns 
206143     INFO  Test worker     d.u.i.k.p.i.AbstractProblemLoader Creating init config 
209517     DEBUG Test worker     d.u.i.k.p.i.AbstractProblemLoader Init config took 3.38s 
209532     INFO  Test worker     d.u.i.k.p.i.AbstractProblemLoader Replaying proof proofscript_key_hide.props11092001225178399469.key 
209548     DEBUG Test worker     d.u.i.k.p.i.IntermediateProofReplayer Proof replay took 8.7ns 
209548     DEBUG Test worker     d.u.i.k.m.s.ProofScriptEngine 1: 'macro split-prop' 
209564     DEBUG Test worker     d.u.i.k.m.s.ProofScriptEngine 2: 'hide "a ==> d, e"' 
209564     INFO  Test worker     d.u.i.k.p.i.AbstractProblemLoader Loading environment from C:\Users\RUNNER~1\AppData\Local\Temp\proofscript_key_rule.exc.props10453530311013215255.key 
209564     DEBUG Test worker     d.u.i.k.p.i.AbstractProblemLoader Environment load took 181.1ns 
209579     INFO  Test worker     d.u.i.k.p.i.AbstractProblemLoader Creating init config 
212938     DEBUG Test worker     d.u.i.k.p.i.AbstractProblemLoader Init config took 3.37s 
212969     INFO  Test worker     d.u.i.k.p.i.AbstractProblemLoader Replaying proof proofscript_key_rule.exc.props10453530311013215255.key 
212969     DEBUG Test worker     d.u.i.k.p.i.IntermediateProofReplayer Proof replay took 9.7ns 
212969     DEBUG Test worker     d.u.i.k.m.s.ProofScriptEngine 1: 'rule andLeft' 
212969     DEBUG Test worker     d.u.i.k.m.s.ProofScriptEngine GOALS: 1 
212969     DEBUG Test worker     d.u.i.k.m.s.ProofScriptEngine []==>[and(a,b)] 
212985     INFO  Test worker     d.u.i.k.p.i.AbstractProblemLoader Loading environment from C:\Users\RUNNER~1\AppData\Local\Temp\proofscript_key_selectFormula.props4977904818749090218.key 
212985     DEBUG Test worker     d.u.i.k.p.i.AbstractProblemLoader Environment load took 1.36ms 
212985     INFO  Test worker     d.u.i.k.p.i.AbstractProblemLoader Creating init config 
216330     DEBUG Test worker     d.u.i.k.p.i.AbstractProblemLoader Init config took 3.35s 
216362     INFO  Test worker     d.u.i.k.p.i.AbstractProblemLoader Replaying proof proofscript_key_selectFormula.props4977904818749090218.key 
216362     DEBUG Test worker     d.u.i.k.p.i.IntermediateProofReplayer Proof replay took 9ns 
216362     DEBUG Test worker     d.u.i.k.m.s.ProofScriptEngine 1: 'macro split-prop' 
216377     DEBUG Test worker     d.u.i.k.m.s.ProofScriptEngine 2: 'select formula="b"' 
216377     INFO  Test worker     d.u.i.k.p.i.AbstractProblemLoader Loading environment from C:\Users\RUNNER~1\AppData\Local\Temp\proofscript_key_unhide.props12254805385213116026.key 
216377     DEBUG Test worker     d.u.i.k.p.i.AbstractProblemLoader Environment load took 230.4ns 
216377     INFO  Test worker     d.u.i.k.p.i.AbstractProblemLoader Creating init config 
219801     DEBUG Test worker     d.u.i.k.p.i.AbstractProblemLoader Init config took 3.41s 
219817     INFO  Test worker     d.u.i.k.p.i.AbstractProblemLoader Replaying proof proofscript_key_unhide.props12254805385213116026.key 
219833     DEBUG Test worker     d.u.i.k.p.i.IntermediateProofReplayer Proof replay took 9.5ns 
219833     DEBUG Test worker     d.u.i.k.m.s.ProofScriptEngine 1: 'rule impRight' 
219833     DEBUG Test worker     d.u.i.k.m.s.ProofScriptEngine 2: 'hide '2=3 ==> 3=4'' 
219833     DEBUG Test worker     d.u.i.k.m.s.ProofScriptEngine 3: 'unhide '2=3 ==>'' 
219833     DEBUG Test worker     d.u.i.k.m.s.ProofScriptEngine 4: 'unhide '==> 3=4'' 
219848     INFO  Test worker     d.u.i.k.p.i.AbstractProblemLoader Loading environment from C:\Users\RUNNER~1\AppData\Local\Temp\proofscript_key_unhide2.props5262005790378929701.key 
219848     DEBUG Test worker     d.u.i.k.p.i.AbstractProblemLoader Environment load took 185.4ns 
219848     INFO  Test worker     d.u.i.k.p.i.AbstractProblemLoader Creating init config 
223182     DEBUG Test worker     d.u.i.k.p.i.AbstractProblemLoader Init config took 3.33s 
223197     INFO  Test worker     d.u.i.k.p.i.AbstractProblemLoader Replaying proof proofscript_key_unhide2.props5262005790378929701.key 
223197     DEBUG Test worker     d.u.i.k.p.i.IntermediateProofReplayer Proof replay took 9.7ns 
223197     DEBUG Test worker     d.u.i.k.m.s.ProofScriptEngine 1: 'rule impRight' 
223213     DEBUG Test worker     d.u.i.k.m.s.ProofScriptEngine 2: 'hide '2=3 ==> 3=4'' 
223213     DEBUG Test worker     d.u.i.k.m.s.ProofScriptEngine 3: 'unhide '2=3 ==> 3=4'' 
]]></system-out>
  <system-err><![CDATA[]]></system-err>
</testsuite>
