<?xml version="1.0" encoding="UTF-8"?>
<testsuite name="de.uka.ilkd.key.proof.runallproofs.RunAllProofsFunctional" tests="34" skipped="0" failures="0" errors="0" timestamp="2023-04-19T12:31:13" hostname="fv-az436-437" time="5346.258">
  <properties/>
  <testcase name="newBook" classname="de.uka.ilkd.key.proof.runallproofs.RunAllProofsFunctional" time="63.202"/>
  <testcase name="oldBook" classname="de.uka.ilkd.key.proof.runallproofs.RunAllProofsFunctional" time="17.167"/>
  <testcase name="comprehensions" classname="de.uka.ilkd.key.proof.runallproofs.RunAllProofsFunctional" time="66.112"/>
  <testcase name="performance" classname="de.uka.ilkd.key.proof.runallproofs.RunAllProofsFunctional" time="218.033"/>
  <testcase name="performancePOConstruction" classname="de.uka.ilkd.key.proof.runallproofs.RunAllProofsFunctional" time="75.434"/>
  <testcase name="applicationRestrictions" classname="de.uka.ilkd.key.proof.runallproofs.RunAllProofsFunctional" time="49.179"/>
  <testcase name="blockContracts" classname="de.uka.ilkd.key.proof.runallproofs.RunAllProofsFunctional" time="133.76"/>
  <testcase name="jmlAsserts" classname="de.uka.ilkd.key.proof.runallproofs.RunAllProofsFunctional" time="86.291"/>
  <testcase name="javaCard" classname="de.uka.ilkd.key.proof.runallproofs.RunAllProofsFunctional" time="131.066"/>
  <testcase name="list" classname="de.uka.ilkd.key.proof.runallproofs.RunAllProofsFunctional" time="263.298"/>
  <testcase name="list_ghost" classname="de.uka.ilkd.key.proof.runallproofs.RunAllProofsFunctional" time="65.095"/>
  <testcase name="list_recursive" classname="de.uka.ilkd.key.proof.runallproofs.RunAllProofsFunctional" time="21.796"/>
  <testcase name="list_seq" classname="de.uka.ilkd.key.proof.runallproofs.RunAllProofsFunctional" time="180.042"/>
  <testcase name="observer" classname="de.uka.ilkd.key.proof.runallproofs.RunAllProofsFunctional" time="92.459"/>
  <testcase name="removeDups" classname="de.uka.ilkd.key.proof.runallproofs.RunAllProofsFunctional" time="146.908"/>
  <testcase name="quicksort" classname="de.uka.ilkd.key.proof.runallproofs.RunAllProofsFunctional" time="109.0"/>
  <testcase name="simpleTests" classname="de.uka.ilkd.key.proof.runallproofs.RunAllProofsFunctional" time="154.442"/>
  <testcase name="SmansEtAl" classname="de.uka.ilkd.key.proof.runallproofs.RunAllProofsFunctional" time="191.702"/>
  <testcase name="VACID0" classname="de.uka.ilkd.key.proof.runallproofs.RunAllProofsFunctional" time="77.251"/>
  <testcase name="VSTTE10" classname="de.uka.ilkd.key.proof.runallproofs.RunAllProofsFunctional" time="182.178"/>
  <testcase name="WeideEtAl" classname="de.uka.ilkd.key.proof.runallproofs.RunAllProofsFunctional" time="29.522"/>
  <testcase name="arithmetic" classname="de.uka.ilkd.key.proof.runallproofs.RunAllProofsFunctional" time="498.238"/>
  <testcase name="arrays" classname="de.uka.ilkd.key.proof.runallproofs.RunAllProofsFunctional" time="56.867"/>
  <testcase name="javadl" classname="de.uka.ilkd.key.proof.runallproofs.RunAllProofsFunctional" time="635.073"/>
  <testcase name="FOL" classname="de.uka.ilkd.key.proof.runallproofs.RunAllProofsFunctional" time="280.46"/>
  <testcase name="strings" classname="de.uka.ilkd.key.proof.runallproofs.RunAllProofsFunctional" time="159.306"/>
  <testcase name="simple_info_flow" classname="de.uka.ilkd.key.proof.runallproofs.RunAllProofsFunctional" time="12.79"/>
  <testcase name="modelMethods" classname="de.uka.ilkd.key.proof.runallproofs.RunAllProofsFunctional" time="179.188"/>
  <testcase name="permissionHeap" classname="de.uka.ilkd.key.proof.runallproofs.RunAllProofsFunctional" time="861.631"/>
  <testcase name="completionScopes" classname="de.uka.ilkd.key.proof.runallproofs.RunAllProofsFunctional" time="51.421"/>
  <testcase name="reload_examples" classname="de.uka.ilkd.key.proof.runallproofs.RunAllProofsFunctional" time="43.671"/>
  <testcase name="proofLoadRepair" classname="de.uka.ilkd.key.proof.runallproofs.RunAllProofsFunctional" time="19.73"/>
  <testcase name="switch" classname="de.uka.ilkd.key.proof.runallproofs.RunAllProofsFunctional" time="61.323"/>
  <testcase name="redux" classname="de.uka.ilkd.key.proof.runallproofs.RunAllProofsFunctional" time="132.615"/>
  <system-out><![CDATA[261        INFO  Test worker     d.u.i.k.p.r.RunAllProofsTestUnit Running test newBook 
441        INFO  Timeout watchdog d.u.i.k.p.r.p.ForkedTestFileRunner Timeout watcher launched (2000 secs.) 
467        WARN  main            d.u.i.k.s.ProofSettings   No proof-settings could be loaded, using defaults java.io.FileNotFoundException: /home/runner/.key/proof-settings.props (No such file or directory)
	at java.base/java.io.FileInputStream.open0(Native Method)

511        INFO  main            d.u.i.k.p.r.p.TestFile    Now processing file /home/runner/work/key/key/key.core/../key.ui/examples/newBook/09.list_modelfield/ArrayList.add.key 
634        INFO  main            d.u.i.k.p.i.AbstractProblemLoader Loading environment from /home/runner/work/key/key/key.core/../key.ui/examples/newBook/09.list_modelfield/ArrayList.add.key 
655        DEBUG main            d.u.i.k.p.i.AbstractProblemLoader Environment load took 2.46ms 
870        INFO  main            d.u.i.k.p.i.AbstractProblemLoader Creating init config 
1721       DEBUG main            d.u.i.k.j.TypeConverter   No LDT found for Meta 
1722       DEBUG main            d.u.i.k.j.TypeConverter   No LDT found for Meta 
1726       DEBUG main            d.u.i.k.j.TypeConverter   No LDT found for Meta 
1726       DEBUG main            d.u.i.k.j.TypeConverter   No LDT found for Meta 
3045       DEBUG main            d.u.i.k.j.TypeConverter   No LDT found for JavaBigintExpression 
8401       DEBUG main            d.u.i.k.p.i.AbstractProblemLoader Init config took 7.53s 
8524       INFO  main            d.u.i.k.p.i.AbstractProblemLoader Replaying proof ArrayList[List::add(int)].JML normal_behavior operation contract.0 
8557       DEBUG main            d.u.i.k.p.i.IntermediateProofReplayer Proof replay took 30.4ns 
26497      INFO  main            d.u.i.k.p.r.p.TestFile    ... finished proof: closed. 
26784      INFO  main            d.u.i.k.p.i.AbstractProblemLoader Loading environment from /home/runner/work/key/key/key.core/../key.ui/examples/newBook/09.list_modelfield/ArrayList.add.key.proof 
26784      DEBUG main            d.u.i.k.p.i.AbstractProblemLoader Environment load took 420.9ns 
26806      INFO  main            d.u.i.k.p.i.AbstractProblemLoader Creating init config 
29973      DEBUG main            d.u.i.k.p.i.AbstractProblemLoader Init config took 3.17s 
30035      INFO  main            d.u.i.k.p.i.AbstractProblemLoader Replaying proof ArrayList[List::add(int)].JML normal_behavior operation contract.0 
31422      DEBUG main            d.u.i.k.p.i.IntermediateProofReplayer Proof replay took 1.32s 
31433      DEBUG main            d.u.i.k.p.r.p.TestFile    ... success: reloaded. 
31436      INFO  main            d.u.i.k.p.r.p.TestFile    Now processing file /home/runner/work/key/key/key.core/../key.ui/examples/newBook/09.list_modelfield/ArrayList.remFirst.key 
31436      INFO  main            d.u.i.k.p.i.AbstractProblemLoader Loading environment from /home/runner/work/key/key/key.core/../key.ui/examples/newBook/09.list_modelfield/ArrayList.remFirst.key 
31436      DEBUG main            d.u.i.k.p.i.AbstractProblemLoader Environment load took 85.5ns 
31440      INFO  main            d.u.i.k.p.i.AbstractProblemLoader Creating init config 
34476      DEBUG main            d.u.i.k.p.i.AbstractProblemLoader Init config took 3.04s 
34532      INFO  main            d.u.i.k.p.i.AbstractProblemLoader Replaying proof ArrayList[List::remFirst()].JML normal_behavior operation contract.0 
34534      DEBUG main            d.u.i.k.p.i.IntermediateProofReplayer Proof replay took 12.2ns 
38852      INFO  main            d.u.i.k.p.r.p.TestFile    ... finished proof: closed. 
39052      INFO  main            d.u.i.k.p.i.AbstractProblemLoader Loading environment from /home/runner/work/key/key/key.core/../key.ui/examples/newBook/09.list_modelfield/ArrayList.remFirst.key.proof 
39052      DEBUG main            d.u.i.k.p.i.AbstractProblemLoader Environment load took 131ns 
39055      INFO  main            d.u.i.k.p.i.AbstractProblemLoader Creating init config 
41857      DEBUG main            d.u.i.k.p.i.AbstractProblemLoader Init config took 2.8s 
41908      INFO  main            d.u.i.k.p.i.AbstractProblemLoader Replaying proof ArrayList[List::remFirst()].JML normal_behavior operation contract.0 
42515      DEBUG main            d.u.i.k.p.i.IntermediateProofReplayer Proof replay took 589.8ms 
42517      DEBUG main            d.u.i.k.p.r.p.TestFile    ... success: reloaded. 
42518      INFO  main            d.u.i.k.p.r.p.TestFile    Now processing file /home/runner/work/key/key/key.core/../key.ui/examples/newBook/09.list_modelfield/ArrayList.empty.key 
42518      INFO  main            d.u.i.k.p.i.AbstractProblemLoader Loading environment from /home/runner/work/key/key/key.core/../key.ui/examples/newBook/09.list_modelfield/ArrayList.empty.key 
42518      DEBUG main            d.u.i.k.p.i.AbstractProblemLoader Environment load took 72.4ns 
42519      INFO  main            d.u.i.k.p.i.AbstractProblemLoader Creating init config 
45378      DEBUG main            d.u.i.k.p.i.AbstractProblemLoader Init config took 2.86s 
45428      INFO  main            d.u.i.k.p.i.AbstractProblemLoader Replaying proof ArrayList[List::empty()].JML normal_behavior operation contract.0 
45431      DEBUG main            d.u.i.k.p.i.IntermediateProofReplayer Proof replay took 5.1ns 
46448      INFO  main            d.u.i.k.p.r.p.TestFile    ... finished proof: closed. 
46615      INFO  main            d.u.i.k.p.i.AbstractProblemLoader Loading environment from /home/runner/work/key/key/key.core/../key.ui/examples/newBook/09.list_modelfield/ArrayList.empty.key.proof 
46618      DEBUG main            d.u.i.k.p.i.AbstractProblemLoader Environment load took 3.07ms 
46620      INFO  main            d.u.i.k.p.i.AbstractProblemLoader Creating init config 
49381      DEBUG main            d.u.i.k.p.i.AbstractProblemLoader Init config took 2.76s 
49443      INFO  main            d.u.i.k.p.i.AbstractProblemLoader Replaying proof ArrayList[List::empty()].JML normal_behavior operation contract.0 
49609      DEBUG main            d.u.i.k.p.i.IntermediateProofReplayer Proof replay took 158.89ms 
49610      DEBUG main            d.u.i.k.p.r.p.TestFile    ... success: reloaded. 
49612      INFO  main            d.u.i.k.p.r.p.TestFile    Now processing file /home/runner/work/key/key/key.core/../key.ui/examples/newBook/09.list_modelfield/ArrayList.size.key 
49612      INFO  main            d.u.i.k.p.i.AbstractProblemLoader Loading environment from /home/runner/work/key/key/key.core/../key.ui/examples/newBook/09.list_modelfield/ArrayList.size.key 
49613      DEBUG main            d.u.i.k.p.i.AbstractProblemLoader Environment load took 112.2ns 
49613      INFO  main            d.u.i.k.p.i.AbstractProblemLoader Creating init config 
52438      DEBUG main            d.u.i.k.p.i.AbstractProblemLoader Init config took 2.82s 
52504      INFO  main            d.u.i.k.p.i.AbstractProblemLoader Replaying proof ArrayList[List::size()].JML normal_behavior operation contract.0 
52507      DEBUG main            d.u.i.k.p.i.IntermediateProofReplayer Proof replay took 6ns 
53011      INFO  main            d.u.i.k.p.r.p.TestFile    ... finished proof: closed. 
53173      INFO  main            d.u.i.k.p.i.AbstractProblemLoader Loading environment from /home/runner/work/key/key/key.core/../key.ui/examples/newBook/09.list_modelfield/ArrayList.size.key.proof 
53175      DEBUG main            d.u.i.k.p.i.AbstractProblemLoader Environment load took 1.51ms 
53176      INFO  main            d.u.i.k.p.i.AbstractProblemLoader Creating init config 
55920      DEBUG main            d.u.i.k.p.i.AbstractProblemLoader Init config took 2.74s 
55967      INFO  main            d.u.i.k.p.i.AbstractProblemLoader Replaying proof ArrayList[List::size()].JML normal_behavior operation contract.0 
56024      DEBUG main            d.u.i.k.p.i.IntermediateProofReplayer Proof replay took 53.72ms 
56026      DEBUG main            d.u.i.k.p.r.p.TestFile    ... success: reloaded. 
56027      INFO  main            d.u.i.k.p.r.p.TestFile    Now processing file /home/runner/work/key/key/key.core/../key.ui/examples/newBook/09.list_modelfield/ArrayList.get.key 
56028      INFO  main            d.u.i.k.p.i.AbstractProblemLoader Loading environment from /home/runner/work/key/key/key.core/../key.ui/examples/newBook/09.list_modelfield/ArrayList.get.key 
56028      DEBUG main            d.u.i.k.p.i.AbstractProblemLoader Environment load took 367.81ns 
56029      INFO  main            d.u.i.k.p.i.AbstractProblemLoader Creating init config 
58815      DEBUG main            d.u.i.k.p.i.AbstractProblemLoader Init config took 2.79s 
58861      INFO  main            d.u.i.k.p.i.AbstractProblemLoader Replaying proof ArrayList[List::get(int)].JML normal_behavior operation contract.0 
58862      DEBUG main            d.u.i.k.p.i.IntermediateProofReplayer Proof replay took 6.1ns 
59866      INFO  main            d.u.i.k.p.r.p.TestFile    ... finished proof: closed. 
60030      INFO  main            d.u.i.k.p.i.AbstractProblemLoader Loading environment from /home/runner/work/key/key/key.core/../key.ui/examples/newBook/09.list_modelfield/ArrayList.get.key.proof 
60033      DEBUG main            d.u.i.k.p.i.AbstractProblemLoader Environment load took 3.83ms 
60038      INFO  main            d.u.i.k.p.i.AbstractProblemLoader Creating init config 
62762      DEBUG main            d.u.i.k.p.i.AbstractProblemLoader Init config took 2.72s 
62807      INFO  main            d.u.i.k.p.i.AbstractProblemLoader Replaying proof ArrayList[List::get(int)].JML normal_behavior operation contract.0 
62915      DEBUG main            d.u.i.k.p.i.IntermediateProofReplayer Proof replay took 103.3ms 
62916      DEBUG main            d.u.i.k.p.r.p.TestFile    ... success: reloaded. 
63455      INFO  Test worker     d.u.i.k.p.r.RunAllProofsTestUnit Returning from test newBook 
63461      INFO  Test worker     d.u.i.k.p.r.RunAllProofsTestUnit Running test oldBook 
328        INFO  Timeout watchdog d.u.i.k.p.r.p.ForkedTestFileRunner Timeout watcher launched (2000 secs.) 
345        WARN  main            d.u.i.k.s.ProofSettings   The settings in /home/runner/.key/proof-settings.props are *not* read. 
391        INFO  main            d.u.i.k.p.r.p.TestFile    Now processing file /home/runner/work/key/key/key.core/../key.ui/examples/standard_key/BookExamples/02FirstOrderLogic/Ex2.58.key 
549        INFO  main            d.u.i.k.p.i.AbstractProblemLoader Loading environment from /home/runner/work/key/key/key.core/../key.ui/examples/standard_key/BookExamples/02FirstOrderLogic/Ex2.58.key 
575        DEBUG main            d.u.i.k.p.i.AbstractProblemLoader Environment load took 2.09ms 
799        INFO  main            d.u.i.k.p.i.AbstractProblemLoader Creating init config 
1766       DEBUG main            d.u.i.k.j.TypeConverter   No LDT found for Meta 
1767       DEBUG main            d.u.i.k.j.TypeConverter   No LDT found for Meta 
1770       DEBUG main            d.u.i.k.j.TypeConverter   No LDT found for Meta 
1770       DEBUG main            d.u.i.k.j.TypeConverter   No LDT found for Meta 
2974       DEBUG main            d.u.i.k.j.TypeConverter   No LDT found for JavaBigintExpression 
7840       DEBUG main            d.u.i.k.p.i.AbstractProblemLoader Init config took 7.04s 
7898       INFO  main            d.u.i.k.p.i.AbstractProblemLoader Replaying proof Ex2.58.key 
7930       DEBUG main            d.u.i.k.p.i.IntermediateProofReplayer Proof replay took 32.3ns 
8115       INFO  main            d.u.i.k.p.r.p.TestFile    ... finished proof: closed. 
8210       INFO  main            d.u.i.k.p.i.AbstractProblemLoader Loading environment from /home/runner/work/key/key/key.core/../key.ui/examples/standard_key/BookExamples/02FirstOrderLogic/Ex2.58.key.proof 
8210       DEBUG main            d.u.i.k.p.i.AbstractProblemLoader Environment load took 145.6ns 
8217       INFO  main            d.u.i.k.p.i.AbstractProblemLoader Creating init config 
11064      DEBUG main            d.u.i.k.p.i.AbstractProblemLoader Init config took 2.85s 
11094      INFO  main            d.u.i.k.p.i.AbstractProblemLoader Replaying proof Ex2.58.key.proof 
11101      DEBUG main            d.u.i.k.p.i.IntermediateProofReplayer Proof replay took 3.32ms 
11113      DEBUG main            d.u.i.k.p.r.p.TestFile    ... success: reloaded. 
11115      INFO  main            d.u.i.k.p.r.p.TestFile    Now processing file /home/runner/work/key/key/key.core/../key.ui/examples/standard_key/BookExamples/03DynamicLogic/Sect3.3.1.key 
11116      INFO  main            d.u.i.k.p.i.AbstractProblemLoader Loading environment from /home/runner/work/key/key/key.core/../key.ui/examples/standard_key/BookExamples/03DynamicLogic/Sect3.3.1.key 
11116      DEBUG main            d.u.i.k.p.i.AbstractProblemLoader Environment load took 109.8ns 
11118      INFO  main            d.u.i.k.p.i.AbstractProblemLoader Creating init config 
13750      DEBUG main            d.u.i.k.p.i.AbstractProblemLoader Init config took 2.63s 
13782      INFO  main            d.u.i.k.p.i.AbstractProblemLoader Replaying proof Sect3.3.1.key 
13786      DEBUG main            d.u.i.k.p.i.IntermediateProofReplayer Proof replay took 6.3ns 
14191      INFO  main            d.u.i.k.p.r.p.TestFile    ... finished proof: closed. 
14318      INFO  main            d.u.i.k.p.i.AbstractProblemLoader Loading environment from /home/runner/work/key/key/key.core/../key.ui/examples/standard_key/BookExamples/03DynamicLogic/Sect3.3.1.key.proof 
14319      DEBUG main            d.u.i.k.p.i.AbstractProblemLoader Environment load took 122.7ns 
14320      INFO  main            d.u.i.k.p.i.AbstractProblemLoader Creating init config 
16893      DEBUG main            d.u.i.k.p.i.AbstractProblemLoader Init config took 2.57s 
16920      INFO  main            d.u.i.k.p.i.AbstractProblemLoader Replaying proof Sect3.3.1.key.proof 
16979      DEBUG main            d.u.i.k.p.i.IntermediateProofReplayer Proof replay took 52.13ms 
16981      DEBUG main            d.u.i.k.p.r.p.TestFile    ... success: reloaded. 
80627      INFO  Test worker     d.u.i.k.p.r.RunAllProofsTestUnit Returning from test oldBook 
80628      INFO  Test worker     d.u.i.k.p.r.RunAllProofsTestUnit Running test comprehensions 
393        INFO  Timeout watchdog d.u.i.k.p.r.p.ForkedTestFileRunner Timeout watcher launched (2000 secs.) 
404        WARN  main            d.u.i.k.s.ProofSettings   The settings in /home/runner/.key/proof-settings.props are *not* read. 
430        INFO  main            d.u.i.k.p.r.p.TestFile    Now processing file /home/runner/work/key/key/key.core/../key.ui/examples/heap/comprehensions/general_sum.key 
531        INFO  main            d.u.i.k.p.i.AbstractProblemLoader Loading environment from /home/runner/work/key/key/key.core/../key.ui/examples/heap/comprehensions/general_sum.key 
548        DEBUG main            d.u.i.k.p.i.AbstractProblemLoader Environment load took 2.35ms 
784        INFO  main            d.u.i.k.p.i.AbstractProblemLoader Creating init config 
1684       DEBUG main            d.u.i.k.j.TypeConverter   No LDT found for Meta 
1684       DEBUG main            d.u.i.k.j.TypeConverter   No LDT found for Meta 
1687       DEBUG main            d.u.i.k.j.TypeConverter   No LDT found for Meta 
1687       DEBUG main            d.u.i.k.j.TypeConverter   No LDT found for Meta 
3131       DEBUG main            d.u.i.k.j.TypeConverter   No LDT found for JavaBigintExpression 
7871       DEBUG main            d.u.i.k.p.i.AbstractProblemLoader Init config took 7.09s 
8015       INFO  main            d.u.i.k.p.i.AbstractProblemLoader Replaying proof GSum[GSum::doNothing()].JML operation contract.0 
8055       DEBUG main            d.u.i.k.p.i.IntermediateProofReplayer Proof replay took 32.6ns 
8492       INFO  main            d.u.i.k.p.r.p.TestFile    ... finished proof: closed. 
8670       INFO  main            d.u.i.k.p.i.AbstractProblemLoader Loading environment from /home/runner/work/key/key/key.core/../key.ui/examples/heap/comprehensions/general_sum.key.proof 
8670       DEBUG main            d.u.i.k.p.i.AbstractProblemLoader Environment load took 132.9ns 
8672       INFO  main            d.u.i.k.p.i.AbstractProblemLoader Creating init config 
11502      DEBUG main            d.u.i.k.p.i.AbstractProblemLoader Init config took 2.83s 
11573      INFO  main            d.u.i.k.p.i.AbstractProblemLoader Replaying proof GSum[GSum::doNothing()].JML operation contract.0 
11596      DEBUG main            d.u.i.k.p.i.IntermediateProofReplayer Proof replay took 19.2ms 
11611      DEBUG main            d.u.i.k.p.r.p.TestFile    ... success: reloaded. 
11612      INFO  main            d.u.i.k.p.r.p.TestFile    Now processing file /home/runner/work/key/key/key.core/../key.ui/examples/heap/comprehensions/sum0.key 
11612      INFO  main            d.u.i.k.p.i.AbstractProblemLoader Loading environment from /home/runner/work/key/key/key.core/../key.ui/examples/heap/comprehensions/sum0.key 
11613      DEBUG main            d.u.i.k.p.i.AbstractProblemLoader Environment load took 337.31ns 
11616      INFO  main            d.u.i.k.p.i.AbstractProblemLoader Creating init config 
14354      DEBUG main            d.u.i.k.p.i.AbstractProblemLoader Init config took 2.74s 
14427      INFO  main            d.u.i.k.p.i.AbstractProblemLoader Replaying proof Sum[Sum::sum0([I)].JML normal_behavior operation contract.0 
14430      DEBUG main            d.u.i.k.p.i.IntermediateProofReplayer Proof replay took 5.7ns 
14549      DEBUG Thread-4        d.u.i.k.l.l.OriginTermLabel commonFileName is null! 
14550      DEBUG Thread-4        d.u.i.k.l.l.OriginTermLabel commonFileName is null! 
14831      DEBUG Thread-4        d.u.i.k.l.l.OriginTermLabel commonFileName is null! 
14833      DEBUG Thread-4        d.u.i.k.l.l.OriginTermLabel commonFileName is null! 
15036      DEBUG Thread-4        d.u.i.k.l.l.OriginTermLabel commonFileName is null! 
15238      INFO  main            d.u.i.k.p.r.p.TestFile    ... finished proof: closed. 
15381      INFO  main            d.u.i.k.p.i.AbstractProblemLoader Loading environment from /home/runner/work/key/key/key.core/../key.ui/examples/heap/comprehensions/sum0.key.proof 
15383      DEBUG main            d.u.i.k.p.i.AbstractProblemLoader Environment load took 2.52ms 
15386      INFO  main            d.u.i.k.p.i.AbstractProblemLoader Creating init config 
18128      DEBUG main            d.u.i.k.p.i.AbstractProblemLoader Init config took 2.74s 
18175      INFO  main            d.u.i.k.p.i.AbstractProblemLoader Replaying proof Sum[Sum::sum0([I)].JML normal_behavior operation contract.0 
18205      DEBUG main            d.u.i.k.l.l.OriginTermLabel commonFileName is null! 
18206      DEBUG main            d.u.i.k.l.l.OriginTermLabel commonFileName is null! 
18259      DEBUG main            d.u.i.k.l.l.OriginTermLabel commonFileName is null! 
18293      DEBUG main            d.u.i.k.l.l.OriginTermLabel commonFileName is null! 
18294      DEBUG main            d.u.i.k.l.l.OriginTermLabel commonFileName is null! 
18297      DEBUG main            d.u.i.k.p.i.IntermediateProofReplayer Proof replay took 116.33ms 
18298      DEBUG main            d.u.i.k.p.r.p.TestFile    ... success: reloaded. 
18300      INFO  main            d.u.i.k.p.r.p.TestFile    Now processing file /home/runner/work/key/key/key.core/../key.ui/examples/heap/comprehensions/sum1.key 
18300      INFO  main            d.u.i.k.p.i.AbstractProblemLoader Loading environment from /home/runner/work/key/key/key.core/../key.ui/examples/heap/comprehensions/sum1.key 
18300      DEBUG main            d.u.i.k.p.i.AbstractProblemLoader Environment load took 326.61ns 
18302      INFO  main            d.u.i.k.p.i.AbstractProblemLoader Creating init config 
20968      DEBUG main            d.u.i.k.p.i.AbstractProblemLoader Init config took 2.67s 
21013      INFO  main            d.u.i.k.p.i.AbstractProblemLoader Replaying proof Sum[Sum::sum1([I)].JML normal_behavior operation contract.0 
21014      DEBUG main            d.u.i.k.p.i.IntermediateProofReplayer Proof replay took 6.4ns 
21089      DEBUG Thread-7        d.u.i.k.l.l.OriginTermLabel commonFileName is null! 
21089      DEBUG Thread-7        d.u.i.k.l.l.OriginTermLabel commonFileName is null! 
21253      DEBUG Thread-7        d.u.i.k.l.l.OriginTermLabel commonFileName is null! 
21253      DEBUG Thread-7        d.u.i.k.l.l.OriginTermLabel commonFileName is null! 
21389      DEBUG Thread-7        d.u.i.k.l.l.OriginTermLabel commonFileName is null! 
21624      INFO  main            d.u.i.k.p.r.p.TestFile    ... finished proof: closed. 
21782      INFO  main            d.u.i.k.p.i.AbstractProblemLoader Loading environment from /home/runner/work/key/key/key.core/../key.ui/examples/heap/comprehensions/sum1.key.proof 
21784      DEBUG main            d.u.i.k.p.i.AbstractProblemLoader Environment load took 1.76ms 
21790      INFO  main            d.u.i.k.p.i.AbstractProblemLoader Creating init config 
24372      DEBUG main            d.u.i.k.p.i.AbstractProblemLoader Init config took 2.58s 
24415      INFO  main            d.u.i.k.p.i.AbstractProblemLoader Replaying proof Sum[Sum::sum1([I)].JML normal_behavior operation contract.0 
24443      DEBUG main            d.u.i.k.l.l.OriginTermLabel commonFileName is null! 
24444      DEBUG main            d.u.i.k.l.l.OriginTermLabel commonFileName is null! 
24520      DEBUG main            d.u.i.k.l.l.OriginTermLabel commonFileName is null! 
24556      DEBUG main            d.u.i.k.l.l.OriginTermLabel commonFileName is null! 
24557      DEBUG main            d.u.i.k.l.l.OriginTermLabel commonFileName is null! 
24560      DEBUG main            d.u.i.k.p.i.IntermediateProofReplayer Proof replay took 140.28ms 
24563      DEBUG main            d.u.i.k.p.r.p.TestFile    ... success: reloaded. 
24564      INFO  main            d.u.i.k.p.r.p.TestFile    Now processing file /home/runner/work/key/key/key.core/../key.ui/examples/heap/comprehensions/sum2.key 
24565      INFO  main            d.u.i.k.p.i.AbstractProblemLoader Loading environment from /home/runner/work/key/key/key.core/../key.ui/examples/heap/comprehensions/sum2.key 
24565      DEBUG main            d.u.i.k.p.i.AbstractProblemLoader Environment load took 336.91ns 
24566      INFO  main            d.u.i.k.p.i.AbstractProblemLoader Creating init config 
27192      DEBUG main            d.u.i.k.p.i.AbstractProblemLoader Init config took 2.63s 
27240      INFO  main            d.u.i.k.p.i.AbstractProblemLoader Replaying proof Sum[Sum::sum2([I)].JML normal_behavior operation contract.0 
27242      DEBUG main            d.u.i.k.p.i.IntermediateProofReplayer Proof replay took 6ns 
27290      DEBUG Thread-10       d.u.i.k.l.l.OriginTermLabel commonFileName is null! 
27291      DEBUG Thread-10       d.u.i.k.l.l.OriginTermLabel commonFileName is null! 
27399      DEBUG Thread-10       d.u.i.k.l.l.OriginTermLabel commonFileName is null! 
27404      DEBUG Thread-10       d.u.i.k.l.l.OriginTermLabel commonFileName is null! 
27478      DEBUG Thread-10       d.u.i.k.l.l.OriginTermLabel commonFileName is null! 
27646      INFO  main            d.u.i.k.p.r.p.TestFile    ... finished proof: closed. 
27801      INFO  main            d.u.i.k.p.i.AbstractProblemLoader Loading environment from /home/runner/work/key/key/key.core/../key.ui/examples/heap/comprehensions/sum2.key.proof 
27802      DEBUG main            d.u.i.k.p.i.AbstractProblemLoader Environment load took 947.72ns 
27804      INFO  main            d.u.i.k.p.i.AbstractProblemLoader Creating init config 
30372      DEBUG main            d.u.i.k.p.i.AbstractProblemLoader Init config took 2.57s 
30445      INFO  main            d.u.i.k.p.i.AbstractProblemLoader Replaying proof Sum[Sum::sum2([I)].JML normal_behavior operation contract.0 
30479      DEBUG main            d.u.i.k.l.l.OriginTermLabel commonFileName is null! 
30480      DEBUG main            d.u.i.k.l.l.OriginTermLabel commonFileName is null! 
30521      DEBUG main            d.u.i.k.l.l.OriginTermLabel commonFileName is null! 
30555      DEBUG main            d.u.i.k.l.l.OriginTermLabel commonFileName is null! 
30556      DEBUG main            d.u.i.k.l.l.OriginTermLabel commonFileName is null! 
30558      DEBUG main            d.u.i.k.p.i.IntermediateProofReplayer Proof replay took 107.16ms 
30560      DEBUG main            d.u.i.k.p.r.p.TestFile    ... success: reloaded. 
30561      INFO  main            d.u.i.k.p.r.p.TestFile    Now processing file /home/runner/work/key/key/key.core/../key.ui/examples/heap/comprehensions/sum3.key 
30562      INFO  main            d.u.i.k.p.i.AbstractProblemLoader Loading environment from /home/runner/work/key/key/key.core/../key.ui/examples/heap/comprehensions/sum3.key 
30562      DEBUG main            d.u.i.k.p.i.AbstractProblemLoader Environment load took 325.41ns 
30564      INFO  main            d.u.i.k.p.i.AbstractProblemLoader Creating init config 
33192      DEBUG main            d.u.i.k.p.i.AbstractProblemLoader Init config took 2.63s 
33234      INFO  main            d.u.i.k.p.i.AbstractProblemLoader Replaying proof Sum[Sum::sum3([I)].JML normal_behavior operation contract.0 
33235      DEBUG main            d.u.i.k.p.i.IntermediateProofReplayer Proof replay took 5.5ns 
33288      DEBUG Thread-13       d.u.i.k.l.l.OriginTermLabel commonFileName is null! 
33289      DEBUG Thread-13       d.u.i.k.l.l.OriginTermLabel commonFileName is null! 
33398      DEBUG Thread-13       d.u.i.k.l.l.OriginTermLabel commonFileName is null! 
33399      DEBUG Thread-13       d.u.i.k.l.l.OriginTermLabel commonFileName is null! 
33488      DEBUG Thread-13       d.u.i.k.l.l.OriginTermLabel commonFileName is null! 
33639      INFO  main            d.u.i.k.p.r.p.TestFile    ... finished proof: closed. 
33808      INFO  main            d.u.i.k.p.i.AbstractProblemLoader Loading environment from /home/runner/work/key/key/key.core/../key.ui/examples/heap/comprehensions/sum3.key.proof 
33808      DEBUG main            d.u.i.k.p.i.AbstractProblemLoader Environment load took 154.4ns 
33809      INFO  main            d.u.i.k.p.i.AbstractProblemLoader Creating init config 
36412      DEBUG main            d.u.i.k.p.i.AbstractProblemLoader Init config took 2.6s 
36457      INFO  main            d.u.i.k.p.i.AbstractProblemLoader Replaying proof Sum[Sum::sum3([I)].JML normal_behavior operation contract.0 
36487      DEBUG main            d.u.i.k.l.l.OriginTermLabel commonFileName is null! 
36488      DEBUG main            d.u.i.k.l.l.OriginTermLabel commonFileName is null! 
36530      DEBUG main            d.u.i.k.l.l.OriginTermLabel commonFileName is null! 
36556      DEBUG main            d.u.i.k.l.l.OriginTermLabel commonFileName is null! 
36557      DEBUG main            d.u.i.k.l.l.OriginTermLabel commonFileName is null! 
36560      DEBUG main            d.u.i.k.p.i.IntermediateProofReplayer Proof replay took 98.45ms 
36562      DEBUG main            d.u.i.k.p.r.p.TestFile    ... success: reloaded. 
36563      INFO  main            d.u.i.k.p.r.p.TestFile    Now processing file /home/runner/work/key/key/key.core/../key.ui/examples/heap/comprehensions/segsum.key 
36564      INFO  main            d.u.i.k.p.i.AbstractProblemLoader Loading environment from /home/runner/work/key/key/key.core/../key.ui/examples/heap/comprehensions/segsum.key 
36564      DEBUG main            d.u.i.k.p.i.AbstractProblemLoader Environment load took 326.01ns 
36566      INFO  main            d.u.i.k.p.i.AbstractProblemLoader Creating init config 
39249      DEBUG main            d.u.i.k.p.i.AbstractProblemLoader Init config took 2.68s 
39288      INFO  main            d.u.i.k.p.i.AbstractProblemLoader Replaying proof SegSum[SegSum::segSum([I,int,int)].JML normal_behavior operation contract.0 
39290      DEBUG main            d.u.i.k.p.i.IntermediateProofReplayer Proof replay took 5.6ns 
39695      INFO  main            d.u.i.k.p.r.p.TestFile    ... finished proof: closed. 
39868      INFO  main            d.u.i.k.p.i.AbstractProblemLoader Loading environment from /home/runner/work/key/key/key.core/../key.ui/examples/heap/comprehensions/segsum.key.proof 
39870      DEBUG main            d.u.i.k.p.i.AbstractProblemLoader Environment load took 2.2ms 
39874      INFO  main            d.u.i.k.p.i.AbstractProblemLoader Creating init config 
42390      DEBUG main            d.u.i.k.p.i.AbstractProblemLoader Init config took 2.52s 
42433      INFO  main            d.u.i.k.p.i.AbstractProblemLoader Replaying proof SegSum[SegSum::segSum([I,int,int)].JML normal_behavior operation contract.0 
42531      DEBUG main            d.u.i.k.p.i.IntermediateProofReplayer Proof replay took 92.69ms 
42532      DEBUG main            d.u.i.k.p.r.p.TestFile    ... success: reloaded. 
42534      INFO  main            d.u.i.k.p.r.p.TestFile    Now processing file /home/runner/work/key/key/key.core/../key.ui/examples/heap/comprehensions/bsum_negative.key 
42534      INFO  main            d.u.i.k.p.i.AbstractProblemLoader Loading environment from /home/runner/work/key/key/key.core/../key.ui/examples/heap/comprehensions/bsum_negative.key 
42534      DEBUG main            d.u.i.k.p.i.AbstractProblemLoader Environment load took 299.81ns 
42536      INFO  main            d.u.i.k.p.i.AbstractProblemLoader Creating init config 
44985      DEBUG main            d.u.i.k.p.i.AbstractProblemLoader Init config took 2.45s 
45004      INFO  main            d.u.i.k.p.i.AbstractProblemLoader Replaying proof bsum_negative.key 
45005      DEBUG main            d.u.i.k.p.i.IntermediateProofReplayer Proof replay took 7.1ns 
45107      INFO  main            d.u.i.k.p.r.p.TestFile    ... finished proof: closed. 
45267      INFO  main            d.u.i.k.p.i.AbstractProblemLoader Loading environment from /home/runner/work/key/key/key.core/../key.ui/examples/heap/comprehensions/bsum_negative.key.proof 
45267      DEBUG main            d.u.i.k.p.i.AbstractProblemLoader Environment load took 117.7ns 
45268      INFO  main            d.u.i.k.p.i.AbstractProblemLoader Creating init config 
47684      DEBUG main            d.u.i.k.p.i.AbstractProblemLoader Init config took 2.42s 
47723      INFO  main            d.u.i.k.p.i.AbstractProblemLoader Replaying proof bsum_negative.key.proof 
47731      DEBUG main            d.u.i.k.p.i.IntermediateProofReplayer Proof replay took 1.95ms 
47733      DEBUG main            d.u.i.k.p.r.p.TestFile    ... success: reloaded. 
47742      INFO  main            d.u.i.k.p.r.p.TestFile    Now processing file /home/runner/work/key/key/key.core/../key.ui/examples/heap/comprehensions/bsum_neg2.key 
47742      INFO  main            d.u.i.k.p.i.AbstractProblemLoader Loading environment from /home/runner/work/key/key/key.core/../key.ui/examples/heap/comprehensions/bsum_neg2.key 
47742      DEBUG main            d.u.i.k.p.i.AbstractProblemLoader Environment load took 338.01ns 
47744      INFO  main            d.u.i.k.p.i.AbstractProblemLoader Creating init config 
50171      DEBUG main            d.u.i.k.p.i.AbstractProblemLoader Init config took 2.43s 
50186      INFO  main            d.u.i.k.p.i.AbstractProblemLoader Replaying proof bsum_neg2.key 
50188      DEBUG main            d.u.i.k.p.i.IntermediateProofReplayer Proof replay took 6.6ns 
50290      INFO  main            d.u.i.k.p.r.p.TestFile    ... finished proof: closed. 
50452      INFO  main            d.u.i.k.p.i.AbstractProblemLoader Loading environment from /home/runner/work/key/key/key.core/../key.ui/examples/heap/comprehensions/bsum_neg2.key.proof 
50453      DEBUG main            d.u.i.k.p.i.AbstractProblemLoader Environment load took 115.7ns 
50454      INFO  main            d.u.i.k.p.i.AbstractProblemLoader Creating init config 
52846      DEBUG main            d.u.i.k.p.i.AbstractProblemLoader Init config took 2.39s 
52861      INFO  main            d.u.i.k.p.i.AbstractProblemLoader Replaying proof bsum_neg2.key.proof 
52864      DEBUG main            d.u.i.k.p.i.IntermediateProofReplayer Proof replay took 911.62ns 
52864      DEBUG main            d.u.i.k.p.r.p.TestFile    ... success: reloaded. 
52865      INFO  main            d.u.i.k.p.r.p.TestFile    Now processing file /home/runner/work/key/key/key.core/../key.ui/examples/heap/comprehensions/bsumSplit.key 
52865      INFO  main            d.u.i.k.p.i.AbstractProblemLoader Loading environment from /home/runner/work/key/key/key.core/../key.ui/examples/heap/comprehensions/bsumSplit.key 
52865      DEBUG main            d.u.i.k.p.i.AbstractProblemLoader Environment load took 125.8ns 
52866      INFO  main            d.u.i.k.p.i.AbstractProblemLoader Creating init config 
55298      DEBUG main            d.u.i.k.p.i.AbstractProblemLoader Init config took 2.43s 
55315      INFO  main            d.u.i.k.p.i.AbstractProblemLoader Replaying proof bsumSplit.key 
55316      DEBUG main            d.u.i.k.p.i.IntermediateProofReplayer Proof replay took 6.2ns 
55419      INFO  main            d.u.i.k.p.r.p.TestFile    ... finished proof: closed. 
55587      INFO  main            d.u.i.k.p.i.AbstractProblemLoader Loading environment from /home/runner/work/key/key/key.core/../key.ui/examples/heap/comprehensions/bsumSplit.key.proof 
55587      DEBUG main            d.u.i.k.p.i.AbstractProblemLoader Environment load took 125.8ns 
55588      INFO  main            d.u.i.k.p.i.AbstractProblemLoader Creating init config 
57965      DEBUG main            d.u.i.k.p.i.AbstractProblemLoader Init config took 2.38s 
57980      INFO  main            d.u.i.k.p.i.AbstractProblemLoader Replaying proof bsumSplit.key.proof 
57986      DEBUG main            d.u.i.k.p.i.IntermediateProofReplayer Proof replay took 3.87ms 
57987      DEBUG main            d.u.i.k.p.r.p.TestFile    ... success: reloaded. 
57988      INFO  main            d.u.i.k.p.r.p.TestFile    Now processing file /home/runner/work/key/key/key.core/../key.ui/examples/heap/comprehensions/bprodSplit.key 
57989      INFO  main            d.u.i.k.p.i.AbstractProblemLoader Loading environment from /home/runner/work/key/key/key.core/../key.ui/examples/heap/comprehensions/bprodSplit.key 
57989      DEBUG main            d.u.i.k.p.i.AbstractProblemLoader Environment load took 305.7ns 
57991      INFO  main            d.u.i.k.p.i.AbstractProblemLoader Creating init config 
60425      DEBUG main            d.u.i.k.p.i.AbstractProblemLoader Init config took 2.43s 
60441      INFO  main            d.u.i.k.p.i.AbstractProblemLoader Replaying proof bprodSplit.key 
60443      DEBUG main            d.u.i.k.p.i.IntermediateProofReplayer Proof replay took 6.3ns 
60545      INFO  main            d.u.i.k.p.r.p.TestFile    ... finished proof: closed. 
60775      INFO  main            d.u.i.k.p.i.AbstractProblemLoader Loading environment from /home/runner/work/key/key/key.core/../key.ui/examples/heap/comprehensions/bprodSplit.key.proof 
60775      DEBUG main            d.u.i.k.p.i.AbstractProblemLoader Environment load took 128.8ns 
60776      INFO  main            d.u.i.k.p.i.AbstractProblemLoader Creating init config 
63153      DEBUG main            d.u.i.k.p.i.AbstractProblemLoader Init config took 2.38s 
63168      INFO  main            d.u.i.k.p.i.AbstractProblemLoader Replaying proof bprodSplit.key.proof 
63171      DEBUG main            d.u.i.k.p.i.IntermediateProofReplayer Proof replay took 1.86ms 
63172      DEBUG main            d.u.i.k.p.r.p.TestFile    ... success: reloaded. 
63172      INFO  main            d.u.i.k.p.r.p.TestFile    Now processing file /home/runner/work/key/key/key.core/../key.ui/examples/heap/comprehensions/bsumSplitInvalid.key 
63173      INFO  main            d.u.i.k.p.i.AbstractProblemLoader Loading environment from /home/runner/work/key/key/key.core/../key.ui/examples/heap/comprehensions/bsumSplitInvalid.key 
63173      DEBUG main            d.u.i.k.p.i.AbstractProblemLoader Environment load took 125.1ns 
63174      INFO  main            d.u.i.k.p.i.AbstractProblemLoader Creating init config 
65576      DEBUG main            d.u.i.k.p.i.AbstractProblemLoader Init config took 2.4s 
65591      INFO  main            d.u.i.k.p.i.AbstractProblemLoader Replaying proof bsumSplitInvalid.key 
65592      DEBUG main            d.u.i.k.p.i.IntermediateProofReplayer Proof replay took 7.1ns 
65695      INFO  main            d.u.i.k.p.r.p.TestFile    ... finished proof: open goal(s) 
146739     INFO  Test worker     d.u.i.k.p.r.RunAllProofsTestUnit Returning from test comprehensions 
146740     INFO  Test worker     d.u.i.k.p.r.RunAllProofsTestUnit Running test performance 
358        INFO  Timeout watchdog d.u.i.k.p.r.p.ForkedTestFileRunner Timeout watcher launched (2000 secs.) 
372        WARN  main            d.u.i.k.s.ProofSettings   The settings in /home/runner/.key/proof-settings.props are *not* read. 
404        INFO  main            d.u.i.k.p.r.p.TestFile    Now processing file /home/runner/work/key/key/key.core/../key.ui/examples/performance-test/Disjoint(Disjoint__disjoint_08()).JML_operation_contract.0.key 
504        INFO  main            d.u.i.k.p.i.AbstractProblemLoader Loading environment from /home/runner/work/key/key/key.core/../key.ui/examples/performance-test/Disjoint(Disjoint__disjoint_08()).JML_operation_contract.0.key 
526        DEBUG main            d.u.i.k.p.i.AbstractProblemLoader Environment load took 1.69ms 
735        INFO  main            d.u.i.k.p.i.AbstractProblemLoader Creating init config 
1666       DEBUG main            d.u.i.k.j.TypeConverter   No LDT found for Meta 
1670       DEBUG main            d.u.i.k.j.TypeConverter   No LDT found for Meta 
1671       DEBUG main            d.u.i.k.j.TypeConverter   No LDT found for Meta 
1672       DEBUG main            d.u.i.k.j.TypeConverter   No LDT found for Meta 
3439       DEBUG main            d.u.i.k.j.TypeConverter   No LDT found for JavaBigintExpression 
8951       DEBUG main            d.u.i.k.j.r.ClassPreparationMethodBuilder clPrepBuilder: Inner Class detected. Reject building class initialisation methods. 
16924      DEBUG main            d.u.i.k.p.i.AbstractProblemLoader Init config took 16.19s 
17111      INFO  main            d.u.i.k.p.i.AbstractProblemLoader Replaying proof Disjoint[Disjoint::disjoint_8()].JML operation contract.0 
17178      DEBUG main            d.u.i.k.p.i.IntermediateProofReplayer Proof replay took 348.31ns 
19840      INFO  main            d.u.i.k.p.r.p.TestFile    ... finished proof: closed. 
20047      INFO  main            d.u.i.k.p.i.AbstractProblemLoader Loading environment from /home/runner/work/key/key/key.core/../key.ui/examples/performance-test/Disjoint(Disjoint__disjoint_08()).JML_operation_contract.0.key.proof 
20048      DEBUG main            d.u.i.k.p.i.AbstractProblemLoader Environment load took 729.41ns 
20052      INFO  main            d.u.i.k.p.i.AbstractProblemLoader Creating init config 
23190      DEBUG main            d.u.i.k.j.r.ClassPreparationMethodBuilder clPrepBuilder: Inner Class detected. Reject building class initialisation methods. 
30180      DEBUG main            d.u.i.k.p.i.AbstractProblemLoader Init config took 10.13s 
30292      INFO  main            d.u.i.k.p.i.AbstractProblemLoader Replaying proof Disjoint[Disjoint::disjoint_8()].JML operation contract.0 
30656      DEBUG main            d.u.i.k.p.i.IntermediateProofReplayer Proof replay took 353.97ms 
30665      DEBUG main            d.u.i.k.p.r.p.TestFile    ... success: reloaded. 
30668      INFO  main            d.u.i.k.p.r.p.TestFile    Now processing file /home/runner/work/key/key/key.core/../key.ui/examples/performance-test/Disjoint(Disjoint__disjoint2_08()).JML_operation_contract.0.key 
30668      INFO  main            d.u.i.k.p.i.AbstractProblemLoader Loading environment from /home/runner/work/key/key/key.core/../key.ui/examples/performance-test/Disjoint(Disjoint__disjoint2_08()).JML_operation_contract.0.key 
30668      DEBUG main            d.u.i.k.p.i.AbstractProblemLoader Environment load took 366.7ns 
30670      INFO  main            d.u.i.k.p.i.AbstractProblemLoader Creating init config 
33696      DEBUG main            d.u.i.k.j.r.ClassPreparationMethodBuilder clPrepBuilder: Inner Class detected. Reject building class initialisation methods. 
40512      DEBUG main            d.u.i.k.p.i.AbstractProblemLoader Init config took 9.84s 
40618      INFO  main            d.u.i.k.p.i.AbstractProblemLoader Replaying proof Disjoint[Disjoint::disjoint2_8()].JML operation contract.0 
40621      DEBUG main            d.u.i.k.p.i.IntermediateProofReplayer Proof replay took 23.7ns 
41525      INFO  main            d.u.i.k.p.r.p.TestFile    ... finished proof: closed. 
41870      INFO  main            d.u.i.k.p.i.AbstractProblemLoader Loading environment from /home/runner/work/key/key/key.core/../key.ui/examples/performance-test/Disjoint(Disjoint__disjoint2_08()).JML_operation_contract.0.key.proof 
41874      DEBUG main            d.u.i.k.p.i.AbstractProblemLoader Environment load took 3.66ms 
41877      INFO  main            d.u.i.k.p.i.AbstractProblemLoader Creating init config 
44757      DEBUG main            d.u.i.k.j.r.ClassPreparationMethodBuilder clPrepBuilder: Inner Class detected. Reject building class initialisation methods. 
51521      DEBUG main            d.u.i.k.p.i.AbstractProblemLoader Init config took 9.64s 
51620      INFO  main            d.u.i.k.p.i.AbstractProblemLoader Replaying proof Disjoint[Disjoint::disjoint2_8()].JML operation contract.0 
51727      DEBUG main            d.u.i.k.p.i.IntermediateProofReplayer Proof replay took 102.58ms 
51728      DEBUG main            d.u.i.k.p.r.p.TestFile    ... success: reloaded. 
51733      INFO  main            d.u.i.k.p.r.p.TestFile    Now processing file /home/runner/work/key/key/key.core/../key.ui/examples/performance-test/AccessChain1(AccessChain1__foo_08()).JML_operation_contract.0.key 
51733      INFO  main            d.u.i.k.p.i.AbstractProblemLoader Loading environment from /home/runner/work/key/key/key.core/../key.ui/examples/performance-test/AccessChain1(AccessChain1__foo_08()).JML_operation_contract.0.key 
51734      DEBUG main            d.u.i.k.p.i.AbstractProblemLoader Environment load took 258ns 
51735      INFO  main            d.u.i.k.p.i.AbstractProblemLoader Creating init config 
54592      DEBUG main            d.u.i.k.j.r.ClassPreparationMethodBuilder clPrepBuilder: Inner Class detected. Reject building class initialisation methods. 
61295      DEBUG main            d.u.i.k.p.i.AbstractProblemLoader Init config took 9.56s 
61390      INFO  main            d.u.i.k.p.i.AbstractProblemLoader Replaying proof AccessChain1[AccessChain1::foo_8()].JML operation contract.0 
61393      DEBUG main            d.u.i.k.p.i.IntermediateProofReplayer Proof replay took 12.1ns 
64006      INFO  main            d.u.i.k.p.r.p.TestFile    ... finished proof: closed. 
64356      INFO  main            d.u.i.k.p.i.AbstractProblemLoader Loading environment from /home/runner/work/key/key/key.core/../key.ui/examples/performance-test/AccessChain1(AccessChain1__foo_08()).JML_operation_contract.0.key.proof 
64358      DEBUG main            d.u.i.k.p.i.AbstractProblemLoader Environment load took 2.33ms 
64362      INFO  main            d.u.i.k.p.i.AbstractProblemLoader Creating init config 
67219      DEBUG main            d.u.i.k.j.r.ClassPreparationMethodBuilder clPrepBuilder: Inner Class detected. Reject building class initialisation methods. 
73926      DEBUG main            d.u.i.k.p.i.AbstractProblemLoader Init config took 9.56s 
74023      INFO  main            d.u.i.k.p.i.AbstractProblemLoader Replaying proof AccessChain1[AccessChain1::foo_8()].JML operation contract.0 
74537      DEBUG main            d.u.i.k.p.i.IntermediateProofReplayer Proof replay took 501.35ms 
74539      DEBUG main            d.u.i.k.p.r.p.TestFile    ... success: reloaded. 
74541      INFO  main            d.u.i.k.p.r.p.TestFile    Now processing file /home/runner/work/key/key/key.core/../key.ui/examples/performance-test/AccessChain4(AccessChain4__foo_08()).JML_operation_contract.0.key 
74541      INFO  main            d.u.i.k.p.i.AbstractProblemLoader Loading environment from /home/runner/work/key/key/key.core/../key.ui/examples/performance-test/AccessChain4(AccessChain4__foo_08()).JML_operation_contract.0.key 
74541      DEBUG main            d.u.i.k.p.i.AbstractProblemLoader Environment load took 65.5ns 
74542      INFO  main            d.u.i.k.p.i.AbstractProblemLoader Creating init config 
77435      DEBUG main            d.u.i.k.j.r.ClassPreparationMethodBuilder clPrepBuilder: Inner Class detected. Reject building class initialisation methods. 
84166      DEBUG main            d.u.i.k.p.i.AbstractProblemLoader Init config took 9.62s 
84262      INFO  main            d.u.i.k.p.i.AbstractProblemLoader Replaying proof AccessChain4[AccessChain4::foo_8()].JML operation contract.0 
84265      DEBUG main            d.u.i.k.p.i.IntermediateProofReplayer Proof replay took 19.5ns 
90505      INFO  main            d.u.i.k.p.r.p.TestFile    ... finished proof: closed. 
90946      INFO  main            d.u.i.k.p.i.AbstractProblemLoader Loading environment from /home/runner/work/key/key/key.core/../key.ui/examples/performance-test/AccessChain4(AccessChain4__foo_08()).JML_operation_contract.0.key.proof 
90954      DEBUG main            d.u.i.k.p.i.AbstractProblemLoader Environment load took 7.98ms 
90956      INFO  main            d.u.i.k.p.i.AbstractProblemLoader Creating init config 
93752      DEBUG main            d.u.i.k.j.r.ClassPreparationMethodBuilder clPrepBuilder: Inner Class detected. Reject building class initialisation methods. 
100414     DEBUG main            d.u.i.k.p.i.AbstractProblemLoader Init config took 9.46s 
100530     INFO  main            d.u.i.k.p.i.AbstractProblemLoader Replaying proof AccessChain4[AccessChain4::foo_8()].JML operation contract.0 
101470     DEBUG main            d.u.i.k.p.i.IntermediateProofReplayer Proof replay took 914.55ms 
101473     DEBUG main            d.u.i.k.p.r.p.TestFile    ... success: reloaded. 
101476     INFO  main            d.u.i.k.p.r.p.TestFile    Now processing file /home/runner/work/key/key/key.core/../key.ui/examples/performance-test/Disjoint(Disjoint__xZero_08()).JML_operation_contract.0.key 
101476     INFO  main            d.u.i.k.p.i.AbstractProblemLoader Loading environment from /home/runner/work/key/key/key.core/../key.ui/examples/performance-test/Disjoint(Disjoint__xZero_08()).JML_operation_contract.0.key 
101476     DEBUG main            d.u.i.k.p.i.AbstractProblemLoader Environment load took 137.5ns 
101478     INFO  main            d.u.i.k.p.i.AbstractProblemLoader Creating init config 
104426     DEBUG main            d.u.i.k.j.r.ClassPreparationMethodBuilder clPrepBuilder: Inner Class detected. Reject building class initialisation methods. 
111147     DEBUG main            d.u.i.k.p.i.AbstractProblemLoader Init config took 9.67s 
111259     INFO  main            d.u.i.k.p.i.AbstractProblemLoader Replaying proof Disjoint[Disjoint::xZero_8()].JML operation contract.0 
111263     DEBUG main            d.u.i.k.p.i.IntermediateProofReplayer Proof replay took 11.7ns 
112268     INFO  main            d.u.i.k.p.r.p.TestFile    ... finished proof: closed. 
112634     INFO  main            d.u.i.k.p.i.AbstractProblemLoader Loading environment from /home/runner/work/key/key/key.core/../key.ui/examples/performance-test/Disjoint(Disjoint__xZero_08()).JML_operation_contract.0.key.proof 
112635     DEBUG main            d.u.i.k.p.i.AbstractProblemLoader Environment load took 622.61ns 
112636     INFO  main            d.u.i.k.p.i.AbstractProblemLoader Creating init config 
115421     DEBUG main            d.u.i.k.j.r.ClassPreparationMethodBuilder clPrepBuilder: Inner Class detected. Reject building class initialisation methods. 
122023     DEBUG main            d.u.i.k.p.i.AbstractProblemLoader Init config took 9.39s 
122114     INFO  main            d.u.i.k.p.i.AbstractProblemLoader Replaying proof Disjoint[Disjoint::xZero_8()].JML operation contract.0 
122306     DEBUG main            d.u.i.k.p.i.IntermediateProofReplayer Proof replay took 184.59ms 
122307     DEBUG main            d.u.i.k.p.r.p.TestFile    ... success: reloaded. 
122308     INFO  main            d.u.i.k.p.r.p.TestFile    Now processing file /home/runner/work/key/key/key.core/../key.ui/examples/performance-test/Dynamic(Dynamic__foo_08()).JML_operation_contract.0.key 
122309     INFO  main            d.u.i.k.p.i.AbstractProblemLoader Loading environment from /home/runner/work/key/key/key.core/../key.ui/examples/performance-test/Dynamic(Dynamic__foo_08()).JML_operation_contract.0.key 
122309     DEBUG main            d.u.i.k.p.i.AbstractProblemLoader Environment load took 110.8ns 
122310     INFO  main            d.u.i.k.p.i.AbstractProblemLoader Creating init config 
125203     DEBUG main            d.u.i.k.j.r.ClassPreparationMethodBuilder clPrepBuilder: Inner Class detected. Reject building class initialisation methods. 
131820     DEBUG main            d.u.i.k.p.i.AbstractProblemLoader Init config took 9.51s 
131924     INFO  main            d.u.i.k.p.i.AbstractProblemLoader Replaying proof Dynamic[Dynamic::foo_8()].JML operation contract.0 
131929     DEBUG main            d.u.i.k.p.i.IntermediateProofReplayer Proof replay took 12.2ns 
137582     INFO  main            d.u.i.k.p.r.p.TestFile    ... finished proof: closed. 
137964     INFO  main            d.u.i.k.p.i.AbstractProblemLoader Loading environment from /home/runner/work/key/key/key.core/../key.ui/examples/performance-test/Dynamic(Dynamic__foo_08()).JML_operation_contract.0.key.proof 
137965     DEBUG main            d.u.i.k.p.i.AbstractProblemLoader Environment load took 574.31ns 
137967     INFO  main            d.u.i.k.p.i.AbstractProblemLoader Creating init config 
140760     DEBUG main            d.u.i.k.j.r.ClassPreparationMethodBuilder clPrepBuilder: Inner Class detected. Reject building class initialisation methods. 
147358     DEBUG main            d.u.i.k.p.i.AbstractProblemLoader Init config took 9.39s 
147447     INFO  main            d.u.i.k.p.i.AbstractProblemLoader Replaying proof Dynamic[Dynamic::foo_8()].JML operation contract.0 
148002     DEBUG main            d.u.i.k.p.i.IntermediateProofReplayer Proof replay took 532.91ms 
148005     DEBUG main            d.u.i.k.p.r.p.TestFile    ... success: reloaded. 
148006     INFO  main            d.u.i.k.p.r.p.TestFile    Now processing file /home/runner/work/key/key/key.core/../key.ui/examples/performance-test/DynamicGhost(DynamicGhost__dynamicGhost_08()).JML_normal_behavior_operation_contract.0.key 
148006     INFO  main            d.u.i.k.p.i.AbstractProblemLoader Loading environment from /home/runner/work/key/key/key.core/../key.ui/examples/performance-test/DynamicGhost(DynamicGhost__dynamicGhost_08()).JML_normal_behavior_operation_contract.0.key 
148007     DEBUG main            d.u.i.k.p.i.AbstractProblemLoader Environment load took 105.9ns 
148008     INFO  main            d.u.i.k.p.i.AbstractProblemLoader Creating init config 
150908     DEBUG main            d.u.i.k.j.r.ClassPreparationMethodBuilder clPrepBuilder: Inner Class detected. Reject building class initialisation methods. 
157558     DEBUG main            d.u.i.k.p.i.AbstractProblemLoader Init config took 9.55s 
157648     INFO  main            d.u.i.k.p.i.AbstractProblemLoader Replaying proof DynamicGhost[DynamicGhost::dynamicGhost_8()].JML normal_behavior operation contract.0 
157650     DEBUG main            d.u.i.k.p.i.IntermediateProofReplayer Proof replay took 25.4ns 
162168     INFO  main            d.u.i.k.p.r.p.TestFile    ... finished proof: closed. 
162590     INFO  main            d.u.i.k.p.i.AbstractProblemLoader Loading environment from /home/runner/work/key/key/key.core/../key.ui/examples/performance-test/DynamicGhost(DynamicGhost__dynamicGhost_08()).JML_normal_behavior_operation_contract.0.key.proof 
162590     DEBUG main            d.u.i.k.p.i.AbstractProblemLoader Environment load took 583.81ns 
162593     INFO  main            d.u.i.k.p.i.AbstractProblemLoader Creating init config 
165374     DEBUG main            d.u.i.k.j.r.ClassPreparationMethodBuilder clPrepBuilder: Inner Class detected. Reject building class initialisation methods. 
171994     DEBUG main            d.u.i.k.p.i.AbstractProblemLoader Init config took 9.4s 
172083     INFO  main            d.u.i.k.p.i.AbstractProblemLoader Replaying proof DynamicGhost[DynamicGhost::dynamicGhost_8()].JML normal_behavior operation contract.0 
172650     DEBUG main            d.u.i.k.p.i.IntermediateProofReplayer Proof replay took 548.23ms 
172652     DEBUG main            d.u.i.k.p.r.p.TestFile    ... success: reloaded. 
172654     INFO  main            d.u.i.k.p.r.p.TestFile    Now processing file /home/runner/work/key/key/key.core/../key.ui/examples/performance-test/GhostFrame(GhostFrame__foo_08()).JML_operation_contract.0.key 
172654     INFO  main            d.u.i.k.p.i.AbstractProblemLoader Loading environment from /home/runner/work/key/key/key.core/../key.ui/examples/performance-test/GhostFrame(GhostFrame__foo_08()).JML_operation_contract.0.key 
172655     DEBUG main            d.u.i.k.p.i.AbstractProblemLoader Environment load took 758.41ns 
172656     INFO  main            d.u.i.k.p.i.AbstractProblemLoader Creating init config 
175566     DEBUG main            d.u.i.k.j.r.ClassPreparationMethodBuilder clPrepBuilder: Inner Class detected. Reject building class initialisation methods. 
182237     DEBUG main            d.u.i.k.p.i.AbstractProblemLoader Init config took 9.58s 
182350     INFO  main            d.u.i.k.p.i.AbstractProblemLoader Replaying proof GhostFrame[GhostFrame::foo_8()].JML operation contract.0 
182356     DEBUG main            d.u.i.k.p.i.IntermediateProofReplayer Proof replay took 14.5ns 
184464     INFO  main            d.u.i.k.p.r.p.TestFile    ... finished proof: closed. 
184882     INFO  main            d.u.i.k.p.i.AbstractProblemLoader Loading environment from /home/runner/work/key/key/key.core/../key.ui/examples/performance-test/GhostFrame(GhostFrame__foo_08()).JML_operation_contract.0.key.proof 
184882     DEBUG main            d.u.i.k.p.i.AbstractProblemLoader Environment load took 130.8ns 
184883     INFO  main            d.u.i.k.p.i.AbstractProblemLoader Creating init config 
187635     DEBUG main            d.u.i.k.j.r.ClassPreparationMethodBuilder clPrepBuilder: Inner Class detected. Reject building class initialisation methods. 
194276     DEBUG main            d.u.i.k.p.i.AbstractProblemLoader Init config took 9.39s 
194363     INFO  main            d.u.i.k.p.i.AbstractProblemLoader Replaying proof GhostFrame[GhostFrame::foo_8()].JML operation contract.0 
194688     DEBUG main            d.u.i.k.p.i.IntermediateProofReplayer Proof replay took 317.65ms 
194690     DEBUG main            d.u.i.k.p.r.p.TestFile    ... success: reloaded. 
194692     INFO  main            d.u.i.k.p.r.p.TestFile    Now processing file /home/runner/work/key/key/key.core/../key.ui/examples/performance-test/Modelfield(Modelfield__foo_08()).JML_operation_contract.0.key 
194692     INFO  main            d.u.i.k.p.i.AbstractProblemLoader Loading environment from /home/runner/work/key/key/key.core/../key.ui/examples/performance-test/Modelfield(Modelfield__foo_08()).JML_operation_contract.0.key 
194693     DEBUG main            d.u.i.k.p.i.AbstractProblemLoader Environment load took 289ns 
194694     INFO  main            d.u.i.k.p.i.AbstractProblemLoader Creating init config 
197565     DEBUG main            d.u.i.k.j.r.ClassPreparationMethodBuilder clPrepBuilder: Inner Class detected. Reject building class initialisation methods. 
204249     DEBUG main            d.u.i.k.p.i.AbstractProblemLoader Init config took 9.56s 
204336     INFO  main            d.u.i.k.p.i.AbstractProblemLoader Replaying proof Modelfield[Modelfield::foo_8()].JML operation contract.0 
204337     DEBUG main            d.u.i.k.p.i.IntermediateProofReplayer Proof replay took 6.1ns 
207478     INFO  main            d.u.i.k.p.r.p.TestFile    ... finished proof: closed. 
207926     INFO  main            d.u.i.k.p.i.AbstractProblemLoader Loading environment from /home/runner/work/key/key/key.core/../key.ui/examples/performance-test/Modelfield(Modelfield__foo_08()).JML_operation_contract.0.key.proof 
207927     DEBUG main            d.u.i.k.p.i.AbstractProblemLoader Environment load took 131.5ns 
207928     INFO  main            d.u.i.k.p.i.AbstractProblemLoader Creating init config 
210700     DEBUG main            d.u.i.k.j.r.ClassPreparationMethodBuilder clPrepBuilder: Inner Class detected. Reject building class initialisation methods. 
217337     DEBUG main            d.u.i.k.p.i.AbstractProblemLoader Init config took 9.41s 
217424     INFO  main            d.u.i.k.p.i.AbstractProblemLoader Replaying proof Modelfield[Modelfield::foo_8()].JML operation contract.0 
217852     DEBUG main            d.u.i.k.p.i.IntermediateProofReplayer Proof replay took 383.58ms 
217855     DEBUG main            d.u.i.k.p.r.p.TestFile    ... success: reloaded. 
364772     INFO  Test worker     d.u.i.k.p.r.RunAllProofsTestUnit Returning from test performance 
364774     INFO  Test worker     d.u.i.k.p.r.RunAllProofsTestUnit Running test performancePOConstruction 
341        INFO  Timeout watchdog d.u.i.k.p.r.p.ForkedTestFileRunner Timeout watcher launched (2000 secs.) 
371        WARN  main            d.u.i.k.s.ProofSettings   The settings in /home/runner/.key/proof-settings.props are *not* read. 
414        INFO  main            d.u.i.k.p.r.p.TestFile    Now processing file /home/runner/work/key/key/key.core/../key.ui/examples/performance-test/Test(Test__a0(int)).JML_normal_behavior_operation_contract.0.key 
528        INFO  main            d.u.i.k.p.i.AbstractProblemLoader Loading environment from /home/runner/work/key/key/key.core/../key.ui/examples/performance-test/Test(Test__a0(int)).JML_normal_behavior_operation_contract.0.key 
544        DEBUG main            d.u.i.k.p.i.AbstractProblemLoader Environment load took 1.74ms 
766        INFO  main            d.u.i.k.p.i.AbstractProblemLoader Creating init config 
1697       DEBUG main            d.u.i.k.j.TypeConverter   No LDT found for Meta 
1697       DEBUG main            d.u.i.k.j.TypeConverter   No LDT found for Meta 
1699       DEBUG main            d.u.i.k.j.TypeConverter   No LDT found for Meta 
1699       DEBUG main            d.u.i.k.j.TypeConverter   No LDT found for Meta 
2952       DEBUG main            d.u.i.k.j.TypeConverter   No LDT found for JavaBigintExpression 
8612       DEBUG main            d.u.i.k.j.r.ClassPreparationMethodBuilder clPrepBuilder: Inner Class detected. Reject building class initialisation methods. 
16796      DEBUG main            d.u.i.k.p.i.AbstractProblemLoader Init config took 16.03s 
17799      INFO  main            d.u.i.k.p.i.AbstractProblemLoader Replaying proof Test[Test::a0(int)].JML normal_behavior operation contract.0 
17882      DEBUG main            d.u.i.k.p.i.IntermediateProofReplayer Proof replay took 33.1ns 
18415      INFO  main            d.u.i.k.p.r.p.TestFile    ... finished proof: closed. 
18576      INFO  main            d.u.i.k.p.i.AbstractProblemLoader Loading environment from /home/runner/work/key/key/key.core/../key.ui/examples/performance-test/Test(Test__a0(int)).JML_normal_behavior_operation_contract.0.key.proof 
18576      DEBUG main            d.u.i.k.p.i.AbstractProblemLoader Environment load took 133ns 
18578      INFO  main            d.u.i.k.p.i.AbstractProblemLoader Creating init config 
21857      DEBUG main            d.u.i.k.j.r.ClassPreparationMethodBuilder clPrepBuilder: Inner Class detected. Reject building class initialisation methods. 
29216      DEBUG main            d.u.i.k.p.i.AbstractProblemLoader Init config took 10.64s 
30087      INFO  main            d.u.i.k.p.i.AbstractProblemLoader Replaying proof Test[Test::a0(int)].JML normal_behavior operation contract.0 
30131      DEBUG main            d.u.i.k.p.i.IntermediateProofReplayer Proof replay took 36.15ms 
30144      DEBUG main            d.u.i.k.p.r.p.TestFile    ... success: reloaded. 
30147      INFO  main            d.u.i.k.p.r.p.TestFile    Now processing file /home/runner/work/key/key/key.core/../key.ui/examples/performance-test/Test(Test__a1(int)).JML_normal_behavior_operation_contract.0.key 
30148      INFO  main            d.u.i.k.p.i.AbstractProblemLoader Loading environment from /home/runner/work/key/key/key.core/../key.ui/examples/performance-test/Test(Test__a1(int)).JML_normal_behavior_operation_contract.0.key 
30148      DEBUG main            d.u.i.k.p.i.AbstractProblemLoader Environment load took 139.9ns 
30150      INFO  main            d.u.i.k.p.i.AbstractProblemLoader Creating init config 
33285      DEBUG main            d.u.i.k.j.r.ClassPreparationMethodBuilder clPrepBuilder: Inner Class detected. Reject building class initialisation methods. 
40432      DEBUG main            d.u.i.k.p.i.AbstractProblemLoader Init config took 10.28s 
41352      INFO  main            d.u.i.k.p.i.AbstractProblemLoader Replaying proof Test[Test::a1(int)].JML normal_behavior operation contract.0 
41354      DEBUG main            d.u.i.k.p.i.IntermediateProofReplayer Proof replay took 6.7ns 
41661      INFO  main            d.u.i.k.p.r.p.TestFile    ... finished proof: closed. 
41927      INFO  main            d.u.i.k.p.i.AbstractProblemLoader Loading environment from /home/runner/work/key/key/key.core/../key.ui/examples/performance-test/Test(Test__a1(int)).JML_normal_behavior_operation_contract.0.key.proof 
41930      DEBUG main            d.u.i.k.p.i.AbstractProblemLoader Environment load took 3.4ms 
41934      INFO  main            d.u.i.k.p.i.AbstractProblemLoader Creating init config 
44967      DEBUG main            d.u.i.k.j.r.ClassPreparationMethodBuilder clPrepBuilder: Inner Class detected. Reject building class initialisation methods. 
52054      DEBUG main            d.u.i.k.p.i.AbstractProblemLoader Init config took 10.12s 
52921      INFO  main            d.u.i.k.p.i.AbstractProblemLoader Replaying proof Test[Test::a1(int)].JML normal_behavior operation contract.0 
52986      DEBUG main            d.u.i.k.p.i.IntermediateProofReplayer Proof replay took 61.14ms 
52988      DEBUG main            d.u.i.k.p.r.p.TestFile    ... success: reloaded. 
52989      INFO  main            d.u.i.k.p.r.p.TestFile    Now processing file /home/runner/work/key/key/key.core/../key.ui/examples/performance-test/Test(Test__f1(int)).JML_normal_behavior_operation_contract.0.key 
52998      INFO  main            d.u.i.k.p.i.AbstractProblemLoader Loading environment from /home/runner/work/key/key/key.core/../key.ui/examples/performance-test/Test(Test__f1(int)).JML_normal_behavior_operation_contract.0.key 
52999      DEBUG main            d.u.i.k.p.i.AbstractProblemLoader Environment load took 255.8ns 
53000      INFO  main            d.u.i.k.p.i.AbstractProblemLoader Creating init config 
56025      DEBUG main            d.u.i.k.j.r.ClassPreparationMethodBuilder clPrepBuilder: Inner Class detected. Reject building class initialisation methods. 
63067      DEBUG main            d.u.i.k.p.i.AbstractProblemLoader Init config took 10.07s 
63963      INFO  main            d.u.i.k.p.i.AbstractProblemLoader Replaying proof Test[Test::f1(int)].JML normal_behavior operation contract.0 
63965      DEBUG main            d.u.i.k.p.i.IntermediateProofReplayer Proof replay took 5.8ns 
64169      INFO  main            d.u.i.k.p.r.p.TestFile    ... finished proof: closed. 
64435      INFO  main            d.u.i.k.p.i.AbstractProblemLoader Loading environment from /home/runner/work/key/key/key.core/../key.ui/examples/performance-test/Test(Test__f1(int)).JML_normal_behavior_operation_contract.0.key.proof 
64436      DEBUG main            d.u.i.k.p.i.AbstractProblemLoader Environment load took 1.14ms 
64437      INFO  main            d.u.i.k.p.i.AbstractProblemLoader Creating init config 
67382      DEBUG main            d.u.i.k.j.r.ClassPreparationMethodBuilder clPrepBuilder: Inner Class detected. Reject building class initialisation methods. 
74333      DEBUG main            d.u.i.k.p.i.AbstractProblemLoader Init config took 9.9s 
75173      INFO  main            d.u.i.k.p.i.AbstractProblemLoader Replaying proof Test[Test::f1(int)].JML normal_behavior operation contract.0 
75222      DEBUG main            d.u.i.k.p.i.IntermediateProofReplayer Proof replay took 46.01ms 
75224      DEBUG main            d.u.i.k.p.r.p.TestFile    ... success: reloaded. 
440206     INFO  Test worker     d.u.i.k.p.r.RunAllProofsTestUnit Returning from test performancePOConstruction 
440207     INFO  Test worker     d.u.i.k.p.r.RunAllProofsTestUnit Running test applicationRestrictions 
400        INFO  Timeout watchdog d.u.i.k.p.r.p.ForkedTestFileRunner Timeout watcher launched (2000 secs.) 
403        WARN  main            d.u.i.k.s.ProofSettings   The settings in /home/runner/.key/proof-settings.props are *not* read. 
443        INFO  main            d.u.i.k.p.r.p.TestFile    Now processing file /home/runner/work/key/key/key.core/../key.ui/examples/heap/polarity_tests/wellformed1.key 
558        INFO  main            d.u.i.k.p.i.AbstractProblemLoader Loading environment from /home/runner/work/key/key/key.core/../key.ui/examples/heap/polarity_tests/wellformed1.key 
579        DEBUG main            d.u.i.k.p.i.AbstractProblemLoader Environment load took 1.71ms 
798        INFO  main            d.u.i.k.p.i.AbstractProblemLoader Creating init config 
1678       DEBUG main            d.u.i.k.j.TypeConverter   No LDT found for Meta 
1683       DEBUG main            d.u.i.k.j.TypeConverter   No LDT found for Meta 
1686       DEBUG main            d.u.i.k.j.TypeConverter   No LDT found for Meta 
1686       DEBUG main            d.u.i.k.j.TypeConverter   No LDT found for Meta 
3171       DEBUG main            d.u.i.k.j.TypeConverter   No LDT found for JavaBigintExpression 
8020       DEBUG main            d.u.i.k.p.i.AbstractProblemLoader Init config took 7.22s 
8077       INFO  main            d.u.i.k.p.i.AbstractProblemLoader Replaying proof wellformed1.key 
8108       DEBUG main            d.u.i.k.p.i.IntermediateProofReplayer Proof replay took 29.9ns 
8282       INFO  main            d.u.i.k.p.r.p.TestFile    ... finished proof: closed. 
8379       INFO  main            d.u.i.k.p.i.AbstractProblemLoader Loading environment from /home/runner/work/key/key/key.core/../key.ui/examples/heap/polarity_tests/wellformed1.key.proof 
8380       DEBUG main            d.u.i.k.p.i.AbstractProblemLoader Environment load took 137.6ns 
8383       INFO  main            d.u.i.k.p.i.AbstractProblemLoader Creating init config 
11102      DEBUG main            d.u.i.k.p.i.AbstractProblemLoader Init config took 2.72s 
11137      INFO  main            d.u.i.k.p.i.AbstractProblemLoader Replaying proof wellformed1.key.proof 
11148      DEBUG main            d.u.i.k.p.i.IntermediateProofReplayer Proof replay took 3.28ms 
11160      DEBUG main            d.u.i.k.p.r.p.TestFile    ... success: reloaded. 
11162      INFO  main            d.u.i.k.p.r.p.TestFile    Now processing file /home/runner/work/key/key/key.core/../key.ui/examples/heap/polarity_tests/wellformed2.key 
11162      INFO  main            d.u.i.k.p.i.AbstractProblemLoader Loading environment from /home/runner/work/key/key/key.core/../key.ui/examples/heap/polarity_tests/wellformed2.key 
11162      DEBUG main            d.u.i.k.p.i.AbstractProblemLoader Environment load took 81.2ns 
11165      INFO  main            d.u.i.k.p.i.AbstractProblemLoader Creating init config 
13811      DEBUG main            d.u.i.k.p.i.AbstractProblemLoader Init config took 2.65s 
13838      INFO  main            d.u.i.k.p.i.AbstractProblemLoader Replaying proof wellformed2.key 
13840      DEBUG main            d.u.i.k.p.i.IntermediateProofReplayer Proof replay took 5.6ns 
13943      INFO  main            d.u.i.k.p.r.p.TestFile    ... finished proof: open goal(s) 
14063      INFO  main            d.u.i.k.p.r.p.TestFile    Now processing file /home/runner/work/key/key/key.core/../key.ui/examples/heap/polarity_tests/wellformed3.key 
14063      INFO  main            d.u.i.k.p.i.AbstractProblemLoader Loading environment from /home/runner/work/key/key/key.core/../key.ui/examples/heap/polarity_tests/wellformed3.key 
14063      DEBUG main            d.u.i.k.p.i.AbstractProblemLoader Environment load took 92.4ns 
14064      INFO  main            d.u.i.k.p.i.AbstractProblemLoader Creating init config 
16632      DEBUG main            d.u.i.k.p.i.AbstractProblemLoader Init config took 2.57s 
16665      INFO  main            d.u.i.k.p.i.AbstractProblemLoader Replaying proof wellformed3.key 
16670      DEBUG main            d.u.i.k.p.i.IntermediateProofReplayer Proof replay took 7.1ns 
16773      INFO  main            d.u.i.k.p.r.p.TestFile    ... finished proof: closed. 
16932      INFO  main            d.u.i.k.p.i.AbstractProblemLoader Loading environment from /home/runner/work/key/key/key.core/../key.ui/examples/heap/polarity_tests/wellformed3.key.proof 
16932      DEBUG main            d.u.i.k.p.i.AbstractProblemLoader Environment load took 125.3ns 
16933      INFO  main            d.u.i.k.p.i.AbstractProblemLoader Creating init config 
19472      DEBUG main            d.u.i.k.p.i.AbstractProblemLoader Init config took 2.54s 
19494      INFO  main            d.u.i.k.p.i.AbstractProblemLoader Replaying proof wellformed3.key.proof 
19498      DEBUG main            d.u.i.k.p.i.IntermediateProofReplayer Proof replay took 2.17ms 
19499      DEBUG main            d.u.i.k.p.r.p.TestFile    ... success: reloaded. 
19500      INFO  main            d.u.i.k.p.r.p.TestFile    Now processing file /home/runner/work/key/key/key.core/../key.ui/examples/heap/polarity_tests/wellformed4.key 
19501      INFO  main            d.u.i.k.p.i.AbstractProblemLoader Loading environment from /home/runner/work/key/key/key.core/../key.ui/examples/heap/polarity_tests/wellformed4.key 
19501      DEBUG main            d.u.i.k.p.i.AbstractProblemLoader Environment load took 246.1ns 
19502      INFO  main            d.u.i.k.p.i.AbstractProblemLoader Creating init config 
22022      DEBUG main            d.u.i.k.p.i.AbstractProblemLoader Init config took 2.52s 
22042      INFO  main            d.u.i.k.p.i.AbstractProblemLoader Replaying proof wellformed4.key 
22044      DEBUG main            d.u.i.k.p.i.IntermediateProofReplayer Proof replay took 5.6ns 
22147      INFO  main            d.u.i.k.p.r.p.TestFile    ... finished proof: open goal(s) 
22287      INFO  main            d.u.i.k.p.r.p.TestFile    Now processing file /home/runner/work/key/key/key.core/../key.ui/examples/heap/polarity_tests/wellformed5.key 
22287      INFO  main            d.u.i.k.p.i.AbstractProblemLoader Loading environment from /home/runner/work/key/key/key.core/../key.ui/examples/heap/polarity_tests/wellformed5.key 
22287      DEBUG main            d.u.i.k.p.i.AbstractProblemLoader Environment load took 69.7ns 
22288      INFO  main            d.u.i.k.p.i.AbstractProblemLoader Creating init config 
24804      DEBUG main            d.u.i.k.p.i.AbstractProblemLoader Init config took 2.52s 
24824      INFO  main            d.u.i.k.p.i.AbstractProblemLoader Replaying proof wellformed5.key 
24826      DEBUG main            d.u.i.k.p.i.IntermediateProofReplayer Proof replay took 6.5ns 
24928      INFO  main            d.u.i.k.p.r.p.TestFile    ... finished proof: closed. 
25048      INFO  main            d.u.i.k.p.i.AbstractProblemLoader Loading environment from /home/runner/work/key/key/key.core/../key.ui/examples/heap/polarity_tests/wellformed5.key.proof 
25048      DEBUG main            d.u.i.k.p.i.AbstractProblemLoader Environment load took 129.4ns 
25049      INFO  main            d.u.i.k.p.i.AbstractProblemLoader Creating init config 
27529      DEBUG main            d.u.i.k.p.i.AbstractProblemLoader Init config took 2.48s 
27550      INFO  main            d.u.i.k.p.i.AbstractProblemLoader Replaying proof wellformed5.key.proof 
27553      DEBUG main            d.u.i.k.p.i.IntermediateProofReplayer Proof replay took 1.15ms 
27554      DEBUG main            d.u.i.k.p.r.p.TestFile    ... success: reloaded. 
27555      INFO  main            d.u.i.k.p.r.p.TestFile    Now processing file /home/runner/work/key/key/key.core/../key.ui/examples/heap/polarity_tests/wellformed6.key 
27556      INFO  main            d.u.i.k.p.i.AbstractProblemLoader Loading environment from /home/runner/work/key/key/key.core/../key.ui/examples/heap/polarity_tests/wellformed6.key 
27556      DEBUG main            d.u.i.k.p.i.AbstractProblemLoader Environment load took 247.91ns 
27558      INFO  main            d.u.i.k.p.i.AbstractProblemLoader Creating init config 
30142      DEBUG main            d.u.i.k.p.i.AbstractProblemLoader Init config took 2.58s 
30161      INFO  main            d.u.i.k.p.i.AbstractProblemLoader Replaying proof wellformed6.key 
30163      DEBUG main            d.u.i.k.p.i.IntermediateProofReplayer Proof replay took 6.1ns 
30267      INFO  main            d.u.i.k.p.r.p.TestFile    ... finished proof: open goal(s) 
30410      INFO  main            d.u.i.k.p.r.p.TestFile    Now processing file /home/runner/work/key/key/key.core/../key.ui/examples/heap/polarity_tests/wellformed7.key 
30410      INFO  main            d.u.i.k.p.i.AbstractProblemLoader Loading environment from /home/runner/work/key/key/key.core/../key.ui/examples/heap/polarity_tests/wellformed7.key 
30410      DEBUG main            d.u.i.k.p.i.AbstractProblemLoader Environment load took 79.7ns 
30411      INFO  main            d.u.i.k.p.i.AbstractProblemLoader Creating init config 
32886      DEBUG main            d.u.i.k.p.i.AbstractProblemLoader Init config took 2.48s 
32905      INFO  main            d.u.i.k.p.i.AbstractProblemLoader Replaying proof wellformed7.key 
32907      DEBUG main            d.u.i.k.p.i.IntermediateProofReplayer Proof replay took 6.5ns 
33010      INFO  main            d.u.i.k.p.r.p.TestFile    ... finished proof: closed. 
33143      INFO  main            d.u.i.k.p.i.AbstractProblemLoader Loading environment from /home/runner/work/key/key/key.core/../key.ui/examples/heap/polarity_tests/wellformed7.key.proof 
33143      DEBUG main            d.u.i.k.p.i.AbstractProblemLoader Environment load took 124.6ns 
33144      INFO  main            d.u.i.k.p.i.AbstractProblemLoader Creating init config 
35588      DEBUG main            d.u.i.k.p.i.AbstractProblemLoader Init config took 2.44s 
35610      INFO  main            d.u.i.k.p.i.AbstractProblemLoader Replaying proof wellformed7.key.proof 
35615      DEBUG main            d.u.i.k.p.i.IntermediateProofReplayer Proof replay took 2.46ms 
35616      DEBUG main            d.u.i.k.p.r.p.TestFile    ... success: reloaded. 
35617      INFO  main            d.u.i.k.p.r.p.TestFile    Now processing file /home/runner/work/key/key/key.core/../key.ui/examples/heap/polarity_tests/wellformed8.key 
35617      INFO  main            d.u.i.k.p.i.AbstractProblemLoader Loading environment from /home/runner/work/key/key/key.core/../key.ui/examples/heap/polarity_tests/wellformed8.key 
35621      DEBUG main            d.u.i.k.p.i.AbstractProblemLoader Environment load took 3.45ms 
35622      INFO  main            d.u.i.k.p.i.AbstractProblemLoader Creating init config 
38107      DEBUG main            d.u.i.k.p.i.AbstractProblemLoader Init config took 2.49s 
38124      INFO  main            d.u.i.k.p.i.AbstractProblemLoader Replaying proof wellformed8.key 
38126      DEBUG main            d.u.i.k.p.i.IntermediateProofReplayer Proof replay took 7.9ns 
38229      INFO  main            d.u.i.k.p.r.p.TestFile    ... finished proof: open goal(s) 
38378      INFO  main            d.u.i.k.p.r.p.TestFile    Now processing file /home/runner/work/key/key/key.core/../key.ui/examples/heap/polarity_tests/wellformed9.key 
38379      INFO  main            d.u.i.k.p.i.AbstractProblemLoader Loading environment from /home/runner/work/key/key/key.core/../key.ui/examples/heap/polarity_tests/wellformed9.key 
38379      DEBUG main            d.u.i.k.p.i.AbstractProblemLoader Environment load took 77.3ns 
38380      INFO  main            d.u.i.k.p.i.AbstractProblemLoader Creating init config 
40813      DEBUG main            d.u.i.k.p.i.AbstractProblemLoader Init config took 2.43s 
40830      INFO  main            d.u.i.k.p.i.AbstractProblemLoader Replaying proof wellformed9.key 
40831      DEBUG main            d.u.i.k.p.i.IntermediateProofReplayer Proof replay took 7.7ns 
40935      INFO  main            d.u.i.k.p.r.p.TestFile    ... finished proof: closed. 
41106      INFO  main            d.u.i.k.p.i.AbstractProblemLoader Loading environment from /home/runner/work/key/key/key.core/../key.ui/examples/heap/polarity_tests/wellformed9.key.proof 
41106      DEBUG main            d.u.i.k.p.i.AbstractProblemLoader Environment load took 172.1ns 
41107      INFO  main            d.u.i.k.p.i.AbstractProblemLoader Creating init config 
43526      DEBUG main            d.u.i.k.p.i.AbstractProblemLoader Init config took 2.42s 
43544      INFO  main            d.u.i.k.p.i.AbstractProblemLoader Replaying proof wellformed9.key.proof 
43547      DEBUG main            d.u.i.k.p.i.IntermediateProofReplayer Proof replay took 1.38ms 
43548      DEBUG main            d.u.i.k.p.r.p.TestFile    ... success: reloaded. 
43549      INFO  main            d.u.i.k.p.r.p.TestFile    Now processing file /home/runner/work/key/key/key.core/../key.ui/examples/heap/polarity_tests/wellformed10.key 
43549      INFO  main            d.u.i.k.p.i.AbstractProblemLoader Loading environment from /home/runner/work/key/key/key.core/../key.ui/examples/heap/polarity_tests/wellformed10.key 
43549      DEBUG main            d.u.i.k.p.i.AbstractProblemLoader Environment load took 116ns 
43550      INFO  main            d.u.i.k.p.i.AbstractProblemLoader Creating init config 
46042      DEBUG main            d.u.i.k.p.i.AbstractProblemLoader Init config took 2.49s 
46058      INFO  main            d.u.i.k.p.i.AbstractProblemLoader Replaying proof wellformed10.key 
46059      DEBUG main            d.u.i.k.p.i.IntermediateProofReplayer Proof replay took 6.9ns 
46163      INFO  main            d.u.i.k.p.r.p.TestFile    ... finished proof: open goal(s) 
46323      INFO  main            d.u.i.k.p.r.p.TestFile    Now processing file /home/runner/work/key/key/key.core/../key.ui/examples/heap/polarity_tests/wellformed11.key 
46323      INFO  main            d.u.i.k.p.i.AbstractProblemLoader Loading environment from /home/runner/work/key/key/key.core/../key.ui/examples/heap/polarity_tests/wellformed11.key 
46323      DEBUG main            d.u.i.k.p.i.AbstractProblemLoader Environment load took 65ns 
46324      INFO  main            d.u.i.k.p.i.AbstractProblemLoader Creating init config 
48755      DEBUG main            d.u.i.k.p.i.AbstractProblemLoader Init config took 2.43s 
48771      INFO  main            d.u.i.k.p.i.AbstractProblemLoader Replaying proof wellformed11.key 
48772      DEBUG main            d.u.i.k.p.i.IntermediateProofReplayer Proof replay took 7.4ns 
48875      INFO  main            d.u.i.k.p.r.p.TestFile    ... finished proof: open goal(s) 
489385     INFO  Test worker     d.u.i.k.p.r.RunAllProofsTestUnit Returning from test applicationRestrictions 
489386     INFO  Test worker     d.u.i.k.p.r.RunAllProofsTestUnit Running test blockContracts 
351        INFO  Timeout watchdog d.u.i.k.p.r.p.ForkedTestFileRunner Timeout watcher launched (2000 secs.) 
361        WARN  main            d.u.i.k.s.ProofSettings   The settings in /home/runner/.key/proof-settings.props are *not* read. 
387        INFO  main            d.u.i.k.p.r.p.TestFile    Now processing file /home/runner/work/key/key/key.core/../key.ui/examples/heap/block_contracts/Simple__add.key 
489        INFO  main            d.u.i.k.p.i.AbstractProblemLoader Loading environment from /home/runner/work/key/key/key.core/../key.ui/examples/heap/block_contracts/Simple__add.key 
508        DEBUG main            d.u.i.k.p.i.AbstractProblemLoader Environment load took 1.78ms 
737        INFO  main            d.u.i.k.p.i.AbstractProblemLoader Creating init config 
1588       DEBUG main            d.u.i.k.j.TypeConverter   No LDT found for Meta 
1593       DEBUG main            d.u.i.k.j.TypeConverter   No LDT found for Meta 
1595       DEBUG main            d.u.i.k.j.TypeConverter   No LDT found for Meta 
1596       DEBUG main            d.u.i.k.j.TypeConverter   No LDT found for Meta 
3107       DEBUG main            d.u.i.k.j.TypeConverter   No LDT found for JavaBigintExpression 
8570       DEBUG main            d.u.i.k.p.i.AbstractProblemLoader Init config took 7.83s 
8733       INFO  main            d.u.i.k.p.i.AbstractProblemLoader Replaying proof Simple[Simple::add(int,int)].JML operation contract.0 
8825       DEBUG main            d.u.i.k.p.i.IntermediateProofReplayer Proof replay took 382.41ns 
9555       INFO  main            d.u.i.k.p.r.p.TestFile    ... finished proof: closed. 
9700       INFO  main            d.u.i.k.p.i.AbstractProblemLoader Loading environment from /home/runner/work/key/key/key.core/../key.ui/examples/heap/block_contracts/Simple__add.key.proof 
9700       DEBUG main            d.u.i.k.p.i.AbstractProblemLoader Environment load took 527.41ns 
9702       INFO  main            d.u.i.k.p.i.AbstractProblemLoader Creating init config 
12875      DEBUG main            d.u.i.k.p.i.AbstractProblemLoader Init config took 3.17s 
12939      INFO  main            d.u.i.k.p.i.AbstractProblemLoader Replaying proof Simple[Simple::add(int,int)].JML operation contract.0 
13017      DEBUG main            d.u.i.k.p.i.IntermediateProofReplayer Proof replay took 73.01ms 
13023      DEBUG main            d.u.i.k.p.r.p.TestFile    ... success: reloaded. 
13025      INFO  main            d.u.i.k.p.r.p.TestFile    Now processing file /home/runner/work/key/key/key.core/../key.ui/examples/heap/block_contracts/Simple__addAbsoluteValues.key 
13025      INFO  main            d.u.i.k.p.i.AbstractProblemLoader Loading environment from /home/runner/work/key/key/key.core/../key.ui/examples/heap/block_contracts/Simple__addAbsoluteValues.key 
13026      DEBUG main            d.u.i.k.p.i.AbstractProblemLoader Environment load took 253.1ns 
13027      INFO  main            d.u.i.k.p.i.AbstractProblemLoader Creating init config 
16105      DEBUG main            d.u.i.k.p.i.AbstractProblemLoader Init config took 3.08s 
16161      INFO  main            d.u.i.k.p.i.AbstractProblemLoader Replaying proof Simple[Simple::addAbsoluteValues(int,int)].JML normal_behavior operation contract.0 
16164      DEBUG main            d.u.i.k.p.i.IntermediateProofReplayer Proof replay took 14.8ns 
17186      INFO  main            d.u.i.k.p.r.p.TestFile    ... finished proof: closed. 
17372      INFO  main            d.u.i.k.p.i.AbstractProblemLoader Loading environment from /home/runner/work/key/key/key.core/../key.ui/examples/heap/block_contracts/Simple__addAbsoluteValues.key.proof 
17375      DEBUG main            d.u.i.k.p.i.AbstractProblemLoader Environment load took 3.09ms 
17377      INFO  main            d.u.i.k.p.i.AbstractProblemLoader Creating init config 
20376      DEBUG main            d.u.i.k.p.i.AbstractProblemLoader Init config took 3s 
20428      INFO  main            d.u.i.k.p.i.AbstractProblemLoader Replaying proof Simple[Simple::addAbsoluteValues(int,int)].JML normal_behavior operation contract.0 
20618      DEBUG main            d.u.i.k.p.i.IntermediateProofReplayer Proof replay took 181.63ms 
20620      DEBUG main            d.u.i.k.p.r.p.TestFile    ... success: reloaded. 
20621      INFO  main            d.u.i.k.p.r.p.TestFile    Now processing file /home/runner/work/key/key/key.core/../key.ui/examples/heap/block_contracts/Simple__addWithJump.key 
20622      INFO  main            d.u.i.k.p.i.AbstractProblemLoader Loading environment from /home/runner/work/key/key/key.core/../key.ui/examples/heap/block_contracts/Simple__addWithJump.key 
20622      DEBUG main            d.u.i.k.p.i.AbstractProblemLoader Environment load took 261.5ns 
20623      INFO  main            d.u.i.k.p.i.AbstractProblemLoader Creating init config 
23748      DEBUG main            d.u.i.k.p.i.AbstractProblemLoader Init config took 3.12s 
23803      INFO  main            d.u.i.k.p.i.AbstractProblemLoader Replaying proof Simple[Simple::addWithJump(int,int,int)].JML operation contract.0 
23805      DEBUG main            d.u.i.k.p.i.IntermediateProofReplayer Proof replay took 23.1ns 
24008      INFO  main            d.u.i.k.p.r.p.TestFile    ... finished proof: closed. 
24215      INFO  main            d.u.i.k.p.i.AbstractProblemLoader Loading environment from /home/runner/work/key/key/key.core/../key.ui/examples/heap/block_contracts/Simple__addWithJump.key.proof 
24215      DEBUG main            d.u.i.k.p.i.AbstractProblemLoader Environment load took 122.1ns 
24216      INFO  main            d.u.i.k.p.i.AbstractProblemLoader Creating init config 
27137      DEBUG main            d.u.i.k.p.i.AbstractProblemLoader Init config took 2.92s 
27183      INFO  main            d.u.i.k.p.i.AbstractProblemLoader Replaying proof Simple[Simple::addWithJump(int,int,int)].JML operation contract.0 
27227      DEBUG main            d.u.i.k.p.i.IntermediateProofReplayer Proof replay took 41.33ms 
27229      DEBUG main            d.u.i.k.p.r.p.TestFile    ... success: reloaded. 
27230      INFO  main            d.u.i.k.p.r.p.TestFile    Now processing file /home/runner/work/key/key/key.core/../key.ui/examples/heap/block_contracts/Simple__addWithTwoBlockContracts.key 
27231      INFO  main            d.u.i.k.p.i.AbstractProblemLoader Loading environment from /home/runner/work/key/key/key.core/../key.ui/examples/heap/block_contracts/Simple__addWithTwoBlockContracts.key 
27231      DEBUG main            d.u.i.k.p.i.AbstractProblemLoader Environment load took 233ns 
27232      INFO  main            d.u.i.k.p.i.AbstractProblemLoader Creating init config 
30223      DEBUG main            d.u.i.k.p.i.AbstractProblemLoader Init config took 2.99s 
30269      INFO  main            d.u.i.k.p.i.AbstractProblemLoader Replaying proof Simple[Simple::addWithTwoBlockContracts(int,int,int)].JML operation contract.0 
30271      DEBUG main            d.u.i.k.p.i.IntermediateProofReplayer Proof replay took 10.4ns 
30474      INFO  main            d.u.i.k.p.r.p.TestFile    ... finished proof: closed. 
30649      INFO  main            d.u.i.k.p.i.AbstractProblemLoader Loading environment from /home/runner/work/key/key/key.core/../key.ui/examples/heap/block_contracts/Simple__addWithTwoBlockContracts.key.proof 
30649      DEBUG main            d.u.i.k.p.i.AbstractProblemLoader Environment load took 126.2ns 
30650      INFO  main            d.u.i.k.p.i.AbstractProblemLoader Creating init config 
33585      DEBUG main            d.u.i.k.p.i.AbstractProblemLoader Init config took 2.94s 
33629      INFO  main            d.u.i.k.p.i.AbstractProblemLoader Replaying proof Simple[Simple::addWithTwoBlockContracts(int,int,int)].JML operation contract.0 
33684      DEBUG main            d.u.i.k.p.i.IntermediateProofReplayer Proof replay took 52.01ms 
33685      DEBUG main            d.u.i.k.p.r.p.TestFile    ... success: reloaded. 
33687      INFO  main            d.u.i.k.p.r.p.TestFile    Now processing file /home/runner/work/key/key/key.core/../key.ui/examples/heap/block_contracts/Simple__generateByteArray.key 
33687      INFO  main            d.u.i.k.p.i.AbstractProblemLoader Loading environment from /home/runner/work/key/key/key.core/../key.ui/examples/heap/block_contracts/Simple__generateByteArray.key 
33687      DEBUG main            d.u.i.k.p.i.AbstractProblemLoader Environment load took 101.1ns 
33688      INFO  main            d.u.i.k.p.i.AbstractProblemLoader Creating init config 
36683      DEBUG main            d.u.i.k.p.i.AbstractProblemLoader Init config took 2.99s 
36727      INFO  main            d.u.i.k.p.i.AbstractProblemLoader Replaying proof Simple[Simple::generateByteArray()].JML normal_behavior operation contract.0 
36729      DEBUG main            d.u.i.k.p.i.IntermediateProofReplayer Proof replay took 11.2ns 
38753      INFO  main            d.u.i.k.p.r.p.TestFile    ... finished proof: closed. 
38961      INFO  main            d.u.i.k.p.i.AbstractProblemLoader Loading environment from /home/runner/work/key/key/key.core/../key.ui/examples/heap/block_contracts/Simple__generateByteArray.key.proof 
38963      DEBUG main            d.u.i.k.p.i.AbstractProblemLoader Environment load took 2.08ms 
38968      INFO  main            d.u.i.k.p.i.AbstractProblemLoader Creating init config 
41845      DEBUG main            d.u.i.k.p.i.AbstractProblemLoader Init config took 2.88s 
41889      INFO  main            d.u.i.k.p.i.AbstractProblemLoader Replaying proof Simple[Simple::generateByteArray()].JML normal_behavior operation contract.0 
42144      DEBUG main            d.u.i.k.p.i.IntermediateProofReplayer Proof replay took 241ms 
42145      DEBUG main            d.u.i.k.p.r.p.TestFile    ... success: reloaded. 
42147      INFO  main            d.u.i.k.p.r.p.TestFile    Now processing file /home/runner/work/key/key/key.core/../key.ui/examples/heap/block_contracts/Simple__getLength.key 
42147      INFO  main            d.u.i.k.p.i.AbstractProblemLoader Loading environment from /home/runner/work/key/key/key.core/../key.ui/examples/heap/block_contracts/Simple__getLength.key 
42147      DEBUG main            d.u.i.k.p.i.AbstractProblemLoader Environment load took 247.3ns 
42148      INFO  main            d.u.i.k.p.i.AbstractProblemLoader Creating init config 
45074      DEBUG main            d.u.i.k.p.i.AbstractProblemLoader Init config took 2.93s 
45116      INFO  main            d.u.i.k.p.i.AbstractProblemLoader Replaying proof Simple[Simple::getLength()].JML normal_behavior operation contract.0 
45118      DEBUG main            d.u.i.k.p.i.IntermediateProofReplayer Proof replay took 11.1ns 
45220      INFO  main            d.u.i.k.p.r.p.TestFile    ... finished proof: closed. 
45430      INFO  main            d.u.i.k.p.i.AbstractProblemLoader Loading environment from /home/runner/work/key/key/key.core/../key.ui/examples/heap/block_contracts/Simple__getLength.key.proof 
45430      DEBUG main            d.u.i.k.p.i.AbstractProblemLoader Environment load took 130ns 
45431      INFO  main            d.u.i.k.p.i.AbstractProblemLoader Creating init config 
48314      DEBUG main            d.u.i.k.p.i.AbstractProblemLoader Init config took 2.88s 
48359      INFO  main            d.u.i.k.p.i.AbstractProblemLoader Replaying proof Simple[Simple::getLength()].JML normal_behavior operation contract.0 
48368      DEBUG main            d.u.i.k.p.i.IntermediateProofReplayer Proof replay took 6.89ms 
48369      DEBUG main            d.u.i.k.p.r.p.TestFile    ... success: reloaded. 
48371      INFO  main            d.u.i.k.p.r.p.TestFile    Now processing file /home/runner/work/key/key/key.core/../key.ui/examples/heap/block_contracts/Simple__square.key 
48371      INFO  main            d.u.i.k.p.i.AbstractProblemLoader Loading environment from /home/runner/work/key/key/key.core/../key.ui/examples/heap/block_contracts/Simple__square.key 
48371      DEBUG main            d.u.i.k.p.i.AbstractProblemLoader Environment load took 237.1ns 
48372      INFO  main            d.u.i.k.p.i.AbstractProblemLoader Creating init config 
51288      DEBUG main            d.u.i.k.p.i.AbstractProblemLoader Init config took 2.92s 
51330      INFO  main            d.u.i.k.p.i.AbstractProblemLoader Replaying proof Simple[Simple::square(int)].JML operation contract.0 
51332      DEBUG main            d.u.i.k.p.i.IntermediateProofReplayer Proof replay took 10.9ns 
51735      INFO  main            d.u.i.k.p.r.p.TestFile    ... finished proof: closed. 
51911      INFO  main            d.u.i.k.p.i.AbstractProblemLoader Loading environment from /home/runner/work/key/key/key.core/../key.ui/examples/heap/block_contracts/Simple__square.key.proof 
51911      DEBUG main            d.u.i.k.p.i.AbstractProblemLoader Environment load took 131.7ns 
51912      INFO  main            d.u.i.k.p.i.AbstractProblemLoader Creating init config 
54840      DEBUG main            d.u.i.k.p.i.AbstractProblemLoader Init config took 2.93s 
54887      INFO  main            d.u.i.k.p.i.AbstractProblemLoader Replaying proof Simple[Simple::square(int)].JML operation contract.0 
54976      DEBUG main            d.u.i.k.p.i.IntermediateProofReplayer Proof replay took 85.4ms 
54978      DEBUG main            d.u.i.k.p.r.p.TestFile    ... success: reloaded. 
54979      INFO  main            d.u.i.k.p.r.p.TestFile    Now processing file /home/runner/work/key/key/key.core/../key.ui/examples/heap/block_contracts/Simple__unnecessaryBlockContract.key 
54979      INFO  main            d.u.i.k.p.i.AbstractProblemLoader Loading environment from /home/runner/work/key/key/key.core/../key.ui/examples/heap/block_contracts/Simple__unnecessaryBlockContract.key 
54980      DEBUG main            d.u.i.k.p.i.AbstractProblemLoader Environment load took 250.1ns 
54981      INFO  main            d.u.i.k.p.i.AbstractProblemLoader Creating init config 
57876      DEBUG main            d.u.i.k.p.i.AbstractProblemLoader Init config took 2.9s 
57915      INFO  main            d.u.i.k.p.i.AbstractProblemLoader Replaying proof Simple[Simple::unnecessaryBlockContract()].JML operation contract.0 
57917      DEBUG main            d.u.i.k.p.i.IntermediateProofReplayer Proof replay took 12.6ns 
58022      INFO  main            d.u.i.k.p.r.p.TestFile    ... finished proof: closed. 
58235      INFO  main            d.u.i.k.p.i.AbstractProblemLoader Loading environment from /home/runner/work/key/key/key.core/../key.ui/examples/heap/block_contracts/Simple__unnecessaryBlockContract.key.proof 
58236      DEBUG main            d.u.i.k.p.i.AbstractProblemLoader Environment load took 140.6ns 
58237      INFO  main            d.u.i.k.p.i.AbstractProblemLoader Creating init config 
61094      DEBUG main            d.u.i.k.p.i.AbstractProblemLoader Init config took 2.86s 
61135      INFO  main            d.u.i.k.p.i.AbstractProblemLoader Replaying proof Simple[Simple::unnecessaryBlockContract()].JML operation contract.0 
61159      DEBUG main            d.u.i.k.p.i.IntermediateProofReplayer Proof replay took 21.12ms 
61160      DEBUG main            d.u.i.k.p.r.p.TestFile    ... success: reloaded. 
61161      INFO  main            d.u.i.k.p.r.p.TestFile    Now processing file /home/runner/work/key/key/key.core/../key.ui/examples/heap/block_contracts/Simple__unnecessaryLoopInvariant.key 
61161      INFO  main            d.u.i.k.p.i.AbstractProblemLoader Loading environment from /home/runner/work/key/key/key.core/../key.ui/examples/heap/block_contracts/Simple__unnecessaryLoopInvariant.key 
61162      DEBUG main            d.u.i.k.p.i.AbstractProblemLoader Environment load took 252.5ns 
61163      INFO  main            d.u.i.k.p.i.AbstractProblemLoader Creating init config 
64053      DEBUG main            d.u.i.k.p.i.AbstractProblemLoader Init config took 2.89s 
64092      INFO  main            d.u.i.k.p.i.AbstractProblemLoader Replaying proof Simple[Simple::unnecessaryLoopInvariant()].JML operation contract.0 
64093      DEBUG main            d.u.i.k.p.i.IntermediateProofReplayer Proof replay took 10.8ns 
64198      INFO  main            d.u.i.k.p.r.p.TestFile    ... finished proof: closed. 
64391      INFO  main            d.u.i.k.p.i.AbstractProblemLoader Loading environment from /home/runner/work/key/key/key.core/../key.ui/examples/heap/block_contracts/Simple__unnecessaryLoopInvariant.key.proof 
64391      DEBUG main            d.u.i.k.p.i.AbstractProblemLoader Environment load took 117.6ns 
64392      INFO  main            d.u.i.k.p.i.AbstractProblemLoader Creating init config 
67208      DEBUG main            d.u.i.k.p.i.AbstractProblemLoader Init config took 2.82s 
67247      INFO  main            d.u.i.k.p.i.AbstractProblemLoader Replaying proof Simple[Simple::unnecessaryLoopInvariant()].JML operation contract.0 
67259      DEBUG main            d.u.i.k.p.i.IntermediateProofReplayer Proof replay took 10.55ms 
67260      DEBUG main            d.u.i.k.p.r.p.TestFile    ... success: reloaded. 
67261      INFO  main            d.u.i.k.p.r.p.TestFile    Now processing file /home/runner/work/key/key/key.core/../key.ui/examples/standard_key/java_dl/jml-assert/assert.key 
67261      INFO  main            d.u.i.k.p.i.AbstractProblemLoader Loading environment from /home/runner/work/key/key/key.core/../key.ui/examples/standard_key/java_dl/jml-assert/assert.key 
67261      DEBUG main            d.u.i.k.p.i.AbstractProblemLoader Environment load took 99ns 
67262      INFO  main            d.u.i.k.p.i.AbstractProblemLoader Creating init config 
69860      DEBUG main            d.u.i.k.p.i.AbstractProblemLoader Init config took 2.6s 
69901      INFO  main            d.u.i.k.p.i.AbstractProblemLoader Replaying proof Assert[Assert::createArray(int)].JML normal_behavior operation contract.0 
69903      DEBUG main            d.u.i.k.p.i.IntermediateProofReplayer Proof replay took 6.6ns 
70105      INFO  main            d.u.i.k.p.r.p.TestFile    ... finished proof: closed. 
70304      INFO  main            d.u.i.k.p.i.AbstractProblemLoader Loading environment from /home/runner/work/key/key/key.core/../key.ui/examples/standard_key/java_dl/jml-assert/assert.key.proof 
70304      DEBUG main            d.u.i.k.p.i.AbstractProblemLoader Environment load took 135.6ns 
70305      INFO  main            d.u.i.k.p.i.AbstractProblemLoader Creating init config 
72747      DEBUG main            d.u.i.k.p.i.AbstractProblemLoader Init config took 2.44s 
72784      INFO  main            d.u.i.k.p.i.AbstractProblemLoader Replaying proof Assert[Assert::createArray(int)].JML normal_behavior operation contract.0 
72845      DEBUG main            d.u.i.k.p.i.IntermediateProofReplayer Proof replay took 58.61ms 
72846      DEBUG main            d.u.i.k.p.r.p.TestFile    ... success: reloaded. 
72847      INFO  main            d.u.i.k.p.r.p.TestFile    Now processing file /home/runner/work/key/key/key.core/../key.ui/examples/standard_key/java_dl/jml-assert/assert_assume_order.key 
72847      INFO  main            d.u.i.k.p.i.AbstractProblemLoader Loading environment from /home/runner/work/key/key/key.core/../key.ui/examples/standard_key/java_dl/jml-assert/assert_assume_order.key 
72847      DEBUG main            d.u.i.k.p.i.AbstractProblemLoader Environment load took 105.2ns 
72849      INFO  main            d.u.i.k.p.i.AbstractProblemLoader Creating init config 
75406      DEBUG main            d.u.i.k.p.i.AbstractProblemLoader Init config took 2.56s 
75452      INFO  main            d.u.i.k.p.i.AbstractProblemLoader Replaying proof AssertAssume[AssertAssume::singleAssumeAssert(int)].JML normal_behavior operation contract.0 
75454      DEBUG main            d.u.i.k.p.i.IntermediateProofReplayer Proof replay took 6.2ns 
75558      INFO  main            d.u.i.k.p.r.p.TestFile    ... finished proof: closed. 
75746      INFO  main            d.u.i.k.p.i.AbstractProblemLoader Loading environment from /home/runner/work/key/key/key.core/../key.ui/examples/standard_key/java_dl/jml-assert/assert_assume_order.key.proof 
75746      DEBUG main            d.u.i.k.p.i.AbstractProblemLoader Environment load took 124.3ns 
75747      INFO  main            d.u.i.k.p.i.AbstractProblemLoader Creating init config 
78185      DEBUG main            d.u.i.k.p.i.AbstractProblemLoader Init config took 2.44s 
78222      INFO  main            d.u.i.k.p.i.AbstractProblemLoader Replaying proof AssertAssume[AssertAssume::singleAssumeAssert(int)].JML normal_behavior operation contract.0 
78232      DEBUG main            d.u.i.k.p.i.IntermediateProofReplayer Proof replay took 7.69ms 
78233      DEBUG main            d.u.i.k.p.r.p.TestFile    ... success: reloaded. 
78234      INFO  main            d.u.i.k.p.r.p.TestFile    Now processing file /home/runner/work/key/key/key.core/../key.ui/examples/heap/block_loop_contracts/SimpleVariants/sum_onBlock_external.key 
78234      INFO  main            d.u.i.k.p.i.AbstractProblemLoader Loading environment from /home/runner/work/key/key/key.core/../key.ui/examples/heap/block_loop_contracts/SimpleVariants/sum_onBlock_external.key 
78234      DEBUG main            d.u.i.k.p.i.AbstractProblemLoader Environment load took 100ns 
78235      INFO  main            d.u.i.k.p.i.AbstractProblemLoader Creating init config 
81036      DEBUG main            d.u.i.k.p.i.AbstractProblemLoader Init config took 2.8s 
81071      INFO  main            d.u.i.k.p.i.AbstractProblemLoader Replaying proof LoopContractExamplesAll[LoopContractExamplesAll::sum_loopContract_onBlock([I)].JML normal_behavior operation contract.0 
81073      DEBUG main            d.u.i.k.p.i.IntermediateProofReplayer Proof replay took 11.6ns 
81178      INFO  main            d.u.i.k.p.r.p.TestFile    ... finished proof: closed. 
81419      INFO  main            d.u.i.k.p.i.AbstractProblemLoader Loading environment from /home/runner/work/key/key/key.core/../key.ui/examples/heap/block_loop_contracts/SimpleVariants/sum_onBlock_external.key.proof 
81420      DEBUG main            d.u.i.k.p.i.AbstractProblemLoader Environment load took 124.2ns 
81421      INFO  main            d.u.i.k.p.i.AbstractProblemLoader Creating init config 
84065      DEBUG main            d.u.i.k.p.i.AbstractProblemLoader Init config took 2.64s 
84100      INFO  main            d.u.i.k.p.i.AbstractProblemLoader Replaying proof LoopContractExamplesAll[LoopContractExamplesAll::sum_loopContract_onBlock([I)].JML normal_behavior operation contract.0 
84132      DEBUG main            d.u.i.k.p.i.IntermediateProofReplayer Proof replay took 29.76ms 
84132      DEBUG main            d.u.i.k.p.r.p.TestFile    ... success: reloaded. 
84133      INFO  main            d.u.i.k.p.r.p.TestFile    Now processing file /home/runner/work/key/key/key.core/../key.ui/examples/heap/block_loop_contracts/SimpleVariants/sum_onBlock_internal.key 
84133      INFO  main            d.u.i.k.p.i.AbstractProblemLoader Loading environment from /home/runner/work/key/key/key.core/../key.ui/examples/heap/block_loop_contracts/SimpleVariants/sum_onBlock_internal.key 
84134      DEBUG main            d.u.i.k.p.i.AbstractProblemLoader Environment load took 98.9ns 
84135      INFO  main            d.u.i.k.p.i.AbstractProblemLoader Creating init config 
86866      DEBUG main            d.u.i.k.p.i.AbstractProblemLoader Init config took 2.73s 
86900      INFO  main            d.u.i.k.p.i.AbstractProblemLoader Replaying proof LoopContractExamplesAll[LoopContractExamplesAll::sum_loopContract_onBlock([I)].JML normal_behavior operation contract.0 
86902      DEBUG main            d.u.i.k.p.i.IntermediateProofReplayer Proof replay took 11.9ns 
87605      INFO  main            d.u.i.k.p.r.p.TestFile    ... finished proof: closed. 
87852      INFO  main            d.u.i.k.p.i.AbstractProblemLoader Loading environment from /home/runner/work/key/key/key.core/../key.ui/examples/heap/block_loop_contracts/SimpleVariants/sum_onBlock_internal.key.proof 
87852      DEBUG main            d.u.i.k.p.i.AbstractProblemLoader Environment load took 121.9ns 
87857      INFO  main            d.u.i.k.p.i.AbstractProblemLoader Creating init config 
90522      DEBUG main            d.u.i.k.p.i.AbstractProblemLoader Init config took 2.67s 
90559      INFO  main            d.u.i.k.p.i.AbstractProblemLoader Replaying proof LoopContractExamplesAll[LoopContractExamplesAll::sum_loopContract_onBlock([I)].JML normal_behavior operation contract.0 
90814      DEBUG main            d.u.i.k.p.i.IntermediateProofReplayer Proof replay took 250.84ms 
90815      DEBUG main            d.u.i.k.p.r.p.TestFile    ... success: reloaded. 
90816      INFO  main            d.u.i.k.p.r.p.TestFile    Now processing file /home/runner/work/key/key/key.core/../key.ui/examples/heap/block_loop_contracts/SimpleVariants/sum_onBlock_loop.key 
90816      INFO  main            d.u.i.k.p.i.AbstractProblemLoader Loading environment from /home/runner/work/key/key/key.core/../key.ui/examples/heap/block_loop_contracts/SimpleVariants/sum_onBlock_loop.key 
90817      DEBUG main            d.u.i.k.p.i.AbstractProblemLoader Environment load took 228.6ns 
90818      INFO  main            d.u.i.k.p.i.AbstractProblemLoader Creating init config 
93556      DEBUG main            d.u.i.k.p.i.AbstractProblemLoader Init config took 2.74s 
93592      INFO  main            d.u.i.k.p.i.AbstractProblemLoader Replaying proof LoopContractExamplesAll[LoopContractExamplesAll::sum_loopContract_onBlock([I)].JML normal_behavior loop contract.0 
93594      DEBUG main            d.u.i.k.p.i.IntermediateProofReplayer Proof replay took 9.9ns 
94400      INFO  main            d.u.i.k.p.r.p.TestFile    ... finished proof: closed. 
94676      INFO  main            d.u.i.k.p.i.AbstractProblemLoader Loading environment from /home/runner/work/key/key/key.core/../key.ui/examples/heap/block_loop_contracts/SimpleVariants/sum_onBlock_loop.key.proof 
94676      DEBUG main            d.u.i.k.p.i.AbstractProblemLoader Environment load took 466.11ns 
94677      INFO  main            d.u.i.k.p.i.AbstractProblemLoader Creating init config 
97332      DEBUG main            d.u.i.k.p.i.AbstractProblemLoader Init config took 2.65s 
97366      INFO  main            d.u.i.k.p.i.AbstractProblemLoader Replaying proof LoopContractExamplesAll[LoopContractExamplesAll::sum_loopContract_onBlock([I)].JML normal_behavior loop contract.0 
97601      DEBUG main            d.u.i.k.p.i.IntermediateProofReplayer Proof replay took 230.77ms 
97602      DEBUG main            d.u.i.k.p.r.p.TestFile    ... success: reloaded. 
97603      INFO  main            d.u.i.k.p.r.p.TestFile    Now processing file /home/runner/work/key/key/key.core/../key.ui/examples/heap/block_loop_contracts/SimpleVariants/sum_onLoop_external.key 
97604      INFO  main            d.u.i.k.p.i.AbstractProblemLoader Loading environment from /home/runner/work/key/key/key.core/../key.ui/examples/heap/block_loop_contracts/SimpleVariants/sum_onLoop_external.key 
97604      DEBUG main            d.u.i.k.p.i.AbstractProblemLoader Environment load took 219.6ns 
97605      INFO  main            d.u.i.k.p.i.AbstractProblemLoader Creating init config 
100298     DEBUG main            d.u.i.k.p.i.AbstractProblemLoader Init config took 2.69s 
100331     INFO  main            d.u.i.k.p.i.AbstractProblemLoader Replaying proof LoopContractExamplesAll[LoopContractExamplesAll::sum_loopContract_onLoop([I)].JML normal_behavior operation contract.0 
100333     DEBUG main            d.u.i.k.p.i.IntermediateProofReplayer Proof replay took 11.2ns 
100439     INFO  main            d.u.i.k.p.r.p.TestFile    ... finished proof: closed. 
100720     INFO  main            d.u.i.k.p.i.AbstractProblemLoader Loading environment from /home/runner/work/key/key/key.core/../key.ui/examples/heap/block_loop_contracts/SimpleVariants/sum_onLoop_external.key.proof 
100720     DEBUG main            d.u.i.k.p.i.AbstractProblemLoader Environment load took 116.1ns 
100721     INFO  main            d.u.i.k.p.i.AbstractProblemLoader Creating init config 
103360     DEBUG main            d.u.i.k.p.i.AbstractProblemLoader Init config took 2.64s 
103394     INFO  main            d.u.i.k.p.i.AbstractProblemLoader Replaying proof LoopContractExamplesAll[LoopContractExamplesAll::sum_loopContract_onLoop([I)].JML normal_behavior operation contract.0 
103423     DEBUG main            d.u.i.k.p.i.IntermediateProofReplayer Proof replay took 27.67ms 
103424     DEBUG main            d.u.i.k.p.r.p.TestFile    ... success: reloaded. 
103425     INFO  main            d.u.i.k.p.r.p.TestFile    Now processing file /home/runner/work/key/key/key.core/../key.ui/examples/heap/block_loop_contracts/SimpleVariants/sum_onLoop_internal.key 
103425     INFO  main            d.u.i.k.p.i.AbstractProblemLoader Loading environment from /home/runner/work/key/key/key.core/../key.ui/examples/heap/block_loop_contracts/SimpleVariants/sum_onLoop_internal.key 
103425     DEBUG main            d.u.i.k.p.i.AbstractProblemLoader Environment load took 93.4ns 
103426     INFO  main            d.u.i.k.p.i.AbstractProblemLoader Creating init config 
106145     DEBUG main            d.u.i.k.p.i.AbstractProblemLoader Init config took 2.72s 
106179     INFO  main            d.u.i.k.p.i.AbstractProblemLoader Replaying proof LoopContractExamplesAll[LoopContractExamplesAll::sum_loopContract_onLoop([I)].JML normal_behavior operation contract.0 
106180     DEBUG main            d.u.i.k.p.i.IntermediateProofReplayer Proof replay took 11.4ns 
106884     INFO  main            d.u.i.k.p.r.p.TestFile    ... finished proof: closed. 
107128     INFO  main            d.u.i.k.p.i.AbstractProblemLoader Loading environment from /home/runner/work/key/key/key.core/../key.ui/examples/heap/block_loop_contracts/SimpleVariants/sum_onLoop_internal.key.proof 
107128     DEBUG main            d.u.i.k.p.i.AbstractProblemLoader Environment load took 118.8ns 
107129     INFO  main            d.u.i.k.p.i.AbstractProblemLoader Creating init config 
109760     DEBUG main            d.u.i.k.p.i.AbstractProblemLoader Init config took 2.63s 
109804     INFO  main            d.u.i.k.p.i.AbstractProblemLoader Replaying proof LoopContractExamplesAll[LoopContractExamplesAll::sum_loopContract_onLoop([I)].JML normal_behavior operation contract.0 
110022     DEBUG main            d.u.i.k.p.i.IntermediateProofReplayer Proof replay took 214.23ms 
110022     DEBUG main            d.u.i.k.p.r.p.TestFile    ... success: reloaded. 
110023     INFO  main            d.u.i.k.p.r.p.TestFile    Now processing file /home/runner/work/key/key/key.core/../key.ui/examples/heap/block_loop_contracts/SimpleVariants/sum_onLoop_loop.key 
110024     INFO  main            d.u.i.k.p.i.AbstractProblemLoader Loading environment from /home/runner/work/key/key/key.core/../key.ui/examples/heap/block_loop_contracts/SimpleVariants/sum_onLoop_loop.key 
110024     DEBUG main            d.u.i.k.p.i.AbstractProblemLoader Environment load took 85.3ns 
110025     INFO  main            d.u.i.k.p.i.AbstractProblemLoader Creating init config 
112763     DEBUG main            d.u.i.k.p.i.AbstractProblemLoader Init config took 2.74s 
112797     INFO  main            d.u.i.k.p.i.AbstractProblemLoader Replaying proof LoopContractExamplesAll[LoopContractExamplesAll::sum_loopContract_onLoop([I)].JML normal_behavior loop contract.0 
112799     DEBUG main            d.u.i.k.p.i.IntermediateProofReplayer Proof replay took 11.3ns 
113503     INFO  main            d.u.i.k.p.r.p.TestFile    ... finished proof: closed. 
113788     INFO  main            d.u.i.k.p.i.AbstractProblemLoader Loading environment from /home/runner/work/key/key/key.core/../key.ui/examples/heap/block_loop_contracts/SimpleVariants/sum_onLoop_loop.key.proof 
113788     DEBUG main            d.u.i.k.p.i.AbstractProblemLoader Environment load took 191.7ns 
113789     INFO  main            d.u.i.k.p.i.AbstractProblemLoader Creating init config 
116429     DEBUG main            d.u.i.k.p.i.AbstractProblemLoader Init config took 2.64s 
116463     INFO  main            d.u.i.k.p.i.AbstractProblemLoader Replaying proof LoopContractExamplesAll[LoopContractExamplesAll::sum_loopContract_onLoop([I)].JML normal_behavior loop contract.0 
116692     DEBUG main            d.u.i.k.p.i.IntermediateProofReplayer Proof replay took 226.27ms 
116693     DEBUG main            d.u.i.k.p.r.p.TestFile    ... success: reloaded. 
116694     INFO  main            d.u.i.k.p.r.p.TestFile    Now processing file /home/runner/work/key/key/key.core/../key.ui/examples/heap/block_loop_contracts/Free/blockContracts0.key 
116694     INFO  main            d.u.i.k.p.i.AbstractProblemLoader Loading environment from /home/runner/work/key/key/key.core/../key.ui/examples/heap/block_loop_contracts/Free/blockContracts0.key 
116695     DEBUG main            d.u.i.k.p.i.AbstractProblemLoader Environment load took 90.1ns 
116695     INFO  main            d.u.i.k.p.i.AbstractProblemLoader Creating init config 
119113     DEBUG main            d.u.i.k.p.i.AbstractProblemLoader Init config took 2.42s 
119146     INFO  main            d.u.i.k.p.i.AbstractProblemLoader Replaying proof FreeConditions[FreeConditions::blockContract0()].JML normal_behavior operation contract.0 
119147     DEBUG main            d.u.i.k.p.i.IntermediateProofReplayer Proof replay took 10.4ns 
119249     INFO  main            d.u.i.k.p.r.p.TestFile    ... finished proof: closed. 
119527     INFO  main            d.u.i.k.p.i.AbstractProblemLoader Loading environment from /home/runner/work/key/key/key.core/../key.ui/examples/heap/block_loop_contracts/Free/blockContracts0.key.proof 
119527     DEBUG main            d.u.i.k.p.i.AbstractProblemLoader Environment load took 121.9ns 
119528     INFO  main            d.u.i.k.p.i.AbstractProblemLoader Creating init config 
121820     DEBUG main            d.u.i.k.p.i.AbstractProblemLoader Init config took 2.29s 
121852     INFO  main            d.u.i.k.p.i.AbstractProblemLoader Replaying proof FreeConditions[FreeConditions::blockContract0()].JML normal_behavior operation contract.0 
121873     DEBUG main            d.u.i.k.p.i.IntermediateProofReplayer Proof replay took 19.16ms 
121874     DEBUG main            d.u.i.k.p.r.p.TestFile    ... success: reloaded. 
121875     INFO  main            d.u.i.k.p.r.p.TestFile    Now processing file /home/runner/work/key/key/key.core/../key.ui/examples/heap/block_loop_contracts/Free/blockContracts1.key 
121875     INFO  main            d.u.i.k.p.i.AbstractProblemLoader Loading environment from /home/runner/work/key/key/key.core/../key.ui/examples/heap/block_loop_contracts/Free/blockContracts1.key 
121875     DEBUG main            d.u.i.k.p.i.AbstractProblemLoader Environment load took 92.2ns 
121876     INFO  main            d.u.i.k.p.i.AbstractProblemLoader Creating init config 
124221     DEBUG main            d.u.i.k.p.i.AbstractProblemLoader Init config took 2.34s 
124254     INFO  main            d.u.i.k.p.i.AbstractProblemLoader Replaying proof FreeConditions[FreeConditions::blockContract1()].JML normal_behavior operation contract.0 
124255     DEBUG main            d.u.i.k.p.i.IntermediateProofReplayer Proof replay took 11.6ns 
124359     INFO  main            d.u.i.k.p.r.p.TestFile    ... finished proof: closed. 
124619     INFO  main            d.u.i.k.p.i.AbstractProblemLoader Loading environment from /home/runner/work/key/key/key.core/../key.ui/examples/heap/block_loop_contracts/Free/blockContracts1.key.proof 
124619     DEBUG main            d.u.i.k.p.i.AbstractProblemLoader Environment load took 109.9ns 
124620     INFO  main            d.u.i.k.p.i.AbstractProblemLoader Creating init config 
126926     DEBUG main            d.u.i.k.p.i.AbstractProblemLoader Init config took 2.31s 
126960     INFO  main            d.u.i.k.p.i.AbstractProblemLoader Replaying proof FreeConditions[FreeConditions::blockContract1()].JML normal_behavior operation contract.0 
126978     DEBUG main            d.u.i.k.p.i.IntermediateProofReplayer Proof replay took 16.21ms 
126978     DEBUG main            d.u.i.k.p.r.p.TestFile    ... success: reloaded. 
126979     INFO  main            d.u.i.k.p.r.p.TestFile    Now processing file /home/runner/work/key/key/key.core/../key.ui/examples/heap/block_loop_contracts/Finally/block_finally.key 
126979     INFO  main            d.u.i.k.p.i.AbstractProblemLoader Loading environment from /home/runner/work/key/key/key.core/../key.ui/examples/heap/block_loop_contracts/Finally/block_finally.key 
126980     DEBUG main            d.u.i.k.p.i.AbstractProblemLoader Environment load took 95.9ns 
126980     INFO  main            d.u.i.k.p.i.AbstractProblemLoader Creating init config 
129375     DEBUG main            d.u.i.k.p.i.AbstractProblemLoader Init config took 2.39s 
129410     INFO  main            d.u.i.k.p.i.AbstractProblemLoader Replaying proof AuxiliaryContractsFinally[AuxiliaryContractsFinally::breakThrowContinueBlockContract(java.lang.Exception)].JML block contract.0 
129412     DEBUG main            d.u.i.k.p.i.IntermediateProofReplayer Proof replay took 11.8ns 
130018     INFO  main            d.u.i.k.p.r.p.TestFile    ... finished proof: open goal(s) 
130339     INFO  main            d.u.i.k.p.r.p.TestFile    Now processing file /home/runner/work/key/key/key.core/../key.ui/examples/heap/block_loop_contracts/Finally/loop_finally.key 
130339     INFO  main            d.u.i.k.p.i.AbstractProblemLoader Loading environment from /home/runner/work/key/key/key.core/../key.ui/examples/heap/block_loop_contracts/Finally/loop_finally.key 
130339     DEBUG main            d.u.i.k.p.i.AbstractProblemLoader Environment load took 478.21ns 
130341     INFO  main            d.u.i.k.p.i.AbstractProblemLoader Creating init config 
132660     DEBUG main            d.u.i.k.p.i.AbstractProblemLoader Init config took 2.32s 
132696     INFO  main            d.u.i.k.p.i.AbstractProblemLoader Replaying proof AuxiliaryContractsFinally[AuxiliaryContractsFinally::breakThrowContinueLoopContract(java.lang.Exception)].JML normal_behavior loop contract.0 
132698     DEBUG main            d.u.i.k.p.i.IntermediateProofReplayer Proof replay took 10.7ns 
133310     INFO  main            d.u.i.k.p.r.p.TestFile    ... finished proof: open goal(s) 
623145     INFO  Test worker     d.u.i.k.p.r.RunAllProofsTestUnit Returning from test blockContracts 
623146     INFO  Test worker     d.u.i.k.p.r.RunAllProofsTestUnit Running test jmlAsserts 
311        INFO  Timeout watchdog d.u.i.k.p.r.p.ForkedTestFileRunner Timeout watcher launched (2000 secs.) 
324        WARN  main            d.u.i.k.s.ProofSettings   The settings in /home/runner/.key/proof-settings.props are *not* read. 
370        INFO  main            d.u.i.k.p.r.p.TestFile    Now processing file /home/runner/work/key/key/key.core/../key.ui/examples/standard_key/java_dl/jml-assert/assert.key 
491        INFO  main            d.u.i.k.p.i.AbstractProblemLoader Loading environment from /home/runner/work/key/key/key.core/../key.ui/examples/standard_key/java_dl/jml-assert/assert.key 
514        DEBUG main            d.u.i.k.p.i.AbstractProblemLoader Environment load took 2.19ms 
727        INFO  main            d.u.i.k.p.i.AbstractProblemLoader Creating init config 
1572       DEBUG main            d.u.i.k.j.TypeConverter   No LDT found for Meta 
1574       DEBUG main            d.u.i.k.j.TypeConverter   No LDT found for Meta 
1576       DEBUG main            d.u.i.k.j.TypeConverter   No LDT found for Meta 
1577       DEBUG main            d.u.i.k.j.TypeConverter   No LDT found for Meta 
2883       DEBUG main            d.u.i.k.j.TypeConverter   No LDT found for JavaBigintExpression 
7801       DEBUG main            d.u.i.k.p.i.AbstractProblemLoader Init config took 7.07s 
7924       INFO  main            d.u.i.k.p.i.AbstractProblemLoader Replaying proof Assert[Assert::createArray(int)].JML normal_behavior operation contract.0 
7957       DEBUG main            d.u.i.k.p.i.IntermediateProofReplayer Proof replay took 30.1ns 
8886       INFO  main            d.u.i.k.p.r.p.TestFile    ... finished proof: closed. 
9010       INFO  main            d.u.i.k.p.i.AbstractProblemLoader Loading environment from /home/runner/work/key/key/key.core/../key.ui/examples/standard_key/java_dl/jml-assert/assert.key.proof 
9011       DEBUG main            d.u.i.k.p.i.AbstractProblemLoader Environment load took 2.45ms 
9015       INFO  main            d.u.i.k.p.i.AbstractProblemLoader Creating init config 
11831      DEBUG main            d.u.i.k.p.i.AbstractProblemLoader Init config took 2.82s 
11930      INFO  main            d.u.i.k.p.i.AbstractProblemLoader Replaying proof Assert[Assert::createArray(int)].JML normal_behavior operation contract.0 
12072      DEBUG main            d.u.i.k.p.i.IntermediateProofReplayer Proof replay took 129.61ms 
12079      DEBUG main            d.u.i.k.p.r.p.TestFile    ... success: reloaded. 
12081      INFO  main            d.u.i.k.p.r.p.TestFile    Now processing file /home/runner/work/key/key/key.core/../key.ui/examples/heap/block_loop_contracts/Free/assertions0.key 
12082      INFO  main            d.u.i.k.p.i.AbstractProblemLoader Loading environment from /home/runner/work/key/key/key.core/../key.ui/examples/heap/block_loop_contracts/Free/assertions0.key 
12082      DEBUG main            d.u.i.k.p.i.AbstractProblemLoader Environment load took 250ns 
12083      INFO  main            d.u.i.k.p.i.AbstractProblemLoader Creating init config 
14654      DEBUG main            d.u.i.k.p.i.AbstractProblemLoader Init config took 2.57s 
14709      INFO  main            d.u.i.k.p.i.AbstractProblemLoader Replaying proof FreeConditions[FreeConditions::assertions0()].JML normal_behavior operation contract.0 
14713      DEBUG main            d.u.i.k.p.i.IntermediateProofReplayer Proof replay took 22.5ns 
14815      INFO  main            d.u.i.k.p.r.p.TestFile    ... finished proof: closed. 
14978      INFO  main            d.u.i.k.p.i.AbstractProblemLoader Loading environment from /home/runner/work/key/key/key.core/../key.ui/examples/heap/block_loop_contracts/Free/assertions0.key.proof 
14978      DEBUG main            d.u.i.k.p.i.AbstractProblemLoader Environment load took 134.5ns 
14979      INFO  main            d.u.i.k.p.i.AbstractProblemLoader Creating init config 
17445      DEBUG main            d.u.i.k.p.i.AbstractProblemLoader Init config took 2.47s 
17494      INFO  main            d.u.i.k.p.i.AbstractProblemLoader Replaying proof FreeConditions[FreeConditions::assertions0()].JML normal_behavior operation contract.0 
17518      DEBUG main            d.u.i.k.p.i.IntermediateProofReplayer Proof replay took 21.84ms 
17520      DEBUG main            d.u.i.k.p.r.p.TestFile    ... success: reloaded. 
17521      INFO  main            d.u.i.k.p.r.p.TestFile    Now processing file /home/runner/work/key/key/key.core/../key.ui/examples/heap/block_loop_contracts/Free/assertions1.key 
17522      INFO  main            d.u.i.k.p.i.AbstractProblemLoader Loading environment from /home/runner/work/key/key/key.core/../key.ui/examples/heap/block_loop_contracts/Free/assertions1.key 
17522      DEBUG main            d.u.i.k.p.i.AbstractProblemLoader Environment load took 262.11ns 
17523      INFO  main            d.u.i.k.p.i.AbstractProblemLoader Creating init config 
20003      DEBUG main            d.u.i.k.p.i.AbstractProblemLoader Init config took 2.48s 
20057      INFO  main            d.u.i.k.p.i.AbstractProblemLoader Replaying proof FreeConditions[FreeConditions::assertions1()].JML normal_behavior operation contract.0 
20061      DEBUG main            d.u.i.k.p.i.IntermediateProofReplayer Proof replay took 20.8ns 
20163      INFO  main            d.u.i.k.p.r.p.TestFile    ... finished proof: closed. 
20311      INFO  main            d.u.i.k.p.i.AbstractProblemLoader Loading environment from /home/runner/work/key/key/key.core/../key.ui/examples/heap/block_loop_contracts/Free/assertions1.key.proof 
20311      DEBUG main            d.u.i.k.p.i.AbstractProblemLoader Environment load took 129.8ns 
20313      INFO  main            d.u.i.k.p.i.AbstractProblemLoader Creating init config 
22729      DEBUG main            d.u.i.k.p.i.AbstractProblemLoader Init config took 2.42s 
22789      INFO  main            d.u.i.k.p.i.AbstractProblemLoader Replaying proof FreeConditions[FreeConditions::assertions1()].JML normal_behavior operation contract.0 
22804      DEBUG main            d.u.i.k.p.i.IntermediateProofReplayer Proof replay took 9.24ms 
22805      DEBUG main            d.u.i.k.p.r.p.TestFile    ... success: reloaded. 
22806      INFO  main            d.u.i.k.p.r.p.TestFile    Now processing file /home/runner/work/key/key/key.core/../key.ui/examples/standard_key/java_dl/jml-assert/recursion-assert.key 
22806      INFO  main            d.u.i.k.p.i.AbstractProblemLoader Loading environment from /home/runner/work/key/key/key.core/../key.ui/examples/standard_key/java_dl/jml-assert/recursion-assert.key 
22807      DEBUG main            d.u.i.k.p.i.AbstractProblemLoader Environment load took 242.4ns 
22808      INFO  main            d.u.i.k.p.i.AbstractProblemLoader Creating init config 
25345      DEBUG main            d.u.i.k.p.i.AbstractProblemLoader Init config took 2.54s 
25390      INFO  main            d.u.i.k.p.i.AbstractProblemLoader Replaying proof RecursiveMethod[RecursiveMethod::fac1(int)].JML normal_behavior operation contract.0 
25393      DEBUG main            d.u.i.k.p.i.IntermediateProofReplayer Proof replay took 6.4ns 
25595      INFO  main            d.u.i.k.p.r.p.TestFile    ... finished proof: closed. 
25739      INFO  main            d.u.i.k.p.i.AbstractProblemLoader Loading environment from /home/runner/work/key/key/key.core/../key.ui/examples/standard_key/java_dl/jml-assert/recursion-assert.key.proof 
25739      DEBUG main            d.u.i.k.p.i.AbstractProblemLoader Environment load took 123.4ns 
25740      INFO  main            d.u.i.k.p.i.AbstractProblemLoader Creating init config 
28270      DEBUG main            d.u.i.k.p.i.AbstractProblemLoader Init config took 2.53s 
28316      INFO  main            d.u.i.k.p.i.AbstractProblemLoader Replaying proof RecursiveMethod[RecursiveMethod::fac1(int)].JML normal_behavior operation contract.0 
28358      DEBUG main            d.u.i.k.p.i.IntermediateProofReplayer Proof replay took 38.64ms 
28359      DEBUG main            d.u.i.k.p.r.p.TestFile    ... success: reloaded. 
28360      INFO  main            d.u.i.k.p.r.p.TestFile    Now processing file /home/runner/work/key/key/key.core/../key.ui/examples/standard_key/java_dl/jml-assert/recursion-assume.key 
28360      INFO  main            d.u.i.k.p.i.AbstractProblemLoader Loading environment from /home/runner/work/key/key/key.core/../key.ui/examples/standard_key/java_dl/jml-assert/recursion-assume.key 
28361      DEBUG main            d.u.i.k.p.i.AbstractProblemLoader Environment load took 263.5ns 
28362      INFO  main            d.u.i.k.p.i.AbstractProblemLoader Creating init config 
30906      DEBUG main            d.u.i.k.p.i.AbstractProblemLoader Init config took 2.54s 
30948      INFO  main            d.u.i.k.p.i.AbstractProblemLoader Replaying proof RecursiveMethod[RecursiveMethod::fac2(int)].JML normal_behavior operation contract.0 
30950      DEBUG main            d.u.i.k.p.i.IntermediateProofReplayer Proof replay took 5.5ns 
31153      INFO  main            d.u.i.k.p.r.p.TestFile    ... finished proof: closed. 
31320      INFO  main            d.u.i.k.p.i.AbstractProblemLoader Loading environment from /home/runner/work/key/key/key.core/../key.ui/examples/standard_key/java_dl/jml-assert/recursion-assume.key.proof 
31320      DEBUG main            d.u.i.k.p.i.AbstractProblemLoader Environment load took 127.3ns 
31322      INFO  main            d.u.i.k.p.i.AbstractProblemLoader Creating init config 
33785      DEBUG main            d.u.i.k.p.i.AbstractProblemLoader Init config took 2.46s 
33839      INFO  main            d.u.i.k.p.i.AbstractProblemLoader Replaying proof RecursiveMethod[RecursiveMethod::fac2(int)].JML normal_behavior operation contract.0 
33876      DEBUG main            d.u.i.k.p.i.IntermediateProofReplayer Proof replay took 34.47ms 
33878      DEBUG main            d.u.i.k.p.r.p.TestFile    ... success: reloaded. 
33879      INFO  main            d.u.i.k.p.r.p.TestFile    Now processing file /home/runner/work/key/key/key.core/../key.ui/examples/standard_key/java_dl/jml-assert/quantor-assert.key 
33879      INFO  main            d.u.i.k.p.i.AbstractProblemLoader Loading environment from /home/runner/work/key/key/key.core/../key.ui/examples/standard_key/java_dl/jml-assert/quantor-assert.key 
33879      DEBUG main            d.u.i.k.p.i.AbstractProblemLoader Environment load took 246.7ns 
33880      INFO  main            d.u.i.k.p.i.AbstractProblemLoader Creating init config 
36389      DEBUG main            d.u.i.k.p.i.AbstractProblemLoader Init config took 2.51s 
36429      INFO  main            d.u.i.k.p.i.AbstractProblemLoader Replaying proof Quantor[Quantor::square1(int)].JML normal_behavior operation contract.0 
36431      DEBUG main            d.u.i.k.p.i.IntermediateProofReplayer Proof replay took 6.7ns 
36534      INFO  main            d.u.i.k.p.r.p.TestFile    ... finished proof: closed. 
36706      INFO  main            d.u.i.k.p.i.AbstractProblemLoader Loading environment from /home/runner/work/key/key/key.core/../key.ui/examples/standard_key/java_dl/jml-assert/quantor-assert.key.proof 
36706      DEBUG main            d.u.i.k.p.i.AbstractProblemLoader Environment load took 139.3ns 
36707      INFO  main            d.u.i.k.p.i.AbstractProblemLoader Creating init config 
39147      DEBUG main            d.u.i.k.p.i.AbstractProblemLoader Init config took 2.44s 
39186      INFO  main            d.u.i.k.p.i.AbstractProblemLoader Replaying proof Quantor[Quantor::square1(int)].JML normal_behavior operation contract.0 
39203      DEBUG main            d.u.i.k.p.i.IntermediateProofReplayer Proof replay took 15.17ms 
39205      DEBUG main            d.u.i.k.p.r.p.TestFile    ... success: reloaded. 
39206      INFO  main            d.u.i.k.p.r.p.TestFile    Now processing file /home/runner/work/key/key/key.core/../key.ui/examples/standard_key/java_dl/jml-assert/quantor-assume.key 
39206      INFO  main            d.u.i.k.p.i.AbstractProblemLoader Loading environment from /home/runner/work/key/key/key.core/../key.ui/examples/standard_key/java_dl/jml-assert/quantor-assume.key 
39206      DEBUG main            d.u.i.k.p.i.AbstractProblemLoader Environment load took 230.5ns 
39207      INFO  main            d.u.i.k.p.i.AbstractProblemLoader Creating init config 
41718      DEBUG main            d.u.i.k.p.i.AbstractProblemLoader Init config took 2.51s 
41755      INFO  main            d.u.i.k.p.i.AbstractProblemLoader Replaying proof Quantor[Quantor::square2(int)].JML normal_behavior operation contract.0 
41757      DEBUG main            d.u.i.k.p.i.IntermediateProofReplayer Proof replay took 6.7ns 
41859      INFO  main            d.u.i.k.p.r.p.TestFile    ... finished proof: closed. 
42061      INFO  main            d.u.i.k.p.i.AbstractProblemLoader Loading environment from /home/runner/work/key/key/key.core/../key.ui/examples/standard_key/java_dl/jml-assert/quantor-assume.key.proof 
42062      DEBUG main            d.u.i.k.p.i.AbstractProblemLoader Environment load took 123.1ns 
42063      INFO  main            d.u.i.k.p.i.AbstractProblemLoader Creating init config 
44490      DEBUG main            d.u.i.k.p.i.AbstractProblemLoader Init config took 2.43s 
44528      INFO  main            d.u.i.k.p.i.AbstractProblemLoader Replaying proof Quantor[Quantor::square2(int)].JML normal_behavior operation contract.0 
44543      DEBUG main            d.u.i.k.p.i.IntermediateProofReplayer Proof replay took 13.3ms 
44544      DEBUG main            d.u.i.k.p.r.p.TestFile    ... success: reloaded. 
44545      INFO  main            d.u.i.k.p.r.p.TestFile    Now processing file /home/runner/work/key/key/key.core/../key.ui/examples/standard_key/java_dl/jml-assert/model-methods-static-static.key 
44546      INFO  main            d.u.i.k.p.i.AbstractProblemLoader Loading environment from /home/runner/work/key/key/key.core/../key.ui/examples/standard_key/java_dl/jml-assert/model-methods-static-static.key 
44546      DEBUG main            d.u.i.k.p.i.AbstractProblemLoader Environment load took 101ns 
44546      INFO  main            d.u.i.k.p.i.AbstractProblemLoader Creating init config 
47062      DEBUG main            d.u.i.k.p.i.AbstractProblemLoader Init config took 2.52s 
47098      INFO  main            d.u.i.k.p.i.AbstractProblemLoader Replaying proof ModelMethods[ModelMethods::test1()].JML normal_behavior operation contract.0 
47099      DEBUG main            d.u.i.k.p.i.IntermediateProofReplayer Proof replay took 6.1ns 
47202      INFO  main            d.u.i.k.p.r.p.TestFile    ... finished proof: closed. 
47394      INFO  main            d.u.i.k.p.i.AbstractProblemLoader Loading environment from /home/runner/work/key/key/key.core/../key.ui/examples/standard_key/java_dl/jml-assert/model-methods-static-static.key.proof 
47394      DEBUG main            d.u.i.k.p.i.AbstractProblemLoader Environment load took 220ns 
47395      INFO  main            d.u.i.k.p.i.AbstractProblemLoader Creating init config 
49803      DEBUG main            d.u.i.k.p.i.AbstractProblemLoader Init config took 2.41s 
49847      INFO  main            d.u.i.k.p.i.AbstractProblemLoader Replaying proof ModelMethods[ModelMethods::test1()].JML normal_behavior operation contract.0 
49855      DEBUG main            d.u.i.k.p.i.IntermediateProofReplayer Proof replay took 6.69ms 
49856      DEBUG main            d.u.i.k.p.r.p.TestFile    ... success: reloaded. 
49857      INFO  main            d.u.i.k.p.r.p.TestFile    Now processing file /home/runner/work/key/key/key.core/../key.ui/examples/standard_key/java_dl/jml-assert/model-methods-instance-static.key 
49857      INFO  main            d.u.i.k.p.i.AbstractProblemLoader Loading environment from /home/runner/work/key/key/key.core/../key.ui/examples/standard_key/java_dl/jml-assert/model-methods-instance-static.key 
49857      DEBUG main            d.u.i.k.p.i.AbstractProblemLoader Environment load took 132.8ns 
49858      INFO  main            d.u.i.k.p.i.AbstractProblemLoader Creating init config 
52327      DEBUG main            d.u.i.k.p.i.AbstractProblemLoader Init config took 2.47s 
52366      INFO  main            d.u.i.k.p.i.AbstractProblemLoader Replaying proof ModelMethods[ModelMethods::test2()].JML normal_behavior operation contract.0 
52367      DEBUG main            d.u.i.k.p.i.IntermediateProofReplayer Proof replay took 6.1ns 
52469      INFO  main            d.u.i.k.p.r.p.TestFile    ... finished proof: closed. 
52670      INFO  main            d.u.i.k.p.i.AbstractProblemLoader Loading environment from /home/runner/work/key/key/key.core/../key.ui/examples/standard_key/java_dl/jml-assert/model-methods-instance-static.key.proof 
52670      DEBUG main            d.u.i.k.p.i.AbstractProblemLoader Environment load took 169.9ns 
52671      INFO  main            d.u.i.k.p.i.AbstractProblemLoader Creating init config 
55063      DEBUG main            d.u.i.k.p.i.AbstractProblemLoader Init config took 2.39s 
55112      INFO  main            d.u.i.k.p.i.AbstractProblemLoader Replaying proof ModelMethods[ModelMethods::test2()].JML normal_behavior operation contract.0 
55123      DEBUG main            d.u.i.k.p.i.IntermediateProofReplayer Proof replay took 8.78ms 
55124      DEBUG main            d.u.i.k.p.r.p.TestFile    ... success: reloaded. 
55125      INFO  main            d.u.i.k.p.r.p.TestFile    Now processing file /home/runner/work/key/key/key.core/../key.ui/examples/standard_key/java_dl/jml-assert/model-methods-instance-instance.key 
55125      INFO  main            d.u.i.k.p.i.AbstractProblemLoader Loading environment from /home/runner/work/key/key/key.core/../key.ui/examples/standard_key/java_dl/jml-assert/model-methods-instance-instance.key 
55125      DEBUG main            d.u.i.k.p.i.AbstractProblemLoader Environment load took 100.2ns 
55126      INFO  main            d.u.i.k.p.i.AbstractProblemLoader Creating init config 
57592      DEBUG main            d.u.i.k.p.i.AbstractProblemLoader Init config took 2.47s 
57635      INFO  main            d.u.i.k.p.i.AbstractProblemLoader Replaying proof ModelMethods[ModelMethods::test3()].JML normal_behavior operation contract.0 
57637      DEBUG main            d.u.i.k.p.i.IntermediateProofReplayer Proof replay took 7.1ns 
57742      INFO  main            d.u.i.k.p.r.p.TestFile    ... finished proof: closed. 
57935      INFO  main            d.u.i.k.p.i.AbstractProblemLoader Loading environment from /home/runner/work/key/key/key.core/../key.ui/examples/standard_key/java_dl/jml-assert/model-methods-instance-instance.key.proof 
57935      DEBUG main            d.u.i.k.p.i.AbstractProblemLoader Environment load took 116.9ns 
57936      INFO  main            d.u.i.k.p.i.AbstractProblemLoader Creating init config 
60340      DEBUG main            d.u.i.k.p.i.AbstractProblemLoader Init config took 2.4s 
60375      INFO  main            d.u.i.k.p.i.AbstractProblemLoader Replaying proof ModelMethods[ModelMethods::test3()].JML normal_behavior operation contract.0 
60387      DEBUG main            d.u.i.k.p.i.IntermediateProofReplayer Proof replay took 10.47ms 
60389      DEBUG main            d.u.i.k.p.r.p.TestFile    ... success: reloaded. 
60390      INFO  main            d.u.i.k.p.r.p.TestFile    Now processing file /home/runner/work/key/key/key.core/../key.ui/examples/standard_key/java_dl/jml-assert/model-methods-static-instance.key 
60390      INFO  main            d.u.i.k.p.i.AbstractProblemLoader Loading environment from /home/runner/work/key/key/key.core/../key.ui/examples/standard_key/java_dl/jml-assert/model-methods-static-instance.key 
60390      DEBUG main            d.u.i.k.p.i.AbstractProblemLoader Environment load took 227.3ns 
60391      INFO  main            d.u.i.k.p.i.AbstractProblemLoader Creating init config 
62851      DEBUG main            d.u.i.k.p.i.AbstractProblemLoader Init config took 2.46s 
62885      INFO  main            d.u.i.k.p.i.AbstractProblemLoader Replaying proof ModelMethods[ModelMethods::test4()].JML normal_behavior operation contract.0 
62887      DEBUG main            d.u.i.k.p.i.IntermediateProofReplayer Proof replay took 5.9ns 
62989      INFO  main            d.u.i.k.p.r.p.TestFile    ... finished proof: closed. 
63191      INFO  main            d.u.i.k.p.i.AbstractProblemLoader Loading environment from /home/runner/work/key/key/key.core/../key.ui/examples/standard_key/java_dl/jml-assert/model-methods-static-instance.key.proof 
63191      DEBUG main            d.u.i.k.p.i.AbstractProblemLoader Environment load took 118.7ns 
63194      INFO  main            d.u.i.k.p.i.AbstractProblemLoader Creating init config 
65672      DEBUG main            d.u.i.k.p.i.AbstractProblemLoader Init config took 2.48s 
65715      INFO  main            d.u.i.k.p.i.AbstractProblemLoader Replaying proof ModelMethods[ModelMethods::test4()].JML normal_behavior operation contract.0 
65748      DEBUG main            d.u.i.k.p.i.IntermediateProofReplayer Proof replay took 30.96ms 
65749      DEBUG main            d.u.i.k.p.r.p.TestFile    ... success: reloaded. 
65750      INFO  main            d.u.i.k.p.r.p.TestFile    Now processing file /home/runner/work/key/key/key.core/../key.ui/examples/standard_key/java_dl/jml-assert/assert-old/inc-field.key 
65751      INFO  main            d.u.i.k.p.i.AbstractProblemLoader Loading environment from /home/runner/work/key/key/key.core/../key.ui/examples/standard_key/java_dl/jml-assert/assert-old/inc-field.key 
65751      DEBUG main            d.u.i.k.p.i.AbstractProblemLoader Environment load took 253.1ns 
65752      INFO  main            d.u.i.k.p.i.AbstractProblemLoader Creating init config 
68094      DEBUG main            d.u.i.k.p.i.AbstractProblemLoader Init config took 2.34s 
68146      INFO  main            d.u.i.k.p.i.AbstractProblemLoader Replaying proof Inc[Inc::inc_field()].JML normal_behavior operation contract.0 
68147      DEBUG main            d.u.i.k.p.i.IntermediateProofReplayer Proof replay took 7ns 
68249      INFO  main            d.u.i.k.p.r.p.TestFile    ... finished proof: closed. 
68462      INFO  main            d.u.i.k.p.i.AbstractProblemLoader Loading environment from /home/runner/work/key/key/key.core/../key.ui/examples/standard_key/java_dl/jml-assert/assert-old/inc-field.key.proof 
68462      DEBUG main            d.u.i.k.p.i.AbstractProblemLoader Environment load took 123.3ns 
68463      INFO  main            d.u.i.k.p.i.AbstractProblemLoader Creating init config 
70811      DEBUG main            d.u.i.k.p.i.AbstractProblemLoader Init config took 2.35s 
70851      INFO  main            d.u.i.k.p.i.AbstractProblemLoader Replaying proof Inc[Inc::inc_field()].JML normal_behavior operation contract.0 
70892      DEBUG main            d.u.i.k.p.i.IntermediateProofReplayer Proof replay took 38.46ms 
70893      DEBUG main            d.u.i.k.p.r.p.TestFile    ... success: reloaded. 
70894      INFO  main            d.u.i.k.p.r.p.TestFile    Now processing file /home/runner/work/key/key/key.core/../key.ui/examples/standard_key/java_dl/jml-assert/assert-old/inc-parameter.key 
70895      INFO  main            d.u.i.k.p.i.AbstractProblemLoader Loading environment from /home/runner/work/key/key/key.core/../key.ui/examples/standard_key/java_dl/jml-assert/assert-old/inc-parameter.key 
70895      DEBUG main            d.u.i.k.p.i.AbstractProblemLoader Environment load took 103.7ns 
70895      INFO  main            d.u.i.k.p.i.AbstractProblemLoader Creating init config 
73201      DEBUG main            d.u.i.k.p.i.AbstractProblemLoader Init config took 2.31s 
73233      INFO  main            d.u.i.k.p.i.AbstractProblemLoader Replaying proof Inc[Inc::inc_parameter(int)].JML normal_behavior operation contract.0 
73234      DEBUG main            d.u.i.k.p.i.IntermediateProofReplayer Proof replay took 6.2ns 
73338      INFO  main            d.u.i.k.p.r.p.TestFile    ... finished proof: closed. 
73561      INFO  main            d.u.i.k.p.i.AbstractProblemLoader Loading environment from /home/runner/work/key/key/key.core/../key.ui/examples/standard_key/java_dl/jml-assert/assert-old/inc-parameter.key.proof 
73561      DEBUG main            d.u.i.k.p.i.AbstractProblemLoader Environment load took 121.1ns 
73562      INFO  main            d.u.i.k.p.i.AbstractProblemLoader Creating init config 
75871      DEBUG main            d.u.i.k.p.i.AbstractProblemLoader Init config took 2.31s 
75912      INFO  main            d.u.i.k.p.i.AbstractProblemLoader Replaying proof Inc[Inc::inc_parameter(int)].JML normal_behavior operation contract.0 
75928      DEBUG main            d.u.i.k.p.i.IntermediateProofReplayer Proof replay took 13.86ms 
75929      DEBUG main            d.u.i.k.p.r.p.TestFile    ... success: reloaded. 
75930      INFO  main            d.u.i.k.p.r.p.TestFile    Now processing file /home/runner/work/key/key/key.core/../key.ui/examples/standard_key/java_dl/jml-assert/assert-old/inc-parameter-field.key 
75930      INFO  main            d.u.i.k.p.i.AbstractProblemLoader Loading environment from /home/runner/work/key/key/key.core/../key.ui/examples/standard_key/java_dl/jml-assert/assert-old/inc-parameter-field.key 
75930      DEBUG main            d.u.i.k.p.i.AbstractProblemLoader Environment load took 151.4ns 
75931      INFO  main            d.u.i.k.p.i.AbstractProblemLoader Creating init config 
78283      DEBUG main            d.u.i.k.p.i.AbstractProblemLoader Init config took 2.35s 
78315      INFO  main            d.u.i.k.p.i.AbstractProblemLoader Replaying proof Inc[Inc::inc_parameter_field(Inc)].JML normal_behavior operation contract.0 
78317      DEBUG main            d.u.i.k.p.i.IntermediateProofReplayer Proof replay took 6.6ns 
78418      INFO  main            d.u.i.k.p.r.p.TestFile    ... finished proof: closed. 
78649      INFO  main            d.u.i.k.p.i.AbstractProblemLoader Loading environment from /home/runner/work/key/key/key.core/../key.ui/examples/standard_key/java_dl/jml-assert/assert-old/inc-parameter-field.key.proof 
78649      DEBUG main            d.u.i.k.p.i.AbstractProblemLoader Environment load took 119.4ns 
78650      INFO  main            d.u.i.k.p.i.AbstractProblemLoader Creating init config 
80932      DEBUG main            d.u.i.k.p.i.AbstractProblemLoader Init config took 2.28s 
80965      INFO  main            d.u.i.k.p.i.AbstractProblemLoader Replaying proof Inc[Inc::inc_parameter_field(Inc)].JML normal_behavior operation contract.0 
81006      DEBUG main            d.u.i.k.p.i.IntermediateProofReplayer Proof replay took 36.23ms 
81007      DEBUG main            d.u.i.k.p.r.p.TestFile    ... success: reloaded. 
81008      INFO  main            d.u.i.k.p.r.p.TestFile    Now processing file /home/runner/work/key/key/key.core/../key.ui/examples/standard_key/java_dl/jml-assert/assert-old/inc-ghost-field.key 
81008      INFO  main            d.u.i.k.p.i.AbstractProblemLoader Loading environment from /home/runner/work/key/key/key.core/../key.ui/examples/standard_key/java_dl/jml-assert/assert-old/inc-ghost-field.key 
81009      DEBUG main            d.u.i.k.p.i.AbstractProblemLoader Environment load took 246.1ns 
81009      INFO  main            d.u.i.k.p.i.AbstractProblemLoader Creating init config 
83394      DEBUG main            d.u.i.k.p.i.AbstractProblemLoader Init config took 2.38s 
83426      INFO  main            d.u.i.k.p.i.AbstractProblemLoader Replaying proof Inc[Inc::inc_ghost_field()].JML normal_behavior operation contract.0 
83427      DEBUG main            d.u.i.k.p.i.IntermediateProofReplayer Proof replay took 6.3ns 
83533      INFO  main            d.u.i.k.p.r.p.TestFile    ... finished proof: closed. 
83772      INFO  main            d.u.i.k.p.i.AbstractProblemLoader Loading environment from /home/runner/work/key/key/key.core/../key.ui/examples/standard_key/java_dl/jml-assert/assert-old/inc-ghost-field.key.proof 
83772      DEBUG main            d.u.i.k.p.i.AbstractProblemLoader Environment load took 124.2ns 
83774      INFO  main            d.u.i.k.p.i.AbstractProblemLoader Creating init config 
86054      DEBUG main            d.u.i.k.p.i.AbstractProblemLoader Init config took 2.28s 
86087      INFO  main            d.u.i.k.p.i.AbstractProblemLoader Replaying proof Inc[Inc::inc_ghost_field()].JML normal_behavior operation contract.0 
86114      DEBUG main            d.u.i.k.p.i.IntermediateProofReplayer Proof replay took 24.43ms 
86115      DEBUG main            d.u.i.k.p.r.p.TestFile    ... success: reloaded. 
709435     INFO  Test worker     d.u.i.k.p.r.RunAllProofsTestUnit Returning from test jmlAsserts 
709439     INFO  Test worker     d.u.i.k.p.r.RunAllProofsTestUnit Running test javaCard 
385        INFO  Timeout watchdog d.u.i.k.p.r.p.ForkedTestFileRunner Timeout watcher launched (2000 secs.) 
387        WARN  main            d.u.i.k.s.ProofSettings   The settings in /home/runner/.key/proof-settings.props are *not* read. 
441        INFO  main            d.u.i.k.p.r.p.TestFile    Now processing file /home/runner/work/key/key/key.core/../key.ui/examples/heap/javacard/updateBalance0.key 
565        INFO  main            d.u.i.k.p.i.AbstractProblemLoader Loading environment from /home/runner/work/key/key/key.core/../key.ui/examples/heap/javacard/updateBalance0.key 
592        DEBUG main            d.u.i.k.p.i.AbstractProblemLoader Environment load took 2.07ms 
817        INFO  main            d.u.i.k.p.i.AbstractProblemLoader Creating init config 
1711       DEBUG main            d.u.i.k.j.TypeConverter   No LDT found for Meta 
1712       DEBUG main            d.u.i.k.j.TypeConverter   No LDT found for Meta 
1715       DEBUG main            d.u.i.k.j.TypeConverter   No LDT found for Meta 
1715       DEBUG main            d.u.i.k.j.TypeConverter   No LDT found for Meta 
3282       DEBUG main            d.u.i.k.j.TypeConverter   No LDT found for JavaBigintExpression 
6742       DEBUG main            d.u.i.k.p.i.AbstractProblemLoader Init config took 5.92s 
6876       INFO  main            d.u.i.k.p.i.AbstractProblemLoader Replaying proof Examples[Examples::updateBalance(short)].JML normal_behavior operation contract.0 
6912       DEBUG main            d.u.i.k.p.i.IntermediateProofReplayer Proof replay took 31.8ns 
8159       INFO  main            d.u.i.k.p.r.p.TestFile    ... finished proof: closed. 
8267       INFO  main            d.u.i.k.p.i.AbstractProblemLoader Loading environment from /home/runner/work/key/key/key.core/../key.ui/examples/heap/javacard/updateBalance0.key.proof 
8268       DEBUG main            d.u.i.k.p.i.AbstractProblemLoader Environment load took 527.11ns 
8270       INFO  main            d.u.i.k.p.i.AbstractProblemLoader Creating init config 
9992       DEBUG main            d.u.i.k.p.i.AbstractProblemLoader Init config took 1.72s 
10050      INFO  main            d.u.i.k.p.i.AbstractProblemLoader Replaying proof Examples[Examples::updateBalance(short)].JML normal_behavior operation contract.0 
10268      DEBUG main            d.u.i.k.p.i.IntermediateProofReplayer Proof replay took 210.39ms 
10280      DEBUG main            d.u.i.k.p.r.p.TestFile    ... success: reloaded. 
10286      INFO  main            d.u.i.k.p.r.p.TestFile    Now processing file /home/runner/work/key/key/key.core/../key.ui/examples/heap/javacard/updateBalance1.key 
10287      INFO  main            d.u.i.k.p.i.AbstractProblemLoader Loading environment from /home/runner/work/key/key/key.core/../key.ui/examples/heap/javacard/updateBalance1.key 
10287      DEBUG main            d.u.i.k.p.i.AbstractProblemLoader Environment load took 262.5ns 
10291      INFO  main            d.u.i.k.p.i.AbstractProblemLoader Creating init config 
11995      DEBUG main            d.u.i.k.p.i.AbstractProblemLoader Init config took 1.7s 
12068      INFO  main            d.u.i.k.p.i.AbstractProblemLoader Replaying proof Examples[Examples::updateBalance(short)].JML normal_behavior operation contract.1 
12071      DEBUG main            d.u.i.k.p.i.IntermediateProofReplayer Proof replay took 6.6ns 
12676      INFO  main            d.u.i.k.p.r.p.TestFile    ... finished proof: closed. 
12798      INFO  main            d.u.i.k.p.i.AbstractProblemLoader Loading environment from /home/runner/work/key/key/key.core/../key.ui/examples/heap/javacard/updateBalance1.key.proof 
12798      DEBUG main            d.u.i.k.p.i.AbstractProblemLoader Environment load took 502.31ns 
12800      INFO  main            d.u.i.k.p.i.AbstractProblemLoader Creating init config 
14331      DEBUG main            d.u.i.k.p.i.AbstractProblemLoader Init config took 1.53s 
14377      INFO  main            d.u.i.k.p.i.AbstractProblemLoader Replaying proof Examples[Examples::updateBalance(short)].JML normal_behavior operation contract.1 
14510      DEBUG main            d.u.i.k.p.i.IntermediateProofReplayer Proof replay took 129.39ms 
14513      DEBUG main            d.u.i.k.p.r.p.TestFile    ... success: reloaded. 
14515      INFO  main            d.u.i.k.p.r.p.TestFile    Now processing file /home/runner/work/key/key/key.core/../key.ui/examples/heap/javacard/setArray1.key 
14516      INFO  main            d.u.i.k.p.i.AbstractProblemLoader Loading environment from /home/runner/work/key/key/key.core/../key.ui/examples/heap/javacard/setArray1.key 
14516      DEBUG main            d.u.i.k.p.i.AbstractProblemLoader Environment load took 249.2ns 
14517      INFO  main            d.u.i.k.p.i.AbstractProblemLoader Creating init config 
16094      DEBUG main            d.u.i.k.p.i.AbstractProblemLoader Init config took 1.58s 
16137      INFO  main            d.u.i.k.p.i.AbstractProblemLoader Replaying proof Examples[Examples::setArray1([B)].JML normal_behavior operation contract.0 
16140      DEBUG main            d.u.i.k.p.i.IntermediateProofReplayer Proof replay took 6.3ns 
17145      INFO  main            d.u.i.k.p.r.p.TestFile    ... finished proof: closed. 
17304      INFO  main            d.u.i.k.p.i.AbstractProblemLoader Loading environment from /home/runner/work/key/key/key.core/../key.ui/examples/heap/javacard/setArray1.key.proof 
17304      DEBUG main            d.u.i.k.p.i.AbstractProblemLoader Environment load took 470.61ns 
17306      INFO  main            d.u.i.k.p.i.AbstractProblemLoader Creating init config 
18865      DEBUG main            d.u.i.k.p.i.AbstractProblemLoader Init config took 1.56s 
18906      INFO  main            d.u.i.k.p.i.AbstractProblemLoader Replaying proof Examples[Examples::setArray1([B)].JML normal_behavior operation contract.0 
19132      DEBUG main            d.u.i.k.p.i.IntermediateProofReplayer Proof replay took 220.8ms 
19135      DEBUG main            d.u.i.k.p.r.p.TestFile    ... success: reloaded. 
19138      INFO  main            d.u.i.k.p.r.p.TestFile    Now processing file /home/runner/work/key/key/key.core/../key.ui/examples/heap/javacard/setArray2.key 
19138      INFO  main            d.u.i.k.p.i.AbstractProblemLoader Loading environment from /home/runner/work/key/key/key.core/../key.ui/examples/heap/javacard/setArray2.key 
19138      DEBUG main            d.u.i.k.p.i.AbstractProblemLoader Environment load took 129.3ns 
19140      INFO  main            d.u.i.k.p.i.AbstractProblemLoader Creating init config 
20739      DEBUG main            d.u.i.k.p.i.AbstractProblemLoader Init config took 1.6s 
20779      INFO  main            d.u.i.k.p.i.AbstractProblemLoader Replaying proof Examples[Examples::setArray2([B)].JML normal_behavior operation contract.0 
20780      DEBUG main            d.u.i.k.p.i.IntermediateProofReplayer Proof replay took 6ns 
21787      INFO  main            d.u.i.k.p.r.p.TestFile    ... finished proof: closed. 
21943      INFO  main            d.u.i.k.p.i.AbstractProblemLoader Loading environment from /home/runner/work/key/key/key.core/../key.ui/examples/heap/javacard/setArray2.key.proof 
21945      DEBUG main            d.u.i.k.p.i.AbstractProblemLoader Environment load took 2.07ms 
21948      INFO  main            d.u.i.k.p.i.AbstractProblemLoader Creating init config 
23554      DEBUG main            d.u.i.k.p.i.AbstractProblemLoader Init config took 1.61s 
23597      INFO  main            d.u.i.k.p.i.AbstractProblemLoader Replaying proof Examples[Examples::setArray2([B)].JML normal_behavior operation contract.0 
23822      DEBUG main            d.u.i.k.p.i.IntermediateProofReplayer Proof replay took 217.07ms 
23824      DEBUG main            d.u.i.k.p.r.p.TestFile    ... success: reloaded. 
23826      INFO  main            d.u.i.k.p.r.p.TestFile    Now processing file /home/runner/work/key/key/key.core/../key.ui/examples/heap/javacard/arrayFillNonAtomic.key 
23827      INFO  main            d.u.i.k.p.i.AbstractProblemLoader Loading environment from /home/runner/work/key/key/key.core/../key.ui/examples/heap/javacard/arrayFillNonAtomic.key 
23827      DEBUG main            d.u.i.k.p.i.AbstractProblemLoader Environment load took 261.8ns 
23828      INFO  main            d.u.i.k.p.i.AbstractProblemLoader Creating init config 
25351      DEBUG main            d.u.i.k.p.i.AbstractProblemLoader Init config took 1.52s 
25406      INFO  main            d.u.i.k.p.i.AbstractProblemLoader Replaying proof javacard.framework.Util[javacard.framework.Util::arrayFillNonAtomic([B,short,short,byte)].JML behavior operation contract.0.transaction_inactive 
25407      DEBUG main            d.u.i.k.p.i.IntermediateProofReplayer Proof replay took 5.7ns 
26297      DEBUG Thread-13       d.u.i.k.l.o.ProgramSV     Match failed: Former match of  SchemaVariable incompatible with  the current match. 
26297      DEBUG Thread-13       d.u.i.k.l.o.ProgramSV     Match failed: Former match of  SchemaVariable incompatible with  the current match. 
27592      DEBUG Thread-13       d.u.i.k.l.o.ProgramSV     Match failed: Former match of  SchemaVariable incompatible with  the current match. 
27593      DEBUG Thread-13       d.u.i.k.l.o.ProgramSV     Match failed: Former match of  SchemaVariable incompatible with  the current match. 
29123      INFO  main            d.u.i.k.p.r.p.TestFile    ... finished proof: closed. 
29279      INFO  main            d.u.i.k.p.i.AbstractProblemLoader Loading environment from /home/runner/work/key/key/key.core/../key.ui/examples/heap/javacard/arrayFillNonAtomic.key.proof 
29280      DEBUG main            d.u.i.k.p.i.AbstractProblemLoader Environment load took 492.01ns 
29282      INFO  main            d.u.i.k.p.i.AbstractProblemLoader Creating init config 
30768      DEBUG main            d.u.i.k.p.i.AbstractProblemLoader Init config took 1.49s 
30834      INFO  main            d.u.i.k.p.i.AbstractProblemLoader Replaying proof javacard.framework.Util[javacard.framework.Util::arrayFillNonAtomic([B,short,short,byte)].JML behavior operation contract.0.transaction_inactive 
31791      DEBUG main            d.u.i.k.p.i.IntermediateProofReplayer Proof replay took 941.07ms 
31792      DEBUG main            d.u.i.k.p.r.p.TestFile    ... success: reloaded. 
31793      INFO  main            d.u.i.k.p.r.p.TestFile    Now processing file /home/runner/work/key/key/key.core/../key.ui/examples/heap/coincidence_count/project.key 
31794      INFO  main            d.u.i.k.p.i.AbstractProblemLoader Loading environment from /home/runner/work/key/key/key.core/../key.ui/examples/heap/coincidence_count/project.key 
31794      DEBUG main            d.u.i.k.p.i.AbstractProblemLoader Environment load took 120.2ns 
31796      INFO  main            d.u.i.k.p.i.AbstractProblemLoader Creating init config 
35170      DEBUG main            d.u.i.k.p.i.AbstractProblemLoader Init config took 3.37s 
35215      INFO  main            d.u.i.k.p.i.AbstractProblemLoader Replaying proof CC[CC::calcCoinIndex([I,[I)].JML normal_behavior operation contract.0 
35221      DEBUG main            d.u.i.k.p.i.IntermediateProofReplayer Proof replay took 7.6ns 
53436      INFO  main            d.u.i.k.p.r.p.TestFile    ... finished proof: closed. 
53724      INFO  main            d.u.i.k.p.i.AbstractProblemLoader Loading environment from /home/runner/work/key/key/key.core/../key.ui/examples/heap/coincidence_count/project.key.proof 
53725      DEBUG main            d.u.i.k.p.i.AbstractProblemLoader Environment load took 512.51ns 
53729      INFO  main            d.u.i.k.p.i.AbstractProblemLoader Creating init config 
56322      DEBUG main            d.u.i.k.p.i.AbstractProblemLoader Init config took 2.59s 
56380      INFO  main            d.u.i.k.p.i.AbstractProblemLoader Replaying proof CC[CC::calcCoinIndex([I,[I)].JML normal_behavior operation contract.0 
57368      DEBUG main            d.u.i.k.p.i.IntermediateProofReplayer Proof replay took 934.5ms 
57373      DEBUG main            d.u.i.k.p.r.p.TestFile    ... success: reloaded. 
57374      INFO  main            d.u.i.k.p.r.p.TestFile    Now processing file /home/runner/work/key/key/key.core/../key.ui/examples/heap/verifyThis11_1_Maximum/project.key 
57375      INFO  main            d.u.i.k.p.i.AbstractProblemLoader Loading environment from /home/runner/work/key/key/key.core/../key.ui/examples/heap/verifyThis11_1_Maximum/project.key 
57375      DEBUG main            d.u.i.k.p.i.AbstractProblemLoader Environment load took 235.8ns 
57376      INFO  main            d.u.i.k.p.i.AbstractProblemLoader Creating init config 
59978      DEBUG main            d.u.i.k.p.i.AbstractProblemLoader Init config took 2.6s 
60021      INFO  main            d.u.i.k.p.i.AbstractProblemLoader Replaying proof Maximum[Maximum::maxIndex([I)].JML normal_behavior operation contract.0 
60022      DEBUG main            d.u.i.k.p.i.IntermediateProofReplayer Proof replay took 6.9ns 
60928      INFO  main            d.u.i.k.p.r.p.TestFile    ... finished proof: closed. 
61178      INFO  main            d.u.i.k.p.i.AbstractProblemLoader Loading environment from /home/runner/work/key/key/key.core/../key.ui/examples/heap/verifyThis11_1_Maximum/project.key.proof 
61179      DEBUG main            d.u.i.k.p.i.AbstractProblemLoader Environment load took 503.61ns 
61180      INFO  main            d.u.i.k.p.i.AbstractProblemLoader Creating init config 
63609      DEBUG main            d.u.i.k.p.i.AbstractProblemLoader Init config took 2.43s 
63649      INFO  main            d.u.i.k.p.i.AbstractProblemLoader Replaying proof Maximum[Maximum::maxIndex([I)].JML normal_behavior operation contract.0 
63817      DEBUG main            d.u.i.k.p.i.IntermediateProofReplayer Proof replay took 162ms 
63818      DEBUG main            d.u.i.k.p.r.p.TestFile    ... success: reloaded. 
63819      INFO  main            d.u.i.k.p.r.p.TestFile    Now processing file /home/runner/work/key/key/key.core/../key.ui/examples/heap/fm12_01_LRS/lcp.key 
63820      INFO  main            d.u.i.k.p.i.AbstractProblemLoader Loading environment from /home/runner/work/key/key/key.core/../key.ui/examples/heap/fm12_01_LRS/lcp.key 
63820      DEBUG main            d.u.i.k.p.i.AbstractProblemLoader Environment load took 232.8ns 
63821      INFO  main            d.u.i.k.p.i.AbstractProblemLoader Creating init config 
67047      DEBUG main            d.u.i.k.p.i.AbstractProblemLoader Init config took 3.23s 
67106      INFO  main            d.u.i.k.p.i.AbstractProblemLoader Replaying proof LCP[LCP::lcp([I,int,int)].JML normal_behavior operation contract.0 
67108      DEBUG main            d.u.i.k.p.i.IntermediateProofReplayer Proof replay took 7.4ns 
68012      INFO  main            d.u.i.k.p.r.p.TestFile    ... finished proof: closed. 
68252      INFO  main            d.u.i.k.p.i.AbstractProblemLoader Loading environment from /home/runner/work/key/key/key.core/../key.ui/examples/heap/fm12_01_LRS/lcp.key.proof 
68253      DEBUG main            d.u.i.k.p.i.AbstractProblemLoader Environment load took 507.11ns 
68254      INFO  main            d.u.i.k.p.i.AbstractProblemLoader Creating init config 
71190      DEBUG main            d.u.i.k.p.i.AbstractProblemLoader Init config took 2.94s 
71257      INFO  main            d.u.i.k.p.i.AbstractProblemLoader Replaying proof LCP[LCP::lcp([I,int,int)].JML normal_behavior operation contract.0 
71484      DEBUG main            d.u.i.k.p.i.IntermediateProofReplayer Proof replay took 220.25ms 
71485      DEBUG main            d.u.i.k.p.r.p.TestFile    ... success: reloaded. 
71487      INFO  main            d.u.i.k.p.r.p.TestFile    Now processing file /home/runner/work/key/key/key.core/../key.ui/examples/heap/SemanticSlicing/project.key 
71487      INFO  main            d.u.i.k.p.i.AbstractProblemLoader Loading environment from /home/runner/work/key/key/key.core/../key.ui/examples/heap/SemanticSlicing/project.key 
71487      DEBUG main            d.u.i.k.p.i.AbstractProblemLoader Environment load took 225.4ns 
71489      INFO  main            d.u.i.k.p.i.AbstractProblemLoader Creating init config 
74099      DEBUG main            d.u.i.k.p.i.AbstractProblemLoader Init config took 2.61s 
74151      INFO  main            d.u.i.k.p.i.AbstractProblemLoader Replaying proof unsatcore_after.competition.postcond5.scope333.LRS[unsatcore_after.competition.postcond5.scope333.LRS::doLRS()].JML operation contract.0 
74153      DEBUG main            d.u.i.k.p.i.IntermediateProofReplayer Proof replay took 7.2ns 
78108      INFO  main            d.u.i.k.p.r.p.TestFile    ... finished proof: closed. 
78387      INFO  main            d.u.i.k.p.i.AbstractProblemLoader Loading environment from /home/runner/work/key/key/key.core/../key.ui/examples/heap/SemanticSlicing/project.key.proof 
78388      DEBUG main            d.u.i.k.p.i.AbstractProblemLoader Environment load took 1.25ms 
78392      INFO  main            d.u.i.k.p.i.AbstractProblemLoader Creating init config 
80967      DEBUG main            d.u.i.k.p.i.AbstractProblemLoader Init config took 2.58s 
81022      INFO  main            d.u.i.k.p.i.AbstractProblemLoader Replaying proof unsatcore_after.competition.postcond5.scope333.LRS[unsatcore_after.competition.postcond5.scope333.LRS::doLRS()].JML operation contract.0 
81835      DEBUG main            d.u.i.k.p.i.IntermediateProofReplayer Proof replay took 799.74ms 
81836      DEBUG main            d.u.i.k.p.r.p.TestFile    ... success: reloaded. 
81838      INFO  main            d.u.i.k.p.r.p.TestFile    Now processing file /home/runner/work/key/key/key.core/../key.ui/examples/heap/information_flow/ArrayList_contains.key 
81838      INFO  main            d.u.i.k.p.i.AbstractProblemLoader Loading environment from /home/runner/work/key/key/key.core/../key.ui/examples/heap/information_flow/ArrayList_contains.key 
81838      DEBUG main            d.u.i.k.p.i.AbstractProblemLoader Environment load took 89.1ns 
81839      INFO  main            d.u.i.k.p.i.AbstractProblemLoader Creating init config 
84659      DEBUG main            d.u.i.k.p.i.AbstractProblemLoader Init config took 2.82s 
84708      INFO  main            d.u.i.k.p.i.AbstractProblemLoader Replaying proof ArrayList[ArrayList::get(int)].JML normal_behavior operation contract.0 
84710      DEBUG main            d.u.i.k.p.i.IntermediateProofReplayer Proof replay took 8.2ns 
85014      INFO  main            d.u.i.k.p.r.p.TestFile    ... finished proof: closed. 
85264      INFO  main            d.u.i.k.p.i.AbstractProblemLoader Loading environment from /home/runner/work/key/key/key.core/../key.ui/examples/heap/information_flow/ArrayList_contains.key.proof 
85264      DEBUG main            d.u.i.k.p.i.AbstractProblemLoader Environment load took 119.6ns 
85265      INFO  main            d.u.i.k.p.i.AbstractProblemLoader Creating init config 
87919      DEBUG main            d.u.i.k.p.i.AbstractProblemLoader Init config took 2.65s 
87963      INFO  main            d.u.i.k.p.i.AbstractProblemLoader Replaying proof ArrayList[ArrayList::get(int)].JML normal_behavior operation contract.0 
88026      DEBUG main            d.u.i.k.p.i.IntermediateProofReplayer Proof replay took 53.53ms 
88027      DEBUG main            d.u.i.k.p.r.p.TestFile    ... success: reloaded. 
88029      INFO  main            d.u.i.k.p.r.p.TestFile    Now processing file /home/runner/work/key/key/key.core/../key.ui/examples/heap/information_flow/ArrayList_get.key 
88029      INFO  main            d.u.i.k.p.i.AbstractProblemLoader Loading environment from /home/runner/work/key/key/key.core/../key.ui/examples/heap/information_flow/ArrayList_get.key 
88029      DEBUG main            d.u.i.k.p.i.AbstractProblemLoader Environment load took 104.6ns 
88030      INFO  main            d.u.i.k.p.i.AbstractProblemLoader Creating init config 
90766      DEBUG main            d.u.i.k.p.i.AbstractProblemLoader Init config took 2.74s 
90804      INFO  main            d.u.i.k.p.i.AbstractProblemLoader Replaying proof ArrayList[ArrayList::contains(java.lang.Object)].JML normal_behavior operation contract.0 
90805      DEBUG main            d.u.i.k.p.i.IntermediateProofReplayer Proof replay took 6.7ns 
91610      INFO  main            d.u.i.k.p.r.p.TestFile    ... finished proof: closed. 
91882      INFO  main            d.u.i.k.p.i.AbstractProblemLoader Loading environment from /home/runner/work/key/key/key.core/../key.ui/examples/heap/information_flow/ArrayList_get.key.proof 
91885      DEBUG main            d.u.i.k.p.i.AbstractProblemLoader Environment load took 2.66ms 
91887      INFO  main            d.u.i.k.p.i.AbstractProblemLoader Creating init config 
94521      DEBUG main            d.u.i.k.p.i.AbstractProblemLoader Init config took 2.63s 
94560      INFO  main            d.u.i.k.p.i.AbstractProblemLoader Replaying proof ArrayList[ArrayList::contains(java.lang.Object)].JML normal_behavior operation contract.0 
94729      DEBUG main            d.u.i.k.p.i.IntermediateProofReplayer Proof replay took 165.69ms 
94730      DEBUG main            d.u.i.k.p.r.p.TestFile    ... success: reloaded. 
94731      INFO  main            d.u.i.k.p.r.p.TestFile    Now processing file /home/runner/work/key/key/key.core/../key.ui/examples/heap/information_flow/ArrayList_size.key 
94732      INFO  main            d.u.i.k.p.i.AbstractProblemLoader Loading environment from /home/runner/work/key/key/key.core/../key.ui/examples/heap/information_flow/ArrayList_size.key 
94732      DEBUG main            d.u.i.k.p.i.AbstractProblemLoader Environment load took 85.9ns 
94732      INFO  main            d.u.i.k.p.i.AbstractProblemLoader Creating init config 
97456      DEBUG main            d.u.i.k.p.i.AbstractProblemLoader Init config took 2.72s 
97498      INFO  main            d.u.i.k.p.i.AbstractProblemLoader Replaying proof ArrayList[ArrayList::size()].JML normal_behavior operation contract.0 
97500      DEBUG main            d.u.i.k.p.i.IntermediateProofReplayer Proof replay took 7.2ns 
97602      INFO  main            d.u.i.k.p.r.p.TestFile    ... finished proof: closed. 
97853      INFO  main            d.u.i.k.p.i.AbstractProblemLoader Loading environment from /home/runner/work/key/key/key.core/../key.ui/examples/heap/information_flow/ArrayList_size.key.proof 
97853      DEBUG main            d.u.i.k.p.i.AbstractProblemLoader Environment load took 122.1ns 
97854      INFO  main            d.u.i.k.p.i.AbstractProblemLoader Creating init config 
100476     DEBUG main            d.u.i.k.p.i.AbstractProblemLoader Init config took 2.62s 
100514     INFO  main            d.u.i.k.p.i.AbstractProblemLoader Replaying proof ArrayList[ArrayList::size()].JML normal_behavior operation contract.0 
100527     DEBUG main            d.u.i.k.p.i.IntermediateProofReplayer Proof replay took 12.15ms 
100528     DEBUG main            d.u.i.k.p.r.p.TestFile    ... success: reloaded. 
100529     INFO  main            d.u.i.k.p.r.p.TestFile    Now processing file /home/runner/work/key/key/key.core/../key.ui/examples/heap/information_flow/UpdateAbstraction_ex7_3_secure.key 
100529     INFO  main            d.u.i.k.p.i.AbstractProblemLoader Loading environment from /home/runner/work/key/key/key.core/../key.ui/examples/heap/information_flow/UpdateAbstraction_ex7_3_secure.key 
100529     DEBUG main            d.u.i.k.p.i.AbstractProblemLoader Environment load took 96.4ns 
100530     INFO  main            d.u.i.k.p.i.AbstractProblemLoader Creating init config 
103220     DEBUG main            d.u.i.k.p.i.AbstractProblemLoader Init config took 2.69s 
103256     INFO  main            d.u.i.k.p.i.AbstractProblemLoader Replaying proof UpdateAbstraction[UpdateAbstraction::ex7_3_secure()].JML operation contract.0 
103258     DEBUG main            d.u.i.k.p.i.IntermediateProofReplayer Proof replay took 6.6ns 
103460     INFO  main            d.u.i.k.p.r.p.TestFile    ... finished proof: closed. 
103722     INFO  main            d.u.i.k.p.i.AbstractProblemLoader Loading environment from /home/runner/work/key/key/key.core/../key.ui/examples/heap/information_flow/UpdateAbstraction_ex7_3_secure.key.proof 
103723     DEBUG main            d.u.i.k.p.i.AbstractProblemLoader Environment load took 121.7ns 
103724     INFO  main            d.u.i.k.p.i.AbstractProblemLoader Creating init config 
106339     DEBUG main            d.u.i.k.p.i.AbstractProblemLoader Init config took 2.61s 
106374     INFO  main            d.u.i.k.p.i.AbstractProblemLoader Replaying proof UpdateAbstraction[UpdateAbstraction::ex7_3_secure()].JML operation contract.0 
106403     DEBUG main            d.u.i.k.p.i.IntermediateProofReplayer Proof replay took 26.64ms 
106404     DEBUG main            d.u.i.k.p.r.p.TestFile    ... success: reloaded. 
106404     INFO  main            d.u.i.k.p.r.p.TestFile    Now processing file /home/runner/work/key/key/key.core/../key.ui/examples/heap/information_flow/UpdateAbstraction_ex7_4_secure.key 
106405     INFO  main            d.u.i.k.p.i.AbstractProblemLoader Loading environment from /home/runner/work/key/key/key.core/../key.ui/examples/heap/information_flow/UpdateAbstraction_ex7_4_secure.key 
106405     DEBUG main            d.u.i.k.p.i.AbstractProblemLoader Environment load took 221ns 
106406     INFO  main            d.u.i.k.p.i.AbstractProblemLoader Creating init config 
109096     DEBUG main            d.u.i.k.p.i.AbstractProblemLoader Init config took 2.69s 
109132     INFO  main            d.u.i.k.p.i.AbstractProblemLoader Replaying proof UpdateAbstraction[UpdateAbstraction::ex7_4_secure()].JML operation contract.0 
109133     DEBUG main            d.u.i.k.p.i.IntermediateProofReplayer Proof replay took 7ns 
109336     INFO  main            d.u.i.k.p.r.p.TestFile    ... finished proof: closed. 
109617     INFO  main            d.u.i.k.p.i.AbstractProblemLoader Loading environment from /home/runner/work/key/key/key.core/../key.ui/examples/heap/information_flow/UpdateAbstraction_ex7_4_secure.key.proof 
109618     DEBUG main            d.u.i.k.p.i.AbstractProblemLoader Environment load took 616.81ns 
109619     INFO  main            d.u.i.k.p.i.AbstractProblemLoader Creating init config 
112253     DEBUG main            d.u.i.k.p.i.AbstractProblemLoader Init config took 2.63s 
112295     INFO  main            d.u.i.k.p.i.AbstractProblemLoader Replaying proof UpdateAbstraction[UpdateAbstraction::ex7_4_secure()].JML operation contract.0 
112343     DEBUG main            d.u.i.k.p.i.IntermediateProofReplayer Proof replay took 45.71ms 
112344     DEBUG main            d.u.i.k.p.r.p.TestFile    ... success: reloaded. 
112344     INFO  main            d.u.i.k.p.r.p.TestFile    Now processing file /home/runner/work/key/key/key.core/../key.ui/examples/heap/information_flow/UpdateAbstraction_ex7_5_secure.key 
112345     INFO  main            d.u.i.k.p.i.AbstractProblemLoader Loading environment from /home/runner/work/key/key/key.core/../key.ui/examples/heap/information_flow/UpdateAbstraction_ex7_5_secure.key 
112345     DEBUG main            d.u.i.k.p.i.AbstractProblemLoader Environment load took 142.1ns 
112346     INFO  main            d.u.i.k.p.i.AbstractProblemLoader Creating init config 
115042     DEBUG main            d.u.i.k.p.i.AbstractProblemLoader Init config took 2.7s 
115078     INFO  main            d.u.i.k.p.i.AbstractProblemLoader Replaying proof UpdateAbstraction[UpdateAbstraction::ex7_5_secure()].JML operation contract.0 
115079     DEBUG main            d.u.i.k.p.i.IntermediateProofReplayer Proof replay took 6.8ns 
115182     INFO  main            d.u.i.k.p.r.p.TestFile    ... finished proof: closed. 
115454     INFO  main            d.u.i.k.p.i.AbstractProblemLoader Loading environment from /home/runner/work/key/key/key.core/../key.ui/examples/heap/information_flow/UpdateAbstraction_ex7_5_secure.key.proof 
115454     DEBUG main            d.u.i.k.p.i.AbstractProblemLoader Environment load took 118.8ns 
115455     INFO  main            d.u.i.k.p.i.AbstractProblemLoader Creating init config 
118061     DEBUG main            d.u.i.k.p.i.AbstractProblemLoader Init config took 2.61s 
118096     INFO  main            d.u.i.k.p.i.AbstractProblemLoader Replaying proof UpdateAbstraction[UpdateAbstraction::ex7_5_secure()].JML operation contract.0 
118138     DEBUG main            d.u.i.k.p.i.IntermediateProofReplayer Proof replay took 39.85ms 
118139     DEBUG main            d.u.i.k.p.r.p.TestFile    ... success: reloaded. 
118140     INFO  main            d.u.i.k.p.r.p.TestFile    Now processing file /home/runner/work/key/key/key.core/../key.ui/examples/heap/information_flow/UpdateAbstraction_ex7_6_secure.key 
118140     INFO  main            d.u.i.k.p.i.AbstractProblemLoader Loading environment from /home/runner/work/key/key/key.core/../key.ui/examples/heap/information_flow/UpdateAbstraction_ex7_6_secure.key 
118140     DEBUG main            d.u.i.k.p.i.AbstractProblemLoader Environment load took 216.5ns 
118141     INFO  main            d.u.i.k.p.i.AbstractProblemLoader Creating init config 
120802     DEBUG main            d.u.i.k.p.i.AbstractProblemLoader Init config took 2.66s 
120837     INFO  main            d.u.i.k.p.i.AbstractProblemLoader Replaying proof UpdateAbstraction[UpdateAbstraction::ex7_6_secure()].JML operation contract.0 
120838     DEBUG main            d.u.i.k.p.i.IntermediateProofReplayer Proof replay took 6.3ns 
121140     INFO  main            d.u.i.k.p.r.p.TestFile    ... finished proof: closed. 
121429     INFO  main            d.u.i.k.p.i.AbstractProblemLoader Loading environment from /home/runner/work/key/key/key.core/../key.ui/examples/heap/information_flow/UpdateAbstraction_ex7_6_secure.key.proof 
121429     DEBUG main            d.u.i.k.p.i.AbstractProblemLoader Environment load took 123ns 
121430     INFO  main            d.u.i.k.p.i.AbstractProblemLoader Creating init config 
124021     DEBUG main            d.u.i.k.p.i.AbstractProblemLoader Init config took 2.59s 
124058     INFO  main            d.u.i.k.p.i.AbstractProblemLoader Replaying proof UpdateAbstraction[UpdateAbstraction::ex7_6_secure()].JML operation contract.0 
124115     DEBUG main            d.u.i.k.p.i.IntermediateProofReplayer Proof replay took 55.34ms 
124116     DEBUG main            d.u.i.k.p.r.p.TestFile    ... success: reloaded. 
124117     INFO  main            d.u.i.k.p.r.p.TestFile    Now processing file /home/runner/work/key/key/key.core/../key.ui/examples/heap/information_flow/UpdateAbstraction_ex9_secure.key 
124118     INFO  main            d.u.i.k.p.i.AbstractProblemLoader Loading environment from /home/runner/work/key/key/key.core/../key.ui/examples/heap/information_flow/UpdateAbstraction_ex9_secure.key 
124118     DEBUG main            d.u.i.k.p.i.AbstractProblemLoader Environment load took 221.8ns 
124119     INFO  main            d.u.i.k.p.i.AbstractProblemLoader Creating init config 
126775     DEBUG main            d.u.i.k.p.i.AbstractProblemLoader Init config took 2.66s 
126810     INFO  main            d.u.i.k.p.i.AbstractProblemLoader Replaying proof UpdateAbstraction[UpdateAbstraction::ex9_secure()].JML operation contract.0 
126812     DEBUG main            d.u.i.k.p.i.IntermediateProofReplayer Proof replay took 6.7ns 
127716     INFO  main            d.u.i.k.p.r.p.TestFile    ... finished proof: closed. 
128033     INFO  main            d.u.i.k.p.i.AbstractProblemLoader Loading environment from /home/runner/work/key/key/key.core/../key.ui/examples/heap/information_flow/UpdateAbstraction_ex9_secure.key.proof 
128033     DEBUG main            d.u.i.k.p.i.AbstractProblemLoader Environment load took 115.5ns 
128034     INFO  main            d.u.i.k.p.i.AbstractProblemLoader Creating init config 
130654     DEBUG main            d.u.i.k.p.i.AbstractProblemLoader Init config took 2.62s 
130690     INFO  main            d.u.i.k.p.i.AbstractProblemLoader Replaying proof UpdateAbstraction[UpdateAbstraction::ex9_secure()].JML operation contract.0 
130878     DEBUG main            d.u.i.k.p.i.IntermediateProofReplayer Proof replay took 185.49ms 
130879     DEBUG main            d.u.i.k.p.r.p.TestFile    ... success: reloaded. 
840504     INFO  Test worker     d.u.i.k.p.r.RunAllProofsTestUnit Returning from test javaCard 
840506     INFO  Test worker     d.u.i.k.p.r.RunAllProofsTestUnit Running test list 
363        INFO  Timeout watchdog d.u.i.k.p.r.p.ForkedTestFileRunner Timeout watcher launched (2000 secs.) 
381        WARN  main            d.u.i.k.s.ProofSettings   The settings in /home/runner/.key/proof-settings.props are *not* read. 
427        INFO  main            d.u.i.k.p.r.p.TestFile    Now processing file /home/runner/work/key/key/key.core/../key.ui/examples/heap/list/ArrayList_add.key 
542        INFO  main            d.u.i.k.p.i.AbstractProblemLoader Loading environment from /home/runner/work/key/key/key.core/../key.ui/examples/heap/list/ArrayList_add.key 
558        DEBUG main            d.u.i.k.p.i.AbstractProblemLoader Environment load took 1.9ms 
776        INFO  main            d.u.i.k.p.i.AbstractProblemLoader Creating init config 
1588       DEBUG main            d.u.i.k.j.TypeConverter   No LDT found for Meta 
1588       DEBUG main            d.u.i.k.j.TypeConverter   No LDT found for Meta 
1589       DEBUG main            d.u.i.k.j.TypeConverter   No LDT found for Meta 
1589       DEBUG main            d.u.i.k.j.TypeConverter   No LDT found for Meta 
2966       DEBUG main            d.u.i.k.j.TypeConverter   No LDT found for JavaBigintExpression 
6068       DEBUG main            d.u.i.k.j.r.ClassPreparationMethodBuilder clPrepBuilder: Inner Class detected. Reject building class initialisation methods. 
8665       DEBUG main            d.u.i.k.p.i.AbstractProblemLoader Init config took 7.89s 
8882       INFO  main            d.u.i.k.p.i.AbstractProblemLoader Replaying proof ArrayList[List::add(java.lang.Object)].JML normal_behavior operation contract.0 
8920       DEBUG main            d.u.i.k.p.i.IntermediateProofReplayer Proof replay took 31.7ns 
14168      INFO  main            d.u.i.k.p.r.p.TestFile    ... finished proof: closed. 
14358      INFO  main            d.u.i.k.p.i.AbstractProblemLoader Loading environment from /home/runner/work/key/key/key.core/../key.ui/examples/heap/list/ArrayList_add.key.proof 
14359      DEBUG main            d.u.i.k.p.i.AbstractProblemLoader Environment load took 148.7ns 
14369      INFO  main            d.u.i.k.p.i.AbstractProblemLoader Creating init config 
15541      DEBUG main            d.u.i.k.j.r.ClassPreparationMethodBuilder clPrepBuilder: Inner Class detected. Reject building class initialisation methods. 
17854      DEBUG main            d.u.i.k.p.i.AbstractProblemLoader Init config took 3.48s 
17939      INFO  main            d.u.i.k.p.i.AbstractProblemLoader Replaying proof ArrayList[List::add(java.lang.Object)].JML normal_behavior operation contract.0 
19099      DEBUG main            d.u.i.k.p.i.IntermediateProofReplayer Proof replay took 1.13s 
19108      DEBUG main            d.u.i.k.p.r.p.TestFile    ... success: reloaded. 
19110      INFO  main            d.u.i.k.p.r.p.TestFile    Now processing file /home/runner/work/key/key/key.core/../key.ui/examples/heap/list/ArrayList_ArrayList.key 
19110      INFO  main            d.u.i.k.p.i.AbstractProblemLoader Loading environment from /home/runner/work/key/key/key.core/../key.ui/examples/heap/list/ArrayList_ArrayList.key 
19110      DEBUG main            d.u.i.k.p.i.AbstractProblemLoader Environment load took 305.71ns 
19112      INFO  main            d.u.i.k.p.i.AbstractProblemLoader Creating init config 
20265      DEBUG main            d.u.i.k.j.r.ClassPreparationMethodBuilder clPrepBuilder: Inner Class detected. Reject building class initialisation methods. 
22547      DEBUG main            d.u.i.k.p.i.AbstractProblemLoader Init config took 3.43s 
22614      INFO  main            d.u.i.k.p.i.AbstractProblemLoader Replaying proof ArrayList[ArrayList::ArrayList()].JML normal_behavior operation contract.0 
22616      DEBUG main            d.u.i.k.p.i.IntermediateProofReplayer Proof replay took 6.3ns 
24128      INFO  main            d.u.i.k.p.r.p.TestFile    ... finished proof: closed. 
24319      INFO  main            d.u.i.k.p.i.AbstractProblemLoader Loading environment from /home/runner/work/key/key/key.core/../key.ui/examples/heap/list/ArrayList_ArrayList.key.proof 
24320      DEBUG main            d.u.i.k.p.i.AbstractProblemLoader Environment load took 875.02ns 
24324      INFO  main            d.u.i.k.p.i.AbstractProblemLoader Creating init config 
25340      DEBUG main            d.u.i.k.j.r.ClassPreparationMethodBuilder clPrepBuilder: Inner Class detected. Reject building class initialisation methods. 
27521      DEBUG main            d.u.i.k.p.i.AbstractProblemLoader Init config took 3.2s 
27581      INFO  main            d.u.i.k.p.i.AbstractProblemLoader Replaying proof ArrayList[ArrayList::ArrayList()].JML normal_behavior operation contract.0 
27801      DEBUG main            d.u.i.k.p.i.IntermediateProofReplayer Proof replay took 210.81ms 
27802      DEBUG main            d.u.i.k.p.r.p.TestFile    ... success: reloaded. 
27804      INFO  main            d.u.i.k.p.r.p.TestFile    Now processing file /home/runner/work/key/key/key.core/../key.ui/examples/heap/list/ArrayList_concatenate.key 
27804      INFO  main            d.u.i.k.p.i.AbstractProblemLoader Loading environment from /home/runner/work/key/key/key.core/../key.ui/examples/heap/list/ArrayList_concatenate.key 
27805      DEBUG main            d.u.i.k.p.i.AbstractProblemLoader Environment load took 256.11ns 
27806      INFO  main            d.u.i.k.p.i.AbstractProblemLoader Creating init config 
28873      DEBUG main            d.u.i.k.j.r.ClassPreparationMethodBuilder clPrepBuilder: Inner Class detected. Reject building class initialisation methods. 
31045      DEBUG main            d.u.i.k.p.i.AbstractProblemLoader Init config took 3.24s 
31102      INFO  main            d.u.i.k.p.i.AbstractProblemLoader Replaying proof ArrayList[List::concatenate(List)].JML normal_behavior operation contract.0 
31104      DEBUG main            d.u.i.k.p.i.IntermediateProofReplayer Proof replay took 5.6ns 
55861      INFO  main            d.u.i.k.p.r.p.TestFile    ... finished proof: closed. 
56100      INFO  main            d.u.i.k.p.i.AbstractProblemLoader Loading environment from /home/runner/work/key/key/key.core/../key.ui/examples/heap/list/ArrayList_concatenate.key.proof 
56100      DEBUG main            d.u.i.k.p.i.AbstractProblemLoader Environment load took 255.81ns 
56104      INFO  main            d.u.i.k.p.i.AbstractProblemLoader Creating init config 
57126      DEBUG main            d.u.i.k.j.r.ClassPreparationMethodBuilder clPrepBuilder: Inner Class detected. Reject building class initialisation methods. 
59239      DEBUG main            d.u.i.k.p.i.AbstractProblemLoader Init config took 3.13s 
59311      INFO  main            d.u.i.k.p.i.AbstractProblemLoader Replaying proof ArrayList[List::concatenate(List)].JML normal_behavior operation contract.0 
61525      DEBUG main            d.u.i.k.p.i.IntermediateProofReplayer Proof replay took 2.15s 
61530      DEBUG main            d.u.i.k.p.r.p.TestFile    ... success: reloaded. 
61532      INFO  main            d.u.i.k.p.r.p.TestFile    Now processing file /home/runner/work/key/key/key.core/../key.ui/examples/heap/list/ArrayList_contains_dep.key 
61532      INFO  main            d.u.i.k.p.i.AbstractProblemLoader Loading environment from /home/runner/work/key/key/key.core/../key.ui/examples/heap/list/ArrayList_contains_dep.key 
61532      DEBUG main            d.u.i.k.p.i.AbstractProblemLoader Environment load took 237.2ns 
61533      INFO  main            d.u.i.k.p.i.AbstractProblemLoader Creating init config 
62560      DEBUG main            d.u.i.k.j.r.ClassPreparationMethodBuilder clPrepBuilder: Inner Class detected. Reject building class initialisation methods. 
64741      DEBUG main            d.u.i.k.p.i.AbstractProblemLoader Init config took 3.21s 
64817      INFO  main            d.u.i.k.p.i.AbstractProblemLoader Replaying proof ArrayList[List::contains(java.lang.Object)].JML accessible clause.0 
64819      DEBUG main            d.u.i.k.p.i.IntermediateProofReplayer Proof replay took 5.9ns 
67577      INFO  main            d.u.i.k.p.r.p.TestFile    ... finished proof: closed. 
67836      INFO  main            d.u.i.k.p.i.AbstractProblemLoader Loading environment from /home/runner/work/key/key/key.core/../key.ui/examples/heap/list/ArrayList_contains_dep.key.proof 
67837      DEBUG main            d.u.i.k.p.i.AbstractProblemLoader Environment load took 509.31ns 
67839      INFO  main            d.u.i.k.p.i.AbstractProblemLoader Creating init config 
68837      DEBUG main            d.u.i.k.j.r.ClassPreparationMethodBuilder clPrepBuilder: Inner Class detected. Reject building class initialisation methods. 
70975      DEBUG main            d.u.i.k.p.i.AbstractProblemLoader Init config took 3.14s 
71026      INFO  main            d.u.i.k.p.i.AbstractProblemLoader Replaying proof ArrayList[List::contains(java.lang.Object)].JML accessible clause.0 
71485      DEBUG main            d.u.i.k.p.i.IntermediateProofReplayer Proof replay took 447.6ms 
71486      DEBUG main            d.u.i.k.p.r.p.TestFile    ... success: reloaded. 
71487      INFO  main            d.u.i.k.p.r.p.TestFile    Now processing file /home/runner/work/key/key/key.core/../key.ui/examples/heap/list/ArrayList_enlarge.key 
71488      INFO  main            d.u.i.k.p.i.AbstractProblemLoader Loading environment from /home/runner/work/key/key/key.core/../key.ui/examples/heap/list/ArrayList_enlarge.key 
71488      DEBUG main            d.u.i.k.p.i.AbstractProblemLoader Environment load took 103.9ns 
71489      INFO  main            d.u.i.k.p.i.AbstractProblemLoader Creating init config 
72484      DEBUG main            d.u.i.k.j.r.ClassPreparationMethodBuilder clPrepBuilder: Inner Class detected. Reject building class initialisation methods. 
74592      DEBUG main            d.u.i.k.p.i.AbstractProblemLoader Init config took 3.1s 
74645      INFO  main            d.u.i.k.p.i.AbstractProblemLoader Replaying proof ArrayList[ArrayList::enlarge()].JML normal_behavior operation contract.0 
74647      DEBUG main            d.u.i.k.p.i.IntermediateProofReplayer Proof replay took 5.7ns 
76954      INFO  main            d.u.i.k.p.r.p.TestFile    ... finished proof: closed. 
77163      INFO  main            d.u.i.k.p.i.AbstractProblemLoader Loading environment from /home/runner/work/key/key/key.core/../key.ui/examples/heap/list/ArrayList_enlarge.key.proof 
77165      DEBUG main            d.u.i.k.p.i.AbstractProblemLoader Environment load took 1.79ms 
77166      INFO  main            d.u.i.k.p.i.AbstractProblemLoader Creating init config 
78136      DEBUG main            d.u.i.k.j.r.ClassPreparationMethodBuilder clPrepBuilder: Inner Class detected. Reject building class initialisation methods. 
80262      DEBUG main            d.u.i.k.p.i.AbstractProblemLoader Init config took 3.1s 
80329      INFO  main            d.u.i.k.p.i.AbstractProblemLoader Replaying proof ArrayList[ArrayList::enlarge()].JML normal_behavior operation contract.0 
80749      DEBUG main            d.u.i.k.p.i.IntermediateProofReplayer Proof replay took 411.15ms 
80750      DEBUG main            d.u.i.k.p.r.p.TestFile    ... success: reloaded. 
80752      INFO  main            d.u.i.k.p.r.p.TestFile    Now processing file /home/runner/work/key/key/key.core/../key.ui/examples/heap/list/ArrayList_footprint.key 
80752      INFO  main            d.u.i.k.p.i.AbstractProblemLoader Loading environment from /home/runner/work/key/key/key.core/../key.ui/examples/heap/list/ArrayList_footprint.key 
80753      DEBUG main            d.u.i.k.p.i.AbstractProblemLoader Environment load took 234.1ns 
80754      INFO  main            d.u.i.k.p.i.AbstractProblemLoader Creating init config 
81767      DEBUG main            d.u.i.k.j.r.ClassPreparationMethodBuilder clPrepBuilder: Inner Class detected. Reject building class initialisation methods. 
83882      DEBUG main            d.u.i.k.p.i.AbstractProblemLoader Init config took 3.13s 
83928      INFO  main            d.u.i.k.p.i.AbstractProblemLoader Replaying proof List[List::$footprint()].JML accessible clause.0 
83930      DEBUG main            d.u.i.k.p.i.IntermediateProofReplayer Proof replay took 5.8ns 
84032      INFO  main            d.u.i.k.p.r.p.TestFile    ... finished proof: closed. 
84208      INFO  main            d.u.i.k.p.i.AbstractProblemLoader Loading environment from /home/runner/work/key/key/key.core/../key.ui/examples/heap/list/ArrayList_footprint.key.proof 
84209      DEBUG main            d.u.i.k.p.i.AbstractProblemLoader Environment load took 121.8ns 
84209      INFO  main            d.u.i.k.p.i.AbstractProblemLoader Creating init config 
85179      DEBUG main            d.u.i.k.j.r.ClassPreparationMethodBuilder clPrepBuilder: Inner Class detected. Reject building class initialisation methods. 
87290      DEBUG main            d.u.i.k.p.i.AbstractProblemLoader Init config took 3.08s 
87339      INFO  main            d.u.i.k.p.i.AbstractProblemLoader Replaying proof List[List::$footprint()].JML accessible clause.0 
87344      DEBUG main            d.u.i.k.p.i.IntermediateProofReplayer Proof replay took 1.08ms 
87346      DEBUG main            d.u.i.k.p.r.p.TestFile    ... success: reloaded. 
87347      INFO  main            d.u.i.k.p.r.p.TestFile    Now processing file /home/runner/work/key/key/key.core/../key.ui/examples/heap/list/ArrayList_get_dep.key 
87347      INFO  main            d.u.i.k.p.i.AbstractProblemLoader Loading environment from /home/runner/work/key/key/key.core/../key.ui/examples/heap/list/ArrayList_get_dep.key 
87348      DEBUG main            d.u.i.k.p.i.AbstractProblemLoader Environment load took 228.7ns 
87349      INFO  main            d.u.i.k.p.i.AbstractProblemLoader Creating init config 
88375      DEBUG main            d.u.i.k.j.r.ClassPreparationMethodBuilder clPrepBuilder: Inner Class detected. Reject building class initialisation methods. 
90486      DEBUG main            d.u.i.k.p.i.AbstractProblemLoader Init config took 3.14s 
90534      INFO  main            d.u.i.k.p.i.AbstractProblemLoader Replaying proof ArrayList[List::get(int)].JML accessible clause.0 
90535      DEBUG main            d.u.i.k.p.i.IntermediateProofReplayer Proof replay took 5.8ns 
90945      INFO  main            d.u.i.k.p.r.p.TestFile    ... finished proof: closed. 
91150      INFO  main            d.u.i.k.p.i.AbstractProblemLoader Loading environment from /home/runner/work/key/key/key.core/../key.ui/examples/heap/list/ArrayList_get_dep.key.proof 
91151      DEBUG main            d.u.i.k.p.i.AbstractProblemLoader Environment load took 530.31ns 
91152      INFO  main            d.u.i.k.p.i.AbstractProblemLoader Creating init config 
92135      DEBUG main            d.u.i.k.j.r.ClassPreparationMethodBuilder clPrepBuilder: Inner Class detected. Reject building class initialisation methods. 
94240      DEBUG main            d.u.i.k.p.i.AbstractProblemLoader Init config took 3.09s 
94288      INFO  main            d.u.i.k.p.i.AbstractProblemLoader Replaying proof ArrayList[List::get(int)].JML accessible clause.0 
94365      DEBUG main            d.u.i.k.p.i.IntermediateProofReplayer Proof replay took 73.84ms 
94366      DEBUG main            d.u.i.k.p.r.p.TestFile    ... success: reloaded. 
94367      INFO  main            d.u.i.k.p.r.p.TestFile    Now processing file /home/runner/work/key/key/key.core/../key.ui/examples/heap/list/ArrayList_get_exceptional.key 
94367      INFO  main            d.u.i.k.p.i.AbstractProblemLoader Loading environment from /home/runner/work/key/key/key.core/../key.ui/examples/heap/list/ArrayList_get_exceptional.key 
94368      DEBUG main            d.u.i.k.p.i.AbstractProblemLoader Environment load took 187.8ns 
94368      INFO  main            d.u.i.k.p.i.AbstractProblemLoader Creating init config 
95354      DEBUG main            d.u.i.k.j.r.ClassPreparationMethodBuilder clPrepBuilder: Inner Class detected. Reject building class initialisation methods. 
97418      DEBUG main            d.u.i.k.p.i.AbstractProblemLoader Init config took 3.05s 
97466      INFO  main            d.u.i.k.p.i.AbstractProblemLoader Replaying proof ArrayList[List::get(int)].JML exceptional_behavior operation contract.0 
97467      DEBUG main            d.u.i.k.p.i.IntermediateProofReplayer Proof replay took 5.3ns 
98611      INFO  main            d.u.i.k.p.r.p.TestFile    ... finished proof: closed. 
98818      INFO  main            d.u.i.k.p.i.AbstractProblemLoader Loading environment from /home/runner/work/key/key/key.core/../key.ui/examples/heap/list/ArrayList_get_exceptional.key.proof 
98819      DEBUG main            d.u.i.k.p.i.AbstractProblemLoader Environment load took 540.61ns 
98820      INFO  main            d.u.i.k.p.i.AbstractProblemLoader Creating init config 
99783      DEBUG main            d.u.i.k.j.r.ClassPreparationMethodBuilder clPrepBuilder: Inner Class detected. Reject building class initialisation methods. 
101870     DEBUG main            d.u.i.k.p.i.AbstractProblemLoader Init config took 3.05s 
101917     INFO  main            d.u.i.k.p.i.AbstractProblemLoader Replaying proof ArrayList[List::get(int)].JML exceptional_behavior operation contract.0 
102129     DEBUG main            d.u.i.k.p.i.IntermediateProofReplayer Proof replay took 205.58ms 
102130     DEBUG main            d.u.i.k.p.r.p.TestFile    ... success: reloaded. 
102132     INFO  main            d.u.i.k.p.r.p.TestFile    Now processing file /home/runner/work/key/key/key.core/../key.ui/examples/heap/list/ArrayList_get_normal.key 
102132     INFO  main            d.u.i.k.p.i.AbstractProblemLoader Loading environment from /home/runner/work/key/key/key.core/../key.ui/examples/heap/list/ArrayList_get_normal.key 
102132     DEBUG main            d.u.i.k.p.i.AbstractProblemLoader Environment load took 98.7ns 
102133     INFO  main            d.u.i.k.p.i.AbstractProblemLoader Creating init config 
103128     DEBUG main            d.u.i.k.j.r.ClassPreparationMethodBuilder clPrepBuilder: Inner Class detected. Reject building class initialisation methods. 
105229     DEBUG main            d.u.i.k.p.i.AbstractProblemLoader Init config took 3.1s 
105275     INFO  main            d.u.i.k.p.i.AbstractProblemLoader Replaying proof ArrayList[List::get(int)].JML normal_behavior operation contract.0 
105277     DEBUG main            d.u.i.k.p.i.IntermediateProofReplayer Proof replay took 5.6ns 
105680     INFO  main            d.u.i.k.p.r.p.TestFile    ... finished proof: closed. 
105909     INFO  main            d.u.i.k.p.i.AbstractProblemLoader Loading environment from /home/runner/work/key/key/key.core/../key.ui/examples/heap/list/ArrayList_get_normal.key.proof 
105910     DEBUG main            d.u.i.k.p.i.AbstractProblemLoader Environment load took 759.61ns 
105912     INFO  main            d.u.i.k.p.i.AbstractProblemLoader Creating init config 
106876     DEBUG main            d.u.i.k.j.r.ClassPreparationMethodBuilder clPrepBuilder: Inner Class detected. Reject building class initialisation methods. 
108919     DEBUG main            d.u.i.k.p.i.AbstractProblemLoader Init config took 3.01s 
108966     INFO  main            d.u.i.k.p.i.AbstractProblemLoader Replaying proof ArrayList[List::get(int)].JML normal_behavior operation contract.0 
109042     DEBUG main            d.u.i.k.p.i.IntermediateProofReplayer Proof replay took 73.62ms 
109043     DEBUG main            d.u.i.k.p.r.p.TestFile    ... success: reloaded. 
109045     INFO  main            d.u.i.k.p.r.p.TestFile    Now processing file /home/runner/work/key/key/key.core/../key.ui/examples/heap/list/ArrayList_inv.key 
109045     INFO  main            d.u.i.k.p.i.AbstractProblemLoader Loading environment from /home/runner/work/key/key/key.core/../key.ui/examples/heap/list/ArrayList_inv.key 
109045     DEBUG main            d.u.i.k.p.i.AbstractProblemLoader Environment load took 62.5ns 
109046     INFO  main            d.u.i.k.p.i.AbstractProblemLoader Creating init config 
110067     DEBUG main            d.u.i.k.j.r.ClassPreparationMethodBuilder clPrepBuilder: Inner Class detected. Reject building class initialisation methods. 
112163     DEBUG main            d.u.i.k.p.i.AbstractProblemLoader Init config took 3.12s 
112225     INFO  main            d.u.i.k.p.i.AbstractProblemLoader Replaying proof ArrayList[java.lang.Object::<inv>()].JML accessible clause.0 
112227     DEBUG main            d.u.i.k.p.i.IntermediateProofReplayer Proof replay took 6ns 
112533     INFO  main            d.u.i.k.p.r.p.TestFile    ... finished proof: closed. 
112746     INFO  main            d.u.i.k.p.i.AbstractProblemLoader Loading environment from /home/runner/work/key/key/key.core/../key.ui/examples/heap/list/ArrayList_inv.key.proof 
112747     DEBUG main            d.u.i.k.p.i.AbstractProblemLoader Environment load took 118.6ns 
112748     INFO  main            d.u.i.k.p.i.AbstractProblemLoader Creating init config 
113713     DEBUG main            d.u.i.k.j.r.ClassPreparationMethodBuilder clPrepBuilder: Inner Class detected. Reject building class initialisation methods. 
115772     DEBUG main            d.u.i.k.p.i.AbstractProblemLoader Init config took 3.02s 
115818     INFO  main            d.u.i.k.p.i.AbstractProblemLoader Replaying proof ArrayList[java.lang.Object::<inv>()].JML accessible clause.0 
115862     DEBUG main            d.u.i.k.p.i.IntermediateProofReplayer Proof replay took 40.69ms 
115863     DEBUG main            d.u.i.k.p.r.p.TestFile    ... success: reloaded. 
115865     INFO  main            d.u.i.k.p.r.p.TestFile    Now processing file /home/runner/work/key/key/key.core/../key.ui/examples/heap/list/ArrayList_iterator.key 
115865     INFO  main            d.u.i.k.p.i.AbstractProblemLoader Loading environment from /home/runner/work/key/key/key.core/../key.ui/examples/heap/list/ArrayList_iterator.key 
115865     DEBUG main            d.u.i.k.p.i.AbstractProblemLoader Environment load took 235ns 
115866     INFO  main            d.u.i.k.p.i.AbstractProblemLoader Creating init config 
116856     DEBUG main            d.u.i.k.j.r.ClassPreparationMethodBuilder clPrepBuilder: Inner Class detected. Reject building class initialisation methods. 
118930     DEBUG main            d.u.i.k.p.i.AbstractProblemLoader Init config took 3.06s 
118975     INFO  main            d.u.i.k.p.i.AbstractProblemLoader Replaying proof ArrayList[List::iterator()].JML normal_behavior operation contract.0 
118977     DEBUG main            d.u.i.k.p.i.IntermediateProofReplayer Proof replay took 6.1ns 
119480     INFO  main            d.u.i.k.p.r.p.TestFile    ... finished proof: closed. 
119687     INFO  main            d.u.i.k.p.i.AbstractProblemLoader Loading environment from /home/runner/work/key/key/key.core/../key.ui/examples/heap/list/ArrayList_iterator.key.proof 
119687     DEBUG main            d.u.i.k.p.i.AbstractProblemLoader Environment load took 125.3ns 
119688     INFO  main            d.u.i.k.p.i.AbstractProblemLoader Creating init config 
120650     DEBUG main            d.u.i.k.j.r.ClassPreparationMethodBuilder clPrepBuilder: Inner Class detected. Reject building class initialisation methods. 
122736     DEBUG main            d.u.i.k.p.i.AbstractProblemLoader Init config took 3.05s 
122784     INFO  main            d.u.i.k.p.i.AbstractProblemLoader Replaying proof ArrayList[List::iterator()].JML normal_behavior operation contract.0 
122865     DEBUG main            d.u.i.k.p.i.IntermediateProofReplayer Proof replay took 75.94ms 
122866     DEBUG main            d.u.i.k.p.r.p.TestFile    ... success: reloaded. 
122868     INFO  main            d.u.i.k.p.r.p.TestFile    Now processing file /home/runner/work/key/key/key.core/../key.ui/examples/heap/list/ArrayList_size_dep.key 
122868     INFO  main            d.u.i.k.p.i.AbstractProblemLoader Loading environment from /home/runner/work/key/key/key.core/../key.ui/examples/heap/list/ArrayList_size_dep.key 
122868     DEBUG main            d.u.i.k.p.i.AbstractProblemLoader Environment load took 98.4ns 
122869     INFO  main            d.u.i.k.p.i.AbstractProblemLoader Creating init config 
123845     DEBUG main            d.u.i.k.j.r.ClassPreparationMethodBuilder clPrepBuilder: Inner Class detected. Reject building class initialisation methods. 
125889     DEBUG main            d.u.i.k.p.i.AbstractProblemLoader Init config took 3.02s 
125933     INFO  main            d.u.i.k.p.i.AbstractProblemLoader Replaying proof ArrayList[List::size()].JML accessible clause.0 
125935     DEBUG main            d.u.i.k.p.i.IntermediateProofReplayer Proof replay took 6.2ns 
126141     INFO  main            d.u.i.k.p.r.p.TestFile    ... finished proof: closed. 
126363     INFO  main            d.u.i.k.p.i.AbstractProblemLoader Loading environment from /home/runner/work/key/key/key.core/../key.ui/examples/heap/list/ArrayList_size_dep.key.proof 
126363     DEBUG main            d.u.i.k.p.i.AbstractProblemLoader Environment load took 133.3ns 
126365     INFO  main            d.u.i.k.p.i.AbstractProblemLoader Creating init config 
127324     DEBUG main            d.u.i.k.j.r.ClassPreparationMethodBuilder clPrepBuilder: Inner Class detected. Reject building class initialisation methods. 
129354     DEBUG main            d.u.i.k.p.i.AbstractProblemLoader Init config took 2.99s 
129398     INFO  main            d.u.i.k.p.i.AbstractProblemLoader Replaying proof ArrayList[List::size()].JML accessible clause.0 
129424     DEBUG main            d.u.i.k.p.i.IntermediateProofReplayer Proof replay took 23.67ms 
129425     DEBUG main            d.u.i.k.p.r.p.TestFile    ... success: reloaded. 
129426     INFO  main            d.u.i.k.p.r.p.TestFile    Now processing file /home/runner/work/key/key/key.core/../key.ui/examples/heap/list/ArrayList_size.key 
129427     INFO  main            d.u.i.k.p.i.AbstractProblemLoader Loading environment from /home/runner/work/key/key/key.core/../key.ui/examples/heap/list/ArrayList_size.key 
129427     DEBUG main            d.u.i.k.p.i.AbstractProblemLoader Environment load took 98.4ns 
129428     INFO  main            d.u.i.k.p.i.AbstractProblemLoader Creating init config 
130403     DEBUG main            d.u.i.k.j.r.ClassPreparationMethodBuilder clPrepBuilder: Inner Class detected. Reject building class initialisation methods. 
132526     DEBUG main            d.u.i.k.p.i.AbstractProblemLoader Init config took 3.1s 
132571     INFO  main            d.u.i.k.p.i.AbstractProblemLoader Replaying proof ArrayList[List::size()].JML normal_behavior operation contract.0 
132572     DEBUG main            d.u.i.k.p.i.IntermediateProofReplayer Proof replay took 6.2ns 
132775     INFO  main            d.u.i.k.p.r.p.TestFile    ... finished proof: closed. 
133002     INFO  main            d.u.i.k.p.i.AbstractProblemLoader Loading environment from /home/runner/work/key/key/key.core/../key.ui/examples/heap/list/ArrayList_size.key.proof 
133002     DEBUG main            d.u.i.k.p.i.AbstractProblemLoader Environment load took 118.4ns 
133003     INFO  main            d.u.i.k.p.i.AbstractProblemLoader Creating init config 
133969     DEBUG main            d.u.i.k.j.r.ClassPreparationMethodBuilder clPrepBuilder: Inner Class detected. Reject building class initialisation methods. 
136017     DEBUG main            d.u.i.k.p.i.AbstractProblemLoader Init config took 3.01s 
136080     INFO  main            d.u.i.k.p.i.AbstractProblemLoader Replaying proof ArrayList[List::size()].JML normal_behavior operation contract.0 
136119     DEBUG main            d.u.i.k.p.i.IntermediateProofReplayer Proof replay took 36.72ms 
136120     DEBUG main            d.u.i.k.p.r.p.TestFile    ... success: reloaded. 
136121     INFO  main            d.u.i.k.p.r.p.TestFile    Now processing file /home/runner/work/key/key/key.core/../key.ui/examples/heap/list/ArrayList.ArrayListIterator_ArrayListIterator.key 
136121     INFO  main            d.u.i.k.p.i.AbstractProblemLoader Loading environment from /home/runner/work/key/key/key.core/../key.ui/examples/heap/list/ArrayList.ArrayListIterator_ArrayListIterator.key 
136121     DEBUG main            d.u.i.k.p.i.AbstractProblemLoader Environment load took 84.6ns 
136123     INFO  main            d.u.i.k.p.i.AbstractProblemLoader Creating init config 
137131     DEBUG main            d.u.i.k.j.r.ClassPreparationMethodBuilder clPrepBuilder: Inner Class detected. Reject building class initialisation methods. 
139166     DEBUG main            d.u.i.k.p.i.AbstractProblemLoader Init config took 3.04s 
139244     INFO  main            d.u.i.k.p.i.AbstractProblemLoader Replaying proof ArrayList.ArrayListIterator[ArrayList.ArrayListIterator::ArrayListIterator(ArrayList)].JML normal_behavior operation contract.0 
139246     DEBUG main            d.u.i.k.p.i.IntermediateProofReplayer Proof replay took 5.8ns 
139851     INFO  main            d.u.i.k.p.r.p.TestFile    ... finished proof: closed. 
140110     INFO  main            d.u.i.k.p.i.AbstractProblemLoader Loading environment from /home/runner/work/key/key/key.core/../key.ui/examples/heap/list/ArrayList.ArrayListIterator_ArrayListIterator.key.proof 
140111     DEBUG main            d.u.i.k.p.i.AbstractProblemLoader Environment load took 500.91ns 
140112     INFO  main            d.u.i.k.p.i.AbstractProblemLoader Creating init config 
141082     DEBUG main            d.u.i.k.j.r.ClassPreparationMethodBuilder clPrepBuilder: Inner Class detected. Reject building class initialisation methods. 
143186     DEBUG main            d.u.i.k.p.i.AbstractProblemLoader Init config took 3.07s 
143241     INFO  main            d.u.i.k.p.i.AbstractProblemLoader Replaying proof ArrayList.ArrayListIterator[ArrayList.ArrayListIterator::ArrayListIterator(ArrayList)].JML normal_behavior operation contract.0 
143346     DEBUG main            d.u.i.k.p.i.IntermediateProofReplayer Proof replay took 100.76ms 
143348     DEBUG main            d.u.i.k.p.r.p.TestFile    ... success: reloaded. 
143349     INFO  main            d.u.i.k.p.r.p.TestFile    Now processing file /home/runner/work/key/key/key.core/../key.ui/examples/heap/list/ArrayList.ArrayListIterator_hasNext_dep.key 
143349     INFO  main            d.u.i.k.p.i.AbstractProblemLoader Loading environment from /home/runner/work/key/key/key.core/../key.ui/examples/heap/list/ArrayList.ArrayListIterator_hasNext_dep.key 
143349     DEBUG main            d.u.i.k.p.i.AbstractProblemLoader Environment load took 101ns 
143350     INFO  main            d.u.i.k.p.i.AbstractProblemLoader Creating init config 
144359     DEBUG main            d.u.i.k.j.r.ClassPreparationMethodBuilder clPrepBuilder: Inner Class detected. Reject building class initialisation methods. 
146404     DEBUG main            d.u.i.k.p.i.AbstractProblemLoader Init config took 3.05s 
146455     INFO  main            d.u.i.k.p.i.AbstractProblemLoader Replaying proof ArrayList.ArrayListIterator[ListIterator::hasNext()].JML accessible clause.0 
146457     DEBUG main            d.u.i.k.p.i.IntermediateProofReplayer Proof replay took 6.1ns 
146861     INFO  main            d.u.i.k.p.r.p.TestFile    ... finished proof: closed. 
147092     INFO  main            d.u.i.k.p.i.AbstractProblemLoader Loading environment from /home/runner/work/key/key/key.core/../key.ui/examples/heap/list/ArrayList.ArrayListIterator_hasNext_dep.key.proof 
147093     DEBUG main            d.u.i.k.p.i.AbstractProblemLoader Environment load took 132.1ns 
147094     INFO  main            d.u.i.k.p.i.AbstractProblemLoader Creating init config 
148055     DEBUG main            d.u.i.k.j.r.ClassPreparationMethodBuilder clPrepBuilder: Inner Class detected. Reject building class initialisation methods. 
150123     DEBUG main            d.u.i.k.p.i.AbstractProblemLoader Init config took 3.03s 
150180     INFO  main            d.u.i.k.p.i.AbstractProblemLoader Replaying proof ArrayList.ArrayListIterator[ListIterator::hasNext()].JML accessible clause.0 
150234     DEBUG main            d.u.i.k.p.i.IntermediateProofReplayer Proof replay took 51.17ms 
150235     DEBUG main            d.u.i.k.p.r.p.TestFile    ... success: reloaded. 
150236     INFO  main            d.u.i.k.p.r.p.TestFile    Now processing file /home/runner/work/key/key/key.core/../key.ui/examples/heap/list/ArrayList.ArrayListIterator_hasNext.key 
150236     INFO  main            d.u.i.k.p.i.AbstractProblemLoader Loading environment from /home/runner/work/key/key/key.core/../key.ui/examples/heap/list/ArrayList.ArrayListIterator_hasNext.key 
150236     DEBUG main            d.u.i.k.p.i.AbstractProblemLoader Environment load took 75.1ns 
150237     INFO  main            d.u.i.k.p.i.AbstractProblemLoader Creating init config 
151214     DEBUG main            d.u.i.k.j.r.ClassPreparationMethodBuilder clPrepBuilder: Inner Class detected. Reject building class initialisation methods. 
153271     DEBUG main            d.u.i.k.p.i.AbstractProblemLoader Init config took 3.03s 
153323     INFO  main            d.u.i.k.p.i.AbstractProblemLoader Replaying proof ArrayList.ArrayListIterator[ListIterator::hasNext()].JML normal_behavior operation contract.0 
153324     DEBUG main            d.u.i.k.p.i.IntermediateProofReplayer Proof replay took 5.7ns 
153727     INFO  main            d.u.i.k.p.r.p.TestFile    ... finished proof: closed. 
153982     INFO  main            d.u.i.k.p.i.AbstractProblemLoader Loading environment from /home/runner/work/key/key/key.core/../key.ui/examples/heap/list/ArrayList.ArrayListIterator_hasNext.key.proof 
153983     DEBUG main            d.u.i.k.p.i.AbstractProblemLoader Environment load took 111.7ns 
153984     INFO  main            d.u.i.k.p.i.AbstractProblemLoader Creating init config 
154940     DEBUG main            d.u.i.k.j.r.ClassPreparationMethodBuilder clPrepBuilder: Inner Class detected. Reject building class initialisation methods. 
156974     DEBUG main            d.u.i.k.p.i.AbstractProblemLoader Init config took 2.99s 
157024     INFO  main            d.u.i.k.p.i.AbstractProblemLoader Replaying proof ArrayList.ArrayListIterator[ListIterator::hasNext()].JML normal_behavior operation contract.0 
157078     DEBUG main            d.u.i.k.p.i.IntermediateProofReplayer Proof replay took 50.54ms 
157079     DEBUG main            d.u.i.k.p.r.p.TestFile    ... success: reloaded. 
157080     INFO  main            d.u.i.k.p.r.p.TestFile    Now processing file /home/runner/work/key/key/key.core/../key.ui/examples/heap/list/ArrayList.ArrayListIterator_inv.key 
157080     INFO  main            d.u.i.k.p.i.AbstractProblemLoader Loading environment from /home/runner/work/key/key/key.core/../key.ui/examples/heap/list/ArrayList.ArrayListIterator_inv.key 
157080     DEBUG main            d.u.i.k.p.i.AbstractProblemLoader Environment load took 100ns 
157081     INFO  main            d.u.i.k.p.i.AbstractProblemLoader Creating init config 
158071     DEBUG main            d.u.i.k.j.r.ClassPreparationMethodBuilder clPrepBuilder: Inner Class detected. Reject building class initialisation methods. 
160156     DEBUG main            d.u.i.k.p.i.AbstractProblemLoader Init config took 3.08s 
160209     INFO  main            d.u.i.k.p.i.AbstractProblemLoader Replaying proof ArrayList.ArrayListIterator[java.lang.Object::<inv>()].JML accessible clause.0 
160210     DEBUG main            d.u.i.k.p.i.IntermediateProofReplayer Proof replay took 6.7ns 
161115     INFO  main            d.u.i.k.p.r.p.TestFile    ... finished proof: closed. 
161370     INFO  main            d.u.i.k.p.i.AbstractProblemLoader Loading environment from /home/runner/work/key/key/key.core/../key.ui/examples/heap/list/ArrayList.ArrayListIterator_inv.key.proof 
161370     DEBUG main            d.u.i.k.p.i.AbstractProblemLoader Environment load took 123.3ns 
161371     INFO  main            d.u.i.k.p.i.AbstractProblemLoader Creating init config 
162352     DEBUG main            d.u.i.k.j.r.ClassPreparationMethodBuilder clPrepBuilder: Inner Class detected. Reject building class initialisation methods. 
164357     DEBUG main            d.u.i.k.p.i.AbstractProblemLoader Init config took 2.99s 
164407     INFO  main            d.u.i.k.p.i.AbstractProblemLoader Replaying proof ArrayList.ArrayListIterator[java.lang.Object::<inv>()].JML accessible clause.0 
164532     DEBUG main            d.u.i.k.p.i.IntermediateProofReplayer Proof replay took 118.92ms 
164534     DEBUG main            d.u.i.k.p.r.p.TestFile    ... success: reloaded. 
164535     INFO  main            d.u.i.k.p.r.p.TestFile    Now processing file /home/runner/work/key/key/key.core/../key.ui/examples/heap/list/ArrayList.ArrayListIterator_list.key 
164536     INFO  main            d.u.i.k.p.i.AbstractProblemLoader Loading environment from /home/runner/work/key/key/key.core/../key.ui/examples/heap/list/ArrayList.ArrayListIterator_list.key 
164536     DEBUG main            d.u.i.k.p.i.AbstractProblemLoader Environment load took 236.3ns 
164538     INFO  main            d.u.i.k.p.i.AbstractProblemLoader Creating init config 
165512     DEBUG main            d.u.i.k.j.r.ClassPreparationMethodBuilder clPrepBuilder: Inner Class detected. Reject building class initialisation methods. 
167561     DEBUG main            d.u.i.k.p.i.AbstractProblemLoader Init config took 3.02s 
167602     INFO  main            d.u.i.k.p.i.AbstractProblemLoader Replaying proof ListIterator[ListIterator::$list()].JML accessible clause.0 
167604     DEBUG main            d.u.i.k.p.i.IntermediateProofReplayer Proof replay took 6.6ns 
167707     INFO  main            d.u.i.k.p.r.p.TestFile    ... finished proof: closed. 
167959     INFO  main            d.u.i.k.p.i.AbstractProblemLoader Loading environment from /home/runner/work/key/key/key.core/../key.ui/examples/heap/list/ArrayList.ArrayListIterator_list.key.proof 
167959     DEBUG main            d.u.i.k.p.i.AbstractProblemLoader Environment load took 107.6ns 
167960     INFO  main            d.u.i.k.p.i.AbstractProblemLoader Creating init config 
168913     DEBUG main            d.u.i.k.j.r.ClassPreparationMethodBuilder clPrepBuilder: Inner Class detected. Reject building class initialisation methods. 
170965     DEBUG main            d.u.i.k.p.i.AbstractProblemLoader Init config took 3s 
171003     INFO  main            d.u.i.k.p.i.AbstractProblemLoader Replaying proof ListIterator[ListIterator::$list()].JML accessible clause.0 
171006     DEBUG main            d.u.i.k.p.i.IntermediateProofReplayer Proof replay took 928.62ns 
171007     DEBUG main            d.u.i.k.p.r.p.TestFile    ... success: reloaded. 
171007     INFO  main            d.u.i.k.p.r.p.TestFile    Now processing file /home/runner/work/key/key/key.core/../key.ui/examples/heap/list/ArrayList.ArrayListIterator_next_exceptional.key 
171008     INFO  main            d.u.i.k.p.i.AbstractProblemLoader Loading environment from /home/runner/work/key/key/key.core/../key.ui/examples/heap/list/ArrayList.ArrayListIterator_next_exceptional.key 
171008     DEBUG main            d.u.i.k.p.i.AbstractProblemLoader Environment load took 56.5ns 
171008     INFO  main            d.u.i.k.p.i.AbstractProblemLoader Creating init config 
171977     DEBUG main            d.u.i.k.j.r.ClassPreparationMethodBuilder clPrepBuilder: Inner Class detected. Reject building class initialisation methods. 
174010     DEBUG main            d.u.i.k.p.i.AbstractProblemLoader Init config took 3s 
174060     INFO  main            d.u.i.k.p.i.AbstractProblemLoader Replaying proof ArrayList.ArrayListIterator[ListIterator::next()].JML exceptional_behavior operation contract.0 
174061     DEBUG main            d.u.i.k.p.i.IntermediateProofReplayer Proof replay took 5.2ns 
174867     INFO  main            d.u.i.k.p.r.p.TestFile    ... finished proof: closed. 
175144     INFO  main            d.u.i.k.p.i.AbstractProblemLoader Loading environment from /home/runner/work/key/key/key.core/../key.ui/examples/heap/list/ArrayList.ArrayListIterator_next_exceptional.key.proof 
175144     DEBUG main            d.u.i.k.p.i.AbstractProblemLoader Environment load took 114.2ns 
175145     INFO  main            d.u.i.k.p.i.AbstractProblemLoader Creating init config 
176104     DEBUG main            d.u.i.k.j.r.ClassPreparationMethodBuilder clPrepBuilder: Inner Class detected. Reject building class initialisation methods. 
178130     DEBUG main            d.u.i.k.p.i.AbstractProblemLoader Init config took 2.98s 
178181     INFO  main            d.u.i.k.p.i.AbstractProblemLoader Replaying proof ArrayList.ArrayListIterator[ListIterator::next()].JML exceptional_behavior operation contract.0 
178329     DEBUG main            d.u.i.k.p.i.IntermediateProofReplayer Proof replay took 142.78ms 
178331     DEBUG main            d.u.i.k.p.r.p.TestFile    ... success: reloaded. 
178332     INFO  main            d.u.i.k.p.r.p.TestFile    Now processing file /home/runner/work/key/key/key.core/../key.ui/examples/heap/list/ArrayList.ArrayListIterator_next_normal.key 
178333     INFO  main            d.u.i.k.p.i.AbstractProblemLoader Loading environment from /home/runner/work/key/key/key.core/../key.ui/examples/heap/list/ArrayList.ArrayListIterator_next_normal.key 
178333     DEBUG main            d.u.i.k.p.i.AbstractProblemLoader Environment load took 225.5ns 
178334     INFO  main            d.u.i.k.p.i.AbstractProblemLoader Creating init config 
179313     DEBUG main            d.u.i.k.j.r.ClassPreparationMethodBuilder clPrepBuilder: Inner Class detected. Reject building class initialisation methods. 
181417     DEBUG main            d.u.i.k.p.i.AbstractProblemLoader Init config took 3.08s 
181468     INFO  main            d.u.i.k.p.i.AbstractProblemLoader Replaying proof ArrayList.ArrayListIterator[ListIterator::next()].JML normal_behavior operation contract.0 
181469     DEBUG main            d.u.i.k.p.i.IntermediateProofReplayer Proof replay took 6.1ns 
182374     INFO  main            d.u.i.k.p.r.p.TestFile    ... finished proof: closed. 
182652     INFO  main            d.u.i.k.p.i.AbstractProblemLoader Loading environment from /home/runner/work/key/key/key.core/../key.ui/examples/heap/list/ArrayList.ArrayListIterator_next_normal.key.proof 
182652     DEBUG main            d.u.i.k.p.i.AbstractProblemLoader Environment load took 110.1ns 
182653     INFO  main            d.u.i.k.p.i.AbstractProblemLoader Creating init config 
183605     DEBUG main            d.u.i.k.j.r.ClassPreparationMethodBuilder clPrepBuilder: Inner Class detected. Reject building class initialisation methods. 
185607     DEBUG main            d.u.i.k.p.i.AbstractProblemLoader Init config took 2.95s 
185671     INFO  main            d.u.i.k.p.i.AbstractProblemLoader Replaying proof ArrayList.ArrayListIterator[ListIterator::next()].JML normal_behavior operation contract.0 
185844     DEBUG main            d.u.i.k.p.i.IntermediateProofReplayer Proof replay took 169.09ms 
185846     DEBUG main            d.u.i.k.p.r.p.TestFile    ... success: reloaded. 
185847     INFO  main            d.u.i.k.p.r.p.TestFile    Now processing file /home/runner/work/key/key/key.core/../key.ui/examples/heap/list/ArrayList.ArrayListIterator_pos.key 
185847     INFO  main            d.u.i.k.p.i.AbstractProblemLoader Loading environment from /home/runner/work/key/key/key.core/../key.ui/examples/heap/list/ArrayList.ArrayListIterator_pos.key 
185847     DEBUG main            d.u.i.k.p.i.AbstractProblemLoader Environment load took 79ns 
185848     INFO  main            d.u.i.k.p.i.AbstractProblemLoader Creating init config 
186840     DEBUG main            d.u.i.k.j.r.ClassPreparationMethodBuilder clPrepBuilder: Inner Class detected. Reject building class initialisation methods. 
188891     DEBUG main            d.u.i.k.p.i.AbstractProblemLoader Init config took 3.04s 
188929     INFO  main            d.u.i.k.p.i.AbstractProblemLoader Replaying proof ListIterator[ListIterator::$pos()].JML accessible clause.0 
188930     DEBUG main            d.u.i.k.p.i.IntermediateProofReplayer Proof replay took 6.2ns 
189033     INFO  main            d.u.i.k.p.r.p.TestFile    ... finished proof: closed. 
189293     INFO  main            d.u.i.k.p.i.AbstractProblemLoader Loading environment from /home/runner/work/key/key/key.core/../key.ui/examples/heap/list/ArrayList.ArrayListIterator_pos.key.proof 
189293     DEBUG main            d.u.i.k.p.i.AbstractProblemLoader Environment load took 111.9ns 
189294     INFO  main            d.u.i.k.p.i.AbstractProblemLoader Creating init config 
190254     DEBUG main            d.u.i.k.j.r.ClassPreparationMethodBuilder clPrepBuilder: Inner Class detected. Reject building class initialisation methods. 
192260     DEBUG main            d.u.i.k.p.i.AbstractProblemLoader Init config took 2.97s 
192300     INFO  main            d.u.i.k.p.i.AbstractProblemLoader Replaying proof ListIterator[ListIterator::$pos()].JML accessible clause.0 
192302     DEBUG main            d.u.i.k.p.i.IntermediateProofReplayer Proof replay took 931.32ns 
192303     DEBUG main            d.u.i.k.p.r.p.TestFile    ... success: reloaded. 
192304     INFO  main            d.u.i.k.p.r.p.TestFile    Now processing file /home/runner/work/key/key/key.core/../key.ui/examples/heap/list/Client_m.key 
192304     INFO  main            d.u.i.k.p.i.AbstractProblemLoader Loading environment from /home/runner/work/key/key/key.core/../key.ui/examples/heap/list/Client_m.key 
192304     DEBUG main            d.u.i.k.p.i.AbstractProblemLoader Environment load took 84.8ns 
192305     INFO  main            d.u.i.k.p.i.AbstractProblemLoader Creating init config 
193301     DEBUG main            d.u.i.k.j.r.ClassPreparationMethodBuilder clPrepBuilder: Inner Class detected. Reject building class initialisation methods. 
195347     DEBUG main            d.u.i.k.p.i.AbstractProblemLoader Init config took 3.04s 
195406     INFO  main            d.u.i.k.p.i.AbstractProblemLoader Replaying proof Client[Client::m(List)].JML normal_behavior operation contract.0 
195413     DEBUG main            d.u.i.k.p.i.IntermediateProofReplayer Proof replay took 6ns 
195715     INFO  main            d.u.i.k.p.r.p.TestFile    ... finished proof: closed. 
196003     INFO  main            d.u.i.k.p.i.AbstractProblemLoader Loading environment from /home/runner/work/key/key/key.core/../key.ui/examples/heap/list/Client_m.key.proof 
196003     DEBUG main            d.u.i.k.p.i.AbstractProblemLoader Environment load took 110.4ns 
196004     INFO  main            d.u.i.k.p.i.AbstractProblemLoader Creating init config 
196967     DEBUG main            d.u.i.k.j.r.ClassPreparationMethodBuilder clPrepBuilder: Inner Class detected. Reject building class initialisation methods. 
198983     DEBUG main            d.u.i.k.p.i.AbstractProblemLoader Init config took 2.98s 
199022     INFO  main            d.u.i.k.p.i.AbstractProblemLoader Replaying proof Client[Client::m(List)].JML normal_behavior operation contract.0 
199081     DEBUG main            d.u.i.k.p.i.IntermediateProofReplayer Proof replay took 55.7ms 
199082     DEBUG main            d.u.i.k.p.r.p.TestFile    ... success: reloaded. 
199083     INFO  main            d.u.i.k.p.r.p.TestFile    Now processing file /home/runner/work/key/key/key.core/../key.ui/examples/heap/list/Client_n.key 
199083     INFO  main            d.u.i.k.p.i.AbstractProblemLoader Loading environment from /home/runner/work/key/key/key.core/../key.ui/examples/heap/list/Client_n.key 
199083     DEBUG main            d.u.i.k.p.i.AbstractProblemLoader Environment load took 111.8ns 
199084     INFO  main            d.u.i.k.p.i.AbstractProblemLoader Creating init config 
200060     DEBUG main            d.u.i.k.j.r.ClassPreparationMethodBuilder clPrepBuilder: Inner Class detected. Reject building class initialisation methods. 
202137     DEBUG main            d.u.i.k.p.i.AbstractProblemLoader Init config took 3.05s 
202178     INFO  main            d.u.i.k.p.i.AbstractProblemLoader Replaying proof Client[Client::n(List)].JML normal_behavior operation contract.0 
202180     DEBUG main            d.u.i.k.p.i.IntermediateProofReplayer Proof replay took 6.1ns 
202282     INFO  main            d.u.i.k.p.r.p.TestFile    ... finished proof: closed. 
202566     INFO  main            d.u.i.k.p.i.AbstractProblemLoader Loading environment from /home/runner/work/key/key/key.core/../key.ui/examples/heap/list/Client_n.key.proof 
202567     DEBUG main            d.u.i.k.p.i.AbstractProblemLoader Environment load took 97.1ns 
202568     INFO  main            d.u.i.k.p.i.AbstractProblemLoader Creating init config 
203526     DEBUG main            d.u.i.k.j.r.ClassPreparationMethodBuilder clPrepBuilder: Inner Class detected. Reject building class initialisation methods. 
205574     DEBUG main            d.u.i.k.p.i.AbstractProblemLoader Init config took 3.01s 
205612     INFO  main            d.u.i.k.p.i.AbstractProblemLoader Replaying proof Client[Client::n(List)].JML normal_behavior operation contract.0 
205632     DEBUG main            d.u.i.k.p.i.IntermediateProofReplayer Proof replay took 17.5ms 
205633     DEBUG main            d.u.i.k.p.r.p.TestFile    ... success: reloaded. 
205634     INFO  main            d.u.i.k.p.r.p.TestFile    Now processing file /home/runner/work/key/key/key.core/../key.ui/examples/heap/list/LinkedList_get_exceptional.key 
205634     INFO  main            d.u.i.k.p.i.AbstractProblemLoader Loading environment from /home/runner/work/key/key/key.core/../key.ui/examples/heap/list/LinkedList_get_exceptional.key 
205634     DEBUG main            d.u.i.k.p.i.AbstractProblemLoader Environment load took 89.6ns 
205635     INFO  main            d.u.i.k.p.i.AbstractProblemLoader Creating init config 
206608     DEBUG main            d.u.i.k.j.r.ClassPreparationMethodBuilder clPrepBuilder: Inner Class detected. Reject building class initialisation methods. 
208636     DEBUG main            d.u.i.k.p.i.AbstractProblemLoader Init config took 3s 
208682     INFO  main            d.u.i.k.p.i.AbstractProblemLoader Replaying proof LinkedList[List::get(int)].JML exceptional_behavior operation contract.0 
208684     DEBUG main            d.u.i.k.p.i.IntermediateProofReplayer Proof replay took 7.3ns 
210804     INFO  main            d.u.i.k.p.r.p.TestFile    ... finished proof: closed. 
211107     INFO  main            d.u.i.k.p.i.AbstractProblemLoader Loading environment from /home/runner/work/key/key/key.core/../key.ui/examples/heap/list/LinkedList_get_exceptional.key.proof 
211107     DEBUG main            d.u.i.k.p.i.AbstractProblemLoader Environment load took 106.5ns 
211108     INFO  main            d.u.i.k.p.i.AbstractProblemLoader Creating init config 
212060     DEBUG main            d.u.i.k.j.r.ClassPreparationMethodBuilder clPrepBuilder: Inner Class detected. Reject building class initialisation methods. 
214049     DEBUG main            d.u.i.k.p.i.AbstractProblemLoader Init config took 2.94s 
214107     INFO  main            d.u.i.k.p.i.AbstractProblemLoader Replaying proof LinkedList[List::get(int)].JML exceptional_behavior operation contract.0 
214398     DEBUG main            d.u.i.k.p.i.IntermediateProofReplayer Proof replay took 283.07ms 
214400     DEBUG main            d.u.i.k.p.r.p.TestFile    ... success: reloaded. 
214401     INFO  main            d.u.i.k.p.r.p.TestFile    Now processing file /home/runner/work/key/key/key.core/../key.ui/examples/heap/list/LinkedList_get_normal.key 
214402     INFO  main            d.u.i.k.p.i.AbstractProblemLoader Loading environment from /home/runner/work/key/key/key.core/../key.ui/examples/heap/list/LinkedList_get_normal.key 
214402     DEBUG main            d.u.i.k.p.i.AbstractProblemLoader Environment load took 230.4ns 
214403     INFO  main            d.u.i.k.p.i.AbstractProblemLoader Creating init config 
215375     DEBUG main            d.u.i.k.j.r.ClassPreparationMethodBuilder clPrepBuilder: Inner Class detected. Reject building class initialisation methods. 
217432     DEBUG main            d.u.i.k.p.i.AbstractProblemLoader Init config took 3.03s 
217499     INFO  main            d.u.i.k.p.i.AbstractProblemLoader Replaying proof LinkedList[List::get(int)].JML normal_behavior operation contract.0 
217501     DEBUG main            d.u.i.k.p.i.IntermediateProofReplayer Proof replay took 6.1ns 
222716     INFO  main            d.u.i.k.p.r.p.TestFile    ... finished proof: closed. 
223075     INFO  main            d.u.i.k.p.i.AbstractProblemLoader Loading environment from /home/runner/work/key/key/key.core/../key.ui/examples/heap/list/LinkedList_get_normal.key.proof 
223076     DEBUG main            d.u.i.k.p.i.AbstractProblemLoader Environment load took 497.61ns 
223078     INFO  main            d.u.i.k.p.i.AbstractProblemLoader Creating init config 
224033     DEBUG main            d.u.i.k.j.r.ClassPreparationMethodBuilder clPrepBuilder: Inner Class detected. Reject building class initialisation methods. 
226022     DEBUG main            d.u.i.k.p.i.AbstractProblemLoader Init config took 2.94s 
226066     INFO  main            d.u.i.k.p.i.AbstractProblemLoader Replaying proof LinkedList[List::get(int)].JML normal_behavior operation contract.0 
226516     DEBUG main            d.u.i.k.p.i.IntermediateProofReplayer Proof replay took 429.77ms 
226518     DEBUG main            d.u.i.k.p.r.p.TestFile    ... success: reloaded. 
226519     INFO  main            d.u.i.k.p.r.p.TestFile    Now processing file /home/runner/work/key/key/key.core/../key.ui/examples/heap/list/LinkedList_LinkedList.key 
226519     INFO  main            d.u.i.k.p.i.AbstractProblemLoader Loading environment from /home/runner/work/key/key/key.core/../key.ui/examples/heap/list/LinkedList_LinkedList.key 
226519     DEBUG main            d.u.i.k.p.i.AbstractProblemLoader Environment load took 53.5ns 
226520     INFO  main            d.u.i.k.p.i.AbstractProblemLoader Creating init config 
227507     DEBUG main            d.u.i.k.j.r.ClassPreparationMethodBuilder clPrepBuilder: Inner Class detected. Reject building class initialisation methods. 
229542     DEBUG main            d.u.i.k.p.i.AbstractProblemLoader Init config took 3.02s 
229584     INFO  main            d.u.i.k.p.i.AbstractProblemLoader Replaying proof LinkedList[LinkedList::LinkedList()].JML normal_behavior operation contract.0 
229586     DEBUG main            d.u.i.k.p.i.IntermediateProofReplayer Proof replay took 5.5ns 
230088     INFO  main            d.u.i.k.p.r.p.TestFile    ... finished proof: closed. 
230386     INFO  main            d.u.i.k.p.i.AbstractProblemLoader Loading environment from /home/runner/work/key/key/key.core/../key.ui/examples/heap/list/LinkedList_LinkedList.key.proof 
230386     DEBUG main            d.u.i.k.p.i.AbstractProblemLoader Environment load took 109.6ns 
230387     INFO  main            d.u.i.k.p.i.AbstractProblemLoader Creating init config 
231341     DEBUG main            d.u.i.k.j.r.ClassPreparationMethodBuilder clPrepBuilder: Inner Class detected. Reject building class initialisation methods. 
233335     DEBUG main            d.u.i.k.p.i.AbstractProblemLoader Init config took 2.95s 
233378     INFO  main            d.u.i.k.p.i.AbstractProblemLoader Replaying proof LinkedList[LinkedList::LinkedList()].JML normal_behavior operation contract.0 
233486     DEBUG main            d.u.i.k.p.i.IntermediateProofReplayer Proof replay took 104.53ms 
233487     DEBUG main            d.u.i.k.p.r.p.TestFile    ... success: reloaded. 
233488     INFO  main            d.u.i.k.p.r.p.TestFile    Now processing file /home/runner/work/key/key/key.core/../key.ui/examples/heap/list/LinkedList_size_dep.key 
233489     INFO  main            d.u.i.k.p.i.AbstractProblemLoader Loading environment from /home/runner/work/key/key/key.core/../key.ui/examples/heap/list/LinkedList_size_dep.key 
233489     DEBUG main            d.u.i.k.p.i.AbstractProblemLoader Environment load took 220.7ns 
233490     INFO  main            d.u.i.k.p.i.AbstractProblemLoader Creating init config 
234454     DEBUG main            d.u.i.k.j.r.ClassPreparationMethodBuilder clPrepBuilder: Inner Class detected. Reject building class initialisation methods. 
236498     DEBUG main            d.u.i.k.p.i.AbstractProblemLoader Init config took 3.01s 
236540     INFO  main            d.u.i.k.p.i.AbstractProblemLoader Replaying proof LinkedList[List::size()].JML accessible clause.0 
236542     DEBUG main            d.u.i.k.p.i.IntermediateProofReplayer Proof replay took 6.3ns 
237045     INFO  main            d.u.i.k.p.r.p.TestFile    ... finished proof: closed. 
237362     INFO  main            d.u.i.k.p.i.AbstractProblemLoader Loading environment from /home/runner/work/key/key/key.core/../key.ui/examples/heap/list/LinkedList_size_dep.key.proof 
237362     DEBUG main            d.u.i.k.p.i.AbstractProblemLoader Environment load took 106ns 
237363     INFO  main            d.u.i.k.p.i.AbstractProblemLoader Creating init config 
238316     DEBUG main            d.u.i.k.j.r.ClassPreparationMethodBuilder clPrepBuilder: Inner Class detected. Reject building class initialisation methods. 
240311     DEBUG main            d.u.i.k.p.i.AbstractProblemLoader Init config took 2.95s 
240370     INFO  main            d.u.i.k.p.i.AbstractProblemLoader Replaying proof LinkedList[List::size()].JML accessible clause.0 
240416     DEBUG main            d.u.i.k.p.i.IntermediateProofReplayer Proof replay took 43.73ms 
240417     DEBUG main            d.u.i.k.p.r.p.TestFile    ... success: reloaded. 
240418     INFO  main            d.u.i.k.p.r.p.TestFile    Now processing file /home/runner/work/key/key/key.core/../key.ui/examples/heap/list/LinkedList_size.key 
240418     INFO  main            d.u.i.k.p.i.AbstractProblemLoader Loading environment from /home/runner/work/key/key/key.core/../key.ui/examples/heap/list/LinkedList_size.key 
240418     DEBUG main            d.u.i.k.p.i.AbstractProblemLoader Environment load took 85.8ns 
240419     INFO  main            d.u.i.k.p.i.AbstractProblemLoader Creating init config 
241402     DEBUG main            d.u.i.k.j.r.ClassPreparationMethodBuilder clPrepBuilder: Inner Class detected. Reject building class initialisation methods. 
243441     DEBUG main            d.u.i.k.p.i.AbstractProblemLoader Init config took 3.02s 
243484     INFO  main            d.u.i.k.p.i.AbstractProblemLoader Replaying proof LinkedList[List::size()].JML normal_behavior operation contract.0 
243485     DEBUG main            d.u.i.k.p.i.IntermediateProofReplayer Proof replay took 6.4ns 
243893     INFO  main            d.u.i.k.p.r.p.TestFile    ... finished proof: closed. 
244218     INFO  main            d.u.i.k.p.i.AbstractProblemLoader Loading environment from /home/runner/work/key/key/key.core/../key.ui/examples/heap/list/LinkedList_size.key.proof 
244218     DEBUG main            d.u.i.k.p.i.AbstractProblemLoader Environment load took 141.6ns 
244219     INFO  main            d.u.i.k.p.i.AbstractProblemLoader Creating init config 
245169     DEBUG main            d.u.i.k.j.r.ClassPreparationMethodBuilder clPrepBuilder: Inner Class detected. Reject building class initialisation methods. 
247171     DEBUG main            d.u.i.k.p.i.AbstractProblemLoader Init config took 2.95s 
247213     INFO  main            d.u.i.k.p.i.AbstractProblemLoader Replaying proof LinkedList[List::size()].JML normal_behavior operation contract.0 
247255     DEBUG main            d.u.i.k.p.i.IntermediateProofReplayer Proof replay took 39.19ms 
247256     DEBUG main            d.u.i.k.p.r.p.TestFile    ... success: reloaded. 
247256     INFO  main            d.u.i.k.p.r.p.TestFile    Now processing file /home/runner/work/key/key/key.core/../key.ui/examples/heap/list/MySet_footprint.key 
247257     INFO  main            d.u.i.k.p.i.AbstractProblemLoader Loading environment from /home/runner/work/key/key/key.core/../key.ui/examples/heap/list/MySet_footprint.key 
247257     DEBUG main            d.u.i.k.p.i.AbstractProblemLoader Environment load took 49.2ns 
247258     INFO  main            d.u.i.k.p.i.AbstractProblemLoader Creating init config 
248227     DEBUG main            d.u.i.k.j.r.ClassPreparationMethodBuilder clPrepBuilder: Inner Class detected. Reject building class initialisation methods. 
250273     DEBUG main            d.u.i.k.p.i.AbstractProblemLoader Init config took 3.02s 
250318     INFO  main            d.u.i.k.p.i.AbstractProblemLoader Replaying proof MySet[MySet::$footprint()].JML accessible clause.0 
250319     DEBUG main            d.u.i.k.p.i.IntermediateProofReplayer Proof replay took 5.8ns 
250625     INFO  main            d.u.i.k.p.r.p.TestFile    ... finished proof: closed. 
250987     INFO  main            d.u.i.k.p.i.AbstractProblemLoader Loading environment from /home/runner/work/key/key/key.core/../key.ui/examples/heap/list/MySet_footprint.key.proof 
250987     DEBUG main            d.u.i.k.p.i.AbstractProblemLoader Environment load took 98.6ns 
250989     INFO  main            d.u.i.k.p.i.AbstractProblemLoader Creating init config 
251943     DEBUG main            d.u.i.k.j.r.ClassPreparationMethodBuilder clPrepBuilder: Inner Class detected. Reject building class initialisation methods. 
253948     DEBUG main            d.u.i.k.p.i.AbstractProblemLoader Init config took 2.96s 
253992     INFO  main            d.u.i.k.p.i.AbstractProblemLoader Replaying proof MySet[MySet::$footprint()].JML accessible clause.0 
254024     DEBUG main            d.u.i.k.p.i.IntermediateProofReplayer Proof replay took 29.03ms 
254025     DEBUG main            d.u.i.k.p.r.p.TestFile    ... success: reloaded. 
254026     INFO  main            d.u.i.k.p.r.p.TestFile    Now processing file /home/runner/work/key/key/key.core/../key.ui/examples/heap/list/MySet_MySet.key 
254026     INFO  main            d.u.i.k.p.i.AbstractProblemLoader Loading environment from /home/runner/work/key/key/key.core/../key.ui/examples/heap/list/MySet_MySet.key 
254026     DEBUG main            d.u.i.k.p.i.AbstractProblemLoader Environment load took 87ns 
254027     INFO  main            d.u.i.k.p.i.AbstractProblemLoader Creating init config 
254994     DEBUG main            d.u.i.k.j.r.ClassPreparationMethodBuilder clPrepBuilder: Inner Class detected. Reject building class initialisation methods. 
257033     DEBUG main            d.u.i.k.p.i.AbstractProblemLoader Init config took 3.01s 
257078     INFO  main            d.u.i.k.p.i.AbstractProblemLoader Replaying proof MySet[MySet::MySet()].JML normal_behavior operation contract.0 
257079     DEBUG main            d.u.i.k.p.i.IntermediateProofReplayer Proof replay took 6.8ns 
259389     INFO  main            d.u.i.k.p.r.p.TestFile    ... finished proof: closed. 
259737     INFO  main            d.u.i.k.p.i.AbstractProblemLoader Loading environment from /home/runner/work/key/key/key.core/../key.ui/examples/heap/list/MySet_MySet.key.proof 
259737     DEBUG main            d.u.i.k.p.i.AbstractProblemLoader Environment load took 499.91ns 
259739     INFO  main            d.u.i.k.p.i.AbstractProblemLoader Creating init config 
260688     DEBUG main            d.u.i.k.j.r.ClassPreparationMethodBuilder clPrepBuilder: Inner Class detected. Reject building class initialisation methods. 
262687     DEBUG main            d.u.i.k.p.i.AbstractProblemLoader Init config took 2.95s 
262734     INFO  main            d.u.i.k.p.i.AbstractProblemLoader Replaying proof MySet[MySet::MySet()].JML normal_behavior operation contract.0 
263114     DEBUG main            d.u.i.k.p.i.IntermediateProofReplayer Proof replay took 368.91ms 
263116     DEBUG main            d.u.i.k.p.r.p.TestFile    ... success: reloaded. 
1103802    INFO  Test worker     d.u.i.k.p.r.RunAllProofsTestUnit Returning from test list 
1103803    INFO  Test worker     d.u.i.k.p.r.RunAllProofsTestUnit Running test list_ghost 
347        INFO  Timeout watchdog d.u.i.k.p.r.p.ForkedTestFileRunner Timeout watcher launched (2000 secs.) 
359        WARN  main            d.u.i.k.s.ProofSettings   The settings in /home/runner/.key/proof-settings.props are *not* read. 
387        INFO  main            d.u.i.k.p.r.p.TestFile    Now processing file /home/runner/work/key/key/key.core/../key.ui/examples/heap/list_ghost/ArrayList_add.key 
488        INFO  main            d.u.i.k.p.i.AbstractProblemLoader Loading environment from /home/runner/work/key/key/key.core/../key.ui/examples/heap/list_ghost/ArrayList_add.key 
508        DEBUG main            d.u.i.k.p.i.AbstractProblemLoader Environment load took 1.98ms 
716        INFO  main            d.u.i.k.p.i.AbstractProblemLoader Creating init config 
1661       DEBUG main            d.u.i.k.j.TypeConverter   No LDT found for Meta 
1661       DEBUG main            d.u.i.k.j.TypeConverter   No LDT found for Meta 
1664       DEBUG main            d.u.i.k.j.TypeConverter   No LDT found for Meta 
1664       DEBUG main            d.u.i.k.j.TypeConverter   No LDT found for Meta 
2890       DEBUG main            d.u.i.k.j.TypeConverter   No LDT found for JavaBigintExpression 
7605       DEBUG main            d.u.i.k.p.i.AbstractProblemLoader Init config took 6.89s 
7733       INFO  main            d.u.i.k.p.i.AbstractProblemLoader Replaying proof ArrayList[List::add(java.lang.Object)].JML normal_behavior operation contract.0 
7764       DEBUG main            d.u.i.k.p.i.IntermediateProofReplayer Proof replay took 30.4ns 
12585      INFO  main            d.u.i.k.p.r.p.TestFile    ... finished proof: closed. 
12759      INFO  main            d.u.i.k.p.i.AbstractProblemLoader Loading environment from /home/runner/work/key/key/key.core/../key.ui/examples/heap/list_ghost/ArrayList_add.key.proof 
12760      DEBUG main            d.u.i.k.p.i.AbstractProblemLoader Environment load took 504.91ns 
12762      INFO  main            d.u.i.k.p.i.AbstractProblemLoader Creating init config 
15515      DEBUG main            d.u.i.k.p.i.AbstractProblemLoader Init config took 2.75s 
15598      INFO  main            d.u.i.k.p.i.AbstractProblemLoader Replaying proof ArrayList[List::add(java.lang.Object)].JML normal_behavior operation contract.0 
16358      DEBUG main            d.u.i.k.p.i.IntermediateProofReplayer Proof replay took 723.28ms 
16367      DEBUG main            d.u.i.k.p.r.p.TestFile    ... success: reloaded. 
16369      INFO  main            d.u.i.k.p.r.p.TestFile    Now processing file /home/runner/work/key/key/key.core/../key.ui/examples/heap/list_ghost/ArrayList_ArrayList.key 
16370      INFO  main            d.u.i.k.p.i.AbstractProblemLoader Loading environment from /home/runner/work/key/key/key.core/../key.ui/examples/heap/list_ghost/ArrayList_ArrayList.key 
16370      DEBUG main            d.u.i.k.p.i.AbstractProblemLoader Environment load took 244.7ns 
16371      INFO  main            d.u.i.k.p.i.AbstractProblemLoader Creating init config 
19061      DEBUG main            d.u.i.k.p.i.AbstractProblemLoader Init config took 2.69s 
19118      INFO  main            d.u.i.k.p.i.AbstractProblemLoader Replaying proof ArrayList[ArrayList::ArrayList()].JML normal_behavior operation contract.0 
19120      DEBUG main            d.u.i.k.p.i.IntermediateProofReplayer Proof replay took 4.9ns 
20130      INFO  main            d.u.i.k.p.r.p.TestFile    ... finished proof: closed. 
20274      INFO  main            d.u.i.k.p.i.AbstractProblemLoader Loading environment from /home/runner/work/key/key/key.core/../key.ui/examples/heap/list_ghost/ArrayList_ArrayList.key.proof 
20275      DEBUG main            d.u.i.k.p.i.AbstractProblemLoader Environment load took 1.11ms 
20279      INFO  main            d.u.i.k.p.i.AbstractProblemLoader Creating init config 
22881      DEBUG main            d.u.i.k.p.i.AbstractProblemLoader Init config took 2.6s 
22931      INFO  main            d.u.i.k.p.i.AbstractProblemLoader Replaying proof ArrayList[ArrayList::ArrayList()].JML normal_behavior operation contract.0 
23113      DEBUG main            d.u.i.k.p.i.IntermediateProofReplayer Proof replay took 174.69ms 
23115      DEBUG main            d.u.i.k.p.r.p.TestFile    ... success: reloaded. 
23116      INFO  main            d.u.i.k.p.r.p.TestFile    Now processing file /home/runner/work/key/key/key.core/../key.ui/examples/heap/list_ghost/ArrayList_enlarge.key 
23117      INFO  main            d.u.i.k.p.i.AbstractProblemLoader Loading environment from /home/runner/work/key/key/key.core/../key.ui/examples/heap/list_ghost/ArrayList_enlarge.key 
23117      DEBUG main            d.u.i.k.p.i.AbstractProblemLoader Environment load took 292ns 
23118      INFO  main            d.u.i.k.p.i.AbstractProblemLoader Creating init config 
25758      DEBUG main            d.u.i.k.p.i.AbstractProblemLoader Init config took 2.64s 
25805      INFO  main            d.u.i.k.p.i.AbstractProblemLoader Replaying proof ArrayList[ArrayList::enlarge()].JML normal_behavior operation contract.0 
25807      DEBUG main            d.u.i.k.p.i.IntermediateProofReplayer Proof replay took 5.2ns 
27750      INFO  main            d.u.i.k.p.r.p.TestFile    ... finished proof: closed. 
27909      INFO  main            d.u.i.k.p.i.AbstractProblemLoader Loading environment from /home/runner/work/key/key/key.core/../key.ui/examples/heap/list_ghost/ArrayList_enlarge.key.proof 
27910      DEBUG main            d.u.i.k.p.i.AbstractProblemLoader Environment load took 548.21ns 
27911      INFO  main            d.u.i.k.p.i.AbstractProblemLoader Creating init config 
30458      DEBUG main            d.u.i.k.p.i.AbstractProblemLoader Init config took 2.55s 
30505      INFO  main            d.u.i.k.p.i.AbstractProblemLoader Replaying proof ArrayList[ArrayList::enlarge()].JML normal_behavior operation contract.0 
30949      DEBUG main            d.u.i.k.p.i.IntermediateProofReplayer Proof replay took 420.99ms 
30950      DEBUG main            d.u.i.k.p.r.p.TestFile    ... success: reloaded. 
30951      INFO  main            d.u.i.k.p.r.p.TestFile    Now processing file /home/runner/work/key/key/key.core/../key.ui/examples/heap/list_ghost/ArrayList_get_dep.key 
30952      INFO  main            d.u.i.k.p.i.AbstractProblemLoader Loading environment from /home/runner/work/key/key/key.core/../key.ui/examples/heap/list_ghost/ArrayList_get_dep.key 
30952      DEBUG main            d.u.i.k.p.i.AbstractProblemLoader Environment load took 225.8ns 
30953      INFO  main            d.u.i.k.p.i.AbstractProblemLoader Creating init config 
33582      DEBUG main            d.u.i.k.p.i.AbstractProblemLoader Init config took 2.63s 
33628      INFO  main            d.u.i.k.p.i.AbstractProblemLoader Replaying proof ArrayList[List::get(int)].JML accessible clause.0 
33629      DEBUG main            d.u.i.k.p.i.IntermediateProofReplayer Proof replay took 6ns 
33935      INFO  main            d.u.i.k.p.r.p.TestFile    ... finished proof: closed. 
34099      INFO  main            d.u.i.k.p.i.AbstractProblemLoader Loading environment from /home/runner/work/key/key/key.core/../key.ui/examples/heap/list_ghost/ArrayList_get_dep.key.proof 
34099      DEBUG main            d.u.i.k.p.i.AbstractProblemLoader Environment load took 133.1ns 
34100      INFO  main            d.u.i.k.p.i.AbstractProblemLoader Creating init config 
36650      DEBUG main            d.u.i.k.p.i.AbstractProblemLoader Init config took 2.55s 
36694      INFO  main            d.u.i.k.p.i.AbstractProblemLoader Replaying proof ArrayList[List::get(int)].JML accessible clause.0 
36759      DEBUG main            d.u.i.k.p.i.IntermediateProofReplayer Proof replay took 61.49ms 
36760      DEBUG main            d.u.i.k.p.r.p.TestFile    ... success: reloaded. 
36762      INFO  main            d.u.i.k.p.r.p.TestFile    Now processing file /home/runner/work/key/key/key.core/../key.ui/examples/heap/list_ghost/ArrayList_get_exceptional.key 
36762      INFO  main            d.u.i.k.p.i.AbstractProblemLoader Loading environment from /home/runner/work/key/key/key.core/../key.ui/examples/heap/list_ghost/ArrayList_get_exceptional.key 
36762      DEBUG main            d.u.i.k.p.i.AbstractProblemLoader Environment load took 242.5ns 
36763      INFO  main            d.u.i.k.p.i.AbstractProblemLoader Creating init config 
39326      DEBUG main            d.u.i.k.p.i.AbstractProblemLoader Init config took 2.56s 
39370      INFO  main            d.u.i.k.p.i.AbstractProblemLoader Replaying proof ArrayList[List::get(int)].JML exceptional_behavior operation contract.0 
39372      DEBUG main            d.u.i.k.p.i.IntermediateProofReplayer Proof replay took 6.1ns 
40076      INFO  main            d.u.i.k.p.r.p.TestFile    ... finished proof: closed. 
40351      INFO  main            d.u.i.k.p.i.AbstractProblemLoader Loading environment from /home/runner/work/key/key/key.core/../key.ui/examples/heap/list_ghost/ArrayList_get_exceptional.key.proof 
40352      DEBUG main            d.u.i.k.p.i.AbstractProblemLoader Environment load took 493.81ns 
40353      INFO  main            d.u.i.k.p.i.AbstractProblemLoader Creating init config 
42861      DEBUG main            d.u.i.k.p.i.AbstractProblemLoader Init config took 2.51s 
42913      INFO  main            d.u.i.k.p.i.AbstractProblemLoader Replaying proof ArrayList[List::get(int)].JML exceptional_behavior operation contract.0 
43066      DEBUG main            d.u.i.k.p.i.IntermediateProofReplayer Proof replay took 146.56ms 
43067      DEBUG main            d.u.i.k.p.r.p.TestFile    ... success: reloaded. 
43068      INFO  main            d.u.i.k.p.r.p.TestFile    Now processing file /home/runner/work/key/key/key.core/../key.ui/examples/heap/list_ghost/ArrayList_get_normal.key 
43069      INFO  main            d.u.i.k.p.i.AbstractProblemLoader Loading environment from /home/runner/work/key/key/key.core/../key.ui/examples/heap/list_ghost/ArrayList_get_normal.key 
43069      DEBUG main            d.u.i.k.p.i.AbstractProblemLoader Environment load took 243.5ns 
43070      INFO  main            d.u.i.k.p.i.AbstractProblemLoader Creating init config 
45628      DEBUG main            d.u.i.k.p.i.AbstractProblemLoader Init config took 2.56s 
45670      INFO  main            d.u.i.k.p.i.AbstractProblemLoader Replaying proof ArrayList[List::get(int)].JML normal_behavior operation contract.0 
45671      DEBUG main            d.u.i.k.p.i.IntermediateProofReplayer Proof replay took 6.9ns 
45974      INFO  main            d.u.i.k.p.r.p.TestFile    ... finished proof: closed. 
46174      INFO  main            d.u.i.k.p.i.AbstractProblemLoader Loading environment from /home/runner/work/key/key/key.core/../key.ui/examples/heap/list_ghost/ArrayList_get_normal.key.proof 
46174      DEBUG main            d.u.i.k.p.i.AbstractProblemLoader Environment load took 129.3ns 
46175      INFO  main            d.u.i.k.p.i.AbstractProblemLoader Creating init config 
48665      DEBUG main            d.u.i.k.p.i.AbstractProblemLoader Init config took 2.49s 
48706      INFO  main            d.u.i.k.p.i.AbstractProblemLoader Replaying proof ArrayList[List::get(int)].JML normal_behavior operation contract.0 
48757      DEBUG main            d.u.i.k.p.i.IntermediateProofReplayer Proof replay took 47.44ms 
48758      DEBUG main            d.u.i.k.p.r.p.TestFile    ... success: reloaded. 
48759      INFO  main            d.u.i.k.p.r.p.TestFile    Now processing file /home/runner/work/key/key/key.core/../key.ui/examples/heap/list_ghost/ArrayList_inv.key 
48759      INFO  main            d.u.i.k.p.i.AbstractProblemLoader Loading environment from /home/runner/work/key/key/key.core/../key.ui/examples/heap/list_ghost/ArrayList_inv.key 
48759      DEBUG main            d.u.i.k.p.i.AbstractProblemLoader Environment load took 103.1ns 
48760      INFO  main            d.u.i.k.p.i.AbstractProblemLoader Creating init config 
51285      DEBUG main            d.u.i.k.p.i.AbstractProblemLoader Init config took 2.53s 
51332      INFO  main            d.u.i.k.p.i.AbstractProblemLoader Replaying proof ArrayList[java.lang.Object::<inv>()].JML accessible clause.0 
51334      DEBUG main            d.u.i.k.p.i.IntermediateProofReplayer Proof replay took 6.3ns 
51436      INFO  main            d.u.i.k.p.r.p.TestFile    ... finished proof: closed. 
51623      INFO  main            d.u.i.k.p.i.AbstractProblemLoader Loading environment from /home/runner/work/key/key/key.core/../key.ui/examples/heap/list_ghost/ArrayList_inv.key.proof 
51624      DEBUG main            d.u.i.k.p.i.AbstractProblemLoader Environment load took 128.9ns 
51625      INFO  main            d.u.i.k.p.i.AbstractProblemLoader Creating init config 
54088      DEBUG main            d.u.i.k.p.i.AbstractProblemLoader Init config took 2.46s 
54126      INFO  main            d.u.i.k.p.i.AbstractProblemLoader Replaying proof ArrayList[java.lang.Object::<inv>()].JML accessible clause.0 
54138      DEBUG main            d.u.i.k.p.i.IntermediateProofReplayer Proof replay took 9.21ms 
54138      DEBUG main            d.u.i.k.p.r.p.TestFile    ... success: reloaded. 
54139      INFO  main            d.u.i.k.p.r.p.TestFile    Now processing file /home/runner/work/key/key/key.core/../key.ui/examples/heap/list_ghost/ArrayList_size_dep.key 
54140      INFO  main            d.u.i.k.p.i.AbstractProblemLoader Loading environment from /home/runner/work/key/key/key.core/../key.ui/examples/heap/list_ghost/ArrayList_size_dep.key 
54140      DEBUG main            d.u.i.k.p.i.AbstractProblemLoader Environment load took 110.7ns 
54141      INFO  main            d.u.i.k.p.i.AbstractProblemLoader Creating init config 
56685      DEBUG main            d.u.i.k.p.i.AbstractProblemLoader Init config took 2.54s 
56723      INFO  main            d.u.i.k.p.i.AbstractProblemLoader Replaying proof ArrayList[List::size()].JML accessible clause.0 
56725      DEBUG main            d.u.i.k.p.i.IntermediateProofReplayer Proof replay took 6.1ns 
56828      INFO  main            d.u.i.k.p.r.p.TestFile    ... finished proof: closed. 
57000      INFO  main            d.u.i.k.p.i.AbstractProblemLoader Loading environment from /home/runner/work/key/key/key.core/../key.ui/examples/heap/list_ghost/ArrayList_size_dep.key.proof 
57000      DEBUG main            d.u.i.k.p.i.AbstractProblemLoader Environment load took 127ns 
57001      INFO  main            d.u.i.k.p.i.AbstractProblemLoader Creating init config 
59470      DEBUG main            d.u.i.k.p.i.AbstractProblemLoader Init config took 2.47s 
59507      INFO  main            d.u.i.k.p.i.AbstractProblemLoader Replaying proof ArrayList[List::size()].JML accessible clause.0 
59522      DEBUG main            d.u.i.k.p.i.IntermediateProofReplayer Proof replay took 12.23ms 
59522      DEBUG main            d.u.i.k.p.r.p.TestFile    ... success: reloaded. 
59524      INFO  main            d.u.i.k.p.r.p.TestFile    Now processing file /home/runner/work/key/key/key.core/../key.ui/examples/heap/list_ghost/ArrayList_size.key 
59524      INFO  main            d.u.i.k.p.i.AbstractProblemLoader Loading environment from /home/runner/work/key/key/key.core/../key.ui/examples/heap/list_ghost/ArrayList_size.key 
59524      DEBUG main            d.u.i.k.p.i.AbstractProblemLoader Environment load took 97.2ns 
59525      INFO  main            d.u.i.k.p.i.AbstractProblemLoader Creating init config 
62060      DEBUG main            d.u.i.k.p.i.AbstractProblemLoader Init config took 2.54s 
62098      INFO  main            d.u.i.k.p.i.AbstractProblemLoader Replaying proof ArrayList[List::size()].JML normal_behavior operation contract.0 
62099      DEBUG main            d.u.i.k.p.i.IntermediateProofReplayer Proof replay took 6ns 
62202      INFO  main            d.u.i.k.p.r.p.TestFile    ... finished proof: closed. 
62382      INFO  main            d.u.i.k.p.i.AbstractProblemLoader Loading environment from /home/runner/work/key/key/key.core/../key.ui/examples/heap/list_ghost/ArrayList_size.key.proof 
62382      DEBUG main            d.u.i.k.p.i.AbstractProblemLoader Environment load took 125.7ns 
62383      INFO  main            d.u.i.k.p.i.AbstractProblemLoader Creating init config 
64873      DEBUG main            d.u.i.k.p.i.AbstractProblemLoader Init config took 2.49s 
64910      INFO  main            d.u.i.k.p.i.AbstractProblemLoader Replaying proof ArrayList[List::size()].JML normal_behavior operation contract.0 
64925      DEBUG main            d.u.i.k.p.i.IntermediateProofReplayer Proof replay took 13.2ms 
64927      DEBUG main            d.u.i.k.p.r.p.TestFile    ... success: reloaded. 
1168898    INFO  Test worker     d.u.i.k.p.r.RunAllProofsTestUnit Returning from test list_ghost 
1168899    INFO  Test worker     d.u.i.k.p.r.RunAllProofsTestUnit Running test list_recursive 
348        INFO  Timeout watchdog d.u.i.k.p.r.p.ForkedTestFileRunner Timeout watcher launched (2000 secs.) 
373        WARN  main            d.u.i.k.s.ProofSettings   The settings in /home/runner/.key/proof-settings.props are *not* read. 
421        INFO  main            d.u.i.k.p.r.p.TestFile    Now processing file /home/runner/work/key/key/key.core/../key.ui/examples/heap/list_recursiveSpec/ListOperationsNonNull_getNextNN_normal_behavior.key 
540        INFO  main            d.u.i.k.p.i.AbstractProblemLoader Loading environment from /home/runner/work/key/key/key.core/../key.ui/examples/heap/list_recursiveSpec/ListOperationsNonNull_getNextNN_normal_behavior.key 
557        DEBUG main            d.u.i.k.p.i.AbstractProblemLoader Environment load took 1.83ms 
774        INFO  main            d.u.i.k.p.i.AbstractProblemLoader Creating init config 
1820       DEBUG main            d.u.i.k.j.TypeConverter   No LDT found for Meta 
1820       DEBUG main            d.u.i.k.j.TypeConverter   No LDT found for Meta 
1824       DEBUG main            d.u.i.k.j.TypeConverter   No LDT found for Meta 
1824       DEBUG main            d.u.i.k.j.TypeConverter   No LDT found for Meta 
3098       DEBUG main            d.u.i.k.j.TypeConverter   No LDT found for JavaBigintExpression 
8009       DEBUG main            d.u.i.k.p.i.AbstractProblemLoader Init config took 7.23s 
8196       INFO  main            d.u.i.k.p.i.AbstractProblemLoader Replaying proof ListOperationsNonNull[ListOperationsNonNull::getNextNN(ListNN,int)].JML normal_behavior operation contract.0 
8233       DEBUG main            d.u.i.k.p.i.IntermediateProofReplayer Proof replay took 34.7ns 
9674       INFO  main            d.u.i.k.p.r.p.TestFile    ... finished proof: closed. 
9815       INFO  main            d.u.i.k.p.i.AbstractProblemLoader Loading environment from /home/runner/work/key/key/key.core/../key.ui/examples/heap/list_recursiveSpec/ListOperationsNonNull_getNextNN_normal_behavior.key.proof 
9815       DEBUG main            d.u.i.k.p.i.AbstractProblemLoader Environment load took 519.11ns 
9817       INFO  main            d.u.i.k.p.i.AbstractProblemLoader Creating init config 
12773      DEBUG main            d.u.i.k.p.i.AbstractProblemLoader Init config took 2.96s 
12867      INFO  main            d.u.i.k.p.i.AbstractProblemLoader Replaying proof ListOperationsNonNull[ListOperationsNonNull::getNextNN(ListNN,int)].JML normal_behavior operation contract.0 
13044      DEBUG main            d.u.i.k.p.i.IntermediateProofReplayer Proof replay took 168.43ms 
13054      DEBUG main            d.u.i.k.p.r.p.TestFile    ... success: reloaded. 
13061      INFO  main            d.u.i.k.p.r.p.TestFile    Now processing file /home/runner/work/key/key/key.core/../key.ui/examples/heap/list_recursiveSpec/ListOperationsNonNull_setValueAt_normal_behavior.key 
13062      INFO  main            d.u.i.k.p.i.AbstractProblemLoader Loading environment from /home/runner/work/key/key/key.core/../key.ui/examples/heap/list_recursiveSpec/ListOperationsNonNull_setValueAt_normal_behavior.key 
13062      DEBUG main            d.u.i.k.p.i.AbstractProblemLoader Environment load took 130.1ns 
13065      INFO  main            d.u.i.k.p.i.AbstractProblemLoader Creating init config 
15867      DEBUG main            d.u.i.k.p.i.AbstractProblemLoader Init config took 2.8s 
15928      INFO  main            d.u.i.k.p.i.AbstractProblemLoader Replaying proof ListOperationsNonNull[ListOperationsNonNull::setValueAt_NN(ListNN,int,int)].JML normal_behavior operation contract.0 
15931      DEBUG main            d.u.i.k.p.i.IntermediateProofReplayer Proof replay took 6ns 
15957      DEBUG main            d.u.i.k.m.s.ProofScriptEngine 1: 'macro autopilot' 
18488      DEBUG main            d.u.i.k.m.s.ProofScriptEngine 2: 'macro simp-upd' 
18496      DEBUG main            d.u.i.k.m.s.ProofScriptEngine 3: 'rule observerDependencyEQ' 
18517      DEBUG main            d.u.i.k.m.s.ProofScriptEngine 4: 'tryclose' 
18548      INFO  main            d.u.i.k.p.r.p.TestFile    ... finished proof: closed. 
18705      INFO  main            d.u.i.k.p.i.AbstractProblemLoader Loading environment from /home/runner/work/key/key/key.core/../key.ui/examples/heap/list_recursiveSpec/ListOperationsNonNull_setValueAt_normal_behavior.key.proof 
18706      DEBUG main            d.u.i.k.p.i.AbstractProblemLoader Environment load took 1.11ms 
18709      INFO  main            d.u.i.k.p.i.AbstractProblemLoader Creating init config 
21436      DEBUG main            d.u.i.k.p.i.AbstractProblemLoader Init config took 2.73s 
21489      INFO  main            d.u.i.k.p.i.AbstractProblemLoader Replaying proof ListOperationsNonNull[ListOperationsNonNull::setValueAt_NN(ListNN,int,int)].JML normal_behavior operation contract.0 
21613      DEBUG main            d.u.i.k.p.i.IntermediateProofReplayer Proof replay took 118.9ms 
21615      DEBUG main            d.u.i.k.p.r.p.TestFile    ... success: reloaded. 
1190694    INFO  Test worker     d.u.i.k.p.r.RunAllProofsTestUnit Returning from test list_recursive 
1190695    INFO  Test worker     d.u.i.k.p.r.RunAllProofsTestUnit Running test list_seq 
338        INFO  Timeout watchdog d.u.i.k.p.r.p.ForkedTestFileRunner Timeout watcher launched (2000 secs.) 
351        WARN  main            d.u.i.k.s.ProofSettings   The settings in /home/runner/.key/proof-settings.props are *not* read. 
377        INFO  main            d.u.i.k.p.r.p.TestFile    Now processing file /home/runner/work/key/key/key.core/../key.ui/examples/heap/list_seq/SimplifiedLinkedList.remove.key 
493        INFO  main            d.u.i.k.p.i.AbstractProblemLoader Loading environment from /home/runner/work/key/key/key.core/../key.ui/examples/heap/list_seq/SimplifiedLinkedList.remove.key 
509        DEBUG main            d.u.i.k.p.i.AbstractProblemLoader Environment load took 1.86ms 
726        INFO  main            d.u.i.k.p.i.AbstractProblemLoader Creating init config 
1667       DEBUG main            d.u.i.k.j.TypeConverter   No LDT found for Meta 
1668       DEBUG main            d.u.i.k.j.TypeConverter   No LDT found for Meta 
1671       DEBUG main            d.u.i.k.j.TypeConverter   No LDT found for Meta 
1671       DEBUG main            d.u.i.k.j.TypeConverter   No LDT found for Meta 
2965       DEBUG main            d.u.i.k.j.TypeConverter   No LDT found for JavaBigintExpression 
8863       DEBUG main            d.u.i.k.p.i.AbstractProblemLoader Init config took 8.14s 
9059       INFO  main            d.u.i.k.p.i.AbstractProblemLoader Replaying proof SimplifiedLinkedList[SimplifiedLinkedList::remove(int)].JML normal_behavior operation contract.0 
9132       DEBUG main            d.u.i.k.p.i.IntermediateProofReplayer Proof replay took 36.9ns 
95357      INFO  main            d.u.i.k.p.r.p.TestFile    ... finished proof: closed. 
95774      INFO  main            d.u.i.k.p.i.AbstractProblemLoader Loading environment from /home/runner/work/key/key/key.core/../key.ui/examples/heap/list_seq/SimplifiedLinkedList.remove.key.proof 
95775      DEBUG main            d.u.i.k.p.i.AbstractProblemLoader Environment load took 542.81ns 
95796      INFO  main            d.u.i.k.p.i.AbstractProblemLoader Creating init config 
98934      DEBUG main            d.u.i.k.p.i.AbstractProblemLoader Init config took 3.14s 
99030      INFO  main            d.u.i.k.p.i.AbstractProblemLoader Replaying proof SimplifiedLinkedList[SimplifiedLinkedList::remove(int)].JML normal_behavior operation contract.0 
103350     DEBUG main            d.u.i.k.p.i.IntermediateProofReplayer Proof replay took 4.07s 
103370     DEBUG main            d.u.i.k.p.r.p.TestFile    ... success: reloaded. 
103372     INFO  main            d.u.i.k.p.r.p.TestFile    Now processing file /home/runner/work/key/key/key.core/../key.ui/examples/heap/list_seq/ArrayList.ArrayList.key 
103373     INFO  main            d.u.i.k.p.i.AbstractProblemLoader Loading environment from /home/runner/work/key/key/key.core/../key.ui/examples/heap/list_seq/ArrayList.ArrayList.key 
103373     DEBUG main            d.u.i.k.p.i.AbstractProblemLoader Environment load took 269.2ns 
103375     INFO  main            d.u.i.k.p.i.AbstractProblemLoader Creating init config 
106551     DEBUG main            d.u.i.k.p.i.AbstractProblemLoader Init config took 3.18s 
106635     INFO  main            d.u.i.k.p.i.AbstractProblemLoader Replaying proof ArrayList[ArrayList::ArrayList()].JML normal_behavior operation contract.0 
106637     DEBUG main            d.u.i.k.p.i.IntermediateProofReplayer Proof replay took 6.6ns 
107445     INFO  main            d.u.i.k.p.r.p.TestFile    ... finished proof: closed. 
107614     INFO  main            d.u.i.k.p.i.AbstractProblemLoader Loading environment from /home/runner/work/key/key/key.core/../key.ui/examples/heap/list_seq/ArrayList.ArrayList.key.proof 
107614     DEBUG main            d.u.i.k.p.i.AbstractProblemLoader Environment load took 516.21ns 
107617     INFO  main            d.u.i.k.p.i.AbstractProblemLoader Creating init config 
110758     DEBUG main            d.u.i.k.p.i.AbstractProblemLoader Init config took 3.14s 
110835     INFO  main            d.u.i.k.p.i.AbstractProblemLoader Replaying proof ArrayList[ArrayList::ArrayList()].JML normal_behavior operation contract.0 
110990     DEBUG main            d.u.i.k.p.i.IntermediateProofReplayer Proof replay took 150.04ms 
110991     DEBUG main            d.u.i.k.p.r.p.TestFile    ... success: reloaded. 
110993     INFO  main            d.u.i.k.p.r.p.TestFile    Now processing file /home/runner/work/key/key/key.core/../key.ui/examples/heap/list_seq/ArrayList.add.key 
110993     INFO  main            d.u.i.k.p.i.AbstractProblemLoader Loading environment from /home/runner/work/key/key/key.core/../key.ui/examples/heap/list_seq/ArrayList.add.key 
110993     DEBUG main            d.u.i.k.p.i.AbstractProblemLoader Environment load took 242.81ns 
110994     INFO  main            d.u.i.k.p.i.AbstractProblemLoader Creating init config 
114058     DEBUG main            d.u.i.k.p.i.AbstractProblemLoader Init config took 3.06s 
114151     INFO  main            d.u.i.k.p.i.AbstractProblemLoader Replaying proof ArrayList[List::add(java.lang.Object)].JML normal_behavior operation contract.0 
114153     DEBUG main            d.u.i.k.p.i.IntermediateProofReplayer Proof replay took 6.1ns 
117492     INFO  main            d.u.i.k.p.r.p.TestFile    ... finished proof: closed. 
117698     INFO  main            d.u.i.k.p.i.AbstractProblemLoader Loading environment from /home/runner/work/key/key/key.core/../key.ui/examples/heap/list_seq/ArrayList.add.key.proof 
117698     DEBUG main            d.u.i.k.p.i.AbstractProblemLoader Environment load took 132.6ns 
117699     INFO  main            d.u.i.k.p.i.AbstractProblemLoader Creating init config 
120706     DEBUG main            d.u.i.k.p.i.AbstractProblemLoader Init config took 3.01s 
120781     INFO  main            d.u.i.k.p.i.AbstractProblemLoader Replaying proof ArrayList[List::add(java.lang.Object)].JML normal_behavior operation contract.0 
121230     DEBUG main            d.u.i.k.p.i.IntermediateProofReplayer Proof replay took 434.16ms 
121231     DEBUG main            d.u.i.k.p.r.p.TestFile    ... success: reloaded. 
121233     INFO  main            d.u.i.k.p.r.p.TestFile    Now processing file /home/runner/work/key/key/key.core/../key.ui/examples/heap/list_seq/ArrayList.contains.key 
121233     INFO  main            d.u.i.k.p.i.AbstractProblemLoader Loading environment from /home/runner/work/key/key/key.core/../key.ui/examples/heap/list_seq/ArrayList.contains.key 
121233     DEBUG main            d.u.i.k.p.i.AbstractProblemLoader Environment load took 235.2ns 
121234     INFO  main            d.u.i.k.p.i.AbstractProblemLoader Creating init config 
124369     DEBUG main            d.u.i.k.p.i.AbstractProblemLoader Init config took 3.13s 
124443     INFO  main            d.u.i.k.p.i.AbstractProblemLoader Replaying proof ArrayList[List::contains(java.lang.Object)].JML normal_behavior operation contract.0 
124444     DEBUG main            d.u.i.k.p.i.IntermediateProofReplayer Proof replay took 6.3ns 
125950     INFO  main            d.u.i.k.p.r.p.TestFile    ... finished proof: closed. 
126152     INFO  main            d.u.i.k.p.i.AbstractProblemLoader Loading environment from /home/runner/work/key/key/key.core/../key.ui/examples/heap/list_seq/ArrayList.contains.key.proof 
126153     DEBUG main            d.u.i.k.p.i.AbstractProblemLoader Environment load took 492.31ns 
126154     INFO  main            d.u.i.k.p.i.AbstractProblemLoader Creating init config 
129154     DEBUG main            d.u.i.k.p.i.AbstractProblemLoader Init config took 3s 
129228     INFO  main            d.u.i.k.p.i.AbstractProblemLoader Replaying proof ArrayList[List::contains(java.lang.Object)].JML normal_behavior operation contract.0 
129497     DEBUG main            d.u.i.k.p.i.IntermediateProofReplayer Proof replay took 262.17ms 
129499     DEBUG main            d.u.i.k.p.r.p.TestFile    ... success: reloaded. 
129500     INFO  main            d.u.i.k.p.r.p.TestFile    Now processing file /home/runner/work/key/key/key.core/../key.ui/examples/heap/list_seq/ArrayList.enlarge.key 
129500     INFO  main            d.u.i.k.p.i.AbstractProblemLoader Loading environment from /home/runner/work/key/key/key.core/../key.ui/examples/heap/list_seq/ArrayList.enlarge.key 
129501     DEBUG main            d.u.i.k.p.i.AbstractProblemLoader Environment load took 231.2ns 
129502     INFO  main            d.u.i.k.p.i.AbstractProblemLoader Creating init config 
132532     DEBUG main            d.u.i.k.p.i.AbstractProblemLoader Init config took 3.03s 
132606     INFO  main            d.u.i.k.p.i.AbstractProblemLoader Replaying proof ArrayList[ArrayList::enlarge()].JML normal_behavior operation contract.0 
132607     DEBUG main            d.u.i.k.p.i.IntermediateProofReplayer Proof replay took 7.3ns 
134715     INFO  main            d.u.i.k.p.r.p.TestFile    ... finished proof: closed. 
134927     INFO  main            d.u.i.k.p.i.AbstractProblemLoader Loading environment from /home/runner/work/key/key/key.core/../key.ui/examples/heap/list_seq/ArrayList.enlarge.key.proof 
134927     DEBUG main            d.u.i.k.p.i.AbstractProblemLoader Environment load took 208.8ns 
134928     INFO  main            d.u.i.k.p.i.AbstractProblemLoader Creating init config 
137860     DEBUG main            d.u.i.k.p.i.AbstractProblemLoader Init config took 2.93s 
137931     INFO  main            d.u.i.k.p.i.AbstractProblemLoader Replaying proof ArrayList[ArrayList::enlarge()].JML normal_behavior operation contract.0 
138258     DEBUG main            d.u.i.k.p.i.IntermediateProofReplayer Proof replay took 319.21ms 
138259     DEBUG main            d.u.i.k.p.r.p.TestFile    ... success: reloaded. 
138260     INFO  main            d.u.i.k.p.r.p.TestFile    Now processing file /home/runner/work/key/key/key.core/../key.ui/examples/heap/list_seq/ArrayList.get.key 
138260     INFO  main            d.u.i.k.p.i.AbstractProblemLoader Loading environment from /home/runner/work/key/key/key.core/../key.ui/examples/heap/list_seq/ArrayList.get.key 
138261     DEBUG main            d.u.i.k.p.i.AbstractProblemLoader Environment load took 243ns 
138262     INFO  main            d.u.i.k.p.i.AbstractProblemLoader Creating init config 
141313     DEBUG main            d.u.i.k.p.i.AbstractProblemLoader Init config took 3.05s 
141385     INFO  main            d.u.i.k.p.i.AbstractProblemLoader Replaying proof ArrayList[List::get(int)].JML normal_behavior operation contract.0 
141386     DEBUG main            d.u.i.k.p.i.IntermediateProofReplayer Proof replay took 7.1ns 
141889     INFO  main            d.u.i.k.p.r.p.TestFile    ... finished proof: closed. 
142118     INFO  main            d.u.i.k.p.i.AbstractProblemLoader Loading environment from /home/runner/work/key/key/key.core/../key.ui/examples/heap/list_seq/ArrayList.get.key.proof 
142119     DEBUG main            d.u.i.k.p.i.AbstractProblemLoader Environment load took 1ms 
142121     INFO  main            d.u.i.k.p.i.AbstractProblemLoader Creating init config 
145076     DEBUG main            d.u.i.k.p.i.AbstractProblemLoader Init config took 2.96s 
145146     INFO  main            d.u.i.k.p.i.AbstractProblemLoader Replaying proof ArrayList[List::get(int)].JML normal_behavior operation contract.0 
145209     DEBUG main            d.u.i.k.p.i.IntermediateProofReplayer Proof replay took 59.78ms 
145210     DEBUG main            d.u.i.k.p.r.p.TestFile    ... success: reloaded. 
145211     INFO  main            d.u.i.k.p.r.p.TestFile    Now processing file /home/runner/work/key/key/key.core/../key.ui/examples/heap/list_seq/ArrayList.newArray.key 
145211     INFO  main            d.u.i.k.p.i.AbstractProblemLoader Loading environment from /home/runner/work/key/key/key.core/../key.ui/examples/heap/list_seq/ArrayList.newArray.key 
145211     DEBUG main            d.u.i.k.p.i.AbstractProblemLoader Environment load took 109.2ns 
145212     INFO  main            d.u.i.k.p.i.AbstractProblemLoader Creating init config 
148207     DEBUG main            d.u.i.k.p.i.AbstractProblemLoader Init config took 2.99s 
148276     INFO  main            d.u.i.k.p.i.AbstractProblemLoader Replaying proof ArrayList[ArrayList::newArray(int)].JML normal_behavior operation contract.0 
148277     DEBUG main            d.u.i.k.p.i.IntermediateProofReplayer Proof replay took 6.9ns 
148582     INFO  main            d.u.i.k.p.r.p.TestFile    ... finished proof: closed. 
148777     INFO  main            d.u.i.k.p.i.AbstractProblemLoader Loading environment from /home/runner/work/key/key/key.core/../key.ui/examples/heap/list_seq/ArrayList.newArray.key.proof 
148777     DEBUG main            d.u.i.k.p.i.AbstractProblemLoader Environment load took 172.3ns 
148779     INFO  main            d.u.i.k.p.i.AbstractProblemLoader Creating init config 
151732     DEBUG main            d.u.i.k.p.i.AbstractProblemLoader Init config took 2.95s 
151800     INFO  main            d.u.i.k.p.i.AbstractProblemLoader Replaying proof ArrayList[ArrayList::newArray(int)].JML normal_behavior operation contract.0 
151852     DEBUG main            d.u.i.k.p.i.IntermediateProofReplayer Proof replay took 48.65ms 
151853     DEBUG main            d.u.i.k.p.r.p.TestFile    ... success: reloaded. 
151854     INFO  main            d.u.i.k.p.r.p.TestFile    Now processing file /home/runner/work/key/key/key.core/../key.ui/examples/heap/list_seq/ArrayList.remove.0.key 
151854     INFO  main            d.u.i.k.p.i.AbstractProblemLoader Loading environment from /home/runner/work/key/key/key.core/../key.ui/examples/heap/list_seq/ArrayList.remove.0.key 
151854     DEBUG main            d.u.i.k.p.i.AbstractProblemLoader Environment load took 202.5ns 
151855     INFO  main            d.u.i.k.p.i.AbstractProblemLoader Creating init config 
154799     DEBUG main            d.u.i.k.p.i.AbstractProblemLoader Init config took 2.94s 
154867     INFO  main            d.u.i.k.p.i.AbstractProblemLoader Replaying proof ArrayList[List::remove(java.lang.Object)].JML normal_behavior operation contract.0 
154868     DEBUG main            d.u.i.k.p.i.IntermediateProofReplayer Proof replay took 6.4ns 
156813     INFO  main            d.u.i.k.p.r.p.TestFile    ... finished proof: closed. 
157037     INFO  main            d.u.i.k.p.i.AbstractProblemLoader Loading environment from /home/runner/work/key/key/key.core/../key.ui/examples/heap/list_seq/ArrayList.remove.0.key.proof 
157038     DEBUG main            d.u.i.k.p.i.AbstractProblemLoader Environment load took 487.21ns 
157041     INFO  main            d.u.i.k.p.i.AbstractProblemLoader Creating init config 
159991     DEBUG main            d.u.i.k.p.i.AbstractProblemLoader Init config took 2.95s 
160060     INFO  main            d.u.i.k.p.i.AbstractProblemLoader Replaying proof ArrayList[List::remove(java.lang.Object)].JML normal_behavior operation contract.0 
160531     DEBUG main            d.u.i.k.p.i.IntermediateProofReplayer Proof replay took 463.47ms 
160532     DEBUG main            d.u.i.k.p.r.p.TestFile    ... success: reloaded. 
160533     INFO  main            d.u.i.k.p.r.p.TestFile    Now processing file /home/runner/work/key/key/key.core/../key.ui/examples/heap/list_seq/ArrayList.remove.1.key 
160534     INFO  main            d.u.i.k.p.i.AbstractProblemLoader Loading environment from /home/runner/work/key/key/key.core/../key.ui/examples/heap/list_seq/ArrayList.remove.1.key 
160534     DEBUG main            d.u.i.k.p.i.AbstractProblemLoader Environment load took 239.3ns 
160535     INFO  main            d.u.i.k.p.i.AbstractProblemLoader Creating init config 
163484     DEBUG main            d.u.i.k.p.i.AbstractProblemLoader Init config took 2.95s 
163583     INFO  main            d.u.i.k.p.i.AbstractProblemLoader Replaying proof ArrayList[List::remove(java.lang.Object)].JML normal_behavior operation contract.1 
163585     DEBUG main            d.u.i.k.p.i.IntermediateProofReplayer Proof replay took 6.2ns 
175264     INFO  main            d.u.i.k.p.r.p.TestFile    ... finished proof: closed. 
175540     INFO  main            d.u.i.k.p.i.AbstractProblemLoader Loading environment from /home/runner/work/key/key/key.core/../key.ui/examples/heap/list_seq/ArrayList.remove.1.key.proof 
175540     DEBUG main            d.u.i.k.p.i.AbstractProblemLoader Environment load took 147.6ns 
175543     INFO  main            d.u.i.k.p.i.AbstractProblemLoader Creating init config 
178434     DEBUG main            d.u.i.k.p.i.AbstractProblemLoader Init config took 2.89s 
178501     INFO  main            d.u.i.k.p.i.AbstractProblemLoader Replaying proof ArrayList[List::remove(java.lang.Object)].JML normal_behavior operation contract.1 
179868     DEBUG main            d.u.i.k.p.i.IntermediateProofReplayer Proof replay took 1.34s 
179871     DEBUG main            d.u.i.k.p.r.p.TestFile    ... success: reloaded. 
1370735    INFO  Test worker     d.u.i.k.p.r.RunAllProofsTestUnit Returning from test list_seq 
1370737    INFO  Test worker     d.u.i.k.p.r.RunAllProofsTestUnit Running test observer 
324        INFO  Timeout watchdog d.u.i.k.p.r.p.ForkedTestFileRunner Timeout watcher launched (2000 secs.) 
337        WARN  main            d.u.i.k.s.ProofSettings   The settings in /home/runner/.key/proof-settings.props are *not* read. 
379        INFO  main            d.u.i.k.p.r.p.TestFile    Now processing file /home/runner/work/key/key/key.core/../key.ui/examples/heap/observer/ExampleObserver_ExampleObserver.key 
496        INFO  main            d.u.i.k.p.i.AbstractProblemLoader Loading environment from /home/runner/work/key/key/key.core/../key.ui/examples/heap/observer/ExampleObserver_ExampleObserver.key 
517        DEBUG main            d.u.i.k.p.i.AbstractProblemLoader Environment load took 2.14ms 
742        INFO  main            d.u.i.k.p.i.AbstractProblemLoader Creating init config 
1605       DEBUG main            d.u.i.k.j.TypeConverter   No LDT found for Meta 
1606       DEBUG main            d.u.i.k.j.TypeConverter   No LDT found for Meta 
1608       DEBUG main            d.u.i.k.j.TypeConverter   No LDT found for Meta 
1608       DEBUG main            d.u.i.k.j.TypeConverter   No LDT found for Meta 
3081       DEBUG main            d.u.i.k.j.TypeConverter   No LDT found for JavaBigintExpression 
7915       DEBUG main            d.u.i.k.p.i.AbstractProblemLoader Init config took 7.17s 
8040       INFO  main            d.u.i.k.p.i.AbstractProblemLoader Replaying proof ExampleObserver[ExampleObserver::ExampleObserver(ExampleSubject)].JML normal_behavior operation contract.0 
8072       DEBUG main            d.u.i.k.p.i.IntermediateProofReplayer Proof replay took 32.2ns 
9000       INFO  main            d.u.i.k.p.r.p.TestFile    ... finished proof: closed. 
9142       INFO  main            d.u.i.k.p.i.AbstractProblemLoader Loading environment from /home/runner/work/key/key/key.core/../key.ui/examples/heap/observer/ExampleObserver_ExampleObserver.key.proof 
9142       DEBUG main            d.u.i.k.p.i.AbstractProblemLoader Environment load took 523.61ns 
9145       INFO  main            d.u.i.k.p.i.AbstractProblemLoader Creating init config 
11974      DEBUG main            d.u.i.k.p.i.AbstractProblemLoader Init config took 2.83s 
12062      INFO  main            d.u.i.k.p.i.AbstractProblemLoader Replaying proof ExampleObserver[ExampleObserver::ExampleObserver(ExampleSubject)].JML normal_behavior operation contract.0 
12260      DEBUG main            d.u.i.k.p.i.IntermediateProofReplayer Proof replay took 181.26ms 
12276      DEBUG main            d.u.i.k.p.r.p.TestFile    ... success: reloaded. 
12279      INFO  main            d.u.i.k.p.r.p.TestFile    Now processing file /home/runner/work/key/key/key.core/../key.ui/examples/heap/observer/ExampleObserver_inv.key 
12280      INFO  main            d.u.i.k.p.i.AbstractProblemLoader Loading environment from /home/runner/work/key/key/key.core/../key.ui/examples/heap/observer/ExampleObserver_inv.key 
12280      DEBUG main            d.u.i.k.p.i.AbstractProblemLoader Environment load took 147.9ns 
12283      INFO  main            d.u.i.k.p.i.AbstractProblemLoader Creating init config 
14966      DEBUG main            d.u.i.k.p.i.AbstractProblemLoader Init config took 2.68s 
15040      INFO  main            d.u.i.k.p.i.AbstractProblemLoader Replaying proof ExampleObserver[java.lang.Object::<inv>()].JML accessible clause.0 
15044      DEBUG main            d.u.i.k.p.i.IntermediateProofReplayer Proof replay took 6.2ns 
15147      INFO  main            d.u.i.k.p.r.p.TestFile    ... finished proof: closed. 
15280      INFO  main            d.u.i.k.p.i.AbstractProblemLoader Loading environment from /home/runner/work/key/key/key.core/../key.ui/examples/heap/observer/ExampleObserver_inv.key.proof 
15280      DEBUG main            d.u.i.k.p.i.AbstractProblemLoader Environment load took 157.8ns 
15283      INFO  main            d.u.i.k.p.i.AbstractProblemLoader Creating init config 
17941      DEBUG main            d.u.i.k.p.i.AbstractProblemLoader Init config took 2.66s 
18004      INFO  main            d.u.i.k.p.i.AbstractProblemLoader Replaying proof ExampleObserver[java.lang.Object::<inv>()].JML accessible clause.0 
18021      DEBUG main            d.u.i.k.p.i.IntermediateProofReplayer Proof replay took 14.53ms 
18022      DEBUG main            d.u.i.k.p.r.p.TestFile    ... success: reloaded. 
18023      INFO  main            d.u.i.k.p.r.p.TestFile    Now processing file /home/runner/work/key/key/key.core/../key.ui/examples/heap/observer/ExampleObserver_subject.key 
18024      INFO  main            d.u.i.k.p.i.AbstractProblemLoader Loading environment from /home/runner/work/key/key/key.core/../key.ui/examples/heap/observer/ExampleObserver_subject.key 
18024      DEBUG main            d.u.i.k.p.i.AbstractProblemLoader Environment load took 259.2ns 
18026      INFO  main            d.u.i.k.p.i.AbstractProblemLoader Creating init config 
20621      DEBUG main            d.u.i.k.p.i.AbstractProblemLoader Init config took 2.6s 
20673      INFO  main            d.u.i.k.p.i.AbstractProblemLoader Replaying proof Observer[Observer::$subject()].JML accessible clause.0 
20675      DEBUG main            d.u.i.k.p.i.IntermediateProofReplayer Proof replay took 6.6ns 
20777      INFO  main            d.u.i.k.p.r.p.TestFile    ... finished proof: closed. 
20952      INFO  main            d.u.i.k.p.i.AbstractProblemLoader Loading environment from /home/runner/work/key/key/key.core/../key.ui/examples/heap/observer/ExampleObserver_subject.key.proof 
20952      DEBUG main            d.u.i.k.p.i.AbstractProblemLoader Environment load took 124.2ns 
20954      INFO  main            d.u.i.k.p.i.AbstractProblemLoader Creating init config 
23506      DEBUG main            d.u.i.k.p.i.AbstractProblemLoader Init config took 2.55s 
23554      INFO  main            d.u.i.k.p.i.AbstractProblemLoader Replaying proof Observer[Observer::$subject()].JML accessible clause.0 
23557      DEBUG main            d.u.i.k.p.i.IntermediateProofReplayer Proof replay took 1.8ms 
23558      DEBUG main            d.u.i.k.p.r.p.TestFile    ... success: reloaded. 
23559      INFO  main            d.u.i.k.p.r.p.TestFile    Now processing file /home/runner/work/key/key/key.core/../key.ui/examples/heap/observer/ExampleObserver_update.key 
23560      INFO  main            d.u.i.k.p.i.AbstractProblemLoader Loading environment from /home/runner/work/key/key/key.core/../key.ui/examples/heap/observer/ExampleObserver_update.key 
23560      DEBUG main            d.u.i.k.p.i.AbstractProblemLoader Environment load took 222.5ns 
23561      INFO  main            d.u.i.k.p.i.AbstractProblemLoader Creating init config 
26122      DEBUG main            d.u.i.k.p.i.AbstractProblemLoader Init config took 2.56s 
26171      INFO  main            d.u.i.k.p.i.AbstractProblemLoader Replaying proof ExampleObserver[Observer::update()].JML normal_behavior operation contract.0 
26172      DEBUG main            d.u.i.k.p.i.IntermediateProofReplayer Proof replay took 6.1ns 
26499      INFO  main            d.u.i.k.p.r.p.TestFile    ... finished proof: closed. 
26654      INFO  main            d.u.i.k.p.i.AbstractProblemLoader Loading environment from /home/runner/work/key/key/key.core/../key.ui/examples/heap/observer/ExampleObserver_update.key.proof 
26655      DEBUG main            d.u.i.k.p.i.AbstractProblemLoader Environment load took 606.71ns 
26656      INFO  main            d.u.i.k.p.i.AbstractProblemLoader Creating init config 
29163      DEBUG main            d.u.i.k.p.i.AbstractProblemLoader Init config took 2.51s 
29212      INFO  main            d.u.i.k.p.i.AbstractProblemLoader Replaying proof ExampleObserver[Observer::update()].JML normal_behavior operation contract.0 
29277      DEBUG main            d.u.i.k.p.i.IntermediateProofReplayer Proof replay took 61.76ms 
29280      DEBUG main            d.u.i.k.p.r.p.TestFile    ... success: reloaded. 
29281      INFO  main            d.u.i.k.p.r.p.TestFile    Now processing file /home/runner/work/key/key/key.core/../key.ui/examples/heap/observer/ExampleObserver_upToDate.key 
29282      INFO  main            d.u.i.k.p.i.AbstractProblemLoader Loading environment from /home/runner/work/key/key/key.core/../key.ui/examples/heap/observer/ExampleObserver_upToDate.key 
29282      DEBUG main            d.u.i.k.p.i.AbstractProblemLoader Environment load took 233.9ns 
29283      INFO  main            d.u.i.k.p.i.AbstractProblemLoader Creating init config 
31842      DEBUG main            d.u.i.k.p.i.AbstractProblemLoader Init config took 2.56s 
31889      INFO  main            d.u.i.k.p.i.AbstractProblemLoader Replaying proof ExampleObserver[Observer::$upToDate()].JML accessible clause.0 
31891      DEBUG main            d.u.i.k.p.i.IntermediateProofReplayer Proof replay took 6ns 
32094      INFO  main            d.u.i.k.p.r.p.TestFile    ... finished proof: closed. 
32257      INFO  main            d.u.i.k.p.i.AbstractProblemLoader Loading environment from /home/runner/work/key/key/key.core/../key.ui/examples/heap/observer/ExampleObserver_upToDate.key.proof 
32257      DEBUG main            d.u.i.k.p.i.AbstractProblemLoader Environment load took 126.9ns 
32258      INFO  main            d.u.i.k.p.i.AbstractProblemLoader Creating init config 
34760      DEBUG main            d.u.i.k.p.i.AbstractProblemLoader Init config took 2.5s 
34806      INFO  main            d.u.i.k.p.i.AbstractProblemLoader Replaying proof ExampleObserver[Observer::$upToDate()].JML accessible clause.0 
34827      DEBUG main            d.u.i.k.p.i.IntermediateProofReplayer Proof replay took 17.91ms 
34828      DEBUG main            d.u.i.k.p.r.p.TestFile    ... success: reloaded. 
34829      INFO  main            d.u.i.k.p.r.p.TestFile    Now processing file /home/runner/work/key/key/key.core/../key.ui/examples/heap/observer/ExampleObserver_value.key 
34830      INFO  main            d.u.i.k.p.i.AbstractProblemLoader Loading environment from /home/runner/work/key/key/key.core/../key.ui/examples/heap/observer/ExampleObserver_value.key 
34830      DEBUG main            d.u.i.k.p.i.AbstractProblemLoader Environment load took 241.6ns 
34831      INFO  main            d.u.i.k.p.i.AbstractProblemLoader Creating init config 
37382      DEBUG main            d.u.i.k.p.i.AbstractProblemLoader Init config took 2.55s 
37429      INFO  main            d.u.i.k.p.i.AbstractProblemLoader Replaying proof ExampleObserver[ExampleObserver::value()].JML normal_behavior operation contract.0 
37431      DEBUG main            d.u.i.k.p.i.IntermediateProofReplayer Proof replay took 6.6ns 
37533      INFO  main            d.u.i.k.p.r.p.TestFile    ... finished proof: closed. 
37710      INFO  main            d.u.i.k.p.i.AbstractProblemLoader Loading environment from /home/runner/work/key/key/key.core/../key.ui/examples/heap/observer/ExampleObserver_value.key.proof 
37710      DEBUG main            d.u.i.k.p.i.AbstractProblemLoader Environment load took 128.3ns 
37712      INFO  main            d.u.i.k.p.i.AbstractProblemLoader Creating init config 
40193      DEBUG main            d.u.i.k.p.i.AbstractProblemLoader Init config took 2.48s 
40251      INFO  main            d.u.i.k.p.i.AbstractProblemLoader Replaying proof ExampleObserver[ExampleObserver::value()].JML normal_behavior operation contract.0 
40276      DEBUG main            d.u.i.k.p.i.IntermediateProofReplayer Proof replay took 21.03ms 
40277      DEBUG main            d.u.i.k.p.r.p.TestFile    ... success: reloaded. 
40279      INFO  main            d.u.i.k.p.r.p.TestFile    Now processing file /home/runner/work/key/key/key.core/../key.ui/examples/heap/observer/ExampleSubject_addObserver.key 
40279      INFO  main            d.u.i.k.p.i.AbstractProblemLoader Loading environment from /home/runner/work/key/key/key.core/../key.ui/examples/heap/observer/ExampleSubject_addObserver.key 
40280      DEBUG main            d.u.i.k.p.i.AbstractProblemLoader Environment load took 225.1ns 
40281      INFO  main            d.u.i.k.p.i.AbstractProblemLoader Creating init config 
42808      DEBUG main            d.u.i.k.p.i.AbstractProblemLoader Init config took 2.53s 
42868      INFO  main            d.u.i.k.p.i.AbstractProblemLoader Replaying proof ExampleSubject[Subject::addObserver(Observer)].JML normal_behavior operation contract.0 
42869      DEBUG main            d.u.i.k.p.i.IntermediateProofReplayer Proof replay took 7ns 
48394      INFO  main            d.u.i.k.p.r.p.TestFile    ... finished proof: closed. 
48609      INFO  main            d.u.i.k.p.i.AbstractProblemLoader Loading environment from /home/runner/work/key/key/key.core/../key.ui/examples/heap/observer/ExampleSubject_addObserver.key.proof 
48610      DEBUG main            d.u.i.k.p.i.AbstractProblemLoader Environment load took 1.36ms 
48612      INFO  main            d.u.i.k.p.i.AbstractProblemLoader Creating init config 
51087      DEBUG main            d.u.i.k.p.i.AbstractProblemLoader Init config took 2.47s 
51133      INFO  main            d.u.i.k.p.i.AbstractProblemLoader Replaying proof ExampleSubject[Subject::addObserver(Observer)].JML normal_behavior operation contract.0 
51841      DEBUG main            d.u.i.k.p.i.IntermediateProofReplayer Proof replay took 684.15ms 
51843      DEBUG main            d.u.i.k.p.r.p.TestFile    ... success: reloaded. 
51845      INFO  main            d.u.i.k.p.r.p.TestFile    Now processing file /home/runner/work/key/key/key.core/../key.ui/examples/heap/observer/ExampleSubject_change.key 
51845      INFO  main            d.u.i.k.p.i.AbstractProblemLoader Loading environment from /home/runner/work/key/key/key.core/../key.ui/examples/heap/observer/ExampleSubject_change.key 
51845      DEBUG main            d.u.i.k.p.i.AbstractProblemLoader Environment load took 232.5ns 
51846      INFO  main            d.u.i.k.p.i.AbstractProblemLoader Creating init config 
54371      DEBUG main            d.u.i.k.p.i.AbstractProblemLoader Init config took 2.53s 
54439      INFO  main            d.u.i.k.p.i.AbstractProblemLoader Replaying proof ExampleSubject[ExampleSubject::change()].JML normal_behavior operation contract.0 
54441      DEBUG main            d.u.i.k.p.i.IntermediateProofReplayer Proof replay took 16ns 
54946      INFO  main            d.u.i.k.p.r.p.TestFile    ... finished proof: closed. 
55139      INFO  main            d.u.i.k.p.i.AbstractProblemLoader Loading environment from /home/runner/work/key/key/key.core/../key.ui/examples/heap/observer/ExampleSubject_change.key.proof 
55142      DEBUG main            d.u.i.k.p.i.AbstractProblemLoader Environment load took 2.67ms 
55143      INFO  main            d.u.i.k.p.i.AbstractProblemLoader Creating init config 
57619      DEBUG main            d.u.i.k.p.i.AbstractProblemLoader Init config took 2.48s 
57679      INFO  main            d.u.i.k.p.i.AbstractProblemLoader Replaying proof ExampleSubject[ExampleSubject::change()].JML normal_behavior operation contract.0 
57762      DEBUG main            d.u.i.k.p.i.IntermediateProofReplayer Proof replay took 78.3ms 
57763      DEBUG main            d.u.i.k.p.r.p.TestFile    ... success: reloaded. 
57764      INFO  main            d.u.i.k.p.r.p.TestFile    Now processing file /home/runner/work/key/key/key.core/../key.ui/examples/heap/observer/ExampleSubject_ExampleSubject.key 
57765      INFO  main            d.u.i.k.p.i.AbstractProblemLoader Loading environment from /home/runner/work/key/key/key.core/../key.ui/examples/heap/observer/ExampleSubject_ExampleSubject.key 
57765      DEBUG main            d.u.i.k.p.i.AbstractProblemLoader Environment load took 239.1ns 
57766      INFO  main            d.u.i.k.p.i.AbstractProblemLoader Creating init config 
60299      DEBUG main            d.u.i.k.p.i.AbstractProblemLoader Init config took 2.53s 
60347      INFO  main            d.u.i.k.p.i.AbstractProblemLoader Replaying proof ExampleSubject[ExampleSubject::ExampleSubject()].JML normal_behavior operation contract.0 
60350      DEBUG main            d.u.i.k.p.i.IntermediateProofReplayer Proof replay took 6.6ns 
61455      INFO  main            d.u.i.k.p.r.p.TestFile    ... finished proof: closed. 
61654      INFO  main            d.u.i.k.p.i.AbstractProblemLoader Loading environment from /home/runner/work/key/key/key.core/../key.ui/examples/heap/observer/ExampleSubject_ExampleSubject.key.proof 
61657      DEBUG main            d.u.i.k.p.i.AbstractProblemLoader Environment load took 2.55ms 
61660      INFO  main            d.u.i.k.p.i.AbstractProblemLoader Creating init config 
64162      DEBUG main            d.u.i.k.p.i.AbstractProblemLoader Init config took 2.5s 
64207      INFO  main            d.u.i.k.p.i.AbstractProblemLoader Replaying proof ExampleSubject[ExampleSubject::ExampleSubject()].JML normal_behavior operation contract.0 
64397      DEBUG main            d.u.i.k.p.i.IntermediateProofReplayer Proof replay took 182.31ms 
64398      DEBUG main            d.u.i.k.p.r.p.TestFile    ... success: reloaded. 
64400      INFO  main            d.u.i.k.p.r.p.TestFile    Now processing file /home/runner/work/key/key/key.core/../key.ui/examples/heap/observer/ExampleSubject_footprint.key 
64400      INFO  main            d.u.i.k.p.i.AbstractProblemLoader Loading environment from /home/runner/work/key/key/key.core/../key.ui/examples/heap/observer/ExampleSubject_footprint.key 
64400      DEBUG main            d.u.i.k.p.i.AbstractProblemLoader Environment load took 229.8ns 
64401      INFO  main            d.u.i.k.p.i.AbstractProblemLoader Creating init config 
66928      DEBUG main            d.u.i.k.p.i.AbstractProblemLoader Init config took 2.53s 
66971      INFO  main            d.u.i.k.p.i.AbstractProblemLoader Replaying proof ExampleSubject[Subject::$footprint()].JML accessible clause.0 
66973      DEBUG main            d.u.i.k.p.i.IntermediateProofReplayer Proof replay took 7.4ns 
67077      INFO  main            d.u.i.k.p.r.p.TestFile    ... finished proof: closed. 
67271      INFO  main            d.u.i.k.p.i.AbstractProblemLoader Loading environment from /home/runner/work/key/key/key.core/../key.ui/examples/heap/observer/ExampleSubject_footprint.key.proof 
67271      DEBUG main            d.u.i.k.p.i.AbstractProblemLoader Environment load took 125.7ns 
67272      INFO  main            d.u.i.k.p.i.AbstractProblemLoader Creating init config 
69718      DEBUG main            d.u.i.k.p.i.AbstractProblemLoader Init config took 2.45s 
69762      INFO  main            d.u.i.k.p.i.AbstractProblemLoader Replaying proof ExampleSubject[Subject::$footprint()].JML accessible clause.0 
69779      DEBUG main            d.u.i.k.p.i.IntermediateProofReplayer Proof replay took 15.33ms 
69780      DEBUG main            d.u.i.k.p.r.p.TestFile    ... success: reloaded. 
69781      INFO  main            d.u.i.k.p.r.p.TestFile    Now processing file /home/runner/work/key/key/key.core/../key.ui/examples/heap/observer/ExampleSubject_inv.key 
69782      INFO  main            d.u.i.k.p.i.AbstractProblemLoader Loading environment from /home/runner/work/key/key/key.core/../key.ui/examples/heap/observer/ExampleSubject_inv.key 
69782      DEBUG main            d.u.i.k.p.i.AbstractProblemLoader Environment load took 104.9ns 
69783      INFO  main            d.u.i.k.p.i.AbstractProblemLoader Creating init config 
72289      DEBUG main            d.u.i.k.p.i.AbstractProblemLoader Init config took 2.51s 
72331      INFO  main            d.u.i.k.p.i.AbstractProblemLoader Replaying proof ExampleSubject[java.lang.Object::<inv>()].JML accessible clause.0 
72333      DEBUG main            d.u.i.k.p.i.IntermediateProofReplayer Proof replay took 7.2ns 
73440      INFO  main            d.u.i.k.p.r.p.TestFile    ... finished proof: closed. 
73643      INFO  main            d.u.i.k.p.i.AbstractProblemLoader Loading environment from /home/runner/work/key/key/key.core/../key.ui/examples/heap/observer/ExampleSubject_inv.key.proof 
73644      DEBUG main            d.u.i.k.p.i.AbstractProblemLoader Environment load took 564.41ns 
73645      INFO  main            d.u.i.k.p.i.AbstractProblemLoader Creating init config 
76106      DEBUG main            d.u.i.k.p.i.AbstractProblemLoader Init config took 2.46s 
76149      INFO  main            d.u.i.k.p.i.AbstractProblemLoader Replaying proof ExampleSubject[java.lang.Object::<inv>()].JML accessible clause.0 
76267      DEBUG main            d.u.i.k.p.i.IntermediateProofReplayer Proof replay took 111.76ms 
76268      DEBUG main            d.u.i.k.p.r.p.TestFile    ... success: reloaded. 
76270      INFO  main            d.u.i.k.p.r.p.TestFile    Now processing file /home/runner/work/key/key/key.core/../key.ui/examples/heap/observer/ExampleSubject_notifyObservers.key 
76270      INFO  main            d.u.i.k.p.i.AbstractProblemLoader Loading environment from /home/runner/work/key/key/key.core/../key.ui/examples/heap/observer/ExampleSubject_notifyObservers.key 
76270      DEBUG main            d.u.i.k.p.i.AbstractProblemLoader Environment load took 226.6ns 
76271      INFO  main            d.u.i.k.p.i.AbstractProblemLoader Creating init config 
78741      DEBUG main            d.u.i.k.p.i.AbstractProblemLoader Init config took 2.47s 
78784      INFO  main            d.u.i.k.p.i.AbstractProblemLoader Replaying proof Subject[Subject::notifyObservers()].JML normal_behavior operation contract.0 
78786      DEBUG main            d.u.i.k.p.i.IntermediateProofReplayer Proof replay took 7.3ns 
78888      INFO  main            d.u.i.k.p.r.p.TestFile    ... finished proof: closed. 
79090      INFO  main            d.u.i.k.p.i.AbstractProblemLoader Loading environment from /home/runner/work/key/key/key.core/../key.ui/examples/heap/observer/ExampleSubject_notifyObservers.key.proof 
79090      DEBUG main            d.u.i.k.p.i.AbstractProblemLoader Environment load took 128.5ns 
79091      INFO  main            d.u.i.k.p.i.AbstractProblemLoader Creating init config 
81502      DEBUG main            d.u.i.k.p.i.AbstractProblemLoader Init config took 2.41s 
81545      INFO  main            d.u.i.k.p.i.AbstractProblemLoader Replaying proof Subject[Subject::notifyObservers()].JML normal_behavior operation contract.0 
81549      DEBUG main            d.u.i.k.p.i.IntermediateProofReplayer Proof replay took 2.7ms 
81550      DEBUG main            d.u.i.k.p.r.p.TestFile    ... success: reloaded. 
81551      INFO  main            d.u.i.k.p.r.p.TestFile    Now processing file /home/runner/work/key/key/key.core/../key.ui/examples/heap/observer/ExampleSubject_value_dep.key 
81552      INFO  main            d.u.i.k.p.i.AbstractProblemLoader Loading environment from /home/runner/work/key/key/key.core/../key.ui/examples/heap/observer/ExampleSubject_value_dep.key 
81552      DEBUG main            d.u.i.k.p.i.AbstractProblemLoader Environment load took 217.7ns 
81553      INFO  main            d.u.i.k.p.i.AbstractProblemLoader Creating init config 
84067      DEBUG main            d.u.i.k.p.i.AbstractProblemLoader Init config took 2.51s 
84114      INFO  main            d.u.i.k.p.i.AbstractProblemLoader Replaying proof ExampleSubject[ExampleSubject::value()].JML accessible clause.0 
84116      DEBUG main            d.u.i.k.p.i.IntermediateProofReplayer Proof replay took 7.1ns 
84218      INFO  main            d.u.i.k.p.r.p.TestFile    ... finished proof: closed. 
84450      INFO  main            d.u.i.k.p.i.AbstractProblemLoader Loading environment from /home/runner/work/key/key/key.core/../key.ui/examples/heap/observer/ExampleSubject_value_dep.key.proof 
84450      DEBUG main            d.u.i.k.p.i.AbstractProblemLoader Environment load took 119.5ns 
84452      INFO  main            d.u.i.k.p.i.AbstractProblemLoader Creating init config 
86917      DEBUG main            d.u.i.k.p.i.AbstractProblemLoader Init config took 2.47s 
86961      INFO  main            d.u.i.k.p.i.AbstractProblemLoader Replaying proof ExampleSubject[ExampleSubject::value()].JML accessible clause.0 
86976      DEBUG main            d.u.i.k.p.i.IntermediateProofReplayer Proof replay took 12.75ms 
86977      DEBUG main            d.u.i.k.p.r.p.TestFile    ... success: reloaded. 
86981      INFO  main            d.u.i.k.p.r.p.TestFile    Now processing file /home/runner/work/key/key/key.core/../key.ui/examples/heap/observer/ExampleSubject_value.key 
86981      INFO  main            d.u.i.k.p.i.AbstractProblemLoader Loading environment from /home/runner/work/key/key/key.core/../key.ui/examples/heap/observer/ExampleSubject_value.key 
86981      DEBUG main            d.u.i.k.p.i.AbstractProblemLoader Environment load took 131.3ns 
86982      INFO  main            d.u.i.k.p.i.AbstractProblemLoader Creating init config 
89446      DEBUG main            d.u.i.k.p.i.AbstractProblemLoader Init config took 2.46s 
89490      INFO  main            d.u.i.k.p.i.AbstractProblemLoader Replaying proof ExampleSubject[ExampleSubject::value()].JML normal_behavior operation contract.0 
89492      DEBUG main            d.u.i.k.p.i.IntermediateProofReplayer Proof replay took 8.1ns 
89596      INFO  main            d.u.i.k.p.r.p.TestFile    ... finished proof: closed. 
89815      INFO  main            d.u.i.k.p.i.AbstractProblemLoader Loading environment from /home/runner/work/key/key/key.core/../key.ui/examples/heap/observer/ExampleSubject_value.key.proof 
89815      DEBUG main            d.u.i.k.p.i.AbstractProblemLoader Environment load took 117.7ns 
89816      INFO  main            d.u.i.k.p.i.AbstractProblemLoader Creating init config 
92215      DEBUG main            d.u.i.k.p.i.AbstractProblemLoader Init config took 2.4s 
92266      INFO  main            d.u.i.k.p.i.AbstractProblemLoader Replaying proof ExampleSubject[ExampleSubject::value()].JML normal_behavior operation contract.0 
92279      DEBUG main            d.u.i.k.p.i.IntermediateProofReplayer Proof replay took 10.32ms 
92280      DEBUG main            d.u.i.k.p.r.p.TestFile    ... success: reloaded. 
1463195    INFO  Test worker     d.u.i.k.p.r.RunAllProofsTestUnit Returning from test observer 
1463196    INFO  Test worker     d.u.i.k.p.r.RunAllProofsTestUnit Running test removeDups 
331        INFO  Timeout watchdog d.u.i.k.p.r.p.ForkedTestFileRunner Timeout watcher launched (2000 secs.) 
334        WARN  main            d.u.i.k.s.ProofSettings   The settings in /home/runner/.key/proof-settings.props are *not* read. 
364        INFO  main            d.u.i.k.p.r.p.TestFile    Now processing file /home/runner/work/key/key/key.core/../key.ui/examples/heap/removeDups/arrayPart.key 
472        INFO  main            d.u.i.k.p.i.AbstractProblemLoader Loading environment from /home/runner/work/key/key/key.core/../key.ui/examples/heap/removeDups/arrayPart.key 
503        DEBUG main            d.u.i.k.p.i.AbstractProblemLoader Environment load took 1.89ms 
743        INFO  main            d.u.i.k.p.i.AbstractProblemLoader Creating init config 
1647       DEBUG main            d.u.i.k.j.TypeConverter   No LDT found for Meta 
1650       DEBUG main            d.u.i.k.j.TypeConverter   No LDT found for Meta 
1653       DEBUG main            d.u.i.k.j.TypeConverter   No LDT found for Meta 
1653       DEBUG main            d.u.i.k.j.TypeConverter   No LDT found for Meta 
2997       DEBUG main            d.u.i.k.j.TypeConverter   No LDT found for JavaBigintExpression 
8001       DEBUG main            d.u.i.k.p.i.AbstractProblemLoader Init config took 7.26s 
8181       INFO  main            d.u.i.k.p.i.AbstractProblemLoader Replaying proof RemoveDup[RemoveDup::arrayPart([I,int)].JML normal_behavior operation contract.0 
8216       DEBUG main            d.u.i.k.p.i.IntermediateProofReplayer Proof replay took 31ns 
10902      INFO  main            d.u.i.k.p.r.p.TestFile    ... finished proof: closed. 
11043      INFO  main            d.u.i.k.p.i.AbstractProblemLoader Loading environment from /home/runner/work/key/key/key.core/../key.ui/examples/heap/removeDups/arrayPart.key.proof 
11049      DEBUG main            d.u.i.k.p.i.AbstractProblemLoader Environment load took 5.46ms 
11053      INFO  main            d.u.i.k.p.i.AbstractProblemLoader Creating init config 
13879      DEBUG main            d.u.i.k.p.i.AbstractProblemLoader Init config took 2.83s 
13952      INFO  main            d.u.i.k.p.i.AbstractProblemLoader Replaying proof RemoveDup[RemoveDup::arrayPart([I,int)].JML normal_behavior operation contract.0 
14279      DEBUG main            d.u.i.k.p.i.IntermediateProofReplayer Proof replay took 310.1ms 
14286      DEBUG main            d.u.i.k.p.r.p.TestFile    ... success: reloaded. 
14288      INFO  main            d.u.i.k.p.r.p.TestFile    Now processing file /home/runner/work/key/key/key.core/../key.ui/examples/heap/removeDups/contains.key 
14288      INFO  main            d.u.i.k.p.i.AbstractProblemLoader Loading environment from /home/runner/work/key/key/key.core/../key.ui/examples/heap/removeDups/contains.key 
14288      DEBUG main            d.u.i.k.p.i.AbstractProblemLoader Environment load took 241ns 
14290      INFO  main            d.u.i.k.p.i.AbstractProblemLoader Creating init config 
16924      DEBUG main            d.u.i.k.p.i.AbstractProblemLoader Init config took 2.63s 
16979      INFO  main            d.u.i.k.p.i.AbstractProblemLoader Replaying proof RemoveDup[RemoveDup::contains([I,int,int)].JML normal_behavior operation contract.0 
16981      DEBUG main            d.u.i.k.p.i.IntermediateProofReplayer Proof replay took 5.6ns 
17488      INFO  main            d.u.i.k.p.r.p.TestFile    ... finished proof: closed. 
17645      INFO  main            d.u.i.k.p.i.AbstractProblemLoader Loading environment from /home/runner/work/key/key/key.core/../key.ui/examples/heap/removeDups/contains.key.proof 
17645      DEBUG main            d.u.i.k.p.i.AbstractProblemLoader Environment load took 523.81ns 
17647      INFO  main            d.u.i.k.p.i.AbstractProblemLoader Creating init config 
20217      DEBUG main            d.u.i.k.p.i.AbstractProblemLoader Init config took 2.57s 
20267      INFO  main            d.u.i.k.p.i.AbstractProblemLoader Replaying proof RemoveDup[RemoveDup::contains([I,int,int)].JML normal_behavior operation contract.0 
20387      DEBUG main            d.u.i.k.p.i.IntermediateProofReplayer Proof replay took 115.42ms 
20389      DEBUG main            d.u.i.k.p.r.p.TestFile    ... success: reloaded. 
20390      INFO  main            d.u.i.k.p.r.p.TestFile    Now processing file /home/runner/work/key/key/key.core/../key.ui/examples/heap/removeDups/removeDup.key 
20390      INFO  main            d.u.i.k.p.i.AbstractProblemLoader Loading environment from /home/runner/work/key/key/key.core/../key.ui/examples/heap/removeDups/removeDup.key 
20390      DEBUG main            d.u.i.k.p.i.AbstractProblemLoader Environment load took 226.5ns 
20392      INFO  main            d.u.i.k.p.i.AbstractProblemLoader Creating init config 
22953      DEBUG main            d.u.i.k.p.i.AbstractProblemLoader Init config took 2.56s 
23000      INFO  main            d.u.i.k.p.i.AbstractProblemLoader Replaying proof RemoveDup[RemoveDup::removeDup([I)].JML normal_behavior operation contract.0 
23002      DEBUG main            d.u.i.k.p.i.IntermediateProofReplayer Proof replay took 6.2ns 
27808      DEBUG Thread-7        d.u.i.k.j.d.VariableSpecification Program match. Variables have different dimension (template #v0 = #vi;, source a#11[] = var;) 
49482      INFO  main            d.u.i.k.p.r.p.TestFile    ... finished proof: closed. 
49739      INFO  main            d.u.i.k.p.i.AbstractProblemLoader Loading environment from /home/runner/work/key/key/key.core/../key.ui/examples/heap/removeDups/removeDup.key.proof 
49739      DEBUG main            d.u.i.k.p.i.AbstractProblemLoader Environment load took 475.71ns 
49749      INFO  main            d.u.i.k.p.i.AbstractProblemLoader Creating init config 
52235      DEBUG main            d.u.i.k.p.i.AbstractProblemLoader Init config took 2.49s 
52296      INFO  main            d.u.i.k.p.i.AbstractProblemLoader Replaying proof RemoveDup[RemoveDup::removeDup([I)].JML normal_behavior operation contract.0 
54195      DEBUG main            d.u.i.k.p.i.IntermediateProofReplayer Proof replay took 1.81s 
54199      DEBUG main            d.u.i.k.p.r.p.TestFile    ... success: reloaded. 
54201      INFO  main            d.u.i.k.p.r.p.TestFile    Now processing file /home/runner/work/key/key/key.core/../key.ui/examples/heap/saddleback_search/Saddleback_search.key 
54201      INFO  main            d.u.i.k.p.i.AbstractProblemLoader Loading environment from /home/runner/work/key/key/key.core/../key.ui/examples/heap/saddleback_search/Saddleback_search.key 
54201      DEBUG main            d.u.i.k.p.i.AbstractProblemLoader Environment load took 252.9ns 
54203      INFO  main            d.u.i.k.p.i.AbstractProblemLoader Creating init config 
56865      DEBUG main            d.u.i.k.p.i.AbstractProblemLoader Init config took 2.66s 
56905      INFO  main            d.u.i.k.p.i.AbstractProblemLoader Replaying proof Saddleback[Saddleback::search([[I,int)].JML normal_behavior operation contract.0 
56919      DEBUG main            d.u.i.k.p.i.IntermediateProofReplayer Proof replay took 5.4ns 
141274     INFO  main            d.u.i.k.p.r.p.TestFile    ... finished proof: closed. 
141678     INFO  main            d.u.i.k.p.i.AbstractProblemLoader Loading environment from /home/runner/work/key/key/key.core/../key.ui/examples/heap/saddleback_search/Saddleback_search.key.proof 
141679     DEBUG main            d.u.i.k.p.i.AbstractProblemLoader Environment load took 483.31ns 
141689     INFO  main            d.u.i.k.p.i.AbstractProblemLoader Creating init config 
144109     DEBUG main            d.u.i.k.p.i.AbstractProblemLoader Init config took 2.42s 
144149     INFO  main            d.u.i.k.p.i.AbstractProblemLoader Replaying proof Saddleback[Saddleback::search([[I,int)].JML normal_behavior operation contract.0 
146726     DEBUG main            d.u.i.k.p.i.IntermediateProofReplayer Proof replay took 2.42s 
146738     DEBUG main            d.u.i.k.p.r.p.TestFile    ... success: reloaded. 
1610103    INFO  Test worker     d.u.i.k.p.r.RunAllProofsTestUnit Returning from test removeDups 
1610104    INFO  Test worker     d.u.i.k.p.r.RunAllProofsTestUnit Running test quicksort 
335        INFO  Timeout watchdog d.u.i.k.p.r.p.ForkedTestFileRunner Timeout watcher launched (2000 secs.) 
341        WARN  main            d.u.i.k.s.ProofSettings   The settings in /home/runner/.key/proof-settings.props are *not* read. 
371        INFO  main            d.u.i.k.p.r.p.TestFile    Now processing file /home/runner/work/key/key/key.core/../key.ui/examples/heap/quicksort/toplevel.key 
486        INFO  main            d.u.i.k.p.i.AbstractProblemLoader Loading environment from /home/runner/work/key/key/key.core/../key.ui/examples/heap/quicksort/toplevel.key 
503        DEBUG main            d.u.i.k.p.i.AbstractProblemLoader Environment load took 2.16ms 
724        INFO  main            d.u.i.k.p.i.AbstractProblemLoader Creating init config 
1536       DEBUG main            d.u.i.k.j.TypeConverter   No LDT found for Meta 
1536       DEBUG main            d.u.i.k.j.TypeConverter   No LDT found for Meta 
1537       DEBUG main            d.u.i.k.j.TypeConverter   No LDT found for Meta 
1537       DEBUG main            d.u.i.k.j.TypeConverter   No LDT found for Meta 
3143       DEBUG main            d.u.i.k.j.TypeConverter   No LDT found for JavaBigintExpression 
8002       DEBUG main            d.u.i.k.p.i.AbstractProblemLoader Init config took 7.28s 
8120       INFO  main            d.u.i.k.p.i.AbstractProblemLoader Replaying proof Quicksort[Quicksort::sort([I)].JML normal_behavior operation contract.0 
8153       DEBUG main            d.u.i.k.p.i.IntermediateProofReplayer Proof replay took 30.6ns 
9435       INFO  main            d.u.i.k.p.r.p.TestFile    ... finished proof: closed. 
9597       INFO  main            d.u.i.k.p.i.AbstractProblemLoader Loading environment from /home/runner/work/key/key/key.core/../key.ui/examples/heap/quicksort/toplevel.key.proof 
9598       DEBUG main            d.u.i.k.p.i.AbstractProblemLoader Environment load took 464.11ns 
9600       INFO  main            d.u.i.k.p.i.AbstractProblemLoader Creating init config 
12396      DEBUG main            d.u.i.k.p.i.AbstractProblemLoader Init config took 2.8s 
12456      INFO  main            d.u.i.k.p.i.AbstractProblemLoader Replaying proof Quicksort[Quicksort::sort([I)].JML normal_behavior operation contract.0 
12614      DEBUG main            d.u.i.k.p.i.IntermediateProofReplayer Proof replay took 149.72ms 
12621      DEBUG main            d.u.i.k.p.r.p.TestFile    ... success: reloaded. 
12623      INFO  main            d.u.i.k.p.r.p.TestFile    Now processing file /home/runner/work/key/key/key.core/../key.ui/examples/heap/quicksort/sort.key 
12623      INFO  main            d.u.i.k.p.i.AbstractProblemLoader Loading environment from /home/runner/work/key/key/key.core/../key.ui/examples/heap/quicksort/sort.key 
12624      DEBUG main            d.u.i.k.p.i.AbstractProblemLoader Environment load took 242.9ns 
12626      INFO  main            d.u.i.k.p.i.AbstractProblemLoader Creating init config 
15321      DEBUG main            d.u.i.k.p.i.AbstractProblemLoader Init config took 2.7s 
15379      INFO  main            d.u.i.k.p.i.AbstractProblemLoader Replaying proof Quicksort[Quicksort::sort([I,int,int)].JML normal_behavior operation contract.0 
15383      DEBUG main            d.u.i.k.p.i.IntermediateProofReplayer Proof replay took 6.7ns 
15418      DEBUG main            d.u.i.k.m.s.ProofScriptEngine 1: 'script 'sort.script'' 
15422      INFO  main            d.u.i.k.m.s.ProofScriptCommand Included script /home/runner/work/key/key/key.core/../key.ui/examples/heap/quicksort/sort.script 
15423      DEBUG main            d.u.i.k.m.s.ProofScriptEngine 1: 'macro autopilot-prep' 
16482      DEBUG main            d.u.i.k.m.s.ProofScriptEngine 2: 'select formula="{heapAtPre:=heap || exc:=null || heap:=heapAfter_sort_0}
   seq ...' 
16486      DEBUG main            d.u.i.k.m.s.ProofScriptEngine 3: 'macro simp-upd' 
16497      DEBUG main            d.u.i.k.m.s.ProofScriptEngine 4: 'let   @seqPre="seqDef{int u;}(0, array.length, array[u])"
    @seqSplit="seqDef ...' 
16499      DEBUG main            d.u.i.k.m.s.ProofScriptEngine 5: 'rule seqPermSym 
  formula="seqPerm(@seqSplit, @seqPre)"' 
16518      DEBUG main            d.u.i.k.m.s.ProofScriptEngine 6: 'rule seqPermSym
  formula="seqPerm(@seqSort, @seqSplit)"' 
16520      DEBUG main            d.u.i.k.m.s.ProofScriptEngine 7: 'rule seqPermSym
  formula="seqPerm(@seqSort0, @seqSort)"' 
16521      DEBUG main            d.u.i.k.m.s.ProofScriptEngine 8: 'rule seqPermTrans
  formula="seqPerm(@seqPre, @seqSplit)"' 
16522      DEBUG main            d.u.i.k.m.s.ProofScriptEngine 9: 'rule seqPermTrans
  formula="seqPerm(@seqPre, @seqSort)"' 
16523      DEBUG main            d.u.i.k.m.s.ProofScriptEngine 10: 'rule seqPermSym
  formula="seqPerm(@seqPre, @seqSort0)"' 
16524      DEBUG main            d.u.i.k.m.s.ProofScriptEngine 11: 'tryclose' 
43291      INFO  main            d.u.i.k.p.r.p.TestFile    ... finished proof: closed. 
43595      INFO  main            d.u.i.k.p.i.AbstractProblemLoader Loading environment from /home/runner/work/key/key/key.core/../key.ui/examples/heap/quicksort/sort.key.proof 
43596      DEBUG main            d.u.i.k.p.i.AbstractProblemLoader Environment load took 171.6ns 
43608      INFO  main            d.u.i.k.p.i.AbstractProblemLoader Creating init config 
46202      DEBUG main            d.u.i.k.p.i.AbstractProblemLoader Init config took 2.59s 
46255      INFO  main            d.u.i.k.p.i.AbstractProblemLoader Replaying proof Quicksort[Quicksort::sort([I,int,int)].JML normal_behavior operation contract.0 
48134      DEBUG main            d.u.i.k.p.i.IntermediateProofReplayer Proof replay took 1.75s 
48140      DEBUG main            d.u.i.k.p.r.p.TestFile    ... success: reloaded. 
48150      INFO  main            d.u.i.k.p.r.p.TestFile    Now processing file /home/runner/work/key/key/key.core/../key.ui/examples/heap/quicksort/split.key 
48150      INFO  main            d.u.i.k.p.i.AbstractProblemLoader Loading environment from /home/runner/work/key/key/key.core/../key.ui/examples/heap/quicksort/split.key 
48156      DEBUG main            d.u.i.k.p.i.AbstractProblemLoader Environment load took 6ms 
48158      INFO  main            d.u.i.k.p.i.AbstractProblemLoader Creating init config 
50797      DEBUG main            d.u.i.k.p.i.AbstractProblemLoader Init config took 2.64s 
50843      INFO  main            d.u.i.k.p.i.AbstractProblemLoader Replaying proof Quicksort[Quicksort::split([I,int,int)].JML normal_behavior operation contract.0 
50846      DEBUG main            d.u.i.k.p.i.IntermediateProofReplayer Proof replay took 5.4ns 
50847      DEBUG main            d.u.i.k.m.s.ProofScriptEngine 1: 'macro autopilot-prep' 
52053      DEBUG main            d.u.i.k.m.s.ProofScriptEngine 2: 'tryclose' 
89990      DEBUG main            d.u.i.k.m.s.ProofScriptEngine 3: 'macro simp-upd' 
90138      DEBUG main            d.u.i.k.m.s.ProofScriptEngine 4: 'rule seqPermFromSwap' 
90155      DEBUG main            d.u.i.k.m.s.ProofScriptEngine 5: 'rule andRight' 
90157      DEBUG main            d.u.i.k.m.s.ProofScriptEngine 6: 'auto' 
90187      DEBUG main            d.u.i.k.m.s.ProofScriptEngine 7: 'instantiate hide var=iv with=i_0' 
90192      DEBUG main            d.u.i.k.m.s.ProofScriptEngine 8: 'instantiate hide var=jv with=j_0' 
90193      DEBUG main            d.u.i.k.m.s.ProofScriptEngine 9: 'auto' 
96988      DEBUG main            d.u.i.k.m.s.ProofScriptEngine 10: 'macro simp-upd' 
97108      DEBUG main            d.u.i.k.m.s.ProofScriptEngine 11: 'rule seqPermFromSwap' 
97112      DEBUG main            d.u.i.k.m.s.ProofScriptEngine 12: 'rule andRight' 
97113      DEBUG main            d.u.i.k.m.s.ProofScriptEngine 13: 'auto' 
97130      DEBUG main            d.u.i.k.m.s.ProofScriptEngine 14: 'instantiate hide var=iv with=i_0' 
97133      DEBUG main            d.u.i.k.m.s.ProofScriptEngine 15: 'instantiate hide var=jv with=to' 
97135      DEBUG main            d.u.i.k.m.s.ProofScriptEngine 16: 'auto' 
102432     INFO  main            d.u.i.k.p.r.p.TestFile    ... finished proof: closed. 
102837     INFO  main            d.u.i.k.p.i.AbstractProblemLoader Loading environment from /home/runner/work/key/key/key.core/../key.ui/examples/heap/quicksort/split.key.proof 
102837     DEBUG main            d.u.i.k.p.i.AbstractProblemLoader Environment load took 457.91ns 
102848     INFO  main            d.u.i.k.p.i.AbstractProblemLoader Creating init config 
105313     DEBUG main            d.u.i.k.p.i.AbstractProblemLoader Init config took 2.46s 
105368     INFO  main            d.u.i.k.p.i.AbstractProblemLoader Replaying proof Quicksort[Quicksort::split([I,int,int)].JML normal_behavior operation contract.0 
108816     DEBUG main            d.u.i.k.p.i.IntermediateProofReplayer Proof replay took 3.26s 
108827     DEBUG main            d.u.i.k.p.r.p.TestFile    ... success: reloaded. 
1719103    INFO  Test worker     d.u.i.k.p.r.RunAllProofsTestUnit Returning from test quicksort 
1719105    INFO  Test worker     d.u.i.k.p.r.RunAllProofsTestUnit Running test simpleTests 
321        INFO  Timeout watchdog d.u.i.k.p.r.p.ForkedTestFileRunner Timeout watcher launched (2000 secs.) 
334        WARN  main            d.u.i.k.s.ProofSettings   The settings in /home/runner/.key/proof-settings.props are *not* read. 
367        INFO  main            d.u.i.k.p.r.p.TestFile    Now processing file /home/runner/work/key/key/key.core/../key.ui/examples/heap/simple/anonymise_datagroup.key 
491        INFO  main            d.u.i.k.p.i.AbstractProblemLoader Loading environment from /home/runner/work/key/key/key.core/../key.ui/examples/heap/simple/anonymise_datagroup.key 
515        DEBUG main            d.u.i.k.p.i.AbstractProblemLoader Environment load took 2.1ms 
815        INFO  main            d.u.i.k.p.i.AbstractProblemLoader Creating init config 
1732       DEBUG main            d.u.i.k.j.TypeConverter   No LDT found for Meta 
1733       DEBUG main            d.u.i.k.j.TypeConverter   No LDT found for Meta 
1734       DEBUG main            d.u.i.k.j.TypeConverter   No LDT found for Meta 
1734       DEBUG main            d.u.i.k.j.TypeConverter   No LDT found for Meta 
3078       DEBUG main            d.u.i.k.j.TypeConverter   No LDT found for JavaBigintExpression 
7872       DEBUG main            d.u.i.k.p.i.AbstractProblemLoader Init config took 7.06s 
7931       INFO  main            d.u.i.k.p.i.AbstractProblemLoader Replaying proof anonymise_datagroup.key 
7962       DEBUG main            d.u.i.k.p.i.IntermediateProofReplayer Proof replay took 33.7ns 
8237       INFO  main            d.u.i.k.p.r.p.TestFile    ... finished proof: closed. 
8339       INFO  main            d.u.i.k.p.i.AbstractProblemLoader Loading environment from /home/runner/work/key/key/key.core/../key.ui/examples/heap/simple/anonymise_datagroup.key.proof 
8340       DEBUG main            d.u.i.k.p.i.AbstractProblemLoader Environment load took 1.62ms 
8345       INFO  main            d.u.i.k.p.i.AbstractProblemLoader Creating init config 
11004      DEBUG main            d.u.i.k.p.i.AbstractProblemLoader Init config took 2.66s 
11034      INFO  main            d.u.i.k.p.i.AbstractProblemLoader Replaying proof anonymise_datagroup.key.proof 
11059      DEBUG main            d.u.i.k.p.i.IntermediateProofReplayer Proof replay took 19.1ms 
11073      DEBUG main            d.u.i.k.p.r.p.TestFile    ... success: reloaded. 
11074      INFO  main            d.u.i.k.p.r.p.TestFile    Now processing file /home/runner/work/key/key/key.core/../key.ui/examples/heap/simple/array_creation.key 
11075      INFO  main            d.u.i.k.p.i.AbstractProblemLoader Loading environment from /home/runner/work/key/key/key.core/../key.ui/examples/heap/simple/array_creation.key 
11075      DEBUG main            d.u.i.k.p.i.AbstractProblemLoader Environment load took 241.3ns 
11081      INFO  main            d.u.i.k.p.i.AbstractProblemLoader Creating init config 
13633      DEBUG main            d.u.i.k.p.i.AbstractProblemLoader Init config took 2.55s 
13664      INFO  main            d.u.i.k.p.i.AbstractProblemLoader Replaying proof array_creation.key 
13667      DEBUG main            d.u.i.k.p.i.IntermediateProofReplayer Proof replay took 6.3ns 
14382      INFO  main            d.u.i.k.p.r.p.TestFile    ... finished proof: closed. 
14517      INFO  main            d.u.i.k.p.i.AbstractProblemLoader Loading environment from /home/runner/work/key/key/key.core/../key.ui/examples/heap/simple/array_creation.key.proof 
14520      DEBUG main            d.u.i.k.p.i.AbstractProblemLoader Environment load took 2.46ms 
14521      INFO  main            d.u.i.k.p.i.AbstractProblemLoader Creating init config 
16957      DEBUG main            d.u.i.k.p.i.AbstractProblemLoader Init config took 2.44s 
16983      INFO  main            d.u.i.k.p.i.AbstractProblemLoader Replaying proof array_creation.key.proof 
17071      DEBUG main            d.u.i.k.p.i.IntermediateProofReplayer Proof replay took 83.26ms 
17072      DEBUG main            d.u.i.k.p.r.p.TestFile    ... success: reloaded. 
17073      INFO  main            d.u.i.k.p.r.p.TestFile    Now processing file /home/runner/work/key/key/key.core/../key.ui/examples/heap/simple/arrays_with_disjoint_sorts.key 
17074      INFO  main            d.u.i.k.p.i.AbstractProblemLoader Loading environment from /home/runner/work/key/key/key.core/../key.ui/examples/heap/simple/arrays_with_disjoint_sorts.key 
17074      DEBUG main            d.u.i.k.p.i.AbstractProblemLoader Environment load took 304.9ns 
17076      INFO  main            d.u.i.k.p.i.AbstractProblemLoader Creating init config 
19534      DEBUG main            d.u.i.k.p.i.AbstractProblemLoader Init config took 2.46s 
19564      INFO  main            d.u.i.k.p.i.AbstractProblemLoader Replaying proof arrays_with_disjoint_sorts.key 
19569      DEBUG main            d.u.i.k.p.i.IntermediateProofReplayer Proof replay took 6.9ns 
19778      INFO  main            d.u.i.k.p.r.p.TestFile    ... finished proof: closed. 
19926      INFO  main            d.u.i.k.p.i.AbstractProblemLoader Loading environment from /home/runner/work/key/key/key.core/../key.ui/examples/heap/simple/arrays_with_disjoint_sorts.key.proof 
19928      DEBUG main            d.u.i.k.p.i.AbstractProblemLoader Environment load took 2.76ms 
19930      INFO  main            d.u.i.k.p.i.AbstractProblemLoader Creating init config 
22331      DEBUG main            d.u.i.k.p.i.AbstractProblemLoader Init config took 2.4s 
22352      INFO  main            d.u.i.k.p.i.AbstractProblemLoader Replaying proof arrays_with_disjoint_sorts.key.proof 
22376      DEBUG main            d.u.i.k.p.i.IntermediateProofReplayer Proof replay took 20.33ms 
22377      DEBUG main            d.u.i.k.p.r.p.TestFile    ... success: reloaded. 
22378      INFO  main            d.u.i.k.p.r.p.TestFile    Now processing file /home/runner/work/key/key/key.core/../key.ui/examples/heap/simple/arrays.key 
22378      INFO  main            d.u.i.k.p.i.AbstractProblemLoader Loading environment from /home/runner/work/key/key/key.core/../key.ui/examples/heap/simple/arrays.key 
22379      DEBUG main            d.u.i.k.p.i.AbstractProblemLoader Environment load took 228.9ns 
22380      INFO  main            d.u.i.k.p.i.AbstractProblemLoader Creating init config 
24751      DEBUG main            d.u.i.k.p.i.AbstractProblemLoader Init config took 2.37s 
24773      INFO  main            d.u.i.k.p.i.AbstractProblemLoader Replaying proof arrays.key 
24776      DEBUG main            d.u.i.k.p.i.IntermediateProofReplayer Proof replay took 14.6ns 
24984      INFO  main            d.u.i.k.p.r.p.TestFile    ... finished proof: closed. 
25131      INFO  main            d.u.i.k.p.i.AbstractProblemLoader Loading environment from /home/runner/work/key/key/key.core/../key.ui/examples/heap/simple/arrays.key.proof 
25132      DEBUG main            d.u.i.k.p.i.AbstractProblemLoader Environment load took 1.02ms 
25134      INFO  main            d.u.i.k.p.i.AbstractProblemLoader Creating init config 
27515      DEBUG main            d.u.i.k.p.i.AbstractProblemLoader Init config took 2.38s 
27537      INFO  main            d.u.i.k.p.i.AbstractProblemLoader Replaying proof arrays.key.proof 
27561      DEBUG main            d.u.i.k.p.i.IntermediateProofReplayer Proof replay took 19.42ms 
27562      DEBUG main            d.u.i.k.p.r.p.TestFile    ... success: reloaded. 
27563      INFO  main            d.u.i.k.p.r.p.TestFile    Now processing file /home/runner/work/key/key/key.core/../key.ui/examples/heap/simple/attributes.key 
27564      INFO  main            d.u.i.k.p.i.AbstractProblemLoader Loading environment from /home/runner/work/key/key/key.core/../key.ui/examples/heap/simple/attributes.key 
27564      DEBUG main            d.u.i.k.p.i.AbstractProblemLoader Environment load took 254ns 
27565      INFO  main            d.u.i.k.p.i.AbstractProblemLoader Creating init config 
29935      DEBUG main            d.u.i.k.p.i.AbstractProblemLoader Init config took 2.37s 
29955      INFO  main            d.u.i.k.p.i.AbstractProblemLoader Replaying proof attributes.key 
29957      DEBUG main            d.u.i.k.p.i.IntermediateProofReplayer Proof replay took 6.2ns 
30060      INFO  main            d.u.i.k.p.r.p.TestFile    ... finished proof: closed. 
30219      INFO  main            d.u.i.k.p.i.AbstractProblemLoader Loading environment from /home/runner/work/key/key/key.core/../key.ui/examples/heap/simple/attributes.key.proof 
30219      DEBUG main            d.u.i.k.p.i.AbstractProblemLoader Environment load took 129.6ns 
30222      INFO  main            d.u.i.k.p.i.AbstractProblemLoader Creating init config 
32548      DEBUG main            d.u.i.k.p.i.AbstractProblemLoader Init config took 2.33s 
32569      INFO  main            d.u.i.k.p.i.AbstractProblemLoader Replaying proof attributes.key.proof 
32575      DEBUG main            d.u.i.k.p.i.IntermediateProofReplayer Proof replay took 2.74ms 
32576      DEBUG main            d.u.i.k.p.r.p.TestFile    ... success: reloaded. 
32577      INFO  main            d.u.i.k.p.r.p.TestFile    Now processing file /home/runner/work/key/key/key.core/../key.ui/examples/heap/simple/constructor_contracts.key 
32577      INFO  main            d.u.i.k.p.i.AbstractProblemLoader Loading environment from /home/runner/work/key/key/key.core/../key.ui/examples/heap/simple/constructor_contracts.key 
32577      DEBUG main            d.u.i.k.p.i.AbstractProblemLoader Environment load took 443.01ns 
32580      INFO  main            d.u.i.k.p.i.AbstractProblemLoader Creating init config 
35503      DEBUG main            d.u.i.k.p.i.AbstractProblemLoader Init config took 2.92s 
35525      INFO  main            d.u.i.k.p.i.AbstractProblemLoader Replaying proof constructor_contracts.key 
35530      DEBUG main            d.u.i.k.p.i.IntermediateProofReplayer Proof replay took 6.6ns 
36146      INFO  main            d.u.i.k.p.r.p.TestFile    ... finished proof: closed. 
36329      INFO  main            d.u.i.k.p.i.AbstractProblemLoader Loading environment from /home/runner/work/key/key/key.core/../key.ui/examples/heap/simple/constructor_contracts.key.proof 
36332      DEBUG main            d.u.i.k.p.i.AbstractProblemLoader Environment load took 2.11ms 
36333      INFO  main            d.u.i.k.p.i.AbstractProblemLoader Creating init config 
38944      DEBUG main            d.u.i.k.p.i.AbstractProblemLoader Init config took 2.61s 
38964      INFO  main            d.u.i.k.p.i.AbstractProblemLoader Replaying proof constructor_contracts.key.proof 
39069      DEBUG main            d.u.i.k.p.i.IntermediateProofReplayer Proof replay took 100.15ms 
39071      DEBUG main            d.u.i.k.p.r.p.TestFile    ... success: reloaded. 
39073      INFO  main            d.u.i.k.p.r.p.TestFile    Now processing file /home/runner/work/key/key/key.core/../key.ui/examples/heap/simple/dependencies.key 
39073      INFO  main            d.u.i.k.p.i.AbstractProblemLoader Loading environment from /home/runner/work/key/key/key.core/../key.ui/examples/heap/simple/dependencies.key 
39074      DEBUG main            d.u.i.k.p.i.AbstractProblemLoader Environment load took 207.01ns 
39075      INFO  main            d.u.i.k.p.i.AbstractProblemLoader Creating init config 
41454      DEBUG main            d.u.i.k.p.i.AbstractProblemLoader Init config took 2.38s 
41471      INFO  main            d.u.i.k.p.i.AbstractProblemLoader Replaying proof dependencies.key 
41472      DEBUG main            d.u.i.k.p.i.IntermediateProofReplayer Proof replay took 7.3ns 
41575      INFO  main            d.u.i.k.p.r.p.TestFile    ... finished proof: closed. 
41760      INFO  main            d.u.i.k.p.i.AbstractProblemLoader Loading environment from /home/runner/work/key/key/key.core/../key.ui/examples/heap/simple/dependencies.key.proof 
41760      DEBUG main            d.u.i.k.p.i.AbstractProblemLoader Environment load took 122.4ns 
41765      INFO  main            d.u.i.k.p.i.AbstractProblemLoader Creating init config 
44068      DEBUG main            d.u.i.k.p.i.AbstractProblemLoader Init config took 2.3s 
44086      INFO  main            d.u.i.k.p.i.AbstractProblemLoader Replaying proof dependencies.key.proof 
44095      DEBUG main            d.u.i.k.p.i.IntermediateProofReplayer Proof replay took 7.66ms 
44096      DEBUG main            d.u.i.k.p.r.p.TestFile    ... success: reloaded. 
44097      INFO  main            d.u.i.k.p.r.p.TestFile    Now processing file /home/runner/work/key/key/key.core/../key.ui/examples/heap/simple/dependency_contracts.key 
44097      INFO  main            d.u.i.k.p.i.AbstractProblemLoader Loading environment from /home/runner/work/key/key/key.core/../key.ui/examples/heap/simple/dependency_contracts.key 
44097      DEBUG main            d.u.i.k.p.i.AbstractProblemLoader Environment load took 109.9ns 
44099      INFO  main            d.u.i.k.p.i.AbstractProblemLoader Creating init config 
46757      DEBUG main            d.u.i.k.p.i.AbstractProblemLoader Init config took 2.66s 
46776      INFO  main            d.u.i.k.p.i.AbstractProblemLoader Replaying proof dependency_contracts.key 
46778      DEBUG main            d.u.i.k.p.i.IntermediateProofReplayer Proof replay took 6.8ns 
48186      INFO  main            d.u.i.k.p.r.p.TestFile    ... finished proof: closed. 
48381      INFO  main            d.u.i.k.p.i.AbstractProblemLoader Loading environment from /home/runner/work/key/key/key.core/../key.ui/examples/heap/simple/dependency_contracts.key.proof 
48382      DEBUG main            d.u.i.k.p.i.AbstractProblemLoader Environment load took 445.21ns 
48384      INFO  main            d.u.i.k.p.i.AbstractProblemLoader Creating init config 
50971      DEBUG main            d.u.i.k.p.i.AbstractProblemLoader Init config took 2.59s 
50990      INFO  main            d.u.i.k.p.i.AbstractProblemLoader Replaying proof dependency_contracts.key.proof 
51173      DEBUG main            d.u.i.k.p.i.IntermediateProofReplayer Proof replay took 173.2ms 
51175      DEBUG main            d.u.i.k.p.r.p.TestFile    ... success: reloaded. 
51176      INFO  main            d.u.i.k.p.r.p.TestFile    Now processing file /home/runner/work/key/key/key.core/../key.ui/examples/heap/simple/invariant_preservation.key 
51177      INFO  main            d.u.i.k.p.i.AbstractProblemLoader Loading environment from /home/runner/work/key/key/key.core/../key.ui/examples/heap/simple/invariant_preservation.key 
51177      DEBUG main            d.u.i.k.p.i.AbstractProblemLoader Environment load took 223.4ns 
51178      INFO  main            d.u.i.k.p.i.AbstractProblemLoader Creating init config 
53718      DEBUG main            d.u.i.k.p.i.AbstractProblemLoader Init config took 2.54s 
53737      INFO  main            d.u.i.k.p.i.AbstractProblemLoader Replaying proof invariant_preservation.key 
53738      DEBUG main            d.u.i.k.p.i.IntermediateProofReplayer Proof replay took 7ns 
53942      INFO  main            d.u.i.k.p.r.p.TestFile    ... finished proof: closed. 
54152      INFO  main            d.u.i.k.p.i.AbstractProblemLoader Loading environment from /home/runner/work/key/key/key.core/../key.ui/examples/heap/simple/invariant_preservation.key.proof 
54152      DEBUG main            d.u.i.k.p.i.AbstractProblemLoader Environment load took 135.8ns 
54155      INFO  main            d.u.i.k.p.i.AbstractProblemLoader Creating init config 
56688      DEBUG main            d.u.i.k.p.i.AbstractProblemLoader Init config took 2.53s 
56706      INFO  main            d.u.i.k.p.i.AbstractProblemLoader Replaying proof invariant_preservation.key.proof 
56737      DEBUG main            d.u.i.k.p.i.IntermediateProofReplayer Proof replay took 28.88ms 
56739      DEBUG main            d.u.i.k.p.r.p.TestFile    ... success: reloaded. 
56741      INFO  main            d.u.i.k.p.r.p.TestFile    Now processing file /home/runner/work/key/key/key.core/../key.ui/examples/heap/simple/locsets.key 
56741      INFO  main            d.u.i.k.p.i.AbstractProblemLoader Loading environment from /home/runner/work/key/key/key.core/../key.ui/examples/heap/simple/locsets.key 
56741      DEBUG main            d.u.i.k.p.i.AbstractProblemLoader Environment load took 206.9ns 
56742      INFO  main            d.u.i.k.p.i.AbstractProblemLoader Creating init config 
59073      DEBUG main            d.u.i.k.p.i.AbstractProblemLoader Init config took 2.33s 
59088      INFO  main            d.u.i.k.p.i.AbstractProblemLoader Replaying proof locsets.key 
59089      DEBUG main            d.u.i.k.p.i.IntermediateProofReplayer Proof replay took 6.7ns 
59194      INFO  main            d.u.i.k.p.r.p.TestFile    ... finished proof: closed. 
59377      INFO  main            d.u.i.k.p.i.AbstractProblemLoader Loading environment from /home/runner/work/key/key/key.core/../key.ui/examples/heap/simple/locsets.key.proof 
59377      DEBUG main            d.u.i.k.p.i.AbstractProblemLoader Environment load took 127ns 
59378      INFO  main            d.u.i.k.p.i.AbstractProblemLoader Creating init config 
61643      DEBUG main            d.u.i.k.p.i.AbstractProblemLoader Init config took 2.26s 
61662      INFO  main            d.u.i.k.p.i.AbstractProblemLoader Replaying proof locsets.key.proof 
61667      DEBUG main            d.u.i.k.p.i.IntermediateProofReplayer Proof replay took 2.42ms 
61668      DEBUG main            d.u.i.k.p.r.p.TestFile    ... success: reloaded. 
61669      INFO  main            d.u.i.k.p.r.p.TestFile    Now processing file /home/runner/work/key/key/key.core/../key.ui/examples/heap/simple/loop1.key 
61670      INFO  main            d.u.i.k.p.i.AbstractProblemLoader Loading environment from /home/runner/work/key/key/key.core/../key.ui/examples/heap/simple/loop1.key 
61670      DEBUG main            d.u.i.k.p.i.AbstractProblemLoader Environment load took 95ns 
61672      INFO  main            d.u.i.k.p.i.AbstractProblemLoader Creating init config 
64214      DEBUG main            d.u.i.k.p.i.AbstractProblemLoader Init config took 2.54s 
64231      INFO  main            d.u.i.k.p.i.AbstractProblemLoader Replaying proof loop1.key 
64232      DEBUG main            d.u.i.k.p.i.IntermediateProofReplayer Proof replay took 7.6ns 
64435      INFO  main            d.u.i.k.p.r.p.TestFile    ... finished proof: closed. 
64628      INFO  main            d.u.i.k.p.i.AbstractProblemLoader Loading environment from /home/runner/work/key/key/key.core/../key.ui/examples/heap/simple/loop1.key.proof 
64629      DEBUG main            d.u.i.k.p.i.AbstractProblemLoader Environment load took 130.5ns 
64630      INFO  main            d.u.i.k.p.i.AbstractProblemLoader Creating init config 
67162      DEBUG main            d.u.i.k.p.i.AbstractProblemLoader Init config took 2.53s 
67178      INFO  main            d.u.i.k.p.i.AbstractProblemLoader Replaying proof loop1.key.proof 
67236      DEBUG main            d.u.i.k.p.i.IntermediateProofReplayer Proof replay took 56.52ms 
67237      DEBUG main            d.u.i.k.p.r.p.TestFile    ... success: reloaded. 
67238      INFO  main            d.u.i.k.p.r.p.TestFile    Now processing file /home/runner/work/key/key/key.core/../key.ui/examples/heap/simple/loop2.key 
67239      INFO  main            d.u.i.k.p.i.AbstractProblemLoader Loading environment from /home/runner/work/key/key/key.core/../key.ui/examples/heap/simple/loop2.key 
67239      DEBUG main            d.u.i.k.p.i.AbstractProblemLoader Environment load took 105.1ns 
67240      INFO  main            d.u.i.k.p.i.AbstractProblemLoader Creating init config 
69804      DEBUG main            d.u.i.k.p.i.AbstractProblemLoader Init config took 2.56s 
69821      INFO  main            d.u.i.k.p.i.AbstractProblemLoader Replaying proof loop2.key 
69823      DEBUG main            d.u.i.k.p.i.IntermediateProofReplayer Proof replay took 6.7ns 
70427      INFO  main            d.u.i.k.p.r.p.TestFile    ... finished proof: closed. 
70636      INFO  main            d.u.i.k.p.i.AbstractProblemLoader Loading environment from /home/runner/work/key/key/key.core/../key.ui/examples/heap/simple/loop2.key.proof 
70636      DEBUG main            d.u.i.k.p.i.AbstractProblemLoader Environment load took 126.7ns 
70637      INFO  main            d.u.i.k.p.i.AbstractProblemLoader Creating init config 
73121      DEBUG main            d.u.i.k.p.i.AbstractProblemLoader Init config took 2.48s 
73137      INFO  main            d.u.i.k.p.i.AbstractProblemLoader Replaying proof loop2.key.proof 
73255      DEBUG main            d.u.i.k.p.i.IntermediateProofReplayer Proof replay took 113.29ms 
73257      DEBUG main            d.u.i.k.p.r.p.TestFile    ... success: reloaded. 
73258      INFO  main            d.u.i.k.p.r.p.TestFile    Now processing file /home/runner/work/key/key/key.core/../key.ui/examples/heap/simple/modifies_datagroup.key 
73259      INFO  main            d.u.i.k.p.i.AbstractProblemLoader Loading environment from /home/runner/work/key/key/key.core/../key.ui/examples/heap/simple/modifies_datagroup.key 
73259      DEBUG main            d.u.i.k.p.i.AbstractProblemLoader Environment load took 223.6ns 
73260      INFO  main            d.u.i.k.p.i.AbstractProblemLoader Creating init config 
75618      DEBUG main            d.u.i.k.p.i.AbstractProblemLoader Init config took 2.36s 
75634      INFO  main            d.u.i.k.p.i.AbstractProblemLoader Replaying proof modifies_datagroup.key 
75636      DEBUG main            d.u.i.k.p.i.IntermediateProofReplayer Proof replay took 7ns 
75740      INFO  main            d.u.i.k.p.r.p.TestFile    ... finished proof: closed. 
75969      INFO  main            d.u.i.k.p.i.AbstractProblemLoader Loading environment from /home/runner/work/key/key/key.core/../key.ui/examples/heap/simple/modifies_datagroup.key.proof 
75969      DEBUG main            d.u.i.k.p.i.AbstractProblemLoader Environment load took 115.7ns 
75970      INFO  main            d.u.i.k.p.i.AbstractProblemLoader Creating init config 
78210      DEBUG main            d.u.i.k.p.i.AbstractProblemLoader Init config took 2.24s 
78225      INFO  main            d.u.i.k.p.i.AbstractProblemLoader Replaying proof modifies_datagroup.key.proof 
78230      DEBUG main            d.u.i.k.p.i.IntermediateProofReplayer Proof replay took 3.44ms 
78231      DEBUG main            d.u.i.k.p.r.p.TestFile    ... success: reloaded. 
78232      INFO  main            d.u.i.k.p.r.p.TestFile    Now processing file /home/runner/work/key/key/key.core/../key.ui/examples/heap/simple/modifies.key 
78232      INFO  main            d.u.i.k.p.i.AbstractProblemLoader Loading environment from /home/runner/work/key/key/key.core/../key.ui/examples/heap/simple/modifies.key 
78232      DEBUG main            d.u.i.k.p.i.AbstractProblemLoader Environment load took 95.1ns 
78237      INFO  main            d.u.i.k.p.i.AbstractProblemLoader Creating init config 
80598      DEBUG main            d.u.i.k.p.i.AbstractProblemLoader Init config took 2.36s 
80613      INFO  main            d.u.i.k.p.i.AbstractProblemLoader Replaying proof modifies.key 
80614      DEBUG main            d.u.i.k.p.i.IntermediateProofReplayer Proof replay took 6.1ns 
80717      INFO  main            d.u.i.k.p.r.p.TestFile    ... finished proof: closed. 
80925      INFO  main            d.u.i.k.p.i.AbstractProblemLoader Loading environment from /home/runner/work/key/key/key.core/../key.ui/examples/heap/simple/modifies.key.proof 
80925      DEBUG main            d.u.i.k.p.i.AbstractProblemLoader Environment load took 118.3ns 
80927      INFO  main            d.u.i.k.p.i.AbstractProblemLoader Creating init config 
83193      DEBUG main            d.u.i.k.p.i.AbstractProblemLoader Init config took 2.27s 
83208      INFO  main            d.u.i.k.p.i.AbstractProblemLoader Replaying proof modifies.key.proof 
83221      DEBUG main            d.u.i.k.p.i.IntermediateProofReplayer Proof replay took 11.76ms 
83222      DEBUG main            d.u.i.k.p.r.p.TestFile    ... success: reloaded. 
83223      INFO  main            d.u.i.k.p.r.p.TestFile    Now processing file /home/runner/work/key/key/key.core/../key.ui/examples/heap/simple/object_creation.key 
83223      INFO  main            d.u.i.k.p.i.AbstractProblemLoader Loading environment from /home/runner/work/key/key/key.core/../key.ui/examples/heap/simple/object_creation.key 
83223      DEBUG main            d.u.i.k.p.i.AbstractProblemLoader Environment load took 95.7ns 
83224      INFO  main            d.u.i.k.p.i.AbstractProblemLoader Creating init config 
85505      DEBUG main            d.u.i.k.p.i.AbstractProblemLoader Init config took 2.28s 
85520      INFO  main            d.u.i.k.p.i.AbstractProblemLoader Replaying proof object_creation.key 
85522      DEBUG main            d.u.i.k.p.i.IntermediateProofReplayer Proof replay took 6.4ns 
85726      INFO  main            d.u.i.k.p.r.p.TestFile    ... finished proof: closed. 
85948      INFO  main            d.u.i.k.p.i.AbstractProblemLoader Loading environment from /home/runner/work/key/key/key.core/../key.ui/examples/heap/simple/object_creation.key.proof 
85948      DEBUG main            d.u.i.k.p.i.AbstractProblemLoader Environment load took 121.2ns 
85954      INFO  main            d.u.i.k.p.i.AbstractProblemLoader Creating init config 
88185      DEBUG main            d.u.i.k.p.i.AbstractProblemLoader Init config took 2.23s 
88200      INFO  main            d.u.i.k.p.i.AbstractProblemLoader Replaying proof object_creation.key.proof 
88248      DEBUG main            d.u.i.k.p.i.IntermediateProofReplayer Proof replay took 45.16ms 
88249      DEBUG main            d.u.i.k.p.r.p.TestFile    ... success: reloaded. 
88249      INFO  main            d.u.i.k.p.r.p.TestFile    Now processing file /home/runner/work/key/key/key.core/../key.ui/examples/heap/simple/operation_contracts.key 
88250      INFO  main            d.u.i.k.p.i.AbstractProblemLoader Loading environment from /home/runner/work/key/key/key.core/../key.ui/examples/heap/simple/operation_contracts.key 
88250      DEBUG main            d.u.i.k.p.i.AbstractProblemLoader Environment load took 101.6ns 
88251      INFO  main            d.u.i.k.p.i.AbstractProblemLoader Creating init config 
90788      DEBUG main            d.u.i.k.p.i.AbstractProblemLoader Init config took 2.54s 
90805      INFO  main            d.u.i.k.p.i.AbstractProblemLoader Replaying proof operation_contracts.key 
90806      DEBUG main            d.u.i.k.p.i.IntermediateProofReplayer Proof replay took 6.7ns 
91622      INFO  main            d.u.i.k.p.r.p.TestFile    ... finished proof: closed. 
91865      INFO  main            d.u.i.k.p.i.AbstractProblemLoader Loading environment from /home/runner/work/key/key/key.core/../key.ui/examples/heap/simple/operation_contracts.key.proof 
91868      DEBUG main            d.u.i.k.p.i.AbstractProblemLoader Environment load took 2.84ms 
91870      INFO  main            d.u.i.k.p.i.AbstractProblemLoader Creating init config 
94336      DEBUG main            d.u.i.k.p.i.AbstractProblemLoader Init config took 2.47s 
94352      INFO  main            d.u.i.k.p.i.AbstractProblemLoader Replaying proof operation_contracts.key.proof 
94473      DEBUG main            d.u.i.k.p.i.IntermediateProofReplayer Proof replay took 112.93ms 
94475      DEBUG main            d.u.i.k.p.r.p.TestFile    ... success: reloaded. 
94476      INFO  main            d.u.i.k.p.r.p.TestFile    Now processing file /home/runner/work/key/key/key.core/../key.ui/examples/heap/simple/select_store.key 
94476      INFO  main            d.u.i.k.p.i.AbstractProblemLoader Loading environment from /home/runner/work/key/key/key.core/../key.ui/examples/heap/simple/select_store.key 
94477      DEBUG main            d.u.i.k.p.i.AbstractProblemLoader Environment load took 208.5ns 
94478      INFO  main            d.u.i.k.p.i.AbstractProblemLoader Creating init config 
96798      DEBUG main            d.u.i.k.p.i.AbstractProblemLoader Init config took 2.32s 
96812      INFO  main            d.u.i.k.p.i.AbstractProblemLoader Replaying proof select_store.key 
96814      DEBUG main            d.u.i.k.p.i.IntermediateProofReplayer Proof replay took 7.9ns 
96918      INFO  main            d.u.i.k.p.r.p.TestFile    ... finished proof: closed. 
97218      INFO  main            d.u.i.k.p.i.AbstractProblemLoader Loading environment from /home/runner/work/key/key/key.core/../key.ui/examples/heap/simple/select_store.key.proof 
97218      DEBUG main            d.u.i.k.p.i.AbstractProblemLoader Environment load took 159.8ns 
97219      INFO  main            d.u.i.k.p.i.AbstractProblemLoader Creating init config 
99432      DEBUG main            d.u.i.k.p.i.AbstractProblemLoader Init config took 2.21s 
99450      INFO  main            d.u.i.k.p.i.AbstractProblemLoader Replaying proof select_store.key.proof 
99453      DEBUG main            d.u.i.k.p.i.IntermediateProofReplayer Proof replay took 2.08ms 
99454      DEBUG main            d.u.i.k.p.r.p.TestFile    ... success: reloaded. 
99455      INFO  main            d.u.i.k.p.r.p.TestFile    Now processing file /home/runner/work/key/key/key.core/../key.ui/examples/heap/simple/selection_sort.key 
99455      INFO  main            d.u.i.k.p.i.AbstractProblemLoader Loading environment from /home/runner/work/key/key/key.core/../key.ui/examples/heap/simple/selection_sort.key 
99455      DEBUG main            d.u.i.k.p.i.AbstractProblemLoader Environment load took 76.7ns 
99456      INFO  main            d.u.i.k.p.i.AbstractProblemLoader Creating init config 
101990     DEBUG main            d.u.i.k.p.i.AbstractProblemLoader Init config took 2.53s 
102006     INFO  main            d.u.i.k.p.i.AbstractProblemLoader Replaying proof selection_sort.key 
102010     DEBUG main            d.u.i.k.p.i.IntermediateProofReplayer Proof replay took 7.9ns 
105825     INFO  main            d.u.i.k.p.r.p.TestFile    ... finished proof: closed. 
106111     INFO  main            d.u.i.k.p.i.AbstractProblemLoader Loading environment from /home/runner/work/key/key/key.core/../key.ui/examples/heap/simple/selection_sort.key.proof 
106112     DEBUG main            d.u.i.k.p.i.AbstractProblemLoader Environment load took 461.01ns 
106114     INFO  main            d.u.i.k.p.i.AbstractProblemLoader Creating init config 
108554     DEBUG main            d.u.i.k.p.i.AbstractProblemLoader Init config took 2.44s 
108569     INFO  main            d.u.i.k.p.i.AbstractProblemLoader Replaying proof selection_sort.key.proof 
109203     DEBUG main            d.u.i.k.p.i.IntermediateProofReplayer Proof replay took 612.04ms 
109205     DEBUG main            d.u.i.k.p.r.p.TestFile    ... success: reloaded. 
109207     INFO  main            d.u.i.k.p.r.p.TestFile    Now processing file /home/runner/work/key/key/key.core/../key.ui/examples/heap/simple/seq.key 
109207     INFO  main            d.u.i.k.p.i.AbstractProblemLoader Loading environment from /home/runner/work/key/key/key.core/../key.ui/examples/heap/simple/seq.key 
109207     DEBUG main            d.u.i.k.p.i.AbstractProblemLoader Environment load took 247ns 
109208     INFO  main            d.u.i.k.p.i.AbstractProblemLoader Creating init config 
111527     DEBUG main            d.u.i.k.p.i.AbstractProblemLoader Init config took 2.32s 
111541     INFO  main            d.u.i.k.p.i.AbstractProblemLoader Replaying proof seq.key 
111542     DEBUG main            d.u.i.k.p.i.IntermediateProofReplayer Proof replay took 6.5ns 
111946     INFO  main            d.u.i.k.p.r.p.TestFile    ... finished proof: closed. 
112254     INFO  main            d.u.i.k.p.i.AbstractProblemLoader Loading environment from /home/runner/work/key/key/key.core/../key.ui/examples/heap/simple/seq.key.proof 
112255     DEBUG main            d.u.i.k.p.i.AbstractProblemLoader Environment load took 521.21ns 
112257     INFO  main            d.u.i.k.p.i.AbstractProblemLoader Creating init config 
114466     DEBUG main            d.u.i.k.p.i.AbstractProblemLoader Init config took 2.21s 
114481     INFO  main            d.u.i.k.p.i.AbstractProblemLoader Replaying proof seq.key.proof 
114533     DEBUG main            d.u.i.k.p.i.IntermediateProofReplayer Proof replay took 47.03ms 
114534     DEBUG main            d.u.i.k.p.r.p.TestFile    ... success: reloaded. 
114535     INFO  main            d.u.i.k.p.r.p.TestFile    Now processing file /home/runner/work/key/key/key.core/../key.ui/examples/heap/simple/oldForParams.key 
114535     INFO  main            d.u.i.k.p.i.AbstractProblemLoader Loading environment from /home/runner/work/key/key/key.core/../key.ui/examples/heap/simple/oldForParams.key 
114535     DEBUG main            d.u.i.k.p.i.AbstractProblemLoader Environment load took 205.9ns 
114536     INFO  main            d.u.i.k.p.i.AbstractProblemLoader Creating init config 
117000     DEBUG main            d.u.i.k.p.i.AbstractProblemLoader Init config took 2.46s 
117060     INFO  main            d.u.i.k.p.i.AbstractProblemLoader Replaying proof OldForParameters[OldForParameters::method(int)].JML operation contract.0 
117062     DEBUG main            d.u.i.k.p.i.IntermediateProofReplayer Proof replay took 6.3ns 
117266     INFO  main            d.u.i.k.p.r.p.TestFile    ... finished proof: closed. 
117532     INFO  main            d.u.i.k.p.i.AbstractProblemLoader Loading environment from /home/runner/work/key/key/key.core/../key.ui/examples/heap/simple/oldForParams.key.proof 
117533     DEBUG main            d.u.i.k.p.i.AbstractProblemLoader Environment load took 117.5ns 
117533     INFO  main            d.u.i.k.p.i.AbstractProblemLoader Creating init config 
119999     DEBUG main            d.u.i.k.p.i.AbstractProblemLoader Init config took 2.47s 
120038     INFO  main            d.u.i.k.p.i.AbstractProblemLoader Replaying proof OldForParameters[OldForParameters::method(int)].JML operation contract.0 
120084     DEBUG main            d.u.i.k.p.i.IntermediateProofReplayer Proof replay took 43.77ms 
120085     DEBUG main            d.u.i.k.p.r.p.TestFile    ... success: reloaded. 
120086     INFO  main            d.u.i.k.p.r.p.TestFile    Now processing file /home/runner/work/key/key/key.core/../key.ui/examples/heap/simple/parse_lmtd.key 
120086     INFO  main            d.u.i.k.p.i.AbstractProblemLoader Loading environment from /home/runner/work/key/key/key.core/../key.ui/examples/heap/simple/parse_lmtd.key 
120086     DEBUG main            d.u.i.k.p.i.AbstractProblemLoader Environment load took 93.3ns 
120087     INFO  main            d.u.i.k.p.i.AbstractProblemLoader Creating init config 
122599     DEBUG main            d.u.i.k.p.i.AbstractProblemLoader Init config took 2.51s 
122639     INFO  main            d.u.i.k.p.i.AbstractProblemLoader Replaying proof ParseLmtd[ParseLmtd::simple(int)].JML normal_behavior operation contract.0 
122640     DEBUG main            d.u.i.k.p.i.IntermediateProofReplayer Proof replay took 6.9ns 
122742     INFO  main            d.u.i.k.p.r.p.TestFile    ... finished proof: closed. 
123018     INFO  main            d.u.i.k.p.i.AbstractProblemLoader Loading environment from /home/runner/work/key/key/key.core/../key.ui/examples/heap/simple/parse_lmtd.key.proof 
123018     DEBUG main            d.u.i.k.p.i.AbstractProblemLoader Environment load took 113.5ns 
123019     INFO  main            d.u.i.k.p.i.AbstractProblemLoader Creating init config 
125449     DEBUG main            d.u.i.k.p.i.AbstractProblemLoader Init config took 2.43s 
125489     INFO  main            d.u.i.k.p.i.AbstractProblemLoader Replaying proof ParseLmtd[ParseLmtd::simple(int)].JML normal_behavior operation contract.0 
125518     DEBUG main            d.u.i.k.p.i.IntermediateProofReplayer Proof replay took 26.96ms 
125519     DEBUG main            d.u.i.k.p.r.p.TestFile    ... success: reloaded. 
125520     INFO  main            d.u.i.k.p.r.p.TestFile    Now processing file /home/runner/work/key/key/key.core/../key.ui/examples/heap/strictly_pure/strictlyPureMethod.key 
125520     INFO  main            d.u.i.k.p.i.AbstractProblemLoader Loading environment from /home/runner/work/key/key/key.core/../key.ui/examples/heap/strictly_pure/strictlyPureMethod.key 
125520     DEBUG main            d.u.i.k.p.i.AbstractProblemLoader Environment load took 261.61ns 
125521     INFO  main            d.u.i.k.p.i.AbstractProblemLoader Creating init config 
127885     DEBUG main            d.u.i.k.p.i.AbstractProblemLoader Init config took 2.36s 
127922     INFO  main            d.u.i.k.p.i.AbstractProblemLoader Replaying proof StrictlyPure[StrictlyPure::strictlyPureMethod()].JML operation contract.0 
127929     DEBUG main            d.u.i.k.p.i.IntermediateProofReplayer Proof replay took 6.3ns 
128134     INFO  main            d.u.i.k.p.r.p.TestFile    ... finished proof: closed. 
128391     INFO  main            d.u.i.k.p.i.AbstractProblemLoader Loading environment from /home/runner/work/key/key/key.core/../key.ui/examples/heap/strictly_pure/strictlyPureMethod.key.proof 
128392     DEBUG main            d.u.i.k.p.i.AbstractProblemLoader Environment load took 106.8ns 
128393     INFO  main            d.u.i.k.p.i.AbstractProblemLoader Creating init config 
130711     DEBUG main            d.u.i.k.p.i.AbstractProblemLoader Init config took 2.32s 
130745     INFO  main            d.u.i.k.p.i.AbstractProblemLoader Replaying proof StrictlyPure[StrictlyPure::strictlyPureMethod()].JML operation contract.0 
130783     DEBUG main            d.u.i.k.p.i.IntermediateProofReplayer Proof replay took 36.05ms 
130784     DEBUG main            d.u.i.k.p.r.p.TestFile    ... success: reloaded. 
130785     INFO  main            d.u.i.k.p.r.p.TestFile    Now processing file /home/runner/work/key/key/key.core/../key.ui/examples/heap/strictly_pure/useStrictlyPureMethod.key 
130786     INFO  main            d.u.i.k.p.i.AbstractProblemLoader Loading environment from /home/runner/work/key/key/key.core/../key.ui/examples/heap/strictly_pure/useStrictlyPureMethod.key 
130786     DEBUG main            d.u.i.k.p.i.AbstractProblemLoader Environment load took 166.7ns 
130787     INFO  main            d.u.i.k.p.i.AbstractProblemLoader Creating init config 
133120     DEBUG main            d.u.i.k.p.i.AbstractProblemLoader Init config took 2.33s 
133154     INFO  main            d.u.i.k.p.i.AbstractProblemLoader Replaying proof StrictlyPure[StrictlyPure::useStrictlyPureMethod(StrictlyPureClass)].JML operation contract.0 
133156     DEBUG main            d.u.i.k.p.i.IntermediateProofReplayer Proof replay took 5.6ns 
133358     INFO  main            d.u.i.k.p.r.p.TestFile    ... finished proof: closed. 
133647     INFO  main            d.u.i.k.p.i.AbstractProblemLoader Loading environment from /home/runner/work/key/key/key.core/../key.ui/examples/heap/strictly_pure/useStrictlyPureMethod.key.proof 
133647     DEBUG main            d.u.i.k.p.i.AbstractProblemLoader Environment load took 110ns 
133649     INFO  main            d.u.i.k.p.i.AbstractProblemLoader Creating init config 
135952     DEBUG main            d.u.i.k.p.i.AbstractProblemLoader Init config took 2.3s 
135986     INFO  main            d.u.i.k.p.i.AbstractProblemLoader Replaying proof StrictlyPure[StrictlyPure::useStrictlyPureMethod(StrictlyPureClass)].JML operation contract.0 
136048     DEBUG main            d.u.i.k.p.i.IntermediateProofReplayer Proof replay took 59.22ms 
136050     DEBUG main            d.u.i.k.p.r.p.TestFile    ... success: reloaded. 
136051     INFO  main            d.u.i.k.p.r.p.TestFile    Now processing file /home/runner/work/key/key/key.core/../key.ui/examples/heap/Wellfounded/ackermann.key 
136051     INFO  main            d.u.i.k.p.i.AbstractProblemLoader Loading environment from /home/runner/work/key/key/key.core/../key.ui/examples/heap/Wellfounded/ackermann.key 
136051     DEBUG main            d.u.i.k.p.i.AbstractProblemLoader Environment load took 222.1ns 
136052     INFO  main            d.u.i.k.p.i.AbstractProblemLoader Creating init config 
138446     DEBUG main            d.u.i.k.p.i.AbstractProblemLoader Init config took 2.39s 
138498     INFO  main            d.u.i.k.p.i.AbstractProblemLoader Replaying proof Ackermann[Ackermann::a(int,int)].JML normal_behavior operation contract.0 
138500     DEBUG main            d.u.i.k.p.i.IntermediateProofReplayer Proof replay took 7.4ns 
138815     INFO  main            d.u.i.k.p.r.p.TestFile    ... finished proof: closed. 
139091     INFO  main            d.u.i.k.p.i.AbstractProblemLoader Loading environment from /home/runner/work/key/key/key.core/../key.ui/examples/heap/Wellfounded/ackermann.key.proof 
139091     DEBUG main            d.u.i.k.p.i.AbstractProblemLoader Environment load took 111.4ns 
139093     INFO  main            d.u.i.k.p.i.AbstractProblemLoader Creating init config 
141429     DEBUG main            d.u.i.k.p.i.AbstractProblemLoader Init config took 2.34s 
141464     INFO  main            d.u.i.k.p.i.AbstractProblemLoader Replaying proof Ackermann[Ackermann::a(int,int)].JML normal_behavior operation contract.0 
141526     DEBUG main            d.u.i.k.p.i.IntermediateProofReplayer Proof replay took 58.86ms 
141527     DEBUG main            d.u.i.k.p.r.p.TestFile    ... success: reloaded. 
141528     INFO  main            d.u.i.k.p.r.p.TestFile    Now processing file /home/runner/work/key/key/key.core/../key.ui/examples/standard_key/unicode_test.key 
141529     INFO  main            d.u.i.k.p.i.AbstractProblemLoader Loading environment from /home/runner/work/key/key/key.core/../key.ui/examples/standard_key/unicode_test.key 
141529     DEBUG main            d.u.i.k.p.i.AbstractProblemLoader Environment load took 205.7ns 
141531     INFO  main            d.u.i.k.p.i.AbstractProblemLoader Creating init config 
143823     DEBUG main            d.u.i.k.p.i.AbstractProblemLoader Init config took 2.29s 
143840     INFO  main            d.u.i.k.p.i.AbstractProblemLoader Replaying proof unicode_test.key 
143841     DEBUG main            d.u.i.k.p.i.IntermediateProofReplayer Proof replay took 7.4ns 
143946     INFO  main            d.u.i.k.p.r.p.TestFile    ... finished proof: closed. 
144214     INFO  main            d.u.i.k.p.i.AbstractProblemLoader Loading environment from /home/runner/work/key/key/key.core/../key.ui/examples/standard_key/unicode_test.key.proof 
144214     DEBUG main            d.u.i.k.p.i.AbstractProblemLoader Environment load took 105.2ns 
144215     INFO  main            d.u.i.k.p.i.AbstractProblemLoader Creating init config 
146416     DEBUG main            d.u.i.k.p.i.AbstractProblemLoader Init config took 2.2s 
146429     INFO  main            d.u.i.k.p.i.AbstractProblemLoader Replaying proof unicode_test.key.proof 
146431     DEBUG main            d.u.i.k.p.i.IntermediateProofReplayer Proof replay took 333.21ns 
146432     DEBUG main            d.u.i.k.p.r.p.TestFile    ... success: reloaded. 
146433     INFO  main            d.u.i.k.p.r.p.TestFile    Now processing file /home/runner/work/key/key/key.core/../key.ui/examples/heap/strictlyModular/mayExpand.key 
146434     INFO  main            d.u.i.k.p.i.AbstractProblemLoader Loading environment from /home/runner/work/key/key/key.core/../key.ui/examples/heap/strictlyModular/mayExpand.key 
146436     DEBUG main            d.u.i.k.p.i.AbstractProblemLoader Environment load took 1.41ms 
146437     INFO  main            d.u.i.k.p.i.AbstractProblemLoader Creating init config 
148758     DEBUG main            d.u.i.k.p.i.AbstractProblemLoader Init config took 2.32s 
148809     INFO  main            d.u.i.k.p.i.AbstractProblemLoader Replaying proof Modular[Modular::m()].JML operation contract.0 
148810     DEBUG main            d.u.i.k.p.i.IntermediateProofReplayer Proof replay took 6.2ns 
148912     INFO  main            d.u.i.k.p.r.p.TestFile    ... finished proof: closed. 
149187     INFO  main            d.u.i.k.p.i.AbstractProblemLoader Loading environment from /home/runner/work/key/key/key.core/../key.ui/examples/heap/strictlyModular/mayExpand.key.proof 
149187     DEBUG main            d.u.i.k.p.i.AbstractProblemLoader Environment load took 96.9ns 
149188     INFO  main            d.u.i.k.p.i.AbstractProblemLoader Creating init config 
151446     DEBUG main            d.u.i.k.p.i.AbstractProblemLoader Init config took 2.26s 
151480     INFO  main            d.u.i.k.p.i.AbstractProblemLoader Replaying proof Modular[Modular::m()].JML operation contract.0 
151496     DEBUG main            d.u.i.k.p.i.IntermediateProofReplayer Proof replay took 14.37ms 
151497     DEBUG main            d.u.i.k.p.r.p.TestFile    ... success: reloaded. 
151498     INFO  main            d.u.i.k.p.r.p.TestFile    Now processing file /home/runner/work/key/key/key.core/../key.ui/examples/heap/strictlyModular/modularOnly.key 
151498     INFO  main            d.u.i.k.p.i.AbstractProblemLoader Loading environment from /home/runner/work/key/key/key.core/../key.ui/examples/heap/strictlyModular/modularOnly.key 
151498     DEBUG main            d.u.i.k.p.i.AbstractProblemLoader Environment load took 93.6ns 
151499     INFO  main            d.u.i.k.p.i.AbstractProblemLoader Creating init config 
153842     DEBUG main            d.u.i.k.p.i.AbstractProblemLoader Init config took 2.34s 
153875     INFO  main            d.u.i.k.p.i.AbstractProblemLoader Replaying proof Modular[Modular::m()].JML operation contract.0 
153876     DEBUG main            d.u.i.k.p.i.IntermediateProofReplayer Proof replay took 6.8ns 
153979     INFO  main            d.u.i.k.p.r.p.TestFile    ... finished proof: open goal(s) 
1873545    INFO  Test worker     d.u.i.k.p.r.RunAllProofsTestUnit Returning from test simpleTests 
1873546    INFO  Test worker     d.u.i.k.p.r.RunAllProofsTestUnit Running test SmansEtAl 
375        INFO  Timeout watchdog d.u.i.k.p.r.p.ForkedTestFileRunner Timeout watcher launched (2000 secs.) 
380        WARN  main            d.u.i.k.s.ProofSettings   The settings in /home/runner/.key/proof-settings.props are *not* read. 
433        INFO  main            d.u.i.k.p.r.p.TestFile    Now processing file /home/runner/work/key/key/key.core/../key.ui/examples/heap/SmansEtAl/ArrayList_add.key 
543        INFO  main            d.u.i.k.p.i.AbstractProblemLoader Loading environment from /home/runner/work/key/key/key.core/../key.ui/examples/heap/SmansEtAl/ArrayList_add.key 
563        DEBUG main            d.u.i.k.p.i.AbstractProblemLoader Environment load took 1.8ms 
778        INFO  main            d.u.i.k.p.i.AbstractProblemLoader Creating init config 
1745       DEBUG main            d.u.i.k.j.TypeConverter   No LDT found for Meta 
1746       DEBUG main            d.u.i.k.j.TypeConverter   No LDT found for Meta 
1749       DEBUG main            d.u.i.k.j.TypeConverter   No LDT found for Meta 
1750       DEBUG main            d.u.i.k.j.TypeConverter   No LDT found for Meta 
3350       DEBUG main            d.u.i.k.j.TypeConverter   No LDT found for JavaBigintExpression 
8529       DEBUG main            d.u.i.k.p.i.AbstractProblemLoader Init config took 7.75s 
8657       INFO  main            d.u.i.k.p.i.AbstractProblemLoader Replaying proof ArrayList[ArrayList::add(java.lang.Object)].JML normal_behavior operation contract.0 
8689       DEBUG main            d.u.i.k.p.i.IntermediateProofReplayer Proof replay took 32.3ns 
16242      INFO  main            d.u.i.k.p.r.p.TestFile    ... finished proof: closed. 
16480      INFO  main            d.u.i.k.p.i.AbstractProblemLoader Loading environment from /home/runner/work/key/key/key.core/../key.ui/examples/heap/SmansEtAl/ArrayList_add.key.proof 
16481      DEBUG main            d.u.i.k.p.i.AbstractProblemLoader Environment load took 492.81ns 
16484      INFO  main            d.u.i.k.p.i.AbstractProblemLoader Creating init config 
19349      DEBUG main            d.u.i.k.p.i.AbstractProblemLoader Init config took 2.86s 
19456      INFO  main            d.u.i.k.p.i.AbstractProblemLoader Replaying proof ArrayList[ArrayList::add(java.lang.Object)].JML normal_behavior operation contract.0 
20700      DEBUG main            d.u.i.k.p.i.IntermediateProofReplayer Proof replay took 1.2s 
20710      DEBUG main            d.u.i.k.p.r.p.TestFile    ... success: reloaded. 
20715      INFO  main            d.u.i.k.p.r.p.TestFile    Now processing file /home/runner/work/key/key/key.core/../key.ui/examples/heap/SmansEtAl/ArrayList_ArrayList.key 
20716      INFO  main            d.u.i.k.p.i.AbstractProblemLoader Loading environment from /home/runner/work/key/key/key.core/../key.ui/examples/heap/SmansEtAl/ArrayList_ArrayList.key 
20716      DEBUG main            d.u.i.k.p.i.AbstractProblemLoader Environment load took 244.7ns 
20719      INFO  main            d.u.i.k.p.i.AbstractProblemLoader Creating init config 
23586      DEBUG main            d.u.i.k.p.i.AbstractProblemLoader Init config took 2.87s 
23639      INFO  main            d.u.i.k.p.i.AbstractProblemLoader Replaying proof ArrayList[ArrayList::ArrayList()].JML normal_behavior operation contract.0 
23641      DEBUG main            d.u.i.k.p.i.IntermediateProofReplayer Proof replay took 5.4ns 
24648      INFO  main            d.u.i.k.p.r.p.TestFile    ... finished proof: closed. 
24806      INFO  main            d.u.i.k.p.i.AbstractProblemLoader Loading environment from /home/runner/work/key/key/key.core/../key.ui/examples/heap/SmansEtAl/ArrayList_ArrayList.key.proof 
24809      DEBUG main            d.u.i.k.p.i.AbstractProblemLoader Environment load took 3.39ms 
24811      INFO  main            d.u.i.k.p.i.AbstractProblemLoader Creating init config 
27541      DEBUG main            d.u.i.k.p.i.AbstractProblemLoader Init config took 2.73s 
27604      INFO  main            d.u.i.k.p.i.AbstractProblemLoader Replaying proof ArrayList[ArrayList::ArrayList()].JML normal_behavior operation contract.0 
27776      DEBUG main            d.u.i.k.p.i.IntermediateProofReplayer Proof replay took 156.09ms 
27779      DEBUG main            d.u.i.k.p.r.p.TestFile    ... success: reloaded. 
27781      INFO  main            d.u.i.k.p.r.p.TestFile    Now processing file /home/runner/work/key/key/key.core/../key.ui/examples/heap/SmansEtAl/ArrayList_footprint.key 
27781      INFO  main            d.u.i.k.p.i.AbstractProblemLoader Loading environment from /home/runner/work/key/key/key.core/../key.ui/examples/heap/SmansEtAl/ArrayList_footprint.key 
27781      DEBUG main            d.u.i.k.p.i.AbstractProblemLoader Environment load took 222.7ns 
27783      INFO  main            d.u.i.k.p.i.AbstractProblemLoader Creating init config 
30481      DEBUG main            d.u.i.k.p.i.AbstractProblemLoader Init config took 2.7s 
30527      INFO  main            d.u.i.k.p.i.AbstractProblemLoader Replaying proof ArrayList[ArrayList::$footprint()].JML accessible clause.0 
30530      DEBUG main            d.u.i.k.p.i.IntermediateProofReplayer Proof replay took 6.2ns 
30632      INFO  main            d.u.i.k.p.r.p.TestFile    ... finished proof: closed. 
30820      INFO  main            d.u.i.k.p.i.AbstractProblemLoader Loading environment from /home/runner/work/key/key/key.core/../key.ui/examples/heap/SmansEtAl/ArrayList_footprint.key.proof 
30820      DEBUG main            d.u.i.k.p.i.AbstractProblemLoader Environment load took 129.4ns 
30821      INFO  main            d.u.i.k.p.i.AbstractProblemLoader Creating init config 
33458      DEBUG main            d.u.i.k.p.i.AbstractProblemLoader Init config took 2.64s 
33501      INFO  main            d.u.i.k.p.i.AbstractProblemLoader Replaying proof ArrayList[ArrayList::$footprint()].JML accessible clause.0 
33513      DEBUG main            d.u.i.k.p.i.IntermediateProofReplayer Proof replay took 9.39ms 
33514      DEBUG main            d.u.i.k.p.r.p.TestFile    ... success: reloaded. 
33516      INFO  main            d.u.i.k.p.r.p.TestFile    Now processing file /home/runner/work/key/key/key.core/../key.ui/examples/heap/SmansEtAl/ArrayList_get_dep.key 
33516      INFO  main            d.u.i.k.p.i.AbstractProblemLoader Loading environment from /home/runner/work/key/key/key.core/../key.ui/examples/heap/SmansEtAl/ArrayList_get_dep.key 
33516      DEBUG main            d.u.i.k.p.i.AbstractProblemLoader Environment load took 258.8ns 
33517      INFO  main            d.u.i.k.p.i.AbstractProblemLoader Creating init config 
36188      DEBUG main            d.u.i.k.p.i.AbstractProblemLoader Init config took 2.67s 
36230      INFO  main            d.u.i.k.p.i.AbstractProblemLoader Replaying proof ArrayList[ArrayList::get(int)].JML accessible clause.0 
36232      DEBUG main            d.u.i.k.p.i.IntermediateProofReplayer Proof replay took 13.8ns 
36535      INFO  main            d.u.i.k.p.r.p.TestFile    ... finished proof: closed. 
36702      INFO  main            d.u.i.k.p.i.AbstractProblemLoader Loading environment from /home/runner/work/key/key/key.core/../key.ui/examples/heap/SmansEtAl/ArrayList_get_dep.key.proof 
36703      DEBUG main            d.u.i.k.p.i.AbstractProblemLoader Environment load took 639.61ns 
36704      INFO  main            d.u.i.k.p.i.AbstractProblemLoader Creating init config 
39314      DEBUG main            d.u.i.k.p.i.AbstractProblemLoader Init config took 2.61s 
39354      INFO  main            d.u.i.k.p.i.AbstractProblemLoader Replaying proof ArrayList[ArrayList::get(int)].JML accessible clause.0 
39415      DEBUG main            d.u.i.k.p.i.IntermediateProofReplayer Proof replay took 56.34ms 
39416      DEBUG main            d.u.i.k.p.r.p.TestFile    ... success: reloaded. 
39417      INFO  main            d.u.i.k.p.r.p.TestFile    Now processing file /home/runner/work/key/key/key.core/../key.ui/examples/heap/SmansEtAl/ArrayList_get.key 
39418      INFO  main            d.u.i.k.p.i.AbstractProblemLoader Loading environment from /home/runner/work/key/key/key.core/../key.ui/examples/heap/SmansEtAl/ArrayList_get.key 
39418      DEBUG main            d.u.i.k.p.i.AbstractProblemLoader Environment load took 211.6ns 
39419      INFO  main            d.u.i.k.p.i.AbstractProblemLoader Creating init config 
42080      DEBUG main            d.u.i.k.p.i.AbstractProblemLoader Init config took 2.66s 
42155      INFO  main            d.u.i.k.p.i.AbstractProblemLoader Replaying proof ArrayList[ArrayList::get(int)].JML normal_behavior operation contract.0 
42157      DEBUG main            d.u.i.k.p.i.IntermediateProofReplayer Proof replay took 6ns 
42367      INFO  main            d.u.i.k.p.r.p.TestFile    ... finished proof: closed. 
42528      INFO  main            d.u.i.k.p.i.AbstractProblemLoader Loading environment from /home/runner/work/key/key/key.core/../key.ui/examples/heap/SmansEtAl/ArrayList_get.key.proof 
42528      DEBUG main            d.u.i.k.p.i.AbstractProblemLoader Environment load took 144.3ns 
42529      INFO  main            d.u.i.k.p.i.AbstractProblemLoader Creating init config 
45118      DEBUG main            d.u.i.k.p.i.AbstractProblemLoader Init config took 2.59s 
45160      INFO  main            d.u.i.k.p.i.AbstractProblemLoader Replaying proof ArrayList[ArrayList::get(int)].JML normal_behavior operation contract.0 
45191      DEBUG main            d.u.i.k.p.i.IntermediateProofReplayer Proof replay took 29.35ms 
45192      DEBUG main            d.u.i.k.p.r.p.TestFile    ... success: reloaded. 
45194      INFO  main            d.u.i.k.p.r.p.TestFile    Now processing file /home/runner/work/key/key/key.core/../key.ui/examples/heap/SmansEtAl/ArrayList_inv.key 
45194      INFO  main            d.u.i.k.p.i.AbstractProblemLoader Loading environment from /home/runner/work/key/key/key.core/../key.ui/examples/heap/SmansEtAl/ArrayList_inv.key 
45194      DEBUG main            d.u.i.k.p.i.AbstractProblemLoader Environment load took 91.8ns 
45195      INFO  main            d.u.i.k.p.i.AbstractProblemLoader Creating init config 
47831      DEBUG main            d.u.i.k.p.i.AbstractProblemLoader Init config took 2.64s 
47878      INFO  main            d.u.i.k.p.i.AbstractProblemLoader Replaying proof ArrayList[java.lang.Object::<inv>()].JML accessible clause.0 
47880      DEBUG main            d.u.i.k.p.i.IntermediateProofReplayer Proof replay took 6.5ns 
47985      INFO  main            d.u.i.k.p.r.p.TestFile    ... finished proof: closed. 
48154      INFO  main            d.u.i.k.p.i.AbstractProblemLoader Loading environment from /home/runner/work/key/key/key.core/../key.ui/examples/heap/SmansEtAl/ArrayList_inv.key.proof 
48154      DEBUG main            d.u.i.k.p.i.AbstractProblemLoader Environment load took 127.4ns 
48155      INFO  main            d.u.i.k.p.i.AbstractProblemLoader Creating init config 
50722      DEBUG main            d.u.i.k.p.i.AbstractProblemLoader Init config took 2.57s 
50765      INFO  main            d.u.i.k.p.i.AbstractProblemLoader Replaying proof ArrayList[java.lang.Object::<inv>()].JML accessible clause.0 
50781      DEBUG main            d.u.i.k.p.i.IntermediateProofReplayer Proof replay took 11.22ms 
50784      DEBUG main            d.u.i.k.p.r.p.TestFile    ... success: reloaded. 
50785      INFO  main            d.u.i.k.p.r.p.TestFile    Now processing file /home/runner/work/key/key/key.core/../key.ui/examples/heap/SmansEtAl/ArrayList_size_dep.key 
50786      INFO  main            d.u.i.k.p.i.AbstractProblemLoader Loading environment from /home/runner/work/key/key/key.core/../key.ui/examples/heap/SmansEtAl/ArrayList_size_dep.key 
50786      DEBUG main            d.u.i.k.p.i.AbstractProblemLoader Environment load took 222.3ns 
50787      INFO  main            d.u.i.k.p.i.AbstractProblemLoader Creating init config 
53464      DEBUG main            d.u.i.k.p.i.AbstractProblemLoader Init config took 2.68s 
53512      INFO  main            d.u.i.k.p.i.AbstractProblemLoader Replaying proof ArrayList[ArrayList::size()].JML accessible clause.0 
53515      DEBUG main            d.u.i.k.p.i.IntermediateProofReplayer Proof replay took 7.9ns 
53617      INFO  main            d.u.i.k.p.r.p.TestFile    ... finished proof: closed. 
53799      INFO  main            d.u.i.k.p.i.AbstractProblemLoader Loading environment from /home/runner/work/key/key/key.core/../key.ui/examples/heap/SmansEtAl/ArrayList_size_dep.key.proof 
53799      DEBUG main            d.u.i.k.p.i.AbstractProblemLoader Environment load took 128.6ns 
53800      INFO  main            d.u.i.k.p.i.AbstractProblemLoader Creating init config 
56451      DEBUG main            d.u.i.k.p.i.AbstractProblemLoader Init config took 2.65s 
56535      INFO  main            d.u.i.k.p.i.AbstractProblemLoader Replaying proof ArrayList[ArrayList::size()].JML accessible clause.0 
56560      DEBUG main            d.u.i.k.p.i.IntermediateProofReplayer Proof replay took 22.01ms 
56566      DEBUG main            d.u.i.k.p.r.p.TestFile    ... success: reloaded. 
56568      INFO  main            d.u.i.k.p.r.p.TestFile    Now processing file /home/runner/work/key/key/key.core/../key.ui/examples/heap/SmansEtAl/ArrayList_size.key 
56568      INFO  main            d.u.i.k.p.i.AbstractProblemLoader Loading environment from /home/runner/work/key/key/key.core/../key.ui/examples/heap/SmansEtAl/ArrayList_size.key 
56568      DEBUG main            d.u.i.k.p.i.AbstractProblemLoader Environment load took 218.2ns 
56572      INFO  main            d.u.i.k.p.i.AbstractProblemLoader Creating init config 
59402      DEBUG main            d.u.i.k.p.i.AbstractProblemLoader Init config took 2.83s 
59440      INFO  main            d.u.i.k.p.i.AbstractProblemLoader Replaying proof ArrayList[ArrayList::size()].JML normal_behavior operation contract.0 
59441      DEBUG main            d.u.i.k.p.i.IntermediateProofReplayer Proof replay took 6.7ns 
59543      INFO  main            d.u.i.k.p.r.p.TestFile    ... finished proof: closed. 
59716      INFO  main            d.u.i.k.p.i.AbstractProblemLoader Loading environment from /home/runner/work/key/key/key.core/../key.ui/examples/heap/SmansEtAl/ArrayList_size.key.proof 
59717      DEBUG main            d.u.i.k.p.i.AbstractProblemLoader Environment load took 128.1ns 
59718      INFO  main            d.u.i.k.p.i.AbstractProblemLoader Creating init config 
62263      DEBUG main            d.u.i.k.p.i.AbstractProblemLoader Init config took 2.54s 
62312      INFO  main            d.u.i.k.p.i.AbstractProblemLoader Replaying proof ArrayList[ArrayList::size()].JML normal_behavior operation contract.0 
62329      DEBUG main            d.u.i.k.p.i.IntermediateProofReplayer Proof replay took 14.46ms 
62330      DEBUG main            d.u.i.k.p.r.p.TestFile    ... success: reloaded. 
62334      INFO  main            d.u.i.k.p.r.p.TestFile    Now processing file /home/runner/work/key/key/key.core/../key.ui/examples/heap/SmansEtAl/Cell_Cell.key 
62336      INFO  main            d.u.i.k.p.i.AbstractProblemLoader Loading environment from /home/runner/work/key/key/key.core/../key.ui/examples/heap/SmansEtAl/Cell_Cell.key 
62337      DEBUG main            d.u.i.k.p.i.AbstractProblemLoader Environment load took 242.4ns 
62338      INFO  main            d.u.i.k.p.i.AbstractProblemLoader Creating init config 
64921      DEBUG main            d.u.i.k.p.i.AbstractProblemLoader Init config took 2.58s 
64956      INFO  main            d.u.i.k.p.i.AbstractProblemLoader Replaying proof Cell[Cell::Cell()].JML normal_behavior operation contract.0 
64958      DEBUG main            d.u.i.k.p.i.IntermediateProofReplayer Proof replay took 7ns 
65160      INFO  main            d.u.i.k.p.r.p.TestFile    ... finished proof: closed. 
65408      INFO  main            d.u.i.k.p.i.AbstractProblemLoader Loading environment from /home/runner/work/key/key/key.core/../key.ui/examples/heap/SmansEtAl/Cell_Cell.key.proof 
65409      DEBUG main            d.u.i.k.p.i.AbstractProblemLoader Environment load took 130.4ns 
65411      INFO  main            d.u.i.k.p.i.AbstractProblemLoader Creating init config 
67919      DEBUG main            d.u.i.k.p.i.AbstractProblemLoader Init config took 2.51s 
67969      INFO  main            d.u.i.k.p.i.AbstractProblemLoader Replaying proof Cell[Cell::Cell()].JML normal_behavior operation contract.0 
68012      DEBUG main            d.u.i.k.p.i.IntermediateProofReplayer Proof replay took 41.17ms 
68013      DEBUG main            d.u.i.k.p.r.p.TestFile    ... success: reloaded. 
68015      INFO  main            d.u.i.k.p.r.p.TestFile    Now processing file /home/runner/work/key/key/key.core/../key.ui/examples/heap/SmansEtAl/Cell_footprint.key 
68015      INFO  main            d.u.i.k.p.i.AbstractProblemLoader Loading environment from /home/runner/work/key/key/key.core/../key.ui/examples/heap/SmansEtAl/Cell_footprint.key 
68015      DEBUG main            d.u.i.k.p.i.AbstractProblemLoader Environment load took 89.5ns 
68016      INFO  main            d.u.i.k.p.i.AbstractProblemLoader Creating init config 
70649      DEBUG main            d.u.i.k.p.i.AbstractProblemLoader Init config took 2.63s 
70683      INFO  main            d.u.i.k.p.i.AbstractProblemLoader Replaying proof Cell[Cell::$footprint()].JML accessible clause.0 
70685      DEBUG main            d.u.i.k.p.i.IntermediateProofReplayer Proof replay took 7ns 
70787      INFO  main            d.u.i.k.p.r.p.TestFile    ... finished proof: closed. 
70973      INFO  main            d.u.i.k.p.i.AbstractProblemLoader Loading environment from /home/runner/work/key/key/key.core/../key.ui/examples/heap/SmansEtAl/Cell_footprint.key.proof 
70974      DEBUG main            d.u.i.k.p.i.AbstractProblemLoader Environment load took 131.9ns 
70974      INFO  main            d.u.i.k.p.i.AbstractProblemLoader Creating init config 
73525      DEBUG main            d.u.i.k.p.i.AbstractProblemLoader Init config took 2.55s 
73560      INFO  main            d.u.i.k.p.i.AbstractProblemLoader Replaying proof Cell[Cell::$footprint()].JML accessible clause.0 
73565      DEBUG main            d.u.i.k.p.i.IntermediateProofReplayer Proof replay took 3.97ms 
73567      DEBUG main            d.u.i.k.p.r.p.TestFile    ... success: reloaded. 
73568      INFO  main            d.u.i.k.p.r.p.TestFile    Now processing file /home/runner/work/key/key/key.core/../key.ui/examples/heap/SmansEtAl/Cell_getX_dep.key 
73568      INFO  main            d.u.i.k.p.i.AbstractProblemLoader Loading environment from /home/runner/work/key/key/key.core/../key.ui/examples/heap/SmansEtAl/Cell_getX_dep.key 
73569      DEBUG main            d.u.i.k.p.i.AbstractProblemLoader Environment load took 211.2ns 
73570      INFO  main            d.u.i.k.p.i.AbstractProblemLoader Creating init config 
76180      DEBUG main            d.u.i.k.p.i.AbstractProblemLoader Init config took 2.61s 
76214      INFO  main            d.u.i.k.p.i.AbstractProblemLoader Replaying proof Cell[Cell::getX()].JML accessible clause.0 
76215      DEBUG main            d.u.i.k.p.i.IntermediateProofReplayer Proof replay took 7ns 
76319      INFO  main            d.u.i.k.p.r.p.TestFile    ... finished proof: closed. 
76548      INFO  main            d.u.i.k.p.i.AbstractProblemLoader Loading environment from /home/runner/work/key/key/key.core/../key.ui/examples/heap/SmansEtAl/Cell_getX_dep.key.proof 
76548      DEBUG main            d.u.i.k.p.i.AbstractProblemLoader Environment load took 131.1ns 
76549      INFO  main            d.u.i.k.p.i.AbstractProblemLoader Creating init config 
79087      DEBUG main            d.u.i.k.p.i.AbstractProblemLoader Init config took 2.54s 
79123      INFO  main            d.u.i.k.p.i.AbstractProblemLoader Replaying proof Cell[Cell::getX()].JML accessible clause.0 
79137      DEBUG main            d.u.i.k.p.i.IntermediateProofReplayer Proof replay took 11.7ms 
79138      DEBUG main            d.u.i.k.p.r.p.TestFile    ... success: reloaded. 
79139      INFO  main            d.u.i.k.p.r.p.TestFile    Now processing file /home/runner/work/key/key/key.core/../key.ui/examples/heap/SmansEtAl/Cell_getX.key 
79139      INFO  main            d.u.i.k.p.i.AbstractProblemLoader Loading environment from /home/runner/work/key/key/key.core/../key.ui/examples/heap/SmansEtAl/Cell_getX.key 
79139      DEBUG main            d.u.i.k.p.i.AbstractProblemLoader Environment load took 85.9ns 
79140      INFO  main            d.u.i.k.p.i.AbstractProblemLoader Creating init config 
81720      DEBUG main            d.u.i.k.p.i.AbstractProblemLoader Init config took 2.58s 
81754      INFO  main            d.u.i.k.p.i.AbstractProblemLoader Replaying proof Cell[Cell::getX()].JML normal_behavior operation contract.0 
81756      DEBUG main            d.u.i.k.p.i.IntermediateProofReplayer Proof replay took 7ns 
81860      INFO  main            d.u.i.k.p.r.p.TestFile    ... finished proof: closed. 
82060      INFO  main            d.u.i.k.p.i.AbstractProblemLoader Loading environment from /home/runner/work/key/key/key.core/../key.ui/examples/heap/SmansEtAl/Cell_getX.key.proof 
82060      DEBUG main            d.u.i.k.p.i.AbstractProblemLoader Environment load took 127.1ns 
82061      INFO  main            d.u.i.k.p.i.AbstractProblemLoader Creating init config 
84566      DEBUG main            d.u.i.k.p.i.AbstractProblemLoader Init config took 2.5s 
84604      INFO  main            d.u.i.k.p.i.AbstractProblemLoader Replaying proof Cell[Cell::getX()].JML normal_behavior operation contract.0 
84618      DEBUG main            d.u.i.k.p.i.IntermediateProofReplayer Proof replay took 11.11ms 
84620      DEBUG main            d.u.i.k.p.r.p.TestFile    ... success: reloaded. 
84621      INFO  main            d.u.i.k.p.r.p.TestFile    Now processing file /home/runner/work/key/key/key.core/../key.ui/examples/heap/SmansEtAl/Cell_inv.key 
84622      INFO  main            d.u.i.k.p.i.AbstractProblemLoader Loading environment from /home/runner/work/key/key/key.core/../key.ui/examples/heap/SmansEtAl/Cell_inv.key 
84622      DEBUG main            d.u.i.k.p.i.AbstractProblemLoader Environment load took 211.4ns 
84623      INFO  main            d.u.i.k.p.i.AbstractProblemLoader Creating init config 
87214      DEBUG main            d.u.i.k.p.i.AbstractProblemLoader Init config took 2.59s 
87245      INFO  main            d.u.i.k.p.i.AbstractProblemLoader Replaying proof Cell[java.lang.Object::<inv>()].JML accessible clause.0 
87247      DEBUG main            d.u.i.k.p.i.IntermediateProofReplayer Proof replay took 6.1ns 
87349      INFO  main            d.u.i.k.p.r.p.TestFile    ... finished proof: closed. 
87557      INFO  main            d.u.i.k.p.i.AbstractProblemLoader Loading environment from /home/runner/work/key/key/key.core/../key.ui/examples/heap/SmansEtAl/Cell_inv.key.proof 
87557      DEBUG main            d.u.i.k.p.i.AbstractProblemLoader Environment load took 116ns 
87558      INFO  main            d.u.i.k.p.i.AbstractProblemLoader Creating init config 
90066      DEBUG main            d.u.i.k.p.i.AbstractProblemLoader Init config took 2.51s 
90098      INFO  main            d.u.i.k.p.i.AbstractProblemLoader Replaying proof Cell[java.lang.Object::<inv>()].JML accessible clause.0 
90101      DEBUG main            d.u.i.k.p.i.IntermediateProofReplayer Proof replay took 1.53ms 
90102      DEBUG main            d.u.i.k.p.r.p.TestFile    ... success: reloaded. 
90103      INFO  main            d.u.i.k.p.r.p.TestFile    Now processing file /home/runner/work/key/key/key.core/../key.ui/examples/heap/SmansEtAl/Cell_setX.key 
90103      INFO  main            d.u.i.k.p.i.AbstractProblemLoader Loading environment from /home/runner/work/key/key/key.core/../key.ui/examples/heap/SmansEtAl/Cell_setX.key 
90103      DEBUG main            d.u.i.k.p.i.AbstractProblemLoader Environment load took 62.2ns 
90104      INFO  main            d.u.i.k.p.i.AbstractProblemLoader Creating init config 
92688      DEBUG main            d.u.i.k.p.i.AbstractProblemLoader Init config took 2.58s 
92720      INFO  main            d.u.i.k.p.i.AbstractProblemLoader Replaying proof Cell[Cell::setX(int)].JML normal_behavior operation contract.0 
92722      DEBUG main            d.u.i.k.p.i.IntermediateProofReplayer Proof replay took 6.7ns 
92826      INFO  main            d.u.i.k.p.r.p.TestFile    ... finished proof: closed. 
93047      INFO  main            d.u.i.k.p.i.AbstractProblemLoader Loading environment from /home/runner/work/key/key/key.core/../key.ui/examples/heap/SmansEtAl/Cell_setX.key.proof 
93047      DEBUG main            d.u.i.k.p.i.AbstractProblemLoader Environment load took 119.3ns 
93048      INFO  main            d.u.i.k.p.i.AbstractProblemLoader Creating init config 
95533      DEBUG main            d.u.i.k.p.i.AbstractProblemLoader Init config took 2.48s 
95578      INFO  main            d.u.i.k.p.i.AbstractProblemLoader Replaying proof Cell[Cell::setX(int)].JML normal_behavior operation contract.0 
95603      DEBUG main            d.u.i.k.p.i.IntermediateProofReplayer Proof replay took 22.47ms 
95604      DEBUG main            d.u.i.k.p.r.p.TestFile    ... success: reloaded. 
95605      INFO  main            d.u.i.k.p.r.p.TestFile    Now processing file /home/runner/work/key/key/key.core/../key.ui/examples/heap/SmansEtAl/CellClient_m.key 
95606      INFO  main            d.u.i.k.p.i.AbstractProblemLoader Loading environment from /home/runner/work/key/key/key.core/../key.ui/examples/heap/SmansEtAl/CellClient_m.key 
95606      DEBUG main            d.u.i.k.p.i.AbstractProblemLoader Environment load took 227.7ns 
95607      INFO  main            d.u.i.k.p.i.AbstractProblemLoader Creating init config 
98181      DEBUG main            d.u.i.k.p.i.AbstractProblemLoader Init config took 2.57s 
98215      INFO  main            d.u.i.k.p.i.AbstractProblemLoader Replaying proof CellClient[CellClient::m()].JML operation contract.0 
98217      DEBUG main            d.u.i.k.p.i.IntermediateProofReplayer Proof replay took 7.1ns 
98720      INFO  main            d.u.i.k.p.r.p.TestFile    ... finished proof: closed. 
98955      INFO  main            d.u.i.k.p.i.AbstractProblemLoader Loading environment from /home/runner/work/key/key/key.core/../key.ui/examples/heap/SmansEtAl/CellClient_m.key.proof 
98955      DEBUG main            d.u.i.k.p.i.AbstractProblemLoader Environment load took 120.4ns 
98956      INFO  main            d.u.i.k.p.i.AbstractProblemLoader Creating init config 
101449     DEBUG main            d.u.i.k.p.i.AbstractProblemLoader Init config took 2.49s 
101482     INFO  main            d.u.i.k.p.i.AbstractProblemLoader Replaying proof CellClient[CellClient::m()].JML operation contract.0 
101575     DEBUG main            d.u.i.k.p.i.IntermediateProofReplayer Proof replay took 89.44ms 
101577     DEBUG main            d.u.i.k.p.r.p.TestFile    ... success: reloaded. 
101578     INFO  main            d.u.i.k.p.r.p.TestFile    Now processing file /home/runner/work/key/key/key.core/../key.ui/examples/heap/SmansEtAl/Iterator_footprint.key 
101578     INFO  main            d.u.i.k.p.i.AbstractProblemLoader Loading environment from /home/runner/work/key/key/key.core/../key.ui/examples/heap/SmansEtAl/Iterator_footprint.key 
101578     DEBUG main            d.u.i.k.p.i.AbstractProblemLoader Environment load took 270.6ns 
101579     INFO  main            d.u.i.k.p.i.AbstractProblemLoader Creating init config 
104143     DEBUG main            d.u.i.k.p.i.AbstractProblemLoader Init config took 2.56s 
104186     INFO  main            d.u.i.k.p.i.AbstractProblemLoader Replaying proof Iterator[Iterator::$footprint()].JML accessible clause.0 
104188     DEBUG main            d.u.i.k.p.i.IntermediateProofReplayer Proof replay took 6.9ns 
104290     INFO  main            d.u.i.k.p.r.p.TestFile    ... finished proof: closed. 
104518     INFO  main            d.u.i.k.p.i.AbstractProblemLoader Loading environment from /home/runner/work/key/key/key.core/../key.ui/examples/heap/SmansEtAl/Iterator_footprint.key.proof 
104518     DEBUG main            d.u.i.k.p.i.AbstractProblemLoader Environment load took 119ns 
104519     INFO  main            d.u.i.k.p.i.AbstractProblemLoader Creating init config 
107018     DEBUG main            d.u.i.k.p.i.AbstractProblemLoader Init config took 2.5s 
107052     INFO  main            d.u.i.k.p.i.AbstractProblemLoader Replaying proof Iterator[Iterator::$footprint()].JML accessible clause.0 
107060     DEBUG main            d.u.i.k.p.i.IntermediateProofReplayer Proof replay took 5.76ms 
107061     DEBUG main            d.u.i.k.p.r.p.TestFile    ... success: reloaded. 
107062     INFO  main            d.u.i.k.p.r.p.TestFile    Now processing file /home/runner/work/key/key/key.core/../key.ui/examples/heap/SmansEtAl/Iterator_hasNext_dep.key 
107063     INFO  main            d.u.i.k.p.i.AbstractProblemLoader Loading environment from /home/runner/work/key/key/key.core/../key.ui/examples/heap/SmansEtAl/Iterator_hasNext_dep.key 
107063     DEBUG main            d.u.i.k.p.i.AbstractProblemLoader Environment load took 166.1ns 
107064     INFO  main            d.u.i.k.p.i.AbstractProblemLoader Creating init config 
109639     DEBUG main            d.u.i.k.p.i.AbstractProblemLoader Init config took 2.58s 
109673     INFO  main            d.u.i.k.p.i.AbstractProblemLoader Replaying proof Iterator[Iterator::hasNext()].JML accessible clause.0 
109675     DEBUG main            d.u.i.k.p.i.IntermediateProofReplayer Proof replay took 6.7ns 
110282     INFO  main            d.u.i.k.p.r.p.TestFile    ... finished proof: closed. 
110519     INFO  main            d.u.i.k.p.i.AbstractProblemLoader Loading environment from /home/runner/work/key/key/key.core/../key.ui/examples/heap/SmansEtAl/Iterator_hasNext_dep.key.proof 
110520     DEBUG main            d.u.i.k.p.i.AbstractProblemLoader Environment load took 1.1ms 
110521     INFO  main            d.u.i.k.p.i.AbstractProblemLoader Creating init config 
113013     DEBUG main            d.u.i.k.p.i.AbstractProblemLoader Init config took 2.49s 
113054     INFO  main            d.u.i.k.p.i.AbstractProblemLoader Replaying proof Iterator[Iterator::hasNext()].JML accessible clause.0 
113168     DEBUG main            d.u.i.k.p.i.IntermediateProofReplayer Proof replay took 106.95ms 
113171     DEBUG main            d.u.i.k.p.r.p.TestFile    ... success: reloaded. 
113173     INFO  main            d.u.i.k.p.r.p.TestFile    Now processing file /home/runner/work/key/key/key.core/../key.ui/examples/heap/SmansEtAl/Iterator_hasNext.key 
113173     INFO  main            d.u.i.k.p.i.AbstractProblemLoader Loading environment from /home/runner/work/key/key/key.core/../key.ui/examples/heap/SmansEtAl/Iterator_hasNext.key 
113173     DEBUG main            d.u.i.k.p.i.AbstractProblemLoader Environment load took 101.9ns 
113174     INFO  main            d.u.i.k.p.i.AbstractProblemLoader Creating init config 
115765     DEBUG main            d.u.i.k.p.i.AbstractProblemLoader Init config took 2.59s 
115800     INFO  main            d.u.i.k.p.i.AbstractProblemLoader Replaying proof Iterator[Iterator::hasNext()].JML normal_behavior operation contract.0 
115802     DEBUG main            d.u.i.k.p.i.IntermediateProofReplayer Proof replay took 7.9ns 
116405     INFO  main            d.u.i.k.p.r.p.TestFile    ... finished proof: closed. 
116673     INFO  main            d.u.i.k.p.i.AbstractProblemLoader Loading environment from /home/runner/work/key/key/key.core/../key.ui/examples/heap/SmansEtAl/Iterator_hasNext.key.proof 
116673     DEBUG main            d.u.i.k.p.i.AbstractProblemLoader Environment load took 437.51ns 
116675     INFO  main            d.u.i.k.p.i.AbstractProblemLoader Creating init config 
119157     DEBUG main            d.u.i.k.p.i.AbstractProblemLoader Init config took 2.48s 
119192     INFO  main            d.u.i.k.p.i.AbstractProblemLoader Replaying proof Iterator[Iterator::hasNext()].JML normal_behavior operation contract.0 
119279     DEBUG main            d.u.i.k.p.i.IntermediateProofReplayer Proof replay took 81.53ms 
119281     DEBUG main            d.u.i.k.p.r.p.TestFile    ... success: reloaded. 
119282     INFO  main            d.u.i.k.p.r.p.TestFile    Now processing file /home/runner/work/key/key/key.core/../key.ui/examples/heap/SmansEtAl/Iterator_inv.key 
119282     INFO  main            d.u.i.k.p.i.AbstractProblemLoader Loading environment from /home/runner/work/key/key/key.core/../key.ui/examples/heap/SmansEtAl/Iterator_inv.key 
119282     DEBUG main            d.u.i.k.p.i.AbstractProblemLoader Environment load took 104.2ns 
119283     INFO  main            d.u.i.k.p.i.AbstractProblemLoader Creating init config 
121857     DEBUG main            d.u.i.k.p.i.AbstractProblemLoader Init config took 2.57s 
121891     INFO  main            d.u.i.k.p.i.AbstractProblemLoader Replaying proof Iterator[java.lang.Object::<inv>()].JML accessible clause.0 
121892     DEBUG main            d.u.i.k.p.i.IntermediateProofReplayer Proof replay took 7ns 
122095     INFO  main            d.u.i.k.p.r.p.TestFile    ... finished proof: closed. 
122340     INFO  main            d.u.i.k.p.i.AbstractProblemLoader Loading environment from /home/runner/work/key/key/key.core/../key.ui/examples/heap/SmansEtAl/Iterator_inv.key.proof 
122340     DEBUG main            d.u.i.k.p.i.AbstractProblemLoader Environment load took 130.9ns 
122341     INFO  main            d.u.i.k.p.i.AbstractProblemLoader Creating init config 
124831     DEBUG main            d.u.i.k.p.i.AbstractProblemLoader Init config took 2.49s 
124864     INFO  main            d.u.i.k.p.i.AbstractProblemLoader Replaying proof Iterator[java.lang.Object::<inv>()].JML accessible clause.0 
124890     DEBUG main            d.u.i.k.p.i.IntermediateProofReplayer Proof replay took 22.53ms 
124891     DEBUG main            d.u.i.k.p.r.p.TestFile    ... success: reloaded. 
124892     INFO  main            d.u.i.k.p.r.p.TestFile    Now processing file /home/runner/work/key/key/key.core/../key.ui/examples/heap/SmansEtAl/Iterator_Iterator.key 
124892     INFO  main            d.u.i.k.p.i.AbstractProblemLoader Loading environment from /home/runner/work/key/key/key.core/../key.ui/examples/heap/SmansEtAl/Iterator_Iterator.key 
124892     DEBUG main            d.u.i.k.p.i.AbstractProblemLoader Environment load took 92.9ns 
124893     INFO  main            d.u.i.k.p.i.AbstractProblemLoader Creating init config 
127457     DEBUG main            d.u.i.k.p.i.AbstractProblemLoader Init config took 2.56s 
127493     INFO  main            d.u.i.k.p.i.AbstractProblemLoader Replaying proof Iterator[Iterator::Iterator(ArrayList)].JML normal_behavior operation contract.0 
127495     DEBUG main            d.u.i.k.p.i.IntermediateProofReplayer Proof replay took 6.8ns 
128905     INFO  main            d.u.i.k.p.r.p.TestFile    ... finished proof: closed. 
129170     INFO  main            d.u.i.k.p.i.AbstractProblemLoader Loading environment from /home/runner/work/key/key/key.core/../key.ui/examples/heap/SmansEtAl/Iterator_Iterator.key.proof 
129170     DEBUG main            d.u.i.k.p.i.AbstractProblemLoader Environment load took 187ns 
129172     INFO  main            d.u.i.k.p.i.AbstractProblemLoader Creating init config 
131641     DEBUG main            d.u.i.k.p.i.AbstractProblemLoader Init config took 2.47s 
131676     INFO  main            d.u.i.k.p.i.AbstractProblemLoader Replaying proof Iterator[Iterator::Iterator(ArrayList)].JML normal_behavior operation contract.0 
131867     DEBUG main            d.u.i.k.p.i.IntermediateProofReplayer Proof replay took 176.63ms 
131869     DEBUG main            d.u.i.k.p.r.p.TestFile    ... success: reloaded. 
131870     INFO  main            d.u.i.k.p.r.p.TestFile    Now processing file /home/runner/work/key/key/key.core/../key.ui/examples/heap/SmansEtAl/Iterator_list_dep.key 
131871     INFO  main            d.u.i.k.p.i.AbstractProblemLoader Loading environment from /home/runner/work/key/key/key.core/../key.ui/examples/heap/SmansEtAl/Iterator_list_dep.key 
131871     DEBUG main            d.u.i.k.p.i.AbstractProblemLoader Environment load took 201.2ns 
131872     INFO  main            d.u.i.k.p.i.AbstractProblemLoader Creating init config 
134438     DEBUG main            d.u.i.k.p.i.AbstractProblemLoader Init config took 2.57s 
134472     INFO  main            d.u.i.k.p.i.AbstractProblemLoader Replaying proof Iterator[Iterator::list()].JML accessible clause.0 
134473     DEBUG main            d.u.i.k.p.i.IntermediateProofReplayer Proof replay took 6.6ns 
134576     INFO  main            d.u.i.k.p.r.p.TestFile    ... finished proof: closed. 
134835     INFO  main            d.u.i.k.p.i.AbstractProblemLoader Loading environment from /home/runner/work/key/key/key.core/../key.ui/examples/heap/SmansEtAl/Iterator_list_dep.key.proof 
134835     DEBUG main            d.u.i.k.p.i.AbstractProblemLoader Environment load took 112.5ns 
134836     INFO  main            d.u.i.k.p.i.AbstractProblemLoader Creating init config 
137312     DEBUG main            d.u.i.k.p.i.AbstractProblemLoader Init config took 2.48s 
137345     INFO  main            d.u.i.k.p.i.AbstractProblemLoader Replaying proof Iterator[Iterator::list()].JML accessible clause.0 
137364     DEBUG main            d.u.i.k.p.i.IntermediateProofReplayer Proof replay took 17ms 
137365     DEBUG main            d.u.i.k.p.r.p.TestFile    ... success: reloaded. 
137366     INFO  main            d.u.i.k.p.r.p.TestFile    Now processing file /home/runner/work/key/key/key.core/../key.ui/examples/heap/SmansEtAl/Iterator_list.key 
137367     INFO  main            d.u.i.k.p.i.AbstractProblemLoader Loading environment from /home/runner/work/key/key/key.core/../key.ui/examples/heap/SmansEtAl/Iterator_list.key 
137367     DEBUG main            d.u.i.k.p.i.AbstractProblemLoader Environment load took 59ns 
137367     INFO  main            d.u.i.k.p.i.AbstractProblemLoader Creating init config 
139893     DEBUG main            d.u.i.k.p.i.AbstractProblemLoader Init config took 2.53s 
139927     INFO  main            d.u.i.k.p.i.AbstractProblemLoader Replaying proof Iterator[Iterator::list()].JML normal_behavior operation contract.0 
139928     DEBUG main            d.u.i.k.p.i.IntermediateProofReplayer Proof replay took 6.8ns 
140031     INFO  main            d.u.i.k.p.r.p.TestFile    ... finished proof: closed. 
140291     INFO  main            d.u.i.k.p.i.AbstractProblemLoader Loading environment from /home/runner/work/key/key/key.core/../key.ui/examples/heap/SmansEtAl/Iterator_list.key.proof 
140292     DEBUG main            d.u.i.k.p.i.AbstractProblemLoader Environment load took 122.7ns 
140292     INFO  main            d.u.i.k.p.i.AbstractProblemLoader Creating init config 
142773     DEBUG main            d.u.i.k.p.i.AbstractProblemLoader Init config took 2.48s 
142807     INFO  main            d.u.i.k.p.i.AbstractProblemLoader Replaying proof Iterator[Iterator::list()].JML normal_behavior operation contract.0 
142823     DEBUG main            d.u.i.k.p.i.IntermediateProofReplayer Proof replay took 13.67ms 
142823     DEBUG main            d.u.i.k.p.r.p.TestFile    ... success: reloaded. 
142824     INFO  main            d.u.i.k.p.r.p.TestFile    Now processing file /home/runner/work/key/key/key.core/../key.ui/examples/heap/SmansEtAl/Iterator_next.key 
142824     INFO  main            d.u.i.k.p.i.AbstractProblemLoader Loading environment from /home/runner/work/key/key/key.core/../key.ui/examples/heap/SmansEtAl/Iterator_next.key 
142825     DEBUG main            d.u.i.k.p.i.AbstractProblemLoader Environment load took 54.1ns 
142825     INFO  main            d.u.i.k.p.i.AbstractProblemLoader Creating init config 
145344     DEBUG main            d.u.i.k.p.i.AbstractProblemLoader Init config took 2.52s 
145378     INFO  main            d.u.i.k.p.i.AbstractProblemLoader Replaying proof Iterator[Iterator::next()].JML normal_behavior operation contract.0 
145379     DEBUG main            d.u.i.k.p.i.IntermediateProofReplayer Proof replay took 7.3ns 
148207     INFO  main            d.u.i.k.p.r.p.TestFile    ... finished proof: closed. 
148502     INFO  main            d.u.i.k.p.i.AbstractProblemLoader Loading environment from /home/runner/work/key/key/key.core/../key.ui/examples/heap/SmansEtAl/Iterator_next.key.proof 
148502     DEBUG main            d.u.i.k.p.i.AbstractProblemLoader Environment load took 423.81ns 
148504     INFO  main            d.u.i.k.p.i.AbstractProblemLoader Creating init config 
150977     DEBUG main            d.u.i.k.p.i.AbstractProblemLoader Init config took 2.47s 
151012     INFO  main            d.u.i.k.p.i.AbstractProblemLoader Replaying proof Iterator[Iterator::next()].JML normal_behavior operation contract.0 
151355     DEBUG main            d.u.i.k.p.i.IntermediateProofReplayer Proof replay took 322.65ms 
151357     DEBUG main            d.u.i.k.p.r.p.TestFile    ... success: reloaded. 
151358     INFO  main            d.u.i.k.p.r.p.TestFile    Now processing file /home/runner/work/key/key/key.core/../key.ui/examples/heap/SmansEtAl/Stack_footprint.key 
151359     INFO  main            d.u.i.k.p.i.AbstractProblemLoader Loading environment from /home/runner/work/key/key/key.core/../key.ui/examples/heap/SmansEtAl/Stack_footprint.key 
151359     DEBUG main            d.u.i.k.p.i.AbstractProblemLoader Environment load took 224.4ns 
151360     INFO  main            d.u.i.k.p.i.AbstractProblemLoader Creating init config 
153908     DEBUG main            d.u.i.k.p.i.AbstractProblemLoader Init config took 2.55s 
153940     INFO  main            d.u.i.k.p.i.AbstractProblemLoader Replaying proof Stack[Stack::$footprint()].JML accessible clause.0 
153942     DEBUG main            d.u.i.k.p.i.IntermediateProofReplayer Proof replay took 6ns 
154144     INFO  main            d.u.i.k.p.r.p.TestFile    ... finished proof: closed. 
154428     INFO  main            d.u.i.k.p.i.AbstractProblemLoader Loading environment from /home/runner/work/key/key/key.core/../key.ui/examples/heap/SmansEtAl/Stack_footprint.key.proof 
154428     DEBUG main            d.u.i.k.p.i.AbstractProblemLoader Environment load took 121.7ns 
154429     INFO  main            d.u.i.k.p.i.AbstractProblemLoader Creating init config 
156897     DEBUG main            d.u.i.k.p.i.AbstractProblemLoader Init config took 2.47s 
156930     INFO  main            d.u.i.k.p.i.AbstractProblemLoader Replaying proof Stack[Stack::$footprint()].JML accessible clause.0 
156955     DEBUG main            d.u.i.k.p.i.IntermediateProofReplayer Proof replay took 22.48ms 
156956     DEBUG main            d.u.i.k.p.r.p.TestFile    ... success: reloaded. 
156957     INFO  main            d.u.i.k.p.r.p.TestFile    Now processing file /home/runner/work/key/key/key.core/../key.ui/examples/heap/SmansEtAl/Stack_inv.key 
156958     INFO  main            d.u.i.k.p.i.AbstractProblemLoader Loading environment from /home/runner/work/key/key/key.core/../key.ui/examples/heap/SmansEtAl/Stack_inv.key 
156958     DEBUG main            d.u.i.k.p.i.AbstractProblemLoader Environment load took 214.4ns 
156959     INFO  main            d.u.i.k.p.i.AbstractProblemLoader Creating init config 
159500     DEBUG main            d.u.i.k.p.i.AbstractProblemLoader Init config took 2.54s 
159533     INFO  main            d.u.i.k.p.i.AbstractProblemLoader Replaying proof Stack[java.lang.Object::<inv>()].JML accessible clause.0 
159534     DEBUG main            d.u.i.k.p.i.IntermediateProofReplayer Proof replay took 6.9ns 
159636     INFO  main            d.u.i.k.p.r.p.TestFile    ... finished proof: closed. 
159913     INFO  main            d.u.i.k.p.i.AbstractProblemLoader Loading environment from /home/runner/work/key/key/key.core/../key.ui/examples/heap/SmansEtAl/Stack_inv.key.proof 
159913     DEBUG main            d.u.i.k.p.i.AbstractProblemLoader Environment load took 115.5ns 
159915     INFO  main            d.u.i.k.p.i.AbstractProblemLoader Creating init config 
162385     DEBUG main            d.u.i.k.p.i.AbstractProblemLoader Init config took 2.47s 
162417     INFO  main            d.u.i.k.p.i.AbstractProblemLoader Replaying proof Stack[java.lang.Object::<inv>()].JML accessible clause.0 
162428     DEBUG main            d.u.i.k.p.i.IntermediateProofReplayer Proof replay took 9.23ms 
162429     DEBUG main            d.u.i.k.p.r.p.TestFile    ... success: reloaded. 
162430     INFO  main            d.u.i.k.p.r.p.TestFile    Now processing file /home/runner/work/key/key/key.core/../key.ui/examples/heap/SmansEtAl/Stack_push.key 
162430     INFO  main            d.u.i.k.p.i.AbstractProblemLoader Loading environment from /home/runner/work/key/key/key.core/../key.ui/examples/heap/SmansEtAl/Stack_push.key 
162430     DEBUG main            d.u.i.k.p.i.AbstractProblemLoader Environment load took 203ns 
162431     INFO  main            d.u.i.k.p.i.AbstractProblemLoader Creating init config 
164942     DEBUG main            d.u.i.k.p.i.AbstractProblemLoader Init config took 2.51s 
164977     INFO  main            d.u.i.k.p.i.AbstractProblemLoader Replaying proof Stack[Stack::push(java.lang.Object)].JML normal_behavior operation contract.0 
164979     DEBUG main            d.u.i.k.p.i.IntermediateProofReplayer Proof replay took 6.2ns 
165786     INFO  main            d.u.i.k.p.r.p.TestFile    ... finished proof: closed. 
166073     INFO  main            d.u.i.k.p.i.AbstractProblemLoader Loading environment from /home/runner/work/key/key/key.core/../key.ui/examples/heap/SmansEtAl/Stack_push.key.proof 
166073     DEBUG main            d.u.i.k.p.i.AbstractProblemLoader Environment load took 137.3ns 
166074     INFO  main            d.u.i.k.p.i.AbstractProblemLoader Creating init config 
168523     DEBUG main            d.u.i.k.p.i.AbstractProblemLoader Init config took 2.45s 
168557     INFO  main            d.u.i.k.p.i.AbstractProblemLoader Replaying proof Stack[Stack::push(java.lang.Object)].JML normal_behavior operation contract.0 
168704     DEBUG main            d.u.i.k.p.i.IntermediateProofReplayer Proof replay took 142.51ms 
168705     DEBUG main            d.u.i.k.p.r.p.TestFile    ... success: reloaded. 
168706     INFO  main            d.u.i.k.p.r.p.TestFile    Now processing file /home/runner/work/key/key/key.core/../key.ui/examples/heap/SmansEtAl/Stack_size.key 
168707     INFO  main            d.u.i.k.p.i.AbstractProblemLoader Loading environment from /home/runner/work/key/key/key.core/../key.ui/examples/heap/SmansEtAl/Stack_size.key 
168707     DEBUG main            d.u.i.k.p.i.AbstractProblemLoader Environment load took 101ns 
168708     INFO  main            d.u.i.k.p.i.AbstractProblemLoader Creating init config 
171233     DEBUG main            d.u.i.k.p.i.AbstractProblemLoader Init config took 2.52s 
171289     INFO  main            d.u.i.k.p.i.AbstractProblemLoader Replaying proof Stack[Stack::size()].JML accessible clause.0 
171290     DEBUG main            d.u.i.k.p.i.IntermediateProofReplayer Proof replay took 7.1ns 
171492     INFO  main            d.u.i.k.p.r.p.TestFile    ... finished proof: closed. 
171794     INFO  main            d.u.i.k.p.i.AbstractProblemLoader Loading environment from /home/runner/work/key/key/key.core/../key.ui/examples/heap/SmansEtAl/Stack_size.key.proof 
171795     DEBUG main            d.u.i.k.p.i.AbstractProblemLoader Environment load took 107.9ns 
171796     INFO  main            d.u.i.k.p.i.AbstractProblemLoader Creating init config 
174274     DEBUG main            d.u.i.k.p.i.AbstractProblemLoader Init config took 2.48s 
174307     INFO  main            d.u.i.k.p.i.AbstractProblemLoader Replaying proof Stack[Stack::size()].JML accessible clause.0 
174351     DEBUG main            d.u.i.k.p.i.IntermediateProofReplayer Proof replay took 40.39ms 
174352     DEBUG main            d.u.i.k.p.r.p.TestFile    ... success: reloaded. 
174353     INFO  main            d.u.i.k.p.r.p.TestFile    Now processing file /home/runner/work/key/key/key.core/../key.ui/examples/heap/SmansEtAl/Stack_Stack.key 
174353     INFO  main            d.u.i.k.p.i.AbstractProblemLoader Loading environment from /home/runner/work/key/key/key.core/../key.ui/examples/heap/SmansEtAl/Stack_Stack.key 
174353     DEBUG main            d.u.i.k.p.i.AbstractProblemLoader Environment load took 88.7ns 
174354     INFO  main            d.u.i.k.p.i.AbstractProblemLoader Creating init config 
176926     DEBUG main            d.u.i.k.p.i.AbstractProblemLoader Init config took 2.57s 
176958     INFO  main            d.u.i.k.p.i.AbstractProblemLoader Replaying proof Stack[Stack::Stack()].JML normal_behavior operation contract.0 
176959     DEBUG main            d.u.i.k.p.i.IntermediateProofReplayer Proof replay took 6.5ns 
177967     INFO  main            d.u.i.k.p.r.p.TestFile    ... finished proof: closed. 
178309     INFO  main            d.u.i.k.p.i.AbstractProblemLoader Loading environment from /home/runner/work/key/key/key.core/../key.ui/examples/heap/SmansEtAl/Stack_Stack.key.proof 
178312     DEBUG main            d.u.i.k.p.i.AbstractProblemLoader Environment load took 3.05ms 
178314     INFO  main            d.u.i.k.p.i.AbstractProblemLoader Creating init config 
180767     DEBUG main            d.u.i.k.p.i.AbstractProblemLoader Init config took 2.45s 
180800     INFO  main            d.u.i.k.p.i.AbstractProblemLoader Replaying proof Stack[Stack::Stack()].JML normal_behavior operation contract.0 
180991     DEBUG main            d.u.i.k.p.i.IntermediateProofReplayer Proof replay took 184.63ms 
180992     DEBUG main            d.u.i.k.p.r.p.TestFile    ... success: reloaded. 
180993     INFO  main            d.u.i.k.p.r.p.TestFile    Now processing file /home/runner/work/key/key/key.core/../key.ui/examples/heap/SmansEtAl/Stack_switchContents.key 
180994     INFO  main            d.u.i.k.p.i.AbstractProblemLoader Loading environment from /home/runner/work/key/key/key.core/../key.ui/examples/heap/SmansEtAl/Stack_switchContents.key 
180994     DEBUG main            d.u.i.k.p.i.AbstractProblemLoader Environment load took 71.3ns 
180994     INFO  main            d.u.i.k.p.i.AbstractProblemLoader Creating init config 
183511     DEBUG main            d.u.i.k.p.i.AbstractProblemLoader Init config took 2.52s 
183546     INFO  main            d.u.i.k.p.i.AbstractProblemLoader Replaying proof Stack[Stack::switchContents(Stack)].JML normal_behavior operation contract.0 
183548     DEBUG main            d.u.i.k.p.i.IntermediateProofReplayer Proof replay took 6.3ns 
188202     INFO  main            d.u.i.k.p.r.p.TestFile    ... finished proof: closed. 
188528     INFO  main            d.u.i.k.p.i.AbstractProblemLoader Loading environment from /home/runner/work/key/key/key.core/../key.ui/examples/heap/SmansEtAl/Stack_switchContents.key.proof 
188528     DEBUG main            d.u.i.k.p.i.AbstractProblemLoader Environment load took 195.6ns 
188530     INFO  main            d.u.i.k.p.i.AbstractProblemLoader Creating init config 
191004     DEBUG main            d.u.i.k.p.i.AbstractProblemLoader Init config took 2.47s 
191037     INFO  main            d.u.i.k.p.i.AbstractProblemLoader Replaying proof Stack[Stack::switchContents(Stack)].JML normal_behavior operation contract.0 
191514     DEBUG main            d.u.i.k.p.i.IntermediateProofReplayer Proof replay took 459.75ms 
191516     DEBUG main            d.u.i.k.p.r.p.TestFile    ... success: reloaded. 
2065247    INFO  Test worker     d.u.i.k.p.r.RunAllProofsTestUnit Returning from test SmansEtAl 
2065248    INFO  Test worker     d.u.i.k.p.r.RunAllProofsTestUnit Running test VACID0 
342        INFO  Timeout watchdog d.u.i.k.p.r.p.ForkedTestFileRunner Timeout watcher launched (2000 secs.) 
356        WARN  main            d.u.i.k.s.ProofSettings   The settings in /home/runner/.key/proof-settings.props are *not* read. 
389        INFO  main            d.u.i.k.p.r.p.TestFile    Now processing file /home/runner/work/key/key/key.core/../key.ui/examples/heap/vacid0_01_SparseArray/Harness_sparseArrayTestHarness1.key 
536        INFO  main            d.u.i.k.p.i.AbstractProblemLoader Loading environment from /home/runner/work/key/key/key.core/../key.ui/examples/heap/vacid0_01_SparseArray/Harness_sparseArrayTestHarness1.key 
556        DEBUG main            d.u.i.k.p.i.AbstractProblemLoader Environment load took 1.86ms 
775        INFO  main            d.u.i.k.p.i.AbstractProblemLoader Creating init config 
1644       DEBUG main            d.u.i.k.j.TypeConverter   No LDT found for Meta 
1644       DEBUG main            d.u.i.k.j.TypeConverter   No LDT found for Meta 
1647       DEBUG main            d.u.i.k.j.TypeConverter   No LDT found for Meta 
1648       DEBUG main            d.u.i.k.j.TypeConverter   No LDT found for Meta 
3165       DEBUG main            d.u.i.k.j.TypeConverter   No LDT found for JavaBigintExpression 
8297       DEBUG main            d.u.i.k.p.i.AbstractProblemLoader Init config took 7.52s 
8423       INFO  main            d.u.i.k.p.i.AbstractProblemLoader Replaying proof Harness[Harness::sparseArrayTestHarness1()].JML normal_behavior operation contract.0 
8456       DEBUG main            d.u.i.k.p.i.IntermediateProofReplayer Proof replay took 32.1ns 
10041      INFO  main            d.u.i.k.p.r.p.TestFile    ... finished proof: closed. 
10175      INFO  main            d.u.i.k.p.i.AbstractProblemLoader Loading environment from /home/runner/work/key/key/key.core/../key.ui/examples/heap/vacid0_01_SparseArray/Harness_sparseArrayTestHarness1.key.proof 
10179      DEBUG main            d.u.i.k.p.i.AbstractProblemLoader Environment load took 3.15ms 
10182      INFO  main            d.u.i.k.p.i.AbstractProblemLoader Creating init config 
12961      DEBUG main            d.u.i.k.p.i.AbstractProblemLoader Init config took 2.78s 
13029      INFO  main            d.u.i.k.p.i.AbstractProblemLoader Replaying proof Harness[Harness::sparseArrayTestHarness1()].JML normal_behavior operation contract.0 
13239      DEBUG main            d.u.i.k.p.i.IntermediateProofReplayer Proof replay took 201.19ms 
13247      DEBUG main            d.u.i.k.p.r.p.TestFile    ... success: reloaded. 
13253      INFO  main            d.u.i.k.p.r.p.TestFile    Now processing file /home/runner/work/key/key/key.core/../key.ui/examples/heap/vacid0_01_SparseArray/Harness_sparseArrayTestHarness2.key 
13254      INFO  main            d.u.i.k.p.i.AbstractProblemLoader Loading environment from /home/runner/work/key/key/key.core/../key.ui/examples/heap/vacid0_01_SparseArray/Harness_sparseArrayTestHarness2.key 
13255      DEBUG main            d.u.i.k.p.i.AbstractProblemLoader Environment load took 1.28ms 
13258      INFO  main            d.u.i.k.p.i.AbstractProblemLoader Creating init config 
15992      DEBUG main            d.u.i.k.p.i.AbstractProblemLoader Init config took 2.73s 
16047      INFO  main            d.u.i.k.p.i.AbstractProblemLoader Replaying proof Harness[Harness::sparseArrayTestHarness2()].JML normal_behavior operation contract.0 
16050      DEBUG main            d.u.i.k.p.i.IntermediateProofReplayer Proof replay took 5.7ns 
26042      INFO  main            d.u.i.k.p.r.p.TestFile    ... finished proof: closed. 
26235      INFO  main            d.u.i.k.p.i.AbstractProblemLoader Loading environment from /home/runner/work/key/key/key.core/../key.ui/examples/heap/vacid0_01_SparseArray/Harness_sparseArrayTestHarness2.key.proof 
26236      DEBUG main            d.u.i.k.p.i.AbstractProblemLoader Environment load took 489.01ns 
26246      INFO  main            d.u.i.k.p.i.AbstractProblemLoader Creating init config 
28910      DEBUG main            d.u.i.k.p.i.AbstractProblemLoader Init config took 2.66s 
28961      INFO  main            d.u.i.k.p.i.AbstractProblemLoader Replaying proof Harness[Harness::sparseArrayTestHarness2()].JML normal_behavior operation contract.0 
30153      DEBUG main            d.u.i.k.p.i.IntermediateProofReplayer Proof replay took 1.14s 
30156      DEBUG main            d.u.i.k.p.r.p.TestFile    ... success: reloaded. 
30159      INFO  main            d.u.i.k.p.r.p.TestFile    Now processing file /home/runner/work/key/key/key.core/../key.ui/examples/heap/vacid0_01_SparseArray/MemoryAllocator_alloc_unsigned.key 
30159      INFO  main            d.u.i.k.p.i.AbstractProblemLoader Loading environment from /home/runner/work/key/key/key.core/../key.ui/examples/heap/vacid0_01_SparseArray/MemoryAllocator_alloc_unsigned.key 
30159      DEBUG main            d.u.i.k.p.i.AbstractProblemLoader Environment load took 121.6ns 
30161      INFO  main            d.u.i.k.p.i.AbstractProblemLoader Creating init config 
32915      DEBUG main            d.u.i.k.p.i.AbstractProblemLoader Init config took 2.75s 
32961      INFO  main            d.u.i.k.p.i.AbstractProblemLoader Replaying proof MemoryAllocator[MemoryAllocator::alloc_unsigned(int)].JML normal_behavior operation contract.0 
32963      DEBUG main            d.u.i.k.p.i.IntermediateProofReplayer Proof replay took 6ns 
33968      INFO  main            d.u.i.k.p.r.p.TestFile    ... finished proof: closed. 
34170      INFO  main            d.u.i.k.p.i.AbstractProblemLoader Loading environment from /home/runner/work/key/key/key.core/../key.ui/examples/heap/vacid0_01_SparseArray/MemoryAllocator_alloc_unsigned.key.proof 
34171      DEBUG main            d.u.i.k.p.i.AbstractProblemLoader Environment load took 433.31ns 
34172      INFO  main            d.u.i.k.p.i.AbstractProblemLoader Creating init config 
36754      DEBUG main            d.u.i.k.p.i.AbstractProblemLoader Init config took 2.58s 
36807      INFO  main            d.u.i.k.p.i.AbstractProblemLoader Replaying proof MemoryAllocator[MemoryAllocator::alloc_unsigned(int)].JML normal_behavior operation contract.0 
37042      DEBUG main            d.u.i.k.p.i.IntermediateProofReplayer Proof replay took 228.13ms 
37044      DEBUG main            d.u.i.k.p.r.p.TestFile    ... success: reloaded. 
37045      INFO  main            d.u.i.k.p.r.p.TestFile    Now processing file /home/runner/work/key/key/key.core/../key.ui/examples/heap/vacid0_01_SparseArray/MemoryAllocator_alloc.key 
37046      INFO  main            d.u.i.k.p.i.AbstractProblemLoader Loading environment from /home/runner/work/key/key/key.core/../key.ui/examples/heap/vacid0_01_SparseArray/MemoryAllocator_alloc.key 
37046      DEBUG main            d.u.i.k.p.i.AbstractProblemLoader Environment load took 209.9ns 
37047      INFO  main            d.u.i.k.p.i.AbstractProblemLoader Creating init config 
39634      DEBUG main            d.u.i.k.p.i.AbstractProblemLoader Init config took 2.59s 
39676      INFO  main            d.u.i.k.p.i.AbstractProblemLoader Replaying proof MemoryAllocator[MemoryAllocator::alloc(int)].JML normal_behavior operation contract.0 
39678      DEBUG main            d.u.i.k.p.i.IntermediateProofReplayer Proof replay took 5.9ns 
40282      INFO  main            d.u.i.k.p.r.p.TestFile    ... finished proof: closed. 
40440      INFO  main            d.u.i.k.p.i.AbstractProblemLoader Loading environment from /home/runner/work/key/key/key.core/../key.ui/examples/heap/vacid0_01_SparseArray/MemoryAllocator_alloc.key.proof 
40441      DEBUG main            d.u.i.k.p.i.AbstractProblemLoader Environment load took 457.61ns 
40442      INFO  main            d.u.i.k.p.i.AbstractProblemLoader Creating init config 
42959      DEBUG main            d.u.i.k.p.i.AbstractProblemLoader Init config took 2.52s 
43001      INFO  main            d.u.i.k.p.i.AbstractProblemLoader Replaying proof MemoryAllocator[MemoryAllocator::alloc(int)].JML normal_behavior operation contract.0 
43138      DEBUG main            d.u.i.k.p.i.IntermediateProofReplayer Proof replay took 133.09ms 
43140      DEBUG main            d.u.i.k.p.r.p.TestFile    ... success: reloaded. 
43141      INFO  main            d.u.i.k.p.r.p.TestFile    Now processing file /home/runner/work/key/key/key.core/../key.ui/examples/heap/vacid0_01_SparseArray/SparseArray_get_dep.key 
43141      INFO  main            d.u.i.k.p.i.AbstractProblemLoader Loading environment from /home/runner/work/key/key/key.core/../key.ui/examples/heap/vacid0_01_SparseArray/SparseArray_get_dep.key 
43141      DEBUG main            d.u.i.k.p.i.AbstractProblemLoader Environment load took 224.4ns 
43142      INFO  main            d.u.i.k.p.i.AbstractProblemLoader Creating init config 
45710      DEBUG main            d.u.i.k.p.i.AbstractProblemLoader Init config took 2.57s 
45785      INFO  main            d.u.i.k.p.i.AbstractProblemLoader Replaying proof SparseArray[SparseArray::get(int)].JML accessible clause.0 
45788      DEBUG main            d.u.i.k.p.i.IntermediateProofReplayer Proof replay took 6.9ns 
49027      INFO  main            d.u.i.k.p.r.p.TestFile    ... finished proof: closed. 
49232      INFO  main            d.u.i.k.p.i.AbstractProblemLoader Loading environment from /home/runner/work/key/key/key.core/../key.ui/examples/heap/vacid0_01_SparseArray/SparseArray_get_dep.key.proof 
49233      DEBUG main            d.u.i.k.p.i.AbstractProblemLoader Environment load took 434.51ns 
49234      INFO  main            d.u.i.k.p.i.AbstractProblemLoader Creating init config 
51781      DEBUG main            d.u.i.k.p.i.AbstractProblemLoader Init config took 2.55s 
51851      INFO  main            d.u.i.k.p.i.AbstractProblemLoader Replaying proof SparseArray[SparseArray::get(int)].JML accessible clause.0 
52182      DEBUG main            d.u.i.k.p.i.IntermediateProofReplayer Proof replay took 317.58ms 
52183      DEBUG main            d.u.i.k.p.r.p.TestFile    ... success: reloaded. 
52185      INFO  main            d.u.i.k.p.r.p.TestFile    Now processing file /home/runner/work/key/key/key.core/../key.ui/examples/heap/vacid0_01_SparseArray/SparseArray_get.key 
52185      INFO  main            d.u.i.k.p.i.AbstractProblemLoader Loading environment from /home/runner/work/key/key/key.core/../key.ui/examples/heap/vacid0_01_SparseArray/SparseArray_get.key 
52185      DEBUG main            d.u.i.k.p.i.AbstractProblemLoader Environment load took 231.8ns 
52186      INFO  main            d.u.i.k.p.i.AbstractProblemLoader Creating init config 
54718      DEBUG main            d.u.i.k.p.i.AbstractProblemLoader Init config took 2.53s 
54777      INFO  main            d.u.i.k.p.i.AbstractProblemLoader Replaying proof SparseArray[SparseArray::get(int)].JML normal_behavior operation contract.0 
54779      DEBUG main            d.u.i.k.p.i.IntermediateProofReplayer Proof replay took 7.7ns 
57001      INFO  main            d.u.i.k.p.r.p.TestFile    ... finished proof: closed. 
57202      INFO  main            d.u.i.k.p.i.AbstractProblemLoader Loading environment from /home/runner/work/key/key/key.core/../key.ui/examples/heap/vacid0_01_SparseArray/SparseArray_get.key.proof 
57202      DEBUG main            d.u.i.k.p.i.AbstractProblemLoader Environment load took 433.21ns 
57204      INFO  main            d.u.i.k.p.i.AbstractProblemLoader Creating init config 
59772      DEBUG main            d.u.i.k.p.i.AbstractProblemLoader Init config took 2.57s 
59833      INFO  main            d.u.i.k.p.i.AbstractProblemLoader Replaying proof SparseArray[SparseArray::get(int)].JML normal_behavior operation contract.0 
60132      DEBUG main            d.u.i.k.p.i.IntermediateProofReplayer Proof replay took 289ms 
60133      DEBUG main            d.u.i.k.p.r.p.TestFile    ... success: reloaded. 
60134      INFO  main            d.u.i.k.p.r.p.TestFile    Now processing file /home/runner/work/key/key/key.core/../key.ui/examples/heap/vacid0_01_SparseArray/SparseArray_inv.key 
60135      INFO  main            d.u.i.k.p.i.AbstractProblemLoader Loading environment from /home/runner/work/key/key/key.core/../key.ui/examples/heap/vacid0_01_SparseArray/SparseArray_inv.key 
60135      DEBUG main            d.u.i.k.p.i.AbstractProblemLoader Environment load took 147.1ns 
60136      INFO  main            d.u.i.k.p.i.AbstractProblemLoader Creating init config 
62704      DEBUG main            d.u.i.k.p.i.AbstractProblemLoader Init config took 2.57s 
62761      INFO  main            d.u.i.k.p.i.AbstractProblemLoader Replaying proof SparseArray[java.lang.Object::<inv>()].JML accessible clause.0 
62763      DEBUG main            d.u.i.k.p.i.IntermediateProofReplayer Proof replay took 6.6ns 
64729      INFO  main            d.u.i.k.p.r.p.TestFile    ... finished proof: closed. 
64916      INFO  main            d.u.i.k.p.i.AbstractProblemLoader Loading environment from /home/runner/work/key/key/key.core/../key.ui/examples/heap/vacid0_01_SparseArray/SparseArray_inv.key.proof 
64916      DEBUG main            d.u.i.k.p.i.AbstractProblemLoader Environment load took 460.51ns 
64917      INFO  main            d.u.i.k.p.i.AbstractProblemLoader Creating init config 
67400      DEBUG main            d.u.i.k.p.i.AbstractProblemLoader Init config took 2.48s 
67459      INFO  main            d.u.i.k.p.i.AbstractProblemLoader Replaying proof SparseArray[java.lang.Object::<inv>()].JML accessible clause.0 
67590      DEBUG main            d.u.i.k.p.i.IntermediateProofReplayer Proof replay took 126.25ms 
67591      DEBUG main            d.u.i.k.p.r.p.TestFile    ... success: reloaded. 
67593      INFO  main            d.u.i.k.p.r.p.TestFile    Now processing file /home/runner/work/key/key/key.core/../key.ui/examples/heap/vacid0_01_SparseArray/SparseArray_SparseArray.key 
67593      INFO  main            d.u.i.k.p.i.AbstractProblemLoader Loading environment from /home/runner/work/key/key/key.core/../key.ui/examples/heap/vacid0_01_SparseArray/SparseArray_SparseArray.key 
67593      DEBUG main            d.u.i.k.p.i.AbstractProblemLoader Environment load took 215.1ns 
67594      INFO  main            d.u.i.k.p.i.AbstractProblemLoader Creating init config 
70120      DEBUG main            d.u.i.k.p.i.AbstractProblemLoader Init config took 2.53s 
70203      INFO  main            d.u.i.k.p.i.AbstractProblemLoader Replaying proof SparseArray[SparseArray::SparseArray(int)].JML normal_behavior operation contract.0 
70205      DEBUG main            d.u.i.k.p.i.IntermediateProofReplayer Proof replay took 6.3ns 
73814      INFO  main            d.u.i.k.p.r.p.TestFile    ... finished proof: closed. 
74016      INFO  main            d.u.i.k.p.i.AbstractProblemLoader Loading environment from /home/runner/work/key/key/key.core/../key.ui/examples/heap/vacid0_01_SparseArray/SparseArray_SparseArray.key.proof 
74016      DEBUG main            d.u.i.k.p.i.AbstractProblemLoader Environment load took 133.1ns 
74018      INFO  main            d.u.i.k.p.i.AbstractProblemLoader Creating init config 
76501      DEBUG main            d.u.i.k.p.i.AbstractProblemLoader Init config took 2.48s 
76556      INFO  main            d.u.i.k.p.i.AbstractProblemLoader Replaying proof SparseArray[SparseArray::SparseArray(int)].JML normal_behavior operation contract.0 
77082      DEBUG main            d.u.i.k.p.i.IntermediateProofReplayer Proof replay took 517.89ms 
77084      DEBUG main            d.u.i.k.p.r.p.TestFile    ... success: reloaded. 
2142499    INFO  Test worker     d.u.i.k.p.r.RunAllProofsTestUnit Returning from test VACID0 
2142500    INFO  Test worker     d.u.i.k.p.r.RunAllProofsTestUnit Running test VSTTE10 
340        INFO  Timeout watchdog d.u.i.k.p.r.p.ForkedTestFileRunner Timeout watcher launched (2000 secs.) 
353        WARN  main            d.u.i.k.s.ProofSettings   The settings in /home/runner/.key/proof-settings.props are *not* read. 
397        INFO  main            d.u.i.k.p.r.p.TestFile    Now processing file /home/runner/work/key/key/key.core/../key.ui/examples/heap/vstte10_01_SumAndMax/SumAndMax_sumAndMax.key 
532        INFO  main            d.u.i.k.p.i.AbstractProblemLoader Loading environment from /home/runner/work/key/key/key.core/../key.ui/examples/heap/vstte10_01_SumAndMax/SumAndMax_sumAndMax.key 
548        DEBUG main            d.u.i.k.p.i.AbstractProblemLoader Environment load took 1.9ms 
762        INFO  main            d.u.i.k.p.i.AbstractProblemLoader Creating init config 
1626       DEBUG main            d.u.i.k.j.TypeConverter   No LDT found for Meta 
1626       DEBUG main            d.u.i.k.j.TypeConverter   No LDT found for Meta 
1627       DEBUG main            d.u.i.k.j.TypeConverter   No LDT found for Meta 
1628       DEBUG main            d.u.i.k.j.TypeConverter   No LDT found for Meta 
3244       DEBUG main            d.u.i.k.j.TypeConverter   No LDT found for JavaBigintExpression 
8027       DEBUG main            d.u.i.k.p.i.AbstractProblemLoader Init config took 7.26s 
8150       INFO  main            d.u.i.k.p.i.AbstractProblemLoader Replaying proof SumAndMax[SumAndMax::sumAndMax([I)].JML normal_behavior operation contract.0 
8185       DEBUG main            d.u.i.k.p.i.IntermediateProofReplayer Proof replay took 33.5ns 
13474      INFO  main            d.u.i.k.p.r.p.TestFile    ... finished proof: closed. 
13652      INFO  main            d.u.i.k.p.i.AbstractProblemLoader Loading environment from /home/runner/work/key/key/key.core/../key.ui/examples/heap/vstte10_01_SumAndMax/SumAndMax_sumAndMax.key.proof 
13652      DEBUG main            d.u.i.k.p.i.AbstractProblemLoader Environment load took 165.3ns 
13655      INFO  main            d.u.i.k.p.i.AbstractProblemLoader Creating init config 
16474      DEBUG main            d.u.i.k.p.i.AbstractProblemLoader Init config took 2.82s 
16563      INFO  main            d.u.i.k.p.i.AbstractProblemLoader Replaying proof SumAndMax[SumAndMax::sumAndMax([I)].JML normal_behavior operation contract.0 
17271      DEBUG main            d.u.i.k.p.i.IntermediateProofReplayer Proof replay took 684.04ms 
17280      DEBUG main            d.u.i.k.p.r.p.TestFile    ... success: reloaded. 
17282      INFO  main            d.u.i.k.p.r.p.TestFile    Now processing file /home/runner/work/key/key/key.core/../key.ui/examples/heap/vstte10_03_LinkedList/Node_cons.key 
17282      INFO  main            d.u.i.k.p.i.AbstractProblemLoader Loading environment from /home/runner/work/key/key/key.core/../key.ui/examples/heap/vstte10_03_LinkedList/Node_cons.key 
17283      DEBUG main            d.u.i.k.p.i.AbstractProblemLoader Environment load took 236.9ns 
17284      INFO  main            d.u.i.k.p.i.AbstractProblemLoader Creating init config 
20034      DEBUG main            d.u.i.k.p.i.AbstractProblemLoader Init config took 2.75s 
20095      INFO  main            d.u.i.k.p.i.AbstractProblemLoader Replaying proof Node[Node::cons(int,Node)].JML normal_behavior operation contract.0 
20098      DEBUG main            d.u.i.k.p.i.IntermediateProofReplayer Proof replay took 7.2ns 
21707      INFO  main            d.u.i.k.p.r.p.TestFile    ... finished proof: closed. 
21884      INFO  main            d.u.i.k.p.i.AbstractProblemLoader Loading environment from /home/runner/work/key/key/key.core/../key.ui/examples/heap/vstte10_03_LinkedList/Node_cons.key.proof 
21885      DEBUG main            d.u.i.k.p.i.AbstractProblemLoader Environment load took 139.3ns 
21888      INFO  main            d.u.i.k.p.i.AbstractProblemLoader Creating init config 
24591      DEBUG main            d.u.i.k.p.i.AbstractProblemLoader Init config took 2.7s 
24667      INFO  main            d.u.i.k.p.i.AbstractProblemLoader Replaying proof Node[Node::cons(int,Node)].JML normal_behavior operation contract.0 
24974      DEBUG main            d.u.i.k.p.i.IntermediateProofReplayer Proof replay took 293.93ms 
24976      DEBUG main            d.u.i.k.p.r.p.TestFile    ... success: reloaded. 
24978      INFO  main            d.u.i.k.p.r.p.TestFile    Now processing file /home/runner/work/key/key/key.core/../key.ui/examples/heap/vstte10_03_LinkedList/Node_inv.key 
24979      INFO  main            d.u.i.k.p.i.AbstractProblemLoader Loading environment from /home/runner/work/key/key/key.core/../key.ui/examples/heap/vstte10_03_LinkedList/Node_inv.key 
24979      DEBUG main            d.u.i.k.p.i.AbstractProblemLoader Environment load took 255.9ns 
24980      INFO  main            d.u.i.k.p.i.AbstractProblemLoader Creating init config 
27725      DEBUG main            d.u.i.k.p.i.AbstractProblemLoader Init config took 2.75s 
27779      INFO  main            d.u.i.k.p.i.AbstractProblemLoader Replaying proof Node[java.lang.Object::<inv>()].JML accessible clause.0 
27782      DEBUG main            d.u.i.k.p.i.IntermediateProofReplayer Proof replay took 7.3ns 
28087      INFO  main            d.u.i.k.p.r.p.TestFile    ... finished proof: closed. 
28244      INFO  main            d.u.i.k.p.i.AbstractProblemLoader Loading environment from /home/runner/work/key/key/key.core/../key.ui/examples/heap/vstte10_03_LinkedList/Node_inv.key.proof 
28245      DEBUG main            d.u.i.k.p.i.AbstractProblemLoader Environment load took 125.3ns 
28246      INFO  main            d.u.i.k.p.i.AbstractProblemLoader Creating init config 
30834      DEBUG main            d.u.i.k.p.i.AbstractProblemLoader Init config took 2.59s 
30883      INFO  main            d.u.i.k.p.i.AbstractProblemLoader Replaying proof Node[java.lang.Object::<inv>()].JML accessible clause.0 
30925      DEBUG main            d.u.i.k.p.i.IntermediateProofReplayer Proof replay took 36.56ms 
30926      DEBUG main            d.u.i.k.p.r.p.TestFile    ... success: reloaded. 
30928      INFO  main            d.u.i.k.p.r.p.TestFile    Now processing file /home/runner/work/key/key/key.core/../key.ui/examples/heap/vstte10_03_LinkedList/Node_search.key 
30928      INFO  main            d.u.i.k.p.i.AbstractProblemLoader Loading environment from /home/runner/work/key/key/key.core/../key.ui/examples/heap/vstte10_03_LinkedList/Node_search.key 
30928      DEBUG main            d.u.i.k.p.i.AbstractProblemLoader Environment load took 98.1ns 
30929      INFO  main            d.u.i.k.p.i.AbstractProblemLoader Creating init config 
33638      DEBUG main            d.u.i.k.p.i.AbstractProblemLoader Init config took 2.71s 
33698      INFO  main            d.u.i.k.p.i.AbstractProblemLoader Replaying proof Node[Node::search()].JML normal_behavior operation contract.0 
33700      DEBUG main            d.u.i.k.p.i.IntermediateProofReplayer Proof replay took 6.8ns 
40122      INFO  main            d.u.i.k.p.r.p.TestFile    ... finished proof: closed. 
40332      INFO  main            d.u.i.k.p.i.AbstractProblemLoader Loading environment from /home/runner/work/key/key/key.core/../key.ui/examples/heap/vstte10_03_LinkedList/Node_search.key.proof 
40333      DEBUG main            d.u.i.k.p.i.AbstractProblemLoader Environment load took 487.21ns 
40335      INFO  main            d.u.i.k.p.i.AbstractProblemLoader Creating init config 
42937      DEBUG main            d.u.i.k.p.i.AbstractProblemLoader Init config took 2.6s 
42988      INFO  main            d.u.i.k.p.i.AbstractProblemLoader Replaying proof Node[Node::search()].JML normal_behavior operation contract.0 
43710      DEBUG main            d.u.i.k.p.i.IntermediateProofReplayer Proof replay took 644.83ms 
43713      DEBUG main            d.u.i.k.p.r.p.TestFile    ... success: reloaded. 
43715      INFO  main            d.u.i.k.p.r.p.TestFile    Now processing file /home/runner/work/key/key/key.core/../key.ui/examples/heap/vstte10_04_Queens/Queens_isConsistent.key 
43715      INFO  main            d.u.i.k.p.i.AbstractProblemLoader Loading environment from /home/runner/work/key/key/key.core/../key.ui/examples/heap/vstte10_04_Queens/Queens_isConsistent.key 
43715      DEBUG main            d.u.i.k.p.i.AbstractProblemLoader Environment load took 213.4ns 
43716      INFO  main            d.u.i.k.p.i.AbstractProblemLoader Creating init config 
46674      DEBUG main            d.u.i.k.p.i.AbstractProblemLoader Init config took 2.96s 
46716      INFO  main            d.u.i.k.p.i.AbstractProblemLoader Replaying proof Queens[Queens::isConsistent([I,int)].JML normal_behavior operation contract.0 
46718      DEBUG main            d.u.i.k.p.i.IntermediateProofReplayer Proof replay took 5.7ns 
48542      INFO  main            d.u.i.k.p.r.p.TestFile    ... finished proof: closed. 
48768      INFO  main            d.u.i.k.p.i.AbstractProblemLoader Loading environment from /home/runner/work/key/key/key.core/../key.ui/examples/heap/vstte10_04_Queens/Queens_isConsistent.key.proof 
48769      DEBUG main            d.u.i.k.p.i.AbstractProblemLoader Environment load took 435.51ns 
48770      INFO  main            d.u.i.k.p.i.AbstractProblemLoader Creating init config 
51439      DEBUG main            d.u.i.k.p.i.AbstractProblemLoader Init config took 2.67s 
51490      INFO  main            d.u.i.k.p.i.AbstractProblemLoader Replaying proof Queens[Queens::isConsistent([I,int)].JML normal_behavior operation contract.0 
51884      DEBUG main            d.u.i.k.p.i.IntermediateProofReplayer Proof replay took 384.61ms 
51885      DEBUG main            d.u.i.k.p.r.p.TestFile    ... success: reloaded. 
51886      INFO  main            d.u.i.k.p.r.p.TestFile    Now processing file /home/runner/work/key/key/key.core/../key.ui/examples/heap/vstte10_04_Queens/Queens_nQueens.key 
51887      INFO  main            d.u.i.k.p.i.AbstractProblemLoader Loading environment from /home/runner/work/key/key/key.core/../key.ui/examples/heap/vstte10_04_Queens/Queens_nQueens.key 
51887      DEBUG main            d.u.i.k.p.i.AbstractProblemLoader Environment load took 220.9ns 
51888      INFO  main            d.u.i.k.p.i.AbstractProblemLoader Creating init config 
54574      DEBUG main            d.u.i.k.p.i.AbstractProblemLoader Init config took 2.69s 
54616      INFO  main            d.u.i.k.p.i.AbstractProblemLoader Replaying proof Queens[Queens::nQueens(int)].JML normal_behavior operation contract.0 
54618      DEBUG main            d.u.i.k.p.i.IntermediateProofReplayer Proof replay took 7.6ns 
67457      INFO  main            d.u.i.k.p.r.p.TestFile    ... finished proof: closed. 
67687      INFO  main            d.u.i.k.p.i.AbstractProblemLoader Loading environment from /home/runner/work/key/key/key.core/../key.ui/examples/heap/vstte10_04_Queens/Queens_nQueens.key.proof 
67688      DEBUG main            d.u.i.k.p.i.AbstractProblemLoader Environment load took 442.61ns 
67690      INFO  main            d.u.i.k.p.i.AbstractProblemLoader Creating init config 
70279      DEBUG main            d.u.i.k.p.i.AbstractProblemLoader Init config took 2.59s 
70344      INFO  main            d.u.i.k.p.i.AbstractProblemLoader Replaying proof Queens[Queens::nQueens(int)].JML normal_behavior operation contract.0 
71379      DEBUG main            d.u.i.k.p.i.IntermediateProofReplayer Proof replay took 1.02s 
71381      DEBUG main            d.u.i.k.p.r.p.TestFile    ... success: reloaded. 
71382      INFO  main            d.u.i.k.p.r.p.TestFile    Now processing file /home/runner/work/key/key/key.core/../key.ui/examples/heap/vstte10_05_Queue/AmortizedQueue_AmortizedQueue.key 
71382      INFO  main            d.u.i.k.p.i.AbstractProblemLoader Loading environment from /home/runner/work/key/key/key.core/../key.ui/examples/heap/vstte10_05_Queue/AmortizedQueue_AmortizedQueue.key 
71383      DEBUG main            d.u.i.k.p.i.AbstractProblemLoader Environment load took 221.3ns 
71384      INFO  main            d.u.i.k.p.i.AbstractProblemLoader Creating init config 
74173      DEBUG main            d.u.i.k.p.i.AbstractProblemLoader Init config took 2.79s 
74219      INFO  main            d.u.i.k.p.i.AbstractProblemLoader Replaying proof AmortizedQueue[AmortizedQueue::AmortizedQueue()].JML normal_behavior operation contract.0 
74221      DEBUG main            d.u.i.k.p.i.IntermediateProofReplayer Proof replay took 6.5ns 
75650      INFO  main            d.u.i.k.p.r.p.TestFile    ... finished proof: closed. 
75868      INFO  main            d.u.i.k.p.i.AbstractProblemLoader Loading environment from /home/runner/work/key/key/key.core/../key.ui/examples/heap/vstte10_05_Queue/AmortizedQueue_AmortizedQueue.key.proof 
75869      DEBUG main            d.u.i.k.p.i.AbstractProblemLoader Environment load took 596.31ns 
75870      INFO  main            d.u.i.k.p.i.AbstractProblemLoader Creating init config 
78510      DEBUG main            d.u.i.k.p.i.AbstractProblemLoader Init config took 2.64s 
78554      INFO  main            d.u.i.k.p.i.AbstractProblemLoader Replaying proof AmortizedQueue[AmortizedQueue::AmortizedQueue()].JML normal_behavior operation contract.0 
78797      DEBUG main            d.u.i.k.p.i.IntermediateProofReplayer Proof replay took 236.43ms 
78798      DEBUG main            d.u.i.k.p.r.p.TestFile    ... success: reloaded. 
78799      INFO  main            d.u.i.k.p.r.p.TestFile    Now processing file /home/runner/work/key/key/key.core/../key.ui/examples/heap/vstte10_05_Queue/AmortizedQueue_front.key 
78799      INFO  main            d.u.i.k.p.i.AbstractProblemLoader Loading environment from /home/runner/work/key/key/key.core/../key.ui/examples/heap/vstte10_05_Queue/AmortizedQueue_front.key 
78799      DEBUG main            d.u.i.k.p.i.AbstractProblemLoader Environment load took 101ns 
78800      INFO  main            d.u.i.k.p.i.AbstractProblemLoader Creating init config 
81460      DEBUG main            d.u.i.k.p.i.AbstractProblemLoader Init config took 2.66s 
81503      INFO  main            d.u.i.k.p.i.AbstractProblemLoader Replaying proof AmortizedQueue[AmortizedQueue::front()].JML normal_behavior operation contract.0 
81505      DEBUG main            d.u.i.k.p.i.IntermediateProofReplayer Proof replay took 8.6ns 
82008      INFO  main            d.u.i.k.p.r.p.TestFile    ... finished proof: closed. 
82203      INFO  main            d.u.i.k.p.i.AbstractProblemLoader Loading environment from /home/runner/work/key/key/key.core/../key.ui/examples/heap/vstte10_05_Queue/AmortizedQueue_front.key.proof 
82203      DEBUG main            d.u.i.k.p.i.AbstractProblemLoader Environment load took 123.3ns 
82204      INFO  main            d.u.i.k.p.i.AbstractProblemLoader Creating init config 
84855      DEBUG main            d.u.i.k.p.i.AbstractProblemLoader Init config took 2.65s 
84896      INFO  main            d.u.i.k.p.i.AbstractProblemLoader Replaying proof AmortizedQueue[AmortizedQueue::front()].JML normal_behavior operation contract.0 
84951      DEBUG main            d.u.i.k.p.i.IntermediateProofReplayer Proof replay took 51.94ms 
84952      DEBUG main            d.u.i.k.p.r.p.TestFile    ... success: reloaded. 
84954      INFO  main            d.u.i.k.p.r.p.TestFile    Now processing file /home/runner/work/key/key/key.core/../key.ui/examples/heap/vstte10_05_Queue/LinkedList_concat.key 
84954      INFO  main            d.u.i.k.p.i.AbstractProblemLoader Loading environment from /home/runner/work/key/key/key.core/../key.ui/examples/heap/vstte10_05_Queue/LinkedList_concat.key 
84954      DEBUG main            d.u.i.k.p.i.AbstractProblemLoader Environment load took 201.5ns 
84955      INFO  main            d.u.i.k.p.i.AbstractProblemLoader Creating init config 
87647      DEBUG main            d.u.i.k.p.i.AbstractProblemLoader Init config took 2.69s 
87692      INFO  main            d.u.i.k.p.i.AbstractProblemLoader Replaying proof LinkedList[LinkedList::concat(LinkedList)].JML normal_behavior operation contract.0 
87693      DEBUG main            d.u.i.k.p.i.IntermediateProofReplayer Proof replay took 7.4ns 
96345      INFO  main            d.u.i.k.p.r.p.TestFile    ... finished proof: closed. 
96637      INFO  main            d.u.i.k.p.i.AbstractProblemLoader Loading environment from /home/runner/work/key/key/key.core/../key.ui/examples/heap/vstte10_05_Queue/LinkedList_concat.key.proof 
96637      DEBUG main            d.u.i.k.p.i.AbstractProblemLoader Environment load took 504.51ns 
96640      INFO  main            d.u.i.k.p.i.AbstractProblemLoader Creating init config 
99220      DEBUG main            d.u.i.k.p.i.AbstractProblemLoader Init config took 2.58s 
99264      INFO  main            d.u.i.k.p.i.AbstractProblemLoader Replaying proof LinkedList[LinkedList::concat(LinkedList)].JML normal_behavior operation contract.0 
100045     DEBUG main            d.u.i.k.p.i.IntermediateProofReplayer Proof replay took 751.18ms 
100047     DEBUG main            d.u.i.k.p.r.p.TestFile    ... success: reloaded. 
100049     INFO  main            d.u.i.k.p.r.p.TestFile    Now processing file /home/runner/work/key/key/key.core/../key.ui/examples/heap/vstte10_05_Queue/LinkedList_cons.key 
100049     INFO  main            d.u.i.k.p.i.AbstractProblemLoader Loading environment from /home/runner/work/key/key/key.core/../key.ui/examples/heap/vstte10_05_Queue/LinkedList_cons.key 
100049     DEBUG main            d.u.i.k.p.i.AbstractProblemLoader Environment load took 308.81ns 
100050     INFO  main            d.u.i.k.p.i.AbstractProblemLoader Creating init config 
102731     DEBUG main            d.u.i.k.p.i.AbstractProblemLoader Init config took 2.68s 
102777     INFO  main            d.u.i.k.p.i.AbstractProblemLoader Replaying proof LinkedList[LinkedList::cons(int)].JML normal_behavior operation contract.0 
102778     DEBUG main            d.u.i.k.p.i.IntermediateProofReplayer Proof replay took 7.3ns 
105097     INFO  main            d.u.i.k.p.r.p.TestFile    ... finished proof: closed. 
105337     INFO  main            d.u.i.k.p.i.AbstractProblemLoader Loading environment from /home/runner/work/key/key/key.core/../key.ui/examples/heap/vstte10_05_Queue/LinkedList_cons.key.proof 
105338     DEBUG main            d.u.i.k.p.i.AbstractProblemLoader Environment load took 453.61ns 
105339     INFO  main            d.u.i.k.p.i.AbstractProblemLoader Creating init config 
107908     DEBUG main            d.u.i.k.p.i.AbstractProblemLoader Init config took 2.57s 
107950     INFO  main            d.u.i.k.p.i.AbstractProblemLoader Replaying proof LinkedList[LinkedList::cons(int)].JML normal_behavior operation contract.0 
108249     DEBUG main            d.u.i.k.p.i.IntermediateProofReplayer Proof replay took 289.62ms 
108251     DEBUG main            d.u.i.k.p.r.p.TestFile    ... success: reloaded. 
108252     INFO  main            d.u.i.k.p.r.p.TestFile    Now processing file /home/runner/work/key/key/key.core/../key.ui/examples/heap/vstte10_05_Queue/LinkedList_head.key 
108252     INFO  main            d.u.i.k.p.i.AbstractProblemLoader Loading environment from /home/runner/work/key/key/key.core/../key.ui/examples/heap/vstte10_05_Queue/LinkedList_head.key 
108252     DEBUG main            d.u.i.k.p.i.AbstractProblemLoader Environment load took 105.1ns 
108254     INFO  main            d.u.i.k.p.i.AbstractProblemLoader Creating init config 
110874     DEBUG main            d.u.i.k.p.i.AbstractProblemLoader Init config took 2.62s 
110915     INFO  main            d.u.i.k.p.i.AbstractProblemLoader Replaying proof LinkedList[LinkedList::head()].JML normal_behavior operation contract.0 
110916     DEBUG main            d.u.i.k.p.i.IntermediateProofReplayer Proof replay took 6.4ns 
111019     INFO  main            d.u.i.k.p.r.p.TestFile    ... finished proof: closed. 
111229     INFO  main            d.u.i.k.p.i.AbstractProblemLoader Loading environment from /home/runner/work/key/key/key.core/../key.ui/examples/heap/vstte10_05_Queue/LinkedList_head.key.proof 
111229     DEBUG main            d.u.i.k.p.i.AbstractProblemLoader Environment load took 122.6ns 
111230     INFO  main            d.u.i.k.p.i.AbstractProblemLoader Creating init config 
113815     DEBUG main            d.u.i.k.p.i.AbstractProblemLoader Init config took 2.59s 
113866     INFO  main            d.u.i.k.p.i.AbstractProblemLoader Replaying proof LinkedList[LinkedList::head()].JML normal_behavior operation contract.0 
113882     DEBUG main            d.u.i.k.p.i.IntermediateProofReplayer Proof replay took 14.12ms 
113884     DEBUG main            d.u.i.k.p.r.p.TestFile    ... success: reloaded. 
113885     INFO  main            d.u.i.k.p.r.p.TestFile    Now processing file /home/runner/work/key/key/key.core/../key.ui/examples/heap/vstte10_05_Queue/LinkedList_inv.key 
113885     INFO  main            d.u.i.k.p.i.AbstractProblemLoader Loading environment from /home/runner/work/key/key/key.core/../key.ui/examples/heap/vstte10_05_Queue/LinkedList_inv.key 
113885     DEBUG main            d.u.i.k.p.i.AbstractProblemLoader Environment load took 210.8ns 
113886     INFO  main            d.u.i.k.p.i.AbstractProblemLoader Creating init config 
116491     DEBUG main            d.u.i.k.p.i.AbstractProblemLoader Init config took 2.6s 
116532     INFO  main            d.u.i.k.p.i.AbstractProblemLoader Replaying proof LinkedList[java.lang.Object::<inv>()].JML accessible clause.0 
116533     DEBUG main            d.u.i.k.p.i.IntermediateProofReplayer Proof replay took 7.1ns 
116853     INFO  main            d.u.i.k.p.r.p.TestFile    ... finished proof: closed. 
117063     INFO  main            d.u.i.k.p.i.AbstractProblemLoader Loading environment from /home/runner/work/key/key/key.core/../key.ui/examples/heap/vstte10_05_Queue/LinkedList_inv.key.proof 
117064     DEBUG main            d.u.i.k.p.i.AbstractProblemLoader Environment load took 141.4ns 
117065     INFO  main            d.u.i.k.p.i.AbstractProblemLoader Creating init config 
119637     DEBUG main            d.u.i.k.p.i.AbstractProblemLoader Init config took 2.57s 
119678     INFO  main            d.u.i.k.p.i.AbstractProblemLoader Replaying proof LinkedList[java.lang.Object::<inv>()].JML accessible clause.0 
119707     DEBUG main            d.u.i.k.p.i.IntermediateProofReplayer Proof replay took 26.05ms 
119708     DEBUG main            d.u.i.k.p.r.p.TestFile    ... success: reloaded. 
119709     INFO  main            d.u.i.k.p.r.p.TestFile    Now processing file /home/runner/work/key/key/key.core/../key.ui/examples/heap/vstte10_05_Queue/LinkedList_length.key 
119709     INFO  main            d.u.i.k.p.i.AbstractProblemLoader Loading environment from /home/runner/work/key/key/key.core/../key.ui/examples/heap/vstte10_05_Queue/LinkedList_length.key 
119710     DEBUG main            d.u.i.k.p.i.AbstractProblemLoader Environment load took 203.9ns 
119710     INFO  main            d.u.i.k.p.i.AbstractProblemLoader Creating init config 
122382     DEBUG main            d.u.i.k.p.i.AbstractProblemLoader Init config took 2.67s 
122427     INFO  main            d.u.i.k.p.i.AbstractProblemLoader Replaying proof LinkedList[LinkedList::length()].JML normal_behavior operation contract.0 
122430     DEBUG main            d.u.i.k.p.i.IntermediateProofReplayer Proof replay took 7ns 
122532     INFO  main            d.u.i.k.p.r.p.TestFile    ... finished proof: closed. 
122759     INFO  main            d.u.i.k.p.i.AbstractProblemLoader Loading environment from /home/runner/work/key/key/key.core/../key.ui/examples/heap/vstte10_05_Queue/LinkedList_length.key.proof 
122759     DEBUG main            d.u.i.k.p.i.AbstractProblemLoader Environment load took 128.4ns 
122760     INFO  main            d.u.i.k.p.i.AbstractProblemLoader Creating init config 
125328     DEBUG main            d.u.i.k.p.i.AbstractProblemLoader Init config took 2.57s 
125370     INFO  main            d.u.i.k.p.i.AbstractProblemLoader Replaying proof LinkedList[LinkedList::length()].JML normal_behavior operation contract.0 
125386     DEBUG main            d.u.i.k.p.i.IntermediateProofReplayer Proof replay took 14.45ms 
125387     DEBUG main            d.u.i.k.p.r.p.TestFile    ... success: reloaded. 
125388     INFO  main            d.u.i.k.p.r.p.TestFile    Now processing file /home/runner/work/key/key/key.core/../key.ui/examples/heap/vstte10_05_Queue/LinkedList_LinkedList1.key 
125389     INFO  main            d.u.i.k.p.i.AbstractProblemLoader Loading environment from /home/runner/work/key/key/key.core/../key.ui/examples/heap/vstte10_05_Queue/LinkedList_LinkedList1.key 
125389     DEBUG main            d.u.i.k.p.i.AbstractProblemLoader Environment load took 273.6ns 
125391     INFO  main            d.u.i.k.p.i.AbstractProblemLoader Creating init config 
128023     DEBUG main            d.u.i.k.p.i.AbstractProblemLoader Init config took 2.63s 
128064     INFO  main            d.u.i.k.p.i.AbstractProblemLoader Replaying proof LinkedList[LinkedList::LinkedList(int,LinkedList)].JML normal_behavior operation contract.0 
128065     DEBUG main            d.u.i.k.p.i.IntermediateProofReplayer Proof replay took 5.8ns 
129889     INFO  main            d.u.i.k.p.r.p.TestFile    ... finished proof: closed. 
130148     INFO  main            d.u.i.k.p.i.AbstractProblemLoader Loading environment from /home/runner/work/key/key/key.core/../key.ui/examples/heap/vstte10_05_Queue/LinkedList_LinkedList1.key.proof 
130148     DEBUG main            d.u.i.k.p.i.AbstractProblemLoader Environment load took 426.61ns 
130150     INFO  main            d.u.i.k.p.i.AbstractProblemLoader Creating init config 
132715     DEBUG main            d.u.i.k.p.i.AbstractProblemLoader Init config took 2.56s 
132757     INFO  main            d.u.i.k.p.i.AbstractProblemLoader Replaying proof LinkedList[LinkedList::LinkedList(int,LinkedList)].JML normal_behavior operation contract.0 
133010     DEBUG main            d.u.i.k.p.i.IntermediateProofReplayer Proof replay took 246.32ms 
133011     DEBUG main            d.u.i.k.p.r.p.TestFile    ... success: reloaded. 
133013     INFO  main            d.u.i.k.p.r.p.TestFile    Now processing file /home/runner/work/key/key/key.core/../key.ui/examples/heap/vstte10_05_Queue/LinkedList_LinkedList2.key 
133013     INFO  main            d.u.i.k.p.i.AbstractProblemLoader Loading environment from /home/runner/work/key/key/key.core/../key.ui/examples/heap/vstte10_05_Queue/LinkedList_LinkedList2.key 
133013     DEBUG main            d.u.i.k.p.i.AbstractProblemLoader Environment load took 96.4ns 
133014     INFO  main            d.u.i.k.p.i.AbstractProblemLoader Creating init config 
135661     DEBUG main            d.u.i.k.p.i.AbstractProblemLoader Init config took 2.65s 
135703     INFO  main            d.u.i.k.p.i.AbstractProblemLoader Replaying proof LinkedList[LinkedList::LinkedList(int,LinkedList)].JML normal_behavior operation contract.0 
135704     DEBUG main            d.u.i.k.p.i.IntermediateProofReplayer Proof replay took 6ns 
137512     INFO  main            d.u.i.k.p.r.p.TestFile    ... finished proof: closed. 
137767     INFO  main            d.u.i.k.p.i.AbstractProblemLoader Loading environment from /home/runner/work/key/key/key.core/../key.ui/examples/heap/vstte10_05_Queue/LinkedList_LinkedList2.key.proof 
137768     DEBUG main            d.u.i.k.p.i.AbstractProblemLoader Environment load took 457.71ns 
137769     INFO  main            d.u.i.k.p.i.AbstractProblemLoader Creating init config 
140330     DEBUG main            d.u.i.k.p.i.AbstractProblemLoader Init config took 2.56s 
140372     INFO  main            d.u.i.k.p.i.AbstractProblemLoader Replaying proof LinkedList[LinkedList::LinkedList(int,LinkedList)].JML normal_behavior operation contract.0 
140620     DEBUG main            d.u.i.k.p.i.IntermediateProofReplayer Proof replay took 240.28ms 
140621     DEBUG main            d.u.i.k.p.r.p.TestFile    ... success: reloaded. 
140622     INFO  main            d.u.i.k.p.r.p.TestFile    Now processing file /home/runner/work/key/key/key.core/../key.ui/examples/heap/vstte10_05_Queue/LinkedList_LinkedList3.key 
140622     INFO  main            d.u.i.k.p.i.AbstractProblemLoader Loading environment from /home/runner/work/key/key/key.core/../key.ui/examples/heap/vstte10_05_Queue/LinkedList_LinkedList3.key 
140622     DEBUG main            d.u.i.k.p.i.AbstractProblemLoader Environment load took 61ns 
140623     INFO  main            d.u.i.k.p.i.AbstractProblemLoader Creating init config 
143236     DEBUG main            d.u.i.k.p.i.AbstractProblemLoader Init config took 2.61s 
143279     INFO  main            d.u.i.k.p.i.AbstractProblemLoader Replaying proof LinkedList[LinkedList::LinkedList(int,LinkedList)].JML normal_behavior operation contract.0 
143281     DEBUG main            d.u.i.k.p.i.IntermediateProofReplayer Proof replay took 7ns 
156307     INFO  main            d.u.i.k.p.r.p.TestFile    ... finished proof: closed. 
156641     INFO  main            d.u.i.k.p.i.AbstractProblemLoader Loading environment from /home/runner/work/key/key/key.core/../key.ui/examples/heap/vstte10_05_Queue/LinkedList_LinkedList3.key.proof 
156641     DEBUG main            d.u.i.k.p.i.AbstractProblemLoader Environment load took 480.61ns 
156648     INFO  main            d.u.i.k.p.i.AbstractProblemLoader Creating init config 
159173     DEBUG main            d.u.i.k.p.i.AbstractProblemLoader Init config took 2.52s 
159215     INFO  main            d.u.i.k.p.i.AbstractProblemLoader Replaying proof LinkedList[LinkedList::LinkedList(int,LinkedList)].JML normal_behavior operation contract.0 
160404     DEBUG main            d.u.i.k.p.i.IntermediateProofReplayer Proof replay took 1.1s 
160410     DEBUG main            d.u.i.k.p.r.p.TestFile    ... success: reloaded. 
160411     INFO  main            d.u.i.k.p.r.p.TestFile    Now processing file /home/runner/work/key/key/key.core/../key.ui/examples/heap/vstte10_05_Queue/LinkedList_reverse.key 
160412     INFO  main            d.u.i.k.p.i.AbstractProblemLoader Loading environment from /home/runner/work/key/key/key.core/../key.ui/examples/heap/vstte10_05_Queue/LinkedList_reverse.key 
160412     DEBUG main            d.u.i.k.p.i.AbstractProblemLoader Environment load took 101.1ns 
160413     INFO  main            d.u.i.k.p.i.AbstractProblemLoader Creating init config 
163117     DEBUG main            d.u.i.k.p.i.AbstractProblemLoader Init config took 2.7s 
163159     INFO  main            d.u.i.k.p.i.AbstractProblemLoader Replaying proof LinkedList[LinkedList::reverse()].JML normal_behavior operation contract.0 
163161     DEBUG main            d.u.i.k.p.i.IntermediateProofReplayer Proof replay took 7ns 
172127     INFO  main            d.u.i.k.p.r.p.TestFile    ... finished proof: closed. 
172454     INFO  main            d.u.i.k.p.i.AbstractProblemLoader Loading environment from /home/runner/work/key/key/key.core/../key.ui/examples/heap/vstte10_05_Queue/LinkedList_reverse.key.proof 
172458     DEBUG main            d.u.i.k.p.i.AbstractProblemLoader Environment load took 5.22ms 
172461     INFO  main            d.u.i.k.p.i.AbstractProblemLoader Creating init config 
175075     DEBUG main            d.u.i.k.p.i.AbstractProblemLoader Init config took 2.61s 
175116     INFO  main            d.u.i.k.p.i.AbstractProblemLoader Replaying proof LinkedList[LinkedList::reverse()].JML normal_behavior operation contract.0 
175877     DEBUG main            d.u.i.k.p.i.IntermediateProofReplayer Proof replay took 731.32ms 
175880     DEBUG main            d.u.i.k.p.r.p.TestFile    ... success: reloaded. 
175880     INFO  main            d.u.i.k.p.r.p.TestFile    Now processing file /home/runner/work/key/key/key.core/../key.ui/examples/heap/vstte10_05_Queue/LinkedList_tail.key 
175881     INFO  main            d.u.i.k.p.i.AbstractProblemLoader Loading environment from /home/runner/work/key/key/key.core/../key.ui/examples/heap/vstte10_05_Queue/LinkedList_tail.key 
175881     DEBUG main            d.u.i.k.p.i.AbstractProblemLoader Environment load took 94.9ns 
175882     INFO  main            d.u.i.k.p.i.AbstractProblemLoader Creating init config 
178517     DEBUG main            d.u.i.k.p.i.AbstractProblemLoader Init config took 2.64s 
178558     INFO  main            d.u.i.k.p.i.AbstractProblemLoader Replaying proof LinkedList[LinkedList::tail()].JML normal_behavior operation contract.0 
178559     DEBUG main            d.u.i.k.p.i.IntermediateProofReplayer Proof replay took 44.4ns 
179063     INFO  main            d.u.i.k.p.r.p.TestFile    ... finished proof: closed. 
179315     INFO  main            d.u.i.k.p.i.AbstractProblemLoader Loading environment from /home/runner/work/key/key/key.core/../key.ui/examples/heap/vstte10_05_Queue/LinkedList_tail.key.proof 
179316     DEBUG main            d.u.i.k.p.i.AbstractProblemLoader Environment load took 118.5ns 
179317     INFO  main            d.u.i.k.p.i.AbstractProblemLoader Creating init config 
181863     DEBUG main            d.u.i.k.p.i.AbstractProblemLoader Init config took 2.55s 
181904     INFO  main            d.u.i.k.p.i.AbstractProblemLoader Replaying proof LinkedList[LinkedList::tail()].JML normal_behavior operation contract.0 
181999     DEBUG main            d.u.i.k.p.i.IntermediateProofReplayer Proof replay took 92.13ms 
182000     DEBUG main            d.u.i.k.p.r.p.TestFile    ... success: reloaded. 
2324677    INFO  Test worker     d.u.i.k.p.r.RunAllProofsTestUnit Returning from test VSTTE10 
2324678    INFO  Test worker     d.u.i.k.p.r.RunAllProofsTestUnit Running test WeideEtAl 
356        INFO  Timeout watchdog d.u.i.k.p.r.p.ForkedTestFileRunner Timeout watcher launched (2000 secs.) 
363        WARN  main            d.u.i.k.s.ProofSettings   The settings in /home/runner/.key/proof-settings.props are *not* read. 
414        INFO  main            d.u.i.k.p.r.p.TestFile    Now processing file /home/runner/work/key/key/key.core/../key.ui/examples/heap/WeideEtAl_01_AddAndMultiply/AddAndMultiply_add.key 
560        INFO  main            d.u.i.k.p.i.AbstractProblemLoader Loading environment from /home/runner/work/key/key/key.core/../key.ui/examples/heap/WeideEtAl_01_AddAndMultiply/AddAndMultiply_add.key 
579        DEBUG main            d.u.i.k.p.i.AbstractProblemLoader Environment load took 2.56ms 
817        INFO  main            d.u.i.k.p.i.AbstractProblemLoader Creating init config 
1743       DEBUG main            d.u.i.k.j.TypeConverter   No LDT found for Meta 
1744       DEBUG main            d.u.i.k.j.TypeConverter   No LDT found for Meta 
1747       DEBUG main            d.u.i.k.j.TypeConverter   No LDT found for Meta 
1747       DEBUG main            d.u.i.k.j.TypeConverter   No LDT found for Meta 
3122       DEBUG main            d.u.i.k.j.TypeConverter   No LDT found for JavaBigintExpression 
8417       DEBUG main            d.u.i.k.p.i.AbstractProblemLoader Init config took 7.6s 
8542       INFO  main            d.u.i.k.p.i.AbstractProblemLoader Replaying proof AddAndMultiply[AddAndMultiply::add(int,int)].JML normal_behavior operation contract.0 
8577       DEBUG main            d.u.i.k.p.i.IntermediateProofReplayer Proof replay took 36.6ns 
10258      INFO  main            d.u.i.k.p.r.p.TestFile    ... finished proof: closed. 
10414      INFO  main            d.u.i.k.p.i.AbstractProblemLoader Loading environment from /home/runner/work/key/key/key.core/../key.ui/examples/heap/WeideEtAl_01_AddAndMultiply/AddAndMultiply_add.key.proof 
10418      DEBUG main            d.u.i.k.p.i.AbstractProblemLoader Environment load took 4.1ms 
10421      INFO  main            d.u.i.k.p.i.AbstractProblemLoader Creating init config 
13355      DEBUG main            d.u.i.k.p.i.AbstractProblemLoader Init config took 2.93s 
13418      INFO  main            d.u.i.k.p.i.AbstractProblemLoader Replaying proof AddAndMultiply[AddAndMultiply::add(int,int)].JML normal_behavior operation contract.0 
13685      DEBUG main            d.u.i.k.p.i.IntermediateProofReplayer Proof replay took 245.85ms 
13692      DEBUG main            d.u.i.k.p.r.p.TestFile    ... success: reloaded. 
13694      INFO  main            d.u.i.k.p.r.p.TestFile    Now processing file /home/runner/work/key/key/key.core/../key.ui/examples/heap/WeideEtAl_01_AddAndMultiply/AddAndMultiply_mul.key 
13694      INFO  main            d.u.i.k.p.i.AbstractProblemLoader Loading environment from /home/runner/work/key/key/key.core/../key.ui/examples/heap/WeideEtAl_01_AddAndMultiply/AddAndMultiply_mul.key 
13694      DEBUG main            d.u.i.k.p.i.AbstractProblemLoader Environment load took 217.5ns 
13696      INFO  main            d.u.i.k.p.i.AbstractProblemLoader Creating init config 
16447      DEBUG main            d.u.i.k.p.i.AbstractProblemLoader Init config took 2.75s 
16504      INFO  main            d.u.i.k.p.i.AbstractProblemLoader Replaying proof AddAndMultiply[AddAndMultiply::mul(int,int)].JML normal_behavior operation contract.0 
16506      DEBUG main            d.u.i.k.p.i.IntermediateProofReplayer Proof replay took 6.2ns 
17011      INFO  main            d.u.i.k.p.r.p.TestFile    ... finished proof: closed. 
17179      INFO  main            d.u.i.k.p.i.AbstractProblemLoader Loading environment from /home/runner/work/key/key/key.core/../key.ui/examples/heap/WeideEtAl_01_AddAndMultiply/AddAndMultiply_mul.key.proof 
17179      DEBUG main            d.u.i.k.p.i.AbstractProblemLoader Environment load took 425.11ns 
17181      INFO  main            d.u.i.k.p.i.AbstractProblemLoader Creating init config 
19794      DEBUG main            d.u.i.k.p.i.AbstractProblemLoader Init config took 2.61s 
19844      INFO  main            d.u.i.k.p.i.AbstractProblemLoader Replaying proof AddAndMultiply[AddAndMultiply::mul(int,int)].JML normal_behavior operation contract.0 
19954      DEBUG main            d.u.i.k.p.i.IntermediateProofReplayer Proof replay took 105.67ms 
19956      DEBUG main            d.u.i.k.p.r.p.TestFile    ... success: reloaded. 
19957      INFO  main            d.u.i.k.p.r.p.TestFile    Now processing file /home/runner/work/key/key/key.core/../key.ui/examples/heap/WeideEtAl_02_BinarySearch/BinarySearch_search.key 
19958      INFO  main            d.u.i.k.p.i.AbstractProblemLoader Loading environment from /home/runner/work/key/key/key.core/../key.ui/examples/heap/WeideEtAl_02_BinarySearch/BinarySearch_search.key 
19958      DEBUG main            d.u.i.k.p.i.AbstractProblemLoader Environment load took 226.6ns 
19959      INFO  main            d.u.i.k.p.i.AbstractProblemLoader Creating init config 
22580      DEBUG main            d.u.i.k.p.i.AbstractProblemLoader Init config took 2.62s 
22643      INFO  main            d.u.i.k.p.i.AbstractProblemLoader Replaying proof BinarySearch[BinarySearch::search([I,int)].JML normal_behavior operation contract.0 
22648      DEBUG main            d.u.i.k.p.i.IntermediateProofReplayer Proof replay took 7.4ns 
26008      INFO  main            d.u.i.k.p.r.p.TestFile    ... finished proof: closed. 
26210      INFO  main            d.u.i.k.p.i.AbstractProblemLoader Loading environment from /home/runner/work/key/key/key.core/../key.ui/examples/heap/WeideEtAl_02_BinarySearch/BinarySearch_search.key.proof 
26214      DEBUG main            d.u.i.k.p.i.AbstractProblemLoader Environment load took 3.26ms 
26218      INFO  main            d.u.i.k.p.i.AbstractProblemLoader Creating init config 
28787      DEBUG main            d.u.i.k.p.i.AbstractProblemLoader Init config took 2.57s 
28832      INFO  main            d.u.i.k.p.i.AbstractProblemLoader Replaying proof BinarySearch[BinarySearch::search([I,int)].JML normal_behavior operation contract.0 
29334      DEBUG main            d.u.i.k.p.i.IntermediateProofReplayer Proof replay took 485.94ms 
29336      DEBUG main            d.u.i.k.p.r.p.TestFile    ... success: reloaded. 
2354199    INFO  Test worker     d.u.i.k.p.r.RunAllProofsTestUnit Returning from test WeideEtAl 
2354200    INFO  Test worker     d.u.i.k.p.r.RunAllProofsTestUnit Running test arithmetic 
327        INFO  Timeout watchdog d.u.i.k.p.r.p.ForkedTestFileRunner Timeout watcher launched (2000 secs.) 
340        WARN  main            d.u.i.k.s.ProofSettings   The settings in /home/runner/.key/proof-settings.props are *not* read. 
380        INFO  main            d.u.i.k.p.r.p.TestFile    Now processing file /home/runner/work/key/key/key.core/../key.ui/examples/standard_key/arith/binomial1.key 
519        INFO  main            d.u.i.k.p.i.AbstractProblemLoader Loading environment from /home/runner/work/key/key/key.core/../key.ui/examples/standard_key/arith/binomial1.key 
545        DEBUG main            d.u.i.k.p.i.AbstractProblemLoader Environment load took 2.23ms 
784        INFO  main            d.u.i.k.p.i.AbstractProblemLoader Creating init config 
1558       DEBUG main            d.u.i.k.j.TypeConverter   No LDT found for Meta 
1559       DEBUG main            d.u.i.k.j.TypeConverter   No LDT found for Meta 
1560       DEBUG main            d.u.i.k.j.TypeConverter   No LDT found for Meta 
1561       DEBUG main            d.u.i.k.j.TypeConverter   No LDT found for Meta 
2945       DEBUG main            d.u.i.k.j.TypeConverter   No LDT found for JavaBigintExpression 
7889       DEBUG main            d.u.i.k.p.i.AbstractProblemLoader Init config took 7.11s 
7951       INFO  main            d.u.i.k.p.i.AbstractProblemLoader Replaying proof binomial1.key 
7984       DEBUG main            d.u.i.k.p.i.IntermediateProofReplayer Proof replay took 35.2ns 
8252       INFO  main            d.u.i.k.p.r.p.TestFile    ... finished proof: closed. 
8361       INFO  main            d.u.i.k.p.i.AbstractProblemLoader Loading environment from /home/runner/work/key/key/key.core/../key.ui/examples/standard_key/arith/binomial1.key.proof 
8365       DEBUG main            d.u.i.k.p.i.AbstractProblemLoader Environment load took 4.16ms 
8370       INFO  main            d.u.i.k.p.i.AbstractProblemLoader Creating init config 
11230      DEBUG main            d.u.i.k.p.i.AbstractProblemLoader Init config took 2.86s 
11261      INFO  main            d.u.i.k.p.i.AbstractProblemLoader Replaying proof binomial1.key.proof 
11295      DEBUG main            d.u.i.k.p.i.IntermediateProofReplayer Proof replay took 25.55ms 
11310      DEBUG main            d.u.i.k.p.r.p.TestFile    ... success: reloaded. 
11314      INFO  main            d.u.i.k.p.r.p.TestFile    Now processing file /home/runner/work/key/key/key.core/../key.ui/examples/standard_key/arith/binomial2.key 
11314      INFO  main            d.u.i.k.p.i.AbstractProblemLoader Loading environment from /home/runner/work/key/key/key.core/../key.ui/examples/standard_key/arith/binomial2.key 
11315      DEBUG main            d.u.i.k.p.i.AbstractProblemLoader Environment load took 250ns 
11319      INFO  main            d.u.i.k.p.i.AbstractProblemLoader Creating init config 
13992      DEBUG main            d.u.i.k.p.i.AbstractProblemLoader Init config took 2.67s 
14021      INFO  main            d.u.i.k.p.i.AbstractProblemLoader Replaying proof binomial2.key 
14024      DEBUG main            d.u.i.k.p.i.IntermediateProofReplayer Proof replay took 6.8ns 
14127      INFO  main            d.u.i.k.p.r.p.TestFile    ... finished proof: closed. 
14265      INFO  main            d.u.i.k.p.i.AbstractProblemLoader Loading environment from /home/runner/work/key/key/key.core/../key.ui/examples/standard_key/arith/binomial2.key.proof 
14265      DEBUG main            d.u.i.k.p.i.AbstractProblemLoader Environment load took 131.3ns 
14268      INFO  main            d.u.i.k.p.i.AbstractProblemLoader Creating init config 
16825      DEBUG main            d.u.i.k.p.i.AbstractProblemLoader Init config took 2.56s 
16850      INFO  main            d.u.i.k.p.i.AbstractProblemLoader Replaying proof binomial2.key.proof 
16862      DEBUG main            d.u.i.k.p.i.IntermediateProofReplayer Proof replay took 9.47ms 
16863      DEBUG main            d.u.i.k.p.r.p.TestFile    ... success: reloaded. 
16865      INFO  main            d.u.i.k.p.r.p.TestFile    Now processing file /home/runner/work/key/key/key.core/../key.ui/examples/standard_key/arith/check_jdiv.key 
16865      INFO  main            d.u.i.k.p.i.AbstractProblemLoader Loading environment from /home/runner/work/key/key/key.core/../key.ui/examples/standard_key/arith/check_jdiv.key 
16865      DEBUG main            d.u.i.k.p.i.AbstractProblemLoader Environment load took 217.1ns 
16867      INFO  main            d.u.i.k.p.i.AbstractProblemLoader Creating init config 
19433      DEBUG main            d.u.i.k.p.i.AbstractProblemLoader Init config took 2.57s 
19454      INFO  main            d.u.i.k.p.i.AbstractProblemLoader Replaying proof check_jdiv.key 
19457      DEBUG main            d.u.i.k.p.i.IntermediateProofReplayer Proof replay took 6ns 
24781      INFO  main            d.u.i.k.p.r.p.TestFile    ... finished proof: closed. 
24986      INFO  main            d.u.i.k.p.i.AbstractProblemLoader Loading environment from /home/runner/work/key/key/key.core/../key.ui/examples/standard_key/arith/check_jdiv.key.proof 
24987      DEBUG main            d.u.i.k.p.i.AbstractProblemLoader Environment load took 910.51ns 
24992      INFO  main            d.u.i.k.p.i.AbstractProblemLoader Creating init config 
27504      DEBUG main            d.u.i.k.p.i.AbstractProblemLoader Init config took 2.51s 
27525      INFO  main            d.u.i.k.p.i.AbstractProblemLoader Replaying proof check_jdiv.key.proof 
27874      DEBUG main            d.u.i.k.p.i.IntermediateProofReplayer Proof replay took 315.49ms 
27876      DEBUG main            d.u.i.k.p.r.p.TestFile    ... success: reloaded. 
27877      INFO  main            d.u.i.k.p.r.p.TestFile    Now processing file /home/runner/work/key/key/key.core/../key.ui/examples/standard_key/arith/check_jdiv_concrete.key 
27878      INFO  main            d.u.i.k.p.i.AbstractProblemLoader Loading environment from /home/runner/work/key/key/key.core/../key.ui/examples/standard_key/arith/check_jdiv_concrete.key 
27878      DEBUG main            d.u.i.k.p.i.AbstractProblemLoader Environment load took 226.1ns 
27880      INFO  main            d.u.i.k.p.i.AbstractProblemLoader Creating init config 
30399      DEBUG main            d.u.i.k.p.i.AbstractProblemLoader Init config took 2.52s 
30437      INFO  main            d.u.i.k.p.i.AbstractProblemLoader Replaying proof check_jdiv_concrete.key 
30439      DEBUG main            d.u.i.k.p.i.IntermediateProofReplayer Proof replay took 6.5ns 
30543      INFO  main            d.u.i.k.p.r.p.TestFile    ... finished proof: closed. 
30716      INFO  main            d.u.i.k.p.i.AbstractProblemLoader Loading environment from /home/runner/work/key/key/key.core/../key.ui/examples/standard_key/arith/check_jdiv_concrete.key.proof 
30716      DEBUG main            d.u.i.k.p.i.AbstractProblemLoader Environment load took 131.9ns 
30717      INFO  main            d.u.i.k.p.i.AbstractProblemLoader Creating init config 
33158      DEBUG main            d.u.i.k.p.i.AbstractProblemLoader Init config took 2.44s 
33178      INFO  main            d.u.i.k.p.i.AbstractProblemLoader Replaying proof check_jdiv_concrete.key.proof 
33184      DEBUG main            d.u.i.k.p.i.IntermediateProofReplayer Proof replay took 3.44ms 
33185      DEBUG main            d.u.i.k.p.r.p.TestFile    ... success: reloaded. 
33187      INFO  main            d.u.i.k.p.r.p.TestFile    Now processing file /home/runner/work/key/key/key.core/../key.ui/examples/standard_key/arith/check_jdiv_instantiated.key 
33187      INFO  main            d.u.i.k.p.i.AbstractProblemLoader Loading environment from /home/runner/work/key/key/key.core/../key.ui/examples/standard_key/arith/check_jdiv_instantiated.key 
33187      DEBUG main            d.u.i.k.p.i.AbstractProblemLoader Environment load took 218.4ns 
33189      INFO  main            d.u.i.k.p.i.AbstractProblemLoader Creating init config 
35694      DEBUG main            d.u.i.k.p.i.AbstractProblemLoader Init config took 2.5s 
35715      INFO  main            d.u.i.k.p.i.AbstractProblemLoader Replaying proof check_jdiv_instantiated.key 
35718      DEBUG main            d.u.i.k.p.i.IntermediateProofReplayer Proof replay took 6.7ns 
39073      INFO  main            d.u.i.k.p.r.p.TestFile    ... finished proof: closed. 
39302      INFO  main            d.u.i.k.p.i.AbstractProblemLoader Loading environment from /home/runner/work/key/key/key.core/../key.ui/examples/standard_key/arith/check_jdiv_instantiated.key.proof 
39303      DEBUG main            d.u.i.k.p.i.AbstractProblemLoader Environment load took 493.11ns 
39305      INFO  main            d.u.i.k.p.i.AbstractProblemLoader Creating init config 
41801      DEBUG main            d.u.i.k.p.i.AbstractProblemLoader Init config took 2.5s 
41822      INFO  main            d.u.i.k.p.i.AbstractProblemLoader Replaying proof check_jdiv_instantiated.key.proof 
42070      DEBUG main            d.u.i.k.p.i.IntermediateProofReplayer Proof replay took 223.46ms 
42073      DEBUG main            d.u.i.k.p.r.p.TestFile    ... success: reloaded. 
42075      INFO  main            d.u.i.k.p.r.p.TestFile    Now processing file /home/runner/work/key/key/key.core/../key.ui/examples/standard_key/arith/check_jmod.key 
42075      INFO  main            d.u.i.k.p.i.AbstractProblemLoader Loading environment from /home/runner/work/key/key/key.core/../key.ui/examples/standard_key/arith/check_jmod.key 
42075      DEBUG main            d.u.i.k.p.i.AbstractProblemLoader Environment load took 275ns 
42076      INFO  main            d.u.i.k.p.i.AbstractProblemLoader Creating init config 
44578      DEBUG main            d.u.i.k.p.i.AbstractProblemLoader Init config took 2.5s 
44600      INFO  main            d.u.i.k.p.i.AbstractProblemLoader Replaying proof check_jmod.key 
44603      DEBUG main            d.u.i.k.p.i.IntermediateProofReplayer Proof replay took 6.5ns 
45109      INFO  main            d.u.i.k.p.r.p.TestFile    ... finished proof: closed. 
45343      INFO  main            d.u.i.k.p.i.AbstractProblemLoader Loading environment from /home/runner/work/key/key/key.core/../key.ui/examples/standard_key/arith/check_jmod.key.proof 
45343      DEBUG main            d.u.i.k.p.i.AbstractProblemLoader Environment load took 451.31ns 
45345      INFO  main            d.u.i.k.p.i.AbstractProblemLoader Creating init config 
47745      DEBUG main            d.u.i.k.p.i.AbstractProblemLoader Init config took 2.4s 
47763      INFO  main            d.u.i.k.p.i.AbstractProblemLoader Replaying proof check_jmod.key.proof 
47812      DEBUG main            d.u.i.k.p.i.IntermediateProofReplayer Proof replay took 42.17ms 
47814      DEBUG main            d.u.i.k.p.r.p.TestFile    ... success: reloaded. 
47818      INFO  main            d.u.i.k.p.r.p.TestFile    Now processing file /home/runner/work/key/key/key.core/../key.ui/examples/standard_key/arith/complexExpressions.key 
47819      INFO  main            d.u.i.k.p.i.AbstractProblemLoader Loading environment from /home/runner/work/key/key/key.core/../key.ui/examples/standard_key/arith/complexExpressions.key 
47819      DEBUG main            d.u.i.k.p.i.AbstractProblemLoader Environment load took 238.1ns 
47820      INFO  main            d.u.i.k.p.i.AbstractProblemLoader Creating init config 
50343      DEBUG main            d.u.i.k.p.i.AbstractProblemLoader Init config took 2.52s 
50364      INFO  main            d.u.i.k.p.i.AbstractProblemLoader Replaying proof complexExpressions.key 
50367      DEBUG main            d.u.i.k.p.i.IntermediateProofReplayer Proof replay took 6.9ns 
50573      INFO  main            d.u.i.k.p.r.p.TestFile    ... finished proof: closed. 
50791      INFO  main            d.u.i.k.p.i.AbstractProblemLoader Loading environment from /home/runner/work/key/key/key.core/../key.ui/examples/standard_key/arith/complexExpressions.key.proof 
50791      DEBUG main            d.u.i.k.p.i.AbstractProblemLoader Environment load took 122.1ns 
50794      INFO  main            d.u.i.k.p.i.AbstractProblemLoader Creating init config 
53229      DEBUG main            d.u.i.k.p.i.AbstractProblemLoader Init config took 2.44s 
53248      INFO  main            d.u.i.k.p.i.AbstractProblemLoader Replaying proof complexExpressions.key.proof 
53259      DEBUG main            d.u.i.k.p.i.IntermediateProofReplayer Proof replay took 8.98ms 
53260      DEBUG main            d.u.i.k.p.r.p.TestFile    ... success: reloaded. 
53261      INFO  main            d.u.i.k.p.r.p.TestFile    Now processing file /home/runner/work/key/key/key.core/../key.ui/examples/standard_key/arith/compound_unaryMinus.key 
53261      INFO  main            d.u.i.k.p.i.AbstractProblemLoader Loading environment from /home/runner/work/key/key/key.core/../key.ui/examples/standard_key/arith/compound_unaryMinus.key 
53261      DEBUG main            d.u.i.k.p.i.AbstractProblemLoader Environment load took 97.2ns 
53262      INFO  main            d.u.i.k.p.i.AbstractProblemLoader Creating init config 
55744      DEBUG main            d.u.i.k.p.i.AbstractProblemLoader Init config took 2.48s 
55766      INFO  main            d.u.i.k.p.i.AbstractProblemLoader Replaying proof compound_unaryMinus.key 
55769      DEBUG main            d.u.i.k.p.i.IntermediateProofReplayer Proof replay took 8.5ns 
55871      INFO  main            d.u.i.k.p.r.p.TestFile    ... finished proof: closed. 
56056      INFO  main            d.u.i.k.p.i.AbstractProblemLoader Loading environment from /home/runner/work/key/key/key.core/../key.ui/examples/standard_key/arith/compound_unaryMinus.key.proof 
56056      DEBUG main            d.u.i.k.p.i.AbstractProblemLoader Environment load took 119.3ns 
56057      INFO  main            d.u.i.k.p.i.AbstractProblemLoader Creating init config 
58494      DEBUG main            d.u.i.k.p.i.AbstractProblemLoader Init config took 2.44s 
58512      INFO  main            d.u.i.k.p.i.AbstractProblemLoader Replaying proof compound_unaryMinus.key.proof 
58517      DEBUG main            d.u.i.k.p.i.IntermediateProofReplayer Proof replay took 3.58ms 
58518      DEBUG main            d.u.i.k.p.r.p.TestFile    ... success: reloaded. 
58519      INFO  main            d.u.i.k.p.r.p.TestFile    Now processing file /home/runner/work/key/key/key.core/../key.ui/examples/standard_key/arith/computation.key 
58519      INFO  main            d.u.i.k.p.i.AbstractProblemLoader Loading environment from /home/runner/work/key/key/key.core/../key.ui/examples/standard_key/arith/computation.key 
58520      DEBUG main            d.u.i.k.p.i.AbstractProblemLoader Environment load took 252ns 
58521      INFO  main            d.u.i.k.p.i.AbstractProblemLoader Creating init config 
60998      DEBUG main            d.u.i.k.p.i.AbstractProblemLoader Init config took 2.48s 
61019      INFO  main            d.u.i.k.p.i.AbstractProblemLoader Replaying proof computation.key 
61023      DEBUG main            d.u.i.k.p.i.IntermediateProofReplayer Proof replay took 7.3ns 
62529      INFO  main            d.u.i.k.p.r.p.TestFile    ... finished proof: closed. 
62772      INFO  main            d.u.i.k.p.i.AbstractProblemLoader Loading environment from /home/runner/work/key/key/key.core/../key.ui/examples/standard_key/arith/computation.key.proof 
62773      DEBUG main            d.u.i.k.p.i.AbstractProblemLoader Environment load took 831.21ns 
62775      INFO  main            d.u.i.k.p.i.AbstractProblemLoader Creating init config 
65161      DEBUG main            d.u.i.k.p.i.AbstractProblemLoader Init config took 2.39s 
65180      INFO  main            d.u.i.k.p.i.AbstractProblemLoader Replaying proof computation.key.proof 
65332      DEBUG main            d.u.i.k.p.i.IntermediateProofReplayer Proof replay took 147.18ms 
65333      DEBUG main            d.u.i.k.p.r.p.TestFile    ... success: reloaded. 
65335      INFO  main            d.u.i.k.p.r.p.TestFile    Now processing file /home/runner/work/key/key/key.core/../key.ui/examples/standard_key/arith/cubicSum.key 
65335      INFO  main            d.u.i.k.p.i.AbstractProblemLoader Loading environment from /home/runner/work/key/key/key.core/../key.ui/examples/standard_key/arith/cubicSum.key 
65335      DEBUG main            d.u.i.k.p.i.AbstractProblemLoader Environment load took 242.5ns 
65338      INFO  main            d.u.i.k.p.i.AbstractProblemLoader Creating init config 
67964      DEBUG main            d.u.i.k.p.i.AbstractProblemLoader Init config took 2.63s 
67982      INFO  main            d.u.i.k.p.i.AbstractProblemLoader Replaying proof cubicSum.key 
67984      DEBUG main            d.u.i.k.p.i.IntermediateProofReplayer Proof replay took 6.8ns 
68894      INFO  main            d.u.i.k.p.r.p.TestFile    ... finished proof: closed. 
69312      INFO  main            d.u.i.k.p.i.AbstractProblemLoader Loading environment from /home/runner/work/key/key/key.core/../key.ui/examples/standard_key/arith/cubicSum.key.proof 
69313      DEBUG main            d.u.i.k.p.i.AbstractProblemLoader Environment load took 472.31ns 
69315      INFO  main            d.u.i.k.p.i.AbstractProblemLoader Creating init config 
71833      DEBUG main            d.u.i.k.p.i.AbstractProblemLoader Init config took 2.52s 
71852      INFO  main            d.u.i.k.p.i.AbstractProblemLoader Replaying proof cubicSum.key.proof 
72043      DEBUG main            d.u.i.k.p.i.IntermediateProofReplayer Proof replay took 185.98ms 
72044      DEBUG main            d.u.i.k.p.r.p.TestFile    ... success: reloaded. 
72045      INFO  main            d.u.i.k.p.r.p.TestFile    Now processing file /home/runner/work/key/key/key.core/../key.ui/examples/standard_key/arith/divByZero.key 
72046      INFO  main            d.u.i.k.p.i.AbstractProblemLoader Loading environment from /home/runner/work/key/key/key.core/../key.ui/examples/standard_key/arith/divByZero.key 
72046      DEBUG main            d.u.i.k.p.i.AbstractProblemLoader Environment load took 232.3ns 
72047      INFO  main            d.u.i.k.p.i.AbstractProblemLoader Creating init config 
74579      DEBUG main            d.u.i.k.p.i.AbstractProblemLoader Init config took 2.53s 
74596      INFO  main            d.u.i.k.p.i.AbstractProblemLoader Replaying proof divByZero.key 
74598      DEBUG main            d.u.i.k.p.i.IntermediateProofReplayer Proof replay took 6.5ns 
74801      INFO  main            d.u.i.k.p.r.p.TestFile    ... finished proof: closed. 
75073      INFO  main            d.u.i.k.p.i.AbstractProblemLoader Loading environment from /home/runner/work/key/key/key.core/../key.ui/examples/standard_key/arith/divByZero.key.proof 
75073      DEBUG main            d.u.i.k.p.i.AbstractProblemLoader Environment load took 122.8ns 
75075      INFO  main            d.u.i.k.p.i.AbstractProblemLoader Creating init config 
77474      DEBUG main            d.u.i.k.p.i.AbstractProblemLoader Init config took 2.4s 
77490      INFO  main            d.u.i.k.p.i.AbstractProblemLoader Replaying proof divByZero.key.proof 
77536      DEBUG main            d.u.i.k.p.i.IntermediateProofReplayer Proof replay took 43.61ms 
77537      DEBUG main            d.u.i.k.p.r.p.TestFile    ... success: reloaded. 
77539      INFO  main            d.u.i.k.p.r.p.TestFile    Now processing file /home/runner/work/key/key/key.core/../key.ui/examples/standard_key/arith/divisionAssoc.key 
77539      INFO  main            d.u.i.k.p.i.AbstractProblemLoader Loading environment from /home/runner/work/key/key/key.core/../key.ui/examples/standard_key/arith/divisionAssoc.key 
77539      DEBUG main            d.u.i.k.p.i.AbstractProblemLoader Environment load took 155.2ns 
77540      INFO  main            d.u.i.k.p.i.AbstractProblemLoader Creating init config 
79998      DEBUG main            d.u.i.k.p.i.AbstractProblemLoader Init config took 2.46s 
80018      INFO  main            d.u.i.k.p.i.AbstractProblemLoader Replaying proof divisionAssoc.key 
80020      DEBUG main            d.u.i.k.p.i.IntermediateProofReplayer Proof replay took 6.5ns 
80748      INFO  main            d.u.i.k.p.r.p.TestFile    ... finished proof: closed. 
80971      INFO  main            d.u.i.k.p.i.AbstractProblemLoader Loading environment from /home/runner/work/key/key/key.core/../key.ui/examples/standard_key/arith/divisionAssoc.key.proof 
80972      DEBUG main            d.u.i.k.p.i.AbstractProblemLoader Environment load took 624.21ns 
80973      INFO  main            d.u.i.k.p.i.AbstractProblemLoader Creating init config 
83358      DEBUG main            d.u.i.k.p.i.AbstractProblemLoader Init config took 2.38s 
83374      INFO  main            d.u.i.k.p.i.AbstractProblemLoader Replaying proof divisionAssoc.key.proof 
83419      DEBUG main            d.u.i.k.p.i.IntermediateProofReplayer Proof replay took 41.1ms 
83421      DEBUG main            d.u.i.k.p.r.p.TestFile    ... success: reloaded. 
83422      INFO  main            d.u.i.k.p.r.p.TestFile    Now processing file /home/runner/work/key/key/key.core/../key.ui/examples/standard_key/arith/divisionBy2.key 
83422      INFO  main            d.u.i.k.p.i.AbstractProblemLoader Loading environment from /home/runner/work/key/key/key.core/../key.ui/examples/standard_key/arith/divisionBy2.key 
83423      DEBUG main            d.u.i.k.p.i.AbstractProblemLoader Environment load took 220.3ns 
83424      INFO  main            d.u.i.k.p.i.AbstractProblemLoader Creating init config 
85820      DEBUG main            d.u.i.k.p.i.AbstractProblemLoader Init config took 2.4s 
85841      INFO  main            d.u.i.k.p.i.AbstractProblemLoader Replaying proof divisionBy2.key 
85843      DEBUG main            d.u.i.k.p.i.IntermediateProofReplayer Proof replay took 6.3ns 
85946      INFO  main            d.u.i.k.p.r.p.TestFile    ... finished proof: closed. 
86160      INFO  main            d.u.i.k.p.i.AbstractProblemLoader Loading environment from /home/runner/work/key/key/key.core/../key.ui/examples/standard_key/arith/divisionBy2.key.proof 
86160      DEBUG main            d.u.i.k.p.i.AbstractProblemLoader Environment load took 123.1ns 
86161      INFO  main            d.u.i.k.p.i.AbstractProblemLoader Creating init config 
88531      DEBUG main            d.u.i.k.p.i.AbstractProblemLoader Init config took 2.37s 
88546      INFO  main            d.u.i.k.p.i.AbstractProblemLoader Replaying proof divisionBy2.key.proof 
88553      DEBUG main            d.u.i.k.p.i.IntermediateProofReplayer Proof replay took 5.15ms 
88554      DEBUG main            d.u.i.k.p.r.p.TestFile    ... success: reloaded. 
88555      INFO  main            d.u.i.k.p.r.p.TestFile    Now processing file /home/runner/work/key/key/key.core/../key.ui/examples/standard_key/arith/euclidean/gcdHelp-post.key 
88555      INFO  main            d.u.i.k.p.i.AbstractProblemLoader Loading environment from /home/runner/work/key/key/key.core/../key.ui/examples/standard_key/arith/euclidean/gcdHelp-post.key 
88555      DEBUG main            d.u.i.k.p.i.AbstractProblemLoader Environment load took 205.7ns 
88557      INFO  main            d.u.i.k.p.i.AbstractProblemLoader Creating init config 
91095      DEBUG main            d.u.i.k.p.i.AbstractProblemLoader Init config took 2.54s 
91111      INFO  main            d.u.i.k.p.i.AbstractProblemLoader Replaying proof gcdHelp-post.key 
91113      DEBUG main            d.u.i.k.p.i.IntermediateProofReplayer Proof replay took 6.5ns 
94418      INFO  main            d.u.i.k.p.r.p.TestFile    ... finished proof: closed. 
94651      INFO  main            d.u.i.k.p.i.AbstractProblemLoader Loading environment from /home/runner/work/key/key/key.core/../key.ui/examples/standard_key/arith/euclidean/gcdHelp-post.key.proof 
94652      DEBUG main            d.u.i.k.p.i.AbstractProblemLoader Environment load took 461.01ns 
94654      INFO  main            d.u.i.k.p.i.AbstractProblemLoader Creating init config 
97084      DEBUG main            d.u.i.k.p.i.AbstractProblemLoader Init config took 2.43s 
97112      INFO  main            d.u.i.k.p.i.AbstractProblemLoader Replaying proof gcdHelp-post.key.proof 
97350      DEBUG main            d.u.i.k.p.i.IntermediateProofReplayer Proof replay took 227.95ms 
97351      DEBUG main            d.u.i.k.p.r.p.TestFile    ... success: reloaded. 
97354      INFO  main            d.u.i.k.p.r.p.TestFile    Now processing file /home/runner/work/key/key/key.core/../key.ui/examples/standard_key/arith/gemplusDecimal/add.key 
97354      INFO  main            d.u.i.k.p.i.AbstractProblemLoader Loading environment from /home/runner/work/key/key/key.core/../key.ui/examples/standard_key/arith/gemplusDecimal/add.key 
97355      DEBUG main            d.u.i.k.p.i.AbstractProblemLoader Environment load took 241.4ns 
97357      INFO  main            d.u.i.k.p.i.AbstractProblemLoader Creating init config 
99966      DEBUG main            d.u.i.k.p.i.AbstractProblemLoader Init config took 2.61s 
99984      INFO  main            d.u.i.k.p.i.AbstractProblemLoader Replaying proof add.key 
99986      DEBUG main            d.u.i.k.p.i.IntermediateProofReplayer Proof replay took 7.2ns 
142508     INFO  main            d.u.i.k.p.r.p.TestFile    ... finished proof: closed. 
142881     INFO  main            d.u.i.k.p.i.AbstractProblemLoader Loading environment from /home/runner/work/key/key/key.core/../key.ui/examples/standard_key/arith/gemplusDecimal/add.key.proof 
142881     DEBUG main            d.u.i.k.p.i.AbstractProblemLoader Environment load took 207.6ns 
142891     INFO  main            d.u.i.k.p.i.AbstractProblemLoader Creating init config 
145305     DEBUG main            d.u.i.k.p.i.AbstractProblemLoader Init config took 2.41s 
145322     INFO  main            d.u.i.k.p.i.AbstractProblemLoader Replaying proof add.key.proof 
149188     DEBUG main            d.u.i.k.p.i.IntermediateProofReplayer Proof replay took 3.75s 
149196     DEBUG main            d.u.i.k.p.r.p.TestFile    ... success: reloaded. 
149198     INFO  main            d.u.i.k.p.r.p.TestFile    Now processing file /home/runner/work/key/key/key.core/../key.ui/examples/standard_key/arith/jdivevenodd.key 
149198     INFO  main            d.u.i.k.p.i.AbstractProblemLoader Loading environment from /home/runner/work/key/key/key.core/../key.ui/examples/standard_key/arith/jdivevenodd.key 
149198     DEBUG main            d.u.i.k.p.i.AbstractProblemLoader Environment load took 231.3ns 
149200     INFO  main            d.u.i.k.p.i.AbstractProblemLoader Creating init config 
151661     DEBUG main            d.u.i.k.p.i.AbstractProblemLoader Init config took 2.46s 
151675     INFO  main            d.u.i.k.p.i.AbstractProblemLoader Replaying proof jdivevenodd.key 
151677     DEBUG main            d.u.i.k.p.i.IntermediateProofReplayer Proof replay took 6.1ns 
151880     INFO  main            d.u.i.k.p.r.p.TestFile    ... finished proof: closed. 
152230     INFO  main            d.u.i.k.p.i.AbstractProblemLoader Loading environment from /home/runner/work/key/key/key.core/../key.ui/examples/standard_key/arith/jdivevenodd.key.proof 
152230     DEBUG main            d.u.i.k.p.i.AbstractProblemLoader Environment load took 129.6ns 
152234     INFO  main            d.u.i.k.p.i.AbstractProblemLoader Creating init config 
154558     DEBUG main            d.u.i.k.p.i.AbstractProblemLoader Init config took 2.32s 
154572     INFO  main            d.u.i.k.p.i.AbstractProblemLoader Replaying proof jdivevenodd.key.proof 
154589     DEBUG main            d.u.i.k.p.i.IntermediateProofReplayer Proof replay took 14.56ms 
154591     DEBUG main            d.u.i.k.p.r.p.TestFile    ... success: reloaded. 
154592     INFO  main            d.u.i.k.p.r.p.TestFile    Now processing file /home/runner/work/key/key/key.core/../key.ui/examples/standard_key/arith/median.key 
154593     INFO  main            d.u.i.k.p.i.AbstractProblemLoader Loading environment from /home/runner/work/key/key/key.core/../key.ui/examples/standard_key/arith/median.key 
154593     DEBUG main            d.u.i.k.p.i.AbstractProblemLoader Environment load took 116.7ns 
154594     INFO  main            d.u.i.k.p.i.AbstractProblemLoader Creating init config 
156974     DEBUG main            d.u.i.k.p.i.AbstractProblemLoader Init config took 2.38s 
156989     INFO  main            d.u.i.k.p.i.AbstractProblemLoader Replaying proof median.key 
156991     DEBUG main            d.u.i.k.p.i.IntermediateProofReplayer Proof replay took 6.6ns 
172478     INFO  main            d.u.i.k.p.r.p.TestFile    ... finished proof: closed. 
172801     INFO  main            d.u.i.k.p.i.AbstractProblemLoader Loading environment from /home/runner/work/key/key/key.core/../key.ui/examples/standard_key/arith/median.key.proof 
172805     DEBUG main            d.u.i.k.p.i.AbstractProblemLoader Environment load took 5.42ms 
172810     INFO  main            d.u.i.k.p.i.AbstractProblemLoader Creating init config 
175123     DEBUG main            d.u.i.k.p.i.AbstractProblemLoader Init config took 2.31s 
175139     INFO  main            d.u.i.k.p.i.AbstractProblemLoader Replaying proof median.key.proof 
176301     DEBUG main            d.u.i.k.p.i.IntermediateProofReplayer Proof replay took 1.09s 
176305     DEBUG main            d.u.i.k.p.r.p.TestFile    ... success: reloaded. 
176306     INFO  main            d.u.i.k.p.r.p.TestFile    Now processing file /home/runner/work/key/key/key.core/../key.ui/examples/standard_key/arith/mod1.key 
176306     INFO  main            d.u.i.k.p.i.AbstractProblemLoader Loading environment from /home/runner/work/key/key/key.core/../key.ui/examples/standard_key/arith/mod1.key 
176307     DEBUG main            d.u.i.k.p.i.AbstractProblemLoader Environment load took 204.4ns 
176308     INFO  main            d.u.i.k.p.i.AbstractProblemLoader Creating init config 
178701     DEBUG main            d.u.i.k.p.i.AbstractProblemLoader Init config took 2.39s 
178715     INFO  main            d.u.i.k.p.i.AbstractProblemLoader Replaying proof mod1.key 
178717     DEBUG main            d.u.i.k.p.i.IntermediateProofReplayer Proof replay took 7.5ns 
178819     INFO  main            d.u.i.k.p.r.p.TestFile    ... finished proof: closed. 
179117     INFO  main            d.u.i.k.p.i.AbstractProblemLoader Loading environment from /home/runner/work/key/key/key.core/../key.ui/examples/standard_key/arith/mod1.key.proof 
179117     DEBUG main            d.u.i.k.p.i.AbstractProblemLoader Environment load took 103ns 
179118     INFO  main            d.u.i.k.p.i.AbstractProblemLoader Creating init config 
181466     DEBUG main            d.u.i.k.p.i.AbstractProblemLoader Init config took 2.35s 
181479     INFO  main            d.u.i.k.p.i.AbstractProblemLoader Replaying proof mod1.key.proof 
181483     DEBUG main            d.u.i.k.p.i.IntermediateProofReplayer Proof replay took 2.21ms 
181484     DEBUG main            d.u.i.k.p.r.p.TestFile    ... success: reloaded. 
181484     INFO  main            d.u.i.k.p.r.p.TestFile    Now processing file /home/runner/work/key/key/key.core/../key.ui/examples/standard_key/arith/mod2.key 
181485     INFO  main            d.u.i.k.p.i.AbstractProblemLoader Loading environment from /home/runner/work/key/key/key.core/../key.ui/examples/standard_key/arith/mod2.key 
181485     DEBUG main            d.u.i.k.p.i.AbstractProblemLoader Environment load took 88.8ns 
181486     INFO  main            d.u.i.k.p.i.AbstractProblemLoader Creating init config 
183846     DEBUG main            d.u.i.k.p.i.AbstractProblemLoader Init config took 2.36s 
183860     INFO  main            d.u.i.k.p.i.AbstractProblemLoader Replaying proof mod2.key 
183863     DEBUG main            d.u.i.k.p.i.IntermediateProofReplayer Proof replay took 6.8ns 
183965     INFO  main            d.u.i.k.p.r.p.TestFile    ... finished proof: closed. 
184192     INFO  main            d.u.i.k.p.i.AbstractProblemLoader Loading environment from /home/runner/work/key/key/key.core/../key.ui/examples/standard_key/arith/mod2.key.proof 
184193     DEBUG main            d.u.i.k.p.i.AbstractProblemLoader Environment load took 96.5ns 
184193     INFO  main            d.u.i.k.p.i.AbstractProblemLoader Creating init config 
186519     DEBUG main            d.u.i.k.p.i.AbstractProblemLoader Init config took 2.33s 
186534     INFO  main            d.u.i.k.p.i.AbstractProblemLoader Replaying proof mod2.key.proof 
186537     DEBUG main            d.u.i.k.p.i.IntermediateProofReplayer Proof replay took 1.93ms 
186538     DEBUG main            d.u.i.k.p.r.p.TestFile    ... success: reloaded. 
186538     INFO  main            d.u.i.k.p.r.p.TestFile    Now processing file /home/runner/work/key/key/key.core/../key.ui/examples/standard_key/arith/mod7.key 
186539     INFO  main            d.u.i.k.p.i.AbstractProblemLoader Loading environment from /home/runner/work/key/key/key.core/../key.ui/examples/standard_key/arith/mod7.key 
186539     DEBUG main            d.u.i.k.p.i.AbstractProblemLoader Environment load took 106.7ns 
186540     INFO  main            d.u.i.k.p.i.AbstractProblemLoader Creating init config 
188870     DEBUG main            d.u.i.k.p.i.AbstractProblemLoader Init config took 2.33s 
188883     INFO  main            d.u.i.k.p.i.AbstractProblemLoader Replaying proof mod7.key 
188884     DEBUG main            d.u.i.k.p.i.IntermediateProofReplayer Proof replay took 6.6ns 
188987     INFO  main            d.u.i.k.p.r.p.TestFile    ... finished proof: closed. 
189212     INFO  main            d.u.i.k.p.i.AbstractProblemLoader Loading environment from /home/runner/work/key/key/key.core/../key.ui/examples/standard_key/arith/mod7.key.proof 
189212     DEBUG main            d.u.i.k.p.i.AbstractProblemLoader Environment load took 118.8ns 
189213     INFO  main            d.u.i.k.p.i.AbstractProblemLoader Creating init config 
191531     DEBUG main            d.u.i.k.p.i.AbstractProblemLoader Init config took 2.32s 
191544     INFO  main            d.u.i.k.p.i.AbstractProblemLoader Replaying proof mod7.key.proof 
191552     DEBUG main            d.u.i.k.p.i.IntermediateProofReplayer Proof replay took 5.13ms 
191552     DEBUG main            d.u.i.k.p.r.p.TestFile    ... success: reloaded. 
191553     INFO  main            d.u.i.k.p.r.p.TestFile    Now processing file /home/runner/work/key/key/key.core/../key.ui/examples/standard_key/arith/overflow_hija.key 
191553     INFO  main            d.u.i.k.p.i.AbstractProblemLoader Loading environment from /home/runner/work/key/key/key.core/../key.ui/examples/standard_key/arith/overflow_hija.key 
191553     DEBUG main            d.u.i.k.p.i.AbstractProblemLoader Environment load took 68.4ns 
191555     INFO  main            d.u.i.k.p.i.AbstractProblemLoader Creating init config 
193930     DEBUG main            d.u.i.k.p.i.AbstractProblemLoader Init config took 2.37s 
193948     INFO  main            d.u.i.k.p.i.AbstractProblemLoader Replaying proof overflow_hija.key 
193950     DEBUG main            d.u.i.k.p.i.IntermediateProofReplayer Proof replay took 6.2ns 
198487     INFO  main            d.u.i.k.p.r.p.TestFile    ... finished proof: closed. 
198778     INFO  main            d.u.i.k.p.i.AbstractProblemLoader Loading environment from /home/runner/work/key/key/key.core/../key.ui/examples/standard_key/arith/overflow_hija.key.proof 
198778     DEBUG main            d.u.i.k.p.i.AbstractProblemLoader Environment load took 429.51ns 
198781     INFO  main            d.u.i.k.p.i.AbstractProblemLoader Creating init config 
201103     DEBUG main            d.u.i.k.p.i.AbstractProblemLoader Init config took 2.32s 
201121     INFO  main            d.u.i.k.p.i.AbstractProblemLoader Replaying proof overflow_hija.key.proof 
201477     DEBUG main            d.u.i.k.p.i.IntermediateProofReplayer Proof replay took 346.68ms 
201479     DEBUG main            d.u.i.k.p.r.p.TestFile    ... success: reloaded. 
201480     INFO  main            d.u.i.k.p.r.p.TestFile    Now processing file /home/runner/work/key/key/key.core/../key.ui/examples/standard_key/arith/poly_division0.key 
201480     INFO  main            d.u.i.k.p.i.AbstractProblemLoader Loading environment from /home/runner/work/key/key/key.core/../key.ui/examples/standard_key/arith/poly_division0.key 
201480     DEBUG main            d.u.i.k.p.i.AbstractProblemLoader Environment load took 93.3ns 
201481     INFO  main            d.u.i.k.p.i.AbstractProblemLoader Creating init config 
203890     DEBUG main            d.u.i.k.p.i.AbstractProblemLoader Init config took 2.41s 
203903     INFO  main            d.u.i.k.p.i.AbstractProblemLoader Replaying proof poly_division0.key 
203905     DEBUG main            d.u.i.k.p.i.IntermediateProofReplayer Proof replay took 7.1ns 
204011     INFO  main            d.u.i.k.p.r.p.TestFile    ... finished proof: closed. 
204314     INFO  main            d.u.i.k.p.i.AbstractProblemLoader Loading environment from /home/runner/work/key/key/key.core/../key.ui/examples/standard_key/arith/poly_division0.key.proof 
204314     DEBUG main            d.u.i.k.p.i.AbstractProblemLoader Environment load took 109.2ns 
204316     INFO  main            d.u.i.k.p.i.AbstractProblemLoader Creating init config 
206621     DEBUG main            d.u.i.k.p.i.AbstractProblemLoader Init config took 2.31s 
206635     INFO  main            d.u.i.k.p.i.AbstractProblemLoader Replaying proof poly_division0.key.proof 
206645     DEBUG main            d.u.i.k.p.i.IntermediateProofReplayer Proof replay took 7.44ms 
206646     DEBUG main            d.u.i.k.p.r.p.TestFile    ... success: reloaded. 
206648     INFO  main            d.u.i.k.p.r.p.TestFile    Now processing file /home/runner/work/key/key/key.core/../key.ui/examples/standard_key/arith/poly_division1.key 
206649     INFO  main            d.u.i.k.p.i.AbstractProblemLoader Loading environment from /home/runner/work/key/key/key.core/../key.ui/examples/standard_key/arith/poly_division1.key 
206649     DEBUG main            d.u.i.k.p.i.AbstractProblemLoader Environment load took 94.9ns 
206650     INFO  main            d.u.i.k.p.i.AbstractProblemLoader Creating init config 
209012     DEBUG main            d.u.i.k.p.i.AbstractProblemLoader Init config took 2.36s 
209025     INFO  main            d.u.i.k.p.i.AbstractProblemLoader Replaying proof poly_division1.key 
209027     DEBUG main            d.u.i.k.p.i.IntermediateProofReplayer Proof replay took 7.4ns 
209136     INFO  main            d.u.i.k.p.r.p.TestFile    ... finished proof: closed. 
209400     INFO  main            d.u.i.k.p.i.AbstractProblemLoader Loading environment from /home/runner/work/key/key/key.core/../key.ui/examples/standard_key/arith/poly_division1.key.proof 
209400     DEBUG main            d.u.i.k.p.i.AbstractProblemLoader Environment load took 107.5ns 
209401     INFO  main            d.u.i.k.p.i.AbstractProblemLoader Creating init config 
211723     DEBUG main            d.u.i.k.p.i.AbstractProblemLoader Init config took 2.32s 
211737     INFO  main            d.u.i.k.p.i.AbstractProblemLoader Replaying proof poly_division1.key.proof 
211744     DEBUG main            d.u.i.k.p.i.IntermediateProofReplayer Proof replay took 5.71ms 
211745     DEBUG main            d.u.i.k.p.r.p.TestFile    ... success: reloaded. 
211745     INFO  main            d.u.i.k.p.r.p.TestFile    Now processing file /home/runner/work/key/key/key.core/../key.ui/examples/standard_key/inEqSimp/division.key 
211745     INFO  main            d.u.i.k.p.i.AbstractProblemLoader Loading environment from /home/runner/work/key/key/key.core/../key.ui/examples/standard_key/inEqSimp/division.key 
211746     DEBUG main            d.u.i.k.p.i.AbstractProblemLoader Environment load took 50.7ns 
211747     INFO  main            d.u.i.k.p.i.AbstractProblemLoader Creating init config 
214100     DEBUG main            d.u.i.k.p.i.AbstractProblemLoader Init config took 2.35s 
214114     INFO  main            d.u.i.k.p.i.AbstractProblemLoader Replaying proof division.key 
214116     DEBUG main            d.u.i.k.p.i.IntermediateProofReplayer Proof replay took 7.2ns 
216038     INFO  main            d.u.i.k.p.r.p.TestFile    ... finished proof: closed. 
216312     INFO  main            d.u.i.k.p.i.AbstractProblemLoader Loading environment from /home/runner/work/key/key/key.core/../key.ui/examples/standard_key/inEqSimp/division.key.proof 
216312     DEBUG main            d.u.i.k.p.i.AbstractProblemLoader Environment load took 121.6ns 
216313     INFO  main            d.u.i.k.p.i.AbstractProblemLoader Creating init config 
218613     DEBUG main            d.u.i.k.p.i.AbstractProblemLoader Init config took 2.3s 
218627     INFO  main            d.u.i.k.p.i.AbstractProblemLoader Replaying proof division.key.proof 
218714     DEBUG main            d.u.i.k.p.i.IntermediateProofReplayer Proof replay took 76.42ms 
218716     DEBUG main            d.u.i.k.p.r.p.TestFile    ... success: reloaded. 
218717     INFO  main            d.u.i.k.p.r.p.TestFile    Now processing file /home/runner/work/key/key/key.core/../key.ui/examples/standard_key/inEqSimp/inequations0.key 
218717     INFO  main            d.u.i.k.p.i.AbstractProblemLoader Loading environment from /home/runner/work/key/key/key.core/../key.ui/examples/standard_key/inEqSimp/inequations0.key 
218717     DEBUG main            d.u.i.k.p.i.AbstractProblemLoader Environment load took 195ns 
218718     INFO  main            d.u.i.k.p.i.AbstractProblemLoader Creating init config 
221074     DEBUG main            d.u.i.k.p.i.AbstractProblemLoader Init config took 2.36s 
221088     INFO  main            d.u.i.k.p.i.AbstractProblemLoader Replaying proof inequations0.key 
221091     DEBUG main            d.u.i.k.p.i.IntermediateProofReplayer Proof replay took 32.6ns 
221193     INFO  main            d.u.i.k.p.r.p.TestFile    ... finished proof: closed. 
221481     INFO  main            d.u.i.k.p.i.AbstractProblemLoader Loading environment from /home/runner/work/key/key/key.core/../key.ui/examples/standard_key/inEqSimp/inequations0.key.proof 
221481     DEBUG main            d.u.i.k.p.i.AbstractProblemLoader Environment load took 102.9ns 
221482     INFO  main            d.u.i.k.p.i.AbstractProblemLoader Creating init config 
223778     DEBUG main            d.u.i.k.p.i.AbstractProblemLoader Init config took 2.3s 
223791     INFO  main            d.u.i.k.p.i.AbstractProblemLoader Replaying proof inequations0.key.proof 
223794     DEBUG main            d.u.i.k.p.i.IntermediateProofReplayer Proof replay took 1.94ms 
223795     DEBUG main            d.u.i.k.p.r.p.TestFile    ... success: reloaded. 
223796     INFO  main            d.u.i.k.p.r.p.TestFile    Now processing file /home/runner/work/key/key/key.core/../key.ui/examples/standard_key/inEqSimp/inequations1.key 
223796     INFO  main            d.u.i.k.p.i.AbstractProblemLoader Loading environment from /home/runner/work/key/key/key.core/../key.ui/examples/standard_key/inEqSimp/inequations1.key 
223796     DEBUG main            d.u.i.k.p.i.AbstractProblemLoader Environment load took 86.6ns 
223797     INFO  main            d.u.i.k.p.i.AbstractProblemLoader Creating init config 
226160     DEBUG main            d.u.i.k.p.i.AbstractProblemLoader Init config took 2.36s 
226173     INFO  main            d.u.i.k.p.i.AbstractProblemLoader Replaying proof inequations1.key 
226174     DEBUG main            d.u.i.k.p.i.IntermediateProofReplayer Proof replay took 3.4ns 
226276     INFO  main            d.u.i.k.p.r.p.TestFile    ... finished proof: closed. 
226542     INFO  main            d.u.i.k.p.i.AbstractProblemLoader Loading environment from /home/runner/work/key/key/key.core/../key.ui/examples/standard_key/inEqSimp/inequations1.key.proof 
226542     DEBUG main            d.u.i.k.p.i.AbstractProblemLoader Environment load took 87.4ns 
226543     INFO  main            d.u.i.k.p.i.AbstractProblemLoader Creating init config 
228868     DEBUG main            d.u.i.k.p.i.AbstractProblemLoader Init config took 2.33s 
228881     INFO  main            d.u.i.k.p.i.AbstractProblemLoader Replaying proof inequations1.key.proof 
228884     DEBUG main            d.u.i.k.p.i.IntermediateProofReplayer Proof replay took 1.18ms 
228885     DEBUG main            d.u.i.k.p.r.p.TestFile    ... success: reloaded. 
228885     INFO  main            d.u.i.k.p.r.p.TestFile    Now processing file /home/runner/work/key/key/key.core/../key.ui/examples/standard_key/inEqSimp/inequations2.key 
228886     INFO  main            d.u.i.k.p.i.AbstractProblemLoader Loading environment from /home/runner/work/key/key/key.core/../key.ui/examples/standard_key/inEqSimp/inequations2.key 
228886     DEBUG main            d.u.i.k.p.i.AbstractProblemLoader Environment load took 69.4ns 
228887     INFO  main            d.u.i.k.p.i.AbstractProblemLoader Creating init config 
231258     DEBUG main            d.u.i.k.p.i.AbstractProblemLoader Init config took 2.37s 
231270     INFO  main            d.u.i.k.p.i.AbstractProblemLoader Replaying proof inequations2.key 
231271     DEBUG main            d.u.i.k.p.i.IntermediateProofReplayer Proof replay took 2.6ns 
231379     INFO  main            d.u.i.k.p.r.p.TestFile    ... finished proof: closed. 
231652     INFO  main            d.u.i.k.p.i.AbstractProblemLoader Loading environment from /home/runner/work/key/key/key.core/../key.ui/examples/standard_key/inEqSimp/inequations2.key.proof 
231652     DEBUG main            d.u.i.k.p.i.AbstractProblemLoader Environment load took 82.9ns 
231653     INFO  main            d.u.i.k.p.i.AbstractProblemLoader Creating init config 
233929     DEBUG main            d.u.i.k.p.i.AbstractProblemLoader Init config took 2.28s 
233942     INFO  main            d.u.i.k.p.i.AbstractProblemLoader Replaying proof inequations2.key.proof 
233945     DEBUG main            d.u.i.k.p.i.IntermediateProofReplayer Proof replay took 1.45ms 
233946     DEBUG main            d.u.i.k.p.r.p.TestFile    ... success: reloaded. 
233946     INFO  main            d.u.i.k.p.r.p.TestFile    Now processing file /home/runner/work/key/key/key.core/../key.ui/examples/standard_key/inEqSimp/linApprox.key 
233946     INFO  main            d.u.i.k.p.i.AbstractProblemLoader Loading environment from /home/runner/work/key/key/key.core/../key.ui/examples/standard_key/inEqSimp/linApprox.key 
233946     DEBUG main            d.u.i.k.p.i.AbstractProblemLoader Environment load took 86.1ns 
233947     INFO  main            d.u.i.k.p.i.AbstractProblemLoader Creating init config 
236315     DEBUG main            d.u.i.k.p.i.AbstractProblemLoader Init config took 2.37s 
236328     INFO  main            d.u.i.k.p.i.AbstractProblemLoader Replaying proof linApprox.key 
236330     DEBUG main            d.u.i.k.p.i.IntermediateProofReplayer Proof replay took 3.2ns 
236435     INFO  main            d.u.i.k.p.r.p.TestFile    ... finished proof: closed. 
236738     INFO  main            d.u.i.k.p.i.AbstractProblemLoader Loading environment from /home/runner/work/key/key/key.core/../key.ui/examples/standard_key/inEqSimp/linApprox.key.proof 
236738     DEBUG main            d.u.i.k.p.i.AbstractProblemLoader Environment load took 88.8ns 
236739     INFO  main            d.u.i.k.p.i.AbstractProblemLoader Creating init config 
239012     DEBUG main            d.u.i.k.p.i.AbstractProblemLoader Init config took 2.27s 
239025     INFO  main            d.u.i.k.p.i.AbstractProblemLoader Replaying proof linApprox.key.proof 
239029     DEBUG main            d.u.i.k.p.i.IntermediateProofReplayer Proof replay took 2.37ms 
239030     DEBUG main            d.u.i.k.p.r.p.TestFile    ... success: reloaded. 
239031     INFO  main            d.u.i.k.p.r.p.TestFile    Now processing file /home/runner/work/key/key/key.core/../key.ui/examples/standard_key/inEqSimp/nonLinInEqExample0.key 
239031     INFO  main            d.u.i.k.p.i.AbstractProblemLoader Loading environment from /home/runner/work/key/key/key.core/../key.ui/examples/standard_key/inEqSimp/nonLinInEqExample0.key 
239031     DEBUG main            d.u.i.k.p.i.AbstractProblemLoader Environment load took 47.5ns 
239032     INFO  main            d.u.i.k.p.i.AbstractProblemLoader Creating init config 
241368     DEBUG main            d.u.i.k.p.i.AbstractProblemLoader Init config took 2.34s 
241381     INFO  main            d.u.i.k.p.i.AbstractProblemLoader Replaying proof nonLinInEqExample0.key 
241382     DEBUG main            d.u.i.k.p.i.IntermediateProofReplayer Proof replay took 3.5ns 
241484     INFO  main            d.u.i.k.p.r.p.TestFile    ... finished proof: closed. 
241764     INFO  main            d.u.i.k.p.i.AbstractProblemLoader Loading environment from /home/runner/work/key/key/key.core/../key.ui/examples/standard_key/inEqSimp/nonLinInEqExample0.key.proof 
241764     DEBUG main            d.u.i.k.p.i.AbstractProblemLoader Environment load took 101.5ns 
241765     INFO  main            d.u.i.k.p.i.AbstractProblemLoader Creating init config 
244035     DEBUG main            d.u.i.k.p.i.AbstractProblemLoader Init config took 2.27s 
244048     INFO  main            d.u.i.k.p.i.AbstractProblemLoader Replaying proof nonLinInEqExample0.key.proof 
244050     DEBUG main            d.u.i.k.p.i.IntermediateProofReplayer Proof replay took 859.31ns 
244051     DEBUG main            d.u.i.k.p.r.p.TestFile    ... success: reloaded. 
244052     INFO  main            d.u.i.k.p.r.p.TestFile    Now processing file /home/runner/work/key/key/key.core/../key.ui/examples/standard_key/inEqSimp/nonLinInEqExample2.key 
244052     INFO  main            d.u.i.k.p.i.AbstractProblemLoader Loading environment from /home/runner/work/key/key/key.core/../key.ui/examples/standard_key/inEqSimp/nonLinInEqExample2.key 
244052     DEBUG main            d.u.i.k.p.i.AbstractProblemLoader Environment load took 47.9ns 
244053     INFO  main            d.u.i.k.p.i.AbstractProblemLoader Creating init config 
246401     DEBUG main            d.u.i.k.p.i.AbstractProblemLoader Init config took 2.35s 
246416     INFO  main            d.u.i.k.p.i.AbstractProblemLoader Replaying proof nonLinInEqExample2.key 
246418     DEBUG main            d.u.i.k.p.i.IntermediateProofReplayer Proof replay took 3.2ns 
246721     INFO  main            d.u.i.k.p.r.p.TestFile    ... finished proof: closed. 
247010     INFO  main            d.u.i.k.p.i.AbstractProblemLoader Loading environment from /home/runner/work/key/key/key.core/../key.ui/examples/standard_key/inEqSimp/nonLinInEqExample2.key.proof 
247011     DEBUG main            d.u.i.k.p.i.AbstractProblemLoader Environment load took 91.4ns 
247012     INFO  main            d.u.i.k.p.i.AbstractProblemLoader Creating init config 
249293     DEBUG main            d.u.i.k.p.i.AbstractProblemLoader Init config took 2.28s 
249307     INFO  main            d.u.i.k.p.i.AbstractProblemLoader Replaying proof nonLinInEqExample2.key.proof 
249340     DEBUG main            d.u.i.k.p.i.IntermediateProofReplayer Proof replay took 29.66ms 
249353     DEBUG main            d.u.i.k.p.r.p.TestFile    ... success: reloaded. 
249354     INFO  main            d.u.i.k.p.r.p.TestFile    Now processing file /home/runner/work/key/key/key.core/../key.ui/examples/standard_key/inEqSimp/nonLinInEqExample3.key 
249354     INFO  main            d.u.i.k.p.i.AbstractProblemLoader Loading environment from /home/runner/work/key/key/key.core/../key.ui/examples/standard_key/inEqSimp/nonLinInEqExample3.key 
249354     DEBUG main            d.u.i.k.p.i.AbstractProblemLoader Environment load took 75.4ns 
249358     INFO  main            d.u.i.k.p.i.AbstractProblemLoader Creating init config 
251693     DEBUG main            d.u.i.k.p.i.AbstractProblemLoader Init config took 2.33s 
251706     INFO  main            d.u.i.k.p.i.AbstractProblemLoader Replaying proof nonLinInEqExample3.key 
251707     DEBUG main            d.u.i.k.p.i.IntermediateProofReplayer Proof replay took 3.6ns 
251910     INFO  main            d.u.i.k.p.r.p.TestFile    ... finished proof: closed. 
252216     INFO  main            d.u.i.k.p.i.AbstractProblemLoader Loading environment from /home/runner/work/key/key/key.core/../key.ui/examples/standard_key/inEqSimp/nonLinInEqExample3.key.proof 
252216     DEBUG main            d.u.i.k.p.i.AbstractProblemLoader Environment load took 90.4ns 
252217     INFO  main            d.u.i.k.p.i.AbstractProblemLoader Creating init config 
254506     DEBUG main            d.u.i.k.p.i.AbstractProblemLoader Init config took 2.29s 
254519     INFO  main            d.u.i.k.p.i.AbstractProblemLoader Replaying proof nonLinInEqExample3.key.proof 
254539     DEBUG main            d.u.i.k.p.i.IntermediateProofReplayer Proof replay took 16.35ms 
254540     DEBUG main            d.u.i.k.p.r.p.TestFile    ... success: reloaded. 
254540     INFO  main            d.u.i.k.p.r.p.TestFile    Now processing file /home/runner/work/key/key/key.core/../key.ui/examples/standard_key/inEqSimp/nonLinInEqExample4.key 
254540     INFO  main            d.u.i.k.p.i.AbstractProblemLoader Loading environment from /home/runner/work/key/key/key.core/../key.ui/examples/standard_key/inEqSimp/nonLinInEqExample4.key 
254541     DEBUG main            d.u.i.k.p.i.AbstractProblemLoader Environment load took 49.4ns 
254542     INFO  main            d.u.i.k.p.i.AbstractProblemLoader Creating init config 
256873     DEBUG main            d.u.i.k.p.i.AbstractProblemLoader Init config took 2.33s 
256886     INFO  main            d.u.i.k.p.i.AbstractProblemLoader Replaying proof nonLinInEqExample4.key 
256887     DEBUG main            d.u.i.k.p.i.IntermediateProofReplayer Proof replay took 3.4ns 
256989     INFO  main            d.u.i.k.p.r.p.TestFile    ... finished proof: closed. 
257298     INFO  main            d.u.i.k.p.i.AbstractProblemLoader Loading environment from /home/runner/work/key/key/key.core/../key.ui/examples/standard_key/inEqSimp/nonLinInEqExample4.key.proof 
257298     DEBUG main            d.u.i.k.p.i.AbstractProblemLoader Environment load took 131.3ns 
257299     INFO  main            d.u.i.k.p.i.AbstractProblemLoader Creating init config 
259586     DEBUG main            d.u.i.k.p.i.AbstractProblemLoader Init config took 2.29s 
259599     INFO  main            d.u.i.k.p.i.AbstractProblemLoader Replaying proof nonLinInEqExample4.key.proof 
259604     DEBUG main            d.u.i.k.p.i.IntermediateProofReplayer Proof replay took 3.36ms 
259605     DEBUG main            d.u.i.k.p.r.p.TestFile    ... success: reloaded. 
259606     INFO  main            d.u.i.k.p.r.p.TestFile    Now processing file /home/runner/work/key/key/key.core/../key.ui/examples/standard_key/inEqSimp/quadraticInEq.key 
259606     INFO  main            d.u.i.k.p.i.AbstractProblemLoader Loading environment from /home/runner/work/key/key/key.core/../key.ui/examples/standard_key/inEqSimp/quadraticInEq.key 
259606     DEBUG main            d.u.i.k.p.i.AbstractProblemLoader Environment load took 128.8ns 
259608     INFO  main            d.u.i.k.p.i.AbstractProblemLoader Creating init config 
261941     DEBUG main            d.u.i.k.p.i.AbstractProblemLoader Init config took 2.33s 
261954     INFO  main            d.u.i.k.p.i.AbstractProblemLoader Replaying proof quadraticInEq.key 
261955     DEBUG main            d.u.i.k.p.i.IntermediateProofReplayer Proof replay took 3.6ns 
262261     INFO  main            d.u.i.k.p.r.p.TestFile    ... finished proof: closed. 
262579     INFO  main            d.u.i.k.p.i.AbstractProblemLoader Loading environment from /home/runner/work/key/key/key.core/../key.ui/examples/standard_key/inEqSimp/quadraticInEq.key.proof 
262579     DEBUG main            d.u.i.k.p.i.AbstractProblemLoader Environment load took 91ns 
262580     INFO  main            d.u.i.k.p.i.AbstractProblemLoader Creating init config 
264873     DEBUG main            d.u.i.k.p.i.AbstractProblemLoader Init config took 2.29s 
264887     INFO  main            d.u.i.k.p.i.AbstractProblemLoader Replaying proof quadraticInEq.key.proof 
264926     DEBUG main            d.u.i.k.p.i.IntermediateProofReplayer Proof replay took 34.33ms 
264927     DEBUG main            d.u.i.k.p.r.p.TestFile    ... success: reloaded. 
264928     INFO  main            d.u.i.k.p.r.p.TestFile    Now processing file /home/runner/work/key/key/key.core/../key.ui/examples/standard_key/inEqSimp/quadraticInEq10.key 
264928     INFO  main            d.u.i.k.p.i.AbstractProblemLoader Loading environment from /home/runner/work/key/key/key.core/../key.ui/examples/standard_key/inEqSimp/quadraticInEq10.key 
264928     DEBUG main            d.u.i.k.p.i.AbstractProblemLoader Environment load took 74.5ns 
264929     INFO  main            d.u.i.k.p.i.AbstractProblemLoader Creating init config 
267262     DEBUG main            d.u.i.k.p.i.AbstractProblemLoader Init config took 2.33s 
267275     INFO  main            d.u.i.k.p.i.AbstractProblemLoader Replaying proof quadraticInEq10.key 
267276     DEBUG main            d.u.i.k.p.i.IntermediateProofReplayer Proof replay took 2.9ns 
267479     INFO  main            d.u.i.k.p.r.p.TestFile    ... finished proof: closed. 
267805     INFO  main            d.u.i.k.p.i.AbstractProblemLoader Loading environment from /home/runner/work/key/key/key.core/../key.ui/examples/standard_key/inEqSimp/quadraticInEq10.key.proof 
267806     DEBUG main            d.u.i.k.p.i.AbstractProblemLoader Environment load took 107.3ns 
267807     INFO  main            d.u.i.k.p.i.AbstractProblemLoader Creating init config 
270091     DEBUG main            d.u.i.k.p.i.AbstractProblemLoader Init config took 2.28s 
270104     INFO  main            d.u.i.k.p.i.AbstractProblemLoader Replaying proof quadraticInEq10.key.proof 
270118     DEBUG main            d.u.i.k.p.i.IntermediateProofReplayer Proof replay took 11.85ms 
270119     DEBUG main            d.u.i.k.p.r.p.TestFile    ... success: reloaded. 
270120     INFO  main            d.u.i.k.p.r.p.TestFile    Now processing file /home/runner/work/key/key/key.core/../key.ui/examples/standard_key/inEqSimp/quadraticInEq13.key 
270120     INFO  main            d.u.i.k.p.i.AbstractProblemLoader Loading environment from /home/runner/work/key/key/key.core/../key.ui/examples/standard_key/inEqSimp/quadraticInEq13.key 
270120     DEBUG main            d.u.i.k.p.i.AbstractProblemLoader Environment load took 83.1ns 
270121     INFO  main            d.u.i.k.p.i.AbstractProblemLoader Creating init config 
272455     DEBUG main            d.u.i.k.p.i.AbstractProblemLoader Init config took 2.33s 
272486     INFO  main            d.u.i.k.p.i.AbstractProblemLoader Replaying proof quadraticInEq13.key 
272488     DEBUG main            d.u.i.k.p.i.IntermediateProofReplayer Proof replay took 3.9ns 
272690     INFO  main            d.u.i.k.p.r.p.TestFile    ... finished proof: closed. 
273021     INFO  main            d.u.i.k.p.i.AbstractProblemLoader Loading environment from /home/runner/work/key/key/key.core/../key.ui/examples/standard_key/inEqSimp/quadraticInEq13.key.proof 
273021     DEBUG main            d.u.i.k.p.i.AbstractProblemLoader Environment load took 83.3ns 
273022     INFO  main            d.u.i.k.p.i.AbstractProblemLoader Creating init config 
275321     DEBUG main            d.u.i.k.p.i.AbstractProblemLoader Init config took 2.3s 
275334     INFO  main            d.u.i.k.p.i.AbstractProblemLoader Replaying proof quadraticInEq13.key.proof 
275351     DEBUG main            d.u.i.k.p.i.IntermediateProofReplayer Proof replay took 14.99ms 
275352     DEBUG main            d.u.i.k.p.r.p.TestFile    ... success: reloaded. 
275353     INFO  main            d.u.i.k.p.r.p.TestFile    Now processing file /home/runner/work/key/key/key.core/../key.ui/examples/standard_key/inEqSimp/quadraticInEq14.key 
275353     INFO  main            d.u.i.k.p.i.AbstractProblemLoader Loading environment from /home/runner/work/key/key/key.core/../key.ui/examples/standard_key/inEqSimp/quadraticInEq14.key 
275353     DEBUG main            d.u.i.k.p.i.AbstractProblemLoader Environment load took 48.3ns 
275354     INFO  main            d.u.i.k.p.i.AbstractProblemLoader Creating init config 
277688     DEBUG main            d.u.i.k.p.i.AbstractProblemLoader Init config took 2.33s 
277700     INFO  main            d.u.i.k.p.i.AbstractProblemLoader Replaying proof quadraticInEq14.key 
277702     DEBUG main            d.u.i.k.p.i.IntermediateProofReplayer Proof replay took 3.1ns 
278004     INFO  main            d.u.i.k.p.r.p.TestFile    ... finished proof: closed. 
278343     INFO  main            d.u.i.k.p.i.AbstractProblemLoader Loading environment from /home/runner/work/key/key/key.core/../key.ui/examples/standard_key/inEqSimp/quadraticInEq14.key.proof 
278343     DEBUG main            d.u.i.k.p.i.AbstractProblemLoader Environment load took 85.2ns 
278344     INFO  main            d.u.i.k.p.i.AbstractProblemLoader Creating init config 
280636     DEBUG main            d.u.i.k.p.i.AbstractProblemLoader Init config took 2.29s 
280649     INFO  main            d.u.i.k.p.i.AbstractProblemLoader Replaying proof quadraticInEq14.key.proof 
280669     DEBUG main            d.u.i.k.p.i.IntermediateProofReplayer Proof replay took 17.65ms 
280671     DEBUG main            d.u.i.k.p.r.p.TestFile    ... success: reloaded. 
280672     INFO  main            d.u.i.k.p.r.p.TestFile    Now processing file /home/runner/work/key/key/key.core/../key.ui/examples/standard_key/inEqSimp/quadraticInEq2.key 
280672     INFO  main            d.u.i.k.p.i.AbstractProblemLoader Loading environment from /home/runner/work/key/key/key.core/../key.ui/examples/standard_key/inEqSimp/quadraticInEq2.key 
280672     DEBUG main            d.u.i.k.p.i.AbstractProblemLoader Environment load took 206ns 
280673     INFO  main            d.u.i.k.p.i.AbstractProblemLoader Creating init config 
283017     DEBUG main            d.u.i.k.p.i.AbstractProblemLoader Init config took 2.34s 
283030     INFO  main            d.u.i.k.p.i.AbstractProblemLoader Replaying proof quadraticInEq2.key 
283031     DEBUG main            d.u.i.k.p.i.IntermediateProofReplayer Proof replay took 2.9ns 
283134     INFO  main            d.u.i.k.p.r.p.TestFile    ... finished proof: closed. 
283468     INFO  main            d.u.i.k.p.i.AbstractProblemLoader Loading environment from /home/runner/work/key/key/key.core/../key.ui/examples/standard_key/inEqSimp/quadraticInEq2.key.proof 
283468     DEBUG main            d.u.i.k.p.i.AbstractProblemLoader Environment load took 79.4ns 
283469     INFO  main            d.u.i.k.p.i.AbstractProblemLoader Creating init config 
285746     DEBUG main            d.u.i.k.p.i.AbstractProblemLoader Init config took 2.28s 
285759     INFO  main            d.u.i.k.p.i.AbstractProblemLoader Replaying proof quadraticInEq2.key.proof 
285762     DEBUG main            d.u.i.k.p.i.IntermediateProofReplayer Proof replay took 2.06ms 
285763     DEBUG main            d.u.i.k.p.r.p.TestFile    ... success: reloaded. 
285764     INFO  main            d.u.i.k.p.r.p.TestFile    Now processing file /home/runner/work/key/key/key.core/../key.ui/examples/standard_key/inEqSimp/quadraticInEq3.key 
285764     INFO  main            d.u.i.k.p.i.AbstractProblemLoader Loading environment from /home/runner/work/key/key/key.core/../key.ui/examples/standard_key/inEqSimp/quadraticInEq3.key 
285764     DEBUG main            d.u.i.k.p.i.AbstractProblemLoader Environment load took 45.7ns 
285765     INFO  main            d.u.i.k.p.i.AbstractProblemLoader Creating init config 
288159     DEBUG main            d.u.i.k.p.i.AbstractProblemLoader Init config took 2.39s 
288171     INFO  main            d.u.i.k.p.i.AbstractProblemLoader Replaying proof quadraticInEq3.key 
288173     DEBUG main            d.u.i.k.p.i.IntermediateProofReplayer Proof replay took 3ns 
288276     INFO  main            d.u.i.k.p.r.p.TestFile    ... finished proof: closed. 
288617     INFO  main            d.u.i.k.p.i.AbstractProblemLoader Loading environment from /home/runner/work/key/key/key.core/../key.ui/examples/standard_key/inEqSimp/quadraticInEq3.key.proof 
288617     DEBUG main            d.u.i.k.p.i.AbstractProblemLoader Environment load took 86.3ns 
288618     INFO  main            d.u.i.k.p.i.AbstractProblemLoader Creating init config 
290887     DEBUG main            d.u.i.k.p.i.AbstractProblemLoader Init config took 2.27s 
290900     INFO  main            d.u.i.k.p.i.AbstractProblemLoader Replaying proof quadraticInEq3.key.proof 
290906     DEBUG main            d.u.i.k.p.i.IntermediateProofReplayer Proof replay took 4.98ms 
290908     DEBUG main            d.u.i.k.p.r.p.TestFile    ... success: reloaded. 
290909     INFO  main            d.u.i.k.p.r.p.TestFile    Now processing file /home/runner/work/key/key/key.core/../key.ui/examples/standard_key/inEqSimp/quadraticInEq4.key 
290909     INFO  main            d.u.i.k.p.i.AbstractProblemLoader Loading environment from /home/runner/work/key/key/key.core/../key.ui/examples/standard_key/inEqSimp/quadraticInEq4.key 
290909     DEBUG main            d.u.i.k.p.i.AbstractProblemLoader Environment load took 63.8ns 
290910     INFO  main            d.u.i.k.p.i.AbstractProblemLoader Creating init config 
293205     DEBUG main            d.u.i.k.p.i.AbstractProblemLoader Init config took 2.3s 
293218     INFO  main            d.u.i.k.p.i.AbstractProblemLoader Replaying proof quadraticInEq4.key 
293219     DEBUG main            d.u.i.k.p.i.IntermediateProofReplayer Proof replay took 3.2ns 
293324     INFO  main            d.u.i.k.p.r.p.TestFile    ... finished proof: closed. 
293661     INFO  main            d.u.i.k.p.i.AbstractProblemLoader Loading environment from /home/runner/work/key/key/key.core/../key.ui/examples/standard_key/inEqSimp/quadraticInEq4.key.proof 
293662     DEBUG main            d.u.i.k.p.i.AbstractProblemLoader Environment load took 89.2ns 
293663     INFO  main            d.u.i.k.p.i.AbstractProblemLoader Creating init config 
295948     DEBUG main            d.u.i.k.p.i.AbstractProblemLoader Init config took 2.29s 
295961     INFO  main            d.u.i.k.p.i.AbstractProblemLoader Replaying proof quadraticInEq4.key.proof 
295967     DEBUG main            d.u.i.k.p.i.IntermediateProofReplayer Proof replay took 4.01ms 
295967     DEBUG main            d.u.i.k.p.r.p.TestFile    ... success: reloaded. 
295968     INFO  main            d.u.i.k.p.r.p.TestFile    Now processing file /home/runner/work/key/key/key.core/../key.ui/examples/standard_key/inEqSimp/quadraticInEq5.key 
295968     INFO  main            d.u.i.k.p.i.AbstractProblemLoader Loading environment from /home/runner/work/key/key/key.core/../key.ui/examples/standard_key/inEqSimp/quadraticInEq5.key 
295968     DEBUG main            d.u.i.k.p.i.AbstractProblemLoader Environment load took 89.5ns 
295969     INFO  main            d.u.i.k.p.i.AbstractProblemLoader Creating init config 
298265     DEBUG main            d.u.i.k.p.i.AbstractProblemLoader Init config took 2.3s 
298278     INFO  main            d.u.i.k.p.i.AbstractProblemLoader Replaying proof quadraticInEq5.key 
298280     DEBUG main            d.u.i.k.p.i.IntermediateProofReplayer Proof replay took 3.2ns 
298383     INFO  main            d.u.i.k.p.r.p.TestFile    ... finished proof: closed. 
298722     INFO  main            d.u.i.k.p.i.AbstractProblemLoader Loading environment from /home/runner/work/key/key/key.core/../key.ui/examples/standard_key/inEqSimp/quadraticInEq5.key.proof 
298722     DEBUG main            d.u.i.k.p.i.AbstractProblemLoader Environment load took 77.5ns 
298723     INFO  main            d.u.i.k.p.i.AbstractProblemLoader Creating init config 
300989     DEBUG main            d.u.i.k.p.i.AbstractProblemLoader Init config took 2.27s 
301002     INFO  main            d.u.i.k.p.i.AbstractProblemLoader Replaying proof quadraticInEq5.key.proof 
301008     DEBUG main            d.u.i.k.p.i.IntermediateProofReplayer Proof replay took 3.98ms 
301009     DEBUG main            d.u.i.k.p.r.p.TestFile    ... success: reloaded. 
301010     INFO  main            d.u.i.k.p.r.p.TestFile    Now processing file /home/runner/work/key/key/key.core/../key.ui/examples/standard_key/inEqSimp/quadraticInEq6.key 
301010     INFO  main            d.u.i.k.p.i.AbstractProblemLoader Loading environment from /home/runner/work/key/key/key.core/../key.ui/examples/standard_key/inEqSimp/quadraticInEq6.key 
301011     DEBUG main            d.u.i.k.p.i.AbstractProblemLoader Environment load took 204.4ns 
301012     INFO  main            d.u.i.k.p.i.AbstractProblemLoader Creating init config 
303324     DEBUG main            d.u.i.k.p.i.AbstractProblemLoader Init config took 2.31s 
303336     INFO  main            d.u.i.k.p.i.AbstractProblemLoader Replaying proof quadraticInEq6.key 
303338     DEBUG main            d.u.i.k.p.i.IntermediateProofReplayer Proof replay took 3.5ns 
303439     INFO  main            d.u.i.k.p.r.p.TestFile    ... finished proof: closed. 
303784     INFO  main            d.u.i.k.p.i.AbstractProblemLoader Loading environment from /home/runner/work/key/key/key.core/../key.ui/examples/standard_key/inEqSimp/quadraticInEq6.key.proof 
303784     DEBUG main            d.u.i.k.p.i.AbstractProblemLoader Environment load took 79.9ns 
303785     INFO  main            d.u.i.k.p.i.AbstractProblemLoader Creating init config 
306076     DEBUG main            d.u.i.k.p.i.AbstractProblemLoader Init config took 2.29s 
306089     INFO  main            d.u.i.k.p.i.AbstractProblemLoader Replaying proof quadraticInEq6.key.proof 
306094     DEBUG main            d.u.i.k.p.i.IntermediateProofReplayer Proof replay took 3.79ms 
306095     DEBUG main            d.u.i.k.p.r.p.TestFile    ... success: reloaded. 
306095     INFO  main            d.u.i.k.p.r.p.TestFile    Now processing file /home/runner/work/key/key/key.core/../key.ui/examples/standard_key/inEqSimp/quadraticInEq7.key 
306096     INFO  main            d.u.i.k.p.i.AbstractProblemLoader Loading environment from /home/runner/work/key/key/key.core/../key.ui/examples/standard_key/inEqSimp/quadraticInEq7.key 
306096     DEBUG main            d.u.i.k.p.i.AbstractProblemLoader Environment load took 47.9ns 
306097     INFO  main            d.u.i.k.p.i.AbstractProblemLoader Creating init config 
308392     DEBUG main            d.u.i.k.p.i.AbstractProblemLoader Init config took 2.29s 
308404     INFO  main            d.u.i.k.p.i.AbstractProblemLoader Replaying proof quadraticInEq7.key 
308406     DEBUG main            d.u.i.k.p.i.IntermediateProofReplayer Proof replay took 3.4ns 
308507     INFO  main            d.u.i.k.p.r.p.TestFile    ... finished proof: closed. 
308857     INFO  main            d.u.i.k.p.i.AbstractProblemLoader Loading environment from /home/runner/work/key/key/key.core/../key.ui/examples/standard_key/inEqSimp/quadraticInEq7.key.proof 
308857     DEBUG main            d.u.i.k.p.i.AbstractProblemLoader Environment load took 82.9ns 
308858     INFO  main            d.u.i.k.p.i.AbstractProblemLoader Creating init config 
311117     DEBUG main            d.u.i.k.p.i.AbstractProblemLoader Init config took 2.26s 
311130     INFO  main            d.u.i.k.p.i.AbstractProblemLoader Replaying proof quadraticInEq7.key.proof 
311134     DEBUG main            d.u.i.k.p.i.IntermediateProofReplayer Proof replay took 2.03ms 
311134     DEBUG main            d.u.i.k.p.r.p.TestFile    ... success: reloaded. 
311135     INFO  main            d.u.i.k.p.r.p.TestFile    Now processing file /home/runner/work/key/key/key.core/../key.ui/examples/standard_key/inEqSimp/quadraticInEq8.key 
311135     INFO  main            d.u.i.k.p.i.AbstractProblemLoader Loading environment from /home/runner/work/key/key/key.core/../key.ui/examples/standard_key/inEqSimp/quadraticInEq8.key 
311135     DEBUG main            d.u.i.k.p.i.AbstractProblemLoader Environment load took 85.9ns 
311136     INFO  main            d.u.i.k.p.i.AbstractProblemLoader Creating init config 
313438     DEBUG main            d.u.i.k.p.i.AbstractProblemLoader Init config took 2.3s 
313452     INFO  main            d.u.i.k.p.i.AbstractProblemLoader Replaying proof quadraticInEq8.key 
313454     DEBUG main            d.u.i.k.p.i.IntermediateProofReplayer Proof replay took 2.6ns 
313558     INFO  main            d.u.i.k.p.r.p.TestFile    ... finished proof: closed. 
313921     INFO  main            d.u.i.k.p.i.AbstractProblemLoader Loading environment from /home/runner/work/key/key/key.core/../key.ui/examples/standard_key/inEqSimp/quadraticInEq8.key.proof 
313921     DEBUG main            d.u.i.k.p.i.AbstractProblemLoader Environment load took 84.5ns 
313922     INFO  main            d.u.i.k.p.i.AbstractProblemLoader Creating init config 
316188     DEBUG main            d.u.i.k.p.i.AbstractProblemLoader Init config took 2.27s 
316201     INFO  main            d.u.i.k.p.i.AbstractProblemLoader Replaying proof quadraticInEq8.key.proof 
316209     DEBUG main            d.u.i.k.p.i.IntermediateProofReplayer Proof replay took 6.19ms 
316210     DEBUG main            d.u.i.k.p.r.p.TestFile    ... success: reloaded. 
316211     INFO  main            d.u.i.k.p.r.p.TestFile    Now processing file /home/runner/work/key/key/key.core/../key.ui/examples/standard_key/inEqSimp/simplify0.key 
316211     INFO  main            d.u.i.k.p.i.AbstractProblemLoader Loading environment from /home/runner/work/key/key/key.core/../key.ui/examples/standard_key/inEqSimp/simplify0.key 
316211     DEBUG main            d.u.i.k.p.i.AbstractProblemLoader Environment load took 100.4ns 
316212     INFO  main            d.u.i.k.p.i.AbstractProblemLoader Creating init config 
318510     DEBUG main            d.u.i.k.p.i.AbstractProblemLoader Init config took 2.3s 
318524     INFO  main            d.u.i.k.p.i.AbstractProblemLoader Replaying proof simplify0.key 
318525     DEBUG main            d.u.i.k.p.i.IntermediateProofReplayer Proof replay took 2.5ns 
318627     INFO  main            d.u.i.k.p.r.p.TestFile    ... finished proof: closed. 
318996     INFO  main            d.u.i.k.p.i.AbstractProblemLoader Loading environment from /home/runner/work/key/key/key.core/../key.ui/examples/standard_key/inEqSimp/simplify0.key.proof 
318996     DEBUG main            d.u.i.k.p.i.AbstractProblemLoader Environment load took 95.7ns 
318997     INFO  main            d.u.i.k.p.i.AbstractProblemLoader Creating init config 
321266     DEBUG main            d.u.i.k.p.i.AbstractProblemLoader Init config took 2.27s 
321279     INFO  main            d.u.i.k.p.i.AbstractProblemLoader Replaying proof simplify0.key.proof 
321282     DEBUG main            d.u.i.k.p.i.IntermediateProofReplayer Proof replay took 2.1ms 
321283     DEBUG main            d.u.i.k.p.r.p.TestFile    ... success: reloaded. 
321283     INFO  main            d.u.i.k.p.r.p.TestFile    Now processing file /home/runner/work/key/key/key.core/../key.ui/examples/standard_key/inEqSimp/simplify1.key 
321284     INFO  main            d.u.i.k.p.i.AbstractProblemLoader Loading environment from /home/runner/work/key/key/key.core/../key.ui/examples/standard_key/inEqSimp/simplify1.key 
321284     DEBUG main            d.u.i.k.p.i.AbstractProblemLoader Environment load took 41.7ns 
321284     INFO  main            d.u.i.k.p.i.AbstractProblemLoader Creating init config 
323614     DEBUG main            d.u.i.k.p.i.AbstractProblemLoader Init config took 2.33s 
323626     INFO  main            d.u.i.k.p.i.AbstractProblemLoader Replaying proof simplify1.key 
323627     DEBUG main            d.u.i.k.p.i.IntermediateProofReplayer Proof replay took 3.1ns 
323729     INFO  main            d.u.i.k.p.r.p.TestFile    ... finished proof: closed. 
324091     INFO  main            d.u.i.k.p.i.AbstractProblemLoader Loading environment from /home/runner/work/key/key/key.core/../key.ui/examples/standard_key/inEqSimp/simplify1.key.proof 
324091     DEBUG main            d.u.i.k.p.i.AbstractProblemLoader Environment load took 81.3ns 
324092     INFO  main            d.u.i.k.p.i.AbstractProblemLoader Creating init config 
326361     DEBUG main            d.u.i.k.p.i.AbstractProblemLoader Init config took 2.27s 
326384     INFO  main            d.u.i.k.p.i.AbstractProblemLoader Replaying proof simplify1.key.proof 
326387     DEBUG main            d.u.i.k.p.i.IntermediateProofReplayer Proof replay took 1.11ms 
326387     DEBUG main            d.u.i.k.p.r.p.TestFile    ... success: reloaded. 
326388     INFO  main            d.u.i.k.p.r.p.TestFile    Now processing file /home/runner/work/key/key/key.core/../key.ui/examples/standard_key/inEqSimp/simplify2.key 
326388     INFO  main            d.u.i.k.p.i.AbstractProblemLoader Loading environment from /home/runner/work/key/key/key.core/../key.ui/examples/standard_key/inEqSimp/simplify2.key 
326388     DEBUG main            d.u.i.k.p.i.AbstractProblemLoader Environment load took 43.6ns 
326389     INFO  main            d.u.i.k.p.i.AbstractProblemLoader Creating init config 
328692     DEBUG main            d.u.i.k.p.i.AbstractProblemLoader Init config took 2.3s 
328704     INFO  main            d.u.i.k.p.i.AbstractProblemLoader Replaying proof simplify2.key 
328705     DEBUG main            d.u.i.k.p.i.IntermediateProofReplayer Proof replay took 3.7ns 
328807     INFO  main            d.u.i.k.p.r.p.TestFile    ... finished proof: closed. 
329173     INFO  main            d.u.i.k.p.i.AbstractProblemLoader Loading environment from /home/runner/work/key/key/key.core/../key.ui/examples/standard_key/inEqSimp/simplify2.key.proof 
329173     DEBUG main            d.u.i.k.p.i.AbstractProblemLoader Environment load took 98.3ns 
329174     INFO  main            d.u.i.k.p.i.AbstractProblemLoader Creating init config 
331452     DEBUG main            d.u.i.k.p.i.AbstractProblemLoader Init config took 2.28s 
331465     INFO  main            d.u.i.k.p.i.AbstractProblemLoader Replaying proof simplify2.key.proof 
331477     DEBUG main            d.u.i.k.p.i.IntermediateProofReplayer Proof replay took 9.69ms 
331477     DEBUG main            d.u.i.k.p.r.p.TestFile    ... success: reloaded. 
331478     INFO  main            d.u.i.k.p.r.p.TestFile    Now processing file /home/runner/work/key/key/key.core/../key.ui/examples/standard_key/inEqSimp/simplify3.key 
331478     INFO  main            d.u.i.k.p.i.AbstractProblemLoader Loading environment from /home/runner/work/key/key/key.core/../key.ui/examples/standard_key/inEqSimp/simplify3.key 
331478     DEBUG main            d.u.i.k.p.i.AbstractProblemLoader Environment load took 58ns 
331479     INFO  main            d.u.i.k.p.i.AbstractProblemLoader Creating init config 
333779     DEBUG main            d.u.i.k.p.i.AbstractProblemLoader Init config took 2.3s 
333792     INFO  main            d.u.i.k.p.i.AbstractProblemLoader Replaying proof simplify3.key 
333793     DEBUG main            d.u.i.k.p.i.IntermediateProofReplayer Proof replay took 2.4ns 
333894     INFO  main            d.u.i.k.p.r.p.TestFile    ... finished proof: closed. 
334270     INFO  main            d.u.i.k.p.i.AbstractProblemLoader Loading environment from /home/runner/work/key/key/key.core/../key.ui/examples/standard_key/inEqSimp/simplify3.key.proof 
334270     DEBUG main            d.u.i.k.p.i.AbstractProblemLoader Environment load took 91.7ns 
334271     INFO  main            d.u.i.k.p.i.AbstractProblemLoader Creating init config 
336542     DEBUG main            d.u.i.k.p.i.AbstractProblemLoader Init config took 2.27s 
336555     INFO  main            d.u.i.k.p.i.AbstractProblemLoader Replaying proof simplify3.key.proof 
336558     DEBUG main            d.u.i.k.p.i.IntermediateProofReplayer Proof replay took 1.79ms 
336559     DEBUG main            d.u.i.k.p.r.p.TestFile    ... success: reloaded. 
336559     INFO  main            d.u.i.k.p.r.p.TestFile    Now processing file /home/runner/work/key/key/key.core/../key.ui/examples/standard_key/inEqSimp/simplify4.key 
336559     INFO  main            d.u.i.k.p.i.AbstractProblemLoader Loading environment from /home/runner/work/key/key/key.core/../key.ui/examples/standard_key/inEqSimp/simplify4.key 
336559     DEBUG main            d.u.i.k.p.i.AbstractProblemLoader Environment load took 44.1ns 
336560     INFO  main            d.u.i.k.p.i.AbstractProblemLoader Creating init config 
338883     DEBUG main            d.u.i.k.p.i.AbstractProblemLoader Init config took 2.32s 
338898     INFO  main            d.u.i.k.p.i.AbstractProblemLoader Replaying proof simplify4.key 
338899     DEBUG main            d.u.i.k.p.i.IntermediateProofReplayer Proof replay took 2.6ns 
339001     INFO  main            d.u.i.k.p.r.p.TestFile    ... finished proof: closed. 
339390     INFO  main            d.u.i.k.p.i.AbstractProblemLoader Loading environment from /home/runner/work/key/key/key.core/../key.ui/examples/standard_key/inEqSimp/simplify4.key.proof 
339390     DEBUG main            d.u.i.k.p.i.AbstractProblemLoader Environment load took 80.5ns 
339392     INFO  main            d.u.i.k.p.i.AbstractProblemLoader Creating init config 
341669     DEBUG main            d.u.i.k.p.i.AbstractProblemLoader Init config took 2.28s 
341683     INFO  main            d.u.i.k.p.i.AbstractProblemLoader Replaying proof simplify4.key.proof 
341698     DEBUG main            d.u.i.k.p.i.IntermediateProofReplayer Proof replay took 11.71ms 
341698     DEBUG main            d.u.i.k.p.r.p.TestFile    ... success: reloaded. 
341699     INFO  main            d.u.i.k.p.r.p.TestFile    Now processing file /home/runner/work/key/key/key.core/../key.ui/examples/standard_key/inEqSimp/simplify5.key 
341699     INFO  main            d.u.i.k.p.i.AbstractProblemLoader Loading environment from /home/runner/work/key/key/key.core/../key.ui/examples/standard_key/inEqSimp/simplify5.key 
341699     DEBUG main            d.u.i.k.p.i.AbstractProblemLoader Environment load took 75.6ns 
341700     INFO  main            d.u.i.k.p.i.AbstractProblemLoader Creating init config 
344000     DEBUG main            d.u.i.k.p.i.AbstractProblemLoader Init config took 2.3s 
344013     INFO  main            d.u.i.k.p.i.AbstractProblemLoader Replaying proof simplify5.key 
344015     DEBUG main            d.u.i.k.p.i.IntermediateProofReplayer Proof replay took 2.6ns 
344519     INFO  main            d.u.i.k.p.r.p.TestFile    ... finished proof: closed. 
344944     INFO  main            d.u.i.k.p.i.AbstractProblemLoader Loading environment from /home/runner/work/key/key/key.core/../key.ui/examples/standard_key/inEqSimp/simplify5.key.proof 
344945     DEBUG main            d.u.i.k.p.i.AbstractProblemLoader Environment load took 395.21ns 
344946     INFO  main            d.u.i.k.p.i.AbstractProblemLoader Creating init config 
347225     DEBUG main            d.u.i.k.p.i.AbstractProblemLoader Init config took 2.28s 
347238     INFO  main            d.u.i.k.p.i.AbstractProblemLoader Replaying proof simplify5.key.proof 
347287     DEBUG main            d.u.i.k.p.i.IntermediateProofReplayer Proof replay took 44.37ms 
347289     DEBUG main            d.u.i.k.p.r.p.TestFile    ... success: reloaded. 
347295     INFO  main            d.u.i.k.p.r.p.TestFile    Now processing file /home/runner/work/key/key/key.core/../key.ui/examples/standard_key/inEqSimp/subsumptionExample.key 
347295     INFO  main            d.u.i.k.p.i.AbstractProblemLoader Loading environment from /home/runner/work/key/key/key.core/../key.ui/examples/standard_key/inEqSimp/subsumptionExample.key 
347296     DEBUG main            d.u.i.k.p.i.AbstractProblemLoader Environment load took 100.3ns 
347296     INFO  main            d.u.i.k.p.i.AbstractProblemLoader Creating init config 
349612     DEBUG main            d.u.i.k.p.i.AbstractProblemLoader Init config took 2.32s 
349625     INFO  main            d.u.i.k.p.i.AbstractProblemLoader Replaying proof subsumptionExample.key 
349626     DEBUG main            d.u.i.k.p.i.IntermediateProofReplayer Proof replay took 2.2ns 
349728     INFO  main            d.u.i.k.p.r.p.TestFile    ... finished proof: closed. 
350127     INFO  main            d.u.i.k.p.i.AbstractProblemLoader Loading environment from /home/runner/work/key/key/key.core/../key.ui/examples/standard_key/inEqSimp/subsumptionExample.key.proof 
350127     DEBUG main            d.u.i.k.p.i.AbstractProblemLoader Environment load took 75.5ns 
350128     INFO  main            d.u.i.k.p.i.AbstractProblemLoader Creating init config 
352402     DEBUG main            d.u.i.k.p.i.AbstractProblemLoader Init config took 2.27s 
352414     INFO  main            d.u.i.k.p.i.AbstractProblemLoader Replaying proof subsumptionExample.key.proof 
352416     DEBUG main            d.u.i.k.p.i.IntermediateProofReplayer Proof replay took 823.21ns 
352417     DEBUG main            d.u.i.k.p.r.p.TestFile    ... success: reloaded. 
352418     INFO  main            d.u.i.k.p.r.p.TestFile    Now processing file /home/runner/work/key/key/key.core/../key.ui/examples/standard_key/polySimp/simplify0.key 
352418     INFO  main            d.u.i.k.p.i.AbstractProblemLoader Loading environment from /home/runner/work/key/key/key.core/../key.ui/examples/standard_key/polySimp/simplify0.key 
352418     DEBUG main            d.u.i.k.p.i.AbstractProblemLoader Environment load took 44.8ns 
352419     INFO  main            d.u.i.k.p.i.AbstractProblemLoader Creating init config 
354733     DEBUG main            d.u.i.k.p.i.AbstractProblemLoader Init config took 2.31s 
354749     INFO  main            d.u.i.k.p.i.AbstractProblemLoader Replaying proof simplify0.key 
354750     DEBUG main            d.u.i.k.p.i.IntermediateProofReplayer Proof replay took 2.8ns 
354953     INFO  main            d.u.i.k.p.r.p.TestFile    ... finished proof: closed. 
355364     INFO  main            d.u.i.k.p.i.AbstractProblemLoader Loading environment from /home/runner/work/key/key/key.core/../key.ui/examples/standard_key/polySimp/simplify0.key.proof 
355364     DEBUG main            d.u.i.k.p.i.AbstractProblemLoader Environment load took 79.3ns 
355365     INFO  main            d.u.i.k.p.i.AbstractProblemLoader Creating init config 
357647     DEBUG main            d.u.i.k.p.i.AbstractProblemLoader Init config took 2.28s 
357661     INFO  main            d.u.i.k.p.i.AbstractProblemLoader Replaying proof simplify0.key.proof 
357676     DEBUG main            d.u.i.k.p.i.IntermediateProofReplayer Proof replay took 13.88ms 
357678     DEBUG main            d.u.i.k.p.r.p.TestFile    ... success: reloaded. 
357678     INFO  main            d.u.i.k.p.r.p.TestFile    Now processing file /home/runner/work/key/key/key.core/../key.ui/examples/standard_key/polySimp/simplify1.key 
357678     INFO  main            d.u.i.k.p.i.AbstractProblemLoader Loading environment from /home/runner/work/key/key/key.core/../key.ui/examples/standard_key/polySimp/simplify1.key 
357678     DEBUG main            d.u.i.k.p.i.AbstractProblemLoader Environment load took 111.3ns 
357679     INFO  main            d.u.i.k.p.i.AbstractProblemLoader Creating init config 
360000     DEBUG main            d.u.i.k.p.i.AbstractProblemLoader Init config took 2.32s 
360013     INFO  main            d.u.i.k.p.i.AbstractProblemLoader Replaying proof simplify1.key 
360013     DEBUG main            d.u.i.k.p.i.IntermediateProofReplayer Proof replay took 2.6ns 
360316     INFO  main            d.u.i.k.p.r.p.TestFile    ... finished proof: closed. 
360730     INFO  main            d.u.i.k.p.i.AbstractProblemLoader Loading environment from /home/runner/work/key/key/key.core/../key.ui/examples/standard_key/polySimp/simplify1.key.proof 
360730     DEBUG main            d.u.i.k.p.i.AbstractProblemLoader Environment load took 82.9ns 
360732     INFO  main            d.u.i.k.p.i.AbstractProblemLoader Creating init config 
363005     DEBUG main            d.u.i.k.p.i.AbstractProblemLoader Init config took 2.27s 
363019     INFO  main            d.u.i.k.p.i.AbstractProblemLoader Replaying proof simplify1.key.proof 
363041     DEBUG main            d.u.i.k.p.i.IntermediateProofReplayer Proof replay took 19.4ms 
363042     DEBUG main            d.u.i.k.p.r.p.TestFile    ... success: reloaded. 
363043     INFO  main            d.u.i.k.p.r.p.TestFile    Now processing file /home/runner/work/key/key/key.core/../key.ui/examples/standard_key/polySimp/simplify10.key 
363043     INFO  main            d.u.i.k.p.i.AbstractProblemLoader Loading environment from /home/runner/work/key/key/key.core/../key.ui/examples/standard_key/polySimp/simplify10.key 
363043     DEBUG main            d.u.i.k.p.i.AbstractProblemLoader Environment load took 181ns 
363045     INFO  main            d.u.i.k.p.i.AbstractProblemLoader Creating init config 
365363     DEBUG main            d.u.i.k.p.i.AbstractProblemLoader Init config took 2.32s 
365377     INFO  main            d.u.i.k.p.i.AbstractProblemLoader Replaying proof simplify10.key 
365378     DEBUG main            d.u.i.k.p.i.IntermediateProofReplayer Proof replay took 3ns 
365580     INFO  main            d.u.i.k.p.r.p.TestFile    ... finished proof: closed. 
366019     INFO  main            d.u.i.k.p.i.AbstractProblemLoader Loading environment from /home/runner/work/key/key/key.core/../key.ui/examples/standard_key/polySimp/simplify10.key.proof 
366019     DEBUG main            d.u.i.k.p.i.AbstractProblemLoader Environment load took 86.9ns 
366021     INFO  main            d.u.i.k.p.i.AbstractProblemLoader Creating init config 
368301     DEBUG main            d.u.i.k.p.i.AbstractProblemLoader Init config took 2.28s 
368315     INFO  main            d.u.i.k.p.i.AbstractProblemLoader Replaying proof simplify10.key.proof 
368344     DEBUG main            d.u.i.k.p.i.IntermediateProofReplayer Proof replay took 26.7ms 
368345     DEBUG main            d.u.i.k.p.r.p.TestFile    ... success: reloaded. 
368346     INFO  main            d.u.i.k.p.r.p.TestFile    Now processing file /home/runner/work/key/key/key.core/../key.ui/examples/standard_key/polySimp/simplify11.key 
368346     INFO  main            d.u.i.k.p.i.AbstractProblemLoader Loading environment from /home/runner/work/key/key/key.core/../key.ui/examples/standard_key/polySimp/simplify11.key 
368346     DEBUG main            d.u.i.k.p.i.AbstractProblemLoader Environment load took 76.8ns 
368347     INFO  main            d.u.i.k.p.i.AbstractProblemLoader Creating init config 
370670     DEBUG main            d.u.i.k.p.i.AbstractProblemLoader Init config took 2.32s 
370683     INFO  main            d.u.i.k.p.i.AbstractProblemLoader Replaying proof simplify11.key 
370684     DEBUG main            d.u.i.k.p.i.IntermediateProofReplayer Proof replay took 3.3ns 
370886     INFO  main            d.u.i.k.p.r.p.TestFile    ... finished proof: closed. 
371318     INFO  main            d.u.i.k.p.i.AbstractProblemLoader Loading environment from /home/runner/work/key/key/key.core/../key.ui/examples/standard_key/polySimp/simplify11.key.proof 
371318     DEBUG main            d.u.i.k.p.i.AbstractProblemLoader Environment load took 86.1ns 
371319     INFO  main            d.u.i.k.p.i.AbstractProblemLoader Creating init config 
373601     DEBUG main            d.u.i.k.p.i.AbstractProblemLoader Init config took 2.28s 
373615     INFO  main            d.u.i.k.p.i.AbstractProblemLoader Replaying proof simplify11.key.proof 
373634     DEBUG main            d.u.i.k.p.i.IntermediateProofReplayer Proof replay took 16.92ms 
373635     DEBUG main            d.u.i.k.p.r.p.TestFile    ... success: reloaded. 
373635     INFO  main            d.u.i.k.p.r.p.TestFile    Now processing file /home/runner/work/key/key/key.core/../key.ui/examples/standard_key/polySimp/simplify12.key 
373636     INFO  main            d.u.i.k.p.i.AbstractProblemLoader Loading environment from /home/runner/work/key/key/key.core/../key.ui/examples/standard_key/polySimp/simplify12.key 
373636     DEBUG main            d.u.i.k.p.i.AbstractProblemLoader Environment load took 42.9ns 
373636     INFO  main            d.u.i.k.p.i.AbstractProblemLoader Creating init config 
375948     DEBUG main            d.u.i.k.p.i.AbstractProblemLoader Init config took 2.31s 
375961     INFO  main            d.u.i.k.p.i.AbstractProblemLoader Replaying proof simplify12.key 
375962     DEBUG main            d.u.i.k.p.i.IntermediateProofReplayer Proof replay took 2.7ns 
376064     INFO  main            d.u.i.k.p.r.p.TestFile    ... finished proof: closed. 
376500     INFO  main            d.u.i.k.p.i.AbstractProblemLoader Loading environment from /home/runner/work/key/key/key.core/../key.ui/examples/standard_key/polySimp/simplify12.key.proof 
376500     DEBUG main            d.u.i.k.p.i.AbstractProblemLoader Environment load took 86.4ns 
376501     INFO  main            d.u.i.k.p.i.AbstractProblemLoader Creating init config 
378780     DEBUG main            d.u.i.k.p.i.AbstractProblemLoader Init config took 2.28s 
378793     INFO  main            d.u.i.k.p.i.AbstractProblemLoader Replaying proof simplify12.key.proof 
378803     DEBUG main            d.u.i.k.p.i.IntermediateProofReplayer Proof replay took 8ms 
378804     DEBUG main            d.u.i.k.p.r.p.TestFile    ... success: reloaded. 
378804     INFO  main            d.u.i.k.p.r.p.TestFile    Now processing file /home/runner/work/key/key/key.core/../key.ui/examples/standard_key/polySimp/simplify13.key 
378804     INFO  main            d.u.i.k.p.i.AbstractProblemLoader Loading environment from /home/runner/work/key/key/key.core/../key.ui/examples/standard_key/polySimp/simplify13.key 
378804     DEBUG main            d.u.i.k.p.i.AbstractProblemLoader Environment load took 46.6ns 
378805     INFO  main            d.u.i.k.p.i.AbstractProblemLoader Creating init config 
381135     DEBUG main            d.u.i.k.p.i.AbstractProblemLoader Init config took 2.33s 
381148     INFO  main            d.u.i.k.p.i.AbstractProblemLoader Replaying proof simplify13.key 
381149     DEBUG main            d.u.i.k.p.i.IntermediateProofReplayer Proof replay took 2.4ns 
381250     INFO  main            d.u.i.k.p.r.p.TestFile    ... finished proof: closed. 
381672     INFO  main            d.u.i.k.p.i.AbstractProblemLoader Loading environment from /home/runner/work/key/key/key.core/../key.ui/examples/standard_key/polySimp/simplify13.key.proof 
381672     DEBUG main            d.u.i.k.p.i.AbstractProblemLoader Environment load took 82.9ns 
381673     INFO  main            d.u.i.k.p.i.AbstractProblemLoader Creating init config 
383964     DEBUG main            d.u.i.k.p.i.AbstractProblemLoader Init config took 2.29s 
383977     INFO  main            d.u.i.k.p.i.AbstractProblemLoader Replaying proof simplify13.key.proof 
383983     DEBUG main            d.u.i.k.p.i.IntermediateProofReplayer Proof replay took 4.67ms 
383984     DEBUG main            d.u.i.k.p.r.p.TestFile    ... success: reloaded. 
383984     INFO  main            d.u.i.k.p.r.p.TestFile    Now processing file /home/runner/work/key/key/key.core/../key.ui/examples/standard_key/polySimp/simplify14.key 
383984     INFO  main            d.u.i.k.p.i.AbstractProblemLoader Loading environment from /home/runner/work/key/key/key.core/../key.ui/examples/standard_key/polySimp/simplify14.key 
383984     DEBUG main            d.u.i.k.p.i.AbstractProblemLoader Environment load took 44.3ns 
383985     INFO  main            d.u.i.k.p.i.AbstractProblemLoader Creating init config 
386309     DEBUG main            d.u.i.k.p.i.AbstractProblemLoader Init config took 2.32s 
386322     INFO  main            d.u.i.k.p.i.AbstractProblemLoader Replaying proof simplify14.key 
386323     DEBUG main            d.u.i.k.p.i.IntermediateProofReplayer Proof replay took 2.6ns 
386425     INFO  main            d.u.i.k.p.r.p.TestFile    ... finished proof: closed. 
386854     INFO  main            d.u.i.k.p.i.AbstractProblemLoader Loading environment from /home/runner/work/key/key/key.core/../key.ui/examples/standard_key/polySimp/simplify14.key.proof 
386854     DEBUG main            d.u.i.k.p.i.AbstractProblemLoader Environment load took 125.1ns 
386855     INFO  main            d.u.i.k.p.i.AbstractProblemLoader Creating init config 
389124     DEBUG main            d.u.i.k.p.i.AbstractProblemLoader Init config took 2.27s 
389138     INFO  main            d.u.i.k.p.i.AbstractProblemLoader Replaying proof simplify14.key.proof 
389140     DEBUG main            d.u.i.k.p.i.IntermediateProofReplayer Proof replay took 1.3ms 
389141     DEBUG main            d.u.i.k.p.r.p.TestFile    ... success: reloaded. 
389141     INFO  main            d.u.i.k.p.r.p.TestFile    Now processing file /home/runner/work/key/key/key.core/../key.ui/examples/standard_key/polySimp/simplify15.key 
389142     INFO  main            d.u.i.k.p.i.AbstractProblemLoader Loading environment from /home/runner/work/key/key/key.core/../key.ui/examples/standard_key/polySimp/simplify15.key 
389142     DEBUG main            d.u.i.k.p.i.AbstractProblemLoader Environment load took 45.1ns 
389142     INFO  main            d.u.i.k.p.i.AbstractProblemLoader Creating init config 
391456     DEBUG main            d.u.i.k.p.i.AbstractProblemLoader Init config took 2.31s 
391469     INFO  main            d.u.i.k.p.i.AbstractProblemLoader Replaying proof simplify15.key 
391470     DEBUG main            d.u.i.k.p.i.IntermediateProofReplayer Proof replay took 3.1ns 
391571     INFO  main            d.u.i.k.p.r.p.TestFile    ... finished proof: closed. 
391996     INFO  main            d.u.i.k.p.i.AbstractProblemLoader Loading environment from /home/runner/work/key/key/key.core/../key.ui/examples/standard_key/polySimp/simplify15.key.proof 
391996     DEBUG main            d.u.i.k.p.i.AbstractProblemLoader Environment load took 83ns 
391997     INFO  main            d.u.i.k.p.i.AbstractProblemLoader Creating init config 
394282     DEBUG main            d.u.i.k.p.i.AbstractProblemLoader Init config took 2.29s 
394295     INFO  main            d.u.i.k.p.i.AbstractProblemLoader Replaying proof simplify15.key.proof 
394297     DEBUG main            d.u.i.k.p.i.IntermediateProofReplayer Proof replay took 630.71ns 
394298     DEBUG main            d.u.i.k.p.r.p.TestFile    ... success: reloaded. 
394298     INFO  main            d.u.i.k.p.r.p.TestFile    Now processing file /home/runner/work/key/key/key.core/../key.ui/examples/standard_key/polySimp/simplify16.key 
394299     INFO  main            d.u.i.k.p.i.AbstractProblemLoader Loading environment from /home/runner/work/key/key/key.core/../key.ui/examples/standard_key/polySimp/simplify16.key 
394299     DEBUG main            d.u.i.k.p.i.AbstractProblemLoader Environment load took 63.6ns 
394300     INFO  main            d.u.i.k.p.i.AbstractProblemLoader Creating init config 
396612     DEBUG main            d.u.i.k.p.i.AbstractProblemLoader Init config took 2.31s 
396624     INFO  main            d.u.i.k.p.i.AbstractProblemLoader Replaying proof simplify16.key 
396625     DEBUG main            d.u.i.k.p.i.IntermediateProofReplayer Proof replay took 2.3ns 
396727     INFO  main            d.u.i.k.p.r.p.TestFile    ... finished proof: closed. 
397155     INFO  main            d.u.i.k.p.i.AbstractProblemLoader Loading environment from /home/runner/work/key/key/key.core/../key.ui/examples/standard_key/polySimp/simplify16.key.proof 
397155     DEBUG main            d.u.i.k.p.i.AbstractProblemLoader Environment load took 78.6ns 
397156     INFO  main            d.u.i.k.p.i.AbstractProblemLoader Creating init config 
399444     DEBUG main            d.u.i.k.p.i.AbstractProblemLoader Init config took 2.29s 
399457     INFO  main            d.u.i.k.p.i.AbstractProblemLoader Replaying proof simplify16.key.proof 
399458     DEBUG main            d.u.i.k.p.i.IntermediateProofReplayer Proof replay took 501.41ns 
399459     DEBUG main            d.u.i.k.p.r.p.TestFile    ... success: reloaded. 
399459     INFO  main            d.u.i.k.p.r.p.TestFile    Now processing file /home/runner/work/key/key/key.core/../key.ui/examples/standard_key/polySimp/simplify17.key 
399460     INFO  main            d.u.i.k.p.i.AbstractProblemLoader Loading environment from /home/runner/work/key/key/key.core/../key.ui/examples/standard_key/polySimp/simplify17.key 
399460     DEBUG main            d.u.i.k.p.i.AbstractProblemLoader Environment load took 45.8ns 
399460     INFO  main            d.u.i.k.p.i.AbstractProblemLoader Creating init config 
401772     DEBUG main            d.u.i.k.p.i.AbstractProblemLoader Init config took 2.31s 
401785     INFO  main            d.u.i.k.p.i.AbstractProblemLoader Replaying proof simplify17.key 
401786     DEBUG main            d.u.i.k.p.i.IntermediateProofReplayer Proof replay took 2.6ns 
401888     INFO  main            d.u.i.k.p.r.p.TestFile    ... finished proof: closed. 
402339     INFO  main            d.u.i.k.p.i.AbstractProblemLoader Loading environment from /home/runner/work/key/key/key.core/../key.ui/examples/standard_key/polySimp/simplify17.key.proof 
402339     DEBUG main            d.u.i.k.p.i.AbstractProblemLoader Environment load took 76.2ns 
402340     INFO  main            d.u.i.k.p.i.AbstractProblemLoader Creating init config 
404624     DEBUG main            d.u.i.k.p.i.AbstractProblemLoader Init config took 2.28s 
404637     INFO  main            d.u.i.k.p.i.AbstractProblemLoader Replaying proof simplify17.key.proof 
404643     DEBUG main            d.u.i.k.p.i.IntermediateProofReplayer Proof replay took 5.11ms 
404644     DEBUG main            d.u.i.k.p.r.p.TestFile    ... success: reloaded. 
404644     INFO  main            d.u.i.k.p.r.p.TestFile    Now processing file /home/runner/work/key/key/key.core/../key.ui/examples/standard_key/polySimp/simplify18.key 
404645     INFO  main            d.u.i.k.p.i.AbstractProblemLoader Loading environment from /home/runner/work/key/key/key.core/../key.ui/examples/standard_key/polySimp/simplify18.key 
404645     DEBUG main            d.u.i.k.p.i.AbstractProblemLoader Environment load took 50.3ns 
404645     INFO  main            d.u.i.k.p.i.AbstractProblemLoader Creating init config 
406957     DEBUG main            d.u.i.k.p.i.AbstractProblemLoader Init config took 2.31s 
406970     INFO  main            d.u.i.k.p.i.AbstractProblemLoader Replaying proof simplify18.key 
406971     DEBUG main            d.u.i.k.p.i.IntermediateProofReplayer Proof replay took 2.5ns 
407173     INFO  main            d.u.i.k.p.r.p.TestFile    ... finished proof: closed. 
407618     INFO  main            d.u.i.k.p.i.AbstractProblemLoader Loading environment from /home/runner/work/key/key/key.core/../key.ui/examples/standard_key/polySimp/simplify18.key.proof 
407618     DEBUG main            d.u.i.k.p.i.AbstractProblemLoader Environment load took 92.2ns 
407619     INFO  main            d.u.i.k.p.i.AbstractProblemLoader Creating init config 
409886     DEBUG main            d.u.i.k.p.i.AbstractProblemLoader Init config took 2.27s 
409910     INFO  main            d.u.i.k.p.i.AbstractProblemLoader Replaying proof simplify18.key.proof 
409925     DEBUG main            d.u.i.k.p.i.IntermediateProofReplayer Proof replay took 13.76ms 
409926     DEBUG main            d.u.i.k.p.r.p.TestFile    ... success: reloaded. 
409927     INFO  main            d.u.i.k.p.r.p.TestFile    Now processing file /home/runner/work/key/key/key.core/../key.ui/examples/standard_key/polySimp/simplify19.key 
409928     INFO  main            d.u.i.k.p.i.AbstractProblemLoader Loading environment from /home/runner/work/key/key/key.core/../key.ui/examples/standard_key/polySimp/simplify19.key 
409928     DEBUG main            d.u.i.k.p.i.AbstractProblemLoader Environment load took 48.1ns 
409929     INFO  main            d.u.i.k.p.i.AbstractProblemLoader Creating init config 
412257     DEBUG main            d.u.i.k.p.i.AbstractProblemLoader Init config took 2.33s 
412270     INFO  main            d.u.i.k.p.i.AbstractProblemLoader Replaying proof simplify19.key 
412271     DEBUG main            d.u.i.k.p.i.IntermediateProofReplayer Proof replay took 2.4ns 
415209     INFO  main            d.u.i.k.p.r.p.TestFile    ... finished proof: closed. 
415708     INFO  main            d.u.i.k.p.i.AbstractProblemLoader Loading environment from /home/runner/work/key/key/key.core/../key.ui/examples/standard_key/polySimp/simplify19.key.proof 
415708     DEBUG main            d.u.i.k.p.i.AbstractProblemLoader Environment load took 87.7ns 
415710     INFO  main            d.u.i.k.p.i.AbstractProblemLoader Creating init config 
418045     DEBUG main            d.u.i.k.p.i.AbstractProblemLoader Init config took 2.33s 
418058     INFO  main            d.u.i.k.p.i.AbstractProblemLoader Replaying proof simplify19.key.proof 
418279     DEBUG main            d.u.i.k.p.i.IntermediateProofReplayer Proof replay took 210ms 
418281     DEBUG main            d.u.i.k.p.r.p.TestFile    ... success: reloaded. 
418281     INFO  main            d.u.i.k.p.r.p.TestFile    Now processing file /home/runner/work/key/key/key.core/../key.ui/examples/standard_key/polySimp/simplify2.key 
418281     INFO  main            d.u.i.k.p.i.AbstractProblemLoader Loading environment from /home/runner/work/key/key/key.core/../key.ui/examples/standard_key/polySimp/simplify2.key 
418281     DEBUG main            d.u.i.k.p.i.AbstractProblemLoader Environment load took 66.7ns 
418282     INFO  main            d.u.i.k.p.i.AbstractProblemLoader Creating init config 
420643     DEBUG main            d.u.i.k.p.i.AbstractProblemLoader Init config took 2.36s 
420656     INFO  main            d.u.i.k.p.i.AbstractProblemLoader Replaying proof simplify2.key 
420657     DEBUG main            d.u.i.k.p.i.IntermediateProofReplayer Proof replay took 2.7ns 
420759     INFO  main            d.u.i.k.p.r.p.TestFile    ... finished proof: closed. 
421280     INFO  main            d.u.i.k.p.i.AbstractProblemLoader Loading environment from /home/runner/work/key/key/key.core/../key.ui/examples/standard_key/polySimp/simplify2.key.proof 
421281     DEBUG main            d.u.i.k.p.i.AbstractProblemLoader Environment load took 77.8ns 
421281     INFO  main            d.u.i.k.p.i.AbstractProblemLoader Creating init config 
423551     DEBUG main            d.u.i.k.p.i.AbstractProblemLoader Init config took 2.27s 
423564     INFO  main            d.u.i.k.p.i.AbstractProblemLoader Replaying proof simplify2.key.proof 
423566     DEBUG main            d.u.i.k.p.i.IntermediateProofReplayer Proof replay took 739.31ns 
423566     DEBUG main            d.u.i.k.p.r.p.TestFile    ... success: reloaded. 
423567     INFO  main            d.u.i.k.p.r.p.TestFile    Now processing file /home/runner/work/key/key/key.core/../key.ui/examples/standard_key/polySimp/simplify20.key 
423567     INFO  main            d.u.i.k.p.i.AbstractProblemLoader Loading environment from /home/runner/work/key/key/key.core/../key.ui/examples/standard_key/polySimp/simplify20.key 
423567     DEBUG main            d.u.i.k.p.i.AbstractProblemLoader Environment load took 41.5ns 
423568     INFO  main            d.u.i.k.p.i.AbstractProblemLoader Creating init config 
425875     DEBUG main            d.u.i.k.p.i.AbstractProblemLoader Init config took 2.31s 
425887     INFO  main            d.u.i.k.p.i.AbstractProblemLoader Replaying proof simplify20.key 
425888     DEBUG main            d.u.i.k.p.i.IntermediateProofReplayer Proof replay took 2.3ns 
426492     INFO  main            d.u.i.k.p.r.p.TestFile    ... finished proof: closed. 
426983     INFO  main            d.u.i.k.p.i.AbstractProblemLoader Loading environment from /home/runner/work/key/key/key.core/../key.ui/examples/standard_key/polySimp/simplify20.key.proof 
426983     DEBUG main            d.u.i.k.p.i.AbstractProblemLoader Environment load took 368.91ns 
426984     INFO  main            d.u.i.k.p.i.AbstractProblemLoader Creating init config 
429263     DEBUG main            d.u.i.k.p.i.AbstractProblemLoader Init config took 2.28s 
429277     INFO  main            d.u.i.k.p.i.AbstractProblemLoader Replaying proof simplify20.key.proof 
429337     DEBUG main            d.u.i.k.p.i.IntermediateProofReplayer Proof replay took 56.36ms 
429339     DEBUG main            d.u.i.k.p.r.p.TestFile    ... success: reloaded. 
429339     INFO  main            d.u.i.k.p.r.p.TestFile    Now processing file /home/runner/work/key/key/key.core/../key.ui/examples/standard_key/polySimp/simplify21.key 
429339     INFO  main            d.u.i.k.p.i.AbstractProblemLoader Loading environment from /home/runner/work/key/key/key.core/../key.ui/examples/standard_key/polySimp/simplify21.key 
429340     DEBUG main            d.u.i.k.p.i.AbstractProblemLoader Environment load took 79.3ns 
429342     INFO  main            d.u.i.k.p.i.AbstractProblemLoader Creating init config 
431674     DEBUG main            d.u.i.k.p.i.AbstractProblemLoader Init config took 2.33s 
431687     INFO  main            d.u.i.k.p.i.AbstractProblemLoader Replaying proof simplify21.key 
431688     DEBUG main            d.u.i.k.p.i.IntermediateProofReplayer Proof replay took 3.1ns 
432313     INFO  main            d.u.i.k.p.r.p.TestFile    ... finished proof: closed. 
432831     INFO  main            d.u.i.k.p.i.AbstractProblemLoader Loading environment from /home/runner/work/key/key/key.core/../key.ui/examples/standard_key/polySimp/simplify21.key.proof 
432832     DEBUG main            d.u.i.k.p.i.AbstractProblemLoader Environment load took 84.5ns 
432834     INFO  main            d.u.i.k.p.i.AbstractProblemLoader Creating init config 
435114     DEBUG main            d.u.i.k.p.i.AbstractProblemLoader Init config took 2.28s 
435130     INFO  main            d.u.i.k.p.i.AbstractProblemLoader Replaying proof simplify21.key.proof 
435194     DEBUG main            d.u.i.k.p.i.IntermediateProofReplayer Proof replay took 60.38ms 
435196     DEBUG main            d.u.i.k.p.r.p.TestFile    ... success: reloaded. 
435196     INFO  main            d.u.i.k.p.r.p.TestFile    Now processing file /home/runner/work/key/key/key.core/../key.ui/examples/standard_key/polySimp/simplify22.key 
435197     INFO  main            d.u.i.k.p.i.AbstractProblemLoader Loading environment from /home/runner/work/key/key/key.core/../key.ui/examples/standard_key/polySimp/simplify22.key 
435197     DEBUG main            d.u.i.k.p.i.AbstractProblemLoader Environment load took 41.4ns 
435197     INFO  main            d.u.i.k.p.i.AbstractProblemLoader Creating init config 
437521     DEBUG main            d.u.i.k.p.i.AbstractProblemLoader Init config took 2.32s 
437534     INFO  main            d.u.i.k.p.i.AbstractProblemLoader Replaying proof simplify22.key 
437535     DEBUG main            d.u.i.k.p.i.IntermediateProofReplayer Proof replay took 3ns 
437636     INFO  main            d.u.i.k.p.r.p.TestFile    ... finished proof: closed. 
438137     INFO  main            d.u.i.k.p.i.AbstractProblemLoader Loading environment from /home/runner/work/key/key/key.core/../key.ui/examples/standard_key/polySimp/simplify22.key.proof 
438137     DEBUG main            d.u.i.k.p.i.AbstractProblemLoader Environment load took 82.7ns 
438138     INFO  main            d.u.i.k.p.i.AbstractProblemLoader Creating init config 
440408     DEBUG main            d.u.i.k.p.i.AbstractProblemLoader Init config took 2.27s 
440426     INFO  main            d.u.i.k.p.i.AbstractProblemLoader Replaying proof simplify22.key.proof 
440436     DEBUG main            d.u.i.k.p.i.IntermediateProofReplayer Proof replay took 2.36ms 
440437     DEBUG main            d.u.i.k.p.r.p.TestFile    ... success: reloaded. 
440437     INFO  main            d.u.i.k.p.r.p.TestFile    Now processing file /home/runner/work/key/key/key.core/../key.ui/examples/standard_key/polySimp/simplify23.key 
440438     INFO  main            d.u.i.k.p.i.AbstractProblemLoader Loading environment from /home/runner/work/key/key/key.core/../key.ui/examples/standard_key/polySimp/simplify23.key 
440438     DEBUG main            d.u.i.k.p.i.AbstractProblemLoader Environment load took 47.6ns 
440438     INFO  main            d.u.i.k.p.i.AbstractProblemLoader Creating init config 
442758     DEBUG main            d.u.i.k.p.i.AbstractProblemLoader Init config took 2.32s 
442771     INFO  main            d.u.i.k.p.i.AbstractProblemLoader Replaying proof simplify23.key 
442772     DEBUG main            d.u.i.k.p.i.IntermediateProofReplayer Proof replay took 2.3ns 
442874     INFO  main            d.u.i.k.p.r.p.TestFile    ... finished proof: closed. 
443360     INFO  main            d.u.i.k.p.i.AbstractProblemLoader Loading environment from /home/runner/work/key/key/key.core/../key.ui/examples/standard_key/polySimp/simplify23.key.proof 
443360     DEBUG main            d.u.i.k.p.i.AbstractProblemLoader Environment load took 79.6ns 
443361     INFO  main            d.u.i.k.p.i.AbstractProblemLoader Creating init config 
445632     DEBUG main            d.u.i.k.p.i.AbstractProblemLoader Init config took 2.27s 
445647     INFO  main            d.u.i.k.p.i.AbstractProblemLoader Replaying proof simplify23.key.proof 
445659     DEBUG main            d.u.i.k.p.i.IntermediateProofReplayer Proof replay took 10.74ms 
445660     DEBUG main            d.u.i.k.p.r.p.TestFile    ... success: reloaded. 
445660     INFO  main            d.u.i.k.p.r.p.TestFile    Now processing file /home/runner/work/key/key/key.core/../key.ui/examples/standard_key/polySimp/simplify24.key 
445660     INFO  main            d.u.i.k.p.i.AbstractProblemLoader Loading environment from /home/runner/work/key/key/key.core/../key.ui/examples/standard_key/polySimp/simplify24.key 
445660     DEBUG main            d.u.i.k.p.i.AbstractProblemLoader Environment load took 43.3ns 
445661     INFO  main            d.u.i.k.p.i.AbstractProblemLoader Creating init config 
447984     DEBUG main            d.u.i.k.p.i.AbstractProblemLoader Init config took 2.32s 
447997     INFO  main            d.u.i.k.p.i.AbstractProblemLoader Replaying proof simplify24.key 
447997     DEBUG main            d.u.i.k.p.i.IntermediateProofReplayer Proof replay took 3ns 
448099     INFO  main            d.u.i.k.p.r.p.TestFile    ... finished proof: closed. 
448593     INFO  main            d.u.i.k.p.i.AbstractProblemLoader Loading environment from /home/runner/work/key/key/key.core/../key.ui/examples/standard_key/polySimp/simplify24.key.proof 
448593     DEBUG main            d.u.i.k.p.i.AbstractProblemLoader Environment load took 80ns 
448594     INFO  main            d.u.i.k.p.i.AbstractProblemLoader Creating init config 
450882     DEBUG main            d.u.i.k.p.i.AbstractProblemLoader Init config took 2.29s 
450894     INFO  main            d.u.i.k.p.i.AbstractProblemLoader Replaying proof simplify24.key.proof 
450898     DEBUG main            d.u.i.k.p.i.IntermediateProofReplayer Proof replay took 2.28ms 
450899     DEBUG main            d.u.i.k.p.r.p.TestFile    ... success: reloaded. 
450899     INFO  main            d.u.i.k.p.r.p.TestFile    Now processing file /home/runner/work/key/key/key.core/../key.ui/examples/standard_key/polySimp/simplify25.key 
450900     INFO  main            d.u.i.k.p.i.AbstractProblemLoader Loading environment from /home/runner/work/key/key/key.core/../key.ui/examples/standard_key/polySimp/simplify25.key 
450900     DEBUG main            d.u.i.k.p.i.AbstractProblemLoader Environment load took 64.8ns 
450901     INFO  main            d.u.i.k.p.i.AbstractProblemLoader Creating init config 
453229     DEBUG main            d.u.i.k.p.i.AbstractProblemLoader Init config took 2.33s 
453244     INFO  main            d.u.i.k.p.i.AbstractProblemLoader Replaying proof simplify25.key 
453245     DEBUG main            d.u.i.k.p.i.IntermediateProofReplayer Proof replay took 2.9ns 
453347     INFO  main            d.u.i.k.p.r.p.TestFile    ... finished proof: closed. 
453842     INFO  main            d.u.i.k.p.i.AbstractProblemLoader Loading environment from /home/runner/work/key/key/key.core/../key.ui/examples/standard_key/polySimp/simplify25.key.proof 
453842     DEBUG main            d.u.i.k.p.i.AbstractProblemLoader Environment load took 81.1ns 
453843     INFO  main            d.u.i.k.p.i.AbstractProblemLoader Creating init config 
456112     DEBUG main            d.u.i.k.p.i.AbstractProblemLoader Init config took 2.27s 
456125     INFO  main            d.u.i.k.p.i.AbstractProblemLoader Replaying proof simplify25.key.proof 
456129     DEBUG main            d.u.i.k.p.i.IntermediateProofReplayer Proof replay took 2.33ms 
456130     DEBUG main            d.u.i.k.p.r.p.TestFile    ... success: reloaded. 
456130     INFO  main            d.u.i.k.p.r.p.TestFile    Now processing file /home/runner/work/key/key/key.core/../key.ui/examples/standard_key/polySimp/simplify3.key 
456130     INFO  main            d.u.i.k.p.i.AbstractProblemLoader Loading environment from /home/runner/work/key/key/key.core/../key.ui/examples/standard_key/polySimp/simplify3.key 
456130     DEBUG main            d.u.i.k.p.i.AbstractProblemLoader Environment load took 45.3ns 
456131     INFO  main            d.u.i.k.p.i.AbstractProblemLoader Creating init config 
458446     DEBUG main            d.u.i.k.p.i.AbstractProblemLoader Init config took 2.31s 
458458     INFO  main            d.u.i.k.p.i.AbstractProblemLoader Replaying proof simplify3.key 
458459     DEBUG main            d.u.i.k.p.i.IntermediateProofReplayer Proof replay took 2.4ns 
458561     INFO  main            d.u.i.k.p.r.p.TestFile    ... finished proof: closed. 
459053     INFO  main            d.u.i.k.p.i.AbstractProblemLoader Loading environment from /home/runner/work/key/key/key.core/../key.ui/examples/standard_key/polySimp/simplify3.key.proof 
459053     DEBUG main            d.u.i.k.p.i.AbstractProblemLoader Environment load took 83.3ns 
459054     INFO  main            d.u.i.k.p.i.AbstractProblemLoader Creating init config 
461419     DEBUG main            d.u.i.k.p.i.AbstractProblemLoader Init config took 2.36s 
461431     INFO  main            d.u.i.k.p.i.AbstractProblemLoader Replaying proof simplify3.key.proof 
461433     DEBUG main            d.u.i.k.p.i.IntermediateProofReplayer Proof replay took 807.21ns 
461434     DEBUG main            d.u.i.k.p.r.p.TestFile    ... success: reloaded. 
461434     INFO  main            d.u.i.k.p.r.p.TestFile    Now processing file /home/runner/work/key/key/key.core/../key.ui/examples/standard_key/polySimp/simplify4.key 
461435     INFO  main            d.u.i.k.p.i.AbstractProblemLoader Loading environment from /home/runner/work/key/key/key.core/../key.ui/examples/standard_key/polySimp/simplify4.key 
461435     DEBUG main            d.u.i.k.p.i.AbstractProblemLoader Environment load took 62ns 
461435     INFO  main            d.u.i.k.p.i.AbstractProblemLoader Creating init config 
463744     DEBUG main            d.u.i.k.p.i.AbstractProblemLoader Init config took 2.31s 
463756     INFO  main            d.u.i.k.p.i.AbstractProblemLoader Replaying proof simplify4.key 
463757     DEBUG main            d.u.i.k.p.i.IntermediateProofReplayer Proof replay took 2.7ns 
463859     INFO  main            d.u.i.k.p.r.p.TestFile    ... finished proof: closed. 
464360     INFO  main            d.u.i.k.p.i.AbstractProblemLoader Loading environment from /home/runner/work/key/key/key.core/../key.ui/examples/standard_key/polySimp/simplify4.key.proof 
464360     DEBUG main            d.u.i.k.p.i.AbstractProblemLoader Environment load took 81ns 
464361     INFO  main            d.u.i.k.p.i.AbstractProblemLoader Creating init config 
466729     DEBUG main            d.u.i.k.p.i.AbstractProblemLoader Init config took 2.37s 
466745     INFO  main            d.u.i.k.p.i.AbstractProblemLoader Replaying proof simplify4.key.proof 
466747     DEBUG main            d.u.i.k.p.i.IntermediateProofReplayer Proof replay took 1.27ms 
466748     DEBUG main            d.u.i.k.p.r.p.TestFile    ... success: reloaded. 
466750     INFO  main            d.u.i.k.p.r.p.TestFile    Now processing file /home/runner/work/key/key/key.core/../key.ui/examples/standard_key/polySimp/simplify5.key 
466752     INFO  main            d.u.i.k.p.i.AbstractProblemLoader Loading environment from /home/runner/work/key/key/key.core/../key.ui/examples/standard_key/polySimp/simplify5.key 
466752     DEBUG main            d.u.i.k.p.i.AbstractProblemLoader Environment load took 216.3ns 
466753     INFO  main            d.u.i.k.p.i.AbstractProblemLoader Creating init config 
469158     DEBUG main            d.u.i.k.p.i.AbstractProblemLoader Init config took 2.4s 
469190     INFO  main            d.u.i.k.p.i.AbstractProblemLoader Replaying proof simplify5.key 
469192     DEBUG main            d.u.i.k.p.i.IntermediateProofReplayer Proof replay took 3ns 
469293     INFO  main            d.u.i.k.p.r.p.TestFile    ... finished proof: closed. 
469795     INFO  main            d.u.i.k.p.i.AbstractProblemLoader Loading environment from /home/runner/work/key/key/key.core/../key.ui/examples/standard_key/polySimp/simplify5.key.proof 
469795     DEBUG main            d.u.i.k.p.i.AbstractProblemLoader Environment load took 79ns 
469796     INFO  main            d.u.i.k.p.i.AbstractProblemLoader Creating init config 
472080     DEBUG main            d.u.i.k.p.i.AbstractProblemLoader Init config took 2.28s 
472092     INFO  main            d.u.i.k.p.i.AbstractProblemLoader Replaying proof simplify5.key.proof 
472099     DEBUG main            d.u.i.k.p.i.IntermediateProofReplayer Proof replay took 5.37ms 
472100     DEBUG main            d.u.i.k.p.r.p.TestFile    ... success: reloaded. 
472100     INFO  main            d.u.i.k.p.r.p.TestFile    Now processing file /home/runner/work/key/key/key.core/../key.ui/examples/standard_key/polySimp/simplify6.key 
472100     INFO  main            d.u.i.k.p.i.AbstractProblemLoader Loading environment from /home/runner/work/key/key/key.core/../key.ui/examples/standard_key/polySimp/simplify6.key 
472100     DEBUG main            d.u.i.k.p.i.AbstractProblemLoader Environment load took 42ns 
472101     INFO  main            d.u.i.k.p.i.AbstractProblemLoader Creating init config 
474424     DEBUG main            d.u.i.k.p.i.AbstractProblemLoader Init config took 2.32s 
474437     INFO  main            d.u.i.k.p.i.AbstractProblemLoader Replaying proof simplify6.key 
474438     DEBUG main            d.u.i.k.p.i.IntermediateProofReplayer Proof replay took 3.4ns 
474540     INFO  main            d.u.i.k.p.r.p.TestFile    ... finished proof: closed. 
475063     INFO  main            d.u.i.k.p.i.AbstractProblemLoader Loading environment from /home/runner/work/key/key/key.core/../key.ui/examples/standard_key/polySimp/simplify6.key.proof 
475063     DEBUG main            d.u.i.k.p.i.AbstractProblemLoader Environment load took 73.3ns 
475064     INFO  main            d.u.i.k.p.i.AbstractProblemLoader Creating init config 
477444     DEBUG main            d.u.i.k.p.i.AbstractProblemLoader Init config took 2.38s 
477459     INFO  main            d.u.i.k.p.i.AbstractProblemLoader Replaying proof simplify6.key.proof 
477461     DEBUG main            d.u.i.k.p.i.IntermediateProofReplayer Proof replay took 357.51ns 
477462     DEBUG main            d.u.i.k.p.r.p.TestFile    ... success: reloaded. 
477462     INFO  main            d.u.i.k.p.r.p.TestFile    Now processing file /home/runner/work/key/key/key.core/../key.ui/examples/standard_key/polySimp/simplify7.key 
477463     INFO  main            d.u.i.k.p.i.AbstractProblemLoader Loading environment from /home/runner/work/key/key/key.core/../key.ui/examples/standard_key/polySimp/simplify7.key 
477463     DEBUG main            d.u.i.k.p.i.AbstractProblemLoader Environment load took 185.7ns 
477464     INFO  main            d.u.i.k.p.i.AbstractProblemLoader Creating init config 
479944     DEBUG main            d.u.i.k.p.i.AbstractProblemLoader Init config took 2.48s 
479957     INFO  main            d.u.i.k.p.i.AbstractProblemLoader Replaying proof simplify7.key 
479958     DEBUG main            d.u.i.k.p.i.IntermediateProofReplayer Proof replay took 3.2ns 
480060     INFO  main            d.u.i.k.p.r.p.TestFile    ... finished proof: closed. 
480569     INFO  main            d.u.i.k.p.i.AbstractProblemLoader Loading environment from /home/runner/work/key/key/key.core/../key.ui/examples/standard_key/polySimp/simplify7.key.proof 
480569     DEBUG main            d.u.i.k.p.i.AbstractProblemLoader Environment load took 78ns 
480570     INFO  main            d.u.i.k.p.i.AbstractProblemLoader Creating init config 
482958     DEBUG main            d.u.i.k.p.i.AbstractProblemLoader Init config took 2.39s 
482974     INFO  main            d.u.i.k.p.i.AbstractProblemLoader Replaying proof simplify7.key.proof 
482977     DEBUG main            d.u.i.k.p.i.IntermediateProofReplayer Proof replay took 655.21ns 
482978     DEBUG main            d.u.i.k.p.r.p.TestFile    ... success: reloaded. 
482978     INFO  main            d.u.i.k.p.r.p.TestFile    Now processing file /home/runner/work/key/key/key.core/../key.ui/examples/standard_key/polySimp/simplify8.key 
482979     INFO  main            d.u.i.k.p.i.AbstractProblemLoader Loading environment from /home/runner/work/key/key/key.core/../key.ui/examples/standard_key/polySimp/simplify8.key 
482979     DEBUG main            d.u.i.k.p.i.AbstractProblemLoader Environment load took 176.1ns 
482982     INFO  main            d.u.i.k.p.i.AbstractProblemLoader Creating init config 
485405     DEBUG main            d.u.i.k.p.i.AbstractProblemLoader Init config took 2.42s 
485418     INFO  main            d.u.i.k.p.i.AbstractProblemLoader Replaying proof simplify8.key 
485419     DEBUG main            d.u.i.k.p.i.IntermediateProofReplayer Proof replay took 2.5ns 
489351     INFO  main            d.u.i.k.p.r.p.TestFile    ... finished proof: closed. 
489892     INFO  main            d.u.i.k.p.i.AbstractProblemLoader Loading environment from /home/runner/work/key/key/key.core/../key.ui/examples/standard_key/polySimp/simplify8.key.proof 
489893     DEBUG main            d.u.i.k.p.i.AbstractProblemLoader Environment load took 85.8ns 
489895     INFO  main            d.u.i.k.p.i.AbstractProblemLoader Creating init config 
492369     DEBUG main            d.u.i.k.p.i.AbstractProblemLoader Init config took 2.47s 
492395     INFO  main            d.u.i.k.p.i.AbstractProblemLoader Replaying proof simplify8.key.proof 
492602     DEBUG main            d.u.i.k.p.i.IntermediateProofReplayer Proof replay took 195.01ms 
492605     DEBUG main            d.u.i.k.p.r.p.TestFile    ... success: reloaded. 
492605     INFO  main            d.u.i.k.p.r.p.TestFile    Now processing file /home/runner/work/key/key/key.core/../key.ui/examples/standard_key/polySimp/simplify9.key 
492605     INFO  main            d.u.i.k.p.i.AbstractProblemLoader Loading environment from /home/runner/work/key/key/key.core/../key.ui/examples/standard_key/polySimp/simplify9.key 
492605     DEBUG main            d.u.i.k.p.i.AbstractProblemLoader Environment load took 72.6ns 
492607     INFO  main            d.u.i.k.p.i.AbstractProblemLoader Creating init config 
494942     DEBUG main            d.u.i.k.p.i.AbstractProblemLoader Init config took 2.34s 
494955     INFO  main            d.u.i.k.p.i.AbstractProblemLoader Replaying proof simplify9.key 
494956     DEBUG main            d.u.i.k.p.i.IntermediateProofReplayer Proof replay took 2.7ns 
495158     INFO  main            d.u.i.k.p.r.p.TestFile    ... finished proof: closed. 
495758     INFO  main            d.u.i.k.p.i.AbstractProblemLoader Loading environment from /home/runner/work/key/key/key.core/../key.ui/examples/standard_key/polySimp/simplify9.key.proof 
495758     DEBUG main            d.u.i.k.p.i.AbstractProblemLoader Environment load took 75.5ns 
495759     INFO  main            d.u.i.k.p.i.AbstractProblemLoader Creating init config 
498028     DEBUG main            d.u.i.k.p.i.AbstractProblemLoader Init config took 2.27s 
498041     INFO  main            d.u.i.k.p.i.AbstractProblemLoader Replaying proof simplify9.key.proof 
498052     DEBUG main            d.u.i.k.p.i.IntermediateProofReplayer Proof replay took 8.75ms 
498053     DEBUG main            d.u.i.k.p.r.p.TestFile    ... success: reloaded. 
2852436    INFO  Test worker     d.u.i.k.p.r.RunAllProofsTestUnit Returning from test arithmetic 
2852438    INFO  Test worker     d.u.i.k.p.r.RunAllProofsTestUnit Running test arrays 
357        INFO  Timeout watchdog d.u.i.k.p.r.p.ForkedTestFileRunner Timeout watcher launched (2000 secs.) 
367        WARN  main            d.u.i.k.s.ProofSettings   The settings in /home/runner/.key/proof-settings.props are *not* read. 
394        INFO  main            d.u.i.k.p.r.p.TestFile    Now processing file /home/runner/work/key/key/key.core/../key.ui/examples/standard_key/arrays/arrayStoreException/array2DimPrim.key 
499        INFO  main            d.u.i.k.p.i.AbstractProblemLoader Loading environment from /home/runner/work/key/key/key.core/../key.ui/examples/standard_key/arrays/arrayStoreException/array2DimPrim.key 
527        DEBUG main            d.u.i.k.p.i.AbstractProblemLoader Environment load took 2.01ms 
794        INFO  main            d.u.i.k.p.i.AbstractProblemLoader Creating init config 
1740       DEBUG main            d.u.i.k.j.TypeConverter   No LDT found for Meta 
1740       DEBUG main            d.u.i.k.j.TypeConverter   No LDT found for Meta 
1743       DEBUG main            d.u.i.k.j.TypeConverter   No LDT found for Meta 
1744       DEBUG main            d.u.i.k.j.TypeConverter   No LDT found for Meta 
3063       DEBUG main            d.u.i.k.j.TypeConverter   No LDT found for JavaBigintExpression 
7902       DEBUG main            d.u.i.k.p.i.AbstractProblemLoader Init config took 7.11s 
7987       INFO  main            d.u.i.k.p.i.AbstractProblemLoader Replaying proof array2DimPrim.key 
8025       DEBUG main            d.u.i.k.p.i.IntermediateProofReplayer Proof replay took 37ns 
11910      INFO  main            d.u.i.k.p.r.p.TestFile    ... finished proof: closed. 
12091      INFO  main            d.u.i.k.p.i.AbstractProblemLoader Loading environment from /home/runner/work/key/key/key.core/../key.ui/examples/standard_key/arrays/arrayStoreException/array2DimPrim.key.proof 
12092      DEBUG main            d.u.i.k.p.i.AbstractProblemLoader Environment load took 448.61ns 
12096      INFO  main            d.u.i.k.p.i.AbstractProblemLoader Creating init config 
14801      DEBUG main            d.u.i.k.p.i.AbstractProblemLoader Init config took 2.7s 
14851      INFO  main            d.u.i.k.p.i.AbstractProblemLoader Replaying proof array2DimPrim.key.proof 
15534      DEBUG main            d.u.i.k.p.i.IntermediateProofReplayer Proof replay took 652.06ms 
15549      DEBUG main            d.u.i.k.p.r.p.TestFile    ... success: reloaded. 
15555      INFO  main            d.u.i.k.p.r.p.TestFile    Now processing file /home/runner/work/key/key/key.core/../key.ui/examples/standard_key/arrays/arrayStoreException/arrayStoreKnownDynType.key 
15555      INFO  main            d.u.i.k.p.i.AbstractProblemLoader Loading environment from /home/runner/work/key/key/key.core/../key.ui/examples/standard_key/arrays/arrayStoreException/arrayStoreKnownDynType.key 
15555      DEBUG main            d.u.i.k.p.i.AbstractProblemLoader Environment load took 121.9ns 
15559      INFO  main            d.u.i.k.p.i.AbstractProblemLoader Creating init config 
18164      DEBUG main            d.u.i.k.p.i.AbstractProblemLoader Init config took 2.61s 
18194      INFO  main            d.u.i.k.p.i.AbstractProblemLoader Replaying proof arrayStoreKnownDynType.key 
18196      DEBUG main            d.u.i.k.p.i.IntermediateProofReplayer Proof replay took 7.4ns 
18500      INFO  main            d.u.i.k.p.r.p.TestFile    ... finished proof: closed. 
18752      INFO  main            d.u.i.k.p.i.AbstractProblemLoader Loading environment from /home/runner/work/key/key/key.core/../key.ui/examples/standard_key/arrays/arrayStoreException/arrayStoreKnownDynType.key.proof 
18754      DEBUG main            d.u.i.k.p.i.AbstractProblemLoader Environment load took 2.38ms 
18756      INFO  main            d.u.i.k.p.i.AbstractProblemLoader Creating init config 
21174      DEBUG main            d.u.i.k.p.i.AbstractProblemLoader Init config took 2.42s 
21196      INFO  main            d.u.i.k.p.i.AbstractProblemLoader Replaying proof arrayStoreKnownDynType.key.proof 
21250      DEBUG main            d.u.i.k.p.i.IntermediateProofReplayer Proof replay took 49.46ms 
21251      DEBUG main            d.u.i.k.p.r.p.TestFile    ... success: reloaded. 
21252      INFO  main            d.u.i.k.p.r.p.TestFile    Now processing file /home/runner/work/key/key/key.core/../key.ui/examples/standard_key/arrays/arrayStoreException/reverseArray.key 
21253      INFO  main            d.u.i.k.p.i.AbstractProblemLoader Loading environment from /home/runner/work/key/key/key.core/../key.ui/examples/standard_key/arrays/arrayStoreException/reverseArray.key 
21253      DEBUG main            d.u.i.k.p.i.AbstractProblemLoader Environment load took 235.3ns 
21254      INFO  main            d.u.i.k.p.i.AbstractProblemLoader Creating init config 
23744      DEBUG main            d.u.i.k.p.i.AbstractProblemLoader Init config took 2.49s 
23766      INFO  main            d.u.i.k.p.i.AbstractProblemLoader Replaying proof reverseArray.key 
23769      DEBUG main            d.u.i.k.p.i.IntermediateProofReplayer Proof replay took 6.6ns 
24483      INFO  main            d.u.i.k.p.r.p.TestFile    ... finished proof: closed. 
24666      INFO  main            d.u.i.k.p.i.AbstractProblemLoader Loading environment from /home/runner/work/key/key/key.core/../key.ui/examples/standard_key/arrays/arrayStoreException/reverseArray.key.proof 
24666      DEBUG main            d.u.i.k.p.i.AbstractProblemLoader Environment load took 453.91ns 
24668      INFO  main            d.u.i.k.p.i.AbstractProblemLoader Creating init config 
27116      DEBUG main            d.u.i.k.p.i.AbstractProblemLoader Init config took 2.45s 
27138      INFO  main            d.u.i.k.p.i.AbstractProblemLoader Replaying proof reverseArray.key.proof 
27280      DEBUG main            d.u.i.k.p.i.IntermediateProofReplayer Proof replay took 135.55ms 
27281      DEBUG main            d.u.i.k.p.r.p.TestFile    ... success: reloaded. 
27284      INFO  main            d.u.i.k.p.r.p.TestFile    Now processing file /home/runner/work/key/key/key.core/../key.ui/examples/standard_key/arrays/arrayStoreException/throwArrayStoreException.key 
27286      INFO  main            d.u.i.k.p.i.AbstractProblemLoader Loading environment from /home/runner/work/key/key/key.core/../key.ui/examples/standard_key/arrays/arrayStoreException/throwArrayStoreException.key 
27287      DEBUG main            d.u.i.k.p.i.AbstractProblemLoader Environment load took 255.8ns 
27288      INFO  main            d.u.i.k.p.i.AbstractProblemLoader Creating init config 
29771      DEBUG main            d.u.i.k.p.i.AbstractProblemLoader Init config took 2.48s 
29798      INFO  main            d.u.i.k.p.i.AbstractProblemLoader Replaying proof throwArrayStoreException.key 
29800      DEBUG main            d.u.i.k.p.i.IntermediateProofReplayer Proof replay took 6ns 
30203      INFO  main            d.u.i.k.p.r.p.TestFile    ... finished proof: closed. 
30396      INFO  main            d.u.i.k.p.i.AbstractProblemLoader Loading environment from /home/runner/work/key/key/key.core/../key.ui/examples/standard_key/arrays/arrayStoreException/throwArrayStoreException.key.proof 
30397      DEBUG main            d.u.i.k.p.i.AbstractProblemLoader Environment load took 129ns 
30398      INFO  main            d.u.i.k.p.i.AbstractProblemLoader Creating init config 
32800      DEBUG main            d.u.i.k.p.i.AbstractProblemLoader Init config took 2.4s 
32822      INFO  main            d.u.i.k.p.i.AbstractProblemLoader Replaying proof throwArrayStoreException.key.proof 
32913      DEBUG main            d.u.i.k.p.i.IntermediateProofReplayer Proof replay took 86.31ms 
32914      DEBUG main            d.u.i.k.p.r.p.TestFile    ... success: reloaded. 
32915      INFO  main            d.u.i.k.p.r.p.TestFile    Now processing file /home/runner/work/key/key/key.core/../key.ui/examples/standard_key/arrays/creation/arrayCreation1.key 
32916      INFO  main            d.u.i.k.p.i.AbstractProblemLoader Loading environment from /home/runner/work/key/key/key.core/../key.ui/examples/standard_key/arrays/creation/arrayCreation1.key 
32916      DEBUG main            d.u.i.k.p.i.AbstractProblemLoader Environment load took 214.9ns 
32917      INFO  main            d.u.i.k.p.i.AbstractProblemLoader Creating init config 
35318      DEBUG main            d.u.i.k.p.i.AbstractProblemLoader Init config took 2.4s 
35339      INFO  main            d.u.i.k.p.i.AbstractProblemLoader Replaying proof arrayCreation1.key 
35340      DEBUG main            d.u.i.k.p.i.IntermediateProofReplayer Proof replay took 6.8ns 
35543      INFO  main            d.u.i.k.p.r.p.TestFile    ... finished proof: closed. 
35718      INFO  main            d.u.i.k.p.i.AbstractProblemLoader Loading environment from /home/runner/work/key/key/key.core/../key.ui/examples/standard_key/arrays/creation/arrayCreation1.key.proof 
35719      DEBUG main            d.u.i.k.p.i.AbstractProblemLoader Environment load took 129.4ns 
35720      INFO  main            d.u.i.k.p.i.AbstractProblemLoader Creating init config 
38132      DEBUG main            d.u.i.k.p.i.AbstractProblemLoader Init config took 2.41s 
38164      INFO  main            d.u.i.k.p.i.AbstractProblemLoader Replaying proof arrayCreation1.key.proof 
38195      DEBUG main            d.u.i.k.p.i.IntermediateProofReplayer Proof replay took 27.6ms 
38197      DEBUG main            d.u.i.k.p.r.p.TestFile    ... success: reloaded. 
38198      INFO  main            d.u.i.k.p.r.p.TestFile    Now processing file /home/runner/work/key/key/key.core/../key.ui/examples/standard_key/arrays/arrayStoreException/array2Dim.key 
38199      INFO  main            d.u.i.k.p.i.AbstractProblemLoader Loading environment from /home/runner/work/key/key/key.core/../key.ui/examples/standard_key/arrays/arrayStoreException/array2Dim.key 
38199      DEBUG main            d.u.i.k.p.i.AbstractProblemLoader Environment load took 557.21ns 
38201      INFO  main            d.u.i.k.p.i.AbstractProblemLoader Creating init config 
40641      DEBUG main            d.u.i.k.p.i.AbstractProblemLoader Init config took 2.44s 
40679      INFO  main            d.u.i.k.p.i.AbstractProblemLoader Replaying proof array2Dim.key 
40683      DEBUG main            d.u.i.k.p.i.IntermediateProofReplayer Proof replay took 6.1ns 
44177      INFO  main            d.u.i.k.p.r.p.TestFile    ... finished proof: open goal(s) 
44436      INFO  main            d.u.i.k.p.r.p.TestFile    Now processing file /home/runner/work/key/key/key.core/../key.ui/examples/standard_key/arrays/arrayStoreException/array2DimClose.key 
44436      INFO  main            d.u.i.k.p.i.AbstractProblemLoader Loading environment from /home/runner/work/key/key/key.core/../key.ui/examples/standard_key/arrays/arrayStoreException/array2DimClose.key 
44436      DEBUG main            d.u.i.k.p.i.AbstractProblemLoader Environment load took 66.3ns 
44437      INFO  main            d.u.i.k.p.i.AbstractProblemLoader Creating init config 
46828      DEBUG main            d.u.i.k.p.i.AbstractProblemLoader Init config took 2.39s 
46850      INFO  main            d.u.i.k.p.i.AbstractProblemLoader Replaying proof array2DimClose.key 
46852      DEBUG main            d.u.i.k.p.i.IntermediateProofReplayer Proof replay took 12.8ns 
49172      INFO  main            d.u.i.k.p.r.p.TestFile    ... finished proof: open goal(s) 
49515      INFO  main            d.u.i.k.p.r.p.TestFile    Now processing file /home/runner/work/key/key/key.core/../key.ui/examples/standard_key/arrays/arrayStoreException/throwASEForPrim.key 
49515      INFO  main            d.u.i.k.p.i.AbstractProblemLoader Loading environment from /home/runner/work/key/key/key.core/../key.ui/examples/standard_key/arrays/arrayStoreException/throwASEForPrim.key 
49515      DEBUG main            d.u.i.k.p.i.AbstractProblemLoader Environment load took 86.1ns 
49516      INFO  main            d.u.i.k.p.i.AbstractProblemLoader Creating init config 
51836      DEBUG main            d.u.i.k.p.i.AbstractProblemLoader Init config took 2.32s 
51853      INFO  main            d.u.i.k.p.i.AbstractProblemLoader Replaying proof throwASEForPrim.key 
51855      DEBUG main            d.u.i.k.p.i.IntermediateProofReplayer Proof replay took 6.1ns 
56377      INFO  main            d.u.i.k.p.r.p.TestFile    ... finished proof: open goal(s) 
2909304    INFO  Test worker     d.u.i.k.p.r.RunAllProofsTestUnit Returning from test arrays 
2909305    INFO  Test worker     d.u.i.k.p.r.RunAllProofsTestUnit Running test javadl 
382        INFO  Timeout watchdog d.u.i.k.p.r.p.ForkedTestFileRunner Timeout watcher launched (2000 secs.) 
410        WARN  main            d.u.i.k.s.ProofSettings   The settings in /home/runner/.key/proof-settings.props are *not* read. 
440        INFO  main            d.u.i.k.p.r.p.TestFile    Now processing file /home/runner/work/key/key/key.core/../key.ui/examples/standard_key/instanceCreation/instanceCreation1.key 
549        INFO  main            d.u.i.k.p.i.AbstractProblemLoader Loading environment from /home/runner/work/key/key/key.core/../key.ui/examples/standard_key/instanceCreation/instanceCreation1.key 
565        DEBUG main            d.u.i.k.p.i.AbstractProblemLoader Environment load took 2.11ms 
829        INFO  main            d.u.i.k.p.i.AbstractProblemLoader Creating init config 
1771       DEBUG main            d.u.i.k.j.TypeConverter   No LDT found for Meta 
1771       DEBUG main            d.u.i.k.j.TypeConverter   No LDT found for Meta 
1774       DEBUG main            d.u.i.k.j.TypeConverter   No LDT found for Meta 
1774       DEBUG main            d.u.i.k.j.TypeConverter   No LDT found for Meta 
3085       DEBUG main            d.u.i.k.j.TypeConverter   No LDT found for JavaBigintExpression 
8312       DEBUG main            d.u.i.k.p.i.AbstractProblemLoader Init config took 7.48s 
8372       INFO  main            d.u.i.k.p.i.AbstractProblemLoader Replaying proof instanceCreation1.key 
8406       DEBUG main            d.u.i.k.p.i.IntermediateProofReplayer Proof replay took 36.2ns 
9440       INFO  main            d.u.i.k.p.r.p.TestFile    ... finished proof: closed. 
9562       INFO  main            d.u.i.k.p.i.AbstractProblemLoader Loading environment from /home/runner/work/key/key/key.core/../key.ui/examples/standard_key/instanceCreation/instanceCreation1.key.proof 
9562       DEBUG main            d.u.i.k.p.i.AbstractProblemLoader Environment load took 146.4ns 
9568       INFO  main            d.u.i.k.p.i.AbstractProblemLoader Creating init config 
12299      DEBUG main            d.u.i.k.p.i.AbstractProblemLoader Init config took 2.73s 
12343      INFO  main            d.u.i.k.p.i.AbstractProblemLoader Replaying proof instanceCreation1.key.proof 
12495      DEBUG main            d.u.i.k.p.i.IntermediateProofReplayer Proof replay took 145.08ms 
12509      DEBUG main            d.u.i.k.p.r.p.TestFile    ... success: reloaded. 
12517      INFO  main            d.u.i.k.p.r.p.TestFile    Now processing file /home/runner/work/key/key/key.core/../key.ui/examples/standard_key/instanceCreation/instanceCreation2.key 
12529      INFO  main            d.u.i.k.p.i.AbstractProblemLoader Loading environment from /home/runner/work/key/key/key.core/../key.ui/examples/standard_key/instanceCreation/instanceCreation2.key 
12529      DEBUG main            d.u.i.k.p.i.AbstractProblemLoader Environment load took 432.31ns 
12531      INFO  main            d.u.i.k.p.i.AbstractProblemLoader Creating init config 
15259      DEBUG main            d.u.i.k.p.i.AbstractProblemLoader Init config took 2.73s 
15307      INFO  main            d.u.i.k.p.i.AbstractProblemLoader Replaying proof instanceCreation2.key 
15313      DEBUG main            d.u.i.k.p.i.IntermediateProofReplayer Proof replay took 5.7ns 
16020      INFO  main            d.u.i.k.p.r.p.TestFile    ... finished proof: closed. 
16188      INFO  main            d.u.i.k.p.i.AbstractProblemLoader Loading environment from /home/runner/work/key/key/key.core/../key.ui/examples/standard_key/instanceCreation/instanceCreation2.key.proof 
16188      DEBUG main            d.u.i.k.p.i.AbstractProblemLoader Environment load took 416.21ns 
16193      INFO  main            d.u.i.k.p.i.AbstractProblemLoader Creating init config 
18703      DEBUG main            d.u.i.k.p.i.AbstractProblemLoader Init config took 2.51s 
18728      INFO  main            d.u.i.k.p.i.AbstractProblemLoader Replaying proof instanceCreation2.key.proof 
18849      DEBUG main            d.u.i.k.p.i.IntermediateProofReplayer Proof replay took 116.27ms 
18850      DEBUG main            d.u.i.k.p.r.p.TestFile    ... success: reloaded. 
18852      INFO  main            d.u.i.k.p.r.p.TestFile    Now processing file /home/runner/work/key/key/key.core/../key.ui/examples/standard_key/instanceCreation/interfacesAndAbstractClassesHaveNoInstances.key 
18852      INFO  main            d.u.i.k.p.i.AbstractProblemLoader Loading environment from /home/runner/work/key/key/key.core/../key.ui/examples/standard_key/instanceCreation/interfacesAndAbstractClassesHaveNoInstances.key 
18852      DEBUG main            d.u.i.k.p.i.AbstractProblemLoader Environment load took 217.9ns 
18854      INFO  main            d.u.i.k.p.i.AbstractProblemLoader Creating init config 
21436      DEBUG main            d.u.i.k.p.i.AbstractProblemLoader Init config took 2.58s 
21458      INFO  main            d.u.i.k.p.i.AbstractProblemLoader Replaying proof interfacesAndAbstractClassesHaveNoInstances.key 
21463      DEBUG main            d.u.i.k.p.i.IntermediateProofReplayer Proof replay took 7.5ns 
21565      INFO  main            d.u.i.k.p.r.p.TestFile    ... finished proof: closed. 
21754      INFO  main            d.u.i.k.p.i.AbstractProblemLoader Loading environment from /home/runner/work/key/key/key.core/../key.ui/examples/standard_key/instanceCreation/interfacesAndAbstractClassesHaveNoInstances.key.proof 
21754      DEBUG main            d.u.i.k.p.i.AbstractProblemLoader Environment load took 132.8ns 
21755      INFO  main            d.u.i.k.p.i.AbstractProblemLoader Creating init config 
24253      DEBUG main            d.u.i.k.p.i.AbstractProblemLoader Init config took 2.5s 
24274      INFO  main            d.u.i.k.p.i.AbstractProblemLoader Replaying proof interfacesAndAbstractClassesHaveNoInstances.key.proof 
24277      DEBUG main            d.u.i.k.p.i.IntermediateProofReplayer Proof replay took 1.38ms 
24279      DEBUG main            d.u.i.k.p.r.p.TestFile    ... success: reloaded. 
24280      INFO  main            d.u.i.k.p.r.p.TestFile    Now processing file /home/runner/work/key/key/key.core/../key.ui/examples/standard_key/instanceCreation/successiveCreatedObjectsAreDistinct.key 
24280      INFO  main            d.u.i.k.p.i.AbstractProblemLoader Loading environment from /home/runner/work/key/key/key.core/../key.ui/examples/standard_key/instanceCreation/successiveCreatedObjectsAreDistinct.key 
24280      DEBUG main            d.u.i.k.p.i.AbstractProblemLoader Environment load took 239.41ns 
24282      INFO  main            d.u.i.k.p.i.AbstractProblemLoader Creating init config 
26809      DEBUG main            d.u.i.k.p.i.AbstractProblemLoader Init config took 2.53s 
26830      INFO  main            d.u.i.k.p.i.AbstractProblemLoader Replaying proof successiveCreatedObjectsAreDistinct.key 
26832      DEBUG main            d.u.i.k.p.i.IntermediateProofReplayer Proof replay took 7ns 
27139      INFO  main            d.u.i.k.p.r.p.TestFile    ... finished proof: closed. 
27343      INFO  main            d.u.i.k.p.i.AbstractProblemLoader Loading environment from /home/runner/work/key/key/key.core/../key.ui/examples/standard_key/instanceCreation/successiveCreatedObjectsAreDistinct.key.proof 
27343      DEBUG main            d.u.i.k.p.i.AbstractProblemLoader Environment load took 128.3ns 
27345      INFO  main            d.u.i.k.p.i.AbstractProblemLoader Creating init config 
29815      DEBUG main            d.u.i.k.p.i.AbstractProblemLoader Init config took 2.47s 
29854      INFO  main            d.u.i.k.p.i.AbstractProblemLoader Replaying proof successiveCreatedObjectsAreDistinct.key.proof 
29923      DEBUG main            d.u.i.k.p.i.IntermediateProofReplayer Proof replay took 65.4ms 
29924      DEBUG main            d.u.i.k.p.r.p.TestFile    ... success: reloaded. 
29925      INFO  main            d.u.i.k.p.r.p.TestFile    Now processing file /home/runner/work/key/key/key.core/../key.ui/examples/standard_key/instanceCreation/testOverloadingConstructors.key 
29925      INFO  main            d.u.i.k.p.i.AbstractProblemLoader Loading environment from /home/runner/work/key/key/key.core/../key.ui/examples/standard_key/instanceCreation/testOverloadingConstructors.key 
29926      DEBUG main            d.u.i.k.p.i.AbstractProblemLoader Environment load took 205.2ns 
29927      INFO  main            d.u.i.k.p.i.AbstractProblemLoader Creating init config 
32425      DEBUG main            d.u.i.k.p.i.AbstractProblemLoader Init config took 2.5s 
32445      INFO  main            d.u.i.k.p.i.AbstractProblemLoader Replaying proof testOverloadingConstructors.key 
32447      DEBUG main            d.u.i.k.p.i.IntermediateProofReplayer Proof replay took 7.3ns 
32750      INFO  main            d.u.i.k.p.r.p.TestFile    ... finished proof: closed. 
32920      INFO  main            d.u.i.k.p.i.AbstractProblemLoader Loading environment from /home/runner/work/key/key/key.core/../key.ui/examples/standard_key/instanceCreation/testOverloadingConstructors.key.proof 
32920      DEBUG main            d.u.i.k.p.i.AbstractProblemLoader Environment load took 567.61ns 
32925      INFO  main            d.u.i.k.p.i.AbstractProblemLoader Creating init config 
35366      DEBUG main            d.u.i.k.p.i.AbstractProblemLoader Init config took 2.44s 
35386      INFO  main            d.u.i.k.p.i.AbstractProblemLoader Replaying proof testOverloadingConstructors.key.proof 
35442      DEBUG main            d.u.i.k.p.i.IntermediateProofReplayer Proof replay took 52.25ms 
35443      DEBUG main            d.u.i.k.p.r.p.TestFile    ... success: reloaded. 
35444      INFO  main            d.u.i.k.p.r.p.TestFile    Now processing file /home/runner/work/key/key/key.core/../key.ui/examples/standard_key/java_dl/SimpleAttributes.key 
35445      INFO  main            d.u.i.k.p.i.AbstractProblemLoader Loading environment from /home/runner/work/key/key/key.core/../key.ui/examples/standard_key/java_dl/SimpleAttributes.key 
35445      DEBUG main            d.u.i.k.p.i.AbstractProblemLoader Environment load took 220.8ns 
35446      INFO  main            d.u.i.k.p.i.AbstractProblemLoader Creating init config 
37964      DEBUG main            d.u.i.k.p.i.AbstractProblemLoader Init config took 2.52s 
37986      INFO  main            d.u.i.k.p.i.AbstractProblemLoader Replaying proof SimpleAttributes.key 
37988      DEBUG main            d.u.i.k.p.i.IntermediateProofReplayer Proof replay took 6.9ns 
38094      INFO  main            d.u.i.k.p.r.p.TestFile    ... finished proof: closed. 
38260      INFO  main            d.u.i.k.p.i.AbstractProblemLoader Loading environment from /home/runner/work/key/key/key.core/../key.ui/examples/standard_key/java_dl/SimpleAttributes.key.proof 
38260      DEBUG main            d.u.i.k.p.i.AbstractProblemLoader Environment load took 123.8ns 
38263      INFO  main            d.u.i.k.p.i.AbstractProblemLoader Creating init config 
40631      DEBUG main            d.u.i.k.p.i.AbstractProblemLoader Init config took 2.37s 
40651      INFO  main            d.u.i.k.p.i.AbstractProblemLoader Replaying proof SimpleAttributes.key.proof 
40676      DEBUG main            d.u.i.k.p.i.IntermediateProofReplayer Proof replay took 22.29ms 
40677      DEBUG main            d.u.i.k.p.r.p.TestFile    ... success: reloaded. 
40678      INFO  main            d.u.i.k.p.r.p.TestFile    Now processing file /home/runner/work/key/key/key.core/../key.ui/examples/standard_key/java_dl/arrayMax.key 
40678      INFO  main            d.u.i.k.p.i.AbstractProblemLoader Loading environment from /home/runner/work/key/key/key.core/../key.ui/examples/standard_key/java_dl/arrayMax.key 
40679      DEBUG main            d.u.i.k.p.i.AbstractProblemLoader Environment load took 194.1ns 
40681      INFO  main            d.u.i.k.p.i.AbstractProblemLoader Creating init config 
43187      DEBUG main            d.u.i.k.p.i.AbstractProblemLoader Init config took 2.51s 
43210      INFO  main            d.u.i.k.p.i.AbstractProblemLoader Replaying proof arrayMax.key 
43212      DEBUG main            d.u.i.k.p.i.IntermediateProofReplayer Proof replay took 6.5ns 
44523      INFO  main            d.u.i.k.p.r.p.TestFile    ... finished proof: closed. 
44735      INFO  main            d.u.i.k.p.i.AbstractProblemLoader Loading environment from /home/runner/work/key/key/key.core/../key.ui/examples/standard_key/java_dl/arrayMax.key.proof 
44736      DEBUG main            d.u.i.k.p.i.AbstractProblemLoader Environment load took 599.31ns 
44738      INFO  main            d.u.i.k.p.i.AbstractProblemLoader Creating init config 
47213      DEBUG main            d.u.i.k.p.i.AbstractProblemLoader Init config took 2.48s 
47234      INFO  main            d.u.i.k.p.i.AbstractProblemLoader Replaying proof arrayMax.key.proof 
47487      DEBUG main            d.u.i.k.p.i.IntermediateProofReplayer Proof replay took 246.51ms 
47489      DEBUG main            d.u.i.k.p.r.p.TestFile    ... success: reloaded. 
47490      INFO  main            d.u.i.k.p.r.p.TestFile    Now processing file /home/runner/work/key/key/key.core/../key.ui/examples/standard_key/java_dl/arrayUpdateSimp.key 
47491      INFO  main            d.u.i.k.p.i.AbstractProblemLoader Loading environment from /home/runner/work/key/key/key.core/../key.ui/examples/standard_key/java_dl/arrayUpdateSimp.key 
47491      DEBUG main            d.u.i.k.p.i.AbstractProblemLoader Environment load took 208.4ns 
47493      INFO  main            d.u.i.k.p.i.AbstractProblemLoader Creating init config 
47518      WARN  main            d.u.i.k.j.r.KeYCrossReferenceNameInfo Datatype java.io.PrintStream declared twice: Once in FILE:/home/runner/work/key/key/key.core/../key.ui/examples/standard_key/java_dl/./classpath/PrintStream.java and once in URL:file:/home/runner/work/key/key/key.core/build/resources/main/de/uka/ilkd/key/java/JavaRedux/java/io/PrintStream.java, Keeping one from URL:file:/home/runner/work/key/key/key.core/build/resources/main/de/uka/ilkd/key/java/JavaRedux/java/io/PrintStream.java 
47518      WARN  main            d.u.i.k.j.r.KeYCrossReferenceNameInfo Datatype java.io.InputStream declared twice: Once in FILE:/home/runner/work/key/key/key.core/../key.ui/examples/standard_key/java_dl/./classpath/InputStream.java and once in URL:file:/home/runner/work/key/key/key.core/build/resources/main/de/uka/ilkd/key/java/JavaRedux/java/io/InputStream.java, Keeping one from URL:file:/home/runner/work/key/key/key.core/build/resources/main/de/uka/ilkd/key/java/JavaRedux/java/io/InputStream.java 
47518      WARN  main            d.u.i.k.j.r.KeYCrossReferenceNameInfo Datatype java.lang.System declared twice: Once in FILE:/home/runner/work/key/key/key.core/../key.ui/examples/standard_key/java_dl/./classpath/System.java and once in URL:file:/home/runner/work/key/key/key.core/build/resources/main/de/uka/ilkd/key/java/JavaRedux/java/lang/System.java, Keeping one from URL:file:/home/runner/work/key/key/key.core/build/resources/main/de/uka/ilkd/key/java/JavaRedux/java/lang/System.java 
47524      DEBUG main            d.u.i.k.j.r.ClassFileDeclarationBuilder Parsing: package java.io; public class Closeable { } 
47524      DEBUG main            r.s.KeYCrossReferenceSourceInfo Dynamically created class: java.io.Closeable 
50018      DEBUG main            d.u.i.k.p.i.AbstractProblemLoader Init config took 2.52s 
50039      INFO  main            d.u.i.k.p.i.AbstractProblemLoader Replaying proof arrayUpdateSimp.key 
50041      DEBUG main            d.u.i.k.p.i.IntermediateProofReplayer Proof replay took 6.9ns 
50146      INFO  main            d.u.i.k.p.r.p.TestFile    ... finished proof: closed. 
50356      INFO  main            d.u.i.k.p.i.AbstractProblemLoader Loading environment from /home/runner/work/key/key/key.core/../key.ui/examples/standard_key/java_dl/arrayUpdateSimp.key.proof 
50357      DEBUG main            d.u.i.k.p.i.AbstractProblemLoader Environment load took 132.5ns 
50362      INFO  main            d.u.i.k.p.i.AbstractProblemLoader Creating init config 
50386      WARN  main            d.u.i.k.j.r.KeYCrossReferenceNameInfo Datatype java.io.PrintStream declared twice: Once in FILE:/home/runner/work/key/key/key.core/../key.ui/examples/standard_key/java_dl/classpath/PrintStream.java and once in URL:file:/home/runner/work/key/key/key.core/build/resources/main/de/uka/ilkd/key/java/JavaRedux/java/io/PrintStream.java, Keeping one from URL:file:/home/runner/work/key/key/key.core/build/resources/main/de/uka/ilkd/key/java/JavaRedux/java/io/PrintStream.java 
50386      WARN  main            d.u.i.k.j.r.KeYCrossReferenceNameInfo Datatype java.io.InputStream declared twice: Once in FILE:/home/runner/work/key/key/key.core/../key.ui/examples/standard_key/java_dl/classpath/InputStream.java and once in URL:file:/home/runner/work/key/key/key.core/build/resources/main/de/uka/ilkd/key/java/JavaRedux/java/io/InputStream.java, Keeping one from URL:file:/home/runner/work/key/key/key.core/build/resources/main/de/uka/ilkd/key/java/JavaRedux/java/io/InputStream.java 
50386      WARN  main            d.u.i.k.j.r.KeYCrossReferenceNameInfo Datatype java.lang.System declared twice: Once in FILE:/home/runner/work/key/key/key.core/../key.ui/examples/standard_key/java_dl/classpath/System.java and once in URL:file:/home/runner/work/key/key/key.core/build/resources/main/de/uka/ilkd/key/java/JavaRedux/java/lang/System.java, Keeping one from URL:file:/home/runner/work/key/key/key.core/build/resources/main/de/uka/ilkd/key/java/JavaRedux/java/lang/System.java 
50390      DEBUG main            d.u.i.k.j.r.ClassFileDeclarationBuilder Parsing: package java.io; public class Closeable { } 
50390      DEBUG main            r.s.KeYCrossReferenceSourceInfo Dynamically created class: java.io.Closeable 
52822      DEBUG main            d.u.i.k.p.i.AbstractProblemLoader Init config took 2.46s 
52844      INFO  main            d.u.i.k.p.i.AbstractProblemLoader Replaying proof arrayUpdateSimp.key.proof 
52846      DEBUG main            d.u.i.k.p.i.IntermediateProofReplayer Proof replay took 600.41ns 
52848      DEBUG main            d.u.i.k.p.r.p.TestFile    ... success: reloaded. 
52850      INFO  main            d.u.i.k.p.r.p.TestFile    Now processing file /home/runner/work/key/key/key.core/../key.ui/examples/standard_key/java_dl/attributes.key 
52850      INFO  main            d.u.i.k.p.i.AbstractProblemLoader Loading environment from /home/runner/work/key/key/key.core/../key.ui/examples/standard_key/java_dl/attributes.key 
52850      DEBUG main            d.u.i.k.p.i.AbstractProblemLoader Environment load took 224.7ns 
52851      INFO  main            d.u.i.k.p.i.AbstractProblemLoader Creating init config 
55265      DEBUG main            d.u.i.k.p.i.AbstractProblemLoader Init config took 2.41s 
55283      INFO  main            d.u.i.k.p.i.AbstractProblemLoader Replaying proof attributes.key 
55285      DEBUG main            d.u.i.k.p.i.IntermediateProofReplayer Proof replay took 7.2ns 
55490      INFO  main            d.u.i.k.p.r.p.TestFile    ... finished proof: closed. 
55724      INFO  main            d.u.i.k.p.i.AbstractProblemLoader Loading environment from /home/runner/work/key/key/key.core/../key.ui/examples/standard_key/java_dl/attributes.key.proof 
55724      DEBUG main            d.u.i.k.p.i.AbstractProblemLoader Environment load took 120.7ns 
55726      INFO  main            d.u.i.k.p.i.AbstractProblemLoader Creating init config 
58075      DEBUG main            d.u.i.k.p.i.AbstractProblemLoader Init config took 2.35s 
58093      INFO  main            d.u.i.k.p.i.AbstractProblemLoader Replaying proof attributes.key.proof 
58131      DEBUG main            d.u.i.k.p.i.IntermediateProofReplayer Proof replay took 35.99ms 
58133      DEBUG main            d.u.i.k.p.r.p.TestFile    ... success: reloaded. 
58134      INFO  main            d.u.i.k.p.r.p.TestFile    Now processing file /home/runner/work/key/key/key.core/../key.ui/examples/standard_key/java_dl/break.key 
58134      INFO  main            d.u.i.k.p.i.AbstractProblemLoader Loading environment from /home/runner/work/key/key/key.core/../key.ui/examples/standard_key/java_dl/break.key 
58134      DEBUG main            d.u.i.k.p.i.AbstractProblemLoader Environment load took 195.3ns 
58149      INFO  main            d.u.i.k.p.i.AbstractProblemLoader Creating init config 
58189      WARN  main            d.u.i.k.j.r.KeYCrossReferenceNameInfo Datatype java.io.PrintStream declared twice: Once in FILE:/home/runner/work/key/key/key.core/../key.ui/examples/standard_key/java_dl/classpath/PrintStream.java and once in URL:file:/home/runner/work/key/key/key.core/build/resources/main/de/uka/ilkd/key/java/JavaRedux/java/io/PrintStream.java, Keeping one from URL:file:/home/runner/work/key/key/key.core/build/resources/main/de/uka/ilkd/key/java/JavaRedux/java/io/PrintStream.java 
58192      WARN  main            d.u.i.k.j.r.KeYCrossReferenceNameInfo Datatype java.io.InputStream declared twice: Once in FILE:/home/runner/work/key/key/key.core/../key.ui/examples/standard_key/java_dl/classpath/InputStream.java and once in URL:file:/home/runner/work/key/key/key.core/build/resources/main/de/uka/ilkd/key/java/JavaRedux/java/io/InputStream.java, Keeping one from URL:file:/home/runner/work/key/key/key.core/build/resources/main/de/uka/ilkd/key/java/JavaRedux/java/io/InputStream.java 
58193      WARN  main            d.u.i.k.j.r.KeYCrossReferenceNameInfo Datatype java.lang.System declared twice: Once in FILE:/home/runner/work/key/key/key.core/../key.ui/examples/standard_key/java_dl/classpath/System.java and once in URL:file:/home/runner/work/key/key/key.core/build/resources/main/de/uka/ilkd/key/java/JavaRedux/java/lang/System.java, Keeping one from URL:file:/home/runner/work/key/key/key.core/build/resources/main/de/uka/ilkd/key/java/JavaRedux/java/lang/System.java 
58196      DEBUG main            d.u.i.k.j.r.ClassFileDeclarationBuilder Parsing: package java.io; public class Closeable { } 
58198      DEBUG main            r.s.KeYCrossReferenceSourceInfo Dynamically created class: java.io.Closeable 
60585      DEBUG main            d.u.i.k.p.i.AbstractProblemLoader Init config took 2.44s 
60602      INFO  main            d.u.i.k.p.i.AbstractProblemLoader Replaying proof break.key 
60604      DEBUG main            d.u.i.k.p.i.IntermediateProofReplayer Proof replay took 7.3ns 
60710      INFO  main            d.u.i.k.p.r.p.TestFile    ... finished proof: closed. 
60900      INFO  main            d.u.i.k.p.i.AbstractProblemLoader Loading environment from /home/runner/work/key/key/key.core/../key.ui/examples/standard_key/java_dl/break.key.proof 
60900      DEBUG main            d.u.i.k.p.i.AbstractProblemLoader Environment load took 167.8ns 
60901      INFO  main            d.u.i.k.p.i.AbstractProblemLoader Creating init config 
60924      WARN  main            d.u.i.k.j.r.KeYCrossReferenceNameInfo Datatype java.io.PrintStream declared twice: Once in FILE:/home/runner/work/key/key/key.core/../key.ui/examples/standard_key/java_dl/classpath/PrintStream.java and once in URL:file:/home/runner/work/key/key/key.core/build/resources/main/de/uka/ilkd/key/java/JavaRedux/java/io/PrintStream.java, Keeping one from URL:file:/home/runner/work/key/key/key.core/build/resources/main/de/uka/ilkd/key/java/JavaRedux/java/io/PrintStream.java 
60925      WARN  main            d.u.i.k.j.r.KeYCrossReferenceNameInfo Datatype java.io.InputStream declared twice: Once in FILE:/home/runner/work/key/key/key.core/../key.ui/examples/standard_key/java_dl/classpath/InputStream.java and once in URL:file:/home/runner/work/key/key/key.core/build/resources/main/de/uka/ilkd/key/java/JavaRedux/java/io/InputStream.java, Keeping one from URL:file:/home/runner/work/key/key/key.core/build/resources/main/de/uka/ilkd/key/java/JavaRedux/java/io/InputStream.java 
60925      WARN  main            d.u.i.k.j.r.KeYCrossReferenceNameInfo Datatype java.lang.System declared twice: Once in FILE:/home/runner/work/key/key/key.core/../key.ui/examples/standard_key/java_dl/classpath/System.java and once in URL:file:/home/runner/work/key/key/key.core/build/resources/main/de/uka/ilkd/key/java/JavaRedux/java/lang/System.java, Keeping one from URL:file:/home/runner/work/key/key/key.core/build/resources/main/de/uka/ilkd/key/java/JavaRedux/java/lang/System.java 
60928      DEBUG main            d.u.i.k.j.r.ClassFileDeclarationBuilder Parsing: package java.io; public class Closeable { } 
60929      DEBUG main            r.s.KeYCrossReferenceSourceInfo Dynamically created class: java.io.Closeable 
63280      DEBUG main            d.u.i.k.p.i.AbstractProblemLoader Init config took 2.38s 
63296      INFO  main            d.u.i.k.p.i.AbstractProblemLoader Replaying proof break.key.proof 
63307      DEBUG main            d.u.i.k.p.i.IntermediateProofReplayer Proof replay took 8.68ms 
63309      DEBUG main            d.u.i.k.p.r.p.TestFile    ... success: reloaded. 
63310      INFO  main            d.u.i.k.p.r.p.TestFile    Now processing file /home/runner/work/key/key/key.core/../key.ui/examples/standard_key/java_dl/char.key 
63310      INFO  main            d.u.i.k.p.i.AbstractProblemLoader Loading environment from /home/runner/work/key/key/key.core/../key.ui/examples/standard_key/java_dl/char.key 
63310      DEBUG main            d.u.i.k.p.i.AbstractProblemLoader Environment load took 194.9ns 
63311      INFO  main            d.u.i.k.p.i.AbstractProblemLoader Creating init config 
65683      DEBUG main            d.u.i.k.p.i.AbstractProblemLoader Init config took 2.37s 
65699      INFO  main            d.u.i.k.p.i.AbstractProblemLoader Replaying proof char.key 
65700      DEBUG main            d.u.i.k.p.i.IntermediateProofReplayer Proof replay took 6.4ns 
65806      INFO  main            d.u.i.k.p.r.p.TestFile    ... finished proof: closed. 
65995      INFO  main            d.u.i.k.p.i.AbstractProblemLoader Loading environment from /home/runner/work/key/key/key.core/../key.ui/examples/standard_key/java_dl/char.key.proof 
65995      DEBUG main            d.u.i.k.p.i.AbstractProblemLoader Environment load took 128.9ns 
65997      INFO  main            d.u.i.k.p.i.AbstractProblemLoader Creating init config 
68260      DEBUG main            d.u.i.k.p.i.AbstractProblemLoader Init config took 2.26s 
68276      INFO  main            d.u.i.k.p.i.AbstractProblemLoader Replaying proof char.key.proof 
68280      DEBUG main            d.u.i.k.p.i.IntermediateProofReplayer Proof replay took 2.83ms 
68281      DEBUG main            d.u.i.k.p.r.p.TestFile    ... success: reloaded. 
68281      INFO  main            d.u.i.k.p.r.p.TestFile    Now processing file /home/runner/work/key/key/key.core/../key.ui/examples/standard_key/java_dl/compileTimeConstants.key 
68282      INFO  main            d.u.i.k.p.i.AbstractProblemLoader Loading environment from /home/runner/work/key/key/key.core/../key.ui/examples/standard_key/java_dl/compileTimeConstants.key 
68282      DEBUG main            d.u.i.k.p.i.AbstractProblemLoader Environment load took 92.7ns 
68283      INFO  main            d.u.i.k.p.i.AbstractProblemLoader Creating init config 
70659      DEBUG main            d.u.i.k.p.i.AbstractProblemLoader Init config took 2.38s 
70676      INFO  main            d.u.i.k.p.i.AbstractProblemLoader Replaying proof compileTimeConstants.key 
70677      DEBUG main            d.u.i.k.p.i.IntermediateProofReplayer Proof replay took 6.1ns 
70779      INFO  main            d.u.i.k.p.r.p.TestFile    ... finished proof: closed. 
71034      INFO  main            d.u.i.k.p.i.AbstractProblemLoader Loading environment from /home/runner/work/key/key/key.core/../key.ui/examples/standard_key/java_dl/compileTimeConstants.key.proof 
71034      DEBUG main            d.u.i.k.p.i.AbstractProblemLoader Environment load took 124.6ns 
71035      INFO  main            d.u.i.k.p.i.AbstractProblemLoader Creating init config 
73379      DEBUG main            d.u.i.k.p.i.AbstractProblemLoader Init config took 2.34s 
73395      INFO  main            d.u.i.k.p.i.AbstractProblemLoader Replaying proof compileTimeConstants.key.proof 
73427      DEBUG main            d.u.i.k.p.i.IntermediateProofReplayer Proof replay took 16.64ms 
73429      DEBUG main            d.u.i.k.p.r.p.TestFile    ... success: reloaded. 
73430      INFO  main            d.u.i.k.p.r.p.TestFile    Now processing file /home/runner/work/key/key/key.core/../key.ui/examples/standard_key/java_dl/constructorException/test.key 
73430      INFO  main            d.u.i.k.p.i.AbstractProblemLoader Loading environment from /home/runner/work/key/key/key.core/../key.ui/examples/standard_key/java_dl/constructorException/test.key 
73430      DEBUG main            d.u.i.k.p.i.AbstractProblemLoader Environment load took 187.5ns 
73431      INFO  main            d.u.i.k.p.i.AbstractProblemLoader Creating init config 
75857      DEBUG main            d.u.i.k.p.i.AbstractProblemLoader Init config took 2.43s 
75943      INFO  main            d.u.i.k.p.i.AbstractProblemLoader Replaying proof Test[Test::Test(int)].JML operation contract.0 
75944      DEBUG main            d.u.i.k.p.i.IntermediateProofReplayer Proof replay took 7.1ns 
76247      INFO  main            d.u.i.k.p.r.p.TestFile    ... finished proof: closed. 
76481      INFO  main            d.u.i.k.p.i.AbstractProblemLoader Loading environment from /home/runner/work/key/key/key.core/../key.ui/examples/standard_key/java_dl/constructorException/test.key.proof 
76482      DEBUG main            d.u.i.k.p.i.AbstractProblemLoader Environment load took 139.5ns 
76483      INFO  main            d.u.i.k.p.i.AbstractProblemLoader Creating init config 
78832      DEBUG main            d.u.i.k.p.i.AbstractProblemLoader Init config took 2.35s 
78874      INFO  main            d.u.i.k.p.i.AbstractProblemLoader Replaying proof Test[Test::Test(int)].JML operation contract.0 
78936      DEBUG main            d.u.i.k.p.i.IntermediateProofReplayer Proof replay took 59.1ms 
78937      DEBUG main            d.u.i.k.p.r.p.TestFile    ... success: reloaded. 
78938      INFO  main            d.u.i.k.p.r.p.TestFile    Now processing file /home/runner/work/key/key/key.core/../key.ui/examples/standard_key/java_dl/constructorException/regressionTestBug1333.key 
78938      INFO  main            d.u.i.k.p.i.AbstractProblemLoader Loading environment from /home/runner/work/key/key/key.core/../key.ui/examples/standard_key/java_dl/constructorException/regressionTestBug1333.key 
78939      DEBUG main            d.u.i.k.p.i.AbstractProblemLoader Environment load took 219ns 
78940      INFO  main            d.u.i.k.p.i.AbstractProblemLoader Creating init config 
81319      DEBUG main            d.u.i.k.p.i.AbstractProblemLoader Init config took 2.38s 
81357      INFO  main            d.u.i.k.p.i.AbstractProblemLoader Replaying proof False[False::False()].JML normal_behavior operation contract.0 
81360      DEBUG main            d.u.i.k.p.i.IntermediateProofReplayer Proof replay took 5.7ns 
81463      INFO  main            d.u.i.k.p.r.p.TestFile    ... finished proof: open goal(s) 
81690      INFO  main            d.u.i.k.p.r.p.TestFile    Now processing file /home/runner/work/key/key/key.core/../key.ui/examples/standard_key/java_dl/continue1.key 
81690      INFO  main            d.u.i.k.p.i.AbstractProblemLoader Loading environment from /home/runner/work/key/key/key.core/../key.ui/examples/standard_key/java_dl/continue1.key 
81690      DEBUG main            d.u.i.k.p.i.AbstractProblemLoader Environment load took 325.61ns 
81691      INFO  main            d.u.i.k.p.i.AbstractProblemLoader Creating init config 
81714      WARN  main            d.u.i.k.j.r.KeYCrossReferenceNameInfo Datatype java.io.PrintStream declared twice: Once in FILE:/home/runner/work/key/key/key.core/../key.ui/examples/standard_key/java_dl/classpath/PrintStream.java and once in URL:file:/home/runner/work/key/key/key.core/build/resources/main/de/uka/ilkd/key/java/JavaRedux/java/io/PrintStream.java, Keeping one from URL:file:/home/runner/work/key/key/key.core/build/resources/main/de/uka/ilkd/key/java/JavaRedux/java/io/PrintStream.java 
81714      WARN  main            d.u.i.k.j.r.KeYCrossReferenceNameInfo Datatype java.io.InputStream declared twice: Once in FILE:/home/runner/work/key/key/key.core/../key.ui/examples/standard_key/java_dl/classpath/InputStream.java and once in URL:file:/home/runner/work/key/key/key.core/build/resources/main/de/uka/ilkd/key/java/JavaRedux/java/io/InputStream.java, Keeping one from URL:file:/home/runner/work/key/key/key.core/build/resources/main/de/uka/ilkd/key/java/JavaRedux/java/io/InputStream.java 
81714      WARN  main            d.u.i.k.j.r.KeYCrossReferenceNameInfo Datatype java.lang.System declared twice: Once in FILE:/home/runner/work/key/key/key.core/../key.ui/examples/standard_key/java_dl/classpath/System.java and once in URL:file:/home/runner/work/key/key/key.core/build/resources/main/de/uka/ilkd/key/java/JavaRedux/java/lang/System.java, Keeping one from URL:file:/home/runner/work/key/key/key.core/build/resources/main/de/uka/ilkd/key/java/JavaRedux/java/lang/System.java 
81717      DEBUG main            d.u.i.k.j.r.ClassFileDeclarationBuilder Parsing: package java.io; public class Closeable { } 
81717      DEBUG main            r.s.KeYCrossReferenceSourceInfo Dynamically created class: java.io.Closeable 
83999      DEBUG main            d.u.i.k.p.i.AbstractProblemLoader Init config took 2.31s 
84014      INFO  main            d.u.i.k.p.i.AbstractProblemLoader Replaying proof continue1.key 
84016      DEBUG main            d.u.i.k.p.i.IntermediateProofReplayer Proof replay took 6.8ns 
84122      INFO  main            d.u.i.k.p.r.p.TestFile    ... finished proof: closed. 
84325      INFO  main            d.u.i.k.p.i.AbstractProblemLoader Loading environment from /home/runner/work/key/key/key.core/../key.ui/examples/standard_key/java_dl/continue1.key.proof 
84325      DEBUG main            d.u.i.k.p.i.AbstractProblemLoader Environment load took 140.6ns 
84326      INFO  main            d.u.i.k.p.i.AbstractProblemLoader Creating init config 
84348      WARN  main            d.u.i.k.j.r.KeYCrossReferenceNameInfo Datatype java.io.PrintStream declared twice: Once in FILE:/home/runner/work/key/key/key.core/../key.ui/examples/standard_key/java_dl/classpath/PrintStream.java and once in URL:file:/home/runner/work/key/key/key.core/build/resources/main/de/uka/ilkd/key/java/JavaRedux/java/io/PrintStream.java, Keeping one from URL:file:/home/runner/work/key/key/key.core/build/resources/main/de/uka/ilkd/key/java/JavaRedux/java/io/PrintStream.java 
84348      WARN  main            d.u.i.k.j.r.KeYCrossReferenceNameInfo Datatype java.io.InputStream declared twice: Once in FILE:/home/runner/work/key/key/key.core/../key.ui/examples/standard_key/java_dl/classpath/InputStream.java and once in URL:file:/home/runner/work/key/key/key.core/build/resources/main/de/uka/ilkd/key/java/JavaRedux/java/io/InputStream.java, Keeping one from URL:file:/home/runner/work/key/key/key.core/build/resources/main/de/uka/ilkd/key/java/JavaRedux/java/io/InputStream.java 
84349      WARN  main            d.u.i.k.j.r.KeYCrossReferenceNameInfo Datatype java.lang.System declared twice: Once in FILE:/home/runner/work/key/key/key.core/../key.ui/examples/standard_key/java_dl/classpath/System.java and once in URL:file:/home/runner/work/key/key/key.core/build/resources/main/de/uka/ilkd/key/java/JavaRedux/java/lang/System.java, Keeping one from URL:file:/home/runner/work/key/key/key.core/build/resources/main/de/uka/ilkd/key/java/JavaRedux/java/lang/System.java 
84352      DEBUG main            d.u.i.k.j.r.ClassFileDeclarationBuilder Parsing: package java.io; public class Closeable { } 
84352      DEBUG main            r.s.KeYCrossReferenceSourceInfo Dynamically created class: java.io.Closeable 
86624      DEBUG main            d.u.i.k.p.i.AbstractProblemLoader Init config took 2.3s 
86639      INFO  main            d.u.i.k.p.i.AbstractProblemLoader Replaying proof continue1.key.proof 
86661      DEBUG main            d.u.i.k.p.i.IntermediateProofReplayer Proof replay took 19.32ms 
86662      DEBUG main            d.u.i.k.p.r.p.TestFile    ... success: reloaded. 
86663      INFO  main            d.u.i.k.p.r.p.TestFile    Now processing file /home/runner/work/key/key/key.core/../key.ui/examples/standard_key/java_dl/continue2.key 
86663      INFO  main            d.u.i.k.p.i.AbstractProblemLoader Loading environment from /home/runner/work/key/key/key.core/../key.ui/examples/standard_key/java_dl/continue2.key 
86663      DEBUG main            d.u.i.k.p.i.AbstractProblemLoader Environment load took 79ns 
86664      INFO  main            d.u.i.k.p.i.AbstractProblemLoader Creating init config 
86686      WARN  main            d.u.i.k.j.r.KeYCrossReferenceNameInfo Datatype java.io.PrintStream declared twice: Once in FILE:/home/runner/work/key/key/key.core/../key.ui/examples/standard_key/java_dl/classpath/PrintStream.java and once in URL:file:/home/runner/work/key/key/key.core/build/resources/main/de/uka/ilkd/key/java/JavaRedux/java/io/PrintStream.java, Keeping one from URL:file:/home/runner/work/key/key/key.core/build/resources/main/de/uka/ilkd/key/java/JavaRedux/java/io/PrintStream.java 
86686      WARN  main            d.u.i.k.j.r.KeYCrossReferenceNameInfo Datatype java.io.InputStream declared twice: Once in FILE:/home/runner/work/key/key/key.core/../key.ui/examples/standard_key/java_dl/classpath/InputStream.java and once in URL:file:/home/runner/work/key/key/key.core/build/resources/main/de/uka/ilkd/key/java/JavaRedux/java/io/InputStream.java, Keeping one from URL:file:/home/runner/work/key/key/key.core/build/resources/main/de/uka/ilkd/key/java/JavaRedux/java/io/InputStream.java 
86687      WARN  main            d.u.i.k.j.r.KeYCrossReferenceNameInfo Datatype java.lang.System declared twice: Once in FILE:/home/runner/work/key/key/key.core/../key.ui/examples/standard_key/java_dl/classpath/System.java and once in URL:file:/home/runner/work/key/key/key.core/build/resources/main/de/uka/ilkd/key/java/JavaRedux/java/lang/System.java, Keeping one from URL:file:/home/runner/work/key/key/key.core/build/resources/main/de/uka/ilkd/key/java/JavaRedux/java/lang/System.java 
86690      DEBUG main            d.u.i.k.j.r.ClassFileDeclarationBuilder Parsing: package java.io; public class Closeable { } 
86690      DEBUG main            r.s.KeYCrossReferenceSourceInfo Dynamically created class: java.io.Closeable 
89069      DEBUG main            d.u.i.k.p.i.AbstractProblemLoader Init config took 2.4s 
89083      INFO  main            d.u.i.k.p.i.AbstractProblemLoader Replaying proof continue2.key 
89085      DEBUG main            d.u.i.k.p.i.IntermediateProofReplayer Proof replay took 6ns 
89388      INFO  main            d.u.i.k.p.r.p.TestFile    ... finished proof: closed. 
89622      INFO  main            d.u.i.k.p.i.AbstractProblemLoader Loading environment from /home/runner/work/key/key/key.core/../key.ui/examples/standard_key/java_dl/continue2.key.proof 
89622      DEBUG main            d.u.i.k.p.i.AbstractProblemLoader Environment load took 111.6ns 
89624      INFO  main            d.u.i.k.p.i.AbstractProblemLoader Creating init config 
89649      WARN  main            d.u.i.k.j.r.KeYCrossReferenceNameInfo Datatype java.io.PrintStream declared twice: Once in FILE:/home/runner/work/key/key/key.core/../key.ui/examples/standard_key/java_dl/classpath/PrintStream.java and once in URL:file:/home/runner/work/key/key/key.core/build/resources/main/de/uka/ilkd/key/java/JavaRedux/java/io/PrintStream.java, Keeping one from URL:file:/home/runner/work/key/key/key.core/build/resources/main/de/uka/ilkd/key/java/JavaRedux/java/io/PrintStream.java 
89649      WARN  main            d.u.i.k.j.r.KeYCrossReferenceNameInfo Datatype java.io.InputStream declared twice: Once in FILE:/home/runner/work/key/key/key.core/../key.ui/examples/standard_key/java_dl/classpath/InputStream.java and once in URL:file:/home/runner/work/key/key/key.core/build/resources/main/de/uka/ilkd/key/java/JavaRedux/java/io/InputStream.java, Keeping one from URL:file:/home/runner/work/key/key/key.core/build/resources/main/de/uka/ilkd/key/java/JavaRedux/java/io/InputStream.java 
89649      WARN  main            d.u.i.k.j.r.KeYCrossReferenceNameInfo Datatype java.lang.System declared twice: Once in FILE:/home/runner/work/key/key/key.core/../key.ui/examples/standard_key/java_dl/classpath/System.java and once in URL:file:/home/runner/work/key/key/key.core/build/resources/main/de/uka/ilkd/key/java/JavaRedux/java/lang/System.java, Keeping one from URL:file:/home/runner/work/key/key/key.core/build/resources/main/de/uka/ilkd/key/java/JavaRedux/java/lang/System.java 
89652      DEBUG main            d.u.i.k.j.r.ClassFileDeclarationBuilder Parsing: package java.io; public class Closeable { } 
89652      DEBUG main            r.s.KeYCrossReferenceSourceInfo Dynamically created class: java.io.Closeable 
91914      DEBUG main            d.u.i.k.p.i.AbstractProblemLoader Init config took 2.29s 
91928      INFO  main            d.u.i.k.p.i.AbstractProblemLoader Replaying proof continue2.key.proof 
92005      DEBUG main            d.u.i.k.p.i.IntermediateProofReplayer Proof replay took 74.16ms 
92006      DEBUG main            d.u.i.k.p.r.p.TestFile    ... success: reloaded. 
92007      INFO  main            d.u.i.k.p.r.p.TestFile    Now processing file /home/runner/work/key/key/key.core/../key.ui/examples/standard_key/java_dl/complexAssignment.key 
92008      INFO  main            d.u.i.k.p.i.AbstractProblemLoader Loading environment from /home/runner/work/key/key/key.core/../key.ui/examples/standard_key/java_dl/complexAssignment.key 
92008      DEBUG main            d.u.i.k.p.i.AbstractProblemLoader Environment load took 122.6ns 
92009      INFO  main            d.u.i.k.p.i.AbstractProblemLoader Creating init config 
94378      DEBUG main            d.u.i.k.p.i.AbstractProblemLoader Init config took 2.37s 
94392      INFO  main            d.u.i.k.p.i.AbstractProblemLoader Replaying proof complexAssignment.key 
94394      DEBUG main            d.u.i.k.p.i.IntermediateProofReplayer Proof replay took 6.6ns 
94495      INFO  main            d.u.i.k.p.r.p.TestFile    ... finished proof: closed. 
94708      INFO  main            d.u.i.k.p.i.AbstractProblemLoader Loading environment from /home/runner/work/key/key/key.core/../key.ui/examples/standard_key/java_dl/complexAssignment.key.proof 
94709      DEBUG main            d.u.i.k.p.i.AbstractProblemLoader Environment load took 110.3ns 
94710      INFO  main            d.u.i.k.p.i.AbstractProblemLoader Creating init config 
96947      DEBUG main            d.u.i.k.p.i.AbstractProblemLoader Init config took 2.24s 
96961      INFO  main            d.u.i.k.p.i.AbstractProblemLoader Replaying proof complexAssignment.key.proof 
96970      DEBUG main            d.u.i.k.p.i.IntermediateProofReplayer Proof replay took 6.7ms 
96971      DEBUG main            d.u.i.k.p.r.p.TestFile    ... success: reloaded. 
96971      INFO  main            d.u.i.k.p.r.p.TestFile    Now processing file /home/runner/work/key/key/key.core/../key.ui/examples/standard_key/java_dl/danglingElseSolution1.key 
96971      INFO  main            d.u.i.k.p.i.AbstractProblemLoader Loading environment from /home/runner/work/key/key/key.core/../key.ui/examples/standard_key/java_dl/danglingElseSolution1.key 
96971      DEBUG main            d.u.i.k.p.i.AbstractProblemLoader Environment load took 84.5ns 
96972      INFO  main            d.u.i.k.p.i.AbstractProblemLoader Creating init config 
99301      DEBUG main            d.u.i.k.p.i.AbstractProblemLoader Init config took 2.33s 
99316      INFO  main            d.u.i.k.p.i.AbstractProblemLoader Replaying proof danglingElseSolution1.key 
99317      DEBUG main            d.u.i.k.p.i.IntermediateProofReplayer Proof replay took 7.8ns 
99422      INFO  main            d.u.i.k.p.r.p.TestFile    ... finished proof: closed. 
99658      INFO  main            d.u.i.k.p.i.AbstractProblemLoader Loading environment from /home/runner/work/key/key/key.core/../key.ui/examples/standard_key/java_dl/danglingElseSolution1.key.proof 
99658      DEBUG main            d.u.i.k.p.i.AbstractProblemLoader Environment load took 121.9ns 
99660      INFO  main            d.u.i.k.p.i.AbstractProblemLoader Creating init config 
101906     DEBUG main            d.u.i.k.p.i.AbstractProblemLoader Init config took 2.25s 
101922     INFO  main            d.u.i.k.p.i.AbstractProblemLoader Replaying proof danglingElseSolution1.key.proof 
101942     DEBUG main            d.u.i.k.p.i.IntermediateProofReplayer Proof replay took 16.24ms 
101944     DEBUG main            d.u.i.k.p.r.p.TestFile    ... success: reloaded. 
101945     INFO  main            d.u.i.k.p.r.p.TestFile    Now processing file /home/runner/work/key/key/key.core/../key.ui/examples/standard_key/java_dl/danglingElseSolution2.key 
101945     INFO  main            d.u.i.k.p.i.AbstractProblemLoader Loading environment from /home/runner/work/key/key/key.core/../key.ui/examples/standard_key/java_dl/danglingElseSolution2.key 
101945     DEBUG main            d.u.i.k.p.i.AbstractProblemLoader Environment load took 187.4ns 
101946     INFO  main            d.u.i.k.p.i.AbstractProblemLoader Creating init config 
104242     DEBUG main            d.u.i.k.p.i.AbstractProblemLoader Init config took 2.3s 
104260     INFO  main            d.u.i.k.p.i.AbstractProblemLoader Replaying proof danglingElseSolution2.key 
104263     DEBUG main            d.u.i.k.p.i.IntermediateProofReplayer Proof replay took 7.4ns 
104366     INFO  main            d.u.i.k.p.r.p.TestFile    ... finished proof: closed. 
104605     INFO  main            d.u.i.k.p.i.AbstractProblemLoader Loading environment from /home/runner/work/key/key/key.core/../key.ui/examples/standard_key/java_dl/danglingElseSolution2.key.proof 
104605     DEBUG main            d.u.i.k.p.i.AbstractProblemLoader Environment load took 114.9ns 
104606     INFO  main            d.u.i.k.p.i.AbstractProblemLoader Creating init config 
106838     DEBUG main            d.u.i.k.p.i.AbstractProblemLoader Init config took 2.23s 
106853     INFO  main            d.u.i.k.p.i.AbstractProblemLoader Replaying proof danglingElseSolution2.key.proof 
106864     DEBUG main            d.u.i.k.p.i.IntermediateProofReplayer Proof replay took 9.45ms 
106865     DEBUG main            d.u.i.k.p.r.p.TestFile    ... success: reloaded. 
106867     INFO  main            d.u.i.k.p.r.p.TestFile    Now processing file /home/runner/work/key/key/key.core/../key.ui/examples/standard_key/java_dl/deepNonNull/deepNonNull0.key 
106867     INFO  main            d.u.i.k.p.i.AbstractProblemLoader Loading environment from /home/runner/work/key/key/key.core/../key.ui/examples/standard_key/java_dl/deepNonNull/deepNonNull0.key 
106867     DEBUG main            d.u.i.k.p.i.AbstractProblemLoader Environment load took 205ns 
106868     INFO  main            d.u.i.k.p.i.AbstractProblemLoader Creating init config 
109229     DEBUG main            d.u.i.k.p.i.AbstractProblemLoader Init config took 2.36s 
109268     INFO  main            d.u.i.k.p.i.AbstractProblemLoader Replaying proof Arrays[Arrays::get()].JML operation contract.0 
109269     DEBUG main            d.u.i.k.p.i.IntermediateProofReplayer Proof replay took 7.8ns 
109471     INFO  main            d.u.i.k.p.r.p.TestFile    ... finished proof: closed. 
109709     INFO  main            d.u.i.k.p.i.AbstractProblemLoader Loading environment from /home/runner/work/key/key/key.core/../key.ui/examples/standard_key/java_dl/deepNonNull/deepNonNull0.key.proof 
109709     DEBUG main            d.u.i.k.p.i.AbstractProblemLoader Environment load took 118ns 
109710     INFO  main            d.u.i.k.p.i.AbstractProblemLoader Creating init config 
112022     DEBUG main            d.u.i.k.p.i.AbstractProblemLoader Init config took 2.31s 
112060     INFO  main            d.u.i.k.p.i.AbstractProblemLoader Replaying proof Arrays[Arrays::get()].JML operation contract.0 
112092     DEBUG main            d.u.i.k.p.i.IntermediateProofReplayer Proof replay took 29.72ms 
112093     DEBUG main            d.u.i.k.p.r.p.TestFile    ... success: reloaded. 
112093     INFO  main            d.u.i.k.p.r.p.TestFile    Now processing file /home/runner/work/key/key/key.core/../key.ui/examples/standard_key/java_dl/deepNonNull/deepNonNull1.key 
112094     INFO  main            d.u.i.k.p.i.AbstractProblemLoader Loading environment from /home/runner/work/key/key/key.core/../key.ui/examples/standard_key/java_dl/deepNonNull/deepNonNull1.key 
112094     DEBUG main            d.u.i.k.p.i.AbstractProblemLoader Environment load took 85.3ns 
112095     INFO  main            d.u.i.k.p.i.AbstractProblemLoader Creating init config 
114463     DEBUG main            d.u.i.k.p.i.AbstractProblemLoader Init config took 2.37s 
114499     INFO  main            d.u.i.k.p.i.AbstractProblemLoader Replaying proof Arrays[Arrays::head()].JML operation contract.0 
114500     DEBUG main            d.u.i.k.p.i.IntermediateProofReplayer Proof replay took 8.9ns 
114702     INFO  main            d.u.i.k.p.r.p.TestFile    ... finished proof: closed. 
114938     INFO  main            d.u.i.k.p.i.AbstractProblemLoader Loading environment from /home/runner/work/key/key/key.core/../key.ui/examples/standard_key/java_dl/deepNonNull/deepNonNull1.key.proof 
114938     DEBUG main            d.u.i.k.p.i.AbstractProblemLoader Environment load took 106.2ns 
114940     INFO  main            d.u.i.k.p.i.AbstractProblemLoader Creating init config 
117250     DEBUG main            d.u.i.k.p.i.AbstractProblemLoader Init config took 2.31s 
117286     INFO  main            d.u.i.k.p.i.AbstractProblemLoader Replaying proof Arrays[Arrays::head()].JML operation contract.0 
117312     DEBUG main            d.u.i.k.p.i.IntermediateProofReplayer Proof replay took 24.02ms 
117313     DEBUG main            d.u.i.k.p.r.p.TestFile    ... success: reloaded. 
117314     INFO  main            d.u.i.k.p.r.p.TestFile    Now processing file /home/runner/work/key/key/key.core/../key.ui/examples/standard_key/java_dl/deepNonNull/deepNonNull2.key 
117314     INFO  main            d.u.i.k.p.i.AbstractProblemLoader Loading environment from /home/runner/work/key/key/key.core/../key.ui/examples/standard_key/java_dl/deepNonNull/deepNonNull2.key 
117314     DEBUG main            d.u.i.k.p.i.AbstractProblemLoader Environment load took 85.1ns 
117315     INFO  main            d.u.i.k.p.i.AbstractProblemLoader Creating init config 
119655     DEBUG main            d.u.i.k.p.i.AbstractProblemLoader Init config took 2.34s 
119690     INFO  main            d.u.i.k.p.i.AbstractProblemLoader Replaying proof Arrays[Arrays::unprovable(java.lang.Object)].JML operation contract.0 
119692     DEBUG main            d.u.i.k.p.i.IntermediateProofReplayer Proof replay took 7.3ns 
119799     INFO  main            d.u.i.k.p.r.p.TestFile    ... finished proof: open goal(s) 
120141     INFO  main            d.u.i.k.p.r.p.TestFile    Now processing file /home/runner/work/key/key/key.core/../key.ui/examples/standard_key/java_dl/deepNonNull/deepNonNull3.key 
120141     INFO  main            d.u.i.k.p.i.AbstractProblemLoader Loading environment from /home/runner/work/key/key/key.core/../key.ui/examples/standard_key/java_dl/deepNonNull/deepNonNull3.key 
120141     DEBUG main            d.u.i.k.p.i.AbstractProblemLoader Environment load took 58.9ns 
120142     INFO  main            d.u.i.k.p.i.AbstractProblemLoader Creating init config 
122444     DEBUG main            d.u.i.k.p.i.AbstractProblemLoader Init config took 2.3s 
122511     INFO  main            d.u.i.k.p.i.AbstractProblemLoader Replaying proof Arrays[Arrays::head([[[[Ljava.lang.Object)].JML operation contract.0 
122517     DEBUG main            d.u.i.k.p.i.IntermediateProofReplayer Proof replay took 8.7ns 
123425     INFO  main            d.u.i.k.p.r.p.TestFile    ... finished proof: closed. 
123702     INFO  main            d.u.i.k.p.i.AbstractProblemLoader Loading environment from /home/runner/work/key/key/key.core/../key.ui/examples/standard_key/java_dl/deepNonNull/deepNonNull3.key.proof 
123703     DEBUG main            d.u.i.k.p.i.AbstractProblemLoader Environment load took 355.31ns 
123704     INFO  main            d.u.i.k.p.i.AbstractProblemLoader Creating init config 
126019     DEBUG main            d.u.i.k.p.i.AbstractProblemLoader Init config took 2.31s 
126054     INFO  main            d.u.i.k.p.i.AbstractProblemLoader Replaying proof Arrays[Arrays::head([[[[Ljava.lang.Object)].JML operation contract.0 
126165     DEBUG main            d.u.i.k.p.i.IntermediateProofReplayer Proof replay took 105.81ms 
126165     DEBUG main            d.u.i.k.p.r.p.TestFile    ... success: reloaded. 
126166     INFO  main            d.u.i.k.p.r.p.TestFile    Now processing file /home/runner/work/key/key/key.core/../key.ui/examples/standard_key/java_dl/exceptions.key 
126166     INFO  main            d.u.i.k.p.i.AbstractProblemLoader Loading environment from /home/runner/work/key/key/key.core/../key.ui/examples/standard_key/java_dl/exceptions.key 
126166     DEBUG main            d.u.i.k.p.i.AbstractProblemLoader Environment load took 89.7ns 
126167     INFO  main            d.u.i.k.p.i.AbstractProblemLoader Creating init config 
126188     WARN  main            d.u.i.k.j.r.KeYCrossReferenceNameInfo Datatype java.io.PrintStream declared twice: Once in FILE:/home/runner/work/key/key/key.core/../key.ui/examples/standard_key/java_dl/classpath/PrintStream.java and once in URL:file:/home/runner/work/key/key/key.core/build/resources/main/de/uka/ilkd/key/java/JavaRedux/java/io/PrintStream.java, Keeping one from URL:file:/home/runner/work/key/key/key.core/build/resources/main/de/uka/ilkd/key/java/JavaRedux/java/io/PrintStream.java 
126189     WARN  main            d.u.i.k.j.r.KeYCrossReferenceNameInfo Datatype java.io.InputStream declared twice: Once in FILE:/home/runner/work/key/key/key.core/../key.ui/examples/standard_key/java_dl/classpath/InputStream.java and once in URL:file:/home/runner/work/key/key/key.core/build/resources/main/de/uka/ilkd/key/java/JavaRedux/java/io/InputStream.java, Keeping one from URL:file:/home/runner/work/key/key/key.core/build/resources/main/de/uka/ilkd/key/java/JavaRedux/java/io/InputStream.java 
126189     WARN  main            d.u.i.k.j.r.KeYCrossReferenceNameInfo Datatype java.lang.System declared twice: Once in FILE:/home/runner/work/key/key/key.core/../key.ui/examples/standard_key/java_dl/classpath/System.java and once in URL:file:/home/runner/work/key/key/key.core/build/resources/main/de/uka/ilkd/key/java/JavaRedux/java/lang/System.java, Keeping one from URL:file:/home/runner/work/key/key/key.core/build/resources/main/de/uka/ilkd/key/java/JavaRedux/java/lang/System.java 
126192     DEBUG main            d.u.i.k.j.r.ClassFileDeclarationBuilder Parsing: package java.io; public class Closeable { } 
126192     DEBUG main            r.s.KeYCrossReferenceSourceInfo Dynamically created class: java.io.Closeable 
128520     DEBUG main            d.u.i.k.p.i.AbstractProblemLoader Init config took 2.35s 
128534     INFO  main            d.u.i.k.p.i.AbstractProblemLoader Replaying proof exceptions.key 
128536     DEBUG main            d.u.i.k.p.i.IntermediateProofReplayer Proof replay took 7.3ns 
128742     INFO  main            d.u.i.k.p.r.p.TestFile    ... finished proof: closed. 
129059     INFO  main            d.u.i.k.p.i.AbstractProblemLoader Loading environment from /home/runner/work/key/key/key.core/../key.ui/examples/standard_key/java_dl/exceptions.key.proof 
129059     DEBUG main            d.u.i.k.p.i.AbstractProblemLoader Environment load took 93.9ns 
129060     INFO  main            d.u.i.k.p.i.AbstractProblemLoader Creating init config 
129081     WARN  main            d.u.i.k.j.r.KeYCrossReferenceNameInfo Datatype java.io.PrintStream declared twice: Once in FILE:/home/runner/work/key/key/key.core/../key.ui/examples/standard_key/java_dl/classpath/PrintStream.java and once in URL:file:/home/runner/work/key/key/key.core/build/resources/main/de/uka/ilkd/key/java/JavaRedux/java/io/PrintStream.java, Keeping one from URL:file:/home/runner/work/key/key/key.core/build/resources/main/de/uka/ilkd/key/java/JavaRedux/java/io/PrintStream.java 
129082     WARN  main            d.u.i.k.j.r.KeYCrossReferenceNameInfo Datatype java.io.InputStream declared twice: Once in FILE:/home/runner/work/key/key/key.core/../key.ui/examples/standard_key/java_dl/classpath/InputStream.java and once in URL:file:/home/runner/work/key/key/key.core/build/resources/main/de/uka/ilkd/key/java/JavaRedux/java/io/InputStream.java, Keeping one from URL:file:/home/runner/work/key/key/key.core/build/resources/main/de/uka/ilkd/key/java/JavaRedux/java/io/InputStream.java 
129082     WARN  main            d.u.i.k.j.r.KeYCrossReferenceNameInfo Datatype java.lang.System declared twice: Once in FILE:/home/runner/work/key/key/key.core/../key.ui/examples/standard_key/java_dl/classpath/System.java and once in URL:file:/home/runner/work/key/key/key.core/build/resources/main/de/uka/ilkd/key/java/JavaRedux/java/lang/System.java, Keeping one from URL:file:/home/runner/work/key/key/key.core/build/resources/main/de/uka/ilkd/key/java/JavaRedux/java/lang/System.java 
129085     DEBUG main            d.u.i.k.j.r.ClassFileDeclarationBuilder Parsing: package java.io; public class Closeable { } 
129085     DEBUG main            r.s.KeYCrossReferenceSourceInfo Dynamically created class: java.io.Closeable 
131332     DEBUG main            d.u.i.k.p.i.AbstractProblemLoader Init config took 2.27s 
131348     INFO  main            d.u.i.k.p.i.AbstractProblemLoader Replaying proof exceptions.key.proof 
131396     DEBUG main            d.u.i.k.p.i.IntermediateProofReplayer Proof replay took 45.48ms 
131398     DEBUG main            d.u.i.k.p.r.p.TestFile    ... success: reloaded. 
131399     INFO  main            d.u.i.k.p.r.p.TestFile    Now processing file /home/runner/work/key/key/key.core/../key.ui/examples/standard_key/java_dl/exceptions1.key 
131399     INFO  main            d.u.i.k.p.i.AbstractProblemLoader Loading environment from /home/runner/work/key/key/key.core/../key.ui/examples/standard_key/java_dl/exceptions1.key 
131400     DEBUG main            d.u.i.k.p.i.AbstractProblemLoader Environment load took 190.1ns 
131401     INFO  main            d.u.i.k.p.i.AbstractProblemLoader Creating init config 
133700     DEBUG main            d.u.i.k.p.i.AbstractProblemLoader Init config took 2.3s 
133715     INFO  main            d.u.i.k.p.i.AbstractProblemLoader Replaying proof exceptions1.key 
133718     DEBUG main            d.u.i.k.p.i.IntermediateProofReplayer Proof replay took 7.5ns 
133921     INFO  main            d.u.i.k.p.r.p.TestFile    ... finished proof: closed. 
134199     INFO  main            d.u.i.k.p.i.AbstractProblemLoader Loading environment from /home/runner/work/key/key/key.core/../key.ui/examples/standard_key/java_dl/exceptions1.key.proof 
134199     DEBUG main            d.u.i.k.p.i.AbstractProblemLoader Environment load took 95.5ns 
134200     INFO  main            d.u.i.k.p.i.AbstractProblemLoader Creating init config 
136426     DEBUG main            d.u.i.k.p.i.AbstractProblemLoader Init config took 2.23s 
136440     INFO  main            d.u.i.k.p.i.AbstractProblemLoader Replaying proof exceptions1.key.proof 
136471     DEBUG main            d.u.i.k.p.i.IntermediateProofReplayer Proof replay took 28.6ms 
136472     DEBUG main            d.u.i.k.p.r.p.TestFile    ... success: reloaded. 
136476     INFO  main            d.u.i.k.p.r.p.TestFile    Now processing file /home/runner/work/key/key/key.core/../key.ui/examples/standard_key/java_dl/exceptions2.key 
136476     INFO  main            d.u.i.k.p.i.AbstractProblemLoader Loading environment from /home/runner/work/key/key/key.core/../key.ui/examples/standard_key/java_dl/exceptions2.key 
136477     DEBUG main            d.u.i.k.p.i.AbstractProblemLoader Environment load took 83.7ns 
136477     INFO  main            d.u.i.k.p.i.AbstractProblemLoader Creating init config 
138759     DEBUG main            d.u.i.k.p.i.AbstractProblemLoader Init config took 2.28s 
138774     INFO  main            d.u.i.k.p.i.AbstractProblemLoader Replaying proof exceptions2.key 
138776     DEBUG main            d.u.i.k.p.i.IntermediateProofReplayer Proof replay took 7ns 
138878     INFO  main            d.u.i.k.p.r.p.TestFile    ... finished proof: closed. 
139202     INFO  main            d.u.i.k.p.i.AbstractProblemLoader Loading environment from /home/runner/work/key/key/key.core/../key.ui/examples/standard_key/java_dl/exceptions2.key.proof 
139202     DEBUG main            d.u.i.k.p.i.AbstractProblemLoader Environment load took 104.9ns 
139203     INFO  main            d.u.i.k.p.i.AbstractProblemLoader Creating init config 
141410     DEBUG main            d.u.i.k.p.i.AbstractProblemLoader Init config took 2.21s 
141425     INFO  main            d.u.i.k.p.i.AbstractProblemLoader Replaying proof exceptions2.key.proof 
141457     DEBUG main            d.u.i.k.p.i.IntermediateProofReplayer Proof replay took 29.51ms 
141458     DEBUG main            d.u.i.k.p.r.p.TestFile    ... success: reloaded. 
141459     INFO  main            d.u.i.k.p.r.p.TestFile    Now processing file /home/runner/work/key/key/key.core/../key.ui/examples/standard_key/java_dl/exceptions3.key 
141459     INFO  main            d.u.i.k.p.i.AbstractProblemLoader Loading environment from /home/runner/work/key/key/key.core/../key.ui/examples/standard_key/java_dl/exceptions3.key 
141459     DEBUG main            d.u.i.k.p.i.AbstractProblemLoader Environment load took 160.6ns 
141460     INFO  main            d.u.i.k.p.i.AbstractProblemLoader Creating init config 
141482     WARN  main            d.u.i.k.j.r.KeYCrossReferenceNameInfo Datatype java.io.PrintStream declared twice: Once in FILE:/home/runner/work/key/key/key.core/../key.ui/examples/standard_key/java_dl/classpath/PrintStream.java and once in URL:file:/home/runner/work/key/key/key.core/build/resources/main/de/uka/ilkd/key/java/JavaRedux/java/io/PrintStream.java, Keeping one from URL:file:/home/runner/work/key/key/key.core/build/resources/main/de/uka/ilkd/key/java/JavaRedux/java/io/PrintStream.java 
141482     WARN  main            d.u.i.k.j.r.KeYCrossReferenceNameInfo Datatype java.io.InputStream declared twice: Once in FILE:/home/runner/work/key/key/key.core/../key.ui/examples/standard_key/java_dl/classpath/InputStream.java and once in URL:file:/home/runner/work/key/key/key.core/build/resources/main/de/uka/ilkd/key/java/JavaRedux/java/io/InputStream.java, Keeping one from URL:file:/home/runner/work/key/key/key.core/build/resources/main/de/uka/ilkd/key/java/JavaRedux/java/io/InputStream.java 
141482     WARN  main            d.u.i.k.j.r.KeYCrossReferenceNameInfo Datatype java.lang.System declared twice: Once in FILE:/home/runner/work/key/key/key.core/../key.ui/examples/standard_key/java_dl/classpath/System.java and once in URL:file:/home/runner/work/key/key/key.core/build/resources/main/de/uka/ilkd/key/java/JavaRedux/java/lang/System.java, Keeping one from URL:file:/home/runner/work/key/key/key.core/build/resources/main/de/uka/ilkd/key/java/JavaRedux/java/lang/System.java 
141485     DEBUG main            d.u.i.k.j.r.ClassFileDeclarationBuilder Parsing: package java.io; public class Closeable { } 
141485     DEBUG main            r.s.KeYCrossReferenceSourceInfo Dynamically created class: java.io.Closeable 
143887     DEBUG main            d.u.i.k.p.i.AbstractProblemLoader Init config took 2.43s 
143901     INFO  main            d.u.i.k.p.i.AbstractProblemLoader Replaying proof exceptions3.key 
143902     DEBUG main            d.u.i.k.p.i.IntermediateProofReplayer Proof replay took 6.7ns 
144004     INFO  main            d.u.i.k.p.r.p.TestFile    ... finished proof: closed. 
144293     INFO  main            d.u.i.k.p.i.AbstractProblemLoader Loading environment from /home/runner/work/key/key/key.core/../key.ui/examples/standard_key/java_dl/exceptions3.key.proof 
144293     DEBUG main            d.u.i.k.p.i.AbstractProblemLoader Environment load took 95.1ns 
144294     INFO  main            d.u.i.k.p.i.AbstractProblemLoader Creating init config 
144316     WARN  main            d.u.i.k.j.r.KeYCrossReferenceNameInfo Datatype java.io.PrintStream declared twice: Once in FILE:/home/runner/work/key/key/key.core/../key.ui/examples/standard_key/java_dl/classpath/PrintStream.java and once in URL:file:/home/runner/work/key/key/key.core/build/resources/main/de/uka/ilkd/key/java/JavaRedux/java/io/PrintStream.java, Keeping one from URL:file:/home/runner/work/key/key/key.core/build/resources/main/de/uka/ilkd/key/java/JavaRedux/java/io/PrintStream.java 
144316     WARN  main            d.u.i.k.j.r.KeYCrossReferenceNameInfo Datatype java.io.InputStream declared twice: Once in FILE:/home/runner/work/key/key/key.core/../key.ui/examples/standard_key/java_dl/classpath/InputStream.java and once in URL:file:/home/runner/work/key/key/key.core/build/resources/main/de/uka/ilkd/key/java/JavaRedux/java/io/InputStream.java, Keeping one from URL:file:/home/runner/work/key/key/key.core/build/resources/main/de/uka/ilkd/key/java/JavaRedux/java/io/InputStream.java 
144316     WARN  main            d.u.i.k.j.r.KeYCrossReferenceNameInfo Datatype java.lang.System declared twice: Once in FILE:/home/runner/work/key/key/key.core/../key.ui/examples/standard_key/java_dl/classpath/System.java and once in URL:file:/home/runner/work/key/key/key.core/build/resources/main/de/uka/ilkd/key/java/JavaRedux/java/lang/System.java, Keeping one from URL:file:/home/runner/work/key/key/key.core/build/resources/main/de/uka/ilkd/key/java/JavaRedux/java/lang/System.java 
144319     DEBUG main            d.u.i.k.j.r.ClassFileDeclarationBuilder Parsing: package java.io; public class Closeable { } 
144319     DEBUG main            r.s.KeYCrossReferenceSourceInfo Dynamically created class: java.io.Closeable 
146555     DEBUG main            d.u.i.k.p.i.AbstractProblemLoader Init config took 2.26s 
146569     INFO  main            d.u.i.k.p.i.AbstractProblemLoader Replaying proof exceptions3.key.proof 
146575     DEBUG main            d.u.i.k.p.i.IntermediateProofReplayer Proof replay took 3.78ms 
146576     DEBUG main            d.u.i.k.p.r.p.TestFile    ... success: reloaded. 
146577     INFO  main            d.u.i.k.p.r.p.TestFile    Now processing file /home/runner/work/key/key/key.core/../key.ui/examples/standard_key/java_dl/exchange.key 
146577     INFO  main            d.u.i.k.p.i.AbstractProblemLoader Loading environment from /home/runner/work/key/key/key.core/../key.ui/examples/standard_key/java_dl/exchange.key 
146578     DEBUG main            d.u.i.k.p.i.AbstractProblemLoader Environment load took 163ns 
146579     INFO  main            d.u.i.k.p.i.AbstractProblemLoader Creating init config 
148833     DEBUG main            d.u.i.k.p.i.AbstractProblemLoader Init config took 2.25s 
148847     INFO  main            d.u.i.k.p.i.AbstractProblemLoader Replaying proof exchange.key 
148849     DEBUG main            d.u.i.k.p.i.IntermediateProofReplayer Proof replay took 7.6ns 
148951     INFO  main            d.u.i.k.p.r.p.TestFile    ... finished proof: closed. 
149239     INFO  main            d.u.i.k.p.i.AbstractProblemLoader Loading environment from /home/runner/work/key/key/key.core/../key.ui/examples/standard_key/java_dl/exchange.key.proof 
149239     DEBUG main            d.u.i.k.p.i.AbstractProblemLoader Environment load took 116.7ns 
149240     INFO  main            d.u.i.k.p.i.AbstractProblemLoader Creating init config 
151445     DEBUG main            d.u.i.k.p.i.AbstractProblemLoader Init config took 2.21s 
151460     INFO  main            d.u.i.k.p.i.AbstractProblemLoader Replaying proof exchange.key.proof 
151465     DEBUG main            d.u.i.k.p.i.IntermediateProofReplayer Proof replay took 3.03ms 
151466     DEBUG main            d.u.i.k.p.r.p.TestFile    ... success: reloaded. 
151466     INFO  main            d.u.i.k.p.r.p.TestFile    Now processing file /home/runner/work/key/key/key.core/../key.ui/examples/standard_key/java_dl/if.key 
151466     INFO  main            d.u.i.k.p.i.AbstractProblemLoader Loading environment from /home/runner/work/key/key/key.core/../key.ui/examples/standard_key/java_dl/if.key 
151470     DEBUG main            d.u.i.k.p.i.AbstractProblemLoader Environment load took 3.23ms 
151471     INFO  main            d.u.i.k.p.i.AbstractProblemLoader Creating init config 
153747     DEBUG main            d.u.i.k.p.i.AbstractProblemLoader Init config took 2.28s 
153761     INFO  main            d.u.i.k.p.i.AbstractProblemLoader Replaying proof if.key 
153764     DEBUG main            d.u.i.k.p.i.IntermediateProofReplayer Proof replay took 20.4ns 
153866     INFO  main            d.u.i.k.p.r.p.TestFile    ... finished proof: closed. 
154176     INFO  main            d.u.i.k.p.i.AbstractProblemLoader Loading environment from /home/runner/work/key/key/key.core/../key.ui/examples/standard_key/java_dl/if.key.proof 
154177     DEBUG main            d.u.i.k.p.i.AbstractProblemLoader Environment load took 96.1ns 
154177     INFO  main            d.u.i.k.p.i.AbstractProblemLoader Creating init config 
156388     DEBUG main            d.u.i.k.p.i.AbstractProblemLoader Init config took 2.21s 
156412     INFO  main            d.u.i.k.p.i.AbstractProblemLoader Replaying proof if.key.proof 
156417     DEBUG main            d.u.i.k.p.i.IntermediateProofReplayer Proof replay took 2.8ms 
156418     DEBUG main            d.u.i.k.p.r.p.TestFile    ... success: reloaded. 
156419     INFO  main            d.u.i.k.p.r.p.TestFile    Now processing file /home/runner/work/key/key/key.core/../key.ui/examples/standard_key/java_dl/incrementcounter.key 
156419     INFO  main            d.u.i.k.p.i.AbstractProblemLoader Loading environment from /home/runner/work/key/key/key.core/../key.ui/examples/standard_key/java_dl/incrementcounter.key 
156419     DEBUG main            d.u.i.k.p.i.AbstractProblemLoader Environment load took 71.4ns 
156420     INFO  main            d.u.i.k.p.i.AbstractProblemLoader Creating init config 
158690     DEBUG main            d.u.i.k.p.i.AbstractProblemLoader Init config took 2.27s 
158704     INFO  main            d.u.i.k.p.i.AbstractProblemLoader Replaying proof incrementcounter.key 
158707     DEBUG main            d.u.i.k.p.i.IntermediateProofReplayer Proof replay took 7.8ns 
158809     INFO  main            d.u.i.k.p.r.p.TestFile    ... finished proof: closed. 
159102     INFO  main            d.u.i.k.p.i.AbstractProblemLoader Loading environment from /home/runner/work/key/key/key.core/../key.ui/examples/standard_key/java_dl/incrementcounter.key.proof 
159102     DEBUG main            d.u.i.k.p.i.AbstractProblemLoader Environment load took 98ns 
159103     INFO  main            d.u.i.k.p.i.AbstractProblemLoader Creating init config 
161339     DEBUG main            d.u.i.k.p.i.AbstractProblemLoader Init config took 2.24s 
161352     INFO  main            d.u.i.k.p.i.AbstractProblemLoader Replaying proof incrementcounter.key.proof 
161356     DEBUG main            d.u.i.k.p.i.IntermediateProofReplayer Proof replay took 1.89ms 
161357     DEBUG main            d.u.i.k.p.r.p.TestFile    ... success: reloaded. 
161357     INFO  main            d.u.i.k.p.r.p.TestFile    Now processing file /home/runner/work/key/key/key.core/../key.ui/examples/standard_key/java_dl/danglingElse.key 
161357     INFO  main            d.u.i.k.p.i.AbstractProblemLoader Loading environment from /home/runner/work/key/key/key.core/../key.ui/examples/standard_key/java_dl/danglingElse.key 
161358     DEBUG main            d.u.i.k.p.i.AbstractProblemLoader Environment load took 76.7ns 
161358     INFO  main            d.u.i.k.p.i.AbstractProblemLoader Creating init config 
163617     DEBUG main            d.u.i.k.p.i.AbstractProblemLoader Init config took 2.26s 
163631     INFO  main            d.u.i.k.p.i.AbstractProblemLoader Replaying proof danglingElse.key 
163633     DEBUG main            d.u.i.k.p.i.IntermediateProofReplayer Proof replay took 7.4ns 
163735     INFO  main            d.u.i.k.p.r.p.TestFile    ... finished proof: open goal(s) 
164035     INFO  main            d.u.i.k.p.r.p.TestFile    Now processing file /home/runner/work/key/key/key.core/../key.ui/examples/standard_key/java_dl/iteratedAssignment.key 
164035     INFO  main            d.u.i.k.p.i.AbstractProblemLoader Loading environment from /home/runner/work/key/key/key.core/../key.ui/examples/standard_key/java_dl/iteratedAssignment.key 
164035     DEBUG main            d.u.i.k.p.i.AbstractProblemLoader Environment load took 51.7ns 
164036     INFO  main            d.u.i.k.p.i.AbstractProblemLoader Creating init config 
166264     DEBUG main            d.u.i.k.p.i.AbstractProblemLoader Init config took 2.23s 
166278     INFO  main            d.u.i.k.p.i.AbstractProblemLoader Replaying proof iteratedAssignment.key 
166280     DEBUG main            d.u.i.k.p.i.IntermediateProofReplayer Proof replay took 7.1ns 
166586     INFO  main            d.u.i.k.p.r.p.TestFile    ... finished proof: closed. 
166932     INFO  main            d.u.i.k.p.i.AbstractProblemLoader Loading environment from /home/runner/work/key/key/key.core/../key.ui/examples/standard_key/java_dl/iteratedAssignment.key.proof 
166932     DEBUG main            d.u.i.k.p.i.AbstractProblemLoader Environment load took 93.5ns 
166934     INFO  main            d.u.i.k.p.i.AbstractProblemLoader Creating init config 
169173     DEBUG main            d.u.i.k.p.i.AbstractProblemLoader Init config took 2.24s 
169187     INFO  main            d.u.i.k.p.i.AbstractProblemLoader Replaying proof iteratedAssignment.key.proof 
169250     DEBUG main            d.u.i.k.p.i.IntermediateProofReplayer Proof replay took 59.2ms 
169251     DEBUG main            d.u.i.k.p.r.p.TestFile    ... success: reloaded. 
169252     INFO  main            d.u.i.k.p.r.p.TestFile    Now processing file /home/runner/work/key/key/key.core/../key.ui/examples/standard_key/java_dl/assert/assert1.key 
169252     INFO  main            d.u.i.k.p.i.AbstractProblemLoader Loading environment from /home/runner/work/key/key/key.core/../key.ui/examples/standard_key/java_dl/assert/assert1.key 
169252     DEBUG main            d.u.i.k.p.i.AbstractProblemLoader Environment load took 77ns 
169253     INFO  main            d.u.i.k.p.i.AbstractProblemLoader Creating init config 
171543     DEBUG main            d.u.i.k.p.i.AbstractProblemLoader Init config took 2.29s 
171576     INFO  main            d.u.i.k.p.i.AbstractProblemLoader Replaying proof C[C::foo()].JML normal_behavior operation contract.0 
171578     DEBUG main            d.u.i.k.p.i.IntermediateProofReplayer Proof replay took 6.2ns 
171782     INFO  main            d.u.i.k.p.r.p.TestFile    ... finished proof: open goal(s) 
172107     INFO  main            d.u.i.k.p.r.p.TestFile    Now processing file /home/runner/work/key/key/key.core/../key.ui/examples/standard_key/java_dl/assert/assert2.key 
172108     INFO  main            d.u.i.k.p.i.AbstractProblemLoader Loading environment from /home/runner/work/key/key/key.core/../key.ui/examples/standard_key/java_dl/assert/assert2.key 
172108     DEBUG main            d.u.i.k.p.i.AbstractProblemLoader Environment load took 84.9ns 
172112     INFO  main            d.u.i.k.p.i.AbstractProblemLoader Creating init config 
174371     DEBUG main            d.u.i.k.p.i.AbstractProblemLoader Init config took 2.26s 
174405     INFO  main            d.u.i.k.p.i.AbstractProblemLoader Replaying proof C[C::bar()].JML exceptional_behavior operation contract.0 
174406     DEBUG main            d.u.i.k.p.i.IntermediateProofReplayer Proof replay took 6.2ns 
174610     INFO  main            d.u.i.k.p.r.p.TestFile    ... finished proof: closed. 
174916     INFO  main            d.u.i.k.p.i.AbstractProblemLoader Loading environment from /home/runner/work/key/key/key.core/../key.ui/examples/standard_key/java_dl/assert/assert2.key.proof 
174916     DEBUG main            d.u.i.k.p.i.AbstractProblemLoader Environment load took 125.1ns 
174917     INFO  main            d.u.i.k.p.i.AbstractProblemLoader Creating init config 
177173     DEBUG main            d.u.i.k.p.i.AbstractProblemLoader Init config took 2.26s 
177209     INFO  main            d.u.i.k.p.i.AbstractProblemLoader Replaying proof C[C::bar()].JML exceptional_behavior operation contract.0 
177258     DEBUG main            d.u.i.k.p.i.IntermediateProofReplayer Proof replay took 39.43ms 
177259     DEBUG main            d.u.i.k.p.r.p.TestFile    ... success: reloaded. 
177260     INFO  main            d.u.i.k.p.r.p.TestFile    Now processing file /home/runner/work/key/key/key.core/../key.ui/examples/standard_key/java_dl/assert/assert3.key 
177260     INFO  main            d.u.i.k.p.i.AbstractProblemLoader Loading environment from /home/runner/work/key/key/key.core/../key.ui/examples/standard_key/java_dl/assert/assert3.key 
177260     DEBUG main            d.u.i.k.p.i.AbstractProblemLoader Environment load took 157.5ns 
177261     INFO  main            d.u.i.k.p.i.AbstractProblemLoader Creating init config 
179553     DEBUG main            d.u.i.k.p.i.AbstractProblemLoader Init config took 2.29s 
179586     INFO  main            d.u.i.k.p.i.AbstractProblemLoader Replaying proof C[C::foo()].JML normal_behavior operation contract.0 
179588     DEBUG main            d.u.i.k.p.i.IntermediateProofReplayer Proof replay took 7.1ns 
179694     INFO  main            d.u.i.k.p.r.p.TestFile    ... finished proof: open goal(s) 
180011     INFO  main            d.u.i.k.p.r.p.TestFile    Now processing file /home/runner/work/key/key/key.core/../key.ui/examples/standard_key/java_dl/java5/vararg.key 
180011     INFO  main            d.u.i.k.p.i.AbstractProblemLoader Loading environment from /home/runner/work/key/key/key.core/../key.ui/examples/standard_key/java_dl/java5/vararg.key 
180011     DEBUG main            d.u.i.k.p.i.AbstractProblemLoader Environment load took 55.4ns 
180012     INFO  main            d.u.i.k.p.i.AbstractProblemLoader Creating init config 
180803     DEBUG main            d.u.i.k.j.r.ClassPreparationMethodBuilder clPrepBuilder: Inner Class detected. Reject building class initialisation methods. 
182521     DEBUG main            d.u.i.k.p.i.AbstractProblemLoader Init config took 2.51s 
182559     INFO  main            d.u.i.k.p.i.AbstractProblemLoader Replaying proof vararg.key 
182560     DEBUG main            d.u.i.k.p.i.IntermediateProofReplayer Proof replay took 7.3ns 
182824     DEBUG Thread-101      d.u.i.k.j.d.VariableSpecification Program match. Variables have different dimension (template #v0 = #vi;, source var#17[] = new java.lang.Object[]{d1, d2};) 
182973     DEBUG Thread-101      d.u.i.k.j.d.VariableSpecification Program match. Variables have different dimension (template #v0 = #vi;, source var#24[] = new java.lang.Object[]{d1, d2};) 
183180     DEBUG Thread-101      d.u.i.k.j.d.VariableSpecification Program match. Variables have different dimension (template #v0 = #vi;, source var#33[] = new java.lang.Object[]{var_1};) 
183181     DEBUG Thread-101      d.u.i.k.j.d.VariableSpecification Program match. Variables have different dimension (template #v0 = #vi;, source var#33[] = new java.lang.Object[]{var_1};) 
183307     DEBUG Thread-101      d.u.i.k.j.d.VariableSpecification Program match. Variables have different dimension (template #v0 = #vi;, source var#39[] = new java.lang.Object[]{null, null};) 
183461     DEBUG Thread-101      d.u.i.k.j.d.VariableSpecification Program match. Variables have different dimension (template #v0 = #vi;, source var#46[] = new java.lang.Object[]{};) 
183869     INFO  main            d.u.i.k.p.r.p.TestFile    ... finished proof: closed. 
184358     INFO  main            d.u.i.k.p.i.AbstractProblemLoader Loading environment from /home/runner/work/key/key/key.core/../key.ui/examples/standard_key/java_dl/java5/vararg.key.proof 
184359     DEBUG main            d.u.i.k.p.i.AbstractProblemLoader Environment load took 347.51ns 
184361     INFO  main            d.u.i.k.p.i.AbstractProblemLoader Creating init config 
185160     DEBUG main            d.u.i.k.j.r.ClassPreparationMethodBuilder clPrepBuilder: Inner Class detected. Reject building class initialisation methods. 
186834     DEBUG main            d.u.i.k.p.i.AbstractProblemLoader Init config took 2.47s 
186864     INFO  main            d.u.i.k.p.i.AbstractProblemLoader Replaying proof vararg.key.proof 
187212     DEBUG main            d.u.i.k.p.i.IntermediateProofReplayer Proof replay took 334.77ms 
187214     DEBUG main            d.u.i.k.p.r.p.TestFile    ... success: reloaded. 
187215     INFO  main            d.u.i.k.p.r.p.TestFile    Now processing file /home/runner/work/key/key/key.core/../key.ui/examples/standard_key/java_dl/java5/for_Array.key 
187215     INFO  main            d.u.i.k.p.i.AbstractProblemLoader Loading environment from /home/runner/work/key/key/key.core/../key.ui/examples/standard_key/java_dl/java5/for_Array.key 
187216     DEBUG main            d.u.i.k.p.i.AbstractProblemLoader Environment load took 155ns 
187217     INFO  main            d.u.i.k.p.i.AbstractProblemLoader Creating init config 
188012     DEBUG main            d.u.i.k.j.r.ClassPreparationMethodBuilder clPrepBuilder: Inner Class detected. Reject building class initialisation methods. 
189712     DEBUG main            d.u.i.k.p.i.AbstractProblemLoader Init config took 2.5s 
189762     INFO  main            d.u.i.k.p.i.AbstractProblemLoader Replaying proof For[For::sum([I)].JML operation contract.0 
189764     DEBUG main            d.u.i.k.p.i.IntermediateProofReplayer Proof replay took 6.8ns 
190167     INFO  main            d.u.i.k.p.r.p.TestFile    ... finished proof: closed. 
190615     INFO  main            d.u.i.k.p.i.AbstractProblemLoader Loading environment from /home/runner/work/key/key/key.core/../key.ui/examples/standard_key/java_dl/java5/for_Array.key.proof 
190616     DEBUG main            d.u.i.k.p.i.AbstractProblemLoader Environment load took 90.1ns 
190617     INFO  main            d.u.i.k.p.i.AbstractProblemLoader Creating init config 
191387     DEBUG main            d.u.i.k.j.r.ClassPreparationMethodBuilder clPrepBuilder: Inner Class detected. Reject building class initialisation methods. 
193049     DEBUG main            d.u.i.k.p.i.AbstractProblemLoader Init config took 2.43s 
193099     INFO  main            d.u.i.k.p.i.AbstractProblemLoader Replaying proof For[For::sum([I)].JML operation contract.0 
193191     DEBUG main            d.u.i.k.p.i.IntermediateProofReplayer Proof replay took 89.08ms 
193192     DEBUG main            d.u.i.k.p.r.p.TestFile    ... success: reloaded. 
193193     INFO  main            d.u.i.k.p.r.p.TestFile    Now processing file /home/runner/work/key/key/key.core/../key.ui/examples/standard_key/java_dl/java5/for_Iterable.key 
193193     INFO  main            d.u.i.k.p.i.AbstractProblemLoader Loading environment from /home/runner/work/key/key/key.core/../key.ui/examples/standard_key/java_dl/java5/for_Iterable.key 
193194     DEBUG main            d.u.i.k.p.i.AbstractProblemLoader Environment load took 80.1ns 
193194     INFO  main            d.u.i.k.p.i.AbstractProblemLoader Creating init config 
193982     DEBUG main            d.u.i.k.j.r.ClassPreparationMethodBuilder clPrepBuilder: Inner Class detected. Reject building class initialisation methods. 
195671     DEBUG main            d.u.i.k.p.i.AbstractProblemLoader Init config took 2.48s 
195719     INFO  main            d.u.i.k.p.i.AbstractProblemLoader Replaying proof For[For::infiniteLoop(For)].JML operation contract.0 
195721     DEBUG main            d.u.i.k.p.i.IntermediateProofReplayer Proof replay took 6.7ns 
195923     INFO  main            d.u.i.k.p.r.p.TestFile    ... finished proof: closed. 
196256     INFO  main            d.u.i.k.p.i.AbstractProblemLoader Loading environment from /home/runner/work/key/key/key.core/../key.ui/examples/standard_key/java_dl/java5/for_Iterable.key.proof 
196256     DEBUG main            d.u.i.k.p.i.AbstractProblemLoader Environment load took 116.1ns 
196257     INFO  main            d.u.i.k.p.i.AbstractProblemLoader Creating init config 
197020     DEBUG main            d.u.i.k.j.r.ClassPreparationMethodBuilder clPrepBuilder: Inner Class detected. Reject building class initialisation methods. 
198673     DEBUG main            d.u.i.k.p.i.AbstractProblemLoader Init config took 2.42s 
198736     INFO  main            d.u.i.k.p.i.AbstractProblemLoader Replaying proof For[For::infiniteLoop(For)].JML operation contract.0 
198790     DEBUG main            d.u.i.k.p.i.IntermediateProofReplayer Proof replay took 50.51ms 
198791     DEBUG main            d.u.i.k.p.r.p.TestFile    ... success: reloaded. 
198792     INFO  main            d.u.i.k.p.r.p.TestFile    Now processing file /home/runner/work/key/key/key.core/../key.ui/examples/standard_key/java_dl/java5/for_ReferenceArray.key 
198792     INFO  main            d.u.i.k.p.i.AbstractProblemLoader Loading environment from /home/runner/work/key/key/key.core/../key.ui/examples/standard_key/java_dl/java5/for_ReferenceArray.key 
198793     DEBUG main            d.u.i.k.p.i.AbstractProblemLoader Environment load took 160.3ns 
198793     INFO  main            d.u.i.k.p.i.AbstractProblemLoader Creating init config 
199561     DEBUG main            d.u.i.k.j.r.ClassPreparationMethodBuilder clPrepBuilder: Inner Class detected. Reject building class initialisation methods. 
201266     DEBUG main            d.u.i.k.p.i.AbstractProblemLoader Init config took 2.47s 
201314     INFO  main            d.u.i.k.p.i.AbstractProblemLoader Replaying proof ForReferenceArray[ForReferenceArray::foo([Ljava.lang.Object)].JML operation contract.0 
201317     DEBUG main            d.u.i.k.p.i.IntermediateProofReplayer Proof replay took 7.3ns 
201622     INFO  main            d.u.i.k.p.r.p.TestFile    ... finished proof: closed. 
201973     INFO  main            d.u.i.k.p.i.AbstractProblemLoader Loading environment from /home/runner/work/key/key/key.core/../key.ui/examples/standard_key/java_dl/java5/for_ReferenceArray.key.proof 
201973     DEBUG main            d.u.i.k.p.i.AbstractProblemLoader Environment load took 111.7ns 
201974     INFO  main            d.u.i.k.p.i.AbstractProblemLoader Creating init config 
202738     DEBUG main            d.u.i.k.j.r.ClassPreparationMethodBuilder clPrepBuilder: Inner Class detected. Reject building class initialisation methods. 
204374     DEBUG main            d.u.i.k.p.i.AbstractProblemLoader Init config took 2.4s 
204434     INFO  main            d.u.i.k.p.i.AbstractProblemLoader Replaying proof ForReferenceArray[ForReferenceArray::foo([Ljava.lang.Object)].JML operation contract.0 
204492     DEBUG main            d.u.i.k.p.i.IntermediateProofReplayer Proof replay took 55.81ms 
204493     DEBUG main            d.u.i.k.p.r.p.TestFile    ... success: reloaded. 
204494     INFO  main            d.u.i.k.p.r.p.TestFile    Now processing file /home/runner/work/key/key/key.core/../key.ui/examples/standard_key/java_dl/jml-bigint/cast.key 
204495     INFO  main            d.u.i.k.p.i.AbstractProblemLoader Loading environment from /home/runner/work/key/key/key.core/../key.ui/examples/standard_key/java_dl/jml-bigint/cast.key 
204495     DEBUG main            d.u.i.k.p.i.AbstractProblemLoader Environment load took 161.3ns 
204496     INFO  main            d.u.i.k.p.i.AbstractProblemLoader Creating init config 
206879     DEBUG main            d.u.i.k.p.i.AbstractProblemLoader Init config took 2.38s 
206914     INFO  main            d.u.i.k.p.i.AbstractProblemLoader Replaying proof Mult[Mult::cast()].JML operation contract.0 
206917     DEBUG main            d.u.i.k.p.i.IntermediateProofReplayer Proof replay took 6.4ns 
207019     INFO  main            d.u.i.k.p.r.p.TestFile    ... finished proof: closed. 
207443     INFO  main            d.u.i.k.p.i.AbstractProblemLoader Loading environment from /home/runner/work/key/key/key.core/../key.ui/examples/standard_key/java_dl/jml-bigint/cast.key.proof 
207443     DEBUG main            d.u.i.k.p.i.AbstractProblemLoader Environment load took 112.2ns 
207444     INFO  main            d.u.i.k.p.i.AbstractProblemLoader Creating init config 
209751     DEBUG main            d.u.i.k.p.i.AbstractProblemLoader Init config took 2.31s 
209784     INFO  main            d.u.i.k.p.i.AbstractProblemLoader Replaying proof Mult[Mult::cast()].JML operation contract.0 
209797     DEBUG main            d.u.i.k.p.i.IntermediateProofReplayer Proof replay took 11.65ms 
209798     DEBUG main            d.u.i.k.p.r.p.TestFile    ... success: reloaded. 
209798     INFO  main            d.u.i.k.p.r.p.TestFile    Now processing file /home/runner/work/key/key/key.core/../key.ui/examples/standard_key/java_dl/jml-free/loopInvFree.key 
209798     INFO  main            d.u.i.k.p.i.AbstractProblemLoader Loading environment from /home/runner/work/key/key/key.core/../key.ui/examples/standard_key/java_dl/jml-free/loopInvFree.key 
209799     DEBUG main            d.u.i.k.p.i.AbstractProblemLoader Environment load took 67.1ns 
209799     INFO  main            d.u.i.k.p.i.AbstractProblemLoader Creating init config 
212100     DEBUG main            d.u.i.k.p.i.AbstractProblemLoader Init config took 2.3s 
212134     INFO  main            d.u.i.k.p.i.AbstractProblemLoader Replaying proof LoopInvFree[LoopInvFree::test()].JML operation contract.0 
212135     DEBUG main            d.u.i.k.p.i.IntermediateProofReplayer Proof replay took 7.3ns 
212337     INFO  main            d.u.i.k.p.r.p.TestFile    ... finished proof: closed. 
212704     INFO  main            d.u.i.k.p.i.AbstractProblemLoader Loading environment from /home/runner/work/key/key/key.core/../key.ui/examples/standard_key/java_dl/jml-free/loopInvFree.key.proof 
212704     DEBUG main            d.u.i.k.p.i.AbstractProblemLoader Environment load took 94.2ns 
212705     INFO  main            d.u.i.k.p.i.AbstractProblemLoader Creating init config 
214971     DEBUG main            d.u.i.k.p.i.AbstractProblemLoader Init config took 2.27s 
215005     INFO  main            d.u.i.k.p.i.AbstractProblemLoader Replaying proof LoopInvFree[LoopInvFree::test()].JML operation contract.0 
215051     DEBUG main            d.u.i.k.p.i.IntermediateProofReplayer Proof replay took 43.52ms 
215051     DEBUG main            d.u.i.k.p.r.p.TestFile    ... success: reloaded. 
215052     INFO  main            d.u.i.k.p.r.p.TestFile    Now processing file /home/runner/work/key/key/key.core/../key.ui/examples/standard_key/java_dl/jml-free/ensuresFree.key 
215052     INFO  main            d.u.i.k.p.i.AbstractProblemLoader Loading environment from /home/runner/work/key/key/key.core/../key.ui/examples/standard_key/java_dl/jml-free/ensuresFree.key 
215053     DEBUG main            d.u.i.k.p.i.AbstractProblemLoader Environment load took 77.1ns 
215053     INFO  main            d.u.i.k.p.i.AbstractProblemLoader Creating init config 
217425     DEBUG main            d.u.i.k.p.i.AbstractProblemLoader Init config took 2.37s 
217458     INFO  main            d.u.i.k.p.i.AbstractProblemLoader Replaying proof EnsuresFree[EnsuresFree::test()].JML operation contract.0 
217459     DEBUG main            d.u.i.k.p.i.IntermediateProofReplayer Proof replay took 7.4ns 
217561     INFO  main            d.u.i.k.p.r.p.TestFile    ... finished proof: closed. 
217918     INFO  main            d.u.i.k.p.i.AbstractProblemLoader Loading environment from /home/runner/work/key/key/key.core/../key.ui/examples/standard_key/java_dl/jml-free/ensuresFree.key.proof 
217918     DEBUG main            d.u.i.k.p.i.AbstractProblemLoader Environment load took 90ns 
217919     INFO  main            d.u.i.k.p.i.AbstractProblemLoader Creating init config 
220169     DEBUG main            d.u.i.k.p.i.AbstractProblemLoader Init config took 2.25s 
220202     INFO  main            d.u.i.k.p.i.AbstractProblemLoader Replaying proof EnsuresFree[EnsuresFree::test()].JML operation contract.0 
220219     DEBUG main            d.u.i.k.p.i.IntermediateProofReplayer Proof replay took 15.63ms 
220220     DEBUG main            d.u.i.k.p.r.p.TestFile    ... success: reloaded. 
220221     INFO  main            d.u.i.k.p.r.p.TestFile    Now processing file /home/runner/work/key/key/key.core/../key.ui/examples/standard_key/java_dl/jml-information-flow.key 
220221     INFO  main            d.u.i.k.p.i.AbstractProblemLoader Loading environment from /home/runner/work/key/key/key.core/../key.ui/examples/standard_key/java_dl/jml-information-flow.key 
220221     DEBUG main            d.u.i.k.p.i.AbstractProblemLoader Environment load took 49.3ns 
220226     INFO  main            d.u.i.k.p.i.AbstractProblemLoader Creating init config 
222668     DEBUG main            d.u.i.k.p.i.AbstractProblemLoader Init config took 2.44s 
222686     INFO  main            d.u.i.k.p.i.AbstractProblemLoader Replaying proof jml-information-flow.key 
222688     DEBUG main            d.u.i.k.p.i.IntermediateProofReplayer Proof replay took 7.1ns 
348047     INFO  main            d.u.i.k.p.r.p.TestFile    ... finished proof: closed. 
348586     INFO  main            d.u.i.k.p.i.AbstractProblemLoader Loading environment from /home/runner/work/key/key/key.core/../key.ui/examples/standard_key/java_dl/jml-information-flow.key.proof 
348586     DEBUG main            d.u.i.k.p.i.AbstractProblemLoader Environment load took 378.91ns 
348595     INFO  main            d.u.i.k.p.i.AbstractProblemLoader Creating init config 
350958     DEBUG main            d.u.i.k.p.i.AbstractProblemLoader Init config took 2.36s 
350977     INFO  main            d.u.i.k.p.i.AbstractProblemLoader Replaying proof jml-information-flow.key.proof 
354568     DEBUG main            d.u.i.k.p.i.IntermediateProofReplayer Proof replay took 3.49s 
354631     DEBUG main            d.u.i.k.p.r.p.TestFile    ... success: reloaded. 
354632     INFO  main            d.u.i.k.p.r.p.TestFile    Now processing file /home/runner/work/key/key/key.core/../key.ui/examples/standard_key/java_dl/jml-min/min-unprovable1.key 
354632     INFO  main            d.u.i.k.p.i.AbstractProblemLoader Loading environment from /home/runner/work/key/key/key.core/../key.ui/examples/standard_key/java_dl/jml-min/min-unprovable1.key 
354632     DEBUG main            d.u.i.k.p.i.AbstractProblemLoader Environment load took 83.4ns 
354633     INFO  main            d.u.i.k.p.i.AbstractProblemLoader Creating init config 
357300     DEBUG main            d.u.i.k.p.i.AbstractProblemLoader Init config took 2.67s 
357332     INFO  main            d.u.i.k.p.i.AbstractProblemLoader Replaying proof Min[Min::foo()].JML operation contract.0 
357333     DEBUG main            d.u.i.k.p.i.IntermediateProofReplayer Proof replay took 7.9ns 
357435     INFO  main            d.u.i.k.p.r.p.TestFile    ... finished proof: open goal(s) 
357963     INFO  main            d.u.i.k.p.r.p.TestFile    Now processing file /home/runner/work/key/key/key.core/../key.ui/examples/standard_key/java_dl/jml-min/min-unprovable2.key 
357963     INFO  main            d.u.i.k.p.i.AbstractProblemLoader Loading environment from /home/runner/work/key/key/key.core/../key.ui/examples/standard_key/java_dl/jml-min/min-unprovable2.key 
357963     DEBUG main            d.u.i.k.p.i.AbstractProblemLoader Environment load took 50.3ns 
357964     INFO  main            d.u.i.k.p.i.AbstractProblemLoader Creating init config 
360233     DEBUG main            d.u.i.k.p.i.AbstractProblemLoader Init config took 2.27s 
360266     INFO  main            d.u.i.k.p.i.AbstractProblemLoader Replaying proof Min[Min::foo2()].JML operation contract.0 
360267     DEBUG main            d.u.i.k.p.i.IntermediateProofReplayer Proof replay took 7.6ns 
360369     INFO  main            d.u.i.k.p.r.p.TestFile    ... finished proof: open goal(s) 
360748     INFO  main            d.u.i.k.p.r.p.TestFile    Now processing file /home/runner/work/key/key/key.core/../key.ui/examples/standard_key/java_dl/methodCall.key 
360749     INFO  main            d.u.i.k.p.i.AbstractProblemLoader Loading environment from /home/runner/work/key/key/key.core/../key.ui/examples/standard_key/java_dl/methodCall.key 
360749     DEBUG main            d.u.i.k.p.i.AbstractProblemLoader Environment load took 53.7ns 
360750     INFO  main            d.u.i.k.p.i.AbstractProblemLoader Creating init config 
363041     DEBUG main            d.u.i.k.p.i.AbstractProblemLoader Init config took 2.29s 
363055     INFO  main            d.u.i.k.p.i.AbstractProblemLoader Replaying proof methodCall.key 
363056     DEBUG main            d.u.i.k.p.i.IntermediateProofReplayer Proof replay took 7.7ns 
363158     INFO  main            d.u.i.k.p.r.p.TestFile    ... finished proof: closed. 
363539     INFO  main            d.u.i.k.p.i.AbstractProblemLoader Loading environment from /home/runner/work/key/key/key.core/../key.ui/examples/standard_key/java_dl/methodCall.key.proof 
363539     DEBUG main            d.u.i.k.p.i.AbstractProblemLoader Environment load took 93.4ns 
363540     INFO  main            d.u.i.k.p.i.AbstractProblemLoader Creating init config 
365786     DEBUG main            d.u.i.k.p.i.AbstractProblemLoader Init config took 2.25s 
365800     INFO  main            d.u.i.k.p.i.AbstractProblemLoader Replaying proof methodCall.key.proof 
365803     DEBUG main            d.u.i.k.p.i.IntermediateProofReplayer Proof replay took 1.67ms 
365804     DEBUG main            d.u.i.k.p.r.p.TestFile    ... success: reloaded. 
365804     INFO  main            d.u.i.k.p.r.p.TestFile    Now processing file /home/runner/work/key/key/key.core/../key.ui/examples/standard_key/java_dl/methodCall1.key 
365805     INFO  main            d.u.i.k.p.i.AbstractProblemLoader Loading environment from /home/runner/work/key/key/key.core/../key.ui/examples/standard_key/java_dl/methodCall1.key 
365805     DEBUG main            d.u.i.k.p.i.AbstractProblemLoader Environment load took 89.2ns 
365806     INFO  main            d.u.i.k.p.i.AbstractProblemLoader Creating init config 
368084     DEBUG main            d.u.i.k.p.i.AbstractProblemLoader Init config took 2.28s 
368098     INFO  main            d.u.i.k.p.i.AbstractProblemLoader Replaying proof methodCall1.key 
368099     DEBUG main            d.u.i.k.p.i.IntermediateProofReplayer Proof replay took 6.9ns 
368206     INFO  main            d.u.i.k.p.r.p.TestFile    ... finished proof: closed. 
368597     INFO  main            d.u.i.k.p.i.AbstractProblemLoader Loading environment from /home/runner/work/key/key/key.core/../key.ui/examples/standard_key/java_dl/methodCall1.key.proof 
368597     DEBUG main            d.u.i.k.p.i.AbstractProblemLoader Environment load took 95.2ns 
368598     INFO  main            d.u.i.k.p.i.AbstractProblemLoader Creating init config 
370863     DEBUG main            d.u.i.k.p.i.AbstractProblemLoader Init config took 2.27s 
370877     INFO  main            d.u.i.k.p.i.AbstractProblemLoader Replaying proof methodCall1.key.proof 
370891     DEBUG main            d.u.i.k.p.i.IntermediateProofReplayer Proof replay took 11.91ms 
370892     DEBUG main            d.u.i.k.p.r.p.TestFile    ... success: reloaded. 
370892     INFO  main            d.u.i.k.p.r.p.TestFile    Now processing file /home/runner/work/key/key/key.core/../key.ui/examples/standard_key/java_dl/methodCall1box.key 
370892     INFO  main            d.u.i.k.p.i.AbstractProblemLoader Loading environment from /home/runner/work/key/key/key.core/../key.ui/examples/standard_key/java_dl/methodCall1box.key 
370893     DEBUG main            d.u.i.k.p.i.AbstractProblemLoader Environment load took 65.7ns 
370893     INFO  main            d.u.i.k.p.i.AbstractProblemLoader Creating init config 
373195     DEBUG main            d.u.i.k.p.i.AbstractProblemLoader Init config took 2.3s 
373208     INFO  main            d.u.i.k.p.i.AbstractProblemLoader Replaying proof methodCall1box.key 
373210     DEBUG main            d.u.i.k.p.i.IntermediateProofReplayer Proof replay took 8.6ns 
373312     INFO  main            d.u.i.k.p.r.p.TestFile    ... finished proof: closed. 
373705     INFO  main            d.u.i.k.p.i.AbstractProblemLoader Loading environment from /home/runner/work/key/key/key.core/../key.ui/examples/standard_key/java_dl/methodCall1box.key.proof 
373705     DEBUG main            d.u.i.k.p.i.AbstractProblemLoader Environment load took 87.1ns 
373706     INFO  main            d.u.i.k.p.i.AbstractProblemLoader Creating init config 
375995     DEBUG main            d.u.i.k.p.i.AbstractProblemLoader Init config took 2.29s 
376009     INFO  main            d.u.i.k.p.i.AbstractProblemLoader Replaying proof methodCall1box.key.proof 
376024     DEBUG main            d.u.i.k.p.i.IntermediateProofReplayer Proof replay took 12.55ms 
376025     DEBUG main            d.u.i.k.p.r.p.TestFile    ... success: reloaded. 
376025     INFO  main            d.u.i.k.p.r.p.TestFile    Now processing file /home/runner/work/key/key/key.core/../key.ui/examples/standard_key/java_dl/methodCall3.key 
376025     INFO  main            d.u.i.k.p.i.AbstractProblemLoader Loading environment from /home/runner/work/key/key/key.core/../key.ui/examples/standard_key/java_dl/methodCall3.key 
376026     DEBUG main            d.u.i.k.p.i.AbstractProblemLoader Environment load took 64.2ns 
376026     INFO  main            d.u.i.k.p.i.AbstractProblemLoader Creating init config 
378327     DEBUG main            d.u.i.k.p.i.AbstractProblemLoader Init config took 2.3s 
378341     INFO  main            d.u.i.k.p.i.AbstractProblemLoader Replaying proof methodCall3.key 
378342     DEBUG main            d.u.i.k.p.i.IntermediateProofReplayer Proof replay took 7.2ns 
378444     INFO  main            d.u.i.k.p.r.p.TestFile    ... finished proof: closed. 
378847     INFO  main            d.u.i.k.p.i.AbstractProblemLoader Loading environment from /home/runner/work/key/key/key.core/../key.ui/examples/standard_key/java_dl/methodCall3.key.proof 
378847     DEBUG main            d.u.i.k.p.i.AbstractProblemLoader Environment load took 94.2ns 
378848     INFO  main            d.u.i.k.p.i.AbstractProblemLoader Creating init config 
381126     DEBUG main            d.u.i.k.p.i.AbstractProblemLoader Init config took 2.28s 
381140     INFO  main            d.u.i.k.p.i.AbstractProblemLoader Replaying proof methodCall3.key.proof 
381149     DEBUG main            d.u.i.k.p.i.IntermediateProofReplayer Proof replay took 8.08ms 
381150     DEBUG main            d.u.i.k.p.r.p.TestFile    ... success: reloaded. 
381151     INFO  main            d.u.i.k.p.r.p.TestFile    Now processing file /home/runner/work/key/key/key.core/../key.ui/examples/standard_key/java_dl/polishFlagSort.key 
381153     INFO  main            d.u.i.k.p.i.AbstractProblemLoader Loading environment from /home/runner/work/key/key/key.core/../key.ui/examples/standard_key/java_dl/polishFlagSort.key 
381153     DEBUG main            d.u.i.k.p.i.AbstractProblemLoader Environment load took 85.9ns 
381155     INFO  main            d.u.i.k.p.i.AbstractProblemLoader Creating init config 
383475     DEBUG main            d.u.i.k.p.i.AbstractProblemLoader Init config took 2.32s 
383489     INFO  main            d.u.i.k.p.i.AbstractProblemLoader Replaying proof polishFlagSort.key 
383490     DEBUG main            d.u.i.k.p.i.IntermediateProofReplayer Proof replay took 7.1ns 
385732     INFO  main            d.u.i.k.p.r.p.TestFile    ... finished proof: closed. 
386180     INFO  main            d.u.i.k.p.i.AbstractProblemLoader Loading environment from /home/runner/work/key/key/key.core/../key.ui/examples/standard_key/java_dl/polishFlagSort.key.proof 
386181     DEBUG main            d.u.i.k.p.i.AbstractProblemLoader Environment load took 368.11ns 
386182     INFO  main            d.u.i.k.p.i.AbstractProblemLoader Creating init config 
388456     DEBUG main            d.u.i.k.p.i.AbstractProblemLoader Init config took 2.27s 
388473     INFO  main            d.u.i.k.p.i.AbstractProblemLoader Replaying proof polishFlagSort.key.proof 
388825     DEBUG main            d.u.i.k.p.i.IntermediateProofReplayer Proof replay took 343.25ms 
388828     DEBUG main            d.u.i.k.p.r.p.TestFile    ... success: reloaded. 
388829     INFO  main            d.u.i.k.p.r.p.TestFile    Now processing file /home/runner/work/key/key/key.core/../key.ui/examples/standard_key/java_dl/postConditionTaclets1.key 
388829     INFO  main            d.u.i.k.p.i.AbstractProblemLoader Loading environment from /home/runner/work/key/key/key.core/../key.ui/examples/standard_key/java_dl/postConditionTaclets1.key 
388829     DEBUG main            d.u.i.k.p.i.AbstractProblemLoader Environment load took 45.8ns 
388830     INFO  main            d.u.i.k.p.i.AbstractProblemLoader Creating init config 
391067     DEBUG main            d.u.i.k.p.i.AbstractProblemLoader Init config took 2.24s 
391081     INFO  main            d.u.i.k.p.i.AbstractProblemLoader Replaying proof postConditionTaclets1.key 
391083     DEBUG main            d.u.i.k.p.i.IntermediateProofReplayer Proof replay took 6.7ns 
391189     INFO  main            d.u.i.k.p.r.p.TestFile    ... finished proof: closed. 
391648     INFO  main            d.u.i.k.p.i.AbstractProblemLoader Loading environment from /home/runner/work/key/key/key.core/../key.ui/examples/standard_key/java_dl/postConditionTaclets1.key.proof 
391648     DEBUG main            d.u.i.k.p.i.AbstractProblemLoader Environment load took 85.8ns 
391649     INFO  main            d.u.i.k.p.i.AbstractProblemLoader Creating init config 
393884     DEBUG main            d.u.i.k.p.i.AbstractProblemLoader Init config took 2.23s 
393897     INFO  main            d.u.i.k.p.i.AbstractProblemLoader Replaying proof postConditionTaclets1.key.proof 
393899     DEBUG main            d.u.i.k.p.i.IntermediateProofReplayer Proof replay took 401.91ns 
393900     DEBUG main            d.u.i.k.p.r.p.TestFile    ... success: reloaded. 
393901     INFO  main            d.u.i.k.p.r.p.TestFile    Now processing file /home/runner/work/key/key/key.core/../key.ui/examples/standard_key/java_dl/postConditionTaclets2.key 
393901     INFO  main            d.u.i.k.p.i.AbstractProblemLoader Loading environment from /home/runner/work/key/key/key.core/../key.ui/examples/standard_key/java_dl/postConditionTaclets2.key 
393901     DEBUG main            d.u.i.k.p.i.AbstractProblemLoader Environment load took 70.1ns 
393902     INFO  main            d.u.i.k.p.i.AbstractProblemLoader Creating init config 
396128     DEBUG main            d.u.i.k.p.i.AbstractProblemLoader Init config took 2.23s 
396142     INFO  main            d.u.i.k.p.i.AbstractProblemLoader Replaying proof postConditionTaclets2.key 
396143     DEBUG main            d.u.i.k.p.i.IntermediateProofReplayer Proof replay took 7.6ns 
396245     INFO  main            d.u.i.k.p.r.p.TestFile    ... finished proof: closed. 
396667     INFO  main            d.u.i.k.p.i.AbstractProblemLoader Loading environment from /home/runner/work/key/key/key.core/../key.ui/examples/standard_key/java_dl/postConditionTaclets2.key.proof 
396667     DEBUG main            d.u.i.k.p.i.AbstractProblemLoader Environment load took 82.8ns 
396668     INFO  main            d.u.i.k.p.i.AbstractProblemLoader Creating init config 
398851     DEBUG main            d.u.i.k.p.i.AbstractProblemLoader Init config took 2.18s 
398866     INFO  main            d.u.i.k.p.i.AbstractProblemLoader Replaying proof postConditionTaclets2.key.proof 
398867     DEBUG main            d.u.i.k.p.i.IntermediateProofReplayer Proof replay took 582.41ns 
398868     DEBUG main            d.u.i.k.p.r.p.TestFile    ... success: reloaded. 
398869     INFO  main            d.u.i.k.p.r.p.TestFile    Now processing file /home/runner/work/key/key/key.core/../key.ui/examples/standard_key/java_dl/quantifiedQuery.key 
398869     INFO  main            d.u.i.k.p.i.AbstractProblemLoader Loading environment from /home/runner/work/key/key/key.core/../key.ui/examples/standard_key/java_dl/quantifiedQuery.key 
398869     DEBUG main            d.u.i.k.p.i.AbstractProblemLoader Environment load took 87.6ns 
398870     INFO  main            d.u.i.k.p.i.AbstractProblemLoader Creating init config 
401158     DEBUG main            d.u.i.k.p.i.AbstractProblemLoader Init config took 2.29s 
401172     INFO  main            d.u.i.k.p.i.AbstractProblemLoader Replaying proof quantifiedQuery.key 
401174     DEBUG main            d.u.i.k.p.i.IntermediateProofReplayer Proof replay took 6.4ns 
401276     INFO  main            d.u.i.k.p.r.p.TestFile    ... finished proof: closed. 
401705     INFO  main            d.u.i.k.p.i.AbstractProblemLoader Loading environment from /home/runner/work/key/key/key.core/../key.ui/examples/standard_key/java_dl/quantifiedQuery.key.proof 
401705     DEBUG main            d.u.i.k.p.i.AbstractProblemLoader Environment load took 87.3ns 
401706     INFO  main            d.u.i.k.p.i.AbstractProblemLoader Creating init config 
403939     DEBUG main            d.u.i.k.p.i.AbstractProblemLoader Init config took 2.23s 
403953     INFO  main            d.u.i.k.p.i.AbstractProblemLoader Replaying proof quantifiedQuery.key.proof 
403964     DEBUG main            d.u.i.k.p.i.IntermediateProofReplayer Proof replay took 9.91ms 
403965     DEBUG main            d.u.i.k.p.r.p.TestFile    ... success: reloaded. 
403967     INFO  main            d.u.i.k.p.r.p.TestFile    Now processing file /home/runner/work/key/key/key.core/../key.ui/examples/standard_key/java_dl/recursion/triangular.key 
403967     INFO  main            d.u.i.k.p.i.AbstractProblemLoader Loading environment from /home/runner/work/key/key/key.core/../key.ui/examples/standard_key/java_dl/recursion/triangular.key 
403967     DEBUG main            d.u.i.k.p.i.AbstractProblemLoader Environment load took 92.1ns 
403968     INFO  main            d.u.i.k.p.i.AbstractProblemLoader Creating init config 
406240     DEBUG main            d.u.i.k.p.i.AbstractProblemLoader Init config took 2.27s 
406273     INFO  main            d.u.i.k.p.i.AbstractProblemLoader Replaying proof Triangular[Triangular::tria(int)].JML normal_behavior operation contract.0 
406274     DEBUG main            d.u.i.k.p.i.IntermediateProofReplayer Proof replay took 6.9ns 
406476     INFO  main            d.u.i.k.p.r.p.TestFile    ... finished proof: closed. 
406930     INFO  main            d.u.i.k.p.i.AbstractProblemLoader Loading environment from /home/runner/work/key/key/key.core/../key.ui/examples/standard_key/java_dl/recursion/triangular.key.proof 
406930     DEBUG main            d.u.i.k.p.i.AbstractProblemLoader Environment load took 89.2ns 
406931     INFO  main            d.u.i.k.p.i.AbstractProblemLoader Creating init config 
409162     DEBUG main            d.u.i.k.p.i.AbstractProblemLoader Init config took 2.23s 
409195     INFO  main            d.u.i.k.p.i.AbstractProblemLoader Replaying proof Triangular[Triangular::tria(int)].JML normal_behavior operation contract.0 
409227     DEBUG main            d.u.i.k.p.i.IntermediateProofReplayer Proof replay took 29.76ms 
409227     DEBUG main            d.u.i.k.p.r.p.TestFile    ... success: reloaded. 
409228     INFO  main            d.u.i.k.p.r.p.TestFile    Now processing file /home/runner/work/key/key/key.core/../key.ui/examples/standard_key/java_dl/reverseArray.key 
409228     INFO  main            d.u.i.k.p.i.AbstractProblemLoader Loading environment from /home/runner/work/key/key/key.core/../key.ui/examples/standard_key/java_dl/reverseArray.key 
409228     DEBUG main            d.u.i.k.p.i.AbstractProblemLoader Environment load took 75ns 
409230     INFO  main            d.u.i.k.p.i.AbstractProblemLoader Creating init config 
409250     WARN  main            d.u.i.k.j.r.KeYCrossReferenceNameInfo Datatype java.io.PrintStream declared twice: Once in FILE:/home/runner/work/key/key/key.core/../key.ui/examples/standard_key/java_dl/./classpath/PrintStream.java and once in URL:file:/home/runner/work/key/key/key.core/build/resources/main/de/uka/ilkd/key/java/JavaRedux/java/io/PrintStream.java, Keeping one from URL:file:/home/runner/work/key/key/key.core/build/resources/main/de/uka/ilkd/key/java/JavaRedux/java/io/PrintStream.java 
409250     WARN  main            d.u.i.k.j.r.KeYCrossReferenceNameInfo Datatype java.io.InputStream declared twice: Once in FILE:/home/runner/work/key/key/key.core/../key.ui/examples/standard_key/java_dl/./classpath/InputStream.java and once in URL:file:/home/runner/work/key/key/key.core/build/resources/main/de/uka/ilkd/key/java/JavaRedux/java/io/InputStream.java, Keeping one from URL:file:/home/runner/work/key/key/key.core/build/resources/main/de/uka/ilkd/key/java/JavaRedux/java/io/InputStream.java 
409250     WARN  main            d.u.i.k.j.r.KeYCrossReferenceNameInfo Datatype java.lang.System declared twice: Once in FILE:/home/runner/work/key/key/key.core/../key.ui/examples/standard_key/java_dl/./classpath/System.java and once in URL:file:/home/runner/work/key/key/key.core/build/resources/main/de/uka/ilkd/key/java/JavaRedux/java/lang/System.java, Keeping one from URL:file:/home/runner/work/key/key/key.core/build/resources/main/de/uka/ilkd/key/java/JavaRedux/java/lang/System.java 
409253     DEBUG main            d.u.i.k.j.r.ClassFileDeclarationBuilder Parsing: package java.io; public class Closeable { } 
409253     DEBUG main            r.s.KeYCrossReferenceSourceInfo Dynamically created class: java.io.Closeable 
411607     DEBUG main            d.u.i.k.p.i.AbstractProblemLoader Init config took 2.38s 
411623     INFO  main            d.u.i.k.p.i.AbstractProblemLoader Replaying proof reverseArray.key 
411624     DEBUG main            d.u.i.k.p.i.IntermediateProofReplayer Proof replay took 7.8ns 
416174     INFO  main            d.u.i.k.p.r.p.TestFile    ... finished proof: closed. 
416661     INFO  main            d.u.i.k.p.i.AbstractProblemLoader Loading environment from /home/runner/work/key/key/key.core/../key.ui/examples/standard_key/java_dl/reverseArray.key.proof 
416661     DEBUG main            d.u.i.k.p.i.AbstractProblemLoader Environment load took 310.01ns 
416663     INFO  main            d.u.i.k.p.i.AbstractProblemLoader Creating init config 
416683     WARN  main            d.u.i.k.j.r.KeYCrossReferenceNameInfo Datatype java.io.PrintStream declared twice: Once in FILE:/home/runner/work/key/key/key.core/../key.ui/examples/standard_key/java_dl/classpath/PrintStream.java and once in URL:file:/home/runner/work/key/key/key.core/build/resources/main/de/uka/ilkd/key/java/JavaRedux/java/io/PrintStream.java, Keeping one from URL:file:/home/runner/work/key/key/key.core/build/resources/main/de/uka/ilkd/key/java/JavaRedux/java/io/PrintStream.java 
416684     WARN  main            d.u.i.k.j.r.KeYCrossReferenceNameInfo Datatype java.io.InputStream declared twice: Once in FILE:/home/runner/work/key/key/key.core/../key.ui/examples/standard_key/java_dl/classpath/InputStream.java and once in URL:file:/home/runner/work/key/key/key.core/build/resources/main/de/uka/ilkd/key/java/JavaRedux/java/io/InputStream.java, Keeping one from URL:file:/home/runner/work/key/key/key.core/build/resources/main/de/uka/ilkd/key/java/JavaRedux/java/io/InputStream.java 
416684     WARN  main            d.u.i.k.j.r.KeYCrossReferenceNameInfo Datatype java.lang.System declared twice: Once in FILE:/home/runner/work/key/key/key.core/../key.ui/examples/standard_key/java_dl/classpath/System.java and once in URL:file:/home/runner/work/key/key/key.core/build/resources/main/de/uka/ilkd/key/java/JavaRedux/java/lang/System.java, Keeping one from URL:file:/home/runner/work/key/key/key.core/build/resources/main/de/uka/ilkd/key/java/JavaRedux/java/lang/System.java 
416687     DEBUG main            d.u.i.k.j.r.ClassFileDeclarationBuilder Parsing: package java.io; public class Closeable { } 
416687     DEBUG main            r.s.KeYCrossReferenceSourceInfo Dynamically created class: java.io.Closeable 
418967     DEBUG main            d.u.i.k.p.i.AbstractProblemLoader Init config took 2.3s 
418984     INFO  main            d.u.i.k.p.i.AbstractProblemLoader Replaying proof reverseArray.key.proof 
419640     DEBUG main            d.u.i.k.p.i.IntermediateProofReplayer Proof replay took 646.12ms 
419642     DEBUG main            d.u.i.k.p.r.p.TestFile    ... success: reloaded. 
419643     INFO  main            d.u.i.k.p.r.p.TestFile    Now processing file /home/runner/work/key/key/key.core/../key.ui/examples/standard_key/java_dl/reverseArray2.key 
419643     INFO  main            d.u.i.k.p.i.AbstractProblemLoader Loading environment from /home/runner/work/key/key/key.core/../key.ui/examples/standard_key/java_dl/reverseArray2.key 
419643     DEBUG main            d.u.i.k.p.i.AbstractProblemLoader Environment load took 63.1ns 
419645     INFO  main            d.u.i.k.p.i.AbstractProblemLoader Creating init config 
419665     WARN  main            d.u.i.k.j.r.KeYCrossReferenceNameInfo Datatype java.io.PrintStream declared twice: Once in FILE:/home/runner/work/key/key/key.core/../key.ui/examples/standard_key/java_dl/classpath/PrintStream.java and once in URL:file:/home/runner/work/key/key/key.core/build/resources/main/de/uka/ilkd/key/java/JavaRedux/java/io/PrintStream.java, Keeping one from URL:file:/home/runner/work/key/key/key.core/build/resources/main/de/uka/ilkd/key/java/JavaRedux/java/io/PrintStream.java 
419665     WARN  main            d.u.i.k.j.r.KeYCrossReferenceNameInfo Datatype java.io.InputStream declared twice: Once in FILE:/home/runner/work/key/key/key.core/../key.ui/examples/standard_key/java_dl/classpath/InputStream.java and once in URL:file:/home/runner/work/key/key/key.core/build/resources/main/de/uka/ilkd/key/java/JavaRedux/java/io/InputStream.java, Keeping one from URL:file:/home/runner/work/key/key/key.core/build/resources/main/de/uka/ilkd/key/java/JavaRedux/java/io/InputStream.java 
419665     WARN  main            d.u.i.k.j.r.KeYCrossReferenceNameInfo Datatype java.lang.System declared twice: Once in FILE:/home/runner/work/key/key/key.core/../key.ui/examples/standard_key/java_dl/classpath/System.java and once in URL:file:/home/runner/work/key/key/key.core/build/resources/main/de/uka/ilkd/key/java/JavaRedux/java/lang/System.java, Keeping one from URL:file:/home/runner/work/key/key/key.core/build/resources/main/de/uka/ilkd/key/java/JavaRedux/java/lang/System.java 
419668     DEBUG main            d.u.i.k.j.r.ClassFileDeclarationBuilder Parsing: package java.io; public class Closeable { } 
419668     DEBUG main            r.s.KeYCrossReferenceSourceInfo Dynamically created class: java.io.Closeable 
422015     DEBUG main            d.u.i.k.p.i.AbstractProblemLoader Init config took 2.37s 
422031     INFO  main            d.u.i.k.p.i.AbstractProblemLoader Replaying proof reverseArray2.key 
422032     DEBUG main            d.u.i.k.p.i.IntermediateProofReplayer Proof replay took 43.9ns 
423538     INFO  main            d.u.i.k.p.r.p.TestFile    ... finished proof: closed. 
424064     INFO  main            d.u.i.k.p.i.AbstractProblemLoader Loading environment from /home/runner/work/key/key/key.core/../key.ui/examples/standard_key/java_dl/reverseArray2.key.proof 
424064     DEBUG main            d.u.i.k.p.i.AbstractProblemLoader Environment load took 351.51ns 
424066     INFO  main            d.u.i.k.p.i.AbstractProblemLoader Creating init config 
424086     WARN  main            d.u.i.k.j.r.KeYCrossReferenceNameInfo Datatype java.io.PrintStream declared twice: Once in FILE:/home/runner/work/key/key/key.core/../key.ui/examples/standard_key/java_dl/classpath/PrintStream.java and once in URL:file:/home/runner/work/key/key/key.core/build/resources/main/de/uka/ilkd/key/java/JavaRedux/java/io/PrintStream.java, Keeping one from URL:file:/home/runner/work/key/key/key.core/build/resources/main/de/uka/ilkd/key/java/JavaRedux/java/io/PrintStream.java 
424087     WARN  main            d.u.i.k.j.r.KeYCrossReferenceNameInfo Datatype java.io.InputStream declared twice: Once in FILE:/home/runner/work/key/key/key.core/../key.ui/examples/standard_key/java_dl/classpath/InputStream.java and once in URL:file:/home/runner/work/key/key/key.core/build/resources/main/de/uka/ilkd/key/java/JavaRedux/java/io/InputStream.java, Keeping one from URL:file:/home/runner/work/key/key/key.core/build/resources/main/de/uka/ilkd/key/java/JavaRedux/java/io/InputStream.java 
424087     WARN  main            d.u.i.k.j.r.KeYCrossReferenceNameInfo Datatype java.lang.System declared twice: Once in FILE:/home/runner/work/key/key/key.core/../key.ui/examples/standard_key/java_dl/classpath/System.java and once in URL:file:/home/runner/work/key/key/key.core/build/resources/main/de/uka/ilkd/key/java/JavaRedux/java/lang/System.java, Keeping one from URL:file:/home/runner/work/key/key/key.core/build/resources/main/de/uka/ilkd/key/java/JavaRedux/java/lang/System.java 
424090     DEBUG main            d.u.i.k.j.r.ClassFileDeclarationBuilder Parsing: package java.io; public class Closeable { } 
424090     DEBUG main            r.s.KeYCrossReferenceSourceInfo Dynamically created class: java.io.Closeable 
426368     DEBUG main            d.u.i.k.p.i.AbstractProblemLoader Init config took 2.3s 
426384     INFO  main            d.u.i.k.p.i.AbstractProblemLoader Replaying proof reverseArray2.key.proof 
426604     DEBUG main            d.u.i.k.p.i.IntermediateProofReplayer Proof replay took 216.2ms 
426605     DEBUG main            d.u.i.k.p.r.p.TestFile    ... success: reloaded. 
426606     INFO  main            d.u.i.k.p.r.p.TestFile    Now processing file /home/runner/work/key/key/key.core/../key.ui/examples/standard_key/java_dl/simpleAssignment.key 
426606     INFO  main            d.u.i.k.p.i.AbstractProblemLoader Loading environment from /home/runner/work/key/key/key.core/../key.ui/examples/standard_key/java_dl/simpleAssignment.key 
426606     DEBUG main            d.u.i.k.p.i.AbstractProblemLoader Environment load took 51.1ns 
426607     INFO  main            d.u.i.k.p.i.AbstractProblemLoader Creating init config 
428837     DEBUG main            d.u.i.k.p.i.AbstractProblemLoader Init config took 2.23s 
428850     INFO  main            d.u.i.k.p.i.AbstractProblemLoader Replaying proof simpleAssignment.key 
428852     DEBUG main            d.u.i.k.p.i.IntermediateProofReplayer Proof replay took 2.9ns 
428953     INFO  main            d.u.i.k.p.r.p.TestFile    ... finished proof: closed. 
429457     INFO  main            d.u.i.k.p.i.AbstractProblemLoader Loading environment from /home/runner/work/key/key/key.core/../key.ui/examples/standard_key/java_dl/simpleAssignment.key.proof 
429457     DEBUG main            d.u.i.k.p.i.AbstractProblemLoader Environment load took 85.2ns 
429458     INFO  main            d.u.i.k.p.i.AbstractProblemLoader Creating init config 
431636     DEBUG main            d.u.i.k.p.i.AbstractProblemLoader Init config took 2.18s 
431649     INFO  main            d.u.i.k.p.i.AbstractProblemLoader Replaying proof simpleAssignment.key.proof 
431652     DEBUG main            d.u.i.k.p.i.IntermediateProofReplayer Proof replay took 650.81ns 
431652     DEBUG main            d.u.i.k.p.r.p.TestFile    ... success: reloaded. 
431653     INFO  main            d.u.i.k.p.r.p.TestFile    Now processing file /home/runner/work/key/key/key.core/../key.ui/examples/standard_key/java_dl/simpleAssignment2.key 
431653     INFO  main            d.u.i.k.p.i.AbstractProblemLoader Loading environment from /home/runner/work/key/key/key.core/../key.ui/examples/standard_key/java_dl/simpleAssignment2.key 
431653     DEBUG main            d.u.i.k.p.i.AbstractProblemLoader Environment load took 76.6ns 
431654     INFO  main            d.u.i.k.p.i.AbstractProblemLoader Creating init config 
433866     DEBUG main            d.u.i.k.p.i.AbstractProblemLoader Init config took 2.21s 
433879     INFO  main            d.u.i.k.p.i.AbstractProblemLoader Replaying proof simpleAssignment2.key 
433880     DEBUG main            d.u.i.k.p.i.IntermediateProofReplayer Proof replay took 2.6ns 
433982     INFO  main            d.u.i.k.p.r.p.TestFile    ... finished proof: closed. 
434442     INFO  main            d.u.i.k.p.i.AbstractProblemLoader Loading environment from /home/runner/work/key/key/key.core/../key.ui/examples/standard_key/java_dl/simpleAssignment2.key.proof 
434442     DEBUG main            d.u.i.k.p.i.AbstractProblemLoader Environment load took 91.7ns 
434443     INFO  main            d.u.i.k.p.i.AbstractProblemLoader Creating init config 
436616     DEBUG main            d.u.i.k.p.i.AbstractProblemLoader Init config took 2.17s 
436629     INFO  main            d.u.i.k.p.i.AbstractProblemLoader Replaying proof simpleAssignment2.key.proof 
436631     DEBUG main            d.u.i.k.p.i.IntermediateProofReplayer Proof replay took 369.51ns 
436632     DEBUG main            d.u.i.k.p.r.p.TestFile    ... success: reloaded. 
436632     INFO  main            d.u.i.k.p.r.p.TestFile    Now processing file /home/runner/work/key/key/key.core/../key.ui/examples/standard_key/java_dl/splittingWithQueries.key 
436632     INFO  main            d.u.i.k.p.i.AbstractProblemLoader Loading environment from /home/runner/work/key/key/key.core/../key.ui/examples/standard_key/java_dl/splittingWithQueries.key 
436632     DEBUG main            d.u.i.k.p.i.AbstractProblemLoader Environment load took 45ns 
436633     INFO  main            d.u.i.k.p.i.AbstractProblemLoader Creating init config 
438904     DEBUG main            d.u.i.k.p.i.AbstractProblemLoader Init config took 2.27s 
438917     INFO  main            d.u.i.k.p.i.AbstractProblemLoader Replaying proof splittingWithQueries.key 
438918     DEBUG main            d.u.i.k.p.i.IntermediateProofReplayer Proof replay took 3.5ns 
439021     INFO  main            d.u.i.k.p.r.p.TestFile    ... finished proof: closed. 
439483     INFO  main            d.u.i.k.p.i.AbstractProblemLoader Loading environment from /home/runner/work/key/key/key.core/../key.ui/examples/standard_key/java_dl/splittingWithQueries.key.proof 
439483     DEBUG main            d.u.i.k.p.i.AbstractProblemLoader Environment load took 87.7ns 
439484     INFO  main            d.u.i.k.p.i.AbstractProblemLoader Creating init config 
441716     DEBUG main            d.u.i.k.p.i.AbstractProblemLoader Init config took 2.23s 
441728     INFO  main            d.u.i.k.p.i.AbstractProblemLoader Replaying proof splittingWithQueries.key.proof 
441731     DEBUG main            d.u.i.k.p.i.IntermediateProofReplayer Proof replay took 1.54ms 
441732     DEBUG main            d.u.i.k.p.r.p.TestFile    ... success: reloaded. 
441733     INFO  main            d.u.i.k.p.r.p.TestFile    Now processing file /home/runner/work/key/key/key.core/../key.ui/examples/standard_key/java_dl/strassen/strassen.key 
441733     INFO  main            d.u.i.k.p.i.AbstractProblemLoader Loading environment from /home/runner/work/key/key/key.core/../key.ui/examples/standard_key/java_dl/strassen/strassen.key 
441733     DEBUG main            d.u.i.k.p.i.AbstractProblemLoader Environment load took 94.3ns 
441734     INFO  main            d.u.i.k.p.i.AbstractProblemLoader Creating init config 
444085     DEBUG main            d.u.i.k.p.i.AbstractProblemLoader Init config took 2.35s 
444120     INFO  main            d.u.i.k.p.i.AbstractProblemLoader Replaying proof Matrix22[Matrix22::strassen(Matrix22,Matrix22)].JML normal_behavior operation contract.0 
444121     DEBUG main            d.u.i.k.p.i.IntermediateProofReplayer Proof replay took 2.5ns 
449314     INFO  main            d.u.i.k.p.r.p.TestFile    ... finished proof: closed. 
449908     INFO  main            d.u.i.k.p.i.AbstractProblemLoader Loading environment from /home/runner/work/key/key/key.core/../key.ui/examples/standard_key/java_dl/strassen/strassen.key.proof 
449909     DEBUG main            d.u.i.k.p.i.AbstractProblemLoader Environment load took 340.7ns 
449911     INFO  main            d.u.i.k.p.i.AbstractProblemLoader Creating init config 
452222     DEBUG main            d.u.i.k.p.i.AbstractProblemLoader Init config took 2.31s 
452257     INFO  main            d.u.i.k.p.i.AbstractProblemLoader Replaying proof Matrix22[Matrix22::strassen(Matrix22,Matrix22)].JML normal_behavior operation contract.0 
453001     DEBUG main            d.u.i.k.p.i.IntermediateProofReplayer Proof replay took 735.04ms 
453003     DEBUG main            d.u.i.k.p.r.p.TestFile    ... success: reloaded. 
453004     INFO  main            d.u.i.k.p.r.p.TestFile    Now processing file /home/runner/work/key/key/key.core/../key.ui/examples/standard_key/java_dl/symmArray.key 
453004     INFO  main            d.u.i.k.p.i.AbstractProblemLoader Loading environment from /home/runner/work/key/key/key.core/../key.ui/examples/standard_key/java_dl/symmArray.key 
453004     DEBUG main            d.u.i.k.p.i.AbstractProblemLoader Environment load took 155.4ns 
453007     INFO  main            d.u.i.k.p.i.AbstractProblemLoader Creating init config 
455390     DEBUG main            d.u.i.k.p.i.AbstractProblemLoader Init config took 2.38s 
455405     INFO  main            d.u.i.k.p.i.AbstractProblemLoader Replaying proof symmArray.key 
455406     DEBUG main            d.u.i.k.p.i.IntermediateProofReplayer Proof replay took 3.5ns 
554898     INFO  main            d.u.i.k.p.r.p.TestFile    ... finished proof: closed. 
555497     INFO  main            d.u.i.k.p.i.AbstractProblemLoader Loading environment from /home/runner/work/key/key/key.core/../key.ui/examples/standard_key/java_dl/symmArray.key.proof 
555497     DEBUG main            d.u.i.k.p.i.AbstractProblemLoader Environment load took 358.11ns 
555503     INFO  main            d.u.i.k.p.i.AbstractProblemLoader Creating init config 
557800     DEBUG main            d.u.i.k.p.i.AbstractProblemLoader Init config took 2.3s 
557816     INFO  main            d.u.i.k.p.i.AbstractProblemLoader Replaying proof symmArray.key.proof 
558880     DEBUG main            d.u.i.k.p.i.IntermediateProofReplayer Proof replay took 991ms 
558885     DEBUG main            d.u.i.k.p.r.p.TestFile    ... success: reloaded. 
558886     INFO  main            d.u.i.k.p.r.p.TestFile    Now processing file /home/runner/work/key/key/key.core/../key.ui/examples/standard_key/java_dl/testcontext.key 
558886     INFO  main            d.u.i.k.p.i.AbstractProblemLoader Loading environment from /home/runner/work/key/key/key.core/../key.ui/examples/standard_key/java_dl/testcontext.key 
558886     DEBUG main            d.u.i.k.p.i.AbstractProblemLoader Environment load took 79.7ns 
558887     INFO  main            d.u.i.k.p.i.AbstractProblemLoader Creating init config 
558907     WARN  main            d.u.i.k.j.r.KeYCrossReferenceNameInfo Datatype java.io.PrintStream declared twice: Once in FILE:/home/runner/work/key/key/key.core/../key.ui/examples/standard_key/java_dl/classpath/PrintStream.java and once in URL:file:/home/runner/work/key/key/key.core/build/resources/main/de/uka/ilkd/key/java/JavaRedux/java/io/PrintStream.java, Keeping one from URL:file:/home/runner/work/key/key/key.core/build/resources/main/de/uka/ilkd/key/java/JavaRedux/java/io/PrintStream.java 
558907     WARN  main            d.u.i.k.j.r.KeYCrossReferenceNameInfo Datatype java.io.InputStream declared twice: Once in FILE:/home/runner/work/key/key/key.core/../key.ui/examples/standard_key/java_dl/classpath/InputStream.java and once in URL:file:/home/runner/work/key/key/key.core/build/resources/main/de/uka/ilkd/key/java/JavaRedux/java/io/InputStream.java, Keeping one from URL:file:/home/runner/work/key/key/key.core/build/resources/main/de/uka/ilkd/key/java/JavaRedux/java/io/InputStream.java 
558907     WARN  main            d.u.i.k.j.r.KeYCrossReferenceNameInfo Datatype java.lang.System declared twice: Once in FILE:/home/runner/work/key/key/key.core/../key.ui/examples/standard_key/java_dl/classpath/System.java and once in URL:file:/home/runner/work/key/key/key.core/build/resources/main/de/uka/ilkd/key/java/JavaRedux/java/lang/System.java, Keeping one from URL:file:/home/runner/work/key/key/key.core/build/resources/main/de/uka/ilkd/key/java/JavaRedux/java/lang/System.java 
558910     DEBUG main            d.u.i.k.j.r.ClassFileDeclarationBuilder Parsing: package java.io; public class Closeable { } 
558910     DEBUG main            r.s.KeYCrossReferenceSourceInfo Dynamically created class: java.io.Closeable 
561226     DEBUG main            d.u.i.k.p.i.AbstractProblemLoader Init config took 2.34s 
561240     INFO  main            d.u.i.k.p.i.AbstractProblemLoader Replaying proof testcontext.key 
561241     DEBUG main            d.u.i.k.p.i.IntermediateProofReplayer Proof replay took 2.9ns 
561544     INFO  main            d.u.i.k.p.r.p.TestFile    ... finished proof: closed. 
562156     INFO  main            d.u.i.k.p.i.AbstractProblemLoader Loading environment from /home/runner/work/key/key/key.core/../key.ui/examples/standard_key/java_dl/testcontext.key.proof 
562156     DEBUG main            d.u.i.k.p.i.AbstractProblemLoader Environment load took 96.4ns 
562158     INFO  main            d.u.i.k.p.i.AbstractProblemLoader Creating init config 
562178     WARN  main            d.u.i.k.j.r.KeYCrossReferenceNameInfo Datatype java.io.PrintStream declared twice: Once in FILE:/home/runner/work/key/key/key.core/../key.ui/examples/standard_key/java_dl/classpath/PrintStream.java and once in URL:file:/home/runner/work/key/key/key.core/build/resources/main/de/uka/ilkd/key/java/JavaRedux/java/io/PrintStream.java, Keeping one from URL:file:/home/runner/work/key/key/key.core/build/resources/main/de/uka/ilkd/key/java/JavaRedux/java/io/PrintStream.java 
562178     WARN  main            d.u.i.k.j.r.KeYCrossReferenceNameInfo Datatype java.io.InputStream declared twice: Once in FILE:/home/runner/work/key/key/key.core/../key.ui/examples/standard_key/java_dl/classpath/InputStream.java and once in URL:file:/home/runner/work/key/key/key.core/build/resources/main/de/uka/ilkd/key/java/JavaRedux/java/io/InputStream.java, Keeping one from URL:file:/home/runner/work/key/key/key.core/build/resources/main/de/uka/ilkd/key/java/JavaRedux/java/io/InputStream.java 
562179     WARN  main            d.u.i.k.j.r.KeYCrossReferenceNameInfo Datatype java.lang.System declared twice: Once in FILE:/home/runner/work/key/key/key.core/../key.ui/examples/standard_key/java_dl/classpath/System.java and once in URL:file:/home/runner/work/key/key/key.core/build/resources/main/de/uka/ilkd/key/java/JavaRedux/java/lang/System.java, Keeping one from URL:file:/home/runner/work/key/key/key.core/build/resources/main/de/uka/ilkd/key/java/JavaRedux/java/lang/System.java 
562182     DEBUG main            d.u.i.k.j.r.ClassFileDeclarationBuilder Parsing: package java.io; public class Closeable { } 
562182     DEBUG main            r.s.KeYCrossReferenceSourceInfo Dynamically created class: java.io.Closeable 
564451     DEBUG main            d.u.i.k.p.i.AbstractProblemLoader Init config took 2.29s 
564464     INFO  main            d.u.i.k.p.i.AbstractProblemLoader Replaying proof testcontext.key.proof 
564519     DEBUG main            d.u.i.k.p.i.IntermediateProofReplayer Proof replay took 52.54ms 
564520     DEBUG main            d.u.i.k.p.r.p.TestFile    ... success: reloaded. 
564521     INFO  main            d.u.i.k.p.r.p.TestFile    Now processing file /home/runner/work/key/key/key.core/../key.ui/examples/standard_key/staticInitialisation/cascadeStaticInitialisation.key 
564521     INFO  main            d.u.i.k.p.i.AbstractProblemLoader Loading environment from /home/runner/work/key/key/key.core/../key.ui/examples/standard_key/staticInitialisation/cascadeStaticInitialisation.key 
564521     DEBUG main            d.u.i.k.p.i.AbstractProblemLoader Environment load took 49.8ns 
564523     INFO  main            d.u.i.k.p.i.AbstractProblemLoader Creating init config 
564543     WARN  main            d.u.i.k.j.r.KeYCrossReferenceNameInfo Datatype java.io.PrintStream declared twice: Once in FILE:/home/runner/work/key/key/key.core/../key.ui/examples/standard_key/staticInitialisation/classpath/PrintStream.java and once in URL:file:/home/runner/work/key/key/key.core/build/resources/main/de/uka/ilkd/key/java/JavaRedux/java/io/PrintStream.java, Keeping one from URL:file:/home/runner/work/key/key/key.core/build/resources/main/de/uka/ilkd/key/java/JavaRedux/java/io/PrintStream.java 
564543     WARN  main            d.u.i.k.j.r.KeYCrossReferenceNameInfo Datatype java.lang.System declared twice: Once in FILE:/home/runner/work/key/key/key.core/../key.ui/examples/standard_key/staticInitialisation/classpath/System.java and once in URL:file:/home/runner/work/key/key/key.core/build/resources/main/de/uka/ilkd/key/java/JavaRedux/java/lang/System.java, Keeping one from URL:file:/home/runner/work/key/key/key.core/build/resources/main/de/uka/ilkd/key/java/JavaRedux/java/lang/System.java 
566868     DEBUG main            d.u.i.k.p.i.AbstractProblemLoader Init config took 2.34s 
566882     INFO  main            d.u.i.k.p.i.AbstractProblemLoader Replaying proof cascadeStaticInitialisation.key 
566883     DEBUG main            d.u.i.k.p.i.IntermediateProofReplayer Proof replay took 2.7ns 
567616     INFO  main            d.u.i.k.p.r.p.TestFile    ... finished proof: closed. 
568163     INFO  main            d.u.i.k.p.i.AbstractProblemLoader Loading environment from /home/runner/work/key/key/key.core/../key.ui/examples/standard_key/staticInitialisation/cascadeStaticInitialisation.key.proof 
568163     DEBUG main            d.u.i.k.p.i.AbstractProblemLoader Environment load took 89.4ns 
568164     INFO  main            d.u.i.k.p.i.AbstractProblemLoader Creating init config 
568184     WARN  main            d.u.i.k.j.r.KeYCrossReferenceNameInfo Datatype java.io.PrintStream declared twice: Once in FILE:/home/runner/work/key/key/key.core/../key.ui/examples/standard_key/staticInitialisation/classpath/PrintStream.java and once in URL:file:/home/runner/work/key/key/key.core/build/resources/main/de/uka/ilkd/key/java/JavaRedux/java/io/PrintStream.java, Keeping one from URL:file:/home/runner/work/key/key/key.core/build/resources/main/de/uka/ilkd/key/java/JavaRedux/java/io/PrintStream.java 
568185     WARN  main            d.u.i.k.j.r.KeYCrossReferenceNameInfo Datatype java.lang.System declared twice: Once in FILE:/home/runner/work/key/key/key.core/../key.ui/examples/standard_key/staticInitialisation/classpath/System.java and once in URL:file:/home/runner/work/key/key/key.core/build/resources/main/de/uka/ilkd/key/java/JavaRedux/java/lang/System.java, Keeping one from URL:file:/home/runner/work/key/key/key.core/build/resources/main/de/uka/ilkd/key/java/JavaRedux/java/lang/System.java 
570468     DEBUG main            d.u.i.k.p.i.AbstractProblemLoader Init config took 2.3s 
570482     INFO  main            d.u.i.k.p.i.AbstractProblemLoader Replaying proof cascadeStaticInitialisation.key.proof 
570625     DEBUG main            d.u.i.k.p.i.IntermediateProofReplayer Proof replay took 139.65ms 
570626     DEBUG main            d.u.i.k.p.r.p.TestFile    ... success: reloaded. 
570627     INFO  main            d.u.i.k.p.r.p.TestFile    Now processing file /home/runner/work/key/key/key.core/../key.ui/examples/standard_key/staticInitialisation/erroneousClassImpliesErroneousSubclass.key 
570627     INFO  main            d.u.i.k.p.i.AbstractProblemLoader Loading environment from /home/runner/work/key/key/key.core/../key.ui/examples/standard_key/staticInitialisation/erroneousClassImpliesErroneousSubclass.key 
570627     DEBUG main            d.u.i.k.p.i.AbstractProblemLoader Environment load took 81.9ns 
570628     INFO  main            d.u.i.k.p.i.AbstractProblemLoader Creating init config 
570647     WARN  main            d.u.i.k.j.r.KeYCrossReferenceNameInfo Datatype java.io.PrintStream declared twice: Once in FILE:/home/runner/work/key/key/key.core/../key.ui/examples/standard_key/staticInitialisation/classpath/PrintStream.java and once in URL:file:/home/runner/work/key/key/key.core/build/resources/main/de/uka/ilkd/key/java/JavaRedux/java/io/PrintStream.java, Keeping one from URL:file:/home/runner/work/key/key/key.core/build/resources/main/de/uka/ilkd/key/java/JavaRedux/java/io/PrintStream.java 
570647     WARN  main            d.u.i.k.j.r.KeYCrossReferenceNameInfo Datatype java.lang.System declared twice: Once in FILE:/home/runner/work/key/key/key.core/../key.ui/examples/standard_key/staticInitialisation/classpath/System.java and once in URL:file:/home/runner/work/key/key/key.core/build/resources/main/de/uka/ilkd/key/java/JavaRedux/java/lang/System.java, Keeping one from URL:file:/home/runner/work/key/key/key.core/build/resources/main/de/uka/ilkd/key/java/JavaRedux/java/lang/System.java 
572902     DEBUG main            d.u.i.k.p.i.AbstractProblemLoader Init config took 2.27s 
572915     INFO  main            d.u.i.k.p.i.AbstractProblemLoader Replaying proof erroneousClassImpliesErroneousSubclass.key 
572916     DEBUG main            d.u.i.k.p.i.IntermediateProofReplayer Proof replay took 3.1ns 
573017     INFO  main            d.u.i.k.p.r.p.TestFile    ... finished proof: closed. 
573546     INFO  main            d.u.i.k.p.i.AbstractProblemLoader Loading environment from /home/runner/work/key/key/key.core/../key.ui/examples/standard_key/staticInitialisation/erroneousClassImpliesErroneousSubclass.key.proof 
573546     DEBUG main            d.u.i.k.p.i.AbstractProblemLoader Environment load took 82ns 
573547     INFO  main            d.u.i.k.p.i.AbstractProblemLoader Creating init config 
573566     WARN  main            d.u.i.k.j.r.KeYCrossReferenceNameInfo Datatype java.io.PrintStream declared twice: Once in FILE:/home/runner/work/key/key/key.core/../key.ui/examples/standard_key/staticInitialisation/classpath/PrintStream.java and once in URL:file:/home/runner/work/key/key/key.core/build/resources/main/de/uka/ilkd/key/java/JavaRedux/java/io/PrintStream.java, Keeping one from URL:file:/home/runner/work/key/key/key.core/build/resources/main/de/uka/ilkd/key/java/JavaRedux/java/io/PrintStream.java 
573567     WARN  main            d.u.i.k.j.r.KeYCrossReferenceNameInfo Datatype java.lang.System declared twice: Once in FILE:/home/runner/work/key/key/key.core/../key.ui/examples/standard_key/staticInitialisation/classpath/System.java and once in URL:file:/home/runner/work/key/key/key.core/build/resources/main/de/uka/ilkd/key/java/JavaRedux/java/lang/System.java, Keeping one from URL:file:/home/runner/work/key/key/key.core/build/resources/main/de/uka/ilkd/key/java/JavaRedux/java/lang/System.java 
575772     DEBUG main            d.u.i.k.p.i.AbstractProblemLoader Init config took 2.23s 
575785     INFO  main            d.u.i.k.p.i.AbstractProblemLoader Replaying proof erroneousClassImpliesErroneousSubclass.key.proof 
575786     DEBUG main            d.u.i.k.p.i.IntermediateProofReplayer Proof replay took 475.91ns 
575787     DEBUG main            d.u.i.k.p.r.p.TestFile    ... success: reloaded. 
575788     INFO  main            d.u.i.k.p.r.p.TestFile    Now processing file /home/runner/work/key/key/key.core/../key.ui/examples/standard_key/staticInitialisation/initializedSubclassImpliesInitializedSuperclass.key 
575788     INFO  main            d.u.i.k.p.i.AbstractProblemLoader Loading environment from /home/runner/work/key/key/key.core/../key.ui/examples/standard_key/staticInitialisation/initializedSubclassImpliesInitializedSuperclass.key 
575788     DEBUG main            d.u.i.k.p.i.AbstractProblemLoader Environment load took 59.2ns 
575789     INFO  main            d.u.i.k.p.i.AbstractProblemLoader Creating init config 
575807     WARN  main            d.u.i.k.j.r.KeYCrossReferenceNameInfo Datatype java.io.PrintStream declared twice: Once in FILE:/home/runner/work/key/key/key.core/../key.ui/examples/standard_key/staticInitialisation/classpath/PrintStream.java and once in URL:file:/home/runner/work/key/key/key.core/build/resources/main/de/uka/ilkd/key/java/JavaRedux/java/io/PrintStream.java, Keeping one from URL:file:/home/runner/work/key/key/key.core/build/resources/main/de/uka/ilkd/key/java/JavaRedux/java/io/PrintStream.java 
575808     WARN  main            d.u.i.k.j.r.KeYCrossReferenceNameInfo Datatype java.lang.System declared twice: Once in FILE:/home/runner/work/key/key/key.core/../key.ui/examples/standard_key/staticInitialisation/classpath/System.java and once in URL:file:/home/runner/work/key/key/key.core/build/resources/main/de/uka/ilkd/key/java/JavaRedux/java/lang/System.java, Keeping one from URL:file:/home/runner/work/key/key/key.core/build/resources/main/de/uka/ilkd/key/java/JavaRedux/java/lang/System.java 
578035     DEBUG main            d.u.i.k.p.i.AbstractProblemLoader Init config took 2.25s 
578048     INFO  main            d.u.i.k.p.i.AbstractProblemLoader Replaying proof initializedSubclassImpliesInitializedSuperclass.key 
578049     DEBUG main            d.u.i.k.p.i.IntermediateProofReplayer Proof replay took 4.1ns 
578151     INFO  main            d.u.i.k.p.r.p.TestFile    ... finished proof: closed. 
578651     INFO  main            d.u.i.k.p.i.AbstractProblemLoader Loading environment from /home/runner/work/key/key/key.core/../key.ui/examples/standard_key/staticInitialisation/initializedSubclassImpliesInitializedSuperclass.key.proof 
578652     DEBUG main            d.u.i.k.p.i.AbstractProblemLoader Environment load took 83.9ns 
578652     INFO  main            d.u.i.k.p.i.AbstractProblemLoader Creating init config 
578672     WARN  main            d.u.i.k.j.r.KeYCrossReferenceNameInfo Datatype java.io.PrintStream declared twice: Once in FILE:/home/runner/work/key/key/key.core/../key.ui/examples/standard_key/staticInitialisation/classpath/PrintStream.java and once in URL:file:/home/runner/work/key/key/key.core/build/resources/main/de/uka/ilkd/key/java/JavaRedux/java/io/PrintStream.java, Keeping one from URL:file:/home/runner/work/key/key/key.core/build/resources/main/de/uka/ilkd/key/java/JavaRedux/java/io/PrintStream.java 
578672     WARN  main            d.u.i.k.j.r.KeYCrossReferenceNameInfo Datatype java.lang.System declared twice: Once in FILE:/home/runner/work/key/key/key.core/../key.ui/examples/standard_key/staticInitialisation/classpath/System.java and once in URL:file:/home/runner/work/key/key/key.core/build/resources/main/de/uka/ilkd/key/java/JavaRedux/java/lang/System.java, Keeping one from URL:file:/home/runner/work/key/key/key.core/build/resources/main/de/uka/ilkd/key/java/JavaRedux/java/lang/System.java 
580885     DEBUG main            d.u.i.k.p.i.AbstractProblemLoader Init config took 2.23s 
580897     INFO  main            d.u.i.k.p.i.AbstractProblemLoader Replaying proof initializedSubclassImpliesInitializedSuperclass.key.proof 
580899     DEBUG main            d.u.i.k.p.i.IntermediateProofReplayer Proof replay took 415.71ns 
580900     DEBUG main            d.u.i.k.p.r.p.TestFile    ... success: reloaded. 
580901     INFO  main            d.u.i.k.p.r.p.TestFile    Now processing file /home/runner/work/key/key/key.core/../key.ui/examples/standard_key/staticInitialisation/localDeclared.key 
580901     INFO  main            d.u.i.k.p.i.AbstractProblemLoader Loading environment from /home/runner/work/key/key/key.core/../key.ui/examples/standard_key/staticInitialisation/localDeclared.key 
580901     DEBUG main            d.u.i.k.p.i.AbstractProblemLoader Environment load took 60.8ns 
580902     INFO  main            d.u.i.k.p.i.AbstractProblemLoader Creating init config 
580921     WARN  main            d.u.i.k.j.r.KeYCrossReferenceNameInfo Datatype java.io.PrintStream declared twice: Once in FILE:/home/runner/work/key/key/key.core/../key.ui/examples/standard_key/staticInitialisation/classpath/PrintStream.java and once in URL:file:/home/runner/work/key/key/key.core/build/resources/main/de/uka/ilkd/key/java/JavaRedux/java/io/PrintStream.java, Keeping one from URL:file:/home/runner/work/key/key/key.core/build/resources/main/de/uka/ilkd/key/java/JavaRedux/java/io/PrintStream.java 
580921     WARN  main            d.u.i.k.j.r.KeYCrossReferenceNameInfo Datatype java.lang.System declared twice: Once in FILE:/home/runner/work/key/key/key.core/../key.ui/examples/standard_key/staticInitialisation/classpath/System.java and once in URL:file:/home/runner/work/key/key/key.core/build/resources/main/de/uka/ilkd/key/java/JavaRedux/java/lang/System.java, Keeping one from URL:file:/home/runner/work/key/key/key.core/build/resources/main/de/uka/ilkd/key/java/JavaRedux/java/lang/System.java 
583144     DEBUG main            d.u.i.k.p.i.AbstractProblemLoader Init config took 2.24s 
583158     INFO  main            d.u.i.k.p.i.AbstractProblemLoader Replaying proof localDeclared.key 
583159     DEBUG main            d.u.i.k.p.i.IntermediateProofReplayer Proof replay took 3.1ns 
583462     INFO  main            d.u.i.k.p.r.p.TestFile    ... finished proof: closed. 
583968     INFO  main            d.u.i.k.p.i.AbstractProblemLoader Loading environment from /home/runner/work/key/key/key.core/../key.ui/examples/standard_key/staticInitialisation/localDeclared.key.proof 
583968     DEBUG main            d.u.i.k.p.i.AbstractProblemLoader Environment load took 89.8ns 
583969     INFO  main            d.u.i.k.p.i.AbstractProblemLoader Creating init config 
583993     WARN  main            d.u.i.k.j.r.KeYCrossReferenceNameInfo Datatype java.io.PrintStream declared twice: Once in FILE:/home/runner/work/key/key/key.core/../key.ui/examples/standard_key/staticInitialisation/classpath/PrintStream.java and once in URL:file:/home/runner/work/key/key/key.core/build/resources/main/de/uka/ilkd/key/java/JavaRedux/java/io/PrintStream.java, Keeping one from URL:file:/home/runner/work/key/key/key.core/build/resources/main/de/uka/ilkd/key/java/JavaRedux/java/io/PrintStream.java 
583994     WARN  main            d.u.i.k.j.r.KeYCrossReferenceNameInfo Datatype java.lang.System declared twice: Once in FILE:/home/runner/work/key/key/key.core/../key.ui/examples/standard_key/staticInitialisation/classpath/System.java and once in URL:file:/home/runner/work/key/key/key.core/build/resources/main/de/uka/ilkd/key/java/JavaRedux/java/lang/System.java, Keeping one from URL:file:/home/runner/work/key/key/key.core/build/resources/main/de/uka/ilkd/key/java/JavaRedux/java/lang/System.java 
586196     DEBUG main            d.u.i.k.p.i.AbstractProblemLoader Init config took 2.23s 
586210     INFO  main            d.u.i.k.p.i.AbstractProblemLoader Replaying proof localDeclared.key.proof 
586265     DEBUG main            d.u.i.k.p.i.IntermediateProofReplayer Proof replay took 53.4ms 
586266     DEBUG main            d.u.i.k.p.r.p.TestFile    ... success: reloaded. 
586267     INFO  main            d.u.i.k.p.r.p.TestFile    Now processing file /home/runner/work/key/key/key.core/../key.ui/examples/standard_key/staticInitialisation/localDeclaredMethod.key 
586267     INFO  main            d.u.i.k.p.i.AbstractProblemLoader Loading environment from /home/runner/work/key/key/key.core/../key.ui/examples/standard_key/staticInitialisation/localDeclaredMethod.key 
586267     DEBUG main            d.u.i.k.p.i.AbstractProblemLoader Environment load took 103.6ns 
586269     INFO  main            d.u.i.k.p.i.AbstractProblemLoader Creating init config 
586288     WARN  main            d.u.i.k.j.r.KeYCrossReferenceNameInfo Datatype java.io.PrintStream declared twice: Once in FILE:/home/runner/work/key/key/key.core/../key.ui/examples/standard_key/staticInitialisation/classpath/PrintStream.java and once in URL:file:/home/runner/work/key/key/key.core/build/resources/main/de/uka/ilkd/key/java/JavaRedux/java/io/PrintStream.java, Keeping one from URL:file:/home/runner/work/key/key/key.core/build/resources/main/de/uka/ilkd/key/java/JavaRedux/java/io/PrintStream.java 
586288     WARN  main            d.u.i.k.j.r.KeYCrossReferenceNameInfo Datatype java.lang.System declared twice: Once in FILE:/home/runner/work/key/key/key.core/../key.ui/examples/standard_key/staticInitialisation/classpath/System.java and once in URL:file:/home/runner/work/key/key/key.core/build/resources/main/de/uka/ilkd/key/java/JavaRedux/java/lang/System.java, Keeping one from URL:file:/home/runner/work/key/key/key.core/build/resources/main/de/uka/ilkd/key/java/JavaRedux/java/lang/System.java 
588527     DEBUG main            d.u.i.k.p.i.AbstractProblemLoader Init config took 2.26s 
588541     INFO  main            d.u.i.k.p.i.AbstractProblemLoader Replaying proof localDeclaredMethod.key 
588542     DEBUG main            d.u.i.k.p.i.IntermediateProofReplayer Proof replay took 3.2ns 
588846     INFO  main            d.u.i.k.p.r.p.TestFile    ... finished proof: closed. 
589369     INFO  main            d.u.i.k.p.i.AbstractProblemLoader Loading environment from /home/runner/work/key/key/key.core/../key.ui/examples/standard_key/staticInitialisation/localDeclaredMethod.key.proof 
589369     DEBUG main            d.u.i.k.p.i.AbstractProblemLoader Environment load took 84.1ns 
589370     INFO  main            d.u.i.k.p.i.AbstractProblemLoader Creating init config 
589389     WARN  main            d.u.i.k.j.r.KeYCrossReferenceNameInfo Datatype java.io.PrintStream declared twice: Once in FILE:/home/runner/work/key/key/key.core/../key.ui/examples/standard_key/staticInitialisation/classpath/PrintStream.java and once in URL:file:/home/runner/work/key/key/key.core/build/resources/main/de/uka/ilkd/key/java/JavaRedux/java/io/PrintStream.java, Keeping one from URL:file:/home/runner/work/key/key/key.core/build/resources/main/de/uka/ilkd/key/java/JavaRedux/java/io/PrintStream.java 
589390     WARN  main            d.u.i.k.j.r.KeYCrossReferenceNameInfo Datatype java.lang.System declared twice: Once in FILE:/home/runner/work/key/key/key.core/../key.ui/examples/standard_key/staticInitialisation/classpath/System.java and once in URL:file:/home/runner/work/key/key/key.core/build/resources/main/de/uka/ilkd/key/java/JavaRedux/java/lang/System.java, Keeping one from URL:file:/home/runner/work/key/key/key.core/build/resources/main/de/uka/ilkd/key/java/JavaRedux/java/lang/System.java 
591595     DEBUG main            d.u.i.k.p.i.AbstractProblemLoader Init config took 2.23s 
591609     INFO  main            d.u.i.k.p.i.AbstractProblemLoader Replaying proof localDeclaredMethod.key.proof 
591661     DEBUG main            d.u.i.k.p.i.IntermediateProofReplayer Proof replay took 49.95ms 
591662     DEBUG main            d.u.i.k.p.r.p.TestFile    ... success: reloaded. 
591663     INFO  main            d.u.i.k.p.r.p.TestFile    Now processing file /home/runner/work/key/key/key.core/../key.ui/examples/standard_key/staticInitialisation/objectOfErroneousClass.key 
591664     INFO  main            d.u.i.k.p.i.AbstractProblemLoader Loading environment from /home/runner/work/key/key/key.core/../key.ui/examples/standard_key/staticInitialisation/objectOfErroneousClass.key 
591664     DEBUG main            d.u.i.k.p.i.AbstractProblemLoader Environment load took 167.6ns 
591665     INFO  main            d.u.i.k.p.i.AbstractProblemLoader Creating init config 
591684     WARN  main            d.u.i.k.j.r.KeYCrossReferenceNameInfo Datatype java.io.PrintStream declared twice: Once in FILE:/home/runner/work/key/key/key.core/../key.ui/examples/standard_key/staticInitialisation/classpath/PrintStream.java and once in URL:file:/home/runner/work/key/key/key.core/build/resources/main/de/uka/ilkd/key/java/JavaRedux/java/io/PrintStream.java, Keeping one from URL:file:/home/runner/work/key/key/key.core/build/resources/main/de/uka/ilkd/key/java/JavaRedux/java/io/PrintStream.java 
591685     WARN  main            d.u.i.k.j.r.KeYCrossReferenceNameInfo Datatype java.lang.System declared twice: Once in FILE:/home/runner/work/key/key/key.core/../key.ui/examples/standard_key/staticInitialisation/classpath/System.java and once in URL:file:/home/runner/work/key/key/key.core/build/resources/main/de/uka/ilkd/key/java/JavaRedux/java/lang/System.java, Keeping one from URL:file:/home/runner/work/key/key/key.core/build/resources/main/de/uka/ilkd/key/java/JavaRedux/java/lang/System.java 
594018     DEBUG main            d.u.i.k.p.i.AbstractProblemLoader Init config took 2.35s 
594033     INFO  main            d.u.i.k.p.i.AbstractProblemLoader Replaying proof objectOfErroneousClass.key 
594036     DEBUG main            d.u.i.k.p.i.IntermediateProofReplayer Proof replay took 3.1ns 
607967     INFO  main            d.u.i.k.p.r.p.TestFile    ... finished proof: closed. 
608558     INFO  main            d.u.i.k.p.i.AbstractProblemLoader Loading environment from /home/runner/work/key/key/key.core/../key.ui/examples/standard_key/staticInitialisation/objectOfErroneousClass.key.proof 
608558     DEBUG main            d.u.i.k.p.i.AbstractProblemLoader Environment load took 309.31ns 
608564     INFO  main            d.u.i.k.p.i.AbstractProblemLoader Creating init config 
608585     WARN  main            d.u.i.k.j.r.KeYCrossReferenceNameInfo Datatype java.io.PrintStream declared twice: Once in FILE:/home/runner/work/key/key/key.core/../key.ui/examples/standard_key/staticInitialisation/classpath/PrintStream.java and once in URL:file:/home/runner/work/key/key/key.core/build/resources/main/de/uka/ilkd/key/java/JavaRedux/java/io/PrintStream.java, Keeping one from URL:file:/home/runner/work/key/key/key.core/build/resources/main/de/uka/ilkd/key/java/JavaRedux/java/io/PrintStream.java 
608585     WARN  main            d.u.i.k.j.r.KeYCrossReferenceNameInfo Datatype java.lang.System declared twice: Once in FILE:/home/runner/work/key/key/key.core/../key.ui/examples/standard_key/staticInitialisation/classpath/System.java and once in URL:file:/home/runner/work/key/key/key.core/build/resources/main/de/uka/ilkd/key/java/JavaRedux/java/lang/System.java, Keeping one from URL:file:/home/runner/work/key/key/key.core/build/resources/main/de/uka/ilkd/key/java/JavaRedux/java/lang/System.java 
610791     DEBUG main            d.u.i.k.p.i.AbstractProblemLoader Init config took 2.23s 
610805     INFO  main            d.u.i.k.p.i.AbstractProblemLoader Replaying proof objectOfErroneousClass.key.proof 
612916     DEBUG main            d.u.i.k.p.i.IntermediateProofReplayer Proof replay took 2.09s 
612920     DEBUG main            d.u.i.k.p.r.p.TestFile    ... success: reloaded. 
612921     INFO  main            d.u.i.k.p.r.p.TestFile    Now processing file /home/runner/work/key/key/key.core/../key.ui/examples/standard_key/staticInitialisation/staticInitialisersAreNonSimple.key 
612921     INFO  main            d.u.i.k.p.i.AbstractProblemLoader Loading environment from /home/runner/work/key/key/key.core/../key.ui/examples/standard_key/staticInitialisation/staticInitialisersAreNonSimple.key 
612921     DEBUG main            d.u.i.k.p.i.AbstractProblemLoader Environment load took 174ns 
612923     INFO  main            d.u.i.k.p.i.AbstractProblemLoader Creating init config 
612942     WARN  main            d.u.i.k.j.r.KeYCrossReferenceNameInfo Datatype java.io.PrintStream declared twice: Once in FILE:/home/runner/work/key/key/key.core/../key.ui/examples/standard_key/staticInitialisation/classpath/PrintStream.java and once in URL:file:/home/runner/work/key/key/key.core/build/resources/main/de/uka/ilkd/key/java/JavaRedux/java/io/PrintStream.java, Keeping one from URL:file:/home/runner/work/key/key/key.core/build/resources/main/de/uka/ilkd/key/java/JavaRedux/java/io/PrintStream.java 
612942     WARN  main            d.u.i.k.j.r.KeYCrossReferenceNameInfo Datatype java.lang.System declared twice: Once in FILE:/home/runner/work/key/key/key.core/../key.ui/examples/standard_key/staticInitialisation/classpath/System.java and once in URL:file:/home/runner/work/key/key/key.core/build/resources/main/de/uka/ilkd/key/java/JavaRedux/java/lang/System.java, Keeping one from URL:file:/home/runner/work/key/key/key.core/build/resources/main/de/uka/ilkd/key/java/JavaRedux/java/lang/System.java 
615236     DEBUG main            d.u.i.k.p.i.AbstractProblemLoader Init config took 2.31s 
615256     INFO  main            d.u.i.k.p.i.AbstractProblemLoader Replaying proof staticInitialisersAreNonSimple.key 
615258     DEBUG main            d.u.i.k.p.i.IntermediateProofReplayer Proof replay took 2.7ns 
615661     INFO  main            d.u.i.k.p.r.p.TestFile    ... finished proof: closed. 
616266     INFO  main            d.u.i.k.p.i.AbstractProblemLoader Loading environment from /home/runner/work/key/key/key.core/../key.ui/examples/standard_key/staticInitialisation/staticInitialisersAreNonSimple.key.proof 
616266     DEBUG main            d.u.i.k.p.i.AbstractProblemLoader Environment load took 114.3ns 
616268     INFO  main            d.u.i.k.p.i.AbstractProblemLoader Creating init config 
616291     WARN  main            d.u.i.k.j.r.KeYCrossReferenceNameInfo Datatype java.io.PrintStream declared twice: Once in FILE:/home/runner/work/key/key/key.core/../key.ui/examples/standard_key/staticInitialisation/classpath/PrintStream.java and once in URL:file:/home/runner/work/key/key/key.core/build/resources/main/de/uka/ilkd/key/java/JavaRedux/java/io/PrintStream.java, Keeping one from URL:file:/home/runner/work/key/key/key.core/build/resources/main/de/uka/ilkd/key/java/JavaRedux/java/io/PrintStream.java 
616291     WARN  main            d.u.i.k.j.r.KeYCrossReferenceNameInfo Datatype java.lang.System declared twice: Once in FILE:/home/runner/work/key/key/key.core/../key.ui/examples/standard_key/staticInitialisation/classpath/System.java and once in URL:file:/home/runner/work/key/key/key.core/build/resources/main/de/uka/ilkd/key/java/JavaRedux/java/lang/System.java, Keeping one from URL:file:/home/runner/work/key/key/key.core/build/resources/main/de/uka/ilkd/key/java/JavaRedux/java/lang/System.java 
618497     DEBUG main            d.u.i.k.p.i.AbstractProblemLoader Init config took 2.23s 
618511     INFO  main            d.u.i.k.p.i.AbstractProblemLoader Replaying proof staticInitialisersAreNonSimple.key.proof 
618587     DEBUG main            d.u.i.k.p.i.IntermediateProofReplayer Proof replay took 73.38ms 
618588     DEBUG main            d.u.i.k.p.r.p.TestFile    ... success: reloaded. 
618589     INFO  main            d.u.i.k.p.r.p.TestFile    Now processing file /home/runner/work/key/key/key.core/../key.ui/examples/standard_key/types/disjoint.key 
618589     INFO  main            d.u.i.k.p.i.AbstractProblemLoader Loading environment from /home/runner/work/key/key/key.core/../key.ui/examples/standard_key/types/disjoint.key 
618589     DEBUG main            d.u.i.k.p.i.AbstractProblemLoader Environment load took 115.9ns 
618590     INFO  main            d.u.i.k.p.i.AbstractProblemLoader Creating init config 
620788     DEBUG main            d.u.i.k.p.i.AbstractProblemLoader Init config took 2.2s 
620801     INFO  main            d.u.i.k.p.i.AbstractProblemLoader Replaying proof disjoint.key 
620802     DEBUG main            d.u.i.k.p.i.IntermediateProofReplayer Proof replay took 3.9ns 
620903     INFO  main            d.u.i.k.p.r.p.TestFile    ... finished proof: closed. 
621446     INFO  main            d.u.i.k.p.i.AbstractProblemLoader Loading environment from /home/runner/work/key/key/key.core/../key.ui/examples/standard_key/types/disjoint.key.proof 
621446     DEBUG main            d.u.i.k.p.i.AbstractProblemLoader Environment load took 87.7ns 
621447     INFO  main            d.u.i.k.p.i.AbstractProblemLoader Creating init config 
623614     DEBUG main            d.u.i.k.p.i.AbstractProblemLoader Init config took 2.17s 
623626     INFO  main            d.u.i.k.p.i.AbstractProblemLoader Replaying proof disjoint.key.proof 
623628     DEBUG main            d.u.i.k.p.i.IntermediateProofReplayer Proof replay took 499.01ns 
623629     DEBUG main            d.u.i.k.p.r.p.TestFile    ... success: reloaded. 
623629     INFO  main            d.u.i.k.p.r.p.TestFile    Now processing file /home/runner/work/key/key/key.core/../key.ui/examples/../../key.core/src/test/resources/testcase/classpath/classpath.key 
623630     INFO  main            d.u.i.k.p.i.AbstractProblemLoader Loading environment from /home/runner/work/key/key/key.core/../key.ui/examples/../../key.core/src/test/resources/testcase/classpath/classpath.key 
623630     DEBUG main            d.u.i.k.p.i.AbstractProblemLoader Environment load took 102.2ns 
623630     INFO  main            d.u.i.k.p.i.AbstractProblemLoader Creating init config 
623652     WARN  main            d.u.i.k.j.r.KeYCrossReferenceNameInfo Datatype cp.C declared twice: Once in FILE:/home/runner/work/key/key/key.core/../key.ui/examples/../../key.core/src/test/resources/testcase/classpath/classpath/C.class and once in FILE:/home/runner/work/key/key/key.core/../key.ui/examples/../../key.core/src/test/resources/testcase/classpath/classpath/C.jml, Keeping one from FILE:/home/runner/work/key/key/key.core/../key.ui/examples/../../key.core/src/test/resources/testcase/classpath/classpath/C.jml 
623654     DEBUG main            d.u.i.k.j.r.ClassFileDeclarationBuilder Parsing: package cp; public class Unresolved1 { } 
623654     DEBUG main            r.s.KeYCrossReferenceSourceInfo Dynamically created class: cp.Unresolved1 
623655     DEBUG main            d.u.i.k.j.r.ClassFileDeclarationBuilder Parsing: package cp; public class Unresolved2 { } 
623655     DEBUG main            r.s.KeYCrossReferenceSourceInfo Dynamically created class: cp.Unresolved2 
625977     DEBUG main            d.u.i.k.p.i.AbstractProblemLoader Init config took 2.35s 
625992     INFO  main            d.u.i.k.p.i.AbstractProblemLoader Replaying proof classpath.key 
625994     DEBUG main            d.u.i.k.p.i.IntermediateProofReplayer Proof replay took 2.9ns 
626099     INFO  main            d.u.i.k.p.r.p.TestFile    ... finished proof: closed. 
626640     INFO  main            d.u.i.k.p.i.AbstractProblemLoader Loading environment from /home/runner/work/key/key/key.core/../key.ui/examples/../../key.core/src/test/resources/testcase/classpath/classpath.key.proof 
626640     DEBUG main            d.u.i.k.p.i.AbstractProblemLoader Environment load took 87.5ns 
626642     INFO  main            d.u.i.k.p.i.AbstractProblemLoader Creating init config 
626673     WARN  main            d.u.i.k.j.r.KeYCrossReferenceNameInfo Datatype cp.C declared twice: Once in FILE:/home/runner/work/key/key/key.core/../key.ui/examples/../../key.core/src/test/resources/testcase/classpath/classpath/C.class and once in FILE:/home/runner/work/key/key/key.core/../key.ui/examples/../../key.core/src/test/resources/testcase/classpath/classpath/C.jml, Keeping one from FILE:/home/runner/work/key/key/key.core/../key.ui/examples/../../key.core/src/test/resources/testcase/classpath/classpath/C.jml 
626676     DEBUG main            d.u.i.k.j.r.ClassFileDeclarationBuilder Parsing: package cp; public class Unresolved1 { } 
626676     DEBUG main            r.s.KeYCrossReferenceSourceInfo Dynamically created class: cp.Unresolved1 
626676     DEBUG main            d.u.i.k.j.r.ClassFileDeclarationBuilder Parsing: package cp; public class Unresolved2 { } 
626676     DEBUG main            r.s.KeYCrossReferenceSourceInfo Dynamically created class: cp.Unresolved2 
628957     DEBUG main            d.u.i.k.p.i.AbstractProblemLoader Init config took 2.31s 
628971     INFO  main            d.u.i.k.p.i.AbstractProblemLoader Replaying proof classpath.key.proof 
628973     DEBUG main            d.u.i.k.p.i.IntermediateProofReplayer Proof replay took 506.31ns 
628974     DEBUG main            d.u.i.k.p.r.p.TestFile    ... success: reloaded. 
628974     INFO  main            d.u.i.k.p.r.p.TestFile    Now processing file /home/runner/work/key/key/key.core/../key.ui/examples/heap/inconsistent_represents/MyClass_m.key 
628974     INFO  main            d.u.i.k.p.i.AbstractProblemLoader Loading environment from /home/runner/work/key/key/key.core/../key.ui/examples/heap/inconsistent_represents/MyClass_m.key 
628974     DEBUG main            d.u.i.k.p.i.AbstractProblemLoader Environment load took 49.5ns 
628975     INFO  main            d.u.i.k.p.i.AbstractProblemLoader Creating init config 
631269     DEBUG main            d.u.i.k.p.i.AbstractProblemLoader Init config took 2.29s 
631303     INFO  main            d.u.i.k.p.i.AbstractProblemLoader Replaying proof MyClass[MyClass::m()].JML operation contract.0 
631305     DEBUG main            d.u.i.k.p.i.IntermediateProofReplayer Proof replay took 2.6ns 
631407     INFO  main            d.u.i.k.p.r.p.TestFile    ... finished proof: open goal(s) 
631951     INFO  main            d.u.i.k.p.r.p.TestFile    Now processing file /home/runner/work/key/key/key.core/../key.ui/examples/heap/inconsistent_represents/MyClass_n.key 
631951     INFO  main            d.u.i.k.p.i.AbstractProblemLoader Loading environment from /home/runner/work/key/key/key.core/../key.ui/examples/heap/inconsistent_represents/MyClass_n.key 
631951     DEBUG main            d.u.i.k.p.i.AbstractProblemLoader Environment load took 43.6ns 
631952     INFO  main            d.u.i.k.p.i.AbstractProblemLoader Creating init config 
634188     DEBUG main            d.u.i.k.p.i.AbstractProblemLoader Init config took 2.24s 
634221     INFO  main            d.u.i.k.p.i.AbstractProblemLoader Replaying proof MyClass[MyClass::n()].JML operation contract.0 
634222     DEBUG main            d.u.i.k.p.i.IntermediateProofReplayer Proof replay took 2.3ns 
634324     INFO  main            d.u.i.k.p.r.p.TestFile    ... finished proof: open goal(s) 
3544373    INFO  Test worker     d.u.i.k.p.r.RunAllProofsTestUnit Returning from test javadl 
3544379    INFO  Test worker     d.u.i.k.p.r.RunAllProofsTestUnit Running test FOL 
339        INFO  Timeout watchdog d.u.i.k.p.r.p.ForkedTestFileRunner Timeout watcher launched (2000 secs.) 
354        WARN  main            d.u.i.k.s.ProofSettings   The settings in /home/runner/.key/proof-settings.props are *not* read. 
384        INFO  main            d.u.i.k.p.r.p.TestFile    Now processing file /home/runner/work/key/key/key.core/../key.ui/examples/standard_key/pred_log/count.key 
502        INFO  main            d.u.i.k.p.i.AbstractProblemLoader Loading environment from /home/runner/work/key/key/key.core/../key.ui/examples/standard_key/pred_log/count.key 
518        DEBUG main            d.u.i.k.p.i.AbstractProblemLoader Environment load took 2.07ms 
753        INFO  main            d.u.i.k.p.i.AbstractProblemLoader Creating init config 
1683       DEBUG main            d.u.i.k.j.TypeConverter   No LDT found for Meta 
1684       DEBUG main            d.u.i.k.j.TypeConverter   No LDT found for Meta 
1687       DEBUG main            d.u.i.k.j.TypeConverter   No LDT found for Meta 
1687       DEBUG main            d.u.i.k.j.TypeConverter   No LDT found for Meta 
3107       DEBUG main            d.u.i.k.j.TypeConverter   No LDT found for JavaBigintExpression 
7739       DEBUG main            d.u.i.k.p.i.AbstractProblemLoader Init config took 6.99s 
7796       INFO  main            d.u.i.k.p.i.AbstractProblemLoader Replaying proof count.key 
7828       DEBUG main            d.u.i.k.p.i.IntermediateProofReplayer Proof replay took 71.5ns 
7990       INFO  main            d.u.i.k.p.r.p.TestFile    ... finished proof: closed. 
8096       INFO  main            d.u.i.k.p.i.AbstractProblemLoader Loading environment from /home/runner/work/key/key/key.core/../key.ui/examples/standard_key/pred_log/count.key.proof 
8098       DEBUG main            d.u.i.k.p.i.AbstractProblemLoader Environment load took 1.67ms 
8105       INFO  main            d.u.i.k.p.i.AbstractProblemLoader Creating init config 
10865      DEBUG main            d.u.i.k.p.i.AbstractProblemLoader Init config took 2.76s 
10895      INFO  main            d.u.i.k.p.i.AbstractProblemLoader Replaying proof count.key.proof 
10906      DEBUG main            d.u.i.k.p.i.IntermediateProofReplayer Proof replay took 7.01ms 
10917      DEBUG main            d.u.i.k.p.r.p.TestFile    ... success: reloaded. 
10918      INFO  main            d.u.i.k.p.r.p.TestFile    Now processing file /home/runner/work/key/key/key.core/../key.ui/examples/standard_key/pred_log/count2.key 
10918      INFO  main            d.u.i.k.p.i.AbstractProblemLoader Loading environment from /home/runner/work/key/key/key.core/../key.ui/examples/standard_key/pred_log/count2.key 
10919      DEBUG main            d.u.i.k.p.i.AbstractProblemLoader Environment load took 196.7ns 
10920      INFO  main            d.u.i.k.p.i.AbstractProblemLoader Creating init config 
13485      DEBUG main            d.u.i.k.p.i.AbstractProblemLoader Init config took 2.56s 
13513      INFO  main            d.u.i.k.p.i.AbstractProblemLoader Replaying proof count2.key 
13515      DEBUG main            d.u.i.k.p.i.IntermediateProofReplayer Proof replay took 6.2ns 
13617      INFO  main            d.u.i.k.p.r.p.TestFile    ... finished proof: closed. 
13743      INFO  main            d.u.i.k.p.i.AbstractProblemLoader Loading environment from /home/runner/work/key/key/key.core/../key.ui/examples/standard_key/pred_log/count2.key.proof 
13744      DEBUG main            d.u.i.k.p.i.AbstractProblemLoader Environment load took 142.3ns 
13745      INFO  main            d.u.i.k.p.i.AbstractProblemLoader Creating init config 
16255      DEBUG main            d.u.i.k.p.i.AbstractProblemLoader Init config took 2.51s 
16279      INFO  main            d.u.i.k.p.i.AbstractProblemLoader Replaying proof count2.key.proof 
16286      DEBUG main            d.u.i.k.p.i.IntermediateProofReplayer Proof replay took 3.88ms 
16287      DEBUG main            d.u.i.k.p.r.p.TestFile    ... success: reloaded. 
16288      INFO  main            d.u.i.k.p.r.p.TestFile    Now processing file /home/runner/work/key/key/key.core/../key.ui/examples/standard_key/pred_log/count3.key 
16288      INFO  main            d.u.i.k.p.i.AbstractProblemLoader Loading environment from /home/runner/work/key/key/key.core/../key.ui/examples/standard_key/pred_log/count3.key 
16288      DEBUG main            d.u.i.k.p.i.AbstractProblemLoader Environment load took 174.3ns 
16289      INFO  main            d.u.i.k.p.i.AbstractProblemLoader Creating init config 
18782      DEBUG main            d.u.i.k.p.i.AbstractProblemLoader Init config took 2.49s 
18804      INFO  main            d.u.i.k.p.i.AbstractProblemLoader Replaying proof count3.key 
18805      DEBUG main            d.u.i.k.p.i.IntermediateProofReplayer Proof replay took 6ns 
18910      INFO  main            d.u.i.k.p.r.p.TestFile    ... finished proof: closed. 
19039      INFO  main            d.u.i.k.p.i.AbstractProblemLoader Loading environment from /home/runner/work/key/key/key.core/../key.ui/examples/standard_key/pred_log/count3.key.proof 
19040      DEBUG main            d.u.i.k.p.i.AbstractProblemLoader Environment load took 135.6ns 
19041      INFO  main            d.u.i.k.p.i.AbstractProblemLoader Creating init config 
21544      DEBUG main            d.u.i.k.p.i.AbstractProblemLoader Init config took 2.5s 
21565      INFO  main            d.u.i.k.p.i.AbstractProblemLoader Replaying proof count3.key.proof 
21570      DEBUG main            d.u.i.k.p.i.IntermediateProofReplayer Proof replay took 2.86ms 
21571      DEBUG main            d.u.i.k.p.r.p.TestFile    ... success: reloaded. 
21571      INFO  main            d.u.i.k.p.r.p.TestFile    Now processing file /home/runner/work/key/key/key.core/../key.ui/examples/standard_key/pred_log/equalities.key 
21572      INFO  main            d.u.i.k.p.i.AbstractProblemLoader Loading environment from /home/runner/work/key/key/key.core/../key.ui/examples/standard_key/pred_log/equalities.key 
21572      DEBUG main            d.u.i.k.p.i.AbstractProblemLoader Environment load took 185.8ns 
21573      INFO  main            d.u.i.k.p.i.AbstractProblemLoader Creating init config 
24036      DEBUG main            d.u.i.k.p.i.AbstractProblemLoader Init config took 2.46s 
24056      INFO  main            d.u.i.k.p.i.AbstractProblemLoader Replaying proof equalities.key 
24058      DEBUG main            d.u.i.k.p.i.IntermediateProofReplayer Proof replay took 6.7ns 
24160      INFO  main            d.u.i.k.p.r.p.TestFile    ... finished proof: closed. 
24293      INFO  main            d.u.i.k.p.i.AbstractProblemLoader Loading environment from /home/runner/work/key/key/key.core/../key.ui/examples/standard_key/pred_log/equalities.key.proof 
24293      DEBUG main            d.u.i.k.p.i.AbstractProblemLoader Environment load took 130.8ns 
24295      INFO  main            d.u.i.k.p.i.AbstractProblemLoader Creating init config 
26732      DEBUG main            d.u.i.k.p.i.AbstractProblemLoader Init config took 2.44s 
26752      INFO  main            d.u.i.k.p.i.AbstractProblemLoader Replaying proof equalities.key.proof 
26755      DEBUG main            d.u.i.k.p.i.IntermediateProofReplayer Proof replay took 1.65ms 
26756      DEBUG main            d.u.i.k.p.r.p.TestFile    ... success: reloaded. 
26757      INFO  main            d.u.i.k.p.r.p.TestFile    Now processing file /home/runner/work/key/key/key.core/../key.ui/examples/standard_key/pred_log/equalities2.key 
26757      INFO  main            d.u.i.k.p.i.AbstractProblemLoader Loading environment from /home/runner/work/key/key/key.core/../key.ui/examples/standard_key/pred_log/equalities2.key 
26758      DEBUG main            d.u.i.k.p.i.AbstractProblemLoader Environment load took 187.5ns 
26759      INFO  main            d.u.i.k.p.i.AbstractProblemLoader Creating init config 
29219      DEBUG main            d.u.i.k.p.i.AbstractProblemLoader Init config took 2.46s 
29243      INFO  main            d.u.i.k.p.i.AbstractProblemLoader Replaying proof equalities2.key 
29245      DEBUG main            d.u.i.k.p.i.IntermediateProofReplayer Proof replay took 10ns 
29348      INFO  main            d.u.i.k.p.r.p.TestFile    ... finished proof: closed. 
29492      INFO  main            d.u.i.k.p.i.AbstractProblemLoader Loading environment from /home/runner/work/key/key/key.core/../key.ui/examples/standard_key/pred_log/equalities2.key.proof 
29493      DEBUG main            d.u.i.k.p.i.AbstractProblemLoader Environment load took 535.71ns 
29495      INFO  main            d.u.i.k.p.i.AbstractProblemLoader Creating init config 
31938      DEBUG main            d.u.i.k.p.i.AbstractProblemLoader Init config took 2.44s 
31957      INFO  main            d.u.i.k.p.i.AbstractProblemLoader Replaying proof equalities2.key.proof 
31963      DEBUG main            d.u.i.k.p.i.IntermediateProofReplayer Proof replay took 3.84ms 
31964      DEBUG main            d.u.i.k.p.r.p.TestFile    ... success: reloaded. 
31965      INFO  main            d.u.i.k.p.r.p.TestFile    Now processing file /home/runner/work/key/key/key.core/../key.ui/examples/standard_key/pred_log/equalities3.key 
31965      INFO  main            d.u.i.k.p.i.AbstractProblemLoader Loading environment from /home/runner/work/key/key/key.core/../key.ui/examples/standard_key/pred_log/equalities3.key 
31965      DEBUG main            d.u.i.k.p.i.AbstractProblemLoader Environment load took 178.4ns 
31966      INFO  main            d.u.i.k.p.i.AbstractProblemLoader Creating init config 
34407      DEBUG main            d.u.i.k.p.i.AbstractProblemLoader Init config took 2.44s 
34427      INFO  main            d.u.i.k.p.i.AbstractProblemLoader Replaying proof equalities3.key 
34429      DEBUG main            d.u.i.k.p.i.IntermediateProofReplayer Proof replay took 8ns 
34532      INFO  main            d.u.i.k.p.r.p.TestFile    ... finished proof: closed. 
34688      INFO  main            d.u.i.k.p.i.AbstractProblemLoader Loading environment from /home/runner/work/key/key/key.core/../key.ui/examples/standard_key/pred_log/equalities3.key.proof 
34688      DEBUG main            d.u.i.k.p.i.AbstractProblemLoader Environment load took 138.1ns 
34689      INFO  main            d.u.i.k.p.i.AbstractProblemLoader Creating init config 
37108      DEBUG main            d.u.i.k.p.i.AbstractProblemLoader Init config took 2.42s 
37126      INFO  main            d.u.i.k.p.i.AbstractProblemLoader Replaying proof equalities3.key.proof 
37134      DEBUG main            d.u.i.k.p.i.IntermediateProofReplayer Proof replay took 5.61ms 
37135      DEBUG main            d.u.i.k.p.r.p.TestFile    ... success: reloaded. 
37136      INFO  main            d.u.i.k.p.r.p.TestFile    Now processing file /home/runner/work/key/key/key.core/../key.ui/examples/standard_key/pred_log/functions.key 
37136      INFO  main            d.u.i.k.p.i.AbstractProblemLoader Loading environment from /home/runner/work/key/key/key.core/../key.ui/examples/standard_key/pred_log/functions.key 
37136      DEBUG main            d.u.i.k.p.i.AbstractProblemLoader Environment load took 170.7ns 
37138      INFO  main            d.u.i.k.p.i.AbstractProblemLoader Creating init config 
39562      DEBUG main            d.u.i.k.p.i.AbstractProblemLoader Init config took 2.42s 
39585      INFO  main            d.u.i.k.p.i.AbstractProblemLoader Replaying proof functions.key 
39587      DEBUG main            d.u.i.k.p.i.IntermediateProofReplayer Proof replay took 7.3ns 
39690      INFO  main            d.u.i.k.p.r.p.TestFile    ... finished proof: closed. 
39842      INFO  main            d.u.i.k.p.i.AbstractProblemLoader Loading environment from /home/runner/work/key/key/key.core/../key.ui/examples/standard_key/pred_log/functions.key.proof 
39842      DEBUG main            d.u.i.k.p.i.AbstractProblemLoader Environment load took 138.8ns 
39843      INFO  main            d.u.i.k.p.i.AbstractProblemLoader Creating init config 
42204      DEBUG main            d.u.i.k.p.i.AbstractProblemLoader Init config took 2.36s 
42220      INFO  main            d.u.i.k.p.i.AbstractProblemLoader Replaying proof functions.key.proof 
42225      DEBUG main            d.u.i.k.p.i.IntermediateProofReplayer Proof replay took 2.36ms 
42226      DEBUG main            d.u.i.k.p.r.p.TestFile    ... success: reloaded. 
42226      INFO  main            d.u.i.k.p.r.p.TestFile    Now processing file /home/runner/work/key/key/key.core/../key.ui/examples/standard_key/pred_log/mv1.key 
42227      INFO  main            d.u.i.k.p.i.AbstractProblemLoader Loading environment from /home/runner/work/key/key/key.core/../key.ui/examples/standard_key/pred_log/mv1.key 
42227      DEBUG main            d.u.i.k.p.i.AbstractProblemLoader Environment load took 176.5ns 
42228      INFO  main            d.u.i.k.p.i.AbstractProblemLoader Creating init config 
44666      DEBUG main            d.u.i.k.p.i.AbstractProblemLoader Init config took 2.44s 
44682      INFO  main            d.u.i.k.p.i.AbstractProblemLoader Replaying proof mv1.key 
44683      DEBUG main            d.u.i.k.p.i.IntermediateProofReplayer Proof replay took 6.3ns 
44785      INFO  main            d.u.i.k.p.r.p.TestFile    ... finished proof: closed. 
44940      INFO  main            d.u.i.k.p.i.AbstractProblemLoader Loading environment from /home/runner/work/key/key/key.core/../key.ui/examples/standard_key/pred_log/mv1.key.proof 
44941      DEBUG main            d.u.i.k.p.i.AbstractProblemLoader Environment load took 185.7ns 
44942      INFO  main            d.u.i.k.p.i.AbstractProblemLoader Creating init config 
47313      DEBUG main            d.u.i.k.p.i.AbstractProblemLoader Init config took 2.37s 
47329      INFO  main            d.u.i.k.p.i.AbstractProblemLoader Replaying proof mv1.key.proof 
47331      DEBUG main            d.u.i.k.p.i.IntermediateProofReplayer Proof replay took 1.01ms 
47332      DEBUG main            d.u.i.k.p.r.p.TestFile    ... success: reloaded. 
47332      INFO  main            d.u.i.k.p.r.p.TestFile    Now processing file /home/runner/work/key/key/key.core/../key.ui/examples/standard_key/pred_log/mv2.key 
47333      INFO  main            d.u.i.k.p.i.AbstractProblemLoader Loading environment from /home/runner/work/key/key/key.core/../key.ui/examples/standard_key/pred_log/mv2.key 
47333      DEBUG main            d.u.i.k.p.i.AbstractProblemLoader Environment load took 97.3ns 
47334      INFO  main            d.u.i.k.p.i.AbstractProblemLoader Creating init config 
49729      DEBUG main            d.u.i.k.p.i.AbstractProblemLoader Init config took 2.39s 
49745      INFO  main            d.u.i.k.p.i.AbstractProblemLoader Replaying proof mv2.key 
49746      DEBUG main            d.u.i.k.p.i.IntermediateProofReplayer Proof replay took 6.9ns 
49848      INFO  main            d.u.i.k.p.r.p.TestFile    ... finished proof: closed. 
50093      INFO  main            d.u.i.k.p.i.AbstractProblemLoader Loading environment from /home/runner/work/key/key/key.core/../key.ui/examples/standard_key/pred_log/mv2.key.proof 
50093      DEBUG main            d.u.i.k.p.i.AbstractProblemLoader Environment load took 121.6ns 
50094      INFO  main            d.u.i.k.p.i.AbstractProblemLoader Creating init config 
52432      DEBUG main            d.u.i.k.p.i.AbstractProblemLoader Init config took 2.34s 
52447      INFO  main            d.u.i.k.p.i.AbstractProblemLoader Replaying proof mv2.key.proof 
52451      DEBUG main            d.u.i.k.p.i.IntermediateProofReplayer Proof replay took 1.61ms 
52451      DEBUG main            d.u.i.k.p.r.p.TestFile    ... success: reloaded. 
52452      INFO  main            d.u.i.k.p.r.p.TestFile    Now processing file /home/runner/work/key/key/key.core/../key.ui/examples/standard_key/pred_log/quantifiers.key 
52452      INFO  main            d.u.i.k.p.i.AbstractProblemLoader Loading environment from /home/runner/work/key/key/key.core/../key.ui/examples/standard_key/pred_log/quantifiers.key 
52453      DEBUG main            d.u.i.k.p.i.AbstractProblemLoader Environment load took 170.3ns 
52454      INFO  main            d.u.i.k.p.i.AbstractProblemLoader Creating init config 
54868      DEBUG main            d.u.i.k.p.i.AbstractProblemLoader Init config took 2.41s 
54884      INFO  main            d.u.i.k.p.i.AbstractProblemLoader Replaying proof quantifiers.key 
54885      DEBUG main            d.u.i.k.p.i.IntermediateProofReplayer Proof replay took 7.1ns 
54988      INFO  main            d.u.i.k.p.r.p.TestFile    ... finished proof: closed. 
55164      INFO  main            d.u.i.k.p.i.AbstractProblemLoader Loading environment from /home/runner/work/key/key/key.core/../key.ui/examples/standard_key/pred_log/quantifiers.key.proof 
55164      DEBUG main            d.u.i.k.p.i.AbstractProblemLoader Environment load took 126.7ns 
55165      INFO  main            d.u.i.k.p.i.AbstractProblemLoader Creating init config 
57519      DEBUG main            d.u.i.k.p.i.AbstractProblemLoader Init config took 2.35s 
57534      INFO  main            d.u.i.k.p.i.AbstractProblemLoader Replaying proof quantifiers.key.proof 
57538      DEBUG main            d.u.i.k.p.i.IntermediateProofReplayer Proof replay took 2.44ms 
57539      DEBUG main            d.u.i.k.p.r.p.TestFile    ... success: reloaded. 
57539      INFO  main            d.u.i.k.p.r.p.TestFile    Now processing file /home/runner/work/key/key/key.core/../key.ui/examples/standard_key/pred_log/simpleEps.key 
57540      INFO  main            d.u.i.k.p.i.AbstractProblemLoader Loading environment from /home/runner/work/key/key/key.core/../key.ui/examples/standard_key/pred_log/simpleEps.key 
57540      DEBUG main            d.u.i.k.p.i.AbstractProblemLoader Environment load took 120.6ns 
57541      INFO  main            d.u.i.k.p.i.AbstractProblemLoader Creating init config 
59944      DEBUG main            d.u.i.k.p.i.AbstractProblemLoader Init config took 2.4s 
59958      INFO  main            d.u.i.k.p.i.AbstractProblemLoader Replaying proof simpleEps.key 
59960      DEBUG main            d.u.i.k.p.i.IntermediateProofReplayer Proof replay took 6.7ns 
60062      INFO  main            d.u.i.k.p.r.p.TestFile    ... finished proof: closed. 
60229      INFO  main            d.u.i.k.p.i.AbstractProblemLoader Loading environment from /home/runner/work/key/key/key.core/../key.ui/examples/standard_key/pred_log/simpleEps.key.proof 
60229      DEBUG main            d.u.i.k.p.i.AbstractProblemLoader Environment load took 124.7ns 
60230      INFO  main            d.u.i.k.p.i.AbstractProblemLoader Creating init config 
62588      DEBUG main            d.u.i.k.p.i.AbstractProblemLoader Init config took 2.36s 
62603      INFO  main            d.u.i.k.p.i.AbstractProblemLoader Replaying proof simpleEps.key.proof 
62606      DEBUG main            d.u.i.k.p.i.IntermediateProofReplayer Proof replay took 1.6ms 
62607      DEBUG main            d.u.i.k.p.r.p.TestFile    ... success: reloaded. 
62608      INFO  main            d.u.i.k.p.r.p.TestFile    Now processing file /home/runner/work/key/key/key.core/../key.ui/examples/standard_key/pred_log/steam1.key 
62608      INFO  main            d.u.i.k.p.i.AbstractProblemLoader Loading environment from /home/runner/work/key/key/key.core/../key.ui/examples/standard_key/pred_log/steam1.key 
62608      DEBUG main            d.u.i.k.p.i.AbstractProblemLoader Environment load took 100.8ns 
62616      INFO  main            d.u.i.k.p.i.AbstractProblemLoader Creating init config 
65018      DEBUG main            d.u.i.k.p.i.AbstractProblemLoader Init config took 2.4s 
65037      INFO  main            d.u.i.k.p.i.AbstractProblemLoader Replaying proof steam1.key 
65039      DEBUG main            d.u.i.k.p.i.IntermediateProofReplayer Proof replay took 6.2ns 
65345      INFO  main            d.u.i.k.p.r.p.TestFile    ... finished proof: closed. 
65538      INFO  main            d.u.i.k.p.i.AbstractProblemLoader Loading environment from /home/runner/work/key/key/key.core/../key.ui/examples/standard_key/pred_log/steam1.key.proof 
65539      DEBUG main            d.u.i.k.p.i.AbstractProblemLoader Environment load took 438.21ns 
65541      INFO  main            d.u.i.k.p.i.AbstractProblemLoader Creating init config 
67866      DEBUG main            d.u.i.k.p.i.AbstractProblemLoader Init config took 2.32s 
67897      INFO  main            d.u.i.k.p.i.AbstractProblemLoader Replaying proof steam1.key.proof 
67918      DEBUG main            d.u.i.k.p.i.IntermediateProofReplayer Proof replay took 16.68ms 
67920      DEBUG main            d.u.i.k.p.r.p.TestFile    ... success: reloaded. 
67921      INFO  main            d.u.i.k.p.r.p.TestFile    Now processing file /home/runner/work/key/key/key.core/../key.ui/examples/standard_key/pred_log/tptp/PUZ/PUZ001p1.key 
67921      INFO  main            d.u.i.k.p.i.AbstractProblemLoader Loading environment from /home/runner/work/key/key/key.core/../key.ui/examples/standard_key/pred_log/tptp/PUZ/PUZ001p1.key 
67921      DEBUG main            d.u.i.k.p.i.AbstractProblemLoader Environment load took 96.7ns 
67923      INFO  main            d.u.i.k.p.i.AbstractProblemLoader Creating init config 
70308      DEBUG main            d.u.i.k.p.i.AbstractProblemLoader Init config took 2.39s 
70324      INFO  main            d.u.i.k.p.i.AbstractProblemLoader Replaying proof PUZ001p1.key 
70325      DEBUG main            d.u.i.k.p.i.IntermediateProofReplayer Proof replay took 5.8ns 
73339      INFO  main            d.u.i.k.p.r.p.TestFile    ... finished proof: closed. 
73580      INFO  main            d.u.i.k.p.i.AbstractProblemLoader Loading environment from /home/runner/work/key/key/key.core/../key.ui/examples/standard_key/pred_log/tptp/PUZ/PUZ001p1.key.proof 
73582      DEBUG main            d.u.i.k.p.i.AbstractProblemLoader Environment load took 2.38ms 
73584      INFO  main            d.u.i.k.p.i.AbstractProblemLoader Creating init config 
75933      DEBUG main            d.u.i.k.p.i.AbstractProblemLoader Init config took 2.35s 
75951      INFO  main            d.u.i.k.p.i.AbstractProblemLoader Replaying proof PUZ001p1.key.proof 
76129      DEBUG main            d.u.i.k.p.i.IntermediateProofReplayer Proof replay took 163.58ms 
76131      DEBUG main            d.u.i.k.p.r.p.TestFile    ... success: reloaded. 
76131      INFO  main            d.u.i.k.p.r.p.TestFile    Now processing file /home/runner/work/key/key/key.core/../key.ui/examples/standard_key/pred_log/tptp/PUZ/PUZ001p1-eq.key 
76132      INFO  main            d.u.i.k.p.i.AbstractProblemLoader Loading environment from /home/runner/work/key/key/key.core/../key.ui/examples/standard_key/pred_log/tptp/PUZ/PUZ001p1-eq.key 
76132      DEBUG main            d.u.i.k.p.i.AbstractProblemLoader Environment load took 96.7ns 
76133      INFO  main            d.u.i.k.p.i.AbstractProblemLoader Creating init config 
78532      DEBUG main            d.u.i.k.p.i.AbstractProblemLoader Init config took 2.4s 
78547      INFO  main            d.u.i.k.p.i.AbstractProblemLoader Replaying proof PUZ001p1-eq.key 
78549      DEBUG main            d.u.i.k.p.i.IntermediateProofReplayer Proof replay took 6.2ns 
78652      INFO  main            d.u.i.k.p.r.p.TestFile    ... finished proof: closed. 
78882      INFO  main            d.u.i.k.p.i.AbstractProblemLoader Loading environment from /home/runner/work/key/key/key.core/../key.ui/examples/standard_key/pred_log/tptp/PUZ/PUZ001p1-eq.key.proof 
78883      DEBUG main            d.u.i.k.p.i.AbstractProblemLoader Environment load took 472.21ns 
78884      INFO  main            d.u.i.k.p.i.AbstractProblemLoader Creating init config 
81197      DEBUG main            d.u.i.k.p.i.AbstractProblemLoader Init config took 2.31s 
81212      INFO  main            d.u.i.k.p.i.AbstractProblemLoader Replaying proof PUZ001p1-eq.key.proof 
81225      DEBUG main            d.u.i.k.p.i.IntermediateProofReplayer Proof replay took 11.76ms 
81226      DEBUG main            d.u.i.k.p.r.p.TestFile    ... success: reloaded. 
81227      INFO  main            d.u.i.k.p.r.p.TestFile    Now processing file /home/runner/work/key/key/key.core/../key.ui/examples/standard_key/pred_log/tptp/PUZ/PUZ031p1.key 
81227      INFO  main            d.u.i.k.p.i.AbstractProblemLoader Loading environment from /home/runner/work/key/key/key.core/../key.ui/examples/standard_key/pred_log/tptp/PUZ/PUZ031p1.key 
81227      DEBUG main            d.u.i.k.p.i.AbstractProblemLoader Environment load took 92ns 
81229      INFO  main            d.u.i.k.p.i.AbstractProblemLoader Creating init config 
83630      DEBUG main            d.u.i.k.p.i.AbstractProblemLoader Init config took 2.4s 
83646      INFO  main            d.u.i.k.p.i.AbstractProblemLoader Replaying proof PUZ031p1.key 
83647      DEBUG main            d.u.i.k.p.i.IntermediateProofReplayer Proof replay took 6.9ns 
91565      INFO  main            d.u.i.k.p.r.p.TestFile    ... finished proof: closed. 
91784      INFO  main            d.u.i.k.p.i.AbstractProblemLoader Loading environment from /home/runner/work/key/key/key.core/../key.ui/examples/standard_key/pred_log/tptp/PUZ/PUZ031p1.key.proof 
91788      DEBUG main            d.u.i.k.p.i.AbstractProblemLoader Environment load took 3.89ms 
91790      INFO  main            d.u.i.k.p.i.AbstractProblemLoader Creating init config 
94144      DEBUG main            d.u.i.k.p.i.AbstractProblemLoader Init config took 2.35s 
94159      INFO  main            d.u.i.k.p.i.AbstractProblemLoader Replaying proof PUZ031p1.key.proof 
94216      DEBUG main            d.u.i.k.p.i.IntermediateProofReplayer Proof replay took 51.58ms 
94217      DEBUG main            d.u.i.k.p.r.p.TestFile    ... success: reloaded. 
94218      INFO  main            d.u.i.k.p.r.p.TestFile    Now processing file /home/runner/work/key/key/key.core/../key.ui/examples/standard_key/pred_log/tptp/SET/SET027p3.key 
94219      INFO  main            d.u.i.k.p.i.AbstractProblemLoader Loading environment from /home/runner/work/key/key/key.core/../key.ui/examples/standard_key/pred_log/tptp/SET/SET027p3.key 
94219      DEBUG main            d.u.i.k.p.i.AbstractProblemLoader Environment load took 172.2ns 
94220      INFO  main            d.u.i.k.p.i.AbstractProblemLoader Creating init config 
96606      DEBUG main            d.u.i.k.p.i.AbstractProblemLoader Init config took 2.39s 
96620      INFO  main            d.u.i.k.p.i.AbstractProblemLoader Replaying proof SET027p3.key 
96621      DEBUG main            d.u.i.k.p.i.IntermediateProofReplayer Proof replay took 7.1ns 
96724      INFO  main            d.u.i.k.p.r.p.TestFile    ... finished proof: closed. 
96943      INFO  main            d.u.i.k.p.i.AbstractProblemLoader Loading environment from /home/runner/work/key/key/key.core/../key.ui/examples/standard_key/pred_log/tptp/SET/SET027p3.key.proof 
96943      DEBUG main            d.u.i.k.p.i.AbstractProblemLoader Environment load took 128ns 
96944      INFO  main            d.u.i.k.p.i.AbstractProblemLoader Creating init config 
99250      DEBUG main            d.u.i.k.p.i.AbstractProblemLoader Init config took 2.31s 
99264      INFO  main            d.u.i.k.p.i.AbstractProblemLoader Replaying proof SET027p3.key.proof 
99275      DEBUG main            d.u.i.k.p.i.IntermediateProofReplayer Proof replay took 6.63ms 
99275      DEBUG main            d.u.i.k.p.r.p.TestFile    ... success: reloaded. 
99276      INFO  main            d.u.i.k.p.r.p.TestFile    Now processing file /home/runner/work/key/key/key.core/../key.ui/examples/standard_key/pred_log/tptp/SET/SET043p1.key 
99276      INFO  main            d.u.i.k.p.i.AbstractProblemLoader Loading environment from /home/runner/work/key/key/key.core/../key.ui/examples/standard_key/pred_log/tptp/SET/SET043p1.key 
99277      DEBUG main            d.u.i.k.p.i.AbstractProblemLoader Environment load took 222.5ns 
99278      INFO  main            d.u.i.k.p.i.AbstractProblemLoader Creating init config 
101618     DEBUG main            d.u.i.k.p.i.AbstractProblemLoader Init config took 2.34s 
101632     INFO  main            d.u.i.k.p.i.AbstractProblemLoader Replaying proof SET043p1.key 
101633     DEBUG main            d.u.i.k.p.i.IntermediateProofReplayer Proof replay took 7.1ns 
101736     INFO  main            d.u.i.k.p.r.p.TestFile    ... finished proof: closed. 
101945     INFO  main            d.u.i.k.p.i.AbstractProblemLoader Loading environment from /home/runner/work/key/key/key.core/../key.ui/examples/standard_key/pred_log/tptp/SET/SET043p1.key.proof 
101945     DEBUG main            d.u.i.k.p.i.AbstractProblemLoader Environment load took 210.7ns 
101946     INFO  main            d.u.i.k.p.i.AbstractProblemLoader Creating init config 
104250     DEBUG main            d.u.i.k.p.i.AbstractProblemLoader Init config took 2.3s 
104265     INFO  main            d.u.i.k.p.i.AbstractProblemLoader Replaying proof SET043p1.key.proof 
104268     DEBUG main            d.u.i.k.p.i.IntermediateProofReplayer Proof replay took 1.19ms 
104269     DEBUG main            d.u.i.k.p.r.p.TestFile    ... success: reloaded. 
104269     INFO  main            d.u.i.k.p.r.p.TestFile    Now processing file /home/runner/work/key/key/key.core/../key.ui/examples/standard_key/pred_log/tptp/SET/SET045p1.key 
104270     INFO  main            d.u.i.k.p.i.AbstractProblemLoader Loading environment from /home/runner/work/key/key/key.core/../key.ui/examples/standard_key/pred_log/tptp/SET/SET045p1.key 
104270     DEBUG main            d.u.i.k.p.i.AbstractProblemLoader Environment load took 187.1ns 
104271     INFO  main            d.u.i.k.p.i.AbstractProblemLoader Creating init config 
106645     DEBUG main            d.u.i.k.p.i.AbstractProblemLoader Init config took 2.37s 
106659     INFO  main            d.u.i.k.p.i.AbstractProblemLoader Replaying proof SET045p1.key 
106660     DEBUG main            d.u.i.k.p.i.IntermediateProofReplayer Proof replay took 7.7ns 
106764     INFO  main            d.u.i.k.p.r.p.TestFile    ... finished proof: closed. 
106975     INFO  main            d.u.i.k.p.i.AbstractProblemLoader Loading environment from /home/runner/work/key/key/key.core/../key.ui/examples/standard_key/pred_log/tptp/SET/SET045p1.key.proof 
106975     DEBUG main            d.u.i.k.p.i.AbstractProblemLoader Environment load took 114.6ns 
106976     INFO  main            d.u.i.k.p.i.AbstractProblemLoader Creating init config 
109285     DEBUG main            d.u.i.k.p.i.AbstractProblemLoader Init config took 2.31s 
109299     INFO  main            d.u.i.k.p.i.AbstractProblemLoader Replaying proof SET045p1.key.proof 
109304     DEBUG main            d.u.i.k.p.i.IntermediateProofReplayer Proof replay took 3.86ms 
109305     DEBUG main            d.u.i.k.p.r.p.TestFile    ... success: reloaded. 
109305     INFO  main            d.u.i.k.p.r.p.TestFile    Now processing file /home/runner/work/key/key/key.core/../key.ui/examples/standard_key/pred_log/tptp/SET/SET062p3.key 
109306     INFO  main            d.u.i.k.p.i.AbstractProblemLoader Loading environment from /home/runner/work/key/key/key.core/../key.ui/examples/standard_key/pred_log/tptp/SET/SET062p3.key 
109306     DEBUG main            d.u.i.k.p.i.AbstractProblemLoader Environment load took 59.3ns 
109307     INFO  main            d.u.i.k.p.i.AbstractProblemLoader Creating init config 
111691     DEBUG main            d.u.i.k.p.i.AbstractProblemLoader Init config took 2.38s 
111705     INFO  main            d.u.i.k.p.i.AbstractProblemLoader Replaying proof SET062p3.key 
111707     DEBUG main            d.u.i.k.p.i.IntermediateProofReplayer Proof replay took 7ns 
111812     INFO  main            d.u.i.k.p.r.p.TestFile    ... finished proof: closed. 
112049     INFO  main            d.u.i.k.p.i.AbstractProblemLoader Loading environment from /home/runner/work/key/key/key.core/../key.ui/examples/standard_key/pred_log/tptp/SET/SET062p3.key.proof 
112049     DEBUG main            d.u.i.k.p.i.AbstractProblemLoader Environment load took 112.4ns 
112051     INFO  main            d.u.i.k.p.i.AbstractProblemLoader Creating init config 
114337     DEBUG main            d.u.i.k.p.i.AbstractProblemLoader Init config took 2.29s 
114351     INFO  main            d.u.i.k.p.i.AbstractProblemLoader Replaying proof SET062p3.key.proof 
114357     DEBUG main            d.u.i.k.p.i.IntermediateProofReplayer Proof replay took 3.78ms 
114358     DEBUG main            d.u.i.k.p.r.p.TestFile    ... success: reloaded. 
114358     INFO  main            d.u.i.k.p.r.p.TestFile    Now processing file /home/runner/work/key/key/key.core/../key.ui/examples/standard_key/pred_log/tptp/SET/SET063p3.key 
114358     INFO  main            d.u.i.k.p.i.AbstractProblemLoader Loading environment from /home/runner/work/key/key/key.core/../key.ui/examples/standard_key/pred_log/tptp/SET/SET063p3.key 
114359     DEBUG main            d.u.i.k.p.i.AbstractProblemLoader Environment load took 74.9ns 
114360     INFO  main            d.u.i.k.p.i.AbstractProblemLoader Creating init config 
116724     DEBUG main            d.u.i.k.p.i.AbstractProblemLoader Init config took 2.36s 
116739     INFO  main            d.u.i.k.p.i.AbstractProblemLoader Replaying proof SET063p3.key 
116740     DEBUG main            d.u.i.k.p.i.IntermediateProofReplayer Proof replay took 6.9ns 
116842     INFO  main            d.u.i.k.p.r.p.TestFile    ... finished proof: closed. 
117077     INFO  main            d.u.i.k.p.i.AbstractProblemLoader Loading environment from /home/runner/work/key/key/key.core/../key.ui/examples/standard_key/pred_log/tptp/SET/SET063p3.key.proof 
117077     DEBUG main            d.u.i.k.p.i.AbstractProblemLoader Environment load took 110ns 
117078     INFO  main            d.u.i.k.p.i.AbstractProblemLoader Creating init config 
119359     DEBUG main            d.u.i.k.p.i.AbstractProblemLoader Init config took 2.28s 
119375     INFO  main            d.u.i.k.p.i.AbstractProblemLoader Replaying proof SET063p3.key.proof 
119382     DEBUG main            d.u.i.k.p.i.IntermediateProofReplayer Proof replay took 4.82ms 
119383     DEBUG main            d.u.i.k.p.r.p.TestFile    ... success: reloaded. 
119384     INFO  main            d.u.i.k.p.r.p.TestFile    Now processing file /home/runner/work/key/key/key.core/../key.ui/examples/standard_key/pred_log/tptp/SYN/SYN036p2.key 
119384     INFO  main            d.u.i.k.p.i.AbstractProblemLoader Loading environment from /home/runner/work/key/key/key.core/../key.ui/examples/standard_key/pred_log/tptp/SYN/SYN036p2.key 
119384     DEBUG main            d.u.i.k.p.i.AbstractProblemLoader Environment load took 165.6ns 
119387     INFO  main            d.u.i.k.p.i.AbstractProblemLoader Creating init config 
121757     DEBUG main            d.u.i.k.p.i.AbstractProblemLoader Init config took 2.37s 
121772     INFO  main            d.u.i.k.p.i.AbstractProblemLoader Replaying proof SYN036p2.key 
121774     DEBUG main            d.u.i.k.p.i.IntermediateProofReplayer Proof replay took 7.2ns 
122080     INFO  main            d.u.i.k.p.r.p.TestFile    ... finished proof: closed. 
122333     INFO  main            d.u.i.k.p.i.AbstractProblemLoader Loading environment from /home/runner/work/key/key/key.core/../key.ui/examples/standard_key/pred_log/tptp/SYN/SYN036p2.key.proof 
122334     DEBUG main            d.u.i.k.p.i.AbstractProblemLoader Environment load took 365.41ns 
122335     INFO  main            d.u.i.k.p.i.AbstractProblemLoader Creating init config 
124618     DEBUG main            d.u.i.k.p.i.AbstractProblemLoader Init config took 2.28s 
124631     INFO  main            d.u.i.k.p.i.AbstractProblemLoader Replaying proof SYN036p2.key.proof 
124698     DEBUG main            d.u.i.k.p.i.IntermediateProofReplayer Proof replay took 59.13ms 
124699     DEBUG main            d.u.i.k.p.r.p.TestFile    ... success: reloaded. 
124699     INFO  main            d.u.i.k.p.r.p.TestFile    Now processing file /home/runner/work/key/key/key.core/../key.ui/examples/standard_key/pred_log/tptp/SYN/SYN550p1.key 
124700     INFO  main            d.u.i.k.p.i.AbstractProblemLoader Loading environment from /home/runner/work/key/key/key.core/../key.ui/examples/standard_key/pred_log/tptp/SYN/SYN550p1.key 
124700     DEBUG main            d.u.i.k.p.i.AbstractProblemLoader Environment load took 75.8ns 
124701     INFO  main            d.u.i.k.p.i.AbstractProblemLoader Creating init config 
127039     DEBUG main            d.u.i.k.p.i.AbstractProblemLoader Init config took 2.34s 
127053     INFO  main            d.u.i.k.p.i.AbstractProblemLoader Replaying proof SYN550p1.key 
127055     DEBUG main            d.u.i.k.p.i.IntermediateProofReplayer Proof replay took 7.7ns 
129877     INFO  main            d.u.i.k.p.r.p.TestFile    ... finished proof: closed. 
130142     INFO  main            d.u.i.k.p.i.AbstractProblemLoader Loading environment from /home/runner/work/key/key/key.core/../key.ui/examples/standard_key/pred_log/tptp/SYN/SYN550p1.key.proof 
130142     DEBUG main            d.u.i.k.p.i.AbstractProblemLoader Environment load took 354.31ns 
130143     INFO  main            d.u.i.k.p.i.AbstractProblemLoader Creating init config 
132416     DEBUG main            d.u.i.k.p.i.AbstractProblemLoader Init config took 2.27s 
132431     INFO  main            d.u.i.k.p.i.AbstractProblemLoader Replaying proof SYN550p1.key.proof 
132529     DEBUG main            d.u.i.k.p.i.IntermediateProofReplayer Proof replay took 92.14ms 
132530     DEBUG main            d.u.i.k.p.r.p.TestFile    ... success: reloaded. 
132530     INFO  main            d.u.i.k.p.r.p.TestFile    Now processing file /home/runner/work/key/key/key.core/../key.ui/examples/standard_key/prop_log/reallySimple.key 
132531     INFO  main            d.u.i.k.p.i.AbstractProblemLoader Loading environment from /home/runner/work/key/key/key.core/../key.ui/examples/standard_key/prop_log/reallySimple.key 
132531     DEBUG main            d.u.i.k.p.i.AbstractProblemLoader Environment load took 76.6ns 
132531     INFO  main            d.u.i.k.p.i.AbstractProblemLoader Creating init config 
134870     DEBUG main            d.u.i.k.p.i.AbstractProblemLoader Init config took 2.34s 
134884     INFO  main            d.u.i.k.p.i.AbstractProblemLoader Replaying proof reallySimple.key 
134885     DEBUG main            d.u.i.k.p.i.IntermediateProofReplayer Proof replay took 6.1ns 
134987     INFO  main            d.u.i.k.p.r.p.TestFile    ... finished proof: open goal(s) 
135237     INFO  main            d.u.i.k.p.r.p.TestFile    Now processing file /home/runner/work/key/key/key.core/../key.ui/examples/standard_key/pred_log/sameName1.key 
135237     INFO  main            d.u.i.k.p.i.AbstractProblemLoader Loading environment from /home/runner/work/key/key/key.core/../key.ui/examples/standard_key/pred_log/sameName1.key 
135237     DEBUG main            d.u.i.k.p.i.AbstractProblemLoader Environment load took 62.1ns 
135239     INFO  main            d.u.i.k.p.i.AbstractProblemLoader Creating init config 
137519     DEBUG main            d.u.i.k.p.i.AbstractProblemLoader Init config took 2.28s 
137532     INFO  main            d.u.i.k.p.i.AbstractProblemLoader Replaying proof sameName1.key 
137536     DEBUG main            d.u.i.k.p.i.IntermediateProofReplayer Proof replay took 6.7ns 
137638     INFO  main            d.u.i.k.p.r.p.TestFile    ... finished proof: open goal(s) 
137871     INFO  main            d.u.i.k.p.r.p.TestFile    Now processing file /home/runner/work/key/key/key.core/../key.ui/examples/standard_key/pred_log/jbyteIfEx.key 
137871     INFO  main            d.u.i.k.p.i.AbstractProblemLoader Loading environment from /home/runner/work/key/key/key.core/../key.ui/examples/standard_key/pred_log/jbyteIfEx.key 
137871     DEBUG main            d.u.i.k.p.i.AbstractProblemLoader Environment load took 66.3ns 
137872     INFO  main            d.u.i.k.p.i.AbstractProblemLoader Creating init config 
140189     DEBUG main            d.u.i.k.p.i.AbstractProblemLoader Init config took 2.32s 
140202     INFO  main            d.u.i.k.p.i.AbstractProblemLoader Replaying proof jbyteIfEx.key 
140203     DEBUG main            d.u.i.k.p.i.IntermediateProofReplayer Proof replay took 7.5ns 
140305     INFO  main            d.u.i.k.p.r.p.TestFile    ... finished proof: closed. 
140551     INFO  main            d.u.i.k.p.i.AbstractProblemLoader Loading environment from /home/runner/work/key/key/key.core/../key.ui/examples/standard_key/pred_log/jbyteIfEx.key.proof 
140551     DEBUG main            d.u.i.k.p.i.AbstractProblemLoader Environment load took 110.7ns 
140552     INFO  main            d.u.i.k.p.i.AbstractProblemLoader Creating init config 
142833     DEBUG main            d.u.i.k.p.i.AbstractProblemLoader Init config took 2.28s 
142848     INFO  main            d.u.i.k.p.i.AbstractProblemLoader Replaying proof jbyteIfEx.key.proof 
142859     DEBUG main            d.u.i.k.p.i.IntermediateProofReplayer Proof replay took 9.58ms 
142861     DEBUG main            d.u.i.k.p.r.p.TestFile    ... success: reloaded. 
142861     INFO  main            d.u.i.k.p.r.p.TestFile    Now processing file /home/runner/work/key/key/key.core/../key.ui/examples/standard_key/prop_log/allClausesLength4.key 
142861     INFO  main            d.u.i.k.p.i.AbstractProblemLoader Loading environment from /home/runner/work/key/key/key.core/../key.ui/examples/standard_key/prop_log/allClausesLength4.key 
142861     DEBUG main            d.u.i.k.p.i.AbstractProblemLoader Environment load took 83.9ns 
142862     INFO  main            d.u.i.k.p.i.AbstractProblemLoader Creating init config 
145238     DEBUG main            d.u.i.k.p.i.AbstractProblemLoader Init config took 2.38s 
145252     INFO  main            d.u.i.k.p.i.AbstractProblemLoader Replaying proof allClausesLength4.key 
145253     DEBUG main            d.u.i.k.p.i.IntermediateProofReplayer Proof replay took 5.6ns 
145355     INFO  main            d.u.i.k.p.r.p.TestFile    ... finished proof: closed. 
145612     INFO  main            d.u.i.k.p.i.AbstractProblemLoader Loading environment from /home/runner/work/key/key/key.core/../key.ui/examples/standard_key/prop_log/allClausesLength4.key.proof 
145612     DEBUG main            d.u.i.k.p.i.AbstractProblemLoader Environment load took 110.4ns 
145613     INFO  main            d.u.i.k.p.i.AbstractProblemLoader Creating init config 
147886     DEBUG main            d.u.i.k.p.i.AbstractProblemLoader Init config took 2.27s 
147900     INFO  main            d.u.i.k.p.i.AbstractProblemLoader Replaying proof allClausesLength4.key.proof 
147913     DEBUG main            d.u.i.k.p.i.IntermediateProofReplayer Proof replay took 10.22ms 
147914     DEBUG main            d.u.i.k.p.r.p.TestFile    ... success: reloaded. 
147914     INFO  main            d.u.i.k.p.r.p.TestFile    Now processing file /home/runner/work/key/key/key.core/../key.ui/examples/standard_key/prop_log/allClausesLength5.key 
147915     INFO  main            d.u.i.k.p.i.AbstractProblemLoader Loading environment from /home/runner/work/key/key/key.core/../key.ui/examples/standard_key/prop_log/allClausesLength5.key 
147915     DEBUG main            d.u.i.k.p.i.AbstractProblemLoader Environment load took 134.5ns 
147916     INFO  main            d.u.i.k.p.i.AbstractProblemLoader Creating init config 
150239     DEBUG main            d.u.i.k.p.i.AbstractProblemLoader Init config took 2.32s 
150253     INFO  main            d.u.i.k.p.i.AbstractProblemLoader Replaying proof allClausesLength5.key 
150254     DEBUG main            d.u.i.k.p.i.IntermediateProofReplayer Proof replay took 6.9ns 
150459     INFO  main            d.u.i.k.p.r.p.TestFile    ... finished proof: closed. 
150720     INFO  main            d.u.i.k.p.i.AbstractProblemLoader Loading environment from /home/runner/work/key/key/key.core/../key.ui/examples/standard_key/prop_log/allClausesLength5.key.proof 
150721     DEBUG main            d.u.i.k.p.i.AbstractProblemLoader Environment load took 433.61ns 
150722     INFO  main            d.u.i.k.p.i.AbstractProblemLoader Creating init config 
153015     DEBUG main            d.u.i.k.p.i.AbstractProblemLoader Init config took 2.29s 
153029     INFO  main            d.u.i.k.p.i.AbstractProblemLoader Replaying proof allClausesLength5.key.proof 
153062     DEBUG main            d.u.i.k.p.i.IntermediateProofReplayer Proof replay took 27.85ms 
153063     DEBUG main            d.u.i.k.p.r.p.TestFile    ... success: reloaded. 
153063     INFO  main            d.u.i.k.p.r.p.TestFile    Now processing file /home/runner/work/key/key/key.core/../key.ui/examples/standard_key/prop_log/doubleNeg.key 
153064     INFO  main            d.u.i.k.p.i.AbstractProblemLoader Loading environment from /home/runner/work/key/key/key.core/../key.ui/examples/standard_key/prop_log/doubleNeg.key 
153064     DEBUG main            d.u.i.k.p.i.AbstractProblemLoader Environment load took 82.2ns 
153065     INFO  main            d.u.i.k.p.i.AbstractProblemLoader Creating init config 
155415     DEBUG main            d.u.i.k.p.i.AbstractProblemLoader Init config took 2.35s 
155428     INFO  main            d.u.i.k.p.i.AbstractProblemLoader Replaying proof doubleNeg.key 
155429     DEBUG main            d.u.i.k.p.i.IntermediateProofReplayer Proof replay took 7.2ns 
155532     INFO  main            d.u.i.k.p.r.p.TestFile    ... finished proof: closed. 
155797     INFO  main            d.u.i.k.p.i.AbstractProblemLoader Loading environment from /home/runner/work/key/key/key.core/../key.ui/examples/standard_key/prop_log/doubleNeg.key.proof 
155797     DEBUG main            d.u.i.k.p.i.AbstractProblemLoader Environment load took 94.5ns 
155798     INFO  main            d.u.i.k.p.i.AbstractProblemLoader Creating init config 
158076     DEBUG main            d.u.i.k.p.i.AbstractProblemLoader Init config took 2.28s 
158090     INFO  main            d.u.i.k.p.i.AbstractProblemLoader Replaying proof doubleNeg.key.proof 
158092     DEBUG main            d.u.i.k.p.i.IntermediateProofReplayer Proof replay took 359.11ns 
158093     DEBUG main            d.u.i.k.p.r.p.TestFile    ... success: reloaded. 
158093     INFO  main            d.u.i.k.p.r.p.TestFile    Now processing file /home/runner/work/key/key/key.core/../key.ui/examples/standard_key/prop_log/liarsville.key 
158093     INFO  main            d.u.i.k.p.i.AbstractProblemLoader Loading environment from /home/runner/work/key/key/key.core/../key.ui/examples/standard_key/prop_log/liarsville.key 
158094     DEBUG main            d.u.i.k.p.i.AbstractProblemLoader Environment load took 156.8ns 
158095     INFO  main            d.u.i.k.p.i.AbstractProblemLoader Creating init config 
160419     DEBUG main            d.u.i.k.p.i.AbstractProblemLoader Init config took 2.32s 
160434     INFO  main            d.u.i.k.p.i.AbstractProblemLoader Replaying proof liarsville.key 
160435     DEBUG main            d.u.i.k.p.i.IntermediateProofReplayer Proof replay took 7ns 
160538     INFO  main            d.u.i.k.p.r.p.TestFile    ... finished proof: closed. 
160798     INFO  main            d.u.i.k.p.i.AbstractProblemLoader Loading environment from /home/runner/work/key/key/key.core/../key.ui/examples/standard_key/prop_log/liarsville.key.proof 
160798     DEBUG main            d.u.i.k.p.i.AbstractProblemLoader Environment load took 100.7ns 
160799     INFO  main            d.u.i.k.p.i.AbstractProblemLoader Creating init config 
163082     DEBUG main            d.u.i.k.p.i.AbstractProblemLoader Init config took 2.28s 
163098     INFO  main            d.u.i.k.p.i.AbstractProblemLoader Replaying proof liarsville.key.proof 
163100     DEBUG main            d.u.i.k.p.i.IntermediateProofReplayer Proof replay took 945.51ns 
163101     DEBUG main            d.u.i.k.p.r.p.TestFile    ... success: reloaded. 
163101     INFO  main            d.u.i.k.p.r.p.TestFile    Now processing file /home/runner/work/key/key/key.core/../key.ui/examples/standard_key/prop_log/simplest.key 
163101     INFO  main            d.u.i.k.p.i.AbstractProblemLoader Loading environment from /home/runner/work/key/key/key.core/../key.ui/examples/standard_key/prop_log/simplest.key 
163101     DEBUG main            d.u.i.k.p.i.AbstractProblemLoader Environment load took 63.5ns 
163102     INFO  main            d.u.i.k.p.i.AbstractProblemLoader Creating init config 
165417     DEBUG main            d.u.i.k.p.i.AbstractProblemLoader Init config took 2.32s 
165431     INFO  main            d.u.i.k.p.i.AbstractProblemLoader Replaying proof simplest.key 
165432     DEBUG main            d.u.i.k.p.i.IntermediateProofReplayer Proof replay took 6.2ns 
165534     INFO  main            d.u.i.k.p.r.p.TestFile    ... finished proof: closed. 
165809     INFO  main            d.u.i.k.p.i.AbstractProblemLoader Loading environment from /home/runner/work/key/key/key.core/../key.ui/examples/standard_key/prop_log/simplest.key.proof 
165809     DEBUG main            d.u.i.k.p.i.AbstractProblemLoader Environment load took 94.4ns 
165810     INFO  main            d.u.i.k.p.i.AbstractProblemLoader Creating init config 
168076     DEBUG main            d.u.i.k.p.i.AbstractProblemLoader Init config took 2.27s 
168089     INFO  main            d.u.i.k.p.i.AbstractProblemLoader Replaying proof simplest.key.proof 
168091     DEBUG main            d.u.i.k.p.i.IntermediateProofReplayer Proof replay took 89.4ns 
168091     DEBUG main            d.u.i.k.p.r.p.TestFile    ... success: reloaded. 
168092     INFO  main            d.u.i.k.p.r.p.TestFile    Now processing file /home/runner/work/key/key/key.core/../key.ui/examples/standard_key/prop_log/contraposition.key 
168092     INFO  main            d.u.i.k.p.i.AbstractProblemLoader Loading environment from /home/runner/work/key/key/key.core/../key.ui/examples/standard_key/prop_log/contraposition.key 
168092     DEBUG main            d.u.i.k.p.i.AbstractProblemLoader Environment load took 49.2ns 
168093     INFO  main            d.u.i.k.p.i.AbstractProblemLoader Creating init config 
170414     DEBUG main            d.u.i.k.p.i.AbstractProblemLoader Init config took 2.32s 
170428     INFO  main            d.u.i.k.p.i.AbstractProblemLoader Replaying proof contraposition.key 
170429     DEBUG main            d.u.i.k.p.i.IntermediateProofReplayer Proof replay took 6.6ns 
170530     INFO  main            d.u.i.k.p.r.p.TestFile    ... finished proof: closed. 
170803     INFO  main            d.u.i.k.p.i.AbstractProblemLoader Loading environment from /home/runner/work/key/key/key.core/../key.ui/examples/standard_key/prop_log/contraposition.key.proof 
170803     DEBUG main            d.u.i.k.p.i.AbstractProblemLoader Environment load took 97.4ns 
170804     INFO  main            d.u.i.k.p.i.AbstractProblemLoader Creating init config 
173065     DEBUG main            d.u.i.k.p.i.AbstractProblemLoader Init config took 2.26s 
173079     INFO  main            d.u.i.k.p.i.AbstractProblemLoader Replaying proof contraposition.key.proof 
173083     DEBUG main            d.u.i.k.p.i.IntermediateProofReplayer Proof replay took 495.21ns 
173084     DEBUG main            d.u.i.k.p.r.p.TestFile    ... success: reloaded. 
173084     INFO  main            d.u.i.k.p.r.p.TestFile    Now processing file /home/runner/work/key/key/key.core/../key.ui/examples/standard_key/quantifiers/elimination0.key 
173085     INFO  main            d.u.i.k.p.i.AbstractProblemLoader Loading environment from /home/runner/work/key/key/key.core/../key.ui/examples/standard_key/quantifiers/elimination0.key 
173085     DEBUG main            d.u.i.k.p.i.AbstractProblemLoader Environment load took 216.4ns 
173086     INFO  main            d.u.i.k.p.i.AbstractProblemLoader Creating init config 
175419     DEBUG main            d.u.i.k.p.i.AbstractProblemLoader Init config took 2.33s 
175436     INFO  main            d.u.i.k.p.i.AbstractProblemLoader Replaying proof elimination0.key 
175438     DEBUG main            d.u.i.k.p.i.IntermediateProofReplayer Proof replay took 6.4ns 
175540     INFO  main            d.u.i.k.p.r.p.TestFile    ... finished proof: closed. 
175861     INFO  main            d.u.i.k.p.i.AbstractProblemLoader Loading environment from /home/runner/work/key/key/key.core/../key.ui/examples/standard_key/quantifiers/elimination0.key.proof 
175861     DEBUG main            d.u.i.k.p.i.AbstractProblemLoader Environment load took 109.4ns 
175862     INFO  main            d.u.i.k.p.i.AbstractProblemLoader Creating init config 
178140     DEBUG main            d.u.i.k.p.i.AbstractProblemLoader Init config took 2.28s 
178153     INFO  main            d.u.i.k.p.i.AbstractProblemLoader Replaying proof elimination0.key.proof 
178155     DEBUG main            d.u.i.k.p.i.IntermediateProofReplayer Proof replay took 1.22ms 
178156     DEBUG main            d.u.i.k.p.r.p.TestFile    ... success: reloaded. 
178157     INFO  main            d.u.i.k.p.r.p.TestFile    Now processing file /home/runner/work/key/key/key.core/../key.ui/examples/standard_key/quantifiers/heuristic_PUZ001p1-eq.key 
178157     INFO  main            d.u.i.k.p.i.AbstractProblemLoader Loading environment from /home/runner/work/key/key/key.core/../key.ui/examples/standard_key/quantifiers/heuristic_PUZ001p1-eq.key 
178157     DEBUG main            d.u.i.k.p.i.AbstractProblemLoader Environment load took 78.4ns 
178158     INFO  main            d.u.i.k.p.i.AbstractProblemLoader Creating init config 
180487     DEBUG main            d.u.i.k.p.i.AbstractProblemLoader Init config took 2.33s 
180501     INFO  main            d.u.i.k.p.i.AbstractProblemLoader Replaying proof heuristic_PUZ001p1-eq.key 
180503     DEBUG main            d.u.i.k.p.i.IntermediateProofReplayer Proof replay took 6.5ns 
180607     INFO  main            d.u.i.k.p.r.p.TestFile    ... finished proof: closed. 
180903     INFO  main            d.u.i.k.p.i.AbstractProblemLoader Loading environment from /home/runner/work/key/key/key.core/../key.ui/examples/standard_key/quantifiers/heuristic_PUZ001p1-eq.key.proof 
180903     DEBUG main            d.u.i.k.p.i.AbstractProblemLoader Environment load took 100.6ns 
180905     INFO  main            d.u.i.k.p.i.AbstractProblemLoader Creating init config 
183183     DEBUG main            d.u.i.k.p.i.AbstractProblemLoader Init config took 2.28s 
183198     INFO  main            d.u.i.k.p.i.AbstractProblemLoader Replaying proof heuristic_PUZ001p1-eq.key.proof 
183210     DEBUG main            d.u.i.k.p.i.IntermediateProofReplayer Proof replay took 8.82ms 
183211     DEBUG main            d.u.i.k.p.r.p.TestFile    ... success: reloaded. 
183212     INFO  main            d.u.i.k.p.r.p.TestFile    Now processing file /home/runner/work/key/key/key.core/../key.ui/examples/standard_key/quantifiers/heuristic_PUZ001p1.key 
183212     INFO  main            d.u.i.k.p.i.AbstractProblemLoader Loading environment from /home/runner/work/key/key/key.core/../key.ui/examples/standard_key/quantifiers/heuristic_PUZ001p1.key 
183212     DEBUG main            d.u.i.k.p.i.AbstractProblemLoader Environment load took 79.5ns 
183213     INFO  main            d.u.i.k.p.i.AbstractProblemLoader Creating init config 
185518     DEBUG main            d.u.i.k.p.i.AbstractProblemLoader Init config took 2.3s 
185533     INFO  main            d.u.i.k.p.i.AbstractProblemLoader Replaying proof heuristic_PUZ001p1.key 
185536     DEBUG main            d.u.i.k.p.i.IntermediateProofReplayer Proof replay took 6.7ns 
186942     INFO  main            d.u.i.k.p.r.p.TestFile    ... finished proof: closed. 
187242     INFO  main            d.u.i.k.p.i.AbstractProblemLoader Loading environment from /home/runner/work/key/key/key.core/../key.ui/examples/standard_key/quantifiers/heuristic_PUZ001p1.key.proof 
187243     DEBUG main            d.u.i.k.p.i.AbstractProblemLoader Environment load took 351.81ns 
187244     INFO  main            d.u.i.k.p.i.AbstractProblemLoader Creating init config 
189518     DEBUG main            d.u.i.k.p.i.AbstractProblemLoader Init config took 2.27s 
189533     INFO  main            d.u.i.k.p.i.AbstractProblemLoader Replaying proof heuristic_PUZ001p1.key.proof 
189578     DEBUG main            d.u.i.k.p.i.IntermediateProofReplayer Proof replay took 40.38ms 
189579     DEBUG main            d.u.i.k.p.r.p.TestFile    ... success: reloaded. 
189580     INFO  main            d.u.i.k.p.r.p.TestFile    Now processing file /home/runner/work/key/key/key.core/../key.ui/examples/standard_key/quantifiers/heuristic_PUZ031p1.key 
189580     INFO  main            d.u.i.k.p.i.AbstractProblemLoader Loading environment from /home/runner/work/key/key/key.core/../key.ui/examples/standard_key/quantifiers/heuristic_PUZ031p1.key 
189581     DEBUG main            d.u.i.k.p.i.AbstractProblemLoader Environment load took 157.9ns 
189582     INFO  main            d.u.i.k.p.i.AbstractProblemLoader Creating init config 
191905     DEBUG main            d.u.i.k.p.i.AbstractProblemLoader Init config took 2.32s 
191920     INFO  main            d.u.i.k.p.i.AbstractProblemLoader Replaying proof heuristic_PUZ031p1.key 
191921     DEBUG main            d.u.i.k.p.i.IntermediateProofReplayer Proof replay took 6.5ns 
196450     INFO  main            d.u.i.k.p.r.p.TestFile    ... finished proof: closed. 
196776     INFO  main            d.u.i.k.p.i.AbstractProblemLoader Loading environment from /home/runner/work/key/key/key.core/../key.ui/examples/standard_key/quantifiers/heuristic_PUZ031p1.key.proof 
196778     DEBUG main            d.u.i.k.p.i.AbstractProblemLoader Environment load took 1.89ms 
196780     INFO  main            d.u.i.k.p.i.AbstractProblemLoader Creating init config 
199084     DEBUG main            d.u.i.k.p.i.AbstractProblemLoader Init config took 2.3s 
199099     INFO  main            d.u.i.k.p.i.AbstractProblemLoader Replaying proof heuristic_PUZ031p1.key.proof 
199153     DEBUG main            d.u.i.k.p.i.IntermediateProofReplayer Proof replay took 50.31ms 
199155     DEBUG main            d.u.i.k.p.r.p.TestFile    ... success: reloaded. 
199156     INFO  main            d.u.i.k.p.r.p.TestFile    Now processing file /home/runner/work/key/key/key.core/../key.ui/examples/standard_key/quantifiers/heuristic_SYN036p2.key 
199156     INFO  main            d.u.i.k.p.i.AbstractProblemLoader Loading environment from /home/runner/work/key/key/key.core/../key.ui/examples/standard_key/quantifiers/heuristic_SYN036p2.key 
199156     DEBUG main            d.u.i.k.p.i.AbstractProblemLoader Environment load took 193.9ns 
199157     INFO  main            d.u.i.k.p.i.AbstractProblemLoader Creating init config 
201477     DEBUG main            d.u.i.k.p.i.AbstractProblemLoader Init config took 2.32s 
201490     INFO  main            d.u.i.k.p.i.AbstractProblemLoader Replaying proof heuristic_SYN036p2.key 
201492     DEBUG main            d.u.i.k.p.i.IntermediateProofReplayer Proof replay took 6.6ns 
201696     INFO  main            d.u.i.k.p.r.p.TestFile    ... finished proof: closed. 
202041     INFO  main            d.u.i.k.p.i.AbstractProblemLoader Loading environment from /home/runner/work/key/key/key.core/../key.ui/examples/standard_key/quantifiers/heuristic_SYN036p2.key.proof 
202042     DEBUG main            d.u.i.k.p.i.AbstractProblemLoader Environment load took 896.51ns 
202043     INFO  main            d.u.i.k.p.i.AbstractProblemLoader Creating init config 
204301     DEBUG main            d.u.i.k.p.i.AbstractProblemLoader Init config took 2.26s 
204315     INFO  main            d.u.i.k.p.i.AbstractProblemLoader Replaying proof heuristic_SYN036p2.key.proof 
204372     DEBUG main            d.u.i.k.p.i.IntermediateProofReplayer Proof replay took 50.45ms 
204373     DEBUG main            d.u.i.k.p.r.p.TestFile    ... success: reloaded. 
204374     INFO  main            d.u.i.k.p.r.p.TestFile    Now processing file /home/runner/work/key/key/key.core/../key.ui/examples/standard_key/quantifiers/injectivity.key 
204374     INFO  main            d.u.i.k.p.i.AbstractProblemLoader Loading environment from /home/runner/work/key/key/key.core/../key.ui/examples/standard_key/quantifiers/injectivity.key 
204374     DEBUG main            d.u.i.k.p.i.AbstractProblemLoader Environment load took 88.2ns 
204375     INFO  main            d.u.i.k.p.i.AbstractProblemLoader Creating init config 
206676     DEBUG main            d.u.i.k.p.i.AbstractProblemLoader Init config took 2.3s 
206689     INFO  main            d.u.i.k.p.i.AbstractProblemLoader Replaying proof injectivity.key 
206690     DEBUG main            d.u.i.k.p.i.IntermediateProofReplayer Proof replay took 6.5ns 
206794     INFO  main            d.u.i.k.p.r.p.TestFile    ... finished proof: closed. 
207159     INFO  main            d.u.i.k.p.i.AbstractProblemLoader Loading environment from /home/runner/work/key/key/key.core/../key.ui/examples/standard_key/quantifiers/injectivity.key.proof 
207159     DEBUG main            d.u.i.k.p.i.AbstractProblemLoader Environment load took 91.5ns 
207160     INFO  main            d.u.i.k.p.i.AbstractProblemLoader Creating init config 
209418     DEBUG main            d.u.i.k.p.i.AbstractProblemLoader Init config took 2.26s 
209431     INFO  main            d.u.i.k.p.i.AbstractProblemLoader Replaying proof injectivity.key.proof 
209434     DEBUG main            d.u.i.k.p.i.IntermediateProofReplayer Proof replay took 1.8ms 
209434     DEBUG main            d.u.i.k.p.r.p.TestFile    ... success: reloaded. 
209435     INFO  main            d.u.i.k.p.r.p.TestFile    Now processing file /home/runner/work/key/key/key.core/../key.ui/examples/standard_key/quantifiers/normalisation0.key 
209435     INFO  main            d.u.i.k.p.i.AbstractProblemLoader Loading environment from /home/runner/work/key/key/key.core/../key.ui/examples/standard_key/quantifiers/normalisation0.key 
209436     DEBUG main            d.u.i.k.p.i.AbstractProblemLoader Environment load took 73ns 
209437     INFO  main            d.u.i.k.p.i.AbstractProblemLoader Creating init config 
211724     DEBUG main            d.u.i.k.p.i.AbstractProblemLoader Init config took 2.29s 
211738     INFO  main            d.u.i.k.p.i.AbstractProblemLoader Replaying proof normalisation0.key 
211739     DEBUG main            d.u.i.k.p.i.IntermediateProofReplayer Proof replay took 6ns 
211841     INFO  main            d.u.i.k.p.r.p.TestFile    ... finished proof: closed. 
212154     INFO  main            d.u.i.k.p.i.AbstractProblemLoader Loading environment from /home/runner/work/key/key/key.core/../key.ui/examples/standard_key/quantifiers/normalisation0.key.proof 
212154     DEBUG main            d.u.i.k.p.i.AbstractProblemLoader Environment load took 91.7ns 
212155     INFO  main            d.u.i.k.p.i.AbstractProblemLoader Creating init config 
214419     DEBUG main            d.u.i.k.p.i.AbstractProblemLoader Init config took 2.26s 
214432     INFO  main            d.u.i.k.p.i.AbstractProblemLoader Replaying proof normalisation0.key.proof 
214435     DEBUG main            d.u.i.k.p.i.IntermediateProofReplayer Proof replay took 1.96ms 
214436     DEBUG main            d.u.i.k.p.r.p.TestFile    ... success: reloaded. 
214437     INFO  main            d.u.i.k.p.r.p.TestFile    Now processing file /home/runner/work/key/key/key.core/../key.ui/examples/standard_key/quantifiers/normalisation1.key 
214437     INFO  main            d.u.i.k.p.i.AbstractProblemLoader Loading environment from /home/runner/work/key/key/key.core/../key.ui/examples/standard_key/quantifiers/normalisation1.key 
214437     DEBUG main            d.u.i.k.p.i.AbstractProblemLoader Environment load took 78.2ns 
214438     INFO  main            d.u.i.k.p.i.AbstractProblemLoader Creating init config 
216729     DEBUG main            d.u.i.k.p.i.AbstractProblemLoader Init config took 2.29s 
216745     INFO  main            d.u.i.k.p.i.AbstractProblemLoader Replaying proof normalisation1.key 
216746     DEBUG main            d.u.i.k.p.i.IntermediateProofReplayer Proof replay took 5.7ns 
216869     INFO  main            d.u.i.k.p.r.p.TestFile    ... finished proof: closed. 
217177     INFO  main            d.u.i.k.p.i.AbstractProblemLoader Loading environment from /home/runner/work/key/key/key.core/../key.ui/examples/standard_key/quantifiers/normalisation1.key.proof 
217177     DEBUG main            d.u.i.k.p.i.AbstractProblemLoader Environment load took 87.8ns 
217179     INFO  main            d.u.i.k.p.i.AbstractProblemLoader Creating init config 
219441     DEBUG main            d.u.i.k.p.i.AbstractProblemLoader Init config took 2.26s 
219456     INFO  main            d.u.i.k.p.i.AbstractProblemLoader Replaying proof normalisation1.key.proof 
219459     DEBUG main            d.u.i.k.p.i.IntermediateProofReplayer Proof replay took 2.39ms 
219460     DEBUG main            d.u.i.k.p.r.p.TestFile    ... success: reloaded. 
219461     INFO  main            d.u.i.k.p.r.p.TestFile    Now processing file /home/runner/work/key/key/key.core/../key.ui/examples/standard_key/quantifiers/normalisation2.key 
219461     INFO  main            d.u.i.k.p.i.AbstractProblemLoader Loading environment from /home/runner/work/key/key/key.core/../key.ui/examples/standard_key/quantifiers/normalisation2.key 
219461     DEBUG main            d.u.i.k.p.i.AbstractProblemLoader Environment load took 62.3ns 
219462     INFO  main            d.u.i.k.p.i.AbstractProblemLoader Creating init config 
221776     DEBUG main            d.u.i.k.p.i.AbstractProblemLoader Init config took 2.31s 
221790     INFO  main            d.u.i.k.p.i.AbstractProblemLoader Replaying proof normalisation2.key 
221791     DEBUG main            d.u.i.k.p.i.IntermediateProofReplayer Proof replay took 5.9ns 
221893     INFO  main            d.u.i.k.p.r.p.TestFile    ... finished proof: closed. 
222207     INFO  main            d.u.i.k.p.i.AbstractProblemLoader Loading environment from /home/runner/work/key/key/key.core/../key.ui/examples/standard_key/quantifiers/normalisation2.key.proof 
222207     DEBUG main            d.u.i.k.p.i.AbstractProblemLoader Environment load took 87.5ns 
222208     INFO  main            d.u.i.k.p.i.AbstractProblemLoader Creating init config 
224477     DEBUG main            d.u.i.k.p.i.AbstractProblemLoader Init config took 2.27s 
224491     INFO  main            d.u.i.k.p.i.AbstractProblemLoader Replaying proof normalisation2.key.proof 
224494     DEBUG main            d.u.i.k.p.i.IntermediateProofReplayer Proof replay took 2.14ms 
224495     DEBUG main            d.u.i.k.p.r.p.TestFile    ... success: reloaded. 
224496     INFO  main            d.u.i.k.p.r.p.TestFile    Now processing file /home/runner/work/key/key/key.core/../key.ui/examples/standard_key/quantifiers/normalisation3.key 
224496     INFO  main            d.u.i.k.p.i.AbstractProblemLoader Loading environment from /home/runner/work/key/key/key.core/../key.ui/examples/standard_key/quantifiers/normalisation3.key 
224496     DEBUG main            d.u.i.k.p.i.AbstractProblemLoader Environment load took 79.1ns 
224497     INFO  main            d.u.i.k.p.i.AbstractProblemLoader Creating init config 
226792     DEBUG main            d.u.i.k.p.i.AbstractProblemLoader Init config took 2.3s 
226806     INFO  main            d.u.i.k.p.i.AbstractProblemLoader Replaying proof normalisation3.key 
226807     DEBUG main            d.u.i.k.p.i.IntermediateProofReplayer Proof replay took 5.5ns 
226909     INFO  main            d.u.i.k.p.r.p.TestFile    ... finished proof: closed. 
227237     INFO  main            d.u.i.k.p.i.AbstractProblemLoader Loading environment from /home/runner/work/key/key/key.core/../key.ui/examples/standard_key/quantifiers/normalisation3.key.proof 
227237     DEBUG main            d.u.i.k.p.i.AbstractProblemLoader Environment load took 95.3ns 
227238     INFO  main            d.u.i.k.p.i.AbstractProblemLoader Creating init config 
229502     DEBUG main            d.u.i.k.p.i.AbstractProblemLoader Init config took 2.26s 
229516     INFO  main            d.u.i.k.p.i.AbstractProblemLoader Replaying proof normalisation3.key.proof 
229520     DEBUG main            d.u.i.k.p.i.IntermediateProofReplayer Proof replay took 2.6ms 
229521     DEBUG main            d.u.i.k.p.r.p.TestFile    ... success: reloaded. 
229521     INFO  main            d.u.i.k.p.r.p.TestFile    Now processing file /home/runner/work/key/key/key.core/../key.ui/examples/standard_key/quantifiers/normalisation4.key 
229522     INFO  main            d.u.i.k.p.i.AbstractProblemLoader Loading environment from /home/runner/work/key/key/key.core/../key.ui/examples/standard_key/quantifiers/normalisation4.key 
229522     DEBUG main            d.u.i.k.p.i.AbstractProblemLoader Environment load took 111.4ns 
229523     INFO  main            d.u.i.k.p.i.AbstractProblemLoader Creating init config 
231914     DEBUG main            d.u.i.k.p.i.AbstractProblemLoader Init config took 2.39s 
231928     INFO  main            d.u.i.k.p.i.AbstractProblemLoader Replaying proof normalisation4.key 
231929     DEBUG main            d.u.i.k.p.i.IntermediateProofReplayer Proof replay took 6.8ns 
232031     INFO  main            d.u.i.k.p.r.p.TestFile    ... finished proof: closed. 
232356     INFO  main            d.u.i.k.p.i.AbstractProblemLoader Loading environment from /home/runner/work/key/key/key.core/../key.ui/examples/standard_key/quantifiers/normalisation4.key.proof 
232356     DEBUG main            d.u.i.k.p.i.AbstractProblemLoader Environment load took 89.7ns 
232357     INFO  main            d.u.i.k.p.i.AbstractProblemLoader Creating init config 
234630     DEBUG main            d.u.i.k.p.i.AbstractProblemLoader Init config took 2.27s 
234643     INFO  main            d.u.i.k.p.i.AbstractProblemLoader Replaying proof normalisation4.key.proof 
234649     DEBUG main            d.u.i.k.p.i.IntermediateProofReplayer Proof replay took 4.25ms 
234650     DEBUG main            d.u.i.k.p.r.p.TestFile    ... success: reloaded. 
234651     INFO  main            d.u.i.k.p.r.p.TestFile    Now processing file /home/runner/work/key/key/key.core/../key.ui/examples/standard_key/quantifiers/normalisation5.key 
234651     INFO  main            d.u.i.k.p.i.AbstractProblemLoader Loading environment from /home/runner/work/key/key/key.core/../key.ui/examples/standard_key/quantifiers/normalisation5.key 
234651     DEBUG main            d.u.i.k.p.i.AbstractProblemLoader Environment load took 112.9ns 
234652     INFO  main            d.u.i.k.p.i.AbstractProblemLoader Creating init config 
236950     DEBUG main            d.u.i.k.p.i.AbstractProblemLoader Init config took 2.3s 
236964     INFO  main            d.u.i.k.p.i.AbstractProblemLoader Replaying proof normalisation5.key 
236965     DEBUG main            d.u.i.k.p.i.IntermediateProofReplayer Proof replay took 6.5ns 
237067     INFO  main            d.u.i.k.p.r.p.TestFile    ... finished proof: closed. 
237413     INFO  main            d.u.i.k.p.i.AbstractProblemLoader Loading environment from /home/runner/work/key/key/key.core/../key.ui/examples/standard_key/quantifiers/normalisation5.key.proof 
237413     DEBUG main            d.u.i.k.p.i.AbstractProblemLoader Environment load took 94ns 
237414     INFO  main            d.u.i.k.p.i.AbstractProblemLoader Creating init config 
239677     DEBUG main            d.u.i.k.p.i.AbstractProblemLoader Init config took 2.26s 
239691     INFO  main            d.u.i.k.p.i.AbstractProblemLoader Replaying proof normalisation5.key.proof 
239696     DEBUG main            d.u.i.k.p.i.IntermediateProofReplayer Proof replay took 3.24ms 
239696     DEBUG main            d.u.i.k.p.r.p.TestFile    ... success: reloaded. 
239697     INFO  main            d.u.i.k.p.r.p.TestFile    Now processing file /home/runner/work/key/key/key.core/../key.ui/examples/standard_key/quantifiers/normalisation6.key 
239697     INFO  main            d.u.i.k.p.i.AbstractProblemLoader Loading environment from /home/runner/work/key/key/key.core/../key.ui/examples/standard_key/quantifiers/normalisation6.key 
239697     DEBUG main            d.u.i.k.p.i.AbstractProblemLoader Environment load took 122.6ns 
239698     INFO  main            d.u.i.k.p.i.AbstractProblemLoader Creating init config 
241998     DEBUG main            d.u.i.k.p.i.AbstractProblemLoader Init config took 2.3s 
242012     INFO  main            d.u.i.k.p.i.AbstractProblemLoader Replaying proof normalisation6.key 
242013     DEBUG main            d.u.i.k.p.i.IntermediateProofReplayer Proof replay took 6.5ns 
242115     INFO  main            d.u.i.k.p.r.p.TestFile    ... finished proof: closed. 
242463     INFO  main            d.u.i.k.p.i.AbstractProblemLoader Loading environment from /home/runner/work/key/key/key.core/../key.ui/examples/standard_key/quantifiers/normalisation6.key.proof 
242463     DEBUG main            d.u.i.k.p.i.AbstractProblemLoader Environment load took 87.4ns 
242464     INFO  main            d.u.i.k.p.i.AbstractProblemLoader Creating init config 
244746     DEBUG main            d.u.i.k.p.i.AbstractProblemLoader Init config took 2.28s 
244759     INFO  main            d.u.i.k.p.i.AbstractProblemLoader Replaying proof normalisation6.key.proof 
244763     DEBUG main            d.u.i.k.p.i.IntermediateProofReplayer Proof replay took 2.01ms 
244764     DEBUG main            d.u.i.k.p.r.p.TestFile    ... success: reloaded. 
244765     INFO  main            d.u.i.k.p.r.p.TestFile    Now processing file /home/runner/work/key/key/key.core/../key.ui/examples/standard_key/quantifiers/normalisation7.key 
244765     INFO  main            d.u.i.k.p.i.AbstractProblemLoader Loading environment from /home/runner/work/key/key/key.core/../key.ui/examples/standard_key/quantifiers/normalisation7.key 
244765     DEBUG main            d.u.i.k.p.i.AbstractProblemLoader Environment load took 75.3ns 
244766     INFO  main            d.u.i.k.p.i.AbstractProblemLoader Creating init config 
247061     DEBUG main            d.u.i.k.p.i.AbstractProblemLoader Init config took 2.3s 
247075     INFO  main            d.u.i.k.p.i.AbstractProblemLoader Replaying proof normalisation7.key 
247076     DEBUG main            d.u.i.k.p.i.IntermediateProofReplayer Proof replay took 6.5ns 
247177     INFO  main            d.u.i.k.p.r.p.TestFile    ... finished proof: closed. 
247525     INFO  main            d.u.i.k.p.i.AbstractProblemLoader Loading environment from /home/runner/work/key/key/key.core/../key.ui/examples/standard_key/quantifiers/normalisation7.key.proof 
247525     DEBUG main            d.u.i.k.p.i.AbstractProblemLoader Environment load took 101.7ns 
247526     INFO  main            d.u.i.k.p.i.AbstractProblemLoader Creating init config 
249786     DEBUG main            d.u.i.k.p.i.AbstractProblemLoader Init config took 2.26s 
249800     INFO  main            d.u.i.k.p.i.AbstractProblemLoader Replaying proof normalisation7.key.proof 
249804     DEBUG main            d.u.i.k.p.i.IntermediateProofReplayer Proof replay took 1.99ms 
249804     DEBUG main            d.u.i.k.p.r.p.TestFile    ... success: reloaded. 
249805     INFO  main            d.u.i.k.p.r.p.TestFile    Now processing file /home/runner/work/key/key/key.core/../key.ui/examples/standard_key/quantifiers/normalisation8.key 
249805     INFO  main            d.u.i.k.p.i.AbstractProblemLoader Loading environment from /home/runner/work/key/key/key.core/../key.ui/examples/standard_key/quantifiers/normalisation8.key 
249805     DEBUG main            d.u.i.k.p.i.AbstractProblemLoader Environment load took 45.7ns 
249806     INFO  main            d.u.i.k.p.i.AbstractProblemLoader Creating init config 
252105     DEBUG main            d.u.i.k.p.i.AbstractProblemLoader Init config took 2.3s 
252120     INFO  main            d.u.i.k.p.i.AbstractProblemLoader Replaying proof normalisation8.key 
252121     DEBUG main            d.u.i.k.p.i.IntermediateProofReplayer Proof replay took 6.4ns 
252223     INFO  main            d.u.i.k.p.r.p.TestFile    ... finished proof: closed. 
252578     INFO  main            d.u.i.k.p.i.AbstractProblemLoader Loading environment from /home/runner/work/key/key/key.core/../key.ui/examples/standard_key/quantifiers/normalisation8.key.proof 
252579     DEBUG main            d.u.i.k.p.i.AbstractProblemLoader Environment load took 87.8ns 
252580     INFO  main            d.u.i.k.p.i.AbstractProblemLoader Creating init config 
254842     DEBUG main            d.u.i.k.p.i.AbstractProblemLoader Init config took 2.26s 
254856     INFO  main            d.u.i.k.p.i.AbstractProblemLoader Replaying proof normalisation8.key.proof 
254862     DEBUG main            d.u.i.k.p.i.IntermediateProofReplayer Proof replay took 4.24ms 
254862     DEBUG main            d.u.i.k.p.r.p.TestFile    ... success: reloaded. 
254865     INFO  main            d.u.i.k.p.r.p.TestFile    Now processing file /home/runner/work/key/key/key.core/../key.ui/examples/standard_key/quantifiers/normalisation9.key 
254865     INFO  main            d.u.i.k.p.i.AbstractProblemLoader Loading environment from /home/runner/work/key/key/key.core/../key.ui/examples/standard_key/quantifiers/normalisation9.key 
254865     DEBUG main            d.u.i.k.p.i.AbstractProblemLoader Environment load took 85ns 
254866     INFO  main            d.u.i.k.p.i.AbstractProblemLoader Creating init config 
257160     DEBUG main            d.u.i.k.p.i.AbstractProblemLoader Init config took 2.29s 
257174     INFO  main            d.u.i.k.p.i.AbstractProblemLoader Replaying proof normalisation9.key 
257175     DEBUG main            d.u.i.k.p.i.IntermediateProofReplayer Proof replay took 6.2ns 
257277     INFO  main            d.u.i.k.p.r.p.TestFile    ... finished proof: closed. 
257641     INFO  main            d.u.i.k.p.i.AbstractProblemLoader Loading environment from /home/runner/work/key/key/key.core/../key.ui/examples/standard_key/quantifiers/normalisation9.key.proof 
257641     DEBUG main            d.u.i.k.p.i.AbstractProblemLoader Environment load took 85.9ns 
257642     INFO  main            d.u.i.k.p.i.AbstractProblemLoader Creating init config 
259909     DEBUG main            d.u.i.k.p.i.AbstractProblemLoader Init config took 2.27s 
259923     INFO  main            d.u.i.k.p.i.AbstractProblemLoader Replaying proof normalisation9.key.proof 
259930     DEBUG main            d.u.i.k.p.i.IntermediateProofReplayer Proof replay took 5.68ms 
259931     DEBUG main            d.u.i.k.p.r.p.TestFile    ... success: reloaded. 
259932     INFO  main            d.u.i.k.p.r.p.TestFile    Now processing file /home/runner/work/key/key/key.core/../key.ui/examples/standard_key/quantifiers/normalisation10.key 
259932     INFO  main            d.u.i.k.p.i.AbstractProblemLoader Loading environment from /home/runner/work/key/key/key.core/../key.ui/examples/standard_key/quantifiers/normalisation10.key 
259932     DEBUG main            d.u.i.k.p.i.AbstractProblemLoader Environment load took 86.5ns 
259933     INFO  main            d.u.i.k.p.i.AbstractProblemLoader Creating init config 
262251     DEBUG main            d.u.i.k.p.i.AbstractProblemLoader Init config took 2.32s 
262264     INFO  main            d.u.i.k.p.i.AbstractProblemLoader Replaying proof normalisation10.key 
262266     DEBUG main            d.u.i.k.p.i.IntermediateProofReplayer Proof replay took 6.5ns 
262368     INFO  main            d.u.i.k.p.r.p.TestFile    ... finished proof: closed. 
262728     INFO  main            d.u.i.k.p.i.AbstractProblemLoader Loading environment from /home/runner/work/key/key/key.core/../key.ui/examples/standard_key/quantifiers/normalisation10.key.proof 
262729     DEBUG main            d.u.i.k.p.i.AbstractProblemLoader Environment load took 88.1ns 
262730     INFO  main            d.u.i.k.p.i.AbstractProblemLoader Creating init config 
264991     DEBUG main            d.u.i.k.p.i.AbstractProblemLoader Init config took 2.26s 
265005     INFO  main            d.u.i.k.p.i.AbstractProblemLoader Replaying proof normalisation10.key.proof 
265011     DEBUG main            d.u.i.k.p.i.IntermediateProofReplayer Proof replay took 4.77ms 
265012     DEBUG main            d.u.i.k.p.r.p.TestFile    ... success: reloaded. 
265012     INFO  main            d.u.i.k.p.r.p.TestFile    Now processing file /home/runner/work/key/key/key.core/../key.ui/examples/standard_key/quantifiers/normalisation12.key 
265013     INFO  main            d.u.i.k.p.i.AbstractProblemLoader Loading environment from /home/runner/work/key/key/key.core/../key.ui/examples/standard_key/quantifiers/normalisation12.key 
265013     DEBUG main            d.u.i.k.p.i.AbstractProblemLoader Environment load took 70.7ns 
265014     INFO  main            d.u.i.k.p.i.AbstractProblemLoader Creating init config 
267330     DEBUG main            d.u.i.k.p.i.AbstractProblemLoader Init config took 2.32s 
267345     INFO  main            d.u.i.k.p.i.AbstractProblemLoader Replaying proof normalisation12.key 
267346     DEBUG main            d.u.i.k.p.i.IntermediateProofReplayer Proof replay took 7.1ns 
267448     INFO  main            d.u.i.k.p.r.p.TestFile    ... finished proof: closed. 
267811     INFO  main            d.u.i.k.p.i.AbstractProblemLoader Loading environment from /home/runner/work/key/key/key.core/../key.ui/examples/standard_key/quantifiers/normalisation12.key.proof 
267811     DEBUG main            d.u.i.k.p.i.AbstractProblemLoader Environment load took 87.5ns 
267812     INFO  main            d.u.i.k.p.i.AbstractProblemLoader Creating init config 
270066     DEBUG main            d.u.i.k.p.i.AbstractProblemLoader Init config took 2.25s 
270080     INFO  main            d.u.i.k.p.i.AbstractProblemLoader Replaying proof normalisation12.key.proof 
270082     DEBUG main            d.u.i.k.p.i.IntermediateProofReplayer Proof replay took 1.09ms 
270083     DEBUG main            d.u.i.k.p.r.p.TestFile    ... success: reloaded. 
270083     INFO  main            d.u.i.k.p.r.p.TestFile    Now processing file /home/runner/work/key/key/key.core/../key.ui/examples/standard_key/quantifiers/normalisation13.key 
270084     INFO  main            d.u.i.k.p.i.AbstractProblemLoader Loading environment from /home/runner/work/key/key/key.core/../key.ui/examples/standard_key/quantifiers/normalisation13.key 
270084     DEBUG main            d.u.i.k.p.i.AbstractProblemLoader Environment load took 60.4ns 
270084     INFO  main            d.u.i.k.p.i.AbstractProblemLoader Creating init config 
272388     DEBUG main            d.u.i.k.p.i.AbstractProblemLoader Init config took 2.3s 
272402     INFO  main            d.u.i.k.p.i.AbstractProblemLoader Replaying proof normalisation13.key 
272403     DEBUG main            d.u.i.k.p.i.IntermediateProofReplayer Proof replay took 6.3ns 
272505     INFO  main            d.u.i.k.p.r.p.TestFile    ... finished proof: closed. 
272894     INFO  main            d.u.i.k.p.i.AbstractProblemLoader Loading environment from /home/runner/work/key/key/key.core/../key.ui/examples/standard_key/quantifiers/normalisation13.key.proof 
272894     DEBUG main            d.u.i.k.p.i.AbstractProblemLoader Environment load took 85ns 
272895     INFO  main            d.u.i.k.p.i.AbstractProblemLoader Creating init config 
275167     DEBUG main            d.u.i.k.p.i.AbstractProblemLoader Init config took 2.27s 
275180     INFO  main            d.u.i.k.p.i.AbstractProblemLoader Replaying proof normalisation13.key.proof 
275182     DEBUG main            d.u.i.k.p.i.IntermediateProofReplayer Proof replay took 543.61ns 
275183     DEBUG main            d.u.i.k.p.r.p.TestFile    ... success: reloaded. 
275183     INFO  main            d.u.i.k.p.r.p.TestFile    Now processing file /home/runner/work/key/key/key.core/../key.ui/examples/standard_key/quantifiers/triggers0.key 
275184     INFO  main            d.u.i.k.p.i.AbstractProblemLoader Loading environment from /home/runner/work/key/key/key.core/../key.ui/examples/standard_key/quantifiers/triggers0.key 
275184     DEBUG main            d.u.i.k.p.i.AbstractProblemLoader Environment load took 77.3ns 
275184     INFO  main            d.u.i.k.p.i.AbstractProblemLoader Creating init config 
277486     DEBUG main            d.u.i.k.p.i.AbstractProblemLoader Init config took 2.3s 
277499     INFO  main            d.u.i.k.p.i.AbstractProblemLoader Replaying proof triggers0.key 
277500     DEBUG main            d.u.i.k.p.i.IntermediateProofReplayer Proof replay took 5.9ns 
277602     INFO  main            d.u.i.k.p.r.p.TestFile    ... finished proof: closed. 
277977     INFO  main            d.u.i.k.p.i.AbstractProblemLoader Loading environment from /home/runner/work/key/key/key.core/../key.ui/examples/standard_key/quantifiers/triggers0.key.proof 
277977     DEBUG main            d.u.i.k.p.i.AbstractProblemLoader Environment load took 94.7ns 
277978     INFO  main            d.u.i.k.p.i.AbstractProblemLoader Creating init config 
280257     DEBUG main            d.u.i.k.p.i.AbstractProblemLoader Init config took 2.28s 
280270     INFO  main            d.u.i.k.p.i.AbstractProblemLoader Replaying proof triggers0.key.proof 
280275     DEBUG main            d.u.i.k.p.i.IntermediateProofReplayer Proof replay took 3.64ms 
280276     DEBUG main            d.u.i.k.p.r.p.TestFile    ... success: reloaded. 
3824838    INFO  Test worker     d.u.i.k.p.r.RunAllProofsTestUnit Returning from test FOL 
3824840    INFO  Test worker     d.u.i.k.p.r.RunAllProofsTestUnit Running test strings 
343        INFO  Timeout watchdog d.u.i.k.p.r.p.ForkedTestFileRunner Timeout watcher launched (2000 secs.) 
360        WARN  main            d.u.i.k.s.ProofSettings   The settings in /home/runner/.key/proof-settings.props are *not* read. 
389        INFO  main            d.u.i.k.p.r.p.TestFile    Now processing file /home/runner/work/key/key/key.core/../key.ui/examples/standard_key/strings/charAt0.key 
494        INFO  main            d.u.i.k.p.i.AbstractProblemLoader Loading environment from /home/runner/work/key/key/key.core/../key.ui/examples/standard_key/strings/charAt0.key 
515        DEBUG main            d.u.i.k.p.i.AbstractProblemLoader Environment load took 2.05ms 
751        INFO  main            d.u.i.k.p.i.AbstractProblemLoader Creating init config 
1647       DEBUG main            d.u.i.k.j.TypeConverter   No LDT found for Meta 
1647       DEBUG main            d.u.i.k.j.TypeConverter   No LDT found for Meta 
1650       DEBUG main            d.u.i.k.j.TypeConverter   No LDT found for Meta 
1650       DEBUG main            d.u.i.k.j.TypeConverter   No LDT found for Meta 
3031       DEBUG main            d.u.i.k.j.TypeConverter   No LDT found for JavaBigintExpression 
7763       DEBUG main            d.u.i.k.p.i.AbstractProblemLoader Init config took 7.01s 
7841       INFO  main            d.u.i.k.p.i.AbstractProblemLoader Replaying proof charAt0.key 
7881       DEBUG main            d.u.i.k.p.i.IntermediateProofReplayer Proof replay took 36.8ns 
8266       INFO  main            d.u.i.k.p.r.p.TestFile    ... finished proof: closed. 
8367       INFO  main            d.u.i.k.p.i.AbstractProblemLoader Loading environment from /home/runner/work/key/key/key.core/../key.ui/examples/standard_key/strings/charAt0.key.proof 
8367       DEBUG main            d.u.i.k.p.i.AbstractProblemLoader Environment load took 153.3ns 
8372       INFO  main            d.u.i.k.p.i.AbstractProblemLoader Creating init config 
11229      DEBUG main            d.u.i.k.p.i.AbstractProblemLoader Init config took 2.86s 
11260      INFO  main            d.u.i.k.p.i.AbstractProblemLoader Replaying proof charAt0.key.proof 
11281      DEBUG main            d.u.i.k.p.i.IntermediateProofReplayer Proof replay took 16.89ms 
11292      DEBUG main            d.u.i.k.p.r.p.TestFile    ... success: reloaded. 
11293      INFO  main            d.u.i.k.p.r.p.TestFile    Now processing file /home/runner/work/key/key/key.core/../key.ui/examples/standard_key/strings/charAt1.key 
11294      INFO  main            d.u.i.k.p.i.AbstractProblemLoader Loading environment from /home/runner/work/key/key/key.core/../key.ui/examples/standard_key/strings/charAt1.key 
11294      DEBUG main            d.u.i.k.p.i.AbstractProblemLoader Environment load took 197.3ns 
11296      INFO  main            d.u.i.k.p.i.AbstractProblemLoader Creating init config 
14025      DEBUG main            d.u.i.k.p.i.AbstractProblemLoader Init config took 2.73s 
14068      INFO  main            d.u.i.k.p.i.AbstractProblemLoader Replaying proof charAt1.key 
14070      DEBUG main            d.u.i.k.p.i.IntermediateProofReplayer Proof replay took 6.8ns 
14173      INFO  main            d.u.i.k.p.r.p.TestFile    ... finished proof: closed. 
14294      INFO  main            d.u.i.k.p.i.AbstractProblemLoader Loading environment from /home/runner/work/key/key/key.core/../key.ui/examples/standard_key/strings/charAt1.key.proof 
14295      DEBUG main            d.u.i.k.p.i.AbstractProblemLoader Environment load took 509.41ns 
14297      INFO  main            d.u.i.k.p.i.AbstractProblemLoader Creating init config 
16988      DEBUG main            d.u.i.k.p.i.AbstractProblemLoader Init config took 2.69s 
17011      INFO  main            d.u.i.k.p.i.AbstractProblemLoader Replaying proof charAt1.key.proof 
17030      DEBUG main            d.u.i.k.p.i.IntermediateProofReplayer Proof replay took 15.45ms 
17031      DEBUG main            d.u.i.k.p.r.p.TestFile    ... success: reloaded. 
17032      INFO  main            d.u.i.k.p.r.p.TestFile    Now processing file /home/runner/work/key/key/key.core/../key.ui/examples/standard_key/strings/concat1.key 
17032      INFO  main            d.u.i.k.p.i.AbstractProblemLoader Loading environment from /home/runner/work/key/key/key.core/../key.ui/examples/standard_key/strings/concat1.key 
17032      DEBUG main            d.u.i.k.p.i.AbstractProblemLoader Environment load took 181.7ns 
17034      INFO  main            d.u.i.k.p.i.AbstractProblemLoader Creating init config 
19669      DEBUG main            d.u.i.k.p.i.AbstractProblemLoader Init config took 2.64s 
19690      INFO  main            d.u.i.k.p.i.AbstractProblemLoader Replaying proof concat1.key 
19692      DEBUG main            d.u.i.k.p.i.IntermediateProofReplayer Proof replay took 5.5ns 
19796      INFO  main            d.u.i.k.p.r.p.TestFile    ... finished proof: closed. 
19929      INFO  main            d.u.i.k.p.i.AbstractProblemLoader Loading environment from /home/runner/work/key/key/key.core/../key.ui/examples/standard_key/strings/concat1.key.proof 
19929      DEBUG main            d.u.i.k.p.i.AbstractProblemLoader Environment load took 135.4ns 
19930      INFO  main            d.u.i.k.p.i.AbstractProblemLoader Creating init config 
22575      DEBUG main            d.u.i.k.p.i.AbstractProblemLoader Init config took 2.64s 
22594      INFO  main            d.u.i.k.p.i.AbstractProblemLoader Replaying proof concat1.key.proof 
22598      DEBUG main            d.u.i.k.p.i.IntermediateProofReplayer Proof replay took 1.48ms 
22599      DEBUG main            d.u.i.k.p.r.p.TestFile    ... success: reloaded. 
22600      INFO  main            d.u.i.k.p.r.p.TestFile    Now processing file /home/runner/work/key/key/key.core/../key.ui/examples/standard_key/strings/concat2.key 
22600      INFO  main            d.u.i.k.p.i.AbstractProblemLoader Loading environment from /home/runner/work/key/key/key.core/../key.ui/examples/standard_key/strings/concat2.key 
22600      DEBUG main            d.u.i.k.p.i.AbstractProblemLoader Environment load took 173ns 
22602      INFO  main            d.u.i.k.p.i.AbstractProblemLoader Creating init config 
25226      DEBUG main            d.u.i.k.p.i.AbstractProblemLoader Init config took 2.62s 
25253      INFO  main            d.u.i.k.p.i.AbstractProblemLoader Replaying proof concat2.key 
25255      DEBUG main            d.u.i.k.p.i.IntermediateProofReplayer Proof replay took 6ns 
25360      INFO  main            d.u.i.k.p.r.p.TestFile    ... finished proof: closed. 
25501      INFO  main            d.u.i.k.p.i.AbstractProblemLoader Loading environment from /home/runner/work/key/key/key.core/../key.ui/examples/standard_key/strings/concat2.key.proof 
25501      DEBUG main            d.u.i.k.p.i.AbstractProblemLoader Environment load took 125ns 
25502      INFO  main            d.u.i.k.p.i.AbstractProblemLoader Creating init config 
28117      DEBUG main            d.u.i.k.p.i.AbstractProblemLoader Init config took 2.61s 
28137      INFO  main            d.u.i.k.p.i.AbstractProblemLoader Replaying proof concat2.key.proof 
28148      DEBUG main            d.u.i.k.p.i.IntermediateProofReplayer Proof replay took 9.22ms 
28149      DEBUG main            d.u.i.k.p.r.p.TestFile    ... success: reloaded. 
28150      INFO  main            d.u.i.k.p.r.p.TestFile    Now processing file /home/runner/work/key/key/key.core/../key.ui/examples/standard_key/strings/deriveLength1.key 
28151      INFO  main            d.u.i.k.p.i.AbstractProblemLoader Loading environment from /home/runner/work/key/key/key.core/../key.ui/examples/standard_key/strings/deriveLength1.key 
28151      DEBUG main            d.u.i.k.p.i.AbstractProblemLoader Environment load took 183.1ns 
28152      INFO  main            d.u.i.k.p.i.AbstractProblemLoader Creating init config 
30762      DEBUG main            d.u.i.k.p.i.AbstractProblemLoader Init config took 2.61s 
30782      INFO  main            d.u.i.k.p.i.AbstractProblemLoader Replaying proof deriveLength1.key 
30783      DEBUG main            d.u.i.k.p.i.IntermediateProofReplayer Proof replay took 6.6ns 
30888      INFO  main            d.u.i.k.p.r.p.TestFile    ... finished proof: closed. 
31042      INFO  main            d.u.i.k.p.i.AbstractProblemLoader Loading environment from /home/runner/work/key/key/key.core/../key.ui/examples/standard_key/strings/deriveLength1.key.proof 
31042      DEBUG main            d.u.i.k.p.i.AbstractProblemLoader Environment load took 125.6ns 
31043      INFO  main            d.u.i.k.p.i.AbstractProblemLoader Creating init config 
33670      DEBUG main            d.u.i.k.p.i.AbstractProblemLoader Init config took 2.63s 
33698      INFO  main            d.u.i.k.p.i.AbstractProblemLoader Replaying proof deriveLength1.key.proof 
33708      DEBUG main            d.u.i.k.p.i.IntermediateProofReplayer Proof replay took 8.61ms 
33709      DEBUG main            d.u.i.k.p.r.p.TestFile    ... success: reloaded. 
33710      INFO  main            d.u.i.k.p.r.p.TestFile    Now processing file /home/runner/work/key/key/key.core/../key.ui/examples/standard_key/strings/emptyStringLengthZero.key 
33710      INFO  main            d.u.i.k.p.i.AbstractProblemLoader Loading environment from /home/runner/work/key/key/key.core/../key.ui/examples/standard_key/strings/emptyStringLengthZero.key 
33710      DEBUG main            d.u.i.k.p.i.AbstractProblemLoader Environment load took 100ns 
33711      INFO  main            d.u.i.k.p.i.AbstractProblemLoader Creating init config 
36280      DEBUG main            d.u.i.k.p.i.AbstractProblemLoader Init config took 2.57s 
36300      INFO  main            d.u.i.k.p.i.AbstractProblemLoader Replaying proof emptyStringLengthZero.key 
36301      DEBUG main            d.u.i.k.p.i.IntermediateProofReplayer Proof replay took 7.2ns 
36404      INFO  main            d.u.i.k.p.r.p.TestFile    ... finished proof: closed. 
36562      INFO  main            d.u.i.k.p.i.AbstractProblemLoader Loading environment from /home/runner/work/key/key/key.core/../key.ui/examples/standard_key/strings/emptyStringLengthZero.key.proof 
36562      DEBUG main            d.u.i.k.p.i.AbstractProblemLoader Environment load took 165.5ns 
36563      INFO  main            d.u.i.k.p.i.AbstractProblemLoader Creating init config 
39133      DEBUG main            d.u.i.k.p.i.AbstractProblemLoader Init config took 2.57s 
39152      INFO  main            d.u.i.k.p.i.AbstractProblemLoader Replaying proof emptyStringLengthZero.key.proof 
39157      DEBUG main            d.u.i.k.p.i.IntermediateProofReplayer Proof replay took 3.25ms 
39158      DEBUG main            d.u.i.k.p.r.p.TestFile    ... success: reloaded. 
39159      INFO  main            d.u.i.k.p.r.p.TestFile    Now processing file /home/runner/work/key/key/key.core/../key.ui/examples/standard_key/strings/implicitBooleanStringConversion.key 
39160      INFO  main            d.u.i.k.p.i.AbstractProblemLoader Loading environment from /home/runner/work/key/key/key.core/../key.ui/examples/standard_key/strings/implicitBooleanStringConversion.key 
39160      DEBUG main            d.u.i.k.p.i.AbstractProblemLoader Environment load took 179ns 
39161      INFO  main            d.u.i.k.p.i.AbstractProblemLoader Creating init config 
41753      DEBUG main            d.u.i.k.p.i.AbstractProblemLoader Init config took 2.59s 
41774      INFO  main            d.u.i.k.p.i.AbstractProblemLoader Replaying proof implicitBooleanStringConversion.key 
41777      DEBUG main            d.u.i.k.p.i.IntermediateProofReplayer Proof replay took 6.7ns 
42608      INFO  main            d.u.i.k.p.r.p.TestFile    ... finished proof: closed. 
42791      INFO  main            d.u.i.k.p.i.AbstractProblemLoader Loading environment from /home/runner/work/key/key/key.core/../key.ui/examples/standard_key/strings/implicitBooleanStringConversion.key.proof 
42791      DEBUG main            d.u.i.k.p.i.AbstractProblemLoader Environment load took 374.61ns 
42793      INFO  main            d.u.i.k.p.i.AbstractProblemLoader Creating init config 
45332      DEBUG main            d.u.i.k.p.i.AbstractProblemLoader Init config took 2.54s 
45351      INFO  main            d.u.i.k.p.i.AbstractProblemLoader Replaying proof implicitBooleanStringConversion.key.proof 
45442      DEBUG main            d.u.i.k.p.i.IntermediateProofReplayer Proof replay took 83.58ms 
45443      DEBUG main            d.u.i.k.p.r.p.TestFile    ... success: reloaded. 
45444      INFO  main            d.u.i.k.p.r.p.TestFile    Now processing file /home/runner/work/key/key/key.core/../key.ui/examples/standard_key/strings/implicitBooleanStringConversion2.key 
45444      INFO  main            d.u.i.k.p.i.AbstractProblemLoader Loading environment from /home/runner/work/key/key/key.core/../key.ui/examples/standard_key/strings/implicitBooleanStringConversion2.key 
45444      DEBUG main            d.u.i.k.p.i.AbstractProblemLoader Environment load took 170.1ns 
45445      INFO  main            d.u.i.k.p.i.AbstractProblemLoader Creating init config 
48012      DEBUG main            d.u.i.k.p.i.AbstractProblemLoader Init config took 2.57s 
48031      INFO  main            d.u.i.k.p.i.AbstractProblemLoader Replaying proof implicitBooleanStringConversion2.key 
48032      DEBUG main            d.u.i.k.p.i.IntermediateProofReplayer Proof replay took 6.7ns 
48337      INFO  main            d.u.i.k.p.r.p.TestFile    ... finished proof: closed. 
48541      INFO  main            d.u.i.k.p.i.AbstractProblemLoader Loading environment from /home/runner/work/key/key/key.core/../key.ui/examples/standard_key/strings/implicitBooleanStringConversion2.key.proof 
48542      DEBUG main            d.u.i.k.p.i.AbstractProblemLoader Environment load took 352.41ns 
48543      INFO  main            d.u.i.k.p.i.AbstractProblemLoader Creating init config 
51049      DEBUG main            d.u.i.k.p.i.AbstractProblemLoader Init config took 2.51s 
51068      INFO  main            d.u.i.k.p.i.AbstractProblemLoader Replaying proof implicitBooleanStringConversion2.key.proof 
51102      DEBUG main            d.u.i.k.p.i.IntermediateProofReplayer Proof replay took 30.81ms 
51104      DEBUG main            d.u.i.k.p.r.p.TestFile    ... success: reloaded. 
51104      INFO  main            d.u.i.k.p.r.p.TestFile    Now processing file /home/runner/work/key/key/key.core/../key.ui/examples/standard_key/strings/implicitIntStringConversion.key 
51105      INFO  main            d.u.i.k.p.i.AbstractProblemLoader Loading environment from /home/runner/work/key/key/key.core/../key.ui/examples/standard_key/strings/implicitIntStringConversion.key 
51105      DEBUG main            d.u.i.k.p.i.AbstractProblemLoader Environment load took 190.1ns 
51106      INFO  main            d.u.i.k.p.i.AbstractProblemLoader Creating init config 
53702      DEBUG main            d.u.i.k.p.i.AbstractProblemLoader Init config took 2.6s 
53730      INFO  main            d.u.i.k.p.i.AbstractProblemLoader Replaying proof implicitIntStringConversion.key 
53733      DEBUG main            d.u.i.k.p.i.IntermediateProofReplayer Proof replay took 6.6ns 
54337      INFO  main            d.u.i.k.p.r.p.TestFile    ... finished proof: closed. 
54534      INFO  main            d.u.i.k.p.i.AbstractProblemLoader Loading environment from /home/runner/work/key/key/key.core/../key.ui/examples/standard_key/strings/implicitIntStringConversion.key.proof 
54534      DEBUG main            d.u.i.k.p.i.AbstractProblemLoader Environment load took 462.4ns 
54536      INFO  main            d.u.i.k.p.i.AbstractProblemLoader Creating init config 
57065      DEBUG main            d.u.i.k.p.i.AbstractProblemLoader Init config took 2.53s 
57083      INFO  main            d.u.i.k.p.i.AbstractProblemLoader Replaying proof implicitIntStringConversion.key.proof 
57146      DEBUG main            d.u.i.k.p.i.IntermediateProofReplayer Proof replay took 58.46ms 
57147      DEBUG main            d.u.i.k.p.r.p.TestFile    ... success: reloaded. 
57148      INFO  main            d.u.i.k.p.r.p.TestFile    Now processing file /home/runner/work/key/key/key.core/../key.ui/examples/standard_key/strings/implicitNullStringConversion.key 
57148      INFO  main            d.u.i.k.p.i.AbstractProblemLoader Loading environment from /home/runner/work/key/key/key.core/../key.ui/examples/standard_key/strings/implicitNullStringConversion.key 
57148      DEBUG main            d.u.i.k.p.i.AbstractProblemLoader Environment load took 94.3ns 
57149      INFO  main            d.u.i.k.p.i.AbstractProblemLoader Creating init config 
59676      DEBUG main            d.u.i.k.p.i.AbstractProblemLoader Init config took 2.53s 
59693      INFO  main            d.u.i.k.p.i.AbstractProblemLoader Replaying proof implicitNullStringConversion.key 
59694      DEBUG main            d.u.i.k.p.i.IntermediateProofReplayer Proof replay took 7ns 
59900      INFO  main            d.u.i.k.p.r.p.TestFile    ... finished proof: closed. 
60117      INFO  main            d.u.i.k.p.i.AbstractProblemLoader Loading environment from /home/runner/work/key/key/key.core/../key.ui/examples/standard_key/strings/implicitNullStringConversion.key.proof 
60117      DEBUG main            d.u.i.k.p.i.AbstractProblemLoader Environment load took 128.6ns 
60118      INFO  main            d.u.i.k.p.i.AbstractProblemLoader Creating init config 
62646      DEBUG main            d.u.i.k.p.i.AbstractProblemLoader Init config took 2.53s 
62664      INFO  main            d.u.i.k.p.i.AbstractProblemLoader Replaying proof implicitNullStringConversion.key.proof 
62694      DEBUG main            d.u.i.k.p.i.IntermediateProofReplayer Proof replay took 27.06ms 
62695      DEBUG main            d.u.i.k.p.r.p.TestFile    ... success: reloaded. 
62696      INFO  main            d.u.i.k.p.r.p.TestFile    Now processing file /home/runner/work/key/key/key.core/../key.ui/examples/standard_key/strings/implicitNullStringConversion2.key 
62696      INFO  main            d.u.i.k.p.i.AbstractProblemLoader Loading environment from /home/runner/work/key/key/key.core/../key.ui/examples/standard_key/strings/implicitNullStringConversion2.key 
62696      DEBUG main            d.u.i.k.p.i.AbstractProblemLoader Environment load took 176.1ns 
62697      INFO  main            d.u.i.k.p.i.AbstractProblemLoader Creating init config 
65257      DEBUG main            d.u.i.k.p.i.AbstractProblemLoader Init config took 2.56s 
65273      INFO  main            d.u.i.k.p.i.AbstractProblemLoader Replaying proof implicitNullStringConversion2.key 
65274      DEBUG main            d.u.i.k.p.i.IntermediateProofReplayer Proof replay took 6.6ns 
65481      INFO  main            d.u.i.k.p.r.p.TestFile    ... finished proof: closed. 
65691      INFO  main            d.u.i.k.p.i.AbstractProblemLoader Loading environment from /home/runner/work/key/key/key.core/../key.ui/examples/standard_key/strings/implicitNullStringConversion2.key.proof 
65691      DEBUG main            d.u.i.k.p.i.AbstractProblemLoader Environment load took 122.6ns 
65692      INFO  main            d.u.i.k.p.i.AbstractProblemLoader Creating init config 
68205      DEBUG main            d.u.i.k.p.i.AbstractProblemLoader Init config took 2.51s 
68222      INFO  main            d.u.i.k.p.i.AbstractProblemLoader Replaying proof implicitNullStringConversion2.key.proof 
68244      DEBUG main            d.u.i.k.p.i.IntermediateProofReplayer Proof replay took 19.34ms 
68245      DEBUG main            d.u.i.k.p.r.p.TestFile    ... success: reloaded. 
68246      INFO  main            d.u.i.k.p.r.p.TestFile    Now processing file /home/runner/work/key/key/key.core/../key.ui/examples/standard_key/strings/implicitObjectStringConversion.key 
68246      INFO  main            d.u.i.k.p.i.AbstractProblemLoader Loading environment from /home/runner/work/key/key/key.core/../key.ui/examples/standard_key/strings/implicitObjectStringConversion.key 
68246      DEBUG main            d.u.i.k.p.i.AbstractProblemLoader Environment load took 180.8ns 
68247      INFO  main            d.u.i.k.p.i.AbstractProblemLoader Creating init config 
71007      DEBUG main            d.u.i.k.p.i.AbstractProblemLoader Init config took 2.76s 
71024      INFO  main            d.u.i.k.p.i.AbstractProblemLoader Replaying proof implicitObjectStringConversion.key 
71025      DEBUG main            d.u.i.k.p.i.IntermediateProofReplayer Proof replay took 6.9ns 
71532      INFO  main            d.u.i.k.p.r.p.TestFile    ... finished proof: closed. 
71821      INFO  main            d.u.i.k.p.i.AbstractProblemLoader Loading environment from /home/runner/work/key/key/key.core/../key.ui/examples/standard_key/strings/implicitObjectStringConversion.key.proof 
71822      DEBUG main            d.u.i.k.p.i.AbstractProblemLoader Environment load took 1.2ms 
71824      INFO  main            d.u.i.k.p.i.AbstractProblemLoader Creating init config 
74560      DEBUG main            d.u.i.k.p.i.AbstractProblemLoader Init config took 2.74s 
74580      INFO  main            d.u.i.k.p.i.AbstractProblemLoader Replaying proof implicitObjectStringConversion.key.proof 
74633      DEBUG main            d.u.i.k.p.i.IntermediateProofReplayer Proof replay took 49.63ms 
74635      DEBUG main            d.u.i.k.p.r.p.TestFile    ... success: reloaded. 
74635      INFO  main            d.u.i.k.p.r.p.TestFile    Now processing file /home/runner/work/key/key/key.core/../key.ui/examples/standard_key/strings/literalEquality.key 
74636      INFO  main            d.u.i.k.p.i.AbstractProblemLoader Loading environment from /home/runner/work/key/key/key.core/../key.ui/examples/standard_key/strings/literalEquality.key 
74636      DEBUG main            d.u.i.k.p.i.AbstractProblemLoader Environment load took 94.6ns 
74636      INFO  main            d.u.i.k.p.i.AbstractProblemLoader Creating init config 
77135      DEBUG main            d.u.i.k.p.i.AbstractProblemLoader Init config took 2.5s 
77152      INFO  main            d.u.i.k.p.i.AbstractProblemLoader Replaying proof literalEquality.key 
77153      DEBUG main            d.u.i.k.p.i.IntermediateProofReplayer Proof replay took 7.1ns 
77255      INFO  main            d.u.i.k.p.r.p.TestFile    ... finished proof: closed. 
77454      INFO  main            d.u.i.k.p.i.AbstractProblemLoader Loading environment from /home/runner/work/key/key/key.core/../key.ui/examples/standard_key/strings/literalEquality.key.proof 
77454      DEBUG main            d.u.i.k.p.i.AbstractProblemLoader Environment load took 119.7ns 
77455      INFO  main            d.u.i.k.p.i.AbstractProblemLoader Creating init config 
79951      DEBUG main            d.u.i.k.p.i.AbstractProblemLoader Init config took 2.5s 
79966      INFO  main            d.u.i.k.p.i.AbstractProblemLoader Replaying proof literalEquality.key.proof 
79970      DEBUG main            d.u.i.k.p.i.IntermediateProofReplayer Proof replay took 1.92ms 
79971      DEBUG main            d.u.i.k.p.r.p.TestFile    ... success: reloaded. 
79971      INFO  main            d.u.i.k.p.r.p.TestFile    Now processing file /home/runner/work/key/key/key.core/../key.ui/examples/standard_key/strings/replace0.key 
79972      INFO  main            d.u.i.k.p.i.AbstractProblemLoader Loading environment from /home/runner/work/key/key/key.core/../key.ui/examples/standard_key/strings/replace0.key 
79972      DEBUG main            d.u.i.k.p.i.AbstractProblemLoader Environment load took 170.3ns 
79973      INFO  main            d.u.i.k.p.i.AbstractProblemLoader Creating init config 
82525      DEBUG main            d.u.i.k.p.i.AbstractProblemLoader Init config took 2.55s 
82540      INFO  main            d.u.i.k.p.i.AbstractProblemLoader Replaying proof replace0.key 
82541      DEBUG main            d.u.i.k.p.i.IntermediateProofReplayer Proof replay took 6.2ns 
82644      INFO  main            d.u.i.k.p.r.p.TestFile    ... finished proof: closed. 
82854      INFO  main            d.u.i.k.p.i.AbstractProblemLoader Loading environment from /home/runner/work/key/key/key.core/../key.ui/examples/standard_key/strings/replace0.key.proof 
82855      DEBUG main            d.u.i.k.p.i.AbstractProblemLoader Environment load took 123.3ns 
82856      INFO  main            d.u.i.k.p.i.AbstractProblemLoader Creating init config 
85337      DEBUG main            d.u.i.k.p.i.AbstractProblemLoader Init config took 2.48s 
85352      INFO  main            d.u.i.k.p.i.AbstractProblemLoader Replaying proof replace0.key.proof 
85358      DEBUG main            d.u.i.k.p.i.IntermediateProofReplayer Proof replay took 3.99ms 
85359      DEBUG main            d.u.i.k.p.r.p.TestFile    ... success: reloaded. 
85359      INFO  main            d.u.i.k.p.r.p.TestFile    Now processing file /home/runner/work/key/key/key.core/../key.ui/examples/standard_key/strings/replace1.key 
85360      INFO  main            d.u.i.k.p.i.AbstractProblemLoader Loading environment from /home/runner/work/key/key/key.core/../key.ui/examples/standard_key/strings/replace1.key 
85360      DEBUG main            d.u.i.k.p.i.AbstractProblemLoader Environment load took 91.8ns 
85361      INFO  main            d.u.i.k.p.i.AbstractProblemLoader Creating init config 
87850      DEBUG main            d.u.i.k.p.i.AbstractProblemLoader Init config took 2.49s 
87864      INFO  main            d.u.i.k.p.i.AbstractProblemLoader Replaying proof replace1.key 
87865      DEBUG main            d.u.i.k.p.i.IntermediateProofReplayer Proof replay took 6.4ns 
87968      INFO  main            d.u.i.k.p.r.p.TestFile    ... finished proof: closed. 
88171      INFO  main            d.u.i.k.p.i.AbstractProblemLoader Loading environment from /home/runner/work/key/key/key.core/../key.ui/examples/standard_key/strings/replace1.key.proof 
88172      DEBUG main            d.u.i.k.p.i.AbstractProblemLoader Environment load took 123.2ns 
88173      INFO  main            d.u.i.k.p.i.AbstractProblemLoader Creating init config 
90678      DEBUG main            d.u.i.k.p.i.AbstractProblemLoader Init config took 2.51s 
90694      INFO  main            d.u.i.k.p.i.AbstractProblemLoader Replaying proof replace1.key.proof 
90702      DEBUG main            d.u.i.k.p.i.IntermediateProofReplayer Proof replay took 6.2ms 
90702      DEBUG main            d.u.i.k.p.r.p.TestFile    ... success: reloaded. 
90703      INFO  main            d.u.i.k.p.r.p.TestFile    Now processing file /home/runner/work/key/key/key.core/../key.ui/examples/standard_key/strings/simpleAssignment.key 
90703      INFO  main            d.u.i.k.p.i.AbstractProblemLoader Loading environment from /home/runner/work/key/key/key.core/../key.ui/examples/standard_key/strings/simpleAssignment.key 
90703      DEBUG main            d.u.i.k.p.i.AbstractProblemLoader Environment load took 93.9ns 
90704      INFO  main            d.u.i.k.p.i.AbstractProblemLoader Creating init config 
93188      DEBUG main            d.u.i.k.p.i.AbstractProblemLoader Init config took 2.48s 
93203      INFO  main            d.u.i.k.p.i.AbstractProblemLoader Replaying proof simpleAssignment.key 
93204      DEBUG main            d.u.i.k.p.i.IntermediateProofReplayer Proof replay took 6.8ns 
93306      INFO  main            d.u.i.k.p.r.p.TestFile    ... finished proof: closed. 
93533      INFO  main            d.u.i.k.p.i.AbstractProblemLoader Loading environment from /home/runner/work/key/key/key.core/../key.ui/examples/standard_key/strings/simpleAssignment.key.proof 
93533      DEBUG main            d.u.i.k.p.i.AbstractProblemLoader Environment load took 123.6ns 
93535      INFO  main            d.u.i.k.p.i.AbstractProblemLoader Creating init config 
96023      DEBUG main            d.u.i.k.p.i.AbstractProblemLoader Init config took 2.49s 
96040      INFO  main            d.u.i.k.p.i.AbstractProblemLoader Replaying proof simpleAssignment.key.proof 
96046      DEBUG main            d.u.i.k.p.i.IntermediateProofReplayer Proof replay took 1.3ms 
96048      DEBUG main            d.u.i.k.p.r.p.TestFile    ... success: reloaded. 
96048      INFO  main            d.u.i.k.p.r.p.TestFile    Now processing file /home/runner/work/key/key/key.core/../key.ui/examples/standard_key/strings/simpleLengthComp.key 
96049      INFO  main            d.u.i.k.p.i.AbstractProblemLoader Loading environment from /home/runner/work/key/key/key.core/../key.ui/examples/standard_key/strings/simpleLengthComp.key 
96049      DEBUG main            d.u.i.k.p.i.AbstractProblemLoader Environment load took 176ns 
96050      INFO  main            d.u.i.k.p.i.AbstractProblemLoader Creating init config 
98582      DEBUG main            d.u.i.k.p.i.AbstractProblemLoader Init config took 2.53s 
98597      INFO  main            d.u.i.k.p.i.AbstractProblemLoader Replaying proof simpleLengthComp.key 
98600      DEBUG main            d.u.i.k.p.i.IntermediateProofReplayer Proof replay took 6.4ns 
98803      INFO  main            d.u.i.k.p.r.p.TestFile    ... finished proof: closed. 
99099      INFO  main            d.u.i.k.p.i.AbstractProblemLoader Loading environment from /home/runner/work/key/key/key.core/../key.ui/examples/standard_key/strings/simpleLengthComp.key.proof 
99099      DEBUG main            d.u.i.k.p.i.AbstractProblemLoader Environment load took 158.1ns 
99100      INFO  main            d.u.i.k.p.i.AbstractProblemLoader Creating init config 
101581     DEBUG main            d.u.i.k.p.i.AbstractProblemLoader Init config took 2.48s 
101598     INFO  main            d.u.i.k.p.i.AbstractProblemLoader Replaying proof simpleLengthComp.key.proof 
101628     DEBUG main            d.u.i.k.p.i.IntermediateProofReplayer Proof replay took 25.18ms 
101630     DEBUG main            d.u.i.k.p.r.p.TestFile    ... success: reloaded. 
101632     INFO  main            d.u.i.k.p.r.p.TestFile    Now processing file /home/runner/work/key/key/key.core/../key.ui/examples/standard_key/strings/stringCompileTimeConstant1.key 
101632     INFO  main            d.u.i.k.p.i.AbstractProblemLoader Loading environment from /home/runner/work/key/key/key.core/../key.ui/examples/standard_key/strings/stringCompileTimeConstant1.key 
101632     DEBUG main            d.u.i.k.p.i.AbstractProblemLoader Environment load took 172.7ns 
101633     INFO  main            d.u.i.k.p.i.AbstractProblemLoader Creating init config 
104172     DEBUG main            d.u.i.k.p.i.AbstractProblemLoader Init config took 2.54s 
104187     INFO  main            d.u.i.k.p.i.AbstractProblemLoader Replaying proof stringCompileTimeConstant1.key 
104188     DEBUG main            d.u.i.k.p.i.IntermediateProofReplayer Proof replay took 6.1ns 
104290     INFO  main            d.u.i.k.p.r.p.TestFile    ... finished proof: closed. 
104515     INFO  main            d.u.i.k.p.i.AbstractProblemLoader Loading environment from /home/runner/work/key/key/key.core/../key.ui/examples/standard_key/strings/stringCompileTimeConstant1.key.proof 
104515     DEBUG main            d.u.i.k.p.i.AbstractProblemLoader Environment load took 113.3ns 
104516     INFO  main            d.u.i.k.p.i.AbstractProblemLoader Creating init config 
106998     DEBUG main            d.u.i.k.p.i.AbstractProblemLoader Init config took 2.48s 
107013     INFO  main            d.u.i.k.p.i.AbstractProblemLoader Replaying proof stringCompileTimeConstant1.key.proof 
107019     DEBUG main            d.u.i.k.p.i.IntermediateProofReplayer Proof replay took 3.55ms 
107020     DEBUG main            d.u.i.k.p.r.p.TestFile    ... success: reloaded. 
107020     INFO  main            d.u.i.k.p.r.p.TestFile    Now processing file /home/runner/work/key/key/key.core/../key.ui/examples/standard_key/strings/stringCompileTimeConstant2.key 
107020     INFO  main            d.u.i.k.p.i.AbstractProblemLoader Loading environment from /home/runner/work/key/key/key.core/../key.ui/examples/standard_key/strings/stringCompileTimeConstant2.key 
107021     DEBUG main            d.u.i.k.p.i.AbstractProblemLoader Environment load took 90.2ns 
107021     INFO  main            d.u.i.k.p.i.AbstractProblemLoader Creating init config 
109685     DEBUG main            d.u.i.k.p.i.AbstractProblemLoader Init config took 2.66s 
109700     INFO  main            d.u.i.k.p.i.AbstractProblemLoader Replaying proof stringCompileTimeConstant2.key 
109702     DEBUG main            d.u.i.k.p.i.IntermediateProofReplayer Proof replay took 6.8ns 
112754     INFO  main            d.u.i.k.p.r.p.TestFile    ... finished proof: closed. 
113035     INFO  main            d.u.i.k.p.i.AbstractProblemLoader Loading environment from /home/runner/work/key/key/key.core/../key.ui/examples/standard_key/strings/stringCompileTimeConstant2.key.proof 
113035     DEBUG main            d.u.i.k.p.i.AbstractProblemLoader Environment load took 108.1ns 
113036     INFO  main            d.u.i.k.p.i.AbstractProblemLoader Creating init config 
115636     DEBUG main            d.u.i.k.p.i.AbstractProblemLoader Init config took 2.6s 
115651     INFO  main            d.u.i.k.p.i.AbstractProblemLoader Replaying proof stringCompileTimeConstant2.key.proof 
115968     DEBUG main            d.u.i.k.p.i.IntermediateProofReplayer Proof replay took 307.28ms 
115970     DEBUG main            d.u.i.k.p.r.p.TestFile    ... success: reloaded. 
115971     INFO  main            d.u.i.k.p.r.p.TestFile    Now processing file /home/runner/work/key/key/key.core/../key.ui/examples/standard_key/strings/stringEquality1.key 
115971     INFO  main            d.u.i.k.p.i.AbstractProblemLoader Loading environment from /home/runner/work/key/key/key.core/../key.ui/examples/standard_key/strings/stringEquality1.key 
115978     DEBUG main            d.u.i.k.p.i.AbstractProblemLoader Environment load took 6.94ms 
115979     INFO  main            d.u.i.k.p.i.AbstractProblemLoader Creating init config 
118464     DEBUG main            d.u.i.k.p.i.AbstractProblemLoader Init config took 2.48s 
118479     INFO  main            d.u.i.k.p.i.AbstractProblemLoader Replaying proof stringEquality1.key 
118480     DEBUG main            d.u.i.k.p.i.IntermediateProofReplayer Proof replay took 6.6ns 
118585     INFO  main            d.u.i.k.p.r.p.TestFile    ... finished proof: closed. 
118867     INFO  main            d.u.i.k.p.i.AbstractProblemLoader Loading environment from /home/runner/work/key/key/key.core/../key.ui/examples/standard_key/strings/stringEquality1.key.proof 
118867     DEBUG main            d.u.i.k.p.i.AbstractProblemLoader Environment load took 108.4ns 
118868     INFO  main            d.u.i.k.p.i.AbstractProblemLoader Creating init config 
121305     DEBUG main            d.u.i.k.p.i.AbstractProblemLoader Init config took 2.44s 
121319     INFO  main            d.u.i.k.p.i.AbstractProblemLoader Replaying proof stringEquality1.key.proof 
121327     DEBUG main            d.u.i.k.p.i.IntermediateProofReplayer Proof replay took 6.56ms 
121328     DEBUG main            d.u.i.k.p.r.p.TestFile    ... success: reloaded. 
121328     INFO  main            d.u.i.k.p.r.p.TestFile    Now processing file /home/runner/work/key/key/key.core/../key.ui/examples/standard_key/strings/stringEquality2.key 
121329     INFO  main            d.u.i.k.p.i.AbstractProblemLoader Loading environment from /home/runner/work/key/key/key.core/../key.ui/examples/standard_key/strings/stringEquality2.key 
121329     DEBUG main            d.u.i.k.p.i.AbstractProblemLoader Environment load took 88.8ns 
121330     INFO  main            d.u.i.k.p.i.AbstractProblemLoader Creating init config 
123836     DEBUG main            d.u.i.k.p.i.AbstractProblemLoader Init config took 2.51s 
123850     INFO  main            d.u.i.k.p.i.AbstractProblemLoader Replaying proof stringEquality2.key 
123852     DEBUG main            d.u.i.k.p.i.IntermediateProofReplayer Proof replay took 7ns 
124255     INFO  main            d.u.i.k.p.r.p.TestFile    ... finished proof: closed. 
124507     INFO  main            d.u.i.k.p.i.AbstractProblemLoader Loading environment from /home/runner/work/key/key/key.core/../key.ui/examples/standard_key/strings/stringEquality2.key.proof 
124507     DEBUG main            d.u.i.k.p.i.AbstractProblemLoader Environment load took 338.51ns 
124508     INFO  main            d.u.i.k.p.i.AbstractProblemLoader Creating init config 
126946     DEBUG main            d.u.i.k.p.i.AbstractProblemLoader Init config took 2.44s 
126961     INFO  main            d.u.i.k.p.i.AbstractProblemLoader Replaying proof stringEquality2.key.proof 
127011     DEBUG main            d.u.i.k.p.i.IntermediateProofReplayer Proof replay took 46.09ms 
127012     DEBUG main            d.u.i.k.p.r.p.TestFile    ... success: reloaded. 
127013     INFO  main            d.u.i.k.p.r.p.TestFile    Now processing file /home/runner/work/key/key/key.core/../key.ui/examples/standard_key/strings/substring0.key 
127013     INFO  main            d.u.i.k.p.i.AbstractProblemLoader Loading environment from /home/runner/work/key/key/key.core/../key.ui/examples/standard_key/strings/substring0.key 
127013     DEBUG main            d.u.i.k.p.i.AbstractProblemLoader Environment load took 169.8ns 
127014     INFO  main            d.u.i.k.p.i.AbstractProblemLoader Creating init config 
129503     DEBUG main            d.u.i.k.p.i.AbstractProblemLoader Init config took 2.49s 
129517     INFO  main            d.u.i.k.p.i.AbstractProblemLoader Replaying proof substring0.key 
129518     DEBUG main            d.u.i.k.p.i.IntermediateProofReplayer Proof replay took 6.3ns 
129622     INFO  main            d.u.i.k.p.r.p.TestFile    ... finished proof: closed. 
129875     INFO  main            d.u.i.k.p.i.AbstractProblemLoader Loading environment from /home/runner/work/key/key/key.core/../key.ui/examples/standard_key/strings/substring0.key.proof 
129875     DEBUG main            d.u.i.k.p.i.AbstractProblemLoader Environment load took 110.4ns 
129876     INFO  main            d.u.i.k.p.i.AbstractProblemLoader Creating init config 
132327     DEBUG main            d.u.i.k.p.i.AbstractProblemLoader Init config took 2.45s 
132342     INFO  main            d.u.i.k.p.i.AbstractProblemLoader Replaying proof substring0.key.proof 
132344     DEBUG main            d.u.i.k.p.i.IntermediateProofReplayer Proof replay took 428.71ns 
132345     DEBUG main            d.u.i.k.p.r.p.TestFile    ... success: reloaded. 
132346     INFO  main            d.u.i.k.p.r.p.TestFile    Now processing file /home/runner/work/key/key/key.core/../key.ui/examples/standard_key/strings/substring1.key 
132346     INFO  main            d.u.i.k.p.i.AbstractProblemLoader Loading environment from /home/runner/work/key/key/key.core/../key.ui/examples/standard_key/strings/substring1.key 
132346     DEBUG main            d.u.i.k.p.i.AbstractProblemLoader Environment load took 186.1ns 
132347     INFO  main            d.u.i.k.p.i.AbstractProblemLoader Creating init config 
134826     DEBUG main            d.u.i.k.p.i.AbstractProblemLoader Init config took 2.48s 
134839     INFO  main            d.u.i.k.p.i.AbstractProblemLoader Replaying proof substring1.key 
134840     DEBUG main            d.u.i.k.p.i.IntermediateProofReplayer Proof replay took 6.5ns 
134947     INFO  main            d.u.i.k.p.r.p.TestFile    ... finished proof: closed. 
135189     INFO  main            d.u.i.k.p.i.AbstractProblemLoader Loading environment from /home/runner/work/key/key/key.core/../key.ui/examples/standard_key/strings/substring1.key.proof 
135189     DEBUG main            d.u.i.k.p.i.AbstractProblemLoader Environment load took 103.6ns 
135190     INFO  main            d.u.i.k.p.i.AbstractProblemLoader Creating init config 
137623     DEBUG main            d.u.i.k.p.i.AbstractProblemLoader Init config took 2.43s 
137636     INFO  main            d.u.i.k.p.i.AbstractProblemLoader Replaying proof substring1.key.proof 
137637     DEBUG main            d.u.i.k.p.i.IntermediateProofReplayer Proof replay took 403.91ns 
137638     DEBUG main            d.u.i.k.p.r.p.TestFile    ... success: reloaded. 
137639     INFO  main            d.u.i.k.p.r.p.TestFile    Now processing file /home/runner/work/key/key/key.core/../key.ui/examples/standard_key/strings/substring2.key 
137639     INFO  main            d.u.i.k.p.i.AbstractProblemLoader Loading environment from /home/runner/work/key/key/key.core/../key.ui/examples/standard_key/strings/substring2.key 
137639     DEBUG main            d.u.i.k.p.i.AbstractProblemLoader Environment load took 63.8ns 
137640     INFO  main            d.u.i.k.p.i.AbstractProblemLoader Creating init config 
140122     DEBUG main            d.u.i.k.p.i.AbstractProblemLoader Init config took 2.48s 
140135     INFO  main            d.u.i.k.p.i.AbstractProblemLoader Replaying proof substring2.key 
140136     DEBUG main            d.u.i.k.p.i.IntermediateProofReplayer Proof replay took 7.2ns 
140238     INFO  main            d.u.i.k.p.r.p.TestFile    ... finished proof: closed. 
140487     INFO  main            d.u.i.k.p.i.AbstractProblemLoader Loading environment from /home/runner/work/key/key/key.core/../key.ui/examples/standard_key/strings/substring2.key.proof 
140487     DEBUG main            d.u.i.k.p.i.AbstractProblemLoader Environment load took 108.1ns 
140488     INFO  main            d.u.i.k.p.i.AbstractProblemLoader Creating init config 
142917     DEBUG main            d.u.i.k.p.i.AbstractProblemLoader Init config took 2.43s 
142931     INFO  main            d.u.i.k.p.i.AbstractProblemLoader Replaying proof substring2.key.proof 
142933     DEBUG main            d.u.i.k.p.i.IntermediateProofReplayer Proof replay took 846.82ns 
142934     DEBUG main            d.u.i.k.p.r.p.TestFile    ... success: reloaded. 
142935     INFO  main            d.u.i.k.p.r.p.TestFile    Now processing file /home/runner/work/key/key/key.core/../key.ui/examples/standard_key/strings/substring3.key 
142935     INFO  main            d.u.i.k.p.i.AbstractProblemLoader Loading environment from /home/runner/work/key/key/key.core/../key.ui/examples/standard_key/strings/substring3.key 
142936     DEBUG main            d.u.i.k.p.i.AbstractProblemLoader Environment load took 163.6ns 
142936     INFO  main            d.u.i.k.p.i.AbstractProblemLoader Creating init config 
145432     DEBUG main            d.u.i.k.p.i.AbstractProblemLoader Init config took 2.5s 
145464     INFO  main            d.u.i.k.p.i.AbstractProblemLoader Replaying proof substring3.key 
145465     DEBUG main            d.u.i.k.p.i.IntermediateProofReplayer Proof replay took 6.8ns 
145568     INFO  main            d.u.i.k.p.r.p.TestFile    ... finished proof: closed. 
145809     INFO  main            d.u.i.k.p.i.AbstractProblemLoader Loading environment from /home/runner/work/key/key/key.core/../key.ui/examples/standard_key/strings/substring3.key.proof 
145809     DEBUG main            d.u.i.k.p.i.AbstractProblemLoader Environment load took 110ns 
145810     INFO  main            d.u.i.k.p.i.AbstractProblemLoader Creating init config 
148293     DEBUG main            d.u.i.k.p.i.AbstractProblemLoader Init config took 2.48s 
148306     INFO  main            d.u.i.k.p.i.AbstractProblemLoader Replaying proof substring3.key.proof 
148310     DEBUG main            d.u.i.k.p.i.IntermediateProofReplayer Proof replay took 2.26ms 
148311     DEBUG main            d.u.i.k.p.r.p.TestFile    ... success: reloaded. 
148314     INFO  main            d.u.i.k.p.r.p.TestFile    Now processing file /home/runner/work/key/key/key.core/../key.ui/examples/standard_key/strings/substring4.key 
148314     INFO  main            d.u.i.k.p.i.AbstractProblemLoader Loading environment from /home/runner/work/key/key/key.core/../key.ui/examples/standard_key/strings/substring4.key 
148316     DEBUG main            d.u.i.k.p.i.AbstractProblemLoader Environment load took 1.96ms 
148318     INFO  main            d.u.i.k.p.i.AbstractProblemLoader Creating init config 
150766     DEBUG main            d.u.i.k.p.i.AbstractProblemLoader Init config took 2.45s 
150779     INFO  main            d.u.i.k.p.i.AbstractProblemLoader Replaying proof substring4.key 
150780     DEBUG main            d.u.i.k.p.i.IntermediateProofReplayer Proof replay took 7.3ns 
150882     INFO  main            d.u.i.k.p.r.p.TestFile    ... finished proof: closed. 
151132     INFO  main            d.u.i.k.p.i.AbstractProblemLoader Loading environment from /home/runner/work/key/key/key.core/../key.ui/examples/standard_key/strings/substring4.key.proof 
151132     DEBUG main            d.u.i.k.p.i.AbstractProblemLoader Environment load took 123.2ns 
151133     INFO  main            d.u.i.k.p.i.AbstractProblemLoader Creating init config 
153567     DEBUG main            d.u.i.k.p.i.AbstractProblemLoader Init config took 2.43s 
153580     INFO  main            d.u.i.k.p.i.AbstractProblemLoader Replaying proof substring4.key.proof 
153585     DEBUG main            d.u.i.k.p.i.IntermediateProofReplayer Proof replay took 3.23ms 
153586     DEBUG main            d.u.i.k.p.r.p.TestFile    ... success: reloaded. 
153586     INFO  main            d.u.i.k.p.r.p.TestFile    Now processing file /home/runner/work/key/key/key.core/../key.ui/examples/standard_key/strings/substring5.key 
153586     INFO  main            d.u.i.k.p.i.AbstractProblemLoader Loading environment from /home/runner/work/key/key/key.core/../key.ui/examples/standard_key/strings/substring5.key 
153586     DEBUG main            d.u.i.k.p.i.AbstractProblemLoader Environment load took 84.3ns 
153587     INFO  main            d.u.i.k.p.i.AbstractProblemLoader Creating init config 
156056     DEBUG main            d.u.i.k.p.i.AbstractProblemLoader Init config took 2.47s 
156071     INFO  main            d.u.i.k.p.i.AbstractProblemLoader Replaying proof substring5.key 
156072     DEBUG main            d.u.i.k.p.i.IntermediateProofReplayer Proof replay took 7.6ns 
156386     INFO  main            d.u.i.k.p.r.p.TestFile    ... finished proof: closed. 
156650     INFO  main            d.u.i.k.p.i.AbstractProblemLoader Loading environment from /home/runner/work/key/key/key.core/../key.ui/examples/standard_key/strings/substring5.key.proof 
156650     DEBUG main            d.u.i.k.p.i.AbstractProblemLoader Environment load took 100.4ns 
156651     INFO  main            d.u.i.k.p.i.AbstractProblemLoader Creating init config 
159081     DEBUG main            d.u.i.k.p.i.AbstractProblemLoader Init config took 2.43s 
159095     INFO  main            d.u.i.k.p.i.AbstractProblemLoader Replaying proof substring5.key.proof 
159124     DEBUG main            d.u.i.k.p.i.IntermediateProofReplayer Proof replay took 24.87ms 
159125     DEBUG main            d.u.i.k.p.r.p.TestFile    ... success: reloaded. 
3984145    INFO  Test worker     d.u.i.k.p.r.RunAllProofsTestUnit Returning from test strings 
3984146    INFO  Test worker     d.u.i.k.p.r.RunAllProofsTestUnit Running test simple_info_flow 
345        INFO  Timeout watchdog d.u.i.k.p.r.p.ForkedTestFileRunner Timeout watcher launched (2000 secs.) 
355        WARN  main            d.u.i.k.s.ProofSettings   The settings in /home/runner/.key/proof-settings.props are *not* read. 
403        INFO  main            d.u.i.k.p.r.p.TestFile    Now processing file /home/runner/work/key/key/key.core/../key.ui/examples/heap/information_flow/UpdateAbstraction_ex7_1_insecure.key 
534        INFO  main            d.u.i.k.p.i.AbstractProblemLoader Loading environment from /home/runner/work/key/key/key.core/../key.ui/examples/heap/information_flow/UpdateAbstraction_ex7_1_insecure.key 
550        DEBUG main            d.u.i.k.p.i.AbstractProblemLoader Environment load took 1.86ms 
761        INFO  main            d.u.i.k.p.i.AbstractProblemLoader Creating init config 
1653       DEBUG main            d.u.i.k.j.TypeConverter   No LDT found for Meta 
1654       DEBUG main            d.u.i.k.j.TypeConverter   No LDT found for Meta 
1656       DEBUG main            d.u.i.k.j.TypeConverter   No LDT found for Meta 
1656       DEBUG main            d.u.i.k.j.TypeConverter   No LDT found for Meta 
3092       DEBUG main            d.u.i.k.j.TypeConverter   No LDT found for JavaBigintExpression 
8227       DEBUG main            d.u.i.k.p.i.AbstractProblemLoader Init config took 7.47s 
8344       INFO  main            d.u.i.k.p.i.AbstractProblemLoader Replaying proof UpdateAbstraction[UpdateAbstraction::ex7_1_insecure()].JML operation contract.0 
8377       DEBUG main            d.u.i.k.p.i.IntermediateProofReplayer Proof replay took 34.5ns 
9058       INFO  main            d.u.i.k.p.r.p.TestFile    ... finished proof: open goal(s) 
9165       INFO  main            d.u.i.k.p.r.p.TestFile    Now processing file /home/runner/work/key/key/key.core/../key.ui/examples/heap/information_flow/UpdateAbstraction_ex7_2_insecure.key 
9165       INFO  main            d.u.i.k.p.i.AbstractProblemLoader Loading environment from /home/runner/work/key/key/key.core/../key.ui/examples/heap/information_flow/UpdateAbstraction_ex7_2_insecure.key 
9166       DEBUG main            d.u.i.k.p.i.AbstractProblemLoader Environment load took 245.1ns 
9167       INFO  main            d.u.i.k.p.i.AbstractProblemLoader Creating init config 
12126      DEBUG main            d.u.i.k.p.i.AbstractProblemLoader Init config took 2.96s 
12189      INFO  main            d.u.i.k.p.i.AbstractProblemLoader Replaying proof UpdateAbstraction[UpdateAbstraction::ex7_2_insecure()].JML operation contract.0 
12191      DEBUG main            d.u.i.k.p.i.IntermediateProofReplayer Proof replay took 7.6ns 
12497      INFO  main            d.u.i.k.p.r.p.TestFile    ... finished proof: open goal(s) 
3996935    INFO  Test worker     d.u.i.k.p.r.RunAllProofsTestUnit Returning from test simple_info_flow 
3996936    INFO  Test worker     d.u.i.k.p.r.RunAllProofsTestUnit Running test modelMethods 
369        INFO  Timeout watchdog d.u.i.k.p.r.p.ForkedTestFileRunner Timeout watcher launched (2000 secs.) 
375        WARN  main            d.u.i.k.s.ProofSettings   The settings in /home/runner/.key/proof-settings.props are *not* read. 
404        INFO  main            d.u.i.k.p.r.p.TestFile    Now processing file /home/runner/work/key/key/key.core/../key.ui/examples/heap/model_methods/Cell_footprint_acc.key 
513        INFO  main            d.u.i.k.p.i.AbstractProblemLoader Loading environment from /home/runner/work/key/key/key.core/../key.ui/examples/heap/model_methods/Cell_footprint_acc.key 
541        DEBUG main            d.u.i.k.p.i.AbstractProblemLoader Environment load took 2.18ms 
766        INFO  main            d.u.i.k.p.i.AbstractProblemLoader Creating init config 
1727       DEBUG main            d.u.i.k.j.TypeConverter   No LDT found for Meta 
1727       DEBUG main            d.u.i.k.j.TypeConverter   No LDT found for Meta 
1730       DEBUG main            d.u.i.k.j.TypeConverter   No LDT found for Meta 
1730       DEBUG main            d.u.i.k.j.TypeConverter   No LDT found for Meta 
3109       DEBUG main            d.u.i.k.j.TypeConverter   No LDT found for JavaBigintExpression 
8154       DEBUG main            d.u.i.k.p.i.AbstractProblemLoader Init config took 7.39s 
8279       INFO  main            d.u.i.k.p.i.AbstractProblemLoader Replaying proof Cell[Cell::footprint()].JML accessible clause.0 
8313       DEBUG main            d.u.i.k.p.i.IntermediateProofReplayer Proof replay took 33.4ns 
8857       INFO  main            d.u.i.k.p.r.p.TestFile    ... finished proof: closed. 
8990       INFO  main            d.u.i.k.p.i.AbstractProblemLoader Loading environment from /home/runner/work/key/key/key.core/../key.ui/examples/heap/model_methods/Cell_footprint_acc.key.proof 
8990       DEBUG main            d.u.i.k.p.i.AbstractProblemLoader Environment load took 148.5ns 
8992       INFO  main            d.u.i.k.p.i.AbstractProblemLoader Creating init config 
11921      DEBUG main            d.u.i.k.p.i.AbstractProblemLoader Init config took 2.93s 
12001      INFO  main            d.u.i.k.p.i.AbstractProblemLoader Replaying proof Cell[Cell::footprint()].JML accessible clause.0 
12043      DEBUG main            d.u.i.k.p.i.IntermediateProofReplayer Proof replay took 36.25ms 
12049      DEBUG main            d.u.i.k.p.r.p.TestFile    ... success: reloaded. 
12051      INFO  main            d.u.i.k.p.r.p.TestFile    Now processing file /home/runner/work/key/key/key.core/../key.ui/examples/heap/model_methods/Cell_footprint.key 
12051      INFO  main            d.u.i.k.p.i.AbstractProblemLoader Loading environment from /home/runner/work/key/key/key.core/../key.ui/examples/heap/model_methods/Cell_footprint.key 
12052      DEBUG main            d.u.i.k.p.i.AbstractProblemLoader Environment load took 197.7ns 
12053      INFO  main            d.u.i.k.p.i.AbstractProblemLoader Creating init config 
14760      DEBUG main            d.u.i.k.p.i.AbstractProblemLoader Init config took 2.71s 
14835      INFO  main            d.u.i.k.p.i.AbstractProblemLoader Replaying proof Cell[Cell::footprint()].JML model_behavior operation contract.0 
14838      DEBUG main            d.u.i.k.p.i.IntermediateProofReplayer Proof replay took 6.5ns 
14941      INFO  main            d.u.i.k.p.r.p.TestFile    ... finished proof: closed. 
15070      INFO  main            d.u.i.k.p.i.AbstractProblemLoader Loading environment from /home/runner/work/key/key/key.core/../key.ui/examples/heap/model_methods/Cell_footprint.key.proof 
15071      DEBUG main            d.u.i.k.p.i.AbstractProblemLoader Environment load took 135ns 
15072      INFO  main            d.u.i.k.p.i.AbstractProblemLoader Creating init config 
17810      DEBUG main            d.u.i.k.p.i.AbstractProblemLoader Init config took 2.74s 
17866      INFO  main            d.u.i.k.p.i.AbstractProblemLoader Replaying proof Cell[Cell::footprint()].JML model_behavior operation contract.0 
17875      DEBUG main            d.u.i.k.p.i.IntermediateProofReplayer Proof replay took 6.53ms 
17877      DEBUG main            d.u.i.k.p.r.p.TestFile    ... success: reloaded. 
17878      INFO  main            d.u.i.k.p.r.p.TestFile    Now processing file /home/runner/work/key/key/key.core/../key.ui/examples/heap/model_methods/Cell_get_acc.key 
17878      INFO  main            d.u.i.k.p.i.AbstractProblemLoader Loading environment from /home/runner/work/key/key/key.core/../key.ui/examples/heap/model_methods/Cell_get_acc.key 
17878      DEBUG main            d.u.i.k.p.i.AbstractProblemLoader Environment load took 228.8ns 
17880      INFO  main            d.u.i.k.p.i.AbstractProblemLoader Creating init config 
20522      DEBUG main            d.u.i.k.p.i.AbstractProblemLoader Init config took 2.64s 
20586      INFO  main            d.u.i.k.p.i.AbstractProblemLoader Replaying proof Cell[Cell::get()].JML accessible clause.0 
20588      DEBUG main            d.u.i.k.p.i.IntermediateProofReplayer Proof replay took 6.4ns 
20794      INFO  main            d.u.i.k.p.r.p.TestFile    ... finished proof: closed. 
20935      INFO  main            d.u.i.k.p.i.AbstractProblemLoader Loading environment from /home/runner/work/key/key/key.core/../key.ui/examples/heap/model_methods/Cell_get_acc.key.proof 
20935      DEBUG main            d.u.i.k.p.i.AbstractProblemLoader Environment load took 145.5ns 
20940      INFO  main            d.u.i.k.p.i.AbstractProblemLoader Creating init config 
23559      DEBUG main            d.u.i.k.p.i.AbstractProblemLoader Init config took 2.62s 
23609      INFO  main            d.u.i.k.p.i.AbstractProblemLoader Replaying proof Cell[Cell::get()].JML accessible clause.0 
23644      DEBUG main            d.u.i.k.p.i.IntermediateProofReplayer Proof replay took 32.07ms 
23645      DEBUG main            d.u.i.k.p.r.p.TestFile    ... success: reloaded. 
23649      INFO  main            d.u.i.k.p.r.p.TestFile    Now processing file /home/runner/work/key/key/key.core/../key.ui/examples/heap/model_methods/Cell_get.key 
23649      INFO  main            d.u.i.k.p.i.AbstractProblemLoader Loading environment from /home/runner/work/key/key/key.core/../key.ui/examples/heap/model_methods/Cell_get.key 
23650      DEBUG main            d.u.i.k.p.i.AbstractProblemLoader Environment load took 192.8ns 
23651      INFO  main            d.u.i.k.p.i.AbstractProblemLoader Creating init config 
26322      DEBUG main            d.u.i.k.p.i.AbstractProblemLoader Init config took 2.67s 
26373      INFO  main            d.u.i.k.p.i.AbstractProblemLoader Replaying proof Cell[Cell::get()].JML operation contract.0 
26375      DEBUG main            d.u.i.k.p.i.IntermediateProofReplayer Proof replay took 6.7ns 
26478      INFO  main            d.u.i.k.p.r.p.TestFile    ... finished proof: closed. 
26631      INFO  main            d.u.i.k.p.i.AbstractProblemLoader Loading environment from /home/runner/work/key/key/key.core/../key.ui/examples/heap/model_methods/Cell_get.key.proof 
26631      DEBUG main            d.u.i.k.p.i.AbstractProblemLoader Environment load took 122ns 
26632      INFO  main            d.u.i.k.p.i.AbstractProblemLoader Creating init config 
29253      DEBUG main            d.u.i.k.p.i.AbstractProblemLoader Init config took 2.62s 
29302      INFO  main            d.u.i.k.p.i.AbstractProblemLoader Replaying proof Cell[Cell::get()].JML operation contract.0 
29320      DEBUG main            d.u.i.k.p.i.IntermediateProofReplayer Proof replay took 15.78ms 
29322      DEBUG main            d.u.i.k.p.r.p.TestFile    ... success: reloaded. 
29323      INFO  main            d.u.i.k.p.r.p.TestFile    Now processing file /home/runner/work/key/key/key.core/../key.ui/examples/heap/model_methods/Cell_post_set.key 
29324      INFO  main            d.u.i.k.p.i.AbstractProblemLoader Loading environment from /home/runner/work/key/key/key.core/../key.ui/examples/heap/model_methods/Cell_post_set.key 
29324      DEBUG main            d.u.i.k.p.i.AbstractProblemLoader Environment load took 184.7ns 
29325      INFO  main            d.u.i.k.p.i.AbstractProblemLoader Creating init config 
31980      DEBUG main            d.u.i.k.p.i.AbstractProblemLoader Init config took 2.65s 
32027      INFO  main            d.u.i.k.p.i.AbstractProblemLoader Replaying proof Cell[Cell::post_set(int)].JML model_behavior operation contract.0 
32029      DEBUG main            d.u.i.k.p.i.IntermediateProofReplayer Proof replay took 6.5ns 
32133      INFO  main            d.u.i.k.p.r.p.TestFile    ... finished proof: closed. 
32317      INFO  main            d.u.i.k.p.i.AbstractProblemLoader Loading environment from /home/runner/work/key/key/key.core/../key.ui/examples/heap/model_methods/Cell_post_set.key.proof 
32318      DEBUG main            d.u.i.k.p.i.AbstractProblemLoader Environment load took 125.6ns 
32319      INFO  main            d.u.i.k.p.i.AbstractProblemLoader Creating init config 
34910      DEBUG main            d.u.i.k.p.i.AbstractProblemLoader Init config took 2.59s 
34963      INFO  main            d.u.i.k.p.i.AbstractProblemLoader Replaying proof Cell[Cell::post_set(int)].JML model_behavior operation contract.0 
34969      DEBUG main            d.u.i.k.p.i.IntermediateProofReplayer Proof replay took 4.91ms 
34971      DEBUG main            d.u.i.k.p.r.p.TestFile    ... success: reloaded. 
34972      INFO  main            d.u.i.k.p.r.p.TestFile    Now processing file /home/runner/work/key/key/key.core/../key.ui/examples/heap/model_methods/Cell_set.key 
34972      INFO  main            d.u.i.k.p.i.AbstractProblemLoader Loading environment from /home/runner/work/key/key/key.core/../key.ui/examples/heap/model_methods/Cell_set.key 
34972      DEBUG main            d.u.i.k.p.i.AbstractProblemLoader Environment load took 203ns 
34973      INFO  main            d.u.i.k.p.i.AbstractProblemLoader Creating init config 
37603      DEBUG main            d.u.i.k.p.i.AbstractProblemLoader Init config took 2.63s 
37649      INFO  main            d.u.i.k.p.i.AbstractProblemLoader Replaying proof Cell[Cell::set(int)].JML operation contract.0 
37651      DEBUG main            d.u.i.k.p.i.IntermediateProofReplayer Proof replay took 6.6ns 
44122      INFO  main            d.u.i.k.p.r.p.TestFile    ... finished proof: closed. 
44324      INFO  main            d.u.i.k.p.i.AbstractProblemLoader Loading environment from /home/runner/work/key/key/key.core/../key.ui/examples/heap/model_methods/Cell_set.key.proof 
44325      DEBUG main            d.u.i.k.p.i.AbstractProblemLoader Environment load took 376.21ns 
44326      INFO  main            d.u.i.k.p.i.AbstractProblemLoader Creating init config 
46898      DEBUG main            d.u.i.k.p.i.AbstractProblemLoader Init config took 2.57s 
46952      INFO  main            d.u.i.k.p.i.AbstractProblemLoader Replaying proof Cell[Cell::set(int)].JML operation contract.0 
47531      DEBUG main            d.u.i.k.p.i.IntermediateProofReplayer Proof replay took 562.76ms 
47533      DEBUG main            d.u.i.k.p.r.p.TestFile    ... success: reloaded. 
47535      INFO  main            d.u.i.k.p.r.p.TestFile    Now processing file /home/runner/work/key/key/key.core/../key.ui/examples/heap/model_methods/CellTest_callSet.key 
47535      INFO  main            d.u.i.k.p.i.AbstractProblemLoader Loading environment from /home/runner/work/key/key/key.core/../key.ui/examples/heap/model_methods/CellTest_callSet.key 
47535      DEBUG main            d.u.i.k.p.i.AbstractProblemLoader Environment load took 176.7ns 
47536      INFO  main            d.u.i.k.p.i.AbstractProblemLoader Creating init config 
50187      DEBUG main            d.u.i.k.p.i.AbstractProblemLoader Init config took 2.65s 
50232      INFO  main            d.u.i.k.p.i.AbstractProblemLoader Replaying proof CellTest[CellTest::callSet(Cell,int)].JML operation contract.0 
50234      DEBUG main            d.u.i.k.p.i.IntermediateProofReplayer Proof replay took 6.2ns 
50438      INFO  main            d.u.i.k.p.r.p.TestFile    ... finished proof: closed. 
50615      INFO  main            d.u.i.k.p.i.AbstractProblemLoader Loading environment from /home/runner/work/key/key/key.core/../key.ui/examples/heap/model_methods/CellTest_callSet.key.proof 
50615      DEBUG main            d.u.i.k.p.i.AbstractProblemLoader Environment load took 124.5ns 
50616      INFO  main            d.u.i.k.p.i.AbstractProblemLoader Creating init config 
53170      DEBUG main            d.u.i.k.p.i.AbstractProblemLoader Init config took 2.55s 
53216      INFO  main            d.u.i.k.p.i.AbstractProblemLoader Replaying proof CellTest[CellTest::callSet(Cell,int)].JML operation contract.0 
53259      DEBUG main            d.u.i.k.p.i.IntermediateProofReplayer Proof replay took 41.14ms 
53260      DEBUG main            d.u.i.k.p.r.p.TestFile    ... success: reloaded. 
53261      INFO  main            d.u.i.k.p.r.p.TestFile    Now processing file /home/runner/work/key/key/key.core/../key.ui/examples/heap/model_methods/CellTest_test2.key 
53262      INFO  main            d.u.i.k.p.i.AbstractProblemLoader Loading environment from /home/runner/work/key/key/key.core/../key.ui/examples/heap/model_methods/CellTest_test2.key 
53262      DEBUG main            d.u.i.k.p.i.AbstractProblemLoader Environment load took 94.7ns 
53263      INFO  main            d.u.i.k.p.i.AbstractProblemLoader Creating init config 
55847      DEBUG main            d.u.i.k.p.i.AbstractProblemLoader Init config took 2.58s 
55891      INFO  main            d.u.i.k.p.i.AbstractProblemLoader Replaying proof CellTest[CellTest::test2(Cell)].JML operation contract.0 
55892      DEBUG main            d.u.i.k.p.i.IntermediateProofReplayer Proof replay took 6ns 
56195      INFO  main            d.u.i.k.p.r.p.TestFile    ... finished proof: closed. 
56379      INFO  main            d.u.i.k.p.i.AbstractProblemLoader Loading environment from /home/runner/work/key/key/key.core/../key.ui/examples/heap/model_methods/CellTest_test2.key.proof 
56380      DEBUG main            d.u.i.k.p.i.AbstractProblemLoader Environment load took 123.7ns 
56381      INFO  main            d.u.i.k.p.i.AbstractProblemLoader Creating init config 
58909      DEBUG main            d.u.i.k.p.i.AbstractProblemLoader Init config took 2.53s 
58960      INFO  main            d.u.i.k.p.i.AbstractProblemLoader Replaying proof CellTest[CellTest::test2(Cell)].JML operation contract.0 
59037      DEBUG main            d.u.i.k.p.i.IntermediateProofReplayer Proof replay took 73.44ms 
59038      DEBUG main            d.u.i.k.p.r.p.TestFile    ... success: reloaded. 
59039      INFO  main            d.u.i.k.p.r.p.TestFile    Now processing file /home/runner/work/key/key/key.core/../key.ui/examples/heap/model_methods/CellTest_test.key 
59039      INFO  main            d.u.i.k.p.i.AbstractProblemLoader Loading environment from /home/runner/work/key/key/key.core/../key.ui/examples/heap/model_methods/CellTest_test.key 
59040      DEBUG main            d.u.i.k.p.i.AbstractProblemLoader Environment load took 175.1ns 
59041      INFO  main            d.u.i.k.p.i.AbstractProblemLoader Creating init config 
61669      DEBUG main            d.u.i.k.p.i.AbstractProblemLoader Init config took 2.63s 
61712      INFO  main            d.u.i.k.p.i.AbstractProblemLoader Replaying proof CellTest[CellTest::test(Recell)].JML operation contract.0 
61714      DEBUG main            d.u.i.k.p.i.IntermediateProofReplayer Proof replay took 7ns 
64455      INFO  main            d.u.i.k.p.r.p.TestFile    ... finished proof: closed. 
64674      INFO  main            d.u.i.k.p.i.AbstractProblemLoader Loading environment from /home/runner/work/key/key/key.core/../key.ui/examples/heap/model_methods/CellTest_test.key.proof 
64678      DEBUG main            d.u.i.k.p.i.AbstractProblemLoader Environment load took 3.96ms 
64680      INFO  main            d.u.i.k.p.i.AbstractProblemLoader Creating init config 
67198      DEBUG main            d.u.i.k.p.i.AbstractProblemLoader Init config took 2.52s 
67240      INFO  main            d.u.i.k.p.i.AbstractProblemLoader Replaying proof CellTest[CellTest::test(Recell)].JML operation contract.0 
67831      DEBUG main            d.u.i.k.p.i.IntermediateProofReplayer Proof replay took 572.25ms 
67833      DEBUG main            d.u.i.k.p.r.p.TestFile    ... success: reloaded. 
67836      INFO  main            d.u.i.k.p.r.p.TestFile    Now processing file /home/runner/work/key/key/key.core/../key.ui/examples/heap/model_methods/Coll1_add.key 
67836      INFO  main            d.u.i.k.p.i.AbstractProblemLoader Loading environment from /home/runner/work/key/key/key.core/../key.ui/examples/heap/model_methods/Coll1_add.key 
67836      DEBUG main            d.u.i.k.p.i.AbstractProblemLoader Environment load took 182ns 
67838      INFO  main            d.u.i.k.p.i.AbstractProblemLoader Creating init config 
70420      DEBUG main            d.u.i.k.p.i.AbstractProblemLoader Init config took 2.58s 
70461      INFO  main            d.u.i.k.p.i.AbstractProblemLoader Replaying proof Coll1[Coll::add(int)].JML operation contract.0 
70463      DEBUG main            d.u.i.k.p.i.IntermediateProofReplayer Proof replay took 6.4ns 
70564      INFO  main            d.u.i.k.p.r.p.TestFile    ... finished proof: closed. 
70769      INFO  main            d.u.i.k.p.i.AbstractProblemLoader Loading environment from /home/runner/work/key/key/key.core/../key.ui/examples/heap/model_methods/Coll1_add.key.proof 
70770      DEBUG main            d.u.i.k.p.i.AbstractProblemLoader Environment load took 121.5ns 
70770      INFO  main            d.u.i.k.p.i.AbstractProblemLoader Creating init config 
73424      DEBUG main            d.u.i.k.p.i.AbstractProblemLoader Init config took 2.65s 
73465      INFO  main            d.u.i.k.p.i.AbstractProblemLoader Replaying proof Coll1[Coll::add(int)].JML operation contract.0 
73474      DEBUG main            d.u.i.k.p.i.IntermediateProofReplayer Proof replay took 7.33ms 
73475      DEBUG main            d.u.i.k.p.r.p.TestFile    ... success: reloaded. 
73476      INFO  main            d.u.i.k.p.r.p.TestFile    Now processing file /home/runner/work/key/key/key.core/../key.ui/examples/heap/model_methods/Coll1_Coll1_add_pre.key 
73476      INFO  main            d.u.i.k.p.i.AbstractProblemLoader Loading environment from /home/runner/work/key/key/key.core/../key.ui/examples/heap/model_methods/Coll1_Coll1_add_pre.key 
73476      DEBUG main            d.u.i.k.p.i.AbstractProblemLoader Environment load took 90.8ns 
73477      INFO  main            d.u.i.k.p.i.AbstractProblemLoader Creating init config 
75976      DEBUG main            d.u.i.k.p.i.AbstractProblemLoader Init config took 2.5s 
76016      INFO  main            d.u.i.k.p.i.AbstractProblemLoader Replaying proof Coll1[Coll1::add_pre(int)].JML model_behavior operation contract.0 
76018      DEBUG main            d.u.i.k.p.i.IntermediateProofReplayer Proof replay took 6.9ns 
76121      INFO  main            d.u.i.k.p.r.p.TestFile    ... finished proof: closed. 
76310      INFO  main            d.u.i.k.p.i.AbstractProblemLoader Loading environment from /home/runner/work/key/key/key.core/../key.ui/examples/heap/model_methods/Coll1_Coll1_add_pre.key.proof 
76310      DEBUG main            d.u.i.k.p.i.AbstractProblemLoader Environment load took 119.6ns 
76311      INFO  main            d.u.i.k.p.i.AbstractProblemLoader Creating init config 
78829      DEBUG main            d.u.i.k.p.i.AbstractProblemLoader Init config took 2.52s 
78873      INFO  main            d.u.i.k.p.i.AbstractProblemLoader Replaying proof Coll1[Coll1::add_pre(int)].JML model_behavior operation contract.0 
78878      DEBUG main            d.u.i.k.p.i.IntermediateProofReplayer Proof replay took 1.78ms 
78881      DEBUG main            d.u.i.k.p.r.p.TestFile    ... success: reloaded. 
78885      INFO  main            d.u.i.k.p.r.p.TestFile    Now processing file /home/runner/work/key/key/key.core/../key.ui/examples/heap/model_methods/Coll1_Coll_add_pre.key 
78885      INFO  main            d.u.i.k.p.i.AbstractProblemLoader Loading environment from /home/runner/work/key/key/key.core/../key.ui/examples/heap/model_methods/Coll1_Coll_add_pre.key 
78885      DEBUG main            d.u.i.k.p.i.AbstractProblemLoader Environment load took 110.4ns 
78886      INFO  main            d.u.i.k.p.i.AbstractProblemLoader Creating init config 
81435      DEBUG main            d.u.i.k.p.i.AbstractProblemLoader Init config took 2.55s 
81498      INFO  main            d.u.i.k.p.i.AbstractProblemLoader Replaying proof Coll1[Coll::add_pre(int)].JML model_behavior operation contract.0 
81500      DEBUG main            d.u.i.k.p.i.IntermediateProofReplayer Proof replay took 7.2ns 
81602      INFO  main            d.u.i.k.p.r.p.TestFile    ... finished proof: closed. 
81798      INFO  main            d.u.i.k.p.i.AbstractProblemLoader Loading environment from /home/runner/work/key/key/key.core/../key.ui/examples/heap/model_methods/Coll1_Coll_add_pre.key.proof 
81798      DEBUG main            d.u.i.k.p.i.AbstractProblemLoader Environment load took 124.2ns 
81799      INFO  main            d.u.i.k.p.i.AbstractProblemLoader Creating init config 
84279      DEBUG main            d.u.i.k.p.i.AbstractProblemLoader Init config took 2.48s 
84325      INFO  main            d.u.i.k.p.i.AbstractProblemLoader Replaying proof Coll1[Coll::add_pre(int)].JML model_behavior operation contract.0 
84330      DEBUG main            d.u.i.k.p.i.IntermediateProofReplayer Proof replay took 2.22ms 
84331      DEBUG main            d.u.i.k.p.r.p.TestFile    ... success: reloaded. 
84334      INFO  main            d.u.i.k.p.r.p.TestFile    Now processing file /home/runner/work/key/key/key.core/../key.ui/examples/heap/model_methods/Coll2_add.key 
84334      INFO  main            d.u.i.k.p.i.AbstractProblemLoader Loading environment from /home/runner/work/key/key/key.core/../key.ui/examples/heap/model_methods/Coll2_add.key 
84334      DEBUG main            d.u.i.k.p.i.AbstractProblemLoader Environment load took 183.2ns 
84335      INFO  main            d.u.i.k.p.i.AbstractProblemLoader Creating init config 
86901      DEBUG main            d.u.i.k.p.i.AbstractProblemLoader Init config took 2.57s 
86941      INFO  main            d.u.i.k.p.i.AbstractProblemLoader Replaying proof Coll2[Coll::add(int)].JML operation contract.0 
86943      DEBUG main            d.u.i.k.p.i.IntermediateProofReplayer Proof replay took 6.6ns 
87045      INFO  main            d.u.i.k.p.r.p.TestFile    ... finished proof: closed. 
87277      INFO  main            d.u.i.k.p.i.AbstractProblemLoader Loading environment from /home/runner/work/key/key/key.core/../key.ui/examples/heap/model_methods/Coll2_add.key.proof 
87277      DEBUG main            d.u.i.k.p.i.AbstractProblemLoader Environment load took 121.7ns 
87278      INFO  main            d.u.i.k.p.i.AbstractProblemLoader Creating init config 
89800      DEBUG main            d.u.i.k.p.i.AbstractProblemLoader Init config took 2.52s 
89838      INFO  main            d.u.i.k.p.i.AbstractProblemLoader Replaying proof Coll2[Coll::add(int)].JML operation contract.0 
89846      DEBUG main            d.u.i.k.p.i.IntermediateProofReplayer Proof replay took 6.52ms 
89848      DEBUG main            d.u.i.k.p.r.p.TestFile    ... success: reloaded. 
89849      INFO  main            d.u.i.k.p.r.p.TestFile    Now processing file /home/runner/work/key/key/key.core/../key.ui/examples/heap/model_methods/Coll2_Coll2_add_pre.key 
89849      INFO  main            d.u.i.k.p.i.AbstractProblemLoader Loading environment from /home/runner/work/key/key/key.core/../key.ui/examples/heap/model_methods/Coll2_Coll2_add_pre.key 
89849      DEBUG main            d.u.i.k.p.i.AbstractProblemLoader Environment load took 182.6ns 
89850      INFO  main            d.u.i.k.p.i.AbstractProblemLoader Creating init config 
92392      DEBUG main            d.u.i.k.p.i.AbstractProblemLoader Init config took 2.54s 
92431      INFO  main            d.u.i.k.p.i.AbstractProblemLoader Replaying proof Coll2[Coll2::add_pre(int)].JML model_behavior operation contract.0 
92433      DEBUG main            d.u.i.k.p.i.IntermediateProofReplayer Proof replay took 7.2ns 
92537      INFO  main            d.u.i.k.p.r.p.TestFile    ... finished proof: closed. 
92753      INFO  main            d.u.i.k.p.i.AbstractProblemLoader Loading environment from /home/runner/work/key/key/key.core/../key.ui/examples/heap/model_methods/Coll2_Coll2_add_pre.key.proof 
92753      DEBUG main            d.u.i.k.p.i.AbstractProblemLoader Environment load took 125.2ns 
92754      INFO  main            d.u.i.k.p.i.AbstractProblemLoader Creating init config 
95244      DEBUG main            d.u.i.k.p.i.AbstractProblemLoader Init config took 2.49s 
95282      INFO  main            d.u.i.k.p.i.AbstractProblemLoader Replaying proof Coll2[Coll2::add_pre(int)].JML model_behavior operation contract.0 
95285      DEBUG main            d.u.i.k.p.i.IntermediateProofReplayer Proof replay took 1.52ms 
95286      DEBUG main            d.u.i.k.p.r.p.TestFile    ... success: reloaded. 
95287      INFO  main            d.u.i.k.p.r.p.TestFile    Now processing file /home/runner/work/key/key/key.core/../key.ui/examples/heap/model_methods/Coll2_Coll_add_pre.key 
95287      INFO  main            d.u.i.k.p.i.AbstractProblemLoader Loading environment from /home/runner/work/key/key/key.core/../key.ui/examples/heap/model_methods/Coll2_Coll_add_pre.key 
95287      DEBUG main            d.u.i.k.p.i.AbstractProblemLoader Environment load took 96.6ns 
95288      INFO  main            d.u.i.k.p.i.AbstractProblemLoader Creating init config 
97841      DEBUG main            d.u.i.k.p.i.AbstractProblemLoader Init config took 2.55s 
97879      INFO  main            d.u.i.k.p.i.AbstractProblemLoader Replaying proof Coll2[Coll::add_pre(int)].JML model_behavior operation contract.0 
97881      DEBUG main            d.u.i.k.p.i.IntermediateProofReplayer Proof replay took 6.8ns 
97983      INFO  main            d.u.i.k.p.r.p.TestFile    ... finished proof: closed. 
98204      INFO  main            d.u.i.k.p.i.AbstractProblemLoader Loading environment from /home/runner/work/key/key/key.core/../key.ui/examples/heap/model_methods/Coll2_Coll_add_pre.key.proof 
98204      DEBUG main            d.u.i.k.p.i.AbstractProblemLoader Environment load took 114.2ns 
98206      INFO  main            d.u.i.k.p.i.AbstractProblemLoader Creating init config 
100737     DEBUG main            d.u.i.k.p.i.AbstractProblemLoader Init config took 2.53s 
100783     INFO  main            d.u.i.k.p.i.AbstractProblemLoader Replaying proof Coll2[Coll::add_pre(int)].JML model_behavior operation contract.0 
100786     DEBUG main            d.u.i.k.p.i.IntermediateProofReplayer Proof replay took 2ms 
100787     DEBUG main            d.u.i.k.p.r.p.TestFile    ... success: reloaded. 
100788     INFO  main            d.u.i.k.p.r.p.TestFile    Now processing file /home/runner/work/key/key/key.core/../key.ui/examples/heap/model_methods/Coll_add.key 
100789     INFO  main            d.u.i.k.p.i.AbstractProblemLoader Loading environment from /home/runner/work/key/key/key.core/../key.ui/examples/heap/model_methods/Coll_add.key 
100789     DEBUG main            d.u.i.k.p.i.AbstractProblemLoader Environment load took 110.3ns 
100790     INFO  main            d.u.i.k.p.i.AbstractProblemLoader Creating init config 
103292     DEBUG main            d.u.i.k.p.i.AbstractProblemLoader Init config took 2.5s 
103333     INFO  main            d.u.i.k.p.i.AbstractProblemLoader Replaying proof Coll[Coll::add(int)].JML operation contract.0 
103334     DEBUG main            d.u.i.k.p.i.IntermediateProofReplayer Proof replay took 6.6ns 
103436     INFO  main            d.u.i.k.p.r.p.TestFile    ... finished proof: closed. 
103659     INFO  main            d.u.i.k.p.i.AbstractProblemLoader Loading environment from /home/runner/work/key/key/key.core/../key.ui/examples/heap/model_methods/Coll_add.key.proof 
103659     DEBUG main            d.u.i.k.p.i.AbstractProblemLoader Environment load took 127.5ns 
103660     INFO  main            d.u.i.k.p.i.AbstractProblemLoader Creating init config 
106160     DEBUG main            d.u.i.k.p.i.AbstractProblemLoader Init config took 2.5s 
106206     INFO  main            d.u.i.k.p.i.AbstractProblemLoader Replaying proof Coll[Coll::add(int)].JML operation contract.0 
106210     DEBUG main            d.u.i.k.p.i.IntermediateProofReplayer Proof replay took 2.73ms 
106211     DEBUG main            d.u.i.k.p.r.p.TestFile    ... success: reloaded. 
106212     INFO  main            d.u.i.k.p.r.p.TestFile    Now processing file /home/runner/work/key/key/key.core/../key.ui/examples/heap/model_methods/Coll_add_pre.key 
106213     INFO  main            d.u.i.k.p.i.AbstractProblemLoader Loading environment from /home/runner/work/key/key/key.core/../key.ui/examples/heap/model_methods/Coll_add_pre.key 
106213     DEBUG main            d.u.i.k.p.i.AbstractProblemLoader Environment load took 170.3ns 
106214     INFO  main            d.u.i.k.p.i.AbstractProblemLoader Creating init config 
108741     DEBUG main            d.u.i.k.p.i.AbstractProblemLoader Init config took 2.53s 
108780     INFO  main            d.u.i.k.p.i.AbstractProblemLoader Replaying proof Coll[Coll::add_pre(int)].JML model_behavior operation contract.0 
108781     DEBUG main            d.u.i.k.p.i.IntermediateProofReplayer Proof replay took 6.5ns 
108883     INFO  main            d.u.i.k.p.r.p.TestFile    ... finished proof: closed. 
109112     INFO  main            d.u.i.k.p.i.AbstractProblemLoader Loading environment from /home/runner/work/key/key/key.core/../key.ui/examples/heap/model_methods/Coll_add_pre.key.proof 
109112     DEBUG main            d.u.i.k.p.i.AbstractProblemLoader Environment load took 187.9ns 
109113     INFO  main            d.u.i.k.p.i.AbstractProblemLoader Creating init config 
111590     DEBUG main            d.u.i.k.p.i.AbstractProblemLoader Init config took 2.48s 
111628     INFO  main            d.u.i.k.p.i.AbstractProblemLoader Replaying proof Coll[Coll::add_pre(int)].JML model_behavior operation contract.0 
111632     DEBUG main            d.u.i.k.p.i.IntermediateProofReplayer Proof replay took 2.43ms 
111633     DEBUG main            d.u.i.k.p.r.p.TestFile    ... success: reloaded. 
111634     INFO  main            d.u.i.k.p.r.p.TestFile    Now processing file /home/runner/work/key/key/key.core/../key.ui/examples/heap/model_methods/Indirect_callAdd.key 
111634     INFO  main            d.u.i.k.p.i.AbstractProblemLoader Loading environment from /home/runner/work/key/key/key.core/../key.ui/examples/heap/model_methods/Indirect_callAdd.key 
111634     DEBUG main            d.u.i.k.p.i.AbstractProblemLoader Environment load took 85.9ns 
111635     INFO  main            d.u.i.k.p.i.AbstractProblemLoader Creating init config 
114207     DEBUG main            d.u.i.k.p.i.AbstractProblemLoader Init config took 2.57s 
114245     INFO  main            d.u.i.k.p.i.AbstractProblemLoader Replaying proof Indirect[Indirect::callAdd(Coll,int)].JML operation contract.0 
114247     DEBUG main            d.u.i.k.p.i.IntermediateProofReplayer Proof replay took 6.6ns 
114348     INFO  main            d.u.i.k.p.r.p.TestFile    ... finished proof: closed. 
114632     INFO  main            d.u.i.k.p.i.AbstractProblemLoader Loading environment from /home/runner/work/key/key/key.core/../key.ui/examples/heap/model_methods/Indirect_callAdd.key.proof 
114632     DEBUG main            d.u.i.k.p.i.AbstractProblemLoader Environment load took 367.61ns 
114633     INFO  main            d.u.i.k.p.i.AbstractProblemLoader Creating init config 
117086     DEBUG main            d.u.i.k.p.i.AbstractProblemLoader Init config took 2.45s 
117138     INFO  main            d.u.i.k.p.i.AbstractProblemLoader Replaying proof Indirect[Indirect::callAdd(Coll,int)].JML operation contract.0 
117163     DEBUG main            d.u.i.k.p.i.IntermediateProofReplayer Proof replay took 22.86ms 
117164     DEBUG main            d.u.i.k.p.r.p.TestFile    ... success: reloaded. 
117165     INFO  main            d.u.i.k.p.r.p.TestFile    Now processing file /home/runner/work/key/key/key.core/../key.ui/examples/heap/model_methods/Indirect_test.key 
117165     INFO  main            d.u.i.k.p.i.AbstractProblemLoader Loading environment from /home/runner/work/key/key/key.core/../key.ui/examples/heap/model_methods/Indirect_test.key 
117165     DEBUG main            d.u.i.k.p.i.AbstractProblemLoader Environment load took 72.9ns 
117166     INFO  main            d.u.i.k.p.i.AbstractProblemLoader Creating init config 
119706     DEBUG main            d.u.i.k.p.i.AbstractProblemLoader Init config took 2.54s 
119766     INFO  main            d.u.i.k.p.i.AbstractProblemLoader Replaying proof Indirect[Indirect::test(Coll1,Coll2)].JML operation contract.0 
119767     DEBUG main            d.u.i.k.p.i.IntermediateProofReplayer Proof replay took 6.8ns 
119971     INFO  main            d.u.i.k.p.r.p.TestFile    ... finished proof: closed. 
120229     INFO  main            d.u.i.k.p.i.AbstractProblemLoader Loading environment from /home/runner/work/key/key/key.core/../key.ui/examples/heap/model_methods/Indirect_test.key.proof 
120229     DEBUG main            d.u.i.k.p.i.AbstractProblemLoader Environment load took 118ns 
120230     INFO  main            d.u.i.k.p.i.AbstractProblemLoader Creating init config 
122712     DEBUG main            d.u.i.k.p.i.AbstractProblemLoader Init config took 2.48s 
122750     INFO  main            d.u.i.k.p.i.AbstractProblemLoader Replaying proof Indirect[Indirect::test(Coll1,Coll2)].JML operation contract.0 
122804     DEBUG main            d.u.i.k.p.i.IntermediateProofReplayer Proof replay took 50.19ms 
122805     DEBUG main            d.u.i.k.p.r.p.TestFile    ... success: reloaded. 
122806     INFO  main            d.u.i.k.p.r.p.TestFile    Now processing file /home/runner/work/key/key/key.core/../key.ui/examples/heap/model_methods/Recell_Cell_footprint.key 
122806     INFO  main            d.u.i.k.p.i.AbstractProblemLoader Loading environment from /home/runner/work/key/key/key.core/../key.ui/examples/heap/model_methods/Recell_Cell_footprint.key 
122806     DEBUG main            d.u.i.k.p.i.AbstractProblemLoader Environment load took 185.6ns 
122807     INFO  main            d.u.i.k.p.i.AbstractProblemLoader Creating init config 
125366     DEBUG main            d.u.i.k.p.i.AbstractProblemLoader Init config took 2.56s 
125403     INFO  main            d.u.i.k.p.i.AbstractProblemLoader Replaying proof Recell[Cell::footprint()].JML model_behavior operation contract.0 
125405     DEBUG main            d.u.i.k.p.i.IntermediateProofReplayer Proof replay took 5.9ns 
125510     INFO  main            d.u.i.k.p.r.p.TestFile    ... finished proof: closed. 
125750     INFO  main            d.u.i.k.p.i.AbstractProblemLoader Loading environment from /home/runner/work/key/key/key.core/../key.ui/examples/heap/model_methods/Recell_Cell_footprint.key.proof 
125750     DEBUG main            d.u.i.k.p.i.AbstractProblemLoader Environment load took 113.3ns 
125751     INFO  main            d.u.i.k.p.i.AbstractProblemLoader Creating init config 
128204     DEBUG main            d.u.i.k.p.i.AbstractProblemLoader Init config took 2.45s 
128241     INFO  main            d.u.i.k.p.i.AbstractProblemLoader Replaying proof Recell[Cell::footprint()].JML model_behavior operation contract.0 
128245     DEBUG main            d.u.i.k.p.i.IntermediateProofReplayer Proof replay took 2.67ms 
128246     DEBUG main            d.u.i.k.p.r.p.TestFile    ... success: reloaded. 
128247     INFO  main            d.u.i.k.p.r.p.TestFile    Now processing file /home/runner/work/key/key/key.core/../key.ui/examples/heap/model_methods/Recell_Cell_post_set.key 
128247     INFO  main            d.u.i.k.p.i.AbstractProblemLoader Loading environment from /home/runner/work/key/key/key.core/../key.ui/examples/heap/model_methods/Recell_Cell_post_set.key 
128248     DEBUG main            d.u.i.k.p.i.AbstractProblemLoader Environment load took 60.2ns 
128248     INFO  main            d.u.i.k.p.i.AbstractProblemLoader Creating init config 
130782     DEBUG main            d.u.i.k.p.i.AbstractProblemLoader Init config took 2.53s 
130819     INFO  main            d.u.i.k.p.i.AbstractProblemLoader Replaying proof Recell[Cell::post_set(int)].JML model_behavior operation contract.0 
130821     DEBUG main            d.u.i.k.p.i.IntermediateProofReplayer Proof replay took 6.7ns 
130922     INFO  main            d.u.i.k.p.r.p.TestFile    ... finished proof: closed. 
131170     INFO  main            d.u.i.k.p.i.AbstractProblemLoader Loading environment from /home/runner/work/key/key/key.core/../key.ui/examples/heap/model_methods/Recell_Cell_post_set.key.proof 
131170     DEBUG main            d.u.i.k.p.i.AbstractProblemLoader Environment load took 114.9ns 
131171     INFO  main            d.u.i.k.p.i.AbstractProblemLoader Creating init config 
133625     DEBUG main            d.u.i.k.p.i.AbstractProblemLoader Init config took 2.45s 
133666     INFO  main            d.u.i.k.p.i.AbstractProblemLoader Replaying proof Recell[Cell::post_set(int)].JML model_behavior operation contract.0 
133671     DEBUG main            d.u.i.k.p.i.IntermediateProofReplayer Proof replay took 3.82ms 
133672     DEBUG main            d.u.i.k.p.r.p.TestFile    ... success: reloaded. 
133673     INFO  main            d.u.i.k.p.r.p.TestFile    Now processing file /home/runner/work/key/key/key.core/../key.ui/examples/heap/model_methods/Recell_footprint_acc.key 
133673     INFO  main            d.u.i.k.p.i.AbstractProblemLoader Loading environment from /home/runner/work/key/key/key.core/../key.ui/examples/heap/model_methods/Recell_footprint_acc.key 
133673     DEBUG main            d.u.i.k.p.i.AbstractProblemLoader Environment load took 169.9ns 
133674     INFO  main            d.u.i.k.p.i.AbstractProblemLoader Creating init config 
136179     DEBUG main            d.u.i.k.p.i.AbstractProblemLoader Init config took 2.5s 
136216     INFO  main            d.u.i.k.p.i.AbstractProblemLoader Replaying proof Recell[Cell::footprint()].JML accessible clause.0 
136218     DEBUG main            d.u.i.k.p.i.IntermediateProofReplayer Proof replay took 6.6ns 
136324     INFO  main            d.u.i.k.p.r.p.TestFile    ... finished proof: closed. 
136576     INFO  main            d.u.i.k.p.i.AbstractProblemLoader Loading environment from /home/runner/work/key/key/key.core/../key.ui/examples/heap/model_methods/Recell_footprint_acc.key.proof 
136576     DEBUG main            d.u.i.k.p.i.AbstractProblemLoader Environment load took 110.5ns 
136577     INFO  main            d.u.i.k.p.i.AbstractProblemLoader Creating init config 
139029     DEBUG main            d.u.i.k.p.i.AbstractProblemLoader Init config took 2.45s 
139066     INFO  main            d.u.i.k.p.i.AbstractProblemLoader Replaying proof Recell[Cell::footprint()].JML accessible clause.0 
139087     DEBUG main            d.u.i.k.p.i.IntermediateProofReplayer Proof replay took 17.96ms 
139087     DEBUG main            d.u.i.k.p.r.p.TestFile    ... success: reloaded. 
139088     INFO  main            d.u.i.k.p.r.p.TestFile    Now processing file /home/runner/work/key/key/key.core/../key.ui/examples/heap/model_methods/Recell_get_acc.key 
139089     INFO  main            d.u.i.k.p.i.AbstractProblemLoader Loading environment from /home/runner/work/key/key/key.core/../key.ui/examples/heap/model_methods/Recell_get_acc.key 
139089     DEBUG main            d.u.i.k.p.i.AbstractProblemLoader Environment load took 90.6ns 
139090     INFO  main            d.u.i.k.p.i.AbstractProblemLoader Creating init config 
141614     DEBUG main            d.u.i.k.p.i.AbstractProblemLoader Init config took 2.52s 
141651     INFO  main            d.u.i.k.p.i.AbstractProblemLoader Replaying proof Recell[Cell::get()].JML accessible clause.0 
141653     DEBUG main            d.u.i.k.p.i.IntermediateProofReplayer Proof replay took 7.4ns 
141754     INFO  main            d.u.i.k.p.r.p.TestFile    ... finished proof: closed. 
142020     INFO  main            d.u.i.k.p.i.AbstractProblemLoader Loading environment from /home/runner/work/key/key/key.core/../key.ui/examples/heap/model_methods/Recell_get_acc.key.proof 
142020     DEBUG main            d.u.i.k.p.i.AbstractProblemLoader Environment load took 111ns 
142021     INFO  main            d.u.i.k.p.i.AbstractProblemLoader Creating init config 
144465     DEBUG main            d.u.i.k.p.i.AbstractProblemLoader Init config took 2.44s 
144502     INFO  main            d.u.i.k.p.i.AbstractProblemLoader Replaying proof Recell[Cell::get()].JML accessible clause.0 
144520     DEBUG main            d.u.i.k.p.i.IntermediateProofReplayer Proof replay took 16.31ms 
144521     DEBUG main            d.u.i.k.p.r.p.TestFile    ... success: reloaded. 
144522     INFO  main            d.u.i.k.p.r.p.TestFile    Now processing file /home/runner/work/key/key/key.core/../key.ui/examples/heap/model_methods/Recell_get.key 
144522     INFO  main            d.u.i.k.p.i.AbstractProblemLoader Loading environment from /home/runner/work/key/key/key.core/../key.ui/examples/heap/model_methods/Recell_get.key 
144522     DEBUG main            d.u.i.k.p.i.AbstractProblemLoader Environment load took 86.7ns 
144523     INFO  main            d.u.i.k.p.i.AbstractProblemLoader Creating init config 
147049     DEBUG main            d.u.i.k.p.i.AbstractProblemLoader Init config took 2.53s 
147087     INFO  main            d.u.i.k.p.i.AbstractProblemLoader Replaying proof Recell[Cell::get()].JML operation contract.0 
147089     DEBUG main            d.u.i.k.p.i.IntermediateProofReplayer Proof replay took 6.6ns 
147191     INFO  main            d.u.i.k.p.r.p.TestFile    ... finished proof: closed. 
147455     INFO  main            d.u.i.k.p.i.AbstractProblemLoader Loading environment from /home/runner/work/key/key/key.core/../key.ui/examples/heap/model_methods/Recell_get.key.proof 
147455     DEBUG main            d.u.i.k.p.i.AbstractProblemLoader Environment load took 108.2ns 
147456     INFO  main            d.u.i.k.p.i.AbstractProblemLoader Creating init config 
149942     DEBUG main            d.u.i.k.p.i.AbstractProblemLoader Init config took 2.49s 
149987     INFO  main            d.u.i.k.p.i.AbstractProblemLoader Replaying proof Recell[Cell::get()].JML operation contract.0 
149999     DEBUG main            d.u.i.k.p.i.IntermediateProofReplayer Proof replay took 10ms 
150000     DEBUG main            d.u.i.k.p.r.p.TestFile    ... success: reloaded. 
150001     INFO  main            d.u.i.k.p.r.p.TestFile    Now processing file /home/runner/work/key/key/key.core/../key.ui/examples/heap/model_methods/Recell_Recell_footprint.key 
150001     INFO  main            d.u.i.k.p.i.AbstractProblemLoader Loading environment from /home/runner/work/key/key/key.core/../key.ui/examples/heap/model_methods/Recell_Recell_footprint.key 
150001     DEBUG main            d.u.i.k.p.i.AbstractProblemLoader Environment load took 163.9ns 
150003     INFO  main            d.u.i.k.p.i.AbstractProblemLoader Creating init config 
152493     DEBUG main            d.u.i.k.p.i.AbstractProblemLoader Init config took 2.49s 
152530     INFO  main            d.u.i.k.p.i.AbstractProblemLoader Replaying proof Recell[Recell::footprint()].JML model_behavior operation contract.0 
152532     DEBUG main            d.u.i.k.p.i.IntermediateProofReplayer Proof replay took 7.7ns 
152637     INFO  main            d.u.i.k.p.r.p.TestFile    ... finished proof: closed. 
152932     INFO  main            d.u.i.k.p.i.AbstractProblemLoader Loading environment from /home/runner/work/key/key/key.core/../key.ui/examples/heap/model_methods/Recell_Recell_footprint.key.proof 
152932     DEBUG main            d.u.i.k.p.i.AbstractProblemLoader Environment load took 109.3ns 
152933     INFO  main            d.u.i.k.p.i.AbstractProblemLoader Creating init config 
155376     DEBUG main            d.u.i.k.p.i.AbstractProblemLoader Init config took 2.44s 
155414     INFO  main            d.u.i.k.p.i.AbstractProblemLoader Replaying proof Recell[Recell::footprint()].JML model_behavior operation contract.0 
155416     DEBUG main            d.u.i.k.p.i.IntermediateProofReplayer Proof replay took 1.24ms 
155417     DEBUG main            d.u.i.k.p.r.p.TestFile    ... success: reloaded. 
155418     INFO  main            d.u.i.k.p.r.p.TestFile    Now processing file /home/runner/work/key/key/key.core/../key.ui/examples/heap/model_methods/Recell_Recell_post_set.key 
155418     INFO  main            d.u.i.k.p.i.AbstractProblemLoader Loading environment from /home/runner/work/key/key/key.core/../key.ui/examples/heap/model_methods/Recell_Recell_post_set.key 
155418     DEBUG main            d.u.i.k.p.i.AbstractProblemLoader Environment load took 241.1ns 
155419     INFO  main            d.u.i.k.p.i.AbstractProblemLoader Creating init config 
157938     DEBUG main            d.u.i.k.p.i.AbstractProblemLoader Init config took 2.52s 
157976     INFO  main            d.u.i.k.p.i.AbstractProblemLoader Replaying proof Recell[Recell::post_set(int)].JML model_behavior operation contract.0 
157977     DEBUG main            d.u.i.k.p.i.IntermediateProofReplayer Proof replay took 7.4ns 
158079     INFO  main            d.u.i.k.p.r.p.TestFile    ... finished proof: closed. 
158353     INFO  main            d.u.i.k.p.i.AbstractProblemLoader Loading environment from /home/runner/work/key/key/key.core/../key.ui/examples/heap/model_methods/Recell_Recell_post_set.key.proof 
158353     DEBUG main            d.u.i.k.p.i.AbstractProblemLoader Environment load took 102.4ns 
158354     INFO  main            d.u.i.k.p.i.AbstractProblemLoader Creating init config 
160797     DEBUG main            d.u.i.k.p.i.AbstractProblemLoader Init config took 2.44s 
160835     INFO  main            d.u.i.k.p.i.AbstractProblemLoader Replaying proof Recell[Recell::post_set(int)].JML model_behavior operation contract.0 
160838     DEBUG main            d.u.i.k.p.i.IntermediateProofReplayer Proof replay took 2.18ms 
160839     DEBUG main            d.u.i.k.p.r.p.TestFile    ... success: reloaded. 
160840     INFO  main            d.u.i.k.p.r.p.TestFile    Now processing file /home/runner/work/key/key/key.core/../key.ui/examples/heap/model_methods/Recell_set.key 
160840     INFO  main            d.u.i.k.p.i.AbstractProblemLoader Loading environment from /home/runner/work/key/key/key.core/../key.ui/examples/heap/model_methods/Recell_set.key 
160840     DEBUG main            d.u.i.k.p.i.AbstractProblemLoader Environment load took 65.1ns 
160841     INFO  main            d.u.i.k.p.i.AbstractProblemLoader Creating init config 
163359     DEBUG main            d.u.i.k.p.i.AbstractProblemLoader Init config took 2.52s 
163397     INFO  main            d.u.i.k.p.i.AbstractProblemLoader Replaying proof Recell[Cell::set(int)].JML operation contract.0 
163398     DEBUG main            d.u.i.k.p.i.IntermediateProofReplayer Proof replay took 6.8ns 
170175     INFO  main            d.u.i.k.p.r.p.TestFile    ... finished proof: closed. 
170487     INFO  main            d.u.i.k.p.i.AbstractProblemLoader Loading environment from /home/runner/work/key/key/key.core/../key.ui/examples/heap/model_methods/Recell_set.key.proof 
170491     DEBUG main            d.u.i.k.p.i.AbstractProblemLoader Environment load took 3.84ms 
170492     INFO  main            d.u.i.k.p.i.AbstractProblemLoader Creating init config 
172936     DEBUG main            d.u.i.k.p.i.AbstractProblemLoader Init config took 2.44s 
172974     INFO  main            d.u.i.k.p.i.AbstractProblemLoader Replaying proof Recell[Cell::set(int)].JML operation contract.0 
173457     DEBUG main            d.u.i.k.p.i.IntermediateProofReplayer Proof replay took 465.65ms 
173459     DEBUG main            d.u.i.k.p.r.p.TestFile    ... success: reloaded. 
173460     INFO  main            d.u.i.k.p.r.p.TestFile    Now processing file /home/runner/work/key/key/key.core/../key.ui/examples/heap/model_methods/Recell_undo.key 
173460     INFO  main            d.u.i.k.p.i.AbstractProblemLoader Loading environment from /home/runner/work/key/key/key.core/../key.ui/examples/heap/model_methods/Recell_undo.key 
173460     DEBUG main            d.u.i.k.p.i.AbstractProblemLoader Environment load took 162.9ns 
173461     INFO  main            d.u.i.k.p.i.AbstractProblemLoader Creating init config 
175957     DEBUG main            d.u.i.k.p.i.AbstractProblemLoader Init config took 2.5s 
175994     INFO  main            d.u.i.k.p.i.AbstractProblemLoader Replaying proof Recell[Recell::undo()].JML operation contract.0 
175996     DEBUG main            d.u.i.k.p.i.IntermediateProofReplayer Proof replay took 7.5ns 
176203     INFO  main            d.u.i.k.p.r.p.TestFile    ... finished proof: closed. 
176497     INFO  main            d.u.i.k.p.i.AbstractProblemLoader Loading environment from /home/runner/work/key/key/key.core/../key.ui/examples/heap/model_methods/Recell_undo.key.proof 
176498     DEBUG main            d.u.i.k.p.i.AbstractProblemLoader Environment load took 103.2ns 
176498     INFO  main            d.u.i.k.p.i.AbstractProblemLoader Creating init config 
178928     DEBUG main            d.u.i.k.p.i.AbstractProblemLoader Init config took 2.43s 
178969     INFO  main            d.u.i.k.p.i.AbstractProblemLoader Replaying proof Recell[Recell::undo()].JML operation contract.0 
179005     DEBUG main            d.u.i.k.p.i.IntermediateProofReplayer Proof replay took 30.5ms 
179006     DEBUG main            d.u.i.k.p.r.p.TestFile    ... success: reloaded. 
4176123    INFO  Test worker     d.u.i.k.p.r.RunAllProofsTestUnit Returning from test modelMethods 
4176123    INFO  Test worker     d.u.i.k.p.r.RunAllProofsTestUnit Running test permissionHeap 
368        INFO  Timeout watchdog d.u.i.k.p.r.p.ForkedTestFileRunner Timeout watcher launched (2000 secs.) 
370        WARN  main            d.u.i.k.s.ProofSettings   The settings in /home/runner/.key/proof-settings.props are *not* read. 
398        INFO  main            d.u.i.k.p.r.p.TestFile    Now processing file /home/runner/work/key/key/key.core/../key.ui/examples/heap/permissions/permissions_method0.key 
520        INFO  main            d.u.i.k.p.i.AbstractProblemLoader Loading environment from /home/runner/work/key/key/key.core/../key.ui/examples/heap/permissions/permissions_method0.key 
538        DEBUG main            d.u.i.k.p.i.AbstractProblemLoader Environment load took 1.97ms 
776        INFO  main            d.u.i.k.p.i.AbstractProblemLoader Creating init config 
1739       DEBUG main            d.u.i.k.j.TypeConverter   No LDT found for Meta 
1740       DEBUG main            d.u.i.k.j.TypeConverter   No LDT found for Meta 
1743       DEBUG main            d.u.i.k.j.TypeConverter   No LDT found for Meta 
1744       DEBUG main            d.u.i.k.j.TypeConverter   No LDT found for Meta 
3055       DEBUG main            d.u.i.k.j.TypeConverter   No LDT found for JavaBigintExpression 
8743       DEBUG main            d.u.i.k.p.i.AbstractProblemLoader Init config took 7.97s 
8915       INFO  main            d.u.i.k.p.i.AbstractProblemLoader Replaying proof MyClass[MyClass::method0()].JML normal_behavior operation contract.0 
8952       DEBUG main            d.u.i.k.p.i.IntermediateProofReplayer Proof replay took 34.4ns 
9771       INFO  main            d.u.i.k.p.r.p.TestFile    ... finished proof: closed. 
9901       INFO  main            d.u.i.k.p.i.AbstractProblemLoader Loading environment from /home/runner/work/key/key/key.core/../key.ui/examples/heap/permissions/permissions_method0.key.proof 
9901       DEBUG main            d.u.i.k.p.i.AbstractProblemLoader Environment load took 374.61ns 
9903       INFO  main            d.u.i.k.p.i.AbstractProblemLoader Creating init config 
12871      DEBUG main            d.u.i.k.p.i.AbstractProblemLoader Init config took 2.97s 
12944      INFO  main            d.u.i.k.p.i.AbstractProblemLoader Replaying proof MyClass[MyClass::method0()].JML normal_behavior operation contract.0 
13047      DEBUG main            d.u.i.k.p.i.IntermediateProofReplayer Proof replay took 96.97ms 
13053      DEBUG main            d.u.i.k.p.r.p.TestFile    ... success: reloaded. 
13055      INFO  main            d.u.i.k.p.r.p.TestFile    Now processing file /home/runner/work/key/key/key.core/../key.ui/examples/heap/permissions/permissions_method1.key 
13055      INFO  main            d.u.i.k.p.i.AbstractProblemLoader Loading environment from /home/runner/work/key/key/key.core/../key.ui/examples/heap/permissions/permissions_method1.key 
13055      DEBUG main            d.u.i.k.p.i.AbstractProblemLoader Environment load took 231.4ns 
13057      INFO  main            d.u.i.k.p.i.AbstractProblemLoader Creating init config 
15964      DEBUG main            d.u.i.k.p.i.AbstractProblemLoader Init config took 2.91s 
16031      INFO  main            d.u.i.k.p.i.AbstractProblemLoader Replaying proof MyClass[MyClass::method1()].JML normal_behavior operation contract.0 
16034      DEBUG main            d.u.i.k.p.i.IntermediateProofReplayer Proof replay took 5.7ns 
16337      INFO  main            d.u.i.k.p.r.p.TestFile    ... finished proof: closed. 
16481      INFO  main            d.u.i.k.p.i.AbstractProblemLoader Loading environment from /home/runner/work/key/key/key.core/../key.ui/examples/heap/permissions/permissions_method1.key.proof 
16481      DEBUG main            d.u.i.k.p.i.AbstractProblemLoader Environment load took 135.3ns 
16487      INFO  main            d.u.i.k.p.i.AbstractProblemLoader Creating init config 
19210      DEBUG main            d.u.i.k.p.i.AbstractProblemLoader Init config took 2.72s 
19261      INFO  main            d.u.i.k.p.i.AbstractProblemLoader Replaying proof MyClass[MyClass::method1()].JML normal_behavior operation contract.0 
19328      DEBUG main            d.u.i.k.p.i.IntermediateProofReplayer Proof replay took 63.68ms 
19329      DEBUG main            d.u.i.k.p.r.p.TestFile    ... success: reloaded. 
19330      INFO  main            d.u.i.k.p.r.p.TestFile    Now processing file /home/runner/work/key/key/key.core/../key.ui/examples/heap/permissions/permissions_method3.key 
19331      INFO  main            d.u.i.k.p.i.AbstractProblemLoader Loading environment from /home/runner/work/key/key/key.core/../key.ui/examples/heap/permissions/permissions_method3.key 
19331      DEBUG main            d.u.i.k.p.i.AbstractProblemLoader Environment load took 186.9ns 
19332      INFO  main            d.u.i.k.p.i.AbstractProblemLoader Creating init config 
22140      DEBUG main            d.u.i.k.p.i.AbstractProblemLoader Init config took 2.81s 
22187      INFO  main            d.u.i.k.p.i.AbstractProblemLoader Replaying proof MyClass[MyClass::method3()].JML normal_behavior operation contract.0 
22189      DEBUG main            d.u.i.k.p.i.IntermediateProofReplayer Proof replay took 6.3ns 
23796      INFO  main            d.u.i.k.p.r.p.TestFile    ... finished proof: closed. 
24002      INFO  main            d.u.i.k.p.i.AbstractProblemLoader Loading environment from /home/runner/work/key/key/key.core/../key.ui/examples/heap/permissions/permissions_method3.key.proof 
24002      DEBUG main            d.u.i.k.p.i.AbstractProblemLoader Environment load took 402.01ns 
24004      INFO  main            d.u.i.k.p.i.AbstractProblemLoader Creating init config 
26725      DEBUG main            d.u.i.k.p.i.AbstractProblemLoader Init config took 2.72s 
26784      INFO  main            d.u.i.k.p.i.AbstractProblemLoader Replaying proof MyClass[MyClass::method3()].JML normal_behavior operation contract.0 
27106      DEBUG main            d.u.i.k.p.i.IntermediateProofReplayer Proof replay took 310.71ms 
27108      DEBUG main            d.u.i.k.p.r.p.TestFile    ... success: reloaded. 
27109      INFO  main            d.u.i.k.p.r.p.TestFile    Now processing file /home/runner/work/key/key/key.core/../key.ui/examples/heap/permissions/permissions_setAB.key 
27110      INFO  main            d.u.i.k.p.i.AbstractProblemLoader Loading environment from /home/runner/work/key/key/key.core/../key.ui/examples/heap/permissions/permissions_setAB.key 
27110      DEBUG main            d.u.i.k.p.i.AbstractProblemLoader Environment load took 180.5ns 
27111      INFO  main            d.u.i.k.p.i.AbstractProblemLoader Creating init config 
29837      DEBUG main            d.u.i.k.p.i.AbstractProblemLoader Init config took 2.73s 
29881      INFO  main            d.u.i.k.p.i.AbstractProblemLoader Replaying proof MyClass[MyClass::setAB()].JML normal_behavior operation contract.0 
29883      DEBUG main            d.u.i.k.p.i.IntermediateProofReplayer Proof replay took 6.2ns 
31396      INFO  main            d.u.i.k.p.r.p.TestFile    ... finished proof: closed. 
31595      INFO  main            d.u.i.k.p.i.AbstractProblemLoader Loading environment from /home/runner/work/key/key/key.core/../key.ui/examples/heap/permissions/permissions_setAB.key.proof 
31595      DEBUG main            d.u.i.k.p.i.AbstractProblemLoader Environment load took 134.1ns 
31596      INFO  main            d.u.i.k.p.i.AbstractProblemLoader Creating init config 
34272      DEBUG main            d.u.i.k.p.i.AbstractProblemLoader Init config took 2.68s 
34320      INFO  main            d.u.i.k.p.i.AbstractProblemLoader Replaying proof MyClass[MyClass::setAB()].JML normal_behavior operation contract.0 
34573      DEBUG main            d.u.i.k.p.i.IntermediateProofReplayer Proof replay took 245.04ms 
34575      DEBUG main            d.u.i.k.p.r.p.TestFile    ... success: reloaded. 
34577      INFO  main            d.u.i.k.p.r.p.TestFile    Now processing file /home/runner/work/key/key/key.core/../key.ui/examples/heap/permissions/permissionProperties.key 
34577      INFO  main            d.u.i.k.p.i.AbstractProblemLoader Loading environment from /home/runner/work/key/key/key.core/../key.ui/examples/heap/permissions/permissionProperties.key 
34577      DEBUG main            d.u.i.k.p.i.AbstractProblemLoader Environment load took 190.7ns 
34579      INFO  main            d.u.i.k.p.i.AbstractProblemLoader Creating init config 
34756      DEBUG main            d.u.i.k.j.TypeConverter   No LDT found for Meta 
34756      DEBUG main            d.u.i.k.j.TypeConverter   No LDT found for Meta 
34757      DEBUG main            d.u.i.k.j.TypeConverter   No LDT found for Meta 
34757      DEBUG main            d.u.i.k.j.TypeConverter   No LDT found for Meta 
35346      DEBUG main            d.u.i.k.j.TypeConverter   No LDT found for JavaBigintExpression 
38092      DEBUG main            d.u.i.k.p.i.AbstractProblemLoader Init config took 3.51s 
38117      INFO  main            d.u.i.k.p.i.AbstractProblemLoader Replaying proof permissionProperties.key 
38120      DEBUG main            d.u.i.k.p.i.IntermediateProofReplayer Proof replay took 7.3ns 
38225      INFO  main            d.u.i.k.p.r.p.TestFile    ... finished proof: closed. 
38397      INFO  main            d.u.i.k.p.i.AbstractProblemLoader Loading environment from /home/runner/work/key/key/key.core/../key.ui/examples/heap/permissions/permissionProperties.key.proof 
38397      DEBUG main            d.u.i.k.p.i.AbstractProblemLoader Environment load took 358.11ns 
38399      INFO  main            d.u.i.k.p.i.AbstractProblemLoader Creating init config 
40887      DEBUG main            d.u.i.k.p.i.AbstractProblemLoader Init config took 2.49s 
40907      INFO  main            d.u.i.k.p.i.AbstractProblemLoader Replaying proof permissionProperties.key.proof 
40930      DEBUG main            d.u.i.k.p.i.IntermediateProofReplayer Proof replay took 19.47ms 
40931      DEBUG main            d.u.i.k.p.r.p.TestFile    ... success: reloaded. 
40932      INFO  main            d.u.i.k.p.r.p.TestFile    Now processing file /home/runner/work/key/key/key.core/../key.ui/examples/heap/permissions/threads/AFilter_AFilter.key 
40933      INFO  main            d.u.i.k.p.i.AbstractProblemLoader Loading environment from /home/runner/work/key/key/key.core/../key.ui/examples/heap/permissions/threads/AFilter_AFilter.key 
40933      DEBUG main            d.u.i.k.p.i.AbstractProblemLoader Environment load took 249.8ns 
40934      INFO  main            d.u.i.k.p.i.AbstractProblemLoader Creating init config 
41056      DEBUG main            d.u.i.k.j.TypeConverter   No LDT found for Meta 
41056      DEBUG main            d.u.i.k.j.TypeConverter   No LDT found for Meta 
41057      DEBUG main            d.u.i.k.j.TypeConverter   No LDT found for Meta 
41057      DEBUG main            d.u.i.k.j.TypeConverter   No LDT found for Meta 
41736      DEBUG main            d.u.i.k.j.TypeConverter   No LDT found for JavaBigintExpression 
47081      DEBUG main            d.u.i.k.p.i.AbstractProblemLoader Init config took 6.15s 
47201      INFO  main            d.u.i.k.p.i.AbstractProblemLoader Replaying proof AFilter[AFilter::AFilter(Sampler,Buffer)].JML normal_behavior operation contract.0 
47203      DEBUG main            d.u.i.k.p.i.IntermediateProofReplayer Proof replay took 6.6ns 
48207      INFO  main            d.u.i.k.p.r.p.TestFile    ... finished proof: closed. 
48516      INFO  main            d.u.i.k.p.i.AbstractProblemLoader Loading environment from /home/runner/work/key/key/key.core/../key.ui/examples/heap/permissions/threads/AFilter_AFilter.key.proof 
48518      DEBUG main            d.u.i.k.p.i.AbstractProblemLoader Environment load took 1.57ms 
48520      INFO  main            d.u.i.k.p.i.AbstractProblemLoader Creating init config 
53240      DEBUG main            d.u.i.k.p.i.AbstractProblemLoader Init config took 4.72s 
53353      INFO  main            d.u.i.k.p.i.AbstractProblemLoader Replaying proof AFilter[AFilter::AFilter(Sampler,Buffer)].JML normal_behavior operation contract.0 
53525      DEBUG main            d.u.i.k.p.i.IntermediateProofReplayer Proof replay took 167.45ms 
53527      DEBUG main            d.u.i.k.p.r.p.TestFile    ... success: reloaded. 
53528      INFO  main            d.u.i.k.p.r.p.TestFile    Now processing file /home/runner/work/key/key/key.core/../key.ui/examples/heap/permissions/threads/AFilter_initPost_accessible.key 
53529      INFO  main            d.u.i.k.p.i.AbstractProblemLoader Loading environment from /home/runner/work/key/key/key.core/../key.ui/examples/heap/permissions/threads/AFilter_initPost_accessible.key 
53529      DEBUG main            d.u.i.k.p.i.AbstractProblemLoader Environment load took 98.8ns 
53530      INFO  main            d.u.i.k.p.i.AbstractProblemLoader Creating init config 
58295      DEBUG main            d.u.i.k.p.i.AbstractProblemLoader Init config took 4.76s 
58419      INFO  main            d.u.i.k.p.i.AbstractProblemLoader Replaying proof AFilter[ThreadSpec2::initPost()].JML accessible clause.0 
58422      DEBUG main            d.u.i.k.p.i.IntermediateProofReplayer Proof replay took 6.5ns 
58525      INFO  main            d.u.i.k.p.r.p.TestFile    ... finished proof: closed. 
58726      INFO  main            d.u.i.k.p.i.AbstractProblemLoader Loading environment from /home/runner/work/key/key/key.core/../key.ui/examples/heap/permissions/threads/AFilter_initPost_accessible.key.proof 
58726      DEBUG main            d.u.i.k.p.i.AbstractProblemLoader Environment load took 124.6ns 
58727      INFO  main            d.u.i.k.p.i.AbstractProblemLoader Creating init config 
63427      DEBUG main            d.u.i.k.p.i.AbstractProblemLoader Init config took 4.7s 
63513      INFO  main            d.u.i.k.p.i.AbstractProblemLoader Replaying proof AFilter[ThreadSpec2::initPost()].JML accessible clause.0 
63528      DEBUG main            d.u.i.k.p.i.IntermediateProofReplayer Proof replay took 12.26ms 
63529      DEBUG main            d.u.i.k.p.r.p.TestFile    ... success: reloaded. 
63531      INFO  main            d.u.i.k.p.r.p.TestFile    Now processing file /home/runner/work/key/key/key.core/../key.ui/examples/heap/permissions/threads/AFilter_inv_accessible1.key 
63531      INFO  main            d.u.i.k.p.i.AbstractProblemLoader Loading environment from /home/runner/work/key/key/key.core/../key.ui/examples/heap/permissions/threads/AFilter_inv_accessible1.key 
63531      DEBUG main            d.u.i.k.p.i.AbstractProblemLoader Environment load took 205.8ns 
63532      INFO  main            d.u.i.k.p.i.AbstractProblemLoader Creating init config 
68298      DEBUG main            d.u.i.k.p.i.AbstractProblemLoader Init config took 4.77s 
68398      INFO  main            d.u.i.k.p.i.AbstractProblemLoader Replaying proof AFilter[java.lang.Object::<inv>()].JML accessible clause.0 
68402      DEBUG main            d.u.i.k.p.i.IntermediateProofReplayer Proof replay took 7.4ns 
68505      INFO  main            d.u.i.k.p.r.p.TestFile    ... finished proof: closed. 
68711      INFO  main            d.u.i.k.p.i.AbstractProblemLoader Loading environment from /home/runner/work/key/key/key.core/../key.ui/examples/heap/permissions/threads/AFilter_inv_accessible1.key.proof 
68712      DEBUG main            d.u.i.k.p.i.AbstractProblemLoader Environment load took 123.3ns 
68713      INFO  main            d.u.i.k.p.i.AbstractProblemLoader Creating init config 
73428      DEBUG main            d.u.i.k.p.i.AbstractProblemLoader Init config took 4.71s 
73524      INFO  main            d.u.i.k.p.i.AbstractProblemLoader Replaying proof AFilter[java.lang.Object::<inv>()].JML accessible clause.0 
73528      DEBUG main            d.u.i.k.p.i.IntermediateProofReplayer Proof replay took 2.4ms 
73529      DEBUG main            d.u.i.k.p.r.p.TestFile    ... success: reloaded. 
73530      INFO  main            d.u.i.k.p.r.p.TestFile    Now processing file /home/runner/work/key/key/key.core/../key.ui/examples/heap/permissions/threads/AFilter_inv_accessible2.key 
73530      INFO  main            d.u.i.k.p.i.AbstractProblemLoader Loading environment from /home/runner/work/key/key/key.core/../key.ui/examples/heap/permissions/threads/AFilter_inv_accessible2.key 
73530      DEBUG main            d.u.i.k.p.i.AbstractProblemLoader Environment load took 84.3ns 
73531      INFO  main            d.u.i.k.p.i.AbstractProblemLoader Creating init config 
78237      DEBUG main            d.u.i.k.p.i.AbstractProblemLoader Init config took 4.71s 
78321      INFO  main            d.u.i.k.p.i.AbstractProblemLoader Replaying proof AFilter[java.lang.Object::<inv>()].JML accessible clause.1 
78322      DEBUG main            d.u.i.k.p.i.IntermediateProofReplayer Proof replay took 7.1ns 
78424      INFO  main            d.u.i.k.p.r.p.TestFile    ... finished proof: closed. 
78640      INFO  main            d.u.i.k.p.i.AbstractProblemLoader Loading environment from /home/runner/work/key/key/key.core/../key.ui/examples/heap/permissions/threads/AFilter_inv_accessible2.key.proof 
78641      DEBUG main            d.u.i.k.p.i.AbstractProblemLoader Environment load took 123.8ns 
78642      INFO  main            d.u.i.k.p.i.AbstractProblemLoader Creating init config 
83322      DEBUG main            d.u.i.k.p.i.AbstractProblemLoader Init config took 4.68s 
83406      INFO  main            d.u.i.k.p.i.AbstractProblemLoader Replaying proof AFilter[java.lang.Object::<inv>()].JML accessible clause.1 
83410      DEBUG main            d.u.i.k.p.i.IntermediateProofReplayer Proof replay took 2.27ms 
83411      DEBUG main            d.u.i.k.p.r.p.TestFile    ... success: reloaded. 
83417      INFO  main            d.u.i.k.p.r.p.TestFile    Now processing file /home/runner/work/key/key/key.core/../key.ui/examples/heap/permissions/threads/AFilter_joinTransfer_accessible.key 
83417      INFO  main            d.u.i.k.p.i.AbstractProblemLoader Loading environment from /home/runner/work/key/key/key.core/../key.ui/examples/heap/permissions/threads/AFilter_joinTransfer_accessible.key 
83417      DEBUG main            d.u.i.k.p.i.AbstractProblemLoader Environment load took 179.9ns 
83418      INFO  main            d.u.i.k.p.i.AbstractProblemLoader Creating init config 
88140      DEBUG main            d.u.i.k.p.i.AbstractProblemLoader Init config took 4.72s 
88236      INFO  main            d.u.i.k.p.i.AbstractProblemLoader Replaying proof AFilter[ThreadSpec2::joinTransfer()].JML accessible clause.0 
88237      DEBUG main            d.u.i.k.p.i.IntermediateProofReplayer Proof replay took 6.9ns 
89343      INFO  main            d.u.i.k.p.r.p.TestFile    ... finished proof: closed. 
89647      INFO  main            d.u.i.k.p.i.AbstractProblemLoader Loading environment from /home/runner/work/key/key/key.core/../key.ui/examples/heap/permissions/threads/AFilter_joinTransfer_accessible.key.proof 
89647      DEBUG main            d.u.i.k.p.i.AbstractProblemLoader Environment load took 358.21ns 
89648      INFO  main            d.u.i.k.p.i.AbstractProblemLoader Creating init config 
94305      DEBUG main            d.u.i.k.p.i.AbstractProblemLoader Init config took 4.66s 
94396      INFO  main            d.u.i.k.p.i.AbstractProblemLoader Replaying proof AFilter[ThreadSpec2::joinTransfer()].JML accessible clause.0 
94519      DEBUG main            d.u.i.k.p.i.IntermediateProofReplayer Proof replay took 118.35ms 
94521      DEBUG main            d.u.i.k.p.r.p.TestFile    ... success: reloaded. 
94522      INFO  main            d.u.i.k.p.r.p.TestFile    Now processing file /home/runner/work/key/key/key.core/../key.ui/examples/heap/permissions/threads/AFilter_joinTransfer_contract.key 
94522      INFO  main            d.u.i.k.p.i.AbstractProblemLoader Loading environment from /home/runner/work/key/key/key.core/../key.ui/examples/heap/permissions/threads/AFilter_joinTransfer_contract.key 
94523      DEBUG main            d.u.i.k.p.i.AbstractProblemLoader Environment load took 175.5ns 
94524      INFO  main            d.u.i.k.p.i.AbstractProblemLoader Creating init config 
99211      DEBUG main            d.u.i.k.p.i.AbstractProblemLoader Init config took 4.69s 
99295      INFO  main            d.u.i.k.p.i.AbstractProblemLoader Replaying proof AFilter[ThreadSpec2::joinTransfer()].JML model_behavior operation contract.0 
99296      DEBUG main            d.u.i.k.p.i.IntermediateProofReplayer Proof replay took 7.9ns 
99400      INFO  main            d.u.i.k.p.r.p.TestFile    ... finished proof: closed. 
99633      INFO  main            d.u.i.k.p.i.AbstractProblemLoader Loading environment from /home/runner/work/key/key/key.core/../key.ui/examples/heap/permissions/threads/AFilter_joinTransfer_contract.key.proof 
99633      DEBUG main            d.u.i.k.p.i.AbstractProblemLoader Environment load took 133.2ns 
99634      INFO  main            d.u.i.k.p.i.AbstractProblemLoader Creating init config 
104289     DEBUG main            d.u.i.k.p.i.AbstractProblemLoader Init config took 4.65s 
104371     INFO  main            d.u.i.k.p.i.AbstractProblemLoader Replaying proof AFilter[ThreadSpec2::joinTransfer()].JML model_behavior operation contract.0 
104380     DEBUG main            d.u.i.k.p.i.IntermediateProofReplayer Proof replay took 7.59ms 
104381     DEBUG main            d.u.i.k.p.r.p.TestFile    ... success: reloaded. 
104383     INFO  main            d.u.i.k.p.r.p.TestFile    Now processing file /home/runner/work/key/key/key.core/../key.ui/examples/heap/permissions/threads/AFilter_postJoin_accessible.key 
104383     INFO  main            d.u.i.k.p.i.AbstractProblemLoader Loading environment from /home/runner/work/key/key/key.core/../key.ui/examples/heap/permissions/threads/AFilter_postJoin_accessible.key 
104383     DEBUG main            d.u.i.k.p.i.AbstractProblemLoader Environment load took 192.5ns 
104384     INFO  main            d.u.i.k.p.i.AbstractProblemLoader Creating init config 
109098     DEBUG main            d.u.i.k.p.i.AbstractProblemLoader Init config took 4.71s 
109183     INFO  main            d.u.i.k.p.i.AbstractProblemLoader Replaying proof AFilter[ThreadSpec2::postJoin(java.lang.Object)].JML accessible clause.0 
109188     DEBUG main            d.u.i.k.p.i.IntermediateProofReplayer Proof replay took 7.4ns 
109293     INFO  main            d.u.i.k.p.r.p.TestFile    ... finished proof: closed. 
109532     INFO  main            d.u.i.k.p.i.AbstractProblemLoader Loading environment from /home/runner/work/key/key/key.core/../key.ui/examples/heap/permissions/threads/AFilter_postJoin_accessible.key.proof 
109532     DEBUG main            d.u.i.k.p.i.AbstractProblemLoader Environment load took 121.2ns 
109533     INFO  main            d.u.i.k.p.i.AbstractProblemLoader Creating init config 
114161     DEBUG main            d.u.i.k.p.i.AbstractProblemLoader Init config took 4.63s 
114242     INFO  main            d.u.i.k.p.i.AbstractProblemLoader Replaying proof AFilter[ThreadSpec2::postJoin(java.lang.Object)].JML accessible clause.0 
114250     DEBUG main            d.u.i.k.p.i.IntermediateProofReplayer Proof replay took 6.64ms 
114251     DEBUG main            d.u.i.k.p.r.p.TestFile    ... success: reloaded. 
114252     INFO  main            d.u.i.k.p.r.p.TestFile    Now processing file /home/runner/work/key/key/key.core/../key.ui/examples/heap/permissions/threads/AFilter_preStart_accessible.key 
114253     INFO  main            d.u.i.k.p.i.AbstractProblemLoader Loading environment from /home/runner/work/key/key/key.core/../key.ui/examples/heap/permissions/threads/AFilter_preStart_accessible.key 
114253     DEBUG main            d.u.i.k.p.i.AbstractProblemLoader Environment load took 87.2ns 
114254     INFO  main            d.u.i.k.p.i.AbstractProblemLoader Creating init config 
118993     DEBUG main            d.u.i.k.p.i.AbstractProblemLoader Init config took 4.74s 
119098     INFO  main            d.u.i.k.p.i.AbstractProblemLoader Replaying proof AFilter[ThreadSpec2::preStart(java.lang.Object)].JML accessible clause.0 
119100     DEBUG main            d.u.i.k.p.i.IntermediateProofReplayer Proof replay took 8.2ns 
119402     INFO  main            d.u.i.k.p.r.p.TestFile    ... finished proof: closed. 
119682     INFO  main            d.u.i.k.p.i.AbstractProblemLoader Loading environment from /home/runner/work/key/key/key.core/../key.ui/examples/heap/permissions/threads/AFilter_preStart_accessible.key.proof 
119682     DEBUG main            d.u.i.k.p.i.AbstractProblemLoader Environment load took 123.1ns 
119684     INFO  main            d.u.i.k.p.i.AbstractProblemLoader Creating init config 
124376     DEBUG main            d.u.i.k.p.i.AbstractProblemLoader Init config took 4.69s 
124460     INFO  main            d.u.i.k.p.i.AbstractProblemLoader Replaying proof AFilter[ThreadSpec2::preStart(java.lang.Object)].JML accessible clause.0 
124497     DEBUG main            d.u.i.k.p.i.IntermediateProofReplayer Proof replay took 33.22ms 
124498     DEBUG main            d.u.i.k.p.r.p.TestFile    ... success: reloaded. 
124499     INFO  main            d.u.i.k.p.r.p.TestFile    Now processing file /home/runner/work/key/key/key.core/../key.ui/examples/heap/permissions/threads/AFilter_startTransfer_accessible.key 
124500     INFO  main            d.u.i.k.p.i.AbstractProblemLoader Loading environment from /home/runner/work/key/key/key.core/../key.ui/examples/heap/permissions/threads/AFilter_startTransfer_accessible.key 
124500     DEBUG main            d.u.i.k.p.i.AbstractProblemLoader Environment load took 204.3ns 
124501     INFO  main            d.u.i.k.p.i.AbstractProblemLoader Creating init config 
129163     DEBUG main            d.u.i.k.p.i.AbstractProblemLoader Init config took 4.66s 
129243     INFO  main            d.u.i.k.p.i.AbstractProblemLoader Replaying proof AFilter[ThreadSpec2::startTransfer()].JML accessible clause.0 
129245     DEBUG main            d.u.i.k.p.i.IntermediateProofReplayer Proof replay took 6.7ns 
138714     INFO  main            d.u.i.k.p.r.p.TestFile    ... finished proof: closed. 
138997     INFO  main            d.u.i.k.p.i.AbstractProblemLoader Loading environment from /home/runner/work/key/key/key.core/../key.ui/examples/heap/permissions/threads/AFilter_startTransfer_accessible.key.proof 
138998     DEBUG main            d.u.i.k.p.i.AbstractProblemLoader Environment load took 359.91ns 
139000     INFO  main            d.u.i.k.p.i.AbstractProblemLoader Creating init config 
143609     DEBUG main            d.u.i.k.p.i.AbstractProblemLoader Init config took 4.61s 
143689     INFO  main            d.u.i.k.p.i.AbstractProblemLoader Replaying proof AFilter[ThreadSpec2::startTransfer()].JML accessible clause.0 
144482     DEBUG main            d.u.i.k.p.i.IntermediateProofReplayer Proof replay took 770.41ms 
144483     DEBUG main            d.u.i.k.p.r.p.TestFile    ... success: reloaded. 
144485     INFO  main            d.u.i.k.p.r.p.TestFile    Now processing file /home/runner/work/key/key/key.core/../key.ui/examples/heap/permissions/threads/AFilter_startTransfer_contract.key 
144485     INFO  main            d.u.i.k.p.i.AbstractProblemLoader Loading environment from /home/runner/work/key/key/key.core/../key.ui/examples/heap/permissions/threads/AFilter_startTransfer_contract.key 
144485     DEBUG main            d.u.i.k.p.i.AbstractProblemLoader Environment load took 95.7ns 
144486     INFO  main            d.u.i.k.p.i.AbstractProblemLoader Creating init config 
149215     DEBUG main            d.u.i.k.p.i.AbstractProblemLoader Init config took 4.73s 
149330     INFO  main            d.u.i.k.p.i.AbstractProblemLoader Replaying proof AFilter[ThreadSpec2::startTransfer()].JML model_behavior operation contract.0 
149331     DEBUG main            d.u.i.k.p.i.IntermediateProofReplayer Proof replay took 7.1ns 
149734     INFO  main            d.u.i.k.p.r.p.TestFile    ... finished proof: closed. 
150001     INFO  main            d.u.i.k.p.i.AbstractProblemLoader Loading environment from /home/runner/work/key/key/key.core/../key.ui/examples/heap/permissions/threads/AFilter_startTransfer_contract.key.proof 
150002     DEBUG main            d.u.i.k.p.i.AbstractProblemLoader Environment load took 401.31ns 
150003     INFO  main            d.u.i.k.p.i.AbstractProblemLoader Creating init config 
154623     DEBUG main            d.u.i.k.p.i.AbstractProblemLoader Init config took 4.62s 
154714     INFO  main            d.u.i.k.p.i.AbstractProblemLoader Replaying proof AFilter[ThreadSpec2::startTransfer()].JML model_behavior operation contract.0 
154760     DEBUG main            d.u.i.k.p.i.IntermediateProofReplayer Proof replay took 43.05ms 
154762     DEBUG main            d.u.i.k.p.r.p.TestFile    ... success: reloaded. 
154763     INFO  main            d.u.i.k.p.r.p.TestFile    Now processing file /home/runner/work/key/key/key.core/../key.ui/examples/heap/permissions/threads/AFilter_stateInv_accessible.key 
154763     INFO  main            d.u.i.k.p.i.AbstractProblemLoader Loading environment from /home/runner/work/key/key/key.core/../key.ui/examples/heap/permissions/threads/AFilter_stateInv_accessible.key 
154763     DEBUG main            d.u.i.k.p.i.AbstractProblemLoader Environment load took 115.1ns 
154764     INFO  main            d.u.i.k.p.i.AbstractProblemLoader Creating init config 
159456     DEBUG main            d.u.i.k.p.i.AbstractProblemLoader Init config took 4.69s 
159536     INFO  main            d.u.i.k.p.i.AbstractProblemLoader Replaying proof AFilter[ThreadSpec2::stateInv()].JML accessible clause.0 
159537     DEBUG main            d.u.i.k.p.i.IntermediateProofReplayer Proof replay took 7.2ns 
159840     INFO  main            d.u.i.k.p.r.p.TestFile    ... finished proof: closed. 
160112     INFO  main            d.u.i.k.p.i.AbstractProblemLoader Loading environment from /home/runner/work/key/key/key.core/../key.ui/examples/heap/permissions/threads/AFilter_stateInv_accessible.key.proof 
160113     DEBUG main            d.u.i.k.p.i.AbstractProblemLoader Environment load took 123.6ns 
160114     INFO  main            d.u.i.k.p.i.AbstractProblemLoader Creating init config 
164736     DEBUG main            d.u.i.k.p.i.AbstractProblemLoader Init config took 4.62s 
164821     INFO  main            d.u.i.k.p.i.AbstractProblemLoader Replaying proof AFilter[ThreadSpec2::stateInv()].JML accessible clause.0 
164860     DEBUG main            d.u.i.k.p.i.IntermediateProofReplayer Proof replay took 35.81ms 
164861     DEBUG main            d.u.i.k.p.r.p.TestFile    ... success: reloaded. 
164862     INFO  main            d.u.i.k.p.r.p.TestFile    Now processing file /home/runner/work/key/key/key.core/../key.ui/examples/heap/permissions/threads/AFilter_staticPermissions_accessible.key 
164862     INFO  main            d.u.i.k.p.i.AbstractProblemLoader Loading environment from /home/runner/work/key/key/key.core/../key.ui/examples/heap/permissions/threads/AFilter_staticPermissions_accessible.key 
164862     DEBUG main            d.u.i.k.p.i.AbstractProblemLoader Environment load took 93.8ns 
164863     INFO  main            d.u.i.k.p.i.AbstractProblemLoader Creating init config 
169565     DEBUG main            d.u.i.k.p.i.AbstractProblemLoader Init config took 4.7s 
169661     INFO  main            d.u.i.k.p.i.AbstractProblemLoader Replaying proof AFilter[ThreadSpec2::staticPermissions()].JML accessible clause.0 
169663     DEBUG main            d.u.i.k.p.i.IntermediateProofReplayer Proof replay took 7ns 
169768     INFO  main            d.u.i.k.p.r.p.TestFile    ... finished proof: closed. 
170032     INFO  main            d.u.i.k.p.i.AbstractProblemLoader Loading environment from /home/runner/work/key/key/key.core/../key.ui/examples/heap/permissions/threads/AFilter_staticPermissions_accessible.key.proof 
170032     DEBUG main            d.u.i.k.p.i.AbstractProblemLoader Environment load took 156.2ns 
170033     INFO  main            d.u.i.k.p.i.AbstractProblemLoader Creating init config 
174641     DEBUG main            d.u.i.k.p.i.AbstractProblemLoader Init config took 4.61s 
174720     INFO  main            d.u.i.k.p.i.AbstractProblemLoader Replaying proof AFilter[ThreadSpec2::staticPermissions()].JML accessible clause.0 
174730     DEBUG main            d.u.i.k.p.i.IntermediateProofReplayer Proof replay took 8.6ms 
174731     DEBUG main            d.u.i.k.p.r.p.TestFile    ... success: reloaded. 
174732     INFO  main            d.u.i.k.p.r.p.TestFile    Now processing file /home/runner/work/key/key/key.core/../key.ui/examples/heap/permissions/threads/AFilter_workingPermissions_accessible.key 
174732     INFO  main            d.u.i.k.p.i.AbstractProblemLoader Loading environment from /home/runner/work/key/key/key.core/../key.ui/examples/heap/permissions/threads/AFilter_workingPermissions_accessible.key 
174732     DEBUG main            d.u.i.k.p.i.AbstractProblemLoader Environment load took 120.4ns 
174733     INFO  main            d.u.i.k.p.i.AbstractProblemLoader Creating init config 
179405     DEBUG main            d.u.i.k.p.i.AbstractProblemLoader Init config took 4.67s 
179484     INFO  main            d.u.i.k.p.i.AbstractProblemLoader Replaying proof AFilter[ThreadSpec2::workingPermissions()].JML accessible clause.0 
179486     DEBUG main            d.u.i.k.p.i.IntermediateProofReplayer Proof replay took 6.2ns 
179587     INFO  main            d.u.i.k.p.r.p.TestFile    ... finished proof: closed. 
179861     INFO  main            d.u.i.k.p.i.AbstractProblemLoader Loading environment from /home/runner/work/key/key/key.core/../key.ui/examples/heap/permissions/threads/AFilter_workingPermissions_accessible.key.proof 
179861     DEBUG main            d.u.i.k.p.i.AbstractProblemLoader Environment load took 114.3ns 
179862     INFO  main            d.u.i.k.p.i.AbstractProblemLoader Creating init config 
184501     DEBUG main            d.u.i.k.p.i.AbstractProblemLoader Init config took 4.64s 
184581     INFO  main            d.u.i.k.p.i.AbstractProblemLoader Replaying proof AFilter[ThreadSpec2::workingPermissions()].JML accessible clause.0 
184590     DEBUG main            d.u.i.k.p.i.IntermediateProofReplayer Proof replay took 7.75ms 
184591     DEBUG main            d.u.i.k.p.r.p.TestFile    ... success: reloaded. 
184592     INFO  main            d.u.i.k.p.r.p.TestFile    Now processing file /home/runner/work/key/key/key.core/../key.ui/examples/heap/permissions/threads/BFilter_BFilter.key 
184592     INFO  main            d.u.i.k.p.i.AbstractProblemLoader Loading environment from /home/runner/work/key/key/key.core/../key.ui/examples/heap/permissions/threads/BFilter_BFilter.key 
184592     DEBUG main            d.u.i.k.p.i.AbstractProblemLoader Environment load took 124.3ns 
184593     INFO  main            d.u.i.k.p.i.AbstractProblemLoader Creating init config 
189245     DEBUG main            d.u.i.k.p.i.AbstractProblemLoader Init config took 4.65s 
189342     INFO  main            d.u.i.k.p.i.AbstractProblemLoader Replaying proof BFilter[BFilter::BFilter(Sampler,Buffer)].JML normal_behavior operation contract.0 
189343     DEBUG main            d.u.i.k.p.i.IntermediateProofReplayer Proof replay took 6.6ns 
190251     INFO  main            d.u.i.k.p.r.p.TestFile    ... finished proof: closed. 
190576     INFO  main            d.u.i.k.p.i.AbstractProblemLoader Loading environment from /home/runner/work/key/key/key.core/../key.ui/examples/heap/permissions/threads/BFilter_BFilter.key.proof 
190579     DEBUG main            d.u.i.k.p.i.AbstractProblemLoader Environment load took 2.87ms 
190580     INFO  main            d.u.i.k.p.i.AbstractProblemLoader Creating init config 
195163     DEBUG main            d.u.i.k.p.i.AbstractProblemLoader Init config took 4.58s 
195243     INFO  main            d.u.i.k.p.i.AbstractProblemLoader Replaying proof BFilter[BFilter::BFilter(Sampler,Buffer)].JML normal_behavior operation contract.0 
195407     DEBUG main            d.u.i.k.p.i.IntermediateProofReplayer Proof replay took 159.79ms 
195409     DEBUG main            d.u.i.k.p.r.p.TestFile    ... success: reloaded. 
195410     INFO  main            d.u.i.k.p.r.p.TestFile    Now processing file /home/runner/work/key/key/key.core/../key.ui/examples/heap/permissions/threads/BFilter_initPost_accessible.key 
195410     INFO  main            d.u.i.k.p.i.AbstractProblemLoader Loading environment from /home/runner/work/key/key/key.core/../key.ui/examples/heap/permissions/threads/BFilter_initPost_accessible.key 
195410     DEBUG main            d.u.i.k.p.i.AbstractProblemLoader Environment load took 62ns 
195411     INFO  main            d.u.i.k.p.i.AbstractProblemLoader Creating init config 
200088     DEBUG main            d.u.i.k.p.i.AbstractProblemLoader Init config took 4.68s 
200168     INFO  main            d.u.i.k.p.i.AbstractProblemLoader Replaying proof BFilter[ThreadSpec2::initPost()].JML accessible clause.0 
200169     DEBUG main            d.u.i.k.p.i.IntermediateProofReplayer Proof replay took 6.7ns 
200272     INFO  main            d.u.i.k.p.r.p.TestFile    ... finished proof: closed. 
200556     INFO  main            d.u.i.k.p.i.AbstractProblemLoader Loading environment from /home/runner/work/key/key/key.core/../key.ui/examples/heap/permissions/threads/BFilter_initPost_accessible.key.proof 
200556     DEBUG main            d.u.i.k.p.i.AbstractProblemLoader Environment load took 115.2ns 
200557     INFO  main            d.u.i.k.p.i.AbstractProblemLoader Creating init config 
205145     DEBUG main            d.u.i.k.p.i.AbstractProblemLoader Init config took 4.59s 
205225     INFO  main            d.u.i.k.p.i.AbstractProblemLoader Replaying proof BFilter[ThreadSpec2::initPost()].JML accessible clause.0 
205237     DEBUG main            d.u.i.k.p.i.IntermediateProofReplayer Proof replay took 9.59ms 
205238     DEBUG main            d.u.i.k.p.r.p.TestFile    ... success: reloaded. 
205239     INFO  main            d.u.i.k.p.r.p.TestFile    Now processing file /home/runner/work/key/key/key.core/../key.ui/examples/heap/permissions/threads/BFilter_inv_accessible1.key 
205239     INFO  main            d.u.i.k.p.i.AbstractProblemLoader Loading environment from /home/runner/work/key/key/key.core/../key.ui/examples/heap/permissions/threads/BFilter_inv_accessible1.key 
205239     DEBUG main            d.u.i.k.p.i.AbstractProblemLoader Environment load took 59.2ns 
205241     INFO  main            d.u.i.k.p.i.AbstractProblemLoader Creating init config 
209900     DEBUG main            d.u.i.k.p.i.AbstractProblemLoader Init config took 4.66s 
209980     INFO  main            d.u.i.k.p.i.AbstractProblemLoader Replaying proof BFilter[java.lang.Object::<inv>()].JML accessible clause.0 
209981     DEBUG main            d.u.i.k.p.i.IntermediateProofReplayer Proof replay took 7.6ns 
210084     INFO  main            d.u.i.k.p.r.p.TestFile    ... finished proof: closed. 
210373     INFO  main            d.u.i.k.p.i.AbstractProblemLoader Loading environment from /home/runner/work/key/key/key.core/../key.ui/examples/heap/permissions/threads/BFilter_inv_accessible1.key.proof 
210373     DEBUG main            d.u.i.k.p.i.AbstractProblemLoader Environment load took 108.5ns 
210374     INFO  main            d.u.i.k.p.i.AbstractProblemLoader Creating init config 
214965     DEBUG main            d.u.i.k.p.i.AbstractProblemLoader Init config took 4.59s 
215044     INFO  main            d.u.i.k.p.i.AbstractProblemLoader Replaying proof BFilter[java.lang.Object::<inv>()].JML accessible clause.0 
215047     DEBUG main            d.u.i.k.p.i.IntermediateProofReplayer Proof replay took 1.78ms 
215048     DEBUG main            d.u.i.k.p.r.p.TestFile    ... success: reloaded. 
215049     INFO  main            d.u.i.k.p.r.p.TestFile    Now processing file /home/runner/work/key/key/key.core/../key.ui/examples/heap/permissions/threads/BFilter_inv_accessible2.key 
215049     INFO  main            d.u.i.k.p.i.AbstractProblemLoader Loading environment from /home/runner/work/key/key/key.core/../key.ui/examples/heap/permissions/threads/BFilter_inv_accessible2.key 
215049     DEBUG main            d.u.i.k.p.i.AbstractProblemLoader Environment load took 84.3ns 
215050     INFO  main            d.u.i.k.p.i.AbstractProblemLoader Creating init config 
219711     DEBUG main            d.u.i.k.p.i.AbstractProblemLoader Init config took 4.66s 
219790     INFO  main            d.u.i.k.p.i.AbstractProblemLoader Replaying proof BFilter[java.lang.Object::<inv>()].JML accessible clause.1 
219792     DEBUG main            d.u.i.k.p.i.IntermediateProofReplayer Proof replay took 6.6ns 
219897     INFO  main            d.u.i.k.p.r.p.TestFile    ... finished proof: closed. 
220193     INFO  main            d.u.i.k.p.i.AbstractProblemLoader Loading environment from /home/runner/work/key/key/key.core/../key.ui/examples/heap/permissions/threads/BFilter_inv_accessible2.key.proof 
220193     DEBUG main            d.u.i.k.p.i.AbstractProblemLoader Environment load took 114.2ns 
220194     INFO  main            d.u.i.k.p.i.AbstractProblemLoader Creating init config 
224787     DEBUG main            d.u.i.k.p.i.AbstractProblemLoader Init config took 4.59s 
224866     INFO  main            d.u.i.k.p.i.AbstractProblemLoader Replaying proof BFilter[java.lang.Object::<inv>()].JML accessible clause.1 
224870     DEBUG main            d.u.i.k.p.i.IntermediateProofReplayer Proof replay took 1.68ms 
224871     DEBUG main            d.u.i.k.p.r.p.TestFile    ... success: reloaded. 
224872     INFO  main            d.u.i.k.p.r.p.TestFile    Now processing file /home/runner/work/key/key/key.core/../key.ui/examples/heap/permissions/threads/BFilter_joinTransfer_accessible.key 
224872     INFO  main            d.u.i.k.p.i.AbstractProblemLoader Loading environment from /home/runner/work/key/key/key.core/../key.ui/examples/heap/permissions/threads/BFilter_joinTransfer_accessible.key 
224872     DEBUG main            d.u.i.k.p.i.AbstractProblemLoader Environment load took 67ns 
224873     INFO  main            d.u.i.k.p.i.AbstractProblemLoader Creating init config 
229551     DEBUG main            d.u.i.k.p.i.AbstractProblemLoader Init config took 4.68s 
229648     INFO  main            d.u.i.k.p.i.AbstractProblemLoader Replaying proof BFilter[ThreadSpec2::joinTransfer()].JML accessible clause.0 
229650     DEBUG main            d.u.i.k.p.i.IntermediateProofReplayer Proof replay took 6.5ns 
230770     INFO  main            d.u.i.k.p.r.p.TestFile    ... finished proof: closed. 
231073     INFO  main            d.u.i.k.p.i.AbstractProblemLoader Loading environment from /home/runner/work/key/key/key.core/../key.ui/examples/heap/permissions/threads/BFilter_joinTransfer_accessible.key.proof 
231074     DEBUG main            d.u.i.k.p.i.AbstractProblemLoader Environment load took 110.8ns 
231075     INFO  main            d.u.i.k.p.i.AbstractProblemLoader Creating init config 
235673     DEBUG main            d.u.i.k.p.i.AbstractProblemLoader Init config took 4.6s 
235763     INFO  main            d.u.i.k.p.i.AbstractProblemLoader Replaying proof BFilter[ThreadSpec2::joinTransfer()].JML accessible clause.0 
235869     DEBUG main            d.u.i.k.p.i.IntermediateProofReplayer Proof replay took 100.82ms 
235870     DEBUG main            d.u.i.k.p.r.p.TestFile    ... success: reloaded. 
235871     INFO  main            d.u.i.k.p.r.p.TestFile    Now processing file /home/runner/work/key/key/key.core/../key.ui/examples/heap/permissions/threads/BFilter_joinTransfer_contract.key 
235871     INFO  main            d.u.i.k.p.i.AbstractProblemLoader Loading environment from /home/runner/work/key/key/key.core/../key.ui/examples/heap/permissions/threads/BFilter_joinTransfer_contract.key 
235872     DEBUG main            d.u.i.k.p.i.AbstractProblemLoader Environment load took 90.6ns 
235872     INFO  main            d.u.i.k.p.i.AbstractProblemLoader Creating init config 
240569     DEBUG main            d.u.i.k.p.i.AbstractProblemLoader Init config took 4.7s 
240666     INFO  main            d.u.i.k.p.i.AbstractProblemLoader Replaying proof BFilter[ThreadSpec2::joinTransfer()].JML model_behavior operation contract.0 
240668     DEBUG main            d.u.i.k.p.i.IntermediateProofReplayer Proof replay took 7.4ns 
240772     INFO  main            d.u.i.k.p.r.p.TestFile    ... finished proof: closed. 
241097     INFO  main            d.u.i.k.p.i.AbstractProblemLoader Loading environment from /home/runner/work/key/key/key.core/../key.ui/examples/heap/permissions/threads/BFilter_joinTransfer_contract.key.proof 
241097     DEBUG main            d.u.i.k.p.i.AbstractProblemLoader Environment load took 123.5ns 
241098     INFO  main            d.u.i.k.p.i.AbstractProblemLoader Creating init config 
245709     DEBUG main            d.u.i.k.p.i.AbstractProblemLoader Init config took 4.61s 
245788     INFO  main            d.u.i.k.p.i.AbstractProblemLoader Replaying proof BFilter[ThreadSpec2::joinTransfer()].JML model_behavior operation contract.0 
245796     DEBUG main            d.u.i.k.p.i.IntermediateProofReplayer Proof replay took 6.91ms 
245797     DEBUG main            d.u.i.k.p.r.p.TestFile    ... success: reloaded. 
245798     INFO  main            d.u.i.k.p.r.p.TestFile    Now processing file /home/runner/work/key/key/key.core/../key.ui/examples/heap/permissions/threads/BFilter_postJoin_accessible.key 
245798     INFO  main            d.u.i.k.p.i.AbstractProblemLoader Loading environment from /home/runner/work/key/key/key.core/../key.ui/examples/heap/permissions/threads/BFilter_postJoin_accessible.key 
245798     DEBUG main            d.u.i.k.p.i.AbstractProblemLoader Environment load took 52.1ns 
245799     INFO  main            d.u.i.k.p.i.AbstractProblemLoader Creating init config 
250469     DEBUG main            d.u.i.k.p.i.AbstractProblemLoader Init config took 4.67s 
250563     INFO  main            d.u.i.k.p.i.AbstractProblemLoader Replaying proof BFilter[ThreadSpec2::postJoin(java.lang.Object)].JML accessible clause.0 
250565     DEBUG main            d.u.i.k.p.i.IntermediateProofReplayer Proof replay took 7.6ns 
250666     INFO  main            d.u.i.k.p.r.p.TestFile    ... finished proof: closed. 
251029     INFO  main            d.u.i.k.p.i.AbstractProblemLoader Loading environment from /home/runner/work/key/key/key.core/../key.ui/examples/heap/permissions/threads/BFilter_postJoin_accessible.key.proof 
251029     DEBUG main            d.u.i.k.p.i.AbstractProblemLoader Environment load took 103.5ns 
251030     INFO  main            d.u.i.k.p.i.AbstractProblemLoader Creating init config 
255625     DEBUG main            d.u.i.k.p.i.AbstractProblemLoader Init config took 4.59s 
255703     INFO  main            d.u.i.k.p.i.AbstractProblemLoader Replaying proof BFilter[ThreadSpec2::postJoin(java.lang.Object)].JML accessible clause.0 
255711     DEBUG main            d.u.i.k.p.i.IntermediateProofReplayer Proof replay took 6.21ms 
255712     DEBUG main            d.u.i.k.p.r.p.TestFile    ... success: reloaded. 
255713     INFO  main            d.u.i.k.p.r.p.TestFile    Now processing file /home/runner/work/key/key/key.core/../key.ui/examples/heap/permissions/threads/BFilter_preStart_accessible.key 
255713     INFO  main            d.u.i.k.p.i.AbstractProblemLoader Loading environment from /home/runner/work/key/key/key.core/../key.ui/examples/heap/permissions/threads/BFilter_preStart_accessible.key 
255713     DEBUG main            d.u.i.k.p.i.AbstractProblemLoader Environment load took 80.8ns 
255714     INFO  main            d.u.i.k.p.i.AbstractProblemLoader Creating init config 
260378     DEBUG main            d.u.i.k.p.i.AbstractProblemLoader Init config took 4.66s 
260457     INFO  main            d.u.i.k.p.i.AbstractProblemLoader Replaying proof BFilter[ThreadSpec2::preStart(java.lang.Object)].JML accessible clause.0 
260458     DEBUG main            d.u.i.k.p.i.IntermediateProofReplayer Proof replay took 7ns 
260760     INFO  main            d.u.i.k.p.r.p.TestFile    ... finished proof: closed. 
261125     INFO  main            d.u.i.k.p.i.AbstractProblemLoader Loading environment from /home/runner/work/key/key/key.core/../key.ui/examples/heap/permissions/threads/BFilter_preStart_accessible.key.proof 
261125     DEBUG main            d.u.i.k.p.i.AbstractProblemLoader Environment load took 109.9ns 
261126     INFO  main            d.u.i.k.p.i.AbstractProblemLoader Creating init config 
265717     DEBUG main            d.u.i.k.p.i.AbstractProblemLoader Init config took 4.59s 
265795     INFO  main            d.u.i.k.p.i.AbstractProblemLoader Replaying proof BFilter[ThreadSpec2::preStart(java.lang.Object)].JML accessible clause.0 
265827     DEBUG main            d.u.i.k.p.i.IntermediateProofReplayer Proof replay took 28.87ms 
265828     DEBUG main            d.u.i.k.p.r.p.TestFile    ... success: reloaded. 
265829     INFO  main            d.u.i.k.p.r.p.TestFile    Now processing file /home/runner/work/key/key/key.core/../key.ui/examples/heap/permissions/threads/BFilter_startTransfer_accessible.key 
265829     INFO  main            d.u.i.k.p.i.AbstractProblemLoader Loading environment from /home/runner/work/key/key/key.core/../key.ui/examples/heap/permissions/threads/BFilter_startTransfer_accessible.key 
265829     DEBUG main            d.u.i.k.p.i.AbstractProblemLoader Environment load took 167.1ns 
265831     INFO  main            d.u.i.k.p.i.AbstractProblemLoader Creating init config 
270510     DEBUG main            d.u.i.k.p.i.AbstractProblemLoader Init config took 4.68s 
270607     INFO  main            d.u.i.k.p.i.AbstractProblemLoader Replaying proof BFilter[ThreadSpec2::startTransfer()].JML accessible clause.0 
270609     DEBUG main            d.u.i.k.p.i.IntermediateProofReplayer Proof replay took 6.4ns 
280550     INFO  main            d.u.i.k.p.r.p.TestFile    ... finished proof: closed. 
280905     INFO  main            d.u.i.k.p.i.AbstractProblemLoader Loading environment from /home/runner/work/key/key/key.core/../key.ui/examples/heap/permissions/threads/BFilter_startTransfer_accessible.key.proof 
280905     DEBUG main            d.u.i.k.p.i.AbstractProblemLoader Environment load took 160.2ns 
280906     INFO  main            d.u.i.k.p.i.AbstractProblemLoader Creating init config 
285518     DEBUG main            d.u.i.k.p.i.AbstractProblemLoader Init config took 4.61s 
285596     INFO  main            d.u.i.k.p.i.AbstractProblemLoader Replaying proof BFilter[ThreadSpec2::startTransfer()].JML accessible clause.0 
286423     DEBUG main            d.u.i.k.p.i.IntermediateProofReplayer Proof replay took 808.33ms 
286425     DEBUG main            d.u.i.k.p.r.p.TestFile    ... success: reloaded. 
286426     INFO  main            d.u.i.k.p.r.p.TestFile    Now processing file /home/runner/work/key/key/key.core/../key.ui/examples/heap/permissions/threads/BFilter_startTransfer_contract.key 
286427     INFO  main            d.u.i.k.p.i.AbstractProblemLoader Loading environment from /home/runner/work/key/key/key.core/../key.ui/examples/heap/permissions/threads/BFilter_startTransfer_contract.key 
286427     DEBUG main            d.u.i.k.p.i.AbstractProblemLoader Environment load took 161.1ns 
286428     INFO  main            d.u.i.k.p.i.AbstractProblemLoader Creating init config 
291135     DEBUG main            d.u.i.k.p.i.AbstractProblemLoader Init config took 4.71s 
291215     INFO  main            d.u.i.k.p.i.AbstractProblemLoader Replaying proof BFilter[ThreadSpec2::startTransfer()].JML model_behavior operation contract.0 
291216     DEBUG main            d.u.i.k.p.i.IntermediateProofReplayer Proof replay took 6.2ns 
292221     INFO  main            d.u.i.k.p.r.p.TestFile    ... finished proof: closed. 
292544     INFO  main            d.u.i.k.p.i.AbstractProblemLoader Loading environment from /home/runner/work/key/key/key.core/../key.ui/examples/heap/permissions/threads/BFilter_startTransfer_contract.key.proof 
292545     DEBUG main            d.u.i.k.p.i.AbstractProblemLoader Environment load took 340.5ns 
292546     INFO  main            d.u.i.k.p.i.AbstractProblemLoader Creating init config 
297143     DEBUG main            d.u.i.k.p.i.AbstractProblemLoader Init config took 4.6s 
297222     INFO  main            d.u.i.k.p.i.AbstractProblemLoader Replaying proof BFilter[ThreadSpec2::startTransfer()].JML model_behavior operation contract.0 
297317     DEBUG main            d.u.i.k.p.i.IntermediateProofReplayer Proof replay took 89.81ms 
297318     DEBUG main            d.u.i.k.p.r.p.TestFile    ... success: reloaded. 
297319     INFO  main            d.u.i.k.p.r.p.TestFile    Now processing file /home/runner/work/key/key/key.core/../key.ui/examples/heap/permissions/threads/BFilter_stateInv_accessible.key 
297319     INFO  main            d.u.i.k.p.i.AbstractProblemLoader Loading environment from /home/runner/work/key/key/key.core/../key.ui/examples/heap/permissions/threads/BFilter_stateInv_accessible.key 
297319     DEBUG main            d.u.i.k.p.i.AbstractProblemLoader Environment load took 67.4ns 
297320     INFO  main            d.u.i.k.p.i.AbstractProblemLoader Creating init config 
301978     DEBUG main            d.u.i.k.p.i.AbstractProblemLoader Init config took 4.66s 
302076     INFO  main            d.u.i.k.p.i.AbstractProblemLoader Replaying proof BFilter[ThreadSpec2::stateInv()].JML accessible clause.0 
302078     DEBUG main            d.u.i.k.p.i.IntermediateProofReplayer Proof replay took 7.3ns 
302381     INFO  main            d.u.i.k.p.r.p.TestFile    ... finished proof: closed. 
302894     INFO  main            d.u.i.k.p.i.AbstractProblemLoader Loading environment from /home/runner/work/key/key/key.core/../key.ui/examples/heap/permissions/threads/BFilter_stateInv_accessible.key.proof 
302894     DEBUG main            d.u.i.k.p.i.AbstractProblemLoader Environment load took 98.7ns 
302895     INFO  main            d.u.i.k.p.i.AbstractProblemLoader Creating init config 
307486     DEBUG main            d.u.i.k.p.i.AbstractProblemLoader Init config took 4.59s 
307564     INFO  main            d.u.i.k.p.i.AbstractProblemLoader Replaying proof BFilter[ThreadSpec2::stateInv()].JML accessible clause.0 
307600     DEBUG main            d.u.i.k.p.i.IntermediateProofReplayer Proof replay took 33.74ms 
307601     DEBUG main            d.u.i.k.p.r.p.TestFile    ... success: reloaded. 
307602     INFO  main            d.u.i.k.p.r.p.TestFile    Now processing file /home/runner/work/key/key/key.core/../key.ui/examples/heap/permissions/threads/BFilter_staticPermissions_accessible.key 
307602     INFO  main            d.u.i.k.p.i.AbstractProblemLoader Loading environment from /home/runner/work/key/key/key.core/../key.ui/examples/heap/permissions/threads/BFilter_staticPermissions_accessible.key 
307602     DEBUG main            d.u.i.k.p.i.AbstractProblemLoader Environment load took 91.9ns 
307603     INFO  main            d.u.i.k.p.i.AbstractProblemLoader Creating init config 
312275     DEBUG main            d.u.i.k.p.i.AbstractProblemLoader Init config took 4.67s 
312354     INFO  main            d.u.i.k.p.i.AbstractProblemLoader Replaying proof BFilter[ThreadSpec2::staticPermissions()].JML accessible clause.0 
312355     DEBUG main            d.u.i.k.p.i.IntermediateProofReplayer Proof replay took 6.2ns 
312457     INFO  main            d.u.i.k.p.r.p.TestFile    ... finished proof: closed. 
312811     INFO  main            d.u.i.k.p.i.AbstractProblemLoader Loading environment from /home/runner/work/key/key/key.core/../key.ui/examples/heap/permissions/threads/BFilter_staticPermissions_accessible.key.proof 
312811     DEBUG main            d.u.i.k.p.i.AbstractProblemLoader Environment load took 123.5ns 
312812     INFO  main            d.u.i.k.p.i.AbstractProblemLoader Creating init config 
317393     DEBUG main            d.u.i.k.p.i.AbstractProblemLoader Init config took 4.58s 
317472     INFO  main            d.u.i.k.p.i.AbstractProblemLoader Replaying proof BFilter[ThreadSpec2::staticPermissions()].JML accessible clause.0 
317482     DEBUG main            d.u.i.k.p.i.IntermediateProofReplayer Proof replay took 8.61ms 
317483     DEBUG main            d.u.i.k.p.r.p.TestFile    ... success: reloaded. 
317484     INFO  main            d.u.i.k.p.r.p.TestFile    Now processing file /home/runner/work/key/key/key.core/../key.ui/examples/heap/permissions/threads/BFilter_workingPermissions_accessible.key 
317484     INFO  main            d.u.i.k.p.i.AbstractProblemLoader Loading environment from /home/runner/work/key/key/key.core/../key.ui/examples/heap/permissions/threads/BFilter_workingPermissions_accessible.key 
317484     DEBUG main            d.u.i.k.p.i.AbstractProblemLoader Environment load took 90.1ns 
317485     INFO  main            d.u.i.k.p.i.AbstractProblemLoader Creating init config 
322137     DEBUG main            d.u.i.k.p.i.AbstractProblemLoader Init config took 4.65s 
322215     INFO  main            d.u.i.k.p.i.AbstractProblemLoader Replaying proof BFilter[ThreadSpec2::workingPermissions()].JML accessible clause.0 
322216     DEBUG main            d.u.i.k.p.i.IntermediateProofReplayer Proof replay took 6ns 
322318     INFO  main            d.u.i.k.p.r.p.TestFile    ... finished proof: closed. 
322666     INFO  main            d.u.i.k.p.i.AbstractProblemLoader Loading environment from /home/runner/work/key/key/key.core/../key.ui/examples/heap/permissions/threads/BFilter_workingPermissions_accessible.key.proof 
322666     DEBUG main            d.u.i.k.p.i.AbstractProblemLoader Environment load took 103ns 
322667     INFO  main            d.u.i.k.p.i.AbstractProblemLoader Creating init config 
327256     DEBUG main            d.u.i.k.p.i.AbstractProblemLoader Init config took 4.59s 
327334     INFO  main            d.u.i.k.p.i.AbstractProblemLoader Replaying proof BFilter[ThreadSpec2::workingPermissions()].JML accessible clause.0 
327343     DEBUG main            d.u.i.k.p.i.IntermediateProofReplayer Proof replay took 7.42ms 
327344     DEBUG main            d.u.i.k.p.r.p.TestFile    ... success: reloaded. 
327345     INFO  main            d.u.i.k.p.r.p.TestFile    Now processing file /home/runner/work/key/key/key.core/../key.ui/examples/heap/permissions/threads/Fib_Fib.key 
327345     INFO  main            d.u.i.k.p.i.AbstractProblemLoader Loading environment from /home/runner/work/key/key/key.core/../key.ui/examples/heap/permissions/threads/Fib_Fib.key 
327345     DEBUG main            d.u.i.k.p.i.AbstractProblemLoader Environment load took 100.3ns 
327346     INFO  main            d.u.i.k.p.i.AbstractProblemLoader Creating init config 
331994     DEBUG main            d.u.i.k.p.i.AbstractProblemLoader Init config took 4.65s 
332087     INFO  main            d.u.i.k.p.i.AbstractProblemLoader Replaying proof Fib[Fib::Fib(int)].JML normal_behavior operation contract.0 
332088     DEBUG main            d.u.i.k.p.i.IntermediateProofReplayer Proof replay took 8.5ns 
332694     INFO  main            d.u.i.k.p.r.p.TestFile    ... finished proof: closed. 
333089     INFO  main            d.u.i.k.p.i.AbstractProblemLoader Loading environment from /home/runner/work/key/key/key.core/../key.ui/examples/heap/permissions/threads/Fib_Fib.key.proof 
333090     DEBUG main            d.u.i.k.p.i.AbstractProblemLoader Environment load took 111.9ns 
333091     INFO  main            d.u.i.k.p.i.AbstractProblemLoader Creating init config 
337680     DEBUG main            d.u.i.k.p.i.AbstractProblemLoader Init config took 4.59s 
337759     INFO  main            d.u.i.k.p.i.AbstractProblemLoader Replaying proof Fib[Fib::Fib(int)].JML normal_behavior operation contract.0 
337854     DEBUG main            d.u.i.k.p.i.IntermediateProofReplayer Proof replay took 92.25ms 
337855     DEBUG main            d.u.i.k.p.r.p.TestFile    ... success: reloaded. 
337856     INFO  main            d.u.i.k.p.r.p.TestFile    Now processing file /home/runner/work/key/key/key.core/../key.ui/examples/heap/permissions/threads/Fib_initPost_accessible.key 
337856     INFO  main            d.u.i.k.p.i.AbstractProblemLoader Loading environment from /home/runner/work/key/key/key.core/../key.ui/examples/heap/permissions/threads/Fib_initPost_accessible.key 
337856     DEBUG main            d.u.i.k.p.i.AbstractProblemLoader Environment load took 50.4ns 
337857     INFO  main            d.u.i.k.p.i.AbstractProblemLoader Creating init config 
342534     DEBUG main            d.u.i.k.p.i.AbstractProblemLoader Init config took 4.68s 
342612     INFO  main            d.u.i.k.p.i.AbstractProblemLoader Replaying proof Fib[ThreadSpec::initPost()].JML accessible clause.0 
342613     DEBUG main            d.u.i.k.p.i.IntermediateProofReplayer Proof replay took 6.9ns 
342715     INFO  main            d.u.i.k.p.r.p.TestFile    ... finished proof: closed. 
343088     INFO  main            d.u.i.k.p.i.AbstractProblemLoader Loading environment from /home/runner/work/key/key/key.core/../key.ui/examples/heap/permissions/threads/Fib_initPost_accessible.key.proof 
343088     DEBUG main            d.u.i.k.p.i.AbstractProblemLoader Environment load took 101.5ns 
343089     INFO  main            d.u.i.k.p.i.AbstractProblemLoader Creating init config 
347679     DEBUG main            d.u.i.k.p.i.AbstractProblemLoader Init config took 4.59s 
347757     INFO  main            d.u.i.k.p.i.AbstractProblemLoader Replaying proof Fib[ThreadSpec::initPost()].JML accessible clause.0 
347763     DEBUG main            d.u.i.k.p.i.IntermediateProofReplayer Proof replay took 4.81ms 
347764     DEBUG main            d.u.i.k.p.r.p.TestFile    ... success: reloaded. 
347766     INFO  main            d.u.i.k.p.r.p.TestFile    Now processing file /home/runner/work/key/key/key.core/../key.ui/examples/heap/permissions/threads/Fib_inv1_accessible.key 
347766     INFO  main            d.u.i.k.p.i.AbstractProblemLoader Loading environment from /home/runner/work/key/key/key.core/../key.ui/examples/heap/permissions/threads/Fib_inv1_accessible.key 
347766     DEBUG main            d.u.i.k.p.i.AbstractProblemLoader Environment load took 99.9ns 
347767     INFO  main            d.u.i.k.p.i.AbstractProblemLoader Creating init config 
352431     DEBUG main            d.u.i.k.p.i.AbstractProblemLoader Init config took 4.66s 
352525     INFO  main            d.u.i.k.p.i.AbstractProblemLoader Replaying proof Fib[java.lang.Object::<inv>()].JML accessible clause.0 
352527     DEBUG main            d.u.i.k.p.i.IntermediateProofReplayer Proof replay took 8.1ns 
352628     INFO  main            d.u.i.k.p.r.p.TestFile    ... finished proof: closed. 
352994     INFO  main            d.u.i.k.p.i.AbstractProblemLoader Loading environment from /home/runner/work/key/key/key.core/../key.ui/examples/heap/permissions/threads/Fib_inv1_accessible.key.proof 
352994     DEBUG main            d.u.i.k.p.i.AbstractProblemLoader Environment load took 93.9ns 
352995     INFO  main            d.u.i.k.p.i.AbstractProblemLoader Creating init config 
357585     DEBUG main            d.u.i.k.p.i.AbstractProblemLoader Init config took 4.59s 
357663     INFO  main            d.u.i.k.p.i.AbstractProblemLoader Replaying proof Fib[java.lang.Object::<inv>()].JML accessible clause.0 
357666     DEBUG main            d.u.i.k.p.i.IntermediateProofReplayer Proof replay took 1.64ms 
357666     DEBUG main            d.u.i.k.p.r.p.TestFile    ... success: reloaded. 
357667     INFO  main            d.u.i.k.p.r.p.TestFile    Now processing file /home/runner/work/key/key/key.core/../key.ui/examples/heap/permissions/threads/Fib_inv2_accessible.key 
357668     INFO  main            d.u.i.k.p.i.AbstractProblemLoader Loading environment from /home/runner/work/key/key/key.core/../key.ui/examples/heap/permissions/threads/Fib_inv2_accessible.key 
357668     DEBUG main            d.u.i.k.p.i.AbstractProblemLoader Environment load took 68.9ns 
357668     INFO  main            d.u.i.k.p.i.AbstractProblemLoader Creating init config 
362339     DEBUG main            d.u.i.k.p.i.AbstractProblemLoader Init config took 4.67s 
362431     INFO  main            d.u.i.k.p.i.AbstractProblemLoader Replaying proof Fib[java.lang.Object::<inv>()].JML accessible clause.1 
362433     DEBUG main            d.u.i.k.p.i.IntermediateProofReplayer Proof replay took 7.1ns 
362534     INFO  main            d.u.i.k.p.r.p.TestFile    ... finished proof: closed. 
362910     INFO  main            d.u.i.k.p.i.AbstractProblemLoader Loading environment from /home/runner/work/key/key/key.core/../key.ui/examples/heap/permissions/threads/Fib_inv2_accessible.key.proof 
362910     DEBUG main            d.u.i.k.p.i.AbstractProblemLoader Environment load took 94.7ns 
362911     INFO  main            d.u.i.k.p.i.AbstractProblemLoader Creating init config 
367507     DEBUG main            d.u.i.k.p.i.AbstractProblemLoader Init config took 4.6s 
367584     INFO  main            d.u.i.k.p.i.AbstractProblemLoader Replaying proof Fib[java.lang.Object::<inv>()].JML accessible clause.1 
367587     DEBUG main            d.u.i.k.p.i.IntermediateProofReplayer Proof replay took 1.56ms 
367588     DEBUG main            d.u.i.k.p.r.p.TestFile    ... success: reloaded. 
367589     INFO  main            d.u.i.k.p.r.p.TestFile    Now processing file /home/runner/work/key/key/key.core/../key.ui/examples/heap/permissions/threads/Fib_joinTransfer_accessible.key 
367589     INFO  main            d.u.i.k.p.i.AbstractProblemLoader Loading environment from /home/runner/work/key/key/key.core/../key.ui/examples/heap/permissions/threads/Fib_joinTransfer_accessible.key 
367589     DEBUG main            d.u.i.k.p.i.AbstractProblemLoader Environment load took 78ns 
367590     INFO  main            d.u.i.k.p.i.AbstractProblemLoader Creating init config 
372258     DEBUG main            d.u.i.k.p.i.AbstractProblemLoader Init config took 4.67s 
372336     INFO  main            d.u.i.k.p.i.AbstractProblemLoader Replaying proof Fib[ThreadSpec::joinTransfer()].JML accessible clause.0 
372338     DEBUG main            d.u.i.k.p.i.IntermediateProofReplayer Proof replay took 6.8ns 
372543     INFO  main            d.u.i.k.p.r.p.TestFile    ... finished proof: closed. 
372936     INFO  main            d.u.i.k.p.i.AbstractProblemLoader Loading environment from /home/runner/work/key/key/key.core/../key.ui/examples/heap/permissions/threads/Fib_joinTransfer_accessible.key.proof 
372936     DEBUG main            d.u.i.k.p.i.AbstractProblemLoader Environment load took 90.3ns 
372937     INFO  main            d.u.i.k.p.i.AbstractProblemLoader Creating init config 
377536     DEBUG main            d.u.i.k.p.i.AbstractProblemLoader Init config took 4.6s 
377614     INFO  main            d.u.i.k.p.i.AbstractProblemLoader Replaying proof Fib[ThreadSpec::joinTransfer()].JML accessible clause.0 
377639     DEBUG main            d.u.i.k.p.i.IntermediateProofReplayer Proof replay took 22.97ms 
377640     DEBUG main            d.u.i.k.p.r.p.TestFile    ... success: reloaded. 
377641     INFO  main            d.u.i.k.p.r.p.TestFile    Now processing file /home/runner/work/key/key/key.core/../key.ui/examples/heap/permissions/threads/Fib_joinTransfer_contract.key 
377641     INFO  main            d.u.i.k.p.i.AbstractProblemLoader Loading environment from /home/runner/work/key/key/key.core/../key.ui/examples/heap/permissions/threads/Fib_joinTransfer_contract.key 
377641     DEBUG main            d.u.i.k.p.i.AbstractProblemLoader Environment load took 72.4ns 
377642     INFO  main            d.u.i.k.p.i.AbstractProblemLoader Creating init config 
382318     DEBUG main            d.u.i.k.p.i.AbstractProblemLoader Init config took 4.68s 
382397     INFO  main            d.u.i.k.p.i.AbstractProblemLoader Replaying proof Fib[ThreadSpec::joinTransfer()].JML model_behavior operation contract.0 
382399     DEBUG main            d.u.i.k.p.i.IntermediateProofReplayer Proof replay took 7.3ns 
382500     INFO  main            d.u.i.k.p.r.p.TestFile    ... finished proof: closed. 
382889     INFO  main            d.u.i.k.p.i.AbstractProblemLoader Loading environment from /home/runner/work/key/key/key.core/../key.ui/examples/heap/permissions/threads/Fib_joinTransfer_contract.key.proof 
382889     DEBUG main            d.u.i.k.p.i.AbstractProblemLoader Environment load took 110ns 
382889     INFO  main            d.u.i.k.p.i.AbstractProblemLoader Creating init config 
387473     DEBUG main            d.u.i.k.p.i.AbstractProblemLoader Init config took 4.58s 
387573     INFO  main            d.u.i.k.p.i.AbstractProblemLoader Replaying proof Fib[ThreadSpec::joinTransfer()].JML model_behavior operation contract.0 
387581     DEBUG main            d.u.i.k.p.i.IntermediateProofReplayer Proof replay took 6.23ms 
387582     DEBUG main            d.u.i.k.p.r.p.TestFile    ... success: reloaded. 
387583     INFO  main            d.u.i.k.p.r.p.TestFile    Now processing file /home/runner/work/key/key/key.core/../key.ui/examples/heap/permissions/threads/Fib_postJoin_accessible.key 
387583     INFO  main            d.u.i.k.p.i.AbstractProblemLoader Loading environment from /home/runner/work/key/key/key.core/../key.ui/examples/heap/permissions/threads/Fib_postJoin_accessible.key 
387583     DEBUG main            d.u.i.k.p.i.AbstractProblemLoader Environment load took 177.6ns 
387584     INFO  main            d.u.i.k.p.i.AbstractProblemLoader Creating init config 
392239     DEBUG main            d.u.i.k.p.i.AbstractProblemLoader Init config took 4.66s 
392316     INFO  main            d.u.i.k.p.i.AbstractProblemLoader Replaying proof Fib[ThreadSpec::postJoin(java.lang.Object)].JML accessible clause.0 
392319     DEBUG main            d.u.i.k.p.i.IntermediateProofReplayer Proof replay took 7.9ns 
392420     INFO  main            d.u.i.k.p.r.p.TestFile    ... finished proof: closed. 
392816     INFO  main            d.u.i.k.p.i.AbstractProblemLoader Loading environment from /home/runner/work/key/key/key.core/../key.ui/examples/heap/permissions/threads/Fib_postJoin_accessible.key.proof 
392816     DEBUG main            d.u.i.k.p.i.AbstractProblemLoader Environment load took 95ns 
392817     INFO  main            d.u.i.k.p.i.AbstractProblemLoader Creating init config 
397393     DEBUG main            d.u.i.k.p.i.AbstractProblemLoader Init config took 4.58s 
397484     INFO  main            d.u.i.k.p.i.AbstractProblemLoader Replaying proof Fib[ThreadSpec::postJoin(java.lang.Object)].JML accessible clause.0 
397492     DEBUG main            d.u.i.k.p.i.IntermediateProofReplayer Proof replay took 7.08ms 
397493     DEBUG main            d.u.i.k.p.r.p.TestFile    ... success: reloaded. 
397494     INFO  main            d.u.i.k.p.r.p.TestFile    Now processing file /home/runner/work/key/key/key.core/../key.ui/examples/heap/permissions/threads/Fib_preStart_accessible.key 
397495     INFO  main            d.u.i.k.p.i.AbstractProblemLoader Loading environment from /home/runner/work/key/key/key.core/../key.ui/examples/heap/permissions/threads/Fib_preStart_accessible.key 
397495     DEBUG main            d.u.i.k.p.i.AbstractProblemLoader Environment load took 161.6ns 
397496     INFO  main            d.u.i.k.p.i.AbstractProblemLoader Creating init config 
402144     DEBUG main            d.u.i.k.p.i.AbstractProblemLoader Init config took 4.65s 
402222     INFO  main            d.u.i.k.p.i.AbstractProblemLoader Replaying proof Fib[ThreadSpec::preStart(java.lang.Object)].JML accessible clause.0 
402223     DEBUG main            d.u.i.k.p.i.IntermediateProofReplayer Proof replay took 7.7ns 
402325     INFO  main            d.u.i.k.p.r.p.TestFile    ... finished proof: closed. 
402703     INFO  main            d.u.i.k.p.i.AbstractProblemLoader Loading environment from /home/runner/work/key/key/key.core/../key.ui/examples/heap/permissions/threads/Fib_preStart_accessible.key.proof 
402703     DEBUG main            d.u.i.k.p.i.AbstractProblemLoader Environment load took 94.7ns 
402703     INFO  main            d.u.i.k.p.i.AbstractProblemLoader Creating init config 
407288     DEBUG main            d.u.i.k.p.i.AbstractProblemLoader Init config took 4.58s 
407377     INFO  main            d.u.i.k.p.i.AbstractProblemLoader Replaying proof Fib[ThreadSpec::preStart(java.lang.Object)].JML accessible clause.0 
407384     DEBUG main            d.u.i.k.p.i.IntermediateProofReplayer Proof replay took 5.43ms 
407384     DEBUG main            d.u.i.k.p.r.p.TestFile    ... success: reloaded. 
407385     INFO  main            d.u.i.k.p.r.p.TestFile    Now processing file /home/runner/work/key/key/key.core/../key.ui/examples/heap/permissions/threads/Fib_startTransfer_accessible.key 
407385     INFO  main            d.u.i.k.p.i.AbstractProblemLoader Loading environment from /home/runner/work/key/key/key.core/../key.ui/examples/heap/permissions/threads/Fib_startTransfer_accessible.key 
407385     DEBUG main            d.u.i.k.p.i.AbstractProblemLoader Environment load took 82ns 
407386     INFO  main            d.u.i.k.p.i.AbstractProblemLoader Creating init config 
412039     DEBUG main            d.u.i.k.p.i.AbstractProblemLoader Init config took 4.65s 
412116     INFO  main            d.u.i.k.p.i.AbstractProblemLoader Replaying proof Fib[ThreadSpec::startTransfer()].JML accessible clause.0 
412117     DEBUG main            d.u.i.k.p.i.IntermediateProofReplayer Proof replay took 8.1ns 
412336     INFO  main            d.u.i.k.p.r.p.TestFile    ... finished proof: closed. 
412730     INFO  main            d.u.i.k.p.i.AbstractProblemLoader Loading environment from /home/runner/work/key/key/key.core/../key.ui/examples/heap/permissions/threads/Fib_startTransfer_accessible.key.proof 
412730     DEBUG main            d.u.i.k.p.i.AbstractProblemLoader Environment load took 91.2ns 
412731     INFO  main            d.u.i.k.p.i.AbstractProblemLoader Creating init config 
417325     DEBUG main            d.u.i.k.p.i.AbstractProblemLoader Init config took 4.59s 
417404     INFO  main            d.u.i.k.p.i.AbstractProblemLoader Replaying proof Fib[ThreadSpec::startTransfer()].JML accessible clause.0 
417442     DEBUG main            d.u.i.k.p.i.IntermediateProofReplayer Proof replay took 36.4ms 
417443     DEBUG main            d.u.i.k.p.r.p.TestFile    ... success: reloaded. 
417444     INFO  main            d.u.i.k.p.r.p.TestFile    Now processing file /home/runner/work/key/key/key.core/../key.ui/examples/heap/permissions/threads/Fib_startTransfer_contract.key 
417444     INFO  main            d.u.i.k.p.i.AbstractProblemLoader Loading environment from /home/runner/work/key/key/key.core/../key.ui/examples/heap/permissions/threads/Fib_startTransfer_contract.key 
417444     DEBUG main            d.u.i.k.p.i.AbstractProblemLoader Environment load took 51.9ns 
417445     INFO  main            d.u.i.k.p.i.AbstractProblemLoader Creating init config 
422107     DEBUG main            d.u.i.k.p.i.AbstractProblemLoader Init config took 4.66s 
422184     INFO  main            d.u.i.k.p.i.AbstractProblemLoader Replaying proof Fib[ThreadSpec::startTransfer()].JML model_behavior operation contract.0 
422185     DEBUG main            d.u.i.k.p.i.IntermediateProofReplayer Proof replay took 7.2ns 
422287     INFO  main            d.u.i.k.p.r.p.TestFile    ... finished proof: closed. 
422699     INFO  main            d.u.i.k.p.i.AbstractProblemLoader Loading environment from /home/runner/work/key/key/key.core/../key.ui/examples/heap/permissions/threads/Fib_startTransfer_contract.key.proof 
422699     DEBUG main            d.u.i.k.p.i.AbstractProblemLoader Environment load took 124.3ns 
422700     INFO  main            d.u.i.k.p.i.AbstractProblemLoader Creating init config 
427288     DEBUG main            d.u.i.k.p.i.AbstractProblemLoader Init config took 4.59s 
427365     INFO  main            d.u.i.k.p.i.AbstractProblemLoader Replaying proof Fib[ThreadSpec::startTransfer()].JML model_behavior operation contract.0 
427373     DEBUG main            d.u.i.k.p.i.IntermediateProofReplayer Proof replay took 6.22ms 
427374     DEBUG main            d.u.i.k.p.r.p.TestFile    ... success: reloaded. 
427374     INFO  main            d.u.i.k.p.r.p.TestFile    Now processing file /home/runner/work/key/key/key.core/../key.ui/examples/heap/permissions/threads/Fib_workingPermissions_accessible.key 
427375     INFO  main            d.u.i.k.p.i.AbstractProblemLoader Loading environment from /home/runner/work/key/key/key.core/../key.ui/examples/heap/permissions/threads/Fib_workingPermissions_accessible.key 
427375     DEBUG main            d.u.i.k.p.i.AbstractProblemLoader Environment load took 49.7ns 
427376     INFO  main            d.u.i.k.p.i.AbstractProblemLoader Creating init config 
432096     DEBUG main            d.u.i.k.p.i.AbstractProblemLoader Init config took 4.72s 
432186     INFO  main            d.u.i.k.p.i.AbstractProblemLoader Replaying proof Fib[ThreadSpec::workingPermissions()].JML accessible clause.0 
432188     DEBUG main            d.u.i.k.p.i.IntermediateProofReplayer Proof replay took 7.7ns 
432289     INFO  main            d.u.i.k.p.r.p.TestFile    ... finished proof: closed. 
432696     INFO  main            d.u.i.k.p.i.AbstractProblemLoader Loading environment from /home/runner/work/key/key/key.core/../key.ui/examples/heap/permissions/threads/Fib_workingPermissions_accessible.key.proof 
432696     DEBUG main            d.u.i.k.p.i.AbstractProblemLoader Environment load took 165.1ns 
432697     INFO  main            d.u.i.k.p.i.AbstractProblemLoader Creating init config 
437297     DEBUG main            d.u.i.k.p.i.AbstractProblemLoader Init config took 4.6s 
437375     INFO  main            d.u.i.k.p.i.AbstractProblemLoader Replaying proof Fib[ThreadSpec::workingPermissions()].JML accessible clause.0 
437378     DEBUG main            d.u.i.k.p.i.IntermediateProofReplayer Proof replay took 2.01ms 
437379     DEBUG main            d.u.i.k.p.r.p.TestFile    ... success: reloaded. 
437380     INFO  main            d.u.i.k.p.r.p.TestFile    Now processing file /home/runner/work/key/key/key.core/../key.ui/examples/heap/permissions/threads/Plotter_initPost_accessible.key 
437380     INFO  main            d.u.i.k.p.i.AbstractProblemLoader Loading environment from /home/runner/work/key/key/key.core/../key.ui/examples/heap/permissions/threads/Plotter_initPost_accessible.key 
437380     DEBUG main            d.u.i.k.p.i.AbstractProblemLoader Environment load took 72.7ns 
437381     INFO  main            d.u.i.k.p.i.AbstractProblemLoader Creating init config 
442037     DEBUG main            d.u.i.k.p.i.AbstractProblemLoader Init config took 4.66s 
442128     INFO  main            d.u.i.k.p.i.AbstractProblemLoader Replaying proof Plotter[ThreadSpec2::initPost()].JML accessible clause.0 
442129     DEBUG main            d.u.i.k.p.i.IntermediateProofReplayer Proof replay took 7.4ns 
442231     INFO  main            d.u.i.k.p.r.p.TestFile    ... finished proof: closed. 
442656     INFO  main            d.u.i.k.p.i.AbstractProblemLoader Loading environment from /home/runner/work/key/key/key.core/../key.ui/examples/heap/permissions/threads/Plotter_initPost_accessible.key.proof 
442657     DEBUG main            d.u.i.k.p.i.AbstractProblemLoader Environment load took 84.9ns 
442657     INFO  main            d.u.i.k.p.i.AbstractProblemLoader Creating init config 
447436     DEBUG main            d.u.i.k.p.i.AbstractProblemLoader Init config took 4.78s 
447524     INFO  main            d.u.i.k.p.i.AbstractProblemLoader Replaying proof Plotter[ThreadSpec2::initPost()].JML accessible clause.0 
447546     DEBUG main            d.u.i.k.p.i.IntermediateProofReplayer Proof replay took 14.47ms 
447547     DEBUG main            d.u.i.k.p.r.p.TestFile    ... success: reloaded. 
447548     INFO  main            d.u.i.k.p.r.p.TestFile    Now processing file /home/runner/work/key/key/key.core/../key.ui/examples/heap/permissions/threads/Plotter_inv_accessible1.key 
447549     INFO  main            d.u.i.k.p.i.AbstractProblemLoader Loading environment from /home/runner/work/key/key/key.core/../key.ui/examples/heap/permissions/threads/Plotter_inv_accessible1.key 
447549     DEBUG main            d.u.i.k.p.i.AbstractProblemLoader Environment load took 186.6ns 
447550     INFO  main            d.u.i.k.p.i.AbstractProblemLoader Creating init config 
452444     DEBUG main            d.u.i.k.p.i.AbstractProblemLoader Init config took 4.89s 
452530     INFO  main            d.u.i.k.p.i.AbstractProblemLoader Replaying proof Plotter[java.lang.Object::<inv>()].JML accessible clause.0 
452532     DEBUG main            d.u.i.k.p.i.IntermediateProofReplayer Proof replay took 7ns 
452637     INFO  main            d.u.i.k.p.r.p.TestFile    ... finished proof: closed. 
453068     INFO  main            d.u.i.k.p.i.AbstractProblemLoader Loading environment from /home/runner/work/key/key/key.core/../key.ui/examples/heap/permissions/threads/Plotter_inv_accessible1.key.proof 
453068     DEBUG main            d.u.i.k.p.i.AbstractProblemLoader Environment load took 81.1ns 
453069     INFO  main            d.u.i.k.p.i.AbstractProblemLoader Creating init config 
457660     DEBUG main            d.u.i.k.p.i.AbstractProblemLoader Init config took 4.59s 
457737     INFO  main            d.u.i.k.p.i.AbstractProblemLoader Replaying proof Plotter[java.lang.Object::<inv>()].JML accessible clause.0 
457740     DEBUG main            d.u.i.k.p.i.IntermediateProofReplayer Proof replay took 1.61ms 
457741     DEBUG main            d.u.i.k.p.r.p.TestFile    ... success: reloaded. 
457741     INFO  main            d.u.i.k.p.r.p.TestFile    Now processing file /home/runner/work/key/key/key.core/../key.ui/examples/heap/permissions/threads/Plotter_inv_accessible2.key 
457742     INFO  main            d.u.i.k.p.i.AbstractProblemLoader Loading environment from /home/runner/work/key/key/key.core/../key.ui/examples/heap/permissions/threads/Plotter_inv_accessible2.key 
457742     DEBUG main            d.u.i.k.p.i.AbstractProblemLoader Environment load took 43.5ns 
457742     INFO  main            d.u.i.k.p.i.AbstractProblemLoader Creating init config 
462560     DEBUG main            d.u.i.k.p.i.AbstractProblemLoader Init config took 4.82s 
462668     INFO  main            d.u.i.k.p.i.AbstractProblemLoader Replaying proof Plotter[java.lang.Object::<inv>()].JML accessible clause.1 
462670     DEBUG main            d.u.i.k.p.i.IntermediateProofReplayer Proof replay took 7.4ns 
462772     INFO  main            d.u.i.k.p.r.p.TestFile    ... finished proof: closed. 
463206     INFO  main            d.u.i.k.p.i.AbstractProblemLoader Loading environment from /home/runner/work/key/key/key.core/../key.ui/examples/heap/permissions/threads/Plotter_inv_accessible2.key.proof 
463206     DEBUG main            d.u.i.k.p.i.AbstractProblemLoader Environment load took 85.5ns 
463207     INFO  main            d.u.i.k.p.i.AbstractProblemLoader Creating init config 
468048     DEBUG main            d.u.i.k.p.i.AbstractProblemLoader Init config took 4.84s 
468136     INFO  main            d.u.i.k.p.i.AbstractProblemLoader Replaying proof Plotter[java.lang.Object::<inv>()].JML accessible clause.1 
468140     DEBUG main            d.u.i.k.p.i.IntermediateProofReplayer Proof replay took 1.91ms 
468141     DEBUG main            d.u.i.k.p.r.p.TestFile    ... success: reloaded. 
468141     INFO  main            d.u.i.k.p.r.p.TestFile    Now processing file /home/runner/work/key/key/key.core/../key.ui/examples/heap/permissions/threads/Plotter_joinTransfer_contract.key 
468142     INFO  main            d.u.i.k.p.i.AbstractProblemLoader Loading environment from /home/runner/work/key/key/key.core/../key.ui/examples/heap/permissions/threads/Plotter_joinTransfer_contract.key 
468142     DEBUG main            d.u.i.k.p.i.AbstractProblemLoader Environment load took 75.9ns 
468143     INFO  main            d.u.i.k.p.i.AbstractProblemLoader Creating init config 
473080     DEBUG main            d.u.i.k.p.i.AbstractProblemLoader Init config took 4.94s 
473163     INFO  main            d.u.i.k.p.i.AbstractProblemLoader Replaying proof Plotter[ThreadSpec2::joinTransfer()].JML model_behavior operation contract.0 
473165     DEBUG main            d.u.i.k.p.i.IntermediateProofReplayer Proof replay took 7ns 
473266     INFO  main            d.u.i.k.p.r.p.TestFile    ... finished proof: closed. 
473699     INFO  main            d.u.i.k.p.i.AbstractProblemLoader Loading environment from /home/runner/work/key/key/key.core/../key.ui/examples/heap/permissions/threads/Plotter_joinTransfer_contract.key.proof 
473699     DEBUG main            d.u.i.k.p.i.AbstractProblemLoader Environment load took 83.3ns 
473700     INFO  main            d.u.i.k.p.i.AbstractProblemLoader Creating init config 
478448     DEBUG main            d.u.i.k.p.i.AbstractProblemLoader Init config took 4.75s 
478526     INFO  main            d.u.i.k.p.i.AbstractProblemLoader Replaying proof Plotter[ThreadSpec2::joinTransfer()].JML model_behavior operation contract.0 
478534     DEBUG main            d.u.i.k.p.i.IntermediateProofReplayer Proof replay took 7.05ms 
478535     DEBUG main            d.u.i.k.p.r.p.TestFile    ... success: reloaded. 
478536     INFO  main            d.u.i.k.p.r.p.TestFile    Now processing file /home/runner/work/key/key/key.core/../key.ui/examples/heap/permissions/threads/Plotter_Plotter.key 
478536     INFO  main            d.u.i.k.p.i.AbstractProblemLoader Loading environment from /home/runner/work/key/key/key.core/../key.ui/examples/heap/permissions/threads/Plotter_Plotter.key 
478536     DEBUG main            d.u.i.k.p.i.AbstractProblemLoader Environment load took 45.2ns 
478537     INFO  main            d.u.i.k.p.i.AbstractProblemLoader Creating init config 
483144     DEBUG main            d.u.i.k.p.i.AbstractProblemLoader Init config took 4.61s 
483222     INFO  main            d.u.i.k.p.i.AbstractProblemLoader Replaying proof Plotter[Plotter::Plotter(AFilter,BFilter,Buffer)].JML normal_behavior operation contract.0 
483223     DEBUG main            d.u.i.k.p.i.IntermediateProofReplayer Proof replay took 6.7ns 
485030     INFO  main            d.u.i.k.p.r.p.TestFile    ... finished proof: closed. 
485514     INFO  main            d.u.i.k.p.i.AbstractProblemLoader Loading environment from /home/runner/work/key/key/key.core/../key.ui/examples/heap/permissions/threads/Plotter_Plotter.key.proof 
485514     DEBUG main            d.u.i.k.p.i.AbstractProblemLoader Environment load took 350.61ns 
485515     INFO  main            d.u.i.k.p.i.AbstractProblemLoader Creating init config 
490061     DEBUG main            d.u.i.k.p.i.AbstractProblemLoader Init config took 4.55s 
490140     INFO  main            d.u.i.k.p.i.AbstractProblemLoader Replaying proof Plotter[Plotter::Plotter(AFilter,BFilter,Buffer)].JML normal_behavior operation contract.0 
490376     DEBUG main            d.u.i.k.p.i.IntermediateProofReplayer Proof replay took 231.86ms 
490377     DEBUG main            d.u.i.k.p.r.p.TestFile    ... success: reloaded. 
490378     INFO  main            d.u.i.k.p.r.p.TestFile    Now processing file /home/runner/work/key/key/key.core/../key.ui/examples/heap/permissions/threads/Plotter_postJoin_accessible.key 
490378     INFO  main            d.u.i.k.p.i.AbstractProblemLoader Loading environment from /home/runner/work/key/key/key.core/../key.ui/examples/heap/permissions/threads/Plotter_postJoin_accessible.key 
490378     DEBUG main            d.u.i.k.p.i.AbstractProblemLoader Environment load took 70.7ns 
490379     INFO  main            d.u.i.k.p.i.AbstractProblemLoader Creating init config 
495016     DEBUG main            d.u.i.k.p.i.AbstractProblemLoader Init config took 4.64s 
495093     INFO  main            d.u.i.k.p.i.AbstractProblemLoader Replaying proof Plotter[ThreadSpec2::postJoin(java.lang.Object)].JML accessible clause.0 
495094     DEBUG main            d.u.i.k.p.i.IntermediateProofReplayer Proof replay took 7.8ns 
495196     INFO  main            d.u.i.k.p.r.p.TestFile    ... finished proof: closed. 
495653     INFO  main            d.u.i.k.p.i.AbstractProblemLoader Loading environment from /home/runner/work/key/key/key.core/../key.ui/examples/heap/permissions/threads/Plotter_postJoin_accessible.key.proof 
495653     DEBUG main            d.u.i.k.p.i.AbstractProblemLoader Environment load took 80.1ns 
495654     INFO  main            d.u.i.k.p.i.AbstractProblemLoader Creating init config 
500194     DEBUG main            d.u.i.k.p.i.AbstractProblemLoader Init config took 4.54s 
500272     INFO  main            d.u.i.k.p.i.AbstractProblemLoader Replaying proof Plotter[ThreadSpec2::postJoin(java.lang.Object)].JML accessible clause.0 
500284     DEBUG main            d.u.i.k.p.i.IntermediateProofReplayer Proof replay took 11.29ms 
500285     DEBUG main            d.u.i.k.p.r.p.TestFile    ... success: reloaded. 
500286     INFO  main            d.u.i.k.p.r.p.TestFile    Now processing file /home/runner/work/key/key/key.core/../key.ui/examples/heap/permissions/threads/Plotter_preStart_accessible.key 
500286     INFO  main            d.u.i.k.p.i.AbstractProblemLoader Loading environment from /home/runner/work/key/key/key.core/../key.ui/examples/heap/permissions/threads/Plotter_preStart_accessible.key 
500286     DEBUG main            d.u.i.k.p.i.AbstractProblemLoader Environment load took 66.3ns 
500287     INFO  main            d.u.i.k.p.i.AbstractProblemLoader Creating init config 
504899     DEBUG main            d.u.i.k.p.i.AbstractProblemLoader Init config took 4.61s 
504996     INFO  main            d.u.i.k.p.i.AbstractProblemLoader Replaying proof Plotter[ThreadSpec2::preStart(java.lang.Object)].JML accessible clause.0 
504997     DEBUG main            d.u.i.k.p.i.IntermediateProofReplayer Proof replay took 7.2ns 
506001     INFO  main            d.u.i.k.p.r.p.TestFile    ... finished proof: closed. 
506493     INFO  main            d.u.i.k.p.i.AbstractProblemLoader Loading environment from /home/runner/work/key/key/key.core/../key.ui/examples/heap/permissions/threads/Plotter_preStart_accessible.key.proof 
506493     DEBUG main            d.u.i.k.p.i.AbstractProblemLoader Environment load took 81.4ns 
506494     INFO  main            d.u.i.k.p.i.AbstractProblemLoader Creating init config 
511030     DEBUG main            d.u.i.k.p.i.AbstractProblemLoader Init config took 4.54s 
511107     INFO  main            d.u.i.k.p.i.AbstractProblemLoader Replaying proof Plotter[ThreadSpec2::preStart(java.lang.Object)].JML accessible clause.0 
511185     DEBUG main            d.u.i.k.p.i.IntermediateProofReplayer Proof replay took 75.61ms 
511186     DEBUG main            d.u.i.k.p.r.p.TestFile    ... success: reloaded. 
511187     INFO  main            d.u.i.k.p.r.p.TestFile    Now processing file /home/runner/work/key/key/key.core/../key.ui/examples/heap/permissions/threads/Plotter_stateInv_accessible.key 
511187     INFO  main            d.u.i.k.p.i.AbstractProblemLoader Loading environment from /home/runner/work/key/key/key.core/../key.ui/examples/heap/permissions/threads/Plotter_stateInv_accessible.key 
511187     DEBUG main            d.u.i.k.p.i.AbstractProblemLoader Environment load took 47.2ns 
511188     INFO  main            d.u.i.k.p.i.AbstractProblemLoader Creating init config 
515810     DEBUG main            d.u.i.k.p.i.AbstractProblemLoader Init config took 4.62s 
515887     INFO  main            d.u.i.k.p.i.AbstractProblemLoader Replaying proof Plotter[ThreadSpec2::stateInv()].JML accessible clause.0 
515888     DEBUG main            d.u.i.k.p.i.IntermediateProofReplayer Proof replay took 7.5ns 
523431     INFO  main            d.u.i.k.p.r.p.TestFile    ... finished proof: closed. 
523932     INFO  main            d.u.i.k.p.i.AbstractProblemLoader Loading environment from /home/runner/work/key/key/key.core/../key.ui/examples/heap/permissions/threads/Plotter_stateInv_accessible.key.proof 
523932     DEBUG main            d.u.i.k.p.i.AbstractProblemLoader Environment load took 78.4ns 
523934     INFO  main            d.u.i.k.p.i.AbstractProblemLoader Creating init config 
528464     DEBUG main            d.u.i.k.p.i.AbstractProblemLoader Init config took 4.53s 
528554     INFO  main            d.u.i.k.p.i.AbstractProblemLoader Replaying proof Plotter[ThreadSpec2::stateInv()].JML accessible clause.0 
529141     DEBUG main            d.u.i.k.p.i.IntermediateProofReplayer Proof replay took 576.05ms 
529143     DEBUG main            d.u.i.k.p.r.p.TestFile    ... success: reloaded. 
529144     INFO  main            d.u.i.k.p.r.p.TestFile    Now processing file /home/runner/work/key/key/key.core/../key.ui/examples/heap/permissions/threads/Plotter_staticPermissions_accessible.key 
529144     INFO  main            d.u.i.k.p.i.AbstractProblemLoader Loading environment from /home/runner/work/key/key/key.core/../key.ui/examples/heap/permissions/threads/Plotter_staticPermissions_accessible.key 
529144     DEBUG main            d.u.i.k.p.i.AbstractProblemLoader Environment load took 54.6ns 
529145     INFO  main            d.u.i.k.p.i.AbstractProblemLoader Creating init config 
533787     DEBUG main            d.u.i.k.p.i.AbstractProblemLoader Init config took 4.64s 
533864     INFO  main            d.u.i.k.p.i.AbstractProblemLoader Replaying proof Plotter[ThreadSpec2::staticPermissions()].JML accessible clause.0 
533866     DEBUG main            d.u.i.k.p.i.IntermediateProofReplayer Proof replay took 41.7ns 
534569     INFO  main            d.u.i.k.p.r.p.TestFile    ... finished proof: closed. 
535046     INFO  main            d.u.i.k.p.i.AbstractProblemLoader Loading environment from /home/runner/work/key/key/key.core/../key.ui/examples/heap/permissions/threads/Plotter_staticPermissions_accessible.key.proof 
535046     DEBUG main            d.u.i.k.p.i.AbstractProblemLoader Environment load took 77ns 
535047     INFO  main            d.u.i.k.p.i.AbstractProblemLoader Creating init config 
539578     DEBUG main            d.u.i.k.p.i.AbstractProblemLoader Init config took 4.53s 
539655     INFO  main            d.u.i.k.p.i.AbstractProblemLoader Replaying proof Plotter[ThreadSpec2::staticPermissions()].JML accessible clause.0 
539714     DEBUG main            d.u.i.k.p.i.IntermediateProofReplayer Proof replay took 56.67ms 
539715     DEBUG main            d.u.i.k.p.r.p.TestFile    ... success: reloaded. 
539715     INFO  main            d.u.i.k.p.r.p.TestFile    Now processing file /home/runner/work/key/key/key.core/../key.ui/examples/heap/permissions/threads/Plotter_workingPermissions_accessible.key 
539716     INFO  main            d.u.i.k.p.i.AbstractProblemLoader Loading environment from /home/runner/work/key/key/key.core/../key.ui/examples/heap/permissions/threads/Plotter_workingPermissions_accessible.key 
539716     DEBUG main            d.u.i.k.p.i.AbstractProblemLoader Environment load took 65.8ns 
539716     INFO  main            d.u.i.k.p.i.AbstractProblemLoader Creating init config 
544343     DEBUG main            d.u.i.k.p.i.AbstractProblemLoader Init config took 4.63s 
544421     INFO  main            d.u.i.k.p.i.AbstractProblemLoader Replaying proof Plotter[ThreadSpec2::workingPermissions()].JML accessible clause.0 
544422     DEBUG main            d.u.i.k.p.i.IntermediateProofReplayer Proof replay took 3.2ns 
544623     INFO  main            d.u.i.k.p.r.p.TestFile    ... finished proof: closed. 
545111     INFO  main            d.u.i.k.p.i.AbstractProblemLoader Loading environment from /home/runner/work/key/key/key.core/../key.ui/examples/heap/permissions/threads/Plotter_workingPermissions_accessible.key.proof 
545111     DEBUG main            d.u.i.k.p.i.AbstractProblemLoader Environment load took 76.9ns 
545112     INFO  main            d.u.i.k.p.i.AbstractProblemLoader Creating init config 
549653     DEBUG main            d.u.i.k.p.i.AbstractProblemLoader Init config took 4.54s 
549731     INFO  main            d.u.i.k.p.i.AbstractProblemLoader Replaying proof Plotter[ThreadSpec2::workingPermissions()].JML accessible clause.0 
549747     DEBUG main            d.u.i.k.p.i.IntermediateProofReplayer Proof replay took 14.38ms 
549748     DEBUG main            d.u.i.k.p.r.p.TestFile    ... success: reloaded. 
549749     INFO  main            d.u.i.k.p.r.p.TestFile    Now processing file /home/runner/work/key/key/key.core/../key.ui/examples/heap/permissions/threads/Sampler_initPost_accessible.key 
549749     INFO  main            d.u.i.k.p.i.AbstractProblemLoader Loading environment from /home/runner/work/key/key/key.core/../key.ui/examples/heap/permissions/threads/Sampler_initPost_accessible.key 
549749     DEBUG main            d.u.i.k.p.i.AbstractProblemLoader Environment load took 79.7ns 
549750     INFO  main            d.u.i.k.p.i.AbstractProblemLoader Creating init config 
554371     DEBUG main            d.u.i.k.p.i.AbstractProblemLoader Init config took 4.62s 
554448     INFO  main            d.u.i.k.p.i.AbstractProblemLoader Replaying proof Sampler[ThreadSpec2::initPost()].JML accessible clause.0 
554449     DEBUG main            d.u.i.k.p.i.IntermediateProofReplayer Proof replay took 3.3ns 
554550     INFO  main            d.u.i.k.p.r.p.TestFile    ... finished proof: closed. 
555039     INFO  main            d.u.i.k.p.i.AbstractProblemLoader Loading environment from /home/runner/work/key/key/key.core/../key.ui/examples/heap/permissions/threads/Sampler_initPost_accessible.key.proof 
555039     DEBUG main            d.u.i.k.p.i.AbstractProblemLoader Environment load took 72.6ns 
555040     INFO  main            d.u.i.k.p.i.AbstractProblemLoader Creating init config 
559571     DEBUG main            d.u.i.k.p.i.AbstractProblemLoader Init config took 4.53s 
559647     INFO  main            d.u.i.k.p.i.AbstractProblemLoader Replaying proof Sampler[ThreadSpec2::initPost()].JML accessible clause.0 
559653     DEBUG main            d.u.i.k.p.i.IntermediateProofReplayer Proof replay took 5.06ms 
559654     DEBUG main            d.u.i.k.p.r.p.TestFile    ... success: reloaded. 
559655     INFO  main            d.u.i.k.p.r.p.TestFile    Now processing file /home/runner/work/key/key/key.core/../key.ui/examples/heap/permissions/threads/Sampler_inv_accessible1.key 
559655     INFO  main            d.u.i.k.p.i.AbstractProblemLoader Loading environment from /home/runner/work/key/key/key.core/../key.ui/examples/heap/permissions/threads/Sampler_inv_accessible1.key 
559655     DEBUG main            d.u.i.k.p.i.AbstractProblemLoader Environment load took 38.9ns 
559656     INFO  main            d.u.i.k.p.i.AbstractProblemLoader Creating init config 
564266     DEBUG main            d.u.i.k.p.i.AbstractProblemLoader Init config took 4.61s 
564343     INFO  main            d.u.i.k.p.i.AbstractProblemLoader Replaying proof Sampler[java.lang.Object::<inv>()].JML accessible clause.0 
564344     DEBUG main            d.u.i.k.p.i.IntermediateProofReplayer Proof replay took 4.1ns 
564446     INFO  main            d.u.i.k.p.r.p.TestFile    ... finished proof: closed. 
564920     INFO  main            d.u.i.k.p.i.AbstractProblemLoader Loading environment from /home/runner/work/key/key/key.core/../key.ui/examples/heap/permissions/threads/Sampler_inv_accessible1.key.proof 
564921     DEBUG main            d.u.i.k.p.i.AbstractProblemLoader Environment load took 72.6ns 
564921     INFO  main            d.u.i.k.p.i.AbstractProblemLoader Creating init config 
569459     DEBUG main            d.u.i.k.p.i.AbstractProblemLoader Init config took 4.54s 
569535     INFO  main            d.u.i.k.p.i.AbstractProblemLoader Replaying proof Sampler[java.lang.Object::<inv>()].JML accessible clause.0 
569538     DEBUG main            d.u.i.k.p.i.IntermediateProofReplayer Proof replay took 1.5ms 
569539     DEBUG main            d.u.i.k.p.r.p.TestFile    ... success: reloaded. 
569540     INFO  main            d.u.i.k.p.r.p.TestFile    Now processing file /home/runner/work/key/key/key.core/../key.ui/examples/heap/permissions/threads/Sampler_inv_accessible2.key 
569540     INFO  main            d.u.i.k.p.i.AbstractProblemLoader Loading environment from /home/runner/work/key/key/key.core/../key.ui/examples/heap/permissions/threads/Sampler_inv_accessible2.key 
569540     DEBUG main            d.u.i.k.p.i.AbstractProblemLoader Environment load took 59.6ns 
569541     INFO  main            d.u.i.k.p.i.AbstractProblemLoader Creating init config 
574152     DEBUG main            d.u.i.k.p.i.AbstractProblemLoader Init config took 4.61s 
574244     INFO  main            d.u.i.k.p.i.AbstractProblemLoader Replaying proof Sampler[java.lang.Object::<inv>()].JML accessible clause.1 
574245     DEBUG main            d.u.i.k.p.i.IntermediateProofReplayer Proof replay took 2.7ns 
574347     INFO  main            d.u.i.k.p.r.p.TestFile    ... finished proof: closed. 
574845     INFO  main            d.u.i.k.p.i.AbstractProblemLoader Loading environment from /home/runner/work/key/key/key.core/../key.ui/examples/heap/permissions/threads/Sampler_inv_accessible2.key.proof 
574845     DEBUG main            d.u.i.k.p.i.AbstractProblemLoader Environment load took 73.2ns 
574845     INFO  main            d.u.i.k.p.i.AbstractProblemLoader Creating init config 
579381     DEBUG main            d.u.i.k.p.i.AbstractProblemLoader Init config took 4.54s 
579470     INFO  main            d.u.i.k.p.i.AbstractProblemLoader Replaying proof Sampler[java.lang.Object::<inv>()].JML accessible clause.1 
579473     DEBUG main            d.u.i.k.p.i.IntermediateProofReplayer Proof replay took 1.53ms 
579473     DEBUG main            d.u.i.k.p.r.p.TestFile    ... success: reloaded. 
579475     INFO  main            d.u.i.k.p.r.p.TestFile    Now processing file /home/runner/work/key/key/key.core/../key.ui/examples/heap/permissions/threads/Sampler_joinTransfer_accessible.key 
579476     INFO  main            d.u.i.k.p.i.AbstractProblemLoader Loading environment from /home/runner/work/key/key/key.core/../key.ui/examples/heap/permissions/threads/Sampler_joinTransfer_accessible.key 
579476     DEBUG main            d.u.i.k.p.i.AbstractProblemLoader Environment load took 54.2ns 
579476     INFO  main            d.u.i.k.p.i.AbstractProblemLoader Creating init config 
584087     DEBUG main            d.u.i.k.p.i.AbstractProblemLoader Init config took 4.61s 
584164     INFO  main            d.u.i.k.p.i.AbstractProblemLoader Replaying proof Sampler[ThreadSpec2::joinTransfer()].JML accessible clause.0 
584165     DEBUG main            d.u.i.k.p.i.IntermediateProofReplayer Proof replay took 3.8ns 
587574     INFO  main            d.u.i.k.p.r.p.TestFile    ... finished proof: closed. 
588103     INFO  main            d.u.i.k.p.i.AbstractProblemLoader Loading environment from /home/runner/work/key/key/key.core/../key.ui/examples/heap/permissions/threads/Sampler_joinTransfer_accessible.key.proof 
588103     DEBUG main            d.u.i.k.p.i.AbstractProblemLoader Environment load took 302.5ns 
588105     INFO  main            d.u.i.k.p.i.AbstractProblemLoader Creating init config 
592648     DEBUG main            d.u.i.k.p.i.AbstractProblemLoader Init config took 4.54s 
592727     INFO  main            d.u.i.k.p.i.AbstractProblemLoader Replaying proof Sampler[ThreadSpec2::joinTransfer()].JML accessible clause.0 
593349     DEBUG main            d.u.i.k.p.i.IntermediateProofReplayer Proof replay took 612.34ms 
593350     DEBUG main            d.u.i.k.p.r.p.TestFile    ... success: reloaded. 
593351     INFO  main            d.u.i.k.p.r.p.TestFile    Now processing file /home/runner/work/key/key/key.core/../key.ui/examples/heap/permissions/threads/Sampler_joinTransfer_contract.key 
593351     INFO  main            d.u.i.k.p.i.AbstractProblemLoader Loading environment from /home/runner/work/key/key/key.core/../key.ui/examples/heap/permissions/threads/Sampler_joinTransfer_contract.key 
593351     DEBUG main            d.u.i.k.p.i.AbstractProblemLoader Environment load took 67.3ns 
593352     INFO  main            d.u.i.k.p.i.AbstractProblemLoader Creating init config 
597982     DEBUG main            d.u.i.k.p.i.AbstractProblemLoader Init config took 4.63s 
598058     INFO  main            d.u.i.k.p.i.AbstractProblemLoader Replaying proof Sampler[ThreadSpec2::joinTransfer()].JML model_behavior operation contract.0 
598060     DEBUG main            d.u.i.k.p.i.IntermediateProofReplayer Proof replay took 2.8ns 
598161     INFO  main            d.u.i.k.p.r.p.TestFile    ... finished proof: closed. 
598676     INFO  main            d.u.i.k.p.i.AbstractProblemLoader Loading environment from /home/runner/work/key/key/key.core/../key.ui/examples/heap/permissions/threads/Sampler_joinTransfer_contract.key.proof 
598677     DEBUG main            d.u.i.k.p.i.AbstractProblemLoader Environment load took 74.9ns 
598677     INFO  main            d.u.i.k.p.i.AbstractProblemLoader Creating init config 
603224     DEBUG main            d.u.i.k.p.i.AbstractProblemLoader Init config took 4.55s 
603301     INFO  main            d.u.i.k.p.i.AbstractProblemLoader Replaying proof Sampler[ThreadSpec2::joinTransfer()].JML model_behavior operation contract.0 
603308     DEBUG main            d.u.i.k.p.i.IntermediateProofReplayer Proof replay took 6.46ms 
603309     DEBUG main            d.u.i.k.p.r.p.TestFile    ... success: reloaded. 
603310     INFO  main            d.u.i.k.p.r.p.TestFile    Now processing file /home/runner/work/key/key/key.core/../key.ui/examples/heap/permissions/threads/Sampler_postJoin_accessible.key 
603310     INFO  main            d.u.i.k.p.i.AbstractProblemLoader Loading environment from /home/runner/work/key/key/key.core/../key.ui/examples/heap/permissions/threads/Sampler_postJoin_accessible.key 
603310     DEBUG main            d.u.i.k.p.i.AbstractProblemLoader Environment load took 88.9ns 
603311     INFO  main            d.u.i.k.p.i.AbstractProblemLoader Creating init config 
607921     DEBUG main            d.u.i.k.p.i.AbstractProblemLoader Init config took 4.61s 
607997     INFO  main            d.u.i.k.p.i.AbstractProblemLoader Replaying proof Sampler[ThreadSpec2::postJoin(java.lang.Object)].JML accessible clause.0 
607999     DEBUG main            d.u.i.k.p.i.IntermediateProofReplayer Proof replay took 3.5ns 
608100     INFO  main            d.u.i.k.p.r.p.TestFile    ... finished proof: closed. 
608624     INFO  main            d.u.i.k.p.i.AbstractProblemLoader Loading environment from /home/runner/work/key/key/key.core/../key.ui/examples/heap/permissions/threads/Sampler_postJoin_accessible.key.proof 
608624     DEBUG main            d.u.i.k.p.i.AbstractProblemLoader Environment load took 76.2ns 
608625     INFO  main            d.u.i.k.p.i.AbstractProblemLoader Creating init config 
613169     DEBUG main            d.u.i.k.p.i.AbstractProblemLoader Init config took 4.54s 
613246     INFO  main            d.u.i.k.p.i.AbstractProblemLoader Replaying proof Sampler[ThreadSpec2::postJoin(java.lang.Object)].JML accessible clause.0 
613255     DEBUG main            d.u.i.k.p.i.IntermediateProofReplayer Proof replay took 7.89ms 
613256     DEBUG main            d.u.i.k.p.r.p.TestFile    ... success: reloaded. 
613257     INFO  main            d.u.i.k.p.r.p.TestFile    Now processing file /home/runner/work/key/key/key.core/../key.ui/examples/heap/permissions/threads/Sampler_preStart_accessible.key 
613257     INFO  main            d.u.i.k.p.i.AbstractProblemLoader Loading environment from /home/runner/work/key/key/key.core/../key.ui/examples/heap/permissions/threads/Sampler_preStart_accessible.key 
613257     DEBUG main            d.u.i.k.p.i.AbstractProblemLoader Environment load took 39ns 
613257     INFO  main            d.u.i.k.p.i.AbstractProblemLoader Creating init config 
617876     DEBUG main            d.u.i.k.p.i.AbstractProblemLoader Init config took 4.62s 
617968     INFO  main            d.u.i.k.p.i.AbstractProblemLoader Replaying proof Sampler[ThreadSpec2::preStart(java.lang.Object)].JML accessible clause.0 
617969     DEBUG main            d.u.i.k.p.i.IntermediateProofReplayer Proof replay took 3.1ns 
618070     INFO  main            d.u.i.k.p.r.p.TestFile    ... finished proof: closed. 
618614     INFO  main            d.u.i.k.p.i.AbstractProblemLoader Loading environment from /home/runner/work/key/key/key.core/../key.ui/examples/heap/permissions/threads/Sampler_preStart_accessible.key.proof 
618614     DEBUG main            d.u.i.k.p.i.AbstractProblemLoader Environment load took 76.6ns 
618616     INFO  main            d.u.i.k.p.i.AbstractProblemLoader Creating init config 
623169     DEBUG main            d.u.i.k.p.i.AbstractProblemLoader Init config took 4.55s 
623245     INFO  main            d.u.i.k.p.i.AbstractProblemLoader Replaying proof Sampler[ThreadSpec2::preStart(java.lang.Object)].JML accessible clause.0 
623255     DEBUG main            d.u.i.k.p.i.IntermediateProofReplayer Proof replay took 7.76ms 
623255     DEBUG main            d.u.i.k.p.r.p.TestFile    ... success: reloaded. 
623256     INFO  main            d.u.i.k.p.r.p.TestFile    Now processing file /home/runner/work/key/key/key.core/../key.ui/examples/heap/permissions/threads/Sampler_run.key 
623256     INFO  main            d.u.i.k.p.i.AbstractProblemLoader Loading environment from /home/runner/work/key/key/key.core/../key.ui/examples/heap/permissions/threads/Sampler_run.key 
623256     DEBUG main            d.u.i.k.p.i.AbstractProblemLoader Environment load took 40.3ns 
623257     INFO  main            d.u.i.k.p.i.AbstractProblemLoader Creating init config 
627883     DEBUG main            d.u.i.k.p.i.AbstractProblemLoader Init config took 4.63s 
627960     INFO  main            d.u.i.k.p.i.AbstractProblemLoader Replaying proof Sampler[ThreadSpec2::run()].JML normal_behavior operation contract.0 
627961     DEBUG main            d.u.i.k.p.i.IntermediateProofReplayer Proof replay took 3ns 
628063     INFO  main            d.u.i.k.p.r.p.TestFile    ... finished proof: closed. 
628605     INFO  main            d.u.i.k.p.i.AbstractProblemLoader Loading environment from /home/runner/work/key/key/key.core/../key.ui/examples/heap/permissions/threads/Sampler_run.key.proof 
628605     DEBUG main            d.u.i.k.p.i.AbstractProblemLoader Environment load took 79.3ns 
628606     INFO  main            d.u.i.k.p.i.AbstractProblemLoader Creating init config 
633151     DEBUG main            d.u.i.k.p.i.AbstractProblemLoader Init config took 4.54s 
633228     INFO  main            d.u.i.k.p.i.AbstractProblemLoader Replaying proof Sampler[ThreadSpec2::run()].JML normal_behavior operation contract.0 
633261     DEBUG main            d.u.i.k.p.i.IntermediateProofReplayer Proof replay took 32.05ms 
633262     DEBUG main            d.u.i.k.p.r.p.TestFile    ... success: reloaded. 
633263     INFO  main            d.u.i.k.p.r.p.TestFile    Now processing file /home/runner/work/key/key/key.core/../key.ui/examples/heap/permissions/threads/Sampler_Sampler.key 
633263     INFO  main            d.u.i.k.p.i.AbstractProblemLoader Loading environment from /home/runner/work/key/key/key.core/../key.ui/examples/heap/permissions/threads/Sampler_Sampler.key 
633263     DEBUG main            d.u.i.k.p.i.AbstractProblemLoader Environment load took 41.9ns 
633264     INFO  main            d.u.i.k.p.i.AbstractProblemLoader Creating init config 
637900     DEBUG main            d.u.i.k.p.i.AbstractProblemLoader Init config took 4.64s 
637977     INFO  main            d.u.i.k.p.i.AbstractProblemLoader Replaying proof Sampler[Sampler::Sampler(Buffer)].JML normal_behavior operation contract.0 
637978     DEBUG main            d.u.i.k.p.i.IntermediateProofReplayer Proof replay took 2.8ns 
638581     INFO  main            d.u.i.k.p.r.p.TestFile    ... finished proof: closed. 
639120     INFO  main            d.u.i.k.p.i.AbstractProblemLoader Loading environment from /home/runner/work/key/key/key.core/../key.ui/examples/heap/permissions/threads/Sampler_Sampler.key.proof 
639120     DEBUG main            d.u.i.k.p.i.AbstractProblemLoader Environment load took 73.4ns 
639121     INFO  main            d.u.i.k.p.i.AbstractProblemLoader Creating init config 
643681     DEBUG main            d.u.i.k.p.i.AbstractProblemLoader Init config took 4.56s 
643758     INFO  main            d.u.i.k.p.i.AbstractProblemLoader Replaying proof Sampler[Sampler::Sampler(Buffer)].JML normal_behavior operation contract.0 
643839     DEBUG main            d.u.i.k.p.i.IntermediateProofReplayer Proof replay took 79.03ms 
643839     DEBUG main            d.u.i.k.p.r.p.TestFile    ... success: reloaded. 
643840     INFO  main            d.u.i.k.p.r.p.TestFile    Now processing file /home/runner/work/key/key/key.core/../key.ui/examples/heap/permissions/threads/Sampler_startTransfer_accessible.key 
643840     INFO  main            d.u.i.k.p.i.AbstractProblemLoader Loading environment from /home/runner/work/key/key/key.core/../key.ui/examples/heap/permissions/threads/Sampler_startTransfer_accessible.key 
643841     DEBUG main            d.u.i.k.p.i.AbstractProblemLoader Environment load took 69.2ns 
643841     INFO  main            d.u.i.k.p.i.AbstractProblemLoader Creating init config 
648477     DEBUG main            d.u.i.k.p.i.AbstractProblemLoader Init config took 4.64s 
648569     INFO  main            d.u.i.k.p.i.AbstractProblemLoader Replaying proof Sampler[ThreadSpec2::startTransfer()].JML accessible clause.0 
648570     DEBUG main            d.u.i.k.p.i.IntermediateProofReplayer Proof replay took 3ns 
652600     INFO  main            d.u.i.k.p.r.p.TestFile    ... finished proof: closed. 
653156     INFO  main            d.u.i.k.p.i.AbstractProblemLoader Loading environment from /home/runner/work/key/key/key.core/../key.ui/examples/heap/permissions/threads/Sampler_startTransfer_accessible.key.proof 
653156     DEBUG main            d.u.i.k.p.i.AbstractProblemLoader Environment load took 82ns 
653158     INFO  main            d.u.i.k.p.i.AbstractProblemLoader Creating init config 
657699     DEBUG main            d.u.i.k.p.i.AbstractProblemLoader Init config took 4.54s 
657790     INFO  main            d.u.i.k.p.i.AbstractProblemLoader Replaying proof Sampler[ThreadSpec2::startTransfer()].JML accessible clause.0 
658383     DEBUG main            d.u.i.k.p.i.IntermediateProofReplayer Proof replay took 583.25ms 
658384     DEBUG main            d.u.i.k.p.r.p.TestFile    ... success: reloaded. 
658385     INFO  main            d.u.i.k.p.r.p.TestFile    Now processing file /home/runner/work/key/key/key.core/../key.ui/examples/heap/permissions/threads/Sampler_startTransfer_contract.key 
658385     INFO  main            d.u.i.k.p.i.AbstractProblemLoader Loading environment from /home/runner/work/key/key/key.core/../key.ui/examples/heap/permissions/threads/Sampler_startTransfer_contract.key 
658385     DEBUG main            d.u.i.k.p.i.AbstractProblemLoader Environment load took 43.1ns 
658386     INFO  main            d.u.i.k.p.i.AbstractProblemLoader Creating init config 
663030     DEBUG main            d.u.i.k.p.i.AbstractProblemLoader Init config took 4.64s 
663122     INFO  main            d.u.i.k.p.i.AbstractProblemLoader Replaying proof Sampler[ThreadSpec2::startTransfer()].JML model_behavior operation contract.0 
663126     DEBUG main            d.u.i.k.p.i.IntermediateProofReplayer Proof replay took 3.2ns 
663228     INFO  main            d.u.i.k.p.r.p.TestFile    ... finished proof: closed. 
663777     INFO  main            d.u.i.k.p.i.AbstractProblemLoader Loading environment from /home/runner/work/key/key/key.core/../key.ui/examples/heap/permissions/threads/Sampler_startTransfer_contract.key.proof 
663778     DEBUG main            d.u.i.k.p.i.AbstractProblemLoader Environment load took 73ns 
663778     INFO  main            d.u.i.k.p.i.AbstractProblemLoader Creating init config 
668314     DEBUG main            d.u.i.k.p.i.AbstractProblemLoader Init config took 4.54s 
668405     INFO  main            d.u.i.k.p.i.AbstractProblemLoader Replaying proof Sampler[ThreadSpec2::startTransfer()].JML model_behavior operation contract.0 
668412     DEBUG main            d.u.i.k.p.i.IntermediateProofReplayer Proof replay took 6.4ms 
668413     DEBUG main            d.u.i.k.p.r.p.TestFile    ... success: reloaded. 
668414     INFO  main            d.u.i.k.p.r.p.TestFile    Now processing file /home/runner/work/key/key/key.core/../key.ui/examples/heap/permissions/threads/Sampler_stateInv_accessible.key 
668414     INFO  main            d.u.i.k.p.i.AbstractProblemLoader Loading environment from /home/runner/work/key/key/key.core/../key.ui/examples/heap/permissions/threads/Sampler_stateInv_accessible.key 
668414     DEBUG main            d.u.i.k.p.i.AbstractProblemLoader Environment load took 39.9ns 
668415     INFO  main            d.u.i.k.p.i.AbstractProblemLoader Creating init config 
673057     DEBUG main            d.u.i.k.p.i.AbstractProblemLoader Init config took 4.64s 
673134     INFO  main            d.u.i.k.p.i.AbstractProblemLoader Replaying proof Sampler[ThreadSpec2::stateInv()].JML accessible clause.0 
673136     DEBUG main            d.u.i.k.p.i.IntermediateProofReplayer Proof replay took 3ns 
673237     INFO  main            d.u.i.k.p.r.p.TestFile    ... finished proof: closed. 
673796     INFO  main            d.u.i.k.p.i.AbstractProblemLoader Loading environment from /home/runner/work/key/key/key.core/../key.ui/examples/heap/permissions/threads/Sampler_stateInv_accessible.key.proof 
673796     DEBUG main            d.u.i.k.p.i.AbstractProblemLoader Environment load took 71.6ns 
673797     INFO  main            d.u.i.k.p.i.AbstractProblemLoader Creating init config 
678340     DEBUG main            d.u.i.k.p.i.AbstractProblemLoader Init config took 4.54s 
678430     INFO  main            d.u.i.k.p.i.AbstractProblemLoader Replaying proof Sampler[ThreadSpec2::stateInv()].JML accessible clause.0 
678437     DEBUG main            d.u.i.k.p.i.IntermediateProofReplayer Proof replay took 5.69ms 
678438     DEBUG main            d.u.i.k.p.r.p.TestFile    ... success: reloaded. 
678439     INFO  main            d.u.i.k.p.r.p.TestFile    Now processing file /home/runner/work/key/key/key.core/../key.ui/examples/heap/permissions/threads/Sampler_staticPermissions_accessible.key 
678440     INFO  main            d.u.i.k.p.i.AbstractProblemLoader Loading environment from /home/runner/work/key/key/key.core/../key.ui/examples/heap/permissions/threads/Sampler_staticPermissions_accessible.key 
678440     DEBUG main            d.u.i.k.p.i.AbstractProblemLoader Environment load took 145.7ns 
678441     INFO  main            d.u.i.k.p.i.AbstractProblemLoader Creating init config 
683114     DEBUG main            d.u.i.k.p.i.AbstractProblemLoader Init config took 4.67s 
683221     INFO  main            d.u.i.k.p.i.AbstractProblemLoader Replaying proof Sampler[ThreadSpec2::staticPermissions()].JML accessible clause.0 
683223     DEBUG main            d.u.i.k.p.i.IntermediateProofReplayer Proof replay took 3ns 
683324     INFO  main            d.u.i.k.p.r.p.TestFile    ... finished proof: closed. 
683877     INFO  main            d.u.i.k.p.i.AbstractProblemLoader Loading environment from /home/runner/work/key/key/key.core/../key.ui/examples/heap/permissions/threads/Sampler_staticPermissions_accessible.key.proof 
683877     DEBUG main            d.u.i.k.p.i.AbstractProblemLoader Environment load took 84.9ns 
683877     INFO  main            d.u.i.k.p.i.AbstractProblemLoader Creating init config 
688422     DEBUG main            d.u.i.k.p.i.AbstractProblemLoader Init config took 4.54s 
688511     INFO  main            d.u.i.k.p.i.AbstractProblemLoader Replaying proof Sampler[ThreadSpec2::staticPermissions()].JML accessible clause.0 
688515     DEBUG main            d.u.i.k.p.i.IntermediateProofReplayer Proof replay took 3.35ms 
688516     DEBUG main            d.u.i.k.p.r.p.TestFile    ... success: reloaded. 
688517     INFO  main            d.u.i.k.p.r.p.TestFile    Now processing file /home/runner/work/key/key/key.core/../key.ui/examples/heap/permissions/threads/Sampler_workingPermissions_accessible.key 
688517     INFO  main            d.u.i.k.p.i.AbstractProblemLoader Loading environment from /home/runner/work/key/key/key.core/../key.ui/examples/heap/permissions/threads/Sampler_workingPermissions_accessible.key 
688517     DEBUG main            d.u.i.k.p.i.AbstractProblemLoader Environment load took 65.2ns 
688518     INFO  main            d.u.i.k.p.i.AbstractProblemLoader Creating init config 
693147     DEBUG main            d.u.i.k.p.i.AbstractProblemLoader Init config took 4.63s 
693224     INFO  main            d.u.i.k.p.i.AbstractProblemLoader Replaying proof Sampler[ThreadSpec2::workingPermissions()].JML accessible clause.0 
693226     DEBUG main            d.u.i.k.p.i.IntermediateProofReplayer Proof replay took 3.6ns 
693327     INFO  main            d.u.i.k.p.r.p.TestFile    ... finished proof: closed. 
693894     INFO  main            d.u.i.k.p.i.AbstractProblemLoader Loading environment from /home/runner/work/key/key/key.core/../key.ui/examples/heap/permissions/threads/Sampler_workingPermissions_accessible.key.proof 
693894     DEBUG main            d.u.i.k.p.i.AbstractProblemLoader Environment load took 74.1ns 
693895     INFO  main            d.u.i.k.p.i.AbstractProblemLoader Creating init config 
698643     DEBUG main            d.u.i.k.p.i.AbstractProblemLoader Init config took 4.75s 
698731     INFO  main            d.u.i.k.p.i.AbstractProblemLoader Replaying proof Sampler[ThreadSpec2::workingPermissions()].JML accessible clause.0 
698740     DEBUG main            d.u.i.k.p.i.IntermediateProofReplayer Proof replay took 5.41ms 
698741     DEBUG main            d.u.i.k.p.r.p.TestFile    ... success: reloaded. 
698742     INFO  main            d.u.i.k.p.r.p.TestFile    Now processing file /home/runner/work/key/key/key.core/../key.ui/examples/heap/permissions/mulleretal/ReadWrite_doRead_contract.key 
698742     INFO  main            d.u.i.k.p.i.AbstractProblemLoader Loading environment from /home/runner/work/key/key/key.core/../key.ui/examples/heap/permissions/mulleretal/ReadWrite_doRead_contract.key 
698742     DEBUG main            d.u.i.k.p.i.AbstractProblemLoader Environment load took 146.3ns 
698743     INFO  main            d.u.i.k.p.i.AbstractProblemLoader Creating init config 
701517     DEBUG main            d.u.i.k.p.i.AbstractProblemLoader Init config took 2.77s 
701548     INFO  main            d.u.i.k.p.i.AbstractProblemLoader Replaying proof ReadWrite[ReadWrite::doRead()].JML normal_behavior operation contract.0 
701550     DEBUG main            d.u.i.k.p.i.IntermediateProofReplayer Proof replay took 3.1ns 
703206     INFO  main            d.u.i.k.p.r.p.TestFile    ... finished proof: closed. 
703810     INFO  main            d.u.i.k.p.i.AbstractProblemLoader Loading environment from /home/runner/work/key/key/key.core/../key.ui/examples/heap/permissions/mulleretal/ReadWrite_doRead_contract.key.proof 
703810     DEBUG main            d.u.i.k.p.i.AbstractProblemLoader Environment load took 86.4ns 
703811     INFO  main            d.u.i.k.p.i.AbstractProblemLoader Creating init config 
706470     DEBUG main            d.u.i.k.p.i.AbstractProblemLoader Init config took 2.66s 
706501     INFO  main            d.u.i.k.p.i.AbstractProblemLoader Replaying proof ReadWrite[ReadWrite::doRead()].JML normal_behavior operation contract.0 
706986     DEBUG main            d.u.i.k.p.i.IntermediateProofReplayer Proof replay took 479.54ms 
706987     DEBUG main            d.u.i.k.p.r.p.TestFile    ... success: reloaded. 
706988     INFO  main            d.u.i.k.p.r.p.TestFile    Now processing file /home/runner/work/key/key/key.core/../key.ui/examples/heap/permissions/mulleretal/ReadWrite_doWrite_contract.key 
706988     INFO  main            d.u.i.k.p.i.AbstractProblemLoader Loading environment from /home/runner/work/key/key/key.core/../key.ui/examples/heap/permissions/mulleretal/ReadWrite_doWrite_contract.key 
706989     DEBUG main            d.u.i.k.p.i.AbstractProblemLoader Environment load took 964.62ns 
706990     INFO  main            d.u.i.k.p.i.AbstractProblemLoader Creating init config 
709987     DEBUG main            d.u.i.k.p.i.AbstractProblemLoader Init config took 3s 
710019     INFO  main            d.u.i.k.p.i.AbstractProblemLoader Replaying proof ReadWrite[ReadWrite::doWrite()].JML normal_behavior operation contract.0 
710021     DEBUG main            d.u.i.k.p.i.IntermediateProofReplayer Proof replay took 3ns 
711729     INFO  main            d.u.i.k.p.r.p.TestFile    ... finished proof: closed. 
712325     INFO  main            d.u.i.k.p.i.AbstractProblemLoader Loading environment from /home/runner/work/key/key/key.core/../key.ui/examples/heap/permissions/mulleretal/ReadWrite_doWrite_contract.key.proof 
712326     DEBUG main            d.u.i.k.p.i.AbstractProblemLoader Environment load took 307.61ns 
712327     INFO  main            d.u.i.k.p.i.AbstractProblemLoader Creating init config 
715079     DEBUG main            d.u.i.k.p.i.AbstractProblemLoader Init config took 2.75s 
715116     INFO  main            d.u.i.k.p.i.AbstractProblemLoader Replaying proof ReadWrite[ReadWrite::doWrite()].JML normal_behavior operation contract.0 
715590     DEBUG main            d.u.i.k.p.i.IntermediateProofReplayer Proof replay took 467.74ms 
715591     DEBUG main            d.u.i.k.p.r.p.TestFile    ... success: reloaded. 
715591     INFO  main            d.u.i.k.p.r.p.TestFile    Now processing file /home/runner/work/key/key/key.core/../key.ui/examples/heap/permissions/mulleretal/ReadWrite_read_contract.key 
715592     INFO  main            d.u.i.k.p.i.AbstractProblemLoader Loading environment from /home/runner/work/key/key/key.core/../key.ui/examples/heap/permissions/mulleretal/ReadWrite_read_contract.key 
715592     DEBUG main            d.u.i.k.p.i.AbstractProblemLoader Environment load took 143.2ns 
715593     INFO  main            d.u.i.k.p.i.AbstractProblemLoader Creating init config 
718338     DEBUG main            d.u.i.k.p.i.AbstractProblemLoader Init config took 2.75s 
718369     INFO  main            d.u.i.k.p.i.AbstractProblemLoader Replaying proof ReadWrite[ReadWrite::read()].JML normal_behavior operation contract.0 
718370     DEBUG main            d.u.i.k.p.i.IntermediateProofReplayer Proof replay took 3.1ns 
718471     INFO  main            d.u.i.k.p.r.p.TestFile    ... finished proof: closed. 
719035     INFO  main            d.u.i.k.p.i.AbstractProblemLoader Loading environment from /home/runner/work/key/key/key.core/../key.ui/examples/heap/permissions/mulleretal/ReadWrite_read_contract.key.proof 
719035     DEBUG main            d.u.i.k.p.i.AbstractProblemLoader Environment load took 72.9ns 
719036     INFO  main            d.u.i.k.p.i.AbstractProblemLoader Creating init config 
721714     DEBUG main            d.u.i.k.p.i.AbstractProblemLoader Init config took 2.68s 
721749     INFO  main            d.u.i.k.p.i.AbstractProblemLoader Replaying proof ReadWrite[ReadWrite::read()].JML normal_behavior operation contract.0 
721758     DEBUG main            d.u.i.k.p.i.IntermediateProofReplayer Proof replay took 7.27ms 
721759     DEBUG main            d.u.i.k.p.r.p.TestFile    ... success: reloaded. 
721761     INFO  main            d.u.i.k.p.r.p.TestFile    Now processing file /home/runner/work/key/key/key.core/../key.ui/examples/heap/permissions/mulleretal/ReadWrite_write_contract.key 
721761     INFO  main            d.u.i.k.p.i.AbstractProblemLoader Loading environment from /home/runner/work/key/key/key.core/../key.ui/examples/heap/permissions/mulleretal/ReadWrite_write_contract.key 
721762     DEBUG main            d.u.i.k.p.i.AbstractProblemLoader Environment load took 168.3ns 
721763     INFO  main            d.u.i.k.p.i.AbstractProblemLoader Creating init config 
724492     DEBUG main            d.u.i.k.p.i.AbstractProblemLoader Init config took 2.73s 
724524     INFO  main            d.u.i.k.p.i.AbstractProblemLoader Replaying proof ReadWrite[ReadWrite::write()].JML normal_behavior operation contract.0 
724525     DEBUG main            d.u.i.k.p.i.IntermediateProofReplayer Proof replay took 3.1ns 
724627     INFO  main            d.u.i.k.p.r.p.TestFile    ... finished proof: closed. 
725223     INFO  main            d.u.i.k.p.i.AbstractProblemLoader Loading environment from /home/runner/work/key/key/key.core/../key.ui/examples/heap/permissions/mulleretal/ReadWrite_write_contract.key.proof 
725223     DEBUG main            d.u.i.k.p.i.AbstractProblemLoader Environment load took 71.2ns 
725224     INFO  main            d.u.i.k.p.i.AbstractProblemLoader Creating init config 
727862     DEBUG main            d.u.i.k.p.i.AbstractProblemLoader Init config took 2.64s 
727898     INFO  main            d.u.i.k.p.i.AbstractProblemLoader Replaying proof ReadWrite[ReadWrite::write()].JML normal_behavior operation contract.0 
727928     DEBUG main            d.u.i.k.p.i.IntermediateProofReplayer Proof replay took 28.36ms 
727929     DEBUG main            d.u.i.k.p.r.p.TestFile    ... success: reloaded. 
727930     INFO  main            d.u.i.k.p.r.p.TestFile    Now processing file /home/runner/work/key/key/key.core/../key.ui/examples/heap/permissions/mulleretal/ReadWrite_inv1_accessible.key 
727930     INFO  main            d.u.i.k.p.i.AbstractProblemLoader Loading environment from /home/runner/work/key/key/key.core/../key.ui/examples/heap/permissions/mulleretal/ReadWrite_inv1_accessible.key 
727930     DEBUG main            d.u.i.k.p.i.AbstractProblemLoader Environment load took 154.6ns 
727931     INFO  main            d.u.i.k.p.i.AbstractProblemLoader Creating init config 
730678     DEBUG main            d.u.i.k.p.i.AbstractProblemLoader Init config took 2.75s 
730711     INFO  main            d.u.i.k.p.i.AbstractProblemLoader Replaying proof ReadWrite[java.lang.Object::<inv>()].JML accessible clause.0 
730712     DEBUG main            d.u.i.k.p.i.IntermediateProofReplayer Proof replay took 3ns 
730816     INFO  main            d.u.i.k.p.r.p.TestFile    ... finished proof: closed. 
731393     INFO  main            d.u.i.k.p.i.AbstractProblemLoader Loading environment from /home/runner/work/key/key/key.core/../key.ui/examples/heap/permissions/mulleretal/ReadWrite_inv1_accessible.key.proof 
731393     DEBUG main            d.u.i.k.p.i.AbstractProblemLoader Environment load took 74.1ns 
731394     INFO  main            d.u.i.k.p.i.AbstractProblemLoader Creating init config 
734053     DEBUG main            d.u.i.k.p.i.AbstractProblemLoader Init config took 2.66s 
734088     INFO  main            d.u.i.k.p.i.AbstractProblemLoader Replaying proof ReadWrite[java.lang.Object::<inv>()].JML accessible clause.0 
734092     DEBUG main            d.u.i.k.p.i.IntermediateProofReplayer Proof replay took 1.74ms 
734093     DEBUG main            d.u.i.k.p.r.p.TestFile    ... success: reloaded. 
734093     INFO  main            d.u.i.k.p.r.p.TestFile    Now processing file /home/runner/work/key/key/key.core/../key.ui/examples/heap/permissions/mulleretal/ReadWrite_inv2_accessible.key 
734094     INFO  main            d.u.i.k.p.i.AbstractProblemLoader Loading environment from /home/runner/work/key/key/key.core/../key.ui/examples/heap/permissions/mulleretal/ReadWrite_inv2_accessible.key 
734094     DEBUG main            d.u.i.k.p.i.AbstractProblemLoader Environment load took 75.9ns 
734094     INFO  main            d.u.i.k.p.i.AbstractProblemLoader Creating init config 
736843     DEBUG main            d.u.i.k.p.i.AbstractProblemLoader Init config took 2.75s 
736876     INFO  main            d.u.i.k.p.i.AbstractProblemLoader Replaying proof ReadWrite[java.lang.Object::<inv>()].JML accessible clause.1 
736879     DEBUG main            d.u.i.k.p.i.IntermediateProofReplayer Proof replay took 3ns 
736981     INFO  main            d.u.i.k.p.r.p.TestFile    ... finished proof: closed. 
737568     INFO  main            d.u.i.k.p.i.AbstractProblemLoader Loading environment from /home/runner/work/key/key/key.core/../key.ui/examples/heap/permissions/mulleretal/ReadWrite_inv2_accessible.key.proof 
737568     DEBUG main            d.u.i.k.p.i.AbstractProblemLoader Environment load took 66.3ns 
737569     INFO  main            d.u.i.k.p.i.AbstractProblemLoader Creating init config 
740239     DEBUG main            d.u.i.k.p.i.AbstractProblemLoader Init config took 2.67s 
740275     INFO  main            d.u.i.k.p.i.AbstractProblemLoader Replaying proof ReadWrite[java.lang.Object::<inv>()].JML accessible clause.1 
740278     DEBUG main            d.u.i.k.p.i.IntermediateProofReplayer Proof replay took 1.75ms 
740279     DEBUG main            d.u.i.k.p.r.p.TestFile    ... success: reloaded. 
740280     INFO  main            d.u.i.k.p.r.p.TestFile    Now processing file /home/runner/work/key/key/key.core/../key.ui/examples/heap/permissions/lockspec/Counter_lockConsistent_contract.key 
740280     INFO  main            d.u.i.k.p.i.AbstractProblemLoader Loading environment from /home/runner/work/key/key/key.core/../key.ui/examples/heap/permissions/lockspec/Counter_lockConsistent_contract.key 
740280     DEBUG main            d.u.i.k.p.i.AbstractProblemLoader Environment load took 154.4ns 
740281     INFO  main            d.u.i.k.p.i.AbstractProblemLoader Creating init config 
743633     DEBUG main            d.u.i.k.p.i.AbstractProblemLoader Init config took 3.35s 
743690     INFO  main            d.u.i.k.p.i.AbstractProblemLoader Replaying proof Counter[LockSpec::lockConsistent()].JML model_behavior operation contract.0 
743692     DEBUG main            d.u.i.k.p.i.IntermediateProofReplayer Proof replay took 3.4ns 
744905     INFO  main            d.u.i.k.p.r.p.TestFile    ... finished proof: closed. 
745495     INFO  main            d.u.i.k.p.i.AbstractProblemLoader Loading environment from /home/runner/work/key/key/key.core/../key.ui/examples/heap/permissions/lockspec/Counter_lockConsistent_contract.key.proof 
745495     DEBUG main            d.u.i.k.p.i.AbstractProblemLoader Environment load took 78.7ns 
745496     INFO  main            d.u.i.k.p.i.AbstractProblemLoader Creating init config 
748640     DEBUG main            d.u.i.k.p.i.AbstractProblemLoader Init config took 3.14s 
748735     INFO  main            d.u.i.k.p.i.AbstractProblemLoader Replaying proof Counter[LockSpec::lockConsistent()].JML model_behavior operation contract.0 
748994     DEBUG main            d.u.i.k.p.i.IntermediateProofReplayer Proof replay took 244.75ms 
748996     DEBUG main            d.u.i.k.p.r.p.TestFile    ... success: reloaded. 
748997     INFO  main            d.u.i.k.p.r.p.TestFile    Now processing file /home/runner/work/key/key/key.core/../key.ui/examples/heap/permissions/lockspec/Counter_increase_contract.key 
748997     INFO  main            d.u.i.k.p.i.AbstractProblemLoader Loading environment from /home/runner/work/key/key/key.core/../key.ui/examples/heap/permissions/lockspec/Counter_increase_contract.key 
748997     DEBUG main            d.u.i.k.p.i.AbstractProblemLoader Environment load took 145.5ns 
748998     INFO  main            d.u.i.k.p.i.AbstractProblemLoader Creating init config 
752266     DEBUG main            d.u.i.k.p.i.AbstractProblemLoader Init config took 3.27s 
752322     INFO  main            d.u.i.k.p.i.AbstractProblemLoader Replaying proof Counter[Counter::increase()].JML normal_behavior operation contract.0 
752343     DEBUG main            d.u.i.k.p.i.IntermediateProofReplayer Proof replay took 3.2ns 
753850     INFO  main            d.u.i.k.p.r.p.TestFile    ... finished proof: closed. 
754472     INFO  main            d.u.i.k.p.i.AbstractProblemLoader Loading environment from /home/runner/work/key/key/key.core/../key.ui/examples/heap/permissions/lockspec/Counter_increase_contract.key.proof 
754473     DEBUG main            d.u.i.k.p.i.AbstractProblemLoader Environment load took 306ns 
754474     INFO  main            d.u.i.k.p.i.AbstractProblemLoader Creating init config 
757649     DEBUG main            d.u.i.k.p.i.AbstractProblemLoader Init config took 3.17s 
757695     INFO  main            d.u.i.k.p.i.AbstractProblemLoader Replaying proof Counter[Counter::increase()].JML normal_behavior operation contract.0 
757997     DEBUG main            d.u.i.k.p.i.IntermediateProofReplayer Proof replay took 288.26ms 
758005     DEBUG main            d.u.i.k.p.r.p.TestFile    ... success: reloaded. 
758005     INFO  main            d.u.i.k.p.r.p.TestFile    Now processing file /home/runner/work/key/key/key.core/../key.ui/examples/heap/permissions/lockspec/Counter_fp_accessible.key 
758005     INFO  main            d.u.i.k.p.i.AbstractProblemLoader Loading environment from /home/runner/work/key/key/key.core/../key.ui/examples/heap/permissions/lockspec/Counter_fp_accessible.key 
758005     DEBUG main            d.u.i.k.p.i.AbstractProblemLoader Environment load took 42.3ns 
758006     INFO  main            d.u.i.k.p.i.AbstractProblemLoader Creating init config 
761317     DEBUG main            d.u.i.k.p.i.AbstractProblemLoader Init config took 3.31s 
761379     INFO  main            d.u.i.k.p.i.AbstractProblemLoader Replaying proof Counter[LockSpec::fp()].JML accessible clause.0 
761381     DEBUG main            d.u.i.k.p.i.IntermediateProofReplayer Proof replay took 3.7ns 
761482     INFO  main            d.u.i.k.p.r.p.TestFile    ... finished proof: closed. 
762080     INFO  main            d.u.i.k.p.i.AbstractProblemLoader Loading environment from /home/runner/work/key/key/key.core/../key.ui/examples/heap/permissions/lockspec/Counter_fp_accessible.key.proof 
762080     DEBUG main            d.u.i.k.p.i.AbstractProblemLoader Environment load took 73.4ns 
762081     INFO  main            d.u.i.k.p.i.AbstractProblemLoader Creating init config 
765222     DEBUG main            d.u.i.k.p.i.AbstractProblemLoader Init config took 3.14s 
765278     INFO  main            d.u.i.k.p.i.AbstractProblemLoader Replaying proof Counter[LockSpec::fp()].JML accessible clause.0 
765291     DEBUG main            d.u.i.k.p.i.IntermediateProofReplayer Proof replay took 10.94ms 
765291     DEBUG main            d.u.i.k.p.r.p.TestFile    ... success: reloaded. 
765292     INFO  main            d.u.i.k.p.r.p.TestFile    Now processing file /home/runner/work/key/key/key.core/../key.ui/examples/heap/permissions/lockspec/Counter_fpLock_accessible.key 
765293     INFO  main            d.u.i.k.p.i.AbstractProblemLoader Loading environment from /home/runner/work/key/key/key.core/../key.ui/examples/heap/permissions/lockspec/Counter_fpLock_accessible.key 
765293     DEBUG main            d.u.i.k.p.i.AbstractProblemLoader Environment load took 164.2ns 
765294     INFO  main            d.u.i.k.p.i.AbstractProblemLoader Creating init config 
768484     DEBUG main            d.u.i.k.p.i.AbstractProblemLoader Init config took 3.19s 
768537     INFO  main            d.u.i.k.p.i.AbstractProblemLoader Replaying proof Counter[LockSpec::fpLock()].JML accessible clause.0 
768548     DEBUG main            d.u.i.k.p.i.IntermediateProofReplayer Proof replay took 3.3ns 
768660     INFO  main            d.u.i.k.p.r.p.TestFile    ... finished proof: closed. 
769279     INFO  main            d.u.i.k.p.i.AbstractProblemLoader Loading environment from /home/runner/work/key/key/key.core/../key.ui/examples/heap/permissions/lockspec/Counter_fpLock_accessible.key.proof 
769279     DEBUG main            d.u.i.k.p.i.AbstractProblemLoader Environment load took 70.4ns 
769280     INFO  main            d.u.i.k.p.i.AbstractProblemLoader Creating init config 
772443     DEBUG main            d.u.i.k.p.i.AbstractProblemLoader Init config took 3.16s 
772498     INFO  main            d.u.i.k.p.i.AbstractProblemLoader Replaying proof Counter[LockSpec::fpLock()].JML accessible clause.0 
772509     DEBUG main            d.u.i.k.p.i.IntermediateProofReplayer Proof replay took 8.64ms 
772510     DEBUG main            d.u.i.k.p.r.p.TestFile    ... success: reloaded. 
772510     INFO  main            d.u.i.k.p.r.p.TestFile    Now processing file /home/runner/work/key/key/key.core/../key.ui/examples/heap/permissions/lockspec/Counter_fpPerm_accessible.key 
772511     INFO  main            d.u.i.k.p.i.AbstractProblemLoader Loading environment from /home/runner/work/key/key/key.core/../key.ui/examples/heap/permissions/lockspec/Counter_fpPerm_accessible.key 
772511     DEBUG main            d.u.i.k.p.i.AbstractProblemLoader Environment load took 145.7ns 
772512     INFO  main            d.u.i.k.p.i.AbstractProblemLoader Creating init config 
775797     DEBUG main            d.u.i.k.p.i.AbstractProblemLoader Init config took 3.29s 
775864     INFO  main            d.u.i.k.p.i.AbstractProblemLoader Replaying proof Counter[LockSpec::fpPerm()].JML accessible clause.0 
775865     DEBUG main            d.u.i.k.p.i.IntermediateProofReplayer Proof replay took 2.9ns 
775967     INFO  main            d.u.i.k.p.r.p.TestFile    ... finished proof: closed. 
776581     INFO  main            d.u.i.k.p.i.AbstractProblemLoader Loading environment from /home/runner/work/key/key/key.core/../key.ui/examples/heap/permissions/lockspec/Counter_fpPerm_accessible.key.proof 
776581     DEBUG main            d.u.i.k.p.i.AbstractProblemLoader Environment load took 72.7ns 
776581     INFO  main            d.u.i.k.p.i.AbstractProblemLoader Creating init config 
779723     DEBUG main            d.u.i.k.p.i.AbstractProblemLoader Init config took 3.14s 
779772     INFO  main            d.u.i.k.p.i.AbstractProblemLoader Replaying proof Counter[LockSpec::fpPerm()].JML accessible clause.0 
779781     DEBUG main            d.u.i.k.p.i.IntermediateProofReplayer Proof replay took 6.69ms 
779782     DEBUG main            d.u.i.k.p.r.p.TestFile    ... success: reloaded. 
779783     INFO  main            d.u.i.k.p.r.p.TestFile    Now processing file /home/runner/work/key/key/key.core/../key.ui/examples/heap/permissions/lockspec/Counter_inv_accessible1.key 
779783     INFO  main            d.u.i.k.p.i.AbstractProblemLoader Loading environment from /home/runner/work/key/key/key.core/../key.ui/examples/heap/permissions/lockspec/Counter_inv_accessible1.key 
779783     DEBUG main            d.u.i.k.p.i.AbstractProblemLoader Environment load took 142.5ns 
779784     INFO  main            d.u.i.k.p.i.AbstractProblemLoader Creating init config 
782956     DEBUG main            d.u.i.k.p.i.AbstractProblemLoader Init config took 3.17s 
783010     INFO  main            d.u.i.k.p.i.AbstractProblemLoader Replaying proof Counter[java.lang.Object::<inv>()].JML accessible clause.0 
783012     DEBUG main            d.u.i.k.p.i.IntermediateProofReplayer Proof replay took 3.1ns 
783113     INFO  main            d.u.i.k.p.r.p.TestFile    ... finished proof: closed. 
783742     INFO  main            d.u.i.k.p.i.AbstractProblemLoader Loading environment from /home/runner/work/key/key/key.core/../key.ui/examples/heap/permissions/lockspec/Counter_inv_accessible1.key.proof 
783742     DEBUG main            d.u.i.k.p.i.AbstractProblemLoader Environment load took 66.2ns 
783743     INFO  main            d.u.i.k.p.i.AbstractProblemLoader Creating init config 
786861     DEBUG main            d.u.i.k.p.i.AbstractProblemLoader Init config took 3.12s 
786915     INFO  main            d.u.i.k.p.i.AbstractProblemLoader Replaying proof Counter[java.lang.Object::<inv>()].JML accessible clause.0 
786928     DEBUG main            d.u.i.k.p.i.IntermediateProofReplayer Proof replay took 10.82ms 
786928     DEBUG main            d.u.i.k.p.r.p.TestFile    ... success: reloaded. 
786929     INFO  main            d.u.i.k.p.r.p.TestFile    Now processing file /home/runner/work/key/key/key.core/../key.ui/examples/heap/permissions/lockspec/Counter_inv_accessible2.key 
786930     INFO  main            d.u.i.k.p.i.AbstractProblemLoader Loading environment from /home/runner/work/key/key/key.core/../key.ui/examples/heap/permissions/lockspec/Counter_inv_accessible2.key 
786930     DEBUG main            d.u.i.k.p.i.AbstractProblemLoader Environment load took 150.2ns 
786930     INFO  main            d.u.i.k.p.i.AbstractProblemLoader Creating init config 
790156     DEBUG main            d.u.i.k.p.i.AbstractProblemLoader Init config took 3.23s 
790206     INFO  main            d.u.i.k.p.i.AbstractProblemLoader Replaying proof Counter[java.lang.Object::<inv>()].JML accessible clause.1 
790207     DEBUG main            d.u.i.k.p.i.IntermediateProofReplayer Proof replay took 3.4ns 
790309     INFO  main            d.u.i.k.p.r.p.TestFile    ... finished proof: closed. 
790941     INFO  main            d.u.i.k.p.i.AbstractProblemLoader Loading environment from /home/runner/work/key/key/key.core/../key.ui/examples/heap/permissions/lockspec/Counter_inv_accessible2.key.proof 
790941     DEBUG main            d.u.i.k.p.i.AbstractProblemLoader Environment load took 83.2ns 
790942     INFO  main            d.u.i.k.p.i.AbstractProblemLoader Creating init config 
794096     DEBUG main            d.u.i.k.p.i.AbstractProblemLoader Init config took 3.15s 
794145     INFO  main            d.u.i.k.p.i.AbstractProblemLoader Replaying proof Counter[java.lang.Object::<inv>()].JML accessible clause.1 
794156     DEBUG main            d.u.i.k.p.i.IntermediateProofReplayer Proof replay took 8.89ms 
794156     DEBUG main            d.u.i.k.p.r.p.TestFile    ... success: reloaded. 
794157     INFO  main            d.u.i.k.p.r.p.TestFile    Now processing file /home/runner/work/key/key/key.core/../key.ui/examples/heap/permissions/lockspec/Counter_lockRef_accessible.key 
794157     INFO  main            d.u.i.k.p.i.AbstractProblemLoader Loading environment from /home/runner/work/key/key/key.core/../key.ui/examples/heap/permissions/lockspec/Counter_lockRef_accessible.key 
794158     DEBUG main            d.u.i.k.p.i.AbstractProblemLoader Environment load took 174ns 
794158     INFO  main            d.u.i.k.p.i.AbstractProblemLoader Creating init config 
797331     DEBUG main            d.u.i.k.p.i.AbstractProblemLoader Init config took 3.17s 
797385     INFO  main            d.u.i.k.p.i.AbstractProblemLoader Replaying proof Counter[LockSpec::lockRef()].JML accessible clause.0 
797386     DEBUG main            d.u.i.k.p.i.IntermediateProofReplayer Proof replay took 2.8ns 
797588     INFO  main            d.u.i.k.p.r.p.TestFile    ... finished proof: closed. 
798231     INFO  main            d.u.i.k.p.i.AbstractProblemLoader Loading environment from /home/runner/work/key/key/key.core/../key.ui/examples/heap/permissions/lockspec/Counter_lockRef_accessible.key.proof 
798232     DEBUG main            d.u.i.k.p.i.AbstractProblemLoader Environment load took 70.7ns 
798232     INFO  main            d.u.i.k.p.i.AbstractProblemLoader Creating init config 
801330     DEBUG main            d.u.i.k.p.i.AbstractProblemLoader Init config took 3.1s 
801384     INFO  main            d.u.i.k.p.i.AbstractProblemLoader Replaying proof Counter[LockSpec::lockRef()].JML accessible clause.0 
801424     DEBUG main            d.u.i.k.p.i.IntermediateProofReplayer Proof replay took 37.36ms 
801425     DEBUG main            d.u.i.k.p.r.p.TestFile    ... success: reloaded. 
801426     INFO  main            d.u.i.k.p.r.p.TestFile    Now processing file /home/runner/work/key/key/key.core/../key.ui/examples/heap/permissions/lockspec/Counter_lockRef_contract1.key 
801427     INFO  main            d.u.i.k.p.i.AbstractProblemLoader Loading environment from /home/runner/work/key/key/key.core/../key.ui/examples/heap/permissions/lockspec/Counter_lockRef_contract1.key 
801427     DEBUG main            d.u.i.k.p.i.AbstractProblemLoader Environment load took 169.8ns 
801428     INFO  main            d.u.i.k.p.i.AbstractProblemLoader Creating init config 
804658     DEBUG main            d.u.i.k.p.i.AbstractProblemLoader Init config took 3.23s 
804736     INFO  main            d.u.i.k.p.i.AbstractProblemLoader Replaying proof Counter[LockSpec::lockRef()].JML model_behavior operation contract.0 
804740     DEBUG main            d.u.i.k.p.i.IntermediateProofReplayer Proof replay took 3.5ns 
804842     INFO  main            d.u.i.k.p.r.p.TestFile    ... finished proof: closed. 
805477     INFO  main            d.u.i.k.p.i.AbstractProblemLoader Loading environment from /home/runner/work/key/key/key.core/../key.ui/examples/heap/permissions/lockspec/Counter_lockRef_contract1.key.proof 
805477     DEBUG main            d.u.i.k.p.i.AbstractProblemLoader Environment load took 67.8ns 
805477     INFO  main            d.u.i.k.p.i.AbstractProblemLoader Creating init config 
808602     DEBUG main            d.u.i.k.p.i.AbstractProblemLoader Init config took 3.12s 
808658     INFO  main            d.u.i.k.p.i.AbstractProblemLoader Replaying proof Counter[LockSpec::lockRef()].JML model_behavior operation contract.0 
808663     DEBUG main            d.u.i.k.p.i.IntermediateProofReplayer Proof replay took 3.96ms 
808664     DEBUG main            d.u.i.k.p.r.p.TestFile    ... success: reloaded. 
808665     INFO  main            d.u.i.k.p.r.p.TestFile    Now processing file /home/runner/work/key/key/key.core/../key.ui/examples/heap/permissions/lockspec/Counter_lockRef_contract2.key 
808665     INFO  main            d.u.i.k.p.i.AbstractProblemLoader Loading environment from /home/runner/work/key/key/key.core/../key.ui/examples/heap/permissions/lockspec/Counter_lockRef_contract2.key 
808665     DEBUG main            d.u.i.k.p.i.AbstractProblemLoader Environment load took 145.5ns 
808666     INFO  main            d.u.i.k.p.i.AbstractProblemLoader Creating init config 
811962     DEBUG main            d.u.i.k.p.i.AbstractProblemLoader Init config took 3.3s 
812011     INFO  main            d.u.i.k.p.i.AbstractProblemLoader Replaying proof Counter[Counter::lockRef()].JML model_behavior operation contract.0 
812012     DEBUG main            d.u.i.k.p.i.IntermediateProofReplayer Proof replay took 3.5ns 
812113     INFO  main            d.u.i.k.p.r.p.TestFile    ... finished proof: closed. 
812760     INFO  main            d.u.i.k.p.i.AbstractProblemLoader Loading environment from /home/runner/work/key/key/key.core/../key.ui/examples/heap/permissions/lockspec/Counter_lockRef_contract2.key.proof 
812760     DEBUG main            d.u.i.k.p.i.AbstractProblemLoader Environment load took 71.4ns 
812761     INFO  main            d.u.i.k.p.i.AbstractProblemLoader Creating init config 
815888     DEBUG main            d.u.i.k.p.i.AbstractProblemLoader Init config took 3.13s 
815953     INFO  main            d.u.i.k.p.i.AbstractProblemLoader Replaying proof Counter[Counter::lockRef()].JML model_behavior operation contract.0 
815958     DEBUG main            d.u.i.k.p.i.IntermediateProofReplayer Proof replay took 3.78ms 
815959     DEBUG main            d.u.i.k.p.r.p.TestFile    ... success: reloaded. 
815960     INFO  main            d.u.i.k.p.r.p.TestFile    Now processing file /home/runner/work/key/key/key.core/../key.ui/examples/heap/permissions/lockspec/Counter_lockState_accessible.key 
815960     INFO  main            d.u.i.k.p.i.AbstractProblemLoader Loading environment from /home/runner/work/key/key/key.core/../key.ui/examples/heap/permissions/lockspec/Counter_lockState_accessible.key 
815960     DEBUG main            d.u.i.k.p.i.AbstractProblemLoader Environment load took 149.1ns 
815961     INFO  main            d.u.i.k.p.i.AbstractProblemLoader Creating init config 
819282     DEBUG main            d.u.i.k.p.i.AbstractProblemLoader Init config took 3.32s 
819337     INFO  main            d.u.i.k.p.i.AbstractProblemLoader Replaying proof Counter[LockSpec::lockState(boolean)].JML accessible clause.0 
819338     DEBUG main            d.u.i.k.p.i.IntermediateProofReplayer Proof replay took 3.5ns 
819641     INFO  main            d.u.i.k.p.r.p.TestFile    ... finished proof: closed. 
820297     INFO  main            d.u.i.k.p.i.AbstractProblemLoader Loading environment from /home/runner/work/key/key/key.core/../key.ui/examples/heap/permissions/lockspec/Counter_lockState_accessible.key.proof 
820297     DEBUG main            d.u.i.k.p.i.AbstractProblemLoader Environment load took 77.4ns 
820297     INFO  main            d.u.i.k.p.i.AbstractProblemLoader Creating init config 
823571     DEBUG main            d.u.i.k.p.i.AbstractProblemLoader Init config took 3.27s 
823626     INFO  main            d.u.i.k.p.i.AbstractProblemLoader Replaying proof Counter[LockSpec::lockState(boolean)].JML accessible clause.0 
823697     DEBUG main            d.u.i.k.p.i.IntermediateProofReplayer Proof replay took 68.37ms 
823698     DEBUG main            d.u.i.k.p.r.p.TestFile    ... success: reloaded. 
823699     INFO  main            d.u.i.k.p.r.p.TestFile    Now processing file /home/runner/work/key/key/key.core/../key.ui/examples/heap/permissions/lockspec/Counter_lockStatus_accessible.key 
823701     INFO  main            d.u.i.k.p.i.AbstractProblemLoader Loading environment from /home/runner/work/key/key/key.core/../key.ui/examples/heap/permissions/lockspec/Counter_lockStatus_accessible.key 
823701     DEBUG main            d.u.i.k.p.i.AbstractProblemLoader Environment load took 163.6ns 
823702     INFO  main            d.u.i.k.p.i.AbstractProblemLoader Creating init config 
826910     DEBUG main            d.u.i.k.p.i.AbstractProblemLoader Init config took 3.21s 
826959     INFO  main            d.u.i.k.p.i.AbstractProblemLoader Replaying proof Counter[LockSpec::lockStatus(boolean)].JML accessible clause.0 
826960     DEBUG main            d.u.i.k.p.i.IntermediateProofReplayer Proof replay took 3.5ns 
827062     INFO  main            d.u.i.k.p.r.p.TestFile    ... finished proof: closed. 
827717     INFO  main            d.u.i.k.p.i.AbstractProblemLoader Loading environment from /home/runner/work/key/key/key.core/../key.ui/examples/heap/permissions/lockspec/Counter_lockStatus_accessible.key.proof 
827717     DEBUG main            d.u.i.k.p.i.AbstractProblemLoader Environment load took 72.3ns 
827718     INFO  main            d.u.i.k.p.i.AbstractProblemLoader Creating init config 
830840     DEBUG main            d.u.i.k.p.i.AbstractProblemLoader Init config took 3.12s 
830898     INFO  main            d.u.i.k.p.i.AbstractProblemLoader Replaying proof Counter[LockSpec::lockStatus(boolean)].JML accessible clause.0 
830920     DEBUG main            d.u.i.k.p.i.IntermediateProofReplayer Proof replay took 20.38ms 
830921     DEBUG main            d.u.i.k.p.r.p.TestFile    ... success: reloaded. 
830922     INFO  main            d.u.i.k.p.r.p.TestFile    Now processing file /home/runner/work/key/key/key.core/../key.ui/examples/heap/permissions/lockspec/Counter_lockTransfer_accessible.key 
830922     INFO  main            d.u.i.k.p.i.AbstractProblemLoader Loading environment from /home/runner/work/key/key/key.core/../key.ui/examples/heap/permissions/lockspec/Counter_lockTransfer_accessible.key 
830923     DEBUG main            d.u.i.k.p.i.AbstractProblemLoader Environment load took 145ns 
830923     INFO  main            d.u.i.k.p.i.AbstractProblemLoader Creating init config 
834203     DEBUG main            d.u.i.k.p.i.AbstractProblemLoader Init config took 3.28s 
834257     INFO  main            d.u.i.k.p.i.AbstractProblemLoader Replaying proof Counter[LockSpec::lockTransfer()].JML accessible clause.0 
834258     DEBUG main            d.u.i.k.p.i.IntermediateProofReplayer Proof replay took 3.7ns 
834660     INFO  main            d.u.i.k.p.r.p.TestFile    ... finished proof: closed. 
835380     INFO  main            d.u.i.k.p.i.AbstractProblemLoader Loading environment from /home/runner/work/key/key/key.core/../key.ui/examples/heap/permissions/lockspec/Counter_lockTransfer_accessible.key.proof 
835380     DEBUG main            d.u.i.k.p.i.AbstractProblemLoader Environment load took 72.2ns 
835381     INFO  main            d.u.i.k.p.i.AbstractProblemLoader Creating init config 
838506     DEBUG main            d.u.i.k.p.i.AbstractProblemLoader Init config took 3.12s 
838562     INFO  main            d.u.i.k.p.i.AbstractProblemLoader Replaying proof Counter[LockSpec::lockTransfer()].JML accessible clause.0 
838626     DEBUG main            d.u.i.k.p.i.IntermediateProofReplayer Proof replay took 60.42ms 
838627     DEBUG main            d.u.i.k.p.r.p.TestFile    ... success: reloaded. 
838627     INFO  main            d.u.i.k.p.r.p.TestFile    Now processing file /home/runner/work/key/key/key.core/../key.ui/examples/heap/permissions/lockspec/Counter_unlockTransfer_accessible.key 
838628     INFO  main            d.u.i.k.p.i.AbstractProblemLoader Loading environment from /home/runner/work/key/key/key.core/../key.ui/examples/heap/permissions/lockspec/Counter_unlockTransfer_accessible.key 
838628     DEBUG main            d.u.i.k.p.i.AbstractProblemLoader Environment load took 85.7ns 
838629     INFO  main            d.u.i.k.p.i.AbstractProblemLoader Creating init config 
841893     DEBUG main            d.u.i.k.p.i.AbstractProblemLoader Init config took 3.26s 
841949     INFO  main            d.u.i.k.p.i.AbstractProblemLoader Replaying proof Counter[LockSpec::unlockTransfer()].JML accessible clause.0 
841950     DEBUG main            d.u.i.k.p.i.IntermediateProofReplayer Proof replay took 3.4ns 
842253     INFO  main            d.u.i.k.p.r.p.TestFile    ... finished proof: closed. 
842941     INFO  main            d.u.i.k.p.i.AbstractProblemLoader Loading environment from /home/runner/work/key/key/key.core/../key.ui/examples/heap/permissions/lockspec/Counter_unlockTransfer_accessible.key.proof 
842941     DEBUG main            d.u.i.k.p.i.AbstractProblemLoader Environment load took 74.2ns 
842942     INFO  main            d.u.i.k.p.i.AbstractProblemLoader Creating init config 
846066     DEBUG main            d.u.i.k.p.i.AbstractProblemLoader Init config took 3.12s 
846127     INFO  main            d.u.i.k.p.i.AbstractProblemLoader Replaying proof Counter[LockSpec::unlockTransfer()].JML accessible clause.0 
846194     DEBUG main            d.u.i.k.p.i.IntermediateProofReplayer Proof replay took 61.16ms 
846195     DEBUG main            d.u.i.k.p.r.p.TestFile    ... success: reloaded. 
846196     INFO  main            d.u.i.k.p.r.p.TestFile    Now processing file /home/runner/work/key/key/key.core/../key.ui/examples/heap/permissions/threads/Plotter_startTransfer_contract.proof 
846196     INFO  main            d.u.i.k.p.i.AbstractProblemLoader Loading environment from /home/runner/work/key/key/key.core/../key.ui/examples/heap/permissions/threads/Plotter_startTransfer_contract.proof 
846196     DEBUG main            d.u.i.k.p.i.AbstractProblemLoader Environment load took 71.3ns 
846197     INFO  main            d.u.i.k.p.i.AbstractProblemLoader Creating init config 
851053     DEBUG main            d.u.i.k.p.i.AbstractProblemLoader Init config took 4.86s 
851132     INFO  main            d.u.i.k.p.i.AbstractProblemLoader Replaying proof Plotter[ThreadSpec2::startTransfer()].JML model_behavior operation contract.0 
851222     DEBUG main            d.u.i.k.p.i.IntermediateProofReplayer Proof replay took 83.64ms 
851222     INFO  main            d.u.i.k.p.r.p.TestFile    ... success: loaded 
851223     INFO  main            d.u.i.k.p.r.p.TestFile    Now processing file /home/runner/work/key/key/key.core/../key.ui/examples/heap/permissions/threads/Plotter_startTransfer_accessible.proof 
851224     INFO  main            d.u.i.k.p.i.AbstractProblemLoader Loading environment from /home/runner/work/key/key/key.core/../key.ui/examples/heap/permissions/threads/Plotter_startTransfer_accessible.proof 
851224     DEBUG main            d.u.i.k.p.i.AbstractProblemLoader Environment load took 146.1ns 
851225     INFO  main            d.u.i.k.p.i.AbstractProblemLoader Creating init config 
856197     DEBUG main            d.u.i.k.p.i.AbstractProblemLoader Init config took 4.97s 
856302     INFO  main            d.u.i.k.p.i.AbstractProblemLoader Replaying proof Plotter[ThreadSpec2::startTransfer()].JML accessible clause.0 
856430     DEBUG main            d.u.i.k.p.i.IntermediateProofReplayer Proof replay took 112.4ms 
856430     INFO  main            d.u.i.k.p.r.p.TestFile    ... success: loaded 
856431     INFO  main            d.u.i.k.p.r.p.TestFile    Now processing file /home/runner/work/key/key/key.core/../key.ui/examples/heap/permissions/threads/Plotter_joinTransfer_accessible.proof 
856432     INFO  main            d.u.i.k.p.i.AbstractProblemLoader Loading environment from /home/runner/work/key/key/key.core/../key.ui/examples/heap/permissions/threads/Plotter_joinTransfer_accessible.proof 
856432     DEBUG main            d.u.i.k.p.i.AbstractProblemLoader Environment load took 152.8ns 
856433     INFO  main            d.u.i.k.p.i.AbstractProblemLoader Creating init config 
861252     DEBUG main            d.u.i.k.p.i.AbstractProblemLoader Init config took 4.82s 
861344     INFO  main            d.u.i.k.p.i.AbstractProblemLoader Replaying proof Plotter[ThreadSpec2::joinTransfer()].JML accessible clause.0 
861351     WARN  main            d.u.i.k.p.i.IntermediateProofReplayer Proof contains wrong number of \assumes instatiations for Definition_axiom_for_stateInv_in_Plotter 
861353     WARN  main            d.u.i.k.p.i.IntermediateProofReplayer Proof contains wrong number of \assumes instatiations for Definition_axiom_for_stateInv_in_Plotter 
861355     WARN  main            d.u.i.k.p.i.IntermediateProofReplayer Proof contains wrong number of \assumes instatiations for Definition_axiom_for_workingPermissions_in_Plotter 
861355     WARN  main            d.u.i.k.p.i.IntermediateProofReplayer Proof contains wrong number of \assumes instatiations for Definition_axiom_for_staticPermissions_in_Plotter 
861356     WARN  main            d.u.i.k.p.i.IntermediateProofReplayer Proof contains wrong number of \assumes instatiations for Definition_axiom_for_joinTransfer_in_Plotter 
861357     WARN  main            d.u.i.k.p.i.IntermediateProofReplayer Proof contains wrong number of \assumes instatiations for Definition_axiom_for_stateInv_in_BFilter 
861359     WARN  main            d.u.i.k.p.i.IntermediateProofReplayer Proof contains wrong number of \assumes instatiations for Definition_axiom_for_stateInv_in_AFilter 
861360     WARN  main            d.u.i.k.p.i.IntermediateProofReplayer Proof contains wrong number of \assumes instatiations for Definition_axiom_for_stateInv_in_BFilter 
861362     WARN  main            d.u.i.k.p.i.IntermediateProofReplayer Proof contains wrong number of \assumes instatiations for Definition_axiom_for_stateInv_in_AFilter 
861363     WARN  main            d.u.i.k.p.i.IntermediateProofReplayer Proof contains wrong number of \assumes instatiations for Definition_axiom_for_staticPermissions_in_AFilter 
861364     WARN  main            d.u.i.k.p.i.IntermediateProofReplayer Proof contains wrong number of \assumes instatiations for Definition_axiom_for_staticPermissions_in_Plotter 
861365     WARN  main            d.u.i.k.p.i.IntermediateProofReplayer Proof contains wrong number of \assumes instatiations for Definition_axiom_for_staticPermissions_in_BFilter 
861366     WARN  main            d.u.i.k.p.i.IntermediateProofReplayer Proof contains wrong number of \assumes instatiations for Definition_axiom_for_workingPermissions_in_Plotter 
861366     WARN  main            d.u.i.k.p.i.IntermediateProofReplayer Proof contains wrong number of \assumes instatiations for Definition_axiom_for_stateInv_in_Sampler 
861367     WARN  main            d.u.i.k.p.i.IntermediateProofReplayer Proof contains wrong number of \assumes instatiations for Definition_axiom_for_stateInv_in_Sampler 
861368     WARN  main            d.u.i.k.p.i.IntermediateProofReplayer Proof contains wrong number of \assumes instatiations for Definition_axiom_for_staticPermissions_in_Sampler 
861368     WARN  main            d.u.i.k.p.i.IntermediateProofReplayer Proof contains wrong number of \assumes instatiations for Definition_axiom_for_staticPermissions_in_BFilter 
861369     WARN  main            d.u.i.k.p.i.IntermediateProofReplayer Proof contains wrong number of \assumes instatiations for Definition_axiom_for_staticPermissions_in_AFilter 
861370     WARN  main            d.u.i.k.p.i.IntermediateProofReplayer Proof contains wrong number of \assumes instatiations for Definition_axiom_for_staticPermissions_in_Sampler 
861371     WARN  main            d.u.i.k.p.i.IntermediateProofReplayer Proof contains wrong number of \assumes instatiations for Definition_axiom_for_staticPermissions_in_Sampler 
861371     WARN  main            d.u.i.k.p.i.IntermediateProofReplayer Proof contains wrong number of \assumes instatiations for Definition_axiom_for_staticPermissions_in_Sampler 
861372     WARN  main            d.u.i.k.p.i.IntermediateProofReplayer Proof contains wrong number of \assumes instatiations for Definition_axiom_for_joinTransfer_in_Plotter 
861451     DEBUG main            d.u.i.k.p.i.IntermediateProofReplayer Proof replay took 103.6ms 
861451     INFO  main            d.u.i.k.p.r.p.TestFile    ... success: loaded 
5037754    INFO  Test worker     d.u.i.k.p.r.RunAllProofsTestUnit Returning from test permissionHeap 
5037755    INFO  Test worker     d.u.i.k.p.r.RunAllProofsTestUnit Running test completionScopes 
365        INFO  Timeout watchdog d.u.i.k.p.r.p.ForkedTestFileRunner Timeout watcher launched (2000 secs.) 
369        WARN  main            d.u.i.k.s.ProofSettings   The settings in /home/runner/.key/proof-settings.props are *not* read. 
397        INFO  main            d.u.i.k.p.r.p.TestFile    Now processing file /home/runner/work/key/key/key.core/../key.ui/examples/completionscopes/testCcatchReturnVal.key 
520        INFO  main            d.u.i.k.p.i.AbstractProblemLoader Loading environment from /home/runner/work/key/key/key.core/../key.ui/examples/completionscopes/testCcatchReturnVal.key 
536        DEBUG main            d.u.i.k.p.i.AbstractProblemLoader Environment load took 2.05ms 
762        INFO  main            d.u.i.k.p.i.AbstractProblemLoader Creating init config 
1628       DEBUG main            d.u.i.k.j.TypeConverter   No LDT found for Meta 
1628       DEBUG main            d.u.i.k.j.TypeConverter   No LDT found for Meta 
1629       DEBUG main            d.u.i.k.j.TypeConverter   No LDT found for Meta 
1629       DEBUG main            d.u.i.k.j.TypeConverter   No LDT found for Meta 
3076       DEBUG main            d.u.i.k.j.TypeConverter   No LDT found for JavaBigintExpression 
8198       DEBUG main            d.u.i.k.p.i.AbstractProblemLoader Init config took 7.44s 
8379       INFO  main            d.u.i.k.p.i.AbstractProblemLoader Replaying proof CompletionScopes[CompletionScopes::testCcatchReturnVal()].JML normal_behavior operation contract.0 
8415       DEBUG main            d.u.i.k.p.i.IntermediateProofReplayer Proof replay took 33ns 
8964       INFO  main            d.u.i.k.p.r.p.TestFile    ... finished proof: closed. 
9073       INFO  main            d.u.i.k.p.i.AbstractProblemLoader Loading environment from /home/runner/work/key/key/key.core/../key.ui/examples/completionscopes/testCcatchReturnVal.key.proof 
9073       DEBUG main            d.u.i.k.p.i.AbstractProblemLoader Environment load took 166ns 
9075       INFO  main            d.u.i.k.p.i.AbstractProblemLoader Creating init config 
11856      DEBUG main            d.u.i.k.p.i.AbstractProblemLoader Init config took 2.78s 
11944      INFO  main            d.u.i.k.p.i.AbstractProblemLoader Replaying proof CompletionScopes[CompletionScopes::testCcatchReturnVal()].JML normal_behavior operation contract.0 
12006      DEBUG main            d.u.i.k.p.i.IntermediateProofReplayer Proof replay took 58.2ms 
12020      DEBUG main            d.u.i.k.p.r.p.TestFile    ... success: reloaded. 
12023      INFO  main            d.u.i.k.p.r.p.TestFile    Now processing file /home/runner/work/key/key/key.core/../key.ui/examples/completionscopes/testMultCcatchClauses.key 
12026      INFO  main            d.u.i.k.p.i.AbstractProblemLoader Loading environment from /home/runner/work/key/key/key.core/../key.ui/examples/completionscopes/testMultCcatchClauses.key 
12026      DEBUG main            d.u.i.k.p.i.AbstractProblemLoader Environment load took 145.1ns 
12028      INFO  main            d.u.i.k.p.i.AbstractProblemLoader Creating init config 
14746      DEBUG main            d.u.i.k.p.i.AbstractProblemLoader Init config took 2.72s 
14820      INFO  main            d.u.i.k.p.i.AbstractProblemLoader Replaying proof CompletionScopes[CompletionScopes::testMultCcatchClauses()].JML normal_behavior operation contract.0 
14822      DEBUG main            d.u.i.k.p.i.IntermediateProofReplayer Proof replay took 6.9ns 
15227      INFO  main            d.u.i.k.p.r.p.TestFile    ... finished proof: closed. 
15367      INFO  main            d.u.i.k.p.i.AbstractProblemLoader Loading environment from /home/runner/work/key/key/key.core/../key.ui/examples/completionscopes/testMultCcatchClauses.key.proof 
15367      DEBUG main            d.u.i.k.p.i.AbstractProblemLoader Environment load took 378.01ns 
15369      INFO  main            d.u.i.k.p.i.AbstractProblemLoader Creating init config 
18020      DEBUG main            d.u.i.k.p.i.AbstractProblemLoader Init config took 2.65s 
18083      INFO  main            d.u.i.k.p.i.AbstractProblemLoader Replaying proof CompletionScopes[CompletionScopes::testMultCcatchClauses()].JML normal_behavior operation contract.0 
18169      DEBUG main            d.u.i.k.p.i.IntermediateProofReplayer Proof replay took 81.81ms 
18170      DEBUG main            d.u.i.k.p.r.p.TestFile    ... success: reloaded. 
18171      INFO  main            d.u.i.k.p.r.p.TestFile    Now processing file /home/runner/work/key/key/key.core/../key.ui/examples/completionscopes/testNestedExec.key 
18172      INFO  main            d.u.i.k.p.i.AbstractProblemLoader Loading environment from /home/runner/work/key/key/key.core/../key.ui/examples/completionscopes/testNestedExec.key 
18172      DEBUG main            d.u.i.k.p.i.AbstractProblemLoader Environment load took 184.3ns 
18174      INFO  main            d.u.i.k.p.i.AbstractProblemLoader Creating init config 
20833      DEBUG main            d.u.i.k.p.i.AbstractProblemLoader Init config took 2.66s 
20881      INFO  main            d.u.i.k.p.i.AbstractProblemLoader Replaying proof CompletionScopes[CompletionScopes::testMultCcatchClauses()].JML normal_behavior operation contract.0 
20883      DEBUG main            d.u.i.k.p.i.IntermediateProofReplayer Proof replay took 7.6ns 
21187      INFO  main            d.u.i.k.p.r.p.TestFile    ... finished proof: closed. 
21335      INFO  main            d.u.i.k.p.i.AbstractProblemLoader Loading environment from /home/runner/work/key/key/key.core/../key.ui/examples/completionscopes/testNestedExec.key.proof 
21335      DEBUG main            d.u.i.k.p.i.AbstractProblemLoader Environment load took 151.1ns 
21338      INFO  main            d.u.i.k.p.i.AbstractProblemLoader Creating init config 
23897      DEBUG main            d.u.i.k.p.i.AbstractProblemLoader Init config took 2.56s 
23946      INFO  main            d.u.i.k.p.i.AbstractProblemLoader Replaying proof CompletionScopes[CompletionScopes::testMultCcatchClauses()].JML normal_behavior operation contract.0 
24043      DEBUG main            d.u.i.k.p.i.IntermediateProofReplayer Proof replay took 90.82ms 
24045      DEBUG main            d.u.i.k.p.r.p.TestFile    ... success: reloaded. 
24046      INFO  main            d.u.i.k.p.r.p.TestFile    Now processing file /home/runner/work/key/key/key.core/../key.ui/examples/completionscopes/testCcatchBreakLabel.key 
24047      INFO  main            d.u.i.k.p.i.AbstractProblemLoader Loading environment from /home/runner/work/key/key/key.core/../key.ui/examples/completionscopes/testCcatchBreakLabel.key 
24047      DEBUG main            d.u.i.k.p.i.AbstractProblemLoader Environment load took 199.1ns 
24050      INFO  main            d.u.i.k.p.i.AbstractProblemLoader Creating init config 
26654      DEBUG main            d.u.i.k.p.i.AbstractProblemLoader Init config took 2.6s 
26708      INFO  main            d.u.i.k.p.i.AbstractProblemLoader Replaying proof CompletionScopes[CompletionScopes::testBreakLabel()].JML normal_behavior operation contract.0 
26711      DEBUG main            d.u.i.k.p.i.IntermediateProofReplayer Proof replay took 7ns 
26733      DEBUG Thread-10       d.u.i.k.l.o.ProgramSV     Match failed: Former match of  SchemaVariable incompatible with  the current match. 
26814      INFO  main            d.u.i.k.p.r.p.TestFile    ... finished proof: closed. 
26955      INFO  main            d.u.i.k.p.i.AbstractProblemLoader Loading environment from /home/runner/work/key/key/key.core/../key.ui/examples/completionscopes/testCcatchBreakLabel.key.proof 
26955      DEBUG main            d.u.i.k.p.i.AbstractProblemLoader Environment load took 123.8ns 
26956      INFO  main            d.u.i.k.p.i.AbstractProblemLoader Creating init config 
29505      DEBUG main            d.u.i.k.p.i.AbstractProblemLoader Init config took 2.55s 
29561      INFO  main            d.u.i.k.p.i.AbstractProblemLoader Replaying proof CompletionScopes[CompletionScopes::testBreakLabel()].JML normal_behavior operation contract.0 
29571      DEBUG main            d.u.i.k.p.i.IntermediateProofReplayer Proof replay took 8.32ms 
29572      DEBUG main            d.u.i.k.p.r.p.TestFile    ... success: reloaded. 
29573      INFO  main            d.u.i.k.p.r.p.TestFile    Now processing file /home/runner/work/key/key/key.core/../key.ui/examples/completionscopes/testCcatchContinueLabel.key 
29573      INFO  main            d.u.i.k.p.i.AbstractProblemLoader Loading environment from /home/runner/work/key/key/key.core/../key.ui/examples/completionscopes/testCcatchContinueLabel.key 
29574      DEBUG main            d.u.i.k.p.i.AbstractProblemLoader Environment load took 97.5ns 
29575      INFO  main            d.u.i.k.p.i.AbstractProblemLoader Creating init config 
32126      DEBUG main            d.u.i.k.p.i.AbstractProblemLoader Init config took 2.55s 
32174      INFO  main            d.u.i.k.p.i.AbstractProblemLoader Replaying proof CompletionScopes[CompletionScopes::testContinueLabel()].JML normal_behavior operation contract.0 
32176      DEBUG main            d.u.i.k.p.i.IntermediateProofReplayer Proof replay took 7ns 
32198      DEBUG Thread-13       d.u.i.k.l.o.ProgramSV     Match failed: Former match of  SchemaVariable incompatible with  the current match. 
32277      INFO  main            d.u.i.k.p.r.p.TestFile    ... finished proof: closed. 
32466      INFO  main            d.u.i.k.p.i.AbstractProblemLoader Loading environment from /home/runner/work/key/key/key.core/../key.ui/examples/completionscopes/testCcatchContinueLabel.key.proof 
32466      DEBUG main            d.u.i.k.p.i.AbstractProblemLoader Environment load took 126.5ns 
32468      INFO  main            d.u.i.k.p.i.AbstractProblemLoader Creating init config 
34949      DEBUG main            d.u.i.k.p.i.AbstractProblemLoader Init config took 2.48s 
34996      INFO  main            d.u.i.k.p.i.AbstractProblemLoader Replaying proof CompletionScopes[CompletionScopes::testContinueLabel()].JML normal_behavior operation contract.0 
35007      DEBUG main            d.u.i.k.p.i.IntermediateProofReplayer Proof replay took 8.98ms 
35007      DEBUG main            d.u.i.k.p.r.p.TestFile    ... success: reloaded. 
35009      INFO  main            d.u.i.k.p.r.p.TestFile    Now processing file /home/runner/work/key/key/key.core/../key.ui/examples/completionscopes/testCcatchBreakLabelWildcard.key 
35009      INFO  main            d.u.i.k.p.i.AbstractProblemLoader Loading environment from /home/runner/work/key/key/key.core/../key.ui/examples/completionscopes/testCcatchBreakLabelWildcard.key 
35009      DEBUG main            d.u.i.k.p.i.AbstractProblemLoader Environment load took 101.8ns 
35010      INFO  main            d.u.i.k.p.i.AbstractProblemLoader Creating init config 
37580      DEBUG main            d.u.i.k.p.i.AbstractProblemLoader Init config took 2.57s 
37629      INFO  main            d.u.i.k.p.i.AbstractProblemLoader Replaying proof CompletionScopes[CompletionScopes::testBreakLabelWildcard()].JML normal_behavior operation contract.0 
37632      DEBUG main            d.u.i.k.p.i.IntermediateProofReplayer Proof replay took 7.2ns 
37654      DEBUG Thread-16       d.u.i.k.l.o.ProgramSV     Match failed: Former match of  SchemaVariable incompatible with  the current match. 
37655      DEBUG Thread-16       d.u.i.k.l.o.ProgramSV     Match failed: Former match of  SchemaVariable incompatible with  the current match. 
37741      INFO  main            d.u.i.k.p.r.p.TestFile    ... finished proof: closed. 
37919      INFO  main            d.u.i.k.p.i.AbstractProblemLoader Loading environment from /home/runner/work/key/key/key.core/../key.ui/examples/completionscopes/testCcatchBreakLabelWildcard.key.proof 
37919      DEBUG main            d.u.i.k.p.i.AbstractProblemLoader Environment load took 128.8ns 
37920      INFO  main            d.u.i.k.p.i.AbstractProblemLoader Creating init config 
40408      DEBUG main            d.u.i.k.p.i.AbstractProblemLoader Init config took 2.49s 
40446      INFO  main            d.u.i.k.p.i.AbstractProblemLoader Replaying proof CompletionScopes[CompletionScopes::testBreakLabelWildcard()].JML normal_behavior operation contract.0 
40456      DEBUG main            d.u.i.k.p.i.IntermediateProofReplayer Proof replay took 7.63ms 
40457      DEBUG main            d.u.i.k.p.r.p.TestFile    ... success: reloaded. 
40458      INFO  main            d.u.i.k.p.r.p.TestFile    Now processing file /home/runner/work/key/key/key.core/../key.ui/examples/completionscopes/testCcatchContinueLabelWildcard.key 
40458      INFO  main            d.u.i.k.p.i.AbstractProblemLoader Loading environment from /home/runner/work/key/key/key.core/../key.ui/examples/completionscopes/testCcatchContinueLabelWildcard.key 
40458      DEBUG main            d.u.i.k.p.i.AbstractProblemLoader Environment load took 95.2ns 
40473      INFO  main            d.u.i.k.p.i.AbstractProblemLoader Creating init config 
42998      DEBUG main            d.u.i.k.p.i.AbstractProblemLoader Init config took 2.53s 
43042      INFO  main            d.u.i.k.p.i.AbstractProblemLoader Replaying proof CompletionScopes[CompletionScopes::testContinueLabelWildcard()].JML normal_behavior operation contract.0 
43044      DEBUG main            d.u.i.k.p.i.IntermediateProofReplayer Proof replay took 7.2ns 
43063      DEBUG Thread-19       d.u.i.k.l.o.ProgramSV     Match failed: Former match of  SchemaVariable incompatible with  the current match. 
43064      DEBUG Thread-19       d.u.i.k.l.o.ProgramSV     Match failed: Former match of  SchemaVariable incompatible with  the current match. 
43146      INFO  main            d.u.i.k.p.r.p.TestFile    ... finished proof: closed. 
43302      INFO  main            d.u.i.k.p.i.AbstractProblemLoader Loading environment from /home/runner/work/key/key/key.core/../key.ui/examples/completionscopes/testCcatchContinueLabelWildcard.key.proof 
43302      DEBUG main            d.u.i.k.p.i.AbstractProblemLoader Environment load took 123.9ns 
43303      INFO  main            d.u.i.k.p.i.AbstractProblemLoader Creating init config 
45806      DEBUG main            d.u.i.k.p.i.AbstractProblemLoader Init config took 2.5s 
45844      INFO  main            d.u.i.k.p.i.AbstractProblemLoader Replaying proof CompletionScopes[CompletionScopes::testContinueLabelWildcard()].JML normal_behavior operation contract.0 
45855      DEBUG main            d.u.i.k.p.i.IntermediateProofReplayer Proof replay took 8.28ms 
45855      DEBUG main            d.u.i.k.p.r.p.TestFile    ... success: reloaded. 
45856      INFO  main            d.u.i.k.p.r.p.TestFile    Now processing file /home/runner/work/key/key/key.core/../key.ui/examples/completionscopes/testCcatchBreakLabelNonmatchingNested.key 
45857      INFO  main            d.u.i.k.p.i.AbstractProblemLoader Loading environment from /home/runner/work/key/key/key.core/../key.ui/examples/completionscopes/testCcatchBreakLabelNonmatchingNested.key 
45857      DEBUG main            d.u.i.k.p.i.AbstractProblemLoader Environment load took 95ns 
45858      INFO  main            d.u.i.k.p.i.AbstractProblemLoader Creating init config 
48417      DEBUG main            d.u.i.k.p.i.AbstractProblemLoader Init config took 2.56s 
48461      INFO  main            d.u.i.k.p.i.AbstractProblemLoader Replaying proof CompletionScopes[CompletionScopes::testBreakLabelNonmatchingNested()].JML normal_behavior operation contract.0 
48463      DEBUG main            d.u.i.k.p.i.IntermediateProofReplayer Proof replay took 8.5ns 
48479      DEBUG Thread-22       d.u.i.k.l.o.ProgramSV     Match failed: Former match of  SchemaVariable incompatible with  the current match. 
48480      DEBUG Thread-22       d.u.i.k.l.o.ProgramSV     Match failed: Former match of  SchemaVariable incompatible with  the current match. 
48565      INFO  main            d.u.i.k.p.r.p.TestFile    ... finished proof: closed. 
48731      INFO  main            d.u.i.k.p.i.AbstractProblemLoader Loading environment from /home/runner/work/key/key/key.core/../key.ui/examples/completionscopes/testCcatchBreakLabelNonmatchingNested.key.proof 
48731      DEBUG main            d.u.i.k.p.i.AbstractProblemLoader Environment load took 151.7ns 
48732      INFO  main            d.u.i.k.p.i.AbstractProblemLoader Creating init config 
51177      DEBUG main            d.u.i.k.p.i.AbstractProblemLoader Init config took 2.45s 
51226      INFO  main            d.u.i.k.p.i.AbstractProblemLoader Replaying proof CompletionScopes[CompletionScopes::testBreakLabelNonmatchingNested()].JML normal_behavior operation contract.0 
51237      DEBUG main            d.u.i.k.p.i.IntermediateProofReplayer Proof replay took 9.54ms 
51238      DEBUG main            d.u.i.k.p.r.p.TestFile    ... success: reloaded. 
5089174    INFO  Test worker     d.u.i.k.p.r.RunAllProofsTestUnit Returning from test completionScopes 
5089175    INFO  Test worker     d.u.i.k.p.r.RunAllProofsTestUnit Running test reload_examples 
348        INFO  Timeout watchdog d.u.i.k.p.r.p.ForkedTestFileRunner Timeout watcher launched (2000 secs.) 
357        WARN  main            d.u.i.k.s.ProofSettings   The settings in /home/runner/.key/proof-settings.props are *not* read. 
384        INFO  main            d.u.i.k.p.r.p.TestFile    Now processing file /home/runner/work/key/key/key.core/../key.ui/examples/firstTouch/05-ReverseArray/reverseArray.key 
503        INFO  main            d.u.i.k.p.i.AbstractProblemLoader Loading environment from /home/runner/work/key/key/key.core/../key.ui/examples/firstTouch/05-ReverseArray/reverseArray.key 
521        DEBUG main            d.u.i.k.p.i.AbstractProblemLoader Environment load took 1.91ms 
784        INFO  main            d.u.i.k.p.i.AbstractProblemLoader Creating init config 
1745       DEBUG main            d.u.i.k.j.TypeConverter   No LDT found for Meta 
1746       DEBUG main            d.u.i.k.j.TypeConverter   No LDT found for Meta 
1748       DEBUG main            d.u.i.k.j.TypeConverter   No LDT found for Meta 
1748       DEBUG main            d.u.i.k.j.TypeConverter   No LDT found for Meta 
3041       DEBUG main            d.u.i.k.j.TypeConverter   No LDT found for JavaBigintExpression 
8286       DEBUG main            d.u.i.k.p.i.AbstractProblemLoader Init config took 7.5s 
8396       INFO  main            d.u.i.k.p.i.AbstractProblemLoader Replaying proof ReverseArray[ReverseArray::reverse()].JML normal_behavior operation contract.0 
8445       DEBUG main            d.u.i.k.p.i.IntermediateProofReplayer Proof replay took 35.1ns 
19097      INFO  main            d.u.i.k.p.r.p.TestFile    ... finished proof: closed. 
19380      INFO  main            d.u.i.k.p.i.AbstractProblemLoader Loading environment from /home/runner/work/key/key/key.core/../key.ui/examples/firstTouch/05-ReverseArray/reverseArray.key.proof 
19380      DEBUG main            d.u.i.k.p.i.AbstractProblemLoader Environment load took 384.91ns 
19390      INFO  main            d.u.i.k.p.i.AbstractProblemLoader Creating init config 
22201      DEBUG main            d.u.i.k.p.i.AbstractProblemLoader Init config took 2.81s 
22246      INFO  main            d.u.i.k.p.i.AbstractProblemLoader Replaying proof ReverseArray[ReverseArray::reverse()].JML normal_behavior operation contract.0 
23391      DEBUG main            d.u.i.k.p.i.IntermediateProofReplayer Proof replay took 1.09s 
23401      DEBUG main            d.u.i.k.p.r.p.TestFile    ... success: reloaded. 
23403      INFO  main            d.u.i.k.p.r.p.TestFile    Now processing file /home/runner/work/key/key/key.core/../key.ui/examples/standard_key/arith/saveProofTest.key.proof 
23403      INFO  main            d.u.i.k.p.i.AbstractProblemLoader Loading environment from /home/runner/work/key/key/key.core/../key.ui/examples/standard_key/arith/saveProofTest.key.proof 
23403      DEBUG main            d.u.i.k.p.i.AbstractProblemLoader Environment load took 200ns 
23405      INFO  main            d.u.i.k.p.i.AbstractProblemLoader Creating init config 
25944      DEBUG main            d.u.i.k.p.i.AbstractProblemLoader Init config took 2.54s 
25976      INFO  main            d.u.i.k.p.i.AbstractProblemLoader Replaying proof saveProofTest.key.proof 
25987      DEBUG main            d.u.i.k.p.i.IntermediateProofReplayer Proof replay took 4.12ms 
25988      INFO  main            d.u.i.k.p.r.p.TestFile    ... success: loaded 
25990      INFO  main            d.u.i.k.p.r.p.TestFile    Now processing file /home/runner/work/key/key/key.core/../key.ui/examples/heap/permutedSum/perm.proof 
25990      INFO  main            d.u.i.k.p.i.AbstractProblemLoader Loading environment from /home/runner/work/key/key/key.core/../key.ui/examples/heap/permutedSum/perm.proof 
25991      DEBUG main            d.u.i.k.p.i.AbstractProblemLoader Environment load took 423.71ns 
25994      INFO  main            d.u.i.k.p.i.AbstractProblemLoader Creating init config 
28699      DEBUG main            d.u.i.k.p.i.AbstractProblemLoader Init config took 2.7s 
28765      INFO  main            d.u.i.k.p.i.AbstractProblemLoader Replaying proof Perm[Perm::foo()].JML normal_behavior operation contract.0 
29872      DEBUG main            d.u.i.k.p.i.IntermediateProofReplayer Proof replay took 1.06s 
29874      INFO  main            d.u.i.k.p.r.p.TestFile    ... success: loaded 
29876      INFO  main            d.u.i.k.p.r.p.TestFile    Now processing file /home/runner/work/key/key/key.core/../key.ui/examples/firstTouch/05-ReverseArray/reverseArray.proof 
29876      INFO  main            d.u.i.k.p.i.AbstractProblemLoader Loading environment from /home/runner/work/key/key/key.core/../key.ui/examples/firstTouch/05-ReverseArray/reverseArray.proof 
29877      DEBUG main            d.u.i.k.p.i.AbstractProblemLoader Environment load took 208.7ns 
29879      INFO  main            d.u.i.k.p.i.AbstractProblemLoader Creating init config 
32448      DEBUG main            d.u.i.k.p.i.AbstractProblemLoader Init config took 2.57s 
32489      INFO  main            d.u.i.k.p.i.AbstractProblemLoader Replaying proof ReverseArray[ReverseArray::reverse()].JML normal_behavior operation contract.0 
33478      DEBUG main            d.u.i.k.p.i.IntermediateProofReplayer Proof replay took 953.73ms 
33480      INFO  main            d.u.i.k.p.r.p.TestFile    ... success: loaded 
33482      INFO  main            d.u.i.k.p.r.p.TestFile    Now processing file /home/runner/work/key/key/key.core/../key.ui/examples/heap/verifyThis15_1_RelaxedPrefix/relax.proof 
33482      INFO  main            d.u.i.k.p.i.AbstractProblemLoader Loading environment from /home/runner/work/key/key/key.core/../key.ui/examples/heap/verifyThis15_1_RelaxedPrefix/relax.proof 
33482      DEBUG main            d.u.i.k.p.i.AbstractProblemLoader Environment load took 79.6ns 
33484      INFO  main            d.u.i.k.p.i.AbstractProblemLoader Creating init config 
36057      DEBUG main            d.u.i.k.p.i.AbstractProblemLoader Init config took 2.57s 
36103      INFO  main            d.u.i.k.p.i.AbstractProblemLoader Replaying proof Relaxed[Relaxed::isRelaxedPrefix([I,[I)].JML operation contract.0 
36536      DEBUG main            d.u.i.k.p.i.IntermediateProofReplayer Proof replay took 417.84ms 
36538      INFO  main            d.u.i.k.p.r.p.TestFile    ... success: loaded 
36539      INFO  main            d.u.i.k.p.r.p.TestFile    Now processing file /home/runner/work/key/key/key.core/../key.ui/examples/heap/verifyThis15_3_DLL/doUndo.proof 
36540      INFO  main            d.u.i.k.p.i.AbstractProblemLoader Loading environment from /home/runner/work/key/key/key.core/../key.ui/examples/heap/verifyThis15_3_DLL/doUndo.proof 
36540      DEBUG main            d.u.i.k.p.i.AbstractProblemLoader Environment load took 193.8ns 
36542      INFO  main            d.u.i.k.p.i.AbstractProblemLoader Creating init config 
37491      DEBUG main            d.u.i.k.j.r.ClassPreparationMethodBuilder clPrepBuilder: Inner Class detected. Reject building class initialisation methods. 
39380      DEBUG main            d.u.i.k.p.i.AbstractProblemLoader Init config took 2.84s 
39484      INFO  main            d.u.i.k.p.i.AbstractProblemLoader Replaying proof DoubleLinkedList[DoubleLinkedList::doUndo(DoubleLinkedList.Node,int)].JML normal_behavior operation contract.0 
40151      DEBUG main            d.u.i.k.p.i.IntermediateProofReplayer Proof replay took 640.38ms 
40152      INFO  main            d.u.i.k.p.r.p.TestFile    ... success: loaded 
40154      INFO  main            d.u.i.k.p.r.p.TestFile    Now processing file /home/runner/work/key/key/key.core/../key.ui/examples/heap/verifyThis15_2_ParallelGcd/parallelGcd.proof 
40154      INFO  main            d.u.i.k.p.i.AbstractProblemLoader Loading environment from /home/runner/work/key/key/key.core/../key.ui/examples/heap/verifyThis15_2_ParallelGcd/parallelGcd.proof 
40154      DEBUG main            d.u.i.k.p.i.AbstractProblemLoader Environment load took 188.8ns 
40156      INFO  main            d.u.i.k.p.i.AbstractProblemLoader Creating init config 
42810      DEBUG main            d.u.i.k.p.i.AbstractProblemLoader Init config took 2.65s 
42874      INFO  main            d.u.i.k.p.i.AbstractProblemLoader Replaying proof ParallelGcd[ParallelGcd::parallelGcd(int,int,[Z)].JML behavior operation contract.0 
43501      DEBUG main            d.u.i.k.p.i.IntermediateProofReplayer Proof replay took 584.73ms 
43502      INFO  main            d.u.i.k.p.r.p.TestFile    ... success: loaded 
5132845    INFO  Test worker     d.u.i.k.p.r.RunAllProofsTestUnit Returning from test reload_examples 
5132847    INFO  Test worker     d.u.i.k.p.r.RunAllProofsTestUnit Running test proofLoadRepair 
334        INFO  Timeout watchdog d.u.i.k.p.r.p.ForkedTestFileRunner Timeout watcher launched (2000 secs.) 
347        WARN  main            d.u.i.k.s.ProofSettings   The settings in /home/runner/.key/proof-settings.props are *not* read. 
397        INFO  main            d.u.i.k.p.r.p.TestFile    Now processing file /home/runner/work/key/key/key.core/../key.ui/examples/proofLoadRepair/disjConj-manipulated.proof 
527        INFO  main            d.u.i.k.p.i.AbstractProblemLoader Loading environment from /home/runner/work/key/key/key.core/../key.ui/examples/proofLoadRepair/disjConj-manipulated.proof 
543        DEBUG main            d.u.i.k.p.i.AbstractProblemLoader Environment load took 2.09ms 
769        INFO  main            d.u.i.k.p.i.AbstractProblemLoader Creating init config 
1664       DEBUG main            d.u.i.k.j.TypeConverter   No LDT found for Meta 
1665       DEBUG main            d.u.i.k.j.TypeConverter   No LDT found for Meta 
1666       DEBUG main            d.u.i.k.j.TypeConverter   No LDT found for Meta 
1667       DEBUG main            d.u.i.k.j.TypeConverter   No LDT found for Meta 
3177       DEBUG main            d.u.i.k.j.TypeConverter   No LDT found for JavaBigintExpression 
8453       DEBUG main            d.u.i.k.p.i.AbstractProblemLoader Init config took 7.68s 
8511       INFO  main            d.u.i.k.p.i.AbstractProblemLoader Replaying proof disjConj-manipulated.proof 
8556       WARN  main            d.u.i.k.p.i.IntermediateProofReplayer Proof contains wrong number of \assumes instatiations for andLeft 
8557       WARN  main            d.u.i.k.p.i.IntermediateProofReplayer Proof contains wrong number of \assumes instatiations for replace_known_right 
8561       WARN  main            d.u.i.k.p.i.IntermediateProofReplayer Proof contains wrong number of \assumes instatiations for close 
8561       DEBUG main            d.u.i.k.p.i.IntermediateProofReplayer Proof replay took 16.36ms 
8565       INFO  main            d.u.i.k.p.r.p.TestFile    ... success: loaded 
8569       INFO  main            d.u.i.k.p.r.p.TestFile    Now processing file /home/runner/work/key/key/key.core/../key.ui/examples/proofLoadRepair/insufficient-manipulated.proof 
8569       INFO  main            d.u.i.k.p.i.AbstractProblemLoader Loading environment from /home/runner/work/key/key/key.core/../key.ui/examples/proofLoadRepair/insufficient-manipulated.proof 
8569       DEBUG main            d.u.i.k.p.i.AbstractProblemLoader Environment load took 121.6ns 
8573       INFO  main            d.u.i.k.p.i.AbstractProblemLoader Creating init config 
11333      DEBUG main            d.u.i.k.p.i.AbstractProblemLoader Init config took 2.76s 
11364      INFO  main            d.u.i.k.p.i.AbstractProblemLoader Replaying proof insufficient-manipulated.proof 
11383      WARN  main            d.u.i.k.p.i.IntermediateProofReplayer Proof contains wrong number of \assumes instatiations for applyEq 
11396      DEBUG main            d.u.i.k.p.i.IntermediateProofReplayer Proof replay took 16.24ms 
11399      INFO  main            d.u.i.k.p.r.p.TestFile    ... success: loading failed 
11402      INFO  main            d.u.i.k.p.r.p.TestFile    Now processing file /home/runner/work/key/key/key.core/../key.ui/examples/../../key.core/src/test/resources/testcase/issues/1716/incorrectPolarity.proof 
11403      INFO  main            d.u.i.k.p.i.AbstractProblemLoader Loading environment from /home/runner/work/key/key/key.core/../key.ui/examples/../../key.core/src/test/resources/testcase/issues/1716/incorrectPolarity.proof 
11403      DEBUG main            d.u.i.k.p.i.AbstractProblemLoader Environment load took 203.3ns 
11405      INFO  main            d.u.i.k.p.i.AbstractProblemLoader Creating init config 
14313      DEBUG main            d.u.i.k.p.i.AbstractProblemLoader Init config took 2.91s 
14350      INFO  main            d.u.i.k.p.i.AbstractProblemLoader Replaying proof incorrectPolarity.proof 
14355      DEBUG main            d.u.i.k.p.i.IntermediateProofReplayer Proof replay took 207ns 
14360      INFO  main            d.u.i.k.p.r.p.TestFile    ... success: loading failed 
14361      INFO  main            d.u.i.k.p.r.p.TestFile    Now processing file /home/runner/work/key/key/key.core/../key.ui/examples/../../key.core/src/test/resources/testcase/issues/1716/incorrectPolarity2.proof 
14361      INFO  main            d.u.i.k.p.i.AbstractProblemLoader Loading environment from /home/runner/work/key/key/key.core/../key.ui/examples/../../key.core/src/test/resources/testcase/issues/1716/incorrectPolarity2.proof 
14362      DEBUG main            d.u.i.k.p.i.AbstractProblemLoader Environment load took 825.61ns 
14363      INFO  main            d.u.i.k.p.i.AbstractProblemLoader Creating init config 
16981      DEBUG main            d.u.i.k.p.i.AbstractProblemLoader Init config took 2.62s 
17003      INFO  main            d.u.i.k.p.i.AbstractProblemLoader Replaying proof incorrectPolarity2.proof 
17006      DEBUG main            d.u.i.k.p.i.IntermediateProofReplayer Proof replay took 336.81ns 
17007      INFO  main            d.u.i.k.p.r.p.TestFile    ... success: loading failed 
17008      INFO  main            d.u.i.k.p.r.p.TestFile    Now processing file /home/runner/work/key/key/key.core/../key.ui/examples/../../key.core/src/test/resources/testcase/issues/1716/incorrectPolarity3.proof 
17008      INFO  main            d.u.i.k.p.i.AbstractProblemLoader Loading environment from /home/runner/work/key/key/key.core/../key.ui/examples/../../key.core/src/test/resources/testcase/issues/1716/incorrectPolarity3.proof 
17008      DEBUG main            d.u.i.k.p.i.AbstractProblemLoader Environment load took 184.4ns 
17009      INFO  main            d.u.i.k.p.i.AbstractProblemLoader Creating init config 
19516      DEBUG main            d.u.i.k.p.i.AbstractProblemLoader Init config took 2.51s 
19536      INFO  main            d.u.i.k.p.i.AbstractProblemLoader Replaying proof incorrectPolarity3.proof 
19540      DEBUG main            d.u.i.k.p.i.IntermediateProofReplayer Proof replay took 1.67ms 
19540      INFO  main            d.u.i.k.p.r.p.TestFile    ... success: loading failed 
5152577    INFO  Test worker     d.u.i.k.p.r.RunAllProofsTestUnit Returning from test proofLoadRepair 
5152578    INFO  Test worker     d.u.i.k.p.r.RunAllProofsTestUnit Running test switch 
364        INFO  Timeout watchdog d.u.i.k.p.r.p.ForkedTestFileRunner Timeout watcher launched (2000 secs.) 
382        WARN  main            d.u.i.k.s.ProofSettings   The settings in /home/runner/.key/proof-settings.props are *not* read. 
431        INFO  main            d.u.i.k.p.r.p.TestFile    Now processing file /home/runner/work/key/key/key.core/../key.ui/examples/standard_key/java_dl/switch/labeled_case.key 
549        INFO  main            d.u.i.k.p.i.AbstractProblemLoader Loading environment from /home/runner/work/key/key/key.core/../key.ui/examples/standard_key/java_dl/switch/labeled_case.key 
565        DEBUG main            d.u.i.k.p.i.AbstractProblemLoader Environment load took 2.04ms 
777        INFO  main            d.u.i.k.p.i.AbstractProblemLoader Creating init config 
1685       DEBUG main            d.u.i.k.j.TypeConverter   No LDT found for Meta 
1686       DEBUG main            d.u.i.k.j.TypeConverter   No LDT found for Meta 
1687       DEBUG main            d.u.i.k.j.TypeConverter   No LDT found for Meta 
1687       DEBUG main            d.u.i.k.j.TypeConverter   No LDT found for Meta 
3206       DEBUG main            d.u.i.k.j.TypeConverter   No LDT found for JavaBigintExpression 
7933       DEBUG main            d.u.i.k.p.i.AbstractProblemLoader Init config took 7.16s 
8072       INFO  main            d.u.i.k.p.i.AbstractProblemLoader Replaying proof LabeledCase[LabeledCase::m(int)].JML normal_behavior operation contract.0 
8104       DEBUG main            d.u.i.k.p.i.IntermediateProofReplayer Proof replay took 32.4ns 
8784       INFO  main            d.u.i.k.p.r.p.TestFile    ... finished proof: closed. 
8892       INFO  main            d.u.i.k.p.i.AbstractProblemLoader Loading environment from /home/runner/work/key/key/key.core/../key.ui/examples/standard_key/java_dl/switch/labeled_case.key.proof 
8894       DEBUG main            d.u.i.k.p.i.AbstractProblemLoader Environment load took 2.34ms 
8897       INFO  main            d.u.i.k.p.i.AbstractProblemLoader Creating init config 
11749      DEBUG main            d.u.i.k.p.i.AbstractProblemLoader Init config took 2.85s 
11820      INFO  main            d.u.i.k.p.i.AbstractProblemLoader Replaying proof LabeledCase[LabeledCase::m(int)].JML normal_behavior operation contract.0 
11880      DEBUG main            d.u.i.k.p.i.IntermediateProofReplayer Proof replay took 54.27ms 
11888      DEBUG main            d.u.i.k.p.r.p.TestFile    ... success: reloaded. 
11890      INFO  main            d.u.i.k.p.r.p.TestFile    Now processing file /home/runner/work/key/key/key.core/../key.ui/examples/standard_key/java_dl/switch/empty_switch.key 
11891      INFO  main            d.u.i.k.p.i.AbstractProblemLoader Loading environment from /home/runner/work/key/key/key.core/../key.ui/examples/standard_key/java_dl/switch/empty_switch.key 
11892      DEBUG main            d.u.i.k.p.i.AbstractProblemLoader Environment load took 222.9ns 
11895      INFO  main            d.u.i.k.p.i.AbstractProblemLoader Creating init config 
14459      DEBUG main            d.u.i.k.p.i.AbstractProblemLoader Init config took 2.56s 
14488      INFO  main            d.u.i.k.p.i.AbstractProblemLoader Replaying proof empty_switch.key 
14493      DEBUG main            d.u.i.k.p.i.IntermediateProofReplayer Proof replay took 6.6ns 
14598      INFO  main            d.u.i.k.p.r.p.TestFile    ... finished proof: closed. 
14723      INFO  main            d.u.i.k.p.i.AbstractProblemLoader Loading environment from /home/runner/work/key/key/key.core/../key.ui/examples/standard_key/java_dl/switch/empty_switch.key.proof 
14723      DEBUG main            d.u.i.k.p.i.AbstractProblemLoader Environment load took 127.8ns 
14725      INFO  main            d.u.i.k.p.i.AbstractProblemLoader Creating init config 
17214      DEBUG main            d.u.i.k.p.i.AbstractProblemLoader Init config took 2.49s 
17238      INFO  main            d.u.i.k.p.i.AbstractProblemLoader Replaying proof empty_switch.key.proof 
17242      DEBUG main            d.u.i.k.p.i.IntermediateProofReplayer Proof replay took 2.27ms 
17243      DEBUG main            d.u.i.k.p.r.p.TestFile    ... success: reloaded. 
17244      INFO  main            d.u.i.k.p.r.p.TestFile    Now processing file /home/runner/work/key/key/key.core/../key.ui/examples/standard_key/java_dl/switch/empty_switch_null.key 
17245      INFO  main            d.u.i.k.p.i.AbstractProblemLoader Loading environment from /home/runner/work/key/key/key.core/../key.ui/examples/standard_key/java_dl/switch/empty_switch_null.key 
17245      DEBUG main            d.u.i.k.p.i.AbstractProblemLoader Environment load took 178.7ns 
17246      INFO  main            d.u.i.k.p.i.AbstractProblemLoader Creating init config 
19690      DEBUG main            d.u.i.k.p.i.AbstractProblemLoader Init config took 2.44s 
19711      INFO  main            d.u.i.k.p.i.AbstractProblemLoader Replaying proof empty_switch_null.key 
19713      DEBUG main            d.u.i.k.p.i.IntermediateProofReplayer Proof replay took 6ns 
19916      INFO  main            d.u.i.k.p.r.p.TestFile    ... finished proof: closed. 
20051      INFO  main            d.u.i.k.p.i.AbstractProblemLoader Loading environment from /home/runner/work/key/key/key.core/../key.ui/examples/standard_key/java_dl/switch/empty_switch_null.key.proof 
20051      DEBUG main            d.u.i.k.p.i.AbstractProblemLoader Environment load took 129.9ns 
20053      INFO  main            d.u.i.k.p.i.AbstractProblemLoader Creating init config 
22475      DEBUG main            d.u.i.k.p.i.AbstractProblemLoader Init config took 2.42s 
22495      INFO  main            d.u.i.k.p.i.AbstractProblemLoader Replaying proof empty_switch_null.key.proof 
22528      DEBUG main            d.u.i.k.p.i.IntermediateProofReplayer Proof replay took 30.29ms 
22529      DEBUG main            d.u.i.k.p.r.p.TestFile    ... success: reloaded. 
22530      INFO  main            d.u.i.k.p.r.p.TestFile    Now processing file /home/runner/work/key/key/key.core/../key.ui/examples/standard_key/java_dl/switch/empty_switch_null_catch.key 
22531      INFO  main            d.u.i.k.p.i.AbstractProblemLoader Loading environment from /home/runner/work/key/key/key.core/../key.ui/examples/standard_key/java_dl/switch/empty_switch_null_catch.key 
22531      DEBUG main            d.u.i.k.p.i.AbstractProblemLoader Environment load took 180.9ns 
22532      INFO  main            d.u.i.k.p.i.AbstractProblemLoader Creating init config 
24935      DEBUG main            d.u.i.k.p.i.AbstractProblemLoader Init config took 2.4s 
24963      INFO  main            d.u.i.k.p.i.AbstractProblemLoader Replaying proof empty_switch_null_catch.key 
24966      DEBUG main            d.u.i.k.p.i.IntermediateProofReplayer Proof replay took 6.9ns 
25169      INFO  main            d.u.i.k.p.r.p.TestFile    ... finished proof: closed. 
25367      INFO  main            d.u.i.k.p.i.AbstractProblemLoader Loading environment from /home/runner/work/key/key/key.core/../key.ui/examples/standard_key/java_dl/switch/empty_switch_null_catch.key.proof 
25369      DEBUG main            d.u.i.k.p.i.AbstractProblemLoader Environment load took 2.02ms 
25372      INFO  main            d.u.i.k.p.i.AbstractProblemLoader Creating init config 
27738      DEBUG main            d.u.i.k.p.i.AbstractProblemLoader Init config took 2.37s 
27758      INFO  main            d.u.i.k.p.i.AbstractProblemLoader Replaying proof empty_switch_null_catch.key.proof 
27793      DEBUG main            d.u.i.k.p.i.IntermediateProofReplayer Proof replay took 32.1ms 
27798      DEBUG main            d.u.i.k.p.r.p.TestFile    ... success: reloaded. 
27799      INFO  main            d.u.i.k.p.r.p.TestFile    Now processing file /home/runner/work/key/key/key.core/../key.ui/examples/standard_key/java_dl/switch/empty_switch_array_out_of_bounds.key 
27800      INFO  main            d.u.i.k.p.i.AbstractProblemLoader Loading environment from /home/runner/work/key/key/key.core/../key.ui/examples/standard_key/java_dl/switch/empty_switch_array_out_of_bounds.key 
27800      DEBUG main            d.u.i.k.p.i.AbstractProblemLoader Environment load took 193.9ns 
27801      INFO  main            d.u.i.k.p.i.AbstractProblemLoader Creating init config 
30208      DEBUG main            d.u.i.k.p.i.AbstractProblemLoader Init config took 2.41s 
30227      INFO  main            d.u.i.k.p.i.AbstractProblemLoader Replaying proof empty_switch_array_out_of_bounds.key 
30230      DEBUG main            d.u.i.k.p.i.IntermediateProofReplayer Proof replay took 7.2ns 
30435      INFO  main            d.u.i.k.p.r.p.TestFile    ... finished proof: closed. 
30598      INFO  main            d.u.i.k.p.i.AbstractProblemLoader Loading environment from /home/runner/work/key/key/key.core/../key.ui/examples/standard_key/java_dl/switch/empty_switch_array_out_of_bounds.key.proof 
30598      DEBUG main            d.u.i.k.p.i.AbstractProblemLoader Environment load took 375.11ns 
30599      INFO  main            d.u.i.k.p.i.AbstractProblemLoader Creating init config 
32964      DEBUG main            d.u.i.k.p.i.AbstractProblemLoader Init config took 2.36s 
32984      INFO  main            d.u.i.k.p.i.AbstractProblemLoader Replaying proof empty_switch_array_out_of_bounds.key.proof 
33049      DEBUG main            d.u.i.k.p.i.IntermediateProofReplayer Proof replay took 61.85ms 
33050      DEBUG main            d.u.i.k.p.r.p.TestFile    ... success: reloaded. 
33051      INFO  main            d.u.i.k.p.r.p.TestFile    Now processing file /home/runner/work/key/key/key.core/../key.ui/examples/standard_key/java_dl/switch/empty_switch_array_out_of_bounds_catch.key 
33052      INFO  main            d.u.i.k.p.i.AbstractProblemLoader Loading environment from /home/runner/work/key/key/key.core/../key.ui/examples/standard_key/java_dl/switch/empty_switch_array_out_of_bounds_catch.key 
33052      DEBUG main            d.u.i.k.p.i.AbstractProblemLoader Environment load took 181.9ns 
33053      INFO  main            d.u.i.k.p.i.AbstractProblemLoader Creating init config 
35453      DEBUG main            d.u.i.k.p.i.AbstractProblemLoader Init config took 2.4s 
35473      INFO  main            d.u.i.k.p.i.AbstractProblemLoader Replaying proof empty_switch_array_out_of_bounds_catch.key 
35476      DEBUG main            d.u.i.k.p.i.IntermediateProofReplayer Proof replay took 6.8ns 
35683      INFO  main            d.u.i.k.p.r.p.TestFile    ... finished proof: closed. 
35884      INFO  main            d.u.i.k.p.i.AbstractProblemLoader Loading environment from /home/runner/work/key/key/key.core/../key.ui/examples/standard_key/java_dl/switch/empty_switch_array_out_of_bounds_catch.key.proof 
35884      DEBUG main            d.u.i.k.p.i.AbstractProblemLoader Environment load took 128.6ns 
35885      INFO  main            d.u.i.k.p.i.AbstractProblemLoader Creating init config 
38220      DEBUG main            d.u.i.k.p.i.AbstractProblemLoader Init config took 2.34s 
38238      INFO  main            d.u.i.k.p.i.AbstractProblemLoader Replaying proof empty_switch_array_out_of_bounds_catch.key.proof 
38277      DEBUG main            d.u.i.k.p.i.IntermediateProofReplayer Proof replay took 35.38ms 
38278      DEBUG main            d.u.i.k.p.r.p.TestFile    ... success: reloaded. 
38279      INFO  main            d.u.i.k.p.r.p.TestFile    Now processing file /home/runner/work/key/key/key.core/../key.ui/examples/standard_key/java_dl/switch/switch_in_switch.key 
38279      INFO  main            d.u.i.k.p.i.AbstractProblemLoader Loading environment from /home/runner/work/key/key/key.core/../key.ui/examples/standard_key/java_dl/switch/switch_in_switch.key 
38279      DEBUG main            d.u.i.k.p.i.AbstractProblemLoader Environment load took 86.1ns 
38280      INFO  main            d.u.i.k.p.i.AbstractProblemLoader Creating init config 
40776      DEBUG main            d.u.i.k.p.i.AbstractProblemLoader Init config took 2.5s 
40823      INFO  main            d.u.i.k.p.i.AbstractProblemLoader Replaying proof SwitchInSwitch[SwitchInSwitch::m(int)].JML normal_behavior operation contract.0 
40824      DEBUG main            d.u.i.k.p.i.IntermediateProofReplayer Proof replay took 7.7ns 
45201      INFO  main            d.u.i.k.p.r.p.TestFile    ... finished proof: closed. 
45435      INFO  main            d.u.i.k.p.i.AbstractProblemLoader Loading environment from /home/runner/work/key/key/key.core/../key.ui/examples/standard_key/java_dl/switch/switch_in_switch.key.proof 
45435      DEBUG main            d.u.i.k.p.i.AbstractProblemLoader Environment load took 392.01ns 
45437      INFO  main            d.u.i.k.p.i.AbstractProblemLoader Creating init config 
47837      DEBUG main            d.u.i.k.p.i.AbstractProblemLoader Init config took 2.4s 
47876      INFO  main            d.u.i.k.p.i.AbstractProblemLoader Replaying proof SwitchInSwitch[SwitchInSwitch::m(int)].JML normal_behavior operation contract.0 
48363      DEBUG main            d.u.i.k.p.i.IntermediateProofReplayer Proof replay took 458.82ms 
48365      DEBUG main            d.u.i.k.p.r.p.TestFile    ... success: reloaded. 
48366      INFO  main            d.u.i.k.p.r.p.TestFile    Now processing file /home/runner/work/key/key/key.core/../key.ui/examples/standard_key/java_dl/switch/while_and_switch.key 
48367      INFO  main            d.u.i.k.p.i.AbstractProblemLoader Loading environment from /home/runner/work/key/key/key.core/../key.ui/examples/standard_key/java_dl/switch/while_and_switch.key 
48367      DEBUG main            d.u.i.k.p.i.AbstractProblemLoader Environment load took 225.5ns 
48368      INFO  main            d.u.i.k.p.i.AbstractProblemLoader Creating init config 
50808      DEBUG main            d.u.i.k.p.i.AbstractProblemLoader Init config took 2.44s 
50847      INFO  main            d.u.i.k.p.i.AbstractProblemLoader Replaying proof WhileAndSwitch[WhileAndSwitch::m(int)].JML normal_behavior operation contract.0 
50849      DEBUG main            d.u.i.k.p.i.IntermediateProofReplayer Proof replay took 7.2ns 
51563      INFO  main            d.u.i.k.p.r.p.TestFile    ... finished proof: closed. 
51764      INFO  main            d.u.i.k.p.i.AbstractProblemLoader Loading environment from /home/runner/work/key/key/key.core/../key.ui/examples/standard_key/java_dl/switch/while_and_switch.key.proof 
51767      DEBUG main            d.u.i.k.p.i.AbstractProblemLoader Environment load took 354.51ns 
51768      INFO  main            d.u.i.k.p.i.AbstractProblemLoader Creating init config 
54209      DEBUG main            d.u.i.k.p.i.AbstractProblemLoader Init config took 2.44s 
54257      INFO  main            d.u.i.k.p.i.AbstractProblemLoader Replaying proof WhileAndSwitch[WhileAndSwitch::m(int)].JML normal_behavior operation contract.0 
54422      DEBUG main            d.u.i.k.p.i.IntermediateProofReplayer Proof replay took 158.41ms 
54424      DEBUG main            d.u.i.k.p.r.p.TestFile    ... success: reloaded. 
54425      INFO  main            d.u.i.k.p.r.p.TestFile    Now processing file /home/runner/work/key/key/key.core/../key.ui/examples/standard_key/java_dl/switch/large_switch.key 
54425      INFO  main            d.u.i.k.p.i.AbstractProblemLoader Loading environment from /home/runner/work/key/key/key.core/../key.ui/examples/standard_key/java_dl/switch/large_switch.key 
54426      DEBUG main            d.u.i.k.p.i.AbstractProblemLoader Environment load took 179ns 
54426      INFO  main            d.u.i.k.p.i.AbstractProblemLoader Creating init config 
56836      DEBUG main            d.u.i.k.p.i.AbstractProblemLoader Init config took 2.41s 
56874      INFO  main            d.u.i.k.p.i.AbstractProblemLoader Replaying proof LargeSwitch[LargeSwitch::m(int)].JML normal_behavior operation contract.0 
56875      DEBUG main            d.u.i.k.p.i.IntermediateProofReplayer Proof replay took 6.8ns 
58184      INFO  main            d.u.i.k.p.r.p.TestFile    ... finished proof: closed. 
58399      INFO  main            d.u.i.k.p.i.AbstractProblemLoader Loading environment from /home/runner/work/key/key/key.core/../key.ui/examples/standard_key/java_dl/switch/large_switch.key.proof 
58402      DEBUG main            d.u.i.k.p.i.AbstractProblemLoader Environment load took 2.11ms 
58404      INFO  main            d.u.i.k.p.i.AbstractProblemLoader Creating init config 
60782      DEBUG main            d.u.i.k.p.i.AbstractProblemLoader Init config took 2.38s 
60819      INFO  main            d.u.i.k.p.i.AbstractProblemLoader Replaying proof LargeSwitch[LargeSwitch::m(int)].JML normal_behavior operation contract.0 
61135      DEBUG main            d.u.i.k.p.i.IntermediateProofReplayer Proof replay took 300.28ms 
61137      DEBUG main            d.u.i.k.p.r.p.TestFile    ... success: reloaded. 
5213900    INFO  Test worker     d.u.i.k.p.r.RunAllProofsTestUnit Returning from test switch 
5213901    INFO  Test worker     d.u.i.k.p.r.RunAllProofsTestUnit Running test redux 
353        INFO  Timeout watchdog d.u.i.k.p.r.p.ForkedTestFileRunner Timeout watcher launched (2000 secs.) 
360        WARN  main            d.u.i.k.s.ProofSettings   The settings in /home/runner/.key/proof-settings.props are *not* read. 
388        INFO  main            d.u.i.k.p.r.p.TestFile    Now processing file /home/runner/work/key/key/key.core/../key.ui/examples/redux/arrays/Arrays.copyOf.key 
497        INFO  main            d.u.i.k.p.i.AbstractProblemLoader Loading environment from /home/runner/work/key/key/key.core/../key.ui/examples/redux/arrays/Arrays.copyOf.key 
512        DEBUG main            d.u.i.k.p.i.AbstractProblemLoader Environment load took 1.84ms 
729        INFO  main            d.u.i.k.p.i.AbstractProblemLoader Creating init config 
1635       DEBUG main            d.u.i.k.j.TypeConverter   No LDT found for Meta 
1635       DEBUG main            d.u.i.k.j.TypeConverter   No LDT found for Meta 
1639       DEBUG main            d.u.i.k.j.TypeConverter   No LDT found for Meta 
1639       DEBUG main            d.u.i.k.j.TypeConverter   No LDT found for Meta 
2990       DEBUG main            d.u.i.k.j.TypeConverter   No LDT found for JavaBigintExpression 
8833       DEBUG main            d.u.i.k.p.i.AbstractProblemLoader Init config took 8.1s 
9008       INFO  main            d.u.i.k.p.i.AbstractProblemLoader Replaying proof Arrays[Arrays::copyOf([I,int)].JML normal_behavior operation contract.0 
9043       DEBUG main            d.u.i.k.p.i.IntermediateProofReplayer Proof replay took 35.1ns 
14396      INFO  main            d.u.i.k.p.r.p.TestFile    ... finished proof: closed. 
14572      INFO  main            d.u.i.k.p.i.AbstractProblemLoader Loading environment from /home/runner/work/key/key/key.core/../key.ui/examples/redux/arrays/Arrays.copyOf.key.proof 
14572      DEBUG main            d.u.i.k.p.i.AbstractProblemLoader Environment load took 390.11ns 
14575      INFO  main            d.u.i.k.p.i.AbstractProblemLoader Creating init config 
17971      DEBUG main            d.u.i.k.p.i.AbstractProblemLoader Init config took 3.4s 
18031      INFO  main            d.u.i.k.p.i.AbstractProblemLoader Replaying proof Arrays[Arrays::copyOf([I,int)].JML normal_behavior operation contract.0 
18680      DEBUG main            d.u.i.k.p.i.IntermediateProofReplayer Proof replay took 620.75ms 
18689      DEBUG main            d.u.i.k.p.r.p.TestFile    ... success: reloaded. 
18691      INFO  main            d.u.i.k.p.r.p.TestFile    Now processing file /home/runner/work/key/key/key.core/../key.ui/examples/redux/arrays/Arrays.copyOf.float.key 
18691      INFO  main            d.u.i.k.p.i.AbstractProblemLoader Loading environment from /home/runner/work/key/key/key.core/../key.ui/examples/redux/arrays/Arrays.copyOf.float.key 
18691      DEBUG main            d.u.i.k.p.i.AbstractProblemLoader Environment load took 115.3ns 
18695      INFO  main            d.u.i.k.p.i.AbstractProblemLoader Creating init config 
22043      DEBUG main            d.u.i.k.p.i.AbstractProblemLoader Init config took 3.35s 
22137      INFO  main            d.u.i.k.p.i.AbstractProblemLoader Replaying proof Arrays[Arrays::copyOf([F,int)].JML normal_behavior operation contract.0 
22140      DEBUG main            d.u.i.k.p.i.IntermediateProofReplayer Proof replay took 6.5ns 
22171      DEBUG main            d.u.i.k.m.s.ProofScriptEngine 1: 'macro autopilot' 
26909      DEBUG main            d.u.i.k.m.s.ProofScriptEngine 2: 'smt solver=Z3' 
26986      INFO  main            d.u.i.k.m.s.SMTCommand    Finished run on goal 17 in 47ms, result is valid 
26987      DEBUG main            d.u.i.k.m.s.ProofScriptEngine 3: 'tryclose' 
28850      INFO  main            d.u.i.k.p.r.p.TestFile    ... finished proof: closed. 
29108      INFO  main            d.u.i.k.p.i.AbstractProblemLoader Loading environment from /home/runner/work/key/key/key.core/../key.ui/examples/redux/arrays/Arrays.copyOf.float.key.proof 
29109      DEBUG main            d.u.i.k.p.i.AbstractProblemLoader Environment load took 396.91ns 
29115      INFO  main            d.u.i.k.p.i.AbstractProblemLoader Creating init config 
32269      DEBUG main            d.u.i.k.p.i.AbstractProblemLoader Init config took 3.15s 
32319      INFO  main            d.u.i.k.p.i.AbstractProblemLoader Replaying proof Arrays[Arrays::copyOf([F,int)].JML normal_behavior operation contract.0 
33097      DEBUG main            d.u.i.k.p.i.IntermediateProofReplayer Proof replay took 759.02ms 
33099      DEBUG main            d.u.i.k.p.r.p.TestFile    ... success: reloaded. 
33101      INFO  main            d.u.i.k.p.r.p.TestFile    Now processing file /home/runner/work/key/key/key.core/../key.ui/examples/redux/arrays/Arrays.copyOfRange.key 
33102      INFO  main            d.u.i.k.p.i.AbstractProblemLoader Loading environment from /home/runner/work/key/key/key.core/../key.ui/examples/redux/arrays/Arrays.copyOfRange.key 
33102      DEBUG main            d.u.i.k.p.i.AbstractProblemLoader Environment load took 198ns 
33104      INFO  main            d.u.i.k.p.i.AbstractProblemLoader Creating init config 
36352      DEBUG main            d.u.i.k.p.i.AbstractProblemLoader Init config took 3.25s 
36396      INFO  main            d.u.i.k.p.i.AbstractProblemLoader Replaying proof Arrays[Arrays::copyOfRange([I,int,int)].JML normal_behavior operation contract.0 
36397      DEBUG main            d.u.i.k.p.i.IntermediateProofReplayer Proof replay took 6.4ns 
41038      INFO  main            d.u.i.k.p.r.p.TestFile    ... finished proof: closed. 
41265      INFO  main            d.u.i.k.p.i.AbstractProblemLoader Loading environment from /home/runner/work/key/key/key.core/../key.ui/examples/redux/arrays/Arrays.copyOfRange.key.proof 
41266      DEBUG main            d.u.i.k.p.i.AbstractProblemLoader Environment load took 359.81ns 
41268      INFO  main            d.u.i.k.p.i.AbstractProblemLoader Creating init config 
44348      DEBUG main            d.u.i.k.p.i.AbstractProblemLoader Init config took 3.08s 
44392      INFO  main            d.u.i.k.p.i.AbstractProblemLoader Replaying proof Arrays[Arrays::copyOfRange([I,int,int)].JML normal_behavior operation contract.0 
44923      DEBUG main            d.u.i.k.p.i.IntermediateProofReplayer Proof replay took 511.29ms 
44925      DEBUG main            d.u.i.k.p.r.p.TestFile    ... success: reloaded. 
44926      INFO  main            d.u.i.k.p.r.p.TestFile    Now processing file /home/runner/work/key/key/key.core/../key.ui/examples/redux/arrays/Arrays.copyOfRange.float.key 
44926      INFO  main            d.u.i.k.p.i.AbstractProblemLoader Loading environment from /home/runner/work/key/key/key.core/../key.ui/examples/redux/arrays/Arrays.copyOfRange.float.key 
44926      DEBUG main            d.u.i.k.p.i.AbstractProblemLoader Environment load took 200.9ns 
44927      INFO  main            d.u.i.k.p.i.AbstractProblemLoader Creating init config 
48127      DEBUG main            d.u.i.k.p.i.AbstractProblemLoader Init config took 3.2s 
48188      INFO  main            d.u.i.k.p.i.AbstractProblemLoader Replaying proof Arrays[Arrays::copyOfRange([F,int,int)].JML normal_behavior operation contract.0 
48189      DEBUG main            d.u.i.k.p.i.IntermediateProofReplayer Proof replay took 6.3ns 
48190      DEBUG main            d.u.i.k.m.s.ProofScriptEngine 1: 'macro autopilot' 
54453      DEBUG main            d.u.i.k.m.s.ProofScriptEngine 2: 'smt solver=Z3' 
54518      INFO  main            d.u.i.k.m.s.SMTCommand    Finished run on goal 27 in 57ms, result is valid 
54519      DEBUG main            d.u.i.k.m.s.ProofScriptEngine 3: 'tryclose' 
58245      INFO  main            d.u.i.k.p.r.p.TestFile    ... finished proof: closed. 
58463      INFO  main            d.u.i.k.p.i.AbstractProblemLoader Loading environment from /home/runner/work/key/key/key.core/../key.ui/examples/redux/arrays/Arrays.copyOfRange.float.key.proof 
58463      DEBUG main            d.u.i.k.p.i.AbstractProblemLoader Environment load took 400.51ns 
58465      INFO  main            d.u.i.k.p.i.AbstractProblemLoader Creating init config 
61557      DEBUG main            d.u.i.k.p.i.AbstractProblemLoader Init config took 3.09s 
61599      INFO  main            d.u.i.k.p.i.AbstractProblemLoader Replaying proof Arrays[Arrays::copyOfRange([F,int,int)].JML normal_behavior operation contract.0 
62577      DEBUG main            d.u.i.k.p.i.IntermediateProofReplayer Proof replay took 953.37ms 
62580      DEBUG main            d.u.i.k.p.r.p.TestFile    ... success: reloaded. 
62581      INFO  main            d.u.i.k.p.r.p.TestFile    Now processing file /home/runner/work/key/key/key.core/../key.ui/examples/redux/arrays/Arrays.equals.key 
62581      INFO  main            d.u.i.k.p.i.AbstractProblemLoader Loading environment from /home/runner/work/key/key/key.core/../key.ui/examples/redux/arrays/Arrays.equals.key 
62581      DEBUG main            d.u.i.k.p.i.AbstractProblemLoader Environment load took 86.7ns 
62582      INFO  main            d.u.i.k.p.i.AbstractProblemLoader Creating init config 
65743      DEBUG main            d.u.i.k.p.i.AbstractProblemLoader Init config took 3.16s 
65785      INFO  main            d.u.i.k.p.i.AbstractProblemLoader Replaying proof Arrays[Arrays::equals([B,[B)].JML normal_behavior operation contract.0 
65786      DEBUG main            d.u.i.k.p.i.IntermediateProofReplayer Proof replay took 5.5ns 
66293      INFO  main            d.u.i.k.p.r.p.TestFile    ... finished proof: closed. 
66533      INFO  main            d.u.i.k.p.i.AbstractProblemLoader Loading environment from /home/runner/work/key/key/key.core/../key.ui/examples/redux/arrays/Arrays.equals.key.proof 
66533      DEBUG main            d.u.i.k.p.i.AbstractProblemLoader Environment load took 518.31ns 
66534      INFO  main            d.u.i.k.p.i.AbstractProblemLoader Creating init config 
69569      DEBUG main            d.u.i.k.p.i.AbstractProblemLoader Init config took 3.03s 
69609      INFO  main            d.u.i.k.p.i.AbstractProblemLoader Replaying proof Arrays[Arrays::equals([B,[B)].JML normal_behavior operation contract.0 
69782      DEBUG main            d.u.i.k.p.i.IntermediateProofReplayer Proof replay took 167.97ms 
69783      DEBUG main            d.u.i.k.p.r.p.TestFile    ... success: reloaded. 
69784      INFO  main            d.u.i.k.p.r.p.TestFile    Now processing file /home/runner/work/key/key/key.core/../key.ui/examples/redux/arrays/Arrays.fill.key 
69784      INFO  main            d.u.i.k.p.i.AbstractProblemLoader Loading environment from /home/runner/work/key/key/key.core/../key.ui/examples/redux/arrays/Arrays.fill.key 
69785      DEBUG main            d.u.i.k.p.i.AbstractProblemLoader Environment load took 174.6ns 
69786      INFO  main            d.u.i.k.p.i.AbstractProblemLoader Creating init config 
72844      DEBUG main            d.u.i.k.p.i.AbstractProblemLoader Init config took 3.06s 
72883      INFO  main            d.u.i.k.p.i.AbstractProblemLoader Replaying proof Arrays[Arrays::fill([I,int)].JML normal_behavior operation contract.0 
72884      DEBUG main            d.u.i.k.p.i.IntermediateProofReplayer Proof replay took 7.1ns 
73086      INFO  main            d.u.i.k.p.r.p.TestFile    ... finished proof: closed. 
73268      INFO  main            d.u.i.k.p.i.AbstractProblemLoader Loading environment from /home/runner/work/key/key/key.core/../key.ui/examples/redux/arrays/Arrays.fill.key.proof 
73268      DEBUG main            d.u.i.k.p.i.AbstractProblemLoader Environment load took 128.4ns 
73269      INFO  main            d.u.i.k.p.i.AbstractProblemLoader Creating init config 
76308      DEBUG main            d.u.i.k.p.i.AbstractProblemLoader Init config took 3.04s 
76345      INFO  main            d.u.i.k.p.i.AbstractProblemLoader Replaying proof Arrays[Arrays::fill([I,int)].JML normal_behavior operation contract.0 
76378      DEBUG main            d.u.i.k.p.i.IntermediateProofReplayer Proof replay took 31.06ms 
76379      DEBUG main            d.u.i.k.p.r.p.TestFile    ... success: reloaded. 
76380      INFO  main            d.u.i.k.p.r.p.TestFile    Now processing file /home/runner/work/key/key/key.core/../key.ui/examples/redux/arrays/Arrays.fill.float.key 
76380      INFO  main            d.u.i.k.p.i.AbstractProblemLoader Loading environment from /home/runner/work/key/key/key.core/../key.ui/examples/redux/arrays/Arrays.fill.float.key 
76380      DEBUG main            d.u.i.k.p.i.AbstractProblemLoader Environment load took 94.5ns 
76381      INFO  main            d.u.i.k.p.i.AbstractProblemLoader Creating init config 
79468      DEBUG main            d.u.i.k.p.i.AbstractProblemLoader Init config took 3.09s 
79505      INFO  main            d.u.i.k.p.i.AbstractProblemLoader Replaying proof Arrays[Arrays::fill([F,float)].JML normal_behavior operation contract.0 
79506      DEBUG main            d.u.i.k.p.i.IntermediateProofReplayer Proof replay took 6.6ns 
79712      INFO  main            d.u.i.k.p.r.p.TestFile    ... finished proof: closed. 
79887      INFO  main            d.u.i.k.p.i.AbstractProblemLoader Loading environment from /home/runner/work/key/key/key.core/../key.ui/examples/redux/arrays/Arrays.fill.float.key.proof 
79887      DEBUG main            d.u.i.k.p.i.AbstractProblemLoader Environment load took 133.5ns 
79888      INFO  main            d.u.i.k.p.i.AbstractProblemLoader Creating init config 
82975      DEBUG main            d.u.i.k.p.i.AbstractProblemLoader Init config took 3.09s 
83016      INFO  main            d.u.i.k.p.i.AbstractProblemLoader Replaying proof Arrays[Arrays::fill([F,float)].JML normal_behavior operation contract.0 
83061      DEBUG main            d.u.i.k.p.i.IntermediateProofReplayer Proof replay took 42.54ms 
83062      DEBUG main            d.u.i.k.p.r.p.TestFile    ... success: reloaded. 
83063      INFO  main            d.u.i.k.p.r.p.TestFile    Now processing file /home/runner/work/key/key/key.core/../key.ui/examples/redux/arrays/Arrays.fillFromTo.key 
83063      INFO  main            d.u.i.k.p.i.AbstractProblemLoader Loading environment from /home/runner/work/key/key/key.core/../key.ui/examples/redux/arrays/Arrays.fillFromTo.key 
83064      DEBUG main            d.u.i.k.p.i.AbstractProblemLoader Environment load took 245ns 
83065      INFO  main            d.u.i.k.p.i.AbstractProblemLoader Creating init config 
86167      DEBUG main            d.u.i.k.p.i.AbstractProblemLoader Init config took 3.1s 
86202      INFO  main            d.u.i.k.p.i.AbstractProblemLoader Replaying proof Arrays[Arrays::fill([I,int,int,int)].JML normal_behavior operation contract.0 
86204      DEBUG main            d.u.i.k.p.i.IntermediateProofReplayer Proof replay took 5.6ns 
86809      INFO  main            d.u.i.k.p.r.p.TestFile    ... finished proof: closed. 
87025      INFO  main            d.u.i.k.p.i.AbstractProblemLoader Loading environment from /home/runner/work/key/key/key.core/../key.ui/examples/redux/arrays/Arrays.fillFromTo.key.proof 
87025      DEBUG main            d.u.i.k.p.i.AbstractProblemLoader Environment load took 388.71ns 
87026      INFO  main            d.u.i.k.p.i.AbstractProblemLoader Creating init config 
90051      DEBUG main            d.u.i.k.p.i.AbstractProblemLoader Init config took 3.02s 
90086      INFO  main            d.u.i.k.p.i.AbstractProblemLoader Replaying proof Arrays[Arrays::fill([I,int,int,int)].JML normal_behavior operation contract.0 
90202      DEBUG main            d.u.i.k.p.i.IntermediateProofReplayer Proof replay took 111.94ms 
90203      DEBUG main            d.u.i.k.p.r.p.TestFile    ... success: reloaded. 
90204      INFO  main            d.u.i.k.p.r.p.TestFile    Now processing file /home/runner/work/key/key/key.core/../key.ui/examples/redux/arrays/Arrays.fillFromTo.float.key 
90204      INFO  main            d.u.i.k.p.i.AbstractProblemLoader Loading environment from /home/runner/work/key/key/key.core/../key.ui/examples/redux/arrays/Arrays.fillFromTo.float.key 
90205      DEBUG main            d.u.i.k.p.i.AbstractProblemLoader Environment load took 176.5ns 
90206      INFO  main            d.u.i.k.p.i.AbstractProblemLoader Creating init config 
93330      DEBUG main            d.u.i.k.p.i.AbstractProblemLoader Init config took 3.12s 
93365      INFO  main            d.u.i.k.p.i.AbstractProblemLoader Replaying proof Arrays[Arrays::fill([F,int,int,float)].JML normal_behavior operation contract.0 
93366      DEBUG main            d.u.i.k.p.i.IntermediateProofReplayer Proof replay took 5.9ns 
94072      INFO  main            d.u.i.k.p.r.p.TestFile    ... finished proof: closed. 
94271      INFO  main            d.u.i.k.p.i.AbstractProblemLoader Loading environment from /home/runner/work/key/key/key.core/../key.ui/examples/redux/arrays/Arrays.fillFromTo.float.key.proof 
94272      DEBUG main            d.u.i.k.p.i.AbstractProblemLoader Environment load took 356.2ns 
94273      INFO  main            d.u.i.k.p.i.AbstractProblemLoader Creating init config 
97277      DEBUG main            d.u.i.k.p.i.AbstractProblemLoader Init config took 3s 
97323      INFO  main            d.u.i.k.p.i.AbstractProblemLoader Replaying proof Arrays[Arrays::fill([F,int,int,float)].JML normal_behavior operation contract.0 
97464      DEBUG main            d.u.i.k.p.i.IntermediateProofReplayer Proof replay took 136.86ms 
97465      DEBUG main            d.u.i.k.p.r.p.TestFile    ... success: reloaded. 
97466      INFO  main            d.u.i.k.p.r.p.TestFile    Now processing file /home/runner/work/key/key/key.core/../key.ui/examples/redux/arrays/ArrayCopy.arraycopy.normal.0.key 
97466      INFO  main            d.u.i.k.p.i.AbstractProblemLoader Loading environment from /home/runner/work/key/key/key.core/../key.ui/examples/redux/arrays/ArrayCopy.arraycopy.normal.0.key 
97467      DEBUG main            d.u.i.k.p.i.AbstractProblemLoader Environment load took 91.7ns 
97467      INFO  main            d.u.i.k.p.i.AbstractProblemLoader Creating init config 
100554     DEBUG main            d.u.i.k.p.i.AbstractProblemLoader Init config took 3.09s 
100588     INFO  main            d.u.i.k.p.i.AbstractProblemLoader Replaying proof ArrayCopy[ArrayCopy::arraycopy(java.lang.Object,int,java.lang.Object,int,int)].JML normal_behavior operation contract.0 
100589     DEBUG main            d.u.i.k.p.i.IntermediateProofReplayer Proof replay took 6.2ns 
107053     INFO  main            d.u.i.k.p.r.p.TestFile    ... finished proof: closed. 
107275     INFO  main            d.u.i.k.p.i.AbstractProblemLoader Loading environment from /home/runner/work/key/key/key.core/../key.ui/examples/redux/arrays/ArrayCopy.arraycopy.normal.0.key.proof 
107276     DEBUG main            d.u.i.k.p.i.AbstractProblemLoader Environment load took 371.91ns 
107278     INFO  main            d.u.i.k.p.i.AbstractProblemLoader Creating init config 
110313     DEBUG main            d.u.i.k.p.i.AbstractProblemLoader Init config took 3.03s 
110348     INFO  main            d.u.i.k.p.i.AbstractProblemLoader Replaying proof ArrayCopy[ArrayCopy::arraycopy(java.lang.Object,int,java.lang.Object,int,int)].JML normal_behavior operation contract.0 
111276     DEBUG main            d.u.i.k.p.i.IntermediateProofReplayer Proof replay took 910.97ms 
111278     DEBUG main            d.u.i.k.p.r.p.TestFile    ... success: reloaded. 
111279     INFO  main            d.u.i.k.p.r.p.TestFile    Now processing file /home/runner/work/key/key/key.core/../key.ui/examples/redux/arrays/ArrayCopy.arraycopy.exceptional.0.key 
111279     INFO  main            d.u.i.k.p.i.AbstractProblemLoader Loading environment from /home/runner/work/key/key/key.core/../key.ui/examples/redux/arrays/ArrayCopy.arraycopy.exceptional.0.key 
111279     DEBUG main            d.u.i.k.p.i.AbstractProblemLoader Environment load took 191.9ns 
111280     INFO  main            d.u.i.k.p.i.AbstractProblemLoader Creating init config 
114370     DEBUG main            d.u.i.k.p.i.AbstractProblemLoader Init config took 3.09s 
114403     INFO  main            d.u.i.k.p.i.AbstractProblemLoader Replaying proof ArrayCopy[ArrayCopy::arraycopy(java.lang.Object,int,java.lang.Object,int,int)].JML exceptional_behavior operation contract.0 
114404     DEBUG main            d.u.i.k.p.i.IntermediateProofReplayer Proof replay took 7.1ns 
114808     INFO  main            d.u.i.k.p.r.p.TestFile    ... finished proof: closed. 
115017     INFO  main            d.u.i.k.p.i.AbstractProblemLoader Loading environment from /home/runner/work/key/key/key.core/../key.ui/examples/redux/arrays/ArrayCopy.arraycopy.exceptional.0.key.proof 
115017     DEBUG main            d.u.i.k.p.i.AbstractProblemLoader Environment load took 127.8ns 
115019     INFO  main            d.u.i.k.p.i.AbstractProblemLoader Creating init config 
118077     DEBUG main            d.u.i.k.p.i.AbstractProblemLoader Init config took 3.06s 
118113     INFO  main            d.u.i.k.p.i.AbstractProblemLoader Replaying proof ArrayCopy[ArrayCopy::arraycopy(java.lang.Object,int,java.lang.Object,int,int)].JML exceptional_behavior operation contract.0 
118228     DEBUG main            d.u.i.k.p.i.IntermediateProofReplayer Proof replay took 109.53ms 
118229     DEBUG main            d.u.i.k.p.r.p.TestFile    ... success: reloaded. 
118230     INFO  main            d.u.i.k.p.r.p.TestFile    Now processing file /home/runner/work/key/key/key.core/../key.ui/examples/redux/arrays/ArrayCopy.arraycopy.exceptional.1.key 
118230     INFO  main            d.u.i.k.p.i.AbstractProblemLoader Loading environment from /home/runner/work/key/key/key.core/../key.ui/examples/redux/arrays/ArrayCopy.arraycopy.exceptional.1.key 
118230     DEBUG main            d.u.i.k.p.i.AbstractProblemLoader Environment load took 213.9ns 
118231     INFO  main            d.u.i.k.p.i.AbstractProblemLoader Creating init config 
121244     DEBUG main            d.u.i.k.p.i.AbstractProblemLoader Init config took 3.01s 
121296     INFO  main            d.u.i.k.p.i.AbstractProblemLoader Replaying proof ArrayCopy[ArrayCopy::arraycopy(java.lang.Object,int,java.lang.Object,int,int)].JML exceptional_behavior operation contract.1 
121297     DEBUG main            d.u.i.k.p.i.IntermediateProofReplayer Proof replay took 6.8ns 
127537     INFO  main            d.u.i.k.p.r.p.TestFile    ... finished proof: closed. 
127778     INFO  main            d.u.i.k.p.i.AbstractProblemLoader Loading environment from /home/runner/work/key/key/key.core/../key.ui/examples/redux/arrays/ArrayCopy.arraycopy.exceptional.1.key.proof 
127779     DEBUG main            d.u.i.k.p.i.AbstractProblemLoader Environment load took 389.31ns 
127781     INFO  main            d.u.i.k.p.i.AbstractProblemLoader Creating init config 
130819     DEBUG main            d.u.i.k.p.i.AbstractProblemLoader Init config took 3.04s 
130853     INFO  main            d.u.i.k.p.i.AbstractProblemLoader Replaying proof ArrayCopy[ArrayCopy::arraycopy(java.lang.Object,int,java.lang.Object,int,int)].JML exceptional_behavior operation contract.1 
132441     DEBUG main            d.u.i.k.p.i.IntermediateProofReplayer Proof replay took 1.56s 
132443     DEBUG main            d.u.i.k.p.r.p.TestFile    ... success: reloaded. 
5346514    INFO  Test worker     d.u.i.k.p.r.RunAllProofsTestUnit Returning from test redux 
]]></system-out>
  <system-err><![CDATA[]]></system-err>
</testsuite>
