<?xml version="1.0" encoding="UTF-8"?>
<testsuite name="de.uka.ilkd.key.proof.TestGoal" tests="2" skipped="0" failures="0" errors="0" timestamp="2023-03-08T12:57:42" hostname="fv-az440-648" time="0.007">
  <properties/>
  <testcase name="testSetBack0()" classname="de.uka.ilkd.key.proof.TestGoal" time="0.005"/>
  <testcase name="testSetBack1()" classname="de.uka.ilkd.key.proof.TestGoal" time="0.002"/>
  <system-out><![CDATA[]]></system-out>
  <system-err><![CDATA[]]></system-err>
</testsuite>
