<?xml version="1.0" encoding="UTF-8"?>
<testsuite name="de.uka.ilkd.key.smt.TestSMTFocusResults" tests="2" skipped="0" failures="0" errors="0" timestamp="2023-06-10T11:49:29" hostname="fv-az507-224" time="0.01">
  <properties/>
  <testcase name="parsesZ3Format()" classname="de.uka.ilkd.key.smt.TestSMTFocusResults" time="0.005"/>
  <testcase name="parsesCvc5Format()" classname="de.uka.ilkd.key.smt.TestSMTFocusResults" time="0.001"/>
  <system-out><![CDATA[]]></system-out>
  <system-err><![CDATA[]]></system-err>
</testsuite>
