<?xml version="1.0" encoding="UTF-8"?>
<testsuite name="de.uka.ilkd.key.macros.scripts.SMTCommandTest" tests="1" skipped="0" failures="0" errors="0" timestamp="2023-06-10T11:48:05" hostname="fv-az507-224" time="0.038">
  <properties/>
  <testcase name="testInstantiation()" classname="de.uka.ilkd.key.macros.scripts.SMTCommandTest" time="0.038"/>
  <system-out><![CDATA[]]></system-out>
  <system-err><![CDATA[]]></system-err>
</testsuite>
