<?xml version="1.0" encoding="UTF-8"?>
<testsuite name="de.uka.ilkd.key.logic.TestVariableNamer" tests="3" skipped="0" failures="0" errors="0" timestamp="2023-06-10T11:48:03" hostname="fv-az507-224" time="0.012">
  <properties/>
  <testcase name="testInnerRename()" classname="de.uka.ilkd.key.logic.TestVariableNamer" time="0.005"/>
  <testcase name="testNameProposals()" classname="de.uka.ilkd.key.logic.TestVariableNamer" time="0.001"/>
  <testcase name="testInnerRenameUniqueness()" classname="de.uka.ilkd.key.logic.TestVariableNamer" time="0.001"/>
  <system-out><![CDATA[]]></system-out>
  <system-err><![CDATA[]]></system-err>
</testsuite>
