<?xml version="1.0" encoding="UTF-8"?>
<testsuite name="de.uka.ilkd.key.java.visitor.TestDeclarationProgramVariableCollector" tests="1" skipped="0" failures="0" errors="0" timestamp="2023-06-10T11:47:32" hostname="fv-az507-224" time="0.106">
  <properties/>
  <testcase name="testVisitor()" classname="de.uka.ilkd.key.java.visitor.TestDeclarationProgramVariableCollector" time="0.106"/>
  <system-out><![CDATA[]]></system-out>
  <system-err><![CDATA[]]></system-err>
</testsuite>
