<?xml version="1.0" encoding="UTF-8"?>
<testsuite name="de.uka.ilkd.key.proof.TestTermTacletAppIndex" tests="2" skipped="0" failures="0" errors="0" timestamp="2023-06-10T11:48:51" hostname="fv-az507-224" time="0.019">
  <properties/>
  <testcase name="testIndex0()" classname="de.uka.ilkd.key.proof.TestTermTacletAppIndex" time="0.005"/>
  <testcase name="testIndex0WithCache()" classname="de.uka.ilkd.key.proof.TestTermTacletAppIndex" time="0.014"/>
  <system-out><![CDATA[]]></system-out>
  <system-err><![CDATA[]]></system-err>
</testsuite>
