<?xml version="1.0" encoding="UTF-8"?>
<testsuite name="de.uka.ilkd.key.logic.TestClashFreeSubst" tests="14" skipped="0" failures="14" errors="0" timestamp="2023-06-10T11:47:33" hostname="fv-az507-224" time="10.629">
  <properties/>
  <testcase name="testMultiShareBound()" classname="de.uka.ilkd.key.logic.TestClashFreeSubst" time="0.001">
    <failure message="java.lang.NullPointerException: Cannot invoke &quot;de.uka.ilkd.key.java.JavaService.getProgramFactory()&quot; because &quot;this.javaService&quot; is null" type="java.lang.NullPointerException">java.lang.NullPointerException: Cannot invoke &quot;de.uka.ilkd.key.java.JavaService.getProgramFactory()&quot; because &quot;this.javaService&quot; is null
	at de.uka.ilkd.key.java.KeYProgModelInfo.isPackage(KeYProgModelInfo.java:213)
	at de.uka.ilkd.key.java.JavaInfo.isPackage(JavaInfo.java:221)
	at de.uka.ilkd.key.speclang.translation.SLExpressionResolver.trimPackageRef(SLExpressionResolver.java:43)
	at de.uka.ilkd.key.speclang.translation.SLExpressionResolver.areInSamePackage(SLExpressionResolver.java:62)
	at de.uka.ilkd.key.speclang.translation.SLExpressionResolver.isVisibleHelper(SLExpressionResolver.java:103)
	at de.uka.ilkd.key.speclang.translation.SLExpressionResolver.isVisible(SLExpressionResolver.java:114)
	at de.uka.ilkd.key.speclang.translation.SLAttributeResolver.lookupVisibleAttribute(SLAttributeResolver.java:37)
	at de.uka.ilkd.key.speclang.translation.SLAttributeResolver.doResolving(SLAttributeResolver.java:94)
	at de.uka.ilkd.key.speclang.translation.SLExpressionResolver.resolve(SLExpressionResolver.java:149)
	at de.uka.ilkd.key.speclang.translation.SLResolverManager.resolveExplicit(SLResolverManager.java:137)
	at de.uka.ilkd.key.speclang.translation.SLResolverManager.resolveImplicit(SLResolverManager.java:112)
	at de.uka.ilkd.key.speclang.translation.SLResolverManager.resolveIt(SLResolverManager.java:159)
	at de.uka.ilkd.key.speclang.translation.SLResolverManager.resolve(SLResolverManager.java:195)
	at de.uka.ilkd.key.speclang.njml.Translator.lookupIdentifier(Translator.java:924)
	at de.uka.ilkd.key.speclang.njml.Translator.visitIdent(Translator.java:882)
	at de.uka.ilkd.key.speclang.njml.JmlParser$IdentContext.accept(JmlParser.java:8637)
	at org.antlr.v4.runtime.tree.AbstractParseTreeVisitor.visitChildren(AbstractParseTreeVisitor.java:46)
	at de.uka.ilkd.key.speclang.njml.JmlParserBaseVisitor.visitPrimaryexpr(JmlParserBaseVisitor.java:724)
	at de.uka.ilkd.key.speclang.njml.JmlParser$PrimaryexprContext.accept(JmlParser.java:8399)
	at de.uka.ilkd.key.speclang.njml.Translator.accept(Translator.java:128)
	at de.uka.ilkd.key.speclang.njml.Translator.visitPostfixexpr(Translator.java:854)
	at de.uka.ilkd.key.speclang.njml.Translator.visitPostfixexpr(Translator.java:63)
	at de.uka.ilkd.key.speclang.njml.JmlParser$PostfixexprContext.accept(JmlParser.java:8315)
	at de.uka.ilkd.key.speclang.njml.Translator.accept(Translator.java:128)
	at de.uka.ilkd.key.speclang.njml.Translator.visitUnaryexprnotplusminus(Translator.java:840)
	at de.uka.ilkd.key.speclang.njml.JmlParser$UnaryexprnotplusminusContext.accept(JmlParser.java:8146)
	at de.uka.ilkd.key.speclang.njml.Translator.accept(Translator.java:128)
	at de.uka.ilkd.key.speclang.njml.Translator.oneOf(Translator.java:147)
	at de.uka.ilkd.key.speclang.njml.Translator.visitUnaryexpr(Translator.java:800)
	at de.uka.ilkd.key.speclang.njml.Translator.visitUnaryexpr(Translator.java:63)
	at de.uka.ilkd.key.speclang.njml.JmlParser$UnaryexprContext.accept(JmlParser.java:8002)
	at de.uka.ilkd.key.speclang.njml.Translator.accept(Translator.java:128)
	at de.uka.ilkd.key.speclang.njml.Translator.lambda$mapOf$0(Translator.java:133)
	at java.base/java.util.stream.ReferencePipeline$3$1.accept(ReferencePipeline.java:197)
	at java.base/java.util.ArrayList$ArrayListSpliterator.forEachRemaining(ArrayList.java:1625)
	at java.base/java.util.stream.AbstractPipeline.copyInto(AbstractPipeline.java:509)
	at java.base/java.util.stream.AbstractPipeline.wrapAndCopyInto(AbstractPipeline.java:499)
	at java.base/java.util.stream.ReduceOps$ReduceOp.evaluateSequential(ReduceOps.java:921)
	at java.base/java.util.stream.AbstractPipeline.evaluate(AbstractPipeline.java:234)
	at java.base/java.util.stream.ReferencePipeline.collect(ReferencePipeline.java:682)
	at de.uka.ilkd.key.speclang.njml.Translator.mapOf(Translator.java:133)
	at de.uka.ilkd.key.speclang.njml.Translator.visitMultexpr(Translator.java:737)
	at de.uka.ilkd.key.speclang.njml.JmlParser$MultexprContext.accept(JmlParser.java:7921)
	at de.uka.ilkd.key.speclang.njml.Translator.accept(Translator.java:128)
	at de.uka.ilkd.key.speclang.njml.Translator.lambda$mapOf$0(Translator.java:133)
	at java.base/java.util.stream.ReferencePipeline$3$1.accept(ReferencePipeline.java:197)
	at java.base/java.util.ArrayList$ArrayListSpliterator.forEachRemaining(ArrayList.java:1625)
	at java.base/java.util.stream.AbstractPipeline.copyInto(AbstractPipeline.java:509)
	at java.base/java.util.stream.AbstractPipeline.wrapAndCopyInto(AbstractPipeline.java:499)
	at java.base/java.util.stream.ReduceOps$ReduceOp.evaluateSequential(ReduceOps.java:921)
	at java.base/java.util.stream.AbstractPipeline.evaluate(AbstractPipeline.java:234)
	at java.base/java.util.stream.ReferencePipeline.collect(ReferencePipeline.java:682)
	at de.uka.ilkd.key.speclang.njml.Translator.mapOf(Translator.java:133)
	at de.uka.ilkd.key.speclang.njml.Translator.visitAdditiveexpr(Translator.java:720)
	at de.uka.ilkd.key.speclang.njml.JmlParser$AdditiveexprContext.accept(JmlParser.java:7829)
	at de.uka.ilkd.key.speclang.njml.Translator.accept(Translator.java:128)
	at de.uka.ilkd.key.speclang.njml.Translator.lambda$mapOf$0(Translator.java:133)
	at java.base/java.util.stream.ReferencePipeline$3$1.accept(ReferencePipeline.java:197)
	at java.base/java.util.ArrayList$ArrayListSpliterator.forEachRemaining(ArrayList.java:1625)
	at java.base/java.util.stream.AbstractPipeline.copyInto(AbstractPipeline.java:509)
	at java.base/java.util.stream.AbstractPipeline.wrapAndCopyInto(AbstractPipeline.java:499)
	at java.base/java.util.stream.ReduceOps$ReduceOp.evaluateSequential(ReduceOps.java:921)
	at java.base/java.util.stream.AbstractPipeline.evaluate(AbstractPipeline.java:234)
	at java.base/java.util.stream.ReferencePipeline.collect(ReferencePipeline.java:682)
	at de.uka.ilkd.key.speclang.njml.Translator.mapOf(Translator.java:133)
	at de.uka.ilkd.key.speclang.njml.Translator.visitShiftexpr(Translator.java:703)
	at de.uka.ilkd.key.speclang.njml.JmlParser$ShiftexprContext.accept(JmlParser.java:7742)
	at de.uka.ilkd.key.speclang.njml.Translator.accept(Translator.java:128)
	at de.uka.ilkd.key.speclang.njml.Translator.oneOf(Translator.java:147)
	at de.uka.ilkd.key.speclang.njml.Translator.visitRelationalexpr(Translator.java:494)
	at de.uka.ilkd.key.speclang.njml.JmlParser$RelationalexprContext.accept(JmlParser.java:7344)
	at de.uka.ilkd.key.speclang.njml.Translator.accept(Translator.java:128)
	at de.uka.ilkd.key.speclang.njml.Translator.lambda$mapOf$0(Translator.java:133)
	at java.base/java.util.stream.ReferencePipeline$3$1.accept(ReferencePipeline.java:197)
	at java.base/java.util.ArrayList$ArrayListSpliterator.forEachRemaining(ArrayList.java:1625)
	at java.base/java.util.stream.AbstractPipeline.copyInto(AbstractPipeline.java:509)
	at java.base/java.util.stream.AbstractPipeline.wrapAndCopyInto(AbstractPipeline.java:499)
	at java.base/java.util.stream.ReduceOps$ReduceOp.evaluateSequential(ReduceOps.java:921)
	at java.base/java.util.stream.AbstractPipeline.evaluate(AbstractPipeline.java:234)
	at java.base/java.util.stream.ReferencePipeline.collect(ReferencePipeline.java:682)
	at de.uka.ilkd.key.speclang.njml.Translator.mapOf(Translator.java:133)
	at de.uka.ilkd.key.speclang.njml.Translator.visitEqualityexpr(Translator.java:562)
	at de.uka.ilkd.key.speclang.njml.Translator.visitEqualityexpr(Translator.java:63)
	at de.uka.ilkd.key.speclang.njml.JmlParser$EqualityexprContext.accept(JmlParser.java:7270)
	at de.uka.ilkd.key.speclang.njml.Translator.accept(Translator.java:128)
	at de.uka.ilkd.key.speclang.njml.Translator.visitAndexpr(Translator.java:544)
	at de.uka.ilkd.key.speclang.njml.JmlParser$AndexprContext.accept(JmlParser.java:7201)
	at de.uka.ilkd.key.speclang.njml.Translator.accept(Translator.java:128)
	at de.uka.ilkd.key.speclang.njml.Translator.visitExclusiveorexpr(Translator.java:529)
	at de.uka.ilkd.key.speclang.njml.JmlParser$ExclusiveorexprContext.accept(JmlParser.java:7132)
	at de.uka.ilkd.key.speclang.njml.Translator.accept(Translator.java:128)
	at de.uka.ilkd.key.speclang.njml.Translator.visitInclusiveorexpr(Translator.java:514)
	at de.uka.ilkd.key.speclang.njml.JmlParser$InclusiveorexprContext.accept(JmlParser.java:7063)
	at de.uka.ilkd.key.speclang.njml.Translator.accept(Translator.java:128)
	at de.uka.ilkd.key.speclang.njml.Translator.visitLogicalandexpr(Translator.java:501)
	at de.uka.ilkd.key.speclang.njml.JmlParser$LogicalandexprContext.accept(JmlParser.java:6994)
	at de.uka.ilkd.key.speclang.njml.Translator.accept(Translator.java:128)
	at de.uka.ilkd.key.speclang.njml.Translator.visitLogicalorexpr(Translator.java:482)
	at de.uka.ilkd.key.speclang.njml.Translator.visitLogicalorexpr(Translator.java:63)
	at de.uka.ilkd.key.speclang.njml.JmlParser$LogicalorexprContext.accept(JmlParser.java:6925)
	at de.uka.ilkd.key.speclang.njml.Translator.accept(Translator.java:128)
	at de.uka.ilkd.key.speclang.njml.Translator.visitImpliesexpr(Translator.java:446)
	at de.uka.ilkd.key.speclang.njml.JmlParser$ImpliesexprContext.accept(JmlParser.java:6662)
	at de.uka.ilkd.key.speclang.njml.Translator.accept(Translator.java:128)
	at de.uka.ilkd.key.speclang.njml.Translator.lambda$mapOf$0(Translator.java:133)
	at java.base/java.util.stream.ReferencePipeline$3$1.accept(ReferencePipeline.java:197)
	at java.base/java.util.ArrayList$ArrayListSpliterator.forEachRemaining(ArrayList.java:1625)
	at java.base/java.util.stream.AbstractPipeline.copyInto(AbstractPipeline.java:509)
	at java.base/java.util.stream.AbstractPipeline.wrapAndCopyInto(AbstractPipeline.java:499)
	at java.base/java.util.stream.ReduceOps$ReduceOp.evaluateSequential(ReduceOps.java:921)
	at java.base/java.util.stream.AbstractPipeline.evaluate(AbstractPipeline.java:234)
	at java.base/java.util.stream.ReferencePipeline.collect(ReferencePipeline.java:682)
	at de.uka.ilkd.key.speclang.njml.Translator.mapOf(Translator.java:133)
	at de.uka.ilkd.key.speclang.njml.Translator.visitEquivalenceexpr(Translator.java:426)
	at de.uka.ilkd.key.speclang.njml.JmlParser$EquivalenceexprContext.accept(JmlParser.java:6585)
	at de.uka.ilkd.key.speclang.njml.Translator.accept(Translator.java:128)
	at de.uka.ilkd.key.speclang.njml.Translator.visitConditionalexpr(Translator.java:412)
	at de.uka.ilkd.key.speclang.njml.Translator.visitConditionalexpr(Translator.java:63)
	at de.uka.ilkd.key.speclang.njml.JmlParser$ConditionalexprContext.accept(JmlParser.java:6516)
	at de.uka.ilkd.key.speclang.njml.Translator.accept(Translator.java:128)
	at de.uka.ilkd.key.speclang.njml.Translator.visitExpression(Translator.java:402)
	at de.uka.ilkd.key.speclang.njml.Translator.visitExpression(Translator.java:63)
	at de.uka.ilkd.key.speclang.njml.JmlParser$ExpressionContext.accept(JmlParser.java:6463)
	at de.uka.ilkd.key.speclang.njml.JmlIO.interpret(JmlIO.java:178)
	at de.uka.ilkd.key.speclang.njml.JmlIO.translateTerm(JmlIO.java:188)
	at de.uka.ilkd.key.speclang.njml.JmlIO.translateTerm(JmlIO.java:201)
	at de.uka.ilkd.key.speclang.jml.translation.JMLSpecFactory.createJMLClassInvariant(JMLSpecFactory.java:957)
	at de.uka.ilkd.key.speclang.jml.JMLSpecExtractor.extractClassSpecs(JMLSpecExtractor.java:250)
	at de.uka.ilkd.key.speclang.SLEnvInput.createSpecs(SLEnvInput.java:284)
	at de.uka.ilkd.key.speclang.SLEnvInput.read(SLEnvInput.java:351)
	at de.uka.ilkd.key.proof.init.KeYUserProblemFile.read(KeYUserProblemFile.java:111)
	at de.uka.ilkd.key.proof.init.ProblemInitializer.readEnvInput(ProblemInitializer.java:323)
	at de.uka.ilkd.key.proof.init.ProblemInitializer.prepare(ProblemInitializer.java:561)
	at de.uka.ilkd.key.proof.init.ProblemInitializer.prepare(ProblemInitializer.java:471)
	at de.uka.ilkd.key.proof.init.ProblemInitializer.startProver(ProblemInitializer.java:607)
	at de.uka.ilkd.key.util.HelperClassForTests.parse(HelperClassForTests.java:78)
	at de.uka.ilkd.key.util.HelperClassForTests.parse(HelperClassForTests.java:66)
	at de.uka.ilkd.key.util.HelperClassForTests.createServices(HelperClassForTests.java:303)
	at de.uka.ilkd.key.parser.AbstractTestTermParser.getServices(AbstractTestTermParser.java:173)
	at de.uka.ilkd.key.parser.AbstractTestTermParser.&lt;init&gt;(AbstractTestTermParser.java:35)
	at de.uka.ilkd.key.logic.TestClashFreeSubst.&lt;init&gt;(TestClashFreeSubst.java:24)
	at java.base/jdk.internal.reflect.NativeConstructorAccessorImpl.newInstance0(Native Method)
	at java.base/jdk.internal.reflect.NativeConstructorAccessorImpl.newInstance(NativeConstructorAccessorImpl.java:77)
	at java.base/jdk.internal.reflect.DelegatingConstructorAccessorImpl.newInstance(DelegatingConstructorAccessorImpl.java:45)
	at java.base/java.lang.reflect.Constructor.newInstanceWithCaller(Constructor.java:499)
	at java.base/java.lang.reflect.Constructor.newInstance(Constructor.java:480)
	at org.junit.platform.commons.util.ReflectionUtils.newInstance(ReflectionUtils.java:552)
	at org.junit.jupiter.engine.execution.ConstructorInvocation.proceed(ConstructorInvocation.java:56)
	at org.junit.jupiter.engine.execution.InvocationInterceptorChain$ValidatingInvocation.proceed(InvocationInterceptorChain.java:131)
	at org.junit.jupiter.api.extension.InvocationInterceptor.interceptTestClassConstructor(InvocationInterceptor.java:73)
	at org.junit.jupiter.engine.execution.InterceptingExecutableInvoker.lambda$invoke$0(InterceptingExecutableInvoker.java:93)
	at org.junit.jupiter.engine.execution.InvocationInterceptorChain$InterceptedInvocation.proceed(InvocationInterceptorChain.java:106)
	at org.junit.jupiter.engine.execution.InvocationInterceptorChain.proceed(InvocationInterceptorChain.java:64)
	at org.junit.jupiter.engine.execution.InvocationInterceptorChain.chainAndInvoke(InvocationInterceptorChain.java:45)
	at org.junit.jupiter.engine.execution.InvocationInterceptorChain.invoke(InvocationInterceptorChain.java:37)
	at org.junit.jupiter.engine.execution.InterceptingExecutableInvoker.invoke(InterceptingExecutableInvoker.java:92)
	at org.junit.jupiter.engine.execution.InterceptingExecutableInvoker.invoke(InterceptingExecutableInvoker.java:62)
	at org.junit.jupiter.engine.descriptor.ClassBasedTestDescriptor.invokeTestClassConstructor(ClassBasedTestDescriptor.java:363)
	at org.junit.jupiter.engine.descriptor.ClassBasedTestDescriptor.instantiateTestClass(ClassBasedTestDescriptor.java:310)
	at org.junit.jupiter.engine.descriptor.ClassTestDescriptor.instantiateTestClass(ClassTestDescriptor.java:79)
	at org.junit.jupiter.engine.descriptor.ClassBasedTestDescriptor.instantiateAndPostProcessTestInstance(ClassBasedTestDescriptor.java:286)
	at org.junit.jupiter.engine.descriptor.ClassBasedTestDescriptor.lambda$testInstancesProvider$4(ClassBasedTestDescriptor.java:278)
	at java.base/java.util.Optional.orElseGet(Optional.java:364)
	at org.junit.jupiter.engine.descriptor.ClassBasedTestDescriptor.lambda$testInstancesProvider$5(ClassBasedTestDescriptor.java:277)
	at org.junit.jupiter.engine.execution.TestInstancesProvider.getTestInstances(TestInstancesProvider.java:31)
	at org.junit.jupiter.engine.descriptor.TestMethodTestDescriptor.lambda$prepare$0(TestMethodTestDescriptor.java:105)
	at org.junit.platform.engine.support.hierarchical.ThrowableCollector.execute(ThrowableCollector.java:73)
	at org.junit.jupiter.engine.descriptor.TestMethodTestDescriptor.prepare(TestMethodTestDescriptor.java:104)
	at org.junit.jupiter.engine.descriptor.TestMethodTestDescriptor.prepare(TestMethodTestDescriptor.java:68)
	at org.junit.platform.engine.support.hierarchical.NodeTestTask.lambda$prepare$2(NodeTestTask.java:123)
	at org.junit.platform.engine.support.hierarchical.ThrowableCollector.execute(ThrowableCollector.java:73)
	at org.junit.platform.engine.support.hierarchical.NodeTestTask.prepare(NodeTestTask.java:123)
	at org.junit.platform.engine.support.hierarchical.NodeTestTask.execute(NodeTestTask.java:90)
	at java.base/java.util.ArrayList.forEach(ArrayList.java:1511)
	at org.junit.platform.engine.support.hierarchical.SameThreadHierarchicalTestExecutorService.invokeAll(SameThreadHierarchicalTestExecutorService.java:41)
	at org.junit.platform.engine.support.hierarchical.NodeTestTask.lambda$executeRecursively$6(NodeTestTask.java:155)
	at org.junit.platform.engine.support.hierarchical.ThrowableCollector.execute(ThrowableCollector.java:73)
	at org.junit.platform.engine.support.hierarchical.NodeTestTask.lambda$executeRecursively$8(NodeTestTask.java:141)
	at org.junit.platform.engine.support.hierarchical.Node.around(Node.java:137)
	at org.junit.platform.engine.support.hierarchical.NodeTestTask.lambda$executeRecursively$9(NodeTestTask.java:139)
	at org.junit.platform.engine.support.hierarchical.ThrowableCollector.execute(ThrowableCollector.java:73)
	at org.junit.platform.engine.support.hierarchical.NodeTestTask.executeRecursively(NodeTestTask.java:138)
	at org.junit.platform.engine.support.hierarchical.NodeTestTask.execute(NodeTestTask.java:95)
	at java.base/java.util.ArrayList.forEach(ArrayList.java:1511)
	at org.junit.platform.engine.support.hierarchical.SameThreadHierarchicalTestExecutorService.invokeAll(SameThreadHierarchicalTestExecutorService.java:41)
	at org.junit.platform.engine.support.hierarchical.NodeTestTask.lambda$executeRecursively$6(NodeTestTask.java:155)
	at org.junit.platform.engine.support.hierarchical.ThrowableCollector.execute(ThrowableCollector.java:73)
	at org.junit.platform.engine.support.hierarchical.NodeTestTask.lambda$executeRecursively$8(NodeTestTask.java:141)
	at org.junit.platform.engine.support.hierarchical.Node.around(Node.java:137)
	at org.junit.platform.engine.support.hierarchical.NodeTestTask.lambda$executeRecursively$9(NodeTestTask.java:139)
	at org.junit.platform.engine.support.hierarchical.ThrowableCollector.execute(ThrowableCollector.java:73)
	at org.junit.platform.engine.support.hierarchical.NodeTestTask.executeRecursively(NodeTestTask.java:138)
	at org.junit.platform.engine.support.hierarchical.NodeTestTask.execute(NodeTestTask.java:95)
	at org.junit.platform.engine.support.hierarchical.SameThreadHierarchicalTestExecutorService.submit(SameThreadHierarchicalTestExecutorService.java:35)
	at org.junit.platform.engine.support.hierarchical.HierarchicalTestExecutor.execute(HierarchicalTestExecutor.java:57)
	at org.junit.platform.engine.support.hierarchical.HierarchicalTestEngine.execute(HierarchicalTestEngine.java:54)
	at org.junit.platform.launcher.core.EngineExecutionOrchestrator.execute(EngineExecutionOrchestrator.java:107)
	at org.junit.platform.launcher.core.EngineExecutionOrchestrator.execute(EngineExecutionOrchestrator.java:88)
	at org.junit.platform.launcher.core.EngineExecutionOrchestrator.lambda$execute$0(EngineExecutionOrchestrator.java:54)
	at org.junit.platform.launcher.core.EngineExecutionOrchestrator.withInterceptedStreams(EngineExecutionOrchestrator.java:67)
	at org.junit.platform.launcher.core.EngineExecutionOrchestrator.execute(EngineExecutionOrchestrator.java:52)
	at org.junit.platform.launcher.core.DefaultLauncher.execute(DefaultLauncher.java:114)
	at org.junit.platform.launcher.core.DefaultLauncher.execute(DefaultLauncher.java:86)
	at org.junit.platform.launcher.core.DefaultLauncherSession$DelegatingLauncher.execute(DefaultLauncherSession.java:86)
	at org.gradle.api.internal.tasks.testing.junitplatform.JUnitPlatformTestClassProcessor$CollectAllTestClassesExecutor.processAllTestClasses(JUnitPlatformTestClassProcessor.java:110)
	at org.gradle.api.internal.tasks.testing.junitplatform.JUnitPlatformTestClassProcessor$CollectAllTestClassesExecutor.access$000(JUnitPlatformTestClassProcessor.java:90)
	at org.gradle.api.internal.tasks.testing.junitplatform.JUnitPlatformTestClassProcessor.stop(JUnitPlatformTestClassProcessor.java:85)
	at org.gradle.api.internal.tasks.testing.SuiteTestClassProcessor.stop(SuiteTestClassProcessor.java:62)
	at java.base/jdk.internal.reflect.NativeMethodAccessorImpl.invoke0(Native Method)
	at java.base/jdk.internal.reflect.NativeMethodAccessorImpl.invoke(NativeMethodAccessorImpl.java:77)
	at java.base/jdk.internal.reflect.DelegatingMethodAccessorImpl.invoke(DelegatingMethodAccessorImpl.java:43)
	at java.base/java.lang.reflect.Method.invoke(Method.java:568)
	at org.gradle.internal.dispatch.ReflectionDispatch.dispatch(ReflectionDispatch.java:36)
	at org.gradle.internal.dispatch.ReflectionDispatch.dispatch(ReflectionDispatch.java:24)
	at org.gradle.internal.dispatch.ContextClassLoaderDispatch.dispatch(ContextClassLoaderDispatch.java:33)
	at org.gradle.internal.dispatch.ProxyDispatchAdapter$DispatchingInvocationHandler.invoke(ProxyDispatchAdapter.java:94)
	at jdk.proxy2/jdk.proxy2.$Proxy5.stop(Unknown Source)
	at org.gradle.api.internal.tasks.testing.worker.TestWorker$3.run(TestWorker.java:193)
	at org.gradle.api.internal.tasks.testing.worker.TestWorker.executeAndMaintainThreadName(TestWorker.java:129)
	at org.gradle.api.internal.tasks.testing.worker.TestWorker.execute(TestWorker.java:100)
	at org.gradle.api.internal.tasks.testing.worker.TestWorker.execute(TestWorker.java:60)
	at org.gradle.process.internal.worker.child.ActionExecutionWorker.execute(ActionExecutionWorker.java:56)
	at org.gradle.process.internal.worker.child.SystemApplicationClassLoaderWorker.call(SystemApplicationClassLoaderWorker.java:113)
	at org.gradle.process.internal.worker.child.SystemApplicationClassLoaderWorker.call(SystemApplicationClassLoaderWorker.java:65)
	at worker.org.gradle.process.internal.worker.GradleWorkerMain.run(GradleWorkerMain.java:69)
	at worker.org.gradle.process.internal.worker.GradleWorkerMain.main(GradleWorkerMain.java:74)
</failure>
  </testcase>
  <testcase name="testClash()" classname="de.uka.ilkd.key.logic.TestClashFreeSubst" time="0.002">
    <failure message="java.lang.NullPointerException: Cannot invoke &quot;de.uka.ilkd.key.java.JavaService.getProgramFactory()&quot; because &quot;this.javaService&quot; is null" type="java.lang.NullPointerException">java.lang.NullPointerException: Cannot invoke &quot;de.uka.ilkd.key.java.JavaService.getProgramFactory()&quot; because &quot;this.javaService&quot; is null
	at de.uka.ilkd.key.java.KeYProgModelInfo.isPackage(KeYProgModelInfo.java:213)
	at de.uka.ilkd.key.java.JavaInfo.isPackage(JavaInfo.java:221)
	at de.uka.ilkd.key.speclang.translation.SLExpressionResolver.trimPackageRef(SLExpressionResolver.java:43)
	at de.uka.ilkd.key.speclang.translation.SLExpressionResolver.areInSamePackage(SLExpressionResolver.java:62)
	at de.uka.ilkd.key.speclang.translation.SLExpressionResolver.isVisibleHelper(SLExpressionResolver.java:103)
	at de.uka.ilkd.key.speclang.translation.SLExpressionResolver.isVisible(SLExpressionResolver.java:114)
	at de.uka.ilkd.key.speclang.translation.SLAttributeResolver.lookupVisibleAttribute(SLAttributeResolver.java:37)
	at de.uka.ilkd.key.speclang.translation.SLAttributeResolver.doResolving(SLAttributeResolver.java:94)
	at de.uka.ilkd.key.speclang.translation.SLExpressionResolver.resolve(SLExpressionResolver.java:149)
	at de.uka.ilkd.key.speclang.translation.SLResolverManager.resolveExplicit(SLResolverManager.java:137)
	at de.uka.ilkd.key.speclang.translation.SLResolverManager.resolveImplicit(SLResolverManager.java:112)
	at de.uka.ilkd.key.speclang.translation.SLResolverManager.resolveIt(SLResolverManager.java:159)
	at de.uka.ilkd.key.speclang.translation.SLResolverManager.resolve(SLResolverManager.java:195)
	at de.uka.ilkd.key.speclang.njml.Translator.lookupIdentifier(Translator.java:924)
	at de.uka.ilkd.key.speclang.njml.Translator.visitIdent(Translator.java:882)
	at de.uka.ilkd.key.speclang.njml.JmlParser$IdentContext.accept(JmlParser.java:8637)
	at org.antlr.v4.runtime.tree.AbstractParseTreeVisitor.visitChildren(AbstractParseTreeVisitor.java:46)
	at de.uka.ilkd.key.speclang.njml.JmlParserBaseVisitor.visitPrimaryexpr(JmlParserBaseVisitor.java:724)
	at de.uka.ilkd.key.speclang.njml.JmlParser$PrimaryexprContext.accept(JmlParser.java:8399)
	at de.uka.ilkd.key.speclang.njml.Translator.accept(Translator.java:128)
	at de.uka.ilkd.key.speclang.njml.Translator.visitPostfixexpr(Translator.java:854)
	at de.uka.ilkd.key.speclang.njml.Translator.visitPostfixexpr(Translator.java:63)
	at de.uka.ilkd.key.speclang.njml.JmlParser$PostfixexprContext.accept(JmlParser.java:8315)
	at de.uka.ilkd.key.speclang.njml.Translator.accept(Translator.java:128)
	at de.uka.ilkd.key.speclang.njml.Translator.visitUnaryexprnotplusminus(Translator.java:840)
	at de.uka.ilkd.key.speclang.njml.JmlParser$UnaryexprnotplusminusContext.accept(JmlParser.java:8146)
	at de.uka.ilkd.key.speclang.njml.Translator.accept(Translator.java:128)
	at de.uka.ilkd.key.speclang.njml.Translator.oneOf(Translator.java:147)
	at de.uka.ilkd.key.speclang.njml.Translator.visitUnaryexpr(Translator.java:800)
	at de.uka.ilkd.key.speclang.njml.Translator.visitUnaryexpr(Translator.java:63)
	at de.uka.ilkd.key.speclang.njml.JmlParser$UnaryexprContext.accept(JmlParser.java:8002)
	at de.uka.ilkd.key.speclang.njml.Translator.accept(Translator.java:128)
	at de.uka.ilkd.key.speclang.njml.Translator.lambda$mapOf$0(Translator.java:133)
	at java.base/java.util.stream.ReferencePipeline$3$1.accept(ReferencePipeline.java:197)
	at java.base/java.util.ArrayList$ArrayListSpliterator.forEachRemaining(ArrayList.java:1625)
	at java.base/java.util.stream.AbstractPipeline.copyInto(AbstractPipeline.java:509)
	at java.base/java.util.stream.AbstractPipeline.wrapAndCopyInto(AbstractPipeline.java:499)
	at java.base/java.util.stream.ReduceOps$ReduceOp.evaluateSequential(ReduceOps.java:921)
	at java.base/java.util.stream.AbstractPipeline.evaluate(AbstractPipeline.java:234)
	at java.base/java.util.stream.ReferencePipeline.collect(ReferencePipeline.java:682)
	at de.uka.ilkd.key.speclang.njml.Translator.mapOf(Translator.java:133)
	at de.uka.ilkd.key.speclang.njml.Translator.visitMultexpr(Translator.java:737)
	at de.uka.ilkd.key.speclang.njml.JmlParser$MultexprContext.accept(JmlParser.java:7921)
	at de.uka.ilkd.key.speclang.njml.Translator.accept(Translator.java:128)
	at de.uka.ilkd.key.speclang.njml.Translator.lambda$mapOf$0(Translator.java:133)
	at java.base/java.util.stream.ReferencePipeline$3$1.accept(ReferencePipeline.java:197)
	at java.base/java.util.ArrayList$ArrayListSpliterator.forEachRemaining(ArrayList.java:1625)
	at java.base/java.util.stream.AbstractPipeline.copyInto(AbstractPipeline.java:509)
	at java.base/java.util.stream.AbstractPipeline.wrapAndCopyInto(AbstractPipeline.java:499)
	at java.base/java.util.stream.ReduceOps$ReduceOp.evaluateSequential(ReduceOps.java:921)
	at java.base/java.util.stream.AbstractPipeline.evaluate(AbstractPipeline.java:234)
	at java.base/java.util.stream.ReferencePipeline.collect(ReferencePipeline.java:682)
	at de.uka.ilkd.key.speclang.njml.Translator.mapOf(Translator.java:133)
	at de.uka.ilkd.key.speclang.njml.Translator.visitAdditiveexpr(Translator.java:720)
	at de.uka.ilkd.key.speclang.njml.JmlParser$AdditiveexprContext.accept(JmlParser.java:7829)
	at de.uka.ilkd.key.speclang.njml.Translator.accept(Translator.java:128)
	at de.uka.ilkd.key.speclang.njml.Translator.lambda$mapOf$0(Translator.java:133)
	at java.base/java.util.stream.ReferencePipeline$3$1.accept(ReferencePipeline.java:197)
	at java.base/java.util.ArrayList$ArrayListSpliterator.forEachRemaining(ArrayList.java:1625)
	at java.base/java.util.stream.AbstractPipeline.copyInto(AbstractPipeline.java:509)
	at java.base/java.util.stream.AbstractPipeline.wrapAndCopyInto(AbstractPipeline.java:499)
	at java.base/java.util.stream.ReduceOps$ReduceOp.evaluateSequential(ReduceOps.java:921)
	at java.base/java.util.stream.AbstractPipeline.evaluate(AbstractPipeline.java:234)
	at java.base/java.util.stream.ReferencePipeline.collect(ReferencePipeline.java:682)
	at de.uka.ilkd.key.speclang.njml.Translator.mapOf(Translator.java:133)
	at de.uka.ilkd.key.speclang.njml.Translator.visitShiftexpr(Translator.java:703)
	at de.uka.ilkd.key.speclang.njml.JmlParser$ShiftexprContext.accept(JmlParser.java:7742)
	at de.uka.ilkd.key.speclang.njml.Translator.accept(Translator.java:128)
	at de.uka.ilkd.key.speclang.njml.Translator.oneOf(Translator.java:147)
	at de.uka.ilkd.key.speclang.njml.Translator.visitRelationalexpr(Translator.java:494)
	at de.uka.ilkd.key.speclang.njml.JmlParser$RelationalexprContext.accept(JmlParser.java:7344)
	at de.uka.ilkd.key.speclang.njml.Translator.accept(Translator.java:128)
	at de.uka.ilkd.key.speclang.njml.Translator.lambda$mapOf$0(Translator.java:133)
	at java.base/java.util.stream.ReferencePipeline$3$1.accept(ReferencePipeline.java:197)
	at java.base/java.util.ArrayList$ArrayListSpliterator.forEachRemaining(ArrayList.java:1625)
	at java.base/java.util.stream.AbstractPipeline.copyInto(AbstractPipeline.java:509)
	at java.base/java.util.stream.AbstractPipeline.wrapAndCopyInto(AbstractPipeline.java:499)
	at java.base/java.util.stream.ReduceOps$ReduceOp.evaluateSequential(ReduceOps.java:921)
	at java.base/java.util.stream.AbstractPipeline.evaluate(AbstractPipeline.java:234)
	at java.base/java.util.stream.ReferencePipeline.collect(ReferencePipeline.java:682)
	at de.uka.ilkd.key.speclang.njml.Translator.mapOf(Translator.java:133)
	at de.uka.ilkd.key.speclang.njml.Translator.visitEqualityexpr(Translator.java:562)
	at de.uka.ilkd.key.speclang.njml.Translator.visitEqualityexpr(Translator.java:63)
	at de.uka.ilkd.key.speclang.njml.JmlParser$EqualityexprContext.accept(JmlParser.java:7270)
	at de.uka.ilkd.key.speclang.njml.Translator.accept(Translator.java:128)
	at de.uka.ilkd.key.speclang.njml.Translator.visitAndexpr(Translator.java:544)
	at de.uka.ilkd.key.speclang.njml.JmlParser$AndexprContext.accept(JmlParser.java:7201)
	at de.uka.ilkd.key.speclang.njml.Translator.accept(Translator.java:128)
	at de.uka.ilkd.key.speclang.njml.Translator.visitExclusiveorexpr(Translator.java:529)
	at de.uka.ilkd.key.speclang.njml.JmlParser$ExclusiveorexprContext.accept(JmlParser.java:7132)
	at de.uka.ilkd.key.speclang.njml.Translator.accept(Translator.java:128)
	at de.uka.ilkd.key.speclang.njml.Translator.visitInclusiveorexpr(Translator.java:514)
	at de.uka.ilkd.key.speclang.njml.JmlParser$InclusiveorexprContext.accept(JmlParser.java:7063)
	at de.uka.ilkd.key.speclang.njml.Translator.accept(Translator.java:128)
	at de.uka.ilkd.key.speclang.njml.Translator.visitLogicalandexpr(Translator.java:501)
	at de.uka.ilkd.key.speclang.njml.JmlParser$LogicalandexprContext.accept(JmlParser.java:6994)
	at de.uka.ilkd.key.speclang.njml.Translator.accept(Translator.java:128)
	at de.uka.ilkd.key.speclang.njml.Translator.visitLogicalorexpr(Translator.java:482)
	at de.uka.ilkd.key.speclang.njml.Translator.visitLogicalorexpr(Translator.java:63)
	at de.uka.ilkd.key.speclang.njml.JmlParser$LogicalorexprContext.accept(JmlParser.java:6925)
	at de.uka.ilkd.key.speclang.njml.Translator.accept(Translator.java:128)
	at de.uka.ilkd.key.speclang.njml.Translator.visitImpliesexpr(Translator.java:446)
	at de.uka.ilkd.key.speclang.njml.JmlParser$ImpliesexprContext.accept(JmlParser.java:6662)
	at de.uka.ilkd.key.speclang.njml.Translator.accept(Translator.java:128)
	at de.uka.ilkd.key.speclang.njml.Translator.lambda$mapOf$0(Translator.java:133)
	at java.base/java.util.stream.ReferencePipeline$3$1.accept(ReferencePipeline.java:197)
	at java.base/java.util.ArrayList$ArrayListSpliterator.forEachRemaining(ArrayList.java:1625)
	at java.base/java.util.stream.AbstractPipeline.copyInto(AbstractPipeline.java:509)
	at java.base/java.util.stream.AbstractPipeline.wrapAndCopyInto(AbstractPipeline.java:499)
	at java.base/java.util.stream.ReduceOps$ReduceOp.evaluateSequential(ReduceOps.java:921)
	at java.base/java.util.stream.AbstractPipeline.evaluate(AbstractPipeline.java:234)
	at java.base/java.util.stream.ReferencePipeline.collect(ReferencePipeline.java:682)
	at de.uka.ilkd.key.speclang.njml.Translator.mapOf(Translator.java:133)
	at de.uka.ilkd.key.speclang.njml.Translator.visitEquivalenceexpr(Translator.java:426)
	at de.uka.ilkd.key.speclang.njml.JmlParser$EquivalenceexprContext.accept(JmlParser.java:6585)
	at de.uka.ilkd.key.speclang.njml.Translator.accept(Translator.java:128)
	at de.uka.ilkd.key.speclang.njml.Translator.visitConditionalexpr(Translator.java:412)
	at de.uka.ilkd.key.speclang.njml.Translator.visitConditionalexpr(Translator.java:63)
	at de.uka.ilkd.key.speclang.njml.JmlParser$ConditionalexprContext.accept(JmlParser.java:6516)
	at de.uka.ilkd.key.speclang.njml.Translator.accept(Translator.java:128)
	at de.uka.ilkd.key.speclang.njml.Translator.visitExpression(Translator.java:402)
	at de.uka.ilkd.key.speclang.njml.Translator.visitExpression(Translator.java:63)
	at de.uka.ilkd.key.speclang.njml.JmlParser$ExpressionContext.accept(JmlParser.java:6463)
	at de.uka.ilkd.key.speclang.njml.JmlIO.interpret(JmlIO.java:178)
	at de.uka.ilkd.key.speclang.njml.JmlIO.translateTerm(JmlIO.java:188)
	at de.uka.ilkd.key.speclang.njml.JmlIO.translateTerm(JmlIO.java:201)
	at de.uka.ilkd.key.speclang.jml.translation.JMLSpecFactory.createJMLClassInvariant(JMLSpecFactory.java:957)
	at de.uka.ilkd.key.speclang.jml.JMLSpecExtractor.extractClassSpecs(JMLSpecExtractor.java:250)
	at de.uka.ilkd.key.speclang.SLEnvInput.createSpecs(SLEnvInput.java:284)
	at de.uka.ilkd.key.speclang.SLEnvInput.read(SLEnvInput.java:351)
	at de.uka.ilkd.key.proof.init.KeYUserProblemFile.read(KeYUserProblemFile.java:111)
	at de.uka.ilkd.key.proof.init.ProblemInitializer.readEnvInput(ProblemInitializer.java:323)
	at de.uka.ilkd.key.proof.init.ProblemInitializer.prepare(ProblemInitializer.java:561)
	at de.uka.ilkd.key.proof.init.ProblemInitializer.prepare(ProblemInitializer.java:471)
	at de.uka.ilkd.key.proof.init.ProblemInitializer.startProver(ProblemInitializer.java:607)
	at de.uka.ilkd.key.util.HelperClassForTests.parse(HelperClassForTests.java:78)
	at de.uka.ilkd.key.util.HelperClassForTests.parse(HelperClassForTests.java:66)
	at de.uka.ilkd.key.util.HelperClassForTests.createServices(HelperClassForTests.java:303)
	at de.uka.ilkd.key.parser.AbstractTestTermParser.getServices(AbstractTestTermParser.java:173)
	at de.uka.ilkd.key.parser.AbstractTestTermParser.&lt;init&gt;(AbstractTestTermParser.java:35)
	at de.uka.ilkd.key.logic.TestClashFreeSubst.&lt;init&gt;(TestClashFreeSubst.java:24)
	at java.base/jdk.internal.reflect.NativeConstructorAccessorImpl.newInstance0(Native Method)
	at java.base/jdk.internal.reflect.NativeConstructorAccessorImpl.newInstance(NativeConstructorAccessorImpl.java:77)
	at java.base/jdk.internal.reflect.DelegatingConstructorAccessorImpl.newInstance(DelegatingConstructorAccessorImpl.java:45)
	at java.base/java.lang.reflect.Constructor.newInstanceWithCaller(Constructor.java:499)
	at java.base/java.lang.reflect.Constructor.newInstance(Constructor.java:480)
	at org.junit.platform.commons.util.ReflectionUtils.newInstance(ReflectionUtils.java:552)
	at org.junit.jupiter.engine.execution.ConstructorInvocation.proceed(ConstructorInvocation.java:56)
	at org.junit.jupiter.engine.execution.InvocationInterceptorChain$ValidatingInvocation.proceed(InvocationInterceptorChain.java:131)
	at org.junit.jupiter.api.extension.InvocationInterceptor.interceptTestClassConstructor(InvocationInterceptor.java:73)
	at org.junit.jupiter.engine.execution.InterceptingExecutableInvoker.lambda$invoke$0(InterceptingExecutableInvoker.java:93)
	at org.junit.jupiter.engine.execution.InvocationInterceptorChain$InterceptedInvocation.proceed(InvocationInterceptorChain.java:106)
	at org.junit.jupiter.engine.execution.InvocationInterceptorChain.proceed(InvocationInterceptorChain.java:64)
	at org.junit.jupiter.engine.execution.InvocationInterceptorChain.chainAndInvoke(InvocationInterceptorChain.java:45)
	at org.junit.jupiter.engine.execution.InvocationInterceptorChain.invoke(InvocationInterceptorChain.java:37)
	at org.junit.jupiter.engine.execution.InterceptingExecutableInvoker.invoke(InterceptingExecutableInvoker.java:92)
	at org.junit.jupiter.engine.execution.InterceptingExecutableInvoker.invoke(InterceptingExecutableInvoker.java:62)
	at org.junit.jupiter.engine.descriptor.ClassBasedTestDescriptor.invokeTestClassConstructor(ClassBasedTestDescriptor.java:363)
	at org.junit.jupiter.engine.descriptor.ClassBasedTestDescriptor.instantiateTestClass(ClassBasedTestDescriptor.java:310)
	at org.junit.jupiter.engine.descriptor.ClassTestDescriptor.instantiateTestClass(ClassTestDescriptor.java:79)
	at org.junit.jupiter.engine.descriptor.ClassBasedTestDescriptor.instantiateAndPostProcessTestInstance(ClassBasedTestDescriptor.java:286)
	at org.junit.jupiter.engine.descriptor.ClassBasedTestDescriptor.lambda$testInstancesProvider$4(ClassBasedTestDescriptor.java:278)
	at java.base/java.util.Optional.orElseGet(Optional.java:364)
	at org.junit.jupiter.engine.descriptor.ClassBasedTestDescriptor.lambda$testInstancesProvider$5(ClassBasedTestDescriptor.java:277)
	at org.junit.jupiter.engine.execution.TestInstancesProvider.getTestInstances(TestInstancesProvider.java:31)
	at org.junit.jupiter.engine.descriptor.TestMethodTestDescriptor.lambda$prepare$0(TestMethodTestDescriptor.java:105)
	at org.junit.platform.engine.support.hierarchical.ThrowableCollector.execute(ThrowableCollector.java:73)
	at org.junit.jupiter.engine.descriptor.TestMethodTestDescriptor.prepare(TestMethodTestDescriptor.java:104)
	at org.junit.jupiter.engine.descriptor.TestMethodTestDescriptor.prepare(TestMethodTestDescriptor.java:68)
	at org.junit.platform.engine.support.hierarchical.NodeTestTask.lambda$prepare$2(NodeTestTask.java:123)
	at org.junit.platform.engine.support.hierarchical.ThrowableCollector.execute(ThrowableCollector.java:73)
	at org.junit.platform.engine.support.hierarchical.NodeTestTask.prepare(NodeTestTask.java:123)
	at org.junit.platform.engine.support.hierarchical.NodeTestTask.execute(NodeTestTask.java:90)
	at java.base/java.util.ArrayList.forEach(ArrayList.java:1511)
	at org.junit.platform.engine.support.hierarchical.SameThreadHierarchicalTestExecutorService.invokeAll(SameThreadHierarchicalTestExecutorService.java:41)
	at org.junit.platform.engine.support.hierarchical.NodeTestTask.lambda$executeRecursively$6(NodeTestTask.java:155)
	at org.junit.platform.engine.support.hierarchical.ThrowableCollector.execute(ThrowableCollector.java:73)
	at org.junit.platform.engine.support.hierarchical.NodeTestTask.lambda$executeRecursively$8(NodeTestTask.java:141)
	at org.junit.platform.engine.support.hierarchical.Node.around(Node.java:137)
	at org.junit.platform.engine.support.hierarchical.NodeTestTask.lambda$executeRecursively$9(NodeTestTask.java:139)
	at org.junit.platform.engine.support.hierarchical.ThrowableCollector.execute(ThrowableCollector.java:73)
	at org.junit.platform.engine.support.hierarchical.NodeTestTask.executeRecursively(NodeTestTask.java:138)
	at org.junit.platform.engine.support.hierarchical.NodeTestTask.execute(NodeTestTask.java:95)
	at java.base/java.util.ArrayList.forEach(ArrayList.java:1511)
	at org.junit.platform.engine.support.hierarchical.SameThreadHierarchicalTestExecutorService.invokeAll(SameThreadHierarchicalTestExecutorService.java:41)
	at org.junit.platform.engine.support.hierarchical.NodeTestTask.lambda$executeRecursively$6(NodeTestTask.java:155)
	at org.junit.platform.engine.support.hierarchical.ThrowableCollector.execute(ThrowableCollector.java:73)
	at org.junit.platform.engine.support.hierarchical.NodeTestTask.lambda$executeRecursively$8(NodeTestTask.java:141)
	at org.junit.platform.engine.support.hierarchical.Node.around(Node.java:137)
	at org.junit.platform.engine.support.hierarchical.NodeTestTask.lambda$executeRecursively$9(NodeTestTask.java:139)
	at org.junit.platform.engine.support.hierarchical.ThrowableCollector.execute(ThrowableCollector.java:73)
	at org.junit.platform.engine.support.hierarchical.NodeTestTask.executeRecursively(NodeTestTask.java:138)
	at org.junit.platform.engine.support.hierarchical.NodeTestTask.execute(NodeTestTask.java:95)
	at org.junit.platform.engine.support.hierarchical.SameThreadHierarchicalTestExecutorService.submit(SameThreadHierarchicalTestExecutorService.java:35)
	at org.junit.platform.engine.support.hierarchical.HierarchicalTestExecutor.execute(HierarchicalTestExecutor.java:57)
	at org.junit.platform.engine.support.hierarchical.HierarchicalTestEngine.execute(HierarchicalTestEngine.java:54)
	at org.junit.platform.launcher.core.EngineExecutionOrchestrator.execute(EngineExecutionOrchestrator.java:107)
	at org.junit.platform.launcher.core.EngineExecutionOrchestrator.execute(EngineExecutionOrchestrator.java:88)
	at org.junit.platform.launcher.core.EngineExecutionOrchestrator.lambda$execute$0(EngineExecutionOrchestrator.java:54)
	at org.junit.platform.launcher.core.EngineExecutionOrchestrator.withInterceptedStreams(EngineExecutionOrchestrator.java:67)
	at org.junit.platform.launcher.core.EngineExecutionOrchestrator.execute(EngineExecutionOrchestrator.java:52)
	at org.junit.platform.launcher.core.DefaultLauncher.execute(DefaultLauncher.java:114)
	at org.junit.platform.launcher.core.DefaultLauncher.execute(DefaultLauncher.java:86)
	at org.junit.platform.launcher.core.DefaultLauncherSession$DelegatingLauncher.execute(DefaultLauncherSession.java:86)
	at org.gradle.api.internal.tasks.testing.junitplatform.JUnitPlatformTestClassProcessor$CollectAllTestClassesExecutor.processAllTestClasses(JUnitPlatformTestClassProcessor.java:110)
	at org.gradle.api.internal.tasks.testing.junitplatform.JUnitPlatformTestClassProcessor$CollectAllTestClassesExecutor.access$000(JUnitPlatformTestClassProcessor.java:90)
	at org.gradle.api.internal.tasks.testing.junitplatform.JUnitPlatformTestClassProcessor.stop(JUnitPlatformTestClassProcessor.java:85)
	at org.gradle.api.internal.tasks.testing.SuiteTestClassProcessor.stop(SuiteTestClassProcessor.java:62)
	at java.base/jdk.internal.reflect.NativeMethodAccessorImpl.invoke0(Native Method)
	at java.base/jdk.internal.reflect.NativeMethodAccessorImpl.invoke(NativeMethodAccessorImpl.java:77)
	at java.base/jdk.internal.reflect.DelegatingMethodAccessorImpl.invoke(DelegatingMethodAccessorImpl.java:43)
	at java.base/java.lang.reflect.Method.invoke(Method.java:568)
	at org.gradle.internal.dispatch.ReflectionDispatch.dispatch(ReflectionDispatch.java:36)
	at org.gradle.internal.dispatch.ReflectionDispatch.dispatch(ReflectionDispatch.java:24)
	at org.gradle.internal.dispatch.ContextClassLoaderDispatch.dispatch(ContextClassLoaderDispatch.java:33)
	at org.gradle.internal.dispatch.ProxyDispatchAdapter$DispatchingInvocationHandler.invoke(ProxyDispatchAdapter.java:94)
	at jdk.proxy2/jdk.proxy2.$Proxy5.stop(Unknown Source)
	at org.gradle.api.internal.tasks.testing.worker.TestWorker$3.run(TestWorker.java:193)
	at org.gradle.api.internal.tasks.testing.worker.TestWorker.executeAndMaintainThreadName(TestWorker.java:129)
	at org.gradle.api.internal.tasks.testing.worker.TestWorker.execute(TestWorker.java:100)
	at org.gradle.api.internal.tasks.testing.worker.TestWorker.execute(TestWorker.java:60)
	at org.gradle.process.internal.worker.child.ActionExecutionWorker.execute(ActionExecutionWorker.java:56)
	at org.gradle.process.internal.worker.child.SystemApplicationClassLoaderWorker.call(SystemApplicationClassLoaderWorker.java:113)
	at org.gradle.process.internal.worker.child.SystemApplicationClassLoaderWorker.call(SystemApplicationClassLoaderWorker.java:65)
	at worker.org.gradle.process.internal.worker.GradleWorkerMain.run(GradleWorkerMain.java:69)
	at worker.org.gradle.process.internal.worker.GradleWorkerMain.main(GradleWorkerMain.java:74)
</failure>
  </testcase>
  <testcase name="testShare()" classname="de.uka.ilkd.key.logic.TestClashFreeSubst" time="0.001">
    <failure message="java.lang.NullPointerException: Cannot invoke &quot;de.uka.ilkd.key.java.JavaService.getProgramFactory()&quot; because &quot;this.javaService&quot; is null" type="java.lang.NullPointerException">java.lang.NullPointerException: Cannot invoke &quot;de.uka.ilkd.key.java.JavaService.getProgramFactory()&quot; because &quot;this.javaService&quot; is null
	at de.uka.ilkd.key.java.KeYProgModelInfo.isPackage(KeYProgModelInfo.java:213)
	at de.uka.ilkd.key.java.JavaInfo.isPackage(JavaInfo.java:221)
	at de.uka.ilkd.key.speclang.translation.SLExpressionResolver.trimPackageRef(SLExpressionResolver.java:43)
	at de.uka.ilkd.key.speclang.translation.SLExpressionResolver.areInSamePackage(SLExpressionResolver.java:62)
	at de.uka.ilkd.key.speclang.translation.SLExpressionResolver.isVisibleHelper(SLExpressionResolver.java:103)
	at de.uka.ilkd.key.speclang.translation.SLExpressionResolver.isVisible(SLExpressionResolver.java:114)
	at de.uka.ilkd.key.speclang.translation.SLAttributeResolver.lookupVisibleAttribute(SLAttributeResolver.java:37)
	at de.uka.ilkd.key.speclang.translation.SLAttributeResolver.doResolving(SLAttributeResolver.java:94)
	at de.uka.ilkd.key.speclang.translation.SLExpressionResolver.resolve(SLExpressionResolver.java:149)
	at de.uka.ilkd.key.speclang.translation.SLResolverManager.resolveExplicit(SLResolverManager.java:137)
	at de.uka.ilkd.key.speclang.translation.SLResolverManager.resolveImplicit(SLResolverManager.java:112)
	at de.uka.ilkd.key.speclang.translation.SLResolverManager.resolveIt(SLResolverManager.java:159)
	at de.uka.ilkd.key.speclang.translation.SLResolverManager.resolve(SLResolverManager.java:195)
	at de.uka.ilkd.key.speclang.njml.Translator.lookupIdentifier(Translator.java:924)
	at de.uka.ilkd.key.speclang.njml.Translator.visitIdent(Translator.java:882)
	at de.uka.ilkd.key.speclang.njml.JmlParser$IdentContext.accept(JmlParser.java:8637)
	at org.antlr.v4.runtime.tree.AbstractParseTreeVisitor.visitChildren(AbstractParseTreeVisitor.java:46)
	at de.uka.ilkd.key.speclang.njml.JmlParserBaseVisitor.visitPrimaryexpr(JmlParserBaseVisitor.java:724)
	at de.uka.ilkd.key.speclang.njml.JmlParser$PrimaryexprContext.accept(JmlParser.java:8399)
	at de.uka.ilkd.key.speclang.njml.Translator.accept(Translator.java:128)
	at de.uka.ilkd.key.speclang.njml.Translator.visitPostfixexpr(Translator.java:854)
	at de.uka.ilkd.key.speclang.njml.Translator.visitPostfixexpr(Translator.java:63)
	at de.uka.ilkd.key.speclang.njml.JmlParser$PostfixexprContext.accept(JmlParser.java:8315)
	at de.uka.ilkd.key.speclang.njml.Translator.accept(Translator.java:128)
	at de.uka.ilkd.key.speclang.njml.Translator.visitUnaryexprnotplusminus(Translator.java:840)
	at de.uka.ilkd.key.speclang.njml.JmlParser$UnaryexprnotplusminusContext.accept(JmlParser.java:8146)
	at de.uka.ilkd.key.speclang.njml.Translator.accept(Translator.java:128)
	at de.uka.ilkd.key.speclang.njml.Translator.oneOf(Translator.java:147)
	at de.uka.ilkd.key.speclang.njml.Translator.visitUnaryexpr(Translator.java:800)
	at de.uka.ilkd.key.speclang.njml.Translator.visitUnaryexpr(Translator.java:63)
	at de.uka.ilkd.key.speclang.njml.JmlParser$UnaryexprContext.accept(JmlParser.java:8002)
	at de.uka.ilkd.key.speclang.njml.Translator.accept(Translator.java:128)
	at de.uka.ilkd.key.speclang.njml.Translator.lambda$mapOf$0(Translator.java:133)
	at java.base/java.util.stream.ReferencePipeline$3$1.accept(ReferencePipeline.java:197)
	at java.base/java.util.ArrayList$ArrayListSpliterator.forEachRemaining(ArrayList.java:1625)
	at java.base/java.util.stream.AbstractPipeline.copyInto(AbstractPipeline.java:509)
	at java.base/java.util.stream.AbstractPipeline.wrapAndCopyInto(AbstractPipeline.java:499)
	at java.base/java.util.stream.ReduceOps$ReduceOp.evaluateSequential(ReduceOps.java:921)
	at java.base/java.util.stream.AbstractPipeline.evaluate(AbstractPipeline.java:234)
	at java.base/java.util.stream.ReferencePipeline.collect(ReferencePipeline.java:682)
	at de.uka.ilkd.key.speclang.njml.Translator.mapOf(Translator.java:133)
	at de.uka.ilkd.key.speclang.njml.Translator.visitMultexpr(Translator.java:737)
	at de.uka.ilkd.key.speclang.njml.JmlParser$MultexprContext.accept(JmlParser.java:7921)
	at de.uka.ilkd.key.speclang.njml.Translator.accept(Translator.java:128)
	at de.uka.ilkd.key.speclang.njml.Translator.lambda$mapOf$0(Translator.java:133)
	at java.base/java.util.stream.ReferencePipeline$3$1.accept(ReferencePipeline.java:197)
	at java.base/java.util.ArrayList$ArrayListSpliterator.forEachRemaining(ArrayList.java:1625)
	at java.base/java.util.stream.AbstractPipeline.copyInto(AbstractPipeline.java:509)
	at java.base/java.util.stream.AbstractPipeline.wrapAndCopyInto(AbstractPipeline.java:499)
	at java.base/java.util.stream.ReduceOps$ReduceOp.evaluateSequential(ReduceOps.java:921)
	at java.base/java.util.stream.AbstractPipeline.evaluate(AbstractPipeline.java:234)
	at java.base/java.util.stream.ReferencePipeline.collect(ReferencePipeline.java:682)
	at de.uka.ilkd.key.speclang.njml.Translator.mapOf(Translator.java:133)
	at de.uka.ilkd.key.speclang.njml.Translator.visitAdditiveexpr(Translator.java:720)
	at de.uka.ilkd.key.speclang.njml.JmlParser$AdditiveexprContext.accept(JmlParser.java:7829)
	at de.uka.ilkd.key.speclang.njml.Translator.accept(Translator.java:128)
	at de.uka.ilkd.key.speclang.njml.Translator.lambda$mapOf$0(Translator.java:133)
	at java.base/java.util.stream.ReferencePipeline$3$1.accept(ReferencePipeline.java:197)
	at java.base/java.util.ArrayList$ArrayListSpliterator.forEachRemaining(ArrayList.java:1625)
	at java.base/java.util.stream.AbstractPipeline.copyInto(AbstractPipeline.java:509)
	at java.base/java.util.stream.AbstractPipeline.wrapAndCopyInto(AbstractPipeline.java:499)
	at java.base/java.util.stream.ReduceOps$ReduceOp.evaluateSequential(ReduceOps.java:921)
	at java.base/java.util.stream.AbstractPipeline.evaluate(AbstractPipeline.java:234)
	at java.base/java.util.stream.ReferencePipeline.collect(ReferencePipeline.java:682)
	at de.uka.ilkd.key.speclang.njml.Translator.mapOf(Translator.java:133)
	at de.uka.ilkd.key.speclang.njml.Translator.visitShiftexpr(Translator.java:703)
	at de.uka.ilkd.key.speclang.njml.JmlParser$ShiftexprContext.accept(JmlParser.java:7742)
	at de.uka.ilkd.key.speclang.njml.Translator.accept(Translator.java:128)
	at de.uka.ilkd.key.speclang.njml.Translator.oneOf(Translator.java:147)
	at de.uka.ilkd.key.speclang.njml.Translator.visitRelationalexpr(Translator.java:494)
	at de.uka.ilkd.key.speclang.njml.JmlParser$RelationalexprContext.accept(JmlParser.java:7344)
	at de.uka.ilkd.key.speclang.njml.Translator.accept(Translator.java:128)
	at de.uka.ilkd.key.speclang.njml.Translator.lambda$mapOf$0(Translator.java:133)
	at java.base/java.util.stream.ReferencePipeline$3$1.accept(ReferencePipeline.java:197)
	at java.base/java.util.ArrayList$ArrayListSpliterator.forEachRemaining(ArrayList.java:1625)
	at java.base/java.util.stream.AbstractPipeline.copyInto(AbstractPipeline.java:509)
	at java.base/java.util.stream.AbstractPipeline.wrapAndCopyInto(AbstractPipeline.java:499)
	at java.base/java.util.stream.ReduceOps$ReduceOp.evaluateSequential(ReduceOps.java:921)
	at java.base/java.util.stream.AbstractPipeline.evaluate(AbstractPipeline.java:234)
	at java.base/java.util.stream.ReferencePipeline.collect(ReferencePipeline.java:682)
	at de.uka.ilkd.key.speclang.njml.Translator.mapOf(Translator.java:133)
	at de.uka.ilkd.key.speclang.njml.Translator.visitEqualityexpr(Translator.java:562)
	at de.uka.ilkd.key.speclang.njml.Translator.visitEqualityexpr(Translator.java:63)
	at de.uka.ilkd.key.speclang.njml.JmlParser$EqualityexprContext.accept(JmlParser.java:7270)
	at de.uka.ilkd.key.speclang.njml.Translator.accept(Translator.java:128)
	at de.uka.ilkd.key.speclang.njml.Translator.visitAndexpr(Translator.java:544)
	at de.uka.ilkd.key.speclang.njml.JmlParser$AndexprContext.accept(JmlParser.java:7201)
	at de.uka.ilkd.key.speclang.njml.Translator.accept(Translator.java:128)
	at de.uka.ilkd.key.speclang.njml.Translator.visitExclusiveorexpr(Translator.java:529)
	at de.uka.ilkd.key.speclang.njml.JmlParser$ExclusiveorexprContext.accept(JmlParser.java:7132)
	at de.uka.ilkd.key.speclang.njml.Translator.accept(Translator.java:128)
	at de.uka.ilkd.key.speclang.njml.Translator.visitInclusiveorexpr(Translator.java:514)
	at de.uka.ilkd.key.speclang.njml.JmlParser$InclusiveorexprContext.accept(JmlParser.java:7063)
	at de.uka.ilkd.key.speclang.njml.Translator.accept(Translator.java:128)
	at de.uka.ilkd.key.speclang.njml.Translator.visitLogicalandexpr(Translator.java:501)
	at de.uka.ilkd.key.speclang.njml.JmlParser$LogicalandexprContext.accept(JmlParser.java:6994)
	at de.uka.ilkd.key.speclang.njml.Translator.accept(Translator.java:128)
	at de.uka.ilkd.key.speclang.njml.Translator.visitLogicalorexpr(Translator.java:482)
	at de.uka.ilkd.key.speclang.njml.Translator.visitLogicalorexpr(Translator.java:63)
	at de.uka.ilkd.key.speclang.njml.JmlParser$LogicalorexprContext.accept(JmlParser.java:6925)
	at de.uka.ilkd.key.speclang.njml.Translator.accept(Translator.java:128)
	at de.uka.ilkd.key.speclang.njml.Translator.visitImpliesexpr(Translator.java:446)
	at de.uka.ilkd.key.speclang.njml.JmlParser$ImpliesexprContext.accept(JmlParser.java:6662)
	at de.uka.ilkd.key.speclang.njml.Translator.accept(Translator.java:128)
	at de.uka.ilkd.key.speclang.njml.Translator.lambda$mapOf$0(Translator.java:133)
	at java.base/java.util.stream.ReferencePipeline$3$1.accept(ReferencePipeline.java:197)
	at java.base/java.util.ArrayList$ArrayListSpliterator.forEachRemaining(ArrayList.java:1625)
	at java.base/java.util.stream.AbstractPipeline.copyInto(AbstractPipeline.java:509)
	at java.base/java.util.stream.AbstractPipeline.wrapAndCopyInto(AbstractPipeline.java:499)
	at java.base/java.util.stream.ReduceOps$ReduceOp.evaluateSequential(ReduceOps.java:921)
	at java.base/java.util.stream.AbstractPipeline.evaluate(AbstractPipeline.java:234)
	at java.base/java.util.stream.ReferencePipeline.collect(ReferencePipeline.java:682)
	at de.uka.ilkd.key.speclang.njml.Translator.mapOf(Translator.java:133)
	at de.uka.ilkd.key.speclang.njml.Translator.visitEquivalenceexpr(Translator.java:426)
	at de.uka.ilkd.key.speclang.njml.JmlParser$EquivalenceexprContext.accept(JmlParser.java:6585)
	at de.uka.ilkd.key.speclang.njml.Translator.accept(Translator.java:128)
	at de.uka.ilkd.key.speclang.njml.Translator.visitConditionalexpr(Translator.java:412)
	at de.uka.ilkd.key.speclang.njml.Translator.visitConditionalexpr(Translator.java:63)
	at de.uka.ilkd.key.speclang.njml.JmlParser$ConditionalexprContext.accept(JmlParser.java:6516)
	at de.uka.ilkd.key.speclang.njml.Translator.accept(Translator.java:128)
	at de.uka.ilkd.key.speclang.njml.Translator.visitExpression(Translator.java:402)
	at de.uka.ilkd.key.speclang.njml.Translator.visitExpression(Translator.java:63)
	at de.uka.ilkd.key.speclang.njml.JmlParser$ExpressionContext.accept(JmlParser.java:6463)
	at de.uka.ilkd.key.speclang.njml.JmlIO.interpret(JmlIO.java:178)
	at de.uka.ilkd.key.speclang.njml.JmlIO.translateTerm(JmlIO.java:188)
	at de.uka.ilkd.key.speclang.njml.JmlIO.translateTerm(JmlIO.java:201)
	at de.uka.ilkd.key.speclang.jml.translation.JMLSpecFactory.createJMLClassInvariant(JMLSpecFactory.java:957)
	at de.uka.ilkd.key.speclang.jml.JMLSpecExtractor.extractClassSpecs(JMLSpecExtractor.java:250)
	at de.uka.ilkd.key.speclang.SLEnvInput.createSpecs(SLEnvInput.java:284)
	at de.uka.ilkd.key.speclang.SLEnvInput.read(SLEnvInput.java:351)
	at de.uka.ilkd.key.proof.init.KeYUserProblemFile.read(KeYUserProblemFile.java:111)
	at de.uka.ilkd.key.proof.init.ProblemInitializer.readEnvInput(ProblemInitializer.java:323)
	at de.uka.ilkd.key.proof.init.ProblemInitializer.prepare(ProblemInitializer.java:561)
	at de.uka.ilkd.key.proof.init.ProblemInitializer.prepare(ProblemInitializer.java:471)
	at de.uka.ilkd.key.proof.init.ProblemInitializer.startProver(ProblemInitializer.java:607)
	at de.uka.ilkd.key.util.HelperClassForTests.parse(HelperClassForTests.java:78)
	at de.uka.ilkd.key.util.HelperClassForTests.parse(HelperClassForTests.java:66)
	at de.uka.ilkd.key.util.HelperClassForTests.createServices(HelperClassForTests.java:303)
	at de.uka.ilkd.key.parser.AbstractTestTermParser.getServices(AbstractTestTermParser.java:173)
	at de.uka.ilkd.key.parser.AbstractTestTermParser.&lt;init&gt;(AbstractTestTermParser.java:35)
	at de.uka.ilkd.key.logic.TestClashFreeSubst.&lt;init&gt;(TestClashFreeSubst.java:24)
	at java.base/jdk.internal.reflect.NativeConstructorAccessorImpl.newInstance0(Native Method)
	at java.base/jdk.internal.reflect.NativeConstructorAccessorImpl.newInstance(NativeConstructorAccessorImpl.java:77)
	at java.base/jdk.internal.reflect.DelegatingConstructorAccessorImpl.newInstance(DelegatingConstructorAccessorImpl.java:45)
	at java.base/java.lang.reflect.Constructor.newInstanceWithCaller(Constructor.java:499)
	at java.base/java.lang.reflect.Constructor.newInstance(Constructor.java:480)
	at org.junit.platform.commons.util.ReflectionUtils.newInstance(ReflectionUtils.java:552)
	at org.junit.jupiter.engine.execution.ConstructorInvocation.proceed(ConstructorInvocation.java:56)
	at org.junit.jupiter.engine.execution.InvocationInterceptorChain$ValidatingInvocation.proceed(InvocationInterceptorChain.java:131)
	at org.junit.jupiter.api.extension.InvocationInterceptor.interceptTestClassConstructor(InvocationInterceptor.java:73)
	at org.junit.jupiter.engine.execution.InterceptingExecutableInvoker.lambda$invoke$0(InterceptingExecutableInvoker.java:93)
	at org.junit.jupiter.engine.execution.InvocationInterceptorChain$InterceptedInvocation.proceed(InvocationInterceptorChain.java:106)
	at org.junit.jupiter.engine.execution.InvocationInterceptorChain.proceed(InvocationInterceptorChain.java:64)
	at org.junit.jupiter.engine.execution.InvocationInterceptorChain.chainAndInvoke(InvocationInterceptorChain.java:45)
	at org.junit.jupiter.engine.execution.InvocationInterceptorChain.invoke(InvocationInterceptorChain.java:37)
	at org.junit.jupiter.engine.execution.InterceptingExecutableInvoker.invoke(InterceptingExecutableInvoker.java:92)
	at org.junit.jupiter.engine.execution.InterceptingExecutableInvoker.invoke(InterceptingExecutableInvoker.java:62)
	at org.junit.jupiter.engine.descriptor.ClassBasedTestDescriptor.invokeTestClassConstructor(ClassBasedTestDescriptor.java:363)
	at org.junit.jupiter.engine.descriptor.ClassBasedTestDescriptor.instantiateTestClass(ClassBasedTestDescriptor.java:310)
	at org.junit.jupiter.engine.descriptor.ClassTestDescriptor.instantiateTestClass(ClassTestDescriptor.java:79)
	at org.junit.jupiter.engine.descriptor.ClassBasedTestDescriptor.instantiateAndPostProcessTestInstance(ClassBasedTestDescriptor.java:286)
	at org.junit.jupiter.engine.descriptor.ClassBasedTestDescriptor.lambda$testInstancesProvider$4(ClassBasedTestDescriptor.java:278)
	at java.base/java.util.Optional.orElseGet(Optional.java:364)
	at org.junit.jupiter.engine.descriptor.ClassBasedTestDescriptor.lambda$testInstancesProvider$5(ClassBasedTestDescriptor.java:277)
	at org.junit.jupiter.engine.execution.TestInstancesProvider.getTestInstances(TestInstancesProvider.java:31)
	at org.junit.jupiter.engine.descriptor.TestMethodTestDescriptor.lambda$prepare$0(TestMethodTestDescriptor.java:105)
	at org.junit.platform.engine.support.hierarchical.ThrowableCollector.execute(ThrowableCollector.java:73)
	at org.junit.jupiter.engine.descriptor.TestMethodTestDescriptor.prepare(TestMethodTestDescriptor.java:104)
	at org.junit.jupiter.engine.descriptor.TestMethodTestDescriptor.prepare(TestMethodTestDescriptor.java:68)
	at org.junit.platform.engine.support.hierarchical.NodeTestTask.lambda$prepare$2(NodeTestTask.java:123)
	at org.junit.platform.engine.support.hierarchical.ThrowableCollector.execute(ThrowableCollector.java:73)
	at org.junit.platform.engine.support.hierarchical.NodeTestTask.prepare(NodeTestTask.java:123)
	at org.junit.platform.engine.support.hierarchical.NodeTestTask.execute(NodeTestTask.java:90)
	at java.base/java.util.ArrayList.forEach(ArrayList.java:1511)
	at org.junit.platform.engine.support.hierarchical.SameThreadHierarchicalTestExecutorService.invokeAll(SameThreadHierarchicalTestExecutorService.java:41)
	at org.junit.platform.engine.support.hierarchical.NodeTestTask.lambda$executeRecursively$6(NodeTestTask.java:155)
	at org.junit.platform.engine.support.hierarchical.ThrowableCollector.execute(ThrowableCollector.java:73)
	at org.junit.platform.engine.support.hierarchical.NodeTestTask.lambda$executeRecursively$8(NodeTestTask.java:141)
	at org.junit.platform.engine.support.hierarchical.Node.around(Node.java:137)
	at org.junit.platform.engine.support.hierarchical.NodeTestTask.lambda$executeRecursively$9(NodeTestTask.java:139)
	at org.junit.platform.engine.support.hierarchical.ThrowableCollector.execute(ThrowableCollector.java:73)
	at org.junit.platform.engine.support.hierarchical.NodeTestTask.executeRecursively(NodeTestTask.java:138)
	at org.junit.platform.engine.support.hierarchical.NodeTestTask.execute(NodeTestTask.java:95)
	at java.base/java.util.ArrayList.forEach(ArrayList.java:1511)
	at org.junit.platform.engine.support.hierarchical.SameThreadHierarchicalTestExecutorService.invokeAll(SameThreadHierarchicalTestExecutorService.java:41)
	at org.junit.platform.engine.support.hierarchical.NodeTestTask.lambda$executeRecursively$6(NodeTestTask.java:155)
	at org.junit.platform.engine.support.hierarchical.ThrowableCollector.execute(ThrowableCollector.java:73)
	at org.junit.platform.engine.support.hierarchical.NodeTestTask.lambda$executeRecursively$8(NodeTestTask.java:141)
	at org.junit.platform.engine.support.hierarchical.Node.around(Node.java:137)
	at org.junit.platform.engine.support.hierarchical.NodeTestTask.lambda$executeRecursively$9(NodeTestTask.java:139)
	at org.junit.platform.engine.support.hierarchical.ThrowableCollector.execute(ThrowableCollector.java:73)
	at org.junit.platform.engine.support.hierarchical.NodeTestTask.executeRecursively(NodeTestTask.java:138)
	at org.junit.platform.engine.support.hierarchical.NodeTestTask.execute(NodeTestTask.java:95)
	at org.junit.platform.engine.support.hierarchical.SameThreadHierarchicalTestExecutorService.submit(SameThreadHierarchicalTestExecutorService.java:35)
	at org.junit.platform.engine.support.hierarchical.HierarchicalTestExecutor.execute(HierarchicalTestExecutor.java:57)
	at org.junit.platform.engine.support.hierarchical.HierarchicalTestEngine.execute(HierarchicalTestEngine.java:54)
	at org.junit.platform.launcher.core.EngineExecutionOrchestrator.execute(EngineExecutionOrchestrator.java:107)
	at org.junit.platform.launcher.core.EngineExecutionOrchestrator.execute(EngineExecutionOrchestrator.java:88)
	at org.junit.platform.launcher.core.EngineExecutionOrchestrator.lambda$execute$0(EngineExecutionOrchestrator.java:54)
	at org.junit.platform.launcher.core.EngineExecutionOrchestrator.withInterceptedStreams(EngineExecutionOrchestrator.java:67)
	at org.junit.platform.launcher.core.EngineExecutionOrchestrator.execute(EngineExecutionOrchestrator.java:52)
	at org.junit.platform.launcher.core.DefaultLauncher.execute(DefaultLauncher.java:114)
	at org.junit.platform.launcher.core.DefaultLauncher.execute(DefaultLauncher.java:86)
	at org.junit.platform.launcher.core.DefaultLauncherSession$DelegatingLauncher.execute(DefaultLauncherSession.java:86)
	at org.gradle.api.internal.tasks.testing.junitplatform.JUnitPlatformTestClassProcessor$CollectAllTestClassesExecutor.processAllTestClasses(JUnitPlatformTestClassProcessor.java:110)
	at org.gradle.api.internal.tasks.testing.junitplatform.JUnitPlatformTestClassProcessor$CollectAllTestClassesExecutor.access$000(JUnitPlatformTestClassProcessor.java:90)
	at org.gradle.api.internal.tasks.testing.junitplatform.JUnitPlatformTestClassProcessor.stop(JUnitPlatformTestClassProcessor.java:85)
	at org.gradle.api.internal.tasks.testing.SuiteTestClassProcessor.stop(SuiteTestClassProcessor.java:62)
	at java.base/jdk.internal.reflect.NativeMethodAccessorImpl.invoke0(Native Method)
	at java.base/jdk.internal.reflect.NativeMethodAccessorImpl.invoke(NativeMethodAccessorImpl.java:77)
	at java.base/jdk.internal.reflect.DelegatingMethodAccessorImpl.invoke(DelegatingMethodAccessorImpl.java:43)
	at java.base/java.lang.reflect.Method.invoke(Method.java:568)
	at org.gradle.internal.dispatch.ReflectionDispatch.dispatch(ReflectionDispatch.java:36)
	at org.gradle.internal.dispatch.ReflectionDispatch.dispatch(ReflectionDispatch.java:24)
	at org.gradle.internal.dispatch.ContextClassLoaderDispatch.dispatch(ContextClassLoaderDispatch.java:33)
	at org.gradle.internal.dispatch.ProxyDispatchAdapter$DispatchingInvocationHandler.invoke(ProxyDispatchAdapter.java:94)
	at jdk.proxy2/jdk.proxy2.$Proxy5.stop(Unknown Source)
	at org.gradle.api.internal.tasks.testing.worker.TestWorker$3.run(TestWorker.java:193)
	at org.gradle.api.internal.tasks.testing.worker.TestWorker.executeAndMaintainThreadName(TestWorker.java:129)
	at org.gradle.api.internal.tasks.testing.worker.TestWorker.execute(TestWorker.java:100)
	at org.gradle.api.internal.tasks.testing.worker.TestWorker.execute(TestWorker.java:60)
	at org.gradle.process.internal.worker.child.ActionExecutionWorker.execute(ActionExecutionWorker.java:56)
	at org.gradle.process.internal.worker.child.SystemApplicationClassLoaderWorker.call(SystemApplicationClassLoaderWorker.java:113)
	at org.gradle.process.internal.worker.child.SystemApplicationClassLoaderWorker.call(SystemApplicationClassLoaderWorker.java:65)
	at worker.org.gradle.process.internal.worker.GradleWorkerMain.run(GradleWorkerMain.java:69)
	at worker.org.gradle.process.internal.worker.GradleWorkerMain.main(GradleWorkerMain.java:74)
</failure>
  </testcase>
  <testcase name="testSubst()" classname="de.uka.ilkd.key.logic.TestClashFreeSubst" time="0.001">
    <failure message="java.lang.NullPointerException: Cannot invoke &quot;de.uka.ilkd.key.java.JavaService.getProgramFactory()&quot; because &quot;this.javaService&quot; is null" type="java.lang.NullPointerException">java.lang.NullPointerException: Cannot invoke &quot;de.uka.ilkd.key.java.JavaService.getProgramFactory()&quot; because &quot;this.javaService&quot; is null
	at de.uka.ilkd.key.java.KeYProgModelInfo.isPackage(KeYProgModelInfo.java:213)
	at de.uka.ilkd.key.java.JavaInfo.isPackage(JavaInfo.java:221)
	at de.uka.ilkd.key.speclang.translation.SLExpressionResolver.trimPackageRef(SLExpressionResolver.java:43)
	at de.uka.ilkd.key.speclang.translation.SLExpressionResolver.areInSamePackage(SLExpressionResolver.java:62)
	at de.uka.ilkd.key.speclang.translation.SLExpressionResolver.isVisibleHelper(SLExpressionResolver.java:103)
	at de.uka.ilkd.key.speclang.translation.SLExpressionResolver.isVisible(SLExpressionResolver.java:114)
	at de.uka.ilkd.key.speclang.translation.SLAttributeResolver.lookupVisibleAttribute(SLAttributeResolver.java:37)
	at de.uka.ilkd.key.speclang.translation.SLAttributeResolver.doResolving(SLAttributeResolver.java:94)
	at de.uka.ilkd.key.speclang.translation.SLExpressionResolver.resolve(SLExpressionResolver.java:149)
	at de.uka.ilkd.key.speclang.translation.SLResolverManager.resolveExplicit(SLResolverManager.java:137)
	at de.uka.ilkd.key.speclang.translation.SLResolverManager.resolveImplicit(SLResolverManager.java:112)
	at de.uka.ilkd.key.speclang.translation.SLResolverManager.resolveIt(SLResolverManager.java:159)
	at de.uka.ilkd.key.speclang.translation.SLResolverManager.resolve(SLResolverManager.java:195)
	at de.uka.ilkd.key.speclang.njml.Translator.lookupIdentifier(Translator.java:924)
	at de.uka.ilkd.key.speclang.njml.Translator.visitIdent(Translator.java:882)
	at de.uka.ilkd.key.speclang.njml.JmlParser$IdentContext.accept(JmlParser.java:8637)
	at org.antlr.v4.runtime.tree.AbstractParseTreeVisitor.visitChildren(AbstractParseTreeVisitor.java:46)
	at de.uka.ilkd.key.speclang.njml.JmlParserBaseVisitor.visitPrimaryexpr(JmlParserBaseVisitor.java:724)
	at de.uka.ilkd.key.speclang.njml.JmlParser$PrimaryexprContext.accept(JmlParser.java:8399)
	at de.uka.ilkd.key.speclang.njml.Translator.accept(Translator.java:128)
	at de.uka.ilkd.key.speclang.njml.Translator.visitPostfixexpr(Translator.java:854)
	at de.uka.ilkd.key.speclang.njml.Translator.visitPostfixexpr(Translator.java:63)
	at de.uka.ilkd.key.speclang.njml.JmlParser$PostfixexprContext.accept(JmlParser.java:8315)
	at de.uka.ilkd.key.speclang.njml.Translator.accept(Translator.java:128)
	at de.uka.ilkd.key.speclang.njml.Translator.visitUnaryexprnotplusminus(Translator.java:840)
	at de.uka.ilkd.key.speclang.njml.JmlParser$UnaryexprnotplusminusContext.accept(JmlParser.java:8146)
	at de.uka.ilkd.key.speclang.njml.Translator.accept(Translator.java:128)
	at de.uka.ilkd.key.speclang.njml.Translator.oneOf(Translator.java:147)
	at de.uka.ilkd.key.speclang.njml.Translator.visitUnaryexpr(Translator.java:800)
	at de.uka.ilkd.key.speclang.njml.Translator.visitUnaryexpr(Translator.java:63)
	at de.uka.ilkd.key.speclang.njml.JmlParser$UnaryexprContext.accept(JmlParser.java:8002)
	at de.uka.ilkd.key.speclang.njml.Translator.accept(Translator.java:128)
	at de.uka.ilkd.key.speclang.njml.Translator.lambda$mapOf$0(Translator.java:133)
	at java.base/java.util.stream.ReferencePipeline$3$1.accept(ReferencePipeline.java:197)
	at java.base/java.util.ArrayList$ArrayListSpliterator.forEachRemaining(ArrayList.java:1625)
	at java.base/java.util.stream.AbstractPipeline.copyInto(AbstractPipeline.java:509)
	at java.base/java.util.stream.AbstractPipeline.wrapAndCopyInto(AbstractPipeline.java:499)
	at java.base/java.util.stream.ReduceOps$ReduceOp.evaluateSequential(ReduceOps.java:921)
	at java.base/java.util.stream.AbstractPipeline.evaluate(AbstractPipeline.java:234)
	at java.base/java.util.stream.ReferencePipeline.collect(ReferencePipeline.java:682)
	at de.uka.ilkd.key.speclang.njml.Translator.mapOf(Translator.java:133)
	at de.uka.ilkd.key.speclang.njml.Translator.visitMultexpr(Translator.java:737)
	at de.uka.ilkd.key.speclang.njml.JmlParser$MultexprContext.accept(JmlParser.java:7921)
	at de.uka.ilkd.key.speclang.njml.Translator.accept(Translator.java:128)
	at de.uka.ilkd.key.speclang.njml.Translator.lambda$mapOf$0(Translator.java:133)
	at java.base/java.util.stream.ReferencePipeline$3$1.accept(ReferencePipeline.java:197)
	at java.base/java.util.ArrayList$ArrayListSpliterator.forEachRemaining(ArrayList.java:1625)
	at java.base/java.util.stream.AbstractPipeline.copyInto(AbstractPipeline.java:509)
	at java.base/java.util.stream.AbstractPipeline.wrapAndCopyInto(AbstractPipeline.java:499)
	at java.base/java.util.stream.ReduceOps$ReduceOp.evaluateSequential(ReduceOps.java:921)
	at java.base/java.util.stream.AbstractPipeline.evaluate(AbstractPipeline.java:234)
	at java.base/java.util.stream.ReferencePipeline.collect(ReferencePipeline.java:682)
	at de.uka.ilkd.key.speclang.njml.Translator.mapOf(Translator.java:133)
	at de.uka.ilkd.key.speclang.njml.Translator.visitAdditiveexpr(Translator.java:720)
	at de.uka.ilkd.key.speclang.njml.JmlParser$AdditiveexprContext.accept(JmlParser.java:7829)
	at de.uka.ilkd.key.speclang.njml.Translator.accept(Translator.java:128)
	at de.uka.ilkd.key.speclang.njml.Translator.lambda$mapOf$0(Translator.java:133)
	at java.base/java.util.stream.ReferencePipeline$3$1.accept(ReferencePipeline.java:197)
	at java.base/java.util.ArrayList$ArrayListSpliterator.forEachRemaining(ArrayList.java:1625)
	at java.base/java.util.stream.AbstractPipeline.copyInto(AbstractPipeline.java:509)
	at java.base/java.util.stream.AbstractPipeline.wrapAndCopyInto(AbstractPipeline.java:499)
	at java.base/java.util.stream.ReduceOps$ReduceOp.evaluateSequential(ReduceOps.java:921)
	at java.base/java.util.stream.AbstractPipeline.evaluate(AbstractPipeline.java:234)
	at java.base/java.util.stream.ReferencePipeline.collect(ReferencePipeline.java:682)
	at de.uka.ilkd.key.speclang.njml.Translator.mapOf(Translator.java:133)
	at de.uka.ilkd.key.speclang.njml.Translator.visitShiftexpr(Translator.java:703)
	at de.uka.ilkd.key.speclang.njml.JmlParser$ShiftexprContext.accept(JmlParser.java:7742)
	at de.uka.ilkd.key.speclang.njml.Translator.accept(Translator.java:128)
	at de.uka.ilkd.key.speclang.njml.Translator.oneOf(Translator.java:147)
	at de.uka.ilkd.key.speclang.njml.Translator.visitRelationalexpr(Translator.java:494)
	at de.uka.ilkd.key.speclang.njml.JmlParser$RelationalexprContext.accept(JmlParser.java:7344)
	at de.uka.ilkd.key.speclang.njml.Translator.accept(Translator.java:128)
	at de.uka.ilkd.key.speclang.njml.Translator.lambda$mapOf$0(Translator.java:133)
	at java.base/java.util.stream.ReferencePipeline$3$1.accept(ReferencePipeline.java:197)
	at java.base/java.util.ArrayList$ArrayListSpliterator.forEachRemaining(ArrayList.java:1625)
	at java.base/java.util.stream.AbstractPipeline.copyInto(AbstractPipeline.java:509)
	at java.base/java.util.stream.AbstractPipeline.wrapAndCopyInto(AbstractPipeline.java:499)
	at java.base/java.util.stream.ReduceOps$ReduceOp.evaluateSequential(ReduceOps.java:921)
	at java.base/java.util.stream.AbstractPipeline.evaluate(AbstractPipeline.java:234)
	at java.base/java.util.stream.ReferencePipeline.collect(ReferencePipeline.java:682)
	at de.uka.ilkd.key.speclang.njml.Translator.mapOf(Translator.java:133)
	at de.uka.ilkd.key.speclang.njml.Translator.visitEqualityexpr(Translator.java:562)
	at de.uka.ilkd.key.speclang.njml.Translator.visitEqualityexpr(Translator.java:63)
	at de.uka.ilkd.key.speclang.njml.JmlParser$EqualityexprContext.accept(JmlParser.java:7270)
	at de.uka.ilkd.key.speclang.njml.Translator.accept(Translator.java:128)
	at de.uka.ilkd.key.speclang.njml.Translator.visitAndexpr(Translator.java:544)
	at de.uka.ilkd.key.speclang.njml.JmlParser$AndexprContext.accept(JmlParser.java:7201)
	at de.uka.ilkd.key.speclang.njml.Translator.accept(Translator.java:128)
	at de.uka.ilkd.key.speclang.njml.Translator.visitExclusiveorexpr(Translator.java:529)
	at de.uka.ilkd.key.speclang.njml.JmlParser$ExclusiveorexprContext.accept(JmlParser.java:7132)
	at de.uka.ilkd.key.speclang.njml.Translator.accept(Translator.java:128)
	at de.uka.ilkd.key.speclang.njml.Translator.visitInclusiveorexpr(Translator.java:514)
	at de.uka.ilkd.key.speclang.njml.JmlParser$InclusiveorexprContext.accept(JmlParser.java:7063)
	at de.uka.ilkd.key.speclang.njml.Translator.accept(Translator.java:128)
	at de.uka.ilkd.key.speclang.njml.Translator.visitLogicalandexpr(Translator.java:501)
	at de.uka.ilkd.key.speclang.njml.JmlParser$LogicalandexprContext.accept(JmlParser.java:6994)
	at de.uka.ilkd.key.speclang.njml.Translator.accept(Translator.java:128)
	at de.uka.ilkd.key.speclang.njml.Translator.visitLogicalorexpr(Translator.java:482)
	at de.uka.ilkd.key.speclang.njml.Translator.visitLogicalorexpr(Translator.java:63)
	at de.uka.ilkd.key.speclang.njml.JmlParser$LogicalorexprContext.accept(JmlParser.java:6925)
	at de.uka.ilkd.key.speclang.njml.Translator.accept(Translator.java:128)
	at de.uka.ilkd.key.speclang.njml.Translator.visitImpliesexpr(Translator.java:446)
	at de.uka.ilkd.key.speclang.njml.JmlParser$ImpliesexprContext.accept(JmlParser.java:6662)
	at de.uka.ilkd.key.speclang.njml.Translator.accept(Translator.java:128)
	at de.uka.ilkd.key.speclang.njml.Translator.lambda$mapOf$0(Translator.java:133)
	at java.base/java.util.stream.ReferencePipeline$3$1.accept(ReferencePipeline.java:197)
	at java.base/java.util.ArrayList$ArrayListSpliterator.forEachRemaining(ArrayList.java:1625)
	at java.base/java.util.stream.AbstractPipeline.copyInto(AbstractPipeline.java:509)
	at java.base/java.util.stream.AbstractPipeline.wrapAndCopyInto(AbstractPipeline.java:499)
	at java.base/java.util.stream.ReduceOps$ReduceOp.evaluateSequential(ReduceOps.java:921)
	at java.base/java.util.stream.AbstractPipeline.evaluate(AbstractPipeline.java:234)
	at java.base/java.util.stream.ReferencePipeline.collect(ReferencePipeline.java:682)
	at de.uka.ilkd.key.speclang.njml.Translator.mapOf(Translator.java:133)
	at de.uka.ilkd.key.speclang.njml.Translator.visitEquivalenceexpr(Translator.java:426)
	at de.uka.ilkd.key.speclang.njml.JmlParser$EquivalenceexprContext.accept(JmlParser.java:6585)
	at de.uka.ilkd.key.speclang.njml.Translator.accept(Translator.java:128)
	at de.uka.ilkd.key.speclang.njml.Translator.visitConditionalexpr(Translator.java:412)
	at de.uka.ilkd.key.speclang.njml.Translator.visitConditionalexpr(Translator.java:63)
	at de.uka.ilkd.key.speclang.njml.JmlParser$ConditionalexprContext.accept(JmlParser.java:6516)
	at de.uka.ilkd.key.speclang.njml.Translator.accept(Translator.java:128)
	at de.uka.ilkd.key.speclang.njml.Translator.visitExpression(Translator.java:402)
	at de.uka.ilkd.key.speclang.njml.Translator.visitExpression(Translator.java:63)
	at de.uka.ilkd.key.speclang.njml.JmlParser$ExpressionContext.accept(JmlParser.java:6463)
	at de.uka.ilkd.key.speclang.njml.JmlIO.interpret(JmlIO.java:178)
	at de.uka.ilkd.key.speclang.njml.JmlIO.translateTerm(JmlIO.java:188)
	at de.uka.ilkd.key.speclang.njml.JmlIO.translateTerm(JmlIO.java:201)
	at de.uka.ilkd.key.speclang.jml.translation.JMLSpecFactory.createJMLClassInvariant(JMLSpecFactory.java:957)
	at de.uka.ilkd.key.speclang.jml.JMLSpecExtractor.extractClassSpecs(JMLSpecExtractor.java:250)
	at de.uka.ilkd.key.speclang.SLEnvInput.createSpecs(SLEnvInput.java:284)
	at de.uka.ilkd.key.speclang.SLEnvInput.read(SLEnvInput.java:351)
	at de.uka.ilkd.key.proof.init.KeYUserProblemFile.read(KeYUserProblemFile.java:111)
	at de.uka.ilkd.key.proof.init.ProblemInitializer.readEnvInput(ProblemInitializer.java:323)
	at de.uka.ilkd.key.proof.init.ProblemInitializer.prepare(ProblemInitializer.java:561)
	at de.uka.ilkd.key.proof.init.ProblemInitializer.prepare(ProblemInitializer.java:471)
	at de.uka.ilkd.key.proof.init.ProblemInitializer.startProver(ProblemInitializer.java:607)
	at de.uka.ilkd.key.util.HelperClassForTests.parse(HelperClassForTests.java:78)
	at de.uka.ilkd.key.util.HelperClassForTests.parse(HelperClassForTests.java:66)
	at de.uka.ilkd.key.util.HelperClassForTests.createServices(HelperClassForTests.java:303)
	at de.uka.ilkd.key.parser.AbstractTestTermParser.getServices(AbstractTestTermParser.java:173)
	at de.uka.ilkd.key.parser.AbstractTestTermParser.&lt;init&gt;(AbstractTestTermParser.java:35)
	at de.uka.ilkd.key.logic.TestClashFreeSubst.&lt;init&gt;(TestClashFreeSubst.java:24)
	at java.base/jdk.internal.reflect.NativeConstructorAccessorImpl.newInstance0(Native Method)
	at java.base/jdk.internal.reflect.NativeConstructorAccessorImpl.newInstance(NativeConstructorAccessorImpl.java:77)
	at java.base/jdk.internal.reflect.DelegatingConstructorAccessorImpl.newInstance(DelegatingConstructorAccessorImpl.java:45)
	at java.base/java.lang.reflect.Constructor.newInstanceWithCaller(Constructor.java:499)
	at java.base/java.lang.reflect.Constructor.newInstance(Constructor.java:480)
	at org.junit.platform.commons.util.ReflectionUtils.newInstance(ReflectionUtils.java:552)
	at org.junit.jupiter.engine.execution.ConstructorInvocation.proceed(ConstructorInvocation.java:56)
	at org.junit.jupiter.engine.execution.InvocationInterceptorChain$ValidatingInvocation.proceed(InvocationInterceptorChain.java:131)
	at org.junit.jupiter.api.extension.InvocationInterceptor.interceptTestClassConstructor(InvocationInterceptor.java:73)
	at org.junit.jupiter.engine.execution.InterceptingExecutableInvoker.lambda$invoke$0(InterceptingExecutableInvoker.java:93)
	at org.junit.jupiter.engine.execution.InvocationInterceptorChain$InterceptedInvocation.proceed(InvocationInterceptorChain.java:106)
	at org.junit.jupiter.engine.execution.InvocationInterceptorChain.proceed(InvocationInterceptorChain.java:64)
	at org.junit.jupiter.engine.execution.InvocationInterceptorChain.chainAndInvoke(InvocationInterceptorChain.java:45)
	at org.junit.jupiter.engine.execution.InvocationInterceptorChain.invoke(InvocationInterceptorChain.java:37)
	at org.junit.jupiter.engine.execution.InterceptingExecutableInvoker.invoke(InterceptingExecutableInvoker.java:92)
	at org.junit.jupiter.engine.execution.InterceptingExecutableInvoker.invoke(InterceptingExecutableInvoker.java:62)
	at org.junit.jupiter.engine.descriptor.ClassBasedTestDescriptor.invokeTestClassConstructor(ClassBasedTestDescriptor.java:363)
	at org.junit.jupiter.engine.descriptor.ClassBasedTestDescriptor.instantiateTestClass(ClassBasedTestDescriptor.java:310)
	at org.junit.jupiter.engine.descriptor.ClassTestDescriptor.instantiateTestClass(ClassTestDescriptor.java:79)
	at org.junit.jupiter.engine.descriptor.ClassBasedTestDescriptor.instantiateAndPostProcessTestInstance(ClassBasedTestDescriptor.java:286)
	at org.junit.jupiter.engine.descriptor.ClassBasedTestDescriptor.lambda$testInstancesProvider$4(ClassBasedTestDescriptor.java:278)
	at java.base/java.util.Optional.orElseGet(Optional.java:364)
	at org.junit.jupiter.engine.descriptor.ClassBasedTestDescriptor.lambda$testInstancesProvider$5(ClassBasedTestDescriptor.java:277)
	at org.junit.jupiter.engine.execution.TestInstancesProvider.getTestInstances(TestInstancesProvider.java:31)
	at org.junit.jupiter.engine.descriptor.TestMethodTestDescriptor.lambda$prepare$0(TestMethodTestDescriptor.java:105)
	at org.junit.platform.engine.support.hierarchical.ThrowableCollector.execute(ThrowableCollector.java:73)
	at org.junit.jupiter.engine.descriptor.TestMethodTestDescriptor.prepare(TestMethodTestDescriptor.java:104)
	at org.junit.jupiter.engine.descriptor.TestMethodTestDescriptor.prepare(TestMethodTestDescriptor.java:68)
	at org.junit.platform.engine.support.hierarchical.NodeTestTask.lambda$prepare$2(NodeTestTask.java:123)
	at org.junit.platform.engine.support.hierarchical.ThrowableCollector.execute(ThrowableCollector.java:73)
	at org.junit.platform.engine.support.hierarchical.NodeTestTask.prepare(NodeTestTask.java:123)
	at org.junit.platform.engine.support.hierarchical.NodeTestTask.execute(NodeTestTask.java:90)
	at java.base/java.util.ArrayList.forEach(ArrayList.java:1511)
	at org.junit.platform.engine.support.hierarchical.SameThreadHierarchicalTestExecutorService.invokeAll(SameThreadHierarchicalTestExecutorService.java:41)
	at org.junit.platform.engine.support.hierarchical.NodeTestTask.lambda$executeRecursively$6(NodeTestTask.java:155)
	at org.junit.platform.engine.support.hierarchical.ThrowableCollector.execute(ThrowableCollector.java:73)
	at org.junit.platform.engine.support.hierarchical.NodeTestTask.lambda$executeRecursively$8(NodeTestTask.java:141)
	at org.junit.platform.engine.support.hierarchical.Node.around(Node.java:137)
	at org.junit.platform.engine.support.hierarchical.NodeTestTask.lambda$executeRecursively$9(NodeTestTask.java:139)
	at org.junit.platform.engine.support.hierarchical.ThrowableCollector.execute(ThrowableCollector.java:73)
	at org.junit.platform.engine.support.hierarchical.NodeTestTask.executeRecursively(NodeTestTask.java:138)
	at org.junit.platform.engine.support.hierarchical.NodeTestTask.execute(NodeTestTask.java:95)
	at java.base/java.util.ArrayList.forEach(ArrayList.java:1511)
	at org.junit.platform.engine.support.hierarchical.SameThreadHierarchicalTestExecutorService.invokeAll(SameThreadHierarchicalTestExecutorService.java:41)
	at org.junit.platform.engine.support.hierarchical.NodeTestTask.lambda$executeRecursively$6(NodeTestTask.java:155)
	at org.junit.platform.engine.support.hierarchical.ThrowableCollector.execute(ThrowableCollector.java:73)
	at org.junit.platform.engine.support.hierarchical.NodeTestTask.lambda$executeRecursively$8(NodeTestTask.java:141)
	at org.junit.platform.engine.support.hierarchical.Node.around(Node.java:137)
	at org.junit.platform.engine.support.hierarchical.NodeTestTask.lambda$executeRecursively$9(NodeTestTask.java:139)
	at org.junit.platform.engine.support.hierarchical.ThrowableCollector.execute(ThrowableCollector.java:73)
	at org.junit.platform.engine.support.hierarchical.NodeTestTask.executeRecursively(NodeTestTask.java:138)
	at org.junit.platform.engine.support.hierarchical.NodeTestTask.execute(NodeTestTask.java:95)
	at org.junit.platform.engine.support.hierarchical.SameThreadHierarchicalTestExecutorService.submit(SameThreadHierarchicalTestExecutorService.java:35)
	at org.junit.platform.engine.support.hierarchical.HierarchicalTestExecutor.execute(HierarchicalTestExecutor.java:57)
	at org.junit.platform.engine.support.hierarchical.HierarchicalTestEngine.execute(HierarchicalTestEngine.java:54)
	at org.junit.platform.launcher.core.EngineExecutionOrchestrator.execute(EngineExecutionOrchestrator.java:107)
	at org.junit.platform.launcher.core.EngineExecutionOrchestrator.execute(EngineExecutionOrchestrator.java:88)
	at org.junit.platform.launcher.core.EngineExecutionOrchestrator.lambda$execute$0(EngineExecutionOrchestrator.java:54)
	at org.junit.platform.launcher.core.EngineExecutionOrchestrator.withInterceptedStreams(EngineExecutionOrchestrator.java:67)
	at org.junit.platform.launcher.core.EngineExecutionOrchestrator.execute(EngineExecutionOrchestrator.java:52)
	at org.junit.platform.launcher.core.DefaultLauncher.execute(DefaultLauncher.java:114)
	at org.junit.platform.launcher.core.DefaultLauncher.execute(DefaultLauncher.java:86)
	at org.junit.platform.launcher.core.DefaultLauncherSession$DelegatingLauncher.execute(DefaultLauncherSession.java:86)
	at org.gradle.api.internal.tasks.testing.junitplatform.JUnitPlatformTestClassProcessor$CollectAllTestClassesExecutor.processAllTestClasses(JUnitPlatformTestClassProcessor.java:110)
	at org.gradle.api.internal.tasks.testing.junitplatform.JUnitPlatformTestClassProcessor$CollectAllTestClassesExecutor.access$000(JUnitPlatformTestClassProcessor.java:90)
	at org.gradle.api.internal.tasks.testing.junitplatform.JUnitPlatformTestClassProcessor.stop(JUnitPlatformTestClassProcessor.java:85)
	at org.gradle.api.internal.tasks.testing.SuiteTestClassProcessor.stop(SuiteTestClassProcessor.java:62)
	at java.base/jdk.internal.reflect.NativeMethodAccessorImpl.invoke0(Native Method)
	at java.base/jdk.internal.reflect.NativeMethodAccessorImpl.invoke(NativeMethodAccessorImpl.java:77)
	at java.base/jdk.internal.reflect.DelegatingMethodAccessorImpl.invoke(DelegatingMethodAccessorImpl.java:43)
	at java.base/java.lang.reflect.Method.invoke(Method.java:568)
	at org.gradle.internal.dispatch.ReflectionDispatch.dispatch(ReflectionDispatch.java:36)
	at org.gradle.internal.dispatch.ReflectionDispatch.dispatch(ReflectionDispatch.java:24)
	at org.gradle.internal.dispatch.ContextClassLoaderDispatch.dispatch(ContextClassLoaderDispatch.java:33)
	at org.gradle.internal.dispatch.ProxyDispatchAdapter$DispatchingInvocationHandler.invoke(ProxyDispatchAdapter.java:94)
	at jdk.proxy2/jdk.proxy2.$Proxy5.stop(Unknown Source)
	at org.gradle.api.internal.tasks.testing.worker.TestWorker$3.run(TestWorker.java:193)
	at org.gradle.api.internal.tasks.testing.worker.TestWorker.executeAndMaintainThreadName(TestWorker.java:129)
	at org.gradle.api.internal.tasks.testing.worker.TestWorker.execute(TestWorker.java:100)
	at org.gradle.api.internal.tasks.testing.worker.TestWorker.execute(TestWorker.java:60)
	at org.gradle.process.internal.worker.child.ActionExecutionWorker.execute(ActionExecutionWorker.java:56)
	at org.gradle.process.internal.worker.child.SystemApplicationClassLoaderWorker.call(SystemApplicationClassLoaderWorker.java:113)
	at org.gradle.process.internal.worker.child.SystemApplicationClassLoaderWorker.call(SystemApplicationClassLoaderWorker.java:65)
	at worker.org.gradle.process.internal.worker.GradleWorkerMain.run(GradleWorkerMain.java:69)
	at worker.org.gradle.process.internal.worker.GradleWorkerMain.main(GradleWorkerMain.java:74)
</failure>
  </testcase>
  <testcase name="testWary0()" classname="de.uka.ilkd.key.logic.TestClashFreeSubst" time="0.001">
    <failure message="java.lang.NullPointerException: Cannot invoke &quot;de.uka.ilkd.key.java.JavaService.getProgramFactory()&quot; because &quot;this.javaService&quot; is null" type="java.lang.NullPointerException">java.lang.NullPointerException: Cannot invoke &quot;de.uka.ilkd.key.java.JavaService.getProgramFactory()&quot; because &quot;this.javaService&quot; is null
	at de.uka.ilkd.key.java.KeYProgModelInfo.isPackage(KeYProgModelInfo.java:213)
	at de.uka.ilkd.key.java.JavaInfo.isPackage(JavaInfo.java:221)
	at de.uka.ilkd.key.speclang.translation.SLExpressionResolver.trimPackageRef(SLExpressionResolver.java:43)
	at de.uka.ilkd.key.speclang.translation.SLExpressionResolver.areInSamePackage(SLExpressionResolver.java:62)
	at de.uka.ilkd.key.speclang.translation.SLExpressionResolver.isVisibleHelper(SLExpressionResolver.java:103)
	at de.uka.ilkd.key.speclang.translation.SLExpressionResolver.isVisible(SLExpressionResolver.java:114)
	at de.uka.ilkd.key.speclang.translation.SLAttributeResolver.lookupVisibleAttribute(SLAttributeResolver.java:37)
	at de.uka.ilkd.key.speclang.translation.SLAttributeResolver.doResolving(SLAttributeResolver.java:94)
	at de.uka.ilkd.key.speclang.translation.SLExpressionResolver.resolve(SLExpressionResolver.java:149)
	at de.uka.ilkd.key.speclang.translation.SLResolverManager.resolveExplicit(SLResolverManager.java:137)
	at de.uka.ilkd.key.speclang.translation.SLResolverManager.resolveImplicit(SLResolverManager.java:112)
	at de.uka.ilkd.key.speclang.translation.SLResolverManager.resolveIt(SLResolverManager.java:159)
	at de.uka.ilkd.key.speclang.translation.SLResolverManager.resolve(SLResolverManager.java:195)
	at de.uka.ilkd.key.speclang.njml.Translator.lookupIdentifier(Translator.java:924)
	at de.uka.ilkd.key.speclang.njml.Translator.visitIdent(Translator.java:882)
	at de.uka.ilkd.key.speclang.njml.JmlParser$IdentContext.accept(JmlParser.java:8637)
	at org.antlr.v4.runtime.tree.AbstractParseTreeVisitor.visitChildren(AbstractParseTreeVisitor.java:46)
	at de.uka.ilkd.key.speclang.njml.JmlParserBaseVisitor.visitPrimaryexpr(JmlParserBaseVisitor.java:724)
	at de.uka.ilkd.key.speclang.njml.JmlParser$PrimaryexprContext.accept(JmlParser.java:8399)
	at de.uka.ilkd.key.speclang.njml.Translator.accept(Translator.java:128)
	at de.uka.ilkd.key.speclang.njml.Translator.visitPostfixexpr(Translator.java:854)
	at de.uka.ilkd.key.speclang.njml.Translator.visitPostfixexpr(Translator.java:63)
	at de.uka.ilkd.key.speclang.njml.JmlParser$PostfixexprContext.accept(JmlParser.java:8315)
	at de.uka.ilkd.key.speclang.njml.Translator.accept(Translator.java:128)
	at de.uka.ilkd.key.speclang.njml.Translator.visitUnaryexprnotplusminus(Translator.java:840)
	at de.uka.ilkd.key.speclang.njml.JmlParser$UnaryexprnotplusminusContext.accept(JmlParser.java:8146)
	at de.uka.ilkd.key.speclang.njml.Translator.accept(Translator.java:128)
	at de.uka.ilkd.key.speclang.njml.Translator.oneOf(Translator.java:147)
	at de.uka.ilkd.key.speclang.njml.Translator.visitUnaryexpr(Translator.java:800)
	at de.uka.ilkd.key.speclang.njml.Translator.visitUnaryexpr(Translator.java:63)
	at de.uka.ilkd.key.speclang.njml.JmlParser$UnaryexprContext.accept(JmlParser.java:8002)
	at de.uka.ilkd.key.speclang.njml.Translator.accept(Translator.java:128)
	at de.uka.ilkd.key.speclang.njml.Translator.lambda$mapOf$0(Translator.java:133)
	at java.base/java.util.stream.ReferencePipeline$3$1.accept(ReferencePipeline.java:197)
	at java.base/java.util.ArrayList$ArrayListSpliterator.forEachRemaining(ArrayList.java:1625)
	at java.base/java.util.stream.AbstractPipeline.copyInto(AbstractPipeline.java:509)
	at java.base/java.util.stream.AbstractPipeline.wrapAndCopyInto(AbstractPipeline.java:499)
	at java.base/java.util.stream.ReduceOps$ReduceOp.evaluateSequential(ReduceOps.java:921)
	at java.base/java.util.stream.AbstractPipeline.evaluate(AbstractPipeline.java:234)
	at java.base/java.util.stream.ReferencePipeline.collect(ReferencePipeline.java:682)
	at de.uka.ilkd.key.speclang.njml.Translator.mapOf(Translator.java:133)
	at de.uka.ilkd.key.speclang.njml.Translator.visitMultexpr(Translator.java:737)
	at de.uka.ilkd.key.speclang.njml.JmlParser$MultexprContext.accept(JmlParser.java:7921)
	at de.uka.ilkd.key.speclang.njml.Translator.accept(Translator.java:128)
	at de.uka.ilkd.key.speclang.njml.Translator.lambda$mapOf$0(Translator.java:133)
	at java.base/java.util.stream.ReferencePipeline$3$1.accept(ReferencePipeline.java:197)
	at java.base/java.util.ArrayList$ArrayListSpliterator.forEachRemaining(ArrayList.java:1625)
	at java.base/java.util.stream.AbstractPipeline.copyInto(AbstractPipeline.java:509)
	at java.base/java.util.stream.AbstractPipeline.wrapAndCopyInto(AbstractPipeline.java:499)
	at java.base/java.util.stream.ReduceOps$ReduceOp.evaluateSequential(ReduceOps.java:921)
	at java.base/java.util.stream.AbstractPipeline.evaluate(AbstractPipeline.java:234)
	at java.base/java.util.stream.ReferencePipeline.collect(ReferencePipeline.java:682)
	at de.uka.ilkd.key.speclang.njml.Translator.mapOf(Translator.java:133)
	at de.uka.ilkd.key.speclang.njml.Translator.visitAdditiveexpr(Translator.java:720)
	at de.uka.ilkd.key.speclang.njml.JmlParser$AdditiveexprContext.accept(JmlParser.java:7829)
	at de.uka.ilkd.key.speclang.njml.Translator.accept(Translator.java:128)
	at de.uka.ilkd.key.speclang.njml.Translator.lambda$mapOf$0(Translator.java:133)
	at java.base/java.util.stream.ReferencePipeline$3$1.accept(ReferencePipeline.java:197)
	at java.base/java.util.ArrayList$ArrayListSpliterator.forEachRemaining(ArrayList.java:1625)
	at java.base/java.util.stream.AbstractPipeline.copyInto(AbstractPipeline.java:509)
	at java.base/java.util.stream.AbstractPipeline.wrapAndCopyInto(AbstractPipeline.java:499)
	at java.base/java.util.stream.ReduceOps$ReduceOp.evaluateSequential(ReduceOps.java:921)
	at java.base/java.util.stream.AbstractPipeline.evaluate(AbstractPipeline.java:234)
	at java.base/java.util.stream.ReferencePipeline.collect(ReferencePipeline.java:682)
	at de.uka.ilkd.key.speclang.njml.Translator.mapOf(Translator.java:133)
	at de.uka.ilkd.key.speclang.njml.Translator.visitShiftexpr(Translator.java:703)
	at de.uka.ilkd.key.speclang.njml.JmlParser$ShiftexprContext.accept(JmlParser.java:7742)
	at de.uka.ilkd.key.speclang.njml.Translator.accept(Translator.java:128)
	at de.uka.ilkd.key.speclang.njml.Translator.oneOf(Translator.java:147)
	at de.uka.ilkd.key.speclang.njml.Translator.visitRelationalexpr(Translator.java:494)
	at de.uka.ilkd.key.speclang.njml.JmlParser$RelationalexprContext.accept(JmlParser.java:7344)
	at de.uka.ilkd.key.speclang.njml.Translator.accept(Translator.java:128)
	at de.uka.ilkd.key.speclang.njml.Translator.lambda$mapOf$0(Translator.java:133)
	at java.base/java.util.stream.ReferencePipeline$3$1.accept(ReferencePipeline.java:197)
	at java.base/java.util.ArrayList$ArrayListSpliterator.forEachRemaining(ArrayList.java:1625)
	at java.base/java.util.stream.AbstractPipeline.copyInto(AbstractPipeline.java:509)
	at java.base/java.util.stream.AbstractPipeline.wrapAndCopyInto(AbstractPipeline.java:499)
	at java.base/java.util.stream.ReduceOps$ReduceOp.evaluateSequential(ReduceOps.java:921)
	at java.base/java.util.stream.AbstractPipeline.evaluate(AbstractPipeline.java:234)
	at java.base/java.util.stream.ReferencePipeline.collect(ReferencePipeline.java:682)
	at de.uka.ilkd.key.speclang.njml.Translator.mapOf(Translator.java:133)
	at de.uka.ilkd.key.speclang.njml.Translator.visitEqualityexpr(Translator.java:562)
	at de.uka.ilkd.key.speclang.njml.Translator.visitEqualityexpr(Translator.java:63)
	at de.uka.ilkd.key.speclang.njml.JmlParser$EqualityexprContext.accept(JmlParser.java:7270)
	at de.uka.ilkd.key.speclang.njml.Translator.accept(Translator.java:128)
	at de.uka.ilkd.key.speclang.njml.Translator.visitAndexpr(Translator.java:544)
	at de.uka.ilkd.key.speclang.njml.JmlParser$AndexprContext.accept(JmlParser.java:7201)
	at de.uka.ilkd.key.speclang.njml.Translator.accept(Translator.java:128)
	at de.uka.ilkd.key.speclang.njml.Translator.visitExclusiveorexpr(Translator.java:529)
	at de.uka.ilkd.key.speclang.njml.JmlParser$ExclusiveorexprContext.accept(JmlParser.java:7132)
	at de.uka.ilkd.key.speclang.njml.Translator.accept(Translator.java:128)
	at de.uka.ilkd.key.speclang.njml.Translator.visitInclusiveorexpr(Translator.java:514)
	at de.uka.ilkd.key.speclang.njml.JmlParser$InclusiveorexprContext.accept(JmlParser.java:7063)
	at de.uka.ilkd.key.speclang.njml.Translator.accept(Translator.java:128)
	at de.uka.ilkd.key.speclang.njml.Translator.visitLogicalandexpr(Translator.java:501)
	at de.uka.ilkd.key.speclang.njml.JmlParser$LogicalandexprContext.accept(JmlParser.java:6994)
	at de.uka.ilkd.key.speclang.njml.Translator.accept(Translator.java:128)
	at de.uka.ilkd.key.speclang.njml.Translator.visitLogicalorexpr(Translator.java:482)
	at de.uka.ilkd.key.speclang.njml.Translator.visitLogicalorexpr(Translator.java:63)
	at de.uka.ilkd.key.speclang.njml.JmlParser$LogicalorexprContext.accept(JmlParser.java:6925)
	at de.uka.ilkd.key.speclang.njml.Translator.accept(Translator.java:128)
	at de.uka.ilkd.key.speclang.njml.Translator.visitImpliesexpr(Translator.java:446)
	at de.uka.ilkd.key.speclang.njml.JmlParser$ImpliesexprContext.accept(JmlParser.java:6662)
	at de.uka.ilkd.key.speclang.njml.Translator.accept(Translator.java:128)
	at de.uka.ilkd.key.speclang.njml.Translator.lambda$mapOf$0(Translator.java:133)
	at java.base/java.util.stream.ReferencePipeline$3$1.accept(ReferencePipeline.java:197)
	at java.base/java.util.ArrayList$ArrayListSpliterator.forEachRemaining(ArrayList.java:1625)
	at java.base/java.util.stream.AbstractPipeline.copyInto(AbstractPipeline.java:509)
	at java.base/java.util.stream.AbstractPipeline.wrapAndCopyInto(AbstractPipeline.java:499)
	at java.base/java.util.stream.ReduceOps$ReduceOp.evaluateSequential(ReduceOps.java:921)
	at java.base/java.util.stream.AbstractPipeline.evaluate(AbstractPipeline.java:234)
	at java.base/java.util.stream.ReferencePipeline.collect(ReferencePipeline.java:682)
	at de.uka.ilkd.key.speclang.njml.Translator.mapOf(Translator.java:133)
	at de.uka.ilkd.key.speclang.njml.Translator.visitEquivalenceexpr(Translator.java:426)
	at de.uka.ilkd.key.speclang.njml.JmlParser$EquivalenceexprContext.accept(JmlParser.java:6585)
	at de.uka.ilkd.key.speclang.njml.Translator.accept(Translator.java:128)
	at de.uka.ilkd.key.speclang.njml.Translator.visitConditionalexpr(Translator.java:412)
	at de.uka.ilkd.key.speclang.njml.Translator.visitConditionalexpr(Translator.java:63)
	at de.uka.ilkd.key.speclang.njml.JmlParser$ConditionalexprContext.accept(JmlParser.java:6516)
	at de.uka.ilkd.key.speclang.njml.Translator.accept(Translator.java:128)
	at de.uka.ilkd.key.speclang.njml.Translator.visitExpression(Translator.java:402)
	at de.uka.ilkd.key.speclang.njml.Translator.visitExpression(Translator.java:63)
	at de.uka.ilkd.key.speclang.njml.JmlParser$ExpressionContext.accept(JmlParser.java:6463)
	at de.uka.ilkd.key.speclang.njml.JmlIO.interpret(JmlIO.java:178)
	at de.uka.ilkd.key.speclang.njml.JmlIO.translateTerm(JmlIO.java:188)
	at de.uka.ilkd.key.speclang.njml.JmlIO.translateTerm(JmlIO.java:201)
	at de.uka.ilkd.key.speclang.jml.translation.JMLSpecFactory.createJMLClassInvariant(JMLSpecFactory.java:957)
	at de.uka.ilkd.key.speclang.jml.JMLSpecExtractor.extractClassSpecs(JMLSpecExtractor.java:250)
	at de.uka.ilkd.key.speclang.SLEnvInput.createSpecs(SLEnvInput.java:284)
	at de.uka.ilkd.key.speclang.SLEnvInput.read(SLEnvInput.java:351)
	at de.uka.ilkd.key.proof.init.KeYUserProblemFile.read(KeYUserProblemFile.java:111)
	at de.uka.ilkd.key.proof.init.ProblemInitializer.readEnvInput(ProblemInitializer.java:323)
	at de.uka.ilkd.key.proof.init.ProblemInitializer.prepare(ProblemInitializer.java:561)
	at de.uka.ilkd.key.proof.init.ProblemInitializer.prepare(ProblemInitializer.java:471)
	at de.uka.ilkd.key.proof.init.ProblemInitializer.startProver(ProblemInitializer.java:607)
	at de.uka.ilkd.key.util.HelperClassForTests.parse(HelperClassForTests.java:78)
	at de.uka.ilkd.key.util.HelperClassForTests.parse(HelperClassForTests.java:66)
	at de.uka.ilkd.key.util.HelperClassForTests.createServices(HelperClassForTests.java:303)
	at de.uka.ilkd.key.parser.AbstractTestTermParser.getServices(AbstractTestTermParser.java:173)
	at de.uka.ilkd.key.parser.AbstractTestTermParser.&lt;init&gt;(AbstractTestTermParser.java:35)
	at de.uka.ilkd.key.logic.TestClashFreeSubst.&lt;init&gt;(TestClashFreeSubst.java:24)
	at java.base/jdk.internal.reflect.NativeConstructorAccessorImpl.newInstance0(Native Method)
	at java.base/jdk.internal.reflect.NativeConstructorAccessorImpl.newInstance(NativeConstructorAccessorImpl.java:77)
	at java.base/jdk.internal.reflect.DelegatingConstructorAccessorImpl.newInstance(DelegatingConstructorAccessorImpl.java:45)
	at java.base/java.lang.reflect.Constructor.newInstanceWithCaller(Constructor.java:499)
	at java.base/java.lang.reflect.Constructor.newInstance(Constructor.java:480)
	at org.junit.platform.commons.util.ReflectionUtils.newInstance(ReflectionUtils.java:552)
	at org.junit.jupiter.engine.execution.ConstructorInvocation.proceed(ConstructorInvocation.java:56)
	at org.junit.jupiter.engine.execution.InvocationInterceptorChain$ValidatingInvocation.proceed(InvocationInterceptorChain.java:131)
	at org.junit.jupiter.api.extension.InvocationInterceptor.interceptTestClassConstructor(InvocationInterceptor.java:73)
	at org.junit.jupiter.engine.execution.InterceptingExecutableInvoker.lambda$invoke$0(InterceptingExecutableInvoker.java:93)
	at org.junit.jupiter.engine.execution.InvocationInterceptorChain$InterceptedInvocation.proceed(InvocationInterceptorChain.java:106)
	at org.junit.jupiter.engine.execution.InvocationInterceptorChain.proceed(InvocationInterceptorChain.java:64)
	at org.junit.jupiter.engine.execution.InvocationInterceptorChain.chainAndInvoke(InvocationInterceptorChain.java:45)
	at org.junit.jupiter.engine.execution.InvocationInterceptorChain.invoke(InvocationInterceptorChain.java:37)
	at org.junit.jupiter.engine.execution.InterceptingExecutableInvoker.invoke(InterceptingExecutableInvoker.java:92)
	at org.junit.jupiter.engine.execution.InterceptingExecutableInvoker.invoke(InterceptingExecutableInvoker.java:62)
	at org.junit.jupiter.engine.descriptor.ClassBasedTestDescriptor.invokeTestClassConstructor(ClassBasedTestDescriptor.java:363)
	at org.junit.jupiter.engine.descriptor.ClassBasedTestDescriptor.instantiateTestClass(ClassBasedTestDescriptor.java:310)
	at org.junit.jupiter.engine.descriptor.ClassTestDescriptor.instantiateTestClass(ClassTestDescriptor.java:79)
	at org.junit.jupiter.engine.descriptor.ClassBasedTestDescriptor.instantiateAndPostProcessTestInstance(ClassBasedTestDescriptor.java:286)
	at org.junit.jupiter.engine.descriptor.ClassBasedTestDescriptor.lambda$testInstancesProvider$4(ClassBasedTestDescriptor.java:278)
	at java.base/java.util.Optional.orElseGet(Optional.java:364)
	at org.junit.jupiter.engine.descriptor.ClassBasedTestDescriptor.lambda$testInstancesProvider$5(ClassBasedTestDescriptor.java:277)
	at org.junit.jupiter.engine.execution.TestInstancesProvider.getTestInstances(TestInstancesProvider.java:31)
	at org.junit.jupiter.engine.descriptor.TestMethodTestDescriptor.lambda$prepare$0(TestMethodTestDescriptor.java:105)
	at org.junit.platform.engine.support.hierarchical.ThrowableCollector.execute(ThrowableCollector.java:73)
	at org.junit.jupiter.engine.descriptor.TestMethodTestDescriptor.prepare(TestMethodTestDescriptor.java:104)
	at org.junit.jupiter.engine.descriptor.TestMethodTestDescriptor.prepare(TestMethodTestDescriptor.java:68)
	at org.junit.platform.engine.support.hierarchical.NodeTestTask.lambda$prepare$2(NodeTestTask.java:123)
	at org.junit.platform.engine.support.hierarchical.ThrowableCollector.execute(ThrowableCollector.java:73)
	at org.junit.platform.engine.support.hierarchical.NodeTestTask.prepare(NodeTestTask.java:123)
	at org.junit.platform.engine.support.hierarchical.NodeTestTask.execute(NodeTestTask.java:90)
	at java.base/java.util.ArrayList.forEach(ArrayList.java:1511)
	at org.junit.platform.engine.support.hierarchical.SameThreadHierarchicalTestExecutorService.invokeAll(SameThreadHierarchicalTestExecutorService.java:41)
	at org.junit.platform.engine.support.hierarchical.NodeTestTask.lambda$executeRecursively$6(NodeTestTask.java:155)
	at org.junit.platform.engine.support.hierarchical.ThrowableCollector.execute(ThrowableCollector.java:73)
	at org.junit.platform.engine.support.hierarchical.NodeTestTask.lambda$executeRecursively$8(NodeTestTask.java:141)
	at org.junit.platform.engine.support.hierarchical.Node.around(Node.java:137)
	at org.junit.platform.engine.support.hierarchical.NodeTestTask.lambda$executeRecursively$9(NodeTestTask.java:139)
	at org.junit.platform.engine.support.hierarchical.ThrowableCollector.execute(ThrowableCollector.java:73)
	at org.junit.platform.engine.support.hierarchical.NodeTestTask.executeRecursively(NodeTestTask.java:138)
	at org.junit.platform.engine.support.hierarchical.NodeTestTask.execute(NodeTestTask.java:95)
	at java.base/java.util.ArrayList.forEach(ArrayList.java:1511)
	at org.junit.platform.engine.support.hierarchical.SameThreadHierarchicalTestExecutorService.invokeAll(SameThreadHierarchicalTestExecutorService.java:41)
	at org.junit.platform.engine.support.hierarchical.NodeTestTask.lambda$executeRecursively$6(NodeTestTask.java:155)
	at org.junit.platform.engine.support.hierarchical.ThrowableCollector.execute(ThrowableCollector.java:73)
	at org.junit.platform.engine.support.hierarchical.NodeTestTask.lambda$executeRecursively$8(NodeTestTask.java:141)
	at org.junit.platform.engine.support.hierarchical.Node.around(Node.java:137)
	at org.junit.platform.engine.support.hierarchical.NodeTestTask.lambda$executeRecursively$9(NodeTestTask.java:139)
	at org.junit.platform.engine.support.hierarchical.ThrowableCollector.execute(ThrowableCollector.java:73)
	at org.junit.platform.engine.support.hierarchical.NodeTestTask.executeRecursively(NodeTestTask.java:138)
	at org.junit.platform.engine.support.hierarchical.NodeTestTask.execute(NodeTestTask.java:95)
	at org.junit.platform.engine.support.hierarchical.SameThreadHierarchicalTestExecutorService.submit(SameThreadHierarchicalTestExecutorService.java:35)
	at org.junit.platform.engine.support.hierarchical.HierarchicalTestExecutor.execute(HierarchicalTestExecutor.java:57)
	at org.junit.platform.engine.support.hierarchical.HierarchicalTestEngine.execute(HierarchicalTestEngine.java:54)
	at org.junit.platform.launcher.core.EngineExecutionOrchestrator.execute(EngineExecutionOrchestrator.java:107)
	at org.junit.platform.launcher.core.EngineExecutionOrchestrator.execute(EngineExecutionOrchestrator.java:88)
	at org.junit.platform.launcher.core.EngineExecutionOrchestrator.lambda$execute$0(EngineExecutionOrchestrator.java:54)
	at org.junit.platform.launcher.core.EngineExecutionOrchestrator.withInterceptedStreams(EngineExecutionOrchestrator.java:67)
	at org.junit.platform.launcher.core.EngineExecutionOrchestrator.execute(EngineExecutionOrchestrator.java:52)
	at org.junit.platform.launcher.core.DefaultLauncher.execute(DefaultLauncher.java:114)
	at org.junit.platform.launcher.core.DefaultLauncher.execute(DefaultLauncher.java:86)
	at org.junit.platform.launcher.core.DefaultLauncherSession$DelegatingLauncher.execute(DefaultLauncherSession.java:86)
	at org.gradle.api.internal.tasks.testing.junitplatform.JUnitPlatformTestClassProcessor$CollectAllTestClassesExecutor.processAllTestClasses(JUnitPlatformTestClassProcessor.java:110)
	at org.gradle.api.internal.tasks.testing.junitplatform.JUnitPlatformTestClassProcessor$CollectAllTestClassesExecutor.access$000(JUnitPlatformTestClassProcessor.java:90)
	at org.gradle.api.internal.tasks.testing.junitplatform.JUnitPlatformTestClassProcessor.stop(JUnitPlatformTestClassProcessor.java:85)
	at org.gradle.api.internal.tasks.testing.SuiteTestClassProcessor.stop(SuiteTestClassProcessor.java:62)
	at java.base/jdk.internal.reflect.NativeMethodAccessorImpl.invoke0(Native Method)
	at java.base/jdk.internal.reflect.NativeMethodAccessorImpl.invoke(NativeMethodAccessorImpl.java:77)
	at java.base/jdk.internal.reflect.DelegatingMethodAccessorImpl.invoke(DelegatingMethodAccessorImpl.java:43)
	at java.base/java.lang.reflect.Method.invoke(Method.java:568)
	at org.gradle.internal.dispatch.ReflectionDispatch.dispatch(ReflectionDispatch.java:36)
	at org.gradle.internal.dispatch.ReflectionDispatch.dispatch(ReflectionDispatch.java:24)
	at org.gradle.internal.dispatch.ContextClassLoaderDispatch.dispatch(ContextClassLoaderDispatch.java:33)
	at org.gradle.internal.dispatch.ProxyDispatchAdapter$DispatchingInvocationHandler.invoke(ProxyDispatchAdapter.java:94)
	at jdk.proxy2/jdk.proxy2.$Proxy5.stop(Unknown Source)
	at org.gradle.api.internal.tasks.testing.worker.TestWorker$3.run(TestWorker.java:193)
	at org.gradle.api.internal.tasks.testing.worker.TestWorker.executeAndMaintainThreadName(TestWorker.java:129)
	at org.gradle.api.internal.tasks.testing.worker.TestWorker.execute(TestWorker.java:100)
	at org.gradle.api.internal.tasks.testing.worker.TestWorker.execute(TestWorker.java:60)
	at org.gradle.process.internal.worker.child.ActionExecutionWorker.execute(ActionExecutionWorker.java:56)
	at org.gradle.process.internal.worker.child.SystemApplicationClassLoaderWorker.call(SystemApplicationClassLoaderWorker.java:113)
	at org.gradle.process.internal.worker.child.SystemApplicationClassLoaderWorker.call(SystemApplicationClassLoaderWorker.java:65)
	at worker.org.gradle.process.internal.worker.GradleWorkerMain.run(GradleWorkerMain.java:69)
	at worker.org.gradle.process.internal.worker.GradleWorkerMain.main(GradleWorkerMain.java:74)
</failure>
  </testcase>
  <testcase name="testWary1()" classname="de.uka.ilkd.key.logic.TestClashFreeSubst" time="0.001">
    <failure message="java.lang.NullPointerException: Cannot invoke &quot;de.uka.ilkd.key.java.JavaService.getProgramFactory()&quot; because &quot;this.javaService&quot; is null" type="java.lang.NullPointerException">java.lang.NullPointerException: Cannot invoke &quot;de.uka.ilkd.key.java.JavaService.getProgramFactory()&quot; because &quot;this.javaService&quot; is null
	at de.uka.ilkd.key.java.KeYProgModelInfo.isPackage(KeYProgModelInfo.java:213)
	at de.uka.ilkd.key.java.JavaInfo.isPackage(JavaInfo.java:221)
	at de.uka.ilkd.key.speclang.translation.SLExpressionResolver.trimPackageRef(SLExpressionResolver.java:43)
	at de.uka.ilkd.key.speclang.translation.SLExpressionResolver.areInSamePackage(SLExpressionResolver.java:62)
	at de.uka.ilkd.key.speclang.translation.SLExpressionResolver.isVisibleHelper(SLExpressionResolver.java:103)
	at de.uka.ilkd.key.speclang.translation.SLExpressionResolver.isVisible(SLExpressionResolver.java:114)
	at de.uka.ilkd.key.speclang.translation.SLAttributeResolver.lookupVisibleAttribute(SLAttributeResolver.java:37)
	at de.uka.ilkd.key.speclang.translation.SLAttributeResolver.doResolving(SLAttributeResolver.java:94)
	at de.uka.ilkd.key.speclang.translation.SLExpressionResolver.resolve(SLExpressionResolver.java:149)
	at de.uka.ilkd.key.speclang.translation.SLResolverManager.resolveExplicit(SLResolverManager.java:137)
	at de.uka.ilkd.key.speclang.translation.SLResolverManager.resolveImplicit(SLResolverManager.java:112)
	at de.uka.ilkd.key.speclang.translation.SLResolverManager.resolveIt(SLResolverManager.java:159)
	at de.uka.ilkd.key.speclang.translation.SLResolverManager.resolve(SLResolverManager.java:195)
	at de.uka.ilkd.key.speclang.njml.Translator.lookupIdentifier(Translator.java:924)
	at de.uka.ilkd.key.speclang.njml.Translator.visitIdent(Translator.java:882)
	at de.uka.ilkd.key.speclang.njml.JmlParser$IdentContext.accept(JmlParser.java:8637)
	at org.antlr.v4.runtime.tree.AbstractParseTreeVisitor.visitChildren(AbstractParseTreeVisitor.java:46)
	at de.uka.ilkd.key.speclang.njml.JmlParserBaseVisitor.visitPrimaryexpr(JmlParserBaseVisitor.java:724)
	at de.uka.ilkd.key.speclang.njml.JmlParser$PrimaryexprContext.accept(JmlParser.java:8399)
	at de.uka.ilkd.key.speclang.njml.Translator.accept(Translator.java:128)
	at de.uka.ilkd.key.speclang.njml.Translator.visitPostfixexpr(Translator.java:854)
	at de.uka.ilkd.key.speclang.njml.Translator.visitPostfixexpr(Translator.java:63)
	at de.uka.ilkd.key.speclang.njml.JmlParser$PostfixexprContext.accept(JmlParser.java:8315)
	at de.uka.ilkd.key.speclang.njml.Translator.accept(Translator.java:128)
	at de.uka.ilkd.key.speclang.njml.Translator.visitUnaryexprnotplusminus(Translator.java:840)
	at de.uka.ilkd.key.speclang.njml.JmlParser$UnaryexprnotplusminusContext.accept(JmlParser.java:8146)
	at de.uka.ilkd.key.speclang.njml.Translator.accept(Translator.java:128)
	at de.uka.ilkd.key.speclang.njml.Translator.oneOf(Translator.java:147)
	at de.uka.ilkd.key.speclang.njml.Translator.visitUnaryexpr(Translator.java:800)
	at de.uka.ilkd.key.speclang.njml.Translator.visitUnaryexpr(Translator.java:63)
	at de.uka.ilkd.key.speclang.njml.JmlParser$UnaryexprContext.accept(JmlParser.java:8002)
	at de.uka.ilkd.key.speclang.njml.Translator.accept(Translator.java:128)
	at de.uka.ilkd.key.speclang.njml.Translator.lambda$mapOf$0(Translator.java:133)
	at java.base/java.util.stream.ReferencePipeline$3$1.accept(ReferencePipeline.java:197)
	at java.base/java.util.ArrayList$ArrayListSpliterator.forEachRemaining(ArrayList.java:1625)
	at java.base/java.util.stream.AbstractPipeline.copyInto(AbstractPipeline.java:509)
	at java.base/java.util.stream.AbstractPipeline.wrapAndCopyInto(AbstractPipeline.java:499)
	at java.base/java.util.stream.ReduceOps$ReduceOp.evaluateSequential(ReduceOps.java:921)
	at java.base/java.util.stream.AbstractPipeline.evaluate(AbstractPipeline.java:234)
	at java.base/java.util.stream.ReferencePipeline.collect(ReferencePipeline.java:682)
	at de.uka.ilkd.key.speclang.njml.Translator.mapOf(Translator.java:133)
	at de.uka.ilkd.key.speclang.njml.Translator.visitMultexpr(Translator.java:737)
	at de.uka.ilkd.key.speclang.njml.JmlParser$MultexprContext.accept(JmlParser.java:7921)
	at de.uka.ilkd.key.speclang.njml.Translator.accept(Translator.java:128)
	at de.uka.ilkd.key.speclang.njml.Translator.lambda$mapOf$0(Translator.java:133)
	at java.base/java.util.stream.ReferencePipeline$3$1.accept(ReferencePipeline.java:197)
	at java.base/java.util.ArrayList$ArrayListSpliterator.forEachRemaining(ArrayList.java:1625)
	at java.base/java.util.stream.AbstractPipeline.copyInto(AbstractPipeline.java:509)
	at java.base/java.util.stream.AbstractPipeline.wrapAndCopyInto(AbstractPipeline.java:499)
	at java.base/java.util.stream.ReduceOps$ReduceOp.evaluateSequential(ReduceOps.java:921)
	at java.base/java.util.stream.AbstractPipeline.evaluate(AbstractPipeline.java:234)
	at java.base/java.util.stream.ReferencePipeline.collect(ReferencePipeline.java:682)
	at de.uka.ilkd.key.speclang.njml.Translator.mapOf(Translator.java:133)
	at de.uka.ilkd.key.speclang.njml.Translator.visitAdditiveexpr(Translator.java:720)
	at de.uka.ilkd.key.speclang.njml.JmlParser$AdditiveexprContext.accept(JmlParser.java:7829)
	at de.uka.ilkd.key.speclang.njml.Translator.accept(Translator.java:128)
	at de.uka.ilkd.key.speclang.njml.Translator.lambda$mapOf$0(Translator.java:133)
	at java.base/java.util.stream.ReferencePipeline$3$1.accept(ReferencePipeline.java:197)
	at java.base/java.util.ArrayList$ArrayListSpliterator.forEachRemaining(ArrayList.java:1625)
	at java.base/java.util.stream.AbstractPipeline.copyInto(AbstractPipeline.java:509)
	at java.base/java.util.stream.AbstractPipeline.wrapAndCopyInto(AbstractPipeline.java:499)
	at java.base/java.util.stream.ReduceOps$ReduceOp.evaluateSequential(ReduceOps.java:921)
	at java.base/java.util.stream.AbstractPipeline.evaluate(AbstractPipeline.java:234)
	at java.base/java.util.stream.ReferencePipeline.collect(ReferencePipeline.java:682)
	at de.uka.ilkd.key.speclang.njml.Translator.mapOf(Translator.java:133)
	at de.uka.ilkd.key.speclang.njml.Translator.visitShiftexpr(Translator.java:703)
	at de.uka.ilkd.key.speclang.njml.JmlParser$ShiftexprContext.accept(JmlParser.java:7742)
	at de.uka.ilkd.key.speclang.njml.Translator.accept(Translator.java:128)
	at de.uka.ilkd.key.speclang.njml.Translator.oneOf(Translator.java:147)
	at de.uka.ilkd.key.speclang.njml.Translator.visitRelationalexpr(Translator.java:494)
	at de.uka.ilkd.key.speclang.njml.JmlParser$RelationalexprContext.accept(JmlParser.java:7344)
	at de.uka.ilkd.key.speclang.njml.Translator.accept(Translator.java:128)
	at de.uka.ilkd.key.speclang.njml.Translator.lambda$mapOf$0(Translator.java:133)
	at java.base/java.util.stream.ReferencePipeline$3$1.accept(ReferencePipeline.java:197)
	at java.base/java.util.ArrayList$ArrayListSpliterator.forEachRemaining(ArrayList.java:1625)
	at java.base/java.util.stream.AbstractPipeline.copyInto(AbstractPipeline.java:509)
	at java.base/java.util.stream.AbstractPipeline.wrapAndCopyInto(AbstractPipeline.java:499)
	at java.base/java.util.stream.ReduceOps$ReduceOp.evaluateSequential(ReduceOps.java:921)
	at java.base/java.util.stream.AbstractPipeline.evaluate(AbstractPipeline.java:234)
	at java.base/java.util.stream.ReferencePipeline.collect(ReferencePipeline.java:682)
	at de.uka.ilkd.key.speclang.njml.Translator.mapOf(Translator.java:133)
	at de.uka.ilkd.key.speclang.njml.Translator.visitEqualityexpr(Translator.java:562)
	at de.uka.ilkd.key.speclang.njml.Translator.visitEqualityexpr(Translator.java:63)
	at de.uka.ilkd.key.speclang.njml.JmlParser$EqualityexprContext.accept(JmlParser.java:7270)
	at de.uka.ilkd.key.speclang.njml.Translator.accept(Translator.java:128)
	at de.uka.ilkd.key.speclang.njml.Translator.visitAndexpr(Translator.java:544)
	at de.uka.ilkd.key.speclang.njml.JmlParser$AndexprContext.accept(JmlParser.java:7201)
	at de.uka.ilkd.key.speclang.njml.Translator.accept(Translator.java:128)
	at de.uka.ilkd.key.speclang.njml.Translator.visitExclusiveorexpr(Translator.java:529)
	at de.uka.ilkd.key.speclang.njml.JmlParser$ExclusiveorexprContext.accept(JmlParser.java:7132)
	at de.uka.ilkd.key.speclang.njml.Translator.accept(Translator.java:128)
	at de.uka.ilkd.key.speclang.njml.Translator.visitInclusiveorexpr(Translator.java:514)
	at de.uka.ilkd.key.speclang.njml.JmlParser$InclusiveorexprContext.accept(JmlParser.java:7063)
	at de.uka.ilkd.key.speclang.njml.Translator.accept(Translator.java:128)
	at de.uka.ilkd.key.speclang.njml.Translator.visitLogicalandexpr(Translator.java:501)
	at de.uka.ilkd.key.speclang.njml.JmlParser$LogicalandexprContext.accept(JmlParser.java:6994)
	at de.uka.ilkd.key.speclang.njml.Translator.accept(Translator.java:128)
	at de.uka.ilkd.key.speclang.njml.Translator.visitLogicalorexpr(Translator.java:482)
	at de.uka.ilkd.key.speclang.njml.Translator.visitLogicalorexpr(Translator.java:63)
	at de.uka.ilkd.key.speclang.njml.JmlParser$LogicalorexprContext.accept(JmlParser.java:6925)
	at de.uka.ilkd.key.speclang.njml.Translator.accept(Translator.java:128)
	at de.uka.ilkd.key.speclang.njml.Translator.visitImpliesexpr(Translator.java:446)
	at de.uka.ilkd.key.speclang.njml.JmlParser$ImpliesexprContext.accept(JmlParser.java:6662)
	at de.uka.ilkd.key.speclang.njml.Translator.accept(Translator.java:128)
	at de.uka.ilkd.key.speclang.njml.Translator.lambda$mapOf$0(Translator.java:133)
	at java.base/java.util.stream.ReferencePipeline$3$1.accept(ReferencePipeline.java:197)
	at java.base/java.util.ArrayList$ArrayListSpliterator.forEachRemaining(ArrayList.java:1625)
	at java.base/java.util.stream.AbstractPipeline.copyInto(AbstractPipeline.java:509)
	at java.base/java.util.stream.AbstractPipeline.wrapAndCopyInto(AbstractPipeline.java:499)
	at java.base/java.util.stream.ReduceOps$ReduceOp.evaluateSequential(ReduceOps.java:921)
	at java.base/java.util.stream.AbstractPipeline.evaluate(AbstractPipeline.java:234)
	at java.base/java.util.stream.ReferencePipeline.collect(ReferencePipeline.java:682)
	at de.uka.ilkd.key.speclang.njml.Translator.mapOf(Translator.java:133)
	at de.uka.ilkd.key.speclang.njml.Translator.visitEquivalenceexpr(Translator.java:426)
	at de.uka.ilkd.key.speclang.njml.JmlParser$EquivalenceexprContext.accept(JmlParser.java:6585)
	at de.uka.ilkd.key.speclang.njml.Translator.accept(Translator.java:128)
	at de.uka.ilkd.key.speclang.njml.Translator.visitConditionalexpr(Translator.java:412)
	at de.uka.ilkd.key.speclang.njml.Translator.visitConditionalexpr(Translator.java:63)
	at de.uka.ilkd.key.speclang.njml.JmlParser$ConditionalexprContext.accept(JmlParser.java:6516)
	at de.uka.ilkd.key.speclang.njml.Translator.accept(Translator.java:128)
	at de.uka.ilkd.key.speclang.njml.Translator.visitExpression(Translator.java:402)
	at de.uka.ilkd.key.speclang.njml.Translator.visitExpression(Translator.java:63)
	at de.uka.ilkd.key.speclang.njml.JmlParser$ExpressionContext.accept(JmlParser.java:6463)
	at de.uka.ilkd.key.speclang.njml.JmlIO.interpret(JmlIO.java:178)
	at de.uka.ilkd.key.speclang.njml.JmlIO.translateTerm(JmlIO.java:188)
	at de.uka.ilkd.key.speclang.njml.JmlIO.translateTerm(JmlIO.java:201)
	at de.uka.ilkd.key.speclang.jml.translation.JMLSpecFactory.createJMLClassInvariant(JMLSpecFactory.java:957)
	at de.uka.ilkd.key.speclang.jml.JMLSpecExtractor.extractClassSpecs(JMLSpecExtractor.java:250)
	at de.uka.ilkd.key.speclang.SLEnvInput.createSpecs(SLEnvInput.java:284)
	at de.uka.ilkd.key.speclang.SLEnvInput.read(SLEnvInput.java:351)
	at de.uka.ilkd.key.proof.init.KeYUserProblemFile.read(KeYUserProblemFile.java:111)
	at de.uka.ilkd.key.proof.init.ProblemInitializer.readEnvInput(ProblemInitializer.java:323)
	at de.uka.ilkd.key.proof.init.ProblemInitializer.prepare(ProblemInitializer.java:561)
	at de.uka.ilkd.key.proof.init.ProblemInitializer.prepare(ProblemInitializer.java:471)
	at de.uka.ilkd.key.proof.init.ProblemInitializer.startProver(ProblemInitializer.java:607)
	at de.uka.ilkd.key.util.HelperClassForTests.parse(HelperClassForTests.java:78)
	at de.uka.ilkd.key.util.HelperClassForTests.parse(HelperClassForTests.java:66)
	at de.uka.ilkd.key.util.HelperClassForTests.createServices(HelperClassForTests.java:303)
	at de.uka.ilkd.key.parser.AbstractTestTermParser.getServices(AbstractTestTermParser.java:173)
	at de.uka.ilkd.key.parser.AbstractTestTermParser.&lt;init&gt;(AbstractTestTermParser.java:35)
	at de.uka.ilkd.key.logic.TestClashFreeSubst.&lt;init&gt;(TestClashFreeSubst.java:24)
	at java.base/jdk.internal.reflect.NativeConstructorAccessorImpl.newInstance0(Native Method)
	at java.base/jdk.internal.reflect.NativeConstructorAccessorImpl.newInstance(NativeConstructorAccessorImpl.java:77)
	at java.base/jdk.internal.reflect.DelegatingConstructorAccessorImpl.newInstance(DelegatingConstructorAccessorImpl.java:45)
	at java.base/java.lang.reflect.Constructor.newInstanceWithCaller(Constructor.java:499)
	at java.base/java.lang.reflect.Constructor.newInstance(Constructor.java:480)
	at org.junit.platform.commons.util.ReflectionUtils.newInstance(ReflectionUtils.java:552)
	at org.junit.jupiter.engine.execution.ConstructorInvocation.proceed(ConstructorInvocation.java:56)
	at org.junit.jupiter.engine.execution.InvocationInterceptorChain$ValidatingInvocation.proceed(InvocationInterceptorChain.java:131)
	at org.junit.jupiter.api.extension.InvocationInterceptor.interceptTestClassConstructor(InvocationInterceptor.java:73)
	at org.junit.jupiter.engine.execution.InterceptingExecutableInvoker.lambda$invoke$0(InterceptingExecutableInvoker.java:93)
	at org.junit.jupiter.engine.execution.InvocationInterceptorChain$InterceptedInvocation.proceed(InvocationInterceptorChain.java:106)
	at org.junit.jupiter.engine.execution.InvocationInterceptorChain.proceed(InvocationInterceptorChain.java:64)
	at org.junit.jupiter.engine.execution.InvocationInterceptorChain.chainAndInvoke(InvocationInterceptorChain.java:45)
	at org.junit.jupiter.engine.execution.InvocationInterceptorChain.invoke(InvocationInterceptorChain.java:37)
	at org.junit.jupiter.engine.execution.InterceptingExecutableInvoker.invoke(InterceptingExecutableInvoker.java:92)
	at org.junit.jupiter.engine.execution.InterceptingExecutableInvoker.invoke(InterceptingExecutableInvoker.java:62)
	at org.junit.jupiter.engine.descriptor.ClassBasedTestDescriptor.invokeTestClassConstructor(ClassBasedTestDescriptor.java:363)
	at org.junit.jupiter.engine.descriptor.ClassBasedTestDescriptor.instantiateTestClass(ClassBasedTestDescriptor.java:310)
	at org.junit.jupiter.engine.descriptor.ClassTestDescriptor.instantiateTestClass(ClassTestDescriptor.java:79)
	at org.junit.jupiter.engine.descriptor.ClassBasedTestDescriptor.instantiateAndPostProcessTestInstance(ClassBasedTestDescriptor.java:286)
	at org.junit.jupiter.engine.descriptor.ClassBasedTestDescriptor.lambda$testInstancesProvider$4(ClassBasedTestDescriptor.java:278)
	at java.base/java.util.Optional.orElseGet(Optional.java:364)
	at org.junit.jupiter.engine.descriptor.ClassBasedTestDescriptor.lambda$testInstancesProvider$5(ClassBasedTestDescriptor.java:277)
	at org.junit.jupiter.engine.execution.TestInstancesProvider.getTestInstances(TestInstancesProvider.java:31)
	at org.junit.jupiter.engine.descriptor.TestMethodTestDescriptor.lambda$prepare$0(TestMethodTestDescriptor.java:105)
	at org.junit.platform.engine.support.hierarchical.ThrowableCollector.execute(ThrowableCollector.java:73)
	at org.junit.jupiter.engine.descriptor.TestMethodTestDescriptor.prepare(TestMethodTestDescriptor.java:104)
	at org.junit.jupiter.engine.descriptor.TestMethodTestDescriptor.prepare(TestMethodTestDescriptor.java:68)
	at org.junit.platform.engine.support.hierarchical.NodeTestTask.lambda$prepare$2(NodeTestTask.java:123)
	at org.junit.platform.engine.support.hierarchical.ThrowableCollector.execute(ThrowableCollector.java:73)
	at org.junit.platform.engine.support.hierarchical.NodeTestTask.prepare(NodeTestTask.java:123)
	at org.junit.platform.engine.support.hierarchical.NodeTestTask.execute(NodeTestTask.java:90)
	at java.base/java.util.ArrayList.forEach(ArrayList.java:1511)
	at org.junit.platform.engine.support.hierarchical.SameThreadHierarchicalTestExecutorService.invokeAll(SameThreadHierarchicalTestExecutorService.java:41)
	at org.junit.platform.engine.support.hierarchical.NodeTestTask.lambda$executeRecursively$6(NodeTestTask.java:155)
	at org.junit.platform.engine.support.hierarchical.ThrowableCollector.execute(ThrowableCollector.java:73)
	at org.junit.platform.engine.support.hierarchical.NodeTestTask.lambda$executeRecursively$8(NodeTestTask.java:141)
	at org.junit.platform.engine.support.hierarchical.Node.around(Node.java:137)
	at org.junit.platform.engine.support.hierarchical.NodeTestTask.lambda$executeRecursively$9(NodeTestTask.java:139)
	at org.junit.platform.engine.support.hierarchical.ThrowableCollector.execute(ThrowableCollector.java:73)
	at org.junit.platform.engine.support.hierarchical.NodeTestTask.executeRecursively(NodeTestTask.java:138)
	at org.junit.platform.engine.support.hierarchical.NodeTestTask.execute(NodeTestTask.java:95)
	at java.base/java.util.ArrayList.forEach(ArrayList.java:1511)
	at org.junit.platform.engine.support.hierarchical.SameThreadHierarchicalTestExecutorService.invokeAll(SameThreadHierarchicalTestExecutorService.java:41)
	at org.junit.platform.engine.support.hierarchical.NodeTestTask.lambda$executeRecursively$6(NodeTestTask.java:155)
	at org.junit.platform.engine.support.hierarchical.ThrowableCollector.execute(ThrowableCollector.java:73)
	at org.junit.platform.engine.support.hierarchical.NodeTestTask.lambda$executeRecursively$8(NodeTestTask.java:141)
	at org.junit.platform.engine.support.hierarchical.Node.around(Node.java:137)
	at org.junit.platform.engine.support.hierarchical.NodeTestTask.lambda$executeRecursively$9(NodeTestTask.java:139)
	at org.junit.platform.engine.support.hierarchical.ThrowableCollector.execute(ThrowableCollector.java:73)
	at org.junit.platform.engine.support.hierarchical.NodeTestTask.executeRecursively(NodeTestTask.java:138)
	at org.junit.platform.engine.support.hierarchical.NodeTestTask.execute(NodeTestTask.java:95)
	at org.junit.platform.engine.support.hierarchical.SameThreadHierarchicalTestExecutorService.submit(SameThreadHierarchicalTestExecutorService.java:35)
	at org.junit.platform.engine.support.hierarchical.HierarchicalTestExecutor.execute(HierarchicalTestExecutor.java:57)
	at org.junit.platform.engine.support.hierarchical.HierarchicalTestEngine.execute(HierarchicalTestEngine.java:54)
	at org.junit.platform.launcher.core.EngineExecutionOrchestrator.execute(EngineExecutionOrchestrator.java:107)
	at org.junit.platform.launcher.core.EngineExecutionOrchestrator.execute(EngineExecutionOrchestrator.java:88)
	at org.junit.platform.launcher.core.EngineExecutionOrchestrator.lambda$execute$0(EngineExecutionOrchestrator.java:54)
	at org.junit.platform.launcher.core.EngineExecutionOrchestrator.withInterceptedStreams(EngineExecutionOrchestrator.java:67)
	at org.junit.platform.launcher.core.EngineExecutionOrchestrator.execute(EngineExecutionOrchestrator.java:52)
	at org.junit.platform.launcher.core.DefaultLauncher.execute(DefaultLauncher.java:114)
	at org.junit.platform.launcher.core.DefaultLauncher.execute(DefaultLauncher.java:86)
	at org.junit.platform.launcher.core.DefaultLauncherSession$DelegatingLauncher.execute(DefaultLauncherSession.java:86)
	at org.gradle.api.internal.tasks.testing.junitplatform.JUnitPlatformTestClassProcessor$CollectAllTestClassesExecutor.processAllTestClasses(JUnitPlatformTestClassProcessor.java:110)
	at org.gradle.api.internal.tasks.testing.junitplatform.JUnitPlatformTestClassProcessor$CollectAllTestClassesExecutor.access$000(JUnitPlatformTestClassProcessor.java:90)
	at org.gradle.api.internal.tasks.testing.junitplatform.JUnitPlatformTestClassProcessor.stop(JUnitPlatformTestClassProcessor.java:85)
	at org.gradle.api.internal.tasks.testing.SuiteTestClassProcessor.stop(SuiteTestClassProcessor.java:62)
	at java.base/jdk.internal.reflect.NativeMethodAccessorImpl.invoke0(Native Method)
	at java.base/jdk.internal.reflect.NativeMethodAccessorImpl.invoke(NativeMethodAccessorImpl.java:77)
	at java.base/jdk.internal.reflect.DelegatingMethodAccessorImpl.invoke(DelegatingMethodAccessorImpl.java:43)
	at java.base/java.lang.reflect.Method.invoke(Method.java:568)
	at org.gradle.internal.dispatch.ReflectionDispatch.dispatch(ReflectionDispatch.java:36)
	at org.gradle.internal.dispatch.ReflectionDispatch.dispatch(ReflectionDispatch.java:24)
	at org.gradle.internal.dispatch.ContextClassLoaderDispatch.dispatch(ContextClassLoaderDispatch.java:33)
	at org.gradle.internal.dispatch.ProxyDispatchAdapter$DispatchingInvocationHandler.invoke(ProxyDispatchAdapter.java:94)
	at jdk.proxy2/jdk.proxy2.$Proxy5.stop(Unknown Source)
	at org.gradle.api.internal.tasks.testing.worker.TestWorker$3.run(TestWorker.java:193)
	at org.gradle.api.internal.tasks.testing.worker.TestWorker.executeAndMaintainThreadName(TestWorker.java:129)
	at org.gradle.api.internal.tasks.testing.worker.TestWorker.execute(TestWorker.java:100)
	at org.gradle.api.internal.tasks.testing.worker.TestWorker.execute(TestWorker.java:60)
	at org.gradle.process.internal.worker.child.ActionExecutionWorker.execute(ActionExecutionWorker.java:56)
	at org.gradle.process.internal.worker.child.SystemApplicationClassLoaderWorker.call(SystemApplicationClassLoaderWorker.java:113)
	at org.gradle.process.internal.worker.child.SystemApplicationClassLoaderWorker.call(SystemApplicationClassLoaderWorker.java:65)
	at worker.org.gradle.process.internal.worker.GradleWorkerMain.run(GradleWorkerMain.java:69)
	at worker.org.gradle.process.internal.worker.GradleWorkerMain.main(GradleWorkerMain.java:74)
</failure>
  </testcase>
  <testcase name="testWary2()" classname="de.uka.ilkd.key.logic.TestClashFreeSubst" time="0.008">
    <failure message="java.lang.NullPointerException: Cannot invoke &quot;de.uka.ilkd.key.java.JavaService.getProgramFactory()&quot; because &quot;this.javaService&quot; is null" type="java.lang.NullPointerException">java.lang.NullPointerException: Cannot invoke &quot;de.uka.ilkd.key.java.JavaService.getProgramFactory()&quot; because &quot;this.javaService&quot; is null
	at de.uka.ilkd.key.java.KeYProgModelInfo.isPackage(KeYProgModelInfo.java:213)
	at de.uka.ilkd.key.java.JavaInfo.isPackage(JavaInfo.java:221)
	at de.uka.ilkd.key.speclang.translation.SLExpressionResolver.trimPackageRef(SLExpressionResolver.java:43)
	at de.uka.ilkd.key.speclang.translation.SLExpressionResolver.areInSamePackage(SLExpressionResolver.java:62)
	at de.uka.ilkd.key.speclang.translation.SLExpressionResolver.isVisibleHelper(SLExpressionResolver.java:103)
	at de.uka.ilkd.key.speclang.translation.SLExpressionResolver.isVisible(SLExpressionResolver.java:114)
	at de.uka.ilkd.key.speclang.translation.SLAttributeResolver.lookupVisibleAttribute(SLAttributeResolver.java:37)
	at de.uka.ilkd.key.speclang.translation.SLAttributeResolver.doResolving(SLAttributeResolver.java:94)
	at de.uka.ilkd.key.speclang.translation.SLExpressionResolver.resolve(SLExpressionResolver.java:149)
	at de.uka.ilkd.key.speclang.translation.SLResolverManager.resolveExplicit(SLResolverManager.java:137)
	at de.uka.ilkd.key.speclang.translation.SLResolverManager.resolveImplicit(SLResolverManager.java:112)
	at de.uka.ilkd.key.speclang.translation.SLResolverManager.resolveIt(SLResolverManager.java:159)
	at de.uka.ilkd.key.speclang.translation.SLResolverManager.resolve(SLResolverManager.java:195)
	at de.uka.ilkd.key.speclang.njml.Translator.lookupIdentifier(Translator.java:924)
	at de.uka.ilkd.key.speclang.njml.Translator.visitIdent(Translator.java:882)
	at de.uka.ilkd.key.speclang.njml.JmlParser$IdentContext.accept(JmlParser.java:8637)
	at org.antlr.v4.runtime.tree.AbstractParseTreeVisitor.visitChildren(AbstractParseTreeVisitor.java:46)
	at de.uka.ilkd.key.speclang.njml.JmlParserBaseVisitor.visitPrimaryexpr(JmlParserBaseVisitor.java:724)
	at de.uka.ilkd.key.speclang.njml.JmlParser$PrimaryexprContext.accept(JmlParser.java:8399)
	at de.uka.ilkd.key.speclang.njml.Translator.accept(Translator.java:128)
	at de.uka.ilkd.key.speclang.njml.Translator.visitPostfixexpr(Translator.java:854)
	at de.uka.ilkd.key.speclang.njml.Translator.visitPostfixexpr(Translator.java:63)
	at de.uka.ilkd.key.speclang.njml.JmlParser$PostfixexprContext.accept(JmlParser.java:8315)
	at de.uka.ilkd.key.speclang.njml.Translator.accept(Translator.java:128)
	at de.uka.ilkd.key.speclang.njml.Translator.visitUnaryexprnotplusminus(Translator.java:840)
	at de.uka.ilkd.key.speclang.njml.JmlParser$UnaryexprnotplusminusContext.accept(JmlParser.java:8146)
	at de.uka.ilkd.key.speclang.njml.Translator.accept(Translator.java:128)
	at de.uka.ilkd.key.speclang.njml.Translator.oneOf(Translator.java:147)
	at de.uka.ilkd.key.speclang.njml.Translator.visitUnaryexpr(Translator.java:800)
	at de.uka.ilkd.key.speclang.njml.Translator.visitUnaryexpr(Translator.java:63)
	at de.uka.ilkd.key.speclang.njml.JmlParser$UnaryexprContext.accept(JmlParser.java:8002)
	at de.uka.ilkd.key.speclang.njml.Translator.accept(Translator.java:128)
	at de.uka.ilkd.key.speclang.njml.Translator.lambda$mapOf$0(Translator.java:133)
	at java.base/java.util.stream.ReferencePipeline$3$1.accept(ReferencePipeline.java:197)
	at java.base/java.util.ArrayList$ArrayListSpliterator.forEachRemaining(ArrayList.java:1625)
	at java.base/java.util.stream.AbstractPipeline.copyInto(AbstractPipeline.java:509)
	at java.base/java.util.stream.AbstractPipeline.wrapAndCopyInto(AbstractPipeline.java:499)
	at java.base/java.util.stream.ReduceOps$ReduceOp.evaluateSequential(ReduceOps.java:921)
	at java.base/java.util.stream.AbstractPipeline.evaluate(AbstractPipeline.java:234)
	at java.base/java.util.stream.ReferencePipeline.collect(ReferencePipeline.java:682)
	at de.uka.ilkd.key.speclang.njml.Translator.mapOf(Translator.java:133)
	at de.uka.ilkd.key.speclang.njml.Translator.visitMultexpr(Translator.java:737)
	at de.uka.ilkd.key.speclang.njml.JmlParser$MultexprContext.accept(JmlParser.java:7921)
	at de.uka.ilkd.key.speclang.njml.Translator.accept(Translator.java:128)
	at de.uka.ilkd.key.speclang.njml.Translator.lambda$mapOf$0(Translator.java:133)
	at java.base/java.util.stream.ReferencePipeline$3$1.accept(ReferencePipeline.java:197)
	at java.base/java.util.ArrayList$ArrayListSpliterator.forEachRemaining(ArrayList.java:1625)
	at java.base/java.util.stream.AbstractPipeline.copyInto(AbstractPipeline.java:509)
	at java.base/java.util.stream.AbstractPipeline.wrapAndCopyInto(AbstractPipeline.java:499)
	at java.base/java.util.stream.ReduceOps$ReduceOp.evaluateSequential(ReduceOps.java:921)
	at java.base/java.util.stream.AbstractPipeline.evaluate(AbstractPipeline.java:234)
	at java.base/java.util.stream.ReferencePipeline.collect(ReferencePipeline.java:682)
	at de.uka.ilkd.key.speclang.njml.Translator.mapOf(Translator.java:133)
	at de.uka.ilkd.key.speclang.njml.Translator.visitAdditiveexpr(Translator.java:720)
	at de.uka.ilkd.key.speclang.njml.JmlParser$AdditiveexprContext.accept(JmlParser.java:7829)
	at de.uka.ilkd.key.speclang.njml.Translator.accept(Translator.java:128)
	at de.uka.ilkd.key.speclang.njml.Translator.lambda$mapOf$0(Translator.java:133)
	at java.base/java.util.stream.ReferencePipeline$3$1.accept(ReferencePipeline.java:197)
	at java.base/java.util.ArrayList$ArrayListSpliterator.forEachRemaining(ArrayList.java:1625)
	at java.base/java.util.stream.AbstractPipeline.copyInto(AbstractPipeline.java:509)
	at java.base/java.util.stream.AbstractPipeline.wrapAndCopyInto(AbstractPipeline.java:499)
	at java.base/java.util.stream.ReduceOps$ReduceOp.evaluateSequential(ReduceOps.java:921)
	at java.base/java.util.stream.AbstractPipeline.evaluate(AbstractPipeline.java:234)
	at java.base/java.util.stream.ReferencePipeline.collect(ReferencePipeline.java:682)
	at de.uka.ilkd.key.speclang.njml.Translator.mapOf(Translator.java:133)
	at de.uka.ilkd.key.speclang.njml.Translator.visitShiftexpr(Translator.java:703)
	at de.uka.ilkd.key.speclang.njml.JmlParser$ShiftexprContext.accept(JmlParser.java:7742)
	at de.uka.ilkd.key.speclang.njml.Translator.accept(Translator.java:128)
	at de.uka.ilkd.key.speclang.njml.Translator.oneOf(Translator.java:147)
	at de.uka.ilkd.key.speclang.njml.Translator.visitRelationalexpr(Translator.java:494)
	at de.uka.ilkd.key.speclang.njml.JmlParser$RelationalexprContext.accept(JmlParser.java:7344)
	at de.uka.ilkd.key.speclang.njml.Translator.accept(Translator.java:128)
	at de.uka.ilkd.key.speclang.njml.Translator.lambda$mapOf$0(Translator.java:133)
	at java.base/java.util.stream.ReferencePipeline$3$1.accept(ReferencePipeline.java:197)
	at java.base/java.util.ArrayList$ArrayListSpliterator.forEachRemaining(ArrayList.java:1625)
	at java.base/java.util.stream.AbstractPipeline.copyInto(AbstractPipeline.java:509)
	at java.base/java.util.stream.AbstractPipeline.wrapAndCopyInto(AbstractPipeline.java:499)
	at java.base/java.util.stream.ReduceOps$ReduceOp.evaluateSequential(ReduceOps.java:921)
	at java.base/java.util.stream.AbstractPipeline.evaluate(AbstractPipeline.java:234)
	at java.base/java.util.stream.ReferencePipeline.collect(ReferencePipeline.java:682)
	at de.uka.ilkd.key.speclang.njml.Translator.mapOf(Translator.java:133)
	at de.uka.ilkd.key.speclang.njml.Translator.visitEqualityexpr(Translator.java:562)
	at de.uka.ilkd.key.speclang.njml.Translator.visitEqualityexpr(Translator.java:63)
	at de.uka.ilkd.key.speclang.njml.JmlParser$EqualityexprContext.accept(JmlParser.java:7270)
	at de.uka.ilkd.key.speclang.njml.Translator.accept(Translator.java:128)
	at de.uka.ilkd.key.speclang.njml.Translator.visitAndexpr(Translator.java:544)
	at de.uka.ilkd.key.speclang.njml.JmlParser$AndexprContext.accept(JmlParser.java:7201)
	at de.uka.ilkd.key.speclang.njml.Translator.accept(Translator.java:128)
	at de.uka.ilkd.key.speclang.njml.Translator.visitExclusiveorexpr(Translator.java:529)
	at de.uka.ilkd.key.speclang.njml.JmlParser$ExclusiveorexprContext.accept(JmlParser.java:7132)
	at de.uka.ilkd.key.speclang.njml.Translator.accept(Translator.java:128)
	at de.uka.ilkd.key.speclang.njml.Translator.visitInclusiveorexpr(Translator.java:514)
	at de.uka.ilkd.key.speclang.njml.JmlParser$InclusiveorexprContext.accept(JmlParser.java:7063)
	at de.uka.ilkd.key.speclang.njml.Translator.accept(Translator.java:128)
	at de.uka.ilkd.key.speclang.njml.Translator.visitLogicalandexpr(Translator.java:501)
	at de.uka.ilkd.key.speclang.njml.JmlParser$LogicalandexprContext.accept(JmlParser.java:6994)
	at de.uka.ilkd.key.speclang.njml.Translator.accept(Translator.java:128)
	at de.uka.ilkd.key.speclang.njml.Translator.visitLogicalorexpr(Translator.java:482)
	at de.uka.ilkd.key.speclang.njml.Translator.visitLogicalorexpr(Translator.java:63)
	at de.uka.ilkd.key.speclang.njml.JmlParser$LogicalorexprContext.accept(JmlParser.java:6925)
	at de.uka.ilkd.key.speclang.njml.Translator.accept(Translator.java:128)
	at de.uka.ilkd.key.speclang.njml.Translator.visitImpliesexpr(Translator.java:446)
	at de.uka.ilkd.key.speclang.njml.JmlParser$ImpliesexprContext.accept(JmlParser.java:6662)
	at de.uka.ilkd.key.speclang.njml.Translator.accept(Translator.java:128)
	at de.uka.ilkd.key.speclang.njml.Translator.lambda$mapOf$0(Translator.java:133)
	at java.base/java.util.stream.ReferencePipeline$3$1.accept(ReferencePipeline.java:197)
	at java.base/java.util.ArrayList$ArrayListSpliterator.forEachRemaining(ArrayList.java:1625)
	at java.base/java.util.stream.AbstractPipeline.copyInto(AbstractPipeline.java:509)
	at java.base/java.util.stream.AbstractPipeline.wrapAndCopyInto(AbstractPipeline.java:499)
	at java.base/java.util.stream.ReduceOps$ReduceOp.evaluateSequential(ReduceOps.java:921)
	at java.base/java.util.stream.AbstractPipeline.evaluate(AbstractPipeline.java:234)
	at java.base/java.util.stream.ReferencePipeline.collect(ReferencePipeline.java:682)
	at de.uka.ilkd.key.speclang.njml.Translator.mapOf(Translator.java:133)
	at de.uka.ilkd.key.speclang.njml.Translator.visitEquivalenceexpr(Translator.java:426)
	at de.uka.ilkd.key.speclang.njml.JmlParser$EquivalenceexprContext.accept(JmlParser.java:6585)
	at de.uka.ilkd.key.speclang.njml.Translator.accept(Translator.java:128)
	at de.uka.ilkd.key.speclang.njml.Translator.visitConditionalexpr(Translator.java:412)
	at de.uka.ilkd.key.speclang.njml.Translator.visitConditionalexpr(Translator.java:63)
	at de.uka.ilkd.key.speclang.njml.JmlParser$ConditionalexprContext.accept(JmlParser.java:6516)
	at de.uka.ilkd.key.speclang.njml.Translator.accept(Translator.java:128)
	at de.uka.ilkd.key.speclang.njml.Translator.visitExpression(Translator.java:402)
	at de.uka.ilkd.key.speclang.njml.Translator.visitExpression(Translator.java:63)
	at de.uka.ilkd.key.speclang.njml.JmlParser$ExpressionContext.accept(JmlParser.java:6463)
	at de.uka.ilkd.key.speclang.njml.JmlIO.interpret(JmlIO.java:178)
	at de.uka.ilkd.key.speclang.njml.JmlIO.translateTerm(JmlIO.java:188)
	at de.uka.ilkd.key.speclang.njml.JmlIO.translateTerm(JmlIO.java:201)
	at de.uka.ilkd.key.speclang.jml.translation.JMLSpecFactory.createJMLClassInvariant(JMLSpecFactory.java:957)
	at de.uka.ilkd.key.speclang.jml.JMLSpecExtractor.extractClassSpecs(JMLSpecExtractor.java:250)
	at de.uka.ilkd.key.speclang.SLEnvInput.createSpecs(SLEnvInput.java:284)
	at de.uka.ilkd.key.speclang.SLEnvInput.read(SLEnvInput.java:351)
	at de.uka.ilkd.key.proof.init.KeYUserProblemFile.read(KeYUserProblemFile.java:111)
	at de.uka.ilkd.key.proof.init.ProblemInitializer.readEnvInput(ProblemInitializer.java:323)
	at de.uka.ilkd.key.proof.init.ProblemInitializer.prepare(ProblemInitializer.java:561)
	at de.uka.ilkd.key.proof.init.ProblemInitializer.prepare(ProblemInitializer.java:471)
	at de.uka.ilkd.key.proof.init.ProblemInitializer.startProver(ProblemInitializer.java:607)
	at de.uka.ilkd.key.util.HelperClassForTests.parse(HelperClassForTests.java:78)
	at de.uka.ilkd.key.util.HelperClassForTests.parse(HelperClassForTests.java:66)
	at de.uka.ilkd.key.util.HelperClassForTests.createServices(HelperClassForTests.java:303)
	at de.uka.ilkd.key.parser.AbstractTestTermParser.getServices(AbstractTestTermParser.java:173)
	at de.uka.ilkd.key.parser.AbstractTestTermParser.&lt;init&gt;(AbstractTestTermParser.java:35)
	at de.uka.ilkd.key.logic.TestClashFreeSubst.&lt;init&gt;(TestClashFreeSubst.java:24)
	at java.base/jdk.internal.reflect.NativeConstructorAccessorImpl.newInstance0(Native Method)
	at java.base/jdk.internal.reflect.NativeConstructorAccessorImpl.newInstance(NativeConstructorAccessorImpl.java:77)
	at java.base/jdk.internal.reflect.DelegatingConstructorAccessorImpl.newInstance(DelegatingConstructorAccessorImpl.java:45)
	at java.base/java.lang.reflect.Constructor.newInstanceWithCaller(Constructor.java:499)
	at java.base/java.lang.reflect.Constructor.newInstance(Constructor.java:480)
	at org.junit.platform.commons.util.ReflectionUtils.newInstance(ReflectionUtils.java:552)
	at org.junit.jupiter.engine.execution.ConstructorInvocation.proceed(ConstructorInvocation.java:56)
	at org.junit.jupiter.engine.execution.InvocationInterceptorChain$ValidatingInvocation.proceed(InvocationInterceptorChain.java:131)
	at org.junit.jupiter.api.extension.InvocationInterceptor.interceptTestClassConstructor(InvocationInterceptor.java:73)
	at org.junit.jupiter.engine.execution.InterceptingExecutableInvoker.lambda$invoke$0(InterceptingExecutableInvoker.java:93)
	at org.junit.jupiter.engine.execution.InvocationInterceptorChain$InterceptedInvocation.proceed(InvocationInterceptorChain.java:106)
	at org.junit.jupiter.engine.execution.InvocationInterceptorChain.proceed(InvocationInterceptorChain.java:64)
	at org.junit.jupiter.engine.execution.InvocationInterceptorChain.chainAndInvoke(InvocationInterceptorChain.java:45)
	at org.junit.jupiter.engine.execution.InvocationInterceptorChain.invoke(InvocationInterceptorChain.java:37)
	at org.junit.jupiter.engine.execution.InterceptingExecutableInvoker.invoke(InterceptingExecutableInvoker.java:92)
	at org.junit.jupiter.engine.execution.InterceptingExecutableInvoker.invoke(InterceptingExecutableInvoker.java:62)
	at org.junit.jupiter.engine.descriptor.ClassBasedTestDescriptor.invokeTestClassConstructor(ClassBasedTestDescriptor.java:363)
	at org.junit.jupiter.engine.descriptor.ClassBasedTestDescriptor.instantiateTestClass(ClassBasedTestDescriptor.java:310)
	at org.junit.jupiter.engine.descriptor.ClassTestDescriptor.instantiateTestClass(ClassTestDescriptor.java:79)
	at org.junit.jupiter.engine.descriptor.ClassBasedTestDescriptor.instantiateAndPostProcessTestInstance(ClassBasedTestDescriptor.java:286)
	at org.junit.jupiter.engine.descriptor.ClassBasedTestDescriptor.lambda$testInstancesProvider$4(ClassBasedTestDescriptor.java:278)
	at java.base/java.util.Optional.orElseGet(Optional.java:364)
	at org.junit.jupiter.engine.descriptor.ClassBasedTestDescriptor.lambda$testInstancesProvider$5(ClassBasedTestDescriptor.java:277)
	at org.junit.jupiter.engine.execution.TestInstancesProvider.getTestInstances(TestInstancesProvider.java:31)
	at org.junit.jupiter.engine.descriptor.TestMethodTestDescriptor.lambda$prepare$0(TestMethodTestDescriptor.java:105)
	at org.junit.platform.engine.support.hierarchical.ThrowableCollector.execute(ThrowableCollector.java:73)
	at org.junit.jupiter.engine.descriptor.TestMethodTestDescriptor.prepare(TestMethodTestDescriptor.java:104)
	at org.junit.jupiter.engine.descriptor.TestMethodTestDescriptor.prepare(TestMethodTestDescriptor.java:68)
	at org.junit.platform.engine.support.hierarchical.NodeTestTask.lambda$prepare$2(NodeTestTask.java:123)
	at org.junit.platform.engine.support.hierarchical.ThrowableCollector.execute(ThrowableCollector.java:73)
	at org.junit.platform.engine.support.hierarchical.NodeTestTask.prepare(NodeTestTask.java:123)
	at org.junit.platform.engine.support.hierarchical.NodeTestTask.execute(NodeTestTask.java:90)
	at java.base/java.util.ArrayList.forEach(ArrayList.java:1511)
	at org.junit.platform.engine.support.hierarchical.SameThreadHierarchicalTestExecutorService.invokeAll(SameThreadHierarchicalTestExecutorService.java:41)
	at org.junit.platform.engine.support.hierarchical.NodeTestTask.lambda$executeRecursively$6(NodeTestTask.java:155)
	at org.junit.platform.engine.support.hierarchical.ThrowableCollector.execute(ThrowableCollector.java:73)
	at org.junit.platform.engine.support.hierarchical.NodeTestTask.lambda$executeRecursively$8(NodeTestTask.java:141)
	at org.junit.platform.engine.support.hierarchical.Node.around(Node.java:137)
	at org.junit.platform.engine.support.hierarchical.NodeTestTask.lambda$executeRecursively$9(NodeTestTask.java:139)
	at org.junit.platform.engine.support.hierarchical.ThrowableCollector.execute(ThrowableCollector.java:73)
	at org.junit.platform.engine.support.hierarchical.NodeTestTask.executeRecursively(NodeTestTask.java:138)
	at org.junit.platform.engine.support.hierarchical.NodeTestTask.execute(NodeTestTask.java:95)
	at java.base/java.util.ArrayList.forEach(ArrayList.java:1511)
	at org.junit.platform.engine.support.hierarchical.SameThreadHierarchicalTestExecutorService.invokeAll(SameThreadHierarchicalTestExecutorService.java:41)
	at org.junit.platform.engine.support.hierarchical.NodeTestTask.lambda$executeRecursively$6(NodeTestTask.java:155)
	at org.junit.platform.engine.support.hierarchical.ThrowableCollector.execute(ThrowableCollector.java:73)
	at org.junit.platform.engine.support.hierarchical.NodeTestTask.lambda$executeRecursively$8(NodeTestTask.java:141)
	at org.junit.platform.engine.support.hierarchical.Node.around(Node.java:137)
	at org.junit.platform.engine.support.hierarchical.NodeTestTask.lambda$executeRecursively$9(NodeTestTask.java:139)
	at org.junit.platform.engine.support.hierarchical.ThrowableCollector.execute(ThrowableCollector.java:73)
	at org.junit.platform.engine.support.hierarchical.NodeTestTask.executeRecursively(NodeTestTask.java:138)
	at org.junit.platform.engine.support.hierarchical.NodeTestTask.execute(NodeTestTask.java:95)
	at org.junit.platform.engine.support.hierarchical.SameThreadHierarchicalTestExecutorService.submit(SameThreadHierarchicalTestExecutorService.java:35)
	at org.junit.platform.engine.support.hierarchical.HierarchicalTestExecutor.execute(HierarchicalTestExecutor.java:57)
	at org.junit.platform.engine.support.hierarchical.HierarchicalTestEngine.execute(HierarchicalTestEngine.java:54)
	at org.junit.platform.launcher.core.EngineExecutionOrchestrator.execute(EngineExecutionOrchestrator.java:107)
	at org.junit.platform.launcher.core.EngineExecutionOrchestrator.execute(EngineExecutionOrchestrator.java:88)
	at org.junit.platform.launcher.core.EngineExecutionOrchestrator.lambda$execute$0(EngineExecutionOrchestrator.java:54)
	at org.junit.platform.launcher.core.EngineExecutionOrchestrator.withInterceptedStreams(EngineExecutionOrchestrator.java:67)
	at org.junit.platform.launcher.core.EngineExecutionOrchestrator.execute(EngineExecutionOrchestrator.java:52)
	at org.junit.platform.launcher.core.DefaultLauncher.execute(DefaultLauncher.java:114)
	at org.junit.platform.launcher.core.DefaultLauncher.execute(DefaultLauncher.java:86)
	at org.junit.platform.launcher.core.DefaultLauncherSession$DelegatingLauncher.execute(DefaultLauncherSession.java:86)
	at org.gradle.api.internal.tasks.testing.junitplatform.JUnitPlatformTestClassProcessor$CollectAllTestClassesExecutor.processAllTestClasses(JUnitPlatformTestClassProcessor.java:110)
	at org.gradle.api.internal.tasks.testing.junitplatform.JUnitPlatformTestClassProcessor$CollectAllTestClassesExecutor.access$000(JUnitPlatformTestClassProcessor.java:90)
	at org.gradle.api.internal.tasks.testing.junitplatform.JUnitPlatformTestClassProcessor.stop(JUnitPlatformTestClassProcessor.java:85)
	at org.gradle.api.internal.tasks.testing.SuiteTestClassProcessor.stop(SuiteTestClassProcessor.java:62)
	at java.base/jdk.internal.reflect.NativeMethodAccessorImpl.invoke0(Native Method)
	at java.base/jdk.internal.reflect.NativeMethodAccessorImpl.invoke(NativeMethodAccessorImpl.java:77)
	at java.base/jdk.internal.reflect.DelegatingMethodAccessorImpl.invoke(DelegatingMethodAccessorImpl.java:43)
	at java.base/java.lang.reflect.Method.invoke(Method.java:568)
	at org.gradle.internal.dispatch.ReflectionDispatch.dispatch(ReflectionDispatch.java:36)
	at org.gradle.internal.dispatch.ReflectionDispatch.dispatch(ReflectionDispatch.java:24)
	at org.gradle.internal.dispatch.ContextClassLoaderDispatch.dispatch(ContextClassLoaderDispatch.java:33)
	at org.gradle.internal.dispatch.ProxyDispatchAdapter$DispatchingInvocationHandler.invoke(ProxyDispatchAdapter.java:94)
	at jdk.proxy2/jdk.proxy2.$Proxy5.stop(Unknown Source)
	at org.gradle.api.internal.tasks.testing.worker.TestWorker$3.run(TestWorker.java:193)
	at org.gradle.api.internal.tasks.testing.worker.TestWorker.executeAndMaintainThreadName(TestWorker.java:129)
	at org.gradle.api.internal.tasks.testing.worker.TestWorker.execute(TestWorker.java:100)
	at org.gradle.api.internal.tasks.testing.worker.TestWorker.execute(TestWorker.java:60)
	at org.gradle.process.internal.worker.child.ActionExecutionWorker.execute(ActionExecutionWorker.java:56)
	at org.gradle.process.internal.worker.child.SystemApplicationClassLoaderWorker.call(SystemApplicationClassLoaderWorker.java:113)
	at org.gradle.process.internal.worker.child.SystemApplicationClassLoaderWorker.call(SystemApplicationClassLoaderWorker.java:65)
	at worker.org.gradle.process.internal.worker.GradleWorkerMain.run(GradleWorkerMain.java:69)
	at worker.org.gradle.process.internal.worker.GradleWorkerMain.main(GradleWorkerMain.java:74)
</failure>
  </testcase>
  <testcase name="testClashInSubstTerm()" classname="de.uka.ilkd.key.logic.TestClashFreeSubst" time="0.018">
    <failure message="java.lang.NullPointerException: Cannot invoke &quot;de.uka.ilkd.key.java.JavaService.getProgramFactory()&quot; because &quot;this.javaService&quot; is null" type="java.lang.NullPointerException">java.lang.NullPointerException: Cannot invoke &quot;de.uka.ilkd.key.java.JavaService.getProgramFactory()&quot; because &quot;this.javaService&quot; is null
	at de.uka.ilkd.key.java.KeYProgModelInfo.isPackage(KeYProgModelInfo.java:213)
	at de.uka.ilkd.key.java.JavaInfo.isPackage(JavaInfo.java:221)
	at de.uka.ilkd.key.speclang.translation.SLExpressionResolver.trimPackageRef(SLExpressionResolver.java:43)
	at de.uka.ilkd.key.speclang.translation.SLExpressionResolver.areInSamePackage(SLExpressionResolver.java:62)
	at de.uka.ilkd.key.speclang.translation.SLExpressionResolver.isVisibleHelper(SLExpressionResolver.java:103)
	at de.uka.ilkd.key.speclang.translation.SLExpressionResolver.isVisible(SLExpressionResolver.java:114)
	at de.uka.ilkd.key.speclang.translation.SLAttributeResolver.lookupVisibleAttribute(SLAttributeResolver.java:37)
	at de.uka.ilkd.key.speclang.translation.SLAttributeResolver.doResolving(SLAttributeResolver.java:94)
	at de.uka.ilkd.key.speclang.translation.SLExpressionResolver.resolve(SLExpressionResolver.java:149)
	at de.uka.ilkd.key.speclang.translation.SLResolverManager.resolveExplicit(SLResolverManager.java:137)
	at de.uka.ilkd.key.speclang.translation.SLResolverManager.resolveImplicit(SLResolverManager.java:112)
	at de.uka.ilkd.key.speclang.translation.SLResolverManager.resolveIt(SLResolverManager.java:159)
	at de.uka.ilkd.key.speclang.translation.SLResolverManager.resolve(SLResolverManager.java:195)
	at de.uka.ilkd.key.speclang.njml.Translator.lookupIdentifier(Translator.java:924)
	at de.uka.ilkd.key.speclang.njml.Translator.visitIdent(Translator.java:882)
	at de.uka.ilkd.key.speclang.njml.JmlParser$IdentContext.accept(JmlParser.java:8637)
	at org.antlr.v4.runtime.tree.AbstractParseTreeVisitor.visitChildren(AbstractParseTreeVisitor.java:46)
	at de.uka.ilkd.key.speclang.njml.JmlParserBaseVisitor.visitPrimaryexpr(JmlParserBaseVisitor.java:724)
	at de.uka.ilkd.key.speclang.njml.JmlParser$PrimaryexprContext.accept(JmlParser.java:8399)
	at de.uka.ilkd.key.speclang.njml.Translator.accept(Translator.java:128)
	at de.uka.ilkd.key.speclang.njml.Translator.visitPostfixexpr(Translator.java:854)
	at de.uka.ilkd.key.speclang.njml.Translator.visitPostfixexpr(Translator.java:63)
	at de.uka.ilkd.key.speclang.njml.JmlParser$PostfixexprContext.accept(JmlParser.java:8315)
	at de.uka.ilkd.key.speclang.njml.Translator.accept(Translator.java:128)
	at de.uka.ilkd.key.speclang.njml.Translator.visitUnaryexprnotplusminus(Translator.java:840)
	at de.uka.ilkd.key.speclang.njml.JmlParser$UnaryexprnotplusminusContext.accept(JmlParser.java:8146)
	at de.uka.ilkd.key.speclang.njml.Translator.accept(Translator.java:128)
	at de.uka.ilkd.key.speclang.njml.Translator.oneOf(Translator.java:147)
	at de.uka.ilkd.key.speclang.njml.Translator.visitUnaryexpr(Translator.java:800)
	at de.uka.ilkd.key.speclang.njml.Translator.visitUnaryexpr(Translator.java:63)
	at de.uka.ilkd.key.speclang.njml.JmlParser$UnaryexprContext.accept(JmlParser.java:8002)
	at de.uka.ilkd.key.speclang.njml.Translator.accept(Translator.java:128)
	at de.uka.ilkd.key.speclang.njml.Translator.lambda$mapOf$0(Translator.java:133)
	at java.base/java.util.stream.ReferencePipeline$3$1.accept(ReferencePipeline.java:197)
	at java.base/java.util.ArrayList$ArrayListSpliterator.forEachRemaining(ArrayList.java:1625)
	at java.base/java.util.stream.AbstractPipeline.copyInto(AbstractPipeline.java:509)
	at java.base/java.util.stream.AbstractPipeline.wrapAndCopyInto(AbstractPipeline.java:499)
	at java.base/java.util.stream.ReduceOps$ReduceOp.evaluateSequential(ReduceOps.java:921)
	at java.base/java.util.stream.AbstractPipeline.evaluate(AbstractPipeline.java:234)
	at java.base/java.util.stream.ReferencePipeline.collect(ReferencePipeline.java:682)
	at de.uka.ilkd.key.speclang.njml.Translator.mapOf(Translator.java:133)
	at de.uka.ilkd.key.speclang.njml.Translator.visitMultexpr(Translator.java:737)
	at de.uka.ilkd.key.speclang.njml.JmlParser$MultexprContext.accept(JmlParser.java:7921)
	at de.uka.ilkd.key.speclang.njml.Translator.accept(Translator.java:128)
	at de.uka.ilkd.key.speclang.njml.Translator.lambda$mapOf$0(Translator.java:133)
	at java.base/java.util.stream.ReferencePipeline$3$1.accept(ReferencePipeline.java:197)
	at java.base/java.util.ArrayList$ArrayListSpliterator.forEachRemaining(ArrayList.java:1625)
	at java.base/java.util.stream.AbstractPipeline.copyInto(AbstractPipeline.java:509)
	at java.base/java.util.stream.AbstractPipeline.wrapAndCopyInto(AbstractPipeline.java:499)
	at java.base/java.util.stream.ReduceOps$ReduceOp.evaluateSequential(ReduceOps.java:921)
	at java.base/java.util.stream.AbstractPipeline.evaluate(AbstractPipeline.java:234)
	at java.base/java.util.stream.ReferencePipeline.collect(ReferencePipeline.java:682)
	at de.uka.ilkd.key.speclang.njml.Translator.mapOf(Translator.java:133)
	at de.uka.ilkd.key.speclang.njml.Translator.visitAdditiveexpr(Translator.java:720)
	at de.uka.ilkd.key.speclang.njml.JmlParser$AdditiveexprContext.accept(JmlParser.java:7829)
	at de.uka.ilkd.key.speclang.njml.Translator.accept(Translator.java:128)
	at de.uka.ilkd.key.speclang.njml.Translator.lambda$mapOf$0(Translator.java:133)
	at java.base/java.util.stream.ReferencePipeline$3$1.accept(ReferencePipeline.java:197)
	at java.base/java.util.ArrayList$ArrayListSpliterator.forEachRemaining(ArrayList.java:1625)
	at java.base/java.util.stream.AbstractPipeline.copyInto(AbstractPipeline.java:509)
	at java.base/java.util.stream.AbstractPipeline.wrapAndCopyInto(AbstractPipeline.java:499)
	at java.base/java.util.stream.ReduceOps$ReduceOp.evaluateSequential(ReduceOps.java:921)
	at java.base/java.util.stream.AbstractPipeline.evaluate(AbstractPipeline.java:234)
	at java.base/java.util.stream.ReferencePipeline.collect(ReferencePipeline.java:682)
	at de.uka.ilkd.key.speclang.njml.Translator.mapOf(Translator.java:133)
	at de.uka.ilkd.key.speclang.njml.Translator.visitShiftexpr(Translator.java:703)
	at de.uka.ilkd.key.speclang.njml.JmlParser$ShiftexprContext.accept(JmlParser.java:7742)
	at de.uka.ilkd.key.speclang.njml.Translator.accept(Translator.java:128)
	at de.uka.ilkd.key.speclang.njml.Translator.oneOf(Translator.java:147)
	at de.uka.ilkd.key.speclang.njml.Translator.visitRelationalexpr(Translator.java:494)
	at de.uka.ilkd.key.speclang.njml.JmlParser$RelationalexprContext.accept(JmlParser.java:7344)
	at de.uka.ilkd.key.speclang.njml.Translator.accept(Translator.java:128)
	at de.uka.ilkd.key.speclang.njml.Translator.lambda$mapOf$0(Translator.java:133)
	at java.base/java.util.stream.ReferencePipeline$3$1.accept(ReferencePipeline.java:197)
	at java.base/java.util.ArrayList$ArrayListSpliterator.forEachRemaining(ArrayList.java:1625)
	at java.base/java.util.stream.AbstractPipeline.copyInto(AbstractPipeline.java:509)
	at java.base/java.util.stream.AbstractPipeline.wrapAndCopyInto(AbstractPipeline.java:499)
	at java.base/java.util.stream.ReduceOps$ReduceOp.evaluateSequential(ReduceOps.java:921)
	at java.base/java.util.stream.AbstractPipeline.evaluate(AbstractPipeline.java:234)
	at java.base/java.util.stream.ReferencePipeline.collect(ReferencePipeline.java:682)
	at de.uka.ilkd.key.speclang.njml.Translator.mapOf(Translator.java:133)
	at de.uka.ilkd.key.speclang.njml.Translator.visitEqualityexpr(Translator.java:562)
	at de.uka.ilkd.key.speclang.njml.Translator.visitEqualityexpr(Translator.java:63)
	at de.uka.ilkd.key.speclang.njml.JmlParser$EqualityexprContext.accept(JmlParser.java:7270)
	at de.uka.ilkd.key.speclang.njml.Translator.accept(Translator.java:128)
	at de.uka.ilkd.key.speclang.njml.Translator.visitAndexpr(Translator.java:544)
	at de.uka.ilkd.key.speclang.njml.JmlParser$AndexprContext.accept(JmlParser.java:7201)
	at de.uka.ilkd.key.speclang.njml.Translator.accept(Translator.java:128)
	at de.uka.ilkd.key.speclang.njml.Translator.visitExclusiveorexpr(Translator.java:529)
	at de.uka.ilkd.key.speclang.njml.JmlParser$ExclusiveorexprContext.accept(JmlParser.java:7132)
	at de.uka.ilkd.key.speclang.njml.Translator.accept(Translator.java:128)
	at de.uka.ilkd.key.speclang.njml.Translator.visitInclusiveorexpr(Translator.java:514)
	at de.uka.ilkd.key.speclang.njml.JmlParser$InclusiveorexprContext.accept(JmlParser.java:7063)
	at de.uka.ilkd.key.speclang.njml.Translator.accept(Translator.java:128)
	at de.uka.ilkd.key.speclang.njml.Translator.visitLogicalandexpr(Translator.java:501)
	at de.uka.ilkd.key.speclang.njml.JmlParser$LogicalandexprContext.accept(JmlParser.java:6994)
	at de.uka.ilkd.key.speclang.njml.Translator.accept(Translator.java:128)
	at de.uka.ilkd.key.speclang.njml.Translator.visitLogicalorexpr(Translator.java:482)
	at de.uka.ilkd.key.speclang.njml.Translator.visitLogicalorexpr(Translator.java:63)
	at de.uka.ilkd.key.speclang.njml.JmlParser$LogicalorexprContext.accept(JmlParser.java:6925)
	at de.uka.ilkd.key.speclang.njml.Translator.accept(Translator.java:128)
	at de.uka.ilkd.key.speclang.njml.Translator.visitImpliesexpr(Translator.java:446)
	at de.uka.ilkd.key.speclang.njml.JmlParser$ImpliesexprContext.accept(JmlParser.java:6662)
	at de.uka.ilkd.key.speclang.njml.Translator.accept(Translator.java:128)
	at de.uka.ilkd.key.speclang.njml.Translator.lambda$mapOf$0(Translator.java:133)
	at java.base/java.util.stream.ReferencePipeline$3$1.accept(ReferencePipeline.java:197)
	at java.base/java.util.ArrayList$ArrayListSpliterator.forEachRemaining(ArrayList.java:1625)
	at java.base/java.util.stream.AbstractPipeline.copyInto(AbstractPipeline.java:509)
	at java.base/java.util.stream.AbstractPipeline.wrapAndCopyInto(AbstractPipeline.java:499)
	at java.base/java.util.stream.ReduceOps$ReduceOp.evaluateSequential(ReduceOps.java:921)
	at java.base/java.util.stream.AbstractPipeline.evaluate(AbstractPipeline.java:234)
	at java.base/java.util.stream.ReferencePipeline.collect(ReferencePipeline.java:682)
	at de.uka.ilkd.key.speclang.njml.Translator.mapOf(Translator.java:133)
	at de.uka.ilkd.key.speclang.njml.Translator.visitEquivalenceexpr(Translator.java:426)
	at de.uka.ilkd.key.speclang.njml.JmlParser$EquivalenceexprContext.accept(JmlParser.java:6585)
	at de.uka.ilkd.key.speclang.njml.Translator.accept(Translator.java:128)
	at de.uka.ilkd.key.speclang.njml.Translator.visitConditionalexpr(Translator.java:412)
	at de.uka.ilkd.key.speclang.njml.Translator.visitConditionalexpr(Translator.java:63)
	at de.uka.ilkd.key.speclang.njml.JmlParser$ConditionalexprContext.accept(JmlParser.java:6516)
	at de.uka.ilkd.key.speclang.njml.Translator.accept(Translator.java:128)
	at de.uka.ilkd.key.speclang.njml.Translator.visitExpression(Translator.java:402)
	at de.uka.ilkd.key.speclang.njml.Translator.visitExpression(Translator.java:63)
	at de.uka.ilkd.key.speclang.njml.JmlParser$ExpressionContext.accept(JmlParser.java:6463)
	at de.uka.ilkd.key.speclang.njml.JmlIO.interpret(JmlIO.java:178)
	at de.uka.ilkd.key.speclang.njml.JmlIO.translateTerm(JmlIO.java:188)
	at de.uka.ilkd.key.speclang.njml.JmlIO.translateTerm(JmlIO.java:201)
	at de.uka.ilkd.key.speclang.jml.translation.JMLSpecFactory.createJMLClassInvariant(JMLSpecFactory.java:957)
	at de.uka.ilkd.key.speclang.jml.JMLSpecExtractor.extractClassSpecs(JMLSpecExtractor.java:250)
	at de.uka.ilkd.key.speclang.SLEnvInput.createSpecs(SLEnvInput.java:284)
	at de.uka.ilkd.key.speclang.SLEnvInput.read(SLEnvInput.java:351)
	at de.uka.ilkd.key.proof.init.KeYUserProblemFile.read(KeYUserProblemFile.java:111)
	at de.uka.ilkd.key.proof.init.ProblemInitializer.readEnvInput(ProblemInitializer.java:323)
	at de.uka.ilkd.key.proof.init.ProblemInitializer.prepare(ProblemInitializer.java:561)
	at de.uka.ilkd.key.proof.init.ProblemInitializer.prepare(ProblemInitializer.java:471)
	at de.uka.ilkd.key.proof.init.ProblemInitializer.startProver(ProblemInitializer.java:607)
	at de.uka.ilkd.key.util.HelperClassForTests.parse(HelperClassForTests.java:78)
	at de.uka.ilkd.key.util.HelperClassForTests.parse(HelperClassForTests.java:66)
	at de.uka.ilkd.key.util.HelperClassForTests.createServices(HelperClassForTests.java:303)
	at de.uka.ilkd.key.parser.AbstractTestTermParser.getServices(AbstractTestTermParser.java:173)
	at de.uka.ilkd.key.parser.AbstractTestTermParser.&lt;init&gt;(AbstractTestTermParser.java:35)
	at de.uka.ilkd.key.logic.TestClashFreeSubst.&lt;init&gt;(TestClashFreeSubst.java:24)
	at java.base/jdk.internal.reflect.NativeConstructorAccessorImpl.newInstance0(Native Method)
	at java.base/jdk.internal.reflect.NativeConstructorAccessorImpl.newInstance(NativeConstructorAccessorImpl.java:77)
	at java.base/jdk.internal.reflect.DelegatingConstructorAccessorImpl.newInstance(DelegatingConstructorAccessorImpl.java:45)
	at java.base/java.lang.reflect.Constructor.newInstanceWithCaller(Constructor.java:499)
	at java.base/java.lang.reflect.Constructor.newInstance(Constructor.java:480)
	at org.junit.platform.commons.util.ReflectionUtils.newInstance(ReflectionUtils.java:552)
	at org.junit.jupiter.engine.execution.ConstructorInvocation.proceed(ConstructorInvocation.java:56)
	at org.junit.jupiter.engine.execution.InvocationInterceptorChain$ValidatingInvocation.proceed(InvocationInterceptorChain.java:131)
	at org.junit.jupiter.api.extension.InvocationInterceptor.interceptTestClassConstructor(InvocationInterceptor.java:73)
	at org.junit.jupiter.engine.execution.InterceptingExecutableInvoker.lambda$invoke$0(InterceptingExecutableInvoker.java:93)
	at org.junit.jupiter.engine.execution.InvocationInterceptorChain$InterceptedInvocation.proceed(InvocationInterceptorChain.java:106)
	at org.junit.jupiter.engine.execution.InvocationInterceptorChain.proceed(InvocationInterceptorChain.java:64)
	at org.junit.jupiter.engine.execution.InvocationInterceptorChain.chainAndInvoke(InvocationInterceptorChain.java:45)
	at org.junit.jupiter.engine.execution.InvocationInterceptorChain.invoke(InvocationInterceptorChain.java:37)
	at org.junit.jupiter.engine.execution.InterceptingExecutableInvoker.invoke(InterceptingExecutableInvoker.java:92)
	at org.junit.jupiter.engine.execution.InterceptingExecutableInvoker.invoke(InterceptingExecutableInvoker.java:62)
	at org.junit.jupiter.engine.descriptor.ClassBasedTestDescriptor.invokeTestClassConstructor(ClassBasedTestDescriptor.java:363)
	at org.junit.jupiter.engine.descriptor.ClassBasedTestDescriptor.instantiateTestClass(ClassBasedTestDescriptor.java:310)
	at org.junit.jupiter.engine.descriptor.ClassTestDescriptor.instantiateTestClass(ClassTestDescriptor.java:79)
	at org.junit.jupiter.engine.descriptor.ClassBasedTestDescriptor.instantiateAndPostProcessTestInstance(ClassBasedTestDescriptor.java:286)
	at org.junit.jupiter.engine.descriptor.ClassBasedTestDescriptor.lambda$testInstancesProvider$4(ClassBasedTestDescriptor.java:278)
	at java.base/java.util.Optional.orElseGet(Optional.java:364)
	at org.junit.jupiter.engine.descriptor.ClassBasedTestDescriptor.lambda$testInstancesProvider$5(ClassBasedTestDescriptor.java:277)
	at org.junit.jupiter.engine.execution.TestInstancesProvider.getTestInstances(TestInstancesProvider.java:31)
	at org.junit.jupiter.engine.descriptor.TestMethodTestDescriptor.lambda$prepare$0(TestMethodTestDescriptor.java:105)
	at org.junit.platform.engine.support.hierarchical.ThrowableCollector.execute(ThrowableCollector.java:73)
	at org.junit.jupiter.engine.descriptor.TestMethodTestDescriptor.prepare(TestMethodTestDescriptor.java:104)
	at org.junit.jupiter.engine.descriptor.TestMethodTestDescriptor.prepare(TestMethodTestDescriptor.java:68)
	at org.junit.platform.engine.support.hierarchical.NodeTestTask.lambda$prepare$2(NodeTestTask.java:123)
	at org.junit.platform.engine.support.hierarchical.ThrowableCollector.execute(ThrowableCollector.java:73)
	at org.junit.platform.engine.support.hierarchical.NodeTestTask.prepare(NodeTestTask.java:123)
	at org.junit.platform.engine.support.hierarchical.NodeTestTask.execute(NodeTestTask.java:90)
	at java.base/java.util.ArrayList.forEach(ArrayList.java:1511)
	at org.junit.platform.engine.support.hierarchical.SameThreadHierarchicalTestExecutorService.invokeAll(SameThreadHierarchicalTestExecutorService.java:41)
	at org.junit.platform.engine.support.hierarchical.NodeTestTask.lambda$executeRecursively$6(NodeTestTask.java:155)
	at org.junit.platform.engine.support.hierarchical.ThrowableCollector.execute(ThrowableCollector.java:73)
	at org.junit.platform.engine.support.hierarchical.NodeTestTask.lambda$executeRecursively$8(NodeTestTask.java:141)
	at org.junit.platform.engine.support.hierarchical.Node.around(Node.java:137)
	at org.junit.platform.engine.support.hierarchical.NodeTestTask.lambda$executeRecursively$9(NodeTestTask.java:139)
	at org.junit.platform.engine.support.hierarchical.ThrowableCollector.execute(ThrowableCollector.java:73)
	at org.junit.platform.engine.support.hierarchical.NodeTestTask.executeRecursively(NodeTestTask.java:138)
	at org.junit.platform.engine.support.hierarchical.NodeTestTask.execute(NodeTestTask.java:95)
	at java.base/java.util.ArrayList.forEach(ArrayList.java:1511)
	at org.junit.platform.engine.support.hierarchical.SameThreadHierarchicalTestExecutorService.invokeAll(SameThreadHierarchicalTestExecutorService.java:41)
	at org.junit.platform.engine.support.hierarchical.NodeTestTask.lambda$executeRecursively$6(NodeTestTask.java:155)
	at org.junit.platform.engine.support.hierarchical.ThrowableCollector.execute(ThrowableCollector.java:73)
	at org.junit.platform.engine.support.hierarchical.NodeTestTask.lambda$executeRecursively$8(NodeTestTask.java:141)
	at org.junit.platform.engine.support.hierarchical.Node.around(Node.java:137)
	at org.junit.platform.engine.support.hierarchical.NodeTestTask.lambda$executeRecursively$9(NodeTestTask.java:139)
	at org.junit.platform.engine.support.hierarchical.ThrowableCollector.execute(ThrowableCollector.java:73)
	at org.junit.platform.engine.support.hierarchical.NodeTestTask.executeRecursively(NodeTestTask.java:138)
	at org.junit.platform.engine.support.hierarchical.NodeTestTask.execute(NodeTestTask.java:95)
	at org.junit.platform.engine.support.hierarchical.SameThreadHierarchicalTestExecutorService.submit(SameThreadHierarchicalTestExecutorService.java:35)
	at org.junit.platform.engine.support.hierarchical.HierarchicalTestExecutor.execute(HierarchicalTestExecutor.java:57)
	at org.junit.platform.engine.support.hierarchical.HierarchicalTestEngine.execute(HierarchicalTestEngine.java:54)
	at org.junit.platform.launcher.core.EngineExecutionOrchestrator.execute(EngineExecutionOrchestrator.java:107)
	at org.junit.platform.launcher.core.EngineExecutionOrchestrator.execute(EngineExecutionOrchestrator.java:88)
	at org.junit.platform.launcher.core.EngineExecutionOrchestrator.lambda$execute$0(EngineExecutionOrchestrator.java:54)
	at org.junit.platform.launcher.core.EngineExecutionOrchestrator.withInterceptedStreams(EngineExecutionOrchestrator.java:67)
	at org.junit.platform.launcher.core.EngineExecutionOrchestrator.execute(EngineExecutionOrchestrator.java:52)
	at org.junit.platform.launcher.core.DefaultLauncher.execute(DefaultLauncher.java:114)
	at org.junit.platform.launcher.core.DefaultLauncher.execute(DefaultLauncher.java:86)
	at org.junit.platform.launcher.core.DefaultLauncherSession$DelegatingLauncher.execute(DefaultLauncherSession.java:86)
	at org.gradle.api.internal.tasks.testing.junitplatform.JUnitPlatformTestClassProcessor$CollectAllTestClassesExecutor.processAllTestClasses(JUnitPlatformTestClassProcessor.java:110)
	at org.gradle.api.internal.tasks.testing.junitplatform.JUnitPlatformTestClassProcessor$CollectAllTestClassesExecutor.access$000(JUnitPlatformTestClassProcessor.java:90)
	at org.gradle.api.internal.tasks.testing.junitplatform.JUnitPlatformTestClassProcessor.stop(JUnitPlatformTestClassProcessor.java:85)
	at org.gradle.api.internal.tasks.testing.SuiteTestClassProcessor.stop(SuiteTestClassProcessor.java:62)
	at java.base/jdk.internal.reflect.NativeMethodAccessorImpl.invoke0(Native Method)
	at java.base/jdk.internal.reflect.NativeMethodAccessorImpl.invoke(NativeMethodAccessorImpl.java:77)
	at java.base/jdk.internal.reflect.DelegatingMethodAccessorImpl.invoke(DelegatingMethodAccessorImpl.java:43)
	at java.base/java.lang.reflect.Method.invoke(Method.java:568)
	at org.gradle.internal.dispatch.ReflectionDispatch.dispatch(ReflectionDispatch.java:36)
	at org.gradle.internal.dispatch.ReflectionDispatch.dispatch(ReflectionDispatch.java:24)
	at org.gradle.internal.dispatch.ContextClassLoaderDispatch.dispatch(ContextClassLoaderDispatch.java:33)
	at org.gradle.internal.dispatch.ProxyDispatchAdapter$DispatchingInvocationHandler.invoke(ProxyDispatchAdapter.java:94)
	at jdk.proxy2/jdk.proxy2.$Proxy5.stop(Unknown Source)
	at org.gradle.api.internal.tasks.testing.worker.TestWorker$3.run(TestWorker.java:193)
	at org.gradle.api.internal.tasks.testing.worker.TestWorker.executeAndMaintainThreadName(TestWorker.java:129)
	at org.gradle.api.internal.tasks.testing.worker.TestWorker.execute(TestWorker.java:100)
	at org.gradle.api.internal.tasks.testing.worker.TestWorker.execute(TestWorker.java:60)
	at org.gradle.process.internal.worker.child.ActionExecutionWorker.execute(ActionExecutionWorker.java:56)
	at org.gradle.process.internal.worker.child.SystemApplicationClassLoaderWorker.call(SystemApplicationClassLoaderWorker.java:113)
	at org.gradle.process.internal.worker.child.SystemApplicationClassLoaderWorker.call(SystemApplicationClassLoaderWorker.java:65)
	at worker.org.gradle.process.internal.worker.GradleWorkerMain.run(GradleWorkerMain.java:69)
	at worker.org.gradle.process.internal.worker.GradleWorkerMain.main(GradleWorkerMain.java:74)
</failure>
  </testcase>
  <testcase name="testShareWary()" classname="de.uka.ilkd.key.logic.TestClashFreeSubst" time="0.018">
    <failure message="java.lang.NullPointerException: Cannot invoke &quot;de.uka.ilkd.key.java.JavaService.getProgramFactory()&quot; because &quot;this.javaService&quot; is null" type="java.lang.NullPointerException">java.lang.NullPointerException: Cannot invoke &quot;de.uka.ilkd.key.java.JavaService.getProgramFactory()&quot; because &quot;this.javaService&quot; is null
	at de.uka.ilkd.key.java.KeYProgModelInfo.isPackage(KeYProgModelInfo.java:213)
	at de.uka.ilkd.key.java.JavaInfo.isPackage(JavaInfo.java:221)
	at de.uka.ilkd.key.speclang.translation.SLExpressionResolver.trimPackageRef(SLExpressionResolver.java:43)
	at de.uka.ilkd.key.speclang.translation.SLExpressionResolver.areInSamePackage(SLExpressionResolver.java:62)
	at de.uka.ilkd.key.speclang.translation.SLExpressionResolver.isVisibleHelper(SLExpressionResolver.java:103)
	at de.uka.ilkd.key.speclang.translation.SLExpressionResolver.isVisible(SLExpressionResolver.java:114)
	at de.uka.ilkd.key.speclang.translation.SLAttributeResolver.lookupVisibleAttribute(SLAttributeResolver.java:37)
	at de.uka.ilkd.key.speclang.translation.SLAttributeResolver.doResolving(SLAttributeResolver.java:94)
	at de.uka.ilkd.key.speclang.translation.SLExpressionResolver.resolve(SLExpressionResolver.java:149)
	at de.uka.ilkd.key.speclang.translation.SLResolverManager.resolveExplicit(SLResolverManager.java:137)
	at de.uka.ilkd.key.speclang.translation.SLResolverManager.resolveImplicit(SLResolverManager.java:112)
	at de.uka.ilkd.key.speclang.translation.SLResolverManager.resolveIt(SLResolverManager.java:159)
	at de.uka.ilkd.key.speclang.translation.SLResolverManager.resolve(SLResolverManager.java:195)
	at de.uka.ilkd.key.speclang.njml.Translator.lookupIdentifier(Translator.java:924)
	at de.uka.ilkd.key.speclang.njml.Translator.visitIdent(Translator.java:882)
	at de.uka.ilkd.key.speclang.njml.JmlParser$IdentContext.accept(JmlParser.java:8637)
	at org.antlr.v4.runtime.tree.AbstractParseTreeVisitor.visitChildren(AbstractParseTreeVisitor.java:46)
	at de.uka.ilkd.key.speclang.njml.JmlParserBaseVisitor.visitPrimaryexpr(JmlParserBaseVisitor.java:724)
	at de.uka.ilkd.key.speclang.njml.JmlParser$PrimaryexprContext.accept(JmlParser.java:8399)
	at de.uka.ilkd.key.speclang.njml.Translator.accept(Translator.java:128)
	at de.uka.ilkd.key.speclang.njml.Translator.visitPostfixexpr(Translator.java:854)
	at de.uka.ilkd.key.speclang.njml.Translator.visitPostfixexpr(Translator.java:63)
	at de.uka.ilkd.key.speclang.njml.JmlParser$PostfixexprContext.accept(JmlParser.java:8315)
	at de.uka.ilkd.key.speclang.njml.Translator.accept(Translator.java:128)
	at de.uka.ilkd.key.speclang.njml.Translator.visitUnaryexprnotplusminus(Translator.java:840)
	at de.uka.ilkd.key.speclang.njml.JmlParser$UnaryexprnotplusminusContext.accept(JmlParser.java:8146)
	at de.uka.ilkd.key.speclang.njml.Translator.accept(Translator.java:128)
	at de.uka.ilkd.key.speclang.njml.Translator.oneOf(Translator.java:147)
	at de.uka.ilkd.key.speclang.njml.Translator.visitUnaryexpr(Translator.java:800)
	at de.uka.ilkd.key.speclang.njml.Translator.visitUnaryexpr(Translator.java:63)
	at de.uka.ilkd.key.speclang.njml.JmlParser$UnaryexprContext.accept(JmlParser.java:8002)
	at de.uka.ilkd.key.speclang.njml.Translator.accept(Translator.java:128)
	at de.uka.ilkd.key.speclang.njml.Translator.lambda$mapOf$0(Translator.java:133)
	at java.base/java.util.stream.ReferencePipeline$3$1.accept(ReferencePipeline.java:197)
	at java.base/java.util.ArrayList$ArrayListSpliterator.forEachRemaining(ArrayList.java:1625)
	at java.base/java.util.stream.AbstractPipeline.copyInto(AbstractPipeline.java:509)
	at java.base/java.util.stream.AbstractPipeline.wrapAndCopyInto(AbstractPipeline.java:499)
	at java.base/java.util.stream.ReduceOps$ReduceOp.evaluateSequential(ReduceOps.java:921)
	at java.base/java.util.stream.AbstractPipeline.evaluate(AbstractPipeline.java:234)
	at java.base/java.util.stream.ReferencePipeline.collect(ReferencePipeline.java:682)
	at de.uka.ilkd.key.speclang.njml.Translator.mapOf(Translator.java:133)
	at de.uka.ilkd.key.speclang.njml.Translator.visitMultexpr(Translator.java:737)
	at de.uka.ilkd.key.speclang.njml.JmlParser$MultexprContext.accept(JmlParser.java:7921)
	at de.uka.ilkd.key.speclang.njml.Translator.accept(Translator.java:128)
	at de.uka.ilkd.key.speclang.njml.Translator.lambda$mapOf$0(Translator.java:133)
	at java.base/java.util.stream.ReferencePipeline$3$1.accept(ReferencePipeline.java:197)
	at java.base/java.util.ArrayList$ArrayListSpliterator.forEachRemaining(ArrayList.java:1625)
	at java.base/java.util.stream.AbstractPipeline.copyInto(AbstractPipeline.java:509)
	at java.base/java.util.stream.AbstractPipeline.wrapAndCopyInto(AbstractPipeline.java:499)
	at java.base/java.util.stream.ReduceOps$ReduceOp.evaluateSequential(ReduceOps.java:921)
	at java.base/java.util.stream.AbstractPipeline.evaluate(AbstractPipeline.java:234)
	at java.base/java.util.stream.ReferencePipeline.collect(ReferencePipeline.java:682)
	at de.uka.ilkd.key.speclang.njml.Translator.mapOf(Translator.java:133)
	at de.uka.ilkd.key.speclang.njml.Translator.visitAdditiveexpr(Translator.java:720)
	at de.uka.ilkd.key.speclang.njml.JmlParser$AdditiveexprContext.accept(JmlParser.java:7829)
	at de.uka.ilkd.key.speclang.njml.Translator.accept(Translator.java:128)
	at de.uka.ilkd.key.speclang.njml.Translator.lambda$mapOf$0(Translator.java:133)
	at java.base/java.util.stream.ReferencePipeline$3$1.accept(ReferencePipeline.java:197)
	at java.base/java.util.ArrayList$ArrayListSpliterator.forEachRemaining(ArrayList.java:1625)
	at java.base/java.util.stream.AbstractPipeline.copyInto(AbstractPipeline.java:509)
	at java.base/java.util.stream.AbstractPipeline.wrapAndCopyInto(AbstractPipeline.java:499)
	at java.base/java.util.stream.ReduceOps$ReduceOp.evaluateSequential(ReduceOps.java:921)
	at java.base/java.util.stream.AbstractPipeline.evaluate(AbstractPipeline.java:234)
	at java.base/java.util.stream.ReferencePipeline.collect(ReferencePipeline.java:682)
	at de.uka.ilkd.key.speclang.njml.Translator.mapOf(Translator.java:133)
	at de.uka.ilkd.key.speclang.njml.Translator.visitShiftexpr(Translator.java:703)
	at de.uka.ilkd.key.speclang.njml.JmlParser$ShiftexprContext.accept(JmlParser.java:7742)
	at de.uka.ilkd.key.speclang.njml.Translator.accept(Translator.java:128)
	at de.uka.ilkd.key.speclang.njml.Translator.oneOf(Translator.java:147)
	at de.uka.ilkd.key.speclang.njml.Translator.visitRelationalexpr(Translator.java:494)
	at de.uka.ilkd.key.speclang.njml.JmlParser$RelationalexprContext.accept(JmlParser.java:7344)
	at de.uka.ilkd.key.speclang.njml.Translator.accept(Translator.java:128)
	at de.uka.ilkd.key.speclang.njml.Translator.lambda$mapOf$0(Translator.java:133)
	at java.base/java.util.stream.ReferencePipeline$3$1.accept(ReferencePipeline.java:197)
	at java.base/java.util.ArrayList$ArrayListSpliterator.forEachRemaining(ArrayList.java:1625)
	at java.base/java.util.stream.AbstractPipeline.copyInto(AbstractPipeline.java:509)
	at java.base/java.util.stream.AbstractPipeline.wrapAndCopyInto(AbstractPipeline.java:499)
	at java.base/java.util.stream.ReduceOps$ReduceOp.evaluateSequential(ReduceOps.java:921)
	at java.base/java.util.stream.AbstractPipeline.evaluate(AbstractPipeline.java:234)
	at java.base/java.util.stream.ReferencePipeline.collect(ReferencePipeline.java:682)
	at de.uka.ilkd.key.speclang.njml.Translator.mapOf(Translator.java:133)
	at de.uka.ilkd.key.speclang.njml.Translator.visitEqualityexpr(Translator.java:562)
	at de.uka.ilkd.key.speclang.njml.Translator.visitEqualityexpr(Translator.java:63)
	at de.uka.ilkd.key.speclang.njml.JmlParser$EqualityexprContext.accept(JmlParser.java:7270)
	at de.uka.ilkd.key.speclang.njml.Translator.accept(Translator.java:128)
	at de.uka.ilkd.key.speclang.njml.Translator.visitAndexpr(Translator.java:544)
	at de.uka.ilkd.key.speclang.njml.JmlParser$AndexprContext.accept(JmlParser.java:7201)
	at de.uka.ilkd.key.speclang.njml.Translator.accept(Translator.java:128)
	at de.uka.ilkd.key.speclang.njml.Translator.visitExclusiveorexpr(Translator.java:529)
	at de.uka.ilkd.key.speclang.njml.JmlParser$ExclusiveorexprContext.accept(JmlParser.java:7132)
	at de.uka.ilkd.key.speclang.njml.Translator.accept(Translator.java:128)
	at de.uka.ilkd.key.speclang.njml.Translator.visitInclusiveorexpr(Translator.java:514)
	at de.uka.ilkd.key.speclang.njml.JmlParser$InclusiveorexprContext.accept(JmlParser.java:7063)
	at de.uka.ilkd.key.speclang.njml.Translator.accept(Translator.java:128)
	at de.uka.ilkd.key.speclang.njml.Translator.visitLogicalandexpr(Translator.java:501)
	at de.uka.ilkd.key.speclang.njml.JmlParser$LogicalandexprContext.accept(JmlParser.java:6994)
	at de.uka.ilkd.key.speclang.njml.Translator.accept(Translator.java:128)
	at de.uka.ilkd.key.speclang.njml.Translator.visitLogicalorexpr(Translator.java:482)
	at de.uka.ilkd.key.speclang.njml.Translator.visitLogicalorexpr(Translator.java:63)
	at de.uka.ilkd.key.speclang.njml.JmlParser$LogicalorexprContext.accept(JmlParser.java:6925)
	at de.uka.ilkd.key.speclang.njml.Translator.accept(Translator.java:128)
	at de.uka.ilkd.key.speclang.njml.Translator.visitImpliesexpr(Translator.java:446)
	at de.uka.ilkd.key.speclang.njml.JmlParser$ImpliesexprContext.accept(JmlParser.java:6662)
	at de.uka.ilkd.key.speclang.njml.Translator.accept(Translator.java:128)
	at de.uka.ilkd.key.speclang.njml.Translator.lambda$mapOf$0(Translator.java:133)
	at java.base/java.util.stream.ReferencePipeline$3$1.accept(ReferencePipeline.java:197)
	at java.base/java.util.ArrayList$ArrayListSpliterator.forEachRemaining(ArrayList.java:1625)
	at java.base/java.util.stream.AbstractPipeline.copyInto(AbstractPipeline.java:509)
	at java.base/java.util.stream.AbstractPipeline.wrapAndCopyInto(AbstractPipeline.java:499)
	at java.base/java.util.stream.ReduceOps$ReduceOp.evaluateSequential(ReduceOps.java:921)
	at java.base/java.util.stream.AbstractPipeline.evaluate(AbstractPipeline.java:234)
	at java.base/java.util.stream.ReferencePipeline.collect(ReferencePipeline.java:682)
	at de.uka.ilkd.key.speclang.njml.Translator.mapOf(Translator.java:133)
	at de.uka.ilkd.key.speclang.njml.Translator.visitEquivalenceexpr(Translator.java:426)
	at de.uka.ilkd.key.speclang.njml.JmlParser$EquivalenceexprContext.accept(JmlParser.java:6585)
	at de.uka.ilkd.key.speclang.njml.Translator.accept(Translator.java:128)
	at de.uka.ilkd.key.speclang.njml.Translator.visitConditionalexpr(Translator.java:412)
	at de.uka.ilkd.key.speclang.njml.Translator.visitConditionalexpr(Translator.java:63)
	at de.uka.ilkd.key.speclang.njml.JmlParser$ConditionalexprContext.accept(JmlParser.java:6516)
	at de.uka.ilkd.key.speclang.njml.Translator.accept(Translator.java:128)
	at de.uka.ilkd.key.speclang.njml.Translator.visitExpression(Translator.java:402)
	at de.uka.ilkd.key.speclang.njml.Translator.visitExpression(Translator.java:63)
	at de.uka.ilkd.key.speclang.njml.JmlParser$ExpressionContext.accept(JmlParser.java:6463)
	at de.uka.ilkd.key.speclang.njml.JmlIO.interpret(JmlIO.java:178)
	at de.uka.ilkd.key.speclang.njml.JmlIO.translateTerm(JmlIO.java:188)
	at de.uka.ilkd.key.speclang.njml.JmlIO.translateTerm(JmlIO.java:201)
	at de.uka.ilkd.key.speclang.jml.translation.JMLSpecFactory.createJMLClassInvariant(JMLSpecFactory.java:957)
	at de.uka.ilkd.key.speclang.jml.JMLSpecExtractor.extractClassSpecs(JMLSpecExtractor.java:250)
	at de.uka.ilkd.key.speclang.SLEnvInput.createSpecs(SLEnvInput.java:284)
	at de.uka.ilkd.key.speclang.SLEnvInput.read(SLEnvInput.java:351)
	at de.uka.ilkd.key.proof.init.KeYUserProblemFile.read(KeYUserProblemFile.java:111)
	at de.uka.ilkd.key.proof.init.ProblemInitializer.readEnvInput(ProblemInitializer.java:323)
	at de.uka.ilkd.key.proof.init.ProblemInitializer.prepare(ProblemInitializer.java:561)
	at de.uka.ilkd.key.proof.init.ProblemInitializer.prepare(ProblemInitializer.java:471)
	at de.uka.ilkd.key.proof.init.ProblemInitializer.startProver(ProblemInitializer.java:607)
	at de.uka.ilkd.key.util.HelperClassForTests.parse(HelperClassForTests.java:78)
	at de.uka.ilkd.key.util.HelperClassForTests.parse(HelperClassForTests.java:66)
	at de.uka.ilkd.key.util.HelperClassForTests.createServices(HelperClassForTests.java:303)
	at de.uka.ilkd.key.parser.AbstractTestTermParser.getServices(AbstractTestTermParser.java:173)
	at de.uka.ilkd.key.parser.AbstractTestTermParser.&lt;init&gt;(AbstractTestTermParser.java:35)
	at de.uka.ilkd.key.logic.TestClashFreeSubst.&lt;init&gt;(TestClashFreeSubst.java:24)
	at java.base/jdk.internal.reflect.NativeConstructorAccessorImpl.newInstance0(Native Method)
	at java.base/jdk.internal.reflect.NativeConstructorAccessorImpl.newInstance(NativeConstructorAccessorImpl.java:77)
	at java.base/jdk.internal.reflect.DelegatingConstructorAccessorImpl.newInstance(DelegatingConstructorAccessorImpl.java:45)
	at java.base/java.lang.reflect.Constructor.newInstanceWithCaller(Constructor.java:499)
	at java.base/java.lang.reflect.Constructor.newInstance(Constructor.java:480)
	at org.junit.platform.commons.util.ReflectionUtils.newInstance(ReflectionUtils.java:552)
	at org.junit.jupiter.engine.execution.ConstructorInvocation.proceed(ConstructorInvocation.java:56)
	at org.junit.jupiter.engine.execution.InvocationInterceptorChain$ValidatingInvocation.proceed(InvocationInterceptorChain.java:131)
	at org.junit.jupiter.api.extension.InvocationInterceptor.interceptTestClassConstructor(InvocationInterceptor.java:73)
	at org.junit.jupiter.engine.execution.InterceptingExecutableInvoker.lambda$invoke$0(InterceptingExecutableInvoker.java:93)
	at org.junit.jupiter.engine.execution.InvocationInterceptorChain$InterceptedInvocation.proceed(InvocationInterceptorChain.java:106)
	at org.junit.jupiter.engine.execution.InvocationInterceptorChain.proceed(InvocationInterceptorChain.java:64)
	at org.junit.jupiter.engine.execution.InvocationInterceptorChain.chainAndInvoke(InvocationInterceptorChain.java:45)
	at org.junit.jupiter.engine.execution.InvocationInterceptorChain.invoke(InvocationInterceptorChain.java:37)
	at org.junit.jupiter.engine.execution.InterceptingExecutableInvoker.invoke(InterceptingExecutableInvoker.java:92)
	at org.junit.jupiter.engine.execution.InterceptingExecutableInvoker.invoke(InterceptingExecutableInvoker.java:62)
	at org.junit.jupiter.engine.descriptor.ClassBasedTestDescriptor.invokeTestClassConstructor(ClassBasedTestDescriptor.java:363)
	at org.junit.jupiter.engine.descriptor.ClassBasedTestDescriptor.instantiateTestClass(ClassBasedTestDescriptor.java:310)
	at org.junit.jupiter.engine.descriptor.ClassTestDescriptor.instantiateTestClass(ClassTestDescriptor.java:79)
	at org.junit.jupiter.engine.descriptor.ClassBasedTestDescriptor.instantiateAndPostProcessTestInstance(ClassBasedTestDescriptor.java:286)
	at org.junit.jupiter.engine.descriptor.ClassBasedTestDescriptor.lambda$testInstancesProvider$4(ClassBasedTestDescriptor.java:278)
	at java.base/java.util.Optional.orElseGet(Optional.java:364)
	at org.junit.jupiter.engine.descriptor.ClassBasedTestDescriptor.lambda$testInstancesProvider$5(ClassBasedTestDescriptor.java:277)
	at org.junit.jupiter.engine.execution.TestInstancesProvider.getTestInstances(TestInstancesProvider.java:31)
	at org.junit.jupiter.engine.descriptor.TestMethodTestDescriptor.lambda$prepare$0(TestMethodTestDescriptor.java:105)
	at org.junit.platform.engine.support.hierarchical.ThrowableCollector.execute(ThrowableCollector.java:73)
	at org.junit.jupiter.engine.descriptor.TestMethodTestDescriptor.prepare(TestMethodTestDescriptor.java:104)
	at org.junit.jupiter.engine.descriptor.TestMethodTestDescriptor.prepare(TestMethodTestDescriptor.java:68)
	at org.junit.platform.engine.support.hierarchical.NodeTestTask.lambda$prepare$2(NodeTestTask.java:123)
	at org.junit.platform.engine.support.hierarchical.ThrowableCollector.execute(ThrowableCollector.java:73)
	at org.junit.platform.engine.support.hierarchical.NodeTestTask.prepare(NodeTestTask.java:123)
	at org.junit.platform.engine.support.hierarchical.NodeTestTask.execute(NodeTestTask.java:90)
	at java.base/java.util.ArrayList.forEach(ArrayList.java:1511)
	at org.junit.platform.engine.support.hierarchical.SameThreadHierarchicalTestExecutorService.invokeAll(SameThreadHierarchicalTestExecutorService.java:41)
	at org.junit.platform.engine.support.hierarchical.NodeTestTask.lambda$executeRecursively$6(NodeTestTask.java:155)
	at org.junit.platform.engine.support.hierarchical.ThrowableCollector.execute(ThrowableCollector.java:73)
	at org.junit.platform.engine.support.hierarchical.NodeTestTask.lambda$executeRecursively$8(NodeTestTask.java:141)
	at org.junit.platform.engine.support.hierarchical.Node.around(Node.java:137)
	at org.junit.platform.engine.support.hierarchical.NodeTestTask.lambda$executeRecursively$9(NodeTestTask.java:139)
	at org.junit.platform.engine.support.hierarchical.ThrowableCollector.execute(ThrowableCollector.java:73)
	at org.junit.platform.engine.support.hierarchical.NodeTestTask.executeRecursively(NodeTestTask.java:138)
	at org.junit.platform.engine.support.hierarchical.NodeTestTask.execute(NodeTestTask.java:95)
	at java.base/java.util.ArrayList.forEach(ArrayList.java:1511)
	at org.junit.platform.engine.support.hierarchical.SameThreadHierarchicalTestExecutorService.invokeAll(SameThreadHierarchicalTestExecutorService.java:41)
	at org.junit.platform.engine.support.hierarchical.NodeTestTask.lambda$executeRecursively$6(NodeTestTask.java:155)
	at org.junit.platform.engine.support.hierarchical.ThrowableCollector.execute(ThrowableCollector.java:73)
	at org.junit.platform.engine.support.hierarchical.NodeTestTask.lambda$executeRecursively$8(NodeTestTask.java:141)
	at org.junit.platform.engine.support.hierarchical.Node.around(Node.java:137)
	at org.junit.platform.engine.support.hierarchical.NodeTestTask.lambda$executeRecursively$9(NodeTestTask.java:139)
	at org.junit.platform.engine.support.hierarchical.ThrowableCollector.execute(ThrowableCollector.java:73)
	at org.junit.platform.engine.support.hierarchical.NodeTestTask.executeRecursively(NodeTestTask.java:138)
	at org.junit.platform.engine.support.hierarchical.NodeTestTask.execute(NodeTestTask.java:95)
	at org.junit.platform.engine.support.hierarchical.SameThreadHierarchicalTestExecutorService.submit(SameThreadHierarchicalTestExecutorService.java:35)
	at org.junit.platform.engine.support.hierarchical.HierarchicalTestExecutor.execute(HierarchicalTestExecutor.java:57)
	at org.junit.platform.engine.support.hierarchical.HierarchicalTestEngine.execute(HierarchicalTestEngine.java:54)
	at org.junit.platform.launcher.core.EngineExecutionOrchestrator.execute(EngineExecutionOrchestrator.java:107)
	at org.junit.platform.launcher.core.EngineExecutionOrchestrator.execute(EngineExecutionOrchestrator.java:88)
	at org.junit.platform.launcher.core.EngineExecutionOrchestrator.lambda$execute$0(EngineExecutionOrchestrator.java:54)
	at org.junit.platform.launcher.core.EngineExecutionOrchestrator.withInterceptedStreams(EngineExecutionOrchestrator.java:67)
	at org.junit.platform.launcher.core.EngineExecutionOrchestrator.execute(EngineExecutionOrchestrator.java:52)
	at org.junit.platform.launcher.core.DefaultLauncher.execute(DefaultLauncher.java:114)
	at org.junit.platform.launcher.core.DefaultLauncher.execute(DefaultLauncher.java:86)
	at org.junit.platform.launcher.core.DefaultLauncherSession$DelegatingLauncher.execute(DefaultLauncherSession.java:86)
	at org.gradle.api.internal.tasks.testing.junitplatform.JUnitPlatformTestClassProcessor$CollectAllTestClassesExecutor.processAllTestClasses(JUnitPlatformTestClassProcessor.java:110)
	at org.gradle.api.internal.tasks.testing.junitplatform.JUnitPlatformTestClassProcessor$CollectAllTestClassesExecutor.access$000(JUnitPlatformTestClassProcessor.java:90)
	at org.gradle.api.internal.tasks.testing.junitplatform.JUnitPlatformTestClassProcessor.stop(JUnitPlatformTestClassProcessor.java:85)
	at org.gradle.api.internal.tasks.testing.SuiteTestClassProcessor.stop(SuiteTestClassProcessor.java:62)
	at java.base/jdk.internal.reflect.NativeMethodAccessorImpl.invoke0(Native Method)
	at java.base/jdk.internal.reflect.NativeMethodAccessorImpl.invoke(NativeMethodAccessorImpl.java:77)
	at java.base/jdk.internal.reflect.DelegatingMethodAccessorImpl.invoke(DelegatingMethodAccessorImpl.java:43)
	at java.base/java.lang.reflect.Method.invoke(Method.java:568)
	at org.gradle.internal.dispatch.ReflectionDispatch.dispatch(ReflectionDispatch.java:36)
	at org.gradle.internal.dispatch.ReflectionDispatch.dispatch(ReflectionDispatch.java:24)
	at org.gradle.internal.dispatch.ContextClassLoaderDispatch.dispatch(ContextClassLoaderDispatch.java:33)
	at org.gradle.internal.dispatch.ProxyDispatchAdapter$DispatchingInvocationHandler.invoke(ProxyDispatchAdapter.java:94)
	at jdk.proxy2/jdk.proxy2.$Proxy5.stop(Unknown Source)
	at org.gradle.api.internal.tasks.testing.worker.TestWorker$3.run(TestWorker.java:193)
	at org.gradle.api.internal.tasks.testing.worker.TestWorker.executeAndMaintainThreadName(TestWorker.java:129)
	at org.gradle.api.internal.tasks.testing.worker.TestWorker.execute(TestWorker.java:100)
	at org.gradle.api.internal.tasks.testing.worker.TestWorker.execute(TestWorker.java:60)
	at org.gradle.process.internal.worker.child.ActionExecutionWorker.execute(ActionExecutionWorker.java:56)
	at org.gradle.process.internal.worker.child.SystemApplicationClassLoaderWorker.call(SystemApplicationClassLoaderWorker.java:113)
	at org.gradle.process.internal.worker.child.SystemApplicationClassLoaderWorker.call(SystemApplicationClassLoaderWorker.java:65)
	at worker.org.gradle.process.internal.worker.GradleWorkerMain.run(GradleWorkerMain.java:69)
	at worker.org.gradle.process.internal.worker.GradleWorkerMain.main(GradleWorkerMain.java:74)
</failure>
  </testcase>
  <testcase name="testMultiSubst()" classname="de.uka.ilkd.key.logic.TestClashFreeSubst" time="0.018">
    <failure message="java.lang.NullPointerException: Cannot invoke &quot;de.uka.ilkd.key.java.JavaService.getProgramFactory()&quot; because &quot;this.javaService&quot; is null" type="java.lang.NullPointerException">java.lang.NullPointerException: Cannot invoke &quot;de.uka.ilkd.key.java.JavaService.getProgramFactory()&quot; because &quot;this.javaService&quot; is null
	at de.uka.ilkd.key.java.KeYProgModelInfo.isPackage(KeYProgModelInfo.java:213)
	at de.uka.ilkd.key.java.JavaInfo.isPackage(JavaInfo.java:221)
	at de.uka.ilkd.key.speclang.translation.SLExpressionResolver.trimPackageRef(SLExpressionResolver.java:43)
	at de.uka.ilkd.key.speclang.translation.SLExpressionResolver.areInSamePackage(SLExpressionResolver.java:62)
	at de.uka.ilkd.key.speclang.translation.SLExpressionResolver.isVisibleHelper(SLExpressionResolver.java:103)
	at de.uka.ilkd.key.speclang.translation.SLExpressionResolver.isVisible(SLExpressionResolver.java:114)
	at de.uka.ilkd.key.speclang.translation.SLAttributeResolver.lookupVisibleAttribute(SLAttributeResolver.java:37)
	at de.uka.ilkd.key.speclang.translation.SLAttributeResolver.doResolving(SLAttributeResolver.java:94)
	at de.uka.ilkd.key.speclang.translation.SLExpressionResolver.resolve(SLExpressionResolver.java:149)
	at de.uka.ilkd.key.speclang.translation.SLResolverManager.resolveExplicit(SLResolverManager.java:137)
	at de.uka.ilkd.key.speclang.translation.SLResolverManager.resolveImplicit(SLResolverManager.java:112)
	at de.uka.ilkd.key.speclang.translation.SLResolverManager.resolveIt(SLResolverManager.java:159)
	at de.uka.ilkd.key.speclang.translation.SLResolverManager.resolve(SLResolverManager.java:195)
	at de.uka.ilkd.key.speclang.njml.Translator.lookupIdentifier(Translator.java:924)
	at de.uka.ilkd.key.speclang.njml.Translator.visitIdent(Translator.java:882)
	at de.uka.ilkd.key.speclang.njml.JmlParser$IdentContext.accept(JmlParser.java:8637)
	at org.antlr.v4.runtime.tree.AbstractParseTreeVisitor.visitChildren(AbstractParseTreeVisitor.java:46)
	at de.uka.ilkd.key.speclang.njml.JmlParserBaseVisitor.visitPrimaryexpr(JmlParserBaseVisitor.java:724)
	at de.uka.ilkd.key.speclang.njml.JmlParser$PrimaryexprContext.accept(JmlParser.java:8399)
	at de.uka.ilkd.key.speclang.njml.Translator.accept(Translator.java:128)
	at de.uka.ilkd.key.speclang.njml.Translator.visitPostfixexpr(Translator.java:854)
	at de.uka.ilkd.key.speclang.njml.Translator.visitPostfixexpr(Translator.java:63)
	at de.uka.ilkd.key.speclang.njml.JmlParser$PostfixexprContext.accept(JmlParser.java:8315)
	at de.uka.ilkd.key.speclang.njml.Translator.accept(Translator.java:128)
	at de.uka.ilkd.key.speclang.njml.Translator.visitUnaryexprnotplusminus(Translator.java:840)
	at de.uka.ilkd.key.speclang.njml.JmlParser$UnaryexprnotplusminusContext.accept(JmlParser.java:8146)
	at de.uka.ilkd.key.speclang.njml.Translator.accept(Translator.java:128)
	at de.uka.ilkd.key.speclang.njml.Translator.oneOf(Translator.java:147)
	at de.uka.ilkd.key.speclang.njml.Translator.visitUnaryexpr(Translator.java:800)
	at de.uka.ilkd.key.speclang.njml.Translator.visitUnaryexpr(Translator.java:63)
	at de.uka.ilkd.key.speclang.njml.JmlParser$UnaryexprContext.accept(JmlParser.java:8002)
	at de.uka.ilkd.key.speclang.njml.Translator.accept(Translator.java:128)
	at de.uka.ilkd.key.speclang.njml.Translator.lambda$mapOf$0(Translator.java:133)
	at java.base/java.util.stream.ReferencePipeline$3$1.accept(ReferencePipeline.java:197)
	at java.base/java.util.ArrayList$ArrayListSpliterator.forEachRemaining(ArrayList.java:1625)
	at java.base/java.util.stream.AbstractPipeline.copyInto(AbstractPipeline.java:509)
	at java.base/java.util.stream.AbstractPipeline.wrapAndCopyInto(AbstractPipeline.java:499)
	at java.base/java.util.stream.ReduceOps$ReduceOp.evaluateSequential(ReduceOps.java:921)
	at java.base/java.util.stream.AbstractPipeline.evaluate(AbstractPipeline.java:234)
	at java.base/java.util.stream.ReferencePipeline.collect(ReferencePipeline.java:682)
	at de.uka.ilkd.key.speclang.njml.Translator.mapOf(Translator.java:133)
	at de.uka.ilkd.key.speclang.njml.Translator.visitMultexpr(Translator.java:737)
	at de.uka.ilkd.key.speclang.njml.JmlParser$MultexprContext.accept(JmlParser.java:7921)
	at de.uka.ilkd.key.speclang.njml.Translator.accept(Translator.java:128)
	at de.uka.ilkd.key.speclang.njml.Translator.lambda$mapOf$0(Translator.java:133)
	at java.base/java.util.stream.ReferencePipeline$3$1.accept(ReferencePipeline.java:197)
	at java.base/java.util.ArrayList$ArrayListSpliterator.forEachRemaining(ArrayList.java:1625)
	at java.base/java.util.stream.AbstractPipeline.copyInto(AbstractPipeline.java:509)
	at java.base/java.util.stream.AbstractPipeline.wrapAndCopyInto(AbstractPipeline.java:499)
	at java.base/java.util.stream.ReduceOps$ReduceOp.evaluateSequential(ReduceOps.java:921)
	at java.base/java.util.stream.AbstractPipeline.evaluate(AbstractPipeline.java:234)
	at java.base/java.util.stream.ReferencePipeline.collect(ReferencePipeline.java:682)
	at de.uka.ilkd.key.speclang.njml.Translator.mapOf(Translator.java:133)
	at de.uka.ilkd.key.speclang.njml.Translator.visitAdditiveexpr(Translator.java:720)
	at de.uka.ilkd.key.speclang.njml.JmlParser$AdditiveexprContext.accept(JmlParser.java:7829)
	at de.uka.ilkd.key.speclang.njml.Translator.accept(Translator.java:128)
	at de.uka.ilkd.key.speclang.njml.Translator.lambda$mapOf$0(Translator.java:133)
	at java.base/java.util.stream.ReferencePipeline$3$1.accept(ReferencePipeline.java:197)
	at java.base/java.util.ArrayList$ArrayListSpliterator.forEachRemaining(ArrayList.java:1625)
	at java.base/java.util.stream.AbstractPipeline.copyInto(AbstractPipeline.java:509)
	at java.base/java.util.stream.AbstractPipeline.wrapAndCopyInto(AbstractPipeline.java:499)
	at java.base/java.util.stream.ReduceOps$ReduceOp.evaluateSequential(ReduceOps.java:921)
	at java.base/java.util.stream.AbstractPipeline.evaluate(AbstractPipeline.java:234)
	at java.base/java.util.stream.ReferencePipeline.collect(ReferencePipeline.java:682)
	at de.uka.ilkd.key.speclang.njml.Translator.mapOf(Translator.java:133)
	at de.uka.ilkd.key.speclang.njml.Translator.visitShiftexpr(Translator.java:703)
	at de.uka.ilkd.key.speclang.njml.JmlParser$ShiftexprContext.accept(JmlParser.java:7742)
	at de.uka.ilkd.key.speclang.njml.Translator.accept(Translator.java:128)
	at de.uka.ilkd.key.speclang.njml.Translator.oneOf(Translator.java:147)
	at de.uka.ilkd.key.speclang.njml.Translator.visitRelationalexpr(Translator.java:494)
	at de.uka.ilkd.key.speclang.njml.JmlParser$RelationalexprContext.accept(JmlParser.java:7344)
	at de.uka.ilkd.key.speclang.njml.Translator.accept(Translator.java:128)
	at de.uka.ilkd.key.speclang.njml.Translator.lambda$mapOf$0(Translator.java:133)
	at java.base/java.util.stream.ReferencePipeline$3$1.accept(ReferencePipeline.java:197)
	at java.base/java.util.ArrayList$ArrayListSpliterator.forEachRemaining(ArrayList.java:1625)
	at java.base/java.util.stream.AbstractPipeline.copyInto(AbstractPipeline.java:509)
	at java.base/java.util.stream.AbstractPipeline.wrapAndCopyInto(AbstractPipeline.java:499)
	at java.base/java.util.stream.ReduceOps$ReduceOp.evaluateSequential(ReduceOps.java:921)
	at java.base/java.util.stream.AbstractPipeline.evaluate(AbstractPipeline.java:234)
	at java.base/java.util.stream.ReferencePipeline.collect(ReferencePipeline.java:682)
	at de.uka.ilkd.key.speclang.njml.Translator.mapOf(Translator.java:133)
	at de.uka.ilkd.key.speclang.njml.Translator.visitEqualityexpr(Translator.java:562)
	at de.uka.ilkd.key.speclang.njml.Translator.visitEqualityexpr(Translator.java:63)
	at de.uka.ilkd.key.speclang.njml.JmlParser$EqualityexprContext.accept(JmlParser.java:7270)
	at de.uka.ilkd.key.speclang.njml.Translator.accept(Translator.java:128)
	at de.uka.ilkd.key.speclang.njml.Translator.visitAndexpr(Translator.java:544)
	at de.uka.ilkd.key.speclang.njml.JmlParser$AndexprContext.accept(JmlParser.java:7201)
	at de.uka.ilkd.key.speclang.njml.Translator.accept(Translator.java:128)
	at de.uka.ilkd.key.speclang.njml.Translator.visitExclusiveorexpr(Translator.java:529)
	at de.uka.ilkd.key.speclang.njml.JmlParser$ExclusiveorexprContext.accept(JmlParser.java:7132)
	at de.uka.ilkd.key.speclang.njml.Translator.accept(Translator.java:128)
	at de.uka.ilkd.key.speclang.njml.Translator.visitInclusiveorexpr(Translator.java:514)
	at de.uka.ilkd.key.speclang.njml.JmlParser$InclusiveorexprContext.accept(JmlParser.java:7063)
	at de.uka.ilkd.key.speclang.njml.Translator.accept(Translator.java:128)
	at de.uka.ilkd.key.speclang.njml.Translator.visitLogicalandexpr(Translator.java:501)
	at de.uka.ilkd.key.speclang.njml.JmlParser$LogicalandexprContext.accept(JmlParser.java:6994)
	at de.uka.ilkd.key.speclang.njml.Translator.accept(Translator.java:128)
	at de.uka.ilkd.key.speclang.njml.Translator.visitLogicalorexpr(Translator.java:482)
	at de.uka.ilkd.key.speclang.njml.Translator.visitLogicalorexpr(Translator.java:63)
	at de.uka.ilkd.key.speclang.njml.JmlParser$LogicalorexprContext.accept(JmlParser.java:6925)
	at de.uka.ilkd.key.speclang.njml.Translator.accept(Translator.java:128)
	at de.uka.ilkd.key.speclang.njml.Translator.visitImpliesexpr(Translator.java:446)
	at de.uka.ilkd.key.speclang.njml.JmlParser$ImpliesexprContext.accept(JmlParser.java:6662)
	at de.uka.ilkd.key.speclang.njml.Translator.accept(Translator.java:128)
	at de.uka.ilkd.key.speclang.njml.Translator.lambda$mapOf$0(Translator.java:133)
	at java.base/java.util.stream.ReferencePipeline$3$1.accept(ReferencePipeline.java:197)
	at java.base/java.util.ArrayList$ArrayListSpliterator.forEachRemaining(ArrayList.java:1625)
	at java.base/java.util.stream.AbstractPipeline.copyInto(AbstractPipeline.java:509)
	at java.base/java.util.stream.AbstractPipeline.wrapAndCopyInto(AbstractPipeline.java:499)
	at java.base/java.util.stream.ReduceOps$ReduceOp.evaluateSequential(ReduceOps.java:921)
	at java.base/java.util.stream.AbstractPipeline.evaluate(AbstractPipeline.java:234)
	at java.base/java.util.stream.ReferencePipeline.collect(ReferencePipeline.java:682)
	at de.uka.ilkd.key.speclang.njml.Translator.mapOf(Translator.java:133)
	at de.uka.ilkd.key.speclang.njml.Translator.visitEquivalenceexpr(Translator.java:426)
	at de.uka.ilkd.key.speclang.njml.JmlParser$EquivalenceexprContext.accept(JmlParser.java:6585)
	at de.uka.ilkd.key.speclang.njml.Translator.accept(Translator.java:128)
	at de.uka.ilkd.key.speclang.njml.Translator.visitConditionalexpr(Translator.java:412)
	at de.uka.ilkd.key.speclang.njml.Translator.visitConditionalexpr(Translator.java:63)
	at de.uka.ilkd.key.speclang.njml.JmlParser$ConditionalexprContext.accept(JmlParser.java:6516)
	at de.uka.ilkd.key.speclang.njml.Translator.accept(Translator.java:128)
	at de.uka.ilkd.key.speclang.njml.Translator.visitExpression(Translator.java:402)
	at de.uka.ilkd.key.speclang.njml.Translator.visitExpression(Translator.java:63)
	at de.uka.ilkd.key.speclang.njml.JmlParser$ExpressionContext.accept(JmlParser.java:6463)
	at de.uka.ilkd.key.speclang.njml.JmlIO.interpret(JmlIO.java:178)
	at de.uka.ilkd.key.speclang.njml.JmlIO.translateTerm(JmlIO.java:188)
	at de.uka.ilkd.key.speclang.njml.JmlIO.translateTerm(JmlIO.java:201)
	at de.uka.ilkd.key.speclang.jml.translation.JMLSpecFactory.createJMLClassInvariant(JMLSpecFactory.java:957)
	at de.uka.ilkd.key.speclang.jml.JMLSpecExtractor.extractClassSpecs(JMLSpecExtractor.java:250)
	at de.uka.ilkd.key.speclang.SLEnvInput.createSpecs(SLEnvInput.java:284)
	at de.uka.ilkd.key.speclang.SLEnvInput.read(SLEnvInput.java:351)
	at de.uka.ilkd.key.proof.init.KeYUserProblemFile.read(KeYUserProblemFile.java:111)
	at de.uka.ilkd.key.proof.init.ProblemInitializer.readEnvInput(ProblemInitializer.java:323)
	at de.uka.ilkd.key.proof.init.ProblemInitializer.prepare(ProblemInitializer.java:561)
	at de.uka.ilkd.key.proof.init.ProblemInitializer.prepare(ProblemInitializer.java:471)
	at de.uka.ilkd.key.proof.init.ProblemInitializer.startProver(ProblemInitializer.java:607)
	at de.uka.ilkd.key.util.HelperClassForTests.parse(HelperClassForTests.java:78)
	at de.uka.ilkd.key.util.HelperClassForTests.parse(HelperClassForTests.java:66)
	at de.uka.ilkd.key.util.HelperClassForTests.createServices(HelperClassForTests.java:303)
	at de.uka.ilkd.key.parser.AbstractTestTermParser.getServices(AbstractTestTermParser.java:173)
	at de.uka.ilkd.key.parser.AbstractTestTermParser.&lt;init&gt;(AbstractTestTermParser.java:35)
	at de.uka.ilkd.key.logic.TestClashFreeSubst.&lt;init&gt;(TestClashFreeSubst.java:24)
	at java.base/jdk.internal.reflect.NativeConstructorAccessorImpl.newInstance0(Native Method)
	at java.base/jdk.internal.reflect.NativeConstructorAccessorImpl.newInstance(NativeConstructorAccessorImpl.java:77)
	at java.base/jdk.internal.reflect.DelegatingConstructorAccessorImpl.newInstance(DelegatingConstructorAccessorImpl.java:45)
	at java.base/java.lang.reflect.Constructor.newInstanceWithCaller(Constructor.java:499)
	at java.base/java.lang.reflect.Constructor.newInstance(Constructor.java:480)
	at org.junit.platform.commons.util.ReflectionUtils.newInstance(ReflectionUtils.java:552)
	at org.junit.jupiter.engine.execution.ConstructorInvocation.proceed(ConstructorInvocation.java:56)
	at org.junit.jupiter.engine.execution.InvocationInterceptorChain$ValidatingInvocation.proceed(InvocationInterceptorChain.java:131)
	at org.junit.jupiter.api.extension.InvocationInterceptor.interceptTestClassConstructor(InvocationInterceptor.java:73)
	at org.junit.jupiter.engine.execution.InterceptingExecutableInvoker.lambda$invoke$0(InterceptingExecutableInvoker.java:93)
	at org.junit.jupiter.engine.execution.InvocationInterceptorChain$InterceptedInvocation.proceed(InvocationInterceptorChain.java:106)
	at org.junit.jupiter.engine.execution.InvocationInterceptorChain.proceed(InvocationInterceptorChain.java:64)
	at org.junit.jupiter.engine.execution.InvocationInterceptorChain.chainAndInvoke(InvocationInterceptorChain.java:45)
	at org.junit.jupiter.engine.execution.InvocationInterceptorChain.invoke(InvocationInterceptorChain.java:37)
	at org.junit.jupiter.engine.execution.InterceptingExecutableInvoker.invoke(InterceptingExecutableInvoker.java:92)
	at org.junit.jupiter.engine.execution.InterceptingExecutableInvoker.invoke(InterceptingExecutableInvoker.java:62)
	at org.junit.jupiter.engine.descriptor.ClassBasedTestDescriptor.invokeTestClassConstructor(ClassBasedTestDescriptor.java:363)
	at org.junit.jupiter.engine.descriptor.ClassBasedTestDescriptor.instantiateTestClass(ClassBasedTestDescriptor.java:310)
	at org.junit.jupiter.engine.descriptor.ClassTestDescriptor.instantiateTestClass(ClassTestDescriptor.java:79)
	at org.junit.jupiter.engine.descriptor.ClassBasedTestDescriptor.instantiateAndPostProcessTestInstance(ClassBasedTestDescriptor.java:286)
	at org.junit.jupiter.engine.descriptor.ClassBasedTestDescriptor.lambda$testInstancesProvider$4(ClassBasedTestDescriptor.java:278)
	at java.base/java.util.Optional.orElseGet(Optional.java:364)
	at org.junit.jupiter.engine.descriptor.ClassBasedTestDescriptor.lambda$testInstancesProvider$5(ClassBasedTestDescriptor.java:277)
	at org.junit.jupiter.engine.execution.TestInstancesProvider.getTestInstances(TestInstancesProvider.java:31)
	at org.junit.jupiter.engine.descriptor.TestMethodTestDescriptor.lambda$prepare$0(TestMethodTestDescriptor.java:105)
	at org.junit.platform.engine.support.hierarchical.ThrowableCollector.execute(ThrowableCollector.java:73)
	at org.junit.jupiter.engine.descriptor.TestMethodTestDescriptor.prepare(TestMethodTestDescriptor.java:104)
	at org.junit.jupiter.engine.descriptor.TestMethodTestDescriptor.prepare(TestMethodTestDescriptor.java:68)
	at org.junit.platform.engine.support.hierarchical.NodeTestTask.lambda$prepare$2(NodeTestTask.java:123)
	at org.junit.platform.engine.support.hierarchical.ThrowableCollector.execute(ThrowableCollector.java:73)
	at org.junit.platform.engine.support.hierarchical.NodeTestTask.prepare(NodeTestTask.java:123)
	at org.junit.platform.engine.support.hierarchical.NodeTestTask.execute(NodeTestTask.java:90)
	at java.base/java.util.ArrayList.forEach(ArrayList.java:1511)
	at org.junit.platform.engine.support.hierarchical.SameThreadHierarchicalTestExecutorService.invokeAll(SameThreadHierarchicalTestExecutorService.java:41)
	at org.junit.platform.engine.support.hierarchical.NodeTestTask.lambda$executeRecursively$6(NodeTestTask.java:155)
	at org.junit.platform.engine.support.hierarchical.ThrowableCollector.execute(ThrowableCollector.java:73)
	at org.junit.platform.engine.support.hierarchical.NodeTestTask.lambda$executeRecursively$8(NodeTestTask.java:141)
	at org.junit.platform.engine.support.hierarchical.Node.around(Node.java:137)
	at org.junit.platform.engine.support.hierarchical.NodeTestTask.lambda$executeRecursively$9(NodeTestTask.java:139)
	at org.junit.platform.engine.support.hierarchical.ThrowableCollector.execute(ThrowableCollector.java:73)
	at org.junit.platform.engine.support.hierarchical.NodeTestTask.executeRecursively(NodeTestTask.java:138)
	at org.junit.platform.engine.support.hierarchical.NodeTestTask.execute(NodeTestTask.java:95)
	at java.base/java.util.ArrayList.forEach(ArrayList.java:1511)
	at org.junit.platform.engine.support.hierarchical.SameThreadHierarchicalTestExecutorService.invokeAll(SameThreadHierarchicalTestExecutorService.java:41)
	at org.junit.platform.engine.support.hierarchical.NodeTestTask.lambda$executeRecursively$6(NodeTestTask.java:155)
	at org.junit.platform.engine.support.hierarchical.ThrowableCollector.execute(ThrowableCollector.java:73)
	at org.junit.platform.engine.support.hierarchical.NodeTestTask.lambda$executeRecursively$8(NodeTestTask.java:141)
	at org.junit.platform.engine.support.hierarchical.Node.around(Node.java:137)
	at org.junit.platform.engine.support.hierarchical.NodeTestTask.lambda$executeRecursively$9(NodeTestTask.java:139)
	at org.junit.platform.engine.support.hierarchical.ThrowableCollector.execute(ThrowableCollector.java:73)
	at org.junit.platform.engine.support.hierarchical.NodeTestTask.executeRecursively(NodeTestTask.java:138)
	at org.junit.platform.engine.support.hierarchical.NodeTestTask.execute(NodeTestTask.java:95)
	at org.junit.platform.engine.support.hierarchical.SameThreadHierarchicalTestExecutorService.submit(SameThreadHierarchicalTestExecutorService.java:35)
	at org.junit.platform.engine.support.hierarchical.HierarchicalTestExecutor.execute(HierarchicalTestExecutor.java:57)
	at org.junit.platform.engine.support.hierarchical.HierarchicalTestEngine.execute(HierarchicalTestEngine.java:54)
	at org.junit.platform.launcher.core.EngineExecutionOrchestrator.execute(EngineExecutionOrchestrator.java:107)
	at org.junit.platform.launcher.core.EngineExecutionOrchestrator.execute(EngineExecutionOrchestrator.java:88)
	at org.junit.platform.launcher.core.EngineExecutionOrchestrator.lambda$execute$0(EngineExecutionOrchestrator.java:54)
	at org.junit.platform.launcher.core.EngineExecutionOrchestrator.withInterceptedStreams(EngineExecutionOrchestrator.java:67)
	at org.junit.platform.launcher.core.EngineExecutionOrchestrator.execute(EngineExecutionOrchestrator.java:52)
	at org.junit.platform.launcher.core.DefaultLauncher.execute(DefaultLauncher.java:114)
	at org.junit.platform.launcher.core.DefaultLauncher.execute(DefaultLauncher.java:86)
	at org.junit.platform.launcher.core.DefaultLauncherSession$DelegatingLauncher.execute(DefaultLauncherSession.java:86)
	at org.gradle.api.internal.tasks.testing.junitplatform.JUnitPlatformTestClassProcessor$CollectAllTestClassesExecutor.processAllTestClasses(JUnitPlatformTestClassProcessor.java:110)
	at org.gradle.api.internal.tasks.testing.junitplatform.JUnitPlatformTestClassProcessor$CollectAllTestClassesExecutor.access$000(JUnitPlatformTestClassProcessor.java:90)
	at org.gradle.api.internal.tasks.testing.junitplatform.JUnitPlatformTestClassProcessor.stop(JUnitPlatformTestClassProcessor.java:85)
	at org.gradle.api.internal.tasks.testing.SuiteTestClassProcessor.stop(SuiteTestClassProcessor.java:62)
	at java.base/jdk.internal.reflect.NativeMethodAccessorImpl.invoke0(Native Method)
	at java.base/jdk.internal.reflect.NativeMethodAccessorImpl.invoke(NativeMethodAccessorImpl.java:77)
	at java.base/jdk.internal.reflect.DelegatingMethodAccessorImpl.invoke(DelegatingMethodAccessorImpl.java:43)
	at java.base/java.lang.reflect.Method.invoke(Method.java:568)
	at org.gradle.internal.dispatch.ReflectionDispatch.dispatch(ReflectionDispatch.java:36)
	at org.gradle.internal.dispatch.ReflectionDispatch.dispatch(ReflectionDispatch.java:24)
	at org.gradle.internal.dispatch.ContextClassLoaderDispatch.dispatch(ContextClassLoaderDispatch.java:33)
	at org.gradle.internal.dispatch.ProxyDispatchAdapter$DispatchingInvocationHandler.invoke(ProxyDispatchAdapter.java:94)
	at jdk.proxy2/jdk.proxy2.$Proxy5.stop(Unknown Source)
	at org.gradle.api.internal.tasks.testing.worker.TestWorker$3.run(TestWorker.java:193)
	at org.gradle.api.internal.tasks.testing.worker.TestWorker.executeAndMaintainThreadName(TestWorker.java:129)
	at org.gradle.api.internal.tasks.testing.worker.TestWorker.execute(TestWorker.java:100)
	at org.gradle.api.internal.tasks.testing.worker.TestWorker.execute(TestWorker.java:60)
	at org.gradle.process.internal.worker.child.ActionExecutionWorker.execute(ActionExecutionWorker.java:56)
	at org.gradle.process.internal.worker.child.SystemApplicationClassLoaderWorker.call(SystemApplicationClassLoaderWorker.java:113)
	at org.gradle.process.internal.worker.child.SystemApplicationClassLoaderWorker.call(SystemApplicationClassLoaderWorker.java:65)
	at worker.org.gradle.process.internal.worker.GradleWorkerMain.run(GradleWorkerMain.java:69)
	at worker.org.gradle.process.internal.worker.GradleWorkerMain.main(GradleWorkerMain.java:74)
</failure>
  </testcase>
  <testcase name="xtestMultiClash()" classname="de.uka.ilkd.key.logic.TestClashFreeSubst" time="0.011">
    <failure message="java.lang.NullPointerException: Cannot invoke &quot;de.uka.ilkd.key.java.JavaService.getProgramFactory()&quot; because &quot;this.javaService&quot; is null" type="java.lang.NullPointerException">java.lang.NullPointerException: Cannot invoke &quot;de.uka.ilkd.key.java.JavaService.getProgramFactory()&quot; because &quot;this.javaService&quot; is null
	at de.uka.ilkd.key.java.KeYProgModelInfo.isPackage(KeYProgModelInfo.java:213)
	at de.uka.ilkd.key.java.JavaInfo.isPackage(JavaInfo.java:221)
	at de.uka.ilkd.key.speclang.translation.SLExpressionResolver.trimPackageRef(SLExpressionResolver.java:43)
	at de.uka.ilkd.key.speclang.translation.SLExpressionResolver.areInSamePackage(SLExpressionResolver.java:62)
	at de.uka.ilkd.key.speclang.translation.SLExpressionResolver.isVisibleHelper(SLExpressionResolver.java:103)
	at de.uka.ilkd.key.speclang.translation.SLExpressionResolver.isVisible(SLExpressionResolver.java:114)
	at de.uka.ilkd.key.speclang.translation.SLAttributeResolver.lookupVisibleAttribute(SLAttributeResolver.java:37)
	at de.uka.ilkd.key.speclang.translation.SLAttributeResolver.doResolving(SLAttributeResolver.java:94)
	at de.uka.ilkd.key.speclang.translation.SLExpressionResolver.resolve(SLExpressionResolver.java:149)
	at de.uka.ilkd.key.speclang.translation.SLResolverManager.resolveExplicit(SLResolverManager.java:137)
	at de.uka.ilkd.key.speclang.translation.SLResolverManager.resolveImplicit(SLResolverManager.java:112)
	at de.uka.ilkd.key.speclang.translation.SLResolverManager.resolveIt(SLResolverManager.java:159)
	at de.uka.ilkd.key.speclang.translation.SLResolverManager.resolve(SLResolverManager.java:195)
	at de.uka.ilkd.key.speclang.njml.Translator.lookupIdentifier(Translator.java:924)
	at de.uka.ilkd.key.speclang.njml.Translator.visitIdent(Translator.java:882)
	at de.uka.ilkd.key.speclang.njml.JmlParser$IdentContext.accept(JmlParser.java:8637)
	at org.antlr.v4.runtime.tree.AbstractParseTreeVisitor.visitChildren(AbstractParseTreeVisitor.java:46)
	at de.uka.ilkd.key.speclang.njml.JmlParserBaseVisitor.visitPrimaryexpr(JmlParserBaseVisitor.java:724)
	at de.uka.ilkd.key.speclang.njml.JmlParser$PrimaryexprContext.accept(JmlParser.java:8399)
	at de.uka.ilkd.key.speclang.njml.Translator.accept(Translator.java:128)
	at de.uka.ilkd.key.speclang.njml.Translator.visitPostfixexpr(Translator.java:854)
	at de.uka.ilkd.key.speclang.njml.Translator.visitPostfixexpr(Translator.java:63)
	at de.uka.ilkd.key.speclang.njml.JmlParser$PostfixexprContext.accept(JmlParser.java:8315)
	at de.uka.ilkd.key.speclang.njml.Translator.accept(Translator.java:128)
	at de.uka.ilkd.key.speclang.njml.Translator.visitUnaryexprnotplusminus(Translator.java:840)
	at de.uka.ilkd.key.speclang.njml.JmlParser$UnaryexprnotplusminusContext.accept(JmlParser.java:8146)
	at de.uka.ilkd.key.speclang.njml.Translator.accept(Translator.java:128)
	at de.uka.ilkd.key.speclang.njml.Translator.oneOf(Translator.java:147)
	at de.uka.ilkd.key.speclang.njml.Translator.visitUnaryexpr(Translator.java:800)
	at de.uka.ilkd.key.speclang.njml.Translator.visitUnaryexpr(Translator.java:63)
	at de.uka.ilkd.key.speclang.njml.JmlParser$UnaryexprContext.accept(JmlParser.java:8002)
	at de.uka.ilkd.key.speclang.njml.Translator.accept(Translator.java:128)
	at de.uka.ilkd.key.speclang.njml.Translator.lambda$mapOf$0(Translator.java:133)
	at java.base/java.util.stream.ReferencePipeline$3$1.accept(ReferencePipeline.java:197)
	at java.base/java.util.ArrayList$ArrayListSpliterator.forEachRemaining(ArrayList.java:1625)
	at java.base/java.util.stream.AbstractPipeline.copyInto(AbstractPipeline.java:509)
	at java.base/java.util.stream.AbstractPipeline.wrapAndCopyInto(AbstractPipeline.java:499)
	at java.base/java.util.stream.ReduceOps$ReduceOp.evaluateSequential(ReduceOps.java:921)
	at java.base/java.util.stream.AbstractPipeline.evaluate(AbstractPipeline.java:234)
	at java.base/java.util.stream.ReferencePipeline.collect(ReferencePipeline.java:682)
	at de.uka.ilkd.key.speclang.njml.Translator.mapOf(Translator.java:133)
	at de.uka.ilkd.key.speclang.njml.Translator.visitMultexpr(Translator.java:737)
	at de.uka.ilkd.key.speclang.njml.JmlParser$MultexprContext.accept(JmlParser.java:7921)
	at de.uka.ilkd.key.speclang.njml.Translator.accept(Translator.java:128)
	at de.uka.ilkd.key.speclang.njml.Translator.lambda$mapOf$0(Translator.java:133)
	at java.base/java.util.stream.ReferencePipeline$3$1.accept(ReferencePipeline.java:197)
	at java.base/java.util.ArrayList$ArrayListSpliterator.forEachRemaining(ArrayList.java:1625)
	at java.base/java.util.stream.AbstractPipeline.copyInto(AbstractPipeline.java:509)
	at java.base/java.util.stream.AbstractPipeline.wrapAndCopyInto(AbstractPipeline.java:499)
	at java.base/java.util.stream.ReduceOps$ReduceOp.evaluateSequential(ReduceOps.java:921)
	at java.base/java.util.stream.AbstractPipeline.evaluate(AbstractPipeline.java:234)
	at java.base/java.util.stream.ReferencePipeline.collect(ReferencePipeline.java:682)
	at de.uka.ilkd.key.speclang.njml.Translator.mapOf(Translator.java:133)
	at de.uka.ilkd.key.speclang.njml.Translator.visitAdditiveexpr(Translator.java:720)
	at de.uka.ilkd.key.speclang.njml.JmlParser$AdditiveexprContext.accept(JmlParser.java:7829)
	at de.uka.ilkd.key.speclang.njml.Translator.accept(Translator.java:128)
	at de.uka.ilkd.key.speclang.njml.Translator.lambda$mapOf$0(Translator.java:133)
	at java.base/java.util.stream.ReferencePipeline$3$1.accept(ReferencePipeline.java:197)
	at java.base/java.util.ArrayList$ArrayListSpliterator.forEachRemaining(ArrayList.java:1625)
	at java.base/java.util.stream.AbstractPipeline.copyInto(AbstractPipeline.java:509)
	at java.base/java.util.stream.AbstractPipeline.wrapAndCopyInto(AbstractPipeline.java:499)
	at java.base/java.util.stream.ReduceOps$ReduceOp.evaluateSequential(ReduceOps.java:921)
	at java.base/java.util.stream.AbstractPipeline.evaluate(AbstractPipeline.java:234)
	at java.base/java.util.stream.ReferencePipeline.collect(ReferencePipeline.java:682)
	at de.uka.ilkd.key.speclang.njml.Translator.mapOf(Translator.java:133)
	at de.uka.ilkd.key.speclang.njml.Translator.visitShiftexpr(Translator.java:703)
	at de.uka.ilkd.key.speclang.njml.JmlParser$ShiftexprContext.accept(JmlParser.java:7742)
	at de.uka.ilkd.key.speclang.njml.Translator.accept(Translator.java:128)
	at de.uka.ilkd.key.speclang.njml.Translator.oneOf(Translator.java:147)
	at de.uka.ilkd.key.speclang.njml.Translator.visitRelationalexpr(Translator.java:494)
	at de.uka.ilkd.key.speclang.njml.JmlParser$RelationalexprContext.accept(JmlParser.java:7344)
	at de.uka.ilkd.key.speclang.njml.Translator.accept(Translator.java:128)
	at de.uka.ilkd.key.speclang.njml.Translator.lambda$mapOf$0(Translator.java:133)
	at java.base/java.util.stream.ReferencePipeline$3$1.accept(ReferencePipeline.java:197)
	at java.base/java.util.ArrayList$ArrayListSpliterator.forEachRemaining(ArrayList.java:1625)
	at java.base/java.util.stream.AbstractPipeline.copyInto(AbstractPipeline.java:509)
	at java.base/java.util.stream.AbstractPipeline.wrapAndCopyInto(AbstractPipeline.java:499)
	at java.base/java.util.stream.ReduceOps$ReduceOp.evaluateSequential(ReduceOps.java:921)
	at java.base/java.util.stream.AbstractPipeline.evaluate(AbstractPipeline.java:234)
	at java.base/java.util.stream.ReferencePipeline.collect(ReferencePipeline.java:682)
	at de.uka.ilkd.key.speclang.njml.Translator.mapOf(Translator.java:133)
	at de.uka.ilkd.key.speclang.njml.Translator.visitEqualityexpr(Translator.java:562)
	at de.uka.ilkd.key.speclang.njml.Translator.visitEqualityexpr(Translator.java:63)
	at de.uka.ilkd.key.speclang.njml.JmlParser$EqualityexprContext.accept(JmlParser.java:7270)
	at de.uka.ilkd.key.speclang.njml.Translator.accept(Translator.java:128)
	at de.uka.ilkd.key.speclang.njml.Translator.visitAndexpr(Translator.java:544)
	at de.uka.ilkd.key.speclang.njml.JmlParser$AndexprContext.accept(JmlParser.java:7201)
	at de.uka.ilkd.key.speclang.njml.Translator.accept(Translator.java:128)
	at de.uka.ilkd.key.speclang.njml.Translator.visitExclusiveorexpr(Translator.java:529)
	at de.uka.ilkd.key.speclang.njml.JmlParser$ExclusiveorexprContext.accept(JmlParser.java:7132)
	at de.uka.ilkd.key.speclang.njml.Translator.accept(Translator.java:128)
	at de.uka.ilkd.key.speclang.njml.Translator.visitInclusiveorexpr(Translator.java:514)
	at de.uka.ilkd.key.speclang.njml.JmlParser$InclusiveorexprContext.accept(JmlParser.java:7063)
	at de.uka.ilkd.key.speclang.njml.Translator.accept(Translator.java:128)
	at de.uka.ilkd.key.speclang.njml.Translator.visitLogicalandexpr(Translator.java:501)
	at de.uka.ilkd.key.speclang.njml.JmlParser$LogicalandexprContext.accept(JmlParser.java:6994)
	at de.uka.ilkd.key.speclang.njml.Translator.accept(Translator.java:128)
	at de.uka.ilkd.key.speclang.njml.Translator.visitLogicalorexpr(Translator.java:482)
	at de.uka.ilkd.key.speclang.njml.Translator.visitLogicalorexpr(Translator.java:63)
	at de.uka.ilkd.key.speclang.njml.JmlParser$LogicalorexprContext.accept(JmlParser.java:6925)
	at de.uka.ilkd.key.speclang.njml.Translator.accept(Translator.java:128)
	at de.uka.ilkd.key.speclang.njml.Translator.visitImpliesexpr(Translator.java:446)
	at de.uka.ilkd.key.speclang.njml.JmlParser$ImpliesexprContext.accept(JmlParser.java:6662)
	at de.uka.ilkd.key.speclang.njml.Translator.accept(Translator.java:128)
	at de.uka.ilkd.key.speclang.njml.Translator.lambda$mapOf$0(Translator.java:133)
	at java.base/java.util.stream.ReferencePipeline$3$1.accept(ReferencePipeline.java:197)
	at java.base/java.util.ArrayList$ArrayListSpliterator.forEachRemaining(ArrayList.java:1625)
	at java.base/java.util.stream.AbstractPipeline.copyInto(AbstractPipeline.java:509)
	at java.base/java.util.stream.AbstractPipeline.wrapAndCopyInto(AbstractPipeline.java:499)
	at java.base/java.util.stream.ReduceOps$ReduceOp.evaluateSequential(ReduceOps.java:921)
	at java.base/java.util.stream.AbstractPipeline.evaluate(AbstractPipeline.java:234)
	at java.base/java.util.stream.ReferencePipeline.collect(ReferencePipeline.java:682)
	at de.uka.ilkd.key.speclang.njml.Translator.mapOf(Translator.java:133)
	at de.uka.ilkd.key.speclang.njml.Translator.visitEquivalenceexpr(Translator.java:426)
	at de.uka.ilkd.key.speclang.njml.JmlParser$EquivalenceexprContext.accept(JmlParser.java:6585)
	at de.uka.ilkd.key.speclang.njml.Translator.accept(Translator.java:128)
	at de.uka.ilkd.key.speclang.njml.Translator.visitConditionalexpr(Translator.java:412)
	at de.uka.ilkd.key.speclang.njml.Translator.visitConditionalexpr(Translator.java:63)
	at de.uka.ilkd.key.speclang.njml.JmlParser$ConditionalexprContext.accept(JmlParser.java:6516)
	at de.uka.ilkd.key.speclang.njml.Translator.accept(Translator.java:128)
	at de.uka.ilkd.key.speclang.njml.Translator.visitExpression(Translator.java:402)
	at de.uka.ilkd.key.speclang.njml.Translator.visitExpression(Translator.java:63)
	at de.uka.ilkd.key.speclang.njml.JmlParser$ExpressionContext.accept(JmlParser.java:6463)
	at de.uka.ilkd.key.speclang.njml.JmlIO.interpret(JmlIO.java:178)
	at de.uka.ilkd.key.speclang.njml.JmlIO.translateTerm(JmlIO.java:188)
	at de.uka.ilkd.key.speclang.njml.JmlIO.translateTerm(JmlIO.java:201)
	at de.uka.ilkd.key.speclang.jml.translation.JMLSpecFactory.createJMLClassInvariant(JMLSpecFactory.java:957)
	at de.uka.ilkd.key.speclang.jml.JMLSpecExtractor.extractClassSpecs(JMLSpecExtractor.java:250)
	at de.uka.ilkd.key.speclang.SLEnvInput.createSpecs(SLEnvInput.java:284)
	at de.uka.ilkd.key.speclang.SLEnvInput.read(SLEnvInput.java:351)
	at de.uka.ilkd.key.proof.init.KeYUserProblemFile.read(KeYUserProblemFile.java:111)
	at de.uka.ilkd.key.proof.init.ProblemInitializer.readEnvInput(ProblemInitializer.java:323)
	at de.uka.ilkd.key.proof.init.ProblemInitializer.prepare(ProblemInitializer.java:561)
	at de.uka.ilkd.key.proof.init.ProblemInitializer.prepare(ProblemInitializer.java:471)
	at de.uka.ilkd.key.proof.init.ProblemInitializer.startProver(ProblemInitializer.java:607)
	at de.uka.ilkd.key.util.HelperClassForTests.parse(HelperClassForTests.java:78)
	at de.uka.ilkd.key.util.HelperClassForTests.parse(HelperClassForTests.java:66)
	at de.uka.ilkd.key.util.HelperClassForTests.createServices(HelperClassForTests.java:303)
	at de.uka.ilkd.key.parser.AbstractTestTermParser.getServices(AbstractTestTermParser.java:173)
	at de.uka.ilkd.key.parser.AbstractTestTermParser.&lt;init&gt;(AbstractTestTermParser.java:35)
	at de.uka.ilkd.key.logic.TestClashFreeSubst.&lt;init&gt;(TestClashFreeSubst.java:24)
	at java.base/jdk.internal.reflect.NativeConstructorAccessorImpl.newInstance0(Native Method)
	at java.base/jdk.internal.reflect.NativeConstructorAccessorImpl.newInstance(NativeConstructorAccessorImpl.java:77)
	at java.base/jdk.internal.reflect.DelegatingConstructorAccessorImpl.newInstance(DelegatingConstructorAccessorImpl.java:45)
	at java.base/java.lang.reflect.Constructor.newInstanceWithCaller(Constructor.java:499)
	at java.base/java.lang.reflect.Constructor.newInstance(Constructor.java:480)
	at org.junit.platform.commons.util.ReflectionUtils.newInstance(ReflectionUtils.java:552)
	at org.junit.jupiter.engine.execution.ConstructorInvocation.proceed(ConstructorInvocation.java:56)
	at org.junit.jupiter.engine.execution.InvocationInterceptorChain$ValidatingInvocation.proceed(InvocationInterceptorChain.java:131)
	at org.junit.jupiter.api.extension.InvocationInterceptor.interceptTestClassConstructor(InvocationInterceptor.java:73)
	at org.junit.jupiter.engine.execution.InterceptingExecutableInvoker.lambda$invoke$0(InterceptingExecutableInvoker.java:93)
	at org.junit.jupiter.engine.execution.InvocationInterceptorChain$InterceptedInvocation.proceed(InvocationInterceptorChain.java:106)
	at org.junit.jupiter.engine.execution.InvocationInterceptorChain.proceed(InvocationInterceptorChain.java:64)
	at org.junit.jupiter.engine.execution.InvocationInterceptorChain.chainAndInvoke(InvocationInterceptorChain.java:45)
	at org.junit.jupiter.engine.execution.InvocationInterceptorChain.invoke(InvocationInterceptorChain.java:37)
	at org.junit.jupiter.engine.execution.InterceptingExecutableInvoker.invoke(InterceptingExecutableInvoker.java:92)
	at org.junit.jupiter.engine.execution.InterceptingExecutableInvoker.invoke(InterceptingExecutableInvoker.java:62)
	at org.junit.jupiter.engine.descriptor.ClassBasedTestDescriptor.invokeTestClassConstructor(ClassBasedTestDescriptor.java:363)
	at org.junit.jupiter.engine.descriptor.ClassBasedTestDescriptor.instantiateTestClass(ClassBasedTestDescriptor.java:310)
	at org.junit.jupiter.engine.descriptor.ClassTestDescriptor.instantiateTestClass(ClassTestDescriptor.java:79)
	at org.junit.jupiter.engine.descriptor.ClassBasedTestDescriptor.instantiateAndPostProcessTestInstance(ClassBasedTestDescriptor.java:286)
	at org.junit.jupiter.engine.descriptor.ClassBasedTestDescriptor.lambda$testInstancesProvider$4(ClassBasedTestDescriptor.java:278)
	at java.base/java.util.Optional.orElseGet(Optional.java:364)
	at org.junit.jupiter.engine.descriptor.ClassBasedTestDescriptor.lambda$testInstancesProvider$5(ClassBasedTestDescriptor.java:277)
	at org.junit.jupiter.engine.execution.TestInstancesProvider.getTestInstances(TestInstancesProvider.java:31)
	at org.junit.jupiter.engine.descriptor.TestMethodTestDescriptor.lambda$prepare$0(TestMethodTestDescriptor.java:105)
	at org.junit.platform.engine.support.hierarchical.ThrowableCollector.execute(ThrowableCollector.java:73)
	at org.junit.jupiter.engine.descriptor.TestMethodTestDescriptor.prepare(TestMethodTestDescriptor.java:104)
	at org.junit.jupiter.engine.descriptor.TestMethodTestDescriptor.prepare(TestMethodTestDescriptor.java:68)
	at org.junit.platform.engine.support.hierarchical.NodeTestTask.lambda$prepare$2(NodeTestTask.java:123)
	at org.junit.platform.engine.support.hierarchical.ThrowableCollector.execute(ThrowableCollector.java:73)
	at org.junit.platform.engine.support.hierarchical.NodeTestTask.prepare(NodeTestTask.java:123)
	at org.junit.platform.engine.support.hierarchical.NodeTestTask.execute(NodeTestTask.java:90)
	at java.base/java.util.ArrayList.forEach(ArrayList.java:1511)
	at org.junit.platform.engine.support.hierarchical.SameThreadHierarchicalTestExecutorService.invokeAll(SameThreadHierarchicalTestExecutorService.java:41)
	at org.junit.platform.engine.support.hierarchical.NodeTestTask.lambda$executeRecursively$6(NodeTestTask.java:155)
	at org.junit.platform.engine.support.hierarchical.ThrowableCollector.execute(ThrowableCollector.java:73)
	at org.junit.platform.engine.support.hierarchical.NodeTestTask.lambda$executeRecursively$8(NodeTestTask.java:141)
	at org.junit.platform.engine.support.hierarchical.Node.around(Node.java:137)
	at org.junit.platform.engine.support.hierarchical.NodeTestTask.lambda$executeRecursively$9(NodeTestTask.java:139)
	at org.junit.platform.engine.support.hierarchical.ThrowableCollector.execute(ThrowableCollector.java:73)
	at org.junit.platform.engine.support.hierarchical.NodeTestTask.executeRecursively(NodeTestTask.java:138)
	at org.junit.platform.engine.support.hierarchical.NodeTestTask.execute(NodeTestTask.java:95)
	at java.base/java.util.ArrayList.forEach(ArrayList.java:1511)
	at org.junit.platform.engine.support.hierarchical.SameThreadHierarchicalTestExecutorService.invokeAll(SameThreadHierarchicalTestExecutorService.java:41)
	at org.junit.platform.engine.support.hierarchical.NodeTestTask.lambda$executeRecursively$6(NodeTestTask.java:155)
	at org.junit.platform.engine.support.hierarchical.ThrowableCollector.execute(ThrowableCollector.java:73)
	at org.junit.platform.engine.support.hierarchical.NodeTestTask.lambda$executeRecursively$8(NodeTestTask.java:141)
	at org.junit.platform.engine.support.hierarchical.Node.around(Node.java:137)
	at org.junit.platform.engine.support.hierarchical.NodeTestTask.lambda$executeRecursively$9(NodeTestTask.java:139)
	at org.junit.platform.engine.support.hierarchical.ThrowableCollector.execute(ThrowableCollector.java:73)
	at org.junit.platform.engine.support.hierarchical.NodeTestTask.executeRecursively(NodeTestTask.java:138)
	at org.junit.platform.engine.support.hierarchical.NodeTestTask.execute(NodeTestTask.java:95)
	at org.junit.platform.engine.support.hierarchical.SameThreadHierarchicalTestExecutorService.submit(SameThreadHierarchicalTestExecutorService.java:35)
	at org.junit.platform.engine.support.hierarchical.HierarchicalTestExecutor.execute(HierarchicalTestExecutor.java:57)
	at org.junit.platform.engine.support.hierarchical.HierarchicalTestEngine.execute(HierarchicalTestEngine.java:54)
	at org.junit.platform.launcher.core.EngineExecutionOrchestrator.execute(EngineExecutionOrchestrator.java:107)
	at org.junit.platform.launcher.core.EngineExecutionOrchestrator.execute(EngineExecutionOrchestrator.java:88)
	at org.junit.platform.launcher.core.EngineExecutionOrchestrator.lambda$execute$0(EngineExecutionOrchestrator.java:54)
	at org.junit.platform.launcher.core.EngineExecutionOrchestrator.withInterceptedStreams(EngineExecutionOrchestrator.java:67)
	at org.junit.platform.launcher.core.EngineExecutionOrchestrator.execute(EngineExecutionOrchestrator.java:52)
	at org.junit.platform.launcher.core.DefaultLauncher.execute(DefaultLauncher.java:114)
	at org.junit.platform.launcher.core.DefaultLauncher.execute(DefaultLauncher.java:86)
	at org.junit.platform.launcher.core.DefaultLauncherSession$DelegatingLauncher.execute(DefaultLauncherSession.java:86)
	at org.gradle.api.internal.tasks.testing.junitplatform.JUnitPlatformTestClassProcessor$CollectAllTestClassesExecutor.processAllTestClasses(JUnitPlatformTestClassProcessor.java:110)
	at org.gradle.api.internal.tasks.testing.junitplatform.JUnitPlatformTestClassProcessor$CollectAllTestClassesExecutor.access$000(JUnitPlatformTestClassProcessor.java:90)
	at org.gradle.api.internal.tasks.testing.junitplatform.JUnitPlatformTestClassProcessor.stop(JUnitPlatformTestClassProcessor.java:85)
	at org.gradle.api.internal.tasks.testing.SuiteTestClassProcessor.stop(SuiteTestClassProcessor.java:62)
	at java.base/jdk.internal.reflect.NativeMethodAccessorImpl.invoke0(Native Method)
	at java.base/jdk.internal.reflect.NativeMethodAccessorImpl.invoke(NativeMethodAccessorImpl.java:77)
	at java.base/jdk.internal.reflect.DelegatingMethodAccessorImpl.invoke(DelegatingMethodAccessorImpl.java:43)
	at java.base/java.lang.reflect.Method.invoke(Method.java:568)
	at org.gradle.internal.dispatch.ReflectionDispatch.dispatch(ReflectionDispatch.java:36)
	at org.gradle.internal.dispatch.ReflectionDispatch.dispatch(ReflectionDispatch.java:24)
	at org.gradle.internal.dispatch.ContextClassLoaderDispatch.dispatch(ContextClassLoaderDispatch.java:33)
	at org.gradle.internal.dispatch.ProxyDispatchAdapter$DispatchingInvocationHandler.invoke(ProxyDispatchAdapter.java:94)
	at jdk.proxy2/jdk.proxy2.$Proxy5.stop(Unknown Source)
	at org.gradle.api.internal.tasks.testing.worker.TestWorker$3.run(TestWorker.java:193)
	at org.gradle.api.internal.tasks.testing.worker.TestWorker.executeAndMaintainThreadName(TestWorker.java:129)
	at org.gradle.api.internal.tasks.testing.worker.TestWorker.execute(TestWorker.java:100)
	at org.gradle.api.internal.tasks.testing.worker.TestWorker.execute(TestWorker.java:60)
	at org.gradle.process.internal.worker.child.ActionExecutionWorker.execute(ActionExecutionWorker.java:56)
	at org.gradle.process.internal.worker.child.SystemApplicationClassLoaderWorker.call(SystemApplicationClassLoaderWorker.java:113)
	at org.gradle.process.internal.worker.child.SystemApplicationClassLoaderWorker.call(SystemApplicationClassLoaderWorker.java:65)
	at worker.org.gradle.process.internal.worker.GradleWorkerMain.run(GradleWorkerMain.java:69)
	at worker.org.gradle.process.internal.worker.GradleWorkerMain.main(GradleWorkerMain.java:74)
</failure>
  </testcase>
  <testcase name="testSubstInSubstTerm()" classname="de.uka.ilkd.key.logic.TestClashFreeSubst" time="0.006">
    <failure message="java.lang.NullPointerException: Cannot invoke &quot;de.uka.ilkd.key.java.JavaService.getProgramFactory()&quot; because &quot;this.javaService&quot; is null" type="java.lang.NullPointerException">java.lang.NullPointerException: Cannot invoke &quot;de.uka.ilkd.key.java.JavaService.getProgramFactory()&quot; because &quot;this.javaService&quot; is null
	at de.uka.ilkd.key.java.KeYProgModelInfo.isPackage(KeYProgModelInfo.java:213)
	at de.uka.ilkd.key.java.JavaInfo.isPackage(JavaInfo.java:221)
	at de.uka.ilkd.key.speclang.translation.SLExpressionResolver.trimPackageRef(SLExpressionResolver.java:43)
	at de.uka.ilkd.key.speclang.translation.SLExpressionResolver.areInSamePackage(SLExpressionResolver.java:62)
	at de.uka.ilkd.key.speclang.translation.SLExpressionResolver.isVisibleHelper(SLExpressionResolver.java:103)
	at de.uka.ilkd.key.speclang.translation.SLExpressionResolver.isVisible(SLExpressionResolver.java:114)
	at de.uka.ilkd.key.speclang.translation.SLAttributeResolver.lookupVisibleAttribute(SLAttributeResolver.java:37)
	at de.uka.ilkd.key.speclang.translation.SLAttributeResolver.doResolving(SLAttributeResolver.java:94)
	at de.uka.ilkd.key.speclang.translation.SLExpressionResolver.resolve(SLExpressionResolver.java:149)
	at de.uka.ilkd.key.speclang.translation.SLResolverManager.resolveExplicit(SLResolverManager.java:137)
	at de.uka.ilkd.key.speclang.translation.SLResolverManager.resolveImplicit(SLResolverManager.java:112)
	at de.uka.ilkd.key.speclang.translation.SLResolverManager.resolveIt(SLResolverManager.java:159)
	at de.uka.ilkd.key.speclang.translation.SLResolverManager.resolve(SLResolverManager.java:195)
	at de.uka.ilkd.key.speclang.njml.Translator.lookupIdentifier(Translator.java:924)
	at de.uka.ilkd.key.speclang.njml.Translator.visitIdent(Translator.java:882)
	at de.uka.ilkd.key.speclang.njml.JmlParser$IdentContext.accept(JmlParser.java:8637)
	at org.antlr.v4.runtime.tree.AbstractParseTreeVisitor.visitChildren(AbstractParseTreeVisitor.java:46)
	at de.uka.ilkd.key.speclang.njml.JmlParserBaseVisitor.visitPrimaryexpr(JmlParserBaseVisitor.java:724)
	at de.uka.ilkd.key.speclang.njml.JmlParser$PrimaryexprContext.accept(JmlParser.java:8399)
	at de.uka.ilkd.key.speclang.njml.Translator.accept(Translator.java:128)
	at de.uka.ilkd.key.speclang.njml.Translator.visitPostfixexpr(Translator.java:854)
	at de.uka.ilkd.key.speclang.njml.Translator.visitPostfixexpr(Translator.java:63)
	at de.uka.ilkd.key.speclang.njml.JmlParser$PostfixexprContext.accept(JmlParser.java:8315)
	at de.uka.ilkd.key.speclang.njml.Translator.accept(Translator.java:128)
	at de.uka.ilkd.key.speclang.njml.Translator.visitUnaryexprnotplusminus(Translator.java:840)
	at de.uka.ilkd.key.speclang.njml.JmlParser$UnaryexprnotplusminusContext.accept(JmlParser.java:8146)
	at de.uka.ilkd.key.speclang.njml.Translator.accept(Translator.java:128)
	at de.uka.ilkd.key.speclang.njml.Translator.oneOf(Translator.java:147)
	at de.uka.ilkd.key.speclang.njml.Translator.visitUnaryexpr(Translator.java:800)
	at de.uka.ilkd.key.speclang.njml.Translator.visitUnaryexpr(Translator.java:63)
	at de.uka.ilkd.key.speclang.njml.JmlParser$UnaryexprContext.accept(JmlParser.java:8002)
	at de.uka.ilkd.key.speclang.njml.Translator.accept(Translator.java:128)
	at de.uka.ilkd.key.speclang.njml.Translator.lambda$mapOf$0(Translator.java:133)
	at java.base/java.util.stream.ReferencePipeline$3$1.accept(ReferencePipeline.java:197)
	at java.base/java.util.ArrayList$ArrayListSpliterator.forEachRemaining(ArrayList.java:1625)
	at java.base/java.util.stream.AbstractPipeline.copyInto(AbstractPipeline.java:509)
	at java.base/java.util.stream.AbstractPipeline.wrapAndCopyInto(AbstractPipeline.java:499)
	at java.base/java.util.stream.ReduceOps$ReduceOp.evaluateSequential(ReduceOps.java:921)
	at java.base/java.util.stream.AbstractPipeline.evaluate(AbstractPipeline.java:234)
	at java.base/java.util.stream.ReferencePipeline.collect(ReferencePipeline.java:682)
	at de.uka.ilkd.key.speclang.njml.Translator.mapOf(Translator.java:133)
	at de.uka.ilkd.key.speclang.njml.Translator.visitMultexpr(Translator.java:737)
	at de.uka.ilkd.key.speclang.njml.JmlParser$MultexprContext.accept(JmlParser.java:7921)
	at de.uka.ilkd.key.speclang.njml.Translator.accept(Translator.java:128)
	at de.uka.ilkd.key.speclang.njml.Translator.lambda$mapOf$0(Translator.java:133)
	at java.base/java.util.stream.ReferencePipeline$3$1.accept(ReferencePipeline.java:197)
	at java.base/java.util.ArrayList$ArrayListSpliterator.forEachRemaining(ArrayList.java:1625)
	at java.base/java.util.stream.AbstractPipeline.copyInto(AbstractPipeline.java:509)
	at java.base/java.util.stream.AbstractPipeline.wrapAndCopyInto(AbstractPipeline.java:499)
	at java.base/java.util.stream.ReduceOps$ReduceOp.evaluateSequential(ReduceOps.java:921)
	at java.base/java.util.stream.AbstractPipeline.evaluate(AbstractPipeline.java:234)
	at java.base/java.util.stream.ReferencePipeline.collect(ReferencePipeline.java:682)
	at de.uka.ilkd.key.speclang.njml.Translator.mapOf(Translator.java:133)
	at de.uka.ilkd.key.speclang.njml.Translator.visitAdditiveexpr(Translator.java:720)
	at de.uka.ilkd.key.speclang.njml.JmlParser$AdditiveexprContext.accept(JmlParser.java:7829)
	at de.uka.ilkd.key.speclang.njml.Translator.accept(Translator.java:128)
	at de.uka.ilkd.key.speclang.njml.Translator.lambda$mapOf$0(Translator.java:133)
	at java.base/java.util.stream.ReferencePipeline$3$1.accept(ReferencePipeline.java:197)
	at java.base/java.util.ArrayList$ArrayListSpliterator.forEachRemaining(ArrayList.java:1625)
	at java.base/java.util.stream.AbstractPipeline.copyInto(AbstractPipeline.java:509)
	at java.base/java.util.stream.AbstractPipeline.wrapAndCopyInto(AbstractPipeline.java:499)
	at java.base/java.util.stream.ReduceOps$ReduceOp.evaluateSequential(ReduceOps.java:921)
	at java.base/java.util.stream.AbstractPipeline.evaluate(AbstractPipeline.java:234)
	at java.base/java.util.stream.ReferencePipeline.collect(ReferencePipeline.java:682)
	at de.uka.ilkd.key.speclang.njml.Translator.mapOf(Translator.java:133)
	at de.uka.ilkd.key.speclang.njml.Translator.visitShiftexpr(Translator.java:703)
	at de.uka.ilkd.key.speclang.njml.JmlParser$ShiftexprContext.accept(JmlParser.java:7742)
	at de.uka.ilkd.key.speclang.njml.Translator.accept(Translator.java:128)
	at de.uka.ilkd.key.speclang.njml.Translator.oneOf(Translator.java:147)
	at de.uka.ilkd.key.speclang.njml.Translator.visitRelationalexpr(Translator.java:494)
	at de.uka.ilkd.key.speclang.njml.JmlParser$RelationalexprContext.accept(JmlParser.java:7344)
	at de.uka.ilkd.key.speclang.njml.Translator.accept(Translator.java:128)
	at de.uka.ilkd.key.speclang.njml.Translator.lambda$mapOf$0(Translator.java:133)
	at java.base/java.util.stream.ReferencePipeline$3$1.accept(ReferencePipeline.java:197)
	at java.base/java.util.ArrayList$ArrayListSpliterator.forEachRemaining(ArrayList.java:1625)
	at java.base/java.util.stream.AbstractPipeline.copyInto(AbstractPipeline.java:509)
	at java.base/java.util.stream.AbstractPipeline.wrapAndCopyInto(AbstractPipeline.java:499)
	at java.base/java.util.stream.ReduceOps$ReduceOp.evaluateSequential(ReduceOps.java:921)
	at java.base/java.util.stream.AbstractPipeline.evaluate(AbstractPipeline.java:234)
	at java.base/java.util.stream.ReferencePipeline.collect(ReferencePipeline.java:682)
	at de.uka.ilkd.key.speclang.njml.Translator.mapOf(Translator.java:133)
	at de.uka.ilkd.key.speclang.njml.Translator.visitEqualityexpr(Translator.java:562)
	at de.uka.ilkd.key.speclang.njml.Translator.visitEqualityexpr(Translator.java:63)
	at de.uka.ilkd.key.speclang.njml.JmlParser$EqualityexprContext.accept(JmlParser.java:7270)
	at de.uka.ilkd.key.speclang.njml.Translator.accept(Translator.java:128)
	at de.uka.ilkd.key.speclang.njml.Translator.visitAndexpr(Translator.java:544)
	at de.uka.ilkd.key.speclang.njml.JmlParser$AndexprContext.accept(JmlParser.java:7201)
	at de.uka.ilkd.key.speclang.njml.Translator.accept(Translator.java:128)
	at de.uka.ilkd.key.speclang.njml.Translator.visitExclusiveorexpr(Translator.java:529)
	at de.uka.ilkd.key.speclang.njml.JmlParser$ExclusiveorexprContext.accept(JmlParser.java:7132)
	at de.uka.ilkd.key.speclang.njml.Translator.accept(Translator.java:128)
	at de.uka.ilkd.key.speclang.njml.Translator.visitInclusiveorexpr(Translator.java:514)
	at de.uka.ilkd.key.speclang.njml.JmlParser$InclusiveorexprContext.accept(JmlParser.java:7063)
	at de.uka.ilkd.key.speclang.njml.Translator.accept(Translator.java:128)
	at de.uka.ilkd.key.speclang.njml.Translator.visitLogicalandexpr(Translator.java:501)
	at de.uka.ilkd.key.speclang.njml.JmlParser$LogicalandexprContext.accept(JmlParser.java:6994)
	at de.uka.ilkd.key.speclang.njml.Translator.accept(Translator.java:128)
	at de.uka.ilkd.key.speclang.njml.Translator.visitLogicalorexpr(Translator.java:482)
	at de.uka.ilkd.key.speclang.njml.Translator.visitLogicalorexpr(Translator.java:63)
	at de.uka.ilkd.key.speclang.njml.JmlParser$LogicalorexprContext.accept(JmlParser.java:6925)
	at de.uka.ilkd.key.speclang.njml.Translator.accept(Translator.java:128)
	at de.uka.ilkd.key.speclang.njml.Translator.visitImpliesexpr(Translator.java:446)
	at de.uka.ilkd.key.speclang.njml.JmlParser$ImpliesexprContext.accept(JmlParser.java:6662)
	at de.uka.ilkd.key.speclang.njml.Translator.accept(Translator.java:128)
	at de.uka.ilkd.key.speclang.njml.Translator.lambda$mapOf$0(Translator.java:133)
	at java.base/java.util.stream.ReferencePipeline$3$1.accept(ReferencePipeline.java:197)
	at java.base/java.util.ArrayList$ArrayListSpliterator.forEachRemaining(ArrayList.java:1625)
	at java.base/java.util.stream.AbstractPipeline.copyInto(AbstractPipeline.java:509)
	at java.base/java.util.stream.AbstractPipeline.wrapAndCopyInto(AbstractPipeline.java:499)
	at java.base/java.util.stream.ReduceOps$ReduceOp.evaluateSequential(ReduceOps.java:921)
	at java.base/java.util.stream.AbstractPipeline.evaluate(AbstractPipeline.java:234)
	at java.base/java.util.stream.ReferencePipeline.collect(ReferencePipeline.java:682)
	at de.uka.ilkd.key.speclang.njml.Translator.mapOf(Translator.java:133)
	at de.uka.ilkd.key.speclang.njml.Translator.visitEquivalenceexpr(Translator.java:426)
	at de.uka.ilkd.key.speclang.njml.JmlParser$EquivalenceexprContext.accept(JmlParser.java:6585)
	at de.uka.ilkd.key.speclang.njml.Translator.accept(Translator.java:128)
	at de.uka.ilkd.key.speclang.njml.Translator.visitConditionalexpr(Translator.java:412)
	at de.uka.ilkd.key.speclang.njml.Translator.visitConditionalexpr(Translator.java:63)
	at de.uka.ilkd.key.speclang.njml.JmlParser$ConditionalexprContext.accept(JmlParser.java:6516)
	at de.uka.ilkd.key.speclang.njml.Translator.accept(Translator.java:128)
	at de.uka.ilkd.key.speclang.njml.Translator.visitExpression(Translator.java:402)
	at de.uka.ilkd.key.speclang.njml.Translator.visitExpression(Translator.java:63)
	at de.uka.ilkd.key.speclang.njml.JmlParser$ExpressionContext.accept(JmlParser.java:6463)
	at de.uka.ilkd.key.speclang.njml.JmlIO.interpret(JmlIO.java:178)
	at de.uka.ilkd.key.speclang.njml.JmlIO.translateTerm(JmlIO.java:188)
	at de.uka.ilkd.key.speclang.njml.JmlIO.translateTerm(JmlIO.java:201)
	at de.uka.ilkd.key.speclang.jml.translation.JMLSpecFactory.createJMLClassInvariant(JMLSpecFactory.java:957)
	at de.uka.ilkd.key.speclang.jml.JMLSpecExtractor.extractClassSpecs(JMLSpecExtractor.java:250)
	at de.uka.ilkd.key.speclang.SLEnvInput.createSpecs(SLEnvInput.java:284)
	at de.uka.ilkd.key.speclang.SLEnvInput.read(SLEnvInput.java:351)
	at de.uka.ilkd.key.proof.init.KeYUserProblemFile.read(KeYUserProblemFile.java:111)
	at de.uka.ilkd.key.proof.init.ProblemInitializer.readEnvInput(ProblemInitializer.java:323)
	at de.uka.ilkd.key.proof.init.ProblemInitializer.prepare(ProblemInitializer.java:561)
	at de.uka.ilkd.key.proof.init.ProblemInitializer.prepare(ProblemInitializer.java:471)
	at de.uka.ilkd.key.proof.init.ProblemInitializer.startProver(ProblemInitializer.java:607)
	at de.uka.ilkd.key.util.HelperClassForTests.parse(HelperClassForTests.java:78)
	at de.uka.ilkd.key.util.HelperClassForTests.parse(HelperClassForTests.java:66)
	at de.uka.ilkd.key.util.HelperClassForTests.createServices(HelperClassForTests.java:303)
	at de.uka.ilkd.key.parser.AbstractTestTermParser.getServices(AbstractTestTermParser.java:173)
	at de.uka.ilkd.key.parser.AbstractTestTermParser.&lt;init&gt;(AbstractTestTermParser.java:35)
	at de.uka.ilkd.key.logic.TestClashFreeSubst.&lt;init&gt;(TestClashFreeSubst.java:24)
	at java.base/jdk.internal.reflect.NativeConstructorAccessorImpl.newInstance0(Native Method)
	at java.base/jdk.internal.reflect.NativeConstructorAccessorImpl.newInstance(NativeConstructorAccessorImpl.java:77)
	at java.base/jdk.internal.reflect.DelegatingConstructorAccessorImpl.newInstance(DelegatingConstructorAccessorImpl.java:45)
	at java.base/java.lang.reflect.Constructor.newInstanceWithCaller(Constructor.java:499)
	at java.base/java.lang.reflect.Constructor.newInstance(Constructor.java:480)
	at org.junit.platform.commons.util.ReflectionUtils.newInstance(ReflectionUtils.java:552)
	at org.junit.jupiter.engine.execution.ConstructorInvocation.proceed(ConstructorInvocation.java:56)
	at org.junit.jupiter.engine.execution.InvocationInterceptorChain$ValidatingInvocation.proceed(InvocationInterceptorChain.java:131)
	at org.junit.jupiter.api.extension.InvocationInterceptor.interceptTestClassConstructor(InvocationInterceptor.java:73)
	at org.junit.jupiter.engine.execution.InterceptingExecutableInvoker.lambda$invoke$0(InterceptingExecutableInvoker.java:93)
	at org.junit.jupiter.engine.execution.InvocationInterceptorChain$InterceptedInvocation.proceed(InvocationInterceptorChain.java:106)
	at org.junit.jupiter.engine.execution.InvocationInterceptorChain.proceed(InvocationInterceptorChain.java:64)
	at org.junit.jupiter.engine.execution.InvocationInterceptorChain.chainAndInvoke(InvocationInterceptorChain.java:45)
	at org.junit.jupiter.engine.execution.InvocationInterceptorChain.invoke(InvocationInterceptorChain.java:37)
	at org.junit.jupiter.engine.execution.InterceptingExecutableInvoker.invoke(InterceptingExecutableInvoker.java:92)
	at org.junit.jupiter.engine.execution.InterceptingExecutableInvoker.invoke(InterceptingExecutableInvoker.java:62)
	at org.junit.jupiter.engine.descriptor.ClassBasedTestDescriptor.invokeTestClassConstructor(ClassBasedTestDescriptor.java:363)
	at org.junit.jupiter.engine.descriptor.ClassBasedTestDescriptor.instantiateTestClass(ClassBasedTestDescriptor.java:310)
	at org.junit.jupiter.engine.descriptor.ClassTestDescriptor.instantiateTestClass(ClassTestDescriptor.java:79)
	at org.junit.jupiter.engine.descriptor.ClassBasedTestDescriptor.instantiateAndPostProcessTestInstance(ClassBasedTestDescriptor.java:286)
	at org.junit.jupiter.engine.descriptor.ClassBasedTestDescriptor.lambda$testInstancesProvider$4(ClassBasedTestDescriptor.java:278)
	at java.base/java.util.Optional.orElseGet(Optional.java:364)
	at org.junit.jupiter.engine.descriptor.ClassBasedTestDescriptor.lambda$testInstancesProvider$5(ClassBasedTestDescriptor.java:277)
	at org.junit.jupiter.engine.execution.TestInstancesProvider.getTestInstances(TestInstancesProvider.java:31)
	at org.junit.jupiter.engine.descriptor.TestMethodTestDescriptor.lambda$prepare$0(TestMethodTestDescriptor.java:105)
	at org.junit.platform.engine.support.hierarchical.ThrowableCollector.execute(ThrowableCollector.java:73)
	at org.junit.jupiter.engine.descriptor.TestMethodTestDescriptor.prepare(TestMethodTestDescriptor.java:104)
	at org.junit.jupiter.engine.descriptor.TestMethodTestDescriptor.prepare(TestMethodTestDescriptor.java:68)
	at org.junit.platform.engine.support.hierarchical.NodeTestTask.lambda$prepare$2(NodeTestTask.java:123)
	at org.junit.platform.engine.support.hierarchical.ThrowableCollector.execute(ThrowableCollector.java:73)
	at org.junit.platform.engine.support.hierarchical.NodeTestTask.prepare(NodeTestTask.java:123)
	at org.junit.platform.engine.support.hierarchical.NodeTestTask.execute(NodeTestTask.java:90)
	at java.base/java.util.ArrayList.forEach(ArrayList.java:1511)
	at org.junit.platform.engine.support.hierarchical.SameThreadHierarchicalTestExecutorService.invokeAll(SameThreadHierarchicalTestExecutorService.java:41)
	at org.junit.platform.engine.support.hierarchical.NodeTestTask.lambda$executeRecursively$6(NodeTestTask.java:155)
	at org.junit.platform.engine.support.hierarchical.ThrowableCollector.execute(ThrowableCollector.java:73)
	at org.junit.platform.engine.support.hierarchical.NodeTestTask.lambda$executeRecursively$8(NodeTestTask.java:141)
	at org.junit.platform.engine.support.hierarchical.Node.around(Node.java:137)
	at org.junit.platform.engine.support.hierarchical.NodeTestTask.lambda$executeRecursively$9(NodeTestTask.java:139)
	at org.junit.platform.engine.support.hierarchical.ThrowableCollector.execute(ThrowableCollector.java:73)
	at org.junit.platform.engine.support.hierarchical.NodeTestTask.executeRecursively(NodeTestTask.java:138)
	at org.junit.platform.engine.support.hierarchical.NodeTestTask.execute(NodeTestTask.java:95)
	at java.base/java.util.ArrayList.forEach(ArrayList.java:1511)
	at org.junit.platform.engine.support.hierarchical.SameThreadHierarchicalTestExecutorService.invokeAll(SameThreadHierarchicalTestExecutorService.java:41)
	at org.junit.platform.engine.support.hierarchical.NodeTestTask.lambda$executeRecursively$6(NodeTestTask.java:155)
	at org.junit.platform.engine.support.hierarchical.ThrowableCollector.execute(ThrowableCollector.java:73)
	at org.junit.platform.engine.support.hierarchical.NodeTestTask.lambda$executeRecursively$8(NodeTestTask.java:141)
	at org.junit.platform.engine.support.hierarchical.Node.around(Node.java:137)
	at org.junit.platform.engine.support.hierarchical.NodeTestTask.lambda$executeRecursively$9(NodeTestTask.java:139)
	at org.junit.platform.engine.support.hierarchical.ThrowableCollector.execute(ThrowableCollector.java:73)
	at org.junit.platform.engine.support.hierarchical.NodeTestTask.executeRecursively(NodeTestTask.java:138)
	at org.junit.platform.engine.support.hierarchical.NodeTestTask.execute(NodeTestTask.java:95)
	at org.junit.platform.engine.support.hierarchical.SameThreadHierarchicalTestExecutorService.submit(SameThreadHierarchicalTestExecutorService.java:35)
	at org.junit.platform.engine.support.hierarchical.HierarchicalTestExecutor.execute(HierarchicalTestExecutor.java:57)
	at org.junit.platform.engine.support.hierarchical.HierarchicalTestEngine.execute(HierarchicalTestEngine.java:54)
	at org.junit.platform.launcher.core.EngineExecutionOrchestrator.execute(EngineExecutionOrchestrator.java:107)
	at org.junit.platform.launcher.core.EngineExecutionOrchestrator.execute(EngineExecutionOrchestrator.java:88)
	at org.junit.platform.launcher.core.EngineExecutionOrchestrator.lambda$execute$0(EngineExecutionOrchestrator.java:54)
	at org.junit.platform.launcher.core.EngineExecutionOrchestrator.withInterceptedStreams(EngineExecutionOrchestrator.java:67)
	at org.junit.platform.launcher.core.EngineExecutionOrchestrator.execute(EngineExecutionOrchestrator.java:52)
	at org.junit.platform.launcher.core.DefaultLauncher.execute(DefaultLauncher.java:114)
	at org.junit.platform.launcher.core.DefaultLauncher.execute(DefaultLauncher.java:86)
	at org.junit.platform.launcher.core.DefaultLauncherSession$DelegatingLauncher.execute(DefaultLauncherSession.java:86)
	at org.gradle.api.internal.tasks.testing.junitplatform.JUnitPlatformTestClassProcessor$CollectAllTestClassesExecutor.processAllTestClasses(JUnitPlatformTestClassProcessor.java:110)
	at org.gradle.api.internal.tasks.testing.junitplatform.JUnitPlatformTestClassProcessor$CollectAllTestClassesExecutor.access$000(JUnitPlatformTestClassProcessor.java:90)
	at org.gradle.api.internal.tasks.testing.junitplatform.JUnitPlatformTestClassProcessor.stop(JUnitPlatformTestClassProcessor.java:85)
	at org.gradle.api.internal.tasks.testing.SuiteTestClassProcessor.stop(SuiteTestClassProcessor.java:62)
	at java.base/jdk.internal.reflect.NativeMethodAccessorImpl.invoke0(Native Method)
	at java.base/jdk.internal.reflect.NativeMethodAccessorImpl.invoke(NativeMethodAccessorImpl.java:77)
	at java.base/jdk.internal.reflect.DelegatingMethodAccessorImpl.invoke(DelegatingMethodAccessorImpl.java:43)
	at java.base/java.lang.reflect.Method.invoke(Method.java:568)
	at org.gradle.internal.dispatch.ReflectionDispatch.dispatch(ReflectionDispatch.java:36)
	at org.gradle.internal.dispatch.ReflectionDispatch.dispatch(ReflectionDispatch.java:24)
	at org.gradle.internal.dispatch.ContextClassLoaderDispatch.dispatch(ContextClassLoaderDispatch.java:33)
	at org.gradle.internal.dispatch.ProxyDispatchAdapter$DispatchingInvocationHandler.invoke(ProxyDispatchAdapter.java:94)
	at jdk.proxy2/jdk.proxy2.$Proxy5.stop(Unknown Source)
	at org.gradle.api.internal.tasks.testing.worker.TestWorker$3.run(TestWorker.java:193)
	at org.gradle.api.internal.tasks.testing.worker.TestWorker.executeAndMaintainThreadName(TestWorker.java:129)
	at org.gradle.api.internal.tasks.testing.worker.TestWorker.execute(TestWorker.java:100)
	at org.gradle.api.internal.tasks.testing.worker.TestWorker.execute(TestWorker.java:60)
	at org.gradle.process.internal.worker.child.ActionExecutionWorker.execute(ActionExecutionWorker.java:56)
	at org.gradle.process.internal.worker.child.SystemApplicationClassLoaderWorker.call(SystemApplicationClassLoaderWorker.java:113)
	at org.gradle.process.internal.worker.child.SystemApplicationClassLoaderWorker.call(SystemApplicationClassLoaderWorker.java:65)
	at worker.org.gradle.process.internal.worker.GradleWorkerMain.run(GradleWorkerMain.java:69)
	at worker.org.gradle.process.internal.worker.GradleWorkerMain.main(GradleWorkerMain.java:74)
</failure>
  </testcase>
  <testcase name="testSubstWary()" classname="de.uka.ilkd.key.logic.TestClashFreeSubst" time="0.007">
    <failure message="java.lang.NullPointerException: Cannot invoke &quot;de.uka.ilkd.key.java.JavaService.getProgramFactory()&quot; because &quot;this.javaService&quot; is null" type="java.lang.NullPointerException">java.lang.NullPointerException: Cannot invoke &quot;de.uka.ilkd.key.java.JavaService.getProgramFactory()&quot; because &quot;this.javaService&quot; is null
	at de.uka.ilkd.key.java.KeYProgModelInfo.isPackage(KeYProgModelInfo.java:213)
	at de.uka.ilkd.key.java.JavaInfo.isPackage(JavaInfo.java:221)
	at de.uka.ilkd.key.speclang.translation.SLExpressionResolver.trimPackageRef(SLExpressionResolver.java:43)
	at de.uka.ilkd.key.speclang.translation.SLExpressionResolver.areInSamePackage(SLExpressionResolver.java:62)
	at de.uka.ilkd.key.speclang.translation.SLExpressionResolver.isVisibleHelper(SLExpressionResolver.java:103)
	at de.uka.ilkd.key.speclang.translation.SLExpressionResolver.isVisible(SLExpressionResolver.java:114)
	at de.uka.ilkd.key.speclang.translation.SLAttributeResolver.lookupVisibleAttribute(SLAttributeResolver.java:37)
	at de.uka.ilkd.key.speclang.translation.SLAttributeResolver.doResolving(SLAttributeResolver.java:94)
	at de.uka.ilkd.key.speclang.translation.SLExpressionResolver.resolve(SLExpressionResolver.java:149)
	at de.uka.ilkd.key.speclang.translation.SLResolverManager.resolveExplicit(SLResolverManager.java:137)
	at de.uka.ilkd.key.speclang.translation.SLResolverManager.resolveImplicit(SLResolverManager.java:112)
	at de.uka.ilkd.key.speclang.translation.SLResolverManager.resolveIt(SLResolverManager.java:159)
	at de.uka.ilkd.key.speclang.translation.SLResolverManager.resolve(SLResolverManager.java:195)
	at de.uka.ilkd.key.speclang.njml.Translator.lookupIdentifier(Translator.java:924)
	at de.uka.ilkd.key.speclang.njml.Translator.visitIdent(Translator.java:882)
	at de.uka.ilkd.key.speclang.njml.JmlParser$IdentContext.accept(JmlParser.java:8637)
	at org.antlr.v4.runtime.tree.AbstractParseTreeVisitor.visitChildren(AbstractParseTreeVisitor.java:46)
	at de.uka.ilkd.key.speclang.njml.JmlParserBaseVisitor.visitPrimaryexpr(JmlParserBaseVisitor.java:724)
	at de.uka.ilkd.key.speclang.njml.JmlParser$PrimaryexprContext.accept(JmlParser.java:8399)
	at de.uka.ilkd.key.speclang.njml.Translator.accept(Translator.java:128)
	at de.uka.ilkd.key.speclang.njml.Translator.visitPostfixexpr(Translator.java:854)
	at de.uka.ilkd.key.speclang.njml.Translator.visitPostfixexpr(Translator.java:63)
	at de.uka.ilkd.key.speclang.njml.JmlParser$PostfixexprContext.accept(JmlParser.java:8315)
	at de.uka.ilkd.key.speclang.njml.Translator.accept(Translator.java:128)
	at de.uka.ilkd.key.speclang.njml.Translator.visitUnaryexprnotplusminus(Translator.java:840)
	at de.uka.ilkd.key.speclang.njml.JmlParser$UnaryexprnotplusminusContext.accept(JmlParser.java:8146)
	at de.uka.ilkd.key.speclang.njml.Translator.accept(Translator.java:128)
	at de.uka.ilkd.key.speclang.njml.Translator.oneOf(Translator.java:147)
	at de.uka.ilkd.key.speclang.njml.Translator.visitUnaryexpr(Translator.java:800)
	at de.uka.ilkd.key.speclang.njml.Translator.visitUnaryexpr(Translator.java:63)
	at de.uka.ilkd.key.speclang.njml.JmlParser$UnaryexprContext.accept(JmlParser.java:8002)
	at de.uka.ilkd.key.speclang.njml.Translator.accept(Translator.java:128)
	at de.uka.ilkd.key.speclang.njml.Translator.lambda$mapOf$0(Translator.java:133)
	at java.base/java.util.stream.ReferencePipeline$3$1.accept(ReferencePipeline.java:197)
	at java.base/java.util.ArrayList$ArrayListSpliterator.forEachRemaining(ArrayList.java:1625)
	at java.base/java.util.stream.AbstractPipeline.copyInto(AbstractPipeline.java:509)
	at java.base/java.util.stream.AbstractPipeline.wrapAndCopyInto(AbstractPipeline.java:499)
	at java.base/java.util.stream.ReduceOps$ReduceOp.evaluateSequential(ReduceOps.java:921)
	at java.base/java.util.stream.AbstractPipeline.evaluate(AbstractPipeline.java:234)
	at java.base/java.util.stream.ReferencePipeline.collect(ReferencePipeline.java:682)
	at de.uka.ilkd.key.speclang.njml.Translator.mapOf(Translator.java:133)
	at de.uka.ilkd.key.speclang.njml.Translator.visitMultexpr(Translator.java:737)
	at de.uka.ilkd.key.speclang.njml.JmlParser$MultexprContext.accept(JmlParser.java:7921)
	at de.uka.ilkd.key.speclang.njml.Translator.accept(Translator.java:128)
	at de.uka.ilkd.key.speclang.njml.Translator.lambda$mapOf$0(Translator.java:133)
	at java.base/java.util.stream.ReferencePipeline$3$1.accept(ReferencePipeline.java:197)
	at java.base/java.util.ArrayList$ArrayListSpliterator.forEachRemaining(ArrayList.java:1625)
	at java.base/java.util.stream.AbstractPipeline.copyInto(AbstractPipeline.java:509)
	at java.base/java.util.stream.AbstractPipeline.wrapAndCopyInto(AbstractPipeline.java:499)
	at java.base/java.util.stream.ReduceOps$ReduceOp.evaluateSequential(ReduceOps.java:921)
	at java.base/java.util.stream.AbstractPipeline.evaluate(AbstractPipeline.java:234)
	at java.base/java.util.stream.ReferencePipeline.collect(ReferencePipeline.java:682)
	at de.uka.ilkd.key.speclang.njml.Translator.mapOf(Translator.java:133)
	at de.uka.ilkd.key.speclang.njml.Translator.visitAdditiveexpr(Translator.java:720)
	at de.uka.ilkd.key.speclang.njml.JmlParser$AdditiveexprContext.accept(JmlParser.java:7829)
	at de.uka.ilkd.key.speclang.njml.Translator.accept(Translator.java:128)
	at de.uka.ilkd.key.speclang.njml.Translator.lambda$mapOf$0(Translator.java:133)
	at java.base/java.util.stream.ReferencePipeline$3$1.accept(ReferencePipeline.java:197)
	at java.base/java.util.ArrayList$ArrayListSpliterator.forEachRemaining(ArrayList.java:1625)
	at java.base/java.util.stream.AbstractPipeline.copyInto(AbstractPipeline.java:509)
	at java.base/java.util.stream.AbstractPipeline.wrapAndCopyInto(AbstractPipeline.java:499)
	at java.base/java.util.stream.ReduceOps$ReduceOp.evaluateSequential(ReduceOps.java:921)
	at java.base/java.util.stream.AbstractPipeline.evaluate(AbstractPipeline.java:234)
	at java.base/java.util.stream.ReferencePipeline.collect(ReferencePipeline.java:682)
	at de.uka.ilkd.key.speclang.njml.Translator.mapOf(Translator.java:133)
	at de.uka.ilkd.key.speclang.njml.Translator.visitShiftexpr(Translator.java:703)
	at de.uka.ilkd.key.speclang.njml.JmlParser$ShiftexprContext.accept(JmlParser.java:7742)
	at de.uka.ilkd.key.speclang.njml.Translator.accept(Translator.java:128)
	at de.uka.ilkd.key.speclang.njml.Translator.oneOf(Translator.java:147)
	at de.uka.ilkd.key.speclang.njml.Translator.visitRelationalexpr(Translator.java:494)
	at de.uka.ilkd.key.speclang.njml.JmlParser$RelationalexprContext.accept(JmlParser.java:7344)
	at de.uka.ilkd.key.speclang.njml.Translator.accept(Translator.java:128)
	at de.uka.ilkd.key.speclang.njml.Translator.lambda$mapOf$0(Translator.java:133)
	at java.base/java.util.stream.ReferencePipeline$3$1.accept(ReferencePipeline.java:197)
	at java.base/java.util.ArrayList$ArrayListSpliterator.forEachRemaining(ArrayList.java:1625)
	at java.base/java.util.stream.AbstractPipeline.copyInto(AbstractPipeline.java:509)
	at java.base/java.util.stream.AbstractPipeline.wrapAndCopyInto(AbstractPipeline.java:499)
	at java.base/java.util.stream.ReduceOps$ReduceOp.evaluateSequential(ReduceOps.java:921)
	at java.base/java.util.stream.AbstractPipeline.evaluate(AbstractPipeline.java:234)
	at java.base/java.util.stream.ReferencePipeline.collect(ReferencePipeline.java:682)
	at de.uka.ilkd.key.speclang.njml.Translator.mapOf(Translator.java:133)
	at de.uka.ilkd.key.speclang.njml.Translator.visitEqualityexpr(Translator.java:562)
	at de.uka.ilkd.key.speclang.njml.Translator.visitEqualityexpr(Translator.java:63)
	at de.uka.ilkd.key.speclang.njml.JmlParser$EqualityexprContext.accept(JmlParser.java:7270)
	at de.uka.ilkd.key.speclang.njml.Translator.accept(Translator.java:128)
	at de.uka.ilkd.key.speclang.njml.Translator.visitAndexpr(Translator.java:544)
	at de.uka.ilkd.key.speclang.njml.JmlParser$AndexprContext.accept(JmlParser.java:7201)
	at de.uka.ilkd.key.speclang.njml.Translator.accept(Translator.java:128)
	at de.uka.ilkd.key.speclang.njml.Translator.visitExclusiveorexpr(Translator.java:529)
	at de.uka.ilkd.key.speclang.njml.JmlParser$ExclusiveorexprContext.accept(JmlParser.java:7132)
	at de.uka.ilkd.key.speclang.njml.Translator.accept(Translator.java:128)
	at de.uka.ilkd.key.speclang.njml.Translator.visitInclusiveorexpr(Translator.java:514)
	at de.uka.ilkd.key.speclang.njml.JmlParser$InclusiveorexprContext.accept(JmlParser.java:7063)
	at de.uka.ilkd.key.speclang.njml.Translator.accept(Translator.java:128)
	at de.uka.ilkd.key.speclang.njml.Translator.visitLogicalandexpr(Translator.java:501)
	at de.uka.ilkd.key.speclang.njml.JmlParser$LogicalandexprContext.accept(JmlParser.java:6994)
	at de.uka.ilkd.key.speclang.njml.Translator.accept(Translator.java:128)
	at de.uka.ilkd.key.speclang.njml.Translator.visitLogicalorexpr(Translator.java:482)
	at de.uka.ilkd.key.speclang.njml.Translator.visitLogicalorexpr(Translator.java:63)
	at de.uka.ilkd.key.speclang.njml.JmlParser$LogicalorexprContext.accept(JmlParser.java:6925)
	at de.uka.ilkd.key.speclang.njml.Translator.accept(Translator.java:128)
	at de.uka.ilkd.key.speclang.njml.Translator.visitImpliesexpr(Translator.java:446)
	at de.uka.ilkd.key.speclang.njml.JmlParser$ImpliesexprContext.accept(JmlParser.java:6662)
	at de.uka.ilkd.key.speclang.njml.Translator.accept(Translator.java:128)
	at de.uka.ilkd.key.speclang.njml.Translator.lambda$mapOf$0(Translator.java:133)
	at java.base/java.util.stream.ReferencePipeline$3$1.accept(ReferencePipeline.java:197)
	at java.base/java.util.ArrayList$ArrayListSpliterator.forEachRemaining(ArrayList.java:1625)
	at java.base/java.util.stream.AbstractPipeline.copyInto(AbstractPipeline.java:509)
	at java.base/java.util.stream.AbstractPipeline.wrapAndCopyInto(AbstractPipeline.java:499)
	at java.base/java.util.stream.ReduceOps$ReduceOp.evaluateSequential(ReduceOps.java:921)
	at java.base/java.util.stream.AbstractPipeline.evaluate(AbstractPipeline.java:234)
	at java.base/java.util.stream.ReferencePipeline.collect(ReferencePipeline.java:682)
	at de.uka.ilkd.key.speclang.njml.Translator.mapOf(Translator.java:133)
	at de.uka.ilkd.key.speclang.njml.Translator.visitEquivalenceexpr(Translator.java:426)
	at de.uka.ilkd.key.speclang.njml.JmlParser$EquivalenceexprContext.accept(JmlParser.java:6585)
	at de.uka.ilkd.key.speclang.njml.Translator.accept(Translator.java:128)
	at de.uka.ilkd.key.speclang.njml.Translator.visitConditionalexpr(Translator.java:412)
	at de.uka.ilkd.key.speclang.njml.Translator.visitConditionalexpr(Translator.java:63)
	at de.uka.ilkd.key.speclang.njml.JmlParser$ConditionalexprContext.accept(JmlParser.java:6516)
	at de.uka.ilkd.key.speclang.njml.Translator.accept(Translator.java:128)
	at de.uka.ilkd.key.speclang.njml.Translator.visitExpression(Translator.java:402)
	at de.uka.ilkd.key.speclang.njml.Translator.visitExpression(Translator.java:63)
	at de.uka.ilkd.key.speclang.njml.JmlParser$ExpressionContext.accept(JmlParser.java:6463)
	at de.uka.ilkd.key.speclang.njml.JmlIO.interpret(JmlIO.java:178)
	at de.uka.ilkd.key.speclang.njml.JmlIO.translateTerm(JmlIO.java:188)
	at de.uka.ilkd.key.speclang.njml.JmlIO.translateTerm(JmlIO.java:201)
	at de.uka.ilkd.key.speclang.jml.translation.JMLSpecFactory.createJMLClassInvariant(JMLSpecFactory.java:957)
	at de.uka.ilkd.key.speclang.jml.JMLSpecExtractor.extractClassSpecs(JMLSpecExtractor.java:250)
	at de.uka.ilkd.key.speclang.SLEnvInput.createSpecs(SLEnvInput.java:284)
	at de.uka.ilkd.key.speclang.SLEnvInput.read(SLEnvInput.java:351)
	at de.uka.ilkd.key.proof.init.KeYUserProblemFile.read(KeYUserProblemFile.java:111)
	at de.uka.ilkd.key.proof.init.ProblemInitializer.readEnvInput(ProblemInitializer.java:323)
	at de.uka.ilkd.key.proof.init.ProblemInitializer.prepare(ProblemInitializer.java:561)
	at de.uka.ilkd.key.proof.init.ProblemInitializer.prepare(ProblemInitializer.java:471)
	at de.uka.ilkd.key.proof.init.ProblemInitializer.startProver(ProblemInitializer.java:607)
	at de.uka.ilkd.key.util.HelperClassForTests.parse(HelperClassForTests.java:78)
	at de.uka.ilkd.key.util.HelperClassForTests.parse(HelperClassForTests.java:66)
	at de.uka.ilkd.key.util.HelperClassForTests.createServices(HelperClassForTests.java:303)
	at de.uka.ilkd.key.parser.AbstractTestTermParser.getServices(AbstractTestTermParser.java:173)
	at de.uka.ilkd.key.parser.AbstractTestTermParser.&lt;init&gt;(AbstractTestTermParser.java:35)
	at de.uka.ilkd.key.logic.TestClashFreeSubst.&lt;init&gt;(TestClashFreeSubst.java:24)
	at java.base/jdk.internal.reflect.NativeConstructorAccessorImpl.newInstance0(Native Method)
	at java.base/jdk.internal.reflect.NativeConstructorAccessorImpl.newInstance(NativeConstructorAccessorImpl.java:77)
	at java.base/jdk.internal.reflect.DelegatingConstructorAccessorImpl.newInstance(DelegatingConstructorAccessorImpl.java:45)
	at java.base/java.lang.reflect.Constructor.newInstanceWithCaller(Constructor.java:499)
	at java.base/java.lang.reflect.Constructor.newInstance(Constructor.java:480)
	at org.junit.platform.commons.util.ReflectionUtils.newInstance(ReflectionUtils.java:552)
	at org.junit.jupiter.engine.execution.ConstructorInvocation.proceed(ConstructorInvocation.java:56)
	at org.junit.jupiter.engine.execution.InvocationInterceptorChain$ValidatingInvocation.proceed(InvocationInterceptorChain.java:131)
	at org.junit.jupiter.api.extension.InvocationInterceptor.interceptTestClassConstructor(InvocationInterceptor.java:73)
	at org.junit.jupiter.engine.execution.InterceptingExecutableInvoker.lambda$invoke$0(InterceptingExecutableInvoker.java:93)
	at org.junit.jupiter.engine.execution.InvocationInterceptorChain$InterceptedInvocation.proceed(InvocationInterceptorChain.java:106)
	at org.junit.jupiter.engine.execution.InvocationInterceptorChain.proceed(InvocationInterceptorChain.java:64)
	at org.junit.jupiter.engine.execution.InvocationInterceptorChain.chainAndInvoke(InvocationInterceptorChain.java:45)
	at org.junit.jupiter.engine.execution.InvocationInterceptorChain.invoke(InvocationInterceptorChain.java:37)
	at org.junit.jupiter.engine.execution.InterceptingExecutableInvoker.invoke(InterceptingExecutableInvoker.java:92)
	at org.junit.jupiter.engine.execution.InterceptingExecutableInvoker.invoke(InterceptingExecutableInvoker.java:62)
	at org.junit.jupiter.engine.descriptor.ClassBasedTestDescriptor.invokeTestClassConstructor(ClassBasedTestDescriptor.java:363)
	at org.junit.jupiter.engine.descriptor.ClassBasedTestDescriptor.instantiateTestClass(ClassBasedTestDescriptor.java:310)
	at org.junit.jupiter.engine.descriptor.ClassTestDescriptor.instantiateTestClass(ClassTestDescriptor.java:79)
	at org.junit.jupiter.engine.descriptor.ClassBasedTestDescriptor.instantiateAndPostProcessTestInstance(ClassBasedTestDescriptor.java:286)
	at org.junit.jupiter.engine.descriptor.ClassBasedTestDescriptor.lambda$testInstancesProvider$4(ClassBasedTestDescriptor.java:278)
	at java.base/java.util.Optional.orElseGet(Optional.java:364)
	at org.junit.jupiter.engine.descriptor.ClassBasedTestDescriptor.lambda$testInstancesProvider$5(ClassBasedTestDescriptor.java:277)
	at org.junit.jupiter.engine.execution.TestInstancesProvider.getTestInstances(TestInstancesProvider.java:31)
	at org.junit.jupiter.engine.descriptor.TestMethodTestDescriptor.lambda$prepare$0(TestMethodTestDescriptor.java:105)
	at org.junit.platform.engine.support.hierarchical.ThrowableCollector.execute(ThrowableCollector.java:73)
	at org.junit.jupiter.engine.descriptor.TestMethodTestDescriptor.prepare(TestMethodTestDescriptor.java:104)
	at org.junit.jupiter.engine.descriptor.TestMethodTestDescriptor.prepare(TestMethodTestDescriptor.java:68)
	at org.junit.platform.engine.support.hierarchical.NodeTestTask.lambda$prepare$2(NodeTestTask.java:123)
	at org.junit.platform.engine.support.hierarchical.ThrowableCollector.execute(ThrowableCollector.java:73)
	at org.junit.platform.engine.support.hierarchical.NodeTestTask.prepare(NodeTestTask.java:123)
	at org.junit.platform.engine.support.hierarchical.NodeTestTask.execute(NodeTestTask.java:90)
	at java.base/java.util.ArrayList.forEach(ArrayList.java:1511)
	at org.junit.platform.engine.support.hierarchical.SameThreadHierarchicalTestExecutorService.invokeAll(SameThreadHierarchicalTestExecutorService.java:41)
	at org.junit.platform.engine.support.hierarchical.NodeTestTask.lambda$executeRecursively$6(NodeTestTask.java:155)
	at org.junit.platform.engine.support.hierarchical.ThrowableCollector.execute(ThrowableCollector.java:73)
	at org.junit.platform.engine.support.hierarchical.NodeTestTask.lambda$executeRecursively$8(NodeTestTask.java:141)
	at org.junit.platform.engine.support.hierarchical.Node.around(Node.java:137)
	at org.junit.platform.engine.support.hierarchical.NodeTestTask.lambda$executeRecursively$9(NodeTestTask.java:139)
	at org.junit.platform.engine.support.hierarchical.ThrowableCollector.execute(ThrowableCollector.java:73)
	at org.junit.platform.engine.support.hierarchical.NodeTestTask.executeRecursively(NodeTestTask.java:138)
	at org.junit.platform.engine.support.hierarchical.NodeTestTask.execute(NodeTestTask.java:95)
	at java.base/java.util.ArrayList.forEach(ArrayList.java:1511)
	at org.junit.platform.engine.support.hierarchical.SameThreadHierarchicalTestExecutorService.invokeAll(SameThreadHierarchicalTestExecutorService.java:41)
	at org.junit.platform.engine.support.hierarchical.NodeTestTask.lambda$executeRecursively$6(NodeTestTask.java:155)
	at org.junit.platform.engine.support.hierarchical.ThrowableCollector.execute(ThrowableCollector.java:73)
	at org.junit.platform.engine.support.hierarchical.NodeTestTask.lambda$executeRecursively$8(NodeTestTask.java:141)
	at org.junit.platform.engine.support.hierarchical.Node.around(Node.java:137)
	at org.junit.platform.engine.support.hierarchical.NodeTestTask.lambda$executeRecursively$9(NodeTestTask.java:139)
	at org.junit.platform.engine.support.hierarchical.ThrowableCollector.execute(ThrowableCollector.java:73)
	at org.junit.platform.engine.support.hierarchical.NodeTestTask.executeRecursively(NodeTestTask.java:138)
	at org.junit.platform.engine.support.hierarchical.NodeTestTask.execute(NodeTestTask.java:95)
	at org.junit.platform.engine.support.hierarchical.SameThreadHierarchicalTestExecutorService.submit(SameThreadHierarchicalTestExecutorService.java:35)
	at org.junit.platform.engine.support.hierarchical.HierarchicalTestExecutor.execute(HierarchicalTestExecutor.java:57)
	at org.junit.platform.engine.support.hierarchical.HierarchicalTestEngine.execute(HierarchicalTestEngine.java:54)
	at org.junit.platform.launcher.core.EngineExecutionOrchestrator.execute(EngineExecutionOrchestrator.java:107)
	at org.junit.platform.launcher.core.EngineExecutionOrchestrator.execute(EngineExecutionOrchestrator.java:88)
	at org.junit.platform.launcher.core.EngineExecutionOrchestrator.lambda$execute$0(EngineExecutionOrchestrator.java:54)
	at org.junit.platform.launcher.core.EngineExecutionOrchestrator.withInterceptedStreams(EngineExecutionOrchestrator.java:67)
	at org.junit.platform.launcher.core.EngineExecutionOrchestrator.execute(EngineExecutionOrchestrator.java:52)
	at org.junit.platform.launcher.core.DefaultLauncher.execute(DefaultLauncher.java:114)
	at org.junit.platform.launcher.core.DefaultLauncher.execute(DefaultLauncher.java:86)
	at org.junit.platform.launcher.core.DefaultLauncherSession$DelegatingLauncher.execute(DefaultLauncherSession.java:86)
	at org.gradle.api.internal.tasks.testing.junitplatform.JUnitPlatformTestClassProcessor$CollectAllTestClassesExecutor.processAllTestClasses(JUnitPlatformTestClassProcessor.java:110)
	at org.gradle.api.internal.tasks.testing.junitplatform.JUnitPlatformTestClassProcessor$CollectAllTestClassesExecutor.access$000(JUnitPlatformTestClassProcessor.java:90)
	at org.gradle.api.internal.tasks.testing.junitplatform.JUnitPlatformTestClassProcessor.stop(JUnitPlatformTestClassProcessor.java:85)
	at org.gradle.api.internal.tasks.testing.SuiteTestClassProcessor.stop(SuiteTestClassProcessor.java:62)
	at java.base/jdk.internal.reflect.NativeMethodAccessorImpl.invoke0(Native Method)
	at java.base/jdk.internal.reflect.NativeMethodAccessorImpl.invoke(NativeMethodAccessorImpl.java:77)
	at java.base/jdk.internal.reflect.DelegatingMethodAccessorImpl.invoke(DelegatingMethodAccessorImpl.java:43)
	at java.base/java.lang.reflect.Method.invoke(Method.java:568)
	at org.gradle.internal.dispatch.ReflectionDispatch.dispatch(ReflectionDispatch.java:36)
	at org.gradle.internal.dispatch.ReflectionDispatch.dispatch(ReflectionDispatch.java:24)
	at org.gradle.internal.dispatch.ContextClassLoaderDispatch.dispatch(ContextClassLoaderDispatch.java:33)
	at org.gradle.internal.dispatch.ProxyDispatchAdapter$DispatchingInvocationHandler.invoke(ProxyDispatchAdapter.java:94)
	at jdk.proxy2/jdk.proxy2.$Proxy5.stop(Unknown Source)
	at org.gradle.api.internal.tasks.testing.worker.TestWorker$3.run(TestWorker.java:193)
	at org.gradle.api.internal.tasks.testing.worker.TestWorker.executeAndMaintainThreadName(TestWorker.java:129)
	at org.gradle.api.internal.tasks.testing.worker.TestWorker.execute(TestWorker.java:100)
	at org.gradle.api.internal.tasks.testing.worker.TestWorker.execute(TestWorker.java:60)
	at org.gradle.process.internal.worker.child.ActionExecutionWorker.execute(ActionExecutionWorker.java:56)
	at org.gradle.process.internal.worker.child.SystemApplicationClassLoaderWorker.call(SystemApplicationClassLoaderWorker.java:113)
	at org.gradle.process.internal.worker.child.SystemApplicationClassLoaderWorker.call(SystemApplicationClassLoaderWorker.java:65)
	at worker.org.gradle.process.internal.worker.GradleWorkerMain.run(GradleWorkerMain.java:69)
	at worker.org.gradle.process.internal.worker.GradleWorkerMain.main(GradleWorkerMain.java:74)
</failure>
  </testcase>
  <testcase name="xtestMultiClash1()" classname="de.uka.ilkd.key.logic.TestClashFreeSubst" time="0.016">
    <failure message="java.lang.NullPointerException: Cannot invoke &quot;de.uka.ilkd.key.java.JavaService.getProgramFactory()&quot; because &quot;this.javaService&quot; is null" type="java.lang.NullPointerException">java.lang.NullPointerException: Cannot invoke &quot;de.uka.ilkd.key.java.JavaService.getProgramFactory()&quot; because &quot;this.javaService&quot; is null
	at de.uka.ilkd.key.java.KeYProgModelInfo.isPackage(KeYProgModelInfo.java:213)
	at de.uka.ilkd.key.java.JavaInfo.isPackage(JavaInfo.java:221)
	at de.uka.ilkd.key.speclang.translation.SLExpressionResolver.trimPackageRef(SLExpressionResolver.java:43)
	at de.uka.ilkd.key.speclang.translation.SLExpressionResolver.areInSamePackage(SLExpressionResolver.java:62)
	at de.uka.ilkd.key.speclang.translation.SLExpressionResolver.isVisibleHelper(SLExpressionResolver.java:103)
	at de.uka.ilkd.key.speclang.translation.SLExpressionResolver.isVisible(SLExpressionResolver.java:114)
	at de.uka.ilkd.key.speclang.translation.SLAttributeResolver.lookupVisibleAttribute(SLAttributeResolver.java:37)
	at de.uka.ilkd.key.speclang.translation.SLAttributeResolver.doResolving(SLAttributeResolver.java:94)
	at de.uka.ilkd.key.speclang.translation.SLExpressionResolver.resolve(SLExpressionResolver.java:149)
	at de.uka.ilkd.key.speclang.translation.SLResolverManager.resolveExplicit(SLResolverManager.java:137)
	at de.uka.ilkd.key.speclang.translation.SLResolverManager.resolveImplicit(SLResolverManager.java:112)
	at de.uka.ilkd.key.speclang.translation.SLResolverManager.resolveIt(SLResolverManager.java:159)
	at de.uka.ilkd.key.speclang.translation.SLResolverManager.resolve(SLResolverManager.java:195)
	at de.uka.ilkd.key.speclang.njml.Translator.lookupIdentifier(Translator.java:924)
	at de.uka.ilkd.key.speclang.njml.Translator.visitIdent(Translator.java:882)
	at de.uka.ilkd.key.speclang.njml.JmlParser$IdentContext.accept(JmlParser.java:8637)
	at org.antlr.v4.runtime.tree.AbstractParseTreeVisitor.visitChildren(AbstractParseTreeVisitor.java:46)
	at de.uka.ilkd.key.speclang.njml.JmlParserBaseVisitor.visitPrimaryexpr(JmlParserBaseVisitor.java:724)
	at de.uka.ilkd.key.speclang.njml.JmlParser$PrimaryexprContext.accept(JmlParser.java:8399)
	at de.uka.ilkd.key.speclang.njml.Translator.accept(Translator.java:128)
	at de.uka.ilkd.key.speclang.njml.Translator.visitPostfixexpr(Translator.java:854)
	at de.uka.ilkd.key.speclang.njml.Translator.visitPostfixexpr(Translator.java:63)
	at de.uka.ilkd.key.speclang.njml.JmlParser$PostfixexprContext.accept(JmlParser.java:8315)
	at de.uka.ilkd.key.speclang.njml.Translator.accept(Translator.java:128)
	at de.uka.ilkd.key.speclang.njml.Translator.visitUnaryexprnotplusminus(Translator.java:840)
	at de.uka.ilkd.key.speclang.njml.JmlParser$UnaryexprnotplusminusContext.accept(JmlParser.java:8146)
	at de.uka.ilkd.key.speclang.njml.Translator.accept(Translator.java:128)
	at de.uka.ilkd.key.speclang.njml.Translator.oneOf(Translator.java:147)
	at de.uka.ilkd.key.speclang.njml.Translator.visitUnaryexpr(Translator.java:800)
	at de.uka.ilkd.key.speclang.njml.Translator.visitUnaryexpr(Translator.java:63)
	at de.uka.ilkd.key.speclang.njml.JmlParser$UnaryexprContext.accept(JmlParser.java:8002)
	at de.uka.ilkd.key.speclang.njml.Translator.accept(Translator.java:128)
	at de.uka.ilkd.key.speclang.njml.Translator.lambda$mapOf$0(Translator.java:133)
	at java.base/java.util.stream.ReferencePipeline$3$1.accept(ReferencePipeline.java:197)
	at java.base/java.util.ArrayList$ArrayListSpliterator.forEachRemaining(ArrayList.java:1625)
	at java.base/java.util.stream.AbstractPipeline.copyInto(AbstractPipeline.java:509)
	at java.base/java.util.stream.AbstractPipeline.wrapAndCopyInto(AbstractPipeline.java:499)
	at java.base/java.util.stream.ReduceOps$ReduceOp.evaluateSequential(ReduceOps.java:921)
	at java.base/java.util.stream.AbstractPipeline.evaluate(AbstractPipeline.java:234)
	at java.base/java.util.stream.ReferencePipeline.collect(ReferencePipeline.java:682)
	at de.uka.ilkd.key.speclang.njml.Translator.mapOf(Translator.java:133)
	at de.uka.ilkd.key.speclang.njml.Translator.visitMultexpr(Translator.java:737)
	at de.uka.ilkd.key.speclang.njml.JmlParser$MultexprContext.accept(JmlParser.java:7921)
	at de.uka.ilkd.key.speclang.njml.Translator.accept(Translator.java:128)
	at de.uka.ilkd.key.speclang.njml.Translator.lambda$mapOf$0(Translator.java:133)
	at java.base/java.util.stream.ReferencePipeline$3$1.accept(ReferencePipeline.java:197)
	at java.base/java.util.ArrayList$ArrayListSpliterator.forEachRemaining(ArrayList.java:1625)
	at java.base/java.util.stream.AbstractPipeline.copyInto(AbstractPipeline.java:509)
	at java.base/java.util.stream.AbstractPipeline.wrapAndCopyInto(AbstractPipeline.java:499)
	at java.base/java.util.stream.ReduceOps$ReduceOp.evaluateSequential(ReduceOps.java:921)
	at java.base/java.util.stream.AbstractPipeline.evaluate(AbstractPipeline.java:234)
	at java.base/java.util.stream.ReferencePipeline.collect(ReferencePipeline.java:682)
	at de.uka.ilkd.key.speclang.njml.Translator.mapOf(Translator.java:133)
	at de.uka.ilkd.key.speclang.njml.Translator.visitAdditiveexpr(Translator.java:720)
	at de.uka.ilkd.key.speclang.njml.JmlParser$AdditiveexprContext.accept(JmlParser.java:7829)
	at de.uka.ilkd.key.speclang.njml.Translator.accept(Translator.java:128)
	at de.uka.ilkd.key.speclang.njml.Translator.lambda$mapOf$0(Translator.java:133)
	at java.base/java.util.stream.ReferencePipeline$3$1.accept(ReferencePipeline.java:197)
	at java.base/java.util.ArrayList$ArrayListSpliterator.forEachRemaining(ArrayList.java:1625)
	at java.base/java.util.stream.AbstractPipeline.copyInto(AbstractPipeline.java:509)
	at java.base/java.util.stream.AbstractPipeline.wrapAndCopyInto(AbstractPipeline.java:499)
	at java.base/java.util.stream.ReduceOps$ReduceOp.evaluateSequential(ReduceOps.java:921)
	at java.base/java.util.stream.AbstractPipeline.evaluate(AbstractPipeline.java:234)
	at java.base/java.util.stream.ReferencePipeline.collect(ReferencePipeline.java:682)
	at de.uka.ilkd.key.speclang.njml.Translator.mapOf(Translator.java:133)
	at de.uka.ilkd.key.speclang.njml.Translator.visitShiftexpr(Translator.java:703)
	at de.uka.ilkd.key.speclang.njml.JmlParser$ShiftexprContext.accept(JmlParser.java:7742)
	at de.uka.ilkd.key.speclang.njml.Translator.accept(Translator.java:128)
	at de.uka.ilkd.key.speclang.njml.Translator.oneOf(Translator.java:147)
	at de.uka.ilkd.key.speclang.njml.Translator.visitRelationalexpr(Translator.java:494)
	at de.uka.ilkd.key.speclang.njml.JmlParser$RelationalexprContext.accept(JmlParser.java:7344)
	at de.uka.ilkd.key.speclang.njml.Translator.accept(Translator.java:128)
	at de.uka.ilkd.key.speclang.njml.Translator.lambda$mapOf$0(Translator.java:133)
	at java.base/java.util.stream.ReferencePipeline$3$1.accept(ReferencePipeline.java:197)
	at java.base/java.util.ArrayList$ArrayListSpliterator.forEachRemaining(ArrayList.java:1625)
	at java.base/java.util.stream.AbstractPipeline.copyInto(AbstractPipeline.java:509)
	at java.base/java.util.stream.AbstractPipeline.wrapAndCopyInto(AbstractPipeline.java:499)
	at java.base/java.util.stream.ReduceOps$ReduceOp.evaluateSequential(ReduceOps.java:921)
	at java.base/java.util.stream.AbstractPipeline.evaluate(AbstractPipeline.java:234)
	at java.base/java.util.stream.ReferencePipeline.collect(ReferencePipeline.java:682)
	at de.uka.ilkd.key.speclang.njml.Translator.mapOf(Translator.java:133)
	at de.uka.ilkd.key.speclang.njml.Translator.visitEqualityexpr(Translator.java:562)
	at de.uka.ilkd.key.speclang.njml.Translator.visitEqualityexpr(Translator.java:63)
	at de.uka.ilkd.key.speclang.njml.JmlParser$EqualityexprContext.accept(JmlParser.java:7270)
	at de.uka.ilkd.key.speclang.njml.Translator.accept(Translator.java:128)
	at de.uka.ilkd.key.speclang.njml.Translator.visitAndexpr(Translator.java:544)
	at de.uka.ilkd.key.speclang.njml.JmlParser$AndexprContext.accept(JmlParser.java:7201)
	at de.uka.ilkd.key.speclang.njml.Translator.accept(Translator.java:128)
	at de.uka.ilkd.key.speclang.njml.Translator.visitExclusiveorexpr(Translator.java:529)
	at de.uka.ilkd.key.speclang.njml.JmlParser$ExclusiveorexprContext.accept(JmlParser.java:7132)
	at de.uka.ilkd.key.speclang.njml.Translator.accept(Translator.java:128)
	at de.uka.ilkd.key.speclang.njml.Translator.visitInclusiveorexpr(Translator.java:514)
	at de.uka.ilkd.key.speclang.njml.JmlParser$InclusiveorexprContext.accept(JmlParser.java:7063)
	at de.uka.ilkd.key.speclang.njml.Translator.accept(Translator.java:128)
	at de.uka.ilkd.key.speclang.njml.Translator.visitLogicalandexpr(Translator.java:501)
	at de.uka.ilkd.key.speclang.njml.JmlParser$LogicalandexprContext.accept(JmlParser.java:6994)
	at de.uka.ilkd.key.speclang.njml.Translator.accept(Translator.java:128)
	at de.uka.ilkd.key.speclang.njml.Translator.visitLogicalorexpr(Translator.java:482)
	at de.uka.ilkd.key.speclang.njml.Translator.visitLogicalorexpr(Translator.java:63)
	at de.uka.ilkd.key.speclang.njml.JmlParser$LogicalorexprContext.accept(JmlParser.java:6925)
	at de.uka.ilkd.key.speclang.njml.Translator.accept(Translator.java:128)
	at de.uka.ilkd.key.speclang.njml.Translator.visitImpliesexpr(Translator.java:446)
	at de.uka.ilkd.key.speclang.njml.JmlParser$ImpliesexprContext.accept(JmlParser.java:6662)
	at de.uka.ilkd.key.speclang.njml.Translator.accept(Translator.java:128)
	at de.uka.ilkd.key.speclang.njml.Translator.lambda$mapOf$0(Translator.java:133)
	at java.base/java.util.stream.ReferencePipeline$3$1.accept(ReferencePipeline.java:197)
	at java.base/java.util.ArrayList$ArrayListSpliterator.forEachRemaining(ArrayList.java:1625)
	at java.base/java.util.stream.AbstractPipeline.copyInto(AbstractPipeline.java:509)
	at java.base/java.util.stream.AbstractPipeline.wrapAndCopyInto(AbstractPipeline.java:499)
	at java.base/java.util.stream.ReduceOps$ReduceOp.evaluateSequential(ReduceOps.java:921)
	at java.base/java.util.stream.AbstractPipeline.evaluate(AbstractPipeline.java:234)
	at java.base/java.util.stream.ReferencePipeline.collect(ReferencePipeline.java:682)
	at de.uka.ilkd.key.speclang.njml.Translator.mapOf(Translator.java:133)
	at de.uka.ilkd.key.speclang.njml.Translator.visitEquivalenceexpr(Translator.java:426)
	at de.uka.ilkd.key.speclang.njml.JmlParser$EquivalenceexprContext.accept(JmlParser.java:6585)
	at de.uka.ilkd.key.speclang.njml.Translator.accept(Translator.java:128)
	at de.uka.ilkd.key.speclang.njml.Translator.visitConditionalexpr(Translator.java:412)
	at de.uka.ilkd.key.speclang.njml.Translator.visitConditionalexpr(Translator.java:63)
	at de.uka.ilkd.key.speclang.njml.JmlParser$ConditionalexprContext.accept(JmlParser.java:6516)
	at de.uka.ilkd.key.speclang.njml.Translator.accept(Translator.java:128)
	at de.uka.ilkd.key.speclang.njml.Translator.visitExpression(Translator.java:402)
	at de.uka.ilkd.key.speclang.njml.Translator.visitExpression(Translator.java:63)
	at de.uka.ilkd.key.speclang.njml.JmlParser$ExpressionContext.accept(JmlParser.java:6463)
	at de.uka.ilkd.key.speclang.njml.JmlIO.interpret(JmlIO.java:178)
	at de.uka.ilkd.key.speclang.njml.JmlIO.translateTerm(JmlIO.java:188)
	at de.uka.ilkd.key.speclang.njml.JmlIO.translateTerm(JmlIO.java:201)
	at de.uka.ilkd.key.speclang.jml.translation.JMLSpecFactory.createJMLClassInvariant(JMLSpecFactory.java:957)
	at de.uka.ilkd.key.speclang.jml.JMLSpecExtractor.extractClassSpecs(JMLSpecExtractor.java:250)
	at de.uka.ilkd.key.speclang.SLEnvInput.createSpecs(SLEnvInput.java:284)
	at de.uka.ilkd.key.speclang.SLEnvInput.read(SLEnvInput.java:351)
	at de.uka.ilkd.key.proof.init.KeYUserProblemFile.read(KeYUserProblemFile.java:111)
	at de.uka.ilkd.key.proof.init.ProblemInitializer.readEnvInput(ProblemInitializer.java:323)
	at de.uka.ilkd.key.proof.init.ProblemInitializer.prepare(ProblemInitializer.java:561)
	at de.uka.ilkd.key.proof.init.ProblemInitializer.prepare(ProblemInitializer.java:471)
	at de.uka.ilkd.key.proof.init.ProblemInitializer.startProver(ProblemInitializer.java:607)
	at de.uka.ilkd.key.util.HelperClassForTests.parse(HelperClassForTests.java:78)
	at de.uka.ilkd.key.util.HelperClassForTests.parse(HelperClassForTests.java:66)
	at de.uka.ilkd.key.util.HelperClassForTests.createServices(HelperClassForTests.java:303)
	at de.uka.ilkd.key.parser.AbstractTestTermParser.getServices(AbstractTestTermParser.java:173)
	at de.uka.ilkd.key.parser.AbstractTestTermParser.&lt;init&gt;(AbstractTestTermParser.java:35)
	at de.uka.ilkd.key.logic.TestClashFreeSubst.&lt;init&gt;(TestClashFreeSubst.java:24)
	at java.base/jdk.internal.reflect.NativeConstructorAccessorImpl.newInstance0(Native Method)
	at java.base/jdk.internal.reflect.NativeConstructorAccessorImpl.newInstance(NativeConstructorAccessorImpl.java:77)
	at java.base/jdk.internal.reflect.DelegatingConstructorAccessorImpl.newInstance(DelegatingConstructorAccessorImpl.java:45)
	at java.base/java.lang.reflect.Constructor.newInstanceWithCaller(Constructor.java:499)
	at java.base/java.lang.reflect.Constructor.newInstance(Constructor.java:480)
	at org.junit.platform.commons.util.ReflectionUtils.newInstance(ReflectionUtils.java:552)
	at org.junit.jupiter.engine.execution.ConstructorInvocation.proceed(ConstructorInvocation.java:56)
	at org.junit.jupiter.engine.execution.InvocationInterceptorChain$ValidatingInvocation.proceed(InvocationInterceptorChain.java:131)
	at org.junit.jupiter.api.extension.InvocationInterceptor.interceptTestClassConstructor(InvocationInterceptor.java:73)
	at org.junit.jupiter.engine.execution.InterceptingExecutableInvoker.lambda$invoke$0(InterceptingExecutableInvoker.java:93)
	at org.junit.jupiter.engine.execution.InvocationInterceptorChain$InterceptedInvocation.proceed(InvocationInterceptorChain.java:106)
	at org.junit.jupiter.engine.execution.InvocationInterceptorChain.proceed(InvocationInterceptorChain.java:64)
	at org.junit.jupiter.engine.execution.InvocationInterceptorChain.chainAndInvoke(InvocationInterceptorChain.java:45)
	at org.junit.jupiter.engine.execution.InvocationInterceptorChain.invoke(InvocationInterceptorChain.java:37)
	at org.junit.jupiter.engine.execution.InterceptingExecutableInvoker.invoke(InterceptingExecutableInvoker.java:92)
	at org.junit.jupiter.engine.execution.InterceptingExecutableInvoker.invoke(InterceptingExecutableInvoker.java:62)
	at org.junit.jupiter.engine.descriptor.ClassBasedTestDescriptor.invokeTestClassConstructor(ClassBasedTestDescriptor.java:363)
	at org.junit.jupiter.engine.descriptor.ClassBasedTestDescriptor.instantiateTestClass(ClassBasedTestDescriptor.java:310)
	at org.junit.jupiter.engine.descriptor.ClassTestDescriptor.instantiateTestClass(ClassTestDescriptor.java:79)
	at org.junit.jupiter.engine.descriptor.ClassBasedTestDescriptor.instantiateAndPostProcessTestInstance(ClassBasedTestDescriptor.java:286)
	at org.junit.jupiter.engine.descriptor.ClassBasedTestDescriptor.lambda$testInstancesProvider$4(ClassBasedTestDescriptor.java:278)
	at java.base/java.util.Optional.orElseGet(Optional.java:364)
	at org.junit.jupiter.engine.descriptor.ClassBasedTestDescriptor.lambda$testInstancesProvider$5(ClassBasedTestDescriptor.java:277)
	at org.junit.jupiter.engine.execution.TestInstancesProvider.getTestInstances(TestInstancesProvider.java:31)
	at org.junit.jupiter.engine.descriptor.TestMethodTestDescriptor.lambda$prepare$0(TestMethodTestDescriptor.java:105)
	at org.junit.platform.engine.support.hierarchical.ThrowableCollector.execute(ThrowableCollector.java:73)
	at org.junit.jupiter.engine.descriptor.TestMethodTestDescriptor.prepare(TestMethodTestDescriptor.java:104)
	at org.junit.jupiter.engine.descriptor.TestMethodTestDescriptor.prepare(TestMethodTestDescriptor.java:68)
	at org.junit.platform.engine.support.hierarchical.NodeTestTask.lambda$prepare$2(NodeTestTask.java:123)
	at org.junit.platform.engine.support.hierarchical.ThrowableCollector.execute(ThrowableCollector.java:73)
	at org.junit.platform.engine.support.hierarchical.NodeTestTask.prepare(NodeTestTask.java:123)
	at org.junit.platform.engine.support.hierarchical.NodeTestTask.execute(NodeTestTask.java:90)
	at java.base/java.util.ArrayList.forEach(ArrayList.java:1511)
	at org.junit.platform.engine.support.hierarchical.SameThreadHierarchicalTestExecutorService.invokeAll(SameThreadHierarchicalTestExecutorService.java:41)
	at org.junit.platform.engine.support.hierarchical.NodeTestTask.lambda$executeRecursively$6(NodeTestTask.java:155)
	at org.junit.platform.engine.support.hierarchical.ThrowableCollector.execute(ThrowableCollector.java:73)
	at org.junit.platform.engine.support.hierarchical.NodeTestTask.lambda$executeRecursively$8(NodeTestTask.java:141)
	at org.junit.platform.engine.support.hierarchical.Node.around(Node.java:137)
	at org.junit.platform.engine.support.hierarchical.NodeTestTask.lambda$executeRecursively$9(NodeTestTask.java:139)
	at org.junit.platform.engine.support.hierarchical.ThrowableCollector.execute(ThrowableCollector.java:73)
	at org.junit.platform.engine.support.hierarchical.NodeTestTask.executeRecursively(NodeTestTask.java:138)
	at org.junit.platform.engine.support.hierarchical.NodeTestTask.execute(NodeTestTask.java:95)
	at java.base/java.util.ArrayList.forEach(ArrayList.java:1511)
	at org.junit.platform.engine.support.hierarchical.SameThreadHierarchicalTestExecutorService.invokeAll(SameThreadHierarchicalTestExecutorService.java:41)
	at org.junit.platform.engine.support.hierarchical.NodeTestTask.lambda$executeRecursively$6(NodeTestTask.java:155)
	at org.junit.platform.engine.support.hierarchical.ThrowableCollector.execute(ThrowableCollector.java:73)
	at org.junit.platform.engine.support.hierarchical.NodeTestTask.lambda$executeRecursively$8(NodeTestTask.java:141)
	at org.junit.platform.engine.support.hierarchical.Node.around(Node.java:137)
	at org.junit.platform.engine.support.hierarchical.NodeTestTask.lambda$executeRecursively$9(NodeTestTask.java:139)
	at org.junit.platform.engine.support.hierarchical.ThrowableCollector.execute(ThrowableCollector.java:73)
	at org.junit.platform.engine.support.hierarchical.NodeTestTask.executeRecursively(NodeTestTask.java:138)
	at org.junit.platform.engine.support.hierarchical.NodeTestTask.execute(NodeTestTask.java:95)
	at org.junit.platform.engine.support.hierarchical.SameThreadHierarchicalTestExecutorService.submit(SameThreadHierarchicalTestExecutorService.java:35)
	at org.junit.platform.engine.support.hierarchical.HierarchicalTestExecutor.execute(HierarchicalTestExecutor.java:57)
	at org.junit.platform.engine.support.hierarchical.HierarchicalTestEngine.execute(HierarchicalTestEngine.java:54)
	at org.junit.platform.launcher.core.EngineExecutionOrchestrator.execute(EngineExecutionOrchestrator.java:107)
	at org.junit.platform.launcher.core.EngineExecutionOrchestrator.execute(EngineExecutionOrchestrator.java:88)
	at org.junit.platform.launcher.core.EngineExecutionOrchestrator.lambda$execute$0(EngineExecutionOrchestrator.java:54)
	at org.junit.platform.launcher.core.EngineExecutionOrchestrator.withInterceptedStreams(EngineExecutionOrchestrator.java:67)
	at org.junit.platform.launcher.core.EngineExecutionOrchestrator.execute(EngineExecutionOrchestrator.java:52)
	at org.junit.platform.launcher.core.DefaultLauncher.execute(DefaultLauncher.java:114)
	at org.junit.platform.launcher.core.DefaultLauncher.execute(DefaultLauncher.java:86)
	at org.junit.platform.launcher.core.DefaultLauncherSession$DelegatingLauncher.execute(DefaultLauncherSession.java:86)
	at org.gradle.api.internal.tasks.testing.junitplatform.JUnitPlatformTestClassProcessor$CollectAllTestClassesExecutor.processAllTestClasses(JUnitPlatformTestClassProcessor.java:110)
	at org.gradle.api.internal.tasks.testing.junitplatform.JUnitPlatformTestClassProcessor$CollectAllTestClassesExecutor.access$000(JUnitPlatformTestClassProcessor.java:90)
	at org.gradle.api.internal.tasks.testing.junitplatform.JUnitPlatformTestClassProcessor.stop(JUnitPlatformTestClassProcessor.java:85)
	at org.gradle.api.internal.tasks.testing.SuiteTestClassProcessor.stop(SuiteTestClassProcessor.java:62)
	at java.base/jdk.internal.reflect.NativeMethodAccessorImpl.invoke0(Native Method)
	at java.base/jdk.internal.reflect.NativeMethodAccessorImpl.invoke(NativeMethodAccessorImpl.java:77)
	at java.base/jdk.internal.reflect.DelegatingMethodAccessorImpl.invoke(DelegatingMethodAccessorImpl.java:43)
	at java.base/java.lang.reflect.Method.invoke(Method.java:568)
	at org.gradle.internal.dispatch.ReflectionDispatch.dispatch(ReflectionDispatch.java:36)
	at org.gradle.internal.dispatch.ReflectionDispatch.dispatch(ReflectionDispatch.java:24)
	at org.gradle.internal.dispatch.ContextClassLoaderDispatch.dispatch(ContextClassLoaderDispatch.java:33)
	at org.gradle.internal.dispatch.ProxyDispatchAdapter$DispatchingInvocationHandler.invoke(ProxyDispatchAdapter.java:94)
	at jdk.proxy2/jdk.proxy2.$Proxy5.stop(Unknown Source)
	at org.gradle.api.internal.tasks.testing.worker.TestWorker$3.run(TestWorker.java:193)
	at org.gradle.api.internal.tasks.testing.worker.TestWorker.executeAndMaintainThreadName(TestWorker.java:129)
	at org.gradle.api.internal.tasks.testing.worker.TestWorker.execute(TestWorker.java:100)
	at org.gradle.api.internal.tasks.testing.worker.TestWorker.execute(TestWorker.java:60)
	at org.gradle.process.internal.worker.child.ActionExecutionWorker.execute(ActionExecutionWorker.java:56)
	at org.gradle.process.internal.worker.child.SystemApplicationClassLoaderWorker.call(SystemApplicationClassLoaderWorker.java:113)
	at org.gradle.process.internal.worker.child.SystemApplicationClassLoaderWorker.call(SystemApplicationClassLoaderWorker.java:65)
	at worker.org.gradle.process.internal.worker.GradleWorkerMain.run(GradleWorkerMain.java:69)
	at worker.org.gradle.process.internal.worker.GradleWorkerMain.main(GradleWorkerMain.java:74)
</failure>
  </testcase>
  <system-out><![CDATA[]]></system-out>
  <system-err><![CDATA[12807      ERROR Test worker     d.u.i.k.j.KeYJPMapping    Duplicate registration of node: boolean, formerNode: /*@ pure @*/
boolean 
12816      ERROR Test worker     d.u.i.k.j.KeYJPMapping    Duplicate registration of node: Object, formerNode: java.lang.Object 
12817      ERROR Test worker     d.u.i.k.j.KeYJPMapping    Duplicate registration of node: Object, formerNode: java.lang.Object 
12820      ERROR Test worker     d.u.i.k.j.KeYJPMapping    Duplicate registration of node: Annotation, formerNode: Annotation 
12825      ERROR Test worker     d.u.i.k.j.KeYJPMapping    Duplicate registration of node: ArithmeticException, formerNode: ArithmeticException 
12836      ERROR Test worker     d.u.i.k.j.KeYJPMapping    Duplicate registration of node: ArrayIndexOutOfBoundsException, formerNode: ArrayIndexOutOfBoundsException 
12838      ERROR Test worker     d.u.i.k.j.KeYJPMapping    Duplicate registration of node: ArrayStoreException, formerNode: ArrayStoreException 
12842      ERROR Test worker     d.u.i.k.j.KeYJPMapping    Duplicate registration of node: AssertionError, formerNode: AssertionError 
12845      ERROR Test worker     d.u.i.k.j.KeYJPMapping    Duplicate registration of node: Character, formerNode: Character 
12847      ERROR Test worker     d.u.i.k.j.KeYJPMapping    Duplicate registration of node: Class, formerNode: java.lang.Class 
12847      ERROR Test worker     d.u.i.k.j.KeYJPMapping    Duplicate registration of node: Class, formerNode: java.lang.Class 
12849      ERROR Test worker     d.u.i.k.j.KeYJPMapping    Duplicate registration of node: ClassCastException, formerNode: ClassCastException 
12853      ERROR Test worker     d.u.i.k.j.KeYJPMapping    Duplicate registration of node: CloneNotSupportedException, formerNode: CloneNotSupportedException 
12854      ERROR Test worker     d.u.i.k.j.KeYJPMapping    Duplicate registration of node: Cloneable, formerNode: Cloneable 
12856      ERROR Test worker     d.u.i.k.j.KeYJPMapping    Duplicate registration of node: Comparable, formerNode: Comparable 
12858      ERROR Test worker     d.u.i.k.j.KeYJPMapping    Duplicate registration of node: Double, formerNode: Double 
12863      ERROR Test worker     d.u.i.k.j.KeYJPMapping    Duplicate registration of node: Enum, formerNode: java.lang.Enum 
12864      ERROR Test worker     d.u.i.k.j.KeYJPMapping    Duplicate registration of node: Enum, formerNode: java.lang.Enum 
12870      ERROR Test worker     d.u.i.k.j.KeYJPMapping    Duplicate registration of node: Error, formerNode: Error 
12873      ERROR Test worker     d.u.i.k.j.KeYJPMapping    Duplicate registration of node: Exception, formerNode: Exception 
12878      ERROR Test worker     d.u.i.k.j.KeYJPMapping    Duplicate registration of node: ExceptionInInitializerError, formerNode: java.lang.ExceptionInInitializerError 
12878      ERROR Test worker     d.u.i.k.j.KeYJPMapping    Duplicate registration of node: ExceptionInInitializerError, formerNode: java.lang.ExceptionInInitializerError 
12881      ERROR Test worker     d.u.i.k.j.KeYJPMapping    Duplicate registration of node: Float, formerNode: Float 
12883      ERROR Test worker     d.u.i.k.j.KeYJPMapping    Duplicate registration of node: IllegalArgumentException, formerNode: IllegalArgumentException 
12885      ERROR Test worker     d.u.i.k.j.KeYJPMapping    Duplicate registration of node: IndexOutOfBoundsException, formerNode: IndexOutOfBoundsException 
12914      ERROR Test worker     d.u.i.k.j.KeYJPMapping    Duplicate registration of node: Integer, formerNode: java.lang.Integer 
12915      ERROR Test worker     d.u.i.k.j.KeYJPMapping    Duplicate registration of node: Integer, formerNode: java.lang.Integer 
12920      ERROR Test worker     d.u.i.k.j.KeYJPMapping    Duplicate registration of node: InterruptedException, formerNode: InterruptedException 
12923      ERROR Test worker     d.u.i.k.j.KeYJPMapping    Duplicate registration of node: Iterable, formerNode: Iterable 
12925      ERROR Test worker     d.u.i.k.j.KeYJPMapping    Duplicate registration of node: LinkageError, formerNode: LinkageError 
12943      ERROR Test worker     d.u.i.k.j.KeYJPMapping    Duplicate registration of node: Math, formerNode: Math 
12947      ERROR Test worker     d.u.i.k.j.KeYJPMapping    Duplicate registration of node: NegativeArraySizeException, formerNode: NegativeArraySizeException 
12949      ERROR Test worker     d.u.i.k.j.KeYJPMapping    Duplicate registration of node: NoClassDefFoundError, formerNode: java.lang.NoClassDefFoundError 
12949      ERROR Test worker     d.u.i.k.j.KeYJPMapping    Duplicate registration of node: NoClassDefFoundError, formerNode: java.lang.NoClassDefFoundError 
12952      ERROR Test worker     d.u.i.k.j.KeYJPMapping    Duplicate registration of node: NullPointerException, formerNode: NullPointerException 
12954      ERROR Test worker     d.u.i.k.j.KeYJPMapping    Duplicate registration of node: Number, formerNode: Number 
12958      ERROR Test worker     d.u.i.k.j.KeYJPMapping    Duplicate registration of node: NumberFormatException, formerNode: NumberFormatException 
12961      ERROR Test worker     d.u.i.k.j.KeYJPMapping    Duplicate registration of node: VirtualMachineError, formerNode: VirtualMachineError 
12964      ERROR Test worker     d.u.i.k.j.KeYJPMapping    Duplicate registration of node: OutOfMemoryError, formerNode: OutOfMemoryError 
12966      ERROR Test worker     d.u.i.k.j.KeYJPMapping    Duplicate registration of node: Runnable, formerNode: Runnable 
12969      ERROR Test worker     d.u.i.k.j.KeYJPMapping    Duplicate registration of node: RuntimeException, formerNode: RuntimeException 
12969      ERROR Test worker     d.u.i.k.j.KeYJPMapping    Duplicate registration of node: /*@pure*/
int, formerNode: int 
12981      ERROR Test worker     d.u.i.k.j.KeYJPMapping    Duplicate registration of node: /*@ helper */
int, formerNode: int 
12982      ERROR Test worker     d.u.i.k.j.KeYJPMapping    Duplicate registration of node: /*@ helper */
boolean, formerNode: /*@ pure @*/
boolean 
12998      ERROR Test worker     d.u.i.k.j.KeYJPMapping    Duplicate registration of node: /*@ helper */
java.lang.String, formerNode: java.lang.String 
13020      ERROR Test worker     d.u.i.k.j.KeYJPMapping    Duplicate registration of node: String, formerNode: java.lang.String 
13052      ERROR Test worker     d.u.i.k.j.KeYJPMapping    Duplicate registration of node: String, formerNode: java.lang.String 
13057      ERROR Test worker     d.u.i.k.j.KeYJPMapping    Duplicate registration of node: char, formerNode: /*@ helper */
char 
13060      ERROR Test worker     d.u.i.k.j.KeYJPMapping    Duplicate registration of node: StringBuffer, formerNode: StringBuffer 
13066      ERROR Test worker     d.u.i.k.j.KeYJPMapping    Duplicate registration of node: System, formerNode: System 
13074      ERROR Test worker     d.u.i.k.j.KeYJPMapping    Duplicate registration of node: Thread, formerNode: Thread 
13080      ERROR Test worker     d.u.i.k.j.KeYJPMapping    Duplicate registration of node: Throwable, formerNode: java.lang.Throwable 
13081      ERROR Test worker     d.u.i.k.j.KeYJPMapping    Duplicate registration of node: Throwable, formerNode: java.lang.Throwable 
13097      ERROR Test worker     d.u.i.k.j.KeYJPMapping    Duplicate registration of node: Collection, formerNode: Collection 
13099      ERROR Test worker     d.u.i.k.j.KeYJPMapping    Duplicate registration of node: Iterator, formerNode: java.util.Iterator 
13100      ERROR Test worker     d.u.i.k.j.KeYJPMapping    Duplicate registration of node: Iterator, formerNode: java.util.Iterator 
13136      ERROR Test worker     d.u.i.k.j.KeYJPMapping    Duplicate registration of node: List, formerNode: java.util.List 
13136      ERROR Test worker     d.u.i.k.j.KeYJPMapping    Duplicate registration of node: List, formerNode: java.util.List 
13140      ERROR Test worker     d.u.i.k.j.KeYJPMapping    Duplicate registration of node: ListIterator, formerNode: java.util.ListIterator 
13141      ERROR Test worker     d.u.i.k.j.KeYJPMapping    Duplicate registration of node: ListIterator, formerNode: java.util.ListIterator 
13143      ERROR Test worker     d.u.i.k.j.KeYJPMapping    Duplicate registration of node: Long, formerNode: Long 
13145      ERROR Test worker     d.u.i.k.j.KeYJPMapping    Duplicate registration of node: Boolean, formerNode: Boolean 
13152      ERROR Test worker     d.u.i.k.j.KeYJPMapping    Duplicate registration of node: Map, formerNode: Map 
13160      ERROR Test worker     d.u.i.k.j.KeYJPMapping    Duplicate registration of node: Set, formerNode: java.util.Set 
13160      ERROR Test worker     d.u.i.k.j.KeYJPMapping    Duplicate registration of node: Set, formerNode: java.util.Set 
13163      ERROR Test worker     d.u.i.k.j.KeYJPMapping    Duplicate registration of node: FilterOutputStream, formerNode: FilterOutputStream 
13164      ERROR Test worker     d.u.i.k.j.KeYJPMapping    Duplicate registration of node: InputStream, formerNode: java.io.InputStream 
13165      ERROR Test worker     d.u.i.k.j.KeYJPMapping    Duplicate registration of node: InputStream, formerNode: java.io.InputStream 
13169      ERROR Test worker     d.u.i.k.j.KeYJPMapping    Duplicate registration of node: IOException, formerNode: IOException 
13170      ERROR Test worker     d.u.i.k.j.KeYJPMapping    Duplicate registration of node: OutputStream, formerNode: java.io.OutputStream 
13170      ERROR Test worker     d.u.i.k.j.KeYJPMapping    Duplicate registration of node: OutputStream, formerNode: java.io.OutputStream 
13180      ERROR Test worker     d.u.i.k.j.KeYJPMapping    Duplicate registration of node: PrintStream, formerNode: java.io.PrintStream 
13180      ERROR Test worker     d.u.i.k.j.KeYJPMapping    Duplicate registration of node: PrintStream, formerNode: java.io.PrintStream 
13182      ERROR Test worker     d.u.i.k.j.KeYJPMapping    Duplicate registration of node: Serializable, formerNode: Serializable 
13184      ERROR Test worker     d.u.i.k.j.KeYJPMapping    Duplicate registration of node: BigInteger, formerNode: java.math.BigInteger 
13188      ERROR Test worker     d.u.i.k.j.KeYJPMapping    Duplicate registration of node: BigInteger, formerNode: java.math.BigInteger 
13190      ERROR Test worker     d.u.i.k.j.KeYJPMapping    Duplicate registration of node: ArrayList, formerNode: ArrayList 
13194      ERROR Test worker     d.u.i.k.j.KeYJPMapping    Duplicate registration of node: byte[], formerNode: byte[] 
13227      ERROR Test worker     d.u.i.k.j.KeYJPMapping    Duplicate registration of node: Arrays, formerNode: Arrays 
13229      ERROR Test worker     d.u.i.k.j.KeYJPMapping    Duplicate registration of node: ListIteratorImpl, formerNode: ListIteratorImpl 
13231      ERROR Test worker     d.u.i.k.j.KeYJPMapping    Duplicate registration of node: Date, formerNode: Date 
13232      ERROR Test worker     d.u.i.k.j.KeYJPMapping    Duplicate registration of node: LinkedHashMap, formerNode: LinkedHashMap 
13234      ERROR Test worker     d.u.i.k.j.KeYJPMapping    Duplicate registration of node: /*@pure@*/
String, formerNode: /*@strictly_pure*/
java.lang.String 
13235      ERROR Test worker     d.u.i.k.j.KeYJPMapping    Duplicate registration of node: LinkedList, formerNode: LinkedList 
13243      ERROR Test worker     d.u.i.k.j.KeYJPMapping    Duplicate registration of node: IntegerMethods, formerNode: IntegerMethods 
13249      ERROR Test worker     d.u.i.k.j.KeYJPMapping    Duplicate registration of node: A, formerNode: A 
13260      ERROR Test worker     d.u.i.k.j.KeYJPMapping    Duplicate registration of node: A1, formerNode: A1 
13271      ERROR Test worker     d.u.i.k.j.KeYJPMapping    Duplicate registration of value: testTermParserHeap.A testTermParserHeap.A::next;, formerValue: testTermParserHeap.A testTermParserHeap.A::next; 
13271      ERROR Test worker     d.u.i.k.j.KeYJPMapping    Duplicate registration of value: testTermParserHeap.testTermParserHeap.A testTermParserHeap.A
  testTermParserHeap.A::next;, formerValue: testTermParserHeap.testTermParserHeap.A testTermParserHeap.A
  testTermParserHeap.A::next; 
13822      ERROR Test worker     d.u.i.k.j.KeYJPMapping    Duplicate registration of node: boolean, formerNode: /*@ pure @*/
boolean 
13861      ERROR Test worker     d.u.i.k.j.KeYJPMapping    Duplicate registration of node: Object, formerNode: java.lang.Object 
13861      ERROR Test worker     d.u.i.k.j.KeYJPMapping    Duplicate registration of node: Object, formerNode: java.lang.Object 
13864      ERROR Test worker     d.u.i.k.j.KeYJPMapping    Duplicate registration of node: Annotation, formerNode: Annotation 
13869      ERROR Test worker     d.u.i.k.j.KeYJPMapping    Duplicate registration of node: ArithmeticException, formerNode: ArithmeticException 
13872      ERROR Test worker     d.u.i.k.j.KeYJPMapping    Duplicate registration of node: ArrayIndexOutOfBoundsException, formerNode: ArrayIndexOutOfBoundsException 
13874      ERROR Test worker     d.u.i.k.j.KeYJPMapping    Duplicate registration of node: ArrayStoreException, formerNode: ArrayStoreException 
13877      ERROR Test worker     d.u.i.k.j.KeYJPMapping    Duplicate registration of node: AssertionError, formerNode: AssertionError 
13881      ERROR Test worker     d.u.i.k.j.KeYJPMapping    Duplicate registration of node: Character, formerNode: Character 
13882      ERROR Test worker     d.u.i.k.j.KeYJPMapping    Duplicate registration of node: Class, formerNode: java.lang.Class 
13882      ERROR Test worker     d.u.i.k.j.KeYJPMapping    Duplicate registration of node: Class, formerNode: java.lang.Class 
13884      ERROR Test worker     d.u.i.k.j.KeYJPMapping    Duplicate registration of node: ClassCastException, formerNode: ClassCastException 
13887      ERROR Test worker     d.u.i.k.j.KeYJPMapping    Duplicate registration of node: CloneNotSupportedException, formerNode: CloneNotSupportedException 
13888      ERROR Test worker     d.u.i.k.j.KeYJPMapping    Duplicate registration of node: Cloneable, formerNode: Cloneable 
13891      ERROR Test worker     d.u.i.k.j.KeYJPMapping    Duplicate registration of node: Comparable, formerNode: Comparable 
13893      ERROR Test worker     d.u.i.k.j.KeYJPMapping    Duplicate registration of node: Double, formerNode: Double 
13897      ERROR Test worker     d.u.i.k.j.KeYJPMapping    Duplicate registration of node: Enum, formerNode: java.lang.Enum 
13898      ERROR Test worker     d.u.i.k.j.KeYJPMapping    Duplicate registration of node: Enum, formerNode: java.lang.Enum 
13906      ERROR Test worker     d.u.i.k.j.KeYJPMapping    Duplicate registration of node: Error, formerNode: Error 
13909      ERROR Test worker     d.u.i.k.j.KeYJPMapping    Duplicate registration of node: Exception, formerNode: Exception 
13913      ERROR Test worker     d.u.i.k.j.KeYJPMapping    Duplicate registration of node: ExceptionInInitializerError, formerNode: java.lang.ExceptionInInitializerError 
13914      ERROR Test worker     d.u.i.k.j.KeYJPMapping    Duplicate registration of node: ExceptionInInitializerError, formerNode: java.lang.ExceptionInInitializerError 
13927      ERROR Test worker     d.u.i.k.j.KeYJPMapping    Duplicate registration of node: Float, formerNode: Float 
13929      ERROR Test worker     d.u.i.k.j.KeYJPMapping    Duplicate registration of node: IllegalArgumentException, formerNode: IllegalArgumentException 
13931      ERROR Test worker     d.u.i.k.j.KeYJPMapping    Duplicate registration of node: IndexOutOfBoundsException, formerNode: IndexOutOfBoundsException 
13965      ERROR Test worker     d.u.i.k.j.KeYJPMapping    Duplicate registration of node: Integer, formerNode: java.lang.Integer 
13966      ERROR Test worker     d.u.i.k.j.KeYJPMapping    Duplicate registration of node: Integer, formerNode: java.lang.Integer 
13968      ERROR Test worker     d.u.i.k.j.KeYJPMapping    Duplicate registration of node: InterruptedException, formerNode: InterruptedException 
13971      ERROR Test worker     d.u.i.k.j.KeYJPMapping    Duplicate registration of node: Iterable, formerNode: Iterable 
13972      ERROR Test worker     d.u.i.k.j.KeYJPMapping    Duplicate registration of node: LinkageError, formerNode: LinkageError 
13990      ERROR Test worker     d.u.i.k.j.KeYJPMapping    Duplicate registration of node: Math, formerNode: Math 
13993      ERROR Test worker     d.u.i.k.j.KeYJPMapping    Duplicate registration of node: NegativeArraySizeException, formerNode: NegativeArraySizeException 
13997      ERROR Test worker     d.u.i.k.j.KeYJPMapping    Duplicate registration of node: NoClassDefFoundError, formerNode: java.lang.NoClassDefFoundError 
13997      ERROR Test worker     d.u.i.k.j.KeYJPMapping    Duplicate registration of node: NoClassDefFoundError, formerNode: java.lang.NoClassDefFoundError 
13999      ERROR Test worker     d.u.i.k.j.KeYJPMapping    Duplicate registration of node: NullPointerException, formerNode: NullPointerException 
14001      ERROR Test worker     d.u.i.k.j.KeYJPMapping    Duplicate registration of node: Number, formerNode: Number 
14005      ERROR Test worker     d.u.i.k.j.KeYJPMapping    Duplicate registration of node: NumberFormatException, formerNode: NumberFormatException 
14007      ERROR Test worker     d.u.i.k.j.KeYJPMapping    Duplicate registration of node: VirtualMachineError, formerNode: VirtualMachineError 
14011      ERROR Test worker     d.u.i.k.j.KeYJPMapping    Duplicate registration of node: OutOfMemoryError, formerNode: OutOfMemoryError 
14012      ERROR Test worker     d.u.i.k.j.KeYJPMapping    Duplicate registration of node: Runnable, formerNode: Runnable 
14015      ERROR Test worker     d.u.i.k.j.KeYJPMapping    Duplicate registration of node: RuntimeException, formerNode: RuntimeException 
14025      ERROR Test worker     d.u.i.k.j.KeYJPMapping    Duplicate registration of node: /*@pure*/
int, formerNode: int 
14031      ERROR Test worker     d.u.i.k.j.KeYJPMapping    Duplicate registration of node: /*@ helper */
int, formerNode: int 
14032      ERROR Test worker     d.u.i.k.j.KeYJPMapping    Duplicate registration of node: /*@ helper */
boolean, formerNode: /*@ pure @*/
boolean 
14058      ERROR Test worker     d.u.i.k.j.KeYJPMapping    Duplicate registration of node: /*@ helper */
java.lang.String, formerNode: java.lang.String 
14075      ERROR Test worker     d.u.i.k.j.KeYJPMapping    Duplicate registration of node: String, formerNode: java.lang.String 
14112      ERROR Test worker     d.u.i.k.j.KeYJPMapping    Duplicate registration of node: String, formerNode: java.lang.String 
14127      ERROR Test worker     d.u.i.k.j.KeYJPMapping    Duplicate registration of node: char, formerNode: /*@ helper */
char 
14132      ERROR Test worker     d.u.i.k.j.KeYJPMapping    Duplicate registration of node: StringBuffer, formerNode: StringBuffer 
14140      ERROR Test worker     d.u.i.k.j.KeYJPMapping    Duplicate registration of node: System, formerNode: System 
14141      ERROR Test worker     d.u.i.k.j.KeYJPMapping    Duplicate registration of node: Thread, formerNode: Thread 
14149      ERROR Test worker     d.u.i.k.j.KeYJPMapping    Duplicate registration of node: Throwable, formerNode: java.lang.Throwable 
14149      ERROR Test worker     d.u.i.k.j.KeYJPMapping    Duplicate registration of node: Throwable, formerNode: java.lang.Throwable 
14160      ERROR Test worker     d.u.i.k.j.KeYJPMapping    Duplicate registration of node: Collection, formerNode: Collection 
14162      ERROR Test worker     d.u.i.k.j.KeYJPMapping    Duplicate registration of node: Iterator, formerNode: java.util.Iterator 
14162      ERROR Test worker     d.u.i.k.j.KeYJPMapping    Duplicate registration of node: Iterator, formerNode: java.util.Iterator 
14170      ERROR Test worker     d.u.i.k.j.KeYJPMapping    Duplicate registration of node: List, formerNode: java.util.List 
14171      ERROR Test worker     d.u.i.k.j.KeYJPMapping    Duplicate registration of node: List, formerNode: java.util.List 
14176      ERROR Test worker     d.u.i.k.j.KeYJPMapping    Duplicate registration of node: ListIterator, formerNode: java.util.ListIterator 
14176      ERROR Test worker     d.u.i.k.j.KeYJPMapping    Duplicate registration of node: ListIterator, formerNode: java.util.ListIterator 
14179      ERROR Test worker     d.u.i.k.j.KeYJPMapping    Duplicate registration of node: Long, formerNode: Long 
14180      ERROR Test worker     d.u.i.k.j.KeYJPMapping    Duplicate registration of node: Boolean, formerNode: Boolean 
14190      ERROR Test worker     d.u.i.k.j.KeYJPMapping    Duplicate registration of node: Map, formerNode: Map 
14197      ERROR Test worker     d.u.i.k.j.KeYJPMapping    Duplicate registration of node: Set, formerNode: java.util.Set 
14198      ERROR Test worker     d.u.i.k.j.KeYJPMapping    Duplicate registration of node: Set, formerNode: java.util.Set 
14201      ERROR Test worker     d.u.i.k.j.KeYJPMapping    Duplicate registration of node: FilterOutputStream, formerNode: FilterOutputStream 
14202      ERROR Test worker     d.u.i.k.j.KeYJPMapping    Duplicate registration of node: InputStream, formerNode: java.io.InputStream 
14202      ERROR Test worker     d.u.i.k.j.KeYJPMapping    Duplicate registration of node: InputStream, formerNode: java.io.InputStream 
14207      ERROR Test worker     d.u.i.k.j.KeYJPMapping    Duplicate registration of node: IOException, formerNode: IOException 
14208      ERROR Test worker     d.u.i.k.j.KeYJPMapping    Duplicate registration of node: OutputStream, formerNode: java.io.OutputStream 
14208      ERROR Test worker     d.u.i.k.j.KeYJPMapping    Duplicate registration of node: OutputStream, formerNode: java.io.OutputStream 
14219      ERROR Test worker     d.u.i.k.j.KeYJPMapping    Duplicate registration of node: PrintStream, formerNode: java.io.PrintStream 
14219      ERROR Test worker     d.u.i.k.j.KeYJPMapping    Duplicate registration of node: PrintStream, formerNode: java.io.PrintStream 
14220      ERROR Test worker     d.u.i.k.j.KeYJPMapping    Duplicate registration of node: Serializable, formerNode: Serializable 
14222      ERROR Test worker     d.u.i.k.j.KeYJPMapping    Duplicate registration of node: BigInteger, formerNode: java.math.BigInteger 
14228      ERROR Test worker     d.u.i.k.j.KeYJPMapping    Duplicate registration of node: BigInteger, formerNode: java.math.BigInteger 
14230      ERROR Test worker     d.u.i.k.j.KeYJPMapping    Duplicate registration of node: ArrayList, formerNode: ArrayList 
14236      ERROR Test worker     d.u.i.k.j.KeYJPMapping    Duplicate registration of node: byte[], formerNode: byte[] 
14268      ERROR Test worker     d.u.i.k.j.KeYJPMapping    Duplicate registration of node: Arrays, formerNode: Arrays 
14270      ERROR Test worker     d.u.i.k.j.KeYJPMapping    Duplicate registration of node: ListIteratorImpl, formerNode: ListIteratorImpl 
14271      ERROR Test worker     d.u.i.k.j.KeYJPMapping    Duplicate registration of node: Date, formerNode: Date 
14273      ERROR Test worker     d.u.i.k.j.KeYJPMapping    Duplicate registration of node: LinkedHashMap, formerNode: LinkedHashMap 
14274      ERROR Test worker     d.u.i.k.j.KeYJPMapping    Duplicate registration of node: /*@pure@*/
String, formerNode: /*@strictly_pure*/
java.lang.String 
14283      ERROR Test worker     d.u.i.k.j.KeYJPMapping    Duplicate registration of node: LinkedList, formerNode: LinkedList 
14295      ERROR Test worker     d.u.i.k.j.KeYJPMapping    Duplicate registration of node: IntegerMethods, formerNode: IntegerMethods 
14301      ERROR Test worker     d.u.i.k.j.KeYJPMapping    Duplicate registration of node: A, formerNode: A 
14311      ERROR Test worker     d.u.i.k.j.KeYJPMapping    Duplicate registration of node: A1, formerNode: A1 
14322      ERROR Test worker     d.u.i.k.j.KeYJPMapping    Duplicate registration of value: testTermParserHeap.A testTermParserHeap.A::next;, formerValue: testTermParserHeap.A testTermParserHeap.A::next; 
14322      ERROR Test worker     d.u.i.k.j.KeYJPMapping    Duplicate registration of value: testTermParserHeap.testTermParserHeap.A testTermParserHeap.A
  testTermParserHeap.A::next;, formerValue: testTermParserHeap.testTermParserHeap.A testTermParserHeap.A
  testTermParserHeap.A::next; 
14793      ERROR Test worker     d.u.i.k.j.KeYJPMapping    Duplicate registration of node: boolean, formerNode: /*@ pure @*/
boolean 
14804      ERROR Test worker     d.u.i.k.j.KeYJPMapping    Duplicate registration of node: Object, formerNode: java.lang.Object 
14805      ERROR Test worker     d.u.i.k.j.KeYJPMapping    Duplicate registration of node: Object, formerNode: java.lang.Object 
14837      ERROR Test worker     d.u.i.k.j.KeYJPMapping    Duplicate registration of node: Annotation, formerNode: Annotation 
14841      ERROR Test worker     d.u.i.k.j.KeYJPMapping    Duplicate registration of node: ArithmeticException, formerNode: ArithmeticException 
14844      ERROR Test worker     d.u.i.k.j.KeYJPMapping    Duplicate registration of node: ArrayIndexOutOfBoundsException, formerNode: ArrayIndexOutOfBoundsException 
14847      ERROR Test worker     d.u.i.k.j.KeYJPMapping    Duplicate registration of node: ArrayStoreException, formerNode: ArrayStoreException 
14851      ERROR Test worker     d.u.i.k.j.KeYJPMapping    Duplicate registration of node: AssertionError, formerNode: AssertionError 
14853      ERROR Test worker     d.u.i.k.j.KeYJPMapping    Duplicate registration of node: Character, formerNode: Character 
14854      ERROR Test worker     d.u.i.k.j.KeYJPMapping    Duplicate registration of node: Class, formerNode: java.lang.Class 
14855      ERROR Test worker     d.u.i.k.j.KeYJPMapping    Duplicate registration of node: Class, formerNode: java.lang.Class 
14857      ERROR Test worker     d.u.i.k.j.KeYJPMapping    Duplicate registration of node: ClassCastException, formerNode: ClassCastException 
14860      ERROR Test worker     d.u.i.k.j.KeYJPMapping    Duplicate registration of node: CloneNotSupportedException, formerNode: CloneNotSupportedException 
14861      ERROR Test worker     d.u.i.k.j.KeYJPMapping    Duplicate registration of node: Cloneable, formerNode: Cloneable 
14863      ERROR Test worker     d.u.i.k.j.KeYJPMapping    Duplicate registration of node: Comparable, formerNode: Comparable 
14865      ERROR Test worker     d.u.i.k.j.KeYJPMapping    Duplicate registration of node: Double, formerNode: Double 
14869      ERROR Test worker     d.u.i.k.j.KeYJPMapping    Duplicate registration of node: Enum, formerNode: java.lang.Enum 
14869      ERROR Test worker     d.u.i.k.j.KeYJPMapping    Duplicate registration of node: Enum, formerNode: java.lang.Enum 
14874      ERROR Test worker     d.u.i.k.j.KeYJPMapping    Duplicate registration of node: Error, formerNode: Error 
14877      ERROR Test worker     d.u.i.k.j.KeYJPMapping    Duplicate registration of node: Exception, formerNode: Exception 
14881      ERROR Test worker     d.u.i.k.j.KeYJPMapping    Duplicate registration of node: ExceptionInInitializerError, formerNode: java.lang.ExceptionInInitializerError 
14881      ERROR Test worker     d.u.i.k.j.KeYJPMapping    Duplicate registration of node: ExceptionInInitializerError, formerNode: java.lang.ExceptionInInitializerError 
14883      ERROR Test worker     d.u.i.k.j.KeYJPMapping    Duplicate registration of node: Float, formerNode: Float 
14898      ERROR Test worker     d.u.i.k.j.KeYJPMapping    Duplicate registration of node: IllegalArgumentException, formerNode: IllegalArgumentException 
14900      ERROR Test worker     d.u.i.k.j.KeYJPMapping    Duplicate registration of node: IndexOutOfBoundsException, formerNode: IndexOutOfBoundsException 
14955      ERROR Test worker     d.u.i.k.j.KeYJPMapping    Duplicate registration of node: Integer, formerNode: java.lang.Integer 
14956      ERROR Test worker     d.u.i.k.j.KeYJPMapping    Duplicate registration of node: Integer, formerNode: java.lang.Integer 
14958      ERROR Test worker     d.u.i.k.j.KeYJPMapping    Duplicate registration of node: InterruptedException, formerNode: InterruptedException 
14961      ERROR Test worker     d.u.i.k.j.KeYJPMapping    Duplicate registration of node: Iterable, formerNode: Iterable 
14962      ERROR Test worker     d.u.i.k.j.KeYJPMapping    Duplicate registration of node: LinkageError, formerNode: LinkageError 
14980      ERROR Test worker     d.u.i.k.j.KeYJPMapping    Duplicate registration of node: Math, formerNode: Math 
14983      ERROR Test worker     d.u.i.k.j.KeYJPMapping    Duplicate registration of node: NegativeArraySizeException, formerNode: NegativeArraySizeException 
14986      ERROR Test worker     d.u.i.k.j.KeYJPMapping    Duplicate registration of node: NoClassDefFoundError, formerNode: java.lang.NoClassDefFoundError 
14986      ERROR Test worker     d.u.i.k.j.KeYJPMapping    Duplicate registration of node: NoClassDefFoundError, formerNode: java.lang.NoClassDefFoundError 
14989      ERROR Test worker     d.u.i.k.j.KeYJPMapping    Duplicate registration of node: NullPointerException, formerNode: NullPointerException 
14992      ERROR Test worker     d.u.i.k.j.KeYJPMapping    Duplicate registration of node: Number, formerNode: Number 
14996      ERROR Test worker     d.u.i.k.j.KeYJPMapping    Duplicate registration of node: NumberFormatException, formerNode: NumberFormatException 
15005      ERROR Test worker     d.u.i.k.j.KeYJPMapping    Duplicate registration of node: VirtualMachineError, formerNode: VirtualMachineError 
15008      ERROR Test worker     d.u.i.k.j.KeYJPMapping    Duplicate registration of node: OutOfMemoryError, formerNode: OutOfMemoryError 
15009      ERROR Test worker     d.u.i.k.j.KeYJPMapping    Duplicate registration of node: Runnable, formerNode: Runnable 
15012      ERROR Test worker     d.u.i.k.j.KeYJPMapping    Duplicate registration of node: RuntimeException, formerNode: RuntimeException 
15012      ERROR Test worker     d.u.i.k.j.KeYJPMapping    Duplicate registration of node: /*@pure*/
int, formerNode: int 
15027      ERROR Test worker     d.u.i.k.j.KeYJPMapping    Duplicate registration of node: /*@ helper */
int, formerNode: int 
15027      ERROR Test worker     d.u.i.k.j.KeYJPMapping    Duplicate registration of node: /*@ helper */
boolean, formerNode: /*@ pure @*/
boolean 
15050      ERROR Test worker     d.u.i.k.j.KeYJPMapping    Duplicate registration of node: /*@ helper */
java.lang.String, formerNode: java.lang.String 
15082      ERROR Test worker     d.u.i.k.j.KeYJPMapping    Duplicate registration of node: String, formerNode: java.lang.String 
15114      ERROR Test worker     d.u.i.k.j.KeYJPMapping    Duplicate registration of node: String, formerNode: java.lang.String 
15121      ERROR Test worker     d.u.i.k.j.KeYJPMapping    Duplicate registration of node: char, formerNode: /*@ helper */
char 
15125      ERROR Test worker     d.u.i.k.j.KeYJPMapping    Duplicate registration of node: StringBuffer, formerNode: StringBuffer 
15132      ERROR Test worker     d.u.i.k.j.KeYJPMapping    Duplicate registration of node: System, formerNode: System 
15134      ERROR Test worker     d.u.i.k.j.KeYJPMapping    Duplicate registration of node: Thread, formerNode: Thread 
15141      ERROR Test worker     d.u.i.k.j.KeYJPMapping    Duplicate registration of node: Throwable, formerNode: java.lang.Throwable 
15142      ERROR Test worker     d.u.i.k.j.KeYJPMapping    Duplicate registration of node: Throwable, formerNode: java.lang.Throwable 
15154      ERROR Test worker     d.u.i.k.j.KeYJPMapping    Duplicate registration of node: Collection, formerNode: Collection 
15155      ERROR Test worker     d.u.i.k.j.KeYJPMapping    Duplicate registration of node: Iterator, formerNode: java.util.Iterator 
15156      ERROR Test worker     d.u.i.k.j.KeYJPMapping    Duplicate registration of node: Iterator, formerNode: java.util.Iterator 
15162      ERROR Test worker     d.u.i.k.j.KeYJPMapping    Duplicate registration of node: List, formerNode: java.util.List 
15163      ERROR Test worker     d.u.i.k.j.KeYJPMapping    Duplicate registration of node: List, formerNode: java.util.List 
15167      ERROR Test worker     d.u.i.k.j.KeYJPMapping    Duplicate registration of node: ListIterator, formerNode: java.util.ListIterator 
15167      ERROR Test worker     d.u.i.k.j.KeYJPMapping    Duplicate registration of node: ListIterator, formerNode: java.util.ListIterator 
15170      ERROR Test worker     d.u.i.k.j.KeYJPMapping    Duplicate registration of node: Long, formerNode: Long 
15171      ERROR Test worker     d.u.i.k.j.KeYJPMapping    Duplicate registration of node: Boolean, formerNode: Boolean 
15178      ERROR Test worker     d.u.i.k.j.KeYJPMapping    Duplicate registration of node: Map, formerNode: Map 
15184      ERROR Test worker     d.u.i.k.j.KeYJPMapping    Duplicate registration of node: Set, formerNode: java.util.Set 
15185      ERROR Test worker     d.u.i.k.j.KeYJPMapping    Duplicate registration of node: Set, formerNode: java.util.Set 
15189      ERROR Test worker     d.u.i.k.j.KeYJPMapping    Duplicate registration of node: FilterOutputStream, formerNode: FilterOutputStream 
15190      ERROR Test worker     d.u.i.k.j.KeYJPMapping    Duplicate registration of node: InputStream, formerNode: java.io.InputStream 
15190      ERROR Test worker     d.u.i.k.j.KeYJPMapping    Duplicate registration of node: InputStream, formerNode: java.io.InputStream 
15195      ERROR Test worker     d.u.i.k.j.KeYJPMapping    Duplicate registration of node: IOException, formerNode: IOException 
15195      ERROR Test worker     d.u.i.k.j.KeYJPMapping    Duplicate registration of node: OutputStream, formerNode: java.io.OutputStream 
15196      ERROR Test worker     d.u.i.k.j.KeYJPMapping    Duplicate registration of node: OutputStream, formerNode: java.io.OutputStream 
15205      ERROR Test worker     d.u.i.k.j.KeYJPMapping    Duplicate registration of node: PrintStream, formerNode: java.io.PrintStream 
15206      ERROR Test worker     d.u.i.k.j.KeYJPMapping    Duplicate registration of node: PrintStream, formerNode: java.io.PrintStream 
15207      ERROR Test worker     d.u.i.k.j.KeYJPMapping    Duplicate registration of node: Serializable, formerNode: Serializable 
15209      ERROR Test worker     d.u.i.k.j.KeYJPMapping    Duplicate registration of node: BigInteger, formerNode: java.math.BigInteger 
15213      ERROR Test worker     d.u.i.k.j.KeYJPMapping    Duplicate registration of node: BigInteger, formerNode: java.math.BigInteger 
15215      ERROR Test worker     d.u.i.k.j.KeYJPMapping    Duplicate registration of node: ArrayList, formerNode: ArrayList 
15224      ERROR Test worker     d.u.i.k.j.KeYJPMapping    Duplicate registration of node: byte[], formerNode: byte[] 
15258      ERROR Test worker     d.u.i.k.j.KeYJPMapping    Duplicate registration of node: Arrays, formerNode: Arrays 
15262      ERROR Test worker     d.u.i.k.j.KeYJPMapping    Duplicate registration of node: ListIteratorImpl, formerNode: ListIteratorImpl 
15263      ERROR Test worker     d.u.i.k.j.KeYJPMapping    Duplicate registration of node: Date, formerNode: Date 
15265      ERROR Test worker     d.u.i.k.j.KeYJPMapping    Duplicate registration of node: LinkedHashMap, formerNode: LinkedHashMap 
15266      ERROR Test worker     d.u.i.k.j.KeYJPMapping    Duplicate registration of node: /*@pure@*/
String, formerNode: /*@strictly_pure*/
java.lang.String 
15268      ERROR Test worker     d.u.i.k.j.KeYJPMapping    Duplicate registration of node: LinkedList, formerNode: LinkedList 
15272      ERROR Test worker     d.u.i.k.j.KeYJPMapping    Duplicate registration of node: IntegerMethods, formerNode: IntegerMethods 
15279      ERROR Test worker     d.u.i.k.j.KeYJPMapping    Duplicate registration of node: A, formerNode: A 
15287      ERROR Test worker     d.u.i.k.j.KeYJPMapping    Duplicate registration of node: A1, formerNode: A1 
15299      ERROR Test worker     d.u.i.k.j.KeYJPMapping    Duplicate registration of value: testTermParserHeap.A testTermParserHeap.A::next;, formerValue: testTermParserHeap.A testTermParserHeap.A::next; 
15299      ERROR Test worker     d.u.i.k.j.KeYJPMapping    Duplicate registration of value: testTermParserHeap.testTermParserHeap.A testTermParserHeap.A
  testTermParserHeap.A::next;, formerValue: testTermParserHeap.testTermParserHeap.A testTermParserHeap.A
  testTermParserHeap.A::next; 
15678      ERROR Test worker     d.u.i.k.j.KeYJPMapping    Duplicate registration of node: boolean, formerNode: /*@ pure @*/
boolean 
15685      ERROR Test worker     d.u.i.k.j.KeYJPMapping    Duplicate registration of node: Object, formerNode: java.lang.Object 
15686      ERROR Test worker     d.u.i.k.j.KeYJPMapping    Duplicate registration of node: Object, formerNode: java.lang.Object 
15688      ERROR Test worker     d.u.i.k.j.KeYJPMapping    Duplicate registration of node: Annotation, formerNode: Annotation 
15723      ERROR Test worker     d.u.i.k.j.KeYJPMapping    Duplicate registration of node: ArithmeticException, formerNode: ArithmeticException 
15726      ERROR Test worker     d.u.i.k.j.KeYJPMapping    Duplicate registration of node: ArrayIndexOutOfBoundsException, formerNode: ArrayIndexOutOfBoundsException 
15730      ERROR Test worker     d.u.i.k.j.KeYJPMapping    Duplicate registration of node: ArrayStoreException, formerNode: ArrayStoreException 
15733      ERROR Test worker     d.u.i.k.j.KeYJPMapping    Duplicate registration of node: AssertionError, formerNode: AssertionError 
15736      ERROR Test worker     d.u.i.k.j.KeYJPMapping    Duplicate registration of node: Character, formerNode: Character 
15736      ERROR Test worker     d.u.i.k.j.KeYJPMapping    Duplicate registration of node: Class, formerNode: java.lang.Class 
15737      ERROR Test worker     d.u.i.k.j.KeYJPMapping    Duplicate registration of node: Class, formerNode: java.lang.Class 
15738      ERROR Test worker     d.u.i.k.j.KeYJPMapping    Duplicate registration of node: ClassCastException, formerNode: ClassCastException 
15742      ERROR Test worker     d.u.i.k.j.KeYJPMapping    Duplicate registration of node: CloneNotSupportedException, formerNode: CloneNotSupportedException 
15743      ERROR Test worker     d.u.i.k.j.KeYJPMapping    Duplicate registration of node: Cloneable, formerNode: Cloneable 
15746      ERROR Test worker     d.u.i.k.j.KeYJPMapping    Duplicate registration of node: Comparable, formerNode: Comparable 
15748      ERROR Test worker     d.u.i.k.j.KeYJPMapping    Duplicate registration of node: Double, formerNode: Double 
15752      ERROR Test worker     d.u.i.k.j.KeYJPMapping    Duplicate registration of node: Enum, formerNode: java.lang.Enum 
15752      ERROR Test worker     d.u.i.k.j.KeYJPMapping    Duplicate registration of node: Enum, formerNode: java.lang.Enum 
15756      ERROR Test worker     d.u.i.k.j.KeYJPMapping    Duplicate registration of node: Error, formerNode: Error 
15758      ERROR Test worker     d.u.i.k.j.KeYJPMapping    Duplicate registration of node: Exception, formerNode: Exception 
15763      ERROR Test worker     d.u.i.k.j.KeYJPMapping    Duplicate registration of node: ExceptionInInitializerError, formerNode: java.lang.ExceptionInInitializerError 
15763      ERROR Test worker     d.u.i.k.j.KeYJPMapping    Duplicate registration of node: ExceptionInInitializerError, formerNode: java.lang.ExceptionInInitializerError 
15765      ERROR Test worker     d.u.i.k.j.KeYJPMapping    Duplicate registration of node: Float, formerNode: Float 
15767      ERROR Test worker     d.u.i.k.j.KeYJPMapping    Duplicate registration of node: IllegalArgumentException, formerNode: IllegalArgumentException 
15768      ERROR Test worker     d.u.i.k.j.KeYJPMapping    Duplicate registration of node: IndexOutOfBoundsException, formerNode: IndexOutOfBoundsException 
15789      ERROR Test worker     d.u.i.k.j.KeYJPMapping    Duplicate registration of node: Integer, formerNode: java.lang.Integer 
15790      ERROR Test worker     d.u.i.k.j.KeYJPMapping    Duplicate registration of node: Integer, formerNode: java.lang.Integer 
15793      ERROR Test worker     d.u.i.k.j.KeYJPMapping    Duplicate registration of node: InterruptedException, formerNode: InterruptedException 
15795      ERROR Test worker     d.u.i.k.j.KeYJPMapping    Duplicate registration of node: Iterable, formerNode: Iterable 
15796      ERROR Test worker     d.u.i.k.j.KeYJPMapping    Duplicate registration of node: LinkageError, formerNode: LinkageError 
15814      ERROR Test worker     d.u.i.k.j.KeYJPMapping    Duplicate registration of node: Math, formerNode: Math 
15820      ERROR Test worker     d.u.i.k.j.KeYJPMapping    Duplicate registration of node: NegativeArraySizeException, formerNode: NegativeArraySizeException 
15822      ERROR Test worker     d.u.i.k.j.KeYJPMapping    Duplicate registration of node: NoClassDefFoundError, formerNode: java.lang.NoClassDefFoundError 
15831      ERROR Test worker     d.u.i.k.j.KeYJPMapping    Duplicate registration of node: NoClassDefFoundError, formerNode: java.lang.NoClassDefFoundError 
15834      ERROR Test worker     d.u.i.k.j.KeYJPMapping    Duplicate registration of node: NullPointerException, formerNode: NullPointerException 
15838      ERROR Test worker     d.u.i.k.j.KeYJPMapping    Duplicate registration of node: Number, formerNode: Number 
15841      ERROR Test worker     d.u.i.k.j.KeYJPMapping    Duplicate registration of node: NumberFormatException, formerNode: NumberFormatException 
15847      ERROR Test worker     d.u.i.k.j.KeYJPMapping    Duplicate registration of node: VirtualMachineError, formerNode: VirtualMachineError 
15855      ERROR Test worker     d.u.i.k.j.KeYJPMapping    Duplicate registration of node: OutOfMemoryError, formerNode: OutOfMemoryError 
15858      ERROR Test worker     d.u.i.k.j.KeYJPMapping    Duplicate registration of node: Runnable, formerNode: Runnable 
15865      ERROR Test worker     d.u.i.k.j.KeYJPMapping    Duplicate registration of node: RuntimeException, formerNode: RuntimeException 
15875      ERROR Test worker     d.u.i.k.j.KeYJPMapping    Duplicate registration of node: /*@pure*/
int, formerNode: int 
15880      ERROR Test worker     d.u.i.k.j.KeYJPMapping    Duplicate registration of node: /*@ helper */
int, formerNode: int 
15881      ERROR Test worker     d.u.i.k.j.KeYJPMapping    Duplicate registration of node: /*@ helper */
boolean, formerNode: /*@ pure @*/
boolean 
15903      ERROR Test worker     d.u.i.k.j.KeYJPMapping    Duplicate registration of node: /*@ helper */
java.lang.String, formerNode: java.lang.String 
15942      ERROR Test worker     d.u.i.k.j.KeYJPMapping    Duplicate registration of node: String, formerNode: java.lang.String 
15995      ERROR Test worker     d.u.i.k.j.KeYJPMapping    Duplicate registration of node: String, formerNode: java.lang.String 
16003      ERROR Test worker     d.u.i.k.j.KeYJPMapping    Duplicate registration of node: char, formerNode: /*@ helper */
char 
16015      ERROR Test worker     d.u.i.k.j.KeYJPMapping    Duplicate registration of node: StringBuffer, formerNode: StringBuffer 
16025      ERROR Test worker     d.u.i.k.j.KeYJPMapping    Duplicate registration of node: System, formerNode: System 
16027      ERROR Test worker     d.u.i.k.j.KeYJPMapping    Duplicate registration of node: Thread, formerNode: Thread 
16039      ERROR Test worker     d.u.i.k.j.KeYJPMapping    Duplicate registration of node: Throwable, formerNode: java.lang.Throwable 
16040      ERROR Test worker     d.u.i.k.j.KeYJPMapping    Duplicate registration of node: Throwable, formerNode: java.lang.Throwable 
16048      ERROR Test worker     d.u.i.k.j.KeYJPMapping    Duplicate registration of node: Collection, formerNode: Collection 
16059      ERROR Test worker     d.u.i.k.j.KeYJPMapping    Duplicate registration of node: Iterator, formerNode: java.util.Iterator 
16059      ERROR Test worker     d.u.i.k.j.KeYJPMapping    Duplicate registration of node: Iterator, formerNode: java.util.Iterator 
16073      ERROR Test worker     d.u.i.k.j.KeYJPMapping    Duplicate registration of node: List, formerNode: java.util.List 
16074      ERROR Test worker     d.u.i.k.j.KeYJPMapping    Duplicate registration of node: List, formerNode: java.util.List 
16085      ERROR Test worker     d.u.i.k.j.KeYJPMapping    Duplicate registration of node: ListIterator, formerNode: java.util.ListIterator 
16086      ERROR Test worker     d.u.i.k.j.KeYJPMapping    Duplicate registration of node: ListIterator, formerNode: java.util.ListIterator 
16088      ERROR Test worker     d.u.i.k.j.KeYJPMapping    Duplicate registration of node: Long, formerNode: Long 
16091      ERROR Test worker     d.u.i.k.j.KeYJPMapping    Duplicate registration of node: Boolean, formerNode: Boolean 
16105      ERROR Test worker     d.u.i.k.j.KeYJPMapping    Duplicate registration of node: Map, formerNode: Map 
16113      ERROR Test worker     d.u.i.k.j.KeYJPMapping    Duplicate registration of node: Set, formerNode: java.util.Set 
16123      ERROR Test worker     d.u.i.k.j.KeYJPMapping    Duplicate registration of node: Set, formerNode: java.util.Set 
16126      ERROR Test worker     d.u.i.k.j.KeYJPMapping    Duplicate registration of node: FilterOutputStream, formerNode: FilterOutputStream 
16127      ERROR Test worker     d.u.i.k.j.KeYJPMapping    Duplicate registration of node: InputStream, formerNode: java.io.InputStream 
16131      ERROR Test worker     d.u.i.k.j.KeYJPMapping    Duplicate registration of node: InputStream, formerNode: java.io.InputStream 
16134      ERROR Test worker     d.u.i.k.j.KeYJPMapping    Duplicate registration of node: IOException, formerNode: IOException 
16139      ERROR Test worker     d.u.i.k.j.KeYJPMapping    Duplicate registration of node: OutputStream, formerNode: java.io.OutputStream 
16140      ERROR Test worker     d.u.i.k.j.KeYJPMapping    Duplicate registration of node: OutputStream, formerNode: java.io.OutputStream 
16156      ERROR Test worker     d.u.i.k.j.KeYJPMapping    Duplicate registration of node: PrintStream, formerNode: java.io.PrintStream 
16157      ERROR Test worker     d.u.i.k.j.KeYJPMapping    Duplicate registration of node: PrintStream, formerNode: java.io.PrintStream 
16158      ERROR Test worker     d.u.i.k.j.KeYJPMapping    Duplicate registration of node: Serializable, formerNode: Serializable 
16169      ERROR Test worker     d.u.i.k.j.KeYJPMapping    Duplicate registration of node: BigInteger, formerNode: java.math.BigInteger 
16172      ERROR Test worker     d.u.i.k.j.KeYJPMapping    Duplicate registration of node: BigInteger, formerNode: java.math.BigInteger 
16174      ERROR Test worker     d.u.i.k.j.KeYJPMapping    Duplicate registration of node: ArrayList, formerNode: ArrayList 
16178      ERROR Test worker     d.u.i.k.j.KeYJPMapping    Duplicate registration of node: byte[], formerNode: byte[] 
16223      ERROR Test worker     d.u.i.k.j.KeYJPMapping    Duplicate registration of node: Arrays, formerNode: Arrays 
16225      ERROR Test worker     d.u.i.k.j.KeYJPMapping    Duplicate registration of node: ListIteratorImpl, formerNode: ListIteratorImpl 
16226      ERROR Test worker     d.u.i.k.j.KeYJPMapping    Duplicate registration of node: Date, formerNode: Date 
16227      ERROR Test worker     d.u.i.k.j.KeYJPMapping    Duplicate registration of node: LinkedHashMap, formerNode: LinkedHashMap 
16228      ERROR Test worker     d.u.i.k.j.KeYJPMapping    Duplicate registration of node: /*@pure@*/
String, formerNode: /*@strictly_pure*/
java.lang.String 
16229      ERROR Test worker     d.u.i.k.j.KeYJPMapping    Duplicate registration of node: LinkedList, formerNode: LinkedList 
16236      ERROR Test worker     d.u.i.k.j.KeYJPMapping    Duplicate registration of node: IntegerMethods, formerNode: IntegerMethods 
16245      ERROR Test worker     d.u.i.k.j.KeYJPMapping    Duplicate registration of node: A, formerNode: A 
16258      ERROR Test worker     d.u.i.k.j.KeYJPMapping    Duplicate registration of node: A1, formerNode: A1 
16268      ERROR Test worker     d.u.i.k.j.KeYJPMapping    Duplicate registration of value: testTermParserHeap.A testTermParserHeap.A::next;, formerValue: testTermParserHeap.A testTermParserHeap.A::next; 
16269      ERROR Test worker     d.u.i.k.j.KeYJPMapping    Duplicate registration of value: testTermParserHeap.testTermParserHeap.A testTermParserHeap.A
  testTermParserHeap.A::next;, formerValue: testTermParserHeap.testTermParserHeap.A testTermParserHeap.A
  testTermParserHeap.A::next; 
16692      ERROR Test worker     d.u.i.k.j.KeYJPMapping    Duplicate registration of node: boolean, formerNode: /*@ pure @*/
boolean 
16699      ERROR Test worker     d.u.i.k.j.KeYJPMapping    Duplicate registration of node: Object, formerNode: java.lang.Object 
16700      ERROR Test worker     d.u.i.k.j.KeYJPMapping    Duplicate registration of node: Object, formerNode: java.lang.Object 
16702      ERROR Test worker     d.u.i.k.j.KeYJPMapping    Duplicate registration of node: Annotation, formerNode: Annotation 
16705      ERROR Test worker     d.u.i.k.j.KeYJPMapping    Duplicate registration of node: ArithmeticException, formerNode: ArithmeticException 
16710      ERROR Test worker     d.u.i.k.j.KeYJPMapping    Duplicate registration of node: ArrayIndexOutOfBoundsException, formerNode: ArrayIndexOutOfBoundsException 
16712      ERROR Test worker     d.u.i.k.j.KeYJPMapping    Duplicate registration of node: ArrayStoreException, formerNode: ArrayStoreException 
16715      ERROR Test worker     d.u.i.k.j.KeYJPMapping    Duplicate registration of node: AssertionError, formerNode: AssertionError 
16720      ERROR Test worker     d.u.i.k.j.KeYJPMapping    Duplicate registration of node: Character, formerNode: Character 
16721      ERROR Test worker     d.u.i.k.j.KeYJPMapping    Duplicate registration of node: Class, formerNode: java.lang.Class 
16722      ERROR Test worker     d.u.i.k.j.KeYJPMapping    Duplicate registration of node: Class, formerNode: java.lang.Class 
16723      ERROR Test worker     d.u.i.k.j.KeYJPMapping    Duplicate registration of node: ClassCastException, formerNode: ClassCastException 
16725      ERROR Test worker     d.u.i.k.j.KeYJPMapping    Duplicate registration of node: CloneNotSupportedException, formerNode: CloneNotSupportedException 
16727      ERROR Test worker     d.u.i.k.j.KeYJPMapping    Duplicate registration of node: Cloneable, formerNode: Cloneable 
16728      ERROR Test worker     d.u.i.k.j.KeYJPMapping    Duplicate registration of node: Comparable, formerNode: Comparable 
16729      ERROR Test worker     d.u.i.k.j.KeYJPMapping    Duplicate registration of node: Double, formerNode: Double 
16733      ERROR Test worker     d.u.i.k.j.KeYJPMapping    Duplicate registration of node: Enum, formerNode: java.lang.Enum 
16734      ERROR Test worker     d.u.i.k.j.KeYJPMapping    Duplicate registration of node: Enum, formerNode: java.lang.Enum 
16737      ERROR Test worker     d.u.i.k.j.KeYJPMapping    Duplicate registration of node: Error, formerNode: Error 
16740      ERROR Test worker     d.u.i.k.j.KeYJPMapping    Duplicate registration of node: Exception, formerNode: Exception 
16744      ERROR Test worker     d.u.i.k.j.KeYJPMapping    Duplicate registration of node: ExceptionInInitializerError, formerNode: java.lang.ExceptionInInitializerError 
16744      ERROR Test worker     d.u.i.k.j.KeYJPMapping    Duplicate registration of node: ExceptionInInitializerError, formerNode: java.lang.ExceptionInInitializerError 
16746      ERROR Test worker     d.u.i.k.j.KeYJPMapping    Duplicate registration of node: Float, formerNode: Float 
16748      ERROR Test worker     d.u.i.k.j.KeYJPMapping    Duplicate registration of node: IllegalArgumentException, formerNode: IllegalArgumentException 
16749      ERROR Test worker     d.u.i.k.j.KeYJPMapping    Duplicate registration of node: IndexOutOfBoundsException, formerNode: IndexOutOfBoundsException 
16770      ERROR Test worker     d.u.i.k.j.KeYJPMapping    Duplicate registration of node: Integer, formerNode: java.lang.Integer 
16771      ERROR Test worker     d.u.i.k.j.KeYJPMapping    Duplicate registration of node: Integer, formerNode: java.lang.Integer 
16773      ERROR Test worker     d.u.i.k.j.KeYJPMapping    Duplicate registration of node: InterruptedException, formerNode: InterruptedException 
16775      ERROR Test worker     d.u.i.k.j.KeYJPMapping    Duplicate registration of node: Iterable, formerNode: Iterable 
16776      ERROR Test worker     d.u.i.k.j.KeYJPMapping    Duplicate registration of node: LinkageError, formerNode: LinkageError 
16791      ERROR Test worker     d.u.i.k.j.KeYJPMapping    Duplicate registration of node: Math, formerNode: Math 
16794      ERROR Test worker     d.u.i.k.j.KeYJPMapping    Duplicate registration of node: NegativeArraySizeException, formerNode: NegativeArraySizeException 
16795      ERROR Test worker     d.u.i.k.j.KeYJPMapping    Duplicate registration of node: NoClassDefFoundError, formerNode: java.lang.NoClassDefFoundError 
16795      ERROR Test worker     d.u.i.k.j.KeYJPMapping    Duplicate registration of node: NoClassDefFoundError, formerNode: java.lang.NoClassDefFoundError 
16797      ERROR Test worker     d.u.i.k.j.KeYJPMapping    Duplicate registration of node: NullPointerException, formerNode: NullPointerException 
16800      ERROR Test worker     d.u.i.k.j.KeYJPMapping    Duplicate registration of node: Number, formerNode: Number 
16802      ERROR Test worker     d.u.i.k.j.KeYJPMapping    Duplicate registration of node: NumberFormatException, formerNode: NumberFormatException 
16804      ERROR Test worker     d.u.i.k.j.KeYJPMapping    Duplicate registration of node: VirtualMachineError, formerNode: VirtualMachineError 
16807      ERROR Test worker     d.u.i.k.j.KeYJPMapping    Duplicate registration of node: OutOfMemoryError, formerNode: OutOfMemoryError 
16808      ERROR Test worker     d.u.i.k.j.KeYJPMapping    Duplicate registration of node: Runnable, formerNode: Runnable 
16811      ERROR Test worker     d.u.i.k.j.KeYJPMapping    Duplicate registration of node: RuntimeException, formerNode: RuntimeException 
16811      ERROR Test worker     d.u.i.k.j.KeYJPMapping    Duplicate registration of node: /*@pure*/
int, formerNode: int 
16816      ERROR Test worker     d.u.i.k.j.KeYJPMapping    Duplicate registration of node: /*@ helper */
int, formerNode: int 
16823      ERROR Test worker     d.u.i.k.j.KeYJPMapping    Duplicate registration of node: /*@ helper */
boolean, formerNode: /*@ pure @*/
boolean 
16836      ERROR Test worker     d.u.i.k.j.KeYJPMapping    Duplicate registration of node: /*@ helper */
java.lang.String, formerNode: java.lang.String 
16849      ERROR Test worker     d.u.i.k.j.KeYJPMapping    Duplicate registration of node: String, formerNode: java.lang.String 
16876      ERROR Test worker     d.u.i.k.j.KeYJPMapping    Duplicate registration of node: String, formerNode: java.lang.String 
16879      ERROR Test worker     d.u.i.k.j.KeYJPMapping    Duplicate registration of node: char, formerNode: /*@ helper */
char 
16881      ERROR Test worker     d.u.i.k.j.KeYJPMapping    Duplicate registration of node: StringBuffer, formerNode: StringBuffer 
16887      ERROR Test worker     d.u.i.k.j.KeYJPMapping    Duplicate registration of node: System, formerNode: System 
16888      ERROR Test worker     d.u.i.k.j.KeYJPMapping    Duplicate registration of node: Thread, formerNode: Thread 
16892      ERROR Test worker     d.u.i.k.j.KeYJPMapping    Duplicate registration of node: Throwable, formerNode: java.lang.Throwable 
16892      ERROR Test worker     d.u.i.k.j.KeYJPMapping    Duplicate registration of node: Throwable, formerNode: java.lang.Throwable 
16900      ERROR Test worker     d.u.i.k.j.KeYJPMapping    Duplicate registration of node: Collection, formerNode: Collection 
16901      ERROR Test worker     d.u.i.k.j.KeYJPMapping    Duplicate registration of node: Iterator, formerNode: java.util.Iterator 
16902      ERROR Test worker     d.u.i.k.j.KeYJPMapping    Duplicate registration of node: Iterator, formerNode: java.util.Iterator 
16908      ERROR Test worker     d.u.i.k.j.KeYJPMapping    Duplicate registration of node: List, formerNode: java.util.List 
16909      ERROR Test worker     d.u.i.k.j.KeYJPMapping    Duplicate registration of node: List, formerNode: java.util.List 
16912      ERROR Test worker     d.u.i.k.j.KeYJPMapping    Duplicate registration of node: ListIterator, formerNode: java.util.ListIterator 
16913      ERROR Test worker     d.u.i.k.j.KeYJPMapping    Duplicate registration of node: ListIterator, formerNode: java.util.ListIterator 
16915      ERROR Test worker     d.u.i.k.j.KeYJPMapping    Duplicate registration of node: Long, formerNode: Long 
16920      ERROR Test worker     d.u.i.k.j.KeYJPMapping    Duplicate registration of node: Boolean, formerNode: Boolean 
16930      ERROR Test worker     d.u.i.k.j.KeYJPMapping    Duplicate registration of node: Map, formerNode: Map 
16936      ERROR Test worker     d.u.i.k.j.KeYJPMapping    Duplicate registration of node: Set, formerNode: java.util.Set 
16937      ERROR Test worker     d.u.i.k.j.KeYJPMapping    Duplicate registration of node: Set, formerNode: java.util.Set 
16939      ERROR Test worker     d.u.i.k.j.KeYJPMapping    Duplicate registration of node: FilterOutputStream, formerNode: FilterOutputStream 
16940      ERROR Test worker     d.u.i.k.j.KeYJPMapping    Duplicate registration of node: InputStream, formerNode: java.io.InputStream 
16940      ERROR Test worker     d.u.i.k.j.KeYJPMapping    Duplicate registration of node: InputStream, formerNode: java.io.InputStream 
16943      ERROR Test worker     d.u.i.k.j.KeYJPMapping    Duplicate registration of node: IOException, formerNode: IOException 
16944      ERROR Test worker     d.u.i.k.j.KeYJPMapping    Duplicate registration of node: OutputStream, formerNode: java.io.OutputStream 
16944      ERROR Test worker     d.u.i.k.j.KeYJPMapping    Duplicate registration of node: OutputStream, formerNode: java.io.OutputStream 
16952      ERROR Test worker     d.u.i.k.j.KeYJPMapping    Duplicate registration of node: PrintStream, formerNode: java.io.PrintStream 
16952      ERROR Test worker     d.u.i.k.j.KeYJPMapping    Duplicate registration of node: PrintStream, formerNode: java.io.PrintStream 
16954      ERROR Test worker     d.u.i.k.j.KeYJPMapping    Duplicate registration of node: Serializable, formerNode: Serializable 
16956      ERROR Test worker     d.u.i.k.j.KeYJPMapping    Duplicate registration of node: BigInteger, formerNode: java.math.BigInteger 
16959      ERROR Test worker     d.u.i.k.j.KeYJPMapping    Duplicate registration of node: BigInteger, formerNode: java.math.BigInteger 
16961      ERROR Test worker     d.u.i.k.j.KeYJPMapping    Duplicate registration of node: ArrayList, formerNode: ArrayList 
16965      ERROR Test worker     d.u.i.k.j.KeYJPMapping    Duplicate registration of node: byte[], formerNode: byte[] 
16992      ERROR Test worker     d.u.i.k.j.KeYJPMapping    Duplicate registration of node: Arrays, formerNode: Arrays 
16993      ERROR Test worker     d.u.i.k.j.KeYJPMapping    Duplicate registration of node: ListIteratorImpl, formerNode: ListIteratorImpl 
16994      ERROR Test worker     d.u.i.k.j.KeYJPMapping    Duplicate registration of node: Date, formerNode: Date 
16996      ERROR Test worker     d.u.i.k.j.KeYJPMapping    Duplicate registration of node: LinkedHashMap, formerNode: LinkedHashMap 
16997      ERROR Test worker     d.u.i.k.j.KeYJPMapping    Duplicate registration of node: /*@pure@*/
String, formerNode: /*@strictly_pure*/
java.lang.String 
16998      ERROR Test worker     d.u.i.k.j.KeYJPMapping    Duplicate registration of node: LinkedList, formerNode: LinkedList 
17003      ERROR Test worker     d.u.i.k.j.KeYJPMapping    Duplicate registration of node: IntegerMethods, formerNode: IntegerMethods 
17008      ERROR Test worker     d.u.i.k.j.KeYJPMapping    Duplicate registration of node: A, formerNode: A 
17022      ERROR Test worker     d.u.i.k.j.KeYJPMapping    Duplicate registration of node: A1, formerNode: A1 
17029      ERROR Test worker     d.u.i.k.j.KeYJPMapping    Duplicate registration of value: testTermParserHeap.A testTermParserHeap.A::next;, formerValue: testTermParserHeap.A testTermParserHeap.A::next; 
17029      ERROR Test worker     d.u.i.k.j.KeYJPMapping    Duplicate registration of value: testTermParserHeap.testTermParserHeap.A testTermParserHeap.A
  testTermParserHeap.A::next;, formerValue: testTermParserHeap.testTermParserHeap.A testTermParserHeap.A
  testTermParserHeap.A::next; 
17427      ERROR Test worker     d.u.i.k.j.KeYJPMapping    Duplicate registration of node: boolean, formerNode: /*@ pure @*/
boolean 
17433      ERROR Test worker     d.u.i.k.j.KeYJPMapping    Duplicate registration of node: Object, formerNode: java.lang.Object 
17433      ERROR Test worker     d.u.i.k.j.KeYJPMapping    Duplicate registration of node: Object, formerNode: java.lang.Object 
17435      ERROR Test worker     d.u.i.k.j.KeYJPMapping    Duplicate registration of node: Annotation, formerNode: Annotation 
17439      ERROR Test worker     d.u.i.k.j.KeYJPMapping    Duplicate registration of node: ArithmeticException, formerNode: ArithmeticException 
17442      ERROR Test worker     d.u.i.k.j.KeYJPMapping    Duplicate registration of node: ArrayIndexOutOfBoundsException, formerNode: ArrayIndexOutOfBoundsException 
17443      ERROR Test worker     d.u.i.k.j.KeYJPMapping    Duplicate registration of node: ArrayStoreException, formerNode: ArrayStoreException 
17446      ERROR Test worker     d.u.i.k.j.KeYJPMapping    Duplicate registration of node: AssertionError, formerNode: AssertionError 
17449      ERROR Test worker     d.u.i.k.j.KeYJPMapping    Duplicate registration of node: Character, formerNode: Character 
17449      ERROR Test worker     d.u.i.k.j.KeYJPMapping    Duplicate registration of node: Class, formerNode: java.lang.Class 
17450      ERROR Test worker     d.u.i.k.j.KeYJPMapping    Duplicate registration of node: Class, formerNode: java.lang.Class 
17451      ERROR Test worker     d.u.i.k.j.KeYJPMapping    Duplicate registration of node: ClassCastException, formerNode: ClassCastException 
17453      ERROR Test worker     d.u.i.k.j.KeYJPMapping    Duplicate registration of node: CloneNotSupportedException, formerNode: CloneNotSupportedException 
17455      ERROR Test worker     d.u.i.k.j.KeYJPMapping    Duplicate registration of node: Cloneable, formerNode: Cloneable 
17456      ERROR Test worker     d.u.i.k.j.KeYJPMapping    Duplicate registration of node: Comparable, formerNode: Comparable 
17457      ERROR Test worker     d.u.i.k.j.KeYJPMapping    Duplicate registration of node: Double, formerNode: Double 
17460      ERROR Test worker     d.u.i.k.j.KeYJPMapping    Duplicate registration of node: Enum, formerNode: java.lang.Enum 
17460      ERROR Test worker     d.u.i.k.j.KeYJPMapping    Duplicate registration of node: Enum, formerNode: java.lang.Enum 
17467      ERROR Test worker     d.u.i.k.j.KeYJPMapping    Duplicate registration of node: Error, formerNode: Error 
17470      ERROR Test worker     d.u.i.k.j.KeYJPMapping    Duplicate registration of node: Exception, formerNode: Exception 
17474      ERROR Test worker     d.u.i.k.j.KeYJPMapping    Duplicate registration of node: ExceptionInInitializerError, formerNode: java.lang.ExceptionInInitializerError 
17474      ERROR Test worker     d.u.i.k.j.KeYJPMapping    Duplicate registration of node: ExceptionInInitializerError, formerNode: java.lang.ExceptionInInitializerError 
17476      ERROR Test worker     d.u.i.k.j.KeYJPMapping    Duplicate registration of node: Float, formerNode: Float 
17477      ERROR Test worker     d.u.i.k.j.KeYJPMapping    Duplicate registration of node: IllegalArgumentException, formerNode: IllegalArgumentException 
17479      ERROR Test worker     d.u.i.k.j.KeYJPMapping    Duplicate registration of node: IndexOutOfBoundsException, formerNode: IndexOutOfBoundsException 
17504      ERROR Test worker     d.u.i.k.j.KeYJPMapping    Duplicate registration of node: Integer, formerNode: java.lang.Integer 
17505      ERROR Test worker     d.u.i.k.j.KeYJPMapping    Duplicate registration of node: Integer, formerNode: java.lang.Integer 
17506      ERROR Test worker     d.u.i.k.j.KeYJPMapping    Duplicate registration of node: InterruptedException, formerNode: InterruptedException 
17508      ERROR Test worker     d.u.i.k.j.KeYJPMapping    Duplicate registration of node: Iterable, formerNode: Iterable 
17511      ERROR Test worker     d.u.i.k.j.KeYJPMapping    Duplicate registration of node: LinkageError, formerNode: LinkageError 
17529      ERROR Test worker     d.u.i.k.j.KeYJPMapping    Duplicate registration of node: Math, formerNode: Math 
17531      ERROR Test worker     d.u.i.k.j.KeYJPMapping    Duplicate registration of node: NegativeArraySizeException, formerNode: NegativeArraySizeException 
17533      ERROR Test worker     d.u.i.k.j.KeYJPMapping    Duplicate registration of node: NoClassDefFoundError, formerNode: java.lang.NoClassDefFoundError 
17533      ERROR Test worker     d.u.i.k.j.KeYJPMapping    Duplicate registration of node: NoClassDefFoundError, formerNode: java.lang.NoClassDefFoundError 
17535      ERROR Test worker     d.u.i.k.j.KeYJPMapping    Duplicate registration of node: NullPointerException, formerNode: NullPointerException 
17536      ERROR Test worker     d.u.i.k.j.KeYJPMapping    Duplicate registration of node: Number, formerNode: Number 
17540      ERROR Test worker     d.u.i.k.j.KeYJPMapping    Duplicate registration of node: NumberFormatException, formerNode: NumberFormatException 
17541      ERROR Test worker     d.u.i.k.j.KeYJPMapping    Duplicate registration of node: VirtualMachineError, formerNode: VirtualMachineError 
17543      ERROR Test worker     d.u.i.k.j.KeYJPMapping    Duplicate registration of node: OutOfMemoryError, formerNode: OutOfMemoryError 
17545      ERROR Test worker     d.u.i.k.j.KeYJPMapping    Duplicate registration of node: Runnable, formerNode: Runnable 
17547      ERROR Test worker     d.u.i.k.j.KeYJPMapping    Duplicate registration of node: RuntimeException, formerNode: RuntimeException 
17548      ERROR Test worker     d.u.i.k.j.KeYJPMapping    Duplicate registration of node: /*@pure*/
int, formerNode: int 
17552      ERROR Test worker     d.u.i.k.j.KeYJPMapping    Duplicate registration of node: /*@ helper */
int, formerNode: int 
17552      ERROR Test worker     d.u.i.k.j.KeYJPMapping    Duplicate registration of node: /*@ helper */
boolean, formerNode: /*@ pure @*/
boolean 
17566      ERROR Test worker     d.u.i.k.j.KeYJPMapping    Duplicate registration of node: /*@ helper */
java.lang.String, formerNode: java.lang.String 
17580      ERROR Test worker     d.u.i.k.j.KeYJPMapping    Duplicate registration of node: String, formerNode: java.lang.String 
17609      ERROR Test worker     d.u.i.k.j.KeYJPMapping    Duplicate registration of node: String, formerNode: java.lang.String 
17612      ERROR Test worker     d.u.i.k.j.KeYJPMapping    Duplicate registration of node: char, formerNode: /*@ helper */
char 
17615      ERROR Test worker     d.u.i.k.j.KeYJPMapping    Duplicate registration of node: StringBuffer, formerNode: StringBuffer 
17624      ERROR Test worker     d.u.i.k.j.KeYJPMapping    Duplicate registration of node: System, formerNode: System 
17625      ERROR Test worker     d.u.i.k.j.KeYJPMapping    Duplicate registration of node: Thread, formerNode: Thread 
17630      ERROR Test worker     d.u.i.k.j.KeYJPMapping    Duplicate registration of node: Throwable, formerNode: java.lang.Throwable 
17631      ERROR Test worker     d.u.i.k.j.KeYJPMapping    Duplicate registration of node: Throwable, formerNode: java.lang.Throwable 
17639      ERROR Test worker     d.u.i.k.j.KeYJPMapping    Duplicate registration of node: Collection, formerNode: Collection 
17640      ERROR Test worker     d.u.i.k.j.KeYJPMapping    Duplicate registration of node: Iterator, formerNode: java.util.Iterator 
17640      ERROR Test worker     d.u.i.k.j.KeYJPMapping    Duplicate registration of node: Iterator, formerNode: java.util.Iterator 
17646      ERROR Test worker     d.u.i.k.j.KeYJPMapping    Duplicate registration of node: List, formerNode: java.util.List 
17646      ERROR Test worker     d.u.i.k.j.KeYJPMapping    Duplicate registration of node: List, formerNode: java.util.List 
17650      ERROR Test worker     d.u.i.k.j.KeYJPMapping    Duplicate registration of node: ListIterator, formerNode: java.util.ListIterator 
17650      ERROR Test worker     d.u.i.k.j.KeYJPMapping    Duplicate registration of node: ListIterator, formerNode: java.util.ListIterator 
17652      ERROR Test worker     d.u.i.k.j.KeYJPMapping    Duplicate registration of node: Long, formerNode: Long 
17653      ERROR Test worker     d.u.i.k.j.KeYJPMapping    Duplicate registration of node: Boolean, formerNode: Boolean 
17660      ERROR Test worker     d.u.i.k.j.KeYJPMapping    Duplicate registration of node: Map, formerNode: Map 
17666      ERROR Test worker     d.u.i.k.j.KeYJPMapping    Duplicate registration of node: Set, formerNode: java.util.Set 
17666      ERROR Test worker     d.u.i.k.j.KeYJPMapping    Duplicate registration of node: Set, formerNode: java.util.Set 
17669      ERROR Test worker     d.u.i.k.j.KeYJPMapping    Duplicate registration of node: FilterOutputStream, formerNode: FilterOutputStream 
17670      ERROR Test worker     d.u.i.k.j.KeYJPMapping    Duplicate registration of node: InputStream, formerNode: java.io.InputStream 
17670      ERROR Test worker     d.u.i.k.j.KeYJPMapping    Duplicate registration of node: InputStream, formerNode: java.io.InputStream 
17674      ERROR Test worker     d.u.i.k.j.KeYJPMapping    Duplicate registration of node: IOException, formerNode: IOException 
17675      ERROR Test worker     d.u.i.k.j.KeYJPMapping    Duplicate registration of node: OutputStream, formerNode: java.io.OutputStream 
17675      ERROR Test worker     d.u.i.k.j.KeYJPMapping    Duplicate registration of node: OutputStream, formerNode: java.io.OutputStream 
17683      ERROR Test worker     d.u.i.k.j.KeYJPMapping    Duplicate registration of node: PrintStream, formerNode: java.io.PrintStream 
17683      ERROR Test worker     d.u.i.k.j.KeYJPMapping    Duplicate registration of node: PrintStream, formerNode: java.io.PrintStream 
17684      ERROR Test worker     d.u.i.k.j.KeYJPMapping    Duplicate registration of node: Serializable, formerNode: Serializable 
17687      ERROR Test worker     d.u.i.k.j.KeYJPMapping    Duplicate registration of node: BigInteger, formerNode: java.math.BigInteger 
17690      ERROR Test worker     d.u.i.k.j.KeYJPMapping    Duplicate registration of node: BigInteger, formerNode: java.math.BigInteger 
17691      ERROR Test worker     d.u.i.k.j.KeYJPMapping    Duplicate registration of node: ArrayList, formerNode: ArrayList 
17696      ERROR Test worker     d.u.i.k.j.KeYJPMapping    Duplicate registration of node: byte[], formerNode: byte[] 
17728      ERROR Test worker     d.u.i.k.j.KeYJPMapping    Duplicate registration of node: Arrays, formerNode: Arrays 
17730      ERROR Test worker     d.u.i.k.j.KeYJPMapping    Duplicate registration of node: ListIteratorImpl, formerNode: ListIteratorImpl 
17731      ERROR Test worker     d.u.i.k.j.KeYJPMapping    Duplicate registration of node: Date, formerNode: Date 
17733      ERROR Test worker     d.u.i.k.j.KeYJPMapping    Duplicate registration of node: LinkedHashMap, formerNode: LinkedHashMap 
17734      ERROR Test worker     d.u.i.k.j.KeYJPMapping    Duplicate registration of node: /*@pure@*/
String, formerNode: /*@strictly_pure*/
java.lang.String 
17738      ERROR Test worker     d.u.i.k.j.KeYJPMapping    Duplicate registration of node: LinkedList, formerNode: LinkedList 
17742      ERROR Test worker     d.u.i.k.j.KeYJPMapping    Duplicate registration of node: IntegerMethods, formerNode: IntegerMethods 
17757      ERROR Test worker     d.u.i.k.j.KeYJPMapping    Duplicate registration of node: A, formerNode: A 
17767      ERROR Test worker     d.u.i.k.j.KeYJPMapping    Duplicate registration of node: A1, formerNode: A1 
17776      ERROR Test worker     d.u.i.k.j.KeYJPMapping    Duplicate registration of value: testTermParserHeap.A testTermParserHeap.A::next;, formerValue: testTermParserHeap.A testTermParserHeap.A::next; 
17776      ERROR Test worker     d.u.i.k.j.KeYJPMapping    Duplicate registration of value: testTermParserHeap.testTermParserHeap.A testTermParserHeap.A
  testTermParserHeap.A::next;, formerValue: testTermParserHeap.testTermParserHeap.A testTermParserHeap.A
  testTermParserHeap.A::next; 
18162      ERROR Test worker     d.u.i.k.j.KeYJPMapping    Duplicate registration of node: boolean, formerNode: /*@ pure @*/
boolean 
18174      ERROR Test worker     d.u.i.k.j.KeYJPMapping    Duplicate registration of node: Object, formerNode: java.lang.Object 
18174      ERROR Test worker     d.u.i.k.j.KeYJPMapping    Duplicate registration of node: Object, formerNode: java.lang.Object 
18176      ERROR Test worker     d.u.i.k.j.KeYJPMapping    Duplicate registration of node: Annotation, formerNode: Annotation 
18180      ERROR Test worker     d.u.i.k.j.KeYJPMapping    Duplicate registration of node: ArithmeticException, formerNode: ArithmeticException 
18182      ERROR Test worker     d.u.i.k.j.KeYJPMapping    Duplicate registration of node: ArrayIndexOutOfBoundsException, formerNode: ArrayIndexOutOfBoundsException 
18184      ERROR Test worker     d.u.i.k.j.KeYJPMapping    Duplicate registration of node: ArrayStoreException, formerNode: ArrayStoreException 
18187      ERROR Test worker     d.u.i.k.j.KeYJPMapping    Duplicate registration of node: AssertionError, formerNode: AssertionError 
18189      ERROR Test worker     d.u.i.k.j.KeYJPMapping    Duplicate registration of node: Character, formerNode: Character 
18190      ERROR Test worker     d.u.i.k.j.KeYJPMapping    Duplicate registration of node: Class, formerNode: java.lang.Class 
18190      ERROR Test worker     d.u.i.k.j.KeYJPMapping    Duplicate registration of node: Class, formerNode: java.lang.Class 
18192      ERROR Test worker     d.u.i.k.j.KeYJPMapping    Duplicate registration of node: ClassCastException, formerNode: ClassCastException 
18195      ERROR Test worker     d.u.i.k.j.KeYJPMapping    Duplicate registration of node: CloneNotSupportedException, formerNode: CloneNotSupportedException 
18196      ERROR Test worker     d.u.i.k.j.KeYJPMapping    Duplicate registration of node: Cloneable, formerNode: Cloneable 
18197      ERROR Test worker     d.u.i.k.j.KeYJPMapping    Duplicate registration of node: Comparable, formerNode: Comparable 
18198      ERROR Test worker     d.u.i.k.j.KeYJPMapping    Duplicate registration of node: Double, formerNode: Double 
18202      ERROR Test worker     d.u.i.k.j.KeYJPMapping    Duplicate registration of node: Enum, formerNode: java.lang.Enum 
18203      ERROR Test worker     d.u.i.k.j.KeYJPMapping    Duplicate registration of node: Enum, formerNode: java.lang.Enum 
18208      ERROR Test worker     d.u.i.k.j.KeYJPMapping    Duplicate registration of node: Error, formerNode: Error 
18210      ERROR Test worker     d.u.i.k.j.KeYJPMapping    Duplicate registration of node: Exception, formerNode: Exception 
18214      ERROR Test worker     d.u.i.k.j.KeYJPMapping    Duplicate registration of node: ExceptionInInitializerError, formerNode: java.lang.ExceptionInInitializerError 
18214      ERROR Test worker     d.u.i.k.j.KeYJPMapping    Duplicate registration of node: ExceptionInInitializerError, formerNode: java.lang.ExceptionInInitializerError 
18215      ERROR Test worker     d.u.i.k.j.KeYJPMapping    Duplicate registration of node: Float, formerNode: Float 
18221      ERROR Test worker     d.u.i.k.j.KeYJPMapping    Duplicate registration of node: IllegalArgumentException, formerNode: IllegalArgumentException 
18223      ERROR Test worker     d.u.i.k.j.KeYJPMapping    Duplicate registration of node: IndexOutOfBoundsException, formerNode: IndexOutOfBoundsException 
18245      ERROR Test worker     d.u.i.k.j.KeYJPMapping    Duplicate registration of node: Integer, formerNode: java.lang.Integer 
18246      ERROR Test worker     d.u.i.k.j.KeYJPMapping    Duplicate registration of node: Integer, formerNode: java.lang.Integer 
18248      ERROR Test worker     d.u.i.k.j.KeYJPMapping    Duplicate registration of node: InterruptedException, formerNode: InterruptedException 
18249      ERROR Test worker     d.u.i.k.j.KeYJPMapping    Duplicate registration of node: Iterable, formerNode: Iterable 
18251      ERROR Test worker     d.u.i.k.j.KeYJPMapping    Duplicate registration of node: LinkageError, formerNode: LinkageError 
18266      ERROR Test worker     d.u.i.k.j.KeYJPMapping    Duplicate registration of node: Math, formerNode: Math 
18271      ERROR Test worker     d.u.i.k.j.KeYJPMapping    Duplicate registration of node: NegativeArraySizeException, formerNode: NegativeArraySizeException 
18273      ERROR Test worker     d.u.i.k.j.KeYJPMapping    Duplicate registration of node: NoClassDefFoundError, formerNode: java.lang.NoClassDefFoundError 
18274      ERROR Test worker     d.u.i.k.j.KeYJPMapping    Duplicate registration of node: NoClassDefFoundError, formerNode: java.lang.NoClassDefFoundError 
18276      ERROR Test worker     d.u.i.k.j.KeYJPMapping    Duplicate registration of node: NullPointerException, formerNode: NullPointerException 
18278      ERROR Test worker     d.u.i.k.j.KeYJPMapping    Duplicate registration of node: Number, formerNode: Number 
18280      ERROR Test worker     d.u.i.k.j.KeYJPMapping    Duplicate registration of node: NumberFormatException, formerNode: NumberFormatException 
18281      ERROR Test worker     d.u.i.k.j.KeYJPMapping    Duplicate registration of node: VirtualMachineError, formerNode: VirtualMachineError 
18284      ERROR Test worker     d.u.i.k.j.KeYJPMapping    Duplicate registration of node: OutOfMemoryError, formerNode: OutOfMemoryError 
18285      ERROR Test worker     d.u.i.k.j.KeYJPMapping    Duplicate registration of node: Runnable, formerNode: Runnable 
18289      ERROR Test worker     d.u.i.k.j.KeYJPMapping    Duplicate registration of node: RuntimeException, formerNode: RuntimeException 
18290      ERROR Test worker     d.u.i.k.j.KeYJPMapping    Duplicate registration of node: /*@pure*/
int, formerNode: int 
18295      ERROR Test worker     d.u.i.k.j.KeYJPMapping    Duplicate registration of node: /*@ helper */
int, formerNode: int 
18296      ERROR Test worker     d.u.i.k.j.KeYJPMapping    Duplicate registration of node: /*@ helper */
boolean, formerNode: /*@ pure @*/
boolean 
18358      ERROR Test worker     d.u.i.k.j.KeYJPMapping    Duplicate registration of node: /*@ helper */
java.lang.String, formerNode: java.lang.String 
18374      ERROR Test worker     d.u.i.k.j.KeYJPMapping    Duplicate registration of node: String, formerNode: java.lang.String 
18399      ERROR Test worker     d.u.i.k.j.KeYJPMapping    Duplicate registration of node: String, formerNode: java.lang.String 
18404      ERROR Test worker     d.u.i.k.j.KeYJPMapping    Duplicate registration of node: char, formerNode: /*@ helper */
char 
18407      ERROR Test worker     d.u.i.k.j.KeYJPMapping    Duplicate registration of node: StringBuffer, formerNode: StringBuffer 
18412      ERROR Test worker     d.u.i.k.j.KeYJPMapping    Duplicate registration of node: System, formerNode: System 
18414      ERROR Test worker     d.u.i.k.j.KeYJPMapping    Duplicate registration of node: Thread, formerNode: Thread 
18420      ERROR Test worker     d.u.i.k.j.KeYJPMapping    Duplicate registration of node: Throwable, formerNode: java.lang.Throwable 
18421      ERROR Test worker     d.u.i.k.j.KeYJPMapping    Duplicate registration of node: Throwable, formerNode: java.lang.Throwable 
18429      ERROR Test worker     d.u.i.k.j.KeYJPMapping    Duplicate registration of node: Collection, formerNode: Collection 
18431      ERROR Test worker     d.u.i.k.j.KeYJPMapping    Duplicate registration of node: Iterator, formerNode: java.util.Iterator 
18432      ERROR Test worker     d.u.i.k.j.KeYJPMapping    Duplicate registration of node: Iterator, formerNode: java.util.Iterator 
18439      ERROR Test worker     d.u.i.k.j.KeYJPMapping    Duplicate registration of node: List, formerNode: java.util.List 
18439      ERROR Test worker     d.u.i.k.j.KeYJPMapping    Duplicate registration of node: List, formerNode: java.util.List 
18443      ERROR Test worker     d.u.i.k.j.KeYJPMapping    Duplicate registration of node: ListIterator, formerNode: java.util.ListIterator 
18443      ERROR Test worker     d.u.i.k.j.KeYJPMapping    Duplicate registration of node: ListIterator, formerNode: java.util.ListIterator 
18445      ERROR Test worker     d.u.i.k.j.KeYJPMapping    Duplicate registration of node: Long, formerNode: Long 
18446      ERROR Test worker     d.u.i.k.j.KeYJPMapping    Duplicate registration of node: Boolean, formerNode: Boolean 
18456      ERROR Test worker     d.u.i.k.j.KeYJPMapping    Duplicate registration of node: Map, formerNode: Map 
18466      ERROR Test worker     d.u.i.k.j.KeYJPMapping    Duplicate registration of node: Set, formerNode: java.util.Set 
18467      ERROR Test worker     d.u.i.k.j.KeYJPMapping    Duplicate registration of node: Set, formerNode: java.util.Set 
18470      ERROR Test worker     d.u.i.k.j.KeYJPMapping    Duplicate registration of node: FilterOutputStream, formerNode: FilterOutputStream 
18471      ERROR Test worker     d.u.i.k.j.KeYJPMapping    Duplicate registration of node: InputStream, formerNode: java.io.InputStream 
18472      ERROR Test worker     d.u.i.k.j.KeYJPMapping    Duplicate registration of node: InputStream, formerNode: java.io.InputStream 
18475      ERROR Test worker     d.u.i.k.j.KeYJPMapping    Duplicate registration of node: IOException, formerNode: IOException 
18476      ERROR Test worker     d.u.i.k.j.KeYJPMapping    Duplicate registration of node: OutputStream, formerNode: java.io.OutputStream 
18477      ERROR Test worker     d.u.i.k.j.KeYJPMapping    Duplicate registration of node: OutputStream, formerNode: java.io.OutputStream 
18484      ERROR Test worker     d.u.i.k.j.KeYJPMapping    Duplicate registration of node: PrintStream, formerNode: java.io.PrintStream 
18485      ERROR Test worker     d.u.i.k.j.KeYJPMapping    Duplicate registration of node: PrintStream, formerNode: java.io.PrintStream 
18486      ERROR Test worker     d.u.i.k.j.KeYJPMapping    Duplicate registration of node: Serializable, formerNode: Serializable 
18488      ERROR Test worker     d.u.i.k.j.KeYJPMapping    Duplicate registration of node: BigInteger, formerNode: java.math.BigInteger 
18491      ERROR Test worker     d.u.i.k.j.KeYJPMapping    Duplicate registration of node: BigInteger, formerNode: java.math.BigInteger 
18493      ERROR Test worker     d.u.i.k.j.KeYJPMapping    Duplicate registration of node: ArrayList, formerNode: ArrayList 
18497      ERROR Test worker     d.u.i.k.j.KeYJPMapping    Duplicate registration of node: byte[], formerNode: byte[] 
18523      ERROR Test worker     d.u.i.k.j.KeYJPMapping    Duplicate registration of node: Arrays, formerNode: Arrays 
18525      ERROR Test worker     d.u.i.k.j.KeYJPMapping    Duplicate registration of node: ListIteratorImpl, formerNode: ListIteratorImpl 
18527      ERROR Test worker     d.u.i.k.j.KeYJPMapping    Duplicate registration of node: Date, formerNode: Date 
18528      ERROR Test worker     d.u.i.k.j.KeYJPMapping    Duplicate registration of node: LinkedHashMap, formerNode: LinkedHashMap 
18529      ERROR Test worker     d.u.i.k.j.KeYJPMapping    Duplicate registration of node: /*@pure@*/
String, formerNode: /*@strictly_pure*/
java.lang.String 
18531      ERROR Test worker     d.u.i.k.j.KeYJPMapping    Duplicate registration of node: LinkedList, formerNode: LinkedList 
18535      ERROR Test worker     d.u.i.k.j.KeYJPMapping    Duplicate registration of node: IntegerMethods, formerNode: IntegerMethods 
18539      ERROR Test worker     d.u.i.k.j.KeYJPMapping    Duplicate registration of node: A, formerNode: A 
18546      ERROR Test worker     d.u.i.k.j.KeYJPMapping    Duplicate registration of node: A1, formerNode: A1 
18556      ERROR Test worker     d.u.i.k.j.KeYJPMapping    Duplicate registration of value: testTermParserHeap.A testTermParserHeap.A::next;, formerValue: testTermParserHeap.A testTermParserHeap.A::next; 
18557      ERROR Test worker     d.u.i.k.j.KeYJPMapping    Duplicate registration of value: testTermParserHeap.testTermParserHeap.A testTermParserHeap.A
  testTermParserHeap.A::next;, formerValue: testTermParserHeap.testTermParserHeap.A testTermParserHeap.A
  testTermParserHeap.A::next; 
18894      ERROR Test worker     d.u.i.k.j.KeYJPMapping    Duplicate registration of node: boolean, formerNode: /*@ pure @*/
boolean 
18901      ERROR Test worker     d.u.i.k.j.KeYJPMapping    Duplicate registration of node: Object, formerNode: java.lang.Object 
18903      ERROR Test worker     d.u.i.k.j.KeYJPMapping    Duplicate registration of node: Object, formerNode: java.lang.Object 
18905      ERROR Test worker     d.u.i.k.j.KeYJPMapping    Duplicate registration of node: Annotation, formerNode: Annotation 
18909      ERROR Test worker     d.u.i.k.j.KeYJPMapping    Duplicate registration of node: ArithmeticException, formerNode: ArithmeticException 
18912      ERROR Test worker     d.u.i.k.j.KeYJPMapping    Duplicate registration of node: ArrayIndexOutOfBoundsException, formerNode: ArrayIndexOutOfBoundsException 
18914      ERROR Test worker     d.u.i.k.j.KeYJPMapping    Duplicate registration of node: ArrayStoreException, formerNode: ArrayStoreException 
18918      ERROR Test worker     d.u.i.k.j.KeYJPMapping    Duplicate registration of node: AssertionError, formerNode: AssertionError 
18925      ERROR Test worker     d.u.i.k.j.KeYJPMapping    Duplicate registration of node: Character, formerNode: Character 
18926      ERROR Test worker     d.u.i.k.j.KeYJPMapping    Duplicate registration of node: Class, formerNode: java.lang.Class 
18927      ERROR Test worker     d.u.i.k.j.KeYJPMapping    Duplicate registration of node: Class, formerNode: java.lang.Class 
18929      ERROR Test worker     d.u.i.k.j.KeYJPMapping    Duplicate registration of node: ClassCastException, formerNode: ClassCastException 
18932      ERROR Test worker     d.u.i.k.j.KeYJPMapping    Duplicate registration of node: CloneNotSupportedException, formerNode: CloneNotSupportedException 
18933      ERROR Test worker     d.u.i.k.j.KeYJPMapping    Duplicate registration of node: Cloneable, formerNode: Cloneable 
18934      ERROR Test worker     d.u.i.k.j.KeYJPMapping    Duplicate registration of node: Comparable, formerNode: Comparable 
18936      ERROR Test worker     d.u.i.k.j.KeYJPMapping    Duplicate registration of node: Double, formerNode: Double 
18940      ERROR Test worker     d.u.i.k.j.KeYJPMapping    Duplicate registration of node: Enum, formerNode: java.lang.Enum 
18941      ERROR Test worker     d.u.i.k.j.KeYJPMapping    Duplicate registration of node: Enum, formerNode: java.lang.Enum 
18944      ERROR Test worker     d.u.i.k.j.KeYJPMapping    Duplicate registration of node: Error, formerNode: Error 
18947      ERROR Test worker     d.u.i.k.j.KeYJPMapping    Duplicate registration of node: Exception, formerNode: Exception 
18950      ERROR Test worker     d.u.i.k.j.KeYJPMapping    Duplicate registration of node: ExceptionInInitializerError, formerNode: java.lang.ExceptionInInitializerError 
18951      ERROR Test worker     d.u.i.k.j.KeYJPMapping    Duplicate registration of node: ExceptionInInitializerError, formerNode: java.lang.ExceptionInInitializerError 
18953      ERROR Test worker     d.u.i.k.j.KeYJPMapping    Duplicate registration of node: Float, formerNode: Float 
18955      ERROR Test worker     d.u.i.k.j.KeYJPMapping    Duplicate registration of node: IllegalArgumentException, formerNode: IllegalArgumentException 
18957      ERROR Test worker     d.u.i.k.j.KeYJPMapping    Duplicate registration of node: IndexOutOfBoundsException, formerNode: IndexOutOfBoundsException 
18978      ERROR Test worker     d.u.i.k.j.KeYJPMapping    Duplicate registration of node: Integer, formerNode: java.lang.Integer 
18979      ERROR Test worker     d.u.i.k.j.KeYJPMapping    Duplicate registration of node: Integer, formerNode: java.lang.Integer 
18981      ERROR Test worker     d.u.i.k.j.KeYJPMapping    Duplicate registration of node: InterruptedException, formerNode: InterruptedException 
18983      ERROR Test worker     d.u.i.k.j.KeYJPMapping    Duplicate registration of node: Iterable, formerNode: Iterable 
18985      ERROR Test worker     d.u.i.k.j.KeYJPMapping    Duplicate registration of node: LinkageError, formerNode: LinkageError 
18997      ERROR Test worker     d.u.i.k.j.KeYJPMapping    Duplicate registration of node: Math, formerNode: Math 
19001      ERROR Test worker     d.u.i.k.j.KeYJPMapping    Duplicate registration of node: NegativeArraySizeException, formerNode: NegativeArraySizeException 
19003      ERROR Test worker     d.u.i.k.j.KeYJPMapping    Duplicate registration of node: NoClassDefFoundError, formerNode: java.lang.NoClassDefFoundError 
19004      ERROR Test worker     d.u.i.k.j.KeYJPMapping    Duplicate registration of node: NoClassDefFoundError, formerNode: java.lang.NoClassDefFoundError 
19007      ERROR Test worker     d.u.i.k.j.KeYJPMapping    Duplicate registration of node: NullPointerException, formerNode: NullPointerException 
19009      ERROR Test worker     d.u.i.k.j.KeYJPMapping    Duplicate registration of node: Number, formerNode: Number 
19011      ERROR Test worker     d.u.i.k.j.KeYJPMapping    Duplicate registration of node: NumberFormatException, formerNode: NumberFormatException 
19013      ERROR Test worker     d.u.i.k.j.KeYJPMapping    Duplicate registration of node: VirtualMachineError, formerNode: VirtualMachineError 
19015      ERROR Test worker     d.u.i.k.j.KeYJPMapping    Duplicate registration of node: OutOfMemoryError, formerNode: OutOfMemoryError 
19017      ERROR Test worker     d.u.i.k.j.KeYJPMapping    Duplicate registration of node: Runnable, formerNode: Runnable 
19020      ERROR Test worker     d.u.i.k.j.KeYJPMapping    Duplicate registration of node: RuntimeException, formerNode: RuntimeException 
19021      ERROR Test worker     d.u.i.k.j.KeYJPMapping    Duplicate registration of node: /*@pure*/
int, formerNode: int 
19025      ERROR Test worker     d.u.i.k.j.KeYJPMapping    Duplicate registration of node: /*@ helper */
int, formerNode: int 
19026      ERROR Test worker     d.u.i.k.j.KeYJPMapping    Duplicate registration of node: /*@ helper */
boolean, formerNode: /*@ pure @*/
boolean 
19040      ERROR Test worker     d.u.i.k.j.KeYJPMapping    Duplicate registration of node: /*@ helper */
java.lang.String, formerNode: java.lang.String 
19055      ERROR Test worker     d.u.i.k.j.KeYJPMapping    Duplicate registration of node: String, formerNode: java.lang.String 
19089      ERROR Test worker     d.u.i.k.j.KeYJPMapping    Duplicate registration of node: String, formerNode: java.lang.String 
19092      ERROR Test worker     d.u.i.k.j.KeYJPMapping    Duplicate registration of node: char, formerNode: /*@ helper */
char 
19100      ERROR Test worker     d.u.i.k.j.KeYJPMapping    Duplicate registration of node: StringBuffer, formerNode: StringBuffer 
19106      ERROR Test worker     d.u.i.k.j.KeYJPMapping    Duplicate registration of node: System, formerNode: System 
19107      ERROR Test worker     d.u.i.k.j.KeYJPMapping    Duplicate registration of node: Thread, formerNode: Thread 
19112      ERROR Test worker     d.u.i.k.j.KeYJPMapping    Duplicate registration of node: Throwable, formerNode: java.lang.Throwable 
19112      ERROR Test worker     d.u.i.k.j.KeYJPMapping    Duplicate registration of node: Throwable, formerNode: java.lang.Throwable 
19121      ERROR Test worker     d.u.i.k.j.KeYJPMapping    Duplicate registration of node: Collection, formerNode: Collection 
19123      ERROR Test worker     d.u.i.k.j.KeYJPMapping    Duplicate registration of node: Iterator, formerNode: java.util.Iterator 
19124      ERROR Test worker     d.u.i.k.j.KeYJPMapping    Duplicate registration of node: Iterator, formerNode: java.util.Iterator 
19131      ERROR Test worker     d.u.i.k.j.KeYJPMapping    Duplicate registration of node: List, formerNode: java.util.List 
19132      ERROR Test worker     d.u.i.k.j.KeYJPMapping    Duplicate registration of node: List, formerNode: java.util.List 
19136      ERROR Test worker     d.u.i.k.j.KeYJPMapping    Duplicate registration of node: ListIterator, formerNode: java.util.ListIterator 
19136      ERROR Test worker     d.u.i.k.j.KeYJPMapping    Duplicate registration of node: ListIterator, formerNode: java.util.ListIterator 
19139      ERROR Test worker     d.u.i.k.j.KeYJPMapping    Duplicate registration of node: Long, formerNode: Long 
19140      ERROR Test worker     d.u.i.k.j.KeYJPMapping    Duplicate registration of node: Boolean, formerNode: Boolean 
19147      ERROR Test worker     d.u.i.k.j.KeYJPMapping    Duplicate registration of node: Map, formerNode: Map 
19153      ERROR Test worker     d.u.i.k.j.KeYJPMapping    Duplicate registration of node: Set, formerNode: java.util.Set 
19153      ERROR Test worker     d.u.i.k.j.KeYJPMapping    Duplicate registration of node: Set, formerNode: java.util.Set 
19156      ERROR Test worker     d.u.i.k.j.KeYJPMapping    Duplicate registration of node: FilterOutputStream, formerNode: FilterOutputStream 
19159      ERROR Test worker     d.u.i.k.j.KeYJPMapping    Duplicate registration of node: InputStream, formerNode: java.io.InputStream 
19160      ERROR Test worker     d.u.i.k.j.KeYJPMapping    Duplicate registration of node: InputStream, formerNode: java.io.InputStream 
19167      ERROR Test worker     d.u.i.k.j.KeYJPMapping    Duplicate registration of node: IOException, formerNode: IOException 
19168      ERROR Test worker     d.u.i.k.j.KeYJPMapping    Duplicate registration of node: OutputStream, formerNode: java.io.OutputStream 
19169      ERROR Test worker     d.u.i.k.j.KeYJPMapping    Duplicate registration of node: OutputStream, formerNode: java.io.OutputStream 
19179      ERROR Test worker     d.u.i.k.j.KeYJPMapping    Duplicate registration of node: PrintStream, formerNode: java.io.PrintStream 
19180      ERROR Test worker     d.u.i.k.j.KeYJPMapping    Duplicate registration of node: PrintStream, formerNode: java.io.PrintStream 
19182      ERROR Test worker     d.u.i.k.j.KeYJPMapping    Duplicate registration of node: Serializable, formerNode: Serializable 
19184      ERROR Test worker     d.u.i.k.j.KeYJPMapping    Duplicate registration of node: BigInteger, formerNode: java.math.BigInteger 
19189      ERROR Test worker     d.u.i.k.j.KeYJPMapping    Duplicate registration of node: BigInteger, formerNode: java.math.BigInteger 
19199      ERROR Test worker     d.u.i.k.j.KeYJPMapping    Duplicate registration of node: ArrayList, formerNode: ArrayList 
19204      ERROR Test worker     d.u.i.k.j.KeYJPMapping    Duplicate registration of node: byte[], formerNode: byte[] 
19271      ERROR Test worker     d.u.i.k.j.KeYJPMapping    Duplicate registration of node: Arrays, formerNode: Arrays 
19273      ERROR Test worker     d.u.i.k.j.KeYJPMapping    Duplicate registration of node: ListIteratorImpl, formerNode: ListIteratorImpl 
19275      ERROR Test worker     d.u.i.k.j.KeYJPMapping    Duplicate registration of node: Date, formerNode: Date 
19277      ERROR Test worker     d.u.i.k.j.KeYJPMapping    Duplicate registration of node: LinkedHashMap, formerNode: LinkedHashMap 
19279      ERROR Test worker     d.u.i.k.j.KeYJPMapping    Duplicate registration of node: /*@pure@*/
String, formerNode: /*@strictly_pure*/
java.lang.String 
19281      ERROR Test worker     d.u.i.k.j.KeYJPMapping    Duplicate registration of node: LinkedList, formerNode: LinkedList 
19285      ERROR Test worker     d.u.i.k.j.KeYJPMapping    Duplicate registration of node: IntegerMethods, formerNode: IntegerMethods 
19289      ERROR Test worker     d.u.i.k.j.KeYJPMapping    Duplicate registration of node: A, formerNode: A 
19297      ERROR Test worker     d.u.i.k.j.KeYJPMapping    Duplicate registration of node: A1, formerNode: A1 
19306      ERROR Test worker     d.u.i.k.j.KeYJPMapping    Duplicate registration of value: testTermParserHeap.A testTermParserHeap.A::next;, formerValue: testTermParserHeap.A testTermParserHeap.A::next; 
19307      ERROR Test worker     d.u.i.k.j.KeYJPMapping    Duplicate registration of value: testTermParserHeap.testTermParserHeap.A testTermParserHeap.A
  testTermParserHeap.A::next;, formerValue: testTermParserHeap.testTermParserHeap.A testTermParserHeap.A
  testTermParserHeap.A::next; 
19692      ERROR Test worker     d.u.i.k.j.KeYJPMapping    Duplicate registration of node: boolean, formerNode: /*@ pure @*/
boolean 
19699      ERROR Test worker     d.u.i.k.j.KeYJPMapping    Duplicate registration of node: Object, formerNode: java.lang.Object 
19699      ERROR Test worker     d.u.i.k.j.KeYJPMapping    Duplicate registration of node: Object, formerNode: java.lang.Object 
19701      ERROR Test worker     d.u.i.k.j.KeYJPMapping    Duplicate registration of node: Annotation, formerNode: Annotation 
19705      ERROR Test worker     d.u.i.k.j.KeYJPMapping    Duplicate registration of node: ArithmeticException, formerNode: ArithmeticException 
19708      ERROR Test worker     d.u.i.k.j.KeYJPMapping    Duplicate registration of node: ArrayIndexOutOfBoundsException, formerNode: ArrayIndexOutOfBoundsException 
19709      ERROR Test worker     d.u.i.k.j.KeYJPMapping    Duplicate registration of node: ArrayStoreException, formerNode: ArrayStoreException 
19712      ERROR Test worker     d.u.i.k.j.KeYJPMapping    Duplicate registration of node: AssertionError, formerNode: AssertionError 
19714      ERROR Test worker     d.u.i.k.j.KeYJPMapping    Duplicate registration of node: Character, formerNode: Character 
19715      ERROR Test worker     d.u.i.k.j.KeYJPMapping    Duplicate registration of node: Class, formerNode: java.lang.Class 
19717      ERROR Test worker     d.u.i.k.j.KeYJPMapping    Duplicate registration of node: Class, formerNode: java.lang.Class 
19719      ERROR Test worker     d.u.i.k.j.KeYJPMapping    Duplicate registration of node: ClassCastException, formerNode: ClassCastException 
19721      ERROR Test worker     d.u.i.k.j.KeYJPMapping    Duplicate registration of node: CloneNotSupportedException, formerNode: CloneNotSupportedException 
19723      ERROR Test worker     d.u.i.k.j.KeYJPMapping    Duplicate registration of node: Cloneable, formerNode: Cloneable 
19725      ERROR Test worker     d.u.i.k.j.KeYJPMapping    Duplicate registration of node: Comparable, formerNode: Comparable 
19727      ERROR Test worker     d.u.i.k.j.KeYJPMapping    Duplicate registration of node: Double, formerNode: Double 
19730      ERROR Test worker     d.u.i.k.j.KeYJPMapping    Duplicate registration of node: Enum, formerNode: java.lang.Enum 
19731      ERROR Test worker     d.u.i.k.j.KeYJPMapping    Duplicate registration of node: Enum, formerNode: java.lang.Enum 
19734      ERROR Test worker     d.u.i.k.j.KeYJPMapping    Duplicate registration of node: Error, formerNode: Error 
19737      ERROR Test worker     d.u.i.k.j.KeYJPMapping    Duplicate registration of node: Exception, formerNode: Exception 
19740      ERROR Test worker     d.u.i.k.j.KeYJPMapping    Duplicate registration of node: ExceptionInInitializerError, formerNode: java.lang.ExceptionInInitializerError 
19741      ERROR Test worker     d.u.i.k.j.KeYJPMapping    Duplicate registration of node: ExceptionInInitializerError, formerNode: java.lang.ExceptionInInitializerError 
19742      ERROR Test worker     d.u.i.k.j.KeYJPMapping    Duplicate registration of node: Float, formerNode: Float 
19744      ERROR Test worker     d.u.i.k.j.KeYJPMapping    Duplicate registration of node: IllegalArgumentException, formerNode: IllegalArgumentException 
19747      ERROR Test worker     d.u.i.k.j.KeYJPMapping    Duplicate registration of node: IndexOutOfBoundsException, formerNode: IndexOutOfBoundsException 
19770      ERROR Test worker     d.u.i.k.j.KeYJPMapping    Duplicate registration of node: Integer, formerNode: java.lang.Integer 
19771      ERROR Test worker     d.u.i.k.j.KeYJPMapping    Duplicate registration of node: Integer, formerNode: java.lang.Integer 
19773      ERROR Test worker     d.u.i.k.j.KeYJPMapping    Duplicate registration of node: InterruptedException, formerNode: InterruptedException 
19775      ERROR Test worker     d.u.i.k.j.KeYJPMapping    Duplicate registration of node: Iterable, formerNode: Iterable 
19776      ERROR Test worker     d.u.i.k.j.KeYJPMapping    Duplicate registration of node: LinkageError, formerNode: LinkageError 
19791      ERROR Test worker     d.u.i.k.j.KeYJPMapping    Duplicate registration of node: Math, formerNode: Math 
19794      ERROR Test worker     d.u.i.k.j.KeYJPMapping    Duplicate registration of node: NegativeArraySizeException, formerNode: NegativeArraySizeException 
19795      ERROR Test worker     d.u.i.k.j.KeYJPMapping    Duplicate registration of node: NoClassDefFoundError, formerNode: java.lang.NoClassDefFoundError 
19796      ERROR Test worker     d.u.i.k.j.KeYJPMapping    Duplicate registration of node: NoClassDefFoundError, formerNode: java.lang.NoClassDefFoundError 
19797      ERROR Test worker     d.u.i.k.j.KeYJPMapping    Duplicate registration of node: NullPointerException, formerNode: NullPointerException 
19799      ERROR Test worker     d.u.i.k.j.KeYJPMapping    Duplicate registration of node: Number, formerNode: Number 
19803      ERROR Test worker     d.u.i.k.j.KeYJPMapping    Duplicate registration of node: NumberFormatException, formerNode: NumberFormatException 
19805      ERROR Test worker     d.u.i.k.j.KeYJPMapping    Duplicate registration of node: VirtualMachineError, formerNode: VirtualMachineError 
19808      ERROR Test worker     d.u.i.k.j.KeYJPMapping    Duplicate registration of node: OutOfMemoryError, formerNode: OutOfMemoryError 
19809      ERROR Test worker     d.u.i.k.j.KeYJPMapping    Duplicate registration of node: Runnable, formerNode: Runnable 
19812      ERROR Test worker     d.u.i.k.j.KeYJPMapping    Duplicate registration of node: RuntimeException, formerNode: RuntimeException 
19812      ERROR Test worker     d.u.i.k.j.KeYJPMapping    Duplicate registration of node: /*@pure*/
int, formerNode: int 
19822      ERROR Test worker     d.u.i.k.j.KeYJPMapping    Duplicate registration of node: /*@ helper */
int, formerNode: int 
19823      ERROR Test worker     d.u.i.k.j.KeYJPMapping    Duplicate registration of node: /*@ helper */
boolean, formerNode: /*@ pure @*/
boolean 
19838      ERROR Test worker     d.u.i.k.j.KeYJPMapping    Duplicate registration of node: /*@ helper */
java.lang.String, formerNode: java.lang.String 
19853      ERROR Test worker     d.u.i.k.j.KeYJPMapping    Duplicate registration of node: String, formerNode: java.lang.String 
19881      ERROR Test worker     d.u.i.k.j.KeYJPMapping    Duplicate registration of node: String, formerNode: java.lang.String 
19885      ERROR Test worker     d.u.i.k.j.KeYJPMapping    Duplicate registration of node: char, formerNode: /*@ helper */
char 
19887      ERROR Test worker     d.u.i.k.j.KeYJPMapping    Duplicate registration of node: StringBuffer, formerNode: StringBuffer 
19892      ERROR Test worker     d.u.i.k.j.KeYJPMapping    Duplicate registration of node: System, formerNode: System 
19895      ERROR Test worker     d.u.i.k.j.KeYJPMapping    Duplicate registration of node: Thread, formerNode: Thread 
19899      ERROR Test worker     d.u.i.k.j.KeYJPMapping    Duplicate registration of node: Throwable, formerNode: java.lang.Throwable 
19900      ERROR Test worker     d.u.i.k.j.KeYJPMapping    Duplicate registration of node: Throwable, formerNode: java.lang.Throwable 
19917      ERROR Test worker     d.u.i.k.j.KeYJPMapping    Duplicate registration of node: Collection, formerNode: Collection 
19924      ERROR Test worker     d.u.i.k.j.KeYJPMapping    Duplicate registration of node: Iterator, formerNode: java.util.Iterator 
19924      ERROR Test worker     d.u.i.k.j.KeYJPMapping    Duplicate registration of node: Iterator, formerNode: java.util.Iterator 
19939      ERROR Test worker     d.u.i.k.j.KeYJPMapping    Duplicate registration of node: List, formerNode: java.util.List 
19941      ERROR Test worker     d.u.i.k.j.KeYJPMapping    Duplicate registration of node: List, formerNode: java.util.List 
19945      ERROR Test worker     d.u.i.k.j.KeYJPMapping    Duplicate registration of node: ListIterator, formerNode: java.util.ListIterator 
19953      ERROR Test worker     d.u.i.k.j.KeYJPMapping    Duplicate registration of node: ListIterator, formerNode: java.util.ListIterator 
19956      ERROR Test worker     d.u.i.k.j.KeYJPMapping    Duplicate registration of node: Long, formerNode: Long 
19957      ERROR Test worker     d.u.i.k.j.KeYJPMapping    Duplicate registration of node: Boolean, formerNode: Boolean 
19972      ERROR Test worker     d.u.i.k.j.KeYJPMapping    Duplicate registration of node: Map, formerNode: Map 
19977      ERROR Test worker     d.u.i.k.j.KeYJPMapping    Duplicate registration of node: Set, formerNode: java.util.Set 
19982      ERROR Test worker     d.u.i.k.j.KeYJPMapping    Duplicate registration of node: Set, formerNode: java.util.Set 
19992      ERROR Test worker     d.u.i.k.j.KeYJPMapping    Duplicate registration of node: FilterOutputStream, formerNode: FilterOutputStream 
19994      ERROR Test worker     d.u.i.k.j.KeYJPMapping    Duplicate registration of node: InputStream, formerNode: java.io.InputStream 
19994      ERROR Test worker     d.u.i.k.j.KeYJPMapping    Duplicate registration of node: InputStream, formerNode: java.io.InputStream 
19997      ERROR Test worker     d.u.i.k.j.KeYJPMapping    Duplicate registration of node: IOException, formerNode: IOException 
19998      ERROR Test worker     d.u.i.k.j.KeYJPMapping    Duplicate registration of node: OutputStream, formerNode: java.io.OutputStream 
19999      ERROR Test worker     d.u.i.k.j.KeYJPMapping    Duplicate registration of node: OutputStream, formerNode: java.io.OutputStream 
20007      ERROR Test worker     d.u.i.k.j.KeYJPMapping    Duplicate registration of node: PrintStream, formerNode: java.io.PrintStream 
20008      ERROR Test worker     d.u.i.k.j.KeYJPMapping    Duplicate registration of node: PrintStream, formerNode: java.io.PrintStream 
20009      ERROR Test worker     d.u.i.k.j.KeYJPMapping    Duplicate registration of node: Serializable, formerNode: Serializable 
20011      ERROR Test worker     d.u.i.k.j.KeYJPMapping    Duplicate registration of node: BigInteger, formerNode: java.math.BigInteger 
20014      ERROR Test worker     d.u.i.k.j.KeYJPMapping    Duplicate registration of node: BigInteger, formerNode: java.math.BigInteger 
20018      ERROR Test worker     d.u.i.k.j.KeYJPMapping    Duplicate registration of node: ArrayList, formerNode: ArrayList 
20022      ERROR Test worker     d.u.i.k.j.KeYJPMapping    Duplicate registration of node: byte[], formerNode: byte[] 
20083      ERROR Test worker     d.u.i.k.j.KeYJPMapping    Duplicate registration of node: Arrays, formerNode: Arrays 
20093      ERROR Test worker     d.u.i.k.j.KeYJPMapping    Duplicate registration of node: ListIteratorImpl, formerNode: ListIteratorImpl 
20094      ERROR Test worker     d.u.i.k.j.KeYJPMapping    Duplicate registration of node: Date, formerNode: Date 
20099      ERROR Test worker     d.u.i.k.j.KeYJPMapping    Duplicate registration of node: LinkedHashMap, formerNode: LinkedHashMap 
20102      ERROR Test worker     d.u.i.k.j.KeYJPMapping    Duplicate registration of node: /*@pure@*/
String, formerNode: /*@strictly_pure*/
java.lang.String 
20107      ERROR Test worker     d.u.i.k.j.KeYJPMapping    Duplicate registration of node: LinkedList, formerNode: LinkedList 
20114      ERROR Test worker     d.u.i.k.j.KeYJPMapping    Duplicate registration of node: IntegerMethods, formerNode: IntegerMethods 
20124      ERROR Test worker     d.u.i.k.j.KeYJPMapping    Duplicate registration of node: A, formerNode: A 
20144      ERROR Test worker     d.u.i.k.j.KeYJPMapping    Duplicate registration of node: A1, formerNode: A1 
20154      ERROR Test worker     d.u.i.k.j.KeYJPMapping    Duplicate registration of value: testTermParserHeap.A testTermParserHeap.A::next;, formerValue: testTermParserHeap.A testTermParserHeap.A::next; 
20155      ERROR Test worker     d.u.i.k.j.KeYJPMapping    Duplicate registration of value: testTermParserHeap.testTermParserHeap.A testTermParserHeap.A
  testTermParserHeap.A::next;, formerValue: testTermParserHeap.testTermParserHeap.A testTermParserHeap.A
  testTermParserHeap.A::next; 
20549      ERROR Test worker     d.u.i.k.j.KeYJPMapping    Duplicate registration of node: boolean, formerNode: /*@ pure @*/
boolean 
20555      ERROR Test worker     d.u.i.k.j.KeYJPMapping    Duplicate registration of node: Object, formerNode: java.lang.Object 
20556      ERROR Test worker     d.u.i.k.j.KeYJPMapping    Duplicate registration of node: Object, formerNode: java.lang.Object 
20558      ERROR Test worker     d.u.i.k.j.KeYJPMapping    Duplicate registration of node: Annotation, formerNode: Annotation 
20562      ERROR Test worker     d.u.i.k.j.KeYJPMapping    Duplicate registration of node: ArithmeticException, formerNode: ArithmeticException 
20564      ERROR Test worker     d.u.i.k.j.KeYJPMapping    Duplicate registration of node: ArrayIndexOutOfBoundsException, formerNode: ArrayIndexOutOfBoundsException 
20566      ERROR Test worker     d.u.i.k.j.KeYJPMapping    Duplicate registration of node: ArrayStoreException, formerNode: ArrayStoreException 
20569      ERROR Test worker     d.u.i.k.j.KeYJPMapping    Duplicate registration of node: AssertionError, formerNode: AssertionError 
20572      ERROR Test worker     d.u.i.k.j.KeYJPMapping    Duplicate registration of node: Character, formerNode: Character 
20573      ERROR Test worker     d.u.i.k.j.KeYJPMapping    Duplicate registration of node: Class, formerNode: java.lang.Class 
20575      ERROR Test worker     d.u.i.k.j.KeYJPMapping    Duplicate registration of node: Class, formerNode: java.lang.Class 
20577      ERROR Test worker     d.u.i.k.j.KeYJPMapping    Duplicate registration of node: ClassCastException, formerNode: ClassCastException 
20580      ERROR Test worker     d.u.i.k.j.KeYJPMapping    Duplicate registration of node: CloneNotSupportedException, formerNode: CloneNotSupportedException 
20581      ERROR Test worker     d.u.i.k.j.KeYJPMapping    Duplicate registration of node: Cloneable, formerNode: Cloneable 
20582      ERROR Test worker     d.u.i.k.j.KeYJPMapping    Duplicate registration of node: Comparable, formerNode: Comparable 
20584      ERROR Test worker     d.u.i.k.j.KeYJPMapping    Duplicate registration of node: Double, formerNode: Double 
20588      ERROR Test worker     d.u.i.k.j.KeYJPMapping    Duplicate registration of node: Enum, formerNode: java.lang.Enum 
20588      ERROR Test worker     d.u.i.k.j.KeYJPMapping    Duplicate registration of node: Enum, formerNode: java.lang.Enum 
20592      ERROR Test worker     d.u.i.k.j.KeYJPMapping    Duplicate registration of node: Error, formerNode: Error 
20595      ERROR Test worker     d.u.i.k.j.KeYJPMapping    Duplicate registration of node: Exception, formerNode: Exception 
20598      ERROR Test worker     d.u.i.k.j.KeYJPMapping    Duplicate registration of node: ExceptionInInitializerError, formerNode: java.lang.ExceptionInInitializerError 
20598      ERROR Test worker     d.u.i.k.j.KeYJPMapping    Duplicate registration of node: ExceptionInInitializerError, formerNode: java.lang.ExceptionInInitializerError 
20600      ERROR Test worker     d.u.i.k.j.KeYJPMapping    Duplicate registration of node: Float, formerNode: Float 
20602      ERROR Test worker     d.u.i.k.j.KeYJPMapping    Duplicate registration of node: IllegalArgumentException, formerNode: IllegalArgumentException 
20603      ERROR Test worker     d.u.i.k.j.KeYJPMapping    Duplicate registration of node: IndexOutOfBoundsException, formerNode: IndexOutOfBoundsException 
20623      ERROR Test worker     d.u.i.k.j.KeYJPMapping    Duplicate registration of node: Integer, formerNode: java.lang.Integer 
20624      ERROR Test worker     d.u.i.k.j.KeYJPMapping    Duplicate registration of node: Integer, formerNode: java.lang.Integer 
20626      ERROR Test worker     d.u.i.k.j.KeYJPMapping    Duplicate registration of node: InterruptedException, formerNode: InterruptedException 
20628      ERROR Test worker     d.u.i.k.j.KeYJPMapping    Duplicate registration of node: Iterable, formerNode: Iterable 
20630      ERROR Test worker     d.u.i.k.j.KeYJPMapping    Duplicate registration of node: LinkageError, formerNode: LinkageError 
20645      ERROR Test worker     d.u.i.k.j.KeYJPMapping    Duplicate registration of node: Math, formerNode: Math 
20647      ERROR Test worker     d.u.i.k.j.KeYJPMapping    Duplicate registration of node: NegativeArraySizeException, formerNode: NegativeArraySizeException 
20648      ERROR Test worker     d.u.i.k.j.KeYJPMapping    Duplicate registration of node: NoClassDefFoundError, formerNode: java.lang.NoClassDefFoundError 
20649      ERROR Test worker     d.u.i.k.j.KeYJPMapping    Duplicate registration of node: NoClassDefFoundError, formerNode: java.lang.NoClassDefFoundError 
20651      ERROR Test worker     d.u.i.k.j.KeYJPMapping    Duplicate registration of node: NullPointerException, formerNode: NullPointerException 
20653      ERROR Test worker     d.u.i.k.j.KeYJPMapping    Duplicate registration of node: Number, formerNode: Number 
20656      ERROR Test worker     d.u.i.k.j.KeYJPMapping    Duplicate registration of node: NumberFormatException, formerNode: NumberFormatException 
20657      ERROR Test worker     d.u.i.k.j.KeYJPMapping    Duplicate registration of node: VirtualMachineError, formerNode: VirtualMachineError 
20659      ERROR Test worker     d.u.i.k.j.KeYJPMapping    Duplicate registration of node: OutOfMemoryError, formerNode: OutOfMemoryError 
20661      ERROR Test worker     d.u.i.k.j.KeYJPMapping    Duplicate registration of node: Runnable, formerNode: Runnable 
20664      ERROR Test worker     d.u.i.k.j.KeYJPMapping    Duplicate registration of node: RuntimeException, formerNode: RuntimeException 
20664      ERROR Test worker     d.u.i.k.j.KeYJPMapping    Duplicate registration of node: /*@pure*/
int, formerNode: int 
20669      ERROR Test worker     d.u.i.k.j.KeYJPMapping    Duplicate registration of node: /*@ helper */
int, formerNode: int 
20670      ERROR Test worker     d.u.i.k.j.KeYJPMapping    Duplicate registration of node: /*@ helper */
boolean, formerNode: /*@ pure @*/
boolean 
20681      ERROR Test worker     d.u.i.k.j.KeYJPMapping    Duplicate registration of node: /*@ helper */
java.lang.String, formerNode: java.lang.String 
20695      ERROR Test worker     d.u.i.k.j.KeYJPMapping    Duplicate registration of node: String, formerNode: java.lang.String 
20719      ERROR Test worker     d.u.i.k.j.KeYJPMapping    Duplicate registration of node: String, formerNode: java.lang.String 
20722      ERROR Test worker     d.u.i.k.j.KeYJPMapping    Duplicate registration of node: char, formerNode: /*@ helper */
char 
20725      ERROR Test worker     d.u.i.k.j.KeYJPMapping    Duplicate registration of node: StringBuffer, formerNode: StringBuffer 
20729      ERROR Test worker     d.u.i.k.j.KeYJPMapping    Duplicate registration of node: System, formerNode: System 
20730      ERROR Test worker     d.u.i.k.j.KeYJPMapping    Duplicate registration of node: Thread, formerNode: Thread 
20735      ERROR Test worker     d.u.i.k.j.KeYJPMapping    Duplicate registration of node: Throwable, formerNode: java.lang.Throwable 
20736      ERROR Test worker     d.u.i.k.j.KeYJPMapping    Duplicate registration of node: Throwable, formerNode: java.lang.Throwable 
20743      ERROR Test worker     d.u.i.k.j.KeYJPMapping    Duplicate registration of node: Collection, formerNode: Collection 
20745      ERROR Test worker     d.u.i.k.j.KeYJPMapping    Duplicate registration of node: Iterator, formerNode: java.util.Iterator 
20745      ERROR Test worker     d.u.i.k.j.KeYJPMapping    Duplicate registration of node: Iterator, formerNode: java.util.Iterator 
20753      ERROR Test worker     d.u.i.k.j.KeYJPMapping    Duplicate registration of node: List, formerNode: java.util.List 
20754      ERROR Test worker     d.u.i.k.j.KeYJPMapping    Duplicate registration of node: List, formerNode: java.util.List 
20757      ERROR Test worker     d.u.i.k.j.KeYJPMapping    Duplicate registration of node: ListIterator, formerNode: java.util.ListIterator 
20758      ERROR Test worker     d.u.i.k.j.KeYJPMapping    Duplicate registration of node: ListIterator, formerNode: java.util.ListIterator 
20761      ERROR Test worker     d.u.i.k.j.KeYJPMapping    Duplicate registration of node: Long, formerNode: Long 
20763      ERROR Test worker     d.u.i.k.j.KeYJPMapping    Duplicate registration of node: Boolean, formerNode: Boolean 
20770      ERROR Test worker     d.u.i.k.j.KeYJPMapping    Duplicate registration of node: Map, formerNode: Map 
20775      ERROR Test worker     d.u.i.k.j.KeYJPMapping    Duplicate registration of node: Set, formerNode: java.util.Set 
20776      ERROR Test worker     d.u.i.k.j.KeYJPMapping    Duplicate registration of node: Set, formerNode: java.util.Set 
20778      ERROR Test worker     d.u.i.k.j.KeYJPMapping    Duplicate registration of node: FilterOutputStream, formerNode: FilterOutputStream 
20779      ERROR Test worker     d.u.i.k.j.KeYJPMapping    Duplicate registration of node: InputStream, formerNode: java.io.InputStream 
20780      ERROR Test worker     d.u.i.k.j.KeYJPMapping    Duplicate registration of node: InputStream, formerNode: java.io.InputStream 
20783      ERROR Test worker     d.u.i.k.j.KeYJPMapping    Duplicate registration of node: IOException, formerNode: IOException 
20784      ERROR Test worker     d.u.i.k.j.KeYJPMapping    Duplicate registration of node: OutputStream, formerNode: java.io.OutputStream 
20784      ERROR Test worker     d.u.i.k.j.KeYJPMapping    Duplicate registration of node: OutputStream, formerNode: java.io.OutputStream 
20793      ERROR Test worker     d.u.i.k.j.KeYJPMapping    Duplicate registration of node: PrintStream, formerNode: java.io.PrintStream 
20793      ERROR Test worker     d.u.i.k.j.KeYJPMapping    Duplicate registration of node: PrintStream, formerNode: java.io.PrintStream 
20794      ERROR Test worker     d.u.i.k.j.KeYJPMapping    Duplicate registration of node: Serializable, formerNode: Serializable 
20796      ERROR Test worker     d.u.i.k.j.KeYJPMapping    Duplicate registration of node: BigInteger, formerNode: java.math.BigInteger 
20799      ERROR Test worker     d.u.i.k.j.KeYJPMapping    Duplicate registration of node: BigInteger, formerNode: java.math.BigInteger 
20801      ERROR Test worker     d.u.i.k.j.KeYJPMapping    Duplicate registration of node: ArrayList, formerNode: ArrayList 
20805      ERROR Test worker     d.u.i.k.j.KeYJPMapping    Duplicate registration of node: byte[], formerNode: byte[] 
20829      ERROR Test worker     d.u.i.k.j.KeYJPMapping    Duplicate registration of node: Arrays, formerNode: Arrays 
20831      ERROR Test worker     d.u.i.k.j.KeYJPMapping    Duplicate registration of node: ListIteratorImpl, formerNode: ListIteratorImpl 
20832      ERROR Test worker     d.u.i.k.j.KeYJPMapping    Duplicate registration of node: Date, formerNode: Date 
20834      ERROR Test worker     d.u.i.k.j.KeYJPMapping    Duplicate registration of node: LinkedHashMap, formerNode: LinkedHashMap 
20836      ERROR Test worker     d.u.i.k.j.KeYJPMapping    Duplicate registration of node: /*@pure@*/
String, formerNode: /*@strictly_pure*/
java.lang.String 
20837      ERROR Test worker     d.u.i.k.j.KeYJPMapping    Duplicate registration of node: LinkedList, formerNode: LinkedList 
20841      ERROR Test worker     d.u.i.k.j.KeYJPMapping    Duplicate registration of node: IntegerMethods, formerNode: IntegerMethods 
20846      ERROR Test worker     d.u.i.k.j.KeYJPMapping    Duplicate registration of node: A, formerNode: A 
20856      ERROR Test worker     d.u.i.k.j.KeYJPMapping    Duplicate registration of node: A1, formerNode: A1 
20866      ERROR Test worker     d.u.i.k.j.KeYJPMapping    Duplicate registration of value: testTermParserHeap.A testTermParserHeap.A::next;, formerValue: testTermParserHeap.A testTermParserHeap.A::next; 
20866      ERROR Test worker     d.u.i.k.j.KeYJPMapping    Duplicate registration of value: testTermParserHeap.testTermParserHeap.A testTermParserHeap.A
  testTermParserHeap.A::next;, formerValue: testTermParserHeap.testTermParserHeap.A testTermParserHeap.A
  testTermParserHeap.A::next; 
21269      ERROR Test worker     d.u.i.k.j.KeYJPMapping    Duplicate registration of node: boolean, formerNode: /*@ pure @*/
boolean 
21278      ERROR Test worker     d.u.i.k.j.KeYJPMapping    Duplicate registration of node: Object, formerNode: java.lang.Object 
21279      ERROR Test worker     d.u.i.k.j.KeYJPMapping    Duplicate registration of node: Object, formerNode: java.lang.Object 
21282      ERROR Test worker     d.u.i.k.j.KeYJPMapping    Duplicate registration of node: Annotation, formerNode: Annotation 
21286      ERROR Test worker     d.u.i.k.j.KeYJPMapping    Duplicate registration of node: ArithmeticException, formerNode: ArithmeticException 
21289      ERROR Test worker     d.u.i.k.j.KeYJPMapping    Duplicate registration of node: ArrayIndexOutOfBoundsException, formerNode: ArrayIndexOutOfBoundsException 
21292      ERROR Test worker     d.u.i.k.j.KeYJPMapping    Duplicate registration of node: ArrayStoreException, formerNode: ArrayStoreException 
21296      ERROR Test worker     d.u.i.k.j.KeYJPMapping    Duplicate registration of node: AssertionError, formerNode: AssertionError 
21300      ERROR Test worker     d.u.i.k.j.KeYJPMapping    Duplicate registration of node: Character, formerNode: Character 
21302      ERROR Test worker     d.u.i.k.j.KeYJPMapping    Duplicate registration of node: Class, formerNode: java.lang.Class 
21302      ERROR Test worker     d.u.i.k.j.KeYJPMapping    Duplicate registration of node: Class, formerNode: java.lang.Class 
21305      ERROR Test worker     d.u.i.k.j.KeYJPMapping    Duplicate registration of node: ClassCastException, formerNode: ClassCastException 
21308      ERROR Test worker     d.u.i.k.j.KeYJPMapping    Duplicate registration of node: CloneNotSupportedException, formerNode: CloneNotSupportedException 
21310      ERROR Test worker     d.u.i.k.j.KeYJPMapping    Duplicate registration of node: Cloneable, formerNode: Cloneable 
21315      ERROR Test worker     d.u.i.k.j.KeYJPMapping    Duplicate registration of node: Comparable, formerNode: Comparable 
21319      ERROR Test worker     d.u.i.k.j.KeYJPMapping    Duplicate registration of node: Double, formerNode: Double 
21322      ERROR Test worker     d.u.i.k.j.KeYJPMapping    Duplicate registration of node: Enum, formerNode: java.lang.Enum 
21323      ERROR Test worker     d.u.i.k.j.KeYJPMapping    Duplicate registration of node: Enum, formerNode: java.lang.Enum 
21330      ERROR Test worker     d.u.i.k.j.KeYJPMapping    Duplicate registration of node: Error, formerNode: Error 
21333      ERROR Test worker     d.u.i.k.j.KeYJPMapping    Duplicate registration of node: Exception, formerNode: Exception 
21336      ERROR Test worker     d.u.i.k.j.KeYJPMapping    Duplicate registration of node: ExceptionInInitializerError, formerNode: java.lang.ExceptionInInitializerError 
21336      ERROR Test worker     d.u.i.k.j.KeYJPMapping    Duplicate registration of node: ExceptionInInitializerError, formerNode: java.lang.ExceptionInInitializerError 
21340      ERROR Test worker     d.u.i.k.j.KeYJPMapping    Duplicate registration of node: Float, formerNode: Float 
21341      ERROR Test worker     d.u.i.k.j.KeYJPMapping    Duplicate registration of node: IllegalArgumentException, formerNode: IllegalArgumentException 
21343      ERROR Test worker     d.u.i.k.j.KeYJPMapping    Duplicate registration of node: IndexOutOfBoundsException, formerNode: IndexOutOfBoundsException 
21372      ERROR Test worker     d.u.i.k.j.KeYJPMapping    Duplicate registration of node: Integer, formerNode: java.lang.Integer 
21373      ERROR Test worker     d.u.i.k.j.KeYJPMapping    Duplicate registration of node: Integer, formerNode: java.lang.Integer 
21375      ERROR Test worker     d.u.i.k.j.KeYJPMapping    Duplicate registration of node: InterruptedException, formerNode: InterruptedException 
21377      ERROR Test worker     d.u.i.k.j.KeYJPMapping    Duplicate registration of node: Iterable, formerNode: Iterable 
21378      ERROR Test worker     d.u.i.k.j.KeYJPMapping    Duplicate registration of node: LinkageError, formerNode: LinkageError 
21392      ERROR Test worker     d.u.i.k.j.KeYJPMapping    Duplicate registration of node: Math, formerNode: Math 
21394      ERROR Test worker     d.u.i.k.j.KeYJPMapping    Duplicate registration of node: NegativeArraySizeException, formerNode: NegativeArraySizeException 
21395      ERROR Test worker     d.u.i.k.j.KeYJPMapping    Duplicate registration of node: NoClassDefFoundError, formerNode: java.lang.NoClassDefFoundError 
21396      ERROR Test worker     d.u.i.k.j.KeYJPMapping    Duplicate registration of node: NoClassDefFoundError, formerNode: java.lang.NoClassDefFoundError 
21398      ERROR Test worker     d.u.i.k.j.KeYJPMapping    Duplicate registration of node: NullPointerException, formerNode: NullPointerException 
21400      ERROR Test worker     d.u.i.k.j.KeYJPMapping    Duplicate registration of node: Number, formerNode: Number 
21403      ERROR Test worker     d.u.i.k.j.KeYJPMapping    Duplicate registration of node: NumberFormatException, formerNode: NumberFormatException 
21405      ERROR Test worker     d.u.i.k.j.KeYJPMapping    Duplicate registration of node: VirtualMachineError, formerNode: VirtualMachineError 
21408      ERROR Test worker     d.u.i.k.j.KeYJPMapping    Duplicate registration of node: OutOfMemoryError, formerNode: OutOfMemoryError 
21409      ERROR Test worker     d.u.i.k.j.KeYJPMapping    Duplicate registration of node: Runnable, formerNode: Runnable 
21412      ERROR Test worker     d.u.i.k.j.KeYJPMapping    Duplicate registration of node: RuntimeException, formerNode: RuntimeException 
21413      ERROR Test worker     d.u.i.k.j.KeYJPMapping    Duplicate registration of node: /*@pure*/
int, formerNode: int 
21427      ERROR Test worker     d.u.i.k.j.KeYJPMapping    Duplicate registration of node: /*@ helper */
int, formerNode: int 
21428      ERROR Test worker     d.u.i.k.j.KeYJPMapping    Duplicate registration of node: /*@ helper */
boolean, formerNode: /*@ pure @*/
boolean 
21441      ERROR Test worker     d.u.i.k.j.KeYJPMapping    Duplicate registration of node: /*@ helper */
java.lang.String, formerNode: java.lang.String 
21455      ERROR Test worker     d.u.i.k.j.KeYJPMapping    Duplicate registration of node: String, formerNode: java.lang.String 
21481      ERROR Test worker     d.u.i.k.j.KeYJPMapping    Duplicate registration of node: String, formerNode: java.lang.String 
21484      ERROR Test worker     d.u.i.k.j.KeYJPMapping    Duplicate registration of node: char, formerNode: /*@ helper */
char 
21487      ERROR Test worker     d.u.i.k.j.KeYJPMapping    Duplicate registration of node: StringBuffer, formerNode: StringBuffer 
21492      ERROR Test worker     d.u.i.k.j.KeYJPMapping    Duplicate registration of node: System, formerNode: System 
21493      ERROR Test worker     d.u.i.k.j.KeYJPMapping    Duplicate registration of node: Thread, formerNode: Thread 
21497      ERROR Test worker     d.u.i.k.j.KeYJPMapping    Duplicate registration of node: Throwable, formerNode: java.lang.Throwable 
21499      ERROR Test worker     d.u.i.k.j.KeYJPMapping    Duplicate registration of node: Throwable, formerNode: java.lang.Throwable 
21506      ERROR Test worker     d.u.i.k.j.KeYJPMapping    Duplicate registration of node: Collection, formerNode: Collection 
21508      ERROR Test worker     d.u.i.k.j.KeYJPMapping    Duplicate registration of node: Iterator, formerNode: java.util.Iterator 
21508      ERROR Test worker     d.u.i.k.j.KeYJPMapping    Duplicate registration of node: Iterator, formerNode: java.util.Iterator 
21515      ERROR Test worker     d.u.i.k.j.KeYJPMapping    Duplicate registration of node: List, formerNode: java.util.List 
21515      ERROR Test worker     d.u.i.k.j.KeYJPMapping    Duplicate registration of node: List, formerNode: java.util.List 
21520      ERROR Test worker     d.u.i.k.j.KeYJPMapping    Duplicate registration of node: ListIterator, formerNode: java.util.ListIterator 
21520      ERROR Test worker     d.u.i.k.j.KeYJPMapping    Duplicate registration of node: ListIterator, formerNode: java.util.ListIterator 
21523      ERROR Test worker     d.u.i.k.j.KeYJPMapping    Duplicate registration of node: Long, formerNode: Long 
21524      ERROR Test worker     d.u.i.k.j.KeYJPMapping    Duplicate registration of node: Boolean, formerNode: Boolean 
21530      ERROR Test worker     d.u.i.k.j.KeYJPMapping    Duplicate registration of node: Map, formerNode: Map 
21540      ERROR Test worker     d.u.i.k.j.KeYJPMapping    Duplicate registration of node: Set, formerNode: java.util.Set 
21540      ERROR Test worker     d.u.i.k.j.KeYJPMapping    Duplicate registration of node: Set, formerNode: java.util.Set 
21543      ERROR Test worker     d.u.i.k.j.KeYJPMapping    Duplicate registration of node: FilterOutputStream, formerNode: FilterOutputStream 
21544      ERROR Test worker     d.u.i.k.j.KeYJPMapping    Duplicate registration of node: InputStream, formerNode: java.io.InputStream 
21545      ERROR Test worker     d.u.i.k.j.KeYJPMapping    Duplicate registration of node: InputStream, formerNode: java.io.InputStream 
21548      ERROR Test worker     d.u.i.k.j.KeYJPMapping    Duplicate registration of node: IOException, formerNode: IOException 
21549      ERROR Test worker     d.u.i.k.j.KeYJPMapping    Duplicate registration of node: OutputStream, formerNode: java.io.OutputStream 
21550      ERROR Test worker     d.u.i.k.j.KeYJPMapping    Duplicate registration of node: OutputStream, formerNode: java.io.OutputStream 
21557      ERROR Test worker     d.u.i.k.j.KeYJPMapping    Duplicate registration of node: PrintStream, formerNode: java.io.PrintStream 
21558      ERROR Test worker     d.u.i.k.j.KeYJPMapping    Duplicate registration of node: PrintStream, formerNode: java.io.PrintStream 
21559      ERROR Test worker     d.u.i.k.j.KeYJPMapping    Duplicate registration of node: Serializable, formerNode: Serializable 
21561      ERROR Test worker     d.u.i.k.j.KeYJPMapping    Duplicate registration of node: BigInteger, formerNode: java.math.BigInteger 
21565      ERROR Test worker     d.u.i.k.j.KeYJPMapping    Duplicate registration of node: BigInteger, formerNode: java.math.BigInteger 
21567      ERROR Test worker     d.u.i.k.j.KeYJPMapping    Duplicate registration of node: ArrayList, formerNode: ArrayList 
21572      ERROR Test worker     d.u.i.k.j.KeYJPMapping    Duplicate registration of node: byte[], formerNode: byte[] 
21598      ERROR Test worker     d.u.i.k.j.KeYJPMapping    Duplicate registration of node: Arrays, formerNode: Arrays 
21600      ERROR Test worker     d.u.i.k.j.KeYJPMapping    Duplicate registration of node: ListIteratorImpl, formerNode: ListIteratorImpl 
21602      ERROR Test worker     d.u.i.k.j.KeYJPMapping    Duplicate registration of node: Date, formerNode: Date 
21603      ERROR Test worker     d.u.i.k.j.KeYJPMapping    Duplicate registration of node: LinkedHashMap, formerNode: LinkedHashMap 
21605      ERROR Test worker     d.u.i.k.j.KeYJPMapping    Duplicate registration of node: /*@pure@*/
String, formerNode: /*@strictly_pure*/
java.lang.String 
21610      ERROR Test worker     d.u.i.k.j.KeYJPMapping    Duplicate registration of node: LinkedList, formerNode: LinkedList 
21613      ERROR Test worker     d.u.i.k.j.KeYJPMapping    Duplicate registration of node: IntegerMethods, formerNode: IntegerMethods 
21621      ERROR Test worker     d.u.i.k.j.KeYJPMapping    Duplicate registration of node: A, formerNode: A 
21630      ERROR Test worker     d.u.i.k.j.KeYJPMapping    Duplicate registration of node: A1, formerNode: A1 
21639      ERROR Test worker     d.u.i.k.j.KeYJPMapping    Duplicate registration of value: testTermParserHeap.A testTermParserHeap.A::next;, formerValue: testTermParserHeap.A testTermParserHeap.A::next; 
21640      ERROR Test worker     d.u.i.k.j.KeYJPMapping    Duplicate registration of value: testTermParserHeap.testTermParserHeap.A testTermParserHeap.A
  testTermParserHeap.A::next;, formerValue: testTermParserHeap.testTermParserHeap.A testTermParserHeap.A
  testTermParserHeap.A::next; 
22028      ERROR Test worker     d.u.i.k.j.KeYJPMapping    Duplicate registration of node: boolean, formerNode: /*@ pure @*/
boolean 
22035      ERROR Test worker     d.u.i.k.j.KeYJPMapping    Duplicate registration of node: Object, formerNode: java.lang.Object 
22035      ERROR Test worker     d.u.i.k.j.KeYJPMapping    Duplicate registration of node: Object, formerNode: java.lang.Object 
22038      ERROR Test worker     d.u.i.k.j.KeYJPMapping    Duplicate registration of node: Annotation, formerNode: Annotation 
22041      ERROR Test worker     d.u.i.k.j.KeYJPMapping    Duplicate registration of node: ArithmeticException, formerNode: ArithmeticException 
22044      ERROR Test worker     d.u.i.k.j.KeYJPMapping    Duplicate registration of node: ArrayIndexOutOfBoundsException, formerNode: ArrayIndexOutOfBoundsException 
22046      ERROR Test worker     d.u.i.k.j.KeYJPMapping    Duplicate registration of node: ArrayStoreException, formerNode: ArrayStoreException 
22049      ERROR Test worker     d.u.i.k.j.KeYJPMapping    Duplicate registration of node: AssertionError, formerNode: AssertionError 
22052      ERROR Test worker     d.u.i.k.j.KeYJPMapping    Duplicate registration of node: Character, formerNode: Character 
22054      ERROR Test worker     d.u.i.k.j.KeYJPMapping    Duplicate registration of node: Class, formerNode: java.lang.Class 
22054      ERROR Test worker     d.u.i.k.j.KeYJPMapping    Duplicate registration of node: Class, formerNode: java.lang.Class 
22056      ERROR Test worker     d.u.i.k.j.KeYJPMapping    Duplicate registration of node: ClassCastException, formerNode: ClassCastException 
22058      ERROR Test worker     d.u.i.k.j.KeYJPMapping    Duplicate registration of node: CloneNotSupportedException, formerNode: CloneNotSupportedException 
22059      ERROR Test worker     d.u.i.k.j.KeYJPMapping    Duplicate registration of node: Cloneable, formerNode: Cloneable 
22061      ERROR Test worker     d.u.i.k.j.KeYJPMapping    Duplicate registration of node: Comparable, formerNode: Comparable 
22062      ERROR Test worker     d.u.i.k.j.KeYJPMapping    Duplicate registration of node: Double, formerNode: Double 
22066      ERROR Test worker     d.u.i.k.j.KeYJPMapping    Duplicate registration of node: Enum, formerNode: java.lang.Enum 
22067      ERROR Test worker     d.u.i.k.j.KeYJPMapping    Duplicate registration of node: Enum, formerNode: java.lang.Enum 
22070      ERROR Test worker     d.u.i.k.j.KeYJPMapping    Duplicate registration of node: Error, formerNode: Error 
22073      ERROR Test worker     d.u.i.k.j.KeYJPMapping    Duplicate registration of node: Exception, formerNode: Exception 
22076      ERROR Test worker     d.u.i.k.j.KeYJPMapping    Duplicate registration of node: ExceptionInInitializerError, formerNode: java.lang.ExceptionInInitializerError 
22077      ERROR Test worker     d.u.i.k.j.KeYJPMapping    Duplicate registration of node: ExceptionInInitializerError, formerNode: java.lang.ExceptionInInitializerError 
22078      ERROR Test worker     d.u.i.k.j.KeYJPMapping    Duplicate registration of node: Float, formerNode: Float 
22080      ERROR Test worker     d.u.i.k.j.KeYJPMapping    Duplicate registration of node: IllegalArgumentException, formerNode: IllegalArgumentException 
22081      ERROR Test worker     d.u.i.k.j.KeYJPMapping    Duplicate registration of node: IndexOutOfBoundsException, formerNode: IndexOutOfBoundsException 
22104      ERROR Test worker     d.u.i.k.j.KeYJPMapping    Duplicate registration of node: Integer, formerNode: java.lang.Integer 
22106      ERROR Test worker     d.u.i.k.j.KeYJPMapping    Duplicate registration of node: Integer, formerNode: java.lang.Integer 
22108      ERROR Test worker     d.u.i.k.j.KeYJPMapping    Duplicate registration of node: InterruptedException, formerNode: InterruptedException 
22109      ERROR Test worker     d.u.i.k.j.KeYJPMapping    Duplicate registration of node: Iterable, formerNode: Iterable 
22111      ERROR Test worker     d.u.i.k.j.KeYJPMapping    Duplicate registration of node: LinkageError, formerNode: LinkageError 
22131      ERROR Test worker     d.u.i.k.j.KeYJPMapping    Duplicate registration of node: Math, formerNode: Math 
22134      ERROR Test worker     d.u.i.k.j.KeYJPMapping    Duplicate registration of node: NegativeArraySizeException, formerNode: NegativeArraySizeException 
22135      ERROR Test worker     d.u.i.k.j.KeYJPMapping    Duplicate registration of node: NoClassDefFoundError, formerNode: java.lang.NoClassDefFoundError 
22136      ERROR Test worker     d.u.i.k.j.KeYJPMapping    Duplicate registration of node: NoClassDefFoundError, formerNode: java.lang.NoClassDefFoundError 
22137      ERROR Test worker     d.u.i.k.j.KeYJPMapping    Duplicate registration of node: NullPointerException, formerNode: NullPointerException 
22139      ERROR Test worker     d.u.i.k.j.KeYJPMapping    Duplicate registration of node: Number, formerNode: Number 
22143      ERROR Test worker     d.u.i.k.j.KeYJPMapping    Duplicate registration of node: NumberFormatException, formerNode: NumberFormatException 
22145      ERROR Test worker     d.u.i.k.j.KeYJPMapping    Duplicate registration of node: VirtualMachineError, formerNode: VirtualMachineError 
22148      ERROR Test worker     d.u.i.k.j.KeYJPMapping    Duplicate registration of node: OutOfMemoryError, formerNode: OutOfMemoryError 
22149      ERROR Test worker     d.u.i.k.j.KeYJPMapping    Duplicate registration of node: Runnable, formerNode: Runnable 
22151      ERROR Test worker     d.u.i.k.j.KeYJPMapping    Duplicate registration of node: RuntimeException, formerNode: RuntimeException 
22152      ERROR Test worker     d.u.i.k.j.KeYJPMapping    Duplicate registration of node: /*@pure*/
int, formerNode: int 
22157      ERROR Test worker     d.u.i.k.j.KeYJPMapping    Duplicate registration of node: /*@ helper */
int, formerNode: int 
22158      ERROR Test worker     d.u.i.k.j.KeYJPMapping    Duplicate registration of node: /*@ helper */
boolean, formerNode: /*@ pure @*/
boolean 
22170      ERROR Test worker     d.u.i.k.j.KeYJPMapping    Duplicate registration of node: /*@ helper */
java.lang.String, formerNode: java.lang.String 
22183      ERROR Test worker     d.u.i.k.j.KeYJPMapping    Duplicate registration of node: String, formerNode: java.lang.String 
22209      ERROR Test worker     d.u.i.k.j.KeYJPMapping    Duplicate registration of node: String, formerNode: java.lang.String 
22213      ERROR Test worker     d.u.i.k.j.KeYJPMapping    Duplicate registration of node: char, formerNode: /*@ helper */
char 
22217      ERROR Test worker     d.u.i.k.j.KeYJPMapping    Duplicate registration of node: StringBuffer, formerNode: StringBuffer 
22222      ERROR Test worker     d.u.i.k.j.KeYJPMapping    Duplicate registration of node: System, formerNode: System 
22223      ERROR Test worker     d.u.i.k.j.KeYJPMapping    Duplicate registration of node: Thread, formerNode: Thread 
22228      ERROR Test worker     d.u.i.k.j.KeYJPMapping    Duplicate registration of node: Throwable, formerNode: java.lang.Throwable 
22229      ERROR Test worker     d.u.i.k.j.KeYJPMapping    Duplicate registration of node: Throwable, formerNode: java.lang.Throwable 
22237      ERROR Test worker     d.u.i.k.j.KeYJPMapping    Duplicate registration of node: Collection, formerNode: Collection 
22239      ERROR Test worker     d.u.i.k.j.KeYJPMapping    Duplicate registration of node: Iterator, formerNode: java.util.Iterator 
22239      ERROR Test worker     d.u.i.k.j.KeYJPMapping    Duplicate registration of node: Iterator, formerNode: java.util.Iterator 
22251      ERROR Test worker     d.u.i.k.j.KeYJPMapping    Duplicate registration of node: List, formerNode: java.util.List 
22252      ERROR Test worker     d.u.i.k.j.KeYJPMapping    Duplicate registration of node: List, formerNode: java.util.List 
22256      ERROR Test worker     d.u.i.k.j.KeYJPMapping    Duplicate registration of node: ListIterator, formerNode: java.util.ListIterator 
22256      ERROR Test worker     d.u.i.k.j.KeYJPMapping    Duplicate registration of node: ListIterator, formerNode: java.util.ListIterator 
22262      ERROR Test worker     d.u.i.k.j.KeYJPMapping    Duplicate registration of node: Long, formerNode: Long 
22263      ERROR Test worker     d.u.i.k.j.KeYJPMapping    Duplicate registration of node: Boolean, formerNode: Boolean 
22269      ERROR Test worker     d.u.i.k.j.KeYJPMapping    Duplicate registration of node: Map, formerNode: Map 
22274      ERROR Test worker     d.u.i.k.j.KeYJPMapping    Duplicate registration of node: Set, formerNode: java.util.Set 
22274      ERROR Test worker     d.u.i.k.j.KeYJPMapping    Duplicate registration of node: Set, formerNode: java.util.Set 
22277      ERROR Test worker     d.u.i.k.j.KeYJPMapping    Duplicate registration of node: FilterOutputStream, formerNode: FilterOutputStream 
22282      ERROR Test worker     d.u.i.k.j.KeYJPMapping    Duplicate registration of node: InputStream, formerNode: java.io.InputStream 
22283      ERROR Test worker     d.u.i.k.j.KeYJPMapping    Duplicate registration of node: InputStream, formerNode: java.io.InputStream 
22285      ERROR Test worker     d.u.i.k.j.KeYJPMapping    Duplicate registration of node: IOException, formerNode: IOException 
22286      ERROR Test worker     d.u.i.k.j.KeYJPMapping    Duplicate registration of node: OutputStream, formerNode: java.io.OutputStream 
22287      ERROR Test worker     d.u.i.k.j.KeYJPMapping    Duplicate registration of node: OutputStream, formerNode: java.io.OutputStream 
22293      ERROR Test worker     d.u.i.k.j.KeYJPMapping    Duplicate registration of node: PrintStream, formerNode: java.io.PrintStream 
22294      ERROR Test worker     d.u.i.k.j.KeYJPMapping    Duplicate registration of node: PrintStream, formerNode: java.io.PrintStream 
22294      ERROR Test worker     d.u.i.k.j.KeYJPMapping    Duplicate registration of node: Serializable, formerNode: Serializable 
22296      ERROR Test worker     d.u.i.k.j.KeYJPMapping    Duplicate registration of node: BigInteger, formerNode: java.math.BigInteger 
22300      ERROR Test worker     d.u.i.k.j.KeYJPMapping    Duplicate registration of node: BigInteger, formerNode: java.math.BigInteger 
22303      ERROR Test worker     d.u.i.k.j.KeYJPMapping    Duplicate registration of node: ArrayList, formerNode: ArrayList 
22307      ERROR Test worker     d.u.i.k.j.KeYJPMapping    Duplicate registration of node: byte[], formerNode: byte[] 
22333      ERROR Test worker     d.u.i.k.j.KeYJPMapping    Duplicate registration of node: Arrays, formerNode: Arrays 
22335      ERROR Test worker     d.u.i.k.j.KeYJPMapping    Duplicate registration of node: ListIteratorImpl, formerNode: ListIteratorImpl 
22336      ERROR Test worker     d.u.i.k.j.KeYJPMapping    Duplicate registration of node: Date, formerNode: Date 
22337      ERROR Test worker     d.u.i.k.j.KeYJPMapping    Duplicate registration of node: LinkedHashMap, formerNode: LinkedHashMap 
22339      ERROR Test worker     d.u.i.k.j.KeYJPMapping    Duplicate registration of node: /*@pure@*/
String, formerNode: /*@strictly_pure*/
java.lang.String 
22341      ERROR Test worker     d.u.i.k.j.KeYJPMapping    Duplicate registration of node: LinkedList, formerNode: LinkedList 
22347      ERROR Test worker     d.u.i.k.j.KeYJPMapping    Duplicate registration of node: IntegerMethods, formerNode: IntegerMethods 
22351      ERROR Test worker     d.u.i.k.j.KeYJPMapping    Duplicate registration of node: A, formerNode: A 
22358      ERROR Test worker     d.u.i.k.j.KeYJPMapping    Duplicate registration of node: A1, formerNode: A1 
22369      ERROR Test worker     d.u.i.k.j.KeYJPMapping    Duplicate registration of value: testTermParserHeap.A testTermParserHeap.A::next;, formerValue: testTermParserHeap.A testTermParserHeap.A::next; 
22369      ERROR Test worker     d.u.i.k.j.KeYJPMapping    Duplicate registration of value: testTermParserHeap.testTermParserHeap.A testTermParserHeap.A
  testTermParserHeap.A::next;, formerValue: testTermParserHeap.testTermParserHeap.A testTermParserHeap.A
  testTermParserHeap.A::next; 
22751      ERROR Test worker     d.u.i.k.j.KeYJPMapping    Duplicate registration of node: boolean, formerNode: /*@ pure @*/
boolean 
22757      ERROR Test worker     d.u.i.k.j.KeYJPMapping    Duplicate registration of node: Object, formerNode: java.lang.Object 
22758      ERROR Test worker     d.u.i.k.j.KeYJPMapping    Duplicate registration of node: Object, formerNode: java.lang.Object 
22760      ERROR Test worker     d.u.i.k.j.KeYJPMapping    Duplicate registration of node: Annotation, formerNode: Annotation 
22763      ERROR Test worker     d.u.i.k.j.KeYJPMapping    Duplicate registration of node: ArithmeticException, formerNode: ArithmeticException 
22766      ERROR Test worker     d.u.i.k.j.KeYJPMapping    Duplicate registration of node: ArrayIndexOutOfBoundsException, formerNode: ArrayIndexOutOfBoundsException 
22768      ERROR Test worker     d.u.i.k.j.KeYJPMapping    Duplicate registration of node: ArrayStoreException, formerNode: ArrayStoreException 
22771      ERROR Test worker     d.u.i.k.j.KeYJPMapping    Duplicate registration of node: AssertionError, formerNode: AssertionError 
22783      ERROR Test worker     d.u.i.k.j.KeYJPMapping    Duplicate registration of node: Character, formerNode: Character 
22784      ERROR Test worker     d.u.i.k.j.KeYJPMapping    Duplicate registration of node: Class, formerNode: java.lang.Class 
22785      ERROR Test worker     d.u.i.k.j.KeYJPMapping    Duplicate registration of node: Class, formerNode: java.lang.Class 
22787      ERROR Test worker     d.u.i.k.j.KeYJPMapping    Duplicate registration of node: ClassCastException, formerNode: ClassCastException 
22789      ERROR Test worker     d.u.i.k.j.KeYJPMapping    Duplicate registration of node: CloneNotSupportedException, formerNode: CloneNotSupportedException 
22791      ERROR Test worker     d.u.i.k.j.KeYJPMapping    Duplicate registration of node: Cloneable, formerNode: Cloneable 
22792      ERROR Test worker     d.u.i.k.j.KeYJPMapping    Duplicate registration of node: Comparable, formerNode: Comparable 
22794      ERROR Test worker     d.u.i.k.j.KeYJPMapping    Duplicate registration of node: Double, formerNode: Double 
22797      ERROR Test worker     d.u.i.k.j.KeYJPMapping    Duplicate registration of node: Enum, formerNode: java.lang.Enum 
22798      ERROR Test worker     d.u.i.k.j.KeYJPMapping    Duplicate registration of node: Enum, formerNode: java.lang.Enum 
22802      ERROR Test worker     d.u.i.k.j.KeYJPMapping    Duplicate registration of node: Error, formerNode: Error 
22804      ERROR Test worker     d.u.i.k.j.KeYJPMapping    Duplicate registration of node: Exception, formerNode: Exception 
22807      ERROR Test worker     d.u.i.k.j.KeYJPMapping    Duplicate registration of node: ExceptionInInitializerError, formerNode: java.lang.ExceptionInInitializerError 
22808      ERROR Test worker     d.u.i.k.j.KeYJPMapping    Duplicate registration of node: ExceptionInInitializerError, formerNode: java.lang.ExceptionInInitializerError 
22809      ERROR Test worker     d.u.i.k.j.KeYJPMapping    Duplicate registration of node: Float, formerNode: Float 
22811      ERROR Test worker     d.u.i.k.j.KeYJPMapping    Duplicate registration of node: IllegalArgumentException, formerNode: IllegalArgumentException 
22812      ERROR Test worker     d.u.i.k.j.KeYJPMapping    Duplicate registration of node: IndexOutOfBoundsException, formerNode: IndexOutOfBoundsException 
22834      ERROR Test worker     d.u.i.k.j.KeYJPMapping    Duplicate registration of node: Integer, formerNode: java.lang.Integer 
22835      ERROR Test worker     d.u.i.k.j.KeYJPMapping    Duplicate registration of node: Integer, formerNode: java.lang.Integer 
22837      ERROR Test worker     d.u.i.k.j.KeYJPMapping    Duplicate registration of node: InterruptedException, formerNode: InterruptedException 
22839      ERROR Test worker     d.u.i.k.j.KeYJPMapping    Duplicate registration of node: Iterable, formerNode: Iterable 
22841      ERROR Test worker     d.u.i.k.j.KeYJPMapping    Duplicate registration of node: LinkageError, formerNode: LinkageError 
22856      ERROR Test worker     d.u.i.k.j.KeYJPMapping    Duplicate registration of node: Math, formerNode: Math 
22858      ERROR Test worker     d.u.i.k.j.KeYJPMapping    Duplicate registration of node: NegativeArraySizeException, formerNode: NegativeArraySizeException 
22860      ERROR Test worker     d.u.i.k.j.KeYJPMapping    Duplicate registration of node: NoClassDefFoundError, formerNode: java.lang.NoClassDefFoundError 
22861      ERROR Test worker     d.u.i.k.j.KeYJPMapping    Duplicate registration of node: NoClassDefFoundError, formerNode: java.lang.NoClassDefFoundError 
22863      ERROR Test worker     d.u.i.k.j.KeYJPMapping    Duplicate registration of node: NullPointerException, formerNode: NullPointerException 
22865      ERROR Test worker     d.u.i.k.j.KeYJPMapping    Duplicate registration of node: Number, formerNode: Number 
22867      ERROR Test worker     d.u.i.k.j.KeYJPMapping    Duplicate registration of node: NumberFormatException, formerNode: NumberFormatException 
22869      ERROR Test worker     d.u.i.k.j.KeYJPMapping    Duplicate registration of node: VirtualMachineError, formerNode: VirtualMachineError 
22880      ERROR Test worker     d.u.i.k.j.KeYJPMapping    Duplicate registration of node: OutOfMemoryError, formerNode: OutOfMemoryError 
22882      ERROR Test worker     d.u.i.k.j.KeYJPMapping    Duplicate registration of node: Runnable, formerNode: Runnable 
22884      ERROR Test worker     d.u.i.k.j.KeYJPMapping    Duplicate registration of node: RuntimeException, formerNode: RuntimeException 
22892      ERROR Test worker     d.u.i.k.j.KeYJPMapping    Duplicate registration of node: /*@pure*/
int, formerNode: int 
22904      ERROR Test worker     d.u.i.k.j.KeYJPMapping    Duplicate registration of node: /*@ helper */
int, formerNode: int 
22904      ERROR Test worker     d.u.i.k.j.KeYJPMapping    Duplicate registration of node: /*@ helper */
boolean, formerNode: /*@ pure @*/
boolean 
22922      ERROR Test worker     d.u.i.k.j.KeYJPMapping    Duplicate registration of node: /*@ helper */
java.lang.String, formerNode: java.lang.String 
22953      ERROR Test worker     d.u.i.k.j.KeYJPMapping    Duplicate registration of node: String, formerNode: java.lang.String 
22983      ERROR Test worker     d.u.i.k.j.KeYJPMapping    Duplicate registration of node: String, formerNode: java.lang.String 
22988      ERROR Test worker     d.u.i.k.j.KeYJPMapping    Duplicate registration of node: char, formerNode: /*@ helper */
char 
22990      ERROR Test worker     d.u.i.k.j.KeYJPMapping    Duplicate registration of node: StringBuffer, formerNode: StringBuffer 
22995      ERROR Test worker     d.u.i.k.j.KeYJPMapping    Duplicate registration of node: System, formerNode: System 
22996      ERROR Test worker     d.u.i.k.j.KeYJPMapping    Duplicate registration of node: Thread, formerNode: Thread 
23001      ERROR Test worker     d.u.i.k.j.KeYJPMapping    Duplicate registration of node: Throwable, formerNode: java.lang.Throwable 
23001      ERROR Test worker     d.u.i.k.j.KeYJPMapping    Duplicate registration of node: Throwable, formerNode: java.lang.Throwable 
23010      ERROR Test worker     d.u.i.k.j.KeYJPMapping    Duplicate registration of node: Collection, formerNode: Collection 
23012      ERROR Test worker     d.u.i.k.j.KeYJPMapping    Duplicate registration of node: Iterator, formerNode: java.util.Iterator 
23012      ERROR Test worker     d.u.i.k.j.KeYJPMapping    Duplicate registration of node: Iterator, formerNode: java.util.Iterator 
23024      ERROR Test worker     d.u.i.k.j.KeYJPMapping    Duplicate registration of node: List, formerNode: java.util.List 
23025      ERROR Test worker     d.u.i.k.j.KeYJPMapping    Duplicate registration of node: List, formerNode: java.util.List 
23028      ERROR Test worker     d.u.i.k.j.KeYJPMapping    Duplicate registration of node: ListIterator, formerNode: java.util.ListIterator 
23029      ERROR Test worker     d.u.i.k.j.KeYJPMapping    Duplicate registration of node: ListIterator, formerNode: java.util.ListIterator 
23031      ERROR Test worker     d.u.i.k.j.KeYJPMapping    Duplicate registration of node: Long, formerNode: Long 
23032      ERROR Test worker     d.u.i.k.j.KeYJPMapping    Duplicate registration of node: Boolean, formerNode: Boolean 
23050      ERROR Test worker     d.u.i.k.j.KeYJPMapping    Duplicate registration of node: Map, formerNode: Map 
23064      ERROR Test worker     d.u.i.k.j.KeYJPMapping    Duplicate registration of node: Set, formerNode: java.util.Set 
23066      ERROR Test worker     d.u.i.k.j.KeYJPMapping    Duplicate registration of node: Set, formerNode: java.util.Set 
23069      ERROR Test worker     d.u.i.k.j.KeYJPMapping    Duplicate registration of node: FilterOutputStream, formerNode: FilterOutputStream 
23070      ERROR Test worker     d.u.i.k.j.KeYJPMapping    Duplicate registration of node: InputStream, formerNode: java.io.InputStream 
23071      ERROR Test worker     d.u.i.k.j.KeYJPMapping    Duplicate registration of node: InputStream, formerNode: java.io.InputStream 
23074      ERROR Test worker     d.u.i.k.j.KeYJPMapping    Duplicate registration of node: IOException, formerNode: IOException 
23075      ERROR Test worker     d.u.i.k.j.KeYJPMapping    Duplicate registration of node: OutputStream, formerNode: java.io.OutputStream 
23076      ERROR Test worker     d.u.i.k.j.KeYJPMapping    Duplicate registration of node: OutputStream, formerNode: java.io.OutputStream 
23086      ERROR Test worker     d.u.i.k.j.KeYJPMapping    Duplicate registration of node: PrintStream, formerNode: java.io.PrintStream 
23087      ERROR Test worker     d.u.i.k.j.KeYJPMapping    Duplicate registration of node: PrintStream, formerNode: java.io.PrintStream 
23089      ERROR Test worker     d.u.i.k.j.KeYJPMapping    Duplicate registration of node: Serializable, formerNode: Serializable 
23091      ERROR Test worker     d.u.i.k.j.KeYJPMapping    Duplicate registration of node: BigInteger, formerNode: java.math.BigInteger 
23094      ERROR Test worker     d.u.i.k.j.KeYJPMapping    Duplicate registration of node: BigInteger, formerNode: java.math.BigInteger 
23095      ERROR Test worker     d.u.i.k.j.KeYJPMapping    Duplicate registration of node: ArrayList, formerNode: ArrayList 
23103      ERROR Test worker     d.u.i.k.j.KeYJPMapping    Duplicate registration of node: byte[], formerNode: byte[] 
23137      ERROR Test worker     d.u.i.k.j.KeYJPMapping    Duplicate registration of node: Arrays, formerNode: Arrays 
23139      ERROR Test worker     d.u.i.k.j.KeYJPMapping    Duplicate registration of node: ListIteratorImpl, formerNode: ListIteratorImpl 
23141      ERROR Test worker     d.u.i.k.j.KeYJPMapping    Duplicate registration of node: Date, formerNode: Date 
23142      ERROR Test worker     d.u.i.k.j.KeYJPMapping    Duplicate registration of node: LinkedHashMap, formerNode: LinkedHashMap 
23144      ERROR Test worker     d.u.i.k.j.KeYJPMapping    Duplicate registration of node: /*@pure@*/
String, formerNode: /*@strictly_pure*/
java.lang.String 
23147      ERROR Test worker     d.u.i.k.j.KeYJPMapping    Duplicate registration of node: LinkedList, formerNode: LinkedList 
23155      ERROR Test worker     d.u.i.k.j.KeYJPMapping    Duplicate registration of node: IntegerMethods, formerNode: IntegerMethods 
23159      ERROR Test worker     d.u.i.k.j.KeYJPMapping    Duplicate registration of node: A, formerNode: A 
23165      ERROR Test worker     d.u.i.k.j.KeYJPMapping    Duplicate registration of node: A1, formerNode: A1 
23176      ERROR Test worker     d.u.i.k.j.KeYJPMapping    Duplicate registration of value: testTermParserHeap.A testTermParserHeap.A::next;, formerValue: testTermParserHeap.A testTermParserHeap.A::next; 
23176      ERROR Test worker     d.u.i.k.j.KeYJPMapping    Duplicate registration of value: testTermParserHeap.testTermParserHeap.A testTermParserHeap.A
  testTermParserHeap.A::next;, formerValue: testTermParserHeap.testTermParserHeap.A testTermParserHeap.A
  testTermParserHeap.A::next; 
23538      ERROR Test worker     d.u.i.k.j.KeYJPMapping    Duplicate registration of node: boolean, formerNode: /*@ pure @*/
boolean 
23544      ERROR Test worker     d.u.i.k.j.KeYJPMapping    Duplicate registration of node: Object, formerNode: java.lang.Object 
23545      ERROR Test worker     d.u.i.k.j.KeYJPMapping    Duplicate registration of node: Object, formerNode: java.lang.Object 
23547      ERROR Test worker     d.u.i.k.j.KeYJPMapping    Duplicate registration of node: Annotation, formerNode: Annotation 
23550      ERROR Test worker     d.u.i.k.j.KeYJPMapping    Duplicate registration of node: ArithmeticException, formerNode: ArithmeticException 
23553      ERROR Test worker     d.u.i.k.j.KeYJPMapping    Duplicate registration of node: ArrayIndexOutOfBoundsException, formerNode: ArrayIndexOutOfBoundsException 
23554      ERROR Test worker     d.u.i.k.j.KeYJPMapping    Duplicate registration of node: ArrayStoreException, formerNode: ArrayStoreException 
23557      ERROR Test worker     d.u.i.k.j.KeYJPMapping    Duplicate registration of node: AssertionError, formerNode: AssertionError 
23559      ERROR Test worker     d.u.i.k.j.KeYJPMapping    Duplicate registration of node: Character, formerNode: Character 
23561      ERROR Test worker     d.u.i.k.j.KeYJPMapping    Duplicate registration of node: Class, formerNode: java.lang.Class 
23561      ERROR Test worker     d.u.i.k.j.KeYJPMapping    Duplicate registration of node: Class, formerNode: java.lang.Class 
23563      ERROR Test worker     d.u.i.k.j.KeYJPMapping    Duplicate registration of node: ClassCastException, formerNode: ClassCastException 
23576      ERROR Test worker     d.u.i.k.j.KeYJPMapping    Duplicate registration of node: CloneNotSupportedException, formerNode: CloneNotSupportedException 
23578      ERROR Test worker     d.u.i.k.j.KeYJPMapping    Duplicate registration of node: Cloneable, formerNode: Cloneable 
23581      ERROR Test worker     d.u.i.k.j.KeYJPMapping    Duplicate registration of node: Comparable, formerNode: Comparable 
23583      ERROR Test worker     d.u.i.k.j.KeYJPMapping    Duplicate registration of node: Double, formerNode: Double 
23588      ERROR Test worker     d.u.i.k.j.KeYJPMapping    Duplicate registration of node: Enum, formerNode: java.lang.Enum 
23588      ERROR Test worker     d.u.i.k.j.KeYJPMapping    Duplicate registration of node: Enum, formerNode: java.lang.Enum 
23592      ERROR Test worker     d.u.i.k.j.KeYJPMapping    Duplicate registration of node: Error, formerNode: Error 
23595      ERROR Test worker     d.u.i.k.j.KeYJPMapping    Duplicate registration of node: Exception, formerNode: Exception 
23600      ERROR Test worker     d.u.i.k.j.KeYJPMapping    Duplicate registration of node: ExceptionInInitializerError, formerNode: java.lang.ExceptionInInitializerError 
23601      ERROR Test worker     d.u.i.k.j.KeYJPMapping    Duplicate registration of node: ExceptionInInitializerError, formerNode: java.lang.ExceptionInInitializerError 
23603      ERROR Test worker     d.u.i.k.j.KeYJPMapping    Duplicate registration of node: Float, formerNode: Float 
23605      ERROR Test worker     d.u.i.k.j.KeYJPMapping    Duplicate registration of node: IllegalArgumentException, formerNode: IllegalArgumentException 
23606      ERROR Test worker     d.u.i.k.j.KeYJPMapping    Duplicate registration of node: IndexOutOfBoundsException, formerNode: IndexOutOfBoundsException 
23629      ERROR Test worker     d.u.i.k.j.KeYJPMapping    Duplicate registration of node: Integer, formerNode: java.lang.Integer 
23630      ERROR Test worker     d.u.i.k.j.KeYJPMapping    Duplicate registration of node: Integer, formerNode: java.lang.Integer 
23633      ERROR Test worker     d.u.i.k.j.KeYJPMapping    Duplicate registration of node: InterruptedException, formerNode: InterruptedException 
23635      ERROR Test worker     d.u.i.k.j.KeYJPMapping    Duplicate registration of node: Iterable, formerNode: Iterable 
23637      ERROR Test worker     d.u.i.k.j.KeYJPMapping    Duplicate registration of node: LinkageError, formerNode: LinkageError 
23649      ERROR Test worker     d.u.i.k.j.KeYJPMapping    Duplicate registration of node: Math, formerNode: Math 
23652      ERROR Test worker     d.u.i.k.j.KeYJPMapping    Duplicate registration of node: NegativeArraySizeException, formerNode: NegativeArraySizeException 
23653      ERROR Test worker     d.u.i.k.j.KeYJPMapping    Duplicate registration of node: NoClassDefFoundError, formerNode: java.lang.NoClassDefFoundError 
23655      ERROR Test worker     d.u.i.k.j.KeYJPMapping    Duplicate registration of node: NoClassDefFoundError, formerNode: java.lang.NoClassDefFoundError 
23660      ERROR Test worker     d.u.i.k.j.KeYJPMapping    Duplicate registration of node: NullPointerException, formerNode: NullPointerException 
23662      ERROR Test worker     d.u.i.k.j.KeYJPMapping    Duplicate registration of node: Number, formerNode: Number 
23664      ERROR Test worker     d.u.i.k.j.KeYJPMapping    Duplicate registration of node: NumberFormatException, formerNode: NumberFormatException 
23666      ERROR Test worker     d.u.i.k.j.KeYJPMapping    Duplicate registration of node: VirtualMachineError, formerNode: VirtualMachineError 
23668      ERROR Test worker     d.u.i.k.j.KeYJPMapping    Duplicate registration of node: OutOfMemoryError, formerNode: OutOfMemoryError 
23669      ERROR Test worker     d.u.i.k.j.KeYJPMapping    Duplicate registration of node: Runnable, formerNode: Runnable 
23672      ERROR Test worker     d.u.i.k.j.KeYJPMapping    Duplicate registration of node: RuntimeException, formerNode: RuntimeException 
23672      ERROR Test worker     d.u.i.k.j.KeYJPMapping    Duplicate registration of node: /*@pure*/
int, formerNode: int 
23678      ERROR Test worker     d.u.i.k.j.KeYJPMapping    Duplicate registration of node: /*@ helper */
int, formerNode: int 
23678      ERROR Test worker     d.u.i.k.j.KeYJPMapping    Duplicate registration of node: /*@ helper */
boolean, formerNode: /*@ pure @*/
boolean 
23690      ERROR Test worker     d.u.i.k.j.KeYJPMapping    Duplicate registration of node: /*@ helper */
java.lang.String, formerNode: java.lang.String 
23703      ERROR Test worker     d.u.i.k.j.KeYJPMapping    Duplicate registration of node: String, formerNode: java.lang.String 
23797      ERROR Test worker     d.u.i.k.j.KeYJPMapping    Duplicate registration of node: String, formerNode: java.lang.String 
23799      ERROR Test worker     d.u.i.k.j.KeYJPMapping    Duplicate registration of node: char, formerNode: /*@ helper */
char 
23801      ERROR Test worker     d.u.i.k.j.KeYJPMapping    Duplicate registration of node: StringBuffer, formerNode: StringBuffer 
23805      ERROR Test worker     d.u.i.k.j.KeYJPMapping    Duplicate registration of node: System, formerNode: System 
23806      ERROR Test worker     d.u.i.k.j.KeYJPMapping    Duplicate registration of node: Thread, formerNode: Thread 
23810      ERROR Test worker     d.u.i.k.j.KeYJPMapping    Duplicate registration of node: Throwable, formerNode: java.lang.Throwable 
23811      ERROR Test worker     d.u.i.k.j.KeYJPMapping    Duplicate registration of node: Throwable, formerNode: java.lang.Throwable 
23817      ERROR Test worker     d.u.i.k.j.KeYJPMapping    Duplicate registration of node: Collection, formerNode: Collection 
23818      ERROR Test worker     d.u.i.k.j.KeYJPMapping    Duplicate registration of node: Iterator, formerNode: java.util.Iterator 
23819      ERROR Test worker     d.u.i.k.j.KeYJPMapping    Duplicate registration of node: Iterator, formerNode: java.util.Iterator 
23824      ERROR Test worker     d.u.i.k.j.KeYJPMapping    Duplicate registration of node: List, formerNode: java.util.List 
23824      ERROR Test worker     d.u.i.k.j.KeYJPMapping    Duplicate registration of node: List, formerNode: java.util.List 
23827      ERROR Test worker     d.u.i.k.j.KeYJPMapping    Duplicate registration of node: ListIterator, formerNode: java.util.ListIterator 
23827      ERROR Test worker     d.u.i.k.j.KeYJPMapping    Duplicate registration of node: ListIterator, formerNode: java.util.ListIterator 
23829      ERROR Test worker     d.u.i.k.j.KeYJPMapping    Duplicate registration of node: Long, formerNode: Long 
23830      ERROR Test worker     d.u.i.k.j.KeYJPMapping    Duplicate registration of node: Boolean, formerNode: Boolean 
23835      ERROR Test worker     d.u.i.k.j.KeYJPMapping    Duplicate registration of node: Map, formerNode: Map 
23840      ERROR Test worker     d.u.i.k.j.KeYJPMapping    Duplicate registration of node: Set, formerNode: java.util.Set 
23840      ERROR Test worker     d.u.i.k.j.KeYJPMapping    Duplicate registration of node: Set, formerNode: java.util.Set 
23842      ERROR Test worker     d.u.i.k.j.KeYJPMapping    Duplicate registration of node: FilterOutputStream, formerNode: FilterOutputStream 
23843      ERROR Test worker     d.u.i.k.j.KeYJPMapping    Duplicate registration of node: InputStream, formerNode: java.io.InputStream 
23843      ERROR Test worker     d.u.i.k.j.KeYJPMapping    Duplicate registration of node: InputStream, formerNode: java.io.InputStream 
23846      ERROR Test worker     d.u.i.k.j.KeYJPMapping    Duplicate registration of node: IOException, formerNode: IOException 
23847      ERROR Test worker     d.u.i.k.j.KeYJPMapping    Duplicate registration of node: OutputStream, formerNode: java.io.OutputStream 
23847      ERROR Test worker     d.u.i.k.j.KeYJPMapping    Duplicate registration of node: OutputStream, formerNode: java.io.OutputStream 
23853      ERROR Test worker     d.u.i.k.j.KeYJPMapping    Duplicate registration of node: PrintStream, formerNode: java.io.PrintStream 
23854      ERROR Test worker     d.u.i.k.j.KeYJPMapping    Duplicate registration of node: PrintStream, formerNode: java.io.PrintStream 
23855      ERROR Test worker     d.u.i.k.j.KeYJPMapping    Duplicate registration of node: Serializable, formerNode: Serializable 
23856      ERROR Test worker     d.u.i.k.j.KeYJPMapping    Duplicate registration of node: BigInteger, formerNode: java.math.BigInteger 
23859      ERROR Test worker     d.u.i.k.j.KeYJPMapping    Duplicate registration of node: BigInteger, formerNode: java.math.BigInteger 
23860      ERROR Test worker     d.u.i.k.j.KeYJPMapping    Duplicate registration of node: ArrayList, formerNode: ArrayList 
23863      ERROR Test worker     d.u.i.k.j.KeYJPMapping    Duplicate registration of node: byte[], formerNode: byte[] 
23885      ERROR Test worker     d.u.i.k.j.KeYJPMapping    Duplicate registration of node: Arrays, formerNode: Arrays 
23886      ERROR Test worker     d.u.i.k.j.KeYJPMapping    Duplicate registration of node: ListIteratorImpl, formerNode: ListIteratorImpl 
23887      ERROR Test worker     d.u.i.k.j.KeYJPMapping    Duplicate registration of node: Date, formerNode: Date 
23888      ERROR Test worker     d.u.i.k.j.KeYJPMapping    Duplicate registration of node: LinkedHashMap, formerNode: LinkedHashMap 
23889      ERROR Test worker     d.u.i.k.j.KeYJPMapping    Duplicate registration of node: /*@pure@*/
String, formerNode: /*@strictly_pure*/
java.lang.String 
23890      ERROR Test worker     d.u.i.k.j.KeYJPMapping    Duplicate registration of node: LinkedList, formerNode: LinkedList 
23894      ERROR Test worker     d.u.i.k.j.KeYJPMapping    Duplicate registration of node: IntegerMethods, formerNode: IntegerMethods 
23897      ERROR Test worker     d.u.i.k.j.KeYJPMapping    Duplicate registration of node: A, formerNode: A 
23904      ERROR Test worker     d.u.i.k.j.KeYJPMapping    Duplicate registration of node: A1, formerNode: A1 
23915      ERROR Test worker     d.u.i.k.j.KeYJPMapping    Duplicate registration of value: testTermParserHeap.A testTermParserHeap.A::next;, formerValue: testTermParserHeap.A testTermParserHeap.A::next; 
23915      ERROR Test worker     d.u.i.k.j.KeYJPMapping    Duplicate registration of value: testTermParserHeap.testTermParserHeap.A testTermParserHeap.A
  testTermParserHeap.A::next;, formerValue: testTermParserHeap.testTermParserHeap.A testTermParserHeap.A
  testTermParserHeap.A::next; 
]]></system-err>
</testsuite>
