<?xml version="1.0" encoding="UTF-8"?>
<testsuite name="de.uka.ilkd.key.testcase.smt.testgen.TestTestgen" tests="1" skipped="0" failures="0" errors="0" timestamp="2023-06-09T14:11:58" hostname="fv-az1113-551" time="7.848">
  <properties/>
  <testcase name="testMiddle()" classname="de.uka.ilkd.key.testcase.smt.testgen.TestTestgen" time="7.848"/>
  <system-out><![CDATA[27407      WARN  Test worker     d.u.i.k.t.s.t.TestTestgen Warning: Z3_CE is not installed, tests skipped. 
27407      WARN  Test worker     d.u.i.k.t.s.t.TestTestgen Maybe use JVM system property "z3SolverPath" to define the path to the Z3 command. 
27407      INFO  Test worker     d.u.i.k.p.i.AbstractProblemLoader Loading environment from src\test\resources\testcase\smt\tg\middle.key 
27407      DEBUG Test worker     d.u.i.k.p.i.AbstractProblemLoader Environment load took 264.1ns 
27422      INFO  Test worker     d.u.i.k.p.i.AbstractProblemLoader Creating init config 
34133      DEBUG Test worker     d.u.i.k.p.i.AbstractProblemLoader Init config took 6.71s 
34321      INFO  Test worker     d.u.i.k.p.i.AbstractProblemLoader Replaying proof Middle[Middle::middle(int,int,int)].JML normal_behavior operation contract.0 
34321      DEBUG Test worker     d.u.i.k.p.i.IntermediateProofReplayer Proof replay took 18.9ns 
]]></system-out>
  <system-err><![CDATA[]]></system-err>
</testsuite>
