<?xml version="1.0" encoding="UTF-8"?>
<testsuite name="de.uka.ilkd.key.proof.runallproofs.RunAllProofsFunctional" tests="34" skipped="0" failures="0" errors="0" timestamp="2023-05-26T22:39:38" hostname="fv-az614-732" time="5337.341">
  <properties/>
  <testcase name="newBook" classname="de.uka.ilkd.key.proof.runallproofs.RunAllProofsFunctional" time="63.11"/>
  <testcase name="oldBook" classname="de.uka.ilkd.key.proof.runallproofs.RunAllProofsFunctional" time="17.677"/>
  <testcase name="comprehensions" classname="de.uka.ilkd.key.proof.runallproofs.RunAllProofsFunctional" time="65.484"/>
  <testcase name="performance" classname="de.uka.ilkd.key.proof.runallproofs.RunAllProofsFunctional" time="234.875"/>
  <testcase name="performancePOConstruction" classname="de.uka.ilkd.key.proof.runallproofs.RunAllProofsFunctional" time="75.473"/>
  <testcase name="applicationRestrictions" classname="de.uka.ilkd.key.proof.runallproofs.RunAllProofsFunctional" time="49.168"/>
  <testcase name="blockContracts" classname="de.uka.ilkd.key.proof.runallproofs.RunAllProofsFunctional" time="141.103"/>
  <testcase name="jmlAsserts" classname="de.uka.ilkd.key.proof.runallproofs.RunAllProofsFunctional" time="90.957"/>
  <testcase name="javaCard" classname="de.uka.ilkd.key.proof.runallproofs.RunAllProofsFunctional" time="131.294"/>
  <testcase name="list" classname="de.uka.ilkd.key.proof.runallproofs.RunAllProofsFunctional" time="264.143"/>
  <testcase name="list_ghost" classname="de.uka.ilkd.key.proof.runallproofs.RunAllProofsFunctional" time="68.658"/>
  <testcase name="list_recursive" classname="de.uka.ilkd.key.proof.runallproofs.RunAllProofsFunctional" time="22.933"/>
  <testcase name="list_seq" classname="de.uka.ilkd.key.proof.runallproofs.RunAllProofsFunctional" time="190.275"/>
  <testcase name="observer" classname="de.uka.ilkd.key.proof.runallproofs.RunAllProofsFunctional" time="97.545"/>
  <testcase name="removeDups" classname="de.uka.ilkd.key.proof.runallproofs.RunAllProofsFunctional" time="149.875"/>
  <testcase name="quicksort" classname="de.uka.ilkd.key.proof.runallproofs.RunAllProofsFunctional" time="111.462"/>
  <testcase name="simpleTests" classname="de.uka.ilkd.key.proof.runallproofs.RunAllProofsFunctional" time="154.993"/>
  <testcase name="SmansEtAl" classname="de.uka.ilkd.key.proof.runallproofs.RunAllProofsFunctional" time="199.264"/>
  <testcase name="VACID0" classname="de.uka.ilkd.key.proof.runallproofs.RunAllProofsFunctional" time="78.575"/>
  <testcase name="VSTTE10" classname="de.uka.ilkd.key.proof.runallproofs.RunAllProofsFunctional" time="180.988"/>
  <testcase name="WeideEtAl" classname="de.uka.ilkd.key.proof.runallproofs.RunAllProofsFunctional" time="29.301"/>
  <testcase name="arithmetic" classname="de.uka.ilkd.key.proof.runallproofs.RunAllProofsFunctional" time="496.934"/>
  <testcase name="arrays" classname="de.uka.ilkd.key.proof.runallproofs.RunAllProofsFunctional" time="57.929"/>
  <testcase name="javadl" classname="de.uka.ilkd.key.proof.runallproofs.RunAllProofsFunctional" time="631.509"/>
  <testcase name="FOL" classname="de.uka.ilkd.key.proof.runallproofs.RunAllProofsFunctional" time="274.684"/>
  <testcase name="strings" classname="de.uka.ilkd.key.proof.runallproofs.RunAllProofsFunctional" time="145.637"/>
  <testcase name="simple_info_flow" classname="de.uka.ilkd.key.proof.runallproofs.RunAllProofsFunctional" time="13.047"/>
  <testcase name="modelMethods" classname="de.uka.ilkd.key.proof.runallproofs.RunAllProofsFunctional" time="178.401"/>
  <testcase name="permissionHeap" classname="de.uka.ilkd.key.proof.runallproofs.RunAllProofsFunctional" time="812.124"/>
  <testcase name="completionScopes" classname="de.uka.ilkd.key.proof.runallproofs.RunAllProofsFunctional" time="51.031"/>
  <testcase name="reload_examples" classname="de.uka.ilkd.key.proof.runallproofs.RunAllProofsFunctional" time="44.217"/>
  <testcase name="proofLoadRepair" classname="de.uka.ilkd.key.proof.runallproofs.RunAllProofsFunctional" time="18.447"/>
  <testcase name="switch" classname="de.uka.ilkd.key.proof.runallproofs.RunAllProofsFunctional" time="65.265"/>
  <testcase name="redux" classname="de.uka.ilkd.key.proof.runallproofs.RunAllProofsFunctional" time="130.947"/>
  <system-out><![CDATA[257        INFO  Test worker     d.u.i.k.p.r.RunAllProofsTestUnit Running test newBook 
361        INFO  Timeout watchdog d.u.i.k.p.r.p.ForkedTestFileRunner Timeout watcher launched (2000 secs.) 
368        WARN  main            d.u.i.k.s.ProofSettings   No proof-settings could be loaded, using defaults java.io.FileNotFoundException: /home/runner/.key/proof-settings.props (No such file or directory)
	at java.base/java.io.FileInputStream.open0(Native Method)

396        INFO  main            d.u.i.k.p.r.p.TestFile    Now processing file /home/runner/work/key/key/key.core/../key.ui/examples/newBook/09.list_modelfield/ArrayList.add.key 
500        INFO  main            d.u.i.k.p.i.AbstractProblemLoader Loading environment from /home/runner/work/key/key/key.core/../key.ui/examples/newBook/09.list_modelfield/ArrayList.add.key 
520        DEBUG main            d.u.i.k.p.i.AbstractProblemLoader Environment load took 2.06ms 
760        INFO  main            d.u.i.k.p.i.AbstractProblemLoader Creating init config 
1490       DEBUG main            d.u.i.k.j.TypeConverter   No LDT found for Meta 
1491       DEBUG main            d.u.i.k.j.TypeConverter   No LDT found for Meta 
1492       DEBUG main            d.u.i.k.j.TypeConverter   No LDT found for Meta 
1493       DEBUG main            d.u.i.k.j.TypeConverter   No LDT found for Meta 
2930       DEBUG main            d.u.i.k.j.TypeConverter   No LDT found for JavaBigintExpression 
8556       DEBUG main            d.u.i.k.p.i.AbstractProblemLoader Init config took 7.8s 
8734       INFO  main            d.u.i.k.p.i.AbstractProblemLoader Replaying proof ArrayList[List::add(int)].JML normal_behavior operation contract.0 
8779       DEBUG main            d.u.i.k.p.i.IntermediateProofReplayer Proof replay took 34.9ns 
27160      INFO  main            d.u.i.k.p.r.p.TestFile    ... finished proof: closed. 
27449      INFO  main            d.u.i.k.p.i.AbstractProblemLoader Loading environment from /home/runner/work/key/key/key.core/../key.ui/examples/newBook/09.list_modelfield/ArrayList.add.key.proof 
27450      DEBUG main            d.u.i.k.p.i.AbstractProblemLoader Environment load took 553.51ns 
27460      INFO  main            d.u.i.k.p.i.AbstractProblemLoader Creating init config 
30450      DEBUG main            d.u.i.k.p.i.AbstractProblemLoader Init config took 2.99s 
30524      INFO  main            d.u.i.k.p.i.AbstractProblemLoader Replaying proof ArrayList[List::add(int)].JML normal_behavior operation contract.0 
31917      DEBUG main            d.u.i.k.p.i.IntermediateProofReplayer Proof replay took 1.33s 
31928      DEBUG main            d.u.i.k.p.r.p.TestFile    ... success: reloaded. 
31930      INFO  main            d.u.i.k.p.r.p.TestFile    Now processing file /home/runner/work/key/key/key.core/../key.ui/examples/newBook/09.list_modelfield/ArrayList.remFirst.key 
31932      INFO  main            d.u.i.k.p.i.AbstractProblemLoader Loading environment from /home/runner/work/key/key/key.core/../key.ui/examples/newBook/09.list_modelfield/ArrayList.remFirst.key 
31932      DEBUG main            d.u.i.k.p.i.AbstractProblemLoader Environment load took 741.31ns 
31934      INFO  main            d.u.i.k.p.i.AbstractProblemLoader Creating init config 
34943      DEBUG main            d.u.i.k.p.i.AbstractProblemLoader Init config took 3.01s 
35005      INFO  main            d.u.i.k.p.i.AbstractProblemLoader Replaying proof ArrayList[List::remFirst()].JML normal_behavior operation contract.0 
35007      DEBUG main            d.u.i.k.p.i.IntermediateProofReplayer Proof replay took 5.9ns 
39284      INFO  main            d.u.i.k.p.r.p.TestFile    ... finished proof: closed. 
39511      INFO  main            d.u.i.k.p.i.AbstractProblemLoader Loading environment from /home/runner/work/key/key/key.core/../key.ui/examples/newBook/09.list_modelfield/ArrayList.remFirst.key.proof 
39512      DEBUG main            d.u.i.k.p.i.AbstractProblemLoader Environment load took 755.81ns 
39516      INFO  main            d.u.i.k.p.i.AbstractProblemLoader Creating init config 
42350      DEBUG main            d.u.i.k.p.i.AbstractProblemLoader Init config took 2.83s 
42403      INFO  main            d.u.i.k.p.i.AbstractProblemLoader Replaying proof ArrayList[List::remFirst()].JML normal_behavior operation contract.0 
43001      DEBUG main            d.u.i.k.p.i.IntermediateProofReplayer Proof replay took 581.17ms 
43004      DEBUG main            d.u.i.k.p.r.p.TestFile    ... success: reloaded. 
43005      INFO  main            d.u.i.k.p.r.p.TestFile    Now processing file /home/runner/work/key/key/key.core/../key.ui/examples/newBook/09.list_modelfield/ArrayList.empty.key 
43006      INFO  main            d.u.i.k.p.i.AbstractProblemLoader Loading environment from /home/runner/work/key/key/key.core/../key.ui/examples/newBook/09.list_modelfield/ArrayList.empty.key 
43007      DEBUG main            d.u.i.k.p.i.AbstractProblemLoader Environment load took 122.5ns 
43008      INFO  main            d.u.i.k.p.i.AbstractProblemLoader Creating init config 
45718      DEBUG main            d.u.i.k.p.i.AbstractProblemLoader Init config took 2.71s 
45770      INFO  main            d.u.i.k.p.i.AbstractProblemLoader Replaying proof ArrayList[List::empty()].JML normal_behavior operation contract.0 
45771      DEBUG main            d.u.i.k.p.i.IntermediateProofReplayer Proof replay took 6.6ns 
46779      INFO  main            d.u.i.k.p.r.p.TestFile    ... finished proof: closed. 
46945      INFO  main            d.u.i.k.p.i.AbstractProblemLoader Loading environment from /home/runner/work/key/key/key.core/../key.ui/examples/newBook/09.list_modelfield/ArrayList.empty.key.proof 
46950      DEBUG main            d.u.i.k.p.i.AbstractProblemLoader Environment load took 4.33ms 
46960      INFO  main            d.u.i.k.p.i.AbstractProblemLoader Creating init config 
49653      DEBUG main            d.u.i.k.p.i.AbstractProblemLoader Init config took 2.69s 
49703      INFO  main            d.u.i.k.p.i.AbstractProblemLoader Replaying proof ArrayList[List::empty()].JML normal_behavior operation contract.0 
49829      DEBUG main            d.u.i.k.p.i.IntermediateProofReplayer Proof replay took 120.36ms 
49831      DEBUG main            d.u.i.k.p.r.p.TestFile    ... success: reloaded. 
49833      INFO  main            d.u.i.k.p.r.p.TestFile    Now processing file /home/runner/work/key/key/key.core/../key.ui/examples/newBook/09.list_modelfield/ArrayList.size.key 
49833      INFO  main            d.u.i.k.p.i.AbstractProblemLoader Loading environment from /home/runner/work/key/key/key.core/../key.ui/examples/newBook/09.list_modelfield/ArrayList.size.key 
49834      DEBUG main            d.u.i.k.p.i.AbstractProblemLoader Environment load took 521.71ns 
49835      INFO  main            d.u.i.k.p.i.AbstractProblemLoader Creating init config 
52549      DEBUG main            d.u.i.k.p.i.AbstractProblemLoader Init config took 2.71s 
52615      INFO  main            d.u.i.k.p.i.AbstractProblemLoader Replaying proof ArrayList[List::size()].JML normal_behavior operation contract.0 
52616      DEBUG main            d.u.i.k.p.i.IntermediateProofReplayer Proof replay took 6.3ns 
53022      INFO  main            d.u.i.k.p.r.p.TestFile    ... finished proof: closed. 
53200      INFO  main            d.u.i.k.p.i.AbstractProblemLoader Loading environment from /home/runner/work/key/key/key.core/../key.ui/examples/newBook/09.list_modelfield/ArrayList.size.key.proof 
53201      DEBUG main            d.u.i.k.p.i.AbstractProblemLoader Environment load took 138.4ns 
53202      INFO  main            d.u.i.k.p.i.AbstractProblemLoader Creating init config 
55832      DEBUG main            d.u.i.k.p.i.AbstractProblemLoader Init config took 2.63s 
55879      INFO  main            d.u.i.k.p.i.AbstractProblemLoader Replaying proof ArrayList[List::size()].JML normal_behavior operation contract.0 
55936      DEBUG main            d.u.i.k.p.i.IntermediateProofReplayer Proof replay took 53.12ms 
55937      DEBUG main            d.u.i.k.p.r.p.TestFile    ... success: reloaded. 
55937      INFO  main            d.u.i.k.p.r.p.TestFile    Now processing file /home/runner/work/key/key/key.core/../key.ui/examples/newBook/09.list_modelfield/ArrayList.get.key 
55938      INFO  main            d.u.i.k.p.i.AbstractProblemLoader Loading environment from /home/runner/work/key/key/key.core/../key.ui/examples/newBook/09.list_modelfield/ArrayList.get.key 
55938      DEBUG main            d.u.i.k.p.i.AbstractProblemLoader Environment load took 62.9ns 
55939      INFO  main            d.u.i.k.p.i.AbstractProblemLoader Creating init config 
58671      DEBUG main            d.u.i.k.p.i.AbstractProblemLoader Init config took 2.73s 
58739      INFO  main            d.u.i.k.p.i.AbstractProblemLoader Replaying proof ArrayList[List::get(int)].JML normal_behavior operation contract.0 
58740      DEBUG main            d.u.i.k.p.i.IntermediateProofReplayer Proof replay took 7.1ns 
59747      INFO  main            d.u.i.k.p.r.p.TestFile    ... finished proof: closed. 
59972      INFO  main            d.u.i.k.p.i.AbstractProblemLoader Loading environment from /home/runner/work/key/key/key.core/../key.ui/examples/newBook/09.list_modelfield/ArrayList.get.key.proof 
59973      DEBUG main            d.u.i.k.p.i.AbstractProblemLoader Environment load took 1.22ms 
59975      INFO  main            d.u.i.k.p.i.AbstractProblemLoader Creating init config 
62636      DEBUG main            d.u.i.k.p.i.AbstractProblemLoader Init config took 2.66s 
62682      INFO  main            d.u.i.k.p.i.AbstractProblemLoader Replaying proof ArrayList[List::get(int)].JML normal_behavior operation contract.0 
62815      DEBUG main            d.u.i.k.p.i.IntermediateProofReplayer Proof replay took 126.62ms 
62817      DEBUG main            d.u.i.k.p.r.p.TestFile    ... success: reloaded. 
63354      INFO  Test worker     d.u.i.k.p.r.RunAllProofsTestUnit Returning from test newBook 
63360      INFO  Test worker     d.u.i.k.p.r.RunAllProofsTestUnit Running test oldBook 
341        INFO  Timeout watchdog d.u.i.k.p.r.p.ForkedTestFileRunner Timeout watcher launched (2000 secs.) 
343        WARN  main            d.u.i.k.s.ProofSettings   The settings in /home/runner/.key/proof-settings.props are *not* read. 
392        INFO  main            d.u.i.k.p.r.p.TestFile    Now processing file /home/runner/work/key/key/key.core/../key.ui/examples/standard_key/BookExamples/02FirstOrderLogic/Ex2.58.key 
525        INFO  main            d.u.i.k.p.i.AbstractProblemLoader Loading environment from /home/runner/work/key/key/key.core/../key.ui/examples/standard_key/BookExamples/02FirstOrderLogic/Ex2.58.key 
554        DEBUG main            d.u.i.k.p.i.AbstractProblemLoader Environment load took 5.06ms 
809        INFO  main            d.u.i.k.p.i.AbstractProblemLoader Creating init config 
1643       DEBUG main            d.u.i.k.j.TypeConverter   No LDT found for Meta 
1644       DEBUG main            d.u.i.k.j.TypeConverter   No LDT found for Meta 
1646       DEBUG main            d.u.i.k.j.TypeConverter   No LDT found for Meta 
1646       DEBUG main            d.u.i.k.j.TypeConverter   No LDT found for Meta 
3114       DEBUG main            d.u.i.k.j.TypeConverter   No LDT found for JavaBigintExpression 
8181       DEBUG main            d.u.i.k.p.i.AbstractProblemLoader Init config took 7.37s 
8250       INFO  main            d.u.i.k.p.i.AbstractProblemLoader Replaying proof Ex2.58.key 
8286       DEBUG main            d.u.i.k.p.i.IntermediateProofReplayer Proof replay took 39.6ns 
8473       INFO  main            d.u.i.k.p.r.p.TestFile    ... finished proof: closed. 
8617       INFO  main            d.u.i.k.p.i.AbstractProblemLoader Loading environment from /home/runner/work/key/key/key.core/../key.ui/examples/standard_key/BookExamples/02FirstOrderLogic/Ex2.58.key.proof 
8617       DEBUG main            d.u.i.k.p.i.AbstractProblemLoader Environment load took 157.9ns 
8623       INFO  main            d.u.i.k.p.i.AbstractProblemLoader Creating init config 
11507      DEBUG main            d.u.i.k.p.i.AbstractProblemLoader Init config took 2.88s 
11538      INFO  main            d.u.i.k.p.i.AbstractProblemLoader Replaying proof Ex2.58.key.proof 
11546      DEBUG main            d.u.i.k.p.i.IntermediateProofReplayer Proof replay took 3.6ms 
11557      DEBUG main            d.u.i.k.p.r.p.TestFile    ... success: reloaded. 
11558      INFO  main            d.u.i.k.p.r.p.TestFile    Now processing file /home/runner/work/key/key/key.core/../key.ui/examples/standard_key/BookExamples/03DynamicLogic/Sect3.3.1.key 
11558      INFO  main            d.u.i.k.p.i.AbstractProblemLoader Loading environment from /home/runner/work/key/key/key.core/../key.ui/examples/standard_key/BookExamples/03DynamicLogic/Sect3.3.1.key 
11558      DEBUG main            d.u.i.k.p.i.AbstractProblemLoader Environment load took 93.6ns 
11559      INFO  main            d.u.i.k.p.i.AbstractProblemLoader Creating init config 
14153      DEBUG main            d.u.i.k.p.i.AbstractProblemLoader Init config took 2.59s 
14187      INFO  main            d.u.i.k.p.i.AbstractProblemLoader Replaying proof Sect3.3.1.key 
14191      DEBUG main            d.u.i.k.p.i.IntermediateProofReplayer Proof replay took 6.7ns 
14600      INFO  main            d.u.i.k.p.r.p.TestFile    ... finished proof: closed. 
14740      INFO  main            d.u.i.k.p.i.AbstractProblemLoader Loading environment from /home/runner/work/key/key/key.core/../key.ui/examples/standard_key/BookExamples/03DynamicLogic/Sect3.3.1.key.proof 
14740      DEBUG main            d.u.i.k.p.i.AbstractProblemLoader Environment load took 172.4ns 
14748      INFO  main            d.u.i.k.p.i.AbstractProblemLoader Creating init config 
17376      DEBUG main            d.u.i.k.p.i.AbstractProblemLoader Init config took 2.63s 
17401      INFO  main            d.u.i.k.p.i.AbstractProblemLoader Replaying proof Sect3.3.1.key.proof 
17498      DEBUG main            d.u.i.k.p.i.IntermediateProofReplayer Proof replay took 93.28ms 
17500      DEBUG main            d.u.i.k.p.r.p.TestFile    ... success: reloaded. 
81036      INFO  Test worker     d.u.i.k.p.r.RunAllProofsTestUnit Returning from test oldBook 
81038      INFO  Test worker     d.u.i.k.p.r.RunAllProofsTestUnit Running test comprehensions 
329        INFO  Timeout watchdog d.u.i.k.p.r.p.ForkedTestFileRunner Timeout watcher launched (2000 secs.) 
335        WARN  main            d.u.i.k.s.ProofSettings   The settings in /home/runner/.key/proof-settings.props are *not* read. 
369        INFO  main            d.u.i.k.p.r.p.TestFile    Now processing file /home/runner/work/key/key/key.core/../key.ui/examples/heap/comprehensions/general_sum.key 
472        INFO  main            d.u.i.k.p.i.AbstractProblemLoader Loading environment from /home/runner/work/key/key/key.core/../key.ui/examples/heap/comprehensions/general_sum.key 
500        DEBUG main            d.u.i.k.p.i.AbstractProblemLoader Environment load took 2.5ms 
720        INFO  main            d.u.i.k.p.i.AbstractProblemLoader Creating init config 
1799       DEBUG main            d.u.i.k.j.TypeConverter   No LDT found for Meta 
1799       DEBUG main            d.u.i.k.j.TypeConverter   No LDT found for Meta 
1802       DEBUG main            d.u.i.k.j.TypeConverter   No LDT found for Meta 
1802       DEBUG main            d.u.i.k.j.TypeConverter   No LDT found for Meta 
3528       DEBUG main            d.u.i.k.j.TypeConverter   No LDT found for JavaBigintExpression 
8556       DEBUG main            d.u.i.k.p.i.AbstractProblemLoader Init config took 7.84s 
8678       INFO  main            d.u.i.k.p.i.AbstractProblemLoader Replaying proof GSum[GSum::doNothing()].JML operation contract.0 
8711       DEBUG main            d.u.i.k.p.i.IntermediateProofReplayer Proof replay took 32.9ns 
9055       INFO  main            d.u.i.k.p.r.p.TestFile    ... finished proof: closed. 
9201       INFO  main            d.u.i.k.p.i.AbstractProblemLoader Loading environment from /home/runner/work/key/key/key.core/../key.ui/examples/heap/comprehensions/general_sum.key.proof 
9202       DEBUG main            d.u.i.k.p.i.AbstractProblemLoader Environment load took 141.6ns 
9204       INFO  main            d.u.i.k.p.i.AbstractProblemLoader Creating init config 
12026      DEBUG main            d.u.i.k.p.i.AbstractProblemLoader Init config took 2.82s 
12100      INFO  main            d.u.i.k.p.i.AbstractProblemLoader Replaying proof GSum[GSum::doNothing()].JML operation contract.0 
12117      DEBUG main            d.u.i.k.p.i.IntermediateProofReplayer Proof replay took 12.73ms 
12123      DEBUG main            d.u.i.k.p.r.p.TestFile    ... success: reloaded. 
12124      INFO  main            d.u.i.k.p.r.p.TestFile    Now processing file /home/runner/work/key/key/key.core/../key.ui/examples/heap/comprehensions/sum0.key 
12124      INFO  main            d.u.i.k.p.i.AbstractProblemLoader Loading environment from /home/runner/work/key/key/key.core/../key.ui/examples/heap/comprehensions/sum0.key 
12124      DEBUG main            d.u.i.k.p.i.AbstractProblemLoader Environment load took 108.5ns 
12126      INFO  main            d.u.i.k.p.i.AbstractProblemLoader Creating init config 
14775      DEBUG main            d.u.i.k.p.i.AbstractProblemLoader Init config took 2.65s 
14866      INFO  main            d.u.i.k.p.i.AbstractProblemLoader Replaying proof Sum[Sum::sum0([I)].JML normal_behavior operation contract.0 
14871      DEBUG main            d.u.i.k.p.i.IntermediateProofReplayer Proof replay took 6.5ns 
15039      DEBUG Thread-4        d.u.i.k.l.l.OriginTermLabel commonFileName is null! 
15039      DEBUG Thread-4        d.u.i.k.l.l.OriginTermLabel commonFileName is null! 
15303      DEBUG Thread-4        d.u.i.k.l.l.OriginTermLabel commonFileName is null! 
15306      DEBUG Thread-4        d.u.i.k.l.l.OriginTermLabel commonFileName is null! 
15499      DEBUG Thread-4        d.u.i.k.l.l.OriginTermLabel commonFileName is null! 
15680      INFO  main            d.u.i.k.p.r.p.TestFile    ... finished proof: closed. 
15825      INFO  main            d.u.i.k.p.i.AbstractProblemLoader Loading environment from /home/runner/work/key/key/key.core/../key.ui/examples/heap/comprehensions/sum0.key.proof 
15826      DEBUG main            d.u.i.k.p.i.AbstractProblemLoader Environment load took 745.51ns 
15830      INFO  main            d.u.i.k.p.i.AbstractProblemLoader Creating init config 
18472      DEBUG main            d.u.i.k.p.i.AbstractProblemLoader Init config took 2.64s 
18521      INFO  main            d.u.i.k.p.i.AbstractProblemLoader Replaying proof Sum[Sum::sum0([I)].JML normal_behavior operation contract.0 
18553      DEBUG main            d.u.i.k.l.l.OriginTermLabel commonFileName is null! 
18554      DEBUG main            d.u.i.k.l.l.OriginTermLabel commonFileName is null! 
18627      DEBUG main            d.u.i.k.l.l.OriginTermLabel commonFileName is null! 
18699      DEBUG main            d.u.i.k.l.l.OriginTermLabel commonFileName is null! 
18709      DEBUG main            d.u.i.k.l.l.OriginTermLabel commonFileName is null! 
18712      DEBUG main            d.u.i.k.p.i.IntermediateProofReplayer Proof replay took 185.39ms 
18714      DEBUG main            d.u.i.k.p.r.p.TestFile    ... success: reloaded. 
18715      INFO  main            d.u.i.k.p.r.p.TestFile    Now processing file /home/runner/work/key/key/key.core/../key.ui/examples/heap/comprehensions/sum1.key 
18716      INFO  main            d.u.i.k.p.i.AbstractProblemLoader Loading environment from /home/runner/work/key/key/key.core/../key.ui/examples/heap/comprehensions/sum1.key 
18716      DEBUG main            d.u.i.k.p.i.AbstractProblemLoader Environment load took 467.01ns 
18719      INFO  main            d.u.i.k.p.i.AbstractProblemLoader Creating init config 
21347      DEBUG main            d.u.i.k.p.i.AbstractProblemLoader Init config took 2.63s 
21396      INFO  main            d.u.i.k.p.i.AbstractProblemLoader Replaying proof Sum[Sum::sum1([I)].JML normal_behavior operation contract.0 
21398      DEBUG main            d.u.i.k.p.i.IntermediateProofReplayer Proof replay took 8.2ns 
21473      DEBUG Thread-7        d.u.i.k.l.l.OriginTermLabel commonFileName is null! 
21474      DEBUG Thread-7        d.u.i.k.l.l.OriginTermLabel commonFileName is null! 
21622      DEBUG Thread-7        d.u.i.k.l.l.OriginTermLabel commonFileName is null! 
21624      DEBUG Thread-7        d.u.i.k.l.l.OriginTermLabel commonFileName is null! 
21757      DEBUG Thread-7        d.u.i.k.l.l.OriginTermLabel commonFileName is null! 
22004      INFO  main            d.u.i.k.p.r.p.TestFile    ... finished proof: closed. 
22164      INFO  main            d.u.i.k.p.i.AbstractProblemLoader Loading environment from /home/runner/work/key/key/key.core/../key.ui/examples/heap/comprehensions/sum1.key.proof 
22166      DEBUG main            d.u.i.k.p.i.AbstractProblemLoader Environment load took 1.96ms 
22168      INFO  main            d.u.i.k.p.i.AbstractProblemLoader Creating init config 
24786      DEBUG main            d.u.i.k.p.i.AbstractProblemLoader Init config took 2.62s 
24844      INFO  main            d.u.i.k.p.i.AbstractProblemLoader Replaying proof Sum[Sum::sum1([I)].JML normal_behavior operation contract.0 
24875      DEBUG main            d.u.i.k.l.l.OriginTermLabel commonFileName is null! 
24875      DEBUG main            d.u.i.k.l.l.OriginTermLabel commonFileName is null! 
24925      DEBUG main            d.u.i.k.l.l.OriginTermLabel commonFileName is null! 
24961      DEBUG main            d.u.i.k.l.l.OriginTermLabel commonFileName is null! 
24961      DEBUG main            d.u.i.k.l.l.OriginTermLabel commonFileName is null! 
24964      DEBUG main            d.u.i.k.p.i.IntermediateProofReplayer Proof replay took 115.59ms 
24965      DEBUG main            d.u.i.k.p.r.p.TestFile    ... success: reloaded. 
24966      INFO  main            d.u.i.k.p.r.p.TestFile    Now processing file /home/runner/work/key/key/key.core/../key.ui/examples/heap/comprehensions/sum2.key 
24966      INFO  main            d.u.i.k.p.i.AbstractProblemLoader Loading environment from /home/runner/work/key/key/key.core/../key.ui/examples/heap/comprehensions/sum2.key 
24966      DEBUG main            d.u.i.k.p.i.AbstractProblemLoader Environment load took 60.9ns 
24967      INFO  main            d.u.i.k.p.i.AbstractProblemLoader Creating init config 
27555      DEBUG main            d.u.i.k.p.i.AbstractProblemLoader Init config took 2.59s 
27598      INFO  main            d.u.i.k.p.i.AbstractProblemLoader Replaying proof Sum[Sum::sum2([I)].JML normal_behavior operation contract.0 
27600      DEBUG main            d.u.i.k.p.i.IntermediateProofReplayer Proof replay took 6.2ns 
27643      DEBUG Thread-10       d.u.i.k.l.l.OriginTermLabel commonFileName is null! 
27643      DEBUG Thread-10       d.u.i.k.l.l.OriginTermLabel commonFileName is null! 
27745      DEBUG Thread-10       d.u.i.k.l.l.OriginTermLabel commonFileName is null! 
27746      DEBUG Thread-10       d.u.i.k.l.l.OriginTermLabel commonFileName is null! 
27820      DEBUG Thread-10       d.u.i.k.l.l.OriginTermLabel commonFileName is null! 
28003      INFO  main            d.u.i.k.p.r.p.TestFile    ... finished proof: closed. 
28183      INFO  main            d.u.i.k.p.i.AbstractProblemLoader Loading environment from /home/runner/work/key/key/key.core/../key.ui/examples/heap/comprehensions/sum2.key.proof 
28184      DEBUG main            d.u.i.k.p.i.AbstractProblemLoader Environment load took 725.31ns 
28185      INFO  main            d.u.i.k.p.i.AbstractProblemLoader Creating init config 
30704      DEBUG main            d.u.i.k.p.i.AbstractProblemLoader Init config took 2.52s 
30747      INFO  main            d.u.i.k.p.i.AbstractProblemLoader Replaying proof Sum[Sum::sum2([I)].JML normal_behavior operation contract.0 
30771      DEBUG main            d.u.i.k.l.l.OriginTermLabel commonFileName is null! 
30772      DEBUG main            d.u.i.k.l.l.OriginTermLabel commonFileName is null! 
30807      DEBUG main            d.u.i.k.l.l.OriginTermLabel commonFileName is null! 
30831      DEBUG main            d.u.i.k.l.l.OriginTermLabel commonFileName is null! 
30832      DEBUG main            d.u.i.k.l.l.OriginTermLabel commonFileName is null! 
30833      DEBUG main            d.u.i.k.p.i.IntermediateProofReplayer Proof replay took 82.45ms 
30834      DEBUG main            d.u.i.k.p.r.p.TestFile    ... success: reloaded. 
30835      INFO  main            d.u.i.k.p.r.p.TestFile    Now processing file /home/runner/work/key/key/key.core/../key.ui/examples/heap/comprehensions/sum3.key 
30835      INFO  main            d.u.i.k.p.i.AbstractProblemLoader Loading environment from /home/runner/work/key/key/key.core/../key.ui/examples/heap/comprehensions/sum3.key 
30835      DEBUG main            d.u.i.k.p.i.AbstractProblemLoader Environment load took 58ns 
30836      INFO  main            d.u.i.k.p.i.AbstractProblemLoader Creating init config 
33398      DEBUG main            d.u.i.k.p.i.AbstractProblemLoader Init config took 2.56s 
33441      INFO  main            d.u.i.k.p.i.AbstractProblemLoader Replaying proof Sum[Sum::sum3([I)].JML normal_behavior operation contract.0 
33442      DEBUG main            d.u.i.k.p.i.IntermediateProofReplayer Proof replay took 7ns 
33492      DEBUG Thread-13       d.u.i.k.l.l.OriginTermLabel commonFileName is null! 
33492      DEBUG Thread-13       d.u.i.k.l.l.OriginTermLabel commonFileName is null! 
33616      DEBUG Thread-13       d.u.i.k.l.l.OriginTermLabel commonFileName is null! 
33616      DEBUG Thread-13       d.u.i.k.l.l.OriginTermLabel commonFileName is null! 
33688      DEBUG Thread-13       d.u.i.k.l.l.OriginTermLabel commonFileName is null! 
33847      INFO  main            d.u.i.k.p.r.p.TestFile    ... finished proof: closed. 
34005      INFO  main            d.u.i.k.p.i.AbstractProblemLoader Loading environment from /home/runner/work/key/key/key.core/../key.ui/examples/heap/comprehensions/sum3.key.proof 
34005      DEBUG main            d.u.i.k.p.i.AbstractProblemLoader Environment load took 125.9ns 
34006      INFO  main            d.u.i.k.p.i.AbstractProblemLoader Creating init config 
36477      DEBUG main            d.u.i.k.p.i.AbstractProblemLoader Init config took 2.47s 
36520      INFO  main            d.u.i.k.p.i.AbstractProblemLoader Replaying proof Sum[Sum::sum3([I)].JML normal_behavior operation contract.0 
36547      DEBUG main            d.u.i.k.l.l.OriginTermLabel commonFileName is null! 
36547      DEBUG main            d.u.i.k.l.l.OriginTermLabel commonFileName is null! 
36584      DEBUG main            d.u.i.k.l.l.OriginTermLabel commonFileName is null! 
36610      DEBUG main            d.u.i.k.l.l.OriginTermLabel commonFileName is null! 
36610      DEBUG main            d.u.i.k.l.l.OriginTermLabel commonFileName is null! 
36614      DEBUG main            d.u.i.k.p.i.IntermediateProofReplayer Proof replay took 89.98ms 
36615      DEBUG main            d.u.i.k.p.r.p.TestFile    ... success: reloaded. 
36616      INFO  main            d.u.i.k.p.r.p.TestFile    Now processing file /home/runner/work/key/key/key.core/../key.ui/examples/heap/comprehensions/segsum.key 
36617      INFO  main            d.u.i.k.p.i.AbstractProblemLoader Loading environment from /home/runner/work/key/key/key.core/../key.ui/examples/heap/comprehensions/segsum.key 
36617      DEBUG main            d.u.i.k.p.i.AbstractProblemLoader Environment load took 100.1ns 
36618      INFO  main            d.u.i.k.p.i.AbstractProblemLoader Creating init config 
39169      DEBUG main            d.u.i.k.p.i.AbstractProblemLoader Init config took 2.55s 
39211      INFO  main            d.u.i.k.p.i.AbstractProblemLoader Replaying proof SegSum[SegSum::segSum([I,int,int)].JML normal_behavior operation contract.0 
39213      DEBUG main            d.u.i.k.p.i.IntermediateProofReplayer Proof replay took 8ns 
39619      INFO  main            d.u.i.k.p.r.p.TestFile    ... finished proof: closed. 
39813      INFO  main            d.u.i.k.p.i.AbstractProblemLoader Loading environment from /home/runner/work/key/key/key.core/../key.ui/examples/heap/comprehensions/segsum.key.proof 
39814      DEBUG main            d.u.i.k.p.i.AbstractProblemLoader Environment load took 1.32ms 
39817      INFO  main            d.u.i.k.p.i.AbstractProblemLoader Creating init config 
42298      DEBUG main            d.u.i.k.p.i.AbstractProblemLoader Init config took 2.48s 
42341      INFO  main            d.u.i.k.p.i.AbstractProblemLoader Replaying proof SegSum[SegSum::segSum([I,int,int)].JML normal_behavior operation contract.0 
42428      DEBUG main            d.u.i.k.p.i.IntermediateProofReplayer Proof replay took 84.05ms 
42429      DEBUG main            d.u.i.k.p.r.p.TestFile    ... success: reloaded. 
42430      INFO  main            d.u.i.k.p.r.p.TestFile    Now processing file /home/runner/work/key/key/key.core/../key.ui/examples/heap/comprehensions/bsum_negative.key 
42430      INFO  main            d.u.i.k.p.i.AbstractProblemLoader Loading environment from /home/runner/work/key/key/key.core/../key.ui/examples/heap/comprehensions/bsum_negative.key 
42430      DEBUG main            d.u.i.k.p.i.AbstractProblemLoader Environment load took 66.9ns 
42432      INFO  main            d.u.i.k.p.i.AbstractProblemLoader Creating init config 
44847      DEBUG main            d.u.i.k.p.i.AbstractProblemLoader Init config took 2.41s 
44868      INFO  main            d.u.i.k.p.i.AbstractProblemLoader Replaying proof bsum_negative.key 
44869      DEBUG main            d.u.i.k.p.i.IntermediateProofReplayer Proof replay took 7.3ns 
44971      INFO  main            d.u.i.k.p.r.p.TestFile    ... finished proof: closed. 
45141      INFO  main            d.u.i.k.p.i.AbstractProblemLoader Loading environment from /home/runner/work/key/key/key.core/../key.ui/examples/heap/comprehensions/bsum_negative.key.proof 
45141      DEBUG main            d.u.i.k.p.i.AbstractProblemLoader Environment load took 135.6ns 
45142      INFO  main            d.u.i.k.p.i.AbstractProblemLoader Creating init config 
47493      DEBUG main            d.u.i.k.p.i.AbstractProblemLoader Init config took 2.35s 
47516      INFO  main            d.u.i.k.p.i.AbstractProblemLoader Replaying proof bsum_negative.key.proof 
47520      DEBUG main            d.u.i.k.p.i.IntermediateProofReplayer Proof replay took 1.65ms 
47522      DEBUG main            d.u.i.k.p.r.p.TestFile    ... success: reloaded. 
47523      INFO  main            d.u.i.k.p.r.p.TestFile    Now processing file /home/runner/work/key/key/key.core/../key.ui/examples/heap/comprehensions/bsum_neg2.key 
47524      INFO  main            d.u.i.k.p.i.AbstractProblemLoader Loading environment from /home/runner/work/key/key/key.core/../key.ui/examples/heap/comprehensions/bsum_neg2.key 
47524      DEBUG main            d.u.i.k.p.i.AbstractProblemLoader Environment load took 328.7ns 
47525      INFO  main            d.u.i.k.p.i.AbstractProblemLoader Creating init config 
49895      DEBUG main            d.u.i.k.p.i.AbstractProblemLoader Init config took 2.37s 
49913      INFO  main            d.u.i.k.p.i.AbstractProblemLoader Replaying proof bsum_neg2.key 
49915      DEBUG main            d.u.i.k.p.i.IntermediateProofReplayer Proof replay took 9.5ns 
50017      INFO  main            d.u.i.k.p.r.p.TestFile    ... finished proof: closed. 
50194      INFO  main            d.u.i.k.p.i.AbstractProblemLoader Loading environment from /home/runner/work/key/key/key.core/../key.ui/examples/heap/comprehensions/bsum_neg2.key.proof 
50194      DEBUG main            d.u.i.k.p.i.AbstractProblemLoader Environment load took 125.9ns 
50195      INFO  main            d.u.i.k.p.i.AbstractProblemLoader Creating init config 
52504      DEBUG main            d.u.i.k.p.i.AbstractProblemLoader Init config took 2.31s 
52521      INFO  main            d.u.i.k.p.i.AbstractProblemLoader Replaying proof bsum_neg2.key.proof 
52524      DEBUG main            d.u.i.k.p.i.IntermediateProofReplayer Proof replay took 971.92ns 
52525      DEBUG main            d.u.i.k.p.r.p.TestFile    ... success: reloaded. 
52525      INFO  main            d.u.i.k.p.r.p.TestFile    Now processing file /home/runner/work/key/key/key.core/../key.ui/examples/heap/comprehensions/bsumSplit.key 
52525      INFO  main            d.u.i.k.p.i.AbstractProblemLoader Loading environment from /home/runner/work/key/key/key.core/../key.ui/examples/heap/comprehensions/bsumSplit.key 
52526      DEBUG main            d.u.i.k.p.i.AbstractProblemLoader Environment load took 66.3ns 
52527      INFO  main            d.u.i.k.p.i.AbstractProblemLoader Creating init config 
54930      DEBUG main            d.u.i.k.p.i.AbstractProblemLoader Init config took 2.4s 
54949      INFO  main            d.u.i.k.p.i.AbstractProblemLoader Replaying proof bsumSplit.key 
54950      DEBUG main            d.u.i.k.p.i.IntermediateProofReplayer Proof replay took 6.9ns 
55052      INFO  main            d.u.i.k.p.r.p.TestFile    ... finished proof: closed. 
55235      INFO  main            d.u.i.k.p.i.AbstractProblemLoader Loading environment from /home/runner/work/key/key/key.core/../key.ui/examples/heap/comprehensions/bsumSplit.key.proof 
55235      DEBUG main            d.u.i.k.p.i.AbstractProblemLoader Environment load took 127ns 
55236      INFO  main            d.u.i.k.p.i.AbstractProblemLoader Creating init config 
57559      DEBUG main            d.u.i.k.p.i.AbstractProblemLoader Init config took 2.32s 
57575      INFO  main            d.u.i.k.p.i.AbstractProblemLoader Replaying proof bsumSplit.key.proof 
57581      DEBUG main            d.u.i.k.p.i.IntermediateProofReplayer Proof replay took 3.9ms 
57582      DEBUG main            d.u.i.k.p.r.p.TestFile    ... success: reloaded. 
57582      INFO  main            d.u.i.k.p.r.p.TestFile    Now processing file /home/runner/work/key/key/key.core/../key.ui/examples/heap/comprehensions/bprodSplit.key 
57583      INFO  main            d.u.i.k.p.i.AbstractProblemLoader Loading environment from /home/runner/work/key/key/key.core/../key.ui/examples/heap/comprehensions/bprodSplit.key 
57583      DEBUG main            d.u.i.k.p.i.AbstractProblemLoader Environment load took 119.4ns 
57584      INFO  main            d.u.i.k.p.i.AbstractProblemLoader Creating init config 
59913      DEBUG main            d.u.i.k.p.i.AbstractProblemLoader Init config took 2.33s 
59929      INFO  main            d.u.i.k.p.i.AbstractProblemLoader Replaying proof bprodSplit.key 
59930      DEBUG main            d.u.i.k.p.i.IntermediateProofReplayer Proof replay took 8.3ns 
60034      INFO  main            d.u.i.k.p.r.p.TestFile    ... finished proof: closed. 
60226      INFO  main            d.u.i.k.p.i.AbstractProblemLoader Loading environment from /home/runner/work/key/key/key.core/../key.ui/examples/heap/comprehensions/bprodSplit.key.proof 
60226      DEBUG main            d.u.i.k.p.i.AbstractProblemLoader Environment load took 134.8ns 
60227      INFO  main            d.u.i.k.p.i.AbstractProblemLoader Creating init config 
62516      DEBUG main            d.u.i.k.p.i.AbstractProblemLoader Init config took 2.29s 
62532      INFO  main            d.u.i.k.p.i.AbstractProblemLoader Replaying proof bprodSplit.key.proof 
62537      DEBUG main            d.u.i.k.p.i.IntermediateProofReplayer Proof replay took 2.56ms 
62538      DEBUG main            d.u.i.k.p.r.p.TestFile    ... success: reloaded. 
62539      INFO  main            d.u.i.k.p.r.p.TestFile    Now processing file /home/runner/work/key/key/key.core/../key.ui/examples/heap/comprehensions/bsumSplitInvalid.key 
62539      INFO  main            d.u.i.k.p.i.AbstractProblemLoader Loading environment from /home/runner/work/key/key/key.core/../key.ui/examples/heap/comprehensions/bsumSplitInvalid.key 
62540      DEBUG main            d.u.i.k.p.i.AbstractProblemLoader Environment load took 279.81ns 
62541      INFO  main            d.u.i.k.p.i.AbstractProblemLoader Creating init config 
64893      DEBUG main            d.u.i.k.p.i.AbstractProblemLoader Init config took 2.35s 
64909      INFO  main            d.u.i.k.p.i.AbstractProblemLoader Replaying proof bsumSplitInvalid.key 
64911      DEBUG main            d.u.i.k.p.i.IntermediateProofReplayer Proof replay took 8.1ns 
65014      INFO  main            d.u.i.k.p.r.p.TestFile    ... finished proof: open goal(s) 
146521     INFO  Test worker     d.u.i.k.p.r.RunAllProofsTestUnit Returning from test comprehensions 
146522     INFO  Test worker     d.u.i.k.p.r.RunAllProofsTestUnit Running test performance 
349        INFO  Timeout watchdog d.u.i.k.p.r.p.ForkedTestFileRunner Timeout watcher launched (2000 secs.) 
356        WARN  main            d.u.i.k.s.ProofSettings   The settings in /home/runner/.key/proof-settings.props are *not* read. 
387        INFO  main            d.u.i.k.p.r.p.TestFile    Now processing file /home/runner/work/key/key/key.core/../key.ui/examples/performance-test/Disjoint(Disjoint__disjoint_08()).JML_operation_contract.0.key 
490        INFO  main            d.u.i.k.p.i.AbstractProblemLoader Loading environment from /home/runner/work/key/key/key.core/../key.ui/examples/performance-test/Disjoint(Disjoint__disjoint_08()).JML_operation_contract.0.key 
507        DEBUG main            d.u.i.k.p.i.AbstractProblemLoader Environment load took 2.43ms 
741        INFO  main            d.u.i.k.p.i.AbstractProblemLoader Creating init config 
1652       DEBUG main            d.u.i.k.j.TypeConverter   No LDT found for Meta 
1653       DEBUG main            d.u.i.k.j.TypeConverter   No LDT found for Meta 
1655       DEBUG main            d.u.i.k.j.TypeConverter   No LDT found for Meta 
1655       DEBUG main            d.u.i.k.j.TypeConverter   No LDT found for Meta 
2918       DEBUG main            d.u.i.k.j.TypeConverter   No LDT found for JavaBigintExpression 
8764       DEBUG main            d.u.i.k.j.r.ClassPreparationMethodBuilder clPrepBuilder: Inner Class detected. Reject building class initialisation methods. 
17220      DEBUG main            d.u.i.k.p.i.AbstractProblemLoader Init config took 16.48s 
17410      INFO  main            d.u.i.k.p.i.AbstractProblemLoader Replaying proof Disjoint[Disjoint::disjoint_8()].JML operation contract.0 
17474      DEBUG main            d.u.i.k.p.i.IntermediateProofReplayer Proof replay took 391.01ns 
20137      INFO  main            d.u.i.k.p.r.p.TestFile    ... finished proof: closed. 
20348      INFO  main            d.u.i.k.p.i.AbstractProblemLoader Loading environment from /home/runner/work/key/key/key.core/../key.ui/examples/performance-test/Disjoint(Disjoint__disjoint_08()).JML_operation_contract.0.key.proof 
20350      DEBUG main            d.u.i.k.p.i.AbstractProblemLoader Environment load took 2.04ms 
20353      INFO  main            d.u.i.k.p.i.AbstractProblemLoader Creating init config 
23742      DEBUG main            d.u.i.k.j.r.ClassPreparationMethodBuilder clPrepBuilder: Inner Class detected. Reject building class initialisation methods. 
31454      DEBUG main            d.u.i.k.p.i.AbstractProblemLoader Init config took 11.1s 
31562      INFO  main            d.u.i.k.p.i.AbstractProblemLoader Replaying proof Disjoint[Disjoint::disjoint_8()].JML operation contract.0 
31967      DEBUG main            d.u.i.k.p.i.IntermediateProofReplayer Proof replay took 393.08ms 
31977      DEBUG main            d.u.i.k.p.r.p.TestFile    ... success: reloaded. 
31980      INFO  main            d.u.i.k.p.r.p.TestFile    Now processing file /home/runner/work/key/key/key.core/../key.ui/examples/performance-test/Disjoint(Disjoint__disjoint2_08()).JML_operation_contract.0.key 
31980      INFO  main            d.u.i.k.p.i.AbstractProblemLoader Loading environment from /home/runner/work/key/key/key.core/../key.ui/examples/performance-test/Disjoint(Disjoint__disjoint2_08()).JML_operation_contract.0.key 
31981      DEBUG main            d.u.i.k.p.i.AbstractProblemLoader Environment load took 325.9ns 
31982      INFO  main            d.u.i.k.p.i.AbstractProblemLoader Creating init config 
35183      DEBUG main            d.u.i.k.j.r.ClassPreparationMethodBuilder clPrepBuilder: Inner Class detected. Reject building class initialisation methods. 
42650      DEBUG main            d.u.i.k.p.i.AbstractProblemLoader Init config took 10.67s 
42756      INFO  main            d.u.i.k.p.i.AbstractProblemLoader Replaying proof Disjoint[Disjoint::disjoint2_8()].JML operation contract.0 
42759      DEBUG main            d.u.i.k.p.i.IntermediateProofReplayer Proof replay took 27.4ns 
43807      INFO  main            d.u.i.k.p.r.p.TestFile    ... finished proof: closed. 
44101      INFO  main            d.u.i.k.p.i.AbstractProblemLoader Loading environment from /home/runner/work/key/key/key.core/../key.ui/examples/performance-test/Disjoint(Disjoint__disjoint2_08()).JML_operation_contract.0.key.proof 
44103      DEBUG main            d.u.i.k.p.i.AbstractProblemLoader Environment load took 1.4ms 
44105      INFO  main            d.u.i.k.p.i.AbstractProblemLoader Creating init config 
47193      DEBUG main            d.u.i.k.j.r.ClassPreparationMethodBuilder clPrepBuilder: Inner Class detected. Reject building class initialisation methods. 
54656      DEBUG main            d.u.i.k.p.i.AbstractProblemLoader Init config took 10.55s 
54780      INFO  main            d.u.i.k.p.i.AbstractProblemLoader Replaying proof Disjoint[Disjoint::disjoint2_8()].JML operation contract.0 
54878      DEBUG main            d.u.i.k.p.i.IntermediateProofReplayer Proof replay took 92.1ms 
54881      DEBUG main            d.u.i.k.p.r.p.TestFile    ... success: reloaded. 
54887      INFO  main            d.u.i.k.p.r.p.TestFile    Now processing file /home/runner/work/key/key/key.core/../key.ui/examples/performance-test/AccessChain1(AccessChain1__foo_08()).JML_operation_contract.0.key 
54888      INFO  main            d.u.i.k.p.i.AbstractProblemLoader Loading environment from /home/runner/work/key/key/key.core/../key.ui/examples/performance-test/AccessChain1(AccessChain1__foo_08()).JML_operation_contract.0.key 
54889      DEBUG main            d.u.i.k.p.i.AbstractProblemLoader Environment load took 397.11ns 
54891      INFO  main            d.u.i.k.p.i.AbstractProblemLoader Creating init config 
58051      DEBUG main            d.u.i.k.j.r.ClassPreparationMethodBuilder clPrepBuilder: Inner Class detected. Reject building class initialisation methods. 
65431      DEBUG main            d.u.i.k.p.i.AbstractProblemLoader Init config took 10.54s 
65524      INFO  main            d.u.i.k.p.i.AbstractProblemLoader Replaying proof AccessChain1[AccessChain1::foo_8()].JML operation contract.0 
65526      DEBUG main            d.u.i.k.p.i.IntermediateProofReplayer Proof replay took 13.6ns 
68138      INFO  main            d.u.i.k.p.r.p.TestFile    ... finished proof: closed. 
68571      INFO  main            d.u.i.k.p.i.AbstractProblemLoader Loading environment from /home/runner/work/key/key/key.core/../key.ui/examples/performance-test/AccessChain1(AccessChain1__foo_08()).JML_operation_contract.0.key.proof 
68576      DEBUG main            d.u.i.k.p.i.AbstractProblemLoader Environment load took 5.44ms 
68578      INFO  main            d.u.i.k.p.i.AbstractProblemLoader Creating init config 
71632      DEBUG main            d.u.i.k.j.r.ClassPreparationMethodBuilder clPrepBuilder: Inner Class detected. Reject building class initialisation methods. 
78942      DEBUG main            d.u.i.k.p.i.AbstractProblemLoader Init config took 10.36s 
79069      INFO  main            d.u.i.k.p.i.AbstractProblemLoader Replaying proof AccessChain1[AccessChain1::foo_8()].JML operation contract.0 
79615      DEBUG main            d.u.i.k.p.i.IntermediateProofReplayer Proof replay took 518.65ms 
79619      DEBUG main            d.u.i.k.p.r.p.TestFile    ... success: reloaded. 
79622      INFO  main            d.u.i.k.p.r.p.TestFile    Now processing file /home/runner/work/key/key/key.core/../key.ui/examples/performance-test/AccessChain4(AccessChain4__foo_08()).JML_operation_contract.0.key 
79622      INFO  main            d.u.i.k.p.i.AbstractProblemLoader Loading environment from /home/runner/work/key/key/key.core/../key.ui/examples/performance-test/AccessChain4(AccessChain4__foo_08()).JML_operation_contract.0.key 
79622      DEBUG main            d.u.i.k.p.i.AbstractProblemLoader Environment load took 85.4ns 
79624      INFO  main            d.u.i.k.p.i.AbstractProblemLoader Creating init config 
82777      DEBUG main            d.u.i.k.j.r.ClassPreparationMethodBuilder clPrepBuilder: Inner Class detected. Reject building class initialisation methods. 
90122      DEBUG main            d.u.i.k.p.i.AbstractProblemLoader Init config took 10.5s 
90213      INFO  main            d.u.i.k.p.i.AbstractProblemLoader Replaying proof AccessChain4[AccessChain4::foo_8()].JML operation contract.0 
90216      DEBUG main            d.u.i.k.p.i.IntermediateProofReplayer Proof replay took 24.1ns 
96881      INFO  main            d.u.i.k.p.r.p.TestFile    ... finished proof: closed. 
97286      INFO  main            d.u.i.k.p.i.AbstractProblemLoader Loading environment from /home/runner/work/key/key/key.core/../key.ui/examples/performance-test/AccessChain4(AccessChain4__foo_08()).JML_operation_contract.0.key.proof 
97295      DEBUG main            d.u.i.k.p.i.AbstractProblemLoader Environment load took 8.48ms 
97298      INFO  main            d.u.i.k.p.i.AbstractProblemLoader Creating init config 
100305     DEBUG main            d.u.i.k.j.r.ClassPreparationMethodBuilder clPrepBuilder: Inner Class detected. Reject building class initialisation methods. 
107596     DEBUG main            d.u.i.k.p.i.AbstractProblemLoader Init config took 10.3s 
107685     INFO  main            d.u.i.k.p.i.AbstractProblemLoader Replaying proof AccessChain4[AccessChain4::foo_8()].JML operation contract.0 
108722     DEBUG main            d.u.i.k.p.i.IntermediateProofReplayer Proof replay took 1.01s 
108726     DEBUG main            d.u.i.k.p.r.p.TestFile    ... success: reloaded. 
108729     INFO  main            d.u.i.k.p.r.p.TestFile    Now processing file /home/runner/work/key/key/key.core/../key.ui/examples/performance-test/Disjoint(Disjoint__xZero_08()).JML_operation_contract.0.key 
108730     INFO  main            d.u.i.k.p.i.AbstractProblemLoader Loading environment from /home/runner/work/key/key/key.core/../key.ui/examples/performance-test/Disjoint(Disjoint__xZero_08()).JML_operation_contract.0.key 
108731     DEBUG main            d.u.i.k.p.i.AbstractProblemLoader Environment load took 403.01ns 
108732     INFO  main            d.u.i.k.p.i.AbstractProblemLoader Creating init config 
111889     DEBUG main            d.u.i.k.j.r.ClassPreparationMethodBuilder clPrepBuilder: Inner Class detected. Reject building class initialisation methods. 
119161     DEBUG main            d.u.i.k.p.i.AbstractProblemLoader Init config took 10.43s 
119252     INFO  main            d.u.i.k.p.i.AbstractProblemLoader Replaying proof Disjoint[Disjoint::xZero_8()].JML operation contract.0 
119254     DEBUG main            d.u.i.k.p.i.IntermediateProofReplayer Proof replay took 12.3ns 
120367     INFO  main            d.u.i.k.p.r.p.TestFile    ... finished proof: closed. 
120855     INFO  main            d.u.i.k.p.i.AbstractProblemLoader Loading environment from /home/runner/work/key/key/key.core/../key.ui/examples/performance-test/Disjoint(Disjoint__xZero_08()).JML_operation_contract.0.key.proof 
120856     DEBUG main            d.u.i.k.p.i.AbstractProblemLoader Environment load took 670.41ns 
120858     INFO  main            d.u.i.k.p.i.AbstractProblemLoader Creating init config 
123871     DEBUG main            d.u.i.k.j.r.ClassPreparationMethodBuilder clPrepBuilder: Inner Class detected. Reject building class initialisation methods. 
131089     DEBUG main            d.u.i.k.p.i.AbstractProblemLoader Init config took 10.23s 
131177     INFO  main            d.u.i.k.p.i.AbstractProblemLoader Replaying proof Disjoint[Disjoint::xZero_8()].JML operation contract.0 
131404     DEBUG main            d.u.i.k.p.i.IntermediateProofReplayer Proof replay took 217.52ms 
131406     DEBUG main            d.u.i.k.p.r.p.TestFile    ... success: reloaded. 
131409     INFO  main            d.u.i.k.p.r.p.TestFile    Now processing file /home/runner/work/key/key/key.core/../key.ui/examples/performance-test/Dynamic(Dynamic__foo_08()).JML_operation_contract.0.key 
131409     INFO  main            d.u.i.k.p.i.AbstractProblemLoader Loading environment from /home/runner/work/key/key/key.core/../key.ui/examples/performance-test/Dynamic(Dynamic__foo_08()).JML_operation_contract.0.key 
131409     DEBUG main            d.u.i.k.p.i.AbstractProblemLoader Environment load took 266.8ns 
131410     INFO  main            d.u.i.k.p.i.AbstractProblemLoader Creating init config 
134544     DEBUG main            d.u.i.k.j.r.ClassPreparationMethodBuilder clPrepBuilder: Inner Class detected. Reject building class initialisation methods. 
141774     DEBUG main            d.u.i.k.p.i.AbstractProblemLoader Init config took 10.36s 
141865     INFO  main            d.u.i.k.p.i.AbstractProblemLoader Replaying proof Dynamic[Dynamic::foo_8()].JML operation contract.0 
141868     DEBUG main            d.u.i.k.p.i.IntermediateProofReplayer Proof replay took 14ns 
147890     INFO  main            d.u.i.k.p.r.p.TestFile    ... finished proof: closed. 
148317     INFO  main            d.u.i.k.p.i.AbstractProblemLoader Loading environment from /home/runner/work/key/key/key.core/../key.ui/examples/performance-test/Dynamic(Dynamic__foo_08()).JML_operation_contract.0.key.proof 
148317     DEBUG main            d.u.i.k.p.i.AbstractProblemLoader Environment load took 258.9ns 
148319     INFO  main            d.u.i.k.p.i.AbstractProblemLoader Creating init config 
151332     DEBUG main            d.u.i.k.j.r.ClassPreparationMethodBuilder clPrepBuilder: Inner Class detected. Reject building class initialisation methods. 
158565     DEBUG main            d.u.i.k.p.i.AbstractProblemLoader Init config took 10.25s 
158670     INFO  main            d.u.i.k.p.i.AbstractProblemLoader Replaying proof Dynamic[Dynamic::foo_8()].JML operation contract.0 
159266     DEBUG main            d.u.i.k.p.i.IntermediateProofReplayer Proof replay took 573.43ms 
159269     DEBUG main            d.u.i.k.p.r.p.TestFile    ... success: reloaded. 
159270     INFO  main            d.u.i.k.p.r.p.TestFile    Now processing file /home/runner/work/key/key/key.core/../key.ui/examples/performance-test/DynamicGhost(DynamicGhost__dynamicGhost_08()).JML_normal_behavior_operation_contract.0.key 
159271     INFO  main            d.u.i.k.p.i.AbstractProblemLoader Loading environment from /home/runner/work/key/key/key.core/../key.ui/examples/performance-test/DynamicGhost(DynamicGhost__dynamicGhost_08()).JML_normal_behavior_operation_contract.0.key 
159271     DEBUG main            d.u.i.k.p.i.AbstractProblemLoader Environment load took 303.5ns 
159273     INFO  main            d.u.i.k.p.i.AbstractProblemLoader Creating init config 
162407     DEBUG main            d.u.i.k.j.r.ClassPreparationMethodBuilder clPrepBuilder: Inner Class detected. Reject building class initialisation methods. 
169679     DEBUG main            d.u.i.k.p.i.AbstractProblemLoader Init config took 10.41s 
169767     INFO  main            d.u.i.k.p.i.AbstractProblemLoader Replaying proof DynamicGhost[DynamicGhost::dynamicGhost_8()].JML normal_behavior operation contract.0 
169769     DEBUG main            d.u.i.k.p.i.IntermediateProofReplayer Proof replay took 11.7ns 
174485     INFO  main            d.u.i.k.p.r.p.TestFile    ... finished proof: closed. 
174950     INFO  main            d.u.i.k.p.i.AbstractProblemLoader Loading environment from /home/runner/work/key/key/key.core/../key.ui/examples/performance-test/DynamicGhost(DynamicGhost__dynamicGhost_08()).JML_normal_behavior_operation_contract.0.key.proof 
174950     DEBUG main            d.u.i.k.p.i.AbstractProblemLoader Environment load took 646.11ns 
174953     INFO  main            d.u.i.k.p.i.AbstractProblemLoader Creating init config 
177985     DEBUG main            d.u.i.k.j.r.ClassPreparationMethodBuilder clPrepBuilder: Inner Class detected. Reject building class initialisation methods. 
185246     DEBUG main            d.u.i.k.p.i.AbstractProblemLoader Init config took 10.29s 
185362     INFO  main            d.u.i.k.p.i.AbstractProblemLoader Replaying proof DynamicGhost[DynamicGhost::dynamicGhost_8()].JML normal_behavior operation contract.0 
185970     DEBUG main            d.u.i.k.p.i.IntermediateProofReplayer Proof replay took 585.96ms 
185972     DEBUG main            d.u.i.k.p.r.p.TestFile    ... success: reloaded. 
185974     INFO  main            d.u.i.k.p.r.p.TestFile    Now processing file /home/runner/work/key/key/key.core/../key.ui/examples/performance-test/GhostFrame(GhostFrame__foo_08()).JML_operation_contract.0.key 
185974     INFO  main            d.u.i.k.p.i.AbstractProblemLoader Loading environment from /home/runner/work/key/key/key.core/../key.ui/examples/performance-test/GhostFrame(GhostFrame__foo_08()).JML_operation_contract.0.key 
185975     DEBUG main            d.u.i.k.p.i.AbstractProblemLoader Environment load took 353.91ns 
185985     INFO  main            d.u.i.k.p.i.AbstractProblemLoader Creating init config 
189185     DEBUG main            d.u.i.k.j.r.ClassPreparationMethodBuilder clPrepBuilder: Inner Class detected. Reject building class initialisation methods. 
196454     DEBUG main            d.u.i.k.p.i.AbstractProblemLoader Init config took 10.47s 
196558     INFO  main            d.u.i.k.p.i.AbstractProblemLoader Replaying proof GhostFrame[GhostFrame::foo_8()].JML operation contract.0 
196560     DEBUG main            d.u.i.k.p.i.IntermediateProofReplayer Proof replay took 15.1ns 
198669     INFO  main            d.u.i.k.p.r.p.TestFile    ... finished proof: closed. 
199124     INFO  main            d.u.i.k.p.i.AbstractProblemLoader Loading environment from /home/runner/work/key/key/key.core/../key.ui/examples/performance-test/GhostFrame(GhostFrame__foo_08()).JML_operation_contract.0.key.proof 
199125     DEBUG main            d.u.i.k.p.i.AbstractProblemLoader Environment load took 631.21ns 
199128     INFO  main            d.u.i.k.p.i.AbstractProblemLoader Creating init config 
202117     DEBUG main            d.u.i.k.j.r.ClassPreparationMethodBuilder clPrepBuilder: Inner Class detected. Reject building class initialisation methods. 
209324     DEBUG main            d.u.i.k.p.i.AbstractProblemLoader Init config took 10.2s 
209408     INFO  main            d.u.i.k.p.i.AbstractProblemLoader Replaying proof GhostFrame[GhostFrame::foo_8()].JML operation contract.0 
209788     DEBUG main            d.u.i.k.p.i.IntermediateProofReplayer Proof replay took 371.97ms 
209790     DEBUG main            d.u.i.k.p.r.p.TestFile    ... success: reloaded. 
209791     INFO  main            d.u.i.k.p.r.p.TestFile    Now processing file /home/runner/work/key/key/key.core/../key.ui/examples/performance-test/Modelfield(Modelfield__foo_08()).JML_operation_contract.0.key 
209792     INFO  main            d.u.i.k.p.i.AbstractProblemLoader Loading environment from /home/runner/work/key/key/key.core/../key.ui/examples/performance-test/Modelfield(Modelfield__foo_08()).JML_operation_contract.0.key 
209792     DEBUG main            d.u.i.k.p.i.AbstractProblemLoader Environment load took 122.7ns 
209793     INFO  main            d.u.i.k.p.i.AbstractProblemLoader Creating init config 
212881     DEBUG main            d.u.i.k.j.r.ClassPreparationMethodBuilder clPrepBuilder: Inner Class detected. Reject building class initialisation methods. 
220155     DEBUG main            d.u.i.k.p.i.AbstractProblemLoader Init config took 10.36s 
220239     INFO  main            d.u.i.k.p.i.AbstractProblemLoader Replaying proof Modelfield[Modelfield::foo_8()].JML operation contract.0 
220241     DEBUG main            d.u.i.k.p.i.IntermediateProofReplayer Proof replay took 6.7ns 
223465     INFO  main            d.u.i.k.p.r.p.TestFile    ... finished proof: closed. 
223937     INFO  main            d.u.i.k.p.i.AbstractProblemLoader Loading environment from /home/runner/work/key/key/key.core/../key.ui/examples/performance-test/Modelfield(Modelfield__foo_08()).JML_operation_contract.0.key.proof 
223937     DEBUG main            d.u.i.k.p.i.AbstractProblemLoader Environment load took 632.91ns 
223939     INFO  main            d.u.i.k.p.i.AbstractProblemLoader Creating init config 
226933     DEBUG main            d.u.i.k.j.r.ClassPreparationMethodBuilder clPrepBuilder: Inner Class detected. Reject building class initialisation methods. 
234182     DEBUG main            d.u.i.k.p.i.AbstractProblemLoader Init config took 10.24s 
234270     INFO  main            d.u.i.k.p.i.AbstractProblemLoader Replaying proof Modelfield[Modelfield::foo_8()].JML operation contract.0 
234694     DEBUG main            d.u.i.k.p.i.IntermediateProofReplayer Proof replay took 410.52ms 
234696     DEBUG main            d.u.i.k.p.r.p.TestFile    ... success: reloaded. 
381395     INFO  Test worker     d.u.i.k.p.r.RunAllProofsTestUnit Returning from test performance 
381399     INFO  Test worker     d.u.i.k.p.r.RunAllProofsTestUnit Running test performancePOConstruction 
390        INFO  Timeout watchdog d.u.i.k.p.r.p.ForkedTestFileRunner Timeout watcher launched (2000 secs.) 
398        WARN  main            d.u.i.k.s.ProofSettings   The settings in /home/runner/.key/proof-settings.props are *not* read. 
428        INFO  main            d.u.i.k.p.r.p.TestFile    Now processing file /home/runner/work/key/key/key.core/../key.ui/examples/performance-test/Test(Test__a0(int)).JML_normal_behavior_operation_contract.0.key 
533        INFO  main            d.u.i.k.p.i.AbstractProblemLoader Loading environment from /home/runner/work/key/key/key.core/../key.ui/examples/performance-test/Test(Test__a0(int)).JML_normal_behavior_operation_contract.0.key 
557        DEBUG main            d.u.i.k.p.i.AbstractProblemLoader Environment load took 2.15ms 
775        INFO  main            d.u.i.k.p.i.AbstractProblemLoader Creating init config 
1711       DEBUG main            d.u.i.k.j.TypeConverter   No LDT found for Meta 
1712       DEBUG main            d.u.i.k.j.TypeConverter   No LDT found for Meta 
1714       DEBUG main            d.u.i.k.j.TypeConverter   No LDT found for Meta 
1714       DEBUG main            d.u.i.k.j.TypeConverter   No LDT found for Meta 
3164       DEBUG main            d.u.i.k.j.TypeConverter   No LDT found for JavaBigintExpression 
8662       DEBUG main            d.u.i.k.j.r.ClassPreparationMethodBuilder clPrepBuilder: Inner Class detected. Reject building class initialisation methods. 
16837      DEBUG main            d.u.i.k.p.i.AbstractProblemLoader Init config took 16.06s 
17952      INFO  main            d.u.i.k.p.i.AbstractProblemLoader Replaying proof Test[Test::a0(int)].JML normal_behavior operation contract.0 
18043      DEBUG main            d.u.i.k.p.i.IntermediateProofReplayer Proof replay took 40.6ns 
18488      INFO  main            d.u.i.k.p.r.p.TestFile    ... finished proof: closed. 
18648      INFO  main            d.u.i.k.p.i.AbstractProblemLoader Loading environment from /home/runner/work/key/key/key.core/../key.ui/examples/performance-test/Test(Test__a0(int)).JML_normal_behavior_operation_contract.0.key.proof 
18654      DEBUG main            d.u.i.k.p.i.AbstractProblemLoader Environment load took 5.69ms 
18657      INFO  main            d.u.i.k.p.i.AbstractProblemLoader Creating init config 
21872      DEBUG main            d.u.i.k.j.r.ClassPreparationMethodBuilder clPrepBuilder: Inner Class detected. Reject building class initialisation methods. 
29204      DEBUG main            d.u.i.k.p.i.AbstractProblemLoader Init config took 10.55s 
30174      INFO  main            d.u.i.k.p.i.AbstractProblemLoader Replaying proof Test[Test::a0(int)].JML normal_behavior operation contract.0 
30200      DEBUG main            d.u.i.k.p.i.IntermediateProofReplayer Proof replay took 21.11ms 
30209      DEBUG main            d.u.i.k.p.r.p.TestFile    ... success: reloaded. 
30210      INFO  main            d.u.i.k.p.r.p.TestFile    Now processing file /home/runner/work/key/key/key.core/../key.ui/examples/performance-test/Test(Test__a1(int)).JML_normal_behavior_operation_contract.0.key 
30211      INFO  main            d.u.i.k.p.i.AbstractProblemLoader Loading environment from /home/runner/work/key/key/key.core/../key.ui/examples/performance-test/Test(Test__a1(int)).JML_normal_behavior_operation_contract.0.key 
30211      DEBUG main            d.u.i.k.p.i.AbstractProblemLoader Environment load took 267.2ns 
30213      INFO  main            d.u.i.k.p.i.AbstractProblemLoader Creating init config 
33256      DEBUG main            d.u.i.k.j.r.ClassPreparationMethodBuilder clPrepBuilder: Inner Class detected. Reject building class initialisation methods. 
40385      DEBUG main            d.u.i.k.p.i.AbstractProblemLoader Init config took 10.17s 
41314      INFO  main            d.u.i.k.p.i.AbstractProblemLoader Replaying proof Test[Test::a1(int)].JML normal_behavior operation contract.0 
41316      DEBUG main            d.u.i.k.p.i.IntermediateProofReplayer Proof replay took 6.4ns 
41621      INFO  main            d.u.i.k.p.r.p.TestFile    ... finished proof: closed. 
41924      INFO  main            d.u.i.k.p.i.AbstractProblemLoader Loading environment from /home/runner/work/key/key/key.core/../key.ui/examples/performance-test/Test(Test__a1(int)).JML_normal_behavior_operation_contract.0.key.proof 
41930      DEBUG main            d.u.i.k.p.i.AbstractProblemLoader Environment load took 5.16ms 
41932      INFO  main            d.u.i.k.p.i.AbstractProblemLoader Creating init config 
44968      DEBUG main            d.u.i.k.j.r.ClassPreparationMethodBuilder clPrepBuilder: Inner Class detected. Reject building class initialisation methods. 
51933      DEBUG main            d.u.i.k.p.i.AbstractProblemLoader Init config took 10s 
52858      INFO  main            d.u.i.k.p.i.AbstractProblemLoader Replaying proof Test[Test::a1(int)].JML normal_behavior operation contract.0 
52985      DEBUG main            d.u.i.k.p.i.IntermediateProofReplayer Proof replay took 115.39ms 
52991      DEBUG main            d.u.i.k.p.r.p.TestFile    ... success: reloaded. 
52994      INFO  main            d.u.i.k.p.r.p.TestFile    Now processing file /home/runner/work/key/key/key.core/../key.ui/examples/performance-test/Test(Test__f1(int)).JML_normal_behavior_operation_contract.0.key 
52994      INFO  main            d.u.i.k.p.i.AbstractProblemLoader Loading environment from /home/runner/work/key/key/key.core/../key.ui/examples/performance-test/Test(Test__f1(int)).JML_normal_behavior_operation_contract.0.key 
52995      DEBUG main            d.u.i.k.p.i.AbstractProblemLoader Environment load took 218ns 
52997      INFO  main            d.u.i.k.p.i.AbstractProblemLoader Creating init config 
55974      DEBUG main            d.u.i.k.j.r.ClassPreparationMethodBuilder clPrepBuilder: Inner Class detected. Reject building class initialisation methods. 
62987      DEBUG main            d.u.i.k.p.i.AbstractProblemLoader Init config took 9.99s 
63910      INFO  main            d.u.i.k.p.i.AbstractProblemLoader Replaying proof Test[Test::f1(int)].JML normal_behavior operation contract.0 
63912      DEBUG main            d.u.i.k.p.i.IntermediateProofReplayer Proof replay took 7.7ns 
64116      INFO  main            d.u.i.k.p.r.p.TestFile    ... finished proof: closed. 
64433      INFO  main            d.u.i.k.p.i.AbstractProblemLoader Loading environment from /home/runner/work/key/key/key.core/../key.ui/examples/performance-test/Test(Test__f1(int)).JML_normal_behavior_operation_contract.0.key.proof 
64434      DEBUG main            d.u.i.k.p.i.AbstractProblemLoader Environment load took 578.61ns 
64435      INFO  main            d.u.i.k.p.i.AbstractProblemLoader Creating init config 
67416      DEBUG main            d.u.i.k.j.r.ClassPreparationMethodBuilder clPrepBuilder: Inner Class detected. Reject building class initialisation methods. 
74360      DEBUG main            d.u.i.k.p.i.AbstractProblemLoader Init config took 9.92s 
75251      INFO  main            d.u.i.k.p.i.AbstractProblemLoader Replaying proof Test[Test::f1(int)].JML normal_behavior operation contract.0 
75302      DEBUG main            d.u.i.k.p.i.IntermediateProofReplayer Proof replay took 47.4ms 
75304      DEBUG main            d.u.i.k.p.r.p.TestFile    ... success: reloaded. 
456870     INFO  Test worker     d.u.i.k.p.r.RunAllProofsTestUnit Returning from test performancePOConstruction 
456871     INFO  Test worker     d.u.i.k.p.r.RunAllProofsTestUnit Running test applicationRestrictions 
335        INFO  Timeout watchdog d.u.i.k.p.r.p.ForkedTestFileRunner Timeout watcher launched (2000 secs.) 
345        WARN  main            d.u.i.k.s.ProofSettings   The settings in /home/runner/.key/proof-settings.props are *not* read. 
373        INFO  main            d.u.i.k.p.r.p.TestFile    Now processing file /home/runner/work/key/key/key.core/../key.ui/examples/heap/polarity_tests/wellformed1.key 
491        INFO  main            d.u.i.k.p.i.AbstractProblemLoader Loading environment from /home/runner/work/key/key/key.core/../key.ui/examples/heap/polarity_tests/wellformed1.key 
508        DEBUG main            d.u.i.k.p.i.AbstractProblemLoader Environment load took 2.13ms 
753        INFO  main            d.u.i.k.p.i.AbstractProblemLoader Creating init config 
1606       DEBUG main            d.u.i.k.j.TypeConverter   No LDT found for Meta 
1606       DEBUG main            d.u.i.k.j.TypeConverter   No LDT found for Meta 
1609       DEBUG main            d.u.i.k.j.TypeConverter   No LDT found for Meta 
1609       DEBUG main            d.u.i.k.j.TypeConverter   No LDT found for Meta 
3259       DEBUG main            d.u.i.k.j.TypeConverter   No LDT found for JavaBigintExpression 
7906       DEBUG main            d.u.i.k.p.i.AbstractProblemLoader Init config took 7.15s 
7993       INFO  main            d.u.i.k.p.i.AbstractProblemLoader Replaying proof wellformed1.key 
8028       DEBUG main            d.u.i.k.p.i.IntermediateProofReplayer Proof replay took 35.5ns 
8186       INFO  main            d.u.i.k.p.r.p.TestFile    ... finished proof: closed. 
8286       INFO  main            d.u.i.k.p.i.AbstractProblemLoader Loading environment from /home/runner/work/key/key/key.core/../key.ui/examples/heap/polarity_tests/wellformed1.key.proof 
8286       DEBUG main            d.u.i.k.p.i.AbstractProblemLoader Environment load took 154.3ns 
8293       INFO  main            d.u.i.k.p.i.AbstractProblemLoader Creating init config 
11027      DEBUG main            d.u.i.k.p.i.AbstractProblemLoader Init config took 2.73s 
11057      INFO  main            d.u.i.k.p.i.AbstractProblemLoader Replaying proof wellformed1.key.proof 
11064      DEBUG main            d.u.i.k.p.i.IntermediateProofReplayer Proof replay took 2.39ms 
11084      DEBUG main            d.u.i.k.p.r.p.TestFile    ... success: reloaded. 
11088      INFO  main            d.u.i.k.p.r.p.TestFile    Now processing file /home/runner/work/key/key/key.core/../key.ui/examples/heap/polarity_tests/wellformed2.key 
11089      INFO  main            d.u.i.k.p.i.AbstractProblemLoader Loading environment from /home/runner/work/key/key/key.core/../key.ui/examples/heap/polarity_tests/wellformed2.key 
11089      DEBUG main            d.u.i.k.p.i.AbstractProblemLoader Environment load took 140ns 
11091      INFO  main            d.u.i.k.p.i.AbstractProblemLoader Creating init config 
13767      DEBUG main            d.u.i.k.p.i.AbstractProblemLoader Init config took 2.68s 
13796      INFO  main            d.u.i.k.p.i.AbstractProblemLoader Replaying proof wellformed2.key 
13801      DEBUG main            d.u.i.k.p.i.IntermediateProofReplayer Proof replay took 7.5ns 
13904      INFO  main            d.u.i.k.p.r.p.TestFile    ... finished proof: open goal(s) 
14039      INFO  main            d.u.i.k.p.r.p.TestFile    Now processing file /home/runner/work/key/key/key.core/../key.ui/examples/heap/polarity_tests/wellformed3.key 
14039      INFO  main            d.u.i.k.p.i.AbstractProblemLoader Loading environment from /home/runner/work/key/key/key.core/../key.ui/examples/heap/polarity_tests/wellformed3.key 
14039      DEBUG main            d.u.i.k.p.i.AbstractProblemLoader Environment load took 93.1ns 
14041      INFO  main            d.u.i.k.p.i.AbstractProblemLoader Creating init config 
16586      DEBUG main            d.u.i.k.p.i.AbstractProblemLoader Init config took 2.55s 
16612      INFO  main            d.u.i.k.p.i.AbstractProblemLoader Replaying proof wellformed3.key 
16613      DEBUG main            d.u.i.k.p.i.IntermediateProofReplayer Proof replay took 6.8ns 
16716      INFO  main            d.u.i.k.p.r.p.TestFile    ... finished proof: closed. 
16868      INFO  main            d.u.i.k.p.i.AbstractProblemLoader Loading environment from /home/runner/work/key/key/key.core/../key.ui/examples/heap/polarity_tests/wellformed3.key.proof 
16868      DEBUG main            d.u.i.k.p.i.AbstractProblemLoader Environment load took 133.6ns 
16872      INFO  main            d.u.i.k.p.i.AbstractProblemLoader Creating init config 
19407      DEBUG main            d.u.i.k.p.i.AbstractProblemLoader Init config took 2.54s 
19429      INFO  main            d.u.i.k.p.i.AbstractProblemLoader Replaying proof wellformed3.key.proof 
19433      DEBUG main            d.u.i.k.p.i.IntermediateProofReplayer Proof replay took 2.26ms 
19435      DEBUG main            d.u.i.k.p.r.p.TestFile    ... success: reloaded. 
19436      INFO  main            d.u.i.k.p.r.p.TestFile    Now processing file /home/runner/work/key/key/key.core/../key.ui/examples/heap/polarity_tests/wellformed4.key 
19437      INFO  main            d.u.i.k.p.i.AbstractProblemLoader Loading environment from /home/runner/work/key/key/key.core/../key.ui/examples/heap/polarity_tests/wellformed4.key 
19437      DEBUG main            d.u.i.k.p.i.AbstractProblemLoader Environment load took 249.8ns 
19439      INFO  main            d.u.i.k.p.i.AbstractProblemLoader Creating init config 
21993      DEBUG main            d.u.i.k.p.i.AbstractProblemLoader Init config took 2.55s 
22013      INFO  main            d.u.i.k.p.i.AbstractProblemLoader Replaying proof wellformed4.key 
22015      DEBUG main            d.u.i.k.p.i.IntermediateProofReplayer Proof replay took 7ns 
22120      INFO  main            d.u.i.k.p.r.p.TestFile    ... finished proof: open goal(s) 
22260      INFO  main            d.u.i.k.p.r.p.TestFile    Now processing file /home/runner/work/key/key/key.core/../key.ui/examples/heap/polarity_tests/wellformed5.key 
22261      INFO  main            d.u.i.k.p.i.AbstractProblemLoader Loading environment from /home/runner/work/key/key/key.core/../key.ui/examples/heap/polarity_tests/wellformed5.key 
22261      DEBUG main            d.u.i.k.p.i.AbstractProblemLoader Environment load took 89.6ns 
22263      INFO  main            d.u.i.k.p.i.AbstractProblemLoader Creating init config 
24759      DEBUG main            d.u.i.k.p.i.AbstractProblemLoader Init config took 2.5s 
24783      INFO  main            d.u.i.k.p.i.AbstractProblemLoader Replaying proof wellformed5.key 
24785      DEBUG main            d.u.i.k.p.i.IntermediateProofReplayer Proof replay took 8.8ns 
24887      INFO  main            d.u.i.k.p.r.p.TestFile    ... finished proof: closed. 
25016      INFO  main            d.u.i.k.p.i.AbstractProblemLoader Loading environment from /home/runner/work/key/key/key.core/../key.ui/examples/heap/polarity_tests/wellformed5.key.proof 
25016      DEBUG main            d.u.i.k.p.i.AbstractProblemLoader Environment load took 140.3ns 
25017      INFO  main            d.u.i.k.p.i.AbstractProblemLoader Creating init config 
27482      DEBUG main            d.u.i.k.p.i.AbstractProblemLoader Init config took 2.46s 
27501      INFO  main            d.u.i.k.p.i.AbstractProblemLoader Replaying proof wellformed5.key.proof 
27504      DEBUG main            d.u.i.k.p.i.IntermediateProofReplayer Proof replay took 1.21ms 
27505      DEBUG main            d.u.i.k.p.r.p.TestFile    ... success: reloaded. 
27506      INFO  main            d.u.i.k.p.r.p.TestFile    Now processing file /home/runner/work/key/key/key.core/../key.ui/examples/heap/polarity_tests/wellformed6.key 
27506      INFO  main            d.u.i.k.p.i.AbstractProblemLoader Loading environment from /home/runner/work/key/key/key.core/../key.ui/examples/heap/polarity_tests/wellformed6.key 
27506      DEBUG main            d.u.i.k.p.i.AbstractProblemLoader Environment load took 109.7ns 
27508      INFO  main            d.u.i.k.p.i.AbstractProblemLoader Creating init config 
30047      DEBUG main            d.u.i.k.p.i.AbstractProblemLoader Init config took 2.54s 
30067      INFO  main            d.u.i.k.p.i.AbstractProblemLoader Replaying proof wellformed6.key 
30068      DEBUG main            d.u.i.k.p.i.IntermediateProofReplayer Proof replay took 5.9ns 
30171      INFO  main            d.u.i.k.p.r.p.TestFile    ... finished proof: open goal(s) 
30318      INFO  main            d.u.i.k.p.r.p.TestFile    Now processing file /home/runner/work/key/key/key.core/../key.ui/examples/heap/polarity_tests/wellformed7.key 
30319      INFO  main            d.u.i.k.p.i.AbstractProblemLoader Loading environment from /home/runner/work/key/key/key.core/../key.ui/examples/heap/polarity_tests/wellformed7.key 
30319      DEBUG main            d.u.i.k.p.i.AbstractProblemLoader Environment load took 91.7ns 
30320      INFO  main            d.u.i.k.p.i.AbstractProblemLoader Creating init config 
32761      DEBUG main            d.u.i.k.p.i.AbstractProblemLoader Init config took 2.44s 
32781      INFO  main            d.u.i.k.p.i.AbstractProblemLoader Replaying proof wellformed7.key 
32782      DEBUG main            d.u.i.k.p.i.IntermediateProofReplayer Proof replay took 6.3ns 
32885      INFO  main            d.u.i.k.p.r.p.TestFile    ... finished proof: closed. 
33073      INFO  main            d.u.i.k.p.i.AbstractProblemLoader Loading environment from /home/runner/work/key/key/key.core/../key.ui/examples/heap/polarity_tests/wellformed7.key.proof 
33073      DEBUG main            d.u.i.k.p.i.AbstractProblemLoader Environment load took 121.9ns 
33076      INFO  main            d.u.i.k.p.i.AbstractProblemLoader Creating init config 
35520      DEBUG main            d.u.i.k.p.i.AbstractProblemLoader Init config took 2.44s 
35542      INFO  main            d.u.i.k.p.i.AbstractProblemLoader Replaying proof wellformed7.key.proof 
35548      DEBUG main            d.u.i.k.p.i.IntermediateProofReplayer Proof replay took 2.92ms 
35549      DEBUG main            d.u.i.k.p.r.p.TestFile    ... success: reloaded. 
35550      INFO  main            d.u.i.k.p.r.p.TestFile    Now processing file /home/runner/work/key/key/key.core/../key.ui/examples/heap/polarity_tests/wellformed8.key 
35550      INFO  main            d.u.i.k.p.i.AbstractProblemLoader Loading environment from /home/runner/work/key/key/key.core/../key.ui/examples/heap/polarity_tests/wellformed8.key 
35550      DEBUG main            d.u.i.k.p.i.AbstractProblemLoader Environment load took 132.6ns 
35555      INFO  main            d.u.i.k.p.i.AbstractProblemLoader Creating init config 
38028      DEBUG main            d.u.i.k.p.i.AbstractProblemLoader Init config took 2.47s 
38045      INFO  main            d.u.i.k.p.i.AbstractProblemLoader Replaying proof wellformed8.key 
38047      DEBUG main            d.u.i.k.p.i.IntermediateProofReplayer Proof replay took 9.4ns 
38149      INFO  main            d.u.i.k.p.r.p.TestFile    ... finished proof: open goal(s) 
38315      INFO  main            d.u.i.k.p.r.p.TestFile    Now processing file /home/runner/work/key/key/key.core/../key.ui/examples/heap/polarity_tests/wellformed9.key 
38315      INFO  main            d.u.i.k.p.i.AbstractProblemLoader Loading environment from /home/runner/work/key/key/key.core/../key.ui/examples/heap/polarity_tests/wellformed9.key 
38315      DEBUG main            d.u.i.k.p.i.AbstractProblemLoader Environment load took 76.7ns 
38316      INFO  main            d.u.i.k.p.i.AbstractProblemLoader Creating init config 
40738      DEBUG main            d.u.i.k.p.i.AbstractProblemLoader Init config took 2.42s 
40756      INFO  main            d.u.i.k.p.i.AbstractProblemLoader Replaying proof wellformed9.key 
40757      DEBUG main            d.u.i.k.p.i.IntermediateProofReplayer Proof replay took 9.1ns 
40863      INFO  main            d.u.i.k.p.r.p.TestFile    ... finished proof: closed. 
41035      INFO  main            d.u.i.k.p.i.AbstractProblemLoader Loading environment from /home/runner/work/key/key/key.core/../key.ui/examples/heap/polarity_tests/wellformed9.key.proof 
41035      DEBUG main            d.u.i.k.p.i.AbstractProblemLoader Environment load took 128.4ns 
41036      INFO  main            d.u.i.k.p.i.AbstractProblemLoader Creating init config 
43453      DEBUG main            d.u.i.k.p.i.AbstractProblemLoader Init config took 2.42s 
43470      INFO  main            d.u.i.k.p.i.AbstractProblemLoader Replaying proof wellformed9.key.proof 
43474      DEBUG main            d.u.i.k.p.i.IntermediateProofReplayer Proof replay took 1.54ms 
43475      DEBUG main            d.u.i.k.p.r.p.TestFile    ... success: reloaded. 
43476      INFO  main            d.u.i.k.p.r.p.TestFile    Now processing file /home/runner/work/key/key/key.core/../key.ui/examples/heap/polarity_tests/wellformed10.key 
43477      INFO  main            d.u.i.k.p.i.AbstractProblemLoader Loading environment from /home/runner/work/key/key/key.core/../key.ui/examples/heap/polarity_tests/wellformed10.key 
43477      DEBUG main            d.u.i.k.p.i.AbstractProblemLoader Environment load took 246.2ns 
43478      INFO  main            d.u.i.k.p.i.AbstractProblemLoader Creating init config 
45926      DEBUG main            d.u.i.k.p.i.AbstractProblemLoader Init config took 2.45s 
45944      INFO  main            d.u.i.k.p.i.AbstractProblemLoader Replaying proof wellformed10.key 
45946      DEBUG main            d.u.i.k.p.i.IntermediateProofReplayer Proof replay took 8.2ns 
46054      INFO  main            d.u.i.k.p.r.p.TestFile    ... finished proof: open goal(s) 
46220      INFO  main            d.u.i.k.p.r.p.TestFile    Now processing file /home/runner/work/key/key/key.core/../key.ui/examples/heap/polarity_tests/wellformed11.key 
46220      INFO  main            d.u.i.k.p.i.AbstractProblemLoader Loading environment from /home/runner/work/key/key/key.core/../key.ui/examples/heap/polarity_tests/wellformed11.key 
46220      DEBUG main            d.u.i.k.p.i.AbstractProblemLoader Environment load took 79.6ns 
46222      INFO  main            d.u.i.k.p.i.AbstractProblemLoader Creating init config 
48611      DEBUG main            d.u.i.k.p.i.AbstractProblemLoader Init config took 2.39s 
48629      INFO  main            d.u.i.k.p.i.AbstractProblemLoader Replaying proof wellformed11.key 
48631      DEBUG main            d.u.i.k.p.i.IntermediateProofReplayer Proof replay took 7.1ns 
48734      INFO  main            d.u.i.k.p.r.p.TestFile    ... finished proof: open goal(s) 
506038     INFO  Test worker     d.u.i.k.p.r.RunAllProofsTestUnit Returning from test applicationRestrictions 
506039     INFO  Test worker     d.u.i.k.p.r.RunAllProofsTestUnit Running test blockContracts 
376        INFO  Timeout watchdog d.u.i.k.p.r.p.ForkedTestFileRunner Timeout watcher launched (2000 secs.) 
394        WARN  main            d.u.i.k.s.ProofSettings   The settings in /home/runner/.key/proof-settings.props are *not* read. 
445        INFO  main            d.u.i.k.p.r.p.TestFile    Now processing file /home/runner/work/key/key/key.core/../key.ui/examples/heap/block_contracts/Simple__add.key 
576        INFO  main            d.u.i.k.p.i.AbstractProblemLoader Loading environment from /home/runner/work/key/key/key.core/../key.ui/examples/heap/block_contracts/Simple__add.key 
592        DEBUG main            d.u.i.k.p.i.AbstractProblemLoader Environment load took 1.95ms 
810        INFO  main            d.u.i.k.p.i.AbstractProblemLoader Creating init config 
1668       DEBUG main            d.u.i.k.j.TypeConverter   No LDT found for Meta 
1669       DEBUG main            d.u.i.k.j.TypeConverter   No LDT found for Meta 
1670       DEBUG main            d.u.i.k.j.TypeConverter   No LDT found for Meta 
1670       DEBUG main            d.u.i.k.j.TypeConverter   No LDT found for Meta 
2960       DEBUG main            d.u.i.k.j.TypeConverter   No LDT found for JavaBigintExpression 
8838       DEBUG main            d.u.i.k.p.i.AbstractProblemLoader Init config took 8.03s 
8967       INFO  main            d.u.i.k.p.i.AbstractProblemLoader Replaying proof Simple[Simple::add(int,int)].JML operation contract.0 
9039       DEBUG main            d.u.i.k.p.i.IntermediateProofReplayer Proof replay took 341.7ns 
9862       INFO  main            d.u.i.k.p.r.p.TestFile    ... finished proof: closed. 
9980       INFO  main            d.u.i.k.p.i.AbstractProblemLoader Loading environment from /home/runner/work/key/key/key.core/../key.ui/examples/heap/block_contracts/Simple__add.key.proof 
9980       DEBUG main            d.u.i.k.p.i.AbstractProblemLoader Environment load took 599.31ns 
9983       INFO  main            d.u.i.k.p.i.AbstractProblemLoader Creating init config 
13475      DEBUG main            d.u.i.k.p.i.AbstractProblemLoader Init config took 3.49s 
13539      INFO  main            d.u.i.k.p.i.AbstractProblemLoader Replaying proof Simple[Simple::add(int,int)].JML operation contract.0 
13617      DEBUG main            d.u.i.k.p.i.IntermediateProofReplayer Proof replay took 74.05ms 
13625      DEBUG main            d.u.i.k.p.r.p.TestFile    ... success: reloaded. 
13627      INFO  main            d.u.i.k.p.r.p.TestFile    Now processing file /home/runner/work/key/key/key.core/../key.ui/examples/heap/block_contracts/Simple__addAbsoluteValues.key 
13627      INFO  main            d.u.i.k.p.i.AbstractProblemLoader Loading environment from /home/runner/work/key/key/key.core/../key.ui/examples/heap/block_contracts/Simple__addAbsoluteValues.key 
13628      DEBUG main            d.u.i.k.p.i.AbstractProblemLoader Environment load took 288.4ns 
13629      INFO  main            d.u.i.k.p.i.AbstractProblemLoader Creating init config 
16872      DEBUG main            d.u.i.k.p.i.AbstractProblemLoader Init config took 3.24s 
16932      INFO  main            d.u.i.k.p.i.AbstractProblemLoader Replaying proof Simple[Simple::addAbsoluteValues(int,int)].JML normal_behavior operation contract.0 
16936      DEBUG main            d.u.i.k.p.i.IntermediateProofReplayer Proof replay took 16.6ns 
17958      INFO  main            d.u.i.k.p.r.p.TestFile    ... finished proof: closed. 
18176      INFO  main            d.u.i.k.p.i.AbstractProblemLoader Loading environment from /home/runner/work/key/key/key.core/../key.ui/examples/heap/block_contracts/Simple__addAbsoluteValues.key.proof 
18177      DEBUG main            d.u.i.k.p.i.AbstractProblemLoader Environment load took 1.78ms 
18179      INFO  main            d.u.i.k.p.i.AbstractProblemLoader Creating init config 
21431      DEBUG main            d.u.i.k.p.i.AbstractProblemLoader Init config took 3.25s 
21486      INFO  main            d.u.i.k.p.i.AbstractProblemLoader Replaying proof Simple[Simple::addAbsoluteValues(int,int)].JML normal_behavior operation contract.0 
21667      DEBUG main            d.u.i.k.p.i.IntermediateProofReplayer Proof replay took 173.22ms 
21669      DEBUG main            d.u.i.k.p.r.p.TestFile    ... success: reloaded. 
21671      INFO  main            d.u.i.k.p.r.p.TestFile    Now processing file /home/runner/work/key/key/key.core/../key.ui/examples/heap/block_contracts/Simple__addWithJump.key 
21671      INFO  main            d.u.i.k.p.i.AbstractProblemLoader Loading environment from /home/runner/work/key/key/key.core/../key.ui/examples/heap/block_contracts/Simple__addWithJump.key 
21671      DEBUG main            d.u.i.k.p.i.AbstractProblemLoader Environment load took 265.5ns 
21673      INFO  main            d.u.i.k.p.i.AbstractProblemLoader Creating init config 
24868      DEBUG main            d.u.i.k.p.i.AbstractProblemLoader Init config took 3.19s 
24917      INFO  main            d.u.i.k.p.i.AbstractProblemLoader Replaying proof Simple[Simple::addWithJump(int,int,int)].JML operation contract.0 
24920      DEBUG main            d.u.i.k.p.i.IntermediateProofReplayer Proof replay took 23.1ns 
25123      INFO  main            d.u.i.k.p.r.p.TestFile    ... finished proof: closed. 
25328      INFO  main            d.u.i.k.p.i.AbstractProblemLoader Loading environment from /home/runner/work/key/key/key.core/../key.ui/examples/heap/block_contracts/Simple__addWithJump.key.proof 
25328      DEBUG main            d.u.i.k.p.i.AbstractProblemLoader Environment load took 146.2ns 
25330      INFO  main            d.u.i.k.p.i.AbstractProblemLoader Creating init config 
28464      DEBUG main            d.u.i.k.p.i.AbstractProblemLoader Init config took 3.13s 
28513      INFO  main            d.u.i.k.p.i.AbstractProblemLoader Replaying proof Simple[Simple::addWithJump(int,int,int)].JML operation contract.0 
28557      DEBUG main            d.u.i.k.p.i.IntermediateProofReplayer Proof replay took 41.98ms 
28559      DEBUG main            d.u.i.k.p.r.p.TestFile    ... success: reloaded. 
28560      INFO  main            d.u.i.k.p.r.p.TestFile    Now processing file /home/runner/work/key/key/key.core/../key.ui/examples/heap/block_contracts/Simple__addWithTwoBlockContracts.key 
28561      INFO  main            d.u.i.k.p.i.AbstractProblemLoader Loading environment from /home/runner/work/key/key/key.core/../key.ui/examples/heap/block_contracts/Simple__addWithTwoBlockContracts.key 
28561      DEBUG main            d.u.i.k.p.i.AbstractProblemLoader Environment load took 260.3ns 
28562      INFO  main            d.u.i.k.p.i.AbstractProblemLoader Creating init config 
31655      DEBUG main            d.u.i.k.p.i.AbstractProblemLoader Init config took 3.09s 
31702      INFO  main            d.u.i.k.p.i.AbstractProblemLoader Replaying proof Simple[Simple::addWithTwoBlockContracts(int,int,int)].JML operation contract.0 
31704      DEBUG main            d.u.i.k.p.i.IntermediateProofReplayer Proof replay took 13.5ns 
31908      INFO  main            d.u.i.k.p.r.p.TestFile    ... finished proof: closed. 
32100      INFO  main            d.u.i.k.p.i.AbstractProblemLoader Loading environment from /home/runner/work/key/key/key.core/../key.ui/examples/heap/block_contracts/Simple__addWithTwoBlockContracts.key.proof 
32100      DEBUG main            d.u.i.k.p.i.AbstractProblemLoader Environment load took 149.3ns 
32101      INFO  main            d.u.i.k.p.i.AbstractProblemLoader Creating init config 
35241      DEBUG main            d.u.i.k.p.i.AbstractProblemLoader Init config took 3.14s 
35306      INFO  main            d.u.i.k.p.i.AbstractProblemLoader Replaying proof Simple[Simple::addWithTwoBlockContracts(int,int,int)].JML operation contract.0 
35369      DEBUG main            d.u.i.k.p.i.IntermediateProofReplayer Proof replay took 59.39ms 
35370      DEBUG main            d.u.i.k.p.r.p.TestFile    ... success: reloaded. 
35372      INFO  main            d.u.i.k.p.r.p.TestFile    Now processing file /home/runner/work/key/key/key.core/../key.ui/examples/heap/block_contracts/Simple__generateByteArray.key 
35372      INFO  main            d.u.i.k.p.i.AbstractProblemLoader Loading environment from /home/runner/work/key/key/key.core/../key.ui/examples/heap/block_contracts/Simple__generateByteArray.key 
35373      DEBUG main            d.u.i.k.p.i.AbstractProblemLoader Environment load took 662.21ns 
35375      INFO  main            d.u.i.k.p.i.AbstractProblemLoader Creating init config 
38533      DEBUG main            d.u.i.k.p.i.AbstractProblemLoader Init config took 3.16s 
38580      INFO  main            d.u.i.k.p.i.AbstractProblemLoader Replaying proof Simple[Simple::generateByteArray()].JML normal_behavior operation contract.0 
38582      DEBUG main            d.u.i.k.p.i.IntermediateProofReplayer Proof replay took 14.4ns 
40633      INFO  main            d.u.i.k.p.r.p.TestFile    ... finished proof: closed. 
40843      INFO  main            d.u.i.k.p.i.AbstractProblemLoader Loading environment from /home/runner/work/key/key/key.core/../key.ui/examples/heap/block_contracts/Simple__generateByteArray.key.proof 
40843      DEBUG main            d.u.i.k.p.i.AbstractProblemLoader Environment load took 270.1ns 
40845      INFO  main            d.u.i.k.p.i.AbstractProblemLoader Creating init config 
43918      DEBUG main            d.u.i.k.p.i.AbstractProblemLoader Init config took 3.07s 
43977      INFO  main            d.u.i.k.p.i.AbstractProblemLoader Replaying proof Simple[Simple::generateByteArray()].JML normal_behavior operation contract.0 
44312      DEBUG main            d.u.i.k.p.i.IntermediateProofReplayer Proof replay took 317.89ms 
44314      DEBUG main            d.u.i.k.p.r.p.TestFile    ... success: reloaded. 
44315      INFO  main            d.u.i.k.p.r.p.TestFile    Now processing file /home/runner/work/key/key/key.core/../key.ui/examples/heap/block_contracts/Simple__getLength.key 
44316      INFO  main            d.u.i.k.p.i.AbstractProblemLoader Loading environment from /home/runner/work/key/key/key.core/../key.ui/examples/heap/block_contracts/Simple__getLength.key 
44316      DEBUG main            d.u.i.k.p.i.AbstractProblemLoader Environment load took 706.31ns 
44318      INFO  main            d.u.i.k.p.i.AbstractProblemLoader Creating init config 
47407      DEBUG main            d.u.i.k.p.i.AbstractProblemLoader Init config took 3.09s 
47453      INFO  main            d.u.i.k.p.i.AbstractProblemLoader Replaying proof Simple[Simple::getLength()].JML normal_behavior operation contract.0 
47455      DEBUG main            d.u.i.k.p.i.IntermediateProofReplayer Proof replay took 14.8ns 
47561      INFO  main            d.u.i.k.p.r.p.TestFile    ... finished proof: closed. 
47773      INFO  main            d.u.i.k.p.i.AbstractProblemLoader Loading environment from /home/runner/work/key/key/key.core/../key.ui/examples/heap/block_contracts/Simple__getLength.key.proof 
47773      DEBUG main            d.u.i.k.p.i.AbstractProblemLoader Environment load took 143.9ns 
47775      INFO  main            d.u.i.k.p.i.AbstractProblemLoader Creating init config 
50821      DEBUG main            d.u.i.k.p.i.AbstractProblemLoader Init config took 3.05s 
50877      INFO  main            d.u.i.k.p.i.AbstractProblemLoader Replaying proof Simple[Simple::getLength()].JML normal_behavior operation contract.0 
50887      DEBUG main            d.u.i.k.p.i.IntermediateProofReplayer Proof replay took 7.37ms 
50888      DEBUG main            d.u.i.k.p.r.p.TestFile    ... success: reloaded. 
50890      INFO  main            d.u.i.k.p.r.p.TestFile    Now processing file /home/runner/work/key/key/key.core/../key.ui/examples/heap/block_contracts/Simple__square.key 
50890      INFO  main            d.u.i.k.p.i.AbstractProblemLoader Loading environment from /home/runner/work/key/key/key.core/../key.ui/examples/heap/block_contracts/Simple__square.key 
50891      DEBUG main            d.u.i.k.p.i.AbstractProblemLoader Environment load took 268.5ns 
50892      INFO  main            d.u.i.k.p.i.AbstractProblemLoader Creating init config 
53987      DEBUG main            d.u.i.k.p.i.AbstractProblemLoader Init config took 3.09s 
54031      INFO  main            d.u.i.k.p.i.AbstractProblemLoader Replaying proof Simple[Simple::square(int)].JML operation contract.0 
54034      DEBUG main            d.u.i.k.p.i.IntermediateProofReplayer Proof replay took 14.4ns 
54444      INFO  main            d.u.i.k.p.r.p.TestFile    ... finished proof: closed. 
54644      INFO  main            d.u.i.k.p.i.AbstractProblemLoader Loading environment from /home/runner/work/key/key/key.core/../key.ui/examples/heap/block_contracts/Simple__square.key.proof 
54644      DEBUG main            d.u.i.k.p.i.AbstractProblemLoader Environment load took 151.8ns 
54645      INFO  main            d.u.i.k.p.i.AbstractProblemLoader Creating init config 
57712      DEBUG main            d.u.i.k.p.i.AbstractProblemLoader Init config took 3.07s 
57758      INFO  main            d.u.i.k.p.i.AbstractProblemLoader Replaying proof Simple[Simple::square(int)].JML operation contract.0 
57851      DEBUG main            d.u.i.k.p.i.IntermediateProofReplayer Proof replay took 89.34ms 
57852      DEBUG main            d.u.i.k.p.r.p.TestFile    ... success: reloaded. 
57853      INFO  main            d.u.i.k.p.r.p.TestFile    Now processing file /home/runner/work/key/key/key.core/../key.ui/examples/heap/block_contracts/Simple__unnecessaryBlockContract.key 
57854      INFO  main            d.u.i.k.p.i.AbstractProblemLoader Loading environment from /home/runner/work/key/key/key.core/../key.ui/examples/heap/block_contracts/Simple__unnecessaryBlockContract.key 
57854      DEBUG main            d.u.i.k.p.i.AbstractProblemLoader Environment load took 111ns 
57855      INFO  main            d.u.i.k.p.i.AbstractProblemLoader Creating init config 
60905      DEBUG main            d.u.i.k.p.i.AbstractProblemLoader Init config took 3.05s 
60948      INFO  main            d.u.i.k.p.i.AbstractProblemLoader Replaying proof Simple[Simple::unnecessaryBlockContract()].JML operation contract.0 
60951      DEBUG main            d.u.i.k.p.i.IntermediateProofReplayer Proof replay took 15.6ns 
61055      INFO  main            d.u.i.k.p.r.p.TestFile    ... finished proof: closed. 
61269      INFO  main            d.u.i.k.p.i.AbstractProblemLoader Loading environment from /home/runner/work/key/key/key.core/../key.ui/examples/heap/block_contracts/Simple__unnecessaryBlockContract.key.proof 
61269      DEBUG main            d.u.i.k.p.i.AbstractProblemLoader Environment load took 155.1ns 
61272      INFO  main            d.u.i.k.p.i.AbstractProblemLoader Creating init config 
64288      DEBUG main            d.u.i.k.p.i.AbstractProblemLoader Init config took 3.02s 
64328      INFO  main            d.u.i.k.p.i.AbstractProblemLoader Replaying proof Simple[Simple::unnecessaryBlockContract()].JML operation contract.0 
64351      DEBUG main            d.u.i.k.p.i.IntermediateProofReplayer Proof replay took 21.2ms 
64352      DEBUG main            d.u.i.k.p.r.p.TestFile    ... success: reloaded. 
64353      INFO  main            d.u.i.k.p.r.p.TestFile    Now processing file /home/runner/work/key/key/key.core/../key.ui/examples/heap/block_contracts/Simple__unnecessaryLoopInvariant.key 
64354      INFO  main            d.u.i.k.p.i.AbstractProblemLoader Loading environment from /home/runner/work/key/key/key.core/../key.ui/examples/heap/block_contracts/Simple__unnecessaryLoopInvariant.key 
64354      DEBUG main            d.u.i.k.p.i.AbstractProblemLoader Environment load took 68.2ns 
64355      INFO  main            d.u.i.k.p.i.AbstractProblemLoader Creating init config 
67420      DEBUG main            d.u.i.k.p.i.AbstractProblemLoader Init config took 3.07s 
67463      INFO  main            d.u.i.k.p.i.AbstractProblemLoader Replaying proof Simple[Simple::unnecessaryLoopInvariant()].JML operation contract.0 
67465      DEBUG main            d.u.i.k.p.i.IntermediateProofReplayer Proof replay took 15.9ns 
67567      INFO  main            d.u.i.k.p.r.p.TestFile    ... finished proof: closed. 
67774      INFO  main            d.u.i.k.p.i.AbstractProblemLoader Loading environment from /home/runner/work/key/key/key.core/../key.ui/examples/heap/block_contracts/Simple__unnecessaryLoopInvariant.key.proof 
67774      DEBUG main            d.u.i.k.p.i.AbstractProblemLoader Environment load took 134ns 
67775      INFO  main            d.u.i.k.p.i.AbstractProblemLoader Creating init config 
70802      DEBUG main            d.u.i.k.p.i.AbstractProblemLoader Init config took 3.03s 
70840      INFO  main            d.u.i.k.p.i.AbstractProblemLoader Replaying proof Simple[Simple::unnecessaryLoopInvariant()].JML operation contract.0 
70853      DEBUG main            d.u.i.k.p.i.IntermediateProofReplayer Proof replay took 10.87ms 
70854      DEBUG main            d.u.i.k.p.r.p.TestFile    ... success: reloaded. 
70855      INFO  main            d.u.i.k.p.r.p.TestFile    Now processing file /home/runner/work/key/key/key.core/../key.ui/examples/standard_key/java_dl/jml-assert/assert.key 
70855      INFO  main            d.u.i.k.p.i.AbstractProblemLoader Loading environment from /home/runner/work/key/key/key.core/../key.ui/examples/standard_key/java_dl/jml-assert/assert.key 
70855      DEBUG main            d.u.i.k.p.i.AbstractProblemLoader Environment load took 111.5ns 
70856      INFO  main            d.u.i.k.p.i.AbstractProblemLoader Creating init config 
73509      DEBUG main            d.u.i.k.p.i.AbstractProblemLoader Init config took 2.65s 
73550      INFO  main            d.u.i.k.p.i.AbstractProblemLoader Replaying proof Assert[Assert::createArray(int)].JML normal_behavior operation contract.0 
73551      DEBUG main            d.u.i.k.p.i.IntermediateProofReplayer Proof replay took 7.3ns 
73754      INFO  main            d.u.i.k.p.r.p.TestFile    ... finished proof: closed. 
73971      INFO  main            d.u.i.k.p.i.AbstractProblemLoader Loading environment from /home/runner/work/key/key/key.core/../key.ui/examples/standard_key/java_dl/jml-assert/assert.key.proof 
73971      DEBUG main            d.u.i.k.p.i.AbstractProblemLoader Environment load took 144.5ns 
73973      INFO  main            d.u.i.k.p.i.AbstractProblemLoader Creating init config 
76587      DEBUG main            d.u.i.k.p.i.AbstractProblemLoader Init config took 2.61s 
76644      INFO  main            d.u.i.k.p.i.AbstractProblemLoader Replaying proof Assert[Assert::createArray(int)].JML normal_behavior operation contract.0 
76691      DEBUG main            d.u.i.k.p.i.IntermediateProofReplayer Proof replay took 43.46ms 
76692      DEBUG main            d.u.i.k.p.r.p.TestFile    ... success: reloaded. 
76694      INFO  main            d.u.i.k.p.r.p.TestFile    Now processing file /home/runner/work/key/key/key.core/../key.ui/examples/standard_key/java_dl/jml-assert/assert_assume_order.key 
76694      INFO  main            d.u.i.k.p.i.AbstractProblemLoader Loading environment from /home/runner/work/key/key/key.core/../key.ui/examples/standard_key/java_dl/jml-assert/assert_assume_order.key 
76694      DEBUG main            d.u.i.k.p.i.AbstractProblemLoader Environment load took 267.4ns 
76695      INFO  main            d.u.i.k.p.i.AbstractProblemLoader Creating init config 
79348      DEBUG main            d.u.i.k.p.i.AbstractProblemLoader Init config took 2.65s 
79387      INFO  main            d.u.i.k.p.i.AbstractProblemLoader Replaying proof AssertAssume[AssertAssume::singleAssumeAssert(int)].JML normal_behavior operation contract.0 
79390      DEBUG main            d.u.i.k.p.i.IntermediateProofReplayer Proof replay took 7.5ns 
79492      INFO  main            d.u.i.k.p.r.p.TestFile    ... finished proof: closed. 
79718      INFO  main            d.u.i.k.p.i.AbstractProblemLoader Loading environment from /home/runner/work/key/key/key.core/../key.ui/examples/standard_key/java_dl/jml-assert/assert_assume_order.key.proof 
79719      DEBUG main            d.u.i.k.p.i.AbstractProblemLoader Environment load took 143.9ns 
79720      INFO  main            d.u.i.k.p.i.AbstractProblemLoader Creating init config 
82361      DEBUG main            d.u.i.k.p.i.AbstractProblemLoader Init config took 2.64s 
82399      INFO  main            d.u.i.k.p.i.AbstractProblemLoader Replaying proof AssertAssume[AssertAssume::singleAssumeAssert(int)].JML normal_behavior operation contract.0 
82409      DEBUG main            d.u.i.k.p.i.IntermediateProofReplayer Proof replay took 7.92ms 
82410      DEBUG main            d.u.i.k.p.r.p.TestFile    ... success: reloaded. 
82411      INFO  main            d.u.i.k.p.r.p.TestFile    Now processing file /home/runner/work/key/key/key.core/../key.ui/examples/heap/block_loop_contracts/SimpleVariants/sum_onBlock_external.key 
82412      INFO  main            d.u.i.k.p.i.AbstractProblemLoader Loading environment from /home/runner/work/key/key/key.core/../key.ui/examples/heap/block_loop_contracts/SimpleVariants/sum_onBlock_external.key 
82412      DEBUG main            d.u.i.k.p.i.AbstractProblemLoader Environment load took 135.3ns 
82413      INFO  main            d.u.i.k.p.i.AbstractProblemLoader Creating init config 
85374      DEBUG main            d.u.i.k.p.i.AbstractProblemLoader Init config took 2.96s 
85410      INFO  main            d.u.i.k.p.i.AbstractProblemLoader Replaying proof LoopContractExamplesAll[LoopContractExamplesAll::sum_loopContract_onBlock([I)].JML normal_behavior operation contract.0 
85413      DEBUG main            d.u.i.k.p.i.IntermediateProofReplayer Proof replay took 14.2ns 
85515      INFO  main            d.u.i.k.p.r.p.TestFile    ... finished proof: closed. 
85752      INFO  main            d.u.i.k.p.i.AbstractProblemLoader Loading environment from /home/runner/work/key/key/key.core/../key.ui/examples/heap/block_loop_contracts/SimpleVariants/sum_onBlock_external.key.proof 
85752      DEBUG main            d.u.i.k.p.i.AbstractProblemLoader Environment load took 141ns 
85755      INFO  main            d.u.i.k.p.i.AbstractProblemLoader Creating init config 
88574      DEBUG main            d.u.i.k.p.i.AbstractProblemLoader Init config took 2.82s 
88610      INFO  main            d.u.i.k.p.i.AbstractProblemLoader Replaying proof LoopContractExamplesAll[LoopContractExamplesAll::sum_loopContract_onBlock([I)].JML normal_behavior operation contract.0 
88647      DEBUG main            d.u.i.k.p.i.IntermediateProofReplayer Proof replay took 34.65ms 
88648      DEBUG main            d.u.i.k.p.r.p.TestFile    ... success: reloaded. 
88650      INFO  main            d.u.i.k.p.r.p.TestFile    Now processing file /home/runner/work/key/key/key.core/../key.ui/examples/heap/block_loop_contracts/SimpleVariants/sum_onBlock_internal.key 
88650      INFO  main            d.u.i.k.p.i.AbstractProblemLoader Loading environment from /home/runner/work/key/key/key.core/../key.ui/examples/heap/block_loop_contracts/SimpleVariants/sum_onBlock_internal.key 
88650      DEBUG main            d.u.i.k.p.i.AbstractProblemLoader Environment load took 109.2ns 
88651      INFO  main            d.u.i.k.p.i.AbstractProblemLoader Creating init config 
91584      DEBUG main            d.u.i.k.p.i.AbstractProblemLoader Init config took 2.93s 
91619      INFO  main            d.u.i.k.p.i.AbstractProblemLoader Replaying proof LoopContractExamplesAll[LoopContractExamplesAll::sum_loopContract_onBlock([I)].JML normal_behavior operation contract.0 
91621      DEBUG main            d.u.i.k.p.i.IntermediateProofReplayer Proof replay took 13.6ns 
92242      INFO  main            d.u.i.k.p.r.p.TestFile    ... finished proof: closed. 
92507      INFO  main            d.u.i.k.p.i.AbstractProblemLoader Loading environment from /home/runner/work/key/key/key.core/../key.ui/examples/heap/block_loop_contracts/SimpleVariants/sum_onBlock_internal.key.proof 
92508      DEBUG main            d.u.i.k.p.i.AbstractProblemLoader Environment load took 621.41ns 
92509      INFO  main            d.u.i.k.p.i.AbstractProblemLoader Creating init config 
95296      DEBUG main            d.u.i.k.p.i.AbstractProblemLoader Init config took 2.79s 
95335      INFO  main            d.u.i.k.p.i.AbstractProblemLoader Replaying proof LoopContractExamplesAll[LoopContractExamplesAll::sum_loopContract_onBlock([I)].JML normal_behavior operation contract.0 
95588      DEBUG main            d.u.i.k.p.i.IntermediateProofReplayer Proof replay took 249.75ms 
95589      DEBUG main            d.u.i.k.p.r.p.TestFile    ... success: reloaded. 
95591      INFO  main            d.u.i.k.p.r.p.TestFile    Now processing file /home/runner/work/key/key/key.core/../key.ui/examples/heap/block_loop_contracts/SimpleVariants/sum_onBlock_loop.key 
95591      INFO  main            d.u.i.k.p.i.AbstractProblemLoader Loading environment from /home/runner/work/key/key/key.core/../key.ui/examples/heap/block_loop_contracts/SimpleVariants/sum_onBlock_loop.key 
95591      DEBUG main            d.u.i.k.p.i.AbstractProblemLoader Environment load took 254.1ns 
95593      INFO  main            d.u.i.k.p.i.AbstractProblemLoader Creating init config 
98490      DEBUG main            d.u.i.k.p.i.AbstractProblemLoader Init config took 2.9s 
98529      INFO  main            d.u.i.k.p.i.AbstractProblemLoader Replaying proof LoopContractExamplesAll[LoopContractExamplesAll::sum_loopContract_onBlock([I)].JML normal_behavior loop contract.0 
98531      DEBUG main            d.u.i.k.p.i.IntermediateProofReplayer Proof replay took 30.8ns 
99335      INFO  main            d.u.i.k.p.r.p.TestFile    ... finished proof: closed. 
99675      INFO  main            d.u.i.k.p.i.AbstractProblemLoader Loading environment from /home/runner/work/key/key/key.core/../key.ui/examples/heap/block_loop_contracts/SimpleVariants/sum_onBlock_loop.key.proof 
99677      DEBUG main            d.u.i.k.p.i.AbstractProblemLoader Environment load took 1.52ms 
99678      INFO  main            d.u.i.k.p.i.AbstractProblemLoader Creating init config 
102473     DEBUG main            d.u.i.k.p.i.AbstractProblemLoader Init config took 2.8s 
102509     INFO  main            d.u.i.k.p.i.AbstractProblemLoader Replaying proof LoopContractExamplesAll[LoopContractExamplesAll::sum_loopContract_onBlock([I)].JML normal_behavior loop contract.0 
102751     DEBUG main            d.u.i.k.p.i.IntermediateProofReplayer Proof replay took 237.41ms 
102752     DEBUG main            d.u.i.k.p.r.p.TestFile    ... success: reloaded. 
102753     INFO  main            d.u.i.k.p.r.p.TestFile    Now processing file /home/runner/work/key/key/key.core/../key.ui/examples/heap/block_loop_contracts/SimpleVariants/sum_onLoop_external.key 
102753     INFO  main            d.u.i.k.p.i.AbstractProblemLoader Loading environment from /home/runner/work/key/key/key.core/../key.ui/examples/heap/block_loop_contracts/SimpleVariants/sum_onLoop_external.key 
102754     DEBUG main            d.u.i.k.p.i.AbstractProblemLoader Environment load took 222.2ns 
102755     INFO  main            d.u.i.k.p.i.AbstractProblemLoader Creating init config 
105649     DEBUG main            d.u.i.k.p.i.AbstractProblemLoader Init config took 2.89s 
105687     INFO  main            d.u.i.k.p.i.AbstractProblemLoader Replaying proof LoopContractExamplesAll[LoopContractExamplesAll::sum_loopContract_onLoop([I)].JML normal_behavior operation contract.0 
105690     DEBUG main            d.u.i.k.p.i.IntermediateProofReplayer Proof replay took 15.6ns 
105792     INFO  main            d.u.i.k.p.r.p.TestFile    ... finished proof: closed. 
106075     INFO  main            d.u.i.k.p.i.AbstractProblemLoader Loading environment from /home/runner/work/key/key/key.core/../key.ui/examples/heap/block_loop_contracts/SimpleVariants/sum_onLoop_external.key.proof 
106076     DEBUG main            d.u.i.k.p.i.AbstractProblemLoader Environment load took 143.3ns 
106079     INFO  main            d.u.i.k.p.i.AbstractProblemLoader Creating init config 
108881     DEBUG main            d.u.i.k.p.i.AbstractProblemLoader Init config took 2.8s 
108916     INFO  main            d.u.i.k.p.i.AbstractProblemLoader Replaying proof LoopContractExamplesAll[LoopContractExamplesAll::sum_loopContract_onLoop([I)].JML normal_behavior operation contract.0 
108945     DEBUG main            d.u.i.k.p.i.IntermediateProofReplayer Proof replay took 26.44ms 
108946     DEBUG main            d.u.i.k.p.r.p.TestFile    ... success: reloaded. 
108947     INFO  main            d.u.i.k.p.r.p.TestFile    Now processing file /home/runner/work/key/key/key.core/../key.ui/examples/heap/block_loop_contracts/SimpleVariants/sum_onLoop_internal.key 
108947     INFO  main            d.u.i.k.p.i.AbstractProblemLoader Loading environment from /home/runner/work/key/key/key.core/../key.ui/examples/heap/block_loop_contracts/SimpleVariants/sum_onLoop_internal.key 
108947     DEBUG main            d.u.i.k.p.i.AbstractProblemLoader Environment load took 87.6ns 
108948     INFO  main            d.u.i.k.p.i.AbstractProblemLoader Creating init config 
111856     DEBUG main            d.u.i.k.p.i.AbstractProblemLoader Init config took 2.91s 
111890     INFO  main            d.u.i.k.p.i.AbstractProblemLoader Replaying proof LoopContractExamplesAll[LoopContractExamplesAll::sum_loopContract_onLoop([I)].JML normal_behavior operation contract.0 
111892     DEBUG main            d.u.i.k.p.i.IntermediateProofReplayer Proof replay took 14ns 
112495     INFO  main            d.u.i.k.p.r.p.TestFile    ... finished proof: closed. 
112791     INFO  main            d.u.i.k.p.i.AbstractProblemLoader Loading environment from /home/runner/work/key/key/key.core/../key.ui/examples/heap/block_loop_contracts/SimpleVariants/sum_onLoop_internal.key.proof 
112792     DEBUG main            d.u.i.k.p.i.AbstractProblemLoader Environment load took 695.61ns 
112793     INFO  main            d.u.i.k.p.i.AbstractProblemLoader Creating init config 
115585     DEBUG main            d.u.i.k.p.i.AbstractProblemLoader Init config took 2.79s 
115623     INFO  main            d.u.i.k.p.i.AbstractProblemLoader Replaying proof LoopContractExamplesAll[LoopContractExamplesAll::sum_loopContract_onLoop([I)].JML normal_behavior operation contract.0 
115878     DEBUG main            d.u.i.k.p.i.IntermediateProofReplayer Proof replay took 247.69ms 
115882     DEBUG main            d.u.i.k.p.r.p.TestFile    ... success: reloaded. 
115883     INFO  main            d.u.i.k.p.r.p.TestFile    Now processing file /home/runner/work/key/key/key.core/../key.ui/examples/heap/block_loop_contracts/SimpleVariants/sum_onLoop_loop.key 
115884     INFO  main            d.u.i.k.p.i.AbstractProblemLoader Loading environment from /home/runner/work/key/key/key.core/../key.ui/examples/heap/block_loop_contracts/SimpleVariants/sum_onLoop_loop.key 
115884     DEBUG main            d.u.i.k.p.i.AbstractProblemLoader Environment load took 77.7ns 
115885     INFO  main            d.u.i.k.p.i.AbstractProblemLoader Creating init config 
118755     DEBUG main            d.u.i.k.p.i.AbstractProblemLoader Init config took 2.87s 
118791     INFO  main            d.u.i.k.p.i.AbstractProblemLoader Replaying proof LoopContractExamplesAll[LoopContractExamplesAll::sum_loopContract_onLoop([I)].JML normal_behavior loop contract.0 
118793     DEBUG main            d.u.i.k.p.i.IntermediateProofReplayer Proof replay took 13.9ns 
119598     INFO  main            d.u.i.k.p.r.p.TestFile    ... finished proof: closed. 
119897     INFO  main            d.u.i.k.p.i.AbstractProblemLoader Loading environment from /home/runner/work/key/key/key.core/../key.ui/examples/heap/block_loop_contracts/SimpleVariants/sum_onLoop_loop.key.proof 
119897     DEBUG main            d.u.i.k.p.i.AbstractProblemLoader Environment load took 215ns 
119901     INFO  main            d.u.i.k.p.i.AbstractProblemLoader Creating init config 
122711     DEBUG main            d.u.i.k.p.i.AbstractProblemLoader Init config took 2.81s 
122751     INFO  main            d.u.i.k.p.i.AbstractProblemLoader Replaying proof LoopContractExamplesAll[LoopContractExamplesAll::sum_loopContract_onLoop([I)].JML normal_behavior loop contract.0 
122984     DEBUG main            d.u.i.k.p.i.IntermediateProofReplayer Proof replay took 228.08ms 
122985     DEBUG main            d.u.i.k.p.r.p.TestFile    ... success: reloaded. 
122986     INFO  main            d.u.i.k.p.r.p.TestFile    Now processing file /home/runner/work/key/key/key.core/../key.ui/examples/heap/block_loop_contracts/Free/blockContracts0.key 
122987     INFO  main            d.u.i.k.p.i.AbstractProblemLoader Loading environment from /home/runner/work/key/key/key.core/../key.ui/examples/heap/block_loop_contracts/Free/blockContracts0.key 
122987     DEBUG main            d.u.i.k.p.i.AbstractProblemLoader Environment load took 246.6ns 
122988     INFO  main            d.u.i.k.p.i.AbstractProblemLoader Creating init config 
125524     DEBUG main            d.u.i.k.p.i.AbstractProblemLoader Init config took 2.54s 
125559     INFO  main            d.u.i.k.p.i.AbstractProblemLoader Replaying proof FreeConditions[FreeConditions::blockContract0()].JML normal_behavior operation contract.0 
125560     DEBUG main            d.u.i.k.p.i.IntermediateProofReplayer Proof replay took 14ns 
125663     INFO  main            d.u.i.k.p.r.p.TestFile    ... finished proof: closed. 
125956     INFO  main            d.u.i.k.p.i.AbstractProblemLoader Loading environment from /home/runner/work/key/key/key.core/../key.ui/examples/heap/block_loop_contracts/Free/blockContracts0.key.proof 
125956     DEBUG main            d.u.i.k.p.i.AbstractProblemLoader Environment load took 124.9ns 
125957     INFO  main            d.u.i.k.p.i.AbstractProblemLoader Creating init config 
128411     DEBUG main            d.u.i.k.p.i.AbstractProblemLoader Init config took 2.45s 
128447     INFO  main            d.u.i.k.p.i.AbstractProblemLoader Replaying proof FreeConditions[FreeConditions::blockContract0()].JML normal_behavior operation contract.0 
128474     DEBUG main            d.u.i.k.p.i.IntermediateProofReplayer Proof replay took 24.9ms 
128477     DEBUG main            d.u.i.k.p.r.p.TestFile    ... success: reloaded. 
128479     INFO  main            d.u.i.k.p.r.p.TestFile    Now processing file /home/runner/work/key/key/key.core/../key.ui/examples/heap/block_loop_contracts/Free/blockContracts1.key 
128479     INFO  main            d.u.i.k.p.i.AbstractProblemLoader Loading environment from /home/runner/work/key/key/key.core/../key.ui/examples/heap/block_loop_contracts/Free/blockContracts1.key 
128479     DEBUG main            d.u.i.k.p.i.AbstractProblemLoader Environment load took 143.4ns 
128480     INFO  main            d.u.i.k.p.i.AbstractProblemLoader Creating init config 
131054     DEBUG main            d.u.i.k.p.i.AbstractProblemLoader Init config took 2.57s 
131088     INFO  main            d.u.i.k.p.i.AbstractProblemLoader Replaying proof FreeConditions[FreeConditions::blockContract1()].JML normal_behavior operation contract.0 
131090     DEBUG main            d.u.i.k.p.i.IntermediateProofReplayer Proof replay took 15.2ns 
131193     INFO  main            d.u.i.k.p.r.p.TestFile    ... finished proof: closed. 
131469     INFO  main            d.u.i.k.p.i.AbstractProblemLoader Loading environment from /home/runner/work/key/key/key.core/../key.ui/examples/heap/block_loop_contracts/Free/blockContracts1.key.proof 
131470     DEBUG main            d.u.i.k.p.i.AbstractProblemLoader Environment load took 126.9ns 
131471     INFO  main            d.u.i.k.p.i.AbstractProblemLoader Creating init config 
133904     DEBUG main            d.u.i.k.p.i.AbstractProblemLoader Init config took 2.43s 
133938     INFO  main            d.u.i.k.p.i.AbstractProblemLoader Replaying proof FreeConditions[FreeConditions::blockContract1()].JML normal_behavior operation contract.0 
133956     DEBUG main            d.u.i.k.p.i.IntermediateProofReplayer Proof replay took 15.99ms 
133957     DEBUG main            d.u.i.k.p.r.p.TestFile    ... success: reloaded. 
133958     INFO  main            d.u.i.k.p.r.p.TestFile    Now processing file /home/runner/work/key/key/key.core/../key.ui/examples/heap/block_loop_contracts/Finally/block_finally.key 
133958     INFO  main            d.u.i.k.p.i.AbstractProblemLoader Loading environment from /home/runner/work/key/key/key.core/../key.ui/examples/heap/block_loop_contracts/Finally/block_finally.key 
133958     DEBUG main            d.u.i.k.p.i.AbstractProblemLoader Environment load took 56.1ns 
133959     INFO  main            d.u.i.k.p.i.AbstractProblemLoader Creating init config 
136474     DEBUG main            d.u.i.k.p.i.AbstractProblemLoader Init config took 2.52s 
136511     INFO  main            d.u.i.k.p.i.AbstractProblemLoader Replaying proof AuxiliaryContractsFinally[AuxiliaryContractsFinally::breakThrowContinueBlockContract(java.lang.Exception)].JML block contract.0 
136514     DEBUG main            d.u.i.k.p.i.IntermediateProofReplayer Proof replay took 11.9ns 
137118     INFO  main            d.u.i.k.p.r.p.TestFile    ... finished proof: open goal(s) 
137416     INFO  main            d.u.i.k.p.r.p.TestFile    Now processing file /home/runner/work/key/key/key.core/../key.ui/examples/heap/block_loop_contracts/Finally/loop_finally.key 
137416     INFO  main            d.u.i.k.p.i.AbstractProblemLoader Loading environment from /home/runner/work/key/key/key.core/../key.ui/examples/heap/block_loop_contracts/Finally/loop_finally.key 
137417     DEBUG main            d.u.i.k.p.i.AbstractProblemLoader Environment load took 692.61ns 
137418     INFO  main            d.u.i.k.p.i.AbstractProblemLoader Creating init config 
139878     DEBUG main            d.u.i.k.p.i.AbstractProblemLoader Init config took 2.46s 
139915     INFO  main            d.u.i.k.p.i.AbstractProblemLoader Replaying proof AuxiliaryContractsFinally[AuxiliaryContractsFinally::breakThrowContinueLoopContract(java.lang.Exception)].JML normal_behavior loop contract.0 
139917     DEBUG main            d.u.i.k.p.i.IntermediateProofReplayer Proof replay took 14ns 
140627     INFO  main            d.u.i.k.p.r.p.TestFile    ... finished proof: open goal(s) 
647141     INFO  Test worker     d.u.i.k.p.r.RunAllProofsTestUnit Returning from test blockContracts 
647142     INFO  Test worker     d.u.i.k.p.r.RunAllProofsTestUnit Running test jmlAsserts 
347        INFO  Timeout watchdog d.u.i.k.p.r.p.ForkedTestFileRunner Timeout watcher launched (2000 secs.) 
362        WARN  main            d.u.i.k.s.ProofSettings   The settings in /home/runner/.key/proof-settings.props are *not* read. 
390        INFO  main            d.u.i.k.p.r.p.TestFile    Now processing file /home/runner/work/key/key/key.core/../key.ui/examples/standard_key/java_dl/jml-assert/assert.key 
508        INFO  main            d.u.i.k.p.i.AbstractProblemLoader Loading environment from /home/runner/work/key/key/key.core/../key.ui/examples/standard_key/java_dl/jml-assert/assert.key 
525        DEBUG main            d.u.i.k.p.i.AbstractProblemLoader Environment load took 2.03ms 
747        INFO  main            d.u.i.k.p.i.AbstractProblemLoader Creating init config 
1689       DEBUG main            d.u.i.k.j.TypeConverter   No LDT found for Meta 
1690       DEBUG main            d.u.i.k.j.TypeConverter   No LDT found for Meta 
1693       DEBUG main            d.u.i.k.j.TypeConverter   No LDT found for Meta 
1693       DEBUG main            d.u.i.k.j.TypeConverter   No LDT found for Meta 
3118       DEBUG main            d.u.i.k.j.TypeConverter   No LDT found for JavaBigintExpression 
8261       DEBUG main            d.u.i.k.p.i.AbstractProblemLoader Init config took 7.51s 
8391       INFO  main            d.u.i.k.p.i.AbstractProblemLoader Replaying proof Assert[Assert::createArray(int)].JML normal_behavior operation contract.0 
8425       DEBUG main            d.u.i.k.p.i.IntermediateProofReplayer Proof replay took 34.8ns 
9265       INFO  main            d.u.i.k.p.r.p.TestFile    ... finished proof: closed. 
9410       INFO  main            d.u.i.k.p.i.AbstractProblemLoader Loading environment from /home/runner/work/key/key/key.core/../key.ui/examples/standard_key/java_dl/jml-assert/assert.key.proof 
9410       DEBUG main            d.u.i.k.p.i.AbstractProblemLoader Environment load took 337.51ns 
9412       INFO  main            d.u.i.k.p.i.AbstractProblemLoader Creating init config 
12305      DEBUG main            d.u.i.k.p.i.AbstractProblemLoader Init config took 2.89s 
12412      INFO  main            d.u.i.k.p.i.AbstractProblemLoader Replaying proof Assert[Assert::createArray(int)].JML normal_behavior operation contract.0 
12579      DEBUG main            d.u.i.k.p.i.IntermediateProofReplayer Proof replay took 151.04ms 
12588      DEBUG main            d.u.i.k.p.r.p.TestFile    ... success: reloaded. 
12591      INFO  main            d.u.i.k.p.r.p.TestFile    Now processing file /home/runner/work/key/key/key.core/../key.ui/examples/heap/block_loop_contracts/Free/assertions0.key 
12591      INFO  main            d.u.i.k.p.i.AbstractProblemLoader Loading environment from /home/runner/work/key/key/key.core/../key.ui/examples/heap/block_loop_contracts/Free/assertions0.key 
12591      DEBUG main            d.u.i.k.p.i.AbstractProblemLoader Environment load took 130.3ns 
12595      INFO  main            d.u.i.k.p.i.AbstractProblemLoader Creating init config 
15362      DEBUG main            d.u.i.k.p.i.AbstractProblemLoader Init config took 2.77s 
15426      INFO  main            d.u.i.k.p.i.AbstractProblemLoader Replaying proof FreeConditions[FreeConditions::assertions0()].JML normal_behavior operation contract.0 
15430      DEBUG main            d.u.i.k.p.i.IntermediateProofReplayer Proof replay took 14.5ns 
15533      INFO  main            d.u.i.k.p.r.p.TestFile    ... finished proof: closed. 
15666      INFO  main            d.u.i.k.p.i.AbstractProblemLoader Loading environment from /home/runner/work/key/key/key.core/../key.ui/examples/heap/block_loop_contracts/Free/assertions0.key.proof 
15666      DEBUG main            d.u.i.k.p.i.AbstractProblemLoader Environment load took 152.8ns 
15668      INFO  main            d.u.i.k.p.i.AbstractProblemLoader Creating init config 
18321      DEBUG main            d.u.i.k.p.i.AbstractProblemLoader Init config took 2.65s 
18389      INFO  main            d.u.i.k.p.i.AbstractProblemLoader Replaying proof FreeConditions[FreeConditions::assertions0()].JML normal_behavior operation contract.0 
18414      DEBUG main            d.u.i.k.p.i.IntermediateProofReplayer Proof replay took 21.75ms 
18415      DEBUG main            d.u.i.k.p.r.p.TestFile    ... success: reloaded. 
18417      INFO  main            d.u.i.k.p.r.p.TestFile    Now processing file /home/runner/work/key/key/key.core/../key.ui/examples/heap/block_loop_contracts/Free/assertions1.key 
18417      INFO  main            d.u.i.k.p.i.AbstractProblemLoader Loading environment from /home/runner/work/key/key/key.core/../key.ui/examples/heap/block_loop_contracts/Free/assertions1.key 
18417      DEBUG main            d.u.i.k.p.i.AbstractProblemLoader Environment load took 318.81ns 
18419      INFO  main            d.u.i.k.p.i.AbstractProblemLoader Creating init config 
20972      DEBUG main            d.u.i.k.p.i.AbstractProblemLoader Init config took 2.55s 
21018      INFO  main            d.u.i.k.p.i.AbstractProblemLoader Replaying proof FreeConditions[FreeConditions::assertions1()].JML normal_behavior operation contract.0 
21021      DEBUG main            d.u.i.k.p.i.IntermediateProofReplayer Proof replay took 16ns 
21124      INFO  main            d.u.i.k.p.r.p.TestFile    ... finished proof: closed. 
21308      INFO  main            d.u.i.k.p.i.AbstractProblemLoader Loading environment from /home/runner/work/key/key/key.core/../key.ui/examples/heap/block_loop_contracts/Free/assertions1.key.proof 
21309      DEBUG main            d.u.i.k.p.i.AbstractProblemLoader Environment load took 151.8ns 
21310      INFO  main            d.u.i.k.p.i.AbstractProblemLoader Creating init config 
23845      DEBUG main            d.u.i.k.p.i.AbstractProblemLoader Init config took 2.54s 
23895      INFO  main            d.u.i.k.p.i.AbstractProblemLoader Replaying proof FreeConditions[FreeConditions::assertions1()].JML normal_behavior operation contract.0 
23912      DEBUG main            d.u.i.k.p.i.IntermediateProofReplayer Proof replay took 10.59ms 
23913      DEBUG main            d.u.i.k.p.r.p.TestFile    ... success: reloaded. 
23915      INFO  main            d.u.i.k.p.r.p.TestFile    Now processing file /home/runner/work/key/key/key.core/../key.ui/examples/standard_key/java_dl/jml-assert/recursion-assert.key 
23915      INFO  main            d.u.i.k.p.i.AbstractProblemLoader Loading environment from /home/runner/work/key/key/key.core/../key.ui/examples/standard_key/java_dl/jml-assert/recursion-assert.key 
23916      DEBUG main            d.u.i.k.p.i.AbstractProblemLoader Environment load took 253.9ns 
23918      INFO  main            d.u.i.k.p.i.AbstractProblemLoader Creating init config 
26611      DEBUG main            d.u.i.k.p.i.AbstractProblemLoader Init config took 2.69s 
26668      INFO  main            d.u.i.k.p.i.AbstractProblemLoader Replaying proof RecursiveMethod[RecursiveMethod::fac1(int)].JML normal_behavior operation contract.0 
26670      DEBUG main            d.u.i.k.p.i.IntermediateProofReplayer Proof replay took 7.3ns 
26873      INFO  main            d.u.i.k.p.r.p.TestFile    ... finished proof: closed. 
27060      INFO  main            d.u.i.k.p.i.AbstractProblemLoader Loading environment from /home/runner/work/key/key/key.core/../key.ui/examples/standard_key/java_dl/jml-assert/recursion-assert.key.proof 
27060      DEBUG main            d.u.i.k.p.i.AbstractProblemLoader Environment load took 139.1ns 
27061      INFO  main            d.u.i.k.p.i.AbstractProblemLoader Creating init config 
29697      DEBUG main            d.u.i.k.p.i.AbstractProblemLoader Init config took 2.64s 
29744      INFO  main            d.u.i.k.p.i.AbstractProblemLoader Replaying proof RecursiveMethod[RecursiveMethod::fac1(int)].JML normal_behavior operation contract.0 
29787      DEBUG main            d.u.i.k.p.i.IntermediateProofReplayer Proof replay took 40.17ms 
29789      DEBUG main            d.u.i.k.p.r.p.TestFile    ... success: reloaded. 
29790      INFO  main            d.u.i.k.p.r.p.TestFile    Now processing file /home/runner/work/key/key/key.core/../key.ui/examples/standard_key/java_dl/jml-assert/recursion-assume.key 
29790      INFO  main            d.u.i.k.p.i.AbstractProblemLoader Loading environment from /home/runner/work/key/key/key.core/../key.ui/examples/standard_key/java_dl/jml-assert/recursion-assume.key 
29791      DEBUG main            d.u.i.k.p.i.AbstractProblemLoader Environment load took 243.6ns 
29792      INFO  main            d.u.i.k.p.i.AbstractProblemLoader Creating init config 
32485      DEBUG main            d.u.i.k.p.i.AbstractProblemLoader Init config took 2.69s 
32531      INFO  main            d.u.i.k.p.i.AbstractProblemLoader Replaying proof RecursiveMethod[RecursiveMethod::fac2(int)].JML normal_behavior operation contract.0 
32532      DEBUG main            d.u.i.k.p.i.IntermediateProofReplayer Proof replay took 7.2ns 
32736      INFO  main            d.u.i.k.p.r.p.TestFile    ... finished proof: closed. 
32997      INFO  main            d.u.i.k.p.i.AbstractProblemLoader Loading environment from /home/runner/work/key/key/key.core/../key.ui/examples/standard_key/java_dl/jml-assert/recursion-assume.key.proof 
32997      DEBUG main            d.u.i.k.p.i.AbstractProblemLoader Environment load took 605.81ns 
32999      INFO  main            d.u.i.k.p.i.AbstractProblemLoader Creating init config 
35628      DEBUG main            d.u.i.k.p.i.AbstractProblemLoader Init config took 2.63s 
35671      INFO  main            d.u.i.k.p.i.AbstractProblemLoader Replaying proof RecursiveMethod[RecursiveMethod::fac2(int)].JML normal_behavior operation contract.0 
35711      DEBUG main            d.u.i.k.p.i.IntermediateProofReplayer Proof replay took 37.36ms 
35712      DEBUG main            d.u.i.k.p.r.p.TestFile    ... success: reloaded. 
35714      INFO  main            d.u.i.k.p.r.p.TestFile    Now processing file /home/runner/work/key/key/key.core/../key.ui/examples/standard_key/java_dl/jml-assert/quantor-assert.key 
35714      INFO  main            d.u.i.k.p.i.AbstractProblemLoader Loading environment from /home/runner/work/key/key/key.core/../key.ui/examples/standard_key/java_dl/jml-assert/quantor-assert.key 
35714      DEBUG main            d.u.i.k.p.i.AbstractProblemLoader Environment load took 239.3ns 
35715      INFO  main            d.u.i.k.p.i.AbstractProblemLoader Creating init config 
38352      DEBUG main            d.u.i.k.p.i.AbstractProblemLoader Init config took 2.64s 
38394      INFO  main            d.u.i.k.p.i.AbstractProblemLoader Replaying proof Quantor[Quantor::square1(int)].JML normal_behavior operation contract.0 
38396      DEBUG main            d.u.i.k.p.i.IntermediateProofReplayer Proof replay took 8.2ns 
38499      INFO  main            d.u.i.k.p.r.p.TestFile    ... finished proof: closed. 
38712      INFO  main            d.u.i.k.p.i.AbstractProblemLoader Loading environment from /home/runner/work/key/key/key.core/../key.ui/examples/standard_key/java_dl/jml-assert/quantor-assert.key.proof 
38713      DEBUG main            d.u.i.k.p.i.AbstractProblemLoader Environment load took 158.1ns 
38714      INFO  main            d.u.i.k.p.i.AbstractProblemLoader Creating init config 
41297      DEBUG main            d.u.i.k.p.i.AbstractProblemLoader Init config took 2.58s 
41337      INFO  main            d.u.i.k.p.i.AbstractProblemLoader Replaying proof Quantor[Quantor::square1(int)].JML normal_behavior operation contract.0 
41355      DEBUG main            d.u.i.k.p.i.IntermediateProofReplayer Proof replay took 15.89ms 
41356      DEBUG main            d.u.i.k.p.r.p.TestFile    ... success: reloaded. 
41357      INFO  main            d.u.i.k.p.r.p.TestFile    Now processing file /home/runner/work/key/key/key.core/../key.ui/examples/standard_key/java_dl/jml-assert/quantor-assume.key 
41358      INFO  main            d.u.i.k.p.i.AbstractProblemLoader Loading environment from /home/runner/work/key/key/key.core/../key.ui/examples/standard_key/java_dl/jml-assert/quantor-assume.key 
41358      DEBUG main            d.u.i.k.p.i.AbstractProblemLoader Environment load took 115.6ns 
41359      INFO  main            d.u.i.k.p.i.AbstractProblemLoader Creating init config 
43957      DEBUG main            d.u.i.k.p.i.AbstractProblemLoader Init config took 2.6s 
43999      INFO  main            d.u.i.k.p.i.AbstractProblemLoader Replaying proof Quantor[Quantor::square2(int)].JML normal_behavior operation contract.0 
44000      DEBUG main            d.u.i.k.p.i.IntermediateProofReplayer Proof replay took 8.9ns 
44104      INFO  main            d.u.i.k.p.r.p.TestFile    ... finished proof: closed. 
44280      INFO  main            d.u.i.k.p.i.AbstractProblemLoader Loading environment from /home/runner/work/key/key/key.core/../key.ui/examples/standard_key/java_dl/jml-assert/quantor-assume.key.proof 
44280      DEBUG main            d.u.i.k.p.i.AbstractProblemLoader Environment load took 138.5ns 
44281      INFO  main            d.u.i.k.p.i.AbstractProblemLoader Creating init config 
46830      DEBUG main            d.u.i.k.p.i.AbstractProblemLoader Init config took 2.55s 
46875      INFO  main            d.u.i.k.p.i.AbstractProblemLoader Replaying proof Quantor[Quantor::square2(int)].JML normal_behavior operation contract.0 
46894      DEBUG main            d.u.i.k.p.i.IntermediateProofReplayer Proof replay took 16.08ms 
46895      DEBUG main            d.u.i.k.p.r.p.TestFile    ... success: reloaded. 
46896      INFO  main            d.u.i.k.p.r.p.TestFile    Now processing file /home/runner/work/key/key/key.core/../key.ui/examples/standard_key/java_dl/jml-assert/model-methods-static-static.key 
46897      INFO  main            d.u.i.k.p.i.AbstractProblemLoader Loading environment from /home/runner/work/key/key/key.core/../key.ui/examples/standard_key/java_dl/jml-assert/model-methods-static-static.key 
46897      DEBUG main            d.u.i.k.p.i.AbstractProblemLoader Environment load took 234.3ns 
46898      INFO  main            d.u.i.k.p.i.AbstractProblemLoader Creating init config 
49557      DEBUG main            d.u.i.k.p.i.AbstractProblemLoader Init config took 2.66s 
49612      INFO  main            d.u.i.k.p.i.AbstractProblemLoader Replaying proof ModelMethods[ModelMethods::test1()].JML normal_behavior operation contract.0 
49614      DEBUG main            d.u.i.k.p.i.IntermediateProofReplayer Proof replay took 8ns 
49717      INFO  main            d.u.i.k.p.r.p.TestFile    ... finished proof: closed. 
49939      INFO  main            d.u.i.k.p.i.AbstractProblemLoader Loading environment from /home/runner/work/key/key/key.core/../key.ui/examples/standard_key/java_dl/jml-assert/model-methods-static-static.key.proof 
49940      DEBUG main            d.u.i.k.p.i.AbstractProblemLoader Environment load took 144.4ns 
49941      INFO  main            d.u.i.k.p.i.AbstractProblemLoader Creating init config 
52499      DEBUG main            d.u.i.k.p.i.AbstractProblemLoader Init config took 2.56s 
52537      INFO  main            d.u.i.k.p.i.AbstractProblemLoader Replaying proof ModelMethods[ModelMethods::test1()].JML normal_behavior operation contract.0 
52545      DEBUG main            d.u.i.k.p.i.IntermediateProofReplayer Proof replay took 6.25ms 
52546      DEBUG main            d.u.i.k.p.r.p.TestFile    ... success: reloaded. 
52547      INFO  main            d.u.i.k.p.r.p.TestFile    Now processing file /home/runner/work/key/key/key.core/../key.ui/examples/standard_key/java_dl/jml-assert/model-methods-instance-static.key 
52547      INFO  main            d.u.i.k.p.i.AbstractProblemLoader Loading environment from /home/runner/work/key/key/key.core/../key.ui/examples/standard_key/java_dl/jml-assert/model-methods-instance-static.key 
52547      DEBUG main            d.u.i.k.p.i.AbstractProblemLoader Environment load took 107.4ns 
52548      INFO  main            d.u.i.k.p.i.AbstractProblemLoader Creating init config 
55159      DEBUG main            d.u.i.k.p.i.AbstractProblemLoader Init config took 2.61s 
55195      INFO  main            d.u.i.k.p.i.AbstractProblemLoader Replaying proof ModelMethods[ModelMethods::test2()].JML normal_behavior operation contract.0 
55196      DEBUG main            d.u.i.k.p.i.IntermediateProofReplayer Proof replay took 8.4ns 
55300      INFO  main            d.u.i.k.p.r.p.TestFile    ... finished proof: closed. 
55504      INFO  main            d.u.i.k.p.i.AbstractProblemLoader Loading environment from /home/runner/work/key/key/key.core/../key.ui/examples/standard_key/java_dl/jml-assert/model-methods-instance-static.key.proof 
55504      DEBUG main            d.u.i.k.p.i.AbstractProblemLoader Environment load took 138.6ns 
55505      INFO  main            d.u.i.k.p.i.AbstractProblemLoader Creating init config 
58100      DEBUG main            d.u.i.k.p.i.AbstractProblemLoader Init config took 2.6s 
58142      INFO  main            d.u.i.k.p.i.AbstractProblemLoader Replaying proof ModelMethods[ModelMethods::test2()].JML normal_behavior operation contract.0 
58156      DEBUG main            d.u.i.k.p.i.IntermediateProofReplayer Proof replay took 9.89ms 
58159      DEBUG main            d.u.i.k.p.r.p.TestFile    ... success: reloaded. 
58160      INFO  main            d.u.i.k.p.r.p.TestFile    Now processing file /home/runner/work/key/key/key.core/../key.ui/examples/standard_key/java_dl/jml-assert/model-methods-instance-instance.key 
58160      INFO  main            d.u.i.k.p.i.AbstractProblemLoader Loading environment from /home/runner/work/key/key/key.core/../key.ui/examples/standard_key/java_dl/jml-assert/model-methods-instance-instance.key 
58161      DEBUG main            d.u.i.k.p.i.AbstractProblemLoader Environment load took 261.9ns 
58162      INFO  main            d.u.i.k.p.i.AbstractProblemLoader Creating init config 
60761      DEBUG main            d.u.i.k.p.i.AbstractProblemLoader Init config took 2.6s 
60798      INFO  main            d.u.i.k.p.i.AbstractProblemLoader Replaying proof ModelMethods[ModelMethods::test3()].JML normal_behavior operation contract.0 
60800      DEBUG main            d.u.i.k.p.i.IntermediateProofReplayer Proof replay took 8.6ns 
60904      INFO  main            d.u.i.k.p.r.p.TestFile    ... finished proof: closed. 
61116      INFO  main            d.u.i.k.p.i.AbstractProblemLoader Loading environment from /home/runner/work/key/key/key.core/../key.ui/examples/standard_key/java_dl/jml-assert/model-methods-instance-instance.key.proof 
61116      DEBUG main            d.u.i.k.p.i.AbstractProblemLoader Environment load took 177.4ns 
61118      INFO  main            d.u.i.k.p.i.AbstractProblemLoader Creating init config 
63645      DEBUG main            d.u.i.k.p.i.AbstractProblemLoader Init config took 2.53s 
63682      INFO  main            d.u.i.k.p.i.AbstractProblemLoader Replaying proof ModelMethods[ModelMethods::test3()].JML normal_behavior operation contract.0 
63695      DEBUG main            d.u.i.k.p.i.IntermediateProofReplayer Proof replay took 11.62ms 
63697      DEBUG main            d.u.i.k.p.r.p.TestFile    ... success: reloaded. 
63698      INFO  main            d.u.i.k.p.r.p.TestFile    Now processing file /home/runner/work/key/key/key.core/../key.ui/examples/standard_key/java_dl/jml-assert/model-methods-static-instance.key 
63699      INFO  main            d.u.i.k.p.i.AbstractProblemLoader Loading environment from /home/runner/work/key/key/key.core/../key.ui/examples/standard_key/java_dl/jml-assert/model-methods-static-instance.key 
63699      DEBUG main            d.u.i.k.p.i.AbstractProblemLoader Environment load took 295.2ns 
63700      INFO  main            d.u.i.k.p.i.AbstractProblemLoader Creating init config 
66278      DEBUG main            d.u.i.k.p.i.AbstractProblemLoader Init config took 2.58s 
66314      INFO  main            d.u.i.k.p.i.AbstractProblemLoader Replaying proof ModelMethods[ModelMethods::test4()].JML normal_behavior operation contract.0 
66316      DEBUG main            d.u.i.k.p.i.IntermediateProofReplayer Proof replay took 7.4ns 
66418      INFO  main            d.u.i.k.p.r.p.TestFile    ... finished proof: closed. 
66636      INFO  main            d.u.i.k.p.i.AbstractProblemLoader Loading environment from /home/runner/work/key/key/key.core/../key.ui/examples/standard_key/java_dl/jml-assert/model-methods-static-instance.key.proof 
66636      DEBUG main            d.u.i.k.p.i.AbstractProblemLoader Environment load took 130.2ns 
66637      INFO  main            d.u.i.k.p.i.AbstractProblemLoader Creating init config 
69159      DEBUG main            d.u.i.k.p.i.AbstractProblemLoader Init config took 2.52s 
69198      INFO  main            d.u.i.k.p.i.AbstractProblemLoader Replaying proof ModelMethods[ModelMethods::test4()].JML normal_behavior operation contract.0 
69229      DEBUG main            d.u.i.k.p.i.IntermediateProofReplayer Proof replay took 28.4ms 
69230      DEBUG main            d.u.i.k.p.r.p.TestFile    ... success: reloaded. 
69231      INFO  main            d.u.i.k.p.r.p.TestFile    Now processing file /home/runner/work/key/key/key.core/../key.ui/examples/standard_key/java_dl/jml-assert/assert-old/inc-field.key 
69232      INFO  main            d.u.i.k.p.i.AbstractProblemLoader Loading environment from /home/runner/work/key/key/key.core/../key.ui/examples/standard_key/java_dl/jml-assert/assert-old/inc-field.key 
69232      DEBUG main            d.u.i.k.p.i.AbstractProblemLoader Environment load took 230.7ns 
69233      INFO  main            d.u.i.k.p.i.AbstractProblemLoader Creating init config 
71712      DEBUG main            d.u.i.k.p.i.AbstractProblemLoader Init config took 2.48s 
71747      INFO  main            d.u.i.k.p.i.AbstractProblemLoader Replaying proof Inc[Inc::inc_field()].JML normal_behavior operation contract.0 
71748      DEBUG main            d.u.i.k.p.i.IntermediateProofReplayer Proof replay took 6.7ns 
71852      INFO  main            d.u.i.k.p.r.p.TestFile    ... finished proof: closed. 
72074      INFO  main            d.u.i.k.p.i.AbstractProblemLoader Loading environment from /home/runner/work/key/key/key.core/../key.ui/examples/standard_key/java_dl/jml-assert/assert-old/inc-field.key.proof 
72074      DEBUG main            d.u.i.k.p.i.AbstractProblemLoader Environment load took 135.1ns 
72075      INFO  main            d.u.i.k.p.i.AbstractProblemLoader Creating init config 
74486      DEBUG main            d.u.i.k.p.i.AbstractProblemLoader Init config took 2.41s 
74521      INFO  main            d.u.i.k.p.i.AbstractProblemLoader Replaying proof Inc[Inc::inc_field()].JML normal_behavior operation contract.0 
74549      DEBUG main            d.u.i.k.p.i.IntermediateProofReplayer Proof replay took 26.07ms 
74550      DEBUG main            d.u.i.k.p.r.p.TestFile    ... success: reloaded. 
74550      INFO  main            d.u.i.k.p.r.p.TestFile    Now processing file /home/runner/work/key/key/key.core/../key.ui/examples/standard_key/java_dl/jml-assert/assert-old/inc-parameter.key 
74551      INFO  main            d.u.i.k.p.i.AbstractProblemLoader Loading environment from /home/runner/work/key/key/key.core/../key.ui/examples/standard_key/java_dl/jml-assert/assert-old/inc-parameter.key 
74551      DEBUG main            d.u.i.k.p.i.AbstractProblemLoader Environment load took 101.7ns 
74551      INFO  main            d.u.i.k.p.i.AbstractProblemLoader Creating init config 
77039      DEBUG main            d.u.i.k.p.i.AbstractProblemLoader Init config took 2.49s 
77074      INFO  main            d.u.i.k.p.i.AbstractProblemLoader Replaying proof Inc[Inc::inc_parameter(int)].JML normal_behavior operation contract.0 
77075      DEBUG main            d.u.i.k.p.i.IntermediateProofReplayer Proof replay took 6.2ns 
77178      INFO  main            d.u.i.k.p.r.p.TestFile    ... finished proof: closed. 
77420      INFO  main            d.u.i.k.p.i.AbstractProblemLoader Loading environment from /home/runner/work/key/key/key.core/../key.ui/examples/standard_key/java_dl/jml-assert/assert-old/inc-parameter.key.proof 
77420      DEBUG main            d.u.i.k.p.i.AbstractProblemLoader Environment load took 132ns 
77421      INFO  main            d.u.i.k.p.i.AbstractProblemLoader Creating init config 
79888      DEBUG main            d.u.i.k.p.i.AbstractProblemLoader Init config took 2.47s 
79921      INFO  main            d.u.i.k.p.i.AbstractProblemLoader Replaying proof Inc[Inc::inc_parameter(int)].JML normal_behavior operation contract.0 
79936      DEBUG main            d.u.i.k.p.i.IntermediateProofReplayer Proof replay took 13.13ms 
79937      DEBUG main            d.u.i.k.p.r.p.TestFile    ... success: reloaded. 
79937      INFO  main            d.u.i.k.p.r.p.TestFile    Now processing file /home/runner/work/key/key/key.core/../key.ui/examples/standard_key/java_dl/jml-assert/assert-old/inc-parameter-field.key 
79938      INFO  main            d.u.i.k.p.i.AbstractProblemLoader Loading environment from /home/runner/work/key/key/key.core/../key.ui/examples/standard_key/java_dl/jml-assert/assert-old/inc-parameter-field.key 
79938      DEBUG main            d.u.i.k.p.i.AbstractProblemLoader Environment load took 104ns 
79939      INFO  main            d.u.i.k.p.i.AbstractProblemLoader Creating init config 
82400      DEBUG main            d.u.i.k.p.i.AbstractProblemLoader Init config took 2.46s 
82434      INFO  main            d.u.i.k.p.i.AbstractProblemLoader Replaying proof Inc[Inc::inc_parameter_field(Inc)].JML normal_behavior operation contract.0 
82436      DEBUG main            d.u.i.k.p.i.IntermediateProofReplayer Proof replay took 7ns 
82638      INFO  main            d.u.i.k.p.r.p.TestFile    ... finished proof: closed. 
82885      INFO  main            d.u.i.k.p.i.AbstractProblemLoader Loading environment from /home/runner/work/key/key/key.core/../key.ui/examples/standard_key/java_dl/jml-assert/assert-old/inc-parameter-field.key.proof 
82885      DEBUG main            d.u.i.k.p.i.AbstractProblemLoader Environment load took 131.5ns 
82886      INFO  main            d.u.i.k.p.i.AbstractProblemLoader Creating init config 
85294      DEBUG main            d.u.i.k.p.i.AbstractProblemLoader Init config took 2.41s 
85328      INFO  main            d.u.i.k.p.i.AbstractProblemLoader Replaying proof Inc[Inc::inc_parameter_field(Inc)].JML normal_behavior operation contract.0 
85377      DEBUG main            d.u.i.k.p.i.IntermediateProofReplayer Proof replay took 46.04ms 
85378      DEBUG main            d.u.i.k.p.r.p.TestFile    ... success: reloaded. 
85379      INFO  main            d.u.i.k.p.r.p.TestFile    Now processing file /home/runner/work/key/key/key.core/../key.ui/examples/standard_key/java_dl/jml-assert/assert-old/inc-ghost-field.key 
85379      INFO  main            d.u.i.k.p.i.AbstractProblemLoader Loading environment from /home/runner/work/key/key/key.core/../key.ui/examples/standard_key/java_dl/jml-assert/assert-old/inc-ghost-field.key 
85379      DEBUG main            d.u.i.k.p.i.AbstractProblemLoader Environment load took 89.8ns 
85380      INFO  main            d.u.i.k.p.i.AbstractProblemLoader Creating init config 
87911      DEBUG main            d.u.i.k.p.i.AbstractProblemLoader Init config took 2.53s 
87950      INFO  main            d.u.i.k.p.i.AbstractProblemLoader Replaying proof Inc[Inc::inc_ghost_field()].JML normal_behavior operation contract.0 
87952      DEBUG main            d.u.i.k.p.i.IntermediateProofReplayer Proof replay took 7.1ns 
88056      INFO  main            d.u.i.k.p.r.p.TestFile    ... finished proof: closed. 
88298      INFO  main            d.u.i.k.p.i.AbstractProblemLoader Loading environment from /home/runner/work/key/key/key.core/../key.ui/examples/standard_key/java_dl/jml-assert/assert-old/inc-ghost-field.key.proof 
88298      DEBUG main            d.u.i.k.p.i.AbstractProblemLoader Environment load took 125.6ns 
88302      INFO  main            d.u.i.k.p.i.AbstractProblemLoader Creating init config 
90704      DEBUG main            d.u.i.k.p.i.AbstractProblemLoader Init config took 2.4s 
90738      INFO  main            d.u.i.k.p.i.AbstractProblemLoader Replaying proof Inc[Inc::inc_ghost_field()].JML normal_behavior operation contract.0 
90765      DEBUG main            d.u.i.k.p.i.IntermediateProofReplayer Proof replay took 25.74ms 
90766      DEBUG main            d.u.i.k.p.r.p.TestFile    ... success: reloaded. 
738098     INFO  Test worker     d.u.i.k.p.r.RunAllProofsTestUnit Returning from test jmlAsserts 
738101     INFO  Test worker     d.u.i.k.p.r.RunAllProofsTestUnit Running test javaCard 
368        INFO  Timeout watchdog d.u.i.k.p.r.p.ForkedTestFileRunner Timeout watcher launched (2000 secs.) 
384        WARN  main            d.u.i.k.s.ProofSettings   The settings in /home/runner/.key/proof-settings.props are *not* read. 
412        INFO  main            d.u.i.k.p.r.p.TestFile    Now processing file /home/runner/work/key/key/key.core/../key.ui/examples/heap/javacard/updateBalance0.key 
521        INFO  main            d.u.i.k.p.i.AbstractProblemLoader Loading environment from /home/runner/work/key/key/key.core/../key.ui/examples/heap/javacard/updateBalance0.key 
548        DEBUG main            d.u.i.k.p.i.AbstractProblemLoader Environment load took 2.32ms 
771        INFO  main            d.u.i.k.p.i.AbstractProblemLoader Creating init config 
1820       DEBUG main            d.u.i.k.j.TypeConverter   No LDT found for Meta 
1821       DEBUG main            d.u.i.k.j.TypeConverter   No LDT found for Meta 
1823       DEBUG main            d.u.i.k.j.TypeConverter   No LDT found for Meta 
1824       DEBUG main            d.u.i.k.j.TypeConverter   No LDT found for Meta 
3124       DEBUG main            d.u.i.k.j.TypeConverter   No LDT found for JavaBigintExpression 
6434       DEBUG main            d.u.i.k.p.i.AbstractProblemLoader Init config took 5.66s 
6560       INFO  main            d.u.i.k.p.i.AbstractProblemLoader Replaying proof Examples[Examples::updateBalance(short)].JML normal_behavior operation contract.0 
6593       DEBUG main            d.u.i.k.p.i.IntermediateProofReplayer Proof replay took 34.7ns 
7845       INFO  main            d.u.i.k.p.r.p.TestFile    ... finished proof: closed. 
7966       INFO  main            d.u.i.k.p.i.AbstractProblemLoader Loading environment from /home/runner/work/key/key/key.core/../key.ui/examples/heap/javacard/updateBalance0.key.proof 
7966       DEBUG main            d.u.i.k.p.i.AbstractProblemLoader Environment load took 161.9ns 
7968       INFO  main            d.u.i.k.p.i.AbstractProblemLoader Creating init config 
9692       DEBUG main            d.u.i.k.p.i.AbstractProblemLoader Init config took 1.72s 
9755       INFO  main            d.u.i.k.p.i.AbstractProblemLoader Replaying proof Examples[Examples::updateBalance(short)].JML normal_behavior operation contract.0 
9987       DEBUG main            d.u.i.k.p.i.IntermediateProofReplayer Proof replay took 223.03ms 
9999       DEBUG main            d.u.i.k.p.r.p.TestFile    ... success: reloaded. 
10005      INFO  main            d.u.i.k.p.r.p.TestFile    Now processing file /home/runner/work/key/key/key.core/../key.ui/examples/heap/javacard/updateBalance1.key 
10005      INFO  main            d.u.i.k.p.i.AbstractProblemLoader Loading environment from /home/runner/work/key/key/key.core/../key.ui/examples/heap/javacard/updateBalance1.key 
10006      DEBUG main            d.u.i.k.p.i.AbstractProblemLoader Environment load took 292.5ns 
10009      INFO  main            d.u.i.k.p.i.AbstractProblemLoader Creating init config 
11677      DEBUG main            d.u.i.k.p.i.AbstractProblemLoader Init config took 1.67s 
11741      INFO  main            d.u.i.k.p.i.AbstractProblemLoader Replaying proof Examples[Examples::updateBalance(short)].JML normal_behavior operation contract.1 
11747      DEBUG main            d.u.i.k.p.i.IntermediateProofReplayer Proof replay took 7.3ns 
12453      INFO  main            d.u.i.k.p.r.p.TestFile    ... finished proof: closed. 
12569      INFO  main            d.u.i.k.p.i.AbstractProblemLoader Loading environment from /home/runner/work/key/key/key.core/../key.ui/examples/heap/javacard/updateBalance1.key.proof 
12569      DEBUG main            d.u.i.k.p.i.AbstractProblemLoader Environment load took 608.11ns 
12571      INFO  main            d.u.i.k.p.i.AbstractProblemLoader Creating init config 
14162      DEBUG main            d.u.i.k.p.i.AbstractProblemLoader Init config took 1.59s 
14207      INFO  main            d.u.i.k.p.i.AbstractProblemLoader Replaying proof Examples[Examples::updateBalance(short)].JML normal_behavior operation contract.1 
14346      DEBUG main            d.u.i.k.p.i.IntermediateProofReplayer Proof replay took 134.57ms 
14349      DEBUG main            d.u.i.k.p.r.p.TestFile    ... success: reloaded. 
14351      INFO  main            d.u.i.k.p.r.p.TestFile    Now processing file /home/runner/work/key/key/key.core/../key.ui/examples/heap/javacard/setArray1.key 
14352      INFO  main            d.u.i.k.p.i.AbstractProblemLoader Loading environment from /home/runner/work/key/key/key.core/../key.ui/examples/heap/javacard/setArray1.key 
14352      DEBUG main            d.u.i.k.p.i.AbstractProblemLoader Environment load took 277.3ns 
14354      INFO  main            d.u.i.k.p.i.AbstractProblemLoader Creating init config 
15892      DEBUG main            d.u.i.k.p.i.AbstractProblemLoader Init config took 1.54s 
15953      INFO  main            d.u.i.k.p.i.AbstractProblemLoader Replaying proof Examples[Examples::setArray1([B)].JML normal_behavior operation contract.0 
15957      DEBUG main            d.u.i.k.p.i.IntermediateProofReplayer Proof replay took 6ns 
17162      INFO  main            d.u.i.k.p.r.p.TestFile    ... finished proof: closed. 
17306      INFO  main            d.u.i.k.p.i.AbstractProblemLoader Loading environment from /home/runner/work/key/key/key.core/../key.ui/examples/heap/javacard/setArray1.key.proof 
17307      DEBUG main            d.u.i.k.p.i.AbstractProblemLoader Environment load took 1.09ms 
17309      INFO  main            d.u.i.k.p.i.AbstractProblemLoader Creating init config 
18826      DEBUG main            d.u.i.k.p.i.AbstractProblemLoader Init config took 1.52s 
18869      INFO  main            d.u.i.k.p.i.AbstractProblemLoader Replaying proof Examples[Examples::setArray1([B)].JML normal_behavior operation contract.0 
19084      DEBUG main            d.u.i.k.p.i.IntermediateProofReplayer Proof replay took 209.22ms 
19087      DEBUG main            d.u.i.k.p.r.p.TestFile    ... success: reloaded. 
19089      INFO  main            d.u.i.k.p.r.p.TestFile    Now processing file /home/runner/work/key/key/key.core/../key.ui/examples/heap/javacard/setArray2.key 
19089      INFO  main            d.u.i.k.p.i.AbstractProblemLoader Loading environment from /home/runner/work/key/key/key.core/../key.ui/examples/heap/javacard/setArray2.key 
19090      DEBUG main            d.u.i.k.p.i.AbstractProblemLoader Environment load took 264.6ns 
19091      INFO  main            d.u.i.k.p.i.AbstractProblemLoader Creating init config 
20665      DEBUG main            d.u.i.k.p.i.AbstractProblemLoader Init config took 1.57s 
20707      INFO  main            d.u.i.k.p.i.AbstractProblemLoader Replaying proof Examples[Examples::setArray2([B)].JML normal_behavior operation contract.0 
20709      DEBUG main            d.u.i.k.p.i.IntermediateProofReplayer Proof replay took 7.6ns 
21944      INFO  main            d.u.i.k.p.r.p.TestFile    ... finished proof: closed. 
22065      INFO  main            d.u.i.k.p.i.AbstractProblemLoader Loading environment from /home/runner/work/key/key/key.core/../key.ui/examples/heap/javacard/setArray2.key.proof 
22066      DEBUG main            d.u.i.k.p.i.AbstractProblemLoader Environment load took 142.3ns 
22067      INFO  main            d.u.i.k.p.i.AbstractProblemLoader Creating init config 
23583      DEBUG main            d.u.i.k.p.i.AbstractProblemLoader Init config took 1.52s 
23629      INFO  main            d.u.i.k.p.i.AbstractProblemLoader Replaying proof Examples[Examples::setArray2([B)].JML normal_behavior operation contract.0 
23854      DEBUG main            d.u.i.k.p.i.IntermediateProofReplayer Proof replay took 218.96ms 
23857      DEBUG main            d.u.i.k.p.r.p.TestFile    ... success: reloaded. 
23860      INFO  main            d.u.i.k.p.r.p.TestFile    Now processing file /home/runner/work/key/key/key.core/../key.ui/examples/heap/javacard/arrayFillNonAtomic.key 
23861      INFO  main            d.u.i.k.p.i.AbstractProblemLoader Loading environment from /home/runner/work/key/key/key.core/../key.ui/examples/heap/javacard/arrayFillNonAtomic.key 
23861      DEBUG main            d.u.i.k.p.i.AbstractProblemLoader Environment load took 256.4ns 
23862      INFO  main            d.u.i.k.p.i.AbstractProblemLoader Creating init config 
25399      DEBUG main            d.u.i.k.p.i.AbstractProblemLoader Init config took 1.54s 
25455      INFO  main            d.u.i.k.p.i.AbstractProblemLoader Replaying proof javacard.framework.Util[javacard.framework.Util::arrayFillNonAtomic([B,short,short,byte)].JML behavior operation contract.0.transaction_inactive 
25457      DEBUG main            d.u.i.k.p.i.IntermediateProofReplayer Proof replay took 6.3ns 
26412      DEBUG Thread-13       d.u.i.k.l.o.ProgramSV     Match failed: Former match of  SchemaVariable incompatible with  the current match. 
26413      DEBUG Thread-13       d.u.i.k.l.o.ProgramSV     Match failed: Former match of  SchemaVariable incompatible with  the current match. 
27799      DEBUG Thread-13       d.u.i.k.l.o.ProgramSV     Match failed: Former match of  SchemaVariable incompatible with  the current match. 
27800      DEBUG Thread-13       d.u.i.k.l.o.ProgramSV     Match failed: Former match of  SchemaVariable incompatible with  the current match. 
29397      INFO  main            d.u.i.k.p.r.p.TestFile    ... finished proof: closed. 
29563      INFO  main            d.u.i.k.p.i.AbstractProblemLoader Loading environment from /home/runner/work/key/key/key.core/../key.ui/examples/heap/javacard/arrayFillNonAtomic.key.proof 
29564      DEBUG main            d.u.i.k.p.i.AbstractProblemLoader Environment load took 547.71ns 
29566      INFO  main            d.u.i.k.p.i.AbstractProblemLoader Creating init config 
31047      DEBUG main            d.u.i.k.p.i.AbstractProblemLoader Init config took 1.48s 
31102      INFO  main            d.u.i.k.p.i.AbstractProblemLoader Replaying proof javacard.framework.Util[javacard.framework.Util::arrayFillNonAtomic([B,short,short,byte)].JML behavior operation contract.0.transaction_inactive 
31989      DEBUG main            d.u.i.k.p.i.IntermediateProofReplayer Proof replay took 869.06ms 
31990      DEBUG main            d.u.i.k.p.r.p.TestFile    ... success: reloaded. 
31992      INFO  main            d.u.i.k.p.r.p.TestFile    Now processing file /home/runner/work/key/key/key.core/../key.ui/examples/heap/coincidence_count/project.key 
31992      INFO  main            d.u.i.k.p.i.AbstractProblemLoader Loading environment from /home/runner/work/key/key/key.core/../key.ui/examples/heap/coincidence_count/project.key 
31992      DEBUG main            d.u.i.k.p.i.AbstractProblemLoader Environment load took 271.6ns 
31994      INFO  main            d.u.i.k.p.i.AbstractProblemLoader Creating init config 
35338      DEBUG main            d.u.i.k.p.i.AbstractProblemLoader Init config took 3.34s 
35393      INFO  main            d.u.i.k.p.i.AbstractProblemLoader Replaying proof CC[CC::calcCoinIndex([I,[I)].JML normal_behavior operation contract.0 
35401      DEBUG main            d.u.i.k.p.i.IntermediateProofReplayer Proof replay took 7.1ns 
53602      INFO  main            d.u.i.k.p.r.p.TestFile    ... finished proof: closed. 
53918      INFO  main            d.u.i.k.p.i.AbstractProblemLoader Loading environment from /home/runner/work/key/key/key.core/../key.ui/examples/heap/coincidence_count/project.key.proof 
53919      DEBUG main            d.u.i.k.p.i.AbstractProblemLoader Environment load took 608.71ns 
53923      INFO  main            d.u.i.k.p.i.AbstractProblemLoader Creating init config 
56398      DEBUG main            d.u.i.k.p.i.AbstractProblemLoader Init config took 2.48s 
56441      INFO  main            d.u.i.k.p.i.AbstractProblemLoader Replaying proof CC[CC::calcCoinIndex([I,[I)].JML normal_behavior operation contract.0 
57527      DEBUG main            d.u.i.k.p.i.IntermediateProofReplayer Proof replay took 1.03s 
57532      DEBUG main            d.u.i.k.p.r.p.TestFile    ... success: reloaded. 
57533      INFO  main            d.u.i.k.p.r.p.TestFile    Now processing file /home/runner/work/key/key/key.core/../key.ui/examples/heap/verifyThis11_1_Maximum/project.key 
57534      INFO  main            d.u.i.k.p.i.AbstractProblemLoader Loading environment from /home/runner/work/key/key/key.core/../key.ui/examples/heap/verifyThis11_1_Maximum/project.key 
57534      DEBUG main            d.u.i.k.p.i.AbstractProblemLoader Environment load took 234ns 
57535      INFO  main            d.u.i.k.p.i.AbstractProblemLoader Creating init config 
60119      DEBUG main            d.u.i.k.p.i.AbstractProblemLoader Init config took 2.58s 
60161      INFO  main            d.u.i.k.p.i.AbstractProblemLoader Replaying proof Maximum[Maximum::maxIndex([I)].JML normal_behavior operation contract.0 
60162      DEBUG main            d.u.i.k.p.i.IntermediateProofReplayer Proof replay took 6.8ns 
61069      INFO  main            d.u.i.k.p.r.p.TestFile    ... finished proof: closed. 
61343      INFO  main            d.u.i.k.p.i.AbstractProblemLoader Loading environment from /home/runner/work/key/key/key.core/../key.ui/examples/heap/verifyThis11_1_Maximum/project.key.proof 
61343      DEBUG main            d.u.i.k.p.i.AbstractProblemLoader Environment load took 552.61ns 
61345      INFO  main            d.u.i.k.p.i.AbstractProblemLoader Creating init config 
63747      DEBUG main            d.u.i.k.p.i.AbstractProblemLoader Init config took 2.4s 
63787      INFO  main            d.u.i.k.p.i.AbstractProblemLoader Replaying proof Maximum[Maximum::maxIndex([I)].JML normal_behavior operation contract.0 
63991      DEBUG main            d.u.i.k.p.i.IntermediateProofReplayer Proof replay took 198.09ms 
63993      DEBUG main            d.u.i.k.p.r.p.TestFile    ... success: reloaded. 
63994      INFO  main            d.u.i.k.p.r.p.TestFile    Now processing file /home/runner/work/key/key/key.core/../key.ui/examples/heap/fm12_01_LRS/lcp.key 
63994      INFO  main            d.u.i.k.p.i.AbstractProblemLoader Loading environment from /home/runner/work/key/key/key.core/../key.ui/examples/heap/fm12_01_LRS/lcp.key 
63994      DEBUG main            d.u.i.k.p.i.AbstractProblemLoader Environment load took 237.4ns 
63995      INFO  main            d.u.i.k.p.i.AbstractProblemLoader Creating init config 
67110      DEBUG main            d.u.i.k.p.i.AbstractProblemLoader Init config took 3.11s 
67168      INFO  main            d.u.i.k.p.i.AbstractProblemLoader Replaying proof LCP[LCP::lcp([I,int,int)].JML normal_behavior operation contract.0 
67171      DEBUG main            d.u.i.k.p.i.IntermediateProofReplayer Proof replay took 7.8ns 
68175      INFO  main            d.u.i.k.p.r.p.TestFile    ... finished proof: closed. 
68551      INFO  main            d.u.i.k.p.i.AbstractProblemLoader Loading environment from /home/runner/work/key/key/key.core/../key.ui/examples/heap/fm12_01_LRS/lcp.key.proof 
68551      DEBUG main            d.u.i.k.p.i.AbstractProblemLoader Environment load took 572.81ns 
68555      INFO  main            d.u.i.k.p.i.AbstractProblemLoader Creating init config 
71447      DEBUG main            d.u.i.k.p.i.AbstractProblemLoader Init config took 2.89s 
71502      INFO  main            d.u.i.k.p.i.AbstractProblemLoader Replaying proof LCP[LCP::lcp([I,int,int)].JML normal_behavior operation contract.0 
71719      DEBUG main            d.u.i.k.p.i.IntermediateProofReplayer Proof replay took 211.51ms 
71722      DEBUG main            d.u.i.k.p.r.p.TestFile    ... success: reloaded. 
71723      INFO  main            d.u.i.k.p.r.p.TestFile    Now processing file /home/runner/work/key/key/key.core/../key.ui/examples/heap/SemanticSlicing/project.key 
71724      INFO  main            d.u.i.k.p.i.AbstractProblemLoader Loading environment from /home/runner/work/key/key/key.core/../key.ui/examples/heap/SemanticSlicing/project.key 
71724      DEBUG main            d.u.i.k.p.i.AbstractProblemLoader Environment load took 233.1ns 
71725      INFO  main            d.u.i.k.p.i.AbstractProblemLoader Creating init config 
74301      DEBUG main            d.u.i.k.p.i.AbstractProblemLoader Init config took 2.58s 
74352      INFO  main            d.u.i.k.p.i.AbstractProblemLoader Replaying proof unsatcore_after.competition.postcond5.scope333.LRS[unsatcore_after.competition.postcond5.scope333.LRS::doLRS()].JML operation contract.0 
74353      DEBUG main            d.u.i.k.p.i.IntermediateProofReplayer Proof replay took 6.4ns 
78564      INFO  main            d.u.i.k.p.r.p.TestFile    ... finished proof: closed. 
78860      INFO  main            d.u.i.k.p.i.AbstractProblemLoader Loading environment from /home/runner/work/key/key/key.core/../key.ui/examples/heap/SemanticSlicing/project.key.proof 
78860      DEBUG main            d.u.i.k.p.i.AbstractProblemLoader Environment load took 237.5ns 
78862      INFO  main            d.u.i.k.p.i.AbstractProblemLoader Creating init config 
81411      DEBUG main            d.u.i.k.p.i.AbstractProblemLoader Init config took 2.55s 
81467      INFO  main            d.u.i.k.p.i.AbstractProblemLoader Replaying proof unsatcore_after.competition.postcond5.scope333.LRS[unsatcore_after.competition.postcond5.scope333.LRS::doLRS()].JML operation contract.0 
82322      DEBUG main            d.u.i.k.p.i.IntermediateProofReplayer Proof replay took 833.64ms 
82323      DEBUG main            d.u.i.k.p.r.p.TestFile    ... success: reloaded. 
82325      INFO  main            d.u.i.k.p.r.p.TestFile    Now processing file /home/runner/work/key/key/key.core/../key.ui/examples/heap/information_flow/ArrayList_contains.key 
82325      INFO  main            d.u.i.k.p.i.AbstractProblemLoader Loading environment from /home/runner/work/key/key/key.core/../key.ui/examples/heap/information_flow/ArrayList_contains.key 
82326      DEBUG main            d.u.i.k.p.i.AbstractProblemLoader Environment load took 274.6ns 
82327      INFO  main            d.u.i.k.p.i.AbstractProblemLoader Creating init config 
85129      DEBUG main            d.u.i.k.p.i.AbstractProblemLoader Init config took 2.8s 
85168      INFO  main            d.u.i.k.p.i.AbstractProblemLoader Replaying proof ArrayList[ArrayList::get(int)].JML normal_behavior operation contract.0 
85169      DEBUG main            d.u.i.k.p.i.IntermediateProofReplayer Proof replay took 7ns 
85472      INFO  main            d.u.i.k.p.r.p.TestFile    ... finished proof: closed. 
85732      INFO  main            d.u.i.k.p.i.AbstractProblemLoader Loading environment from /home/runner/work/key/key/key.core/../key.ui/examples/heap/information_flow/ArrayList_contains.key.proof 
85733      DEBUG main            d.u.i.k.p.i.AbstractProblemLoader Environment load took 238.9ns 
85734      INFO  main            d.u.i.k.p.i.AbstractProblemLoader Creating init config 
88384      DEBUG main            d.u.i.k.p.i.AbstractProblemLoader Init config took 2.65s 
88422      INFO  main            d.u.i.k.p.i.AbstractProblemLoader Replaying proof ArrayList[ArrayList::get(int)].JML normal_behavior operation contract.0 
88482      DEBUG main            d.u.i.k.p.i.IntermediateProofReplayer Proof replay took 56.7ms 
88483      DEBUG main            d.u.i.k.p.r.p.TestFile    ... success: reloaded. 
88484      INFO  main            d.u.i.k.p.r.p.TestFile    Now processing file /home/runner/work/key/key/key.core/../key.ui/examples/heap/information_flow/ArrayList_get.key 
88484      INFO  main            d.u.i.k.p.i.AbstractProblemLoader Loading environment from /home/runner/work/key/key/key.core/../key.ui/examples/heap/information_flow/ArrayList_get.key 
88484      DEBUG main            d.u.i.k.p.i.AbstractProblemLoader Environment load took 107.2ns 
88485      INFO  main            d.u.i.k.p.i.AbstractProblemLoader Creating init config 
91196      DEBUG main            d.u.i.k.p.i.AbstractProblemLoader Init config took 2.71s 
91234      INFO  main            d.u.i.k.p.i.AbstractProblemLoader Replaying proof ArrayList[ArrayList::contains(java.lang.Object)].JML normal_behavior operation contract.0 
91235      DEBUG main            d.u.i.k.p.i.IntermediateProofReplayer Proof replay took 6.2ns 
92140      INFO  main            d.u.i.k.p.r.p.TestFile    ... finished proof: closed. 
92421      INFO  main            d.u.i.k.p.i.AbstractProblemLoader Loading environment from /home/runner/work/key/key/key.core/../key.ui/examples/heap/information_flow/ArrayList_get.key.proof 
92421      DEBUG main            d.u.i.k.p.i.AbstractProblemLoader Environment load took 245.5ns 
92423      INFO  main            d.u.i.k.p.i.AbstractProblemLoader Creating init config 
95061      DEBUG main            d.u.i.k.p.i.AbstractProblemLoader Init config took 2.64s 
95100      INFO  main            d.u.i.k.p.i.AbstractProblemLoader Replaying proof ArrayList[ArrayList::contains(java.lang.Object)].JML normal_behavior operation contract.0 
95264      DEBUG main            d.u.i.k.p.i.IntermediateProofReplayer Proof replay took 158.24ms 
95265      DEBUG main            d.u.i.k.p.r.p.TestFile    ... success: reloaded. 
95266      INFO  main            d.u.i.k.p.r.p.TestFile    Now processing file /home/runner/work/key/key/key.core/../key.ui/examples/heap/information_flow/ArrayList_size.key 
95267      INFO  main            d.u.i.k.p.i.AbstractProblemLoader Loading environment from /home/runner/work/key/key/key.core/../key.ui/examples/heap/information_flow/ArrayList_size.key 
95267      DEBUG main            d.u.i.k.p.i.AbstractProblemLoader Environment load took 237.9ns 
95268      INFO  main            d.u.i.k.p.i.AbstractProblemLoader Creating init config 
97925      DEBUG main            d.u.i.k.p.i.AbstractProblemLoader Init config took 2.66s 
97962      INFO  main            d.u.i.k.p.i.AbstractProblemLoader Replaying proof ArrayList[ArrayList::size()].JML normal_behavior operation contract.0 
97964      DEBUG main            d.u.i.k.p.i.IntermediateProofReplayer Proof replay took 6.8ns 
98066      INFO  main            d.u.i.k.p.r.p.TestFile    ... finished proof: closed. 
98341      INFO  main            d.u.i.k.p.i.AbstractProblemLoader Loading environment from /home/runner/work/key/key/key.core/../key.ui/examples/heap/information_flow/ArrayList_size.key.proof 
98341      DEBUG main            d.u.i.k.p.i.AbstractProblemLoader Environment load took 131.8ns 
98342      INFO  main            d.u.i.k.p.i.AbstractProblemLoader Creating init config 
100987     DEBUG main            d.u.i.k.p.i.AbstractProblemLoader Init config took 2.64s 
101024     INFO  main            d.u.i.k.p.i.AbstractProblemLoader Replaying proof ArrayList[ArrayList::size()].JML normal_behavior operation contract.0 
101039     DEBUG main            d.u.i.k.p.i.IntermediateProofReplayer Proof replay took 13.06ms 
101040     DEBUG main            d.u.i.k.p.r.p.TestFile    ... success: reloaded. 
101040     INFO  main            d.u.i.k.p.r.p.TestFile    Now processing file /home/runner/work/key/key/key.core/../key.ui/examples/heap/information_flow/UpdateAbstraction_ex7_3_secure.key 
101040     INFO  main            d.u.i.k.p.i.AbstractProblemLoader Loading environment from /home/runner/work/key/key/key.core/../key.ui/examples/heap/information_flow/UpdateAbstraction_ex7_3_secure.key 
101041     DEBUG main            d.u.i.k.p.i.AbstractProblemLoader Environment load took 85ns 
101042     INFO  main            d.u.i.k.p.i.AbstractProblemLoader Creating init config 
103656     DEBUG main            d.u.i.k.p.i.AbstractProblemLoader Init config took 2.61s 
103691     INFO  main            d.u.i.k.p.i.AbstractProblemLoader Replaying proof UpdateAbstraction[UpdateAbstraction::ex7_3_secure()].JML operation contract.0 
103692     DEBUG main            d.u.i.k.p.i.IntermediateProofReplayer Proof replay took 6.3ns 
103894     INFO  main            d.u.i.k.p.r.p.TestFile    ... finished proof: closed. 
104185     INFO  main            d.u.i.k.p.i.AbstractProblemLoader Loading environment from /home/runner/work/key/key/key.core/../key.ui/examples/heap/information_flow/UpdateAbstraction_ex7_3_secure.key.proof 
104185     DEBUG main            d.u.i.k.p.i.AbstractProblemLoader Environment load took 141.7ns 
104186     INFO  main            d.u.i.k.p.i.AbstractProblemLoader Creating init config 
106763     DEBUG main            d.u.i.k.p.i.AbstractProblemLoader Init config took 2.58s 
106799     INFO  main            d.u.i.k.p.i.AbstractProblemLoader Replaying proof UpdateAbstraction[UpdateAbstraction::ex7_3_secure()].JML operation contract.0 
106829     DEBUG main            d.u.i.k.p.i.IntermediateProofReplayer Proof replay took 28.13ms 
106830     DEBUG main            d.u.i.k.p.r.p.TestFile    ... success: reloaded. 
106831     INFO  main            d.u.i.k.p.r.p.TestFile    Now processing file /home/runner/work/key/key/key.core/../key.ui/examples/heap/information_flow/UpdateAbstraction_ex7_4_secure.key 
106831     INFO  main            d.u.i.k.p.i.AbstractProblemLoader Loading environment from /home/runner/work/key/key/key.core/../key.ui/examples/heap/information_flow/UpdateAbstraction_ex7_4_secure.key 
106831     DEBUG main            d.u.i.k.p.i.AbstractProblemLoader Environment load took 84.3ns 
106832     INFO  main            d.u.i.k.p.i.AbstractProblemLoader Creating init config 
109450     DEBUG main            d.u.i.k.p.i.AbstractProblemLoader Init config took 2.62s 
109484     INFO  main            d.u.i.k.p.i.AbstractProblemLoader Replaying proof UpdateAbstraction[UpdateAbstraction::ex7_4_secure()].JML operation contract.0 
109485     DEBUG main            d.u.i.k.p.i.IntermediateProofReplayer Proof replay took 6.8ns 
109688     INFO  main            d.u.i.k.p.r.p.TestFile    ... finished proof: closed. 
109959     INFO  main            d.u.i.k.p.i.AbstractProblemLoader Loading environment from /home/runner/work/key/key/key.core/../key.ui/examples/heap/information_flow/UpdateAbstraction_ex7_4_secure.key.proof 
109959     DEBUG main            d.u.i.k.p.i.AbstractProblemLoader Environment load took 130.1ns 
109960     INFO  main            d.u.i.k.p.i.AbstractProblemLoader Creating init config 
112553     DEBUG main            d.u.i.k.p.i.AbstractProblemLoader Init config took 2.59s 
112588     INFO  main            d.u.i.k.p.i.AbstractProblemLoader Replaying proof UpdateAbstraction[UpdateAbstraction::ex7_4_secure()].JML operation contract.0 
112634     DEBUG main            d.u.i.k.p.i.IntermediateProofReplayer Proof replay took 43.96ms 
112635     DEBUG main            d.u.i.k.p.r.p.TestFile    ... success: reloaded. 
112636     INFO  main            d.u.i.k.p.r.p.TestFile    Now processing file /home/runner/work/key/key/key.core/../key.ui/examples/heap/information_flow/UpdateAbstraction_ex7_5_secure.key 
112636     INFO  main            d.u.i.k.p.i.AbstractProblemLoader Loading environment from /home/runner/work/key/key/key.core/../key.ui/examples/heap/information_flow/UpdateAbstraction_ex7_5_secure.key 
112636     DEBUG main            d.u.i.k.p.i.AbstractProblemLoader Environment load took 106.7ns 
112637     INFO  main            d.u.i.k.p.i.AbstractProblemLoader Creating init config 
115265     DEBUG main            d.u.i.k.p.i.AbstractProblemLoader Init config took 2.63s 
115299     INFO  main            d.u.i.k.p.i.AbstractProblemLoader Replaying proof UpdateAbstraction[UpdateAbstraction::ex7_5_secure()].JML operation contract.0 
115300     DEBUG main            d.u.i.k.p.i.IntermediateProofReplayer Proof replay took 5.5ns 
115403     INFO  main            d.u.i.k.p.r.p.TestFile    ... finished proof: closed. 
115717     INFO  main            d.u.i.k.p.i.AbstractProblemLoader Loading environment from /home/runner/work/key/key/key.core/../key.ui/examples/heap/information_flow/UpdateAbstraction_ex7_5_secure.key.proof 
115717     DEBUG main            d.u.i.k.p.i.AbstractProblemLoader Environment load took 137.5ns 
115718     INFO  main            d.u.i.k.p.i.AbstractProblemLoader Creating init config 
118291     DEBUG main            d.u.i.k.p.i.AbstractProblemLoader Init config took 2.57s 
118326     INFO  main            d.u.i.k.p.i.AbstractProblemLoader Replaying proof UpdateAbstraction[UpdateAbstraction::ex7_5_secure()].JML operation contract.0 
118345     DEBUG main            d.u.i.k.p.i.IntermediateProofReplayer Proof replay took 17.75ms 
118346     DEBUG main            d.u.i.k.p.r.p.TestFile    ... success: reloaded. 
118347     INFO  main            d.u.i.k.p.r.p.TestFile    Now processing file /home/runner/work/key/key/key.core/../key.ui/examples/heap/information_flow/UpdateAbstraction_ex7_6_secure.key 
118347     INFO  main            d.u.i.k.p.i.AbstractProblemLoader Loading environment from /home/runner/work/key/key/key.core/../key.ui/examples/heap/information_flow/UpdateAbstraction_ex7_6_secure.key 
118347     DEBUG main            d.u.i.k.p.i.AbstractProblemLoader Environment load took 105ns 
118348     INFO  main            d.u.i.k.p.i.AbstractProblemLoader Creating init config 
121014     DEBUG main            d.u.i.k.p.i.AbstractProblemLoader Init config took 2.67s 
121049     INFO  main            d.u.i.k.p.i.AbstractProblemLoader Replaying proof UpdateAbstraction[UpdateAbstraction::ex7_6_secure()].JML operation contract.0 
121050     DEBUG main            d.u.i.k.p.i.IntermediateProofReplayer Proof replay took 7.3ns 
121353     INFO  main            d.u.i.k.p.r.p.TestFile    ... finished proof: closed. 
121669     INFO  main            d.u.i.k.p.i.AbstractProblemLoader Loading environment from /home/runner/work/key/key/key.core/../key.ui/examples/heap/information_flow/UpdateAbstraction_ex7_6_secure.key.proof 
121669     DEBUG main            d.u.i.k.p.i.AbstractProblemLoader Environment load took 138.2ns 
121670     INFO  main            d.u.i.k.p.i.AbstractProblemLoader Creating init config 
124244     DEBUG main            d.u.i.k.p.i.AbstractProblemLoader Init config took 2.57s 
124279     INFO  main            d.u.i.k.p.i.AbstractProblemLoader Replaying proof UpdateAbstraction[UpdateAbstraction::ex7_6_secure()].JML operation contract.0 
124342     DEBUG main            d.u.i.k.p.i.IntermediateProofReplayer Proof replay took 60.7ms 
124344     DEBUG main            d.u.i.k.p.r.p.TestFile    ... success: reloaded. 
124345     INFO  main            d.u.i.k.p.r.p.TestFile    Now processing file /home/runner/work/key/key/key.core/../key.ui/examples/heap/information_flow/UpdateAbstraction_ex9_secure.key 
124345     INFO  main            d.u.i.k.p.i.AbstractProblemLoader Loading environment from /home/runner/work/key/key/key.core/../key.ui/examples/heap/information_flow/UpdateAbstraction_ex9_secure.key 
124345     DEBUG main            d.u.i.k.p.i.AbstractProblemLoader Environment load took 254.2ns 
124346     INFO  main            d.u.i.k.p.i.AbstractProblemLoader Creating init config 
127009     DEBUG main            d.u.i.k.p.i.AbstractProblemLoader Init config took 2.66s 
127044     INFO  main            d.u.i.k.p.i.AbstractProblemLoader Replaying proof UpdateAbstraction[UpdateAbstraction::ex9_secure()].JML operation contract.0 
127046     DEBUG main            d.u.i.k.p.i.IntermediateProofReplayer Proof replay took 7.2ns 
127961     INFO  main            d.u.i.k.p.r.p.TestFile    ... finished proof: closed. 
128310     INFO  main            d.u.i.k.p.i.AbstractProblemLoader Loading environment from /home/runner/work/key/key/key.core/../key.ui/examples/heap/information_flow/UpdateAbstraction_ex9_secure.key.proof 
128310     DEBUG main            d.u.i.k.p.i.AbstractProblemLoader Environment load took 168.7ns 
128311     INFO  main            d.u.i.k.p.i.AbstractProblemLoader Creating init config 
130878     DEBUG main            d.u.i.k.p.i.AbstractProblemLoader Init config took 2.57s 
130912     INFO  main            d.u.i.k.p.i.AbstractProblemLoader Replaying proof UpdateAbstraction[UpdateAbstraction::ex9_secure()].JML operation contract.0 
131123     DEBUG main            d.u.i.k.p.i.IntermediateProofReplayer Proof replay took 207.9ms 
131124     DEBUG main            d.u.i.k.p.r.p.TestFile    ... success: reloaded. 
869394     INFO  Test worker     d.u.i.k.p.r.RunAllProofsTestUnit Returning from test javaCard 
869395     INFO  Test worker     d.u.i.k.p.r.RunAllProofsTestUnit Running test list 
334        INFO  Timeout watchdog d.u.i.k.p.r.p.ForkedTestFileRunner Timeout watcher launched (2000 secs.) 
344        WARN  main            d.u.i.k.s.ProofSettings   The settings in /home/runner/.key/proof-settings.props are *not* read. 
371        INFO  main            d.u.i.k.p.r.p.TestFile    Now processing file /home/runner/work/key/key/key.core/../key.ui/examples/heap/list/ArrayList_add.key 
488        INFO  main            d.u.i.k.p.i.AbstractProblemLoader Loading environment from /home/runner/work/key/key/key.core/../key.ui/examples/heap/list/ArrayList_add.key 
505        DEBUG main            d.u.i.k.p.i.AbstractProblemLoader Environment load took 1.99ms 
734        INFO  main            d.u.i.k.p.i.AbstractProblemLoader Creating init config 
1697       DEBUG main            d.u.i.k.j.TypeConverter   No LDT found for Meta 
1698       DEBUG main            d.u.i.k.j.TypeConverter   No LDT found for Meta 
1700       DEBUG main            d.u.i.k.j.TypeConverter   No LDT found for Meta 
1701       DEBUG main            d.u.i.k.j.TypeConverter   No LDT found for Meta 
3454       DEBUG main            d.u.i.k.j.TypeConverter   No LDT found for JavaBigintExpression 
6816       DEBUG main            d.u.i.k.j.r.ClassPreparationMethodBuilder clPrepBuilder: Inner Class detected. Reject building class initialisation methods. 
9544       DEBUG main            d.u.i.k.p.i.AbstractProblemLoader Init config took 8.81s 
9692       INFO  main            d.u.i.k.p.i.AbstractProblemLoader Replaying proof ArrayList[List::add(java.lang.Object)].JML normal_behavior operation contract.0 
9780       DEBUG main            d.u.i.k.p.i.IntermediateProofReplayer Proof replay took 41.8ns 
15607      INFO  main            d.u.i.k.p.r.p.TestFile    ... finished proof: closed. 
15825      INFO  main            d.u.i.k.p.i.AbstractProblemLoader Loading environment from /home/runner/work/key/key/key.core/../key.ui/examples/heap/list/ArrayList_add.key.proof 
15831      DEBUG main            d.u.i.k.p.i.AbstractProblemLoader Environment load took 5.8ms 
15835      INFO  main            d.u.i.k.p.i.AbstractProblemLoader Creating init config 
17018      DEBUG main            d.u.i.k.j.r.ClassPreparationMethodBuilder clPrepBuilder: Inner Class detected. Reject building class initialisation methods. 
19282      DEBUG main            d.u.i.k.p.i.AbstractProblemLoader Init config took 3.45s 
19379      INFO  main            d.u.i.k.p.i.AbstractProblemLoader Replaying proof ArrayList[List::add(java.lang.Object)].JML normal_behavior operation contract.0 
20387      DEBUG main            d.u.i.k.p.i.IntermediateProofReplayer Proof replay took 982.36ms 
20399      DEBUG main            d.u.i.k.p.r.p.TestFile    ... success: reloaded. 
20402      INFO  main            d.u.i.k.p.r.p.TestFile    Now processing file /home/runner/work/key/key/key.core/../key.ui/examples/heap/list/ArrayList_ArrayList.key 
20402      INFO  main            d.u.i.k.p.i.AbstractProblemLoader Loading environment from /home/runner/work/key/key/key.core/../key.ui/examples/heap/list/ArrayList_ArrayList.key 
20403      DEBUG main            d.u.i.k.p.i.AbstractProblemLoader Environment load took 325.11ns 
20404      INFO  main            d.u.i.k.p.i.AbstractProblemLoader Creating init config 
21550      DEBUG main            d.u.i.k.j.r.ClassPreparationMethodBuilder clPrepBuilder: Inner Class detected. Reject building class initialisation methods. 
23705      DEBUG main            d.u.i.k.p.i.AbstractProblemLoader Init config took 3.3s 
23775      INFO  main            d.u.i.k.p.i.AbstractProblemLoader Replaying proof ArrayList[ArrayList::ArrayList()].JML normal_behavior operation contract.0 
23778      DEBUG main            d.u.i.k.p.i.IntermediateProofReplayer Proof replay took 8.7ns 
25290      INFO  main            d.u.i.k.p.r.p.TestFile    ... finished proof: closed. 
25503      INFO  main            d.u.i.k.p.i.AbstractProblemLoader Loading environment from /home/runner/work/key/key/key.core/../key.ui/examples/heap/list/ArrayList_ArrayList.key.proof 
25504      DEBUG main            d.u.i.k.p.i.AbstractProblemLoader Environment load took 567.11ns 
25507      INFO  main            d.u.i.k.p.i.AbstractProblemLoader Creating init config 
26553      DEBUG main            d.u.i.k.j.r.ClassPreparationMethodBuilder clPrepBuilder: Inner Class detected. Reject building class initialisation methods. 
28721      DEBUG main            d.u.i.k.p.i.AbstractProblemLoader Init config took 3.21s 
28785      INFO  main            d.u.i.k.p.i.AbstractProblemLoader Replaying proof ArrayList[ArrayList::ArrayList()].JML normal_behavior operation contract.0 
29039      DEBUG main            d.u.i.k.p.i.IntermediateProofReplayer Proof replay took 241.87ms 
29041      DEBUG main            d.u.i.k.p.r.p.TestFile    ... success: reloaded. 
29042      INFO  main            d.u.i.k.p.r.p.TestFile    Now processing file /home/runner/work/key/key/key.core/../key.ui/examples/heap/list/ArrayList_concatenate.key 
29043      INFO  main            d.u.i.k.p.i.AbstractProblemLoader Loading environment from /home/runner/work/key/key/key.core/../key.ui/examples/heap/list/ArrayList_concatenate.key 
29043      DEBUG main            d.u.i.k.p.i.AbstractProblemLoader Environment load took 176.1ns 
29045      INFO  main            d.u.i.k.p.i.AbstractProblemLoader Creating init config 
30112      DEBUG main            d.u.i.k.j.r.ClassPreparationMethodBuilder clPrepBuilder: Inner Class detected. Reject building class initialisation methods. 
32215      DEBUG main            d.u.i.k.p.i.AbstractProblemLoader Init config took 3.17s 
32275      INFO  main            d.u.i.k.p.i.AbstractProblemLoader Replaying proof ArrayList[List::concatenate(List)].JML normal_behavior operation contract.0 
32277      DEBUG main            d.u.i.k.p.i.IntermediateProofReplayer Proof replay took 6.9ns 
58364      INFO  main            d.u.i.k.p.r.p.TestFile    ... finished proof: closed. 
58613      INFO  main            d.u.i.k.p.i.AbstractProblemLoader Loading environment from /home/runner/work/key/key/key.core/../key.ui/examples/heap/list/ArrayList_concatenate.key.proof 
58614      DEBUG main            d.u.i.k.p.i.AbstractProblemLoader Environment load took 574.41ns 
58621      INFO  main            d.u.i.k.p.i.AbstractProblemLoader Creating init config 
59628      DEBUG main            d.u.i.k.j.r.ClassPreparationMethodBuilder clPrepBuilder: Inner Class detected. Reject building class initialisation methods. 
61714      DEBUG main            d.u.i.k.p.i.AbstractProblemLoader Init config took 3.09s 
61773      INFO  main            d.u.i.k.p.i.AbstractProblemLoader Replaying proof ArrayList[List::concatenate(List)].JML normal_behavior operation contract.0 
64073      DEBUG main            d.u.i.k.p.i.IntermediateProofReplayer Proof replay took 2.22s 
64078      DEBUG main            d.u.i.k.p.r.p.TestFile    ... success: reloaded. 
64080      INFO  main            d.u.i.k.p.r.p.TestFile    Now processing file /home/runner/work/key/key/key.core/../key.ui/examples/heap/list/ArrayList_contains_dep.key 
64080      INFO  main            d.u.i.k.p.i.AbstractProblemLoader Loading environment from /home/runner/work/key/key/key.core/../key.ui/examples/heap/list/ArrayList_contains_dep.key 
64080      DEBUG main            d.u.i.k.p.i.AbstractProblemLoader Environment load took 249.4ns 
64081      INFO  main            d.u.i.k.p.i.AbstractProblemLoader Creating init config 
65116      DEBUG main            d.u.i.k.j.r.ClassPreparationMethodBuilder clPrepBuilder: Inner Class detected. Reject building class initialisation methods. 
67234      DEBUG main            d.u.i.k.p.i.AbstractProblemLoader Init config took 3.15s 
67303      INFO  main            d.u.i.k.p.i.AbstractProblemLoader Replaying proof ArrayList[List::contains(java.lang.Object)].JML accessible clause.0 
67306      DEBUG main            d.u.i.k.p.i.IntermediateProofReplayer Proof replay took 7.2ns 
70234      INFO  main            d.u.i.k.p.r.p.TestFile    ... finished proof: closed. 
70451      INFO  main            d.u.i.k.p.i.AbstractProblemLoader Loading environment from /home/runner/work/key/key/key.core/../key.ui/examples/heap/list/ArrayList_contains_dep.key.proof 
70452      DEBUG main            d.u.i.k.p.i.AbstractProblemLoader Environment load took 558.71ns 
70453      INFO  main            d.u.i.k.p.i.AbstractProblemLoader Creating init config 
71406      DEBUG main            d.u.i.k.j.r.ClassPreparationMethodBuilder clPrepBuilder: Inner Class detected. Reject building class initialisation methods. 
73491      DEBUG main            d.u.i.k.p.i.AbstractProblemLoader Init config took 3.04s 
73543      INFO  main            d.u.i.k.p.i.AbstractProblemLoader Replaying proof ArrayList[List::contains(java.lang.Object)].JML accessible clause.0 
74044      DEBUG main            d.u.i.k.p.i.IntermediateProofReplayer Proof replay took 490.46ms 
74045      DEBUG main            d.u.i.k.p.r.p.TestFile    ... success: reloaded. 
74047      INFO  main            d.u.i.k.p.r.p.TestFile    Now processing file /home/runner/work/key/key/key.core/../key.ui/examples/heap/list/ArrayList_enlarge.key 
74047      INFO  main            d.u.i.k.p.i.AbstractProblemLoader Loading environment from /home/runner/work/key/key/key.core/../key.ui/examples/heap/list/ArrayList_enlarge.key 
74047      DEBUG main            d.u.i.k.p.i.AbstractProblemLoader Environment load took 156.3ns 
74048      INFO  main            d.u.i.k.p.i.AbstractProblemLoader Creating init config 
75055      DEBUG main            d.u.i.k.j.r.ClassPreparationMethodBuilder clPrepBuilder: Inner Class detected. Reject building class initialisation methods. 
77195      DEBUG main            d.u.i.k.p.i.AbstractProblemLoader Init config took 3.15s 
77251      INFO  main            d.u.i.k.p.i.AbstractProblemLoader Replaying proof ArrayList[ArrayList::enlarge()].JML normal_behavior operation contract.0 
77253      DEBUG main            d.u.i.k.p.i.IntermediateProofReplayer Proof replay took 5.9ns 
79660      INFO  main            d.u.i.k.p.r.p.TestFile    ... finished proof: closed. 
79931      INFO  main            d.u.i.k.p.i.AbstractProblemLoader Loading environment from /home/runner/work/key/key/key.core/../key.ui/examples/heap/list/ArrayList_enlarge.key.proof 
79932      DEBUG main            d.u.i.k.p.i.AbstractProblemLoader Environment load took 616.21ns 
79933      INFO  main            d.u.i.k.p.i.AbstractProblemLoader Creating init config 
80928      DEBUG main            d.u.i.k.j.r.ClassPreparationMethodBuilder clPrepBuilder: Inner Class detected. Reject building class initialisation methods. 
83018      DEBUG main            d.u.i.k.p.i.AbstractProblemLoader Init config took 3.08s 
83071      INFO  main            d.u.i.k.p.i.AbstractProblemLoader Replaying proof ArrayList[ArrayList::enlarge()].JML normal_behavior operation contract.0 
83488      DEBUG main            d.u.i.k.p.i.IntermediateProofReplayer Proof replay took 408.62ms 
83490      DEBUG main            d.u.i.k.p.r.p.TestFile    ... success: reloaded. 
83492      INFO  main            d.u.i.k.p.r.p.TestFile    Now processing file /home/runner/work/key/key/key.core/../key.ui/examples/heap/list/ArrayList_footprint.key 
83492      INFO  main            d.u.i.k.p.i.AbstractProblemLoader Loading environment from /home/runner/work/key/key/key.core/../key.ui/examples/heap/list/ArrayList_footprint.key 
83493      DEBUG main            d.u.i.k.p.i.AbstractProblemLoader Environment load took 277.81ns 
83494      INFO  main            d.u.i.k.p.i.AbstractProblemLoader Creating init config 
84449      DEBUG main            d.u.i.k.j.r.ClassPreparationMethodBuilder clPrepBuilder: Inner Class detected. Reject building class initialisation methods. 
86531      DEBUG main            d.u.i.k.p.i.AbstractProblemLoader Init config took 3.04s 
86576      INFO  main            d.u.i.k.p.i.AbstractProblemLoader Replaying proof List[List::$footprint()].JML accessible clause.0 
86578      DEBUG main            d.u.i.k.p.i.IntermediateProofReplayer Proof replay took 7.2ns 
86680      INFO  main            d.u.i.k.p.r.p.TestFile    ... finished proof: closed. 
86870      INFO  main            d.u.i.k.p.i.AbstractProblemLoader Loading environment from /home/runner/work/key/key/key.core/../key.ui/examples/heap/list/ArrayList_footprint.key.proof 
86870      DEBUG main            d.u.i.k.p.i.AbstractProblemLoader Environment load took 140ns 
86871      INFO  main            d.u.i.k.p.i.AbstractProblemLoader Creating init config 
87876      DEBUG main            d.u.i.k.j.r.ClassPreparationMethodBuilder clPrepBuilder: Inner Class detected. Reject building class initialisation methods. 
89899      DEBUG main            d.u.i.k.p.i.AbstractProblemLoader Init config took 3.03s 
89944      INFO  main            d.u.i.k.p.i.AbstractProblemLoader Replaying proof List[List::$footprint()].JML accessible clause.0 
89947      DEBUG main            d.u.i.k.p.i.IntermediateProofReplayer Proof replay took 1.17ms 
89948      DEBUG main            d.u.i.k.p.r.p.TestFile    ... success: reloaded. 
89950      INFO  main            d.u.i.k.p.r.p.TestFile    Now processing file /home/runner/work/key/key/key.core/../key.ui/examples/heap/list/ArrayList_get_dep.key 
89950      INFO  main            d.u.i.k.p.i.AbstractProblemLoader Loading environment from /home/runner/work/key/key/key.core/../key.ui/examples/heap/list/ArrayList_get_dep.key 
89950      DEBUG main            d.u.i.k.p.i.AbstractProblemLoader Environment load took 121.3ns 
89951      INFO  main            d.u.i.k.p.i.AbstractProblemLoader Creating init config 
90914      DEBUG main            d.u.i.k.j.r.ClassPreparationMethodBuilder clPrepBuilder: Inner Class detected. Reject building class initialisation methods. 
92995      DEBUG main            d.u.i.k.p.i.AbstractProblemLoader Init config took 3.04s 
93048      INFO  main            d.u.i.k.p.i.AbstractProblemLoader Replaying proof ArrayList[List::get(int)].JML accessible clause.0 
93052      DEBUG main            d.u.i.k.p.i.IntermediateProofReplayer Proof replay took 7.4ns 
93560      INFO  main            d.u.i.k.p.r.p.TestFile    ... finished proof: closed. 
93784      INFO  main            d.u.i.k.p.i.AbstractProblemLoader Loading environment from /home/runner/work/key/key/key.core/../key.ui/examples/heap/list/ArrayList_get_dep.key.proof 
93785      DEBUG main            d.u.i.k.p.i.AbstractProblemLoader Environment load took 1.09ms 
93788      INFO  main            d.u.i.k.p.i.AbstractProblemLoader Creating init config 
94733      DEBUG main            d.u.i.k.j.r.ClassPreparationMethodBuilder clPrepBuilder: Inner Class detected. Reject building class initialisation methods. 
96781      DEBUG main            d.u.i.k.p.i.AbstractProblemLoader Init config took 2.99s 
96842      INFO  main            d.u.i.k.p.i.AbstractProblemLoader Replaying proof ArrayList[List::get(int)].JML accessible clause.0 
96927      DEBUG main            d.u.i.k.p.i.IntermediateProofReplayer Proof replay took 82.3ms 
96929      DEBUG main            d.u.i.k.p.r.p.TestFile    ... success: reloaded. 
96930      INFO  main            d.u.i.k.p.r.p.TestFile    Now processing file /home/runner/work/key/key/key.core/../key.ui/examples/heap/list/ArrayList_get_exceptional.key 
96930      INFO  main            d.u.i.k.p.i.AbstractProblemLoader Loading environment from /home/runner/work/key/key/key.core/../key.ui/examples/heap/list/ArrayList_get_exceptional.key 
96931      DEBUG main            d.u.i.k.p.i.AbstractProblemLoader Environment load took 204.2ns 
96932      INFO  main            d.u.i.k.p.i.AbstractProblemLoader Creating init config 
97880      DEBUG main            d.u.i.k.j.r.ClassPreparationMethodBuilder clPrepBuilder: Inner Class detected. Reject building class initialisation methods. 
99908      DEBUG main            d.u.i.k.p.i.AbstractProblemLoader Init config took 2.98s 
99958      INFO  main            d.u.i.k.p.i.AbstractProblemLoader Replaying proof ArrayList[List::get(int)].JML exceptional_behavior operation contract.0 
99960      DEBUG main            d.u.i.k.p.i.IntermediateProofReplayer Proof replay took 8.2ns 
101166     INFO  main            d.u.i.k.p.r.p.TestFile    ... finished proof: closed. 
101390     INFO  main            d.u.i.k.p.i.AbstractProblemLoader Loading environment from /home/runner/work/key/key/key.core/../key.ui/examples/heap/list/ArrayList_get_exceptional.key.proof 
101392     DEBUG main            d.u.i.k.p.i.AbstractProblemLoader Environment load took 1.66ms 
101394     INFO  main            d.u.i.k.p.i.AbstractProblemLoader Creating init config 
102333     DEBUG main            d.u.i.k.j.r.ClassPreparationMethodBuilder clPrepBuilder: Inner Class detected. Reject building class initialisation methods. 
104387     DEBUG main            d.u.i.k.p.i.AbstractProblemLoader Init config took 2.99s 
104448     INFO  main            d.u.i.k.p.i.AbstractProblemLoader Replaying proof ArrayList[List::get(int)].JML exceptional_behavior operation contract.0 
104661     DEBUG main            d.u.i.k.p.i.IntermediateProofReplayer Proof replay took 207.03ms 
104663     DEBUG main            d.u.i.k.p.r.p.TestFile    ... success: reloaded. 
104664     INFO  main            d.u.i.k.p.r.p.TestFile    Now processing file /home/runner/work/key/key/key.core/../key.ui/examples/heap/list/ArrayList_get_normal.key 
104665     INFO  main            d.u.i.k.p.i.AbstractProblemLoader Loading environment from /home/runner/work/key/key/key.core/../key.ui/examples/heap/list/ArrayList_get_normal.key 
104665     DEBUG main            d.u.i.k.p.i.AbstractProblemLoader Environment load took 231.7ns 
104666     INFO  main            d.u.i.k.p.i.AbstractProblemLoader Creating init config 
105628     DEBUG main            d.u.i.k.j.r.ClassPreparationMethodBuilder clPrepBuilder: Inner Class detected. Reject building class initialisation methods. 
107680     DEBUG main            d.u.i.k.p.i.AbstractProblemLoader Init config took 3.01s 
107728     INFO  main            d.u.i.k.p.i.AbstractProblemLoader Replaying proof ArrayList[List::get(int)].JML normal_behavior operation contract.0 
107730     DEBUG main            d.u.i.k.p.i.IntermediateProofReplayer Proof replay took 6.5ns 
108233     INFO  main            d.u.i.k.p.r.p.TestFile    ... finished proof: closed. 
108524     INFO  main            d.u.i.k.p.i.AbstractProblemLoader Loading environment from /home/runner/work/key/key/key.core/../key.ui/examples/heap/list/ArrayList_get_normal.key.proof 
108525     DEBUG main            d.u.i.k.p.i.AbstractProblemLoader Environment load took 839.11ns 
108527     INFO  main            d.u.i.k.p.i.AbstractProblemLoader Creating init config 
109461     DEBUG main            d.u.i.k.j.r.ClassPreparationMethodBuilder clPrepBuilder: Inner Class detected. Reject building class initialisation methods. 
111517     DEBUG main            d.u.i.k.p.i.AbstractProblemLoader Init config took 2.99s 
111565     INFO  main            d.u.i.k.p.i.AbstractProblemLoader Replaying proof ArrayList[List::get(int)].JML normal_behavior operation contract.0 
111644     DEBUG main            d.u.i.k.p.i.IntermediateProofReplayer Proof replay took 75.54ms 
111645     DEBUG main            d.u.i.k.p.r.p.TestFile    ... success: reloaded. 
111646     INFO  main            d.u.i.k.p.r.p.TestFile    Now processing file /home/runner/work/key/key/key.core/../key.ui/examples/heap/list/ArrayList_inv.key 
111646     INFO  main            d.u.i.k.p.i.AbstractProblemLoader Loading environment from /home/runner/work/key/key/key.core/../key.ui/examples/heap/list/ArrayList_inv.key 
111647     DEBUG main            d.u.i.k.p.i.AbstractProblemLoader Environment load took 126ns 
111647     INFO  main            d.u.i.k.p.i.AbstractProblemLoader Creating init config 
112600     DEBUG main            d.u.i.k.j.r.ClassPreparationMethodBuilder clPrepBuilder: Inner Class detected. Reject building class initialisation methods. 
114604     DEBUG main            d.u.i.k.p.i.AbstractProblemLoader Init config took 2.96s 
114651     INFO  main            d.u.i.k.p.i.AbstractProblemLoader Replaying proof ArrayList[java.lang.Object::<inv>()].JML accessible clause.0 
114652     DEBUG main            d.u.i.k.p.i.IntermediateProofReplayer Proof replay took 5.8ns 
115056     INFO  main            d.u.i.k.p.r.p.TestFile    ... finished proof: closed. 
115297     INFO  main            d.u.i.k.p.i.AbstractProblemLoader Loading environment from /home/runner/work/key/key/key.core/../key.ui/examples/heap/list/ArrayList_inv.key.proof 
115297     DEBUG main            d.u.i.k.p.i.AbstractProblemLoader Environment load took 130.4ns 
115299     INFO  main            d.u.i.k.p.i.AbstractProblemLoader Creating init config 
116244     DEBUG main            d.u.i.k.j.r.ClassPreparationMethodBuilder clPrepBuilder: Inner Class detected. Reject building class initialisation methods. 
118273     DEBUG main            d.u.i.k.p.i.AbstractProblemLoader Init config took 2.97s 
118330     INFO  main            d.u.i.k.p.i.AbstractProblemLoader Replaying proof ArrayList[java.lang.Object::<inv>()].JML accessible clause.0 
118374     DEBUG main            d.u.i.k.p.i.IntermediateProofReplayer Proof replay took 40.56ms 
118375     DEBUG main            d.u.i.k.p.r.p.TestFile    ... success: reloaded. 
118377     INFO  main            d.u.i.k.p.r.p.TestFile    Now processing file /home/runner/work/key/key/key.core/../key.ui/examples/heap/list/ArrayList_iterator.key 
118377     INFO  main            d.u.i.k.p.i.AbstractProblemLoader Loading environment from /home/runner/work/key/key/key.core/../key.ui/examples/heap/list/ArrayList_iterator.key 
118377     DEBUG main            d.u.i.k.p.i.AbstractProblemLoader Environment load took 262.7ns 
118378     INFO  main            d.u.i.k.p.i.AbstractProblemLoader Creating init config 
119318     DEBUG main            d.u.i.k.j.r.ClassPreparationMethodBuilder clPrepBuilder: Inner Class detected. Reject building class initialisation methods. 
121326     DEBUG main            d.u.i.k.p.i.AbstractProblemLoader Init config took 2.95s 
121373     INFO  main            d.u.i.k.p.i.AbstractProblemLoader Replaying proof ArrayList[List::iterator()].JML normal_behavior operation contract.0 
121374     DEBUG main            d.u.i.k.p.i.IntermediateProofReplayer Proof replay took 7.4ns 
121880     INFO  main            d.u.i.k.p.r.p.TestFile    ... finished proof: closed. 
122133     INFO  main            d.u.i.k.p.i.AbstractProblemLoader Loading environment from /home/runner/work/key/key/key.core/../key.ui/examples/heap/list/ArrayList_iterator.key.proof 
122133     DEBUG main            d.u.i.k.p.i.AbstractProblemLoader Environment load took 146.6ns 
122135     INFO  main            d.u.i.k.p.i.AbstractProblemLoader Creating init config 
123084     DEBUG main            d.u.i.k.j.r.ClassPreparationMethodBuilder clPrepBuilder: Inner Class detected. Reject building class initialisation methods. 
125068     DEBUG main            d.u.i.k.p.i.AbstractProblemLoader Init config took 2.93s 
125115     INFO  main            d.u.i.k.p.i.AbstractProblemLoader Replaying proof ArrayList[List::iterator()].JML normal_behavior operation contract.0 
125199     DEBUG main            d.u.i.k.p.i.IntermediateProofReplayer Proof replay took 79.31ms 
125200     DEBUG main            d.u.i.k.p.r.p.TestFile    ... success: reloaded. 
125201     INFO  main            d.u.i.k.p.r.p.TestFile    Now processing file /home/runner/work/key/key/key.core/../key.ui/examples/heap/list/ArrayList_size_dep.key 
125201     INFO  main            d.u.i.k.p.i.AbstractProblemLoader Loading environment from /home/runner/work/key/key/key.core/../key.ui/examples/heap/list/ArrayList_size_dep.key 
125201     DEBUG main            d.u.i.k.p.i.AbstractProblemLoader Environment load took 116.5ns 
125202     INFO  main            d.u.i.k.p.i.AbstractProblemLoader Creating init config 
126178     DEBUG main            d.u.i.k.j.r.ClassPreparationMethodBuilder clPrepBuilder: Inner Class detected. Reject building class initialisation methods. 
128246     DEBUG main            d.u.i.k.p.i.AbstractProblemLoader Init config took 3.04s 
128292     INFO  main            d.u.i.k.p.i.AbstractProblemLoader Replaying proof ArrayList[List::size()].JML accessible clause.0 
128294     DEBUG main            d.u.i.k.p.i.IntermediateProofReplayer Proof replay took 6.8ns 
128496     INFO  main            d.u.i.k.p.r.p.TestFile    ... finished proof: closed. 
128761     INFO  main            d.u.i.k.p.i.AbstractProblemLoader Loading environment from /home/runner/work/key/key/key.core/../key.ui/examples/heap/list/ArrayList_size_dep.key.proof 
128761     DEBUG main            d.u.i.k.p.i.AbstractProblemLoader Environment load took 186.3ns 
128763     INFO  main            d.u.i.k.p.i.AbstractProblemLoader Creating init config 
129699     DEBUG main            d.u.i.k.j.r.ClassPreparationMethodBuilder clPrepBuilder: Inner Class detected. Reject building class initialisation methods. 
131721     DEBUG main            d.u.i.k.p.i.AbstractProblemLoader Init config took 2.96s 
131781     INFO  main            d.u.i.k.p.i.AbstractProblemLoader Replaying proof ArrayList[List::size()].JML accessible clause.0 
131818     DEBUG main            d.u.i.k.p.i.IntermediateProofReplayer Proof replay took 32.64ms 
131819     DEBUG main            d.u.i.k.p.r.p.TestFile    ... success: reloaded. 
131822     INFO  main            d.u.i.k.p.r.p.TestFile    Now processing file /home/runner/work/key/key/key.core/../key.ui/examples/heap/list/ArrayList_size.key 
131823     INFO  main            d.u.i.k.p.i.AbstractProblemLoader Loading environment from /home/runner/work/key/key/key.core/../key.ui/examples/heap/list/ArrayList_size.key 
131823     DEBUG main            d.u.i.k.p.i.AbstractProblemLoader Environment load took 275.9ns 
131826     INFO  main            d.u.i.k.p.i.AbstractProblemLoader Creating init config 
132797     DEBUG main            d.u.i.k.j.r.ClassPreparationMethodBuilder clPrepBuilder: Inner Class detected. Reject building class initialisation methods. 
134821     DEBUG main            d.u.i.k.p.i.AbstractProblemLoader Init config took 3s 
134869     INFO  main            d.u.i.k.p.i.AbstractProblemLoader Replaying proof ArrayList[List::size()].JML normal_behavior operation contract.0 
134871     DEBUG main            d.u.i.k.p.i.IntermediateProofReplayer Proof replay took 7ns 
135174     INFO  main            d.u.i.k.p.r.p.TestFile    ... finished proof: closed. 
135418     INFO  main            d.u.i.k.p.i.AbstractProblemLoader Loading environment from /home/runner/work/key/key/key.core/../key.ui/examples/heap/list/ArrayList_size.key.proof 
135418     DEBUG main            d.u.i.k.p.i.AbstractProblemLoader Environment load took 137.9ns 
135419     INFO  main            d.u.i.k.p.i.AbstractProblemLoader Creating init config 
136352     DEBUG main            d.u.i.k.j.r.ClassPreparationMethodBuilder clPrepBuilder: Inner Class detected. Reject building class initialisation methods. 
138380     DEBUG main            d.u.i.k.p.i.AbstractProblemLoader Init config took 2.96s 
138428     INFO  main            d.u.i.k.p.i.AbstractProblemLoader Replaying proof ArrayList[List::size()].JML normal_behavior operation contract.0 
138464     DEBUG main            d.u.i.k.p.i.IntermediateProofReplayer Proof replay took 33.75ms 
138465     DEBUG main            d.u.i.k.p.r.p.TestFile    ... success: reloaded. 
138466     INFO  main            d.u.i.k.p.r.p.TestFile    Now processing file /home/runner/work/key/key/key.core/../key.ui/examples/heap/list/ArrayList.ArrayListIterator_ArrayListIterator.key 
138466     INFO  main            d.u.i.k.p.i.AbstractProblemLoader Loading environment from /home/runner/work/key/key/key.core/../key.ui/examples/heap/list/ArrayList.ArrayListIterator_ArrayListIterator.key 
138466     DEBUG main            d.u.i.k.p.i.AbstractProblemLoader Environment load took 87.5ns 
138467     INFO  main            d.u.i.k.p.i.AbstractProblemLoader Creating init config 
139417     DEBUG main            d.u.i.k.j.r.ClassPreparationMethodBuilder clPrepBuilder: Inner Class detected. Reject building class initialisation methods. 
141426     DEBUG main            d.u.i.k.p.i.AbstractProblemLoader Init config took 2.96s 
141484     INFO  main            d.u.i.k.p.i.AbstractProblemLoader Replaying proof ArrayList.ArrayListIterator[ArrayList.ArrayListIterator::ArrayListIterator(ArrayList)].JML normal_behavior operation contract.0 
141486     DEBUG main            d.u.i.k.p.i.IntermediateProofReplayer Proof replay took 6.4ns 
142192     INFO  main            d.u.i.k.p.r.p.TestFile    ... finished proof: closed. 
142478     INFO  main            d.u.i.k.p.i.AbstractProblemLoader Loading environment from /home/runner/work/key/key/key.core/../key.ui/examples/heap/list/ArrayList.ArrayListIterator_ArrayListIterator.key.proof 
142479     DEBUG main            d.u.i.k.p.i.AbstractProblemLoader Environment load took 532.51ns 
142480     INFO  main            d.u.i.k.p.i.AbstractProblemLoader Creating init config 
143408     DEBUG main            d.u.i.k.j.r.ClassPreparationMethodBuilder clPrepBuilder: Inner Class detected. Reject building class initialisation methods. 
145395     DEBUG main            d.u.i.k.p.i.AbstractProblemLoader Init config took 2.92s 
145452     INFO  main            d.u.i.k.p.i.AbstractProblemLoader Replaying proof ArrayList.ArrayListIterator[ArrayList.ArrayListIterator::ArrayListIterator(ArrayList)].JML normal_behavior operation contract.0 
145557     DEBUG main            d.u.i.k.p.i.IntermediateProofReplayer Proof replay took 100.25ms 
145558     DEBUG main            d.u.i.k.p.r.p.TestFile    ... success: reloaded. 
145560     INFO  main            d.u.i.k.p.r.p.TestFile    Now processing file /home/runner/work/key/key/key.core/../key.ui/examples/heap/list/ArrayList.ArrayListIterator_hasNext_dep.key 
145560     INFO  main            d.u.i.k.p.i.AbstractProblemLoader Loading environment from /home/runner/work/key/key/key.core/../key.ui/examples/heap/list/ArrayList.ArrayListIterator_hasNext_dep.key 
145560     DEBUG main            d.u.i.k.p.i.AbstractProblemLoader Environment load took 113.5ns 
145561     INFO  main            d.u.i.k.p.i.AbstractProblemLoader Creating init config 
146519     DEBUG main            d.u.i.k.j.r.ClassPreparationMethodBuilder clPrepBuilder: Inner Class detected. Reject building class initialisation methods. 
148576     DEBUG main            d.u.i.k.p.i.AbstractProblemLoader Init config took 3.02s 
148629     INFO  main            d.u.i.k.p.i.AbstractProblemLoader Replaying proof ArrayList.ArrayListIterator[ListIterator::hasNext()].JML accessible clause.0 
148631     DEBUG main            d.u.i.k.p.i.IntermediateProofReplayer Proof replay took 5.5ns 
149036     INFO  main            d.u.i.k.p.r.p.TestFile    ... finished proof: closed. 
149288     INFO  main            d.u.i.k.p.i.AbstractProblemLoader Loading environment from /home/runner/work/key/key/key.core/../key.ui/examples/heap/list/ArrayList.ArrayListIterator_hasNext_dep.key.proof 
149288     DEBUG main            d.u.i.k.p.i.AbstractProblemLoader Environment load took 150.3ns 
149289     INFO  main            d.u.i.k.p.i.AbstractProblemLoader Creating init config 
150230     DEBUG main            d.u.i.k.j.r.ClassPreparationMethodBuilder clPrepBuilder: Inner Class detected. Reject building class initialisation methods. 
152215     DEBUG main            d.u.i.k.p.i.AbstractProblemLoader Init config took 2.93s 
152268     INFO  main            d.u.i.k.p.i.AbstractProblemLoader Replaying proof ArrayList.ArrayListIterator[ListIterator::hasNext()].JML accessible clause.0 
152321     DEBUG main            d.u.i.k.p.i.IntermediateProofReplayer Proof replay took 50.97ms 
152322     DEBUG main            d.u.i.k.p.r.p.TestFile    ... success: reloaded. 
152323     INFO  main            d.u.i.k.p.r.p.TestFile    Now processing file /home/runner/work/key/key/key.core/../key.ui/examples/heap/list/ArrayList.ArrayListIterator_hasNext.key 
152324     INFO  main            d.u.i.k.p.i.AbstractProblemLoader Loading environment from /home/runner/work/key/key/key.core/../key.ui/examples/heap/list/ArrayList.ArrayListIterator_hasNext.key 
152324     DEBUG main            d.u.i.k.p.i.AbstractProblemLoader Environment load took 108.2ns 
152325     INFO  main            d.u.i.k.p.i.AbstractProblemLoader Creating init config 
153267     DEBUG main            d.u.i.k.j.r.ClassPreparationMethodBuilder clPrepBuilder: Inner Class detected. Reject building class initialisation methods. 
155301     DEBUG main            d.u.i.k.p.i.AbstractProblemLoader Init config took 2.98s 
155355     INFO  main            d.u.i.k.p.i.AbstractProblemLoader Replaying proof ArrayList.ArrayListIterator[ListIterator::hasNext()].JML normal_behavior operation contract.0 
155356     DEBUG main            d.u.i.k.p.i.IntermediateProofReplayer Proof replay took 5.9ns 
155759     INFO  main            d.u.i.k.p.r.p.TestFile    ... finished proof: closed. 
156009     INFO  main            d.u.i.k.p.i.AbstractProblemLoader Loading environment from /home/runner/work/key/key/key.core/../key.ui/examples/heap/list/ArrayList.ArrayListIterator_hasNext.key.proof 
156009     DEBUG main            d.u.i.k.p.i.AbstractProblemLoader Environment load took 173ns 
156011     INFO  main            d.u.i.k.p.i.AbstractProblemLoader Creating init config 
156938     DEBUG main            d.u.i.k.j.r.ClassPreparationMethodBuilder clPrepBuilder: Inner Class detected. Reject building class initialisation methods. 
158928     DEBUG main            d.u.i.k.p.i.AbstractProblemLoader Init config took 2.92s 
158991     INFO  main            d.u.i.k.p.i.AbstractProblemLoader Replaying proof ArrayList.ArrayListIterator[ListIterator::hasNext()].JML normal_behavior operation contract.0 
159052     DEBUG main            d.u.i.k.p.i.IntermediateProofReplayer Proof replay took 58.22ms 
159054     DEBUG main            d.u.i.k.p.r.p.TestFile    ... success: reloaded. 
159055     INFO  main            d.u.i.k.p.r.p.TestFile    Now processing file /home/runner/work/key/key/key.core/../key.ui/examples/heap/list/ArrayList.ArrayListIterator_inv.key 
159055     INFO  main            d.u.i.k.p.i.AbstractProblemLoader Loading environment from /home/runner/work/key/key/key.core/../key.ui/examples/heap/list/ArrayList.ArrayListIterator_inv.key 
159055     DEBUG main            d.u.i.k.p.i.AbstractProblemLoader Environment load took 98ns 
159056     INFO  main            d.u.i.k.p.i.AbstractProblemLoader Creating init config 
160030     DEBUG main            d.u.i.k.j.r.ClassPreparationMethodBuilder clPrepBuilder: Inner Class detected. Reject building class initialisation methods. 
162011     DEBUG main            d.u.i.k.p.i.AbstractProblemLoader Init config took 2.95s 
162066     INFO  main            d.u.i.k.p.i.AbstractProblemLoader Replaying proof ArrayList.ArrayListIterator[java.lang.Object::<inv>()].JML accessible clause.0 
162068     DEBUG main            d.u.i.k.p.i.IntermediateProofReplayer Proof replay took 6.3ns 
163072     INFO  main            d.u.i.k.p.r.p.TestFile    ... finished proof: closed. 
163360     INFO  main            d.u.i.k.p.i.AbstractProblemLoader Loading environment from /home/runner/work/key/key/key.core/../key.ui/examples/heap/list/ArrayList.ArrayListIterator_inv.key.proof 
163361     DEBUG main            d.u.i.k.p.i.AbstractProblemLoader Environment load took 582.01ns 
163362     INFO  main            d.u.i.k.p.i.AbstractProblemLoader Creating init config 
164283     DEBUG main            d.u.i.k.j.r.ClassPreparationMethodBuilder clPrepBuilder: Inner Class detected. Reject building class initialisation methods. 
166272     DEBUG main            d.u.i.k.p.i.AbstractProblemLoader Init config took 2.91s 
166328     INFO  main            d.u.i.k.p.i.AbstractProblemLoader Replaying proof ArrayList.ArrayListIterator[java.lang.Object::<inv>()].JML accessible clause.0 
166429     DEBUG main            d.u.i.k.p.i.IntermediateProofReplayer Proof replay took 94.04ms 
166431     DEBUG main            d.u.i.k.p.r.p.TestFile    ... success: reloaded. 
166434     INFO  main            d.u.i.k.p.r.p.TestFile    Now processing file /home/runner/work/key/key/key.core/../key.ui/examples/heap/list/ArrayList.ArrayListIterator_list.key 
166434     INFO  main            d.u.i.k.p.i.AbstractProblemLoader Loading environment from /home/runner/work/key/key/key.core/../key.ui/examples/heap/list/ArrayList.ArrayListIterator_list.key 
166434     DEBUG main            d.u.i.k.p.i.AbstractProblemLoader Environment load took 228.8ns 
166435     INFO  main            d.u.i.k.p.i.AbstractProblemLoader Creating init config 
167369     DEBUG main            d.u.i.k.j.r.ClassPreparationMethodBuilder clPrepBuilder: Inner Class detected. Reject building class initialisation methods. 
169361     DEBUG main            d.u.i.k.p.i.AbstractProblemLoader Init config took 2.93s 
169401     INFO  main            d.u.i.k.p.i.AbstractProblemLoader Replaying proof ListIterator[ListIterator::$list()].JML accessible clause.0 
169403     DEBUG main            d.u.i.k.p.i.IntermediateProofReplayer Proof replay took 6ns 
169504     INFO  main            d.u.i.k.p.r.p.TestFile    ... finished proof: closed. 
169773     INFO  main            d.u.i.k.p.i.AbstractProblemLoader Loading environment from /home/runner/work/key/key/key.core/../key.ui/examples/heap/list/ArrayList.ArrayListIterator_list.key.proof 
169774     DEBUG main            d.u.i.k.p.i.AbstractProblemLoader Environment load took 111.4ns 
169774     INFO  main            d.u.i.k.p.i.AbstractProblemLoader Creating init config 
170700     DEBUG main            d.u.i.k.j.r.ClassPreparationMethodBuilder clPrepBuilder: Inner Class detected. Reject building class initialisation methods. 
172662     DEBUG main            d.u.i.k.p.i.AbstractProblemLoader Init config took 2.89s 
172702     INFO  main            d.u.i.k.p.i.AbstractProblemLoader Replaying proof ListIterator[ListIterator::$list()].JML accessible clause.0 
172704     DEBUG main            d.u.i.k.p.i.IntermediateProofReplayer Proof replay took 1.1ms 
172705     DEBUG main            d.u.i.k.p.r.p.TestFile    ... success: reloaded. 
172706     INFO  main            d.u.i.k.p.r.p.TestFile    Now processing file /home/runner/work/key/key/key.core/../key.ui/examples/heap/list/ArrayList.ArrayListIterator_next_exceptional.key 
172706     INFO  main            d.u.i.k.p.i.AbstractProblemLoader Loading environment from /home/runner/work/key/key/key.core/../key.ui/examples/heap/list/ArrayList.ArrayListIterator_next_exceptional.key 
172706     DEBUG main            d.u.i.k.p.i.AbstractProblemLoader Environment load took 119.4ns 
172707     INFO  main            d.u.i.k.p.i.AbstractProblemLoader Creating init config 
173669     DEBUG main            d.u.i.k.j.r.ClassPreparationMethodBuilder clPrepBuilder: Inner Class detected. Reject building class initialisation methods. 
175713     DEBUG main            d.u.i.k.p.i.AbstractProblemLoader Init config took 3.01s 
175767     INFO  main            d.u.i.k.p.i.AbstractProblemLoader Replaying proof ArrayList.ArrayListIterator[ListIterator::next()].JML exceptional_behavior operation contract.0 
175769     DEBUG main            d.u.i.k.p.i.IntermediateProofReplayer Proof replay took 7.7ns 
176673     INFO  main            d.u.i.k.p.r.p.TestFile    ... finished proof: closed. 
176961     INFO  main            d.u.i.k.p.i.AbstractProblemLoader Loading environment from /home/runner/work/key/key/key.core/../key.ui/examples/heap/list/ArrayList.ArrayListIterator_next_exceptional.key.proof 
176961     DEBUG main            d.u.i.k.p.i.AbstractProblemLoader Environment load took 129.7ns 
176962     INFO  main            d.u.i.k.p.i.AbstractProblemLoader Creating init config 
177901     DEBUG main            d.u.i.k.j.r.ClassPreparationMethodBuilder clPrepBuilder: Inner Class detected. Reject building class initialisation methods. 
179860     DEBUG main            d.u.i.k.p.i.AbstractProblemLoader Init config took 2.9s 
179912     INFO  main            d.u.i.k.p.i.AbstractProblemLoader Replaying proof ArrayList.ArrayListIterator[ListIterator::next()].JML exceptional_behavior operation contract.0 
180063     DEBUG main            d.u.i.k.p.i.IntermediateProofReplayer Proof replay took 147.15ms 
180065     DEBUG main            d.u.i.k.p.r.p.TestFile    ... success: reloaded. 
180066     INFO  main            d.u.i.k.p.r.p.TestFile    Now processing file /home/runner/work/key/key/key.core/../key.ui/examples/heap/list/ArrayList.ArrayListIterator_next_normal.key 
180067     INFO  main            d.u.i.k.p.i.AbstractProblemLoader Loading environment from /home/runner/work/key/key/key.core/../key.ui/examples/heap/list/ArrayList.ArrayListIterator_next_normal.key 
180067     DEBUG main            d.u.i.k.p.i.AbstractProblemLoader Environment load took 203.9ns 
180068     INFO  main            d.u.i.k.p.i.AbstractProblemLoader Creating init config 
181022     DEBUG main            d.u.i.k.j.r.ClassPreparationMethodBuilder clPrepBuilder: Inner Class detected. Reject building class initialisation methods. 
183034     DEBUG main            d.u.i.k.p.i.AbstractProblemLoader Init config took 2.97s 
183087     INFO  main            d.u.i.k.p.i.AbstractProblemLoader Replaying proof ArrayList.ArrayListIterator[ListIterator::next()].JML normal_behavior operation contract.0 
183089     DEBUG main            d.u.i.k.p.i.IntermediateProofReplayer Proof replay took 6.2ns 
184106     INFO  main            d.u.i.k.p.r.p.TestFile    ... finished proof: closed. 
184478     INFO  main            d.u.i.k.p.i.AbstractProblemLoader Loading environment from /home/runner/work/key/key/key.core/../key.ui/examples/heap/list/ArrayList.ArrayListIterator_next_normal.key.proof 
184478     DEBUG main            d.u.i.k.p.i.AbstractProblemLoader Environment load took 522.11ns 
184480     INFO  main            d.u.i.k.p.i.AbstractProblemLoader Creating init config 
185406     DEBUG main            d.u.i.k.j.r.ClassPreparationMethodBuilder clPrepBuilder: Inner Class detected. Reject building class initialisation methods. 
187358     DEBUG main            d.u.i.k.p.i.AbstractProblemLoader Init config took 2.88s 
187425     INFO  main            d.u.i.k.p.i.AbstractProblemLoader Replaying proof ArrayList.ArrayListIterator[ListIterator::next()].JML normal_behavior operation contract.0 
187621     DEBUG main            d.u.i.k.p.i.IntermediateProofReplayer Proof replay took 192.07ms 
187623     DEBUG main            d.u.i.k.p.r.p.TestFile    ... success: reloaded. 
187624     INFO  main            d.u.i.k.p.r.p.TestFile    Now processing file /home/runner/work/key/key/key.core/../key.ui/examples/heap/list/ArrayList.ArrayListIterator_pos.key 
187624     INFO  main            d.u.i.k.p.i.AbstractProblemLoader Loading environment from /home/runner/work/key/key/key.core/../key.ui/examples/heap/list/ArrayList.ArrayListIterator_pos.key 
187624     DEBUG main            d.u.i.k.p.i.AbstractProblemLoader Environment load took 105.1ns 
187625     INFO  main            d.u.i.k.p.i.AbstractProblemLoader Creating init config 
188582     DEBUG main            d.u.i.k.j.r.ClassPreparationMethodBuilder clPrepBuilder: Inner Class detected. Reject building class initialisation methods. 
190560     DEBUG main            d.u.i.k.p.i.AbstractProblemLoader Init config took 2.93s 
190599     INFO  main            d.u.i.k.p.i.AbstractProblemLoader Replaying proof ListIterator[ListIterator::$pos()].JML accessible clause.0 
190601     DEBUG main            d.u.i.k.p.i.IntermediateProofReplayer Proof replay took 6.7ns 
190706     INFO  main            d.u.i.k.p.r.p.TestFile    ... finished proof: closed. 
190992     INFO  main            d.u.i.k.p.i.AbstractProblemLoader Loading environment from /home/runner/work/key/key/key.core/../key.ui/examples/heap/list/ArrayList.ArrayListIterator_pos.key.proof 
190992     DEBUG main            d.u.i.k.p.i.AbstractProblemLoader Environment load took 122ns 
190993     INFO  main            d.u.i.k.p.i.AbstractProblemLoader Creating init config 
191925     DEBUG main            d.u.i.k.j.r.ClassPreparationMethodBuilder clPrepBuilder: Inner Class detected. Reject building class initialisation methods. 
193867     DEBUG main            d.u.i.k.p.i.AbstractProblemLoader Init config took 2.87s 
193908     INFO  main            d.u.i.k.p.i.AbstractProblemLoader Replaying proof ListIterator[ListIterator::$pos()].JML accessible clause.0 
193911     DEBUG main            d.u.i.k.p.i.IntermediateProofReplayer Proof replay took 979.12ns 
193914     DEBUG main            d.u.i.k.p.r.p.TestFile    ... success: reloaded. 
193915     INFO  main            d.u.i.k.p.r.p.TestFile    Now processing file /home/runner/work/key/key/key.core/../key.ui/examples/heap/list/Client_m.key 
193916     INFO  main            d.u.i.k.p.i.AbstractProblemLoader Loading environment from /home/runner/work/key/key/key.core/../key.ui/examples/heap/list/Client_m.key 
193916     DEBUG main            d.u.i.k.p.i.AbstractProblemLoader Environment load took 229.3ns 
193917     INFO  main            d.u.i.k.p.i.AbstractProblemLoader Creating init config 
194878     DEBUG main            d.u.i.k.j.r.ClassPreparationMethodBuilder clPrepBuilder: Inner Class detected. Reject building class initialisation methods. 
196866     DEBUG main            d.u.i.k.p.i.AbstractProblemLoader Init config took 2.95s 
196928     INFO  main            d.u.i.k.p.i.AbstractProblemLoader Replaying proof Client[Client::m(List)].JML normal_behavior operation contract.0 
196930     DEBUG main            d.u.i.k.p.i.IntermediateProofReplayer Proof replay took 7.5ns 
197234     INFO  main            d.u.i.k.p.r.p.TestFile    ... finished proof: closed. 
197538     INFO  main            d.u.i.k.p.i.AbstractProblemLoader Loading environment from /home/runner/work/key/key/key.core/../key.ui/examples/heap/list/Client_m.key.proof 
197538     DEBUG main            d.u.i.k.p.i.AbstractProblemLoader Environment load took 123.4ns 
197541     INFO  main            d.u.i.k.p.i.AbstractProblemLoader Creating init config 
198458     DEBUG main            d.u.i.k.j.r.ClassPreparationMethodBuilder clPrepBuilder: Inner Class detected. Reject building class initialisation methods. 
200416     DEBUG main            d.u.i.k.p.i.AbstractProblemLoader Init config took 2.88s 
200457     INFO  main            d.u.i.k.p.i.AbstractProblemLoader Replaying proof Client[Client::m(List)].JML normal_behavior operation contract.0 
200519     DEBUG main            d.u.i.k.p.i.IntermediateProofReplayer Proof replay took 59.57ms 
200520     DEBUG main            d.u.i.k.p.r.p.TestFile    ... success: reloaded. 
200521     INFO  main            d.u.i.k.p.r.p.TestFile    Now processing file /home/runner/work/key/key/key.core/../key.ui/examples/heap/list/Client_n.key 
200521     INFO  main            d.u.i.k.p.i.AbstractProblemLoader Loading environment from /home/runner/work/key/key/key.core/../key.ui/examples/heap/list/Client_n.key 
200522     DEBUG main            d.u.i.k.p.i.AbstractProblemLoader Environment load took 83.5ns 
200523     INFO  main            d.u.i.k.p.i.AbstractProblemLoader Creating init config 
201508     DEBUG main            d.u.i.k.j.r.ClassPreparationMethodBuilder clPrepBuilder: Inner Class detected. Reject building class initialisation methods. 
203487     DEBUG main            d.u.i.k.p.i.AbstractProblemLoader Init config took 2.96s 
203527     INFO  main            d.u.i.k.p.i.AbstractProblemLoader Replaying proof Client[Client::n(List)].JML normal_behavior operation contract.0 
203528     DEBUG main            d.u.i.k.p.i.IntermediateProofReplayer Proof replay took 6.5ns 
203630     INFO  main            d.u.i.k.p.r.p.TestFile    ... finished proof: closed. 
203941     INFO  main            d.u.i.k.p.i.AbstractProblemLoader Loading environment from /home/runner/work/key/key/key.core/../key.ui/examples/heap/list/Client_n.key.proof 
203941     DEBUG main            d.u.i.k.p.i.AbstractProblemLoader Environment load took 122ns 
203942     INFO  main            d.u.i.k.p.i.AbstractProblemLoader Creating init config 
204868     DEBUG main            d.u.i.k.j.r.ClassPreparationMethodBuilder clPrepBuilder: Inner Class detected. Reject building class initialisation methods. 
206814     DEBUG main            d.u.i.k.p.i.AbstractProblemLoader Init config took 2.87s 
206855     INFO  main            d.u.i.k.p.i.AbstractProblemLoader Replaying proof Client[Client::n(List)].JML normal_behavior operation contract.0 
206874     DEBUG main            d.u.i.k.p.i.IntermediateProofReplayer Proof replay took 17.15ms 
206875     DEBUG main            d.u.i.k.p.r.p.TestFile    ... success: reloaded. 
206876     INFO  main            d.u.i.k.p.r.p.TestFile    Now processing file /home/runner/work/key/key/key.core/../key.ui/examples/heap/list/LinkedList_get_exceptional.key 
206876     INFO  main            d.u.i.k.p.i.AbstractProblemLoader Loading environment from /home/runner/work/key/key/key.core/../key.ui/examples/heap/list/LinkedList_get_exceptional.key 
206876     DEBUG main            d.u.i.k.p.i.AbstractProblemLoader Environment load took 89.2ns 
206877     INFO  main            d.u.i.k.p.i.AbstractProblemLoader Creating init config 
207822     DEBUG main            d.u.i.k.j.r.ClassPreparationMethodBuilder clPrepBuilder: Inner Class detected. Reject building class initialisation methods. 
209808     DEBUG main            d.u.i.k.p.i.AbstractProblemLoader Init config took 2.93s 
209873     INFO  main            d.u.i.k.p.i.AbstractProblemLoader Replaying proof LinkedList[List::get(int)].JML exceptional_behavior operation contract.0 
209874     DEBUG main            d.u.i.k.p.i.IntermediateProofReplayer Proof replay took 7.6ns 
212082     INFO  main            d.u.i.k.p.r.p.TestFile    ... finished proof: closed. 
212406     INFO  main            d.u.i.k.p.i.AbstractProblemLoader Loading environment from /home/runner/work/key/key/key.core/../key.ui/examples/heap/list/LinkedList_get_exceptional.key.proof 
212406     DEBUG main            d.u.i.k.p.i.AbstractProblemLoader Environment load took 562.81ns 
212408     INFO  main            d.u.i.k.p.i.AbstractProblemLoader Creating init config 
213353     DEBUG main            d.u.i.k.j.r.ClassPreparationMethodBuilder clPrepBuilder: Inner Class detected. Reject building class initialisation methods. 
215290     DEBUG main            d.u.i.k.p.i.AbstractProblemLoader Init config took 2.88s 
215335     INFO  main            d.u.i.k.p.i.AbstractProblemLoader Replaying proof LinkedList[List::get(int)].JML exceptional_behavior operation contract.0 
215652     DEBUG main            d.u.i.k.p.i.IntermediateProofReplayer Proof replay took 308.91ms 
215654     DEBUG main            d.u.i.k.p.r.p.TestFile    ... success: reloaded. 
215655     INFO  main            d.u.i.k.p.r.p.TestFile    Now processing file /home/runner/work/key/key/key.core/../key.ui/examples/heap/list/LinkedList_get_normal.key 
215655     INFO  main            d.u.i.k.p.i.AbstractProblemLoader Loading environment from /home/runner/work/key/key/key.core/../key.ui/examples/heap/list/LinkedList_get_normal.key 
215655     DEBUG main            d.u.i.k.p.i.AbstractProblemLoader Environment load took 145.2ns 
215656     INFO  main            d.u.i.k.p.i.AbstractProblemLoader Creating init config 
216576     DEBUG main            d.u.i.k.j.r.ClassPreparationMethodBuilder clPrepBuilder: Inner Class detected. Reject building class initialisation methods. 
218577     DEBUG main            d.u.i.k.p.i.AbstractProblemLoader Init config took 2.92s 
218622     INFO  main            d.u.i.k.p.i.AbstractProblemLoader Replaying proof LinkedList[List::get(int)].JML normal_behavior operation contract.0 
218624     DEBUG main            d.u.i.k.p.i.IntermediateProofReplayer Proof replay took 6.4ns 
224142     INFO  main            d.u.i.k.p.r.p.TestFile    ... finished proof: closed. 
224541     INFO  main            d.u.i.k.p.i.AbstractProblemLoader Loading environment from /home/runner/work/key/key/key.core/../key.ui/examples/heap/list/LinkedList_get_normal.key.proof 
224542     DEBUG main            d.u.i.k.p.i.AbstractProblemLoader Environment load took 572.21ns 
224544     INFO  main            d.u.i.k.p.i.AbstractProblemLoader Creating init config 
225462     DEBUG main            d.u.i.k.j.r.ClassPreparationMethodBuilder clPrepBuilder: Inner Class detected. Reject building class initialisation methods. 
227394     DEBUG main            d.u.i.k.p.i.AbstractProblemLoader Init config took 2.85s 
227440     INFO  main            d.u.i.k.p.i.AbstractProblemLoader Replaying proof LinkedList[List::get(int)].JML normal_behavior operation contract.0 
227893     DEBUG main            d.u.i.k.p.i.IntermediateProofReplayer Proof replay took 434.13ms 
227895     DEBUG main            d.u.i.k.p.r.p.TestFile    ... success: reloaded. 
227896     INFO  main            d.u.i.k.p.r.p.TestFile    Now processing file /home/runner/work/key/key/key.core/../key.ui/examples/heap/list/LinkedList_LinkedList.key 
227896     INFO  main            d.u.i.k.p.i.AbstractProblemLoader Loading environment from /home/runner/work/key/key/key.core/../key.ui/examples/heap/list/LinkedList_LinkedList.key 
227896     DEBUG main            d.u.i.k.p.i.AbstractProblemLoader Environment load took 93.6ns 
227897     INFO  main            d.u.i.k.p.i.AbstractProblemLoader Creating init config 
228865     DEBUG main            d.u.i.k.j.r.ClassPreparationMethodBuilder clPrepBuilder: Inner Class detected. Reject building class initialisation methods. 
230847     DEBUG main            d.u.i.k.p.i.AbstractProblemLoader Init config took 2.95s 
230891     INFO  main            d.u.i.k.p.i.AbstractProblemLoader Replaying proof LinkedList[LinkedList::LinkedList()].JML normal_behavior operation contract.0 
230893     DEBUG main            d.u.i.k.p.i.IntermediateProofReplayer Proof replay took 7.1ns 
231396     INFO  main            d.u.i.k.p.r.p.TestFile    ... finished proof: closed. 
231745     INFO  main            d.u.i.k.p.i.AbstractProblemLoader Loading environment from /home/runner/work/key/key/key.core/../key.ui/examples/heap/list/LinkedList_LinkedList.key.proof 
231745     DEBUG main            d.u.i.k.p.i.AbstractProblemLoader Environment load took 216.5ns 
231746     INFO  main            d.u.i.k.p.i.AbstractProblemLoader Creating init config 
232654     DEBUG main            d.u.i.k.j.r.ClassPreparationMethodBuilder clPrepBuilder: Inner Class detected. Reject building class initialisation methods. 
234588     DEBUG main            d.u.i.k.p.i.AbstractProblemLoader Init config took 2.84s 
234632     INFO  main            d.u.i.k.p.i.AbstractProblemLoader Replaying proof LinkedList[LinkedList::LinkedList()].JML normal_behavior operation contract.0 
234730     DEBUG main            d.u.i.k.p.i.IntermediateProofReplayer Proof replay took 92.37ms 
234731     DEBUG main            d.u.i.k.p.r.p.TestFile    ... success: reloaded. 
234732     INFO  main            d.u.i.k.p.r.p.TestFile    Now processing file /home/runner/work/key/key/key.core/../key.ui/examples/heap/list/LinkedList_size_dep.key 
234733     INFO  main            d.u.i.k.p.i.AbstractProblemLoader Loading environment from /home/runner/work/key/key/key.core/../key.ui/examples/heap/list/LinkedList_size_dep.key 
234733     DEBUG main            d.u.i.k.p.i.AbstractProblemLoader Environment load took 82.5ns 
234734     INFO  main            d.u.i.k.p.i.AbstractProblemLoader Creating init config 
235668     DEBUG main            d.u.i.k.j.r.ClassPreparationMethodBuilder clPrepBuilder: Inner Class detected. Reject building class initialisation methods. 
237657     DEBUG main            d.u.i.k.p.i.AbstractProblemLoader Init config took 2.92s 
237701     INFO  main            d.u.i.k.p.i.AbstractProblemLoader Replaying proof LinkedList[List::size()].JML accessible clause.0 
237702     DEBUG main            d.u.i.k.p.i.IntermediateProofReplayer Proof replay took 6.8ns 
238219     INFO  main            d.u.i.k.p.r.p.TestFile    ... finished proof: closed. 
238540     INFO  main            d.u.i.k.p.i.AbstractProblemLoader Loading environment from /home/runner/work/key/key/key.core/../key.ui/examples/heap/list/LinkedList_size_dep.key.proof 
238540     DEBUG main            d.u.i.k.p.i.AbstractProblemLoader Environment load took 136.1ns 
238541     INFO  main            d.u.i.k.p.i.AbstractProblemLoader Creating init config 
239461     DEBUG main            d.u.i.k.j.r.ClassPreparationMethodBuilder clPrepBuilder: Inner Class detected. Reject building class initialisation methods. 
241393     DEBUG main            d.u.i.k.p.i.AbstractProblemLoader Init config took 2.85s 
241438     INFO  main            d.u.i.k.p.i.AbstractProblemLoader Replaying proof LinkedList[List::size()].JML accessible clause.0 
241488     DEBUG main            d.u.i.k.p.i.IntermediateProofReplayer Proof replay took 46.59ms 
241490     DEBUG main            d.u.i.k.p.r.p.TestFile    ... success: reloaded. 
241491     INFO  main            d.u.i.k.p.r.p.TestFile    Now processing file /home/runner/work/key/key/key.core/../key.ui/examples/heap/list/LinkedList_size.key 
241491     INFO  main            d.u.i.k.p.i.AbstractProblemLoader Loading environment from /home/runner/work/key/key/key.core/../key.ui/examples/heap/list/LinkedList_size.key 
241492     DEBUG main            d.u.i.k.p.i.AbstractProblemLoader Environment load took 215.3ns 
241492     INFO  main            d.u.i.k.p.i.AbstractProblemLoader Creating init config 
242479     DEBUG main            d.u.i.k.j.r.ClassPreparationMethodBuilder clPrepBuilder: Inner Class detected. Reject building class initialisation methods. 
244449     DEBUG main            d.u.i.k.p.i.AbstractProblemLoader Init config took 2.96s 
244493     INFO  main            d.u.i.k.p.i.AbstractProblemLoader Replaying proof LinkedList[List::size()].JML normal_behavior operation contract.0 
244494     DEBUG main            d.u.i.k.p.i.IntermediateProofReplayer Proof replay took 6.5ns 
244997     INFO  main            d.u.i.k.p.r.p.TestFile    ... finished proof: closed. 
245327     INFO  main            d.u.i.k.p.i.AbstractProblemLoader Loading environment from /home/runner/work/key/key/key.core/../key.ui/examples/heap/list/LinkedList_size.key.proof 
245327     DEBUG main            d.u.i.k.p.i.AbstractProblemLoader Environment load took 122.6ns 
245328     INFO  main            d.u.i.k.p.i.AbstractProblemLoader Creating init config 
246247     DEBUG main            d.u.i.k.j.r.ClassPreparationMethodBuilder clPrepBuilder: Inner Class detected. Reject building class initialisation methods. 
248182     DEBUG main            d.u.i.k.p.i.AbstractProblemLoader Init config took 2.85s 
248226     INFO  main            d.u.i.k.p.i.AbstractProblemLoader Replaying proof LinkedList[List::size()].JML normal_behavior operation contract.0 
248268     DEBUG main            d.u.i.k.p.i.IntermediateProofReplayer Proof replay took 39.36ms 
248269     DEBUG main            d.u.i.k.p.r.p.TestFile    ... success: reloaded. 
248270     INFO  main            d.u.i.k.p.r.p.TestFile    Now processing file /home/runner/work/key/key/key.core/../key.ui/examples/heap/list/MySet_footprint.key 
248270     INFO  main            d.u.i.k.p.i.AbstractProblemLoader Loading environment from /home/runner/work/key/key/key.core/../key.ui/examples/heap/list/MySet_footprint.key 
248270     DEBUG main            d.u.i.k.p.i.AbstractProblemLoader Environment load took 95.9ns 
248271     INFO  main            d.u.i.k.p.i.AbstractProblemLoader Creating init config 
249219     DEBUG main            d.u.i.k.j.r.ClassPreparationMethodBuilder clPrepBuilder: Inner Class detected. Reject building class initialisation methods. 
251180     DEBUG main            d.u.i.k.p.i.AbstractProblemLoader Init config took 2.91s 
251247     INFO  main            d.u.i.k.p.i.AbstractProblemLoader Replaying proof MySet[MySet::$footprint()].JML accessible clause.0 
251248     DEBUG main            d.u.i.k.p.i.IntermediateProofReplayer Proof replay took 7.4ns 
251551     INFO  main            d.u.i.k.p.r.p.TestFile    ... finished proof: closed. 
251912     INFO  main            d.u.i.k.p.i.AbstractProblemLoader Loading environment from /home/runner/work/key/key/key.core/../key.ui/examples/heap/list/MySet_footprint.key.proof 
251912     DEBUG main            d.u.i.k.p.i.AbstractProblemLoader Environment load took 122.4ns 
251914     INFO  main            d.u.i.k.p.i.AbstractProblemLoader Creating init config 
252831     DEBUG main            d.u.i.k.j.r.ClassPreparationMethodBuilder clPrepBuilder: Inner Class detected. Reject building class initialisation methods. 
254756     DEBUG main            d.u.i.k.p.i.AbstractProblemLoader Init config took 2.84s 
254815     INFO  main            d.u.i.k.p.i.AbstractProblemLoader Replaying proof MySet[MySet::$footprint()].JML accessible clause.0 
254846     DEBUG main            d.u.i.k.p.i.IntermediateProofReplayer Proof replay took 29.02ms 
254847     DEBUG main            d.u.i.k.p.r.p.TestFile    ... success: reloaded. 
254848     INFO  main            d.u.i.k.p.r.p.TestFile    Now processing file /home/runner/work/key/key/key.core/../key.ui/examples/heap/list/MySet_MySet.key 
254849     INFO  main            d.u.i.k.p.i.AbstractProblemLoader Loading environment from /home/runner/work/key/key/key.core/../key.ui/examples/heap/list/MySet_MySet.key 
254849     DEBUG main            d.u.i.k.p.i.AbstractProblemLoader Environment load took 81.2ns 
254850     INFO  main            d.u.i.k.p.i.AbstractProblemLoader Creating init config 
255781     DEBUG main            d.u.i.k.j.r.ClassPreparationMethodBuilder clPrepBuilder: Inner Class detected. Reject building class initialisation methods. 
257764     DEBUG main            d.u.i.k.p.i.AbstractProblemLoader Init config took 2.91s 
257812     INFO  main            d.u.i.k.p.i.AbstractProblemLoader Replaying proof MySet[MySet::MySet()].JML normal_behavior operation contract.0 
257814     DEBUG main            d.u.i.k.p.i.IntermediateProofReplayer Proof replay took 8ns 
260325     INFO  main            d.u.i.k.p.r.p.TestFile    ... finished proof: closed. 
260695     INFO  main            d.u.i.k.p.i.AbstractProblemLoader Loading environment from /home/runner/work/key/key/key.core/../key.ui/examples/heap/list/MySet_MySet.key.proof 
260696     DEBUG main            d.u.i.k.p.i.AbstractProblemLoader Environment load took 526.81ns 
260698     INFO  main            d.u.i.k.p.i.AbstractProblemLoader Creating init config 
261622     DEBUG main            d.u.i.k.j.r.ClassPreparationMethodBuilder clPrepBuilder: Inner Class detected. Reject building class initialisation methods. 
263560     DEBUG main            d.u.i.k.p.i.AbstractProblemLoader Init config took 2.86s 
263607     INFO  main            d.u.i.k.p.i.AbstractProblemLoader Replaying proof MySet[MySet::MySet()].JML normal_behavior operation contract.0 
263966     DEBUG main            d.u.i.k.p.i.IntermediateProofReplayer Proof replay took 347.24ms 
263968     DEBUG main            d.u.i.k.p.r.p.TestFile    ... success: reloaded. 
1133536    INFO  Test worker     d.u.i.k.p.r.RunAllProofsTestUnit Returning from test list 
1133538    INFO  Test worker     d.u.i.k.p.r.RunAllProofsTestUnit Running test list_ghost 
317        INFO  Timeout watchdog d.u.i.k.p.r.p.ForkedTestFileRunner Timeout watcher launched (2000 secs.) 
319        WARN  main            d.u.i.k.s.ProofSettings   The settings in /home/runner/.key/proof-settings.props are *not* read. 
347        INFO  main            d.u.i.k.p.r.p.TestFile    Now processing file /home/runner/work/key/key/key.core/../key.ui/examples/heap/list_ghost/ArrayList_add.key 
459        INFO  main            d.u.i.k.p.i.AbstractProblemLoader Loading environment from /home/runner/work/key/key/key.core/../key.ui/examples/heap/list_ghost/ArrayList_add.key 
482        DEBUG main            d.u.i.k.p.i.AbstractProblemLoader Environment load took 2.28ms 
711        INFO  main            d.u.i.k.p.i.AbstractProblemLoader Creating init config 
1592       DEBUG main            d.u.i.k.j.TypeConverter   No LDT found for Meta 
1593       DEBUG main            d.u.i.k.j.TypeConverter   No LDT found for Meta 
1596       DEBUG main            d.u.i.k.j.TypeConverter   No LDT found for Meta 
1596       DEBUG main            d.u.i.k.j.TypeConverter   No LDT found for Meta 
2932       DEBUG main            d.u.i.k.j.TypeConverter   No LDT found for JavaBigintExpression 
8475       DEBUG main            d.u.i.k.p.i.AbstractProblemLoader Init config took 7.76s 
8606       INFO  main            d.u.i.k.p.i.AbstractProblemLoader Replaying proof ArrayList[List::add(java.lang.Object)].JML normal_behavior operation contract.0 
8638       DEBUG main            d.u.i.k.p.i.IntermediateProofReplayer Proof replay took 33.9ns 
13657      INFO  main            d.u.i.k.p.r.p.TestFile    ... finished proof: closed. 
13830      INFO  main            d.u.i.k.p.i.AbstractProblemLoader Loading environment from /home/runner/work/key/key/key.core/../key.ui/examples/heap/list_ghost/ArrayList_add.key.proof 
13830      DEBUG main            d.u.i.k.p.i.AbstractProblemLoader Environment load took 586.71ns 
13833      INFO  main            d.u.i.k.p.i.AbstractProblemLoader Creating init config 
16641      DEBUG main            d.u.i.k.p.i.AbstractProblemLoader Init config took 2.81s 
16707      INFO  main            d.u.i.k.p.i.AbstractProblemLoader Replaying proof ArrayList[List::add(java.lang.Object)].JML normal_behavior operation contract.0 
17438      DEBUG main            d.u.i.k.p.i.IntermediateProofReplayer Proof replay took 709.32ms 
17450      DEBUG main            d.u.i.k.p.r.p.TestFile    ... success: reloaded. 
17454      INFO  main            d.u.i.k.p.r.p.TestFile    Now processing file /home/runner/work/key/key/key.core/../key.ui/examples/heap/list_ghost/ArrayList_ArrayList.key 
17454      INFO  main            d.u.i.k.p.i.AbstractProblemLoader Loading environment from /home/runner/work/key/key/key.core/../key.ui/examples/heap/list_ghost/ArrayList_ArrayList.key 
17455      DEBUG main            d.u.i.k.p.i.AbstractProblemLoader Environment load took 295.4ns 
17459      INFO  main            d.u.i.k.p.i.AbstractProblemLoader Creating init config 
20353      DEBUG main            d.u.i.k.p.i.AbstractProblemLoader Init config took 2.89s 
20415      INFO  main            d.u.i.k.p.i.AbstractProblemLoader Replaying proof ArrayList[ArrayList::ArrayList()].JML normal_behavior operation contract.0 
20418      DEBUG main            d.u.i.k.p.i.IntermediateProofReplayer Proof replay took 6.3ns 
21447      INFO  main            d.u.i.k.p.r.p.TestFile    ... finished proof: closed. 
21617      INFO  main            d.u.i.k.p.i.AbstractProblemLoader Loading environment from /home/runner/work/key/key/key.core/../key.ui/examples/heap/list_ghost/ArrayList_ArrayList.key.proof 
21617      DEBUG main            d.u.i.k.p.i.AbstractProblemLoader Environment load took 590.31ns 
21620      INFO  main            d.u.i.k.p.i.AbstractProblemLoader Creating init config 
24387      DEBUG main            d.u.i.k.p.i.AbstractProblemLoader Init config took 2.77s 
24466      INFO  main            d.u.i.k.p.i.AbstractProblemLoader Replaying proof ArrayList[ArrayList::ArrayList()].JML normal_behavior operation contract.0 
24642      DEBUG main            d.u.i.k.p.i.IntermediateProofReplayer Proof replay took 167.76ms 
24644      DEBUG main            d.u.i.k.p.r.p.TestFile    ... success: reloaded. 
24645      INFO  main            d.u.i.k.p.r.p.TestFile    Now processing file /home/runner/work/key/key/key.core/../key.ui/examples/heap/list_ghost/ArrayList_enlarge.key 
24646      INFO  main            d.u.i.k.p.i.AbstractProblemLoader Loading environment from /home/runner/work/key/key/key.core/../key.ui/examples/heap/list_ghost/ArrayList_enlarge.key 
24646      DEBUG main            d.u.i.k.p.i.AbstractProblemLoader Environment load took 261.8ns 
24647      INFO  main            d.u.i.k.p.i.AbstractProblemLoader Creating init config 
27359      DEBUG main            d.u.i.k.p.i.AbstractProblemLoader Init config took 2.71s 
27408      INFO  main            d.u.i.k.p.i.AbstractProblemLoader Replaying proof ArrayList[ArrayList::enlarge()].JML normal_behavior operation contract.0 
27411      DEBUG main            d.u.i.k.p.i.IntermediateProofReplayer Proof replay took 6.9ns 
29517      INFO  main            d.u.i.k.p.r.p.TestFile    ... finished proof: closed. 
29707      INFO  main            d.u.i.k.p.i.AbstractProblemLoader Loading environment from /home/runner/work/key/key/key.core/../key.ui/examples/heap/list_ghost/ArrayList_enlarge.key.proof 
29708      DEBUG main            d.u.i.k.p.i.AbstractProblemLoader Environment load took 652.51ns 
29709      INFO  main            d.u.i.k.p.i.AbstractProblemLoader Creating init config 
32407      DEBUG main            d.u.i.k.p.i.AbstractProblemLoader Init config took 2.7s 
32456      INFO  main            d.u.i.k.p.i.AbstractProblemLoader Replaying proof ArrayList[ArrayList::enlarge()].JML normal_behavior operation contract.0 
32893      DEBUG main            d.u.i.k.p.i.IntermediateProofReplayer Proof replay took 427.11ms 
32896      DEBUG main            d.u.i.k.p.r.p.TestFile    ... success: reloaded. 
32900      INFO  main            d.u.i.k.p.r.p.TestFile    Now processing file /home/runner/work/key/key/key.core/../key.ui/examples/heap/list_ghost/ArrayList_get_dep.key 
32900      INFO  main            d.u.i.k.p.i.AbstractProblemLoader Loading environment from /home/runner/work/key/key/key.core/../key.ui/examples/heap/list_ghost/ArrayList_get_dep.key 
32900      DEBUG main            d.u.i.k.p.i.AbstractProblemLoader Environment load took 242.3ns 
32901      INFO  main            d.u.i.k.p.i.AbstractProblemLoader Creating init config 
35625      DEBUG main            d.u.i.k.p.i.AbstractProblemLoader Init config took 2.72s 
35696      INFO  main            d.u.i.k.p.i.AbstractProblemLoader Replaying proof ArrayList[List::get(int)].JML accessible clause.0 
35700      DEBUG main            d.u.i.k.p.i.IntermediateProofReplayer Proof replay took 6.4ns 
36104      INFO  main            d.u.i.k.p.r.p.TestFile    ... finished proof: closed. 
36277      INFO  main            d.u.i.k.p.i.AbstractProblemLoader Loading environment from /home/runner/work/key/key/key.core/../key.ui/examples/heap/list_ghost/ArrayList_get_dep.key.proof 
36277      DEBUG main            d.u.i.k.p.i.AbstractProblemLoader Environment load took 556.71ns 
36280      INFO  main            d.u.i.k.p.i.AbstractProblemLoader Creating init config 
38954      DEBUG main            d.u.i.k.p.i.AbstractProblemLoader Init config took 2.67s 
39011      INFO  main            d.u.i.k.p.i.AbstractProblemLoader Replaying proof ArrayList[List::get(int)].JML accessible clause.0 
39084      DEBUG main            d.u.i.k.p.i.IntermediateProofReplayer Proof replay took 66.05ms 
39086      DEBUG main            d.u.i.k.p.r.p.TestFile    ... success: reloaded. 
39087      INFO  main            d.u.i.k.p.r.p.TestFile    Now processing file /home/runner/work/key/key/key.core/../key.ui/examples/heap/list_ghost/ArrayList_get_exceptional.key 
39087      INFO  main            d.u.i.k.p.i.AbstractProblemLoader Loading environment from /home/runner/work/key/key/key.core/../key.ui/examples/heap/list_ghost/ArrayList_get_exceptional.key 
39087      DEBUG main            d.u.i.k.p.i.AbstractProblemLoader Environment load took 125.5ns 
39088      INFO  main            d.u.i.k.p.i.AbstractProblemLoader Creating init config 
41822      DEBUG main            d.u.i.k.p.i.AbstractProblemLoader Init config took 2.73s 
41869      INFO  main            d.u.i.k.p.i.AbstractProblemLoader Replaying proof ArrayList[List::get(int)].JML exceptional_behavior operation contract.0 
41870      DEBUG main            d.u.i.k.p.i.IntermediateProofReplayer Proof replay took 8.7ns 
42686      INFO  main            d.u.i.k.p.r.p.TestFile    ... finished proof: closed. 
42858      INFO  main            d.u.i.k.p.i.AbstractProblemLoader Loading environment from /home/runner/work/key/key/key.core/../key.ui/examples/heap/list_ghost/ArrayList_get_exceptional.key.proof 
42859      DEBUG main            d.u.i.k.p.i.AbstractProblemLoader Environment load took 908.32ns 
42860      INFO  main            d.u.i.k.p.i.AbstractProblemLoader Creating init config 
45487      DEBUG main            d.u.i.k.p.i.AbstractProblemLoader Init config took 2.63s 
45540      INFO  main            d.u.i.k.p.i.AbstractProblemLoader Replaying proof ArrayList[List::get(int)].JML exceptional_behavior operation contract.0 
45701      DEBUG main            d.u.i.k.p.i.IntermediateProofReplayer Proof replay took 153.67ms 
45702      DEBUG main            d.u.i.k.p.r.p.TestFile    ... success: reloaded. 
45704      INFO  main            d.u.i.k.p.r.p.TestFile    Now processing file /home/runner/work/key/key/key.core/../key.ui/examples/heap/list_ghost/ArrayList_get_normal.key 
45704      INFO  main            d.u.i.k.p.i.AbstractProblemLoader Loading environment from /home/runner/work/key/key/key.core/../key.ui/examples/heap/list_ghost/ArrayList_get_normal.key 
45704      DEBUG main            d.u.i.k.p.i.AbstractProblemLoader Environment load took 255.7ns 
45705      INFO  main            d.u.i.k.p.i.AbstractProblemLoader Creating init config 
48342      DEBUG main            d.u.i.k.p.i.AbstractProblemLoader Init config took 2.64s 
48387      INFO  main            d.u.i.k.p.i.AbstractProblemLoader Replaying proof ArrayList[List::get(int)].JML normal_behavior operation contract.0 
48389      DEBUG main            d.u.i.k.p.i.IntermediateProofReplayer Proof replay took 7.5ns 
48693      INFO  main            d.u.i.k.p.r.p.TestFile    ... finished proof: closed. 
48875      INFO  main            d.u.i.k.p.i.AbstractProblemLoader Loading environment from /home/runner/work/key/key/key.core/../key.ui/examples/heap/list_ghost/ArrayList_get_normal.key.proof 
48875      DEBUG main            d.u.i.k.p.i.AbstractProblemLoader Environment load took 143.7ns 
48876      INFO  main            d.u.i.k.p.i.AbstractProblemLoader Creating init config 
51494      DEBUG main            d.u.i.k.p.i.AbstractProblemLoader Init config took 2.62s 
51539      INFO  main            d.u.i.k.p.i.AbstractProblemLoader Replaying proof ArrayList[List::get(int)].JML normal_behavior operation contract.0 
51593      DEBUG main            d.u.i.k.p.i.IntermediateProofReplayer Proof replay took 50.65ms 
51594      DEBUG main            d.u.i.k.p.r.p.TestFile    ... success: reloaded. 
51595      INFO  main            d.u.i.k.p.r.p.TestFile    Now processing file /home/runner/work/key/key/key.core/../key.ui/examples/heap/list_ghost/ArrayList_inv.key 
51596      INFO  main            d.u.i.k.p.i.AbstractProblemLoader Loading environment from /home/runner/work/key/key/key.core/../key.ui/examples/heap/list_ghost/ArrayList_inv.key 
51596      DEBUG main            d.u.i.k.p.i.AbstractProblemLoader Environment load took 208.8ns 
51597      INFO  main            d.u.i.k.p.i.AbstractProblemLoader Creating init config 
54272      DEBUG main            d.u.i.k.p.i.AbstractProblemLoader Init config took 2.67s 
54313      INFO  main            d.u.i.k.p.i.AbstractProblemLoader Replaying proof ArrayList[java.lang.Object::<inv>()].JML accessible clause.0 
54315      DEBUG main            d.u.i.k.p.i.IntermediateProofReplayer Proof replay took 7.4ns 
54420      INFO  main            d.u.i.k.p.r.p.TestFile    ... finished proof: closed. 
54617      INFO  main            d.u.i.k.p.i.AbstractProblemLoader Loading environment from /home/runner/work/key/key/key.core/../key.ui/examples/heap/list_ghost/ArrayList_inv.key.proof 
54617      DEBUG main            d.u.i.k.p.i.AbstractProblemLoader Environment load took 143.4ns 
54618      INFO  main            d.u.i.k.p.i.AbstractProblemLoader Creating init config 
57207      DEBUG main            d.u.i.k.p.i.AbstractProblemLoader Init config took 2.59s 
57247      INFO  main            d.u.i.k.p.i.AbstractProblemLoader Replaying proof ArrayList[java.lang.Object::<inv>()].JML accessible clause.0 
57258      DEBUG main            d.u.i.k.p.i.IntermediateProofReplayer Proof replay took 9.26ms 
57259      DEBUG main            d.u.i.k.p.r.p.TestFile    ... success: reloaded. 
57260      INFO  main            d.u.i.k.p.r.p.TestFile    Now processing file /home/runner/work/key/key/key.core/../key.ui/examples/heap/list_ghost/ArrayList_size_dep.key 
57261      INFO  main            d.u.i.k.p.i.AbstractProblemLoader Loading environment from /home/runner/work/key/key/key.core/../key.ui/examples/heap/list_ghost/ArrayList_size_dep.key 
57261      DEBUG main            d.u.i.k.p.i.AbstractProblemLoader Environment load took 110.6ns 
57262      INFO  main            d.u.i.k.p.i.AbstractProblemLoader Creating init config 
59919      DEBUG main            d.u.i.k.p.i.AbstractProblemLoader Init config took 2.66s 
59960      INFO  main            d.u.i.k.p.i.AbstractProblemLoader Replaying proof ArrayList[List::size()].JML accessible clause.0 
59962      DEBUG main            d.u.i.k.p.i.IntermediateProofReplayer Proof replay took 7.7ns 
60066      INFO  main            d.u.i.k.p.r.p.TestFile    ... finished proof: closed. 
60264      INFO  main            d.u.i.k.p.i.AbstractProblemLoader Loading environment from /home/runner/work/key/key/key.core/../key.ui/examples/heap/list_ghost/ArrayList_size_dep.key.proof 
60265      DEBUG main            d.u.i.k.p.i.AbstractProblemLoader Environment load took 140.9ns 
60266      INFO  main            d.u.i.k.p.i.AbstractProblemLoader Creating init config 
62844      DEBUG main            d.u.i.k.p.i.AbstractProblemLoader Init config took 2.58s 
62894      INFO  main            d.u.i.k.p.i.AbstractProblemLoader Replaying proof ArrayList[List::size()].JML accessible clause.0 
62908      DEBUG main            d.u.i.k.p.i.IntermediateProofReplayer Proof replay took 12.31ms 
62909      DEBUG main            d.u.i.k.p.r.p.TestFile    ... success: reloaded. 
62910      INFO  main            d.u.i.k.p.r.p.TestFile    Now processing file /home/runner/work/key/key/key.core/../key.ui/examples/heap/list_ghost/ArrayList_size.key 
62911      INFO  main            d.u.i.k.p.i.AbstractProblemLoader Loading environment from /home/runner/work/key/key/key.core/../key.ui/examples/heap/list_ghost/ArrayList_size.key 
62911      DEBUG main            d.u.i.k.p.i.AbstractProblemLoader Environment load took 110.2ns 
62912      INFO  main            d.u.i.k.p.i.AbstractProblemLoader Creating init config 
65526      DEBUG main            d.u.i.k.p.i.AbstractProblemLoader Init config took 2.61s 
65566      INFO  main            d.u.i.k.p.i.AbstractProblemLoader Replaying proof ArrayList[List::size()].JML normal_behavior operation contract.0 
65567      DEBUG main            d.u.i.k.p.i.IntermediateProofReplayer Proof replay took 6.1ns 
65673      INFO  main            d.u.i.k.p.r.p.TestFile    ... finished proof: closed. 
65861      INFO  main            d.u.i.k.p.i.AbstractProblemLoader Loading environment from /home/runner/work/key/key/key.core/../key.ui/examples/heap/list_ghost/ArrayList_size.key.proof 
65861      DEBUG main            d.u.i.k.p.i.AbstractProblemLoader Environment load took 139.6ns 
65862      INFO  main            d.u.i.k.p.i.AbstractProblemLoader Creating init config 
68418      DEBUG main            d.u.i.k.p.i.AbstractProblemLoader Init config took 2.56s 
68469      INFO  main            d.u.i.k.p.i.AbstractProblemLoader Replaying proof ArrayList[List::size()].JML normal_behavior operation contract.0 
68485      DEBUG main            d.u.i.k.p.i.IntermediateProofReplayer Proof replay took 13.61ms 
68486      DEBUG main            d.u.i.k.p.r.p.TestFile    ... success: reloaded. 
1202195    INFO  Test worker     d.u.i.k.p.r.RunAllProofsTestUnit Returning from test list_ghost 
1202196    INFO  Test worker     d.u.i.k.p.r.RunAllProofsTestUnit Running test list_recursive 
315        INFO  Timeout watchdog d.u.i.k.p.r.p.ForkedTestFileRunner Timeout watcher launched (2000 secs.) 
329        WARN  main            d.u.i.k.s.ProofSettings   The settings in /home/runner/.key/proof-settings.props are *not* read. 
356        INFO  main            d.u.i.k.p.r.p.TestFile    Now processing file /home/runner/work/key/key/key.core/../key.ui/examples/heap/list_recursiveSpec/ListOperationsNonNull_getNextNN_normal_behavior.key 
479        INFO  main            d.u.i.k.p.i.AbstractProblemLoader Loading environment from /home/runner/work/key/key/key.core/../key.ui/examples/heap/list_recursiveSpec/ListOperationsNonNull_getNextNN_normal_behavior.key 
504        DEBUG main            d.u.i.k.p.i.AbstractProblemLoader Environment load took 1.88ms 
734        INFO  main            d.u.i.k.p.i.AbstractProblemLoader Creating init config 
1764       DEBUG main            d.u.i.k.j.TypeConverter   No LDT found for Meta 
1765       DEBUG main            d.u.i.k.j.TypeConverter   No LDT found for Meta 
1768       DEBUG main            d.u.i.k.j.TypeConverter   No LDT found for Meta 
1768       DEBUG main            d.u.i.k.j.TypeConverter   No LDT found for Meta 
3439       DEBUG main            d.u.i.k.j.TypeConverter   No LDT found for JavaBigintExpression 
8816       DEBUG main            d.u.i.k.p.i.AbstractProblemLoader Init config took 8.08s 
8964       INFO  main            d.u.i.k.p.i.AbstractProblemLoader Replaying proof ListOperationsNonNull[ListOperationsNonNull::getNextNN(ListNN,int)].JML normal_behavior operation contract.0 
9001       DEBUG main            d.u.i.k.p.i.IntermediateProofReplayer Proof replay took 32.4ns 
10335      INFO  main            d.u.i.k.p.r.p.TestFile    ... finished proof: closed. 
10490      INFO  main            d.u.i.k.p.i.AbstractProblemLoader Loading environment from /home/runner/work/key/key/key.core/../key.ui/examples/heap/list_recursiveSpec/ListOperationsNonNull_getNextNN_normal_behavior.key.proof 
10490      DEBUG main            d.u.i.k.p.i.AbstractProblemLoader Environment load took 573.21ns 
10493      INFO  main            d.u.i.k.p.i.AbstractProblemLoader Creating init config 
13682      DEBUG main            d.u.i.k.p.i.AbstractProblemLoader Init config took 3.19s 
13777      INFO  main            d.u.i.k.p.i.AbstractProblemLoader Replaying proof ListOperationsNonNull[ListOperationsNonNull::getNextNN(ListNN,int)].JML normal_behavior operation contract.0 
14052      DEBUG main            d.u.i.k.p.i.IntermediateProofReplayer Proof replay took 257.8ms 
14061      DEBUG main            d.u.i.k.p.r.p.TestFile    ... success: reloaded. 
14064      INFO  main            d.u.i.k.p.r.p.TestFile    Now processing file /home/runner/work/key/key/key.core/../key.ui/examples/heap/list_recursiveSpec/ListOperationsNonNull_setValueAt_normal_behavior.key 
14064      INFO  main            d.u.i.k.p.i.AbstractProblemLoader Loading environment from /home/runner/work/key/key/key.core/../key.ui/examples/heap/list_recursiveSpec/ListOperationsNonNull_setValueAt_normal_behavior.key 
14065      DEBUG main            d.u.i.k.p.i.AbstractProblemLoader Environment load took 152.8ns 
14069      INFO  main            d.u.i.k.p.i.AbstractProblemLoader Creating init config 
17003      DEBUG main            d.u.i.k.p.i.AbstractProblemLoader Init config took 2.93s 
17070      INFO  main            d.u.i.k.p.i.AbstractProblemLoader Replaying proof ListOperationsNonNull[ListOperationsNonNull::setValueAt_NN(ListNN,int,int)].JML normal_behavior operation contract.0 
17072      DEBUG main            d.u.i.k.p.i.IntermediateProofReplayer Proof replay took 7.5ns 
17099      DEBUG main            d.u.i.k.m.s.ProofScriptEngine 1: 'macro autopilot' 
19552      DEBUG main            d.u.i.k.m.s.ProofScriptEngine 2: 'macro simp-upd' 
19560      DEBUG main            d.u.i.k.m.s.ProofScriptEngine 3: 'rule observerDependencyEQ' 
19582      DEBUG main            d.u.i.k.m.s.ProofScriptEngine 4: 'tryclose' 
19613      INFO  main            d.u.i.k.p.r.p.TestFile    ... finished proof: closed. 
19773      INFO  main            d.u.i.k.p.i.AbstractProblemLoader Loading environment from /home/runner/work/key/key/key.core/../key.ui/examples/heap/list_recursiveSpec/ListOperationsNonNull_setValueAt_normal_behavior.key.proof 
19775      DEBUG main            d.u.i.k.p.i.AbstractProblemLoader Environment load took 1.55ms 
19779      INFO  main            d.u.i.k.p.i.AbstractProblemLoader Creating init config 
22567      DEBUG main            d.u.i.k.p.i.AbstractProblemLoader Init config took 2.79s 
22626      INFO  main            d.u.i.k.p.i.AbstractProblemLoader Replaying proof ListOperationsNonNull[ListOperationsNonNull::setValueAt_NN(ListNN,int,int)].JML normal_behavior operation contract.0 
22755      DEBUG main            d.u.i.k.p.i.IntermediateProofReplayer Proof replay took 123.59ms 
22757      DEBUG main            d.u.i.k.p.r.p.TestFile    ... success: reloaded. 
1225128    INFO  Test worker     d.u.i.k.p.r.RunAllProofsTestUnit Returning from test list_recursive 
1225129    INFO  Test worker     d.u.i.k.p.r.RunAllProofsTestUnit Running test list_seq 
336        INFO  Timeout watchdog d.u.i.k.p.r.p.ForkedTestFileRunner Timeout watcher launched (2000 secs.) 
345        WARN  main            d.u.i.k.s.ProofSettings   The settings in /home/runner/.key/proof-settings.props are *not* read. 
375        INFO  main            d.u.i.k.p.r.p.TestFile    Now processing file /home/runner/work/key/key/key.core/../key.ui/examples/heap/list_seq/SimplifiedLinkedList.remove.key 
485        INFO  main            d.u.i.k.p.i.AbstractProblemLoader Loading environment from /home/runner/work/key/key/key.core/../key.ui/examples/heap/list_seq/SimplifiedLinkedList.remove.key 
502        DEBUG main            d.u.i.k.p.i.AbstractProblemLoader Environment load took 2.5ms 
723        INFO  main            d.u.i.k.p.i.AbstractProblemLoader Creating init config 
1619       DEBUG main            d.u.i.k.j.TypeConverter   No LDT found for Meta 
1620       DEBUG main            d.u.i.k.j.TypeConverter   No LDT found for Meta 
1624       DEBUG main            d.u.i.k.j.TypeConverter   No LDT found for Meta 
1625       DEBUG main            d.u.i.k.j.TypeConverter   No LDT found for Meta 
3223       DEBUG main            d.u.i.k.j.TypeConverter   No LDT found for JavaBigintExpression 
9114       DEBUG main            d.u.i.k.p.i.AbstractProblemLoader Init config took 8.39s 
9378       INFO  main            d.u.i.k.p.i.AbstractProblemLoader Replaying proof SimplifiedLinkedList[SimplifiedLinkedList::remove(int)].JML normal_behavior operation contract.0 
9455       DEBUG main            d.u.i.k.p.i.IntermediateProofReplayer Proof replay took 41.8ns 
105576     INFO  main            d.u.i.k.p.r.p.TestFile    ... finished proof: closed. 
105995     INFO  main            d.u.i.k.p.i.AbstractProblemLoader Loading environment from /home/runner/work/key/key/key.core/../key.ui/examples/heap/list_seq/SimplifiedLinkedList.remove.key.proof 
105996     DEBUG main            d.u.i.k.p.i.AbstractProblemLoader Environment load took 617.01ns 
106009     INFO  main            d.u.i.k.p.i.AbstractProblemLoader Creating init config 
109027     DEBUG main            d.u.i.k.p.i.AbstractProblemLoader Init config took 3.02s 
109127     INFO  main            d.u.i.k.p.i.AbstractProblemLoader Replaying proof SimplifiedLinkedList[SimplifiedLinkedList::remove(int)].JML normal_behavior operation contract.0 
113561     DEBUG main            d.u.i.k.p.i.IntermediateProofReplayer Proof replay took 4.18s 
113580     DEBUG main            d.u.i.k.p.r.p.TestFile    ... success: reloaded. 
113582     INFO  main            d.u.i.k.p.r.p.TestFile    Now processing file /home/runner/work/key/key/key.core/../key.ui/examples/heap/list_seq/ArrayList.ArrayList.key 
113583     INFO  main            d.u.i.k.p.i.AbstractProblemLoader Loading environment from /home/runner/work/key/key/key.core/../key.ui/examples/heap/list_seq/ArrayList.ArrayList.key 
113583     DEBUG main            d.u.i.k.p.i.AbstractProblemLoader Environment load took 258.3ns 
113585     INFO  main            d.u.i.k.p.i.AbstractProblemLoader Creating init config 
116644     DEBUG main            d.u.i.k.p.i.AbstractProblemLoader Init config took 3.06s 
116742     INFO  main            d.u.i.k.p.i.AbstractProblemLoader Replaying proof ArrayList[ArrayList::ArrayList()].JML normal_behavior operation contract.0 
116746     DEBUG main            d.u.i.k.p.i.IntermediateProofReplayer Proof replay took 7.3ns 
117653     INFO  main            d.u.i.k.p.r.p.TestFile    ... finished proof: closed. 
117896     INFO  main            d.u.i.k.p.i.AbstractProblemLoader Loading environment from /home/runner/work/key/key/key.core/../key.ui/examples/heap/list_seq/ArrayList.ArrayList.key.proof 
117898     DEBUG main            d.u.i.k.p.i.AbstractProblemLoader Environment load took 1.91ms 
117901     INFO  main            d.u.i.k.p.i.AbstractProblemLoader Creating init config 
120823     DEBUG main            d.u.i.k.p.i.AbstractProblemLoader Init config took 2.92s 
120903     INFO  main            d.u.i.k.p.i.AbstractProblemLoader Replaying proof ArrayList[ArrayList::ArrayList()].JML normal_behavior operation contract.0 
121045     DEBUG main            d.u.i.k.p.i.IntermediateProofReplayer Proof replay took 136.09ms 
121046     DEBUG main            d.u.i.k.p.r.p.TestFile    ... success: reloaded. 
121048     INFO  main            d.u.i.k.p.r.p.TestFile    Now processing file /home/runner/work/key/key/key.core/../key.ui/examples/heap/list_seq/ArrayList.add.key 
121048     INFO  main            d.u.i.k.p.i.AbstractProblemLoader Loading environment from /home/runner/work/key/key/key.core/../key.ui/examples/heap/list_seq/ArrayList.add.key 
121048     DEBUG main            d.u.i.k.p.i.AbstractProblemLoader Environment load took 285.2ns 
121050     INFO  main            d.u.i.k.p.i.AbstractProblemLoader Creating init config 
123976     DEBUG main            d.u.i.k.p.i.AbstractProblemLoader Init config took 2.93s 
124060     INFO  main            d.u.i.k.p.i.AbstractProblemLoader Replaying proof ArrayList[List::add(java.lang.Object)].JML normal_behavior operation contract.0 
124062     DEBUG main            d.u.i.k.p.i.IntermediateProofReplayer Proof replay took 6.1ns 
127771     INFO  main            d.u.i.k.p.r.p.TestFile    ... finished proof: closed. 
127964     INFO  main            d.u.i.k.p.i.AbstractProblemLoader Loading environment from /home/runner/work/key/key/key.core/../key.ui/examples/heap/list_seq/ArrayList.add.key.proof 
127965     DEBUG main            d.u.i.k.p.i.AbstractProblemLoader Environment load took 556.41ns 
127970     INFO  main            d.u.i.k.p.i.AbstractProblemLoader Creating init config 
130844     DEBUG main            d.u.i.k.p.i.AbstractProblemLoader Init config took 2.87s 
130923     INFO  main            d.u.i.k.p.i.AbstractProblemLoader Replaying proof ArrayList[List::add(java.lang.Object)].JML normal_behavior operation contract.0 
131407     DEBUG main            d.u.i.k.p.i.IntermediateProofReplayer Proof replay took 468.9ms 
131408     DEBUG main            d.u.i.k.p.r.p.TestFile    ... success: reloaded. 
131411     INFO  main            d.u.i.k.p.r.p.TestFile    Now processing file /home/runner/work/key/key/key.core/../key.ui/examples/heap/list_seq/ArrayList.contains.key 
131411     INFO  main            d.u.i.k.p.i.AbstractProblemLoader Loading environment from /home/runner/work/key/key/key.core/../key.ui/examples/heap/list_seq/ArrayList.contains.key 
131411     DEBUG main            d.u.i.k.p.i.AbstractProblemLoader Environment load took 297.31ns 
131412     INFO  main            d.u.i.k.p.i.AbstractProblemLoader Creating init config 
134371     DEBUG main            d.u.i.k.p.i.AbstractProblemLoader Init config took 2.96s 
134450     INFO  main            d.u.i.k.p.i.AbstractProblemLoader Replaying proof ArrayList[List::contains(java.lang.Object)].JML normal_behavior operation contract.0 
134451     DEBUG main            d.u.i.k.p.i.IntermediateProofReplayer Proof replay took 7.4ns 
136157     INFO  main            d.u.i.k.p.r.p.TestFile    ... finished proof: closed. 
136351     INFO  main            d.u.i.k.p.i.AbstractProblemLoader Loading environment from /home/runner/work/key/key/key.core/../key.ui/examples/heap/list_seq/ArrayList.contains.key.proof 
136351     DEBUG main            d.u.i.k.p.i.AbstractProblemLoader Environment load took 248.7ns 
136353     INFO  main            d.u.i.k.p.i.AbstractProblemLoader Creating init config 
139211     DEBUG main            d.u.i.k.p.i.AbstractProblemLoader Init config took 2.86s 
139294     INFO  main            d.u.i.k.p.i.AbstractProblemLoader Replaying proof ArrayList[List::contains(java.lang.Object)].JML normal_behavior operation contract.0 
139568     DEBUG main            d.u.i.k.p.i.IntermediateProofReplayer Proof replay took 267.13ms 
139570     DEBUG main            d.u.i.k.p.r.p.TestFile    ... success: reloaded. 
139571     INFO  main            d.u.i.k.p.r.p.TestFile    Now processing file /home/runner/work/key/key/key.core/../key.ui/examples/heap/list_seq/ArrayList.enlarge.key 
139572     INFO  main            d.u.i.k.p.i.AbstractProblemLoader Loading environment from /home/runner/work/key/key/key.core/../key.ui/examples/heap/list_seq/ArrayList.enlarge.key 
139572     DEBUG main            d.u.i.k.p.i.AbstractProblemLoader Environment load took 259.1ns 
139573     INFO  main            d.u.i.k.p.i.AbstractProblemLoader Creating init config 
142459     DEBUG main            d.u.i.k.p.i.AbstractProblemLoader Init config took 2.89s 
142540     INFO  main            d.u.i.k.p.i.AbstractProblemLoader Replaying proof ArrayList[ArrayList::enlarge()].JML normal_behavior operation contract.0 
142542     DEBUG main            d.u.i.k.p.i.IntermediateProofReplayer Proof replay took 5.8ns 
144763     INFO  main            d.u.i.k.p.r.p.TestFile    ... finished proof: closed. 
145004     INFO  main            d.u.i.k.p.i.AbstractProblemLoader Loading environment from /home/runner/work/key/key/key.core/../key.ui/examples/heap/list_seq/ArrayList.enlarge.key.proof 
145004     DEBUG main            d.u.i.k.p.i.AbstractProblemLoader Environment load took 598.81ns 
145006     INFO  main            d.u.i.k.p.i.AbstractProblemLoader Creating init config 
147867     DEBUG main            d.u.i.k.p.i.AbstractProblemLoader Init config took 2.86s 
147962     INFO  main            d.u.i.k.p.i.AbstractProblemLoader Replaying proof ArrayList[ArrayList::enlarge()].JML normal_behavior operation contract.0 
148319     DEBUG main            d.u.i.k.p.i.IntermediateProofReplayer Proof replay took 346.09ms 
148321     DEBUG main            d.u.i.k.p.r.p.TestFile    ... success: reloaded. 
148322     INFO  main            d.u.i.k.p.r.p.TestFile    Now processing file /home/runner/work/key/key/key.core/../key.ui/examples/heap/list_seq/ArrayList.get.key 
148323     INFO  main            d.u.i.k.p.i.AbstractProblemLoader Loading environment from /home/runner/work/key/key/key.core/../key.ui/examples/heap/list_seq/ArrayList.get.key 
148323     DEBUG main            d.u.i.k.p.i.AbstractProblemLoader Environment load took 257.1ns 
148324     INFO  main            d.u.i.k.p.i.AbstractProblemLoader Creating init config 
151164     DEBUG main            d.u.i.k.p.i.AbstractProblemLoader Init config took 2.84s 
151275     INFO  main            d.u.i.k.p.i.AbstractProblemLoader Replaying proof ArrayList[List::get(int)].JML normal_behavior operation contract.0 
151276     DEBUG main            d.u.i.k.p.i.IntermediateProofReplayer Proof replay took 7.5ns 
151880     INFO  main            d.u.i.k.p.r.p.TestFile    ... finished proof: closed. 
152096     INFO  main            d.u.i.k.p.i.AbstractProblemLoader Loading environment from /home/runner/work/key/key/key.core/../key.ui/examples/heap/list_seq/ArrayList.get.key.proof 
152097     DEBUG main            d.u.i.k.p.i.AbstractProblemLoader Environment load took 574.51ns 
152098     INFO  main            d.u.i.k.p.i.AbstractProblemLoader Creating init config 
154928     DEBUG main            d.u.i.k.p.i.AbstractProblemLoader Init config took 2.83s 
155003     INFO  main            d.u.i.k.p.i.AbstractProblemLoader Replaying proof ArrayList[List::get(int)].JML normal_behavior operation contract.0 
155069     DEBUG main            d.u.i.k.p.i.IntermediateProofReplayer Proof replay took 62.44ms 
155070     DEBUG main            d.u.i.k.p.r.p.TestFile    ... success: reloaded. 
155071     INFO  main            d.u.i.k.p.r.p.TestFile    Now processing file /home/runner/work/key/key/key.core/../key.ui/examples/heap/list_seq/ArrayList.newArray.key 
155071     INFO  main            d.u.i.k.p.i.AbstractProblemLoader Loading environment from /home/runner/work/key/key/key.core/../key.ui/examples/heap/list_seq/ArrayList.newArray.key 
155071     DEBUG main            d.u.i.k.p.i.AbstractProblemLoader Environment load took 128ns 
155072     INFO  main            d.u.i.k.p.i.AbstractProblemLoader Creating init config 
157922     DEBUG main            d.u.i.k.p.i.AbstractProblemLoader Init config took 2.85s 
158010     INFO  main            d.u.i.k.p.i.AbstractProblemLoader Replaying proof ArrayList[ArrayList::newArray(int)].JML normal_behavior operation contract.0 
158011     DEBUG main            d.u.i.k.p.i.IntermediateProofReplayer Proof replay took 6.9ns 
158315     INFO  main            d.u.i.k.p.r.p.TestFile    ... finished proof: closed. 
158528     INFO  main            d.u.i.k.p.i.AbstractProblemLoader Loading environment from /home/runner/work/key/key/key.core/../key.ui/examples/heap/list_seq/ArrayList.newArray.key.proof 
158528     DEBUG main            d.u.i.k.p.i.AbstractProblemLoader Environment load took 166.6ns 
158530     INFO  main            d.u.i.k.p.i.AbstractProblemLoader Creating init config 
161338     DEBUG main            d.u.i.k.p.i.AbstractProblemLoader Init config took 2.81s 
161411     INFO  main            d.u.i.k.p.i.AbstractProblemLoader Replaying proof ArrayList[ArrayList::newArray(int)].JML normal_behavior operation contract.0 
161465     DEBUG main            d.u.i.k.p.i.IntermediateProofReplayer Proof replay took 50.73ms 
161466     DEBUG main            d.u.i.k.p.r.p.TestFile    ... success: reloaded. 
161467     INFO  main            d.u.i.k.p.r.p.TestFile    Now processing file /home/runner/work/key/key/key.core/../key.ui/examples/heap/list_seq/ArrayList.remove.0.key 
161467     INFO  main            d.u.i.k.p.i.AbstractProblemLoader Loading environment from /home/runner/work/key/key/key.core/../key.ui/examples/heap/list_seq/ArrayList.remove.0.key 
161467     DEBUG main            d.u.i.k.p.i.AbstractProblemLoader Environment load took 112.1ns 
161468     INFO  main            d.u.i.k.p.i.AbstractProblemLoader Creating init config 
164337     DEBUG main            d.u.i.k.p.i.AbstractProblemLoader Init config took 2.87s 
164426     INFO  main            d.u.i.k.p.i.AbstractProblemLoader Replaying proof ArrayList[List::remove(java.lang.Object)].JML normal_behavior operation contract.0 
164427     DEBUG main            d.u.i.k.p.i.IntermediateProofReplayer Proof replay took 7.7ns 
166557     INFO  main            d.u.i.k.p.r.p.TestFile    ... finished proof: closed. 
166781     INFO  main            d.u.i.k.p.i.AbstractProblemLoader Loading environment from /home/runner/work/key/key/key.core/../key.ui/examples/heap/list_seq/ArrayList.remove.0.key.proof 
166782     DEBUG main            d.u.i.k.p.i.AbstractProblemLoader Environment load took 647.61ns 
166783     INFO  main            d.u.i.k.p.i.AbstractProblemLoader Creating init config 
169569     DEBUG main            d.u.i.k.p.i.AbstractProblemLoader Init config took 2.79s 
169663     INFO  main            d.u.i.k.p.i.AbstractProblemLoader Replaying proof ArrayList[List::remove(java.lang.Object)].JML normal_behavior operation contract.0 
170169     DEBUG main            d.u.i.k.p.i.IntermediateProofReplayer Proof replay took 492.78ms 
170171     DEBUG main            d.u.i.k.p.r.p.TestFile    ... success: reloaded. 
170174     INFO  main            d.u.i.k.p.r.p.TestFile    Now processing file /home/runner/work/key/key/key.core/../key.ui/examples/heap/list_seq/ArrayList.remove.1.key 
170176     INFO  main            d.u.i.k.p.i.AbstractProblemLoader Loading environment from /home/runner/work/key/key/key.core/../key.ui/examples/heap/list_seq/ArrayList.remove.1.key 
170176     DEBUG main            d.u.i.k.p.i.AbstractProblemLoader Environment load took 507.21ns 
170177     INFO  main            d.u.i.k.p.i.AbstractProblemLoader Creating init config 
173086     DEBUG main            d.u.i.k.p.i.AbstractProblemLoader Init config took 2.91s 
173158     INFO  main            d.u.i.k.p.i.AbstractProblemLoader Replaying proof ArrayList[List::remove(java.lang.Object)].JML normal_behavior operation contract.1 
173160     DEBUG main            d.u.i.k.p.i.IntermediateProofReplayer Proof replay took 4.9ns 
185487     INFO  main            d.u.i.k.p.r.p.TestFile    ... finished proof: closed. 
185767     INFO  main            d.u.i.k.p.i.AbstractProblemLoader Loading environment from /home/runner/work/key/key/key.core/../key.ui/examples/heap/list_seq/ArrayList.remove.1.key.proof 
185767     DEBUG main            d.u.i.k.p.i.AbstractProblemLoader Environment load took 570.91ns 
185770     INFO  main            d.u.i.k.p.i.AbstractProblemLoader Creating init config 
188523     DEBUG main            d.u.i.k.p.i.AbstractProblemLoader Init config took 2.75s 
188608     INFO  main            d.u.i.k.p.i.AbstractProblemLoader Replaying proof ArrayList[List::remove(java.lang.Object)].JML normal_behavior operation contract.1 
190054     DEBUG main            d.u.i.k.p.i.IntermediateProofReplayer Proof replay took 1.41s 
190057     DEBUG main            d.u.i.k.p.r.p.TestFile    ... success: reloaded. 
1415402    INFO  Test worker     d.u.i.k.p.r.RunAllProofsTestUnit Returning from test list_seq 
1415406    INFO  Test worker     d.u.i.k.p.r.RunAllProofsTestUnit Running test observer 
373        INFO  Timeout watchdog d.u.i.k.p.r.p.ForkedTestFileRunner Timeout watcher launched (2000 secs.) 
376        WARN  main            d.u.i.k.s.ProofSettings   The settings in /home/runner/.key/proof-settings.props are *not* read. 
416        INFO  main            d.u.i.k.p.r.p.TestFile    Now processing file /home/runner/work/key/key/key.core/../key.ui/examples/heap/observer/ExampleObserver_ExampleObserver.key 
547        INFO  main            d.u.i.k.p.i.AbstractProblemLoader Loading environment from /home/runner/work/key/key/key.core/../key.ui/examples/heap/observer/ExampleObserver_ExampleObserver.key 
563        DEBUG main            d.u.i.k.p.i.AbstractProblemLoader Environment load took 2.31ms 
784        INFO  main            d.u.i.k.p.i.AbstractProblemLoader Creating init config 
1709       DEBUG main            d.u.i.k.j.TypeConverter   No LDT found for Meta 
1713       DEBUG main            d.u.i.k.j.TypeConverter   No LDT found for Meta 
1715       DEBUG main            d.u.i.k.j.TypeConverter   No LDT found for Meta 
1716       DEBUG main            d.u.i.k.j.TypeConverter   No LDT found for Meta 
3022       DEBUG main            d.u.i.k.j.TypeConverter   No LDT found for JavaBigintExpression 
8443       DEBUG main            d.u.i.k.p.i.AbstractProblemLoader Init config took 7.66s 
8629       INFO  main            d.u.i.k.p.i.AbstractProblemLoader Replaying proof ExampleObserver[ExampleObserver::ExampleObserver(ExampleSubject)].JML normal_behavior operation contract.0 
8669       DEBUG main            d.u.i.k.p.i.IntermediateProofReplayer Proof replay took 37ns 
9640       INFO  main            d.u.i.k.p.r.p.TestFile    ... finished proof: closed. 
9771       INFO  main            d.u.i.k.p.i.AbstractProblemLoader Loading environment from /home/runner/work/key/key/key.core/../key.ui/examples/heap/observer/ExampleObserver_ExampleObserver.key.proof 
9772       DEBUG main            d.u.i.k.p.i.AbstractProblemLoader Environment load took 257.5ns 
9774       INFO  main            d.u.i.k.p.i.AbstractProblemLoader Creating init config 
12710      DEBUG main            d.u.i.k.p.i.AbstractProblemLoader Init config took 2.94s 
12778      INFO  main            d.u.i.k.p.i.AbstractProblemLoader Replaying proof ExampleObserver[ExampleObserver::ExampleObserver(ExampleSubject)].JML normal_behavior operation contract.0 
12889      DEBUG main            d.u.i.k.p.i.IntermediateProofReplayer Proof replay took 103.44ms 
12898      DEBUG main            d.u.i.k.p.r.p.TestFile    ... success: reloaded. 
12900      INFO  main            d.u.i.k.p.r.p.TestFile    Now processing file /home/runner/work/key/key/key.core/../key.ui/examples/heap/observer/ExampleObserver_inv.key 
12901      INFO  main            d.u.i.k.p.i.AbstractProblemLoader Loading environment from /home/runner/work/key/key/key.core/../key.ui/examples/heap/observer/ExampleObserver_inv.key 
12901      DEBUG main            d.u.i.k.p.i.AbstractProblemLoader Environment load took 255ns 
12903      INFO  main            d.u.i.k.p.i.AbstractProblemLoader Creating init config 
15800      DEBUG main            d.u.i.k.p.i.AbstractProblemLoader Init config took 2.9s 
15863      INFO  main            d.u.i.k.p.i.AbstractProblemLoader Replaying proof ExampleObserver[java.lang.Object::<inv>()].JML accessible clause.0 
15866      DEBUG main            d.u.i.k.p.i.IntermediateProofReplayer Proof replay took 7ns 
15969      INFO  main            d.u.i.k.p.r.p.TestFile    ... finished proof: closed. 
16111      INFO  main            d.u.i.k.p.i.AbstractProblemLoader Loading environment from /home/runner/work/key/key/key.core/../key.ui/examples/heap/observer/ExampleObserver_inv.key.proof 
16112      DEBUG main            d.u.i.k.p.i.AbstractProblemLoader Environment load took 142.4ns 
16113      INFO  main            d.u.i.k.p.i.AbstractProblemLoader Creating init config 
18848      DEBUG main            d.u.i.k.p.i.AbstractProblemLoader Init config took 2.74s 
18920      INFO  main            d.u.i.k.p.i.AbstractProblemLoader Replaying proof ExampleObserver[java.lang.Object::<inv>()].JML accessible clause.0 
18939      DEBUG main            d.u.i.k.p.i.IntermediateProofReplayer Proof replay took 15.8ms 
18941      DEBUG main            d.u.i.k.p.r.p.TestFile    ... success: reloaded. 
18942      INFO  main            d.u.i.k.p.r.p.TestFile    Now processing file /home/runner/work/key/key/key.core/../key.ui/examples/heap/observer/ExampleObserver_subject.key 
18943      INFO  main            d.u.i.k.p.i.AbstractProblemLoader Loading environment from /home/runner/work/key/key/key.core/../key.ui/examples/heap/observer/ExampleObserver_subject.key 
18943      DEBUG main            d.u.i.k.p.i.AbstractProblemLoader Environment load took 249.5ns 
18945      INFO  main            d.u.i.k.p.i.AbstractProblemLoader Creating init config 
21725      DEBUG main            d.u.i.k.p.i.AbstractProblemLoader Init config took 2.78s 
21777      INFO  main            d.u.i.k.p.i.AbstractProblemLoader Replaying proof Observer[Observer::$subject()].JML accessible clause.0 
21780      DEBUG main            d.u.i.k.p.i.IntermediateProofReplayer Proof replay took 7.9ns 
21882      INFO  main            d.u.i.k.p.r.p.TestFile    ... finished proof: closed. 
22034      INFO  main            d.u.i.k.p.i.AbstractProblemLoader Loading environment from /home/runner/work/key/key/key.core/../key.ui/examples/heap/observer/ExampleObserver_subject.key.proof 
22034      DEBUG main            d.u.i.k.p.i.AbstractProblemLoader Environment load took 142.9ns 
22036      INFO  main            d.u.i.k.p.i.AbstractProblemLoader Creating init config 
24722      DEBUG main            d.u.i.k.p.i.AbstractProblemLoader Init config took 2.69s 
24771      INFO  main            d.u.i.k.p.i.AbstractProblemLoader Replaying proof Observer[Observer::$subject()].JML accessible clause.0 
24776      DEBUG main            d.u.i.k.p.i.IntermediateProofReplayer Proof replay took 2.13ms 
24777      DEBUG main            d.u.i.k.p.r.p.TestFile    ... success: reloaded. 
24778      INFO  main            d.u.i.k.p.r.p.TestFile    Now processing file /home/runner/work/key/key/key.core/../key.ui/examples/heap/observer/ExampleObserver_update.key 
24779      INFO  main            d.u.i.k.p.i.AbstractProblemLoader Loading environment from /home/runner/work/key/key/key.core/../key.ui/examples/heap/observer/ExampleObserver_update.key 
24779      DEBUG main            d.u.i.k.p.i.AbstractProblemLoader Environment load took 166.8ns 
24780      INFO  main            d.u.i.k.p.i.AbstractProblemLoader Creating init config 
27531      DEBUG main            d.u.i.k.p.i.AbstractProblemLoader Init config took 2.75s 
27597      INFO  main            d.u.i.k.p.i.AbstractProblemLoader Replaying proof ExampleObserver[Observer::update()].JML normal_behavior operation contract.0 
27600      DEBUG main            d.u.i.k.p.i.IntermediateProofReplayer Proof replay took 7.5ns 
28004      INFO  main            d.u.i.k.p.r.p.TestFile    ... finished proof: closed. 
28181      INFO  main            d.u.i.k.p.i.AbstractProblemLoader Loading environment from /home/runner/work/key/key/key.core/../key.ui/examples/heap/observer/ExampleObserver_update.key.proof 
28182      DEBUG main            d.u.i.k.p.i.AbstractProblemLoader Environment load took 778.71ns 
28184      INFO  main            d.u.i.k.p.i.AbstractProblemLoader Creating init config 
30890      DEBUG main            d.u.i.k.p.i.AbstractProblemLoader Init config took 2.71s 
30939      INFO  main            d.u.i.k.p.i.AbstractProblemLoader Replaying proof ExampleObserver[Observer::update()].JML normal_behavior operation contract.0 
31008      DEBUG main            d.u.i.k.p.i.IntermediateProofReplayer Proof replay took 64.94ms 
31010      DEBUG main            d.u.i.k.p.r.p.TestFile    ... success: reloaded. 
31011      INFO  main            d.u.i.k.p.r.p.TestFile    Now processing file /home/runner/work/key/key/key.core/../key.ui/examples/heap/observer/ExampleObserver_upToDate.key 
31012      INFO  main            d.u.i.k.p.i.AbstractProblemLoader Loading environment from /home/runner/work/key/key/key.core/../key.ui/examples/heap/observer/ExampleObserver_upToDate.key 
31012      DEBUG main            d.u.i.k.p.i.AbstractProblemLoader Environment load took 237.1ns 
31018      INFO  main            d.u.i.k.p.i.AbstractProblemLoader Creating init config 
33749      DEBUG main            d.u.i.k.p.i.AbstractProblemLoader Init config took 2.73s 
33796      INFO  main            d.u.i.k.p.i.AbstractProblemLoader Replaying proof ExampleObserver[Observer::$upToDate()].JML accessible clause.0 
33803      DEBUG main            d.u.i.k.p.i.IntermediateProofReplayer Proof replay took 8.2ns 
34006      INFO  main            d.u.i.k.p.r.p.TestFile    ... finished proof: closed. 
34174      INFO  main            d.u.i.k.p.i.AbstractProblemLoader Loading environment from /home/runner/work/key/key/key.core/../key.ui/examples/heap/observer/ExampleObserver_upToDate.key.proof 
34176      DEBUG main            d.u.i.k.p.i.AbstractProblemLoader Environment load took 1.86ms 
34177      INFO  main            d.u.i.k.p.i.AbstractProblemLoader Creating init config 
36891      DEBUG main            d.u.i.k.p.i.AbstractProblemLoader Init config took 2.71s 
36954      INFO  main            d.u.i.k.p.i.AbstractProblemLoader Replaying proof ExampleObserver[Observer::$upToDate()].JML accessible clause.0 
36977      DEBUG main            d.u.i.k.p.i.IntermediateProofReplayer Proof replay took 20.27ms 
36979      DEBUG main            d.u.i.k.p.r.p.TestFile    ... success: reloaded. 
36980      INFO  main            d.u.i.k.p.r.p.TestFile    Now processing file /home/runner/work/key/key/key.core/../key.ui/examples/heap/observer/ExampleObserver_value.key 
36981      INFO  main            d.u.i.k.p.i.AbstractProblemLoader Loading environment from /home/runner/work/key/key/key.core/../key.ui/examples/heap/observer/ExampleObserver_value.key 
36981      DEBUG main            d.u.i.k.p.i.AbstractProblemLoader Environment load took 244.3ns 
36983      INFO  main            d.u.i.k.p.i.AbstractProblemLoader Creating init config 
39651      DEBUG main            d.u.i.k.p.i.AbstractProblemLoader Init config took 2.67s 
39697      INFO  main            d.u.i.k.p.i.AbstractProblemLoader Replaying proof ExampleObserver[ExampleObserver::value()].JML normal_behavior operation contract.0 
39700      DEBUG main            d.u.i.k.p.i.IntermediateProofReplayer Proof replay took 8.3ns 
39806      INFO  main            d.u.i.k.p.r.p.TestFile    ... finished proof: closed. 
39985      INFO  main            d.u.i.k.p.i.AbstractProblemLoader Loading environment from /home/runner/work/key/key/key.core/../key.ui/examples/heap/observer/ExampleObserver_value.key.proof 
39985      DEBUG main            d.u.i.k.p.i.AbstractProblemLoader Environment load took 139.8ns 
39986      INFO  main            d.u.i.k.p.i.AbstractProblemLoader Creating init config 
42608      DEBUG main            d.u.i.k.p.i.AbstractProblemLoader Init config took 2.62s 
42655      INFO  main            d.u.i.k.p.i.AbstractProblemLoader Replaying proof ExampleObserver[ExampleObserver::value()].JML normal_behavior operation contract.0 
42676      DEBUG main            d.u.i.k.p.i.IntermediateProofReplayer Proof replay took 18.76ms 
42678      DEBUG main            d.u.i.k.p.r.p.TestFile    ... success: reloaded. 
42679      INFO  main            d.u.i.k.p.r.p.TestFile    Now processing file /home/runner/work/key/key/key.core/../key.ui/examples/heap/observer/ExampleSubject_addObserver.key 
42680      INFO  main            d.u.i.k.p.i.AbstractProblemLoader Loading environment from /home/runner/work/key/key/key.core/../key.ui/examples/heap/observer/ExampleSubject_addObserver.key 
42680      DEBUG main            d.u.i.k.p.i.AbstractProblemLoader Environment load took 222ns 
42681      INFO  main            d.u.i.k.p.i.AbstractProblemLoader Creating init config 
45333      DEBUG main            d.u.i.k.p.i.AbstractProblemLoader Init config took 2.65s 
45381      INFO  main            d.u.i.k.p.i.AbstractProblemLoader Replaying proof ExampleSubject[Subject::addObserver(Observer)].JML normal_behavior operation contract.0 
45383      DEBUG main            d.u.i.k.p.i.IntermediateProofReplayer Proof replay took 5.8ns 
51138      INFO  main            d.u.i.k.p.r.p.TestFile    ... finished proof: closed. 
51368      INFO  main            d.u.i.k.p.i.AbstractProblemLoader Loading environment from /home/runner/work/key/key/key.core/../key.ui/examples/heap/observer/ExampleSubject_addObserver.key.proof 
51369      DEBUG main            d.u.i.k.p.i.AbstractProblemLoader Environment load took 545.01ns 
51371      INFO  main            d.u.i.k.p.i.AbstractProblemLoader Creating init config 
53997      DEBUG main            d.u.i.k.p.i.AbstractProblemLoader Init config took 2.63s 
54052      INFO  main            d.u.i.k.p.i.AbstractProblemLoader Replaying proof ExampleSubject[Subject::addObserver(Observer)].JML normal_behavior operation contract.0 
54801      DEBUG main            d.u.i.k.p.i.IntermediateProofReplayer Proof replay took 723.61ms 
54803      DEBUG main            d.u.i.k.p.r.p.TestFile    ... success: reloaded. 
54805      INFO  main            d.u.i.k.p.r.p.TestFile    Now processing file /home/runner/work/key/key/key.core/../key.ui/examples/heap/observer/ExampleSubject_change.key 
54805      INFO  main            d.u.i.k.p.i.AbstractProblemLoader Loading environment from /home/runner/work/key/key/key.core/../key.ui/examples/heap/observer/ExampleSubject_change.key 
54805      DEBUG main            d.u.i.k.p.i.AbstractProblemLoader Environment load took 228.9ns 
54806      INFO  main            d.u.i.k.p.i.AbstractProblemLoader Creating init config 
57424      DEBUG main            d.u.i.k.p.i.AbstractProblemLoader Init config took 2.62s 
57469      INFO  main            d.u.i.k.p.i.AbstractProblemLoader Replaying proof ExampleSubject[ExampleSubject::change()].JML normal_behavior operation contract.0 
57471      DEBUG main            d.u.i.k.p.i.IntermediateProofReplayer Proof replay took 6.5ns 
57977      INFO  main            d.u.i.k.p.r.p.TestFile    ... finished proof: closed. 
58195      INFO  main            d.u.i.k.p.i.AbstractProblemLoader Loading environment from /home/runner/work/key/key/key.core/../key.ui/examples/heap/observer/ExampleSubject_change.key.proof 
58196      DEBUG main            d.u.i.k.p.i.AbstractProblemLoader Environment load took 591.31ns 
58198      INFO  main            d.u.i.k.p.i.AbstractProblemLoader Creating init config 
60820      DEBUG main            d.u.i.k.p.i.AbstractProblemLoader Init config took 2.62s 
60868      INFO  main            d.u.i.k.p.i.AbstractProblemLoader Replaying proof ExampleSubject[ExampleSubject::change()].JML normal_behavior operation contract.0 
60962      DEBUG main            d.u.i.k.p.i.IntermediateProofReplayer Proof replay took 89.33ms 
60964      DEBUG main            d.u.i.k.p.r.p.TestFile    ... success: reloaded. 
60966      INFO  main            d.u.i.k.p.r.p.TestFile    Now processing file /home/runner/work/key/key/key.core/../key.ui/examples/heap/observer/ExampleSubject_ExampleSubject.key 
60968      INFO  main            d.u.i.k.p.i.AbstractProblemLoader Loading environment from /home/runner/work/key/key/key.core/../key.ui/examples/heap/observer/ExampleSubject_ExampleSubject.key 
60968      DEBUG main            d.u.i.k.p.i.AbstractProblemLoader Environment load took 141.9ns 
60969      INFO  main            d.u.i.k.p.i.AbstractProblemLoader Creating init config 
63586      DEBUG main            d.u.i.k.p.i.AbstractProblemLoader Init config took 2.62s 
63630      INFO  main            d.u.i.k.p.i.AbstractProblemLoader Replaying proof ExampleSubject[ExampleSubject::ExampleSubject()].JML normal_behavior operation contract.0 
63632      DEBUG main            d.u.i.k.p.i.IntermediateProofReplayer Proof replay took 6.5ns 
64739      INFO  main            d.u.i.k.p.r.p.TestFile    ... finished proof: closed. 
64941      INFO  main            d.u.i.k.p.i.AbstractProblemLoader Loading environment from /home/runner/work/key/key/key.core/../key.ui/examples/heap/observer/ExampleSubject_ExampleSubject.key.proof 
64942      DEBUG main            d.u.i.k.p.i.AbstractProblemLoader Environment load took 888.82ns 
64943      INFO  main            d.u.i.k.p.i.AbstractProblemLoader Creating init config 
67586      DEBUG main            d.u.i.k.p.i.AbstractProblemLoader Init config took 2.64s 
67629      INFO  main            d.u.i.k.p.i.AbstractProblemLoader Replaying proof ExampleSubject[ExampleSubject::ExampleSubject()].JML normal_behavior operation contract.0 
67817      DEBUG main            d.u.i.k.p.i.IntermediateProofReplayer Proof replay took 180.53ms 
67819      DEBUG main            d.u.i.k.p.r.p.TestFile    ... success: reloaded. 
67820      INFO  main            d.u.i.k.p.r.p.TestFile    Now processing file /home/runner/work/key/key/key.core/../key.ui/examples/heap/observer/ExampleSubject_footprint.key 
67821      INFO  main            d.u.i.k.p.i.AbstractProblemLoader Loading environment from /home/runner/work/key/key/key.core/../key.ui/examples/heap/observer/ExampleSubject_footprint.key 
67821      DEBUG main            d.u.i.k.p.i.AbstractProblemLoader Environment load took 233.1ns 
67822      INFO  main            d.u.i.k.p.i.AbstractProblemLoader Creating init config 
70416      DEBUG main            d.u.i.k.p.i.AbstractProblemLoader Init config took 2.59s 
70476      INFO  main            d.u.i.k.p.i.AbstractProblemLoader Replaying proof ExampleSubject[Subject::$footprint()].JML accessible clause.0 
70478      DEBUG main            d.u.i.k.p.i.IntermediateProofReplayer Proof replay took 6.6ns 
70584      INFO  main            d.u.i.k.p.r.p.TestFile    ... finished proof: closed. 
70792      INFO  main            d.u.i.k.p.i.AbstractProblemLoader Loading environment from /home/runner/work/key/key/key.core/../key.ui/examples/heap/observer/ExampleSubject_footprint.key.proof 
70792      DEBUG main            d.u.i.k.p.i.AbstractProblemLoader Environment load took 135.4ns 
70793      INFO  main            d.u.i.k.p.i.AbstractProblemLoader Creating init config 
73395      DEBUG main            d.u.i.k.p.i.AbstractProblemLoader Init config took 2.6s 
73440      INFO  main            d.u.i.k.p.i.AbstractProblemLoader Replaying proof ExampleSubject[Subject::$footprint()].JML accessible clause.0 
73459      DEBUG main            d.u.i.k.p.i.IntermediateProofReplayer Proof replay took 15.15ms 
73461      DEBUG main            d.u.i.k.p.r.p.TestFile    ... success: reloaded. 
73464      INFO  main            d.u.i.k.p.r.p.TestFile    Now processing file /home/runner/work/key/key/key.core/../key.ui/examples/heap/observer/ExampleSubject_inv.key 
73464      INFO  main            d.u.i.k.p.i.AbstractProblemLoader Loading environment from /home/runner/work/key/key/key.core/../key.ui/examples/heap/observer/ExampleSubject_inv.key 
73464      DEBUG main            d.u.i.k.p.i.AbstractProblemLoader Environment load took 120.9ns 
73465      INFO  main            d.u.i.k.p.i.AbstractProblemLoader Creating init config 
76105      DEBUG main            d.u.i.k.p.i.AbstractProblemLoader Init config took 2.64s 
76146      INFO  main            d.u.i.k.p.i.AbstractProblemLoader Replaying proof ExampleSubject[java.lang.Object::<inv>()].JML accessible clause.0 
76148      DEBUG main            d.u.i.k.p.i.IntermediateProofReplayer Proof replay took 6.1ns 
77360      INFO  main            d.u.i.k.p.r.p.TestFile    ... finished proof: closed. 
77679      INFO  main            d.u.i.k.p.i.AbstractProblemLoader Loading environment from /home/runner/work/key/key/key.core/../key.ui/examples/heap/observer/ExampleSubject_inv.key.proof 
77680      DEBUG main            d.u.i.k.p.i.AbstractProblemLoader Environment load took 531.41ns 
77682      INFO  main            d.u.i.k.p.i.AbstractProblemLoader Creating init config 
80257      DEBUG main            d.u.i.k.p.i.AbstractProblemLoader Init config took 2.58s 
80307      INFO  main            d.u.i.k.p.i.AbstractProblemLoader Replaying proof ExampleSubject[java.lang.Object::<inv>()].JML accessible clause.0 
80430      DEBUG main            d.u.i.k.p.i.IntermediateProofReplayer Proof replay took 114.89ms 
80431      DEBUG main            d.u.i.k.p.r.p.TestFile    ... success: reloaded. 
80433      INFO  main            d.u.i.k.p.r.p.TestFile    Now processing file /home/runner/work/key/key/key.core/../key.ui/examples/heap/observer/ExampleSubject_notifyObservers.key 
80433      INFO  main            d.u.i.k.p.i.AbstractProblemLoader Loading environment from /home/runner/work/key/key/key.core/../key.ui/examples/heap/observer/ExampleSubject_notifyObservers.key 
80434      DEBUG main            d.u.i.k.p.i.AbstractProblemLoader Environment load took 232.5ns 
80435      INFO  main            d.u.i.k.p.i.AbstractProblemLoader Creating init config 
83044      DEBUG main            d.u.i.k.p.i.AbstractProblemLoader Init config took 2.61s 
83087      INFO  main            d.u.i.k.p.i.AbstractProblemLoader Replaying proof Subject[Subject::notifyObservers()].JML normal_behavior operation contract.0 
83089      DEBUG main            d.u.i.k.p.i.IntermediateProofReplayer Proof replay took 5.8ns 
83191      INFO  main            d.u.i.k.p.r.p.TestFile    ... finished proof: closed. 
83405      INFO  main            d.u.i.k.p.i.AbstractProblemLoader Loading environment from /home/runner/work/key/key/key.core/../key.ui/examples/heap/observer/ExampleSubject_notifyObservers.key.proof 
83405      DEBUG main            d.u.i.k.p.i.AbstractProblemLoader Environment load took 156.4ns 
83406      INFO  main            d.u.i.k.p.i.AbstractProblemLoader Creating init config 
86040      DEBUG main            d.u.i.k.p.i.AbstractProblemLoader Init config took 2.63s 
86086      INFO  main            d.u.i.k.p.i.AbstractProblemLoader Replaying proof Subject[Subject::notifyObservers()].JML normal_behavior operation contract.0 
86093      DEBUG main            d.u.i.k.p.i.IntermediateProofReplayer Proof replay took 2.89ms 
86094      DEBUG main            d.u.i.k.p.r.p.TestFile    ... success: reloaded. 
86095      INFO  main            d.u.i.k.p.r.p.TestFile    Now processing file /home/runner/work/key/key/key.core/../key.ui/examples/heap/observer/ExampleSubject_value_dep.key 
86095      INFO  main            d.u.i.k.p.i.AbstractProblemLoader Loading environment from /home/runner/work/key/key/key.core/../key.ui/examples/heap/observer/ExampleSubject_value_dep.key 
86096      DEBUG main            d.u.i.k.p.i.AbstractProblemLoader Environment load took 64.9ns 
86097      INFO  main            d.u.i.k.p.i.AbstractProblemLoader Creating init config 
88667      DEBUG main            d.u.i.k.p.i.AbstractProblemLoader Init config took 2.57s 
88708      INFO  main            d.u.i.k.p.i.AbstractProblemLoader Replaying proof ExampleSubject[ExampleSubject::value()].JML accessible clause.0 
88710      DEBUG main            d.u.i.k.p.i.IntermediateProofReplayer Proof replay took 8.6ns 
88816      INFO  main            d.u.i.k.p.r.p.TestFile    ... finished proof: closed. 
89109      INFO  main            d.u.i.k.p.i.AbstractProblemLoader Loading environment from /home/runner/work/key/key/key.core/../key.ui/examples/heap/observer/ExampleSubject_value_dep.key.proof 
89109      DEBUG main            d.u.i.k.p.i.AbstractProblemLoader Environment load took 130ns 
89111      INFO  main            d.u.i.k.p.i.AbstractProblemLoader Creating init config 
91662      DEBUG main            d.u.i.k.p.i.AbstractProblemLoader Init config took 2.55s 
91703      INFO  main            d.u.i.k.p.i.AbstractProblemLoader Replaying proof ExampleSubject[ExampleSubject::value()].JML accessible clause.0 
91719      DEBUG main            d.u.i.k.p.i.IntermediateProofReplayer Proof replay took 13.8ms 
91720      DEBUG main            d.u.i.k.p.r.p.TestFile    ... success: reloaded. 
91724      INFO  main            d.u.i.k.p.r.p.TestFile    Now processing file /home/runner/work/key/key/key.core/../key.ui/examples/heap/observer/ExampleSubject_value.key 
91724      INFO  main            d.u.i.k.p.i.AbstractProblemLoader Loading environment from /home/runner/work/key/key/key.core/../key.ui/examples/heap/observer/ExampleSubject_value.key 
91724      DEBUG main            d.u.i.k.p.i.AbstractProblemLoader Environment load took 146.2ns 
91725      INFO  main            d.u.i.k.p.i.AbstractProblemLoader Creating init config 
94357      DEBUG main            d.u.i.k.p.i.AbstractProblemLoader Init config took 2.63s 
94399      INFO  main            d.u.i.k.p.i.AbstractProblemLoader Replaying proof ExampleSubject[ExampleSubject::value()].JML normal_behavior operation contract.0 
94401      DEBUG main            d.u.i.k.p.i.IntermediateProofReplayer Proof replay took 7.9ns 
94504      INFO  main            d.u.i.k.p.r.p.TestFile    ... finished proof: closed. 
94736      INFO  main            d.u.i.k.p.i.AbstractProblemLoader Loading environment from /home/runner/work/key/key/key.core/../key.ui/examples/heap/observer/ExampleSubject_value.key.proof 
94736      DEBUG main            d.u.i.k.p.i.AbstractProblemLoader Environment load took 142.4ns 
94737      INFO  main            d.u.i.k.p.i.AbstractProblemLoader Creating init config 
97297      DEBUG main            d.u.i.k.p.i.AbstractProblemLoader Init config took 2.56s 
97339      INFO  main            d.u.i.k.p.i.AbstractProblemLoader Replaying proof ExampleSubject[ExampleSubject::value()].JML normal_behavior operation contract.0 
97357      DEBUG main            d.u.i.k.p.i.IntermediateProofReplayer Proof replay took 16.51ms 
97358      DEBUG main            d.u.i.k.p.r.p.TestFile    ... success: reloaded. 
1512948    INFO  Test worker     d.u.i.k.p.r.RunAllProofsTestUnit Returning from test observer 
1512950    INFO  Test worker     d.u.i.k.p.r.RunAllProofsTestUnit Running test removeDups 
330        INFO  Timeout watchdog d.u.i.k.p.r.p.ForkedTestFileRunner Timeout watcher launched (2000 secs.) 
352        WARN  main            d.u.i.k.s.ProofSettings   The settings in /home/runner/.key/proof-settings.props are *not* read. 
399        INFO  main            d.u.i.k.p.r.p.TestFile    Now processing file /home/runner/work/key/key/key.core/../key.ui/examples/heap/removeDups/arrayPart.key 
525        INFO  main            d.u.i.k.p.i.AbstractProblemLoader Loading environment from /home/runner/work/key/key/key.core/../key.ui/examples/heap/removeDups/arrayPart.key 
552        DEBUG main            d.u.i.k.p.i.AbstractProblemLoader Environment load took 1.95ms 
766        INFO  main            d.u.i.k.p.i.AbstractProblemLoader Creating init config 
1661       DEBUG main            d.u.i.k.j.TypeConverter   No LDT found for Meta 
1661       DEBUG main            d.u.i.k.j.TypeConverter   No LDT found for Meta 
1662       DEBUG main            d.u.i.k.j.TypeConverter   No LDT found for Meta 
1662       DEBUG main            d.u.i.k.j.TypeConverter   No LDT found for Meta 
2930       DEBUG main            d.u.i.k.j.TypeConverter   No LDT found for JavaBigintExpression 
8115       DEBUG main            d.u.i.k.p.i.AbstractProblemLoader Init config took 7.35s 
8306       INFO  main            d.u.i.k.p.i.AbstractProblemLoader Replaying proof RemoveDup[RemoveDup::arrayPart([I,int)].JML normal_behavior operation contract.0 
8343       DEBUG main            d.u.i.k.p.i.IntermediateProofReplayer Proof replay took 37.6ns 
10928      INFO  main            d.u.i.k.p.r.p.TestFile    ... finished proof: closed. 
11080      INFO  main            d.u.i.k.p.i.AbstractProblemLoader Loading environment from /home/runner/work/key/key/key.core/../key.ui/examples/heap/removeDups/arrayPart.key.proof 
11080      DEBUG main            d.u.i.k.p.i.AbstractProblemLoader Environment load took 601.11ns 
11083      INFO  main            d.u.i.k.p.i.AbstractProblemLoader Creating init config 
13980      DEBUG main            d.u.i.k.p.i.AbstractProblemLoader Init config took 2.9s 
14043      INFO  main            d.u.i.k.p.i.AbstractProblemLoader Replaying proof RemoveDup[RemoveDup::arrayPart([I,int)].JML normal_behavior operation contract.0 
14354      DEBUG main            d.u.i.k.p.i.IntermediateProofReplayer Proof replay took 298.99ms 
14363      DEBUG main            d.u.i.k.p.r.p.TestFile    ... success: reloaded. 
14365      INFO  main            d.u.i.k.p.r.p.TestFile    Now processing file /home/runner/work/key/key/key.core/../key.ui/examples/heap/removeDups/contains.key 
14365      INFO  main            d.u.i.k.p.i.AbstractProblemLoader Loading environment from /home/runner/work/key/key/key.core/../key.ui/examples/heap/removeDups/contains.key 
14366      DEBUG main            d.u.i.k.p.i.AbstractProblemLoader Environment load took 256ns 
14367      INFO  main            d.u.i.k.p.i.AbstractProblemLoader Creating init config 
17287      DEBUG main            d.u.i.k.p.i.AbstractProblemLoader Init config took 2.92s 
17359      INFO  main            d.u.i.k.p.i.AbstractProblemLoader Replaying proof RemoveDup[RemoveDup::contains([I,int,int)].JML normal_behavior operation contract.0 
17365      DEBUG main            d.u.i.k.p.i.IntermediateProofReplayer Proof replay took 8ns 
17972      INFO  main            d.u.i.k.p.r.p.TestFile    ... finished proof: closed. 
18156      INFO  main            d.u.i.k.p.i.AbstractProblemLoader Loading environment from /home/runner/work/key/key/key.core/../key.ui/examples/heap/removeDups/contains.key.proof 
18157      DEBUG main            d.u.i.k.p.i.AbstractProblemLoader Environment load took 838.61ns 
18159      INFO  main            d.u.i.k.p.i.AbstractProblemLoader Creating init config 
20905      DEBUG main            d.u.i.k.p.i.AbstractProblemLoader Init config took 2.75s 
20967      INFO  main            d.u.i.k.p.i.AbstractProblemLoader Replaying proof RemoveDup[RemoveDup::contains([I,int,int)].JML normal_behavior operation contract.0 
21081      DEBUG main            d.u.i.k.p.i.IntermediateProofReplayer Proof replay took 108.06ms 
21082      DEBUG main            d.u.i.k.p.r.p.TestFile    ... success: reloaded. 
21083      INFO  main            d.u.i.k.p.r.p.TestFile    Now processing file /home/runner/work/key/key/key.core/../key.ui/examples/heap/removeDups/removeDup.key 
21084      INFO  main            d.u.i.k.p.i.AbstractProblemLoader Loading environment from /home/runner/work/key/key/key.core/../key.ui/examples/heap/removeDups/removeDup.key 
21084      DEBUG main            d.u.i.k.p.i.AbstractProblemLoader Environment load took 238.4ns 
21085      INFO  main            d.u.i.k.p.i.AbstractProblemLoader Creating init config 
23833      DEBUG main            d.u.i.k.p.i.AbstractProblemLoader Init config took 2.75s 
23881      INFO  main            d.u.i.k.p.i.AbstractProblemLoader Replaying proof RemoveDup[RemoveDup::removeDup([I)].JML normal_behavior operation contract.0 
23884      DEBUG main            d.u.i.k.p.i.IntermediateProofReplayer Proof replay took 8ns 
28989      DEBUG Thread-7        d.u.i.k.j.d.VariableSpecification Program match. Variables have different dimension (template #v0 = #vi;, source a#11[] = var;) 
50961      INFO  main            d.u.i.k.p.r.p.TestFile    ... finished proof: closed. 
51239      INFO  main            d.u.i.k.p.i.AbstractProblemLoader Loading environment from /home/runner/work/key/key/key.core/../key.ui/examples/heap/removeDups/removeDup.key.proof 
51240      DEBUG main            d.u.i.k.p.i.AbstractProblemLoader Environment load took 247.5ns 
51254      INFO  main            d.u.i.k.p.i.AbstractProblemLoader Creating init config 
53928      DEBUG main            d.u.i.k.p.i.AbstractProblemLoader Init config took 2.67s 
53989      INFO  main            d.u.i.k.p.i.AbstractProblemLoader Replaying proof RemoveDup[RemoveDup::removeDup([I)].JML normal_behavior operation contract.0 
55956      DEBUG main            d.u.i.k.p.i.IntermediateProofReplayer Proof replay took 1.88s 
55960      DEBUG main            d.u.i.k.p.r.p.TestFile    ... success: reloaded. 
55961      INFO  main            d.u.i.k.p.r.p.TestFile    Now processing file /home/runner/work/key/key/key.core/../key.ui/examples/heap/saddleback_search/Saddleback_search.key 
55962      INFO  main            d.u.i.k.p.i.AbstractProblemLoader Loading environment from /home/runner/work/key/key/key.core/../key.ui/examples/heap/saddleback_search/Saddleback_search.key 
55962      DEBUG main            d.u.i.k.p.i.AbstractProblemLoader Environment load took 126.1ns 
55963      INFO  main            d.u.i.k.p.i.AbstractProblemLoader Creating init config 
58798      DEBUG main            d.u.i.k.p.i.AbstractProblemLoader Init config took 2.84s 
58840      INFO  main            d.u.i.k.p.i.AbstractProblemLoader Replaying proof Saddleback[Saddleback::search([[I,int)].JML normal_behavior operation contract.0 
58854      DEBUG main            d.u.i.k.p.i.IntermediateProofReplayer Proof replay took 6.8ns 
143907     INFO  main            d.u.i.k.p.r.p.TestFile    ... finished proof: closed. 
144321     INFO  main            d.u.i.k.p.i.AbstractProblemLoader Loading environment from /home/runner/work/key/key/key.core/../key.ui/examples/heap/saddleback_search/Saddleback_search.key.proof 
144321     DEBUG main            d.u.i.k.p.i.AbstractProblemLoader Environment load took 563.11ns 
144331     INFO  main            d.u.i.k.p.i.AbstractProblemLoader Creating init config 
146950     DEBUG main            d.u.i.k.p.i.AbstractProblemLoader Init config took 2.62s 
146992     INFO  main            d.u.i.k.p.i.AbstractProblemLoader Replaying proof Saddleback[Saddleback::search([[I,int)].JML normal_behavior operation contract.0 
149692     DEBUG main            d.u.i.k.p.i.IntermediateProofReplayer Proof replay took 2.52s 
149702     DEBUG main            d.u.i.k.p.r.p.TestFile    ... success: reloaded. 
1662824    INFO  Test worker     d.u.i.k.p.r.RunAllProofsTestUnit Returning from test removeDups 
1662826    INFO  Test worker     d.u.i.k.p.r.RunAllProofsTestUnit Running test quicksort 
406        WARN  main            d.u.i.k.s.ProofSettings   The settings in /home/runner/.key/proof-settings.props are *not* read. 
379        INFO  Timeout watchdog d.u.i.k.p.r.p.ForkedTestFileRunner Timeout watcher launched (2000 secs.) 
458        INFO  main            d.u.i.k.p.r.p.TestFile    Now processing file /home/runner/work/key/key/key.core/../key.ui/examples/heap/quicksort/toplevel.key 
609        INFO  main            d.u.i.k.p.i.AbstractProblemLoader Loading environment from /home/runner/work/key/key/key.core/../key.ui/examples/heap/quicksort/toplevel.key 
625        DEBUG main            d.u.i.k.p.i.AbstractProblemLoader Environment load took 1.95ms 
836        INFO  main            d.u.i.k.p.i.AbstractProblemLoader Creating init config 
1807       DEBUG main            d.u.i.k.j.TypeConverter   No LDT found for Meta 
1808       DEBUG main            d.u.i.k.j.TypeConverter   No LDT found for Meta 
1812       DEBUG main            d.u.i.k.j.TypeConverter   No LDT found for Meta 
1812       DEBUG main            d.u.i.k.j.TypeConverter   No LDT found for Meta 
3267       DEBUG main            d.u.i.k.j.TypeConverter   No LDT found for JavaBigintExpression 
8693       DEBUG main            d.u.i.k.p.i.AbstractProblemLoader Init config took 7.86s 
8815       INFO  main            d.u.i.k.p.i.AbstractProblemLoader Replaying proof Quicksort[Quicksort::sort([I)].JML normal_behavior operation contract.0 
8850       DEBUG main            d.u.i.k.p.i.IntermediateProofReplayer Proof replay took 41.5ns 
9991       INFO  main            d.u.i.k.p.r.p.TestFile    ... finished proof: closed. 
10142      INFO  main            d.u.i.k.p.i.AbstractProblemLoader Loading environment from /home/runner/work/key/key/key.core/../key.ui/examples/heap/quicksort/toplevel.key.proof 
10148      DEBUG main            d.u.i.k.p.i.AbstractProblemLoader Environment load took 6.07ms 
10150      INFO  main            d.u.i.k.p.i.AbstractProblemLoader Creating init config 
13074      DEBUG main            d.u.i.k.p.i.AbstractProblemLoader Init config took 2.92s 
13181      INFO  main            d.u.i.k.p.i.AbstractProblemLoader Replaying proof Quicksort[Quicksort::sort([I)].JML normal_behavior operation contract.0 
13419      DEBUG main            d.u.i.k.p.i.IntermediateProofReplayer Proof replay took 216.59ms 
13427      DEBUG main            d.u.i.k.p.r.p.TestFile    ... success: reloaded. 
13429      INFO  main            d.u.i.k.p.r.p.TestFile    Now processing file /home/runner/work/key/key/key.core/../key.ui/examples/heap/quicksort/sort.key 
13430      INFO  main            d.u.i.k.p.i.AbstractProblemLoader Loading environment from /home/runner/work/key/key/key.core/../key.ui/examples/heap/quicksort/sort.key 
13430      DEBUG main            d.u.i.k.p.i.AbstractProblemLoader Environment load took 265.7ns 
13432      INFO  main            d.u.i.k.p.i.AbstractProblemLoader Creating init config 
16265      DEBUG main            d.u.i.k.p.i.AbstractProblemLoader Init config took 2.83s 
16329      INFO  main            d.u.i.k.p.i.AbstractProblemLoader Replaying proof Quicksort[Quicksort::sort([I,int,int)].JML normal_behavior operation contract.0 
16332      DEBUG main            d.u.i.k.p.i.IntermediateProofReplayer Proof replay took 7.9ns 
16360      DEBUG main            d.u.i.k.m.s.ProofScriptEngine 1: 'script 'sort.script'' 
16363      INFO  main            d.u.i.k.m.s.ProofScriptCommand Included script /home/runner/work/key/key/key.core/../key.ui/examples/heap/quicksort/sort.script 
16364      DEBUG main            d.u.i.k.m.s.ProofScriptEngine 1: 'macro autopilot-prep' 
17320      DEBUG main            d.u.i.k.m.s.ProofScriptEngine 2: 'select formula="{heapAtPre:=heap || exc:=null || heap:=heapAfter_sort_0}
   seq ...' 
17324      DEBUG main            d.u.i.k.m.s.ProofScriptEngine 3: 'macro simp-upd' 
17332      DEBUG main            d.u.i.k.m.s.ProofScriptEngine 4: 'let   @seqPre="seqDef{int u;}(0, array.length, array[u])"
    @seqSplit="seqDef ...' 
17335      DEBUG main            d.u.i.k.m.s.ProofScriptEngine 5: 'rule seqPermSym 
  formula="seqPerm(@seqSplit, @seqPre)"' 
17350      DEBUG main            d.u.i.k.m.s.ProofScriptEngine 6: 'rule seqPermSym
  formula="seqPerm(@seqSort, @seqSplit)"' 
17351      DEBUG main            d.u.i.k.m.s.ProofScriptEngine 7: 'rule seqPermSym
  formula="seqPerm(@seqSort0, @seqSort)"' 
17352      DEBUG main            d.u.i.k.m.s.ProofScriptEngine 8: 'rule seqPermTrans
  formula="seqPerm(@seqPre, @seqSplit)"' 
17353      DEBUG main            d.u.i.k.m.s.ProofScriptEngine 9: 'rule seqPermTrans
  formula="seqPerm(@seqPre, @seqSort)"' 
17354      DEBUG main            d.u.i.k.m.s.ProofScriptEngine 10: 'rule seqPermSym
  formula="seqPerm(@seqPre, @seqSort0)"' 
17355      DEBUG main            d.u.i.k.m.s.ProofScriptEngine 11: 'tryclose' 
43964      INFO  main            d.u.i.k.p.r.p.TestFile    ... finished proof: closed. 
44281      INFO  main            d.u.i.k.p.i.AbstractProblemLoader Loading environment from /home/runner/work/key/key/key.core/../key.ui/examples/heap/quicksort/sort.key.proof 
44281      DEBUG main            d.u.i.k.p.i.AbstractProblemLoader Environment load took 658.01ns 
44292      INFO  main            d.u.i.k.p.i.AbstractProblemLoader Creating init config 
47006      DEBUG main            d.u.i.k.p.i.AbstractProblemLoader Init config took 2.71s 
47056      INFO  main            d.u.i.k.p.i.AbstractProblemLoader Replaying proof Quicksort[Quicksort::sort([I,int,int)].JML normal_behavior operation contract.0 
49171      DEBUG main            d.u.i.k.p.i.IntermediateProofReplayer Proof replay took 1.98s 
49182      DEBUG main            d.u.i.k.p.r.p.TestFile    ... success: reloaded. 
49191      INFO  main            d.u.i.k.p.r.p.TestFile    Now processing file /home/runner/work/key/key/key.core/../key.ui/examples/heap/quicksort/split.key 
49191      INFO  main            d.u.i.k.p.i.AbstractProblemLoader Loading environment from /home/runner/work/key/key/key.core/../key.ui/examples/heap/quicksort/split.key 
49192      DEBUG main            d.u.i.k.p.i.AbstractProblemLoader Environment load took 199.5ns 
49193      INFO  main            d.u.i.k.p.i.AbstractProblemLoader Creating init config 
52091      DEBUG main            d.u.i.k.p.i.AbstractProblemLoader Init config took 2.9s 
52139      INFO  main            d.u.i.k.p.i.AbstractProblemLoader Replaying proof Quicksort[Quicksort::split([I,int,int)].JML normal_behavior operation contract.0 
52142      DEBUG main            d.u.i.k.p.i.IntermediateProofReplayer Proof replay took 6.4ns 
52143      DEBUG main            d.u.i.k.m.s.ProofScriptEngine 1: 'macro autopilot-prep' 
53396      DEBUG main            d.u.i.k.m.s.ProofScriptEngine 2: 'tryclose' 
91915      DEBUG main            d.u.i.k.m.s.ProofScriptEngine 3: 'macro simp-upd' 
92025      DEBUG main            d.u.i.k.m.s.ProofScriptEngine 4: 'rule seqPermFromSwap' 
92044      DEBUG main            d.u.i.k.m.s.ProofScriptEngine 5: 'rule andRight' 
92047      DEBUG main            d.u.i.k.m.s.ProofScriptEngine 6: 'auto' 
92076      DEBUG main            d.u.i.k.m.s.ProofScriptEngine 7: 'instantiate hide var=iv with=i_0' 
92081      DEBUG main            d.u.i.k.m.s.ProofScriptEngine 8: 'instantiate hide var=jv with=j_0' 
92083      DEBUG main            d.u.i.k.m.s.ProofScriptEngine 9: 'auto' 
98812      DEBUG main            d.u.i.k.m.s.ProofScriptEngine 10: 'macro simp-upd' 
98884      DEBUG main            d.u.i.k.m.s.ProofScriptEngine 11: 'rule seqPermFromSwap' 
98888      DEBUG main            d.u.i.k.m.s.ProofScriptEngine 12: 'rule andRight' 
98889      DEBUG main            d.u.i.k.m.s.ProofScriptEngine 13: 'auto' 
98904      DEBUG main            d.u.i.k.m.s.ProofScriptEngine 14: 'instantiate hide var=iv with=i_0' 
98907      DEBUG main            d.u.i.k.m.s.ProofScriptEngine 15: 'instantiate hide var=jv with=to' 
98909      DEBUG main            d.u.i.k.m.s.ProofScriptEngine 16: 'auto' 
104122     INFO  main            d.u.i.k.p.r.p.TestFile    ... finished proof: closed. 
104667     INFO  main            d.u.i.k.p.i.AbstractProblemLoader Loading environment from /home/runner/work/key/key/key.core/../key.ui/examples/heap/quicksort/split.key.proof 
104667     DEBUG main            d.u.i.k.p.i.AbstractProblemLoader Environment load took 259.9ns 
104679     INFO  main            d.u.i.k.p.i.AbstractProblemLoader Creating init config 
107289     DEBUG main            d.u.i.k.p.i.AbstractProblemLoader Init config took 2.61s 
107349     INFO  main            d.u.i.k.p.i.AbstractProblemLoader Replaying proof Quicksort[Quicksort::split([I,int,int)].JML normal_behavior operation contract.0 
111229     DEBUG main            d.u.i.k.p.i.IntermediateProofReplayer Proof replay took 3.62s 
111245     DEBUG main            d.u.i.k.p.r.p.TestFile    ... success: reloaded. 
1774286    INFO  Test worker     d.u.i.k.p.r.RunAllProofsTestUnit Returning from test quicksort 
1774292    INFO  Test worker     d.u.i.k.p.r.RunAllProofsTestUnit Running test simpleTests 
344        INFO  Timeout watchdog d.u.i.k.p.r.p.ForkedTestFileRunner Timeout watcher launched (2000 secs.) 
355        WARN  main            d.u.i.k.s.ProofSettings   The settings in /home/runner/.key/proof-settings.props are *not* read. 
381        INFO  main            d.u.i.k.p.r.p.TestFile    Now processing file /home/runner/work/key/key/key.core/../key.ui/examples/heap/simple/anonymise_datagroup.key 
489        INFO  main            d.u.i.k.p.i.AbstractProblemLoader Loading environment from /home/runner/work/key/key/key.core/../key.ui/examples/heap/simple/anonymise_datagroup.key 
509        DEBUG main            d.u.i.k.p.i.AbstractProblemLoader Environment load took 1.82ms 
762        INFO  main            d.u.i.k.p.i.AbstractProblemLoader Creating init config 
1679       DEBUG main            d.u.i.k.j.TypeConverter   No LDT found for Meta 
1680       DEBUG main            d.u.i.k.j.TypeConverter   No LDT found for Meta 
1681       DEBUG main            d.u.i.k.j.TypeConverter   No LDT found for Meta 
1682       DEBUG main            d.u.i.k.j.TypeConverter   No LDT found for Meta 
3250       DEBUG main            d.u.i.k.j.TypeConverter   No LDT found for JavaBigintExpression 
7727       DEBUG main            d.u.i.k.p.i.AbstractProblemLoader Init config took 6.97s 
7810       INFO  main            d.u.i.k.p.i.AbstractProblemLoader Replaying proof anonymise_datagroup.key 
7849       DEBUG main            d.u.i.k.p.i.IntermediateProofReplayer Proof replay took 41.8ns 
8113       INFO  main            d.u.i.k.p.r.p.TestFile    ... finished proof: closed. 
8226       INFO  main            d.u.i.k.p.i.AbstractProblemLoader Loading environment from /home/runner/work/key/key/key.core/../key.ui/examples/heap/simple/anonymise_datagroup.key.proof 
8227       DEBUG main            d.u.i.k.p.i.AbstractProblemLoader Environment load took 1.4ms 
8232       INFO  main            d.u.i.k.p.i.AbstractProblemLoader Creating init config 
10825      DEBUG main            d.u.i.k.p.i.AbstractProblemLoader Init config took 2.59s 
10869      INFO  main            d.u.i.k.p.i.AbstractProblemLoader Replaying proof anonymise_datagroup.key.proof 
10883      DEBUG main            d.u.i.k.p.i.IntermediateProofReplayer Proof replay took 8.76ms 
10893      DEBUG main            d.u.i.k.p.r.p.TestFile    ... success: reloaded. 
10895      INFO  main            d.u.i.k.p.r.p.TestFile    Now processing file /home/runner/work/key/key/key.core/../key.ui/examples/heap/simple/array_creation.key 
10895      INFO  main            d.u.i.k.p.i.AbstractProblemLoader Loading environment from /home/runner/work/key/key/key.core/../key.ui/examples/heap/simple/array_creation.key 
10895      DEBUG main            d.u.i.k.p.i.AbstractProblemLoader Environment load took 266.7ns 
10898      INFO  main            d.u.i.k.p.i.AbstractProblemLoader Creating init config 
13429      DEBUG main            d.u.i.k.p.i.AbstractProblemLoader Init config took 2.53s 
13470      INFO  main            d.u.i.k.p.i.AbstractProblemLoader Replaying proof array_creation.key 
13480      DEBUG main            d.u.i.k.p.i.IntermediateProofReplayer Proof replay took 6.2ns 
14294      INFO  main            d.u.i.k.p.r.p.TestFile    ... finished proof: closed. 
14447      INFO  main            d.u.i.k.p.i.AbstractProblemLoader Loading environment from /home/runner/work/key/key/key.core/../key.ui/examples/heap/simple/array_creation.key.proof 
14450      DEBUG main            d.u.i.k.p.i.AbstractProblemLoader Environment load took 3.27ms 
14452      INFO  main            d.u.i.k.p.i.AbstractProblemLoader Creating init config 
17023      DEBUG main            d.u.i.k.p.i.AbstractProblemLoader Init config took 2.57s 
17055      INFO  main            d.u.i.k.p.i.AbstractProblemLoader Replaying proof array_creation.key.proof 
17171      DEBUG main            d.u.i.k.p.i.IntermediateProofReplayer Proof replay took 104.92ms 
17173      DEBUG main            d.u.i.k.p.r.p.TestFile    ... success: reloaded. 
17174      INFO  main            d.u.i.k.p.r.p.TestFile    Now processing file /home/runner/work/key/key/key.core/../key.ui/examples/heap/simple/arrays_with_disjoint_sorts.key 
17175      INFO  main            d.u.i.k.p.i.AbstractProblemLoader Loading environment from /home/runner/work/key/key/key.core/../key.ui/examples/heap/simple/arrays_with_disjoint_sorts.key 
17175      DEBUG main            d.u.i.k.p.i.AbstractProblemLoader Environment load took 232.5ns 
17177      INFO  main            d.u.i.k.p.i.AbstractProblemLoader Creating init config 
19610      DEBUG main            d.u.i.k.p.i.AbstractProblemLoader Init config took 2.43s 
19637      INFO  main            d.u.i.k.p.i.AbstractProblemLoader Replaying proof arrays_with_disjoint_sorts.key 
19638      DEBUG main            d.u.i.k.p.i.IntermediateProofReplayer Proof replay took 7.9ns 
19843      INFO  main            d.u.i.k.p.r.p.TestFile    ... finished proof: closed. 
20012      INFO  main            d.u.i.k.p.i.AbstractProblemLoader Loading environment from /home/runner/work/key/key/key.core/../key.ui/examples/heap/simple/arrays_with_disjoint_sorts.key.proof 
20016      DEBUG main            d.u.i.k.p.i.AbstractProblemLoader Environment load took 3.48ms 
20018      INFO  main            d.u.i.k.p.i.AbstractProblemLoader Creating init config 
22405      DEBUG main            d.u.i.k.p.i.AbstractProblemLoader Init config took 2.39s 
22429      INFO  main            d.u.i.k.p.i.AbstractProblemLoader Replaying proof arrays_with_disjoint_sorts.key.proof 
22453      DEBUG main            d.u.i.k.p.i.IntermediateProofReplayer Proof replay took 21.27ms 
22455      DEBUG main            d.u.i.k.p.r.p.TestFile    ... success: reloaded. 
22457      INFO  main            d.u.i.k.p.r.p.TestFile    Now processing file /home/runner/work/key/key/key.core/../key.ui/examples/heap/simple/arrays.key 
22457      INFO  main            d.u.i.k.p.i.AbstractProblemLoader Loading environment from /home/runner/work/key/key/key.core/../key.ui/examples/heap/simple/arrays.key 
22457      DEBUG main            d.u.i.k.p.i.AbstractProblemLoader Environment load took 255.21ns 
22459      INFO  main            d.u.i.k.p.i.AbstractProblemLoader Creating init config 
24865      DEBUG main            d.u.i.k.p.i.AbstractProblemLoader Init config took 2.41s 
24888      INFO  main            d.u.i.k.p.i.AbstractProblemLoader Replaying proof arrays.key 
24891      DEBUG main            d.u.i.k.p.i.IntermediateProofReplayer Proof replay took 16.3ns 
24994      INFO  main            d.u.i.k.p.r.p.TestFile    ... finished proof: closed. 
25186      INFO  main            d.u.i.k.p.i.AbstractProblemLoader Loading environment from /home/runner/work/key/key/key.core/../key.ui/examples/heap/simple/arrays.key.proof 
25187      DEBUG main            d.u.i.k.p.i.AbstractProblemLoader Environment load took 491.11ns 
25188      INFO  main            d.u.i.k.p.i.AbstractProblemLoader Creating init config 
27581      DEBUG main            d.u.i.k.p.i.AbstractProblemLoader Init config took 2.39s 
27603      INFO  main            d.u.i.k.p.i.AbstractProblemLoader Replaying proof arrays.key.proof 
27625      DEBUG main            d.u.i.k.p.i.IntermediateProofReplayer Proof replay took 18.89ms 
27626      DEBUG main            d.u.i.k.p.r.p.TestFile    ... success: reloaded. 
27627      INFO  main            d.u.i.k.p.r.p.TestFile    Now processing file /home/runner/work/key/key/key.core/../key.ui/examples/heap/simple/attributes.key 
27627      INFO  main            d.u.i.k.p.i.AbstractProblemLoader Loading environment from /home/runner/work/key/key/key.core/../key.ui/examples/heap/simple/attributes.key 
27627      DEBUG main            d.u.i.k.p.i.AbstractProblemLoader Environment load took 150.5ns 
27628      INFO  main            d.u.i.k.p.i.AbstractProblemLoader Creating init config 
30011      DEBUG main            d.u.i.k.p.i.AbstractProblemLoader Init config took 2.38s 
30032      INFO  main            d.u.i.k.p.i.AbstractProblemLoader Replaying proof attributes.key 
30033      DEBUG main            d.u.i.k.p.i.IntermediateProofReplayer Proof replay took 6.5ns 
30137      INFO  main            d.u.i.k.p.r.p.TestFile    ... finished proof: closed. 
30305      INFO  main            d.u.i.k.p.i.AbstractProblemLoader Loading environment from /home/runner/work/key/key/key.core/../key.ui/examples/heap/simple/attributes.key.proof 
30305      DEBUG main            d.u.i.k.p.i.AbstractProblemLoader Environment load took 142.5ns 
30306      INFO  main            d.u.i.k.p.i.AbstractProblemLoader Creating init config 
32648      DEBUG main            d.u.i.k.p.i.AbstractProblemLoader Init config took 2.34s 
32668      INFO  main            d.u.i.k.p.i.AbstractProblemLoader Replaying proof attributes.key.proof 
32672      DEBUG main            d.u.i.k.p.i.IntermediateProofReplayer Proof replay took 1.79ms 
32673      DEBUG main            d.u.i.k.p.r.p.TestFile    ... success: reloaded. 
32674      INFO  main            d.u.i.k.p.r.p.TestFile    Now processing file /home/runner/work/key/key/key.core/../key.ui/examples/heap/simple/constructor_contracts.key 
32674      INFO  main            d.u.i.k.p.i.AbstractProblemLoader Loading environment from /home/runner/work/key/key/key.core/../key.ui/examples/heap/simple/constructor_contracts.key 
32675      DEBUG main            d.u.i.k.p.i.AbstractProblemLoader Environment load took 232ns 
32677      INFO  main            d.u.i.k.p.i.AbstractProblemLoader Creating init config 
35390      DEBUG main            d.u.i.k.p.i.AbstractProblemLoader Init config took 2.71s 
35413      INFO  main            d.u.i.k.p.i.AbstractProblemLoader Replaying proof constructor_contracts.key 
35415      DEBUG main            d.u.i.k.p.i.IntermediateProofReplayer Proof replay took 7.9ns 
36123      INFO  main            d.u.i.k.p.r.p.TestFile    ... finished proof: closed. 
36330      INFO  main            d.u.i.k.p.i.AbstractProblemLoader Loading environment from /home/runner/work/key/key/key.core/../key.ui/examples/heap/simple/constructor_contracts.key.proof 
36336      DEBUG main            d.u.i.k.p.i.AbstractProblemLoader Environment load took 5.08ms 
36338      INFO  main            d.u.i.k.p.i.AbstractProblemLoader Creating init config 
39009      DEBUG main            d.u.i.k.p.i.AbstractProblemLoader Init config took 2.67s 
39034      INFO  main            d.u.i.k.p.i.AbstractProblemLoader Replaying proof constructor_contracts.key.proof 
39167      DEBUG main            d.u.i.k.p.i.IntermediateProofReplayer Proof replay took 125.01ms 
39172      DEBUG main            d.u.i.k.p.r.p.TestFile    ... success: reloaded. 
39174      INFO  main            d.u.i.k.p.r.p.TestFile    Now processing file /home/runner/work/key/key/key.core/../key.ui/examples/heap/simple/dependencies.key 
39174      INFO  main            d.u.i.k.p.i.AbstractProblemLoader Loading environment from /home/runner/work/key/key/key.core/../key.ui/examples/heap/simple/dependencies.key 
39174      DEBUG main            d.u.i.k.p.i.AbstractProblemLoader Environment load took 219.5ns 
39176      INFO  main            d.u.i.k.p.i.AbstractProblemLoader Creating init config 
41563      DEBUG main            d.u.i.k.p.i.AbstractProblemLoader Init config took 2.39s 
41583      INFO  main            d.u.i.k.p.i.AbstractProblemLoader Replaying proof dependencies.key 
41584      DEBUG main            d.u.i.k.p.i.IntermediateProofReplayer Proof replay took 7ns 
41689      INFO  main            d.u.i.k.p.r.p.TestFile    ... finished proof: closed. 
41906      INFO  main            d.u.i.k.p.i.AbstractProblemLoader Loading environment from /home/runner/work/key/key/key.core/../key.ui/examples/heap/simple/dependencies.key.proof 
41906      DEBUG main            d.u.i.k.p.i.AbstractProblemLoader Environment load took 140.7ns 
41908      INFO  main            d.u.i.k.p.i.AbstractProblemLoader Creating init config 
44202      DEBUG main            d.u.i.k.p.i.AbstractProblemLoader Init config took 2.29s 
44222      INFO  main            d.u.i.k.p.i.AbstractProblemLoader Replaying proof dependencies.key.proof 
44232      DEBUG main            d.u.i.k.p.i.IntermediateProofReplayer Proof replay took 8.45ms 
44233      DEBUG main            d.u.i.k.p.r.p.TestFile    ... success: reloaded. 
44234      INFO  main            d.u.i.k.p.r.p.TestFile    Now processing file /home/runner/work/key/key/key.core/../key.ui/examples/heap/simple/dependency_contracts.key 
44234      INFO  main            d.u.i.k.p.i.AbstractProblemLoader Loading environment from /home/runner/work/key/key/key.core/../key.ui/examples/heap/simple/dependency_contracts.key 
44234      DEBUG main            d.u.i.k.p.i.AbstractProblemLoader Environment load took 84.5ns 
44235      INFO  main            d.u.i.k.p.i.AbstractProblemLoader Creating init config 
46823      DEBUG main            d.u.i.k.p.i.AbstractProblemLoader Init config took 2.59s 
46844      INFO  main            d.u.i.k.p.i.AbstractProblemLoader Replaying proof dependency_contracts.key 
46846      DEBUG main            d.u.i.k.p.i.IntermediateProofReplayer Proof replay took 8ns 
48061      INFO  main            d.u.i.k.p.r.p.TestFile    ... finished proof: closed. 
48292      INFO  main            d.u.i.k.p.i.AbstractProblemLoader Loading environment from /home/runner/work/key/key/key.core/../key.ui/examples/heap/simple/dependency_contracts.key.proof 
48294      DEBUG main            d.u.i.k.p.i.AbstractProblemLoader Environment load took 1.53ms 
48296      INFO  main            d.u.i.k.p.i.AbstractProblemLoader Creating init config 
50807      DEBUG main            d.u.i.k.p.i.AbstractProblemLoader Init config took 2.51s 
50848      INFO  main            d.u.i.k.p.i.AbstractProblemLoader Replaying proof dependency_contracts.key.proof 
51079      DEBUG main            d.u.i.k.p.i.IntermediateProofReplayer Proof replay took 219ms 
51082      DEBUG main            d.u.i.k.p.r.p.TestFile    ... success: reloaded. 
51084      INFO  main            d.u.i.k.p.r.p.TestFile    Now processing file /home/runner/work/key/key/key.core/../key.ui/examples/heap/simple/invariant_preservation.key 
51086      INFO  main            d.u.i.k.p.i.AbstractProblemLoader Loading environment from /home/runner/work/key/key/key.core/../key.ui/examples/heap/simple/invariant_preservation.key 
51086      DEBUG main            d.u.i.k.p.i.AbstractProblemLoader Environment load took 242.7ns 
51089      INFO  main            d.u.i.k.p.i.AbstractProblemLoader Creating init config 
53716      DEBUG main            d.u.i.k.p.i.AbstractProblemLoader Init config took 2.63s 
53737      INFO  main            d.u.i.k.p.i.AbstractProblemLoader Replaying proof invariant_preservation.key 
53739      DEBUG main            d.u.i.k.p.i.IntermediateProofReplayer Proof replay took 8.5ns 
53945      INFO  main            d.u.i.k.p.r.p.TestFile    ... finished proof: closed. 
54168      INFO  main            d.u.i.k.p.i.AbstractProblemLoader Loading environment from /home/runner/work/key/key/key.core/../key.ui/examples/heap/simple/invariant_preservation.key.proof 
54168      DEBUG main            d.u.i.k.p.i.AbstractProblemLoader Environment load took 534.81ns 
54170      INFO  main            d.u.i.k.p.i.AbstractProblemLoader Creating init config 
56719      DEBUG main            d.u.i.k.p.i.AbstractProblemLoader Init config took 2.55s 
56740      INFO  main            d.u.i.k.p.i.AbstractProblemLoader Replaying proof invariant_preservation.key.proof 
56775      DEBUG main            d.u.i.k.p.i.IntermediateProofReplayer Proof replay took 31.49ms 
56777      DEBUG main            d.u.i.k.p.r.p.TestFile    ... success: reloaded. 
56778      INFO  main            d.u.i.k.p.r.p.TestFile    Now processing file /home/runner/work/key/key/key.core/../key.ui/examples/heap/simple/locsets.key 
56779      INFO  main            d.u.i.k.p.i.AbstractProblemLoader Loading environment from /home/runner/work/key/key/key.core/../key.ui/examples/heap/simple/locsets.key 
56779      DEBUG main            d.u.i.k.p.i.AbstractProblemLoader Environment load took 228.6ns 
56780      INFO  main            d.u.i.k.p.i.AbstractProblemLoader Creating init config 
59103      DEBUG main            d.u.i.k.p.i.AbstractProblemLoader Init config took 2.32s 
59124      INFO  main            d.u.i.k.p.i.AbstractProblemLoader Replaying proof locsets.key 
59125      DEBUG main            d.u.i.k.p.i.IntermediateProofReplayer Proof replay took 7.3ns 
59229      INFO  main            d.u.i.k.p.r.p.TestFile    ... finished proof: closed. 
59438      INFO  main            d.u.i.k.p.i.AbstractProblemLoader Loading environment from /home/runner/work/key/key/key.core/../key.ui/examples/heap/simple/locsets.key.proof 
59438      DEBUG main            d.u.i.k.p.i.AbstractProblemLoader Environment load took 130.9ns 
59439      INFO  main            d.u.i.k.p.i.AbstractProblemLoader Creating init config 
61691      DEBUG main            d.u.i.k.p.i.AbstractProblemLoader Init config took 2.25s 
61709      INFO  main            d.u.i.k.p.i.AbstractProblemLoader Replaying proof locsets.key.proof 
61713      DEBUG main            d.u.i.k.p.i.IntermediateProofReplayer Proof replay took 2.07ms 
61714      DEBUG main            d.u.i.k.p.r.p.TestFile    ... success: reloaded. 
61715      INFO  main            d.u.i.k.p.r.p.TestFile    Now processing file /home/runner/work/key/key/key.core/../key.ui/examples/heap/simple/loop1.key 
61715      INFO  main            d.u.i.k.p.i.AbstractProblemLoader Loading environment from /home/runner/work/key/key/key.core/../key.ui/examples/heap/simple/loop1.key 
61716      DEBUG main            d.u.i.k.p.i.AbstractProblemLoader Environment load took 207.6ns 
61717      INFO  main            d.u.i.k.p.i.AbstractProblemLoader Creating init config 
64287      DEBUG main            d.u.i.k.p.i.AbstractProblemLoader Init config took 2.57s 
64306      INFO  main            d.u.i.k.p.i.AbstractProblemLoader Replaying proof loop1.key 
64307      DEBUG main            d.u.i.k.p.i.IntermediateProofReplayer Proof replay took 8.1ns 
64510      INFO  main            d.u.i.k.p.r.p.TestFile    ... finished proof: closed. 
64709      INFO  main            d.u.i.k.p.i.AbstractProblemLoader Loading environment from /home/runner/work/key/key/key.core/../key.ui/examples/heap/simple/loop1.key.proof 
64709      DEBUG main            d.u.i.k.p.i.AbstractProblemLoader Environment load took 135.9ns 
64710      INFO  main            d.u.i.k.p.i.AbstractProblemLoader Creating init config 
67256      DEBUG main            d.u.i.k.p.i.AbstractProblemLoader Init config took 2.55s 
67274      INFO  main            d.u.i.k.p.i.AbstractProblemLoader Replaying proof loop1.key.proof 
67338      DEBUG main            d.u.i.k.p.i.IntermediateProofReplayer Proof replay took 62.39ms 
67340      DEBUG main            d.u.i.k.p.r.p.TestFile    ... success: reloaded. 
67340      INFO  main            d.u.i.k.p.r.p.TestFile    Now processing file /home/runner/work/key/key/key.core/../key.ui/examples/heap/simple/loop2.key 
67341      INFO  main            d.u.i.k.p.i.AbstractProblemLoader Loading environment from /home/runner/work/key/key/key.core/../key.ui/examples/heap/simple/loop2.key 
67341      DEBUG main            d.u.i.k.p.i.AbstractProblemLoader Environment load took 103.6ns 
67342      INFO  main            d.u.i.k.p.i.AbstractProblemLoader Creating init config 
69947      DEBUG main            d.u.i.k.p.i.AbstractProblemLoader Init config took 2.6s 
69965      INFO  main            d.u.i.k.p.i.AbstractProblemLoader Replaying proof loop2.key 
69968      DEBUG main            d.u.i.k.p.i.IntermediateProofReplayer Proof replay took 7.8ns 
70572      INFO  main            d.u.i.k.p.r.p.TestFile    ... finished proof: closed. 
70835      INFO  main            d.u.i.k.p.i.AbstractProblemLoader Loading environment from /home/runner/work/key/key/key.core/../key.ui/examples/heap/simple/loop2.key.proof 
70836      DEBUG main            d.u.i.k.p.i.AbstractProblemLoader Environment load took 1.01ms 
70838      INFO  main            d.u.i.k.p.i.AbstractProblemLoader Creating init config 
73325      DEBUG main            d.u.i.k.p.i.AbstractProblemLoader Init config took 2.49s 
73343      INFO  main            d.u.i.k.p.i.AbstractProblemLoader Replaying proof loop2.key.proof 
73477      DEBUG main            d.u.i.k.p.i.IntermediateProofReplayer Proof replay took 128.86ms 
73478      DEBUG main            d.u.i.k.p.r.p.TestFile    ... success: reloaded. 
73480      INFO  main            d.u.i.k.p.r.p.TestFile    Now processing file /home/runner/work/key/key/key.core/../key.ui/examples/heap/simple/modifies_datagroup.key 
73480      INFO  main            d.u.i.k.p.i.AbstractProblemLoader Loading environment from /home/runner/work/key/key/key.core/../key.ui/examples/heap/simple/modifies_datagroup.key 
73480      DEBUG main            d.u.i.k.p.i.AbstractProblemLoader Environment load took 209.5ns 
73482      INFO  main            d.u.i.k.p.i.AbstractProblemLoader Creating init config 
75843      DEBUG main            d.u.i.k.p.i.AbstractProblemLoader Init config took 2.36s 
75859      INFO  main            d.u.i.k.p.i.AbstractProblemLoader Replaying proof modifies_datagroup.key 
75861      DEBUG main            d.u.i.k.p.i.IntermediateProofReplayer Proof replay took 8.6ns 
75963      INFO  main            d.u.i.k.p.r.p.TestFile    ... finished proof: closed. 
76190      INFO  main            d.u.i.k.p.i.AbstractProblemLoader Loading environment from /home/runner/work/key/key/key.core/../key.ui/examples/heap/simple/modifies_datagroup.key.proof 
76190      DEBUG main            d.u.i.k.p.i.AbstractProblemLoader Environment load took 130.5ns 
76192      INFO  main            d.u.i.k.p.i.AbstractProblemLoader Creating init config 
78438      DEBUG main            d.u.i.k.p.i.AbstractProblemLoader Init config took 2.25s 
78454      INFO  main            d.u.i.k.p.i.AbstractProblemLoader Replaying proof modifies_datagroup.key.proof 
78459      DEBUG main            d.u.i.k.p.i.IntermediateProofReplayer Proof replay took 3.35ms 
78460      DEBUG main            d.u.i.k.p.r.p.TestFile    ... success: reloaded. 
78461      INFO  main            d.u.i.k.p.r.p.TestFile    Now processing file /home/runner/work/key/key/key.core/../key.ui/examples/heap/simple/modifies.key 
78461      INFO  main            d.u.i.k.p.i.AbstractProblemLoader Loading environment from /home/runner/work/key/key/key.core/../key.ui/examples/heap/simple/modifies.key 
78462      DEBUG main            d.u.i.k.p.i.AbstractProblemLoader Environment load took 206.6ns 
78464      INFO  main            d.u.i.k.p.i.AbstractProblemLoader Creating init config 
80765      DEBUG main            d.u.i.k.p.i.AbstractProblemLoader Init config took 2.3s 
80781      INFO  main            d.u.i.k.p.i.AbstractProblemLoader Replaying proof modifies.key 
80782      DEBUG main            d.u.i.k.p.i.IntermediateProofReplayer Proof replay took 8.2ns 
80886      INFO  main            d.u.i.k.p.r.p.TestFile    ... finished proof: closed. 
81118      INFO  main            d.u.i.k.p.i.AbstractProblemLoader Loading environment from /home/runner/work/key/key/key.core/../key.ui/examples/heap/simple/modifies.key.proof 
81118      DEBUG main            d.u.i.k.p.i.AbstractProblemLoader Environment load took 124.5ns 
81121      INFO  main            d.u.i.k.p.i.AbstractProblemLoader Creating init config 
83372      DEBUG main            d.u.i.k.p.i.AbstractProblemLoader Init config took 2.25s 
83388      INFO  main            d.u.i.k.p.i.AbstractProblemLoader Replaying proof modifies.key.proof 
83401      DEBUG main            d.u.i.k.p.i.IntermediateProofReplayer Proof replay took 11.18ms 
83402      DEBUG main            d.u.i.k.p.r.p.TestFile    ... success: reloaded. 
83403      INFO  main            d.u.i.k.p.r.p.TestFile    Now processing file /home/runner/work/key/key/key.core/../key.ui/examples/heap/simple/object_creation.key 
83404      INFO  main            d.u.i.k.p.i.AbstractProblemLoader Loading environment from /home/runner/work/key/key/key.core/../key.ui/examples/heap/simple/object_creation.key 
83404      DEBUG main            d.u.i.k.p.i.AbstractProblemLoader Environment load took 220.8ns 
83405      INFO  main            d.u.i.k.p.i.AbstractProblemLoader Creating init config 
85720      DEBUG main            d.u.i.k.p.i.AbstractProblemLoader Init config took 2.31s 
85738      INFO  main            d.u.i.k.p.i.AbstractProblemLoader Replaying proof object_creation.key 
85741      DEBUG main            d.u.i.k.p.i.IntermediateProofReplayer Proof replay took 9.2ns 
85944      INFO  main            d.u.i.k.p.r.p.TestFile    ... finished proof: closed. 
86179      INFO  main            d.u.i.k.p.i.AbstractProblemLoader Loading environment from /home/runner/work/key/key/key.core/../key.ui/examples/heap/simple/object_creation.key.proof 
86179      DEBUG main            d.u.i.k.p.i.AbstractProblemLoader Environment load took 130.5ns 
86180      INFO  main            d.u.i.k.p.i.AbstractProblemLoader Creating init config 
88432      DEBUG main            d.u.i.k.p.i.AbstractProblemLoader Init config took 2.25s 
88448      INFO  main            d.u.i.k.p.i.AbstractProblemLoader Replaying proof object_creation.key.proof 
88503      DEBUG main            d.u.i.k.p.i.IntermediateProofReplayer Proof replay took 52.19ms 
88505      DEBUG main            d.u.i.k.p.r.p.TestFile    ... success: reloaded. 
88505      INFO  main            d.u.i.k.p.r.p.TestFile    Now processing file /home/runner/work/key/key/key.core/../key.ui/examples/heap/simple/operation_contracts.key 
88506      INFO  main            d.u.i.k.p.i.AbstractProblemLoader Loading environment from /home/runner/work/key/key/key.core/../key.ui/examples/heap/simple/operation_contracts.key 
88506      DEBUG main            d.u.i.k.p.i.AbstractProblemLoader Environment load took 100.8ns 
88508      INFO  main            d.u.i.k.p.i.AbstractProblemLoader Creating init config 
91030      DEBUG main            d.u.i.k.p.i.AbstractProblemLoader Init config took 2.52s 
91047      INFO  main            d.u.i.k.p.i.AbstractProblemLoader Replaying proof operation_contracts.key 
91049      DEBUG main            d.u.i.k.p.i.IntermediateProofReplayer Proof replay took 7.7ns 
91862      INFO  main            d.u.i.k.p.r.p.TestFile    ... finished proof: closed. 
92206      INFO  main            d.u.i.k.p.i.AbstractProblemLoader Loading environment from /home/runner/work/key/key/key.core/../key.ui/examples/heap/simple/operation_contracts.key.proof 
92206      DEBUG main            d.u.i.k.p.i.AbstractProblemLoader Environment load took 483.81ns 
92208      INFO  main            d.u.i.k.p.i.AbstractProblemLoader Creating init config 
94676      DEBUG main            d.u.i.k.p.i.AbstractProblemLoader Init config took 2.47s 
94693      INFO  main            d.u.i.k.p.i.AbstractProblemLoader Replaying proof operation_contracts.key.proof 
94825      DEBUG main            d.u.i.k.p.i.IntermediateProofReplayer Proof replay took 123.98ms 
94827      DEBUG main            d.u.i.k.p.r.p.TestFile    ... success: reloaded. 
94829      INFO  main            d.u.i.k.p.r.p.TestFile    Now processing file /home/runner/work/key/key/key.core/../key.ui/examples/heap/simple/select_store.key 
94829      INFO  main            d.u.i.k.p.i.AbstractProblemLoader Loading environment from /home/runner/work/key/key/key.core/../key.ui/examples/heap/simple/select_store.key 
94830      DEBUG main            d.u.i.k.p.i.AbstractProblemLoader Environment load took 217.9ns 
94831      INFO  main            d.u.i.k.p.i.AbstractProblemLoader Creating init config 
97145      DEBUG main            d.u.i.k.p.i.AbstractProblemLoader Init config took 2.31s 
97160      INFO  main            d.u.i.k.p.i.AbstractProblemLoader Replaying proof select_store.key 
97162      DEBUG main            d.u.i.k.p.i.IntermediateProofReplayer Proof replay took 7.1ns 
97264      INFO  main            d.u.i.k.p.r.p.TestFile    ... finished proof: closed. 
97531      INFO  main            d.u.i.k.p.i.AbstractProblemLoader Loading environment from /home/runner/work/key/key/key.core/../key.ui/examples/heap/simple/select_store.key.proof 
97531      DEBUG main            d.u.i.k.p.i.AbstractProblemLoader Environment load took 181.3ns 
97533      INFO  main            d.u.i.k.p.i.AbstractProblemLoader Creating init config 
99752      DEBUG main            d.u.i.k.p.i.AbstractProblemLoader Init config took 2.22s 
99767      INFO  main            d.u.i.k.p.i.AbstractProblemLoader Replaying proof select_store.key.proof 
99771      DEBUG main            d.u.i.k.p.i.IntermediateProofReplayer Proof replay took 2.4ms 
99772      DEBUG main            d.u.i.k.p.r.p.TestFile    ... success: reloaded. 
99773      INFO  main            d.u.i.k.p.r.p.TestFile    Now processing file /home/runner/work/key/key/key.core/../key.ui/examples/heap/simple/selection_sort.key 
99773      INFO  main            d.u.i.k.p.i.AbstractProblemLoader Loading environment from /home/runner/work/key/key/key.core/../key.ui/examples/heap/simple/selection_sort.key 
99773      DEBUG main            d.u.i.k.p.i.AbstractProblemLoader Environment load took 82.6ns 
99774      INFO  main            d.u.i.k.p.i.AbstractProblemLoader Creating init config 
102311     DEBUG main            d.u.i.k.p.i.AbstractProblemLoader Init config took 2.54s 
102327     INFO  main            d.u.i.k.p.i.AbstractProblemLoader Replaying proof selection_sort.key 
102329     DEBUG main            d.u.i.k.p.i.IntermediateProofReplayer Proof replay took 8.3ns 
106168     INFO  main            d.u.i.k.p.r.p.TestFile    ... finished proof: closed. 
106464     INFO  main            d.u.i.k.p.i.AbstractProblemLoader Loading environment from /home/runner/work/key/key/key.core/../key.ui/examples/heap/simple/selection_sort.key.proof 
106464     DEBUG main            d.u.i.k.p.i.AbstractProblemLoader Environment load took 497.01ns 
106466     INFO  main            d.u.i.k.p.i.AbstractProblemLoader Creating init config 
108917     DEBUG main            d.u.i.k.p.i.AbstractProblemLoader Init config took 2.45s 
108933     INFO  main            d.u.i.k.p.i.AbstractProblemLoader Replaying proof selection_sort.key.proof 
109590     DEBUG main            d.u.i.k.p.i.IntermediateProofReplayer Proof replay took 634.86ms 
109593     DEBUG main            d.u.i.k.p.r.p.TestFile    ... success: reloaded. 
109595     INFO  main            d.u.i.k.p.r.p.TestFile    Now processing file /home/runner/work/key/key/key.core/../key.ui/examples/heap/simple/seq.key 
109595     INFO  main            d.u.i.k.p.i.AbstractProblemLoader Loading environment from /home/runner/work/key/key/key.core/../key.ui/examples/heap/simple/seq.key 
109595     DEBUG main            d.u.i.k.p.i.AbstractProblemLoader Environment load took 240.2ns 
109597     INFO  main            d.u.i.k.p.i.AbstractProblemLoader Creating init config 
111954     DEBUG main            d.u.i.k.p.i.AbstractProblemLoader Init config took 2.36s 
111971     INFO  main            d.u.i.k.p.i.AbstractProblemLoader Replaying proof seq.key 
111973     DEBUG main            d.u.i.k.p.i.IntermediateProofReplayer Proof replay took 15.5ns 
112377     INFO  main            d.u.i.k.p.r.p.TestFile    ... finished proof: closed. 
112723     INFO  main            d.u.i.k.p.i.AbstractProblemLoader Loading environment from /home/runner/work/key/key/key.core/../key.ui/examples/heap/simple/seq.key.proof 
112724     DEBUG main            d.u.i.k.p.i.AbstractProblemLoader Environment load took 532.21ns 
112726     INFO  main            d.u.i.k.p.i.AbstractProblemLoader Creating init config 
114934     DEBUG main            d.u.i.k.p.i.AbstractProblemLoader Init config took 2.21s 
114949     INFO  main            d.u.i.k.p.i.AbstractProblemLoader Replaying proof seq.key.proof 
115001     DEBUG main            d.u.i.k.p.i.IntermediateProofReplayer Proof replay took 47.89ms 
115002     DEBUG main            d.u.i.k.p.r.p.TestFile    ... success: reloaded. 
115003     INFO  main            d.u.i.k.p.r.p.TestFile    Now processing file /home/runner/work/key/key/key.core/../key.ui/examples/heap/simple/oldForParams.key 
115003     INFO  main            d.u.i.k.p.i.AbstractProblemLoader Loading environment from /home/runner/work/key/key/key.core/../key.ui/examples/heap/simple/oldForParams.key 
115003     DEBUG main            d.u.i.k.p.i.AbstractProblemLoader Environment load took 100.4ns 
115004     INFO  main            d.u.i.k.p.i.AbstractProblemLoader Creating init config 
117490     DEBUG main            d.u.i.k.p.i.AbstractProblemLoader Init config took 2.49s 
117552     INFO  main            d.u.i.k.p.i.AbstractProblemLoader Replaying proof OldForParameters[OldForParameters::method(int)].JML operation contract.0 
117554     DEBUG main            d.u.i.k.p.i.IntermediateProofReplayer Proof replay took 7.4ns 
117757     INFO  main            d.u.i.k.p.r.p.TestFile    ... finished proof: closed. 
118041     INFO  main            d.u.i.k.p.i.AbstractProblemLoader Loading environment from /home/runner/work/key/key/key.core/../key.ui/examples/heap/simple/oldForParams.key.proof 
118041     DEBUG main            d.u.i.k.p.i.AbstractProblemLoader Environment load took 124ns 
118042     INFO  main            d.u.i.k.p.i.AbstractProblemLoader Creating init config 
120470     DEBUG main            d.u.i.k.p.i.AbstractProblemLoader Init config took 2.43s 
120511     INFO  main            d.u.i.k.p.i.AbstractProblemLoader Replaying proof OldForParameters[OldForParameters::method(int)].JML operation contract.0 
120558     DEBUG main            d.u.i.k.p.i.IntermediateProofReplayer Proof replay took 45.01ms 
120559     DEBUG main            d.u.i.k.p.r.p.TestFile    ... success: reloaded. 
120560     INFO  main            d.u.i.k.p.r.p.TestFile    Now processing file /home/runner/work/key/key/key.core/../key.ui/examples/heap/simple/parse_lmtd.key 
120561     INFO  main            d.u.i.k.p.i.AbstractProblemLoader Loading environment from /home/runner/work/key/key/key.core/../key.ui/examples/heap/simple/parse_lmtd.key 
120561     DEBUG main            d.u.i.k.p.i.AbstractProblemLoader Environment load took 97.5ns 
120562     INFO  main            d.u.i.k.p.i.AbstractProblemLoader Creating init config 
123066     DEBUG main            d.u.i.k.p.i.AbstractProblemLoader Init config took 2.5s 
123110     INFO  main            d.u.i.k.p.i.AbstractProblemLoader Replaying proof ParseLmtd[ParseLmtd::simple(int)].JML normal_behavior operation contract.0 
123112     DEBUG main            d.u.i.k.p.i.IntermediateProofReplayer Proof replay took 6.1ns 
123217     INFO  main            d.u.i.k.p.r.p.TestFile    ... finished proof: closed. 
123494     INFO  main            d.u.i.k.p.i.AbstractProblemLoader Loading environment from /home/runner/work/key/key/key.core/../key.ui/examples/heap/simple/parse_lmtd.key.proof 
123494     DEBUG main            d.u.i.k.p.i.AbstractProblemLoader Environment load took 125ns 
123495     INFO  main            d.u.i.k.p.i.AbstractProblemLoader Creating init config 
125932     DEBUG main            d.u.i.k.p.i.AbstractProblemLoader Init config took 2.44s 
125974     INFO  main            d.u.i.k.p.i.AbstractProblemLoader Replaying proof ParseLmtd[ParseLmtd::simple(int)].JML normal_behavior operation contract.0 
125999     DEBUG main            d.u.i.k.p.i.IntermediateProofReplayer Proof replay took 23.05ms 
126000     DEBUG main            d.u.i.k.p.r.p.TestFile    ... success: reloaded. 
126001     INFO  main            d.u.i.k.p.r.p.TestFile    Now processing file /home/runner/work/key/key/key.core/../key.ui/examples/heap/strictly_pure/strictlyPureMethod.key 
126001     INFO  main            d.u.i.k.p.i.AbstractProblemLoader Loading environment from /home/runner/work/key/key/key.core/../key.ui/examples/heap/strictly_pure/strictlyPureMethod.key 
126002     DEBUG main            d.u.i.k.p.i.AbstractProblemLoader Environment load took 99.7ns 
126002     INFO  main            d.u.i.k.p.i.AbstractProblemLoader Creating init config 
128402     DEBUG main            d.u.i.k.p.i.AbstractProblemLoader Init config took 2.4s 
128440     INFO  main            d.u.i.k.p.i.AbstractProblemLoader Replaying proof StrictlyPure[StrictlyPure::strictlyPureMethod()].JML operation contract.0 
128442     DEBUG main            d.u.i.k.p.i.IntermediateProofReplayer Proof replay took 7.8ns 
128648     INFO  main            d.u.i.k.p.r.p.TestFile    ... finished proof: closed. 
128928     INFO  main            d.u.i.k.p.i.AbstractProblemLoader Loading environment from /home/runner/work/key/key/key.core/../key.ui/examples/heap/strictly_pure/strictlyPureMethod.key.proof 
128928     DEBUG main            d.u.i.k.p.i.AbstractProblemLoader Environment load took 127.3ns 
128929     INFO  main            d.u.i.k.p.i.AbstractProblemLoader Creating init config 
131229     DEBUG main            d.u.i.k.p.i.AbstractProblemLoader Init config took 2.3s 
131266     INFO  main            d.u.i.k.p.i.AbstractProblemLoader Replaying proof StrictlyPure[StrictlyPure::strictlyPureMethod()].JML operation contract.0 
131305     DEBUG main            d.u.i.k.p.i.IntermediateProofReplayer Proof replay took 36.69ms 
131306     DEBUG main            d.u.i.k.p.r.p.TestFile    ... success: reloaded. 
131307     INFO  main            d.u.i.k.p.r.p.TestFile    Now processing file /home/runner/work/key/key/key.core/../key.ui/examples/heap/strictly_pure/useStrictlyPureMethod.key 
131307     INFO  main            d.u.i.k.p.i.AbstractProblemLoader Loading environment from /home/runner/work/key/key/key.core/../key.ui/examples/heap/strictly_pure/useStrictlyPureMethod.key 
131307     DEBUG main            d.u.i.k.p.i.AbstractProblemLoader Environment load took 101.7ns 
131308     INFO  main            d.u.i.k.p.i.AbstractProblemLoader Creating init config 
133628     DEBUG main            d.u.i.k.p.i.AbstractProblemLoader Init config took 2.32s 
133663     INFO  main            d.u.i.k.p.i.AbstractProblemLoader Replaying proof StrictlyPure[StrictlyPure::useStrictlyPureMethod(StrictlyPureClass)].JML operation contract.0 
133665     DEBUG main            d.u.i.k.p.i.IntermediateProofReplayer Proof replay took 6.2ns 
133869     INFO  main            d.u.i.k.p.r.p.TestFile    ... finished proof: closed. 
134185     INFO  main            d.u.i.k.p.i.AbstractProblemLoader Loading environment from /home/runner/work/key/key/key.core/../key.ui/examples/heap/strictly_pure/useStrictlyPureMethod.key.proof 
134185     DEBUG main            d.u.i.k.p.i.AbstractProblemLoader Environment load took 127.7ns 
134186     INFO  main            d.u.i.k.p.i.AbstractProblemLoader Creating init config 
136465     DEBUG main            d.u.i.k.p.i.AbstractProblemLoader Init config took 2.28s 
136501     INFO  main            d.u.i.k.p.i.AbstractProblemLoader Replaying proof StrictlyPure[StrictlyPure::useStrictlyPureMethod(StrictlyPureClass)].JML operation contract.0 
136555     DEBUG main            d.u.i.k.p.i.IntermediateProofReplayer Proof replay took 51.88ms 
136556     DEBUG main            d.u.i.k.p.r.p.TestFile    ... success: reloaded. 
136557     INFO  main            d.u.i.k.p.r.p.TestFile    Now processing file /home/runner/work/key/key/key.core/../key.ui/examples/heap/Wellfounded/ackermann.key 
136557     INFO  main            d.u.i.k.p.i.AbstractProblemLoader Loading environment from /home/runner/work/key/key/key.core/../key.ui/examples/heap/Wellfounded/ackermann.key 
136558     DEBUG main            d.u.i.k.p.i.AbstractProblemLoader Environment load took 96.6ns 
136558     INFO  main            d.u.i.k.p.i.AbstractProblemLoader Creating init config 
138920     DEBUG main            d.u.i.k.p.i.AbstractProblemLoader Init config took 2.36s 
138956     INFO  main            d.u.i.k.p.i.AbstractProblemLoader Replaying proof Ackermann[Ackermann::a(int,int)].JML normal_behavior operation contract.0 
138959     DEBUG main            d.u.i.k.p.i.IntermediateProofReplayer Proof replay took 6.9ns 
139261     INFO  main            d.u.i.k.p.r.p.TestFile    ... finished proof: closed. 
139585     INFO  main            d.u.i.k.p.i.AbstractProblemLoader Loading environment from /home/runner/work/key/key/key.core/../key.ui/examples/heap/Wellfounded/ackermann.key.proof 
139585     DEBUG main            d.u.i.k.p.i.AbstractProblemLoader Environment load took 138.7ns 
139586     INFO  main            d.u.i.k.p.i.AbstractProblemLoader Creating init config 
141917     DEBUG main            d.u.i.k.p.i.AbstractProblemLoader Init config took 2.33s 
141955     INFO  main            d.u.i.k.p.i.AbstractProblemLoader Replaying proof Ackermann[Ackermann::a(int,int)].JML normal_behavior operation contract.0 
142018     DEBUG main            d.u.i.k.p.i.IntermediateProofReplayer Proof replay took 59.22ms 
142019     DEBUG main            d.u.i.k.p.r.p.TestFile    ... success: reloaded. 
142020     INFO  main            d.u.i.k.p.r.p.TestFile    Now processing file /home/runner/work/key/key/key.core/../key.ui/examples/standard_key/unicode_test.key 
142021     INFO  main            d.u.i.k.p.i.AbstractProblemLoader Loading environment from /home/runner/work/key/key/key.core/../key.ui/examples/standard_key/unicode_test.key 
142021     DEBUG main            d.u.i.k.p.i.AbstractProblemLoader Environment load took 242.4ns 
142023     INFO  main            d.u.i.k.p.i.AbstractProblemLoader Creating init config 
144333     DEBUG main            d.u.i.k.p.i.AbstractProblemLoader Init config took 2.31s 
144347     INFO  main            d.u.i.k.p.i.AbstractProblemLoader Replaying proof unicode_test.key 
144349     DEBUG main            d.u.i.k.p.i.IntermediateProofReplayer Proof replay took 7.8ns 
144451     INFO  main            d.u.i.k.p.r.p.TestFile    ... finished proof: closed. 
144736     INFO  main            d.u.i.k.p.i.AbstractProblemLoader Loading environment from /home/runner/work/key/key/key.core/../key.ui/examples/standard_key/unicode_test.key.proof 
144736     DEBUG main            d.u.i.k.p.i.AbstractProblemLoader Environment load took 122.2ns 
144738     INFO  main            d.u.i.k.p.i.AbstractProblemLoader Creating init config 
146945     DEBUG main            d.u.i.k.p.i.AbstractProblemLoader Init config took 2.21s 
146960     INFO  main            d.u.i.k.p.i.AbstractProblemLoader Replaying proof unicode_test.key.proof 
146962     DEBUG main            d.u.i.k.p.i.IntermediateProofReplayer Proof replay took 449.41ns 
146963     DEBUG main            d.u.i.k.p.r.p.TestFile    ... success: reloaded. 
146964     INFO  main            d.u.i.k.p.r.p.TestFile    Now processing file /home/runner/work/key/key/key.core/../key.ui/examples/heap/strictlyModular/mayExpand.key 
146964     INFO  main            d.u.i.k.p.i.AbstractProblemLoader Loading environment from /home/runner/work/key/key/key.core/../key.ui/examples/heap/strictlyModular/mayExpand.key 
146964     DEBUG main            d.u.i.k.p.i.AbstractProblemLoader Environment load took 366.21ns 
146965     INFO  main            d.u.i.k.p.i.AbstractProblemLoader Creating init config 
149283     DEBUG main            d.u.i.k.p.i.AbstractProblemLoader Init config took 2.32s 
149319     INFO  main            d.u.i.k.p.i.AbstractProblemLoader Replaying proof Modular[Modular::m()].JML operation contract.0 
149320     DEBUG main            d.u.i.k.p.i.IntermediateProofReplayer Proof replay took 6.7ns 
149422     INFO  main            d.u.i.k.p.r.p.TestFile    ... finished proof: closed. 
149716     INFO  main            d.u.i.k.p.i.AbstractProblemLoader Loading environment from /home/runner/work/key/key/key.core/../key.ui/examples/heap/strictlyModular/mayExpand.key.proof 
149716     DEBUG main            d.u.i.k.p.i.AbstractProblemLoader Environment load took 129.7ns 
149717     INFO  main            d.u.i.k.p.i.AbstractProblemLoader Creating init config 
151987     DEBUG main            d.u.i.k.p.i.AbstractProblemLoader Init config took 2.27s 
152023     INFO  main            d.u.i.k.p.i.AbstractProblemLoader Replaying proof Modular[Modular::m()].JML operation contract.0 
152039     DEBUG main            d.u.i.k.p.i.IntermediateProofReplayer Proof replay took 14.27ms 
152040     DEBUG main            d.u.i.k.p.r.p.TestFile    ... success: reloaded. 
152041     INFO  main            d.u.i.k.p.r.p.TestFile    Now processing file /home/runner/work/key/key/key.core/../key.ui/examples/heap/strictlyModular/modularOnly.key 
152041     INFO  main            d.u.i.k.p.i.AbstractProblemLoader Loading environment from /home/runner/work/key/key/key.core/../key.ui/examples/heap/strictlyModular/modularOnly.key 
152041     DEBUG main            d.u.i.k.p.i.AbstractProblemLoader Environment load took 114.5ns 
152042     INFO  main            d.u.i.k.p.i.AbstractProblemLoader Creating init config 
154375     DEBUG main            d.u.i.k.p.i.AbstractProblemLoader Init config took 2.33s 
154410     INFO  main            d.u.i.k.p.i.AbstractProblemLoader Replaying proof Modular[Modular::m()].JML operation contract.0 
154411     DEBUG main            d.u.i.k.p.i.IntermediateProofReplayer Proof replay took 6.5ns 
154514     INFO  main            d.u.i.k.p.r.p.TestFile    ... finished proof: open goal(s) 
1929285    INFO  Test worker     d.u.i.k.p.r.RunAllProofsTestUnit Returning from test simpleTests 
1929286    INFO  Test worker     d.u.i.k.p.r.RunAllProofsTestUnit Running test SmansEtAl 
336        INFO  Timeout watchdog d.u.i.k.p.r.p.ForkedTestFileRunner Timeout watcher launched (2000 secs.) 
348        WARN  main            d.u.i.k.s.ProofSettings   The settings in /home/runner/.key/proof-settings.props are *not* read. 
375        INFO  main            d.u.i.k.p.r.p.TestFile    Now processing file /home/runner/work/key/key/key.core/../key.ui/examples/heap/SmansEtAl/ArrayList_add.key 
481        INFO  main            d.u.i.k.p.i.AbstractProblemLoader Loading environment from /home/runner/work/key/key/key.core/../key.ui/examples/heap/SmansEtAl/ArrayList_add.key 
507        DEBUG main            d.u.i.k.p.i.AbstractProblemLoader Environment load took 2.2ms 
725        INFO  main            d.u.i.k.p.i.AbstractProblemLoader Creating init config 
1542       DEBUG main            d.u.i.k.j.TypeConverter   No LDT found for Meta 
1543       DEBUG main            d.u.i.k.j.TypeConverter   No LDT found for Meta 
1544       DEBUG main            d.u.i.k.j.TypeConverter   No LDT found for Meta 
1544       DEBUG main            d.u.i.k.j.TypeConverter   No LDT found for Meta 
2812       DEBUG main            d.u.i.k.j.TypeConverter   No LDT found for JavaBigintExpression 
8109       DEBUG main            d.u.i.k.p.i.AbstractProblemLoader Init config took 7.38s 
8284       INFO  main            d.u.i.k.p.i.AbstractProblemLoader Replaying proof ArrayList[ArrayList::add(java.lang.Object)].JML normal_behavior operation contract.0 
8318       DEBUG main            d.u.i.k.p.i.IntermediateProofReplayer Proof replay took 34.7ns 
15816      INFO  main            d.u.i.k.p.r.p.TestFile    ... finished proof: closed. 
16016      INFO  main            d.u.i.k.p.i.AbstractProblemLoader Loading environment from /home/runner/work/key/key/key.core/../key.ui/examples/heap/SmansEtAl/ArrayList_add.key.proof 
16017      DEBUG main            d.u.i.k.p.i.AbstractProblemLoader Environment load took 1.61ms 
16021      INFO  main            d.u.i.k.p.i.AbstractProblemLoader Creating init config 
19107      DEBUG main            d.u.i.k.p.i.AbstractProblemLoader Init config took 3.09s 
19184      INFO  main            d.u.i.k.p.i.AbstractProblemLoader Replaying proof ArrayList[ArrayList::add(java.lang.Object)].JML normal_behavior operation contract.0 
20302      DEBUG main            d.u.i.k.p.i.IntermediateProofReplayer Proof replay took 1.07s 
20313      DEBUG main            d.u.i.k.p.r.p.TestFile    ... success: reloaded. 
20315      INFO  main            d.u.i.k.p.r.p.TestFile    Now processing file /home/runner/work/key/key/key.core/../key.ui/examples/heap/SmansEtAl/ArrayList_ArrayList.key 
20315      INFO  main            d.u.i.k.p.i.AbstractProblemLoader Loading environment from /home/runner/work/key/key/key.core/../key.ui/examples/heap/SmansEtAl/ArrayList_ArrayList.key 
20316      DEBUG main            d.u.i.k.p.i.AbstractProblemLoader Environment load took 243.1ns 
20317      INFO  main            d.u.i.k.p.i.AbstractProblemLoader Creating init config 
23321      DEBUG main            d.u.i.k.p.i.AbstractProblemLoader Init config took 3s 
23393      INFO  main            d.u.i.k.p.i.AbstractProblemLoader Replaying proof ArrayList[ArrayList::ArrayList()].JML normal_behavior operation contract.0 
23397      DEBUG main            d.u.i.k.p.i.IntermediateProofReplayer Proof replay took 10.5ns 
24404      INFO  main            d.u.i.k.p.r.p.TestFile    ... finished proof: closed. 
24593      INFO  main            d.u.i.k.p.i.AbstractProblemLoader Loading environment from /home/runner/work/key/key/key.core/../key.ui/examples/heap/SmansEtAl/ArrayList_ArrayList.key.proof 
24599      DEBUG main            d.u.i.k.p.i.AbstractProblemLoader Environment load took 5.91ms 
24601      INFO  main            d.u.i.k.p.i.AbstractProblemLoader Creating init config 
27477      DEBUG main            d.u.i.k.p.i.AbstractProblemLoader Init config took 2.88s 
27524      INFO  main            d.u.i.k.p.i.AbstractProblemLoader Replaying proof ArrayList[ArrayList::ArrayList()].JML normal_behavior operation contract.0 
27677      DEBUG main            d.u.i.k.p.i.IntermediateProofReplayer Proof replay took 144.71ms 
27679      DEBUG main            d.u.i.k.p.r.p.TestFile    ... success: reloaded. 
27680      INFO  main            d.u.i.k.p.r.p.TestFile    Now processing file /home/runner/work/key/key/key.core/../key.ui/examples/heap/SmansEtAl/ArrayList_footprint.key 
27681      INFO  main            d.u.i.k.p.i.AbstractProblemLoader Loading environment from /home/runner/work/key/key/key.core/../key.ui/examples/heap/SmansEtAl/ArrayList_footprint.key 
27681      DEBUG main            d.u.i.k.p.i.AbstractProblemLoader Environment load took 230.5ns 
27682      INFO  main            d.u.i.k.p.i.AbstractProblemLoader Creating init config 
30549      DEBUG main            d.u.i.k.p.i.AbstractProblemLoader Init config took 2.87s 
30597      INFO  main            d.u.i.k.p.i.AbstractProblemLoader Replaying proof ArrayList[ArrayList::$footprint()].JML accessible clause.0 
30599      DEBUG main            d.u.i.k.p.i.IntermediateProofReplayer Proof replay took 6.8ns 
30702      INFO  main            d.u.i.k.p.r.p.TestFile    ... finished proof: closed. 
30872      INFO  main            d.u.i.k.p.i.AbstractProblemLoader Loading environment from /home/runner/work/key/key/key.core/../key.ui/examples/heap/SmansEtAl/ArrayList_footprint.key.proof 
30872      DEBUG main            d.u.i.k.p.i.AbstractProblemLoader Environment load took 144.1ns 
30873      INFO  main            d.u.i.k.p.i.AbstractProblemLoader Creating init config 
33733      DEBUG main            d.u.i.k.p.i.AbstractProblemLoader Init config took 2.86s 
33792      INFO  main            d.u.i.k.p.i.AbstractProblemLoader Replaying proof ArrayList[ArrayList::$footprint()].JML accessible clause.0 
33808      DEBUG main            d.u.i.k.p.i.IntermediateProofReplayer Proof replay took 12.98ms 
33811      DEBUG main            d.u.i.k.p.r.p.TestFile    ... success: reloaded. 
33812      INFO  main            d.u.i.k.p.r.p.TestFile    Now processing file /home/runner/work/key/key/key.core/../key.ui/examples/heap/SmansEtAl/ArrayList_get_dep.key 
33813      INFO  main            d.u.i.k.p.i.AbstractProblemLoader Loading environment from /home/runner/work/key/key/key.core/../key.ui/examples/heap/SmansEtAl/ArrayList_get_dep.key 
33813      DEBUG main            d.u.i.k.p.i.AbstractProblemLoader Environment load took 325.51ns 
33814      INFO  main            d.u.i.k.p.i.AbstractProblemLoader Creating init config 
36643      DEBUG main            d.u.i.k.p.i.AbstractProblemLoader Init config took 2.83s 
36705      INFO  main            d.u.i.k.p.i.AbstractProblemLoader Replaying proof ArrayList[ArrayList::get(int)].JML accessible clause.0 
36708      DEBUG main            d.u.i.k.p.i.IntermediateProofReplayer Proof replay took 7ns 
37011      INFO  main            d.u.i.k.p.r.p.TestFile    ... finished proof: closed. 
37189      INFO  main            d.u.i.k.p.i.AbstractProblemLoader Loading environment from /home/runner/work/key/key/key.core/../key.ui/examples/heap/SmansEtAl/ArrayList_get_dep.key.proof 
37191      DEBUG main            d.u.i.k.p.i.AbstractProblemLoader Environment load took 1.46ms 
37192      INFO  main            d.u.i.k.p.i.AbstractProblemLoader Creating init config 
39979      DEBUG main            d.u.i.k.p.i.AbstractProblemLoader Init config took 2.79s 
40021      INFO  main            d.u.i.k.p.i.AbstractProblemLoader Replaying proof ArrayList[ArrayList::get(int)].JML accessible clause.0 
40079      DEBUG main            d.u.i.k.p.i.IntermediateProofReplayer Proof replay took 53.45ms 
40080      DEBUG main            d.u.i.k.p.r.p.TestFile    ... success: reloaded. 
40081      INFO  main            d.u.i.k.p.r.p.TestFile    Now processing file /home/runner/work/key/key/key.core/../key.ui/examples/heap/SmansEtAl/ArrayList_get.key 
40081      INFO  main            d.u.i.k.p.i.AbstractProblemLoader Loading environment from /home/runner/work/key/key/key.core/../key.ui/examples/heap/SmansEtAl/ArrayList_get.key 
40081      DEBUG main            d.u.i.k.p.i.AbstractProblemLoader Environment load took 98.5ns 
40082      INFO  main            d.u.i.k.p.i.AbstractProblemLoader Creating init config 
42902      DEBUG main            d.u.i.k.p.i.AbstractProblemLoader Init config took 2.82s 
42953      INFO  main            d.u.i.k.p.i.AbstractProblemLoader Replaying proof ArrayList[ArrayList::get(int)].JML normal_behavior operation contract.0 
42955      DEBUG main            d.u.i.k.p.i.IntermediateProofReplayer Proof replay took 6.7ns 
43157      INFO  main            d.u.i.k.p.r.p.TestFile    ... finished proof: closed. 
43339      INFO  main            d.u.i.k.p.i.AbstractProblemLoader Loading environment from /home/runner/work/key/key/key.core/../key.ui/examples/heap/SmansEtAl/ArrayList_get.key.proof 
43339      DEBUG main            d.u.i.k.p.i.AbstractProblemLoader Environment load took 140.4ns 
43340      INFO  main            d.u.i.k.p.i.AbstractProblemLoader Creating init config 
46058      DEBUG main            d.u.i.k.p.i.AbstractProblemLoader Init config took 2.72s 
46099      INFO  main            d.u.i.k.p.i.AbstractProblemLoader Replaying proof ArrayList[ArrayList::get(int)].JML normal_behavior operation contract.0 
46131      DEBUG main            d.u.i.k.p.i.IntermediateProofReplayer Proof replay took 28.98ms 
46132      DEBUG main            d.u.i.k.p.r.p.TestFile    ... success: reloaded. 
46133      INFO  main            d.u.i.k.p.r.p.TestFile    Now processing file /home/runner/work/key/key/key.core/../key.ui/examples/heap/SmansEtAl/ArrayList_inv.key 
46133      INFO  main            d.u.i.k.p.i.AbstractProblemLoader Loading environment from /home/runner/work/key/key/key.core/../key.ui/examples/heap/SmansEtAl/ArrayList_inv.key 
46134      DEBUG main            d.u.i.k.p.i.AbstractProblemLoader Environment load took 132.1ns 
46135      INFO  main            d.u.i.k.p.i.AbstractProblemLoader Creating init config 
48935      DEBUG main            d.u.i.k.p.i.AbstractProblemLoader Init config took 2.8s 
48976      INFO  main            d.u.i.k.p.i.AbstractProblemLoader Replaying proof ArrayList[java.lang.Object::<inv>()].JML accessible clause.0 
48978      DEBUG main            d.u.i.k.p.i.IntermediateProofReplayer Proof replay took 8.2ns 
49083      INFO  main            d.u.i.k.p.r.p.TestFile    ... finished proof: closed. 
49257      INFO  main            d.u.i.k.p.i.AbstractProblemLoader Loading environment from /home/runner/work/key/key/key.core/../key.ui/examples/heap/SmansEtAl/ArrayList_inv.key.proof 
49258      DEBUG main            d.u.i.k.p.i.AbstractProblemLoader Environment load took 149.5ns 
49260      INFO  main            d.u.i.k.p.i.AbstractProblemLoader Creating init config 
52000      DEBUG main            d.u.i.k.p.i.AbstractProblemLoader Init config took 2.74s 
52041      INFO  main            d.u.i.k.p.i.AbstractProblemLoader Replaying proof ArrayList[java.lang.Object::<inv>()].JML accessible clause.0 
52053      DEBUG main            d.u.i.k.p.i.IntermediateProofReplayer Proof replay took 9.94ms 
52054      DEBUG main            d.u.i.k.p.r.p.TestFile    ... success: reloaded. 
52055      INFO  main            d.u.i.k.p.r.p.TestFile    Now processing file /home/runner/work/key/key/key.core/../key.ui/examples/heap/SmansEtAl/ArrayList_size_dep.key 
52055      INFO  main            d.u.i.k.p.i.AbstractProblemLoader Loading environment from /home/runner/work/key/key/key.core/../key.ui/examples/heap/SmansEtAl/ArrayList_size_dep.key 
52055      DEBUG main            d.u.i.k.p.i.AbstractProblemLoader Environment load took 99.8ns 
52056      INFO  main            d.u.i.k.p.i.AbstractProblemLoader Creating init config 
54829      DEBUG main            d.u.i.k.p.i.AbstractProblemLoader Init config took 2.77s 
54867      INFO  main            d.u.i.k.p.i.AbstractProblemLoader Replaying proof ArrayList[ArrayList::size()].JML accessible clause.0 
54869      DEBUG main            d.u.i.k.p.i.IntermediateProofReplayer Proof replay took 6.7ns 
54972      INFO  main            d.u.i.k.p.r.p.TestFile    ... finished proof: closed. 
55164      INFO  main            d.u.i.k.p.i.AbstractProblemLoader Loading environment from /home/runner/work/key/key/key.core/../key.ui/examples/heap/SmansEtAl/ArrayList_size_dep.key.proof 
55164      DEBUG main            d.u.i.k.p.i.AbstractProblemLoader Environment load took 142.1ns 
55165      INFO  main            d.u.i.k.p.i.AbstractProblemLoader Creating init config 
57850      DEBUG main            d.u.i.k.p.i.AbstractProblemLoader Init config took 2.68s 
57888      INFO  main            d.u.i.k.p.i.AbstractProblemLoader Replaying proof ArrayList[ArrayList::size()].JML accessible clause.0 
57904      DEBUG main            d.u.i.k.p.i.IntermediateProofReplayer Proof replay took 14.61ms 
57905      DEBUG main            d.u.i.k.p.r.p.TestFile    ... success: reloaded. 
57906      INFO  main            d.u.i.k.p.r.p.TestFile    Now processing file /home/runner/work/key/key/key.core/../key.ui/examples/heap/SmansEtAl/ArrayList_size.key 
57907      INFO  main            d.u.i.k.p.i.AbstractProblemLoader Loading environment from /home/runner/work/key/key/key.core/../key.ui/examples/heap/SmansEtAl/ArrayList_size.key 
57907      DEBUG main            d.u.i.k.p.i.AbstractProblemLoader Environment load took 107.3ns 
57908      INFO  main            d.u.i.k.p.i.AbstractProblemLoader Creating init config 
60674      DEBUG main            d.u.i.k.p.i.AbstractProblemLoader Init config took 2.77s 
60713      INFO  main            d.u.i.k.p.i.AbstractProblemLoader Replaying proof ArrayList[ArrayList::size()].JML normal_behavior operation contract.0 
60718      DEBUG main            d.u.i.k.p.i.IntermediateProofReplayer Proof replay took 7.1ns 
60822      INFO  main            d.u.i.k.p.r.p.TestFile    ... finished proof: closed. 
61010      INFO  main            d.u.i.k.p.i.AbstractProblemLoader Loading environment from /home/runner/work/key/key/key.core/../key.ui/examples/heap/SmansEtAl/ArrayList_size.key.proof 
61010      DEBUG main            d.u.i.k.p.i.AbstractProblemLoader Environment load took 141.6ns 
61011      INFO  main            d.u.i.k.p.i.AbstractProblemLoader Creating init config 
63720      DEBUG main            d.u.i.k.p.i.AbstractProblemLoader Init config took 2.71s 
63758      INFO  main            d.u.i.k.p.i.AbstractProblemLoader Replaying proof ArrayList[ArrayList::size()].JML normal_behavior operation contract.0 
63773      DEBUG main            d.u.i.k.p.i.IntermediateProofReplayer Proof replay took 13.84ms 
63774      DEBUG main            d.u.i.k.p.r.p.TestFile    ... success: reloaded. 
63776      INFO  main            d.u.i.k.p.r.p.TestFile    Now processing file /home/runner/work/key/key/key.core/../key.ui/examples/heap/SmansEtAl/Cell_Cell.key 
63776      INFO  main            d.u.i.k.p.i.AbstractProblemLoader Loading environment from /home/runner/work/key/key/key.core/../key.ui/examples/heap/SmansEtAl/Cell_Cell.key 
63776      DEBUG main            d.u.i.k.p.i.AbstractProblemLoader Environment load took 97.6ns 
63777      INFO  main            d.u.i.k.p.i.AbstractProblemLoader Creating init config 
66520      DEBUG main            d.u.i.k.p.i.AbstractProblemLoader Init config took 2.74s 
66555      INFO  main            d.u.i.k.p.i.AbstractProblemLoader Replaying proof Cell[Cell::Cell()].JML normal_behavior operation contract.0 
66556      DEBUG main            d.u.i.k.p.i.IntermediateProofReplayer Proof replay took 6.2ns 
66759      INFO  main            d.u.i.k.p.r.p.TestFile    ... finished proof: closed. 
66977      INFO  main            d.u.i.k.p.i.AbstractProblemLoader Loading environment from /home/runner/work/key/key/key.core/../key.ui/examples/heap/SmansEtAl/Cell_Cell.key.proof 
66977      DEBUG main            d.u.i.k.p.i.AbstractProblemLoader Environment load took 144.1ns 
66978      INFO  main            d.u.i.k.p.i.AbstractProblemLoader Creating init config 
69690      DEBUG main            d.u.i.k.p.i.AbstractProblemLoader Init config took 2.71s 
69725      INFO  main            d.u.i.k.p.i.AbstractProblemLoader Replaying proof Cell[Cell::Cell()].JML normal_behavior operation contract.0 
69766      DEBUG main            d.u.i.k.p.i.IntermediateProofReplayer Proof replay took 37.63ms 
69767      DEBUG main            d.u.i.k.p.r.p.TestFile    ... success: reloaded. 
69769      INFO  main            d.u.i.k.p.r.p.TestFile    Now processing file /home/runner/work/key/key/key.core/../key.ui/examples/heap/SmansEtAl/Cell_footprint.key 
69769      INFO  main            d.u.i.k.p.i.AbstractProblemLoader Loading environment from /home/runner/work/key/key/key.core/../key.ui/examples/heap/SmansEtAl/Cell_footprint.key 
69769      DEBUG main            d.u.i.k.p.i.AbstractProblemLoader Environment load took 221.1ns 
69770      INFO  main            d.u.i.k.p.i.AbstractProblemLoader Creating init config 
72544      DEBUG main            d.u.i.k.p.i.AbstractProblemLoader Init config took 2.77s 
72579      INFO  main            d.u.i.k.p.i.AbstractProblemLoader Replaying proof Cell[Cell::$footprint()].JML accessible clause.0 
72581      DEBUG main            d.u.i.k.p.i.IntermediateProofReplayer Proof replay took 6.1ns 
72683      INFO  main            d.u.i.k.p.r.p.TestFile    ... finished proof: closed. 
72884      INFO  main            d.u.i.k.p.i.AbstractProblemLoader Loading environment from /home/runner/work/key/key/key.core/../key.ui/examples/heap/SmansEtAl/Cell_footprint.key.proof 
72884      DEBUG main            d.u.i.k.p.i.AbstractProblemLoader Environment load took 141.3ns 
72885      INFO  main            d.u.i.k.p.i.AbstractProblemLoader Creating init config 
75556      DEBUG main            d.u.i.k.p.i.AbstractProblemLoader Init config took 2.67s 
75591      INFO  main            d.u.i.k.p.i.AbstractProblemLoader Replaying proof Cell[Cell::$footprint()].JML accessible clause.0 
75596      DEBUG main            d.u.i.k.p.i.IntermediateProofReplayer Proof replay took 3.63ms 
75598      DEBUG main            d.u.i.k.p.r.p.TestFile    ... success: reloaded. 
75599      INFO  main            d.u.i.k.p.r.p.TestFile    Now processing file /home/runner/work/key/key/key.core/../key.ui/examples/heap/SmansEtAl/Cell_getX_dep.key 
75599      INFO  main            d.u.i.k.p.i.AbstractProblemLoader Loading environment from /home/runner/work/key/key/key.core/../key.ui/examples/heap/SmansEtAl/Cell_getX_dep.key 
75600      DEBUG main            d.u.i.k.p.i.AbstractProblemLoader Environment load took 223ns 
75601      INFO  main            d.u.i.k.p.i.AbstractProblemLoader Creating init config 
78371      DEBUG main            d.u.i.k.p.i.AbstractProblemLoader Init config took 2.77s 
78406      INFO  main            d.u.i.k.p.i.AbstractProblemLoader Replaying proof Cell[Cell::getX()].JML accessible clause.0 
78408      DEBUG main            d.u.i.k.p.i.IntermediateProofReplayer Proof replay took 7.8ns 
78512      INFO  main            d.u.i.k.p.r.p.TestFile    ... finished proof: closed. 
78749      INFO  main            d.u.i.k.p.i.AbstractProblemLoader Loading environment from /home/runner/work/key/key/key.core/../key.ui/examples/heap/SmansEtAl/Cell_getX_dep.key.proof 
78749      DEBUG main            d.u.i.k.p.i.AbstractProblemLoader Environment load took 146.6ns 
78751      INFO  main            d.u.i.k.p.i.AbstractProblemLoader Creating init config 
81439      DEBUG main            d.u.i.k.p.i.AbstractProblemLoader Init config took 2.69s 
81478      INFO  main            d.u.i.k.p.i.AbstractProblemLoader Replaying proof Cell[Cell::getX()].JML accessible clause.0 
81494      DEBUG main            d.u.i.k.p.i.IntermediateProofReplayer Proof replay took 13.28ms 
81495      DEBUG main            d.u.i.k.p.r.p.TestFile    ... success: reloaded. 
81496      INFO  main            d.u.i.k.p.r.p.TestFile    Now processing file /home/runner/work/key/key/key.core/../key.ui/examples/heap/SmansEtAl/Cell_getX.key 
81497      INFO  main            d.u.i.k.p.i.AbstractProblemLoader Loading environment from /home/runner/work/key/key/key.core/../key.ui/examples/heap/SmansEtAl/Cell_getX.key 
81497      DEBUG main            d.u.i.k.p.i.AbstractProblemLoader Environment load took 85.3ns 
81498      INFO  main            d.u.i.k.p.i.AbstractProblemLoader Creating init config 
84212      DEBUG main            d.u.i.k.p.i.AbstractProblemLoader Init config took 2.71s 
84264      INFO  main            d.u.i.k.p.i.AbstractProblemLoader Replaying proof Cell[Cell::getX()].JML normal_behavior operation contract.0 
84266      DEBUG main            d.u.i.k.p.i.IntermediateProofReplayer Proof replay took 6.9ns 
84368      INFO  main            d.u.i.k.p.r.p.TestFile    ... finished proof: closed. 
84584      INFO  main            d.u.i.k.p.i.AbstractProblemLoader Loading environment from /home/runner/work/key/key/key.core/../key.ui/examples/heap/SmansEtAl/Cell_getX.key.proof 
84585      DEBUG main            d.u.i.k.p.i.AbstractProblemLoader Environment load took 147ns 
84586      INFO  main            d.u.i.k.p.i.AbstractProblemLoader Creating init config 
87251      DEBUG main            d.u.i.k.p.i.AbstractProblemLoader Init config took 2.67s 
87285      INFO  main            d.u.i.k.p.i.AbstractProblemLoader Replaying proof Cell[Cell::getX()].JML normal_behavior operation contract.0 
87298      DEBUG main            d.u.i.k.p.i.IntermediateProofReplayer Proof replay took 11.35ms 
87299      DEBUG main            d.u.i.k.p.r.p.TestFile    ... success: reloaded. 
87301      INFO  main            d.u.i.k.p.r.p.TestFile    Now processing file /home/runner/work/key/key/key.core/../key.ui/examples/heap/SmansEtAl/Cell_inv.key 
87301      INFO  main            d.u.i.k.p.i.AbstractProblemLoader Loading environment from /home/runner/work/key/key/key.core/../key.ui/examples/heap/SmansEtAl/Cell_inv.key 
87301      DEBUG main            d.u.i.k.p.i.AbstractProblemLoader Environment load took 212.9ns 
87302      INFO  main            d.u.i.k.p.i.AbstractProblemLoader Creating init config 
90068      DEBUG main            d.u.i.k.p.i.AbstractProblemLoader Init config took 2.77s 
90108      INFO  main            d.u.i.k.p.i.AbstractProblemLoader Replaying proof Cell[java.lang.Object::<inv>()].JML accessible clause.0 
90109      DEBUG main            d.u.i.k.p.i.IntermediateProofReplayer Proof replay took 7.7ns 
90212      INFO  main            d.u.i.k.p.r.p.TestFile    ... finished proof: closed. 
90433      INFO  main            d.u.i.k.p.i.AbstractProblemLoader Loading environment from /home/runner/work/key/key/key.core/../key.ui/examples/heap/SmansEtAl/Cell_inv.key.proof 
90434      DEBUG main            d.u.i.k.p.i.AbstractProblemLoader Environment load took 137.3ns 
90435      INFO  main            d.u.i.k.p.i.AbstractProblemLoader Creating init config 
93087      DEBUG main            d.u.i.k.p.i.AbstractProblemLoader Init config took 2.65s 
93120      INFO  main            d.u.i.k.p.i.AbstractProblemLoader Replaying proof Cell[java.lang.Object::<inv>()].JML accessible clause.0 
93123      DEBUG main            d.u.i.k.p.i.IntermediateProofReplayer Proof replay took 1.6ms 
93124      DEBUG main            d.u.i.k.p.r.p.TestFile    ... success: reloaded. 
93125      INFO  main            d.u.i.k.p.r.p.TestFile    Now processing file /home/runner/work/key/key/key.core/../key.ui/examples/heap/SmansEtAl/Cell_setX.key 
93125      INFO  main            d.u.i.k.p.i.AbstractProblemLoader Loading environment from /home/runner/work/key/key/key.core/../key.ui/examples/heap/SmansEtAl/Cell_setX.key 
93125      DEBUG main            d.u.i.k.p.i.AbstractProblemLoader Environment load took 59.9ns 
93126      INFO  main            d.u.i.k.p.i.AbstractProblemLoader Creating init config 
95856      DEBUG main            d.u.i.k.p.i.AbstractProblemLoader Init config took 2.73s 
95890      INFO  main            d.u.i.k.p.i.AbstractProblemLoader Replaying proof Cell[Cell::setX(int)].JML normal_behavior operation contract.0 
95892      DEBUG main            d.u.i.k.p.i.IntermediateProofReplayer Proof replay took 7.1ns 
95994      INFO  main            d.u.i.k.p.r.p.TestFile    ... finished proof: closed. 
96232      INFO  main            d.u.i.k.p.i.AbstractProblemLoader Loading environment from /home/runner/work/key/key/key.core/../key.ui/examples/heap/SmansEtAl/Cell_setX.key.proof 
96232      DEBUG main            d.u.i.k.p.i.AbstractProblemLoader Environment load took 136.7ns 
96233      INFO  main            d.u.i.k.p.i.AbstractProblemLoader Creating init config 
98880      DEBUG main            d.u.i.k.p.i.AbstractProblemLoader Init config took 2.65s 
98928      INFO  main            d.u.i.k.p.i.AbstractProblemLoader Replaying proof Cell[Cell::setX(int)].JML normal_behavior operation contract.0 
98952      DEBUG main            d.u.i.k.p.i.IntermediateProofReplayer Proof replay took 21.81ms 
98953      DEBUG main            d.u.i.k.p.r.p.TestFile    ... success: reloaded. 
98954      INFO  main            d.u.i.k.p.r.p.TestFile    Now processing file /home/runner/work/key/key/key.core/../key.ui/examples/heap/SmansEtAl/CellClient_m.key 
98954      INFO  main            d.u.i.k.p.i.AbstractProblemLoader Loading environment from /home/runner/work/key/key/key.core/../key.ui/examples/heap/SmansEtAl/CellClient_m.key 
98954      DEBUG main            d.u.i.k.p.i.AbstractProblemLoader Environment load took 122.2ns 
98955      INFO  main            d.u.i.k.p.i.AbstractProblemLoader Creating init config 
101661     DEBUG main            d.u.i.k.p.i.AbstractProblemLoader Init config took 2.71s 
101695     INFO  main            d.u.i.k.p.i.AbstractProblemLoader Replaying proof CellClient[CellClient::m()].JML operation contract.0 
101696     DEBUG main            d.u.i.k.p.i.IntermediateProofReplayer Proof replay took 5.7ns 
102200     INFO  main            d.u.i.k.p.r.p.TestFile    ... finished proof: closed. 
102458     INFO  main            d.u.i.k.p.i.AbstractProblemLoader Loading environment from /home/runner/work/key/key/key.core/../key.ui/examples/heap/SmansEtAl/CellClient_m.key.proof 
102458     DEBUG main            d.u.i.k.p.i.AbstractProblemLoader Environment load took 707.81ns 
102460     INFO  main            d.u.i.k.p.i.AbstractProblemLoader Creating init config 
105092     DEBUG main            d.u.i.k.p.i.AbstractProblemLoader Init config took 2.63s 
105127     INFO  main            d.u.i.k.p.i.AbstractProblemLoader Replaying proof CellClient[CellClient::m()].JML operation contract.0 
105223     DEBUG main            d.u.i.k.p.i.IntermediateProofReplayer Proof replay took 91.73ms 
105224     DEBUG main            d.u.i.k.p.r.p.TestFile    ... success: reloaded. 
105225     INFO  main            d.u.i.k.p.r.p.TestFile    Now processing file /home/runner/work/key/key/key.core/../key.ui/examples/heap/SmansEtAl/Iterator_footprint.key 
105225     INFO  main            d.u.i.k.p.i.AbstractProblemLoader Loading environment from /home/runner/work/key/key/key.core/../key.ui/examples/heap/SmansEtAl/Iterator_footprint.key 
105225     DEBUG main            d.u.i.k.p.i.AbstractProblemLoader Environment load took 107.2ns 
105226     INFO  main            d.u.i.k.p.i.AbstractProblemLoader Creating init config 
107945     DEBUG main            d.u.i.k.p.i.AbstractProblemLoader Init config took 2.72s 
108002     INFO  main            d.u.i.k.p.i.AbstractProblemLoader Replaying proof Iterator[Iterator::$footprint()].JML accessible clause.0 
108003     DEBUG main            d.u.i.k.p.i.IntermediateProofReplayer Proof replay took 6.9ns 
108105     INFO  main            d.u.i.k.p.r.p.TestFile    ... finished proof: closed. 
108344     INFO  main            d.u.i.k.p.i.AbstractProblemLoader Loading environment from /home/runner/work/key/key/key.core/../key.ui/examples/heap/SmansEtAl/Iterator_footprint.key.proof 
108344     DEBUG main            d.u.i.k.p.i.AbstractProblemLoader Environment load took 139.5ns 
108345     INFO  main            d.u.i.k.p.i.AbstractProblemLoader Creating init config 
110997     DEBUG main            d.u.i.k.p.i.AbstractProblemLoader Init config took 2.65s 
111034     INFO  main            d.u.i.k.p.i.AbstractProblemLoader Replaying proof Iterator[Iterator::$footprint()].JML accessible clause.0 
111045     DEBUG main            d.u.i.k.p.i.IntermediateProofReplayer Proof replay took 6.28ms 
111046     DEBUG main            d.u.i.k.p.r.p.TestFile    ... success: reloaded. 
111048     INFO  main            d.u.i.k.p.r.p.TestFile    Now processing file /home/runner/work/key/key/key.core/../key.ui/examples/heap/SmansEtAl/Iterator_hasNext_dep.key 
111048     INFO  main            d.u.i.k.p.i.AbstractProblemLoader Loading environment from /home/runner/work/key/key/key.core/../key.ui/examples/heap/SmansEtAl/Iterator_hasNext_dep.key 
111049     DEBUG main            d.u.i.k.p.i.AbstractProblemLoader Environment load took 252.9ns 
111050     INFO  main            d.u.i.k.p.i.AbstractProblemLoader Creating init config 
113768     DEBUG main            d.u.i.k.p.i.AbstractProblemLoader Init config took 2.72s 
113803     INFO  main            d.u.i.k.p.i.AbstractProblemLoader Replaying proof Iterator[Iterator::hasNext()].JML accessible clause.0 
113805     DEBUG main            d.u.i.k.p.i.IntermediateProofReplayer Proof replay took 7.1ns 
114409     INFO  main            d.u.i.k.p.r.p.TestFile    ... finished proof: closed. 
114693     INFO  main            d.u.i.k.p.i.AbstractProblemLoader Loading environment from /home/runner/work/key/key/key.core/../key.ui/examples/heap/SmansEtAl/Iterator_hasNext_dep.key.proof 
114695     DEBUG main            d.u.i.k.p.i.AbstractProblemLoader Environment load took 1.43ms 
114696     INFO  main            d.u.i.k.p.i.AbstractProblemLoader Creating init config 
117321     DEBUG main            d.u.i.k.p.i.AbstractProblemLoader Init config took 2.63s 
117358     INFO  main            d.u.i.k.p.i.AbstractProblemLoader Replaying proof Iterator[Iterator::hasNext()].JML accessible clause.0 
117441     DEBUG main            d.u.i.k.p.i.IntermediateProofReplayer Proof replay took 77.53ms 
117442     DEBUG main            d.u.i.k.p.r.p.TestFile    ... success: reloaded. 
117443     INFO  main            d.u.i.k.p.r.p.TestFile    Now processing file /home/runner/work/key/key/key.core/../key.ui/examples/heap/SmansEtAl/Iterator_hasNext.key 
117443     INFO  main            d.u.i.k.p.i.AbstractProblemLoader Loading environment from /home/runner/work/key/key/key.core/../key.ui/examples/heap/SmansEtAl/Iterator_hasNext.key 
117443     DEBUG main            d.u.i.k.p.i.AbstractProblemLoader Environment load took 124.5ns 
117444     INFO  main            d.u.i.k.p.i.AbstractProblemLoader Creating init config 
120176     DEBUG main            d.u.i.k.p.i.AbstractProblemLoader Init config took 2.73s 
120213     INFO  main            d.u.i.k.p.i.AbstractProblemLoader Replaying proof Iterator[Iterator::hasNext()].JML normal_behavior operation contract.0 
120214     DEBUG main            d.u.i.k.p.i.IntermediateProofReplayer Proof replay took 7.8ns 
120718     INFO  main            d.u.i.k.p.r.p.TestFile    ... finished proof: closed. 
120995     INFO  main            d.u.i.k.p.i.AbstractProblemLoader Loading environment from /home/runner/work/key/key/key.core/../key.ui/examples/heap/SmansEtAl/Iterator_hasNext.key.proof 
120996     DEBUG main            d.u.i.k.p.i.AbstractProblemLoader Environment load took 513.21ns 
120997     INFO  main            d.u.i.k.p.i.AbstractProblemLoader Creating init config 
123627     DEBUG main            d.u.i.k.p.i.AbstractProblemLoader Init config took 2.63s 
123663     INFO  main            d.u.i.k.p.i.AbstractProblemLoader Replaying proof Iterator[Iterator::hasNext()].JML normal_behavior operation contract.0 
123771     DEBUG main            d.u.i.k.p.i.IntermediateProofReplayer Proof replay took 102.63ms 
123772     DEBUG main            d.u.i.k.p.r.p.TestFile    ... success: reloaded. 
123773     INFO  main            d.u.i.k.p.r.p.TestFile    Now processing file /home/runner/work/key/key/key.core/../key.ui/examples/heap/SmansEtAl/Iterator_inv.key 
123773     INFO  main            d.u.i.k.p.i.AbstractProblemLoader Loading environment from /home/runner/work/key/key/key.core/../key.ui/examples/heap/SmansEtAl/Iterator_inv.key 
123773     DEBUG main            d.u.i.k.p.i.AbstractProblemLoader Environment load took 99.3ns 
123774     INFO  main            d.u.i.k.p.i.AbstractProblemLoader Creating init config 
126495     DEBUG main            d.u.i.k.p.i.AbstractProblemLoader Init config took 2.72s 
126531     INFO  main            d.u.i.k.p.i.AbstractProblemLoader Replaying proof Iterator[java.lang.Object::<inv>()].JML accessible clause.0 
126533     DEBUG main            d.u.i.k.p.i.IntermediateProofReplayer Proof replay took 6.9ns 
126740     INFO  main            d.u.i.k.p.r.p.TestFile    ... finished proof: closed. 
127008     INFO  main            d.u.i.k.p.i.AbstractProblemLoader Loading environment from /home/runner/work/key/key/key.core/../key.ui/examples/heap/SmansEtAl/Iterator_inv.key.proof 
127008     DEBUG main            d.u.i.k.p.i.AbstractProblemLoader Environment load took 146.7ns 
127010     INFO  main            d.u.i.k.p.i.AbstractProblemLoader Creating init config 
129630     DEBUG main            d.u.i.k.p.i.AbstractProblemLoader Init config took 2.62s 
129665     INFO  main            d.u.i.k.p.i.AbstractProblemLoader Replaying proof Iterator[java.lang.Object::<inv>()].JML accessible clause.0 
129694     DEBUG main            d.u.i.k.p.i.IntermediateProofReplayer Proof replay took 26ms 
129699     DEBUG main            d.u.i.k.p.r.p.TestFile    ... success: reloaded. 
129701     INFO  main            d.u.i.k.p.r.p.TestFile    Now processing file /home/runner/work/key/key/key.core/../key.ui/examples/heap/SmansEtAl/Iterator_Iterator.key 
129702     INFO  main            d.u.i.k.p.i.AbstractProblemLoader Loading environment from /home/runner/work/key/key/key.core/../key.ui/examples/heap/SmansEtAl/Iterator_Iterator.key 
129702     DEBUG main            d.u.i.k.p.i.AbstractProblemLoader Environment load took 249.3ns 
129703     INFO  main            d.u.i.k.p.i.AbstractProblemLoader Creating init config 
132401     DEBUG main            d.u.i.k.p.i.AbstractProblemLoader Init config took 2.7s 
132437     INFO  main            d.u.i.k.p.i.AbstractProblemLoader Replaying proof Iterator[Iterator::Iterator(ArrayList)].JML normal_behavior operation contract.0 
132439     DEBUG main            d.u.i.k.p.i.IntermediateProofReplayer Proof replay took 6.3ns 
133746     INFO  main            d.u.i.k.p.r.p.TestFile    ... finished proof: closed. 
134029     INFO  main            d.u.i.k.p.i.AbstractProblemLoader Loading environment from /home/runner/work/key/key/key.core/../key.ui/examples/heap/SmansEtAl/Iterator_Iterator.key.proof 
134030     DEBUG main            d.u.i.k.p.i.AbstractProblemLoader Environment load took 492.31ns 
134031     INFO  main            d.u.i.k.p.i.AbstractProblemLoader Creating init config 
136652     DEBUG main            d.u.i.k.p.i.AbstractProblemLoader Init config took 2.62s 
136688     INFO  main            d.u.i.k.p.i.AbstractProblemLoader Replaying proof Iterator[Iterator::Iterator(ArrayList)].JML normal_behavior operation contract.0 
136860     DEBUG main            d.u.i.k.p.i.IntermediateProofReplayer Proof replay took 159.39ms 
136861     DEBUG main            d.u.i.k.p.r.p.TestFile    ... success: reloaded. 
136863     INFO  main            d.u.i.k.p.r.p.TestFile    Now processing file /home/runner/work/key/key/key.core/../key.ui/examples/heap/SmansEtAl/Iterator_list_dep.key 
136863     INFO  main            d.u.i.k.p.i.AbstractProblemLoader Loading environment from /home/runner/work/key/key/key.core/../key.ui/examples/heap/SmansEtAl/Iterator_list_dep.key 
136863     DEBUG main            d.u.i.k.p.i.AbstractProblemLoader Environment load took 232.8ns 
136864     INFO  main            d.u.i.k.p.i.AbstractProblemLoader Creating init config 
139584     DEBUG main            d.u.i.k.p.i.AbstractProblemLoader Init config took 2.72s 
139619     INFO  main            d.u.i.k.p.i.AbstractProblemLoader Replaying proof Iterator[Iterator::list()].JML accessible clause.0 
139620     DEBUG main            d.u.i.k.p.i.IntermediateProofReplayer Proof replay took 7.6ns 
139724     INFO  main            d.u.i.k.p.r.p.TestFile    ... finished proof: closed. 
140010     INFO  main            d.u.i.k.p.i.AbstractProblemLoader Loading environment from /home/runner/work/key/key/key.core/../key.ui/examples/heap/SmansEtAl/Iterator_list_dep.key.proof 
140010     DEBUG main            d.u.i.k.p.i.AbstractProblemLoader Environment load took 121.4ns 
140012     INFO  main            d.u.i.k.p.i.AbstractProblemLoader Creating init config 
142637     DEBUG main            d.u.i.k.p.i.AbstractProblemLoader Init config took 2.62s 
142675     INFO  main            d.u.i.k.p.i.AbstractProblemLoader Replaying proof Iterator[Iterator::list()].JML accessible clause.0 
142694     DEBUG main            d.u.i.k.p.i.IntermediateProofReplayer Proof replay took 16.16ms 
142695     DEBUG main            d.u.i.k.p.r.p.TestFile    ... success: reloaded. 
142696     INFO  main            d.u.i.k.p.r.p.TestFile    Now processing file /home/runner/work/key/key/key.core/../key.ui/examples/heap/SmansEtAl/Iterator_list.key 
142697     INFO  main            d.u.i.k.p.i.AbstractProblemLoader Loading environment from /home/runner/work/key/key/key.core/../key.ui/examples/heap/SmansEtAl/Iterator_list.key 
142697     DEBUG main            d.u.i.k.p.i.AbstractProblemLoader Environment load took 208.3ns 
142698     INFO  main            d.u.i.k.p.i.AbstractProblemLoader Creating init config 
145377     DEBUG main            d.u.i.k.p.i.AbstractProblemLoader Init config took 2.68s 
145432     INFO  main            d.u.i.k.p.i.AbstractProblemLoader Replaying proof Iterator[Iterator::list()].JML normal_behavior operation contract.0 
145434     DEBUG main            d.u.i.k.p.i.IntermediateProofReplayer Proof replay took 6.8ns 
145536     INFO  main            d.u.i.k.p.r.p.TestFile    ... finished proof: closed. 
145814     INFO  main            d.u.i.k.p.i.AbstractProblemLoader Loading environment from /home/runner/work/key/key/key.core/../key.ui/examples/heap/SmansEtAl/Iterator_list.key.proof 
145814     DEBUG main            d.u.i.k.p.i.AbstractProblemLoader Environment load took 123ns 
145815     INFO  main            d.u.i.k.p.i.AbstractProblemLoader Creating init config 
148421     DEBUG main            d.u.i.k.p.i.AbstractProblemLoader Init config took 2.61s 
148457     INFO  main            d.u.i.k.p.i.AbstractProblemLoader Replaying proof Iterator[Iterator::list()].JML normal_behavior operation contract.0 
148473     DEBUG main            d.u.i.k.p.i.IntermediateProofReplayer Proof replay took 13.86ms 
148474     DEBUG main            d.u.i.k.p.r.p.TestFile    ... success: reloaded. 
148475     INFO  main            d.u.i.k.p.r.p.TestFile    Now processing file /home/runner/work/key/key/key.core/../key.ui/examples/heap/SmansEtAl/Iterator_next.key 
148475     INFO  main            d.u.i.k.p.i.AbstractProblemLoader Loading environment from /home/runner/work/key/key/key.core/../key.ui/examples/heap/SmansEtAl/Iterator_next.key 
148475     DEBUG main            d.u.i.k.p.i.AbstractProblemLoader Environment load took 122ns 
148476     INFO  main            d.u.i.k.p.i.AbstractProblemLoader Creating init config 
151156     DEBUG main            d.u.i.k.p.i.AbstractProblemLoader Init config took 2.68s 
151191     INFO  main            d.u.i.k.p.i.AbstractProblemLoader Replaying proof Iterator[Iterator::next()].JML normal_behavior operation contract.0 
151193     DEBUG main            d.u.i.k.p.i.IntermediateProofReplayer Proof replay took 9.3ns 
153927     INFO  main            d.u.i.k.p.r.p.TestFile    ... finished proof: closed. 
154236     INFO  main            d.u.i.k.p.i.AbstractProblemLoader Loading environment from /home/runner/work/key/key/key.core/../key.ui/examples/heap/SmansEtAl/Iterator_next.key.proof 
154237     DEBUG main            d.u.i.k.p.i.AbstractProblemLoader Environment load took 504.41ns 
154239     INFO  main            d.u.i.k.p.i.AbstractProblemLoader Creating init config 
156853     DEBUG main            d.u.i.k.p.i.AbstractProblemLoader Init config took 2.61s 
156888     INFO  main            d.u.i.k.p.i.AbstractProblemLoader Replaying proof Iterator[Iterator::next()].JML normal_behavior operation contract.0 
157181     DEBUG main            d.u.i.k.p.i.IntermediateProofReplayer Proof replay took 275.52ms 
157183     DEBUG main            d.u.i.k.p.r.p.TestFile    ... success: reloaded. 
157184     INFO  main            d.u.i.k.p.r.p.TestFile    Now processing file /home/runner/work/key/key/key.core/../key.ui/examples/heap/SmansEtAl/Stack_footprint.key 
157185     INFO  main            d.u.i.k.p.i.AbstractProblemLoader Loading environment from /home/runner/work/key/key/key.core/../key.ui/examples/heap/SmansEtAl/Stack_footprint.key 
157185     DEBUG main            d.u.i.k.p.i.AbstractProblemLoader Environment load took 149ns 
157186     INFO  main            d.u.i.k.p.i.AbstractProblemLoader Creating init config 
159907     DEBUG main            d.u.i.k.p.i.AbstractProblemLoader Init config took 2.72s 
159941     INFO  main            d.u.i.k.p.i.AbstractProblemLoader Replaying proof Stack[Stack::$footprint()].JML accessible clause.0 
159943     DEBUG main            d.u.i.k.p.i.IntermediateProofReplayer Proof replay took 7.3ns 
160147     INFO  main            d.u.i.k.p.r.p.TestFile    ... finished proof: closed. 
160456     INFO  main            d.u.i.k.p.i.AbstractProblemLoader Loading environment from /home/runner/work/key/key/key.core/../key.ui/examples/heap/SmansEtAl/Stack_footprint.key.proof 
160456     DEBUG main            d.u.i.k.p.i.AbstractProblemLoader Environment load took 123.6ns 
160457     INFO  main            d.u.i.k.p.i.AbstractProblemLoader Creating init config 
163076     DEBUG main            d.u.i.k.p.i.AbstractProblemLoader Init config took 2.62s 
163110     INFO  main            d.u.i.k.p.i.AbstractProblemLoader Replaying proof Stack[Stack::$footprint()].JML accessible clause.0 
163142     DEBUG main            d.u.i.k.p.i.IntermediateProofReplayer Proof replay took 28.27ms 
163144     DEBUG main            d.u.i.k.p.r.p.TestFile    ... success: reloaded. 
163145     INFO  main            d.u.i.k.p.r.p.TestFile    Now processing file /home/runner/work/key/key/key.core/../key.ui/examples/heap/SmansEtAl/Stack_inv.key 
163146     INFO  main            d.u.i.k.p.i.AbstractProblemLoader Loading environment from /home/runner/work/key/key/key.core/../key.ui/examples/heap/SmansEtAl/Stack_inv.key 
163146     DEBUG main            d.u.i.k.p.i.AbstractProblemLoader Environment load took 211.8ns 
163148     INFO  main            d.u.i.k.p.i.AbstractProblemLoader Creating init config 
165853     DEBUG main            d.u.i.k.p.i.AbstractProblemLoader Init config took 2.71s 
165886     INFO  main            d.u.i.k.p.i.AbstractProblemLoader Replaying proof Stack[java.lang.Object::<inv>()].JML accessible clause.0 
165887     DEBUG main            d.u.i.k.p.i.IntermediateProofReplayer Proof replay took 6.3ns 
165992     INFO  main            d.u.i.k.p.r.p.TestFile    ... finished proof: closed. 
166291     INFO  main            d.u.i.k.p.i.AbstractProblemLoader Loading environment from /home/runner/work/key/key/key.core/../key.ui/examples/heap/SmansEtAl/Stack_inv.key.proof 
166291     DEBUG main            d.u.i.k.p.i.AbstractProblemLoader Environment load took 126.7ns 
166293     INFO  main            d.u.i.k.p.i.AbstractProblemLoader Creating init config 
168903     DEBUG main            d.u.i.k.p.i.AbstractProblemLoader Init config took 2.61s 
168936     INFO  main            d.u.i.k.p.i.AbstractProblemLoader Replaying proof Stack[java.lang.Object::<inv>()].JML accessible clause.0 
168947     DEBUG main            d.u.i.k.p.i.IntermediateProofReplayer Proof replay took 9.39ms 
168948     DEBUG main            d.u.i.k.p.r.p.TestFile    ... success: reloaded. 
168949     INFO  main            d.u.i.k.p.r.p.TestFile    Now processing file /home/runner/work/key/key/key.core/../key.ui/examples/heap/SmansEtAl/Stack_push.key 
168950     INFO  main            d.u.i.k.p.i.AbstractProblemLoader Loading environment from /home/runner/work/key/key/key.core/../key.ui/examples/heap/SmansEtAl/Stack_push.key 
168950     DEBUG main            d.u.i.k.p.i.AbstractProblemLoader Environment load took 206.6ns 
168950     INFO  main            d.u.i.k.p.i.AbstractProblemLoader Creating init config 
171621     DEBUG main            d.u.i.k.p.i.AbstractProblemLoader Init config took 2.67s 
171656     INFO  main            d.u.i.k.p.i.AbstractProblemLoader Replaying proof Stack[Stack::push(java.lang.Object)].JML normal_behavior operation contract.0 
171658     DEBUG main            d.u.i.k.p.i.IntermediateProofReplayer Proof replay took 6.7ns 
172362     INFO  main            d.u.i.k.p.r.p.TestFile    ... finished proof: closed. 
172663     INFO  main            d.u.i.k.p.i.AbstractProblemLoader Loading environment from /home/runner/work/key/key/key.core/../key.ui/examples/heap/SmansEtAl/Stack_push.key.proof 
172663     DEBUG main            d.u.i.k.p.i.AbstractProblemLoader Environment load took 133ns 
172665     INFO  main            d.u.i.k.p.i.AbstractProblemLoader Creating init config 
175320     DEBUG main            d.u.i.k.p.i.AbstractProblemLoader Init config took 2.65s 
175355     INFO  main            d.u.i.k.p.i.AbstractProblemLoader Replaying proof Stack[Stack::push(java.lang.Object)].JML normal_behavior operation contract.0 
175473     DEBUG main            d.u.i.k.p.i.IntermediateProofReplayer Proof replay took 113.28ms 
175475     DEBUG main            d.u.i.k.p.r.p.TestFile    ... success: reloaded. 
175476     INFO  main            d.u.i.k.p.r.p.TestFile    Now processing file /home/runner/work/key/key/key.core/../key.ui/examples/heap/SmansEtAl/Stack_size.key 
175476     INFO  main            d.u.i.k.p.i.AbstractProblemLoader Loading environment from /home/runner/work/key/key/key.core/../key.ui/examples/heap/SmansEtAl/Stack_size.key 
175476     DEBUG main            d.u.i.k.p.i.AbstractProblemLoader Environment load took 105.1ns 
175477     INFO  main            d.u.i.k.p.i.AbstractProblemLoader Creating init config 
178113     DEBUG main            d.u.i.k.p.i.AbstractProblemLoader Init config took 2.64s 
178146     INFO  main            d.u.i.k.p.i.AbstractProblemLoader Replaying proof Stack[Stack::size()].JML accessible clause.0 
178147     DEBUG main            d.u.i.k.p.i.IntermediateProofReplayer Proof replay took 8.3ns 
178349     INFO  main            d.u.i.k.p.r.p.TestFile    ... finished proof: closed. 
178660     INFO  main            d.u.i.k.p.i.AbstractProblemLoader Loading environment from /home/runner/work/key/key/key.core/../key.ui/examples/heap/SmansEtAl/Stack_size.key.proof 
178660     DEBUG main            d.u.i.k.p.i.AbstractProblemLoader Environment load took 120.3ns 
178661     INFO  main            d.u.i.k.p.i.AbstractProblemLoader Creating init config 
181277     DEBUG main            d.u.i.k.p.i.AbstractProblemLoader Init config took 2.62s 
181311     INFO  main            d.u.i.k.p.i.AbstractProblemLoader Replaying proof Stack[Stack::size()].JML accessible clause.0 
181355     DEBUG main            d.u.i.k.p.i.IntermediateProofReplayer Proof replay took 41.07ms 
181357     DEBUG main            d.u.i.k.p.r.p.TestFile    ... success: reloaded. 
181359     INFO  main            d.u.i.k.p.r.p.TestFile    Now processing file /home/runner/work/key/key/key.core/../key.ui/examples/heap/SmansEtAl/Stack_Stack.key 
181359     INFO  main            d.u.i.k.p.i.AbstractProblemLoader Loading environment from /home/runner/work/key/key/key.core/../key.ui/examples/heap/SmansEtAl/Stack_Stack.key 
181359     DEBUG main            d.u.i.k.p.i.AbstractProblemLoader Environment load took 209.4ns 
181360     INFO  main            d.u.i.k.p.i.AbstractProblemLoader Creating init config 
184047     DEBUG main            d.u.i.k.p.i.AbstractProblemLoader Init config took 2.69s 
184082     INFO  main            d.u.i.k.p.i.AbstractProblemLoader Replaying proof Stack[Stack::Stack()].JML normal_behavior operation contract.0 
184083     DEBUG main            d.u.i.k.p.i.IntermediateProofReplayer Proof replay took 8.7ns 
185098     INFO  main            d.u.i.k.p.r.p.TestFile    ... finished proof: closed. 
185428     INFO  main            d.u.i.k.p.i.AbstractProblemLoader Loading environment from /home/runner/work/key/key/key.core/../key.ui/examples/heap/SmansEtAl/Stack_Stack.key.proof 
185429     DEBUG main            d.u.i.k.p.i.AbstractProblemLoader Environment load took 330.21ns 
185430     INFO  main            d.u.i.k.p.i.AbstractProblemLoader Creating init config 
188034     DEBUG main            d.u.i.k.p.i.AbstractProblemLoader Init config took 2.6s 
188068     INFO  main            d.u.i.k.p.i.AbstractProblemLoader Replaying proof Stack[Stack::Stack()].JML normal_behavior operation contract.0 
188248     DEBUG main            d.u.i.k.p.i.IntermediateProofReplayer Proof replay took 173.07ms 
188249     DEBUG main            d.u.i.k.p.r.p.TestFile    ... success: reloaded. 
188250     INFO  main            d.u.i.k.p.r.p.TestFile    Now processing file /home/runner/work/key/key/key.core/../key.ui/examples/heap/SmansEtAl/Stack_switchContents.key 
188251     INFO  main            d.u.i.k.p.i.AbstractProblemLoader Loading environment from /home/runner/work/key/key/key.core/../key.ui/examples/heap/SmansEtAl/Stack_switchContents.key 
188251     DEBUG main            d.u.i.k.p.i.AbstractProblemLoader Environment load took 232.2ns 
188252     INFO  main            d.u.i.k.p.i.AbstractProblemLoader Creating init config 
190930     DEBUG main            d.u.i.k.p.i.AbstractProblemLoader Init config took 2.68s 
190963     INFO  main            d.u.i.k.p.i.AbstractProblemLoader Replaying proof Stack[Stack::switchContents(Stack)].JML normal_behavior operation contract.0 
190965     DEBUG main            d.u.i.k.p.i.IntermediateProofReplayer Proof replay took 8.5ns 
195584     INFO  main            d.u.i.k.p.r.p.TestFile    ... finished proof: closed. 
195934     INFO  main            d.u.i.k.p.i.AbstractProblemLoader Loading environment from /home/runner/work/key/key/key.core/../key.ui/examples/heap/SmansEtAl/Stack_switchContents.key.proof 
195934     DEBUG main            d.u.i.k.p.i.AbstractProblemLoader Environment load took 484.91ns 
195938     INFO  main            d.u.i.k.p.i.AbstractProblemLoader Creating init config 
198541     DEBUG main            d.u.i.k.p.i.AbstractProblemLoader Init config took 2.6s 
198576     INFO  main            d.u.i.k.p.i.AbstractProblemLoader Replaying proof Stack[Stack::switchContents(Stack)].JML normal_behavior operation contract.0 
199061     DEBUG main            d.u.i.k.p.i.IntermediateProofReplayer Proof replay took 469.51ms 
199064     DEBUG main            d.u.i.k.p.r.p.TestFile    ... success: reloaded. 
2128549    INFO  Test worker     d.u.i.k.p.r.RunAllProofsTestUnit Returning from test SmansEtAl 
2128550    INFO  Test worker     d.u.i.k.p.r.RunAllProofsTestUnit Running test VACID0 
335        INFO  Timeout watchdog d.u.i.k.p.r.p.ForkedTestFileRunner Timeout watcher launched (2000 secs.) 
362        WARN  main            d.u.i.k.s.ProofSettings   The settings in /home/runner/.key/proof-settings.props are *not* read. 
413        INFO  main            d.u.i.k.p.r.p.TestFile    Now processing file /home/runner/work/key/key/key.core/../key.ui/examples/heap/vacid0_01_SparseArray/Harness_sparseArrayTestHarness1.key 
547        INFO  main            d.u.i.k.p.i.AbstractProblemLoader Loading environment from /home/runner/work/key/key/key.core/../key.ui/examples/heap/vacid0_01_SparseArray/Harness_sparseArrayTestHarness1.key 
563        DEBUG main            d.u.i.k.p.i.AbstractProblemLoader Environment load took 2.3ms 
779        INFO  main            d.u.i.k.p.i.AbstractProblemLoader Creating init config 
1634       DEBUG main            d.u.i.k.j.TypeConverter   No LDT found for Meta 
1634       DEBUG main            d.u.i.k.j.TypeConverter   No LDT found for Meta 
1637       DEBUG main            d.u.i.k.j.TypeConverter   No LDT found for Meta 
1637       DEBUG main            d.u.i.k.j.TypeConverter   No LDT found for Meta 
2906       DEBUG main            d.u.i.k.j.TypeConverter   No LDT found for JavaBigintExpression 
8142       DEBUG main            d.u.i.k.p.i.AbstractProblemLoader Init config took 7.36s 
8262       INFO  main            d.u.i.k.p.i.AbstractProblemLoader Replaying proof Harness[Harness::sparseArrayTestHarness1()].JML normal_behavior operation contract.0 
8296       DEBUG main            d.u.i.k.p.i.IntermediateProofReplayer Proof replay took 35.4ns 
9835       INFO  main            d.u.i.k.p.r.p.TestFile    ... finished proof: closed. 
9972       INFO  main            d.u.i.k.p.i.AbstractProblemLoader Loading environment from /home/runner/work/key/key/key.core/../key.ui/examples/heap/vacid0_01_SparseArray/Harness_sparseArrayTestHarness1.key.proof 
9973       DEBUG main            d.u.i.k.p.i.AbstractProblemLoader Environment load took 264.5ns 
9975       INFO  main            d.u.i.k.p.i.AbstractProblemLoader Creating init config 
13095      DEBUG main            d.u.i.k.p.i.AbstractProblemLoader Init config took 3.12s 
13173      INFO  main            d.u.i.k.p.i.AbstractProblemLoader Replaying proof Harness[Harness::sparseArrayTestHarness1()].JML normal_behavior operation contract.0 
13358      DEBUG main            d.u.i.k.p.i.IntermediateProofReplayer Proof replay took 175.5ms 
13365      DEBUG main            d.u.i.k.p.r.p.TestFile    ... success: reloaded. 
13367      INFO  main            d.u.i.k.p.r.p.TestFile    Now processing file /home/runner/work/key/key/key.core/../key.ui/examples/heap/vacid0_01_SparseArray/Harness_sparseArrayTestHarness2.key 
13368      INFO  main            d.u.i.k.p.i.AbstractProblemLoader Loading environment from /home/runner/work/key/key/key.core/../key.ui/examples/heap/vacid0_01_SparseArray/Harness_sparseArrayTestHarness2.key 
13368      DEBUG main            d.u.i.k.p.i.AbstractProblemLoader Environment load took 269.9ns 
13370      INFO  main            d.u.i.k.p.i.AbstractProblemLoader Creating init config 
16271      DEBUG main            d.u.i.k.p.i.AbstractProblemLoader Init config took 2.9s 
16330      INFO  main            d.u.i.k.p.i.AbstractProblemLoader Replaying proof Harness[Harness::sparseArrayTestHarness2()].JML normal_behavior operation contract.0 
16333      DEBUG main            d.u.i.k.p.i.IntermediateProofReplayer Proof replay took 6.1ns 
25874      INFO  main            d.u.i.k.p.r.p.TestFile    ... finished proof: closed. 
26092      INFO  main            d.u.i.k.p.i.AbstractProblemLoader Loading environment from /home/runner/work/key/key/key.core/../key.ui/examples/heap/vacid0_01_SparseArray/Harness_sparseArrayTestHarness2.key.proof 
26093      DEBUG main            d.u.i.k.p.i.AbstractProblemLoader Environment load took 526.01ns 
26103      INFO  main            d.u.i.k.p.i.AbstractProblemLoader Creating init config 
28923      DEBUG main            d.u.i.k.p.i.AbstractProblemLoader Init config took 2.82s 
28983      INFO  main            d.u.i.k.p.i.AbstractProblemLoader Replaying proof Harness[Harness::sparseArrayTestHarness2()].JML normal_behavior operation contract.0 
30009      DEBUG main            d.u.i.k.p.i.IntermediateProofReplayer Proof replay took 985ms 
30013      DEBUG main            d.u.i.k.p.r.p.TestFile    ... success: reloaded. 
30018      INFO  main            d.u.i.k.p.r.p.TestFile    Now processing file /home/runner/work/key/key/key.core/../key.ui/examples/heap/vacid0_01_SparseArray/MemoryAllocator_alloc_unsigned.key 
30018      INFO  main            d.u.i.k.p.i.AbstractProblemLoader Loading environment from /home/runner/work/key/key/key.core/../key.ui/examples/heap/vacid0_01_SparseArray/MemoryAllocator_alloc_unsigned.key 
30018      DEBUG main            d.u.i.k.p.i.AbstractProblemLoader Environment load took 268.4ns 
30020      INFO  main            d.u.i.k.p.i.AbstractProblemLoader Creating init config 
32856      DEBUG main            d.u.i.k.p.i.AbstractProblemLoader Init config took 2.84s 
32901      INFO  main            d.u.i.k.p.i.AbstractProblemLoader Replaying proof MemoryAllocator[MemoryAllocator::alloc_unsigned(int)].JML normal_behavior operation contract.0 
32903      DEBUG main            d.u.i.k.p.i.IntermediateProofReplayer Proof replay took 5.4ns 
33907      INFO  main            d.u.i.k.p.r.p.TestFile    ... finished proof: closed. 
34092      INFO  main            d.u.i.k.p.i.AbstractProblemLoader Loading environment from /home/runner/work/key/key/key.core/../key.ui/examples/heap/vacid0_01_SparseArray/MemoryAllocator_alloc_unsigned.key.proof 
34093      DEBUG main            d.u.i.k.p.i.AbstractProblemLoader Environment load took 523.61ns 
34094      INFO  main            d.u.i.k.p.i.AbstractProblemLoader Creating init config 
36835      DEBUG main            d.u.i.k.p.i.AbstractProblemLoader Init config took 2.74s 
36879      INFO  main            d.u.i.k.p.i.AbstractProblemLoader Replaying proof MemoryAllocator[MemoryAllocator::alloc_unsigned(int)].JML normal_behavior operation contract.0 
37114      DEBUG main            d.u.i.k.p.i.IntermediateProofReplayer Proof replay took 229.33ms 
37115      DEBUG main            d.u.i.k.p.r.p.TestFile    ... success: reloaded. 
37117      INFO  main            d.u.i.k.p.r.p.TestFile    Now processing file /home/runner/work/key/key/key.core/../key.ui/examples/heap/vacid0_01_SparseArray/MemoryAllocator_alloc.key 
37117      INFO  main            d.u.i.k.p.i.AbstractProblemLoader Loading environment from /home/runner/work/key/key/key.core/../key.ui/examples/heap/vacid0_01_SparseArray/MemoryAllocator_alloc.key 
37118      DEBUG main            d.u.i.k.p.i.AbstractProblemLoader Environment load took 265.8ns 
37119      INFO  main            d.u.i.k.p.i.AbstractProblemLoader Creating init config 
39877      DEBUG main            d.u.i.k.p.i.AbstractProblemLoader Init config took 2.76s 
39919      INFO  main            d.u.i.k.p.i.AbstractProblemLoader Replaying proof MemoryAllocator[MemoryAllocator::alloc(int)].JML normal_behavior operation contract.0 
39921      DEBUG main            d.u.i.k.p.i.IntermediateProofReplayer Proof replay took 6.2ns 
40525      INFO  main            d.u.i.k.p.r.p.TestFile    ... finished proof: closed. 
40689      INFO  main            d.u.i.k.p.i.AbstractProblemLoader Loading environment from /home/runner/work/key/key/key.core/../key.ui/examples/heap/vacid0_01_SparseArray/MemoryAllocator_alloc.key.proof 
40690      DEBUG main            d.u.i.k.p.i.AbstractProblemLoader Environment load took 555.61ns 
40691      INFO  main            d.u.i.k.p.i.AbstractProblemLoader Creating init config 
43372      DEBUG main            d.u.i.k.p.i.AbstractProblemLoader Init config took 2.68s 
43414      INFO  main            d.u.i.k.p.i.AbstractProblemLoader Replaying proof MemoryAllocator[MemoryAllocator::alloc(int)].JML normal_behavior operation contract.0 
43541      DEBUG main            d.u.i.k.p.i.IntermediateProofReplayer Proof replay took 123.11ms 
43542      DEBUG main            d.u.i.k.p.r.p.TestFile    ... success: reloaded. 
43544      INFO  main            d.u.i.k.p.r.p.TestFile    Now processing file /home/runner/work/key/key/key.core/../key.ui/examples/heap/vacid0_01_SparseArray/SparseArray_get_dep.key 
43544      INFO  main            d.u.i.k.p.i.AbstractProblemLoader Loading environment from /home/runner/work/key/key/key.core/../key.ui/examples/heap/vacid0_01_SparseArray/SparseArray_get_dep.key 
43544      DEBUG main            d.u.i.k.p.i.AbstractProblemLoader Environment load took 111.9ns 
43545      INFO  main            d.u.i.k.p.i.AbstractProblemLoader Creating init config 
46271      DEBUG main            d.u.i.k.p.i.AbstractProblemLoader Init config took 2.73s 
46353      INFO  main            d.u.i.k.p.i.AbstractProblemLoader Replaying proof SparseArray[SparseArray::get(int)].JML accessible clause.0 
46355      DEBUG main            d.u.i.k.p.i.IntermediateProofReplayer Proof replay took 5.7ns 
49463      INFO  main            d.u.i.k.p.r.p.TestFile    ... finished proof: closed. 
49710      INFO  main            d.u.i.k.p.i.AbstractProblemLoader Loading environment from /home/runner/work/key/key/key.core/../key.ui/examples/heap/vacid0_01_SparseArray/SparseArray_get_dep.key.proof 
49711      DEBUG main            d.u.i.k.p.i.AbstractProblemLoader Environment load took 508.21ns 
49713      INFO  main            d.u.i.k.p.i.AbstractProblemLoader Creating init config 
52380      DEBUG main            d.u.i.k.p.i.AbstractProblemLoader Init config took 2.67s 
52438      INFO  main            d.u.i.k.p.i.AbstractProblemLoader Replaying proof SparseArray[SparseArray::get(int)].JML accessible clause.0 
52786      DEBUG main            d.u.i.k.p.i.IntermediateProofReplayer Proof replay took 335.97ms 
52788      DEBUG main            d.u.i.k.p.r.p.TestFile    ... success: reloaded. 
52789      INFO  main            d.u.i.k.p.r.p.TestFile    Now processing file /home/runner/work/key/key/key.core/../key.ui/examples/heap/vacid0_01_SparseArray/SparseArray_get.key 
52790      INFO  main            d.u.i.k.p.i.AbstractProblemLoader Loading environment from /home/runner/work/key/key/key.core/../key.ui/examples/heap/vacid0_01_SparseArray/SparseArray_get.key 
52790      DEBUG main            d.u.i.k.p.i.AbstractProblemLoader Environment load took 268.8ns 
52791      INFO  main            d.u.i.k.p.i.AbstractProblemLoader Creating init config 
55547      DEBUG main            d.u.i.k.p.i.AbstractProblemLoader Init config took 2.76s 
55604      INFO  main            d.u.i.k.p.i.AbstractProblemLoader Replaying proof SparseArray[SparseArray::get(int)].JML normal_behavior operation contract.0 
55606      DEBUG main            d.u.i.k.p.i.IntermediateProofReplayer Proof replay took 6.4ns 
57813      INFO  main            d.u.i.k.p.r.p.TestFile    ... finished proof: closed. 
58002      INFO  main            d.u.i.k.p.i.AbstractProblemLoader Loading environment from /home/runner/work/key/key/key.core/../key.ui/examples/heap/vacid0_01_SparseArray/SparseArray_get.key.proof 
58003      DEBUG main            d.u.i.k.p.i.AbstractProblemLoader Environment load took 523.91ns 
58004      INFO  main            d.u.i.k.p.i.AbstractProblemLoader Creating init config 
60651      DEBUG main            d.u.i.k.p.i.AbstractProblemLoader Init config took 2.65s 
60727      INFO  main            d.u.i.k.p.i.AbstractProblemLoader Replaying proof SparseArray[SparseArray::get(int)].JML normal_behavior operation contract.0 
61031      DEBUG main            d.u.i.k.p.i.IntermediateProofReplayer Proof replay took 284.78ms 
61032      DEBUG main            d.u.i.k.p.r.p.TestFile    ... success: reloaded. 
61034      INFO  main            d.u.i.k.p.r.p.TestFile    Now processing file /home/runner/work/key/key/key.core/../key.ui/examples/heap/vacid0_01_SparseArray/SparseArray_inv.key 
61034      INFO  main            d.u.i.k.p.i.AbstractProblemLoader Loading environment from /home/runner/work/key/key/key.core/../key.ui/examples/heap/vacid0_01_SparseArray/SparseArray_inv.key 
61035      DEBUG main            d.u.i.k.p.i.AbstractProblemLoader Environment load took 269.7ns 
61036      INFO  main            d.u.i.k.p.i.AbstractProblemLoader Creating init config 
63773      DEBUG main            d.u.i.k.p.i.AbstractProblemLoader Init config took 2.74s 
63827      INFO  main            d.u.i.k.p.i.AbstractProblemLoader Replaying proof SparseArray[java.lang.Object::<inv>()].JML accessible clause.0 
63828      DEBUG main            d.u.i.k.p.i.IntermediateProofReplayer Proof replay took 5.6ns 
65733      INFO  main            d.u.i.k.p.r.p.TestFile    ... finished proof: closed. 
65926      INFO  main            d.u.i.k.p.i.AbstractProblemLoader Loading environment from /home/runner/work/key/key/key.core/../key.ui/examples/heap/vacid0_01_SparseArray/SparseArray_inv.key.proof 
65926      DEBUG main            d.u.i.k.p.i.AbstractProblemLoader Environment load took 141.1ns 
65927      INFO  main            d.u.i.k.p.i.AbstractProblemLoader Creating init config 
68605      DEBUG main            d.u.i.k.p.i.AbstractProblemLoader Init config took 2.68s 
68658      INFO  main            d.u.i.k.p.i.AbstractProblemLoader Replaying proof SparseArray[java.lang.Object::<inv>()].JML accessible clause.0 
68782      DEBUG main            d.u.i.k.p.i.IntermediateProofReplayer Proof replay took 118.71ms 
68783      DEBUG main            d.u.i.k.p.r.p.TestFile    ... success: reloaded. 
68785      INFO  main            d.u.i.k.p.r.p.TestFile    Now processing file /home/runner/work/key/key/key.core/../key.ui/examples/heap/vacid0_01_SparseArray/SparseArray_SparseArray.key 
68785      INFO  main            d.u.i.k.p.i.AbstractProblemLoader Loading environment from /home/runner/work/key/key/key.core/../key.ui/examples/heap/vacid0_01_SparseArray/SparseArray_SparseArray.key 
68785      DEBUG main            d.u.i.k.p.i.AbstractProblemLoader Environment load took 115.6ns 
68786      INFO  main            d.u.i.k.p.i.AbstractProblemLoader Creating init config 
71422      DEBUG main            d.u.i.k.p.i.AbstractProblemLoader Init config took 2.64s 
71476      INFO  main            d.u.i.k.p.i.AbstractProblemLoader Replaying proof SparseArray[SparseArray::SparseArray(int)].JML normal_behavior operation contract.0 
71478      DEBUG main            d.u.i.k.p.i.IntermediateProofReplayer Proof replay took 6.8ns 
74954      INFO  main            d.u.i.k.p.r.p.TestFile    ... finished proof: closed. 
75188      INFO  main            d.u.i.k.p.i.AbstractProblemLoader Loading environment from /home/runner/work/key/key/key.core/../key.ui/examples/heap/vacid0_01_SparseArray/SparseArray_SparseArray.key.proof 
75188      DEBUG main            d.u.i.k.p.i.AbstractProblemLoader Environment load took 146.9ns 
75189      INFO  main            d.u.i.k.p.i.AbstractProblemLoader Creating init config 
77823      DEBUG main            d.u.i.k.p.i.AbstractProblemLoader Init config took 2.63s 
77877      INFO  main            d.u.i.k.p.i.AbstractProblemLoader Replaying proof SparseArray[SparseArray::SparseArray(int)].JML normal_behavior operation contract.0 
78383      DEBUG main            d.u.i.k.p.i.IntermediateProofReplayer Proof replay took 497.28ms 
78385      DEBUG main            d.u.i.k.p.r.p.TestFile    ... success: reloaded. 
2207124    INFO  Test worker     d.u.i.k.p.r.RunAllProofsTestUnit Returning from test VACID0 
2207126    INFO  Test worker     d.u.i.k.p.r.RunAllProofsTestUnit Running test VSTTE10 
394        INFO  Timeout watchdog d.u.i.k.p.r.p.ForkedTestFileRunner Timeout watcher launched (2000 secs.) 
418        WARN  main            d.u.i.k.s.ProofSettings   The settings in /home/runner/.key/proof-settings.props are *not* read. 
462        INFO  main            d.u.i.k.p.r.p.TestFile    Now processing file /home/runner/work/key/key/key.core/../key.ui/examples/heap/vstte10_01_SumAndMax/SumAndMax_sumAndMax.key 
610        INFO  main            d.u.i.k.p.i.AbstractProblemLoader Loading environment from /home/runner/work/key/key/key.core/../key.ui/examples/heap/vstte10_01_SumAndMax/SumAndMax_sumAndMax.key 
631        DEBUG main            d.u.i.k.p.i.AbstractProblemLoader Environment load took 1.84ms 
840        INFO  main            d.u.i.k.p.i.AbstractProblemLoader Creating init config 
1857       DEBUG main            d.u.i.k.j.TypeConverter   No LDT found for Meta 
1858       DEBUG main            d.u.i.k.j.TypeConverter   No LDT found for Meta 
1861       DEBUG main            d.u.i.k.j.TypeConverter   No LDT found for Meta 
1861       DEBUG main            d.u.i.k.j.TypeConverter   No LDT found for Meta 
3532       DEBUG main            d.u.i.k.j.TypeConverter   No LDT found for JavaBigintExpression 
8711       DEBUG main            d.u.i.k.p.i.AbstractProblemLoader Init config took 7.87s 
8839       INFO  main            d.u.i.k.p.i.AbstractProblemLoader Replaying proof SumAndMax[SumAndMax::sumAndMax([I)].JML normal_behavior operation contract.0 
8874       DEBUG main            d.u.i.k.p.i.IntermediateProofReplayer Proof replay took 34ns 
14046      INFO  main            d.u.i.k.p.r.p.TestFile    ... finished proof: closed. 
14276      INFO  main            d.u.i.k.p.i.AbstractProblemLoader Loading environment from /home/runner/work/key/key/key.core/../key.ui/examples/heap/vstte10_01_SumAndMax/SumAndMax_sumAndMax.key.proof 
14278      DEBUG main            d.u.i.k.p.i.AbstractProblemLoader Environment load took 2.22ms 
14282      INFO  main            d.u.i.k.p.i.AbstractProblemLoader Creating init config 
17046      DEBUG main            d.u.i.k.p.i.AbstractProblemLoader Init config took 2.76s 
17114      INFO  main            d.u.i.k.p.i.AbstractProblemLoader Replaying proof SumAndMax[SumAndMax::sumAndMax([I)].JML normal_behavior operation contract.0 
17812      DEBUG main            d.u.i.k.p.i.IntermediateProofReplayer Proof replay took 675.84ms 
17822      DEBUG main            d.u.i.k.p.r.p.TestFile    ... success: reloaded. 
17824      INFO  main            d.u.i.k.p.r.p.TestFile    Now processing file /home/runner/work/key/key/key.core/../key.ui/examples/heap/vstte10_03_LinkedList/Node_cons.key 
17824      INFO  main            d.u.i.k.p.i.AbstractProblemLoader Loading environment from /home/runner/work/key/key/key.core/../key.ui/examples/heap/vstte10_03_LinkedList/Node_cons.key 
17825      DEBUG main            d.u.i.k.p.i.AbstractProblemLoader Environment load took 270.7ns 
17827      INFO  main            d.u.i.k.p.i.AbstractProblemLoader Creating init config 
20579      DEBUG main            d.u.i.k.p.i.AbstractProblemLoader Init config took 2.75s 
20642      INFO  main            d.u.i.k.p.i.AbstractProblemLoader Replaying proof Node[Node::cons(int,Node)].JML normal_behavior operation contract.0 
20645      DEBUG main            d.u.i.k.p.i.IntermediateProofReplayer Proof replay took 7.1ns 
22153      INFO  main            d.u.i.k.p.r.p.TestFile    ... finished proof: closed. 
22336      INFO  main            d.u.i.k.p.i.AbstractProblemLoader Loading environment from /home/runner/work/key/key/key.core/../key.ui/examples/heap/vstte10_03_LinkedList/Node_cons.key.proof 
22337      DEBUG main            d.u.i.k.p.i.AbstractProblemLoader Environment load took 517.61ns 
22339      INFO  main            d.u.i.k.p.i.AbstractProblemLoader Creating init config 
24917      DEBUG main            d.u.i.k.p.i.AbstractProblemLoader Init config took 2.58s 
24972      INFO  main            d.u.i.k.p.i.AbstractProblemLoader Replaying proof Node[Node::cons(int,Node)].JML normal_behavior operation contract.0 
25260      DEBUG main            d.u.i.k.p.i.IntermediateProofReplayer Proof replay took 277.23ms 
25262      DEBUG main            d.u.i.k.p.r.p.TestFile    ... success: reloaded. 
25264      INFO  main            d.u.i.k.p.r.p.TestFile    Now processing file /home/runner/work/key/key/key.core/../key.ui/examples/heap/vstte10_03_LinkedList/Node_inv.key 
25264      INFO  main            d.u.i.k.p.i.AbstractProblemLoader Loading environment from /home/runner/work/key/key/key.core/../key.ui/examples/heap/vstte10_03_LinkedList/Node_inv.key 
25265      DEBUG main            d.u.i.k.p.i.AbstractProblemLoader Environment load took 136.5ns 
25267      INFO  main            d.u.i.k.p.i.AbstractProblemLoader Creating init config 
27948      DEBUG main            d.u.i.k.p.i.AbstractProblemLoader Init config took 2.68s 
28010      INFO  main            d.u.i.k.p.i.AbstractProblemLoader Replaying proof Node[java.lang.Object::<inv>()].JML accessible clause.0 
28015      DEBUG main            d.u.i.k.p.i.IntermediateProofReplayer Proof replay took 7.6ns 
28418      INFO  main            d.u.i.k.p.r.p.TestFile    ... finished proof: closed. 
28558      INFO  main            d.u.i.k.p.i.AbstractProblemLoader Loading environment from /home/runner/work/key/key/key.core/../key.ui/examples/heap/vstte10_03_LinkedList/Node_inv.key.proof 
28559      DEBUG main            d.u.i.k.p.i.AbstractProblemLoader Environment load took 810.51ns 
28561      INFO  main            d.u.i.k.p.i.AbstractProblemLoader Creating init config 
31065      DEBUG main            d.u.i.k.p.i.AbstractProblemLoader Init config took 2.5s 
31117      INFO  main            d.u.i.k.p.i.AbstractProblemLoader Replaying proof Node[java.lang.Object::<inv>()].JML accessible clause.0 
31154      DEBUG main            d.u.i.k.p.i.IntermediateProofReplayer Proof replay took 33.12ms 
31155      DEBUG main            d.u.i.k.p.r.p.TestFile    ... success: reloaded. 
31157      INFO  main            d.u.i.k.p.r.p.TestFile    Now processing file /home/runner/work/key/key/key.core/../key.ui/examples/heap/vstte10_03_LinkedList/Node_search.key 
31157      INFO  main            d.u.i.k.p.i.AbstractProblemLoader Loading environment from /home/runner/work/key/key/key.core/../key.ui/examples/heap/vstte10_03_LinkedList/Node_search.key 
31157      DEBUG main            d.u.i.k.p.i.AbstractProblemLoader Environment load took 103ns 
31158      INFO  main            d.u.i.k.p.i.AbstractProblemLoader Creating init config 
33700      DEBUG main            d.u.i.k.p.i.AbstractProblemLoader Init config took 2.54s 
33751      INFO  main            d.u.i.k.p.i.AbstractProblemLoader Replaying proof Node[Node::search()].JML normal_behavior operation contract.0 
33752      DEBUG main            d.u.i.k.p.i.IntermediateProofReplayer Proof replay took 6.4ns 
40262      INFO  main            d.u.i.k.p.r.p.TestFile    ... finished proof: closed. 
40490      INFO  main            d.u.i.k.p.i.AbstractProblemLoader Loading environment from /home/runner/work/key/key/key.core/../key.ui/examples/heap/vstte10_03_LinkedList/Node_search.key.proof 
40490      DEBUG main            d.u.i.k.p.i.AbstractProblemLoader Environment load took 520.71ns 
40494      INFO  main            d.u.i.k.p.i.AbstractProblemLoader Creating init config 
43027      DEBUG main            d.u.i.k.p.i.AbstractProblemLoader Init config took 2.53s 
43078      INFO  main            d.u.i.k.p.i.AbstractProblemLoader Replaying proof Node[Node::search()].JML normal_behavior operation contract.0 
43731      DEBUG main            d.u.i.k.p.i.IntermediateProofReplayer Proof replay took 612.17ms 
43734      DEBUG main            d.u.i.k.p.r.p.TestFile    ... success: reloaded. 
43736      INFO  main            d.u.i.k.p.r.p.TestFile    Now processing file /home/runner/work/key/key/key.core/../key.ui/examples/heap/vstte10_04_Queens/Queens_isConsistent.key 
43736      INFO  main            d.u.i.k.p.i.AbstractProblemLoader Loading environment from /home/runner/work/key/key/key.core/../key.ui/examples/heap/vstte10_04_Queens/Queens_isConsistent.key 
43737      DEBUG main            d.u.i.k.p.i.AbstractProblemLoader Environment load took 232.5ns 
43738      INFO  main            d.u.i.k.p.i.AbstractProblemLoader Creating init config 
46653      DEBUG main            d.u.i.k.p.i.AbstractProblemLoader Init config took 2.92s 
46695      INFO  main            d.u.i.k.p.i.AbstractProblemLoader Replaying proof Queens[Queens::isConsistent([I,int)].JML normal_behavior operation contract.0 
46696      DEBUG main            d.u.i.k.p.i.IntermediateProofReplayer Proof replay took 5.5ns 
48512      INFO  main            d.u.i.k.p.r.p.TestFile    ... finished proof: closed. 
48742      INFO  main            d.u.i.k.p.i.AbstractProblemLoader Loading environment from /home/runner/work/key/key/key.core/../key.ui/examples/heap/vstte10_04_Queens/Queens_isConsistent.key.proof 
48742      DEBUG main            d.u.i.k.p.i.AbstractProblemLoader Environment load took 149.9ns 
48743      INFO  main            d.u.i.k.p.i.AbstractProblemLoader Creating init config 
51348      DEBUG main            d.u.i.k.p.i.AbstractProblemLoader Init config took 2.6s 
51392      INFO  main            d.u.i.k.p.i.AbstractProblemLoader Replaying proof Queens[Queens::isConsistent([I,int)].JML normal_behavior operation contract.0 
51777      DEBUG main            d.u.i.k.p.i.IntermediateProofReplayer Proof replay took 376.74ms 
51778      DEBUG main            d.u.i.k.p.r.p.TestFile    ... success: reloaded. 
51780      INFO  main            d.u.i.k.p.r.p.TestFile    Now processing file /home/runner/work/key/key/key.core/../key.ui/examples/heap/vstte10_04_Queens/Queens_nQueens.key 
51780      INFO  main            d.u.i.k.p.i.AbstractProblemLoader Loading environment from /home/runner/work/key/key/key.core/../key.ui/examples/heap/vstte10_04_Queens/Queens_nQueens.key 
51780      DEBUG main            d.u.i.k.p.i.AbstractProblemLoader Environment load took 240.5ns 
51781      INFO  main            d.u.i.k.p.i.AbstractProblemLoader Creating init config 
54413      DEBUG main            d.u.i.k.p.i.AbstractProblemLoader Init config took 2.63s 
54455      INFO  main            d.u.i.k.p.i.AbstractProblemLoader Replaying proof Queens[Queens::nQueens(int)].JML normal_behavior operation contract.0 
54457      DEBUG main            d.u.i.k.p.i.IntermediateProofReplayer Proof replay took 7.6ns 
67016      INFO  main            d.u.i.k.p.r.p.TestFile    ... finished proof: closed. 
67252      INFO  main            d.u.i.k.p.i.AbstractProblemLoader Loading environment from /home/runner/work/key/key/key.core/../key.ui/examples/heap/vstte10_04_Queens/Queens_nQueens.key.proof 
67252      DEBUG main            d.u.i.k.p.i.AbstractProblemLoader Environment load took 506.11ns 
67254      INFO  main            d.u.i.k.p.i.AbstractProblemLoader Creating init config 
69763      DEBUG main            d.u.i.k.p.i.AbstractProblemLoader Init config took 2.51s 
69805      INFO  main            d.u.i.k.p.i.AbstractProblemLoader Replaying proof Queens[Queens::nQueens(int)].JML normal_behavior operation contract.0 
70773      DEBUG main            d.u.i.k.p.i.IntermediateProofReplayer Proof replay took 951.7ms 
70774      DEBUG main            d.u.i.k.p.r.p.TestFile    ... success: reloaded. 
70775      INFO  main            d.u.i.k.p.r.p.TestFile    Now processing file /home/runner/work/key/key/key.core/../key.ui/examples/heap/vstte10_05_Queue/AmortizedQueue_AmortizedQueue.key 
70776      INFO  main            d.u.i.k.p.i.AbstractProblemLoader Loading environment from /home/runner/work/key/key/key.core/../key.ui/examples/heap/vstte10_05_Queue/AmortizedQueue_AmortizedQueue.key 
70776      DEBUG main            d.u.i.k.p.i.AbstractProblemLoader Environment load took 130.6ns 
70777      INFO  main            d.u.i.k.p.i.AbstractProblemLoader Creating init config 
73476      DEBUG main            d.u.i.k.p.i.AbstractProblemLoader Init config took 2.7s 
73525      INFO  main            d.u.i.k.p.i.AbstractProblemLoader Replaying proof AmortizedQueue[AmortizedQueue::AmortizedQueue()].JML normal_behavior operation contract.0 
73527      DEBUG main            d.u.i.k.p.i.IntermediateProofReplayer Proof replay took 5.8ns 
74950      INFO  main            d.u.i.k.p.r.p.TestFile    ... finished proof: closed. 
75244      INFO  main            d.u.i.k.p.i.AbstractProblemLoader Loading environment from /home/runner/work/key/key/key.core/../key.ui/examples/heap/vstte10_05_Queue/AmortizedQueue_AmortizedQueue.key.proof 
75245      DEBUG main            d.u.i.k.p.i.AbstractProblemLoader Environment load took 502.41ns 
75246      INFO  main            d.u.i.k.p.i.AbstractProblemLoader Creating init config 
77817      DEBUG main            d.u.i.k.p.i.AbstractProblemLoader Init config took 2.57s 
77869      INFO  main            d.u.i.k.p.i.AbstractProblemLoader Replaying proof AmortizedQueue[AmortizedQueue::AmortizedQueue()].JML normal_behavior operation contract.0 
78110      DEBUG main            d.u.i.k.p.i.IntermediateProofReplayer Proof replay took 233.9ms 
78111      DEBUG main            d.u.i.k.p.r.p.TestFile    ... success: reloaded. 
78113      INFO  main            d.u.i.k.p.r.p.TestFile    Now processing file /home/runner/work/key/key/key.core/../key.ui/examples/heap/vstte10_05_Queue/AmortizedQueue_front.key 
78113      INFO  main            d.u.i.k.p.i.AbstractProblemLoader Loading environment from /home/runner/work/key/key/key.core/../key.ui/examples/heap/vstte10_05_Queue/AmortizedQueue_front.key 
78113      DEBUG main            d.u.i.k.p.i.AbstractProblemLoader Environment load took 218.7ns 
78114      INFO  main            d.u.i.k.p.i.AbstractProblemLoader Creating init config 
80693      DEBUG main            d.u.i.k.p.i.AbstractProblemLoader Init config took 2.58s 
80739      INFO  main            d.u.i.k.p.i.AbstractProblemLoader Replaying proof AmortizedQueue[AmortizedQueue::front()].JML normal_behavior operation contract.0 
80743      DEBUG main            d.u.i.k.p.i.IntermediateProofReplayer Proof replay took 7.6ns 
81247      INFO  main            d.u.i.k.p.r.p.TestFile    ... finished proof: closed. 
81474      INFO  main            d.u.i.k.p.i.AbstractProblemLoader Loading environment from /home/runner/work/key/key/key.core/../key.ui/examples/heap/vstte10_05_Queue/AmortizedQueue_front.key.proof 
81475      DEBUG main            d.u.i.k.p.i.AbstractProblemLoader Environment load took 148.2ns 
81476      INFO  main            d.u.i.k.p.i.AbstractProblemLoader Creating init config 
84010      DEBUG main            d.u.i.k.p.i.AbstractProblemLoader Init config took 2.53s 
84055      INFO  main            d.u.i.k.p.i.AbstractProblemLoader Replaying proof AmortizedQueue[AmortizedQueue::front()].JML normal_behavior operation contract.0 
84109      DEBUG main            d.u.i.k.p.i.IntermediateProofReplayer Proof replay took 51.63ms 
84111      DEBUG main            d.u.i.k.p.r.p.TestFile    ... success: reloaded. 
84112      INFO  main            d.u.i.k.p.r.p.TestFile    Now processing file /home/runner/work/key/key/key.core/../key.ui/examples/heap/vstte10_05_Queue/LinkedList_concat.key 
84113      INFO  main            d.u.i.k.p.i.AbstractProblemLoader Loading environment from /home/runner/work/key/key/key.core/../key.ui/examples/heap/vstte10_05_Queue/LinkedList_concat.key 
84113      DEBUG main            d.u.i.k.p.i.AbstractProblemLoader Environment load took 226.4ns 
84114      INFO  main            d.u.i.k.p.i.AbstractProblemLoader Creating init config 
86695      DEBUG main            d.u.i.k.p.i.AbstractProblemLoader Init config took 2.58s 
86740      INFO  main            d.u.i.k.p.i.AbstractProblemLoader Replaying proof LinkedList[LinkedList::concat(LinkedList)].JML normal_behavior operation contract.0 
86742      DEBUG main            d.u.i.k.p.i.IntermediateProofReplayer Proof replay took 7ns 
95694      INFO  main            d.u.i.k.p.r.p.TestFile    ... finished proof: closed. 
95963      INFO  main            d.u.i.k.p.i.AbstractProblemLoader Loading environment from /home/runner/work/key/key/key.core/../key.ui/examples/heap/vstte10_05_Queue/LinkedList_concat.key.proof 
95964      DEBUG main            d.u.i.k.p.i.AbstractProblemLoader Environment load took 515.81ns 
95967      INFO  main            d.u.i.k.p.i.AbstractProblemLoader Creating init config 
98483      DEBUG main            d.u.i.k.p.i.AbstractProblemLoader Init config took 2.52s 
98532      INFO  main            d.u.i.k.p.i.AbstractProblemLoader Replaying proof LinkedList[LinkedList::concat(LinkedList)].JML normal_behavior operation contract.0 
99306      DEBUG main            d.u.i.k.p.i.IntermediateProofReplayer Proof replay took 748ms 
99309      DEBUG main            d.u.i.k.p.r.p.TestFile    ... success: reloaded. 
99311      INFO  main            d.u.i.k.p.r.p.TestFile    Now processing file /home/runner/work/key/key/key.core/../key.ui/examples/heap/vstte10_05_Queue/LinkedList_cons.key 
99311      INFO  main            d.u.i.k.p.i.AbstractProblemLoader Loading environment from /home/runner/work/key/key/key.core/../key.ui/examples/heap/vstte10_05_Queue/LinkedList_cons.key 
99311      DEBUG main            d.u.i.k.p.i.AbstractProblemLoader Environment load took 221.3ns 
99312      INFO  main            d.u.i.k.p.i.AbstractProblemLoader Creating init config 
101844     DEBUG main            d.u.i.k.p.i.AbstractProblemLoader Init config took 2.53s 
101893     INFO  main            d.u.i.k.p.i.AbstractProblemLoader Replaying proof LinkedList[LinkedList::cons(int)].JML normal_behavior operation contract.0 
101895     DEBUG main            d.u.i.k.p.i.IntermediateProofReplayer Proof replay took 8.3ns 
104302     INFO  main            d.u.i.k.p.r.p.TestFile    ... finished proof: closed. 
104557     INFO  main            d.u.i.k.p.i.AbstractProblemLoader Loading environment from /home/runner/work/key/key/key.core/../key.ui/examples/heap/vstte10_05_Queue/LinkedList_cons.key.proof 
104558     DEBUG main            d.u.i.k.p.i.AbstractProblemLoader Environment load took 474.2ns 
104559     INFO  main            d.u.i.k.p.i.AbstractProblemLoader Creating init config 
107031     DEBUG main            d.u.i.k.p.i.AbstractProblemLoader Init config took 2.47s 
107081     INFO  main            d.u.i.k.p.i.AbstractProblemLoader Replaying proof LinkedList[LinkedList::cons(int)].JML normal_behavior operation contract.0 
107361     DEBUG main            d.u.i.k.p.i.IntermediateProofReplayer Proof replay took 271.56ms 
107362     DEBUG main            d.u.i.k.p.r.p.TestFile    ... success: reloaded. 
107364     INFO  main            d.u.i.k.p.r.p.TestFile    Now processing file /home/runner/work/key/key/key.core/../key.ui/examples/heap/vstte10_05_Queue/LinkedList_head.key 
107364     INFO  main            d.u.i.k.p.i.AbstractProblemLoader Loading environment from /home/runner/work/key/key/key.core/../key.ui/examples/heap/vstte10_05_Queue/LinkedList_head.key 
107364     DEBUG main            d.u.i.k.p.i.AbstractProblemLoader Environment load took 101.6ns 
107365     INFO  main            d.u.i.k.p.i.AbstractProblemLoader Creating init config 
109968     DEBUG main            d.u.i.k.p.i.AbstractProblemLoader Init config took 2.6s 
110013     INFO  main            d.u.i.k.p.i.AbstractProblemLoader Replaying proof LinkedList[LinkedList::head()].JML normal_behavior operation contract.0 
110017     DEBUG main            d.u.i.k.p.i.IntermediateProofReplayer Proof replay took 7.3ns 
110119     INFO  main            d.u.i.k.p.r.p.TestFile    ... finished proof: closed. 
110416     INFO  main            d.u.i.k.p.i.AbstractProblemLoader Loading environment from /home/runner/work/key/key/key.core/../key.ui/examples/heap/vstte10_05_Queue/LinkedList_head.key.proof 
110416     DEBUG main            d.u.i.k.p.i.AbstractProblemLoader Environment load took 139.4ns 
110418     INFO  main            d.u.i.k.p.i.AbstractProblemLoader Creating init config 
112945     DEBUG main            d.u.i.k.p.i.AbstractProblemLoader Init config took 2.53s 
112988     INFO  main            d.u.i.k.p.i.AbstractProblemLoader Replaying proof LinkedList[LinkedList::head()].JML normal_behavior operation contract.0 
113008     DEBUG main            d.u.i.k.p.i.IntermediateProofReplayer Proof replay took 13.2ms 
113011     DEBUG main            d.u.i.k.p.r.p.TestFile    ... success: reloaded. 
113012     INFO  main            d.u.i.k.p.r.p.TestFile    Now processing file /home/runner/work/key/key/key.core/../key.ui/examples/heap/vstte10_05_Queue/LinkedList_inv.key 
113013     INFO  main            d.u.i.k.p.i.AbstractProblemLoader Loading environment from /home/runner/work/key/key/key.core/../key.ui/examples/heap/vstte10_05_Queue/LinkedList_inv.key 
113013     DEBUG main            d.u.i.k.p.i.AbstractProblemLoader Environment load took 220.3ns 
113015     INFO  main            d.u.i.k.p.i.AbstractProblemLoader Creating init config 
115609     DEBUG main            d.u.i.k.p.i.AbstractProblemLoader Init config took 2.59s 
115652     INFO  main            d.u.i.k.p.i.AbstractProblemLoader Replaying proof LinkedList[java.lang.Object::<inv>()].JML accessible clause.0 
115654     DEBUG main            d.u.i.k.p.i.IntermediateProofReplayer Proof replay took 5.7ns 
115958     INFO  main            d.u.i.k.p.r.p.TestFile    ... finished proof: closed. 
116199     INFO  main            d.u.i.k.p.i.AbstractProblemLoader Loading environment from /home/runner/work/key/key/key.core/../key.ui/examples/heap/vstte10_05_Queue/LinkedList_inv.key.proof 
116200     DEBUG main            d.u.i.k.p.i.AbstractProblemLoader Environment load took 152.3ns 
116201     INFO  main            d.u.i.k.p.i.AbstractProblemLoader Creating init config 
118669     DEBUG main            d.u.i.k.p.i.AbstractProblemLoader Init config took 2.47s 
118711     INFO  main            d.u.i.k.p.i.AbstractProblemLoader Replaying proof LinkedList[java.lang.Object::<inv>()].JML accessible clause.0 
118753     DEBUG main            d.u.i.k.p.i.IntermediateProofReplayer Proof replay took 38.93ms 
118754     DEBUG main            d.u.i.k.p.r.p.TestFile    ... success: reloaded. 
118755     INFO  main            d.u.i.k.p.r.p.TestFile    Now processing file /home/runner/work/key/key/key.core/../key.ui/examples/heap/vstte10_05_Queue/LinkedList_length.key 
118755     INFO  main            d.u.i.k.p.i.AbstractProblemLoader Loading environment from /home/runner/work/key/key/key.core/../key.ui/examples/heap/vstte10_05_Queue/LinkedList_length.key 
118755     DEBUG main            d.u.i.k.p.i.AbstractProblemLoader Environment load took 57.6ns 
118756     INFO  main            d.u.i.k.p.i.AbstractProblemLoader Creating init config 
121324     DEBUG main            d.u.i.k.p.i.AbstractProblemLoader Init config took 2.57s 
121367     INFO  main            d.u.i.k.p.i.AbstractProblemLoader Replaying proof LinkedList[LinkedList::length()].JML normal_behavior operation contract.0 
121369     DEBUG main            d.u.i.k.p.i.IntermediateProofReplayer Proof replay took 6.7ns 
121471     INFO  main            d.u.i.k.p.r.p.TestFile    ... finished proof: closed. 
121710     INFO  main            d.u.i.k.p.i.AbstractProblemLoader Loading environment from /home/runner/work/key/key/key.core/../key.ui/examples/heap/vstte10_05_Queue/LinkedList_length.key.proof 
121710     DEBUG main            d.u.i.k.p.i.AbstractProblemLoader Environment load took 138.5ns 
121711     INFO  main            d.u.i.k.p.i.AbstractProblemLoader Creating init config 
124180     DEBUG main            d.u.i.k.p.i.AbstractProblemLoader Init config took 2.47s 
124228     INFO  main            d.u.i.k.p.i.AbstractProblemLoader Replaying proof LinkedList[LinkedList::length()].JML normal_behavior operation contract.0 
124242     DEBUG main            d.u.i.k.p.i.IntermediateProofReplayer Proof replay took 12.3ms 
124243     DEBUG main            d.u.i.k.p.r.p.TestFile    ... success: reloaded. 
124245     INFO  main            d.u.i.k.p.r.p.TestFile    Now processing file /home/runner/work/key/key/key.core/../key.ui/examples/heap/vstte10_05_Queue/LinkedList_LinkedList1.key 
124245     INFO  main            d.u.i.k.p.i.AbstractProblemLoader Loading environment from /home/runner/work/key/key/key.core/../key.ui/examples/heap/vstte10_05_Queue/LinkedList_LinkedList1.key 
124245     DEBUG main            d.u.i.k.p.i.AbstractProblemLoader Environment load took 221.4ns 
124246     INFO  main            d.u.i.k.p.i.AbstractProblemLoader Creating init config 
126803     DEBUG main            d.u.i.k.p.i.AbstractProblemLoader Init config took 2.56s 
126846     INFO  main            d.u.i.k.p.i.AbstractProblemLoader Replaying proof LinkedList[LinkedList::LinkedList(int,LinkedList)].JML normal_behavior operation contract.0 
126848     DEBUG main            d.u.i.k.p.i.IntermediateProofReplayer Proof replay took 7.5ns 
128658     INFO  main            d.u.i.k.p.r.p.TestFile    ... finished proof: closed. 
128927     INFO  main            d.u.i.k.p.i.AbstractProblemLoader Loading environment from /home/runner/work/key/key/key.core/../key.ui/examples/heap/vstte10_05_Queue/LinkedList_LinkedList1.key.proof 
128927     DEBUG main            d.u.i.k.p.i.AbstractProblemLoader Environment load took 153.7ns 
128929     INFO  main            d.u.i.k.p.i.AbstractProblemLoader Creating init config 
131413     DEBUG main            d.u.i.k.p.i.AbstractProblemLoader Init config took 2.48s 
131457     INFO  main            d.u.i.k.p.i.AbstractProblemLoader Replaying proof LinkedList[LinkedList::LinkedList(int,LinkedList)].JML normal_behavior operation contract.0 
131702     DEBUG main            d.u.i.k.p.i.IntermediateProofReplayer Proof replay took 239.35ms 
131703     DEBUG main            d.u.i.k.p.r.p.TestFile    ... success: reloaded. 
131705     INFO  main            d.u.i.k.p.r.p.TestFile    Now processing file /home/runner/work/key/key/key.core/../key.ui/examples/heap/vstte10_05_Queue/LinkedList_LinkedList2.key 
131705     INFO  main            d.u.i.k.p.i.AbstractProblemLoader Loading environment from /home/runner/work/key/key/key.core/../key.ui/examples/heap/vstte10_05_Queue/LinkedList_LinkedList2.key 
131705     DEBUG main            d.u.i.k.p.i.AbstractProblemLoader Environment load took 99ns 
131706     INFO  main            d.u.i.k.p.i.AbstractProblemLoader Creating init config 
134270     DEBUG main            d.u.i.k.p.i.AbstractProblemLoader Init config took 2.56s 
134337     INFO  main            d.u.i.k.p.i.AbstractProblemLoader Replaying proof LinkedList[LinkedList::LinkedList(int,LinkedList)].JML normal_behavior operation contract.0 
134338     DEBUG main            d.u.i.k.p.i.IntermediateProofReplayer Proof replay took 6.6ns 
136160     INFO  main            d.u.i.k.p.r.p.TestFile    ... finished proof: closed. 
136443     INFO  main            d.u.i.k.p.i.AbstractProblemLoader Loading environment from /home/runner/work/key/key/key.core/../key.ui/examples/heap/vstte10_05_Queue/LinkedList_LinkedList2.key.proof 
136443     DEBUG main            d.u.i.k.p.i.AbstractProblemLoader Environment load took 137.2ns 
136444     INFO  main            d.u.i.k.p.i.AbstractProblemLoader Creating init config 
138916     DEBUG main            d.u.i.k.p.i.AbstractProblemLoader Init config took 2.47s 
138959     INFO  main            d.u.i.k.p.i.AbstractProblemLoader Replaying proof LinkedList[LinkedList::LinkedList(int,LinkedList)].JML normal_behavior operation contract.0 
139201     DEBUG main            d.u.i.k.p.i.IntermediateProofReplayer Proof replay took 235.57ms 
139202     DEBUG main            d.u.i.k.p.r.p.TestFile    ... success: reloaded. 
139204     INFO  main            d.u.i.k.p.r.p.TestFile    Now processing file /home/runner/work/key/key/key.core/../key.ui/examples/heap/vstte10_05_Queue/LinkedList_LinkedList3.key 
139204     INFO  main            d.u.i.k.p.i.AbstractProblemLoader Loading environment from /home/runner/work/key/key/key.core/../key.ui/examples/heap/vstte10_05_Queue/LinkedList_LinkedList3.key 
139204     DEBUG main            d.u.i.k.p.i.AbstractProblemLoader Environment load took 73.2ns 
139205     INFO  main            d.u.i.k.p.i.AbstractProblemLoader Creating init config 
141717     DEBUG main            d.u.i.k.p.i.AbstractProblemLoader Init config took 2.51s 
141760     INFO  main            d.u.i.k.p.i.AbstractProblemLoader Replaying proof LinkedList[LinkedList::LinkedList(int,LinkedList)].JML normal_behavior operation contract.0 
141762     DEBUG main            d.u.i.k.p.i.IntermediateProofReplayer Proof replay took 7.6ns 
155275     INFO  main            d.u.i.k.p.r.p.TestFile    ... finished proof: closed. 
155604     INFO  main            d.u.i.k.p.i.AbstractProblemLoader Loading environment from /home/runner/work/key/key/key.core/../key.ui/examples/heap/vstte10_05_Queue/LinkedList_LinkedList3.key.proof 
155605     DEBUG main            d.u.i.k.p.i.AbstractProblemLoader Environment load took 538.71ns 
155613     INFO  main            d.u.i.k.p.i.AbstractProblemLoader Creating init config 
158075     DEBUG main            d.u.i.k.p.i.AbstractProblemLoader Init config took 2.46s 
158142     INFO  main            d.u.i.k.p.i.AbstractProblemLoader Replaying proof LinkedList[LinkedList::LinkedList(int,LinkedList)].JML normal_behavior operation contract.0 
159316     DEBUG main            d.u.i.k.p.i.IntermediateProofReplayer Proof replay took 1.09s 
159325     DEBUG main            d.u.i.k.p.r.p.TestFile    ... success: reloaded. 
159327     INFO  main            d.u.i.k.p.r.p.TestFile    Now processing file /home/runner/work/key/key/key.core/../key.ui/examples/heap/vstte10_05_Queue/LinkedList_reverse.key 
159328     INFO  main            d.u.i.k.p.i.AbstractProblemLoader Loading environment from /home/runner/work/key/key/key.core/../key.ui/examples/heap/vstte10_05_Queue/LinkedList_reverse.key 
159328     DEBUG main            d.u.i.k.p.i.AbstractProblemLoader Environment load took 245.1ns 
159329     INFO  main            d.u.i.k.p.i.AbstractProblemLoader Creating init config 
161967     DEBUG main            d.u.i.k.p.i.AbstractProblemLoader Init config took 2.64s 
162011     INFO  main            d.u.i.k.p.i.AbstractProblemLoader Replaying proof LinkedList[LinkedList::reverse()].JML normal_behavior operation contract.0 
162013     DEBUG main            d.u.i.k.p.i.IntermediateProofReplayer Proof replay took 6.7ns 
171243     INFO  main            d.u.i.k.p.r.p.TestFile    ... finished proof: closed. 
171576     INFO  main            d.u.i.k.p.i.AbstractProblemLoader Loading environment from /home/runner/work/key/key/key.core/../key.ui/examples/heap/vstte10_05_Queue/LinkedList_reverse.key.proof 
171577     DEBUG main            d.u.i.k.p.i.AbstractProblemLoader Environment load took 742.81ns 
171580     INFO  main            d.u.i.k.p.i.AbstractProblemLoader Creating init config 
174032     DEBUG main            d.u.i.k.p.i.AbstractProblemLoader Init config took 2.45s 
174081     INFO  main            d.u.i.k.p.i.AbstractProblemLoader Replaying proof LinkedList[LinkedList::reverse()].JML normal_behavior operation contract.0 
174842     DEBUG main            d.u.i.k.p.i.IntermediateProofReplayer Proof replay took 730.42ms 
174845     DEBUG main            d.u.i.k.p.r.p.TestFile    ... success: reloaded. 
174846     INFO  main            d.u.i.k.p.r.p.TestFile    Now processing file /home/runner/work/key/key/key.core/../key.ui/examples/heap/vstte10_05_Queue/LinkedList_tail.key 
174846     INFO  main            d.u.i.k.p.i.AbstractProblemLoader Loading environment from /home/runner/work/key/key/key.core/../key.ui/examples/heap/vstte10_05_Queue/LinkedList_tail.key 
174846     DEBUG main            d.u.i.k.p.i.AbstractProblemLoader Environment load took 103.8ns 
174847     INFO  main            d.u.i.k.p.i.AbstractProblemLoader Creating init config 
177407     DEBUG main            d.u.i.k.p.i.AbstractProblemLoader Init config took 2.56s 
177450     INFO  main            d.u.i.k.p.i.AbstractProblemLoader Replaying proof LinkedList[LinkedList::tail()].JML normal_behavior operation contract.0 
177451     DEBUG main            d.u.i.k.p.i.IntermediateProofReplayer Proof replay took 47.7ns 
177954     INFO  main            d.u.i.k.p.r.p.TestFile    ... finished proof: closed. 
178228     INFO  main            d.u.i.k.p.i.AbstractProblemLoader Loading environment from /home/runner/work/key/key/key.core/../key.ui/examples/heap/vstte10_05_Queue/LinkedList_tail.key.proof 
178229     DEBUG main            d.u.i.k.p.i.AbstractProblemLoader Environment load took 636.71ns 
178230     INFO  main            d.u.i.k.p.i.AbstractProblemLoader Creating init config 
180677     DEBUG main            d.u.i.k.p.i.AbstractProblemLoader Init config took 2.45s 
180720     INFO  main            d.u.i.k.p.i.AbstractProblemLoader Replaying proof LinkedList[LinkedList::tail()].JML normal_behavior operation contract.0 
180814     DEBUG main            d.u.i.k.p.i.IntermediateProofReplayer Proof replay took 91.08ms 
180815     DEBUG main            d.u.i.k.p.r.p.TestFile    ... success: reloaded. 
2388112    INFO  Test worker     d.u.i.k.p.r.RunAllProofsTestUnit Returning from test VSTTE10 
2388113    INFO  Test worker     d.u.i.k.p.r.RunAllProofsTestUnit Running test WeideEtAl 
343        INFO  Timeout watchdog d.u.i.k.p.r.p.ForkedTestFileRunner Timeout watcher launched (2000 secs.) 
351        WARN  main            d.u.i.k.s.ProofSettings   The settings in /home/runner/.key/proof-settings.props are *not* read. 
385        INFO  main            d.u.i.k.p.r.p.TestFile    Now processing file /home/runner/work/key/key/key.core/../key.ui/examples/heap/WeideEtAl_01_AddAndMultiply/AddAndMultiply_add.key 
510        INFO  main            d.u.i.k.p.i.AbstractProblemLoader Loading environment from /home/runner/work/key/key/key.core/../key.ui/examples/heap/WeideEtAl_01_AddAndMultiply/AddAndMultiply_add.key 
527        DEBUG main            d.u.i.k.p.i.AbstractProblemLoader Environment load took 2.4ms 
741        INFO  main            d.u.i.k.p.i.AbstractProblemLoader Creating init config 
1577       DEBUG main            d.u.i.k.j.TypeConverter   No LDT found for Meta 
1578       DEBUG main            d.u.i.k.j.TypeConverter   No LDT found for Meta 
1579       DEBUG main            d.u.i.k.j.TypeConverter   No LDT found for Meta 
1580       DEBUG main            d.u.i.k.j.TypeConverter   No LDT found for Meta 
2945       DEBUG main            d.u.i.k.j.TypeConverter   No LDT found for JavaBigintExpression 
8147       DEBUG main            d.u.i.k.p.i.AbstractProblemLoader Init config took 7.41s 
8319       INFO  main            d.u.i.k.p.i.AbstractProblemLoader Replaying proof AddAndMultiply[AddAndMultiply::add(int,int)].JML normal_behavior operation contract.0 
8356       DEBUG main            d.u.i.k.p.i.IntermediateProofReplayer Proof replay took 35.6ns 
9796       INFO  main            d.u.i.k.p.r.p.TestFile    ... finished proof: closed. 
9959       INFO  main            d.u.i.k.p.i.AbstractProblemLoader Loading environment from /home/runner/work/key/key/key.core/../key.ui/examples/heap/WeideEtAl_01_AddAndMultiply/AddAndMultiply_add.key.proof 
9959       DEBUG main            d.u.i.k.p.i.AbstractProblemLoader Environment load took 159.3ns 
9961       INFO  main            d.u.i.k.p.i.AbstractProblemLoader Creating init config 
12811      DEBUG main            d.u.i.k.p.i.AbstractProblemLoader Init config took 2.85s 
12871      INFO  main            d.u.i.k.p.i.AbstractProblemLoader Replaying proof AddAndMultiply[AddAndMultiply::add(int,int)].JML normal_behavior operation contract.0 
13143      DEBUG main            d.u.i.k.p.i.IntermediateProofReplayer Proof replay took 253.82ms 
13152      DEBUG main            d.u.i.k.p.r.p.TestFile    ... success: reloaded. 
13155      INFO  main            d.u.i.k.p.r.p.TestFile    Now processing file /home/runner/work/key/key/key.core/../key.ui/examples/heap/WeideEtAl_01_AddAndMultiply/AddAndMultiply_mul.key 
13155      INFO  main            d.u.i.k.p.i.AbstractProblemLoader Loading environment from /home/runner/work/key/key/key.core/../key.ui/examples/heap/WeideEtAl_01_AddAndMultiply/AddAndMultiply_mul.key 
13155      DEBUG main            d.u.i.k.p.i.AbstractProblemLoader Environment load took 166.7ns 
13158      INFO  main            d.u.i.k.p.i.AbstractProblemLoader Creating init config 
15931      DEBUG main            d.u.i.k.p.i.AbstractProblemLoader Init config took 2.77s 
16000      INFO  main            d.u.i.k.p.i.AbstractProblemLoader Replaying proof AddAndMultiply[AddAndMultiply::mul(int,int)].JML normal_behavior operation contract.0 
16004      DEBUG main            d.u.i.k.p.i.IntermediateProofReplayer Proof replay took 6ns 
16508      INFO  main            d.u.i.k.p.r.p.TestFile    ... finished proof: closed. 
16663      INFO  main            d.u.i.k.p.i.AbstractProblemLoader Loading environment from /home/runner/work/key/key/key.core/../key.ui/examples/heap/WeideEtAl_01_AddAndMultiply/AddAndMultiply_mul.key.proof 
16666      DEBUG main            d.u.i.k.p.i.AbstractProblemLoader Environment load took 2.37ms 
16668      INFO  main            d.u.i.k.p.i.AbstractProblemLoader Creating init config 
19290      DEBUG main            d.u.i.k.p.i.AbstractProblemLoader Init config took 2.62s 
19340      INFO  main            d.u.i.k.p.i.AbstractProblemLoader Replaying proof AddAndMultiply[AddAndMultiply::mul(int,int)].JML normal_behavior operation contract.0 
19452      DEBUG main            d.u.i.k.p.i.IntermediateProofReplayer Proof replay took 107.76ms 
19454      DEBUG main            d.u.i.k.p.r.p.TestFile    ... success: reloaded. 
19455      INFO  main            d.u.i.k.p.r.p.TestFile    Now processing file /home/runner/work/key/key/key.core/../key.ui/examples/heap/WeideEtAl_02_BinarySearch/BinarySearch_search.key 
19455      INFO  main            d.u.i.k.p.i.AbstractProblemLoader Loading environment from /home/runner/work/key/key/key.core/../key.ui/examples/heap/WeideEtAl_02_BinarySearch/BinarySearch_search.key 
19456      DEBUG main            d.u.i.k.p.i.AbstractProblemLoader Environment load took 223.8ns 
19457      INFO  main            d.u.i.k.p.i.AbstractProblemLoader Creating init config 
22184      DEBUG main            d.u.i.k.p.i.AbstractProblemLoader Init config took 2.73s 
22245      INFO  main            d.u.i.k.p.i.AbstractProblemLoader Replaying proof BinarySearch[BinarySearch::search([I,int)].JML normal_behavior operation contract.0 
22251      DEBUG main            d.u.i.k.p.i.IntermediateProofReplayer Proof replay took 6.6ns 
25781      INFO  main            d.u.i.k.p.r.p.TestFile    ... finished proof: closed. 
25985      INFO  main            d.u.i.k.p.i.AbstractProblemLoader Loading environment from /home/runner/work/key/key/key.core/../key.ui/examples/heap/WeideEtAl_02_BinarySearch/BinarySearch_search.key.proof 
25985      DEBUG main            d.u.i.k.p.i.AbstractProblemLoader Environment load took 142.5ns 
25987      INFO  main            d.u.i.k.p.i.AbstractProblemLoader Creating init config 
28557      DEBUG main            d.u.i.k.p.i.AbstractProblemLoader Init config took 2.57s 
28603      INFO  main            d.u.i.k.p.i.AbstractProblemLoader Replaying proof BinarySearch[BinarySearch::search([I,int)].JML normal_behavior operation contract.0 
29120      DEBUG main            d.u.i.k.p.i.IntermediateProofReplayer Proof replay took 499.81ms 
29122      DEBUG main            d.u.i.k.p.r.p.TestFile    ... success: reloaded. 
2417414    INFO  Test worker     d.u.i.k.p.r.RunAllProofsTestUnit Returning from test WeideEtAl 
2417415    INFO  Test worker     d.u.i.k.p.r.RunAllProofsTestUnit Running test arithmetic 
320        INFO  Timeout watchdog d.u.i.k.p.r.p.ForkedTestFileRunner Timeout watcher launched (2000 secs.) 
328        WARN  main            d.u.i.k.s.ProofSettings   The settings in /home/runner/.key/proof-settings.props are *not* read. 
353        INFO  main            d.u.i.k.p.r.p.TestFile    Now processing file /home/runner/work/key/key/key.core/../key.ui/examples/standard_key/arith/binomial1.key 
512        INFO  main            d.u.i.k.p.i.AbstractProblemLoader Loading environment from /home/runner/work/key/key/key.core/../key.ui/examples/standard_key/arith/binomial1.key 
539        DEBUG main            d.u.i.k.p.i.AbstractProblemLoader Environment load took 1.95ms 
806        INFO  main            d.u.i.k.p.i.AbstractProblemLoader Creating init config 
1653       DEBUG main            d.u.i.k.j.TypeConverter   No LDT found for Meta 
1656       DEBUG main            d.u.i.k.j.TypeConverter   No LDT found for Meta 
1660       DEBUG main            d.u.i.k.j.TypeConverter   No LDT found for Meta 
1661       DEBUG main            d.u.i.k.j.TypeConverter   No LDT found for Meta 
3004       DEBUG main            d.u.i.k.j.TypeConverter   No LDT found for JavaBigintExpression 
7708       DEBUG main            d.u.i.k.p.i.AbstractProblemLoader Init config took 6.9s 
7768       INFO  main            d.u.i.k.p.i.AbstractProblemLoader Replaying proof binomial1.key 
7800       DEBUG main            d.u.i.k.p.i.IntermediateProofReplayer Proof replay took 36.8ns 
8081       INFO  main            d.u.i.k.p.r.p.TestFile    ... finished proof: closed. 
8187       INFO  main            d.u.i.k.p.i.AbstractProblemLoader Loading environment from /home/runner/work/key/key/key.core/../key.ui/examples/standard_key/arith/binomial1.key.proof 
8188       DEBUG main            d.u.i.k.p.i.AbstractProblemLoader Environment load took 528.91ns 
8192       INFO  main            d.u.i.k.p.i.AbstractProblemLoader Creating init config 
10887      DEBUG main            d.u.i.k.p.i.AbstractProblemLoader Init config took 2.69s 
10917      INFO  main            d.u.i.k.p.i.AbstractProblemLoader Replaying proof binomial1.key.proof 
10942      DEBUG main            d.u.i.k.p.i.IntermediateProofReplayer Proof replay took 19.82ms 
10953      DEBUG main            d.u.i.k.p.r.p.TestFile    ... success: reloaded. 
10954      INFO  main            d.u.i.k.p.r.p.TestFile    Now processing file /home/runner/work/key/key/key.core/../key.ui/examples/standard_key/arith/binomial2.key 
10955      INFO  main            d.u.i.k.p.i.AbstractProblemLoader Loading environment from /home/runner/work/key/key/key.core/../key.ui/examples/standard_key/arith/binomial2.key 
10955      DEBUG main            d.u.i.k.p.i.AbstractProblemLoader Environment load took 250ns 
10959      INFO  main            d.u.i.k.p.i.AbstractProblemLoader Creating init config 
13574      DEBUG main            d.u.i.k.p.i.AbstractProblemLoader Init config took 2.61s 
13617      INFO  main            d.u.i.k.p.i.AbstractProblemLoader Replaying proof binomial2.key 
13623      DEBUG main            d.u.i.k.p.i.IntermediateProofReplayer Proof replay took 7.5ns 
13726      INFO  main            d.u.i.k.p.r.p.TestFile    ... finished proof: closed. 
13859      INFO  main            d.u.i.k.p.i.AbstractProblemLoader Loading environment from /home/runner/work/key/key/key.core/../key.ui/examples/standard_key/arith/binomial2.key.proof 
13860      DEBUG main            d.u.i.k.p.i.AbstractProblemLoader Environment load took 1.07ms 
13862      INFO  main            d.u.i.k.p.i.AbstractProblemLoader Creating init config 
16408      DEBUG main            d.u.i.k.p.i.AbstractProblemLoader Init config took 2.55s 
16430      INFO  main            d.u.i.k.p.i.AbstractProblemLoader Replaying proof binomial2.key.proof 
16443      DEBUG main            d.u.i.k.p.i.IntermediateProofReplayer Proof replay took 9.88ms 
16445      DEBUG main            d.u.i.k.p.r.p.TestFile    ... success: reloaded. 
16447      INFO  main            d.u.i.k.p.r.p.TestFile    Now processing file /home/runner/work/key/key/key.core/../key.ui/examples/standard_key/arith/check_jdiv.key 
16448      INFO  main            d.u.i.k.p.i.AbstractProblemLoader Loading environment from /home/runner/work/key/key/key.core/../key.ui/examples/standard_key/arith/check_jdiv.key 
16448      DEBUG main            d.u.i.k.p.i.AbstractProblemLoader Environment load took 113.3ns 
16451      INFO  main            d.u.i.k.p.i.AbstractProblemLoader Creating init config 
18998      DEBUG main            d.u.i.k.p.i.AbstractProblemLoader Init config took 2.55s 
19021      INFO  main            d.u.i.k.p.i.AbstractProblemLoader Replaying proof check_jdiv.key 
19025      DEBUG main            d.u.i.k.p.i.IntermediateProofReplayer Proof replay took 7.1ns 
24451      INFO  main            d.u.i.k.p.r.p.TestFile    ... finished proof: closed. 
24682      INFO  main            d.u.i.k.p.i.AbstractProblemLoader Loading environment from /home/runner/work/key/key/key.core/../key.ui/examples/standard_key/arith/check_jdiv.key.proof 
24682      DEBUG main            d.u.i.k.p.i.AbstractProblemLoader Environment load took 499.41ns 
24688      INFO  main            d.u.i.k.p.i.AbstractProblemLoader Creating init config 
27174      DEBUG main            d.u.i.k.p.i.AbstractProblemLoader Init config took 2.49s 
27195      INFO  main            d.u.i.k.p.i.AbstractProblemLoader Replaying proof check_jdiv.key.proof 
27547      DEBUG main            d.u.i.k.p.i.IntermediateProofReplayer Proof replay took 320.16ms 
27549      DEBUG main            d.u.i.k.p.r.p.TestFile    ... success: reloaded. 
27551      INFO  main            d.u.i.k.p.r.p.TestFile    Now processing file /home/runner/work/key/key/key.core/../key.ui/examples/standard_key/arith/check_jdiv_concrete.key 
27551      INFO  main            d.u.i.k.p.i.AbstractProblemLoader Loading environment from /home/runner/work/key/key/key.core/../key.ui/examples/standard_key/arith/check_jdiv_concrete.key 
27551      DEBUG main            d.u.i.k.p.i.AbstractProblemLoader Environment load took 231ns 
27553      INFO  main            d.u.i.k.p.i.AbstractProblemLoader Creating init config 
30022      DEBUG main            d.u.i.k.p.i.AbstractProblemLoader Init config took 2.47s 
30046      INFO  main            d.u.i.k.p.i.AbstractProblemLoader Replaying proof check_jdiv_concrete.key 
30050      DEBUG main            d.u.i.k.p.i.IntermediateProofReplayer Proof replay took 7.7ns 
30152      INFO  main            d.u.i.k.p.r.p.TestFile    ... finished proof: closed. 
30367      INFO  main            d.u.i.k.p.i.AbstractProblemLoader Loading environment from /home/runner/work/key/key/key.core/../key.ui/examples/standard_key/arith/check_jdiv_concrete.key.proof 
30367      DEBUG main            d.u.i.k.p.i.AbstractProblemLoader Environment load took 150.5ns 
30371      INFO  main            d.u.i.k.p.i.AbstractProblemLoader Creating init config 
32835      DEBUG main            d.u.i.k.p.i.AbstractProblemLoader Init config took 2.46s 
32856      INFO  main            d.u.i.k.p.i.AbstractProblemLoader Replaying proof check_jdiv_concrete.key.proof 
32861      DEBUG main            d.u.i.k.p.i.IntermediateProofReplayer Proof replay took 3.24ms 
32862      DEBUG main            d.u.i.k.p.r.p.TestFile    ... success: reloaded. 
32863      INFO  main            d.u.i.k.p.r.p.TestFile    Now processing file /home/runner/work/key/key/key.core/../key.ui/examples/standard_key/arith/check_jdiv_instantiated.key 
32863      INFO  main            d.u.i.k.p.i.AbstractProblemLoader Loading environment from /home/runner/work/key/key/key.core/../key.ui/examples/standard_key/arith/check_jdiv_instantiated.key 
32863      DEBUG main            d.u.i.k.p.i.AbstractProblemLoader Environment load took 119.8ns 
32865      INFO  main            d.u.i.k.p.i.AbstractProblemLoader Creating init config 
35223      DEBUG main            d.u.i.k.p.i.AbstractProblemLoader Init config took 2.36s 
35243      INFO  main            d.u.i.k.p.i.AbstractProblemLoader Replaying proof check_jdiv_instantiated.key 
35246      DEBUG main            d.u.i.k.p.i.IntermediateProofReplayer Proof replay took 6.4ns 
38766      INFO  main            d.u.i.k.p.r.p.TestFile    ... finished proof: closed. 
38980      INFO  main            d.u.i.k.p.i.AbstractProblemLoader Loading environment from /home/runner/work/key/key/key.core/../key.ui/examples/standard_key/arith/check_jdiv_instantiated.key.proof 
38980      DEBUG main            d.u.i.k.p.i.AbstractProblemLoader Environment load took 146.8ns 
38982      INFO  main            d.u.i.k.p.i.AbstractProblemLoader Creating init config 
41390      DEBUG main            d.u.i.k.p.i.AbstractProblemLoader Init config took 2.41s 
41412      INFO  main            d.u.i.k.p.i.AbstractProblemLoader Replaying proof check_jdiv_instantiated.key.proof 
41615      DEBUG main            d.u.i.k.p.i.IntermediateProofReplayer Proof replay took 178.35ms 
41618      DEBUG main            d.u.i.k.p.r.p.TestFile    ... success: reloaded. 
41619      INFO  main            d.u.i.k.p.r.p.TestFile    Now processing file /home/runner/work/key/key/key.core/../key.ui/examples/standard_key/arith/check_jmod.key 
41619      INFO  main            d.u.i.k.p.i.AbstractProblemLoader Loading environment from /home/runner/work/key/key/key.core/../key.ui/examples/standard_key/arith/check_jmod.key 
41620      DEBUG main            d.u.i.k.p.i.AbstractProblemLoader Environment load took 295.31ns 
41621      INFO  main            d.u.i.k.p.i.AbstractProblemLoader Creating init config 
44110      DEBUG main            d.u.i.k.p.i.AbstractProblemLoader Init config took 2.49s 
44132      INFO  main            d.u.i.k.p.i.AbstractProblemLoader Replaying proof check_jmod.key 
44138      DEBUG main            d.u.i.k.p.i.IntermediateProofReplayer Proof replay took 7.4ns 
44743      INFO  main            d.u.i.k.p.r.p.TestFile    ... finished proof: closed. 
44980      INFO  main            d.u.i.k.p.i.AbstractProblemLoader Loading environment from /home/runner/work/key/key/key.core/../key.ui/examples/standard_key/arith/check_jmod.key.proof 
44980      DEBUG main            d.u.i.k.p.i.AbstractProblemLoader Environment load took 608.61ns 
44982      INFO  main            d.u.i.k.p.i.AbstractProblemLoader Creating init config 
47364      DEBUG main            d.u.i.k.p.i.AbstractProblemLoader Init config took 2.38s 
47383      INFO  main            d.u.i.k.p.i.AbstractProblemLoader Replaying proof check_jmod.key.proof 
47427      DEBUG main            d.u.i.k.p.i.IntermediateProofReplayer Proof replay took 38.34ms 
47429      DEBUG main            d.u.i.k.p.r.p.TestFile    ... success: reloaded. 
47430      INFO  main            d.u.i.k.p.r.p.TestFile    Now processing file /home/runner/work/key/key/key.core/../key.ui/examples/standard_key/arith/complexExpressions.key 
47430      INFO  main            d.u.i.k.p.i.AbstractProblemLoader Loading environment from /home/runner/work/key/key/key.core/../key.ui/examples/standard_key/arith/complexExpressions.key 
47431      DEBUG main            d.u.i.k.p.i.AbstractProblemLoader Environment load took 222.7ns 
47432      INFO  main            d.u.i.k.p.i.AbstractProblemLoader Creating init config 
49882      DEBUG main            d.u.i.k.p.i.AbstractProblemLoader Init config took 2.45s 
49904      INFO  main            d.u.i.k.p.i.AbstractProblemLoader Replaying proof complexExpressions.key 
49905      DEBUG main            d.u.i.k.p.i.IntermediateProofReplayer Proof replay took 7.2ns 
50112      INFO  main            d.u.i.k.p.r.p.TestFile    ... finished proof: closed. 
50297      INFO  main            d.u.i.k.p.i.AbstractProblemLoader Loading environment from /home/runner/work/key/key/key.core/../key.ui/examples/standard_key/arith/complexExpressions.key.proof 
50298      DEBUG main            d.u.i.k.p.i.AbstractProblemLoader Environment load took 137.4ns 
50300      INFO  main            d.u.i.k.p.i.AbstractProblemLoader Creating init config 
52720      DEBUG main            d.u.i.k.p.i.AbstractProblemLoader Init config took 2.42s 
52740      INFO  main            d.u.i.k.p.i.AbstractProblemLoader Replaying proof complexExpressions.key.proof 
52752      DEBUG main            d.u.i.k.p.i.IntermediateProofReplayer Proof replay took 9.98ms 
52753      DEBUG main            d.u.i.k.p.r.p.TestFile    ... success: reloaded. 
52754      INFO  main            d.u.i.k.p.r.p.TestFile    Now processing file /home/runner/work/key/key/key.core/../key.ui/examples/standard_key/arith/compound_unaryMinus.key 
52755      INFO  main            d.u.i.k.p.i.AbstractProblemLoader Loading environment from /home/runner/work/key/key/key.core/../key.ui/examples/standard_key/arith/compound_unaryMinus.key 
52755      DEBUG main            d.u.i.k.p.i.AbstractProblemLoader Environment load took 262.3ns 
52756      INFO  main            d.u.i.k.p.i.AbstractProblemLoader Creating init config 
55163      DEBUG main            d.u.i.k.p.i.AbstractProblemLoader Init config took 2.41s 
55183      INFO  main            d.u.i.k.p.i.AbstractProblemLoader Replaying proof compound_unaryMinus.key 
55185      DEBUG main            d.u.i.k.p.i.IntermediateProofReplayer Proof replay took 6.1ns 
55290      INFO  main            d.u.i.k.p.r.p.TestFile    ... finished proof: closed. 
55463      INFO  main            d.u.i.k.p.i.AbstractProblemLoader Loading environment from /home/runner/work/key/key/key.core/../key.ui/examples/standard_key/arith/compound_unaryMinus.key.proof 
55463      DEBUG main            d.u.i.k.p.i.AbstractProblemLoader Environment load took 135.4ns 
55464      INFO  main            d.u.i.k.p.i.AbstractProblemLoader Creating init config 
57849      DEBUG main            d.u.i.k.p.i.AbstractProblemLoader Init config took 2.38s 
57868      INFO  main            d.u.i.k.p.i.AbstractProblemLoader Replaying proof compound_unaryMinus.key.proof 
57874      DEBUG main            d.u.i.k.p.i.IntermediateProofReplayer Proof replay took 3.76ms 
57875      DEBUG main            d.u.i.k.p.r.p.TestFile    ... success: reloaded. 
57876      INFO  main            d.u.i.k.p.r.p.TestFile    Now processing file /home/runner/work/key/key/key.core/../key.ui/examples/standard_key/arith/computation.key 
57877      INFO  main            d.u.i.k.p.i.AbstractProblemLoader Loading environment from /home/runner/work/key/key/key.core/../key.ui/examples/standard_key/arith/computation.key 
57877      DEBUG main            d.u.i.k.p.i.AbstractProblemLoader Environment load took 218.3ns 
57878      INFO  main            d.u.i.k.p.i.AbstractProblemLoader Creating init config 
60311      DEBUG main            d.u.i.k.p.i.AbstractProblemLoader Init config took 2.43s 
60334      INFO  main            d.u.i.k.p.i.AbstractProblemLoader Replaying proof computation.key 
60337      DEBUG main            d.u.i.k.p.i.IntermediateProofReplayer Proof replay took 7.3ns 
61784      INFO  main            d.u.i.k.p.r.p.TestFile    ... finished proof: closed. 
62044      INFO  main            d.u.i.k.p.i.AbstractProblemLoader Loading environment from /home/runner/work/key/key/key.core/../key.ui/examples/standard_key/arith/computation.key.proof 
62044      DEBUG main            d.u.i.k.p.i.AbstractProblemLoader Environment load took 505.91ns 
62046      INFO  main            d.u.i.k.p.i.AbstractProblemLoader Creating init config 
64405      DEBUG main            d.u.i.k.p.i.AbstractProblemLoader Init config took 2.36s 
64425      INFO  main            d.u.i.k.p.i.AbstractProblemLoader Replaying proof computation.key.proof 
64560      DEBUG main            d.u.i.k.p.i.IntermediateProofReplayer Proof replay took 130.48ms 
64562      DEBUG main            d.u.i.k.p.r.p.TestFile    ... success: reloaded. 
64563      INFO  main            d.u.i.k.p.r.p.TestFile    Now processing file /home/runner/work/key/key/key.core/../key.ui/examples/standard_key/arith/cubicSum.key 
64564      INFO  main            d.u.i.k.p.i.AbstractProblemLoader Loading environment from /home/runner/work/key/key/key.core/../key.ui/examples/standard_key/arith/cubicSum.key 
64564      DEBUG main            d.u.i.k.p.i.AbstractProblemLoader Environment load took 229.4ns 
64565      INFO  main            d.u.i.k.p.i.AbstractProblemLoader Creating init config 
67134      DEBUG main            d.u.i.k.p.i.AbstractProblemLoader Init config took 2.57s 
67152      INFO  main            d.u.i.k.p.i.AbstractProblemLoader Replaying proof cubicSum.key 
67154      DEBUG main            d.u.i.k.p.i.IntermediateProofReplayer Proof replay took 7.1ns 
68160      INFO  main            d.u.i.k.p.r.p.TestFile    ... finished proof: closed. 
68462      INFO  main            d.u.i.k.p.i.AbstractProblemLoader Loading environment from /home/runner/work/key/key/key.core/../key.ui/examples/standard_key/arith/cubicSum.key.proof 
68463      DEBUG main            d.u.i.k.p.i.AbstractProblemLoader Environment load took 1.34ms 
68465      INFO  main            d.u.i.k.p.i.AbstractProblemLoader Creating init config 
70919      DEBUG main            d.u.i.k.p.i.AbstractProblemLoader Init config took 2.45s 
70937      INFO  main            d.u.i.k.p.i.AbstractProblemLoader Replaying proof cubicSum.key.proof 
71093      DEBUG main            d.u.i.k.p.i.IntermediateProofReplayer Proof replay took 153.18ms 
71094      DEBUG main            d.u.i.k.p.r.p.TestFile    ... success: reloaded. 
71096      INFO  main            d.u.i.k.p.r.p.TestFile    Now processing file /home/runner/work/key/key/key.core/../key.ui/examples/standard_key/arith/divByZero.key 
71096      INFO  main            d.u.i.k.p.i.AbstractProblemLoader Loading environment from /home/runner/work/key/key/key.core/../key.ui/examples/standard_key/arith/divByZero.key 
71096      DEBUG main            d.u.i.k.p.i.AbstractProblemLoader Environment load took 59.8ns 
71097      INFO  main            d.u.i.k.p.i.AbstractProblemLoader Creating init config 
73527      DEBUG main            d.u.i.k.p.i.AbstractProblemLoader Init config took 2.43s 
73543      INFO  main            d.u.i.k.p.i.AbstractProblemLoader Replaying proof divByZero.key 
73545      DEBUG main            d.u.i.k.p.i.IntermediateProofReplayer Proof replay took 6.1ns 
73747      INFO  main            d.u.i.k.p.r.p.TestFile    ... finished proof: closed. 
73967      INFO  main            d.u.i.k.p.i.AbstractProblemLoader Loading environment from /home/runner/work/key/key/key.core/../key.ui/examples/standard_key/arith/divByZero.key.proof 
73967      DEBUG main            d.u.i.k.p.i.AbstractProblemLoader Environment load took 133.4ns 
73968      INFO  main            d.u.i.k.p.i.AbstractProblemLoader Creating init config 
76362      DEBUG main            d.u.i.k.p.i.AbstractProblemLoader Init config took 2.39s 
76380      INFO  main            d.u.i.k.p.i.AbstractProblemLoader Replaying proof divByZero.key.proof 
76417      DEBUG main            d.u.i.k.p.i.IntermediateProofReplayer Proof replay took 34.44ms 
76418      DEBUG main            d.u.i.k.p.r.p.TestFile    ... success: reloaded. 
76419      INFO  main            d.u.i.k.p.r.p.TestFile    Now processing file /home/runner/work/key/key/key.core/../key.ui/examples/standard_key/arith/divisionAssoc.key 
76420      INFO  main            d.u.i.k.p.i.AbstractProblemLoader Loading environment from /home/runner/work/key/key/key.core/../key.ui/examples/standard_key/arith/divisionAssoc.key 
76420      DEBUG main            d.u.i.k.p.i.AbstractProblemLoader Environment load took 248.8ns 
76421      INFO  main            d.u.i.k.p.i.AbstractProblemLoader Creating init config 
78776      DEBUG main            d.u.i.k.p.i.AbstractProblemLoader Init config took 2.35s 
78792      INFO  main            d.u.i.k.p.i.AbstractProblemLoader Replaying proof divisionAssoc.key 
78793      DEBUG main            d.u.i.k.p.i.IntermediateProofReplayer Proof replay took 7.8ns 
79498      INFO  main            d.u.i.k.p.r.p.TestFile    ... finished proof: closed. 
79716      INFO  main            d.u.i.k.p.i.AbstractProblemLoader Loading environment from /home/runner/work/key/key/key.core/../key.ui/examples/standard_key/arith/divisionAssoc.key.proof 
79717      DEBUG main            d.u.i.k.p.i.AbstractProblemLoader Environment load took 537.81ns 
79718      INFO  main            d.u.i.k.p.i.AbstractProblemLoader Creating init config 
82074      DEBUG main            d.u.i.k.p.i.AbstractProblemLoader Init config took 2.36s 
82089      INFO  main            d.u.i.k.p.i.AbstractProblemLoader Replaying proof divisionAssoc.key.proof 
82136      DEBUG main            d.u.i.k.p.i.IntermediateProofReplayer Proof replay took 42.92ms 
82137      DEBUG main            d.u.i.k.p.r.p.TestFile    ... success: reloaded. 
82138      INFO  main            d.u.i.k.p.r.p.TestFile    Now processing file /home/runner/work/key/key/key.core/../key.ui/examples/standard_key/arith/divisionBy2.key 
82139      INFO  main            d.u.i.k.p.i.AbstractProblemLoader Loading environment from /home/runner/work/key/key/key.core/../key.ui/examples/standard_key/arith/divisionBy2.key 
82139      DEBUG main            d.u.i.k.p.i.AbstractProblemLoader Environment load took 110.8ns 
82140      INFO  main            d.u.i.k.p.i.AbstractProblemLoader Creating init config 
84557      DEBUG main            d.u.i.k.p.i.AbstractProblemLoader Init config took 2.42s 
84571      INFO  main            d.u.i.k.p.i.AbstractProblemLoader Replaying proof divisionBy2.key 
84572      DEBUG main            d.u.i.k.p.i.IntermediateProofReplayer Proof replay took 6.7ns 
84678      INFO  main            d.u.i.k.p.r.p.TestFile    ... finished proof: closed. 
84914      INFO  main            d.u.i.k.p.i.AbstractProblemLoader Loading environment from /home/runner/work/key/key/key.core/../key.ui/examples/standard_key/arith/divisionBy2.key.proof 
84914      DEBUG main            d.u.i.k.p.i.AbstractProblemLoader Environment load took 134.5ns 
84915      INFO  main            d.u.i.k.p.i.AbstractProblemLoader Creating init config 
87240      DEBUG main            d.u.i.k.p.i.AbstractProblemLoader Init config took 2.32s 
87254      INFO  main            d.u.i.k.p.i.AbstractProblemLoader Replaying proof divisionBy2.key.proof 
87262      DEBUG main            d.u.i.k.p.i.IntermediateProofReplayer Proof replay took 5.44ms 
87263      DEBUG main            d.u.i.k.p.r.p.TestFile    ... success: reloaded. 
87264      INFO  main            d.u.i.k.p.r.p.TestFile    Now processing file /home/runner/work/key/key/key.core/../key.ui/examples/standard_key/arith/euclidean/gcdHelp-post.key 
87265      INFO  main            d.u.i.k.p.i.AbstractProblemLoader Loading environment from /home/runner/work/key/key/key.core/../key.ui/examples/standard_key/arith/euclidean/gcdHelp-post.key 
87265      DEBUG main            d.u.i.k.p.i.AbstractProblemLoader Environment load took 220.6ns 
87266      INFO  main            d.u.i.k.p.i.AbstractProblemLoader Creating init config 
89799      DEBUG main            d.u.i.k.p.i.AbstractProblemLoader Init config took 2.53s 
89815      INFO  main            d.u.i.k.p.i.AbstractProblemLoader Replaying proof gcdHelp-post.key 
89817      DEBUG main            d.u.i.k.p.i.IntermediateProofReplayer Proof replay took 7.1ns 
93030      INFO  main            d.u.i.k.p.r.p.TestFile    ... finished proof: closed. 
93279      INFO  main            d.u.i.k.p.i.AbstractProblemLoader Loading environment from /home/runner/work/key/key/key.core/../key.ui/examples/standard_key/arith/euclidean/gcdHelp-post.key.proof 
93280      DEBUG main            d.u.i.k.p.i.AbstractProblemLoader Environment load took 493.91ns 
93281      INFO  main            d.u.i.k.p.i.AbstractProblemLoader Creating init config 
95693      DEBUG main            d.u.i.k.p.i.AbstractProblemLoader Init config took 2.41s 
95709      INFO  main            d.u.i.k.p.i.AbstractProblemLoader Replaying proof gcdHelp-post.key.proof 
95925      DEBUG main            d.u.i.k.p.i.IntermediateProofReplayer Proof replay took 206.08ms 
95926      DEBUG main            d.u.i.k.p.r.p.TestFile    ... success: reloaded. 
95928      INFO  main            d.u.i.k.p.r.p.TestFile    Now processing file /home/runner/work/key/key/key.core/../key.ui/examples/standard_key/arith/gemplusDecimal/add.key 
95928      INFO  main            d.u.i.k.p.i.AbstractProblemLoader Loading environment from /home/runner/work/key/key/key.core/../key.ui/examples/standard_key/arith/gemplusDecimal/add.key 
95928      DEBUG main            d.u.i.k.p.i.AbstractProblemLoader Environment load took 194.3ns 
95930      INFO  main            d.u.i.k.p.i.AbstractProblemLoader Creating init config 
98425      DEBUG main            d.u.i.k.p.i.AbstractProblemLoader Init config took 2.49s 
98442      INFO  main            d.u.i.k.p.i.AbstractProblemLoader Replaying proof add.key 
98443      DEBUG main            d.u.i.k.p.i.IntermediateProofReplayer Proof replay took 5.9ns 
140483     INFO  main            d.u.i.k.p.r.p.TestFile    ... finished proof: closed. 
140923     INFO  main            d.u.i.k.p.i.AbstractProblemLoader Loading environment from /home/runner/work/key/key/key.core/../key.ui/examples/standard_key/arith/gemplusDecimal/add.key.proof 
140924     DEBUG main            d.u.i.k.p.i.AbstractProblemLoader Environment load took 507.71ns 
140934     INFO  main            d.u.i.k.p.i.AbstractProblemLoader Creating init config 
143344     DEBUG main            d.u.i.k.p.i.AbstractProblemLoader Init config took 2.41s 
143362     INFO  main            d.u.i.k.p.i.AbstractProblemLoader Replaying proof add.key.proof 
147113     DEBUG main            d.u.i.k.p.i.IntermediateProofReplayer Proof replay took 3.64s 
147121     DEBUG main            d.u.i.k.p.r.p.TestFile    ... success: reloaded. 
147123     INFO  main            d.u.i.k.p.r.p.TestFile    Now processing file /home/runner/work/key/key/key.core/../key.ui/examples/standard_key/arith/jdivevenodd.key 
147123     INFO  main            d.u.i.k.p.i.AbstractProblemLoader Loading environment from /home/runner/work/key/key/key.core/../key.ui/examples/standard_key/arith/jdivevenodd.key 
147123     DEBUG main            d.u.i.k.p.i.AbstractProblemLoader Environment load took 222.3ns 
147125     INFO  main            d.u.i.k.p.i.AbstractProblemLoader Creating init config 
149601     DEBUG main            d.u.i.k.p.i.AbstractProblemLoader Init config took 2.48s 
149649     INFO  main            d.u.i.k.p.i.AbstractProblemLoader Replaying proof jdivevenodd.key 
149651     DEBUG main            d.u.i.k.p.i.IntermediateProofReplayer Proof replay took 6.6ns 
149854     INFO  main            d.u.i.k.p.r.p.TestFile    ... finished proof: closed. 
150211     INFO  main            d.u.i.k.p.i.AbstractProblemLoader Loading environment from /home/runner/work/key/key/key.core/../key.ui/examples/standard_key/arith/jdivevenodd.key.proof 
150211     DEBUG main            d.u.i.k.p.i.AbstractProblemLoader Environment load took 130.5ns 
150213     INFO  main            d.u.i.k.p.i.AbstractProblemLoader Creating init config 
152519     DEBUG main            d.u.i.k.p.i.AbstractProblemLoader Init config took 2.31s 
152534     INFO  main            d.u.i.k.p.i.AbstractProblemLoader Replaying proof jdivevenodd.key.proof 
152550     DEBUG main            d.u.i.k.p.i.IntermediateProofReplayer Proof replay took 13.76ms 
152551     DEBUG main            d.u.i.k.p.r.p.TestFile    ... success: reloaded. 
152553     INFO  main            d.u.i.k.p.r.p.TestFile    Now processing file /home/runner/work/key/key/key.core/../key.ui/examples/standard_key/arith/median.key 
152553     INFO  main            d.u.i.k.p.i.AbstractProblemLoader Loading environment from /home/runner/work/key/key/key.core/../key.ui/examples/standard_key/arith/median.key 
152553     DEBUG main            d.u.i.k.p.i.AbstractProblemLoader Environment load took 208.4ns 
152555     INFO  main            d.u.i.k.p.i.AbstractProblemLoader Creating init config 
154945     DEBUG main            d.u.i.k.p.i.AbstractProblemLoader Init config took 2.39s 
154961     INFO  main            d.u.i.k.p.i.AbstractProblemLoader Replaying proof median.key 
154965     DEBUG main            d.u.i.k.p.i.IntermediateProofReplayer Proof replay took 6.7ns 
170596     INFO  main            d.u.i.k.p.r.p.TestFile    ... finished proof: closed. 
170943     INFO  main            d.u.i.k.p.i.AbstractProblemLoader Loading environment from /home/runner/work/key/key/key.core/../key.ui/examples/standard_key/arith/median.key.proof 
170948     DEBUG main            d.u.i.k.p.i.AbstractProblemLoader Environment load took 6.08ms 
170953     INFO  main            d.u.i.k.p.i.AbstractProblemLoader Creating init config 
173255     DEBUG main            d.u.i.k.p.i.AbstractProblemLoader Init config took 2.3s 
173270     INFO  main            d.u.i.k.p.i.AbstractProblemLoader Replaying proof median.key.proof 
174418     DEBUG main            d.u.i.k.p.i.IntermediateProofReplayer Proof replay took 1.07s 
174421     DEBUG main            d.u.i.k.p.r.p.TestFile    ... success: reloaded. 
174422     INFO  main            d.u.i.k.p.r.p.TestFile    Now processing file /home/runner/work/key/key/key.core/../key.ui/examples/standard_key/arith/mod1.key 
174423     INFO  main            d.u.i.k.p.i.AbstractProblemLoader Loading environment from /home/runner/work/key/key/key.core/../key.ui/examples/standard_key/arith/mod1.key 
174423     DEBUG main            d.u.i.k.p.i.AbstractProblemLoader Environment load took 98ns 
174424     INFO  main            d.u.i.k.p.i.AbstractProblemLoader Creating init config 
176811     DEBUG main            d.u.i.k.p.i.AbstractProblemLoader Init config took 2.39s 
176825     INFO  main            d.u.i.k.p.i.AbstractProblemLoader Replaying proof mod1.key 
176827     DEBUG main            d.u.i.k.p.i.IntermediateProofReplayer Proof replay took 7.5ns 
176930     INFO  main            d.u.i.k.p.r.p.TestFile    ... finished proof: closed. 
177258     INFO  main            d.u.i.k.p.i.AbstractProblemLoader Loading environment from /home/runner/work/key/key/key.core/../key.ui/examples/standard_key/arith/mod1.key.proof 
177258     DEBUG main            d.u.i.k.p.i.AbstractProblemLoader Environment load took 110.4ns 
177259     INFO  main            d.u.i.k.p.i.AbstractProblemLoader Creating init config 
179598     DEBUG main            d.u.i.k.p.i.AbstractProblemLoader Init config took 2.34s 
179612     INFO  main            d.u.i.k.p.i.AbstractProblemLoader Replaying proof mod1.key.proof 
179616     DEBUG main            d.u.i.k.p.i.IntermediateProofReplayer Proof replay took 2.19ms 
179617     DEBUG main            d.u.i.k.p.r.p.TestFile    ... success: reloaded. 
179617     INFO  main            d.u.i.k.p.r.p.TestFile    Now processing file /home/runner/work/key/key/key.core/../key.ui/examples/standard_key/arith/mod2.key 
179618     INFO  main            d.u.i.k.p.i.AbstractProblemLoader Loading environment from /home/runner/work/key/key/key.core/../key.ui/examples/standard_key/arith/mod2.key 
179618     DEBUG main            d.u.i.k.p.i.AbstractProblemLoader Environment load took 88.3ns 
179619     INFO  main            d.u.i.k.p.i.AbstractProblemLoader Creating init config 
181921     DEBUG main            d.u.i.k.p.i.AbstractProblemLoader Init config took 2.3s 
181935     INFO  main            d.u.i.k.p.i.AbstractProblemLoader Replaying proof mod2.key 
181936     DEBUG main            d.u.i.k.p.i.IntermediateProofReplayer Proof replay took 6.9ns 
182041     INFO  main            d.u.i.k.p.r.p.TestFile    ... finished proof: closed. 
182290     INFO  main            d.u.i.k.p.i.AbstractProblemLoader Loading environment from /home/runner/work/key/key/key.core/../key.ui/examples/standard_key/arith/mod2.key.proof 
182290     DEBUG main            d.u.i.k.p.i.AbstractProblemLoader Environment load took 114.1ns 
182291     INFO  main            d.u.i.k.p.i.AbstractProblemLoader Creating init config 
184578     DEBUG main            d.u.i.k.p.i.AbstractProblemLoader Init config took 2.29s 
184592     INFO  main            d.u.i.k.p.i.AbstractProblemLoader Replaying proof mod2.key.proof 
184595     DEBUG main            d.u.i.k.p.i.IntermediateProofReplayer Proof replay took 1.49ms 
184595     DEBUG main            d.u.i.k.p.r.p.TestFile    ... success: reloaded. 
184596     INFO  main            d.u.i.k.p.r.p.TestFile    Now processing file /home/runner/work/key/key/key.core/../key.ui/examples/standard_key/arith/mod7.key 
184596     INFO  main            d.u.i.k.p.i.AbstractProblemLoader Loading environment from /home/runner/work/key/key/key.core/../key.ui/examples/standard_key/arith/mod7.key 
184597     DEBUG main            d.u.i.k.p.i.AbstractProblemLoader Environment load took 84.2ns 
184597     INFO  main            d.u.i.k.p.i.AbstractProblemLoader Creating init config 
186949     DEBUG main            d.u.i.k.p.i.AbstractProblemLoader Init config took 2.35s 
186963     INFO  main            d.u.i.k.p.i.AbstractProblemLoader Replaying proof mod7.key 
186964     DEBUG main            d.u.i.k.p.i.IntermediateProofReplayer Proof replay took 7.2ns 
187066     INFO  main            d.u.i.k.p.r.p.TestFile    ... finished proof: closed. 
187319     INFO  main            d.u.i.k.p.i.AbstractProblemLoader Loading environment from /home/runner/work/key/key/key.core/../key.ui/examples/standard_key/arith/mod7.key.proof 
187319     DEBUG main            d.u.i.k.p.i.AbstractProblemLoader Environment load took 114.3ns 
187320     INFO  main            d.u.i.k.p.i.AbstractProblemLoader Creating init config 
189639     DEBUG main            d.u.i.k.p.i.AbstractProblemLoader Init config took 2.32s 
189654     INFO  main            d.u.i.k.p.i.AbstractProblemLoader Replaying proof mod7.key.proof 
189661     DEBUG main            d.u.i.k.p.i.IntermediateProofReplayer Proof replay took 5.06ms 
189661     DEBUG main            d.u.i.k.p.r.p.TestFile    ... success: reloaded. 
189662     INFO  main            d.u.i.k.p.r.p.TestFile    Now processing file /home/runner/work/key/key/key.core/../key.ui/examples/standard_key/arith/overflow_hija.key 
189662     INFO  main            d.u.i.k.p.i.AbstractProblemLoader Loading environment from /home/runner/work/key/key/key.core/../key.ui/examples/standard_key/arith/overflow_hija.key 
189662     DEBUG main            d.u.i.k.p.i.AbstractProblemLoader Environment load took 53ns 
189664     INFO  main            d.u.i.k.p.i.AbstractProblemLoader Creating init config 
192024     DEBUG main            d.u.i.k.p.i.AbstractProblemLoader Init config took 2.36s 
192042     INFO  main            d.u.i.k.p.i.AbstractProblemLoader Replaying proof overflow_hija.key 
192044     DEBUG main            d.u.i.k.p.i.IntermediateProofReplayer Proof replay took 6.3ns 
196695     INFO  main            d.u.i.k.p.r.p.TestFile    ... finished proof: closed. 
197000     INFO  main            d.u.i.k.p.i.AbstractProblemLoader Loading environment from /home/runner/work/key/key/key.core/../key.ui/examples/standard_key/arith/overflow_hija.key.proof 
197003     DEBUG main            d.u.i.k.p.i.AbstractProblemLoader Environment load took 2.76ms 
197006     INFO  main            d.u.i.k.p.i.AbstractProblemLoader Creating init config 
199326     DEBUG main            d.u.i.k.p.i.AbstractProblemLoader Init config took 2.32s 
199344     INFO  main            d.u.i.k.p.i.AbstractProblemLoader Replaying proof overflow_hija.key.proof 
199691     DEBUG main            d.u.i.k.p.i.IntermediateProofReplayer Proof replay took 338.04ms 
199693     DEBUG main            d.u.i.k.p.r.p.TestFile    ... success: reloaded. 
199694     INFO  main            d.u.i.k.p.r.p.TestFile    Now processing file /home/runner/work/key/key/key.core/../key.ui/examples/standard_key/arith/poly_division0.key 
199694     INFO  main            d.u.i.k.p.i.AbstractProblemLoader Loading environment from /home/runner/work/key/key/key.core/../key.ui/examples/standard_key/arith/poly_division0.key 
199695     DEBUG main            d.u.i.k.p.i.AbstractProblemLoader Environment load took 115.6ns 
199696     INFO  main            d.u.i.k.p.i.AbstractProblemLoader Creating init config 
202051     DEBUG main            d.u.i.k.p.i.AbstractProblemLoader Init config took 2.36s 
202066     INFO  main            d.u.i.k.p.i.AbstractProblemLoader Replaying proof poly_division0.key 
202067     DEBUG main            d.u.i.k.p.i.IntermediateProofReplayer Proof replay took 8.7ns 
202173     INFO  main            d.u.i.k.p.r.p.TestFile    ... finished proof: closed. 
202497     INFO  main            d.u.i.k.p.i.AbstractProblemLoader Loading environment from /home/runner/work/key/key/key.core/../key.ui/examples/standard_key/arith/poly_division0.key.proof 
202497     DEBUG main            d.u.i.k.p.i.AbstractProblemLoader Environment load took 108.7ns 
202499     INFO  main            d.u.i.k.p.i.AbstractProblemLoader Creating init config 
204780     DEBUG main            d.u.i.k.p.i.AbstractProblemLoader Init config took 2.28s 
204794     INFO  main            d.u.i.k.p.i.AbstractProblemLoader Replaying proof poly_division0.key.proof 
204804     DEBUG main            d.u.i.k.p.i.IntermediateProofReplayer Proof replay took 7.33ms 
204805     DEBUG main            d.u.i.k.p.r.p.TestFile    ... success: reloaded. 
204805     INFO  main            d.u.i.k.p.r.p.TestFile    Now processing file /home/runner/work/key/key/key.core/../key.ui/examples/standard_key/arith/poly_division1.key 
204805     INFO  main            d.u.i.k.p.i.AbstractProblemLoader Loading environment from /home/runner/work/key/key/key.core/../key.ui/examples/standard_key/arith/poly_division1.key 
204806     DEBUG main            d.u.i.k.p.i.AbstractProblemLoader Environment load took 71.1ns 
204806     INFO  main            d.u.i.k.p.i.AbstractProblemLoader Creating init config 
207126     DEBUG main            d.u.i.k.p.i.AbstractProblemLoader Init config took 2.32s 
207140     INFO  main            d.u.i.k.p.i.AbstractProblemLoader Replaying proof poly_division1.key 
207141     DEBUG main            d.u.i.k.p.i.IntermediateProofReplayer Proof replay took 7.5ns 
207243     INFO  main            d.u.i.k.p.r.p.TestFile    ... finished proof: closed. 
207519     INFO  main            d.u.i.k.p.i.AbstractProblemLoader Loading environment from /home/runner/work/key/key/key.core/../key.ui/examples/standard_key/arith/poly_division1.key.proof 
207519     DEBUG main            d.u.i.k.p.i.AbstractProblemLoader Environment load took 106ns 
207520     INFO  main            d.u.i.k.p.i.AbstractProblemLoader Creating init config 
209800     DEBUG main            d.u.i.k.p.i.AbstractProblemLoader Init config took 2.28s 
209813     INFO  main            d.u.i.k.p.i.AbstractProblemLoader Replaying proof poly_division1.key.proof 
209820     DEBUG main            d.u.i.k.p.i.IntermediateProofReplayer Proof replay took 5.51ms 
209821     DEBUG main            d.u.i.k.p.r.p.TestFile    ... success: reloaded. 
209822     INFO  main            d.u.i.k.p.r.p.TestFile    Now processing file /home/runner/work/key/key/key.core/../key.ui/examples/standard_key/inEqSimp/division.key 
209822     INFO  main            d.u.i.k.p.i.AbstractProblemLoader Loading environment from /home/runner/work/key/key/key.core/../key.ui/examples/standard_key/inEqSimp/division.key 
209822     DEBUG main            d.u.i.k.p.i.AbstractProblemLoader Environment load took 52.5ns 
209823     INFO  main            d.u.i.k.p.i.AbstractProblemLoader Creating init config 
212168     DEBUG main            d.u.i.k.p.i.AbstractProblemLoader Init config took 2.35s 
212184     INFO  main            d.u.i.k.p.i.AbstractProblemLoader Replaying proof division.key 
212185     DEBUG main            d.u.i.k.p.i.IntermediateProofReplayer Proof replay took 8.3ns 
214192     INFO  main            d.u.i.k.p.r.p.TestFile    ... finished proof: closed. 
214484     INFO  main            d.u.i.k.p.i.AbstractProblemLoader Loading environment from /home/runner/work/key/key/key.core/../key.ui/examples/standard_key/inEqSimp/division.key.proof 
214484     DEBUG main            d.u.i.k.p.i.AbstractProblemLoader Environment load took 128.3ns 
214486     INFO  main            d.u.i.k.p.i.AbstractProblemLoader Creating init config 
216767     DEBUG main            d.u.i.k.p.i.AbstractProblemLoader Init config took 2.28s 
216781     INFO  main            d.u.i.k.p.i.AbstractProblemLoader Replaying proof division.key.proof 
216850     DEBUG main            d.u.i.k.p.i.IntermediateProofReplayer Proof replay took 61.52ms 
216852     DEBUG main            d.u.i.k.p.r.p.TestFile    ... success: reloaded. 
216853     INFO  main            d.u.i.k.p.r.p.TestFile    Now processing file /home/runner/work/key/key/key.core/../key.ui/examples/standard_key/inEqSimp/inequations0.key 
216853     INFO  main            d.u.i.k.p.i.AbstractProblemLoader Loading environment from /home/runner/work/key/key/key.core/../key.ui/examples/standard_key/inEqSimp/inequations0.key 
216854     DEBUG main            d.u.i.k.p.i.AbstractProblemLoader Environment load took 198.6ns 
216855     INFO  main            d.u.i.k.p.i.AbstractProblemLoader Creating init config 
219241     DEBUG main            d.u.i.k.p.i.AbstractProblemLoader Init config took 2.39s 
219257     INFO  main            d.u.i.k.p.i.AbstractProblemLoader Replaying proof inequations0.key 
219260     DEBUG main            d.u.i.k.p.i.IntermediateProofReplayer Proof replay took 39.7ns 
219363     INFO  main            d.u.i.k.p.r.p.TestFile    ... finished proof: closed. 
219680     INFO  main            d.u.i.k.p.i.AbstractProblemLoader Loading environment from /home/runner/work/key/key/key.core/../key.ui/examples/standard_key/inEqSimp/inequations0.key.proof 
219680     DEBUG main            d.u.i.k.p.i.AbstractProblemLoader Environment load took 106.4ns 
219681     INFO  main            d.u.i.k.p.i.AbstractProblemLoader Creating init config 
221964     DEBUG main            d.u.i.k.p.i.AbstractProblemLoader Init config took 2.28s 
221978     INFO  main            d.u.i.k.p.i.AbstractProblemLoader Replaying proof inequations0.key.proof 
221982     DEBUG main            d.u.i.k.p.i.IntermediateProofReplayer Proof replay took 2.07ms 
221983     DEBUG main            d.u.i.k.p.r.p.TestFile    ... success: reloaded. 
221983     INFO  main            d.u.i.k.p.r.p.TestFile    Now processing file /home/runner/work/key/key/key.core/../key.ui/examples/standard_key/inEqSimp/inequations1.key 
221983     INFO  main            d.u.i.k.p.i.AbstractProblemLoader Loading environment from /home/runner/work/key/key/key.core/../key.ui/examples/standard_key/inEqSimp/inequations1.key 
221984     DEBUG main            d.u.i.k.p.i.AbstractProblemLoader Environment load took 91.2ns 
221985     INFO  main            d.u.i.k.p.i.AbstractProblemLoader Creating init config 
224302     DEBUG main            d.u.i.k.p.i.AbstractProblemLoader Init config took 2.32s 
224315     INFO  main            d.u.i.k.p.i.AbstractProblemLoader Replaying proof inequations1.key 
224317     DEBUG main            d.u.i.k.p.i.IntermediateProofReplayer Proof replay took 3.8ns 
224418     INFO  main            d.u.i.k.p.r.p.TestFile    ... finished proof: closed. 
224702     INFO  main            d.u.i.k.p.i.AbstractProblemLoader Loading environment from /home/runner/work/key/key/key.core/../key.ui/examples/standard_key/inEqSimp/inequations1.key.proof 
224702     DEBUG main            d.u.i.k.p.i.AbstractProblemLoader Environment load took 96.9ns 
224703     INFO  main            d.u.i.k.p.i.AbstractProblemLoader Creating init config 
226986     DEBUG main            d.u.i.k.p.i.AbstractProblemLoader Init config took 2.28s 
226999     INFO  main            d.u.i.k.p.i.AbstractProblemLoader Replaying proof inequations1.key.proof 
227002     DEBUG main            d.u.i.k.p.i.IntermediateProofReplayer Proof replay took 1.22ms 
227003     DEBUG main            d.u.i.k.p.r.p.TestFile    ... success: reloaded. 
227003     INFO  main            d.u.i.k.p.r.p.TestFile    Now processing file /home/runner/work/key/key/key.core/../key.ui/examples/standard_key/inEqSimp/inequations2.key 
227004     INFO  main            d.u.i.k.p.i.AbstractProblemLoader Loading environment from /home/runner/work/key/key/key.core/../key.ui/examples/standard_key/inEqSimp/inequations2.key 
227004     DEBUG main            d.u.i.k.p.i.AbstractProblemLoader Environment load took 68.1ns 
227005     INFO  main            d.u.i.k.p.i.AbstractProblemLoader Creating init config 
229364     DEBUG main            d.u.i.k.p.i.AbstractProblemLoader Init config took 2.36s 
229378     INFO  main            d.u.i.k.p.i.AbstractProblemLoader Replaying proof inequations2.key 
229379     DEBUG main            d.u.i.k.p.i.IntermediateProofReplayer Proof replay took 3.9ns 
229480     INFO  main            d.u.i.k.p.r.p.TestFile    ... finished proof: closed. 
229766     INFO  main            d.u.i.k.p.i.AbstractProblemLoader Loading environment from /home/runner/work/key/key/key.core/../key.ui/examples/standard_key/inEqSimp/inequations2.key.proof 
229767     DEBUG main            d.u.i.k.p.i.AbstractProblemLoader Environment load took 104.8ns 
229768     INFO  main            d.u.i.k.p.i.AbstractProblemLoader Creating init config 
232050     DEBUG main            d.u.i.k.p.i.AbstractProblemLoader Init config took 2.28s 
232064     INFO  main            d.u.i.k.p.i.AbstractProblemLoader Replaying proof inequations2.key.proof 
232067     DEBUG main            d.u.i.k.p.i.IntermediateProofReplayer Proof replay took 1.47ms 
232068     DEBUG main            d.u.i.k.p.r.p.TestFile    ... success: reloaded. 
232068     INFO  main            d.u.i.k.p.r.p.TestFile    Now processing file /home/runner/work/key/key/key.core/../key.ui/examples/standard_key/inEqSimp/linApprox.key 
232068     INFO  main            d.u.i.k.p.i.AbstractProblemLoader Loading environment from /home/runner/work/key/key/key.core/../key.ui/examples/standard_key/inEqSimp/linApprox.key 
232069     DEBUG main            d.u.i.k.p.i.AbstractProblemLoader Environment load took 81.7ns 
232070     INFO  main            d.u.i.k.p.i.AbstractProblemLoader Creating init config 
234431     DEBUG main            d.u.i.k.p.i.AbstractProblemLoader Init config took 2.36s 
234444     INFO  main            d.u.i.k.p.i.AbstractProblemLoader Replaying proof linApprox.key 
234446     DEBUG main            d.u.i.k.p.i.IntermediateProofReplayer Proof replay took 2.5ns 
234549     INFO  main            d.u.i.k.p.r.p.TestFile    ... finished proof: closed. 
234846     INFO  main            d.u.i.k.p.i.AbstractProblemLoader Loading environment from /home/runner/work/key/key/key.core/../key.ui/examples/standard_key/inEqSimp/linApprox.key.proof 
234847     DEBUG main            d.u.i.k.p.i.AbstractProblemLoader Environment load took 101.1ns 
234848     INFO  main            d.u.i.k.p.i.AbstractProblemLoader Creating init config 
237133     DEBUG main            d.u.i.k.p.i.AbstractProblemLoader Init config took 2.28s 
237146     INFO  main            d.u.i.k.p.i.AbstractProblemLoader Replaying proof linApprox.key.proof 
237150     DEBUG main            d.u.i.k.p.i.IntermediateProofReplayer Proof replay took 2.44ms 
237150     DEBUG main            d.u.i.k.p.r.p.TestFile    ... success: reloaded. 
237151     INFO  main            d.u.i.k.p.r.p.TestFile    Now processing file /home/runner/work/key/key/key.core/../key.ui/examples/standard_key/inEqSimp/nonLinInEqExample0.key 
237151     INFO  main            d.u.i.k.p.i.AbstractProblemLoader Loading environment from /home/runner/work/key/key/key.core/../key.ui/examples/standard_key/inEqSimp/nonLinInEqExample0.key 
237151     DEBUG main            d.u.i.k.p.i.AbstractProblemLoader Environment load took 119ns 
237152     INFO  main            d.u.i.k.p.i.AbstractProblemLoader Creating init config 
239464     DEBUG main            d.u.i.k.p.i.AbstractProblemLoader Init config took 2.31s 
239478     INFO  main            d.u.i.k.p.i.AbstractProblemLoader Replaying proof nonLinInEqExample0.key 
239479     DEBUG main            d.u.i.k.p.i.IntermediateProofReplayer Proof replay took 4ns 
239584     INFO  main            d.u.i.k.p.r.p.TestFile    ... finished proof: closed. 
239886     INFO  main            d.u.i.k.p.i.AbstractProblemLoader Loading environment from /home/runner/work/key/key/key.core/../key.ui/examples/standard_key/inEqSimp/nonLinInEqExample0.key.proof 
239886     DEBUG main            d.u.i.k.p.i.AbstractProblemLoader Environment load took 104.8ns 
239887     INFO  main            d.u.i.k.p.i.AbstractProblemLoader Creating init config 
242155     DEBUG main            d.u.i.k.p.i.AbstractProblemLoader Init config took 2.27s 
242169     INFO  main            d.u.i.k.p.i.AbstractProblemLoader Replaying proof nonLinInEqExample0.key.proof 
242171     DEBUG main            d.u.i.k.p.i.IntermediateProofReplayer Proof replay took 864.41ns 
242172     DEBUG main            d.u.i.k.p.r.p.TestFile    ... success: reloaded. 
242173     INFO  main            d.u.i.k.p.r.p.TestFile    Now processing file /home/runner/work/key/key/key.core/../key.ui/examples/standard_key/inEqSimp/nonLinInEqExample2.key 
242173     INFO  main            d.u.i.k.p.i.AbstractProblemLoader Loading environment from /home/runner/work/key/key/key.core/../key.ui/examples/standard_key/inEqSimp/nonLinInEqExample2.key 
242173     DEBUG main            d.u.i.k.p.i.AbstractProblemLoader Environment load took 48ns 
242174     INFO  main            d.u.i.k.p.i.AbstractProblemLoader Creating init config 
244494     DEBUG main            d.u.i.k.p.i.AbstractProblemLoader Init config took 2.32s 
244508     INFO  main            d.u.i.k.p.i.AbstractProblemLoader Replaying proof nonLinInEqExample2.key 
244509     DEBUG main            d.u.i.k.p.i.IntermediateProofReplayer Proof replay took 2.6ns 
244825     INFO  main            d.u.i.k.p.r.p.TestFile    ... finished proof: closed. 
245126     INFO  main            d.u.i.k.p.i.AbstractProblemLoader Loading environment from /home/runner/work/key/key/key.core/../key.ui/examples/standard_key/inEqSimp/nonLinInEqExample2.key.proof 
245126     DEBUG main            d.u.i.k.p.i.AbstractProblemLoader Environment load took 111.5ns 
245127     INFO  main            d.u.i.k.p.i.AbstractProblemLoader Creating init config 
247392     DEBUG main            d.u.i.k.p.i.AbstractProblemLoader Init config took 2.26s 
247406     INFO  main            d.u.i.k.p.i.AbstractProblemLoader Replaying proof nonLinInEqExample2.key.proof 
247445     DEBUG main            d.u.i.k.p.i.IntermediateProofReplayer Proof replay took 35.97ms 
247446     DEBUG main            d.u.i.k.p.r.p.TestFile    ... success: reloaded. 
247446     INFO  main            d.u.i.k.p.r.p.TestFile    Now processing file /home/runner/work/key/key/key.core/../key.ui/examples/standard_key/inEqSimp/nonLinInEqExample3.key 
247447     INFO  main            d.u.i.k.p.i.AbstractProblemLoader Loading environment from /home/runner/work/key/key/key.core/../key.ui/examples/standard_key/inEqSimp/nonLinInEqExample3.key 
247447     DEBUG main            d.u.i.k.p.i.AbstractProblemLoader Environment load took 55.6ns 
247448     INFO  main            d.u.i.k.p.i.AbstractProblemLoader Creating init config 
249768     DEBUG main            d.u.i.k.p.i.AbstractProblemLoader Init config took 2.32s 
249781     INFO  main            d.u.i.k.p.i.AbstractProblemLoader Replaying proof nonLinInEqExample3.key 
249782     DEBUG main            d.u.i.k.p.i.IntermediateProofReplayer Proof replay took 2.8ns 
249985     INFO  main            d.u.i.k.p.r.p.TestFile    ... finished proof: closed. 
250317     INFO  main            d.u.i.k.p.i.AbstractProblemLoader Loading environment from /home/runner/work/key/key/key.core/../key.ui/examples/standard_key/inEqSimp/nonLinInEqExample3.key.proof 
250317     DEBUG main            d.u.i.k.p.i.AbstractProblemLoader Environment load took 102.1ns 
250319     INFO  main            d.u.i.k.p.i.AbstractProblemLoader Creating init config 
252597     DEBUG main            d.u.i.k.p.i.AbstractProblemLoader Init config took 2.28s 
252611     INFO  main            d.u.i.k.p.i.AbstractProblemLoader Replaying proof nonLinInEqExample3.key.proof 
252628     DEBUG main            d.u.i.k.p.i.IntermediateProofReplayer Proof replay took 15.14ms 
252629     DEBUG main            d.u.i.k.p.r.p.TestFile    ... success: reloaded. 
252630     INFO  main            d.u.i.k.p.r.p.TestFile    Now processing file /home/runner/work/key/key/key.core/../key.ui/examples/standard_key/inEqSimp/nonLinInEqExample4.key 
252630     INFO  main            d.u.i.k.p.i.AbstractProblemLoader Loading environment from /home/runner/work/key/key/key.core/../key.ui/examples/standard_key/inEqSimp/nonLinInEqExample4.key 
252630     DEBUG main            d.u.i.k.p.i.AbstractProblemLoader Environment load took 84.1ns 
252631     INFO  main            d.u.i.k.p.i.AbstractProblemLoader Creating init config 
254949     DEBUG main            d.u.i.k.p.i.AbstractProblemLoader Init config took 2.32s 
254962     INFO  main            d.u.i.k.p.i.AbstractProblemLoader Replaying proof nonLinInEqExample4.key 
254964     DEBUG main            d.u.i.k.p.i.IntermediateProofReplayer Proof replay took 2.5ns 
255070     INFO  main            d.u.i.k.p.r.p.TestFile    ... finished proof: closed. 
255402     INFO  main            d.u.i.k.p.i.AbstractProblemLoader Loading environment from /home/runner/work/key/key/key.core/../key.ui/examples/standard_key/inEqSimp/nonLinInEqExample4.key.proof 
255402     DEBUG main            d.u.i.k.p.i.AbstractProblemLoader Environment load took 111.1ns 
255403     INFO  main            d.u.i.k.p.i.AbstractProblemLoader Creating init config 
257688     DEBUG main            d.u.i.k.p.i.AbstractProblemLoader Init config took 2.28s 
257701     INFO  main            d.u.i.k.p.i.AbstractProblemLoader Replaying proof nonLinInEqExample4.key.proof 
257706     DEBUG main            d.u.i.k.p.i.IntermediateProofReplayer Proof replay took 3.27ms 
257706     DEBUG main            d.u.i.k.p.r.p.TestFile    ... success: reloaded. 
257707     INFO  main            d.u.i.k.p.r.p.TestFile    Now processing file /home/runner/work/key/key/key.core/../key.ui/examples/standard_key/inEqSimp/quadraticInEq.key 
257708     INFO  main            d.u.i.k.p.i.AbstractProblemLoader Loading environment from /home/runner/work/key/key/key.core/../key.ui/examples/standard_key/inEqSimp/quadraticInEq.key 
257708     DEBUG main            d.u.i.k.p.i.AbstractProblemLoader Environment load took 88.9ns 
257709     INFO  main            d.u.i.k.p.i.AbstractProblemLoader Creating init config 
260023     DEBUG main            d.u.i.k.p.i.AbstractProblemLoader Init config took 2.31s 
260036     INFO  main            d.u.i.k.p.i.AbstractProblemLoader Replaying proof quadraticInEq.key 
260038     DEBUG main            d.u.i.k.p.i.IntermediateProofReplayer Proof replay took 2.8ns 
260342     INFO  main            d.u.i.k.p.r.p.TestFile    ... finished proof: closed. 
260690     INFO  main            d.u.i.k.p.i.AbstractProblemLoader Loading environment from /home/runner/work/key/key/key.core/../key.ui/examples/standard_key/inEqSimp/quadraticInEq.key.proof 
260691     DEBUG main            d.u.i.k.p.i.AbstractProblemLoader Environment load took 467.21ns 
260693     INFO  main            d.u.i.k.p.i.AbstractProblemLoader Creating init config 
262975     DEBUG main            d.u.i.k.p.i.AbstractProblemLoader Init config took 2.28s 
262990     INFO  main            d.u.i.k.p.i.AbstractProblemLoader Replaying proof quadraticInEq.key.proof 
263027     DEBUG main            d.u.i.k.p.i.IntermediateProofReplayer Proof replay took 33.42ms 
263029     DEBUG main            d.u.i.k.p.r.p.TestFile    ... success: reloaded. 
263029     INFO  main            d.u.i.k.p.r.p.TestFile    Now processing file /home/runner/work/key/key/key.core/../key.ui/examples/standard_key/inEqSimp/quadraticInEq10.key 
263030     INFO  main            d.u.i.k.p.i.AbstractProblemLoader Loading environment from /home/runner/work/key/key/key.core/../key.ui/examples/standard_key/inEqSimp/quadraticInEq10.key 
263030     DEBUG main            d.u.i.k.p.i.AbstractProblemLoader Environment load took 51.9ns 
263031     INFO  main            d.u.i.k.p.i.AbstractProblemLoader Creating init config 
265360     DEBUG main            d.u.i.k.p.i.AbstractProblemLoader Init config took 2.33s 
265373     INFO  main            d.u.i.k.p.i.AbstractProblemLoader Replaying proof quadraticInEq10.key 
265374     DEBUG main            d.u.i.k.p.i.IntermediateProofReplayer Proof replay took 2.6ns 
265576     INFO  main            d.u.i.k.p.r.p.TestFile    ... finished proof: closed. 
265924     INFO  main            d.u.i.k.p.i.AbstractProblemLoader Loading environment from /home/runner/work/key/key/key.core/../key.ui/examples/standard_key/inEqSimp/quadraticInEq10.key.proof 
265925     DEBUG main            d.u.i.k.p.i.AbstractProblemLoader Environment load took 125.5ns 
265926     INFO  main            d.u.i.k.p.i.AbstractProblemLoader Creating init config 
268232     DEBUG main            d.u.i.k.p.i.AbstractProblemLoader Init config took 2.31s 
268246     INFO  main            d.u.i.k.p.i.AbstractProblemLoader Replaying proof quadraticInEq10.key.proof 
268259     DEBUG main            d.u.i.k.p.i.IntermediateProofReplayer Proof replay took 11.44ms 
268260     DEBUG main            d.u.i.k.p.r.p.TestFile    ... success: reloaded. 
268261     INFO  main            d.u.i.k.p.r.p.TestFile    Now processing file /home/runner/work/key/key/key.core/../key.ui/examples/standard_key/inEqSimp/quadraticInEq13.key 
268261     INFO  main            d.u.i.k.p.i.AbstractProblemLoader Loading environment from /home/runner/work/key/key/key.core/../key.ui/examples/standard_key/inEqSimp/quadraticInEq13.key 
268261     DEBUG main            d.u.i.k.p.i.AbstractProblemLoader Environment load took 46.1ns 
268262     INFO  main            d.u.i.k.p.i.AbstractProblemLoader Creating init config 
270575     DEBUG main            d.u.i.k.p.i.AbstractProblemLoader Init config took 2.31s 
270607     INFO  main            d.u.i.k.p.i.AbstractProblemLoader Replaying proof quadraticInEq13.key 
270608     DEBUG main            d.u.i.k.p.i.IntermediateProofReplayer Proof replay took 2.6ns 
270811     INFO  main            d.u.i.k.p.r.p.TestFile    ... finished proof: closed. 
271168     INFO  main            d.u.i.k.p.i.AbstractProblemLoader Loading environment from /home/runner/work/key/key/key.core/../key.ui/examples/standard_key/inEqSimp/quadraticInEq13.key.proof 
271168     DEBUG main            d.u.i.k.p.i.AbstractProblemLoader Environment load took 215.2ns 
271170     INFO  main            d.u.i.k.p.i.AbstractProblemLoader Creating init config 
273449     DEBUG main            d.u.i.k.p.i.AbstractProblemLoader Init config took 2.28s 
273464     INFO  main            d.u.i.k.p.i.AbstractProblemLoader Replaying proof quadraticInEq13.key.proof 
273481     DEBUG main            d.u.i.k.p.i.IntermediateProofReplayer Proof replay took 14.85ms 
273482     DEBUG main            d.u.i.k.p.r.p.TestFile    ... success: reloaded. 
273483     INFO  main            d.u.i.k.p.r.p.TestFile    Now processing file /home/runner/work/key/key/key.core/../key.ui/examples/standard_key/inEqSimp/quadraticInEq14.key 
273483     INFO  main            d.u.i.k.p.i.AbstractProblemLoader Loading environment from /home/runner/work/key/key/key.core/../key.ui/examples/standard_key/inEqSimp/quadraticInEq14.key 
273483     DEBUG main            d.u.i.k.p.i.AbstractProblemLoader Environment load took 100.2ns 
273484     INFO  main            d.u.i.k.p.i.AbstractProblemLoader Creating init config 
275855     DEBUG main            d.u.i.k.p.i.AbstractProblemLoader Init config took 2.37s 
275869     INFO  main            d.u.i.k.p.i.AbstractProblemLoader Replaying proof quadraticInEq14.key 
275870     DEBUG main            d.u.i.k.p.i.IntermediateProofReplayer Proof replay took 3ns 
276173     INFO  main            d.u.i.k.p.r.p.TestFile    ... finished proof: closed. 
276539     INFO  main            d.u.i.k.p.i.AbstractProblemLoader Loading environment from /home/runner/work/key/key/key.core/../key.ui/examples/standard_key/inEqSimp/quadraticInEq14.key.proof 
276540     DEBUG main            d.u.i.k.p.i.AbstractProblemLoader Environment load took 107.5ns 
276541     INFO  main            d.u.i.k.p.i.AbstractProblemLoader Creating init config 
278805     DEBUG main            d.u.i.k.p.i.AbstractProblemLoader Init config took 2.26s 
278819     INFO  main            d.u.i.k.p.i.AbstractProblemLoader Replaying proof quadraticInEq14.key.proof 
278839     DEBUG main            d.u.i.k.p.i.IntermediateProofReplayer Proof replay took 17.62ms 
278840     DEBUG main            d.u.i.k.p.r.p.TestFile    ... success: reloaded. 
278841     INFO  main            d.u.i.k.p.r.p.TestFile    Now processing file /home/runner/work/key/key/key.core/../key.ui/examples/standard_key/inEqSimp/quadraticInEq2.key 
278841     INFO  main            d.u.i.k.p.i.AbstractProblemLoader Loading environment from /home/runner/work/key/key/key.core/../key.ui/examples/standard_key/inEqSimp/quadraticInEq2.key 
278841     DEBUG main            d.u.i.k.p.i.AbstractProblemLoader Environment load took 68ns 
278842     INFO  main            d.u.i.k.p.i.AbstractProblemLoader Creating init config 
281139     DEBUG main            d.u.i.k.p.i.AbstractProblemLoader Init config took 2.3s 
281153     INFO  main            d.u.i.k.p.i.AbstractProblemLoader Replaying proof quadraticInEq2.key 
281156     DEBUG main            d.u.i.k.p.i.IntermediateProofReplayer Proof replay took 2.9ns 
281259     INFO  main            d.u.i.k.p.r.p.TestFile    ... finished proof: closed. 
281611     INFO  main            d.u.i.k.p.i.AbstractProblemLoader Loading environment from /home/runner/work/key/key/key.core/../key.ui/examples/standard_key/inEqSimp/quadraticInEq2.key.proof 
281611     DEBUG main            d.u.i.k.p.i.AbstractProblemLoader Environment load took 90.5ns 
281612     INFO  main            d.u.i.k.p.i.AbstractProblemLoader Creating init config 
283870     DEBUG main            d.u.i.k.p.i.AbstractProblemLoader Init config took 2.26s 
283883     INFO  main            d.u.i.k.p.i.AbstractProblemLoader Replaying proof quadraticInEq2.key.proof 
283887     DEBUG main            d.u.i.k.p.i.IntermediateProofReplayer Proof replay took 1.98ms 
283887     DEBUG main            d.u.i.k.p.r.p.TestFile    ... success: reloaded. 
283888     INFO  main            d.u.i.k.p.r.p.TestFile    Now processing file /home/runner/work/key/key/key.core/../key.ui/examples/standard_key/inEqSimp/quadraticInEq3.key 
283888     INFO  main            d.u.i.k.p.i.AbstractProblemLoader Loading environment from /home/runner/work/key/key/key.core/../key.ui/examples/standard_key/inEqSimp/quadraticInEq3.key 
283888     DEBUG main            d.u.i.k.p.i.AbstractProblemLoader Environment load took 63.7ns 
283889     INFO  main            d.u.i.k.p.i.AbstractProblemLoader Creating init config 
286188     DEBUG main            d.u.i.k.p.i.AbstractProblemLoader Init config took 2.3s 
286201     INFO  main            d.u.i.k.p.i.AbstractProblemLoader Replaying proof quadraticInEq3.key 
286204     DEBUG main            d.u.i.k.p.i.IntermediateProofReplayer Proof replay took 2.8ns 
286306     INFO  main            d.u.i.k.p.r.p.TestFile    ... finished proof: closed. 
286659     INFO  main            d.u.i.k.p.i.AbstractProblemLoader Loading environment from /home/runner/work/key/key/key.core/../key.ui/examples/standard_key/inEqSimp/quadraticInEq3.key.proof 
286659     DEBUG main            d.u.i.k.p.i.AbstractProblemLoader Environment load took 90.2ns 
286660     INFO  main            d.u.i.k.p.i.AbstractProblemLoader Creating init config 
288917     DEBUG main            d.u.i.k.p.i.AbstractProblemLoader Init config took 2.26s 
288930     INFO  main            d.u.i.k.p.i.AbstractProblemLoader Replaying proof quadraticInEq3.key.proof 
288937     DEBUG main            d.u.i.k.p.i.IntermediateProofReplayer Proof replay took 5.08ms 
288938     DEBUG main            d.u.i.k.p.r.p.TestFile    ... success: reloaded. 
288939     INFO  main            d.u.i.k.p.r.p.TestFile    Now processing file /home/runner/work/key/key/key.core/../key.ui/examples/standard_key/inEqSimp/quadraticInEq4.key 
288939     INFO  main            d.u.i.k.p.i.AbstractProblemLoader Loading environment from /home/runner/work/key/key/key.core/../key.ui/examples/standard_key/inEqSimp/quadraticInEq4.key 
288939     DEBUG main            d.u.i.k.p.i.AbstractProblemLoader Environment load took 92.5ns 
288940     INFO  main            d.u.i.k.p.i.AbstractProblemLoader Creating init config 
291240     DEBUG main            d.u.i.k.p.i.AbstractProblemLoader Init config took 2.3s 
291253     INFO  main            d.u.i.k.p.i.AbstractProblemLoader Replaying proof quadraticInEq4.key 
291255     DEBUG main            d.u.i.k.p.i.IntermediateProofReplayer Proof replay took 2.4ns 
291357     INFO  main            d.u.i.k.p.r.p.TestFile    ... finished proof: closed. 
291721     INFO  main            d.u.i.k.p.i.AbstractProblemLoader Loading environment from /home/runner/work/key/key/key.core/../key.ui/examples/standard_key/inEqSimp/quadraticInEq4.key.proof 
291721     DEBUG main            d.u.i.k.p.i.AbstractProblemLoader Environment load took 94ns 
291722     INFO  main            d.u.i.k.p.i.AbstractProblemLoader Creating init config 
293983     DEBUG main            d.u.i.k.p.i.AbstractProblemLoader Init config took 2.26s 
293996     INFO  main            d.u.i.k.p.i.AbstractProblemLoader Replaying proof quadraticInEq4.key.proof 
294002     DEBUG main            d.u.i.k.p.i.IntermediateProofReplayer Proof replay took 3.98ms 
294003     DEBUG main            d.u.i.k.p.r.p.TestFile    ... success: reloaded. 
294003     INFO  main            d.u.i.k.p.r.p.TestFile    Now processing file /home/runner/work/key/key/key.core/../key.ui/examples/standard_key/inEqSimp/quadraticInEq5.key 
294003     INFO  main            d.u.i.k.p.i.AbstractProblemLoader Loading environment from /home/runner/work/key/key/key.core/../key.ui/examples/standard_key/inEqSimp/quadraticInEq5.key 
294004     DEBUG main            d.u.i.k.p.i.AbstractProblemLoader Environment load took 88.3ns 
294004     INFO  main            d.u.i.k.p.i.AbstractProblemLoader Creating init config 
296299     DEBUG main            d.u.i.k.p.i.AbstractProblemLoader Init config took 2.29s 
296312     INFO  main            d.u.i.k.p.i.AbstractProblemLoader Replaying proof quadraticInEq5.key 
296314     DEBUG main            d.u.i.k.p.i.IntermediateProofReplayer Proof replay took 2.8ns 
296422     INFO  main            d.u.i.k.p.r.p.TestFile    ... finished proof: closed. 
296786     INFO  main            d.u.i.k.p.i.AbstractProblemLoader Loading environment from /home/runner/work/key/key/key.core/../key.ui/examples/standard_key/inEqSimp/quadraticInEq5.key.proof 
296786     DEBUG main            d.u.i.k.p.i.AbstractProblemLoader Environment load took 90.7ns 
296787     INFO  main            d.u.i.k.p.i.AbstractProblemLoader Creating init config 
299041     DEBUG main            d.u.i.k.p.i.AbstractProblemLoader Init config took 2.25s 
299055     INFO  main            d.u.i.k.p.i.AbstractProblemLoader Replaying proof quadraticInEq5.key.proof 
299060     DEBUG main            d.u.i.k.p.i.IntermediateProofReplayer Proof replay took 3.86ms 
299061     DEBUG main            d.u.i.k.p.r.p.TestFile    ... success: reloaded. 
299062     INFO  main            d.u.i.k.p.r.p.TestFile    Now processing file /home/runner/work/key/key/key.core/../key.ui/examples/standard_key/inEqSimp/quadraticInEq6.key 
299062     INFO  main            d.u.i.k.p.i.AbstractProblemLoader Loading environment from /home/runner/work/key/key/key.core/../key.ui/examples/standard_key/inEqSimp/quadraticInEq6.key 
299062     DEBUG main            d.u.i.k.p.i.AbstractProblemLoader Environment load took 78.9ns 
299063     INFO  main            d.u.i.k.p.i.AbstractProblemLoader Creating init config 
301354     DEBUG main            d.u.i.k.p.i.AbstractProblemLoader Init config took 2.29s 
301368     INFO  main            d.u.i.k.p.i.AbstractProblemLoader Replaying proof quadraticInEq6.key 
301369     DEBUG main            d.u.i.k.p.i.IntermediateProofReplayer Proof replay took 2.9ns 
301471     INFO  main            d.u.i.k.p.r.p.TestFile    ... finished proof: closed. 
301843     INFO  main            d.u.i.k.p.i.AbstractProblemLoader Loading environment from /home/runner/work/key/key/key.core/../key.ui/examples/standard_key/inEqSimp/quadraticInEq6.key.proof 
301843     DEBUG main            d.u.i.k.p.i.AbstractProblemLoader Environment load took 88.3ns 
301844     INFO  main            d.u.i.k.p.i.AbstractProblemLoader Creating init config 
304100     DEBUG main            d.u.i.k.p.i.AbstractProblemLoader Init config took 2.26s 
304113     INFO  main            d.u.i.k.p.i.AbstractProblemLoader Replaying proof quadraticInEq6.key.proof 
304119     DEBUG main            d.u.i.k.p.i.IntermediateProofReplayer Proof replay took 3.66ms 
304120     DEBUG main            d.u.i.k.p.r.p.TestFile    ... success: reloaded. 
304121     INFO  main            d.u.i.k.p.r.p.TestFile    Now processing file /home/runner/work/key/key/key.core/../key.ui/examples/standard_key/inEqSimp/quadraticInEq7.key 
304121     INFO  main            d.u.i.k.p.i.AbstractProblemLoader Loading environment from /home/runner/work/key/key/key.core/../key.ui/examples/standard_key/inEqSimp/quadraticInEq7.key 
304121     DEBUG main            d.u.i.k.p.i.AbstractProblemLoader Environment load took 45.8ns 
304122     INFO  main            d.u.i.k.p.i.AbstractProblemLoader Creating init config 
306416     DEBUG main            d.u.i.k.p.i.AbstractProblemLoader Init config took 2.29s 
306430     INFO  main            d.u.i.k.p.i.AbstractProblemLoader Replaying proof quadraticInEq7.key 
306431     DEBUG main            d.u.i.k.p.i.IntermediateProofReplayer Proof replay took 2.7ns 
306533     INFO  main            d.u.i.k.p.r.p.TestFile    ... finished proof: closed. 
306902     INFO  main            d.u.i.k.p.i.AbstractProblemLoader Loading environment from /home/runner/work/key/key/key.core/../key.ui/examples/standard_key/inEqSimp/quadraticInEq7.key.proof 
306903     DEBUG main            d.u.i.k.p.i.AbstractProblemLoader Environment load took 103ns 
306904     INFO  main            d.u.i.k.p.i.AbstractProblemLoader Creating init config 
309161     DEBUG main            d.u.i.k.p.i.AbstractProblemLoader Init config took 2.26s 
309175     INFO  main            d.u.i.k.p.i.AbstractProblemLoader Replaying proof quadraticInEq7.key.proof 
309179     DEBUG main            d.u.i.k.p.i.IntermediateProofReplayer Proof replay took 2.29ms 
309180     DEBUG main            d.u.i.k.p.r.p.TestFile    ... success: reloaded. 
309181     INFO  main            d.u.i.k.p.r.p.TestFile    Now processing file /home/runner/work/key/key/key.core/../key.ui/examples/standard_key/inEqSimp/quadraticInEq8.key 
309181     INFO  main            d.u.i.k.p.i.AbstractProblemLoader Loading environment from /home/runner/work/key/key/key.core/../key.ui/examples/standard_key/inEqSimp/quadraticInEq8.key 
309182     DEBUG main            d.u.i.k.p.i.AbstractProblemLoader Environment load took 206.8ns 
309183     INFO  main            d.u.i.k.p.i.AbstractProblemLoader Creating init config 
311486     DEBUG main            d.u.i.k.p.i.AbstractProblemLoader Init config took 2.3s 
311500     INFO  main            d.u.i.k.p.i.AbstractProblemLoader Replaying proof quadraticInEq8.key 
311502     DEBUG main            d.u.i.k.p.i.IntermediateProofReplayer Proof replay took 4.1ns 
311604     INFO  main            d.u.i.k.p.r.p.TestFile    ... finished proof: closed. 
311996     INFO  main            d.u.i.k.p.i.AbstractProblemLoader Loading environment from /home/runner/work/key/key/key.core/../key.ui/examples/standard_key/inEqSimp/quadraticInEq8.key.proof 
311996     DEBUG main            d.u.i.k.p.i.AbstractProblemLoader Environment load took 97.7ns 
311997     INFO  main            d.u.i.k.p.i.AbstractProblemLoader Creating init config 
314255     DEBUG main            d.u.i.k.p.i.AbstractProblemLoader Init config took 2.26s 
314268     INFO  main            d.u.i.k.p.i.AbstractProblemLoader Replaying proof quadraticInEq8.key.proof 
314276     DEBUG main            d.u.i.k.p.i.IntermediateProofReplayer Proof replay took 6.3ms 
314277     DEBUG main            d.u.i.k.p.r.p.TestFile    ... success: reloaded. 
314278     INFO  main            d.u.i.k.p.r.p.TestFile    Now processing file /home/runner/work/key/key/key.core/../key.ui/examples/standard_key/inEqSimp/simplify0.key 
314278     INFO  main            d.u.i.k.p.i.AbstractProblemLoader Loading environment from /home/runner/work/key/key/key.core/../key.ui/examples/standard_key/inEqSimp/simplify0.key 
314278     DEBUG main            d.u.i.k.p.i.AbstractProblemLoader Environment load took 76ns 
314279     INFO  main            d.u.i.k.p.i.AbstractProblemLoader Creating init config 
316578     DEBUG main            d.u.i.k.p.i.AbstractProblemLoader Init config took 2.3s 
316592     INFO  main            d.u.i.k.p.i.AbstractProblemLoader Replaying proof simplify0.key 
316593     DEBUG main            d.u.i.k.p.i.IntermediateProofReplayer Proof replay took 3.3ns 
316695     INFO  main            d.u.i.k.p.r.p.TestFile    ... finished proof: closed. 
317097     INFO  main            d.u.i.k.p.i.AbstractProblemLoader Loading environment from /home/runner/work/key/key/key.core/../key.ui/examples/standard_key/inEqSimp/simplify0.key.proof 
317097     DEBUG main            d.u.i.k.p.i.AbstractProblemLoader Environment load took 97.3ns 
317098     INFO  main            d.u.i.k.p.i.AbstractProblemLoader Creating init config 
319357     DEBUG main            d.u.i.k.p.i.AbstractProblemLoader Init config took 2.26s 
319371     INFO  main            d.u.i.k.p.i.AbstractProblemLoader Replaying proof simplify0.key.proof 
319375     DEBUG main            d.u.i.k.p.i.IntermediateProofReplayer Proof replay took 2.2ms 
319375     DEBUG main            d.u.i.k.p.r.p.TestFile    ... success: reloaded. 
319376     INFO  main            d.u.i.k.p.r.p.TestFile    Now processing file /home/runner/work/key/key/key.core/../key.ui/examples/standard_key/inEqSimp/simplify1.key 
319376     INFO  main            d.u.i.k.p.i.AbstractProblemLoader Loading environment from /home/runner/work/key/key/key.core/../key.ui/examples/standard_key/inEqSimp/simplify1.key 
319376     DEBUG main            d.u.i.k.p.i.AbstractProblemLoader Environment load took 42.2ns 
319377     INFO  main            d.u.i.k.p.i.AbstractProblemLoader Creating init config 
321670     DEBUG main            d.u.i.k.p.i.AbstractProblemLoader Init config took 2.29s 
321704     INFO  main            d.u.i.k.p.i.AbstractProblemLoader Replaying proof simplify1.key 
321705     DEBUG main            d.u.i.k.p.i.IntermediateProofReplayer Proof replay took 2.5ns 
321807     INFO  main            d.u.i.k.p.r.p.TestFile    ... finished proof: closed. 
322200     INFO  main            d.u.i.k.p.i.AbstractProblemLoader Loading environment from /home/runner/work/key/key/key.core/../key.ui/examples/standard_key/inEqSimp/simplify1.key.proof 
322200     DEBUG main            d.u.i.k.p.i.AbstractProblemLoader Environment load took 84.3ns 
322201     INFO  main            d.u.i.k.p.i.AbstractProblemLoader Creating init config 
324466     DEBUG main            d.u.i.k.p.i.AbstractProblemLoader Init config took 2.26s 
324490     INFO  main            d.u.i.k.p.i.AbstractProblemLoader Replaying proof simplify1.key.proof 
324492     DEBUG main            d.u.i.k.p.i.IntermediateProofReplayer Proof replay took 1.1ms 
324493     DEBUG main            d.u.i.k.p.r.p.TestFile    ... success: reloaded. 
324493     INFO  main            d.u.i.k.p.r.p.TestFile    Now processing file /home/runner/work/key/key/key.core/../key.ui/examples/standard_key/inEqSimp/simplify2.key 
324494     INFO  main            d.u.i.k.p.i.AbstractProblemLoader Loading environment from /home/runner/work/key/key/key.core/../key.ui/examples/standard_key/inEqSimp/simplify2.key 
324494     DEBUG main            d.u.i.k.p.i.AbstractProblemLoader Environment load took 45ns 
324494     INFO  main            d.u.i.k.p.i.AbstractProblemLoader Creating init config 
326795     DEBUG main            d.u.i.k.p.i.AbstractProblemLoader Init config took 2.3s 
326809     INFO  main            d.u.i.k.p.i.AbstractProblemLoader Replaying proof simplify2.key 
326809     DEBUG main            d.u.i.k.p.i.IntermediateProofReplayer Proof replay took 2.7ns 
326912     INFO  main            d.u.i.k.p.r.p.TestFile    ... finished proof: closed. 
327319     INFO  main            d.u.i.k.p.i.AbstractProblemLoader Loading environment from /home/runner/work/key/key/key.core/../key.ui/examples/standard_key/inEqSimp/simplify2.key.proof 
327319     DEBUG main            d.u.i.k.p.i.AbstractProblemLoader Environment load took 90.2ns 
327320     INFO  main            d.u.i.k.p.i.AbstractProblemLoader Creating init config 
329585     DEBUG main            d.u.i.k.p.i.AbstractProblemLoader Init config took 2.26s 
329598     INFO  main            d.u.i.k.p.i.AbstractProblemLoader Replaying proof simplify2.key.proof 
329610     DEBUG main            d.u.i.k.p.i.IntermediateProofReplayer Proof replay took 9.64ms 
329611     DEBUG main            d.u.i.k.p.r.p.TestFile    ... success: reloaded. 
329611     INFO  main            d.u.i.k.p.r.p.TestFile    Now processing file /home/runner/work/key/key/key.core/../key.ui/examples/standard_key/inEqSimp/simplify3.key 
329611     INFO  main            d.u.i.k.p.i.AbstractProblemLoader Loading environment from /home/runner/work/key/key/key.core/../key.ui/examples/standard_key/inEqSimp/simplify3.key 
329611     DEBUG main            d.u.i.k.p.i.AbstractProblemLoader Environment load took 47.7ns 
329612     INFO  main            d.u.i.k.p.i.AbstractProblemLoader Creating init config 
331921     DEBUG main            d.u.i.k.p.i.AbstractProblemLoader Init config took 2.31s 
331934     INFO  main            d.u.i.k.p.i.AbstractProblemLoader Replaying proof simplify3.key 
331935     DEBUG main            d.u.i.k.p.i.IntermediateProofReplayer Proof replay took 3.3ns 
332037     INFO  main            d.u.i.k.p.r.p.TestFile    ... finished proof: closed. 
332435     INFO  main            d.u.i.k.p.i.AbstractProblemLoader Loading environment from /home/runner/work/key/key/key.core/../key.ui/examples/standard_key/inEqSimp/simplify3.key.proof 
332435     DEBUG main            d.u.i.k.p.i.AbstractProblemLoader Environment load took 89.1ns 
332436     INFO  main            d.u.i.k.p.i.AbstractProblemLoader Creating init config 
334701     DEBUG main            d.u.i.k.p.i.AbstractProblemLoader Init config took 2.26s 
334715     INFO  main            d.u.i.k.p.i.AbstractProblemLoader Replaying proof simplify3.key.proof 
334718     DEBUG main            d.u.i.k.p.i.IntermediateProofReplayer Proof replay took 1.68ms 
334718     DEBUG main            d.u.i.k.p.r.p.TestFile    ... success: reloaded. 
334719     INFO  main            d.u.i.k.p.r.p.TestFile    Now processing file /home/runner/work/key/key/key.core/../key.ui/examples/standard_key/inEqSimp/simplify4.key 
334719     INFO  main            d.u.i.k.p.i.AbstractProblemLoader Loading environment from /home/runner/work/key/key/key.core/../key.ui/examples/standard_key/inEqSimp/simplify4.key 
334719     DEBUG main            d.u.i.k.p.i.AbstractProblemLoader Environment load took 43.9ns 
334720     INFO  main            d.u.i.k.p.i.AbstractProblemLoader Creating init config 
337029     DEBUG main            d.u.i.k.p.i.AbstractProblemLoader Init config took 2.31s 
337043     INFO  main            d.u.i.k.p.i.AbstractProblemLoader Replaying proof simplify4.key 
337044     DEBUG main            d.u.i.k.p.i.IntermediateProofReplayer Proof replay took 3.4ns 
337147     INFO  main            d.u.i.k.p.r.p.TestFile    ... finished proof: closed. 
337560     INFO  main            d.u.i.k.p.i.AbstractProblemLoader Loading environment from /home/runner/work/key/key/key.core/../key.ui/examples/standard_key/inEqSimp/simplify4.key.proof 
337560     DEBUG main            d.u.i.k.p.i.AbstractProblemLoader Environment load took 92ns 
337562     INFO  main            d.u.i.k.p.i.AbstractProblemLoader Creating init config 
339835     DEBUG main            d.u.i.k.p.i.AbstractProblemLoader Init config took 2.27s 
339849     INFO  main            d.u.i.k.p.i.AbstractProblemLoader Replaying proof simplify4.key.proof 
339863     DEBUG main            d.u.i.k.p.i.IntermediateProofReplayer Proof replay took 11.47ms 
339864     DEBUG main            d.u.i.k.p.r.p.TestFile    ... success: reloaded. 
339865     INFO  main            d.u.i.k.p.r.p.TestFile    Now processing file /home/runner/work/key/key/key.core/../key.ui/examples/standard_key/inEqSimp/simplify5.key 
339865     INFO  main            d.u.i.k.p.i.AbstractProblemLoader Loading environment from /home/runner/work/key/key/key.core/../key.ui/examples/standard_key/inEqSimp/simplify5.key 
339865     DEBUG main            d.u.i.k.p.i.AbstractProblemLoader Environment load took 186.6ns 
339867     INFO  main            d.u.i.k.p.i.AbstractProblemLoader Creating init config 
342188     DEBUG main            d.u.i.k.p.i.AbstractProblemLoader Init config took 2.32s 
342201     INFO  main            d.u.i.k.p.i.AbstractProblemLoader Replaying proof simplify5.key 
342203     DEBUG main            d.u.i.k.p.i.IntermediateProofReplayer Proof replay took 3.1ns 
342707     INFO  main            d.u.i.k.p.r.p.TestFile    ... finished proof: closed. 
343147     INFO  main            d.u.i.k.p.i.AbstractProblemLoader Loading environment from /home/runner/work/key/key/key.core/../key.ui/examples/standard_key/inEqSimp/simplify5.key.proof 
343147     DEBUG main            d.u.i.k.p.i.AbstractProblemLoader Environment load took 97.3ns 
343148     INFO  main            d.u.i.k.p.i.AbstractProblemLoader Creating init config 
345416     DEBUG main            d.u.i.k.p.i.AbstractProblemLoader Init config took 2.27s 
345430     INFO  main            d.u.i.k.p.i.AbstractProblemLoader Replaying proof simplify5.key.proof 
345488     DEBUG main            d.u.i.k.p.i.IntermediateProofReplayer Proof replay took 53.48ms 
345489     DEBUG main            d.u.i.k.p.r.p.TestFile    ... success: reloaded. 
345490     INFO  main            d.u.i.k.p.r.p.TestFile    Now processing file /home/runner/work/key/key/key.core/../key.ui/examples/standard_key/inEqSimp/subsumptionExample.key 
345490     INFO  main            d.u.i.k.p.i.AbstractProblemLoader Loading environment from /home/runner/work/key/key/key.core/../key.ui/examples/standard_key/inEqSimp/subsumptionExample.key 
345490     DEBUG main            d.u.i.k.p.i.AbstractProblemLoader Environment load took 198.3ns 
345491     INFO  main            d.u.i.k.p.i.AbstractProblemLoader Creating init config 
347799     DEBUG main            d.u.i.k.p.i.AbstractProblemLoader Init config took 2.31s 
347812     INFO  main            d.u.i.k.p.i.AbstractProblemLoader Replaying proof subsumptionExample.key 
347813     DEBUG main            d.u.i.k.p.i.IntermediateProofReplayer Proof replay took 2.7ns 
347916     INFO  main            d.u.i.k.p.r.p.TestFile    ... finished proof: closed. 
348358     INFO  main            d.u.i.k.p.i.AbstractProblemLoader Loading environment from /home/runner/work/key/key/key.core/../key.ui/examples/standard_key/inEqSimp/subsumptionExample.key.proof 
348358     DEBUG main            d.u.i.k.p.i.AbstractProblemLoader Environment load took 91.1ns 
348359     INFO  main            d.u.i.k.p.i.AbstractProblemLoader Creating init config 
350621     DEBUG main            d.u.i.k.p.i.AbstractProblemLoader Init config took 2.26s 
350634     INFO  main            d.u.i.k.p.i.AbstractProblemLoader Replaying proof subsumptionExample.key.proof 
350636     DEBUG main            d.u.i.k.p.i.IntermediateProofReplayer Proof replay took 847.01ns 
350637     DEBUG main            d.u.i.k.p.r.p.TestFile    ... success: reloaded. 
350637     INFO  main            d.u.i.k.p.r.p.TestFile    Now processing file /home/runner/work/key/key/key.core/../key.ui/examples/standard_key/polySimp/simplify0.key 
350637     INFO  main            d.u.i.k.p.i.AbstractProblemLoader Loading environment from /home/runner/work/key/key/key.core/../key.ui/examples/standard_key/polySimp/simplify0.key 
350637     DEBUG main            d.u.i.k.p.i.AbstractProblemLoader Environment load took 46.6ns 
350639     INFO  main            d.u.i.k.p.i.AbstractProblemLoader Creating init config 
352930     DEBUG main            d.u.i.k.p.i.AbstractProblemLoader Init config took 2.29s 
352945     INFO  main            d.u.i.k.p.i.AbstractProblemLoader Replaying proof simplify0.key 
352946     DEBUG main            d.u.i.k.p.i.IntermediateProofReplayer Proof replay took 4.2ns 
353149     INFO  main            d.u.i.k.p.r.p.TestFile    ... finished proof: closed. 
353572     INFO  main            d.u.i.k.p.i.AbstractProblemLoader Loading environment from /home/runner/work/key/key/key.core/../key.ui/examples/standard_key/polySimp/simplify0.key.proof 
353573     DEBUG main            d.u.i.k.p.i.AbstractProblemLoader Environment load took 99.1ns 
353574     INFO  main            d.u.i.k.p.i.AbstractProblemLoader Creating init config 
355837     DEBUG main            d.u.i.k.p.i.AbstractProblemLoader Init config took 2.26s 
355851     INFO  main            d.u.i.k.p.i.AbstractProblemLoader Replaying proof simplify0.key.proof 
355867     DEBUG main            d.u.i.k.p.i.IntermediateProofReplayer Proof replay took 13.69ms 
355868     DEBUG main            d.u.i.k.p.r.p.TestFile    ... success: reloaded. 
355869     INFO  main            d.u.i.k.p.r.p.TestFile    Now processing file /home/runner/work/key/key/key.core/../key.ui/examples/standard_key/polySimp/simplify1.key 
355869     INFO  main            d.u.i.k.p.i.AbstractProblemLoader Loading environment from /home/runner/work/key/key/key.core/../key.ui/examples/standard_key/polySimp/simplify1.key 
355869     DEBUG main            d.u.i.k.p.i.AbstractProblemLoader Environment load took 89ns 
355870     INFO  main            d.u.i.k.p.i.AbstractProblemLoader Creating init config 
358174     DEBUG main            d.u.i.k.p.i.AbstractProblemLoader Init config took 2.3s 
358187     INFO  main            d.u.i.k.p.i.AbstractProblemLoader Replaying proof simplify1.key 
358188     DEBUG main            d.u.i.k.p.i.IntermediateProofReplayer Proof replay took 19.9ns 
358514     INFO  main            d.u.i.k.p.r.p.TestFile    ... finished proof: closed. 
358960     INFO  main            d.u.i.k.p.i.AbstractProblemLoader Loading environment from /home/runner/work/key/key/key.core/../key.ui/examples/standard_key/polySimp/simplify1.key.proof 
358960     DEBUG main            d.u.i.k.p.i.AbstractProblemLoader Environment load took 92.9ns 
358963     INFO  main            d.u.i.k.p.i.AbstractProblemLoader Creating init config 
361228     DEBUG main            d.u.i.k.p.i.AbstractProblemLoader Init config took 2.26s 
361242     INFO  main            d.u.i.k.p.i.AbstractProblemLoader Replaying proof simplify1.key.proof 
361264     DEBUG main            d.u.i.k.p.i.IntermediateProofReplayer Proof replay took 19.12ms 
361265     DEBUG main            d.u.i.k.p.r.p.TestFile    ... success: reloaded. 
361265     INFO  main            d.u.i.k.p.r.p.TestFile    Now processing file /home/runner/work/key/key/key.core/../key.ui/examples/standard_key/polySimp/simplify10.key 
361266     INFO  main            d.u.i.k.p.i.AbstractProblemLoader Loading environment from /home/runner/work/key/key/key.core/../key.ui/examples/standard_key/polySimp/simplify10.key 
361266     DEBUG main            d.u.i.k.p.i.AbstractProblemLoader Environment load took 228ns 
361268     INFO  main            d.u.i.k.p.i.AbstractProblemLoader Creating init config 
363582     DEBUG main            d.u.i.k.p.i.AbstractProblemLoader Init config took 2.31s 
363596     INFO  main            d.u.i.k.p.i.AbstractProblemLoader Replaying proof simplify10.key 
363597     DEBUG main            d.u.i.k.p.i.IntermediateProofReplayer Proof replay took 2.6ns 
363800     INFO  main            d.u.i.k.p.r.p.TestFile    ... finished proof: closed. 
364275     INFO  main            d.u.i.k.p.i.AbstractProblemLoader Loading environment from /home/runner/work/key/key/key.core/../key.ui/examples/standard_key/polySimp/simplify10.key.proof 
364275     DEBUG main            d.u.i.k.p.i.AbstractProblemLoader Environment load took 94.7ns 
364277     INFO  main            d.u.i.k.p.i.AbstractProblemLoader Creating init config 
366546     DEBUG main            d.u.i.k.p.i.AbstractProblemLoader Init config took 2.27s 
366562     INFO  main            d.u.i.k.p.i.AbstractProblemLoader Replaying proof simplify10.key.proof 
366591     DEBUG main            d.u.i.k.p.i.IntermediateProofReplayer Proof replay took 27.18ms 
366593     DEBUG main            d.u.i.k.p.r.p.TestFile    ... success: reloaded. 
366593     INFO  main            d.u.i.k.p.r.p.TestFile    Now processing file /home/runner/work/key/key/key.core/../key.ui/examples/standard_key/polySimp/simplify11.key 
366593     INFO  main            d.u.i.k.p.i.AbstractProblemLoader Loading environment from /home/runner/work/key/key/key.core/../key.ui/examples/standard_key/polySimp/simplify11.key 
366593     DEBUG main            d.u.i.k.p.i.AbstractProblemLoader Environment load took 48.7ns 
366595     INFO  main            d.u.i.k.p.i.AbstractProblemLoader Creating init config 
368917     DEBUG main            d.u.i.k.p.i.AbstractProblemLoader Init config took 2.32s 
368931     INFO  main            d.u.i.k.p.i.AbstractProblemLoader Replaying proof simplify11.key 
368932     DEBUG main            d.u.i.k.p.i.IntermediateProofReplayer Proof replay took 3ns 
369135     INFO  main            d.u.i.k.p.r.p.TestFile    ... finished proof: closed. 
369603     INFO  main            d.u.i.k.p.i.AbstractProblemLoader Loading environment from /home/runner/work/key/key/key.core/../key.ui/examples/standard_key/polySimp/simplify11.key.proof 
369603     DEBUG main            d.u.i.k.p.i.AbstractProblemLoader Environment load took 95.5ns 
369604     INFO  main            d.u.i.k.p.i.AbstractProblemLoader Creating init config 
371872     DEBUG main            d.u.i.k.p.i.AbstractProblemLoader Init config took 2.27s 
371886     INFO  main            d.u.i.k.p.i.AbstractProblemLoader Replaying proof simplify11.key.proof 
371905     DEBUG main            d.u.i.k.p.i.IntermediateProofReplayer Proof replay took 16.81ms 
371906     DEBUG main            d.u.i.k.p.r.p.TestFile    ... success: reloaded. 
371907     INFO  main            d.u.i.k.p.r.p.TestFile    Now processing file /home/runner/work/key/key/key.core/../key.ui/examples/standard_key/polySimp/simplify12.key 
371907     INFO  main            d.u.i.k.p.i.AbstractProblemLoader Loading environment from /home/runner/work/key/key/key.core/../key.ui/examples/standard_key/polySimp/simplify12.key 
371907     DEBUG main            d.u.i.k.p.i.AbstractProblemLoader Environment load took 47.7ns 
371908     INFO  main            d.u.i.k.p.i.AbstractProblemLoader Creating init config 
374227     DEBUG main            d.u.i.k.p.i.AbstractProblemLoader Init config took 2.32s 
374240     INFO  main            d.u.i.k.p.i.AbstractProblemLoader Replaying proof simplify12.key 
374241     DEBUG main            d.u.i.k.p.i.IntermediateProofReplayer Proof replay took 2.3ns 
374343     INFO  main            d.u.i.k.p.r.p.TestFile    ... finished proof: closed. 
374805     INFO  main            d.u.i.k.p.i.AbstractProblemLoader Loading environment from /home/runner/work/key/key/key.core/../key.ui/examples/standard_key/polySimp/simplify12.key.proof 
374805     DEBUG main            d.u.i.k.p.i.AbstractProblemLoader Environment load took 107.7ns 
374806     INFO  main            d.u.i.k.p.i.AbstractProblemLoader Creating init config 
377080     DEBUG main            d.u.i.k.p.i.AbstractProblemLoader Init config took 2.27s 
377094     INFO  main            d.u.i.k.p.i.AbstractProblemLoader Replaying proof simplify12.key.proof 
377103     DEBUG main            d.u.i.k.p.i.IntermediateProofReplayer Proof replay took 8.03ms 
377104     DEBUG main            d.u.i.k.p.r.p.TestFile    ... success: reloaded. 
377104     INFO  main            d.u.i.k.p.r.p.TestFile    Now processing file /home/runner/work/key/key/key.core/../key.ui/examples/standard_key/polySimp/simplify13.key 
377105     INFO  main            d.u.i.k.p.i.AbstractProblemLoader Loading environment from /home/runner/work/key/key/key.core/../key.ui/examples/standard_key/polySimp/simplify13.key 
377105     DEBUG main            d.u.i.k.p.i.AbstractProblemLoader Environment load took 47ns 
377106     INFO  main            d.u.i.k.p.i.AbstractProblemLoader Creating init config 
379419     DEBUG main            d.u.i.k.p.i.AbstractProblemLoader Init config took 2.31s 
379433     INFO  main            d.u.i.k.p.i.AbstractProblemLoader Replaying proof simplify13.key 
379435     DEBUG main            d.u.i.k.p.i.IntermediateProofReplayer Proof replay took 2.8ns 
379537     INFO  main            d.u.i.k.p.r.p.TestFile    ... finished proof: closed. 
379999     INFO  main            d.u.i.k.p.i.AbstractProblemLoader Loading environment from /home/runner/work/key/key/key.core/../key.ui/examples/standard_key/polySimp/simplify13.key.proof 
379999     DEBUG main            d.u.i.k.p.i.AbstractProblemLoader Environment load took 91.2ns 
380001     INFO  main            d.u.i.k.p.i.AbstractProblemLoader Creating init config 
382268     DEBUG main            d.u.i.k.p.i.AbstractProblemLoader Init config took 2.27s 
382282     INFO  main            d.u.i.k.p.i.AbstractProblemLoader Replaying proof simplify13.key.proof 
382288     DEBUG main            d.u.i.k.p.i.IntermediateProofReplayer Proof replay took 4.6ms 
382288     DEBUG main            d.u.i.k.p.r.p.TestFile    ... success: reloaded. 
382289     INFO  main            d.u.i.k.p.r.p.TestFile    Now processing file /home/runner/work/key/key/key.core/../key.ui/examples/standard_key/polySimp/simplify14.key 
382289     INFO  main            d.u.i.k.p.i.AbstractProblemLoader Loading environment from /home/runner/work/key/key/key.core/../key.ui/examples/standard_key/polySimp/simplify14.key 
382289     DEBUG main            d.u.i.k.p.i.AbstractProblemLoader Environment load took 46.3ns 
382290     INFO  main            d.u.i.k.p.i.AbstractProblemLoader Creating init config 
384604     DEBUG main            d.u.i.k.p.i.AbstractProblemLoader Init config took 2.31s 
384618     INFO  main            d.u.i.k.p.i.AbstractProblemLoader Replaying proof simplify14.key 
384619     DEBUG main            d.u.i.k.p.i.IntermediateProofReplayer Proof replay took 3.3ns 
384722     INFO  main            d.u.i.k.p.r.p.TestFile    ... finished proof: closed. 
385183     INFO  main            d.u.i.k.p.i.AbstractProblemLoader Loading environment from /home/runner/work/key/key/key.core/../key.ui/examples/standard_key/polySimp/simplify14.key.proof 
385183     DEBUG main            d.u.i.k.p.i.AbstractProblemLoader Environment load took 94.1ns 
385184     INFO  main            d.u.i.k.p.i.AbstractProblemLoader Creating init config 
387448     DEBUG main            d.u.i.k.p.i.AbstractProblemLoader Init config took 2.26s 
387462     INFO  main            d.u.i.k.p.i.AbstractProblemLoader Replaying proof simplify14.key.proof 
387465     DEBUG main            d.u.i.k.p.i.IntermediateProofReplayer Proof replay took 1.32ms 
387466     DEBUG main            d.u.i.k.p.r.p.TestFile    ... success: reloaded. 
387466     INFO  main            d.u.i.k.p.r.p.TestFile    Now processing file /home/runner/work/key/key/key.core/../key.ui/examples/standard_key/polySimp/simplify15.key 
387466     INFO  main            d.u.i.k.p.i.AbstractProblemLoader Loading environment from /home/runner/work/key/key/key.core/../key.ui/examples/standard_key/polySimp/simplify15.key 
387466     DEBUG main            d.u.i.k.p.i.AbstractProblemLoader Environment load took 45.5ns 
387467     INFO  main            d.u.i.k.p.i.AbstractProblemLoader Creating init config 
389773     DEBUG main            d.u.i.k.p.i.AbstractProblemLoader Init config took 2.31s 
389786     INFO  main            d.u.i.k.p.i.AbstractProblemLoader Replaying proof simplify15.key 
389789     DEBUG main            d.u.i.k.p.i.IntermediateProofReplayer Proof replay took 3.8ns 
389891     INFO  main            d.u.i.k.p.r.p.TestFile    ... finished proof: closed. 
390350     INFO  main            d.u.i.k.p.i.AbstractProblemLoader Loading environment from /home/runner/work/key/key/key.core/../key.ui/examples/standard_key/polySimp/simplify15.key.proof 
390351     DEBUG main            d.u.i.k.p.i.AbstractProblemLoader Environment load took 94.2ns 
390351     INFO  main            d.u.i.k.p.i.AbstractProblemLoader Creating init config 
392611     DEBUG main            d.u.i.k.p.i.AbstractProblemLoader Init config took 2.26s 
392625     INFO  main            d.u.i.k.p.i.AbstractProblemLoader Replaying proof simplify15.key.proof 
392626     DEBUG main            d.u.i.k.p.i.IntermediateProofReplayer Proof replay took 607.31ns 
392627     DEBUG main            d.u.i.k.p.r.p.TestFile    ... success: reloaded. 
392628     INFO  main            d.u.i.k.p.r.p.TestFile    Now processing file /home/runner/work/key/key/key.core/../key.ui/examples/standard_key/polySimp/simplify16.key 
392628     INFO  main            d.u.i.k.p.i.AbstractProblemLoader Loading environment from /home/runner/work/key/key/key.core/../key.ui/examples/standard_key/polySimp/simplify16.key 
392628     DEBUG main            d.u.i.k.p.i.AbstractProblemLoader Environment load took 63.3ns 
392629     INFO  main            d.u.i.k.p.i.AbstractProblemLoader Creating init config 
394936     DEBUG main            d.u.i.k.p.i.AbstractProblemLoader Init config took 2.31s 
394950     INFO  main            d.u.i.k.p.i.AbstractProblemLoader Replaying proof simplify16.key 
394951     DEBUG main            d.u.i.k.p.i.IntermediateProofReplayer Proof replay took 3.8ns 
395054     INFO  main            d.u.i.k.p.r.p.TestFile    ... finished proof: closed. 
395515     INFO  main            d.u.i.k.p.i.AbstractProblemLoader Loading environment from /home/runner/work/key/key/key.core/../key.ui/examples/standard_key/polySimp/simplify16.key.proof 
395515     DEBUG main            d.u.i.k.p.i.AbstractProblemLoader Environment load took 90ns 
395516     INFO  main            d.u.i.k.p.i.AbstractProblemLoader Creating init config 
397785     DEBUG main            d.u.i.k.p.i.AbstractProblemLoader Init config took 2.27s 
397798     INFO  main            d.u.i.k.p.i.AbstractProblemLoader Replaying proof simplify16.key.proof 
397800     DEBUG main            d.u.i.k.p.i.IntermediateProofReplayer Proof replay took 425.91ns 
397800     DEBUG main            d.u.i.k.p.r.p.TestFile    ... success: reloaded. 
397801     INFO  main            d.u.i.k.p.r.p.TestFile    Now processing file /home/runner/work/key/key/key.core/../key.ui/examples/standard_key/polySimp/simplify17.key 
397801     INFO  main            d.u.i.k.p.i.AbstractProblemLoader Loading environment from /home/runner/work/key/key/key.core/../key.ui/examples/standard_key/polySimp/simplify17.key 
397801     DEBUG main            d.u.i.k.p.i.AbstractProblemLoader Environment load took 43.9ns 
397802     INFO  main            d.u.i.k.p.i.AbstractProblemLoader Creating init config 
400114     DEBUG main            d.u.i.k.p.i.AbstractProblemLoader Init config took 2.31s 
400128     INFO  main            d.u.i.k.p.i.AbstractProblemLoader Replaying proof simplify17.key 
400129     DEBUG main            d.u.i.k.p.i.IntermediateProofReplayer Proof replay took 4.1ns 
400230     INFO  main            d.u.i.k.p.r.p.TestFile    ... finished proof: closed. 
400716     INFO  main            d.u.i.k.p.i.AbstractProblemLoader Loading environment from /home/runner/work/key/key/key.core/../key.ui/examples/standard_key/polySimp/simplify17.key.proof 
400716     DEBUG main            d.u.i.k.p.i.AbstractProblemLoader Environment load took 89ns 
400717     INFO  main            d.u.i.k.p.i.AbstractProblemLoader Creating init config 
402981     DEBUG main            d.u.i.k.p.i.AbstractProblemLoader Init config took 2.26s 
402994     INFO  main            d.u.i.k.p.i.AbstractProblemLoader Replaying proof simplify17.key.proof 
403001     DEBUG main            d.u.i.k.p.i.IntermediateProofReplayer Proof replay took 4.93ms 
403002     DEBUG main            d.u.i.k.p.r.p.TestFile    ... success: reloaded. 
403002     INFO  main            d.u.i.k.p.r.p.TestFile    Now processing file /home/runner/work/key/key/key.core/../key.ui/examples/standard_key/polySimp/simplify18.key 
403002     INFO  main            d.u.i.k.p.i.AbstractProblemLoader Loading environment from /home/runner/work/key/key/key.core/../key.ui/examples/standard_key/polySimp/simplify18.key 
403002     DEBUG main            d.u.i.k.p.i.AbstractProblemLoader Environment load took 45.4ns 
403003     INFO  main            d.u.i.k.p.i.AbstractProblemLoader Creating init config 
405327     DEBUG main            d.u.i.k.p.i.AbstractProblemLoader Init config took 2.32s 
405341     INFO  main            d.u.i.k.p.i.AbstractProblemLoader Replaying proof simplify18.key 
405342     DEBUG main            d.u.i.k.p.i.IntermediateProofReplayer Proof replay took 2.6ns 
405546     INFO  main            d.u.i.k.p.r.p.TestFile    ... finished proof: closed. 
406046     INFO  main            d.u.i.k.p.i.AbstractProblemLoader Loading environment from /home/runner/work/key/key/key.core/../key.ui/examples/standard_key/polySimp/simplify18.key.proof 
406046     DEBUG main            d.u.i.k.p.i.AbstractProblemLoader Environment load took 96ns 
406047     INFO  main            d.u.i.k.p.i.AbstractProblemLoader Creating init config 
408321     DEBUG main            d.u.i.k.p.i.AbstractProblemLoader Init config took 2.27s 
408335     INFO  main            d.u.i.k.p.i.AbstractProblemLoader Replaying proof simplify18.key.proof 
408350     DEBUG main            d.u.i.k.p.i.IntermediateProofReplayer Proof replay took 12.8ms 
408350     DEBUG main            d.u.i.k.p.r.p.TestFile    ... success: reloaded. 
408351     INFO  main            d.u.i.k.p.r.p.TestFile    Now processing file /home/runner/work/key/key/key.core/../key.ui/examples/standard_key/polySimp/simplify19.key 
408351     INFO  main            d.u.i.k.p.i.AbstractProblemLoader Loading environment from /home/runner/work/key/key/key.core/../key.ui/examples/standard_key/polySimp/simplify19.key 
408351     DEBUG main            d.u.i.k.p.i.AbstractProblemLoader Environment load took 51.2ns 
408352     INFO  main            d.u.i.k.p.i.AbstractProblemLoader Creating init config 
410663     DEBUG main            d.u.i.k.p.i.AbstractProblemLoader Init config took 2.31s 
410677     INFO  main            d.u.i.k.p.i.AbstractProblemLoader Replaying proof simplify19.key 
410678     DEBUG main            d.u.i.k.p.i.IntermediateProofReplayer Proof replay took 2.8ns 
413794     INFO  main            d.u.i.k.p.r.p.TestFile    ... finished proof: closed. 
414320     INFO  main            d.u.i.k.p.i.AbstractProblemLoader Loading environment from /home/runner/work/key/key/key.core/../key.ui/examples/standard_key/polySimp/simplify19.key.proof 
414320     DEBUG main            d.u.i.k.p.i.AbstractProblemLoader Environment load took 102.4ns 
414322     INFO  main            d.u.i.k.p.i.AbstractProblemLoader Creating init config 
416599     DEBUG main            d.u.i.k.p.i.AbstractProblemLoader Init config took 2.28s 
416613     INFO  main            d.u.i.k.p.i.AbstractProblemLoader Replaying proof simplify19.key.proof 
416852     DEBUG main            d.u.i.k.p.i.IntermediateProofReplayer Proof replay took 229.68ms 
416854     DEBUG main            d.u.i.k.p.r.p.TestFile    ... success: reloaded. 
416854     INFO  main            d.u.i.k.p.r.p.TestFile    Now processing file /home/runner/work/key/key/key.core/../key.ui/examples/standard_key/polySimp/simplify2.key 
416855     INFO  main            d.u.i.k.p.i.AbstractProblemLoader Loading environment from /home/runner/work/key/key/key.core/../key.ui/examples/standard_key/polySimp/simplify2.key 
416855     DEBUG main            d.u.i.k.p.i.AbstractProblemLoader Environment load took 62.9ns 
416856     INFO  main            d.u.i.k.p.i.AbstractProblemLoader Creating init config 
419175     DEBUG main            d.u.i.k.p.i.AbstractProblemLoader Init config took 2.32s 
419188     INFO  main            d.u.i.k.p.i.AbstractProblemLoader Replaying proof simplify2.key 
419189     DEBUG main            d.u.i.k.p.i.IntermediateProofReplayer Proof replay took 4.2ns 
419291     INFO  main            d.u.i.k.p.r.p.TestFile    ... finished proof: closed. 
419828     INFO  main            d.u.i.k.p.i.AbstractProblemLoader Loading environment from /home/runner/work/key/key/key.core/../key.ui/examples/standard_key/polySimp/simplify2.key.proof 
419828     DEBUG main            d.u.i.k.p.i.AbstractProblemLoader Environment load took 88.1ns 
419829     INFO  main            d.u.i.k.p.i.AbstractProblemLoader Creating init config 
422087     DEBUG main            d.u.i.k.p.i.AbstractProblemLoader Init config took 2.26s 
422100     INFO  main            d.u.i.k.p.i.AbstractProblemLoader Replaying proof simplify2.key.proof 
422102     DEBUG main            d.u.i.k.p.i.IntermediateProofReplayer Proof replay took 732.71ns 
422103     DEBUG main            d.u.i.k.p.r.p.TestFile    ... success: reloaded. 
422103     INFO  main            d.u.i.k.p.r.p.TestFile    Now processing file /home/runner/work/key/key/key.core/../key.ui/examples/standard_key/polySimp/simplify20.key 
422103     INFO  main            d.u.i.k.p.i.AbstractProblemLoader Loading environment from /home/runner/work/key/key/key.core/../key.ui/examples/standard_key/polySimp/simplify20.key 
422103     DEBUG main            d.u.i.k.p.i.AbstractProblemLoader Environment load took 43.6ns 
422104     INFO  main            d.u.i.k.p.i.AbstractProblemLoader Creating init config 
424412     DEBUG main            d.u.i.k.p.i.AbstractProblemLoader Init config took 2.31s 
424425     INFO  main            d.u.i.k.p.i.AbstractProblemLoader Replaying proof simplify20.key 
424426     DEBUG main            d.u.i.k.p.i.IntermediateProofReplayer Proof replay took 3.6ns 
425030     INFO  main            d.u.i.k.p.r.p.TestFile    ... finished proof: closed. 
425582     INFO  main            d.u.i.k.p.i.AbstractProblemLoader Loading environment from /home/runner/work/key/key/key.core/../key.ui/examples/standard_key/polySimp/simplify20.key.proof 
425583     DEBUG main            d.u.i.k.p.i.AbstractProblemLoader Environment load took 420.01ns 
425585     INFO  main            d.u.i.k.p.i.AbstractProblemLoader Creating init config 
427855     DEBUG main            d.u.i.k.p.i.AbstractProblemLoader Init config took 2.27s 
427869     INFO  main            d.u.i.k.p.i.AbstractProblemLoader Replaying proof simplify20.key.proof 
427926     DEBUG main            d.u.i.k.p.i.IntermediateProofReplayer Proof replay took 53.44ms 
427928     DEBUG main            d.u.i.k.p.r.p.TestFile    ... success: reloaded. 
427928     INFO  main            d.u.i.k.p.r.p.TestFile    Now processing file /home/runner/work/key/key/key.core/../key.ui/examples/standard_key/polySimp/simplify21.key 
427928     INFO  main            d.u.i.k.p.i.AbstractProblemLoader Loading environment from /home/runner/work/key/key/key.core/../key.ui/examples/standard_key/polySimp/simplify21.key 
427928     DEBUG main            d.u.i.k.p.i.AbstractProblemLoader Environment load took 81.5ns 
427931     INFO  main            d.u.i.k.p.i.AbstractProblemLoader Creating init config 
430254     DEBUG main            d.u.i.k.p.i.AbstractProblemLoader Init config took 2.32s 
430268     INFO  main            d.u.i.k.p.i.AbstractProblemLoader Replaying proof simplify21.key 
430269     DEBUG main            d.u.i.k.p.i.IntermediateProofReplayer Proof replay took 2.5ns 
430874     INFO  main            d.u.i.k.p.r.p.TestFile    ... finished proof: closed. 
431455     INFO  main            d.u.i.k.p.i.AbstractProblemLoader Loading environment from /home/runner/work/key/key/key.core/../key.ui/examples/standard_key/polySimp/simplify21.key.proof 
431455     DEBUG main            d.u.i.k.p.i.AbstractProblemLoader Environment load took 94.2ns 
431457     INFO  main            d.u.i.k.p.i.AbstractProblemLoader Creating init config 
433733     DEBUG main            d.u.i.k.p.i.AbstractProblemLoader Init config took 2.28s 
433749     INFO  main            d.u.i.k.p.i.AbstractProblemLoader Replaying proof simplify21.key.proof 
433795     DEBUG main            d.u.i.k.p.i.IntermediateProofReplayer Proof replay took 42.42ms 
433797     DEBUG main            d.u.i.k.p.r.p.TestFile    ... success: reloaded. 
433798     INFO  main            d.u.i.k.p.r.p.TestFile    Now processing file /home/runner/work/key/key/key.core/../key.ui/examples/standard_key/polySimp/simplify22.key 
433798     INFO  main            d.u.i.k.p.i.AbstractProblemLoader Loading environment from /home/runner/work/key/key/key.core/../key.ui/examples/standard_key/polySimp/simplify22.key 
433798     DEBUG main            d.u.i.k.p.i.AbstractProblemLoader Environment load took 47ns 
433799     INFO  main            d.u.i.k.p.i.AbstractProblemLoader Creating init config 
436122     DEBUG main            d.u.i.k.p.i.AbstractProblemLoader Init config took 2.32s 
436135     INFO  main            d.u.i.k.p.i.AbstractProblemLoader Replaying proof simplify22.key 
436136     DEBUG main            d.u.i.k.p.i.IntermediateProofReplayer Proof replay took 3.6ns 
436238     INFO  main            d.u.i.k.p.r.p.TestFile    ... finished proof: closed. 
436783     INFO  main            d.u.i.k.p.i.AbstractProblemLoader Loading environment from /home/runner/work/key/key/key.core/../key.ui/examples/standard_key/polySimp/simplify22.key.proof 
436783     DEBUG main            d.u.i.k.p.i.AbstractProblemLoader Environment load took 95.3ns 
436784     INFO  main            d.u.i.k.p.i.AbstractProblemLoader Creating init config 
439045     DEBUG main            d.u.i.k.p.i.AbstractProblemLoader Init config took 2.26s 
439059     INFO  main            d.u.i.k.p.i.AbstractProblemLoader Replaying proof simplify22.key.proof 
439062     DEBUG main            d.u.i.k.p.i.IntermediateProofReplayer Proof replay took 2.26ms 
439063     DEBUG main            d.u.i.k.p.r.p.TestFile    ... success: reloaded. 
439064     INFO  main            d.u.i.k.p.r.p.TestFile    Now processing file /home/runner/work/key/key/key.core/../key.ui/examples/standard_key/polySimp/simplify23.key 
439064     INFO  main            d.u.i.k.p.i.AbstractProblemLoader Loading environment from /home/runner/work/key/key/key.core/../key.ui/examples/standard_key/polySimp/simplify23.key 
439064     DEBUG main            d.u.i.k.p.i.AbstractProblemLoader Environment load took 79.7ns 
439065     INFO  main            d.u.i.k.p.i.AbstractProblemLoader Creating init config 
441368     DEBUG main            d.u.i.k.p.i.AbstractProblemLoader Init config took 2.3s 
441381     INFO  main            d.u.i.k.p.i.AbstractProblemLoader Replaying proof simplify23.key 
441382     DEBUG main            d.u.i.k.p.i.IntermediateProofReplayer Proof replay took 2.7ns 
441484     INFO  main            d.u.i.k.p.r.p.TestFile    ... finished proof: closed. 
442011     INFO  main            d.u.i.k.p.i.AbstractProblemLoader Loading environment from /home/runner/work/key/key/key.core/../key.ui/examples/standard_key/polySimp/simplify23.key.proof 
442011     DEBUG main            d.u.i.k.p.i.AbstractProblemLoader Environment load took 92.4ns 
442012     INFO  main            d.u.i.k.p.i.AbstractProblemLoader Creating init config 
444275     DEBUG main            d.u.i.k.p.i.AbstractProblemLoader Init config took 2.26s 
444289     INFO  main            d.u.i.k.p.i.AbstractProblemLoader Replaying proof simplify23.key.proof 
444301     DEBUG main            d.u.i.k.p.i.IntermediateProofReplayer Proof replay took 10.39ms 
444302     DEBUG main            d.u.i.k.p.r.p.TestFile    ... success: reloaded. 
444302     INFO  main            d.u.i.k.p.r.p.TestFile    Now processing file /home/runner/work/key/key/key.core/../key.ui/examples/standard_key/polySimp/simplify24.key 
444302     INFO  main            d.u.i.k.p.i.AbstractProblemLoader Loading environment from /home/runner/work/key/key/key.core/../key.ui/examples/standard_key/polySimp/simplify24.key 
444302     DEBUG main            d.u.i.k.p.i.AbstractProblemLoader Environment load took 45.4ns 
444303     INFO  main            d.u.i.k.p.i.AbstractProblemLoader Creating init config 
446615     DEBUG main            d.u.i.k.p.i.AbstractProblemLoader Init config took 2.31s 
446628     INFO  main            d.u.i.k.p.i.AbstractProblemLoader Replaying proof simplify24.key 
446629     DEBUG main            d.u.i.k.p.i.IntermediateProofReplayer Proof replay took 2.3ns 
446731     INFO  main            d.u.i.k.p.r.p.TestFile    ... finished proof: closed. 
447254     INFO  main            d.u.i.k.p.i.AbstractProblemLoader Loading environment from /home/runner/work/key/key/key.core/../key.ui/examples/standard_key/polySimp/simplify24.key.proof 
447254     DEBUG main            d.u.i.k.p.i.AbstractProblemLoader Environment load took 92.3ns 
447255     INFO  main            d.u.i.k.p.i.AbstractProblemLoader Creating init config 
449511     DEBUG main            d.u.i.k.p.i.AbstractProblemLoader Init config took 2.26s 
449525     INFO  main            d.u.i.k.p.i.AbstractProblemLoader Replaying proof simplify24.key.proof 
449528     DEBUG main            d.u.i.k.p.i.IntermediateProofReplayer Proof replay took 2.21ms 
449529     DEBUG main            d.u.i.k.p.r.p.TestFile    ... success: reloaded. 
449529     INFO  main            d.u.i.k.p.r.p.TestFile    Now processing file /home/runner/work/key/key/key.core/../key.ui/examples/standard_key/polySimp/simplify25.key 
449530     INFO  main            d.u.i.k.p.i.AbstractProblemLoader Loading environment from /home/runner/work/key/key/key.core/../key.ui/examples/standard_key/polySimp/simplify25.key 
449530     DEBUG main            d.u.i.k.p.i.AbstractProblemLoader Environment load took 66.8ns 
449531     INFO  main            d.u.i.k.p.i.AbstractProblemLoader Creating init config 
451838     DEBUG main            d.u.i.k.p.i.AbstractProblemLoader Init config took 2.31s 
451854     INFO  main            d.u.i.k.p.i.AbstractProblemLoader Replaying proof simplify25.key 
451855     DEBUG main            d.u.i.k.p.i.IntermediateProofReplayer Proof replay took 3.8ns 
451957     INFO  main            d.u.i.k.p.r.p.TestFile    ... finished proof: closed. 
452492     INFO  main            d.u.i.k.p.i.AbstractProblemLoader Loading environment from /home/runner/work/key/key/key.core/../key.ui/examples/standard_key/polySimp/simplify25.key.proof 
452492     DEBUG main            d.u.i.k.p.i.AbstractProblemLoader Environment load took 92.5ns 
452494     INFO  main            d.u.i.k.p.i.AbstractProblemLoader Creating init config 
454753     DEBUG main            d.u.i.k.p.i.AbstractProblemLoader Init config took 2.26s 
454767     INFO  main            d.u.i.k.p.i.AbstractProblemLoader Replaying proof simplify25.key.proof 
454770     DEBUG main            d.u.i.k.p.i.IntermediateProofReplayer Proof replay took 2.29ms 
454771     DEBUG main            d.u.i.k.p.r.p.TestFile    ... success: reloaded. 
454771     INFO  main            d.u.i.k.p.r.p.TestFile    Now processing file /home/runner/work/key/key/key.core/../key.ui/examples/standard_key/polySimp/simplify3.key 
454771     INFO  main            d.u.i.k.p.i.AbstractProblemLoader Loading environment from /home/runner/work/key/key/key.core/../key.ui/examples/standard_key/polySimp/simplify3.key 
454771     DEBUG main            d.u.i.k.p.i.AbstractProblemLoader Environment load took 43.7ns 
454772     INFO  main            d.u.i.k.p.i.AbstractProblemLoader Creating init config 
457084     DEBUG main            d.u.i.k.p.i.AbstractProblemLoader Init config took 2.31s 
457097     INFO  main            d.u.i.k.p.i.AbstractProblemLoader Replaying proof simplify3.key 
457098     DEBUG main            d.u.i.k.p.i.IntermediateProofReplayer Proof replay took 3.6ns 
457199     INFO  main            d.u.i.k.p.r.p.TestFile    ... finished proof: closed. 
457725     INFO  main            d.u.i.k.p.i.AbstractProblemLoader Loading environment from /home/runner/work/key/key/key.core/../key.ui/examples/standard_key/polySimp/simplify3.key.proof 
457725     DEBUG main            d.u.i.k.p.i.AbstractProblemLoader Environment load took 88.1ns 
457726     INFO  main            d.u.i.k.p.i.AbstractProblemLoader Creating init config 
459980     DEBUG main            d.u.i.k.p.i.AbstractProblemLoader Init config took 2.25s 
459993     INFO  main            d.u.i.k.p.i.AbstractProblemLoader Replaying proof simplify3.key.proof 
459995     DEBUG main            d.u.i.k.p.i.IntermediateProofReplayer Proof replay took 765.61ns 
459996     DEBUG main            d.u.i.k.p.r.p.TestFile    ... success: reloaded. 
459996     INFO  main            d.u.i.k.p.r.p.TestFile    Now processing file /home/runner/work/key/key/key.core/../key.ui/examples/standard_key/polySimp/simplify4.key 
459996     INFO  main            d.u.i.k.p.i.AbstractProblemLoader Loading environment from /home/runner/work/key/key/key.core/../key.ui/examples/standard_key/polySimp/simplify4.key 
459996     DEBUG main            d.u.i.k.p.i.AbstractProblemLoader Environment load took 43.3ns 
459997     INFO  main            d.u.i.k.p.i.AbstractProblemLoader Creating init config 
462304     DEBUG main            d.u.i.k.p.i.AbstractProblemLoader Init config took 2.31s 
462317     INFO  main            d.u.i.k.p.i.AbstractProblemLoader Replaying proof simplify4.key 
462318     DEBUG main            d.u.i.k.p.i.IntermediateProofReplayer Proof replay took 2.9ns 
462419     INFO  main            d.u.i.k.p.r.p.TestFile    ... finished proof: closed. 
462949     INFO  main            d.u.i.k.p.i.AbstractProblemLoader Loading environment from /home/runner/work/key/key/key.core/../key.ui/examples/standard_key/polySimp/simplify4.key.proof 
462949     DEBUG main            d.u.i.k.p.i.AbstractProblemLoader Environment load took 87.3ns 
462950     INFO  main            d.u.i.k.p.i.AbstractProblemLoader Creating init config 
465213     DEBUG main            d.u.i.k.p.i.AbstractProblemLoader Init config took 2.26s 
465226     INFO  main            d.u.i.k.p.i.AbstractProblemLoader Replaying proof simplify4.key.proof 
465229     DEBUG main            d.u.i.k.p.i.IntermediateProofReplayer Proof replay took 1.05ms 
465229     DEBUG main            d.u.i.k.p.r.p.TestFile    ... success: reloaded. 
465230     INFO  main            d.u.i.k.p.r.p.TestFile    Now processing file /home/runner/work/key/key/key.core/../key.ui/examples/standard_key/polySimp/simplify5.key 
465230     INFO  main            d.u.i.k.p.i.AbstractProblemLoader Loading environment from /home/runner/work/key/key/key.core/../key.ui/examples/standard_key/polySimp/simplify5.key 
465230     DEBUG main            d.u.i.k.p.i.AbstractProblemLoader Environment load took 62.2ns 
465231     INFO  main            d.u.i.k.p.i.AbstractProblemLoader Creating init config 
467543     DEBUG main            d.u.i.k.p.i.AbstractProblemLoader Init config took 2.31s 
467556     INFO  main            d.u.i.k.p.i.AbstractProblemLoader Replaying proof simplify5.key 
467557     DEBUG main            d.u.i.k.p.i.IntermediateProofReplayer Proof replay took 3ns 
467659     INFO  main            d.u.i.k.p.r.p.TestFile    ... finished proof: closed. 
468209     INFO  main            d.u.i.k.p.i.AbstractProblemLoader Loading environment from /home/runner/work/key/key/key.core/../key.ui/examples/standard_key/polySimp/simplify5.key.proof 
468210     DEBUG main            d.u.i.k.p.i.AbstractProblemLoader Environment load took 88.3ns 
468210     INFO  main            d.u.i.k.p.i.AbstractProblemLoader Creating init config 
470557     DEBUG main            d.u.i.k.p.i.AbstractProblemLoader Init config took 2.35s 
470573     INFO  main            d.u.i.k.p.i.AbstractProblemLoader Replaying proof simplify5.key.proof 
470582     DEBUG main            d.u.i.k.p.i.IntermediateProofReplayer Proof replay took 6.41ms 
470583     DEBUG main            d.u.i.k.p.r.p.TestFile    ... success: reloaded. 
470583     INFO  main            d.u.i.k.p.r.p.TestFile    Now processing file /home/runner/work/key/key/key.core/../key.ui/examples/standard_key/polySimp/simplify6.key 
470586     INFO  main            d.u.i.k.p.i.AbstractProblemLoader Loading environment from /home/runner/work/key/key/key.core/../key.ui/examples/standard_key/polySimp/simplify6.key 
470586     DEBUG main            d.u.i.k.p.i.AbstractProblemLoader Environment load took 216.1ns 
470587     INFO  main            d.u.i.k.p.i.AbstractProblemLoader Creating init config 
473008     DEBUG main            d.u.i.k.p.i.AbstractProblemLoader Init config took 2.42s 
473022     INFO  main            d.u.i.k.p.i.AbstractProblemLoader Replaying proof simplify6.key 
473023     DEBUG main            d.u.i.k.p.i.IntermediateProofReplayer Proof replay took 2.6ns 
473125     INFO  main            d.u.i.k.p.r.p.TestFile    ... finished proof: closed. 
473668     INFO  main            d.u.i.k.p.i.AbstractProblemLoader Loading environment from /home/runner/work/key/key/key.core/../key.ui/examples/standard_key/polySimp/simplify6.key.proof 
473669     DEBUG main            d.u.i.k.p.i.AbstractProblemLoader Environment load took 470.91ns 
473670     INFO  main            d.u.i.k.p.i.AbstractProblemLoader Creating init config 
476043     DEBUG main            d.u.i.k.p.i.AbstractProblemLoader Init config took 2.37s 
476059     INFO  main            d.u.i.k.p.i.AbstractProblemLoader Replaying proof simplify6.key.proof 
476061     DEBUG main            d.u.i.k.p.i.IntermediateProofReplayer Proof replay took 372.41ns 
476062     DEBUG main            d.u.i.k.p.r.p.TestFile    ... success: reloaded. 
476063     INFO  main            d.u.i.k.p.r.p.TestFile    Now processing file /home/runner/work/key/key/key.core/../key.ui/examples/standard_key/polySimp/simplify7.key 
476063     INFO  main            d.u.i.k.p.i.AbstractProblemLoader Loading environment from /home/runner/work/key/key/key.core/../key.ui/examples/standard_key/polySimp/simplify7.key 
476063     DEBUG main            d.u.i.k.p.i.AbstractProblemLoader Environment load took 188.8ns 
476064     INFO  main            d.u.i.k.p.i.AbstractProblemLoader Creating init config 
478562     DEBUG main            d.u.i.k.p.i.AbstractProblemLoader Init config took 2.5s 
478576     INFO  main            d.u.i.k.p.i.AbstractProblemLoader Replaying proof simplify7.key 
478578     DEBUG main            d.u.i.k.p.i.IntermediateProofReplayer Proof replay took 2.6ns 
478679     INFO  main            d.u.i.k.p.r.p.TestFile    ... finished proof: closed. 
479228     INFO  main            d.u.i.k.p.i.AbstractProblemLoader Loading environment from /home/runner/work/key/key/key.core/../key.ui/examples/standard_key/polySimp/simplify7.key.proof 
479228     DEBUG main            d.u.i.k.p.i.AbstractProblemLoader Environment load took 89.2ns 
479229     INFO  main            d.u.i.k.p.i.AbstractProblemLoader Creating init config 
481569     DEBUG main            d.u.i.k.p.i.AbstractProblemLoader Init config took 2.34s 
481585     INFO  main            d.u.i.k.p.i.AbstractProblemLoader Replaying proof simplify7.key.proof 
481588     DEBUG main            d.u.i.k.p.i.IntermediateProofReplayer Proof replay took 680.81ns 
481601     DEBUG main            d.u.i.k.p.r.p.TestFile    ... success: reloaded. 
481601     INFO  main            d.u.i.k.p.r.p.TestFile    Now processing file /home/runner/work/key/key/key.core/../key.ui/examples/standard_key/polySimp/simplify8.key 
481602     INFO  main            d.u.i.k.p.i.AbstractProblemLoader Loading environment from /home/runner/work/key/key/key.core/../key.ui/examples/standard_key/polySimp/simplify8.key 
481602     DEBUG main            d.u.i.k.p.i.AbstractProblemLoader Environment load took 207.5ns 
481607     INFO  main            d.u.i.k.p.i.AbstractProblemLoader Creating init config 
484016     DEBUG main            d.u.i.k.p.i.AbstractProblemLoader Init config took 2.41s 
484030     INFO  main            d.u.i.k.p.i.AbstractProblemLoader Replaying proof simplify8.key 
484031     DEBUG main            d.u.i.k.p.i.IntermediateProofReplayer Proof replay took 3.9ns 
488107     INFO  main            d.u.i.k.p.r.p.TestFile    ... finished proof: closed. 
488689     INFO  main            d.u.i.k.p.i.AbstractProblemLoader Loading environment from /home/runner/work/key/key/key.core/../key.ui/examples/standard_key/polySimp/simplify8.key.proof 
488690     DEBUG main            d.u.i.k.p.i.AbstractProblemLoader Environment load took 96.9ns 
488692     INFO  main            d.u.i.k.p.i.AbstractProblemLoader Creating init config 
491028     DEBUG main            d.u.i.k.p.i.AbstractProblemLoader Init config took 2.34s 
491045     INFO  main            d.u.i.k.p.i.AbstractProblemLoader Replaying proof simplify8.key.proof 
491212     DEBUG main            d.u.i.k.p.i.IntermediateProofReplayer Proof replay took 163.68ms 
491215     DEBUG main            d.u.i.k.p.r.p.TestFile    ... success: reloaded. 
491215     INFO  main            d.u.i.k.p.r.p.TestFile    Now processing file /home/runner/work/key/key/key.core/../key.ui/examples/standard_key/polySimp/simplify9.key 
491215     INFO  main            d.u.i.k.p.i.AbstractProblemLoader Loading environment from /home/runner/work/key/key/key.core/../key.ui/examples/standard_key/polySimp/simplify9.key 
491215     DEBUG main            d.u.i.k.p.i.AbstractProblemLoader Environment load took 49ns 
491217     INFO  main            d.u.i.k.p.i.AbstractProblemLoader Creating init config 
493661     DEBUG main            d.u.i.k.p.i.AbstractProblemLoader Init config took 2.44s 
493675     INFO  main            d.u.i.k.p.i.AbstractProblemLoader Replaying proof simplify9.key 
493676     DEBUG main            d.u.i.k.p.i.IntermediateProofReplayer Proof replay took 4.5ns 
493878     INFO  main            d.u.i.k.p.r.p.TestFile    ... finished proof: closed. 
494463     INFO  main            d.u.i.k.p.i.AbstractProblemLoader Loading environment from /home/runner/work/key/key/key.core/../key.ui/examples/standard_key/polySimp/simplify9.key.proof 
494463     DEBUG main            d.u.i.k.p.i.AbstractProblemLoader Environment load took 95.4ns 
494465     INFO  main            d.u.i.k.p.i.AbstractProblemLoader Creating init config 
496716     DEBUG main            d.u.i.k.p.i.AbstractProblemLoader Init config took 2.25s 
496731     INFO  main            d.u.i.k.p.i.AbstractProblemLoader Replaying proof simplify9.key.proof 
496741     DEBUG main            d.u.i.k.p.i.IntermediateProofReplayer Proof replay took 8.77ms 
496742     DEBUG main            d.u.i.k.p.r.p.TestFile    ... success: reloaded. 
2914343    INFO  Test worker     d.u.i.k.p.r.RunAllProofsTestUnit Returning from test arithmetic 
2914350    INFO  Test worker     d.u.i.k.p.r.RunAllProofsTestUnit Running test arrays 
336        INFO  Timeout watchdog d.u.i.k.p.r.p.ForkedTestFileRunner Timeout watcher launched (2000 secs.) 
355        WARN  main            d.u.i.k.s.ProofSettings   The settings in /home/runner/.key/proof-settings.props are *not* read. 
402        INFO  main            d.u.i.k.p.r.p.TestFile    Now processing file /home/runner/work/key/key/key.core/../key.ui/examples/standard_key/arrays/arrayStoreException/array2DimPrim.key 
538        INFO  main            d.u.i.k.p.i.AbstractProblemLoader Loading environment from /home/runner/work/key/key/key.core/../key.ui/examples/standard_key/arrays/arrayStoreException/array2DimPrim.key 
556        DEBUG main            d.u.i.k.p.i.AbstractProblemLoader Environment load took 2.64ms 
823        INFO  main            d.u.i.k.p.i.AbstractProblemLoader Creating init config 
1752       DEBUG main            d.u.i.k.j.TypeConverter   No LDT found for Meta 
1752       DEBUG main            d.u.i.k.j.TypeConverter   No LDT found for Meta 
1753       DEBUG main            d.u.i.k.j.TypeConverter   No LDT found for Meta 
1753       DEBUG main            d.u.i.k.j.TypeConverter   No LDT found for Meta 
3472       DEBUG main            d.u.i.k.j.TypeConverter   No LDT found for JavaBigintExpression 
8306       DEBUG main            d.u.i.k.p.i.AbstractProblemLoader Init config took 7.48s 
8370       INFO  main            d.u.i.k.p.i.AbstractProblemLoader Replaying proof array2DimPrim.key 
8403       DEBUG main            d.u.i.k.p.i.IntermediateProofReplayer Proof replay took 34.7ns 
12246      INFO  main            d.u.i.k.p.r.p.TestFile    ... finished proof: closed. 
12462      INFO  main            d.u.i.k.p.i.AbstractProblemLoader Loading environment from /home/runner/work/key/key/key.core/../key.ui/examples/standard_key/arrays/arrayStoreException/array2DimPrim.key.proof 
12467      DEBUG main            d.u.i.k.p.i.AbstractProblemLoader Environment load took 4.72ms 
12473      INFO  main            d.u.i.k.p.i.AbstractProblemLoader Creating init config 
15235      DEBUG main            d.u.i.k.p.i.AbstractProblemLoader Init config took 2.76s 
15269      INFO  main            d.u.i.k.p.i.AbstractProblemLoader Replaying proof array2DimPrim.key.proof 
15885      DEBUG main            d.u.i.k.p.i.IntermediateProofReplayer Proof replay took 598.04ms 
15906      DEBUG main            d.u.i.k.p.r.p.TestFile    ... success: reloaded. 
15908      INFO  main            d.u.i.k.p.r.p.TestFile    Now processing file /home/runner/work/key/key/key.core/../key.ui/examples/standard_key/arrays/arrayStoreException/arrayStoreKnownDynType.key 
15909      INFO  main            d.u.i.k.p.i.AbstractProblemLoader Loading environment from /home/runner/work/key/key/key.core/../key.ui/examples/standard_key/arrays/arrayStoreException/arrayStoreKnownDynType.key 
15909      DEBUG main            d.u.i.k.p.i.AbstractProblemLoader Environment load took 237.81ns 
15914      INFO  main            d.u.i.k.p.i.AbstractProblemLoader Creating init config 
18601      DEBUG main            d.u.i.k.p.i.AbstractProblemLoader Init config took 2.69s 
18630      INFO  main            d.u.i.k.p.i.AbstractProblemLoader Replaying proof arrayStoreKnownDynType.key 
18633      DEBUG main            d.u.i.k.p.i.IntermediateProofReplayer Proof replay took 7.4ns 
18836      INFO  main            d.u.i.k.p.r.p.TestFile    ... finished proof: closed. 
19064      INFO  main            d.u.i.k.p.i.AbstractProblemLoader Loading environment from /home/runner/work/key/key/key.core/../key.ui/examples/standard_key/arrays/arrayStoreException/arrayStoreKnownDynType.key.proof 
19064      DEBUG main            d.u.i.k.p.i.AbstractProblemLoader Environment load took 145.9ns 
19066      INFO  main            d.u.i.k.p.i.AbstractProblemLoader Creating init config 
21653      DEBUG main            d.u.i.k.p.i.AbstractProblemLoader Init config took 2.59s 
21678      INFO  main            d.u.i.k.p.i.AbstractProblemLoader Replaying proof arrayStoreKnownDynType.key.proof 
21720      DEBUG main            d.u.i.k.p.i.IntermediateProofReplayer Proof replay took 37.51ms 
21721      DEBUG main            d.u.i.k.p.r.p.TestFile    ... success: reloaded. 
21722      INFO  main            d.u.i.k.p.r.p.TestFile    Now processing file /home/runner/work/key/key/key.core/../key.ui/examples/standard_key/arrays/arrayStoreException/reverseArray.key 
21723      INFO  main            d.u.i.k.p.i.AbstractProblemLoader Loading environment from /home/runner/work/key/key/key.core/../key.ui/examples/standard_key/arrays/arrayStoreException/reverseArray.key 
21723      DEBUG main            d.u.i.k.p.i.AbstractProblemLoader Environment load took 227.1ns 
21725      INFO  main            d.u.i.k.p.i.AbstractProblemLoader Creating init config 
24247      DEBUG main            d.u.i.k.p.i.AbstractProblemLoader Init config took 2.52s 
24270      INFO  main            d.u.i.k.p.i.AbstractProblemLoader Replaying proof reverseArray.key 
24273      DEBUG main            d.u.i.k.p.i.IntermediateProofReplayer Proof replay took 7.5ns 
24880      INFO  main            d.u.i.k.p.r.p.TestFile    ... finished proof: closed. 
25041      INFO  main            d.u.i.k.p.i.AbstractProblemLoader Loading environment from /home/runner/work/key/key/key.core/../key.ui/examples/standard_key/arrays/arrayStoreException/reverseArray.key.proof 
25041      DEBUG main            d.u.i.k.p.i.AbstractProblemLoader Environment load took 143.6ns 
25043      INFO  main            d.u.i.k.p.i.AbstractProblemLoader Creating init config 
27579      DEBUG main            d.u.i.k.p.i.AbstractProblemLoader Init config took 2.54s 
27602      INFO  main            d.u.i.k.p.i.AbstractProblemLoader Replaying proof reverseArray.key.proof 
27739      DEBUG main            d.u.i.k.p.i.IntermediateProofReplayer Proof replay took 130.51ms 
27740      DEBUG main            d.u.i.k.p.r.p.TestFile    ... success: reloaded. 
27742      INFO  main            d.u.i.k.p.r.p.TestFile    Now processing file /home/runner/work/key/key/key.core/../key.ui/examples/standard_key/arrays/arrayStoreException/throwArrayStoreException.key 
27744      INFO  main            d.u.i.k.p.i.AbstractProblemLoader Loading environment from /home/runner/work/key/key/key.core/../key.ui/examples/standard_key/arrays/arrayStoreException/throwArrayStoreException.key 
27744      DEBUG main            d.u.i.k.p.i.AbstractProblemLoader Environment load took 244.6ns 
27746      INFO  main            d.u.i.k.p.i.AbstractProblemLoader Creating init config 
30287      DEBUG main            d.u.i.k.p.i.AbstractProblemLoader Init config took 2.54s 
30310      INFO  main            d.u.i.k.p.i.AbstractProblemLoader Replaying proof throwArrayStoreException.key 
30318      DEBUG main            d.u.i.k.p.i.IntermediateProofReplayer Proof replay took 8ns 
30746      INFO  main            d.u.i.k.p.r.p.TestFile    ... finished proof: closed. 
30926      INFO  main            d.u.i.k.p.i.AbstractProblemLoader Loading environment from /home/runner/work/key/key/key.core/../key.ui/examples/standard_key/arrays/arrayStoreException/throwArrayStoreException.key.proof 
30927      DEBUG main            d.u.i.k.p.i.AbstractProblemLoader Environment load took 915.01ns 
30929      INFO  main            d.u.i.k.p.i.AbstractProblemLoader Creating init config 
33417      DEBUG main            d.u.i.k.p.i.AbstractProblemLoader Init config took 2.49s 
33440      INFO  main            d.u.i.k.p.i.AbstractProblemLoader Replaying proof throwArrayStoreException.key.proof 
33528      DEBUG main            d.u.i.k.p.i.IntermediateProofReplayer Proof replay took 84.09ms 
33530      DEBUG main            d.u.i.k.p.r.p.TestFile    ... success: reloaded. 
33531      INFO  main            d.u.i.k.p.r.p.TestFile    Now processing file /home/runner/work/key/key/key.core/../key.ui/examples/standard_key/arrays/creation/arrayCreation1.key 
33531      INFO  main            d.u.i.k.p.i.AbstractProblemLoader Loading environment from /home/runner/work/key/key/key.core/../key.ui/examples/standard_key/arrays/creation/arrayCreation1.key 
33532      DEBUG main            d.u.i.k.p.i.AbstractProblemLoader Environment load took 214.1ns 
33533      INFO  main            d.u.i.k.p.i.AbstractProblemLoader Creating init config 
36062      DEBUG main            d.u.i.k.p.i.AbstractProblemLoader Init config took 2.53s 
36084      INFO  main            d.u.i.k.p.i.AbstractProblemLoader Replaying proof arrayCreation1.key 
36086      DEBUG main            d.u.i.k.p.i.IntermediateProofReplayer Proof replay took 7.4ns 
36289      INFO  main            d.u.i.k.p.r.p.TestFile    ... finished proof: closed. 
36469      INFO  main            d.u.i.k.p.i.AbstractProblemLoader Loading environment from /home/runner/work/key/key/key.core/../key.ui/examples/standard_key/arrays/creation/arrayCreation1.key.proof 
36469      DEBUG main            d.u.i.k.p.i.AbstractProblemLoader Environment load took 148.5ns 
36472      INFO  main            d.u.i.k.p.i.AbstractProblemLoader Creating init config 
38932      DEBUG main            d.u.i.k.p.i.AbstractProblemLoader Init config took 2.46s 
38953      INFO  main            d.u.i.k.p.i.AbstractProblemLoader Replaying proof arrayCreation1.key.proof 
38980      DEBUG main            d.u.i.k.p.i.IntermediateProofReplayer Proof replay took 23.9ms 
38981      DEBUG main            d.u.i.k.p.r.p.TestFile    ... success: reloaded. 
38982      INFO  main            d.u.i.k.p.r.p.TestFile    Now processing file /home/runner/work/key/key/key.core/../key.ui/examples/standard_key/arrays/arrayStoreException/array2Dim.key 
38983      INFO  main            d.u.i.k.p.i.AbstractProblemLoader Loading environment from /home/runner/work/key/key/key.core/../key.ui/examples/standard_key/arrays/arrayStoreException/array2Dim.key 
38983      DEBUG main            d.u.i.k.p.i.AbstractProblemLoader Environment load took 263.8ns 
38984      INFO  main            d.u.i.k.p.i.AbstractProblemLoader Creating init config 
41519      DEBUG main            d.u.i.k.p.i.AbstractProblemLoader Init config took 2.53s 
41551      INFO  main            d.u.i.k.p.i.AbstractProblemLoader Replaying proof array2Dim.key 
41563      DEBUG main            d.u.i.k.p.i.IntermediateProofReplayer Proof replay took 10.6ns 
45015      INFO  main            d.u.i.k.p.r.p.TestFile    ... finished proof: open goal(s) 
45294      INFO  main            d.u.i.k.p.r.p.TestFile    Now processing file /home/runner/work/key/key/key.core/../key.ui/examples/standard_key/arrays/arrayStoreException/array2DimClose.key 
45294      INFO  main            d.u.i.k.p.i.AbstractProblemLoader Loading environment from /home/runner/work/key/key/key.core/../key.ui/examples/standard_key/arrays/arrayStoreException/array2DimClose.key 
45294      DEBUG main            d.u.i.k.p.i.AbstractProblemLoader Environment load took 94.7ns 
45295      INFO  main            d.u.i.k.p.i.AbstractProblemLoader Creating init config 
47753      DEBUG main            d.u.i.k.p.i.AbstractProblemLoader Init config took 2.46s 
47775      INFO  main            d.u.i.k.p.i.AbstractProblemLoader Replaying proof array2DimClose.key 
47777      DEBUG main            d.u.i.k.p.i.IntermediateProofReplayer Proof replay took 13.6ns 
50101      INFO  main            d.u.i.k.p.r.p.TestFile    ... finished proof: open goal(s) 
50474      INFO  main            d.u.i.k.p.r.p.TestFile    Now processing file /home/runner/work/key/key/key.core/../key.ui/examples/standard_key/arrays/arrayStoreException/throwASEForPrim.key 
50474      INFO  main            d.u.i.k.p.i.AbstractProblemLoader Loading environment from /home/runner/work/key/key/key.core/../key.ui/examples/standard_key/arrays/arrayStoreException/throwASEForPrim.key 
50475      DEBUG main            d.u.i.k.p.i.AbstractProblemLoader Environment load took 83.4ns 
50476      INFO  main            d.u.i.k.p.i.AbstractProblemLoader Creating init config 
52880      DEBUG main            d.u.i.k.p.i.AbstractProblemLoader Init config took 2.4s 
52900      INFO  main            d.u.i.k.p.i.AbstractProblemLoader Replaying proof throwASEForPrim.key 
52904      DEBUG main            d.u.i.k.p.i.IntermediateProofReplayer Proof replay took 7.2ns 
57424      INFO  main            d.u.i.k.p.r.p.TestFile    ... finished proof: open goal(s) 
2972277    INFO  Test worker     d.u.i.k.p.r.RunAllProofsTestUnit Returning from test arrays 
2972278    INFO  Test worker     d.u.i.k.p.r.RunAllProofsTestUnit Running test javadl 
349        INFO  Timeout watchdog d.u.i.k.p.r.p.ForkedTestFileRunner Timeout watcher launched (2000 secs.) 
361        WARN  main            d.u.i.k.s.ProofSettings   The settings in /home/runner/.key/proof-settings.props are *not* read. 
406        INFO  main            d.u.i.k.p.r.p.TestFile    Now processing file /home/runner/work/key/key/key.core/../key.ui/examples/standard_key/instanceCreation/instanceCreation1.key 
538        INFO  main            d.u.i.k.p.i.AbstractProblemLoader Loading environment from /home/runner/work/key/key/key.core/../key.ui/examples/standard_key/instanceCreation/instanceCreation1.key 
561        DEBUG main            d.u.i.k.p.i.AbstractProblemLoader Environment load took 2.03ms 
816        INFO  main            d.u.i.k.p.i.AbstractProblemLoader Creating init config 
1711       DEBUG main            d.u.i.k.j.TypeConverter   No LDT found for Meta 
1715       DEBUG main            d.u.i.k.j.TypeConverter   No LDT found for Meta 
1718       DEBUG main            d.u.i.k.j.TypeConverter   No LDT found for Meta 
1719       DEBUG main            d.u.i.k.j.TypeConverter   No LDT found for Meta 
3102       DEBUG main            d.u.i.k.j.TypeConverter   No LDT found for JavaBigintExpression 
7936       DEBUG main            d.u.i.k.p.i.AbstractProblemLoader Init config took 7.12s 
8015       INFO  main            d.u.i.k.p.i.AbstractProblemLoader Replaying proof instanceCreation1.key 
8052       DEBUG main            d.u.i.k.p.i.IntermediateProofReplayer Proof replay took 36.7ns 
9198       INFO  main            d.u.i.k.p.r.p.TestFile    ... finished proof: closed. 
9373       INFO  main            d.u.i.k.p.i.AbstractProblemLoader Loading environment from /home/runner/work/key/key/key.core/../key.ui/examples/standard_key/instanceCreation/instanceCreation1.key.proof 
9373       DEBUG main            d.u.i.k.p.i.AbstractProblemLoader Environment load took 515.21ns 
9379       INFO  main            d.u.i.k.p.i.AbstractProblemLoader Creating init config 
12168      DEBUG main            d.u.i.k.p.i.AbstractProblemLoader Init config took 2.79s 
12201      INFO  main            d.u.i.k.p.i.AbstractProblemLoader Replaying proof instanceCreation1.key.proof 
12316      DEBUG main            d.u.i.k.p.i.IntermediateProofReplayer Proof replay took 107.88ms 
12328      DEBUG main            d.u.i.k.p.r.p.TestFile    ... success: reloaded. 
12332      INFO  main            d.u.i.k.p.r.p.TestFile    Now processing file /home/runner/work/key/key/key.core/../key.ui/examples/standard_key/instanceCreation/instanceCreation2.key 
12333      INFO  main            d.u.i.k.p.i.AbstractProblemLoader Loading environment from /home/runner/work/key/key/key.core/../key.ui/examples/standard_key/instanceCreation/instanceCreation2.key 
12340      DEBUG main            d.u.i.k.p.i.AbstractProblemLoader Environment load took 6.91ms 
12342      INFO  main            d.u.i.k.p.i.AbstractProblemLoader Creating init config 
15075      DEBUG main            d.u.i.k.p.i.AbstractProblemLoader Init config took 2.73s 
15124      INFO  main            d.u.i.k.p.i.AbstractProblemLoader Replaying proof instanceCreation2.key 
15147      DEBUG main            d.u.i.k.p.i.IntermediateProofReplayer Proof replay took 6.8ns 
15871      INFO  main            d.u.i.k.p.r.p.TestFile    ... finished proof: closed. 
16046      INFO  main            d.u.i.k.p.i.AbstractProblemLoader Loading environment from /home/runner/work/key/key/key.core/../key.ui/examples/standard_key/instanceCreation/instanceCreation2.key.proof 
16050      DEBUG main            d.u.i.k.p.i.AbstractProblemLoader Environment load took 4.57ms 
16054      INFO  main            d.u.i.k.p.i.AbstractProblemLoader Creating init config 
18682      DEBUG main            d.u.i.k.p.i.AbstractProblemLoader Init config took 2.63s 
18708      INFO  main            d.u.i.k.p.i.AbstractProblemLoader Replaying proof instanceCreation2.key.proof 
18818      DEBUG main            d.u.i.k.p.i.IntermediateProofReplayer Proof replay took 103.11ms 
18820      DEBUG main            d.u.i.k.p.r.p.TestFile    ... success: reloaded. 
18821      INFO  main            d.u.i.k.p.r.p.TestFile    Now processing file /home/runner/work/key/key/key.core/../key.ui/examples/standard_key/instanceCreation/interfacesAndAbstractClassesHaveNoInstances.key 
18822      INFO  main            d.u.i.k.p.i.AbstractProblemLoader Loading environment from /home/runner/work/key/key/key.core/../key.ui/examples/standard_key/instanceCreation/interfacesAndAbstractClassesHaveNoInstances.key 
18822      DEBUG main            d.u.i.k.p.i.AbstractProblemLoader Environment load took 219.6ns 
18823      INFO  main            d.u.i.k.p.i.AbstractProblemLoader Creating init config 
21368      DEBUG main            d.u.i.k.p.i.AbstractProblemLoader Init config took 2.55s 
21390      INFO  main            d.u.i.k.p.i.AbstractProblemLoader Replaying proof interfacesAndAbstractClassesHaveNoInstances.key 
21391      DEBUG main            d.u.i.k.p.i.IntermediateProofReplayer Proof replay took 5.9ns 
21494      INFO  main            d.u.i.k.p.r.p.TestFile    ... finished proof: closed. 
21660      INFO  main            d.u.i.k.p.i.AbstractProblemLoader Loading environment from /home/runner/work/key/key/key.core/../key.ui/examples/standard_key/instanceCreation/interfacesAndAbstractClassesHaveNoInstances.key.proof 
21661      DEBUG main            d.u.i.k.p.i.AbstractProblemLoader Environment load took 184ns 
21662      INFO  main            d.u.i.k.p.i.AbstractProblemLoader Creating init config 
24239      DEBUG main            d.u.i.k.p.i.AbstractProblemLoader Init config took 2.58s 
24261      INFO  main            d.u.i.k.p.i.AbstractProblemLoader Replaying proof interfacesAndAbstractClassesHaveNoInstances.key.proof 
24265      DEBUG main            d.u.i.k.p.i.IntermediateProofReplayer Proof replay took 1.29ms 
24266      DEBUG main            d.u.i.k.p.r.p.TestFile    ... success: reloaded. 
24267      INFO  main            d.u.i.k.p.r.p.TestFile    Now processing file /home/runner/work/key/key/key.core/../key.ui/examples/standard_key/instanceCreation/successiveCreatedObjectsAreDistinct.key 
24267      INFO  main            d.u.i.k.p.i.AbstractProblemLoader Loading environment from /home/runner/work/key/key/key.core/../key.ui/examples/standard_key/instanceCreation/successiveCreatedObjectsAreDistinct.key 
24267      DEBUG main            d.u.i.k.p.i.AbstractProblemLoader Environment load took 82.3ns 
24268      INFO  main            d.u.i.k.p.i.AbstractProblemLoader Creating init config 
26776      DEBUG main            d.u.i.k.p.i.AbstractProblemLoader Init config took 2.51s 
26798      INFO  main            d.u.i.k.p.i.AbstractProblemLoader Replaying proof successiveCreatedObjectsAreDistinct.key 
26800      DEBUG main            d.u.i.k.p.i.IntermediateProofReplayer Proof replay took 6.4ns 
27103      INFO  main            d.u.i.k.p.r.p.TestFile    ... finished proof: closed. 
27309      INFO  main            d.u.i.k.p.i.AbstractProblemLoader Loading environment from /home/runner/work/key/key/key.core/../key.ui/examples/standard_key/instanceCreation/successiveCreatedObjectsAreDistinct.key.proof 
27309      DEBUG main            d.u.i.k.p.i.AbstractProblemLoader Environment load took 559.31ns 
27311      INFO  main            d.u.i.k.p.i.AbstractProblemLoader Creating init config 
29771      DEBUG main            d.u.i.k.p.i.AbstractProblemLoader Init config took 2.46s 
29792      INFO  main            d.u.i.k.p.i.AbstractProblemLoader Replaying proof successiveCreatedObjectsAreDistinct.key.proof 
29862      DEBUG main            d.u.i.k.p.i.IntermediateProofReplayer Proof replay took 66.28ms 
29864      DEBUG main            d.u.i.k.p.r.p.TestFile    ... success: reloaded. 
29865      INFO  main            d.u.i.k.p.r.p.TestFile    Now processing file /home/runner/work/key/key/key.core/../key.ui/examples/standard_key/instanceCreation/testOverloadingConstructors.key 
29865      INFO  main            d.u.i.k.p.i.AbstractProblemLoader Loading environment from /home/runner/work/key/key/key.core/../key.ui/examples/standard_key/instanceCreation/testOverloadingConstructors.key 
29865      DEBUG main            d.u.i.k.p.i.AbstractProblemLoader Environment load took 101.2ns 
29867      INFO  main            d.u.i.k.p.i.AbstractProblemLoader Creating init config 
32403      DEBUG main            d.u.i.k.p.i.AbstractProblemLoader Init config took 2.54s 
32424      INFO  main            d.u.i.k.p.i.AbstractProblemLoader Replaying proof testOverloadingConstructors.key 
32426      DEBUG main            d.u.i.k.p.i.IntermediateProofReplayer Proof replay took 7.4ns 
32730      INFO  main            d.u.i.k.p.r.p.TestFile    ... finished proof: closed. 
32909      INFO  main            d.u.i.k.p.i.AbstractProblemLoader Loading environment from /home/runner/work/key/key/key.core/../key.ui/examples/standard_key/instanceCreation/testOverloadingConstructors.key.proof 
32909      DEBUG main            d.u.i.k.p.i.AbstractProblemLoader Environment load took 511.51ns 
32911      INFO  main            d.u.i.k.p.i.AbstractProblemLoader Creating init config 
35360      DEBUG main            d.u.i.k.p.i.AbstractProblemLoader Init config took 2.45s 
35382      INFO  main            d.u.i.k.p.i.AbstractProblemLoader Replaying proof testOverloadingConstructors.key.proof 
35446      DEBUG main            d.u.i.k.p.i.IntermediateProofReplayer Proof replay took 58.33ms 
35447      DEBUG main            d.u.i.k.p.r.p.TestFile    ... success: reloaded. 
35449      INFO  main            d.u.i.k.p.r.p.TestFile    Now processing file /home/runner/work/key/key/key.core/../key.ui/examples/standard_key/java_dl/SimpleAttributes.key 
35449      INFO  main            d.u.i.k.p.i.AbstractProblemLoader Loading environment from /home/runner/work/key/key/key.core/../key.ui/examples/standard_key/java_dl/SimpleAttributes.key 
35449      DEBUG main            d.u.i.k.p.i.AbstractProblemLoader Environment load took 454.01ns 
35451      INFO  main            d.u.i.k.p.i.AbstractProblemLoader Creating init config 
37966      DEBUG main            d.u.i.k.p.i.AbstractProblemLoader Init config took 2.52s 
37986      INFO  main            d.u.i.k.p.i.AbstractProblemLoader Replaying proof SimpleAttributes.key 
37988      DEBUG main            d.u.i.k.p.i.IntermediateProofReplayer Proof replay took 6.2ns 
38092      INFO  main            d.u.i.k.p.r.p.TestFile    ... finished proof: closed. 
38281      INFO  main            d.u.i.k.p.i.AbstractProblemLoader Loading environment from /home/runner/work/key/key/key.core/../key.ui/examples/standard_key/java_dl/SimpleAttributes.key.proof 
38281      DEBUG main            d.u.i.k.p.i.AbstractProblemLoader Environment load took 134.7ns 
38282      INFO  main            d.u.i.k.p.i.AbstractProblemLoader Creating init config 
40707      DEBUG main            d.u.i.k.p.i.AbstractProblemLoader Init config took 2.42s 
40727      INFO  main            d.u.i.k.p.i.AbstractProblemLoader Replaying proof SimpleAttributes.key.proof 
40752      DEBUG main            d.u.i.k.p.i.IntermediateProofReplayer Proof replay took 21.68ms 
40753      DEBUG main            d.u.i.k.p.r.p.TestFile    ... success: reloaded. 
40754      INFO  main            d.u.i.k.p.r.p.TestFile    Now processing file /home/runner/work/key/key/key.core/../key.ui/examples/standard_key/java_dl/arrayMax.key 
40755      INFO  main            d.u.i.k.p.i.AbstractProblemLoader Loading environment from /home/runner/work/key/key/key.core/../key.ui/examples/standard_key/java_dl/arrayMax.key 
40755      DEBUG main            d.u.i.k.p.i.AbstractProblemLoader Environment load took 200ns 
40757      INFO  main            d.u.i.k.p.i.AbstractProblemLoader Creating init config 
43267      DEBUG main            d.u.i.k.p.i.AbstractProblemLoader Init config took 2.51s 
43287      INFO  main            d.u.i.k.p.i.AbstractProblemLoader Replaying proof arrayMax.key 
43290      DEBUG main            d.u.i.k.p.i.IntermediateProofReplayer Proof replay took 6.8ns 
44701      INFO  main            d.u.i.k.p.r.p.TestFile    ... finished proof: closed. 
44925      INFO  main            d.u.i.k.p.i.AbstractProblemLoader Loading environment from /home/runner/work/key/key/key.core/../key.ui/examples/standard_key/java_dl/arrayMax.key.proof 
44926      DEBUG main            d.u.i.k.p.i.AbstractProblemLoader Environment load took 606.61ns 
44928      INFO  main            d.u.i.k.p.i.AbstractProblemLoader Creating init config 
47411      DEBUG main            d.u.i.k.p.i.AbstractProblemLoader Init config took 2.48s 
47432      INFO  main            d.u.i.k.p.i.AbstractProblemLoader Replaying proof arrayMax.key.proof 
47679      DEBUG main            d.u.i.k.p.i.IntermediateProofReplayer Proof replay took 239.66ms 
47681      DEBUG main            d.u.i.k.p.r.p.TestFile    ... success: reloaded. 
47682      INFO  main            d.u.i.k.p.r.p.TestFile    Now processing file /home/runner/work/key/key/key.core/../key.ui/examples/standard_key/java_dl/arrayUpdateSimp.key 
47683      INFO  main            d.u.i.k.p.i.AbstractProblemLoader Loading environment from /home/runner/work/key/key/key.core/../key.ui/examples/standard_key/java_dl/arrayUpdateSimp.key 
47683      DEBUG main            d.u.i.k.p.i.AbstractProblemLoader Environment load took 202.6ns 
47686      INFO  main            d.u.i.k.p.i.AbstractProblemLoader Creating init config 
47712      WARN  main            d.u.i.k.j.r.KeYCrossReferenceNameInfo Datatype java.io.InputStream declared twice: Once in FILE:/home/runner/work/key/key/key.core/../key.ui/examples/standard_key/java_dl/./classpath/InputStream.java and once in URL:file:/home/runner/work/key/key/key.core/build/resources/main/de/uka/ilkd/key/java/JavaRedux/java/io/InputStream.java, Keeping one from URL:file:/home/runner/work/key/key/key.core/build/resources/main/de/uka/ilkd/key/java/JavaRedux/java/io/InputStream.java 
47713      WARN  main            d.u.i.k.j.r.KeYCrossReferenceNameInfo Datatype java.lang.System declared twice: Once in FILE:/home/runner/work/key/key/key.core/../key.ui/examples/standard_key/java_dl/./classpath/System.java and once in URL:file:/home/runner/work/key/key/key.core/build/resources/main/de/uka/ilkd/key/java/JavaRedux/java/lang/System.java, Keeping one from URL:file:/home/runner/work/key/key/key.core/build/resources/main/de/uka/ilkd/key/java/JavaRedux/java/lang/System.java 
47713      WARN  main            d.u.i.k.j.r.KeYCrossReferenceNameInfo Datatype java.io.PrintStream declared twice: Once in FILE:/home/runner/work/key/key/key.core/../key.ui/examples/standard_key/java_dl/./classpath/PrintStream.java and once in URL:file:/home/runner/work/key/key/key.core/build/resources/main/de/uka/ilkd/key/java/JavaRedux/java/io/PrintStream.java, Keeping one from URL:file:/home/runner/work/key/key/key.core/build/resources/main/de/uka/ilkd/key/java/JavaRedux/java/io/PrintStream.java 
47718      DEBUG main            d.u.i.k.j.r.ClassFileDeclarationBuilder Parsing: package java.io; public class Closeable { } 
47719      DEBUG main            r.s.KeYCrossReferenceSourceInfo Dynamically created class: java.io.Closeable 
50338      DEBUG main            d.u.i.k.p.i.AbstractProblemLoader Init config took 2.65s 
50358      INFO  main            d.u.i.k.p.i.AbstractProblemLoader Replaying proof arrayUpdateSimp.key 
50359      DEBUG main            d.u.i.k.p.i.IntermediateProofReplayer Proof replay took 7.3ns 
50468      INFO  main            d.u.i.k.p.r.p.TestFile    ... finished proof: closed. 
50743      INFO  main            d.u.i.k.p.i.AbstractProblemLoader Loading environment from /home/runner/work/key/key/key.core/../key.ui/examples/standard_key/java_dl/arrayUpdateSimp.key.proof 
50743      DEBUG main            d.u.i.k.p.i.AbstractProblemLoader Environment load took 136.7ns 
50748      INFO  main            d.u.i.k.p.i.AbstractProblemLoader Creating init config 
50775      WARN  main            d.u.i.k.j.r.KeYCrossReferenceNameInfo Datatype java.io.InputStream declared twice: Once in FILE:/home/runner/work/key/key/key.core/../key.ui/examples/standard_key/java_dl/classpath/InputStream.java and once in URL:file:/home/runner/work/key/key/key.core/build/resources/main/de/uka/ilkd/key/java/JavaRedux/java/io/InputStream.java, Keeping one from URL:file:/home/runner/work/key/key/key.core/build/resources/main/de/uka/ilkd/key/java/JavaRedux/java/io/InputStream.java 
50776      WARN  main            d.u.i.k.j.r.KeYCrossReferenceNameInfo Datatype java.lang.System declared twice: Once in FILE:/home/runner/work/key/key/key.core/../key.ui/examples/standard_key/java_dl/classpath/System.java and once in URL:file:/home/runner/work/key/key/key.core/build/resources/main/de/uka/ilkd/key/java/JavaRedux/java/lang/System.java, Keeping one from URL:file:/home/runner/work/key/key/key.core/build/resources/main/de/uka/ilkd/key/java/JavaRedux/java/lang/System.java 
50776      WARN  main            d.u.i.k.j.r.KeYCrossReferenceNameInfo Datatype java.io.PrintStream declared twice: Once in FILE:/home/runner/work/key/key/key.core/../key.ui/examples/standard_key/java_dl/classpath/PrintStream.java and once in URL:file:/home/runner/work/key/key/key.core/build/resources/main/de/uka/ilkd/key/java/JavaRedux/java/io/PrintStream.java, Keeping one from URL:file:/home/runner/work/key/key/key.core/build/resources/main/de/uka/ilkd/key/java/JavaRedux/java/io/PrintStream.java 
50780      DEBUG main            d.u.i.k.j.r.ClassFileDeclarationBuilder Parsing: package java.io; public class Closeable { } 
50780      DEBUG main            r.s.KeYCrossReferenceSourceInfo Dynamically created class: java.io.Closeable 
53265      DEBUG main            d.u.i.k.p.i.AbstractProblemLoader Init config took 2.52s 
53288      INFO  main            d.u.i.k.p.i.AbstractProblemLoader Replaying proof arrayUpdateSimp.key.proof 
53292      DEBUG main            d.u.i.k.p.i.IntermediateProofReplayer Proof replay took 1.07ms 
53295      DEBUG main            d.u.i.k.p.r.p.TestFile    ... success: reloaded. 
53296      INFO  main            d.u.i.k.p.r.p.TestFile    Now processing file /home/runner/work/key/key/key.core/../key.ui/examples/standard_key/java_dl/attributes.key 
53297      INFO  main            d.u.i.k.p.i.AbstractProblemLoader Loading environment from /home/runner/work/key/key/key.core/../key.ui/examples/standard_key/java_dl/attributes.key 
53297      DEBUG main            d.u.i.k.p.i.AbstractProblemLoader Environment load took 224.1ns 
53298      INFO  main            d.u.i.k.p.i.AbstractProblemLoader Creating init config 
55769      DEBUG main            d.u.i.k.p.i.AbstractProblemLoader Init config took 2.47s 
55792      INFO  main            d.u.i.k.p.i.AbstractProblemLoader Replaying proof attributes.key 
55794      DEBUG main            d.u.i.k.p.i.IntermediateProofReplayer Proof replay took 7.2ns 
55997      INFO  main            d.u.i.k.p.r.p.TestFile    ... finished proof: closed. 
56257      INFO  main            d.u.i.k.p.i.AbstractProblemLoader Loading environment from /home/runner/work/key/key/key.core/../key.ui/examples/standard_key/java_dl/attributes.key.proof 
56258      DEBUG main            d.u.i.k.p.i.AbstractProblemLoader Environment load took 139ns 
56259      INFO  main            d.u.i.k.p.i.AbstractProblemLoader Creating init config 
58740      DEBUG main            d.u.i.k.p.i.AbstractProblemLoader Init config took 2.48s 
58759      INFO  main            d.u.i.k.p.i.AbstractProblemLoader Replaying proof attributes.key.proof 
58800      DEBUG main            d.u.i.k.p.i.IntermediateProofReplayer Proof replay took 38.54ms 
58801      DEBUG main            d.u.i.k.p.r.p.TestFile    ... success: reloaded. 
58803      INFO  main            d.u.i.k.p.r.p.TestFile    Now processing file /home/runner/work/key/key/key.core/../key.ui/examples/standard_key/java_dl/break.key 
58803      INFO  main            d.u.i.k.p.i.AbstractProblemLoader Loading environment from /home/runner/work/key/key/key.core/../key.ui/examples/standard_key/java_dl/break.key 
58803      DEBUG main            d.u.i.k.p.i.AbstractProblemLoader Environment load took 100.4ns 
58805      INFO  main            d.u.i.k.p.i.AbstractProblemLoader Creating init config 
58828      WARN  main            d.u.i.k.j.r.KeYCrossReferenceNameInfo Datatype java.io.InputStream declared twice: Once in FILE:/home/runner/work/key/key/key.core/../key.ui/examples/standard_key/java_dl/classpath/InputStream.java and once in URL:file:/home/runner/work/key/key/key.core/build/resources/main/de/uka/ilkd/key/java/JavaRedux/java/io/InputStream.java, Keeping one from URL:file:/home/runner/work/key/key/key.core/build/resources/main/de/uka/ilkd/key/java/JavaRedux/java/io/InputStream.java 
58828      WARN  main            d.u.i.k.j.r.KeYCrossReferenceNameInfo Datatype java.lang.System declared twice: Once in FILE:/home/runner/work/key/key/key.core/../key.ui/examples/standard_key/java_dl/classpath/System.java and once in URL:file:/home/runner/work/key/key/key.core/build/resources/main/de/uka/ilkd/key/java/JavaRedux/java/lang/System.java, Keeping one from URL:file:/home/runner/work/key/key/key.core/build/resources/main/de/uka/ilkd/key/java/JavaRedux/java/lang/System.java 
58828      WARN  main            d.u.i.k.j.r.KeYCrossReferenceNameInfo Datatype java.io.PrintStream declared twice: Once in FILE:/home/runner/work/key/key/key.core/../key.ui/examples/standard_key/java_dl/classpath/PrintStream.java and once in URL:file:/home/runner/work/key/key/key.core/build/resources/main/de/uka/ilkd/key/java/JavaRedux/java/io/PrintStream.java, Keeping one from URL:file:/home/runner/work/key/key/key.core/build/resources/main/de/uka/ilkd/key/java/JavaRedux/java/io/PrintStream.java 
58835      DEBUG main            d.u.i.k.j.r.ClassFileDeclarationBuilder Parsing: package java.io; public class Closeable { } 
58835      DEBUG main            r.s.KeYCrossReferenceSourceInfo Dynamically created class: java.io.Closeable 
61228      DEBUG main            d.u.i.k.p.i.AbstractProblemLoader Init config took 2.42s 
61247      INFO  main            d.u.i.k.p.i.AbstractProblemLoader Replaying proof break.key 
61249      DEBUG main            d.u.i.k.p.i.IntermediateProofReplayer Proof replay took 6.4ns 
61352      INFO  main            d.u.i.k.p.r.p.TestFile    ... finished proof: closed. 
61561      INFO  main            d.u.i.k.p.i.AbstractProblemLoader Loading environment from /home/runner/work/key/key/key.core/../key.ui/examples/standard_key/java_dl/break.key.proof 
61561      DEBUG main            d.u.i.k.p.i.AbstractProblemLoader Environment load took 134ns 
61563      INFO  main            d.u.i.k.p.i.AbstractProblemLoader Creating init config 
61591      WARN  main            d.u.i.k.j.r.KeYCrossReferenceNameInfo Datatype java.io.InputStream declared twice: Once in FILE:/home/runner/work/key/key/key.core/../key.ui/examples/standard_key/java_dl/classpath/InputStream.java and once in URL:file:/home/runner/work/key/key/key.core/build/resources/main/de/uka/ilkd/key/java/JavaRedux/java/io/InputStream.java, Keeping one from URL:file:/home/runner/work/key/key/key.core/build/resources/main/de/uka/ilkd/key/java/JavaRedux/java/io/InputStream.java 
61591      WARN  main            d.u.i.k.j.r.KeYCrossReferenceNameInfo Datatype java.lang.System declared twice: Once in FILE:/home/runner/work/key/key/key.core/../key.ui/examples/standard_key/java_dl/classpath/System.java and once in URL:file:/home/runner/work/key/key/key.core/build/resources/main/de/uka/ilkd/key/java/JavaRedux/java/lang/System.java, Keeping one from URL:file:/home/runner/work/key/key/key.core/build/resources/main/de/uka/ilkd/key/java/JavaRedux/java/lang/System.java 
61591      WARN  main            d.u.i.k.j.r.KeYCrossReferenceNameInfo Datatype java.io.PrintStream declared twice: Once in FILE:/home/runner/work/key/key/key.core/../key.ui/examples/standard_key/java_dl/classpath/PrintStream.java and once in URL:file:/home/runner/work/key/key/key.core/build/resources/main/de/uka/ilkd/key/java/JavaRedux/java/io/PrintStream.java, Keeping one from URL:file:/home/runner/work/key/key/key.core/build/resources/main/de/uka/ilkd/key/java/JavaRedux/java/io/PrintStream.java 
61595      DEBUG main            d.u.i.k.j.r.ClassFileDeclarationBuilder Parsing: package java.io; public class Closeable { } 
61595      DEBUG main            r.s.KeYCrossReferenceSourceInfo Dynamically created class: java.io.Closeable 
64006      DEBUG main            d.u.i.k.p.i.AbstractProblemLoader Init config took 2.44s 
64024      INFO  main            d.u.i.k.p.i.AbstractProblemLoader Replaying proof break.key.proof 
64034      DEBUG main            d.u.i.k.p.i.IntermediateProofReplayer Proof replay took 7.69ms 
64035      DEBUG main            d.u.i.k.p.r.p.TestFile    ... success: reloaded. 
64036      INFO  main            d.u.i.k.p.r.p.TestFile    Now processing file /home/runner/work/key/key/key.core/../key.ui/examples/standard_key/java_dl/char.key 
64036      INFO  main            d.u.i.k.p.i.AbstractProblemLoader Loading environment from /home/runner/work/key/key/key.core/../key.ui/examples/standard_key/java_dl/char.key 
64036      DEBUG main            d.u.i.k.p.i.AbstractProblemLoader Environment load took 88.8ns 
64037      INFO  main            d.u.i.k.p.i.AbstractProblemLoader Creating init config 
66407      DEBUG main            d.u.i.k.p.i.AbstractProblemLoader Init config took 2.37s 
66424      INFO  main            d.u.i.k.p.i.AbstractProblemLoader Replaying proof char.key 
66425      DEBUG main            d.u.i.k.p.i.IntermediateProofReplayer Proof replay took 6.7ns 
66534      INFO  main            d.u.i.k.p.r.p.TestFile    ... finished proof: closed. 
66741      INFO  main            d.u.i.k.p.i.AbstractProblemLoader Loading environment from /home/runner/work/key/key/key.core/../key.ui/examples/standard_key/java_dl/char.key.proof 
66741      DEBUG main            d.u.i.k.p.i.AbstractProblemLoader Environment load took 130.2ns 
66743      INFO  main            d.u.i.k.p.i.AbstractProblemLoader Creating init config 
69129      DEBUG main            d.u.i.k.p.i.AbstractProblemLoader Init config took 2.39s 
69146      INFO  main            d.u.i.k.p.i.AbstractProblemLoader Replaying proof char.key.proof 
69163      DEBUG main            d.u.i.k.p.i.IntermediateProofReplayer Proof replay took 12.24ms 
69164      DEBUG main            d.u.i.k.p.r.p.TestFile    ... success: reloaded. 
69166      INFO  main            d.u.i.k.p.r.p.TestFile    Now processing file /home/runner/work/key/key/key.core/../key.ui/examples/standard_key/java_dl/compileTimeConstants.key 
69167      INFO  main            d.u.i.k.p.i.AbstractProblemLoader Loading environment from /home/runner/work/key/key/key.core/../key.ui/examples/standard_key/java_dl/compileTimeConstants.key 
69167      DEBUG main            d.u.i.k.p.i.AbstractProblemLoader Environment load took 205.4ns 
69168      INFO  main            d.u.i.k.p.i.AbstractProblemLoader Creating init config 
71643      DEBUG main            d.u.i.k.p.i.AbstractProblemLoader Init config took 2.47s 
71660      INFO  main            d.u.i.k.p.i.AbstractProblemLoader Replaying proof compileTimeConstants.key 
71661      DEBUG main            d.u.i.k.p.i.IntermediateProofReplayer Proof replay took 5.9ns 
71764      INFO  main            d.u.i.k.p.r.p.TestFile    ... finished proof: closed. 
71976      INFO  main            d.u.i.k.p.i.AbstractProblemLoader Loading environment from /home/runner/work/key/key/key.core/../key.ui/examples/standard_key/java_dl/compileTimeConstants.key.proof 
71976      DEBUG main            d.u.i.k.p.i.AbstractProblemLoader Environment load took 156.6ns 
71977      INFO  main            d.u.i.k.p.i.AbstractProblemLoader Creating init config 
74389      DEBUG main            d.u.i.k.p.i.AbstractProblemLoader Init config took 2.41s 
74407      INFO  main            d.u.i.k.p.i.AbstractProblemLoader Replaying proof compileTimeConstants.key.proof 
74437      DEBUG main            d.u.i.k.p.i.IntermediateProofReplayer Proof replay took 20.17ms 
74438      DEBUG main            d.u.i.k.p.r.p.TestFile    ... success: reloaded. 
74439      INFO  main            d.u.i.k.p.r.p.TestFile    Now processing file /home/runner/work/key/key/key.core/../key.ui/examples/standard_key/java_dl/constructorException/test.key 
74439      INFO  main            d.u.i.k.p.i.AbstractProblemLoader Loading environment from /home/runner/work/key/key/key.core/../key.ui/examples/standard_key/java_dl/constructorException/test.key 
74440      DEBUG main            d.u.i.k.p.i.AbstractProblemLoader Environment load took 190.3ns 
74441      INFO  main            d.u.i.k.p.i.AbstractProblemLoader Creating init config 
76930      DEBUG main            d.u.i.k.p.i.AbstractProblemLoader Init config took 2.49s 
76993      INFO  main            d.u.i.k.p.i.AbstractProblemLoader Replaying proof Test[Test::Test(int)].JML operation contract.0 
76994      DEBUG main            d.u.i.k.p.i.IntermediateProofReplayer Proof replay took 7ns 
77200      INFO  main            d.u.i.k.p.r.p.TestFile    ... finished proof: closed. 
77440      INFO  main            d.u.i.k.p.i.AbstractProblemLoader Loading environment from /home/runner/work/key/key/key.core/../key.ui/examples/standard_key/java_dl/constructorException/test.key.proof 
77441      DEBUG main            d.u.i.k.p.i.AbstractProblemLoader Environment load took 126.7ns 
77442      INFO  main            d.u.i.k.p.i.AbstractProblemLoader Creating init config 
79872      DEBUG main            d.u.i.k.p.i.AbstractProblemLoader Init config took 2.43s 
79914      INFO  main            d.u.i.k.p.i.AbstractProblemLoader Replaying proof Test[Test::Test(int)].JML operation contract.0 
79970      DEBUG main            d.u.i.k.p.i.IntermediateProofReplayer Proof replay took 53.45ms 
79972      DEBUG main            d.u.i.k.p.r.p.TestFile    ... success: reloaded. 
79973      INFO  main            d.u.i.k.p.r.p.TestFile    Now processing file /home/runner/work/key/key/key.core/../key.ui/examples/standard_key/java_dl/constructorException/regressionTestBug1333.key 
79974      INFO  main            d.u.i.k.p.i.AbstractProblemLoader Loading environment from /home/runner/work/key/key/key.core/../key.ui/examples/standard_key/java_dl/constructorException/regressionTestBug1333.key 
79974      DEBUG main            d.u.i.k.p.i.AbstractProblemLoader Environment load took 232.6ns 
79975      INFO  main            d.u.i.k.p.i.AbstractProblemLoader Creating init config 
82433      DEBUG main            d.u.i.k.p.i.AbstractProblemLoader Init config took 2.46s 
82472      INFO  main            d.u.i.k.p.i.AbstractProblemLoader Replaying proof False[False::False()].JML normal_behavior operation contract.0 
82475      DEBUG main            d.u.i.k.p.i.IntermediateProofReplayer Proof replay took 6.9ns 
82581      INFO  main            d.u.i.k.p.r.p.TestFile    ... finished proof: open goal(s) 
82828      INFO  main            d.u.i.k.p.r.p.TestFile    Now processing file /home/runner/work/key/key/key.core/../key.ui/examples/standard_key/java_dl/continue1.key 
82828      INFO  main            d.u.i.k.p.i.AbstractProblemLoader Loading environment from /home/runner/work/key/key/key.core/../key.ui/examples/standard_key/java_dl/continue1.key 
82829      DEBUG main            d.u.i.k.p.i.AbstractProblemLoader Environment load took 102.7ns 
82830      INFO  main            d.u.i.k.p.i.AbstractProblemLoader Creating init config 
82852      WARN  main            d.u.i.k.j.r.KeYCrossReferenceNameInfo Datatype java.io.InputStream declared twice: Once in FILE:/home/runner/work/key/key/key.core/../key.ui/examples/standard_key/java_dl/classpath/InputStream.java and once in URL:file:/home/runner/work/key/key/key.core/build/resources/main/de/uka/ilkd/key/java/JavaRedux/java/io/InputStream.java, Keeping one from URL:file:/home/runner/work/key/key/key.core/build/resources/main/de/uka/ilkd/key/java/JavaRedux/java/io/InputStream.java 
82852      WARN  main            d.u.i.k.j.r.KeYCrossReferenceNameInfo Datatype java.lang.System declared twice: Once in FILE:/home/runner/work/key/key/key.core/../key.ui/examples/standard_key/java_dl/classpath/System.java and once in URL:file:/home/runner/work/key/key/key.core/build/resources/main/de/uka/ilkd/key/java/JavaRedux/java/lang/System.java, Keeping one from URL:file:/home/runner/work/key/key/key.core/build/resources/main/de/uka/ilkd/key/java/JavaRedux/java/lang/System.java 
82852      WARN  main            d.u.i.k.j.r.KeYCrossReferenceNameInfo Datatype java.io.PrintStream declared twice: Once in FILE:/home/runner/work/key/key/key.core/../key.ui/examples/standard_key/java_dl/classpath/PrintStream.java and once in URL:file:/home/runner/work/key/key/key.core/build/resources/main/de/uka/ilkd/key/java/JavaRedux/java/io/PrintStream.java, Keeping one from URL:file:/home/runner/work/key/key/key.core/build/resources/main/de/uka/ilkd/key/java/JavaRedux/java/io/PrintStream.java 
82855      DEBUG main            d.u.i.k.j.r.ClassFileDeclarationBuilder Parsing: package java.io; public class Closeable { } 
82855      DEBUG main            r.s.KeYCrossReferenceSourceInfo Dynamically created class: java.io.Closeable 
85287      DEBUG main            d.u.i.k.p.i.AbstractProblemLoader Init config took 2.46s 
85304      INFO  main            d.u.i.k.p.i.AbstractProblemLoader Replaying proof continue1.key 
85307      DEBUG main            d.u.i.k.p.i.IntermediateProofReplayer Proof replay took 6.6ns 
85412      INFO  main            d.u.i.k.p.r.p.TestFile    ... finished proof: closed. 
85624      INFO  main            d.u.i.k.p.i.AbstractProblemLoader Loading environment from /home/runner/work/key/key/key.core/../key.ui/examples/standard_key/java_dl/continue1.key.proof 
85624      DEBUG main            d.u.i.k.p.i.AbstractProblemLoader Environment load took 143.2ns 
85626      INFO  main            d.u.i.k.p.i.AbstractProblemLoader Creating init config 
85647      WARN  main            d.u.i.k.j.r.KeYCrossReferenceNameInfo Datatype java.io.InputStream declared twice: Once in FILE:/home/runner/work/key/key/key.core/../key.ui/examples/standard_key/java_dl/classpath/InputStream.java and once in URL:file:/home/runner/work/key/key/key.core/build/resources/main/de/uka/ilkd/key/java/JavaRedux/java/io/InputStream.java, Keeping one from URL:file:/home/runner/work/key/key/key.core/build/resources/main/de/uka/ilkd/key/java/JavaRedux/java/io/InputStream.java 
85648      WARN  main            d.u.i.k.j.r.KeYCrossReferenceNameInfo Datatype java.lang.System declared twice: Once in FILE:/home/runner/work/key/key/key.core/../key.ui/examples/standard_key/java_dl/classpath/System.java and once in URL:file:/home/runner/work/key/key/key.core/build/resources/main/de/uka/ilkd/key/java/JavaRedux/java/lang/System.java, Keeping one from URL:file:/home/runner/work/key/key/key.core/build/resources/main/de/uka/ilkd/key/java/JavaRedux/java/lang/System.java 
85648      WARN  main            d.u.i.k.j.r.KeYCrossReferenceNameInfo Datatype java.io.PrintStream declared twice: Once in FILE:/home/runner/work/key/key/key.core/../key.ui/examples/standard_key/java_dl/classpath/PrintStream.java and once in URL:file:/home/runner/work/key/key/key.core/build/resources/main/de/uka/ilkd/key/java/JavaRedux/java/io/PrintStream.java, Keeping one from URL:file:/home/runner/work/key/key/key.core/build/resources/main/de/uka/ilkd/key/java/JavaRedux/java/io/PrintStream.java 
85651      DEBUG main            d.u.i.k.j.r.ClassFileDeclarationBuilder Parsing: package java.io; public class Closeable { } 
85651      DEBUG main            r.s.KeYCrossReferenceSourceInfo Dynamically created class: java.io.Closeable 
88059      DEBUG main            d.u.i.k.p.i.AbstractProblemLoader Init config took 2.43s 
88074      INFO  main            d.u.i.k.p.i.AbstractProblemLoader Replaying proof continue1.key.proof 
88095      DEBUG main            d.u.i.k.p.i.IntermediateProofReplayer Proof replay took 17.94ms 
88097      DEBUG main            d.u.i.k.p.r.p.TestFile    ... success: reloaded. 
88098      INFO  main            d.u.i.k.p.r.p.TestFile    Now processing file /home/runner/work/key/key/key.core/../key.ui/examples/standard_key/java_dl/continue2.key 
88098      INFO  main            d.u.i.k.p.i.AbstractProblemLoader Loading environment from /home/runner/work/key/key/key.core/../key.ui/examples/standard_key/java_dl/continue2.key 
88098      DEBUG main            d.u.i.k.p.i.AbstractProblemLoader Environment load took 145ns 
88100      INFO  main            d.u.i.k.p.i.AbstractProblemLoader Creating init config 
88122      WARN  main            d.u.i.k.j.r.KeYCrossReferenceNameInfo Datatype java.io.InputStream declared twice: Once in FILE:/home/runner/work/key/key/key.core/../key.ui/examples/standard_key/java_dl/classpath/InputStream.java and once in URL:file:/home/runner/work/key/key/key.core/build/resources/main/de/uka/ilkd/key/java/JavaRedux/java/io/InputStream.java, Keeping one from URL:file:/home/runner/work/key/key/key.core/build/resources/main/de/uka/ilkd/key/java/JavaRedux/java/io/InputStream.java 
88122      WARN  main            d.u.i.k.j.r.KeYCrossReferenceNameInfo Datatype java.lang.System declared twice: Once in FILE:/home/runner/work/key/key/key.core/../key.ui/examples/standard_key/java_dl/classpath/System.java and once in URL:file:/home/runner/work/key/key/key.core/build/resources/main/de/uka/ilkd/key/java/JavaRedux/java/lang/System.java, Keeping one from URL:file:/home/runner/work/key/key/key.core/build/resources/main/de/uka/ilkd/key/java/JavaRedux/java/lang/System.java 
88122      WARN  main            d.u.i.k.j.r.KeYCrossReferenceNameInfo Datatype java.io.PrintStream declared twice: Once in FILE:/home/runner/work/key/key/key.core/../key.ui/examples/standard_key/java_dl/classpath/PrintStream.java and once in URL:file:/home/runner/work/key/key/key.core/build/resources/main/de/uka/ilkd/key/java/JavaRedux/java/io/PrintStream.java, Keeping one from URL:file:/home/runner/work/key/key/key.core/build/resources/main/de/uka/ilkd/key/java/JavaRedux/java/io/PrintStream.java 
88125      DEBUG main            d.u.i.k.j.r.ClassFileDeclarationBuilder Parsing: package java.io; public class Closeable { } 
88125      DEBUG main            r.s.KeYCrossReferenceSourceInfo Dynamically created class: java.io.Closeable 
90490      DEBUG main            d.u.i.k.p.i.AbstractProblemLoader Init config took 2.39s 
90506      INFO  main            d.u.i.k.p.i.AbstractProblemLoader Replaying proof continue2.key 
90508      DEBUG main            d.u.i.k.p.i.IntermediateProofReplayer Proof replay took 8ns 
90710      INFO  main            d.u.i.k.p.r.p.TestFile    ... finished proof: closed. 
90964      INFO  main            d.u.i.k.p.i.AbstractProblemLoader Loading environment from /home/runner/work/key/key/key.core/../key.ui/examples/standard_key/java_dl/continue2.key.proof 
90965      DEBUG main            d.u.i.k.p.i.AbstractProblemLoader Environment load took 460.71ns 
90966      INFO  main            d.u.i.k.p.i.AbstractProblemLoader Creating init config 
90988      WARN  main            d.u.i.k.j.r.KeYCrossReferenceNameInfo Datatype java.io.InputStream declared twice: Once in FILE:/home/runner/work/key/key/key.core/../key.ui/examples/standard_key/java_dl/classpath/InputStream.java and once in URL:file:/home/runner/work/key/key/key.core/build/resources/main/de/uka/ilkd/key/java/JavaRedux/java/io/InputStream.java, Keeping one from URL:file:/home/runner/work/key/key/key.core/build/resources/main/de/uka/ilkd/key/java/JavaRedux/java/io/InputStream.java 
90989      WARN  main            d.u.i.k.j.r.KeYCrossReferenceNameInfo Datatype java.lang.System declared twice: Once in FILE:/home/runner/work/key/key/key.core/../key.ui/examples/standard_key/java_dl/classpath/System.java and once in URL:file:/home/runner/work/key/key/key.core/build/resources/main/de/uka/ilkd/key/java/JavaRedux/java/lang/System.java, Keeping one from URL:file:/home/runner/work/key/key/key.core/build/resources/main/de/uka/ilkd/key/java/JavaRedux/java/lang/System.java 
90989      WARN  main            d.u.i.k.j.r.KeYCrossReferenceNameInfo Datatype java.io.PrintStream declared twice: Once in FILE:/home/runner/work/key/key/key.core/../key.ui/examples/standard_key/java_dl/classpath/PrintStream.java and once in URL:file:/home/runner/work/key/key/key.core/build/resources/main/de/uka/ilkd/key/java/JavaRedux/java/io/PrintStream.java, Keeping one from URL:file:/home/runner/work/key/key/key.core/build/resources/main/de/uka/ilkd/key/java/JavaRedux/java/io/PrintStream.java 
90992      DEBUG main            d.u.i.k.j.r.ClassFileDeclarationBuilder Parsing: package java.io; public class Closeable { } 
90992      DEBUG main            r.s.KeYCrossReferenceSourceInfo Dynamically created class: java.io.Closeable 
93364      DEBUG main            d.u.i.k.p.i.AbstractProblemLoader Init config took 2.4s 
93379      INFO  main            d.u.i.k.p.i.AbstractProblemLoader Replaying proof continue2.key.proof 
93452      DEBUG main            d.u.i.k.p.i.IntermediateProofReplayer Proof replay took 69.68ms 
93453      DEBUG main            d.u.i.k.p.r.p.TestFile    ... success: reloaded. 
93455      INFO  main            d.u.i.k.p.r.p.TestFile    Now processing file /home/runner/work/key/key/key.core/../key.ui/examples/standard_key/java_dl/complexAssignment.key 
93455      INFO  main            d.u.i.k.p.i.AbstractProblemLoader Loading environment from /home/runner/work/key/key/key.core/../key.ui/examples/standard_key/java_dl/complexAssignment.key 
93456      DEBUG main            d.u.i.k.p.i.AbstractProblemLoader Environment load took 203.3ns 
93458      INFO  main            d.u.i.k.p.i.AbstractProblemLoader Creating init config 
95872      DEBUG main            d.u.i.k.p.i.AbstractProblemLoader Init config took 2.41s 
95888      INFO  main            d.u.i.k.p.i.AbstractProblemLoader Replaying proof complexAssignment.key 
95890      DEBUG main            d.u.i.k.p.i.IntermediateProofReplayer Proof replay took 9.1ns 
95992      INFO  main            d.u.i.k.p.r.p.TestFile    ... finished proof: closed. 
96238      INFO  main            d.u.i.k.p.i.AbstractProblemLoader Loading environment from /home/runner/work/key/key/key.core/../key.ui/examples/standard_key/java_dl/complexAssignment.key.proof 
96238      DEBUG main            d.u.i.k.p.i.AbstractProblemLoader Environment load took 118.2ns 
96239      INFO  main            d.u.i.k.p.i.AbstractProblemLoader Creating init config 
98571      DEBUG main            d.u.i.k.p.i.AbstractProblemLoader Init config took 2.33s 
98591      INFO  main            d.u.i.k.p.i.AbstractProblemLoader Replaying proof complexAssignment.key.proof 
98606      DEBUG main            d.u.i.k.p.i.IntermediateProofReplayer Proof replay took 10.08ms 
98608      DEBUG main            d.u.i.k.p.r.p.TestFile    ... success: reloaded. 
98609      INFO  main            d.u.i.k.p.r.p.TestFile    Now processing file /home/runner/work/key/key/key.core/../key.ui/examples/standard_key/java_dl/danglingElseSolution1.key 
98609      INFO  main            d.u.i.k.p.i.AbstractProblemLoader Loading environment from /home/runner/work/key/key/key.core/../key.ui/examples/standard_key/java_dl/danglingElseSolution1.key 
98609      DEBUG main            d.u.i.k.p.i.AbstractProblemLoader Environment load took 179.5ns 
98610      INFO  main            d.u.i.k.p.i.AbstractProblemLoader Creating init config 
101038     DEBUG main            d.u.i.k.p.i.AbstractProblemLoader Init config took 2.43s 
101053     INFO  main            d.u.i.k.p.i.AbstractProblemLoader Replaying proof danglingElseSolution1.key 
101057     DEBUG main            d.u.i.k.p.i.IntermediateProofReplayer Proof replay took 7.5ns 
101180     INFO  main            d.u.i.k.p.r.p.TestFile    ... finished proof: closed. 
101461     INFO  main            d.u.i.k.p.i.AbstractProblemLoader Loading environment from /home/runner/work/key/key/key.core/../key.ui/examples/standard_key/java_dl/danglingElseSolution1.key.proof 
101461     DEBUG main            d.u.i.k.p.i.AbstractProblemLoader Environment load took 123ns 
101462     INFO  main            d.u.i.k.p.i.AbstractProblemLoader Creating init config 
103783     DEBUG main            d.u.i.k.p.i.AbstractProblemLoader Init config took 2.32s 
103799     INFO  main            d.u.i.k.p.i.AbstractProblemLoader Replaying proof danglingElseSolution1.key.proof 
103810     DEBUG main            d.u.i.k.p.i.IntermediateProofReplayer Proof replay took 8.15ms 
103811     DEBUG main            d.u.i.k.p.r.p.TestFile    ... success: reloaded. 
103819     INFO  main            d.u.i.k.p.r.p.TestFile    Now processing file /home/runner/work/key/key/key.core/../key.ui/examples/standard_key/java_dl/danglingElseSolution2.key 
103819     INFO  main            d.u.i.k.p.i.AbstractProblemLoader Loading environment from /home/runner/work/key/key/key.core/../key.ui/examples/standard_key/java_dl/danglingElseSolution2.key 
103820     DEBUG main            d.u.i.k.p.i.AbstractProblemLoader Environment load took 204.1ns 
103821     INFO  main            d.u.i.k.p.i.AbstractProblemLoader Creating init config 
106249     DEBUG main            d.u.i.k.p.i.AbstractProblemLoader Init config took 2.43s 
106267     INFO  main            d.u.i.k.p.i.AbstractProblemLoader Replaying proof danglingElseSolution2.key 
106268     DEBUG main            d.u.i.k.p.i.IntermediateProofReplayer Proof replay took 7.5ns 
106371     INFO  main            d.u.i.k.p.r.p.TestFile    ... finished proof: closed. 
106628     INFO  main            d.u.i.k.p.i.AbstractProblemLoader Loading environment from /home/runner/work/key/key/key.core/../key.ui/examples/standard_key/java_dl/danglingElseSolution2.key.proof 
106628     DEBUG main            d.u.i.k.p.i.AbstractProblemLoader Environment load took 120ns 
106631     INFO  main            d.u.i.k.p.i.AbstractProblemLoader Creating init config 
108951     DEBUG main            d.u.i.k.p.i.AbstractProblemLoader Init config took 2.32s 
108967     INFO  main            d.u.i.k.p.i.AbstractProblemLoader Replaying proof danglingElseSolution2.key.proof 
108978     DEBUG main            d.u.i.k.p.i.IntermediateProofReplayer Proof replay took 8.28ms 
108979     DEBUG main            d.u.i.k.p.r.p.TestFile    ... success: reloaded. 
108980     INFO  main            d.u.i.k.p.r.p.TestFile    Now processing file /home/runner/work/key/key/key.core/../key.ui/examples/standard_key/java_dl/deepNonNull/deepNonNull0.key 
108980     INFO  main            d.u.i.k.p.i.AbstractProblemLoader Loading environment from /home/runner/work/key/key/key.core/../key.ui/examples/standard_key/java_dl/deepNonNull/deepNonNull0.key 
108981     DEBUG main            d.u.i.k.p.i.AbstractProblemLoader Environment load took 179ns 
108981     INFO  main            d.u.i.k.p.i.AbstractProblemLoader Creating init config 
111446     DEBUG main            d.u.i.k.p.i.AbstractProblemLoader Init config took 2.46s 
111503     INFO  main            d.u.i.k.p.i.AbstractProblemLoader Replaying proof Arrays[Arrays::get()].JML operation contract.0 
111504     DEBUG main            d.u.i.k.p.i.IntermediateProofReplayer Proof replay took 8ns 
111723     INFO  main            d.u.i.k.p.r.p.TestFile    ... finished proof: closed. 
112028     INFO  main            d.u.i.k.p.i.AbstractProblemLoader Loading environment from /home/runner/work/key/key/key.core/../key.ui/examples/standard_key/java_dl/deepNonNull/deepNonNull0.key.proof 
112028     DEBUG main            d.u.i.k.p.i.AbstractProblemLoader Environment load took 125.5ns 
112029     INFO  main            d.u.i.k.p.i.AbstractProblemLoader Creating init config 
114451     DEBUG main            d.u.i.k.p.i.AbstractProblemLoader Init config took 2.42s 
114488     INFO  main            d.u.i.k.p.i.AbstractProblemLoader Replaying proof Arrays[Arrays::get()].JML operation contract.0 
114517     DEBUG main            d.u.i.k.p.i.IntermediateProofReplayer Proof replay took 26.17ms 
114518     DEBUG main            d.u.i.k.p.r.p.TestFile    ... success: reloaded. 
114518     INFO  main            d.u.i.k.p.r.p.TestFile    Now processing file /home/runner/work/key/key/key.core/../key.ui/examples/standard_key/java_dl/deepNonNull/deepNonNull1.key 
114519     INFO  main            d.u.i.k.p.i.AbstractProblemLoader Loading environment from /home/runner/work/key/key/key.core/../key.ui/examples/standard_key/java_dl/deepNonNull/deepNonNull1.key 
114519     DEBUG main            d.u.i.k.p.i.AbstractProblemLoader Environment load took 78ns 
114520     INFO  main            d.u.i.k.p.i.AbstractProblemLoader Creating init config 
116958     DEBUG main            d.u.i.k.p.i.AbstractProblemLoader Init config took 2.44s 
116996     INFO  main            d.u.i.k.p.i.AbstractProblemLoader Replaying proof Arrays[Arrays::head()].JML operation contract.0 
116997     DEBUG main            d.u.i.k.p.i.IntermediateProofReplayer Proof replay took 7ns 
117201     INFO  main            d.u.i.k.p.r.p.TestFile    ... finished proof: closed. 
117533     INFO  main            d.u.i.k.p.i.AbstractProblemLoader Loading environment from /home/runner/work/key/key/key.core/../key.ui/examples/standard_key/java_dl/deepNonNull/deepNonNull1.key.proof 
117533     DEBUG main            d.u.i.k.p.i.AbstractProblemLoader Environment load took 118.7ns 
117539     INFO  main            d.u.i.k.p.i.AbstractProblemLoader Creating init config 
119935     DEBUG main            d.u.i.k.p.i.AbstractProblemLoader Init config took 2.4s 
119972     INFO  main            d.u.i.k.p.i.AbstractProblemLoader Replaying proof Arrays[Arrays::head()].JML operation contract.0 
119996     DEBUG main            d.u.i.k.p.i.IntermediateProofReplayer Proof replay took 21.93ms 
119997     DEBUG main            d.u.i.k.p.r.p.TestFile    ... success: reloaded. 
119998     INFO  main            d.u.i.k.p.r.p.TestFile    Now processing file /home/runner/work/key/key/key.core/../key.ui/examples/standard_key/java_dl/deepNonNull/deepNonNull2.key 
119998     INFO  main            d.u.i.k.p.i.AbstractProblemLoader Loading environment from /home/runner/work/key/key/key.core/../key.ui/examples/standard_key/java_dl/deepNonNull/deepNonNull2.key 
119998     DEBUG main            d.u.i.k.p.i.AbstractProblemLoader Environment load took 87.7ns 
119999     INFO  main            d.u.i.k.p.i.AbstractProblemLoader Creating init config 
122435     DEBUG main            d.u.i.k.p.i.AbstractProblemLoader Init config took 2.44s 
122471     INFO  main            d.u.i.k.p.i.AbstractProblemLoader Replaying proof Arrays[Arrays::unprovable(java.lang.Object)].JML operation contract.0 
122472     DEBUG main            d.u.i.k.p.i.IntermediateProofReplayer Proof replay took 8.1ns 
122580     INFO  main            d.u.i.k.p.r.p.TestFile    ... finished proof: open goal(s) 
122851     INFO  main            d.u.i.k.p.r.p.TestFile    Now processing file /home/runner/work/key/key/key.core/../key.ui/examples/standard_key/java_dl/deepNonNull/deepNonNull3.key 
122851     INFO  main            d.u.i.k.p.i.AbstractProblemLoader Loading environment from /home/runner/work/key/key/key.core/../key.ui/examples/standard_key/java_dl/deepNonNull/deepNonNull3.key 
122852     DEBUG main            d.u.i.k.p.i.AbstractProblemLoader Environment load took 60.7ns 
122852     INFO  main            d.u.i.k.p.i.AbstractProblemLoader Creating init config 
125265     DEBUG main            d.u.i.k.p.i.AbstractProblemLoader Init config took 2.41s 
125302     INFO  main            d.u.i.k.p.i.AbstractProblemLoader Replaying proof Arrays[Arrays::head([[[[Ljava.lang.Object)].JML operation contract.0 
125303     DEBUG main            d.u.i.k.p.i.IntermediateProofReplayer Proof replay took 7.8ns 
126215     INFO  main            d.u.i.k.p.r.p.TestFile    ... finished proof: closed. 
126498     INFO  main            d.u.i.k.p.i.AbstractProblemLoader Loading environment from /home/runner/work/key/key/key.core/../key.ui/examples/standard_key/java_dl/deepNonNull/deepNonNull3.key.proof 
126500     DEBUG main            d.u.i.k.p.i.AbstractProblemLoader Environment load took 2.05ms 
126501     INFO  main            d.u.i.k.p.i.AbstractProblemLoader Creating init config 
128888     DEBUG main            d.u.i.k.p.i.AbstractProblemLoader Init config took 2.39s 
128926     INFO  main            d.u.i.k.p.i.AbstractProblemLoader Replaying proof Arrays[Arrays::head([[[[Ljava.lang.Object)].JML operation contract.0 
129032     DEBUG main            d.u.i.k.p.i.IntermediateProofReplayer Proof replay took 100.81ms 
129033     DEBUG main            d.u.i.k.p.r.p.TestFile    ... success: reloaded. 
129034     INFO  main            d.u.i.k.p.r.p.TestFile    Now processing file /home/runner/work/key/key/key.core/../key.ui/examples/standard_key/java_dl/exceptions.key 
129034     INFO  main            d.u.i.k.p.i.AbstractProblemLoader Loading environment from /home/runner/work/key/key/key.core/../key.ui/examples/standard_key/java_dl/exceptions.key 
129034     DEBUG main            d.u.i.k.p.i.AbstractProblemLoader Environment load took 265.6ns 
129035     INFO  main            d.u.i.k.p.i.AbstractProblemLoader Creating init config 
129057     WARN  main            d.u.i.k.j.r.KeYCrossReferenceNameInfo Datatype java.io.InputStream declared twice: Once in FILE:/home/runner/work/key/key/key.core/../key.ui/examples/standard_key/java_dl/classpath/InputStream.java and once in URL:file:/home/runner/work/key/key/key.core/build/resources/main/de/uka/ilkd/key/java/JavaRedux/java/io/InputStream.java, Keeping one from URL:file:/home/runner/work/key/key/key.core/build/resources/main/de/uka/ilkd/key/java/JavaRedux/java/io/InputStream.java 
129060     WARN  main            d.u.i.k.j.r.KeYCrossReferenceNameInfo Datatype java.lang.System declared twice: Once in FILE:/home/runner/work/key/key/key.core/../key.ui/examples/standard_key/java_dl/classpath/System.java and once in URL:file:/home/runner/work/key/key/key.core/build/resources/main/de/uka/ilkd/key/java/JavaRedux/java/lang/System.java, Keeping one from URL:file:/home/runner/work/key/key/key.core/build/resources/main/de/uka/ilkd/key/java/JavaRedux/java/lang/System.java 
129060     WARN  main            d.u.i.k.j.r.KeYCrossReferenceNameInfo Datatype java.io.PrintStream declared twice: Once in FILE:/home/runner/work/key/key/key.core/../key.ui/examples/standard_key/java_dl/classpath/PrintStream.java and once in URL:file:/home/runner/work/key/key/key.core/build/resources/main/de/uka/ilkd/key/java/JavaRedux/java/io/PrintStream.java, Keeping one from URL:file:/home/runner/work/key/key/key.core/build/resources/main/de/uka/ilkd/key/java/JavaRedux/java/io/PrintStream.java 
129063     DEBUG main            d.u.i.k.j.r.ClassFileDeclarationBuilder Parsing: package java.io; public class Closeable { } 
129064     DEBUG main            r.s.KeYCrossReferenceSourceInfo Dynamically created class: java.io.Closeable 
131466     DEBUG main            d.u.i.k.p.i.AbstractProblemLoader Init config took 2.43s 
131481     INFO  main            d.u.i.k.p.i.AbstractProblemLoader Replaying proof exceptions.key 
131483     DEBUG main            d.u.i.k.p.i.IntermediateProofReplayer Proof replay took 8.1ns 
131688     INFO  main            d.u.i.k.p.r.p.TestFile    ... finished proof: closed. 
131967     INFO  main            d.u.i.k.p.i.AbstractProblemLoader Loading environment from /home/runner/work/key/key/key.core/../key.ui/examples/standard_key/java_dl/exceptions.key.proof 
131967     DEBUG main            d.u.i.k.p.i.AbstractProblemLoader Environment load took 109.6ns 
131968     INFO  main            d.u.i.k.p.i.AbstractProblemLoader Creating init config 
132009     WARN  main            d.u.i.k.j.r.KeYCrossReferenceNameInfo Datatype java.io.InputStream declared twice: Once in FILE:/home/runner/work/key/key/key.core/../key.ui/examples/standard_key/java_dl/classpath/InputStream.java and once in URL:file:/home/runner/work/key/key/key.core/build/resources/main/de/uka/ilkd/key/java/JavaRedux/java/io/InputStream.java, Keeping one from URL:file:/home/runner/work/key/key/key.core/build/resources/main/de/uka/ilkd/key/java/JavaRedux/java/io/InputStream.java 
132010     WARN  main            d.u.i.k.j.r.KeYCrossReferenceNameInfo Datatype java.lang.System declared twice: Once in FILE:/home/runner/work/key/key/key.core/../key.ui/examples/standard_key/java_dl/classpath/System.java and once in URL:file:/home/runner/work/key/key/key.core/build/resources/main/de/uka/ilkd/key/java/JavaRedux/java/lang/System.java, Keeping one from URL:file:/home/runner/work/key/key/key.core/build/resources/main/de/uka/ilkd/key/java/JavaRedux/java/lang/System.java 
132010     WARN  main            d.u.i.k.j.r.KeYCrossReferenceNameInfo Datatype java.io.PrintStream declared twice: Once in FILE:/home/runner/work/key/key/key.core/../key.ui/examples/standard_key/java_dl/classpath/PrintStream.java and once in URL:file:/home/runner/work/key/key/key.core/build/resources/main/de/uka/ilkd/key/java/JavaRedux/java/io/PrintStream.java, Keeping one from URL:file:/home/runner/work/key/key/key.core/build/resources/main/de/uka/ilkd/key/java/JavaRedux/java/io/PrintStream.java 
132013     DEBUG main            d.u.i.k.j.r.ClassFileDeclarationBuilder Parsing: package java.io; public class Closeable { } 
132013     DEBUG main            r.s.KeYCrossReferenceSourceInfo Dynamically created class: java.io.Closeable 
134346     DEBUG main            d.u.i.k.p.i.AbstractProblemLoader Init config took 2.38s 
134362     INFO  main            d.u.i.k.p.i.AbstractProblemLoader Replaying proof exceptions.key.proof 
134407     DEBUG main            d.u.i.k.p.i.IntermediateProofReplayer Proof replay took 43.39ms 
134409     DEBUG main            d.u.i.k.p.r.p.TestFile    ... success: reloaded. 
134410     INFO  main            d.u.i.k.p.r.p.TestFile    Now processing file /home/runner/work/key/key/key.core/../key.ui/examples/standard_key/java_dl/exceptions1.key 
134410     INFO  main            d.u.i.k.p.i.AbstractProblemLoader Loading environment from /home/runner/work/key/key/key.core/../key.ui/examples/standard_key/java_dl/exceptions1.key 
134410     DEBUG main            d.u.i.k.p.i.AbstractProblemLoader Environment load took 210.3ns 
134411     INFO  main            d.u.i.k.p.i.AbstractProblemLoader Creating init config 
136792     DEBUG main            d.u.i.k.p.i.AbstractProblemLoader Init config took 2.38s 
136808     INFO  main            d.u.i.k.p.i.AbstractProblemLoader Replaying proof exceptions1.key 
136810     DEBUG main            d.u.i.k.p.i.IntermediateProofReplayer Proof replay took 8.5ns 
137013     INFO  main            d.u.i.k.p.r.p.TestFile    ... finished proof: closed. 
137286     INFO  main            d.u.i.k.p.i.AbstractProblemLoader Loading environment from /home/runner/work/key/key/key.core/../key.ui/examples/standard_key/java_dl/exceptions1.key.proof 
137286     DEBUG main            d.u.i.k.p.i.AbstractProblemLoader Environment load took 106.3ns 
137288     INFO  main            d.u.i.k.p.i.AbstractProblemLoader Creating init config 
139598     DEBUG main            d.u.i.k.p.i.AbstractProblemLoader Init config took 2.31s 
139613     INFO  main            d.u.i.k.p.i.AbstractProblemLoader Replaying proof exceptions1.key.proof 
139646     DEBUG main            d.u.i.k.p.i.IntermediateProofReplayer Proof replay took 29.73ms 
139647     DEBUG main            d.u.i.k.p.r.p.TestFile    ... success: reloaded. 
139648     INFO  main            d.u.i.k.p.r.p.TestFile    Now processing file /home/runner/work/key/key/key.core/../key.ui/examples/standard_key/java_dl/exceptions2.key 
139648     INFO  main            d.u.i.k.p.i.AbstractProblemLoader Loading environment from /home/runner/work/key/key/key.core/../key.ui/examples/standard_key/java_dl/exceptions2.key 
139649     DEBUG main            d.u.i.k.p.i.AbstractProblemLoader Environment load took 86.5ns 
139649     INFO  main            d.u.i.k.p.i.AbstractProblemLoader Creating init config 
142043     DEBUG main            d.u.i.k.p.i.AbstractProblemLoader Init config took 2.39s 
142060     INFO  main            d.u.i.k.p.i.AbstractProblemLoader Replaying proof exceptions2.key 
142062     DEBUG main            d.u.i.k.p.i.IntermediateProofReplayer Proof replay took 7ns 
142164     INFO  main            d.u.i.k.p.r.p.TestFile    ... finished proof: closed. 
142464     INFO  main            d.u.i.k.p.i.AbstractProblemLoader Loading environment from /home/runner/work/key/key/key.core/../key.ui/examples/standard_key/java_dl/exceptions2.key.proof 
142464     DEBUG main            d.u.i.k.p.i.AbstractProblemLoader Environment load took 109.8ns 
142465     INFO  main            d.u.i.k.p.i.AbstractProblemLoader Creating init config 
144767     DEBUG main            d.u.i.k.p.i.AbstractProblemLoader Init config took 2.3s 
144784     INFO  main            d.u.i.k.p.i.AbstractProblemLoader Replaying proof exceptions2.key.proof 
144817     DEBUG main            d.u.i.k.p.i.IntermediateProofReplayer Proof replay took 30.1ms 
144822     DEBUG main            d.u.i.k.p.r.p.TestFile    ... success: reloaded. 
144823     INFO  main            d.u.i.k.p.r.p.TestFile    Now processing file /home/runner/work/key/key/key.core/../key.ui/examples/standard_key/java_dl/exceptions3.key 
144824     INFO  main            d.u.i.k.p.i.AbstractProblemLoader Loading environment from /home/runner/work/key/key/key.core/../key.ui/examples/standard_key/java_dl/exceptions3.key 
144824     DEBUG main            d.u.i.k.p.i.AbstractProblemLoader Environment load took 185ns 
144825     INFO  main            d.u.i.k.p.i.AbstractProblemLoader Creating init config 
144846     WARN  main            d.u.i.k.j.r.KeYCrossReferenceNameInfo Datatype java.io.InputStream declared twice: Once in FILE:/home/runner/work/key/key/key.core/../key.ui/examples/standard_key/java_dl/classpath/InputStream.java and once in URL:file:/home/runner/work/key/key/key.core/build/resources/main/de/uka/ilkd/key/java/JavaRedux/java/io/InputStream.java, Keeping one from URL:file:/home/runner/work/key/key/key.core/build/resources/main/de/uka/ilkd/key/java/JavaRedux/java/io/InputStream.java 
144847     WARN  main            d.u.i.k.j.r.KeYCrossReferenceNameInfo Datatype java.lang.System declared twice: Once in FILE:/home/runner/work/key/key/key.core/../key.ui/examples/standard_key/java_dl/classpath/System.java and once in URL:file:/home/runner/work/key/key/key.core/build/resources/main/de/uka/ilkd/key/java/JavaRedux/java/lang/System.java, Keeping one from URL:file:/home/runner/work/key/key/key.core/build/resources/main/de/uka/ilkd/key/java/JavaRedux/java/lang/System.java 
144847     WARN  main            d.u.i.k.j.r.KeYCrossReferenceNameInfo Datatype java.io.PrintStream declared twice: Once in FILE:/home/runner/work/key/key/key.core/../key.ui/examples/standard_key/java_dl/classpath/PrintStream.java and once in URL:file:/home/runner/work/key/key/key.core/build/resources/main/de/uka/ilkd/key/java/JavaRedux/java/io/PrintStream.java, Keeping one from URL:file:/home/runner/work/key/key/key.core/build/resources/main/de/uka/ilkd/key/java/JavaRedux/java/io/PrintStream.java 
144850     DEBUG main            d.u.i.k.j.r.ClassFileDeclarationBuilder Parsing: package java.io; public class Closeable { } 
144850     DEBUG main            r.s.KeYCrossReferenceSourceInfo Dynamically created class: java.io.Closeable 
147247     DEBUG main            d.u.i.k.p.i.AbstractProblemLoader Init config took 2.42s 
147263     INFO  main            d.u.i.k.p.i.AbstractProblemLoader Replaying proof exceptions3.key 
147265     DEBUG main            d.u.i.k.p.i.IntermediateProofReplayer Proof replay took 7.4ns 
147367     INFO  main            d.u.i.k.p.r.p.TestFile    ... finished proof: closed. 
147661     INFO  main            d.u.i.k.p.i.AbstractProblemLoader Loading environment from /home/runner/work/key/key/key.core/../key.ui/examples/standard_key/java_dl/exceptions3.key.proof 
147661     DEBUG main            d.u.i.k.p.i.AbstractProblemLoader Environment load took 105.5ns 
147663     INFO  main            d.u.i.k.p.i.AbstractProblemLoader Creating init config 
147684     WARN  main            d.u.i.k.j.r.KeYCrossReferenceNameInfo Datatype java.io.InputStream declared twice: Once in FILE:/home/runner/work/key/key/key.core/../key.ui/examples/standard_key/java_dl/classpath/InputStream.java and once in URL:file:/home/runner/work/key/key/key.core/build/resources/main/de/uka/ilkd/key/java/JavaRedux/java/io/InputStream.java, Keeping one from URL:file:/home/runner/work/key/key/key.core/build/resources/main/de/uka/ilkd/key/java/JavaRedux/java/io/InputStream.java 
147685     WARN  main            d.u.i.k.j.r.KeYCrossReferenceNameInfo Datatype java.lang.System declared twice: Once in FILE:/home/runner/work/key/key/key.core/../key.ui/examples/standard_key/java_dl/classpath/System.java and once in URL:file:/home/runner/work/key/key/key.core/build/resources/main/de/uka/ilkd/key/java/JavaRedux/java/lang/System.java, Keeping one from URL:file:/home/runner/work/key/key/key.core/build/resources/main/de/uka/ilkd/key/java/JavaRedux/java/lang/System.java 
147685     WARN  main            d.u.i.k.j.r.KeYCrossReferenceNameInfo Datatype java.io.PrintStream declared twice: Once in FILE:/home/runner/work/key/key/key.core/../key.ui/examples/standard_key/java_dl/classpath/PrintStream.java and once in URL:file:/home/runner/work/key/key/key.core/build/resources/main/de/uka/ilkd/key/java/JavaRedux/java/io/PrintStream.java, Keeping one from URL:file:/home/runner/work/key/key/key.core/build/resources/main/de/uka/ilkd/key/java/JavaRedux/java/io/PrintStream.java 
147688     DEBUG main            d.u.i.k.j.r.ClassFileDeclarationBuilder Parsing: package java.io; public class Closeable { } 
147689     DEBUG main            r.s.KeYCrossReferenceSourceInfo Dynamically created class: java.io.Closeable 
150026     DEBUG main            d.u.i.k.p.i.AbstractProblemLoader Init config took 2.36s 
150041     INFO  main            d.u.i.k.p.i.AbstractProblemLoader Replaying proof exceptions3.key.proof 
150047     DEBUG main            d.u.i.k.p.i.IntermediateProofReplayer Proof replay took 3.69ms 
150048     DEBUG main            d.u.i.k.p.r.p.TestFile    ... success: reloaded. 
150048     INFO  main            d.u.i.k.p.r.p.TestFile    Now processing file /home/runner/work/key/key/key.core/../key.ui/examples/standard_key/java_dl/exchange.key 
150049     INFO  main            d.u.i.k.p.i.AbstractProblemLoader Loading environment from /home/runner/work/key/key/key.core/../key.ui/examples/standard_key/java_dl/exchange.key 
150049     DEBUG main            d.u.i.k.p.i.AbstractProblemLoader Environment load took 62.5ns 
150050     INFO  main            d.u.i.k.p.i.AbstractProblemLoader Creating init config 
152431     DEBUG main            d.u.i.k.p.i.AbstractProblemLoader Init config took 2.38s 
152447     INFO  main            d.u.i.k.p.i.AbstractProblemLoader Replaying proof exchange.key 
152448     DEBUG main            d.u.i.k.p.i.IntermediateProofReplayer Proof replay took 8.3ns 
152551     INFO  main            d.u.i.k.p.r.p.TestFile    ... finished proof: closed. 
152857     INFO  main            d.u.i.k.p.i.AbstractProblemLoader Loading environment from /home/runner/work/key/key/key.core/../key.ui/examples/standard_key/java_dl/exchange.key.proof 
152857     DEBUG main            d.u.i.k.p.i.AbstractProblemLoader Environment load took 102.3ns 
152858     INFO  main            d.u.i.k.p.i.AbstractProblemLoader Creating init config 
155158     DEBUG main            d.u.i.k.p.i.AbstractProblemLoader Init config took 2.3s 
155192     INFO  main            d.u.i.k.p.i.AbstractProblemLoader Replaying proof exchange.key.proof 
155216     DEBUG main            d.u.i.k.p.i.IntermediateProofReplayer Proof replay took 5.03ms 
155217     DEBUG main            d.u.i.k.p.r.p.TestFile    ... success: reloaded. 
155218     INFO  main            d.u.i.k.p.r.p.TestFile    Now processing file /home/runner/work/key/key/key.core/../key.ui/examples/standard_key/java_dl/if.key 
155218     INFO  main            d.u.i.k.p.i.AbstractProblemLoader Loading environment from /home/runner/work/key/key/key.core/../key.ui/examples/standard_key/java_dl/if.key 
155218     DEBUG main            d.u.i.k.p.i.AbstractProblemLoader Environment load took 178.4ns 
155219     INFO  main            d.u.i.k.p.i.AbstractProblemLoader Creating init config 
157601     DEBUG main            d.u.i.k.p.i.AbstractProblemLoader Init config took 2.38s 
157616     INFO  main            d.u.i.k.p.i.AbstractProblemLoader Replaying proof if.key 
157617     DEBUG main            d.u.i.k.p.i.IntermediateProofReplayer Proof replay took 7.7ns 
157720     INFO  main            d.u.i.k.p.r.p.TestFile    ... finished proof: closed. 
158021     INFO  main            d.u.i.k.p.i.AbstractProblemLoader Loading environment from /home/runner/work/key/key/key.core/../key.ui/examples/standard_key/java_dl/if.key.proof 
158021     DEBUG main            d.u.i.k.p.i.AbstractProblemLoader Environment load took 108ns 
158022     INFO  main            d.u.i.k.p.i.AbstractProblemLoader Creating init config 
160314     DEBUG main            d.u.i.k.p.i.AbstractProblemLoader Init config took 2.29s 
160329     INFO  main            d.u.i.k.p.i.AbstractProblemLoader Replaying proof if.key.proof 
160333     DEBUG main            d.u.i.k.p.i.IntermediateProofReplayer Proof replay took 2.71ms 
160334     DEBUG main            d.u.i.k.p.r.p.TestFile    ... success: reloaded. 
160334     INFO  main            d.u.i.k.p.r.p.TestFile    Now processing file /home/runner/work/key/key/key.core/../key.ui/examples/standard_key/java_dl/incrementcounter.key 
160335     INFO  main            d.u.i.k.p.i.AbstractProblemLoader Loading environment from /home/runner/work/key/key/key.core/../key.ui/examples/standard_key/java_dl/incrementcounter.key 
160335     DEBUG main            d.u.i.k.p.i.AbstractProblemLoader Environment load took 78.1ns 
160336     INFO  main            d.u.i.k.p.i.AbstractProblemLoader Creating init config 
162681     DEBUG main            d.u.i.k.p.i.AbstractProblemLoader Init config took 2.35s 
162696     INFO  main            d.u.i.k.p.i.AbstractProblemLoader Replaying proof incrementcounter.key 
162697     DEBUG main            d.u.i.k.p.i.IntermediateProofReplayer Proof replay took 8.1ns 
162800     INFO  main            d.u.i.k.p.r.p.TestFile    ... finished proof: closed. 
163111     INFO  main            d.u.i.k.p.i.AbstractProblemLoader Loading environment from /home/runner/work/key/key/key.core/../key.ui/examples/standard_key/java_dl/incrementcounter.key.proof 
163111     DEBUG main            d.u.i.k.p.i.AbstractProblemLoader Environment load took 98.2ns 
163112     INFO  main            d.u.i.k.p.i.AbstractProblemLoader Creating init config 
165407     DEBUG main            d.u.i.k.p.i.AbstractProblemLoader Init config took 2.3s 
165422     INFO  main            d.u.i.k.p.i.AbstractProblemLoader Replaying proof incrementcounter.key.proof 
165426     DEBUG main            d.u.i.k.p.i.IntermediateProofReplayer Proof replay took 1.76ms 
165426     DEBUG main            d.u.i.k.p.r.p.TestFile    ... success: reloaded. 
165427     INFO  main            d.u.i.k.p.r.p.TestFile    Now processing file /home/runner/work/key/key/key.core/../key.ui/examples/standard_key/java_dl/danglingElse.key 
165427     INFO  main            d.u.i.k.p.i.AbstractProblemLoader Loading environment from /home/runner/work/key/key/key.core/../key.ui/examples/standard_key/java_dl/danglingElse.key 
165427     DEBUG main            d.u.i.k.p.i.AbstractProblemLoader Environment load took 47.5ns 
165428     INFO  main            d.u.i.k.p.i.AbstractProblemLoader Creating init config 
167790     DEBUG main            d.u.i.k.p.i.AbstractProblemLoader Init config took 2.36s 
167805     INFO  main            d.u.i.k.p.i.AbstractProblemLoader Replaying proof danglingElse.key 
167807     DEBUG main            d.u.i.k.p.i.IntermediateProofReplayer Proof replay took 7.5ns 
167912     INFO  main            d.u.i.k.p.r.p.TestFile    ... finished proof: open goal(s) 
168232     INFO  main            d.u.i.k.p.r.p.TestFile    Now processing file /home/runner/work/key/key/key.core/../key.ui/examples/standard_key/java_dl/iteratedAssignment.key 
168232     INFO  main            d.u.i.k.p.i.AbstractProblemLoader Loading environment from /home/runner/work/key/key/key.core/../key.ui/examples/standard_key/java_dl/iteratedAssignment.key 
168232     DEBUG main            d.u.i.k.p.i.AbstractProblemLoader Environment load took 56.4ns 
168234     INFO  main            d.u.i.k.p.i.AbstractProblemLoader Creating init config 
170540     DEBUG main            d.u.i.k.p.i.AbstractProblemLoader Init config took 2.31s 
170556     INFO  main            d.u.i.k.p.i.AbstractProblemLoader Replaying proof iteratedAssignment.key 
170564     DEBUG main            d.u.i.k.p.i.IntermediateProofReplayer Proof replay took 7.7ns 
170867     INFO  main            d.u.i.k.p.r.p.TestFile    ... finished proof: closed. 
171196     INFO  main            d.u.i.k.p.i.AbstractProblemLoader Loading environment from /home/runner/work/key/key/key.core/../key.ui/examples/standard_key/java_dl/iteratedAssignment.key.proof 
171196     DEBUG main            d.u.i.k.p.i.AbstractProblemLoader Environment load took 99ns 
171197     INFO  main            d.u.i.k.p.i.AbstractProblemLoader Creating init config 
173493     DEBUG main            d.u.i.k.p.i.AbstractProblemLoader Init config took 2.3s 
173509     INFO  main            d.u.i.k.p.i.AbstractProblemLoader Replaying proof iteratedAssignment.key.proof 
173572     DEBUG main            d.u.i.k.p.i.IntermediateProofReplayer Proof replay took 58.59ms 
173573     DEBUG main            d.u.i.k.p.r.p.TestFile    ... success: reloaded. 
173574     INFO  main            d.u.i.k.p.r.p.TestFile    Now processing file /home/runner/work/key/key/key.core/../key.ui/examples/standard_key/java_dl/assert/assert1.key 
173574     INFO  main            d.u.i.k.p.i.AbstractProblemLoader Loading environment from /home/runner/work/key/key/key.core/../key.ui/examples/standard_key/java_dl/assert/assert1.key 
173574     DEBUG main            d.u.i.k.p.i.AbstractProblemLoader Environment load took 83.5ns 
173575     INFO  main            d.u.i.k.p.i.AbstractProblemLoader Creating init config 
175941     DEBUG main            d.u.i.k.p.i.AbstractProblemLoader Init config took 2.37s 
175974     INFO  main            d.u.i.k.p.i.AbstractProblemLoader Replaying proof C[C::foo()].JML normal_behavior operation contract.0 
175976     DEBUG main            d.u.i.k.p.i.IntermediateProofReplayer Proof replay took 7.3ns 
176203     INFO  main            d.u.i.k.p.r.p.TestFile    ... finished proof: open goal(s) 
176533     INFO  main            d.u.i.k.p.r.p.TestFile    Now processing file /home/runner/work/key/key/key.core/../key.ui/examples/standard_key/java_dl/assert/assert2.key 
176534     INFO  main            d.u.i.k.p.i.AbstractProblemLoader Loading environment from /home/runner/work/key/key/key.core/../key.ui/examples/standard_key/java_dl/assert/assert2.key 
176534     DEBUG main            d.u.i.k.p.i.AbstractProblemLoader Environment load took 53.3ns 
176535     INFO  main            d.u.i.k.p.i.AbstractProblemLoader Creating init config 
178881     DEBUG main            d.u.i.k.p.i.AbstractProblemLoader Init config took 2.35s 
178915     INFO  main            d.u.i.k.p.i.AbstractProblemLoader Replaying proof C[C::bar()].JML exceptional_behavior operation contract.0 
178917     DEBUG main            d.u.i.k.p.i.IntermediateProofReplayer Proof replay took 7.7ns 
179119     INFO  main            d.u.i.k.p.r.p.TestFile    ... finished proof: closed. 
179443     INFO  main            d.u.i.k.p.i.AbstractProblemLoader Loading environment from /home/runner/work/key/key/key.core/../key.ui/examples/standard_key/java_dl/assert/assert2.key.proof 
179443     DEBUG main            d.u.i.k.p.i.AbstractProblemLoader Environment load took 93.6ns 
179444     INFO  main            d.u.i.k.p.i.AbstractProblemLoader Creating init config 
181788     DEBUG main            d.u.i.k.p.i.AbstractProblemLoader Init config took 2.34s 
181823     INFO  main            d.u.i.k.p.i.AbstractProblemLoader Replaying proof C[C::bar()].JML exceptional_behavior operation contract.0 
181876     DEBUG main            d.u.i.k.p.i.IntermediateProofReplayer Proof replay took 43.14ms 
181877     DEBUG main            d.u.i.k.p.r.p.TestFile    ... success: reloaded. 
181878     INFO  main            d.u.i.k.p.r.p.TestFile    Now processing file /home/runner/work/key/key/key.core/../key.ui/examples/standard_key/java_dl/assert/assert3.key 
181878     INFO  main            d.u.i.k.p.i.AbstractProblemLoader Loading environment from /home/runner/work/key/key/key.core/../key.ui/examples/standard_key/java_dl/assert/assert3.key 
181878     DEBUG main            d.u.i.k.p.i.AbstractProblemLoader Environment load took 199.5ns 
181879     INFO  main            d.u.i.k.p.i.AbstractProblemLoader Creating init config 
184250     DEBUG main            d.u.i.k.p.i.AbstractProblemLoader Init config took 2.37s 
184302     INFO  main            d.u.i.k.p.i.AbstractProblemLoader Replaying proof C[C::foo()].JML normal_behavior operation contract.0 
184304     DEBUG main            d.u.i.k.p.i.IntermediateProofReplayer Proof replay took 7.4ns 
184408     INFO  main            d.u.i.k.p.r.p.TestFile    ... finished proof: open goal(s) 
184745     INFO  main            d.u.i.k.p.r.p.TestFile    Now processing file /home/runner/work/key/key/key.core/../key.ui/examples/standard_key/java_dl/java5/vararg.key 
184745     INFO  main            d.u.i.k.p.i.AbstractProblemLoader Loading environment from /home/runner/work/key/key/key.core/../key.ui/examples/standard_key/java_dl/java5/vararg.key 
184745     DEBUG main            d.u.i.k.p.i.AbstractProblemLoader Environment load took 96.7ns 
184747     INFO  main            d.u.i.k.p.i.AbstractProblemLoader Creating init config 
185600     DEBUG main            d.u.i.k.j.r.ClassPreparationMethodBuilder clPrepBuilder: Inner Class detected. Reject building class initialisation methods. 
187415     DEBUG main            d.u.i.k.p.i.AbstractProblemLoader Init config took 2.67s 
187440     INFO  main            d.u.i.k.p.i.AbstractProblemLoader Replaying proof vararg.key 
187442     DEBUG main            d.u.i.k.p.i.IntermediateProofReplayer Proof replay took 9.9ns 
187720     DEBUG Thread-101      d.u.i.k.j.d.VariableSpecification Program match. Variables have different dimension (template #v0 = #vi;, source var#17[] = new java.lang.Object[]{d1, d2};) 
187854     DEBUG Thread-101      d.u.i.k.j.d.VariableSpecification Program match. Variables have different dimension (template #v0 = #vi;, source var#24[] = new java.lang.Object[]{d1, d2};) 
187994     DEBUG Thread-101      d.u.i.k.j.d.VariableSpecification Program match. Variables have different dimension (template #v0 = #vi;, source var#33[] = new java.lang.Object[]{var_1};) 
187995     DEBUG Thread-101      d.u.i.k.j.d.VariableSpecification Program match. Variables have different dimension (template #v0 = #vi;, source var#33[] = new java.lang.Object[]{var_1};) 
188102     DEBUG Thread-101      d.u.i.k.j.d.VariableSpecification Program match. Variables have different dimension (template #v0 = #vi;, source var#39[] = new java.lang.Object[]{null, null};) 
188236     DEBUG Thread-101      d.u.i.k.j.d.VariableSpecification Program match. Variables have different dimension (template #v0 = #vi;, source var#46[] = new java.lang.Object[]{};) 
188649     INFO  main            d.u.i.k.p.r.p.TestFile    ... finished proof: closed. 
189069     INFO  main            d.u.i.k.p.i.AbstractProblemLoader Loading environment from /home/runner/work/key/key/key.core/../key.ui/examples/standard_key/java_dl/java5/vararg.key.proof 
189069     DEBUG main            d.u.i.k.p.i.AbstractProblemLoader Environment load took 110.8ns 
189071     INFO  main            d.u.i.k.p.i.AbstractProblemLoader Creating init config 
189887     DEBUG main            d.u.i.k.j.r.ClassPreparationMethodBuilder clPrepBuilder: Inner Class detected. Reject building class initialisation methods. 
191647     DEBUG main            d.u.i.k.p.i.AbstractProblemLoader Init config took 2.58s 
191672     INFO  main            d.u.i.k.p.i.AbstractProblemLoader Replaying proof vararg.key.proof 
191985     DEBUG main            d.u.i.k.p.i.IntermediateProofReplayer Proof replay took 300.55ms 
191986     DEBUG main            d.u.i.k.p.r.p.TestFile    ... success: reloaded. 
191987     INFO  main            d.u.i.k.p.r.p.TestFile    Now processing file /home/runner/work/key/key/key.core/../key.ui/examples/standard_key/java_dl/java5/for_Array.key 
191988     INFO  main            d.u.i.k.p.i.AbstractProblemLoader Loading environment from /home/runner/work/key/key/key.core/../key.ui/examples/standard_key/java_dl/java5/for_Array.key 
191988     DEBUG main            d.u.i.k.p.i.AbstractProblemLoader Environment load took 176.7ns 
191989     INFO  main            d.u.i.k.p.i.AbstractProblemLoader Creating init config 
192822     DEBUG main            d.u.i.k.j.r.ClassPreparationMethodBuilder clPrepBuilder: Inner Class detected. Reject building class initialisation methods. 
194606     DEBUG main            d.u.i.k.p.i.AbstractProblemLoader Init config took 2.62s 
194684     INFO  main            d.u.i.k.p.i.AbstractProblemLoader Replaying proof For[For::sum([I)].JML operation contract.0 
194686     DEBUG main            d.u.i.k.p.i.IntermediateProofReplayer Proof replay took 7.7ns 
195089     INFO  main            d.u.i.k.p.r.p.TestFile    ... finished proof: closed. 
195518     INFO  main            d.u.i.k.p.i.AbstractProblemLoader Loading environment from /home/runner/work/key/key/key.core/../key.ui/examples/standard_key/java_dl/java5/for_Array.key.proof 
195518     DEBUG main            d.u.i.k.p.i.AbstractProblemLoader Environment load took 130.9ns 
195519     INFO  main            d.u.i.k.p.i.AbstractProblemLoader Creating init config 
196315     DEBUG main            d.u.i.k.j.r.ClassPreparationMethodBuilder clPrepBuilder: Inner Class detected. Reject building class initialisation methods. 
198037     DEBUG main            d.u.i.k.p.i.AbstractProblemLoader Init config took 2.52s 
198091     INFO  main            d.u.i.k.p.i.AbstractProblemLoader Replaying proof For[For::sum([I)].JML operation contract.0 
198181     DEBUG main            d.u.i.k.p.i.IntermediateProofReplayer Proof replay took 86.33ms 
198182     DEBUG main            d.u.i.k.p.r.p.TestFile    ... success: reloaded. 
198184     INFO  main            d.u.i.k.p.r.p.TestFile    Now processing file /home/runner/work/key/key/key.core/../key.ui/examples/standard_key/java_dl/java5/for_Iterable.key 
198184     INFO  main            d.u.i.k.p.i.AbstractProblemLoader Loading environment from /home/runner/work/key/key/key.core/../key.ui/examples/standard_key/java_dl/java5/for_Iterable.key 
198184     DEBUG main            d.u.i.k.p.i.AbstractProblemLoader Environment load took 162.9ns 
198185     INFO  main            d.u.i.k.p.i.AbstractProblemLoader Creating init config 
199053     DEBUG main            d.u.i.k.j.r.ClassPreparationMethodBuilder clPrepBuilder: Inner Class detected. Reject building class initialisation methods. 
200778     DEBUG main            d.u.i.k.p.i.AbstractProblemLoader Init config took 2.59s 
200827     INFO  main            d.u.i.k.p.i.AbstractProblemLoader Replaying proof For[For::infiniteLoop(For)].JML operation contract.0 
200829     DEBUG main            d.u.i.k.p.i.IntermediateProofReplayer Proof replay took 7.1ns 
201031     INFO  main            d.u.i.k.p.r.p.TestFile    ... finished proof: closed. 
201417     INFO  main            d.u.i.k.p.i.AbstractProblemLoader Loading environment from /home/runner/work/key/key/key.core/../key.ui/examples/standard_key/java_dl/java5/for_Iterable.key.proof 
201418     DEBUG main            d.u.i.k.p.i.AbstractProblemLoader Environment load took 104.7ns 
201419     INFO  main            d.u.i.k.p.i.AbstractProblemLoader Creating init config 
202208     DEBUG main            d.u.i.k.j.r.ClassPreparationMethodBuilder clPrepBuilder: Inner Class detected. Reject building class initialisation methods. 
203898     DEBUG main            d.u.i.k.p.i.AbstractProblemLoader Init config took 2.48s 
203958     INFO  main            d.u.i.k.p.i.AbstractProblemLoader Replaying proof For[For::infiniteLoop(For)].JML operation contract.0 
204015     DEBUG main            d.u.i.k.p.i.IntermediateProofReplayer Proof replay took 53.79ms 
204015     DEBUG main            d.u.i.k.p.r.p.TestFile    ... success: reloaded. 
204018     INFO  main            d.u.i.k.p.r.p.TestFile    Now processing file /home/runner/work/key/key/key.core/../key.ui/examples/standard_key/java_dl/java5/for_ReferenceArray.key 
204018     INFO  main            d.u.i.k.p.i.AbstractProblemLoader Loading environment from /home/runner/work/key/key/key.core/../key.ui/examples/standard_key/java_dl/java5/for_ReferenceArray.key 
204018     DEBUG main            d.u.i.k.p.i.AbstractProblemLoader Environment load took 120.4ns 
204019     INFO  main            d.u.i.k.p.i.AbstractProblemLoader Creating init config 
204816     DEBUG main            d.u.i.k.j.r.ClassPreparationMethodBuilder clPrepBuilder: Inner Class detected. Reject building class initialisation methods. 
206553     DEBUG main            d.u.i.k.p.i.AbstractProblemLoader Init config took 2.53s 
206601     INFO  main            d.u.i.k.p.i.AbstractProblemLoader Replaying proof ForReferenceArray[ForReferenceArray::foo([Ljava.lang.Object)].JML operation contract.0 
206603     DEBUG main            d.u.i.k.p.i.IntermediateProofReplayer Proof replay took 7.4ns 
206808     INFO  main            d.u.i.k.p.r.p.TestFile    ... finished proof: closed. 
207183     INFO  main            d.u.i.k.p.i.AbstractProblemLoader Loading environment from /home/runner/work/key/key/key.core/../key.ui/examples/standard_key/java_dl/java5/for_ReferenceArray.key.proof 
207183     DEBUG main            d.u.i.k.p.i.AbstractProblemLoader Environment load took 136.2ns 
207185     INFO  main            d.u.i.k.p.i.AbstractProblemLoader Creating init config 
207986     DEBUG main            d.u.i.k.j.r.ClassPreparationMethodBuilder clPrepBuilder: Inner Class detected. Reject building class initialisation methods. 
209686     DEBUG main            d.u.i.k.p.i.AbstractProblemLoader Init config took 2.5s 
209747     INFO  main            d.u.i.k.p.i.AbstractProblemLoader Replaying proof ForReferenceArray[ForReferenceArray::foo([Ljava.lang.Object)].JML operation contract.0 
209802     DEBUG main            d.u.i.k.p.i.IntermediateProofReplayer Proof replay took 52.98ms 
209803     DEBUG main            d.u.i.k.p.r.p.TestFile    ... success: reloaded. 
209804     INFO  main            d.u.i.k.p.r.p.TestFile    Now processing file /home/runner/work/key/key/key.core/../key.ui/examples/standard_key/java_dl/jml-bigint/cast.key 
209805     INFO  main            d.u.i.k.p.i.AbstractProblemLoader Loading environment from /home/runner/work/key/key/key.core/../key.ui/examples/standard_key/java_dl/jml-bigint/cast.key 
209805     DEBUG main            d.u.i.k.p.i.AbstractProblemLoader Environment load took 108.7ns 
209806     INFO  main            d.u.i.k.p.i.AbstractProblemLoader Creating init config 
212233     DEBUG main            d.u.i.k.p.i.AbstractProblemLoader Init config took 2.43s 
212288     INFO  main            d.u.i.k.p.i.AbstractProblemLoader Replaying proof Mult[Mult::cast()].JML operation contract.0 
212291     DEBUG main            d.u.i.k.p.i.IntermediateProofReplayer Proof replay took 8ns 
212393     INFO  main            d.u.i.k.p.r.p.TestFile    ... finished proof: closed. 
212769     INFO  main            d.u.i.k.p.i.AbstractProblemLoader Loading environment from /home/runner/work/key/key/key.core/../key.ui/examples/standard_key/java_dl/jml-bigint/cast.key.proof 
212769     DEBUG main            d.u.i.k.p.i.AbstractProblemLoader Environment load took 123.3ns 
212770     INFO  main            d.u.i.k.p.i.AbstractProblemLoader Creating init config 
215166     DEBUG main            d.u.i.k.p.i.AbstractProblemLoader Init config took 2.4s 
215200     INFO  main            d.u.i.k.p.i.AbstractProblemLoader Replaying proof Mult[Mult::cast()].JML operation contract.0 
215213     DEBUG main            d.u.i.k.p.i.IntermediateProofReplayer Proof replay took 10.98ms 
215213     DEBUG main            d.u.i.k.p.r.p.TestFile    ... success: reloaded. 
215214     INFO  main            d.u.i.k.p.r.p.TestFile    Now processing file /home/runner/work/key/key/key.core/../key.ui/examples/standard_key/java_dl/jml-free/loopInvFree.key 
215215     INFO  main            d.u.i.k.p.i.AbstractProblemLoader Loading environment from /home/runner/work/key/key/key.core/../key.ui/examples/standard_key/java_dl/jml-free/loopInvFree.key 
215215     DEBUG main            d.u.i.k.p.i.AbstractProblemLoader Environment load took 81.7ns 
215215     INFO  main            d.u.i.k.p.i.AbstractProblemLoader Creating init config 
217615     DEBUG main            d.u.i.k.p.i.AbstractProblemLoader Init config took 2.4s 
217648     INFO  main            d.u.i.k.p.i.AbstractProblemLoader Replaying proof LoopInvFree[LoopInvFree::test()].JML operation contract.0 
217649     DEBUG main            d.u.i.k.p.i.IntermediateProofReplayer Proof replay took 8ns 
217851     INFO  main            d.u.i.k.p.r.p.TestFile    ... finished proof: closed. 
218238     INFO  main            d.u.i.k.p.i.AbstractProblemLoader Loading environment from /home/runner/work/key/key/key.core/../key.ui/examples/standard_key/java_dl/jml-free/loopInvFree.key.proof 
218238     DEBUG main            d.u.i.k.p.i.AbstractProblemLoader Environment load took 104.6ns 
218239     INFO  main            d.u.i.k.p.i.AbstractProblemLoader Creating init config 
220576     DEBUG main            d.u.i.k.p.i.AbstractProblemLoader Init config took 2.34s 
220609     INFO  main            d.u.i.k.p.i.AbstractProblemLoader Replaying proof LoopInvFree[LoopInvFree::test()].JML operation contract.0 
220647     DEBUG main            d.u.i.k.p.i.IntermediateProofReplayer Proof replay took 36.91ms 
220648     DEBUG main            d.u.i.k.p.r.p.TestFile    ... success: reloaded. 
220649     INFO  main            d.u.i.k.p.r.p.TestFile    Now processing file /home/runner/work/key/key/key.core/../key.ui/examples/standard_key/java_dl/jml-free/ensuresFree.key 
220649     INFO  main            d.u.i.k.p.i.AbstractProblemLoader Loading environment from /home/runner/work/key/key/key.core/../key.ui/examples/standard_key/java_dl/jml-free/ensuresFree.key 
220650     DEBUG main            d.u.i.k.p.i.AbstractProblemLoader Environment load took 81.1ns 
220650     INFO  main            d.u.i.k.p.i.AbstractProblemLoader Creating init config 
223035     DEBUG main            d.u.i.k.p.i.AbstractProblemLoader Init config took 2.38s 
223069     INFO  main            d.u.i.k.p.i.AbstractProblemLoader Replaying proof EnsuresFree[EnsuresFree::test()].JML operation contract.0 
223070     DEBUG main            d.u.i.k.p.i.IntermediateProofReplayer Proof replay took 8.2ns 
223172     INFO  main            d.u.i.k.p.r.p.TestFile    ... finished proof: closed. 
223566     INFO  main            d.u.i.k.p.i.AbstractProblemLoader Loading environment from /home/runner/work/key/key/key.core/../key.ui/examples/standard_key/java_dl/jml-free/ensuresFree.key.proof 
223566     DEBUG main            d.u.i.k.p.i.AbstractProblemLoader Environment load took 97.2ns 
223567     INFO  main            d.u.i.k.p.i.AbstractProblemLoader Creating init config 
225907     DEBUG main            d.u.i.k.p.i.AbstractProblemLoader Init config took 2.34s 
225940     INFO  main            d.u.i.k.p.i.AbstractProblemLoader Replaying proof EnsuresFree[EnsuresFree::test()].JML operation contract.0 
225958     DEBUG main            d.u.i.k.p.i.IntermediateProofReplayer Proof replay took 15.72ms 
225958     DEBUG main            d.u.i.k.p.r.p.TestFile    ... success: reloaded. 
225959     INFO  main            d.u.i.k.p.r.p.TestFile    Now processing file /home/runner/work/key/key/key.core/../key.ui/examples/standard_key/java_dl/jml-information-flow.key 
225960     INFO  main            d.u.i.k.p.i.AbstractProblemLoader Loading environment from /home/runner/work/key/key/key.core/../key.ui/examples/standard_key/java_dl/jml-information-flow.key 
225960     DEBUG main            d.u.i.k.p.i.AbstractProblemLoader Environment load took 83.3ns 
225967     INFO  main            d.u.i.k.p.i.AbstractProblemLoader Creating init config 
228537     DEBUG main            d.u.i.k.p.i.AbstractProblemLoader Init config took 2.57s 
228565     INFO  main            d.u.i.k.p.i.AbstractProblemLoader Replaying proof jml-information-flow.key 
228567     DEBUG main            d.u.i.k.p.i.IntermediateProofReplayer Proof replay took 7.8ns 
345876     INFO  main            d.u.i.k.p.r.p.TestFile    ... finished proof: closed. 
346450     INFO  main            d.u.i.k.p.i.AbstractProblemLoader Loading environment from /home/runner/work/key/key/key.core/../key.ui/examples/standard_key/java_dl/jml-information-flow.key.proof 
346451     DEBUG main            d.u.i.k.p.i.AbstractProblemLoader Environment load took 395.01ns 
346460     INFO  main            d.u.i.k.p.i.AbstractProblemLoader Creating init config 
348922     DEBUG main            d.u.i.k.p.i.AbstractProblemLoader Init config took 2.46s 
348942     INFO  main            d.u.i.k.p.i.AbstractProblemLoader Replaying proof jml-information-flow.key.proof 
352353     DEBUG main            d.u.i.k.p.i.IntermediateProofReplayer Proof replay took 3.3s 
352362     DEBUG main            d.u.i.k.p.r.p.TestFile    ... success: reloaded. 
352363     INFO  main            d.u.i.k.p.r.p.TestFile    Now processing file /home/runner/work/key/key/key.core/../key.ui/examples/standard_key/java_dl/jml-min/min-unprovable1.key 
352363     INFO  main            d.u.i.k.p.i.AbstractProblemLoader Loading environment from /home/runner/work/key/key/key.core/../key.ui/examples/standard_key/java_dl/jml-min/min-unprovable1.key 
352363     DEBUG main            d.u.i.k.p.i.AbstractProblemLoader Environment load took 71.8ns 
352364     INFO  main            d.u.i.k.p.i.AbstractProblemLoader Creating init config 
355071     DEBUG main            d.u.i.k.p.i.AbstractProblemLoader Init config took 2.71s 
355105     INFO  main            d.u.i.k.p.i.AbstractProblemLoader Replaying proof Min[Min::foo()].JML operation contract.0 
355106     DEBUG main            d.u.i.k.p.i.IntermediateProofReplayer Proof replay took 7.9ns 
355209     INFO  main            d.u.i.k.p.r.p.TestFile    ... finished proof: open goal(s) 
355613     INFO  main            d.u.i.k.p.r.p.TestFile    Now processing file /home/runner/work/key/key/key.core/../key.ui/examples/standard_key/java_dl/jml-min/min-unprovable2.key 
355614     INFO  main            d.u.i.k.p.i.AbstractProblemLoader Loading environment from /home/runner/work/key/key/key.core/../key.ui/examples/standard_key/java_dl/jml-min/min-unprovable2.key 
355614     DEBUG main            d.u.i.k.p.i.AbstractProblemLoader Environment load took 50.5ns 
355615     INFO  main            d.u.i.k.p.i.AbstractProblemLoader Creating init config 
357960     DEBUG main            d.u.i.k.p.i.AbstractProblemLoader Init config took 2.35s 
357992     INFO  main            d.u.i.k.p.i.AbstractProblemLoader Replaying proof Min[Min::foo2()].JML operation contract.0 
357993     DEBUG main            d.u.i.k.p.i.IntermediateProofReplayer Proof replay took 6.6ns 
358095     INFO  main            d.u.i.k.p.r.p.TestFile    ... finished proof: open goal(s) 
358498     INFO  main            d.u.i.k.p.r.p.TestFile    Now processing file /home/runner/work/key/key/key.core/../key.ui/examples/standard_key/java_dl/methodCall.key 
358498     INFO  main            d.u.i.k.p.i.AbstractProblemLoader Loading environment from /home/runner/work/key/key/key.core/../key.ui/examples/standard_key/java_dl/methodCall.key 
358498     DEBUG main            d.u.i.k.p.i.AbstractProblemLoader Environment load took 126.6ns 
358499     INFO  main            d.u.i.k.p.i.AbstractProblemLoader Creating init config 
360840     DEBUG main            d.u.i.k.p.i.AbstractProblemLoader Init config took 2.34s 
360855     INFO  main            d.u.i.k.p.i.AbstractProblemLoader Replaying proof methodCall.key 
360856     DEBUG main            d.u.i.k.p.i.IntermediateProofReplayer Proof replay took 6ns 
360958     INFO  main            d.u.i.k.p.r.p.TestFile    ... finished proof: closed. 
361353     INFO  main            d.u.i.k.p.i.AbstractProblemLoader Loading environment from /home/runner/work/key/key/key.core/../key.ui/examples/standard_key/java_dl/methodCall.key.proof 
361353     DEBUG main            d.u.i.k.p.i.AbstractProblemLoader Environment load took 104.5ns 
361354     INFO  main            d.u.i.k.p.i.AbstractProblemLoader Creating init config 
363704     DEBUG main            d.u.i.k.p.i.AbstractProblemLoader Init config took 2.35s 
363718     INFO  main            d.u.i.k.p.i.AbstractProblemLoader Replaying proof methodCall.key.proof 
363722     DEBUG main            d.u.i.k.p.i.IntermediateProofReplayer Proof replay took 1.79ms 
363723     DEBUG main            d.u.i.k.p.r.p.TestFile    ... success: reloaded. 
363723     INFO  main            d.u.i.k.p.r.p.TestFile    Now processing file /home/runner/work/key/key/key.core/../key.ui/examples/standard_key/java_dl/methodCall1.key 
363724     INFO  main            d.u.i.k.p.i.AbstractProblemLoader Loading environment from /home/runner/work/key/key/key.core/../key.ui/examples/standard_key/java_dl/methodCall1.key 
363724     DEBUG main            d.u.i.k.p.i.AbstractProblemLoader Environment load took 49.9ns 
363725     INFO  main            d.u.i.k.p.i.AbstractProblemLoader Creating init config 
366092     DEBUG main            d.u.i.k.p.i.AbstractProblemLoader Init config took 2.37s 
366107     INFO  main            d.u.i.k.p.i.AbstractProblemLoader Replaying proof methodCall1.key 
366108     DEBUG main            d.u.i.k.p.i.IntermediateProofReplayer Proof replay took 6.9ns 
366210     INFO  main            d.u.i.k.p.r.p.TestFile    ... finished proof: closed. 
366618     INFO  main            d.u.i.k.p.i.AbstractProblemLoader Loading environment from /home/runner/work/key/key/key.core/../key.ui/examples/standard_key/java_dl/methodCall1.key.proof 
366618     DEBUG main            d.u.i.k.p.i.AbstractProblemLoader Environment load took 100.6ns 
366619     INFO  main            d.u.i.k.p.i.AbstractProblemLoader Creating init config 
368978     DEBUG main            d.u.i.k.p.i.AbstractProblemLoader Init config took 2.36s 
368993     INFO  main            d.u.i.k.p.i.AbstractProblemLoader Replaying proof methodCall1.key.proof 
369008     DEBUG main            d.u.i.k.p.i.IntermediateProofReplayer Proof replay took 12.04ms 
369009     DEBUG main            d.u.i.k.p.r.p.TestFile    ... success: reloaded. 
369010     INFO  main            d.u.i.k.p.r.p.TestFile    Now processing file /home/runner/work/key/key/key.core/../key.ui/examples/standard_key/java_dl/methodCall1box.key 
369010     INFO  main            d.u.i.k.p.i.AbstractProblemLoader Loading environment from /home/runner/work/key/key/key.core/../key.ui/examples/standard_key/java_dl/methodCall1box.key 
369010     DEBUG main            d.u.i.k.p.i.AbstractProblemLoader Environment load took 183.8ns 
369011     INFO  main            d.u.i.k.p.i.AbstractProblemLoader Creating init config 
371369     DEBUG main            d.u.i.k.p.i.AbstractProblemLoader Init config took 2.36s 
371383     INFO  main            d.u.i.k.p.i.AbstractProblemLoader Replaying proof methodCall1box.key 
371385     DEBUG main            d.u.i.k.p.i.IntermediateProofReplayer Proof replay took 7.3ns 
371486     INFO  main            d.u.i.k.p.r.p.TestFile    ... finished proof: closed. 
371904     INFO  main            d.u.i.k.p.i.AbstractProblemLoader Loading environment from /home/runner/work/key/key/key.core/../key.ui/examples/standard_key/java_dl/methodCall1box.key.proof 
371904     DEBUG main            d.u.i.k.p.i.AbstractProblemLoader Environment load took 93.1ns 
371905     INFO  main            d.u.i.k.p.i.AbstractProblemLoader Creating init config 
374239     DEBUG main            d.u.i.k.p.i.AbstractProblemLoader Init config took 2.33s 
374254     INFO  main            d.u.i.k.p.i.AbstractProblemLoader Replaying proof methodCall1box.key.proof 
374267     DEBUG main            d.u.i.k.p.i.IntermediateProofReplayer Proof replay took 11.53ms 
374268     DEBUG main            d.u.i.k.p.r.p.TestFile    ... success: reloaded. 
374268     INFO  main            d.u.i.k.p.r.p.TestFile    Now processing file /home/runner/work/key/key/key.core/../key.ui/examples/standard_key/java_dl/methodCall3.key 
374268     INFO  main            d.u.i.k.p.i.AbstractProblemLoader Loading environment from /home/runner/work/key/key/key.core/../key.ui/examples/standard_key/java_dl/methodCall3.key 
374269     DEBUG main            d.u.i.k.p.i.AbstractProblemLoader Environment load took 43.2ns 
374269     INFO  main            d.u.i.k.p.i.AbstractProblemLoader Creating init config 
376625     DEBUG main            d.u.i.k.p.i.AbstractProblemLoader Init config took 2.36s 
376640     INFO  main            d.u.i.k.p.i.AbstractProblemLoader Replaying proof methodCall3.key 
376642     DEBUG main            d.u.i.k.p.i.IntermediateProofReplayer Proof replay took 5.9ns 
376744     INFO  main            d.u.i.k.p.r.p.TestFile    ... finished proof: closed. 
377180     INFO  main            d.u.i.k.p.i.AbstractProblemLoader Loading environment from /home/runner/work/key/key/key.core/../key.ui/examples/standard_key/java_dl/methodCall3.key.proof 
377181     DEBUG main            d.u.i.k.p.i.AbstractProblemLoader Environment load took 95.5ns 
377183     INFO  main            d.u.i.k.p.i.AbstractProblemLoader Creating init config 
379522     DEBUG main            d.u.i.k.p.i.AbstractProblemLoader Init config took 2.34s 
379536     INFO  main            d.u.i.k.p.i.AbstractProblemLoader Replaying proof methodCall3.key.proof 
379547     DEBUG main            d.u.i.k.p.i.IntermediateProofReplayer Proof replay took 8.41ms 
379548     DEBUG main            d.u.i.k.p.r.p.TestFile    ... success: reloaded. 
379549     INFO  main            d.u.i.k.p.r.p.TestFile    Now processing file /home/runner/work/key/key/key.core/../key.ui/examples/standard_key/java_dl/polishFlagSort.key 
379550     INFO  main            d.u.i.k.p.i.AbstractProblemLoader Loading environment from /home/runner/work/key/key/key.core/../key.ui/examples/standard_key/java_dl/polishFlagSort.key 
379551     DEBUG main            d.u.i.k.p.i.AbstractProblemLoader Environment load took 117.1ns 
379552     INFO  main            d.u.i.k.p.i.AbstractProblemLoader Creating init config 
381958     DEBUG main            d.u.i.k.p.i.AbstractProblemLoader Init config took 2.41s 
381973     INFO  main            d.u.i.k.p.i.AbstractProblemLoader Replaying proof polishFlagSort.key 
381975     DEBUG main            d.u.i.k.p.i.IntermediateProofReplayer Proof replay took 6.7ns 
384083     INFO  main            d.u.i.k.p.r.p.TestFile    ... finished proof: closed. 
384557     INFO  main            d.u.i.k.p.i.AbstractProblemLoader Loading environment from /home/runner/work/key/key/key.core/../key.ui/examples/standard_key/java_dl/polishFlagSort.key.proof 
384557     DEBUG main            d.u.i.k.p.i.AbstractProblemLoader Environment load took 359.21ns 
384559     INFO  main            d.u.i.k.p.i.AbstractProblemLoader Creating init config 
386919     DEBUG main            d.u.i.k.p.i.AbstractProblemLoader Init config took 2.36s 
386935     INFO  main            d.u.i.k.p.i.AbstractProblemLoader Replaying proof polishFlagSort.key.proof 
387269     DEBUG main            d.u.i.k.p.i.IntermediateProofReplayer Proof replay took 323.16ms 
387271     DEBUG main            d.u.i.k.p.r.p.TestFile    ... success: reloaded. 
387272     INFO  main            d.u.i.k.p.r.p.TestFile    Now processing file /home/runner/work/key/key/key.core/../key.ui/examples/standard_key/java_dl/postConditionTaclets1.key 
387273     INFO  main            d.u.i.k.p.i.AbstractProblemLoader Loading environment from /home/runner/work/key/key/key.core/../key.ui/examples/standard_key/java_dl/postConditionTaclets1.key 
387273     DEBUG main            d.u.i.k.p.i.AbstractProblemLoader Environment load took 174.3ns 
387274     INFO  main            d.u.i.k.p.i.AbstractProblemLoader Creating init config 
389598     DEBUG main            d.u.i.k.p.i.AbstractProblemLoader Init config took 2.32s 
389613     INFO  main            d.u.i.k.p.i.AbstractProblemLoader Replaying proof postConditionTaclets1.key 
389614     DEBUG main            d.u.i.k.p.i.IntermediateProofReplayer Proof replay took 6.8ns 
389716     INFO  main            d.u.i.k.p.r.p.TestFile    ... finished proof: closed. 
390189     INFO  main            d.u.i.k.p.i.AbstractProblemLoader Loading environment from /home/runner/work/key/key/key.core/../key.ui/examples/standard_key/java_dl/postConditionTaclets1.key.proof 
390189     DEBUG main            d.u.i.k.p.i.AbstractProblemLoader Environment load took 91.8ns 
390190     INFO  main            d.u.i.k.p.i.AbstractProblemLoader Creating init config 
392479     DEBUG main            d.u.i.k.p.i.AbstractProblemLoader Init config took 2.29s 
392495     INFO  main            d.u.i.k.p.i.AbstractProblemLoader Replaying proof postConditionTaclets1.key.proof 
392498     DEBUG main            d.u.i.k.p.i.IntermediateProofReplayer Proof replay took 423.81ns 
392499     DEBUG main            d.u.i.k.p.r.p.TestFile    ... success: reloaded. 
392499     INFO  main            d.u.i.k.p.r.p.TestFile    Now processing file /home/runner/work/key/key/key.core/../key.ui/examples/standard_key/java_dl/postConditionTaclets2.key 
392500     INFO  main            d.u.i.k.p.i.AbstractProblemLoader Loading environment from /home/runner/work/key/key/key.core/../key.ui/examples/standard_key/java_dl/postConditionTaclets2.key 
392500     DEBUG main            d.u.i.k.p.i.AbstractProblemLoader Environment load took 511.51ns 
392501     INFO  main            d.u.i.k.p.i.AbstractProblemLoader Creating init config 
394844     DEBUG main            d.u.i.k.p.i.AbstractProblemLoader Init config took 2.34s 
394858     INFO  main            d.u.i.k.p.i.AbstractProblemLoader Replaying proof postConditionTaclets2.key 
394859     DEBUG main            d.u.i.k.p.i.IntermediateProofReplayer Proof replay took 8.3ns 
394961     INFO  main            d.u.i.k.p.r.p.TestFile    ... finished proof: closed. 
395402     INFO  main            d.u.i.k.p.i.AbstractProblemLoader Loading environment from /home/runner/work/key/key/key.core/../key.ui/examples/standard_key/java_dl/postConditionTaclets2.key.proof 
395402     DEBUG main            d.u.i.k.p.i.AbstractProblemLoader Environment load took 88.4ns 
395403     INFO  main            d.u.i.k.p.i.AbstractProblemLoader Creating init config 
397686     DEBUG main            d.u.i.k.p.i.AbstractProblemLoader Init config took 2.28s 
397701     INFO  main            d.u.i.k.p.i.AbstractProblemLoader Replaying proof postConditionTaclets2.key.proof 
397703     DEBUG main            d.u.i.k.p.i.IntermediateProofReplayer Proof replay took 599.51ns 
397704     DEBUG main            d.u.i.k.p.r.p.TestFile    ... success: reloaded. 
397704     INFO  main            d.u.i.k.p.r.p.TestFile    Now processing file /home/runner/work/key/key/key.core/../key.ui/examples/standard_key/java_dl/quantifiedQuery.key 
397704     INFO  main            d.u.i.k.p.i.AbstractProblemLoader Loading environment from /home/runner/work/key/key/key.core/../key.ui/examples/standard_key/java_dl/quantifiedQuery.key 
397705     DEBUG main            d.u.i.k.p.i.AbstractProblemLoader Environment load took 44.1ns 
397706     INFO  main            d.u.i.k.p.i.AbstractProblemLoader Creating init config 
400092     DEBUG main            d.u.i.k.p.i.AbstractProblemLoader Init config took 2.39s 
400107     INFO  main            d.u.i.k.p.i.AbstractProblemLoader Replaying proof quantifiedQuery.key 
400109     DEBUG main            d.u.i.k.p.i.IntermediateProofReplayer Proof replay took 7.6ns 
400211     INFO  main            d.u.i.k.p.r.p.TestFile    ... finished proof: closed. 
400660     INFO  main            d.u.i.k.p.i.AbstractProblemLoader Loading environment from /home/runner/work/key/key/key.core/../key.ui/examples/standard_key/java_dl/quantifiedQuery.key.proof 
400660     DEBUG main            d.u.i.k.p.i.AbstractProblemLoader Environment load took 94.8ns 
400661     INFO  main            d.u.i.k.p.i.AbstractProblemLoader Creating init config 
403008     DEBUG main            d.u.i.k.p.i.AbstractProblemLoader Init config took 2.35s 
403023     INFO  main            d.u.i.k.p.i.AbstractProblemLoader Replaying proof quantifiedQuery.key.proof 
403034     DEBUG main            d.u.i.k.p.i.IntermediateProofReplayer Proof replay took 9.33ms 
403035     DEBUG main            d.u.i.k.p.r.p.TestFile    ... success: reloaded. 
403036     INFO  main            d.u.i.k.p.r.p.TestFile    Now processing file /home/runner/work/key/key/key.core/../key.ui/examples/standard_key/java_dl/recursion/triangular.key 
403036     INFO  main            d.u.i.k.p.i.AbstractProblemLoader Loading environment from /home/runner/work/key/key/key.core/../key.ui/examples/standard_key/java_dl/recursion/triangular.key 
403036     DEBUG main            d.u.i.k.p.i.AbstractProblemLoader Environment load took 68.9ns 
403037     INFO  main            d.u.i.k.p.i.AbstractProblemLoader Creating init config 
405402     DEBUG main            d.u.i.k.p.i.AbstractProblemLoader Init config took 2.37s 
405436     INFO  main            d.u.i.k.p.i.AbstractProblemLoader Replaying proof Triangular[Triangular::tria(int)].JML normal_behavior operation contract.0 
405437     DEBUG main            d.u.i.k.p.i.IntermediateProofReplayer Proof replay took 6.5ns 
405639     INFO  main            d.u.i.k.p.r.p.TestFile    ... finished proof: closed. 
406094     INFO  main            d.u.i.k.p.i.AbstractProblemLoader Loading environment from /home/runner/work/key/key/key.core/../key.ui/examples/standard_key/java_dl/recursion/triangular.key.proof 
406095     DEBUG main            d.u.i.k.p.i.AbstractProblemLoader Environment load took 95.1ns 
406095     INFO  main            d.u.i.k.p.i.AbstractProblemLoader Creating init config 
408415     DEBUG main            d.u.i.k.p.i.AbstractProblemLoader Init config took 2.32s 
408449     INFO  main            d.u.i.k.p.i.AbstractProblemLoader Replaying proof Triangular[Triangular::tria(int)].JML normal_behavior operation contract.0 
408481     DEBUG main            d.u.i.k.p.i.IntermediateProofReplayer Proof replay took 29.14ms 
408481     DEBUG main            d.u.i.k.p.r.p.TestFile    ... success: reloaded. 
408482     INFO  main            d.u.i.k.p.r.p.TestFile    Now processing file /home/runner/work/key/key/key.core/../key.ui/examples/standard_key/java_dl/reverseArray.key 
408482     INFO  main            d.u.i.k.p.i.AbstractProblemLoader Loading environment from /home/runner/work/key/key/key.core/../key.ui/examples/standard_key/java_dl/reverseArray.key 
408483     DEBUG main            d.u.i.k.p.i.AbstractProblemLoader Environment load took 148.8ns 
408485     INFO  main            d.u.i.k.p.i.AbstractProblemLoader Creating init config 
408506     WARN  main            d.u.i.k.j.r.KeYCrossReferenceNameInfo Datatype java.io.InputStream declared twice: Once in FILE:/home/runner/work/key/key/key.core/../key.ui/examples/standard_key/java_dl/./classpath/InputStream.java and once in URL:file:/home/runner/work/key/key/key.core/build/resources/main/de/uka/ilkd/key/java/JavaRedux/java/io/InputStream.java, Keeping one from URL:file:/home/runner/work/key/key/key.core/build/resources/main/de/uka/ilkd/key/java/JavaRedux/java/io/InputStream.java 
408506     WARN  main            d.u.i.k.j.r.KeYCrossReferenceNameInfo Datatype java.lang.System declared twice: Once in FILE:/home/runner/work/key/key/key.core/../key.ui/examples/standard_key/java_dl/./classpath/System.java and once in URL:file:/home/runner/work/key/key/key.core/build/resources/main/de/uka/ilkd/key/java/JavaRedux/java/lang/System.java, Keeping one from URL:file:/home/runner/work/key/key/key.core/build/resources/main/de/uka/ilkd/key/java/JavaRedux/java/lang/System.java 
408506     WARN  main            d.u.i.k.j.r.KeYCrossReferenceNameInfo Datatype java.io.PrintStream declared twice: Once in FILE:/home/runner/work/key/key/key.core/../key.ui/examples/standard_key/java_dl/./classpath/PrintStream.java and once in URL:file:/home/runner/work/key/key/key.core/build/resources/main/de/uka/ilkd/key/java/JavaRedux/java/io/PrintStream.java, Keeping one from URL:file:/home/runner/work/key/key/key.core/build/resources/main/de/uka/ilkd/key/java/JavaRedux/java/io/PrintStream.java 
408509     DEBUG main            d.u.i.k.j.r.ClassFileDeclarationBuilder Parsing: package java.io; public class Closeable { } 
408509     DEBUG main            r.s.KeYCrossReferenceSourceInfo Dynamically created class: java.io.Closeable 
410953     DEBUG main            d.u.i.k.p.i.AbstractProblemLoader Init config took 2.47s 
410969     INFO  main            d.u.i.k.p.i.AbstractProblemLoader Replaying proof reverseArray.key 
410970     DEBUG main            d.u.i.k.p.i.IntermediateProofReplayer Proof replay took 5.7ns 
415221     INFO  main            d.u.i.k.p.r.p.TestFile    ... finished proof: closed. 
415732     INFO  main            d.u.i.k.p.i.AbstractProblemLoader Loading environment from /home/runner/work/key/key/key.core/../key.ui/examples/standard_key/java_dl/reverseArray.key.proof 
415732     DEBUG main            d.u.i.k.p.i.AbstractProblemLoader Environment load took 104.7ns 
415736     INFO  main            d.u.i.k.p.i.AbstractProblemLoader Creating init config 
415764     WARN  main            d.u.i.k.j.r.KeYCrossReferenceNameInfo Datatype java.io.InputStream declared twice: Once in FILE:/home/runner/work/key/key/key.core/../key.ui/examples/standard_key/java_dl/classpath/InputStream.java and once in URL:file:/home/runner/work/key/key/key.core/build/resources/main/de/uka/ilkd/key/java/JavaRedux/java/io/InputStream.java, Keeping one from URL:file:/home/runner/work/key/key/key.core/build/resources/main/de/uka/ilkd/key/java/JavaRedux/java/io/InputStream.java 
415764     WARN  main            d.u.i.k.j.r.KeYCrossReferenceNameInfo Datatype java.lang.System declared twice: Once in FILE:/home/runner/work/key/key/key.core/../key.ui/examples/standard_key/java_dl/classpath/System.java and once in URL:file:/home/runner/work/key/key/key.core/build/resources/main/de/uka/ilkd/key/java/JavaRedux/java/lang/System.java, Keeping one from URL:file:/home/runner/work/key/key/key.core/build/resources/main/de/uka/ilkd/key/java/JavaRedux/java/lang/System.java 
415764     WARN  main            d.u.i.k.j.r.KeYCrossReferenceNameInfo Datatype java.io.PrintStream declared twice: Once in FILE:/home/runner/work/key/key/key.core/../key.ui/examples/standard_key/java_dl/classpath/PrintStream.java and once in URL:file:/home/runner/work/key/key/key.core/build/resources/main/de/uka/ilkd/key/java/JavaRedux/java/io/PrintStream.java, Keeping one from URL:file:/home/runner/work/key/key/key.core/build/resources/main/de/uka/ilkd/key/java/JavaRedux/java/io/PrintStream.java 
415767     DEBUG main            d.u.i.k.j.r.ClassFileDeclarationBuilder Parsing: package java.io; public class Closeable { } 
415767     DEBUG main            r.s.KeYCrossReferenceSourceInfo Dynamically created class: java.io.Closeable 
418134     DEBUG main            d.u.i.k.p.i.AbstractProblemLoader Init config took 2.4s 
418155     INFO  main            d.u.i.k.p.i.AbstractProblemLoader Replaying proof reverseArray.key.proof 
418804     DEBUG main            d.u.i.k.p.i.IntermediateProofReplayer Proof replay took 636.91ms 
418806     DEBUG main            d.u.i.k.p.r.p.TestFile    ... success: reloaded. 
418807     INFO  main            d.u.i.k.p.r.p.TestFile    Now processing file /home/runner/work/key/key/key.core/../key.ui/examples/standard_key/java_dl/reverseArray2.key 
418807     INFO  main            d.u.i.k.p.i.AbstractProblemLoader Loading environment from /home/runner/work/key/key/key.core/../key.ui/examples/standard_key/java_dl/reverseArray2.key 
418808     DEBUG main            d.u.i.k.p.i.AbstractProblemLoader Environment load took 151.7ns 
418810     INFO  main            d.u.i.k.p.i.AbstractProblemLoader Creating init config 
418829     WARN  main            d.u.i.k.j.r.KeYCrossReferenceNameInfo Datatype java.io.InputStream declared twice: Once in FILE:/home/runner/work/key/key/key.core/../key.ui/examples/standard_key/java_dl/classpath/InputStream.java and once in URL:file:/home/runner/work/key/key/key.core/build/resources/main/de/uka/ilkd/key/java/JavaRedux/java/io/InputStream.java, Keeping one from URL:file:/home/runner/work/key/key/key.core/build/resources/main/de/uka/ilkd/key/java/JavaRedux/java/io/InputStream.java 
418829     WARN  main            d.u.i.k.j.r.KeYCrossReferenceNameInfo Datatype java.lang.System declared twice: Once in FILE:/home/runner/work/key/key/key.core/../key.ui/examples/standard_key/java_dl/classpath/System.java and once in URL:file:/home/runner/work/key/key/key.core/build/resources/main/de/uka/ilkd/key/java/JavaRedux/java/lang/System.java, Keeping one from URL:file:/home/runner/work/key/key/key.core/build/resources/main/de/uka/ilkd/key/java/JavaRedux/java/lang/System.java 
418829     WARN  main            d.u.i.k.j.r.KeYCrossReferenceNameInfo Datatype java.io.PrintStream declared twice: Once in FILE:/home/runner/work/key/key/key.core/../key.ui/examples/standard_key/java_dl/classpath/PrintStream.java and once in URL:file:/home/runner/work/key/key/key.core/build/resources/main/de/uka/ilkd/key/java/JavaRedux/java/io/PrintStream.java, Keeping one from URL:file:/home/runner/work/key/key/key.core/build/resources/main/de/uka/ilkd/key/java/JavaRedux/java/io/PrintStream.java 
418832     DEBUG main            d.u.i.k.j.r.ClassFileDeclarationBuilder Parsing: package java.io; public class Closeable { } 
418832     DEBUG main            r.s.KeYCrossReferenceSourceInfo Dynamically created class: java.io.Closeable 
421387     DEBUG main            d.u.i.k.p.i.AbstractProblemLoader Init config took 2.58s 
421403     INFO  main            d.u.i.k.p.i.AbstractProblemLoader Replaying proof reverseArray2.key 
421404     DEBUG main            d.u.i.k.p.i.IntermediateProofReplayer Proof replay took 47.7ns 
422710     INFO  main            d.u.i.k.p.r.p.TestFile    ... finished proof: closed. 
423286     INFO  main            d.u.i.k.p.i.AbstractProblemLoader Loading environment from /home/runner/work/key/key/key.core/../key.ui/examples/standard_key/java_dl/reverseArray2.key.proof 
423286     DEBUG main            d.u.i.k.p.i.AbstractProblemLoader Environment load took 98.3ns 
423288     INFO  main            d.u.i.k.p.i.AbstractProblemLoader Creating init config 
423307     WARN  main            d.u.i.k.j.r.KeYCrossReferenceNameInfo Datatype java.io.InputStream declared twice: Once in FILE:/home/runner/work/key/key/key.core/../key.ui/examples/standard_key/java_dl/classpath/InputStream.java and once in URL:file:/home/runner/work/key/key/key.core/build/resources/main/de/uka/ilkd/key/java/JavaRedux/java/io/InputStream.java, Keeping one from URL:file:/home/runner/work/key/key/key.core/build/resources/main/de/uka/ilkd/key/java/JavaRedux/java/io/InputStream.java 
423308     WARN  main            d.u.i.k.j.r.KeYCrossReferenceNameInfo Datatype java.lang.System declared twice: Once in FILE:/home/runner/work/key/key/key.core/../key.ui/examples/standard_key/java_dl/classpath/System.java and once in URL:file:/home/runner/work/key/key/key.core/build/resources/main/de/uka/ilkd/key/java/JavaRedux/java/lang/System.java, Keeping one from URL:file:/home/runner/work/key/key/key.core/build/resources/main/de/uka/ilkd/key/java/JavaRedux/java/lang/System.java 
423308     WARN  main            d.u.i.k.j.r.KeYCrossReferenceNameInfo Datatype java.io.PrintStream declared twice: Once in FILE:/home/runner/work/key/key/key.core/../key.ui/examples/standard_key/java_dl/classpath/PrintStream.java and once in URL:file:/home/runner/work/key/key/key.core/build/resources/main/de/uka/ilkd/key/java/JavaRedux/java/io/PrintStream.java, Keeping one from URL:file:/home/runner/work/key/key/key.core/build/resources/main/de/uka/ilkd/key/java/JavaRedux/java/io/PrintStream.java 
423311     DEBUG main            d.u.i.k.j.r.ClassFileDeclarationBuilder Parsing: package java.io; public class Closeable { } 
423311     DEBUG main            r.s.KeYCrossReferenceSourceInfo Dynamically created class: java.io.Closeable 
425684     DEBUG main            d.u.i.k.p.i.AbstractProblemLoader Init config took 2.4s 
425700     INFO  main            d.u.i.k.p.i.AbstractProblemLoader Replaying proof reverseArray2.key.proof 
425912     DEBUG main            d.u.i.k.p.i.IntermediateProofReplayer Proof replay took 207ms 
425913     DEBUG main            d.u.i.k.p.r.p.TestFile    ... success: reloaded. 
425914     INFO  main            d.u.i.k.p.r.p.TestFile    Now processing file /home/runner/work/key/key/key.core/../key.ui/examples/standard_key/java_dl/simpleAssignment.key 
425914     INFO  main            d.u.i.k.p.i.AbstractProblemLoader Loading environment from /home/runner/work/key/key/key.core/../key.ui/examples/standard_key/java_dl/simpleAssignment.key 
425915     DEBUG main            d.u.i.k.p.i.AbstractProblemLoader Environment load took 92.4ns 
425915     INFO  main            d.u.i.k.p.i.AbstractProblemLoader Creating init config 
428246     DEBUG main            d.u.i.k.p.i.AbstractProblemLoader Init config took 2.33s 
428260     INFO  main            d.u.i.k.p.i.AbstractProblemLoader Replaying proof simpleAssignment.key 
428261     DEBUG main            d.u.i.k.p.i.IntermediateProofReplayer Proof replay took 4.2ns 
428363     INFO  main            d.u.i.k.p.r.p.TestFile    ... finished proof: closed. 
428885     INFO  main            d.u.i.k.p.i.AbstractProblemLoader Loading environment from /home/runner/work/key/key/key.core/../key.ui/examples/standard_key/java_dl/simpleAssignment.key.proof 
428885     DEBUG main            d.u.i.k.p.i.AbstractProblemLoader Environment load took 98.5ns 
428886     INFO  main            d.u.i.k.p.i.AbstractProblemLoader Creating init config 
431182     DEBUG main            d.u.i.k.p.i.AbstractProblemLoader Init config took 2.3s 
431196     INFO  main            d.u.i.k.p.i.AbstractProblemLoader Replaying proof simpleAssignment.key.proof 
431198     DEBUG main            d.u.i.k.p.i.IntermediateProofReplayer Proof replay took 655.41ns 
431199     DEBUG main            d.u.i.k.p.r.p.TestFile    ... success: reloaded. 
431199     INFO  main            d.u.i.k.p.r.p.TestFile    Now processing file /home/runner/work/key/key/key.core/../key.ui/examples/standard_key/java_dl/simpleAssignment2.key 
431200     INFO  main            d.u.i.k.p.i.AbstractProblemLoader Loading environment from /home/runner/work/key/key/key.core/../key.ui/examples/standard_key/java_dl/simpleAssignment2.key 
431200     DEBUG main            d.u.i.k.p.i.AbstractProblemLoader Environment load took 46.8ns 
431200     INFO  main            d.u.i.k.p.i.AbstractProblemLoader Creating init config 
433503     DEBUG main            d.u.i.k.p.i.AbstractProblemLoader Init config took 2.3s 
433518     INFO  main            d.u.i.k.p.i.AbstractProblemLoader Replaying proof simpleAssignment2.key 
433520     DEBUG main            d.u.i.k.p.i.IntermediateProofReplayer Proof replay took 4.2ns 
433621     INFO  main            d.u.i.k.p.r.p.TestFile    ... finished proof: closed. 
434103     INFO  main            d.u.i.k.p.i.AbstractProblemLoader Loading environment from /home/runner/work/key/key/key.core/../key.ui/examples/standard_key/java_dl/simpleAssignment2.key.proof 
434103     DEBUG main            d.u.i.k.p.i.AbstractProblemLoader Environment load took 85.6ns 
434104     INFO  main            d.u.i.k.p.i.AbstractProblemLoader Creating init config 
436376     DEBUG main            d.u.i.k.p.i.AbstractProblemLoader Init config took 2.27s 
436390     INFO  main            d.u.i.k.p.i.AbstractProblemLoader Replaying proof simpleAssignment2.key.proof 
436392     DEBUG main            d.u.i.k.p.i.IntermediateProofReplayer Proof replay took 390.71ns 
436393     DEBUG main            d.u.i.k.p.r.p.TestFile    ... success: reloaded. 
436393     INFO  main            d.u.i.k.p.r.p.TestFile    Now processing file /home/runner/work/key/key/key.core/../key.ui/examples/standard_key/java_dl/splittingWithQueries.key 
436393     INFO  main            d.u.i.k.p.i.AbstractProblemLoader Loading environment from /home/runner/work/key/key/key.core/../key.ui/examples/standard_key/java_dl/splittingWithQueries.key 
436393     DEBUG main            d.u.i.k.p.i.AbstractProblemLoader Environment load took 58.6ns 
436395     INFO  main            d.u.i.k.p.i.AbstractProblemLoader Creating init config 
438754     DEBUG main            d.u.i.k.p.i.AbstractProblemLoader Init config took 2.36s 
438773     INFO  main            d.u.i.k.p.i.AbstractProblemLoader Replaying proof splittingWithQueries.key 
438774     DEBUG main            d.u.i.k.p.i.IntermediateProofReplayer Proof replay took 3.6ns 
438876     INFO  main            d.u.i.k.p.r.p.TestFile    ... finished proof: closed. 
439358     INFO  main            d.u.i.k.p.i.AbstractProblemLoader Loading environment from /home/runner/work/key/key/key.core/../key.ui/examples/standard_key/java_dl/splittingWithQueries.key.proof 
439358     DEBUG main            d.u.i.k.p.i.AbstractProblemLoader Environment load took 99ns 
439359     INFO  main            d.u.i.k.p.i.AbstractProblemLoader Creating init config 
441693     DEBUG main            d.u.i.k.p.i.AbstractProblemLoader Init config took 2.33s 
441707     INFO  main            d.u.i.k.p.i.AbstractProblemLoader Replaying proof splittingWithQueries.key.proof 
441710     DEBUG main            d.u.i.k.p.i.IntermediateProofReplayer Proof replay took 1.53ms 
441711     DEBUG main            d.u.i.k.p.r.p.TestFile    ... success: reloaded. 
441712     INFO  main            d.u.i.k.p.r.p.TestFile    Now processing file /home/runner/work/key/key/key.core/../key.ui/examples/standard_key/java_dl/strassen/strassen.key 
441712     INFO  main            d.u.i.k.p.i.AbstractProblemLoader Loading environment from /home/runner/work/key/key/key.core/../key.ui/examples/standard_key/java_dl/strassen/strassen.key 
441712     DEBUG main            d.u.i.k.p.i.AbstractProblemLoader Environment load took 151.9ns 
441713     INFO  main            d.u.i.k.p.i.AbstractProblemLoader Creating init config 
444165     DEBUG main            d.u.i.k.p.i.AbstractProblemLoader Init config took 2.45s 
444200     INFO  main            d.u.i.k.p.i.AbstractProblemLoader Replaying proof Matrix22[Matrix22::strassen(Matrix22,Matrix22)].JML normal_behavior operation contract.0 
444201     DEBUG main            d.u.i.k.p.i.IntermediateProofReplayer Proof replay took 3.6ns 
449076     INFO  main            d.u.i.k.p.r.p.TestFile    ... finished proof: closed. 
449709     INFO  main            d.u.i.k.p.i.AbstractProblemLoader Loading environment from /home/runner/work/key/key/key.core/../key.ui/examples/standard_key/java_dl/strassen/strassen.key.proof 
449709     DEBUG main            d.u.i.k.p.i.AbstractProblemLoader Environment load took 341.81ns 
449711     INFO  main            d.u.i.k.p.i.AbstractProblemLoader Creating init config 
452125     DEBUG main            d.u.i.k.p.i.AbstractProblemLoader Init config took 2.41s 
452159     INFO  main            d.u.i.k.p.i.AbstractProblemLoader Replaying proof Matrix22[Matrix22::strassen(Matrix22,Matrix22)].JML normal_behavior operation contract.0 
452874     DEBUG main            d.u.i.k.p.i.IntermediateProofReplayer Proof replay took 705.11ms 
452876     DEBUG main            d.u.i.k.p.r.p.TestFile    ... success: reloaded. 
452877     INFO  main            d.u.i.k.p.r.p.TestFile    Now processing file /home/runner/work/key/key/key.core/../key.ui/examples/standard_key/java_dl/symmArray.key 
452877     INFO  main            d.u.i.k.p.i.AbstractProblemLoader Loading environment from /home/runner/work/key/key/key.core/../key.ui/examples/standard_key/java_dl/symmArray.key 
452877     DEBUG main            d.u.i.k.p.i.AbstractProblemLoader Environment load took 154.5ns 
452880     INFO  main            d.u.i.k.p.i.AbstractProblemLoader Creating init config 
455365     DEBUG main            d.u.i.k.p.i.AbstractProblemLoader Init config took 2.48s 
455381     INFO  main            d.u.i.k.p.i.AbstractProblemLoader Replaying proof symmArray.key 
455383     DEBUG main            d.u.i.k.p.i.IntermediateProofReplayer Proof replay took 3.8ns 
550045     INFO  main            d.u.i.k.p.r.p.TestFile    ... finished proof: closed. 
550662     INFO  main            d.u.i.k.p.i.AbstractProblemLoader Loading environment from /home/runner/work/key/key/key.core/../key.ui/examples/standard_key/java_dl/symmArray.key.proof 
550662     DEBUG main            d.u.i.k.p.i.AbstractProblemLoader Environment load took 430.91ns 
550668     INFO  main            d.u.i.k.p.i.AbstractProblemLoader Creating init config 
553066     DEBUG main            d.u.i.k.p.i.AbstractProblemLoader Init config took 2.4s 
553083     INFO  main            d.u.i.k.p.i.AbstractProblemLoader Replaying proof symmArray.key.proof 
554217     DEBUG main            d.u.i.k.p.i.IntermediateProofReplayer Proof replay took 1.08s 
554223     DEBUG main            d.u.i.k.p.r.p.TestFile    ... success: reloaded. 
554224     INFO  main            d.u.i.k.p.r.p.TestFile    Now processing file /home/runner/work/key/key/key.core/../key.ui/examples/standard_key/java_dl/testcontext.key 
554224     INFO  main            d.u.i.k.p.i.AbstractProblemLoader Loading environment from /home/runner/work/key/key/key.core/../key.ui/examples/standard_key/java_dl/testcontext.key 
554224     DEBUG main            d.u.i.k.p.i.AbstractProblemLoader Environment load took 84.4ns 
554225     INFO  main            d.u.i.k.p.i.AbstractProblemLoader Creating init config 
554245     WARN  main            d.u.i.k.j.r.KeYCrossReferenceNameInfo Datatype java.io.InputStream declared twice: Once in FILE:/home/runner/work/key/key/key.core/../key.ui/examples/standard_key/java_dl/classpath/InputStream.java and once in URL:file:/home/runner/work/key/key/key.core/build/resources/main/de/uka/ilkd/key/java/JavaRedux/java/io/InputStream.java, Keeping one from URL:file:/home/runner/work/key/key/key.core/build/resources/main/de/uka/ilkd/key/java/JavaRedux/java/io/InputStream.java 
554245     WARN  main            d.u.i.k.j.r.KeYCrossReferenceNameInfo Datatype java.lang.System declared twice: Once in FILE:/home/runner/work/key/key/key.core/../key.ui/examples/standard_key/java_dl/classpath/System.java and once in URL:file:/home/runner/work/key/key/key.core/build/resources/main/de/uka/ilkd/key/java/JavaRedux/java/lang/System.java, Keeping one from URL:file:/home/runner/work/key/key/key.core/build/resources/main/de/uka/ilkd/key/java/JavaRedux/java/lang/System.java 
554245     WARN  main            d.u.i.k.j.r.KeYCrossReferenceNameInfo Datatype java.io.PrintStream declared twice: Once in FILE:/home/runner/work/key/key/key.core/../key.ui/examples/standard_key/java_dl/classpath/PrintStream.java and once in URL:file:/home/runner/work/key/key/key.core/build/resources/main/de/uka/ilkd/key/java/JavaRedux/java/io/PrintStream.java, Keeping one from URL:file:/home/runner/work/key/key/key.core/build/resources/main/de/uka/ilkd/key/java/JavaRedux/java/io/PrintStream.java 
554248     DEBUG main            d.u.i.k.j.r.ClassFileDeclarationBuilder Parsing: package java.io; public class Closeable { } 
554248     DEBUG main            r.s.KeYCrossReferenceSourceInfo Dynamically created class: java.io.Closeable 
556610     DEBUG main            d.u.i.k.p.i.AbstractProblemLoader Init config took 2.38s 
556625     INFO  main            d.u.i.k.p.i.AbstractProblemLoader Replaying proof testcontext.key 
556626     DEBUG main            d.u.i.k.p.i.IntermediateProofReplayer Proof replay took 4.6ns 
556929     INFO  main            d.u.i.k.p.r.p.TestFile    ... finished proof: closed. 
557574     INFO  main            d.u.i.k.p.i.AbstractProblemLoader Loading environment from /home/runner/work/key/key/key.core/../key.ui/examples/standard_key/java_dl/testcontext.key.proof 
557574     DEBUG main            d.u.i.k.p.i.AbstractProblemLoader Environment load took 98.7ns 
557575     INFO  main            d.u.i.k.p.i.AbstractProblemLoader Creating init config 
557595     WARN  main            d.u.i.k.j.r.KeYCrossReferenceNameInfo Datatype java.io.InputStream declared twice: Once in FILE:/home/runner/work/key/key/key.core/../key.ui/examples/standard_key/java_dl/classpath/InputStream.java and once in URL:file:/home/runner/work/key/key/key.core/build/resources/main/de/uka/ilkd/key/java/JavaRedux/java/io/InputStream.java, Keeping one from URL:file:/home/runner/work/key/key/key.core/build/resources/main/de/uka/ilkd/key/java/JavaRedux/java/io/InputStream.java 
557596     WARN  main            d.u.i.k.j.r.KeYCrossReferenceNameInfo Datatype java.lang.System declared twice: Once in FILE:/home/runner/work/key/key/key.core/../key.ui/examples/standard_key/java_dl/classpath/System.java and once in URL:file:/home/runner/work/key/key/key.core/build/resources/main/de/uka/ilkd/key/java/JavaRedux/java/lang/System.java, Keeping one from URL:file:/home/runner/work/key/key/key.core/build/resources/main/de/uka/ilkd/key/java/JavaRedux/java/lang/System.java 
557596     WARN  main            d.u.i.k.j.r.KeYCrossReferenceNameInfo Datatype java.io.PrintStream declared twice: Once in FILE:/home/runner/work/key/key/key.core/../key.ui/examples/standard_key/java_dl/classpath/PrintStream.java and once in URL:file:/home/runner/work/key/key/key.core/build/resources/main/de/uka/ilkd/key/java/JavaRedux/java/io/PrintStream.java, Keeping one from URL:file:/home/runner/work/key/key/key.core/build/resources/main/de/uka/ilkd/key/java/JavaRedux/java/io/PrintStream.java 
557599     DEBUG main            d.u.i.k.j.r.ClassFileDeclarationBuilder Parsing: package java.io; public class Closeable { } 
557599     DEBUG main            r.s.KeYCrossReferenceSourceInfo Dynamically created class: java.io.Closeable 
559910     DEBUG main            d.u.i.k.p.i.AbstractProblemLoader Init config took 2.34s 
559925     INFO  main            d.u.i.k.p.i.AbstractProblemLoader Replaying proof testcontext.key.proof 
559977     DEBUG main            d.u.i.k.p.i.IntermediateProofReplayer Proof replay took 49.53ms 
559979     DEBUG main            d.u.i.k.p.r.p.TestFile    ... success: reloaded. 
559979     INFO  main            d.u.i.k.p.r.p.TestFile    Now processing file /home/runner/work/key/key/key.core/../key.ui/examples/standard_key/staticInitialisation/cascadeStaticInitialisation.key 
559979     INFO  main            d.u.i.k.p.i.AbstractProblemLoader Loading environment from /home/runner/work/key/key/key.core/../key.ui/examples/standard_key/staticInitialisation/cascadeStaticInitialisation.key 
559980     DEBUG main            d.u.i.k.p.i.AbstractProblemLoader Environment load took 48ns 
559982     INFO  main            d.u.i.k.p.i.AbstractProblemLoader Creating init config 
560001     WARN  main            d.u.i.k.j.r.KeYCrossReferenceNameInfo Datatype java.lang.System declared twice: Once in FILE:/home/runner/work/key/key/key.core/../key.ui/examples/standard_key/staticInitialisation/classpath/System.java and once in URL:file:/home/runner/work/key/key/key.core/build/resources/main/de/uka/ilkd/key/java/JavaRedux/java/lang/System.java, Keeping one from URL:file:/home/runner/work/key/key/key.core/build/resources/main/de/uka/ilkd/key/java/JavaRedux/java/lang/System.java 
560001     WARN  main            d.u.i.k.j.r.KeYCrossReferenceNameInfo Datatype java.io.PrintStream declared twice: Once in FILE:/home/runner/work/key/key/key.core/../key.ui/examples/standard_key/staticInitialisation/classpath/PrintStream.java and once in URL:file:/home/runner/work/key/key/key.core/build/resources/main/de/uka/ilkd/key/java/JavaRedux/java/io/PrintStream.java, Keeping one from URL:file:/home/runner/work/key/key/key.core/build/resources/main/de/uka/ilkd/key/java/JavaRedux/java/io/PrintStream.java 
562388     DEBUG main            d.u.i.k.p.i.AbstractProblemLoader Init config took 2.41s 
562404     INFO  main            d.u.i.k.p.i.AbstractProblemLoader Replaying proof cascadeStaticInitialisation.key 
562405     DEBUG main            d.u.i.k.p.i.IntermediateProofReplayer Proof replay took 3ns 
563009     INFO  main            d.u.i.k.p.r.p.TestFile    ... finished proof: closed. 
563584     INFO  main            d.u.i.k.p.i.AbstractProblemLoader Loading environment from /home/runner/work/key/key/key.core/../key.ui/examples/standard_key/staticInitialisation/cascadeStaticInitialisation.key.proof 
563585     DEBUG main            d.u.i.k.p.i.AbstractProblemLoader Environment load took 392.71ns 
563586     INFO  main            d.u.i.k.p.i.AbstractProblemLoader Creating init config 
563606     WARN  main            d.u.i.k.j.r.KeYCrossReferenceNameInfo Datatype java.lang.System declared twice: Once in FILE:/home/runner/work/key/key/key.core/../key.ui/examples/standard_key/staticInitialisation/classpath/System.java and once in URL:file:/home/runner/work/key/key/key.core/build/resources/main/de/uka/ilkd/key/java/JavaRedux/java/lang/System.java, Keeping one from URL:file:/home/runner/work/key/key/key.core/build/resources/main/de/uka/ilkd/key/java/JavaRedux/java/lang/System.java 
563607     WARN  main            d.u.i.k.j.r.KeYCrossReferenceNameInfo Datatype java.io.PrintStream declared twice: Once in FILE:/home/runner/work/key/key/key.core/../key.ui/examples/standard_key/staticInitialisation/classpath/PrintStream.java and once in URL:file:/home/runner/work/key/key/key.core/build/resources/main/de/uka/ilkd/key/java/JavaRedux/java/io/PrintStream.java, Keeping one from URL:file:/home/runner/work/key/key/key.core/build/resources/main/de/uka/ilkd/key/java/JavaRedux/java/io/PrintStream.java 
565918     DEBUG main            d.u.i.k.p.i.AbstractProblemLoader Init config took 2.33s 
565933     INFO  main            d.u.i.k.p.i.AbstractProblemLoader Replaying proof cascadeStaticInitialisation.key.proof 
566068     DEBUG main            d.u.i.k.p.i.IntermediateProofReplayer Proof replay took 131.75ms 
566069     DEBUG main            d.u.i.k.p.r.p.TestFile    ... success: reloaded. 
566070     INFO  main            d.u.i.k.p.r.p.TestFile    Now processing file /home/runner/work/key/key/key.core/../key.ui/examples/standard_key/staticInitialisation/erroneousClassImpliesErroneousSubclass.key 
566070     INFO  main            d.u.i.k.p.i.AbstractProblemLoader Loading environment from /home/runner/work/key/key/key.core/../key.ui/examples/standard_key/staticInitialisation/erroneousClassImpliesErroneousSubclass.key 
566070     DEBUG main            d.u.i.k.p.i.AbstractProblemLoader Environment load took 49ns 
566071     INFO  main            d.u.i.k.p.i.AbstractProblemLoader Creating init config 
566090     WARN  main            d.u.i.k.j.r.KeYCrossReferenceNameInfo Datatype java.lang.System declared twice: Once in FILE:/home/runner/work/key/key/key.core/../key.ui/examples/standard_key/staticInitialisation/classpath/System.java and once in URL:file:/home/runner/work/key/key/key.core/build/resources/main/de/uka/ilkd/key/java/JavaRedux/java/lang/System.java, Keeping one from URL:file:/home/runner/work/key/key/key.core/build/resources/main/de/uka/ilkd/key/java/JavaRedux/java/lang/System.java 
566090     WARN  main            d.u.i.k.j.r.KeYCrossReferenceNameInfo Datatype java.io.PrintStream declared twice: Once in FILE:/home/runner/work/key/key/key.core/../key.ui/examples/standard_key/staticInitialisation/classpath/PrintStream.java and once in URL:file:/home/runner/work/key/key/key.core/build/resources/main/de/uka/ilkd/key/java/JavaRedux/java/io/PrintStream.java, Keeping one from URL:file:/home/runner/work/key/key/key.core/build/resources/main/de/uka/ilkd/key/java/JavaRedux/java/io/PrintStream.java 
568494     DEBUG main            d.u.i.k.p.i.AbstractProblemLoader Init config took 2.42s 
568507     INFO  main            d.u.i.k.p.i.AbstractProblemLoader Replaying proof erroneousClassImpliesErroneousSubclass.key 
568508     DEBUG main            d.u.i.k.p.i.IntermediateProofReplayer Proof replay took 2.8ns 
568610     INFO  main            d.u.i.k.p.r.p.TestFile    ... finished proof: closed. 
569173     INFO  main            d.u.i.k.p.i.AbstractProblemLoader Loading environment from /home/runner/work/key/key/key.core/../key.ui/examples/standard_key/staticInitialisation/erroneousClassImpliesErroneousSubclass.key.proof 
569173     DEBUG main            d.u.i.k.p.i.AbstractProblemLoader Environment load took 93.1ns 
569174     INFO  main            d.u.i.k.p.i.AbstractProblemLoader Creating init config 
569194     WARN  main            d.u.i.k.j.r.KeYCrossReferenceNameInfo Datatype java.lang.System declared twice: Once in FILE:/home/runner/work/key/key/key.core/../key.ui/examples/standard_key/staticInitialisation/classpath/System.java and once in URL:file:/home/runner/work/key/key/key.core/build/resources/main/de/uka/ilkd/key/java/JavaRedux/java/lang/System.java, Keeping one from URL:file:/home/runner/work/key/key/key.core/build/resources/main/de/uka/ilkd/key/java/JavaRedux/java/lang/System.java 
569194     WARN  main            d.u.i.k.j.r.KeYCrossReferenceNameInfo Datatype java.io.PrintStream declared twice: Once in FILE:/home/runner/work/key/key/key.core/../key.ui/examples/standard_key/staticInitialisation/classpath/PrintStream.java and once in URL:file:/home/runner/work/key/key/key.core/build/resources/main/de/uka/ilkd/key/java/JavaRedux/java/io/PrintStream.java, Keeping one from URL:file:/home/runner/work/key/key/key.core/build/resources/main/de/uka/ilkd/key/java/JavaRedux/java/io/PrintStream.java 
571496     DEBUG main            d.u.i.k.p.i.AbstractProblemLoader Init config took 2.32s 
571510     INFO  main            d.u.i.k.p.i.AbstractProblemLoader Replaying proof erroneousClassImpliesErroneousSubclass.key.proof 
571512     DEBUG main            d.u.i.k.p.i.IntermediateProofReplayer Proof replay took 485.11ns 
571512     DEBUG main            d.u.i.k.p.r.p.TestFile    ... success: reloaded. 
571515     INFO  main            d.u.i.k.p.r.p.TestFile    Now processing file /home/runner/work/key/key/key.core/../key.ui/examples/standard_key/staticInitialisation/initializedSubclassImpliesInitializedSuperclass.key 
571515     INFO  main            d.u.i.k.p.i.AbstractProblemLoader Loading environment from /home/runner/work/key/key/key.core/../key.ui/examples/standard_key/staticInitialisation/initializedSubclassImpliesInitializedSuperclass.key 
571515     DEBUG main            d.u.i.k.p.i.AbstractProblemLoader Environment load took 42.4ns 
571516     INFO  main            d.u.i.k.p.i.AbstractProblemLoader Creating init config 
571534     WARN  main            d.u.i.k.j.r.KeYCrossReferenceNameInfo Datatype java.lang.System declared twice: Once in FILE:/home/runner/work/key/key/key.core/../key.ui/examples/standard_key/staticInitialisation/classpath/System.java and once in URL:file:/home/runner/work/key/key/key.core/build/resources/main/de/uka/ilkd/key/java/JavaRedux/java/lang/System.java, Keeping one from URL:file:/home/runner/work/key/key/key.core/build/resources/main/de/uka/ilkd/key/java/JavaRedux/java/lang/System.java 
571534     WARN  main            d.u.i.k.j.r.KeYCrossReferenceNameInfo Datatype java.io.PrintStream declared twice: Once in FILE:/home/runner/work/key/key/key.core/../key.ui/examples/standard_key/staticInitialisation/classpath/PrintStream.java and once in URL:file:/home/runner/work/key/key/key.core/build/resources/main/de/uka/ilkd/key/java/JavaRedux/java/io/PrintStream.java, Keeping one from URL:file:/home/runner/work/key/key/key.core/build/resources/main/de/uka/ilkd/key/java/JavaRedux/java/io/PrintStream.java 
573862     DEBUG main            d.u.i.k.p.i.AbstractProblemLoader Init config took 2.35s 
573876     INFO  main            d.u.i.k.p.i.AbstractProblemLoader Replaying proof initializedSubclassImpliesInitializedSuperclass.key 
573877     DEBUG main            d.u.i.k.p.i.IntermediateProofReplayer Proof replay took 3.2ns 
573979     INFO  main            d.u.i.k.p.r.p.TestFile    ... finished proof: closed. 
574517     INFO  main            d.u.i.k.p.i.AbstractProblemLoader Loading environment from /home/runner/work/key/key/key.core/../key.ui/examples/standard_key/staticInitialisation/initializedSubclassImpliesInitializedSuperclass.key.proof 
574517     DEBUG main            d.u.i.k.p.i.AbstractProblemLoader Environment load took 93.6ns 
574518     INFO  main            d.u.i.k.p.i.AbstractProblemLoader Creating init config 
574537     WARN  main            d.u.i.k.j.r.KeYCrossReferenceNameInfo Datatype java.lang.System declared twice: Once in FILE:/home/runner/work/key/key/key.core/../key.ui/examples/standard_key/staticInitialisation/classpath/System.java and once in URL:file:/home/runner/work/key/key/key.core/build/resources/main/de/uka/ilkd/key/java/JavaRedux/java/lang/System.java, Keeping one from URL:file:/home/runner/work/key/key/key.core/build/resources/main/de/uka/ilkd/key/java/JavaRedux/java/lang/System.java 
574537     WARN  main            d.u.i.k.j.r.KeYCrossReferenceNameInfo Datatype java.io.PrintStream declared twice: Once in FILE:/home/runner/work/key/key/key.core/../key.ui/examples/standard_key/staticInitialisation/classpath/PrintStream.java and once in URL:file:/home/runner/work/key/key/key.core/build/resources/main/de/uka/ilkd/key/java/JavaRedux/java/io/PrintStream.java, Keeping one from URL:file:/home/runner/work/key/key/key.core/build/resources/main/de/uka/ilkd/key/java/JavaRedux/java/io/PrintStream.java 
576851     DEBUG main            d.u.i.k.p.i.AbstractProblemLoader Init config took 2.33s 
576865     INFO  main            d.u.i.k.p.i.AbstractProblemLoader Replaying proof initializedSubclassImpliesInitializedSuperclass.key.proof 
576866     DEBUG main            d.u.i.k.p.i.IntermediateProofReplayer Proof replay took 399.51ns 
576867     DEBUG main            d.u.i.k.p.r.p.TestFile    ... success: reloaded. 
576868     INFO  main            d.u.i.k.p.r.p.TestFile    Now processing file /home/runner/work/key/key/key.core/../key.ui/examples/standard_key/staticInitialisation/localDeclared.key 
576868     INFO  main            d.u.i.k.p.i.AbstractProblemLoader Loading environment from /home/runner/work/key/key/key.core/../key.ui/examples/standard_key/staticInitialisation/localDeclared.key 
576868     DEBUG main            d.u.i.k.p.i.AbstractProblemLoader Environment load took 62.8ns 
576870     INFO  main            d.u.i.k.p.i.AbstractProblemLoader Creating init config 
576888     WARN  main            d.u.i.k.j.r.KeYCrossReferenceNameInfo Datatype java.lang.System declared twice: Once in FILE:/home/runner/work/key/key/key.core/../key.ui/examples/standard_key/staticInitialisation/classpath/System.java and once in URL:file:/home/runner/work/key/key/key.core/build/resources/main/de/uka/ilkd/key/java/JavaRedux/java/lang/System.java, Keeping one from URL:file:/home/runner/work/key/key/key.core/build/resources/main/de/uka/ilkd/key/java/JavaRedux/java/lang/System.java 
576888     WARN  main            d.u.i.k.j.r.KeYCrossReferenceNameInfo Datatype java.io.PrintStream declared twice: Once in FILE:/home/runner/work/key/key/key.core/../key.ui/examples/standard_key/staticInitialisation/classpath/PrintStream.java and once in URL:file:/home/runner/work/key/key/key.core/build/resources/main/de/uka/ilkd/key/java/JavaRedux/java/io/PrintStream.java, Keeping one from URL:file:/home/runner/work/key/key/key.core/build/resources/main/de/uka/ilkd/key/java/JavaRedux/java/io/PrintStream.java 
579224     DEBUG main            d.u.i.k.p.i.AbstractProblemLoader Init config took 2.35s 
579239     INFO  main            d.u.i.k.p.i.AbstractProblemLoader Replaying proof localDeclared.key 
579241     DEBUG main            d.u.i.k.p.i.IntermediateProofReplayer Proof replay took 2.6ns 
579544     INFO  main            d.u.i.k.p.r.p.TestFile    ... finished proof: closed. 
580094     INFO  main            d.u.i.k.p.i.AbstractProblemLoader Loading environment from /home/runner/work/key/key/key.core/../key.ui/examples/standard_key/staticInitialisation/localDeclared.key.proof 
580094     DEBUG main            d.u.i.k.p.i.AbstractProblemLoader Environment load took 92.1ns 
580095     INFO  main            d.u.i.k.p.i.AbstractProblemLoader Creating init config 
580117     WARN  main            d.u.i.k.j.r.KeYCrossReferenceNameInfo Datatype java.lang.System declared twice: Once in FILE:/home/runner/work/key/key/key.core/../key.ui/examples/standard_key/staticInitialisation/classpath/System.java and once in URL:file:/home/runner/work/key/key/key.core/build/resources/main/de/uka/ilkd/key/java/JavaRedux/java/lang/System.java, Keeping one from URL:file:/home/runner/work/key/key/key.core/build/resources/main/de/uka/ilkd/key/java/JavaRedux/java/lang/System.java 
580117     WARN  main            d.u.i.k.j.r.KeYCrossReferenceNameInfo Datatype java.io.PrintStream declared twice: Once in FILE:/home/runner/work/key/key/key.core/../key.ui/examples/standard_key/staticInitialisation/classpath/PrintStream.java and once in URL:file:/home/runner/work/key/key/key.core/build/resources/main/de/uka/ilkd/key/java/JavaRedux/java/io/PrintStream.java, Keeping one from URL:file:/home/runner/work/key/key/key.core/build/resources/main/de/uka/ilkd/key/java/JavaRedux/java/io/PrintStream.java 
582499     DEBUG main            d.u.i.k.p.i.AbstractProblemLoader Init config took 2.4s 
582514     INFO  main            d.u.i.k.p.i.AbstractProblemLoader Replaying proof localDeclared.key.proof 
582567     DEBUG main            d.u.i.k.p.i.IntermediateProofReplayer Proof replay took 50.9ms 
582568     DEBUG main            d.u.i.k.p.r.p.TestFile    ... success: reloaded. 
582569     INFO  main            d.u.i.k.p.r.p.TestFile    Now processing file /home/runner/work/key/key/key.core/../key.ui/examples/standard_key/staticInitialisation/localDeclaredMethod.key 
582569     INFO  main            d.u.i.k.p.i.AbstractProblemLoader Loading environment from /home/runner/work/key/key/key.core/../key.ui/examples/standard_key/staticInitialisation/localDeclaredMethod.key 
582569     DEBUG main            d.u.i.k.p.i.AbstractProblemLoader Environment load took 79.6ns 
582571     INFO  main            d.u.i.k.p.i.AbstractProblemLoader Creating init config 
582589     WARN  main            d.u.i.k.j.r.KeYCrossReferenceNameInfo Datatype java.lang.System declared twice: Once in FILE:/home/runner/work/key/key/key.core/../key.ui/examples/standard_key/staticInitialisation/classpath/System.java and once in URL:file:/home/runner/work/key/key/key.core/build/resources/main/de/uka/ilkd/key/java/JavaRedux/java/lang/System.java, Keeping one from URL:file:/home/runner/work/key/key/key.core/build/resources/main/de/uka/ilkd/key/java/JavaRedux/java/lang/System.java 
582589     WARN  main            d.u.i.k.j.r.KeYCrossReferenceNameInfo Datatype java.io.PrintStream declared twice: Once in FILE:/home/runner/work/key/key/key.core/../key.ui/examples/standard_key/staticInitialisation/classpath/PrintStream.java and once in URL:file:/home/runner/work/key/key/key.core/build/resources/main/de/uka/ilkd/key/java/JavaRedux/java/io/PrintStream.java, Keeping one from URL:file:/home/runner/work/key/key/key.core/build/resources/main/de/uka/ilkd/key/java/JavaRedux/java/io/PrintStream.java 
584919     DEBUG main            d.u.i.k.p.i.AbstractProblemLoader Init config took 2.35s 
584933     INFO  main            d.u.i.k.p.i.AbstractProblemLoader Replaying proof localDeclaredMethod.key 
584935     DEBUG main            d.u.i.k.p.i.IntermediateProofReplayer Proof replay took 3ns 
585137     INFO  main            d.u.i.k.p.r.p.TestFile    ... finished proof: closed. 
585711     INFO  main            d.u.i.k.p.i.AbstractProblemLoader Loading environment from /home/runner/work/key/key/key.core/../key.ui/examples/standard_key/staticInitialisation/localDeclaredMethod.key.proof 
585711     DEBUG main            d.u.i.k.p.i.AbstractProblemLoader Environment load took 94.9ns 
585712     INFO  main            d.u.i.k.p.i.AbstractProblemLoader Creating init config 
585731     WARN  main            d.u.i.k.j.r.KeYCrossReferenceNameInfo Datatype java.lang.System declared twice: Once in FILE:/home/runner/work/key/key/key.core/../key.ui/examples/standard_key/staticInitialisation/classpath/System.java and once in URL:file:/home/runner/work/key/key/key.core/build/resources/main/de/uka/ilkd/key/java/JavaRedux/java/lang/System.java, Keeping one from URL:file:/home/runner/work/key/key/key.core/build/resources/main/de/uka/ilkd/key/java/JavaRedux/java/lang/System.java 
585731     WARN  main            d.u.i.k.j.r.KeYCrossReferenceNameInfo Datatype java.io.PrintStream declared twice: Once in FILE:/home/runner/work/key/key/key.core/../key.ui/examples/standard_key/staticInitialisation/classpath/PrintStream.java and once in URL:file:/home/runner/work/key/key/key.core/build/resources/main/de/uka/ilkd/key/java/JavaRedux/java/io/PrintStream.java, Keeping one from URL:file:/home/runner/work/key/key/key.core/build/resources/main/de/uka/ilkd/key/java/JavaRedux/java/io/PrintStream.java 
588028     DEBUG main            d.u.i.k.p.i.AbstractProblemLoader Init config took 2.32s 
588043     INFO  main            d.u.i.k.p.i.AbstractProblemLoader Replaying proof localDeclaredMethod.key.proof 
588092     DEBUG main            d.u.i.k.p.i.IntermediateProofReplayer Proof replay took 46.99ms 
588093     DEBUG main            d.u.i.k.p.r.p.TestFile    ... success: reloaded. 
588093     INFO  main            d.u.i.k.p.r.p.TestFile    Now processing file /home/runner/work/key/key/key.core/../key.ui/examples/standard_key/staticInitialisation/objectOfErroneousClass.key 
588094     INFO  main            d.u.i.k.p.i.AbstractProblemLoader Loading environment from /home/runner/work/key/key/key.core/../key.ui/examples/standard_key/staticInitialisation/objectOfErroneousClass.key 
588094     DEBUG main            d.u.i.k.p.i.AbstractProblemLoader Environment load took 85.6ns 
588095     INFO  main            d.u.i.k.p.i.AbstractProblemLoader Creating init config 
588114     WARN  main            d.u.i.k.j.r.KeYCrossReferenceNameInfo Datatype java.lang.System declared twice: Once in FILE:/home/runner/work/key/key/key.core/../key.ui/examples/standard_key/staticInitialisation/classpath/System.java and once in URL:file:/home/runner/work/key/key/key.core/build/resources/main/de/uka/ilkd/key/java/JavaRedux/java/lang/System.java, Keeping one from URL:file:/home/runner/work/key/key/key.core/build/resources/main/de/uka/ilkd/key/java/JavaRedux/java/lang/System.java 
588114     WARN  main            d.u.i.k.j.r.KeYCrossReferenceNameInfo Datatype java.io.PrintStream declared twice: Once in FILE:/home/runner/work/key/key/key.core/../key.ui/examples/standard_key/staticInitialisation/classpath/PrintStream.java and once in URL:file:/home/runner/work/key/key/key.core/build/resources/main/de/uka/ilkd/key/java/JavaRedux/java/io/PrintStream.java, Keeping one from URL:file:/home/runner/work/key/key/key.core/build/resources/main/de/uka/ilkd/key/java/JavaRedux/java/io/PrintStream.java 
590463     DEBUG main            d.u.i.k.p.i.AbstractProblemLoader Init config took 2.37s 
590479     INFO  main            d.u.i.k.p.i.AbstractProblemLoader Replaying proof objectOfErroneousClass.key 
590481     DEBUG main            d.u.i.k.p.i.IntermediateProofReplayer Proof replay took 2.6ns 
603256     INFO  main            d.u.i.k.p.r.p.TestFile    ... finished proof: closed. 
603889     INFO  main            d.u.i.k.p.i.AbstractProblemLoader Loading environment from /home/runner/work/key/key/key.core/../key.ui/examples/standard_key/staticInitialisation/objectOfErroneousClass.key.proof 
603889     DEBUG main            d.u.i.k.p.i.AbstractProblemLoader Environment load took 168.7ns 
603893     INFO  main            d.u.i.k.p.i.AbstractProblemLoader Creating init config 
603913     WARN  main            d.u.i.k.j.r.KeYCrossReferenceNameInfo Datatype java.lang.System declared twice: Once in FILE:/home/runner/work/key/key/key.core/../key.ui/examples/standard_key/staticInitialisation/classpath/System.java and once in URL:file:/home/runner/work/key/key/key.core/build/resources/main/de/uka/ilkd/key/java/JavaRedux/java/lang/System.java, Keeping one from URL:file:/home/runner/work/key/key/key.core/build/resources/main/de/uka/ilkd/key/java/JavaRedux/java/lang/System.java 
603913     WARN  main            d.u.i.k.j.r.KeYCrossReferenceNameInfo Datatype java.io.PrintStream declared twice: Once in FILE:/home/runner/work/key/key/key.core/../key.ui/examples/standard_key/staticInitialisation/classpath/PrintStream.java and once in URL:file:/home/runner/work/key/key/key.core/build/resources/main/de/uka/ilkd/key/java/JavaRedux/java/io/PrintStream.java, Keeping one from URL:file:/home/runner/work/key/key/key.core/build/resources/main/de/uka/ilkd/key/java/JavaRedux/java/io/PrintStream.java 
606223     DEBUG main            d.u.i.k.p.i.AbstractProblemLoader Init config took 2.33s 
606238     INFO  main            d.u.i.k.p.i.AbstractProblemLoader Replaying proof objectOfErroneousClass.key.proof 
608278     DEBUG main            d.u.i.k.p.i.IntermediateProofReplayer Proof replay took 2.01s 
608281     DEBUG main            d.u.i.k.p.r.p.TestFile    ... success: reloaded. 
608285     INFO  main            d.u.i.k.p.r.p.TestFile    Now processing file /home/runner/work/key/key/key.core/../key.ui/examples/standard_key/staticInitialisation/staticInitialisersAreNonSimple.key 
608286     INFO  main            d.u.i.k.p.i.AbstractProblemLoader Loading environment from /home/runner/work/key/key/key.core/../key.ui/examples/standard_key/staticInitialisation/staticInitialisersAreNonSimple.key 
608286     DEBUG main            d.u.i.k.p.i.AbstractProblemLoader Environment load took 173.1ns 
608288     INFO  main            d.u.i.k.p.i.AbstractProblemLoader Creating init config 
608307     WARN  main            d.u.i.k.j.r.KeYCrossReferenceNameInfo Datatype java.lang.System declared twice: Once in FILE:/home/runner/work/key/key/key.core/../key.ui/examples/standard_key/staticInitialisation/classpath/System.java and once in URL:file:/home/runner/work/key/key/key.core/build/resources/main/de/uka/ilkd/key/java/JavaRedux/java/lang/System.java, Keeping one from URL:file:/home/runner/work/key/key/key.core/build/resources/main/de/uka/ilkd/key/java/JavaRedux/java/lang/System.java 
608308     WARN  main            d.u.i.k.j.r.KeYCrossReferenceNameInfo Datatype java.io.PrintStream declared twice: Once in FILE:/home/runner/work/key/key/key.core/../key.ui/examples/standard_key/staticInitialisation/classpath/PrintStream.java and once in URL:file:/home/runner/work/key/key/key.core/build/resources/main/de/uka/ilkd/key/java/JavaRedux/java/io/PrintStream.java, Keeping one from URL:file:/home/runner/work/key/key/key.core/build/resources/main/de/uka/ilkd/key/java/JavaRedux/java/io/PrintStream.java 
610725     DEBUG main            d.u.i.k.p.i.AbstractProblemLoader Init config took 2.44s 
610740     INFO  main            d.u.i.k.p.i.AbstractProblemLoader Replaying proof staticInitialisersAreNonSimple.key 
610741     DEBUG main            d.u.i.k.p.i.IntermediateProofReplayer Proof replay took 3.4ns 
611044     INFO  main            d.u.i.k.p.r.p.TestFile    ... finished proof: closed. 
611705     INFO  main            d.u.i.k.p.i.AbstractProblemLoader Loading environment from /home/runner/work/key/key/key.core/../key.ui/examples/standard_key/staticInitialisation/staticInitialisersAreNonSimple.key.proof 
611705     DEBUG main            d.u.i.k.p.i.AbstractProblemLoader Environment load took 96ns 
611707     INFO  main            d.u.i.k.p.i.AbstractProblemLoader Creating init config 
611726     WARN  main            d.u.i.k.j.r.KeYCrossReferenceNameInfo Datatype java.lang.System declared twice: Once in FILE:/home/runner/work/key/key/key.core/../key.ui/examples/standard_key/staticInitialisation/classpath/System.java and once in URL:file:/home/runner/work/key/key/key.core/build/resources/main/de/uka/ilkd/key/java/JavaRedux/java/lang/System.java, Keeping one from URL:file:/home/runner/work/key/key/key.core/build/resources/main/de/uka/ilkd/key/java/JavaRedux/java/lang/System.java 
611726     WARN  main            d.u.i.k.j.r.KeYCrossReferenceNameInfo Datatype java.io.PrintStream declared twice: Once in FILE:/home/runner/work/key/key/key.core/../key.ui/examples/standard_key/staticInitialisation/classpath/PrintStream.java and once in URL:file:/home/runner/work/key/key/key.core/build/resources/main/de/uka/ilkd/key/java/JavaRedux/java/io/PrintStream.java, Keeping one from URL:file:/home/runner/work/key/key/key.core/build/resources/main/de/uka/ilkd/key/java/JavaRedux/java/io/PrintStream.java 
614115     DEBUG main            d.u.i.k.p.i.AbstractProblemLoader Init config took 2.41s 
614130     INFO  main            d.u.i.k.p.i.AbstractProblemLoader Replaying proof staticInitialisersAreNonSimple.key.proof 
614200     DEBUG main            d.u.i.k.p.i.IntermediateProofReplayer Proof replay took 67.84ms 
614201     DEBUG main            d.u.i.k.p.r.p.TestFile    ... success: reloaded. 
614202     INFO  main            d.u.i.k.p.r.p.TestFile    Now processing file /home/runner/work/key/key/key.core/../key.ui/examples/standard_key/types/disjoint.key 
614202     INFO  main            d.u.i.k.p.i.AbstractProblemLoader Loading environment from /home/runner/work/key/key/key.core/../key.ui/examples/standard_key/types/disjoint.key 
614202     DEBUG main            d.u.i.k.p.i.AbstractProblemLoader Environment load took 86.6ns 
614203     INFO  main            d.u.i.k.p.i.AbstractProblemLoader Creating init config 
616506     DEBUG main            d.u.i.k.p.i.AbstractProblemLoader Init config took 2.3s 
616520     INFO  main            d.u.i.k.p.i.AbstractProblemLoader Replaying proof disjoint.key 
616521     DEBUG main            d.u.i.k.p.i.IntermediateProofReplayer Proof replay took 4ns 
616622     INFO  main            d.u.i.k.p.r.p.TestFile    ... finished proof: closed. 
617198     INFO  main            d.u.i.k.p.i.AbstractProblemLoader Loading environment from /home/runner/work/key/key/key.core/../key.ui/examples/standard_key/types/disjoint.key.proof 
617199     DEBUG main            d.u.i.k.p.i.AbstractProblemLoader Environment load took 91.6ns 
617199     INFO  main            d.u.i.k.p.i.AbstractProblemLoader Creating init config 
619468     DEBUG main            d.u.i.k.p.i.AbstractProblemLoader Init config took 2.27s 
619481     INFO  main            d.u.i.k.p.i.AbstractProblemLoader Replaying proof disjoint.key.proof 
619483     DEBUG main            d.u.i.k.p.i.IntermediateProofReplayer Proof replay took 485.91ns 
619484     DEBUG main            d.u.i.k.p.r.p.TestFile    ... success: reloaded. 
619484     INFO  main            d.u.i.k.p.r.p.TestFile    Now processing file /home/runner/work/key/key/key.core/../key.ui/examples/../../key.core/src/test/resources/testcase/classpath/classpath.key 
619484     INFO  main            d.u.i.k.p.i.AbstractProblemLoader Loading environment from /home/runner/work/key/key/key.core/../key.ui/examples/../../key.core/src/test/resources/testcase/classpath/classpath.key 
619484     DEBUG main            d.u.i.k.p.i.AbstractProblemLoader Environment load took 107.9ns 
619485     INFO  main            d.u.i.k.p.i.AbstractProblemLoader Creating init config 
619506     WARN  main            d.u.i.k.j.r.KeYCrossReferenceNameInfo Datatype cp.C declared twice: Once in FILE:/home/runner/work/key/key/key.core/../key.ui/examples/../../key.core/src/test/resources/testcase/classpath/classpath/C.class and once in FILE:/home/runner/work/key/key/key.core/../key.ui/examples/../../key.core/src/test/resources/testcase/classpath/classpath/C.jml, Keeping one from FILE:/home/runner/work/key/key/key.core/../key.ui/examples/../../key.core/src/test/resources/testcase/classpath/classpath/C.jml 
619509     DEBUG main            d.u.i.k.j.r.ClassFileDeclarationBuilder Parsing: package cp; public class Unresolved1 { } 
619509     DEBUG main            r.s.KeYCrossReferenceSourceInfo Dynamically created class: cp.Unresolved1 
619509     DEBUG main            d.u.i.k.j.r.ClassFileDeclarationBuilder Parsing: package cp; public class Unresolved2 { } 
619509     DEBUG main            r.s.KeYCrossReferenceSourceInfo Dynamically created class: cp.Unresolved2 
621942     DEBUG main            d.u.i.k.p.i.AbstractProblemLoader Init config took 2.46s 
621958     INFO  main            d.u.i.k.p.i.AbstractProblemLoader Replaying proof classpath.key 
621959     DEBUG main            d.u.i.k.p.i.IntermediateProofReplayer Proof replay took 4.5ns 
622066     INFO  main            d.u.i.k.p.r.p.TestFile    ... finished proof: closed. 
622691     INFO  main            d.u.i.k.p.i.AbstractProblemLoader Loading environment from /home/runner/work/key/key/key.core/../key.ui/examples/../../key.core/src/test/resources/testcase/classpath/classpath.key.proof 
622691     DEBUG main            d.u.i.k.p.i.AbstractProblemLoader Environment load took 95.7ns 
622692     INFO  main            d.u.i.k.p.i.AbstractProblemLoader Creating init config 
622718     WARN  main            d.u.i.k.j.r.KeYCrossReferenceNameInfo Datatype cp.C declared twice: Once in FILE:/home/runner/work/key/key/key.core/../key.ui/examples/../../key.core/src/test/resources/testcase/classpath/classpath/C.class and once in FILE:/home/runner/work/key/key/key.core/../key.ui/examples/../../key.core/src/test/resources/testcase/classpath/classpath/C.jml, Keeping one from FILE:/home/runner/work/key/key/key.core/../key.ui/examples/../../key.core/src/test/resources/testcase/classpath/classpath/C.jml 
622721     DEBUG main            d.u.i.k.j.r.ClassFileDeclarationBuilder Parsing: package cp; public class Unresolved1 { } 
622721     DEBUG main            r.s.KeYCrossReferenceSourceInfo Dynamically created class: cp.Unresolved1 
622722     DEBUG main            d.u.i.k.j.r.ClassFileDeclarationBuilder Parsing: package cp; public class Unresolved2 { } 
622722     DEBUG main            r.s.KeYCrossReferenceSourceInfo Dynamically created class: cp.Unresolved2 
625105     DEBUG main            d.u.i.k.p.i.AbstractProblemLoader Init config took 2.41s 
625120     INFO  main            d.u.i.k.p.i.AbstractProblemLoader Replaying proof classpath.key.proof 
625122     DEBUG main            d.u.i.k.p.i.IntermediateProofReplayer Proof replay took 549.11ns 
625123     DEBUG main            d.u.i.k.p.r.p.TestFile    ... success: reloaded. 
625124     INFO  main            d.u.i.k.p.r.p.TestFile    Now processing file /home/runner/work/key/key/key.core/../key.ui/examples/heap/inconsistent_represents/MyClass_m.key 
625124     INFO  main            d.u.i.k.p.i.AbstractProblemLoader Loading environment from /home/runner/work/key/key/key.core/../key.ui/examples/heap/inconsistent_represents/MyClass_m.key 
625124     DEBUG main            d.u.i.k.p.i.AbstractProblemLoader Environment load took 48.5ns 
625125     INFO  main            d.u.i.k.p.i.AbstractProblemLoader Creating init config 
627528     DEBUG main            d.u.i.k.p.i.AbstractProblemLoader Init config took 2.4s 
627564     INFO  main            d.u.i.k.p.i.AbstractProblemLoader Replaying proof MyClass[MyClass::m()].JML operation contract.0 
627565     DEBUG main            d.u.i.k.p.i.IntermediateProofReplayer Proof replay took 2.9ns 
627667     INFO  main            d.u.i.k.p.r.p.TestFile    ... finished proof: open goal(s) 
628259     INFO  main            d.u.i.k.p.r.p.TestFile    Now processing file /home/runner/work/key/key/key.core/../key.ui/examples/heap/inconsistent_represents/MyClass_n.key 
628259     INFO  main            d.u.i.k.p.i.AbstractProblemLoader Loading environment from /home/runner/work/key/key/key.core/../key.ui/examples/heap/inconsistent_represents/MyClass_n.key 
628259     DEBUG main            d.u.i.k.p.i.AbstractProblemLoader Environment load took 53.3ns 
628260     INFO  main            d.u.i.k.p.i.AbstractProblemLoader Creating init config 
630599     DEBUG main            d.u.i.k.p.i.AbstractProblemLoader Init config took 2.34s 
630637     INFO  main            d.u.i.k.p.i.AbstractProblemLoader Replaying proof MyClass[MyClass::n()].JML operation contract.0 
630638     DEBUG main            d.u.i.k.p.i.IntermediateProofReplayer Proof replay took 3.4ns 
630740     INFO  main            d.u.i.k.p.r.p.TestFile    ... finished proof: open goal(s) 
3603785    INFO  Test worker     d.u.i.k.p.r.RunAllProofsTestUnit Returning from test javadl 
3603787    INFO  Test worker     d.u.i.k.p.r.RunAllProofsTestUnit Running test FOL 
384        INFO  Timeout watchdog d.u.i.k.p.r.p.ForkedTestFileRunner Timeout watcher launched (2000 secs.) 
410        WARN  main            d.u.i.k.s.ProofSettings   The settings in /home/runner/.key/proof-settings.props are *not* read. 
456        INFO  main            d.u.i.k.p.r.p.TestFile    Now processing file /home/runner/work/key/key/key.core/../key.ui/examples/standard_key/pred_log/count.key 
572        INFO  main            d.u.i.k.p.i.AbstractProblemLoader Loading environment from /home/runner/work/key/key/key.core/../key.ui/examples/standard_key/pred_log/count.key 
588        DEBUG main            d.u.i.k.p.i.AbstractProblemLoader Environment load took 2.08ms 
818        INFO  main            d.u.i.k.p.i.AbstractProblemLoader Creating init config 
1794       DEBUG main            d.u.i.k.j.TypeConverter   No LDT found for Meta 
1795       DEBUG main            d.u.i.k.j.TypeConverter   No LDT found for Meta 
1798       DEBUG main            d.u.i.k.j.TypeConverter   No LDT found for Meta 
1798       DEBUG main            d.u.i.k.j.TypeConverter   No LDT found for Meta 
3383       DEBUG main            d.u.i.k.j.TypeConverter   No LDT found for JavaBigintExpression 
7930       DEBUG main            d.u.i.k.p.i.AbstractProblemLoader Init config took 7.11s 
7989       INFO  main            d.u.i.k.p.i.AbstractProblemLoader Replaying proof count.key 
8022       DEBUG main            d.u.i.k.p.i.IntermediateProofReplayer Proof replay took 38.2ns 
8181       INFO  main            d.u.i.k.p.r.p.TestFile    ... finished proof: closed. 
8285       INFO  main            d.u.i.k.p.i.AbstractProblemLoader Loading environment from /home/runner/work/key/key/key.core/../key.ui/examples/standard_key/pred_log/count.key.proof 
8286       DEBUG main            d.u.i.k.p.i.AbstractProblemLoader Environment load took 411.41ns 
8290       INFO  main            d.u.i.k.p.i.AbstractProblemLoader Creating init config 
10859      DEBUG main            d.u.i.k.p.i.AbstractProblemLoader Init config took 2.57s 
10903      INFO  main            d.u.i.k.p.i.AbstractProblemLoader Replaying proof count.key.proof 
10916      DEBUG main            d.u.i.k.p.i.IntermediateProofReplayer Proof replay took 7.66ms 
10927      DEBUG main            d.u.i.k.p.r.p.TestFile    ... success: reloaded. 
10928      INFO  main            d.u.i.k.p.r.p.TestFile    Now processing file /home/runner/work/key/key/key.core/../key.ui/examples/standard_key/pred_log/count2.key 
10928      INFO  main            d.u.i.k.p.i.AbstractProblemLoader Loading environment from /home/runner/work/key/key/key.core/../key.ui/examples/standard_key/pred_log/count2.key 
10928      DEBUG main            d.u.i.k.p.i.AbstractProblemLoader Environment load took 215ns 
10930      INFO  main            d.u.i.k.p.i.AbstractProblemLoader Creating init config 
13440      DEBUG main            d.u.i.k.p.i.AbstractProblemLoader Init config took 2.51s 
13468      INFO  main            d.u.i.k.p.i.AbstractProblemLoader Replaying proof count2.key 
13470      DEBUG main            d.u.i.k.p.i.IntermediateProofReplayer Proof replay took 6.3ns 
13573      INFO  main            d.u.i.k.p.r.p.TestFile    ... finished proof: closed. 
13706      INFO  main            d.u.i.k.p.i.AbstractProblemLoader Loading environment from /home/runner/work/key/key/key.core/../key.ui/examples/standard_key/pred_log/count2.key.proof 
13706      DEBUG main            d.u.i.k.p.i.AbstractProblemLoader Environment load took 139.3ns 
13708      INFO  main            d.u.i.k.p.i.AbstractProblemLoader Creating init config 
16181      DEBUG main            d.u.i.k.p.i.AbstractProblemLoader Init config took 2.47s 
16206      INFO  main            d.u.i.k.p.i.AbstractProblemLoader Replaying proof count2.key.proof 
16212      DEBUG main            d.u.i.k.p.i.IntermediateProofReplayer Proof replay took 3.94ms 
16214      DEBUG main            d.u.i.k.p.r.p.TestFile    ... success: reloaded. 
16214      INFO  main            d.u.i.k.p.r.p.TestFile    Now processing file /home/runner/work/key/key/key.core/../key.ui/examples/standard_key/pred_log/count3.key 
16215      INFO  main            d.u.i.k.p.i.AbstractProblemLoader Loading environment from /home/runner/work/key/key/key.core/../key.ui/examples/standard_key/pred_log/count3.key 
16215      DEBUG main            d.u.i.k.p.i.AbstractProblemLoader Environment load took 137.4ns 
16216      INFO  main            d.u.i.k.p.i.AbstractProblemLoader Creating init config 
18611      DEBUG main            d.u.i.k.p.i.AbstractProblemLoader Init config took 2.4s 
18634      INFO  main            d.u.i.k.p.i.AbstractProblemLoader Replaying proof count3.key 
18636      DEBUG main            d.u.i.k.p.i.IntermediateProofReplayer Proof replay took 6.5ns 
18742      INFO  main            d.u.i.k.p.r.p.TestFile    ... finished proof: closed. 
18875      INFO  main            d.u.i.k.p.i.AbstractProblemLoader Loading environment from /home/runner/work/key/key/key.core/../key.ui/examples/standard_key/pred_log/count3.key.proof 
18876      DEBUG main            d.u.i.k.p.i.AbstractProblemLoader Environment load took 139.9ns 
18882      INFO  main            d.u.i.k.p.i.AbstractProblemLoader Creating init config 
21348      DEBUG main            d.u.i.k.p.i.AbstractProblemLoader Init config took 2.47s 
21369      INFO  main            d.u.i.k.p.i.AbstractProblemLoader Replaying proof count3.key.proof 
21375      DEBUG main            d.u.i.k.p.i.IntermediateProofReplayer Proof replay took 3.05ms 
21376      DEBUG main            d.u.i.k.p.r.p.TestFile    ... success: reloaded. 
21377      INFO  main            d.u.i.k.p.r.p.TestFile    Now processing file /home/runner/work/key/key/key.core/../key.ui/examples/standard_key/pred_log/equalities.key 
21377      INFO  main            d.u.i.k.p.i.AbstractProblemLoader Loading environment from /home/runner/work/key/key/key.core/../key.ui/examples/standard_key/pred_log/equalities.key 
21377      DEBUG main            d.u.i.k.p.i.AbstractProblemLoader Environment load took 202.2ns 
21379      INFO  main            d.u.i.k.p.i.AbstractProblemLoader Creating init config 
23754      DEBUG main            d.u.i.k.p.i.AbstractProblemLoader Init config took 2.38s 
23774      INFO  main            d.u.i.k.p.i.AbstractProblemLoader Replaying proof equalities.key 
23776      DEBUG main            d.u.i.k.p.i.IntermediateProofReplayer Proof replay took 8.8ns 
23882      INFO  main            d.u.i.k.p.r.p.TestFile    ... finished proof: closed. 
24023      INFO  main            d.u.i.k.p.i.AbstractProblemLoader Loading environment from /home/runner/work/key/key/key.core/../key.ui/examples/standard_key/pred_log/equalities.key.proof 
24023      DEBUG main            d.u.i.k.p.i.AbstractProblemLoader Environment load took 143.5ns 
24024      INFO  main            d.u.i.k.p.i.AbstractProblemLoader Creating init config 
26400      DEBUG main            d.u.i.k.p.i.AbstractProblemLoader Init config took 2.38s 
26436      INFO  main            d.u.i.k.p.i.AbstractProblemLoader Replaying proof equalities.key.proof 
26444      DEBUG main            d.u.i.k.p.i.IntermediateProofReplayer Proof replay took 3.79ms 
26445      DEBUG main            d.u.i.k.p.r.p.TestFile    ... success: reloaded. 
26446      INFO  main            d.u.i.k.p.r.p.TestFile    Now processing file /home/runner/work/key/key/key.core/../key.ui/examples/standard_key/pred_log/equalities2.key 
26446      INFO  main            d.u.i.k.p.i.AbstractProblemLoader Loading environment from /home/runner/work/key/key/key.core/../key.ui/examples/standard_key/pred_log/equalities2.key 
26446      DEBUG main            d.u.i.k.p.i.AbstractProblemLoader Environment load took 103.7ns 
26447      INFO  main            d.u.i.k.p.i.AbstractProblemLoader Creating init config 
28857      DEBUG main            d.u.i.k.p.i.AbstractProblemLoader Init config took 2.41s 
28878      INFO  main            d.u.i.k.p.i.AbstractProblemLoader Replaying proof equalities2.key 
28881      DEBUG main            d.u.i.k.p.i.IntermediateProofReplayer Proof replay took 9.5ns 
28983      INFO  main            d.u.i.k.p.r.p.TestFile    ... finished proof: closed. 
29144      INFO  main            d.u.i.k.p.i.AbstractProblemLoader Loading environment from /home/runner/work/key/key/key.core/../key.ui/examples/standard_key/pred_log/equalities2.key.proof 
29144      DEBUG main            d.u.i.k.p.i.AbstractProblemLoader Environment load took 148ns 
29147      INFO  main            d.u.i.k.p.i.AbstractProblemLoader Creating init config 
31525      DEBUG main            d.u.i.k.p.i.AbstractProblemLoader Init config took 2.38s 
31542      INFO  main            d.u.i.k.p.i.AbstractProblemLoader Replaying proof equalities2.key.proof 
31548      DEBUG main            d.u.i.k.p.i.IntermediateProofReplayer Proof replay took 4ms 
31550      DEBUG main            d.u.i.k.p.r.p.TestFile    ... success: reloaded. 
31550      INFO  main            d.u.i.k.p.r.p.TestFile    Now processing file /home/runner/work/key/key/key.core/../key.ui/examples/standard_key/pred_log/equalities3.key 
31551      INFO  main            d.u.i.k.p.i.AbstractProblemLoader Loading environment from /home/runner/work/key/key/key.core/../key.ui/examples/standard_key/pred_log/equalities3.key 
31551      DEBUG main            d.u.i.k.p.i.AbstractProblemLoader Environment load took 186.8ns 
31552      INFO  main            d.u.i.k.p.i.AbstractProblemLoader Creating init config 
33870      DEBUG main            d.u.i.k.p.i.AbstractProblemLoader Init config took 2.32s 
33888      INFO  main            d.u.i.k.p.i.AbstractProblemLoader Replaying proof equalities3.key 
33889      DEBUG main            d.u.i.k.p.i.IntermediateProofReplayer Proof replay took 7.3ns 
33991      INFO  main            d.u.i.k.p.r.p.TestFile    ... finished proof: closed. 
34154      INFO  main            d.u.i.k.p.i.AbstractProblemLoader Loading environment from /home/runner/work/key/key/key.core/../key.ui/examples/standard_key/pred_log/equalities3.key.proof 
34154      DEBUG main            d.u.i.k.p.i.AbstractProblemLoader Environment load took 129.2ns 
34155      INFO  main            d.u.i.k.p.i.AbstractProblemLoader Creating init config 
36445      DEBUG main            d.u.i.k.p.i.AbstractProblemLoader Init config took 2.29s 
36462      INFO  main            d.u.i.k.p.i.AbstractProblemLoader Replaying proof equalities3.key.proof 
36476      DEBUG main            d.u.i.k.p.i.IntermediateProofReplayer Proof replay took 12.39ms 
36477      DEBUG main            d.u.i.k.p.r.p.TestFile    ... success: reloaded. 
36478      INFO  main            d.u.i.k.p.r.p.TestFile    Now processing file /home/runner/work/key/key/key.core/../key.ui/examples/standard_key/pred_log/functions.key 
36478      INFO  main            d.u.i.k.p.i.AbstractProblemLoader Loading environment from /home/runner/work/key/key/key.core/../key.ui/examples/standard_key/pred_log/functions.key 
36478      DEBUG main            d.u.i.k.p.i.AbstractProblemLoader Environment load took 68.9ns 
36479      INFO  main            d.u.i.k.p.i.AbstractProblemLoader Creating init config 
38844      DEBUG main            d.u.i.k.p.i.AbstractProblemLoader Init config took 2.36s 
38860      INFO  main            d.u.i.k.p.i.AbstractProblemLoader Replaying proof functions.key 
38861      DEBUG main            d.u.i.k.p.i.IntermediateProofReplayer Proof replay took 7.5ns 
38964      INFO  main            d.u.i.k.p.r.p.TestFile    ... finished proof: closed. 
39124      INFO  main            d.u.i.k.p.i.AbstractProblemLoader Loading environment from /home/runner/work/key/key/key.core/../key.ui/examples/standard_key/pred_log/functions.key.proof 
39124      DEBUG main            d.u.i.k.p.i.AbstractProblemLoader Environment load took 127.2ns 
39126      INFO  main            d.u.i.k.p.i.AbstractProblemLoader Creating init config 
41441      DEBUG main            d.u.i.k.p.i.AbstractProblemLoader Init config took 2.31s 
41457      INFO  main            d.u.i.k.p.i.AbstractProblemLoader Replaying proof functions.key.proof 
41461      DEBUG main            d.u.i.k.p.i.IntermediateProofReplayer Proof replay took 2.65ms 
41462      DEBUG main            d.u.i.k.p.r.p.TestFile    ... success: reloaded. 
41463      INFO  main            d.u.i.k.p.r.p.TestFile    Now processing file /home/runner/work/key/key/key.core/../key.ui/examples/standard_key/pred_log/mv1.key 
41463      INFO  main            d.u.i.k.p.i.AbstractProblemLoader Loading environment from /home/runner/work/key/key/key.core/../key.ui/examples/standard_key/pred_log/mv1.key 
41463      DEBUG main            d.u.i.k.p.i.AbstractProblemLoader Environment load took 104.3ns 
41464      INFO  main            d.u.i.k.p.i.AbstractProblemLoader Creating init config 
43868      DEBUG main            d.u.i.k.p.i.AbstractProblemLoader Init config took 2.4s 
43886      INFO  main            d.u.i.k.p.i.AbstractProblemLoader Replaying proof mv1.key 
43888      DEBUG main            d.u.i.k.p.i.IntermediateProofReplayer Proof replay took 8.5ns 
43990      INFO  main            d.u.i.k.p.r.p.TestFile    ... finished proof: closed. 
44151      INFO  main            d.u.i.k.p.i.AbstractProblemLoader Loading environment from /home/runner/work/key/key/key.core/../key.ui/examples/standard_key/pred_log/mv1.key.proof 
44151      DEBUG main            d.u.i.k.p.i.AbstractProblemLoader Environment load took 129.4ns 
44152      INFO  main            d.u.i.k.p.i.AbstractProblemLoader Creating init config 
46445      DEBUG main            d.u.i.k.p.i.AbstractProblemLoader Init config took 2.29s 
46460      INFO  main            d.u.i.k.p.i.AbstractProblemLoader Replaying proof mv1.key.proof 
46463      DEBUG main            d.u.i.k.p.i.IntermediateProofReplayer Proof replay took 1.02ms 
46463      DEBUG main            d.u.i.k.p.r.p.TestFile    ... success: reloaded. 
46464      INFO  main            d.u.i.k.p.r.p.TestFile    Now processing file /home/runner/work/key/key/key.core/../key.ui/examples/standard_key/pred_log/mv2.key 
46464      INFO  main            d.u.i.k.p.i.AbstractProblemLoader Loading environment from /home/runner/work/key/key/key.core/../key.ui/examples/standard_key/pred_log/mv2.key 
46464      DEBUG main            d.u.i.k.p.i.AbstractProblemLoader Environment load took 116.9ns 
46465      INFO  main            d.u.i.k.p.i.AbstractProblemLoader Creating init config 
48801      DEBUG main            d.u.i.k.p.i.AbstractProblemLoader Init config took 2.34s 
48816      INFO  main            d.u.i.k.p.i.AbstractProblemLoader Replaying proof mv2.key 
48817      DEBUG main            d.u.i.k.p.i.IntermediateProofReplayer Proof replay took 7.7ns 
48919      INFO  main            d.u.i.k.p.r.p.TestFile    ... finished proof: closed. 
49107      INFO  main            d.u.i.k.p.i.AbstractProblemLoader Loading environment from /home/runner/work/key/key/key.core/../key.ui/examples/standard_key/pred_log/mv2.key.proof 
49108      DEBUG main            d.u.i.k.p.i.AbstractProblemLoader Environment load took 122.6ns 
49109      INFO  main            d.u.i.k.p.i.AbstractProblemLoader Creating init config 
51402      DEBUG main            d.u.i.k.p.i.AbstractProblemLoader Init config took 2.29s 
51417      INFO  main            d.u.i.k.p.i.AbstractProblemLoader Replaying proof mv2.key.proof 
51421      DEBUG main            d.u.i.k.p.i.IntermediateProofReplayer Proof replay took 2.67ms 
51422      DEBUG main            d.u.i.k.p.r.p.TestFile    ... success: reloaded. 
51422      INFO  main            d.u.i.k.p.r.p.TestFile    Now processing file /home/runner/work/key/key/key.core/../key.ui/examples/standard_key/pred_log/quantifiers.key 
51422      INFO  main            d.u.i.k.p.i.AbstractProblemLoader Loading environment from /home/runner/work/key/key/key.core/../key.ui/examples/standard_key/pred_log/quantifiers.key 
51423      DEBUG main            d.u.i.k.p.i.AbstractProblemLoader Environment load took 94.4ns 
51423      INFO  main            d.u.i.k.p.i.AbstractProblemLoader Creating init config 
53724      DEBUG main            d.u.i.k.p.i.AbstractProblemLoader Init config took 2.3s 
53739      INFO  main            d.u.i.k.p.i.AbstractProblemLoader Replaying proof quantifiers.key 
53741      DEBUG main            d.u.i.k.p.i.IntermediateProofReplayer Proof replay took 7.8ns 
53844      INFO  main            d.u.i.k.p.r.p.TestFile    ... finished proof: closed. 
54029      INFO  main            d.u.i.k.p.i.AbstractProblemLoader Loading environment from /home/runner/work/key/key/key.core/../key.ui/examples/standard_key/pred_log/quantifiers.key.proof 
54029      DEBUG main            d.u.i.k.p.i.AbstractProblemLoader Environment load took 130.6ns 
54030      INFO  main            d.u.i.k.p.i.AbstractProblemLoader Creating init config 
56307      DEBUG main            d.u.i.k.p.i.AbstractProblemLoader Init config took 2.28s 
56322      INFO  main            d.u.i.k.p.i.AbstractProblemLoader Replaying proof quantifiers.key.proof 
56326      DEBUG main            d.u.i.k.p.i.IntermediateProofReplayer Proof replay took 2.56ms 
56327      DEBUG main            d.u.i.k.p.r.p.TestFile    ... success: reloaded. 
56327      INFO  main            d.u.i.k.p.r.p.TestFile    Now processing file /home/runner/work/key/key/key.core/../key.ui/examples/standard_key/pred_log/simpleEps.key 
56328      INFO  main            d.u.i.k.p.i.AbstractProblemLoader Loading environment from /home/runner/work/key/key/key.core/../key.ui/examples/standard_key/pred_log/simpleEps.key 
56328      DEBUG main            d.u.i.k.p.i.AbstractProblemLoader Environment load took 93.7ns 
56330      INFO  main            d.u.i.k.p.i.AbstractProblemLoader Creating init config 
58656      DEBUG main            d.u.i.k.p.i.AbstractProblemLoader Init config took 2.33s 
58671      INFO  main            d.u.i.k.p.i.AbstractProblemLoader Replaying proof simpleEps.key 
58672      DEBUG main            d.u.i.k.p.i.IntermediateProofReplayer Proof replay took 7.9ns 
58774      INFO  main            d.u.i.k.p.r.p.TestFile    ... finished proof: closed. 
58962      INFO  main            d.u.i.k.p.i.AbstractProblemLoader Loading environment from /home/runner/work/key/key/key.core/../key.ui/examples/standard_key/pred_log/simpleEps.key.proof 
58962      DEBUG main            d.u.i.k.p.i.AbstractProblemLoader Environment load took 123.1ns 
58964      INFO  main            d.u.i.k.p.i.AbstractProblemLoader Creating init config 
61251      DEBUG main            d.u.i.k.p.i.AbstractProblemLoader Init config took 2.29s 
61267      INFO  main            d.u.i.k.p.i.AbstractProblemLoader Replaying proof simpleEps.key.proof 
61270      DEBUG main            d.u.i.k.p.i.IntermediateProofReplayer Proof replay took 1.57ms 
61271      DEBUG main            d.u.i.k.p.r.p.TestFile    ... success: reloaded. 
61272      INFO  main            d.u.i.k.p.r.p.TestFile    Now processing file /home/runner/work/key/key/key.core/../key.ui/examples/standard_key/pred_log/steam1.key 
61272      INFO  main            d.u.i.k.p.i.AbstractProblemLoader Loading environment from /home/runner/work/key/key/key.core/../key.ui/examples/standard_key/pred_log/steam1.key 
61272      DEBUG main            d.u.i.k.p.i.AbstractProblemLoader Environment load took 130.3ns 
61274      INFO  main            d.u.i.k.p.i.AbstractProblemLoader Creating init config 
63596      DEBUG main            d.u.i.k.p.i.AbstractProblemLoader Init config took 2.32s 
63618      INFO  main            d.u.i.k.p.i.AbstractProblemLoader Replaying proof steam1.key 
63619      DEBUG main            d.u.i.k.p.i.IntermediateProofReplayer Proof replay took 8.8ns 
63933      INFO  main            d.u.i.k.p.r.p.TestFile    ... finished proof: closed. 
64139      INFO  main            d.u.i.k.p.i.AbstractProblemLoader Loading environment from /home/runner/work/key/key/key.core/../key.ui/examples/standard_key/pred_log/steam1.key.proof 
64141      DEBUG main            d.u.i.k.p.i.AbstractProblemLoader Environment load took 2.32ms 
64146      INFO  main            d.u.i.k.p.i.AbstractProblemLoader Creating init config 
66411      DEBUG main            d.u.i.k.p.i.AbstractProblemLoader Init config took 2.26s 
66435      INFO  main            d.u.i.k.p.i.AbstractProblemLoader Replaying proof steam1.key.proof 
66456      DEBUG main            d.u.i.k.p.i.IntermediateProofReplayer Proof replay took 17.84ms 
66458      DEBUG main            d.u.i.k.p.r.p.TestFile    ... success: reloaded. 
66459      INFO  main            d.u.i.k.p.r.p.TestFile    Now processing file /home/runner/work/key/key/key.core/../key.ui/examples/standard_key/pred_log/tptp/PUZ/PUZ001p1.key 
66459      INFO  main            d.u.i.k.p.i.AbstractProblemLoader Loading environment from /home/runner/work/key/key/key.core/../key.ui/examples/standard_key/pred_log/tptp/PUZ/PUZ001p1.key 
66460      DEBUG main            d.u.i.k.p.i.AbstractProblemLoader Environment load took 171.4ns 
66461      INFO  main            d.u.i.k.p.i.AbstractProblemLoader Creating init config 
68842      DEBUG main            d.u.i.k.p.i.AbstractProblemLoader Init config took 2.38s 
68862      INFO  main            d.u.i.k.p.i.AbstractProblemLoader Replaying proof PUZ001p1.key 
68863      DEBUG main            d.u.i.k.p.i.IntermediateProofReplayer Proof replay took 7.6ns 
72088      INFO  main            d.u.i.k.p.r.p.TestFile    ... finished proof: closed. 
72371      INFO  main            d.u.i.k.p.i.AbstractProblemLoader Loading environment from /home/runner/work/key/key/key.core/../key.ui/examples/standard_key/pred_log/tptp/PUZ/PUZ001p1.key.proof 
72375      DEBUG main            d.u.i.k.p.i.AbstractProblemLoader Environment load took 4.17ms 
72378      INFO  main            d.u.i.k.p.i.AbstractProblemLoader Creating init config 
74650      DEBUG main            d.u.i.k.p.i.AbstractProblemLoader Init config took 2.27s 
74666      INFO  main            d.u.i.k.p.i.AbstractProblemLoader Replaying proof PUZ001p1.key.proof 
74826      DEBUG main            d.u.i.k.p.i.IntermediateProofReplayer Proof replay took 150.42ms 
74828      DEBUG main            d.u.i.k.p.r.p.TestFile    ... success: reloaded. 
74829      INFO  main            d.u.i.k.p.r.p.TestFile    Now processing file /home/runner/work/key/key/key.core/../key.ui/examples/standard_key/pred_log/tptp/PUZ/PUZ001p1-eq.key 
74829      INFO  main            d.u.i.k.p.i.AbstractProblemLoader Loading environment from /home/runner/work/key/key/key.core/../key.ui/examples/standard_key/pred_log/tptp/PUZ/PUZ001p1-eq.key 
74829      DEBUG main            d.u.i.k.p.i.AbstractProblemLoader Environment load took 196.4ns 
74830      INFO  main            d.u.i.k.p.i.AbstractProblemLoader Creating init config 
77148      DEBUG main            d.u.i.k.p.i.AbstractProblemLoader Init config took 2.32s 
77163      INFO  main            d.u.i.k.p.i.AbstractProblemLoader Replaying proof PUZ001p1-eq.key 
77165      DEBUG main            d.u.i.k.p.i.IntermediateProofReplayer Proof replay took 7.8ns 
77270      INFO  main            d.u.i.k.p.r.p.TestFile    ... finished proof: closed. 
77506      INFO  main            d.u.i.k.p.i.AbstractProblemLoader Loading environment from /home/runner/work/key/key/key.core/../key.ui/examples/standard_key/pred_log/tptp/PUZ/PUZ001p1-eq.key.proof 
77506      DEBUG main            d.u.i.k.p.i.AbstractProblemLoader Environment load took 548.11ns 
77508      INFO  main            d.u.i.k.p.i.AbstractProblemLoader Creating init config 
79742      DEBUG main            d.u.i.k.p.i.AbstractProblemLoader Init config took 2.23s 
79757      INFO  main            d.u.i.k.p.i.AbstractProblemLoader Replaying proof PUZ001p1-eq.key.proof 
79782      DEBUG main            d.u.i.k.p.i.IntermediateProofReplayer Proof replay took 20.95ms 
79784      DEBUG main            d.u.i.k.p.r.p.TestFile    ... success: reloaded. 
79784      INFO  main            d.u.i.k.p.r.p.TestFile    Now processing file /home/runner/work/key/key/key.core/../key.ui/examples/standard_key/pred_log/tptp/PUZ/PUZ031p1.key 
79784      INFO  main            d.u.i.k.p.i.AbstractProblemLoader Loading environment from /home/runner/work/key/key/key.core/../key.ui/examples/standard_key/pred_log/tptp/PUZ/PUZ031p1.key 
79785      DEBUG main            d.u.i.k.p.i.AbstractProblemLoader Environment load took 96.5ns 
79786      INFO  main            d.u.i.k.p.i.AbstractProblemLoader Creating init config 
82104      DEBUG main            d.u.i.k.p.i.AbstractProblemLoader Init config took 2.32s 
82120      INFO  main            d.u.i.k.p.i.AbstractProblemLoader Replaying proof PUZ031p1.key 
82121      DEBUG main            d.u.i.k.p.i.IntermediateProofReplayer Proof replay took 8.5ns 
90190      INFO  main            d.u.i.k.p.r.p.TestFile    ... finished proof: closed. 
90415      INFO  main            d.u.i.k.p.i.AbstractProblemLoader Loading environment from /home/runner/work/key/key/key.core/../key.ui/examples/standard_key/pred_log/tptp/PUZ/PUZ031p1.key.proof 
90416      DEBUG main            d.u.i.k.p.i.AbstractProblemLoader Environment load took 203.8ns 
90419      INFO  main            d.u.i.k.p.i.AbstractProblemLoader Creating init config 
92655      DEBUG main            d.u.i.k.p.i.AbstractProblemLoader Init config took 2.24s 
92670      INFO  main            d.u.i.k.p.i.AbstractProblemLoader Replaying proof PUZ031p1.key.proof 
92728      DEBUG main            d.u.i.k.p.i.IntermediateProofReplayer Proof replay took 52.27ms 
92729      DEBUG main            d.u.i.k.p.r.p.TestFile    ... success: reloaded. 
92730      INFO  main            d.u.i.k.p.r.p.TestFile    Now processing file /home/runner/work/key/key/key.core/../key.ui/examples/standard_key/pred_log/tptp/SET/SET027p3.key 
92730      INFO  main            d.u.i.k.p.i.AbstractProblemLoader Loading environment from /home/runner/work/key/key/key.core/../key.ui/examples/standard_key/pred_log/tptp/SET/SET027p3.key 
92730      DEBUG main            d.u.i.k.p.i.AbstractProblemLoader Environment load took 99.8ns 
92731      INFO  main            d.u.i.k.p.i.AbstractProblemLoader Creating init config 
95028      DEBUG main            d.u.i.k.p.i.AbstractProblemLoader Init config took 2.3s 
95042      INFO  main            d.u.i.k.p.i.AbstractProblemLoader Replaying proof SET027p3.key 
95043      DEBUG main            d.u.i.k.p.i.IntermediateProofReplayer Proof replay took 7.2ns 
95146      INFO  main            d.u.i.k.p.r.p.TestFile    ... finished proof: closed. 
95379      INFO  main            d.u.i.k.p.i.AbstractProblemLoader Loading environment from /home/runner/work/key/key/key.core/../key.ui/examples/standard_key/pred_log/tptp/SET/SET027p3.key.proof 
95379      DEBUG main            d.u.i.k.p.i.AbstractProblemLoader Environment load took 137.3ns 
95381      INFO  main            d.u.i.k.p.i.AbstractProblemLoader Creating init config 
97612      DEBUG main            d.u.i.k.p.i.AbstractProblemLoader Init config took 2.23s 
97627      INFO  main            d.u.i.k.p.i.AbstractProblemLoader Replaying proof SET027p3.key.proof 
97633      DEBUG main            d.u.i.k.p.i.IntermediateProofReplayer Proof replay took 4.65ms 
97634      DEBUG main            d.u.i.k.p.r.p.TestFile    ... success: reloaded. 
97635      INFO  main            d.u.i.k.p.r.p.TestFile    Now processing file /home/runner/work/key/key/key.core/../key.ui/examples/standard_key/pred_log/tptp/SET/SET043p1.key 
97635      INFO  main            d.u.i.k.p.i.AbstractProblemLoader Loading environment from /home/runner/work/key/key/key.core/../key.ui/examples/standard_key/pred_log/tptp/SET/SET043p1.key 
97635      DEBUG main            d.u.i.k.p.i.AbstractProblemLoader Environment load took 175.4ns 
97636      INFO  main            d.u.i.k.p.i.AbstractProblemLoader Creating init config 
99901      DEBUG main            d.u.i.k.p.i.AbstractProblemLoader Init config took 2.26s 
99915      INFO  main            d.u.i.k.p.i.AbstractProblemLoader Replaying proof SET043p1.key 
99916      DEBUG main            d.u.i.k.p.i.IntermediateProofReplayer Proof replay took 8.9ns 
100022     INFO  main            d.u.i.k.p.r.p.TestFile    ... finished proof: closed. 
100244     INFO  main            d.u.i.k.p.i.AbstractProblemLoader Loading environment from /home/runner/work/key/key/key.core/../key.ui/examples/standard_key/pred_log/tptp/SET/SET043p1.key.proof 
100244     DEBUG main            d.u.i.k.p.i.AbstractProblemLoader Environment load took 180ns 
100246     INFO  main            d.u.i.k.p.i.AbstractProblemLoader Creating init config 
102473     DEBUG main            d.u.i.k.p.i.AbstractProblemLoader Init config took 2.23s 
102487     INFO  main            d.u.i.k.p.i.AbstractProblemLoader Replaying proof SET043p1.key.proof 
102490     DEBUG main            d.u.i.k.p.i.IntermediateProofReplayer Proof replay took 1.44ms 
102491     DEBUG main            d.u.i.k.p.r.p.TestFile    ... success: reloaded. 
102491     INFO  main            d.u.i.k.p.r.p.TestFile    Now processing file /home/runner/work/key/key/key.core/../key.ui/examples/standard_key/pred_log/tptp/SET/SET045p1.key 
102492     INFO  main            d.u.i.k.p.i.AbstractProblemLoader Loading environment from /home/runner/work/key/key/key.core/../key.ui/examples/standard_key/pred_log/tptp/SET/SET045p1.key 
102492     DEBUG main            d.u.i.k.p.i.AbstractProblemLoader Environment load took 77.5ns 
102493     INFO  main            d.u.i.k.p.i.AbstractProblemLoader Creating init config 
104802     DEBUG main            d.u.i.k.p.i.AbstractProblemLoader Init config took 2.31s 
104816     INFO  main            d.u.i.k.p.i.AbstractProblemLoader Replaying proof SET045p1.key 
104817     DEBUG main            d.u.i.k.p.i.IntermediateProofReplayer Proof replay took 9.2ns 
104922     INFO  main            d.u.i.k.p.r.p.TestFile    ... finished proof: closed. 
105170     INFO  main            d.u.i.k.p.i.AbstractProblemLoader Loading environment from /home/runner/work/key/key/key.core/../key.ui/examples/standard_key/pred_log/tptp/SET/SET045p1.key.proof 
105170     DEBUG main            d.u.i.k.p.i.AbstractProblemLoader Environment load took 122.7ns 
105171     INFO  main            d.u.i.k.p.i.AbstractProblemLoader Creating init config 
107397     DEBUG main            d.u.i.k.p.i.AbstractProblemLoader Init config took 2.23s 
107411     INFO  main            d.u.i.k.p.i.AbstractProblemLoader Replaying proof SET045p1.key.proof 
107417     DEBUG main            d.u.i.k.p.i.IntermediateProofReplayer Proof replay took 4.3ms 
107418     DEBUG main            d.u.i.k.p.r.p.TestFile    ... success: reloaded. 
107419     INFO  main            d.u.i.k.p.r.p.TestFile    Now processing file /home/runner/work/key/key/key.core/../key.ui/examples/standard_key/pred_log/tptp/SET/SET062p3.key 
107419     INFO  main            d.u.i.k.p.i.AbstractProblemLoader Loading environment from /home/runner/work/key/key/key.core/../key.ui/examples/standard_key/pred_log/tptp/SET/SET062p3.key 
107419     DEBUG main            d.u.i.k.p.i.AbstractProblemLoader Environment load took 89.6ns 
107420     INFO  main            d.u.i.k.p.i.AbstractProblemLoader Creating init config 
109718     DEBUG main            d.u.i.k.p.i.AbstractProblemLoader Init config took 2.3s 
109732     INFO  main            d.u.i.k.p.i.AbstractProblemLoader Replaying proof SET062p3.key 
109733     DEBUG main            d.u.i.k.p.i.IntermediateProofReplayer Proof replay took 9.9ns 
109836     INFO  main            d.u.i.k.p.r.p.TestFile    ... finished proof: closed. 
110071     INFO  main            d.u.i.k.p.i.AbstractProblemLoader Loading environment from /home/runner/work/key/key/key.core/../key.ui/examples/standard_key/pred_log/tptp/SET/SET062p3.key.proof 
110071     DEBUG main            d.u.i.k.p.i.AbstractProblemLoader Environment load took 118.6ns 
110072     INFO  main            d.u.i.k.p.i.AbstractProblemLoader Creating init config 
112276     DEBUG main            d.u.i.k.p.i.AbstractProblemLoader Init config took 2.2s 
112295     INFO  main            d.u.i.k.p.i.AbstractProblemLoader Replaying proof SET062p3.key.proof 
112302     DEBUG main            d.u.i.k.p.i.IntermediateProofReplayer Proof replay took 5.03ms 
112304     DEBUG main            d.u.i.k.p.r.p.TestFile    ... success: reloaded. 
112305     INFO  main            d.u.i.k.p.r.p.TestFile    Now processing file /home/runner/work/key/key/key.core/../key.ui/examples/standard_key/pred_log/tptp/SET/SET063p3.key 
112305     INFO  main            d.u.i.k.p.i.AbstractProblemLoader Loading environment from /home/runner/work/key/key/key.core/../key.ui/examples/standard_key/pred_log/tptp/SET/SET063p3.key 
112306     DEBUG main            d.u.i.k.p.i.AbstractProblemLoader Environment load took 1.11ms 
112308     INFO  main            d.u.i.k.p.i.AbstractProblemLoader Creating init config 
114602     DEBUG main            d.u.i.k.p.i.AbstractProblemLoader Init config took 2.29s 
114617     INFO  main            d.u.i.k.p.i.AbstractProblemLoader Replaying proof SET063p3.key 
114618     DEBUG main            d.u.i.k.p.i.IntermediateProofReplayer Proof replay took 8.3ns 
114722     INFO  main            d.u.i.k.p.r.p.TestFile    ... finished proof: closed. 
115005     INFO  main            d.u.i.k.p.i.AbstractProblemLoader Loading environment from /home/runner/work/key/key/key.core/../key.ui/examples/standard_key/pred_log/tptp/SET/SET063p3.key.proof 
115005     DEBUG main            d.u.i.k.p.i.AbstractProblemLoader Environment load took 128.3ns 
115006     INFO  main            d.u.i.k.p.i.AbstractProblemLoader Creating init config 
117210     DEBUG main            d.u.i.k.p.i.AbstractProblemLoader Init config took 2.2s 
117225     INFO  main            d.u.i.k.p.i.AbstractProblemLoader Replaying proof SET063p3.key.proof 
117231     DEBUG main            d.u.i.k.p.i.IntermediateProofReplayer Proof replay took 5.03ms 
117232     DEBUG main            d.u.i.k.p.r.p.TestFile    ... success: reloaded. 
117233     INFO  main            d.u.i.k.p.r.p.TestFile    Now processing file /home/runner/work/key/key/key.core/../key.ui/examples/standard_key/pred_log/tptp/SYN/SYN036p2.key 
117233     INFO  main            d.u.i.k.p.i.AbstractProblemLoader Loading environment from /home/runner/work/key/key/key.core/../key.ui/examples/standard_key/pred_log/tptp/SYN/SYN036p2.key 
117233     DEBUG main            d.u.i.k.p.i.AbstractProblemLoader Environment load took 89.8ns 
117234     INFO  main            d.u.i.k.p.i.AbstractProblemLoader Creating init config 
119538     DEBUG main            d.u.i.k.p.i.AbstractProblemLoader Init config took 2.3s 
119553     INFO  main            d.u.i.k.p.i.AbstractProblemLoader Replaying proof SYN036p2.key 
119554     DEBUG main            d.u.i.k.p.i.IntermediateProofReplayer Proof replay took 8.7ns 
119859     INFO  main            d.u.i.k.p.r.p.TestFile    ... finished proof: closed. 
120119     INFO  main            d.u.i.k.p.i.AbstractProblemLoader Loading environment from /home/runner/work/key/key/key.core/../key.ui/examples/standard_key/pred_log/tptp/SYN/SYN036p2.key.proof 
120119     DEBUG main            d.u.i.k.p.i.AbstractProblemLoader Environment load took 389.31ns 
120120     INFO  main            d.u.i.k.p.i.AbstractProblemLoader Creating init config 
122325     DEBUG main            d.u.i.k.p.i.AbstractProblemLoader Init config took 2.21s 
122342     INFO  main            d.u.i.k.p.i.AbstractProblemLoader Replaying proof SYN036p2.key.proof 
122410     DEBUG main            d.u.i.k.p.i.IntermediateProofReplayer Proof replay took 60.71ms 
122412     DEBUG main            d.u.i.k.p.r.p.TestFile    ... success: reloaded. 
122413     INFO  main            d.u.i.k.p.r.p.TestFile    Now processing file /home/runner/work/key/key/key.core/../key.ui/examples/standard_key/pred_log/tptp/SYN/SYN550p1.key 
122413     INFO  main            d.u.i.k.p.i.AbstractProblemLoader Loading environment from /home/runner/work/key/key/key.core/../key.ui/examples/standard_key/pred_log/tptp/SYN/SYN550p1.key 
122413     DEBUG main            d.u.i.k.p.i.AbstractProblemLoader Environment load took 172ns 
122414     INFO  main            d.u.i.k.p.i.AbstractProblemLoader Creating init config 
124679     DEBUG main            d.u.i.k.p.i.AbstractProblemLoader Init config took 2.26s 
124694     INFO  main            d.u.i.k.p.i.AbstractProblemLoader Replaying proof SYN550p1.key 
124695     DEBUG main            d.u.i.k.p.i.IntermediateProofReplayer Proof replay took 9.3ns 
127506     INFO  main            d.u.i.k.p.r.p.TestFile    ... finished proof: closed. 
127775     INFO  main            d.u.i.k.p.i.AbstractProblemLoader Loading environment from /home/runner/work/key/key/key.core/../key.ui/examples/standard_key/pred_log/tptp/SYN/SYN550p1.key.proof 
127775     DEBUG main            d.u.i.k.p.i.AbstractProblemLoader Environment load took 131.5ns 
127776     INFO  main            d.u.i.k.p.i.AbstractProblemLoader Creating init config 
129982     DEBUG main            d.u.i.k.p.i.AbstractProblemLoader Init config took 2.21s 
129996     INFO  main            d.u.i.k.p.i.AbstractProblemLoader Replaying proof SYN550p1.key.proof 
130095     DEBUG main            d.u.i.k.p.i.IntermediateProofReplayer Proof replay took 87.51ms 
130098     DEBUG main            d.u.i.k.p.r.p.TestFile    ... success: reloaded. 
130099     INFO  main            d.u.i.k.p.r.p.TestFile    Now processing file /home/runner/work/key/key/key.core/../key.ui/examples/standard_key/prop_log/reallySimple.key 
130100     INFO  main            d.u.i.k.p.i.AbstractProblemLoader Loading environment from /home/runner/work/key/key/key.core/../key.ui/examples/standard_key/prop_log/reallySimple.key 
130100     DEBUG main            d.u.i.k.p.i.AbstractProblemLoader Environment load took 169.6ns 
130101     INFO  main            d.u.i.k.p.i.AbstractProblemLoader Creating init config 
132371     DEBUG main            d.u.i.k.p.i.AbstractProblemLoader Init config took 2.27s 
132384     INFO  main            d.u.i.k.p.i.AbstractProblemLoader Replaying proof reallySimple.key 
132386     DEBUG main            d.u.i.k.p.i.IntermediateProofReplayer Proof replay took 8.8ns 
132489     INFO  main            d.u.i.k.p.r.p.TestFile    ... finished proof: open goal(s) 
132753     INFO  main            d.u.i.k.p.r.p.TestFile    Now processing file /home/runner/work/key/key/key.core/../key.ui/examples/standard_key/pred_log/sameName1.key 
132753     INFO  main            d.u.i.k.p.i.AbstractProblemLoader Loading environment from /home/runner/work/key/key/key.core/../key.ui/examples/standard_key/pred_log/sameName1.key 
132753     DEBUG main            d.u.i.k.p.i.AbstractProblemLoader Environment load took 68ns 
132754     INFO  main            d.u.i.k.p.i.AbstractProblemLoader Creating init config 
134955     DEBUG main            d.u.i.k.p.i.AbstractProblemLoader Init config took 2.2s 
134968     INFO  main            d.u.i.k.p.i.AbstractProblemLoader Replaying proof sameName1.key 
134970     DEBUG main            d.u.i.k.p.i.IntermediateProofReplayer Proof replay took 9.2ns 
135071     INFO  main            d.u.i.k.p.r.p.TestFile    ... finished proof: open goal(s) 
135322     INFO  main            d.u.i.k.p.r.p.TestFile    Now processing file /home/runner/work/key/key/key.core/../key.ui/examples/standard_key/pred_log/jbyteIfEx.key 
135322     INFO  main            d.u.i.k.p.i.AbstractProblemLoader Loading environment from /home/runner/work/key/key/key.core/../key.ui/examples/standard_key/pred_log/jbyteIfEx.key 
135322     DEBUG main            d.u.i.k.p.i.AbstractProblemLoader Environment load took 77.3ns 
135323     INFO  main            d.u.i.k.p.i.AbstractProblemLoader Creating init config 
137567     DEBUG main            d.u.i.k.p.i.AbstractProblemLoader Init config took 2.24s 
137580     INFO  main            d.u.i.k.p.i.AbstractProblemLoader Replaying proof jbyteIfEx.key 
137581     DEBUG main            d.u.i.k.p.i.IntermediateProofReplayer Proof replay took 7.8ns 
137683     INFO  main            d.u.i.k.p.r.p.TestFile    ... finished proof: closed. 
137985     INFO  main            d.u.i.k.p.i.AbstractProblemLoader Loading environment from /home/runner/work/key/key/key.core/../key.ui/examples/standard_key/pred_log/jbyteIfEx.key.proof 
137985     DEBUG main            d.u.i.k.p.i.AbstractProblemLoader Environment load took 119.6ns 
137987     INFO  main            d.u.i.k.p.i.AbstractProblemLoader Creating init config 
140191     DEBUG main            d.u.i.k.p.i.AbstractProblemLoader Init config took 2.2s 
140205     INFO  main            d.u.i.k.p.i.AbstractProblemLoader Replaying proof jbyteIfEx.key.proof 
140212     DEBUG main            d.u.i.k.p.i.IntermediateProofReplayer Proof replay took 5.63ms 
140213     DEBUG main            d.u.i.k.p.r.p.TestFile    ... success: reloaded. 
140214     INFO  main            d.u.i.k.p.r.p.TestFile    Now processing file /home/runner/work/key/key/key.core/../key.ui/examples/standard_key/prop_log/allClausesLength4.key 
140214     INFO  main            d.u.i.k.p.i.AbstractProblemLoader Loading environment from /home/runner/work/key/key/key.core/../key.ui/examples/standard_key/prop_log/allClausesLength4.key 
140214     DEBUG main            d.u.i.k.p.i.AbstractProblemLoader Environment load took 163.3ns 
140216     INFO  main            d.u.i.k.p.i.AbstractProblemLoader Creating init config 
142497     DEBUG main            d.u.i.k.p.i.AbstractProblemLoader Init config took 2.28s 
142511     INFO  main            d.u.i.k.p.i.AbstractProblemLoader Replaying proof allClausesLength4.key 
142513     DEBUG main            d.u.i.k.p.i.IntermediateProofReplayer Proof replay took 7.7ns 
142616     INFO  main            d.u.i.k.p.r.p.TestFile    ... finished proof: closed. 
142885     INFO  main            d.u.i.k.p.i.AbstractProblemLoader Loading environment from /home/runner/work/key/key/key.core/../key.ui/examples/standard_key/prop_log/allClausesLength4.key.proof 
142885     DEBUG main            d.u.i.k.p.i.AbstractProblemLoader Environment load took 121.9ns 
142887     INFO  main            d.u.i.k.p.i.AbstractProblemLoader Creating init config 
145087     DEBUG main            d.u.i.k.p.i.AbstractProblemLoader Init config took 2.2s 
145101     INFO  main            d.u.i.k.p.i.AbstractProblemLoader Replaying proof allClausesLength4.key.proof 
145114     DEBUG main            d.u.i.k.p.i.IntermediateProofReplayer Proof replay took 9.99ms 
145115     DEBUG main            d.u.i.k.p.r.p.TestFile    ... success: reloaded. 
145115     INFO  main            d.u.i.k.p.r.p.TestFile    Now processing file /home/runner/work/key/key/key.core/../key.ui/examples/standard_key/prop_log/allClausesLength5.key 
145116     INFO  main            d.u.i.k.p.i.AbstractProblemLoader Loading environment from /home/runner/work/key/key/key.core/../key.ui/examples/standard_key/prop_log/allClausesLength5.key 
145116     DEBUG main            d.u.i.k.p.i.AbstractProblemLoader Environment load took 94.2ns 
145117     INFO  main            d.u.i.k.p.i.AbstractProblemLoader Creating init config 
147421     DEBUG main            d.u.i.k.p.i.AbstractProblemLoader Init config took 2.3s 
147436     INFO  main            d.u.i.k.p.i.AbstractProblemLoader Replaying proof allClausesLength5.key 
147437     DEBUG main            d.u.i.k.p.i.IntermediateProofReplayer Proof replay took 9.7ns 
147741     INFO  main            d.u.i.k.p.r.p.TestFile    ... finished proof: closed. 
148030     INFO  main            d.u.i.k.p.i.AbstractProblemLoader Loading environment from /home/runner/work/key/key/key.core/../key.ui/examples/standard_key/prop_log/allClausesLength5.key.proof 
148031     DEBUG main            d.u.i.k.p.i.AbstractProblemLoader Environment load took 508.61ns 
148038     INFO  main            d.u.i.k.p.i.AbstractProblemLoader Creating init config 
150246     DEBUG main            d.u.i.k.p.i.AbstractProblemLoader Init config took 2.21s 
150260     INFO  main            d.u.i.k.p.i.AbstractProblemLoader Replaying proof allClausesLength5.key.proof 
150293     DEBUG main            d.u.i.k.p.i.IntermediateProofReplayer Proof replay took 27.88ms 
150294     DEBUG main            d.u.i.k.p.r.p.TestFile    ... success: reloaded. 
150295     INFO  main            d.u.i.k.p.r.p.TestFile    Now processing file /home/runner/work/key/key/key.core/../key.ui/examples/standard_key/prop_log/doubleNeg.key 
150295     INFO  main            d.u.i.k.p.i.AbstractProblemLoader Loading environment from /home/runner/work/key/key/key.core/../key.ui/examples/standard_key/prop_log/doubleNeg.key 
150295     DEBUG main            d.u.i.k.p.i.AbstractProblemLoader Environment load took 87ns 
150296     INFO  main            d.u.i.k.p.i.AbstractProblemLoader Creating init config 
152547     DEBUG main            d.u.i.k.p.i.AbstractProblemLoader Init config took 2.25s 
152561     INFO  main            d.u.i.k.p.i.AbstractProblemLoader Replaying proof doubleNeg.key 
152564     DEBUG main            d.u.i.k.p.i.IntermediateProofReplayer Proof replay took 8.8ns 
152665     INFO  main            d.u.i.k.p.r.p.TestFile    ... finished proof: closed. 
152950     INFO  main            d.u.i.k.p.i.AbstractProblemLoader Loading environment from /home/runner/work/key/key/key.core/../key.ui/examples/standard_key/prop_log/doubleNeg.key.proof 
152950     DEBUG main            d.u.i.k.p.i.AbstractProblemLoader Environment load took 106.1ns 
152951     INFO  main            d.u.i.k.p.i.AbstractProblemLoader Creating init config 
155150     DEBUG main            d.u.i.k.p.i.AbstractProblemLoader Init config took 2.2s 
155163     INFO  main            d.u.i.k.p.i.AbstractProblemLoader Replaying proof doubleNeg.key.proof 
155165     DEBUG main            d.u.i.k.p.i.IntermediateProofReplayer Proof replay took 501.21ns 
155166     DEBUG main            d.u.i.k.p.r.p.TestFile    ... success: reloaded. 
155166     INFO  main            d.u.i.k.p.r.p.TestFile    Now processing file /home/runner/work/key/key/key.core/../key.ui/examples/standard_key/prop_log/liarsville.key 
155167     INFO  main            d.u.i.k.p.i.AbstractProblemLoader Loading environment from /home/runner/work/key/key/key.core/../key.ui/examples/standard_key/prop_log/liarsville.key 
155167     DEBUG main            d.u.i.k.p.i.AbstractProblemLoader Environment load took 86.6ns 
155168     INFO  main            d.u.i.k.p.i.AbstractProblemLoader Creating init config 
157426     DEBUG main            d.u.i.k.p.i.AbstractProblemLoader Init config took 2.26s 
157440     INFO  main            d.u.i.k.p.i.AbstractProblemLoader Replaying proof liarsville.key 
157442     DEBUG main            d.u.i.k.p.i.IntermediateProofReplayer Proof replay took 8.2ns 
157545     INFO  main            d.u.i.k.p.r.p.TestFile    ... finished proof: closed. 
157831     INFO  main            d.u.i.k.p.i.AbstractProblemLoader Loading environment from /home/runner/work/key/key/key.core/../key.ui/examples/standard_key/prop_log/liarsville.key.proof 
157832     DEBUG main            d.u.i.k.p.i.AbstractProblemLoader Environment load took 113.6ns 
157833     INFO  main            d.u.i.k.p.i.AbstractProblemLoader Creating init config 
160028     DEBUG main            d.u.i.k.p.i.AbstractProblemLoader Init config took 2.19s 
160041     INFO  main            d.u.i.k.p.i.AbstractProblemLoader Replaying proof liarsville.key.proof 
160049     DEBUG main            d.u.i.k.p.i.IntermediateProofReplayer Proof replay took 3.9ms 
160050     DEBUG main            d.u.i.k.p.r.p.TestFile    ... success: reloaded. 
160051     INFO  main            d.u.i.k.p.r.p.TestFile    Now processing file /home/runner/work/key/key/key.core/../key.ui/examples/standard_key/prop_log/simplest.key 
160051     INFO  main            d.u.i.k.p.i.AbstractProblemLoader Loading environment from /home/runner/work/key/key/key.core/../key.ui/examples/standard_key/prop_log/simplest.key 
160051     DEBUG main            d.u.i.k.p.i.AbstractProblemLoader Environment load took 194.8ns 
160052     INFO  main            d.u.i.k.p.i.AbstractProblemLoader Creating init config 
162314     DEBUG main            d.u.i.k.p.i.AbstractProblemLoader Init config took 2.26s 
162328     INFO  main            d.u.i.k.p.i.AbstractProblemLoader Replaying proof simplest.key 
162329     DEBUG main            d.u.i.k.p.i.IntermediateProofReplayer Proof replay took 8.1ns 
162430     INFO  main            d.u.i.k.p.r.p.TestFile    ... finished proof: closed. 
162723     INFO  main            d.u.i.k.p.i.AbstractProblemLoader Loading environment from /home/runner/work/key/key/key.core/../key.ui/examples/standard_key/prop_log/simplest.key.proof 
162723     DEBUG main            d.u.i.k.p.i.AbstractProblemLoader Environment load took 113.7ns 
162724     INFO  main            d.u.i.k.p.i.AbstractProblemLoader Creating init config 
164924     DEBUG main            d.u.i.k.p.i.AbstractProblemLoader Init config took 2.2s 
164937     INFO  main            d.u.i.k.p.i.AbstractProblemLoader Replaying proof simplest.key.proof 
164939     DEBUG main            d.u.i.k.p.i.IntermediateProofReplayer Proof replay took 95.2ns 
164939     DEBUG main            d.u.i.k.p.r.p.TestFile    ... success: reloaded. 
164940     INFO  main            d.u.i.k.p.r.p.TestFile    Now processing file /home/runner/work/key/key/key.core/../key.ui/examples/standard_key/prop_log/contraposition.key 
164940     INFO  main            d.u.i.k.p.i.AbstractProblemLoader Loading environment from /home/runner/work/key/key/key.core/../key.ui/examples/standard_key/prop_log/contraposition.key 
164940     DEBUG main            d.u.i.k.p.i.AbstractProblemLoader Environment load took 65ns 
164941     INFO  main            d.u.i.k.p.i.AbstractProblemLoader Creating init config 
167174     DEBUG main            d.u.i.k.p.i.AbstractProblemLoader Init config took 2.23s 
167187     INFO  main            d.u.i.k.p.i.AbstractProblemLoader Replaying proof contraposition.key 
167188     DEBUG main            d.u.i.k.p.i.IntermediateProofReplayer Proof replay took 8ns 
167290     INFO  main            d.u.i.k.p.r.p.TestFile    ... finished proof: closed. 
167583     INFO  main            d.u.i.k.p.i.AbstractProblemLoader Loading environment from /home/runner/work/key/key/key.core/../key.ui/examples/standard_key/prop_log/contraposition.key.proof 
167583     DEBUG main            d.u.i.k.p.i.AbstractProblemLoader Environment load took 111.8ns 
167584     INFO  main            d.u.i.k.p.i.AbstractProblemLoader Creating init config 
169779     DEBUG main            d.u.i.k.p.i.AbstractProblemLoader Init config took 2.2s 
169792     INFO  main            d.u.i.k.p.i.AbstractProblemLoader Replaying proof contraposition.key.proof 
169794     DEBUG main            d.u.i.k.p.i.IntermediateProofReplayer Proof replay took 488.71ns 
169795     DEBUG main            d.u.i.k.p.r.p.TestFile    ... success: reloaded. 
169795     INFO  main            d.u.i.k.p.r.p.TestFile    Now processing file /home/runner/work/key/key/key.core/../key.ui/examples/standard_key/quantifiers/elimination0.key 
169796     INFO  main            d.u.i.k.p.i.AbstractProblemLoader Loading environment from /home/runner/work/key/key/key.core/../key.ui/examples/standard_key/quantifiers/elimination0.key 
169796     DEBUG main            d.u.i.k.p.i.AbstractProblemLoader Environment load took 50.9ns 
169797     INFO  main            d.u.i.k.p.i.AbstractProblemLoader Creating init config 
172050     DEBUG main            d.u.i.k.p.i.AbstractProblemLoader Init config took 2.25s 
172063     INFO  main            d.u.i.k.p.i.AbstractProblemLoader Replaying proof elimination0.key 
172065     DEBUG main            d.u.i.k.p.i.IntermediateProofReplayer Proof replay took 7ns 
172167     INFO  main            d.u.i.k.p.r.p.TestFile    ... finished proof: closed. 
172473     INFO  main            d.u.i.k.p.i.AbstractProblemLoader Loading environment from /home/runner/work/key/key/key.core/../key.ui/examples/standard_key/quantifiers/elimination0.key.proof 
172473     DEBUG main            d.u.i.k.p.i.AbstractProblemLoader Environment load took 112.1ns 
172474     INFO  main            d.u.i.k.p.i.AbstractProblemLoader Creating init config 
174675     DEBUG main            d.u.i.k.p.i.AbstractProblemLoader Init config took 2.2s 
174689     INFO  main            d.u.i.k.p.i.AbstractProblemLoader Replaying proof elimination0.key.proof 
174691     DEBUG main            d.u.i.k.p.i.IntermediateProofReplayer Proof replay took 1.4ms 
174692     DEBUG main            d.u.i.k.p.r.p.TestFile    ... success: reloaded. 
174693     INFO  main            d.u.i.k.p.r.p.TestFile    Now processing file /home/runner/work/key/key/key.core/../key.ui/examples/standard_key/quantifiers/heuristic_PUZ001p1-eq.key 
174693     INFO  main            d.u.i.k.p.i.AbstractProblemLoader Loading environment from /home/runner/work/key/key/key.core/../key.ui/examples/standard_key/quantifiers/heuristic_PUZ001p1-eq.key 
174693     DEBUG main            d.u.i.k.p.i.AbstractProblemLoader Environment load took 80.9ns 
174694     INFO  main            d.u.i.k.p.i.AbstractProblemLoader Creating init config 
176929     DEBUG main            d.u.i.k.p.i.AbstractProblemLoader Init config took 2.23s 
176943     INFO  main            d.u.i.k.p.i.AbstractProblemLoader Replaying proof heuristic_PUZ001p1-eq.key 
176945     DEBUG main            d.u.i.k.p.i.IntermediateProofReplayer Proof replay took 7.1ns 
177054     INFO  main            d.u.i.k.p.r.p.TestFile    ... finished proof: closed. 
177368     INFO  main            d.u.i.k.p.i.AbstractProblemLoader Loading environment from /home/runner/work/key/key/key.core/../key.ui/examples/standard_key/quantifiers/heuristic_PUZ001p1-eq.key.proof 
177368     DEBUG main            d.u.i.k.p.i.AbstractProblemLoader Environment load took 124.1ns 
177370     INFO  main            d.u.i.k.p.i.AbstractProblemLoader Creating init config 
179567     DEBUG main            d.u.i.k.p.i.AbstractProblemLoader Init config took 2.2s 
179582     INFO  main            d.u.i.k.p.i.AbstractProblemLoader Replaying proof heuristic_PUZ001p1-eq.key.proof 
179592     DEBUG main            d.u.i.k.p.i.IntermediateProofReplayer Proof replay took 8.7ms 
179597     DEBUG main            d.u.i.k.p.r.p.TestFile    ... success: reloaded. 
179598     INFO  main            d.u.i.k.p.r.p.TestFile    Now processing file /home/runner/work/key/key/key.core/../key.ui/examples/standard_key/quantifiers/heuristic_PUZ001p1.key 
179599     INFO  main            d.u.i.k.p.i.AbstractProblemLoader Loading environment from /home/runner/work/key/key/key.core/../key.ui/examples/standard_key/quantifiers/heuristic_PUZ001p1.key 
179599     DEBUG main            d.u.i.k.p.i.AbstractProblemLoader Environment load took 109.2ns 
179601     INFO  main            d.u.i.k.p.i.AbstractProblemLoader Creating init config 
181851     DEBUG main            d.u.i.k.p.i.AbstractProblemLoader Init config took 2.25s 
181866     INFO  main            d.u.i.k.p.i.AbstractProblemLoader Replaying proof heuristic_PUZ001p1.key 
181867     DEBUG main            d.u.i.k.p.i.IntermediateProofReplayer Proof replay took 6.8ns 
183272     INFO  main            d.u.i.k.p.r.p.TestFile    ... finished proof: closed. 
183610     INFO  main            d.u.i.k.p.i.AbstractProblemLoader Loading environment from /home/runner/work/key/key/key.core/../key.ui/examples/standard_key/quantifiers/heuristic_PUZ001p1.key.proof 
183611     DEBUG main            d.u.i.k.p.i.AbstractProblemLoader Environment load took 1.58ms 
183613     INFO  main            d.u.i.k.p.i.AbstractProblemLoader Creating init config 
185810     DEBUG main            d.u.i.k.p.i.AbstractProblemLoader Init config took 2.2s 
185826     INFO  main            d.u.i.k.p.i.AbstractProblemLoader Replaying proof heuristic_PUZ001p1.key.proof 
185871     DEBUG main            d.u.i.k.p.i.IntermediateProofReplayer Proof replay took 40.67ms 
185872     DEBUG main            d.u.i.k.p.r.p.TestFile    ... success: reloaded. 
185873     INFO  main            d.u.i.k.p.r.p.TestFile    Now processing file /home/runner/work/key/key/key.core/../key.ui/examples/standard_key/quantifiers/heuristic_PUZ031p1.key 
185873     INFO  main            d.u.i.k.p.i.AbstractProblemLoader Loading environment from /home/runner/work/key/key/key.core/../key.ui/examples/standard_key/quantifiers/heuristic_PUZ031p1.key 
185873     DEBUG main            d.u.i.k.p.i.AbstractProblemLoader Environment load took 55.7ns 
185874     INFO  main            d.u.i.k.p.i.AbstractProblemLoader Creating init config 
188130     DEBUG main            d.u.i.k.p.i.AbstractProblemLoader Init config took 2.26s 
188145     INFO  main            d.u.i.k.p.i.AbstractProblemLoader Replaying proof heuristic_PUZ031p1.key 
188146     DEBUG main            d.u.i.k.p.i.IntermediateProofReplayer Proof replay took 7.1ns 
192901     INFO  main            d.u.i.k.p.r.p.TestFile    ... finished proof: closed. 
193247     INFO  main            d.u.i.k.p.i.AbstractProblemLoader Loading environment from /home/runner/work/key/key/key.core/../key.ui/examples/standard_key/quantifiers/heuristic_PUZ031p1.key.proof 
193248     DEBUG main            d.u.i.k.p.i.AbstractProblemLoader Environment load took 578.21ns 
193249     INFO  main            d.u.i.k.p.i.AbstractProblemLoader Creating init config 
195439     DEBUG main            d.u.i.k.p.i.AbstractProblemLoader Init config took 2.19s 
195454     INFO  main            d.u.i.k.p.i.AbstractProblemLoader Replaying proof heuristic_PUZ031p1.key.proof 
195504     DEBUG main            d.u.i.k.p.i.IntermediateProofReplayer Proof replay took 46.31ms 
195506     DEBUG main            d.u.i.k.p.r.p.TestFile    ... success: reloaded. 
195507     INFO  main            d.u.i.k.p.r.p.TestFile    Now processing file /home/runner/work/key/key/key.core/../key.ui/examples/standard_key/quantifiers/heuristic_SYN036p2.key 
195507     INFO  main            d.u.i.k.p.i.AbstractProblemLoader Loading environment from /home/runner/work/key/key/key.core/../key.ui/examples/standard_key/quantifiers/heuristic_SYN036p2.key 
195507     DEBUG main            d.u.i.k.p.i.AbstractProblemLoader Environment load took 86.1ns 
195508     INFO  main            d.u.i.k.p.i.AbstractProblemLoader Creating init config 
197759     DEBUG main            d.u.i.k.p.i.AbstractProblemLoader Init config took 2.25s 
197772     INFO  main            d.u.i.k.p.i.AbstractProblemLoader Replaying proof heuristic_SYN036p2.key 
197774     DEBUG main            d.u.i.k.p.i.IntermediateProofReplayer Proof replay took 9.1ns 
197979     INFO  main            d.u.i.k.p.r.p.TestFile    ... finished proof: closed. 
198330     INFO  main            d.u.i.k.p.i.AbstractProblemLoader Loading environment from /home/runner/work/key/key/key.core/../key.ui/examples/standard_key/quantifiers/heuristic_SYN036p2.key.proof 
198331     DEBUG main            d.u.i.k.p.i.AbstractProblemLoader Environment load took 400.71ns 
198332     INFO  main            d.u.i.k.p.i.AbstractProblemLoader Creating init config 
200516     DEBUG main            d.u.i.k.p.i.AbstractProblemLoader Init config took 2.18s 
200530     INFO  main            d.u.i.k.p.i.AbstractProblemLoader Replaying proof heuristic_SYN036p2.key.proof 
200587     DEBUG main            d.u.i.k.p.i.IntermediateProofReplayer Proof replay took 50.1ms 
200588     DEBUG main            d.u.i.k.p.r.p.TestFile    ... success: reloaded. 
200589     INFO  main            d.u.i.k.p.r.p.TestFile    Now processing file /home/runner/work/key/key/key.core/../key.ui/examples/standard_key/quantifiers/injectivity.key 
200589     INFO  main            d.u.i.k.p.i.AbstractProblemLoader Loading environment from /home/runner/work/key/key/key.core/../key.ui/examples/standard_key/quantifiers/injectivity.key 
200589     DEBUG main            d.u.i.k.p.i.AbstractProblemLoader Environment load took 95.4ns 
200590     INFO  main            d.u.i.k.p.i.AbstractProblemLoader Creating init config 
202813     DEBUG main            d.u.i.k.p.i.AbstractProblemLoader Init config took 2.22s 
202826     INFO  main            d.u.i.k.p.i.AbstractProblemLoader Replaying proof injectivity.key 
202827     DEBUG main            d.u.i.k.p.i.IntermediateProofReplayer Proof replay took 8.4ns 
202929     INFO  main            d.u.i.k.p.r.p.TestFile    ... finished proof: closed. 
203269     INFO  main            d.u.i.k.p.i.AbstractProblemLoader Loading environment from /home/runner/work/key/key/key.core/../key.ui/examples/standard_key/quantifiers/injectivity.key.proof 
203269     DEBUG main            d.u.i.k.p.i.AbstractProblemLoader Environment load took 124.8ns 
203270     INFO  main            d.u.i.k.p.i.AbstractProblemLoader Creating init config 
205447     DEBUG main            d.u.i.k.p.i.AbstractProblemLoader Init config took 2.18s 
205462     INFO  main            d.u.i.k.p.i.AbstractProblemLoader Replaying proof injectivity.key.proof 
205465     DEBUG main            d.u.i.k.p.i.IntermediateProofReplayer Proof replay took 1.67ms 
205466     DEBUG main            d.u.i.k.p.r.p.TestFile    ... success: reloaded. 
205467     INFO  main            d.u.i.k.p.r.p.TestFile    Now processing file /home/runner/work/key/key/key.core/../key.ui/examples/standard_key/quantifiers/normalisation0.key 
205468     INFO  main            d.u.i.k.p.i.AbstractProblemLoader Loading environment from /home/runner/work/key/key/key.core/../key.ui/examples/standard_key/quantifiers/normalisation0.key 
205468     DEBUG main            d.u.i.k.p.i.AbstractProblemLoader Environment load took 342.11ns 
205469     INFO  main            d.u.i.k.p.i.AbstractProblemLoader Creating init config 
207689     DEBUG main            d.u.i.k.p.i.AbstractProblemLoader Init config took 2.22s 
207703     INFO  main            d.u.i.k.p.i.AbstractProblemLoader Replaying proof normalisation0.key 
207704     DEBUG main            d.u.i.k.p.i.IntermediateProofReplayer Proof replay took 8.1ns 
207806     INFO  main            d.u.i.k.p.r.p.TestFile    ... finished proof: closed. 
208143     INFO  main            d.u.i.k.p.i.AbstractProblemLoader Loading environment from /home/runner/work/key/key/key.core/../key.ui/examples/standard_key/quantifiers/normalisation0.key.proof 
208143     DEBUG main            d.u.i.k.p.i.AbstractProblemLoader Environment load took 122.1ns 
208146     INFO  main            d.u.i.k.p.i.AbstractProblemLoader Creating init config 
210320     DEBUG main            d.u.i.k.p.i.AbstractProblemLoader Init config took 2.17s 
210334     INFO  main            d.u.i.k.p.i.AbstractProblemLoader Replaying proof normalisation0.key.proof 
210337     DEBUG main            d.u.i.k.p.i.IntermediateProofReplayer Proof replay took 2.21ms 
210338     DEBUG main            d.u.i.k.p.r.p.TestFile    ... success: reloaded. 
210339     INFO  main            d.u.i.k.p.r.p.TestFile    Now processing file /home/runner/work/key/key/key.core/../key.ui/examples/standard_key/quantifiers/normalisation1.key 
210339     INFO  main            d.u.i.k.p.i.AbstractProblemLoader Loading environment from /home/runner/work/key/key/key.core/../key.ui/examples/standard_key/quantifiers/normalisation1.key 
210339     DEBUG main            d.u.i.k.p.i.AbstractProblemLoader Environment load took 51.6ns 
210340     INFO  main            d.u.i.k.p.i.AbstractProblemLoader Creating init config 
212567     DEBUG main            d.u.i.k.p.i.AbstractProblemLoader Init config took 2.23s 
212601     INFO  main            d.u.i.k.p.i.AbstractProblemLoader Replaying proof normalisation1.key 
212602     DEBUG main            d.u.i.k.p.i.IntermediateProofReplayer Proof replay took 6.8ns 
212708     INFO  main            d.u.i.k.p.r.p.TestFile    ... finished proof: closed. 
213147     INFO  main            d.u.i.k.p.i.AbstractProblemLoader Loading environment from /home/runner/work/key/key/key.core/../key.ui/examples/standard_key/quantifiers/normalisation1.key.proof 
213147     DEBUG main            d.u.i.k.p.i.AbstractProblemLoader Environment load took 106.3ns 
213148     INFO  main            d.u.i.k.p.i.AbstractProblemLoader Creating init config 
215323     DEBUG main            d.u.i.k.p.i.AbstractProblemLoader Init config took 2.17s 
215337     INFO  main            d.u.i.k.p.i.AbstractProblemLoader Replaying proof normalisation1.key.proof 
215341     DEBUG main            d.u.i.k.p.i.IntermediateProofReplayer Proof replay took 2.74ms 
215342     DEBUG main            d.u.i.k.p.r.p.TestFile    ... success: reloaded. 
215343     INFO  main            d.u.i.k.p.r.p.TestFile    Now processing file /home/runner/work/key/key/key.core/../key.ui/examples/standard_key/quantifiers/normalisation2.key 
215343     INFO  main            d.u.i.k.p.i.AbstractProblemLoader Loading environment from /home/runner/work/key/key/key.core/../key.ui/examples/standard_key/quantifiers/normalisation2.key 
215343     DEBUG main            d.u.i.k.p.i.AbstractProblemLoader Environment load took 70.5ns 
215344     INFO  main            d.u.i.k.p.i.AbstractProblemLoader Creating init config 
217569     DEBUG main            d.u.i.k.p.i.AbstractProblemLoader Init config took 2.22s 
217583     INFO  main            d.u.i.k.p.i.AbstractProblemLoader Replaying proof normalisation2.key 
217584     DEBUG main            d.u.i.k.p.i.IntermediateProofReplayer Proof replay took 7.9ns 
217687     INFO  main            d.u.i.k.p.r.p.TestFile    ... finished proof: closed. 
218036     INFO  main            d.u.i.k.p.i.AbstractProblemLoader Loading environment from /home/runner/work/key/key/key.core/../key.ui/examples/standard_key/quantifiers/normalisation2.key.proof 
218036     DEBUG main            d.u.i.k.p.i.AbstractProblemLoader Environment load took 132.2ns 
218037     INFO  main            d.u.i.k.p.i.AbstractProblemLoader Creating init config 
220220     DEBUG main            d.u.i.k.p.i.AbstractProblemLoader Init config took 2.18s 
220235     INFO  main            d.u.i.k.p.i.AbstractProblemLoader Replaying proof normalisation2.key.proof 
220239     DEBUG main            d.u.i.k.p.i.IntermediateProofReplayer Proof replay took 2.15ms 
220240     DEBUG main            d.u.i.k.p.r.p.TestFile    ... success: reloaded. 
220241     INFO  main            d.u.i.k.p.r.p.TestFile    Now processing file /home/runner/work/key/key/key.core/../key.ui/examples/standard_key/quantifiers/normalisation3.key 
220241     INFO  main            d.u.i.k.p.i.AbstractProblemLoader Loading environment from /home/runner/work/key/key/key.core/../key.ui/examples/standard_key/quantifiers/normalisation3.key 
220241     DEBUG main            d.u.i.k.p.i.AbstractProblemLoader Environment load took 163.5ns 
220242     INFO  main            d.u.i.k.p.i.AbstractProblemLoader Creating init config 
222464     DEBUG main            d.u.i.k.p.i.AbstractProblemLoader Init config took 2.22s 
222478     INFO  main            d.u.i.k.p.i.AbstractProblemLoader Replaying proof normalisation3.key 
222479     DEBUG main            d.u.i.k.p.i.IntermediateProofReplayer Proof replay took 7.5ns 
222581     INFO  main            d.u.i.k.p.r.p.TestFile    ... finished proof: closed. 
222922     INFO  main            d.u.i.k.p.i.AbstractProblemLoader Loading environment from /home/runner/work/key/key/key.core/../key.ui/examples/standard_key/quantifiers/normalisation3.key.proof 
222922     DEBUG main            d.u.i.k.p.i.AbstractProblemLoader Environment load took 124.2ns 
222923     INFO  main            d.u.i.k.p.i.AbstractProblemLoader Creating init config 
225108     DEBUG main            d.u.i.k.p.i.AbstractProblemLoader Init config took 2.19s 
225122     INFO  main            d.u.i.k.p.i.AbstractProblemLoader Replaying proof normalisation3.key.proof 
225126     DEBUG main            d.u.i.k.p.i.IntermediateProofReplayer Proof replay took 2.3ms 
225127     DEBUG main            d.u.i.k.p.r.p.TestFile    ... success: reloaded. 
225127     INFO  main            d.u.i.k.p.r.p.TestFile    Now processing file /home/runner/work/key/key/key.core/../key.ui/examples/standard_key/quantifiers/normalisation4.key 
225128     INFO  main            d.u.i.k.p.i.AbstractProblemLoader Loading environment from /home/runner/work/key/key/key.core/../key.ui/examples/standard_key/quantifiers/normalisation4.key 
225128     DEBUG main            d.u.i.k.p.i.AbstractProblemLoader Environment load took 66.4ns 
225129     INFO  main            d.u.i.k.p.i.AbstractProblemLoader Creating init config 
227358     DEBUG main            d.u.i.k.p.i.AbstractProblemLoader Init config took 2.23s 
227372     INFO  main            d.u.i.k.p.i.AbstractProblemLoader Replaying proof normalisation4.key 
227374     DEBUG main            d.u.i.k.p.i.IntermediateProofReplayer Proof replay took 8.9ns 
227476     INFO  main            d.u.i.k.p.r.p.TestFile    ... finished proof: closed. 
227828     INFO  main            d.u.i.k.p.i.AbstractProblemLoader Loading environment from /home/runner/work/key/key/key.core/../key.ui/examples/standard_key/quantifiers/normalisation4.key.proof 
227828     DEBUG main            d.u.i.k.p.i.AbstractProblemLoader Environment load took 108.4ns 
227829     INFO  main            d.u.i.k.p.i.AbstractProblemLoader Creating init config 
230022     DEBUG main            d.u.i.k.p.i.AbstractProblemLoader Init config took 2.19s 
230036     INFO  main            d.u.i.k.p.i.AbstractProblemLoader Replaying proof normalisation4.key.proof 
230042     DEBUG main            d.u.i.k.p.i.IntermediateProofReplayer Proof replay took 3.91ms 
230042     DEBUG main            d.u.i.k.p.r.p.TestFile    ... success: reloaded. 
230043     INFO  main            d.u.i.k.p.r.p.TestFile    Now processing file /home/runner/work/key/key/key.core/../key.ui/examples/standard_key/quantifiers/normalisation5.key 
230044     INFO  main            d.u.i.k.p.i.AbstractProblemLoader Loading environment from /home/runner/work/key/key/key.core/../key.ui/examples/standard_key/quantifiers/normalisation5.key 
230044     DEBUG main            d.u.i.k.p.i.AbstractProblemLoader Environment load took 82.2ns 
230045     INFO  main            d.u.i.k.p.i.AbstractProblemLoader Creating init config 
232269     DEBUG main            d.u.i.k.p.i.AbstractProblemLoader Init config took 2.22s 
232282     INFO  main            d.u.i.k.p.i.AbstractProblemLoader Replaying proof normalisation5.key 
232283     DEBUG main            d.u.i.k.p.i.IntermediateProofReplayer Proof replay took 7.1ns 
232387     INFO  main            d.u.i.k.p.r.p.TestFile    ... finished proof: closed. 
232750     INFO  main            d.u.i.k.p.i.AbstractProblemLoader Loading environment from /home/runner/work/key/key/key.core/../key.ui/examples/standard_key/quantifiers/normalisation5.key.proof 
232750     DEBUG main            d.u.i.k.p.i.AbstractProblemLoader Environment load took 108.6ns 
232751     INFO  main            d.u.i.k.p.i.AbstractProblemLoader Creating init config 
234940     DEBUG main            d.u.i.k.p.i.AbstractProblemLoader Init config took 2.19s 
234954     INFO  main            d.u.i.k.p.i.AbstractProblemLoader Replaying proof normalisation5.key.proof 
234959     DEBUG main            d.u.i.k.p.i.IntermediateProofReplayer Proof replay took 3.44ms 
234960     DEBUG main            d.u.i.k.p.r.p.TestFile    ... success: reloaded. 
234961     INFO  main            d.u.i.k.p.r.p.TestFile    Now processing file /home/runner/work/key/key/key.core/../key.ui/examples/standard_key/quantifiers/normalisation6.key 
234961     INFO  main            d.u.i.k.p.i.AbstractProblemLoader Loading environment from /home/runner/work/key/key/key.core/../key.ui/examples/standard_key/quantifiers/normalisation6.key 
234967     DEBUG main            d.u.i.k.p.i.AbstractProblemLoader Environment load took 5.25ms 
234969     INFO  main            d.u.i.k.p.i.AbstractProblemLoader Creating init config 
237201     DEBUG main            d.u.i.k.p.i.AbstractProblemLoader Init config took 2.23s 
237215     INFO  main            d.u.i.k.p.i.AbstractProblemLoader Replaying proof normalisation6.key 
237216     DEBUG main            d.u.i.k.p.i.IntermediateProofReplayer Proof replay took 9.4ns 
237318     INFO  main            d.u.i.k.p.r.p.TestFile    ... finished proof: closed. 
237695     INFO  main            d.u.i.k.p.i.AbstractProblemLoader Loading environment from /home/runner/work/key/key/key.core/../key.ui/examples/standard_key/quantifiers/normalisation6.key.proof 
237695     DEBUG main            d.u.i.k.p.i.AbstractProblemLoader Environment load took 104.3ns 
237696     INFO  main            d.u.i.k.p.i.AbstractProblemLoader Creating init config 
239885     DEBUG main            d.u.i.k.p.i.AbstractProblemLoader Init config took 2.19s 
239898     INFO  main            d.u.i.k.p.i.AbstractProblemLoader Replaying proof normalisation6.key.proof 
239902     DEBUG main            d.u.i.k.p.i.IntermediateProofReplayer Proof replay took 2.04ms 
239903     DEBUG main            d.u.i.k.p.r.p.TestFile    ... success: reloaded. 
239903     INFO  main            d.u.i.k.p.r.p.TestFile    Now processing file /home/runner/work/key/key/key.core/../key.ui/examples/standard_key/quantifiers/normalisation7.key 
239904     INFO  main            d.u.i.k.p.i.AbstractProblemLoader Loading environment from /home/runner/work/key/key/key.core/../key.ui/examples/standard_key/quantifiers/normalisation7.key 
239904     DEBUG main            d.u.i.k.p.i.AbstractProblemLoader Environment load took 75.8ns 
239905     INFO  main            d.u.i.k.p.i.AbstractProblemLoader Creating init config 
242114     DEBUG main            d.u.i.k.p.i.AbstractProblemLoader Init config took 2.21s 
242128     INFO  main            d.u.i.k.p.i.AbstractProblemLoader Replaying proof normalisation7.key 
242130     DEBUG main            d.u.i.k.p.i.IntermediateProofReplayer Proof replay took 8.4ns 
242231     INFO  main            d.u.i.k.p.r.p.TestFile    ... finished proof: closed. 
242608     INFO  main            d.u.i.k.p.i.AbstractProblemLoader Loading environment from /home/runner/work/key/key/key.core/../key.ui/examples/standard_key/quantifiers/normalisation7.key.proof 
242608     DEBUG main            d.u.i.k.p.i.AbstractProblemLoader Environment load took 106.2ns 
242609     INFO  main            d.u.i.k.p.i.AbstractProblemLoader Creating init config 
244792     DEBUG main            d.u.i.k.p.i.AbstractProblemLoader Init config took 2.18s 
244810     INFO  main            d.u.i.k.p.i.AbstractProblemLoader Replaying proof normalisation7.key.proof 
244814     DEBUG main            d.u.i.k.p.i.IntermediateProofReplayer Proof replay took 2.05ms 
244814     DEBUG main            d.u.i.k.p.r.p.TestFile    ... success: reloaded. 
244815     INFO  main            d.u.i.k.p.r.p.TestFile    Now processing file /home/runner/work/key/key/key.core/../key.ui/examples/standard_key/quantifiers/normalisation8.key 
244816     INFO  main            d.u.i.k.p.i.AbstractProblemLoader Loading environment from /home/runner/work/key/key/key.core/../key.ui/examples/standard_key/quantifiers/normalisation8.key 
244816     DEBUG main            d.u.i.k.p.i.AbstractProblemLoader Environment load took 148.5ns 
244817     INFO  main            d.u.i.k.p.i.AbstractProblemLoader Creating init config 
247036     DEBUG main            d.u.i.k.p.i.AbstractProblemLoader Init config took 2.22s 
247050     INFO  main            d.u.i.k.p.i.AbstractProblemLoader Replaying proof normalisation8.key 
247051     DEBUG main            d.u.i.k.p.i.IntermediateProofReplayer Proof replay took 9ns 
247153     INFO  main            d.u.i.k.p.r.p.TestFile    ... finished proof: closed. 
247538     INFO  main            d.u.i.k.p.i.AbstractProblemLoader Loading environment from /home/runner/work/key/key/key.core/../key.ui/examples/standard_key/quantifiers/normalisation8.key.proof 
247538     DEBUG main            d.u.i.k.p.i.AbstractProblemLoader Environment load took 87.3ns 
247539     INFO  main            d.u.i.k.p.i.AbstractProblemLoader Creating init config 
249717     DEBUG main            d.u.i.k.p.i.AbstractProblemLoader Init config took 2.18s 
249731     INFO  main            d.u.i.k.p.i.AbstractProblemLoader Replaying proof normalisation8.key.proof 
249737     DEBUG main            d.u.i.k.p.i.IntermediateProofReplayer Proof replay took 4.43ms 
249738     DEBUG main            d.u.i.k.p.r.p.TestFile    ... success: reloaded. 
249741     INFO  main            d.u.i.k.p.r.p.TestFile    Now processing file /home/runner/work/key/key/key.core/../key.ui/examples/standard_key/quantifiers/normalisation9.key 
249741     INFO  main            d.u.i.k.p.i.AbstractProblemLoader Loading environment from /home/runner/work/key/key/key.core/../key.ui/examples/standard_key/quantifiers/normalisation9.key 
249741     DEBUG main            d.u.i.k.p.i.AbstractProblemLoader Environment load took 151.2ns 
249743     INFO  main            d.u.i.k.p.i.AbstractProblemLoader Creating init config 
251956     DEBUG main            d.u.i.k.p.i.AbstractProblemLoader Init config took 2.21s 
251969     INFO  main            d.u.i.k.p.i.AbstractProblemLoader Replaying proof normalisation9.key 
251970     DEBUG main            d.u.i.k.p.i.IntermediateProofReplayer Proof replay took 8.4ns 
252072     INFO  main            d.u.i.k.p.r.p.TestFile    ... finished proof: closed. 
252453     INFO  main            d.u.i.k.p.i.AbstractProblemLoader Loading environment from /home/runner/work/key/key/key.core/../key.ui/examples/standard_key/quantifiers/normalisation9.key.proof 
252453     DEBUG main            d.u.i.k.p.i.AbstractProblemLoader Environment load took 90.3ns 
252455     INFO  main            d.u.i.k.p.i.AbstractProblemLoader Creating init config 
254645     DEBUG main            d.u.i.k.p.i.AbstractProblemLoader Init config took 2.19s 
254660     INFO  main            d.u.i.k.p.i.AbstractProblemLoader Replaying proof normalisation9.key.proof 
254669     DEBUG main            d.u.i.k.p.i.IntermediateProofReplayer Proof replay took 6.55ms 
254670     DEBUG main            d.u.i.k.p.r.p.TestFile    ... success: reloaded. 
254670     INFO  main            d.u.i.k.p.r.p.TestFile    Now processing file /home/runner/work/key/key/key.core/../key.ui/examples/standard_key/quantifiers/normalisation10.key 
254671     INFO  main            d.u.i.k.p.i.AbstractProblemLoader Loading environment from /home/runner/work/key/key/key.core/../key.ui/examples/standard_key/quantifiers/normalisation10.key 
254671     DEBUG main            d.u.i.k.p.i.AbstractProblemLoader Environment load took 77.7ns 
254672     INFO  main            d.u.i.k.p.i.AbstractProblemLoader Creating init config 
256903     DEBUG main            d.u.i.k.p.i.AbstractProblemLoader Init config took 2.23s 
256916     INFO  main            d.u.i.k.p.i.AbstractProblemLoader Replaying proof normalisation10.key 
256920     DEBUG main            d.u.i.k.p.i.IntermediateProofReplayer Proof replay took 7.4ns 
257022     INFO  main            d.u.i.k.p.r.p.TestFile    ... finished proof: closed. 
257415     INFO  main            d.u.i.k.p.i.AbstractProblemLoader Loading environment from /home/runner/work/key/key/key.core/../key.ui/examples/standard_key/quantifiers/normalisation10.key.proof 
257415     DEBUG main            d.u.i.k.p.i.AbstractProblemLoader Environment load took 92.3ns 
257416     INFO  main            d.u.i.k.p.i.AbstractProblemLoader Creating init config 
259599     DEBUG main            d.u.i.k.p.i.AbstractProblemLoader Init config took 2.18s 
259613     INFO  main            d.u.i.k.p.i.AbstractProblemLoader Replaying proof normalisation10.key.proof 
259618     DEBUG main            d.u.i.k.p.i.IntermediateProofReplayer Proof replay took 4.23ms 
259619     DEBUG main            d.u.i.k.p.r.p.TestFile    ... success: reloaded. 
259620     INFO  main            d.u.i.k.p.r.p.TestFile    Now processing file /home/runner/work/key/key/key.core/../key.ui/examples/standard_key/quantifiers/normalisation12.key 
259620     INFO  main            d.u.i.k.p.i.AbstractProblemLoader Loading environment from /home/runner/work/key/key/key.core/../key.ui/examples/standard_key/quantifiers/normalisation12.key 
259620     DEBUG main            d.u.i.k.p.i.AbstractProblemLoader Environment load took 95.9ns 
259621     INFO  main            d.u.i.k.p.i.AbstractProblemLoader Creating init config 
261851     DEBUG main            d.u.i.k.p.i.AbstractProblemLoader Init config took 2.23s 
261867     INFO  main            d.u.i.k.p.i.AbstractProblemLoader Replaying proof normalisation12.key 
261868     DEBUG main            d.u.i.k.p.i.IntermediateProofReplayer Proof replay took 9.3ns 
261970     INFO  main            d.u.i.k.p.r.p.TestFile    ... finished proof: closed. 
262373     INFO  main            d.u.i.k.p.i.AbstractProblemLoader Loading environment from /home/runner/work/key/key/key.core/../key.ui/examples/standard_key/quantifiers/normalisation12.key.proof 
262373     DEBUG main            d.u.i.k.p.i.AbstractProblemLoader Environment load took 88.6ns 
262374     INFO  main            d.u.i.k.p.i.AbstractProblemLoader Creating init config 
264566     DEBUG main            d.u.i.k.p.i.AbstractProblemLoader Init config took 2.19s 
264580     INFO  main            d.u.i.k.p.i.AbstractProblemLoader Replaying proof normalisation12.key.proof 
264582     DEBUG main            d.u.i.k.p.i.IntermediateProofReplayer Proof replay took 1.17ms 
264583     DEBUG main            d.u.i.k.p.r.p.TestFile    ... success: reloaded. 
264584     INFO  main            d.u.i.k.p.r.p.TestFile    Now processing file /home/runner/work/key/key/key.core/../key.ui/examples/standard_key/quantifiers/normalisation13.key 
264584     INFO  main            d.u.i.k.p.i.AbstractProblemLoader Loading environment from /home/runner/work/key/key/key.core/../key.ui/examples/standard_key/quantifiers/normalisation13.key 
264584     DEBUG main            d.u.i.k.p.i.AbstractProblemLoader Environment load took 47.3ns 
264585     INFO  main            d.u.i.k.p.i.AbstractProblemLoader Creating init config 
266815     DEBUG main            d.u.i.k.p.i.AbstractProblemLoader Init config took 2.23s 
266829     INFO  main            d.u.i.k.p.i.AbstractProblemLoader Replaying proof normalisation13.key 
266830     DEBUG main            d.u.i.k.p.i.IntermediateProofReplayer Proof replay took 7.9ns 
266934     INFO  main            d.u.i.k.p.r.p.TestFile    ... finished proof: closed. 
267332     INFO  main            d.u.i.k.p.i.AbstractProblemLoader Loading environment from /home/runner/work/key/key/key.core/../key.ui/examples/standard_key/quantifiers/normalisation13.key.proof 
267332     DEBUG main            d.u.i.k.p.i.AbstractProblemLoader Environment load took 90.3ns 
267333     INFO  main            d.u.i.k.p.i.AbstractProblemLoader Creating init config 
269513     DEBUG main            d.u.i.k.p.i.AbstractProblemLoader Init config took 2.18s 
269527     INFO  main            d.u.i.k.p.i.AbstractProblemLoader Replaying proof normalisation13.key.proof 
269529     DEBUG main            d.u.i.k.p.i.IntermediateProofReplayer Proof replay took 551.31ns 
269530     DEBUG main            d.u.i.k.p.r.p.TestFile    ... success: reloaded. 
269531     INFO  main            d.u.i.k.p.r.p.TestFile    Now processing file /home/runner/work/key/key/key.core/../key.ui/examples/standard_key/quantifiers/triggers0.key 
269531     INFO  main            d.u.i.k.p.i.AbstractProblemLoader Loading environment from /home/runner/work/key/key/key.core/../key.ui/examples/standard_key/quantifiers/triggers0.key 
269532     DEBUG main            d.u.i.k.p.i.AbstractProblemLoader Environment load took 148.6ns 
269532     INFO  main            d.u.i.k.p.i.AbstractProblemLoader Creating init config 
271772     DEBUG main            d.u.i.k.p.i.AbstractProblemLoader Init config took 2.24s 
271785     INFO  main            d.u.i.k.p.i.AbstractProblemLoader Replaying proof triggers0.key 
271786     DEBUG main            d.u.i.k.p.i.IntermediateProofReplayer Proof replay took 8.8ns 
271889     INFO  main            d.u.i.k.p.r.p.TestFile    ... finished proof: closed. 
272294     INFO  main            d.u.i.k.p.i.AbstractProblemLoader Loading environment from /home/runner/work/key/key/key.core/../key.ui/examples/standard_key/quantifiers/triggers0.key.proof 
272294     DEBUG main            d.u.i.k.p.i.AbstractProblemLoader Environment load took 94.9ns 
272295     INFO  main            d.u.i.k.p.i.AbstractProblemLoader Creating init config 
274478     DEBUG main            d.u.i.k.p.i.AbstractProblemLoader Init config took 2.18s 
274492     INFO  main            d.u.i.k.p.i.AbstractProblemLoader Replaying proof triggers0.key.proof 
274494     DEBUG main            d.u.i.k.p.i.IntermediateProofReplayer Proof replay took 1.34ms 
274495     DEBUG main            d.u.i.k.p.r.p.TestFile    ... success: reloaded. 
3878470    INFO  Test worker     d.u.i.k.p.r.RunAllProofsTestUnit Returning from test FOL 
3878472    INFO  Test worker     d.u.i.k.p.r.RunAllProofsTestUnit Running test strings 
390        INFO  Timeout watchdog d.u.i.k.p.r.p.ForkedTestFileRunner Timeout watcher launched (2000 secs.) 
415        WARN  main            d.u.i.k.s.ProofSettings   The settings in /home/runner/.key/proof-settings.props are *not* read. 
462        INFO  main            d.u.i.k.p.r.p.TestFile    Now processing file /home/runner/work/key/key/key.core/../key.ui/examples/standard_key/strings/charAt0.key 
575        INFO  main            d.u.i.k.p.i.AbstractProblemLoader Loading environment from /home/runner/work/key/key/key.core/../key.ui/examples/standard_key/strings/charAt0.key 
599        DEBUG main            d.u.i.k.p.i.AbstractProblemLoader Environment load took 1.89ms 
840        INFO  main            d.u.i.k.p.i.AbstractProblemLoader Creating init config 
1667       DEBUG main            d.u.i.k.j.TypeConverter   No LDT found for Meta 
1669       DEBUG main            d.u.i.k.j.TypeConverter   No LDT found for Meta 
1670       DEBUG main            d.u.i.k.j.TypeConverter   No LDT found for Meta 
1672       DEBUG main            d.u.i.k.j.TypeConverter   No LDT found for Meta 
3079       DEBUG main            d.u.i.k.j.TypeConverter   No LDT found for JavaBigintExpression 
7671       DEBUG main            d.u.i.k.p.i.AbstractProblemLoader Init config took 6.83s 
7731       INFO  main            d.u.i.k.p.i.AbstractProblemLoader Replaying proof charAt0.key 
7763       DEBUG main            d.u.i.k.p.i.IntermediateProofReplayer Proof replay took 35.1ns 
8142       INFO  main            d.u.i.k.p.r.p.TestFile    ... finished proof: closed. 
8254       INFO  main            d.u.i.k.p.i.AbstractProblemLoader Loading environment from /home/runner/work/key/key/key.core/../key.ui/examples/standard_key/strings/charAt0.key.proof 
8254       DEBUG main            d.u.i.k.p.i.AbstractProblemLoader Environment load took 168.3ns 
8260       INFO  main            d.u.i.k.p.i.AbstractProblemLoader Creating init config 
10899      DEBUG main            d.u.i.k.p.i.AbstractProblemLoader Init config took 2.64s 
10930      INFO  main            d.u.i.k.p.i.AbstractProblemLoader Replaying proof charAt0.key.proof 
10952      DEBUG main            d.u.i.k.p.i.IntermediateProofReplayer Proof replay took 17.55ms 
10964      DEBUG main            d.u.i.k.p.r.p.TestFile    ... success: reloaded. 
10965      INFO  main            d.u.i.k.p.r.p.TestFile    Now processing file /home/runner/work/key/key/key.core/../key.ui/examples/standard_key/strings/charAt1.key 
10965      INFO  main            d.u.i.k.p.i.AbstractProblemLoader Loading environment from /home/runner/work/key/key/key.core/../key.ui/examples/standard_key/strings/charAt1.key 
10966      DEBUG main            d.u.i.k.p.i.AbstractProblemLoader Environment load took 191.6ns 
10967      INFO  main            d.u.i.k.p.i.AbstractProblemLoader Creating init config 
13475      DEBUG main            d.u.i.k.p.i.AbstractProblemLoader Init config took 2.51s 
13504      INFO  main            d.u.i.k.p.i.AbstractProblemLoader Replaying proof charAt1.key 
13506      DEBUG main            d.u.i.k.p.i.IntermediateProofReplayer Proof replay took 6.6ns 
13712      INFO  main            d.u.i.k.p.r.p.TestFile    ... finished proof: closed. 
13856      INFO  main            d.u.i.k.p.i.AbstractProblemLoader Loading environment from /home/runner/work/key/key/key.core/../key.ui/examples/standard_key/strings/charAt1.key.proof 
13857      DEBUG main            d.u.i.k.p.i.AbstractProblemLoader Environment load took 1.11ms 
13859      INFO  main            d.u.i.k.p.i.AbstractProblemLoader Creating init config 
16286      DEBUG main            d.u.i.k.p.i.AbstractProblemLoader Init config took 2.43s 
16311      INFO  main            d.u.i.k.p.i.AbstractProblemLoader Replaying proof charAt1.key.proof 
16328      DEBUG main            d.u.i.k.p.i.IntermediateProofReplayer Proof replay took 14.23ms 
16329      DEBUG main            d.u.i.k.p.r.p.TestFile    ... success: reloaded. 
16330      INFO  main            d.u.i.k.p.r.p.TestFile    Now processing file /home/runner/work/key/key/key.core/../key.ui/examples/standard_key/strings/concat1.key 
16330      INFO  main            d.u.i.k.p.i.AbstractProblemLoader Loading environment from /home/runner/work/key/key/key.core/../key.ui/examples/standard_key/strings/concat1.key 
16331      DEBUG main            d.u.i.k.p.i.AbstractProblemLoader Environment load took 185.2ns 
16332      INFO  main            d.u.i.k.p.i.AbstractProblemLoader Creating init config 
18757      DEBUG main            d.u.i.k.p.i.AbstractProblemLoader Init config took 2.43s 
18779      INFO  main            d.u.i.k.p.i.AbstractProblemLoader Replaying proof concat1.key 
18780      DEBUG main            d.u.i.k.p.i.IntermediateProofReplayer Proof replay took 8.3ns 
18885      INFO  main            d.u.i.k.p.r.p.TestFile    ... finished proof: closed. 
19028      INFO  main            d.u.i.k.p.i.AbstractProblemLoader Loading environment from /home/runner/work/key/key/key.core/../key.ui/examples/standard_key/strings/concat1.key.proof 
19029      DEBUG main            d.u.i.k.p.i.AbstractProblemLoader Environment load took 340.81ns 
19030      INFO  main            d.u.i.k.p.i.AbstractProblemLoader Creating init config 
21357      DEBUG main            d.u.i.k.p.i.AbstractProblemLoader Init config took 2.33s 
21378      INFO  main            d.u.i.k.p.i.AbstractProblemLoader Replaying proof concat1.key.proof 
21382      DEBUG main            d.u.i.k.p.i.IntermediateProofReplayer Proof replay took 1.36ms 
21383      DEBUG main            d.u.i.k.p.r.p.TestFile    ... success: reloaded. 
21384      INFO  main            d.u.i.k.p.r.p.TestFile    Now processing file /home/runner/work/key/key/key.core/../key.ui/examples/standard_key/strings/concat2.key 
21384      INFO  main            d.u.i.k.p.i.AbstractProblemLoader Loading environment from /home/runner/work/key/key/key.core/../key.ui/examples/standard_key/strings/concat2.key 
21384      DEBUG main            d.u.i.k.p.i.AbstractProblemLoader Environment load took 176.6ns 
21385      INFO  main            d.u.i.k.p.i.AbstractProblemLoader Creating init config 
23749      DEBUG main            d.u.i.k.p.i.AbstractProblemLoader Init config took 2.36s 
23770      INFO  main            d.u.i.k.p.i.AbstractProblemLoader Replaying proof concat2.key 
23772      DEBUG main            d.u.i.k.p.i.IntermediateProofReplayer Proof replay took 7.1ns 
23878      INFO  main            d.u.i.k.p.r.p.TestFile    ... finished proof: closed. 
24025      INFO  main            d.u.i.k.p.i.AbstractProblemLoader Loading environment from /home/runner/work/key/key/key.core/../key.ui/examples/standard_key/strings/concat2.key.proof 
24026      DEBUG main            d.u.i.k.p.i.AbstractProblemLoader Environment load took 546.41ns 
24027      INFO  main            d.u.i.k.p.i.AbstractProblemLoader Creating init config 
26343      DEBUG main            d.u.i.k.p.i.AbstractProblemLoader Init config took 2.32s 
26363      INFO  main            d.u.i.k.p.i.AbstractProblemLoader Replaying proof concat2.key.proof 
26374      DEBUG main            d.u.i.k.p.i.IntermediateProofReplayer Proof replay took 8.78ms 
26376      DEBUG main            d.u.i.k.p.r.p.TestFile    ... success: reloaded. 
26376      INFO  main            d.u.i.k.p.r.p.TestFile    Now processing file /home/runner/work/key/key/key.core/../key.ui/examples/standard_key/strings/deriveLength1.key 
26377      INFO  main            d.u.i.k.p.i.AbstractProblemLoader Loading environment from /home/runner/work/key/key/key.core/../key.ui/examples/standard_key/strings/deriveLength1.key 
26377      DEBUG main            d.u.i.k.p.i.AbstractProblemLoader Environment load took 186.1ns 
26378      INFO  main            d.u.i.k.p.i.AbstractProblemLoader Creating init config 
28749      DEBUG main            d.u.i.k.p.i.AbstractProblemLoader Init config took 2.37s 
28769      INFO  main            d.u.i.k.p.i.AbstractProblemLoader Replaying proof deriveLength1.key 
28770      DEBUG main            d.u.i.k.p.i.IntermediateProofReplayer Proof replay took 6.5ns 
28873      INFO  main            d.u.i.k.p.r.p.TestFile    ... finished proof: closed. 
29032      INFO  main            d.u.i.k.p.i.AbstractProblemLoader Loading environment from /home/runner/work/key/key/key.core/../key.ui/examples/standard_key/strings/deriveLength1.key.proof 
29033      DEBUG main            d.u.i.k.p.i.AbstractProblemLoader Environment load took 566.61ns 
29034      INFO  main            d.u.i.k.p.i.AbstractProblemLoader Creating init config 
31321      DEBUG main            d.u.i.k.p.i.AbstractProblemLoader Init config took 2.29s 
31341      INFO  main            d.u.i.k.p.i.AbstractProblemLoader Replaying proof deriveLength1.key.proof 
31352      DEBUG main            d.u.i.k.p.i.IntermediateProofReplayer Proof replay took 8.62ms 
31353      DEBUG main            d.u.i.k.p.r.p.TestFile    ... success: reloaded. 
31354      INFO  main            d.u.i.k.p.r.p.TestFile    Now processing file /home/runner/work/key/key/key.core/../key.ui/examples/standard_key/strings/emptyStringLengthZero.key 
31355      INFO  main            d.u.i.k.p.i.AbstractProblemLoader Loading environment from /home/runner/work/key/key/key.core/../key.ui/examples/standard_key/strings/emptyStringLengthZero.key 
31355      DEBUG main            d.u.i.k.p.i.AbstractProblemLoader Environment load took 175.4ns 
31356      INFO  main            d.u.i.k.p.i.AbstractProblemLoader Creating init config 
33661      DEBUG main            d.u.i.k.p.i.AbstractProblemLoader Init config took 2.31s 
33682      INFO  main            d.u.i.k.p.i.AbstractProblemLoader Replaying proof emptyStringLengthZero.key 
33683      DEBUG main            d.u.i.k.p.i.IntermediateProofReplayer Proof replay took 6.8ns 
33789      INFO  main            d.u.i.k.p.r.p.TestFile    ... finished proof: closed. 
33946      INFO  main            d.u.i.k.p.i.AbstractProblemLoader Loading environment from /home/runner/work/key/key/key.core/../key.ui/examples/standard_key/strings/emptyStringLengthZero.key.proof 
33946      DEBUG main            d.u.i.k.p.i.AbstractProblemLoader Environment load took 148ns 
33947      INFO  main            d.u.i.k.p.i.AbstractProblemLoader Creating init config 
36232      DEBUG main            d.u.i.k.p.i.AbstractProblemLoader Init config took 2.28s 
36250      INFO  main            d.u.i.k.p.i.AbstractProblemLoader Replaying proof emptyStringLengthZero.key.proof 
36255      DEBUG main            d.u.i.k.p.i.IntermediateProofReplayer Proof replay took 3.28ms 
36256      DEBUG main            d.u.i.k.p.r.p.TestFile    ... success: reloaded. 
36257      INFO  main            d.u.i.k.p.r.p.TestFile    Now processing file /home/runner/work/key/key/key.core/../key.ui/examples/standard_key/strings/implicitBooleanStringConversion.key 
36258      INFO  main            d.u.i.k.p.i.AbstractProblemLoader Loading environment from /home/runner/work/key/key/key.core/../key.ui/examples/standard_key/strings/implicitBooleanStringConversion.key 
36258      DEBUG main            d.u.i.k.p.i.AbstractProblemLoader Environment load took 181.4ns 
36259      INFO  main            d.u.i.k.p.i.AbstractProblemLoader Creating init config 
38582      DEBUG main            d.u.i.k.p.i.AbstractProblemLoader Init config took 2.32s 
38603      INFO  main            d.u.i.k.p.i.AbstractProblemLoader Replaying proof implicitBooleanStringConversion.key 
38605      DEBUG main            d.u.i.k.p.i.IntermediateProofReplayer Proof replay took 6.6ns 
39525      INFO  main            d.u.i.k.p.r.p.TestFile    ... finished proof: closed. 
39720      INFO  main            d.u.i.k.p.i.AbstractProblemLoader Loading environment from /home/runner/work/key/key/key.core/../key.ui/examples/standard_key/strings/implicitBooleanStringConversion.key.proof 
39720      DEBUG main            d.u.i.k.p.i.AbstractProblemLoader Environment load took 403.61ns 
39722      INFO  main            d.u.i.k.p.i.AbstractProblemLoader Creating init config 
41994      DEBUG main            d.u.i.k.p.i.AbstractProblemLoader Init config took 2.27s 
42015      INFO  main            d.u.i.k.p.i.AbstractProblemLoader Replaying proof implicitBooleanStringConversion.key.proof 
42105      DEBUG main            d.u.i.k.p.i.IntermediateProofReplayer Proof replay took 82.6ms 
42106      DEBUG main            d.u.i.k.p.r.p.TestFile    ... success: reloaded. 
42107      INFO  main            d.u.i.k.p.r.p.TestFile    Now processing file /home/runner/work/key/key/key.core/../key.ui/examples/standard_key/strings/implicitBooleanStringConversion2.key 
42107      INFO  main            d.u.i.k.p.i.AbstractProblemLoader Loading environment from /home/runner/work/key/key/key.core/../key.ui/examples/standard_key/strings/implicitBooleanStringConversion2.key 
42107      DEBUG main            d.u.i.k.p.i.AbstractProblemLoader Environment load took 183.7ns 
42108      INFO  main            d.u.i.k.p.i.AbstractProblemLoader Creating init config 
44465      DEBUG main            d.u.i.k.p.i.AbstractProblemLoader Init config took 2.36s 
44484      INFO  main            d.u.i.k.p.i.AbstractProblemLoader Replaying proof implicitBooleanStringConversion2.key 
44485      DEBUG main            d.u.i.k.p.i.IntermediateProofReplayer Proof replay took 7.7ns 
44890      INFO  main            d.u.i.k.p.r.p.TestFile    ... finished proof: closed. 
45092      INFO  main            d.u.i.k.p.i.AbstractProblemLoader Loading environment from /home/runner/work/key/key/key.core/../key.ui/examples/standard_key/strings/implicitBooleanStringConversion2.key.proof 
45094      DEBUG main            d.u.i.k.p.i.AbstractProblemLoader Environment load took 1.92ms 
45096      INFO  main            d.u.i.k.p.i.AbstractProblemLoader Creating init config 
47335      DEBUG main            d.u.i.k.p.i.AbstractProblemLoader Init config took 2.24s 
47357      INFO  main            d.u.i.k.p.i.AbstractProblemLoader Replaying proof implicitBooleanStringConversion2.key.proof 
47411      DEBUG main            d.u.i.k.p.i.IntermediateProofReplayer Proof replay took 48.14ms 
47413      DEBUG main            d.u.i.k.p.r.p.TestFile    ... success: reloaded. 
47414      INFO  main            d.u.i.k.p.r.p.TestFile    Now processing file /home/runner/work/key/key/key.core/../key.ui/examples/standard_key/strings/implicitIntStringConversion.key 
47416      INFO  main            d.u.i.k.p.i.AbstractProblemLoader Loading environment from /home/runner/work/key/key/key.core/../key.ui/examples/standard_key/strings/implicitIntStringConversion.key 
47416      DEBUG main            d.u.i.k.p.i.AbstractProblemLoader Environment load took 203.5ns 
47417      INFO  main            d.u.i.k.p.i.AbstractProblemLoader Creating init config 
49705      DEBUG main            d.u.i.k.p.i.AbstractProblemLoader Init config took 2.29s 
49723      INFO  main            d.u.i.k.p.i.AbstractProblemLoader Replaying proof implicitIntStringConversion.key 
49724      DEBUG main            d.u.i.k.p.i.IntermediateProofReplayer Proof replay took 7.2ns 
50429      INFO  main            d.u.i.k.p.r.p.TestFile    ... finished proof: closed. 
50686      INFO  main            d.u.i.k.p.i.AbstractProblemLoader Loading environment from /home/runner/work/key/key/key.core/../key.ui/examples/standard_key/strings/implicitIntStringConversion.key.proof 
50688      DEBUG main            d.u.i.k.p.i.AbstractProblemLoader Environment load took 1.69ms 
50689      INFO  main            d.u.i.k.p.i.AbstractProblemLoader Creating init config 
52926      DEBUG main            d.u.i.k.p.i.AbstractProblemLoader Init config took 2.24s 
52956      INFO  main            d.u.i.k.p.i.AbstractProblemLoader Replaying proof implicitIntStringConversion.key.proof 
53025      DEBUG main            d.u.i.k.p.i.IntermediateProofReplayer Proof replay took 62.43ms 
53027      DEBUG main            d.u.i.k.p.r.p.TestFile    ... success: reloaded. 
53028      INFO  main            d.u.i.k.p.r.p.TestFile    Now processing file /home/runner/work/key/key/key.core/../key.ui/examples/standard_key/strings/implicitNullStringConversion.key 
53029      INFO  main            d.u.i.k.p.i.AbstractProblemLoader Loading environment from /home/runner/work/key/key/key.core/../key.ui/examples/standard_key/strings/implicitNullStringConversion.key 
53029      DEBUG main            d.u.i.k.p.i.AbstractProblemLoader Environment load took 177.3ns 
53030      INFO  main            d.u.i.k.p.i.AbstractProblemLoader Creating init config 
55344      DEBUG main            d.u.i.k.p.i.AbstractProblemLoader Init config took 2.31s 
55361      INFO  main            d.u.i.k.p.i.AbstractProblemLoader Replaying proof implicitNullStringConversion.key 
55362      DEBUG main            d.u.i.k.p.i.IntermediateProofReplayer Proof replay took 8.3ns 
55678      INFO  main            d.u.i.k.p.r.p.TestFile    ... finished proof: closed. 
55879      INFO  main            d.u.i.k.p.i.AbstractProblemLoader Loading environment from /home/runner/work/key/key/key.core/../key.ui/examples/standard_key/strings/implicitNullStringConversion.key.proof 
55879      DEBUG main            d.u.i.k.p.i.AbstractProblemLoader Environment load took 419.81ns 
55881      INFO  main            d.u.i.k.p.i.AbstractProblemLoader Creating init config 
58118      DEBUG main            d.u.i.k.p.i.AbstractProblemLoader Init config took 2.24s 
58135      INFO  main            d.u.i.k.p.i.AbstractProblemLoader Replaying proof implicitNullStringConversion.key.proof 
58175      DEBUG main            d.u.i.k.p.i.IntermediateProofReplayer Proof replay took 34.4ms 
58176      DEBUG main            d.u.i.k.p.r.p.TestFile    ... success: reloaded. 
58176      INFO  main            d.u.i.k.p.r.p.TestFile    Now processing file /home/runner/work/key/key/key.core/../key.ui/examples/standard_key/strings/implicitNullStringConversion2.key 
58177      INFO  main            d.u.i.k.p.i.AbstractProblemLoader Loading environment from /home/runner/work/key/key/key.core/../key.ui/examples/standard_key/strings/implicitNullStringConversion2.key 
58177      DEBUG main            d.u.i.k.p.i.AbstractProblemLoader Environment load took 108.7ns 
58178      INFO  main            d.u.i.k.p.i.AbstractProblemLoader Creating init config 
60467      DEBUG main            d.u.i.k.p.i.AbstractProblemLoader Init config took 2.29s 
60484      INFO  main            d.u.i.k.p.i.AbstractProblemLoader Replaying proof implicitNullStringConversion2.key 
60486      DEBUG main            d.u.i.k.p.i.IntermediateProofReplayer Proof replay took 8.9ns 
60689      INFO  main            d.u.i.k.p.r.p.TestFile    ... finished proof: closed. 
60902      INFO  main            d.u.i.k.p.i.AbstractProblemLoader Loading environment from /home/runner/work/key/key/key.core/../key.ui/examples/standard_key/strings/implicitNullStringConversion2.key.proof 
60902      DEBUG main            d.u.i.k.p.i.AbstractProblemLoader Environment load took 134.2ns 
60904      INFO  main            d.u.i.k.p.i.AbstractProblemLoader Creating init config 
63158      DEBUG main            d.u.i.k.p.i.AbstractProblemLoader Init config took 2.25s 
63176      INFO  main            d.u.i.k.p.i.AbstractProblemLoader Replaying proof implicitNullStringConversion2.key.proof 
63210      DEBUG main            d.u.i.k.p.i.IntermediateProofReplayer Proof replay took 28.98ms 
63212      DEBUG main            d.u.i.k.p.r.p.TestFile    ... success: reloaded. 
63213      INFO  main            d.u.i.k.p.r.p.TestFile    Now processing file /home/runner/work/key/key/key.core/../key.ui/examples/standard_key/strings/implicitObjectStringConversion.key 
63214      INFO  main            d.u.i.k.p.i.AbstractProblemLoader Loading environment from /home/runner/work/key/key/key.core/../key.ui/examples/standard_key/strings/implicitObjectStringConversion.key 
63214      DEBUG main            d.u.i.k.p.i.AbstractProblemLoader Environment load took 186ns 
63215      INFO  main            d.u.i.k.p.i.AbstractProblemLoader Creating init config 
65730      DEBUG main            d.u.i.k.p.i.AbstractProblemLoader Init config took 2.51s 
65746      INFO  main            d.u.i.k.p.i.AbstractProblemLoader Replaying proof implicitObjectStringConversion.key 
65747      DEBUG main            d.u.i.k.p.i.IntermediateProofReplayer Proof replay took 8.3ns 
66255      INFO  main            d.u.i.k.p.r.p.TestFile    ... finished proof: closed. 
66463      INFO  main            d.u.i.k.p.i.AbstractProblemLoader Loading environment from /home/runner/work/key/key/key.core/../key.ui/examples/standard_key/strings/implicitObjectStringConversion.key.proof 
66463      DEBUG main            d.u.i.k.p.i.AbstractProblemLoader Environment load took 428.41ns 
66464      INFO  main            d.u.i.k.p.i.AbstractProblemLoader Creating init config 
68876      DEBUG main            d.u.i.k.p.i.AbstractProblemLoader Init config took 2.41s 
68901      INFO  main            d.u.i.k.p.i.AbstractProblemLoader Replaying proof implicitObjectStringConversion.key.proof 
68967      DEBUG main            d.u.i.k.p.i.IntermediateProofReplayer Proof replay took 61.92ms 
68969      DEBUG main            d.u.i.k.p.r.p.TestFile    ... success: reloaded. 
68969      INFO  main            d.u.i.k.p.r.p.TestFile    Now processing file /home/runner/work/key/key/key.core/../key.ui/examples/standard_key/strings/literalEquality.key 
68970      INFO  main            d.u.i.k.p.i.AbstractProblemLoader Loading environment from /home/runner/work/key/key/key.core/../key.ui/examples/standard_key/strings/literalEquality.key 
68970      DEBUG main            d.u.i.k.p.i.AbstractProblemLoader Environment load took 89.3ns 
68971      INFO  main            d.u.i.k.p.i.AbstractProblemLoader Creating init config 
71281      DEBUG main            d.u.i.k.p.i.AbstractProblemLoader Init config took 2.31s 
71296      INFO  main            d.u.i.k.p.i.AbstractProblemLoader Replaying proof literalEquality.key 
71298      DEBUG main            d.u.i.k.p.i.IntermediateProofReplayer Proof replay took 7.1ns 
71400      INFO  main            d.u.i.k.p.r.p.TestFile    ... finished proof: closed. 
71612      INFO  main            d.u.i.k.p.i.AbstractProblemLoader Loading environment from /home/runner/work/key/key/key.core/../key.ui/examples/standard_key/strings/literalEquality.key.proof 
71612      DEBUG main            d.u.i.k.p.i.AbstractProblemLoader Environment load took 129.1ns 
71613      INFO  main            d.u.i.k.p.i.AbstractProblemLoader Creating init config 
73838      DEBUG main            d.u.i.k.p.i.AbstractProblemLoader Init config took 2.22s 
73853      INFO  main            d.u.i.k.p.i.AbstractProblemLoader Replaying proof literalEquality.key.proof 
73858      DEBUG main            d.u.i.k.p.i.IntermediateProofReplayer Proof replay took 2.35ms 
73859      DEBUG main            d.u.i.k.p.r.p.TestFile    ... success: reloaded. 
73859      INFO  main            d.u.i.k.p.r.p.TestFile    Now processing file /home/runner/work/key/key/key.core/../key.ui/examples/standard_key/strings/replace0.key 
73860      INFO  main            d.u.i.k.p.i.AbstractProblemLoader Loading environment from /home/runner/work/key/key/key.core/../key.ui/examples/standard_key/strings/replace0.key 
73860      DEBUG main            d.u.i.k.p.i.AbstractProblemLoader Environment load took 173.4ns 
73861      INFO  main            d.u.i.k.p.i.AbstractProblemLoader Creating init config 
76120      DEBUG main            d.u.i.k.p.i.AbstractProblemLoader Init config took 2.26s 
76134      INFO  main            d.u.i.k.p.i.AbstractProblemLoader Replaying proof replace0.key 
76135      DEBUG main            d.u.i.k.p.i.IntermediateProofReplayer Proof replay took 7.7ns 
76238      INFO  main            d.u.i.k.p.r.p.TestFile    ... finished proof: closed. 
76449      INFO  main            d.u.i.k.p.i.AbstractProblemLoader Loading environment from /home/runner/work/key/key/key.core/../key.ui/examples/standard_key/strings/replace0.key.proof 
76450      DEBUG main            d.u.i.k.p.i.AbstractProblemLoader Environment load took 129.7ns 
76451      INFO  main            d.u.i.k.p.i.AbstractProblemLoader Creating init config 
78661      DEBUG main            d.u.i.k.p.i.AbstractProblemLoader Init config took 2.21s 
78678      INFO  main            d.u.i.k.p.i.AbstractProblemLoader Replaying proof replace0.key.proof 
78684      DEBUG main            d.u.i.k.p.i.IntermediateProofReplayer Proof replay took 4.3ms 
78685      DEBUG main            d.u.i.k.p.r.p.TestFile    ... success: reloaded. 
78686      INFO  main            d.u.i.k.p.r.p.TestFile    Now processing file /home/runner/work/key/key/key.core/../key.ui/examples/standard_key/strings/replace1.key 
78687      INFO  main            d.u.i.k.p.i.AbstractProblemLoader Loading environment from /home/runner/work/key/key/key.core/../key.ui/examples/standard_key/strings/replace1.key 
78687      DEBUG main            d.u.i.k.p.i.AbstractProblemLoader Environment load took 183.2ns 
78688      INFO  main            d.u.i.k.p.i.AbstractProblemLoader Creating init config 
80948      DEBUG main            d.u.i.k.p.i.AbstractProblemLoader Init config took 2.26s 
80962      INFO  main            d.u.i.k.p.i.AbstractProblemLoader Replaying proof replace1.key 
80963      DEBUG main            d.u.i.k.p.i.IntermediateProofReplayer Proof replay took 8.1ns 
81066      INFO  main            d.u.i.k.p.r.p.TestFile    ... finished proof: closed. 
81281      INFO  main            d.u.i.k.p.i.AbstractProblemLoader Loading environment from /home/runner/work/key/key/key.core/../key.ui/examples/standard_key/strings/replace1.key.proof 
81281      DEBUG main            d.u.i.k.p.i.AbstractProblemLoader Environment load took 128.5ns 
81282      INFO  main            d.u.i.k.p.i.AbstractProblemLoader Creating init config 
83486      DEBUG main            d.u.i.k.p.i.AbstractProblemLoader Init config took 2.2s 
83500      INFO  main            d.u.i.k.p.i.AbstractProblemLoader Replaying proof replace1.key.proof 
83507      DEBUG main            d.u.i.k.p.i.IntermediateProofReplayer Proof replay took 4.68ms 
83508      DEBUG main            d.u.i.k.p.r.p.TestFile    ... success: reloaded. 
83508      INFO  main            d.u.i.k.p.r.p.TestFile    Now processing file /home/runner/work/key/key/key.core/../key.ui/examples/standard_key/strings/simpleAssignment.key 
83509      INFO  main            d.u.i.k.p.i.AbstractProblemLoader Loading environment from /home/runner/work/key/key/key.core/../key.ui/examples/standard_key/strings/simpleAssignment.key 
83509      DEBUG main            d.u.i.k.p.i.AbstractProblemLoader Environment load took 105.2ns 
83510      INFO  main            d.u.i.k.p.i.AbstractProblemLoader Creating init config 
85781      DEBUG main            d.u.i.k.p.i.AbstractProblemLoader Init config took 2.27s 
85797      INFO  main            d.u.i.k.p.i.AbstractProblemLoader Replaying proof simpleAssignment.key 
85798      DEBUG main            d.u.i.k.p.i.IntermediateProofReplayer Proof replay took 7.1ns 
85900      INFO  main            d.u.i.k.p.r.p.TestFile    ... finished proof: closed. 
86126      INFO  main            d.u.i.k.p.i.AbstractProblemLoader Loading environment from /home/runner/work/key/key/key.core/../key.ui/examples/standard_key/strings/simpleAssignment.key.proof 
86126      DEBUG main            d.u.i.k.p.i.AbstractProblemLoader Environment load took 128.2ns 
86127      INFO  main            d.u.i.k.p.i.AbstractProblemLoader Creating init config 
88350      DEBUG main            d.u.i.k.p.i.AbstractProblemLoader Init config took 2.22s 
88368      INFO  main            d.u.i.k.p.i.AbstractProblemLoader Replaying proof simpleAssignment.key.proof 
88371      DEBUG main            d.u.i.k.p.i.IntermediateProofReplayer Proof replay took 1.46ms 
88373      DEBUG main            d.u.i.k.p.r.p.TestFile    ... success: reloaded. 
88373      INFO  main            d.u.i.k.p.r.p.TestFile    Now processing file /home/runner/work/key/key/key.core/../key.ui/examples/standard_key/strings/simpleLengthComp.key 
88374      INFO  main            d.u.i.k.p.i.AbstractProblemLoader Loading environment from /home/runner/work/key/key/key.core/../key.ui/examples/standard_key/strings/simpleLengthComp.key 
88374      DEBUG main            d.u.i.k.p.i.AbstractProblemLoader Environment load took 177.1ns 
88375      INFO  main            d.u.i.k.p.i.AbstractProblemLoader Creating init config 
90606      DEBUG main            d.u.i.k.p.i.AbstractProblemLoader Init config took 2.23s 
90623      INFO  main            d.u.i.k.p.i.AbstractProblemLoader Replaying proof simpleLengthComp.key 
90626      DEBUG main            d.u.i.k.p.i.IntermediateProofReplayer Proof replay took 7.7ns 
90829      INFO  main            d.u.i.k.p.r.p.TestFile    ... finished proof: closed. 
91066      INFO  main            d.u.i.k.p.i.AbstractProblemLoader Loading environment from /home/runner/work/key/key/key.core/../key.ui/examples/standard_key/strings/simpleLengthComp.key.proof 
91066      DEBUG main            d.u.i.k.p.i.AbstractProblemLoader Environment load took 148.3ns 
91068      INFO  main            d.u.i.k.p.i.AbstractProblemLoader Creating init config 
93244      DEBUG main            d.u.i.k.p.i.AbstractProblemLoader Init config took 2.18s 
93260      INFO  main            d.u.i.k.p.i.AbstractProblemLoader Replaying proof simpleLengthComp.key.proof 
93302      DEBUG main            d.u.i.k.p.i.IntermediateProofReplayer Proof replay took 39.39ms 
93303      DEBUG main            d.u.i.k.p.r.p.TestFile    ... success: reloaded. 
93303      INFO  main            d.u.i.k.p.r.p.TestFile    Now processing file /home/runner/work/key/key/key.core/../key.ui/examples/standard_key/strings/stringCompileTimeConstant1.key 
93304      INFO  main            d.u.i.k.p.i.AbstractProblemLoader Loading environment from /home/runner/work/key/key/key.core/../key.ui/examples/standard_key/strings/stringCompileTimeConstant1.key 
93304      DEBUG main            d.u.i.k.p.i.AbstractProblemLoader Environment load took 86.7ns 
93305      INFO  main            d.u.i.k.p.i.AbstractProblemLoader Creating init config 
95563      DEBUG main            d.u.i.k.p.i.AbstractProblemLoader Init config took 2.26s 
95579      INFO  main            d.u.i.k.p.i.AbstractProblemLoader Replaying proof stringCompileTimeConstant1.key 
95580      DEBUG main            d.u.i.k.p.i.IntermediateProofReplayer Proof replay took 7.8ns 
95682      INFO  main            d.u.i.k.p.r.p.TestFile    ... finished proof: closed. 
95921      INFO  main            d.u.i.k.p.i.AbstractProblemLoader Loading environment from /home/runner/work/key/key/key.core/../key.ui/examples/standard_key/strings/stringCompileTimeConstant1.key.proof 
95921      DEBUG main            d.u.i.k.p.i.AbstractProblemLoader Environment load took 118ns 
95922      INFO  main            d.u.i.k.p.i.AbstractProblemLoader Creating init config 
98104      DEBUG main            d.u.i.k.p.i.AbstractProblemLoader Init config took 2.18s 
98119      INFO  main            d.u.i.k.p.i.AbstractProblemLoader Replaying proof stringCompileTimeConstant1.key.proof 
98124      DEBUG main            d.u.i.k.p.i.IntermediateProofReplayer Proof replay took 3.12ms 
98125      DEBUG main            d.u.i.k.p.r.p.TestFile    ... success: reloaded. 
98126      INFO  main            d.u.i.k.p.r.p.TestFile    Now processing file /home/runner/work/key/key/key.core/../key.ui/examples/standard_key/strings/stringCompileTimeConstant2.key 
98126      INFO  main            d.u.i.k.p.i.AbstractProblemLoader Loading environment from /home/runner/work/key/key/key.core/../key.ui/examples/standard_key/strings/stringCompileTimeConstant2.key 
98127      DEBUG main            d.u.i.k.p.i.AbstractProblemLoader Environment load took 171.7ns 
98127      INFO  main            d.u.i.k.p.i.AbstractProblemLoader Creating init config 
100518     DEBUG main            d.u.i.k.p.i.AbstractProblemLoader Init config took 2.39s 
100538     INFO  main            d.u.i.k.p.i.AbstractProblemLoader Replaying proof stringCompileTimeConstant2.key 
100541     DEBUG main            d.u.i.k.p.i.IntermediateProofReplayer Proof replay took 9.3ns 
103256     INFO  main            d.u.i.k.p.r.p.TestFile    ... finished proof: closed. 
103550     INFO  main            d.u.i.k.p.i.AbstractProblemLoader Loading environment from /home/runner/work/key/key/key.core/../key.ui/examples/standard_key/strings/stringCompileTimeConstant2.key.proof 
103552     DEBUG main            d.u.i.k.p.i.AbstractProblemLoader Environment load took 2.52ms 
103554     INFO  main            d.u.i.k.p.i.AbstractProblemLoader Creating init config 
105896     DEBUG main            d.u.i.k.p.i.AbstractProblemLoader Init config took 2.34s 
105912     INFO  main            d.u.i.k.p.i.AbstractProblemLoader Replaying proof stringCompileTimeConstant2.key.proof 
106206     DEBUG main            d.u.i.k.p.i.IntermediateProofReplayer Proof replay took 283.34ms 
106208     DEBUG main            d.u.i.k.p.r.p.TestFile    ... success: reloaded. 
106209     INFO  main            d.u.i.k.p.r.p.TestFile    Now processing file /home/runner/work/key/key/key.core/../key.ui/examples/standard_key/strings/stringEquality1.key 
106209     INFO  main            d.u.i.k.p.i.AbstractProblemLoader Loading environment from /home/runner/work/key/key/key.core/../key.ui/examples/standard_key/strings/stringEquality1.key 
106209     DEBUG main            d.u.i.k.p.i.AbstractProblemLoader Environment load took 126.5ns 
106211     INFO  main            d.u.i.k.p.i.AbstractProblemLoader Creating init config 
108415     DEBUG main            d.u.i.k.p.i.AbstractProblemLoader Init config took 2.2s 
108430     INFO  main            d.u.i.k.p.i.AbstractProblemLoader Replaying proof stringEquality1.key 
108431     DEBUG main            d.u.i.k.p.i.IntermediateProofReplayer Proof replay took 7.3ns 
108535     INFO  main            d.u.i.k.p.r.p.TestFile    ... finished proof: closed. 
108824     INFO  main            d.u.i.k.p.i.AbstractProblemLoader Loading environment from /home/runner/work/key/key/key.core/../key.ui/examples/standard_key/strings/stringEquality1.key.proof 
108824     DEBUG main            d.u.i.k.p.i.AbstractProblemLoader Environment load took 124.5ns 
108826     INFO  main            d.u.i.k.p.i.AbstractProblemLoader Creating init config 
111000     DEBUG main            d.u.i.k.p.i.AbstractProblemLoader Init config took 2.17s 
111015     INFO  main            d.u.i.k.p.i.AbstractProblemLoader Replaying proof stringEquality1.key.proof 
111028     DEBUG main            d.u.i.k.p.i.IntermediateProofReplayer Proof replay took 10.86ms 
111029     DEBUG main            d.u.i.k.p.r.p.TestFile    ... success: reloaded. 
111030     INFO  main            d.u.i.k.p.r.p.TestFile    Now processing file /home/runner/work/key/key/key.core/../key.ui/examples/standard_key/strings/stringEquality2.key 
111030     INFO  main            d.u.i.k.p.i.AbstractProblemLoader Loading environment from /home/runner/work/key/key/key.core/../key.ui/examples/standard_key/strings/stringEquality2.key 
111030     DEBUG main            d.u.i.k.p.i.AbstractProblemLoader Environment load took 88ns 
111032     INFO  main            d.u.i.k.p.i.AbstractProblemLoader Creating init config 
113260     DEBUG main            d.u.i.k.p.i.AbstractProblemLoader Init config took 2.23s 
113275     INFO  main            d.u.i.k.p.i.AbstractProblemLoader Replaying proof stringEquality2.key 
113276     DEBUG main            d.u.i.k.p.i.IntermediateProofReplayer Proof replay took 8ns 
113679     INFO  main            d.u.i.k.p.r.p.TestFile    ... finished proof: closed. 
113949     INFO  main            d.u.i.k.p.i.AbstractProblemLoader Loading environment from /home/runner/work/key/key/key.core/../key.ui/examples/standard_key/strings/stringEquality2.key.proof 
113950     DEBUG main            d.u.i.k.p.i.AbstractProblemLoader Environment load took 373.71ns 
113951     INFO  main            d.u.i.k.p.i.AbstractProblemLoader Creating init config 
116183     DEBUG main            d.u.i.k.p.i.AbstractProblemLoader Init config took 2.23s 
116197     INFO  main            d.u.i.k.p.i.AbstractProblemLoader Replaying proof stringEquality2.key.proof 
116246     DEBUG main            d.u.i.k.p.i.IntermediateProofReplayer Proof replay took 44.36ms 
116247     DEBUG main            d.u.i.k.p.r.p.TestFile    ... success: reloaded. 
116248     INFO  main            d.u.i.k.p.r.p.TestFile    Now processing file /home/runner/work/key/key/key.core/../key.ui/examples/standard_key/strings/substring0.key 
116248     INFO  main            d.u.i.k.p.i.AbstractProblemLoader Loading environment from /home/runner/work/key/key/key.core/../key.ui/examples/standard_key/strings/substring0.key 
116248     DEBUG main            d.u.i.k.p.i.AbstractProblemLoader Environment load took 76.6ns 
116249     INFO  main            d.u.i.k.p.i.AbstractProblemLoader Creating init config 
118491     DEBUG main            d.u.i.k.p.i.AbstractProblemLoader Init config took 2.24s 
118505     INFO  main            d.u.i.k.p.i.AbstractProblemLoader Replaying proof substring0.key 
118506     DEBUG main            d.u.i.k.p.i.IntermediateProofReplayer Proof replay took 7.6ns 
118612     INFO  main            d.u.i.k.p.r.p.TestFile    ... finished proof: closed. 
118887     INFO  main            d.u.i.k.p.i.AbstractProblemLoader Loading environment from /home/runner/work/key/key/key.core/../key.ui/examples/standard_key/strings/substring0.key.proof 
118887     DEBUG main            d.u.i.k.p.i.AbstractProblemLoader Environment load took 126.4ns 
118888     INFO  main            d.u.i.k.p.i.AbstractProblemLoader Creating init config 
121047     DEBUG main            d.u.i.k.p.i.AbstractProblemLoader Init config took 2.16s 
121062     INFO  main            d.u.i.k.p.i.AbstractProblemLoader Replaying proof substring0.key.proof 
121064     DEBUG main            d.u.i.k.p.i.IntermediateProofReplayer Proof replay took 501.31ns 
121065     DEBUG main            d.u.i.k.p.r.p.TestFile    ... success: reloaded. 
121066     INFO  main            d.u.i.k.p.r.p.TestFile    Now processing file /home/runner/work/key/key/key.core/../key.ui/examples/standard_key/strings/substring1.key 
121066     INFO  main            d.u.i.k.p.i.AbstractProblemLoader Loading environment from /home/runner/work/key/key/key.core/../key.ui/examples/standard_key/strings/substring1.key 
121066     DEBUG main            d.u.i.k.p.i.AbstractProblemLoader Environment load took 82ns 
121067     INFO  main            d.u.i.k.p.i.AbstractProblemLoader Creating init config 
123321     DEBUG main            d.u.i.k.p.i.AbstractProblemLoader Init config took 2.25s 
123335     INFO  main            d.u.i.k.p.i.AbstractProblemLoader Replaying proof substring1.key 
123337     DEBUG main            d.u.i.k.p.i.IntermediateProofReplayer Proof replay took 8.5ns 
123439     INFO  main            d.u.i.k.p.r.p.TestFile    ... finished proof: closed. 
123703     INFO  main            d.u.i.k.p.i.AbstractProblemLoader Loading environment from /home/runner/work/key/key/key.core/../key.ui/examples/standard_key/strings/substring1.key.proof 
123703     DEBUG main            d.u.i.k.p.i.AbstractProblemLoader Environment load took 129ns 
123704     INFO  main            d.u.i.k.p.i.AbstractProblemLoader Creating init config 
125869     DEBUG main            d.u.i.k.p.i.AbstractProblemLoader Init config took 2.16s 
125883     INFO  main            d.u.i.k.p.i.AbstractProblemLoader Replaying proof substring1.key.proof 
125885     DEBUG main            d.u.i.k.p.i.IntermediateProofReplayer Proof replay took 530.51ns 
125886     DEBUG main            d.u.i.k.p.r.p.TestFile    ... success: reloaded. 
125886     INFO  main            d.u.i.k.p.r.p.TestFile    Now processing file /home/runner/work/key/key/key.core/../key.ui/examples/standard_key/strings/substring2.key 
125887     INFO  main            d.u.i.k.p.i.AbstractProblemLoader Loading environment from /home/runner/work/key/key/key.core/../key.ui/examples/standard_key/strings/substring2.key 
125887     DEBUG main            d.u.i.k.p.i.AbstractProblemLoader Environment load took 68.1ns 
125888     INFO  main            d.u.i.k.p.i.AbstractProblemLoader Creating init config 
128127     DEBUG main            d.u.i.k.p.i.AbstractProblemLoader Init config took 2.24s 
128141     INFO  main            d.u.i.k.p.i.AbstractProblemLoader Replaying proof substring2.key 
128142     DEBUG main            d.u.i.k.p.i.IntermediateProofReplayer Proof replay took 8.2ns 
128244     INFO  main            d.u.i.k.p.r.p.TestFile    ... finished proof: closed. 
128507     INFO  main            d.u.i.k.p.i.AbstractProblemLoader Loading environment from /home/runner/work/key/key/key.core/../key.ui/examples/standard_key/strings/substring2.key.proof 
128507     DEBUG main            d.u.i.k.p.i.AbstractProblemLoader Environment load took 131ns 
128508     INFO  main            d.u.i.k.p.i.AbstractProblemLoader Creating init config 
130667     DEBUG main            d.u.i.k.p.i.AbstractProblemLoader Init config took 2.16s 
130681     INFO  main            d.u.i.k.p.i.AbstractProblemLoader Replaying proof substring2.key.proof 
130683     DEBUG main            d.u.i.k.p.i.IntermediateProofReplayer Proof replay took 949.22ns 
130684     DEBUG main            d.u.i.k.p.r.p.TestFile    ... success: reloaded. 
130685     INFO  main            d.u.i.k.p.r.p.TestFile    Now processing file /home/runner/work/key/key/key.core/../key.ui/examples/standard_key/strings/substring3.key 
130685     INFO  main            d.u.i.k.p.i.AbstractProblemLoader Loading environment from /home/runner/work/key/key/key.core/../key.ui/examples/standard_key/strings/substring3.key 
130686     DEBUG main            d.u.i.k.p.i.AbstractProblemLoader Environment load took 199.5ns 
130687     INFO  main            d.u.i.k.p.i.AbstractProblemLoader Creating init config 
132932     DEBUG main            d.u.i.k.p.i.AbstractProblemLoader Init config took 2.25s 
132948     INFO  main            d.u.i.k.p.i.AbstractProblemLoader Replaying proof substring3.key 
132949     DEBUG main            d.u.i.k.p.i.IntermediateProofReplayer Proof replay took 7.3ns 
133051     INFO  main            d.u.i.k.p.r.p.TestFile    ... finished proof: closed. 
133328     INFO  main            d.u.i.k.p.i.AbstractProblemLoader Loading environment from /home/runner/work/key/key/key.core/../key.ui/examples/standard_key/strings/substring3.key.proof 
133328     DEBUG main            d.u.i.k.p.i.AbstractProblemLoader Environment load took 124.2ns 
133329     INFO  main            d.u.i.k.p.i.AbstractProblemLoader Creating init config 
135486     DEBUG main            d.u.i.k.p.i.AbstractProblemLoader Init config took 2.16s 
135500     INFO  main            d.u.i.k.p.i.AbstractProblemLoader Replaying proof substring3.key.proof 
135505     DEBUG main            d.u.i.k.p.i.IntermediateProofReplayer Proof replay took 2.32ms 
135505     DEBUG main            d.u.i.k.p.r.p.TestFile    ... success: reloaded. 
135506     INFO  main            d.u.i.k.p.r.p.TestFile    Now processing file /home/runner/work/key/key/key.core/../key.ui/examples/standard_key/strings/substring4.key 
135507     INFO  main            d.u.i.k.p.i.AbstractProblemLoader Loading environment from /home/runner/work/key/key/key.core/../key.ui/examples/standard_key/strings/substring4.key 
135507     DEBUG main            d.u.i.k.p.i.AbstractProblemLoader Environment load took 343.11ns 
135508     INFO  main            d.u.i.k.p.i.AbstractProblemLoader Creating init config 
137725     DEBUG main            d.u.i.k.p.i.AbstractProblemLoader Init config took 2.22s 
137741     INFO  main            d.u.i.k.p.i.AbstractProblemLoader Replaying proof substring4.key 
137743     DEBUG main            d.u.i.k.p.i.IntermediateProofReplayer Proof replay took 8.1ns 
137845     INFO  main            d.u.i.k.p.r.p.TestFile    ... finished proof: closed. 
138150     INFO  main            d.u.i.k.p.i.AbstractProblemLoader Loading environment from /home/runner/work/key/key/key.core/../key.ui/examples/standard_key/strings/substring4.key.proof 
138150     DEBUG main            d.u.i.k.p.i.AbstractProblemLoader Environment load took 116.7ns 
138152     INFO  main            d.u.i.k.p.i.AbstractProblemLoader Creating init config 
140324     DEBUG main            d.u.i.k.p.i.AbstractProblemLoader Init config took 2.17s 
140338     INFO  main            d.u.i.k.p.i.AbstractProblemLoader Replaying proof substring4.key.proof 
140345     DEBUG main            d.u.i.k.p.i.IntermediateProofReplayer Proof replay took 4.02ms 
140346     DEBUG main            d.u.i.k.p.r.p.TestFile    ... success: reloaded. 
140346     INFO  main            d.u.i.k.p.r.p.TestFile    Now processing file /home/runner/work/key/key/key.core/../key.ui/examples/standard_key/strings/substring5.key 
140347     INFO  main            d.u.i.k.p.i.AbstractProblemLoader Loading environment from /home/runner/work/key/key/key.core/../key.ui/examples/standard_key/strings/substring5.key 
140347     DEBUG main            d.u.i.k.p.i.AbstractProblemLoader Environment load took 51ns 
140348     INFO  main            d.u.i.k.p.i.AbstractProblemLoader Creating init config 
142604     DEBUG main            d.u.i.k.p.i.AbstractProblemLoader Init config took 2.26s 
142619     INFO  main            d.u.i.k.p.i.AbstractProblemLoader Replaying proof substring5.key 
142621     DEBUG main            d.u.i.k.p.i.IntermediateProofReplayer Proof replay took 7.7ns 
142923     INFO  main            d.u.i.k.p.r.p.TestFile    ... finished proof: closed. 
143219     INFO  main            d.u.i.k.p.i.AbstractProblemLoader Loading environment from /home/runner/work/key/key/key.core/../key.ui/examples/standard_key/strings/substring5.key.proof 
143219     DEBUG main            d.u.i.k.p.i.AbstractProblemLoader Environment load took 120.5ns 
143223     INFO  main            d.u.i.k.p.i.AbstractProblemLoader Creating init config 
145368     DEBUG main            d.u.i.k.p.i.AbstractProblemLoader Init config took 2.14s 
145382     INFO  main            d.u.i.k.p.i.AbstractProblemLoader Replaying proof substring5.key.proof 
145421     DEBUG main            d.u.i.k.p.i.IntermediateProofReplayer Proof replay took 35.62ms 
145422     DEBUG main            d.u.i.k.p.r.p.TestFile    ... success: reloaded. 
4024108    INFO  Test worker     d.u.i.k.p.r.RunAllProofsTestUnit Returning from test strings 
4024109    INFO  Test worker     d.u.i.k.p.r.RunAllProofsTestUnit Running test simple_info_flow 
330        INFO  Timeout watchdog d.u.i.k.p.r.p.ForkedTestFileRunner Timeout watcher launched (2000 secs.) 
343        WARN  main            d.u.i.k.s.ProofSettings   The settings in /home/runner/.key/proof-settings.props are *not* read. 
375        INFO  main            d.u.i.k.p.r.p.TestFile    Now processing file /home/runner/work/key/key/key.core/../key.ui/examples/heap/information_flow/UpdateAbstraction_ex7_1_insecure.key 
517        INFO  main            d.u.i.k.p.i.AbstractProblemLoader Loading environment from /home/runner/work/key/key/key.core/../key.ui/examples/heap/information_flow/UpdateAbstraction_ex7_1_insecure.key 
544        DEBUG main            d.u.i.k.p.i.AbstractProblemLoader Environment load took 2.26ms 
761        INFO  main            d.u.i.k.p.i.AbstractProblemLoader Creating init config 
1622       DEBUG main            d.u.i.k.j.TypeConverter   No LDT found for Meta 
1623       DEBUG main            d.u.i.k.j.TypeConverter   No LDT found for Meta 
1624       DEBUG main            d.u.i.k.j.TypeConverter   No LDT found for Meta 
1624       DEBUG main            d.u.i.k.j.TypeConverter   No LDT found for Meta 
2966       DEBUG main            d.u.i.k.j.TypeConverter   No LDT found for JavaBigintExpression 
8344       DEBUG main            d.u.i.k.p.i.AbstractProblemLoader Init config took 7.58s 
8468       INFO  main            d.u.i.k.p.i.AbstractProblemLoader Replaying proof UpdateAbstraction[UpdateAbstraction::ex7_1_insecure()].JML operation contract.0 
8501       DEBUG main            d.u.i.k.p.i.IntermediateProofReplayer Proof replay took 38ns 
9188       INFO  main            d.u.i.k.p.r.p.TestFile    ... finished proof: open goal(s) 
9353       INFO  main            d.u.i.k.p.r.p.TestFile    Now processing file /home/runner/work/key/key/key.core/../key.ui/examples/heap/information_flow/UpdateAbstraction_ex7_2_insecure.key 
9354       INFO  main            d.u.i.k.p.i.AbstractProblemLoader Loading environment from /home/runner/work/key/key/key.core/../key.ui/examples/heap/information_flow/UpdateAbstraction_ex7_2_insecure.key 
9354       DEBUG main            d.u.i.k.p.i.AbstractProblemLoader Environment load took 100.5ns 
9355       INFO  main            d.u.i.k.p.i.AbstractProblemLoader Creating init config 
12365      DEBUG main            d.u.i.k.p.i.AbstractProblemLoader Init config took 3.01s 
12431      INFO  main            d.u.i.k.p.i.AbstractProblemLoader Replaying proof UpdateAbstraction[UpdateAbstraction::ex7_2_insecure()].JML operation contract.0 
12433      DEBUG main            d.u.i.k.p.i.IntermediateProofReplayer Proof replay took 7.3ns 
12739      INFO  main            d.u.i.k.p.r.p.TestFile    ... finished proof: open goal(s) 
4037155    INFO  Test worker     d.u.i.k.p.r.RunAllProofsTestUnit Returning from test simple_info_flow 
4037156    INFO  Test worker     d.u.i.k.p.r.RunAllProofsTestUnit Running test modelMethods 
350        INFO  Timeout watchdog d.u.i.k.p.r.p.ForkedTestFileRunner Timeout watcher launched (2000 secs.) 
373        WARN  main            d.u.i.k.s.ProofSettings   The settings in /home/runner/.key/proof-settings.props are *not* read. 
420        INFO  main            d.u.i.k.p.r.p.TestFile    Now processing file /home/runner/work/key/key/key.core/../key.ui/examples/heap/model_methods/Cell_footprint_acc.key 
567        INFO  main            d.u.i.k.p.i.AbstractProblemLoader Loading environment from /home/runner/work/key/key/key.core/../key.ui/examples/heap/model_methods/Cell_footprint_acc.key 
588        DEBUG main            d.u.i.k.p.i.AbstractProblemLoader Environment load took 2.83ms 
797        INFO  main            d.u.i.k.p.i.AbstractProblemLoader Creating init config 
1717       DEBUG main            d.u.i.k.j.TypeConverter   No LDT found for Meta 
1718       DEBUG main            d.u.i.k.j.TypeConverter   No LDT found for Meta 
1719       DEBUG main            d.u.i.k.j.TypeConverter   No LDT found for Meta 
1719       DEBUG main            d.u.i.k.j.TypeConverter   No LDT found for Meta 
3093       DEBUG main            d.u.i.k.j.TypeConverter   No LDT found for JavaBigintExpression 
8248       DEBUG main            d.u.i.k.p.i.AbstractProblemLoader Init config took 7.45s 
8384       INFO  main            d.u.i.k.p.i.AbstractProblemLoader Replaying proof Cell[Cell::footprint()].JML accessible clause.0 
8418       DEBUG main            d.u.i.k.p.i.IntermediateProofReplayer Proof replay took 62.5ns 
8953       INFO  main            d.u.i.k.p.r.p.TestFile    ... finished proof: closed. 
9063       INFO  main            d.u.i.k.p.i.AbstractProblemLoader Loading environment from /home/runner/work/key/key/key.core/../key.ui/examples/heap/model_methods/Cell_footprint_acc.key.proof 
9063       DEBUG main            d.u.i.k.p.i.AbstractProblemLoader Environment load took 168.1ns 
9065       INFO  main            d.u.i.k.p.i.AbstractProblemLoader Creating init config 
12046      DEBUG main            d.u.i.k.p.i.AbstractProblemLoader Init config took 2.98s 
12156      INFO  main            d.u.i.k.p.i.AbstractProblemLoader Replaying proof Cell[Cell::footprint()].JML accessible clause.0 
12235      DEBUG main            d.u.i.k.p.i.IntermediateProofReplayer Proof replay took 67.04ms 
12242      DEBUG main            d.u.i.k.p.r.p.TestFile    ... success: reloaded. 
12244      INFO  main            d.u.i.k.p.r.p.TestFile    Now processing file /home/runner/work/key/key/key.core/../key.ui/examples/heap/model_methods/Cell_footprint.key 
12244      INFO  main            d.u.i.k.p.i.AbstractProblemLoader Loading environment from /home/runner/work/key/key/key.core/../key.ui/examples/heap/model_methods/Cell_footprint.key 
12245      DEBUG main            d.u.i.k.p.i.AbstractProblemLoader Environment load took 193.8ns 
12246      INFO  main            d.u.i.k.p.i.AbstractProblemLoader Creating init config 
14969      DEBUG main            d.u.i.k.p.i.AbstractProblemLoader Init config took 2.72s 
15074      INFO  main            d.u.i.k.p.i.AbstractProblemLoader Replaying proof Cell[Cell::footprint()].JML model_behavior operation contract.0 
15078      DEBUG main            d.u.i.k.p.i.IntermediateProofReplayer Proof replay took 7.3ns 
15183      INFO  main            d.u.i.k.p.r.p.TestFile    ... finished proof: closed. 
15317      INFO  main            d.u.i.k.p.i.AbstractProblemLoader Loading environment from /home/runner/work/key/key/key.core/../key.ui/examples/heap/model_methods/Cell_footprint.key.proof 
15317      DEBUG main            d.u.i.k.p.i.AbstractProblemLoader Environment load took 170.1ns 
15319      INFO  main            d.u.i.k.p.i.AbstractProblemLoader Creating init config 
17983      DEBUG main            d.u.i.k.p.i.AbstractProblemLoader Init config took 2.66s 
18039      INFO  main            d.u.i.k.p.i.AbstractProblemLoader Replaying proof Cell[Cell::footprint()].JML model_behavior operation contract.0 
18048      DEBUG main            d.u.i.k.p.i.IntermediateProofReplayer Proof replay took 6.9ms 
18049      DEBUG main            d.u.i.k.p.r.p.TestFile    ... success: reloaded. 
18051      INFO  main            d.u.i.k.p.r.p.TestFile    Now processing file /home/runner/work/key/key/key.core/../key.ui/examples/heap/model_methods/Cell_get_acc.key 
18051      INFO  main            d.u.i.k.p.i.AbstractProblemLoader Loading environment from /home/runner/work/key/key/key.core/../key.ui/examples/heap/model_methods/Cell_get_acc.key 
18051      DEBUG main            d.u.i.k.p.i.AbstractProblemLoader Environment load took 182.4ns 
18053      INFO  main            d.u.i.k.p.i.AbstractProblemLoader Creating init config 
20722      DEBUG main            d.u.i.k.p.i.AbstractProblemLoader Init config took 2.67s 
20809      INFO  main            d.u.i.k.p.i.AbstractProblemLoader Replaying proof Cell[Cell::get()].JML accessible clause.0 
20812      DEBUG main            d.u.i.k.p.i.IntermediateProofReplayer Proof replay took 5.9ns 
21019      INFO  main            d.u.i.k.p.r.p.TestFile    ... finished proof: closed. 
21167      INFO  main            d.u.i.k.p.i.AbstractProblemLoader Loading environment from /home/runner/work/key/key/key.core/../key.ui/examples/heap/model_methods/Cell_get_acc.key.proof 
21168      DEBUG main            d.u.i.k.p.i.AbstractProblemLoader Environment load took 542.11ns 
21169      INFO  main            d.u.i.k.p.i.AbstractProblemLoader Creating init config 
23741      DEBUG main            d.u.i.k.p.i.AbstractProblemLoader Init config took 2.57s 
23792      INFO  main            d.u.i.k.p.i.AbstractProblemLoader Replaying proof Cell[Cell::get()].JML accessible clause.0 
23828      DEBUG main            d.u.i.k.p.i.IntermediateProofReplayer Proof replay took 32.95ms 
23829      DEBUG main            d.u.i.k.p.r.p.TestFile    ... success: reloaded. 
23830      INFO  main            d.u.i.k.p.r.p.TestFile    Now processing file /home/runner/work/key/key/key.core/../key.ui/examples/heap/model_methods/Cell_get.key 
23831      INFO  main            d.u.i.k.p.i.AbstractProblemLoader Loading environment from /home/runner/work/key/key/key.core/../key.ui/examples/heap/model_methods/Cell_get.key 
23831      DEBUG main            d.u.i.k.p.i.AbstractProblemLoader Environment load took 188.8ns 
23832      INFO  main            d.u.i.k.p.i.AbstractProblemLoader Creating init config 
26482      DEBUG main            d.u.i.k.p.i.AbstractProblemLoader Init config took 2.65s 
26560      INFO  main            d.u.i.k.p.i.AbstractProblemLoader Replaying proof Cell[Cell::get()].JML operation contract.0 
26567      DEBUG main            d.u.i.k.p.i.IntermediateProofReplayer Proof replay took 8.8ns 
26669      INFO  main            d.u.i.k.p.r.p.TestFile    ... finished proof: closed. 
26822      INFO  main            d.u.i.k.p.i.AbstractProblemLoader Loading environment from /home/runner/work/key/key/key.core/../key.ui/examples/heap/model_methods/Cell_get.key.proof 
26822      DEBUG main            d.u.i.k.p.i.AbstractProblemLoader Environment load took 142.9ns 
26823      INFO  main            d.u.i.k.p.i.AbstractProblemLoader Creating init config 
29388      DEBUG main            d.u.i.k.p.i.AbstractProblemLoader Init config took 2.56s 
29444      INFO  main            d.u.i.k.p.i.AbstractProblemLoader Replaying proof Cell[Cell::get()].JML operation contract.0 
29464      DEBUG main            d.u.i.k.p.i.IntermediateProofReplayer Proof replay took 17.39ms 
29465      DEBUG main            d.u.i.k.p.r.p.TestFile    ... success: reloaded. 
29466      INFO  main            d.u.i.k.p.r.p.TestFile    Now processing file /home/runner/work/key/key/key.core/../key.ui/examples/heap/model_methods/Cell_post_set.key 
29466      INFO  main            d.u.i.k.p.i.AbstractProblemLoader Loading environment from /home/runner/work/key/key/key.core/../key.ui/examples/heap/model_methods/Cell_post_set.key 
29467      DEBUG main            d.u.i.k.p.i.AbstractProblemLoader Environment load took 140.2ns 
29468      INFO  main            d.u.i.k.p.i.AbstractProblemLoader Creating init config 
32085      DEBUG main            d.u.i.k.p.i.AbstractProblemLoader Init config took 2.62s 
32133      INFO  main            d.u.i.k.p.i.AbstractProblemLoader Replaying proof Cell[Cell::post_set(int)].JML model_behavior operation contract.0 
32135      DEBUG main            d.u.i.k.p.i.IntermediateProofReplayer Proof replay took 5.9ns 
32237      INFO  main            d.u.i.k.p.r.p.TestFile    ... finished proof: closed. 
32437      INFO  main            d.u.i.k.p.i.AbstractProblemLoader Loading environment from /home/runner/work/key/key/key.core/../key.ui/examples/heap/model_methods/Cell_post_set.key.proof 
32438      DEBUG main            d.u.i.k.p.i.AbstractProblemLoader Environment load took 236.3ns 
32439      INFO  main            d.u.i.k.p.i.AbstractProblemLoader Creating init config 
34962      DEBUG main            d.u.i.k.p.i.AbstractProblemLoader Init config took 2.52s 
35011      INFO  main            d.u.i.k.p.i.AbstractProblemLoader Replaying proof Cell[Cell::post_set(int)].JML model_behavior operation contract.0 
35018      DEBUG main            d.u.i.k.p.i.IntermediateProofReplayer Proof replay took 4.8ms 
35019      DEBUG main            d.u.i.k.p.r.p.TestFile    ... success: reloaded. 
35020      INFO  main            d.u.i.k.p.r.p.TestFile    Now processing file /home/runner/work/key/key/key.core/../key.ui/examples/heap/model_methods/Cell_set.key 
35021      INFO  main            d.u.i.k.p.i.AbstractProblemLoader Loading environment from /home/runner/work/key/key/key.core/../key.ui/examples/heap/model_methods/Cell_set.key 
35021      DEBUG main            d.u.i.k.p.i.AbstractProblemLoader Environment load took 192.9ns 
35022      INFO  main            d.u.i.k.p.i.AbstractProblemLoader Creating init config 
37628      DEBUG main            d.u.i.k.p.i.AbstractProblemLoader Init config took 2.61s 
37673      INFO  main            d.u.i.k.p.i.AbstractProblemLoader Replaying proof Cell[Cell::set(int)].JML operation contract.0 
37675      DEBUG main            d.u.i.k.p.i.IntermediateProofReplayer Proof replay took 7.2ns 
43836      INFO  main            d.u.i.k.p.r.p.TestFile    ... finished proof: closed. 
44087      INFO  main            d.u.i.k.p.i.AbstractProblemLoader Loading environment from /home/runner/work/key/key/key.core/../key.ui/examples/heap/model_methods/Cell_set.key.proof 
44090      DEBUG main            d.u.i.k.p.i.AbstractProblemLoader Environment load took 3.57ms 
44092      INFO  main            d.u.i.k.p.i.AbstractProblemLoader Creating init config 
46647      DEBUG main            d.u.i.k.p.i.AbstractProblemLoader Init config took 2.56s 
46693      INFO  main            d.u.i.k.p.i.AbstractProblemLoader Replaying proof Cell[Cell::set(int)].JML operation contract.0 
47318      DEBUG main            d.u.i.k.p.i.IntermediateProofReplayer Proof replay took 610.51ms 
47320      DEBUG main            d.u.i.k.p.r.p.TestFile    ... success: reloaded. 
47321      INFO  main            d.u.i.k.p.r.p.TestFile    Now processing file /home/runner/work/key/key/key.core/../key.ui/examples/heap/model_methods/CellTest_callSet.key 
47321      INFO  main            d.u.i.k.p.i.AbstractProblemLoader Loading environment from /home/runner/work/key/key/key.core/../key.ui/examples/heap/model_methods/CellTest_callSet.key 
47321      DEBUG main            d.u.i.k.p.i.AbstractProblemLoader Environment load took 117.1ns 
47322      INFO  main            d.u.i.k.p.i.AbstractProblemLoader Creating init config 
49947      DEBUG main            d.u.i.k.p.i.AbstractProblemLoader Init config took 2.62s 
49992      INFO  main            d.u.i.k.p.i.AbstractProblemLoader Replaying proof CellTest[CellTest::callSet(Cell,int)].JML operation contract.0 
49994      DEBUG main            d.u.i.k.p.i.IntermediateProofReplayer Proof replay took 8.1ns 
50197      INFO  main            d.u.i.k.p.r.p.TestFile    ... finished proof: closed. 
50362      INFO  main            d.u.i.k.p.i.AbstractProblemLoader Loading environment from /home/runner/work/key/key/key.core/../key.ui/examples/heap/model_methods/CellTest_callSet.key.proof 
50362      DEBUG main            d.u.i.k.p.i.AbstractProblemLoader Environment load took 139.5ns 
50363      INFO  main            d.u.i.k.p.i.AbstractProblemLoader Creating init config 
52903      DEBUG main            d.u.i.k.p.i.AbstractProblemLoader Init config took 2.54s 
52947      INFO  main            d.u.i.k.p.i.AbstractProblemLoader Replaying proof CellTest[CellTest::callSet(Cell,int)].JML operation contract.0 
52991      DEBUG main            d.u.i.k.p.i.IntermediateProofReplayer Proof replay took 40.76ms 
52992      DEBUG main            d.u.i.k.p.r.p.TestFile    ... success: reloaded. 
52993      INFO  main            d.u.i.k.p.r.p.TestFile    Now processing file /home/runner/work/key/key/key.core/../key.ui/examples/heap/model_methods/CellTest_test2.key 
52994      INFO  main            d.u.i.k.p.i.AbstractProblemLoader Loading environment from /home/runner/work/key/key/key.core/../key.ui/examples/heap/model_methods/CellTest_test2.key 
52994      DEBUG main            d.u.i.k.p.i.AbstractProblemLoader Environment load took 172.8ns 
52995      INFO  main            d.u.i.k.p.i.AbstractProblemLoader Creating init config 
55568      DEBUG main            d.u.i.k.p.i.AbstractProblemLoader Init config took 2.57s 
55612      INFO  main            d.u.i.k.p.i.AbstractProblemLoader Replaying proof CellTest[CellTest::test2(Cell)].JML operation contract.0 
55614      DEBUG main            d.u.i.k.p.i.IntermediateProofReplayer Proof replay took 7.3ns 
55920      INFO  main            d.u.i.k.p.r.p.TestFile    ... finished proof: closed. 
56125      INFO  main            d.u.i.k.p.i.AbstractProblemLoader Loading environment from /home/runner/work/key/key/key.core/../key.ui/examples/heap/model_methods/CellTest_test2.key.proof 
56125      DEBUG main            d.u.i.k.p.i.AbstractProblemLoader Environment load took 396.51ns 
56126      INFO  main            d.u.i.k.p.i.AbstractProblemLoader Creating init config 
58639      DEBUG main            d.u.i.k.p.i.AbstractProblemLoader Init config took 2.51s 
58696      INFO  main            d.u.i.k.p.i.AbstractProblemLoader Replaying proof CellTest[CellTest::test2(Cell)].JML operation contract.0 
58774      DEBUG main            d.u.i.k.p.i.IntermediateProofReplayer Proof replay took 75.02ms 
58775      DEBUG main            d.u.i.k.p.r.p.TestFile    ... success: reloaded. 
58776      INFO  main            d.u.i.k.p.r.p.TestFile    Now processing file /home/runner/work/key/key/key.core/../key.ui/examples/heap/model_methods/CellTest_test.key 
58776      INFO  main            d.u.i.k.p.i.AbstractProblemLoader Loading environment from /home/runner/work/key/key/key.core/../key.ui/examples/heap/model_methods/CellTest_test.key 
58776      DEBUG main            d.u.i.k.p.i.AbstractProblemLoader Environment load took 60.3ns 
58777      INFO  main            d.u.i.k.p.i.AbstractProblemLoader Creating init config 
61394      DEBUG main            d.u.i.k.p.i.AbstractProblemLoader Init config took 2.62s 
61445      INFO  main            d.u.i.k.p.i.AbstractProblemLoader Replaying proof CellTest[CellTest::test(Recell)].JML operation contract.0 
61446      DEBUG main            d.u.i.k.p.i.IntermediateProofReplayer Proof replay took 6.7ns 
64170      INFO  main            d.u.i.k.p.r.p.TestFile    ... finished proof: closed. 
64408      INFO  main            d.u.i.k.p.i.AbstractProblemLoader Loading environment from /home/runner/work/key/key/key.core/../key.ui/examples/heap/model_methods/CellTest_test.key.proof 
64409      DEBUG main            d.u.i.k.p.i.AbstractProblemLoader Environment load took 385.51ns 
64410      INFO  main            d.u.i.k.p.i.AbstractProblemLoader Creating init config 
66932      DEBUG main            d.u.i.k.p.i.AbstractProblemLoader Init config took 2.52s 
66975      INFO  main            d.u.i.k.p.i.AbstractProblemLoader Replaying proof CellTest[CellTest::test(Recell)].JML operation contract.0 
67528      DEBUG main            d.u.i.k.p.i.IntermediateProofReplayer Proof replay took 535.7ms 
67529      DEBUG main            d.u.i.k.p.r.p.TestFile    ... success: reloaded. 
67531      INFO  main            d.u.i.k.p.r.p.TestFile    Now processing file /home/runner/work/key/key/key.core/../key.ui/examples/heap/model_methods/Coll1_add.key 
67531      INFO  main            d.u.i.k.p.i.AbstractProblemLoader Loading environment from /home/runner/work/key/key/key.core/../key.ui/examples/heap/model_methods/Coll1_add.key 
67531      DEBUG main            d.u.i.k.p.i.AbstractProblemLoader Environment load took 175.6ns 
67532      INFO  main            d.u.i.k.p.i.AbstractProblemLoader Creating init config 
70148      DEBUG main            d.u.i.k.p.i.AbstractProblemLoader Init config took 2.62s 
70190      INFO  main            d.u.i.k.p.i.AbstractProblemLoader Replaying proof Coll1[Coll::add(int)].JML operation contract.0 
70192      DEBUG main            d.u.i.k.p.i.IntermediateProofReplayer Proof replay took 7.5ns 
70295      INFO  main            d.u.i.k.p.r.p.TestFile    ... finished proof: closed. 
70499      INFO  main            d.u.i.k.p.i.AbstractProblemLoader Loading environment from /home/runner/work/key/key/key.core/../key.ui/examples/heap/model_methods/Coll1_add.key.proof 
70499      DEBUG main            d.u.i.k.p.i.AbstractProblemLoader Environment load took 130.7ns 
70500      INFO  main            d.u.i.k.p.i.AbstractProblemLoader Creating init config 
72997      DEBUG main            d.u.i.k.p.i.AbstractProblemLoader Init config took 2.5s 
73040      INFO  main            d.u.i.k.p.i.AbstractProblemLoader Replaying proof Coll1[Coll::add(int)].JML operation contract.0 
73048      DEBUG main            d.u.i.k.p.i.IntermediateProofReplayer Proof replay took 7.02ms 
73049      DEBUG main            d.u.i.k.p.r.p.TestFile    ... success: reloaded. 
73050      INFO  main            d.u.i.k.p.r.p.TestFile    Now processing file /home/runner/work/key/key/key.core/../key.ui/examples/heap/model_methods/Coll1_Coll1_add_pre.key 
73051      INFO  main            d.u.i.k.p.i.AbstractProblemLoader Loading environment from /home/runner/work/key/key/key.core/../key.ui/examples/heap/model_methods/Coll1_Coll1_add_pre.key 
73051      DEBUG main            d.u.i.k.p.i.AbstractProblemLoader Environment load took 89.9ns 
73052      INFO  main            d.u.i.k.p.i.AbstractProblemLoader Creating init config 
75629      DEBUG main            d.u.i.k.p.i.AbstractProblemLoader Init config took 2.57s 
75678      INFO  main            d.u.i.k.p.i.AbstractProblemLoader Replaying proof Coll1[Coll1::add_pre(int)].JML model_behavior operation contract.0 
75679      DEBUG main            d.u.i.k.p.i.IntermediateProofReplayer Proof replay took 7ns 
75781      INFO  main            d.u.i.k.p.r.p.TestFile    ... finished proof: closed. 
75981      INFO  main            d.u.i.k.p.i.AbstractProblemLoader Loading environment from /home/runner/work/key/key/key.core/../key.ui/examples/heap/model_methods/Coll1_Coll1_add_pre.key.proof 
75981      DEBUG main            d.u.i.k.p.i.AbstractProblemLoader Environment load took 128.5ns 
75984      INFO  main            d.u.i.k.p.i.AbstractProblemLoader Creating init config 
78486      DEBUG main            d.u.i.k.p.i.AbstractProblemLoader Init config took 2.5s 
78542      INFO  main            d.u.i.k.p.i.AbstractProblemLoader Replaying proof Coll1[Coll1::add_pre(int)].JML model_behavior operation contract.0 
78548      DEBUG main            d.u.i.k.p.i.IntermediateProofReplayer Proof replay took 1.4ms 
78549      DEBUG main            d.u.i.k.p.r.p.TestFile    ... success: reloaded. 
78553      INFO  main            d.u.i.k.p.r.p.TestFile    Now processing file /home/runner/work/key/key/key.core/../key.ui/examples/heap/model_methods/Coll1_Coll_add_pre.key 
78553      INFO  main            d.u.i.k.p.i.AbstractProblemLoader Loading environment from /home/runner/work/key/key/key.core/../key.ui/examples/heap/model_methods/Coll1_Coll_add_pre.key 
78553      DEBUG main            d.u.i.k.p.i.AbstractProblemLoader Environment load took 112ns 
78554      INFO  main            d.u.i.k.p.i.AbstractProblemLoader Creating init config 
81094      DEBUG main            d.u.i.k.p.i.AbstractProblemLoader Init config took 2.54s 
81135      INFO  main            d.u.i.k.p.i.AbstractProblemLoader Replaying proof Coll1[Coll::add_pre(int)].JML model_behavior operation contract.0 
81136      DEBUG main            d.u.i.k.p.i.IntermediateProofReplayer Proof replay took 7.3ns 
81238      INFO  main            d.u.i.k.p.r.p.TestFile    ... finished proof: closed. 
81451      INFO  main            d.u.i.k.p.i.AbstractProblemLoader Loading environment from /home/runner/work/key/key/key.core/../key.ui/examples/heap/model_methods/Coll1_Coll_add_pre.key.proof 
81451      DEBUG main            d.u.i.k.p.i.AbstractProblemLoader Environment load took 138.8ns 
81452      INFO  main            d.u.i.k.p.i.AbstractProblemLoader Creating init config 
83954      DEBUG main            d.u.i.k.p.i.AbstractProblemLoader Init config took 2.5s 
83995      INFO  main            d.u.i.k.p.i.AbstractProblemLoader Replaying proof Coll1[Coll::add_pre(int)].JML model_behavior operation contract.0 
83998      DEBUG main            d.u.i.k.p.i.IntermediateProofReplayer Proof replay took 2.11ms 
83999      DEBUG main            d.u.i.k.p.r.p.TestFile    ... success: reloaded. 
84000      INFO  main            d.u.i.k.p.r.p.TestFile    Now processing file /home/runner/work/key/key/key.core/../key.ui/examples/heap/model_methods/Coll2_add.key 
84001      INFO  main            d.u.i.k.p.i.AbstractProblemLoader Loading environment from /home/runner/work/key/key/key.core/../key.ui/examples/heap/model_methods/Coll2_add.key 
84001      DEBUG main            d.u.i.k.p.i.AbstractProblemLoader Environment load took 85.4ns 
84002      INFO  main            d.u.i.k.p.i.AbstractProblemLoader Creating init config 
86586      DEBUG main            d.u.i.k.p.i.AbstractProblemLoader Init config took 2.58s 
86628      INFO  main            d.u.i.k.p.i.AbstractProblemLoader Replaying proof Coll2[Coll::add(int)].JML operation contract.0 
86629      DEBUG main            d.u.i.k.p.i.IntermediateProofReplayer Proof replay took 7.7ns 
86734      INFO  main            d.u.i.k.p.r.p.TestFile    ... finished proof: closed. 
86957      INFO  main            d.u.i.k.p.i.AbstractProblemLoader Loading environment from /home/runner/work/key/key/key.core/../key.ui/examples/heap/model_methods/Coll2_add.key.proof 
86957      DEBUG main            d.u.i.k.p.i.AbstractProblemLoader Environment load took 138.7ns 
86959      INFO  main            d.u.i.k.p.i.AbstractProblemLoader Creating init config 
89438      DEBUG main            d.u.i.k.p.i.AbstractProblemLoader Init config took 2.48s 
89478      INFO  main            d.u.i.k.p.i.AbstractProblemLoader Replaying proof Coll2[Coll::add(int)].JML operation contract.0 
89487      DEBUG main            d.u.i.k.p.i.IntermediateProofReplayer Proof replay took 6.79ms 
89488      DEBUG main            d.u.i.k.p.r.p.TestFile    ... success: reloaded. 
89489      INFO  main            d.u.i.k.p.r.p.TestFile    Now processing file /home/runner/work/key/key/key.core/../key.ui/examples/heap/model_methods/Coll2_Coll2_add_pre.key 
89490      INFO  main            d.u.i.k.p.i.AbstractProblemLoader Loading environment from /home/runner/work/key/key/key.core/../key.ui/examples/heap/model_methods/Coll2_Coll2_add_pre.key 
89490      DEBUG main            d.u.i.k.p.i.AbstractProblemLoader Environment load took 169.3ns 
89491      INFO  main            d.u.i.k.p.i.AbstractProblemLoader Creating init config 
92001      DEBUG main            d.u.i.k.p.i.AbstractProblemLoader Init config took 2.51s 
92047      INFO  main            d.u.i.k.p.i.AbstractProblemLoader Replaying proof Coll2[Coll2::add_pre(int)].JML model_behavior operation contract.0 
92049      DEBUG main            d.u.i.k.p.i.IntermediateProofReplayer Proof replay took 8.2ns 
92150      INFO  main            d.u.i.k.p.r.p.TestFile    ... finished proof: closed. 
92373      INFO  main            d.u.i.k.p.i.AbstractProblemLoader Loading environment from /home/runner/work/key/key/key.core/../key.ui/examples/heap/model_methods/Coll2_Coll2_add_pre.key.proof 
92373      DEBUG main            d.u.i.k.p.i.AbstractProblemLoader Environment load took 132.4ns 
92374      INFO  main            d.u.i.k.p.i.AbstractProblemLoader Creating init config 
94851      DEBUG main            d.u.i.k.p.i.AbstractProblemLoader Init config took 2.48s 
94900      INFO  main            d.u.i.k.p.i.AbstractProblemLoader Replaying proof Coll2[Coll2::add_pre(int)].JML model_behavior operation contract.0 
94903      DEBUG main            d.u.i.k.p.i.IntermediateProofReplayer Proof replay took 1.39ms 
94904      DEBUG main            d.u.i.k.p.r.p.TestFile    ... success: reloaded. 
94905      INFO  main            d.u.i.k.p.r.p.TestFile    Now processing file /home/runner/work/key/key/key.core/../key.ui/examples/heap/model_methods/Coll2_Coll_add_pre.key 
94905      INFO  main            d.u.i.k.p.i.AbstractProblemLoader Loading environment from /home/runner/work/key/key/key.core/../key.ui/examples/heap/model_methods/Coll2_Coll_add_pre.key 
94906      DEBUG main            d.u.i.k.p.i.AbstractProblemLoader Environment load took 100.4ns 
94906      INFO  main            d.u.i.k.p.i.AbstractProblemLoader Creating init config 
97457      DEBUG main            d.u.i.k.p.i.AbstractProblemLoader Init config took 2.55s 
97498      INFO  main            d.u.i.k.p.i.AbstractProblemLoader Replaying proof Coll2[Coll::add_pre(int)].JML model_behavior operation contract.0 
97499      DEBUG main            d.u.i.k.p.i.IntermediateProofReplayer Proof replay took 8.2ns 
97601      INFO  main            d.u.i.k.p.r.p.TestFile    ... finished proof: closed. 
97836      INFO  main            d.u.i.k.p.i.AbstractProblemLoader Loading environment from /home/runner/work/key/key/key.core/../key.ui/examples/heap/model_methods/Coll2_Coll_add_pre.key.proof 
97837      DEBUG main            d.u.i.k.p.i.AbstractProblemLoader Environment load took 130.9ns 
97838      INFO  main            d.u.i.k.p.i.AbstractProblemLoader Creating init config 
100305     DEBUG main            d.u.i.k.p.i.AbstractProblemLoader Init config took 2.47s 
100345     INFO  main            d.u.i.k.p.i.AbstractProblemLoader Replaying proof Coll2[Coll::add_pre(int)].JML model_behavior operation contract.0 
100348     DEBUG main            d.u.i.k.p.i.IntermediateProofReplayer Proof replay took 2.05ms 
100349     DEBUG main            d.u.i.k.p.r.p.TestFile    ... success: reloaded. 
100350     INFO  main            d.u.i.k.p.r.p.TestFile    Now processing file /home/runner/work/key/key/key.core/../key.ui/examples/heap/model_methods/Coll_add.key 
100351     INFO  main            d.u.i.k.p.i.AbstractProblemLoader Loading environment from /home/runner/work/key/key/key.core/../key.ui/examples/heap/model_methods/Coll_add.key 
100351     DEBUG main            d.u.i.k.p.i.AbstractProblemLoader Environment load took 94.4ns 
100352     INFO  main            d.u.i.k.p.i.AbstractProblemLoader Creating init config 
102942     DEBUG main            d.u.i.k.p.i.AbstractProblemLoader Init config took 2.59s 
102983     INFO  main            d.u.i.k.p.i.AbstractProblemLoader Replaying proof Coll[Coll::add(int)].JML operation contract.0 
102985     DEBUG main            d.u.i.k.p.i.IntermediateProofReplayer Proof replay took 7.3ns 
103087     INFO  main            d.u.i.k.p.r.p.TestFile    ... finished proof: closed. 
103339     INFO  main            d.u.i.k.p.i.AbstractProblemLoader Loading environment from /home/runner/work/key/key/key.core/../key.ui/examples/heap/model_methods/Coll_add.key.proof 
103339     DEBUG main            d.u.i.k.p.i.AbstractProblemLoader Environment load took 149.3ns 
103340     INFO  main            d.u.i.k.p.i.AbstractProblemLoader Creating init config 
105822     DEBUG main            d.u.i.k.p.i.AbstractProblemLoader Init config took 2.48s 
105869     INFO  main            d.u.i.k.p.i.AbstractProblemLoader Replaying proof Coll[Coll::add(int)].JML operation contract.0 
105873     DEBUG main            d.u.i.k.p.i.IntermediateProofReplayer Proof replay took 2.7ms 
105874     DEBUG main            d.u.i.k.p.r.p.TestFile    ... success: reloaded. 
105875     INFO  main            d.u.i.k.p.r.p.TestFile    Now processing file /home/runner/work/key/key/key.core/../key.ui/examples/heap/model_methods/Coll_add_pre.key 
105875     INFO  main            d.u.i.k.p.i.AbstractProblemLoader Loading environment from /home/runner/work/key/key/key.core/../key.ui/examples/heap/model_methods/Coll_add_pre.key 
105875     DEBUG main            d.u.i.k.p.i.AbstractProblemLoader Environment load took 86.7ns 
105876     INFO  main            d.u.i.k.p.i.AbstractProblemLoader Creating init config 
108383     DEBUG main            d.u.i.k.p.i.AbstractProblemLoader Init config took 2.51s 
108423     INFO  main            d.u.i.k.p.i.AbstractProblemLoader Replaying proof Coll[Coll::add_pre(int)].JML model_behavior operation contract.0 
108424     DEBUG main            d.u.i.k.p.i.IntermediateProofReplayer Proof replay took 7.4ns 
108526     INFO  main            d.u.i.k.p.r.p.TestFile    ... finished proof: closed. 
108766     INFO  main            d.u.i.k.p.i.AbstractProblemLoader Loading environment from /home/runner/work/key/key/key.core/../key.ui/examples/heap/model_methods/Coll_add_pre.key.proof 
108767     DEBUG main            d.u.i.k.p.i.AbstractProblemLoader Environment load took 353.01ns 
108768     INFO  main            d.u.i.k.p.i.AbstractProblemLoader Creating init config 
111215     DEBUG main            d.u.i.k.p.i.AbstractProblemLoader Init config took 2.45s 
111254     INFO  main            d.u.i.k.p.i.AbstractProblemLoader Replaying proof Coll[Coll::add_pre(int)].JML model_behavior operation contract.0 
111258     DEBUG main            d.u.i.k.p.i.IntermediateProofReplayer Proof replay took 2.37ms 
111259     DEBUG main            d.u.i.k.p.r.p.TestFile    ... success: reloaded. 
111260     INFO  main            d.u.i.k.p.r.p.TestFile    Now processing file /home/runner/work/key/key/key.core/../key.ui/examples/heap/model_methods/Indirect_callAdd.key 
111260     INFO  main            d.u.i.k.p.i.AbstractProblemLoader Loading environment from /home/runner/work/key/key/key.core/../key.ui/examples/heap/model_methods/Indirect_callAdd.key 
111260     DEBUG main            d.u.i.k.p.i.AbstractProblemLoader Environment load took 69.3ns 
111261     INFO  main            d.u.i.k.p.i.AbstractProblemLoader Creating init config 
113797     DEBUG main            d.u.i.k.p.i.AbstractProblemLoader Init config took 2.54s 
113836     INFO  main            d.u.i.k.p.i.AbstractProblemLoader Replaying proof Indirect[Indirect::callAdd(Coll,int)].JML operation contract.0 
113838     DEBUG main            d.u.i.k.p.i.IntermediateProofReplayer Proof replay took 8.7ns 
113940     INFO  main            d.u.i.k.p.r.p.TestFile    ... finished proof: closed. 
114194     INFO  main            d.u.i.k.p.i.AbstractProblemLoader Loading environment from /home/runner/work/key/key/key.core/../key.ui/examples/heap/model_methods/Indirect_callAdd.key.proof 
114194     DEBUG main            d.u.i.k.p.i.AbstractProblemLoader Environment load took 117.9ns 
114195     INFO  main            d.u.i.k.p.i.AbstractProblemLoader Creating init config 
116639     DEBUG main            d.u.i.k.p.i.AbstractProblemLoader Init config took 2.44s 
116679     INFO  main            d.u.i.k.p.i.AbstractProblemLoader Replaying proof Indirect[Indirect::callAdd(Coll,int)].JML operation contract.0 
116721     DEBUG main            d.u.i.k.p.i.IntermediateProofReplayer Proof replay took 39.13ms 
116722     DEBUG main            d.u.i.k.p.r.p.TestFile    ... success: reloaded. 
116723     INFO  main            d.u.i.k.p.r.p.TestFile    Now processing file /home/runner/work/key/key/key.core/../key.ui/examples/heap/model_methods/Indirect_test.key 
116723     INFO  main            d.u.i.k.p.i.AbstractProblemLoader Loading environment from /home/runner/work/key/key/key.core/../key.ui/examples/heap/model_methods/Indirect_test.key 
116724     DEBUG main            d.u.i.k.p.i.AbstractProblemLoader Environment load took 167.3ns 
116724     INFO  main            d.u.i.k.p.i.AbstractProblemLoader Creating init config 
119234     DEBUG main            d.u.i.k.p.i.AbstractProblemLoader Init config took 2.51s 
119293     INFO  main            d.u.i.k.p.i.AbstractProblemLoader Replaying proof Indirect[Indirect::test(Coll1,Coll2)].JML operation contract.0 
119295     DEBUG main            d.u.i.k.p.i.IntermediateProofReplayer Proof replay took 8.5ns 
119499     INFO  main            d.u.i.k.p.r.p.TestFile    ... finished proof: closed. 
119760     INFO  main            d.u.i.k.p.i.AbstractProblemLoader Loading environment from /home/runner/work/key/key/key.core/../key.ui/examples/heap/model_methods/Indirect_test.key.proof 
119761     DEBUG main            d.u.i.k.p.i.AbstractProblemLoader Environment load took 124.9ns 
119762     INFO  main            d.u.i.k.p.i.AbstractProblemLoader Creating init config 
122201     DEBUG main            d.u.i.k.p.i.AbstractProblemLoader Init config took 2.44s 
122240     INFO  main            d.u.i.k.p.i.AbstractProblemLoader Replaying proof Indirect[Indirect::test(Coll1,Coll2)].JML operation contract.0 
122293     DEBUG main            d.u.i.k.p.i.IntermediateProofReplayer Proof replay took 49.69ms 
122294     DEBUG main            d.u.i.k.p.r.p.TestFile    ... success: reloaded. 
122295     INFO  main            d.u.i.k.p.r.p.TestFile    Now processing file /home/runner/work/key/key/key.core/../key.ui/examples/heap/model_methods/Recell_Cell_footprint.key 
122295     INFO  main            d.u.i.k.p.i.AbstractProblemLoader Loading environment from /home/runner/work/key/key/key.core/../key.ui/examples/heap/model_methods/Recell_Cell_footprint.key 
122295     DEBUG main            d.u.i.k.p.i.AbstractProblemLoader Environment load took 124.4ns 
122296     INFO  main            d.u.i.k.p.i.AbstractProblemLoader Creating init config 
124825     DEBUG main            d.u.i.k.p.i.AbstractProblemLoader Init config took 2.53s 
124865     INFO  main            d.u.i.k.p.i.AbstractProblemLoader Replaying proof Recell[Cell::footprint()].JML model_behavior operation contract.0 
124867     DEBUG main            d.u.i.k.p.i.IntermediateProofReplayer Proof replay took 8.4ns 
124968     INFO  main            d.u.i.k.p.r.p.TestFile    ... finished proof: closed. 
125227     INFO  main            d.u.i.k.p.i.AbstractProblemLoader Loading environment from /home/runner/work/key/key/key.core/../key.ui/examples/heap/model_methods/Recell_Cell_footprint.key.proof 
125227     DEBUG main            d.u.i.k.p.i.AbstractProblemLoader Environment load took 122.6ns 
125228     INFO  main            d.u.i.k.p.i.AbstractProblemLoader Creating init config 
127664     DEBUG main            d.u.i.k.p.i.AbstractProblemLoader Init config took 2.44s 
127707     INFO  main            d.u.i.k.p.i.AbstractProblemLoader Replaying proof Recell[Cell::footprint()].JML model_behavior operation contract.0 
127711     DEBUG main            d.u.i.k.p.i.IntermediateProofReplayer Proof replay took 2.64ms 
127712     DEBUG main            d.u.i.k.p.r.p.TestFile    ... success: reloaded. 
127712     INFO  main            d.u.i.k.p.r.p.TestFile    Now processing file /home/runner/work/key/key/key.core/../key.ui/examples/heap/model_methods/Recell_Cell_post_set.key 
127713     INFO  main            d.u.i.k.p.i.AbstractProblemLoader Loading environment from /home/runner/work/key/key/key.core/../key.ui/examples/heap/model_methods/Recell_Cell_post_set.key 
127713     DEBUG main            d.u.i.k.p.i.AbstractProblemLoader Environment load took 76.9ns 
127714     INFO  main            d.u.i.k.p.i.AbstractProblemLoader Creating init config 
130239     DEBUG main            d.u.i.k.p.i.AbstractProblemLoader Init config took 2.53s 
130277     INFO  main            d.u.i.k.p.i.AbstractProblemLoader Replaying proof Recell[Cell::post_set(int)].JML model_behavior operation contract.0 
130279     DEBUG main            d.u.i.k.p.i.IntermediateProofReplayer Proof replay took 6.4ns 
130380     INFO  main            d.u.i.k.p.r.p.TestFile    ... finished proof: closed. 
130647     INFO  main            d.u.i.k.p.i.AbstractProblemLoader Loading environment from /home/runner/work/key/key/key.core/../key.ui/examples/heap/model_methods/Recell_Cell_post_set.key.proof 
130647     DEBUG main            d.u.i.k.p.i.AbstractProblemLoader Environment load took 123.1ns 
130648     INFO  main            d.u.i.k.p.i.AbstractProblemLoader Creating init config 
133088     DEBUG main            d.u.i.k.p.i.AbstractProblemLoader Init config took 2.44s 
133127     INFO  main            d.u.i.k.p.i.AbstractProblemLoader Replaying proof Recell[Cell::post_set(int)].JML model_behavior operation contract.0 
133132     DEBUG main            d.u.i.k.p.i.IntermediateProofReplayer Proof replay took 3.56ms 
133132     DEBUG main            d.u.i.k.p.r.p.TestFile    ... success: reloaded. 
133133     INFO  main            d.u.i.k.p.r.p.TestFile    Now processing file /home/runner/work/key/key/key.core/../key.ui/examples/heap/model_methods/Recell_footprint_acc.key 
133134     INFO  main            d.u.i.k.p.i.AbstractProblemLoader Loading environment from /home/runner/work/key/key/key.core/../key.ui/examples/heap/model_methods/Recell_footprint_acc.key 
133134     DEBUG main            d.u.i.k.p.i.AbstractProblemLoader Environment load took 87.4ns 
133134     INFO  main            d.u.i.k.p.i.AbstractProblemLoader Creating init config 
135643     DEBUG main            d.u.i.k.p.i.AbstractProblemLoader Init config took 2.51s 
135680     INFO  main            d.u.i.k.p.i.AbstractProblemLoader Replaying proof Recell[Cell::footprint()].JML accessible clause.0 
135682     DEBUG main            d.u.i.k.p.i.IntermediateProofReplayer Proof replay took 16.8ns 
135788     INFO  main            d.u.i.k.p.r.p.TestFile    ... finished proof: closed. 
136062     INFO  main            d.u.i.k.p.i.AbstractProblemLoader Loading environment from /home/runner/work/key/key/key.core/../key.ui/examples/heap/model_methods/Recell_footprint_acc.key.proof 
136062     DEBUG main            d.u.i.k.p.i.AbstractProblemLoader Environment load took 126.9ns 
136063     INFO  main            d.u.i.k.p.i.AbstractProblemLoader Creating init config 
138499     DEBUG main            d.u.i.k.p.i.AbstractProblemLoader Init config took 2.44s 
138541     INFO  main            d.u.i.k.p.i.AbstractProblemLoader Replaying proof Recell[Cell::footprint()].JML accessible clause.0 
138564     DEBUG main            d.u.i.k.p.i.IntermediateProofReplayer Proof replay took 19.03ms 
138569     DEBUG main            d.u.i.k.p.r.p.TestFile    ... success: reloaded. 
138570     INFO  main            d.u.i.k.p.r.p.TestFile    Now processing file /home/runner/work/key/key/key.core/../key.ui/examples/heap/model_methods/Recell_get_acc.key 
138571     INFO  main            d.u.i.k.p.i.AbstractProblemLoader Loading environment from /home/runner/work/key/key/key.core/../key.ui/examples/heap/model_methods/Recell_get_acc.key 
138571     DEBUG main            d.u.i.k.p.i.AbstractProblemLoader Environment load took 179.4ns 
138572     INFO  main            d.u.i.k.p.i.AbstractProblemLoader Creating init config 
141062     DEBUG main            d.u.i.k.p.i.AbstractProblemLoader Init config took 2.49s 
141120     INFO  main            d.u.i.k.p.i.AbstractProblemLoader Replaying proof Recell[Cell::get()].JML accessible clause.0 
141121     DEBUG main            d.u.i.k.p.i.IntermediateProofReplayer Proof replay took 8.9ns 
141223     INFO  main            d.u.i.k.p.r.p.TestFile    ... finished proof: closed. 
141546     INFO  main            d.u.i.k.p.i.AbstractProblemLoader Loading environment from /home/runner/work/key/key/key.core/../key.ui/examples/heap/model_methods/Recell_get_acc.key.proof 
141546     DEBUG main            d.u.i.k.p.i.AbstractProblemLoader Environment load took 123.7ns 
141547     INFO  main            d.u.i.k.p.i.AbstractProblemLoader Creating init config 
143970     DEBUG main            d.u.i.k.p.i.AbstractProblemLoader Init config took 2.42s 
144008     INFO  main            d.u.i.k.p.i.AbstractProblemLoader Replaying proof Recell[Cell::get()].JML accessible clause.0 
144026     DEBUG main            d.u.i.k.p.i.IntermediateProofReplayer Proof replay took 16.54ms 
144027     DEBUG main            d.u.i.k.p.r.p.TestFile    ... success: reloaded. 
144028     INFO  main            d.u.i.k.p.r.p.TestFile    Now processing file /home/runner/work/key/key/key.core/../key.ui/examples/heap/model_methods/Recell_get.key 
144029     INFO  main            d.u.i.k.p.i.AbstractProblemLoader Loading environment from /home/runner/work/key/key/key.core/../key.ui/examples/heap/model_methods/Recell_get.key 
144029     DEBUG main            d.u.i.k.p.i.AbstractProblemLoader Environment load took 88.1ns 
144030     INFO  main            d.u.i.k.p.i.AbstractProblemLoader Creating init config 
146548     DEBUG main            d.u.i.k.p.i.AbstractProblemLoader Init config took 2.52s 
146608     INFO  main            d.u.i.k.p.i.AbstractProblemLoader Replaying proof Recell[Cell::get()].JML operation contract.0 
146610     DEBUG main            d.u.i.k.p.i.IntermediateProofReplayer Proof replay took 8.1ns 
146713     INFO  main            d.u.i.k.p.r.p.TestFile    ... finished proof: closed. 
146996     INFO  main            d.u.i.k.p.i.AbstractProblemLoader Loading environment from /home/runner/work/key/key/key.core/../key.ui/examples/heap/model_methods/Recell_get.key.proof 
146997     DEBUG main            d.u.i.k.p.i.AbstractProblemLoader Environment load took 121ns 
146998     INFO  main            d.u.i.k.p.i.AbstractProblemLoader Creating init config 
149423     DEBUG main            d.u.i.k.p.i.AbstractProblemLoader Init config took 2.43s 
149461     INFO  main            d.u.i.k.p.i.AbstractProblemLoader Replaying proof Recell[Cell::get()].JML operation contract.0 
149472     DEBUG main            d.u.i.k.p.i.IntermediateProofReplayer Proof replay took 8.63ms 
149473     DEBUG main            d.u.i.k.p.r.p.TestFile    ... success: reloaded. 
149474     INFO  main            d.u.i.k.p.r.p.TestFile    Now processing file /home/runner/work/key/key/key.core/../key.ui/examples/heap/model_methods/Recell_Recell_footprint.key 
149474     INFO  main            d.u.i.k.p.i.AbstractProblemLoader Loading environment from /home/runner/work/key/key/key.core/../key.ui/examples/heap/model_methods/Recell_Recell_footprint.key 
149474     DEBUG main            d.u.i.k.p.i.AbstractProblemLoader Environment load took 172.6ns 
149476     INFO  main            d.u.i.k.p.i.AbstractProblemLoader Creating init config 
151977     DEBUG main            d.u.i.k.p.i.AbstractProblemLoader Init config took 2.5s 
152015     INFO  main            d.u.i.k.p.i.AbstractProblemLoader Replaying proof Recell[Recell::footprint()].JML model_behavior operation contract.0 
152017     DEBUG main            d.u.i.k.p.i.IntermediateProofReplayer Proof replay took 7.7ns 
152119     INFO  main            d.u.i.k.p.r.p.TestFile    ... finished proof: closed. 
152462     INFO  main            d.u.i.k.p.i.AbstractProblemLoader Loading environment from /home/runner/work/key/key/key.core/../key.ui/examples/heap/model_methods/Recell_Recell_footprint.key.proof 
152462     DEBUG main            d.u.i.k.p.i.AbstractProblemLoader Environment load took 120.2ns 
152463     INFO  main            d.u.i.k.p.i.AbstractProblemLoader Creating init config 
154951     DEBUG main            d.u.i.k.p.i.AbstractProblemLoader Init config took 2.49s 
154989     INFO  main            d.u.i.k.p.i.AbstractProblemLoader Replaying proof Recell[Recell::footprint()].JML model_behavior operation contract.0 
154992     DEBUG main            d.u.i.k.p.i.IntermediateProofReplayer Proof replay took 1.36ms 
154993     DEBUG main            d.u.i.k.p.r.p.TestFile    ... success: reloaded. 
154994     INFO  main            d.u.i.k.p.r.p.TestFile    Now processing file /home/runner/work/key/key/key.core/../key.ui/examples/heap/model_methods/Recell_Recell_post_set.key 
154994     INFO  main            d.u.i.k.p.i.AbstractProblemLoader Loading environment from /home/runner/work/key/key/key.core/../key.ui/examples/heap/model_methods/Recell_Recell_post_set.key 
154994     DEBUG main            d.u.i.k.p.i.AbstractProblemLoader Environment load took 192.9ns 
154995     INFO  main            d.u.i.k.p.i.AbstractProblemLoader Creating init config 
157451     DEBUG main            d.u.i.k.p.i.AbstractProblemLoader Init config took 2.46s 
157490     INFO  main            d.u.i.k.p.i.AbstractProblemLoader Replaying proof Recell[Recell::post_set(int)].JML model_behavior operation contract.0 
157492     DEBUG main            d.u.i.k.p.i.IntermediateProofReplayer Proof replay took 7.7ns 
157594     INFO  main            d.u.i.k.p.r.p.TestFile    ... finished proof: closed. 
157878     INFO  main            d.u.i.k.p.i.AbstractProblemLoader Loading environment from /home/runner/work/key/key/key.core/../key.ui/examples/heap/model_methods/Recell_Recell_post_set.key.proof 
157878     DEBUG main            d.u.i.k.p.i.AbstractProblemLoader Environment load took 113.7ns 
157879     INFO  main            d.u.i.k.p.i.AbstractProblemLoader Creating init config 
160315     DEBUG main            d.u.i.k.p.i.AbstractProblemLoader Init config took 2.44s 
160354     INFO  main            d.u.i.k.p.i.AbstractProblemLoader Replaying proof Recell[Recell::post_set(int)].JML model_behavior operation contract.0 
160358     DEBUG main            d.u.i.k.p.i.IntermediateProofReplayer Proof replay took 2.16ms 
160359     DEBUG main            d.u.i.k.p.r.p.TestFile    ... success: reloaded. 
160360     INFO  main            d.u.i.k.p.r.p.TestFile    Now processing file /home/runner/work/key/key/key.core/../key.ui/examples/heap/model_methods/Recell_set.key 
160360     INFO  main            d.u.i.k.p.i.AbstractProblemLoader Loading environment from /home/runner/work/key/key/key.core/../key.ui/examples/heap/model_methods/Recell_set.key 
160360     DEBUG main            d.u.i.k.p.i.AbstractProblemLoader Environment load took 163.5ns 
160361     INFO  main            d.u.i.k.p.i.AbstractProblemLoader Creating init config 
162850     DEBUG main            d.u.i.k.p.i.AbstractProblemLoader Init config took 2.49s 
162888     INFO  main            d.u.i.k.p.i.AbstractProblemLoader Replaying proof Recell[Cell::set(int)].JML operation contract.0 
162890     DEBUG main            d.u.i.k.p.i.IntermediateProofReplayer Proof replay took 7.7ns 
169442     INFO  main            d.u.i.k.p.r.p.TestFile    ... finished proof: closed. 
169784     INFO  main            d.u.i.k.p.i.AbstractProblemLoader Loading environment from /home/runner/work/key/key/key.core/../key.ui/examples/heap/model_methods/Recell_set.key.proof 
169784     DEBUG main            d.u.i.k.p.i.AbstractProblemLoader Environment load took 384.01ns 
169786     INFO  main            d.u.i.k.p.i.AbstractProblemLoader Creating init config 
172210     DEBUG main            d.u.i.k.p.i.AbstractProblemLoader Init config took 2.42s 
172250     INFO  main            d.u.i.k.p.i.AbstractProblemLoader Replaying proof Recell[Cell::set(int)].JML operation contract.0 
172765     DEBUG main            d.u.i.k.p.i.IntermediateProofReplayer Proof replay took 493.05ms 
172766     DEBUG main            d.u.i.k.p.r.p.TestFile    ... success: reloaded. 
172767     INFO  main            d.u.i.k.p.r.p.TestFile    Now processing file /home/runner/work/key/key/key.core/../key.ui/examples/heap/model_methods/Recell_undo.key 
172768     INFO  main            d.u.i.k.p.i.AbstractProblemLoader Loading environment from /home/runner/work/key/key/key.core/../key.ui/examples/heap/model_methods/Recell_undo.key 
172768     DEBUG main            d.u.i.k.p.i.AbstractProblemLoader Environment load took 168.2ns 
172769     INFO  main            d.u.i.k.p.i.AbstractProblemLoader Creating init config 
175249     DEBUG main            d.u.i.k.p.i.AbstractProblemLoader Init config took 2.48s 
175286     INFO  main            d.u.i.k.p.i.AbstractProblemLoader Replaying proof Recell[Recell::undo()].JML operation contract.0 
175288     DEBUG main            d.u.i.k.p.i.IntermediateProofReplayer Proof replay took 6.8ns 
175391     INFO  main            d.u.i.k.p.r.p.TestFile    ... finished proof: closed. 
175722     INFO  main            d.u.i.k.p.i.AbstractProblemLoader Loading environment from /home/runner/work/key/key/key.core/../key.ui/examples/heap/model_methods/Recell_undo.key.proof 
175722     DEBUG main            d.u.i.k.p.i.AbstractProblemLoader Environment load took 116.4ns 
175723     INFO  main            d.u.i.k.p.i.AbstractProblemLoader Creating init config 
178139     DEBUG main            d.u.i.k.p.i.AbstractProblemLoader Init config took 2.42s 
178183     INFO  main            d.u.i.k.p.i.AbstractProblemLoader Replaying proof Recell[Recell::undo()].JML operation contract.0 
178216     DEBUG main            d.u.i.k.p.i.IntermediateProofReplayer Proof replay took 30.4ms 
178217     DEBUG main            d.u.i.k.p.r.p.TestFile    ... success: reloaded. 
4215557    INFO  Test worker     d.u.i.k.p.r.RunAllProofsTestUnit Returning from test modelMethods 
4215558    INFO  Test worker     d.u.i.k.p.r.RunAllProofsTestUnit Running test permissionHeap 
364        INFO  Timeout watchdog d.u.i.k.p.r.p.ForkedTestFileRunner Timeout watcher launched (2000 secs.) 
365        WARN  main            d.u.i.k.s.ProofSettings   The settings in /home/runner/.key/proof-settings.props are *not* read. 
410        INFO  main            d.u.i.k.p.r.p.TestFile    Now processing file /home/runner/work/key/key/key.core/../key.ui/examples/heap/permissions/permissions_method0.key 
538        INFO  main            d.u.i.k.p.i.AbstractProblemLoader Loading environment from /home/runner/work/key/key/key.core/../key.ui/examples/heap/permissions/permissions_method0.key 
558        DEBUG main            d.u.i.k.p.i.AbstractProblemLoader Environment load took 2.02ms 
772        INFO  main            d.u.i.k.p.i.AbstractProblemLoader Creating init config 
1693       DEBUG main            d.u.i.k.j.TypeConverter   No LDT found for Meta 
1693       DEBUG main            d.u.i.k.j.TypeConverter   No LDT found for Meta 
1694       DEBUG main            d.u.i.k.j.TypeConverter   No LDT found for Meta 
1694       DEBUG main            d.u.i.k.j.TypeConverter   No LDT found for Meta 
3224       DEBUG main            d.u.i.k.j.TypeConverter   No LDT found for JavaBigintExpression 
8411       DEBUG main            d.u.i.k.p.i.AbstractProblemLoader Init config took 7.64s 
8594       INFO  main            d.u.i.k.p.i.AbstractProblemLoader Replaying proof MyClass[MyClass::method0()].JML normal_behavior operation contract.0 
8631       DEBUG main            d.u.i.k.p.i.IntermediateProofReplayer Proof replay took 34.7ns 
9555       INFO  main            d.u.i.k.p.r.p.TestFile    ... finished proof: closed. 
9680       INFO  main            d.u.i.k.p.i.AbstractProblemLoader Loading environment from /home/runner/work/key/key/key.core/../key.ui/examples/heap/permissions/permissions_method0.key.proof 
9681       DEBUG main            d.u.i.k.p.i.AbstractProblemLoader Environment load took 419.31ns 
9683       INFO  main            d.u.i.k.p.i.AbstractProblemLoader Creating init config 
12480      DEBUG main            d.u.i.k.p.i.AbstractProblemLoader Init config took 2.8s 
12544      INFO  main            d.u.i.k.p.i.AbstractProblemLoader Replaying proof MyClass[MyClass::method0()].JML normal_behavior operation contract.0 
12737      DEBUG main            d.u.i.k.p.i.IntermediateProofReplayer Proof replay took 167.11ms 
12746      DEBUG main            d.u.i.k.p.r.p.TestFile    ... success: reloaded. 
12747      INFO  main            d.u.i.k.p.r.p.TestFile    Now processing file /home/runner/work/key/key/key.core/../key.ui/examples/heap/permissions/permissions_method1.key 
12749      INFO  main            d.u.i.k.p.i.AbstractProblemLoader Loading environment from /home/runner/work/key/key/key.core/../key.ui/examples/heap/permissions/permissions_method1.key 
12749      DEBUG main            d.u.i.k.p.i.AbstractProblemLoader Environment load took 253ns 
12751      INFO  main            d.u.i.k.p.i.AbstractProblemLoader Creating init config 
15512      DEBUG main            d.u.i.k.p.i.AbstractProblemLoader Init config took 2.76s 
15572      INFO  main            d.u.i.k.p.i.AbstractProblemLoader Replaying proof MyClass[MyClass::method1()].JML normal_behavior operation contract.0 
15575      DEBUG main            d.u.i.k.p.i.IntermediateProofReplayer Proof replay took 6.4ns 
15879      INFO  main            d.u.i.k.p.r.p.TestFile    ... finished proof: closed. 
16122      INFO  main            d.u.i.k.p.i.AbstractProblemLoader Loading environment from /home/runner/work/key/key/key.core/../key.ui/examples/heap/permissions/permissions_method1.key.proof 
16123      DEBUG main            d.u.i.k.p.i.AbstractProblemLoader Environment load took 1.32ms 
16125      INFO  main            d.u.i.k.p.i.AbstractProblemLoader Creating init config 
18764      DEBUG main            d.u.i.k.p.i.AbstractProblemLoader Init config took 2.64s 
18820      INFO  main            d.u.i.k.p.i.AbstractProblemLoader Replaying proof MyClass[MyClass::method1()].JML normal_behavior operation contract.0 
18898      DEBUG main            d.u.i.k.p.i.IntermediateProofReplayer Proof replay took 74.95ms 
18900      DEBUG main            d.u.i.k.p.r.p.TestFile    ... success: reloaded. 
18902      INFO  main            d.u.i.k.p.r.p.TestFile    Now processing file /home/runner/work/key/key/key.core/../key.ui/examples/heap/permissions/permissions_method3.key 
18902      INFO  main            d.u.i.k.p.i.AbstractProblemLoader Loading environment from /home/runner/work/key/key/key.core/../key.ui/examples/heap/permissions/permissions_method3.key 
18903      DEBUG main            d.u.i.k.p.i.AbstractProblemLoader Environment load took 191.5ns 
18905      INFO  main            d.u.i.k.p.i.AbstractProblemLoader Creating init config 
21512      DEBUG main            d.u.i.k.p.i.AbstractProblemLoader Init config took 2.61s 
21575      INFO  main            d.u.i.k.p.i.AbstractProblemLoader Replaying proof MyClass[MyClass::method3()].JML normal_behavior operation contract.0 
21579      DEBUG main            d.u.i.k.p.i.IntermediateProofReplayer Proof replay took 7.1ns 
23203      INFO  main            d.u.i.k.p.r.p.TestFile    ... finished proof: closed. 
23381      INFO  main            d.u.i.k.p.i.AbstractProblemLoader Loading environment from /home/runner/work/key/key/key.core/../key.ui/examples/heap/permissions/permissions_method3.key.proof 
23384      DEBUG main            d.u.i.k.p.i.AbstractProblemLoader Environment load took 2.62ms 
23385      INFO  main            d.u.i.k.p.i.AbstractProblemLoader Creating init config 
25945      DEBUG main            d.u.i.k.p.i.AbstractProblemLoader Init config took 2.56s 
26017      INFO  main            d.u.i.k.p.i.AbstractProblemLoader Replaying proof MyClass[MyClass::method3()].JML normal_behavior operation contract.0 
26318      DEBUG main            d.u.i.k.p.i.IntermediateProofReplayer Proof replay took 288.97ms 
26319      DEBUG main            d.u.i.k.p.r.p.TestFile    ... success: reloaded. 
26323      INFO  main            d.u.i.k.p.r.p.TestFile    Now processing file /home/runner/work/key/key/key.core/../key.ui/examples/heap/permissions/permissions_setAB.key 
26323      INFO  main            d.u.i.k.p.i.AbstractProblemLoader Loading environment from /home/runner/work/key/key/key.core/../key.ui/examples/heap/permissions/permissions_setAB.key 
26324      DEBUG main            d.u.i.k.p.i.AbstractProblemLoader Environment load took 185.5ns 
26325      INFO  main            d.u.i.k.p.i.AbstractProblemLoader Creating init config 
28913      DEBUG main            d.u.i.k.p.i.AbstractProblemLoader Init config took 2.59s 
28961      INFO  main            d.u.i.k.p.i.AbstractProblemLoader Replaying proof MyClass[MyClass::setAB()].JML normal_behavior operation contract.0 
28964      DEBUG main            d.u.i.k.p.i.IntermediateProofReplayer Proof replay took 7.2ns 
30696      INFO  main            d.u.i.k.p.r.p.TestFile    ... finished proof: closed. 
30953      INFO  main            d.u.i.k.p.i.AbstractProblemLoader Loading environment from /home/runner/work/key/key/key.core/../key.ui/examples/heap/permissions/permissions_setAB.key.proof 
30956      DEBUG main            d.u.i.k.p.i.AbstractProblemLoader Environment load took 3.22ms 
30958      INFO  main            d.u.i.k.p.i.AbstractProblemLoader Creating init config 
33452      DEBUG main            d.u.i.k.p.i.AbstractProblemLoader Init config took 2.49s 
33501      INFO  main            d.u.i.k.p.i.AbstractProblemLoader Replaying proof MyClass[MyClass::setAB()].JML normal_behavior operation contract.0 
33703      DEBUG main            d.u.i.k.p.i.IntermediateProofReplayer Proof replay took 197.04ms 
33705      DEBUG main            d.u.i.k.p.r.p.TestFile    ... success: reloaded. 
33706      INFO  main            d.u.i.k.p.r.p.TestFile    Now processing file /home/runner/work/key/key/key.core/../key.ui/examples/heap/permissions/permissionProperties.key 
33706      INFO  main            d.u.i.k.p.i.AbstractProblemLoader Loading environment from /home/runner/work/key/key/key.core/../key.ui/examples/heap/permissions/permissionProperties.key 
33707      DEBUG main            d.u.i.k.p.i.AbstractProblemLoader Environment load took 178.6ns 
33708      INFO  main            d.u.i.k.p.i.AbstractProblemLoader Creating init config 
33875      DEBUG main            d.u.i.k.j.TypeConverter   No LDT found for Meta 
33875      DEBUG main            d.u.i.k.j.TypeConverter   No LDT found for Meta 
33876      DEBUG main            d.u.i.k.j.TypeConverter   No LDT found for Meta 
33876      DEBUG main            d.u.i.k.j.TypeConverter   No LDT found for Meta 
34594      DEBUG main            d.u.i.k.j.TypeConverter   No LDT found for JavaBigintExpression 
37170      DEBUG main            d.u.i.k.p.i.AbstractProblemLoader Init config took 3.46s 
37191      INFO  main            d.u.i.k.p.i.AbstractProblemLoader Replaying proof permissionProperties.key 
37192      DEBUG main            d.u.i.k.p.i.IntermediateProofReplayer Proof replay took 7.7ns 
37295      INFO  main            d.u.i.k.p.r.p.TestFile    ... finished proof: closed. 
37463      INFO  main            d.u.i.k.p.i.AbstractProblemLoader Loading environment from /home/runner/work/key/key/key.core/../key.ui/examples/heap/permissions/permissionProperties.key.proof 
37464      DEBUG main            d.u.i.k.p.i.AbstractProblemLoader Environment load took 151.7ns 
37465      INFO  main            d.u.i.k.p.i.AbstractProblemLoader Creating init config 
39830      DEBUG main            d.u.i.k.p.i.AbstractProblemLoader Init config took 2.37s 
39850      INFO  main            d.u.i.k.p.i.AbstractProblemLoader Replaying proof permissionProperties.key.proof 
39869      DEBUG main            d.u.i.k.p.i.IntermediateProofReplayer Proof replay took 16.19ms 
39870      DEBUG main            d.u.i.k.p.r.p.TestFile    ... success: reloaded. 
39871      INFO  main            d.u.i.k.p.r.p.TestFile    Now processing file /home/runner/work/key/key/key.core/../key.ui/examples/heap/permissions/threads/AFilter_AFilter.key 
39872      INFO  main            d.u.i.k.p.i.AbstractProblemLoader Loading environment from /home/runner/work/key/key/key.core/../key.ui/examples/heap/permissions/threads/AFilter_AFilter.key 
39872      DEBUG main            d.u.i.k.p.i.AbstractProblemLoader Environment load took 203.4ns 
39873      INFO  main            d.u.i.k.p.i.AbstractProblemLoader Creating init config 
39988      DEBUG main            d.u.i.k.j.TypeConverter   No LDT found for Meta 
39989      DEBUG main            d.u.i.k.j.TypeConverter   No LDT found for Meta 
39989      DEBUG main            d.u.i.k.j.TypeConverter   No LDT found for Meta 
39990      DEBUG main            d.u.i.k.j.TypeConverter   No LDT found for Meta 
40575      DEBUG main            d.u.i.k.j.TypeConverter   No LDT found for JavaBigintExpression 
45691      DEBUG main            d.u.i.k.p.i.AbstractProblemLoader Init config took 5.82s 
45798      INFO  main            d.u.i.k.p.i.AbstractProblemLoader Replaying proof AFilter[AFilter::AFilter(Sampler,Buffer)].JML normal_behavior operation contract.0 
45800      DEBUG main            d.u.i.k.p.i.IntermediateProofReplayer Proof replay took 8.4ns 
46937      INFO  main            d.u.i.k.p.r.p.TestFile    ... finished proof: closed. 
47197      INFO  main            d.u.i.k.p.i.AbstractProblemLoader Loading environment from /home/runner/work/key/key/key.core/../key.ui/examples/heap/permissions/threads/AFilter_AFilter.key.proof 
47198      DEBUG main            d.u.i.k.p.i.AbstractProblemLoader Environment load took 1.23ms 
47199      INFO  main            d.u.i.k.p.i.AbstractProblemLoader Creating init config 
51601      DEBUG main            d.u.i.k.p.i.AbstractProblemLoader Init config took 4.4s 
51696      INFO  main            d.u.i.k.p.i.AbstractProblemLoader Replaying proof AFilter[AFilter::AFilter(Sampler,Buffer)].JML normal_behavior operation contract.0 
51888      DEBUG main            d.u.i.k.p.i.IntermediateProofReplayer Proof replay took 187.31ms 
51889      DEBUG main            d.u.i.k.p.r.p.TestFile    ... success: reloaded. 
51890      INFO  main            d.u.i.k.p.r.p.TestFile    Now processing file /home/runner/work/key/key/key.core/../key.ui/examples/heap/permissions/threads/AFilter_initPost_accessible.key 
51891      INFO  main            d.u.i.k.p.i.AbstractProblemLoader Loading environment from /home/runner/work/key/key/key.core/../key.ui/examples/heap/permissions/threads/AFilter_initPost_accessible.key 
51891      DEBUG main            d.u.i.k.p.i.AbstractProblemLoader Environment load took 213.8ns 
51892      INFO  main            d.u.i.k.p.i.AbstractProblemLoader Creating init config 
56307      DEBUG main            d.u.i.k.p.i.AbstractProblemLoader Init config took 4.42s 
56403      INFO  main            d.u.i.k.p.i.AbstractProblemLoader Replaying proof AFilter[ThreadSpec2::initPost()].JML accessible clause.0 
56405      DEBUG main            d.u.i.k.p.i.IntermediateProofReplayer Proof replay took 7.9ns 
56507      INFO  main            d.u.i.k.p.r.p.TestFile    ... finished proof: closed. 
56727      INFO  main            d.u.i.k.p.i.AbstractProblemLoader Loading environment from /home/runner/work/key/key/key.core/../key.ui/examples/heap/permissions/threads/AFilter_initPost_accessible.key.proof 
56727      DEBUG main            d.u.i.k.p.i.AbstractProblemLoader Environment load took 147.6ns 
56728      INFO  main            d.u.i.k.p.i.AbstractProblemLoader Creating init config 
61133      DEBUG main            d.u.i.k.p.i.AbstractProblemLoader Init config took 4.4s 
61252      INFO  main            d.u.i.k.p.i.AbstractProblemLoader Replaying proof AFilter[ThreadSpec2::initPost()].JML accessible clause.0 
61269      DEBUG main            d.u.i.k.p.i.IntermediateProofReplayer Proof replay took 13.83ms 
61270      DEBUG main            d.u.i.k.p.r.p.TestFile    ... success: reloaded. 
61271      INFO  main            d.u.i.k.p.r.p.TestFile    Now processing file /home/runner/work/key/key/key.core/../key.ui/examples/heap/permissions/threads/AFilter_inv_accessible1.key 
61272      INFO  main            d.u.i.k.p.i.AbstractProblemLoader Loading environment from /home/runner/work/key/key/key.core/../key.ui/examples/heap/permissions/threads/AFilter_inv_accessible1.key 
61272      DEBUG main            d.u.i.k.p.i.AbstractProblemLoader Environment load took 104.7ns 
61273      INFO  main            d.u.i.k.p.i.AbstractProblemLoader Creating init config 
65655      DEBUG main            d.u.i.k.p.i.AbstractProblemLoader Init config took 4.38s 
65746      INFO  main            d.u.i.k.p.i.AbstractProblemLoader Replaying proof AFilter[java.lang.Object::<inv>()].JML accessible clause.0 
65748      DEBUG main            d.u.i.k.p.i.IntermediateProofReplayer Proof replay took 9.8ns 
65850      INFO  main            d.u.i.k.p.r.p.TestFile    ... finished proof: closed. 
66070      INFO  main            d.u.i.k.p.i.AbstractProblemLoader Loading environment from /home/runner/work/key/key/key.core/../key.ui/examples/heap/permissions/threads/AFilter_inv_accessible1.key.proof 
66070      DEBUG main            d.u.i.k.p.i.AbstractProblemLoader Environment load took 138.1ns 
66071      INFO  main            d.u.i.k.p.i.AbstractProblemLoader Creating init config 
70445      DEBUG main            d.u.i.k.p.i.AbstractProblemLoader Init config took 4.37s 
70555      INFO  main            d.u.i.k.p.i.AbstractProblemLoader Replaying proof AFilter[java.lang.Object::<inv>()].JML accessible clause.0 
70560      DEBUG main            d.u.i.k.p.i.IntermediateProofReplayer Proof replay took 3.19ms 
70562      DEBUG main            d.u.i.k.p.r.p.TestFile    ... success: reloaded. 
70563      INFO  main            d.u.i.k.p.r.p.TestFile    Now processing file /home/runner/work/key/key/key.core/../key.ui/examples/heap/permissions/threads/AFilter_inv_accessible2.key 
70563      INFO  main            d.u.i.k.p.i.AbstractProblemLoader Loading environment from /home/runner/work/key/key/key.core/../key.ui/examples/heap/permissions/threads/AFilter_inv_accessible2.key 
70563      DEBUG main            d.u.i.k.p.i.AbstractProblemLoader Environment load took 105.7ns 
70564      INFO  main            d.u.i.k.p.i.AbstractProblemLoader Creating init config 
74962      DEBUG main            d.u.i.k.p.i.AbstractProblemLoader Init config took 4.4s 
75049      INFO  main            d.u.i.k.p.i.AbstractProblemLoader Replaying proof AFilter[java.lang.Object::<inv>()].JML accessible clause.1 
75051      DEBUG main            d.u.i.k.p.i.IntermediateProofReplayer Proof replay took 7.9ns 
75155      INFO  main            d.u.i.k.p.r.p.TestFile    ... finished proof: closed. 
75381      INFO  main            d.u.i.k.p.i.AbstractProblemLoader Loading environment from /home/runner/work/key/key/key.core/../key.ui/examples/heap/permissions/threads/AFilter_inv_accessible2.key.proof 
75382      DEBUG main            d.u.i.k.p.i.AbstractProblemLoader Environment load took 152.5ns 
75383      INFO  main            d.u.i.k.p.i.AbstractProblemLoader Creating init config 
79751      DEBUG main            d.u.i.k.p.i.AbstractProblemLoader Init config took 4.37s 
79837      INFO  main            d.u.i.k.p.i.AbstractProblemLoader Replaying proof AFilter[java.lang.Object::<inv>()].JML accessible clause.1 
79841      DEBUG main            d.u.i.k.p.i.IntermediateProofReplayer Proof replay took 2.38ms 
79842      DEBUG main            d.u.i.k.p.r.p.TestFile    ... success: reloaded. 
79843      INFO  main            d.u.i.k.p.r.p.TestFile    Now processing file /home/runner/work/key/key/key.core/../key.ui/examples/heap/permissions/threads/AFilter_joinTransfer_accessible.key 
79844      INFO  main            d.u.i.k.p.i.AbstractProblemLoader Loading environment from /home/runner/work/key/key/key.core/../key.ui/examples/heap/permissions/threads/AFilter_joinTransfer_accessible.key 
79844      DEBUG main            d.u.i.k.p.i.AbstractProblemLoader Environment load took 105.3ns 
79845      INFO  main            d.u.i.k.p.i.AbstractProblemLoader Creating init config 
84211      DEBUG main            d.u.i.k.p.i.AbstractProblemLoader Init config took 4.37s 
84297      INFO  main            d.u.i.k.p.i.AbstractProblemLoader Replaying proof AFilter[ThreadSpec2::joinTransfer()].JML accessible clause.0 
84299      DEBUG main            d.u.i.k.p.i.IntermediateProofReplayer Proof replay took 9.2ns 
85417      INFO  main            d.u.i.k.p.r.p.TestFile    ... finished proof: closed. 
85674      INFO  main            d.u.i.k.p.i.AbstractProblemLoader Loading environment from /home/runner/work/key/key/key.core/../key.ui/examples/heap/permissions/threads/AFilter_joinTransfer_accessible.key.proof 
85675      DEBUG main            d.u.i.k.p.i.AbstractProblemLoader Environment load took 398.41ns 
85676      INFO  main            d.u.i.k.p.i.AbstractProblemLoader Creating init config 
90014      DEBUG main            d.u.i.k.p.i.AbstractProblemLoader Init config took 4.34s 
90100      INFO  main            d.u.i.k.p.i.AbstractProblemLoader Replaying proof AFilter[ThreadSpec2::joinTransfer()].JML accessible clause.0 
90233      DEBUG main            d.u.i.k.p.i.IntermediateProofReplayer Proof replay took 127.77ms 
90235      DEBUG main            d.u.i.k.p.r.p.TestFile    ... success: reloaded. 
90236      INFO  main            d.u.i.k.p.r.p.TestFile    Now processing file /home/runner/work/key/key/key.core/../key.ui/examples/heap/permissions/threads/AFilter_joinTransfer_contract.key 
90236      INFO  main            d.u.i.k.p.i.AbstractProblemLoader Loading environment from /home/runner/work/key/key/key.core/../key.ui/examples/heap/permissions/threads/AFilter_joinTransfer_contract.key 
90236      DEBUG main            d.u.i.k.p.i.AbstractProblemLoader Environment load took 159.3ns 
90237      INFO  main            d.u.i.k.p.i.AbstractProblemLoader Creating init config 
94621      DEBUG main            d.u.i.k.p.i.AbstractProblemLoader Init config took 4.38s 
94712      INFO  main            d.u.i.k.p.i.AbstractProblemLoader Replaying proof AFilter[ThreadSpec2::joinTransfer()].JML model_behavior operation contract.0 
94714      DEBUG main            d.u.i.k.p.i.IntermediateProofReplayer Proof replay took 8.7ns 
94819      INFO  main            d.u.i.k.p.r.p.TestFile    ... finished proof: closed. 
95065      INFO  main            d.u.i.k.p.i.AbstractProblemLoader Loading environment from /home/runner/work/key/key/key.core/../key.ui/examples/heap/permissions/threads/AFilter_joinTransfer_contract.key.proof 
95066      DEBUG main            d.u.i.k.p.i.AbstractProblemLoader Environment load took 156.8ns 
95067      INFO  main            d.u.i.k.p.i.AbstractProblemLoader Creating init config 
99401      DEBUG main            d.u.i.k.p.i.AbstractProblemLoader Init config took 4.33s 
99499      INFO  main            d.u.i.k.p.i.AbstractProblemLoader Replaying proof AFilter[ThreadSpec2::joinTransfer()].JML model_behavior operation contract.0 
99509      DEBUG main            d.u.i.k.p.i.IntermediateProofReplayer Proof replay took 8.06ms 
99510      DEBUG main            d.u.i.k.p.r.p.TestFile    ... success: reloaded. 
99511      INFO  main            d.u.i.k.p.r.p.TestFile    Now processing file /home/runner/work/key/key/key.core/../key.ui/examples/heap/permissions/threads/AFilter_postJoin_accessible.key 
99511      INFO  main            d.u.i.k.p.i.AbstractProblemLoader Loading environment from /home/runner/work/key/key/key.core/../key.ui/examples/heap/permissions/threads/AFilter_postJoin_accessible.key 
99512      DEBUG main            d.u.i.k.p.i.AbstractProblemLoader Environment load took 108.3ns 
99513      INFO  main            d.u.i.k.p.i.AbstractProblemLoader Creating init config 
103951     DEBUG main            d.u.i.k.p.i.AbstractProblemLoader Init config took 4.44s 
104035     INFO  main            d.u.i.k.p.i.AbstractProblemLoader Replaying proof AFilter[ThreadSpec2::postJoin(java.lang.Object)].JML accessible clause.0 
104037     DEBUG main            d.u.i.k.p.i.IntermediateProofReplayer Proof replay took 7.5ns 
104143     INFO  main            d.u.i.k.p.r.p.TestFile    ... finished proof: closed. 
104399     INFO  main            d.u.i.k.p.i.AbstractProblemLoader Loading environment from /home/runner/work/key/key/key.core/../key.ui/examples/heap/permissions/threads/AFilter_postJoin_accessible.key.proof 
104400     DEBUG main            d.u.i.k.p.i.AbstractProblemLoader Environment load took 136.4ns 
104401     INFO  main            d.u.i.k.p.i.AbstractProblemLoader Creating init config 
108718     DEBUG main            d.u.i.k.p.i.AbstractProblemLoader Init config took 4.32s 
108802     INFO  main            d.u.i.k.p.i.AbstractProblemLoader Replaying proof AFilter[ThreadSpec2::postJoin(java.lang.Object)].JML accessible clause.0 
108811     DEBUG main            d.u.i.k.p.i.IntermediateProofReplayer Proof replay took 6.99ms 
108812     DEBUG main            d.u.i.k.p.r.p.TestFile    ... success: reloaded. 
108813     INFO  main            d.u.i.k.p.r.p.TestFile    Now processing file /home/runner/work/key/key/key.core/../key.ui/examples/heap/permissions/threads/AFilter_preStart_accessible.key 
108814     INFO  main            d.u.i.k.p.i.AbstractProblemLoader Loading environment from /home/runner/work/key/key/key.core/../key.ui/examples/heap/permissions/threads/AFilter_preStart_accessible.key 
108814     DEBUG main            d.u.i.k.p.i.AbstractProblemLoader Environment load took 102.1ns 
108815     INFO  main            d.u.i.k.p.i.AbstractProblemLoader Creating init config 
113239     DEBUG main            d.u.i.k.p.i.AbstractProblemLoader Init config took 4.42s 
113322     INFO  main            d.u.i.k.p.i.AbstractProblemLoader Replaying proof AFilter[ThreadSpec2::preStart(java.lang.Object)].JML accessible clause.0 
113324     DEBUG main            d.u.i.k.p.i.IntermediateProofReplayer Proof replay took 9.8ns 
113627     INFO  main            d.u.i.k.p.r.p.TestFile    ... finished proof: closed. 
113903     INFO  main            d.u.i.k.p.i.AbstractProblemLoader Loading environment from /home/runner/work/key/key/key.core/../key.ui/examples/heap/permissions/threads/AFilter_preStart_accessible.key.proof 
113904     DEBUG main            d.u.i.k.p.i.AbstractProblemLoader Environment load took 520.41ns 
113905     INFO  main            d.u.i.k.p.i.AbstractProblemLoader Creating init config 
118210     DEBUG main            d.u.i.k.p.i.AbstractProblemLoader Init config took 4.3s 
118293     INFO  main            d.u.i.k.p.i.AbstractProblemLoader Replaying proof AFilter[ThreadSpec2::preStart(java.lang.Object)].JML accessible clause.0 
118349     DEBUG main            d.u.i.k.p.i.IntermediateProofReplayer Proof replay took 53.24ms 
118350     DEBUG main            d.u.i.k.p.r.p.TestFile    ... success: reloaded. 
118351     INFO  main            d.u.i.k.p.r.p.TestFile    Now processing file /home/runner/work/key/key/key.core/../key.ui/examples/heap/permissions/threads/AFilter_startTransfer_accessible.key 
118352     INFO  main            d.u.i.k.p.i.AbstractProblemLoader Loading environment from /home/runner/work/key/key/key.core/../key.ui/examples/heap/permissions/threads/AFilter_startTransfer_accessible.key 
118352     DEBUG main            d.u.i.k.p.i.AbstractProblemLoader Environment load took 90.9ns 
118352     INFO  main            d.u.i.k.p.i.AbstractProblemLoader Creating init config 
122737     DEBUG main            d.u.i.k.p.i.AbstractProblemLoader Init config took 4.38s 
122821     INFO  main            d.u.i.k.p.i.AbstractProblemLoader Replaying proof AFilter[ThreadSpec2::startTransfer()].JML accessible clause.0 
122822     DEBUG main            d.u.i.k.p.i.IntermediateProofReplayer Proof replay took 9.2ns 
132644     INFO  main            d.u.i.k.p.r.p.TestFile    ... finished proof: closed. 
132931     INFO  main            d.u.i.k.p.i.AbstractProblemLoader Loading environment from /home/runner/work/key/key/key.core/../key.ui/examples/heap/permissions/threads/AFilter_startTransfer_accessible.key.proof 
132932     DEBUG main            d.u.i.k.p.i.AbstractProblemLoader Environment load took 394.51ns 
132934     INFO  main            d.u.i.k.p.i.AbstractProblemLoader Creating init config 
137238     DEBUG main            d.u.i.k.p.i.AbstractProblemLoader Init config took 4.3s 
137335     INFO  main            d.u.i.k.p.i.AbstractProblemLoader Replaying proof AFilter[ThreadSpec2::startTransfer()].JML accessible clause.0 
138163     DEBUG main            d.u.i.k.p.i.IntermediateProofReplayer Proof replay took 806ms 
138164     DEBUG main            d.u.i.k.p.r.p.TestFile    ... success: reloaded. 
138166     INFO  main            d.u.i.k.p.r.p.TestFile    Now processing file /home/runner/work/key/key/key.core/../key.ui/examples/heap/permissions/threads/AFilter_startTransfer_contract.key 
138166     INFO  main            d.u.i.k.p.i.AbstractProblemLoader Loading environment from /home/runner/work/key/key/key.core/../key.ui/examples/heap/permissions/threads/AFilter_startTransfer_contract.key 
138166     DEBUG main            d.u.i.k.p.i.AbstractProblemLoader Environment load took 88.5ns 
138167     INFO  main            d.u.i.k.p.i.AbstractProblemLoader Creating init config 
142564     DEBUG main            d.u.i.k.p.i.AbstractProblemLoader Init config took 4.4s 
142649     INFO  main            d.u.i.k.p.i.AbstractProblemLoader Replaying proof AFilter[ThreadSpec2::startTransfer()].JML model_behavior operation contract.0 
142651     DEBUG main            d.u.i.k.p.i.IntermediateProofReplayer Proof replay took 9.1ns 
143055     INFO  main            d.u.i.k.p.r.p.TestFile    ... finished proof: closed. 
143340     INFO  main            d.u.i.k.p.i.AbstractProblemLoader Loading environment from /home/runner/work/key/key/key.core/../key.ui/examples/heap/permissions/threads/AFilter_startTransfer_contract.key.proof 
143341     DEBUG main            d.u.i.k.p.i.AbstractProblemLoader Environment load took 539.01ns 
143342     INFO  main            d.u.i.k.p.i.AbstractProblemLoader Creating init config 
147627     DEBUG main            d.u.i.k.p.i.AbstractProblemLoader Init config took 4.28s 
147723     INFO  main            d.u.i.k.p.i.AbstractProblemLoader Replaying proof AFilter[ThreadSpec2::startTransfer()].JML model_behavior operation contract.0 
147771     DEBUG main            d.u.i.k.p.i.IntermediateProofReplayer Proof replay took 44.03ms 
147772     DEBUG main            d.u.i.k.p.r.p.TestFile    ... success: reloaded. 
147773     INFO  main            d.u.i.k.p.r.p.TestFile    Now processing file /home/runner/work/key/key/key.core/../key.ui/examples/heap/permissions/threads/AFilter_stateInv_accessible.key 
147773     INFO  main            d.u.i.k.p.i.AbstractProblemLoader Loading environment from /home/runner/work/key/key/key.core/../key.ui/examples/heap/permissions/threads/AFilter_stateInv_accessible.key 
147774     DEBUG main            d.u.i.k.p.i.AbstractProblemLoader Environment load took 124ns 
147774     INFO  main            d.u.i.k.p.i.AbstractProblemLoader Creating init config 
152128     DEBUG main            d.u.i.k.p.i.AbstractProblemLoader Init config took 4.35s 
152226     INFO  main            d.u.i.k.p.i.AbstractProblemLoader Replaying proof AFilter[ThreadSpec2::stateInv()].JML accessible clause.0 
152228     DEBUG main            d.u.i.k.p.i.IntermediateProofReplayer Proof replay took 8ns 
152530     INFO  main            d.u.i.k.p.r.p.TestFile    ... finished proof: closed. 
152816     INFO  main            d.u.i.k.p.i.AbstractProblemLoader Loading environment from /home/runner/work/key/key/key.core/../key.ui/examples/heap/permissions/threads/AFilter_stateInv_accessible.key.proof 
152816     DEBUG main            d.u.i.k.p.i.AbstractProblemLoader Environment load took 145.4ns 
152817     INFO  main            d.u.i.k.p.i.AbstractProblemLoader Creating init config 
157121     DEBUG main            d.u.i.k.p.i.AbstractProblemLoader Init config took 4.3s 
157205     INFO  main            d.u.i.k.p.i.AbstractProblemLoader Replaying proof AFilter[ThreadSpec2::stateInv()].JML accessible clause.0 
157249     DEBUG main            d.u.i.k.p.i.IntermediateProofReplayer Proof replay took 40.45ms 
157253     DEBUG main            d.u.i.k.p.r.p.TestFile    ... success: reloaded. 
157255     INFO  main            d.u.i.k.p.r.p.TestFile    Now processing file /home/runner/work/key/key/key.core/../key.ui/examples/heap/permissions/threads/AFilter_staticPermissions_accessible.key 
157255     INFO  main            d.u.i.k.p.i.AbstractProblemLoader Loading environment from /home/runner/work/key/key/key.core/../key.ui/examples/heap/permissions/threads/AFilter_staticPermissions_accessible.key 
157255     DEBUG main            d.u.i.k.p.i.AbstractProblemLoader Environment load took 167ns 
157256     INFO  main            d.u.i.k.p.i.AbstractProblemLoader Creating init config 
161650     DEBUG main            d.u.i.k.p.i.AbstractProblemLoader Init config took 4.39s 
161733     INFO  main            d.u.i.k.p.i.AbstractProblemLoader Replaying proof AFilter[ThreadSpec2::staticPermissions()].JML accessible clause.0 
161734     DEBUG main            d.u.i.k.p.i.IntermediateProofReplayer Proof replay took 7.9ns 
161836     INFO  main            d.u.i.k.p.r.p.TestFile    ... finished proof: closed. 
162121     INFO  main            d.u.i.k.p.i.AbstractProblemLoader Loading environment from /home/runner/work/key/key/key.core/../key.ui/examples/heap/permissions/threads/AFilter_staticPermissions_accessible.key.proof 
162121     DEBUG main            d.u.i.k.p.i.AbstractProblemLoader Environment load took 122.7ns 
162122     INFO  main            d.u.i.k.p.i.AbstractProblemLoader Creating init config 
166403     DEBUG main            d.u.i.k.p.i.AbstractProblemLoader Init config took 4.28s 
166485     INFO  main            d.u.i.k.p.i.AbstractProblemLoader Replaying proof AFilter[ThreadSpec2::staticPermissions()].JML accessible clause.0 
166496     DEBUG main            d.u.i.k.p.i.IntermediateProofReplayer Proof replay took 9.24ms 
166497     DEBUG main            d.u.i.k.p.r.p.TestFile    ... success: reloaded. 
166498     INFO  main            d.u.i.k.p.r.p.TestFile    Now processing file /home/runner/work/key/key/key.core/../key.ui/examples/heap/permissions/threads/AFilter_workingPermissions_accessible.key 
166499     INFO  main            d.u.i.k.p.i.AbstractProblemLoader Loading environment from /home/runner/work/key/key/key.core/../key.ui/examples/heap/permissions/threads/AFilter_workingPermissions_accessible.key 
166499     DEBUG main            d.u.i.k.p.i.AbstractProblemLoader Environment load took 98.1ns 
166499     INFO  main            d.u.i.k.p.i.AbstractProblemLoader Creating init config 
170880     DEBUG main            d.u.i.k.p.i.AbstractProblemLoader Init config took 4.38s 
170963     INFO  main            d.u.i.k.p.i.AbstractProblemLoader Replaying proof AFilter[ThreadSpec2::workingPermissions()].JML accessible clause.0 
170964     DEBUG main            d.u.i.k.p.i.IntermediateProofReplayer Proof replay took 7.7ns 
171067     INFO  main            d.u.i.k.p.r.p.TestFile    ... finished proof: closed. 
171356     INFO  main            d.u.i.k.p.i.AbstractProblemLoader Loading environment from /home/runner/work/key/key/key.core/../key.ui/examples/heap/permissions/threads/AFilter_workingPermissions_accessible.key.proof 
171356     DEBUG main            d.u.i.k.p.i.AbstractProblemLoader Environment load took 129.2ns 
171357     INFO  main            d.u.i.k.p.i.AbstractProblemLoader Creating init config 
175628     DEBUG main            d.u.i.k.p.i.AbstractProblemLoader Init config took 4.27s 
175729     INFO  main            d.u.i.k.p.i.AbstractProblemLoader Replaying proof AFilter[ThreadSpec2::workingPermissions()].JML accessible clause.0 
175739     DEBUG main            d.u.i.k.p.i.IntermediateProofReplayer Proof replay took 8.37ms 
175741     DEBUG main            d.u.i.k.p.r.p.TestFile    ... success: reloaded. 
175742     INFO  main            d.u.i.k.p.r.p.TestFile    Now processing file /home/runner/work/key/key/key.core/../key.ui/examples/heap/permissions/threads/BFilter_BFilter.key 
175742     INFO  main            d.u.i.k.p.i.AbstractProblemLoader Loading environment from /home/runner/work/key/key/key.core/../key.ui/examples/heap/permissions/threads/BFilter_BFilter.key 
175742     DEBUG main            d.u.i.k.p.i.AbstractProblemLoader Environment load took 173ns 
175743     INFO  main            d.u.i.k.p.i.AbstractProblemLoader Creating init config 
180093     DEBUG main            d.u.i.k.p.i.AbstractProblemLoader Init config took 4.35s 
180177     INFO  main            d.u.i.k.p.i.AbstractProblemLoader Replaying proof BFilter[BFilter::BFilter(Sampler,Buffer)].JML normal_behavior operation contract.0 
180178     DEBUG main            d.u.i.k.p.i.IntermediateProofReplayer Proof replay took 7.9ns 
181186     INFO  main            d.u.i.k.p.r.p.TestFile    ... finished proof: closed. 
181530     INFO  main            d.u.i.k.p.i.AbstractProblemLoader Loading environment from /home/runner/work/key/key/key.core/../key.ui/examples/heap/permissions/threads/BFilter_BFilter.key.proof 
181533     DEBUG main            d.u.i.k.p.i.AbstractProblemLoader Environment load took 2.86ms 
181534     INFO  main            d.u.i.k.p.i.AbstractProblemLoader Creating init config 
185794     DEBUG main            d.u.i.k.p.i.AbstractProblemLoader Init config took 4.26s 
185896     INFO  main            d.u.i.k.p.i.AbstractProblemLoader Replaying proof BFilter[BFilter::BFilter(Sampler,Buffer)].JML normal_behavior operation contract.0 
186046     DEBUG main            d.u.i.k.p.i.IntermediateProofReplayer Proof replay took 145.44ms 
186047     DEBUG main            d.u.i.k.p.r.p.TestFile    ... success: reloaded. 
186048     INFO  main            d.u.i.k.p.r.p.TestFile    Now processing file /home/runner/work/key/key/key.core/../key.ui/examples/heap/permissions/threads/BFilter_initPost_accessible.key 
186048     INFO  main            d.u.i.k.p.i.AbstractProblemLoader Loading environment from /home/runner/work/key/key/key.core/../key.ui/examples/heap/permissions/threads/BFilter_initPost_accessible.key 
186048     DEBUG main            d.u.i.k.p.i.AbstractProblemLoader Environment load took 91.9ns 
186049     INFO  main            d.u.i.k.p.i.AbstractProblemLoader Creating init config 
190414     DEBUG main            d.u.i.k.p.i.AbstractProblemLoader Init config took 4.37s 
190514     INFO  main            d.u.i.k.p.i.AbstractProblemLoader Replaying proof BFilter[ThreadSpec2::initPost()].JML accessible clause.0 
190516     DEBUG main            d.u.i.k.p.i.IntermediateProofReplayer Proof replay took 7.3ns 
190619     INFO  main            d.u.i.k.p.r.p.TestFile    ... finished proof: closed. 
190952     INFO  main            d.u.i.k.p.i.AbstractProblemLoader Loading environment from /home/runner/work/key/key/key.core/../key.ui/examples/heap/permissions/threads/BFilter_initPost_accessible.key.proof 
190952     DEBUG main            d.u.i.k.p.i.AbstractProblemLoader Environment load took 217.6ns 
190953     INFO  main            d.u.i.k.p.i.AbstractProblemLoader Creating init config 
195246     DEBUG main            d.u.i.k.p.i.AbstractProblemLoader Init config took 4.29s 
195329     INFO  main            d.u.i.k.p.i.AbstractProblemLoader Replaying proof BFilter[ThreadSpec2::initPost()].JML accessible clause.0 
195341     DEBUG main            d.u.i.k.p.i.IntermediateProofReplayer Proof replay took 10.08ms 
195342     DEBUG main            d.u.i.k.p.r.p.TestFile    ... success: reloaded. 
195343     INFO  main            d.u.i.k.p.r.p.TestFile    Now processing file /home/runner/work/key/key/key.core/../key.ui/examples/heap/permissions/threads/BFilter_inv_accessible1.key 
195343     INFO  main            d.u.i.k.p.i.AbstractProblemLoader Loading environment from /home/runner/work/key/key/key.core/../key.ui/examples/heap/permissions/threads/BFilter_inv_accessible1.key 
195343     DEBUG main            d.u.i.k.p.i.AbstractProblemLoader Environment load took 121.7ns 
195344     INFO  main            d.u.i.k.p.i.AbstractProblemLoader Creating init config 
199711     DEBUG main            d.u.i.k.p.i.AbstractProblemLoader Init config took 4.37s 
199793     INFO  main            d.u.i.k.p.i.AbstractProblemLoader Replaying proof BFilter[java.lang.Object::<inv>()].JML accessible clause.0 
199795     DEBUG main            d.u.i.k.p.i.IntermediateProofReplayer Proof replay took 8.1ns 
199898     INFO  main            d.u.i.k.p.r.p.TestFile    ... finished proof: closed. 
200203     INFO  main            d.u.i.k.p.i.AbstractProblemLoader Loading environment from /home/runner/work/key/key/key.core/../key.ui/examples/heap/permissions/threads/BFilter_inv_accessible1.key.proof 
200204     DEBUG main            d.u.i.k.p.i.AbstractProblemLoader Environment load took 130.1ns 
200205     INFO  main            d.u.i.k.p.i.AbstractProblemLoader Creating init config 
204491     DEBUG main            d.u.i.k.p.i.AbstractProblemLoader Init config took 4.29s 
204572     INFO  main            d.u.i.k.p.i.AbstractProblemLoader Replaying proof BFilter[java.lang.Object::<inv>()].JML accessible clause.0 
204575     DEBUG main            d.u.i.k.p.i.IntermediateProofReplayer Proof replay took 1.77ms 
204576     DEBUG main            d.u.i.k.p.r.p.TestFile    ... success: reloaded. 
204577     INFO  main            d.u.i.k.p.r.p.TestFile    Now processing file /home/runner/work/key/key/key.core/../key.ui/examples/heap/permissions/threads/BFilter_inv_accessible2.key 
204577     INFO  main            d.u.i.k.p.i.AbstractProblemLoader Loading environment from /home/runner/work/key/key/key.core/../key.ui/examples/heap/permissions/threads/BFilter_inv_accessible2.key 
204577     DEBUG main            d.u.i.k.p.i.AbstractProblemLoader Environment load took 98.9ns 
204578     INFO  main            d.u.i.k.p.i.AbstractProblemLoader Creating init config 
208899     DEBUG main            d.u.i.k.p.i.AbstractProblemLoader Init config took 4.32s 
208980     INFO  main            d.u.i.k.p.i.AbstractProblemLoader Replaying proof BFilter[java.lang.Object::<inv>()].JML accessible clause.1 
208982     DEBUG main            d.u.i.k.p.i.IntermediateProofReplayer Proof replay took 7.2ns 
209084     INFO  main            d.u.i.k.p.r.p.TestFile    ... finished proof: closed. 
209405     INFO  main            d.u.i.k.p.i.AbstractProblemLoader Loading environment from /home/runner/work/key/key/key.core/../key.ui/examples/heap/permissions/threads/BFilter_inv_accessible2.key.proof 
209405     DEBUG main            d.u.i.k.p.i.AbstractProblemLoader Environment load took 115.7ns 
209406     INFO  main            d.u.i.k.p.i.AbstractProblemLoader Creating init config 
213672     DEBUG main            d.u.i.k.p.i.AbstractProblemLoader Init config took 4.27s 
213754     INFO  main            d.u.i.k.p.i.AbstractProblemLoader Replaying proof BFilter[java.lang.Object::<inv>()].JML accessible clause.1 
213757     DEBUG main            d.u.i.k.p.i.IntermediateProofReplayer Proof replay took 1.78ms 
213758     DEBUG main            d.u.i.k.p.r.p.TestFile    ... success: reloaded. 
213759     INFO  main            d.u.i.k.p.r.p.TestFile    Now processing file /home/runner/work/key/key/key.core/../key.ui/examples/heap/permissions/threads/BFilter_joinTransfer_accessible.key 
213759     INFO  main            d.u.i.k.p.i.AbstractProblemLoader Loading environment from /home/runner/work/key/key/key.core/../key.ui/examples/heap/permissions/threads/BFilter_joinTransfer_accessible.key 
213759     DEBUG main            d.u.i.k.p.i.AbstractProblemLoader Environment load took 109.7ns 
213760     INFO  main            d.u.i.k.p.i.AbstractProblemLoader Creating init config 
218122     DEBUG main            d.u.i.k.p.i.AbstractProblemLoader Init config took 4.36s 
218203     INFO  main            d.u.i.k.p.i.AbstractProblemLoader Replaying proof BFilter[ThreadSpec2::joinTransfer()].JML accessible clause.0 
218205     DEBUG main            d.u.i.k.p.i.IntermediateProofReplayer Proof replay took 8.3ns 
219309     INFO  main            d.u.i.k.p.r.p.TestFile    ... finished proof: closed. 
219648     INFO  main            d.u.i.k.p.i.AbstractProblemLoader Loading environment from /home/runner/work/key/key/key.core/../key.ui/examples/heap/permissions/threads/BFilter_joinTransfer_accessible.key.proof 
219649     DEBUG main            d.u.i.k.p.i.AbstractProblemLoader Environment load took 780.91ns 
219650     INFO  main            d.u.i.k.p.i.AbstractProblemLoader Creating init config 
223924     DEBUG main            d.u.i.k.p.i.AbstractProblemLoader Init config took 4.27s 
224018     INFO  main            d.u.i.k.p.i.AbstractProblemLoader Replaying proof BFilter[ThreadSpec2::joinTransfer()].JML accessible clause.0 
224127     DEBUG main            d.u.i.k.p.i.IntermediateProofReplayer Proof replay took 104.25ms 
224128     DEBUG main            d.u.i.k.p.r.p.TestFile    ... success: reloaded. 
224129     INFO  main            d.u.i.k.p.r.p.TestFile    Now processing file /home/runner/work/key/key/key.core/../key.ui/examples/heap/permissions/threads/BFilter_joinTransfer_contract.key 
224129     INFO  main            d.u.i.k.p.i.AbstractProblemLoader Loading environment from /home/runner/work/key/key/key.core/../key.ui/examples/heap/permissions/threads/BFilter_joinTransfer_contract.key 
224130     DEBUG main            d.u.i.k.p.i.AbstractProblemLoader Environment load took 129.7ns 
224130     INFO  main            d.u.i.k.p.i.AbstractProblemLoader Creating init config 
228477     DEBUG main            d.u.i.k.p.i.AbstractProblemLoader Init config took 4.35s 
228559     INFO  main            d.u.i.k.p.i.AbstractProblemLoader Replaying proof BFilter[ThreadSpec2::joinTransfer()].JML model_behavior operation contract.0 
228561     DEBUG main            d.u.i.k.p.i.IntermediateProofReplayer Proof replay took 9.3ns 
228662     INFO  main            d.u.i.k.p.r.p.TestFile    ... finished proof: closed. 
229007     INFO  main            d.u.i.k.p.i.AbstractProblemLoader Loading environment from /home/runner/work/key/key/key.core/../key.ui/examples/heap/permissions/threads/BFilter_joinTransfer_contract.key.proof 
229007     DEBUG main            d.u.i.k.p.i.AbstractProblemLoader Environment load took 120ns 
229008     INFO  main            d.u.i.k.p.i.AbstractProblemLoader Creating init config 
233271     DEBUG main            d.u.i.k.p.i.AbstractProblemLoader Init config took 4.26s 
233371     INFO  main            d.u.i.k.p.i.AbstractProblemLoader Replaying proof BFilter[ThreadSpec2::joinTransfer()].JML model_behavior operation contract.0 
233380     DEBUG main            d.u.i.k.p.i.IntermediateProofReplayer Proof replay took 7.02ms 
233381     DEBUG main            d.u.i.k.p.r.p.TestFile    ... success: reloaded. 
233382     INFO  main            d.u.i.k.p.r.p.TestFile    Now processing file /home/runner/work/key/key/key.core/../key.ui/examples/heap/permissions/threads/BFilter_postJoin_accessible.key 
233383     INFO  main            d.u.i.k.p.i.AbstractProblemLoader Loading environment from /home/runner/work/key/key/key.core/../key.ui/examples/heap/permissions/threads/BFilter_postJoin_accessible.key 
233383     DEBUG main            d.u.i.k.p.i.AbstractProblemLoader Environment load took 177.1ns 
233384     INFO  main            d.u.i.k.p.i.AbstractProblemLoader Creating init config 
237751     DEBUG main            d.u.i.k.p.i.AbstractProblemLoader Init config took 4.37s 
237831     INFO  main            d.u.i.k.p.i.AbstractProblemLoader Replaying proof BFilter[ThreadSpec2::postJoin(java.lang.Object)].JML accessible clause.0 
237833     DEBUG main            d.u.i.k.p.i.IntermediateProofReplayer Proof replay took 6.7ns 
237938     INFO  main            d.u.i.k.p.r.p.TestFile    ... finished proof: closed. 
238272     INFO  main            d.u.i.k.p.i.AbstractProblemLoader Loading environment from /home/runner/work/key/key/key.core/../key.ui/examples/heap/permissions/threads/BFilter_postJoin_accessible.key.proof 
238272     DEBUG main            d.u.i.k.p.i.AbstractProblemLoader Environment load took 108.7ns 
238273     INFO  main            d.u.i.k.p.i.AbstractProblemLoader Creating init config 
242576     DEBUG main            d.u.i.k.p.i.AbstractProblemLoader Init config took 4.3s 
242659     INFO  main            d.u.i.k.p.i.AbstractProblemLoader Replaying proof BFilter[ThreadSpec2::postJoin(java.lang.Object)].JML accessible clause.0 
242668     DEBUG main            d.u.i.k.p.i.IntermediateProofReplayer Proof replay took 6.22ms 
242669     DEBUG main            d.u.i.k.p.r.p.TestFile    ... success: reloaded. 
242670     INFO  main            d.u.i.k.p.r.p.TestFile    Now processing file /home/runner/work/key/key/key.core/../key.ui/examples/heap/permissions/threads/BFilter_preStart_accessible.key 
242670     INFO  main            d.u.i.k.p.i.AbstractProblemLoader Loading environment from /home/runner/work/key/key/key.core/../key.ui/examples/heap/permissions/threads/BFilter_preStart_accessible.key 
242670     DEBUG main            d.u.i.k.p.i.AbstractProblemLoader Environment load took 169.2ns 
242671     INFO  main            d.u.i.k.p.i.AbstractProblemLoader Creating init config 
247012     DEBUG main            d.u.i.k.p.i.AbstractProblemLoader Init config took 4.34s 
247108     INFO  main            d.u.i.k.p.i.AbstractProblemLoader Replaying proof BFilter[ThreadSpec2::preStart(java.lang.Object)].JML accessible clause.0 
247110     DEBUG main            d.u.i.k.p.i.IntermediateProofReplayer Proof replay took 7.9ns 
247415     INFO  main            d.u.i.k.p.r.p.TestFile    ... finished proof: closed. 
247768     INFO  main            d.u.i.k.p.i.AbstractProblemLoader Loading environment from /home/runner/work/key/key/key.core/../key.ui/examples/heap/permissions/threads/BFilter_preStart_accessible.key.proof 
247768     DEBUG main            d.u.i.k.p.i.AbstractProblemLoader Environment load took 104.3ns 
247769     INFO  main            d.u.i.k.p.i.AbstractProblemLoader Creating init config 
252053     DEBUG main            d.u.i.k.p.i.AbstractProblemLoader Init config took 4.28s 
252133     INFO  main            d.u.i.k.p.i.AbstractProblemLoader Replaying proof BFilter[ThreadSpec2::preStart(java.lang.Object)].JML accessible clause.0 
252166     DEBUG main            d.u.i.k.p.i.IntermediateProofReplayer Proof replay took 29.33ms 
252166     DEBUG main            d.u.i.k.p.r.p.TestFile    ... success: reloaded. 
252167     INFO  main            d.u.i.k.p.r.p.TestFile    Now processing file /home/runner/work/key/key/key.core/../key.ui/examples/heap/permissions/threads/BFilter_startTransfer_accessible.key 
252168     INFO  main            d.u.i.k.p.i.AbstractProblemLoader Loading environment from /home/runner/work/key/key/key.core/../key.ui/examples/heap/permissions/threads/BFilter_startTransfer_accessible.key 
252168     DEBUG main            d.u.i.k.p.i.AbstractProblemLoader Environment load took 82.7ns 
252169     INFO  main            d.u.i.k.p.i.AbstractProblemLoader Creating init config 
256525     DEBUG main            d.u.i.k.p.i.AbstractProblemLoader Init config took 4.36s 
256605     INFO  main            d.u.i.k.p.i.AbstractProblemLoader Replaying proof BFilter[ThreadSpec2::startTransfer()].JML accessible clause.0 
256607     DEBUG main            d.u.i.k.p.i.IntermediateProofReplayer Proof replay took 8.1ns 
266672     INFO  main            d.u.i.k.p.r.p.TestFile    ... finished proof: closed. 
267041     INFO  main            d.u.i.k.p.i.AbstractProblemLoader Loading environment from /home/runner/work/key/key/key.core/../key.ui/examples/heap/permissions/threads/BFilter_startTransfer_accessible.key.proof 
267041     DEBUG main            d.u.i.k.p.i.AbstractProblemLoader Environment load took 420.71ns 
267043     INFO  main            d.u.i.k.p.i.AbstractProblemLoader Creating init config 
271333     DEBUG main            d.u.i.k.p.i.AbstractProblemLoader Init config took 4.29s 
271414     INFO  main            d.u.i.k.p.i.AbstractProblemLoader Replaying proof BFilter[ThreadSpec2::startTransfer()].JML accessible clause.0 
272256     DEBUG main            d.u.i.k.p.i.IntermediateProofReplayer Proof replay took 827.58ms 
272258     DEBUG main            d.u.i.k.p.r.p.TestFile    ... success: reloaded. 
272259     INFO  main            d.u.i.k.p.r.p.TestFile    Now processing file /home/runner/work/key/key/key.core/../key.ui/examples/heap/permissions/threads/BFilter_startTransfer_contract.key 
272259     INFO  main            d.u.i.k.p.i.AbstractProblemLoader Loading environment from /home/runner/work/key/key/key.core/../key.ui/examples/heap/permissions/threads/BFilter_startTransfer_contract.key 
272259     DEBUG main            d.u.i.k.p.i.AbstractProblemLoader Environment load took 138.4ns 
272260     INFO  main            d.u.i.k.p.i.AbstractProblemLoader Creating init config 
276659     DEBUG main            d.u.i.k.p.i.AbstractProblemLoader Init config took 4.4s 
276740     INFO  main            d.u.i.k.p.i.AbstractProblemLoader Replaying proof BFilter[ThreadSpec2::startTransfer()].JML model_behavior operation contract.0 
276741     DEBUG main            d.u.i.k.p.i.IntermediateProofReplayer Proof replay took 7.2ns 
277848     INFO  main            d.u.i.k.p.r.p.TestFile    ... finished proof: closed. 
278200     INFO  main            d.u.i.k.p.i.AbstractProblemLoader Loading environment from /home/runner/work/key/key/key.core/../key.ui/examples/heap/permissions/threads/BFilter_startTransfer_contract.key.proof 
278200     DEBUG main            d.u.i.k.p.i.AbstractProblemLoader Environment load took 418.51ns 
278202     INFO  main            d.u.i.k.p.i.AbstractProblemLoader Creating init config 
282463     DEBUG main            d.u.i.k.p.i.AbstractProblemLoader Init config took 4.26s 
282544     INFO  main            d.u.i.k.p.i.AbstractProblemLoader Replaying proof BFilter[ThreadSpec2::startTransfer()].JML model_behavior operation contract.0 
282640     DEBUG main            d.u.i.k.p.i.IntermediateProofReplayer Proof replay took 90.42ms 
282641     DEBUG main            d.u.i.k.p.r.p.TestFile    ... success: reloaded. 
282642     INFO  main            d.u.i.k.p.r.p.TestFile    Now processing file /home/runner/work/key/key/key.core/../key.ui/examples/heap/permissions/threads/BFilter_stateInv_accessible.key 
282642     INFO  main            d.u.i.k.p.i.AbstractProblemLoader Loading environment from /home/runner/work/key/key/key.core/../key.ui/examples/heap/permissions/threads/BFilter_stateInv_accessible.key 
282642     DEBUG main            d.u.i.k.p.i.AbstractProblemLoader Environment load took 88.5ns 
282643     INFO  main            d.u.i.k.p.i.AbstractProblemLoader Creating init config 
286993     DEBUG main            d.u.i.k.p.i.AbstractProblemLoader Init config took 4.35s 
287074     INFO  main            d.u.i.k.p.i.AbstractProblemLoader Replaying proof BFilter[ThreadSpec2::stateInv()].JML accessible clause.0 
287076     DEBUG main            d.u.i.k.p.i.IntermediateProofReplayer Proof replay took 11.8ns 
287379     INFO  main            d.u.i.k.p.r.p.TestFile    ... finished proof: closed. 
287753     INFO  main            d.u.i.k.p.i.AbstractProblemLoader Loading environment from /home/runner/work/key/key/key.core/../key.ui/examples/heap/permissions/threads/BFilter_stateInv_accessible.key.proof 
287754     DEBUG main            d.u.i.k.p.i.AbstractProblemLoader Environment load took 110.7ns 
287755     INFO  main            d.u.i.k.p.i.AbstractProblemLoader Creating init config 
292014     DEBUG main            d.u.i.k.p.i.AbstractProblemLoader Init config took 4.26s 
292099     INFO  main            d.u.i.k.p.i.AbstractProblemLoader Replaying proof BFilter[ThreadSpec2::stateInv()].JML accessible clause.0 
292135     DEBUG main            d.u.i.k.p.i.IntermediateProofReplayer Proof replay took 34.35ms 
292136     DEBUG main            d.u.i.k.p.r.p.TestFile    ... success: reloaded. 
292137     INFO  main            d.u.i.k.p.r.p.TestFile    Now processing file /home/runner/work/key/key/key.core/../key.ui/examples/heap/permissions/threads/BFilter_staticPermissions_accessible.key 
292137     INFO  main            d.u.i.k.p.i.AbstractProblemLoader Loading environment from /home/runner/work/key/key/key.core/../key.ui/examples/heap/permissions/threads/BFilter_staticPermissions_accessible.key 
292138     DEBUG main            d.u.i.k.p.i.AbstractProblemLoader Environment load took 64.1ns 
292138     INFO  main            d.u.i.k.p.i.AbstractProblemLoader Creating init config 
296484     DEBUG main            d.u.i.k.p.i.AbstractProblemLoader Init config took 4.35s 
296566     INFO  main            d.u.i.k.p.i.AbstractProblemLoader Replaying proof BFilter[ThreadSpec2::staticPermissions()].JML accessible clause.0 
296567     DEBUG main            d.u.i.k.p.i.IntermediateProofReplayer Proof replay took 8.1ns 
296669     INFO  main            d.u.i.k.p.r.p.TestFile    ... finished proof: closed. 
297038     INFO  main            d.u.i.k.p.i.AbstractProblemLoader Loading environment from /home/runner/work/key/key/key.core/../key.ui/examples/heap/permissions/threads/BFilter_staticPermissions_accessible.key.proof 
297038     DEBUG main            d.u.i.k.p.i.AbstractProblemLoader Environment load took 109.9ns 
297039     INFO  main            d.u.i.k.p.i.AbstractProblemLoader Creating init config 
301320     DEBUG main            d.u.i.k.p.i.AbstractProblemLoader Init config took 4.28s 
301401     INFO  main            d.u.i.k.p.i.AbstractProblemLoader Replaying proof BFilter[ThreadSpec2::staticPermissions()].JML accessible clause.0 
301412     DEBUG main            d.u.i.k.p.i.IntermediateProofReplayer Proof replay took 9.07ms 
301413     DEBUG main            d.u.i.k.p.r.p.TestFile    ... success: reloaded. 
301414     INFO  main            d.u.i.k.p.r.p.TestFile    Now processing file /home/runner/work/key/key/key.core/../key.ui/examples/heap/permissions/threads/BFilter_workingPermissions_accessible.key 
301414     INFO  main            d.u.i.k.p.i.AbstractProblemLoader Loading environment from /home/runner/work/key/key/key.core/../key.ui/examples/heap/permissions/threads/BFilter_workingPermissions_accessible.key 
301414     DEBUG main            d.u.i.k.p.i.AbstractProblemLoader Environment load took 54.9ns 
301415     INFO  main            d.u.i.k.p.i.AbstractProblemLoader Creating init config 
305780     DEBUG main            d.u.i.k.p.i.AbstractProblemLoader Init config took 4.36s 
305860     INFO  main            d.u.i.k.p.i.AbstractProblemLoader Replaying proof BFilter[ThreadSpec2::workingPermissions()].JML accessible clause.0 
305862     DEBUG main            d.u.i.k.p.i.IntermediateProofReplayer Proof replay took 7.4ns 
305964     INFO  main            d.u.i.k.p.r.p.TestFile    ... finished proof: closed. 
306340     INFO  main            d.u.i.k.p.i.AbstractProblemLoader Loading environment from /home/runner/work/key/key/key.core/../key.ui/examples/heap/permissions/threads/BFilter_workingPermissions_accessible.key.proof 
306340     DEBUG main            d.u.i.k.p.i.AbstractProblemLoader Environment load took 110.6ns 
306341     INFO  main            d.u.i.k.p.i.AbstractProblemLoader Creating init config 
310622     DEBUG main            d.u.i.k.p.i.AbstractProblemLoader Init config took 4.28s 
310703     INFO  main            d.u.i.k.p.i.AbstractProblemLoader Replaying proof BFilter[ThreadSpec2::workingPermissions()].JML accessible clause.0 
310713     DEBUG main            d.u.i.k.p.i.IntermediateProofReplayer Proof replay took 7.82ms 
310714     DEBUG main            d.u.i.k.p.r.p.TestFile    ... success: reloaded. 
310714     INFO  main            d.u.i.k.p.r.p.TestFile    Now processing file /home/runner/work/key/key/key.core/../key.ui/examples/heap/permissions/threads/Fib_Fib.key 
310715     INFO  main            d.u.i.k.p.i.AbstractProblemLoader Loading environment from /home/runner/work/key/key/key.core/../key.ui/examples/heap/permissions/threads/Fib_Fib.key 
310715     DEBUG main            d.u.i.k.p.i.AbstractProblemLoader Environment load took 82.4ns 
310716     INFO  main            d.u.i.k.p.i.AbstractProblemLoader Creating init config 
315085     DEBUG main            d.u.i.k.p.i.AbstractProblemLoader Init config took 4.37s 
315183     INFO  main            d.u.i.k.p.i.AbstractProblemLoader Replaying proof Fib[Fib::Fib(int)].JML normal_behavior operation contract.0 
315184     DEBUG main            d.u.i.k.p.i.IntermediateProofReplayer Proof replay took 7.9ns 
315888     INFO  main            d.u.i.k.p.r.p.TestFile    ... finished proof: closed. 
316324     INFO  main            d.u.i.k.p.i.AbstractProblemLoader Loading environment from /home/runner/work/key/key/key.core/../key.ui/examples/heap/permissions/threads/Fib_Fib.key.proof 
316324     DEBUG main            d.u.i.k.p.i.AbstractProblemLoader Environment load took 111.8ns 
316325     INFO  main            d.u.i.k.p.i.AbstractProblemLoader Creating init config 
320614     DEBUG main            d.u.i.k.p.i.AbstractProblemLoader Init config took 4.29s 
320708     INFO  main            d.u.i.k.p.i.AbstractProblemLoader Replaying proof Fib[Fib::Fib(int)].JML normal_behavior operation contract.0 
320811     DEBUG main            d.u.i.k.p.i.IntermediateProofReplayer Proof replay took 93.88ms 
320812     DEBUG main            d.u.i.k.p.r.p.TestFile    ... success: reloaded. 
320814     INFO  main            d.u.i.k.p.r.p.TestFile    Now processing file /home/runner/work/key/key/key.core/../key.ui/examples/heap/permissions/threads/Fib_initPost_accessible.key 
320814     INFO  main            d.u.i.k.p.i.AbstractProblemLoader Loading environment from /home/runner/work/key/key/key.core/../key.ui/examples/heap/permissions/threads/Fib_initPost_accessible.key 
320814     DEBUG main            d.u.i.k.p.i.AbstractProblemLoader Environment load took 184.5ns 
320815     INFO  main            d.u.i.k.p.i.AbstractProblemLoader Creating init config 
325198     DEBUG main            d.u.i.k.p.i.AbstractProblemLoader Init config took 4.38s 
325295     INFO  main            d.u.i.k.p.i.AbstractProblemLoader Replaying proof Fib[ThreadSpec::initPost()].JML accessible clause.0 
325297     DEBUG main            d.u.i.k.p.i.IntermediateProofReplayer Proof replay took 7.2ns 
325398     INFO  main            d.u.i.k.p.r.p.TestFile    ... finished proof: closed. 
325802     INFO  main            d.u.i.k.p.i.AbstractProblemLoader Loading environment from /home/runner/work/key/key/key.core/../key.ui/examples/heap/permissions/threads/Fib_initPost_accessible.key.proof 
325802     DEBUG main            d.u.i.k.p.i.AbstractProblemLoader Environment load took 109.2ns 
325803     INFO  main            d.u.i.k.p.i.AbstractProblemLoader Creating init config 
330116     DEBUG main            d.u.i.k.p.i.AbstractProblemLoader Init config took 4.31s 
330196     INFO  main            d.u.i.k.p.i.AbstractProblemLoader Replaying proof Fib[ThreadSpec::initPost()].JML accessible clause.0 
330203     DEBUG main            d.u.i.k.p.i.IntermediateProofReplayer Proof replay took 4.87ms 
330203     DEBUG main            d.u.i.k.p.r.p.TestFile    ... success: reloaded. 
330205     INFO  main            d.u.i.k.p.r.p.TestFile    Now processing file /home/runner/work/key/key/key.core/../key.ui/examples/heap/permissions/threads/Fib_inv1_accessible.key 
330205     INFO  main            d.u.i.k.p.i.AbstractProblemLoader Loading environment from /home/runner/work/key/key/key.core/../key.ui/examples/heap/permissions/threads/Fib_inv1_accessible.key 
330205     DEBUG main            d.u.i.k.p.i.AbstractProblemLoader Environment load took 150ns 
330206     INFO  main            d.u.i.k.p.i.AbstractProblemLoader Creating init config 
334502     DEBUG main            d.u.i.k.p.i.AbstractProblemLoader Init config took 4.3s 
334582     INFO  main            d.u.i.k.p.i.AbstractProblemLoader Replaying proof Fib[java.lang.Object::<inv>()].JML accessible clause.0 
334584     DEBUG main            d.u.i.k.p.i.IntermediateProofReplayer Proof replay took 8.1ns 
334685     INFO  main            d.u.i.k.p.r.p.TestFile    ... finished proof: closed. 
335091     INFO  main            d.u.i.k.p.i.AbstractProblemLoader Loading environment from /home/runner/work/key/key/key.core/../key.ui/examples/heap/permissions/threads/Fib_inv1_accessible.key.proof 
335091     DEBUG main            d.u.i.k.p.i.AbstractProblemLoader Environment load took 106.1ns 
335092     INFO  main            d.u.i.k.p.i.AbstractProblemLoader Creating init config 
339318     DEBUG main            d.u.i.k.p.i.AbstractProblemLoader Init config took 4.23s 
339412     INFO  main            d.u.i.k.p.i.AbstractProblemLoader Replaying proof Fib[java.lang.Object::<inv>()].JML accessible clause.0 
339415     DEBUG main            d.u.i.k.p.i.IntermediateProofReplayer Proof replay took 1.73ms 
339416     DEBUG main            d.u.i.k.p.r.p.TestFile    ... success: reloaded. 
339417     INFO  main            d.u.i.k.p.r.p.TestFile    Now processing file /home/runner/work/key/key/key.core/../key.ui/examples/heap/permissions/threads/Fib_inv2_accessible.key 
339417     INFO  main            d.u.i.k.p.i.AbstractProblemLoader Loading environment from /home/runner/work/key/key/key.core/../key.ui/examples/heap/permissions/threads/Fib_inv2_accessible.key 
339417     DEBUG main            d.u.i.k.p.i.AbstractProblemLoader Environment load took 103.8ns 
339418     INFO  main            d.u.i.k.p.i.AbstractProblemLoader Creating init config 
343719     DEBUG main            d.u.i.k.p.i.AbstractProblemLoader Init config took 4.3s 
343799     INFO  main            d.u.i.k.p.i.AbstractProblemLoader Replaying proof Fib[java.lang.Object::<inv>()].JML accessible clause.1 
343800     DEBUG main            d.u.i.k.p.i.IntermediateProofReplayer Proof replay took 8.4ns 
343901     INFO  main            d.u.i.k.p.r.p.TestFile    ... finished proof: closed. 
344303     INFO  main            d.u.i.k.p.i.AbstractProblemLoader Loading environment from /home/runner/work/key/key/key.core/../key.ui/examples/heap/permissions/threads/Fib_inv2_accessible.key.proof 
344303     DEBUG main            d.u.i.k.p.i.AbstractProblemLoader Environment load took 103.2ns 
344304     INFO  main            d.u.i.k.p.i.AbstractProblemLoader Creating init config 
348546     DEBUG main            d.u.i.k.p.i.AbstractProblemLoader Init config took 4.24s 
348626     INFO  main            d.u.i.k.p.i.AbstractProblemLoader Replaying proof Fib[java.lang.Object::<inv>()].JML accessible clause.1 
348629     DEBUG main            d.u.i.k.p.i.IntermediateProofReplayer Proof replay took 1.69ms 
348630     DEBUG main            d.u.i.k.p.r.p.TestFile    ... success: reloaded. 
348631     INFO  main            d.u.i.k.p.r.p.TestFile    Now processing file /home/runner/work/key/key/key.core/../key.ui/examples/heap/permissions/threads/Fib_joinTransfer_accessible.key 
348631     INFO  main            d.u.i.k.p.i.AbstractProblemLoader Loading environment from /home/runner/work/key/key/key.core/../key.ui/examples/heap/permissions/threads/Fib_joinTransfer_accessible.key 
348631     DEBUG main            d.u.i.k.p.i.AbstractProblemLoader Environment load took 48.5ns 
348632     INFO  main            d.u.i.k.p.i.AbstractProblemLoader Creating init config 
352919     DEBUG main            d.u.i.k.p.i.AbstractProblemLoader Init config took 4.29s 
353002     INFO  main            d.u.i.k.p.i.AbstractProblemLoader Replaying proof Fib[ThreadSpec::joinTransfer()].JML accessible clause.0 
353003     DEBUG main            d.u.i.k.p.i.IntermediateProofReplayer Proof replay took 7.3ns 
353205     INFO  main            d.u.i.k.p.r.p.TestFile    ... finished proof: closed. 
353626     INFO  main            d.u.i.k.p.i.AbstractProblemLoader Loading environment from /home/runner/work/key/key/key.core/../key.ui/examples/heap/permissions/threads/Fib_joinTransfer_accessible.key.proof 
353626     DEBUG main            d.u.i.k.p.i.AbstractProblemLoader Environment load took 108.7ns 
353627     INFO  main            d.u.i.k.p.i.AbstractProblemLoader Creating init config 
357868     DEBUG main            d.u.i.k.p.i.AbstractProblemLoader Init config took 4.24s 
357948     INFO  main            d.u.i.k.p.i.AbstractProblemLoader Replaying proof Fib[ThreadSpec::joinTransfer()].JML accessible clause.0 
357972     DEBUG main            d.u.i.k.p.i.IntermediateProofReplayer Proof replay took 22.71ms 
357973     DEBUG main            d.u.i.k.p.r.p.TestFile    ... success: reloaded. 
357974     INFO  main            d.u.i.k.p.r.p.TestFile    Now processing file /home/runner/work/key/key/key.core/../key.ui/examples/heap/permissions/threads/Fib_joinTransfer_contract.key 
357974     INFO  main            d.u.i.k.p.i.AbstractProblemLoader Loading environment from /home/runner/work/key/key/key.core/../key.ui/examples/heap/permissions/threads/Fib_joinTransfer_contract.key 
357974     DEBUG main            d.u.i.k.p.i.AbstractProblemLoader Environment load took 48.6ns 
357975     INFO  main            d.u.i.k.p.i.AbstractProblemLoader Creating init config 
362265     DEBUG main            d.u.i.k.p.i.AbstractProblemLoader Init config took 4.29s 
362376     INFO  main            d.u.i.k.p.i.AbstractProblemLoader Replaying proof Fib[ThreadSpec::joinTransfer()].JML model_behavior operation contract.0 
362378     DEBUG main            d.u.i.k.p.i.IntermediateProofReplayer Proof replay took 7.3ns 
362480     INFO  main            d.u.i.k.p.r.p.TestFile    ... finished proof: closed. 
362891     INFO  main            d.u.i.k.p.i.AbstractProblemLoader Loading environment from /home/runner/work/key/key/key.core/../key.ui/examples/heap/permissions/threads/Fib_joinTransfer_contract.key.proof 
362891     DEBUG main            d.u.i.k.p.i.AbstractProblemLoader Environment load took 101.3ns 
362892     INFO  main            d.u.i.k.p.i.AbstractProblemLoader Creating init config 
367123     DEBUG main            d.u.i.k.p.i.AbstractProblemLoader Init config took 4.23s 
367204     INFO  main            d.u.i.k.p.i.AbstractProblemLoader Replaying proof Fib[ThreadSpec::joinTransfer()].JML model_behavior operation contract.0 
367212     DEBUG main            d.u.i.k.p.i.IntermediateProofReplayer Proof replay took 6.43ms 
367212     DEBUG main            d.u.i.k.p.r.p.TestFile    ... success: reloaded. 
367213     INFO  main            d.u.i.k.p.r.p.TestFile    Now processing file /home/runner/work/key/key/key.core/../key.ui/examples/heap/permissions/threads/Fib_postJoin_accessible.key 
367214     INFO  main            d.u.i.k.p.i.AbstractProblemLoader Loading environment from /home/runner/work/key/key/key.core/../key.ui/examples/heap/permissions/threads/Fib_postJoin_accessible.key 
367214     DEBUG main            d.u.i.k.p.i.AbstractProblemLoader Environment load took 84.1ns 
367214     INFO  main            d.u.i.k.p.i.AbstractProblemLoader Creating init config 
371519     DEBUG main            d.u.i.k.p.i.AbstractProblemLoader Init config took 4.3s 
371623     INFO  main            d.u.i.k.p.i.AbstractProblemLoader Replaying proof Fib[ThreadSpec::postJoin(java.lang.Object)].JML accessible clause.0 
371624     DEBUG main            d.u.i.k.p.i.IntermediateProofReplayer Proof replay took 7.8ns 
371726     INFO  main            d.u.i.k.p.r.p.TestFile    ... finished proof: closed. 
372148     INFO  main            d.u.i.k.p.i.AbstractProblemLoader Loading environment from /home/runner/work/key/key/key.core/../key.ui/examples/heap/permissions/threads/Fib_postJoin_accessible.key.proof 
372148     DEBUG main            d.u.i.k.p.i.AbstractProblemLoader Environment load took 101.7ns 
372149     INFO  main            d.u.i.k.p.i.AbstractProblemLoader Creating init config 
376396     DEBUG main            d.u.i.k.p.i.AbstractProblemLoader Init config took 4.25s 
376477     INFO  main            d.u.i.k.p.i.AbstractProblemLoader Replaying proof Fib[ThreadSpec::postJoin(java.lang.Object)].JML accessible clause.0 
376483     DEBUG main            d.u.i.k.p.i.IntermediateProofReplayer Proof replay took 5.19ms 
376484     DEBUG main            d.u.i.k.p.r.p.TestFile    ... success: reloaded. 
376485     INFO  main            d.u.i.k.p.r.p.TestFile    Now processing file /home/runner/work/key/key/key.core/../key.ui/examples/heap/permissions/threads/Fib_preStart_accessible.key 
376485     INFO  main            d.u.i.k.p.i.AbstractProblemLoader Loading environment from /home/runner/work/key/key/key.core/../key.ui/examples/heap/permissions/threads/Fib_preStart_accessible.key 
376485     DEBUG main            d.u.i.k.p.i.AbstractProblemLoader Environment load took 67.2ns 
376486     INFO  main            d.u.i.k.p.i.AbstractProblemLoader Creating init config 
380818     DEBUG main            d.u.i.k.p.i.AbstractProblemLoader Init config took 4.33s 
380899     INFO  main            d.u.i.k.p.i.AbstractProblemLoader Replaying proof Fib[ThreadSpec::preStart(java.lang.Object)].JML accessible clause.0 
380901     DEBUG main            d.u.i.k.p.i.IntermediateProofReplayer Proof replay took 8.4ns 
381002     INFO  main            d.u.i.k.p.r.p.TestFile    ... finished proof: closed. 
381440     INFO  main            d.u.i.k.p.i.AbstractProblemLoader Loading environment from /home/runner/work/key/key/key.core/../key.ui/examples/heap/permissions/threads/Fib_preStart_accessible.key.proof 
381440     DEBUG main            d.u.i.k.p.i.AbstractProblemLoader Environment load took 104.3ns 
381441     INFO  main            d.u.i.k.p.i.AbstractProblemLoader Creating init config 
385692     DEBUG main            d.u.i.k.p.i.AbstractProblemLoader Init config took 4.25s 
385773     INFO  main            d.u.i.k.p.i.AbstractProblemLoader Replaying proof Fib[ThreadSpec::preStart(java.lang.Object)].JML accessible clause.0 
385780     DEBUG main            d.u.i.k.p.i.IntermediateProofReplayer Proof replay took 5.31ms 
385781     DEBUG main            d.u.i.k.p.r.p.TestFile    ... success: reloaded. 
385781     INFO  main            d.u.i.k.p.r.p.TestFile    Now processing file /home/runner/work/key/key/key.core/../key.ui/examples/heap/permissions/threads/Fib_startTransfer_accessible.key 
385782     INFO  main            d.u.i.k.p.i.AbstractProblemLoader Loading environment from /home/runner/work/key/key/key.core/../key.ui/examples/heap/permissions/threads/Fib_startTransfer_accessible.key 
385782     DEBUG main            d.u.i.k.p.i.AbstractProblemLoader Environment load took 101.7ns 
385783     INFO  main            d.u.i.k.p.i.AbstractProblemLoader Creating init config 
390109     DEBUG main            d.u.i.k.p.i.AbstractProblemLoader Init config took 4.33s 
390190     INFO  main            d.u.i.k.p.i.AbstractProblemLoader Replaying proof Fib[ThreadSpec::startTransfer()].JML accessible clause.0 
390192     DEBUG main            d.u.i.k.p.i.IntermediateProofReplayer Proof replay took 8.9ns 
390394     INFO  main            d.u.i.k.p.r.p.TestFile    ... finished proof: closed. 
390852     INFO  main            d.u.i.k.p.i.AbstractProblemLoader Loading environment from /home/runner/work/key/key/key.core/../key.ui/examples/heap/permissions/threads/Fib_startTransfer_accessible.key.proof 
390853     DEBUG main            d.u.i.k.p.i.AbstractProblemLoader Environment load took 109.7ns 
390853     INFO  main            d.u.i.k.p.i.AbstractProblemLoader Creating init config 
395102     DEBUG main            d.u.i.k.p.i.AbstractProblemLoader Init config took 4.25s 
395184     INFO  main            d.u.i.k.p.i.AbstractProblemLoader Replaying proof Fib[ThreadSpec::startTransfer()].JML accessible clause.0 
395221     DEBUG main            d.u.i.k.p.i.IntermediateProofReplayer Proof replay took 35.6ms 
395223     DEBUG main            d.u.i.k.p.r.p.TestFile    ... success: reloaded. 
395224     INFO  main            d.u.i.k.p.r.p.TestFile    Now processing file /home/runner/work/key/key/key.core/../key.ui/examples/heap/permissions/threads/Fib_startTransfer_contract.key 
395224     INFO  main            d.u.i.k.p.i.AbstractProblemLoader Loading environment from /home/runner/work/key/key/key.core/../key.ui/examples/heap/permissions/threads/Fib_startTransfer_contract.key 
395224     DEBUG main            d.u.i.k.p.i.AbstractProblemLoader Environment load took 64.5ns 
395225     INFO  main            d.u.i.k.p.i.AbstractProblemLoader Creating init config 
399551     DEBUG main            d.u.i.k.p.i.AbstractProblemLoader Init config took 4.33s 
399631     INFO  main            d.u.i.k.p.i.AbstractProblemLoader Replaying proof Fib[ThreadSpec::startTransfer()].JML model_behavior operation contract.0 
399633     DEBUG main            d.u.i.k.p.i.IntermediateProofReplayer Proof replay took 8.2ns 
399738     INFO  main            d.u.i.k.p.r.p.TestFile    ... finished proof: closed. 
400189     INFO  main            d.u.i.k.p.i.AbstractProblemLoader Loading environment from /home/runner/work/key/key/key.core/../key.ui/examples/heap/permissions/threads/Fib_startTransfer_contract.key.proof 
400189     DEBUG main            d.u.i.k.p.i.AbstractProblemLoader Environment load took 94ns 
400190     INFO  main            d.u.i.k.p.i.AbstractProblemLoader Creating init config 
404419     DEBUG main            d.u.i.k.p.i.AbstractProblemLoader Init config took 4.23s 
404499     INFO  main            d.u.i.k.p.i.AbstractProblemLoader Replaying proof Fib[ThreadSpec::startTransfer()].JML model_behavior operation contract.0 
404507     DEBUG main            d.u.i.k.p.i.IntermediateProofReplayer Proof replay took 6.45ms 
404507     DEBUG main            d.u.i.k.p.r.p.TestFile    ... success: reloaded. 
404508     INFO  main            d.u.i.k.p.r.p.TestFile    Now processing file /home/runner/work/key/key/key.core/../key.ui/examples/heap/permissions/threads/Fib_workingPermissions_accessible.key 
404508     INFO  main            d.u.i.k.p.i.AbstractProblemLoader Loading environment from /home/runner/work/key/key/key.core/../key.ui/examples/heap/permissions/threads/Fib_workingPermissions_accessible.key 
404509     DEBUG main            d.u.i.k.p.i.AbstractProblemLoader Environment load took 50.9ns 
404509     INFO  main            d.u.i.k.p.i.AbstractProblemLoader Creating init config 
408829     DEBUG main            d.u.i.k.p.i.AbstractProblemLoader Init config took 4.32s 
408909     INFO  main            d.u.i.k.p.i.AbstractProblemLoader Replaying proof Fib[ThreadSpec::workingPermissions()].JML accessible clause.0 
408910     DEBUG main            d.u.i.k.p.i.IntermediateProofReplayer Proof replay took 7.8ns 
409012     INFO  main            d.u.i.k.p.r.p.TestFile    ... finished proof: closed. 
409462     INFO  main            d.u.i.k.p.i.AbstractProblemLoader Loading environment from /home/runner/work/key/key/key.core/../key.ui/examples/heap/permissions/threads/Fib_workingPermissions_accessible.key.proof 
409462     DEBUG main            d.u.i.k.p.i.AbstractProblemLoader Environment load took 142ns 
409463     INFO  main            d.u.i.k.p.i.AbstractProblemLoader Creating init config 
413705     DEBUG main            d.u.i.k.p.i.AbstractProblemLoader Init config took 4.24s 
413785     INFO  main            d.u.i.k.p.i.AbstractProblemLoader Replaying proof Fib[ThreadSpec::workingPermissions()].JML accessible clause.0 
413789     DEBUG main            d.u.i.k.p.i.IntermediateProofReplayer Proof replay took 2.11ms 
413789     DEBUG main            d.u.i.k.p.r.p.TestFile    ... success: reloaded. 
413790     INFO  main            d.u.i.k.p.r.p.TestFile    Now processing file /home/runner/work/key/key/key.core/../key.ui/examples/heap/permissions/threads/Plotter_initPost_accessible.key 
413790     INFO  main            d.u.i.k.p.i.AbstractProblemLoader Loading environment from /home/runner/work/key/key/key.core/../key.ui/examples/heap/permissions/threads/Plotter_initPost_accessible.key 
413790     DEBUG main            d.u.i.k.p.i.AbstractProblemLoader Environment load took 47.4ns 
413791     INFO  main            d.u.i.k.p.i.AbstractProblemLoader Creating init config 
418102     DEBUG main            d.u.i.k.p.i.AbstractProblemLoader Init config took 4.31s 
418197     INFO  main            d.u.i.k.p.i.AbstractProblemLoader Replaying proof Plotter[ThreadSpec2::initPost()].JML accessible clause.0 
418198     DEBUG main            d.u.i.k.p.i.IntermediateProofReplayer Proof replay took 8.5ns 
418300     INFO  main            d.u.i.k.p.r.p.TestFile    ... finished proof: closed. 
418759     INFO  main            d.u.i.k.p.i.AbstractProblemLoader Loading environment from /home/runner/work/key/key/key.core/../key.ui/examples/heap/permissions/threads/Plotter_initPost_accessible.key.proof 
418759     DEBUG main            d.u.i.k.p.i.AbstractProblemLoader Environment load took 94.7ns 
418760     INFO  main            d.u.i.k.p.i.AbstractProblemLoader Creating init config 
422990     DEBUG main            d.u.i.k.p.i.AbstractProblemLoader Init config took 4.23s 
423083     INFO  main            d.u.i.k.p.i.AbstractProblemLoader Replaying proof Plotter[ThreadSpec2::initPost()].JML accessible clause.0 
423098     DEBUG main            d.u.i.k.p.i.IntermediateProofReplayer Proof replay took 12.75ms 
423099     DEBUG main            d.u.i.k.p.r.p.TestFile    ... success: reloaded. 
423099     INFO  main            d.u.i.k.p.r.p.TestFile    Now processing file /home/runner/work/key/key/key.core/../key.ui/examples/heap/permissions/threads/Plotter_inv_accessible1.key 
423100     INFO  main            d.u.i.k.p.i.AbstractProblemLoader Loading environment from /home/runner/work/key/key/key.core/../key.ui/examples/heap/permissions/threads/Plotter_inv_accessible1.key 
423100     DEBUG main            d.u.i.k.p.i.AbstractProblemLoader Environment load took 46.9ns 
423100     INFO  main            d.u.i.k.p.i.AbstractProblemLoader Creating init config 
427419     DEBUG main            d.u.i.k.p.i.AbstractProblemLoader Init config took 4.32s 
427498     INFO  main            d.u.i.k.p.i.AbstractProblemLoader Replaying proof Plotter[java.lang.Object::<inv>()].JML accessible clause.0 
427499     DEBUG main            d.u.i.k.p.i.IntermediateProofReplayer Proof replay took 8.2ns 
427601     INFO  main            d.u.i.k.p.r.p.TestFile    ... finished proof: closed. 
428070     INFO  main            d.u.i.k.p.i.AbstractProblemLoader Loading environment from /home/runner/work/key/key/key.core/../key.ui/examples/heap/permissions/threads/Plotter_inv_accessible1.key.proof 
428070     DEBUG main            d.u.i.k.p.i.AbstractProblemLoader Environment load took 96ns 
428071     INFO  main            d.u.i.k.p.i.AbstractProblemLoader Creating init config 
432300     DEBUG main            d.u.i.k.p.i.AbstractProblemLoader Init config took 4.23s 
432392     INFO  main            d.u.i.k.p.i.AbstractProblemLoader Replaying proof Plotter[java.lang.Object::<inv>()].JML accessible clause.0 
432395     DEBUG main            d.u.i.k.p.i.IntermediateProofReplayer Proof replay took 1.72ms 
432398     DEBUG main            d.u.i.k.p.r.p.TestFile    ... success: reloaded. 
432399     INFO  main            d.u.i.k.p.r.p.TestFile    Now processing file /home/runner/work/key/key/key.core/../key.ui/examples/heap/permissions/threads/Plotter_inv_accessible2.key 
432400     INFO  main            d.u.i.k.p.i.AbstractProblemLoader Loading environment from /home/runner/work/key/key/key.core/../key.ui/examples/heap/permissions/threads/Plotter_inv_accessible2.key 
432400     DEBUG main            d.u.i.k.p.i.AbstractProblemLoader Environment load took 165.3ns 
432401     INFO  main            d.u.i.k.p.i.AbstractProblemLoader Creating init config 
436706     DEBUG main            d.u.i.k.p.i.AbstractProblemLoader Init config took 4.31s 
436786     INFO  main            d.u.i.k.p.i.AbstractProblemLoader Replaying proof Plotter[java.lang.Object::<inv>()].JML accessible clause.1 
436787     DEBUG main            d.u.i.k.p.i.IntermediateProofReplayer Proof replay took 8.1ns 
436888     INFO  main            d.u.i.k.p.r.p.TestFile    ... finished proof: closed. 
437360     INFO  main            d.u.i.k.p.i.AbstractProblemLoader Loading environment from /home/runner/work/key/key/key.core/../key.ui/examples/heap/permissions/threads/Plotter_inv_accessible2.key.proof 
437360     DEBUG main            d.u.i.k.p.i.AbstractProblemLoader Environment load took 102.9ns 
437361     INFO  main            d.u.i.k.p.i.AbstractProblemLoader Creating init config 
441592     DEBUG main            d.u.i.k.p.i.AbstractProblemLoader Init config took 4.23s 
441684     INFO  main            d.u.i.k.p.i.AbstractProblemLoader Replaying proof Plotter[java.lang.Object::<inv>()].JML accessible clause.1 
441687     DEBUG main            d.u.i.k.p.i.IntermediateProofReplayer Proof replay took 1.76ms 
441688     DEBUG main            d.u.i.k.p.r.p.TestFile    ... success: reloaded. 
441688     INFO  main            d.u.i.k.p.r.p.TestFile    Now processing file /home/runner/work/key/key/key.core/../key.ui/examples/heap/permissions/threads/Plotter_joinTransfer_contract.key 
441689     INFO  main            d.u.i.k.p.i.AbstractProblemLoader Loading environment from /home/runner/work/key/key/key.core/../key.ui/examples/heap/permissions/threads/Plotter_joinTransfer_contract.key 
441689     DEBUG main            d.u.i.k.p.i.AbstractProblemLoader Environment load took 93.1ns 
441690     INFO  main            d.u.i.k.p.i.AbstractProblemLoader Creating init config 
446009     DEBUG main            d.u.i.k.p.i.AbstractProblemLoader Init config took 4.32s 
446091     INFO  main            d.u.i.k.p.i.AbstractProblemLoader Replaying proof Plotter[ThreadSpec2::joinTransfer()].JML model_behavior operation contract.0 
446092     DEBUG main            d.u.i.k.p.i.IntermediateProofReplayer Proof replay took 9.9ns 
446194     INFO  main            d.u.i.k.p.r.p.TestFile    ... finished proof: closed. 
446677     INFO  main            d.u.i.k.p.i.AbstractProblemLoader Loading environment from /home/runner/work/key/key/key.core/../key.ui/examples/heap/permissions/threads/Plotter_joinTransfer_contract.key.proof 
446678     DEBUG main            d.u.i.k.p.i.AbstractProblemLoader Environment load took 98.1ns 
446678     INFO  main            d.u.i.k.p.i.AbstractProblemLoader Creating init config 
450912     DEBUG main            d.u.i.k.p.i.AbstractProblemLoader Init config took 4.23s 
450993     INFO  main            d.u.i.k.p.i.AbstractProblemLoader Replaying proof Plotter[ThreadSpec2::joinTransfer()].JML model_behavior operation contract.0 
451001     DEBUG main            d.u.i.k.p.i.IntermediateProofReplayer Proof replay took 7.31ms 
451002     DEBUG main            d.u.i.k.p.r.p.TestFile    ... success: reloaded. 
451003     INFO  main            d.u.i.k.p.r.p.TestFile    Now processing file /home/runner/work/key/key/key.core/../key.ui/examples/heap/permissions/threads/Plotter_Plotter.key 
451003     INFO  main            d.u.i.k.p.i.AbstractProblemLoader Loading environment from /home/runner/work/key/key/key.core/../key.ui/examples/heap/permissions/threads/Plotter_Plotter.key 
451003     DEBUG main            d.u.i.k.p.i.AbstractProblemLoader Environment load took 47.6ns 
451004     INFO  main            d.u.i.k.p.i.AbstractProblemLoader Creating init config 
455315     DEBUG main            d.u.i.k.p.i.AbstractProblemLoader Init config took 4.31s 
455395     INFO  main            d.u.i.k.p.i.AbstractProblemLoader Replaying proof Plotter[Plotter::Plotter(AFilter,BFilter,Buffer)].JML normal_behavior operation contract.0 
455397     DEBUG main            d.u.i.k.p.i.IntermediateProofReplayer Proof replay took 7.3ns 
457301     INFO  main            d.u.i.k.p.r.p.TestFile    ... finished proof: closed. 
457802     INFO  main            d.u.i.k.p.i.AbstractProblemLoader Loading environment from /home/runner/work/key/key/key.core/../key.ui/examples/heap/permissions/threads/Plotter_Plotter.key.proof 
457803     DEBUG main            d.u.i.k.p.i.AbstractProblemLoader Environment load took 366.31ns 
457804     INFO  main            d.u.i.k.p.i.AbstractProblemLoader Creating init config 
462042     DEBUG main            d.u.i.k.p.i.AbstractProblemLoader Init config took 4.24s 
462123     INFO  main            d.u.i.k.p.i.AbstractProblemLoader Replaying proof Plotter[Plotter::Plotter(AFilter,BFilter,Buffer)].JML normal_behavior operation contract.0 
462363     DEBUG main            d.u.i.k.p.i.IntermediateProofReplayer Proof replay took 236.17ms 
462364     DEBUG main            d.u.i.k.p.r.p.TestFile    ... success: reloaded. 
462365     INFO  main            d.u.i.k.p.r.p.TestFile    Now processing file /home/runner/work/key/key/key.core/../key.ui/examples/heap/permissions/threads/Plotter_postJoin_accessible.key 
462365     INFO  main            d.u.i.k.p.i.AbstractProblemLoader Loading environment from /home/runner/work/key/key/key.core/../key.ui/examples/heap/permissions/threads/Plotter_postJoin_accessible.key 
462365     DEBUG main            d.u.i.k.p.i.AbstractProblemLoader Environment load took 54.5ns 
462366     INFO  main            d.u.i.k.p.i.AbstractProblemLoader Creating init config 
466719     DEBUG main            d.u.i.k.p.i.AbstractProblemLoader Init config took 4.35s 
466799     INFO  main            d.u.i.k.p.i.AbstractProblemLoader Replaying proof Plotter[ThreadSpec2::postJoin(java.lang.Object)].JML accessible clause.0 
466801     DEBUG main            d.u.i.k.p.i.IntermediateProofReplayer Proof replay took 10ns 
466902     INFO  main            d.u.i.k.p.r.p.TestFile    ... finished proof: closed. 
467401     INFO  main            d.u.i.k.p.i.AbstractProblemLoader Loading environment from /home/runner/work/key/key/key.core/../key.ui/examples/heap/permissions/threads/Plotter_postJoin_accessible.key.proof 
467402     DEBUG main            d.u.i.k.p.i.AbstractProblemLoader Environment load took 919.32ns 
467403     INFO  main            d.u.i.k.p.i.AbstractProblemLoader Creating init config 
471640     DEBUG main            d.u.i.k.p.i.AbstractProblemLoader Init config took 4.24s 
471719     INFO  main            d.u.i.k.p.i.AbstractProblemLoader Replaying proof Plotter[ThreadSpec2::postJoin(java.lang.Object)].JML accessible clause.0 
471733     DEBUG main            d.u.i.k.p.i.IntermediateProofReplayer Proof replay took 11.81ms 
471734     DEBUG main            d.u.i.k.p.r.p.TestFile    ... success: reloaded. 
471735     INFO  main            d.u.i.k.p.r.p.TestFile    Now processing file /home/runner/work/key/key/key.core/../key.ui/examples/heap/permissions/threads/Plotter_preStart_accessible.key 
471735     INFO  main            d.u.i.k.p.i.AbstractProblemLoader Loading environment from /home/runner/work/key/key/key.core/../key.ui/examples/heap/permissions/threads/Plotter_preStart_accessible.key 
471735     DEBUG main            d.u.i.k.p.i.AbstractProblemLoader Environment load took 95.3ns 
471736     INFO  main            d.u.i.k.p.i.AbstractProblemLoader Creating init config 
476093     DEBUG main            d.u.i.k.p.i.AbstractProblemLoader Init config took 4.36s 
476174     INFO  main            d.u.i.k.p.i.AbstractProblemLoader Replaying proof Plotter[ThreadSpec2::preStart(java.lang.Object)].JML accessible clause.0 
476175     DEBUG main            d.u.i.k.p.i.IntermediateProofReplayer Proof replay took 10ns 
477279     INFO  main            d.u.i.k.p.r.p.TestFile    ... finished proof: closed. 
477785     INFO  main            d.u.i.k.p.i.AbstractProblemLoader Loading environment from /home/runner/work/key/key/key.core/../key.ui/examples/heap/permissions/threads/Plotter_preStart_accessible.key.proof 
477785     DEBUG main            d.u.i.k.p.i.AbstractProblemLoader Environment load took 144.4ns 
477786     INFO  main            d.u.i.k.p.i.AbstractProblemLoader Creating init config 
482071     DEBUG main            d.u.i.k.p.i.AbstractProblemLoader Init config took 4.28s 
482151     INFO  main            d.u.i.k.p.i.AbstractProblemLoader Replaying proof Plotter[ThreadSpec2::preStart(java.lang.Object)].JML accessible clause.0 
482234     DEBUG main            d.u.i.k.p.i.IntermediateProofReplayer Proof replay took 79.75ms 
482235     DEBUG main            d.u.i.k.p.r.p.TestFile    ... success: reloaded. 
482236     INFO  main            d.u.i.k.p.r.p.TestFile    Now processing file /home/runner/work/key/key/key.core/../key.ui/examples/heap/permissions/threads/Plotter_stateInv_accessible.key 
482236     INFO  main            d.u.i.k.p.i.AbstractProblemLoader Loading environment from /home/runner/work/key/key/key.core/../key.ui/examples/heap/permissions/threads/Plotter_stateInv_accessible.key 
482236     DEBUG main            d.u.i.k.p.i.AbstractProblemLoader Environment load took 78.9ns 
482237     INFO  main            d.u.i.k.p.i.AbstractProblemLoader Creating init config 
486593     DEBUG main            d.u.i.k.p.i.AbstractProblemLoader Init config took 4.36s 
486673     INFO  main            d.u.i.k.p.i.AbstractProblemLoader Replaying proof Plotter[ThreadSpec2::stateInv()].JML accessible clause.0 
486674     DEBUG main            d.u.i.k.p.i.IntermediateProofReplayer Proof replay took 9.2ns 
494538     INFO  main            d.u.i.k.p.r.p.TestFile    ... finished proof: closed. 
495082     INFO  main            d.u.i.k.p.i.AbstractProblemLoader Loading environment from /home/runner/work/key/key/key.core/../key.ui/examples/heap/permissions/threads/Plotter_stateInv_accessible.key.proof 
495082     DEBUG main            d.u.i.k.p.i.AbstractProblemLoader Environment load took 103.6ns 
495084     INFO  main            d.u.i.k.p.i.AbstractProblemLoader Creating init config 
499339     DEBUG main            d.u.i.k.p.i.AbstractProblemLoader Init config took 4.26s 
499433     INFO  main            d.u.i.k.p.i.AbstractProblemLoader Replaying proof Plotter[ThreadSpec2::stateInv()].JML accessible clause.0 
500037     DEBUG main            d.u.i.k.p.i.IntermediateProofReplayer Proof replay took 593.07ms 
500039     DEBUG main            d.u.i.k.p.r.p.TestFile    ... success: reloaded. 
500040     INFO  main            d.u.i.k.p.r.p.TestFile    Now processing file /home/runner/work/key/key/key.core/../key.ui/examples/heap/permissions/threads/Plotter_staticPermissions_accessible.key 
500040     INFO  main            d.u.i.k.p.i.AbstractProblemLoader Loading environment from /home/runner/work/key/key/key.core/../key.ui/examples/heap/permissions/threads/Plotter_staticPermissions_accessible.key 
500040     DEBUG main            d.u.i.k.p.i.AbstractProblemLoader Environment load took 69.9ns 
500041     INFO  main            d.u.i.k.p.i.AbstractProblemLoader Creating init config 
504408     DEBUG main            d.u.i.k.p.i.AbstractProblemLoader Init config took 4.37s 
504487     INFO  main            d.u.i.k.p.i.AbstractProblemLoader Replaying proof Plotter[ThreadSpec2::staticPermissions()].JML accessible clause.0 
504489     DEBUG main            d.u.i.k.p.i.IntermediateProofReplayer Proof replay took 38.5ns 
505191     INFO  main            d.u.i.k.p.r.p.TestFile    ... finished proof: closed. 
505754     INFO  main            d.u.i.k.p.i.AbstractProblemLoader Loading environment from /home/runner/work/key/key/key.core/../key.ui/examples/heap/permissions/threads/Plotter_staticPermissions_accessible.key.proof 
505754     DEBUG main            d.u.i.k.p.i.AbstractProblemLoader Environment load took 96.5ns 
505755     INFO  main            d.u.i.k.p.i.AbstractProblemLoader Creating init config 
510023     DEBUG main            d.u.i.k.p.i.AbstractProblemLoader Init config took 4.27s 
510120     INFO  main            d.u.i.k.p.i.AbstractProblemLoader Replaying proof Plotter[ThreadSpec2::staticPermissions()].JML accessible clause.0 
510183     DEBUG main            d.u.i.k.p.i.IntermediateProofReplayer Proof replay took 60.33ms 
510184     DEBUG main            d.u.i.k.p.r.p.TestFile    ... success: reloaded. 
510185     INFO  main            d.u.i.k.p.r.p.TestFile    Now processing file /home/runner/work/key/key/key.core/../key.ui/examples/heap/permissions/threads/Plotter_workingPermissions_accessible.key 
510185     INFO  main            d.u.i.k.p.i.AbstractProblemLoader Loading environment from /home/runner/work/key/key/key.core/../key.ui/examples/heap/permissions/threads/Plotter_workingPermissions_accessible.key 
510185     DEBUG main            d.u.i.k.p.i.AbstractProblemLoader Environment load took 95ns 
510186     INFO  main            d.u.i.k.p.i.AbstractProblemLoader Creating init config 
514564     DEBUG main            d.u.i.k.p.i.AbstractProblemLoader Init config took 4.38s 
514645     INFO  main            d.u.i.k.p.i.AbstractProblemLoader Replaying proof Plotter[ThreadSpec2::workingPermissions()].JML accessible clause.0 
514646     DEBUG main            d.u.i.k.p.i.IntermediateProofReplayer Proof replay took 4.6ns 
514848     INFO  main            d.u.i.k.p.r.p.TestFile    ... finished proof: closed. 
515383     INFO  main            d.u.i.k.p.i.AbstractProblemLoader Loading environment from /home/runner/work/key/key/key.core/../key.ui/examples/heap/permissions/threads/Plotter_workingPermissions_accessible.key.proof 
515383     DEBUG main            d.u.i.k.p.i.AbstractProblemLoader Environment load took 95.4ns 
515384     INFO  main            d.u.i.k.p.i.AbstractProblemLoader Creating init config 
519657     DEBUG main            d.u.i.k.p.i.AbstractProblemLoader Init config took 4.27s 
519750     INFO  main            d.u.i.k.p.i.AbstractProblemLoader Replaying proof Plotter[ThreadSpec2::workingPermissions()].JML accessible clause.0 
519766     DEBUG main            d.u.i.k.p.i.IntermediateProofReplayer Proof replay took 14.87ms 
519767     DEBUG main            d.u.i.k.p.r.p.TestFile    ... success: reloaded. 
519768     INFO  main            d.u.i.k.p.r.p.TestFile    Now processing file /home/runner/work/key/key/key.core/../key.ui/examples/heap/permissions/threads/Sampler_initPost_accessible.key 
519768     INFO  main            d.u.i.k.p.i.AbstractProblemLoader Loading environment from /home/runner/work/key/key/key.core/../key.ui/examples/heap/permissions/threads/Sampler_initPost_accessible.key 
519768     DEBUG main            d.u.i.k.p.i.AbstractProblemLoader Environment load took 44.2ns 
519769     INFO  main            d.u.i.k.p.i.AbstractProblemLoader Creating init config 
524068     DEBUG main            d.u.i.k.p.i.AbstractProblemLoader Init config took 4.3s 
524146     INFO  main            d.u.i.k.p.i.AbstractProblemLoader Replaying proof Sampler[ThreadSpec2::initPost()].JML accessible clause.0 
524147     DEBUG main            d.u.i.k.p.i.IntermediateProofReplayer Proof replay took 3.1ns 
524249     INFO  main            d.u.i.k.p.r.p.TestFile    ... finished proof: closed. 
524783     INFO  main            d.u.i.k.p.i.AbstractProblemLoader Loading environment from /home/runner/work/key/key/key.core/../key.ui/examples/heap/permissions/threads/Sampler_initPost_accessible.key.proof 
524783     DEBUG main            d.u.i.k.p.i.AbstractProblemLoader Environment load took 88.9ns 
524784     INFO  main            d.u.i.k.p.i.AbstractProblemLoader Creating init config 
528996     DEBUG main            d.u.i.k.p.i.AbstractProblemLoader Init config took 4.21s 
529089     INFO  main            d.u.i.k.p.i.AbstractProblemLoader Replaying proof Sampler[ThreadSpec2::initPost()].JML accessible clause.0 
529096     DEBUG main            d.u.i.k.p.i.IntermediateProofReplayer Proof replay took 5.57ms 
529097     DEBUG main            d.u.i.k.p.r.p.TestFile    ... success: reloaded. 
529098     INFO  main            d.u.i.k.p.r.p.TestFile    Now processing file /home/runner/work/key/key/key.core/../key.ui/examples/heap/permissions/threads/Sampler_inv_accessible1.key 
529098     INFO  main            d.u.i.k.p.i.AbstractProblemLoader Loading environment from /home/runner/work/key/key/key.core/../key.ui/examples/heap/permissions/threads/Sampler_inv_accessible1.key 
529098     DEBUG main            d.u.i.k.p.i.AbstractProblemLoader Environment load took 45.7ns 
529099     INFO  main            d.u.i.k.p.i.AbstractProblemLoader Creating init config 
533404     DEBUG main            d.u.i.k.p.i.AbstractProblemLoader Init config took 4.31s 
533483     INFO  main            d.u.i.k.p.i.AbstractProblemLoader Replaying proof Sampler[java.lang.Object::<inv>()].JML accessible clause.0 
533484     DEBUG main            d.u.i.k.p.i.IntermediateProofReplayer Proof replay took 4ns 
533586     INFO  main            d.u.i.k.p.r.p.TestFile    ... finished proof: closed. 
534127     INFO  main            d.u.i.k.p.i.AbstractProblemLoader Loading environment from /home/runner/work/key/key/key.core/../key.ui/examples/heap/permissions/threads/Sampler_inv_accessible1.key.proof 
534127     DEBUG main            d.u.i.k.p.i.AbstractProblemLoader Environment load took 90.5ns 
534127     INFO  main            d.u.i.k.p.i.AbstractProblemLoader Creating init config 
538352     DEBUG main            d.u.i.k.p.i.AbstractProblemLoader Init config took 4.22s 
538432     INFO  main            d.u.i.k.p.i.AbstractProblemLoader Replaying proof Sampler[java.lang.Object::<inv>()].JML accessible clause.0 
538435     DEBUG main            d.u.i.k.p.i.IntermediateProofReplayer Proof replay took 1.6ms 
538436     DEBUG main            d.u.i.k.p.r.p.TestFile    ... success: reloaded. 
538437     INFO  main            d.u.i.k.p.r.p.TestFile    Now processing file /home/runner/work/key/key/key.core/../key.ui/examples/heap/permissions/threads/Sampler_inv_accessible2.key 
538437     INFO  main            d.u.i.k.p.i.AbstractProblemLoader Loading environment from /home/runner/work/key/key/key.core/../key.ui/examples/heap/permissions/threads/Sampler_inv_accessible2.key 
538437     DEBUG main            d.u.i.k.p.i.AbstractProblemLoader Environment load took 45.5ns 
538438     INFO  main            d.u.i.k.p.i.AbstractProblemLoader Creating init config 
542748     DEBUG main            d.u.i.k.p.i.AbstractProblemLoader Init config took 4.31s 
542829     INFO  main            d.u.i.k.p.i.AbstractProblemLoader Replaying proof Sampler[java.lang.Object::<inv>()].JML accessible clause.1 
542831     DEBUG main            d.u.i.k.p.i.IntermediateProofReplayer Proof replay took 3.7ns 
542932     INFO  main            d.u.i.k.p.r.p.TestFile    ... finished proof: closed. 
543476     INFO  main            d.u.i.k.p.i.AbstractProblemLoader Loading environment from /home/runner/work/key/key/key.core/../key.ui/examples/heap/permissions/threads/Sampler_inv_accessible2.key.proof 
543476     DEBUG main            d.u.i.k.p.i.AbstractProblemLoader Environment load took 86.5ns 
543477     INFO  main            d.u.i.k.p.i.AbstractProblemLoader Creating init config 
547738     DEBUG main            d.u.i.k.p.i.AbstractProblemLoader Init config took 4.26s 
547817     INFO  main            d.u.i.k.p.i.AbstractProblemLoader Replaying proof Sampler[java.lang.Object::<inv>()].JML accessible clause.1 
547820     DEBUG main            d.u.i.k.p.i.IntermediateProofReplayer Proof replay took 1.61ms 
547821     DEBUG main            d.u.i.k.p.r.p.TestFile    ... success: reloaded. 
547822     INFO  main            d.u.i.k.p.r.p.TestFile    Now processing file /home/runner/work/key/key/key.core/../key.ui/examples/heap/permissions/threads/Sampler_joinTransfer_accessible.key 
547822     INFO  main            d.u.i.k.p.i.AbstractProblemLoader Loading environment from /home/runner/work/key/key/key.core/../key.ui/examples/heap/permissions/threads/Sampler_joinTransfer_accessible.key 
547822     DEBUG main            d.u.i.k.p.i.AbstractProblemLoader Environment load took 62.9ns 
547823     INFO  main            d.u.i.k.p.i.AbstractProblemLoader Creating init config 
552136     DEBUG main            d.u.i.k.p.i.AbstractProblemLoader Init config took 4.31s 
552231     INFO  main            d.u.i.k.p.i.AbstractProblemLoader Replaying proof Sampler[ThreadSpec2::joinTransfer()].JML accessible clause.0 
552232     DEBUG main            d.u.i.k.p.i.IntermediateProofReplayer Proof replay took 3.7ns 
555673     INFO  main            d.u.i.k.p.r.p.TestFile    ... finished proof: closed. 
556233     INFO  main            d.u.i.k.p.i.AbstractProblemLoader Loading environment from /home/runner/work/key/key/key.core/../key.ui/examples/heap/permissions/threads/Sampler_joinTransfer_accessible.key.proof 
556234     DEBUG main            d.u.i.k.p.i.AbstractProblemLoader Environment load took 888.51ns 
556235     INFO  main            d.u.i.k.p.i.AbstractProblemLoader Creating init config 
560452     DEBUG main            d.u.i.k.p.i.AbstractProblemLoader Init config took 4.22s 
560531     INFO  main            d.u.i.k.p.i.AbstractProblemLoader Replaying proof Sampler[ThreadSpec2::joinTransfer()].JML accessible clause.0 
561157     DEBUG main            d.u.i.k.p.i.IntermediateProofReplayer Proof replay took 617.59ms 
561158     DEBUG main            d.u.i.k.p.r.p.TestFile    ... success: reloaded. 
561159     INFO  main            d.u.i.k.p.r.p.TestFile    Now processing file /home/runner/work/key/key/key.core/../key.ui/examples/heap/permissions/threads/Sampler_joinTransfer_contract.key 
561160     INFO  main            d.u.i.k.p.i.AbstractProblemLoader Loading environment from /home/runner/work/key/key/key.core/../key.ui/examples/heap/permissions/threads/Sampler_joinTransfer_contract.key 
561160     DEBUG main            d.u.i.k.p.i.AbstractProblemLoader Environment load took 76.3ns 
561160     INFO  main            d.u.i.k.p.i.AbstractProblemLoader Creating init config 
565499     DEBUG main            d.u.i.k.p.i.AbstractProblemLoader Init config took 4.34s 
565579     INFO  main            d.u.i.k.p.i.AbstractProblemLoader Replaying proof Sampler[ThreadSpec2::joinTransfer()].JML model_behavior operation contract.0 
565581     DEBUG main            d.u.i.k.p.i.IntermediateProofReplayer Proof replay took 4.1ns 
565682     INFO  main            d.u.i.k.p.r.p.TestFile    ... finished proof: closed. 
566240     INFO  main            d.u.i.k.p.i.AbstractProblemLoader Loading environment from /home/runner/work/key/key/key.core/../key.ui/examples/heap/permissions/threads/Sampler_joinTransfer_contract.key.proof 
566240     DEBUG main            d.u.i.k.p.i.AbstractProblemLoader Environment load took 93ns 
566241     INFO  main            d.u.i.k.p.i.AbstractProblemLoader Creating init config 
570484     DEBUG main            d.u.i.k.p.i.AbstractProblemLoader Init config took 4.24s 
570564     INFO  main            d.u.i.k.p.i.AbstractProblemLoader Replaying proof Sampler[ThreadSpec2::joinTransfer()].JML model_behavior operation contract.0 
570574     DEBUG main            d.u.i.k.p.i.IntermediateProofReplayer Proof replay took 8.59ms 
570574     DEBUG main            d.u.i.k.p.r.p.TestFile    ... success: reloaded. 
570575     INFO  main            d.u.i.k.p.r.p.TestFile    Now processing file /home/runner/work/key/key/key.core/../key.ui/examples/heap/permissions/threads/Sampler_postJoin_accessible.key 
570575     INFO  main            d.u.i.k.p.i.AbstractProblemLoader Loading environment from /home/runner/work/key/key/key.core/../key.ui/examples/heap/permissions/threads/Sampler_postJoin_accessible.key 
570575     DEBUG main            d.u.i.k.p.i.AbstractProblemLoader Environment load took 45ns 
570576     INFO  main            d.u.i.k.p.i.AbstractProblemLoader Creating init config 
574894     DEBUG main            d.u.i.k.p.i.AbstractProblemLoader Init config took 4.32s 
574973     INFO  main            d.u.i.k.p.i.AbstractProblemLoader Replaying proof Sampler[ThreadSpec2::postJoin(java.lang.Object)].JML accessible clause.0 
574975     DEBUG main            d.u.i.k.p.i.IntermediateProofReplayer Proof replay took 3.5ns 
575076     INFO  main            d.u.i.k.p.r.p.TestFile    ... finished proof: closed. 
575636     INFO  main            d.u.i.k.p.i.AbstractProblemLoader Loading environment from /home/runner/work/key/key/key.core/../key.ui/examples/heap/permissions/threads/Sampler_postJoin_accessible.key.proof 
575636     DEBUG main            d.u.i.k.p.i.AbstractProblemLoader Environment load took 93.2ns 
575637     INFO  main            d.u.i.k.p.i.AbstractProblemLoader Creating init config 
579882     DEBUG main            d.u.i.k.p.i.AbstractProblemLoader Init config took 4.25s 
579962     INFO  main            d.u.i.k.p.i.AbstractProblemLoader Replaying proof Sampler[ThreadSpec2::postJoin(java.lang.Object)].JML accessible clause.0 
579971     DEBUG main            d.u.i.k.p.i.IntermediateProofReplayer Proof replay took 8.25ms 
579972     DEBUG main            d.u.i.k.p.r.p.TestFile    ... success: reloaded. 
579973     INFO  main            d.u.i.k.p.r.p.TestFile    Now processing file /home/runner/work/key/key/key.core/../key.ui/examples/heap/permissions/threads/Sampler_preStart_accessible.key 
579973     INFO  main            d.u.i.k.p.i.AbstractProblemLoader Loading environment from /home/runner/work/key/key/key.core/../key.ui/examples/heap/permissions/threads/Sampler_preStart_accessible.key 
579973     DEBUG main            d.u.i.k.p.i.AbstractProblemLoader Environment load took 88ns 
579974     INFO  main            d.u.i.k.p.i.AbstractProblemLoader Creating init config 
584288     DEBUG main            d.u.i.k.p.i.AbstractProblemLoader Init config took 4.31s 
584366     INFO  main            d.u.i.k.p.i.AbstractProblemLoader Replaying proof Sampler[ThreadSpec2::preStart(java.lang.Object)].JML accessible clause.0 
584368     DEBUG main            d.u.i.k.p.i.IntermediateProofReplayer Proof replay took 2.2ns 
584469     INFO  main            d.u.i.k.p.r.p.TestFile    ... finished proof: closed. 
585038     INFO  main            d.u.i.k.p.i.AbstractProblemLoader Loading environment from /home/runner/work/key/key/key.core/../key.ui/examples/heap/permissions/threads/Sampler_preStart_accessible.key.proof 
585038     DEBUG main            d.u.i.k.p.i.AbstractProblemLoader Environment load took 91.7ns 
585039     INFO  main            d.u.i.k.p.i.AbstractProblemLoader Creating init config 
589275     DEBUG main            d.u.i.k.p.i.AbstractProblemLoader Init config took 4.24s 
589353     INFO  main            d.u.i.k.p.i.AbstractProblemLoader Replaying proof Sampler[ThreadSpec2::preStart(java.lang.Object)].JML accessible clause.0 
589363     DEBUG main            d.u.i.k.p.i.IntermediateProofReplayer Proof replay took 8.32ms 
589363     DEBUG main            d.u.i.k.p.r.p.TestFile    ... success: reloaded. 
589364     INFO  main            d.u.i.k.p.r.p.TestFile    Now processing file /home/runner/work/key/key/key.core/../key.ui/examples/heap/permissions/threads/Sampler_run.key 
589364     INFO  main            d.u.i.k.p.i.AbstractProblemLoader Loading environment from /home/runner/work/key/key/key.core/../key.ui/examples/heap/permissions/threads/Sampler_run.key 
589364     DEBUG main            d.u.i.k.p.i.AbstractProblemLoader Environment load took 47.3ns 
589365     INFO  main            d.u.i.k.p.i.AbstractProblemLoader Creating init config 
593684     DEBUG main            d.u.i.k.p.i.AbstractProblemLoader Init config took 4.32s 
593780     INFO  main            d.u.i.k.p.i.AbstractProblemLoader Replaying proof Sampler[ThreadSpec2::run()].JML normal_behavior operation contract.0 
593781     DEBUG main            d.u.i.k.p.i.IntermediateProofReplayer Proof replay took 3.3ns 
593983     INFO  main            d.u.i.k.p.r.p.TestFile    ... finished proof: closed. 
594557     INFO  main            d.u.i.k.p.i.AbstractProblemLoader Loading environment from /home/runner/work/key/key/key.core/../key.ui/examples/heap/permissions/threads/Sampler_run.key.proof 
594557     DEBUG main            d.u.i.k.p.i.AbstractProblemLoader Environment load took 97ns 
594558     INFO  main            d.u.i.k.p.i.AbstractProblemLoader Creating init config 
598817     DEBUG main            d.u.i.k.p.i.AbstractProblemLoader Init config took 4.26s 
598897     INFO  main            d.u.i.k.p.i.AbstractProblemLoader Replaying proof Sampler[ThreadSpec2::run()].JML normal_behavior operation contract.0 
598954     DEBUG main            d.u.i.k.p.i.IntermediateProofReplayer Proof replay took 54.98ms 
598955     DEBUG main            d.u.i.k.p.r.p.TestFile    ... success: reloaded. 
598956     INFO  main            d.u.i.k.p.r.p.TestFile    Now processing file /home/runner/work/key/key/key.core/../key.ui/examples/heap/permissions/threads/Sampler_Sampler.key 
598956     INFO  main            d.u.i.k.p.i.AbstractProblemLoader Loading environment from /home/runner/work/key/key/key.core/../key.ui/examples/heap/permissions/threads/Sampler_Sampler.key 
598956     DEBUG main            d.u.i.k.p.i.AbstractProblemLoader Environment load took 60.8ns 
598957     INFO  main            d.u.i.k.p.i.AbstractProblemLoader Creating init config 
603332     DEBUG main            d.u.i.k.p.i.AbstractProblemLoader Init config took 4.37s 
603413     INFO  main            d.u.i.k.p.i.AbstractProblemLoader Replaying proof Sampler[Sampler::Sampler(Buffer)].JML normal_behavior operation contract.0 
603414     DEBUG main            d.u.i.k.p.i.IntermediateProofReplayer Proof replay took 4.6ns 
604017     INFO  main            d.u.i.k.p.r.p.TestFile    ... finished proof: closed. 
604634     INFO  main            d.u.i.k.p.i.AbstractProblemLoader Loading environment from /home/runner/work/key/key/key.core/../key.ui/examples/heap/permissions/threads/Sampler_Sampler.key.proof 
604634     DEBUG main            d.u.i.k.p.i.AbstractProblemLoader Environment load took 91.2ns 
604635     INFO  main            d.u.i.k.p.i.AbstractProblemLoader Creating init config 
608941     DEBUG main            d.u.i.k.p.i.AbstractProblemLoader Init config took 4.31s 
609020     INFO  main            d.u.i.k.p.i.AbstractProblemLoader Replaying proof Sampler[Sampler::Sampler(Buffer)].JML normal_behavior operation contract.0 
609105     DEBUG main            d.u.i.k.p.i.IntermediateProofReplayer Proof replay took 82.19ms 
609106     DEBUG main            d.u.i.k.p.r.p.TestFile    ... success: reloaded. 
609107     INFO  main            d.u.i.k.p.r.p.TestFile    Now processing file /home/runner/work/key/key/key.core/../key.ui/examples/heap/permissions/threads/Sampler_startTransfer_accessible.key 
609107     INFO  main            d.u.i.k.p.i.AbstractProblemLoader Loading environment from /home/runner/work/key/key/key.core/../key.ui/examples/heap/permissions/threads/Sampler_startTransfer_accessible.key 
609107     DEBUG main            d.u.i.k.p.i.AbstractProblemLoader Environment load took 72.4ns 
609108     INFO  main            d.u.i.k.p.i.AbstractProblemLoader Creating init config 
613516     DEBUG main            d.u.i.k.p.i.AbstractProblemLoader Init config took 4.41s 
613612     INFO  main            d.u.i.k.p.i.AbstractProblemLoader Replaying proof Sampler[ThreadSpec2::startTransfer()].JML accessible clause.0 
613613     DEBUG main            d.u.i.k.p.i.IntermediateProofReplayer Proof replay took 2.8ns 
617971     INFO  main            d.u.i.k.p.r.p.TestFile    ... finished proof: closed. 
618564     INFO  main            d.u.i.k.p.i.AbstractProblemLoader Loading environment from /home/runner/work/key/key/key.core/../key.ui/examples/heap/permissions/threads/Sampler_startTransfer_accessible.key.proof 
618564     DEBUG main            d.u.i.k.p.i.AbstractProblemLoader Environment load took 91.6ns 
618565     INFO  main            d.u.i.k.p.i.AbstractProblemLoader Creating init config 
622849     DEBUG main            d.u.i.k.p.i.AbstractProblemLoader Init config took 4.28s 
622928     INFO  main            d.u.i.k.p.i.AbstractProblemLoader Replaying proof Sampler[ThreadSpec2::startTransfer()].JML accessible clause.0 
623532     DEBUG main            d.u.i.k.p.i.IntermediateProofReplayer Proof replay took 594.76ms 
623533     DEBUG main            d.u.i.k.p.r.p.TestFile    ... success: reloaded. 
623534     INFO  main            d.u.i.k.p.r.p.TestFile    Now processing file /home/runner/work/key/key/key.core/../key.ui/examples/heap/permissions/threads/Sampler_startTransfer_contract.key 
623534     INFO  main            d.u.i.k.p.i.AbstractProblemLoader Loading environment from /home/runner/work/key/key/key.core/../key.ui/examples/heap/permissions/threads/Sampler_startTransfer_contract.key 
623534     DEBUG main            d.u.i.k.p.i.AbstractProblemLoader Environment load took 44.5ns 
623535     INFO  main            d.u.i.k.p.i.AbstractProblemLoader Creating init config 
627846     DEBUG main            d.u.i.k.p.i.AbstractProblemLoader Init config took 4.31s 
627942     INFO  main            d.u.i.k.p.i.AbstractProblemLoader Replaying proof Sampler[ThreadSpec2::startTransfer()].JML model_behavior operation contract.0 
627946     DEBUG main            d.u.i.k.p.i.IntermediateProofReplayer Proof replay took 2.6ns 
628048     INFO  main            d.u.i.k.p.r.p.TestFile    ... finished proof: closed. 
628645     INFO  main            d.u.i.k.p.i.AbstractProblemLoader Loading environment from /home/runner/work/key/key/key.core/../key.ui/examples/heap/permissions/threads/Sampler_startTransfer_contract.key.proof 
628646     DEBUG main            d.u.i.k.p.i.AbstractProblemLoader Environment load took 84.9ns 
628646     INFO  main            d.u.i.k.p.i.AbstractProblemLoader Creating init config 
632863     DEBUG main            d.u.i.k.p.i.AbstractProblemLoader Init config took 4.22s 
632957     INFO  main            d.u.i.k.p.i.AbstractProblemLoader Replaying proof Sampler[ThreadSpec2::startTransfer()].JML model_behavior operation contract.0 
632965     DEBUG main            d.u.i.k.p.i.IntermediateProofReplayer Proof replay took 6.64ms 
632966     DEBUG main            d.u.i.k.p.r.p.TestFile    ... success: reloaded. 
632967     INFO  main            d.u.i.k.p.r.p.TestFile    Now processing file /home/runner/work/key/key/key.core/../key.ui/examples/heap/permissions/threads/Sampler_stateInv_accessible.key 
632967     INFO  main            d.u.i.k.p.i.AbstractProblemLoader Loading environment from /home/runner/work/key/key/key.core/../key.ui/examples/heap/permissions/threads/Sampler_stateInv_accessible.key 
632967     DEBUG main            d.u.i.k.p.i.AbstractProblemLoader Environment load took 45.4ns 
632968     INFO  main            d.u.i.k.p.i.AbstractProblemLoader Creating init config 
637261     DEBUG main            d.u.i.k.p.i.AbstractProblemLoader Init config took 4.29s 
637340     INFO  main            d.u.i.k.p.i.AbstractProblemLoader Replaying proof Sampler[ThreadSpec2::stateInv()].JML accessible clause.0 
637341     DEBUG main            d.u.i.k.p.i.IntermediateProofReplayer Proof replay took 3.1ns 
637443     INFO  main            d.u.i.k.p.r.p.TestFile    ... finished proof: closed. 
638051     INFO  main            d.u.i.k.p.i.AbstractProblemLoader Loading environment from /home/runner/work/key/key/key.core/../key.ui/examples/heap/permissions/threads/Sampler_stateInv_accessible.key.proof 
638051     DEBUG main            d.u.i.k.p.i.AbstractProblemLoader Environment load took 83.9ns 
638052     INFO  main            d.u.i.k.p.i.AbstractProblemLoader Creating init config 
642265     DEBUG main            d.u.i.k.p.i.AbstractProblemLoader Init config took 4.21s 
642356     INFO  main            d.u.i.k.p.i.AbstractProblemLoader Replaying proof Sampler[ThreadSpec2::stateInv()].JML accessible clause.0 
642365     DEBUG main            d.u.i.k.p.i.IntermediateProofReplayer Proof replay took 6.43ms 
642368     DEBUG main            d.u.i.k.p.r.p.TestFile    ... success: reloaded. 
642369     INFO  main            d.u.i.k.p.r.p.TestFile    Now processing file /home/runner/work/key/key/key.core/../key.ui/examples/heap/permissions/threads/Sampler_staticPermissions_accessible.key 
642370     INFO  main            d.u.i.k.p.i.AbstractProblemLoader Loading environment from /home/runner/work/key/key/key.core/../key.ui/examples/heap/permissions/threads/Sampler_staticPermissions_accessible.key 
642370     DEBUG main            d.u.i.k.p.i.AbstractProblemLoader Environment load took 146.8ns 
642373     INFO  main            d.u.i.k.p.i.AbstractProblemLoader Creating init config 
646676     DEBUG main            d.u.i.k.p.i.AbstractProblemLoader Init config took 4.3s 
646754     INFO  main            d.u.i.k.p.i.AbstractProblemLoader Replaying proof Sampler[ThreadSpec2::staticPermissions()].JML accessible clause.0 
646755     DEBUG main            d.u.i.k.p.i.IntermediateProofReplayer Proof replay took 2.7ns 
646858     INFO  main            d.u.i.k.p.r.p.TestFile    ... finished proof: closed. 
647462     INFO  main            d.u.i.k.p.i.AbstractProblemLoader Loading environment from /home/runner/work/key/key/key.core/../key.ui/examples/heap/permissions/threads/Sampler_staticPermissions_accessible.key.proof 
647462     DEBUG main            d.u.i.k.p.i.AbstractProblemLoader Environment load took 92.5ns 
647463     INFO  main            d.u.i.k.p.i.AbstractProblemLoader Creating init config 
651677     DEBUG main            d.u.i.k.p.i.AbstractProblemLoader Init config took 4.21s 
651768     INFO  main            d.u.i.k.p.i.AbstractProblemLoader Replaying proof Sampler[ThreadSpec2::staticPermissions()].JML accessible clause.0 
651772     DEBUG main            d.u.i.k.p.i.IntermediateProofReplayer Proof replay took 3.44ms 
651773     DEBUG main            d.u.i.k.p.r.p.TestFile    ... success: reloaded. 
651774     INFO  main            d.u.i.k.p.r.p.TestFile    Now processing file /home/runner/work/key/key/key.core/../key.ui/examples/heap/permissions/threads/Sampler_workingPermissions_accessible.key 
651774     INFO  main            d.u.i.k.p.i.AbstractProblemLoader Loading environment from /home/runner/work/key/key/key.core/../key.ui/examples/heap/permissions/threads/Sampler_workingPermissions_accessible.key 
651774     DEBUG main            d.u.i.k.p.i.AbstractProblemLoader Environment load took 57.4ns 
651775     INFO  main            d.u.i.k.p.i.AbstractProblemLoader Creating init config 
656063     DEBUG main            d.u.i.k.p.i.AbstractProblemLoader Init config took 4.29s 
656141     INFO  main            d.u.i.k.p.i.AbstractProblemLoader Replaying proof Sampler[ThreadSpec2::workingPermissions()].JML accessible clause.0 
656143     DEBUG main            d.u.i.k.p.i.IntermediateProofReplayer Proof replay took 2.3ns 
656244     INFO  main            d.u.i.k.p.r.p.TestFile    ... finished proof: closed. 
656854     INFO  main            d.u.i.k.p.i.AbstractProblemLoader Loading environment from /home/runner/work/key/key/key.core/../key.ui/examples/heap/permissions/threads/Sampler_workingPermissions_accessible.key.proof 
656854     DEBUG main            d.u.i.k.p.i.AbstractProblemLoader Environment load took 84.4ns 
656855     INFO  main            d.u.i.k.p.i.AbstractProblemLoader Creating init config 
661087     DEBUG main            d.u.i.k.p.i.AbstractProblemLoader Init config took 4.23s 
661165     INFO  main            d.u.i.k.p.i.AbstractProblemLoader Replaying proof Sampler[ThreadSpec2::workingPermissions()].JML accessible clause.0 
661171     DEBUG main            d.u.i.k.p.i.IntermediateProofReplayer Proof replay took 4.74ms 
661172     DEBUG main            d.u.i.k.p.r.p.TestFile    ... success: reloaded. 
661172     INFO  main            d.u.i.k.p.r.p.TestFile    Now processing file /home/runner/work/key/key/key.core/../key.ui/examples/heap/permissions/mulleretal/ReadWrite_doRead_contract.key 
661173     INFO  main            d.u.i.k.p.i.AbstractProblemLoader Loading environment from /home/runner/work/key/key/key.core/../key.ui/examples/heap/permissions/mulleretal/ReadWrite_doRead_contract.key 
661173     DEBUG main            d.u.i.k.p.i.AbstractProblemLoader Environment load took 40.4ns 
661173     INFO  main            d.u.i.k.p.i.AbstractProblemLoader Creating init config 
663625     DEBUG main            d.u.i.k.p.i.AbstractProblemLoader Init config took 2.45s 
663658     INFO  main            d.u.i.k.p.i.AbstractProblemLoader Replaying proof ReadWrite[ReadWrite::doRead()].JML normal_behavior operation contract.0 
663660     DEBUG main            d.u.i.k.p.i.IntermediateProofReplayer Proof replay took 2.4ns 
665271     INFO  main            d.u.i.k.p.r.p.TestFile    ... finished proof: closed. 
665928     INFO  main            d.u.i.k.p.i.AbstractProblemLoader Loading environment from /home/runner/work/key/key/key.core/../key.ui/examples/heap/permissions/mulleretal/ReadWrite_doRead_contract.key.proof 
665928     DEBUG main            d.u.i.k.p.i.AbstractProblemLoader Environment load took 89.5ns 
665929     INFO  main            d.u.i.k.p.i.AbstractProblemLoader Creating init config 
668333     DEBUG main            d.u.i.k.p.i.AbstractProblemLoader Init config took 2.4s 
668366     INFO  main            d.u.i.k.p.i.AbstractProblemLoader Replaying proof ReadWrite[ReadWrite::doRead()].JML normal_behavior operation contract.0 
668726     DEBUG main            d.u.i.k.p.i.IntermediateProofReplayer Proof replay took 354.98ms 
668727     DEBUG main            d.u.i.k.p.r.p.TestFile    ... success: reloaded. 
668727     INFO  main            d.u.i.k.p.r.p.TestFile    Now processing file /home/runner/work/key/key/key.core/../key.ui/examples/heap/permissions/mulleretal/ReadWrite_doWrite_contract.key 
668727     INFO  main            d.u.i.k.p.i.AbstractProblemLoader Loading environment from /home/runner/work/key/key/key.core/../key.ui/examples/heap/permissions/mulleretal/ReadWrite_doWrite_contract.key 
668727     DEBUG main            d.u.i.k.p.i.AbstractProblemLoader Environment load took 44ns 
668728     INFO  main            d.u.i.k.p.i.AbstractProblemLoader Creating init config 
671210     DEBUG main            d.u.i.k.p.i.AbstractProblemLoader Init config took 2.48s 
671243     INFO  main            d.u.i.k.p.i.AbstractProblemLoader Replaying proof ReadWrite[ReadWrite::doWrite()].JML normal_behavior operation contract.0 
671244     DEBUG main            d.u.i.k.p.i.IntermediateProofReplayer Proof replay took 2.1ns 
672950     INFO  main            d.u.i.k.p.r.p.TestFile    ... finished proof: closed. 
673613     INFO  main            d.u.i.k.p.i.AbstractProblemLoader Loading environment from /home/runner/work/key/key/key.core/../key.ui/examples/heap/permissions/mulleretal/ReadWrite_doWrite_contract.key.proof 
673614     DEBUG main            d.u.i.k.p.i.AbstractProblemLoader Environment load took 337.81ns 
673615     INFO  main            d.u.i.k.p.i.AbstractProblemLoader Creating init config 
676015     DEBUG main            d.u.i.k.p.i.AbstractProblemLoader Init config took 2.4s 
676048     INFO  main            d.u.i.k.p.i.AbstractProblemLoader Replaying proof ReadWrite[ReadWrite::doWrite()].JML normal_behavior operation contract.0 
676455     DEBUG main            d.u.i.k.p.i.IntermediateProofReplayer Proof replay took 402.54ms 
676456     DEBUG main            d.u.i.k.p.r.p.TestFile    ... success: reloaded. 
676457     INFO  main            d.u.i.k.p.r.p.TestFile    Now processing file /home/runner/work/key/key/key.core/../key.ui/examples/heap/permissions/mulleretal/ReadWrite_read_contract.key 
676457     INFO  main            d.u.i.k.p.i.AbstractProblemLoader Loading environment from /home/runner/work/key/key/key.core/../key.ui/examples/heap/permissions/mulleretal/ReadWrite_read_contract.key 
676457     DEBUG main            d.u.i.k.p.i.AbstractProblemLoader Environment load took 94.6ns 
676458     INFO  main            d.u.i.k.p.i.AbstractProblemLoader Creating init config 
678895     DEBUG main            d.u.i.k.p.i.AbstractProblemLoader Init config took 2.44s 
678928     INFO  main            d.u.i.k.p.i.AbstractProblemLoader Replaying proof ReadWrite[ReadWrite::read()].JML normal_behavior operation contract.0 
678929     DEBUG main            d.u.i.k.p.i.IntermediateProofReplayer Proof replay took 3.7ns 
679033     INFO  main            d.u.i.k.p.r.p.TestFile    ... finished proof: closed. 
679658     INFO  main            d.u.i.k.p.i.AbstractProblemLoader Loading environment from /home/runner/work/key/key/key.core/../key.ui/examples/heap/permissions/mulleretal/ReadWrite_read_contract.key.proof 
679658     DEBUG main            d.u.i.k.p.i.AbstractProblemLoader Environment load took 80.6ns 
679659     INFO  main            d.u.i.k.p.i.AbstractProblemLoader Creating init config 
682046     DEBUG main            d.u.i.k.p.i.AbstractProblemLoader Init config took 2.39s 
682079     INFO  main            d.u.i.k.p.i.AbstractProblemLoader Replaying proof ReadWrite[ReadWrite::read()].JML normal_behavior operation contract.0 
682087     DEBUG main            d.u.i.k.p.i.IntermediateProofReplayer Proof replay took 6.62ms 
682087     DEBUG main            d.u.i.k.p.r.p.TestFile    ... success: reloaded. 
682088     INFO  main            d.u.i.k.p.r.p.TestFile    Now processing file /home/runner/work/key/key/key.core/../key.ui/examples/heap/permissions/mulleretal/ReadWrite_write_contract.key 
682088     INFO  main            d.u.i.k.p.i.AbstractProblemLoader Loading environment from /home/runner/work/key/key/key.core/../key.ui/examples/heap/permissions/mulleretal/ReadWrite_write_contract.key 
682088     DEBUG main            d.u.i.k.p.i.AbstractProblemLoader Environment load took 53.5ns 
682089     INFO  main            d.u.i.k.p.i.AbstractProblemLoader Creating init config 
684528     DEBUG main            d.u.i.k.p.i.AbstractProblemLoader Init config took 2.44s 
684561     INFO  main            d.u.i.k.p.i.AbstractProblemLoader Replaying proof ReadWrite[ReadWrite::write()].JML normal_behavior operation contract.0 
684562     DEBUG main            d.u.i.k.p.i.IntermediateProofReplayer Proof replay took 2.3ns 
684666     INFO  main            d.u.i.k.p.r.p.TestFile    ... finished proof: closed. 
685291     INFO  main            d.u.i.k.p.i.AbstractProblemLoader Loading environment from /home/runner/work/key/key/key.core/../key.ui/examples/heap/permissions/mulleretal/ReadWrite_write_contract.key.proof 
685291     DEBUG main            d.u.i.k.p.i.AbstractProblemLoader Environment load took 82.8ns 
685292     INFO  main            d.u.i.k.p.i.AbstractProblemLoader Creating init config 
687680     DEBUG main            d.u.i.k.p.i.AbstractProblemLoader Init config took 2.39s 
687713     INFO  main            d.u.i.k.p.i.AbstractProblemLoader Replaying proof ReadWrite[ReadWrite::write()].JML normal_behavior operation contract.0 
687739     DEBUG main            d.u.i.k.p.i.IntermediateProofReplayer Proof replay took 23.89ms 
687739     DEBUG main            d.u.i.k.p.r.p.TestFile    ... success: reloaded. 
687740     INFO  main            d.u.i.k.p.r.p.TestFile    Now processing file /home/runner/work/key/key/key.core/../key.ui/examples/heap/permissions/mulleretal/ReadWrite_inv1_accessible.key 
687740     INFO  main            d.u.i.k.p.i.AbstractProblemLoader Loading environment from /home/runner/work/key/key/key.core/../key.ui/examples/heap/permissions/mulleretal/ReadWrite_inv1_accessible.key 
687740     DEBUG main            d.u.i.k.p.i.AbstractProblemLoader Environment load took 59.5ns 
687741     INFO  main            d.u.i.k.p.i.AbstractProblemLoader Creating init config 
690201     DEBUG main            d.u.i.k.p.i.AbstractProblemLoader Init config took 2.46s 
690234     INFO  main            d.u.i.k.p.i.AbstractProblemLoader Replaying proof ReadWrite[java.lang.Object::<inv>()].JML accessible clause.0 
690235     DEBUG main            d.u.i.k.p.i.IntermediateProofReplayer Proof replay took 3.2ns 
690336     INFO  main            d.u.i.k.p.r.p.TestFile    ... finished proof: closed. 
690968     INFO  main            d.u.i.k.p.i.AbstractProblemLoader Loading environment from /home/runner/work/key/key/key.core/../key.ui/examples/heap/permissions/mulleretal/ReadWrite_inv1_accessible.key.proof 
690968     DEBUG main            d.u.i.k.p.i.AbstractProblemLoader Environment load took 83.8ns 
690969     INFO  main            d.u.i.k.p.i.AbstractProblemLoader Creating init config 
693351     DEBUG main            d.u.i.k.p.i.AbstractProblemLoader Init config took 2.38s 
693382     INFO  main            d.u.i.k.p.i.AbstractProblemLoader Replaying proof ReadWrite[java.lang.Object::<inv>()].JML accessible clause.0 
693385     DEBUG main            d.u.i.k.p.i.IntermediateProofReplayer Proof replay took 1.52ms 
693386     DEBUG main            d.u.i.k.p.r.p.TestFile    ... success: reloaded. 
693386     INFO  main            d.u.i.k.p.r.p.TestFile    Now processing file /home/runner/work/key/key/key.core/../key.ui/examples/heap/permissions/mulleretal/ReadWrite_inv2_accessible.key 
693387     INFO  main            d.u.i.k.p.i.AbstractProblemLoader Loading environment from /home/runner/work/key/key/key.core/../key.ui/examples/heap/permissions/mulleretal/ReadWrite_inv2_accessible.key 
693387     DEBUG main            d.u.i.k.p.i.AbstractProblemLoader Environment load took 63.1ns 
693387     INFO  main            d.u.i.k.p.i.AbstractProblemLoader Creating init config 
695817     DEBUG main            d.u.i.k.p.i.AbstractProblemLoader Init config took 2.43s 
695849     INFO  main            d.u.i.k.p.i.AbstractProblemLoader Replaying proof ReadWrite[java.lang.Object::<inv>()].JML accessible clause.1 
695850     DEBUG main            d.u.i.k.p.i.IntermediateProofReplayer Proof replay took 2.5ns 
695951     INFO  main            d.u.i.k.p.r.p.TestFile    ... finished proof: closed. 
696583     INFO  main            d.u.i.k.p.i.AbstractProblemLoader Loading environment from /home/runner/work/key/key/key.core/../key.ui/examples/heap/permissions/mulleretal/ReadWrite_inv2_accessible.key.proof 
696583     DEBUG main            d.u.i.k.p.i.AbstractProblemLoader Environment load took 76ns 
696583     INFO  main            d.u.i.k.p.i.AbstractProblemLoader Creating init config 
698974     DEBUG main            d.u.i.k.p.i.AbstractProblemLoader Init config took 2.39s 
699006     INFO  main            d.u.i.k.p.i.AbstractProblemLoader Replaying proof ReadWrite[java.lang.Object::<inv>()].JML accessible clause.1 
699008     DEBUG main            d.u.i.k.p.i.IntermediateProofReplayer Proof replay took 1.54ms 
699009     DEBUG main            d.u.i.k.p.r.p.TestFile    ... success: reloaded. 
699010     INFO  main            d.u.i.k.p.r.p.TestFile    Now processing file /home/runner/work/key/key/key.core/../key.ui/examples/heap/permissions/lockspec/Counter_lockConsistent_contract.key 
699010     INFO  main            d.u.i.k.p.i.AbstractProblemLoader Loading environment from /home/runner/work/key/key/key.core/../key.ui/examples/heap/permissions/lockspec/Counter_lockConsistent_contract.key 
699010     DEBUG main            d.u.i.k.p.i.AbstractProblemLoader Environment load took 39.9ns 
699011     INFO  main            d.u.i.k.p.i.AbstractProblemLoader Creating init config 
701977     DEBUG main            d.u.i.k.p.i.AbstractProblemLoader Init config took 2.97s 
702030     INFO  main            d.u.i.k.p.i.AbstractProblemLoader Replaying proof Counter[LockSpec::lockConsistent()].JML model_behavior operation contract.0 
702031     DEBUG main            d.u.i.k.p.i.IntermediateProofReplayer Proof replay took 3.5ns 
703037     INFO  main            d.u.i.k.p.r.p.TestFile    ... finished proof: closed. 
703683     INFO  main            d.u.i.k.p.i.AbstractProblemLoader Loading environment from /home/runner/work/key/key/key.core/../key.ui/examples/heap/permissions/lockspec/Counter_lockConsistent_contract.key.proof 
703683     DEBUG main            d.u.i.k.p.i.AbstractProblemLoader Environment load took 161.9ns 
703684     INFO  main            d.u.i.k.p.i.AbstractProblemLoader Creating init config 
706492     DEBUG main            d.u.i.k.p.i.AbstractProblemLoader Init config took 2.81s 
706544     INFO  main            d.u.i.k.p.i.AbstractProblemLoader Replaying proof Counter[LockSpec::lockConsistent()].JML model_behavior operation contract.0 
706697     DEBUG main            d.u.i.k.p.i.IntermediateProofReplayer Proof replay took 146.57ms 
706698     DEBUG main            d.u.i.k.p.r.p.TestFile    ... success: reloaded. 
706699     INFO  main            d.u.i.k.p.r.p.TestFile    Now processing file /home/runner/work/key/key/key.core/../key.ui/examples/heap/permissions/lockspec/Counter_increase_contract.key 
706700     INFO  main            d.u.i.k.p.i.AbstractProblemLoader Loading environment from /home/runner/work/key/key/key.core/../key.ui/examples/heap/permissions/lockspec/Counter_increase_contract.key 
706700     DEBUG main            d.u.i.k.p.i.AbstractProblemLoader Environment load took 159.2ns 
706701     INFO  main            d.u.i.k.p.i.AbstractProblemLoader Creating init config 
709575     DEBUG main            d.u.i.k.p.i.AbstractProblemLoader Init config took 2.87s 
709628     INFO  main            d.u.i.k.p.i.AbstractProblemLoader Replaying proof Counter[Counter::increase()].JML normal_behavior operation contract.0 
709633     DEBUG main            d.u.i.k.p.i.IntermediateProofReplayer Proof replay took 2.3ns 
711147     INFO  main            d.u.i.k.p.r.p.TestFile    ... finished proof: closed. 
711833     INFO  main            d.u.i.k.p.i.AbstractProblemLoader Loading environment from /home/runner/work/key/key/key.core/../key.ui/examples/heap/permissions/lockspec/Counter_increase_contract.key.proof 
711834     DEBUG main            d.u.i.k.p.i.AbstractProblemLoader Environment load took 326.71ns 
711835     INFO  main            d.u.i.k.p.i.AbstractProblemLoader Creating init config 
714647     DEBUG main            d.u.i.k.p.i.AbstractProblemLoader Init config took 2.81s 
714695     INFO  main            d.u.i.k.p.i.AbstractProblemLoader Replaying proof Counter[Counter::increase()].JML normal_behavior operation contract.0 
714967     DEBUG main            d.u.i.k.p.i.IntermediateProofReplayer Proof replay took 258.45ms 
714969     DEBUG main            d.u.i.k.p.r.p.TestFile    ... success: reloaded. 
714970     INFO  main            d.u.i.k.p.r.p.TestFile    Now processing file /home/runner/work/key/key/key.core/../key.ui/examples/heap/permissions/lockspec/Counter_fp_accessible.key 
714970     INFO  main            d.u.i.k.p.i.AbstractProblemLoader Loading environment from /home/runner/work/key/key/key.core/../key.ui/examples/heap/permissions/lockspec/Counter_fp_accessible.key 
714970     DEBUG main            d.u.i.k.p.i.AbstractProblemLoader Environment load took 140.7ns 
714971     INFO  main            d.u.i.k.p.i.AbstractProblemLoader Creating init config 
717818     DEBUG main            d.u.i.k.p.i.AbstractProblemLoader Init config took 2.85s 
717883     INFO  main            d.u.i.k.p.i.AbstractProblemLoader Replaying proof Counter[LockSpec::fp()].JML accessible clause.0 
717885     DEBUG main            d.u.i.k.p.i.IntermediateProofReplayer Proof replay took 2.2ns 
717986     INFO  main            d.u.i.k.p.r.p.TestFile    ... finished proof: closed. 
718637     INFO  main            d.u.i.k.p.i.AbstractProblemLoader Loading environment from /home/runner/work/key/key/key.core/../key.ui/examples/heap/permissions/lockspec/Counter_fp_accessible.key.proof 
718637     DEBUG main            d.u.i.k.p.i.AbstractProblemLoader Environment load took 92.6ns 
718638     INFO  main            d.u.i.k.p.i.AbstractProblemLoader Creating init config 
721461     DEBUG main            d.u.i.k.p.i.AbstractProblemLoader Init config took 2.82s 
721512     INFO  main            d.u.i.k.p.i.AbstractProblemLoader Replaying proof Counter[LockSpec::fp()].JML accessible clause.0 
721522     DEBUG main            d.u.i.k.p.i.IntermediateProofReplayer Proof replay took 8.14ms 
721522     DEBUG main            d.u.i.k.p.r.p.TestFile    ... success: reloaded. 
721523     INFO  main            d.u.i.k.p.r.p.TestFile    Now processing file /home/runner/work/key/key/key.core/../key.ui/examples/heap/permissions/lockspec/Counter_fpLock_accessible.key 
721523     INFO  main            d.u.i.k.p.i.AbstractProblemLoader Loading environment from /home/runner/work/key/key/key.core/../key.ui/examples/heap/permissions/lockspec/Counter_fpLock_accessible.key 
721523     DEBUG main            d.u.i.k.p.i.AbstractProblemLoader Environment load took 89ns 
721524     INFO  main            d.u.i.k.p.i.AbstractProblemLoader Creating init config 
724397     DEBUG main            d.u.i.k.p.i.AbstractProblemLoader Init config took 2.87s 
724448     INFO  main            d.u.i.k.p.i.AbstractProblemLoader Replaying proof Counter[LockSpec::fpLock()].JML accessible clause.0 
724449     DEBUG main            d.u.i.k.p.i.IntermediateProofReplayer Proof replay took 2.8ns 
724550     INFO  main            d.u.i.k.p.r.p.TestFile    ... finished proof: closed. 
725275     INFO  main            d.u.i.k.p.i.AbstractProblemLoader Loading environment from /home/runner/work/key/key/key.core/../key.ui/examples/heap/permissions/lockspec/Counter_fpLock_accessible.key.proof 
725276     DEBUG main            d.u.i.k.p.i.AbstractProblemLoader Environment load took 81.4ns 
725276     INFO  main            d.u.i.k.p.i.AbstractProblemLoader Creating init config 
728095     DEBUG main            d.u.i.k.p.i.AbstractProblemLoader Init config took 2.82s 
728145     INFO  main            d.u.i.k.p.i.AbstractProblemLoader Replaying proof Counter[LockSpec::fpLock()].JML accessible clause.0 
728154     DEBUG main            d.u.i.k.p.i.IntermediateProofReplayer Proof replay took 7.8ms 
728155     DEBUG main            d.u.i.k.p.r.p.TestFile    ... success: reloaded. 
728155     INFO  main            d.u.i.k.p.r.p.TestFile    Now processing file /home/runner/work/key/key/key.core/../key.ui/examples/heap/permissions/lockspec/Counter_fpPerm_accessible.key 
728156     INFO  main            d.u.i.k.p.i.AbstractProblemLoader Loading environment from /home/runner/work/key/key/key.core/../key.ui/examples/heap/permissions/lockspec/Counter_fpPerm_accessible.key 
728156     DEBUG main            d.u.i.k.p.i.AbstractProblemLoader Environment load took 74.9ns 
728156     INFO  main            d.u.i.k.p.i.AbstractProblemLoader Creating init config 
731024     DEBUG main            d.u.i.k.p.i.AbstractProblemLoader Init config took 2.87s 
731074     INFO  main            d.u.i.k.p.i.AbstractProblemLoader Replaying proof Counter[LockSpec::fpPerm()].JML accessible clause.0 
731075     DEBUG main            d.u.i.k.p.i.IntermediateProofReplayer Proof replay took 2.3ns 
731180     INFO  main            d.u.i.k.p.r.p.TestFile    ... finished proof: closed. 
731864     INFO  main            d.u.i.k.p.i.AbstractProblemLoader Loading environment from /home/runner/work/key/key/key.core/../key.ui/examples/heap/permissions/lockspec/Counter_fpPerm_accessible.key.proof 
731864     DEBUG main            d.u.i.k.p.i.AbstractProblemLoader Environment load took 77.1ns 
731865     INFO  main            d.u.i.k.p.i.AbstractProblemLoader Creating init config 
734841     DEBUG main            d.u.i.k.p.i.AbstractProblemLoader Init config took 2.98s 
734902     INFO  main            d.u.i.k.p.i.AbstractProblemLoader Replaying proof Counter[LockSpec::fpPerm()].JML accessible clause.0 
734912     DEBUG main            d.u.i.k.p.i.IntermediateProofReplayer Proof replay took 8.33ms 
734913     DEBUG main            d.u.i.k.p.r.p.TestFile    ... success: reloaded. 
734914     INFO  main            d.u.i.k.p.r.p.TestFile    Now processing file /home/runner/work/key/key/key.core/../key.ui/examples/heap/permissions/lockspec/Counter_inv_accessible1.key 
734915     INFO  main            d.u.i.k.p.i.AbstractProblemLoader Loading environment from /home/runner/work/key/key/key.core/../key.ui/examples/heap/permissions/lockspec/Counter_inv_accessible1.key 
734915     DEBUG main            d.u.i.k.p.i.AbstractProblemLoader Environment load took 198.1ns 
734916     INFO  main            d.u.i.k.p.i.AbstractProblemLoader Creating init config 
737919     DEBUG main            d.u.i.k.p.i.AbstractProblemLoader Init config took 3s 
737971     INFO  main            d.u.i.k.p.i.AbstractProblemLoader Replaying proof Counter[java.lang.Object::<inv>()].JML accessible clause.0 
737972     DEBUG main            d.u.i.k.p.i.IntermediateProofReplayer Proof replay took 3.2ns 
738074     INFO  main            d.u.i.k.p.r.p.TestFile    ... finished proof: closed. 
738749     INFO  main            d.u.i.k.p.i.AbstractProblemLoader Loading environment from /home/runner/work/key/key/key.core/../key.ui/examples/heap/permissions/lockspec/Counter_inv_accessible1.key.proof 
738749     DEBUG main            d.u.i.k.p.i.AbstractProblemLoader Environment load took 74.9ns 
738750     INFO  main            d.u.i.k.p.i.AbstractProblemLoader Creating init config 
741703     DEBUG main            d.u.i.k.p.i.AbstractProblemLoader Init config took 2.95s 
741762     INFO  main            d.u.i.k.p.i.AbstractProblemLoader Replaying proof Counter[java.lang.Object::<inv>()].JML accessible clause.0 
741775     DEBUG main            d.u.i.k.p.i.IntermediateProofReplayer Proof replay took 11.26ms 
741776     DEBUG main            d.u.i.k.p.r.p.TestFile    ... success: reloaded. 
741776     INFO  main            d.u.i.k.p.r.p.TestFile    Now processing file /home/runner/work/key/key/key.core/../key.ui/examples/heap/permissions/lockspec/Counter_inv_accessible2.key 
741777     INFO  main            d.u.i.k.p.i.AbstractProblemLoader Loading environment from /home/runner/work/key/key/key.core/../key.ui/examples/heap/permissions/lockspec/Counter_inv_accessible2.key 
741777     DEBUG main            d.u.i.k.p.i.AbstractProblemLoader Environment load took 144ns 
741778     INFO  main            d.u.i.k.p.i.AbstractProblemLoader Creating init config 
744747     DEBUG main            d.u.i.k.p.i.AbstractProblemLoader Init config took 2.97s 
744798     INFO  main            d.u.i.k.p.i.AbstractProblemLoader Replaying proof Counter[java.lang.Object::<inv>()].JML accessible clause.1 
744799     DEBUG main            d.u.i.k.p.i.IntermediateProofReplayer Proof replay took 3.3ns 
744900     INFO  main            d.u.i.k.p.r.p.TestFile    ... finished proof: closed. 
745581     INFO  main            d.u.i.k.p.i.AbstractProblemLoader Loading environment from /home/runner/work/key/key/key.core/../key.ui/examples/heap/permissions/lockspec/Counter_inv_accessible2.key.proof 
745582     DEBUG main            d.u.i.k.p.i.AbstractProblemLoader Environment load took 73.9ns 
745582     INFO  main            d.u.i.k.p.i.AbstractProblemLoader Creating init config 
748481     DEBUG main            d.u.i.k.p.i.AbstractProblemLoader Init config took 2.9s 
748538     INFO  main            d.u.i.k.p.i.AbstractProblemLoader Replaying proof Counter[java.lang.Object::<inv>()].JML accessible clause.1 
748550     DEBUG main            d.u.i.k.p.i.IntermediateProofReplayer Proof replay took 10.74ms 
748551     DEBUG main            d.u.i.k.p.r.p.TestFile    ... success: reloaded. 
748552     INFO  main            d.u.i.k.p.r.p.TestFile    Now processing file /home/runner/work/key/key/key.core/../key.ui/examples/heap/permissions/lockspec/Counter_lockRef_accessible.key 
748552     INFO  main            d.u.i.k.p.i.AbstractProblemLoader Loading environment from /home/runner/work/key/key/key.core/../key.ui/examples/heap/permissions/lockspec/Counter_lockRef_accessible.key 
748552     DEBUG main            d.u.i.k.p.i.AbstractProblemLoader Environment load took 140.4ns 
748553     INFO  main            d.u.i.k.p.i.AbstractProblemLoader Creating init config 
751562     DEBUG main            d.u.i.k.p.i.AbstractProblemLoader Init config took 3.01s 
751630     INFO  main            d.u.i.k.p.i.AbstractProblemLoader Replaying proof Counter[LockSpec::lockRef()].JML accessible clause.0 
751632     DEBUG main            d.u.i.k.p.i.IntermediateProofReplayer Proof replay took 2.8ns 
751834     INFO  main            d.u.i.k.p.r.p.TestFile    ... finished proof: closed. 
752515     INFO  main            d.u.i.k.p.i.AbstractProblemLoader Loading environment from /home/runner/work/key/key/key.core/../key.ui/examples/heap/permissions/lockspec/Counter_lockRef_accessible.key.proof 
752515     DEBUG main            d.u.i.k.p.i.AbstractProblemLoader Environment load took 83.3ns 
752516     INFO  main            d.u.i.k.p.i.AbstractProblemLoader Creating init config 
755416     DEBUG main            d.u.i.k.p.i.AbstractProblemLoader Init config took 2.9s 
755473     INFO  main            d.u.i.k.p.i.AbstractProblemLoader Replaying proof Counter[LockSpec::lockRef()].JML accessible clause.0 
755532     DEBUG main            d.u.i.k.p.i.IntermediateProofReplayer Proof replay took 55.95ms 
755533     DEBUG main            d.u.i.k.p.r.p.TestFile    ... success: reloaded. 
755534     INFO  main            d.u.i.k.p.r.p.TestFile    Now processing file /home/runner/work/key/key/key.core/../key.ui/examples/heap/permissions/lockspec/Counter_lockRef_contract1.key 
755535     INFO  main            d.u.i.k.p.i.AbstractProblemLoader Loading environment from /home/runner/work/key/key/key.core/../key.ui/examples/heap/permissions/lockspec/Counter_lockRef_contract1.key 
755535     DEBUG main            d.u.i.k.p.i.AbstractProblemLoader Environment load took 170.3ns 
755536     INFO  main            d.u.i.k.p.i.AbstractProblemLoader Creating init config 
758595     DEBUG main            d.u.i.k.p.i.AbstractProblemLoader Init config took 3.06s 
758646     INFO  main            d.u.i.k.p.i.AbstractProblemLoader Replaying proof Counter[LockSpec::lockRef()].JML model_behavior operation contract.0 
758647     DEBUG main            d.u.i.k.p.i.IntermediateProofReplayer Proof replay took 2.3ns 
758749     INFO  main            d.u.i.k.p.r.p.TestFile    ... finished proof: closed. 
759428     INFO  main            d.u.i.k.p.i.AbstractProblemLoader Loading environment from /home/runner/work/key/key/key.core/../key.ui/examples/heap/permissions/lockspec/Counter_lockRef_contract1.key.proof 
759428     DEBUG main            d.u.i.k.p.i.AbstractProblemLoader Environment load took 83.8ns 
759429     INFO  main            d.u.i.k.p.i.AbstractProblemLoader Creating init config 
762332     DEBUG main            d.u.i.k.p.i.AbstractProblemLoader Init config took 2.9s 
762401     INFO  main            d.u.i.k.p.i.AbstractProblemLoader Replaying proof Counter[LockSpec::lockRef()].JML model_behavior operation contract.0 
762407     DEBUG main            d.u.i.k.p.i.IntermediateProofReplayer Proof replay took 4ms 
762408     DEBUG main            d.u.i.k.p.r.p.TestFile    ... success: reloaded. 
762409     INFO  main            d.u.i.k.p.r.p.TestFile    Now processing file /home/runner/work/key/key/key.core/../key.ui/examples/heap/permissions/lockspec/Counter_lockRef_contract2.key 
762409     INFO  main            d.u.i.k.p.i.AbstractProblemLoader Loading environment from /home/runner/work/key/key/key.core/../key.ui/examples/heap/permissions/lockspec/Counter_lockRef_contract2.key 
762409     DEBUG main            d.u.i.k.p.i.AbstractProblemLoader Environment load took 150.5ns 
762410     INFO  main            d.u.i.k.p.i.AbstractProblemLoader Creating init config 
765453     DEBUG main            d.u.i.k.p.i.AbstractProblemLoader Init config took 3.04s 
765503     INFO  main            d.u.i.k.p.i.AbstractProblemLoader Replaying proof Counter[Counter::lockRef()].JML model_behavior operation contract.0 
765505     DEBUG main            d.u.i.k.p.i.IntermediateProofReplayer Proof replay took 2.5ns 
765606     INFO  main            d.u.i.k.p.r.p.TestFile    ... finished proof: closed. 
766293     INFO  main            d.u.i.k.p.i.AbstractProblemLoader Loading environment from /home/runner/work/key/key/key.core/../key.ui/examples/heap/permissions/lockspec/Counter_lockRef_contract2.key.proof 
766294     DEBUG main            d.u.i.k.p.i.AbstractProblemLoader Environment load took 87.6ns 
766294     INFO  main            d.u.i.k.p.i.AbstractProblemLoader Creating init config 
769191     DEBUG main            d.u.i.k.p.i.AbstractProblemLoader Init config took 2.9s 
769258     INFO  main            d.u.i.k.p.i.AbstractProblemLoader Replaying proof Counter[Counter::lockRef()].JML model_behavior operation contract.0 
769263     DEBUG main            d.u.i.k.p.i.IntermediateProofReplayer Proof replay took 3.96ms 
769264     DEBUG main            d.u.i.k.p.r.p.TestFile    ... success: reloaded. 
769265     INFO  main            d.u.i.k.p.r.p.TestFile    Now processing file /home/runner/work/key/key/key.core/../key.ui/examples/heap/permissions/lockspec/Counter_lockState_accessible.key 
769265     INFO  main            d.u.i.k.p.i.AbstractProblemLoader Loading environment from /home/runner/work/key/key/key.core/../key.ui/examples/heap/permissions/lockspec/Counter_lockState_accessible.key 
769273     DEBUG main            d.u.i.k.p.i.AbstractProblemLoader Environment load took 8.01ms 
769274     INFO  main            d.u.i.k.p.i.AbstractProblemLoader Creating init config 
772449     DEBUG main            d.u.i.k.p.i.AbstractProblemLoader Init config took 3.18s 
772500     INFO  main            d.u.i.k.p.i.AbstractProblemLoader Replaying proof Counter[LockSpec::lockState(boolean)].JML accessible clause.0 
772501     DEBUG main            d.u.i.k.p.i.IntermediateProofReplayer Proof replay took 3.8ns 
772803     INFO  main            d.u.i.k.p.r.p.TestFile    ... finished proof: closed. 
773505     INFO  main            d.u.i.k.p.i.AbstractProblemLoader Loading environment from /home/runner/work/key/key/key.core/../key.ui/examples/heap/permissions/lockspec/Counter_lockState_accessible.key.proof 
773506     DEBUG main            d.u.i.k.p.i.AbstractProblemLoader Environment load took 434.11ns 
773507     INFO  main            d.u.i.k.p.i.AbstractProblemLoader Creating init config 
776545     DEBUG main            d.u.i.k.p.i.AbstractProblemLoader Init config took 3.04s 
776603     INFO  main            d.u.i.k.p.i.AbstractProblemLoader Replaying proof Counter[LockSpec::lockState(boolean)].JML accessible clause.0 
776678     DEBUG main            d.u.i.k.p.i.IntermediateProofReplayer Proof replay took 71.86ms 
776680     DEBUG main            d.u.i.k.p.r.p.TestFile    ... success: reloaded. 
776681     INFO  main            d.u.i.k.p.r.p.TestFile    Now processing file /home/runner/work/key/key/key.core/../key.ui/examples/heap/permissions/lockspec/Counter_lockStatus_accessible.key 
776681     INFO  main            d.u.i.k.p.i.AbstractProblemLoader Loading environment from /home/runner/work/key/key/key.core/../key.ui/examples/heap/permissions/lockspec/Counter_lockStatus_accessible.key 
776681     DEBUG main            d.u.i.k.p.i.AbstractProblemLoader Environment load took 149.7ns 
776682     INFO  main            d.u.i.k.p.i.AbstractProblemLoader Creating init config 
779695     DEBUG main            d.u.i.k.p.i.AbstractProblemLoader Init config took 3.01s 
779745     INFO  main            d.u.i.k.p.i.AbstractProblemLoader Replaying proof Counter[LockSpec::lockStatus(boolean)].JML accessible clause.0 
779747     DEBUG main            d.u.i.k.p.i.IntermediateProofReplayer Proof replay took 2.3ns 
779848     INFO  main            d.u.i.k.p.r.p.TestFile    ... finished proof: closed. 
780560     INFO  main            d.u.i.k.p.i.AbstractProblemLoader Loading environment from /home/runner/work/key/key/key.core/../key.ui/examples/heap/permissions/lockspec/Counter_lockStatus_accessible.key.proof 
780560     DEBUG main            d.u.i.k.p.i.AbstractProblemLoader Environment load took 78.1ns 
780560     INFO  main            d.u.i.k.p.i.AbstractProblemLoader Creating init config 
783458     DEBUG main            d.u.i.k.p.i.AbstractProblemLoader Init config took 2.9s 
783518     INFO  main            d.u.i.k.p.i.AbstractProblemLoader Replaying proof Counter[LockSpec::lockStatus(boolean)].JML accessible clause.0 
783542     DEBUG main            d.u.i.k.p.i.IntermediateProofReplayer Proof replay took 21.9ms 
783543     DEBUG main            d.u.i.k.p.r.p.TestFile    ... success: reloaded. 
783544     INFO  main            d.u.i.k.p.r.p.TestFile    Now processing file /home/runner/work/key/key/key.core/../key.ui/examples/heap/permissions/lockspec/Counter_lockTransfer_accessible.key 
783544     INFO  main            d.u.i.k.p.i.AbstractProblemLoader Loading environment from /home/runner/work/key/key/key.core/../key.ui/examples/heap/permissions/lockspec/Counter_lockTransfer_accessible.key 
783544     DEBUG main            d.u.i.k.p.i.AbstractProblemLoader Environment load took 146.9ns 
783545     INFO  main            d.u.i.k.p.i.AbstractProblemLoader Creating init config 
786520     DEBUG main            d.u.i.k.p.i.AbstractProblemLoader Init config took 2.97s 
786570     INFO  main            d.u.i.k.p.i.AbstractProblemLoader Replaying proof Counter[LockSpec::lockTransfer()].JML accessible clause.0 
786572     DEBUG main            d.u.i.k.p.i.IntermediateProofReplayer Proof replay took 2.1ns 
786874     INFO  main            d.u.i.k.p.r.p.TestFile    ... finished proof: closed. 
787595     INFO  main            d.u.i.k.p.i.AbstractProblemLoader Loading environment from /home/runner/work/key/key/key.core/../key.ui/examples/heap/permissions/lockspec/Counter_lockTransfer_accessible.key.proof 
787595     DEBUG main            d.u.i.k.p.i.AbstractProblemLoader Environment load took 80.6ns 
787596     INFO  main            d.u.i.k.p.i.AbstractProblemLoader Creating init config 
790519     DEBUG main            d.u.i.k.p.i.AbstractProblemLoader Init config took 2.92s 
790576     INFO  main            d.u.i.k.p.i.AbstractProblemLoader Replaying proof Counter[LockSpec::lockTransfer()].JML accessible clause.0 
790654     DEBUG main            d.u.i.k.p.i.IntermediateProofReplayer Proof replay took 75.54ms 
790655     DEBUG main            d.u.i.k.p.r.p.TestFile    ... success: reloaded. 
790656     INFO  main            d.u.i.k.p.r.p.TestFile    Now processing file /home/runner/work/key/key/key.core/../key.ui/examples/heap/permissions/lockspec/Counter_unlockTransfer_accessible.key 
790656     INFO  main            d.u.i.k.p.i.AbstractProblemLoader Loading environment from /home/runner/work/key/key/key.core/../key.ui/examples/heap/permissions/lockspec/Counter_unlockTransfer_accessible.key 
790656     DEBUG main            d.u.i.k.p.i.AbstractProblemLoader Environment load took 89.2ns 
790658     INFO  main            d.u.i.k.p.i.AbstractProblemLoader Creating init config 
793720     DEBUG main            d.u.i.k.p.i.AbstractProblemLoader Init config took 3.06s 
793771     INFO  main            d.u.i.k.p.i.AbstractProblemLoader Replaying proof Counter[LockSpec::unlockTransfer()].JML accessible clause.0 
793772     DEBUG main            d.u.i.k.p.i.IntermediateProofReplayer Proof replay took 4.1ns 
794093     INFO  main            d.u.i.k.p.r.p.TestFile    ... finished proof: closed. 
794806     INFO  main            d.u.i.k.p.i.AbstractProblemLoader Loading environment from /home/runner/work/key/key/key.core/../key.ui/examples/heap/permissions/lockspec/Counter_unlockTransfer_accessible.key.proof 
794807     DEBUG main            d.u.i.k.p.i.AbstractProblemLoader Environment load took 87ns 
794807     INFO  main            d.u.i.k.p.i.AbstractProblemLoader Creating init config 
797714     DEBUG main            d.u.i.k.p.i.AbstractProblemLoader Init config took 2.91s 
797772     INFO  main            d.u.i.k.p.i.AbstractProblemLoader Replaying proof Counter[LockSpec::unlockTransfer()].JML accessible clause.0 
797844     DEBUG main            d.u.i.k.p.i.IntermediateProofReplayer Proof replay took 65.44ms 
797845     DEBUG main            d.u.i.k.p.r.p.TestFile    ... success: reloaded. 
797846     INFO  main            d.u.i.k.p.r.p.TestFile    Now processing file /home/runner/work/key/key/key.core/../key.ui/examples/heap/permissions/threads/Plotter_startTransfer_contract.proof 
797846     INFO  main            d.u.i.k.p.i.AbstractProblemLoader Loading environment from /home/runner/work/key/key/key.core/../key.ui/examples/heap/permissions/threads/Plotter_startTransfer_contract.proof 
797847     DEBUG main            d.u.i.k.p.i.AbstractProblemLoader Environment load took 146.7ns 
797848     INFO  main            d.u.i.k.p.i.AbstractProblemLoader Creating init config 
802331     DEBUG main            d.u.i.k.p.i.AbstractProblemLoader Init config took 4.48s 
802414     INFO  main            d.u.i.k.p.i.AbstractProblemLoader Replaying proof Plotter[ThreadSpec2::startTransfer()].JML model_behavior operation contract.0 
802552     DEBUG main            d.u.i.k.p.i.IntermediateProofReplayer Proof replay took 121.48ms 
802553     INFO  main            d.u.i.k.p.r.p.TestFile    ... success: loaded 
802554     INFO  main            d.u.i.k.p.r.p.TestFile    Now processing file /home/runner/work/key/key/key.core/../key.ui/examples/heap/permissions/threads/Plotter_startTransfer_accessible.proof 
802554     INFO  main            d.u.i.k.p.i.AbstractProblemLoader Loading environment from /home/runner/work/key/key/key.core/../key.ui/examples/heap/permissions/threads/Plotter_startTransfer_accessible.proof 
802555     DEBUG main            d.u.i.k.p.i.AbstractProblemLoader Environment load took 146.3ns 
802555     INFO  main            d.u.i.k.p.i.AbstractProblemLoader Creating init config 
807053     DEBUG main            d.u.i.k.p.i.AbstractProblemLoader Init config took 4.5s 
807150     INFO  main            d.u.i.k.p.i.AbstractProblemLoader Replaying proof Plotter[ThreadSpec2::startTransfer()].JML accessible clause.0 
807239     DEBUG main            d.u.i.k.p.i.IntermediateProofReplayer Proof replay took 85.57ms 
807240     INFO  main            d.u.i.k.p.r.p.TestFile    ... success: loaded 
807241     INFO  main            d.u.i.k.p.r.p.TestFile    Now processing file /home/runner/work/key/key/key.core/../key.ui/examples/heap/permissions/threads/Plotter_joinTransfer_accessible.proof 
807241     INFO  main            d.u.i.k.p.i.AbstractProblemLoader Loading environment from /home/runner/work/key/key/key.core/../key.ui/examples/heap/permissions/threads/Plotter_joinTransfer_accessible.proof 
807241     DEBUG main            d.u.i.k.p.i.AbstractProblemLoader Environment load took 156.5ns 
807242     INFO  main            d.u.i.k.p.i.AbstractProblemLoader Creating init config 
811744     DEBUG main            d.u.i.k.p.i.AbstractProblemLoader Init config took 4.5s 
811823     INFO  main            d.u.i.k.p.i.AbstractProblemLoader Replaying proof Plotter[ThreadSpec2::joinTransfer()].JML accessible clause.0 
811830     WARN  main            d.u.i.k.p.i.IntermediateProofReplayer Proof contains wrong number of \assumes instatiations for Definition_axiom_for_stateInv_in_Plotter 
811832     WARN  main            d.u.i.k.p.i.IntermediateProofReplayer Proof contains wrong number of \assumes instatiations for Definition_axiom_for_stateInv_in_Plotter 
811834     WARN  main            d.u.i.k.p.i.IntermediateProofReplayer Proof contains wrong number of \assumes instatiations for Definition_axiom_for_workingPermissions_in_Plotter 
811834     WARN  main            d.u.i.k.p.i.IntermediateProofReplayer Proof contains wrong number of \assumes instatiations for Definition_axiom_for_staticPermissions_in_Plotter 
811835     WARN  main            d.u.i.k.p.i.IntermediateProofReplayer Proof contains wrong number of \assumes instatiations for Definition_axiom_for_joinTransfer_in_Plotter 
811836     WARN  main            d.u.i.k.p.i.IntermediateProofReplayer Proof contains wrong number of \assumes instatiations for Definition_axiom_for_stateInv_in_BFilter 
811838     WARN  main            d.u.i.k.p.i.IntermediateProofReplayer Proof contains wrong number of \assumes instatiations for Definition_axiom_for_stateInv_in_AFilter 
811839     WARN  main            d.u.i.k.p.i.IntermediateProofReplayer Proof contains wrong number of \assumes instatiations for Definition_axiom_for_stateInv_in_BFilter 
811841     WARN  main            d.u.i.k.p.i.IntermediateProofReplayer Proof contains wrong number of \assumes instatiations for Definition_axiom_for_stateInv_in_AFilter 
811843     WARN  main            d.u.i.k.p.i.IntermediateProofReplayer Proof contains wrong number of \assumes instatiations for Definition_axiom_for_staticPermissions_in_AFilter 
811843     WARN  main            d.u.i.k.p.i.IntermediateProofReplayer Proof contains wrong number of \assumes instatiations for Definition_axiom_for_staticPermissions_in_Plotter 
811844     WARN  main            d.u.i.k.p.i.IntermediateProofReplayer Proof contains wrong number of \assumes instatiations for Definition_axiom_for_staticPermissions_in_BFilter 
811845     WARN  main            d.u.i.k.p.i.IntermediateProofReplayer Proof contains wrong number of \assumes instatiations for Definition_axiom_for_workingPermissions_in_Plotter 
811845     WARN  main            d.u.i.k.p.i.IntermediateProofReplayer Proof contains wrong number of \assumes instatiations for Definition_axiom_for_stateInv_in_Sampler 
811846     WARN  main            d.u.i.k.p.i.IntermediateProofReplayer Proof contains wrong number of \assumes instatiations for Definition_axiom_for_stateInv_in_Sampler 
811847     WARN  main            d.u.i.k.p.i.IntermediateProofReplayer Proof contains wrong number of \assumes instatiations for Definition_axiom_for_staticPermissions_in_Sampler 
811848     WARN  main            d.u.i.k.p.i.IntermediateProofReplayer Proof contains wrong number of \assumes instatiations for Definition_axiom_for_staticPermissions_in_BFilter 
811848     WARN  main            d.u.i.k.p.i.IntermediateProofReplayer Proof contains wrong number of \assumes instatiations for Definition_axiom_for_staticPermissions_in_AFilter 
811849     WARN  main            d.u.i.k.p.i.IntermediateProofReplayer Proof contains wrong number of \assumes instatiations for Definition_axiom_for_staticPermissions_in_Sampler 
811850     WARN  main            d.u.i.k.p.i.IntermediateProofReplayer Proof contains wrong number of \assumes instatiations for Definition_axiom_for_staticPermissions_in_Sampler 
811850     WARN  main            d.u.i.k.p.i.IntermediateProofReplayer Proof contains wrong number of \assumes instatiations for Definition_axiom_for_staticPermissions_in_Sampler 
811851     WARN  main            d.u.i.k.p.i.IntermediateProofReplayer Proof contains wrong number of \assumes instatiations for Definition_axiom_for_joinTransfer_in_Plotter 
811932     DEBUG main            d.u.i.k.p.i.IntermediateProofReplayer Proof replay took 105.92ms 
811933     INFO  main            d.u.i.k.p.r.p.TestFile    ... success: loaded 
5027681    INFO  Test worker     d.u.i.k.p.r.RunAllProofsTestUnit Returning from test permissionHeap 
5027684    INFO  Test worker     d.u.i.k.p.r.RunAllProofsTestUnit Running test completionScopes 
322        INFO  Timeout watchdog d.u.i.k.p.r.p.ForkedTestFileRunner Timeout watcher launched (2000 secs.) 
332        WARN  main            d.u.i.k.s.ProofSettings   The settings in /home/runner/.key/proof-settings.props are *not* read. 
359        INFO  main            d.u.i.k.p.r.p.TestFile    Now processing file /home/runner/work/key/key/key.core/../key.ui/examples/completionscopes/testCcatchReturnVal.key 
465        INFO  main            d.u.i.k.p.i.AbstractProblemLoader Loading environment from /home/runner/work/key/key/key.core/../key.ui/examples/completionscopes/testCcatchReturnVal.key 
491        DEBUG main            d.u.i.k.p.i.AbstractProblemLoader Environment load took 2.05ms 
743        INFO  main            d.u.i.k.p.i.AbstractProblemLoader Creating init config 
1744       DEBUG main            d.u.i.k.j.TypeConverter   No LDT found for Meta 
1744       DEBUG main            d.u.i.k.j.TypeConverter   No LDT found for Meta 
1746       DEBUG main            d.u.i.k.j.TypeConverter   No LDT found for Meta 
1746       DEBUG main            d.u.i.k.j.TypeConverter   No LDT found for Meta 
3387       DEBUG main            d.u.i.k.j.TypeConverter   No LDT found for JavaBigintExpression 
8623       DEBUG main            d.u.i.k.p.i.AbstractProblemLoader Init config took 7.88s 
8765       INFO  main            d.u.i.k.p.i.AbstractProblemLoader Replaying proof CompletionScopes[CompletionScopes::testCcatchReturnVal()].JML normal_behavior operation contract.0 
8804       DEBUG main            d.u.i.k.p.i.IntermediateProofReplayer Proof replay took 31.9ns 
9360       INFO  main            d.u.i.k.p.r.p.TestFile    ... finished proof: closed. 
9476       INFO  main            d.u.i.k.p.i.AbstractProblemLoader Loading environment from /home/runner/work/key/key/key.core/../key.ui/examples/completionscopes/testCcatchReturnVal.key.proof 
9476       DEBUG main            d.u.i.k.p.i.AbstractProblemLoader Environment load took 705.81ns 
9479       INFO  main            d.u.i.k.p.i.AbstractProblemLoader Creating init config 
12217      DEBUG main            d.u.i.k.p.i.AbstractProblemLoader Init config took 2.74s 
12287      INFO  main            d.u.i.k.p.i.AbstractProblemLoader Replaying proof CompletionScopes[CompletionScopes::testCcatchReturnVal()].JML normal_behavior operation contract.0 
12363      DEBUG main            d.u.i.k.p.i.IntermediateProofReplayer Proof replay took 66.49ms 
12376      DEBUG main            d.u.i.k.p.r.p.TestFile    ... success: reloaded. 
12379      INFO  main            d.u.i.k.p.r.p.TestFile    Now processing file /home/runner/work/key/key/key.core/../key.ui/examples/completionscopes/testMultCcatchClauses.key 
12380      INFO  main            d.u.i.k.p.i.AbstractProblemLoader Loading environment from /home/runner/work/key/key/key.core/../key.ui/examples/completionscopes/testMultCcatchClauses.key 
12380      DEBUG main            d.u.i.k.p.i.AbstractProblemLoader Environment load took 98.4ns 
12385      INFO  main            d.u.i.k.p.i.AbstractProblemLoader Creating init config 
15069      DEBUG main            d.u.i.k.p.i.AbstractProblemLoader Init config took 2.68s 
15129      INFO  main            d.u.i.k.p.i.AbstractProblemLoader Replaying proof CompletionScopes[CompletionScopes::testMultCcatchClauses()].JML normal_behavior operation contract.0 
15131      DEBUG main            d.u.i.k.p.i.IntermediateProofReplayer Proof replay took 7.1ns 
15435      INFO  main            d.u.i.k.p.r.p.TestFile    ... finished proof: closed. 
15581      INFO  main            d.u.i.k.p.i.AbstractProblemLoader Loading environment from /home/runner/work/key/key/key.core/../key.ui/examples/completionscopes/testMultCcatchClauses.key.proof 
15583      DEBUG main            d.u.i.k.p.i.AbstractProblemLoader Environment load took 1.63ms 
15585      INFO  main            d.u.i.k.p.i.AbstractProblemLoader Creating init config 
18228      DEBUG main            d.u.i.k.p.i.AbstractProblemLoader Init config took 2.64s 
18283      INFO  main            d.u.i.k.p.i.AbstractProblemLoader Replaying proof CompletionScopes[CompletionScopes::testMultCcatchClauses()].JML normal_behavior operation contract.0 
18368      DEBUG main            d.u.i.k.p.i.IntermediateProofReplayer Proof replay took 80.54ms 
18369      DEBUG main            d.u.i.k.p.r.p.TestFile    ... success: reloaded. 
18371      INFO  main            d.u.i.k.p.r.p.TestFile    Now processing file /home/runner/work/key/key/key.core/../key.ui/examples/completionscopes/testNestedExec.key 
18371      INFO  main            d.u.i.k.p.i.AbstractProblemLoader Loading environment from /home/runner/work/key/key/key.core/../key.ui/examples/completionscopes/testNestedExec.key 
18371      DEBUG main            d.u.i.k.p.i.AbstractProblemLoader Environment load took 176.7ns 
18373      INFO  main            d.u.i.k.p.i.AbstractProblemLoader Creating init config 
20898      DEBUG main            d.u.i.k.p.i.AbstractProblemLoader Init config took 2.52s 
20948      INFO  main            d.u.i.k.p.i.AbstractProblemLoader Replaying proof CompletionScopes[CompletionScopes::testMultCcatchClauses()].JML normal_behavior operation contract.0 
20950      DEBUG main            d.u.i.k.p.i.IntermediateProofReplayer Proof replay took 5.8ns 
21254      INFO  main            d.u.i.k.p.r.p.TestFile    ... finished proof: closed. 
21410      INFO  main            d.u.i.k.p.i.AbstractProblemLoader Loading environment from /home/runner/work/key/key/key.core/../key.ui/examples/completionscopes/testNestedExec.key.proof 
21410      DEBUG main            d.u.i.k.p.i.AbstractProblemLoader Environment load took 434.31ns 
21412      INFO  main            d.u.i.k.p.i.AbstractProblemLoader Creating init config 
23952      DEBUG main            d.u.i.k.p.i.AbstractProblemLoader Init config took 2.54s 
24000      INFO  main            d.u.i.k.p.i.AbstractProblemLoader Replaying proof CompletionScopes[CompletionScopes::testMultCcatchClauses()].JML normal_behavior operation contract.0 
24072      DEBUG main            d.u.i.k.p.i.IntermediateProofReplayer Proof replay took 68.27ms 
24073      DEBUG main            d.u.i.k.p.r.p.TestFile    ... success: reloaded. 
24075      INFO  main            d.u.i.k.p.r.p.TestFile    Now processing file /home/runner/work/key/key/key.core/../key.ui/examples/completionscopes/testCcatchBreakLabel.key 
24075      INFO  main            d.u.i.k.p.i.AbstractProblemLoader Loading environment from /home/runner/work/key/key/key.core/../key.ui/examples/completionscopes/testCcatchBreakLabel.key 
24075      DEBUG main            d.u.i.k.p.i.AbstractProblemLoader Environment load took 188ns 
24077      INFO  main            d.u.i.k.p.i.AbstractProblemLoader Creating init config 
26611      DEBUG main            d.u.i.k.p.i.AbstractProblemLoader Init config took 2.53s 
26659      INFO  main            d.u.i.k.p.i.AbstractProblemLoader Replaying proof CompletionScopes[CompletionScopes::testBreakLabel()].JML normal_behavior operation contract.0 
26661      DEBUG main            d.u.i.k.p.i.IntermediateProofReplayer Proof replay took 6.3ns 
26679      DEBUG Thread-10       d.u.i.k.l.o.ProgramSV     Match failed: Former match of  SchemaVariable incompatible with  the current match. 
26763      INFO  main            d.u.i.k.p.r.p.TestFile    ... finished proof: closed. 
26920      INFO  main            d.u.i.k.p.i.AbstractProblemLoader Loading environment from /home/runner/work/key/key/key.core/../key.ui/examples/completionscopes/testCcatchBreakLabel.key.proof 
26920      DEBUG main            d.u.i.k.p.i.AbstractProblemLoader Environment load took 139.2ns 
26921      INFO  main            d.u.i.k.p.i.AbstractProblemLoader Creating init config 
29439      DEBUG main            d.u.i.k.p.i.AbstractProblemLoader Init config took 2.52s 
29498      INFO  main            d.u.i.k.p.i.AbstractProblemLoader Replaying proof CompletionScopes[CompletionScopes::testBreakLabel()].JML normal_behavior operation contract.0 
29508      DEBUG main            d.u.i.k.p.i.IntermediateProofReplayer Proof replay took 8.25ms 
29509      DEBUG main            d.u.i.k.p.r.p.TestFile    ... success: reloaded. 
29510      INFO  main            d.u.i.k.p.r.p.TestFile    Now processing file /home/runner/work/key/key/key.core/../key.ui/examples/completionscopes/testCcatchContinueLabel.key 
29510      INFO  main            d.u.i.k.p.i.AbstractProblemLoader Loading environment from /home/runner/work/key/key/key.core/../key.ui/examples/completionscopes/testCcatchContinueLabel.key 
29510      DEBUG main            d.u.i.k.p.i.AbstractProblemLoader Environment load took 94.9ns 
29511      INFO  main            d.u.i.k.p.i.AbstractProblemLoader Creating init config 
32025      DEBUG main            d.u.i.k.p.i.AbstractProblemLoader Init config took 2.51s 
32070      INFO  main            d.u.i.k.p.i.AbstractProblemLoader Replaying proof CompletionScopes[CompletionScopes::testContinueLabel()].JML normal_behavior operation contract.0 
32072      DEBUG main            d.u.i.k.p.i.IntermediateProofReplayer Proof replay took 7.7ns 
32092      DEBUG Thread-13       d.u.i.k.l.o.ProgramSV     Match failed: Former match of  SchemaVariable incompatible with  the current match. 
32175      INFO  main            d.u.i.k.p.r.p.TestFile    ... finished proof: closed. 
32366      INFO  main            d.u.i.k.p.i.AbstractProblemLoader Loading environment from /home/runner/work/key/key/key.core/../key.ui/examples/completionscopes/testCcatchContinueLabel.key.proof 
32366      DEBUG main            d.u.i.k.p.i.AbstractProblemLoader Environment load took 174.4ns 
32367      INFO  main            d.u.i.k.p.i.AbstractProblemLoader Creating init config 
34838      DEBUG main            d.u.i.k.p.i.AbstractProblemLoader Init config took 2.47s 
34884      INFO  main            d.u.i.k.p.i.AbstractProblemLoader Replaying proof CompletionScopes[CompletionScopes::testContinueLabel()].JML normal_behavior operation contract.0 
34894      DEBUG main            d.u.i.k.p.i.IntermediateProofReplayer Proof replay took 8.65ms 
34896      DEBUG main            d.u.i.k.p.r.p.TestFile    ... success: reloaded. 
34897      INFO  main            d.u.i.k.p.r.p.TestFile    Now processing file /home/runner/work/key/key/key.core/../key.ui/examples/completionscopes/testCcatchBreakLabelWildcard.key 
34897      INFO  main            d.u.i.k.p.i.AbstractProblemLoader Loading environment from /home/runner/work/key/key/key.core/../key.ui/examples/completionscopes/testCcatchBreakLabelWildcard.key 
34897      DEBUG main            d.u.i.k.p.i.AbstractProblemLoader Environment load took 209.5ns 
34898      INFO  main            d.u.i.k.p.i.AbstractProblemLoader Creating init config 
37403      DEBUG main            d.u.i.k.p.i.AbstractProblemLoader Init config took 2.5s 
37446      INFO  main            d.u.i.k.p.i.AbstractProblemLoader Replaying proof CompletionScopes[CompletionScopes::testBreakLabelWildcard()].JML normal_behavior operation contract.0 
37448      DEBUG main            d.u.i.k.p.i.IntermediateProofReplayer Proof replay took 8.8ns 
37464      DEBUG Thread-16       d.u.i.k.l.o.ProgramSV     Match failed: Former match of  SchemaVariable incompatible with  the current match. 
37465      DEBUG Thread-16       d.u.i.k.l.o.ProgramSV     Match failed: Former match of  SchemaVariable incompatible with  the current match. 
37550      INFO  main            d.u.i.k.p.r.p.TestFile    ... finished proof: closed. 
37733      INFO  main            d.u.i.k.p.i.AbstractProblemLoader Loading environment from /home/runner/work/key/key/key.core/../key.ui/examples/completionscopes/testCcatchBreakLabelWildcard.key.proof 
37734      DEBUG main            d.u.i.k.p.i.AbstractProblemLoader Environment load took 142.8ns 
37735      INFO  main            d.u.i.k.p.i.AbstractProblemLoader Creating init config 
40205      DEBUG main            d.u.i.k.p.i.AbstractProblemLoader Init config took 2.47s 
40248      INFO  main            d.u.i.k.p.i.AbstractProblemLoader Replaying proof CompletionScopes[CompletionScopes::testBreakLabelWildcard()].JML normal_behavior operation contract.0 
40258      DEBUG main            d.u.i.k.p.i.IntermediateProofReplayer Proof replay took 7.8ms 
40259      DEBUG main            d.u.i.k.p.r.p.TestFile    ... success: reloaded. 
40260      INFO  main            d.u.i.k.p.r.p.TestFile    Now processing file /home/runner/work/key/key/key.core/../key.ui/examples/completionscopes/testCcatchContinueLabelWildcard.key 
40260      INFO  main            d.u.i.k.p.i.AbstractProblemLoader Loading environment from /home/runner/work/key/key/key.core/../key.ui/examples/completionscopes/testCcatchContinueLabelWildcard.key 
40261      DEBUG main            d.u.i.k.p.i.AbstractProblemLoader Environment load took 177.3ns 
40262      INFO  main            d.u.i.k.p.i.AbstractProblemLoader Creating init config 
42775      DEBUG main            d.u.i.k.p.i.AbstractProblemLoader Init config took 2.51s 
42817      INFO  main            d.u.i.k.p.i.AbstractProblemLoader Replaying proof CompletionScopes[CompletionScopes::testContinueLabelWildcard()].JML normal_behavior operation contract.0 
42819      DEBUG main            d.u.i.k.p.i.IntermediateProofReplayer Proof replay took 7.7ns 
42838      DEBUG Thread-19       d.u.i.k.l.o.ProgramSV     Match failed: Former match of  SchemaVariable incompatible with  the current match. 
42839      DEBUG Thread-19       d.u.i.k.l.o.ProgramSV     Match failed: Former match of  SchemaVariable incompatible with  the current match. 
42922      INFO  main            d.u.i.k.p.r.p.TestFile    ... finished proof: closed. 
43093      INFO  main            d.u.i.k.p.i.AbstractProblemLoader Loading environment from /home/runner/work/key/key/key.core/../key.ui/examples/completionscopes/testCcatchContinueLabelWildcard.key.proof 
43093      DEBUG main            d.u.i.k.p.i.AbstractProblemLoader Environment load took 160.9ns 
43094      INFO  main            d.u.i.k.p.i.AbstractProblemLoader Creating init config 
45509      DEBUG main            d.u.i.k.p.i.AbstractProblemLoader Init config took 2.41s 
45550      INFO  main            d.u.i.k.p.i.AbstractProblemLoader Replaying proof CompletionScopes[CompletionScopes::testContinueLabelWildcard()].JML normal_behavior operation contract.0 
45560      DEBUG main            d.u.i.k.p.i.IntermediateProofReplayer Proof replay took 8.1ms 
45561      DEBUG main            d.u.i.k.p.r.p.TestFile    ... success: reloaded. 
45562      INFO  main            d.u.i.k.p.r.p.TestFile    Now processing file /home/runner/work/key/key/key.core/../key.ui/examples/completionscopes/testCcatchBreakLabelNonmatchingNested.key 
45562      INFO  main            d.u.i.k.p.i.AbstractProblemLoader Loading environment from /home/runner/work/key/key/key.core/../key.ui/examples/completionscopes/testCcatchBreakLabelNonmatchingNested.key 
45562      DEBUG main            d.u.i.k.p.i.AbstractProblemLoader Environment load took 112.8ns 
45563      INFO  main            d.u.i.k.p.i.AbstractProblemLoader Creating init config 
48064      DEBUG main            d.u.i.k.p.i.AbstractProblemLoader Init config took 2.5s 
48105      INFO  main            d.u.i.k.p.i.AbstractProblemLoader Replaying proof CompletionScopes[CompletionScopes::testBreakLabelNonmatchingNested()].JML normal_behavior operation contract.0 
48107      DEBUG main            d.u.i.k.p.i.IntermediateProofReplayer Proof replay took 6.6ns 
48122      DEBUG Thread-22       d.u.i.k.l.o.ProgramSV     Match failed: Former match of  SchemaVariable incompatible with  the current match. 
48123      DEBUG Thread-22       d.u.i.k.l.o.ProgramSV     Match failed: Former match of  SchemaVariable incompatible with  the current match. 
48209      INFO  main            d.u.i.k.p.r.p.TestFile    ... finished proof: closed. 
48392      INFO  main            d.u.i.k.p.i.AbstractProblemLoader Loading environment from /home/runner/work/key/key/key.core/../key.ui/examples/completionscopes/testCcatchBreakLabelNonmatchingNested.key.proof 
48392      DEBUG main            d.u.i.k.p.i.AbstractProblemLoader Environment load took 136.1ns 
48393      INFO  main            d.u.i.k.p.i.AbstractProblemLoader Creating init config 
50801      DEBUG main            d.u.i.k.p.i.AbstractProblemLoader Init config took 2.41s 
50845      INFO  main            d.u.i.k.p.i.AbstractProblemLoader Replaying proof CompletionScopes[CompletionScopes::testBreakLabelNonmatchingNested()].JML normal_behavior operation contract.0 
50859      DEBUG main            d.u.i.k.p.i.IntermediateProofReplayer Proof replay took 10.96ms 
50860      DEBUG main            d.u.i.k.p.r.p.TestFile    ... success: reloaded. 
5078712    INFO  Test worker     d.u.i.k.p.r.RunAllProofsTestUnit Returning from test completionScopes 
5078713    INFO  Test worker     d.u.i.k.p.r.RunAllProofsTestUnit Running test reload_examples 
339        INFO  Timeout watchdog d.u.i.k.p.r.p.ForkedTestFileRunner Timeout watcher launched (2000 secs.) 
348        WARN  main            d.u.i.k.s.ProofSettings   The settings in /home/runner/.key/proof-settings.props are *not* read. 
412        INFO  main            d.u.i.k.p.r.p.TestFile    Now processing file /home/runner/work/key/key/key.core/../key.ui/examples/firstTouch/05-ReverseArray/reverseArray.key 
574        INFO  main            d.u.i.k.p.i.AbstractProblemLoader Loading environment from /home/runner/work/key/key/key.core/../key.ui/examples/firstTouch/05-ReverseArray/reverseArray.key 
603        DEBUG main            d.u.i.k.p.i.AbstractProblemLoader Environment load took 2.02ms 
850        INFO  main            d.u.i.k.p.i.AbstractProblemLoader Creating init config 
1850       DEBUG main            d.u.i.k.j.TypeConverter   No LDT found for Meta 
1850       DEBUG main            d.u.i.k.j.TypeConverter   No LDT found for Meta 
1854       DEBUG main            d.u.i.k.j.TypeConverter   No LDT found for Meta 
1854       DEBUG main            d.u.i.k.j.TypeConverter   No LDT found for Meta 
3372       DEBUG main            d.u.i.k.j.TypeConverter   No LDT found for JavaBigintExpression 
8162       DEBUG main            d.u.i.k.p.i.AbstractProblemLoader Init config took 7.31s 
8274       INFO  main            d.u.i.k.p.i.AbstractProblemLoader Replaying proof ReverseArray[ReverseArray::reverse()].JML normal_behavior operation contract.0 
8325       DEBUG main            d.u.i.k.p.i.IntermediateProofReplayer Proof replay took 36.3ns 
19790      INFO  main            d.u.i.k.p.r.p.TestFile    ... finished proof: closed. 
19992      INFO  main            d.u.i.k.p.i.AbstractProblemLoader Loading environment from /home/runner/work/key/key/key.core/../key.ui/examples/firstTouch/05-ReverseArray/reverseArray.key.proof 
19993      DEBUG main            d.u.i.k.p.i.AbstractProblemLoader Environment load took 424.41ns 
19996      INFO  main            d.u.i.k.p.i.AbstractProblemLoader Creating init config 
22727      DEBUG main            d.u.i.k.p.i.AbstractProblemLoader Init config took 2.73s 
22774      INFO  main            d.u.i.k.p.i.AbstractProblemLoader Replaying proof ReverseArray[ReverseArray::reverse()].JML normal_behavior operation contract.0 
24041      DEBUG main            d.u.i.k.p.i.IntermediateProofReplayer Proof replay took 1.18s 
24052      DEBUG main            d.u.i.k.p.r.p.TestFile    ... success: reloaded. 
24054      INFO  main            d.u.i.k.p.r.p.TestFile    Now processing file /home/runner/work/key/key/key.core/../key.ui/examples/standard_key/arith/saveProofTest.key.proof 
24055      INFO  main            d.u.i.k.p.i.AbstractProblemLoader Loading environment from /home/runner/work/key/key/key.core/../key.ui/examples/standard_key/arith/saveProofTest.key.proof 
24055      DEBUG main            d.u.i.k.p.i.AbstractProblemLoader Environment load took 234.1ns 
24057      INFO  main            d.u.i.k.p.i.AbstractProblemLoader Creating init config 
26602      DEBUG main            d.u.i.k.p.i.AbstractProblemLoader Init config took 2.55s 
26630      INFO  main            d.u.i.k.p.i.AbstractProblemLoader Replaying proof saveProofTest.key.proof 
26638      DEBUG main            d.u.i.k.p.i.IntermediateProofReplayer Proof replay took 3.53ms 
26639      INFO  main            d.u.i.k.p.r.p.TestFile    ... success: loaded 
26641      INFO  main            d.u.i.k.p.r.p.TestFile    Now processing file /home/runner/work/key/key/key.core/../key.ui/examples/heap/permutedSum/perm.proof 
26641      INFO  main            d.u.i.k.p.i.AbstractProblemLoader Loading environment from /home/runner/work/key/key/key.core/../key.ui/examples/heap/permutedSum/perm.proof 
26641      DEBUG main            d.u.i.k.p.i.AbstractProblemLoader Environment load took 206.4ns 
26644      INFO  main            d.u.i.k.p.i.AbstractProblemLoader Creating init config 
29284      DEBUG main            d.u.i.k.p.i.AbstractProblemLoader Init config took 2.64s 
29357      INFO  main            d.u.i.k.p.i.AbstractProblemLoader Replaying proof Perm[Perm::foo()].JML normal_behavior operation contract.0 
30533      DEBUG main            d.u.i.k.p.i.IntermediateProofReplayer Proof replay took 1.09s 
30535      INFO  main            d.u.i.k.p.r.p.TestFile    ... success: loaded 
30537      INFO  main            d.u.i.k.p.r.p.TestFile    Now processing file /home/runner/work/key/key/key.core/../key.ui/examples/firstTouch/05-ReverseArray/reverseArray.proof 
30537      INFO  main            d.u.i.k.p.i.AbstractProblemLoader Loading environment from /home/runner/work/key/key/key.core/../key.ui/examples/firstTouch/05-ReverseArray/reverseArray.proof 
30538      DEBUG main            d.u.i.k.p.i.AbstractProblemLoader Environment load took 235.7ns 
30540      INFO  main            d.u.i.k.p.i.AbstractProblemLoader Creating init config 
33094      DEBUG main            d.u.i.k.p.i.AbstractProblemLoader Init config took 2.55s 
33149      INFO  main            d.u.i.k.p.i.AbstractProblemLoader Replaying proof ReverseArray[ReverseArray::reverse()].JML normal_behavior operation contract.0 
34275      DEBUG main            d.u.i.k.p.i.IntermediateProofReplayer Proof replay took 1.09s 
34278      INFO  main            d.u.i.k.p.r.p.TestFile    ... success: loaded 
34279      INFO  main            d.u.i.k.p.r.p.TestFile    Now processing file /home/runner/work/key/key/key.core/../key.ui/examples/heap/verifyThis15_1_RelaxedPrefix/relax.proof 
34279      INFO  main            d.u.i.k.p.i.AbstractProblemLoader Loading environment from /home/runner/work/key/key/key.core/../key.ui/examples/heap/verifyThis15_1_RelaxedPrefix/relax.proof 
34280      DEBUG main            d.u.i.k.p.i.AbstractProblemLoader Environment load took 195.7ns 
34282      INFO  main            d.u.i.k.p.i.AbstractProblemLoader Creating init config 
36757      DEBUG main            d.u.i.k.p.i.AbstractProblemLoader Init config took 2.48s 
36803      INFO  main            d.u.i.k.p.i.AbstractProblemLoader Replaying proof Relaxed[Relaxed::isRelaxedPrefix([I,[I)].JML operation contract.0 
37262      DEBUG main            d.u.i.k.p.i.IntermediateProofReplayer Proof replay took 442.54ms 
37264      INFO  main            d.u.i.k.p.r.p.TestFile    ... success: loaded 
37265      INFO  main            d.u.i.k.p.r.p.TestFile    Now processing file /home/runner/work/key/key/key.core/../key.ui/examples/heap/verifyThis15_3_DLL/doUndo.proof 
37266      INFO  main            d.u.i.k.p.i.AbstractProblemLoader Loading environment from /home/runner/work/key/key/key.core/../key.ui/examples/heap/verifyThis15_3_DLL/doUndo.proof 
37266      DEBUG main            d.u.i.k.p.i.AbstractProblemLoader Environment load took 221.5ns 
37268      INFO  main            d.u.i.k.p.i.AbstractProblemLoader Creating init config 
38164      DEBUG main            d.u.i.k.j.r.ClassPreparationMethodBuilder clPrepBuilder: Inner Class detected. Reject building class initialisation methods. 
39941      DEBUG main            d.u.i.k.p.i.AbstractProblemLoader Init config took 2.67s 
40041      INFO  main            d.u.i.k.p.i.AbstractProblemLoader Replaying proof DoubleLinkedList[DoubleLinkedList::doUndo(DoubleLinkedList.Node,int)].JML normal_behavior operation contract.0 
40856      DEBUG main            d.u.i.k.p.i.IntermediateProofReplayer Proof replay took 752.67ms 
40858      INFO  main            d.u.i.k.p.r.p.TestFile    ... success: loaded 
40860      INFO  main            d.u.i.k.p.r.p.TestFile    Now processing file /home/runner/work/key/key/key.core/../key.ui/examples/heap/verifyThis15_2_ParallelGcd/parallelGcd.proof 
40861      INFO  main            d.u.i.k.p.i.AbstractProblemLoader Loading environment from /home/runner/work/key/key/key.core/../key.ui/examples/heap/verifyThis15_2_ParallelGcd/parallelGcd.proof 
40861      DEBUG main            d.u.i.k.p.i.AbstractProblemLoader Environment load took 189.7ns 
40864      INFO  main            d.u.i.k.p.i.AbstractProblemLoader Creating init config 
43400      DEBUG main            d.u.i.k.p.i.AbstractProblemLoader Init config took 2.54s 
43453      INFO  main            d.u.i.k.p.i.AbstractProblemLoader Replaying proof ParallelGcd[ParallelGcd::parallelGcd(int,int,[Z)].JML behavior operation contract.0 
44047      DEBUG main            d.u.i.k.p.i.IntermediateProofReplayer Proof replay took 579.27ms 
44048      INFO  main            d.u.i.k.p.r.p.TestFile    ... success: loaded 
5122929    INFO  Test worker     d.u.i.k.p.r.RunAllProofsTestUnit Returning from test reload_examples 
5122930    INFO  Test worker     d.u.i.k.p.r.RunAllProofsTestUnit Running test proofLoadRepair 
354        INFO  Timeout watchdog d.u.i.k.p.r.p.ForkedTestFileRunner Timeout watcher launched (2000 secs.) 
367        WARN  main            d.u.i.k.s.ProofSettings   The settings in /home/runner/.key/proof-settings.props are *not* read. 
400        INFO  main            d.u.i.k.p.r.p.TestFile    Now processing file /home/runner/work/key/key/key.core/../key.ui/examples/proofLoadRepair/disjConj-manipulated.proof 
515        INFO  main            d.u.i.k.p.i.AbstractProblemLoader Loading environment from /home/runner/work/key/key/key.core/../key.ui/examples/proofLoadRepair/disjConj-manipulated.proof 
532        DEBUG main            d.u.i.k.p.i.AbstractProblemLoader Environment load took 1.93ms 
774        INFO  main            d.u.i.k.p.i.AbstractProblemLoader Creating init config 
1609       DEBUG main            d.u.i.k.j.TypeConverter   No LDT found for Meta 
1610       DEBUG main            d.u.i.k.j.TypeConverter   No LDT found for Meta 
1612       DEBUG main            d.u.i.k.j.TypeConverter   No LDT found for Meta 
1612       DEBUG main            d.u.i.k.j.TypeConverter   No LDT found for Meta 
3112       DEBUG main            d.u.i.k.j.TypeConverter   No LDT found for JavaBigintExpression 
7843       DEBUG main            d.u.i.k.p.i.AbstractProblemLoader Init config took 7.07s 
7907       INFO  main            d.u.i.k.p.i.AbstractProblemLoader Replaying proof disjConj-manipulated.proof 
7954       WARN  main            d.u.i.k.p.i.IntermediateProofReplayer Proof contains wrong number of \assumes instatiations for andLeft 
7955       WARN  main            d.u.i.k.p.i.IntermediateProofReplayer Proof contains wrong number of \assumes instatiations for replace_known_right 
7959       WARN  main            d.u.i.k.p.i.IntermediateProofReplayer Proof contains wrong number of \assumes instatiations for close 
7960       DEBUG main            d.u.i.k.p.i.IntermediateProofReplayer Proof replay took 17.83ms 
7965       INFO  main            d.u.i.k.p.r.p.TestFile    ... success: loaded 
7969       INFO  main            d.u.i.k.p.r.p.TestFile    Now processing file /home/runner/work/key/key/key.core/../key.ui/examples/proofLoadRepair/insufficient-manipulated.proof 
7969       INFO  main            d.u.i.k.p.i.AbstractProblemLoader Loading environment from /home/runner/work/key/key/key.core/../key.ui/examples/proofLoadRepair/insufficient-manipulated.proof 
7969       DEBUG main            d.u.i.k.p.i.AbstractProblemLoader Environment load took 128.8ns 
7973       INFO  main            d.u.i.k.p.i.AbstractProblemLoader Creating init config 
10603      DEBUG main            d.u.i.k.p.i.AbstractProblemLoader Init config took 2.63s 
10622      INFO  main            d.u.i.k.p.i.AbstractProblemLoader Replaying proof insufficient-manipulated.proof 
10643      WARN  main            d.u.i.k.p.i.IntermediateProofReplayer Proof contains wrong number of \assumes instatiations for applyEq 
10652      DEBUG main            d.u.i.k.p.i.IntermediateProofReplayer Proof replay took 13.04ms 
10655      INFO  main            d.u.i.k.p.r.p.TestFile    ... success: loading failed 
10656      INFO  main            d.u.i.k.p.r.p.TestFile    Now processing file /home/runner/work/key/key/key.core/../key.ui/examples/../../key.core/src/test/resources/testcase/issues/1716/incorrectPolarity.proof 
10656      INFO  main            d.u.i.k.p.i.AbstractProblemLoader Loading environment from /home/runner/work/key/key/key.core/../key.ui/examples/../../key.core/src/test/resources/testcase/issues/1716/incorrectPolarity.proof 
10657      DEBUG main            d.u.i.k.p.i.AbstractProblemLoader Environment load took 100.1ns 
10658      INFO  main            d.u.i.k.p.i.AbstractProblemLoader Creating init config 
13346      DEBUG main            d.u.i.k.p.i.AbstractProblemLoader Init config took 2.69s 
13376      INFO  main            d.u.i.k.p.i.AbstractProblemLoader Replaying proof incorrectPolarity.proof 
13379      DEBUG main            d.u.i.k.p.i.IntermediateProofReplayer Proof replay took 251.2ns 
13380      INFO  main            d.u.i.k.p.r.p.TestFile    ... success: loading failed 
13381      INFO  main            d.u.i.k.p.r.p.TestFile    Now processing file /home/runner/work/key/key/key.core/../key.ui/examples/../../key.core/src/test/resources/testcase/issues/1716/incorrectPolarity2.proof 
13382      INFO  main            d.u.i.k.p.i.AbstractProblemLoader Loading environment from /home/runner/work/key/key/key.core/../key.ui/examples/../../key.core/src/test/resources/testcase/issues/1716/incorrectPolarity2.proof 
13382      DEBUG main            d.u.i.k.p.i.AbstractProblemLoader Environment load took 208.8ns 
13383      INFO  main            d.u.i.k.p.i.AbstractProblemLoader Creating init config 
15818      DEBUG main            d.u.i.k.p.i.AbstractProblemLoader Init config took 2.43s 
15842      INFO  main            d.u.i.k.p.i.AbstractProblemLoader Replaying proof incorrectPolarity2.proof 
15844      DEBUG main            d.u.i.k.p.i.IntermediateProofReplayer Proof replay took 424.91ns 
15845      INFO  main            d.u.i.k.p.r.p.TestFile    ... success: loading failed 
15846      INFO  main            d.u.i.k.p.r.p.TestFile    Now processing file /home/runner/work/key/key/key.core/../key.ui/examples/../../key.core/src/test/resources/testcase/issues/1716/incorrectPolarity3.proof 
15847      INFO  main            d.u.i.k.p.i.AbstractProblemLoader Loading environment from /home/runner/work/key/key/key.core/../key.ui/examples/../../key.core/src/test/resources/testcase/issues/1716/incorrectPolarity3.proof 
15847      DEBUG main            d.u.i.k.p.i.AbstractProblemLoader Environment load took 193.7ns 
15848      INFO  main            d.u.i.k.p.i.AbstractProblemLoader Creating init config 
18243      DEBUG main            d.u.i.k.p.i.AbstractProblemLoader Init config took 2.39s 
18265      INFO  main            d.u.i.k.p.i.AbstractProblemLoader Replaying proof incorrectPolarity3.proof 
18269      DEBUG main            d.u.i.k.p.i.IntermediateProofReplayer Proof replay took 1.89ms 
18270      INFO  main            d.u.i.k.p.r.p.TestFile    ... success: loading failed 
5141377    INFO  Test worker     d.u.i.k.p.r.RunAllProofsTestUnit Returning from test proofLoadRepair 
5141378    INFO  Test worker     d.u.i.k.p.r.RunAllProofsTestUnit Running test switch 
349        INFO  Timeout watchdog d.u.i.k.p.r.p.ForkedTestFileRunner Timeout watcher launched (2000 secs.) 
360        WARN  main            d.u.i.k.s.ProofSettings   The settings in /home/runner/.key/proof-settings.props are *not* read. 
414        INFO  main            d.u.i.k.p.r.p.TestFile    Now processing file /home/runner/work/key/key/key.core/../key.ui/examples/standard_key/java_dl/switch/labeled_case.key 
582        INFO  main            d.u.i.k.p.i.AbstractProblemLoader Loading environment from /home/runner/work/key/key/key.core/../key.ui/examples/standard_key/java_dl/switch/labeled_case.key 
599        DEBUG main            d.u.i.k.p.i.AbstractProblemLoader Environment load took 2.27ms 
822        INFO  main            d.u.i.k.p.i.AbstractProblemLoader Creating init config 
1661       DEBUG main            d.u.i.k.j.TypeConverter   No LDT found for Meta 
1662       DEBUG main            d.u.i.k.j.TypeConverter   No LDT found for Meta 
1663       DEBUG main            d.u.i.k.j.TypeConverter   No LDT found for Meta 
1664       DEBUG main            d.u.i.k.j.TypeConverter   No LDT found for Meta 
3028       DEBUG main            d.u.i.k.j.TypeConverter   No LDT found for JavaBigintExpression 
8137       DEBUG main            d.u.i.k.p.i.AbstractProblemLoader Init config took 7.32s 
8310       INFO  main            d.u.i.k.p.i.AbstractProblemLoader Replaying proof LabeledCase[LabeledCase::m(int)].JML normal_behavior operation contract.0 
8347       DEBUG main            d.u.i.k.p.i.IntermediateProofReplayer Proof replay took 34.8ns 
9077       INFO  main            d.u.i.k.p.r.p.TestFile    ... finished proof: closed. 
9192       INFO  main            d.u.i.k.p.i.AbstractProblemLoader Loading environment from /home/runner/work/key/key/key.core/../key.ui/examples/standard_key/java_dl/switch/labeled_case.key.proof 
9192       DEBUG main            d.u.i.k.p.i.AbstractProblemLoader Environment load took 182ns 
9194       INFO  main            d.u.i.k.p.i.AbstractProblemLoader Creating init config 
12170      DEBUG main            d.u.i.k.p.i.AbstractProblemLoader Init config took 2.98s 
12279      INFO  main            d.u.i.k.p.i.AbstractProblemLoader Replaying proof LabeledCase[LabeledCase::m(int)].JML normal_behavior operation contract.0 
12398      DEBUG main            d.u.i.k.p.i.IntermediateProofReplayer Proof replay took 106.75ms 
12414      DEBUG main            d.u.i.k.p.r.p.TestFile    ... success: reloaded. 
12416      INFO  main            d.u.i.k.p.r.p.TestFile    Now processing file /home/runner/work/key/key/key.core/../key.ui/examples/standard_key/java_dl/switch/empty_switch.key 
12416      INFO  main            d.u.i.k.p.i.AbstractProblemLoader Loading environment from /home/runner/work/key/key/key.core/../key.ui/examples/standard_key/java_dl/switch/empty_switch.key 
12417      DEBUG main            d.u.i.k.p.i.AbstractProblemLoader Environment load took 231.7ns 
12418      INFO  main            d.u.i.k.p.i.AbstractProblemLoader Creating init config 
15176      DEBUG main            d.u.i.k.p.i.AbstractProblemLoader Init config took 2.76s 
15206      INFO  main            d.u.i.k.p.i.AbstractProblemLoader Replaying proof empty_switch.key 
15208      DEBUG main            d.u.i.k.p.i.IntermediateProofReplayer Proof replay took 14.5ns 
15311      INFO  main            d.u.i.k.p.r.p.TestFile    ... finished proof: closed. 
15446      INFO  main            d.u.i.k.p.i.AbstractProblemLoader Loading environment from /home/runner/work/key/key/key.core/../key.ui/examples/standard_key/java_dl/switch/empty_switch.key.proof 
15446      DEBUG main            d.u.i.k.p.i.AbstractProblemLoader Environment load took 143.1ns 
15447      INFO  main            d.u.i.k.p.i.AbstractProblemLoader Creating init config 
18114      DEBUG main            d.u.i.k.p.i.AbstractProblemLoader Init config took 2.67s 
18138      INFO  main            d.u.i.k.p.i.AbstractProblemLoader Replaying proof empty_switch.key.proof 
18143      DEBUG main            d.u.i.k.p.i.IntermediateProofReplayer Proof replay took 2.09ms 
18144      DEBUG main            d.u.i.k.p.r.p.TestFile    ... success: reloaded. 
18144      INFO  main            d.u.i.k.p.r.p.TestFile    Now processing file /home/runner/work/key/key/key.core/../key.ui/examples/standard_key/java_dl/switch/empty_switch_null.key 
18145      INFO  main            d.u.i.k.p.i.AbstractProblemLoader Loading environment from /home/runner/work/key/key/key.core/../key.ui/examples/standard_key/java_dl/switch/empty_switch_null.key 
18145      DEBUG main            d.u.i.k.p.i.AbstractProblemLoader Environment load took 185.9ns 
18146      INFO  main            d.u.i.k.p.i.AbstractProblemLoader Creating init config 
20761      DEBUG main            d.u.i.k.p.i.AbstractProblemLoader Init config took 2.61s 
20798      INFO  main            d.u.i.k.p.i.AbstractProblemLoader Replaying proof empty_switch_null.key 
20800      DEBUG main            d.u.i.k.p.i.IntermediateProofReplayer Proof replay took 6.7ns 
21006      INFO  main            d.u.i.k.p.r.p.TestFile    ... finished proof: closed. 
21146      INFO  main            d.u.i.k.p.i.AbstractProblemLoader Loading environment from /home/runner/work/key/key/key.core/../key.ui/examples/standard_key/java_dl/switch/empty_switch_null.key.proof 
21147      DEBUG main            d.u.i.k.p.i.AbstractProblemLoader Environment load took 540.01ns 
21149      INFO  main            d.u.i.k.p.i.AbstractProblemLoader Creating init config 
23736      DEBUG main            d.u.i.k.p.i.AbstractProblemLoader Init config took 2.59s 
23757      INFO  main            d.u.i.k.p.i.AbstractProblemLoader Replaying proof empty_switch_null.key.proof 
23791      DEBUG main            d.u.i.k.p.i.IntermediateProofReplayer Proof replay took 30.56ms 
23792      DEBUG main            d.u.i.k.p.r.p.TestFile    ... success: reloaded. 
23793      INFO  main            d.u.i.k.p.r.p.TestFile    Now processing file /home/runner/work/key/key/key.core/../key.ui/examples/standard_key/java_dl/switch/empty_switch_null_catch.key 
23793      INFO  main            d.u.i.k.p.i.AbstractProblemLoader Loading environment from /home/runner/work/key/key/key.core/../key.ui/examples/standard_key/java_dl/switch/empty_switch_null_catch.key 
23794      DEBUG main            d.u.i.k.p.i.AbstractProblemLoader Environment load took 187.2ns 
23795      INFO  main            d.u.i.k.p.i.AbstractProblemLoader Creating init config 
26426      DEBUG main            d.u.i.k.p.i.AbstractProblemLoader Init config took 2.63s 
26454      INFO  main            d.u.i.k.p.i.AbstractProblemLoader Replaying proof empty_switch_null_catch.key 
26458      DEBUG main            d.u.i.k.p.i.IntermediateProofReplayer Proof replay took 8.1ns 
26661      INFO  main            d.u.i.k.p.r.p.TestFile    ... finished proof: closed. 
26832      INFO  main            d.u.i.k.p.i.AbstractProblemLoader Loading environment from /home/runner/work/key/key/key.core/../key.ui/examples/standard_key/java_dl/switch/empty_switch_null_catch.key.proof 
26833      DEBUG main            d.u.i.k.p.i.AbstractProblemLoader Environment load took 542.21ns 
26837      INFO  main            d.u.i.k.p.i.AbstractProblemLoader Creating init config 
29456      DEBUG main            d.u.i.k.p.i.AbstractProblemLoader Init config took 2.62s 
29478      INFO  main            d.u.i.k.p.i.AbstractProblemLoader Replaying proof empty_switch_null_catch.key.proof 
29512      DEBUG main            d.u.i.k.p.i.IntermediateProofReplayer Proof replay took 31.85ms 
29513      DEBUG main            d.u.i.k.p.r.p.TestFile    ... success: reloaded. 
29514      INFO  main            d.u.i.k.p.r.p.TestFile    Now processing file /home/runner/work/key/key/key.core/../key.ui/examples/standard_key/java_dl/switch/empty_switch_array_out_of_bounds.key 
29515      INFO  main            d.u.i.k.p.i.AbstractProblemLoader Loading environment from /home/runner/work/key/key/key.core/../key.ui/examples/standard_key/java_dl/switch/empty_switch_array_out_of_bounds.key 
29515      DEBUG main            d.u.i.k.p.i.AbstractProblemLoader Environment load took 176.9ns 
29516      INFO  main            d.u.i.k.p.i.AbstractProblemLoader Creating init config 
32126      DEBUG main            d.u.i.k.p.i.AbstractProblemLoader Init config took 2.61s 
32148      INFO  main            d.u.i.k.p.i.AbstractProblemLoader Replaying proof empty_switch_array_out_of_bounds.key 
32151      DEBUG main            d.u.i.k.p.i.IntermediateProofReplayer Proof replay took 7.4ns 
32355      INFO  main            d.u.i.k.p.r.p.TestFile    ... finished proof: closed. 
32522      INFO  main            d.u.i.k.p.i.AbstractProblemLoader Loading environment from /home/runner/work/key/key/key.core/../key.ui/examples/standard_key/java_dl/switch/empty_switch_array_out_of_bounds.key.proof 
32523      DEBUG main            d.u.i.k.p.i.AbstractProblemLoader Environment load took 405.51ns 
32524      INFO  main            d.u.i.k.p.i.AbstractProblemLoader Creating init config 
35080      DEBUG main            d.u.i.k.p.i.AbstractProblemLoader Init config took 2.56s 
35101      INFO  main            d.u.i.k.p.i.AbstractProblemLoader Replaying proof empty_switch_array_out_of_bounds.key.proof 
35155      DEBUG main            d.u.i.k.p.i.IntermediateProofReplayer Proof replay took 51.04ms 
35157      DEBUG main            d.u.i.k.p.r.p.TestFile    ... success: reloaded. 
35158      INFO  main            d.u.i.k.p.r.p.TestFile    Now processing file /home/runner/work/key/key/key.core/../key.ui/examples/standard_key/java_dl/switch/empty_switch_array_out_of_bounds_catch.key 
35158      INFO  main            d.u.i.k.p.i.AbstractProblemLoader Loading environment from /home/runner/work/key/key/key.core/../key.ui/examples/standard_key/java_dl/switch/empty_switch_array_out_of_bounds_catch.key 
35158      DEBUG main            d.u.i.k.p.i.AbstractProblemLoader Environment load took 193.2ns 
35160      INFO  main            d.u.i.k.p.i.AbstractProblemLoader Creating init config 
37810      DEBUG main            d.u.i.k.p.i.AbstractProblemLoader Init config took 2.65s 
37832      INFO  main            d.u.i.k.p.i.AbstractProblemLoader Replaying proof empty_switch_array_out_of_bounds_catch.key 
37835      DEBUG main            d.u.i.k.p.i.IntermediateProofReplayer Proof replay took 7.2ns 
38038      INFO  main            d.u.i.k.p.r.p.TestFile    ... finished proof: closed. 
38225      INFO  main            d.u.i.k.p.i.AbstractProblemLoader Loading environment from /home/runner/work/key/key/key.core/../key.ui/examples/standard_key/java_dl/switch/empty_switch_array_out_of_bounds_catch.key.proof 
38226      DEBUG main            d.u.i.k.p.i.AbstractProblemLoader Environment load took 135.2ns 
38227      INFO  main            d.u.i.k.p.i.AbstractProblemLoader Creating init config 
40753      DEBUG main            d.u.i.k.p.i.AbstractProblemLoader Init config took 2.53s 
40786      INFO  main            d.u.i.k.p.i.AbstractProblemLoader Replaying proof empty_switch_array_out_of_bounds_catch.key.proof 
40841      DEBUG main            d.u.i.k.p.i.IntermediateProofReplayer Proof replay took 49.18ms 
40846      DEBUG main            d.u.i.k.p.r.p.TestFile    ... success: reloaded. 
40847      INFO  main            d.u.i.k.p.r.p.TestFile    Now processing file /home/runner/work/key/key/key.core/../key.ui/examples/standard_key/java_dl/switch/switch_in_switch.key 
40847      INFO  main            d.u.i.k.p.i.AbstractProblemLoader Loading environment from /home/runner/work/key/key/key.core/../key.ui/examples/standard_key/java_dl/switch/switch_in_switch.key 
40848      DEBUG main            d.u.i.k.p.i.AbstractProblemLoader Environment load took 219.8ns 
40851      INFO  main            d.u.i.k.p.i.AbstractProblemLoader Creating init config 
43517      DEBUG main            d.u.i.k.p.i.AbstractProblemLoader Init config took 2.67s 
43563      INFO  main            d.u.i.k.p.i.AbstractProblemLoader Replaying proof SwitchInSwitch[SwitchInSwitch::m(int)].JML normal_behavior operation contract.0 
43564      DEBUG main            d.u.i.k.p.i.IntermediateProofReplayer Proof replay took 7ns 
47798      INFO  main            d.u.i.k.p.r.p.TestFile    ... finished proof: closed. 
48068      INFO  main            d.u.i.k.p.i.AbstractProblemLoader Loading environment from /home/runner/work/key/key/key.core/../key.ui/examples/standard_key/java_dl/switch/switch_in_switch.key.proof 
48069      DEBUG main            d.u.i.k.p.i.AbstractProblemLoader Environment load took 399.61ns 
48071      INFO  main            d.u.i.k.p.i.AbstractProblemLoader Creating init config 
50649      DEBUG main            d.u.i.k.p.i.AbstractProblemLoader Init config took 2.58s 
50708      INFO  main            d.u.i.k.p.i.AbstractProblemLoader Replaying proof SwitchInSwitch[SwitchInSwitch::m(int)].JML normal_behavior operation contract.0 
51257      DEBUG main            d.u.i.k.p.i.IntermediateProofReplayer Proof replay took 520.03ms 
51259      DEBUG main            d.u.i.k.p.r.p.TestFile    ... success: reloaded. 
51260      INFO  main            d.u.i.k.p.r.p.TestFile    Now processing file /home/runner/work/key/key/key.core/../key.ui/examples/standard_key/java_dl/switch/while_and_switch.key 
51260      INFO  main            d.u.i.k.p.i.AbstractProblemLoader Loading environment from /home/runner/work/key/key/key.core/../key.ui/examples/standard_key/java_dl/switch/while_and_switch.key 
51260      DEBUG main            d.u.i.k.p.i.AbstractProblemLoader Environment load took 109.2ns 
51261      INFO  main            d.u.i.k.p.i.AbstractProblemLoader Creating init config 
53891      DEBUG main            d.u.i.k.p.i.AbstractProblemLoader Init config took 2.63s 
53937      INFO  main            d.u.i.k.p.i.AbstractProblemLoader Replaying proof WhileAndSwitch[WhileAndSwitch::m(int)].JML normal_behavior operation contract.0 
53940      DEBUG main            d.u.i.k.p.i.IntermediateProofReplayer Proof replay took 7.7ns 
54648      INFO  main            d.u.i.k.p.r.p.TestFile    ... finished proof: closed. 
54863      INFO  main            d.u.i.k.p.i.AbstractProblemLoader Loading environment from /home/runner/work/key/key/key.core/../key.ui/examples/standard_key/java_dl/switch/while_and_switch.key.proof 
54864      DEBUG main            d.u.i.k.p.i.AbstractProblemLoader Environment load took 648.31ns 
54865      INFO  main            d.u.i.k.p.i.AbstractProblemLoader Creating init config 
57516      DEBUG main            d.u.i.k.p.i.AbstractProblemLoader Init config took 2.65s 
57566      INFO  main            d.u.i.k.p.i.AbstractProblemLoader Replaying proof WhileAndSwitch[WhileAndSwitch::m(int)].JML normal_behavior operation contract.0 
57719      DEBUG main            d.u.i.k.p.i.IntermediateProofReplayer Proof replay took 145.49ms 
57722      DEBUG main            d.u.i.k.p.r.p.TestFile    ... success: reloaded. 
57724      INFO  main            d.u.i.k.p.r.p.TestFile    Now processing file /home/runner/work/key/key/key.core/../key.ui/examples/standard_key/java_dl/switch/large_switch.key 
57726      INFO  main            d.u.i.k.p.i.AbstractProblemLoader Loading environment from /home/runner/work/key/key/key.core/../key.ui/examples/standard_key/java_dl/switch/large_switch.key 
57727      DEBUG main            d.u.i.k.p.i.AbstractProblemLoader Environment load took 209.3ns 
57728      INFO  main            d.u.i.k.p.i.AbstractProblemLoader Creating init config 
60321      DEBUG main            d.u.i.k.p.i.AbstractProblemLoader Init config took 2.59s 
60362      INFO  main            d.u.i.k.p.i.AbstractProblemLoader Replaying proof LargeSwitch[LargeSwitch::m(int)].JML normal_behavior operation contract.0 
60363      DEBUG main            d.u.i.k.p.i.IntermediateProofReplayer Proof replay took 6.5ns 
61819      INFO  main            d.u.i.k.p.r.p.TestFile    ... finished proof: closed. 
62027      INFO  main            d.u.i.k.p.i.AbstractProblemLoader Loading environment from /home/runner/work/key/key/key.core/../key.ui/examples/standard_key/java_dl/switch/large_switch.key.proof 
62027      DEBUG main            d.u.i.k.p.i.AbstractProblemLoader Environment load took 427.21ns 
62029      INFO  main            d.u.i.k.p.i.AbstractProblemLoader Creating init config 
64640      DEBUG main            d.u.i.k.p.i.AbstractProblemLoader Init config took 2.61s 
64687      INFO  main            d.u.i.k.p.i.AbstractProblemLoader Replaying proof LargeSwitch[LargeSwitch::m(int)].JML normal_behavior operation contract.0 
65065      DEBUG main            d.u.i.k.p.i.IntermediateProofReplayer Proof replay took 358.38ms 
65067      DEBUG main            d.u.i.k.p.r.p.TestFile    ... success: reloaded. 
5206641    INFO  Test worker     d.u.i.k.p.r.RunAllProofsTestUnit Returning from test switch 
5206642    INFO  Test worker     d.u.i.k.p.r.RunAllProofsTestUnit Running test redux 
353        INFO  Timeout watchdog d.u.i.k.p.r.p.ForkedTestFileRunner Timeout watcher launched (2000 secs.) 
353        WARN  main            d.u.i.k.s.ProofSettings   The settings in /home/runner/.key/proof-settings.props are *not* read. 
403        INFO  main            d.u.i.k.p.r.p.TestFile    Now processing file /home/runner/work/key/key/key.core/../key.ui/examples/redux/arrays/Arrays.copyOf.key 
552        INFO  main            d.u.i.k.p.i.AbstractProblemLoader Loading environment from /home/runner/work/key/key/key.core/../key.ui/examples/redux/arrays/Arrays.copyOf.key 
568        DEBUG main            d.u.i.k.p.i.AbstractProblemLoader Environment load took 2.08ms 
805        INFO  main            d.u.i.k.p.i.AbstractProblemLoader Creating init config 
1829       DEBUG main            d.u.i.k.j.TypeConverter   No LDT found for Meta 
1832       DEBUG main            d.u.i.k.j.TypeConverter   No LDT found for Meta 
1835       DEBUG main            d.u.i.k.j.TypeConverter   No LDT found for Meta 
1835       DEBUG main            d.u.i.k.j.TypeConverter   No LDT found for Meta 
3261       DEBUG main            d.u.i.k.j.TypeConverter   No LDT found for JavaBigintExpression 
8691       DEBUG main            d.u.i.k.p.i.AbstractProblemLoader Init config took 7.89s 
8816       INFO  main            d.u.i.k.p.i.AbstractProblemLoader Replaying proof Arrays[Arrays::copyOf([I,int)].JML normal_behavior operation contract.0 
8849       DEBUG main            d.u.i.k.p.i.IntermediateProofReplayer Proof replay took 35.8ns 
13979      INFO  main            d.u.i.k.p.r.p.TestFile    ... finished proof: closed. 
14182      INFO  main            d.u.i.k.p.i.AbstractProblemLoader Loading environment from /home/runner/work/key/key/key.core/../key.ui/examples/redux/arrays/Arrays.copyOf.key.proof 
14183      DEBUG main            d.u.i.k.p.i.AbstractProblemLoader Environment load took 441.91ns 
14185      INFO  main            d.u.i.k.p.i.AbstractProblemLoader Creating init config 
17566      DEBUG main            d.u.i.k.p.i.AbstractProblemLoader Init config took 3.38s 
17639      INFO  main            d.u.i.k.p.i.AbstractProblemLoader Replaying proof Arrays[Arrays::copyOf([I,int)].JML normal_behavior operation contract.0 
18163      DEBUG main            d.u.i.k.p.i.IntermediateProofReplayer Proof replay took 502.91ms 
18171      DEBUG main            d.u.i.k.p.r.p.TestFile    ... success: reloaded. 
18172      INFO  main            d.u.i.k.p.r.p.TestFile    Now processing file /home/runner/work/key/key/key.core/../key.ui/examples/redux/arrays/Arrays.copyOf.float.key 
18173      INFO  main            d.u.i.k.p.i.AbstractProblemLoader Loading environment from /home/runner/work/key/key/key.core/../key.ui/examples/redux/arrays/Arrays.copyOf.float.key 
18173      DEBUG main            d.u.i.k.p.i.AbstractProblemLoader Environment load took 198.6ns 
18174      INFO  main            d.u.i.k.p.i.AbstractProblemLoader Creating init config 
21459      DEBUG main            d.u.i.k.p.i.AbstractProblemLoader Init config took 3.28s 
21515      INFO  main            d.u.i.k.p.i.AbstractProblemLoader Replaying proof Arrays[Arrays::copyOf([F,int)].JML normal_behavior operation contract.0 
21517      DEBUG main            d.u.i.k.p.i.IntermediateProofReplayer Proof replay took 7.6ns 
21544      DEBUG main            d.u.i.k.m.s.ProofScriptEngine 1: 'macro autopilot' 
26315      DEBUG main            d.u.i.k.m.s.ProofScriptEngine 2: 'smt solver=Z3' 
26391      INFO  main            d.u.i.k.m.s.SMTCommand    Finished run on goal 17 in 45ms, result is valid 
26392      DEBUG main            d.u.i.k.m.s.ProofScriptEngine 3: 'tryclose' 
28174      INFO  main            d.u.i.k.p.r.p.TestFile    ... finished proof: closed. 
28426      INFO  main            d.u.i.k.p.i.AbstractProblemLoader Loading environment from /home/runner/work/key/key/key.core/../key.ui/examples/redux/arrays/Arrays.copyOf.float.key.proof 
28426      DEBUG main            d.u.i.k.p.i.AbstractProblemLoader Environment load took 409.71ns 
28431      INFO  main            d.u.i.k.p.i.AbstractProblemLoader Creating init config 
31617      DEBUG main            d.u.i.k.p.i.AbstractProblemLoader Init config took 3.19s 
31676      INFO  main            d.u.i.k.p.i.AbstractProblemLoader Replaying proof Arrays[Arrays::copyOf([F,int)].JML normal_behavior operation contract.0 
31770      INFO  main            d.u.i.k.s.SMTFocusResults Analyzing unsat core: (L_6) 
32478      DEBUG main            d.u.i.k.p.i.IntermediateProofReplayer Proof replay took 781.22ms 
32480      DEBUG main            d.u.i.k.p.r.p.TestFile    ... success: reloaded. 
32481      INFO  main            d.u.i.k.p.r.p.TestFile    Now processing file /home/runner/work/key/key/key.core/../key.ui/examples/redux/arrays/Arrays.copyOfRange.key 
32482      INFO  main            d.u.i.k.p.i.AbstractProblemLoader Loading environment from /home/runner/work/key/key/key.core/../key.ui/examples/redux/arrays/Arrays.copyOfRange.key 
32482      DEBUG main            d.u.i.k.p.i.AbstractProblemLoader Environment load took 191.3ns 
32483      INFO  main            d.u.i.k.p.i.AbstractProblemLoader Creating init config 
35680      DEBUG main            d.u.i.k.p.i.AbstractProblemLoader Init config took 3.2s 
35726      INFO  main            d.u.i.k.p.i.AbstractProblemLoader Replaying proof Arrays[Arrays::copyOfRange([I,int,int)].JML normal_behavior operation contract.0 
35728      DEBUG main            d.u.i.k.p.i.IntermediateProofReplayer Proof replay took 5.8ns 
40384      INFO  main            d.u.i.k.p.r.p.TestFile    ... finished proof: closed. 
40629      INFO  main            d.u.i.k.p.i.AbstractProblemLoader Loading environment from /home/runner/work/key/key/key.core/../key.ui/examples/redux/arrays/Arrays.copyOfRange.key.proof 
40630      DEBUG main            d.u.i.k.p.i.AbstractProblemLoader Environment load took 405.01ns 
40632      INFO  main            d.u.i.k.p.i.AbstractProblemLoader Creating init config 
43724      DEBUG main            d.u.i.k.p.i.AbstractProblemLoader Init config took 3.09s 
43785      INFO  main            d.u.i.k.p.i.AbstractProblemLoader Replaying proof Arrays[Arrays::copyOfRange([I,int,int)].JML normal_behavior operation contract.0 
44308      DEBUG main            d.u.i.k.p.i.IntermediateProofReplayer Proof replay took 500.88ms 
44310      DEBUG main            d.u.i.k.p.r.p.TestFile    ... success: reloaded. 
44311      INFO  main            d.u.i.k.p.r.p.TestFile    Now processing file /home/runner/work/key/key/key.core/../key.ui/examples/redux/arrays/Arrays.copyOfRange.float.key 
44311      INFO  main            d.u.i.k.p.i.AbstractProblemLoader Loading environment from /home/runner/work/key/key/key.core/../key.ui/examples/redux/arrays/Arrays.copyOfRange.float.key 
44311      DEBUG main            d.u.i.k.p.i.AbstractProblemLoader Environment load took 182.3ns 
44312      INFO  main            d.u.i.k.p.i.AbstractProblemLoader Creating init config 
47428      DEBUG main            d.u.i.k.p.i.AbstractProblemLoader Init config took 3.12s 
47472      INFO  main            d.u.i.k.p.i.AbstractProblemLoader Replaying proof Arrays[Arrays::copyOfRange([F,int,int)].JML normal_behavior operation contract.0 
47474      DEBUG main            d.u.i.k.p.i.IntermediateProofReplayer Proof replay took 7.1ns 
47475      DEBUG main            d.u.i.k.m.s.ProofScriptEngine 1: 'macro autopilot' 
53739      DEBUG main            d.u.i.k.m.s.ProofScriptEngine 2: 'smt solver=Z3' 
53791      INFO  main            d.u.i.k.m.s.SMTCommand    Finished run on goal 27 in 46ms, result is valid 
53791      DEBUG main            d.u.i.k.m.s.ProofScriptEngine 3: 'tryclose' 
57492      INFO  main            d.u.i.k.p.r.p.TestFile    ... finished proof: closed. 
57720      INFO  main            d.u.i.k.p.i.AbstractProblemLoader Loading environment from /home/runner/work/key/key/key.core/../key.ui/examples/redux/arrays/Arrays.copyOfRange.float.key.proof 
57721      DEBUG main            d.u.i.k.p.i.AbstractProblemLoader Environment load took 424.41ns 
57723      INFO  main            d.u.i.k.p.i.AbstractProblemLoader Creating init config 
60794      DEBUG main            d.u.i.k.p.i.AbstractProblemLoader Init config took 3.07s 
60836      INFO  main            d.u.i.k.p.i.AbstractProblemLoader Replaying proof Arrays[Arrays::copyOfRange([F,int,int)].JML normal_behavior operation contract.0 
60911      INFO  main            d.u.i.k.s.SMTFocusResults Analyzing unsat core: (L_8) 
61833      DEBUG main            d.u.i.k.p.i.IntermediateProofReplayer Proof replay took 972.84ms 
61835      DEBUG main            d.u.i.k.p.r.p.TestFile    ... success: reloaded. 
61838      INFO  main            d.u.i.k.p.r.p.TestFile    Now processing file /home/runner/work/key/key/key.core/../key.ui/examples/redux/arrays/Arrays.equals.key 
61838      INFO  main            d.u.i.k.p.i.AbstractProblemLoader Loading environment from /home/runner/work/key/key/key.core/../key.ui/examples/redux/arrays/Arrays.equals.key 
61839      DEBUG main            d.u.i.k.p.i.AbstractProblemLoader Environment load took 198.4ns 
61840      INFO  main            d.u.i.k.p.i.AbstractProblemLoader Creating init config 
64975      DEBUG main            d.u.i.k.p.i.AbstractProblemLoader Init config took 3.14s 
65057      INFO  main            d.u.i.k.p.i.AbstractProblemLoader Replaying proof Arrays[Arrays::equals([B,[B)].JML normal_behavior operation contract.0 
65059      DEBUG main            d.u.i.k.p.i.IntermediateProofReplayer Proof replay took 5.8ns 
65563      INFO  main            d.u.i.k.p.r.p.TestFile    ... finished proof: closed. 
65835      INFO  main            d.u.i.k.p.i.AbstractProblemLoader Loading environment from /home/runner/work/key/key/key.core/../key.ui/examples/redux/arrays/Arrays.equals.key.proof 
65835      DEBUG main            d.u.i.k.p.i.AbstractProblemLoader Environment load took 570.81ns 
65837      INFO  main            d.u.i.k.p.i.AbstractProblemLoader Creating init config 
68859      DEBUG main            d.u.i.k.p.i.AbstractProblemLoader Init config took 3.02s 
68900      INFO  main            d.u.i.k.p.i.AbstractProblemLoader Replaying proof Arrays[Arrays::equals([B,[B)].JML normal_behavior operation contract.0 
69045      DEBUG main            d.u.i.k.p.i.IntermediateProofReplayer Proof replay took 140.38ms 
69046      DEBUG main            d.u.i.k.p.r.p.TestFile    ... success: reloaded. 
69047      INFO  main            d.u.i.k.p.r.p.TestFile    Now processing file /home/runner/work/key/key/key.core/../key.ui/examples/redux/arrays/Arrays.fill.key 
69048      INFO  main            d.u.i.k.p.i.AbstractProblemLoader Loading environment from /home/runner/work/key/key/key.core/../key.ui/examples/redux/arrays/Arrays.fill.key 
69048      DEBUG main            d.u.i.k.p.i.AbstractProblemLoader Environment load took 182.3ns 
69049      INFO  main            d.u.i.k.p.i.AbstractProblemLoader Creating init config 
72044      DEBUG main            d.u.i.k.p.i.AbstractProblemLoader Init config took 2.99s 
72081      INFO  main            d.u.i.k.p.i.AbstractProblemLoader Replaying proof Arrays[Arrays::fill([I,int)].JML normal_behavior operation contract.0 
72082      DEBUG main            d.u.i.k.p.i.IntermediateProofReplayer Proof replay took 6.9ns 
72286      INFO  main            d.u.i.k.p.r.p.TestFile    ... finished proof: closed. 
72480      INFO  main            d.u.i.k.p.i.AbstractProblemLoader Loading environment from /home/runner/work/key/key/key.core/../key.ui/examples/redux/arrays/Arrays.fill.key.proof 
72481      DEBUG main            d.u.i.k.p.i.AbstractProblemLoader Environment load took 153.1ns 
72482      INFO  main            d.u.i.k.p.i.AbstractProblemLoader Creating init config 
75497      DEBUG main            d.u.i.k.p.i.AbstractProblemLoader Init config took 3.01s 
75534      INFO  main            d.u.i.k.p.i.AbstractProblemLoader Replaying proof Arrays[Arrays::fill([I,int)].JML normal_behavior operation contract.0 
75566      DEBUG main            d.u.i.k.p.i.IntermediateProofReplayer Proof replay took 30.72ms 
75567      DEBUG main            d.u.i.k.p.r.p.TestFile    ... success: reloaded. 
75568      INFO  main            d.u.i.k.p.r.p.TestFile    Now processing file /home/runner/work/key/key/key.core/../key.ui/examples/redux/arrays/Arrays.fill.float.key 
75568      INFO  main            d.u.i.k.p.i.AbstractProblemLoader Loading environment from /home/runner/work/key/key/key.core/../key.ui/examples/redux/arrays/Arrays.fill.float.key 
75568      DEBUG main            d.u.i.k.p.i.AbstractProblemLoader Environment load took 113.6ns 
75569      INFO  main            d.u.i.k.p.i.AbstractProblemLoader Creating init config 
78580      DEBUG main            d.u.i.k.p.i.AbstractProblemLoader Init config took 3.01s 
78616      INFO  main            d.u.i.k.p.i.AbstractProblemLoader Replaying proof Arrays[Arrays::fill([F,float)].JML normal_behavior operation contract.0 
78617      DEBUG main            d.u.i.k.p.i.IntermediateProofReplayer Proof replay took 7.6ns 
78822      INFO  main            d.u.i.k.p.r.p.TestFile    ... finished proof: closed. 
79027      INFO  main            d.u.i.k.p.i.AbstractProblemLoader Loading environment from /home/runner/work/key/key/key.core/../key.ui/examples/redux/arrays/Arrays.fill.float.key.proof 
79027      DEBUG main            d.u.i.k.p.i.AbstractProblemLoader Environment load took 144.6ns 
79030      INFO  main            d.u.i.k.p.i.AbstractProblemLoader Creating init config 
82029      DEBUG main            d.u.i.k.p.i.AbstractProblemLoader Init config took 3s 
82080      INFO  main            d.u.i.k.p.i.AbstractProblemLoader Replaying proof Arrays[Arrays::fill([F,float)].JML normal_behavior operation contract.0 
82124      DEBUG main            d.u.i.k.p.i.IntermediateProofReplayer Proof replay took 41.48ms 
82125      DEBUG main            d.u.i.k.p.r.p.TestFile    ... success: reloaded. 
82126      INFO  main            d.u.i.k.p.r.p.TestFile    Now processing file /home/runner/work/key/key/key.core/../key.ui/examples/redux/arrays/Arrays.fillFromTo.key 
82126      INFO  main            d.u.i.k.p.i.AbstractProblemLoader Loading environment from /home/runner/work/key/key/key.core/../key.ui/examples/redux/arrays/Arrays.fillFromTo.key 
82126      DEBUG main            d.u.i.k.p.i.AbstractProblemLoader Environment load took 94ns 
82127      INFO  main            d.u.i.k.p.i.AbstractProblemLoader Creating init config 
85189      DEBUG main            d.u.i.k.p.i.AbstractProblemLoader Init config took 3.06s 
85232      INFO  main            d.u.i.k.p.i.AbstractProblemLoader Replaying proof Arrays[Arrays::fill([I,int,int,int)].JML normal_behavior operation contract.0 
85233      DEBUG main            d.u.i.k.p.i.IntermediateProofReplayer Proof replay took 7.3ns 
85843      INFO  main            d.u.i.k.p.r.p.TestFile    ... finished proof: closed. 
86089      INFO  main            d.u.i.k.p.i.AbstractProblemLoader Loading environment from /home/runner/work/key/key/key.core/../key.ui/examples/redux/arrays/Arrays.fillFromTo.key.proof 
86090      DEBUG main            d.u.i.k.p.i.AbstractProblemLoader Environment load took 405.51ns 
86091      INFO  main            d.u.i.k.p.i.AbstractProblemLoader Creating init config 
89067      DEBUG main            d.u.i.k.p.i.AbstractProblemLoader Init config took 2.98s 
89111      INFO  main            d.u.i.k.p.i.AbstractProblemLoader Replaying proof Arrays[Arrays::fill([I,int,int,int)].JML normal_behavior operation contract.0 
89232      DEBUG main            d.u.i.k.p.i.IntermediateProofReplayer Proof replay took 116.04ms 
89233      DEBUG main            d.u.i.k.p.r.p.TestFile    ... success: reloaded. 
89234      INFO  main            d.u.i.k.p.r.p.TestFile    Now processing file /home/runner/work/key/key/key.core/../key.ui/examples/redux/arrays/Arrays.fillFromTo.float.key 
89235      INFO  main            d.u.i.k.p.i.AbstractProblemLoader Loading environment from /home/runner/work/key/key/key.core/../key.ui/examples/redux/arrays/Arrays.fillFromTo.float.key 
89235      DEBUG main            d.u.i.k.p.i.AbstractProblemLoader Environment load took 179.8ns 
89236      INFO  main            d.u.i.k.p.i.AbstractProblemLoader Creating init config 
92294      DEBUG main            d.u.i.k.p.i.AbstractProblemLoader Init config took 3.06s 
92332      INFO  main            d.u.i.k.p.i.AbstractProblemLoader Replaying proof Arrays[Arrays::fill([F,int,int,float)].JML normal_behavior operation contract.0 
92334      DEBUG main            d.u.i.k.p.i.IntermediateProofReplayer Proof replay took 7.2ns 
93038      INFO  main            d.u.i.k.p.r.p.TestFile    ... finished proof: closed. 
93283      INFO  main            d.u.i.k.p.i.AbstractProblemLoader Loading environment from /home/runner/work/key/key/key.core/../key.ui/examples/redux/arrays/Arrays.fillFromTo.float.key.proof 
93284      DEBUG main            d.u.i.k.p.i.AbstractProblemLoader Environment load took 536.61ns 
93285      INFO  main            d.u.i.k.p.i.AbstractProblemLoader Creating init config 
96274      DEBUG main            d.u.i.k.p.i.AbstractProblemLoader Init config took 2.99s 
96310      INFO  main            d.u.i.k.p.i.AbstractProblemLoader Replaying proof Arrays[Arrays::fill([F,int,int,float)].JML normal_behavior operation contract.0 
96463      DEBUG main            d.u.i.k.p.i.IntermediateProofReplayer Proof replay took 148.76ms 
96465      DEBUG main            d.u.i.k.p.r.p.TestFile    ... success: reloaded. 
96465      INFO  main            d.u.i.k.p.r.p.TestFile    Now processing file /home/runner/work/key/key/key.core/../key.ui/examples/redux/arrays/ArrayCopy.arraycopy.normal.0.key 
96466      INFO  main            d.u.i.k.p.i.AbstractProblemLoader Loading environment from /home/runner/work/key/key/key.core/../key.ui/examples/redux/arrays/ArrayCopy.arraycopy.normal.0.key 
96466      DEBUG main            d.u.i.k.p.i.AbstractProblemLoader Environment load took 100.8ns 
96467      INFO  main            d.u.i.k.p.i.AbstractProblemLoader Creating init config 
99467      DEBUG main            d.u.i.k.p.i.AbstractProblemLoader Init config took 3s 
99503      INFO  main            d.u.i.k.p.i.AbstractProblemLoader Replaying proof ArrayCopy[ArrayCopy::arraycopy(java.lang.Object,int,java.lang.Object,int,int)].JML normal_behavior operation contract.0 
99504      DEBUG main            d.u.i.k.p.i.IntermediateProofReplayer Proof replay took 6.4ns 
105859     INFO  main            d.u.i.k.p.r.p.TestFile    ... finished proof: closed. 
106103     INFO  main            d.u.i.k.p.i.AbstractProblemLoader Loading environment from /home/runner/work/key/key/key.core/../key.ui/examples/redux/arrays/ArrayCopy.arraycopy.normal.0.key.proof 
106103     DEBUG main            d.u.i.k.p.i.AbstractProblemLoader Environment load took 400.11ns 
106105     INFO  main            d.u.i.k.p.i.AbstractProblemLoader Creating init config 
109083     DEBUG main            d.u.i.k.p.i.AbstractProblemLoader Init config took 2.98s 
109119     INFO  main            d.u.i.k.p.i.AbstractProblemLoader Replaying proof ArrayCopy[ArrayCopy::arraycopy(java.lang.Object,int,java.lang.Object,int,int)].JML normal_behavior operation contract.0 
110050     DEBUG main            d.u.i.k.p.i.IntermediateProofReplayer Proof replay took 914.36ms 
110052     DEBUG main            d.u.i.k.p.r.p.TestFile    ... success: reloaded. 
110053     INFO  main            d.u.i.k.p.r.p.TestFile    Now processing file /home/runner/work/key/key/key.core/../key.ui/examples/redux/arrays/ArrayCopy.arraycopy.exceptional.0.key 
110053     INFO  main            d.u.i.k.p.i.AbstractProblemLoader Loading environment from /home/runner/work/key/key/key.core/../key.ui/examples/redux/arrays/ArrayCopy.arraycopy.exceptional.0.key 
110053     DEBUG main            d.u.i.k.p.i.AbstractProblemLoader Environment load took 192.1ns 
110054     INFO  main            d.u.i.k.p.i.AbstractProblemLoader Creating init config 
113027     DEBUG main            d.u.i.k.p.i.AbstractProblemLoader Init config took 2.97s 
113061     INFO  main            d.u.i.k.p.i.AbstractProblemLoader Replaying proof ArrayCopy[ArrayCopy::arraycopy(java.lang.Object,int,java.lang.Object,int,int)].JML exceptional_behavior operation contract.0 
113063     DEBUG main            d.u.i.k.p.i.IntermediateProofReplayer Proof replay took 6.2ns 
113466     INFO  main            d.u.i.k.p.r.p.TestFile    ... finished proof: closed. 
113678     INFO  main            d.u.i.k.p.i.AbstractProblemLoader Loading environment from /home/runner/work/key/key/key.core/../key.ui/examples/redux/arrays/ArrayCopy.arraycopy.exceptional.0.key.proof 
113678     DEBUG main            d.u.i.k.p.i.AbstractProblemLoader Environment load took 133.6ns 
113679     INFO  main            d.u.i.k.p.i.AbstractProblemLoader Creating init config 
116693     DEBUG main            d.u.i.k.p.i.AbstractProblemLoader Init config took 3.01s 
116726     INFO  main            d.u.i.k.p.i.AbstractProblemLoader Replaying proof ArrayCopy[ArrayCopy::arraycopy(java.lang.Object,int,java.lang.Object,int,int)].JML exceptional_behavior operation contract.0 
116834     DEBUG main            d.u.i.k.p.i.IntermediateProofReplayer Proof replay took 105.48ms 
116835     DEBUG main            d.u.i.k.p.r.p.TestFile    ... success: reloaded. 
116836     INFO  main            d.u.i.k.p.r.p.TestFile    Now processing file /home/runner/work/key/key/key.core/../key.ui/examples/redux/arrays/ArrayCopy.arraycopy.exceptional.1.key 
116837     INFO  main            d.u.i.k.p.i.AbstractProblemLoader Loading environment from /home/runner/work/key/key/key.core/../key.ui/examples/redux/arrays/ArrayCopy.arraycopy.exceptional.1.key 
116837     DEBUG main            d.u.i.k.p.i.AbstractProblemLoader Environment load took 63.3ns 
116837     INFO  main            d.u.i.k.p.i.AbstractProblemLoader Creating init config 
119781     DEBUG main            d.u.i.k.p.i.AbstractProblemLoader Init config took 2.94s 
119816     INFO  main            d.u.i.k.p.i.AbstractProblemLoader Replaying proof ArrayCopy[ArrayCopy::arraycopy(java.lang.Object,int,java.lang.Object,int,int)].JML exceptional_behavior operation contract.1 
119817     DEBUG main            d.u.i.k.p.i.IntermediateProofReplayer Proof replay took 6.1ns 
125950     INFO  main            d.u.i.k.p.r.p.TestFile    ... finished proof: closed. 
126218     INFO  main            d.u.i.k.p.i.AbstractProblemLoader Loading environment from /home/runner/work/key/key/key.core/../key.ui/examples/redux/arrays/ArrayCopy.arraycopy.exceptional.1.key.proof 
126219     DEBUG main            d.u.i.k.p.i.AbstractProblemLoader Environment load took 216.4ns 
126222     INFO  main            d.u.i.k.p.i.AbstractProblemLoader Creating init config 
129164     DEBUG main            d.u.i.k.p.i.AbstractProblemLoader Init config took 2.94s 
129198     INFO  main            d.u.i.k.p.i.AbstractProblemLoader Replaying proof ArrayCopy[ArrayCopy::arraycopy(java.lang.Object,int,java.lang.Object,int,int)].JML exceptional_behavior operation contract.1 
130767     DEBUG main            d.u.i.k.p.i.IntermediateProofReplayer Proof replay took 1.55s 
130769     DEBUG main            d.u.i.k.p.r.p.TestFile    ... success: reloaded. 
5337588    INFO  Test worker     d.u.i.k.p.r.RunAllProofsTestUnit Returning from test redux 
]]></system-out>
  <system-err><![CDATA[]]></system-err>
</testsuite>
