<?xml version="1.0" encoding="UTF-8"?>
<testsuite name="de.uka.ilkd.key.testcase.smt.testgen.TestTestgen" tests="1" skipped="0" failures="0" errors="0" timestamp="2023-05-27T17:00:15" hostname="fv-az252-451" time="4.288">
  <properties/>
  <testcase name="testMiddle()" classname="de.uka.ilkd.key.testcase.smt.testgen.TestTestgen" time="4.288"/>
  <system-out><![CDATA[15063      WARN  Test worker     d.u.i.k.t.s.t.TestTestgen Warning: Z3_CE is not installed, tests skipped. 
15063      WARN  Test worker     d.u.i.k.t.s.t.TestTestgen Maybe use JVM system property "z3SolverPath" to define the path to the Z3 command. 
15095      INFO  Test worker     d.u.i.k.p.i.AbstractProblemLoader Loading environment from src\test\resources\testcase\smt\tg\middle.key 
15095      DEBUG Test worker     d.u.i.k.p.i.AbstractProblemLoader Environment load took 325.6ns 
15095      WARN  Test worker     d.u.i.k.n.ParsingFacade   D:\a\key\key\key.core.testgen\src\test\resources\testcase\smt\tg\middle.key took 0 ms to parse. 
15095      WARN  Test worker     d.u.i.k.n.ParsingFacade   Parsing time 1270 ms. 
15110      INFO  Test worker     d.u.i.k.p.i.AbstractProblemLoader Creating init config 
16408      WARN  Test worker     d.u.i.k.n.ParsingFacade   jar:file:/D:/a/key/key/key.core/build/libs/key.core-2.11.0.jar!/de/uka/ilkd/key/java/JavaRedux/java/lang/String.key took 0 ms to parse. 
16408      WARN  Test worker     d.u.i.k.n.ParsingFacade   Parsing time 1270 ms. 
18699      DEBUG Test worker     d.u.i.k.p.i.AbstractProblemLoader Init config took 3.59s 
18801      INFO  Test worker     d.u.i.k.p.i.AbstractProblemLoader Replaying proof Middle[Middle::middle(int,int,int)].JML normal_behavior operation contract.0 
18801      DEBUG Test worker     d.u.i.k.p.i.IntermediateProofReplayer Proof replay took 16.6ns 
18808      WARN  Test worker     d.u.i.k.n.ParsingFacade   D:\a\key\key\key.core.testgen\src\test\resources\testcase\smt\tg\middle.key took 0 ms to parse. 
18808      WARN  Test worker     d.u.i.k.n.ParsingFacade   Parsing time 1270 ms. 
]]></system-out>
  <system-err><![CDATA[]]></system-err>
</testsuite>
