<?xml version="1.0" encoding="UTF-8"?>
<testsuite name="de.uka.ilkd.key.proof.proverules.ProveRulesTest" tests="196" skipped="0" failures="0" errors="0" timestamp="2023-03-09T10:24:02" hostname="fv-az449-773" time="902.089">
  <properties/>
  <testcase name="eqTermCut" classname="de.uka.ilkd.key.proof.proverules.ProveRulesTest" time="5.341"/>
  <testcase name="equivAllRight" classname="de.uka.ilkd.key.proof.proverules.ProveRulesTest" time="5.024"/>
  <testcase name="irrflConcrete1" classname="de.uka.ilkd.key.proof.proverules.ProveRulesTest" time="4.799"/>
  <testcase name="irrflConcrete2" classname="de.uka.ilkd.key.proof.proverules.ProveRulesTest" time="4.831"/>
  <testcase name="cancel_gtPos" classname="de.uka.ilkd.key.proof.proverules.ProveRulesTest" time="4.782"/>
  <testcase name="cancel_gtNeg" classname="de.uka.ilkd.key.proof.proverules.ProveRulesTest" time="4.61"/>
  <testcase name="moduloIntIsInInt" classname="de.uka.ilkd.key.proof.proverules.ProveRulesTest" time="4.549"/>
  <testcase name="moduloLongIsInLong" classname="de.uka.ilkd.key.proof.proverules.ProveRulesTest" time="4.549"/>
  <testcase name="moduloShortIsInShort" classname="de.uka.ilkd.key.proof.proverules.ProveRulesTest" time="4.421"/>
  <testcase name="moduloByteIsInByte" classname="de.uka.ilkd.key.proof.proverules.ProveRulesTest" time="4.418"/>
  <testcase name="moduloCharIsInChar" classname="de.uka.ilkd.key.proof.proverules.ProveRulesTest" time="4.562"/>
  <testcase name="div_unique1" classname="de.uka.ilkd.key.proof.proverules.ProveRulesTest" time="4.596"/>
  <testcase name="div_unique2" classname="de.uka.ilkd.key.proof.proverules.ProveRulesTest" time="4.62"/>
  <testcase name="div_exists" classname="de.uka.ilkd.key.proof.proverules.ProveRulesTest" time="4.89"/>
  <testcase name="div_one" classname="de.uka.ilkd.key.proof.proverules.ProveRulesTest" time="4.483"/>
  <testcase name="jdiv_one" classname="de.uka.ilkd.key.proof.proverules.ProveRulesTest" time="4.477"/>
  <testcase name="div_zero" classname="de.uka.ilkd.key.proof.proverules.ProveRulesTest" time="4.755"/>
  <testcase name="divResZero1" classname="de.uka.ilkd.key.proof.proverules.ProveRulesTest" time="4.701"/>
  <testcase name="divResZero2" classname="de.uka.ilkd.key.proof.proverules.ProveRulesTest" time="4.498"/>
  <testcase name="divResOne1" classname="de.uka.ilkd.key.proof.proverules.ProveRulesTest" time="4.464"/>
  <testcase name="divResOne2" classname="de.uka.ilkd.key.proof.proverules.ProveRulesTest" time="4.374"/>
  <testcase name="div_cancel1" classname="de.uka.ilkd.key.proof.proverules.ProveRulesTest" time="4.462"/>
  <testcase name="div_cancel2" classname="de.uka.ilkd.key.proof.proverules.ProveRulesTest" time="4.617"/>
  <testcase name="divAddMultDenom" classname="de.uka.ilkd.key.proof.proverules.ProveRulesTest" time="4.766"/>
  <testcase name="divMinus" classname="de.uka.ilkd.key.proof.proverules.ProveRulesTest" time="4.807"/>
  <testcase name="divMinusDenom" classname="de.uka.ilkd.key.proof.proverules.ProveRulesTest" time="4.539"/>
  <testcase name="divLeastDPos" classname="de.uka.ilkd.key.proof.proverules.ProveRulesTest" time="4.39"/>
  <testcase name="divLeastDNeg" classname="de.uka.ilkd.key.proof.proverules.ProveRulesTest" time="4.512"/>
  <testcase name="divGreatestDPos" classname="de.uka.ilkd.key.proof.proverules.ProveRulesTest" time="4.353"/>
  <testcase name="divGreatestDNeg" classname="de.uka.ilkd.key.proof.proverules.ProveRulesTest" time="4.345"/>
  <testcase name="divIncreasingPos" classname="de.uka.ilkd.key.proof.proverules.ProveRulesTest" time="4.49"/>
  <testcase name="divIncreasingNeg" classname="de.uka.ilkd.key.proof.proverules.ProveRulesTest" time="4.517"/>
  <testcase name="jdiv_zero" classname="de.uka.ilkd.key.proof.proverules.ProveRulesTest" time="4.373"/>
  <testcase name="jdivPulloutMinusNum" classname="de.uka.ilkd.key.proof.proverules.ProveRulesTest" time="4.479"/>
  <testcase name="jdivPulloutMinusDenom" classname="de.uka.ilkd.key.proof.proverules.ProveRulesTest" time="4.38"/>
  <testcase name="jdiv_uniquePosPos" classname="de.uka.ilkd.key.proof.proverules.ProveRulesTest" time="4.427"/>
  <testcase name="jdiv_uniquePosNeg" classname="de.uka.ilkd.key.proof.proverules.ProveRulesTest" time="4.455"/>
  <testcase name="jdiv_uniqueNegPos" classname="de.uka.ilkd.key.proof.proverules.ProveRulesTest" time="4.45"/>
  <testcase name="jdiv_uniqueNegNeg" classname="de.uka.ilkd.key.proof.proverules.ProveRulesTest" time="4.288"/>
  <testcase name="jdivMultDenom1" classname="de.uka.ilkd.key.proof.proverules.ProveRulesTest" time="4.653"/>
  <testcase name="jdivMultDenom2" classname="de.uka.ilkd.key.proof.proverules.ProveRulesTest" time="4.497"/>
  <testcase name="mod_geZero" classname="de.uka.ilkd.key.proof.proverules.ProveRulesTest" time="4.457"/>
  <testcase name="mod_lessDenom" classname="de.uka.ilkd.key.proof.proverules.ProveRulesTest" time="4.401"/>
  <testcase name="jmod_NumPos" classname="de.uka.ilkd.key.proof.proverules.ProveRulesTest" time="4.436"/>
  <testcase name="jmod_NumNeg" classname="de.uka.ilkd.key.proof.proverules.ProveRulesTest" time="4.522"/>
  <testcase name="jmod_geZero" classname="de.uka.ilkd.key.proof.proverules.ProveRulesTest" time="4.508"/>
  <testcase name="jmodNumZero" classname="de.uka.ilkd.key.proof.proverules.ProveRulesTest" time="4.47"/>
  <testcase name="jmod_pulloutminusNum" classname="de.uka.ilkd.key.proof.proverules.ProveRulesTest" time="4.427"/>
  <testcase name="jmod_pulloutminusDenom" classname="de.uka.ilkd.key.proof.proverules.ProveRulesTest" time="4.411"/>
  <testcase name="jmodUnique1" classname="de.uka.ilkd.key.proof.proverules.ProveRulesTest" time="4.475"/>
  <testcase name="jmodUnique2" classname="de.uka.ilkd.key.proof.proverules.ProveRulesTest" time="4.655"/>
  <testcase name="intDivRem" classname="de.uka.ilkd.key.proof.proverules.ProveRulesTest" time="4.344"/>
  <testcase name="jmodjmod" classname="de.uka.ilkd.key.proof.proverules.ProveRulesTest" time="4.767"/>
  <testcase name="jmodDivisible" classname="de.uka.ilkd.key.proof.proverules.ProveRulesTest" time="4.751"/>
  <testcase name="jmodDivisibleRep" classname="de.uka.ilkd.key.proof.proverules.ProveRulesTest" time="4.709"/>
  <testcase name="jdivAddMultDenom" classname="de.uka.ilkd.key.proof.proverules.ProveRulesTest" time="5.032"/>
  <testcase name="jmodAltZero" classname="de.uka.ilkd.key.proof.proverules.ProveRulesTest" time="4.508"/>
  <testcase name="jmodAddMultDenomZero" classname="de.uka.ilkd.key.proof.proverules.ProveRulesTest" time="4.486"/>
  <testcase name="polyDiv_zero" classname="de.uka.ilkd.key.proof.proverules.ProveRulesTest" time="4.478"/>
  <testcase name="polyMod_ltdivDenom" classname="de.uka.ilkd.key.proof.proverules.ProveRulesTest" time="4.691"/>
  <testcase name="bsum_empty" classname="de.uka.ilkd.key.proof.proverules.ProveRulesTest" time="4.309"/>
  <testcase name="bsum_induction_upper" classname="de.uka.ilkd.key.proof.proverules.ProveRulesTest" time="4.295"/>
  <testcase name="bsum_induction_lower" classname="de.uka.ilkd.key.proof.proverules.ProveRulesTest" time="4.399"/>
  <testcase name="bsum_num_of_bounds" classname="de.uka.ilkd.key.proof.proverules.ProveRulesTest" time="4.351"/>
  <testcase name="bsum_num_of_bounds2" classname="de.uka.ilkd.key.proof.proverules.ProveRulesTest" time="4.326"/>
  <testcase name="bsum_induction_upper2" classname="de.uka.ilkd.key.proof.proverules.ProveRulesTest" time="4.37"/>
  <testcase name="bsum_induction_upper_concrete" classname="de.uka.ilkd.key.proof.proverules.ProveRulesTest" time="4.283"/>
  <testcase name="bsum_induction_upper_concrete_2" classname="de.uka.ilkd.key.proof.proverules.ProveRulesTest" time="4.382"/>
  <testcase name="bsum_induction_upper2_concrete" classname="de.uka.ilkd.key.proof.proverules.ProveRulesTest" time="4.467"/>
  <testcase name="bsum_induction_lower_concrete" classname="de.uka.ilkd.key.proof.proverules.ProveRulesTest" time="4.439"/>
  <testcase name="bsum_induction_lower2" classname="de.uka.ilkd.key.proof.proverules.ProveRulesTest" time="4.449"/>
  <testcase name="bsum_induction_lower2_concrete" classname="de.uka.ilkd.key.proof.proverules.ProveRulesTest" time="4.393"/>
  <testcase name="bsum_positive" classname="de.uka.ilkd.key.proof.proverules.ProveRulesTest" time="4.407"/>
  <testcase name="bsum_upper_bound" classname="de.uka.ilkd.key.proof.proverules.ProveRulesTest" time="4.465"/>
  <testcase name="bsum_lower_bound" classname="de.uka.ilkd.key.proof.proverules.ProveRulesTest" time="4.374"/>
  <testcase name="bsum_positive_lower_bound_element" classname="de.uka.ilkd.key.proof.proverules.ProveRulesTest" time="4.345"/>
  <testcase name="bsum_sub_same_index" classname="de.uka.ilkd.key.proof.proverules.ProveRulesTest" time="4.489"/>
  <testcase name="bsum_less_same_index" classname="de.uka.ilkd.key.proof.proverules.ProveRulesTest" time="4.458"/>
  <testcase name="bsum_equal_except_one_index" classname="de.uka.ilkd.key.proof.proverules.ProveRulesTest" time="4.362"/>
  <testcase name="bsum_num_of_is_max" classname="de.uka.ilkd.key.proof.proverules.ProveRulesTest" time="4.69"/>
  <testcase name="bsum_num_of_is_max2" classname="de.uka.ilkd.key.proof.proverules.ProveRulesTest" time="4.464"/>
  <testcase name="bsum_num_of_is_max3" classname="de.uka.ilkd.key.proof.proverules.ProveRulesTest" time="4.445"/>
  <testcase name="bsum_num_of_is_max4" classname="de.uka.ilkd.key.proof.proverules.ProveRulesTest" time="4.445"/>
  <testcase name="bsum_num_of_lt_max" classname="de.uka.ilkd.key.proof.proverules.ProveRulesTest" time="4.739"/>
  <testcase name="bsum_num_of_lt_max2" classname="de.uka.ilkd.key.proof.proverules.ProveRulesTest" time="4.751"/>
  <testcase name="bsum_num_of_lt_max3" classname="de.uka.ilkd.key.proof.proverules.ProveRulesTest" time="4.725"/>
  <testcase name="bsum_num_of_lt_max4" classname="de.uka.ilkd.key.proof.proverules.ProveRulesTest" time="4.642"/>
  <testcase name="bsum_num_of_gt0" classname="de.uka.ilkd.key.proof.proverules.ProveRulesTest" time="4.439"/>
  <testcase name="bsum_num_of_gt0_alt" classname="de.uka.ilkd.key.proof.proverules.ProveRulesTest" time="4.433"/>
  <testcase name="bsum_add_concrete" classname="de.uka.ilkd.key.proof.proverules.ProveRulesTest" time="4.285"/>
  <testcase name="bprod_all_positive" classname="de.uka.ilkd.key.proof.proverules.ProveRulesTest" time="4.514"/>
  <testcase name="bprod_split" classname="de.uka.ilkd.key.proof.proverules.ProveRulesTest" time="4.46"/>
  <testcase name="powConcrete0" classname="de.uka.ilkd.key.proof.proverules.ProveRulesTest" time="4.416"/>
  <testcase name="powConcrete1" classname="de.uka.ilkd.key.proof.proverules.ProveRulesTest" time="4.38"/>
  <testcase name="powSplitFactor" classname="de.uka.ilkd.key.proof.proverules.ProveRulesTest" time="4.473"/>
  <testcase name="powAdd" classname="de.uka.ilkd.key.proof.proverules.ProveRulesTest" time="4.472"/>
  <testcase name="powMono" classname="de.uka.ilkd.key.proof.proverules.ProveRulesTest" time="4.451"/>
  <testcase name="powMonoConcrete" classname="de.uka.ilkd.key.proof.proverules.ProveRulesTest" time="4.535"/>
  <testcase name="powMonoConcreteRight" classname="de.uka.ilkd.key.proof.proverules.ProveRulesTest" time="4.517"/>
  <testcase name="powPositive" classname="de.uka.ilkd.key.proof.proverules.ProveRulesTest" time="4.493"/>
  <testcase name="powPositiveConcrete" classname="de.uka.ilkd.key.proof.proverules.ProveRulesTest" time="4.443"/>
  <testcase name="powGeq1Concrete" classname="de.uka.ilkd.key.proof.proverules.ProveRulesTest" time="4.308"/>
  <testcase name="pow2InIntLower" classname="de.uka.ilkd.key.proof.proverules.ProveRulesTest" time="4.303"/>
  <testcase name="pow2InIntUpper" classname="de.uka.ilkd.key.proof.proverules.ProveRulesTest" time="4.261"/>
  <testcase name="logSelfConcrete" classname="de.uka.ilkd.key.proof.proverules.ProveRulesTest" time="4.362"/>
  <testcase name="log1Concrete" classname="de.uka.ilkd.key.proof.proverules.ProveRulesTest" time="4.31"/>
  <testcase name="logProduct" classname="de.uka.ilkd.key.proof.proverules.ProveRulesTest" time="4.459"/>
  <testcase name="logTimesBaseConcrete" classname="de.uka.ilkd.key.proof.proverules.ProveRulesTest" time="4.434"/>
  <testcase name="logProdIdentity" classname="de.uka.ilkd.key.proof.proverules.ProveRulesTest" time="4.371"/>
  <testcase name="logProdIdentityConcrete" classname="de.uka.ilkd.key.proof.proverules.ProveRulesTest" time="4.351"/>
  <testcase name="logPowIdentity" classname="de.uka.ilkd.key.proof.proverules.ProveRulesTest" time="4.199"/>
  <testcase name="logPowIdentityConcrete" classname="de.uka.ilkd.key.proof.proverules.ProveRulesTest" time="4.441"/>
  <testcase name="logPositive" classname="de.uka.ilkd.key.proof.proverules.ProveRulesTest" time="4.422"/>
  <testcase name="logPositiveConcrete" classname="de.uka.ilkd.key.proof.proverules.ProveRulesTest" time="4.312"/>
  <testcase name="logMono" classname="de.uka.ilkd.key.proof.proverules.ProveRulesTest" time="4.771"/>
  <testcase name="logMonoConcrete" classname="de.uka.ilkd.key.proof.proverules.ProveRulesTest" time="4.708"/>
  <testcase name="powLogLess" classname="de.uka.ilkd.key.proof.proverules.ProveRulesTest" time="4.704"/>
  <testcase name="powLogMore2" classname="de.uka.ilkd.key.proof.proverules.ProveRulesTest" time="4.476"/>
  <testcase name="logLessThanPow" classname="de.uka.ilkd.key.proof.proverules.ProveRulesTest" time="4.449"/>
  <testcase name="logLessThanPowConcrete" classname="de.uka.ilkd.key.proof.proverules.ProveRulesTest" time="4.354"/>
  <testcase name="logSqueeze" classname="de.uka.ilkd.key.proof.proverules.ProveRulesTest" time="4.288"/>
  <testcase name="ifthenelse_equals" classname="de.uka.ilkd.key.proof.proverules.ProveRulesTest" time="4.477"/>
  <testcase name="ifthenelse_equals_1" classname="de.uka.ilkd.key.proof.proverules.ProveRulesTest" time="4.418"/>
  <testcase name="ifthenelse_equals_2" classname="de.uka.ilkd.key.proof.proverules.ProveRulesTest" time="4.43"/>
  <testcase name="disjointWithSingleton1" classname="de.uka.ilkd.key.proof.proverules.ProveRulesTest" time="4.57"/>
  <testcase name="disjointWithSingleton2" classname="de.uka.ilkd.key.proof.proverules.ProveRulesTest" time="4.408"/>
  <testcase name="disjointArrayRanges" classname="de.uka.ilkd.key.proof.proverules.ProveRulesTest" time="4.549"/>
  <testcase name="disjointArrayRangeAllFields1" classname="de.uka.ilkd.key.proof.proverules.ProveRulesTest" time="4.402"/>
  <testcase name="disjointArrayRangeAllFields2" classname="de.uka.ilkd.key.proof.proverules.ProveRulesTest" time="4.255"/>
  <testcase name="seqSelfDefinition" classname="de.uka.ilkd.key.proof.proverules.ProveRulesTest" time="4.344"/>
  <testcase name="seqOutsideValue" classname="de.uka.ilkd.key.proof.proverules.ProveRulesTest" time="4.162"/>
  <testcase name="castedGetAny" classname="de.uka.ilkd.key.proof.proverules.ProveRulesTest" time="4.307"/>
  <testcase name="seqGetAlphaCast" classname="de.uka.ilkd.key.proof.proverules.ProveRulesTest" time="4.268"/>
  <testcase name="getOfSeqSingleton" classname="de.uka.ilkd.key.proof.proverules.ProveRulesTest" time="4.5"/>
  <testcase name="getOfSeqSingletonConcrete" classname="de.uka.ilkd.key.proof.proverules.ProveRulesTest" time="4.422"/>
  <testcase name="getOfSeqConcat" classname="de.uka.ilkd.key.proof.proverules.ProveRulesTest" time="4.303"/>
  <testcase name="getOfSeqSub" classname="de.uka.ilkd.key.proof.proverules.ProveRulesTest" time="4.396"/>
  <testcase name="getOfSeqReverse" classname="de.uka.ilkd.key.proof.proverules.ProveRulesTest" time="4.306"/>
  <testcase name="lenOfSeqEmpty" classname="de.uka.ilkd.key.proof.proverules.ProveRulesTest" time="4.447"/>
  <testcase name="lenOfSeqSingleton" classname="de.uka.ilkd.key.proof.proverules.ProveRulesTest" time="4.33"/>
  <testcase name="lenOfSeqConcat" classname="de.uka.ilkd.key.proof.proverules.ProveRulesTest" time="4.231"/>
  <testcase name="lenOfSeqSub" classname="de.uka.ilkd.key.proof.proverules.ProveRulesTest" time="4.286"/>
  <testcase name="lenOfSeqReverse" classname="de.uka.ilkd.key.proof.proverules.ProveRulesTest" time="4.279"/>
  <testcase name="equalityToSeqGetAndSeqLenLeft" classname="de.uka.ilkd.key.proof.proverules.ProveRulesTest" time="4.263"/>
  <testcase name="equalityToSeqGetAndSeqLenRight" classname="de.uka.ilkd.key.proof.proverules.ProveRulesTest" time="4.474"/>
  <testcase name="getOfSeqSingletonEQ" classname="de.uka.ilkd.key.proof.proverules.ProveRulesTest" time="4.661"/>
  <testcase name="getOfSeqConcatEQ" classname="de.uka.ilkd.key.proof.proverules.ProveRulesTest" time="4.667"/>
  <testcase name="getOfSeqSubEQ" classname="de.uka.ilkd.key.proof.proverules.ProveRulesTest" time="4.419"/>
  <testcase name="getOfSeqReverseEQ" classname="de.uka.ilkd.key.proof.proverules.ProveRulesTest" time="4.509"/>
  <testcase name="lenOfSeqEmptyEQ" classname="de.uka.ilkd.key.proof.proverules.ProveRulesTest" time="4.344"/>
  <testcase name="lenOfSeqSingletonEQ" classname="de.uka.ilkd.key.proof.proverules.ProveRulesTest" time="4.496"/>
  <testcase name="lenOfSeqConcatEQ" classname="de.uka.ilkd.key.proof.proverules.ProveRulesTest" time="4.466"/>
  <testcase name="lenOfSeqSubEQ" classname="de.uka.ilkd.key.proof.proverules.ProveRulesTest" time="4.59"/>
  <testcase name="lenOfSeqReverseEQ" classname="de.uka.ilkd.key.proof.proverules.ProveRulesTest" time="4.428"/>
  <testcase name="getOfSeqDefEQ" classname="de.uka.ilkd.key.proof.proverules.ProveRulesTest" time="4.322"/>
  <testcase name="lenOfSeqDefEQ" classname="de.uka.ilkd.key.proof.proverules.ProveRulesTest" time="4.307"/>
  <testcase name="seqConcatWithSeqEmpty1" classname="de.uka.ilkd.key.proof.proverules.ProveRulesTest" time="4.29"/>
  <testcase name="seqConcatWithSeqEmpty2" classname="de.uka.ilkd.key.proof.proverules.ProveRulesTest" time="4.414"/>
  <testcase name="seqReverseOfSeqEmpty" classname="de.uka.ilkd.key.proof.proverules.ProveRulesTest" time="4.385"/>
  <testcase name="subSeqComplete" classname="de.uka.ilkd.key.proof.proverules.ProveRulesTest" time="4.411"/>
  <testcase name="subSeqTailR" classname="de.uka.ilkd.key.proof.proverules.ProveRulesTest" time="4.481"/>
  <testcase name="subSeqTailL" classname="de.uka.ilkd.key.proof.proverules.ProveRulesTest" time="4.424"/>
  <testcase name="subSeqTailEQR" classname="de.uka.ilkd.key.proof.proverules.ProveRulesTest" time="4.438"/>
  <testcase name="subSeqTailEQL" classname="de.uka.ilkd.key.proof.proverules.ProveRulesTest" time="4.396"/>
  <testcase name="seqDef_split" classname="de.uka.ilkd.key.proof.proverules.ProveRulesTest" time="4.535"/>
  <testcase name="seqDef_induction_upper" classname="de.uka.ilkd.key.proof.proverules.ProveRulesTest" time="4.584"/>
  <testcase name="seqDef_induction_upper_concrete" classname="de.uka.ilkd.key.proof.proverules.ProveRulesTest" time="4.377"/>
  <testcase name="seqDef_induction_lower" classname="de.uka.ilkd.key.proof.proverules.ProveRulesTest" time="4.341"/>
  <testcase name="seqDef_induction_lower_concrete" classname="de.uka.ilkd.key.proof.proverules.ProveRulesTest" time="4.431"/>
  <testcase name="seqDef_split_in_three" classname="de.uka.ilkd.key.proof.proverules.ProveRulesTest" time="4.675"/>
  <testcase name="seqDef_empty" classname="de.uka.ilkd.key.proof.proverules.ProveRulesTest" time="4.367"/>
  <testcase name="seqDef_one_summand" classname="de.uka.ilkd.key.proof.proverules.ProveRulesTest" time="4.234"/>
  <testcase name="seqDef_lower_equals_upper" classname="de.uka.ilkd.key.proof.proverules.ProveRulesTest" time="4.267"/>
  <testcase name="seqDefOfSeq" classname="de.uka.ilkd.key.proof.proverules.ProveRulesTest" time="4.577"/>
  <testcase name="seqSelfDefinitionEQ2" classname="de.uka.ilkd.key.proof.proverules.ProveRulesTest" time="4.555"/>
  <testcase name="indexOfSeqSingleton" classname="de.uka.ilkd.key.proof.proverules.ProveRulesTest" time="4.763"/>
  <testcase name="indexOfSeqConcatFirst" classname="de.uka.ilkd.key.proof.proverules.ProveRulesTest" time="4.853"/>
  <testcase name="indexOfSeqConcatSecond" classname="de.uka.ilkd.key.proof.proverules.ProveRulesTest" time="4.763"/>
  <testcase name="indexOfSeqSub" classname="de.uka.ilkd.key.proof.proverules.ProveRulesTest" time="4.595"/>
  <testcase name="lenOfArray2seq" classname="de.uka.ilkd.key.proof.proverules.ProveRulesTest" time="4.542"/>
  <testcase name="getAnyOfArray2seq" classname="de.uka.ilkd.key.proof.proverules.ProveRulesTest" time="4.392"/>
  <testcase name="getOfArray2seq" classname="de.uka.ilkd.key.proof.proverules.ProveRulesTest" time="4.32"/>
  <testcase name="getAnyOfNPermInv" classname="de.uka.ilkd.key.proof.proverules.ProveRulesTest" time="4.375"/>
  <testcase name="seqNPermRange" classname="de.uka.ilkd.key.proof.proverules.ProveRulesTest" time="4.403"/>
  <testcase name="seqPermTrans" classname="de.uka.ilkd.key.proof.proverules.ProveRulesTest" time="4.372"/>
  <testcase name="seqPermRefl" classname="de.uka.ilkd.key.proof.proverules.ProveRulesTest" time="4.449"/>
  <testcase name="seqPermSplit" classname="de.uka.ilkd.key.proof.proverules.ProveRulesTest" time="4.348"/>
  <testcase name="seqNPermRight" classname="de.uka.ilkd.key.proof.proverules.ProveRulesTest" time="5.043"/>
  <testcase name="seqPermFromSwap" classname="de.uka.ilkd.key.proof.proverules.ProveRulesTest" time="4.594"/>
  <testcase name="seqPermTransAlt0" classname="de.uka.ilkd.key.proof.proverules.ProveRulesTest" time="4.396"/>
  <testcase name="seqPermTransAlt1" classname="de.uka.ilkd.key.proof.proverules.ProveRulesTest" time="4.366"/>
  <testcase name="seqPermTransAlt2" classname="de.uka.ilkd.key.proof.proverules.ProveRulesTest" time="4.249"/>
  <testcase name="seqPermTransAlt3" classname="de.uka.ilkd.key.proof.proverules.ProveRulesTest" time="4.481"/>
  <testcase name="schiffl_lemma_2" classname="de.uka.ilkd.key.proof.proverules.ProveRulesTest" time="27.678"/>
  <testcase name="schiffl_thm_1" classname="de.uka.ilkd.key.proof.proverules.ProveRulesTest" time="5.154"/>
  <testcase name="eqSameSeq" classname="de.uka.ilkd.key.proof.proverules.ProveRulesTest" time="4.695"/>
  <system-out><![CDATA[10:23:51,211 |-INFO in ch.qos.logback.classic.LoggerContext[default] - Could NOT find resource [logback-test.xml]
10:23:51,211 |-INFO in ch.qos.logback.classic.LoggerContext[default] - Found resource [logback.xml] at [file:/home/runner/work/key/key/key.core/build/resources/test/logback.xml]
10:23:51,667 |-INFO in ch.qos.logback.classic.joran.action.ConfigurationAction - debug attribute not set
10:23:51,668 |-INFO in ch.qos.logback.core.joran.action.AppenderAction - About to instantiate appender of type [ch.qos.logback.core.ConsoleAppender]
10:23:51,673 |-INFO in ch.qos.logback.core.joran.action.AppenderAction - Naming appender as [STDOUT]
10:23:51,676 |-ERROR in ch.qos.logback.core.joran.spi.Interpreter@3:15 - no applicable action for [file], current ElementPath  is [[configuration][appender][file]]
10:23:51,676 |-ERROR in ch.qos.logback.core.joran.spi.Interpreter@4:17 - no applicable action for [append], current ElementPath  is [[configuration][appender][append]]
10:23:51,677 |-INFO in ch.qos.logback.core.joran.action.NestedComplexPropertyIA - Assuming default type [ch.qos.logback.classic.encoder.PatternLayoutEncoder] for [encoder] property
10:23:51,695 |-INFO in ch.qos.logback.classic.joran.action.RootLoggerAction - Setting level of ROOT logger to WARN
10:23:51,695 |-INFO in ch.qos.logback.core.joran.action.AppenderRefAction - Attaching appender named [STDOUT] to Logger[ROOT]
10:23:51,696 |-INFO in ch.qos.logback.classic.joran.action.ConfigurationAction - End of configuration.
10:23:51,696 |-INFO in ch.qos.logback.classic.joran.JoranConfigurator@f73dcd6 - Registering current configuration as safe fallback point

1051       WARN  Test worker     d.u.i.k.s.ProofSettings   No proof-settings could be loaded, using defaults java.io.FileNotFoundException: /home/runner/.key/proof-settings.props (No such file or directory)
	at java.base/java.io.FileInputStream.open0(Native Method)

]]></system-out>
  <system-err><![CDATA[]]></system-err>
</testsuite>
