<?xml version="1.0" encoding="UTF-8"?>
<testsuite name="org.key_project.util.testcase.collection.TestLeftistHeapOfInteger" tests="5" skipped="0" failures="0" errors="0" timestamp="2023-04-13T13:47:59" hostname="fv-az269-753" time="0.039">
  <properties/>
  <testcase name="testInsertElements()" classname="org.key_project.util.testcase.collection.TestLeftistHeapOfInteger" time="0.008"/>
  <testcase name="testInsertHeap()" classname="org.key_project.util.testcase.collection.TestLeftistHeapOfInteger" time="0.008"/>
  <testcase name="testInsertIterator()" classname="org.key_project.util.testcase.collection.TestLeftistHeapOfInteger" time="0.004"/>
  <testcase name="testLargeHeap()" classname="org.key_project.util.testcase.collection.TestLeftistHeapOfInteger" time="0.015"/>
  <testcase name="testRemoveAll()" classname="org.key_project.util.testcase.collection.TestLeftistHeapOfInteger" time="0.0"/>
  <system-out><![CDATA[]]></system-out>
  <system-err><![CDATA[]]></system-err>
</testsuite>
