<?xml version="1.0" encoding="UTF-8"?>
<testsuite name="de.uka.ilkd.key.parser.TestDeclParser" tests="14" skipped="2" failures="0" errors="0" timestamp="2023-06-05T06:02:42" hostname="fv-az192-928" time="18.53">
  <properties/>
  <testcase name="testGenericSortDecl1()" classname="de.uka.ilkd.key.parser.TestDeclParser" time="1.672"/>
  <testcase name="testGenericSortDecl2()" classname="de.uka.ilkd.key.parser.TestDeclParser" time="1.68"/>
  <testcase name="testGenericSortDecl3()" classname="de.uka.ilkd.key.parser.TestDeclParser" time="1.47"/>
  <testcase name="testGenericSortDecl4()" classname="de.uka.ilkd.key.parser.TestDeclParser" time="1.518"/>
  <testcase name="testGenericSortDecl5()" classname="de.uka.ilkd.key.parser.TestDeclParser" time="0.0">
    <skipped/>
  </testcase>
  <testcase name="testGenericSortDecl6()" classname="de.uka.ilkd.key.parser.TestDeclParser" time="1.512"/>
  <testcase name="testSortDecl()" classname="de.uka.ilkd.key.parser.TestDeclParser" time="1.502"/>
  <testcase name="testProxySortDecl()" classname="de.uka.ilkd.key.parser.TestDeclParser" time="1.461"/>
  <testcase name="testArrayDecl()" classname="de.uka.ilkd.key.parser.TestDeclParser" time="1.523"/>
  <testcase name="testAmbiguousDecls()" classname="de.uka.ilkd.key.parser.TestDeclParser" time="0.0">
    <skipped/>
  </testcase>
  <testcase name="testHeurDecl()" classname="de.uka.ilkd.key.parser.TestDeclParser" time="1.58"/>
  <testcase name="testFunctionDecl()" classname="de.uka.ilkd.key.parser.TestDeclParser" time="1.519"/>
  <testcase name="testPredicateDecl()" classname="de.uka.ilkd.key.parser.TestDeclParser" time="1.533"/>
  <testcase name="testSVDecl()" classname="de.uka.ilkd.key.parser.TestDeclParser" time="1.545"/>
  <system-out><![CDATA[373403     INFO  Test worker     d.u.i.k.n.KeyIO           Parsing took 0 ms 
373403     DEBUG Test worker     d.u.i.k.n.KeyIO           Load declarations of de.uka.ilkd.key.nparser.KeyAst$File:  <unknown>:1#1 
373403     INFO  Test worker     d.u.i.k.n.KeyIO           MODE: declarations took 0 ms 
373403     DEBUG Test worker     d.u.i.k.n.KeyIO           MODE: 2nd degree decls took 0 
373410     DEBUG Test worker     d.u.i.k.n.KeyIO           MODE: taclets took 0ms 
375089     INFO  Test worker     d.u.i.k.n.KeyIO           Parsing took 0 ms 
375089     DEBUG Test worker     d.u.i.k.n.KeyIO           Load declarations of de.uka.ilkd.key.nparser.KeyAst$File:  <unknown>:1#1 
375089     INFO  Test worker     d.u.i.k.n.KeyIO           MODE: declarations took 0 ms 
375089     DEBUG Test worker     d.u.i.k.n.KeyIO           MODE: 2nd degree decls took 0 
375089     DEBUG Test worker     d.u.i.k.n.KeyIO           MODE: taclets took 0ms 
376560     INFO  Test worker     d.u.i.k.n.KeyIO           Parsing took 0 ms 
376560     DEBUG Test worker     d.u.i.k.n.KeyIO           Load declarations of de.uka.ilkd.key.nparser.KeyAst$File:  <unknown>:1#1 
376560     INFO  Test worker     d.u.i.k.n.KeyIO           MODE: declarations took 0 ms 
376560     DEBUG Test worker     d.u.i.k.n.KeyIO           MODE: 2nd degree decls took 0 
376560     DEBUG Test worker     d.u.i.k.n.KeyIO           MODE: taclets took 0ms 
378074     INFO  Test worker     d.u.i.k.n.KeyIO           Parsing took 0 ms 
378074     DEBUG Test worker     d.u.i.k.n.KeyIO           Load declarations of de.uka.ilkd.key.nparser.KeyAst$File:  <unknown>:1#1 
378074     INFO  Test worker     d.u.i.k.n.KeyIO           MODE: declarations took 0 ms 
378074     DEBUG Test worker     d.u.i.k.n.KeyIO           MODE: 2nd degree decls took 0 
378074     DEBUG Test worker     d.u.i.k.n.KeyIO           MODE: taclets took 0ms 
379591     INFO  Test worker     d.u.i.k.n.KeyIO           Parsing took 0 ms 
379591     DEBUG Test worker     d.u.i.k.n.KeyIO           Load declarations of de.uka.ilkd.key.nparser.KeyAst$File:  <unknown>:1#1 
379591     INFO  Test worker     d.u.i.k.n.KeyIO           MODE: declarations took 0 ms 
379591     DEBUG Test worker     d.u.i.k.n.KeyIO           MODE: 2nd degree decls took 0 
379591     DEBUG Test worker     d.u.i.k.n.KeyIO           MODE: taclets took 0ms 
381081     INFO  Test worker     d.u.i.k.n.KeyIO           Parsing took 0 ms 
381081     DEBUG Test worker     d.u.i.k.n.KeyIO           Load declarations of de.uka.ilkd.key.nparser.KeyAst$File:  <unknown>:1#1 
381081     INFO  Test worker     d.u.i.k.n.KeyIO           MODE: declarations took 0 ms 
381081     DEBUG Test worker     d.u.i.k.n.KeyIO           MODE: 2nd degree decls took 0 
381081     DEBUG Test worker     d.u.i.k.n.KeyIO           MODE: taclets took 0ms 
382551     INFO  Test worker     d.u.i.k.n.KeyIO           Parsing took 0 ms 
382551     DEBUG Test worker     d.u.i.k.n.KeyIO           Load declarations of de.uka.ilkd.key.nparser.KeyAst$File:  <unknown>:1#1 
382551     INFO  Test worker     d.u.i.k.n.KeyIO           MODE: declarations took 0 ms 
382551     DEBUG Test worker     d.u.i.k.n.KeyIO           MODE: 2nd degree decls took 0 
382551     DEBUG Test worker     d.u.i.k.n.KeyIO           MODE: taclets took 0ms 
384078     INFO  Test worker     d.u.i.k.n.KeyIO           Parsing took 1 ms 
384078     DEBUG Test worker     d.u.i.k.n.KeyIO           Load declarations of de.uka.ilkd.key.nparser.KeyAst$File:  <unknown>:1#1 
384078     INFO  Test worker     d.u.i.k.n.KeyIO           MODE: declarations took 0 ms 
384078     DEBUG Test worker     d.u.i.k.n.KeyIO           MODE: 2nd degree decls took 0 
384079     DEBUG Test worker     d.u.i.k.n.KeyIO           MODE: taclets took 0ms 
385626     INFO  Test worker     d.u.i.k.n.KeyIO           Parsing took 0 ms 
385626     DEBUG Test worker     d.u.i.k.n.KeyIO           Load declarations of de.uka.ilkd.key.nparser.KeyAst$File:  <unknown>:1#1 
385626     INFO  Test worker     d.u.i.k.n.KeyIO           MODE: declarations took 0 ms 
385626     DEBUG Test worker     d.u.i.k.n.KeyIO           MODE: 2nd degree decls took 0 
385626     DEBUG Test worker     d.u.i.k.n.KeyIO           MODE: taclets took 0ms 
387189     INFO  Test worker     d.u.i.k.n.KeyIO           Parsing took 0 ms 
387189     DEBUG Test worker     d.u.i.k.n.KeyIO           Load declarations of de.uka.ilkd.key.nparser.KeyAst$File:  <unknown>:1#1 
387189     INFO  Test worker     d.u.i.k.n.KeyIO           MODE: declarations took 0 ms 
387189     DEBUG Test worker     d.u.i.k.n.KeyIO           MODE: 2nd degree decls took 0 
387189     DEBUG Test worker     d.u.i.k.n.KeyIO           MODE: taclets took 0ms 
388717     INFO  Test worker     d.u.i.k.n.KeyIO           Parsing took 0 ms 
388717     DEBUG Test worker     d.u.i.k.n.KeyIO           Load declarations of de.uka.ilkd.key.nparser.KeyAst$File:  <unknown>:1#1 
388717     INFO  Test worker     d.u.i.k.n.KeyIO           MODE: declarations took 0 ms 
388717     DEBUG Test worker     d.u.i.k.n.KeyIO           MODE: 2nd degree decls took 0 
388717     DEBUG Test worker     d.u.i.k.n.KeyIO           MODE: taclets took 0ms 
390268     INFO  Test worker     d.u.i.k.n.KeyIO           Parsing took 0 ms 
390268     DEBUG Test worker     d.u.i.k.n.KeyIO           Load declarations of de.uka.ilkd.key.nparser.KeyAst$File:  <unknown>:1#1 
390268     INFO  Test worker     d.u.i.k.n.KeyIO           MODE: declarations took 0 ms 
390268     DEBUG Test worker     d.u.i.k.n.KeyIO           MODE: 2nd degree decls took 0 
390268     DEBUG Test worker     d.u.i.k.n.KeyIO           MODE: taclets took 0ms 
]]></system-out>
  <system-err><![CDATA[]]></system-err>
</testsuite>
