<?xml version="1.0" encoding="UTF-8"?>
<testsuite name="de.uka.ilkd.key.proof.TestOneStepSimplifier" tests="1" skipped="0" failures="0" errors="0" timestamp="2023-06-05T06:09:01" hostname="fv-az192-928" time="6.465">
  <properties/>
  <testcase name="loadWithRestriction()" classname="de.uka.ilkd.key.proof.TestOneStepSimplifier" time="6.465"/>
  <system-out><![CDATA[750967     INFO  Test worker     d.u.i.k.p.i.AbstractProblemLoader Loading environment from src\test\resources\testcase\ossRestriction.proof 
750967     DEBUG Test worker     d.u.i.k.p.i.AbstractProblemLoader Environment load took 164.2ns 
750967     INFO  Test worker     d.u.i.k.p.i.AbstractProblemLoader Creating init config 
751186     DEBUG Test worker     d.u.i.k.j.TypeConverter   No LDT found for Meta 
751186     DEBUG Test worker     d.u.i.k.j.TypeConverter   No LDT found for Meta 
751186     DEBUG Test worker     d.u.i.k.j.TypeConverter   No LDT found for Meta 
751186     DEBUG Test worker     d.u.i.k.j.TypeConverter   No LDT found for Meta 
752096     DEBUG Test worker     d.u.i.k.j.TypeConverter   No LDT found for JavaBigintExpression 
757393     DEBUG Test worker     d.u.i.k.p.i.AbstractProblemLoader Init config took 6.42s 
757425     INFO  Test worker     d.u.i.k.p.i.AbstractProblemLoader Replaying proof ossRestriction.proof 
757425     DEBUG Test worker     d.u.i.k.p.i.IntermediateProofReplayer Proof replay took 1.66ms 
]]></system-out>
  <system-err><![CDATA[]]></system-err>
</testsuite>
