<?xml version="1.0" encoding="UTF-8"?>
<testsuite name="de.uka.ilkd.key.smt.test.TestCvc4" tests="27" skipped="27" failures="0" errors="0" timestamp="2023-06-05T06:18:18" hostname="fv-az192-928" time="0.062">
  <properties/>
  <testcase name="testSubsort1()" classname="de.uka.ilkd.key.smt.test.TestCvc4" time="0.019">
    <skipped/>
  </testcase>
  <testcase name="testSubsort2()" classname="de.uka.ilkd.key.smt.test.TestCvc4" time="0.0">
    <skipped/>
  </testcase>
  <testcase name="testBSum1()" classname="de.uka.ilkd.key.smt.test.TestCvc4" time="0.001">
    <skipped/>
  </testcase>
  <testcase name="testBSum2()" classname="de.uka.ilkd.key.smt.test.TestCvc4" time="0.001">
    <skipped/>
  </testcase>
  <testcase name="testBSum3()" classname="de.uka.ilkd.key.smt.test.TestCvc4" time="0.01">
    <skipped/>
  </testcase>
  <testcase name="testEqui1()" classname="de.uka.ilkd.key.smt.test.TestCvc4" time="0.0">
    <skipped/>
  </testcase>
  <testcase name="testEqui2()" classname="de.uka.ilkd.key.smt.test.TestCvc4" time="0.001">
    <skipped/>
  </testcase>
  <testcase name="testImply()" classname="de.uka.ilkd.key.smt.test.TestCvc4" time="0.001">
    <skipped/>
  </testcase>
  <testcase name="testOrnot()" classname="de.uka.ilkd.key.smt.test.TestCvc4" time="0.0">
    <skipped/>
  </testcase>
  <testcase name="testAdd1()" classname="de.uka.ilkd.key.smt.test.TestCvc4" time="0.0">
    <skipped/>
  </testcase>
  <testcase name="testAndornot()" classname="de.uka.ilkd.key.smt.test.TestCvc4" time="0.001">
    <skipped/>
  </testcase>
  <testcase name="testLogicalIte1()" classname="de.uka.ilkd.key.smt.test.TestCvc4" time="0.0">
    <skipped/>
  </testcase>
  <testcase name="testLogicalIte2()" classname="de.uka.ilkd.key.smt.test.TestCvc4" time="0.0">
    <skipped/>
  </testcase>
  <testcase name="testBinderPred2()" classname="de.uka.ilkd.key.smt.test.TestCvc4" time="0.004">
    <skipped/>
  </testcase>
  <testcase name="testBinderPred3()" classname="de.uka.ilkd.key.smt.test.TestCvc4" time="0.0">
    <skipped/>
  </testcase>
  <testcase name="testAllex1()" classname="de.uka.ilkd.key.smt.test.TestCvc4" time="0.002">
    <skipped/>
  </testcase>
  <testcase name="testAllex2()" classname="de.uka.ilkd.key.smt.test.TestCvc4" time="0.0">
    <skipped/>
  </testcase>
  <testcase name="testAllex3()" classname="de.uka.ilkd.key.smt.test.TestCvc4" time="0.0">
    <skipped/>
  </testcase>
  <testcase name="testAndnot()" classname="de.uka.ilkd.key.smt.test.TestCvc4" time="0.001">
    <skipped/>
  </testcase>
  <testcase name="testBProd1()" classname="de.uka.ilkd.key.smt.test.TestCvc4" time="0.0">
    <skipped/>
  </testcase>
  <testcase name="testBProd2()" classname="de.uka.ilkd.key.smt.test.TestCvc4" time="0.001">
    <skipped/>
  </testcase>
  <testcase name="testBProd3()" classname="de.uka.ilkd.key.smt.test.TestCvc4" time="0.012">
    <skipped/>
  </testcase>
  <testcase name="testEqual1()" classname="de.uka.ilkd.key.smt.test.TestCvc4" time="0.0">
    <skipped/>
  </testcase>
  <testcase name="testEqual2()" classname="de.uka.ilkd.key.smt.test.TestCvc4" time="0.0">
    <skipped/>
  </testcase>
  <testcase name="testImply2()" classname="de.uka.ilkd.key.smt.test.TestCvc4" time="0.0">
    <skipped/>
  </testcase>
  <testcase name="testImply3()" classname="de.uka.ilkd.key.smt.test.TestCvc4" time="0.0">
    <skipped/>
  </testcase>
  <testcase name="testAndornot2()" classname="de.uka.ilkd.key.smt.test.TestCvc4" time="0.001">
    <skipped/>
  </testcase>
  <system-out><![CDATA[1308158    WARN  Test worker     d.u.i.k.s.t.TestCvc4      Warning: CVC4 (Legacy Translation) is not installed, tests skipped. 
1308158    WARN  Test worker     d.u.i.k.s.t.TestCvc4      Maybe use JVM system property "cvc4SolverPath" to define the path to the CVC4 command. 
]]></system-out>
  <system-err><![CDATA[]]></system-err>
</testsuite>
