<?xml version="1.0" encoding="UTF-8"?>
<testsuite name="de.uka.ilkd.key.rule.loop.LoopScopeInvRuleTests" tests="1" skipped="0" failures="0" errors="0" timestamp="2023-06-05T06:09:43" hostname="fv-az192-928" time="8.012">
  <properties/>
  <testcase name="testDoAutomaticProofOfBenchmarkWithLabeledBreaksAndContinues()" classname="de.uka.ilkd.key.rule.loop.LoopScopeInvRuleTests" time="8.012"/>
  <system-out><![CDATA[792894     INFO  Test worker     d.u.i.k.p.i.AbstractProblemLoader Loading environment from src\test\resources\testcase\loopScopeInvRule\Test.key 
792894     DEBUG Test worker     d.u.i.k.p.i.AbstractProblemLoader Environment load took 186.3ns 
792894     INFO  Test worker     d.u.i.k.p.i.AbstractProblemLoader Creating init config 
793129     DEBUG Test worker     d.u.i.k.j.TypeConverter   No LDT found for Meta 
793129     DEBUG Test worker     d.u.i.k.j.TypeConverter   No LDT found for Meta 
793129     DEBUG Test worker     d.u.i.k.j.TypeConverter   No LDT found for Meta 
793129     DEBUG Test worker     d.u.i.k.j.TypeConverter   No LDT found for Meta 
794176     DEBUG Test worker     d.u.i.k.j.TypeConverter   No LDT found for JavaBigintExpression 
800048     DEBUG Test worker     d.u.i.k.p.i.AbstractProblemLoader Init config took 7.16s 
800095     INFO  Test worker     d.u.i.k.p.i.AbstractProblemLoader Replaying proof Test[Test::loopScopeRuleBenchmark(int,boolean)].JML normal_behavior operation contract.0 
800110     DEBUG Test worker     d.u.i.k.p.i.IntermediateProofReplayer Proof replay took 687.3ns 
]]></system-out>
  <system-err><![CDATA[]]></system-err>
</testsuite>
