<?xml version="1.0" encoding="UTF-8"?>
<testsuite name="de.uka.ilkd.key.rule.merge.PredicateAbstractionLatticeTests" tests="3" skipped="0" failures="0" errors="0" timestamp="2023-06-05T06:11:49" hostname="fv-az192-928" time="10.436">
  <properties/>
  <testcase name="testToAndFromString()" classname="de.uka.ilkd.key.rule.merge.PredicateAbstractionLatticeTests" time="5.155"/>
  <testcase name="testCreateSignLatticeWithPredicates()" classname="de.uka.ilkd.key.rule.merge.PredicateAbstractionLatticeTests" time="5.281"/>
  <testcase name="testTrivialPredicatesLattice()" classname="de.uka.ilkd.key.rule.merge.PredicateAbstractionLatticeTests" time="0.0"/>
  <system-out><![CDATA[918885     INFO  Test worker     d.u.i.k.p.i.AbstractProblemLoader Loading environment from src\test\resources\testcase\merge\dummy.key 
918885     DEBUG Test worker     d.u.i.k.p.i.AbstractProblemLoader Environment load took 209.8ns 
918885     INFO  Test worker     d.u.i.k.p.i.AbstractProblemLoader Creating init config 
924011     DEBUG Test worker     d.u.i.k.p.i.AbstractProblemLoader Init config took 5.13s 
924042     INFO  Test worker     d.u.i.k.p.i.AbstractProblemLoader Replaying proof dummy.key 
924042     DEBUG Test worker     d.u.i.k.p.i.IntermediateProofReplayer Proof replay took 13.6ns 
924042     INFO  Test worker     d.u.i.k.p.i.AbstractProblemLoader Loading environment from src\test\resources\testcase\merge\dummy.key 
924042     DEBUG Test worker     d.u.i.k.p.i.AbstractProblemLoader Environment load took 508ns 
924042     INFO  Test worker     d.u.i.k.p.i.AbstractProblemLoader Creating init config 
929291     DEBUG Test worker     d.u.i.k.p.i.AbstractProblemLoader Init config took 5.24s 
929307     INFO  Test worker     d.u.i.k.p.i.AbstractProblemLoader Replaying proof dummy.key 
929307     DEBUG Test worker     d.u.i.k.p.i.IntermediateProofReplayer Proof replay took 12.1ns 
]]></system-out>
  <system-err><![CDATA[]]></system-err>
</testsuite>
