<?xml version="1.0" encoding="UTF-8"?>
<testsuite name="de.uka.ilkd.key.parser.TestTermParserSorts" tests="2" skipped="0" failures="0" errors="0" timestamp="2023-06-05T06:08:56" hostname="fv-az192-928" time="5.116">
  <properties/>
  <testcase name="testParseIntegerArgs()" classname="de.uka.ilkd.key.parser.TestTermParserSorts" time="0.018"/>
  <testcase name="testParseSequencePrettySyntax()" classname="de.uka.ilkd.key.parser.TestTermParserSorts" time="0.004"/>
  <system-out><![CDATA[745793     INFO  Test worker     d.u.i.k.n.KeyIO           Parsing took 0 ms 
745793     DEBUG Test worker     d.u.i.k.n.KeyIO           Load declarations of de.uka.ilkd.key.nparser.KeyAst$File:  <unknown>:1#1 
745793     INFO  Test worker     d.u.i.k.n.KeyIO           MODE: declarations took 0 ms 
745793     DEBUG Test worker     d.u.i.k.n.KeyIO           MODE: 2nd degree decls took 0 
745793     INFO  Test worker     d.u.i.k.n.KeyIO           Parsing took 0 ms 
745793     DEBUG Test worker     d.u.i.k.n.KeyIO           Load declarations of de.uka.ilkd.key.nparser.KeyAst$File:  <unknown>:1#1 
745793     INFO  Test worker     d.u.i.k.n.KeyIO           MODE: declarations took 0 ms 
745793     DEBUG Test worker     d.u.i.k.n.KeyIO           MODE: 2nd degree decls took 0 
745809     INFO  Test worker     d.u.i.k.n.KeyIO           Parsing took 16 ms 
745809     DEBUG Test worker     d.u.i.k.n.KeyIO           Load declarations of de.uka.ilkd.key.nparser.KeyAst$File:  <unknown>:1#1 
745809     INFO  Test worker     d.u.i.k.n.KeyIO           MODE: declarations took 0 ms 
745809     DEBUG Test worker     d.u.i.k.n.KeyIO           MODE: 2nd degree decls took 0 
750905     INFO  Test worker     d.u.i.k.n.KeyIO           Parsing took 0 ms 
750905     DEBUG Test worker     d.u.i.k.n.KeyIO           Load declarations of de.uka.ilkd.key.nparser.KeyAst$File:  <unknown>:1#1 
750905     INFO  Test worker     d.u.i.k.n.KeyIO           MODE: declarations took 0 ms 
750905     DEBUG Test worker     d.u.i.k.n.KeyIO           MODE: 2nd degree decls took 0 
750905     INFO  Test worker     d.u.i.k.n.KeyIO           Parsing took 0 ms 
750905     DEBUG Test worker     d.u.i.k.n.KeyIO           Load declarations of de.uka.ilkd.key.nparser.KeyAst$File:  <unknown>:1#1 
750905     INFO  Test worker     d.u.i.k.n.KeyIO           MODE: declarations took 0 ms 
750905     DEBUG Test worker     d.u.i.k.n.KeyIO           MODE: 2nd degree decls took 0 
750905     INFO  Test worker     d.u.i.k.n.KeyIO           Parsing took 0 ms 
750905     DEBUG Test worker     d.u.i.k.n.KeyIO           Load declarations of de.uka.ilkd.key.nparser.KeyAst$File:  <unknown>:1#1 
750905     INFO  Test worker     d.u.i.k.n.KeyIO           MODE: declarations took 0 ms 
750905     DEBUG Test worker     d.u.i.k.n.KeyIO           MODE: 2nd degree decls took 0 
]]></system-out>
  <system-err><![CDATA[]]></system-err>
</testsuite>
