<?xml version="1.0" encoding="UTF-8"?>
<testsuite name="de.uka.ilkd.key.util.DesignTests" tests="3" skipped="1" failures="0" errors="0" timestamp="2023-04-14T19:06:57" hostname="fv-az365-720" time="1.117">
  <properties/>
  <testcase name="testHashCodeImplemented()" classname="de.uka.ilkd.key.util.DesignTests" time="0.998"/>
  <testcase name="xtestTermSubclassVisibility()" classname="de.uka.ilkd.key.util.DesignTests" time="0.0">
    <skipped/>
  </testcase>
  <testcase name="testGuiSep()" classname="de.uka.ilkd.key.util.DesignTests" time="0.118"/>
  <system-out><![CDATA[]]></system-out>
  <system-err><![CDATA[]]></system-err>
</testsuite>
