<?xml version="1.0" encoding="UTF-8"?>
<testsuite name="de.uka.ilkd.key.java.TestJavaInfo" tests="9" skipped="0" failures="0" errors="0" timestamp="2023-04-14T18:51:33" hostname="fv-az365-720" time="0.025">
  <properties/>
  <testcase name="testGetPrimitiveKJT()" classname="de.uka.ilkd.key.java.TestJavaInfo" time="0.001"/>
  <testcase name="testGetAllSupertypes()" classname="de.uka.ilkd.key.java.TestJavaInfo" time="0.001"/>
  <testcase name="testGetCommonSubtypes()" classname="de.uka.ilkd.key.java.TestJavaInfo" time="0.007"/>
  <testcase name="testGetAllSubtypes()" classname="de.uka.ilkd.key.java.TestJavaInfo" time="0.003"/>
  <testcase name="testRetrieveArrayTypeByAlternativeName()" classname="de.uka.ilkd.key.java.TestJavaInfo" time="0.001"/>
  <testcase name="testFindImplicitAttributesForClassTypesOnly()" classname="de.uka.ilkd.key.java.TestJavaInfo" time="0.001"/>
  <testcase name="testFindArrayLength()" classname="de.uka.ilkd.key.java.TestJavaInfo" time="0.0"/>
  <testcase name="testRetrieveArrayTypeByJLSName()" classname="de.uka.ilkd.key.java.TestJavaInfo" time="0.001"/>
  <testcase name="testFindAttributesLocallyDeclaredOnly()" classname="de.uka.ilkd.key.java.TestJavaInfo" time="0.001"/>
  <system-out><![CDATA[42296      DEBUG Test worker     d.u.i.k.p.i.KeYFile       Reading KeY file src\test\resources\testcase\javainfo\testJavaInfo.key 
42312      DEBUG Test worker     d.u.i.k.p.i.KeYFile       Reading KeY file file:/D:/a/key/key/key.core/build/resources/main/de/uka/ilkd/key/java/JavaRedux/java/lang/String.key 
42312      DEBUG Test worker     d.u.i.k.p.i.KeYFile       Read specifications obtained when parsing the Java files (usually JML and Strings.key) from file:/D:/a/key/key/key.core/build/resources/main/de/uka/ilkd/key/java/JavaRedux/java/lang/String.key 
44891      DEBUG Test worker     d.u.i.k.p.i.KeYFile       Read specifications obtained when parsing the Java files (usually JML and Strings.key) from src\test\resources\testcase\javainfo\testJavaInfo.key 
]]></system-out>
  <system-err><![CDATA[]]></system-err>
</testsuite>
