<?xml version="1.0" encoding="UTF-8"?>
<testsuite name="de.uka.ilkd.key.parser.TestDeclParser" tests="14" skipped="2" failures="0" errors="0" timestamp="2023-04-14T18:55:18" hostname="fv-az365-720" time="14.053">
  <properties/>
  <testcase name="testGenericSortDecl1()" classname="de.uka.ilkd.key.parser.TestDeclParser" time="1.219"/>
  <testcase name="testGenericSortDecl2()" classname="de.uka.ilkd.key.parser.TestDeclParser" time="1.125"/>
  <testcase name="testGenericSortDecl3()" classname="de.uka.ilkd.key.parser.TestDeclParser" time="1.269"/>
  <testcase name="testGenericSortDecl4()" classname="de.uka.ilkd.key.parser.TestDeclParser" time="1.201"/>
  <testcase name="testGenericSortDecl5()" classname="de.uka.ilkd.key.parser.TestDeclParser" time="0.0">
    <skipped/>
  </testcase>
  <testcase name="testGenericSortDecl6()" classname="de.uka.ilkd.key.parser.TestDeclParser" time="1.094"/>
  <testcase name="testSortDecl()" classname="de.uka.ilkd.key.parser.TestDeclParser" time="1.181"/>
  <testcase name="testProxySortDecl()" classname="de.uka.ilkd.key.parser.TestDeclParser" time="1.179"/>
  <testcase name="testArrayDecl()" classname="de.uka.ilkd.key.parser.TestDeclParser" time="1.095"/>
  <testcase name="testAmbiguousDecls()" classname="de.uka.ilkd.key.parser.TestDeclParser" time="0.001">
    <skipped/>
  </testcase>
  <testcase name="testHeurDecl()" classname="de.uka.ilkd.key.parser.TestDeclParser" time="1.217"/>
  <testcase name="testFunctionDecl()" classname="de.uka.ilkd.key.parser.TestDeclParser" time="1.172"/>
  <testcase name="testPredicateDecl()" classname="de.uka.ilkd.key.parser.TestDeclParser" time="1.107"/>
  <testcase name="testSVDecl()" classname="de.uka.ilkd.key.parser.TestDeclParser" time="1.189"/>
  <system-out><![CDATA[271975     INFO  Test worker     d.u.i.k.n.KeyIO           Parsing took 0 ms 
271975     DEBUG Test worker     d.u.i.k.n.KeyIO           Load declarations of de.uka.ilkd.key.nparser.KeyAst$File:  <unknown>:1#1 
271975     INFO  Test worker     d.u.i.k.n.KeyIO           MODE: declarations took 0 ms 
271975     DEBUG Test worker     d.u.i.k.n.KeyIO           MODE: 2nd degree decls took 0 
271975     DEBUG Test worker     d.u.i.k.n.KeyIO           MODE: taclets took 0ms 
273101     INFO  Test worker     d.u.i.k.n.KeyIO           Parsing took 0 ms 
273101     DEBUG Test worker     d.u.i.k.n.KeyIO           Load declarations of de.uka.ilkd.key.nparser.KeyAst$File:  <unknown>:1#1 
273101     INFO  Test worker     d.u.i.k.n.KeyIO           MODE: declarations took 0 ms 
273101     DEBUG Test worker     d.u.i.k.n.KeyIO           MODE: 2nd degree decls took 0 
273101     DEBUG Test worker     d.u.i.k.n.KeyIO           MODE: taclets took 0ms 
274367     INFO  Test worker     d.u.i.k.n.KeyIO           Parsing took 0 ms 
274367     DEBUG Test worker     d.u.i.k.n.KeyIO           Load declarations of de.uka.ilkd.key.nparser.KeyAst$File:  <unknown>:1#1 
274367     INFO  Test worker     d.u.i.k.n.KeyIO           MODE: declarations took 0 ms 
274367     DEBUG Test worker     d.u.i.k.n.KeyIO           MODE: 2nd degree decls took 0 
274367     DEBUG Test worker     d.u.i.k.n.KeyIO           MODE: taclets took 0ms 
275571     INFO  Test worker     d.u.i.k.n.KeyIO           Parsing took 0 ms 
275571     DEBUG Test worker     d.u.i.k.n.KeyIO           Load declarations of de.uka.ilkd.key.nparser.KeyAst$File:  <unknown>:1#1 
275571     INFO  Test worker     d.u.i.k.n.KeyIO           MODE: declarations took 0 ms 
275571     DEBUG Test worker     d.u.i.k.n.KeyIO           MODE: 2nd degree decls took 0 
275571     DEBUG Test worker     d.u.i.k.n.KeyIO           MODE: taclets took 0ms 
276666     INFO  Test worker     d.u.i.k.n.KeyIO           Parsing took 0 ms 
276666     DEBUG Test worker     d.u.i.k.n.KeyIO           Load declarations of de.uka.ilkd.key.nparser.KeyAst$File:  <unknown>:1#1 
276666     INFO  Test worker     d.u.i.k.n.KeyIO           MODE: declarations took 0 ms 
276666     DEBUG Test worker     d.u.i.k.n.KeyIO           MODE: 2nd degree decls took 0 
276666     DEBUG Test worker     d.u.i.k.n.KeyIO           MODE: taclets took 0ms 
277855     INFO  Test worker     d.u.i.k.n.KeyIO           Parsing took 0 ms 
277855     DEBUG Test worker     d.u.i.k.n.KeyIO           Load declarations of de.uka.ilkd.key.nparser.KeyAst$File:  <unknown>:1#1 
277855     INFO  Test worker     d.u.i.k.n.KeyIO           MODE: declarations took 0 ms 
277855     DEBUG Test worker     d.u.i.k.n.KeyIO           MODE: 2nd degree decls took 0 
277855     DEBUG Test worker     d.u.i.k.n.KeyIO           MODE: taclets took 0ms 
279027     INFO  Test worker     d.u.i.k.n.KeyIO           Parsing took 0 ms 
279027     DEBUG Test worker     d.u.i.k.n.KeyIO           Load declarations of de.uka.ilkd.key.nparser.KeyAst$File:  <unknown>:1#1 
279027     INFO  Test worker     d.u.i.k.n.KeyIO           MODE: declarations took 0 ms 
279027     DEBUG Test worker     d.u.i.k.n.KeyIO           MODE: 2nd degree decls took 0 
279027     DEBUG Test worker     d.u.i.k.n.KeyIO           MODE: taclets took 0ms 
280121     INFO  Test worker     d.u.i.k.n.KeyIO           Parsing took 0 ms 
280121     DEBUG Test worker     d.u.i.k.n.KeyIO           Load declarations of de.uka.ilkd.key.nparser.KeyAst$File:  <unknown>:1#1 
280121     INFO  Test worker     d.u.i.k.n.KeyIO           MODE: declarations took 0 ms 
280121     DEBUG Test worker     d.u.i.k.n.KeyIO           MODE: 2nd degree decls took 0 
280121     DEBUG Test worker     d.u.i.k.n.KeyIO           MODE: taclets took 0ms 
281340     INFO  Test worker     d.u.i.k.n.KeyIO           Parsing took 0 ms 
281340     DEBUG Test worker     d.u.i.k.n.KeyIO           Load declarations of de.uka.ilkd.key.nparser.KeyAst$File:  <unknown>:1#1 
281340     INFO  Test worker     d.u.i.k.n.KeyIO           MODE: declarations took 0 ms 
281340     DEBUG Test worker     d.u.i.k.n.KeyIO           MODE: 2nd degree decls took 0 
281340     DEBUG Test worker     d.u.i.k.n.KeyIO           MODE: taclets took 0ms 
282513     INFO  Test worker     d.u.i.k.n.KeyIO           Parsing took 0 ms 
282513     DEBUG Test worker     d.u.i.k.n.KeyIO           Load declarations of de.uka.ilkd.key.nparser.KeyAst$File:  <unknown>:1#1 
282513     INFO  Test worker     d.u.i.k.n.KeyIO           MODE: declarations took 0 ms 
282513     DEBUG Test worker     d.u.i.k.n.KeyIO           MODE: 2nd degree decls took 0 
282513     DEBUG Test worker     d.u.i.k.n.KeyIO           MODE: taclets took 0ms 
283623     INFO  Test worker     d.u.i.k.n.KeyIO           Parsing took 0 ms 
283623     DEBUG Test worker     d.u.i.k.n.KeyIO           Load declarations of de.uka.ilkd.key.nparser.KeyAst$File:  <unknown>:1#1 
283623     INFO  Test worker     d.u.i.k.n.KeyIO           MODE: declarations took 0 ms 
283623     DEBUG Test worker     d.u.i.k.n.KeyIO           MODE: 2nd degree decls took 0 
283623     DEBUG Test worker     d.u.i.k.n.KeyIO           MODE: taclets took 0ms 
284811     INFO  Test worker     d.u.i.k.n.KeyIO           Parsing took 0 ms 
284811     DEBUG Test worker     d.u.i.k.n.KeyIO           Load declarations of de.uka.ilkd.key.nparser.KeyAst$File:  <unknown>:1#1 
284811     INFO  Test worker     d.u.i.k.n.KeyIO           MODE: declarations took 0 ms 
284811     DEBUG Test worker     d.u.i.k.n.KeyIO           MODE: 2nd degree decls took 0 
284811     DEBUG Test worker     d.u.i.k.n.KeyIO           MODE: taclets took 0ms 
]]></system-out>
  <system-err><![CDATA[]]></system-err>
</testsuite>
