<?xml version="1.0" encoding="UTF-8"?>
<testsuite name="de.uka.ilkd.key.parser.TestTermParserSorts" tests="2" skipped="0" failures="0" errors="0" timestamp="2023-05-02T15:22:54" hostname="fv-az479-478" time="3.192">
  <properties/>
  <testcase name="testParseIntegerArgs()" classname="de.uka.ilkd.key.parser.TestTermParserSorts" time="0.017"/>
  <testcase name="testParseSequencePrettySyntax()" classname="de.uka.ilkd.key.parser.TestTermParserSorts" time="0.003"/>
  <system-out><![CDATA[510412     INFO  Test worker     d.u.i.k.n.KeyIO           Parsing took 0 ms 
510412     DEBUG Test worker     d.u.i.k.n.KeyIO           Load declarations of de.uka.ilkd.key.nparser.KeyAst$File:  <unknown>:1#1 
510412     INFO  Test worker     d.u.i.k.n.KeyIO           MODE: declarations took 0 ms 
510412     DEBUG Test worker     d.u.i.k.n.KeyIO           MODE: 2nd degree decls took 0 
510412     INFO  Test worker     d.u.i.k.n.KeyIO           Parsing took 0 ms 
510412     DEBUG Test worker     d.u.i.k.n.KeyIO           Load declarations of de.uka.ilkd.key.nparser.KeyAst$File:  <unknown>:1#1 
510412     INFO  Test worker     d.u.i.k.n.KeyIO           MODE: declarations took 0 ms 
510412     DEBUG Test worker     d.u.i.k.n.KeyIO           MODE: 2nd degree decls took 0 
510412     INFO  Test worker     d.u.i.k.n.KeyIO           Parsing took 0 ms 
510412     DEBUG Test worker     d.u.i.k.n.KeyIO           Load declarations of de.uka.ilkd.key.nparser.KeyAst$File:  <unknown>:1#1 
510412     INFO  Test worker     d.u.i.k.n.KeyIO           MODE: declarations took 0 ms 
510412     DEBUG Test worker     d.u.i.k.n.KeyIO           MODE: 2nd degree decls took 0 
513601     INFO  Test worker     d.u.i.k.n.KeyIO           Parsing took 0 ms 
513601     DEBUG Test worker     d.u.i.k.n.KeyIO           Load declarations of de.uka.ilkd.key.nparser.KeyAst$File:  <unknown>:1#1 
513601     INFO  Test worker     d.u.i.k.n.KeyIO           MODE: declarations took 0 ms 
513601     DEBUG Test worker     d.u.i.k.n.KeyIO           MODE: 2nd degree decls took 0 
513601     INFO  Test worker     d.u.i.k.n.KeyIO           Parsing took 0 ms 
513601     DEBUG Test worker     d.u.i.k.n.KeyIO           Load declarations of de.uka.ilkd.key.nparser.KeyAst$File:  <unknown>:1#1 
513601     INFO  Test worker     d.u.i.k.n.KeyIO           MODE: declarations took 0 ms 
513601     DEBUG Test worker     d.u.i.k.n.KeyIO           MODE: 2nd degree decls took 0 
513601     INFO  Test worker     d.u.i.k.n.KeyIO           Parsing took 0 ms 
513601     DEBUG Test worker     d.u.i.k.n.KeyIO           Load declarations of de.uka.ilkd.key.nparser.KeyAst$File:  <unknown>:1#1 
513601     INFO  Test worker     d.u.i.k.n.KeyIO           MODE: declarations took 0 ms 
513601     DEBUG Test worker     d.u.i.k.n.KeyIO           MODE: 2nd degree decls took 0 
]]></system-out>
  <system-err><![CDATA[]]></system-err>
</testsuite>
