<?xml version="1.0" encoding="UTF-8"?>
<testsuite name="de.uka.ilkd.key.parser.TestDeclParser" tests="14" skipped="2" failures="0" errors="0" timestamp="2023-05-02T15:18:48" hostname="fv-az479-478" time="13.452">
  <properties/>
  <testcase name="testGenericSortDecl1()" classname="de.uka.ilkd.key.parser.TestDeclParser" time="1.254"/>
  <testcase name="testGenericSortDecl2()" classname="de.uka.ilkd.key.parser.TestDeclParser" time="1.156"/>
  <testcase name="testGenericSortDecl3()" classname="de.uka.ilkd.key.parser.TestDeclParser" time="1.141"/>
  <testcase name="testGenericSortDecl4()" classname="de.uka.ilkd.key.parser.TestDeclParser" time="1.155"/>
  <testcase name="testGenericSortDecl5()" classname="de.uka.ilkd.key.parser.TestDeclParser" time="0.001">
    <skipped/>
  </testcase>
  <testcase name="testGenericSortDecl6()" classname="de.uka.ilkd.key.parser.TestDeclParser" time="1.11"/>
  <testcase name="testSortDecl()" classname="de.uka.ilkd.key.parser.TestDeclParser" time="1.11"/>
  <testcase name="testProxySortDecl()" classname="de.uka.ilkd.key.parser.TestDeclParser" time="1.08"/>
  <testcase name="testArrayDecl()" classname="de.uka.ilkd.key.parser.TestDeclParser" time="1.093"/>
  <testcase name="testAmbiguousDecls()" classname="de.uka.ilkd.key.parser.TestDeclParser" time="0.0">
    <skipped/>
  </testcase>
  <testcase name="testHeurDecl()" classname="de.uka.ilkd.key.parser.TestDeclParser" time="1.08"/>
  <testcase name="testFunctionDecl()" classname="de.uka.ilkd.key.parser.TestDeclParser" time="1.096"/>
  <testcase name="testPredicateDecl()" classname="de.uka.ilkd.key.parser.TestDeclParser" time="1.036"/>
  <testcase name="testSVDecl()" classname="de.uka.ilkd.key.parser.TestDeclParser" time="1.138"/>
  <system-out><![CDATA[265493     INFO  Test worker     d.u.i.k.n.KeyIO           Parsing took 0 ms 
265493     DEBUG Test worker     d.u.i.k.n.KeyIO           Load declarations of de.uka.ilkd.key.nparser.KeyAst$File:  <unknown>:1#1 
265493     INFO  Test worker     d.u.i.k.n.KeyIO           MODE: declarations took 0 ms 
265493     DEBUG Test worker     d.u.i.k.n.KeyIO           MODE: 2nd degree decls took 0 
265493     DEBUG Test worker     d.u.i.k.n.KeyIO           MODE: taclets took 0ms 
266660     INFO  Test worker     d.u.i.k.n.KeyIO           Parsing took 0 ms 
266660     DEBUG Test worker     d.u.i.k.n.KeyIO           Load declarations of de.uka.ilkd.key.nparser.KeyAst$File:  <unknown>:1#1 
266660     INFO  Test worker     d.u.i.k.n.KeyIO           MODE: declarations took 0 ms 
266660     DEBUG Test worker     d.u.i.k.n.KeyIO           MODE: 2nd degree decls took 0 
266660     DEBUG Test worker     d.u.i.k.n.KeyIO           MODE: taclets took 0ms 
267799     INFO  Test worker     d.u.i.k.n.KeyIO           Parsing took 0 ms 
267799     DEBUG Test worker     d.u.i.k.n.KeyIO           Load declarations of de.uka.ilkd.key.nparser.KeyAst$File:  <unknown>:1#1 
267799     INFO  Test worker     d.u.i.k.n.KeyIO           MODE: declarations took 0 ms 
267799     DEBUG Test worker     d.u.i.k.n.KeyIO           MODE: 2nd degree decls took 0 
267799     DEBUG Test worker     d.u.i.k.n.KeyIO           MODE: taclets took 0ms 
268961     INFO  Test worker     d.u.i.k.n.KeyIO           Parsing took 0 ms 
268961     DEBUG Test worker     d.u.i.k.n.KeyIO           Load declarations of de.uka.ilkd.key.nparser.KeyAst$File:  <unknown>:1#1 
268961     INFO  Test worker     d.u.i.k.n.KeyIO           MODE: declarations took 0 ms 
268961     DEBUG Test worker     d.u.i.k.n.KeyIO           MODE: 2nd degree decls took 0 
268961     DEBUG Test worker     d.u.i.k.n.KeyIO           MODE: taclets took 0ms 
270072     INFO  Test worker     d.u.i.k.n.KeyIO           Parsing took 0 ms 
270072     DEBUG Test worker     d.u.i.k.n.KeyIO           Load declarations of de.uka.ilkd.key.nparser.KeyAst$File:  <unknown>:1#1 
270072     INFO  Test worker     d.u.i.k.n.KeyIO           MODE: declarations took 0 ms 
270072     DEBUG Test worker     d.u.i.k.n.KeyIO           MODE: 2nd degree decls took 0 
270072     DEBUG Test worker     d.u.i.k.n.KeyIO           MODE: taclets took 0ms 
271184     INFO  Test worker     d.u.i.k.n.KeyIO           Parsing took 0 ms 
271184     DEBUG Test worker     d.u.i.k.n.KeyIO           Load declarations of de.uka.ilkd.key.nparser.KeyAst$File:  <unknown>:1#1 
271184     INFO  Test worker     d.u.i.k.n.KeyIO           MODE: declarations took 0 ms 
271184     DEBUG Test worker     d.u.i.k.n.KeyIO           MODE: 2nd degree decls took 0 
271184     DEBUG Test worker     d.u.i.k.n.KeyIO           MODE: taclets took 0ms 
272263     INFO  Test worker     d.u.i.k.n.KeyIO           Parsing took 0 ms 
272263     DEBUG Test worker     d.u.i.k.n.KeyIO           Load declarations of de.uka.ilkd.key.nparser.KeyAst$File:  <unknown>:1#1 
272263     INFO  Test worker     d.u.i.k.n.KeyIO           MODE: declarations took 0 ms 
272263     DEBUG Test worker     d.u.i.k.n.KeyIO           MODE: 2nd degree decls took 0 
272263     DEBUG Test worker     d.u.i.k.n.KeyIO           MODE: taclets took 0ms 
273357     INFO  Test worker     d.u.i.k.n.KeyIO           Parsing took 0 ms 
273357     DEBUG Test worker     d.u.i.k.n.KeyIO           Load declarations of de.uka.ilkd.key.nparser.KeyAst$File:  <unknown>:1#1 
273357     INFO  Test worker     d.u.i.k.n.KeyIO           MODE: declarations took 0 ms 
273357     DEBUG Test worker     d.u.i.k.n.KeyIO           MODE: 2nd degree decls took 0 
273357     DEBUG Test worker     d.u.i.k.n.KeyIO           MODE: taclets took 0ms 
274444     INFO  Test worker     d.u.i.k.n.KeyIO           Parsing took 0 ms 
274444     DEBUG Test worker     d.u.i.k.n.KeyIO           Load declarations of de.uka.ilkd.key.nparser.KeyAst$File:  <unknown>:1#1 
274444     INFO  Test worker     d.u.i.k.n.KeyIO           MODE: declarations took 0 ms 
274444     DEBUG Test worker     d.u.i.k.n.KeyIO           MODE: 2nd degree decls took 0 
274444     DEBUG Test worker     d.u.i.k.n.KeyIO           MODE: taclets took 0ms 
275533     INFO  Test worker     d.u.i.k.n.KeyIO           Parsing took 0 ms 
275533     DEBUG Test worker     d.u.i.k.n.KeyIO           Load declarations of de.uka.ilkd.key.nparser.KeyAst$File:  <unknown>:1#1 
275533     INFO  Test worker     d.u.i.k.n.KeyIO           MODE: declarations took 0 ms 
275533     DEBUG Test worker     d.u.i.k.n.KeyIO           MODE: 2nd degree decls took 0 
275533     DEBUG Test worker     d.u.i.k.n.KeyIO           MODE: taclets took 0ms 
276568     INFO  Test worker     d.u.i.k.n.KeyIO           Parsing took 0 ms 
276568     DEBUG Test worker     d.u.i.k.n.KeyIO           Load declarations of de.uka.ilkd.key.nparser.KeyAst$File:  <unknown>:1#1 
276568     INFO  Test worker     d.u.i.k.n.KeyIO           MODE: declarations took 0 ms 
276568     DEBUG Test worker     d.u.i.k.n.KeyIO           MODE: 2nd degree decls took 0 
276568     DEBUG Test worker     d.u.i.k.n.KeyIO           MODE: taclets took 0ms 
277708     INFO  Test worker     d.u.i.k.n.KeyIO           Parsing took 0 ms 
277708     DEBUG Test worker     d.u.i.k.n.KeyIO           Load declarations of de.uka.ilkd.key.nparser.KeyAst$File:  <unknown>:1#1 
277708     INFO  Test worker     d.u.i.k.n.KeyIO           MODE: declarations took 0 ms 
277708     DEBUG Test worker     d.u.i.k.n.KeyIO           MODE: 2nd degree decls took 0 
277708     DEBUG Test worker     d.u.i.k.n.KeyIO           MODE: taclets took 0ms 
]]></system-out>
  <system-err><![CDATA[]]></system-err>
</testsuite>
