<?xml version="1.0" encoding="UTF-8"?>
<testsuite name="de.uka.ilkd.key.proof.io.TestZipProofSaving" tests="1" skipped="0" failures="0" errors="0" timestamp="2023-05-02T15:23:03" hostname="fv-az479-478" time="7.937">
  <properties/>
  <testcase name="testZip()" classname="de.uka.ilkd.key.proof.io.TestZipProofSaving" time="7.937"/>
  <system-out><![CDATA[519084     INFO  Test worker     d.u.i.k.p.i.AbstractProblemLoader Loading environment from C:\Users\RUNNER~1\AppData\Local\Temp\keyZipTest7618751584521122790.key 
519084     DEBUG Test worker     d.u.i.k.p.i.AbstractProblemLoader Environment load took 225.4ns 
519084     INFO  Test worker     d.u.i.k.p.i.AbstractProblemLoader Creating init config 
519209     DEBUG Test worker     d.u.i.k.j.TypeConverter   No LDT found for Meta 
519240     DEBUG Test worker     d.u.i.k.j.TypeConverter   No LDT found for Meta 
519240     DEBUG Test worker     d.u.i.k.j.TypeConverter   No LDT found for Meta 
519240     DEBUG Test worker     d.u.i.k.j.TypeConverter   No LDT found for Meta 
519797     DEBUG Test worker     d.u.i.k.j.TypeConverter   No LDT found for JavaBigintExpression 
523570     DEBUG Test worker     d.u.i.k.p.i.AbstractProblemLoader Init config took 4.48s 
523586     INFO  Test worker     d.u.i.k.p.i.AbstractProblemLoader Replaying proof keyZipTest7618751584521122790.key 
523586     DEBUG Test worker     d.u.i.k.p.i.IntermediateProofReplayer Proof replay took 7.8ns 
523700     INFO  Test worker     d.u.i.k.p.i.AbstractProblemLoader Loading environment from C:\Users\RUNNER~1\AppData\Local\Temp\keyZipTest12562684959533392411.proof.gz 
523700     DEBUG Test worker     d.u.i.k.p.i.AbstractProblemLoader Environment load took 465.7ns 
523700     INFO  Test worker     d.u.i.k.p.i.AbstractProblemLoader Creating init config 
526890     DEBUG Test worker     d.u.i.k.p.i.AbstractProblemLoader Init config took 3.18s 
526906     INFO  Test worker     d.u.i.k.p.i.AbstractProblemLoader Replaying proof keyZipTest12562684959533392411.proof.gz 
526906     DEBUG Test worker     d.u.i.k.p.i.IntermediateProofReplayer Proof replay took 4.24ms 
]]></system-out>
  <system-err><![CDATA[]]></system-err>
</testsuite>
