<?xml version="1.0" encoding="UTF-8"?>
<testsuite name="de.uka.ilkd.key.parser.TestTermParserHeap" tests="39" skipped="0" failures="0" errors="0" timestamp="2023-05-02T15:20:44" hostname="fv-az479-478" time="127.201">
  <properties/>
  <testcase name="testBracketHeapUpdate()" classname="de.uka.ilkd.key.parser.TestTermParserHeap" time="0.022"/>
  <testcase name="testStore()" classname="de.uka.ilkd.key.parser.TestTermParserHeap" time="0.013"/>
  <testcase name="testUnknownConstant()" classname="de.uka.ilkd.key.parser.TestTermParserHeap" time="0.006"/>
  <testcase name="testAllFieldsSelector()" classname="de.uka.ilkd.key.parser.TestTermParserHeap" time="0.004"/>
  <testcase name="testParsePrettyPrintedSelect()" classname="de.uka.ilkd.key.parser.TestTermParserHeap" time="0.005"/>
  <testcase name="testAccessStaticMembers()" classname="de.uka.ilkd.key.parser.TestTermParserHeap" time="0.009"/>
  <testcase name="testAtOperator_1()" classname="de.uka.ilkd.key.parser.TestTermParserHeap" time="0.004"/>
  <testcase name="testAtOperator_2()" classname="de.uka.ilkd.key.parser.TestTermParserHeap" time="0.004"/>
  <testcase name="testAtOperator_3()" classname="de.uka.ilkd.key.parser.TestTermParserHeap" time="0.004"/>
  <testcase name="testAtOperator_4()" classname="de.uka.ilkd.key.parser.TestTermParserHeap" time="0.011"/>
  <testcase name="testAtOperator_5()" classname="de.uka.ilkd.key.parser.TestTermParserHeap" time="0.004"/>
  <testcase name="testAtOperator_6()" classname="de.uka.ilkd.key.parser.TestTermParserHeap" time="0.004"/>
  <testcase name="testAtOperator_7()" classname="de.uka.ilkd.key.parser.TestTermParserHeap" time="0.007"/>
  <testcase name="testAtOperator_8()" classname="de.uka.ilkd.key.parser.TestTermParserHeap" time="0.007"/>
  <testcase name="testVerifyExceptionIfAtOperatorNotPreceededBySelectTerm()" classname="de.uka.ilkd.key.parser.TestTermParserHeap" time="0.005"/>
  <testcase name="testBugResettingCounter()" classname="de.uka.ilkd.key.parser.TestTermParserHeap" time="0.005"/>
  <testcase name="testLocationSets()" classname="de.uka.ilkd.key.parser.TestTermParserHeap" time="0.007"/>
  <testcase name="testQuantifiedSelect()" classname="de.uka.ilkd.key.parser.TestTermParserHeap" time="0.004"/>
  <testcase name="testGenericObjectProperties()" classname="de.uka.ilkd.key.parser.TestTermParserHeap" time="0.006"/>
  <testcase name="testQueryInheritance_1()" classname="de.uka.ilkd.key.parser.TestTermParserHeap" time="0.006"/>
  <testcase name="testQueryInheritance_2()" classname="de.uka.ilkd.key.parser.TestTermParserHeap" time="0.193"/>
  <testcase name="testQueryInheritance_3()" classname="de.uka.ilkd.key.parser.TestTermParserHeap" time="0.005"/>
  <testcase name="testQueryInheritance_4()" classname="de.uka.ilkd.key.parser.TestTermParserHeap" time="0.003"/>
  <testcase name="testQueryInheritance_5()" classname="de.uka.ilkd.key.parser.TestTermParserHeap" time="0.003"/>
  <testcase name="testQueryInheritance_6()" classname="de.uka.ilkd.key.parser.TestTermParserHeap" time="0.004"/>
  <testcase name="testQueryInheritance_7()" classname="de.uka.ilkd.key.parser.TestTermParserHeap" time="0.006"/>
  <testcase name="testQueryInheritance_8()" classname="de.uka.ilkd.key.parser.TestTermParserHeap" time="0.004"/>
  <testcase name="testQueryInheritance_9()" classname="de.uka.ilkd.key.parser.TestTermParserHeap" time="0.001"/>
  <testcase name="testQueryBasic_10()" classname="de.uka.ilkd.key.parser.TestTermParserHeap" time="0.006"/>
  <testcase name="testQueryBasic_11()" classname="de.uka.ilkd.key.parser.TestTermParserHeap" time="0.004"/>
  <testcase name="testQueryBasic_1()" classname="de.uka.ilkd.key.parser.TestTermParserHeap" time="0.004"/>
  <testcase name="testQueryBasic_2()" classname="de.uka.ilkd.key.parser.TestTermParserHeap" time="0.004"/>
  <testcase name="testQueryBasic_3()" classname="de.uka.ilkd.key.parser.TestTermParserHeap" time="0.007"/>
  <testcase name="testQueryBasic_4()" classname="de.uka.ilkd.key.parser.TestTermParserHeap" time="0.002"/>
  <testcase name="testQueryBasic_5()" classname="de.uka.ilkd.key.parser.TestTermParserHeap" time="0.001"/>
  <testcase name="testQueryBasic_6()" classname="de.uka.ilkd.key.parser.TestTermParserHeap" time="0.006"/>
  <testcase name="testQueryBasic_7()" classname="de.uka.ilkd.key.parser.TestTermParserHeap" time="0.004"/>
  <testcase name="testQueryBasic_8()" classname="de.uka.ilkd.key.parser.TestTermParserHeap" time="0.022"/>
  <testcase name="testQueryBasic_9()" classname="de.uka.ilkd.key.parser.TestTermParserHeap" time="0.003"/>
  <system-out><![CDATA[380059     INFO  Test worker     d.u.i.k.n.KeyIO           Parsing took 0 ms 
380059     DEBUG Test worker     d.u.i.k.n.KeyIO           Load declarations of de.uka.ilkd.key.nparser.KeyAst$File:  <unknown>:1#1 
380059     INFO  Test worker     d.u.i.k.n.KeyIO           MODE: declarations took 0 ms 
380059     DEBUG Test worker     d.u.i.k.n.KeyIO           MODE: 2nd degree decls took 0 
380059     INFO  Test worker     d.u.i.k.n.KeyIO           Parsing took 0 ms 
380059     DEBUG Test worker     d.u.i.k.n.KeyIO           Load declarations of de.uka.ilkd.key.nparser.KeyAst$File:  <unknown>:1#1 
380059     INFO  Test worker     d.u.i.k.n.KeyIO           MODE: declarations took 0 ms 
380059     DEBUG Test worker     d.u.i.k.n.KeyIO           MODE: 2nd degree decls took 0 
380059     INFO  Test worker     d.u.i.k.n.KeyIO           Parsing took 0 ms 
380059     DEBUG Test worker     d.u.i.k.n.KeyIO           Load declarations of de.uka.ilkd.key.nparser.KeyAst$File:  <unknown>:1#1 
380059     INFO  Test worker     d.u.i.k.n.KeyIO           MODE: declarations took 0 ms 
380059     DEBUG Test worker     d.u.i.k.n.KeyIO           MODE: 2nd degree decls took 0 
380059     INFO  Test worker     d.u.i.k.n.KeyIO           Parsing took 0 ms 
380059     DEBUG Test worker     d.u.i.k.n.KeyIO           Load declarations of de.uka.ilkd.key.nparser.KeyAst$File:  <unknown>:1#1 
380059     INFO  Test worker     d.u.i.k.n.KeyIO           MODE: declarations took 0 ms 
380059     DEBUG Test worker     d.u.i.k.n.KeyIO           MODE: 2nd degree decls took 0 
380059     INFO  Test worker     d.u.i.k.n.KeyIO           Parsing took 0 ms 
380059     DEBUG Test worker     d.u.i.k.n.KeyIO           Load declarations of de.uka.ilkd.key.nparser.KeyAst$File:  <unknown>:1#1 
380059     INFO  Test worker     d.u.i.k.n.KeyIO           MODE: declarations took 0 ms 
380059     DEBUG Test worker     d.u.i.k.n.KeyIO           MODE: 2nd degree decls took 0 
383639     INFO  Test worker     d.u.i.k.n.KeyIO           Parsing took 0 ms 
383639     DEBUG Test worker     d.u.i.k.n.KeyIO           Load declarations of de.uka.ilkd.key.nparser.KeyAst$File:  <unknown>:1#1 
383639     INFO  Test worker     d.u.i.k.n.KeyIO           MODE: declarations took 0 ms 
383639     DEBUG Test worker     d.u.i.k.n.KeyIO           MODE: 2nd degree decls took 0 
383639     INFO  Test worker     d.u.i.k.n.KeyIO           Parsing took 0 ms 
383639     DEBUG Test worker     d.u.i.k.n.KeyIO           Load declarations of de.uka.ilkd.key.nparser.KeyAst$File:  <unknown>:1#1 
383639     INFO  Test worker     d.u.i.k.n.KeyIO           MODE: declarations took 0 ms 
383639     DEBUG Test worker     d.u.i.k.n.KeyIO           MODE: 2nd degree decls took 0 
383639     INFO  Test worker     d.u.i.k.n.KeyIO           Parsing took 0 ms 
383639     DEBUG Test worker     d.u.i.k.n.KeyIO           Load declarations of de.uka.ilkd.key.nparser.KeyAst$File:  <unknown>:1#1 
383639     INFO  Test worker     d.u.i.k.n.KeyIO           MODE: declarations took 0 ms 
383639     DEBUG Test worker     d.u.i.k.n.KeyIO           MODE: 2nd degree decls took 0 
383639     INFO  Test worker     d.u.i.k.n.KeyIO           Parsing took 0 ms 
383639     DEBUG Test worker     d.u.i.k.n.KeyIO           Load declarations of de.uka.ilkd.key.nparser.KeyAst$File:  <unknown>:1#1 
383639     INFO  Test worker     d.u.i.k.n.KeyIO           MODE: declarations took 0 ms 
383639     DEBUG Test worker     d.u.i.k.n.KeyIO           MODE: 2nd degree decls took 0 
383639     INFO  Test worker     d.u.i.k.n.KeyIO           Parsing took 0 ms 
383639     DEBUG Test worker     d.u.i.k.n.KeyIO           Load declarations of de.uka.ilkd.key.nparser.KeyAst$File:  <unknown>:1#1 
383639     INFO  Test worker     d.u.i.k.n.KeyIO           MODE: declarations took 0 ms 
383639     DEBUG Test worker     d.u.i.k.n.KeyIO           MODE: 2nd degree decls took 0 
387153     INFO  Test worker     d.u.i.k.n.KeyIO           Parsing took 0 ms 
387153     DEBUG Test worker     d.u.i.k.n.KeyIO           Load declarations of de.uka.ilkd.key.nparser.KeyAst$File:  <unknown>:1#1 
387153     INFO  Test worker     d.u.i.k.n.KeyIO           MODE: declarations took 0 ms 
387153     DEBUG Test worker     d.u.i.k.n.KeyIO           MODE: 2nd degree decls took 0 
387153     INFO  Test worker     d.u.i.k.n.KeyIO           Parsing took 0 ms 
387153     DEBUG Test worker     d.u.i.k.n.KeyIO           Load declarations of de.uka.ilkd.key.nparser.KeyAst$File:  <unknown>:1#1 
387153     INFO  Test worker     d.u.i.k.n.KeyIO           MODE: declarations took 0 ms 
387153     DEBUG Test worker     d.u.i.k.n.KeyIO           MODE: 2nd degree decls took 0 
387168     INFO  Test worker     d.u.i.k.n.KeyIO           Parsing took 0 ms 
387168     DEBUG Test worker     d.u.i.k.n.KeyIO           Load declarations of de.uka.ilkd.key.nparser.KeyAst$File:  <unknown>:1#1 
387168     INFO  Test worker     d.u.i.k.n.KeyIO           MODE: declarations took 0 ms 
387168     DEBUG Test worker     d.u.i.k.n.KeyIO           MODE: 2nd degree decls took 0 
387168     INFO  Test worker     d.u.i.k.n.KeyIO           Parsing took 0 ms 
387168     DEBUG Test worker     d.u.i.k.n.KeyIO           Load declarations of de.uka.ilkd.key.nparser.KeyAst$File:  <unknown>:1#1 
387168     INFO  Test worker     d.u.i.k.n.KeyIO           MODE: declarations took 0 ms 
387168     DEBUG Test worker     d.u.i.k.n.KeyIO           MODE: 2nd degree decls took 0 
387168     INFO  Test worker     d.u.i.k.n.KeyIO           Parsing took 0 ms 
387168     DEBUG Test worker     d.u.i.k.n.KeyIO           Load declarations of de.uka.ilkd.key.nparser.KeyAst$File:  <unknown>:1#1 
387168     INFO  Test worker     d.u.i.k.n.KeyIO           MODE: declarations took 0 ms 
387168     DEBUG Test worker     d.u.i.k.n.KeyIO           MODE: 2nd degree decls took 0 
387168     INFO  Test worker     d.u.i.k.n.KeyIO           Parsing took 0 ms 
387168     DEBUG Test worker     d.u.i.k.n.KeyIO           Load declarations of de.uka.ilkd.key.nparser.KeyAst$File:  <unknown>:1#1 
387168     INFO  Test worker     d.u.i.k.n.KeyIO           MODE: declarations took 0 ms 
387168     DEBUG Test worker     d.u.i.k.n.KeyIO           MODE: 2nd degree decls took 0 
390704     INFO  Test worker     d.u.i.k.n.KeyIO           Parsing took 0 ms 
390704     DEBUG Test worker     d.u.i.k.n.KeyIO           Load declarations of de.uka.ilkd.key.nparser.KeyAst$File:  <unknown>:1#1 
390704     INFO  Test worker     d.u.i.k.n.KeyIO           MODE: declarations took 0 ms 
390704     DEBUG Test worker     d.u.i.k.n.KeyIO           MODE: 2nd degree decls took 0 
390704     INFO  Test worker     d.u.i.k.n.KeyIO           Parsing took 0 ms 
390704     DEBUG Test worker     d.u.i.k.n.KeyIO           Load declarations of de.uka.ilkd.key.nparser.KeyAst$File:  <unknown>:1#1 
390704     INFO  Test worker     d.u.i.k.n.KeyIO           MODE: declarations took 0 ms 
390704     DEBUG Test worker     d.u.i.k.n.KeyIO           MODE: 2nd degree decls took 0 
390704     INFO  Test worker     d.u.i.k.n.KeyIO           Parsing took 0 ms 
390704     DEBUG Test worker     d.u.i.k.n.KeyIO           Load declarations of de.uka.ilkd.key.nparser.KeyAst$File:  <unknown>:1#1 
390704     INFO  Test worker     d.u.i.k.n.KeyIO           MODE: declarations took 0 ms 
390704     DEBUG Test worker     d.u.i.k.n.KeyIO           MODE: 2nd degree decls took 0 
390704     INFO  Test worker     d.u.i.k.n.KeyIO           Parsing took 0 ms 
390704     DEBUG Test worker     d.u.i.k.n.KeyIO           Load declarations of de.uka.ilkd.key.nparser.KeyAst$File:  <unknown>:1#1 
390704     INFO  Test worker     d.u.i.k.n.KeyIO           MODE: declarations took 0 ms 
390704     DEBUG Test worker     d.u.i.k.n.KeyIO           MODE: 2nd degree decls took 0 
390704     INFO  Test worker     d.u.i.k.n.KeyIO           Parsing took 0 ms 
390704     DEBUG Test worker     d.u.i.k.n.KeyIO           Load declarations of de.uka.ilkd.key.nparser.KeyAst$File:  <unknown>:1#1 
390704     INFO  Test worker     d.u.i.k.n.KeyIO           MODE: declarations took 0 ms 
390704     DEBUG Test worker     d.u.i.k.n.KeyIO           MODE: 2nd degree decls took 0 
394243     INFO  Test worker     d.u.i.k.n.KeyIO           Parsing took 0 ms 
394243     DEBUG Test worker     d.u.i.k.n.KeyIO           Load declarations of de.uka.ilkd.key.nparser.KeyAst$File:  <unknown>:1#1 
394243     INFO  Test worker     d.u.i.k.n.KeyIO           MODE: declarations took 0 ms 
394243     DEBUG Test worker     d.u.i.k.n.KeyIO           MODE: 2nd degree decls took 0 
394243     INFO  Test worker     d.u.i.k.n.KeyIO           Parsing took 0 ms 
394243     DEBUG Test worker     d.u.i.k.n.KeyIO           Load declarations of de.uka.ilkd.key.nparser.KeyAst$File:  <unknown>:1#1 
394243     INFO  Test worker     d.u.i.k.n.KeyIO           MODE: declarations took 0 ms 
394243     DEBUG Test worker     d.u.i.k.n.KeyIO           MODE: 2nd degree decls took 0 
394243     INFO  Test worker     d.u.i.k.n.KeyIO           Parsing took 0 ms 
394243     DEBUG Test worker     d.u.i.k.n.KeyIO           Load declarations of de.uka.ilkd.key.nparser.KeyAst$File:  <unknown>:1#1 
394243     INFO  Test worker     d.u.i.k.n.KeyIO           MODE: declarations took 0 ms 
394243     DEBUG Test worker     d.u.i.k.n.KeyIO           MODE: 2nd degree decls took 0 
394243     INFO  Test worker     d.u.i.k.n.KeyIO           Parsing took 0 ms 
394243     DEBUG Test worker     d.u.i.k.n.KeyIO           Load declarations of de.uka.ilkd.key.nparser.KeyAst$File:  <unknown>:1#1 
394243     INFO  Test worker     d.u.i.k.n.KeyIO           MODE: declarations took 0 ms 
394243     DEBUG Test worker     d.u.i.k.n.KeyIO           MODE: 2nd degree decls took 0 
394243     INFO  Test worker     d.u.i.k.n.KeyIO           Parsing took 0 ms 
394243     DEBUG Test worker     d.u.i.k.n.KeyIO           Load declarations of de.uka.ilkd.key.nparser.KeyAst$File:  <unknown>:1#1 
394243     INFO  Test worker     d.u.i.k.n.KeyIO           MODE: declarations took 0 ms 
394243     DEBUG Test worker     d.u.i.k.n.KeyIO           MODE: 2nd degree decls took 0 
397738     INFO  Test worker     d.u.i.k.n.KeyIO           Parsing took 0 ms 
397738     DEBUG Test worker     d.u.i.k.n.KeyIO           Load declarations of de.uka.ilkd.key.nparser.KeyAst$File:  <unknown>:1#1 
397738     INFO  Test worker     d.u.i.k.n.KeyIO           MODE: declarations took 0 ms 
397738     DEBUG Test worker     d.u.i.k.n.KeyIO           MODE: 2nd degree decls took 0 
397738     INFO  Test worker     d.u.i.k.n.KeyIO           Parsing took 0 ms 
397738     DEBUG Test worker     d.u.i.k.n.KeyIO           Load declarations of de.uka.ilkd.key.nparser.KeyAst$File:  <unknown>:1#1 
397738     INFO  Test worker     d.u.i.k.n.KeyIO           MODE: declarations took 0 ms 
397738     DEBUG Test worker     d.u.i.k.n.KeyIO           MODE: 2nd degree decls took 0 
397738     INFO  Test worker     d.u.i.k.n.KeyIO           Parsing took 0 ms 
397738     DEBUG Test worker     d.u.i.k.n.KeyIO           Load declarations of de.uka.ilkd.key.nparser.KeyAst$File:  <unknown>:1#1 
397738     INFO  Test worker     d.u.i.k.n.KeyIO           MODE: declarations took 0 ms 
397738     DEBUG Test worker     d.u.i.k.n.KeyIO           MODE: 2nd degree decls took 0 
397738     INFO  Test worker     d.u.i.k.n.KeyIO           Parsing took 0 ms 
397738     DEBUG Test worker     d.u.i.k.n.KeyIO           Load declarations of de.uka.ilkd.key.nparser.KeyAst$File:  <unknown>:1#1 
397738     INFO  Test worker     d.u.i.k.n.KeyIO           MODE: declarations took 0 ms 
397738     DEBUG Test worker     d.u.i.k.n.KeyIO           MODE: 2nd degree decls took 0 
397738     INFO  Test worker     d.u.i.k.n.KeyIO           Parsing took 0 ms 
397738     DEBUG Test worker     d.u.i.k.n.KeyIO           Load declarations of de.uka.ilkd.key.nparser.KeyAst$File:  <unknown>:1#1 
397738     INFO  Test worker     d.u.i.k.n.KeyIO           MODE: declarations took 0 ms 
397738     DEBUG Test worker     d.u.i.k.n.KeyIO           MODE: 2nd degree decls took 0 
401356     INFO  Test worker     d.u.i.k.n.KeyIO           Parsing took 0 ms 
401356     DEBUG Test worker     d.u.i.k.n.KeyIO           Load declarations of de.uka.ilkd.key.nparser.KeyAst$File:  <unknown>:1#1 
401356     INFO  Test worker     d.u.i.k.n.KeyIO           MODE: declarations took 0 ms 
401356     DEBUG Test worker     d.u.i.k.n.KeyIO           MODE: 2nd degree decls took 0 
401356     INFO  Test worker     d.u.i.k.n.KeyIO           Parsing took 0 ms 
401356     DEBUG Test worker     d.u.i.k.n.KeyIO           Load declarations of de.uka.ilkd.key.nparser.KeyAst$File:  <unknown>:1#1 
401356     INFO  Test worker     d.u.i.k.n.KeyIO           MODE: declarations took 0 ms 
401356     DEBUG Test worker     d.u.i.k.n.KeyIO           MODE: 2nd degree decls took 0 
401356     INFO  Test worker     d.u.i.k.n.KeyIO           Parsing took 0 ms 
401356     DEBUG Test worker     d.u.i.k.n.KeyIO           Load declarations of de.uka.ilkd.key.nparser.KeyAst$File:  <unknown>:1#1 
401356     INFO  Test worker     d.u.i.k.n.KeyIO           MODE: declarations took 0 ms 
401356     DEBUG Test worker     d.u.i.k.n.KeyIO           MODE: 2nd degree decls took 0 
401356     INFO  Test worker     d.u.i.k.n.KeyIO           Parsing took 0 ms 
401356     DEBUG Test worker     d.u.i.k.n.KeyIO           Load declarations of de.uka.ilkd.key.nparser.KeyAst$File:  <unknown>:1#1 
401356     INFO  Test worker     d.u.i.k.n.KeyIO           MODE: declarations took 0 ms 
401356     DEBUG Test worker     d.u.i.k.n.KeyIO           MODE: 2nd degree decls took 0 
401356     INFO  Test worker     d.u.i.k.n.KeyIO           Parsing took 0 ms 
401356     DEBUG Test worker     d.u.i.k.n.KeyIO           Load declarations of de.uka.ilkd.key.nparser.KeyAst$File:  <unknown>:1#1 
401356     INFO  Test worker     d.u.i.k.n.KeyIO           MODE: declarations took 0 ms 
401356     DEBUG Test worker     d.u.i.k.n.KeyIO           MODE: 2nd degree decls took 0 
404851     INFO  Test worker     d.u.i.k.n.KeyIO           Parsing took 0 ms 
404851     DEBUG Test worker     d.u.i.k.n.KeyIO           Load declarations of de.uka.ilkd.key.nparser.KeyAst$File:  <unknown>:1#1 
404851     INFO  Test worker     d.u.i.k.n.KeyIO           MODE: declarations took 0 ms 
404851     DEBUG Test worker     d.u.i.k.n.KeyIO           MODE: 2nd degree decls took 0 
404851     INFO  Test worker     d.u.i.k.n.KeyIO           Parsing took 0 ms 
404851     DEBUG Test worker     d.u.i.k.n.KeyIO           Load declarations of de.uka.ilkd.key.nparser.KeyAst$File:  <unknown>:1#1 
404851     INFO  Test worker     d.u.i.k.n.KeyIO           MODE: declarations took 0 ms 
404851     DEBUG Test worker     d.u.i.k.n.KeyIO           MODE: 2nd degree decls took 0 
404851     INFO  Test worker     d.u.i.k.n.KeyIO           Parsing took 0 ms 
404851     DEBUG Test worker     d.u.i.k.n.KeyIO           Load declarations of de.uka.ilkd.key.nparser.KeyAst$File:  <unknown>:1#1 
404851     INFO  Test worker     d.u.i.k.n.KeyIO           MODE: declarations took 0 ms 
404851     DEBUG Test worker     d.u.i.k.n.KeyIO           MODE: 2nd degree decls took 0 
404851     INFO  Test worker     d.u.i.k.n.KeyIO           Parsing took 0 ms 
404851     DEBUG Test worker     d.u.i.k.n.KeyIO           Load declarations of de.uka.ilkd.key.nparser.KeyAst$File:  <unknown>:1#1 
404851     INFO  Test worker     d.u.i.k.n.KeyIO           MODE: declarations took 0 ms 
404851     DEBUG Test worker     d.u.i.k.n.KeyIO           MODE: 2nd degree decls took 0 
404851     INFO  Test worker     d.u.i.k.n.KeyIO           Parsing took 0 ms 
404851     DEBUG Test worker     d.u.i.k.n.KeyIO           Load declarations of de.uka.ilkd.key.nparser.KeyAst$File:  <unknown>:1#1 
404851     INFO  Test worker     d.u.i.k.n.KeyIO           MODE: declarations took 0 ms 
404851     DEBUG Test worker     d.u.i.k.n.KeyIO           MODE: 2nd degree decls took 0 
408293     INFO  Test worker     d.u.i.k.n.KeyIO           Parsing took 0 ms 
408293     DEBUG Test worker     d.u.i.k.n.KeyIO           Load declarations of de.uka.ilkd.key.nparser.KeyAst$File:  <unknown>:1#1 
408293     INFO  Test worker     d.u.i.k.n.KeyIO           MODE: declarations took 0 ms 
408309     DEBUG Test worker     d.u.i.k.n.KeyIO           MODE: 2nd degree decls took 0 
408309     INFO  Test worker     d.u.i.k.n.KeyIO           Parsing took 0 ms 
408309     DEBUG Test worker     d.u.i.k.n.KeyIO           Load declarations of de.uka.ilkd.key.nparser.KeyAst$File:  <unknown>:1#1 
408309     INFO  Test worker     d.u.i.k.n.KeyIO           MODE: declarations took 0 ms 
408309     DEBUG Test worker     d.u.i.k.n.KeyIO           MODE: 2nd degree decls took 0 
408309     INFO  Test worker     d.u.i.k.n.KeyIO           Parsing took 0 ms 
408309     DEBUG Test worker     d.u.i.k.n.KeyIO           Load declarations of de.uka.ilkd.key.nparser.KeyAst$File:  <unknown>:1#1 
408309     INFO  Test worker     d.u.i.k.n.KeyIO           MODE: declarations took 0 ms 
408309     DEBUG Test worker     d.u.i.k.n.KeyIO           MODE: 2nd degree decls took 0 
408309     INFO  Test worker     d.u.i.k.n.KeyIO           Parsing took 0 ms 
408309     DEBUG Test worker     d.u.i.k.n.KeyIO           Load declarations of de.uka.ilkd.key.nparser.KeyAst$File:  <unknown>:1#1 
408309     INFO  Test worker     d.u.i.k.n.KeyIO           MODE: declarations took 0 ms 
408309     DEBUG Test worker     d.u.i.k.n.KeyIO           MODE: 2nd degree decls took 0 
408309     INFO  Test worker     d.u.i.k.n.KeyIO           Parsing took 0 ms 
408309     DEBUG Test worker     d.u.i.k.n.KeyIO           Load declarations of de.uka.ilkd.key.nparser.KeyAst$File:  <unknown>:1#1 
408309     INFO  Test worker     d.u.i.k.n.KeyIO           MODE: declarations took 0 ms 
408309     DEBUG Test worker     d.u.i.k.n.KeyIO           MODE: 2nd degree decls took 0 
411821     INFO  Test worker     d.u.i.k.n.KeyIO           Parsing took 0 ms 
411821     DEBUG Test worker     d.u.i.k.n.KeyIO           Load declarations of de.uka.ilkd.key.nparser.KeyAst$File:  <unknown>:1#1 
411821     INFO  Test worker     d.u.i.k.n.KeyIO           MODE: declarations took 0 ms 
411821     DEBUG Test worker     d.u.i.k.n.KeyIO           MODE: 2nd degree decls took 0 
411821     INFO  Test worker     d.u.i.k.n.KeyIO           Parsing took 0 ms 
411821     DEBUG Test worker     d.u.i.k.n.KeyIO           Load declarations of de.uka.ilkd.key.nparser.KeyAst$File:  <unknown>:1#1 
411821     INFO  Test worker     d.u.i.k.n.KeyIO           MODE: declarations took 0 ms 
411821     DEBUG Test worker     d.u.i.k.n.KeyIO           MODE: 2nd degree decls took 0 
411821     INFO  Test worker     d.u.i.k.n.KeyIO           Parsing took 0 ms 
411821     DEBUG Test worker     d.u.i.k.n.KeyIO           Load declarations of de.uka.ilkd.key.nparser.KeyAst$File:  <unknown>:1#1 
411821     INFO  Test worker     d.u.i.k.n.KeyIO           MODE: declarations took 0 ms 
411821     DEBUG Test worker     d.u.i.k.n.KeyIO           MODE: 2nd degree decls took 0 
411821     INFO  Test worker     d.u.i.k.n.KeyIO           Parsing took 0 ms 
411821     DEBUG Test worker     d.u.i.k.n.KeyIO           Load declarations of de.uka.ilkd.key.nparser.KeyAst$File:  <unknown>:1#1 
411821     INFO  Test worker     d.u.i.k.n.KeyIO           MODE: declarations took 0 ms 
411821     DEBUG Test worker     d.u.i.k.n.KeyIO           MODE: 2nd degree decls took 0 
411821     INFO  Test worker     d.u.i.k.n.KeyIO           Parsing took 0 ms 
411821     DEBUG Test worker     d.u.i.k.n.KeyIO           Load declarations of de.uka.ilkd.key.nparser.KeyAst$File:  <unknown>:1#1 
411821     INFO  Test worker     d.u.i.k.n.KeyIO           MODE: declarations took 0 ms 
411821     DEBUG Test worker     d.u.i.k.n.KeyIO           MODE: 2nd degree decls took 0 
415595     INFO  Test worker     d.u.i.k.n.KeyIO           Parsing took 0 ms 
415595     DEBUG Test worker     d.u.i.k.n.KeyIO           Load declarations of de.uka.ilkd.key.nparser.KeyAst$File:  <unknown>:1#1 
415595     INFO  Test worker     d.u.i.k.n.KeyIO           MODE: declarations took 0 ms 
415595     DEBUG Test worker     d.u.i.k.n.KeyIO           MODE: 2nd degree decls took 0 
415595     INFO  Test worker     d.u.i.k.n.KeyIO           Parsing took 0 ms 
415595     DEBUG Test worker     d.u.i.k.n.KeyIO           Load declarations of de.uka.ilkd.key.nparser.KeyAst$File:  <unknown>:1#1 
415595     INFO  Test worker     d.u.i.k.n.KeyIO           MODE: declarations took 0 ms 
415595     DEBUG Test worker     d.u.i.k.n.KeyIO           MODE: 2nd degree decls took 0 
415595     INFO  Test worker     d.u.i.k.n.KeyIO           Parsing took 0 ms 
415595     DEBUG Test worker     d.u.i.k.n.KeyIO           Load declarations of de.uka.ilkd.key.nparser.KeyAst$File:  <unknown>:1#1 
415595     INFO  Test worker     d.u.i.k.n.KeyIO           MODE: declarations took 0 ms 
415595     DEBUG Test worker     d.u.i.k.n.KeyIO           MODE: 2nd degree decls took 0 
415595     INFO  Test worker     d.u.i.k.n.KeyIO           Parsing took 0 ms 
415595     DEBUG Test worker     d.u.i.k.n.KeyIO           Load declarations of de.uka.ilkd.key.nparser.KeyAst$File:  <unknown>:1#1 
415595     INFO  Test worker     d.u.i.k.n.KeyIO           MODE: declarations took 0 ms 
415595     DEBUG Test worker     d.u.i.k.n.KeyIO           MODE: 2nd degree decls took 0 
415595     INFO  Test worker     d.u.i.k.n.KeyIO           Parsing took 0 ms 
415595     DEBUG Test worker     d.u.i.k.n.KeyIO           Load declarations of de.uka.ilkd.key.nparser.KeyAst$File:  <unknown>:1#1 
415595     INFO  Test worker     d.u.i.k.n.KeyIO           MODE: declarations took 0 ms 
415595     DEBUG Test worker     d.u.i.k.n.KeyIO           MODE: 2nd degree decls took 0 
419071     INFO  Test worker     d.u.i.k.n.KeyIO           Parsing took 0 ms 
419071     DEBUG Test worker     d.u.i.k.n.KeyIO           Load declarations of de.uka.ilkd.key.nparser.KeyAst$File:  <unknown>:1#1 
419071     INFO  Test worker     d.u.i.k.n.KeyIO           MODE: declarations took 0 ms 
419071     DEBUG Test worker     d.u.i.k.n.KeyIO           MODE: 2nd degree decls took 0 
419071     INFO  Test worker     d.u.i.k.n.KeyIO           Parsing took 0 ms 
419071     DEBUG Test worker     d.u.i.k.n.KeyIO           Load declarations of de.uka.ilkd.key.nparser.KeyAst$File:  <unknown>:1#1 
419071     INFO  Test worker     d.u.i.k.n.KeyIO           MODE: declarations took 0 ms 
419071     DEBUG Test worker     d.u.i.k.n.KeyIO           MODE: 2nd degree decls took 0 
419071     INFO  Test worker     d.u.i.k.n.KeyIO           Parsing took 0 ms 
419071     DEBUG Test worker     d.u.i.k.n.KeyIO           Load declarations of de.uka.ilkd.key.nparser.KeyAst$File:  <unknown>:1#1 
419071     INFO  Test worker     d.u.i.k.n.KeyIO           MODE: declarations took 0 ms 
419071     DEBUG Test worker     d.u.i.k.n.KeyIO           MODE: 2nd degree decls took 0 
419071     INFO  Test worker     d.u.i.k.n.KeyIO           Parsing took 0 ms 
419071     DEBUG Test worker     d.u.i.k.n.KeyIO           Load declarations of de.uka.ilkd.key.nparser.KeyAst$File:  <unknown>:1#1 
419071     INFO  Test worker     d.u.i.k.n.KeyIO           MODE: declarations took 0 ms 
419071     DEBUG Test worker     d.u.i.k.n.KeyIO           MODE: 2nd degree decls took 0 
419071     INFO  Test worker     d.u.i.k.n.KeyIO           Parsing took 0 ms 
419071     DEBUG Test worker     d.u.i.k.n.KeyIO           Load declarations of de.uka.ilkd.key.nparser.KeyAst$File:  <unknown>:1#1 
419071     INFO  Test worker     d.u.i.k.n.KeyIO           MODE: declarations took 0 ms 
419071     DEBUG Test worker     d.u.i.k.n.KeyIO           MODE: 2nd degree decls took 0 
422532     INFO  Test worker     d.u.i.k.n.KeyIO           Parsing took 0 ms 
422532     DEBUG Test worker     d.u.i.k.n.KeyIO           Load declarations of de.uka.ilkd.key.nparser.KeyAst$File:  <unknown>:1#1 
422532     INFO  Test worker     d.u.i.k.n.KeyIO           MODE: declarations took 0 ms 
422532     DEBUG Test worker     d.u.i.k.n.KeyIO           MODE: 2nd degree decls took 0 
422532     INFO  Test worker     d.u.i.k.n.KeyIO           Parsing took 0 ms 
422532     DEBUG Test worker     d.u.i.k.n.KeyIO           Load declarations of de.uka.ilkd.key.nparser.KeyAst$File:  <unknown>:1#1 
422532     INFO  Test worker     d.u.i.k.n.KeyIO           MODE: declarations took 0 ms 
422532     DEBUG Test worker     d.u.i.k.n.KeyIO           MODE: 2nd degree decls took 0 
422532     INFO  Test worker     d.u.i.k.n.KeyIO           Parsing took 0 ms 
422532     DEBUG Test worker     d.u.i.k.n.KeyIO           Load declarations of de.uka.ilkd.key.nparser.KeyAst$File:  <unknown>:1#1 
422532     INFO  Test worker     d.u.i.k.n.KeyIO           MODE: declarations took 0 ms 
422532     DEBUG Test worker     d.u.i.k.n.KeyIO           MODE: 2nd degree decls took 0 
422532     INFO  Test worker     d.u.i.k.n.KeyIO           Parsing took 0 ms 
422532     DEBUG Test worker     d.u.i.k.n.KeyIO           Load declarations of de.uka.ilkd.key.nparser.KeyAst$File:  <unknown>:1#1 
422532     INFO  Test worker     d.u.i.k.n.KeyIO           MODE: declarations took 0 ms 
422532     DEBUG Test worker     d.u.i.k.n.KeyIO           MODE: 2nd degree decls took 0 
422532     INFO  Test worker     d.u.i.k.n.KeyIO           Parsing took 0 ms 
422532     DEBUG Test worker     d.u.i.k.n.KeyIO           Load declarations of de.uka.ilkd.key.nparser.KeyAst$File:  <unknown>:1#1 
422532     INFO  Test worker     d.u.i.k.n.KeyIO           MODE: declarations took 0 ms 
422532     DEBUG Test worker     d.u.i.k.n.KeyIO           MODE: 2nd degree decls took 0 
425963     INFO  Test worker     d.u.i.k.n.KeyIO           Parsing took 0 ms 
425963     DEBUG Test worker     d.u.i.k.n.KeyIO           Load declarations of de.uka.ilkd.key.nparser.KeyAst$File:  <unknown>:1#1 
425963     INFO  Test worker     d.u.i.k.n.KeyIO           MODE: declarations took 0 ms 
425963     DEBUG Test worker     d.u.i.k.n.KeyIO           MODE: 2nd degree decls took 0 
425963     INFO  Test worker     d.u.i.k.n.KeyIO           Parsing took 0 ms 
425963     DEBUG Test worker     d.u.i.k.n.KeyIO           Load declarations of de.uka.ilkd.key.nparser.KeyAst$File:  <unknown>:1#1 
425963     INFO  Test worker     d.u.i.k.n.KeyIO           MODE: declarations took 0 ms 
425963     DEBUG Test worker     d.u.i.k.n.KeyIO           MODE: 2nd degree decls took 0 
425963     INFO  Test worker     d.u.i.k.n.KeyIO           Parsing took 0 ms 
425963     DEBUG Test worker     d.u.i.k.n.KeyIO           Load declarations of de.uka.ilkd.key.nparser.KeyAst$File:  <unknown>:1#1 
425963     INFO  Test worker     d.u.i.k.n.KeyIO           MODE: declarations took 0 ms 
425963     DEBUG Test worker     d.u.i.k.n.KeyIO           MODE: 2nd degree decls took 0 
425963     INFO  Test worker     d.u.i.k.n.KeyIO           Parsing took 0 ms 
425963     DEBUG Test worker     d.u.i.k.n.KeyIO           Load declarations of de.uka.ilkd.key.nparser.KeyAst$File:  <unknown>:1#1 
425963     INFO  Test worker     d.u.i.k.n.KeyIO           MODE: declarations took 0 ms 
425963     DEBUG Test worker     d.u.i.k.n.KeyIO           MODE: 2nd degree decls took 0 
425963     INFO  Test worker     d.u.i.k.n.KeyIO           Parsing took 0 ms 
425963     DEBUG Test worker     d.u.i.k.n.KeyIO           Load declarations of de.uka.ilkd.key.nparser.KeyAst$File:  <unknown>:1#1 
425963     INFO  Test worker     d.u.i.k.n.KeyIO           MODE: declarations took 0 ms 
425963     DEBUG Test worker     d.u.i.k.n.KeyIO           MODE: 2nd degree decls took 0 
429317     INFO  Test worker     d.u.i.k.n.KeyIO           Parsing took 0 ms 
429317     DEBUG Test worker     d.u.i.k.n.KeyIO           Load declarations of de.uka.ilkd.key.nparser.KeyAst$File:  <unknown>:1#1 
429317     INFO  Test worker     d.u.i.k.n.KeyIO           MODE: declarations took 0 ms 
429317     DEBUG Test worker     d.u.i.k.n.KeyIO           MODE: 2nd degree decls took 0 
429317     INFO  Test worker     d.u.i.k.n.KeyIO           Parsing took 0 ms 
429317     DEBUG Test worker     d.u.i.k.n.KeyIO           Load declarations of de.uka.ilkd.key.nparser.KeyAst$File:  <unknown>:1#1 
429317     INFO  Test worker     d.u.i.k.n.KeyIO           MODE: declarations took 0 ms 
429317     DEBUG Test worker     d.u.i.k.n.KeyIO           MODE: 2nd degree decls took 0 
429317     INFO  Test worker     d.u.i.k.n.KeyIO           Parsing took 0 ms 
429317     DEBUG Test worker     d.u.i.k.n.KeyIO           Load declarations of de.uka.ilkd.key.nparser.KeyAst$File:  <unknown>:1#1 
429317     INFO  Test worker     d.u.i.k.n.KeyIO           MODE: declarations took 0 ms 
429317     DEBUG Test worker     d.u.i.k.n.KeyIO           MODE: 2nd degree decls took 0 
429317     INFO  Test worker     d.u.i.k.n.KeyIO           Parsing took 0 ms 
429317     DEBUG Test worker     d.u.i.k.n.KeyIO           Load declarations of de.uka.ilkd.key.nparser.KeyAst$File:  <unknown>:1#1 
429317     INFO  Test worker     d.u.i.k.n.KeyIO           MODE: declarations took 0 ms 
429317     DEBUG Test worker     d.u.i.k.n.KeyIO           MODE: 2nd degree decls took 0 
429317     INFO  Test worker     d.u.i.k.n.KeyIO           Parsing took 0 ms 
429317     DEBUG Test worker     d.u.i.k.n.KeyIO           Load declarations of de.uka.ilkd.key.nparser.KeyAst$File:  <unknown>:1#1 
429317     INFO  Test worker     d.u.i.k.n.KeyIO           MODE: declarations took 0 ms 
429317     DEBUG Test worker     d.u.i.k.n.KeyIO           MODE: 2nd degree decls took 0 
429317     WARN  Test worker     d.u.i.k.n.KeYParser       [syntax-error] <unknown>:1:11: mismatched input '@' expecting {'/', ':=', '.', '(', ')', '{', '[', '@', PARALLEL, OR, AND, IMP, '=', NOT_EQUALS, '%', '*', '-', '+', '>', GREATEREQUAL, '<', LESSEQUAL, LGUILLEMETS, EQV} [@11,11:11='@',<153>,1:11] (termEOF) 
432768     INFO  Test worker     d.u.i.k.n.KeyIO           Parsing took 0 ms 
432768     DEBUG Test worker     d.u.i.k.n.KeyIO           Load declarations of de.uka.ilkd.key.nparser.KeyAst$File:  <unknown>:1#1 
432768     INFO  Test worker     d.u.i.k.n.KeyIO           MODE: declarations took 0 ms 
432768     DEBUG Test worker     d.u.i.k.n.KeyIO           MODE: 2nd degree decls took 0 
432768     INFO  Test worker     d.u.i.k.n.KeyIO           Parsing took 0 ms 
432768     DEBUG Test worker     d.u.i.k.n.KeyIO           Load declarations of de.uka.ilkd.key.nparser.KeyAst$File:  <unknown>:1#1 
432768     INFO  Test worker     d.u.i.k.n.KeyIO           MODE: declarations took 0 ms 
432768     DEBUG Test worker     d.u.i.k.n.KeyIO           MODE: 2nd degree decls took 0 
432768     INFO  Test worker     d.u.i.k.n.KeyIO           Parsing took 0 ms 
432768     DEBUG Test worker     d.u.i.k.n.KeyIO           Load declarations of de.uka.ilkd.key.nparser.KeyAst$File:  <unknown>:1#1 
432768     INFO  Test worker     d.u.i.k.n.KeyIO           MODE: declarations took 0 ms 
432768     DEBUG Test worker     d.u.i.k.n.KeyIO           MODE: 2nd degree decls took 0 
432768     INFO  Test worker     d.u.i.k.n.KeyIO           Parsing took 0 ms 
432768     DEBUG Test worker     d.u.i.k.n.KeyIO           Load declarations of de.uka.ilkd.key.nparser.KeyAst$File:  <unknown>:1#1 
432768     INFO  Test worker     d.u.i.k.n.KeyIO           MODE: declarations took 0 ms 
432768     DEBUG Test worker     d.u.i.k.n.KeyIO           MODE: 2nd degree decls took 0 
432768     INFO  Test worker     d.u.i.k.n.KeyIO           Parsing took 0 ms 
432768     DEBUG Test worker     d.u.i.k.n.KeyIO           Load declarations of de.uka.ilkd.key.nparser.KeyAst$File:  <unknown>:1#1 
432768     INFO  Test worker     d.u.i.k.n.KeyIO           MODE: declarations took 0 ms 
432768     DEBUG Test worker     d.u.i.k.n.KeyIO           MODE: 2nd degree decls took 0 
436179     INFO  Test worker     d.u.i.k.n.KeyIO           Parsing took 0 ms 
436179     DEBUG Test worker     d.u.i.k.n.KeyIO           Load declarations of de.uka.ilkd.key.nparser.KeyAst$File:  <unknown>:1#1 
436179     INFO  Test worker     d.u.i.k.n.KeyIO           MODE: declarations took 0 ms 
436179     DEBUG Test worker     d.u.i.k.n.KeyIO           MODE: 2nd degree decls took 0 
436179     INFO  Test worker     d.u.i.k.n.KeyIO           Parsing took 0 ms 
436179     DEBUG Test worker     d.u.i.k.n.KeyIO           Load declarations of de.uka.ilkd.key.nparser.KeyAst$File:  <unknown>:1#1 
436179     INFO  Test worker     d.u.i.k.n.KeyIO           MODE: declarations took 0 ms 
436179     DEBUG Test worker     d.u.i.k.n.KeyIO           MODE: 2nd degree decls took 0 
436179     INFO  Test worker     d.u.i.k.n.KeyIO           Parsing took 0 ms 
436195     DEBUG Test worker     d.u.i.k.n.KeyIO           Load declarations of de.uka.ilkd.key.nparser.KeyAst$File:  <unknown>:1#1 
436195     INFO  Test worker     d.u.i.k.n.KeyIO           MODE: declarations took 0 ms 
436195     DEBUG Test worker     d.u.i.k.n.KeyIO           MODE: 2nd degree decls took 0 
436195     INFO  Test worker     d.u.i.k.n.KeyIO           Parsing took 0 ms 
436195     DEBUG Test worker     d.u.i.k.n.KeyIO           Load declarations of de.uka.ilkd.key.nparser.KeyAst$File:  <unknown>:1#1 
436195     INFO  Test worker     d.u.i.k.n.KeyIO           MODE: declarations took 0 ms 
436195     DEBUG Test worker     d.u.i.k.n.KeyIO           MODE: 2nd degree decls took 0 
436195     INFO  Test worker     d.u.i.k.n.KeyIO           Parsing took 0 ms 
436195     DEBUG Test worker     d.u.i.k.n.KeyIO           Load declarations of de.uka.ilkd.key.nparser.KeyAst$File:  <unknown>:1#1 
436195     INFO  Test worker     d.u.i.k.n.KeyIO           MODE: declarations took 0 ms 
436195     DEBUG Test worker     d.u.i.k.n.KeyIO           MODE: 2nd degree decls took 0 
439573     INFO  Test worker     d.u.i.k.n.KeyIO           Parsing took 0 ms 
439573     DEBUG Test worker     d.u.i.k.n.KeyIO           Load declarations of de.uka.ilkd.key.nparser.KeyAst$File:  <unknown>:1#1 
439573     INFO  Test worker     d.u.i.k.n.KeyIO           MODE: declarations took 0 ms 
439573     DEBUG Test worker     d.u.i.k.n.KeyIO           MODE: 2nd degree decls took 0 
439573     INFO  Test worker     d.u.i.k.n.KeyIO           Parsing took 0 ms 
439573     DEBUG Test worker     d.u.i.k.n.KeyIO           Load declarations of de.uka.ilkd.key.nparser.KeyAst$File:  <unknown>:1#1 
439573     INFO  Test worker     d.u.i.k.n.KeyIO           MODE: declarations took 0 ms 
439573     DEBUG Test worker     d.u.i.k.n.KeyIO           MODE: 2nd degree decls took 0 
439573     INFO  Test worker     d.u.i.k.n.KeyIO           Parsing took 0 ms 
439573     DEBUG Test worker     d.u.i.k.n.KeyIO           Load declarations of de.uka.ilkd.key.nparser.KeyAst$File:  <unknown>:1#1 
439573     INFO  Test worker     d.u.i.k.n.KeyIO           MODE: declarations took 0 ms 
439573     DEBUG Test worker     d.u.i.k.n.KeyIO           MODE: 2nd degree decls took 0 
439573     INFO  Test worker     d.u.i.k.n.KeyIO           Parsing took 0 ms 
439573     DEBUG Test worker     d.u.i.k.n.KeyIO           Load declarations of de.uka.ilkd.key.nparser.KeyAst$File:  <unknown>:1#1 
439573     INFO  Test worker     d.u.i.k.n.KeyIO           MODE: declarations took 0 ms 
439573     DEBUG Test worker     d.u.i.k.n.KeyIO           MODE: 2nd degree decls took 0 
439573     INFO  Test worker     d.u.i.k.n.KeyIO           Parsing took 0 ms 
439573     DEBUG Test worker     d.u.i.k.n.KeyIO           Load declarations of de.uka.ilkd.key.nparser.KeyAst$File:  <unknown>:1#1 
439589     INFO  Test worker     d.u.i.k.n.KeyIO           MODE: declarations took 16 ms 
439589     DEBUG Test worker     d.u.i.k.n.KeyIO           MODE: 2nd degree decls took 0 
442843     INFO  Test worker     d.u.i.k.n.KeyIO           Parsing took 0 ms 
442843     DEBUG Test worker     d.u.i.k.n.KeyIO           Load declarations of de.uka.ilkd.key.nparser.KeyAst$File:  <unknown>:1#1 
442843     INFO  Test worker     d.u.i.k.n.KeyIO           MODE: declarations took 0 ms 
442843     DEBUG Test worker     d.u.i.k.n.KeyIO           MODE: 2nd degree decls took 0 
442843     INFO  Test worker     d.u.i.k.n.KeyIO           Parsing took 0 ms 
442859     DEBUG Test worker     d.u.i.k.n.KeyIO           Load declarations of de.uka.ilkd.key.nparser.KeyAst$File:  <unknown>:1#1 
442859     INFO  Test worker     d.u.i.k.n.KeyIO           MODE: declarations took 0 ms 
442859     DEBUG Test worker     d.u.i.k.n.KeyIO           MODE: 2nd degree decls took 0 
442859     INFO  Test worker     d.u.i.k.n.KeyIO           Parsing took 0 ms 
442859     DEBUG Test worker     d.u.i.k.n.KeyIO           Load declarations of de.uka.ilkd.key.nparser.KeyAst$File:  <unknown>:1#1 
442859     INFO  Test worker     d.u.i.k.n.KeyIO           MODE: declarations took 0 ms 
442859     DEBUG Test worker     d.u.i.k.n.KeyIO           MODE: 2nd degree decls took 0 
442859     INFO  Test worker     d.u.i.k.n.KeyIO           Parsing took 0 ms 
442859     DEBUG Test worker     d.u.i.k.n.KeyIO           Load declarations of de.uka.ilkd.key.nparser.KeyAst$File:  <unknown>:1#1 
442859     INFO  Test worker     d.u.i.k.n.KeyIO           MODE: declarations took 0 ms 
442859     DEBUG Test worker     d.u.i.k.n.KeyIO           MODE: 2nd degree decls took 0 
442859     INFO  Test worker     d.u.i.k.n.KeyIO           Parsing took 0 ms 
442859     DEBUG Test worker     d.u.i.k.n.KeyIO           Load declarations of de.uka.ilkd.key.nparser.KeyAst$File:  <unknown>:1#1 
442859     INFO  Test worker     d.u.i.k.n.KeyIO           MODE: declarations took 0 ms 
442859     DEBUG Test worker     d.u.i.k.n.KeyIO           MODE: 2nd degree decls took 0 
446153     INFO  Test worker     d.u.i.k.n.KeyIO           Parsing took 0 ms 
446153     DEBUG Test worker     d.u.i.k.n.KeyIO           Load declarations of de.uka.ilkd.key.nparser.KeyAst$File:  <unknown>:1#1 
446153     INFO  Test worker     d.u.i.k.n.KeyIO           MODE: declarations took 0 ms 
446153     DEBUG Test worker     d.u.i.k.n.KeyIO           MODE: 2nd degree decls took 0 
446153     INFO  Test worker     d.u.i.k.n.KeyIO           Parsing took 0 ms 
446153     DEBUG Test worker     d.u.i.k.n.KeyIO           Load declarations of de.uka.ilkd.key.nparser.KeyAst$File:  <unknown>:1#1 
446153     INFO  Test worker     d.u.i.k.n.KeyIO           MODE: declarations took 0 ms 
446153     DEBUG Test worker     d.u.i.k.n.KeyIO           MODE: 2nd degree decls took 0 
446153     INFO  Test worker     d.u.i.k.n.KeyIO           Parsing took 0 ms 
446153     DEBUG Test worker     d.u.i.k.n.KeyIO           Load declarations of de.uka.ilkd.key.nparser.KeyAst$File:  <unknown>:1#1 
446153     INFO  Test worker     d.u.i.k.n.KeyIO           MODE: declarations took 0 ms 
446153     DEBUG Test worker     d.u.i.k.n.KeyIO           MODE: 2nd degree decls took 0 
446153     INFO  Test worker     d.u.i.k.n.KeyIO           Parsing took 0 ms 
446153     DEBUG Test worker     d.u.i.k.n.KeyIO           Load declarations of de.uka.ilkd.key.nparser.KeyAst$File:  <unknown>:1#1 
446153     INFO  Test worker     d.u.i.k.n.KeyIO           MODE: declarations took 0 ms 
446153     DEBUG Test worker     d.u.i.k.n.KeyIO           MODE: 2nd degree decls took 0 
446153     INFO  Test worker     d.u.i.k.n.KeyIO           Parsing took 0 ms 
446153     DEBUG Test worker     d.u.i.k.n.KeyIO           Load declarations of de.uka.ilkd.key.nparser.KeyAst$File:  <unknown>:1#1 
446153     INFO  Test worker     d.u.i.k.n.KeyIO           MODE: declarations took 0 ms 
446153     DEBUG Test worker     d.u.i.k.n.KeyIO           MODE: 2nd degree decls took 0 
449440     INFO  Test worker     d.u.i.k.n.KeyIO           Parsing took 0 ms 
449440     DEBUG Test worker     d.u.i.k.n.KeyIO           Load declarations of de.uka.ilkd.key.nparser.KeyAst$File:  <unknown>:1#1 
449440     INFO  Test worker     d.u.i.k.n.KeyIO           MODE: declarations took 0 ms 
449440     DEBUG Test worker     d.u.i.k.n.KeyIO           MODE: 2nd degree decls took 0 
449440     INFO  Test worker     d.u.i.k.n.KeyIO           Parsing took 0 ms 
449440     DEBUG Test worker     d.u.i.k.n.KeyIO           Load declarations of de.uka.ilkd.key.nparser.KeyAst$File:  <unknown>:1#1 
449440     INFO  Test worker     d.u.i.k.n.KeyIO           MODE: declarations took 0 ms 
449440     DEBUG Test worker     d.u.i.k.n.KeyIO           MODE: 2nd degree decls took 0 
449440     INFO  Test worker     d.u.i.k.n.KeyIO           Parsing took 0 ms 
449440     DEBUG Test worker     d.u.i.k.n.KeyIO           Load declarations of de.uka.ilkd.key.nparser.KeyAst$File:  <unknown>:1#1 
449440     INFO  Test worker     d.u.i.k.n.KeyIO           MODE: declarations took 0 ms 
449440     DEBUG Test worker     d.u.i.k.n.KeyIO           MODE: 2nd degree decls took 0 
449456     INFO  Test worker     d.u.i.k.n.KeyIO           Parsing took 0 ms 
449456     DEBUG Test worker     d.u.i.k.n.KeyIO           Load declarations of de.uka.ilkd.key.nparser.KeyAst$File:  <unknown>:1#1 
449456     INFO  Test worker     d.u.i.k.n.KeyIO           MODE: declarations took 0 ms 
449456     DEBUG Test worker     d.u.i.k.n.KeyIO           MODE: 2nd degree decls took 0 
449456     INFO  Test worker     d.u.i.k.n.KeyIO           Parsing took 0 ms 
449456     DEBUG Test worker     d.u.i.k.n.KeyIO           Load declarations of de.uka.ilkd.key.nparser.KeyAst$File:  <unknown>:1#1 
449456     INFO  Test worker     d.u.i.k.n.KeyIO           MODE: declarations took 0 ms 
449456     DEBUG Test worker     d.u.i.k.n.KeyIO           MODE: 2nd degree decls took 0 
452918     INFO  Test worker     d.u.i.k.n.KeyIO           Parsing took 0 ms 
452918     DEBUG Test worker     d.u.i.k.n.KeyIO           Load declarations of de.uka.ilkd.key.nparser.KeyAst$File:  <unknown>:1#1 
452918     INFO  Test worker     d.u.i.k.n.KeyIO           MODE: declarations took 0 ms 
452918     DEBUG Test worker     d.u.i.k.n.KeyIO           MODE: 2nd degree decls took 0 
452918     INFO  Test worker     d.u.i.k.n.KeyIO           Parsing took 0 ms 
452918     DEBUG Test worker     d.u.i.k.n.KeyIO           Load declarations of de.uka.ilkd.key.nparser.KeyAst$File:  <unknown>:1#1 
452918     INFO  Test worker     d.u.i.k.n.KeyIO           MODE: declarations took 0 ms 
452918     DEBUG Test worker     d.u.i.k.n.KeyIO           MODE: 2nd degree decls took 0 
452918     INFO  Test worker     d.u.i.k.n.KeyIO           Parsing took 0 ms 
452918     DEBUG Test worker     d.u.i.k.n.KeyIO           Load declarations of de.uka.ilkd.key.nparser.KeyAst$File:  <unknown>:1#1 
452918     INFO  Test worker     d.u.i.k.n.KeyIO           MODE: declarations took 0 ms 
452918     DEBUG Test worker     d.u.i.k.n.KeyIO           MODE: 2nd degree decls took 0 
452918     INFO  Test worker     d.u.i.k.n.KeyIO           Parsing took 0 ms 
452918     DEBUG Test worker     d.u.i.k.n.KeyIO           Load declarations of de.uka.ilkd.key.nparser.KeyAst$File:  <unknown>:1#1 
452918     INFO  Test worker     d.u.i.k.n.KeyIO           MODE: declarations took 0 ms 
452918     DEBUG Test worker     d.u.i.k.n.KeyIO           MODE: 2nd degree decls took 0 
452918     INFO  Test worker     d.u.i.k.n.KeyIO           Parsing took 0 ms 
452918     DEBUG Test worker     d.u.i.k.n.KeyIO           Load declarations of de.uka.ilkd.key.nparser.KeyAst$File:  <unknown>:1#1 
452918     INFO  Test worker     d.u.i.k.n.KeyIO           MODE: declarations took 0 ms 
452918     DEBUG Test worker     d.u.i.k.n.KeyIO           MODE: 2nd degree decls took 0 
456186     INFO  Test worker     d.u.i.k.n.KeyIO           Parsing took 0 ms 
456186     DEBUG Test worker     d.u.i.k.n.KeyIO           Load declarations of de.uka.ilkd.key.nparser.KeyAst$File:  <unknown>:1#1 
456186     INFO  Test worker     d.u.i.k.n.KeyIO           MODE: declarations took 0 ms 
456186     DEBUG Test worker     d.u.i.k.n.KeyIO           MODE: 2nd degree decls took 0 
456186     INFO  Test worker     d.u.i.k.n.KeyIO           Parsing took 0 ms 
456186     DEBUG Test worker     d.u.i.k.n.KeyIO           Load declarations of de.uka.ilkd.key.nparser.KeyAst$File:  <unknown>:1#1 
456186     INFO  Test worker     d.u.i.k.n.KeyIO           MODE: declarations took 0 ms 
456186     DEBUG Test worker     d.u.i.k.n.KeyIO           MODE: 2nd degree decls took 0 
456186     INFO  Test worker     d.u.i.k.n.KeyIO           Parsing took 0 ms 
456186     DEBUG Test worker     d.u.i.k.n.KeyIO           Load declarations of de.uka.ilkd.key.nparser.KeyAst$File:  <unknown>:1#1 
456186     INFO  Test worker     d.u.i.k.n.KeyIO           MODE: declarations took 0 ms 
456186     DEBUG Test worker     d.u.i.k.n.KeyIO           MODE: 2nd degree decls took 0 
456186     INFO  Test worker     d.u.i.k.n.KeyIO           Parsing took 0 ms 
456186     DEBUG Test worker     d.u.i.k.n.KeyIO           Load declarations of de.uka.ilkd.key.nparser.KeyAst$File:  <unknown>:1#1 
456186     INFO  Test worker     d.u.i.k.n.KeyIO           MODE: declarations took 0 ms 
456186     DEBUG Test worker     d.u.i.k.n.KeyIO           MODE: 2nd degree decls took 0 
456186     INFO  Test worker     d.u.i.k.n.KeyIO           Parsing took 0 ms 
456186     DEBUG Test worker     d.u.i.k.n.KeyIO           Load declarations of de.uka.ilkd.key.nparser.KeyAst$File:  <unknown>:1#1 
456186     INFO  Test worker     d.u.i.k.n.KeyIO           MODE: declarations took 0 ms 
456186     DEBUG Test worker     d.u.i.k.n.KeyIO           MODE: 2nd degree decls took 0 
459465     INFO  Test worker     d.u.i.k.n.KeyIO           Parsing took 0 ms 
459465     DEBUG Test worker     d.u.i.k.n.KeyIO           Load declarations of de.uka.ilkd.key.nparser.KeyAst$File:  <unknown>:1#1 
459465     INFO  Test worker     d.u.i.k.n.KeyIO           MODE: declarations took 0 ms 
459465     DEBUG Test worker     d.u.i.k.n.KeyIO           MODE: 2nd degree decls took 0 
459465     INFO  Test worker     d.u.i.k.n.KeyIO           Parsing took 0 ms 
459465     DEBUG Test worker     d.u.i.k.n.KeyIO           Load declarations of de.uka.ilkd.key.nparser.KeyAst$File:  <unknown>:1#1 
459465     INFO  Test worker     d.u.i.k.n.KeyIO           MODE: declarations took 0 ms 
459465     DEBUG Test worker     d.u.i.k.n.KeyIO           MODE: 2nd degree decls took 0 
459465     INFO  Test worker     d.u.i.k.n.KeyIO           Parsing took 0 ms 
459465     DEBUG Test worker     d.u.i.k.n.KeyIO           Load declarations of de.uka.ilkd.key.nparser.KeyAst$File:  <unknown>:1#1 
459465     INFO  Test worker     d.u.i.k.n.KeyIO           MODE: declarations took 0 ms 
459465     DEBUG Test worker     d.u.i.k.n.KeyIO           MODE: 2nd degree decls took 0 
459465     INFO  Test worker     d.u.i.k.n.KeyIO           Parsing took 0 ms 
459465     DEBUG Test worker     d.u.i.k.n.KeyIO           Load declarations of de.uka.ilkd.key.nparser.KeyAst$File:  <unknown>:1#1 
459465     INFO  Test worker     d.u.i.k.n.KeyIO           MODE: declarations took 0 ms 
459465     DEBUG Test worker     d.u.i.k.n.KeyIO           MODE: 2nd degree decls took 0 
459465     INFO  Test worker     d.u.i.k.n.KeyIO           Parsing took 0 ms 
459465     DEBUG Test worker     d.u.i.k.n.KeyIO           Load declarations of de.uka.ilkd.key.nparser.KeyAst$File:  <unknown>:1#1 
459465     INFO  Test worker     d.u.i.k.n.KeyIO           MODE: declarations took 0 ms 
459465     DEBUG Test worker     d.u.i.k.n.KeyIO           MODE: 2nd degree decls took 0 
462703     INFO  Test worker     d.u.i.k.n.KeyIO           Parsing took 0 ms 
462703     DEBUG Test worker     d.u.i.k.n.KeyIO           Load declarations of de.uka.ilkd.key.nparser.KeyAst$File:  <unknown>:1#1 
462703     INFO  Test worker     d.u.i.k.n.KeyIO           MODE: declarations took 0 ms 
462703     DEBUG Test worker     d.u.i.k.n.KeyIO           MODE: 2nd degree decls took 0 
462719     INFO  Test worker     d.u.i.k.n.KeyIO           Parsing took 0 ms 
462719     DEBUG Test worker     d.u.i.k.n.KeyIO           Load declarations of de.uka.ilkd.key.nparser.KeyAst$File:  <unknown>:1#1 
462719     INFO  Test worker     d.u.i.k.n.KeyIO           MODE: declarations took 0 ms 
462719     DEBUG Test worker     d.u.i.k.n.KeyIO           MODE: 2nd degree decls took 0 
462719     INFO  Test worker     d.u.i.k.n.KeyIO           Parsing took 0 ms 
462719     DEBUG Test worker     d.u.i.k.n.KeyIO           Load declarations of de.uka.ilkd.key.nparser.KeyAst$File:  <unknown>:1#1 
462719     INFO  Test worker     d.u.i.k.n.KeyIO           MODE: declarations took 0 ms 
462719     DEBUG Test worker     d.u.i.k.n.KeyIO           MODE: 2nd degree decls took 0 
462719     INFO  Test worker     d.u.i.k.n.KeyIO           Parsing took 0 ms 
462719     DEBUG Test worker     d.u.i.k.n.KeyIO           Load declarations of de.uka.ilkd.key.nparser.KeyAst$File:  <unknown>:1#1 
462719     INFO  Test worker     d.u.i.k.n.KeyIO           MODE: declarations took 0 ms 
462719     DEBUG Test worker     d.u.i.k.n.KeyIO           MODE: 2nd degree decls took 0 
462719     INFO  Test worker     d.u.i.k.n.KeyIO           Parsing took 0 ms 
462719     DEBUG Test worker     d.u.i.k.n.KeyIO           Load declarations of de.uka.ilkd.key.nparser.KeyAst$File:  <unknown>:1#1 
462719     INFO  Test worker     d.u.i.k.n.KeyIO           MODE: declarations took 0 ms 
462719     DEBUG Test worker     d.u.i.k.n.KeyIO           MODE: 2nd degree decls took 0 
465975     INFO  Test worker     d.u.i.k.n.KeyIO           Parsing took 0 ms 
465975     DEBUG Test worker     d.u.i.k.n.KeyIO           Load declarations of de.uka.ilkd.key.nparser.KeyAst$File:  <unknown>:1#1 
465975     INFO  Test worker     d.u.i.k.n.KeyIO           MODE: declarations took 0 ms 
465975     DEBUG Test worker     d.u.i.k.n.KeyIO           MODE: 2nd degree decls took 0 
465975     INFO  Test worker     d.u.i.k.n.KeyIO           Parsing took 0 ms 
465975     DEBUG Test worker     d.u.i.k.n.KeyIO           Load declarations of de.uka.ilkd.key.nparser.KeyAst$File:  <unknown>:1#1 
465975     INFO  Test worker     d.u.i.k.n.KeyIO           MODE: declarations took 0 ms 
465975     DEBUG Test worker     d.u.i.k.n.KeyIO           MODE: 2nd degree decls took 0 
465975     INFO  Test worker     d.u.i.k.n.KeyIO           Parsing took 0 ms 
465975     DEBUG Test worker     d.u.i.k.n.KeyIO           Load declarations of de.uka.ilkd.key.nparser.KeyAst$File:  <unknown>:1#1 
465975     INFO  Test worker     d.u.i.k.n.KeyIO           MODE: declarations took 0 ms 
465975     DEBUG Test worker     d.u.i.k.n.KeyIO           MODE: 2nd degree decls took 0 
465975     INFO  Test worker     d.u.i.k.n.KeyIO           Parsing took 0 ms 
465975     DEBUG Test worker     d.u.i.k.n.KeyIO           Load declarations of de.uka.ilkd.key.nparser.KeyAst$File:  <unknown>:1#1 
465975     INFO  Test worker     d.u.i.k.n.KeyIO           MODE: declarations took 0 ms 
465975     DEBUG Test worker     d.u.i.k.n.KeyIO           MODE: 2nd degree decls took 0 
465975     INFO  Test worker     d.u.i.k.n.KeyIO           Parsing took 0 ms 
465975     DEBUG Test worker     d.u.i.k.n.KeyIO           Load declarations of de.uka.ilkd.key.nparser.KeyAst$File:  <unknown>:1#1 
465975     INFO  Test worker     d.u.i.k.n.KeyIO           MODE: declarations took 0 ms 
465975     DEBUG Test worker     d.u.i.k.n.KeyIO           MODE: 2nd degree decls took 0 
469207     INFO  Test worker     d.u.i.k.n.KeyIO           Parsing took 0 ms 
469207     DEBUG Test worker     d.u.i.k.n.KeyIO           Load declarations of de.uka.ilkd.key.nparser.KeyAst$File:  <unknown>:1#1 
469207     INFO  Test worker     d.u.i.k.n.KeyIO           MODE: declarations took 0 ms 
469207     DEBUG Test worker     d.u.i.k.n.KeyIO           MODE: 2nd degree decls took 0 
469207     INFO  Test worker     d.u.i.k.n.KeyIO           Parsing took 0 ms 
469207     DEBUG Test worker     d.u.i.k.n.KeyIO           Load declarations of de.uka.ilkd.key.nparser.KeyAst$File:  <unknown>:1#1 
469207     INFO  Test worker     d.u.i.k.n.KeyIO           MODE: declarations took 0 ms 
469207     DEBUG Test worker     d.u.i.k.n.KeyIO           MODE: 2nd degree decls took 0 
469207     INFO  Test worker     d.u.i.k.n.KeyIO           Parsing took 0 ms 
469207     DEBUG Test worker     d.u.i.k.n.KeyIO           Load declarations of de.uka.ilkd.key.nparser.KeyAst$File:  <unknown>:1#1 
469207     INFO  Test worker     d.u.i.k.n.KeyIO           MODE: declarations took 0 ms 
469207     DEBUG Test worker     d.u.i.k.n.KeyIO           MODE: 2nd degree decls took 0 
469207     INFO  Test worker     d.u.i.k.n.KeyIO           Parsing took 0 ms 
469207     DEBUG Test worker     d.u.i.k.n.KeyIO           Load declarations of de.uka.ilkd.key.nparser.KeyAst$File:  <unknown>:1#1 
469207     INFO  Test worker     d.u.i.k.n.KeyIO           MODE: declarations took 0 ms 
469207     DEBUG Test worker     d.u.i.k.n.KeyIO           MODE: 2nd degree decls took 0 
469207     INFO  Test worker     d.u.i.k.n.KeyIO           Parsing took 0 ms 
469207     DEBUG Test worker     d.u.i.k.n.KeyIO           Load declarations of de.uka.ilkd.key.nparser.KeyAst$File:  <unknown>:1#1 
469207     INFO  Test worker     d.u.i.k.n.KeyIO           MODE: declarations took 0 ms 
469207     DEBUG Test worker     d.u.i.k.n.KeyIO           MODE: 2nd degree decls took 0 
472467     INFO  Test worker     d.u.i.k.n.KeyIO           Parsing took 0 ms 
472467     DEBUG Test worker     d.u.i.k.n.KeyIO           Load declarations of de.uka.ilkd.key.nparser.KeyAst$File:  <unknown>:1#1 
472467     INFO  Test worker     d.u.i.k.n.KeyIO           MODE: declarations took 0 ms 
472467     DEBUG Test worker     d.u.i.k.n.KeyIO           MODE: 2nd degree decls took 0 
472467     INFO  Test worker     d.u.i.k.n.KeyIO           Parsing took 0 ms 
472467     DEBUG Test worker     d.u.i.k.n.KeyIO           Load declarations of de.uka.ilkd.key.nparser.KeyAst$File:  <unknown>:1#1 
472467     INFO  Test worker     d.u.i.k.n.KeyIO           MODE: declarations took 0 ms 
472467     DEBUG Test worker     d.u.i.k.n.KeyIO           MODE: 2nd degree decls took 0 
472467     INFO  Test worker     d.u.i.k.n.KeyIO           Parsing took 0 ms 
472467     DEBUG Test worker     d.u.i.k.n.KeyIO           Load declarations of de.uka.ilkd.key.nparser.KeyAst$File:  <unknown>:1#1 
472467     INFO  Test worker     d.u.i.k.n.KeyIO           MODE: declarations took 0 ms 
472467     DEBUG Test worker     d.u.i.k.n.KeyIO           MODE: 2nd degree decls took 0 
472467     INFO  Test worker     d.u.i.k.n.KeyIO           Parsing took 0 ms 
472467     DEBUG Test worker     d.u.i.k.n.KeyIO           Load declarations of de.uka.ilkd.key.nparser.KeyAst$File:  <unknown>:1#1 
472467     INFO  Test worker     d.u.i.k.n.KeyIO           MODE: declarations took 0 ms 
472467     DEBUG Test worker     d.u.i.k.n.KeyIO           MODE: 2nd degree decls took 0 
472467     INFO  Test worker     d.u.i.k.n.KeyIO           Parsing took 0 ms 
472467     DEBUG Test worker     d.u.i.k.n.KeyIO           Load declarations of de.uka.ilkd.key.nparser.KeyAst$File:  <unknown>:1#1 
472467     INFO  Test worker     d.u.i.k.n.KeyIO           MODE: declarations took 0 ms 
472467     DEBUG Test worker     d.u.i.k.n.KeyIO           MODE: 2nd degree decls took 0 
475698     INFO  Test worker     d.u.i.k.n.KeyIO           Parsing took 0 ms 
475698     DEBUG Test worker     d.u.i.k.n.KeyIO           Load declarations of de.uka.ilkd.key.nparser.KeyAst$File:  <unknown>:1#1 
475698     INFO  Test worker     d.u.i.k.n.KeyIO           MODE: declarations took 0 ms 
475698     DEBUG Test worker     d.u.i.k.n.KeyIO           MODE: 2nd degree decls took 0 
475698     INFO  Test worker     d.u.i.k.n.KeyIO           Parsing took 0 ms 
475698     DEBUG Test worker     d.u.i.k.n.KeyIO           Load declarations of de.uka.ilkd.key.nparser.KeyAst$File:  <unknown>:1#1 
475698     INFO  Test worker     d.u.i.k.n.KeyIO           MODE: declarations took 0 ms 
475698     DEBUG Test worker     d.u.i.k.n.KeyIO           MODE: 2nd degree decls took 0 
475698     INFO  Test worker     d.u.i.k.n.KeyIO           Parsing took 0 ms 
475698     DEBUG Test worker     d.u.i.k.n.KeyIO           Load declarations of de.uka.ilkd.key.nparser.KeyAst$File:  <unknown>:1#1 
475698     INFO  Test worker     d.u.i.k.n.KeyIO           MODE: declarations took 0 ms 
475698     DEBUG Test worker     d.u.i.k.n.KeyIO           MODE: 2nd degree decls took 0 
475713     INFO  Test worker     d.u.i.k.n.KeyIO           Parsing took 0 ms 
475713     DEBUG Test worker     d.u.i.k.n.KeyIO           Load declarations of de.uka.ilkd.key.nparser.KeyAst$File:  <unknown>:1#1 
475713     INFO  Test worker     d.u.i.k.n.KeyIO           MODE: declarations took 0 ms 
475713     DEBUG Test worker     d.u.i.k.n.KeyIO           MODE: 2nd degree decls took 0 
475713     INFO  Test worker     d.u.i.k.n.KeyIO           Parsing took 0 ms 
475713     DEBUG Test worker     d.u.i.k.n.KeyIO           Load declarations of de.uka.ilkd.key.nparser.KeyAst$File:  <unknown>:1#1 
475713     INFO  Test worker     d.u.i.k.n.KeyIO           MODE: declarations took 0 ms 
475713     DEBUG Test worker     d.u.i.k.n.KeyIO           MODE: 2nd degree decls took 0 
478891     INFO  Test worker     d.u.i.k.n.KeyIO           Parsing took 0 ms 
478891     DEBUG Test worker     d.u.i.k.n.KeyIO           Load declarations of de.uka.ilkd.key.nparser.KeyAst$File:  <unknown>:1#1 
478891     INFO  Test worker     d.u.i.k.n.KeyIO           MODE: declarations took 0 ms 
478891     DEBUG Test worker     d.u.i.k.n.KeyIO           MODE: 2nd degree decls took 0 
478891     INFO  Test worker     d.u.i.k.n.KeyIO           Parsing took 0 ms 
478891     DEBUG Test worker     d.u.i.k.n.KeyIO           Load declarations of de.uka.ilkd.key.nparser.KeyAst$File:  <unknown>:1#1 
478891     INFO  Test worker     d.u.i.k.n.KeyIO           MODE: declarations took 0 ms 
478891     DEBUG Test worker     d.u.i.k.n.KeyIO           MODE: 2nd degree decls took 0 
478891     INFO  Test worker     d.u.i.k.n.KeyIO           Parsing took 0 ms 
478891     DEBUG Test worker     d.u.i.k.n.KeyIO           Load declarations of de.uka.ilkd.key.nparser.KeyAst$File:  <unknown>:1#1 
478891     INFO  Test worker     d.u.i.k.n.KeyIO           MODE: declarations took 0 ms 
478891     DEBUG Test worker     d.u.i.k.n.KeyIO           MODE: 2nd degree decls took 0 
478891     INFO  Test worker     d.u.i.k.n.KeyIO           Parsing took 0 ms 
478891     DEBUG Test worker     d.u.i.k.n.KeyIO           Load declarations of de.uka.ilkd.key.nparser.KeyAst$File:  <unknown>:1#1 
478891     INFO  Test worker     d.u.i.k.n.KeyIO           MODE: declarations took 0 ms 
478891     DEBUG Test worker     d.u.i.k.n.KeyIO           MODE: 2nd degree decls took 0 
478891     INFO  Test worker     d.u.i.k.n.KeyIO           Parsing took 0 ms 
478891     DEBUG Test worker     d.u.i.k.n.KeyIO           Load declarations of de.uka.ilkd.key.nparser.KeyAst$File:  <unknown>:1#1 
478891     INFO  Test worker     d.u.i.k.n.KeyIO           MODE: declarations took 0 ms 
478891     DEBUG Test worker     d.u.i.k.n.KeyIO           MODE: 2nd degree decls took 0 
482017     INFO  Test worker     d.u.i.k.n.KeyIO           Parsing took 0 ms 
482017     DEBUG Test worker     d.u.i.k.n.KeyIO           Load declarations of de.uka.ilkd.key.nparser.KeyAst$File:  <unknown>:1#1 
482017     INFO  Test worker     d.u.i.k.n.KeyIO           MODE: declarations took 0 ms 
482017     DEBUG Test worker     d.u.i.k.n.KeyIO           MODE: 2nd degree decls took 0 
482017     INFO  Test worker     d.u.i.k.n.KeyIO           Parsing took 0 ms 
482017     DEBUG Test worker     d.u.i.k.n.KeyIO           Load declarations of de.uka.ilkd.key.nparser.KeyAst$File:  <unknown>:1#1 
482017     INFO  Test worker     d.u.i.k.n.KeyIO           MODE: declarations took 0 ms 
482017     DEBUG Test worker     d.u.i.k.n.KeyIO           MODE: 2nd degree decls took 0 
482033     INFO  Test worker     d.u.i.k.n.KeyIO           Parsing took 16 ms 
482033     DEBUG Test worker     d.u.i.k.n.KeyIO           Load declarations of de.uka.ilkd.key.nparser.KeyAst$File:  <unknown>:1#1 
482033     INFO  Test worker     d.u.i.k.n.KeyIO           MODE: declarations took 0 ms 
482033     DEBUG Test worker     d.u.i.k.n.KeyIO           MODE: 2nd degree decls took 0 
482033     INFO  Test worker     d.u.i.k.n.KeyIO           Parsing took 0 ms 
482033     DEBUG Test worker     d.u.i.k.n.KeyIO           Load declarations of de.uka.ilkd.key.nparser.KeyAst$File:  <unknown>:1#1 
482033     INFO  Test worker     d.u.i.k.n.KeyIO           MODE: declarations took 0 ms 
482033     DEBUG Test worker     d.u.i.k.n.KeyIO           MODE: 2nd degree decls took 0 
482033     INFO  Test worker     d.u.i.k.n.KeyIO           Parsing took 0 ms 
482033     DEBUG Test worker     d.u.i.k.n.KeyIO           Load declarations of de.uka.ilkd.key.nparser.KeyAst$File:  <unknown>:1#1 
482033     INFO  Test worker     d.u.i.k.n.KeyIO           MODE: declarations took 0 ms 
482033     DEBUG Test worker     d.u.i.k.n.KeyIO           MODE: 2nd degree decls took 0 
485215     INFO  Test worker     d.u.i.k.n.KeyIO           Parsing took 0 ms 
485215     DEBUG Test worker     d.u.i.k.n.KeyIO           Load declarations of de.uka.ilkd.key.nparser.KeyAst$File:  <unknown>:1#1 
485215     INFO  Test worker     d.u.i.k.n.KeyIO           MODE: declarations took 0 ms 
485215     DEBUG Test worker     d.u.i.k.n.KeyIO           MODE: 2nd degree decls took 0 
485215     INFO  Test worker     d.u.i.k.n.KeyIO           Parsing took 0 ms 
485215     DEBUG Test worker     d.u.i.k.n.KeyIO           Load declarations of de.uka.ilkd.key.nparser.KeyAst$File:  <unknown>:1#1 
485215     INFO  Test worker     d.u.i.k.n.KeyIO           MODE: declarations took 0 ms 
485215     DEBUG Test worker     d.u.i.k.n.KeyIO           MODE: 2nd degree decls took 0 
485215     INFO  Test worker     d.u.i.k.n.KeyIO           Parsing took 0 ms 
485215     DEBUG Test worker     d.u.i.k.n.KeyIO           Load declarations of de.uka.ilkd.key.nparser.KeyAst$File:  <unknown>:1#1 
485215     INFO  Test worker     d.u.i.k.n.KeyIO           MODE: declarations took 0 ms 
485215     DEBUG Test worker     d.u.i.k.n.KeyIO           MODE: 2nd degree decls took 0 
485215     INFO  Test worker     d.u.i.k.n.KeyIO           Parsing took 0 ms 
485215     DEBUG Test worker     d.u.i.k.n.KeyIO           Load declarations of de.uka.ilkd.key.nparser.KeyAst$File:  <unknown>:1#1 
485215     INFO  Test worker     d.u.i.k.n.KeyIO           MODE: declarations took 0 ms 
485215     DEBUG Test worker     d.u.i.k.n.KeyIO           MODE: 2nd degree decls took 0 
485215     INFO  Test worker     d.u.i.k.n.KeyIO           Parsing took 0 ms 
485215     DEBUG Test worker     d.u.i.k.n.KeyIO           Load declarations of de.uka.ilkd.key.nparser.KeyAst$File:  <unknown>:1#1 
485215     INFO  Test worker     d.u.i.k.n.KeyIO           MODE: declarations took 0 ms 
485215     DEBUG Test worker     d.u.i.k.n.KeyIO           MODE: 2nd degree decls took 0 
488337     INFO  Test worker     d.u.i.k.n.KeyIO           Parsing took 0 ms 
488337     DEBUG Test worker     d.u.i.k.n.KeyIO           Load declarations of de.uka.ilkd.key.nparser.KeyAst$File:  <unknown>:1#1 
488337     INFO  Test worker     d.u.i.k.n.KeyIO           MODE: declarations took 0 ms 
488337     DEBUG Test worker     d.u.i.k.n.KeyIO           MODE: 2nd degree decls took 0 
488337     INFO  Test worker     d.u.i.k.n.KeyIO           Parsing took 0 ms 
488337     DEBUG Test worker     d.u.i.k.n.KeyIO           Load declarations of de.uka.ilkd.key.nparser.KeyAst$File:  <unknown>:1#1 
488337     INFO  Test worker     d.u.i.k.n.KeyIO           MODE: declarations took 0 ms 
488337     DEBUG Test worker     d.u.i.k.n.KeyIO           MODE: 2nd degree decls took 0 
488337     INFO  Test worker     d.u.i.k.n.KeyIO           Parsing took 0 ms 
488337     DEBUG Test worker     d.u.i.k.n.KeyIO           Load declarations of de.uka.ilkd.key.nparser.KeyAst$File:  <unknown>:1#1 
488337     INFO  Test worker     d.u.i.k.n.KeyIO           MODE: declarations took 0 ms 
488337     DEBUG Test worker     d.u.i.k.n.KeyIO           MODE: 2nd degree decls took 0 
488337     INFO  Test worker     d.u.i.k.n.KeyIO           Parsing took 0 ms 
488337     DEBUG Test worker     d.u.i.k.n.KeyIO           Load declarations of de.uka.ilkd.key.nparser.KeyAst$File:  <unknown>:1#1 
488337     INFO  Test worker     d.u.i.k.n.KeyIO           MODE: declarations took 0 ms 
488337     DEBUG Test worker     d.u.i.k.n.KeyIO           MODE: 2nd degree decls took 0 
488337     INFO  Test worker     d.u.i.k.n.KeyIO           Parsing took 0 ms 
488337     DEBUG Test worker     d.u.i.k.n.KeyIO           Load declarations of de.uka.ilkd.key.nparser.KeyAst$File:  <unknown>:1#1 
488337     INFO  Test worker     d.u.i.k.n.KeyIO           MODE: declarations took 0 ms 
488337     DEBUG Test worker     d.u.i.k.n.KeyIO           MODE: 2nd degree decls took 0 
491515     INFO  Test worker     d.u.i.k.n.KeyIO           Parsing took 0 ms 
491515     DEBUG Test worker     d.u.i.k.n.KeyIO           Load declarations of de.uka.ilkd.key.nparser.KeyAst$File:  <unknown>:1#1 
491515     INFO  Test worker     d.u.i.k.n.KeyIO           MODE: declarations took 0 ms 
491515     DEBUG Test worker     d.u.i.k.n.KeyIO           MODE: 2nd degree decls took 0 
491515     INFO  Test worker     d.u.i.k.n.KeyIO           Parsing took 0 ms 
491515     DEBUG Test worker     d.u.i.k.n.KeyIO           Load declarations of de.uka.ilkd.key.nparser.KeyAst$File:  <unknown>:1#1 
491515     INFO  Test worker     d.u.i.k.n.KeyIO           MODE: declarations took 0 ms 
491515     DEBUG Test worker     d.u.i.k.n.KeyIO           MODE: 2nd degree decls took 0 
491515     INFO  Test worker     d.u.i.k.n.KeyIO           Parsing took 0 ms 
491515     DEBUG Test worker     d.u.i.k.n.KeyIO           Load declarations of de.uka.ilkd.key.nparser.KeyAst$File:  <unknown>:1#1 
491515     INFO  Test worker     d.u.i.k.n.KeyIO           MODE: declarations took 0 ms 
491515     DEBUG Test worker     d.u.i.k.n.KeyIO           MODE: 2nd degree decls took 0 
491515     INFO  Test worker     d.u.i.k.n.KeyIO           Parsing took 0 ms 
491515     DEBUG Test worker     d.u.i.k.n.KeyIO           Load declarations of de.uka.ilkd.key.nparser.KeyAst$File:  <unknown>:1#1 
491515     INFO  Test worker     d.u.i.k.n.KeyIO           MODE: declarations took 0 ms 
491515     DEBUG Test worker     d.u.i.k.n.KeyIO           MODE: 2nd degree decls took 0 
491515     INFO  Test worker     d.u.i.k.n.KeyIO           Parsing took 0 ms 
491515     DEBUG Test worker     d.u.i.k.n.KeyIO           Load declarations of de.uka.ilkd.key.nparser.KeyAst$File:  <unknown>:1#1 
491515     INFO  Test worker     d.u.i.k.n.KeyIO           MODE: declarations took 0 ms 
491515     DEBUG Test worker     d.u.i.k.n.KeyIO           MODE: 2nd degree decls took 0 
494686     INFO  Test worker     d.u.i.k.n.KeyIO           Parsing took 0 ms 
494686     DEBUG Test worker     d.u.i.k.n.KeyIO           Load declarations of de.uka.ilkd.key.nparser.KeyAst$File:  <unknown>:1#1 
494686     INFO  Test worker     d.u.i.k.n.KeyIO           MODE: declarations took 0 ms 
494686     DEBUG Test worker     d.u.i.k.n.KeyIO           MODE: 2nd degree decls took 0 
494686     INFO  Test worker     d.u.i.k.n.KeyIO           Parsing took 0 ms 
494686     DEBUG Test worker     d.u.i.k.n.KeyIO           Load declarations of de.uka.ilkd.key.nparser.KeyAst$File:  <unknown>:1#1 
494686     INFO  Test worker     d.u.i.k.n.KeyIO           MODE: declarations took 0 ms 
494686     DEBUG Test worker     d.u.i.k.n.KeyIO           MODE: 2nd degree decls took 0 
494686     INFO  Test worker     d.u.i.k.n.KeyIO           Parsing took 0 ms 
494686     DEBUG Test worker     d.u.i.k.n.KeyIO           Load declarations of de.uka.ilkd.key.nparser.KeyAst$File:  <unknown>:1#1 
494686     INFO  Test worker     d.u.i.k.n.KeyIO           MODE: declarations took 0 ms 
494686     DEBUG Test worker     d.u.i.k.n.KeyIO           MODE: 2nd degree decls took 0 
494686     INFO  Test worker     d.u.i.k.n.KeyIO           Parsing took 0 ms 
494686     DEBUG Test worker     d.u.i.k.n.KeyIO           Load declarations of de.uka.ilkd.key.nparser.KeyAst$File:  <unknown>:1#1 
494686     INFO  Test worker     d.u.i.k.n.KeyIO           MODE: declarations took 0 ms 
494686     DEBUG Test worker     d.u.i.k.n.KeyIO           MODE: 2nd degree decls took 0 
494686     INFO  Test worker     d.u.i.k.n.KeyIO           Parsing took 0 ms 
494686     DEBUG Test worker     d.u.i.k.n.KeyIO           Load declarations of de.uka.ilkd.key.nparser.KeyAst$File:  <unknown>:1#1 
494686     INFO  Test worker     d.u.i.k.n.KeyIO           MODE: declarations took 0 ms 
494686     DEBUG Test worker     d.u.i.k.n.KeyIO           MODE: 2nd degree decls took 0 
497817     INFO  Test worker     d.u.i.k.n.KeyIO           Parsing took 0 ms 
497817     DEBUG Test worker     d.u.i.k.n.KeyIO           Load declarations of de.uka.ilkd.key.nparser.KeyAst$File:  <unknown>:1#1 
497817     INFO  Test worker     d.u.i.k.n.KeyIO           MODE: declarations took 0 ms 
497817     DEBUG Test worker     d.u.i.k.n.KeyIO           MODE: 2nd degree decls took 0 
497832     INFO  Test worker     d.u.i.k.n.KeyIO           Parsing took 0 ms 
497832     DEBUG Test worker     d.u.i.k.n.KeyIO           Load declarations of de.uka.ilkd.key.nparser.KeyAst$File:  <unknown>:1#1 
497832     INFO  Test worker     d.u.i.k.n.KeyIO           MODE: declarations took 0 ms 
497832     DEBUG Test worker     d.u.i.k.n.KeyIO           MODE: 2nd degree decls took 0 
497832     INFO  Test worker     d.u.i.k.n.KeyIO           Parsing took 0 ms 
497832     DEBUG Test worker     d.u.i.k.n.KeyIO           Load declarations of de.uka.ilkd.key.nparser.KeyAst$File:  <unknown>:1#1 
497832     INFO  Test worker     d.u.i.k.n.KeyIO           MODE: declarations took 0 ms 
497832     DEBUG Test worker     d.u.i.k.n.KeyIO           MODE: 2nd degree decls took 0 
497832     INFO  Test worker     d.u.i.k.n.KeyIO           Parsing took 0 ms 
497832     DEBUG Test worker     d.u.i.k.n.KeyIO           Load declarations of de.uka.ilkd.key.nparser.KeyAst$File:  <unknown>:1#1 
497832     INFO  Test worker     d.u.i.k.n.KeyIO           MODE: declarations took 0 ms 
497832     DEBUG Test worker     d.u.i.k.n.KeyIO           MODE: 2nd degree decls took 0 
497832     INFO  Test worker     d.u.i.k.n.KeyIO           Parsing took 0 ms 
497832     DEBUG Test worker     d.u.i.k.n.KeyIO           Load declarations of de.uka.ilkd.key.nparser.KeyAst$File:  <unknown>:1#1 
497832     INFO  Test worker     d.u.i.k.n.KeyIO           MODE: declarations took 0 ms 
497832     DEBUG Test worker     d.u.i.k.n.KeyIO           MODE: 2nd degree decls took 0 
500962     INFO  Test worker     d.u.i.k.n.KeyIO           Parsing took 0 ms 
500962     DEBUG Test worker     d.u.i.k.n.KeyIO           Load declarations of de.uka.ilkd.key.nparser.KeyAst$File:  <unknown>:1#1 
500962     INFO  Test worker     d.u.i.k.n.KeyIO           MODE: declarations took 0 ms 
500962     DEBUG Test worker     d.u.i.k.n.KeyIO           MODE: 2nd degree decls took 0 
500962     INFO  Test worker     d.u.i.k.n.KeyIO           Parsing took 0 ms 
500962     DEBUG Test worker     d.u.i.k.n.KeyIO           Load declarations of de.uka.ilkd.key.nparser.KeyAst$File:  <unknown>:1#1 
500962     INFO  Test worker     d.u.i.k.n.KeyIO           MODE: declarations took 0 ms 
500962     DEBUG Test worker     d.u.i.k.n.KeyIO           MODE: 2nd degree decls took 0 
500962     INFO  Test worker     d.u.i.k.n.KeyIO           Parsing took 0 ms 
500962     DEBUG Test worker     d.u.i.k.n.KeyIO           Load declarations of de.uka.ilkd.key.nparser.KeyAst$File:  <unknown>:1#1 
500962     INFO  Test worker     d.u.i.k.n.KeyIO           MODE: declarations took 0 ms 
500962     DEBUG Test worker     d.u.i.k.n.KeyIO           MODE: 2nd degree decls took 0 
500962     INFO  Test worker     d.u.i.k.n.KeyIO           Parsing took 0 ms 
500962     DEBUG Test worker     d.u.i.k.n.KeyIO           Load declarations of de.uka.ilkd.key.nparser.KeyAst$File:  <unknown>:1#1 
500962     INFO  Test worker     d.u.i.k.n.KeyIO           MODE: declarations took 0 ms 
500962     DEBUG Test worker     d.u.i.k.n.KeyIO           MODE: 2nd degree decls took 0 
500962     INFO  Test worker     d.u.i.k.n.KeyIO           Parsing took 0 ms 
500962     DEBUG Test worker     d.u.i.k.n.KeyIO           Load declarations of de.uka.ilkd.key.nparser.KeyAst$File:  <unknown>:1#1 
500962     INFO  Test worker     d.u.i.k.n.KeyIO           MODE: declarations took 0 ms 
500962     DEBUG Test worker     d.u.i.k.n.KeyIO           MODE: 2nd degree decls took 0 
504141     INFO  Test worker     d.u.i.k.n.KeyIO           Parsing took 0 ms 
504141     DEBUG Test worker     d.u.i.k.n.KeyIO           Load declarations of de.uka.ilkd.key.nparser.KeyAst$File:  <unknown>:1#1 
504141     INFO  Test worker     d.u.i.k.n.KeyIO           MODE: declarations took 0 ms 
504141     DEBUG Test worker     d.u.i.k.n.KeyIO           MODE: 2nd degree decls took 0 
504141     INFO  Test worker     d.u.i.k.n.KeyIO           Parsing took 0 ms 
504141     DEBUG Test worker     d.u.i.k.n.KeyIO           Load declarations of de.uka.ilkd.key.nparser.KeyAst$File:  <unknown>:1#1 
504141     INFO  Test worker     d.u.i.k.n.KeyIO           MODE: declarations took 0 ms 
504141     DEBUG Test worker     d.u.i.k.n.KeyIO           MODE: 2nd degree decls took 0 
504141     INFO  Test worker     d.u.i.k.n.KeyIO           Parsing took 0 ms 
504141     DEBUG Test worker     d.u.i.k.n.KeyIO           Load declarations of de.uka.ilkd.key.nparser.KeyAst$File:  <unknown>:1#1 
504141     INFO  Test worker     d.u.i.k.n.KeyIO           MODE: declarations took 0 ms 
504141     DEBUG Test worker     d.u.i.k.n.KeyIO           MODE: 2nd degree decls took 0 
504156     INFO  Test worker     d.u.i.k.n.KeyIO           Parsing took 0 ms 
504156     DEBUG Test worker     d.u.i.k.n.KeyIO           Load declarations of de.uka.ilkd.key.nparser.KeyAst$File:  <unknown>:1#1 
504156     INFO  Test worker     d.u.i.k.n.KeyIO           MODE: declarations took 0 ms 
504156     DEBUG Test worker     d.u.i.k.n.KeyIO           MODE: 2nd degree decls took 0 
504172     INFO  Test worker     d.u.i.k.n.KeyIO           Parsing took 0 ms 
504172     DEBUG Test worker     d.u.i.k.n.KeyIO           Load declarations of de.uka.ilkd.key.nparser.KeyAst$File:  <unknown>:1#1 
504172     INFO  Test worker     d.u.i.k.n.KeyIO           MODE: declarations took 0 ms 
504172     DEBUG Test worker     d.u.i.k.n.KeyIO           MODE: 2nd degree decls took 0 
507257     INFO  Test worker     d.u.i.k.n.KeyIO           Parsing took 0 ms 
507257     DEBUG Test worker     d.u.i.k.n.KeyIO           Load declarations of de.uka.ilkd.key.nparser.KeyAst$File:  <unknown>:1#1 
507257     INFO  Test worker     d.u.i.k.n.KeyIO           MODE: declarations took 0 ms 
507257     DEBUG Test worker     d.u.i.k.n.KeyIO           MODE: 2nd degree decls took 0 
507257     INFO  Test worker     d.u.i.k.n.KeyIO           Parsing took 0 ms 
507257     DEBUG Test worker     d.u.i.k.n.KeyIO           Load declarations of de.uka.ilkd.key.nparser.KeyAst$File:  <unknown>:1#1 
507257     INFO  Test worker     d.u.i.k.n.KeyIO           MODE: declarations took 0 ms 
507257     DEBUG Test worker     d.u.i.k.n.KeyIO           MODE: 2nd degree decls took 0 
507257     INFO  Test worker     d.u.i.k.n.KeyIO           Parsing took 0 ms 
507257     DEBUG Test worker     d.u.i.k.n.KeyIO           Load declarations of de.uka.ilkd.key.nparser.KeyAst$File:  <unknown>:1#1 
507257     INFO  Test worker     d.u.i.k.n.KeyIO           MODE: declarations took 0 ms 
507257     DEBUG Test worker     d.u.i.k.n.KeyIO           MODE: 2nd degree decls took 0 
507257     INFO  Test worker     d.u.i.k.n.KeyIO           Parsing took 0 ms 
507257     DEBUG Test worker     d.u.i.k.n.KeyIO           Load declarations of de.uka.ilkd.key.nparser.KeyAst$File:  <unknown>:1#1 
507257     INFO  Test worker     d.u.i.k.n.KeyIO           MODE: declarations took 0 ms 
507257     DEBUG Test worker     d.u.i.k.n.KeyIO           MODE: 2nd degree decls took 0 
507257     INFO  Test worker     d.u.i.k.n.KeyIO           Parsing took 0 ms 
507257     DEBUG Test worker     d.u.i.k.n.KeyIO           Load declarations of de.uka.ilkd.key.nparser.KeyAst$File:  <unknown>:1#1 
507257     INFO  Test worker     d.u.i.k.n.KeyIO           MODE: declarations took 0 ms 
507257     DEBUG Test worker     d.u.i.k.n.KeyIO           MODE: 2nd degree decls took 0 
]]></system-out>
  <system-err><![CDATA[]]></system-err>
</testsuite>
