<?xml version="1.0" encoding="UTF-8"?>
<testsuite name="de.uka.ilkd.key.util.TestProofStarter" tests="2" skipped="0" failures="0" errors="0" timestamp="2023-05-02T15:30:04" hostname="fv-az479-478" time="68.035">
  <properties/>
  <testcase name="testDirectProofWithOneStepSimplification()" classname="de.uka.ilkd.key.util.TestProofStarter" time="38.338"/>
  <testcase name="testDirectProof()" classname="de.uka.ilkd.key.util.TestProofStarter" time="29.697"/>
  <system-out><![CDATA[940240     INFO  Test worker     d.u.i.k.p.i.AbstractProblemLoader Loading environment from src\test\resources\testcase\proofStarter\CC\project.key 
940240     DEBUG Test worker     d.u.i.k.p.i.AbstractProblemLoader Environment load took 128.8ns 
940240     INFO  Test worker     d.u.i.k.p.i.AbstractProblemLoader Creating init config 
940407     DEBUG Test worker     d.u.i.k.j.TypeConverter   No LDT found for Meta 
940407     DEBUG Test worker     d.u.i.k.j.TypeConverter   No LDT found for Meta 
940407     DEBUG Test worker     d.u.i.k.j.TypeConverter   No LDT found for Meta 
940407     DEBUG Test worker     d.u.i.k.j.TypeConverter   No LDT found for Meta 
941028     DEBUG Test worker     d.u.i.k.j.TypeConverter   No LDT found for JavaBigintExpression 
948973     DEBUG Test worker     d.u.i.k.p.i.AbstractProblemLoader Init config took 8.73s 
949051     INFO  Test worker     d.u.i.k.p.i.AbstractProblemLoader Replaying proof CC[CC::calcCoinIndex([I,[I)].JML normal_behavior operation contract.0 
949051     DEBUG Test worker     d.u.i.k.p.i.IntermediateProofReplayer Proof replay took 8.1ns 
978556     INFO  Test worker     d.u.i.k.p.i.AbstractProblemLoader Loading environment from src\test\resources\testcase\proofStarter\CC\project.key 
978556     DEBUG Test worker     d.u.i.k.p.i.AbstractProblemLoader Environment load took 136.7ns 
978556     INFO  Test worker     d.u.i.k.p.i.AbstractProblemLoader Creating init config 
981802     DEBUG Test worker     d.u.i.k.p.i.AbstractProblemLoader Init config took 3.24s 
981865     INFO  Test worker     d.u.i.k.p.i.AbstractProblemLoader Replaying proof CC[CC::calcCoinIndex([I,[I)].JML normal_behavior operation contract.0 
981865     DEBUG Test worker     d.u.i.k.p.i.IntermediateProofReplayer Proof replay took 7.4ns 
]]></system-out>
  <system-err><![CDATA[]]></system-err>
</testsuite>
