<?xml version="1.0" encoding="UTF-8"?>
<testsuite name="de.uka.ilkd.key.logic.TestClashFreeSubst" tests="14" skipped="2" failures="0" errors="0" timestamp="2023-05-02T15:15:12" hostname="fv-az479-478" time="57.246">
  <properties/>
  <testcase name="testMultiShareBound()" classname="de.uka.ilkd.key.logic.TestClashFreeSubst" time="1.114"/>
  <testcase name="testClash()" classname="de.uka.ilkd.key.logic.TestClashFreeSubst" time="1.076"/>
  <testcase name="testShare()" classname="de.uka.ilkd.key.logic.TestClashFreeSubst" time="1.084"/>
  <testcase name="testSubst()" classname="de.uka.ilkd.key.logic.TestClashFreeSubst" time="1.058"/>
  <testcase name="testWary0()" classname="de.uka.ilkd.key.logic.TestClashFreeSubst" time="1.031"/>
  <testcase name="testWary1()" classname="de.uka.ilkd.key.logic.TestClashFreeSubst" time="1.029"/>
  <testcase name="testWary2()" classname="de.uka.ilkd.key.logic.TestClashFreeSubst" time="1.041"/>
  <testcase name="testClashInSubstTerm()" classname="de.uka.ilkd.key.logic.TestClashFreeSubst" time="1.036"/>
  <testcase name="testShareWary()" classname="de.uka.ilkd.key.logic.TestClashFreeSubst" time="0.999"/>
  <testcase name="testMultiSubst()" classname="de.uka.ilkd.key.logic.TestClashFreeSubst" time="1.033"/>
  <testcase name="xtestMultiClash()" classname="de.uka.ilkd.key.logic.TestClashFreeSubst" time="0.0">
    <skipped/>
  </testcase>
  <testcase name="testSubstInSubstTerm()" classname="de.uka.ilkd.key.logic.TestClashFreeSubst" time="1.053"/>
  <testcase name="testSubstWary()" classname="de.uka.ilkd.key.logic.TestClashFreeSubst" time="1.082"/>
  <testcase name="xtestMultiClash1()" classname="de.uka.ilkd.key.logic.TestClashFreeSubst" time="0.0">
    <skipped/>
  </testcase>
  <system-out><![CDATA[48683      INFO  Test worker     d.u.i.k.n.KeyIO           Parsing took 0 ms 
48683      DEBUG Test worker     d.u.i.k.n.KeyIO           Load declarations of de.uka.ilkd.key.nparser.KeyAst$File:  <unknown>:1#1 
48683      INFO  Test worker     d.u.i.k.n.KeyIO           MODE: declarations took 0 ms 
48683      DEBUG Test worker     d.u.i.k.n.KeyIO           MODE: 2nd degree decls took 0 
49784      INFO  Test worker     d.u.i.k.n.KeyIO           Parsing took 0 ms 
49784      DEBUG Test worker     d.u.i.k.n.KeyIO           Load declarations of de.uka.ilkd.key.nparser.KeyAst$File:  <unknown>:1#1 
49784      INFO  Test worker     d.u.i.k.n.KeyIO           MODE: declarations took 0 ms 
49784      DEBUG Test worker     d.u.i.k.n.KeyIO           MODE: 2nd degree decls took 0 
53419      INFO  Test worker     d.u.i.k.n.KeyIO           Parsing took 0 ms 
53419      DEBUG Test worker     d.u.i.k.n.KeyIO           Load declarations of de.uka.ilkd.key.nparser.KeyAst$File:  <unknown>:1#1 
53419      INFO  Test worker     d.u.i.k.n.KeyIO           MODE: declarations took 0 ms 
53419      DEBUG Test worker     d.u.i.k.n.KeyIO           MODE: 2nd degree decls took 0 
54487      INFO  Test worker     d.u.i.k.n.KeyIO           Parsing took 0 ms 
54487      DEBUG Test worker     d.u.i.k.n.KeyIO           Load declarations of de.uka.ilkd.key.nparser.KeyAst$File:  <unknown>:1#1 
54487      INFO  Test worker     d.u.i.k.n.KeyIO           MODE: declarations took 0 ms 
54487      DEBUG Test worker     d.u.i.k.n.KeyIO           MODE: 2nd degree decls took 0 
58034      INFO  Test worker     d.u.i.k.n.KeyIO           Parsing took 0 ms 
58034      DEBUG Test worker     d.u.i.k.n.KeyIO           Load declarations of de.uka.ilkd.key.nparser.KeyAst$File:  <unknown>:1#1 
58034      INFO  Test worker     d.u.i.k.n.KeyIO           MODE: declarations took 0 ms 
58034      DEBUG Test worker     d.u.i.k.n.KeyIO           MODE: 2nd degree decls took 0 
59108      INFO  Test worker     d.u.i.k.n.KeyIO           Parsing took 0 ms 
59108      DEBUG Test worker     d.u.i.k.n.KeyIO           Load declarations of de.uka.ilkd.key.nparser.KeyAst$File:  <unknown>:1#1 
59108      INFO  Test worker     d.u.i.k.n.KeyIO           MODE: declarations took 0 ms 
59108      DEBUG Test worker     d.u.i.k.n.KeyIO           MODE: 2nd degree decls took 0 
62598      INFO  Test worker     d.u.i.k.n.KeyIO           Parsing took 0 ms 
62598      DEBUG Test worker     d.u.i.k.n.KeyIO           Load declarations of de.uka.ilkd.key.nparser.KeyAst$File:  <unknown>:1#1 
62598      INFO  Test worker     d.u.i.k.n.KeyIO           MODE: declarations took 0 ms 
62598      DEBUG Test worker     d.u.i.k.n.KeyIO           MODE: 2nd degree decls took 0 
63650      INFO  Test worker     d.u.i.k.n.KeyIO           Parsing took 0 ms 
63650      DEBUG Test worker     d.u.i.k.n.KeyIO           Load declarations of de.uka.ilkd.key.nparser.KeyAst$File:  <unknown>:1#1 
63650      INFO  Test worker     d.u.i.k.n.KeyIO           MODE: declarations took 0 ms 
63650      DEBUG Test worker     d.u.i.k.n.KeyIO           MODE: 2nd degree decls took 0 
67046      INFO  Test worker     d.u.i.k.n.KeyIO           Parsing took 0 ms 
67046      DEBUG Test worker     d.u.i.k.n.KeyIO           Load declarations of de.uka.ilkd.key.nparser.KeyAst$File:  <unknown>:1#1 
67046      INFO  Test worker     d.u.i.k.n.KeyIO           MODE: declarations took 0 ms 
67046      DEBUG Test worker     d.u.i.k.n.KeyIO           MODE: 2nd degree decls took 0 
68067      INFO  Test worker     d.u.i.k.n.KeyIO           Parsing took 0 ms 
68067      DEBUG Test worker     d.u.i.k.n.KeyIO           Load declarations of de.uka.ilkd.key.nparser.KeyAst$File:  <unknown>:1#1 
68067      INFO  Test worker     d.u.i.k.n.KeyIO           MODE: declarations took 0 ms 
68067      DEBUG Test worker     d.u.i.k.n.KeyIO           MODE: 2nd degree decls took 0 
71398      INFO  Test worker     d.u.i.k.n.KeyIO           Parsing took 0 ms 
71398      DEBUG Test worker     d.u.i.k.n.KeyIO           Load declarations of de.uka.ilkd.key.nparser.KeyAst$File:  <unknown>:1#1 
71398      INFO  Test worker     d.u.i.k.n.KeyIO           MODE: declarations took 0 ms 
71398      DEBUG Test worker     d.u.i.k.n.KeyIO           MODE: 2nd degree decls took 0 
72420      INFO  Test worker     d.u.i.k.n.KeyIO           Parsing took 0 ms 
72420      DEBUG Test worker     d.u.i.k.n.KeyIO           Load declarations of de.uka.ilkd.key.nparser.KeyAst$File:  <unknown>:1#1 
72420      INFO  Test worker     d.u.i.k.n.KeyIO           MODE: declarations took 0 ms 
72420      DEBUG Test worker     d.u.i.k.n.KeyIO           MODE: 2nd degree decls took 0 
75706      INFO  Test worker     d.u.i.k.n.KeyIO           Parsing took 0 ms 
75706      DEBUG Test worker     d.u.i.k.n.KeyIO           Load declarations of de.uka.ilkd.key.nparser.KeyAst$File:  <unknown>:1#1 
75706      INFO  Test worker     d.u.i.k.n.KeyIO           MODE: declarations took 0 ms 
75706      DEBUG Test worker     d.u.i.k.n.KeyIO           MODE: 2nd degree decls took 0 
76746      INFO  Test worker     d.u.i.k.n.KeyIO           Parsing took 0 ms 
76746      DEBUG Test worker     d.u.i.k.n.KeyIO           Load declarations of de.uka.ilkd.key.nparser.KeyAst$File:  <unknown>:1#1 
76746      INFO  Test worker     d.u.i.k.n.KeyIO           MODE: declarations took 0 ms 
76746      DEBUG Test worker     d.u.i.k.n.KeyIO           MODE: 2nd degree decls took 0 
80089      INFO  Test worker     d.u.i.k.n.KeyIO           Parsing took 0 ms 
80089      DEBUG Test worker     d.u.i.k.n.KeyIO           Load declarations of de.uka.ilkd.key.nparser.KeyAst$File:  <unknown>:1#1 
80089      INFO  Test worker     d.u.i.k.n.KeyIO           MODE: declarations took 0 ms 
80089      DEBUG Test worker     d.u.i.k.n.KeyIO           MODE: 2nd degree decls took 0 
81115      INFO  Test worker     d.u.i.k.n.KeyIO           Parsing took 0 ms 
81115      DEBUG Test worker     d.u.i.k.n.KeyIO           Load declarations of de.uka.ilkd.key.nparser.KeyAst$File:  <unknown>:1#1 
81115      INFO  Test worker     d.u.i.k.n.KeyIO           MODE: declarations took 0 ms 
81115      DEBUG Test worker     d.u.i.k.n.KeyIO           MODE: 2nd degree decls took 0 
84431      INFO  Test worker     d.u.i.k.n.KeyIO           Parsing took 0 ms 
84447      DEBUG Test worker     d.u.i.k.n.KeyIO           Load declarations of de.uka.ilkd.key.nparser.KeyAst$File:  <unknown>:1#1 
84447      INFO  Test worker     d.u.i.k.n.KeyIO           MODE: declarations took 0 ms 
84447      DEBUG Test worker     d.u.i.k.n.KeyIO           MODE: 2nd degree decls took 0 
85425      INFO  Test worker     d.u.i.k.n.KeyIO           Parsing took 0 ms 
85425      DEBUG Test worker     d.u.i.k.n.KeyIO           Load declarations of de.uka.ilkd.key.nparser.KeyAst$File:  <unknown>:1#1 
85425      INFO  Test worker     d.u.i.k.n.KeyIO           MODE: declarations took 0 ms 
85425      DEBUG Test worker     d.u.i.k.n.KeyIO           MODE: 2nd degree decls took 0 
88867      INFO  Test worker     d.u.i.k.n.KeyIO           Parsing took 0 ms 
88867      DEBUG Test worker     d.u.i.k.n.KeyIO           Load declarations of de.uka.ilkd.key.nparser.KeyAst$File:  <unknown>:1#1 
88867      INFO  Test worker     d.u.i.k.n.KeyIO           MODE: declarations took 0 ms 
88867      DEBUG Test worker     d.u.i.k.n.KeyIO           MODE: 2nd degree decls took 0 
89899      INFO  Test worker     d.u.i.k.n.KeyIO           Parsing took 0 ms 
89899      DEBUG Test worker     d.u.i.k.n.KeyIO           Load declarations of de.uka.ilkd.key.nparser.KeyAst$File:  <unknown>:1#1 
89899      INFO  Test worker     d.u.i.k.n.KeyIO           MODE: declarations took 0 ms 
89899      DEBUG Test worker     d.u.i.k.n.KeyIO           MODE: 2nd degree decls took 0 
96687      INFO  Test worker     d.u.i.k.n.KeyIO           Parsing took 0 ms 
96687      DEBUG Test worker     d.u.i.k.n.KeyIO           Load declarations of de.uka.ilkd.key.nparser.KeyAst$File:  <unknown>:1#1 
96687      INFO  Test worker     d.u.i.k.n.KeyIO           MODE: declarations took 0 ms 
96687      DEBUG Test worker     d.u.i.k.n.KeyIO           MODE: 2nd degree decls took 0 
97719      INFO  Test worker     d.u.i.k.n.KeyIO           Parsing took 0 ms 
97719      DEBUG Test worker     d.u.i.k.n.KeyIO           Load declarations of de.uka.ilkd.key.nparser.KeyAst$File:  <unknown>:1#1 
97735      INFO  Test worker     d.u.i.k.n.KeyIO           MODE: declarations took 16 ms 
97735      DEBUG Test worker     d.u.i.k.n.KeyIO           MODE: 2nd degree decls took 0 
101434     INFO  Test worker     d.u.i.k.n.KeyIO           Parsing took 0 ms 
101434     DEBUG Test worker     d.u.i.k.n.KeyIO           Load declarations of de.uka.ilkd.key.nparser.KeyAst$File:  <unknown>:1#1 
101434     INFO  Test worker     d.u.i.k.n.KeyIO           MODE: declarations took 0 ms 
101434     DEBUG Test worker     d.u.i.k.n.KeyIO           MODE: 2nd degree decls took 0 
102503     INFO  Test worker     d.u.i.k.n.KeyIO           Parsing took 0 ms 
102503     DEBUG Test worker     d.u.i.k.n.KeyIO           Load declarations of de.uka.ilkd.key.nparser.KeyAst$File:  <unknown>:1#1 
102503     INFO  Test worker     d.u.i.k.n.KeyIO           MODE: declarations took 0 ms 
102503     DEBUG Test worker     d.u.i.k.n.KeyIO           MODE: 2nd degree decls took 0 
]]></system-out>
  <system-err><![CDATA[]]></system-err>
</testsuite>
