<?xml version="1.0" encoding="UTF-8"?>
<testsuite name="de.uka.ilkd.key.proof.TestOneStepSimplifier" tests="1" skipped="0" failures="0" errors="0" timestamp="2023-05-02T15:22:57" hostname="fv-az479-478" time="4.339">
  <properties/>
  <testcase name="loadWithRestriction()" classname="de.uka.ilkd.key.proof.TestOneStepSimplifier" time="4.339"/>
  <system-out><![CDATA[513664     INFO  Test worker     d.u.i.k.p.i.AbstractProblemLoader Loading environment from src\test\resources\testcase\ossRestriction.proof 
513664     DEBUG Test worker     d.u.i.k.p.i.AbstractProblemLoader Environment load took 151.6ns 
513664     INFO  Test worker     d.u.i.k.p.i.AbstractProblemLoader Creating init config 
513836     DEBUG Test worker     d.u.i.k.j.TypeConverter   No LDT found for Meta 
513836     DEBUG Test worker     d.u.i.k.j.TypeConverter   No LDT found for Meta 
513836     DEBUG Test worker     d.u.i.k.j.TypeConverter   No LDT found for Meta 
513836     DEBUG Test worker     d.u.i.k.j.TypeConverter   No LDT found for Meta 
514461     DEBUG Test worker     d.u.i.k.j.TypeConverter   No LDT found for JavaBigintExpression 
517964     DEBUG Test worker     d.u.i.k.p.i.AbstractProblemLoader Init config took 4.3s 
517979     INFO  Test worker     d.u.i.k.p.i.AbstractProblemLoader Replaying proof ossRestriction.proof 
517995     DEBUG Test worker     d.u.i.k.p.i.IntermediateProofReplayer Proof replay took 890.5ns 
]]></system-out>
  <system-err><![CDATA[]]></system-err>
</testsuite>
