<?xml version="1.0" encoding="UTF-8"?>
<testsuite name="de.uka.ilkd.key.rule.loop.LoopScopeInvRuleTests" tests="1" skipped="0" failures="0" errors="0" timestamp="2023-05-02T15:23:27" hostname="fv-az479-478" time="5.431">
  <properties/>
  <testcase name="testDoAutomaticProofOfBenchmarkWithLabeledBreaksAndContinues()" classname="de.uka.ilkd.key.rule.loop.LoopScopeInvRuleTests" time="5.431"/>
  <system-out><![CDATA[543020     INFO  Test worker     d.u.i.k.p.i.AbstractProblemLoader Loading environment from src\test\resources\testcase\loopScopeInvRule\Test.key 
543020     DEBUG Test worker     d.u.i.k.p.i.AbstractProblemLoader Environment load took 113.6ns 
543036     INFO  Test worker     d.u.i.k.p.i.AbstractProblemLoader Creating init config 
543161     DEBUG Test worker     d.u.i.k.j.TypeConverter   No LDT found for Meta 
543161     DEBUG Test worker     d.u.i.k.j.TypeConverter   No LDT found for Meta 
543161     DEBUG Test worker     d.u.i.k.j.TypeConverter   No LDT found for Meta 
543161     DEBUG Test worker     d.u.i.k.j.TypeConverter   No LDT found for Meta 
543878     DEBUG Test worker     d.u.i.k.j.TypeConverter   No LDT found for JavaBigintExpression 
547696     DEBUG Test worker     d.u.i.k.p.i.AbstractProblemLoader Init config took 4.67s 
547743     INFO  Test worker     d.u.i.k.p.i.AbstractProblemLoader Replaying proof Test[Test::loopScopeRuleBenchmark(int,boolean)].JML normal_behavior operation contract.0 
547743     DEBUG Test worker     d.u.i.k.p.i.IntermediateProofReplayer Proof replay took 14.5ns 
]]></system-out>
  <system-err><![CDATA[]]></system-err>
</testsuite>
