<?xml version="1.0" encoding="UTF-8"?>
<testsuite name="de.uka.ilkd.key.rule.merge.PredicateAbstractionLatticeTests" tests="3" skipped="0" failures="0" errors="0" timestamp="2023-05-02T15:25:03" hostname="fv-az479-478" time="7.394">
  <properties/>
  <testcase name="testToAndFromString()" classname="de.uka.ilkd.key.rule.merge.PredicateAbstractionLatticeTests" time="3.425"/>
  <testcase name="testCreateSignLatticeWithPredicates()" classname="de.uka.ilkd.key.rule.merge.PredicateAbstractionLatticeTests" time="3.969"/>
  <testcase name="testTrivialPredicatesLattice()" classname="de.uka.ilkd.key.rule.merge.PredicateAbstractionLatticeTests" time="0.0"/>
  <system-out><![CDATA[639032     INFO  Test worker     d.u.i.k.p.i.AbstractProblemLoader Loading environment from src\test\resources\testcase\merge\dummy.key 
639032     DEBUG Test worker     d.u.i.k.p.i.AbstractProblemLoader Environment load took 98.6ns 
639047     INFO  Test worker     d.u.i.k.p.i.AbstractProblemLoader Creating init config 
642427     DEBUG Test worker     d.u.i.k.p.i.AbstractProblemLoader Init config took 3.39s 
642458     INFO  Test worker     d.u.i.k.p.i.AbstractProblemLoader Replaying proof dummy.key 
642458     DEBUG Test worker     d.u.i.k.p.i.IntermediateProofReplayer Proof replay took 7.5ns 
642458     INFO  Test worker     d.u.i.k.p.i.AbstractProblemLoader Loading environment from src\test\resources\testcase\merge\dummy.key 
642458     DEBUG Test worker     d.u.i.k.p.i.AbstractProblemLoader Environment load took 360.9ns 
642458     INFO  Test worker     d.u.i.k.p.i.AbstractProblemLoader Creating init config 
646396     DEBUG Test worker     d.u.i.k.p.i.AbstractProblemLoader Init config took 3.94s 
646412     INFO  Test worker     d.u.i.k.p.i.AbstractProblemLoader Replaying proof dummy.key 
646412     DEBUG Test worker     d.u.i.k.p.i.IntermediateProofReplayer Proof replay took 7.6ns 
]]></system-out>
  <system-err><![CDATA[]]></system-err>
</testsuite>
