<?xml version="1.0" encoding="UTF-8"?>
<testsuite name="de.uka.ilkd.key.testcase.smt.testgen.TestTestgen" tests="1" skipped="0" failures="0" errors="0" timestamp="2023-05-28T15:40:05" hostname="fv-az561-723" time="4.731">
  <properties/>
  <testcase name="testMiddle()" classname="de.uka.ilkd.key.testcase.smt.testgen.TestTestgen" time="4.731"/>
  <system-out><![CDATA[13935      WARN  Test worker     d.u.i.k.t.s.t.TestTestgen Warning: Z3_CE is not installed, tests skipped. 
13935      WARN  Test worker     d.u.i.k.t.s.t.TestTestgen Maybe use JVM system property "z3SolverPath" to define the path to the Z3 command. 
13938      INFO  Test worker     d.u.i.k.p.i.AbstractProblemLoader Loading environment from src/test/resources/testcase/smt/tg/middle.key 
13938      DEBUG Test worker     d.u.i.k.p.i.AbstractProblemLoader Environment load took 184ns 
13944      INFO  Test worker     d.u.i.k.p.i.AbstractProblemLoader Creating init config 
18013      DEBUG Test worker     d.u.i.k.p.i.AbstractProblemLoader Init config took 4.07s 
18100      INFO  Test worker     d.u.i.k.p.i.AbstractProblemLoader Replaying proof Middle[Middle::middle(int,int,int)].JML normal_behavior operation contract.0 
18103      DEBUG Test worker     d.u.i.k.p.i.IntermediateProofReplayer Proof replay took 12.9ns 
]]></system-out>
  <system-err><![CDATA[]]></system-err>
</testsuite>
