<?xml version="1.0" encoding="UTF-8"?>
<testsuite name="de.uka.ilkd.key.java.TestContextStatementBlock" tests="1" skipped="0" failures="0" errors="0" timestamp="2023-04-17T21:23:46" hostname="fv-az1252-212" time="1.387">
  <properties/>
  <testcase name="testContextTermInstantiation()" classname="de.uka.ilkd.key.java.TestContextStatementBlock" time="1.387"/>
  <system-out><![CDATA[28155      DEBUG Test worker     d.u.i.k.p.i.KeYFile       Reading KeY file file:/D:/a/key/key/key.core/build/resources/main/de/uka/ilkd/key/proof/rules/ldt.key 
28155      DEBUG Test worker     d.u.i.k.p.i.KeYFile       Reading KeY file file:/D:/a/key/key/key.core/build/resources/main/de/uka/ilkd/key/proof/rules/boolean.key 
28155      DEBUG Test worker     d.u.i.k.p.i.KeYFile       Reading KeY file file:/D:/a/key/key/key.core/build/resources/main/de/uka/ilkd/key/proof/rules/ruleSetsDeclarations.key 
28155      DEBUG Test worker     d.u.i.k.p.i.KeYFile       Reading KeY file file:/D:/a/key/key/key.core/build/resources/main/de/uka/ilkd/key/proof/rules/integerHeader.key 
28155      DEBUG Test worker     d.u.i.k.p.i.KeYFile       Reading KeY file file:/D:/a/key/key/key.core/build/resources/main/de/uka/ilkd/key/proof/rules/floatHeader.key 
28171      DEBUG Test worker     d.u.i.k.p.i.KeYFile       Reading KeY file file:/D:/a/key/key/key.core/build/resources/main/de/uka/ilkd/key/proof/rules/heap.key 
28171      DEBUG Test worker     d.u.i.k.p.i.KeYFile       Reading KeY file file:/D:/a/key/key/key.core/build/resources/main/de/uka/ilkd/key/proof/rules/locSets.key 
28171      DEBUG Test worker     d.u.i.k.p.i.KeYFile       Reading KeY file file:/D:/a/key/key/key.core/build/resources/main/de/uka/ilkd/key/proof/rules/permission.key 
28171      DEBUG Test worker     d.u.i.k.p.i.KeYFile       Reading KeY file file:/D:/a/key/key/key.core/build/resources/main/de/uka/ilkd/key/proof/rules/reach.key 
28171      DEBUG Test worker     d.u.i.k.p.i.KeYFile       Reading KeY file file:/D:/a/key/key/key.core/build/resources/main/de/uka/ilkd/key/proof/rules/seq.key 
28171      DEBUG Test worker     d.u.i.k.p.i.KeYFile       Reading KeY file file:/D:/a/key/key/key.core/build/resources/main/de/uka/ilkd/key/proof/rules/map.key 
28171      DEBUG Test worker     d.u.i.k.p.i.KeYFile       Reading KeY file file:/D:/a/key/key/key.core/build/resources/main/de/uka/ilkd/key/proof/rules/freeADT.key 
28171      DEBUG Test worker     d.u.i.k.p.i.KeYFile       Reading KeY file file:/D:/a/key/key/key.core/build/resources/main/de/uka/ilkd/key/proof/rules/wellfound.key 
28171      DEBUG Test worker     d.u.i.k.p.i.KeYFile       Reading KeY file file:/D:/a/key/key/key.core/build/resources/main/de/uka/ilkd/key/proof/rules/charListHeader.key 
28202      DEBUG Test worker     d.u.i.k.p.i.KeYFile       Reading KeY file src\test\resources\testcase\testrules.key 
29392      INFO  Test worker     d.u.i.k.n.KeyIO           Parsing took 16 ms 
29392      DEBUG Test worker     d.u.i.k.n.KeyIO           Load declarations of de.uka.ilkd.key.nparser.KeyAst$File:  D:\a\key\key\key.core\src\test\resources\testcase\testrules.key:9#1 
29392      INFO  Test worker     d.u.i.k.n.KeyIO           MODE: declarations took 0 ms 
29392      DEBUG Test worker     d.u.i.k.n.KeyIO           MODE: 2nd degree decls took 0 
29517      DEBUG Test worker     d.u.i.k.n.KeyIO           MODE: taclets took 125ms 
]]></system-out>
  <system-err><![CDATA[]]></system-err>
</testsuite>
