<?xml version="1.0" encoding="UTF-8"?>
<testsuite name="de.uka.ilkd.key.java.TestJavaCardDLJavaExtensions" tests="2" skipped="0" failures="0" errors="0" timestamp="2023-04-17T21:23:47" hostname="fv-az1252-212" time="7.365">
  <properties/>
  <testcase name="testTypeNotInScopeShouldNotBeFound()" classname="de.uka.ilkd.key.java.TestJavaCardDLJavaExtensions" time="3.735"/>
  <testcase name="testMethodFrameRedirectsScope()" classname="de.uka.ilkd.key.java.TestJavaCardDLJavaExtensions" time="3.624"/>
  <system-out><![CDATA[29548      DEBUG Test worker     d.u.i.k.p.i.KeYFile       Reading KeY file file:/D:/a/key/key/key.core/build/resources/main/de/uka/ilkd/key/proof/rules/ldt.key 
29548      DEBUG Test worker     d.u.i.k.p.i.KeYFile       Reading KeY file file:/D:/a/key/key/key.core/build/resources/main/de/uka/ilkd/key/proof/rules/boolean.key 
29548      DEBUG Test worker     d.u.i.k.p.i.KeYFile       Reading KeY file file:/D:/a/key/key/key.core/build/resources/main/de/uka/ilkd/key/proof/rules/ruleSetsDeclarations.key 
29548      DEBUG Test worker     d.u.i.k.p.i.KeYFile       Reading KeY file file:/D:/a/key/key/key.core/build/resources/main/de/uka/ilkd/key/proof/rules/integerHeader.key 
29548      DEBUG Test worker     d.u.i.k.p.i.KeYFile       Reading KeY file file:/D:/a/key/key/key.core/build/resources/main/de/uka/ilkd/key/proof/rules/floatHeader.key 
29548      DEBUG Test worker     d.u.i.k.p.i.KeYFile       Reading KeY file file:/D:/a/key/key/key.core/build/resources/main/de/uka/ilkd/key/proof/rules/heap.key 
29563      DEBUG Test worker     d.u.i.k.p.i.KeYFile       Reading KeY file file:/D:/a/key/key/key.core/build/resources/main/de/uka/ilkd/key/proof/rules/locSets.key 
29563      DEBUG Test worker     d.u.i.k.p.i.KeYFile       Reading KeY file file:/D:/a/key/key/key.core/build/resources/main/de/uka/ilkd/key/proof/rules/permission.key 
29563      DEBUG Test worker     d.u.i.k.p.i.KeYFile       Reading KeY file file:/D:/a/key/key/key.core/build/resources/main/de/uka/ilkd/key/proof/rules/reach.key 
29579      DEBUG Test worker     d.u.i.k.p.i.KeYFile       Reading KeY file file:/D:/a/key/key/key.core/build/resources/main/de/uka/ilkd/key/proof/rules/seq.key 
29579      DEBUG Test worker     d.u.i.k.p.i.KeYFile       Reading KeY file file:/D:/a/key/key/key.core/build/resources/main/de/uka/ilkd/key/proof/rules/map.key 
29595      DEBUG Test worker     d.u.i.k.p.i.KeYFile       Reading KeY file file:/D:/a/key/key/key.core/build/resources/main/de/uka/ilkd/key/proof/rules/freeADT.key 
29595      DEBUG Test worker     d.u.i.k.p.i.KeYFile       Reading KeY file file:/D:/a/key/key/key.core/build/resources/main/de/uka/ilkd/key/proof/rules/wellfound.key 
29595      DEBUG Test worker     d.u.i.k.p.i.KeYFile       Reading KeY file file:/D:/a/key/key/key.core/build/resources/main/de/uka/ilkd/key/proof/rules/charListHeader.key 
29642      DEBUG Test worker     d.u.i.k.p.i.KeYFile       Reading KeY file src\test\resources\testcase\javacardDLExtensions\typeResolutionInMethodFrame.key 
30886      DEBUG Test worker     d.u.i.k.j.Recoder2KeY     converting now D:\a\key\key\key.core\src\test\resources\testcase\javacardDLExtensions\src\test\TestJavaCardDLExtensions.java 
30902      DEBUG Test worker     d.u.i.k.p.i.KeYFile       Reading KeY file file:/D:/a/key/key/key.core/build/resources/main/de/uka/ilkd/key/java/JavaRedux/java/lang/String.key 
33270      DEBUG Test worker     d.u.i.k.j.Recoder2KeYConverter recoder2key: called method public de.uka.ilkd.key.java.reference.TypeReference de.uka.ilkd.key.java.Recoder2KeYConverter.convert(recoder.java.reference.TypeReference) threw exception  de.uka.ilkd.key.util.ExceptionHandlerException: Recoder: 1 errors have occurred - aborting.
	at de.uka.ilkd.key.util.KeYRecoderExcHandler.recoderExitAction(KeYRecoderExcHandler.java:69)
Caused by: recoder.service.UnresolvedReferenceException: Could not resolve TypeReference "TestJavaCardDLExtensions" @1/3 in "INTERNAL:<virtual_class_for_parsing174>"(14)
	at recoder.service.DefaultSourceInfo.getType(DefaultSourceInfo.java:798)

33270      DEBUG Test worker     d.u.i.k.j.Recoder2KeYConverter recoder2key: called method public de.uka.ilkd.key.java.declaration.LocalVariableDeclaration de.uka.ilkd.key.java.Recoder2KeYConverter.convert(recoder.java.declaration.LocalVariableDeclaration) threw exception  de.uka.ilkd.key.java.PosConvertException: called method public de.uka.ilkd.key.java.reference.TypeReference de.uka.ilkd.key.java.Recoder2KeYConverter.convert(recoder.java.reference.TypeReference) threw exception.
	at de.uka.ilkd.key.java.Recoder2KeY.reportErrorWithPositionInFile(Recoder2KeY.java:1266)
Caused by: recoder.service.UnresolvedReferenceException: Could not resolve TypeReference "TestJavaCardDLExtensions" @1/3 in "INTERNAL:<virtual_class_for_parsing174>"(14)
	at recoder.service.DefaultSourceInfo.getType(DefaultSourceInfo.java:798)

33270      DEBUG Test worker     d.u.i.k.j.Recoder2KeYConverter recoder2key: called method public de.uka.ilkd.key.java.StatementBlock de.uka.ilkd.key.java.Recoder2KeYConverter.convert(recoder.java.StatementBlock) threw exception  de.uka.ilkd.key.java.PosConvertException: called method public de.uka.ilkd.key.java.reference.TypeReference de.uka.ilkd.key.java.Recoder2KeYConverter.convert(recoder.java.reference.TypeReference) threw exception.
	at de.uka.ilkd.key.java.Recoder2KeY.reportErrorWithPositionInFile(Recoder2KeY.java:1266)
Caused by: recoder.service.UnresolvedReferenceException: Could not resolve TypeReference "TestJavaCardDLExtensions" @1/3 in "INTERNAL:<virtual_class_for_parsing174>"(14)
	at recoder.service.DefaultSourceInfo.getType(DefaultSourceInfo.java:798)

33286      DEBUG Test worker     d.u.i.k.p.i.KeYFile       Reading KeY file src\test\resources\testcase\javacardDLExtensions\typeResolutionInMethodFrame2.key 
34487      DEBUG Test worker     d.u.i.k.j.Recoder2KeY     converting now D:\a\key\key\key.core\src\test\resources\testcase\javacardDLExtensions\src\test\TestJavaCardDLExtensions.java 
34502      DEBUG Test worker     d.u.i.k.p.i.KeYFile       Reading KeY file file:/D:/a/key/key/key.core/build/resources/main/de/uka/ilkd/key/java/JavaRedux/java/lang/String.key 
]]></system-out>
  <system-err><![CDATA[]]></system-err>
</testsuite>
