<?xml version="1.0" encoding="UTF-8"?>
<testsuite name="de.uka.ilkd.key.taclettranslation.TestTacletTranslator" tests="5" skipped="0" failures="0" errors="0" timestamp="2023-04-17T21:39:34" hostname="fv-az1252-212" time="0.024">
  <properties/>
  <testcase name="testPropositional1()" classname="de.uka.ilkd.key.taclettranslation.TestTacletTranslator" time="0.011"/>
  <testcase name="testPropositional2()" classname="de.uka.ilkd.key.taclettranslation.TestTacletTranslator" time="0.003"/>
  <testcase name="testNegativePolarity()" classname="de.uka.ilkd.key.taclettranslation.TestTacletTranslator" time="0.003"/>
  <testcase name="testNoPolarity()" classname="de.uka.ilkd.key.taclettranslation.TestTacletTranslator" time="0.003"/>
  <testcase name="testPositivePolarity()" classname="de.uka.ilkd.key.taclettranslation.TestTacletTranslator" time="0.003"/>
  <system-out><![CDATA[976204     INFO  Test worker     d.u.i.k.n.KeyIO           Parsing took 0 ms 
976204     DEBUG Test worker     d.u.i.k.n.KeyIO           Load declarations of de.uka.ilkd.key.nparser.KeyAst$File:  <unknown>:1#1 
976204     INFO  Test worker     d.u.i.k.n.KeyIO           MODE: declarations took 0 ms 
976204     DEBUG Test worker     d.u.i.k.n.KeyIO           MODE: 2nd degree decls took 0 
976204     DEBUG Test worker     d.u.i.k.n.KeyIO           MODE: taclets took 0ms 
976226     INFO  Test worker     d.u.i.k.n.KeyIO           Parsing took 0 ms 
976226     DEBUG Test worker     d.u.i.k.n.KeyIO           Load declarations of de.uka.ilkd.key.nparser.KeyAst$File:  <unknown>:1#1 
976226     INFO  Test worker     d.u.i.k.n.KeyIO           MODE: declarations took 0 ms 
976226     DEBUG Test worker     d.u.i.k.n.KeyIO           MODE: 2nd degree decls took 0 
976227     DEBUG Test worker     d.u.i.k.n.KeyIO           MODE: taclets took 1ms 
976228     INFO  Test worker     d.u.i.k.n.KeyIO           Parsing took 0 ms 
976228     DEBUG Test worker     d.u.i.k.n.KeyIO           Load declarations of de.uka.ilkd.key.nparser.KeyAst$File:  <unknown>:1#1 
976228     INFO  Test worker     d.u.i.k.n.KeyIO           MODE: declarations took 0 ms 
976228     DEBUG Test worker     d.u.i.k.n.KeyIO           MODE: 2nd degree decls took 0 
976228     DEBUG Test worker     d.u.i.k.n.KeyIO           MODE: taclets took 0ms 
976228     INFO  Test worker     d.u.i.k.n.KeyIO           Parsing took 0 ms 
976228     DEBUG Test worker     d.u.i.k.n.KeyIO           Load declarations of de.uka.ilkd.key.nparser.KeyAst$File:  <unknown>:1#1 
976228     INFO  Test worker     d.u.i.k.n.KeyIO           MODE: declarations took 0 ms 
976228     DEBUG Test worker     d.u.i.k.n.KeyIO           MODE: 2nd degree decls took 0 
976228     DEBUG Test worker     d.u.i.k.n.KeyIO           MODE: taclets took 0ms 
976228     INFO  Test worker     d.u.i.k.n.KeyIO           Parsing took 0 ms 
976228     DEBUG Test worker     d.u.i.k.n.KeyIO           Load declarations of de.uka.ilkd.key.nparser.KeyAst$File:  <unknown>:1#1 
976228     INFO  Test worker     d.u.i.k.n.KeyIO           MODE: declarations took 0 ms 
976228     DEBUG Test worker     d.u.i.k.n.KeyIO           MODE: 2nd degree decls took 0 
976228     DEBUG Test worker     d.u.i.k.n.KeyIO           MODE: taclets took 0ms 
]]></system-out>
  <system-err><![CDATA[]]></system-err>
</testsuite>
