<?xml version="1.0" encoding="UTF-8"?>
<testsuite name="de.uka.ilkd.key.logic.TestClashFreeSubst" tests="14" skipped="2" failures="0" errors="0" timestamp="2023-05-27T15:46:08" hostname="fv-az479-275" time="47.269">
  <properties/>
  <testcase name="testMultiShareBound()" classname="de.uka.ilkd.key.logic.TestClashFreeSubst" time="0.911"/>
  <testcase name="testClash()" classname="de.uka.ilkd.key.logic.TestClashFreeSubst" time="0.885"/>
  <testcase name="testShare()" classname="de.uka.ilkd.key.logic.TestClashFreeSubst" time="0.869"/>
  <testcase name="testSubst()" classname="de.uka.ilkd.key.logic.TestClashFreeSubst" time="0.88"/>
  <testcase name="testWary0()" classname="de.uka.ilkd.key.logic.TestClashFreeSubst" time="0.986"/>
  <testcase name="testWary1()" classname="de.uka.ilkd.key.logic.TestClashFreeSubst" time="0.863"/>
  <testcase name="testWary2()" classname="de.uka.ilkd.key.logic.TestClashFreeSubst" time="0.861"/>
  <testcase name="testClashInSubstTerm()" classname="de.uka.ilkd.key.logic.TestClashFreeSubst" time="0.854"/>
  <testcase name="testShareWary()" classname="de.uka.ilkd.key.logic.TestClashFreeSubst" time="0.862"/>
  <testcase name="testMultiSubst()" classname="de.uka.ilkd.key.logic.TestClashFreeSubst" time="0.848"/>
  <testcase name="xtestMultiClash()" classname="de.uka.ilkd.key.logic.TestClashFreeSubst" time="0.0">
    <skipped/>
  </testcase>
  <testcase name="testSubstInSubstTerm()" classname="de.uka.ilkd.key.logic.TestClashFreeSubst" time="0.881"/>
  <testcase name="testSubstWary()" classname="de.uka.ilkd.key.logic.TestClashFreeSubst" time="0.865"/>
  <testcase name="xtestMultiClash1()" classname="de.uka.ilkd.key.logic.TestClashFreeSubst" time="0.001">
    <skipped/>
  </testcase>
  <system-out><![CDATA[36258      INFO  Test worker     d.u.i.k.n.KeyIO           Parsing took 0 ms 
36258      DEBUG Test worker     d.u.i.k.n.KeyIO           Load declarations of de.uka.ilkd.key.nparser.KeyAst$File:  <unknown>:1#1 
36258      INFO  Test worker     d.u.i.k.n.KeyIO           MODE: declarations took 0 ms 
36258      DEBUG Test worker     d.u.i.k.n.KeyIO           MODE: 2nd degree decls took 0 
37165      INFO  Test worker     d.u.i.k.n.KeyIO           Parsing took 0 ms 
37165      DEBUG Test worker     d.u.i.k.n.KeyIO           Load declarations of de.uka.ilkd.key.nparser.KeyAst$File:  <unknown>:1#1 
37165      INFO  Test worker     d.u.i.k.n.KeyIO           MODE: declarations took 0 ms 
37165      DEBUG Test worker     d.u.i.k.n.KeyIO           MODE: 2nd degree decls took 0 
40229      INFO  Test worker     d.u.i.k.n.KeyIO           Parsing took 0 ms 
40229      DEBUG Test worker     d.u.i.k.n.KeyIO           Load declarations of de.uka.ilkd.key.nparser.KeyAst$File:  <unknown>:1#1 
40229      INFO  Test worker     d.u.i.k.n.KeyIO           MODE: declarations took 0 ms 
40229      DEBUG Test worker     d.u.i.k.n.KeyIO           MODE: 2nd degree decls took 0 
41111      INFO  Test worker     d.u.i.k.n.KeyIO           Parsing took 0 ms 
41111      DEBUG Test worker     d.u.i.k.n.KeyIO           Load declarations of de.uka.ilkd.key.nparser.KeyAst$File:  <unknown>:1#1 
41111      INFO  Test worker     d.u.i.k.n.KeyIO           MODE: declarations took 0 ms 
41111      DEBUG Test worker     d.u.i.k.n.KeyIO           MODE: 2nd degree decls took 0 
43961      INFO  Test worker     d.u.i.k.n.KeyIO           Parsing took 0 ms 
43961      DEBUG Test worker     d.u.i.k.n.KeyIO           Load declarations of de.uka.ilkd.key.nparser.KeyAst$File:  <unknown>:1#1 
43977      INFO  Test worker     d.u.i.k.n.KeyIO           MODE: declarations took 16 ms 
43977      DEBUG Test worker     d.u.i.k.n.KeyIO           MODE: 2nd degree decls took 0 
44837      INFO  Test worker     d.u.i.k.n.KeyIO           Parsing took 0 ms 
44837      DEBUG Test worker     d.u.i.k.n.KeyIO           Load declarations of de.uka.ilkd.key.nparser.KeyAst$File:  <unknown>:1#1 
44837      INFO  Test worker     d.u.i.k.n.KeyIO           MODE: declarations took 0 ms 
44837      DEBUG Test worker     d.u.i.k.n.KeyIO           MODE: 2nd degree decls took 0 
47659      INFO  Test worker     d.u.i.k.n.KeyIO           Parsing took 0 ms 
47659      DEBUG Test worker     d.u.i.k.n.KeyIO           Load declarations of de.uka.ilkd.key.nparser.KeyAst$File:  <unknown>:1#1 
47659      INFO  Test worker     d.u.i.k.n.KeyIO           MODE: declarations took 0 ms 
47659      DEBUG Test worker     d.u.i.k.n.KeyIO           MODE: 2nd degree decls took 0 
48535      INFO  Test worker     d.u.i.k.n.KeyIO           Parsing took 0 ms 
48535      DEBUG Test worker     d.u.i.k.n.KeyIO           Load declarations of de.uka.ilkd.key.nparser.KeyAst$File:  <unknown>:1#1 
48535      INFO  Test worker     d.u.i.k.n.KeyIO           MODE: declarations took 0 ms 
48535      DEBUG Test worker     d.u.i.k.n.KeyIO           MODE: 2nd degree decls took 0 
51332      INFO  Test worker     d.u.i.k.n.KeyIO           Parsing took 0 ms 
51332      DEBUG Test worker     d.u.i.k.n.KeyIO           Load declarations of de.uka.ilkd.key.nparser.KeyAst$File:  <unknown>:1#1 
51332      INFO  Test worker     d.u.i.k.n.KeyIO           MODE: declarations took 0 ms 
51332      DEBUG Test worker     d.u.i.k.n.KeyIO           MODE: 2nd degree decls took 0 
52303      INFO  Test worker     d.u.i.k.n.KeyIO           Parsing took 0 ms 
52303      DEBUG Test worker     d.u.i.k.n.KeyIO           Load declarations of de.uka.ilkd.key.nparser.KeyAst$File:  <unknown>:1#1 
52303      INFO  Test worker     d.u.i.k.n.KeyIO           MODE: declarations took 0 ms 
52303      DEBUG Test worker     d.u.i.k.n.KeyIO           MODE: 2nd degree decls took 0 
55127      INFO  Test worker     d.u.i.k.n.KeyIO           Parsing took 0 ms 
55127      DEBUG Test worker     d.u.i.k.n.KeyIO           Load declarations of de.uka.ilkd.key.nparser.KeyAst$File:  <unknown>:1#1 
55127      INFO  Test worker     d.u.i.k.n.KeyIO           MODE: declarations took 0 ms 
55127      DEBUG Test worker     d.u.i.k.n.KeyIO           MODE: 2nd degree decls took 0 
55977      INFO  Test worker     d.u.i.k.n.KeyIO           Parsing took 0 ms 
55977      DEBUG Test worker     d.u.i.k.n.KeyIO           Load declarations of de.uka.ilkd.key.nparser.KeyAst$File:  <unknown>:1#1 
55977      INFO  Test worker     d.u.i.k.n.KeyIO           MODE: declarations took 0 ms 
55977      DEBUG Test worker     d.u.i.k.n.KeyIO           MODE: 2nd degree decls took 0 
58774      INFO  Test worker     d.u.i.k.n.KeyIO           Parsing took 0 ms 
58774      DEBUG Test worker     d.u.i.k.n.KeyIO           Load declarations of de.uka.ilkd.key.nparser.KeyAst$File:  <unknown>:1#1 
58774      INFO  Test worker     d.u.i.k.n.KeyIO           MODE: declarations took 0 ms 
58774      DEBUG Test worker     d.u.i.k.n.KeyIO           MODE: 2nd degree decls took 0 
59634      INFO  Test worker     d.u.i.k.n.KeyIO           Parsing took 0 ms 
59634      DEBUG Test worker     d.u.i.k.n.KeyIO           Load declarations of de.uka.ilkd.key.nparser.KeyAst$File:  <unknown>:1#1 
59634      INFO  Test worker     d.u.i.k.n.KeyIO           MODE: declarations took 0 ms 
59634      DEBUG Test worker     d.u.i.k.n.KeyIO           MODE: 2nd degree decls took 0 
62442      INFO  Test worker     d.u.i.k.n.KeyIO           Parsing took 0 ms 
62442      DEBUG Test worker     d.u.i.k.n.KeyIO           Load declarations of de.uka.ilkd.key.nparser.KeyAst$File:  <unknown>:1#1 
62442      INFO  Test worker     d.u.i.k.n.KeyIO           MODE: declarations took 0 ms 
62442      DEBUG Test worker     d.u.i.k.n.KeyIO           MODE: 2nd degree decls took 0 
63279      INFO  Test worker     d.u.i.k.n.KeyIO           Parsing took 0 ms 
63279      DEBUG Test worker     d.u.i.k.n.KeyIO           Load declarations of de.uka.ilkd.key.nparser.KeyAst$File:  <unknown>:1#1 
63279      INFO  Test worker     d.u.i.k.n.KeyIO           MODE: declarations took 0 ms 
63279      DEBUG Test worker     d.u.i.k.n.KeyIO           MODE: 2nd degree decls took 0 
66126      INFO  Test worker     d.u.i.k.n.KeyIO           Parsing took 0 ms 
66126      DEBUG Test worker     d.u.i.k.n.KeyIO           Load declarations of de.uka.ilkd.key.nparser.KeyAst$File:  <unknown>:1#1 
66126      INFO  Test worker     d.u.i.k.n.KeyIO           MODE: declarations took 0 ms 
66126      DEBUG Test worker     d.u.i.k.n.KeyIO           MODE: 2nd degree decls took 0 
66974      INFO  Test worker     d.u.i.k.n.KeyIO           Parsing took 0 ms 
66974      DEBUG Test worker     d.u.i.k.n.KeyIO           Load declarations of de.uka.ilkd.key.nparser.KeyAst$File:  <unknown>:1#1 
66974      INFO  Test worker     d.u.i.k.n.KeyIO           MODE: declarations took 0 ms 
66974      DEBUG Test worker     d.u.i.k.n.KeyIO           MODE: 2nd degree decls took 0 
69756      INFO  Test worker     d.u.i.k.n.KeyIO           Parsing took 0 ms 
69756      DEBUG Test worker     d.u.i.k.n.KeyIO           Load declarations of de.uka.ilkd.key.nparser.KeyAst$File:  <unknown>:1#1 
69771      INFO  Test worker     d.u.i.k.n.KeyIO           MODE: declarations took 15 ms 
69771      DEBUG Test worker     d.u.i.k.n.KeyIO           MODE: 2nd degree decls took 0 
70599      INFO  Test worker     d.u.i.k.n.KeyIO           Parsing took 0 ms 
70599      DEBUG Test worker     d.u.i.k.n.KeyIO           Load declarations of de.uka.ilkd.key.nparser.KeyAst$File:  <unknown>:1#1 
70599      INFO  Test worker     d.u.i.k.n.KeyIO           MODE: declarations took 0 ms 
70599      DEBUG Test worker     d.u.i.k.n.KeyIO           MODE: 2nd degree decls took 0 
76182      INFO  Test worker     d.u.i.k.n.KeyIO           Parsing took 0 ms 
76182      DEBUG Test worker     d.u.i.k.n.KeyIO           Load declarations of de.uka.ilkd.key.nparser.KeyAst$File:  <unknown>:1#1 
76198      INFO  Test worker     d.u.i.k.n.KeyIO           MODE: declarations took 16 ms 
76198      DEBUG Test worker     d.u.i.k.n.KeyIO           MODE: 2nd degree decls took 0 
77067      INFO  Test worker     d.u.i.k.n.KeyIO           Parsing took 0 ms 
77067      DEBUG Test worker     d.u.i.k.n.KeyIO           Load declarations of de.uka.ilkd.key.nparser.KeyAst$File:  <unknown>:1#1 
77067      INFO  Test worker     d.u.i.k.n.KeyIO           MODE: declarations took 0 ms 
77067      DEBUG Test worker     d.u.i.k.n.KeyIO           MODE: 2nd degree decls took 0 
79884      INFO  Test worker     d.u.i.k.n.KeyIO           Parsing took 0 ms 
79885      DEBUG Test worker     d.u.i.k.n.KeyIO           Load declarations of de.uka.ilkd.key.nparser.KeyAst$File:  <unknown>:1#1 
79885      INFO  Test worker     d.u.i.k.n.KeyIO           MODE: declarations took 0 ms 
79885      DEBUG Test worker     d.u.i.k.n.KeyIO           MODE: 2nd degree decls took 0 
80723      INFO  Test worker     d.u.i.k.n.KeyIO           Parsing took 0 ms 
80723      DEBUG Test worker     d.u.i.k.n.KeyIO           Load declarations of de.uka.ilkd.key.nparser.KeyAst$File:  <unknown>:1#1 
80723      INFO  Test worker     d.u.i.k.n.KeyIO           MODE: declarations took 0 ms 
80723      DEBUG Test worker     d.u.i.k.n.KeyIO           MODE: 2nd degree decls took 0 
]]></system-out>
  <system-err><![CDATA[]]></system-err>
</testsuite>
