<?xml version="1.0" encoding="UTF-8"?>
<testsuite name="de.uka.ilkd.key.rule.loop.LoopScopeInvRuleTests" tests="1" skipped="0" failures="0" errors="0" timestamp="2023-05-27T15:52:47" hostname="fv-az479-275" time="4.87">
  <properties/>
  <testcase name="testDoAutomaticProofOfBenchmarkWithLabeledBreaksAndContinues()" classname="de.uka.ilkd.key.rule.loop.LoopScopeInvRuleTests" time="4.87"/>
  <system-out><![CDATA[435251     INFO  Test worker     d.u.i.k.p.i.AbstractProblemLoader Loading environment from src\test\resources\testcase\loopScopeInvRule\Test.key 
435251     DEBUG Test worker     d.u.i.k.p.i.AbstractProblemLoader Environment load took 144ns 
435251     INFO  Test worker     d.u.i.k.p.i.AbstractProblemLoader Creating init config 
435376     DEBUG Test worker     d.u.i.k.j.TypeConverter   No LDT found for Meta 
435376     DEBUG Test worker     d.u.i.k.j.TypeConverter   No LDT found for Meta 
435376     DEBUG Test worker     d.u.i.k.j.TypeConverter   No LDT found for Meta 
435376     DEBUG Test worker     d.u.i.k.j.TypeConverter   No LDT found for Meta 
436010     DEBUG Test worker     d.u.i.k.j.TypeConverter   No LDT found for JavaBigintExpression 
439444     DEBUG Test worker     d.u.i.k.p.i.AbstractProblemLoader Init config took 4.18s 
439491     INFO  Test worker     d.u.i.k.p.i.AbstractProblemLoader Replaying proof Test[Test::loopScopeRuleBenchmark(int,boolean)].JML normal_behavior operation contract.0 
439491     DEBUG Test worker     d.u.i.k.p.i.IntermediateProofReplayer Proof replay took 23.9ns 
]]></system-out>
  <system-err><![CDATA[]]></system-err>
</testsuite>
