<?xml version="1.0" encoding="UTF-8"?>
<testsuite name="de.uka.ilkd.key.parser.TestDeclParser" tests="14" skipped="2" failures="0" errors="0" timestamp="2023-05-27T15:48:57" hostname="fv-az479-275" time="10.777">
  <properties/>
  <testcase name="testGenericSortDecl1()" classname="de.uka.ilkd.key.parser.TestDeclParser" time="0.865"/>
  <testcase name="testGenericSortDecl2()" classname="de.uka.ilkd.key.parser.TestDeclParser" time="0.937"/>
  <testcase name="testGenericSortDecl3()" classname="de.uka.ilkd.key.parser.TestDeclParser" time="0.911"/>
  <testcase name="testGenericSortDecl4()" classname="de.uka.ilkd.key.parser.TestDeclParser" time="0.912"/>
  <testcase name="testGenericSortDecl5()" classname="de.uka.ilkd.key.parser.TestDeclParser" time="0.002">
    <skipped/>
  </testcase>
  <testcase name="testGenericSortDecl6()" classname="de.uka.ilkd.key.parser.TestDeclParser" time="0.838"/>
  <testcase name="testSortDecl()" classname="de.uka.ilkd.key.parser.TestDeclParser" time="0.906"/>
  <testcase name="testProxySortDecl()" classname="de.uka.ilkd.key.parser.TestDeclParser" time="0.899"/>
  <testcase name="testArrayDecl()" classname="de.uka.ilkd.key.parser.TestDeclParser" time="0.846"/>
  <testcase name="testAmbiguousDecls()" classname="de.uka.ilkd.key.parser.TestDeclParser" time="0.0">
    <skipped/>
  </testcase>
  <testcase name="testHeurDecl()" classname="de.uka.ilkd.key.parser.TestDeclParser" time="0.999"/>
  <testcase name="testFunctionDecl()" classname="de.uka.ilkd.key.parser.TestDeclParser" time="0.91"/>
  <testcase name="testPredicateDecl()" classname="de.uka.ilkd.key.parser.TestDeclParser" time="0.843"/>
  <testcase name="testSVDecl()" classname="de.uka.ilkd.key.parser.TestDeclParser" time="0.907"/>
  <system-out><![CDATA[206365     INFO  Test worker     d.u.i.k.n.KeyIO           Parsing took 0 ms 
206365     DEBUG Test worker     d.u.i.k.n.KeyIO           Load declarations of de.uka.ilkd.key.nparser.KeyAst$File:  <unknown>:1#1 
206365     INFO  Test worker     d.u.i.k.n.KeyIO           MODE: declarations took 0 ms 
206365     DEBUG Test worker     d.u.i.k.n.KeyIO           MODE: 2nd degree decls took 0 
206365     DEBUG Test worker     d.u.i.k.n.KeyIO           MODE: taclets took 0ms 
207302     INFO  Test worker     d.u.i.k.n.KeyIO           Parsing took 0 ms 
207302     DEBUG Test worker     d.u.i.k.n.KeyIO           Load declarations of de.uka.ilkd.key.nparser.KeyAst$File:  <unknown>:1#1 
207302     INFO  Test worker     d.u.i.k.n.KeyIO           MODE: declarations took 0 ms 
207302     DEBUG Test worker     d.u.i.k.n.KeyIO           MODE: 2nd degree decls took 0 
207302     DEBUG Test worker     d.u.i.k.n.KeyIO           MODE: taclets took 0ms 
208224     INFO  Test worker     d.u.i.k.n.KeyIO           Parsing took 0 ms 
208224     DEBUG Test worker     d.u.i.k.n.KeyIO           Load declarations of de.uka.ilkd.key.nparser.KeyAst$File:  <unknown>:1#1 
208224     INFO  Test worker     d.u.i.k.n.KeyIO           MODE: declarations took 0 ms 
208224     DEBUG Test worker     d.u.i.k.n.KeyIO           MODE: 2nd degree decls took 0 
208224     DEBUG Test worker     d.u.i.k.n.KeyIO           MODE: taclets took 0ms 
209138     INFO  Test worker     d.u.i.k.n.KeyIO           Parsing took 0 ms 
209138     DEBUG Test worker     d.u.i.k.n.KeyIO           Load declarations of de.uka.ilkd.key.nparser.KeyAst$File:  <unknown>:1#1 
209138     INFO  Test worker     d.u.i.k.n.KeyIO           MODE: declarations took 0 ms 
209138     DEBUG Test worker     d.u.i.k.n.KeyIO           MODE: 2nd degree decls took 0 
209138     DEBUG Test worker     d.u.i.k.n.KeyIO           MODE: taclets took 0ms 
209967     INFO  Test worker     d.u.i.k.n.KeyIO           Parsing took 0 ms 
209967     DEBUG Test worker     d.u.i.k.n.KeyIO           Load declarations of de.uka.ilkd.key.nparser.KeyAst$File:  <unknown>:1#1 
209967     INFO  Test worker     d.u.i.k.n.KeyIO           MODE: declarations took 0 ms 
209967     DEBUG Test worker     d.u.i.k.n.KeyIO           MODE: 2nd degree decls took 0 
209967     DEBUG Test worker     d.u.i.k.n.KeyIO           MODE: taclets took 0ms 
210874     INFO  Test worker     d.u.i.k.n.KeyIO           Parsing took 0 ms 
210874     DEBUG Test worker     d.u.i.k.n.KeyIO           Load declarations of de.uka.ilkd.key.nparser.KeyAst$File:  <unknown>:1#1 
210874     INFO  Test worker     d.u.i.k.n.KeyIO           MODE: declarations took 0 ms 
210874     DEBUG Test worker     d.u.i.k.n.KeyIO           MODE: 2nd degree decls took 0 
210874     DEBUG Test worker     d.u.i.k.n.KeyIO           MODE: taclets took 0ms 
211781     INFO  Test worker     d.u.i.k.n.KeyIO           Parsing took 0 ms 
211781     DEBUG Test worker     d.u.i.k.n.KeyIO           Load declarations of de.uka.ilkd.key.nparser.KeyAst$File:  <unknown>:1#1 
211781     INFO  Test worker     d.u.i.k.n.KeyIO           MODE: declarations took 0 ms 
211781     DEBUG Test worker     d.u.i.k.n.KeyIO           MODE: 2nd degree decls took 0 
211781     DEBUG Test worker     d.u.i.k.n.KeyIO           MODE: taclets took 0ms 
212625     INFO  Test worker     d.u.i.k.n.KeyIO           Parsing took 0 ms 
212625     DEBUG Test worker     d.u.i.k.n.KeyIO           Load declarations of de.uka.ilkd.key.nparser.KeyAst$File:  <unknown>:1#1 
212625     INFO  Test worker     d.u.i.k.n.KeyIO           MODE: declarations took 0 ms 
212625     DEBUG Test worker     d.u.i.k.n.KeyIO           MODE: 2nd degree decls took 0 
212625     DEBUG Test worker     d.u.i.k.n.KeyIO           MODE: taclets took 0ms 
213626     INFO  Test worker     d.u.i.k.n.KeyIO           Parsing took 0 ms 
213626     DEBUG Test worker     d.u.i.k.n.KeyIO           Load declarations of de.uka.ilkd.key.nparser.KeyAst$File:  <unknown>:1#1 
213626     INFO  Test worker     d.u.i.k.n.KeyIO           MODE: declarations took 0 ms 
213626     DEBUG Test worker     d.u.i.k.n.KeyIO           MODE: 2nd degree decls took 0 
213626     DEBUG Test worker     d.u.i.k.n.KeyIO           MODE: taclets took 0ms 
214537     INFO  Test worker     d.u.i.k.n.KeyIO           Parsing took 0 ms 
214537     DEBUG Test worker     d.u.i.k.n.KeyIO           Load declarations of de.uka.ilkd.key.nparser.KeyAst$File:  <unknown>:1#1 
214537     INFO  Test worker     d.u.i.k.n.KeyIO           MODE: declarations took 0 ms 
214537     DEBUG Test worker     d.u.i.k.n.KeyIO           MODE: 2nd degree decls took 0 
214537     DEBUG Test worker     d.u.i.k.n.KeyIO           MODE: taclets took 0ms 
215381     INFO  Test worker     d.u.i.k.n.KeyIO           Parsing took 0 ms 
215381     DEBUG Test worker     d.u.i.k.n.KeyIO           Load declarations of de.uka.ilkd.key.nparser.KeyAst$File:  <unknown>:1#1 
215381     INFO  Test worker     d.u.i.k.n.KeyIO           MODE: declarations took 0 ms 
215381     DEBUG Test worker     d.u.i.k.n.KeyIO           MODE: 2nd degree decls took 0 
215381     DEBUG Test worker     d.u.i.k.n.KeyIO           MODE: taclets took 0ms 
216294     INFO  Test worker     d.u.i.k.n.KeyIO           Parsing took 0 ms 
216294     DEBUG Test worker     d.u.i.k.n.KeyIO           Load declarations of de.uka.ilkd.key.nparser.KeyAst$File:  <unknown>:1#1 
216294     INFO  Test worker     d.u.i.k.n.KeyIO           MODE: declarations took 0 ms 
216294     DEBUG Test worker     d.u.i.k.n.KeyIO           MODE: 2nd degree decls took 0 
216295     DEBUG Test worker     d.u.i.k.n.KeyIO           MODE: taclets took 0ms 
]]></system-out>
  <system-err><![CDATA[]]></system-err>
</testsuite>
