<?xml version="1.0" encoding="UTF-8"?>
<testsuite name="de.uka.ilkd.key.logic.TestTermLabelManager" tests="21" skipped="0" failures="0" errors="0" timestamp="2023-05-27T15:47:18" hostname="fv-az479-275" time="54.231">
  <properties/>
  <testcase name="testInstantiateLabels_directChildPolicies_allRules()" classname="de.uka.ilkd.key.logic.TestTermLabelManager" time="4.247"/>
  <testcase name="testInstantiateLabels_childAndGrandchildPolicies_ruleSpecific()" classname="de.uka.ilkd.key.logic.TestTermLabelManager" time="2.781"/>
  <testcase name="testParseLabel()" classname="de.uka.ilkd.key.logic.TestTermLabelManager" time="2.772"/>
  <testcase name="testrefactorGoal_childrenAndGrandchildren_ruleSpecific()" classname="de.uka.ilkd.key.logic.TestTermLabelManager" time="2.78"/>
  <testcase name="testrefactorGoal_directChildren_allRules()" classname="de.uka.ilkd.key.logic.TestTermLabelManager" time="2.771"/>
  <testcase name="testInstantiateLabels_childAndGrandchildPolicies_allRules()" classname="de.uka.ilkd.key.logic.TestTermLabelManager" time="2.793"/>
  <testcase name="testInstantiateLabels_taclet()" classname="de.uka.ilkd.key.logic.TestTermLabelManager" time="2.81"/>
  <testcase name="testrefactorGoal_none_ruleSpecific()" classname="de.uka.ilkd.key.logic.TestTermLabelManager" time="2.788"/>
  <testcase name="testInstantiateLabels_updates_ruleSpecific()" classname="de.uka.ilkd.key.logic.TestTermLabelManager" time="2.779"/>
  <testcase name="testrefactorGoal_sequent_ruleSpecific()" classname="de.uka.ilkd.key.logic.TestTermLabelManager" time="2.773"/>
  <testcase name="testInstantiateLabels_updates_allRules()" classname="de.uka.ilkd.key.logic.TestTermLabelManager" time="2.807"/>
  <testcase name="testrefactorGoal_sequent_allRules()" classname="de.uka.ilkd.key.logic.TestTermLabelManager" time="2.798"/>
  <testcase name="testrefactorGoal_childrenAndGrandchildren_allRules()" classname="de.uka.ilkd.key.logic.TestTermLabelManager" time="2.761"/>
  <testcase name="testGetTermLabelManager()" classname="de.uka.ilkd.key.logic.TestTermLabelManager" time="0.005"/>
  <testcase name="testInstantiateLabels_applicationTermPolicies()" classname="de.uka.ilkd.key.logic.TestTermLabelManager" time="2.78"/>
  <testcase name="testInstantiateLabels_modalityTermPolicies()" classname="de.uka.ilkd.key.logic.TestTermLabelManager" time="2.765"/>
  <testcase name="testrefactorGoal_none_allRules()" classname="de.uka.ilkd.key.logic.TestTermLabelManager" time="2.738"/>
  <testcase name="testInstantiateLabels_null()" classname="de.uka.ilkd.key.logic.TestTermLabelManager" time="0.001"/>
  <testcase name="testrefactorGoal_directChildren_ruleSpecific()" classname="de.uka.ilkd.key.logic.TestTermLabelManager" time="2.773"/>
  <testcase name="testInstantiateLabels_directChildPolicies_ruleSpecific()" classname="de.uka.ilkd.key.logic.TestTermLabelManager" time="2.762"/>
  <testcase name="testGetSupportedTermLabelNames()" classname="de.uka.ilkd.key.logic.TestTermLabelManager" time="2.726"/>
  <system-out><![CDATA[106553     INFO  Test worker     d.u.i.k.p.i.AbstractProblemLoader Loading environment from src\test\resources\testcase\termLabels\flatSteps\FlatSteps.java 
106553     DEBUG Test worker     d.u.i.k.p.i.AbstractProblemLoader Environment load took 319.9ns 
106553     INFO  Test worker     d.u.i.k.p.i.AbstractProblemLoader Creating init config 
106736     DEBUG Test worker     d.u.i.k.j.TypeConverter   No LDT found for Meta 
106736     DEBUG Test worker     d.u.i.k.j.TypeConverter   No LDT found for Meta 
106736     DEBUG Test worker     d.u.i.k.j.TypeConverter   No LDT found for Meta 
106736     DEBUG Test worker     d.u.i.k.j.TypeConverter   No LDT found for Meta 
107397     DEBUG Test worker     d.u.i.k.j.TypeConverter   No LDT found for JavaBigintExpression 
110774     DEBUG Test worker     d.u.i.k.p.i.AbstractProblemLoader Init config took 4.23s 
110790     INFO  Test worker     d.u.i.k.p.i.AbstractProblemLoader Loading environment from src\test\resources\testcase\termLabels\flatSteps\FlatSteps.java 
110790     DEBUG Test worker     d.u.i.k.p.i.AbstractProblemLoader Environment load took 627ns 
110790     INFO  Test worker     d.u.i.k.p.i.AbstractProblemLoader Creating init config 
113564     DEBUG Test worker     d.u.i.k.p.i.AbstractProblemLoader Init config took 2.77s 
113564     INFO  Test worker     d.u.i.k.p.i.AbstractProblemLoader Loading environment from src\test\resources\testcase\termLabels\flatSteps\FlatSteps.java 
113564     DEBUG Test worker     d.u.i.k.p.i.AbstractProblemLoader Environment load took 266.6ns 
113564     INFO  Test worker     d.u.i.k.p.i.AbstractProblemLoader Creating init config 
116345     DEBUG Test worker     d.u.i.k.p.i.AbstractProblemLoader Init config took 2.78s 
116345     INFO  Test worker     d.u.i.k.p.i.AbstractProblemLoader Loading environment from src\test\resources\testcase\termLabels\flatSteps\FlatSteps.java 
116345     DEBUG Test worker     d.u.i.k.p.i.AbstractProblemLoader Environment load took 260.1ns 
116361     INFO  Test worker     d.u.i.k.p.i.AbstractProblemLoader Creating init config 
119117     DEBUG Test worker     d.u.i.k.p.i.AbstractProblemLoader Init config took 2.76s 
119133     INFO  Test worker     d.u.i.k.p.i.AbstractProblemLoader Loading environment from src\test\resources\testcase\termLabels\flatSteps\FlatSteps.java 
119133     DEBUG Test worker     d.u.i.k.p.i.AbstractProblemLoader Environment load took 200.1ns 
119133     INFO  Test worker     d.u.i.k.p.i.AbstractProblemLoader Creating init config 
121898     DEBUG Test worker     d.u.i.k.p.i.AbstractProblemLoader Init config took 2.75s 
121898     INFO  Test worker     d.u.i.k.p.i.AbstractProblemLoader Loading environment from src\test\resources\testcase\termLabels\flatSteps\FlatSteps.java 
121913     DEBUG Test worker     d.u.i.k.p.i.AbstractProblemLoader Environment load took 1.26ms 
121913     INFO  Test worker     d.u.i.k.p.i.AbstractProblemLoader Creating init config 
124686     DEBUG Test worker     d.u.i.k.p.i.AbstractProblemLoader Init config took 2.78s 
124702     INFO  Test worker     d.u.i.k.p.i.AbstractProblemLoader Loading environment from src\test\resources\testcase\termLabels\flatSteps\FlatSteps.java 
124702     DEBUG Test worker     d.u.i.k.p.i.AbstractProblemLoader Environment load took 904ns 
124702     INFO  Test worker     d.u.i.k.p.i.AbstractProblemLoader Creating init config 
127506     DEBUG Test worker     d.u.i.k.p.i.AbstractProblemLoader Init config took 2.8s 
127506     INFO  Test worker     d.u.i.k.p.i.AbstractProblemLoader Loading environment from src\test\resources\testcase\termLabels\flatSteps\FlatSteps.java 
127506     DEBUG Test worker     d.u.i.k.p.i.AbstractProblemLoader Environment load took 619.7ns 
127506     INFO  Test worker     d.u.i.k.p.i.AbstractProblemLoader Creating init config 
130290     DEBUG Test worker     d.u.i.k.p.i.AbstractProblemLoader Init config took 2.77s 
130305     INFO  Test worker     d.u.i.k.p.i.AbstractProblemLoader Loading environment from src\test\resources\testcase\termLabels\flatSteps\FlatSteps.java 
130305     DEBUG Test worker     d.u.i.k.p.i.AbstractProblemLoader Environment load took 987.4ns 
130305     INFO  Test worker     d.u.i.k.p.i.AbstractProblemLoader Creating init config 
133074     DEBUG Test worker     d.u.i.k.p.i.AbstractProblemLoader Init config took 2.77s 
133074     INFO  Test worker     d.u.i.k.p.i.AbstractProblemLoader Loading environment from src\test\resources\testcase\termLabels\flatSteps\FlatSteps.java 
133074     DEBUG Test worker     d.u.i.k.p.i.AbstractProblemLoader Environment load took 564ns 
133090     INFO  Test worker     d.u.i.k.p.i.AbstractProblemLoader Creating init config 
135836     DEBUG Test worker     d.u.i.k.p.i.AbstractProblemLoader Init config took 2.76s 
135867     INFO  Test worker     d.u.i.k.p.i.AbstractProblemLoader Loading environment from src\test\resources\testcase\termLabels\flatSteps\FlatSteps.java 
135867     DEBUG Test worker     d.u.i.k.p.i.AbstractProblemLoader Environment load took 209.1ns 
135867     INFO  Test worker     d.u.i.k.p.i.AbstractProblemLoader Creating init config 
138657     DEBUG Test worker     d.u.i.k.p.i.AbstractProblemLoader Init config took 2.79s 
138668     INFO  Test worker     d.u.i.k.p.i.AbstractProblemLoader Loading environment from src\test\resources\testcase\termLabels\flatSteps\FlatSteps.java 
138668     DEBUG Test worker     d.u.i.k.p.i.AbstractProblemLoader Environment load took 559ns 
138668     INFO  Test worker     d.u.i.k.p.i.AbstractProblemLoader Creating init config 
141447     DEBUG Test worker     d.u.i.k.p.i.AbstractProblemLoader Init config took 2.78s 
141462     INFO  Test worker     d.u.i.k.p.i.AbstractProblemLoader Loading environment from src\test\resources\testcase\termLabels\flatSteps\FlatSteps.java 
141462     DEBUG Test worker     d.u.i.k.p.i.AbstractProblemLoader Environment load took 253.9ns 
141462     INFO  Test worker     d.u.i.k.p.i.AbstractProblemLoader Creating init config 
144218     DEBUG Test worker     d.u.i.k.p.i.AbstractProblemLoader Init config took 2.75s 
144234     INFO  Test worker     d.u.i.k.p.i.AbstractProblemLoader Loading environment from src\test\resources\testcase\termLabels\flatSteps\FlatSteps.java 
144234     DEBUG Test worker     d.u.i.k.p.i.AbstractProblemLoader Environment load took 985.9ns 
144234     INFO  Test worker     d.u.i.k.p.i.AbstractProblemLoader Creating init config 
147004     DEBUG Test worker     d.u.i.k.p.i.AbstractProblemLoader Init config took 2.77s 
147019     INFO  Test worker     d.u.i.k.p.i.AbstractProblemLoader Loading environment from src\test\resources\testcase\termLabels\flatSteps\FlatSteps.java 
147019     DEBUG Test worker     d.u.i.k.p.i.AbstractProblemLoader Environment load took 201.8ns 
147019     INFO  Test worker     d.u.i.k.p.i.AbstractProblemLoader Creating init config 
149771     DEBUG Test worker     d.u.i.k.p.i.AbstractProblemLoader Init config took 2.76s 
149771     INFO  Test worker     d.u.i.k.p.i.AbstractProblemLoader Loading environment from src\test\resources\testcase\termLabels\flatSteps\FlatSteps.java 
149771     DEBUG Test worker     d.u.i.k.p.i.AbstractProblemLoader Environment load took 203.5ns 
149787     INFO  Test worker     d.u.i.k.p.i.AbstractProblemLoader Creating init config 
152506     DEBUG Test worker     d.u.i.k.p.i.AbstractProblemLoader Init config took 2.72s 
152522     INFO  Test worker     d.u.i.k.p.i.AbstractProblemLoader Loading environment from src\test\resources\testcase\termLabels\flatSteps\FlatSteps.java 
152522     DEBUG Test worker     d.u.i.k.p.i.AbstractProblemLoader Environment load took 340ns 
152522     INFO  Test worker     d.u.i.k.p.i.AbstractProblemLoader Creating init config 
155268     DEBUG Test worker     d.u.i.k.p.i.AbstractProblemLoader Init config took 2.75s 
155284     INFO  Test worker     d.u.i.k.p.i.AbstractProblemLoader Loading environment from src\test\resources\testcase\termLabels\flatSteps\FlatSteps.java 
155284     DEBUG Test worker     d.u.i.k.p.i.AbstractProblemLoader Environment load took 230.3ns 
155284     INFO  Test worker     d.u.i.k.p.i.AbstractProblemLoader Creating init config 
158038     DEBUG Test worker     d.u.i.k.p.i.AbstractProblemLoader Init config took 2.76s 
158038     INFO  Test worker     d.u.i.k.p.i.AbstractProblemLoader Loading environment from src\test\resources\testcase\termLabels\flatSteps\FlatSteps.java 
158038     DEBUG Test worker     d.u.i.k.p.i.AbstractProblemLoader Environment load took 655.1ns 
158038     INFO  Test worker     d.u.i.k.p.i.AbstractProblemLoader Creating init config 
160774     DEBUG Test worker     d.u.i.k.p.i.AbstractProblemLoader Init config took 2.73s 
]]></system-out>
  <system-err><![CDATA[]]></system-err>
</testsuite>
