<?xml version="1.0" encoding="UTF-8"?>
<testsuite name="de.uka.ilkd.key.proof.TestOneStepSimplifier" tests="1" skipped="0" failures="0" errors="0" timestamp="2023-05-27T15:52:22" hostname="fv-az479-275" time="3.705">
  <properties/>
  <testcase name="loadWithRestriction()" classname="de.uka.ilkd.key.proof.TestOneStepSimplifier" time="3.705"/>
  <system-out><![CDATA[410527     INFO  Test worker     d.u.i.k.p.i.AbstractProblemLoader Loading environment from src\test\resources\testcase\ossRestriction.proof 
410527     DEBUG Test worker     d.u.i.k.p.i.AbstractProblemLoader Environment load took 150.2ns 
410527     INFO  Test worker     d.u.i.k.p.i.AbstractProblemLoader Creating init config 
410683     DEBUG Test worker     d.u.i.k.j.TypeConverter   No LDT found for Meta 
410683     DEBUG Test worker     d.u.i.k.j.TypeConverter   No LDT found for Meta 
410683     DEBUG Test worker     d.u.i.k.j.TypeConverter   No LDT found for Meta 
410683     DEBUG Test worker     d.u.i.k.j.TypeConverter   No LDT found for Meta 
411157     DEBUG Test worker     d.u.i.k.j.TypeConverter   No LDT found for JavaBigintExpression 
414201     DEBUG Test worker     d.u.i.k.p.i.AbstractProblemLoader Init config took 3.67s 
414233     INFO  Test worker     d.u.i.k.p.i.AbstractProblemLoader Replaying proof ossRestriction.proof 
414233     DEBUG Test worker     d.u.i.k.p.i.IntermediateProofReplayer Proof replay took 1.08ms 
]]></system-out>
  <system-err><![CDATA[]]></system-err>
</testsuite>
