<?xml version="1.0" encoding="UTF-8"?>
<testsuite name="de.uka.ilkd.key.util.TestProofStarter" tests="2" skipped="0" failures="0" errors="0" timestamp="2023-05-27T15:58:39" hostname="fv-az479-275" time="53.423">
  <properties/>
  <testcase name="testDirectProofWithOneStepSimplification()" classname="de.uka.ilkd.key.util.TestProofStarter" time="27.759"/>
  <testcase name="testDirectProof()" classname="de.uka.ilkd.key.util.TestProofStarter" time="25.664"/>
  <system-out><![CDATA[787630     INFO  Test worker     d.u.i.k.p.i.AbstractProblemLoader Loading environment from src\test\resources\testcase\proofStarter\CC\project.key 
787630     DEBUG Test worker     d.u.i.k.p.i.AbstractProblemLoader Environment load took 166ns 
787645     INFO  Test worker     d.u.i.k.p.i.AbstractProblemLoader Creating init config 
790741     DEBUG Test worker     d.u.i.k.p.i.AbstractProblemLoader Init config took 3.11s 
790804     INFO  Test worker     d.u.i.k.p.i.AbstractProblemLoader Replaying proof CC[CC::calcCoinIndex([I,[I)].JML normal_behavior operation contract.0 
790804     DEBUG Test worker     d.u.i.k.p.i.IntermediateProofReplayer Proof replay took 3ns 
815379     INFO  Test worker     d.u.i.k.p.i.AbstractProblemLoader Loading environment from src\test\resources\testcase\proofStarter\CC\project.key 
815379     DEBUG Test worker     d.u.i.k.p.i.AbstractProblemLoader Environment load took 202.7ns 
815379     INFO  Test worker     d.u.i.k.p.i.AbstractProblemLoader Creating init config 
818420     DEBUG Test worker     d.u.i.k.p.i.AbstractProblemLoader Init config took 3.04s 
818467     INFO  Test worker     d.u.i.k.p.i.AbstractProblemLoader Replaying proof CC[CC::calcCoinIndex([I,[I)].JML normal_behavior operation contract.0 
818467     DEBUG Test worker     d.u.i.k.p.i.IntermediateProofReplayer Proof replay took 1.8ns 
]]></system-out>
  <system-err><![CDATA[]]></system-err>
</testsuite>
