<?xml version="1.0" encoding="UTF-8"?>
<testsuite name="de.uka.ilkd.key.rule.tacletbuilder.TestTacletBuild" tests="5" skipped="0" failures="0" errors="0" timestamp="2023-05-27T15:54:15" hostname="fv-az479-275" time="3.756">
  <properties/>
  <testcase name="testSchemavariablesInAddrulesRespectPrefix()" classname="de.uka.ilkd.key.rule.tacletbuilder.TestTacletBuild" time="3.736"/>
  <testcase name="testUniquenessOfIfAndFindVarSVBothInIf()" classname="de.uka.ilkd.key.rule.tacletbuilder.TestTacletBuild" time="0.001"/>
  <testcase name="test0()" classname="de.uka.ilkd.key.rule.tacletbuilder.TestTacletBuild" time="0.001"/>
  <testcase name="testUniquenessOfIfAndFindVarSVsInFind()" classname="de.uka.ilkd.key.rule.tacletbuilder.TestTacletBuild" time="0.001"/>
  <testcase name="testUniquenessOfIfAndFindVarSVsInIfAndFind()" classname="de.uka.ilkd.key.rule.tacletbuilder.TestTacletBuild" time="0.001"/>
  <system-out><![CDATA[524248     INFO  Test worker     d.u.i.k.n.KeyIO           Parsing took 0 ms 
524248     DEBUG Test worker     d.u.i.k.n.KeyIO           Load declarations of de.uka.ilkd.key.nparser.KeyAst$File:  D:\a\key\key\key.core\src\test\resources\testcase\testrules.key:9#1 
524248     INFO  Test worker     d.u.i.k.n.KeyIO           MODE: declarations took 0 ms 
524248     DEBUG Test worker     d.u.i.k.n.KeyIO           MODE: 2nd degree decls took 0 
524264     DEBUG Test worker     d.u.i.k.n.KeyIO           MODE: taclets took 16ms 
]]></system-out>
  <system-err><![CDATA[]]></system-err>
</testsuite>
