<?xml version="1.0" encoding="UTF-8"?>
<testsuite name="de.uka.ilkd.key.parser.TestTermParserSorts" tests="2" skipped="0" failures="0" errors="0" timestamp="2023-05-27T15:52:19" hostname="fv-az479-275" time="2.797">
  <properties/>
  <testcase name="testParseIntegerArgs()" classname="de.uka.ilkd.key.parser.TestTermParserSorts" time="0.016"/>
  <testcase name="testParseSequencePrettySyntax()" classname="de.uka.ilkd.key.parser.TestTermParserSorts" time="0.002"/>
  <system-out><![CDATA[407693     INFO  Test worker     d.u.i.k.n.KeyIO           Parsing took 0 ms 
407693     DEBUG Test worker     d.u.i.k.n.KeyIO           Load declarations of de.uka.ilkd.key.nparser.KeyAst$File:  <unknown>:1#1 
407693     INFO  Test worker     d.u.i.k.n.KeyIO           MODE: declarations took 0 ms 
407693     DEBUG Test worker     d.u.i.k.n.KeyIO           MODE: 2nd degree decls took 0 
407693     INFO  Test worker     d.u.i.k.n.KeyIO           Parsing took 0 ms 
407693     DEBUG Test worker     d.u.i.k.n.KeyIO           Load declarations of de.uka.ilkd.key.nparser.KeyAst$File:  <unknown>:1#1 
407693     INFO  Test worker     d.u.i.k.n.KeyIO           MODE: declarations took 0 ms 
407693     DEBUG Test worker     d.u.i.k.n.KeyIO           MODE: 2nd degree decls took 0 
407693     INFO  Test worker     d.u.i.k.n.KeyIO           Parsing took 0 ms 
407693     DEBUG Test worker     d.u.i.k.n.KeyIO           Load declarations of de.uka.ilkd.key.nparser.KeyAst$File:  <unknown>:1#1 
407693     INFO  Test worker     d.u.i.k.n.KeyIO           MODE: declarations took 0 ms 
407693     DEBUG Test worker     d.u.i.k.n.KeyIO           MODE: 2nd degree decls took 0 
410480     INFO  Test worker     d.u.i.k.n.KeyIO           Parsing took 0 ms 
410480     DEBUG Test worker     d.u.i.k.n.KeyIO           Load declarations of de.uka.ilkd.key.nparser.KeyAst$File:  <unknown>:1#1 
410480     INFO  Test worker     d.u.i.k.n.KeyIO           MODE: declarations took 0 ms 
410480     DEBUG Test worker     d.u.i.k.n.KeyIO           MODE: 2nd degree decls took 0 
410480     INFO  Test worker     d.u.i.k.n.KeyIO           Parsing took 0 ms 
410480     DEBUG Test worker     d.u.i.k.n.KeyIO           Load declarations of de.uka.ilkd.key.nparser.KeyAst$File:  <unknown>:1#1 
410480     INFO  Test worker     d.u.i.k.n.KeyIO           MODE: declarations took 0 ms 
410480     DEBUG Test worker     d.u.i.k.n.KeyIO           MODE: 2nd degree decls took 0 
410480     INFO  Test worker     d.u.i.k.n.KeyIO           Parsing took 0 ms 
410480     DEBUG Test worker     d.u.i.k.n.KeyIO           Load declarations of de.uka.ilkd.key.nparser.KeyAst$File:  <unknown>:1#1 
410480     INFO  Test worker     d.u.i.k.n.KeyIO           MODE: declarations took 0 ms 
410480     DEBUG Test worker     d.u.i.k.n.KeyIO           MODE: 2nd degree decls took 0 
]]></system-out>
  <system-err><![CDATA[]]></system-err>
</testsuite>
