<?xml version="1.0" encoding="UTF-8"?>
<testsuite name="de.uka.ilkd.key.rule.merge.PredicateAbstractionLatticeTests" tests="3" skipped="0" failures="0" errors="0" timestamp="2023-05-27T15:54:09" hostname="fv-az479-275" time="5.808">
  <properties/>
  <testcase name="testToAndFromString()" classname="de.uka.ilkd.key.rule.merge.PredicateAbstractionLatticeTests" time="2.973"/>
  <testcase name="testCreateSignLatticeWithPredicates()" classname="de.uka.ilkd.key.rule.merge.PredicateAbstractionLatticeTests" time="2.834"/>
  <testcase name="testTrivialPredicatesLattice()" classname="de.uka.ilkd.key.rule.merge.PredicateAbstractionLatticeTests" time="0.0"/>
  <system-out><![CDATA[517463     INFO  Test worker     d.u.i.k.p.i.AbstractProblemLoader Loading environment from src\test\resources\testcase\merge\dummy.key 
517463     DEBUG Test worker     d.u.i.k.p.i.AbstractProblemLoader Environment load took 410.4ns 
517463     INFO  Test worker     d.u.i.k.p.i.AbstractProblemLoader Creating init config 
520414     DEBUG Test worker     d.u.i.k.p.i.AbstractProblemLoader Init config took 2.95s 
520429     INFO  Test worker     d.u.i.k.p.i.AbstractProblemLoader Replaying proof dummy.key 
520429     DEBUG Test worker     d.u.i.k.p.i.IntermediateProofReplayer Proof replay took 9.9ns 
520429     INFO  Test worker     d.u.i.k.p.i.AbstractProblemLoader Loading environment from src\test\resources\testcase\merge\dummy.key 
520429     DEBUG Test worker     d.u.i.k.p.i.AbstractProblemLoader Environment load took 357.5ns 
520445     INFO  Test worker     d.u.i.k.p.i.AbstractProblemLoader Creating init config 
523256     DEBUG Test worker     d.u.i.k.p.i.AbstractProblemLoader Init config took 2.82s 
523272     INFO  Test worker     d.u.i.k.p.i.AbstractProblemLoader Replaying proof dummy.key 
523272     DEBUG Test worker     d.u.i.k.p.i.IntermediateProofReplayer Proof replay took 9.9ns 
]]></system-out>
  <system-err><![CDATA[]]></system-err>
</testsuite>
