<?xml version="1.0" encoding="UTF-8"?>
<testsuite name="de.uka.ilkd.key.symbolic_execution.testcase.TestTruthValueValue" tests="6" skipped="0" failures="0" errors="0" timestamp="2023-04-03T11:07:53" hostname="fv-az621-916" time="0.017">
  <properties/>
  <testcase name="testAnd()" classname="de.uka.ilkd.key.symbolic_execution.testcase.TestTruthValueValue" time="0.009"/>
  <testcase name="testEqv()" classname="de.uka.ilkd.key.symbolic_execution.testcase.TestTruthValueValue" time="0.0"/>
  <testcase name="testImp()" classname="de.uka.ilkd.key.symbolic_execution.testcase.TestTruthValueValue" time="0.0"/>
  <testcase name="testNot()" classname="de.uka.ilkd.key.symbolic_execution.testcase.TestTruthValueValue" time="0.0"/>
  <testcase name="testOr()" classname="de.uka.ilkd.key.symbolic_execution.testcase.TestTruthValueValue" time="0.0"/>
  <testcase name="testIfThenElse()" classname="de.uka.ilkd.key.symbolic_execution.testcase.TestTruthValueValue" time="0.002"/>
  <system-out><![CDATA[]]></system-out>
  <system-err><![CDATA[]]></system-err>
</testsuite>
