<?xml version="1.0" encoding="UTF-8"?>
<testsuite name="recoder.testsuite.basic.ParseFilesTest" tests="1" skipped="0" failures="0" errors="0" timestamp="2023-03-16T12:14:16" hostname="fv-az341-313" time="0.06">
  <properties/>
  <testcase name="testParseFiles" classname="recoder.testsuite.basic.ParseFilesTest" time="0.06"/>
  <system-out><![CDATA[]]></system-out>
  <system-err><![CDATA[]]></system-err>
</testsuite>
