<?xml version="1.0" encoding="UTF-8"?>
<testsuite name="de.uka.ilkd.key.util.removegenerics.TestTypeReference" tests="9" skipped="0" failures="0" errors="0" timestamp="2023-03-09T11:55:34" hostname="fv-az470-779" time="0.099">
  <properties/>
  <testcase name="testTypeVariableArray()" classname="de.uka.ilkd.key.util.removegenerics.TestTypeReference" time="0.005"/>
  <testcase name="testQualifiedBound()" classname="de.uka.ilkd.key.util.removegenerics.TestTypeReference" time="0.004"/>
  <testcase name="testExtendsAndImplementsReference()" classname="de.uka.ilkd.key.util.removegenerics.TestTypeReference" time="0.024"/>
  <testcase name="testCastToTV()" classname="de.uka.ilkd.key.util.removegenerics.TestTypeReference" time="0.003"/>
  <testcase name="testTypeVariable()" classname="de.uka.ilkd.key.util.removegenerics.TestTypeReference" time="0.004"/>
  <testcase name="testLocVar()" classname="de.uka.ilkd.key.util.removegenerics.TestTypeReference" time="0.005"/>
  <testcase name="testVariableDeclaration()" classname="de.uka.ilkd.key.util.removegenerics.TestTypeReference" time="0.007"/>
  <testcase name="testFieldType()" classname="de.uka.ilkd.key.util.removegenerics.TestTypeReference" time="0.014"/>
  <testcase name="testConstructor()" classname="de.uka.ilkd.key.util.removegenerics.TestTypeReference" time="0.006"/>
  <system-out><![CDATA[]]></system-out>
  <system-err><![CDATA[]]></system-err>
</testsuite>
