<?xml version="1.0" encoding="UTF-8"?>
<testsuite name="de.uka.ilkd.key.parser.TestDeclParser" tests="14" skipped="2" failures="0" errors="0" timestamp="2023-04-07T14:31:10" hostname="fv-az256-523" time="11.955">
  <properties/>
  <testcase name="testGenericSortDecl1()" classname="de.uka.ilkd.key.parser.TestDeclParser" time="1.116"/>
  <testcase name="testGenericSortDecl2()" classname="de.uka.ilkd.key.parser.TestDeclParser" time="0.922"/>
  <testcase name="testGenericSortDecl3()" classname="de.uka.ilkd.key.parser.TestDeclParser" time="1.007"/>
  <testcase name="testGenericSortDecl4()" classname="de.uka.ilkd.key.parser.TestDeclParser" time="0.955"/>
  <testcase name="testGenericSortDecl5()" classname="de.uka.ilkd.key.parser.TestDeclParser" time="0.0">
    <skipped/>
  </testcase>
  <testcase name="testGenericSortDecl6()" classname="de.uka.ilkd.key.parser.TestDeclParser" time="1.034"/>
  <testcase name="testSortDecl()" classname="de.uka.ilkd.key.parser.TestDeclParser" time="1.023"/>
  <testcase name="testProxySortDecl()" classname="de.uka.ilkd.key.parser.TestDeclParser" time="0.937"/>
  <testcase name="testArrayDecl()" classname="de.uka.ilkd.key.parser.TestDeclParser" time="1.039"/>
  <testcase name="testAmbiguousDecls()" classname="de.uka.ilkd.key.parser.TestDeclParser" time="0.001">
    <skipped/>
  </testcase>
  <testcase name="testHeurDecl()" classname="de.uka.ilkd.key.parser.TestDeclParser" time="0.944"/>
  <testcase name="testFunctionDecl()" classname="de.uka.ilkd.key.parser.TestDeclParser" time="1.02"/>
  <testcase name="testPredicateDecl()" classname="de.uka.ilkd.key.parser.TestDeclParser" time="1.01"/>
  <testcase name="testSVDecl()" classname="de.uka.ilkd.key.parser.TestDeclParser" time="0.941"/>
  <system-out><![CDATA[226823     INFO  Test worker     d.u.i.k.n.KeyIO           Parsing took 0 ms 
226823     INFO  Test worker     d.u.i.k.n.KeyIO           MODE: declarations took 0 ms 
227745     INFO  Test worker     d.u.i.k.n.KeyIO           Parsing took 0 ms 
227746     INFO  Test worker     d.u.i.k.n.KeyIO           MODE: declarations took 0 ms 
228753     INFO  Test worker     d.u.i.k.n.KeyIO           Parsing took 0 ms 
228753     INFO  Test worker     d.u.i.k.n.KeyIO           MODE: declarations took 0 ms 
229708     INFO  Test worker     d.u.i.k.n.KeyIO           Parsing took 0 ms 
229708     INFO  Test worker     d.u.i.k.n.KeyIO           MODE: declarations took 0 ms 
230741     INFO  Test worker     d.u.i.k.n.KeyIO           Parsing took 0 ms 
230742     INFO  Test worker     d.u.i.k.n.KeyIO           MODE: declarations took 0 ms 
231763     INFO  Test worker     d.u.i.k.n.KeyIO           Parsing took 0 ms 
231764     INFO  Test worker     d.u.i.k.n.KeyIO           MODE: declarations took 1 ms 
232702     INFO  Test worker     d.u.i.k.n.KeyIO           Parsing took 0 ms 
232703     INFO  Test worker     d.u.i.k.n.KeyIO           MODE: declarations took 1 ms 
233741     INFO  Test worker     d.u.i.k.n.KeyIO           Parsing took 0 ms 
233741     INFO  Test worker     d.u.i.k.n.KeyIO           MODE: declarations took 0 ms 
234691     INFO  Test worker     d.u.i.k.n.KeyIO           Parsing took 0 ms 
234691     INFO  Test worker     d.u.i.k.n.KeyIO           MODE: declarations took 0 ms 
235710     INFO  Test worker     d.u.i.k.n.KeyIO           Parsing took 0 ms 
235711     INFO  Test worker     d.u.i.k.n.KeyIO           MODE: declarations took 1 ms 
236721     INFO  Test worker     d.u.i.k.n.KeyIO           Parsing took 0 ms 
236721     INFO  Test worker     d.u.i.k.n.KeyIO           MODE: declarations took 0 ms 
237660     INFO  Test worker     d.u.i.k.n.KeyIO           Parsing took 0 ms 
237660     INFO  Test worker     d.u.i.k.n.KeyIO           MODE: declarations took 0 ms 
]]></system-out>
  <system-err><![CDATA[]]></system-err>
</testsuite>
