<?xml version="1.0" encoding="UTF-8"?>
<testsuite name="de.uka.ilkd.key.parser.TestTacletParser" tests="20" skipped="0" failures="0" errors="0" timestamp="2023-04-07T14:32:47" hostname="fv-az256-523" time="0.164">
  <properties/>
  <testcase name="testAllRight()" classname="de.uka.ilkd.key.parser.TestTacletParser" time="0.002"/>
  <testcase name="testSchemaJava0()" classname="de.uka.ilkd.key.parser.TestTacletParser" time="0.002"/>
  <testcase name="testSchemaJava1()" classname="de.uka.ilkd.key.parser.TestTacletParser" time="0.016"/>
  <testcase name="testSchemaJava2()" classname="de.uka.ilkd.key.parser.TestTacletParser" time="0.012"/>
  <testcase name="testSchemaJava4()" classname="de.uka.ilkd.key.parser.TestTacletParser" time="0.005"/>
  <testcase name="testSchemaJava6()" classname="de.uka.ilkd.key.parser.TestTacletParser" time="0.006"/>
  <testcase name="testSchemaJava8()" classname="de.uka.ilkd.key.parser.TestTacletParser" time="0.002"/>
  <testcase name="testCut()" classname="de.uka.ilkd.key.parser.TestTacletParser" time="0.003"/>
  <testcase name="testMakeInsertEq()" classname="de.uka.ilkd.key.parser.TestTacletParser" time="0.003"/>
  <testcase name="testAllLeft()" classname="de.uka.ilkd.key.parser.TestTacletParser" time="0.003"/>
  <testcase name="testClose()" classname="de.uka.ilkd.key.parser.TestTacletParser" time="0.01"/>
  <testcase name="testSchemaJava10()" classname="de.uka.ilkd.key.parser.TestTacletParser" time="0.003"/>
  <testcase name="testSchemaJava11()" classname="de.uka.ilkd.key.parser.TestTacletParser" time="0.017"/>
  <testcase name="testFIdempotent()" classname="de.uka.ilkd.key.parser.TestTacletParser" time="0.003"/>
  <testcase name="testImpRight()" classname="de.uka.ilkd.key.parser.TestTacletParser" time="0.013"/>
  <testcase name="testVarcondNew()" classname="de.uka.ilkd.key.parser.TestTacletParser" time="0.016"/>
  <testcase name="testFreeReplacewithVariables()" classname="de.uka.ilkd.key.parser.TestTacletParser" time="0.004"/>
  <testcase name="testImpLeft()" classname="de.uka.ilkd.key.parser.TestTacletParser" time="0.004"/>
  <testcase name="testContraposition()" classname="de.uka.ilkd.key.parser.TestTacletParser" time="0.005"/>
  <testcase name="testExConjSplit()" classname="de.uka.ilkd.key.parser.TestTacletParser" time="0.003"/>
  <system-out><![CDATA[322934     INFO  Test worker     d.u.i.k.n.KeyIO           Parsing took 0 ms 
322934     INFO  Test worker     d.u.i.k.n.KeyIO           MODE: declarations took 0 ms 
322935     INFO  Test worker     d.u.i.k.n.KeyIO           Parsing took 0 ms 
322935     INFO  Test worker     d.u.i.k.n.KeyIO           MODE: declarations took 0 ms 
322936     INFO  Test worker     d.u.i.k.n.KeyIO           Parsing took 0 ms 
322936     INFO  Test worker     d.u.i.k.n.KeyIO           MODE: declarations took 0 ms 
322936     INFO  Test worker     d.u.i.k.n.KeyIO           Parsing took 0 ms 
322936     INFO  Test worker     d.u.i.k.n.KeyIO           MODE: declarations took 0 ms 
322937     INFO  Test worker     d.u.i.k.n.KeyIO           Parsing took 0 ms 
322937     INFO  Test worker     d.u.i.k.n.KeyIO           MODE: declarations took 0 ms 
322938     WARN  Test worker     d.u.i.k.n.KeYParser       [syntax-error] <unknown>:2:21: extraneous input '<' expecting {MODALITY, FORALL, EXISTS, '\if', '\ifEx', 'true', 'false', '(', ')', '{', '@', NOT, '-', STRING_LITERAL, CHAR_LITERAL, BIN_LITERAL, HEX_LITERAL, IDENT, INT_LITERAL, FLOAT_LITERAL, DOUBLE_LITERAL, REAL_LITERAL} [@12,22:22='<',<173>,2:21] (argument_list, call, accessterm, primitive_term, primitive_labeled_term, bracket_term, atom_prefix, strong_arith_term_2, strong_arith_term_1, weak_arith_term, comparison_term, equality_term, term60, conjunction_term, disjunction_term, implication_term, equivalence_term, elementary_update_term, parallel_term, term, taclet, rulesOrAxioms, decls, file) 
322944     WARN  Test worker     d.u.i.k.n.KeYParser       [syntax-error] <unknown>:2:23: no viable alternative at input '{..' [@14,24:25='..',<144>,2:23] (atom_prefix, strong_arith_term_2, strong_arith_term_1, weak_arith_term, comparison_term, equality_term, term60, conjunction_term, disjunction_term, implication_term, equivalence_term, elementary_update_term, parallel_term, term, argument_list, call, accessterm, primitive_term, primitive_labeled_term, bracket_term, atom_prefix, strong_arith_term_2, strong_arith_term_1, weak_arith_term, comparison_term, equality_term, term60, conjunction_term, disjunction_term, implication_term, equivalence_term, elementary_update_term, parallel_term, term, taclet, rulesOrAxioms, decls, file) 
322945     WARN  Test worker     d.u.i.k.n.KeYParser       [syntax-error] <unknown>:2:33: mismatched input ';' expecting {',', ')'} [@21,34:34=';',<138>,2:33] (argument_list, call, accessterm, primitive_term, primitive_labeled_term, bracket_term, atom_prefix, strong_arith_term_2, strong_arith_term_1, weak_arith_term, comparison_term, equality_term, term60, conjunction_term, disjunction_term, implication_term, equivalence_term, elementary_update_term, parallel_term, term, taclet, rulesOrAxioms, decls, file) 
322945     WARN  Test worker     d.u.i.k.n.KeYParser       [syntax-error] <unknown>:2:41: no viable alternative at input '#i;' [@26,42:42=';',<138>,2:41] (option_list, taclet, rulesOrAxioms, decls, file) 
322951     WARN  Test worker     d.u.i.k.n.KeYParser       [syntax-error] <unknown>:2:43: mismatched input '<' expecting {'(', '{'} [@28,44:44='<',<173>,2:43] (taclet, rulesOrAxioms, decls, file) 
322952     WARN  Test worker     d.u.i.k.n.KeYParser       [syntax-error] <unknown>:2:47: mismatched input '+' expecting {'(', '{'} [@32,48:48='+',<167>,2:47] (taclet, rulesOrAxioms, decls, file) 
322953     WARN  Test worker     d.u.i.k.n.KeYParser       [syntax-error] <unknown>:2:52: extraneous input '..' expecting {'\lemma', '}', IDENT, '/*!'} [@37,53:54='..',<144>,2:52] (rulesOrAxioms, decls, file) 
322953     WARN  Test worker     d.u.i.k.n.KeYParser       [syntax-error] <unknown>:2:56: mismatched input '>' expecting {<EOF>, '\problem', '\chooseContract', '\proofObligation', '\proof'} [@40,57:57='>',<168>,2:56] (file) 
322958     INFO  Test worker     d.u.i.k.n.KeyIO           Parsing took 3 ms 
322959     INFO  Test worker     d.u.i.k.n.KeyIO           MODE: declarations took 1 ms 
322960     WARN  Test worker     d.u.i.k.n.KeYParser       [syntax-error] <unknown>:2:21: extraneous input '<' expecting {MODALITY, FORALL, EXISTS, '\if', '\ifEx', 'true', 'false', '(', ')', '{', '@', NOT, '-', STRING_LITERAL, CHAR_LITERAL, BIN_LITERAL, HEX_LITERAL, IDENT, INT_LITERAL, FLOAT_LITERAL, DOUBLE_LITERAL, REAL_LITERAL} [@12,22:22='<',<173>,2:21] (argument_list, call, accessterm, primitive_term, primitive_labeled_term, bracket_term, atom_prefix, strong_arith_term_2, strong_arith_term_1, weak_arith_term, comparison_term, equality_term, term60, conjunction_term, disjunction_term, implication_term, equivalence_term, elementary_update_term, parallel_term, term, taclet, rulesOrAxioms, decls, file) 
322960     WARN  Test worker     d.u.i.k.n.KeYParser       [syntax-error] <unknown>:2:23: no viable alternative at input '{..' [@14,24:25='..',<144>,2:23] (atom_prefix, strong_arith_term_2, strong_arith_term_1, weak_arith_term, comparison_term, equality_term, term60, conjunction_term, disjunction_term, implication_term, equivalence_term, elementary_update_term, parallel_term, term, argument_list, call, accessterm, primitive_term, primitive_labeled_term, bracket_term, atom_prefix, strong_arith_term_2, strong_arith_term_1, weak_arith_term, comparison_term, equality_term, term60, conjunction_term, disjunction_term, implication_term, equivalence_term, elementary_update_term, parallel_term, term, taclet, rulesOrAxioms, decls, file) 
322964     WARN  Test worker     d.u.i.k.n.KeYParser       [syntax-error] <unknown>:2:33: mismatched input ';' expecting {',', ')'} [@21,34:34=';',<138>,2:33] (argument_list, call, accessterm, primitive_term, primitive_labeled_term, bracket_term, atom_prefix, strong_arith_term_2, strong_arith_term_1, weak_arith_term, comparison_term, equality_term, term60, conjunction_term, disjunction_term, implication_term, equivalence_term, elementary_update_term, parallel_term, term, taclet, rulesOrAxioms, decls, file) 
322964     WARN  Test worker     d.u.i.k.n.KeYParser       [syntax-error] <unknown>:2:43: no viable alternative at input '#lab;' [@26,44:44=';',<138>,2:43] (option_list, taclet, rulesOrAxioms, decls, file) 
322965     WARN  Test worker     d.u.i.k.n.KeYParser       [syntax-error] <unknown>:2:45: mismatched input '<' expecting {'(', '{'} [@28,46:46='<',<173>,2:45] (taclet, rulesOrAxioms, decls, file) 
322966     WARN  Test worker     d.u.i.k.n.KeYParser       [syntax-error] <unknown>:2:50: mismatched input '+' expecting {'(', '{'} [@32,51:51='+',<167>,2:50] (taclet, rulesOrAxioms, decls, file) 
322966     WARN  Test worker     d.u.i.k.n.KeYParser       [syntax-error] <unknown>:2:56: extraneous input '..' expecting {'\lemma', '}', IDENT, '/*!'} [@38,57:58='..',<144>,2:56] (rulesOrAxioms, decls, file) 
322966     WARN  Test worker     d.u.i.k.n.KeYParser       [syntax-error] <unknown>:2:60: mismatched input '>' expecting {<EOF>, '\problem', '\chooseContract', '\proofObligation', '\proof'} [@41,61:61='>',<168>,2:60] (file) 
322968     INFO  Test worker     d.u.i.k.n.KeyIO           Parsing took 1 ms 
322968     INFO  Test worker     d.u.i.k.n.KeyIO           MODE: declarations took 0 ms 
322969     INFO  Test worker     d.u.i.k.n.KeyIO           Parsing took 0 ms 
322969     INFO  Test worker     d.u.i.k.n.KeyIO           MODE: declarations took 0 ms 
322975     INFO  Test worker     d.u.i.k.n.KeyIO           Parsing took 1 ms 
322976     INFO  Test worker     d.u.i.k.n.KeyIO           MODE: declarations took 0 ms 
322978     INFO  Test worker     d.u.i.k.n.KeyIO           Parsing took 0 ms 
322978     INFO  Test worker     d.u.i.k.n.KeyIO           MODE: declarations took 0 ms 
322980     INFO  Test worker     d.u.i.k.n.KeyIO           Parsing took 0 ms 
322980     INFO  Test worker     d.u.i.k.n.KeyIO           MODE: declarations took 0 ms 
322981     INFO  Test worker     d.u.i.k.n.KeyIO           Parsing took 0 ms 
322981     INFO  Test worker     d.u.i.k.n.KeyIO           MODE: declarations took 0 ms 
322994     INFO  Test worker     d.u.i.k.n.KeyIO           Parsing took 0 ms 
322995     INFO  Test worker     d.u.i.k.n.KeyIO           MODE: declarations took 0 ms 
322996     INFO  Test worker     d.u.i.k.n.KeyIO           Parsing took 0 ms 
322996     INFO  Test worker     d.u.i.k.n.KeyIO           MODE: declarations took 0 ms 
322997     INFO  Test worker     d.u.i.k.n.KeyIO           Parsing took 0 ms 
322997     INFO  Test worker     d.u.i.k.n.KeyIO           MODE: declarations took 0 ms 
322998     INFO  Test worker     d.u.i.k.n.KeyIO           Parsing took 0 ms 
322999     INFO  Test worker     d.u.i.k.n.KeyIO           MODE: declarations took 0 ms 
323000     INFO  Test worker     d.u.i.k.n.KeyIO           Parsing took 0 ms 
323000     INFO  Test worker     d.u.i.k.n.KeyIO           MODE: declarations took 0 ms 
323001     INFO  Test worker     d.u.i.k.n.KeyIO           Parsing took 0 ms 
323002     INFO  Test worker     d.u.i.k.n.KeyIO           MODE: declarations took 0 ms 
323003     INFO  Test worker     d.u.i.k.n.KeyIO           Parsing took 0 ms 
323003     INFO  Test worker     d.u.i.k.n.KeyIO           MODE: declarations took 0 ms 
323005     INFO  Test worker     d.u.i.k.n.KeyIO           Parsing took 0 ms 
323011     INFO  Test worker     d.u.i.k.n.KeyIO           MODE: declarations took 0 ms 
323013     INFO  Test worker     d.u.i.k.n.KeyIO           Parsing took 0 ms 
323014     INFO  Test worker     d.u.i.k.n.KeyIO           MODE: declarations took 0 ms 
323015     INFO  Test worker     d.u.i.k.n.KeyIO           Parsing took 0 ms 
323015     INFO  Test worker     d.u.i.k.n.KeyIO           MODE: declarations took 0 ms 
323017     INFO  Test worker     d.u.i.k.n.KeyIO           Parsing took 0 ms 
323017     INFO  Test worker     d.u.i.k.n.KeyIO           MODE: declarations took 0 ms 
323022     INFO  Test worker     d.u.i.k.n.KeyIO           Parsing took 4 ms 
323024     INFO  Test worker     d.u.i.k.n.KeyIO           MODE: declarations took 0 ms 
323040     INFO  Test worker     d.u.i.k.n.KeyIO           Parsing took 0 ms 
323041     INFO  Test worker     d.u.i.k.n.KeyIO           MODE: declarations took 0 ms 
323042     INFO  Test worker     d.u.i.k.n.KeyIO           Parsing took 0 ms 
323042     INFO  Test worker     d.u.i.k.n.KeyIO           MODE: declarations took 0 ms 
323044     INFO  Test worker     d.u.i.k.n.KeyIO           Parsing took 0 ms 
323044     INFO  Test worker     d.u.i.k.n.KeyIO           MODE: declarations took 0 ms 
323055     INFO  Test worker     d.u.i.k.n.KeyIO           Parsing took 0 ms 
323056     INFO  Test worker     d.u.i.k.n.KeyIO           MODE: declarations took 0 ms 
323059     INFO  Test worker     d.u.i.k.n.KeyIO           Parsing took 0 ms 
323066     INFO  Test worker     d.u.i.k.n.KeyIO           MODE: declarations took 0 ms 
323067     INFO  Test worker     d.u.i.k.n.KeyIO           Parsing took 1 ms 
323067     INFO  Test worker     d.u.i.k.n.KeyIO           MODE: declarations took 0 ms 
323068     INFO  Test worker     d.u.i.k.n.KeyIO           Parsing took 0 ms 
323074     INFO  Test worker     d.u.i.k.n.KeyIO           MODE: declarations took 1 ms 
323075     INFO  Test worker     d.u.i.k.n.KeyIO           Parsing took 0 ms 
323076     INFO  Test worker     d.u.i.k.n.KeyIO           MODE: declarations took 0 ms 
323077     INFO  Test worker     d.u.i.k.n.KeyIO           Parsing took 1 ms 
323077     INFO  Test worker     d.u.i.k.n.KeyIO           MODE: declarations took 0 ms 
323079     INFO  Test worker     d.u.i.k.n.KeyIO           Parsing took 0 ms 
323081     INFO  Test worker     d.u.i.k.n.KeyIO           MODE: declarations took 1 ms 
323081     INFO  Test worker     d.u.i.k.n.KeyIO           Parsing took 0 ms 
323082     INFO  Test worker     d.u.i.k.n.KeyIO           MODE: declarations took 0 ms 
323090     INFO  Test worker     d.u.i.k.n.KeyIO           Parsing took 0 ms 
323092     INFO  Test worker     d.u.i.k.n.KeyIO           MODE: declarations took 0 ms 
323093     INFO  Test worker     d.u.i.k.n.KeyIO           Parsing took 0 ms 
323094     INFO  Test worker     d.u.i.k.n.KeyIO           MODE: declarations took 0 ms 
323095     INFO  Test worker     d.u.i.k.n.KeyIO           Parsing took 0 ms 
323096     INFO  Test worker     d.u.i.k.n.KeyIO           MODE: declarations took 0 ms 
323097     INFO  Test worker     d.u.i.k.n.KeyIO           Parsing took 1 ms 
323097     INFO  Test worker     d.u.i.k.n.KeyIO           MODE: declarations took 0 ms 
]]></system-out>
  <system-err><![CDATA[]]></system-err>
</testsuite>
