<?xml version="1.0" encoding="UTF-8"?>
<testsuite name="de.uka.ilkd.key.nparser.ParseLDTsTests" tests="2" skipped="0" failures="0" errors="0" timestamp="2023-04-07T14:30:59" hostname="fv-az256-523" time="1.028">
  <properties/>
  <testcase name="testLDT()" classname="de.uka.ilkd.key.nparser.ParseLDTsTests" time="0.023"/>
  <testcase name="testSR()" classname="de.uka.ilkd.key.nparser.ParseLDTsTests" time="1.004"/>
  <system-out><![CDATA[214594     INFO  Test worker     d.u.i.k.n.KeyIO           Parsing took 9 ms 
214596     INFO  Test worker     d.u.i.k.n.KeyIO           MODE: declarations took 1 ms 
214953     INFO  Test worker     d.u.i.k.n.KeyIO           Parsing took 342 ms 
214959     INFO  Test worker     d.u.i.k.n.KeyIO           MODE: declarations took 2 ms 
]]></system-out>
  <system-err><![CDATA[]]></system-err>
</testsuite>
