<?xml version="1.0" encoding="UTF-8"?>
<testsuite name="de.uka.ilkd.key.logic.TestClashFreeSubst" tests="14" skipped="2" failures="0" errors="0" timestamp="2023-04-07T14:28:03" hostname="fv-az256-523" time="53.236">
  <properties/>
  <testcase name="testMultiShareBound()" classname="de.uka.ilkd.key.logic.TestClashFreeSubst" time="1.003"/>
  <testcase name="testClash()" classname="de.uka.ilkd.key.logic.TestClashFreeSubst" time="0.98"/>
  <testcase name="testShare()" classname="de.uka.ilkd.key.logic.TestClashFreeSubst" time="1.0"/>
  <testcase name="testSubst()" classname="de.uka.ilkd.key.logic.TestClashFreeSubst" time="0.992"/>
  <testcase name="testWary0()" classname="de.uka.ilkd.key.logic.TestClashFreeSubst" time="0.944"/>
  <testcase name="testWary1()" classname="de.uka.ilkd.key.logic.TestClashFreeSubst" time="0.963"/>
  <testcase name="testWary2()" classname="de.uka.ilkd.key.logic.TestClashFreeSubst" time="1.021"/>
  <testcase name="testClashInSubstTerm()" classname="de.uka.ilkd.key.logic.TestClashFreeSubst" time="0.969"/>
  <testcase name="testShareWary()" classname="de.uka.ilkd.key.logic.TestClashFreeSubst" time="0.963"/>
  <testcase name="testMultiSubst()" classname="de.uka.ilkd.key.logic.TestClashFreeSubst" time="0.961"/>
  <testcase name="xtestMultiClash()" classname="de.uka.ilkd.key.logic.TestClashFreeSubst" time="0.0">
    <skipped/>
  </testcase>
  <testcase name="testSubstInSubstTerm()" classname="de.uka.ilkd.key.logic.TestClashFreeSubst" time="0.953"/>
  <testcase name="testSubstWary()" classname="de.uka.ilkd.key.logic.TestClashFreeSubst" time="0.951"/>
  <testcase name="xtestMultiClash1()" classname="de.uka.ilkd.key.logic.TestClashFreeSubst" time="0.0">
    <skipped/>
  </testcase>
  <system-out><![CDATA[38464      INFO  Test worker     d.u.i.k.n.KeyIO           Parsing took 0 ms 
38466      INFO  Test worker     d.u.i.k.n.KeyIO           MODE: declarations took 1 ms 
39462      INFO  Test worker     d.u.i.k.n.KeyIO           Parsing took 0 ms 
39463      INFO  Test worker     d.u.i.k.n.KeyIO           MODE: declarations took 0 ms 
42768      INFO  Test worker     d.u.i.k.n.KeyIO           Parsing took 0 ms 
42769      INFO  Test worker     d.u.i.k.n.KeyIO           MODE: declarations took 1 ms 
43744      INFO  Test worker     d.u.i.k.n.KeyIO           Parsing took 1 ms 
43745      INFO  Test worker     d.u.i.k.n.KeyIO           MODE: declarations took 0 ms 
47037      INFO  Test worker     d.u.i.k.n.KeyIO           Parsing took 0 ms 
47037      INFO  Test worker     d.u.i.k.n.KeyIO           MODE: declarations took 0 ms 
48034      INFO  Test worker     d.u.i.k.n.KeyIO           Parsing took 0 ms 
48034      INFO  Test worker     d.u.i.k.n.KeyIO           MODE: declarations took 0 ms 
51255      INFO  Test worker     d.u.i.k.n.KeyIO           Parsing took 0 ms 
51255      INFO  Test worker     d.u.i.k.n.KeyIO           MODE: declarations took 0 ms 
52245      INFO  Test worker     d.u.i.k.n.KeyIO           Parsing took 1 ms 
52245      INFO  Test worker     d.u.i.k.n.KeyIO           MODE: declarations took 0 ms 
55456      INFO  Test worker     d.u.i.k.n.KeyIO           Parsing took 0 ms 
55458      INFO  Test worker     d.u.i.k.n.KeyIO           MODE: declarations took 0 ms 
56395      INFO  Test worker     d.u.i.k.n.KeyIO           Parsing took 0 ms 
56396      INFO  Test worker     d.u.i.k.n.KeyIO           MODE: declarations took 0 ms 
59581      INFO  Test worker     d.u.i.k.n.KeyIO           Parsing took 0 ms 
59582      INFO  Test worker     d.u.i.k.n.KeyIO           MODE: declarations took 0 ms 
60539      INFO  Test worker     d.u.i.k.n.KeyIO           Parsing took 0 ms 
60541      INFO  Test worker     d.u.i.k.n.KeyIO           MODE: declarations took 1 ms 
63714      INFO  Test worker     d.u.i.k.n.KeyIO           Parsing took 0 ms 
63722      INFO  Test worker     d.u.i.k.n.KeyIO           MODE: declarations took 0 ms 
64731      INFO  Test worker     d.u.i.k.n.KeyIO           Parsing took 0 ms 
64731      INFO  Test worker     d.u.i.k.n.KeyIO           MODE: declarations took 0 ms 
67893      INFO  Test worker     d.u.i.k.n.KeyIO           Parsing took 0 ms 
67894      INFO  Test worker     d.u.i.k.n.KeyIO           MODE: declarations took 0 ms 
68857      INFO  Test worker     d.u.i.k.n.KeyIO           Parsing took 0 ms 
68857      INFO  Test worker     d.u.i.k.n.KeyIO           MODE: declarations took 0 ms 
71978      INFO  Test worker     d.u.i.k.n.KeyIO           Parsing took 0 ms 
71980      INFO  Test worker     d.u.i.k.n.KeyIO           MODE: declarations took 0 ms 
72939      INFO  Test worker     d.u.i.k.n.KeyIO           Parsing took 0 ms 
72939      INFO  Test worker     d.u.i.k.n.KeyIO           MODE: declarations took 0 ms 
76143      INFO  Test worker     d.u.i.k.n.KeyIO           Parsing took 0 ms 
76143      INFO  Test worker     d.u.i.k.n.KeyIO           MODE: declarations took 0 ms 
77101      INFO  Test worker     d.u.i.k.n.KeyIO           Parsing took 0 ms 
77101      INFO  Test worker     d.u.i.k.n.KeyIO           MODE: declarations took 0 ms 
83425      INFO  Test worker     d.u.i.k.n.KeyIO           Parsing took 0 ms 
83426      INFO  Test worker     d.u.i.k.n.KeyIO           MODE: declarations took 0 ms 
84374      INFO  Test worker     d.u.i.k.n.KeyIO           Parsing took 0 ms 
84375      INFO  Test worker     d.u.i.k.n.KeyIO           MODE: declarations took 1 ms 
87503      INFO  Test worker     d.u.i.k.n.KeyIO           Parsing took 0 ms 
87503      INFO  Test worker     d.u.i.k.n.KeyIO           MODE: declarations took 0 ms 
88452      INFO  Test worker     d.u.i.k.n.KeyIO           Parsing took 0 ms 
88452      INFO  Test worker     d.u.i.k.n.KeyIO           MODE: declarations took 0 ms 
]]></system-out>
  <system-err><![CDATA[]]></system-err>
</testsuite>
