<?xml version="1.0" encoding="UTF-8"?>
<testsuite name="de.uka.ilkd.key.taclettranslation.TestTacletTranslator" tests="5" skipped="0" failures="0" errors="0" timestamp="2023-04-07T14:41:35" hostname="fv-az256-523" time="0.016">
  <properties/>
  <testcase name="testPropositional1()" classname="de.uka.ilkd.key.taclettranslation.TestTacletTranslator" time="0.003"/>
  <testcase name="testPropositional2()" classname="de.uka.ilkd.key.taclettranslation.TestTacletTranslator" time="0.009"/>
  <testcase name="testNegativePolarity()" classname="de.uka.ilkd.key.taclettranslation.TestTacletTranslator" time="0.001"/>
  <testcase name="testNoPolarity()" classname="de.uka.ilkd.key.taclettranslation.TestTacletTranslator" time="0.001"/>
  <testcase name="testPositivePolarity()" classname="de.uka.ilkd.key.taclettranslation.TestTacletTranslator" time="0.001"/>
  <system-out><![CDATA[851412     INFO  Test worker     d.u.i.k.n.KeyIO           Parsing took 0 ms 
851412     INFO  Test worker     d.u.i.k.n.KeyIO           MODE: declarations took 0 ms 
851423     INFO  Test worker     d.u.i.k.n.KeyIO           Parsing took 0 ms 
851423     INFO  Test worker     d.u.i.k.n.KeyIO           MODE: declarations took 0 ms 
851424     INFO  Test worker     d.u.i.k.n.KeyIO           Parsing took 0 ms 
851424     INFO  Test worker     d.u.i.k.n.KeyIO           MODE: declarations took 0 ms 
851426     INFO  Test worker     d.u.i.k.n.KeyIO           Parsing took 0 ms 
851426     INFO  Test worker     d.u.i.k.n.KeyIO           MODE: declarations took 0 ms 
851427     INFO  Test worker     d.u.i.k.n.KeyIO           Parsing took 0 ms 
851427     INFO  Test worker     d.u.i.k.n.KeyIO           MODE: declarations took 0 ms 
]]></system-out>
  <system-err><![CDATA[]]></system-err>
</testsuite>
