<?xml version="1.0" encoding="UTF-8"?>
<testsuite name="de.uka.ilkd.key.parser.TestTermParserSorts" tests="2" skipped="0" failures="0" errors="0" timestamp="2023-04-07T14:34:55" hostname="fv-az256-523" time="3.185">
  <properties/>
  <testcase name="testParseIntegerArgs()" classname="de.uka.ilkd.key.parser.TestTermParserSorts" time="0.014"/>
  <testcase name="testParseSequencePrettySyntax()" classname="de.uka.ilkd.key.parser.TestTermParserSorts" time="0.001"/>
  <system-out><![CDATA[451152     INFO  Test worker     d.u.i.k.n.KeyIO           Parsing took 0 ms 
451152     INFO  Test worker     d.u.i.k.n.KeyIO           MODE: declarations took 0 ms 
451152     INFO  Test worker     d.u.i.k.n.KeyIO           Parsing took 0 ms 
451152     INFO  Test worker     d.u.i.k.n.KeyIO           MODE: declarations took 0 ms 
451152     INFO  Test worker     d.u.i.k.n.KeyIO           Parsing took 0 ms 
451153     INFO  Test worker     d.u.i.k.n.KeyIO           MODE: declarations took 1 ms 
454336     INFO  Test worker     d.u.i.k.n.KeyIO           Parsing took 0 ms 
454336     INFO  Test worker     d.u.i.k.n.KeyIO           MODE: declarations took 0 ms 
454336     INFO  Test worker     d.u.i.k.n.KeyIO           Parsing took 0 ms 
454336     INFO  Test worker     d.u.i.k.n.KeyIO           MODE: declarations took 0 ms 
454336     INFO  Test worker     d.u.i.k.n.KeyIO           Parsing took 0 ms 
454336     INFO  Test worker     d.u.i.k.n.KeyIO           MODE: declarations took 0 ms 
]]></system-out>
  <system-err><![CDATA[]]></system-err>
</testsuite>
