<?xml version="1.0" encoding="UTF-8"?>
<testsuite name="de.uka.ilkd.key.parser.TestTermParserHeap" tests="39" skipped="0" failures="0" errors="0" timestamp="2023-04-07T14:32:54" hostname="fv-az256-523" time="118.385">
  <properties/>
  <testcase name="testBracketHeapUpdate()" classname="de.uka.ilkd.key.parser.TestTermParserHeap" time="0.015"/>
  <testcase name="testStore()" classname="de.uka.ilkd.key.parser.TestTermParserHeap" time="0.008"/>
  <testcase name="testUnknownConstant()" classname="de.uka.ilkd.key.parser.TestTermParserHeap" time="0.001"/>
  <testcase name="testAllFieldsSelector()" classname="de.uka.ilkd.key.parser.TestTermParserHeap" time="0.001"/>
  <testcase name="testParsePrettyPrintedSelect()" classname="de.uka.ilkd.key.parser.TestTermParserHeap" time="0.002"/>
  <testcase name="testAccessStaticMembers()" classname="de.uka.ilkd.key.parser.TestTermParserHeap" time="0.003"/>
  <testcase name="testAtOperator_1()" classname="de.uka.ilkd.key.parser.TestTermParserHeap" time="0.005"/>
  <testcase name="testAtOperator_2()" classname="de.uka.ilkd.key.parser.TestTermParserHeap" time="0.001"/>
  <testcase name="testAtOperator_3()" classname="de.uka.ilkd.key.parser.TestTermParserHeap" time="0.002"/>
  <testcase name="testAtOperator_4()" classname="de.uka.ilkd.key.parser.TestTermParserHeap" time="0.004"/>
  <testcase name="testAtOperator_5()" classname="de.uka.ilkd.key.parser.TestTermParserHeap" time="0.002"/>
  <testcase name="testAtOperator_6()" classname="de.uka.ilkd.key.parser.TestTermParserHeap" time="0.002"/>
  <testcase name="testAtOperator_7()" classname="de.uka.ilkd.key.parser.TestTermParserHeap" time="0.002"/>
  <testcase name="testAtOperator_8()" classname="de.uka.ilkd.key.parser.TestTermParserHeap" time="0.005"/>
  <testcase name="testVerifyExceptionIfAtOperatorNotPreceededBySelectTerm()" classname="de.uka.ilkd.key.parser.TestTermParserHeap" time="0.006"/>
  <testcase name="testBugResettingCounter()" classname="de.uka.ilkd.key.parser.TestTermParserHeap" time="0.002"/>
  <testcase name="testLocationSets()" classname="de.uka.ilkd.key.parser.TestTermParserHeap" time="0.002"/>
  <testcase name="testQuantifiedSelect()" classname="de.uka.ilkd.key.parser.TestTermParserHeap" time="0.002"/>
  <testcase name="testGenericObjectProperties()" classname="de.uka.ilkd.key.parser.TestTermParserHeap" time="0.002"/>
  <testcase name="testQueryInheritance_1()" classname="de.uka.ilkd.key.parser.TestTermParserHeap" time="0.002"/>
  <testcase name="testQueryInheritance_2()" classname="de.uka.ilkd.key.parser.TestTermParserHeap" time="0.002"/>
  <testcase name="testQueryInheritance_3()" classname="de.uka.ilkd.key.parser.TestTermParserHeap" time="0.004"/>
  <testcase name="testQueryInheritance_4()" classname="de.uka.ilkd.key.parser.TestTermParserHeap" time="0.001"/>
  <testcase name="testQueryInheritance_5()" classname="de.uka.ilkd.key.parser.TestTermParserHeap" time="0.001"/>
  <testcase name="testQueryInheritance_6()" classname="de.uka.ilkd.key.parser.TestTermParserHeap" time="0.002"/>
  <testcase name="testQueryInheritance_7()" classname="de.uka.ilkd.key.parser.TestTermParserHeap" time="0.002"/>
  <testcase name="testQueryInheritance_8()" classname="de.uka.ilkd.key.parser.TestTermParserHeap" time="0.001"/>
  <testcase name="testQueryInheritance_9()" classname="de.uka.ilkd.key.parser.TestTermParserHeap" time="0.001"/>
  <testcase name="testQueryBasic_10()" classname="de.uka.ilkd.key.parser.TestTermParserHeap" time="0.001"/>
  <testcase name="testQueryBasic_11()" classname="de.uka.ilkd.key.parser.TestTermParserHeap" time="0.001"/>
  <testcase name="testQueryBasic_1()" classname="de.uka.ilkd.key.parser.TestTermParserHeap" time="0.001"/>
  <testcase name="testQueryBasic_2()" classname="de.uka.ilkd.key.parser.TestTermParserHeap" time="0.001"/>
  <testcase name="testQueryBasic_3()" classname="de.uka.ilkd.key.parser.TestTermParserHeap" time="0.002"/>
  <testcase name="testQueryBasic_4()" classname="de.uka.ilkd.key.parser.TestTermParserHeap" time="0.002"/>
  <testcase name="testQueryBasic_5()" classname="de.uka.ilkd.key.parser.TestTermParserHeap" time="0.001"/>
  <testcase name="testQueryBasic_6()" classname="de.uka.ilkd.key.parser.TestTermParserHeap" time="0.001"/>
  <testcase name="testQueryBasic_7()" classname="de.uka.ilkd.key.parser.TestTermParserHeap" time="0.001"/>
  <testcase name="testQueryBasic_8()" classname="de.uka.ilkd.key.parser.TestTermParserHeap" time="0.001"/>
  <testcase name="testQueryBasic_9()" classname="de.uka.ilkd.key.parser.TestTermParserHeap" time="0.001"/>
  <system-out><![CDATA[329538     INFO  Test worker     d.u.i.k.n.KeyIO           Parsing took 0 ms 
329538     INFO  Test worker     d.u.i.k.n.KeyIO           MODE: declarations took 0 ms 
329538     INFO  Test worker     d.u.i.k.n.KeyIO           Parsing took 0 ms 
329538     INFO  Test worker     d.u.i.k.n.KeyIO           MODE: declarations took 0 ms 
329538     INFO  Test worker     d.u.i.k.n.KeyIO           Parsing took 0 ms 
329538     INFO  Test worker     d.u.i.k.n.KeyIO           MODE: declarations took 0 ms 
329538     INFO  Test worker     d.u.i.k.n.KeyIO           Parsing took 0 ms 
329538     INFO  Test worker     d.u.i.k.n.KeyIO           MODE: declarations took 0 ms 
329539     INFO  Test worker     d.u.i.k.n.KeyIO           Parsing took 0 ms 
329539     INFO  Test worker     d.u.i.k.n.KeyIO           MODE: declarations took 0 ms 
332780     INFO  Test worker     d.u.i.k.n.KeyIO           Parsing took 0 ms 
332780     INFO  Test worker     d.u.i.k.n.KeyIO           MODE: declarations took 0 ms 
332780     INFO  Test worker     d.u.i.k.n.KeyIO           Parsing took 0 ms 
332780     INFO  Test worker     d.u.i.k.n.KeyIO           MODE: declarations took 0 ms 
332780     INFO  Test worker     d.u.i.k.n.KeyIO           Parsing took 0 ms 
332780     INFO  Test worker     d.u.i.k.n.KeyIO           MODE: declarations took 0 ms 
332781     INFO  Test worker     d.u.i.k.n.KeyIO           Parsing took 0 ms 
332781     INFO  Test worker     d.u.i.k.n.KeyIO           MODE: declarations took 0 ms 
332781     INFO  Test worker     d.u.i.k.n.KeyIO           Parsing took 0 ms 
332781     INFO  Test worker     d.u.i.k.n.KeyIO           MODE: declarations took 0 ms 
335839     INFO  Test worker     d.u.i.k.n.KeyIO           Parsing took 0 ms 
335839     INFO  Test worker     d.u.i.k.n.KeyIO           MODE: declarations took 0 ms 
335839     INFO  Test worker     d.u.i.k.n.KeyIO           Parsing took 0 ms 
335839     INFO  Test worker     d.u.i.k.n.KeyIO           MODE: declarations took 0 ms 
335839     INFO  Test worker     d.u.i.k.n.KeyIO           Parsing took 0 ms 
335839     INFO  Test worker     d.u.i.k.n.KeyIO           MODE: declarations took 0 ms 
335839     INFO  Test worker     d.u.i.k.n.KeyIO           Parsing took 0 ms 
335839     INFO  Test worker     d.u.i.k.n.KeyIO           MODE: declarations took 0 ms 
335840     INFO  Test worker     d.u.i.k.n.KeyIO           Parsing took 0 ms 
335840     INFO  Test worker     d.u.i.k.n.KeyIO           MODE: declarations took 0 ms 
335840     INFO  Test worker     d.u.i.k.n.KeyIO           Parsing took 0 ms 
335840     INFO  Test worker     d.u.i.k.n.KeyIO           MODE: declarations took 0 ms 
338972     INFO  Test worker     d.u.i.k.n.KeyIO           Parsing took 0 ms 
338972     INFO  Test worker     d.u.i.k.n.KeyIO           MODE: declarations took 0 ms 
338973     INFO  Test worker     d.u.i.k.n.KeyIO           Parsing took 0 ms 
338973     INFO  Test worker     d.u.i.k.n.KeyIO           MODE: declarations took 0 ms 
338973     INFO  Test worker     d.u.i.k.n.KeyIO           Parsing took 0 ms 
338973     INFO  Test worker     d.u.i.k.n.KeyIO           MODE: declarations took 0 ms 
338973     INFO  Test worker     d.u.i.k.n.KeyIO           Parsing took 0 ms 
338973     INFO  Test worker     d.u.i.k.n.KeyIO           MODE: declarations took 0 ms 
338973     INFO  Test worker     d.u.i.k.n.KeyIO           Parsing took 0 ms 
338973     INFO  Test worker     d.u.i.k.n.KeyIO           MODE: declarations took 0 ms 
341927     INFO  Test worker     d.u.i.k.n.KeyIO           Parsing took 0 ms 
341928     INFO  Test worker     d.u.i.k.n.KeyIO           MODE: declarations took 1 ms 
341928     INFO  Test worker     d.u.i.k.n.KeyIO           Parsing took 0 ms 
341928     INFO  Test worker     d.u.i.k.n.KeyIO           MODE: declarations took 0 ms 
341928     INFO  Test worker     d.u.i.k.n.KeyIO           Parsing took 0 ms 
341928     INFO  Test worker     d.u.i.k.n.KeyIO           MODE: declarations took 0 ms 
341928     INFO  Test worker     d.u.i.k.n.KeyIO           Parsing took 0 ms 
341928     INFO  Test worker     d.u.i.k.n.KeyIO           MODE: declarations took 0 ms 
341928     INFO  Test worker     d.u.i.k.n.KeyIO           Parsing took 0 ms 
341928     INFO  Test worker     d.u.i.k.n.KeyIO           MODE: declarations took 0 ms 
344996     INFO  Test worker     d.u.i.k.n.KeyIO           Parsing took 0 ms 
344996     INFO  Test worker     d.u.i.k.n.KeyIO           MODE: declarations took 0 ms 
344996     INFO  Test worker     d.u.i.k.n.KeyIO           Parsing took 0 ms 
344996     INFO  Test worker     d.u.i.k.n.KeyIO           MODE: declarations took 0 ms 
344996     INFO  Test worker     d.u.i.k.n.KeyIO           Parsing took 0 ms 
344996     INFO  Test worker     d.u.i.k.n.KeyIO           MODE: declarations took 0 ms 
344996     INFO  Test worker     d.u.i.k.n.KeyIO           Parsing took 0 ms 
344996     INFO  Test worker     d.u.i.k.n.KeyIO           MODE: declarations took 0 ms 
344996     INFO  Test worker     d.u.i.k.n.KeyIO           Parsing took 0 ms 
344996     INFO  Test worker     d.u.i.k.n.KeyIO           MODE: declarations took 0 ms 
347986     INFO  Test worker     d.u.i.k.n.KeyIO           Parsing took 1 ms 
347986     INFO  Test worker     d.u.i.k.n.KeyIO           MODE: declarations took 0 ms 
347986     INFO  Test worker     d.u.i.k.n.KeyIO           Parsing took 0 ms 
347986     INFO  Test worker     d.u.i.k.n.KeyIO           MODE: declarations took 0 ms 
347986     INFO  Test worker     d.u.i.k.n.KeyIO           Parsing took 0 ms 
347986     INFO  Test worker     d.u.i.k.n.KeyIO           MODE: declarations took 0 ms 
347986     INFO  Test worker     d.u.i.k.n.KeyIO           Parsing took 0 ms 
347986     INFO  Test worker     d.u.i.k.n.KeyIO           MODE: declarations took 0 ms 
347986     INFO  Test worker     d.u.i.k.n.KeyIO           Parsing took 0 ms 
347989     INFO  Test worker     d.u.i.k.n.KeyIO           MODE: declarations took 3 ms 
350898     INFO  Test worker     d.u.i.k.n.KeyIO           Parsing took 0 ms 
350898     INFO  Test worker     d.u.i.k.n.KeyIO           MODE: declarations took 0 ms 
350898     INFO  Test worker     d.u.i.k.n.KeyIO           Parsing took 0 ms 
350898     INFO  Test worker     d.u.i.k.n.KeyIO           MODE: declarations took 0 ms 
350898     INFO  Test worker     d.u.i.k.n.KeyIO           Parsing took 0 ms 
350898     INFO  Test worker     d.u.i.k.n.KeyIO           MODE: declarations took 0 ms 
350898     INFO  Test worker     d.u.i.k.n.KeyIO           Parsing took 0 ms 
350898     INFO  Test worker     d.u.i.k.n.KeyIO           MODE: declarations took 0 ms 
350898     INFO  Test worker     d.u.i.k.n.KeyIO           Parsing took 0 ms 
350898     INFO  Test worker     d.u.i.k.n.KeyIO           MODE: declarations took 0 ms 
353805     INFO  Test worker     d.u.i.k.n.KeyIO           Parsing took 0 ms 
353806     INFO  Test worker     d.u.i.k.n.KeyIO           MODE: declarations took 1 ms 
353806     INFO  Test worker     d.u.i.k.n.KeyIO           Parsing took 0 ms 
353806     INFO  Test worker     d.u.i.k.n.KeyIO           MODE: declarations took 0 ms 
353806     INFO  Test worker     d.u.i.k.n.KeyIO           Parsing took 0 ms 
353806     INFO  Test worker     d.u.i.k.n.KeyIO           MODE: declarations took 0 ms 
353806     INFO  Test worker     d.u.i.k.n.KeyIO           Parsing took 0 ms 
353806     INFO  Test worker     d.u.i.k.n.KeyIO           MODE: declarations took 0 ms 
353806     INFO  Test worker     d.u.i.k.n.KeyIO           Parsing took 0 ms 
353806     INFO  Test worker     d.u.i.k.n.KeyIO           MODE: declarations took 0 ms 
356733     INFO  Test worker     d.u.i.k.n.KeyIO           Parsing took 0 ms 
356733     INFO  Test worker     d.u.i.k.n.KeyIO           MODE: declarations took 0 ms 
356733     INFO  Test worker     d.u.i.k.n.KeyIO           Parsing took 0 ms 
356733     INFO  Test worker     d.u.i.k.n.KeyIO           MODE: declarations took 0 ms 
356733     INFO  Test worker     d.u.i.k.n.KeyIO           Parsing took 0 ms 
356733     INFO  Test worker     d.u.i.k.n.KeyIO           MODE: declarations took 0 ms 
356733     INFO  Test worker     d.u.i.k.n.KeyIO           Parsing took 0 ms 
356733     INFO  Test worker     d.u.i.k.n.KeyIO           MODE: declarations took 0 ms 
356733     INFO  Test worker     d.u.i.k.n.KeyIO           Parsing took 0 ms 
356733     INFO  Test worker     d.u.i.k.n.KeyIO           MODE: declarations took 0 ms 
359750     INFO  Test worker     d.u.i.k.n.KeyIO           Parsing took 0 ms 
359750     INFO  Test worker     d.u.i.k.n.KeyIO           MODE: declarations took 0 ms 
359750     INFO  Test worker     d.u.i.k.n.KeyIO           Parsing took 0 ms 
359750     INFO  Test worker     d.u.i.k.n.KeyIO           MODE: declarations took 0 ms 
359750     INFO  Test worker     d.u.i.k.n.KeyIO           Parsing took 0 ms 
359750     INFO  Test worker     d.u.i.k.n.KeyIO           MODE: declarations took 0 ms 
359750     INFO  Test worker     d.u.i.k.n.KeyIO           Parsing took 0 ms 
359750     INFO  Test worker     d.u.i.k.n.KeyIO           MODE: declarations took 0 ms 
359750     INFO  Test worker     d.u.i.k.n.KeyIO           Parsing took 0 ms 
359750     INFO  Test worker     d.u.i.k.n.KeyIO           MODE: declarations took 0 ms 
362672     INFO  Test worker     d.u.i.k.n.KeyIO           Parsing took 0 ms 
362672     INFO  Test worker     d.u.i.k.n.KeyIO           MODE: declarations took 0 ms 
362672     INFO  Test worker     d.u.i.k.n.KeyIO           Parsing took 0 ms 
362672     INFO  Test worker     d.u.i.k.n.KeyIO           MODE: declarations took 0 ms 
362672     INFO  Test worker     d.u.i.k.n.KeyIO           Parsing took 0 ms 
362672     INFO  Test worker     d.u.i.k.n.KeyIO           MODE: declarations took 0 ms 
362672     INFO  Test worker     d.u.i.k.n.KeyIO           Parsing took 0 ms 
362672     INFO  Test worker     d.u.i.k.n.KeyIO           MODE: declarations took 0 ms 
362672     INFO  Test worker     d.u.i.k.n.KeyIO           Parsing took 0 ms 
362672     INFO  Test worker     d.u.i.k.n.KeyIO           MODE: declarations took 0 ms 
365624     INFO  Test worker     d.u.i.k.n.KeyIO           Parsing took 0 ms 
365625     INFO  Test worker     d.u.i.k.n.KeyIO           MODE: declarations took 0 ms 
365625     INFO  Test worker     d.u.i.k.n.KeyIO           Parsing took 0 ms 
365625     INFO  Test worker     d.u.i.k.n.KeyIO           MODE: declarations took 0 ms 
365625     INFO  Test worker     d.u.i.k.n.KeyIO           Parsing took 0 ms 
365625     INFO  Test worker     d.u.i.k.n.KeyIO           MODE: declarations took 0 ms 
365625     INFO  Test worker     d.u.i.k.n.KeyIO           Parsing took 0 ms 
365625     INFO  Test worker     d.u.i.k.n.KeyIO           MODE: declarations took 0 ms 
365625     INFO  Test worker     d.u.i.k.n.KeyIO           Parsing took 0 ms 
365625     INFO  Test worker     d.u.i.k.n.KeyIO           MODE: declarations took 0 ms 
368556     INFO  Test worker     d.u.i.k.n.KeyIO           Parsing took 0 ms 
368557     INFO  Test worker     d.u.i.k.n.KeyIO           MODE: declarations took 0 ms 
368557     INFO  Test worker     d.u.i.k.n.KeyIO           Parsing took 0 ms 
368557     INFO  Test worker     d.u.i.k.n.KeyIO           MODE: declarations took 0 ms 
368558     INFO  Test worker     d.u.i.k.n.KeyIO           Parsing took 0 ms 
368558     INFO  Test worker     d.u.i.k.n.KeyIO           MODE: declarations took 0 ms 
368558     INFO  Test worker     d.u.i.k.n.KeyIO           Parsing took 0 ms 
368558     INFO  Test worker     d.u.i.k.n.KeyIO           MODE: declarations took 0 ms 
368559     INFO  Test worker     d.u.i.k.n.KeyIO           Parsing took 0 ms 
368559     INFO  Test worker     d.u.i.k.n.KeyIO           MODE: declarations took 0 ms 
371682     INFO  Test worker     d.u.i.k.n.KeyIO           Parsing took 0 ms 
371682     INFO  Test worker     d.u.i.k.n.KeyIO           MODE: declarations took 0 ms 
371682     INFO  Test worker     d.u.i.k.n.KeyIO           Parsing took 0 ms 
371682     INFO  Test worker     d.u.i.k.n.KeyIO           MODE: declarations took 0 ms 
371682     INFO  Test worker     d.u.i.k.n.KeyIO           Parsing took 0 ms 
371682     INFO  Test worker     d.u.i.k.n.KeyIO           MODE: declarations took 0 ms 
371682     INFO  Test worker     d.u.i.k.n.KeyIO           Parsing took 0 ms 
371682     INFO  Test worker     d.u.i.k.n.KeyIO           MODE: declarations took 0 ms 
371682     INFO  Test worker     d.u.i.k.n.KeyIO           Parsing took 0 ms 
371682     INFO  Test worker     d.u.i.k.n.KeyIO           MODE: declarations took 0 ms 
371688     WARN  Test worker     d.u.i.k.n.KeYParser       [syntax-error] <unknown>:1:11: mismatched input '@' expecting {'/', ':=', '.', '(', ')', '{', '[', '@', PARALLEL, OR, AND, IMP, '=', NOT_EQUALS, '%', '*', '-', '+', '>', GREATEREQUAL, '<', LESSEQUAL, LGUILLEMETS, EQV} [@11,11:11='@',<153>,1:11] (termEOF) 
374943     INFO  Test worker     d.u.i.k.n.KeyIO           Parsing took 0 ms 
374943     INFO  Test worker     d.u.i.k.n.KeyIO           MODE: declarations took 0 ms 
374943     INFO  Test worker     d.u.i.k.n.KeyIO           Parsing took 0 ms 
374943     INFO  Test worker     d.u.i.k.n.KeyIO           MODE: declarations took 0 ms 
374943     INFO  Test worker     d.u.i.k.n.KeyIO           Parsing took 0 ms 
374943     INFO  Test worker     d.u.i.k.n.KeyIO           MODE: declarations took 0 ms 
374943     INFO  Test worker     d.u.i.k.n.KeyIO           Parsing took 0 ms 
374944     INFO  Test worker     d.u.i.k.n.KeyIO           MODE: declarations took 0 ms 
374944     INFO  Test worker     d.u.i.k.n.KeyIO           Parsing took 0 ms 
374944     INFO  Test worker     d.u.i.k.n.KeyIO           MODE: declarations took 0 ms 
378069     INFO  Test worker     d.u.i.k.n.KeyIO           Parsing took 0 ms 
378069     INFO  Test worker     d.u.i.k.n.KeyIO           MODE: declarations took 0 ms 
378069     INFO  Test worker     d.u.i.k.n.KeyIO           Parsing took 0 ms 
378069     INFO  Test worker     d.u.i.k.n.KeyIO           MODE: declarations took 0 ms 
378069     INFO  Test worker     d.u.i.k.n.KeyIO           Parsing took 0 ms 
378069     INFO  Test worker     d.u.i.k.n.KeyIO           MODE: declarations took 0 ms 
378069     INFO  Test worker     d.u.i.k.n.KeyIO           Parsing took 0 ms 
378069     INFO  Test worker     d.u.i.k.n.KeyIO           MODE: declarations took 0 ms 
378069     INFO  Test worker     d.u.i.k.n.KeyIO           Parsing took 0 ms 
378070     INFO  Test worker     d.u.i.k.n.KeyIO           MODE: declarations took 1 ms 
381230     INFO  Test worker     d.u.i.k.n.KeyIO           Parsing took 0 ms 
381230     INFO  Test worker     d.u.i.k.n.KeyIO           MODE: declarations took 0 ms 
381230     INFO  Test worker     d.u.i.k.n.KeyIO           Parsing took 0 ms 
381230     INFO  Test worker     d.u.i.k.n.KeyIO           MODE: declarations took 0 ms 
381230     INFO  Test worker     d.u.i.k.n.KeyIO           Parsing took 0 ms 
381230     INFO  Test worker     d.u.i.k.n.KeyIO           MODE: declarations took 0 ms 
381230     INFO  Test worker     d.u.i.k.n.KeyIO           Parsing took 0 ms 
381230     INFO  Test worker     d.u.i.k.n.KeyIO           MODE: declarations took 0 ms 
381230     INFO  Test worker     d.u.i.k.n.KeyIO           Parsing took 0 ms 
381231     INFO  Test worker     d.u.i.k.n.KeyIO           MODE: declarations took 0 ms 
384367     INFO  Test worker     d.u.i.k.n.KeyIO           Parsing took 0 ms 
384367     INFO  Test worker     d.u.i.k.n.KeyIO           MODE: declarations took 0 ms 
384367     INFO  Test worker     d.u.i.k.n.KeyIO           Parsing took 0 ms 
384367     INFO  Test worker     d.u.i.k.n.KeyIO           MODE: declarations took 0 ms 
384368     INFO  Test worker     d.u.i.k.n.KeyIO           Parsing took 1 ms 
384368     INFO  Test worker     d.u.i.k.n.KeyIO           MODE: declarations took 0 ms 
384368     INFO  Test worker     d.u.i.k.n.KeyIO           Parsing took 0 ms 
384368     INFO  Test worker     d.u.i.k.n.KeyIO           MODE: declarations took 0 ms 
384368     INFO  Test worker     d.u.i.k.n.KeyIO           Parsing took 0 ms 
384368     INFO  Test worker     d.u.i.k.n.KeyIO           MODE: declarations took 0 ms 
387492     INFO  Test worker     d.u.i.k.n.KeyIO           Parsing took 0 ms 
387493     INFO  Test worker     d.u.i.k.n.KeyIO           MODE: declarations took 1 ms 
387493     INFO  Test worker     d.u.i.k.n.KeyIO           Parsing took 0 ms 
387493     INFO  Test worker     d.u.i.k.n.KeyIO           MODE: declarations took 0 ms 
387493     INFO  Test worker     d.u.i.k.n.KeyIO           Parsing took 0 ms 
387493     INFO  Test worker     d.u.i.k.n.KeyIO           MODE: declarations took 0 ms 
387493     INFO  Test worker     d.u.i.k.n.KeyIO           Parsing took 0 ms 
387493     INFO  Test worker     d.u.i.k.n.KeyIO           MODE: declarations took 0 ms 
387493     INFO  Test worker     d.u.i.k.n.KeyIO           Parsing took 0 ms 
387493     INFO  Test worker     d.u.i.k.n.KeyIO           MODE: declarations took 0 ms 
390772     INFO  Test worker     d.u.i.k.n.KeyIO           Parsing took 0 ms 
390772     INFO  Test worker     d.u.i.k.n.KeyIO           MODE: declarations took 0 ms 
390772     INFO  Test worker     d.u.i.k.n.KeyIO           Parsing took 0 ms 
390772     INFO  Test worker     d.u.i.k.n.KeyIO           MODE: declarations took 0 ms 
390772     INFO  Test worker     d.u.i.k.n.KeyIO           Parsing took 0 ms 
390772     INFO  Test worker     d.u.i.k.n.KeyIO           MODE: declarations took 0 ms 
390772     INFO  Test worker     d.u.i.k.n.KeyIO           Parsing took 0 ms 
390772     INFO  Test worker     d.u.i.k.n.KeyIO           MODE: declarations took 0 ms 
390772     INFO  Test worker     d.u.i.k.n.KeyIO           Parsing took 0 ms 
390772     INFO  Test worker     d.u.i.k.n.KeyIO           MODE: declarations took 0 ms 
393939     INFO  Test worker     d.u.i.k.n.KeyIO           Parsing took 0 ms 
393939     INFO  Test worker     d.u.i.k.n.KeyIO           MODE: declarations took 0 ms 
393939     INFO  Test worker     d.u.i.k.n.KeyIO           Parsing took 0 ms 
393940     INFO  Test worker     d.u.i.k.n.KeyIO           MODE: declarations took 0 ms 
393940     INFO  Test worker     d.u.i.k.n.KeyIO           Parsing took 0 ms 
393940     INFO  Test worker     d.u.i.k.n.KeyIO           MODE: declarations took 0 ms 
393940     INFO  Test worker     d.u.i.k.n.KeyIO           Parsing took 0 ms 
393940     INFO  Test worker     d.u.i.k.n.KeyIO           MODE: declarations took 0 ms 
393940     INFO  Test worker     d.u.i.k.n.KeyIO           Parsing took 0 ms 
393941     INFO  Test worker     d.u.i.k.n.KeyIO           MODE: declarations took 0 ms 
396989     INFO  Test worker     d.u.i.k.n.KeyIO           Parsing took 0 ms 
396989     INFO  Test worker     d.u.i.k.n.KeyIO           MODE: declarations took 0 ms 
396989     INFO  Test worker     d.u.i.k.n.KeyIO           Parsing took 0 ms 
396989     INFO  Test worker     d.u.i.k.n.KeyIO           MODE: declarations took 0 ms 
396989     INFO  Test worker     d.u.i.k.n.KeyIO           Parsing took 0 ms 
396989     INFO  Test worker     d.u.i.k.n.KeyIO           MODE: declarations took 0 ms 
396989     INFO  Test worker     d.u.i.k.n.KeyIO           Parsing took 0 ms 
396989     INFO  Test worker     d.u.i.k.n.KeyIO           MODE: declarations took 0 ms 
396989     INFO  Test worker     d.u.i.k.n.KeyIO           Parsing took 0 ms 
396989     INFO  Test worker     d.u.i.k.n.KeyIO           MODE: declarations took 0 ms 
400144     INFO  Test worker     d.u.i.k.n.KeyIO           Parsing took 0 ms 
400144     INFO  Test worker     d.u.i.k.n.KeyIO           MODE: declarations took 0 ms 
400144     INFO  Test worker     d.u.i.k.n.KeyIO           Parsing took 0 ms 
400144     INFO  Test worker     d.u.i.k.n.KeyIO           MODE: declarations took 0 ms 
400144     INFO  Test worker     d.u.i.k.n.KeyIO           Parsing took 0 ms 
400144     INFO  Test worker     d.u.i.k.n.KeyIO           MODE: declarations took 0 ms 
400144     INFO  Test worker     d.u.i.k.n.KeyIO           Parsing took 0 ms 
400144     INFO  Test worker     d.u.i.k.n.KeyIO           MODE: declarations took 0 ms 
400144     INFO  Test worker     d.u.i.k.n.KeyIO           Parsing took 0 ms 
400144     INFO  Test worker     d.u.i.k.n.KeyIO           MODE: declarations took 0 ms 
403270     INFO  Test worker     d.u.i.k.n.KeyIO           Parsing took 0 ms 
403270     INFO  Test worker     d.u.i.k.n.KeyIO           MODE: declarations took 0 ms 
403270     INFO  Test worker     d.u.i.k.n.KeyIO           Parsing took 0 ms 
403270     INFO  Test worker     d.u.i.k.n.KeyIO           MODE: declarations took 0 ms 
403270     INFO  Test worker     d.u.i.k.n.KeyIO           Parsing took 0 ms 
403270     INFO  Test worker     d.u.i.k.n.KeyIO           MODE: declarations took 0 ms 
403270     INFO  Test worker     d.u.i.k.n.KeyIO           Parsing took 0 ms 
403270     INFO  Test worker     d.u.i.k.n.KeyIO           MODE: declarations took 0 ms 
403270     INFO  Test worker     d.u.i.k.n.KeyIO           Parsing took 0 ms 
403270     INFO  Test worker     d.u.i.k.n.KeyIO           MODE: declarations took 0 ms 
406373     INFO  Test worker     d.u.i.k.n.KeyIO           Parsing took 0 ms 
406373     INFO  Test worker     d.u.i.k.n.KeyIO           MODE: declarations took 0 ms 
406373     INFO  Test worker     d.u.i.k.n.KeyIO           Parsing took 0 ms 
406374     INFO  Test worker     d.u.i.k.n.KeyIO           MODE: declarations took 0 ms 
406374     INFO  Test worker     d.u.i.k.n.KeyIO           Parsing took 0 ms 
406374     INFO  Test worker     d.u.i.k.n.KeyIO           MODE: declarations took 0 ms 
406374     INFO  Test worker     d.u.i.k.n.KeyIO           Parsing took 0 ms 
406374     INFO  Test worker     d.u.i.k.n.KeyIO           MODE: declarations took 0 ms 
406374     INFO  Test worker     d.u.i.k.n.KeyIO           Parsing took 0 ms 
406374     INFO  Test worker     d.u.i.k.n.KeyIO           MODE: declarations took 0 ms 
409469     INFO  Test worker     d.u.i.k.n.KeyIO           Parsing took 0 ms 
409469     INFO  Test worker     d.u.i.k.n.KeyIO           MODE: declarations took 0 ms 
409469     INFO  Test worker     d.u.i.k.n.KeyIO           Parsing took 0 ms 
409469     INFO  Test worker     d.u.i.k.n.KeyIO           MODE: declarations took 0 ms 
409469     INFO  Test worker     d.u.i.k.n.KeyIO           Parsing took 0 ms 
409469     INFO  Test worker     d.u.i.k.n.KeyIO           MODE: declarations took 0 ms 
409469     INFO  Test worker     d.u.i.k.n.KeyIO           Parsing took 0 ms 
409469     INFO  Test worker     d.u.i.k.n.KeyIO           MODE: declarations took 0 ms 
409469     INFO  Test worker     d.u.i.k.n.KeyIO           Parsing took 0 ms 
409469     INFO  Test worker     d.u.i.k.n.KeyIO           MODE: declarations took 0 ms 
412592     INFO  Test worker     d.u.i.k.n.KeyIO           Parsing took 0 ms 
412593     INFO  Test worker     d.u.i.k.n.KeyIO           MODE: declarations took 1 ms 
412593     INFO  Test worker     d.u.i.k.n.KeyIO           Parsing took 0 ms 
412593     INFO  Test worker     d.u.i.k.n.KeyIO           MODE: declarations took 0 ms 
412593     INFO  Test worker     d.u.i.k.n.KeyIO           Parsing took 0 ms 
412593     INFO  Test worker     d.u.i.k.n.KeyIO           MODE: declarations took 0 ms 
412593     INFO  Test worker     d.u.i.k.n.KeyIO           Parsing took 0 ms 
412593     INFO  Test worker     d.u.i.k.n.KeyIO           MODE: declarations took 0 ms 
412593     INFO  Test worker     d.u.i.k.n.KeyIO           Parsing took 0 ms 
412593     INFO  Test worker     d.u.i.k.n.KeyIO           MODE: declarations took 0 ms 
415725     INFO  Test worker     d.u.i.k.n.KeyIO           Parsing took 0 ms 
415726     INFO  Test worker     d.u.i.k.n.KeyIO           MODE: declarations took 0 ms 
415726     INFO  Test worker     d.u.i.k.n.KeyIO           Parsing took 0 ms 
415726     INFO  Test worker     d.u.i.k.n.KeyIO           MODE: declarations took 0 ms 
415726     INFO  Test worker     d.u.i.k.n.KeyIO           Parsing took 0 ms 
415726     INFO  Test worker     d.u.i.k.n.KeyIO           MODE: declarations took 0 ms 
415726     INFO  Test worker     d.u.i.k.n.KeyIO           Parsing took 0 ms 
415726     INFO  Test worker     d.u.i.k.n.KeyIO           MODE: declarations took 0 ms 
415726     INFO  Test worker     d.u.i.k.n.KeyIO           Parsing took 0 ms 
415726     INFO  Test worker     d.u.i.k.n.KeyIO           MODE: declarations took 0 ms 
418770     INFO  Test worker     d.u.i.k.n.KeyIO           Parsing took 0 ms 
418770     INFO  Test worker     d.u.i.k.n.KeyIO           MODE: declarations took 0 ms 
418770     INFO  Test worker     d.u.i.k.n.KeyIO           Parsing took 0 ms 
418770     INFO  Test worker     d.u.i.k.n.KeyIO           MODE: declarations took 0 ms 
418770     INFO  Test worker     d.u.i.k.n.KeyIO           Parsing took 0 ms 
418770     INFO  Test worker     d.u.i.k.n.KeyIO           MODE: declarations took 0 ms 
418770     INFO  Test worker     d.u.i.k.n.KeyIO           Parsing took 0 ms 
418770     INFO  Test worker     d.u.i.k.n.KeyIO           MODE: declarations took 0 ms 
418770     INFO  Test worker     d.u.i.k.n.KeyIO           Parsing took 0 ms 
418770     INFO  Test worker     d.u.i.k.n.KeyIO           MODE: declarations took 0 ms 
422103     INFO  Test worker     d.u.i.k.n.KeyIO           Parsing took 0 ms 
422103     INFO  Test worker     d.u.i.k.n.KeyIO           MODE: declarations took 0 ms 
422103     INFO  Test worker     d.u.i.k.n.KeyIO           Parsing took 0 ms 
422103     INFO  Test worker     d.u.i.k.n.KeyIO           MODE: declarations took 0 ms 
422103     INFO  Test worker     d.u.i.k.n.KeyIO           Parsing took 0 ms 
422103     INFO  Test worker     d.u.i.k.n.KeyIO           MODE: declarations took 0 ms 
422103     INFO  Test worker     d.u.i.k.n.KeyIO           Parsing took 0 ms 
422103     INFO  Test worker     d.u.i.k.n.KeyIO           MODE: declarations took 0 ms 
422103     INFO  Test worker     d.u.i.k.n.KeyIO           Parsing took 0 ms 
422103     INFO  Test worker     d.u.i.k.n.KeyIO           MODE: declarations took 0 ms 
425430     INFO  Test worker     d.u.i.k.n.KeyIO           Parsing took 0 ms 
425430     INFO  Test worker     d.u.i.k.n.KeyIO           MODE: declarations took 0 ms 
425430     INFO  Test worker     d.u.i.k.n.KeyIO           Parsing took 0 ms 
425430     INFO  Test worker     d.u.i.k.n.KeyIO           MODE: declarations took 0 ms 
425430     INFO  Test worker     d.u.i.k.n.KeyIO           Parsing took 0 ms 
425430     INFO  Test worker     d.u.i.k.n.KeyIO           MODE: declarations took 0 ms 
425430     INFO  Test worker     d.u.i.k.n.KeyIO           Parsing took 0 ms 
425431     INFO  Test worker     d.u.i.k.n.KeyIO           MODE: declarations took 1 ms 
425431     INFO  Test worker     d.u.i.k.n.KeyIO           Parsing took 0 ms 
425431     INFO  Test worker     d.u.i.k.n.KeyIO           MODE: declarations took 0 ms 
428622     INFO  Test worker     d.u.i.k.n.KeyIO           Parsing took 0 ms 
428622     INFO  Test worker     d.u.i.k.n.KeyIO           MODE: declarations took 0 ms 
428622     INFO  Test worker     d.u.i.k.n.KeyIO           Parsing took 0 ms 
428622     INFO  Test worker     d.u.i.k.n.KeyIO           MODE: declarations took 0 ms 
428622     INFO  Test worker     d.u.i.k.n.KeyIO           Parsing took 0 ms 
428622     INFO  Test worker     d.u.i.k.n.KeyIO           MODE: declarations took 0 ms 
428622     INFO  Test worker     d.u.i.k.n.KeyIO           Parsing took 0 ms 
428623     INFO  Test worker     d.u.i.k.n.KeyIO           MODE: declarations took 1 ms 
428623     INFO  Test worker     d.u.i.k.n.KeyIO           Parsing took 0 ms 
428623     INFO  Test worker     d.u.i.k.n.KeyIO           MODE: declarations took 0 ms 
431756     INFO  Test worker     d.u.i.k.n.KeyIO           Parsing took 0 ms 
431756     INFO  Test worker     d.u.i.k.n.KeyIO           MODE: declarations took 0 ms 
431756     INFO  Test worker     d.u.i.k.n.KeyIO           Parsing took 0 ms 
431756     INFO  Test worker     d.u.i.k.n.KeyIO           MODE: declarations took 0 ms 
431756     INFO  Test worker     d.u.i.k.n.KeyIO           Parsing took 0 ms 
431756     INFO  Test worker     d.u.i.k.n.KeyIO           MODE: declarations took 0 ms 
431756     INFO  Test worker     d.u.i.k.n.KeyIO           Parsing took 0 ms 
431756     INFO  Test worker     d.u.i.k.n.KeyIO           MODE: declarations took 0 ms 
431756     INFO  Test worker     d.u.i.k.n.KeyIO           Parsing took 0 ms 
431756     INFO  Test worker     d.u.i.k.n.KeyIO           MODE: declarations took 0 ms 
434871     INFO  Test worker     d.u.i.k.n.KeyIO           Parsing took 0 ms 
434871     INFO  Test worker     d.u.i.k.n.KeyIO           MODE: declarations took 0 ms 
434871     INFO  Test worker     d.u.i.k.n.KeyIO           Parsing took 0 ms 
434871     INFO  Test worker     d.u.i.k.n.KeyIO           MODE: declarations took 0 ms 
434871     INFO  Test worker     d.u.i.k.n.KeyIO           Parsing took 0 ms 
434871     INFO  Test worker     d.u.i.k.n.KeyIO           MODE: declarations took 0 ms 
434871     INFO  Test worker     d.u.i.k.n.KeyIO           Parsing took 0 ms 
434871     INFO  Test worker     d.u.i.k.n.KeyIO           MODE: declarations took 0 ms 
434871     INFO  Test worker     d.u.i.k.n.KeyIO           Parsing took 0 ms 
434871     INFO  Test worker     d.u.i.k.n.KeyIO           MODE: declarations took 0 ms 
438239     INFO  Test worker     d.u.i.k.n.KeyIO           Parsing took 0 ms 
438240     INFO  Test worker     d.u.i.k.n.KeyIO           MODE: declarations took 0 ms 
438240     INFO  Test worker     d.u.i.k.n.KeyIO           Parsing took 0 ms 
438240     INFO  Test worker     d.u.i.k.n.KeyIO           MODE: declarations took 0 ms 
438240     INFO  Test worker     d.u.i.k.n.KeyIO           Parsing took 0 ms 
438240     INFO  Test worker     d.u.i.k.n.KeyIO           MODE: declarations took 0 ms 
438240     INFO  Test worker     d.u.i.k.n.KeyIO           Parsing took 0 ms 
438240     INFO  Test worker     d.u.i.k.n.KeyIO           MODE: declarations took 0 ms 
438240     INFO  Test worker     d.u.i.k.n.KeyIO           Parsing took 0 ms 
438240     INFO  Test worker     d.u.i.k.n.KeyIO           MODE: declarations took 0 ms 
441489     INFO  Test worker     d.u.i.k.n.KeyIO           Parsing took 0 ms 
441489     INFO  Test worker     d.u.i.k.n.KeyIO           MODE: declarations took 0 ms 
441489     INFO  Test worker     d.u.i.k.n.KeyIO           Parsing took 0 ms 
441489     INFO  Test worker     d.u.i.k.n.KeyIO           MODE: declarations took 0 ms 
441490     INFO  Test worker     d.u.i.k.n.KeyIO           Parsing took 1 ms 
441490     INFO  Test worker     d.u.i.k.n.KeyIO           MODE: declarations took 0 ms 
441490     INFO  Test worker     d.u.i.k.n.KeyIO           Parsing took 0 ms 
441490     INFO  Test worker     d.u.i.k.n.KeyIO           MODE: declarations took 0 ms 
441490     INFO  Test worker     d.u.i.k.n.KeyIO           Parsing took 0 ms 
441490     INFO  Test worker     d.u.i.k.n.KeyIO           MODE: declarations took 0 ms 
444703     INFO  Test worker     d.u.i.k.n.KeyIO           Parsing took 0 ms 
444703     INFO  Test worker     d.u.i.k.n.KeyIO           MODE: declarations took 0 ms 
444703     INFO  Test worker     d.u.i.k.n.KeyIO           Parsing took 0 ms 
444703     INFO  Test worker     d.u.i.k.n.KeyIO           MODE: declarations took 0 ms 
444703     INFO  Test worker     d.u.i.k.n.KeyIO           Parsing took 0 ms 
444704     INFO  Test worker     d.u.i.k.n.KeyIO           MODE: declarations took 0 ms 
444704     INFO  Test worker     d.u.i.k.n.KeyIO           Parsing took 0 ms 
444704     INFO  Test worker     d.u.i.k.n.KeyIO           MODE: declarations took 0 ms 
444704     INFO  Test worker     d.u.i.k.n.KeyIO           Parsing took 0 ms 
444704     INFO  Test worker     d.u.i.k.n.KeyIO           MODE: declarations took 0 ms 
447922     INFO  Test worker     d.u.i.k.n.KeyIO           Parsing took 0 ms 
447922     INFO  Test worker     d.u.i.k.n.KeyIO           MODE: declarations took 0 ms 
447922     INFO  Test worker     d.u.i.k.n.KeyIO           Parsing took 0 ms 
447922     INFO  Test worker     d.u.i.k.n.KeyIO           MODE: declarations took 0 ms 
447922     INFO  Test worker     d.u.i.k.n.KeyIO           Parsing took 0 ms 
447922     INFO  Test worker     d.u.i.k.n.KeyIO           MODE: declarations took 0 ms 
447922     INFO  Test worker     d.u.i.k.n.KeyIO           Parsing took 0 ms 
447922     INFO  Test worker     d.u.i.k.n.KeyIO           MODE: declarations took 0 ms 
447922     INFO  Test worker     d.u.i.k.n.KeyIO           Parsing took 0 ms 
447922     INFO  Test worker     d.u.i.k.n.KeyIO           MODE: declarations took 0 ms 
]]></system-out>
  <system-err><![CDATA[]]></system-err>
</testsuite>
