<?xml version="1.0" encoding="UTF-8"?>
<testsuite name="de.uka.ilkd.key.macros.scripts.ScriptLineParserTest" tests="1" skipped="0" failures="0" errors="0" timestamp="2023-04-07T14:30:28" hostname="fv-az256-523" time="0.006">
  <properties/>
  <testcase name="test()" classname="de.uka.ilkd.key.macros.scripts.ScriptLineParserTest" time="0.006"/>
  <system-out><![CDATA[183498     INFO  Test worker     d.u.i.k.m.s.ScriptLineParserTest {key1=value1, #3=long defvalue, key2=value two, #literal=macro key1=value1 key2="value two" defval3 "long defvalue", #1=macro, #2=defval3} 
183499     INFO  Test worker     d.u.i.k.m.s.ScriptLineParserTest {#literal=command, #1=command} 
183499     INFO  Test worker     d.u.i.k.m.s.ScriptLineParserTest {with=line breaks in 
 values, #literal=multiline 
 command 
 with="line breaks in 
 values", #1=multiline, #2=command} 
183501     INFO  Test worker     d.u.i.k.m.s.ScriptLineParserTest {#literal=select formula="a;b", formula=a;b, #1=select} 
183502     INFO  Test worker     d.u.i.k.m.s.ScriptLineParserTest {#literal=hyphened-command, #1=hyphened-command} 
]]></system-out>
  <system-err><![CDATA[]]></system-err>
</testsuite>
