<?xml version="1.0" encoding="UTF-8"?>
<testsuite name="de.uka.ilkd.key.nparser.ExprTest" tests="23" skipped="0" failures="0" errors="0" timestamp="2023-04-07T14:30:56" hostname="fv-az256-523" time="2.503">
  <properties/>
  <testcase name="[1] (bprod{int y;}(1, 2, y) = 0)" classname="de.uka.ilkd.key.nparser.ExprTest" time="0.015"/>
  <testcase name="[2] 1 = 1 -&gt; 2 = 2" classname="de.uka.ilkd.key.nparser.ExprTest" time="0.013"/>
  <testcase name="[3] \&lt; { int x = 1; } \&gt; x=1" classname="de.uka.ilkd.key.nparser.ExprTest" time="1.054"/>
  <testcase name="[4] \&lt;{ int x = 1; {int s = 2;} }\&gt; x=x" classname="de.uka.ilkd.key.nparser.ExprTest" time="0.959"/>
  <testcase name="[5] true" classname="de.uka.ilkd.key.nparser.ExprTest" time="0.013"/>
  <testcase name="[6] true &amp; false" classname="de.uka.ilkd.key.nparser.ExprTest" time="0.012"/>
  <testcase name="[7] 0" classname="de.uka.ilkd.key.nparser.ExprTest" time="0.014"/>
  <testcase name="[8] 1" classname="de.uka.ilkd.key.nparser.ExprTest" time="0.094"/>
  <testcase name="[9] 42" classname="de.uka.ilkd.key.nparser.ExprTest" time="0.019"/>
  <testcase name="[10] -5" classname="de.uka.ilkd.key.nparser.ExprTest" time="0.016"/>
  <testcase name="[11] 1 + 1 = 2" classname="de.uka.ilkd.key.nparser.ExprTest" time="0.015"/>
  <testcase name="[12] \if (3=4) \then (1) \else (2)" classname="de.uka.ilkd.key.nparser.ExprTest" time="0.018"/>
  <testcase name="[13] \if (3=4 &amp; 1=1) \then (\if (3=4) \then (1) \else (2)) \else (2)" classname="de.uka.ilkd.key.nparser.ExprTest" time="0.014"/>
  <testcase name="[14] aa + bb*cc" classname="de.uka.ilkd.key.nparser.ExprTest" time="0.018"/>
  <testcase name="[15] aa%bb*cc &lt; -123" classname="de.uka.ilkd.key.nparser.ExprTest" time="0.015"/>
  <testcase name="[16] \forall int x; true" classname="de.uka.ilkd.key.nparser.ExprTest" time="0.012"/>
  <testcase name="[17] \forall numbers x; x = x" classname="de.uka.ilkd.key.nparser.ExprTest" time="0.015"/>
  <testcase name="[18] (int)3+2" classname="de.uka.ilkd.key.nparser.ExprTest" time="0.02"/>
  <testcase name="[19] 1.f + 1f = 20e-1f * (2f-1f)" classname="de.uka.ilkd.key.nparser.ExprTest" time="0.036"/>
  <testcase name="[20] 1.d + 1d &lt;= 20e+1d * .01d" classname="de.uka.ilkd.key.nparser.ExprTest" time="0.031"/>
  <testcase name="[21] 1f &lt;= 2f" classname="de.uka.ilkd.key.nparser.ExprTest" time="0.015"/>
  <testcase name="[22] 2d &gt; 1d" classname="de.uka.ilkd.key.nparser.ExprTest" time="0.014"/>
  <testcase name="[23] seqEmpty + seqEmpty" classname="de.uka.ilkd.key.nparser.ExprTest" time="0.028"/>
  <system-out><![CDATA[212087     INFO  Test worker     d.u.i.k.n.KeyIO           Parsing took 9 ms 
212089     INFO  Test worker     d.u.i.k.n.KeyIO           MODE: declarations took 1 ms 
212092     INFO  Test worker     d.u.i.k.n.ExprTest        Term: equals(bprod{y:int}(Z(1(#)),Z(2(#)),y),Z(0(#))) 
212102     INFO  Test worker     d.u.i.k.n.KeyIO           Parsing took 8 ms 
212103     INFO  Test worker     d.u.i.k.n.KeyIO           MODE: declarations took 1 ms 
212106     INFO  Test worker     d.u.i.k.n.ExprTest        Term: imp(equals(Z(1(#)),Z(1(#))),equals(Z(2(#)),Z(2(#)))) 
212120     INFO  Test worker     d.u.i.k.n.KeyIO           Parsing took 7 ms 
212122     INFO  Test worker     d.u.i.k.n.KeyIO           MODE: declarations took 1 ms 
213160     INFO  Test worker     d.u.i.k.n.ExprTest        Term: \<{
  int x = 1;
}\> (equals(x,Z(1(#)))) 
213171     INFO  Test worker     d.u.i.k.n.KeyIO           Parsing took 8 ms 
213172     INFO  Test worker     d.u.i.k.n.KeyIO           MODE: declarations took 1 ms 
214121     INFO  Test worker     d.u.i.k.n.ExprTest        Term: \<{
  int x = 1;
  {
    int s = 2;
  }
}\> (equals(x,x)) 
214132     INFO  Test worker     d.u.i.k.n.KeyIO           Parsing took 9 ms 
214133     INFO  Test worker     d.u.i.k.n.KeyIO           MODE: declarations took 1 ms 
214135     INFO  Test worker     d.u.i.k.n.ExprTest        Term: true 
214145     INFO  Test worker     d.u.i.k.n.KeyIO           Parsing took 7 ms 
214146     INFO  Test worker     d.u.i.k.n.KeyIO           MODE: declarations took 1 ms 
214148     INFO  Test worker     d.u.i.k.n.ExprTest        Term: and(true,false) 
214159     INFO  Test worker     d.u.i.k.n.KeyIO           Parsing took 8 ms 
214160     INFO  Test worker     d.u.i.k.n.KeyIO           MODE: declarations took 0 ms 
214163     INFO  Test worker     d.u.i.k.n.ExprTest        Term: Z(0(#)) 
214254     INFO  Test worker     d.u.i.k.n.KeyIO           Parsing took 88 ms 
214256     INFO  Test worker     d.u.i.k.n.KeyIO           MODE: declarations took 2 ms 
214258     INFO  Test worker     d.u.i.k.n.ExprTest        Term: Z(1(#)) 
214273     INFO  Test worker     d.u.i.k.n.KeyIO           Parsing took 13 ms 
214274     INFO  Test worker     d.u.i.k.n.KeyIO           MODE: declarations took 1 ms 
214278     INFO  Test worker     d.u.i.k.n.ExprTest        Term: Z(2(4(#))) 
214288     INFO  Test worker     d.u.i.k.n.KeyIO           Parsing took 8 ms 
214290     INFO  Test worker     d.u.i.k.n.KeyIO           MODE: declarations took 2 ms 
214295     INFO  Test worker     d.u.i.k.n.ExprTest        Term: Z(neglit(5(#))) 
214309     INFO  Test worker     d.u.i.k.n.KeyIO           Parsing took 8 ms 
214310     INFO  Test worker     d.u.i.k.n.KeyIO           MODE: declarations took 0 ms 
214313     INFO  Test worker     d.u.i.k.n.ExprTest        Term: equals(add(Z(1(#)),Z(1(#))),Z(2(#))) 
214324     INFO  Test worker     d.u.i.k.n.KeyIO           Parsing took 9 ms 
214329     INFO  Test worker     d.u.i.k.n.KeyIO           MODE: declarations took 5 ms 
214332     INFO  Test worker     d.u.i.k.n.ExprTest        Term: if-then-else(equals(Z(3(#)),Z(4(#))),Z(1(#)),Z(2(#))) 
214342     INFO  Test worker     d.u.i.k.n.KeyIO           Parsing took 8 ms 
214344     INFO  Test worker     d.u.i.k.n.KeyIO           MODE: declarations took 2 ms 
214346     INFO  Test worker     d.u.i.k.n.ExprTest        Term: if-then-else(and(equals(Z(3(#)),Z(4(#))),equals(Z(1(#)),Z(1(#)))),if-then-else(equals(Z(3(#)),Z(4(#))),Z(1(#)),Z(2(#))),Z(2(#))) 
214361     INFO  Test worker     d.u.i.k.n.KeyIO           Parsing took 10 ms 
214362     INFO  Test worker     d.u.i.k.n.KeyIO           MODE: declarations took 0 ms 
214365     INFO  Test worker     d.u.i.k.n.ExprTest        Term: add(aa,mul(bb,cc)) 
214381     INFO  Test worker     d.u.i.k.n.KeyIO           Parsing took 9 ms 
214383     INFO  Test worker     d.u.i.k.n.KeyIO           MODE: declarations took 1 ms 
214385     INFO  Test worker     d.u.i.k.n.ExprTest        Term: lt(mul(mod(aa,bb),cc),Z(neglit(3(2(1(#)))))) 
214395     INFO  Test worker     d.u.i.k.n.KeyIO           Parsing took 7 ms 
214396     INFO  Test worker     d.u.i.k.n.KeyIO           MODE: declarations took 1 ms 
214398     INFO  Test worker     d.u.i.k.n.ExprTest        Term: all{x:int}(true) 
214409     INFO  Test worker     d.u.i.k.n.KeyIO           Parsing took 6 ms 
214411     INFO  Test worker     d.u.i.k.n.KeyIO           MODE: declarations took 1 ms 
214415     INFO  Test worker     d.u.i.k.n.ExprTest        Term: all{x:numbers}(equals(x,x)) 
214428     INFO  Test worker     d.u.i.k.n.KeyIO           Parsing took 8 ms 
214429     INFO  Test worker     d.u.i.k.n.KeyIO           MODE: declarations took 1 ms 
214438     INFO  Test worker     d.u.i.k.n.ExprTest        Term: add(int::cast(Z(3(#))),Z(2(#))) 
214464     INFO  Test worker     d.u.i.k.n.KeyIO           Parsing took 13 ms 
214465     INFO  Test worker     d.u.i.k.n.KeyIO           MODE: declarations took 1 ms 
214480     INFO  Test worker     d.u.i.k.n.ExprTest        Term: equals(addFloat(FP(6(1(2(3(5(3(5(6(0(1(#))))))))))),FP(6(1(2(3(5(3(5(6(0(1(#)))))))))))),mulFloat(FP(4(2(8(1(4(7(3(7(0(1(#))))))))))),subFloat(FP(4(2(8(1(4(7(3(7(0(1(#))))))))))),FP(6(1(2(3(5(3(5(6(0(1(#)))))))))))))) 
214499     INFO  Test worker     d.u.i.k.n.KeyIO           Parsing took 12 ms 
214510     INFO  Test worker     d.u.i.k.n.KeyIO           MODE: declarations took 11 ms 
214515     INFO  Test worker     d.u.i.k.n.ExprTest        Term: leqDouble(addDouble(DFP(8(0(4(7(1(0(0(0(8(8(1(4(2(8(1(7(0(6(4(#)))))))))))))))))))),DFP(8(0(4(7(1(0(0(0(8(8(1(4(2(8(1(7(0(6(4(#))))))))))))))))))))),mulDouble(DFP(4(8(7(6(0(0(2(8(9(0(9(8(0(4(2(1(4(6(4(#)))))))))))))))))))),DFP(5(7(6(7(8(0(4(0(3(9(2(2(8(1(9(6(7(5(4(#)))))))))))))))))))))) 
214531     INFO  Test worker     d.u.i.k.n.KeyIO           Parsing took 8 ms 
214532     INFO  Test worker     d.u.i.k.n.KeyIO           MODE: declarations took 1 ms 
214535     INFO  Test worker     d.u.i.k.n.ExprTest        Term: leqFloat(FP(6(1(2(3(5(3(5(6(0(1(#))))))))))),FP(4(2(8(1(4(7(3(7(0(1(#)))))))))))) 
214545     INFO  Test worker     d.u.i.k.n.KeyIO           Parsing took 7 ms 
214546     INFO  Test worker     d.u.i.k.n.KeyIO           MODE: declarations took 1 ms 
214550     INFO  Test worker     d.u.i.k.n.ExprTest        Term: gtDouble(DFP(4(0(9(7(8(3(7(2(4(8(1(0(6(8(6(1(1(6(4(#)))))))))))))))))))),DFP(8(0(4(7(1(0(0(0(8(8(1(4(2(8(1(7(0(6(4(#))))))))))))))))))))) 
214565     INFO  Test worker     d.u.i.k.n.KeyIO           Parsing took 12 ms 
214577     INFO  Test worker     d.u.i.k.n.KeyIO           MODE: declarations took 12 ms 
214580     INFO  Test worker     d.u.i.k.n.ExprTest        Term: seqConcat(seqEmpty,seqEmpty) 
]]></system-out>
  <system-err><![CDATA[]]></system-err>
</testsuite>
