<?xml version="1.0" encoding="UTF-8"?>
<testsuite name="de.uka.ilkd.key.rule.loop.LoopScopeInvRuleTests" tests="1" skipped="0" failures="0" errors="0" timestamp="2023-04-20T12:55:50" hostname="fv-az365-244" time="4.903">
  <properties/>
  <testcase name="testDoAutomaticProofOfBenchmarkWithLabeledBreaksAndContinues()" classname="de.uka.ilkd.key.rule.loop.LoopScopeInvRuleTests" time="4.903"/>
  <system-out><![CDATA[453655     INFO  Test worker     d.u.i.k.p.i.AbstractProblemLoader Loading environment from src\test\resources\testcase\loopScopeInvRule\Test.key 
453655     DEBUG Test worker     d.u.i.k.p.i.AbstractProblemLoader Environment load took 512.6ns 
453655     INFO  Test worker     d.u.i.k.p.i.AbstractProblemLoader Creating init config 
453804     DEBUG Test worker     d.u.i.k.j.TypeConverter   No LDT found for Meta 
453804     DEBUG Test worker     d.u.i.k.j.TypeConverter   No LDT found for Meta 
453804     DEBUG Test worker     d.u.i.k.j.TypeConverter   No LDT found for Meta 
453804     DEBUG Test worker     d.u.i.k.j.TypeConverter   No LDT found for Meta 
454297     DEBUG Test worker     d.u.i.k.j.TypeConverter   No LDT found for JavaBigintExpression 
457819     DEBUG Test worker     d.u.i.k.p.i.AbstractProblemLoader Init config took 4.17s 
457866     INFO  Test worker     d.u.i.k.p.i.AbstractProblemLoader Replaying proof Test[Test::loopScopeRuleBenchmark(int,boolean)].JML normal_behavior operation contract.0 
457875     DEBUG Test worker     d.u.i.k.p.i.IntermediateProofReplayer Proof replay took 16.3ns 
]]></system-out>
  <system-err><![CDATA[]]></system-err>
</testsuite>
