<?xml version="1.0" encoding="UTF-8"?>
<testsuite name="de.uka.ilkd.key.proof.TestOneStepSimplifier" tests="1" skipped="0" failures="0" errors="0" timestamp="2023-04-20T12:55:24" hostname="fv-az365-244" time="3.763">
  <properties/>
  <testcase name="loadWithRestriction()" classname="de.uka.ilkd.key.proof.TestOneStepSimplifier" time="3.763"/>
  <system-out><![CDATA[427473     INFO  Test worker     d.u.i.k.p.i.AbstractProblemLoader Loading environment from src\test\resources\testcase\ossRestriction.proof 
427474     DEBUG Test worker     d.u.i.k.p.i.AbstractProblemLoader Environment load took 96.9ns 
427475     INFO  Test worker     d.u.i.k.p.i.AbstractProblemLoader Creating init config 
427570     DEBUG Test worker     d.u.i.k.j.TypeConverter   No LDT found for Meta 
427570     DEBUG Test worker     d.u.i.k.j.TypeConverter   No LDT found for Meta 
427570     DEBUG Test worker     d.u.i.k.j.TypeConverter   No LDT found for Meta 
427570     DEBUG Test worker     d.u.i.k.j.TypeConverter   No LDT found for Meta 
428023     DEBUG Test worker     d.u.i.k.j.TypeConverter   No LDT found for JavaBigintExpression 
431190     DEBUG Test worker     d.u.i.k.p.i.AbstractProblemLoader Init config took 3.72s 
431222     INFO  Test worker     d.u.i.k.p.i.AbstractProblemLoader Replaying proof ossRestriction.proof 
431222     DEBUG Test worker     d.u.i.k.p.i.IntermediateProofReplayer Proof replay took 898.8ns 
]]></system-out>
  <system-err><![CDATA[]]></system-err>
</testsuite>
