<?xml version="1.0" encoding="UTF-8"?>
<testsuite name="de.uka.ilkd.key.rule.merge.PredicateAbstractionLatticeTests" tests="3" skipped="0" failures="0" errors="0" timestamp="2023-04-20T12:57:14" hostname="fv-az365-244" time="6.145">
  <properties/>
  <testcase name="testToAndFromString()" classname="de.uka.ilkd.key.rule.merge.PredicateAbstractionLatticeTests" time="2.873"/>
  <testcase name="testCreateSignLatticeWithPredicates()" classname="de.uka.ilkd.key.rule.merge.PredicateAbstractionLatticeTests" time="3.272"/>
  <testcase name="testTrivialPredicatesLattice()" classname="de.uka.ilkd.key.rule.merge.PredicateAbstractionLatticeTests" time="0.0"/>
  <system-out><![CDATA[536994     INFO  Test worker     d.u.i.k.p.i.AbstractProblemLoader Loading environment from src\test\resources\testcase\merge\dummy.key 
536994     DEBUG Test worker     d.u.i.k.p.i.AbstractProblemLoader Environment load took 106ns 
536994     INFO  Test worker     d.u.i.k.p.i.AbstractProblemLoader Creating init config 
539839     DEBUG Test worker     d.u.i.k.p.i.AbstractProblemLoader Init config took 2.85s 
539870     INFO  Test worker     d.u.i.k.p.i.AbstractProblemLoader Replaying proof dummy.key 
539870     DEBUG Test worker     d.u.i.k.p.i.IntermediateProofReplayer Proof replay took 7.5ns 
539870     INFO  Test worker     d.u.i.k.p.i.AbstractProblemLoader Loading environment from src\test\resources\testcase\merge\dummy.key 
539870     DEBUG Test worker     d.u.i.k.p.i.AbstractProblemLoader Environment load took 339.3ns 
539870     INFO  Test worker     d.u.i.k.p.i.AbstractProblemLoader Creating init config 
543125     DEBUG Test worker     d.u.i.k.p.i.AbstractProblemLoader Init config took 3.25s 
543140     INFO  Test worker     d.u.i.k.p.i.AbstractProblemLoader Replaying proof dummy.key 
543140     DEBUG Test worker     d.u.i.k.p.i.IntermediateProofReplayer Proof replay took 8.6ns 
]]></system-out>
  <system-err><![CDATA[]]></system-err>
</testsuite>
