<?xml version="1.0" encoding="UTF-8"?>
<testsuite name="de.uka.ilkd.key.taclettranslation.TestTacletTranslator" tests="5" skipped="0" failures="0" errors="0" timestamp="2023-04-20T13:01:39" hostname="fv-az365-244" time="0.031">
  <properties/>
  <testcase name="testPropositional1()" classname="de.uka.ilkd.key.taclettranslation.TestTacletTranslator" time="0.021"/>
  <testcase name="testPropositional2()" classname="de.uka.ilkd.key.taclettranslation.TestTacletTranslator" time="0.002"/>
  <testcase name="testNegativePolarity()" classname="de.uka.ilkd.key.taclettranslation.TestTacletTranslator" time="0.003"/>
  <testcase name="testNoPolarity()" classname="de.uka.ilkd.key.taclettranslation.TestTacletTranslator" time="0.002"/>
  <testcase name="testPositivePolarity()" classname="de.uka.ilkd.key.taclettranslation.TestTacletTranslator" time="0.002"/>
  <system-out><![CDATA[802273     INFO  Test worker     d.u.i.k.n.KeyIO           Parsing took 0 ms 
802273     DEBUG Test worker     d.u.i.k.n.KeyIO           Load declarations of de.uka.ilkd.key.nparser.KeyAst$File:  <unknown>:1#1 
802273     INFO  Test worker     d.u.i.k.n.KeyIO           MODE: declarations took 0 ms 
802273     DEBUG Test worker     d.u.i.k.n.KeyIO           MODE: 2nd degree decls took 0 
802273     DEBUG Test worker     d.u.i.k.n.KeyIO           MODE: taclets took 0ms 
802289     INFO  Test worker     d.u.i.k.n.KeyIO           Parsing took 0 ms 
802289     DEBUG Test worker     d.u.i.k.n.KeyIO           Load declarations of de.uka.ilkd.key.nparser.KeyAst$File:  <unknown>:1#1 
802289     INFO  Test worker     d.u.i.k.n.KeyIO           MODE: declarations took 0 ms 
802289     DEBUG Test worker     d.u.i.k.n.KeyIO           MODE: 2nd degree decls took 0 
802289     DEBUG Test worker     d.u.i.k.n.KeyIO           MODE: taclets took 0ms 
802289     INFO  Test worker     d.u.i.k.n.KeyIO           Parsing took 0 ms 
802289     DEBUG Test worker     d.u.i.k.n.KeyIO           Load declarations of de.uka.ilkd.key.nparser.KeyAst$File:  <unknown>:1#1 
802289     INFO  Test worker     d.u.i.k.n.KeyIO           MODE: declarations took 0 ms 
802289     DEBUG Test worker     d.u.i.k.n.KeyIO           MODE: 2nd degree decls took 0 
802289     DEBUG Test worker     d.u.i.k.n.KeyIO           MODE: taclets took 0ms 
802289     INFO  Test worker     d.u.i.k.n.KeyIO           Parsing took 0 ms 
802289     DEBUG Test worker     d.u.i.k.n.KeyIO           Load declarations of de.uka.ilkd.key.nparser.KeyAst$File:  <unknown>:1#1 
802289     INFO  Test worker     d.u.i.k.n.KeyIO           MODE: declarations took 0 ms 
802289     DEBUG Test worker     d.u.i.k.n.KeyIO           MODE: 2nd degree decls took 0 
802289     DEBUG Test worker     d.u.i.k.n.KeyIO           MODE: taclets took 0ms 
802304     INFO  Test worker     d.u.i.k.n.KeyIO           Parsing took 0 ms 
802304     DEBUG Test worker     d.u.i.k.n.KeyIO           Load declarations of de.uka.ilkd.key.nparser.KeyAst$File:  <unknown>:1#1 
802304     INFO  Test worker     d.u.i.k.n.KeyIO           MODE: declarations took 0 ms 
802304     DEBUG Test worker     d.u.i.k.n.KeyIO           MODE: 2nd degree decls took 0 
802304     DEBUG Test worker     d.u.i.k.n.KeyIO           MODE: taclets took 0ms 
]]></system-out>
  <system-err><![CDATA[]]></system-err>
</testsuite>
