<?xml version="1.0" encoding="UTF-8"?>
<testsuite name="de.uka.ilkd.key.rule.merge.MergeRuleTests" tests="11" skipped="0" failures="0" errors="0" timestamp="2023-04-20T12:56:02" hostname="fv-az365-244" time="71.672">
  <properties/>
  <testcase name="testDoManualGcdProof()" classname="de.uka.ilkd.key.rule.merge.MergeRuleTests" time="19.562"/>
  <testcase name="testLoadProofWithDiffVarsWithSameNameAndMPS()" classname="de.uka.ilkd.key.rule.merge.MergeRuleTests" time="3.14"/>
  <testcase name="testDoAutomaticGcdProofWithMergePointStatementAndBlockContract()" classname="de.uka.ilkd.key.rule.merge.MergeRuleTests" time="11.96"/>
  <testcase name="testLoadGcdProofWithPredAbstrAndUserChoices()" classname="de.uka.ilkd.key.rule.merge.MergeRuleTests" time="3.761"/>
  <testcase name="testLoadGcdProofWithPredAbstr()" classname="de.uka.ilkd.key.rule.merge.MergeRuleTests" time="4.023"/>
  <testcase name="testMergeThreeIndistinguishablePathConditionsWithITE()" classname="de.uka.ilkd.key.rule.merge.MergeRuleTests" time="2.864"/>
  <testcase name="testMergeIndistinguishablePathConditionsWithFullAnonymization()" classname="de.uka.ilkd.key.rule.merge.MergeRuleTests" time="2.733"/>
  <testcase name="testLoadClosedGcdProofWithMergePointStatements()" classname="de.uka.ilkd.key.rule.merge.MergeRuleTests" time="4.093"/>
  <testcase name="testMergeIndistinguishablePathConditionsWithITE()" classname="de.uka.ilkd.key.rule.merge.MergeRuleTests" time="3.128"/>
  <testcase name="testDoAutomaticGcdProofWithMergePointStatements()" classname="de.uka.ilkd.key.rule.merge.MergeRuleTests" time="12.414"/>
  <testcase name="testLoadGcdProof()" classname="de.uka.ilkd.key.rule.merge.MergeRuleTests" time="3.992"/>
  <system-out><![CDATA[465328     INFO  Test worker     d.u.i.k.p.i.AbstractProblemLoader Loading environment from src\test\resources\testcase\merge\gcd.key 
465328     DEBUG Test worker     d.u.i.k.p.i.AbstractProblemLoader Environment load took 108.6ns 
465328     INFO  Test worker     d.u.i.k.p.i.AbstractProblemLoader Creating init config 
465426     DEBUG Test worker     d.u.i.k.j.TypeConverter   No LDT found for Meta 
465426     DEBUG Test worker     d.u.i.k.j.TypeConverter   No LDT found for Meta 
465426     DEBUG Test worker     d.u.i.k.j.TypeConverter   No LDT found for Meta 
465426     DEBUG Test worker     d.u.i.k.j.TypeConverter   No LDT found for Meta 
465860     DEBUG Test worker     d.u.i.k.j.TypeConverter   No LDT found for JavaBigintExpression 
469109     DEBUG Test worker     d.u.i.k.p.i.AbstractProblemLoader Init config took 3.78s 
469156     INFO  Test worker     d.u.i.k.p.i.AbstractProblemLoader Replaying proof Gcd[Gcd::gcd(int,int)].JML normal_behavior operation contract.0 
469156     DEBUG Test worker     d.u.i.k.p.i.IntermediateProofReplayer Proof replay took 10ns 
484884     INFO  Test worker     d.u.i.k.p.i.AbstractProblemLoader Loading environment from src\test\resources\testcase\merge\A.differentVarsWithSameName.MPS.cut.closed.proof 
484884     DEBUG Test worker     d.u.i.k.p.i.AbstractProblemLoader Environment load took 471.2ns 
484884     INFO  Test worker     d.u.i.k.p.i.AbstractProblemLoader Creating init config 
487743     DEBUG Test worker     d.u.i.k.p.i.AbstractProblemLoader Init config took 2.85s 
487774     INFO  Test worker     d.u.i.k.p.i.AbstractProblemLoader Replaying proof A[A::m(boolean)].JML operation contract.0 
488024     DEBUG Test worker     d.u.i.k.p.i.IntermediateProofReplayer Proof replay took 237.92ms 
488024     INFO  Test worker     d.u.i.k.p.i.AbstractProblemLoader Loading environment from src\test\resources\testcase\merge\gcd.MPSAndBlockContract.key 
488024     DEBUG Test worker     d.u.i.k.p.i.AbstractProblemLoader Environment load took 388.8ns 
488024     INFO  Test worker     d.u.i.k.p.i.AbstractProblemLoader Creating init config 
490948     DEBUG Test worker     d.u.i.k.p.i.AbstractProblemLoader Init config took 2.92s 
491011     INFO  Test worker     d.u.i.k.p.i.AbstractProblemLoader Replaying proof Gcd[Gcd::gcdMPSAndBlockContract(int,int)].JML normal_behavior operation contract.0 
491011     DEBUG Test worker     d.u.i.k.p.i.IntermediateProofReplayer Proof replay took 17.9ns 
499985     INFO  Test worker     d.u.i.k.p.i.AbstractProblemLoader Loading environment from src\test\resources\testcase\merge\gcd.closed.predicateAbstractionWithUserChoices.proof 
499985     DEBUG Test worker     d.u.i.k.p.i.AbstractProblemLoader Environment load took 143.3ns 
499985     INFO  Test worker     d.u.i.k.p.i.AbstractProblemLoader Creating init config 
503132     DEBUG Test worker     d.u.i.k.p.i.AbstractProblemLoader Init config took 3.14s 
503179     INFO  Test worker     d.u.i.k.p.i.AbstractProblemLoader Replaying proof Gcd[Gcd::gcd(int,int)].JML normal_behavior operation contract.0 
503746     DEBUG Test worker     d.u.i.k.p.i.IntermediateProofReplayer Proof replay took 534.34ms 
503746     INFO  Test worker     d.u.i.k.p.i.AbstractProblemLoader Loading environment from src\test\resources\testcase\merge\gcd.closed.predicateabstraction.proof 
503746     DEBUG Test worker     d.u.i.k.p.i.AbstractProblemLoader Environment load took 105.1ns 
503746     INFO  Test worker     d.u.i.k.p.i.AbstractProblemLoader Creating init config 
506924     DEBUG Test worker     d.u.i.k.p.i.AbstractProblemLoader Init config took 3.18s 
506955     INFO  Test worker     d.u.i.k.p.i.AbstractProblemLoader Replaying proof Gcd[Gcd::gcd(int,int)].JML normal_behavior operation contract.0 
507769     DEBUG Test worker     d.u.i.k.p.i.IntermediateProofReplayer Proof replay took 767.8ms 
507769     INFO  Test worker     d.u.i.k.p.i.AbstractProblemLoader Loading environment from src\test\resources\testcase\merge\IndistinguishablePathConditions.twoJoins.proof 
507769     DEBUG Test worker     d.u.i.k.p.i.AbstractProblemLoader Environment load took 197.1ns 
507769     INFO  Test worker     d.u.i.k.p.i.AbstractProblemLoader Creating init config 
510615     DEBUG Test worker     d.u.i.k.p.i.AbstractProblemLoader Init config took 2.83s 
510631     INFO  Test worker     d.u.i.k.p.i.AbstractProblemLoader Replaying proof IndistinguishablePathConditions.twoJoins.proof 
510631     DEBUG Test worker     d.u.i.k.p.i.IntermediateProofReplayer Proof replay took 573ns 
510631     INFO  Test worker     d.u.i.k.p.i.AbstractProblemLoader Loading environment from src\test\resources\testcase\merge\IndistinguishablePathConditions.proof 
510631     DEBUG Test worker     d.u.i.k.p.i.AbstractProblemLoader Environment load took 304.2ns 
510647     INFO  Test worker     d.u.i.k.p.i.AbstractProblemLoader Creating init config 
513320     DEBUG Test worker     d.u.i.k.p.i.AbstractProblemLoader Init config took 2.69s 
513351     INFO  Test worker     d.u.i.k.p.i.AbstractProblemLoader Replaying proof IndistinguishablePathConditions.proof 
513351     DEBUG Test worker     d.u.i.k.p.i.IntermediateProofReplayer Proof replay took 532.9ns 
513367     INFO  Test worker     d.u.i.k.p.i.AbstractProblemLoader Loading environment from src\test\resources\testcase\merge\gcd.mergePointStatements.closed.proof 
513367     DEBUG Test worker     d.u.i.k.p.i.AbstractProblemLoader Environment load took 116.9ns 
513367     INFO  Test worker     d.u.i.k.p.i.AbstractProblemLoader Creating init config 
516493     DEBUG Test worker     d.u.i.k.p.i.AbstractProblemLoader Init config took 3.13s 
516540     INFO  Test worker     d.u.i.k.p.i.AbstractProblemLoader Replaying proof Gcd[Gcd::gcdMPS(int,int)].JML normal_behavior operation contract.0 
517460     DEBUG Test worker     d.u.i.k.p.i.IntermediateProofReplayer Proof replay took 881.28ms 
517460     INFO  Test worker     d.u.i.k.p.i.AbstractProblemLoader Loading environment from src\test\resources\testcase\merge\IndistinguishablePathConditions.proof 
517475     DEBUG Test worker     d.u.i.k.p.i.AbstractProblemLoader Environment load took 3.42ms 
517475     INFO  Test worker     d.u.i.k.p.i.AbstractProblemLoader Creating init config 
520572     DEBUG Test worker     d.u.i.k.p.i.AbstractProblemLoader Init config took 3.09s 
520588     INFO  Test worker     d.u.i.k.p.i.AbstractProblemLoader Replaying proof IndistinguishablePathConditions.proof 
520588     DEBUG Test worker     d.u.i.k.p.i.IntermediateProofReplayer Proof replay took 593.5ns 
520588     INFO  Test worker     d.u.i.k.p.i.AbstractProblemLoader Loading environment from src\test\resources\testcase\merge\gcd.mergePointStatements.key 
520588     DEBUG Test worker     d.u.i.k.p.i.AbstractProblemLoader Environment load took 101.3ns 
520588     INFO  Test worker     d.u.i.k.p.i.AbstractProblemLoader Creating init config 
523547     DEBUG Test worker     d.u.i.k.p.i.AbstractProblemLoader Init config took 2.95s 
523610     INFO  Test worker     d.u.i.k.p.i.AbstractProblemLoader Replaying proof Gcd[Gcd::gcdMPS(int,int)].JML normal_behavior operation contract.0 
523626     DEBUG Test worker     d.u.i.k.p.i.IntermediateProofReplayer Proof replay took 19ns 
533034     INFO  Test worker     d.u.i.k.p.i.AbstractProblemLoader Loading environment from src\test\resources\testcase\merge\gcd.closed.proof 
533034     DEBUG Test worker     d.u.i.k.p.i.AbstractProblemLoader Environment load took 136ns 
533034     INFO  Test worker     d.u.i.k.p.i.AbstractProblemLoader Creating init config 
536078     DEBUG Test worker     d.u.i.k.p.i.AbstractProblemLoader Init config took 3.05s 
536125     INFO  Test worker     d.u.i.k.p.i.AbstractProblemLoader Replaying proof Gcd[Gcd::gcd(int,int)].JML normal_behavior operation contract.0 
536994     DEBUG Test worker     d.u.i.k.p.i.IntermediateProofReplayer Proof replay took 701.52ms 
]]></system-out>
  <system-err><![CDATA[]]></system-err>
</testsuite>
