<?xml version="1.0" encoding="UTF-8"?>
<testsuite name="de.uka.ilkd.key.parser.TestTermParserHeap" tests="39" skipped="0" failures="0" errors="0" timestamp="2023-04-20T12:53:29" hostname="fv-az365-244" time="109.63">
  <properties/>
  <testcase name="testBracketHeapUpdate()" classname="de.uka.ilkd.key.parser.TestTermParserHeap" time="0.016"/>
  <testcase name="testStore()" classname="de.uka.ilkd.key.parser.TestTermParserHeap" time="0.01"/>
  <testcase name="testUnknownConstant()" classname="de.uka.ilkd.key.parser.TestTermParserHeap" time="0.002"/>
  <testcase name="testAllFieldsSelector()" classname="de.uka.ilkd.key.parser.TestTermParserHeap" time="0.004"/>
  <testcase name="testParsePrettyPrintedSelect()" classname="de.uka.ilkd.key.parser.TestTermParserHeap" time="0.003"/>
  <testcase name="testAccessStaticMembers()" classname="de.uka.ilkd.key.parser.TestTermParserHeap" time="0.003"/>
  <testcase name="testAtOperator_1()" classname="de.uka.ilkd.key.parser.TestTermParserHeap" time="0.005"/>
  <testcase name="testAtOperator_2()" classname="de.uka.ilkd.key.parser.TestTermParserHeap" time="0.003"/>
  <testcase name="testAtOperator_3()" classname="de.uka.ilkd.key.parser.TestTermParserHeap" time="0.001"/>
  <testcase name="testAtOperator_4()" classname="de.uka.ilkd.key.parser.TestTermParserHeap" time="0.013"/>
  <testcase name="testAtOperator_5()" classname="de.uka.ilkd.key.parser.TestTermParserHeap" time="0.003"/>
  <testcase name="testAtOperator_6()" classname="de.uka.ilkd.key.parser.TestTermParserHeap" time="0.008"/>
  <testcase name="testAtOperator_7()" classname="de.uka.ilkd.key.parser.TestTermParserHeap" time="0.003"/>
  <testcase name="testAtOperator_8()" classname="de.uka.ilkd.key.parser.TestTermParserHeap" time="0.007"/>
  <testcase name="testVerifyExceptionIfAtOperatorNotPreceededBySelectTerm()" classname="de.uka.ilkd.key.parser.TestTermParserHeap" time="0.002"/>
  <testcase name="testBugResettingCounter()" classname="de.uka.ilkd.key.parser.TestTermParserHeap" time="0.004"/>
  <testcase name="testLocationSets()" classname="de.uka.ilkd.key.parser.TestTermParserHeap" time="0.006"/>
  <testcase name="testQuantifiedSelect()" classname="de.uka.ilkd.key.parser.TestTermParserHeap" time="0.004"/>
  <testcase name="testGenericObjectProperties()" classname="de.uka.ilkd.key.parser.TestTermParserHeap" time="0.002"/>
  <testcase name="testQueryInheritance_1()" classname="de.uka.ilkd.key.parser.TestTermParserHeap" time="0.008"/>
  <testcase name="testQueryInheritance_2()" classname="de.uka.ilkd.key.parser.TestTermParserHeap" time="0.009"/>
  <testcase name="testQueryInheritance_3()" classname="de.uka.ilkd.key.parser.TestTermParserHeap" time="0.004"/>
  <testcase name="testQueryInheritance_4()" classname="de.uka.ilkd.key.parser.TestTermParserHeap" time="0.003"/>
  <testcase name="testQueryInheritance_5()" classname="de.uka.ilkd.key.parser.TestTermParserHeap" time="0.003"/>
  <testcase name="testQueryInheritance_6()" classname="de.uka.ilkd.key.parser.TestTermParserHeap" time="0.005"/>
  <testcase name="testQueryInheritance_7()" classname="de.uka.ilkd.key.parser.TestTermParserHeap" time="0.003"/>
  <testcase name="testQueryInheritance_8()" classname="de.uka.ilkd.key.parser.TestTermParserHeap" time="0.044"/>
  <testcase name="testQueryInheritance_9()" classname="de.uka.ilkd.key.parser.TestTermParserHeap" time="0.003"/>
  <testcase name="testQueryBasic_10()" classname="de.uka.ilkd.key.parser.TestTermParserHeap" time="0.004"/>
  <testcase name="testQueryBasic_11()" classname="de.uka.ilkd.key.parser.TestTermParserHeap" time="0.003"/>
  <testcase name="testQueryBasic_1()" classname="de.uka.ilkd.key.parser.TestTermParserHeap" time="0.003"/>
  <testcase name="testQueryBasic_2()" classname="de.uka.ilkd.key.parser.TestTermParserHeap" time="0.002"/>
  <testcase name="testQueryBasic_3()" classname="de.uka.ilkd.key.parser.TestTermParserHeap" time="0.007"/>
  <testcase name="testQueryBasic_4()" classname="de.uka.ilkd.key.parser.TestTermParserHeap" time="0.004"/>
  <testcase name="testQueryBasic_5()" classname="de.uka.ilkd.key.parser.TestTermParserHeap" time="0.004"/>
  <testcase name="testQueryBasic_6()" classname="de.uka.ilkd.key.parser.TestTermParserHeap" time="0.003"/>
  <testcase name="testQueryBasic_7()" classname="de.uka.ilkd.key.parser.TestTermParserHeap" time="0.004"/>
  <testcase name="testQueryBasic_8()" classname="de.uka.ilkd.key.parser.TestTermParserHeap" time="0.005"/>
  <testcase name="testQueryBasic_9()" classname="de.uka.ilkd.key.parser.TestTermParserHeap" time="0.003"/>
  <system-out><![CDATA[312158     INFO  Test worker     d.u.i.k.n.KeyIO           Parsing took 0 ms 
312158     DEBUG Test worker     d.u.i.k.n.KeyIO           Load declarations of de.uka.ilkd.key.nparser.KeyAst$File:  <unknown>:1#1 
312158     INFO  Test worker     d.u.i.k.n.KeyIO           MODE: declarations took 0 ms 
312158     DEBUG Test worker     d.u.i.k.n.KeyIO           MODE: 2nd degree decls took 0 
312158     INFO  Test worker     d.u.i.k.n.KeyIO           Parsing took 0 ms 
312158     DEBUG Test worker     d.u.i.k.n.KeyIO           Load declarations of de.uka.ilkd.key.nparser.KeyAst$File:  <unknown>:1#1 
312158     INFO  Test worker     d.u.i.k.n.KeyIO           MODE: declarations took 0 ms 
312158     DEBUG Test worker     d.u.i.k.n.KeyIO           MODE: 2nd degree decls took 0 
312158     INFO  Test worker     d.u.i.k.n.KeyIO           Parsing took 0 ms 
312158     DEBUG Test worker     d.u.i.k.n.KeyIO           Load declarations of de.uka.ilkd.key.nparser.KeyAst$File:  <unknown>:1#1 
312158     INFO  Test worker     d.u.i.k.n.KeyIO           MODE: declarations took 0 ms 
312158     DEBUG Test worker     d.u.i.k.n.KeyIO           MODE: 2nd degree decls took 0 
312158     INFO  Test worker     d.u.i.k.n.KeyIO           Parsing took 0 ms 
312158     DEBUG Test worker     d.u.i.k.n.KeyIO           Load declarations of de.uka.ilkd.key.nparser.KeyAst$File:  <unknown>:1#1 
312158     INFO  Test worker     d.u.i.k.n.KeyIO           MODE: declarations took 0 ms 
312158     DEBUG Test worker     d.u.i.k.n.KeyIO           MODE: 2nd degree decls took 0 
312158     INFO  Test worker     d.u.i.k.n.KeyIO           Parsing took 0 ms 
312158     DEBUG Test worker     d.u.i.k.n.KeyIO           Load declarations of de.uka.ilkd.key.nparser.KeyAst$File:  <unknown>:1#1 
312158     INFO  Test worker     d.u.i.k.n.KeyIO           MODE: declarations took 0 ms 
312158     DEBUG Test worker     d.u.i.k.n.KeyIO           MODE: 2nd degree decls took 0 
315345     INFO  Test worker     d.u.i.k.n.KeyIO           Parsing took 0 ms 
315345     DEBUG Test worker     d.u.i.k.n.KeyIO           Load declarations of de.uka.ilkd.key.nparser.KeyAst$File:  <unknown>:1#1 
315345     INFO  Test worker     d.u.i.k.n.KeyIO           MODE: declarations took 0 ms 
315345     DEBUG Test worker     d.u.i.k.n.KeyIO           MODE: 2nd degree decls took 0 
315345     INFO  Test worker     d.u.i.k.n.KeyIO           Parsing took 0 ms 
315345     DEBUG Test worker     d.u.i.k.n.KeyIO           Load declarations of de.uka.ilkd.key.nparser.KeyAst$File:  <unknown>:1#1 
315345     INFO  Test worker     d.u.i.k.n.KeyIO           MODE: declarations took 0 ms 
315345     DEBUG Test worker     d.u.i.k.n.KeyIO           MODE: 2nd degree decls took 0 
315345     INFO  Test worker     d.u.i.k.n.KeyIO           Parsing took 0 ms 
315345     DEBUG Test worker     d.u.i.k.n.KeyIO           Load declarations of de.uka.ilkd.key.nparser.KeyAst$File:  <unknown>:1#1 
315345     INFO  Test worker     d.u.i.k.n.KeyIO           MODE: declarations took 0 ms 
315345     DEBUG Test worker     d.u.i.k.n.KeyIO           MODE: 2nd degree decls took 0 
315345     INFO  Test worker     d.u.i.k.n.KeyIO           Parsing took 0 ms 
315345     DEBUG Test worker     d.u.i.k.n.KeyIO           Load declarations of de.uka.ilkd.key.nparser.KeyAst$File:  <unknown>:1#1 
315345     INFO  Test worker     d.u.i.k.n.KeyIO           MODE: declarations took 0 ms 
315345     DEBUG Test worker     d.u.i.k.n.KeyIO           MODE: 2nd degree decls took 0 
315345     INFO  Test worker     d.u.i.k.n.KeyIO           Parsing took 0 ms 
315345     DEBUG Test worker     d.u.i.k.n.KeyIO           Load declarations of de.uka.ilkd.key.nparser.KeyAst$File:  <unknown>:1#1 
315345     INFO  Test worker     d.u.i.k.n.KeyIO           MODE: declarations took 0 ms 
315345     DEBUG Test worker     d.u.i.k.n.KeyIO           MODE: 2nd degree decls took 0 
318347     INFO  Test worker     d.u.i.k.n.KeyIO           Parsing took 0 ms 
318347     DEBUG Test worker     d.u.i.k.n.KeyIO           Load declarations of de.uka.ilkd.key.nparser.KeyAst$File:  <unknown>:1#1 
318347     INFO  Test worker     d.u.i.k.n.KeyIO           MODE: declarations took 0 ms 
318347     DEBUG Test worker     d.u.i.k.n.KeyIO           MODE: 2nd degree decls took 0 
318347     INFO  Test worker     d.u.i.k.n.KeyIO           Parsing took 0 ms 
318347     DEBUG Test worker     d.u.i.k.n.KeyIO           Load declarations of de.uka.ilkd.key.nparser.KeyAst$File:  <unknown>:1#1 
318347     INFO  Test worker     d.u.i.k.n.KeyIO           MODE: declarations took 0 ms 
318347     DEBUG Test worker     d.u.i.k.n.KeyIO           MODE: 2nd degree decls took 0 
318347     INFO  Test worker     d.u.i.k.n.KeyIO           Parsing took 0 ms 
318347     DEBUG Test worker     d.u.i.k.n.KeyIO           Load declarations of de.uka.ilkd.key.nparser.KeyAst$File:  <unknown>:1#1 
318347     INFO  Test worker     d.u.i.k.n.KeyIO           MODE: declarations took 0 ms 
318347     DEBUG Test worker     d.u.i.k.n.KeyIO           MODE: 2nd degree decls took 0 
318347     INFO  Test worker     d.u.i.k.n.KeyIO           Parsing took 0 ms 
318347     DEBUG Test worker     d.u.i.k.n.KeyIO           Load declarations of de.uka.ilkd.key.nparser.KeyAst$File:  <unknown>:1#1 
318347     INFO  Test worker     d.u.i.k.n.KeyIO           MODE: declarations took 0 ms 
318347     DEBUG Test worker     d.u.i.k.n.KeyIO           MODE: 2nd degree decls took 0 
318347     INFO  Test worker     d.u.i.k.n.KeyIO           Parsing took 0 ms 
318347     DEBUG Test worker     d.u.i.k.n.KeyIO           Load declarations of de.uka.ilkd.key.nparser.KeyAst$File:  <unknown>:1#1 
318347     INFO  Test worker     d.u.i.k.n.KeyIO           MODE: declarations took 0 ms 
318347     DEBUG Test worker     d.u.i.k.n.KeyIO           MODE: 2nd degree decls took 0 
318347     INFO  Test worker     d.u.i.k.n.KeyIO           Parsing took 0 ms 
318347     DEBUG Test worker     d.u.i.k.n.KeyIO           Load declarations of de.uka.ilkd.key.nparser.KeyAst$File:  <unknown>:1#1 
318347     INFO  Test worker     d.u.i.k.n.KeyIO           MODE: declarations took 0 ms 
318347     DEBUG Test worker     d.u.i.k.n.KeyIO           MODE: 2nd degree decls took 0 
321245     INFO  Test worker     d.u.i.k.n.KeyIO           Parsing took 0 ms 
321245     DEBUG Test worker     d.u.i.k.n.KeyIO           Load declarations of de.uka.ilkd.key.nparser.KeyAst$File:  <unknown>:1#1 
321245     INFO  Test worker     d.u.i.k.n.KeyIO           MODE: declarations took 0 ms 
321245     DEBUG Test worker     d.u.i.k.n.KeyIO           MODE: 2nd degree decls took 0 
321245     INFO  Test worker     d.u.i.k.n.KeyIO           Parsing took 0 ms 
321245     DEBUG Test worker     d.u.i.k.n.KeyIO           Load declarations of de.uka.ilkd.key.nparser.KeyAst$File:  <unknown>:1#1 
321245     INFO  Test worker     d.u.i.k.n.KeyIO           MODE: declarations took 0 ms 
321245     DEBUG Test worker     d.u.i.k.n.KeyIO           MODE: 2nd degree decls took 0 
321245     INFO  Test worker     d.u.i.k.n.KeyIO           Parsing took 0 ms 
321245     DEBUG Test worker     d.u.i.k.n.KeyIO           Load declarations of de.uka.ilkd.key.nparser.KeyAst$File:  <unknown>:1#1 
321245     INFO  Test worker     d.u.i.k.n.KeyIO           MODE: declarations took 0 ms 
321245     DEBUG Test worker     d.u.i.k.n.KeyIO           MODE: 2nd degree decls took 0 
321245     INFO  Test worker     d.u.i.k.n.KeyIO           Parsing took 0 ms 
321245     DEBUG Test worker     d.u.i.k.n.KeyIO           Load declarations of de.uka.ilkd.key.nparser.KeyAst$File:  <unknown>:1#1 
321245     INFO  Test worker     d.u.i.k.n.KeyIO           MODE: declarations took 0 ms 
321245     DEBUG Test worker     d.u.i.k.n.KeyIO           MODE: 2nd degree decls took 0 
321245     INFO  Test worker     d.u.i.k.n.KeyIO           Parsing took 0 ms 
321245     DEBUG Test worker     d.u.i.k.n.KeyIO           Load declarations of de.uka.ilkd.key.nparser.KeyAst$File:  <unknown>:1#1 
321245     INFO  Test worker     d.u.i.k.n.KeyIO           MODE: declarations took 0 ms 
321245     DEBUG Test worker     d.u.i.k.n.KeyIO           MODE: 2nd degree decls took 0 
324199     INFO  Test worker     d.u.i.k.n.KeyIO           Parsing took 0 ms 
324199     DEBUG Test worker     d.u.i.k.n.KeyIO           Load declarations of de.uka.ilkd.key.nparser.KeyAst$File:  <unknown>:1#1 
324199     INFO  Test worker     d.u.i.k.n.KeyIO           MODE: declarations took 0 ms 
324199     DEBUG Test worker     d.u.i.k.n.KeyIO           MODE: 2nd degree decls took 0 
324199     INFO  Test worker     d.u.i.k.n.KeyIO           Parsing took 0 ms 
324199     DEBUG Test worker     d.u.i.k.n.KeyIO           Load declarations of de.uka.ilkd.key.nparser.KeyAst$File:  <unknown>:1#1 
324199     INFO  Test worker     d.u.i.k.n.KeyIO           MODE: declarations took 0 ms 
324199     DEBUG Test worker     d.u.i.k.n.KeyIO           MODE: 2nd degree decls took 0 
324199     INFO  Test worker     d.u.i.k.n.KeyIO           Parsing took 0 ms 
324199     DEBUG Test worker     d.u.i.k.n.KeyIO           Load declarations of de.uka.ilkd.key.nparser.KeyAst$File:  <unknown>:1#1 
324199     INFO  Test worker     d.u.i.k.n.KeyIO           MODE: declarations took 0 ms 
324199     DEBUG Test worker     d.u.i.k.n.KeyIO           MODE: 2nd degree decls took 0 
324199     INFO  Test worker     d.u.i.k.n.KeyIO           Parsing took 0 ms 
324199     DEBUG Test worker     d.u.i.k.n.KeyIO           Load declarations of de.uka.ilkd.key.nparser.KeyAst$File:  <unknown>:1#1 
324199     INFO  Test worker     d.u.i.k.n.KeyIO           MODE: declarations took 0 ms 
324199     DEBUG Test worker     d.u.i.k.n.KeyIO           MODE: 2nd degree decls took 0 
324199     INFO  Test worker     d.u.i.k.n.KeyIO           Parsing took 0 ms 
324199     DEBUG Test worker     d.u.i.k.n.KeyIO           Load declarations of de.uka.ilkd.key.nparser.KeyAst$File:  <unknown>:1#1 
324199     INFO  Test worker     d.u.i.k.n.KeyIO           MODE: declarations took 0 ms 
324199     DEBUG Test worker     d.u.i.k.n.KeyIO           MODE: 2nd degree decls took 0 
327020     INFO  Test worker     d.u.i.k.n.KeyIO           Parsing took 0 ms 
327020     DEBUG Test worker     d.u.i.k.n.KeyIO           Load declarations of de.uka.ilkd.key.nparser.KeyAst$File:  <unknown>:1#1 
327020     INFO  Test worker     d.u.i.k.n.KeyIO           MODE: declarations took 0 ms 
327020     DEBUG Test worker     d.u.i.k.n.KeyIO           MODE: 2nd degree decls took 0 
327020     INFO  Test worker     d.u.i.k.n.KeyIO           Parsing took 0 ms 
327020     DEBUG Test worker     d.u.i.k.n.KeyIO           Load declarations of de.uka.ilkd.key.nparser.KeyAst$File:  <unknown>:1#1 
327020     INFO  Test worker     d.u.i.k.n.KeyIO           MODE: declarations took 0 ms 
327020     DEBUG Test worker     d.u.i.k.n.KeyIO           MODE: 2nd degree decls took 0 
327020     INFO  Test worker     d.u.i.k.n.KeyIO           Parsing took 0 ms 
327020     DEBUG Test worker     d.u.i.k.n.KeyIO           Load declarations of de.uka.ilkd.key.nparser.KeyAst$File:  <unknown>:1#1 
327020     INFO  Test worker     d.u.i.k.n.KeyIO           MODE: declarations took 0 ms 
327020     DEBUG Test worker     d.u.i.k.n.KeyIO           MODE: 2nd degree decls took 0 
327020     INFO  Test worker     d.u.i.k.n.KeyIO           Parsing took 0 ms 
327020     DEBUG Test worker     d.u.i.k.n.KeyIO           Load declarations of de.uka.ilkd.key.nparser.KeyAst$File:  <unknown>:1#1 
327020     INFO  Test worker     d.u.i.k.n.KeyIO           MODE: declarations took 0 ms 
327020     DEBUG Test worker     d.u.i.k.n.KeyIO           MODE: 2nd degree decls took 0 
327020     INFO  Test worker     d.u.i.k.n.KeyIO           Parsing took 0 ms 
327020     DEBUG Test worker     d.u.i.k.n.KeyIO           Load declarations of de.uka.ilkd.key.nparser.KeyAst$File:  <unknown>:1#1 
327036     INFO  Test worker     d.u.i.k.n.KeyIO           MODE: declarations took 16 ms 
327036     DEBUG Test worker     d.u.i.k.n.KeyIO           MODE: 2nd degree decls took 0 
329865     INFO  Test worker     d.u.i.k.n.KeyIO           Parsing took 0 ms 
329865     DEBUG Test worker     d.u.i.k.n.KeyIO           Load declarations of de.uka.ilkd.key.nparser.KeyAst$File:  <unknown>:1#1 
329865     INFO  Test worker     d.u.i.k.n.KeyIO           MODE: declarations took 0 ms 
329865     DEBUG Test worker     d.u.i.k.n.KeyIO           MODE: 2nd degree decls took 0 
329865     INFO  Test worker     d.u.i.k.n.KeyIO           Parsing took 0 ms 
329865     DEBUG Test worker     d.u.i.k.n.KeyIO           Load declarations of de.uka.ilkd.key.nparser.KeyAst$File:  <unknown>:1#1 
329865     INFO  Test worker     d.u.i.k.n.KeyIO           MODE: declarations took 0 ms 
329865     DEBUG Test worker     d.u.i.k.n.KeyIO           MODE: 2nd degree decls took 0 
329865     INFO  Test worker     d.u.i.k.n.KeyIO           Parsing took 0 ms 
329865     DEBUG Test worker     d.u.i.k.n.KeyIO           Load declarations of de.uka.ilkd.key.nparser.KeyAst$File:  <unknown>:1#1 
329865     INFO  Test worker     d.u.i.k.n.KeyIO           MODE: declarations took 0 ms 
329865     DEBUG Test worker     d.u.i.k.n.KeyIO           MODE: 2nd degree decls took 0 
329865     INFO  Test worker     d.u.i.k.n.KeyIO           Parsing took 0 ms 
329865     DEBUG Test worker     d.u.i.k.n.KeyIO           Load declarations of de.uka.ilkd.key.nparser.KeyAst$File:  <unknown>:1#1 
329865     INFO  Test worker     d.u.i.k.n.KeyIO           MODE: declarations took 0 ms 
329865     DEBUG Test worker     d.u.i.k.n.KeyIO           MODE: 2nd degree decls took 0 
329865     INFO  Test worker     d.u.i.k.n.KeyIO           Parsing took 0 ms 
329865     DEBUG Test worker     d.u.i.k.n.KeyIO           Load declarations of de.uka.ilkd.key.nparser.KeyAst$File:  <unknown>:1#1 
329865     INFO  Test worker     d.u.i.k.n.KeyIO           MODE: declarations took 0 ms 
329865     DEBUG Test worker     d.u.i.k.n.KeyIO           MODE: 2nd degree decls took 0 
332717     INFO  Test worker     d.u.i.k.n.KeyIO           Parsing took 0 ms 
332717     DEBUG Test worker     d.u.i.k.n.KeyIO           Load declarations of de.uka.ilkd.key.nparser.KeyAst$File:  <unknown>:1#1 
332717     INFO  Test worker     d.u.i.k.n.KeyIO           MODE: declarations took 0 ms 
332717     DEBUG Test worker     d.u.i.k.n.KeyIO           MODE: 2nd degree decls took 0 
332717     INFO  Test worker     d.u.i.k.n.KeyIO           Parsing took 0 ms 
332717     DEBUG Test worker     d.u.i.k.n.KeyIO           Load declarations of de.uka.ilkd.key.nparser.KeyAst$File:  <unknown>:1#1 
332717     INFO  Test worker     d.u.i.k.n.KeyIO           MODE: declarations took 0 ms 
332717     DEBUG Test worker     d.u.i.k.n.KeyIO           MODE: 2nd degree decls took 0 
332717     INFO  Test worker     d.u.i.k.n.KeyIO           Parsing took 0 ms 
332717     DEBUG Test worker     d.u.i.k.n.KeyIO           Load declarations of de.uka.ilkd.key.nparser.KeyAst$File:  <unknown>:1#1 
332717     INFO  Test worker     d.u.i.k.n.KeyIO           MODE: declarations took 0 ms 
332717     DEBUG Test worker     d.u.i.k.n.KeyIO           MODE: 2nd degree decls took 0 
332717     INFO  Test worker     d.u.i.k.n.KeyIO           Parsing took 0 ms 
332717     DEBUG Test worker     d.u.i.k.n.KeyIO           Load declarations of de.uka.ilkd.key.nparser.KeyAst$File:  <unknown>:1#1 
332717     INFO  Test worker     d.u.i.k.n.KeyIO           MODE: declarations took 0 ms 
332717     DEBUG Test worker     d.u.i.k.n.KeyIO           MODE: 2nd degree decls took 0 
332717     INFO  Test worker     d.u.i.k.n.KeyIO           Parsing took 0 ms 
332717     DEBUG Test worker     d.u.i.k.n.KeyIO           Load declarations of de.uka.ilkd.key.nparser.KeyAst$File:  <unknown>:1#1 
332717     INFO  Test worker     d.u.i.k.n.KeyIO           MODE: declarations took 0 ms 
332717     DEBUG Test worker     d.u.i.k.n.KeyIO           MODE: 2nd degree decls took 0 
335650     INFO  Test worker     d.u.i.k.n.KeyIO           Parsing took 0 ms 
335650     DEBUG Test worker     d.u.i.k.n.KeyIO           Load declarations of de.uka.ilkd.key.nparser.KeyAst$File:  <unknown>:1#1 
335650     INFO  Test worker     d.u.i.k.n.KeyIO           MODE: declarations took 0 ms 
335650     DEBUG Test worker     d.u.i.k.n.KeyIO           MODE: 2nd degree decls took 0 
335650     INFO  Test worker     d.u.i.k.n.KeyIO           Parsing took 0 ms 
335650     DEBUG Test worker     d.u.i.k.n.KeyIO           Load declarations of de.uka.ilkd.key.nparser.KeyAst$File:  <unknown>:1#1 
335650     INFO  Test worker     d.u.i.k.n.KeyIO           MODE: declarations took 0 ms 
335651     DEBUG Test worker     d.u.i.k.n.KeyIO           MODE: 2nd degree decls took 0 
335651     INFO  Test worker     d.u.i.k.n.KeyIO           Parsing took 0 ms 
335651     DEBUG Test worker     d.u.i.k.n.KeyIO           Load declarations of de.uka.ilkd.key.nparser.KeyAst$File:  <unknown>:1#1 
335651     INFO  Test worker     d.u.i.k.n.KeyIO           MODE: declarations took 0 ms 
335651     DEBUG Test worker     d.u.i.k.n.KeyIO           MODE: 2nd degree decls took 0 
335651     INFO  Test worker     d.u.i.k.n.KeyIO           Parsing took 0 ms 
335651     DEBUG Test worker     d.u.i.k.n.KeyIO           Load declarations of de.uka.ilkd.key.nparser.KeyAst$File:  <unknown>:1#1 
335651     INFO  Test worker     d.u.i.k.n.KeyIO           MODE: declarations took 0 ms 
335651     DEBUG Test worker     d.u.i.k.n.KeyIO           MODE: 2nd degree decls took 0 
335651     INFO  Test worker     d.u.i.k.n.KeyIO           Parsing took 0 ms 
335651     DEBUG Test worker     d.u.i.k.n.KeyIO           Load declarations of de.uka.ilkd.key.nparser.KeyAst$File:  <unknown>:1#1 
335651     INFO  Test worker     d.u.i.k.n.KeyIO           MODE: declarations took 0 ms 
335651     DEBUG Test worker     d.u.i.k.n.KeyIO           MODE: 2nd degree decls took 0 
338435     INFO  Test worker     d.u.i.k.n.KeyIO           Parsing took 0 ms 
338451     DEBUG Test worker     d.u.i.k.n.KeyIO           Load declarations of de.uka.ilkd.key.nparser.KeyAst$File:  <unknown>:1#1 
338451     INFO  Test worker     d.u.i.k.n.KeyIO           MODE: declarations took 0 ms 
338451     DEBUG Test worker     d.u.i.k.n.KeyIO           MODE: 2nd degree decls took 0 
338451     INFO  Test worker     d.u.i.k.n.KeyIO           Parsing took 0 ms 
338451     DEBUG Test worker     d.u.i.k.n.KeyIO           Load declarations of de.uka.ilkd.key.nparser.KeyAst$File:  <unknown>:1#1 
338451     INFO  Test worker     d.u.i.k.n.KeyIO           MODE: declarations took 0 ms 
338451     DEBUG Test worker     d.u.i.k.n.KeyIO           MODE: 2nd degree decls took 0 
338451     INFO  Test worker     d.u.i.k.n.KeyIO           Parsing took 0 ms 
338451     DEBUG Test worker     d.u.i.k.n.KeyIO           Load declarations of de.uka.ilkd.key.nparser.KeyAst$File:  <unknown>:1#1 
338451     INFO  Test worker     d.u.i.k.n.KeyIO           MODE: declarations took 0 ms 
338451     DEBUG Test worker     d.u.i.k.n.KeyIO           MODE: 2nd degree decls took 0 
338451     INFO  Test worker     d.u.i.k.n.KeyIO           Parsing took 0 ms 
338451     DEBUG Test worker     d.u.i.k.n.KeyIO           Load declarations of de.uka.ilkd.key.nparser.KeyAst$File:  <unknown>:1#1 
338451     INFO  Test worker     d.u.i.k.n.KeyIO           MODE: declarations took 0 ms 
338451     DEBUG Test worker     d.u.i.k.n.KeyIO           MODE: 2nd degree decls took 0 
338451     INFO  Test worker     d.u.i.k.n.KeyIO           Parsing took 0 ms 
338451     DEBUG Test worker     d.u.i.k.n.KeyIO           Load declarations of de.uka.ilkd.key.nparser.KeyAst$File:  <unknown>:1#1 
338451     INFO  Test worker     d.u.i.k.n.KeyIO           MODE: declarations took 0 ms 
338451     DEBUG Test worker     d.u.i.k.n.KeyIO           MODE: 2nd degree decls took 0 
341332     INFO  Test worker     d.u.i.k.n.KeyIO           Parsing took 0 ms 
341332     DEBUG Test worker     d.u.i.k.n.KeyIO           Load declarations of de.uka.ilkd.key.nparser.KeyAst$File:  <unknown>:1#1 
341332     INFO  Test worker     d.u.i.k.n.KeyIO           MODE: declarations took 0 ms 
341332     DEBUG Test worker     d.u.i.k.n.KeyIO           MODE: 2nd degree decls took 0 
341332     INFO  Test worker     d.u.i.k.n.KeyIO           Parsing took 0 ms 
341332     DEBUG Test worker     d.u.i.k.n.KeyIO           Load declarations of de.uka.ilkd.key.nparser.KeyAst$File:  <unknown>:1#1 
341332     INFO  Test worker     d.u.i.k.n.KeyIO           MODE: declarations took 0 ms 
341332     DEBUG Test worker     d.u.i.k.n.KeyIO           MODE: 2nd degree decls took 0 
341332     INFO  Test worker     d.u.i.k.n.KeyIO           Parsing took 0 ms 
341332     DEBUG Test worker     d.u.i.k.n.KeyIO           Load declarations of de.uka.ilkd.key.nparser.KeyAst$File:  <unknown>:1#1 
341332     INFO  Test worker     d.u.i.k.n.KeyIO           MODE: declarations took 0 ms 
341332     DEBUG Test worker     d.u.i.k.n.KeyIO           MODE: 2nd degree decls took 0 
341332     INFO  Test worker     d.u.i.k.n.KeyIO           Parsing took 0 ms 
341332     DEBUG Test worker     d.u.i.k.n.KeyIO           Load declarations of de.uka.ilkd.key.nparser.KeyAst$File:  <unknown>:1#1 
341332     INFO  Test worker     d.u.i.k.n.KeyIO           MODE: declarations took 0 ms 
341332     DEBUG Test worker     d.u.i.k.n.KeyIO           MODE: 2nd degree decls took 0 
341332     INFO  Test worker     d.u.i.k.n.KeyIO           Parsing took 0 ms 
341332     DEBUG Test worker     d.u.i.k.n.KeyIO           Load declarations of de.uka.ilkd.key.nparser.KeyAst$File:  <unknown>:1#1 
341332     INFO  Test worker     d.u.i.k.n.KeyIO           MODE: declarations took 0 ms 
341332     DEBUG Test worker     d.u.i.k.n.KeyIO           MODE: 2nd degree decls took 0 
344183     INFO  Test worker     d.u.i.k.n.KeyIO           Parsing took 0 ms 
344183     DEBUG Test worker     d.u.i.k.n.KeyIO           Load declarations of de.uka.ilkd.key.nparser.KeyAst$File:  <unknown>:1#1 
344183     INFO  Test worker     d.u.i.k.n.KeyIO           MODE: declarations took 0 ms 
344183     DEBUG Test worker     d.u.i.k.n.KeyIO           MODE: 2nd degree decls took 0 
344183     INFO  Test worker     d.u.i.k.n.KeyIO           Parsing took 0 ms 
344183     DEBUG Test worker     d.u.i.k.n.KeyIO           Load declarations of de.uka.ilkd.key.nparser.KeyAst$File:  <unknown>:1#1 
344183     INFO  Test worker     d.u.i.k.n.KeyIO           MODE: declarations took 0 ms 
344183     DEBUG Test worker     d.u.i.k.n.KeyIO           MODE: 2nd degree decls took 0 
344183     INFO  Test worker     d.u.i.k.n.KeyIO           Parsing took 0 ms 
344183     DEBUG Test worker     d.u.i.k.n.KeyIO           Load declarations of de.uka.ilkd.key.nparser.KeyAst$File:  <unknown>:1#1 
344183     INFO  Test worker     d.u.i.k.n.KeyIO           MODE: declarations took 0 ms 
344183     DEBUG Test worker     d.u.i.k.n.KeyIO           MODE: 2nd degree decls took 0 
344183     INFO  Test worker     d.u.i.k.n.KeyIO           Parsing took 0 ms 
344183     DEBUG Test worker     d.u.i.k.n.KeyIO           Load declarations of de.uka.ilkd.key.nparser.KeyAst$File:  <unknown>:1#1 
344183     INFO  Test worker     d.u.i.k.n.KeyIO           MODE: declarations took 0 ms 
344183     DEBUG Test worker     d.u.i.k.n.KeyIO           MODE: 2nd degree decls took 0 
344183     INFO  Test worker     d.u.i.k.n.KeyIO           Parsing took 0 ms 
344183     DEBUG Test worker     d.u.i.k.n.KeyIO           Load declarations of de.uka.ilkd.key.nparser.KeyAst$File:  <unknown>:1#1 
344183     INFO  Test worker     d.u.i.k.n.KeyIO           MODE: declarations took 0 ms 
344183     DEBUG Test worker     d.u.i.k.n.KeyIO           MODE: 2nd degree decls took 0 
347036     INFO  Test worker     d.u.i.k.n.KeyIO           Parsing took 0 ms 
347036     DEBUG Test worker     d.u.i.k.n.KeyIO           Load declarations of de.uka.ilkd.key.nparser.KeyAst$File:  <unknown>:1#1 
347036     INFO  Test worker     d.u.i.k.n.KeyIO           MODE: declarations took 0 ms 
347036     DEBUG Test worker     d.u.i.k.n.KeyIO           MODE: 2nd degree decls took 0 
347036     INFO  Test worker     d.u.i.k.n.KeyIO           Parsing took 0 ms 
347036     DEBUG Test worker     d.u.i.k.n.KeyIO           Load declarations of de.uka.ilkd.key.nparser.KeyAst$File:  <unknown>:1#1 
347036     INFO  Test worker     d.u.i.k.n.KeyIO           MODE: declarations took 0 ms 
347036     DEBUG Test worker     d.u.i.k.n.KeyIO           MODE: 2nd degree decls took 0 
347036     INFO  Test worker     d.u.i.k.n.KeyIO           Parsing took 0 ms 
347036     DEBUG Test worker     d.u.i.k.n.KeyIO           Load declarations of de.uka.ilkd.key.nparser.KeyAst$File:  <unknown>:1#1 
347036     INFO  Test worker     d.u.i.k.n.KeyIO           MODE: declarations took 0 ms 
347036     DEBUG Test worker     d.u.i.k.n.KeyIO           MODE: 2nd degree decls took 0 
347036     INFO  Test worker     d.u.i.k.n.KeyIO           Parsing took 0 ms 
347036     DEBUG Test worker     d.u.i.k.n.KeyIO           Load declarations of de.uka.ilkd.key.nparser.KeyAst$File:  <unknown>:1#1 
347036     INFO  Test worker     d.u.i.k.n.KeyIO           MODE: declarations took 0 ms 
347036     DEBUG Test worker     d.u.i.k.n.KeyIO           MODE: 2nd degree decls took 0 
347036     INFO  Test worker     d.u.i.k.n.KeyIO           Parsing took 0 ms 
347036     DEBUG Test worker     d.u.i.k.n.KeyIO           Load declarations of de.uka.ilkd.key.nparser.KeyAst$File:  <unknown>:1#1 
347036     INFO  Test worker     d.u.i.k.n.KeyIO           MODE: declarations took 0 ms 
347036     DEBUG Test worker     d.u.i.k.n.KeyIO           MODE: 2nd degree decls took 0 
349851     INFO  Test worker     d.u.i.k.n.KeyIO           Parsing took 0 ms 
349851     DEBUG Test worker     d.u.i.k.n.KeyIO           Load declarations of de.uka.ilkd.key.nparser.KeyAst$File:  <unknown>:1#1 
349851     INFO  Test worker     d.u.i.k.n.KeyIO           MODE: declarations took 0 ms 
349851     DEBUG Test worker     d.u.i.k.n.KeyIO           MODE: 2nd degree decls took 0 
349851     INFO  Test worker     d.u.i.k.n.KeyIO           Parsing took 0 ms 
349851     DEBUG Test worker     d.u.i.k.n.KeyIO           Load declarations of de.uka.ilkd.key.nparser.KeyAst$File:  <unknown>:1#1 
349851     INFO  Test worker     d.u.i.k.n.KeyIO           MODE: declarations took 0 ms 
349851     DEBUG Test worker     d.u.i.k.n.KeyIO           MODE: 2nd degree decls took 0 
349851     INFO  Test worker     d.u.i.k.n.KeyIO           Parsing took 0 ms 
349851     DEBUG Test worker     d.u.i.k.n.KeyIO           Load declarations of de.uka.ilkd.key.nparser.KeyAst$File:  <unknown>:1#1 
349851     INFO  Test worker     d.u.i.k.n.KeyIO           MODE: declarations took 0 ms 
349851     DEBUG Test worker     d.u.i.k.n.KeyIO           MODE: 2nd degree decls took 0 
349851     INFO  Test worker     d.u.i.k.n.KeyIO           Parsing took 0 ms 
349851     DEBUG Test worker     d.u.i.k.n.KeyIO           Load declarations of de.uka.ilkd.key.nparser.KeyAst$File:  <unknown>:1#1 
349851     INFO  Test worker     d.u.i.k.n.KeyIO           MODE: declarations took 0 ms 
349851     DEBUG Test worker     d.u.i.k.n.KeyIO           MODE: 2nd degree decls took 0 
349851     INFO  Test worker     d.u.i.k.n.KeyIO           Parsing took 0 ms 
349851     DEBUG Test worker     d.u.i.k.n.KeyIO           Load declarations of de.uka.ilkd.key.nparser.KeyAst$File:  <unknown>:1#1 
349851     INFO  Test worker     d.u.i.k.n.KeyIO           MODE: declarations took 0 ms 
349851     DEBUG Test worker     d.u.i.k.n.KeyIO           MODE: 2nd degree decls took 0 
352661     INFO  Test worker     d.u.i.k.n.KeyIO           Parsing took 0 ms 
352661     DEBUG Test worker     d.u.i.k.n.KeyIO           Load declarations of de.uka.ilkd.key.nparser.KeyAst$File:  <unknown>:1#1 
352661     INFO  Test worker     d.u.i.k.n.KeyIO           MODE: declarations took 0 ms 
352661     DEBUG Test worker     d.u.i.k.n.KeyIO           MODE: 2nd degree decls took 0 
352661     INFO  Test worker     d.u.i.k.n.KeyIO           Parsing took 0 ms 
352661     DEBUG Test worker     d.u.i.k.n.KeyIO           Load declarations of de.uka.ilkd.key.nparser.KeyAst$File:  <unknown>:1#1 
352661     INFO  Test worker     d.u.i.k.n.KeyIO           MODE: declarations took 0 ms 
352661     DEBUG Test worker     d.u.i.k.n.KeyIO           MODE: 2nd degree decls took 0 
352661     INFO  Test worker     d.u.i.k.n.KeyIO           Parsing took 0 ms 
352661     DEBUG Test worker     d.u.i.k.n.KeyIO           Load declarations of de.uka.ilkd.key.nparser.KeyAst$File:  <unknown>:1#1 
352661     INFO  Test worker     d.u.i.k.n.KeyIO           MODE: declarations took 0 ms 
352661     DEBUG Test worker     d.u.i.k.n.KeyIO           MODE: 2nd degree decls took 0 
352661     INFO  Test worker     d.u.i.k.n.KeyIO           Parsing took 0 ms 
352661     DEBUG Test worker     d.u.i.k.n.KeyIO           Load declarations of de.uka.ilkd.key.nparser.KeyAst$File:  <unknown>:1#1 
352661     INFO  Test worker     d.u.i.k.n.KeyIO           MODE: declarations took 0 ms 
352661     DEBUG Test worker     d.u.i.k.n.KeyIO           MODE: 2nd degree decls took 0 
352661     INFO  Test worker     d.u.i.k.n.KeyIO           Parsing took 0 ms 
352661     DEBUG Test worker     d.u.i.k.n.KeyIO           Load declarations of de.uka.ilkd.key.nparser.KeyAst$File:  <unknown>:1#1 
352661     INFO  Test worker     d.u.i.k.n.KeyIO           MODE: declarations took 0 ms 
352661     DEBUG Test worker     d.u.i.k.n.KeyIO           MODE: 2nd degree decls took 0 
352661     WARN  Test worker     d.u.i.k.n.KeYParser       [syntax-error] <unknown>:1:11: mismatched input '@' expecting {'/', ':=', '.', '(', ')', '{', '[', '@', PARALLEL, OR, AND, IMP, '=', NOT_EQUALS, '%', '*', '-', '+', '>', GREATEREQUAL, '<', LESSEQUAL, LGUILLEMETS, EQV} [@11,11:11='@',<153>,1:11] (termEOF) 
355557     INFO  Test worker     d.u.i.k.n.KeyIO           Parsing took 0 ms 
355557     DEBUG Test worker     d.u.i.k.n.KeyIO           Load declarations of de.uka.ilkd.key.nparser.KeyAst$File:  <unknown>:1#1 
355557     INFO  Test worker     d.u.i.k.n.KeyIO           MODE: declarations took 0 ms 
355557     DEBUG Test worker     d.u.i.k.n.KeyIO           MODE: 2nd degree decls took 0 
355557     INFO  Test worker     d.u.i.k.n.KeyIO           Parsing took 0 ms 
355557     DEBUG Test worker     d.u.i.k.n.KeyIO           Load declarations of de.uka.ilkd.key.nparser.KeyAst$File:  <unknown>:1#1 
355557     INFO  Test worker     d.u.i.k.n.KeyIO           MODE: declarations took 0 ms 
355557     DEBUG Test worker     d.u.i.k.n.KeyIO           MODE: 2nd degree decls took 0 
355557     INFO  Test worker     d.u.i.k.n.KeyIO           Parsing took 0 ms 
355557     DEBUG Test worker     d.u.i.k.n.KeyIO           Load declarations of de.uka.ilkd.key.nparser.KeyAst$File:  <unknown>:1#1 
355557     INFO  Test worker     d.u.i.k.n.KeyIO           MODE: declarations took 0 ms 
355557     DEBUG Test worker     d.u.i.k.n.KeyIO           MODE: 2nd degree decls took 0 
355557     INFO  Test worker     d.u.i.k.n.KeyIO           Parsing took 0 ms 
355557     DEBUG Test worker     d.u.i.k.n.KeyIO           Load declarations of de.uka.ilkd.key.nparser.KeyAst$File:  <unknown>:1#1 
355557     INFO  Test worker     d.u.i.k.n.KeyIO           MODE: declarations took 0 ms 
355557     DEBUG Test worker     d.u.i.k.n.KeyIO           MODE: 2nd degree decls took 0 
355557     INFO  Test worker     d.u.i.k.n.KeyIO           Parsing took 0 ms 
355557     DEBUG Test worker     d.u.i.k.n.KeyIO           Load declarations of de.uka.ilkd.key.nparser.KeyAst$File:  <unknown>:1#1 
355557     INFO  Test worker     d.u.i.k.n.KeyIO           MODE: declarations took 0 ms 
355557     DEBUG Test worker     d.u.i.k.n.KeyIO           MODE: 2nd degree decls took 0 
358518     INFO  Test worker     d.u.i.k.n.KeyIO           Parsing took 0 ms 
358518     DEBUG Test worker     d.u.i.k.n.KeyIO           Load declarations of de.uka.ilkd.key.nparser.KeyAst$File:  <unknown>:1#1 
358518     INFO  Test worker     d.u.i.k.n.KeyIO           MODE: declarations took 0 ms 
358518     DEBUG Test worker     d.u.i.k.n.KeyIO           MODE: 2nd degree decls took 0 
358518     INFO  Test worker     d.u.i.k.n.KeyIO           Parsing took 0 ms 
358518     DEBUG Test worker     d.u.i.k.n.KeyIO           Load declarations of de.uka.ilkd.key.nparser.KeyAst$File:  <unknown>:1#1 
358518     INFO  Test worker     d.u.i.k.n.KeyIO           MODE: declarations took 0 ms 
358518     DEBUG Test worker     d.u.i.k.n.KeyIO           MODE: 2nd degree decls took 0 
358518     INFO  Test worker     d.u.i.k.n.KeyIO           Parsing took 0 ms 
358518     DEBUG Test worker     d.u.i.k.n.KeyIO           Load declarations of de.uka.ilkd.key.nparser.KeyAst$File:  <unknown>:1#1 
358518     INFO  Test worker     d.u.i.k.n.KeyIO           MODE: declarations took 0 ms 
358518     DEBUG Test worker     d.u.i.k.n.KeyIO           MODE: 2nd degree decls took 0 
358518     INFO  Test worker     d.u.i.k.n.KeyIO           Parsing took 0 ms 
358518     DEBUG Test worker     d.u.i.k.n.KeyIO           Load declarations of de.uka.ilkd.key.nparser.KeyAst$File:  <unknown>:1#1 
358518     INFO  Test worker     d.u.i.k.n.KeyIO           MODE: declarations took 0 ms 
358518     DEBUG Test worker     d.u.i.k.n.KeyIO           MODE: 2nd degree decls took 0 
358518     INFO  Test worker     d.u.i.k.n.KeyIO           Parsing took 0 ms 
358518     DEBUG Test worker     d.u.i.k.n.KeyIO           Load declarations of de.uka.ilkd.key.nparser.KeyAst$File:  <unknown>:1#1 
358518     INFO  Test worker     d.u.i.k.n.KeyIO           MODE: declarations took 0 ms 
358518     DEBUG Test worker     d.u.i.k.n.KeyIO           MODE: 2nd degree decls took 0 
361559     INFO  Test worker     d.u.i.k.n.KeyIO           Parsing took 0 ms 
361559     DEBUG Test worker     d.u.i.k.n.KeyIO           Load declarations of de.uka.ilkd.key.nparser.KeyAst$File:  <unknown>:1#1 
361559     INFO  Test worker     d.u.i.k.n.KeyIO           MODE: declarations took 0 ms 
361559     DEBUG Test worker     d.u.i.k.n.KeyIO           MODE: 2nd degree decls took 0 
361559     INFO  Test worker     d.u.i.k.n.KeyIO           Parsing took 0 ms 
361559     DEBUG Test worker     d.u.i.k.n.KeyIO           Load declarations of de.uka.ilkd.key.nparser.KeyAst$File:  <unknown>:1#1 
361559     INFO  Test worker     d.u.i.k.n.KeyIO           MODE: declarations took 0 ms 
361559     DEBUG Test worker     d.u.i.k.n.KeyIO           MODE: 2nd degree decls took 0 
361559     INFO  Test worker     d.u.i.k.n.KeyIO           Parsing took 0 ms 
361559     DEBUG Test worker     d.u.i.k.n.KeyIO           Load declarations of de.uka.ilkd.key.nparser.KeyAst$File:  <unknown>:1#1 
361559     INFO  Test worker     d.u.i.k.n.KeyIO           MODE: declarations took 0 ms 
361559     DEBUG Test worker     d.u.i.k.n.KeyIO           MODE: 2nd degree decls took 0 
361559     INFO  Test worker     d.u.i.k.n.KeyIO           Parsing took 0 ms 
361559     DEBUG Test worker     d.u.i.k.n.KeyIO           Load declarations of de.uka.ilkd.key.nparser.KeyAst$File:  <unknown>:1#1 
361559     INFO  Test worker     d.u.i.k.n.KeyIO           MODE: declarations took 0 ms 
361559     DEBUG Test worker     d.u.i.k.n.KeyIO           MODE: 2nd degree decls took 0 
361559     INFO  Test worker     d.u.i.k.n.KeyIO           Parsing took 0 ms 
361559     DEBUG Test worker     d.u.i.k.n.KeyIO           Load declarations of de.uka.ilkd.key.nparser.KeyAst$File:  <unknown>:1#1 
361559     INFO  Test worker     d.u.i.k.n.KeyIO           MODE: declarations took 0 ms 
361559     DEBUG Test worker     d.u.i.k.n.KeyIO           MODE: 2nd degree decls took 0 
364564     INFO  Test worker     d.u.i.k.n.KeyIO           Parsing took 0 ms 
364564     DEBUG Test worker     d.u.i.k.n.KeyIO           Load declarations of de.uka.ilkd.key.nparser.KeyAst$File:  <unknown>:1#1 
364564     INFO  Test worker     d.u.i.k.n.KeyIO           MODE: declarations took 0 ms 
364564     DEBUG Test worker     d.u.i.k.n.KeyIO           MODE: 2nd degree decls took 0 
364564     INFO  Test worker     d.u.i.k.n.KeyIO           Parsing took 0 ms 
364564     DEBUG Test worker     d.u.i.k.n.KeyIO           Load declarations of de.uka.ilkd.key.nparser.KeyAst$File:  <unknown>:1#1 
364564     INFO  Test worker     d.u.i.k.n.KeyIO           MODE: declarations took 0 ms 
364564     DEBUG Test worker     d.u.i.k.n.KeyIO           MODE: 2nd degree decls took 0 
364564     INFO  Test worker     d.u.i.k.n.KeyIO           Parsing took 0 ms 
364564     DEBUG Test worker     d.u.i.k.n.KeyIO           Load declarations of de.uka.ilkd.key.nparser.KeyAst$File:  <unknown>:1#1 
364564     INFO  Test worker     d.u.i.k.n.KeyIO           MODE: declarations took 0 ms 
364564     DEBUG Test worker     d.u.i.k.n.KeyIO           MODE: 2nd degree decls took 0 
364564     INFO  Test worker     d.u.i.k.n.KeyIO           Parsing took 0 ms 
364564     DEBUG Test worker     d.u.i.k.n.KeyIO           Load declarations of de.uka.ilkd.key.nparser.KeyAst$File:  <unknown>:1#1 
364564     INFO  Test worker     d.u.i.k.n.KeyIO           MODE: declarations took 0 ms 
364564     DEBUG Test worker     d.u.i.k.n.KeyIO           MODE: 2nd degree decls took 0 
364564     INFO  Test worker     d.u.i.k.n.KeyIO           Parsing took 0 ms 
364564     DEBUG Test worker     d.u.i.k.n.KeyIO           Load declarations of de.uka.ilkd.key.nparser.KeyAst$File:  <unknown>:1#1 
364564     INFO  Test worker     d.u.i.k.n.KeyIO           MODE: declarations took 0 ms 
364564     DEBUG Test worker     d.u.i.k.n.KeyIO           MODE: 2nd degree decls took 0 
367435     INFO  Test worker     d.u.i.k.n.KeyIO           Parsing took 0 ms 
367435     DEBUG Test worker     d.u.i.k.n.KeyIO           Load declarations of de.uka.ilkd.key.nparser.KeyAst$File:  <unknown>:1#1 
367435     INFO  Test worker     d.u.i.k.n.KeyIO           MODE: declarations took 0 ms 
367435     DEBUG Test worker     d.u.i.k.n.KeyIO           MODE: 2nd degree decls took 0 
367435     INFO  Test worker     d.u.i.k.n.KeyIO           Parsing took 0 ms 
367435     DEBUG Test worker     d.u.i.k.n.KeyIO           Load declarations of de.uka.ilkd.key.nparser.KeyAst$File:  <unknown>:1#1 
367435     INFO  Test worker     d.u.i.k.n.KeyIO           MODE: declarations took 0 ms 
367435     DEBUG Test worker     d.u.i.k.n.KeyIO           MODE: 2nd degree decls took 0 
367435     INFO  Test worker     d.u.i.k.n.KeyIO           Parsing took 0 ms 
367435     DEBUG Test worker     d.u.i.k.n.KeyIO           Load declarations of de.uka.ilkd.key.nparser.KeyAst$File:  <unknown>:1#1 
367435     INFO  Test worker     d.u.i.k.n.KeyIO           MODE: declarations took 0 ms 
367435     DEBUG Test worker     d.u.i.k.n.KeyIO           MODE: 2nd degree decls took 0 
367435     INFO  Test worker     d.u.i.k.n.KeyIO           Parsing took 0 ms 
367435     DEBUG Test worker     d.u.i.k.n.KeyIO           Load declarations of de.uka.ilkd.key.nparser.KeyAst$File:  <unknown>:1#1 
367435     INFO  Test worker     d.u.i.k.n.KeyIO           MODE: declarations took 0 ms 
367435     DEBUG Test worker     d.u.i.k.n.KeyIO           MODE: 2nd degree decls took 0 
367435     INFO  Test worker     d.u.i.k.n.KeyIO           Parsing took 0 ms 
367435     DEBUG Test worker     d.u.i.k.n.KeyIO           Load declarations of de.uka.ilkd.key.nparser.KeyAst$File:  <unknown>:1#1 
367435     INFO  Test worker     d.u.i.k.n.KeyIO           MODE: declarations took 0 ms 
367435     DEBUG Test worker     d.u.i.k.n.KeyIO           MODE: 2nd degree decls took 0 
370402     INFO  Test worker     d.u.i.k.n.KeyIO           Parsing took 0 ms 
370402     DEBUG Test worker     d.u.i.k.n.KeyIO           Load declarations of de.uka.ilkd.key.nparser.KeyAst$File:  <unknown>:1#1 
370402     INFO  Test worker     d.u.i.k.n.KeyIO           MODE: declarations took 0 ms 
370402     DEBUG Test worker     d.u.i.k.n.KeyIO           MODE: 2nd degree decls took 0 
370402     INFO  Test worker     d.u.i.k.n.KeyIO           Parsing took 0 ms 
370402     DEBUG Test worker     d.u.i.k.n.KeyIO           Load declarations of de.uka.ilkd.key.nparser.KeyAst$File:  <unknown>:1#1 
370417     INFO  Test worker     d.u.i.k.n.KeyIO           MODE: declarations took 15 ms 
370417     DEBUG Test worker     d.u.i.k.n.KeyIO           MODE: 2nd degree decls took 0 
370417     INFO  Test worker     d.u.i.k.n.KeyIO           Parsing took 0 ms 
370417     DEBUG Test worker     d.u.i.k.n.KeyIO           Load declarations of de.uka.ilkd.key.nparser.KeyAst$File:  <unknown>:1#1 
370417     INFO  Test worker     d.u.i.k.n.KeyIO           MODE: declarations took 0 ms 
370417     DEBUG Test worker     d.u.i.k.n.KeyIO           MODE: 2nd degree decls took 0 
370417     INFO  Test worker     d.u.i.k.n.KeyIO           Parsing took 0 ms 
370417     DEBUG Test worker     d.u.i.k.n.KeyIO           Load declarations of de.uka.ilkd.key.nparser.KeyAst$File:  <unknown>:1#1 
370417     INFO  Test worker     d.u.i.k.n.KeyIO           MODE: declarations took 0 ms 
370417     DEBUG Test worker     d.u.i.k.n.KeyIO           MODE: 2nd degree decls took 0 
370417     INFO  Test worker     d.u.i.k.n.KeyIO           Parsing took 0 ms 
370417     DEBUG Test worker     d.u.i.k.n.KeyIO           Load declarations of de.uka.ilkd.key.nparser.KeyAst$File:  <unknown>:1#1 
370417     INFO  Test worker     d.u.i.k.n.KeyIO           MODE: declarations took 0 ms 
370417     DEBUG Test worker     d.u.i.k.n.KeyIO           MODE: 2nd degree decls took 0 
373413     INFO  Test worker     d.u.i.k.n.KeyIO           Parsing took 0 ms 
373413     DEBUG Test worker     d.u.i.k.n.KeyIO           Load declarations of de.uka.ilkd.key.nparser.KeyAst$File:  <unknown>:1#1 
373413     INFO  Test worker     d.u.i.k.n.KeyIO           MODE: declarations took 0 ms 
373413     DEBUG Test worker     d.u.i.k.n.KeyIO           MODE: 2nd degree decls took 0 
373413     INFO  Test worker     d.u.i.k.n.KeyIO           Parsing took 0 ms 
373413     DEBUG Test worker     d.u.i.k.n.KeyIO           Load declarations of de.uka.ilkd.key.nparser.KeyAst$File:  <unknown>:1#1 
373413     INFO  Test worker     d.u.i.k.n.KeyIO           MODE: declarations took 0 ms 
373413     DEBUG Test worker     d.u.i.k.n.KeyIO           MODE: 2nd degree decls took 0 
373413     INFO  Test worker     d.u.i.k.n.KeyIO           Parsing took 0 ms 
373413     DEBUG Test worker     d.u.i.k.n.KeyIO           Load declarations of de.uka.ilkd.key.nparser.KeyAst$File:  <unknown>:1#1 
373413     INFO  Test worker     d.u.i.k.n.KeyIO           MODE: declarations took 0 ms 
373413     DEBUG Test worker     d.u.i.k.n.KeyIO           MODE: 2nd degree decls took 0 
373413     INFO  Test worker     d.u.i.k.n.KeyIO           Parsing took 0 ms 
373413     DEBUG Test worker     d.u.i.k.n.KeyIO           Load declarations of de.uka.ilkd.key.nparser.KeyAst$File:  <unknown>:1#1 
373413     INFO  Test worker     d.u.i.k.n.KeyIO           MODE: declarations took 0 ms 
373413     DEBUG Test worker     d.u.i.k.n.KeyIO           MODE: 2nd degree decls took 0 
373413     INFO  Test worker     d.u.i.k.n.KeyIO           Parsing took 0 ms 
373413     DEBUG Test worker     d.u.i.k.n.KeyIO           Load declarations of de.uka.ilkd.key.nparser.KeyAst$File:  <unknown>:1#1 
373413     INFO  Test worker     d.u.i.k.n.KeyIO           MODE: declarations took 0 ms 
373413     DEBUG Test worker     d.u.i.k.n.KeyIO           MODE: 2nd degree decls took 0 
376342     INFO  Test worker     d.u.i.k.n.KeyIO           Parsing took 0 ms 
376342     DEBUG Test worker     d.u.i.k.n.KeyIO           Load declarations of de.uka.ilkd.key.nparser.KeyAst$File:  <unknown>:1#1 
376342     INFO  Test worker     d.u.i.k.n.KeyIO           MODE: declarations took 0 ms 
376342     DEBUG Test worker     d.u.i.k.n.KeyIO           MODE: 2nd degree decls took 0 
376342     INFO  Test worker     d.u.i.k.n.KeyIO           Parsing took 0 ms 
376342     DEBUG Test worker     d.u.i.k.n.KeyIO           Load declarations of de.uka.ilkd.key.nparser.KeyAst$File:  <unknown>:1#1 
376342     INFO  Test worker     d.u.i.k.n.KeyIO           MODE: declarations took 0 ms 
376342     DEBUG Test worker     d.u.i.k.n.KeyIO           MODE: 2nd degree decls took 0 
376342     INFO  Test worker     d.u.i.k.n.KeyIO           Parsing took 0 ms 
376342     DEBUG Test worker     d.u.i.k.n.KeyIO           Load declarations of de.uka.ilkd.key.nparser.KeyAst$File:  <unknown>:1#1 
376342     INFO  Test worker     d.u.i.k.n.KeyIO           MODE: declarations took 0 ms 
376342     DEBUG Test worker     d.u.i.k.n.KeyIO           MODE: 2nd degree decls took 0 
376342     INFO  Test worker     d.u.i.k.n.KeyIO           Parsing took 0 ms 
376342     DEBUG Test worker     d.u.i.k.n.KeyIO           Load declarations of de.uka.ilkd.key.nparser.KeyAst$File:  <unknown>:1#1 
376342     INFO  Test worker     d.u.i.k.n.KeyIO           MODE: declarations took 0 ms 
376342     DEBUG Test worker     d.u.i.k.n.KeyIO           MODE: 2nd degree decls took 0 
376342     INFO  Test worker     d.u.i.k.n.KeyIO           Parsing took 0 ms 
376342     DEBUG Test worker     d.u.i.k.n.KeyIO           Load declarations of de.uka.ilkd.key.nparser.KeyAst$File:  <unknown>:1#1 
376342     INFO  Test worker     d.u.i.k.n.KeyIO           MODE: declarations took 0 ms 
376342     DEBUG Test worker     d.u.i.k.n.KeyIO           MODE: 2nd degree decls took 0 
379175     INFO  Test worker     d.u.i.k.n.KeyIO           Parsing took 0 ms 
379175     DEBUG Test worker     d.u.i.k.n.KeyIO           Load declarations of de.uka.ilkd.key.nparser.KeyAst$File:  <unknown>:1#1 
379175     INFO  Test worker     d.u.i.k.n.KeyIO           MODE: declarations took 0 ms 
379175     DEBUG Test worker     d.u.i.k.n.KeyIO           MODE: 2nd degree decls took 0 
379175     INFO  Test worker     d.u.i.k.n.KeyIO           Parsing took 0 ms 
379175     DEBUG Test worker     d.u.i.k.n.KeyIO           Load declarations of de.uka.ilkd.key.nparser.KeyAst$File:  <unknown>:1#1 
379175     INFO  Test worker     d.u.i.k.n.KeyIO           MODE: declarations took 0 ms 
379175     DEBUG Test worker     d.u.i.k.n.KeyIO           MODE: 2nd degree decls took 0 
379175     INFO  Test worker     d.u.i.k.n.KeyIO           Parsing took 0 ms 
379175     DEBUG Test worker     d.u.i.k.n.KeyIO           Load declarations of de.uka.ilkd.key.nparser.KeyAst$File:  <unknown>:1#1 
379175     INFO  Test worker     d.u.i.k.n.KeyIO           MODE: declarations took 0 ms 
379175     DEBUG Test worker     d.u.i.k.n.KeyIO           MODE: 2nd degree decls took 0 
379175     INFO  Test worker     d.u.i.k.n.KeyIO           Parsing took 0 ms 
379175     DEBUG Test worker     d.u.i.k.n.KeyIO           Load declarations of de.uka.ilkd.key.nparser.KeyAst$File:  <unknown>:1#1 
379175     INFO  Test worker     d.u.i.k.n.KeyIO           MODE: declarations took 0 ms 
379175     DEBUG Test worker     d.u.i.k.n.KeyIO           MODE: 2nd degree decls took 0 
379175     INFO  Test worker     d.u.i.k.n.KeyIO           Parsing took 0 ms 
379175     DEBUG Test worker     d.u.i.k.n.KeyIO           Load declarations of de.uka.ilkd.key.nparser.KeyAst$File:  <unknown>:1#1 
379175     INFO  Test worker     d.u.i.k.n.KeyIO           MODE: declarations took 0 ms 
379175     DEBUG Test worker     d.u.i.k.n.KeyIO           MODE: 2nd degree decls took 0 
382015     INFO  Test worker     d.u.i.k.n.KeyIO           Parsing took 0 ms 
382015     DEBUG Test worker     d.u.i.k.n.KeyIO           Load declarations of de.uka.ilkd.key.nparser.KeyAst$File:  <unknown>:1#1 
382015     INFO  Test worker     d.u.i.k.n.KeyIO           MODE: declarations took 0 ms 
382015     DEBUG Test worker     d.u.i.k.n.KeyIO           MODE: 2nd degree decls took 0 
382015     INFO  Test worker     d.u.i.k.n.KeyIO           Parsing took 0 ms 
382015     DEBUG Test worker     d.u.i.k.n.KeyIO           Load declarations of de.uka.ilkd.key.nparser.KeyAst$File:  <unknown>:1#1 
382015     INFO  Test worker     d.u.i.k.n.KeyIO           MODE: declarations took 0 ms 
382015     DEBUG Test worker     d.u.i.k.n.KeyIO           MODE: 2nd degree decls took 0 
382015     INFO  Test worker     d.u.i.k.n.KeyIO           Parsing took 0 ms 
382015     DEBUG Test worker     d.u.i.k.n.KeyIO           Load declarations of de.uka.ilkd.key.nparser.KeyAst$File:  <unknown>:1#1 
382015     INFO  Test worker     d.u.i.k.n.KeyIO           MODE: declarations took 0 ms 
382015     DEBUG Test worker     d.u.i.k.n.KeyIO           MODE: 2nd degree decls took 0 
382015     INFO  Test worker     d.u.i.k.n.KeyIO           Parsing took 0 ms 
382015     DEBUG Test worker     d.u.i.k.n.KeyIO           Load declarations of de.uka.ilkd.key.nparser.KeyAst$File:  <unknown>:1#1 
382015     INFO  Test worker     d.u.i.k.n.KeyIO           MODE: declarations took 0 ms 
382015     DEBUG Test worker     d.u.i.k.n.KeyIO           MODE: 2nd degree decls took 0 
382015     INFO  Test worker     d.u.i.k.n.KeyIO           Parsing took 0 ms 
382015     DEBUG Test worker     d.u.i.k.n.KeyIO           Load declarations of de.uka.ilkd.key.nparser.KeyAst$File:  <unknown>:1#1 
382015     INFO  Test worker     d.u.i.k.n.KeyIO           MODE: declarations took 0 ms 
382015     DEBUG Test worker     d.u.i.k.n.KeyIO           MODE: 2nd degree decls took 0 
384866     INFO  Test worker     d.u.i.k.n.KeyIO           Parsing took 0 ms 
384866     DEBUG Test worker     d.u.i.k.n.KeyIO           Load declarations of de.uka.ilkd.key.nparser.KeyAst$File:  <unknown>:1#1 
384866     INFO  Test worker     d.u.i.k.n.KeyIO           MODE: declarations took 0 ms 
384866     DEBUG Test worker     d.u.i.k.n.KeyIO           MODE: 2nd degree decls took 0 
384866     INFO  Test worker     d.u.i.k.n.KeyIO           Parsing took 0 ms 
384866     DEBUG Test worker     d.u.i.k.n.KeyIO           Load declarations of de.uka.ilkd.key.nparser.KeyAst$File:  <unknown>:1#1 
384866     INFO  Test worker     d.u.i.k.n.KeyIO           MODE: declarations took 0 ms 
384866     DEBUG Test worker     d.u.i.k.n.KeyIO           MODE: 2nd degree decls took 0 
384866     INFO  Test worker     d.u.i.k.n.KeyIO           Parsing took 0 ms 
384866     DEBUG Test worker     d.u.i.k.n.KeyIO           Load declarations of de.uka.ilkd.key.nparser.KeyAst$File:  <unknown>:1#1 
384866     INFO  Test worker     d.u.i.k.n.KeyIO           MODE: declarations took 0 ms 
384866     DEBUG Test worker     d.u.i.k.n.KeyIO           MODE: 2nd degree decls took 0 
384866     INFO  Test worker     d.u.i.k.n.KeyIO           Parsing took 0 ms 
384866     DEBUG Test worker     d.u.i.k.n.KeyIO           Load declarations of de.uka.ilkd.key.nparser.KeyAst$File:  <unknown>:1#1 
384866     INFO  Test worker     d.u.i.k.n.KeyIO           MODE: declarations took 0 ms 
384866     DEBUG Test worker     d.u.i.k.n.KeyIO           MODE: 2nd degree decls took 0 
384866     INFO  Test worker     d.u.i.k.n.KeyIO           Parsing took 0 ms 
384866     DEBUG Test worker     d.u.i.k.n.KeyIO           Load declarations of de.uka.ilkd.key.nparser.KeyAst$File:  <unknown>:1#1 
384866     INFO  Test worker     d.u.i.k.n.KeyIO           MODE: declarations took 0 ms 
384866     DEBUG Test worker     d.u.i.k.n.KeyIO           MODE: 2nd degree decls took 0 
387710     INFO  Test worker     d.u.i.k.n.KeyIO           Parsing took 0 ms 
387710     DEBUG Test worker     d.u.i.k.n.KeyIO           Load declarations of de.uka.ilkd.key.nparser.KeyAst$File:  <unknown>:1#1 
387710     INFO  Test worker     d.u.i.k.n.KeyIO           MODE: declarations took 0 ms 
387710     DEBUG Test worker     d.u.i.k.n.KeyIO           MODE: 2nd degree decls took 0 
387710     INFO  Test worker     d.u.i.k.n.KeyIO           Parsing took 0 ms 
387710     DEBUG Test worker     d.u.i.k.n.KeyIO           Load declarations of de.uka.ilkd.key.nparser.KeyAst$File:  <unknown>:1#1 
387710     INFO  Test worker     d.u.i.k.n.KeyIO           MODE: declarations took 0 ms 
387710     DEBUG Test worker     d.u.i.k.n.KeyIO           MODE: 2nd degree decls took 0 
387742     INFO  Test worker     d.u.i.k.n.KeyIO           Parsing took 32 ms 
387742     DEBUG Test worker     d.u.i.k.n.KeyIO           Load declarations of de.uka.ilkd.key.nparser.KeyAst$File:  <unknown>:1#1 
387742     INFO  Test worker     d.u.i.k.n.KeyIO           MODE: declarations took 0 ms 
387742     DEBUG Test worker     d.u.i.k.n.KeyIO           MODE: 2nd degree decls took 0 
387742     INFO  Test worker     d.u.i.k.n.KeyIO           Parsing took 0 ms 
387742     DEBUG Test worker     d.u.i.k.n.KeyIO           Load declarations of de.uka.ilkd.key.nparser.KeyAst$File:  <unknown>:1#1 
387742     INFO  Test worker     d.u.i.k.n.KeyIO           MODE: declarations took 0 ms 
387742     DEBUG Test worker     d.u.i.k.n.KeyIO           MODE: 2nd degree decls took 0 
387742     INFO  Test worker     d.u.i.k.n.KeyIO           Parsing took 0 ms 
387742     DEBUG Test worker     d.u.i.k.n.KeyIO           Load declarations of de.uka.ilkd.key.nparser.KeyAst$File:  <unknown>:1#1 
387742     INFO  Test worker     d.u.i.k.n.KeyIO           MODE: declarations took 0 ms 
387742     DEBUG Test worker     d.u.i.k.n.KeyIO           MODE: 2nd degree decls took 0 
390888     INFO  Test worker     d.u.i.k.n.KeyIO           Parsing took 0 ms 
390888     DEBUG Test worker     d.u.i.k.n.KeyIO           Load declarations of de.uka.ilkd.key.nparser.KeyAst$File:  <unknown>:1#1 
390888     INFO  Test worker     d.u.i.k.n.KeyIO           MODE: declarations took 0 ms 
390888     DEBUG Test worker     d.u.i.k.n.KeyIO           MODE: 2nd degree decls took 0 
390888     INFO  Test worker     d.u.i.k.n.KeyIO           Parsing took 0 ms 
390888     DEBUG Test worker     d.u.i.k.n.KeyIO           Load declarations of de.uka.ilkd.key.nparser.KeyAst$File:  <unknown>:1#1 
390888     INFO  Test worker     d.u.i.k.n.KeyIO           MODE: declarations took 0 ms 
390888     DEBUG Test worker     d.u.i.k.n.KeyIO           MODE: 2nd degree decls took 0 
390888     INFO  Test worker     d.u.i.k.n.KeyIO           Parsing took 0 ms 
390888     DEBUG Test worker     d.u.i.k.n.KeyIO           Load declarations of de.uka.ilkd.key.nparser.KeyAst$File:  <unknown>:1#1 
390888     INFO  Test worker     d.u.i.k.n.KeyIO           MODE: declarations took 0 ms 
390888     DEBUG Test worker     d.u.i.k.n.KeyIO           MODE: 2nd degree decls took 0 
390888     INFO  Test worker     d.u.i.k.n.KeyIO           Parsing took 0 ms 
390904     DEBUG Test worker     d.u.i.k.n.KeyIO           Load declarations of de.uka.ilkd.key.nparser.KeyAst$File:  <unknown>:1#1 
390904     INFO  Test worker     d.u.i.k.n.KeyIO           MODE: declarations took 0 ms 
390904     DEBUG Test worker     d.u.i.k.n.KeyIO           MODE: 2nd degree decls took 0 
390904     INFO  Test worker     d.u.i.k.n.KeyIO           Parsing took 0 ms 
390904     DEBUG Test worker     d.u.i.k.n.KeyIO           Load declarations of de.uka.ilkd.key.nparser.KeyAst$File:  <unknown>:1#1 
390904     INFO  Test worker     d.u.i.k.n.KeyIO           MODE: declarations took 0 ms 
390904     DEBUG Test worker     d.u.i.k.n.KeyIO           MODE: 2nd degree decls took 0 
393712     INFO  Test worker     d.u.i.k.n.KeyIO           Parsing took 0 ms 
393712     DEBUG Test worker     d.u.i.k.n.KeyIO           Load declarations of de.uka.ilkd.key.nparser.KeyAst$File:  <unknown>:1#1 
393712     INFO  Test worker     d.u.i.k.n.KeyIO           MODE: declarations took 0 ms 
393712     DEBUG Test worker     d.u.i.k.n.KeyIO           MODE: 2nd degree decls took 0 
393712     INFO  Test worker     d.u.i.k.n.KeyIO           Parsing took 0 ms 
393712     DEBUG Test worker     d.u.i.k.n.KeyIO           Load declarations of de.uka.ilkd.key.nparser.KeyAst$File:  <unknown>:1#1 
393712     INFO  Test worker     d.u.i.k.n.KeyIO           MODE: declarations took 0 ms 
393712     DEBUG Test worker     d.u.i.k.n.KeyIO           MODE: 2nd degree decls took 0 
393712     INFO  Test worker     d.u.i.k.n.KeyIO           Parsing took 0 ms 
393712     DEBUG Test worker     d.u.i.k.n.KeyIO           Load declarations of de.uka.ilkd.key.nparser.KeyAst$File:  <unknown>:1#1 
393712     INFO  Test worker     d.u.i.k.n.KeyIO           MODE: declarations took 0 ms 
393712     DEBUG Test worker     d.u.i.k.n.KeyIO           MODE: 2nd degree decls took 0 
393712     INFO  Test worker     d.u.i.k.n.KeyIO           Parsing took 0 ms 
393712     DEBUG Test worker     d.u.i.k.n.KeyIO           Load declarations of de.uka.ilkd.key.nparser.KeyAst$File:  <unknown>:1#1 
393712     INFO  Test worker     d.u.i.k.n.KeyIO           MODE: declarations took 0 ms 
393712     DEBUG Test worker     d.u.i.k.n.KeyIO           MODE: 2nd degree decls took 0 
393712     INFO  Test worker     d.u.i.k.n.KeyIO           Parsing took 0 ms 
393712     DEBUG Test worker     d.u.i.k.n.KeyIO           Load declarations of de.uka.ilkd.key.nparser.KeyAst$File:  <unknown>:1#1 
393712     INFO  Test worker     d.u.i.k.n.KeyIO           MODE: declarations took 0 ms 
393712     DEBUG Test worker     d.u.i.k.n.KeyIO           MODE: 2nd degree decls took 0 
396501     INFO  Test worker     d.u.i.k.n.KeyIO           Parsing took 0 ms 
396501     DEBUG Test worker     d.u.i.k.n.KeyIO           Load declarations of de.uka.ilkd.key.nparser.KeyAst$File:  <unknown>:1#1 
396501     INFO  Test worker     d.u.i.k.n.KeyIO           MODE: declarations took 0 ms 
396501     DEBUG Test worker     d.u.i.k.n.KeyIO           MODE: 2nd degree decls took 0 
396501     INFO  Test worker     d.u.i.k.n.KeyIO           Parsing took 0 ms 
396501     DEBUG Test worker     d.u.i.k.n.KeyIO           Load declarations of de.uka.ilkd.key.nparser.KeyAst$File:  <unknown>:1#1 
396501     INFO  Test worker     d.u.i.k.n.KeyIO           MODE: declarations took 0 ms 
396501     DEBUG Test worker     d.u.i.k.n.KeyIO           MODE: 2nd degree decls took 0 
396501     INFO  Test worker     d.u.i.k.n.KeyIO           Parsing took 0 ms 
396501     DEBUG Test worker     d.u.i.k.n.KeyIO           Load declarations of de.uka.ilkd.key.nparser.KeyAst$File:  <unknown>:1#1 
396501     INFO  Test worker     d.u.i.k.n.KeyIO           MODE: declarations took 0 ms 
396501     DEBUG Test worker     d.u.i.k.n.KeyIO           MODE: 2nd degree decls took 0 
396501     INFO  Test worker     d.u.i.k.n.KeyIO           Parsing took 0 ms 
396501     DEBUG Test worker     d.u.i.k.n.KeyIO           Load declarations of de.uka.ilkd.key.nparser.KeyAst$File:  <unknown>:1#1 
396501     INFO  Test worker     d.u.i.k.n.KeyIO           MODE: declarations took 0 ms 
396501     DEBUG Test worker     d.u.i.k.n.KeyIO           MODE: 2nd degree decls took 0 
396501     INFO  Test worker     d.u.i.k.n.KeyIO           Parsing took 0 ms 
396501     DEBUG Test worker     d.u.i.k.n.KeyIO           Load declarations of de.uka.ilkd.key.nparser.KeyAst$File:  <unknown>:1#1 
396501     INFO  Test worker     d.u.i.k.n.KeyIO           MODE: declarations took 0 ms 
396501     DEBUG Test worker     d.u.i.k.n.KeyIO           MODE: 2nd degree decls took 0 
399280     INFO  Test worker     d.u.i.k.n.KeyIO           Parsing took 0 ms 
399280     DEBUG Test worker     d.u.i.k.n.KeyIO           Load declarations of de.uka.ilkd.key.nparser.KeyAst$File:  <unknown>:1#1 
399280     INFO  Test worker     d.u.i.k.n.KeyIO           MODE: declarations took 0 ms 
399280     DEBUG Test worker     d.u.i.k.n.KeyIO           MODE: 2nd degree decls took 0 
399280     INFO  Test worker     d.u.i.k.n.KeyIO           Parsing took 0 ms 
399280     DEBUG Test worker     d.u.i.k.n.KeyIO           Load declarations of de.uka.ilkd.key.nparser.KeyAst$File:  <unknown>:1#1 
399280     INFO  Test worker     d.u.i.k.n.KeyIO           MODE: declarations took 0 ms 
399280     DEBUG Test worker     d.u.i.k.n.KeyIO           MODE: 2nd degree decls took 0 
399280     INFO  Test worker     d.u.i.k.n.KeyIO           Parsing took 0 ms 
399280     DEBUG Test worker     d.u.i.k.n.KeyIO           Load declarations of de.uka.ilkd.key.nparser.KeyAst$File:  <unknown>:1#1 
399280     INFO  Test worker     d.u.i.k.n.KeyIO           MODE: declarations took 0 ms 
399280     DEBUG Test worker     d.u.i.k.n.KeyIO           MODE: 2nd degree decls took 0 
399280     INFO  Test worker     d.u.i.k.n.KeyIO           Parsing took 0 ms 
399280     DEBUG Test worker     d.u.i.k.n.KeyIO           Load declarations of de.uka.ilkd.key.nparser.KeyAst$File:  <unknown>:1#1 
399280     INFO  Test worker     d.u.i.k.n.KeyIO           MODE: declarations took 0 ms 
399280     DEBUG Test worker     d.u.i.k.n.KeyIO           MODE: 2nd degree decls took 0 
399280     INFO  Test worker     d.u.i.k.n.KeyIO           Parsing took 0 ms 
399280     DEBUG Test worker     d.u.i.k.n.KeyIO           Load declarations of de.uka.ilkd.key.nparser.KeyAst$File:  <unknown>:1#1 
399295     INFO  Test worker     d.u.i.k.n.KeyIO           MODE: declarations took 15 ms 
399295     DEBUG Test worker     d.u.i.k.n.KeyIO           MODE: 2nd degree decls took 0 
402051     INFO  Test worker     d.u.i.k.n.KeyIO           Parsing took 0 ms 
402051     DEBUG Test worker     d.u.i.k.n.KeyIO           Load declarations of de.uka.ilkd.key.nparser.KeyAst$File:  <unknown>:1#1 
402051     INFO  Test worker     d.u.i.k.n.KeyIO           MODE: declarations took 0 ms 
402051     DEBUG Test worker     d.u.i.k.n.KeyIO           MODE: 2nd degree decls took 0 
402051     INFO  Test worker     d.u.i.k.n.KeyIO           Parsing took 0 ms 
402051     DEBUG Test worker     d.u.i.k.n.KeyIO           Load declarations of de.uka.ilkd.key.nparser.KeyAst$File:  <unknown>:1#1 
402051     INFO  Test worker     d.u.i.k.n.KeyIO           MODE: declarations took 0 ms 
402051     DEBUG Test worker     d.u.i.k.n.KeyIO           MODE: 2nd degree decls took 0 
402051     INFO  Test worker     d.u.i.k.n.KeyIO           Parsing took 0 ms 
402051     DEBUG Test worker     d.u.i.k.n.KeyIO           Load declarations of de.uka.ilkd.key.nparser.KeyAst$File:  <unknown>:1#1 
402051     INFO  Test worker     d.u.i.k.n.KeyIO           MODE: declarations took 0 ms 
402051     DEBUG Test worker     d.u.i.k.n.KeyIO           MODE: 2nd degree decls took 0 
402051     INFO  Test worker     d.u.i.k.n.KeyIO           Parsing took 0 ms 
402051     DEBUG Test worker     d.u.i.k.n.KeyIO           Load declarations of de.uka.ilkd.key.nparser.KeyAst$File:  <unknown>:1#1 
402051     INFO  Test worker     d.u.i.k.n.KeyIO           MODE: declarations took 0 ms 
402051     DEBUG Test worker     d.u.i.k.n.KeyIO           MODE: 2nd degree decls took 0 
402051     INFO  Test worker     d.u.i.k.n.KeyIO           Parsing took 0 ms 
402051     DEBUG Test worker     d.u.i.k.n.KeyIO           Load declarations of de.uka.ilkd.key.nparser.KeyAst$File:  <unknown>:1#1 
402051     INFO  Test worker     d.u.i.k.n.KeyIO           MODE: declarations took 0 ms 
402051     DEBUG Test worker     d.u.i.k.n.KeyIO           MODE: 2nd degree decls took 0 
404914     INFO  Test worker     d.u.i.k.n.KeyIO           Parsing took 0 ms 
404914     DEBUG Test worker     d.u.i.k.n.KeyIO           Load declarations of de.uka.ilkd.key.nparser.KeyAst$File:  <unknown>:1#1 
404914     INFO  Test worker     d.u.i.k.n.KeyIO           MODE: declarations took 0 ms 
404914     DEBUG Test worker     d.u.i.k.n.KeyIO           MODE: 2nd degree decls took 0 
404914     INFO  Test worker     d.u.i.k.n.KeyIO           Parsing took 0 ms 
404914     DEBUG Test worker     d.u.i.k.n.KeyIO           Load declarations of de.uka.ilkd.key.nparser.KeyAst$File:  <unknown>:1#1 
404914     INFO  Test worker     d.u.i.k.n.KeyIO           MODE: declarations took 0 ms 
404914     DEBUG Test worker     d.u.i.k.n.KeyIO           MODE: 2nd degree decls took 0 
404914     INFO  Test worker     d.u.i.k.n.KeyIO           Parsing took 0 ms 
404914     DEBUG Test worker     d.u.i.k.n.KeyIO           Load declarations of de.uka.ilkd.key.nparser.KeyAst$File:  <unknown>:1#1 
404914     INFO  Test worker     d.u.i.k.n.KeyIO           MODE: declarations took 0 ms 
404914     DEBUG Test worker     d.u.i.k.n.KeyIO           MODE: 2nd degree decls took 0 
404914     INFO  Test worker     d.u.i.k.n.KeyIO           Parsing took 0 ms 
404914     DEBUG Test worker     d.u.i.k.n.KeyIO           Load declarations of de.uka.ilkd.key.nparser.KeyAst$File:  <unknown>:1#1 
404914     INFO  Test worker     d.u.i.k.n.KeyIO           MODE: declarations took 0 ms 
404914     DEBUG Test worker     d.u.i.k.n.KeyIO           MODE: 2nd degree decls took 0 
404914     INFO  Test worker     d.u.i.k.n.KeyIO           Parsing took 0 ms 
404914     DEBUG Test worker     d.u.i.k.n.KeyIO           Load declarations of de.uka.ilkd.key.nparser.KeyAst$File:  <unknown>:1#1 
404914     INFO  Test worker     d.u.i.k.n.KeyIO           MODE: declarations took 0 ms 
404914     DEBUG Test worker     d.u.i.k.n.KeyIO           MODE: 2nd degree decls took 0 
407614     INFO  Test worker     d.u.i.k.n.KeyIO           Parsing took 0 ms 
407614     DEBUG Test worker     d.u.i.k.n.KeyIO           Load declarations of de.uka.ilkd.key.nparser.KeyAst$File:  <unknown>:1#1 
407614     INFO  Test worker     d.u.i.k.n.KeyIO           MODE: declarations took 0 ms 
407614     DEBUG Test worker     d.u.i.k.n.KeyIO           MODE: 2nd degree decls took 0 
407614     INFO  Test worker     d.u.i.k.n.KeyIO           Parsing took 0 ms 
407614     DEBUG Test worker     d.u.i.k.n.KeyIO           Load declarations of de.uka.ilkd.key.nparser.KeyAst$File:  <unknown>:1#1 
407614     INFO  Test worker     d.u.i.k.n.KeyIO           MODE: declarations took 0 ms 
407614     DEBUG Test worker     d.u.i.k.n.KeyIO           MODE: 2nd degree decls took 0 
407614     INFO  Test worker     d.u.i.k.n.KeyIO           Parsing took 0 ms 
407614     DEBUG Test worker     d.u.i.k.n.KeyIO           Load declarations of de.uka.ilkd.key.nparser.KeyAst$File:  <unknown>:1#1 
407614     INFO  Test worker     d.u.i.k.n.KeyIO           MODE: declarations took 0 ms 
407614     DEBUG Test worker     d.u.i.k.n.KeyIO           MODE: 2nd degree decls took 0 
407614     INFO  Test worker     d.u.i.k.n.KeyIO           Parsing took 0 ms 
407614     DEBUG Test worker     d.u.i.k.n.KeyIO           Load declarations of de.uka.ilkd.key.nparser.KeyAst$File:  <unknown>:1#1 
407614     INFO  Test worker     d.u.i.k.n.KeyIO           MODE: declarations took 0 ms 
407614     DEBUG Test worker     d.u.i.k.n.KeyIO           MODE: 2nd degree decls took 0 
407614     INFO  Test worker     d.u.i.k.n.KeyIO           Parsing took 0 ms 
407614     DEBUG Test worker     d.u.i.k.n.KeyIO           Load declarations of de.uka.ilkd.key.nparser.KeyAst$File:  <unknown>:1#1 
407614     INFO  Test worker     d.u.i.k.n.KeyIO           MODE: declarations took 0 ms 
407614     DEBUG Test worker     d.u.i.k.n.KeyIO           MODE: 2nd degree decls took 0 
410380     INFO  Test worker     d.u.i.k.n.KeyIO           Parsing took 0 ms 
410380     DEBUG Test worker     d.u.i.k.n.KeyIO           Load declarations of de.uka.ilkd.key.nparser.KeyAst$File:  <unknown>:1#1 
410380     INFO  Test worker     d.u.i.k.n.KeyIO           MODE: declarations took 0 ms 
410380     DEBUG Test worker     d.u.i.k.n.KeyIO           MODE: 2nd degree decls took 0 
410380     INFO  Test worker     d.u.i.k.n.KeyIO           Parsing took 0 ms 
410380     DEBUG Test worker     d.u.i.k.n.KeyIO           Load declarations of de.uka.ilkd.key.nparser.KeyAst$File:  <unknown>:1#1 
410380     INFO  Test worker     d.u.i.k.n.KeyIO           MODE: declarations took 0 ms 
410380     DEBUG Test worker     d.u.i.k.n.KeyIO           MODE: 2nd degree decls took 0 
410380     INFO  Test worker     d.u.i.k.n.KeyIO           Parsing took 0 ms 
410380     DEBUG Test worker     d.u.i.k.n.KeyIO           Load declarations of de.uka.ilkd.key.nparser.KeyAst$File:  <unknown>:1#1 
410380     INFO  Test worker     d.u.i.k.n.KeyIO           MODE: declarations took 0 ms 
410380     DEBUG Test worker     d.u.i.k.n.KeyIO           MODE: 2nd degree decls took 0 
410380     INFO  Test worker     d.u.i.k.n.KeyIO           Parsing took 0 ms 
410380     DEBUG Test worker     d.u.i.k.n.KeyIO           Load declarations of de.uka.ilkd.key.nparser.KeyAst$File:  <unknown>:1#1 
410380     INFO  Test worker     d.u.i.k.n.KeyIO           MODE: declarations took 0 ms 
410380     DEBUG Test worker     d.u.i.k.n.KeyIO           MODE: 2nd degree decls took 0 
410380     INFO  Test worker     d.u.i.k.n.KeyIO           Parsing took 0 ms 
410380     DEBUG Test worker     d.u.i.k.n.KeyIO           Load declarations of de.uka.ilkd.key.nparser.KeyAst$File:  <unknown>:1#1 
410380     INFO  Test worker     d.u.i.k.n.KeyIO           MODE: declarations took 0 ms 
410380     DEBUG Test worker     d.u.i.k.n.KeyIO           MODE: 2nd degree decls took 0 
413189     INFO  Test worker     d.u.i.k.n.KeyIO           Parsing took 0 ms 
413189     DEBUG Test worker     d.u.i.k.n.KeyIO           Load declarations of de.uka.ilkd.key.nparser.KeyAst$File:  <unknown>:1#1 
413189     INFO  Test worker     d.u.i.k.n.KeyIO           MODE: declarations took 0 ms 
413189     DEBUG Test worker     d.u.i.k.n.KeyIO           MODE: 2nd degree decls took 0 
413189     INFO  Test worker     d.u.i.k.n.KeyIO           Parsing took 0 ms 
413189     DEBUG Test worker     d.u.i.k.n.KeyIO           Load declarations of de.uka.ilkd.key.nparser.KeyAst$File:  <unknown>:1#1 
413189     INFO  Test worker     d.u.i.k.n.KeyIO           MODE: declarations took 0 ms 
413189     DEBUG Test worker     d.u.i.k.n.KeyIO           MODE: 2nd degree decls took 0 
413189     INFO  Test worker     d.u.i.k.n.KeyIO           Parsing took 0 ms 
413189     DEBUG Test worker     d.u.i.k.n.KeyIO           Load declarations of de.uka.ilkd.key.nparser.KeyAst$File:  <unknown>:1#1 
413189     INFO  Test worker     d.u.i.k.n.KeyIO           MODE: declarations took 0 ms 
413189     DEBUG Test worker     d.u.i.k.n.KeyIO           MODE: 2nd degree decls took 0 
413189     INFO  Test worker     d.u.i.k.n.KeyIO           Parsing took 0 ms 
413189     DEBUG Test worker     d.u.i.k.n.KeyIO           Load declarations of de.uka.ilkd.key.nparser.KeyAst$File:  <unknown>:1#1 
413189     INFO  Test worker     d.u.i.k.n.KeyIO           MODE: declarations took 0 ms 
413189     DEBUG Test worker     d.u.i.k.n.KeyIO           MODE: 2nd degree decls took 0 
413189     INFO  Test worker     d.u.i.k.n.KeyIO           Parsing took 0 ms 
413189     DEBUG Test worker     d.u.i.k.n.KeyIO           Load declarations of de.uka.ilkd.key.nparser.KeyAst$File:  <unknown>:1#1 
413189     INFO  Test worker     d.u.i.k.n.KeyIO           MODE: declarations took 0 ms 
413189     DEBUG Test worker     d.u.i.k.n.KeyIO           MODE: 2nd degree decls took 0 
416023     INFO  Test worker     d.u.i.k.n.KeyIO           Parsing took 0 ms 
416023     DEBUG Test worker     d.u.i.k.n.KeyIO           Load declarations of de.uka.ilkd.key.nparser.KeyAst$File:  <unknown>:1#1 
416023     INFO  Test worker     d.u.i.k.n.KeyIO           MODE: declarations took 0 ms 
416023     DEBUG Test worker     d.u.i.k.n.KeyIO           MODE: 2nd degree decls took 0 
416023     INFO  Test worker     d.u.i.k.n.KeyIO           Parsing took 0 ms 
416023     DEBUG Test worker     d.u.i.k.n.KeyIO           Load declarations of de.uka.ilkd.key.nparser.KeyAst$File:  <unknown>:1#1 
416023     INFO  Test worker     d.u.i.k.n.KeyIO           MODE: declarations took 0 ms 
416023     DEBUG Test worker     d.u.i.k.n.KeyIO           MODE: 2nd degree decls took 0 
416023     INFO  Test worker     d.u.i.k.n.KeyIO           Parsing took 0 ms 
416023     DEBUG Test worker     d.u.i.k.n.KeyIO           Load declarations of de.uka.ilkd.key.nparser.KeyAst$File:  <unknown>:1#1 
416023     INFO  Test worker     d.u.i.k.n.KeyIO           MODE: declarations took 0 ms 
416023     DEBUG Test worker     d.u.i.k.n.KeyIO           MODE: 2nd degree decls took 0 
416023     INFO  Test worker     d.u.i.k.n.KeyIO           Parsing took 0 ms 
416023     DEBUG Test worker     d.u.i.k.n.KeyIO           Load declarations of de.uka.ilkd.key.nparser.KeyAst$File:  <unknown>:1#1 
416023     INFO  Test worker     d.u.i.k.n.KeyIO           MODE: declarations took 0 ms 
416023     DEBUG Test worker     d.u.i.k.n.KeyIO           MODE: 2nd degree decls took 0 
416023     INFO  Test worker     d.u.i.k.n.KeyIO           Parsing took 0 ms 
416023     DEBUG Test worker     d.u.i.k.n.KeyIO           Load declarations of de.uka.ilkd.key.nparser.KeyAst$File:  <unknown>:1#1 
416023     INFO  Test worker     d.u.i.k.n.KeyIO           MODE: declarations took 0 ms 
416023     DEBUG Test worker     d.u.i.k.n.KeyIO           MODE: 2nd degree decls took 0 
418910     INFO  Test worker     d.u.i.k.n.KeyIO           Parsing took 0 ms 
418910     DEBUG Test worker     d.u.i.k.n.KeyIO           Load declarations of de.uka.ilkd.key.nparser.KeyAst$File:  <unknown>:1#1 
418910     INFO  Test worker     d.u.i.k.n.KeyIO           MODE: declarations took 0 ms 
418910     DEBUG Test worker     d.u.i.k.n.KeyIO           MODE: 2nd degree decls took 0 
418910     INFO  Test worker     d.u.i.k.n.KeyIO           Parsing took 0 ms 
418910     DEBUG Test worker     d.u.i.k.n.KeyIO           Load declarations of de.uka.ilkd.key.nparser.KeyAst$File:  <unknown>:1#1 
418910     INFO  Test worker     d.u.i.k.n.KeyIO           MODE: declarations took 0 ms 
418910     DEBUG Test worker     d.u.i.k.n.KeyIO           MODE: 2nd degree decls took 0 
418910     INFO  Test worker     d.u.i.k.n.KeyIO           Parsing took 0 ms 
418910     DEBUG Test worker     d.u.i.k.n.KeyIO           Load declarations of de.uka.ilkd.key.nparser.KeyAst$File:  <unknown>:1#1 
418910     INFO  Test worker     d.u.i.k.n.KeyIO           MODE: declarations took 0 ms 
418910     DEBUG Test worker     d.u.i.k.n.KeyIO           MODE: 2nd degree decls took 0 
418910     INFO  Test worker     d.u.i.k.n.KeyIO           Parsing took 0 ms 
418910     DEBUG Test worker     d.u.i.k.n.KeyIO           Load declarations of de.uka.ilkd.key.nparser.KeyAst$File:  <unknown>:1#1 
418910     INFO  Test worker     d.u.i.k.n.KeyIO           MODE: declarations took 0 ms 
418910     DEBUG Test worker     d.u.i.k.n.KeyIO           MODE: 2nd degree decls took 0 
418910     INFO  Test worker     d.u.i.k.n.KeyIO           Parsing took 0 ms 
418910     DEBUG Test worker     d.u.i.k.n.KeyIO           Load declarations of de.uka.ilkd.key.nparser.KeyAst$File:  <unknown>:1#1 
418910     INFO  Test worker     d.u.i.k.n.KeyIO           MODE: declarations took 0 ms 
418910     DEBUG Test worker     d.u.i.k.n.KeyIO           MODE: 2nd degree decls took 0 
421777     INFO  Test worker     d.u.i.k.n.KeyIO           Parsing took 0 ms 
421777     DEBUG Test worker     d.u.i.k.n.KeyIO           Load declarations of de.uka.ilkd.key.nparser.KeyAst$File:  <unknown>:1#1 
421777     INFO  Test worker     d.u.i.k.n.KeyIO           MODE: declarations took 0 ms 
421777     DEBUG Test worker     d.u.i.k.n.KeyIO           MODE: 2nd degree decls took 0 
421777     INFO  Test worker     d.u.i.k.n.KeyIO           Parsing took 0 ms 
421777     DEBUG Test worker     d.u.i.k.n.KeyIO           Load declarations of de.uka.ilkd.key.nparser.KeyAst$File:  <unknown>:1#1 
421777     INFO  Test worker     d.u.i.k.n.KeyIO           MODE: declarations took 0 ms 
421777     DEBUG Test worker     d.u.i.k.n.KeyIO           MODE: 2nd degree decls took 0 
421777     INFO  Test worker     d.u.i.k.n.KeyIO           Parsing took 0 ms 
421777     DEBUG Test worker     d.u.i.k.n.KeyIO           Load declarations of de.uka.ilkd.key.nparser.KeyAst$File:  <unknown>:1#1 
421777     INFO  Test worker     d.u.i.k.n.KeyIO           MODE: declarations took 0 ms 
421777     DEBUG Test worker     d.u.i.k.n.KeyIO           MODE: 2nd degree decls took 0 
421777     INFO  Test worker     d.u.i.k.n.KeyIO           Parsing took 0 ms 
421777     DEBUG Test worker     d.u.i.k.n.KeyIO           Load declarations of de.uka.ilkd.key.nparser.KeyAst$File:  <unknown>:1#1 
421777     INFO  Test worker     d.u.i.k.n.KeyIO           MODE: declarations took 0 ms 
421777     DEBUG Test worker     d.u.i.k.n.KeyIO           MODE: 2nd degree decls took 0 
421777     INFO  Test worker     d.u.i.k.n.KeyIO           Parsing took 0 ms 
421777     DEBUG Test worker     d.u.i.k.n.KeyIO           Load declarations of de.uka.ilkd.key.nparser.KeyAst$File:  <unknown>:1#1 
421777     INFO  Test worker     d.u.i.k.n.KeyIO           MODE: declarations took 0 ms 
421777     DEBUG Test worker     d.u.i.k.n.KeyIO           MODE: 2nd degree decls took 0 
]]></system-out>
  <system-err><![CDATA[]]></system-err>
</testsuite>
