<?xml version="1.0" encoding="UTF-8"?>
<testsuite name="de.uka.ilkd.key.parser.TestTermParserSorts" tests="2" skipped="0" failures="0" errors="0" timestamp="2023-04-20T12:55:21" hostname="fv-az365-244" time="2.8">
  <properties/>
  <testcase name="testParseIntegerArgs()" classname="de.uka.ilkd.key.parser.TestTermParserSorts" time="0.015"/>
  <testcase name="testParseSequencePrettySyntax()" classname="de.uka.ilkd.key.parser.TestTermParserSorts" time="0.003"/>
  <system-out><![CDATA[424624     INFO  Test worker     d.u.i.k.n.KeyIO           Parsing took 0 ms 
424624     DEBUG Test worker     d.u.i.k.n.KeyIO           Load declarations of de.uka.ilkd.key.nparser.KeyAst$File:  <unknown>:1#1 
424624     INFO  Test worker     d.u.i.k.n.KeyIO           MODE: declarations took 0 ms 
424624     DEBUG Test worker     d.u.i.k.n.KeyIO           MODE: 2nd degree decls took 0 
424624     INFO  Test worker     d.u.i.k.n.KeyIO           Parsing took 0 ms 
424624     DEBUG Test worker     d.u.i.k.n.KeyIO           Load declarations of de.uka.ilkd.key.nparser.KeyAst$File:  <unknown>:1#1 
424624     INFO  Test worker     d.u.i.k.n.KeyIO           MODE: declarations took 0 ms 
424624     DEBUG Test worker     d.u.i.k.n.KeyIO           MODE: 2nd degree decls took 0 
424624     INFO  Test worker     d.u.i.k.n.KeyIO           Parsing took 0 ms 
424624     DEBUG Test worker     d.u.i.k.n.KeyIO           Load declarations of de.uka.ilkd.key.nparser.KeyAst$File:  <unknown>:1#1 
424624     INFO  Test worker     d.u.i.k.n.KeyIO           MODE: declarations took 0 ms 
424624     DEBUG Test worker     d.u.i.k.n.KeyIO           MODE: 2nd degree decls took 0 
427435     INFO  Test worker     d.u.i.k.n.KeyIO           Parsing took 0 ms 
427435     DEBUG Test worker     d.u.i.k.n.KeyIO           Load declarations of de.uka.ilkd.key.nparser.KeyAst$File:  <unknown>:1#1 
427435     INFO  Test worker     d.u.i.k.n.KeyIO           MODE: declarations took 0 ms 
427435     DEBUG Test worker     d.u.i.k.n.KeyIO           MODE: 2nd degree decls took 0 
427435     INFO  Test worker     d.u.i.k.n.KeyIO           Parsing took 0 ms 
427435     DEBUG Test worker     d.u.i.k.n.KeyIO           Load declarations of de.uka.ilkd.key.nparser.KeyAst$File:  <unknown>:1#1 
427435     INFO  Test worker     d.u.i.k.n.KeyIO           MODE: declarations took 0 ms 
427435     DEBUG Test worker     d.u.i.k.n.KeyIO           MODE: 2nd degree decls took 0 
427435     INFO  Test worker     d.u.i.k.n.KeyIO           Parsing took 0 ms 
427435     DEBUG Test worker     d.u.i.k.n.KeyIO           Load declarations of de.uka.ilkd.key.nparser.KeyAst$File:  <unknown>:1#1 
427435     INFO  Test worker     d.u.i.k.n.KeyIO           MODE: declarations took 0 ms 
427435     DEBUG Test worker     d.u.i.k.n.KeyIO           MODE: 2nd degree decls took 0 
]]></system-out>
  <system-err><![CDATA[]]></system-err>
</testsuite>
