<?xml version="1.0" encoding="UTF-8"?>
<testsuite name="de.uka.ilkd.key.parser.TestDeclParser" tests="14" skipped="2" failures="0" errors="0" timestamp="2023-04-20T12:51:51" hostname="fv-az365-244" time="11.162">
  <properties/>
  <testcase name="testGenericSortDecl1()" classname="de.uka.ilkd.key.parser.TestDeclParser" time="1.038"/>
  <testcase name="testGenericSortDecl2()" classname="de.uka.ilkd.key.parser.TestDeclParser" time="0.977"/>
  <testcase name="testGenericSortDecl3()" classname="de.uka.ilkd.key.parser.TestDeclParser" time="0.948"/>
  <testcase name="testGenericSortDecl4()" classname="de.uka.ilkd.key.parser.TestDeclParser" time="0.879"/>
  <testcase name="testGenericSortDecl5()" classname="de.uka.ilkd.key.parser.TestDeclParser" time="0.0">
    <skipped/>
  </testcase>
  <testcase name="testGenericSortDecl6()" classname="de.uka.ilkd.key.parser.TestDeclParser" time="0.928"/>
  <testcase name="testSortDecl()" classname="de.uka.ilkd.key.parser.TestDeclParser" time="0.913"/>
  <testcase name="testProxySortDecl()" classname="de.uka.ilkd.key.parser.TestDeclParser" time="0.844"/>
  <testcase name="testArrayDecl()" classname="de.uka.ilkd.key.parser.TestDeclParser" time="0.933"/>
  <testcase name="testAmbiguousDecls()" classname="de.uka.ilkd.key.parser.TestDeclParser" time="0.001">
    <skipped/>
  </testcase>
  <testcase name="testHeurDecl()" classname="de.uka.ilkd.key.parser.TestDeclParser" time="0.961"/>
  <testcase name="testFunctionDecl()" classname="de.uka.ilkd.key.parser.TestDeclParser" time="0.896"/>
  <testcase name="testPredicateDecl()" classname="de.uka.ilkd.key.parser.TestDeclParser" time="0.936"/>
  <testcase name="testSVDecl()" classname="de.uka.ilkd.key.parser.TestDeclParser" time="0.906"/>
  <system-out><![CDATA[215224     INFO  Test worker     d.u.i.k.n.KeyIO           Parsing took 0 ms 
215224     DEBUG Test worker     d.u.i.k.n.KeyIO           Load declarations of de.uka.ilkd.key.nparser.KeyAst$File:  <unknown>:1#1 
215224     INFO  Test worker     d.u.i.k.n.KeyIO           MODE: declarations took 0 ms 
215224     DEBUG Test worker     d.u.i.k.n.KeyIO           MODE: 2nd degree decls took 0 
215224     DEBUG Test worker     d.u.i.k.n.KeyIO           MODE: taclets took 0ms 
216184     INFO  Test worker     d.u.i.k.n.KeyIO           Parsing took 0 ms 
216200     DEBUG Test worker     d.u.i.k.n.KeyIO           Load declarations of de.uka.ilkd.key.nparser.KeyAst$File:  <unknown>:1#1 
216200     INFO  Test worker     d.u.i.k.n.KeyIO           MODE: declarations took 0 ms 
216200     DEBUG Test worker     d.u.i.k.n.KeyIO           MODE: 2nd degree decls took 0 
216200     DEBUG Test worker     d.u.i.k.n.KeyIO           MODE: taclets took 0ms 
217145     INFO  Test worker     d.u.i.k.n.KeyIO           Parsing took 0 ms 
217145     DEBUG Test worker     d.u.i.k.n.KeyIO           Load declarations of de.uka.ilkd.key.nparser.KeyAst$File:  <unknown>:1#1 
217145     INFO  Test worker     d.u.i.k.n.KeyIO           MODE: declarations took 0 ms 
217145     DEBUG Test worker     d.u.i.k.n.KeyIO           MODE: 2nd degree decls took 0 
217145     DEBUG Test worker     d.u.i.k.n.KeyIO           MODE: taclets took 0ms 
218020     INFO  Test worker     d.u.i.k.n.KeyIO           Parsing took 0 ms 
218020     DEBUG Test worker     d.u.i.k.n.KeyIO           Load declarations of de.uka.ilkd.key.nparser.KeyAst$File:  <unknown>:1#1 
218020     INFO  Test worker     d.u.i.k.n.KeyIO           MODE: declarations took 0 ms 
218020     DEBUG Test worker     d.u.i.k.n.KeyIO           MODE: 2nd degree decls took 0 
218020     DEBUG Test worker     d.u.i.k.n.KeyIO           MODE: taclets took 0ms 
218947     INFO  Test worker     d.u.i.k.n.KeyIO           Parsing took 0 ms 
218947     DEBUG Test worker     d.u.i.k.n.KeyIO           Load declarations of de.uka.ilkd.key.nparser.KeyAst$File:  <unknown>:1#1 
218947     INFO  Test worker     d.u.i.k.n.KeyIO           MODE: declarations took 0 ms 
218947     DEBUG Test worker     d.u.i.k.n.KeyIO           MODE: 2nd degree decls took 0 
218947     DEBUG Test worker     d.u.i.k.n.KeyIO           MODE: taclets took 0ms 
219870     INFO  Test worker     d.u.i.k.n.KeyIO           Parsing took 0 ms 
219870     DEBUG Test worker     d.u.i.k.n.KeyIO           Load declarations of de.uka.ilkd.key.nparser.KeyAst$File:  <unknown>:1#1 
219870     INFO  Test worker     d.u.i.k.n.KeyIO           MODE: declarations took 0 ms 
219870     DEBUG Test worker     d.u.i.k.n.KeyIO           MODE: 2nd degree decls took 0 
219870     DEBUG Test worker     d.u.i.k.n.KeyIO           MODE: taclets took 0ms 
220715     INFO  Test worker     d.u.i.k.n.KeyIO           Parsing took 0 ms 
220715     DEBUG Test worker     d.u.i.k.n.KeyIO           Load declarations of de.uka.ilkd.key.nparser.KeyAst$File:  <unknown>:1#1 
220715     INFO  Test worker     d.u.i.k.n.KeyIO           MODE: declarations took 0 ms 
220715     DEBUG Test worker     d.u.i.k.n.KeyIO           MODE: 2nd degree decls took 0 
220715     DEBUG Test worker     d.u.i.k.n.KeyIO           MODE: taclets took 0ms 
221637     INFO  Test worker     d.u.i.k.n.KeyIO           Parsing took 0 ms 
221637     DEBUG Test worker     d.u.i.k.n.KeyIO           Load declarations of de.uka.ilkd.key.nparser.KeyAst$File:  <unknown>:1#1 
221637     INFO  Test worker     d.u.i.k.n.KeyIO           MODE: declarations took 0 ms 
221637     DEBUG Test worker     d.u.i.k.n.KeyIO           MODE: 2nd degree decls took 0 
221637     DEBUG Test worker     d.u.i.k.n.KeyIO           MODE: taclets took 0ms 
222607     INFO  Test worker     d.u.i.k.n.KeyIO           Parsing took 0 ms 
222607     DEBUG Test worker     d.u.i.k.n.KeyIO           Load declarations of de.uka.ilkd.key.nparser.KeyAst$File:  <unknown>:1#1 
222607     INFO  Test worker     d.u.i.k.n.KeyIO           MODE: declarations took 0 ms 
222607     DEBUG Test worker     d.u.i.k.n.KeyIO           MODE: 2nd degree decls took 0 
222607     DEBUG Test worker     d.u.i.k.n.KeyIO           MODE: taclets took 0ms 
223505     INFO  Test worker     d.u.i.k.n.KeyIO           Parsing took 0 ms 
223505     DEBUG Test worker     d.u.i.k.n.KeyIO           Load declarations of de.uka.ilkd.key.nparser.KeyAst$File:  <unknown>:1#1 
223505     INFO  Test worker     d.u.i.k.n.KeyIO           MODE: declarations took 0 ms 
223505     DEBUG Test worker     d.u.i.k.n.KeyIO           MODE: 2nd degree decls took 0 
223505     DEBUG Test worker     d.u.i.k.n.KeyIO           MODE: taclets took 0ms 
224450     INFO  Test worker     d.u.i.k.n.KeyIO           Parsing took 0 ms 
224450     DEBUG Test worker     d.u.i.k.n.KeyIO           Load declarations of de.uka.ilkd.key.nparser.KeyAst$File:  <unknown>:1#1 
224450     INFO  Test worker     d.u.i.k.n.KeyIO           MODE: declarations took 0 ms 
224450     DEBUG Test worker     d.u.i.k.n.KeyIO           MODE: 2nd degree decls took 0 
224450     DEBUG Test worker     d.u.i.k.n.KeyIO           MODE: taclets took 0ms 
225347     INFO  Test worker     d.u.i.k.n.KeyIO           Parsing took 0 ms 
225347     DEBUG Test worker     d.u.i.k.n.KeyIO           Load declarations of de.uka.ilkd.key.nparser.KeyAst$File:  <unknown>:1#1 
225347     INFO  Test worker     d.u.i.k.n.KeyIO           MODE: declarations took 0 ms 
225347     DEBUG Test worker     d.u.i.k.n.KeyIO           MODE: 2nd degree decls took 0 
225347     DEBUG Test worker     d.u.i.k.n.KeyIO           MODE: taclets took 0ms 
]]></system-out>
  <system-err><![CDATA[]]></system-err>
</testsuite>
