<?xml version="1.0" encoding="UTF-8"?>
<testsuite name="de.uka.ilkd.key.logic.TestClashFreeSubst" tests="14" skipped="2" failures="0" errors="0" timestamp="2023-04-20T12:48:55" hostname="fv-az365-244" time="48.735">
  <properties/>
  <testcase name="testMultiShareBound()" classname="de.uka.ilkd.key.logic.TestClashFreeSubst" time="1.035"/>
  <testcase name="testClash()" classname="de.uka.ilkd.key.logic.TestClashFreeSubst" time="0.975"/>
  <testcase name="testShare()" classname="de.uka.ilkd.key.logic.TestClashFreeSubst" time="0.926"/>
  <testcase name="testSubst()" classname="de.uka.ilkd.key.logic.TestClashFreeSubst" time="0.954"/>
  <testcase name="testWary0()" classname="de.uka.ilkd.key.logic.TestClashFreeSubst" time="0.908"/>
  <testcase name="testWary1()" classname="de.uka.ilkd.key.logic.TestClashFreeSubst" time="0.904"/>
  <testcase name="testWary2()" classname="de.uka.ilkd.key.logic.TestClashFreeSubst" time="0.899"/>
  <testcase name="testClashInSubstTerm()" classname="de.uka.ilkd.key.logic.TestClashFreeSubst" time="0.874"/>
  <testcase name="testShareWary()" classname="de.uka.ilkd.key.logic.TestClashFreeSubst" time="0.924"/>
  <testcase name="testMultiSubst()" classname="de.uka.ilkd.key.logic.TestClashFreeSubst" time="0.945"/>
  <testcase name="xtestMultiClash()" classname="de.uka.ilkd.key.logic.TestClashFreeSubst" time="0.0">
    <skipped/>
  </testcase>
  <testcase name="testSubstInSubstTerm()" classname="de.uka.ilkd.key.logic.TestClashFreeSubst" time="0.908"/>
  <testcase name="testSubstWary()" classname="de.uka.ilkd.key.logic.TestClashFreeSubst" time="0.943"/>
  <testcase name="xtestMultiClash1()" classname="de.uka.ilkd.key.logic.TestClashFreeSubst" time="0.0">
    <skipped/>
  </testcase>
  <system-out><![CDATA[38327      INFO  Test worker     d.u.i.k.n.KeyIO           Parsing took 0 ms 
38327      DEBUG Test worker     d.u.i.k.n.KeyIO           Load declarations of de.uka.ilkd.key.nparser.KeyAst$File:  <unknown>:1#1 
38327      INFO  Test worker     d.u.i.k.n.KeyIO           MODE: declarations took 0 ms 
38327      DEBUG Test worker     d.u.i.k.n.KeyIO           MODE: 2nd degree decls took 0 
39360      INFO  Test worker     d.u.i.k.n.KeyIO           Parsing took 0 ms 
39360      DEBUG Test worker     d.u.i.k.n.KeyIO           Load declarations of de.uka.ilkd.key.nparser.KeyAst$File:  <unknown>:1#1 
39360      INFO  Test worker     d.u.i.k.n.KeyIO           MODE: declarations took 0 ms 
39360      DEBUG Test worker     d.u.i.k.n.KeyIO           MODE: 2nd degree decls took 0 
42442      INFO  Test worker     d.u.i.k.n.KeyIO           Parsing took 0 ms 
42442      DEBUG Test worker     d.u.i.k.n.KeyIO           Load declarations of de.uka.ilkd.key.nparser.KeyAst$File:  <unknown>:1#1 
42442      INFO  Test worker     d.u.i.k.n.KeyIO           MODE: declarations took 0 ms 
42442      DEBUG Test worker     d.u.i.k.n.KeyIO           MODE: 2nd degree decls took 0 
43414      INFO  Test worker     d.u.i.k.n.KeyIO           Parsing took 0 ms 
43414      DEBUG Test worker     d.u.i.k.n.KeyIO           Load declarations of de.uka.ilkd.key.nparser.KeyAst$File:  <unknown>:1#1 
43414      INFO  Test worker     d.u.i.k.n.KeyIO           MODE: declarations took 0 ms 
43414      DEBUG Test worker     d.u.i.k.n.KeyIO           MODE: 2nd degree decls took 0 
46315      INFO  Test worker     d.u.i.k.n.KeyIO           Parsing took 0 ms 
46330      DEBUG Test worker     d.u.i.k.n.KeyIO           Load declarations of de.uka.ilkd.key.nparser.KeyAst$File:  <unknown>:1#1 
46330      INFO  Test worker     d.u.i.k.n.KeyIO           MODE: declarations took 0 ms 
46330      DEBUG Test worker     d.u.i.k.n.KeyIO           MODE: 2nd degree decls took 0 
47233      INFO  Test worker     d.u.i.k.n.KeyIO           Parsing took 0 ms 
47233      DEBUG Test worker     d.u.i.k.n.KeyIO           Load declarations of de.uka.ilkd.key.nparser.KeyAst$File:  <unknown>:1#1 
47233      INFO  Test worker     d.u.i.k.n.KeyIO           MODE: declarations took 0 ms 
47233      DEBUG Test worker     d.u.i.k.n.KeyIO           MODE: 2nd degree decls took 0 
50154      INFO  Test worker     d.u.i.k.n.KeyIO           Parsing took 0 ms 
50154      DEBUG Test worker     d.u.i.k.n.KeyIO           Load declarations of de.uka.ilkd.key.nparser.KeyAst$File:  <unknown>:1#1 
50154      INFO  Test worker     d.u.i.k.n.KeyIO           MODE: declarations took 0 ms 
50154      DEBUG Test worker     d.u.i.k.n.KeyIO           MODE: 2nd degree decls took 0 
51102      INFO  Test worker     d.u.i.k.n.KeyIO           Parsing took 0 ms 
51102      DEBUG Test worker     d.u.i.k.n.KeyIO           Load declarations of de.uka.ilkd.key.nparser.KeyAst$File:  <unknown>:1#1 
51102      INFO  Test worker     d.u.i.k.n.KeyIO           MODE: declarations took 0 ms 
51102      DEBUG Test worker     d.u.i.k.n.KeyIO           MODE: 2nd degree decls took 0 
53959      INFO  Test worker     d.u.i.k.n.KeyIO           Parsing took 0 ms 
53959      DEBUG Test worker     d.u.i.k.n.KeyIO           Load declarations of de.uka.ilkd.key.nparser.KeyAst$File:  <unknown>:1#1 
53959      INFO  Test worker     d.u.i.k.n.KeyIO           MODE: declarations took 0 ms 
53959      DEBUG Test worker     d.u.i.k.n.KeyIO           MODE: 2nd degree decls took 0 
54856      INFO  Test worker     d.u.i.k.n.KeyIO           Parsing took 0 ms 
54856      DEBUG Test worker     d.u.i.k.n.KeyIO           Load declarations of de.uka.ilkd.key.nparser.KeyAst$File:  <unknown>:1#1 
54856      INFO  Test worker     d.u.i.k.n.KeyIO           MODE: declarations took 0 ms 
54856      DEBUG Test worker     d.u.i.k.n.KeyIO           MODE: 2nd degree decls took 0 
57724      INFO  Test worker     d.u.i.k.n.KeyIO           Parsing took 0 ms 
57724      DEBUG Test worker     d.u.i.k.n.KeyIO           Load declarations of de.uka.ilkd.key.nparser.KeyAst$File:  <unknown>:1#1 
57724      INFO  Test worker     d.u.i.k.n.KeyIO           MODE: declarations took 0 ms 
57724      DEBUG Test worker     d.u.i.k.n.KeyIO           MODE: 2nd degree decls took 0 
58618      INFO  Test worker     d.u.i.k.n.KeyIO           Parsing took 0 ms 
58618      DEBUG Test worker     d.u.i.k.n.KeyIO           Load declarations of de.uka.ilkd.key.nparser.KeyAst$File:  <unknown>:1#1 
58618      INFO  Test worker     d.u.i.k.n.KeyIO           MODE: declarations took 0 ms 
58633      DEBUG Test worker     d.u.i.k.n.KeyIO           MODE: 2nd degree decls took 0 
61496      INFO  Test worker     d.u.i.k.n.KeyIO           Parsing took 0 ms 
61496      DEBUG Test worker     d.u.i.k.n.KeyIO           Load declarations of de.uka.ilkd.key.nparser.KeyAst$File:  <unknown>:1#1 
61496      INFO  Test worker     d.u.i.k.n.KeyIO           MODE: declarations took 0 ms 
61496      DEBUG Test worker     d.u.i.k.n.KeyIO           MODE: 2nd degree decls took 0 
62395      INFO  Test worker     d.u.i.k.n.KeyIO           Parsing took 0 ms 
62395      DEBUG Test worker     d.u.i.k.n.KeyIO           Load declarations of de.uka.ilkd.key.nparser.KeyAst$File:  <unknown>:1#1 
62395      INFO  Test worker     d.u.i.k.n.KeyIO           MODE: declarations took 0 ms 
62395      DEBUG Test worker     d.u.i.k.n.KeyIO           MODE: 2nd degree decls took 0 
65229      INFO  Test worker     d.u.i.k.n.KeyIO           Parsing took 0 ms 
65229      DEBUG Test worker     d.u.i.k.n.KeyIO           Load declarations of de.uka.ilkd.key.nparser.KeyAst$File:  <unknown>:1#1 
65229      INFO  Test worker     d.u.i.k.n.KeyIO           MODE: declarations took 0 ms 
65229      DEBUG Test worker     d.u.i.k.n.KeyIO           MODE: 2nd degree decls took 0 
66093      INFO  Test worker     d.u.i.k.n.KeyIO           Parsing took 0 ms 
66093      DEBUG Test worker     d.u.i.k.n.KeyIO           Load declarations of de.uka.ilkd.key.nparser.KeyAst$File:  <unknown>:1#1 
66093      INFO  Test worker     d.u.i.k.n.KeyIO           MODE: declarations took 0 ms 
66093      DEBUG Test worker     d.u.i.k.n.KeyIO           MODE: 2nd degree decls took 0 
68940      INFO  Test worker     d.u.i.k.n.KeyIO           Parsing took 0 ms 
68940      DEBUG Test worker     d.u.i.k.n.KeyIO           Load declarations of de.uka.ilkd.key.nparser.KeyAst$File:  <unknown>:1#1 
68940      INFO  Test worker     d.u.i.k.n.KeyIO           MODE: declarations took 0 ms 
68940      DEBUG Test worker     d.u.i.k.n.KeyIO           MODE: 2nd degree decls took 0 
69855      INFO  Test worker     d.u.i.k.n.KeyIO           Parsing took 0 ms 
69855      DEBUG Test worker     d.u.i.k.n.KeyIO           Load declarations of de.uka.ilkd.key.nparser.KeyAst$File:  <unknown>:1#1 
69855      INFO  Test worker     d.u.i.k.n.KeyIO           MODE: declarations took 0 ms 
69855      DEBUG Test worker     d.u.i.k.n.KeyIO           MODE: 2nd degree decls took 0 
72785      INFO  Test worker     d.u.i.k.n.KeyIO           Parsing took 0 ms 
72785      DEBUG Test worker     d.u.i.k.n.KeyIO           Load declarations of de.uka.ilkd.key.nparser.KeyAst$File:  <unknown>:1#1 
72785      INFO  Test worker     d.u.i.k.n.KeyIO           MODE: declarations took 0 ms 
72785      DEBUG Test worker     d.u.i.k.n.KeyIO           MODE: 2nd degree decls took 0 
73719      INFO  Test worker     d.u.i.k.n.KeyIO           Parsing took 0 ms 
73719      DEBUG Test worker     d.u.i.k.n.KeyIO           Load declarations of de.uka.ilkd.key.nparser.KeyAst$File:  <unknown>:1#1 
73719      INFO  Test worker     d.u.i.k.n.KeyIO           MODE: declarations took 0 ms 
73719      DEBUG Test worker     d.u.i.k.n.KeyIO           MODE: 2nd degree decls took 0 
79494      INFO  Test worker     d.u.i.k.n.KeyIO           Parsing took 0 ms 
79494      DEBUG Test worker     d.u.i.k.n.KeyIO           Load declarations of de.uka.ilkd.key.nparser.KeyAst$File:  <unknown>:1#1 
79494      INFO  Test worker     d.u.i.k.n.KeyIO           MODE: declarations took 0 ms 
79494      DEBUG Test worker     d.u.i.k.n.KeyIO           MODE: 2nd degree decls took 0 
80401      INFO  Test worker     d.u.i.k.n.KeyIO           Parsing took 0 ms 
80401      DEBUG Test worker     d.u.i.k.n.KeyIO           Load declarations of de.uka.ilkd.key.nparser.KeyAst$File:  <unknown>:1#1 
80401      INFO  Test worker     d.u.i.k.n.KeyIO           MODE: declarations took 0 ms 
80401      DEBUG Test worker     d.u.i.k.n.KeyIO           MODE: 2nd degree decls took 0 
83368      INFO  Test worker     d.u.i.k.n.KeyIO           Parsing took 0 ms 
83368      DEBUG Test worker     d.u.i.k.n.KeyIO           Load declarations of de.uka.ilkd.key.nparser.KeyAst$File:  <unknown>:1#1 
83368      INFO  Test worker     d.u.i.k.n.KeyIO           MODE: declarations took 0 ms 
83384      DEBUG Test worker     d.u.i.k.n.KeyIO           MODE: 2nd degree decls took 0 
84314      INFO  Test worker     d.u.i.k.n.KeyIO           Parsing took 0 ms 
84314      DEBUG Test worker     d.u.i.k.n.KeyIO           Load declarations of de.uka.ilkd.key.nparser.KeyAst$File:  <unknown>:1#1 
84314      INFO  Test worker     d.u.i.k.n.KeyIO           MODE: declarations took 0 ms 
84314      DEBUG Test worker     d.u.i.k.n.KeyIO           MODE: 2nd degree decls took 0 
]]></system-out>
  <system-err><![CDATA[]]></system-err>
</testsuite>
