<?xml version="1.0" encoding="UTF-8"?>
<testsuite name="de.uka.ilkd.key.symbolic_execution.testcase.strategy.TestKeYWatchpointMethodsOnSatisfiable" tests="1" skipped="0" failures="0" errors="0" timestamp="2023-01-30T15:54:28" hostname="fv-az451-766" time="3.615">
  <properties/>
  <testcase name="testBreakpointStopCondition()" classname="de.uka.ilkd.key.symbolic_execution.testcase.strategy.TestKeYWatchpointMethodsOnSatisfiable" time="3.615"/>
  <system-out><![CDATA[]]></system-out>
  <system-err><![CDATA[]]></system-err>
</testsuite>
