<?xml version="1.0" encoding="UTF-8"?>
<testsuite name="de.uka.ilkd.key.symbolic_execution.testcase.util.TestSideProofStore" tests="2" skipped="0" failures="0" errors="0" timestamp="2023-01-30T15:56:53" hostname="fv-az451-766" time="0.009">
  <properties/>
  <testcase name="testEnabledState()" classname="de.uka.ilkd.key.symbolic_execution.testcase.util.TestSideProofStore" time="0.0"/>
  <testcase name="testProofManagement()" classname="de.uka.ilkd.key.symbolic_execution.testcase.util.TestSideProofStore" time="0.009"/>
  <system-out><![CDATA[]]></system-out>
  <system-err><![CDATA[]]></system-err>
</testsuite>
