<?xml version="1.0" encoding="UTF-8"?>
<testsuite name="org.key_project.util.collection.TestImmutables" tests="13" skipped="0" failures="0" errors="0" timestamp="2023-04-28T13:05:27" hostname="fv-az192-547" time="1.982">
  <properties/>
  <testcase name="testMap()" classname="org.key_project.util.collection.TestImmutables" time="0.007"/>
  <testcase name="testRemoveDuplicates()" classname="org.key_project.util.collection.TestImmutables" time="0.002"/>
  <testcase name="testIntersectEmpty()" classname="org.key_project.util.collection.TestImmutables" time="0.003"/>
  <testcase name="testUnion()" classname="org.key_project.util.collection.TestImmutables" time="0.809"/>
  <testcase name="testRemoveDuplicatesLarge()" classname="org.key_project.util.collection.TestImmutables" time="0.002"/>
  <testcase name="testRemoveDuplicatesIdentical()" classname="org.key_project.util.collection.TestImmutables" time="0.002"/>
  <testcase name="testIsDuplicateFree()" classname="org.key_project.util.collection.TestImmutables" time="0.001"/>
  <testcase name="testHashCodes()" classname="org.key_project.util.collection.TestImmutables" time="0.001"/>
  <testcase name="testFilterStackoverflow()" classname="org.key_project.util.collection.TestImmutables" time="0.31"/>
  <testcase name="testExistsStackoverflow()" classname="org.key_project.util.collection.TestImmutables" time="0.311"/>
  <testcase name="testFilter()" classname="org.key_project.util.collection.TestImmutables" time="0.001"/>
  <testcase name="testMapStackoverflow()" classname="org.key_project.util.collection.TestImmutables" time="0.504"/>
  <testcase name="testEqualityEmpty()" classname="org.key_project.util.collection.TestImmutables" time="0.003"/>
  <system-out><![CDATA[]]></system-out>
  <system-err><![CDATA[]]></system-err>
</testsuite>
