<?xml version="1.0" encoding="UTF-8"?>
<testsuite name="de.uka.ilkd.key.macros.scripts.meta.RewriteTest" tests="2" skipped="0" failures="0" errors="0" timestamp="2023-03-03T14:59:09" hostname="fv-az566-152" time="5.666">
  <properties/>
  <testcase name="testLessTransitive()" classname="de.uka.ilkd.key.macros.scripts.meta.RewriteTest" time="2.852"/>
  <testcase name="testTransitive()" classname="de.uka.ilkd.key.macros.scripts.meta.RewriteTest" time="2.814"/>
  <system-out><![CDATA[]]></system-out>
  <system-err><![CDATA[]]></system-err>
</testsuite>
