<?xml version="1.0" encoding="UTF-8"?>
<testsuite name="de.uka.ilkd.key.parser.TestDeclParser" tests="14" skipped="2" failures="0" errors="0" timestamp="2023-04-04T15:40:04" hostname="fv-az554-588" time="11.178">
  <properties/>
  <testcase name="testGenericSortDecl1()" classname="de.uka.ilkd.key.parser.TestDeclParser" time="0.921"/>
  <testcase name="testGenericSortDecl2()" classname="de.uka.ilkd.key.parser.TestDeclParser" time="0.961"/>
  <testcase name="testGenericSortDecl3()" classname="de.uka.ilkd.key.parser.TestDeclParser" time="0.934"/>
  <testcase name="testGenericSortDecl4()" classname="de.uka.ilkd.key.parser.TestDeclParser" time="1.133"/>
  <testcase name="testGenericSortDecl5()" classname="de.uka.ilkd.key.parser.TestDeclParser" time="0.0">
    <skipped/>
  </testcase>
  <testcase name="testGenericSortDecl6()" classname="de.uka.ilkd.key.parser.TestDeclParser" time="0.878"/>
  <testcase name="testSortDecl()" classname="de.uka.ilkd.key.parser.TestDeclParser" time="0.928"/>
  <testcase name="testProxySortDecl()" classname="de.uka.ilkd.key.parser.TestDeclParser" time="0.952"/>
  <testcase name="testArrayDecl()" classname="de.uka.ilkd.key.parser.TestDeclParser" time="0.887"/>
  <testcase name="testAmbiguousDecls()" classname="de.uka.ilkd.key.parser.TestDeclParser" time="0.0">
    <skipped/>
  </testcase>
  <testcase name="testHeurDecl()" classname="de.uka.ilkd.key.parser.TestDeclParser" time="0.94"/>
  <testcase name="testFunctionDecl()" classname="de.uka.ilkd.key.parser.TestDeclParser" time="0.894"/>
  <testcase name="testPredicateDecl()" classname="de.uka.ilkd.key.parser.TestDeclParser" time="0.915"/>
  <testcase name="testSVDecl()" classname="de.uka.ilkd.key.parser.TestDeclParser" time="0.832"/>
  <system-out><![CDATA[212374     INFO  Test worker     d.u.i.k.n.KeyIO           Parsing took 0 ms 
212374     INFO  Test worker     d.u.i.k.n.KeyIO           MODE: declarations took 0 ms 
213336     INFO  Test worker     d.u.i.k.n.KeyIO           Parsing took 0 ms 
213336     INFO  Test worker     d.u.i.k.n.KeyIO           MODE: declarations took 0 ms 
214270     INFO  Test worker     d.u.i.k.n.KeyIO           Parsing took 1 ms 
214270     INFO  Test worker     d.u.i.k.n.KeyIO           MODE: declarations took 0 ms 
215403     INFO  Test worker     d.u.i.k.n.KeyIO           Parsing took 0 ms 
215403     INFO  Test worker     d.u.i.k.n.KeyIO           MODE: declarations took 0 ms 
216282     INFO  Test worker     d.u.i.k.n.KeyIO           Parsing took 0 ms 
216282     INFO  Test worker     d.u.i.k.n.KeyIO           MODE: declarations took 0 ms 
217210     INFO  Test worker     d.u.i.k.n.KeyIO           Parsing took 0 ms 
217210     INFO  Test worker     d.u.i.k.n.KeyIO           MODE: declarations took 0 ms 
218162     INFO  Test worker     d.u.i.k.n.KeyIO           Parsing took 0 ms 
218162     INFO  Test worker     d.u.i.k.n.KeyIO           MODE: declarations took 0 ms 
219049     INFO  Test worker     d.u.i.k.n.KeyIO           Parsing took 0 ms 
219050     INFO  Test worker     d.u.i.k.n.KeyIO           MODE: declarations took 1 ms 
219990     INFO  Test worker     d.u.i.k.n.KeyIO           Parsing took 0 ms 
219991     INFO  Test worker     d.u.i.k.n.KeyIO           MODE: declarations took 1 ms 
220884     INFO  Test worker     d.u.i.k.n.KeyIO           Parsing took 0 ms 
220884     INFO  Test worker     d.u.i.k.n.KeyIO           MODE: declarations took 0 ms 
221798     INFO  Test worker     d.u.i.k.n.KeyIO           Parsing took 0 ms 
221799     INFO  Test worker     d.u.i.k.n.KeyIO           MODE: declarations took 0 ms 
222630     INFO  Test worker     d.u.i.k.n.KeyIO           Parsing took 0 ms 
222631     INFO  Test worker     d.u.i.k.n.KeyIO           MODE: declarations took 1 ms 
]]></system-out>
  <system-err><![CDATA[]]></system-err>
</testsuite>
