<?xml version="1.0" encoding="UTF-8"?>
<testsuite name="de.uka.ilkd.key.logic.TestTerm" tests="9" skipped="0" failures="0" errors="0" timestamp="2023-04-04T15:38:07" hostname="fv-az554-588" time="0.023">
  <properties/>
  <testcase name="testRigidness0()" classname="de.uka.ilkd.key.logic.TestTerm" time="0.0"/>
  <testcase name="testEqualsModRenamingWithLabels()" classname="de.uka.ilkd.key.logic.TestTerm" time="0.006"/>
  <testcase name="testFreeVars1()" classname="de.uka.ilkd.key.logic.TestTerm" time="0.001"/>
  <testcase name="testFreeVars2()" classname="de.uka.ilkd.key.logic.TestTerm" time="0.0"/>
  <testcase name="testFreeVars3()" classname="de.uka.ilkd.key.logic.TestTerm" time="0.0"/>
  <testcase name="testFreeVars4()" classname="de.uka.ilkd.key.logic.TestTerm" time="0.0"/>
  <testcase name="testEqualsModRenaming()" classname="de.uka.ilkd.key.logic.TestTerm" time="0.002"/>
  <testcase name="testProgramElementEqualsModRenaming()" classname="de.uka.ilkd.key.logic.TestTerm" time="0.003"/>
  <testcase name="testIsContainsJavaBlockRecursive()" classname="de.uka.ilkd.key.logic.TestTerm" time="0.001"/>
  <system-out><![CDATA[]]></system-out>
  <system-err><![CDATA[]]></system-err>
</testsuite>
