<?xml version="1.0" encoding="UTF-8"?>
<testsuite name="de.uka.ilkd.key.parser.TestTermParserSorts" tests="2" skipped="0" failures="0" errors="0" timestamp="2023-04-04T15:43:33" hostname="fv-az554-588" time="2.852">
  <properties/>
  <testcase name="testParseIntegerArgs()" classname="de.uka.ilkd.key.parser.TestTermParserSorts" time="0.024"/>
  <testcase name="testParseSequencePrettySyntax()" classname="de.uka.ilkd.key.parser.TestTermParserSorts" time="0.001"/>
  <system-out><![CDATA[419790     INFO  Test worker     d.u.i.k.n.KeyIO           Parsing took 0 ms 
419790     INFO  Test worker     d.u.i.k.n.KeyIO           MODE: declarations took 0 ms 
419790     INFO  Test worker     d.u.i.k.n.KeyIO           Parsing took 0 ms 
419790     INFO  Test worker     d.u.i.k.n.KeyIO           MODE: declarations took 0 ms 
419791     INFO  Test worker     d.u.i.k.n.KeyIO           Parsing took 1 ms 
419791     INFO  Test worker     d.u.i.k.n.KeyIO           MODE: declarations took 0 ms 
422641     INFO  Test worker     d.u.i.k.n.KeyIO           Parsing took 0 ms 
422641     INFO  Test worker     d.u.i.k.n.KeyIO           MODE: declarations took 0 ms 
422641     INFO  Test worker     d.u.i.k.n.KeyIO           Parsing took 0 ms 
422641     INFO  Test worker     d.u.i.k.n.KeyIO           MODE: declarations took 0 ms 
422641     INFO  Test worker     d.u.i.k.n.KeyIO           Parsing took 0 ms 
422641     INFO  Test worker     d.u.i.k.n.KeyIO           MODE: declarations took 0 ms 
]]></system-out>
  <system-err><![CDATA[]]></system-err>
</testsuite>
