<?xml version="1.0" encoding="UTF-8"?>
<testsuite name="de.uka.ilkd.key.parser.TestTermParser" tests="47" skipped="4" failures="0" errors="0" timestamp="2023-04-04T15:41:35" hostname="fv-az554-588" time="3.122">
  <properties/>
  <testcase name="testNotEqual()" classname="de.uka.ilkd.key.parser.TestTermParser" time="0.004"/>
  <testcase name="testProgramVariables()" classname="de.uka.ilkd.key.parser.TestTermParser" time="0.067"/>
  <testcase name="testAttributeWithSpecifiedSortOnObject()" classname="de.uka.ilkd.key.parser.TestTermParser" time="0.003"/>
  <testcase name="testCast()" classname="de.uka.ilkd.key.parser.TestTermParser" time="0.001"/>
  <testcase name="testJavaQueryAndAttribute_all()" classname="de.uka.ilkd.key.parser.TestTermParser" time="0.0">
    <skipped/>
  </testcase>
  <testcase name="test10()" classname="de.uka.ilkd.key.parser.TestTermParser" time="0.003"/>
  <testcase name="test11()" classname="de.uka.ilkd.key.parser.TestTermParser" time="0.013"/>
  <testcase name="test12()" classname="de.uka.ilkd.key.parser.TestTermParser" time="0.001">
    <skipped/>
  </testcase>
  <testcase name="test13()" classname="de.uka.ilkd.key.parser.TestTermParser" time="0.008"/>
  <testcase name="test14()" classname="de.uka.ilkd.key.parser.TestTermParser" time="0.004"/>
  <testcase name="test1a()" classname="de.uka.ilkd.key.parser.TestTermParser" time="0.003"/>
  <testcase name="testJavaAttributeAccess_4()" classname="de.uka.ilkd.key.parser.TestTermParser" time="0.003"/>
  <testcase name="testAttributeOnObject()" classname="de.uka.ilkd.key.parser.TestTermParser" time="0.003"/>
  <testcase name="testNegativeLiteralParsing1()" classname="de.uka.ilkd.key.parser.TestTermParser" time="0.001"/>
  <testcase name="testNegativeLiteralParsing2()" classname="de.uka.ilkd.key.parser.TestTermParser" time="0.004"/>
  <testcase name="testNegativeLiteralParsing3()" classname="de.uka.ilkd.key.parser.TestTermParser" time="0.002"/>
  <testcase name="xtestParsingArrayWithSpaces()" classname="de.uka.ilkd.key.parser.TestTermParser" time="0.0">
    <skipped/>
  </testcase>
  <testcase name="testAmbigiousFuncVarPred()" classname="de.uka.ilkd.key.parser.TestTermParser" time="0.001"/>
  <testcase name="test1()" classname="de.uka.ilkd.key.parser.TestTermParser" time="0.002"/>
  <testcase name="test2()" classname="de.uka.ilkd.key.parser.TestTermParser" time="0.002"/>
  <testcase name="test3()" classname="de.uka.ilkd.key.parser.TestTermParser" time="0.002"/>
  <testcase name="test5()" classname="de.uka.ilkd.key.parser.TestTermParser" time="0.003"/>
  <testcase name="test6()" classname="de.uka.ilkd.key.parser.TestTermParser" time="0.002"/>
  <testcase name="test7()" classname="de.uka.ilkd.key.parser.TestTermParser" time="0.002"/>
  <testcase name="test8()" classname="de.uka.ilkd.key.parser.TestTermParser" time="0.002"/>
  <testcase name="test9()" classname="de.uka.ilkd.key.parser.TestTermParser" time="0.002"/>
  <testcase name="testBindingUpdateTerm()" classname="de.uka.ilkd.key.parser.TestTermParser" time="0.001"/>
  <testcase name="testJavaStaticQuery()" classname="de.uka.ilkd.key.parser.TestTermParser" time="0.002"/>
  <testcase name="testInfix1()" classname="de.uka.ilkd.key.parser.TestTermParser" time="0.002"/>
  <testcase name="testInfix2()" classname="de.uka.ilkd.key.parser.TestTermParser" time="0.004"/>
  <testcase name="testInfix3()" classname="de.uka.ilkd.key.parser.TestTermParser" time="0.004"/>
  <testcase name="testInfix4()" classname="de.uka.ilkd.key.parser.TestTermParser" time="0.002"/>
  <testcase name="testIfThenElse()" classname="de.uka.ilkd.key.parser.TestTermParser" time="0.003"/>
  <testcase name="testJavaAttributeAccessBoth_1()" classname="de.uka.ilkd.key.parser.TestTermParser" time="0.003"/>
  <testcase name="testJavaAttributeAccessBoth_2()" classname="de.uka.ilkd.key.parser.TestTermParser" time="0.002"/>
  <testcase name="testJavaAttributeAccessBoth_3()" classname="de.uka.ilkd.key.parser.TestTermParser" time="0.004"/>
  <testcase name="testBindingUpdateTerm_1()" classname="de.uka.ilkd.key.parser.TestTermParser" time="0.004"/>
  <testcase name="testBindingUpdateTerm_3()" classname="de.uka.ilkd.key.parser.TestTermParser" time="0.005"/>
  <testcase name="testBindingUpdateTerm_4()" classname="de.uka.ilkd.key.parser.TestTermParser" time="0.002"/>
  <testcase name="testBindingUpdateTerm_5()" classname="de.uka.ilkd.key.parser.TestTermParser" time="0.004"/>
  <testcase name="testBindingUpdateTerm_6()" classname="de.uka.ilkd.key.parser.TestTermParser" time="0.002"/>
  <testcase name="testBindingUpdateTerm_7()" classname="de.uka.ilkd.key.parser.TestTermParser" time="0.003"/>
  <testcase name="testBindingUpdateTerm_8()" classname="de.uka.ilkd.key.parser.TestTermParser" time="0.004"/>
  <testcase name="testParsingArray()" classname="de.uka.ilkd.key.parser.TestTermParser" time="0.004"/>
  <testcase name="xtestBindingUpdateTermOldBindingAlternative()" classname="de.uka.ilkd.key.parser.TestTermParser" time="0.0">
    <skipped/>
  </testcase>
  <testcase name="testJavaStaticQueryWithParameter()" classname="de.uka.ilkd.key.parser.TestTermParser" time="0.004"/>
  <testcase name="testParsingArrayCombination()" classname="de.uka.ilkd.key.parser.TestTermParser" time="0.004"/>
  <system-out><![CDATA[302021     INFO  Test worker     d.u.i.k.n.KeyIO           Parsing took 0 ms 
302022     INFO  Test worker     d.u.i.k.n.KeyIO           MODE: declarations took 0 ms 
302025     WARN  Test worker     d.u.i.k.j.r.KeYCrossReferenceNameInfo Datatype T declared twice: Once in UNKNOWN:unknown and once in UNKNOWN:unknown, Keeping one from UNKNOWN:unknown 
302096     INFO  Test worker     d.u.i.k.n.KeyIO           Parsing took 0 ms 
302097     INFO  Test worker     d.u.i.k.n.KeyIO           MODE: declarations took 0 ms 
302163     WARN  Test worker     d.u.i.k.j.r.KeYCrossReferenceNameInfo Datatype T declared twice: Once in UNKNOWN:unknown and once in UNKNOWN:unknown, Keeping one from UNKNOWN:unknown 
302228     INFO  Test worker     d.u.i.k.n.KeyIO           Parsing took 0 ms 
302228     INFO  Test worker     d.u.i.k.n.KeyIO           MODE: declarations took 0 ms 
302231     WARN  Test worker     d.u.i.k.j.r.KeYCrossReferenceNameInfo Datatype T declared twice: Once in UNKNOWN:unknown and once in UNKNOWN:unknown, Keeping one from UNKNOWN:unknown 
302291     INFO  Test worker     d.u.i.k.n.KeyIO           Parsing took 0 ms 
302291     INFO  Test worker     d.u.i.k.n.KeyIO           MODE: declarations took 0 ms 
302293     WARN  Test worker     d.u.i.k.j.r.KeYCrossReferenceNameInfo Datatype T declared twice: Once in UNKNOWN:unknown and once in UNKNOWN:unknown, Keeping one from UNKNOWN:unknown 
302351     WARN  Test worker     d.u.i.k.j.r.KeYCrossReferenceNameInfo Datatype T declared twice: Once in UNKNOWN:unknown and once in UNKNOWN:unknown, Keeping one from UNKNOWN:unknown 
302410     INFO  Test worker     d.u.i.k.n.KeyIO           Parsing took 1 ms 
302410     INFO  Test worker     d.u.i.k.n.KeyIO           MODE: declarations took 0 ms 
302411     INFO  Test worker     d.u.i.k.p.TestTermParser  Out: \<{
  int x = 1;
  {
    int s = 2;
  }
}\> (equals(x,x)) 
302412     WARN  Test worker     d.u.i.k.j.r.KeYCrossReferenceNameInfo Datatype T declared twice: Once in UNKNOWN:unknown and once in UNKNOWN:unknown, Keeping one from UNKNOWN:unknown 
302470     INFO  Test worker     d.u.i.k.n.KeyIO           Parsing took 1 ms 
302470     INFO  Test worker     d.u.i.k.n.KeyIO           MODE: declarations took 0 ms 
302482     INFO  Test worker     d.u.i.k.p.TestTermParser  Out: \[{
  int x = 2;
  {
    String s = ""}";
  }
}\] (true) 
302485     WARN  Test worker     d.u.i.k.j.r.KeYCrossReferenceNameInfo Datatype T declared twice: Once in UNKNOWN:unknown and once in UNKNOWN:unknown, Keeping one from UNKNOWN:unknown 
302567     WARN  Test worker     d.u.i.k.j.r.KeYCrossReferenceNameInfo Datatype T declared twice: Once in UNKNOWN:unknown and once in UNKNOWN:unknown, Keeping one from UNKNOWN:unknown 
302630     INFO  Test worker     d.u.i.k.n.KeyIO           Parsing took 0 ms 
302631     INFO  Test worker     d.u.i.k.n.KeyIO           MODE: declarations took 1 ms 
302639     WARN  Test worker     d.u.i.k.j.r.KeYCrossReferenceNameInfo Datatype T declared twice: Once in UNKNOWN:unknown and once in UNKNOWN:unknown, Keeping one from UNKNOWN:unknown 
302701     INFO  Test worker     d.u.i.k.n.KeyIO           Parsing took 0 ms 
302702     INFO  Test worker     d.u.i.k.n.KeyIO           MODE: declarations took 1 ms 
302704     INFO  Test worker     d.u.i.k.p.TestTermParser  Out: \<{
  int[] i;
}\> (diamond(true)) 
302705     WARN  Test worker     d.u.i.k.j.r.KeYCrossReferenceNameInfo Datatype T declared twice: Once in UNKNOWN:unknown and once in UNKNOWN:unknown, Keeping one from UNKNOWN:unknown 
302766     INFO  Test worker     d.u.i.k.n.KeyIO           Parsing took 0 ms 
302766     INFO  Test worker     d.u.i.k.n.KeyIO           MODE: declarations took 0 ms 
302769     WARN  Test worker     d.u.i.k.j.r.KeYCrossReferenceNameInfo Datatype T declared twice: Once in UNKNOWN:unknown and once in UNKNOWN:unknown, Keeping one from UNKNOWN:unknown 
302833     INFO  Test worker     d.u.i.k.n.KeyIO           Parsing took 0 ms 
302833     INFO  Test worker     d.u.i.k.n.KeyIO           MODE: declarations took 0 ms 
302836     WARN  Test worker     d.u.i.k.j.r.KeYCrossReferenceNameInfo Datatype T declared twice: Once in UNKNOWN:unknown and once in UNKNOWN:unknown, Keeping one from UNKNOWN:unknown 
302901     INFO  Test worker     d.u.i.k.n.KeyIO           Parsing took 1 ms 
302901     INFO  Test worker     d.u.i.k.n.KeyIO           MODE: declarations took 0 ms 
302903     WARN  Test worker     d.u.i.k.j.r.KeYCrossReferenceNameInfo Datatype T declared twice: Once in UNKNOWN:unknown and once in UNKNOWN:unknown, Keeping one from UNKNOWN:unknown 
302969     INFO  Test worker     d.u.i.k.n.KeyIO           Parsing took 0 ms 
302970     INFO  Test worker     d.u.i.k.n.KeyIO           MODE: declarations took 1 ms 
302971     WARN  Test worker     d.u.i.k.j.r.KeYCrossReferenceNameInfo Datatype T declared twice: Once in UNKNOWN:unknown and once in UNKNOWN:unknown, Keeping one from UNKNOWN:unknown 
303037     INFO  Test worker     d.u.i.k.n.KeyIO           Parsing took 0 ms 
303040     INFO  Test worker     d.u.i.k.n.KeyIO           MODE: declarations took 2 ms 
303042     WARN  Test worker     d.u.i.k.j.r.KeYCrossReferenceNameInfo Datatype T declared twice: Once in UNKNOWN:unknown and once in UNKNOWN:unknown, Keeping one from UNKNOWN:unknown 
303111     INFO  Test worker     d.u.i.k.n.KeyIO           Parsing took 0 ms 
303112     INFO  Test worker     d.u.i.k.n.KeyIO           MODE: declarations took 0 ms 
303113     WARN  Test worker     d.u.i.k.j.r.KeYCrossReferenceNameInfo Datatype T declared twice: Once in UNKNOWN:unknown and once in UNKNOWN:unknown, Keeping one from UNKNOWN:unknown 
303177     WARN  Test worker     d.u.i.k.j.r.KeYCrossReferenceNameInfo Datatype T declared twice: Once in UNKNOWN:unknown and once in UNKNOWN:unknown, Keeping one from UNKNOWN:unknown 
303235     INFO  Test worker     d.u.i.k.n.KeyIO           Parsing took 0 ms 
303236     INFO  Test worker     d.u.i.k.n.KeyIO           MODE: declarations took 1 ms 
303237     WARN  Test worker     d.u.i.k.j.r.KeYCrossReferenceNameInfo Datatype T declared twice: Once in UNKNOWN:unknown and once in UNKNOWN:unknown, Keeping one from UNKNOWN:unknown 
303300     INFO  Test worker     d.u.i.k.n.KeyIO           Parsing took 0 ms 
303301     INFO  Test worker     d.u.i.k.n.KeyIO           MODE: declarations took 0 ms 
303303     WARN  Test worker     d.u.i.k.j.r.KeYCrossReferenceNameInfo Datatype T declared twice: Once in UNKNOWN:unknown and once in UNKNOWN:unknown, Keeping one from UNKNOWN:unknown 
303362     INFO  Test worker     d.u.i.k.n.KeyIO           Parsing took 0 ms 
303362     INFO  Test worker     d.u.i.k.n.KeyIO           MODE: declarations took 0 ms 
303363     WARN  Test worker     d.u.i.k.j.r.KeYCrossReferenceNameInfo Datatype T declared twice: Once in UNKNOWN:unknown and once in UNKNOWN:unknown, Keeping one from UNKNOWN:unknown 
303427     INFO  Test worker     d.u.i.k.n.KeyIO           Parsing took 0 ms 
303427     INFO  Test worker     d.u.i.k.n.KeyIO           MODE: declarations took 0 ms 
303430     WARN  Test worker     d.u.i.k.j.r.KeYCrossReferenceNameInfo Datatype T declared twice: Once in UNKNOWN:unknown and once in UNKNOWN:unknown, Keeping one from UNKNOWN:unknown 
303492     INFO  Test worker     d.u.i.k.n.KeyIO           Parsing took 0 ms 
303493     INFO  Test worker     d.u.i.k.n.KeyIO           MODE: declarations took 1 ms 
303495     WARN  Test worker     d.u.i.k.j.r.KeYCrossReferenceNameInfo Datatype T declared twice: Once in UNKNOWN:unknown and once in UNKNOWN:unknown, Keeping one from UNKNOWN:unknown 
303562     INFO  Test worker     d.u.i.k.n.KeyIO           Parsing took 0 ms 
303562     INFO  Test worker     d.u.i.k.n.KeyIO           MODE: declarations took 0 ms 
303564     WARN  Test worker     d.u.i.k.j.r.KeYCrossReferenceNameInfo Datatype T declared twice: Once in UNKNOWN:unknown and once in UNKNOWN:unknown, Keeping one from UNKNOWN:unknown 
303621     INFO  Test worker     d.u.i.k.n.KeyIO           Parsing took 0 ms 
303622     INFO  Test worker     d.u.i.k.n.KeyIO           MODE: declarations took 1 ms 
303623     WARN  Test worker     d.u.i.k.j.r.KeYCrossReferenceNameInfo Datatype T declared twice: Once in UNKNOWN:unknown and once in UNKNOWN:unknown, Keeping one from UNKNOWN:unknown 
303691     INFO  Test worker     d.u.i.k.n.KeyIO           Parsing took 0 ms 
303691     INFO  Test worker     d.u.i.k.n.KeyIO           MODE: declarations took 0 ms 
303696     WARN  Test worker     d.u.i.k.j.r.KeYCrossReferenceNameInfo Datatype T declared twice: Once in UNKNOWN:unknown and once in UNKNOWN:unknown, Keeping one from UNKNOWN:unknown 
303754     INFO  Test worker     d.u.i.k.n.KeyIO           Parsing took 0 ms 
303754     INFO  Test worker     d.u.i.k.n.KeyIO           MODE: declarations took 0 ms 
303756     WARN  Test worker     d.u.i.k.j.r.KeYCrossReferenceNameInfo Datatype T declared twice: Once in UNKNOWN:unknown and once in UNKNOWN:unknown, Keeping one from UNKNOWN:unknown 
303811     INFO  Test worker     d.u.i.k.n.KeyIO           Parsing took 0 ms 
303811     INFO  Test worker     d.u.i.k.n.KeyIO           MODE: declarations took 0 ms 
303813     WARN  Test worker     d.u.i.k.j.r.KeYCrossReferenceNameInfo Datatype T declared twice: Once in UNKNOWN:unknown and once in UNKNOWN:unknown, Keeping one from UNKNOWN:unknown 
303868     INFO  Test worker     d.u.i.k.n.KeyIO           Parsing took 0 ms 
303869     INFO  Test worker     d.u.i.k.n.KeyIO           MODE: declarations took 1 ms 
303871     WARN  Test worker     d.u.i.k.j.r.KeYCrossReferenceNameInfo Datatype T declared twice: Once in UNKNOWN:unknown and once in UNKNOWN:unknown, Keeping one from UNKNOWN:unknown 
303926     INFO  Test worker     d.u.i.k.n.KeyIO           Parsing took 0 ms 
303927     INFO  Test worker     d.u.i.k.n.KeyIO           MODE: declarations took 0 ms 
303928     WARN  Test worker     d.u.i.k.j.r.KeYCrossReferenceNameInfo Datatype T declared twice: Once in UNKNOWN:unknown and once in UNKNOWN:unknown, Keeping one from UNKNOWN:unknown 
303987     INFO  Test worker     d.u.i.k.n.KeyIO           Parsing took 1 ms 
303987     INFO  Test worker     d.u.i.k.n.KeyIO           MODE: declarations took 0 ms 
303991     WARN  Test worker     d.u.i.k.j.r.KeYCrossReferenceNameInfo Datatype T declared twice: Once in UNKNOWN:unknown and once in UNKNOWN:unknown, Keeping one from UNKNOWN:unknown 
304053     INFO  Test worker     d.u.i.k.n.KeyIO           Parsing took 0 ms 
304053     INFO  Test worker     d.u.i.k.n.KeyIO           MODE: declarations took 0 ms 
304057     WARN  Test worker     d.u.i.k.j.r.KeYCrossReferenceNameInfo Datatype T declared twice: Once in UNKNOWN:unknown and once in UNKNOWN:unknown, Keeping one from UNKNOWN:unknown 
304120     INFO  Test worker     d.u.i.k.n.KeyIO           Parsing took 0 ms 
304121     INFO  Test worker     d.u.i.k.n.KeyIO           MODE: declarations took 0 ms 
304122     WARN  Test worker     d.u.i.k.j.r.KeYCrossReferenceNameInfo Datatype T declared twice: Once in UNKNOWN:unknown and once in UNKNOWN:unknown, Keeping one from UNKNOWN:unknown 
304187     INFO  Test worker     d.u.i.k.n.KeyIO           Parsing took 0 ms 
304188     INFO  Test worker     d.u.i.k.n.KeyIO           MODE: declarations took 1 ms 
304190     WARN  Test worker     d.u.i.k.j.r.KeYCrossReferenceNameInfo Datatype T declared twice: Once in UNKNOWN:unknown and once in UNKNOWN:unknown, Keeping one from UNKNOWN:unknown 
304252     INFO  Test worker     d.u.i.k.n.KeyIO           Parsing took 0 ms 
304253     INFO  Test worker     d.u.i.k.n.KeyIO           MODE: declarations took 1 ms 
304255     WARN  Test worker     d.u.i.k.j.r.KeYCrossReferenceNameInfo Datatype T declared twice: Once in UNKNOWN:unknown and once in UNKNOWN:unknown, Keeping one from UNKNOWN:unknown 
304318     INFO  Test worker     d.u.i.k.n.KeyIO           Parsing took 1 ms 
304318     INFO  Test worker     d.u.i.k.n.KeyIO           MODE: declarations took 0 ms 
304320     WARN  Test worker     d.u.i.k.j.r.KeYCrossReferenceNameInfo Datatype T declared twice: Once in UNKNOWN:unknown and once in UNKNOWN:unknown, Keeping one from UNKNOWN:unknown 
304384     INFO  Test worker     d.u.i.k.n.KeyIO           Parsing took 0 ms 
304384     INFO  Test worker     d.u.i.k.n.KeyIO           MODE: declarations took 0 ms 
304387     WARN  Test worker     d.u.i.k.j.r.KeYCrossReferenceNameInfo Datatype T declared twice: Once in UNKNOWN:unknown and once in UNKNOWN:unknown, Keeping one from UNKNOWN:unknown 
304450     INFO  Test worker     d.u.i.k.n.KeyIO           Parsing took 0 ms 
304451     INFO  Test worker     d.u.i.k.n.KeyIO           MODE: declarations took 0 ms 
304454     WARN  Test worker     d.u.i.k.j.r.KeYCrossReferenceNameInfo Datatype T declared twice: Once in UNKNOWN:unknown and once in UNKNOWN:unknown, Keeping one from UNKNOWN:unknown 
304519     INFO  Test worker     d.u.i.k.n.KeyIO           Parsing took 1 ms 
304519     INFO  Test worker     d.u.i.k.n.KeyIO           MODE: declarations took 0 ms 
304524     WARN  Test worker     d.u.i.k.j.r.KeYCrossReferenceNameInfo Datatype T declared twice: Once in UNKNOWN:unknown and once in UNKNOWN:unknown, Keeping one from UNKNOWN:unknown 
304584     INFO  Test worker     d.u.i.k.n.KeyIO           Parsing took 0 ms 
304584     INFO  Test worker     d.u.i.k.n.KeyIO           MODE: declarations took 0 ms 
304586     WARN  Test worker     d.u.i.k.j.r.KeYCrossReferenceNameInfo Datatype T declared twice: Once in UNKNOWN:unknown and once in UNKNOWN:unknown, Keeping one from UNKNOWN:unknown 
304650     INFO  Test worker     d.u.i.k.n.KeyIO           Parsing took 0 ms 
304650     INFO  Test worker     d.u.i.k.n.KeyIO           MODE: declarations took 0 ms 
304659     WARN  Test worker     d.u.i.k.j.r.KeYCrossReferenceNameInfo Datatype T declared twice: Once in UNKNOWN:unknown and once in UNKNOWN:unknown, Keeping one from UNKNOWN:unknown 
304729     INFO  Test worker     d.u.i.k.n.KeyIO           Parsing took 0 ms 
304730     INFO  Test worker     d.u.i.k.n.KeyIO           MODE: declarations took 1 ms 
304732     WARN  Test worker     d.u.i.k.j.r.KeYCrossReferenceNameInfo Datatype T declared twice: Once in UNKNOWN:unknown and once in UNKNOWN:unknown, Keeping one from UNKNOWN:unknown 
304800     INFO  Test worker     d.u.i.k.n.KeyIO           Parsing took 1 ms 
304800     INFO  Test worker     d.u.i.k.n.KeyIO           MODE: declarations took 0 ms 
304803     WARN  Test worker     d.u.i.k.j.r.KeYCrossReferenceNameInfo Datatype T declared twice: Once in UNKNOWN:unknown and once in UNKNOWN:unknown, Keeping one from UNKNOWN:unknown 
304870     INFO  Test worker     d.u.i.k.n.KeyIO           Parsing took 0 ms 
304871     INFO  Test worker     d.u.i.k.n.KeyIO           MODE: declarations took 0 ms 
304873     WARN  Test worker     d.u.i.k.j.r.KeYCrossReferenceNameInfo Datatype T declared twice: Once in UNKNOWN:unknown and once in UNKNOWN:unknown, Keeping one from UNKNOWN:unknown 
304934     INFO  Test worker     d.u.i.k.n.KeyIO           Parsing took 0 ms 
304934     INFO  Test worker     d.u.i.k.n.KeyIO           MODE: declarations took 0 ms 
304938     WARN  Test worker     d.u.i.k.j.r.KeYCrossReferenceNameInfo Datatype T declared twice: Once in UNKNOWN:unknown and once in UNKNOWN:unknown, Keeping one from UNKNOWN:unknown 
305012     WARN  Test worker     d.u.i.k.j.r.KeYCrossReferenceNameInfo Datatype T declared twice: Once in UNKNOWN:unknown and once in UNKNOWN:unknown, Keeping one from UNKNOWN:unknown 
305075     INFO  Test worker     d.u.i.k.n.KeyIO           Parsing took 0 ms 
305075     INFO  Test worker     d.u.i.k.n.KeyIO           MODE: declarations took 0 ms 
305079     WARN  Test worker     d.u.i.k.j.r.KeYCrossReferenceNameInfo Datatype T declared twice: Once in UNKNOWN:unknown and once in UNKNOWN:unknown, Keeping one from UNKNOWN:unknown 
305139     INFO  Test worker     d.u.i.k.n.KeyIO           Parsing took 0 ms 
305139     INFO  Test worker     d.u.i.k.n.KeyIO           MODE: declarations took 0 ms 
]]></system-out>
  <system-err><![CDATA[]]></system-err>
</testsuite>
