<?xml version="1.0" encoding="UTF-8"?>
<testsuite name="de.uka.ilkd.key.nparser.ExprTest" tests="23" skipped="0" failures="0" errors="0" timestamp="2023-04-04T15:39:52" hostname="fv-az554-588" time="2.171">
  <properties/>
  <testcase name="[1] (bprod{int y;}(1, 2, y) = 0)" classname="de.uka.ilkd.key.nparser.ExprTest" time="0.025"/>
  <testcase name="[2] 1 = 1 -&gt; 2 = 2" classname="de.uka.ilkd.key.nparser.ExprTest" time="0.016"/>
  <testcase name="[3] \&lt; { int x = 1; } \&gt; x=1" classname="de.uka.ilkd.key.nparser.ExprTest" time="0.951"/>
  <testcase name="[4] \&lt;{ int x = 1; {int s = 2;} }\&gt; x=x" classname="de.uka.ilkd.key.nparser.ExprTest" time="0.874"/>
  <testcase name="[5] true" classname="de.uka.ilkd.key.nparser.ExprTest" time="0.013"/>
  <testcase name="[6] true &amp; false" classname="de.uka.ilkd.key.nparser.ExprTest" time="0.018"/>
  <testcase name="[7] 0" classname="de.uka.ilkd.key.nparser.ExprTest" time="0.015"/>
  <testcase name="[8] 1" classname="de.uka.ilkd.key.nparser.ExprTest" time="0.013"/>
  <testcase name="[9] 42" classname="de.uka.ilkd.key.nparser.ExprTest" time="0.014"/>
  <testcase name="[10] -5" classname="de.uka.ilkd.key.nparser.ExprTest" time="0.016"/>
  <testcase name="[11] 1 + 1 = 2" classname="de.uka.ilkd.key.nparser.ExprTest" time="0.015"/>
  <testcase name="[12] \if (3=4) \then (1) \else (2)" classname="de.uka.ilkd.key.nparser.ExprTest" time="0.019"/>
  <testcase name="[13] \if (3=4 &amp; 1=1) \then (\if (3=4) \then (1) \else (2)) \else (2)" classname="de.uka.ilkd.key.nparser.ExprTest" time="0.013"/>
  <testcase name="[14] aa + bb*cc" classname="de.uka.ilkd.key.nparser.ExprTest" time="0.016"/>
  <testcase name="[15] aa%bb*cc &lt; -123" classname="de.uka.ilkd.key.nparser.ExprTest" time="0.014"/>
  <testcase name="[16] \forall int x; true" classname="de.uka.ilkd.key.nparser.ExprTest" time="0.015"/>
  <testcase name="[17] \forall numbers x; x = x" classname="de.uka.ilkd.key.nparser.ExprTest" time="0.016"/>
  <testcase name="[18] (int)3+2" classname="de.uka.ilkd.key.nparser.ExprTest" time="0.013"/>
  <testcase name="[19] 1.f + 1f = 20e-1f * (2f-1f)" classname="de.uka.ilkd.key.nparser.ExprTest" time="0.014"/>
  <testcase name="[20] 1.d + 1d &lt;= 20e+1d * .01d" classname="de.uka.ilkd.key.nparser.ExprTest" time="0.014"/>
  <testcase name="[21] 1f &lt;= 2f" classname="de.uka.ilkd.key.nparser.ExprTest" time="0.013"/>
  <testcase name="[22] 2d &gt; 1d" classname="de.uka.ilkd.key.nparser.ExprTest" time="0.018"/>
  <testcase name="[23] seqEmpty + seqEmpty" classname="de.uka.ilkd.key.nparser.ExprTest" time="0.013"/>
  <system-out><![CDATA[199014     INFO  Test worker     d.u.i.k.n.KeyIO           Parsing took 13 ms 
199016     INFO  Test worker     d.u.i.k.n.KeyIO           MODE: declarations took 1 ms 
199019     INFO  Test worker     d.u.i.k.n.ExprTest        Term: equals(bprod{y:int}(Z(1(#)),Z(2(#)),y),Z(0(#))) 
199033     INFO  Test worker     d.u.i.k.n.KeyIO           Parsing took 10 ms 
199035     INFO  Test worker     d.u.i.k.n.KeyIO           MODE: declarations took 1 ms 
199037     INFO  Test worker     d.u.i.k.n.ExprTest        Term: imp(equals(Z(1(#)),Z(1(#))),equals(Z(2(#)),Z(2(#)))) 
199049     INFO  Test worker     d.u.i.k.n.KeyIO           Parsing took 10 ms 
199051     INFO  Test worker     d.u.i.k.n.KeyIO           MODE: declarations took 1 ms 
199989     INFO  Test worker     d.u.i.k.n.ExprTest        Term: \<{
  int x = 1;
}\> (equals(x,Z(1(#)))) 
199999     INFO  Test worker     d.u.i.k.n.KeyIO           Parsing took 7 ms 
200000     INFO  Test worker     d.u.i.k.n.KeyIO           MODE: declarations took 1 ms 
200864     INFO  Test worker     d.u.i.k.n.ExprTest        Term: \<{
  int x = 1;
  {
    int s = 2;
  }
}\> (equals(x,x)) 
200873     INFO  Test worker     d.u.i.k.n.KeyIO           Parsing took 7 ms 
200874     INFO  Test worker     d.u.i.k.n.KeyIO           MODE: declarations took 1 ms 
200877     INFO  Test worker     d.u.i.k.n.ExprTest        Term: true 
200886     INFO  Test worker     d.u.i.k.n.KeyIO           Parsing took 8 ms 
200893     INFO  Test worker     d.u.i.k.n.KeyIO           MODE: declarations took 7 ms 
200895     INFO  Test worker     d.u.i.k.n.ExprTest        Term: and(true,false) 
200907     INFO  Test worker     d.u.i.k.n.KeyIO           Parsing took 10 ms 
200908     INFO  Test worker     d.u.i.k.n.KeyIO           MODE: declarations took 1 ms 
200910     INFO  Test worker     d.u.i.k.n.ExprTest        Term: Z(0(#)) 
200920     INFO  Test worker     d.u.i.k.n.KeyIO           Parsing took 7 ms 
200921     INFO  Test worker     d.u.i.k.n.KeyIO           MODE: declarations took 0 ms 
200924     INFO  Test worker     d.u.i.k.n.ExprTest        Term: Z(1(#)) 
200935     INFO  Test worker     d.u.i.k.n.KeyIO           Parsing took 8 ms 
200936     INFO  Test worker     d.u.i.k.n.KeyIO           MODE: declarations took 1 ms 
200939     INFO  Test worker     d.u.i.k.n.ExprTest        Term: Z(2(4(#))) 
200951     INFO  Test worker     d.u.i.k.n.KeyIO           Parsing took 10 ms 
200953     INFO  Test worker     d.u.i.k.n.KeyIO           MODE: declarations took 1 ms 
200955     INFO  Test worker     d.u.i.k.n.ExprTest        Term: Z(neglit(5(#))) 
200968     INFO  Test worker     d.u.i.k.n.KeyIO           Parsing took 11 ms 
200969     INFO  Test worker     d.u.i.k.n.KeyIO           MODE: declarations took 1 ms 
200971     INFO  Test worker     d.u.i.k.n.ExprTest        Term: equals(add(Z(1(#)),Z(1(#))),Z(2(#))) 
200986     INFO  Test worker     d.u.i.k.n.KeyIO           Parsing took 12 ms 
200988     INFO  Test worker     d.u.i.k.n.KeyIO           MODE: declarations took 1 ms 
200991     INFO  Test worker     d.u.i.k.n.ExprTest        Term: if-then-else(equals(Z(3(#)),Z(4(#))),Z(1(#)),Z(2(#))) 
201001     INFO  Test worker     d.u.i.k.n.KeyIO           Parsing took 8 ms 
201002     INFO  Test worker     d.u.i.k.n.KeyIO           MODE: declarations took 1 ms 
201004     INFO  Test worker     d.u.i.k.n.ExprTest        Term: if-then-else(and(equals(Z(3(#)),Z(4(#))),equals(Z(1(#)),Z(1(#)))),if-then-else(equals(Z(3(#)),Z(4(#))),Z(1(#)),Z(2(#))),Z(2(#))) 
201017     INFO  Test worker     d.u.i.k.n.KeyIO           Parsing took 8 ms 
201018     INFO  Test worker     d.u.i.k.n.KeyIO           MODE: declarations took 1 ms 
201020     INFO  Test worker     d.u.i.k.n.ExprTest        Term: add(aa,mul(bb,cc)) 
201031     INFO  Test worker     d.u.i.k.n.KeyIO           Parsing took 8 ms 
201033     INFO  Test worker     d.u.i.k.n.KeyIO           MODE: declarations took 1 ms 
201035     INFO  Test worker     d.u.i.k.n.ExprTest        Term: lt(mul(mod(aa,bb),cc),Z(neglit(3(2(1(#)))))) 
201045     INFO  Test worker     d.u.i.k.n.KeyIO           Parsing took 7 ms 
201047     INFO  Test worker     d.u.i.k.n.KeyIO           MODE: declarations took 1 ms 
201051     INFO  Test worker     d.u.i.k.n.ExprTest        Term: all{x:int}(true) 
201066     INFO  Test worker     d.u.i.k.n.KeyIO           Parsing took 8 ms 
201068     INFO  Test worker     d.u.i.k.n.KeyIO           MODE: declarations took 1 ms 
201072     INFO  Test worker     d.u.i.k.n.ExprTest        Term: all{x:numbers}(equals(x,x)) 
201083     INFO  Test worker     d.u.i.k.n.KeyIO           Parsing took 8 ms 
201084     INFO  Test worker     d.u.i.k.n.KeyIO           MODE: declarations took 0 ms 
201087     INFO  Test worker     d.u.i.k.n.ExprTest        Term: add(int::cast(Z(3(#))),Z(2(#))) 
201098     INFO  Test worker     d.u.i.k.n.KeyIO           Parsing took 6 ms 
201100     INFO  Test worker     d.u.i.k.n.KeyIO           MODE: declarations took 1 ms 
201102     INFO  Test worker     d.u.i.k.n.ExprTest        Term: equals(addFloat(FP(6(1(2(3(5(3(5(6(0(1(#))))))))))),FP(6(1(2(3(5(3(5(6(0(1(#)))))))))))),mulFloat(FP(4(2(8(1(4(7(3(7(0(1(#))))))))))),subFloat(FP(4(2(8(1(4(7(3(7(0(1(#))))))))))),FP(6(1(2(3(5(3(5(6(0(1(#)))))))))))))) 
201112     INFO  Test worker     d.u.i.k.n.KeyIO           Parsing took 7 ms 
201114     INFO  Test worker     d.u.i.k.n.KeyIO           MODE: declarations took 1 ms 
201117     INFO  Test worker     d.u.i.k.n.ExprTest        Term: leqDouble(addDouble(DFP(8(0(4(7(1(0(0(0(8(8(1(4(2(8(1(7(0(6(4(#)))))))))))))))))))),DFP(8(0(4(7(1(0(0(0(8(8(1(4(2(8(1(7(0(6(4(#))))))))))))))))))))),mulDouble(DFP(4(8(7(6(0(0(2(8(9(0(9(8(0(4(2(1(4(6(4(#)))))))))))))))))))),DFP(5(7(6(7(8(0(4(0(3(9(2(2(8(1(9(6(7(5(4(#)))))))))))))))))))))) 
201127     INFO  Test worker     d.u.i.k.n.KeyIO           Parsing took 7 ms 
201128     INFO  Test worker     d.u.i.k.n.KeyIO           MODE: declarations took 0 ms 
201131     INFO  Test worker     d.u.i.k.n.ExprTest        Term: leqFloat(FP(6(1(2(3(5(3(5(6(0(1(#))))))))))),FP(4(2(8(1(4(7(3(7(0(1(#)))))))))))) 
201141     INFO  Test worker     d.u.i.k.n.KeyIO           Parsing took 7 ms 
201146     INFO  Test worker     d.u.i.k.n.KeyIO           MODE: declarations took 1 ms 
201150     INFO  Test worker     d.u.i.k.n.ExprTest        Term: gtDouble(DFP(4(0(9(7(8(3(7(2(4(8(1(0(6(8(6(1(1(6(4(#)))))))))))))))))))),DFP(8(0(4(7(1(0(0(0(8(8(1(4(2(8(1(7(0(6(4(#))))))))))))))))))))) 
201162     INFO  Test worker     d.u.i.k.n.KeyIO           Parsing took 7 ms 
201164     INFO  Test worker     d.u.i.k.n.KeyIO           MODE: declarations took 1 ms 
201166     INFO  Test worker     d.u.i.k.n.ExprTest        Term: seqConcat(seqEmpty,seqEmpty) 
]]></system-out>
  <system-err><![CDATA[]]></system-err>
</testsuite>
