<?xml version="1.0" encoding="UTF-8"?>
<testsuite name="de.uka.ilkd.key.parser.TestTermParserHeap" tests="39" skipped="0" failures="0" errors="0" timestamp="2023-04-04T15:41:41" hostname="fv-az554-588" time="108.683">
  <properties/>
  <testcase name="testBracketHeapUpdate()" classname="de.uka.ilkd.key.parser.TestTermParserHeap" time="0.021"/>
  <testcase name="testStore()" classname="de.uka.ilkd.key.parser.TestTermParserHeap" time="0.01"/>
  <testcase name="testUnknownConstant()" classname="de.uka.ilkd.key.parser.TestTermParserHeap" time="0.005"/>
  <testcase name="testAllFieldsSelector()" classname="de.uka.ilkd.key.parser.TestTermParserHeap" time="0.002"/>
  <testcase name="testParsePrettyPrintedSelect()" classname="de.uka.ilkd.key.parser.TestTermParserHeap" time="0.002"/>
  <testcase name="testAccessStaticMembers()" classname="de.uka.ilkd.key.parser.TestTermParserHeap" time="0.003"/>
  <testcase name="testAtOperator_1()" classname="de.uka.ilkd.key.parser.TestTermParserHeap" time="0.001"/>
  <testcase name="testAtOperator_2()" classname="de.uka.ilkd.key.parser.TestTermParserHeap" time="0.001"/>
  <testcase name="testAtOperator_3()" classname="de.uka.ilkd.key.parser.TestTermParserHeap" time="0.001"/>
  <testcase name="testAtOperator_4()" classname="de.uka.ilkd.key.parser.TestTermParserHeap" time="0.004"/>
  <testcase name="testAtOperator_5()" classname="de.uka.ilkd.key.parser.TestTermParserHeap" time="0.002"/>
  <testcase name="testAtOperator_6()" classname="de.uka.ilkd.key.parser.TestTermParserHeap" time="0.003"/>
  <testcase name="testAtOperator_7()" classname="de.uka.ilkd.key.parser.TestTermParserHeap" time="0.002"/>
  <testcase name="testAtOperator_8()" classname="de.uka.ilkd.key.parser.TestTermParserHeap" time="0.003"/>
  <testcase name="testVerifyExceptionIfAtOperatorNotPreceededBySelectTerm()" classname="de.uka.ilkd.key.parser.TestTermParserHeap" time="0.002"/>
  <testcase name="testBugResettingCounter()" classname="de.uka.ilkd.key.parser.TestTermParserHeap" time="0.002"/>
  <testcase name="testLocationSets()" classname="de.uka.ilkd.key.parser.TestTermParserHeap" time="0.009"/>
  <testcase name="testQuantifiedSelect()" classname="de.uka.ilkd.key.parser.TestTermParserHeap" time="0.014"/>
  <testcase name="testGenericObjectProperties()" classname="de.uka.ilkd.key.parser.TestTermParserHeap" time="0.002"/>
  <testcase name="testQueryInheritance_1()" classname="de.uka.ilkd.key.parser.TestTermParserHeap" time="0.003"/>
  <testcase name="testQueryInheritance_2()" classname="de.uka.ilkd.key.parser.TestTermParserHeap" time="0.001"/>
  <testcase name="testQueryInheritance_3()" classname="de.uka.ilkd.key.parser.TestTermParserHeap" time="0.005"/>
  <testcase name="testQueryInheritance_4()" classname="de.uka.ilkd.key.parser.TestTermParserHeap" time="0.003"/>
  <testcase name="testQueryInheritance_5()" classname="de.uka.ilkd.key.parser.TestTermParserHeap" time="0.001"/>
  <testcase name="testQueryInheritance_6()" classname="de.uka.ilkd.key.parser.TestTermParserHeap" time="0.002"/>
  <testcase name="testQueryInheritance_7()" classname="de.uka.ilkd.key.parser.TestTermParserHeap" time="0.001"/>
  <testcase name="testQueryInheritance_8()" classname="de.uka.ilkd.key.parser.TestTermParserHeap" time="0.001"/>
  <testcase name="testQueryInheritance_9()" classname="de.uka.ilkd.key.parser.TestTermParserHeap" time="0.001"/>
  <testcase name="testQueryBasic_10()" classname="de.uka.ilkd.key.parser.TestTermParserHeap" time="0.006"/>
  <testcase name="testQueryBasic_11()" classname="de.uka.ilkd.key.parser.TestTermParserHeap" time="0.002"/>
  <testcase name="testQueryBasic_1()" classname="de.uka.ilkd.key.parser.TestTermParserHeap" time="0.001"/>
  <testcase name="testQueryBasic_2()" classname="de.uka.ilkd.key.parser.TestTermParserHeap" time="0.002"/>
  <testcase name="testQueryBasic_3()" classname="de.uka.ilkd.key.parser.TestTermParserHeap" time="0.005"/>
  <testcase name="testQueryBasic_4()" classname="de.uka.ilkd.key.parser.TestTermParserHeap" time="0.002"/>
  <testcase name="testQueryBasic_5()" classname="de.uka.ilkd.key.parser.TestTermParserHeap" time="0.002"/>
  <testcase name="testQueryBasic_6()" classname="de.uka.ilkd.key.parser.TestTermParserHeap" time="0.003"/>
  <testcase name="testQueryBasic_7()" classname="de.uka.ilkd.key.parser.TestTermParserHeap" time="0.007"/>
  <testcase name="testQueryBasic_8()" classname="de.uka.ilkd.key.parser.TestTermParserHeap" time="0.004"/>
  <testcase name="testQueryBasic_9()" classname="de.uka.ilkd.key.parser.TestTermParserHeap" time="0.002"/>
  <system-out><![CDATA[308223     INFO  Test worker     d.u.i.k.n.KeyIO           Parsing took 0 ms 
308223     INFO  Test worker     d.u.i.k.n.KeyIO           MODE: declarations took 0 ms 
308224     INFO  Test worker     d.u.i.k.n.KeyIO           Parsing took 0 ms 
308224     INFO  Test worker     d.u.i.k.n.KeyIO           MODE: declarations took 0 ms 
308224     INFO  Test worker     d.u.i.k.n.KeyIO           Parsing took 0 ms 
308224     INFO  Test worker     d.u.i.k.n.KeyIO           MODE: declarations took 0 ms 
308224     INFO  Test worker     d.u.i.k.n.KeyIO           Parsing took 0 ms 
308224     INFO  Test worker     d.u.i.k.n.KeyIO           MODE: declarations took 0 ms 
308224     INFO  Test worker     d.u.i.k.n.KeyIO           Parsing took 0 ms 
308224     INFO  Test worker     d.u.i.k.n.KeyIO           MODE: declarations took 0 ms 
311121     INFO  Test worker     d.u.i.k.n.KeyIO           Parsing took 0 ms 
311122     INFO  Test worker     d.u.i.k.n.KeyIO           MODE: declarations took 0 ms 
311122     INFO  Test worker     d.u.i.k.n.KeyIO           Parsing took 0 ms 
311123     INFO  Test worker     d.u.i.k.n.KeyIO           MODE: declarations took 0 ms 
311123     INFO  Test worker     d.u.i.k.n.KeyIO           Parsing took 0 ms 
311123     INFO  Test worker     d.u.i.k.n.KeyIO           MODE: declarations took 0 ms 
311123     INFO  Test worker     d.u.i.k.n.KeyIO           Parsing took 0 ms 
311124     INFO  Test worker     d.u.i.k.n.KeyIO           MODE: declarations took 0 ms 
311124     INFO  Test worker     d.u.i.k.n.KeyIO           Parsing took 0 ms 
311124     INFO  Test worker     d.u.i.k.n.KeyIO           MODE: declarations took 0 ms 
313966     INFO  Test worker     d.u.i.k.n.KeyIO           Parsing took 0 ms 
313967     INFO  Test worker     d.u.i.k.n.KeyIO           MODE: declarations took 0 ms 
313967     INFO  Test worker     d.u.i.k.n.KeyIO           Parsing took 0 ms 
313967     INFO  Test worker     d.u.i.k.n.KeyIO           MODE: declarations took 0 ms 
313967     INFO  Test worker     d.u.i.k.n.KeyIO           Parsing took 0 ms 
313968     INFO  Test worker     d.u.i.k.n.KeyIO           MODE: declarations took 0 ms 
313968     INFO  Test worker     d.u.i.k.n.KeyIO           Parsing took 0 ms 
313968     INFO  Test worker     d.u.i.k.n.KeyIO           MODE: declarations took 0 ms 
313968     INFO  Test worker     d.u.i.k.n.KeyIO           Parsing took 0 ms 
313969     INFO  Test worker     d.u.i.k.n.KeyIO           MODE: declarations took 0 ms 
313969     INFO  Test worker     d.u.i.k.n.KeyIO           Parsing took 0 ms 
313970     INFO  Test worker     d.u.i.k.n.KeyIO           MODE: declarations took 0 ms 
316849     INFO  Test worker     d.u.i.k.n.KeyIO           Parsing took 0 ms 
316849     INFO  Test worker     d.u.i.k.n.KeyIO           MODE: declarations took 0 ms 
316849     INFO  Test worker     d.u.i.k.n.KeyIO           Parsing took 0 ms 
316849     INFO  Test worker     d.u.i.k.n.KeyIO           MODE: declarations took 0 ms 
316849     INFO  Test worker     d.u.i.k.n.KeyIO           Parsing took 0 ms 
316849     INFO  Test worker     d.u.i.k.n.KeyIO           MODE: declarations took 0 ms 
316849     INFO  Test worker     d.u.i.k.n.KeyIO           Parsing took 0 ms 
316849     INFO  Test worker     d.u.i.k.n.KeyIO           MODE: declarations took 0 ms 
316849     INFO  Test worker     d.u.i.k.n.KeyIO           Parsing took 0 ms 
316849     INFO  Test worker     d.u.i.k.n.KeyIO           MODE: declarations took 0 ms 
319828     INFO  Test worker     d.u.i.k.n.KeyIO           Parsing took 0 ms 
319828     INFO  Test worker     d.u.i.k.n.KeyIO           MODE: declarations took 0 ms 
319828     INFO  Test worker     d.u.i.k.n.KeyIO           Parsing took 0 ms 
319828     INFO  Test worker     d.u.i.k.n.KeyIO           MODE: declarations took 0 ms 
319828     INFO  Test worker     d.u.i.k.n.KeyIO           Parsing took 0 ms 
319828     INFO  Test worker     d.u.i.k.n.KeyIO           MODE: declarations took 0 ms 
319828     INFO  Test worker     d.u.i.k.n.KeyIO           Parsing took 0 ms 
319828     INFO  Test worker     d.u.i.k.n.KeyIO           MODE: declarations took 0 ms 
319828     INFO  Test worker     d.u.i.k.n.KeyIO           Parsing took 0 ms 
319828     INFO  Test worker     d.u.i.k.n.KeyIO           MODE: declarations took 0 ms 
322718     INFO  Test worker     d.u.i.k.n.KeyIO           Parsing took 0 ms 
322718     INFO  Test worker     d.u.i.k.n.KeyIO           MODE: declarations took 0 ms 
322718     INFO  Test worker     d.u.i.k.n.KeyIO           Parsing took 0 ms 
322718     INFO  Test worker     d.u.i.k.n.KeyIO           MODE: declarations took 0 ms 
322718     INFO  Test worker     d.u.i.k.n.KeyIO           Parsing took 0 ms 
322718     INFO  Test worker     d.u.i.k.n.KeyIO           MODE: declarations took 0 ms 
322718     INFO  Test worker     d.u.i.k.n.KeyIO           Parsing took 0 ms 
322718     INFO  Test worker     d.u.i.k.n.KeyIO           MODE: declarations took 0 ms 
322718     INFO  Test worker     d.u.i.k.n.KeyIO           Parsing took 0 ms 
322718     INFO  Test worker     d.u.i.k.n.KeyIO           MODE: declarations took 0 ms 
325573     INFO  Test worker     d.u.i.k.n.KeyIO           Parsing took 0 ms 
325573     INFO  Test worker     d.u.i.k.n.KeyIO           MODE: declarations took 0 ms 
325573     INFO  Test worker     d.u.i.k.n.KeyIO           Parsing took 0 ms 
325573     INFO  Test worker     d.u.i.k.n.KeyIO           MODE: declarations took 0 ms 
325573     INFO  Test worker     d.u.i.k.n.KeyIO           Parsing took 0 ms 
325573     INFO  Test worker     d.u.i.k.n.KeyIO           MODE: declarations took 0 ms 
325573     INFO  Test worker     d.u.i.k.n.KeyIO           Parsing took 0 ms 
325573     INFO  Test worker     d.u.i.k.n.KeyIO           MODE: declarations took 0 ms 
325573     INFO  Test worker     d.u.i.k.n.KeyIO           Parsing took 0 ms 
325573     INFO  Test worker     d.u.i.k.n.KeyIO           MODE: declarations took 0 ms 
328518     INFO  Test worker     d.u.i.k.n.KeyIO           Parsing took 0 ms 
328518     INFO  Test worker     d.u.i.k.n.KeyIO           MODE: declarations took 0 ms 
328518     INFO  Test worker     d.u.i.k.n.KeyIO           Parsing took 0 ms 
328518     INFO  Test worker     d.u.i.k.n.KeyIO           MODE: declarations took 0 ms 
328518     INFO  Test worker     d.u.i.k.n.KeyIO           Parsing took 0 ms 
328518     INFO  Test worker     d.u.i.k.n.KeyIO           MODE: declarations took 0 ms 
328518     INFO  Test worker     d.u.i.k.n.KeyIO           Parsing took 0 ms 
328518     INFO  Test worker     d.u.i.k.n.KeyIO           MODE: declarations took 0 ms 
328518     INFO  Test worker     d.u.i.k.n.KeyIO           Parsing took 0 ms 
328518     INFO  Test worker     d.u.i.k.n.KeyIO           MODE: declarations took 0 ms 
331326     INFO  Test worker     d.u.i.k.n.KeyIO           Parsing took 0 ms 
331326     INFO  Test worker     d.u.i.k.n.KeyIO           MODE: declarations took 0 ms 
331326     INFO  Test worker     d.u.i.k.n.KeyIO           Parsing took 0 ms 
331327     INFO  Test worker     d.u.i.k.n.KeyIO           MODE: declarations took 0 ms 
331327     INFO  Test worker     d.u.i.k.n.KeyIO           Parsing took 0 ms 
331327     INFO  Test worker     d.u.i.k.n.KeyIO           MODE: declarations took 0 ms 
331327     INFO  Test worker     d.u.i.k.n.KeyIO           Parsing took 0 ms 
331327     INFO  Test worker     d.u.i.k.n.KeyIO           MODE: declarations took 0 ms 
331327     INFO  Test worker     d.u.i.k.n.KeyIO           Parsing took 0 ms 
331327     INFO  Test worker     d.u.i.k.n.KeyIO           MODE: declarations took 0 ms 
334196     INFO  Test worker     d.u.i.k.n.KeyIO           Parsing took 0 ms 
334196     INFO  Test worker     d.u.i.k.n.KeyIO           MODE: declarations took 0 ms 
334196     INFO  Test worker     d.u.i.k.n.KeyIO           Parsing took 0 ms 
334196     INFO  Test worker     d.u.i.k.n.KeyIO           MODE: declarations took 0 ms 
334196     INFO  Test worker     d.u.i.k.n.KeyIO           Parsing took 0 ms 
334196     INFO  Test worker     d.u.i.k.n.KeyIO           MODE: declarations took 0 ms 
334196     INFO  Test worker     d.u.i.k.n.KeyIO           Parsing took 0 ms 
334196     INFO  Test worker     d.u.i.k.n.KeyIO           MODE: declarations took 0 ms 
334196     INFO  Test worker     d.u.i.k.n.KeyIO           Parsing took 0 ms 
334196     INFO  Test worker     d.u.i.k.n.KeyIO           MODE: declarations took 0 ms 
337019     INFO  Test worker     d.u.i.k.n.KeyIO           Parsing took 1 ms 
337019     INFO  Test worker     d.u.i.k.n.KeyIO           MODE: declarations took 0 ms 
337019     INFO  Test worker     d.u.i.k.n.KeyIO           Parsing took 0 ms 
337019     INFO  Test worker     d.u.i.k.n.KeyIO           MODE: declarations took 0 ms 
337019     INFO  Test worker     d.u.i.k.n.KeyIO           Parsing took 0 ms 
337019     INFO  Test worker     d.u.i.k.n.KeyIO           MODE: declarations took 0 ms 
337019     INFO  Test worker     d.u.i.k.n.KeyIO           Parsing took 0 ms 
337019     INFO  Test worker     d.u.i.k.n.KeyIO           MODE: declarations took 0 ms 
337019     INFO  Test worker     d.u.i.k.n.KeyIO           Parsing took 0 ms 
337019     INFO  Test worker     d.u.i.k.n.KeyIO           MODE: declarations took 0 ms 
339820     INFO  Test worker     d.u.i.k.n.KeyIO           Parsing took 0 ms 
339820     INFO  Test worker     d.u.i.k.n.KeyIO           MODE: declarations took 0 ms 
339820     INFO  Test worker     d.u.i.k.n.KeyIO           Parsing took 0 ms 
339820     INFO  Test worker     d.u.i.k.n.KeyIO           MODE: declarations took 0 ms 
339820     INFO  Test worker     d.u.i.k.n.KeyIO           Parsing took 0 ms 
339820     INFO  Test worker     d.u.i.k.n.KeyIO           MODE: declarations took 0 ms 
339820     INFO  Test worker     d.u.i.k.n.KeyIO           Parsing took 0 ms 
339820     INFO  Test worker     d.u.i.k.n.KeyIO           MODE: declarations took 0 ms 
339820     INFO  Test worker     d.u.i.k.n.KeyIO           Parsing took 0 ms 
339820     INFO  Test worker     d.u.i.k.n.KeyIO           MODE: declarations took 0 ms 
342565     INFO  Test worker     d.u.i.k.n.KeyIO           Parsing took 0 ms 
342566     INFO  Test worker     d.u.i.k.n.KeyIO           MODE: declarations took 0 ms 
342566     INFO  Test worker     d.u.i.k.n.KeyIO           Parsing took 0 ms 
342566     INFO  Test worker     d.u.i.k.n.KeyIO           MODE: declarations took 0 ms 
342566     INFO  Test worker     d.u.i.k.n.KeyIO           Parsing took 0 ms 
342566     INFO  Test worker     d.u.i.k.n.KeyIO           MODE: declarations took 0 ms 
342566     INFO  Test worker     d.u.i.k.n.KeyIO           Parsing took 0 ms 
342566     INFO  Test worker     d.u.i.k.n.KeyIO           MODE: declarations took 0 ms 
342566     INFO  Test worker     d.u.i.k.n.KeyIO           Parsing took 0 ms 
342566     INFO  Test worker     d.u.i.k.n.KeyIO           MODE: declarations took 0 ms 
345491     INFO  Test worker     d.u.i.k.n.KeyIO           Parsing took 0 ms 
345491     INFO  Test worker     d.u.i.k.n.KeyIO           MODE: declarations took 0 ms 
345491     INFO  Test worker     d.u.i.k.n.KeyIO           Parsing took 0 ms 
345491     INFO  Test worker     d.u.i.k.n.KeyIO           MODE: declarations took 0 ms 
345491     INFO  Test worker     d.u.i.k.n.KeyIO           Parsing took 0 ms 
345491     INFO  Test worker     d.u.i.k.n.KeyIO           MODE: declarations took 0 ms 
345492     INFO  Test worker     d.u.i.k.n.KeyIO           Parsing took 1 ms 
345492     INFO  Test worker     d.u.i.k.n.KeyIO           MODE: declarations took 0 ms 
345492     INFO  Test worker     d.u.i.k.n.KeyIO           Parsing took 0 ms 
345492     INFO  Test worker     d.u.i.k.n.KeyIO           MODE: declarations took 0 ms 
348384     INFO  Test worker     d.u.i.k.n.KeyIO           Parsing took 0 ms 
348384     INFO  Test worker     d.u.i.k.n.KeyIO           MODE: declarations took 0 ms 
348384     INFO  Test worker     d.u.i.k.n.KeyIO           Parsing took 0 ms 
348384     INFO  Test worker     d.u.i.k.n.KeyIO           MODE: declarations took 0 ms 
348384     INFO  Test worker     d.u.i.k.n.KeyIO           Parsing took 0 ms 
348384     INFO  Test worker     d.u.i.k.n.KeyIO           MODE: declarations took 0 ms 
348384     INFO  Test worker     d.u.i.k.n.KeyIO           Parsing took 0 ms 
348385     INFO  Test worker     d.u.i.k.n.KeyIO           MODE: declarations took 0 ms 
348385     INFO  Test worker     d.u.i.k.n.KeyIO           Parsing took 0 ms 
348385     INFO  Test worker     d.u.i.k.n.KeyIO           MODE: declarations took 0 ms 
348386     WARN  Test worker     d.u.i.k.n.KeYParser       [syntax-error] <unknown>:1:11: mismatched input '@' expecting {'/', ':=', '.', '(', ')', '{', '[', '@', PARALLEL, OR, AND, IMP, '=', NOT_EQUALS, '%', '*', '-', '+', '>', GREATEREQUAL, '<', LESSEQUAL, LGUILLEMETS, EQV} [@11,11:11='@',<153>,1:11] (termEOF) 
351197     INFO  Test worker     d.u.i.k.n.KeyIO           Parsing took 0 ms 
351197     INFO  Test worker     d.u.i.k.n.KeyIO           MODE: declarations took 0 ms 
351197     INFO  Test worker     d.u.i.k.n.KeyIO           Parsing took 0 ms 
351197     INFO  Test worker     d.u.i.k.n.KeyIO           MODE: declarations took 0 ms 
351197     INFO  Test worker     d.u.i.k.n.KeyIO           Parsing took 0 ms 
351197     INFO  Test worker     d.u.i.k.n.KeyIO           MODE: declarations took 0 ms 
351197     INFO  Test worker     d.u.i.k.n.KeyIO           Parsing took 0 ms 
351197     INFO  Test worker     d.u.i.k.n.KeyIO           MODE: declarations took 0 ms 
351197     INFO  Test worker     d.u.i.k.n.KeyIO           Parsing took 0 ms 
351197     INFO  Test worker     d.u.i.k.n.KeyIO           MODE: declarations took 0 ms 
354135     INFO  Test worker     d.u.i.k.n.KeyIO           Parsing took 0 ms 
354135     INFO  Test worker     d.u.i.k.n.KeyIO           MODE: declarations took 0 ms 
354135     INFO  Test worker     d.u.i.k.n.KeyIO           Parsing took 0 ms 
354135     INFO  Test worker     d.u.i.k.n.KeyIO           MODE: declarations took 0 ms 
354135     INFO  Test worker     d.u.i.k.n.KeyIO           Parsing took 0 ms 
354136     INFO  Test worker     d.u.i.k.n.KeyIO           MODE: declarations took 0 ms 
354136     INFO  Test worker     d.u.i.k.n.KeyIO           Parsing took 0 ms 
354136     INFO  Test worker     d.u.i.k.n.KeyIO           MODE: declarations took 0 ms 
354136     INFO  Test worker     d.u.i.k.n.KeyIO           Parsing took 0 ms 
354136     INFO  Test worker     d.u.i.k.n.KeyIO           MODE: declarations took 0 ms 
357105     INFO  Test worker     d.u.i.k.n.KeyIO           Parsing took 0 ms 
357105     INFO  Test worker     d.u.i.k.n.KeyIO           MODE: declarations took 0 ms 
357105     INFO  Test worker     d.u.i.k.n.KeyIO           Parsing took 0 ms 
357112     INFO  Test worker     d.u.i.k.n.KeyIO           MODE: declarations took 0 ms 
357113     INFO  Test worker     d.u.i.k.n.KeyIO           Parsing took 1 ms 
357116     INFO  Test worker     d.u.i.k.n.KeyIO           MODE: declarations took 0 ms 
357116     INFO  Test worker     d.u.i.k.n.KeyIO           Parsing took 0 ms 
357116     INFO  Test worker     d.u.i.k.n.KeyIO           MODE: declarations took 0 ms 
357117     INFO  Test worker     d.u.i.k.n.KeyIO           Parsing took 0 ms 
357117     INFO  Test worker     d.u.i.k.n.KeyIO           MODE: declarations took 0 ms 
360012     INFO  Test worker     d.u.i.k.n.KeyIO           Parsing took 0 ms 
360012     INFO  Test worker     d.u.i.k.n.KeyIO           MODE: declarations took 0 ms 
360012     INFO  Test worker     d.u.i.k.n.KeyIO           Parsing took 0 ms 
360012     INFO  Test worker     d.u.i.k.n.KeyIO           MODE: declarations took 0 ms 
360012     INFO  Test worker     d.u.i.k.n.KeyIO           Parsing took 0 ms 
360012     INFO  Test worker     d.u.i.k.n.KeyIO           MODE: declarations took 0 ms 
360012     INFO  Test worker     d.u.i.k.n.KeyIO           Parsing took 0 ms 
360012     INFO  Test worker     d.u.i.k.n.KeyIO           MODE: declarations took 0 ms 
360012     INFO  Test worker     d.u.i.k.n.KeyIO           Parsing took 0 ms 
360012     INFO  Test worker     d.u.i.k.n.KeyIO           MODE: declarations took 0 ms 
362844     INFO  Test worker     d.u.i.k.n.KeyIO           Parsing took 0 ms 
362844     INFO  Test worker     d.u.i.k.n.KeyIO           MODE: declarations took 0 ms 
362844     INFO  Test worker     d.u.i.k.n.KeyIO           Parsing took 0 ms 
362844     INFO  Test worker     d.u.i.k.n.KeyIO           MODE: declarations took 0 ms 
362844     INFO  Test worker     d.u.i.k.n.KeyIO           Parsing took 0 ms 
362844     INFO  Test worker     d.u.i.k.n.KeyIO           MODE: declarations took 0 ms 
362844     INFO  Test worker     d.u.i.k.n.KeyIO           Parsing took 0 ms 
362845     INFO  Test worker     d.u.i.k.n.KeyIO           MODE: declarations took 1 ms 
362845     INFO  Test worker     d.u.i.k.n.KeyIO           Parsing took 0 ms 
362845     INFO  Test worker     d.u.i.k.n.KeyIO           MODE: declarations took 0 ms 
365771     INFO  Test worker     d.u.i.k.n.KeyIO           Parsing took 0 ms 
365771     INFO  Test worker     d.u.i.k.n.KeyIO           MODE: declarations took 0 ms 
365771     INFO  Test worker     d.u.i.k.n.KeyIO           Parsing took 0 ms 
365771     INFO  Test worker     d.u.i.k.n.KeyIO           MODE: declarations took 0 ms 
365771     INFO  Test worker     d.u.i.k.n.KeyIO           Parsing took 0 ms 
365771     INFO  Test worker     d.u.i.k.n.KeyIO           MODE: declarations took 0 ms 
365771     INFO  Test worker     d.u.i.k.n.KeyIO           Parsing took 0 ms 
365771     INFO  Test worker     d.u.i.k.n.KeyIO           MODE: declarations took 0 ms 
365771     INFO  Test worker     d.u.i.k.n.KeyIO           Parsing took 0 ms 
365771     INFO  Test worker     d.u.i.k.n.KeyIO           MODE: declarations took 0 ms 
368554     INFO  Test worker     d.u.i.k.n.KeyIO           Parsing took 1 ms 
368554     INFO  Test worker     d.u.i.k.n.KeyIO           MODE: declarations took 0 ms 
368554     INFO  Test worker     d.u.i.k.n.KeyIO           Parsing took 0 ms 
368554     INFO  Test worker     d.u.i.k.n.KeyIO           MODE: declarations took 0 ms 
368555     INFO  Test worker     d.u.i.k.n.KeyIO           Parsing took 0 ms 
368555     INFO  Test worker     d.u.i.k.n.KeyIO           MODE: declarations took 0 ms 
368555     INFO  Test worker     d.u.i.k.n.KeyIO           Parsing took 0 ms 
368555     INFO  Test worker     d.u.i.k.n.KeyIO           MODE: declarations took 0 ms 
368555     INFO  Test worker     d.u.i.k.n.KeyIO           Parsing took 0 ms 
368556     INFO  Test worker     d.u.i.k.n.KeyIO           MODE: declarations took 0 ms 
371356     INFO  Test worker     d.u.i.k.n.KeyIO           Parsing took 0 ms 
371356     INFO  Test worker     d.u.i.k.n.KeyIO           MODE: declarations took 0 ms 
371356     INFO  Test worker     d.u.i.k.n.KeyIO           Parsing took 0 ms 
371356     INFO  Test worker     d.u.i.k.n.KeyIO           MODE: declarations took 0 ms 
371356     INFO  Test worker     d.u.i.k.n.KeyIO           Parsing took 0 ms 
371356     INFO  Test worker     d.u.i.k.n.KeyIO           MODE: declarations took 0 ms 
371356     INFO  Test worker     d.u.i.k.n.KeyIO           Parsing took 0 ms 
371356     INFO  Test worker     d.u.i.k.n.KeyIO           MODE: declarations took 0 ms 
371356     INFO  Test worker     d.u.i.k.n.KeyIO           Parsing took 0 ms 
371356     INFO  Test worker     d.u.i.k.n.KeyIO           MODE: declarations took 0 ms 
374231     INFO  Test worker     d.u.i.k.n.KeyIO           Parsing took 0 ms 
374231     INFO  Test worker     d.u.i.k.n.KeyIO           MODE: declarations took 0 ms 
374231     INFO  Test worker     d.u.i.k.n.KeyIO           Parsing took 0 ms 
374231     INFO  Test worker     d.u.i.k.n.KeyIO           MODE: declarations took 0 ms 
374232     INFO  Test worker     d.u.i.k.n.KeyIO           Parsing took 1 ms 
374232     INFO  Test worker     d.u.i.k.n.KeyIO           MODE: declarations took 0 ms 
374232     INFO  Test worker     d.u.i.k.n.KeyIO           Parsing took 0 ms 
374232     INFO  Test worker     d.u.i.k.n.KeyIO           MODE: declarations took 0 ms 
374232     INFO  Test worker     d.u.i.k.n.KeyIO           Parsing took 0 ms 
374232     INFO  Test worker     d.u.i.k.n.KeyIO           MODE: declarations took 0 ms 
376952     INFO  Test worker     d.u.i.k.n.KeyIO           Parsing took 0 ms 
376952     INFO  Test worker     d.u.i.k.n.KeyIO           MODE: declarations took 0 ms 
376953     INFO  Test worker     d.u.i.k.n.KeyIO           Parsing took 0 ms 
376953     INFO  Test worker     d.u.i.k.n.KeyIO           MODE: declarations took 0 ms 
376953     INFO  Test worker     d.u.i.k.n.KeyIO           Parsing took 0 ms 
376953     INFO  Test worker     d.u.i.k.n.KeyIO           MODE: declarations took 0 ms 
376953     INFO  Test worker     d.u.i.k.n.KeyIO           Parsing took 0 ms 
376953     INFO  Test worker     d.u.i.k.n.KeyIO           MODE: declarations took 0 ms 
376953     INFO  Test worker     d.u.i.k.n.KeyIO           Parsing took 0 ms 
376953     INFO  Test worker     d.u.i.k.n.KeyIO           MODE: declarations took 0 ms 
379775     INFO  Test worker     d.u.i.k.n.KeyIO           Parsing took 0 ms 
379776     INFO  Test worker     d.u.i.k.n.KeyIO           MODE: declarations took 0 ms 
379776     INFO  Test worker     d.u.i.k.n.KeyIO           Parsing took 0 ms 
379776     INFO  Test worker     d.u.i.k.n.KeyIO           MODE: declarations took 0 ms 
379776     INFO  Test worker     d.u.i.k.n.KeyIO           Parsing took 0 ms 
379776     INFO  Test worker     d.u.i.k.n.KeyIO           MODE: declarations took 0 ms 
379776     INFO  Test worker     d.u.i.k.n.KeyIO           Parsing took 0 ms 
379776     INFO  Test worker     d.u.i.k.n.KeyIO           MODE: declarations took 0 ms 
379776     INFO  Test worker     d.u.i.k.n.KeyIO           Parsing took 0 ms 
379776     INFO  Test worker     d.u.i.k.n.KeyIO           MODE: declarations took 0 ms 
382634     INFO  Test worker     d.u.i.k.n.KeyIO           Parsing took 0 ms 
382634     INFO  Test worker     d.u.i.k.n.KeyIO           MODE: declarations took 0 ms 
382634     INFO  Test worker     d.u.i.k.n.KeyIO           Parsing took 0 ms 
382634     INFO  Test worker     d.u.i.k.n.KeyIO           MODE: declarations took 0 ms 
382634     INFO  Test worker     d.u.i.k.n.KeyIO           Parsing took 0 ms 
382634     INFO  Test worker     d.u.i.k.n.KeyIO           MODE: declarations took 0 ms 
382634     INFO  Test worker     d.u.i.k.n.KeyIO           Parsing took 0 ms 
382635     INFO  Test worker     d.u.i.k.n.KeyIO           MODE: declarations took 1 ms 
382635     INFO  Test worker     d.u.i.k.n.KeyIO           Parsing took 0 ms 
382635     INFO  Test worker     d.u.i.k.n.KeyIO           MODE: declarations took 0 ms 
385623     INFO  Test worker     d.u.i.k.n.KeyIO           Parsing took 0 ms 
385623     INFO  Test worker     d.u.i.k.n.KeyIO           MODE: declarations took 0 ms 
385623     INFO  Test worker     d.u.i.k.n.KeyIO           Parsing took 0 ms 
385623     INFO  Test worker     d.u.i.k.n.KeyIO           MODE: declarations took 0 ms 
385623     INFO  Test worker     d.u.i.k.n.KeyIO           Parsing took 0 ms 
385623     INFO  Test worker     d.u.i.k.n.KeyIO           MODE: declarations took 0 ms 
385623     INFO  Test worker     d.u.i.k.n.KeyIO           Parsing took 0 ms 
385623     INFO  Test worker     d.u.i.k.n.KeyIO           MODE: declarations took 0 ms 
385623     INFO  Test worker     d.u.i.k.n.KeyIO           Parsing took 0 ms 
385623     INFO  Test worker     d.u.i.k.n.KeyIO           MODE: declarations took 0 ms 
388658     INFO  Test worker     d.u.i.k.n.KeyIO           Parsing took 0 ms 
388658     INFO  Test worker     d.u.i.k.n.KeyIO           MODE: declarations took 0 ms 
388658     INFO  Test worker     d.u.i.k.n.KeyIO           Parsing took 0 ms 
388659     INFO  Test worker     d.u.i.k.n.KeyIO           MODE: declarations took 1 ms 
388659     INFO  Test worker     d.u.i.k.n.KeyIO           Parsing took 0 ms 
388659     INFO  Test worker     d.u.i.k.n.KeyIO           MODE: declarations took 0 ms 
388659     INFO  Test worker     d.u.i.k.n.KeyIO           Parsing took 0 ms 
388659     INFO  Test worker     d.u.i.k.n.KeyIO           MODE: declarations took 0 ms 
388659     INFO  Test worker     d.u.i.k.n.KeyIO           Parsing took 0 ms 
388659     INFO  Test worker     d.u.i.k.n.KeyIO           MODE: declarations took 0 ms 
391477     INFO  Test worker     d.u.i.k.n.KeyIO           Parsing took 0 ms 
391477     INFO  Test worker     d.u.i.k.n.KeyIO           MODE: declarations took 0 ms 
391477     INFO  Test worker     d.u.i.k.n.KeyIO           Parsing took 0 ms 
391477     INFO  Test worker     d.u.i.k.n.KeyIO           MODE: declarations took 0 ms 
391477     INFO  Test worker     d.u.i.k.n.KeyIO           Parsing took 0 ms 
391478     INFO  Test worker     d.u.i.k.n.KeyIO           MODE: declarations took 0 ms 
391478     INFO  Test worker     d.u.i.k.n.KeyIO           Parsing took 0 ms 
391478     INFO  Test worker     d.u.i.k.n.KeyIO           MODE: declarations took 0 ms 
391478     INFO  Test worker     d.u.i.k.n.KeyIO           Parsing took 0 ms 
391478     INFO  Test worker     d.u.i.k.n.KeyIO           MODE: declarations took 0 ms 
394395     INFO  Test worker     d.u.i.k.n.KeyIO           Parsing took 0 ms 
394395     INFO  Test worker     d.u.i.k.n.KeyIO           MODE: declarations took 0 ms 
394395     INFO  Test worker     d.u.i.k.n.KeyIO           Parsing took 0 ms 
394395     INFO  Test worker     d.u.i.k.n.KeyIO           MODE: declarations took 0 ms 
394395     INFO  Test worker     d.u.i.k.n.KeyIO           Parsing took 0 ms 
394395     INFO  Test worker     d.u.i.k.n.KeyIO           MODE: declarations took 0 ms 
394395     INFO  Test worker     d.u.i.k.n.KeyIO           Parsing took 0 ms 
394395     INFO  Test worker     d.u.i.k.n.KeyIO           MODE: declarations took 0 ms 
394395     INFO  Test worker     d.u.i.k.n.KeyIO           Parsing took 0 ms 
394395     INFO  Test worker     d.u.i.k.n.KeyIO           MODE: declarations took 0 ms 
397208     INFO  Test worker     d.u.i.k.n.KeyIO           Parsing took 0 ms 
397209     INFO  Test worker     d.u.i.k.n.KeyIO           MODE: declarations took 0 ms 
397209     INFO  Test worker     d.u.i.k.n.KeyIO           Parsing took 0 ms 
397209     INFO  Test worker     d.u.i.k.n.KeyIO           MODE: declarations took 0 ms 
397209     INFO  Test worker     d.u.i.k.n.KeyIO           Parsing took 0 ms 
397209     INFO  Test worker     d.u.i.k.n.KeyIO           MODE: declarations took 0 ms 
397209     INFO  Test worker     d.u.i.k.n.KeyIO           Parsing took 0 ms 
397209     INFO  Test worker     d.u.i.k.n.KeyIO           MODE: declarations took 0 ms 
397209     INFO  Test worker     d.u.i.k.n.KeyIO           Parsing took 0 ms 
397209     INFO  Test worker     d.u.i.k.n.KeyIO           MODE: declarations took 0 ms 
400007     INFO  Test worker     d.u.i.k.n.KeyIO           Parsing took 0 ms 
400008     INFO  Test worker     d.u.i.k.n.KeyIO           MODE: declarations took 1 ms 
400008     INFO  Test worker     d.u.i.k.n.KeyIO           Parsing took 0 ms 
400010     INFO  Test worker     d.u.i.k.n.KeyIO           MODE: declarations took 2 ms 
400010     INFO  Test worker     d.u.i.k.n.KeyIO           Parsing took 0 ms 
400010     INFO  Test worker     d.u.i.k.n.KeyIO           MODE: declarations took 0 ms 
400010     INFO  Test worker     d.u.i.k.n.KeyIO           Parsing took 0 ms 
400010     INFO  Test worker     d.u.i.k.n.KeyIO           MODE: declarations took 0 ms 
400010     INFO  Test worker     d.u.i.k.n.KeyIO           Parsing took 0 ms 
400010     INFO  Test worker     d.u.i.k.n.KeyIO           MODE: declarations took 0 ms 
402752     INFO  Test worker     d.u.i.k.n.KeyIO           Parsing took 0 ms 
402752     INFO  Test worker     d.u.i.k.n.KeyIO           MODE: declarations took 0 ms 
402752     INFO  Test worker     d.u.i.k.n.KeyIO           Parsing took 0 ms 
402752     INFO  Test worker     d.u.i.k.n.KeyIO           MODE: declarations took 0 ms 
402752     INFO  Test worker     d.u.i.k.n.KeyIO           Parsing took 0 ms 
402752     INFO  Test worker     d.u.i.k.n.KeyIO           MODE: declarations took 0 ms 
402752     INFO  Test worker     d.u.i.k.n.KeyIO           Parsing took 0 ms 
402752     INFO  Test worker     d.u.i.k.n.KeyIO           MODE: declarations took 0 ms 
402752     INFO  Test worker     d.u.i.k.n.KeyIO           Parsing took 0 ms 
402753     INFO  Test worker     d.u.i.k.n.KeyIO           MODE: declarations took 0 ms 
405609     INFO  Test worker     d.u.i.k.n.KeyIO           Parsing took 0 ms 
405609     INFO  Test worker     d.u.i.k.n.KeyIO           MODE: declarations took 0 ms 
405609     INFO  Test worker     d.u.i.k.n.KeyIO           Parsing took 0 ms 
405609     INFO  Test worker     d.u.i.k.n.KeyIO           MODE: declarations took 0 ms 
405609     INFO  Test worker     d.u.i.k.n.KeyIO           Parsing took 0 ms 
405609     INFO  Test worker     d.u.i.k.n.KeyIO           MODE: declarations took 0 ms 
405609     INFO  Test worker     d.u.i.k.n.KeyIO           Parsing took 0 ms 
405609     INFO  Test worker     d.u.i.k.n.KeyIO           MODE: declarations took 0 ms 
405609     INFO  Test worker     d.u.i.k.n.KeyIO           Parsing took 0 ms 
405609     INFO  Test worker     d.u.i.k.n.KeyIO           MODE: declarations took 0 ms 
408401     INFO  Test worker     d.u.i.k.n.KeyIO           Parsing took 0 ms 
408401     INFO  Test worker     d.u.i.k.n.KeyIO           MODE: declarations took 0 ms 
408402     INFO  Test worker     d.u.i.k.n.KeyIO           Parsing took 0 ms 
408402     INFO  Test worker     d.u.i.k.n.KeyIO           MODE: declarations took 0 ms 
408402     INFO  Test worker     d.u.i.k.n.KeyIO           Parsing took 0 ms 
408402     INFO  Test worker     d.u.i.k.n.KeyIO           MODE: declarations took 0 ms 
408402     INFO  Test worker     d.u.i.k.n.KeyIO           Parsing took 0 ms 
408402     INFO  Test worker     d.u.i.k.n.KeyIO           MODE: declarations took 0 ms 
408402     INFO  Test worker     d.u.i.k.n.KeyIO           Parsing took 0 ms 
408402     INFO  Test worker     d.u.i.k.n.KeyIO           MODE: declarations took 0 ms 
411217     INFO  Test worker     d.u.i.k.n.KeyIO           Parsing took 0 ms 
411217     INFO  Test worker     d.u.i.k.n.KeyIO           MODE: declarations took 0 ms 
411217     INFO  Test worker     d.u.i.k.n.KeyIO           Parsing took 0 ms 
411217     INFO  Test worker     d.u.i.k.n.KeyIO           MODE: declarations took 0 ms 
411220     INFO  Test worker     d.u.i.k.n.KeyIO           Parsing took 1 ms 
411221     INFO  Test worker     d.u.i.k.n.KeyIO           MODE: declarations took 0 ms 
411221     INFO  Test worker     d.u.i.k.n.KeyIO           Parsing took 0 ms 
411221     INFO  Test worker     d.u.i.k.n.KeyIO           MODE: declarations took 0 ms 
411221     INFO  Test worker     d.u.i.k.n.KeyIO           Parsing took 0 ms 
411222     INFO  Test worker     d.u.i.k.n.KeyIO           MODE: declarations took 0 ms 
414122     INFO  Test worker     d.u.i.k.n.KeyIO           Parsing took 0 ms 
414122     INFO  Test worker     d.u.i.k.n.KeyIO           MODE: declarations took 0 ms 
414123     INFO  Test worker     d.u.i.k.n.KeyIO           Parsing took 0 ms 
414123     INFO  Test worker     d.u.i.k.n.KeyIO           MODE: declarations took 0 ms 
414123     INFO  Test worker     d.u.i.k.n.KeyIO           Parsing took 0 ms 
414123     INFO  Test worker     d.u.i.k.n.KeyIO           MODE: declarations took 0 ms 
414123     INFO  Test worker     d.u.i.k.n.KeyIO           Parsing took 0 ms 
414124     INFO  Test worker     d.u.i.k.n.KeyIO           MODE: declarations took 0 ms 
414124     INFO  Test worker     d.u.i.k.n.KeyIO           Parsing took 0 ms 
414124     INFO  Test worker     d.u.i.k.n.KeyIO           MODE: declarations took 0 ms 
416904     INFO  Test worker     d.u.i.k.n.KeyIO           Parsing took 0 ms 
416905     INFO  Test worker     d.u.i.k.n.KeyIO           MODE: declarations took 0 ms 
416905     INFO  Test worker     d.u.i.k.n.KeyIO           Parsing took 0 ms 
416905     INFO  Test worker     d.u.i.k.n.KeyIO           MODE: declarations took 0 ms 
416905     INFO  Test worker     d.u.i.k.n.KeyIO           Parsing took 0 ms 
416905     INFO  Test worker     d.u.i.k.n.KeyIO           MODE: declarations took 0 ms 
416905     INFO  Test worker     d.u.i.k.n.KeyIO           Parsing took 0 ms 
416905     INFO  Test worker     d.u.i.k.n.KeyIO           MODE: declarations took 0 ms 
416905     INFO  Test worker     d.u.i.k.n.KeyIO           Parsing took 0 ms 
416905     INFO  Test worker     d.u.i.k.n.KeyIO           MODE: declarations took 0 ms 
]]></system-out>
  <system-err><![CDATA[]]></system-err>
</testsuite>
