<?xml version="1.0" encoding="UTF-8"?>
<testsuite name="de.uka.ilkd.key.logic.TestClashFreeSubst" tests="14" skipped="2" failures="0" errors="0" timestamp="2023-04-04T15:37:10" hostname="fv-az554-588" time="51.401">
  <properties/>
  <testcase name="testMultiShareBound()" classname="de.uka.ilkd.key.logic.TestClashFreeSubst" time="1.051"/>
  <testcase name="testClash()" classname="de.uka.ilkd.key.logic.TestClashFreeSubst" time="0.946"/>
  <testcase name="testShare()" classname="de.uka.ilkd.key.logic.TestClashFreeSubst" time="0.977"/>
  <testcase name="testSubst()" classname="de.uka.ilkd.key.logic.TestClashFreeSubst" time="1.047"/>
  <testcase name="testWary0()" classname="de.uka.ilkd.key.logic.TestClashFreeSubst" time="0.988"/>
  <testcase name="testWary1()" classname="de.uka.ilkd.key.logic.TestClashFreeSubst" time="0.971"/>
  <testcase name="testWary2()" classname="de.uka.ilkd.key.logic.TestClashFreeSubst" time="0.885"/>
  <testcase name="testClashInSubstTerm()" classname="de.uka.ilkd.key.logic.TestClashFreeSubst" time="0.902"/>
  <testcase name="testShareWary()" classname="de.uka.ilkd.key.logic.TestClashFreeSubst" time="0.882"/>
  <testcase name="testMultiSubst()" classname="de.uka.ilkd.key.logic.TestClashFreeSubst" time="0.964"/>
  <testcase name="xtestMultiClash()" classname="de.uka.ilkd.key.logic.TestClashFreeSubst" time="0.0">
    <skipped/>
  </testcase>
  <testcase name="testSubstInSubstTerm()" classname="de.uka.ilkd.key.logic.TestClashFreeSubst" time="0.881"/>
  <testcase name="testSubstWary()" classname="de.uka.ilkd.key.logic.TestClashFreeSubst" time="0.903"/>
  <testcase name="xtestMultiClash1()" classname="de.uka.ilkd.key.logic.TestClashFreeSubst" time="0.0">
    <skipped/>
  </testcase>
  <system-out><![CDATA[37223      INFO  Test worker     d.u.i.k.n.KeyIO           Parsing took 0 ms 
37224      INFO  Test worker     d.u.i.k.n.KeyIO           MODE: declarations took 0 ms 
38269      INFO  Test worker     d.u.i.k.n.KeyIO           Parsing took 0 ms 
38269      INFO  Test worker     d.u.i.k.n.KeyIO           MODE: declarations took 0 ms 
41425      INFO  Test worker     d.u.i.k.n.KeyIO           Parsing took 0 ms 
41425      INFO  Test worker     d.u.i.k.n.KeyIO           MODE: declarations took 0 ms 
42366      INFO  Test worker     d.u.i.k.n.KeyIO           Parsing took 0 ms 
42367      INFO  Test worker     d.u.i.k.n.KeyIO           MODE: declarations took 0 ms 
45456      INFO  Test worker     d.u.i.k.n.KeyIO           Parsing took 0 ms 
45456      INFO  Test worker     d.u.i.k.n.KeyIO           MODE: declarations took 0 ms 
46431      INFO  Test worker     d.u.i.k.n.KeyIO           Parsing took 1 ms 
46431      INFO  Test worker     d.u.i.k.n.KeyIO           MODE: declarations took 0 ms 
49740      INFO  Test worker     d.u.i.k.n.KeyIO           Parsing took 0 ms 
49746      INFO  Test worker     d.u.i.k.n.KeyIO           MODE: declarations took 1 ms 
50784      INFO  Test worker     d.u.i.k.n.KeyIO           Parsing took 0 ms 
50785      INFO  Test worker     d.u.i.k.n.KeyIO           MODE: declarations took 0 ms 
54135      INFO  Test worker     d.u.i.k.n.KeyIO           Parsing took 0 ms 
54136      INFO  Test worker     d.u.i.k.n.KeyIO           MODE: declarations took 0 ms 
55121      INFO  Test worker     d.u.i.k.n.KeyIO           Parsing took 1 ms 
55121      INFO  Test worker     d.u.i.k.n.KeyIO           MODE: declarations took 0 ms 
58267      INFO  Test worker     d.u.i.k.n.KeyIO           Parsing took 0 ms 
58267      INFO  Test worker     d.u.i.k.n.KeyIO           MODE: declarations took 0 ms 
59234      INFO  Test worker     d.u.i.k.n.KeyIO           Parsing took 0 ms 
59235      INFO  Test worker     d.u.i.k.n.KeyIO           MODE: declarations took 0 ms 
62286      INFO  Test worker     d.u.i.k.n.KeyIO           Parsing took 0 ms 
62287      INFO  Test worker     d.u.i.k.n.KeyIO           MODE: declarations took 1 ms 
63167      INFO  Test worker     d.u.i.k.n.KeyIO           Parsing took 0 ms 
63168      INFO  Test worker     d.u.i.k.n.KeyIO           MODE: declarations took 1 ms 
66166      INFO  Test worker     d.u.i.k.n.KeyIO           Parsing took 0 ms 
66167      INFO  Test worker     d.u.i.k.n.KeyIO           MODE: declarations took 0 ms 
67062      INFO  Test worker     d.u.i.k.n.KeyIO           Parsing took 0 ms 
67063      INFO  Test worker     d.u.i.k.n.KeyIO           MODE: declarations took 0 ms 
69886      INFO  Test worker     d.u.i.k.n.KeyIO           Parsing took 0 ms 
69887      INFO  Test worker     d.u.i.k.n.KeyIO           MODE: declarations took 0 ms 
70761      INFO  Test worker     d.u.i.k.n.KeyIO           Parsing took 0 ms 
70761      INFO  Test worker     d.u.i.k.n.KeyIO           MODE: declarations took 0 ms 
73914      INFO  Test worker     d.u.i.k.n.KeyIO           Parsing took 0 ms 
73915      INFO  Test worker     d.u.i.k.n.KeyIO           MODE: declarations took 0 ms 
74874      INFO  Test worker     d.u.i.k.n.KeyIO           Parsing took 0 ms 
74875      INFO  Test worker     d.u.i.k.n.KeyIO           MODE: declarations took 0 ms 
80799      INFO  Test worker     d.u.i.k.n.KeyIO           Parsing took 0 ms 
80800      INFO  Test worker     d.u.i.k.n.KeyIO           MODE: declarations took 0 ms 
81674      INFO  Test worker     d.u.i.k.n.KeyIO           Parsing took 0 ms 
81675      INFO  Test worker     d.u.i.k.n.KeyIO           MODE: declarations took 0 ms 
84675      INFO  Test worker     d.u.i.k.n.KeyIO           Parsing took 0 ms 
84676      INFO  Test worker     d.u.i.k.n.KeyIO           MODE: declarations took 1 ms 
85573      INFO  Test worker     d.u.i.k.n.KeyIO           Parsing took 1 ms 
85574      INFO  Test worker     d.u.i.k.n.KeyIO           MODE: declarations took 0 ms 
]]></system-out>
  <system-err><![CDATA[]]></system-err>
</testsuite>
