<?xml version="1.0" encoding="UTF-8"?>
<testsuite name="de.uka.ilkd.key.nparser.ParseLDTsTests" tests="2" skipped="0" failures="0" errors="0" timestamp="2023-04-04T15:39:54" hostname="fv-az554-588" time="1.033">
  <properties/>
  <testcase name="testLDT()" classname="de.uka.ilkd.key.nparser.ParseLDTsTests" time="0.017"/>
  <testcase name="testSR()" classname="de.uka.ilkd.key.nparser.ParseLDTsTests" time="1.009"/>
  <system-out><![CDATA[201177     INFO  Test worker     d.u.i.k.n.KeyIO           Parsing took 7 ms 
201179     INFO  Test worker     d.u.i.k.n.KeyIO           MODE: declarations took 1 ms 
201581     INFO  Test worker     d.u.i.k.n.KeyIO           Parsing took 381 ms 
201584     INFO  Test worker     d.u.i.k.n.KeyIO           MODE: declarations took 2 ms 
]]></system-out>
  <system-err><![CDATA[]]></system-err>
</testsuite>
