<?xml version="1.0" encoding="UTF-8"?>
<testsuite name="de.uka.ilkd.key.smt.newsmt2.MasterHandlerTest" tests="48" skipped="24" failures="0" errors="0" timestamp="2023-04-04T15:46:53" hostname="fv-az554-588" time="71.396">
  <properties/>
  <testcase name="[1] upd2.props" classname="de.uka.ilkd.key.smt.newsmt2.MasterHandlerTest" time="0.0">
    <skipped/>
  </testcase>
  <testcase name="[2] quant2.props" classname="de.uka.ilkd.key.smt.newsmt2.MasterHandlerTest" time="0.0">
    <skipped/>
  </testcase>
  <testcase name="[3] ex1.props" classname="de.uka.ilkd.key.smt.newsmt2.MasterHandlerTest" time="0.001">
    <skipped/>
  </testcase>
  <testcase name="[4] float.sqrt2.props" classname="de.uka.ilkd.key.smt.newsmt2.MasterHandlerTest" time="0.001">
    <skipped/>
  </testcase>
  <testcase name="[5] types2.props" classname="de.uka.ilkd.key.smt.newsmt2.MasterHandlerTest" time="0.001">
    <skipped/>
  </testcase>
  <testcase name="[6] upd1.props" classname="de.uka.ilkd.key.smt.newsmt2.MasterHandlerTest" time="0.0">
    <skipped/>
  </testcase>
  <testcase name="[7] int1.props" classname="de.uka.ilkd.key.smt.newsmt2.MasterHandlerTest" time="0.001">
    <skipped/>
  </testcase>
  <testcase name="[8] float.sqrt1.props" classname="de.uka.ilkd.key.smt.newsmt2.MasterHandlerTest" time="0.001">
    <skipped/>
  </testcase>
  <testcase name="[9] cast2.props" classname="de.uka.ilkd.key.smt.newsmt2.MasterHandlerTest" time="0.001">
    <skipped/>
  </testcase>
  <testcase name="[10] bool2.props" classname="de.uka.ilkd.key.smt.newsmt2.MasterHandlerTest" time="0.001">
    <skipped/>
  </testcase>
  <testcase name="[11] float2.props" classname="de.uka.ilkd.key.smt.newsmt2.MasterHandlerTest" time="0.0">
    <skipped/>
  </testcase>
  <testcase name="[12] cast1.props" classname="de.uka.ilkd.key.smt.newsmt2.MasterHandlerTest" time="0.001">
    <skipped/>
  </testcase>
  <testcase name="[13] uninterpreted1.props" classname="de.uka.ilkd.key.smt.newsmt2.MasterHandlerTest" time="0.001">
    <skipped/>
  </testcase>
  <testcase name="[14] bool3.props" classname="de.uka.ilkd.key.smt.newsmt2.MasterHandlerTest" time="0.0">
    <skipped/>
  </testcase>
  <testcase name="[15] heap1.props" classname="de.uka.ilkd.key.smt.newsmt2.MasterHandlerTest" time="0.001">
    <skipped/>
  </testcase>
  <testcase name="[16] quant1.props" classname="de.uka.ilkd.key.smt.newsmt2.MasterHandlerTest" time="0.002">
    <skipped/>
  </testcase>
  <testcase name="[17] ex2.props" classname="de.uka.ilkd.key.smt.newsmt2.MasterHandlerTest" time="0.008">
    <skipped/>
  </testcase>
  <testcase name="[18] bool1.props" classname="de.uka.ilkd.key.smt.newsmt2.MasterHandlerTest" time="0.0">
    <skipped/>
  </testcase>
  <testcase name="[19] types1.props" classname="de.uka.ilkd.key.smt.newsmt2.MasterHandlerTest" time="0.0">
    <skipped/>
  </testcase>
  <testcase name="[20] ite1.props" classname="de.uka.ilkd.key.smt.newsmt2.MasterHandlerTest" time="0.0">
    <skipped/>
  </testcase>
  <testcase name="[21] float.eq.props" classname="de.uka.ilkd.key.smt.newsmt2.MasterHandlerTest" time="0.0">
    <skipped/>
  </testcase>
  <testcase name="[22] float1.props" classname="de.uka.ilkd.key.smt.newsmt2.MasterHandlerTest" time="0.0">
    <skipped/>
  </testcase>
  <testcase name="[23] float.sinDouble.props" classname="de.uka.ilkd.key.smt.newsmt2.MasterHandlerTest" time="0.0">
    <skipped/>
  </testcase>
  <testcase name="[24] cast3.props" classname="de.uka.ilkd.key.smt.newsmt2.MasterHandlerTest" time="0.0">
    <skipped/>
  </testcase>
  <testcase name="[1] upd2.props" classname="de.uka.ilkd.key.smt.newsmt2.MasterHandlerTest" time="0.002"/>
  <testcase name="[2] quant2.props" classname="de.uka.ilkd.key.smt.newsmt2.MasterHandlerTest" time="0.001"/>
  <testcase name="[3] ex1.props" classname="de.uka.ilkd.key.smt.newsmt2.MasterHandlerTest" time="0.001"/>
  <testcase name="[4] float.sqrt2.props" classname="de.uka.ilkd.key.smt.newsmt2.MasterHandlerTest" time="0.001"/>
  <testcase name="[5] types2.props" classname="de.uka.ilkd.key.smt.newsmt2.MasterHandlerTest" time="0.001"/>
  <testcase name="[6] upd1.props" classname="de.uka.ilkd.key.smt.newsmt2.MasterHandlerTest" time="0.001"/>
  <testcase name="[7] int1.props" classname="de.uka.ilkd.key.smt.newsmt2.MasterHandlerTest" time="0.002"/>
  <testcase name="[8] float.sqrt1.props" classname="de.uka.ilkd.key.smt.newsmt2.MasterHandlerTest" time="0.003"/>
  <testcase name="[9] cast2.props" classname="de.uka.ilkd.key.smt.newsmt2.MasterHandlerTest" time="0.001"/>
  <testcase name="[10] bool2.props" classname="de.uka.ilkd.key.smt.newsmt2.MasterHandlerTest" time="0.001"/>
  <testcase name="[11] float2.props" classname="de.uka.ilkd.key.smt.newsmt2.MasterHandlerTest" time="0.001"/>
  <testcase name="[12] cast1.props" classname="de.uka.ilkd.key.smt.newsmt2.MasterHandlerTest" time="0.001"/>
  <testcase name="[13] uninterpreted1.props" classname="de.uka.ilkd.key.smt.newsmt2.MasterHandlerTest" time="0.001"/>
  <testcase name="[14] bool3.props" classname="de.uka.ilkd.key.smt.newsmt2.MasterHandlerTest" time="0.001"/>
  <testcase name="[15] heap1.props" classname="de.uka.ilkd.key.smt.newsmt2.MasterHandlerTest" time="0.002"/>
  <testcase name="[16] quant1.props" classname="de.uka.ilkd.key.smt.newsmt2.MasterHandlerTest" time="0.006"/>
  <testcase name="[17] ex2.props" classname="de.uka.ilkd.key.smt.newsmt2.MasterHandlerTest" time="0.001"/>
  <testcase name="[18] bool1.props" classname="de.uka.ilkd.key.smt.newsmt2.MasterHandlerTest" time="0.002"/>
  <testcase name="[19] types1.props" classname="de.uka.ilkd.key.smt.newsmt2.MasterHandlerTest" time="0.001"/>
  <testcase name="[20] ite1.props" classname="de.uka.ilkd.key.smt.newsmt2.MasterHandlerTest" time="0.001"/>
  <testcase name="[21] float.eq.props" classname="de.uka.ilkd.key.smt.newsmt2.MasterHandlerTest" time="0.002"/>
  <testcase name="[22] float1.props" classname="de.uka.ilkd.key.smt.newsmt2.MasterHandlerTest" time="0.001"/>
  <testcase name="[23] float.sinDouble.props" classname="de.uka.ilkd.key.smt.newsmt2.MasterHandlerTest" time="0.002"/>
  <testcase name="[24] cast3.props" classname="de.uka.ilkd.key.smt.newsmt2.MasterHandlerTest" time="0.001"/>
  <system-out><![CDATA[547308     INFO  Test worker     d.u.i.k.s.n.MasterHandlerTest Test case has been marked ignore 
560699     INFO  Test worker     d.u.i.k.s.n.MasterHandlerTest Test case has been marked ignore 
569822     INFO  Test worker     d.u.i.k.s.n.MasterHandlerTest Test case has been marked ignore 
578691     INFO  Test worker     d.u.i.k.s.n.MasterHandlerTest Test case has been marked ignore 
620158     INFO  Test worker     d.u.i.k.s.n.MasterHandlerTest Test case has been marked ignore 
632170     INFO  Test worker     d.u.i.k.s.n.MasterHandlerTest Test case has been marked ignore 
640995     INFO  Test worker     d.u.i.k.s.n.MasterHandlerTest Test case has been marked ignore 
649770     INFO  Test worker     d.u.i.k.s.n.MasterHandlerTest Test case has been marked ignore 
691464     INFO  Test worker     d.u.i.k.s.n.MasterHandlerTest SMT2 for upd2.props  saved in: /tmp/SMT_key_upd2.props10911807016898044962.smt2 
691466     INFO  Test worker     d.u.i.k.s.n.MasterHandlerTest SMT2 for quant2.props  saved in: /tmp/SMT_key_quant2.props11833980149912753168.smt2 
691468     INFO  Test worker     d.u.i.k.s.n.MasterHandlerTest SMT2 for ex1.props  saved in: /tmp/SMT_key_ex1.props9580927414757043176.smt2 
691469     INFO  Test worker     d.u.i.k.s.n.MasterHandlerTest SMT2 for float.sqrt2.props  saved in: /tmp/SMT_key_float.sqrt2.props5722979992095693801.smt2 
691471     INFO  Test worker     d.u.i.k.s.n.MasterHandlerTest SMT2 for types2.props  saved in: /tmp/SMT_key_types2.props12465210808991950493.smt2 
691473     INFO  Test worker     d.u.i.k.s.n.MasterHandlerTest SMT2 for upd1.props  saved in: /tmp/SMT_key_upd1.props12532093960490583929.smt2 
691474     INFO  Test worker     d.u.i.k.s.n.MasterHandlerTest SMT2 for int1.props  saved in: /tmp/SMT_key_int1.props6394657361933654803.smt2 
691478     INFO  Test worker     d.u.i.k.s.n.MasterHandlerTest SMT2 for float.sqrt1.props  saved in: /tmp/SMT_key_float.sqrt1.props56130071160019505.smt2 
691479     INFO  Test worker     d.u.i.k.s.n.MasterHandlerTest SMT2 for cast2.props  saved in: /tmp/SMT_key_cast2.props2686737276161334932.smt2 
691480     INFO  Test worker     d.u.i.k.s.n.MasterHandlerTest SMT2 for bool2.props  saved in: /tmp/SMT_key_bool2.props2372026494850515090.smt2 
691482     INFO  Test worker     d.u.i.k.s.n.MasterHandlerTest SMT2 for float2.props  saved in: /tmp/SMT_key_float2.props2043046238005450841.smt2 
691483     INFO  Test worker     d.u.i.k.s.n.MasterHandlerTest SMT2 for cast1.props  saved in: /tmp/SMT_key_cast1.props6446468193960575397.smt2 
691485     INFO  Test worker     d.u.i.k.s.n.MasterHandlerTest SMT2 for uninterpreted1.props  saved in: /tmp/SMT_key_uninterpreted1.props13420387466480169249.smt2 
691487     INFO  Test worker     d.u.i.k.s.n.MasterHandlerTest SMT2 for bool3.props  saved in: /tmp/SMT_key_bool3.props4948408504805374350.smt2 
691488     INFO  Test worker     d.u.i.k.s.n.MasterHandlerTest SMT2 for heap1.props  saved in: /tmp/SMT_key_heap1.props5826290178136874683.smt2 
691495     INFO  Test worker     d.u.i.k.s.n.MasterHandlerTest SMT2 for quant1.props  saved in: /tmp/SMT_key_quant1.props14874097536615378092.smt2 
691496     INFO  Test worker     d.u.i.k.s.n.MasterHandlerTest SMT2 for ex2.props  saved in: /tmp/SMT_key_ex2.props1429498611490668664.smt2 
691499     INFO  Test worker     d.u.i.k.s.n.MasterHandlerTest SMT2 for bool1.props  saved in: /tmp/SMT_key_bool1.props13804095628574018024.smt2 
691501     INFO  Test worker     d.u.i.k.s.n.MasterHandlerTest SMT2 for types1.props  saved in: /tmp/SMT_key_types1.props2688261135405751444.smt2 
691504     INFO  Test worker     d.u.i.k.s.n.MasterHandlerTest SMT2 for ite1.props  saved in: /tmp/SMT_key_ite1.props13893971824936241029.smt2 
691506     INFO  Test worker     d.u.i.k.s.n.MasterHandlerTest SMT2 for float.eq.props  saved in: /tmp/SMT_key_float.eq.props8270234437830931999.smt2 
691508     INFO  Test worker     d.u.i.k.s.n.MasterHandlerTest SMT2 for float1.props  saved in: /tmp/SMT_key_float1.props2507535171317179873.smt2 
691511     INFO  Test worker     d.u.i.k.s.n.MasterHandlerTest SMT2 for float.sinDouble.props  saved in: /tmp/SMT_key_float.sinDouble.props15522370195797069960.smt2 
691512     INFO  Test worker     d.u.i.k.s.n.MasterHandlerTest SMT2 for cast3.props  saved in: /tmp/SMT_key_cast3.props18156424740901023614.smt2 
]]></system-out>
  <system-err><![CDATA[]]></system-err>
</testsuite>
