<?xml version="1.0" encoding="UTF-8"?>
<testsuite name="de.uka.ilkd.key.macros.scripts.TestProofScriptCommand" tests="7" skipped="0" failures="0" errors="0" timestamp="2023-04-04T15:39:26" hostname="fv-az554-588" time="20.335">
  <properties/>
  <testcase name="[1] selectFormula.props, /home/runner/work/key/key/key.core/build/resources/test/de/uka/ilkd/key/macros/scripts/cases/selectFormula.props" classname="de.uka.ilkd.key.macros.scripts.TestProofScriptCommand" time="2.885"/>
  <testcase name="[2] rule.exc.props, /home/runner/work/key/key/key.core/build/resources/test/de/uka/ilkd/key/macros/scripts/cases/rule.exc.props" classname="de.uka.ilkd.key.macros.scripts.TestProofScriptCommand" time="2.848"/>
  <testcase name="[3] unhide.props, /home/runner/work/key/key/key.core/build/resources/test/de/uka/ilkd/key/macros/scripts/cases/unhide.props" classname="de.uka.ilkd.key.macros.scripts.TestProofScriptCommand" time="2.99"/>
  <testcase name="[4] andRight.props, /home/runner/work/key/key/key.core/build/resources/test/de/uka/ilkd/key/macros/scripts/cases/andRight.props" classname="de.uka.ilkd.key.macros.scripts.TestProofScriptCommand" time="2.864"/>
  <testcase name="[5] hide.exc.props, /home/runner/work/key/key/key.core/build/resources/test/de/uka/ilkd/key/macros/scripts/cases/hide.exc.props" classname="de.uka.ilkd.key.macros.scripts.TestProofScriptCommand" time="2.857"/>
  <testcase name="[6] hide.props, /home/runner/work/key/key/key.core/build/resources/test/de/uka/ilkd/key/macros/scripts/cases/hide.props" classname="de.uka.ilkd.key.macros.scripts.TestProofScriptCommand" time="2.986"/>
  <testcase name="[7] unhide2.props, /home/runner/work/key/key/key.core/build/resources/test/de/uka/ilkd/key/macros/scripts/cases/unhide2.props" classname="de.uka.ilkd.key.macros.scripts.TestProofScriptCommand" time="2.9"/>
  <system-out><![CDATA[]]></system-out>
  <system-err><![CDATA[]]></system-err>
</testsuite>
