<?xml version="1.0" encoding="UTF-8"?>
<testsuite name="org.key_project.util.collection.TestImmutables" tests="13" skipped="0" failures="0" errors="0" timestamp="2023-06-08T15:01:30" hostname="fv-az795-885" time="1.616">
  <properties/>
  <testcase name="testMap()" classname="org.key_project.util.collection.TestImmutables" time="0.015"/>
  <testcase name="testRemoveDuplicates()" classname="org.key_project.util.collection.TestImmutables" time="0.003"/>
  <testcase name="testIntersectEmpty()" classname="org.key_project.util.collection.TestImmutables" time="0.004"/>
  <testcase name="testUnion()" classname="org.key_project.util.collection.TestImmutables" time="0.821"/>
  <testcase name="testRemoveDuplicatesLarge()" classname="org.key_project.util.collection.TestImmutables" time="0.001"/>
  <testcase name="testRemoveDuplicatesIdentical()" classname="org.key_project.util.collection.TestImmutables" time="0.004"/>
  <testcase name="testIsDuplicateFree()" classname="org.key_project.util.collection.TestImmutables" time="0.002"/>
  <testcase name="testHashCodes()" classname="org.key_project.util.collection.TestImmutables" time="0.002"/>
  <testcase name="testFilterStackoverflow()" classname="org.key_project.util.collection.TestImmutables" time="0.223"/>
  <testcase name="testExistsStackoverflow()" classname="org.key_project.util.collection.TestImmutables" time="0.182"/>
  <testcase name="testFilter()" classname="org.key_project.util.collection.TestImmutables" time="0.001"/>
  <testcase name="testMapStackoverflow()" classname="org.key_project.util.collection.TestImmutables" time="0.321"/>
  <testcase name="testEqualityEmpty()" classname="org.key_project.util.collection.TestImmutables" time="0.002"/>
  <system-out><![CDATA[]]></system-out>
  <system-err><![CDATA[]]></system-err>
</testsuite>
