<?xml version="1.0" encoding="UTF-8"?>
<testsuite name="de.uka.ilkd.key.testcase.smt.testgen.TestTestgen" tests="1" skipped="0" failures="0" errors="0" timestamp="2023-05-01T21:36:28" hostname="fv-az269-311" time="4.179">
  <properties/>
  <testcase name="testMiddle()" classname="de.uka.ilkd.key.testcase.smt.testgen.TestTestgen" time="4.179"/>
  <system-out><![CDATA[14330      WARN  Test worker     d.u.i.k.t.s.t.TestTestgen Warning: Z3_CE is not installed, tests skipped. 
14330      WARN  Test worker     d.u.i.k.t.s.t.TestTestgen Maybe use JVM system property "z3SolverPath" to define the path to the Z3 command. 
14330      INFO  Test worker     d.u.i.k.p.i.AbstractProblemLoader Loading environment from src\test\resources\testcase\smt\tg\middle.key 
14330      DEBUG Test worker     d.u.i.k.p.i.AbstractProblemLoader Environment load took 279.5ns 
14345      INFO  Test worker     d.u.i.k.p.i.AbstractProblemLoader Creating init config 
17744      DEBUG Test worker     d.u.i.k.p.i.AbstractProblemLoader Init config took 3.4s 
17838      INFO  Test worker     d.u.i.k.p.i.AbstractProblemLoader Replaying proof Middle[Middle::middle(int,int,int)].JML normal_behavior operation contract.0 
17838      DEBUG Test worker     d.u.i.k.p.i.IntermediateProofReplayer Proof replay took 22.7ns 
]]></system-out>
  <system-err><![CDATA[]]></system-err>
</testsuite>
