<?xml version="1.0" encoding="UTF-8"?>
<testsuite name="de.uka.ilkd.key.proof.runallproofs.RunAllProofsFunctional" tests="34" skipped="0" failures="0" errors="0" timestamp="2023-04-26T11:21:42" hostname="fv-az437-741" time="5330.295">
  <properties/>
  <testcase name="newBook" classname="de.uka.ilkd.key.proof.runallproofs.RunAllProofsFunctional" time="61.498"/>
  <testcase name="oldBook" classname="de.uka.ilkd.key.proof.runallproofs.RunAllProofsFunctional" time="19.368"/>
  <testcase name="comprehensions" classname="de.uka.ilkd.key.proof.runallproofs.RunAllProofsFunctional" time="64.302"/>
  <testcase name="performance" classname="de.uka.ilkd.key.proof.runallproofs.RunAllProofsFunctional" time="219.044"/>
  <testcase name="performancePOConstruction" classname="de.uka.ilkd.key.proof.runallproofs.RunAllProofsFunctional" time="74.288"/>
  <testcase name="applicationRestrictions" classname="de.uka.ilkd.key.proof.runallproofs.RunAllProofsFunctional" time="49.029"/>
  <testcase name="blockContracts" classname="de.uka.ilkd.key.proof.runallproofs.RunAllProofsFunctional" time="135.011"/>
  <testcase name="jmlAsserts" classname="de.uka.ilkd.key.proof.runallproofs.RunAllProofsFunctional" time="88.534"/>
  <testcase name="javaCard" classname="de.uka.ilkd.key.proof.runallproofs.RunAllProofsFunctional" time="129.411"/>
  <testcase name="list" classname="de.uka.ilkd.key.proof.runallproofs.RunAllProofsFunctional" time="272.451"/>
  <testcase name="list_ghost" classname="de.uka.ilkd.key.proof.runallproofs.RunAllProofsFunctional" time="66.898"/>
  <testcase name="list_recursive" classname="de.uka.ilkd.key.proof.runallproofs.RunAllProofsFunctional" time="22.072"/>
  <testcase name="list_seq" classname="de.uka.ilkd.key.proof.runallproofs.RunAllProofsFunctional" time="170.12"/>
  <testcase name="observer" classname="de.uka.ilkd.key.proof.runallproofs.RunAllProofsFunctional" time="96.053"/>
  <testcase name="removeDups" classname="de.uka.ilkd.key.proof.runallproofs.RunAllProofsFunctional" time="137.886"/>
  <testcase name="quicksort" classname="de.uka.ilkd.key.proof.runallproofs.RunAllProofsFunctional" time="113.733"/>
  <testcase name="simpleTests" classname="de.uka.ilkd.key.proof.runallproofs.RunAllProofsFunctional" time="154.499"/>
  <testcase name="SmansEtAl" classname="de.uka.ilkd.key.proof.runallproofs.RunAllProofsFunctional" time="194.177"/>
  <testcase name="VACID0" classname="de.uka.ilkd.key.proof.runallproofs.RunAllProofsFunctional" time="79.581"/>
  <testcase name="VSTTE10" classname="de.uka.ilkd.key.proof.runallproofs.RunAllProofsFunctional" time="186.258"/>
  <testcase name="WeideEtAl" classname="de.uka.ilkd.key.proof.runallproofs.RunAllProofsFunctional" time="29.46"/>
  <testcase name="arithmetic" classname="de.uka.ilkd.key.proof.runallproofs.RunAllProofsFunctional" time="492.244"/>
  <testcase name="arrays" classname="de.uka.ilkd.key.proof.runallproofs.RunAllProofsFunctional" time="56.521"/>
  <testcase name="javadl" classname="de.uka.ilkd.key.proof.runallproofs.RunAllProofsFunctional" time="655.552"/>
  <testcase name="FOL" classname="de.uka.ilkd.key.proof.runallproofs.RunAllProofsFunctional" time="284.668"/>
  <testcase name="strings" classname="de.uka.ilkd.key.proof.runallproofs.RunAllProofsFunctional" time="149.52"/>
  <testcase name="simple_info_flow" classname="de.uka.ilkd.key.proof.runallproofs.RunAllProofsFunctional" time="13.814"/>
  <testcase name="modelMethods" classname="de.uka.ilkd.key.proof.runallproofs.RunAllProofsFunctional" time="183.012"/>
  <testcase name="permissionHeap" classname="de.uka.ilkd.key.proof.runallproofs.RunAllProofsFunctional" time="821.814"/>
  <testcase name="completionScopes" classname="de.uka.ilkd.key.proof.runallproofs.RunAllProofsFunctional" time="50.872"/>
  <testcase name="reload_examples" classname="de.uka.ilkd.key.proof.runallproofs.RunAllProofsFunctional" time="41.387"/>
  <testcase name="proofLoadRepair" classname="de.uka.ilkd.key.proof.runallproofs.RunAllProofsFunctional" time="18.544"/>
  <testcase name="switch" classname="de.uka.ilkd.key.proof.runallproofs.RunAllProofsFunctional" time="66.498"/>
  <testcase name="redux" classname="de.uka.ilkd.key.proof.runallproofs.RunAllProofsFunctional" time="132.165"/>
  <system-out><![CDATA[273        INFO  Test worker     d.u.i.k.p.r.RunAllProofsTestUnit Running test newBook 
343        INFO  Timeout watchdog d.u.i.k.p.r.p.ForkedTestFileRunner Timeout watcher launched (2000 secs.) 
355        WARN  main            d.u.i.k.s.ProofSettings   No proof-settings could be loaded, using defaults java.io.FileNotFoundException: /home/runner/.key/proof-settings.props (No such file or directory)
	at java.base/java.io.FileInputStream.open0(Native Method)

393        INFO  main            d.u.i.k.p.r.p.TestFile    Now processing file /home/runner/work/key/key/key.core/../key.ui/examples/newBook/09.list_modelfield/ArrayList.add.key 
515        INFO  main            d.u.i.k.p.i.AbstractProblemLoader Loading environment from /home/runner/work/key/key/key.core/../key.ui/examples/newBook/09.list_modelfield/ArrayList.add.key 
538        DEBUG main            d.u.i.k.p.i.AbstractProblemLoader Environment load took 2.48ms 
764        INFO  main            d.u.i.k.p.i.AbstractProblemLoader Creating init config 
1595       DEBUG main            d.u.i.k.j.TypeConverter   No LDT found for Meta 
1595       DEBUG main            d.u.i.k.j.TypeConverter   No LDT found for Meta 
1596       DEBUG main            d.u.i.k.j.TypeConverter   No LDT found for Meta 
1597       DEBUG main            d.u.i.k.j.TypeConverter   No LDT found for Meta 
3093       DEBUG main            d.u.i.k.j.TypeConverter   No LDT found for JavaBigintExpression 
7905       DEBUG main            d.u.i.k.p.i.AbstractProblemLoader Init config took 7.14s 
8038       INFO  main            d.u.i.k.p.i.AbstractProblemLoader Replaying proof ArrayList[List::add(int)].JML normal_behavior operation contract.0 
8072       DEBUG main            d.u.i.k.p.i.IntermediateProofReplayer Proof replay took 34ns 
26539      INFO  main            d.u.i.k.p.r.p.TestFile    ... finished proof: closed. 
26796      INFO  main            d.u.i.k.p.i.AbstractProblemLoader Loading environment from /home/runner/work/key/key/key.core/../key.ui/examples/newBook/09.list_modelfield/ArrayList.add.key.proof 
26797      DEBUG main            d.u.i.k.p.i.AbstractProblemLoader Environment load took 450.81ns 
26810      INFO  main            d.u.i.k.p.i.AbstractProblemLoader Creating init config 
29797      DEBUG main            d.u.i.k.p.i.AbstractProblemLoader Init config took 2.99s 
29873      INFO  main            d.u.i.k.p.i.AbstractProblemLoader Replaying proof ArrayList[List::add(int)].JML normal_behavior operation contract.0 
30769      DEBUG main            d.u.i.k.p.i.IntermediateProofReplayer Proof replay took 820.6ms 
30781      DEBUG main            d.u.i.k.p.r.p.TestFile    ... success: reloaded. 
30784      INFO  main            d.u.i.k.p.r.p.TestFile    Now processing file /home/runner/work/key/key/key.core/../key.ui/examples/newBook/09.list_modelfield/ArrayList.remFirst.key 
30784      INFO  main            d.u.i.k.p.i.AbstractProblemLoader Loading environment from /home/runner/work/key/key/key.core/../key.ui/examples/newBook/09.list_modelfield/ArrayList.remFirst.key 
30785      DEBUG main            d.u.i.k.p.i.AbstractProblemLoader Environment load took 112.5ns 
30789      INFO  main            d.u.i.k.p.i.AbstractProblemLoader Creating init config 
33723      DEBUG main            d.u.i.k.p.i.AbstractProblemLoader Init config took 2.93s 
33785      INFO  main            d.u.i.k.p.i.AbstractProblemLoader Replaying proof ArrayList[List::remFirst()].JML normal_behavior operation contract.0 
33789      DEBUG main            d.u.i.k.p.i.IntermediateProofReplayer Proof replay took 19.2ns 
38169      INFO  main            d.u.i.k.p.r.p.TestFile    ... finished proof: closed. 
38411      INFO  main            d.u.i.k.p.i.AbstractProblemLoader Loading environment from /home/runner/work/key/key/key.core/../key.ui/examples/newBook/09.list_modelfield/ArrayList.remFirst.key.proof 
38411      DEBUG main            d.u.i.k.p.i.AbstractProblemLoader Environment load took 522.11ns 
38414      INFO  main            d.u.i.k.p.i.AbstractProblemLoader Creating init config 
41113      DEBUG main            d.u.i.k.p.i.AbstractProblemLoader Init config took 2.7s 
41173      INFO  main            d.u.i.k.p.i.AbstractProblemLoader Replaying proof ArrayList[List::remFirst()].JML normal_behavior operation contract.0 
41594      DEBUG main            d.u.i.k.p.i.IntermediateProofReplayer Proof replay took 395.14ms 
41600      DEBUG main            d.u.i.k.p.r.p.TestFile    ... success: reloaded. 
41603      INFO  main            d.u.i.k.p.r.p.TestFile    Now processing file /home/runner/work/key/key/key.core/../key.ui/examples/newBook/09.list_modelfield/ArrayList.empty.key 
41603      INFO  main            d.u.i.k.p.i.AbstractProblemLoader Loading environment from /home/runner/work/key/key/key.core/../key.ui/examples/newBook/09.list_modelfield/ArrayList.empty.key 
41604      DEBUG main            d.u.i.k.p.i.AbstractProblemLoader Environment load took 710.31ns 
41607      INFO  main            d.u.i.k.p.i.AbstractProblemLoader Creating init config 
44362      DEBUG main            d.u.i.k.p.i.AbstractProblemLoader Init config took 2.75s 
44412      INFO  main            d.u.i.k.p.i.AbstractProblemLoader Replaying proof ArrayList[List::empty()].JML normal_behavior operation contract.0 
44413      DEBUG main            d.u.i.k.p.i.IntermediateProofReplayer Proof replay took 6.1ns 
45518      INFO  main            d.u.i.k.p.r.p.TestFile    ... finished proof: closed. 
45698      INFO  main            d.u.i.k.p.i.AbstractProblemLoader Loading environment from /home/runner/work/key/key/key.core/../key.ui/examples/newBook/09.list_modelfield/ArrayList.empty.key.proof 
45698      DEBUG main            d.u.i.k.p.i.AbstractProblemLoader Environment load took 156.3ns 
45699      INFO  main            d.u.i.k.p.i.AbstractProblemLoader Creating init config 
48300      DEBUG main            d.u.i.k.p.i.AbstractProblemLoader Init config took 2.6s 
48352      INFO  main            d.u.i.k.p.i.AbstractProblemLoader Replaying proof ArrayList[List::empty()].JML normal_behavior operation contract.0 
48455      DEBUG main            d.u.i.k.p.i.IntermediateProofReplayer Proof replay took 94.91ms 
48456      DEBUG main            d.u.i.k.p.r.p.TestFile    ... success: reloaded. 
48459      INFO  main            d.u.i.k.p.r.p.TestFile    Now processing file /home/runner/work/key/key/key.core/../key.ui/examples/newBook/09.list_modelfield/ArrayList.size.key 
48459      INFO  main            d.u.i.k.p.i.AbstractProblemLoader Loading environment from /home/runner/work/key/key/key.core/../key.ui/examples/newBook/09.list_modelfield/ArrayList.size.key 
48459      DEBUG main            d.u.i.k.p.i.AbstractProblemLoader Environment load took 73.4ns 
48460      INFO  main            d.u.i.k.p.i.AbstractProblemLoader Creating init config 
51127      DEBUG main            d.u.i.k.p.i.AbstractProblemLoader Init config took 2.67s 
51200      INFO  main            d.u.i.k.p.i.AbstractProblemLoader Replaying proof ArrayList[List::size()].JML normal_behavior operation contract.0 
51202      DEBUG main            d.u.i.k.p.i.IntermediateProofReplayer Proof replay took 6.3ns 
51706      INFO  main            d.u.i.k.p.r.p.TestFile    ... finished proof: closed. 
51864      INFO  main            d.u.i.k.p.i.AbstractProblemLoader Loading environment from /home/runner/work/key/key/key.core/../key.ui/examples/newBook/09.list_modelfield/ArrayList.size.key.proof 
51864      DEBUG main            d.u.i.k.p.i.AbstractProblemLoader Environment load took 139.2ns 
51867      INFO  main            d.u.i.k.p.i.AbstractProblemLoader Creating init config 
54502      DEBUG main            d.u.i.k.p.i.AbstractProblemLoader Init config took 2.64s 
54566      INFO  main            d.u.i.k.p.i.AbstractProblemLoader Replaying proof ArrayList[List::size()].JML normal_behavior operation contract.0 
54603      DEBUG main            d.u.i.k.p.i.IntermediateProofReplayer Proof replay took 32.48ms 
54605      DEBUG main            d.u.i.k.p.r.p.TestFile    ... success: reloaded. 
54606      INFO  main            d.u.i.k.p.r.p.TestFile    Now processing file /home/runner/work/key/key/key.core/../key.ui/examples/newBook/09.list_modelfield/ArrayList.get.key 
54606      INFO  main            d.u.i.k.p.i.AbstractProblemLoader Loading environment from /home/runner/work/key/key/key.core/../key.ui/examples/newBook/09.list_modelfield/ArrayList.get.key 
54606      DEBUG main            d.u.i.k.p.i.AbstractProblemLoader Environment load took 62.9ns 
54608      INFO  main            d.u.i.k.p.i.AbstractProblemLoader Creating init config 
57201      DEBUG main            d.u.i.k.p.i.AbstractProblemLoader Init config took 2.59s 
57247      INFO  main            d.u.i.k.p.i.AbstractProblemLoader Replaying proof ArrayList[List::get(int)].JML normal_behavior operation contract.0 
57248      DEBUG main            d.u.i.k.p.i.IntermediateProofReplayer Proof replay took 6.3ns 
58357      INFO  main            d.u.i.k.p.r.p.TestFile    ... finished proof: closed. 
58525      INFO  main            d.u.i.k.p.i.AbstractProblemLoader Loading environment from /home/runner/work/key/key/key.core/../key.ui/examples/newBook/09.list_modelfield/ArrayList.get.key.proof 
58527      DEBUG main            d.u.i.k.p.i.AbstractProblemLoader Environment load took 1.82ms 
58529      INFO  main            d.u.i.k.p.i.AbstractProblemLoader Creating init config 
61148      DEBUG main            d.u.i.k.p.i.AbstractProblemLoader Init config took 2.62s 
61195      INFO  main            d.u.i.k.p.i.AbstractProblemLoader Replaying proof ArrayList[List::get(int)].JML normal_behavior operation contract.0 
61261      DEBUG main            d.u.i.k.p.i.IntermediateProofReplayer Proof replay took 58.88ms 
61263      DEBUG main            d.u.i.k.p.r.p.TestFile    ... success: reloaded. 
61764      INFO  Test worker     d.u.i.k.p.r.RunAllProofsTestUnit Returning from test newBook 
61773      INFO  Test worker     d.u.i.k.p.r.RunAllProofsTestUnit Running test oldBook 
352        INFO  Timeout watchdog d.u.i.k.p.r.p.ForkedTestFileRunner Timeout watcher launched (2000 secs.) 
367        WARN  main            d.u.i.k.s.ProofSettings   The settings in /home/runner/.key/proof-settings.props are *not* read. 
408        INFO  main            d.u.i.k.p.r.p.TestFile    Now processing file /home/runner/work/key/key/key.core/../key.ui/examples/standard_key/BookExamples/02FirstOrderLogic/Ex2.58.key 
551        INFO  main            d.u.i.k.p.i.AbstractProblemLoader Loading environment from /home/runner/work/key/key/key.core/../key.ui/examples/standard_key/BookExamples/02FirstOrderLogic/Ex2.58.key 
579        DEBUG main            d.u.i.k.p.i.AbstractProblemLoader Environment load took 2.11ms 
860        INFO  main            d.u.i.k.p.i.AbstractProblemLoader Creating init config 
1856       DEBUG main            d.u.i.k.j.TypeConverter   No LDT found for Meta 
1857       DEBUG main            d.u.i.k.j.TypeConverter   No LDT found for Meta 
1859       DEBUG main            d.u.i.k.j.TypeConverter   No LDT found for Meta 
1859       DEBUG main            d.u.i.k.j.TypeConverter   No LDT found for Meta 
3363       DEBUG main            d.u.i.k.j.TypeConverter   No LDT found for JavaBigintExpression 
9190       DEBUG main            d.u.i.k.p.i.AbstractProblemLoader Init config took 8.33s 
9253       INFO  main            d.u.i.k.p.i.AbstractProblemLoader Replaying proof Ex2.58.key 
9287       DEBUG main            d.u.i.k.p.i.IntermediateProofReplayer Proof replay took 78.9ns 
9464       INFO  main            d.u.i.k.p.r.p.TestFile    ... finished proof: closed. 
9565       INFO  main            d.u.i.k.p.i.AbstractProblemLoader Loading environment from /home/runner/work/key/key/key.core/../key.ui/examples/standard_key/BookExamples/02FirstOrderLogic/Ex2.58.key.proof 
9565       DEBUG main            d.u.i.k.p.i.AbstractProblemLoader Environment load took 160.9ns 
9569       INFO  main            d.u.i.k.p.i.AbstractProblemLoader Creating init config 
12660      DEBUG main            d.u.i.k.p.i.AbstractProblemLoader Init config took 3.09s 
12707      INFO  main            d.u.i.k.p.i.AbstractProblemLoader Replaying proof Ex2.58.key.proof 
12714      DEBUG main            d.u.i.k.p.i.IntermediateProofReplayer Proof replay took 2.92ms 
12724      DEBUG main            d.u.i.k.p.r.p.TestFile    ... success: reloaded. 
12726      INFO  main            d.u.i.k.p.r.p.TestFile    Now processing file /home/runner/work/key/key/key.core/../key.ui/examples/standard_key/BookExamples/03DynamicLogic/Sect3.3.1.key 
12726      INFO  main            d.u.i.k.p.i.AbstractProblemLoader Loading environment from /home/runner/work/key/key/key.core/../key.ui/examples/standard_key/BookExamples/03DynamicLogic/Sect3.3.1.key 
12726      DEBUG main            d.u.i.k.p.i.AbstractProblemLoader Environment load took 86.8ns 
12728      INFO  main            d.u.i.k.p.i.AbstractProblemLoader Creating init config 
15570      DEBUG main            d.u.i.k.p.i.AbstractProblemLoader Init config took 2.84s 
15607      INFO  main            d.u.i.k.p.i.AbstractProblemLoader Replaying proof Sect3.3.1.key 
15612      DEBUG main            d.u.i.k.p.i.IntermediateProofReplayer Proof replay took 6.9ns 
16118      INFO  main            d.u.i.k.p.r.p.TestFile    ... finished proof: closed. 
16258      INFO  main            d.u.i.k.p.i.AbstractProblemLoader Loading environment from /home/runner/work/key/key/key.core/../key.ui/examples/standard_key/BookExamples/03DynamicLogic/Sect3.3.1.key.proof 
16263      DEBUG main            d.u.i.k.p.i.AbstractProblemLoader Environment load took 4.85ms 
16265      INFO  main            d.u.i.k.p.i.AbstractProblemLoader Creating init config 
18997      DEBUG main            d.u.i.k.p.i.AbstractProblemLoader Init config took 2.73s 
19060      INFO  main            d.u.i.k.p.i.AbstractProblemLoader Replaying proof Sect3.3.1.key.proof 
19166      DEBUG main            d.u.i.k.p.i.IntermediateProofReplayer Proof replay took 82.1ms 
19169      DEBUG main            d.u.i.k.p.r.p.TestFile    ... success: reloaded. 
81139      INFO  Test worker     d.u.i.k.p.r.RunAllProofsTestUnit Returning from test oldBook 
81140      INFO  Test worker     d.u.i.k.p.r.RunAllProofsTestUnit Running test comprehensions 
325        INFO  Timeout watchdog d.u.i.k.p.r.p.ForkedTestFileRunner Timeout watcher launched (2000 secs.) 
333        WARN  main            d.u.i.k.s.ProofSettings   The settings in /home/runner/.key/proof-settings.props are *not* read. 
361        INFO  main            d.u.i.k.p.r.p.TestFile    Now processing file /home/runner/work/key/key/key.core/../key.ui/examples/heap/comprehensions/general_sum.key 
488        INFO  main            d.u.i.k.p.i.AbstractProblemLoader Loading environment from /home/runner/work/key/key/key.core/../key.ui/examples/heap/comprehensions/general_sum.key 
507        DEBUG main            d.u.i.k.p.i.AbstractProblemLoader Environment load took 2.21ms 
745        INFO  main            d.u.i.k.p.i.AbstractProblemLoader Creating init config 
1790       DEBUG main            d.u.i.k.j.TypeConverter   No LDT found for Meta 
1793       DEBUG main            d.u.i.k.j.TypeConverter   No LDT found for Meta 
1796       DEBUG main            d.u.i.k.j.TypeConverter   No LDT found for Meta 
1797       DEBUG main            d.u.i.k.j.TypeConverter   No LDT found for Meta 
3099       DEBUG main            d.u.i.k.j.TypeConverter   No LDT found for JavaBigintExpression 
8195       DEBUG main            d.u.i.k.p.i.AbstractProblemLoader Init config took 7.45s 
8326       INFO  main            d.u.i.k.p.i.AbstractProblemLoader Replaying proof GSum[GSum::doNothing()].JML operation contract.0 
8358       DEBUG main            d.u.i.k.p.i.IntermediateProofReplayer Proof replay took 30.3ns 
8626       INFO  main            d.u.i.k.p.r.p.TestFile    ... finished proof: closed. 
8740       INFO  main            d.u.i.k.p.i.AbstractProblemLoader Loading environment from /home/runner/work/key/key/key.core/../key.ui/examples/heap/comprehensions/general_sum.key.proof 
8740       DEBUG main            d.u.i.k.p.i.AbstractProblemLoader Environment load took 139ns 
8744       INFO  main            d.u.i.k.p.i.AbstractProblemLoader Creating init config 
11520      DEBUG main            d.u.i.k.p.i.AbstractProblemLoader Init config took 2.78s 
11583      INFO  main            d.u.i.k.p.i.AbstractProblemLoader Replaying proof GSum[GSum::doNothing()].JML operation contract.0 
11599      DEBUG main            d.u.i.k.p.i.IntermediateProofReplayer Proof replay took 11.72ms 
11606      DEBUG main            d.u.i.k.p.r.p.TestFile    ... success: reloaded. 
11609      INFO  main            d.u.i.k.p.r.p.TestFile    Now processing file /home/runner/work/key/key/key.core/../key.ui/examples/heap/comprehensions/sum0.key 
11609      INFO  main            d.u.i.k.p.i.AbstractProblemLoader Loading environment from /home/runner/work/key/key/key.core/../key.ui/examples/heap/comprehensions/sum0.key 
11610      DEBUG main            d.u.i.k.p.i.AbstractProblemLoader Environment load took 475.81ns 
11614      INFO  main            d.u.i.k.p.i.AbstractProblemLoader Creating init config 
14279      DEBUG main            d.u.i.k.p.i.AbstractProblemLoader Init config took 2.67s 
14338      INFO  main            d.u.i.k.p.i.AbstractProblemLoader Replaying proof Sum[Sum::sum0([I)].JML normal_behavior operation contract.0 
14341      DEBUG main            d.u.i.k.p.i.IntermediateProofReplayer Proof replay took 6.5ns 
14441      DEBUG Thread-4        d.u.i.k.l.l.OriginTermLabel commonFileName is null! 
14442      DEBUG Thread-4        d.u.i.k.l.l.OriginTermLabel commonFileName is null! 
14660      DEBUG Thread-4        d.u.i.k.l.l.OriginTermLabel commonFileName is null! 
14661      DEBUG Thread-4        d.u.i.k.l.l.OriginTermLabel commonFileName is null! 
14838      DEBUG Thread-4        d.u.i.k.l.l.OriginTermLabel commonFileName is null! 
15053      INFO  main            d.u.i.k.p.r.p.TestFile    ... finished proof: closed. 
15190      INFO  main            d.u.i.k.p.i.AbstractProblemLoader Loading environment from /home/runner/work/key/key/key.core/../key.ui/examples/heap/comprehensions/sum0.key.proof 
15192      DEBUG main            d.u.i.k.p.i.AbstractProblemLoader Environment load took 1.5ms 
15194      INFO  main            d.u.i.k.p.i.AbstractProblemLoader Creating init config 
17870      DEBUG main            d.u.i.k.p.i.AbstractProblemLoader Init config took 2.68s 
17921      INFO  main            d.u.i.k.p.i.AbstractProblemLoader Replaying proof Sum[Sum::sum0([I)].JML normal_behavior operation contract.0 
17949      DEBUG main            d.u.i.k.l.l.OriginTermLabel commonFileName is null! 
17949      DEBUG main            d.u.i.k.l.l.OriginTermLabel commonFileName is null! 
17991      DEBUG main            d.u.i.k.l.l.OriginTermLabel commonFileName is null! 
18017      DEBUG main            d.u.i.k.l.l.OriginTermLabel commonFileName is null! 
18018      DEBUG main            d.u.i.k.l.l.OriginTermLabel commonFileName is null! 
18021      DEBUG main            d.u.i.k.p.i.IntermediateProofReplayer Proof replay took 93.88ms 
18022      DEBUG main            d.u.i.k.p.r.p.TestFile    ... success: reloaded. 
18023      INFO  main            d.u.i.k.p.r.p.TestFile    Now processing file /home/runner/work/key/key/key.core/../key.ui/examples/heap/comprehensions/sum1.key 
18024      INFO  main            d.u.i.k.p.i.AbstractProblemLoader Loading environment from /home/runner/work/key/key/key.core/../key.ui/examples/heap/comprehensions/sum1.key 
18024      DEBUG main            d.u.i.k.p.i.AbstractProblemLoader Environment load took 102.1ns 
18025      INFO  main            d.u.i.k.p.i.AbstractProblemLoader Creating init config 
20662      DEBUG main            d.u.i.k.p.i.AbstractProblemLoader Init config took 2.64s 
20708      INFO  main            d.u.i.k.p.i.AbstractProblemLoader Replaying proof Sum[Sum::sum1([I)].JML normal_behavior operation contract.0 
20712      DEBUG main            d.u.i.k.p.i.IntermediateProofReplayer Proof replay took 6.5ns 
20769      DEBUG Thread-7        d.u.i.k.l.l.OriginTermLabel commonFileName is null! 
20769      DEBUG Thread-7        d.u.i.k.l.l.OriginTermLabel commonFileName is null! 
20910      DEBUG Thread-7        d.u.i.k.l.l.OriginTermLabel commonFileName is null! 
20911      DEBUG Thread-7        d.u.i.k.l.l.OriginTermLabel commonFileName is null! 
21033      DEBUG Thread-7        d.u.i.k.l.l.OriginTermLabel commonFileName is null! 
21217      INFO  main            d.u.i.k.p.r.p.TestFile    ... finished proof: closed. 
21403      INFO  main            d.u.i.k.p.i.AbstractProblemLoader Loading environment from /home/runner/work/key/key/key.core/../key.ui/examples/heap/comprehensions/sum1.key.proof 
21406      DEBUG main            d.u.i.k.p.i.AbstractProblemLoader Environment load took 2.91ms 
21408      INFO  main            d.u.i.k.p.i.AbstractProblemLoader Creating init config 
23998      DEBUG main            d.u.i.k.p.i.AbstractProblemLoader Init config took 2.59s 
24051      INFO  main            d.u.i.k.p.i.AbstractProblemLoader Replaying proof Sum[Sum::sum1([I)].JML normal_behavior operation contract.0 
24089      DEBUG main            d.u.i.k.l.l.OriginTermLabel commonFileName is null! 
24090      DEBUG main            d.u.i.k.l.l.OriginTermLabel commonFileName is null! 
24134      DEBUG main            d.u.i.k.l.l.OriginTermLabel commonFileName is null! 
24176      DEBUG main            d.u.i.k.l.l.OriginTermLabel commonFileName is null! 
24178      DEBUG main            d.u.i.k.l.l.OriginTermLabel commonFileName is null! 
24181      DEBUG main            d.u.i.k.p.i.IntermediateProofReplayer Proof replay took 120.34ms 
24183      DEBUG main            d.u.i.k.p.r.p.TestFile    ... success: reloaded. 
24185      INFO  main            d.u.i.k.p.r.p.TestFile    Now processing file /home/runner/work/key/key/key.core/../key.ui/examples/heap/comprehensions/sum2.key 
24186      INFO  main            d.u.i.k.p.i.AbstractProblemLoader Loading environment from /home/runner/work/key/key/key.core/../key.ui/examples/heap/comprehensions/sum2.key 
24186      DEBUG main            d.u.i.k.p.i.AbstractProblemLoader Environment load took 384.5ns 
24187      INFO  main            d.u.i.k.p.i.AbstractProblemLoader Creating init config 
26731      DEBUG main            d.u.i.k.p.i.AbstractProblemLoader Init config took 2.54s 
26777      INFO  main            d.u.i.k.p.i.AbstractProblemLoader Replaying proof Sum[Sum::sum2([I)].JML normal_behavior operation contract.0 
26779      DEBUG main            d.u.i.k.p.i.IntermediateProofReplayer Proof replay took 7.1ns 
26826      DEBUG Thread-10       d.u.i.k.l.l.OriginTermLabel commonFileName is null! 
26826      DEBUG Thread-10       d.u.i.k.l.l.OriginTermLabel commonFileName is null! 
26936      DEBUG Thread-10       d.u.i.k.l.l.OriginTermLabel commonFileName is null! 
26936      DEBUG Thread-10       d.u.i.k.l.l.OriginTermLabel commonFileName is null! 
27018      DEBUG Thread-10       d.u.i.k.l.l.OriginTermLabel commonFileName is null! 
27184      INFO  main            d.u.i.k.p.r.p.TestFile    ... finished proof: closed. 
27352      INFO  main            d.u.i.k.p.i.AbstractProblemLoader Loading environment from /home/runner/work/key/key/key.core/../key.ui/examples/heap/comprehensions/sum2.key.proof 
27354      DEBUG main            d.u.i.k.p.i.AbstractProblemLoader Environment load took 1.49ms 
27356      INFO  main            d.u.i.k.p.i.AbstractProblemLoader Creating init config 
29889      DEBUG main            d.u.i.k.p.i.AbstractProblemLoader Init config took 2.53s 
29932      INFO  main            d.u.i.k.p.i.AbstractProblemLoader Replaying proof Sum[Sum::sum2([I)].JML normal_behavior operation contract.0 
29954      DEBUG main            d.u.i.k.l.l.OriginTermLabel commonFileName is null! 
29955      DEBUG main            d.u.i.k.l.l.OriginTermLabel commonFileName is null! 
29982      DEBUG main            d.u.i.k.l.l.OriginTermLabel commonFileName is null! 
30002      DEBUG main            d.u.i.k.l.l.OriginTermLabel commonFileName is null! 
30003      DEBUG main            d.u.i.k.l.l.OriginTermLabel commonFileName is null! 
30005      DEBUG main            d.u.i.k.p.i.IntermediateProofReplayer Proof replay took 68.88ms 
30006      DEBUG main            d.u.i.k.p.r.p.TestFile    ... success: reloaded. 
30007      INFO  main            d.u.i.k.p.r.p.TestFile    Now processing file /home/runner/work/key/key/key.core/../key.ui/examples/heap/comprehensions/sum3.key 
30008      INFO  main            d.u.i.k.p.i.AbstractProblemLoader Loading environment from /home/runner/work/key/key/key.core/../key.ui/examples/heap/comprehensions/sum3.key 
30008      DEBUG main            d.u.i.k.p.i.AbstractProblemLoader Environment load took 563.01ns 
30010      INFO  main            d.u.i.k.p.i.AbstractProblemLoader Creating init config 
32619      DEBUG main            d.u.i.k.p.i.AbstractProblemLoader Init config took 2.61s 
32664      INFO  main            d.u.i.k.p.i.AbstractProblemLoader Replaying proof Sum[Sum::sum3([I)].JML normal_behavior operation contract.0 
32667      DEBUG main            d.u.i.k.p.i.IntermediateProofReplayer Proof replay took 7.1ns 
32714      DEBUG Thread-13       d.u.i.k.l.l.OriginTermLabel commonFileName is null! 
32715      DEBUG Thread-13       d.u.i.k.l.l.OriginTermLabel commonFileName is null! 
32823      DEBUG Thread-13       d.u.i.k.l.l.OriginTermLabel commonFileName is null! 
32824      DEBUG Thread-13       d.u.i.k.l.l.OriginTermLabel commonFileName is null! 
32903      DEBUG Thread-13       d.u.i.k.l.l.OriginTermLabel commonFileName is null! 
33070      INFO  main            d.u.i.k.p.r.p.TestFile    ... finished proof: closed. 
33241      INFO  main            d.u.i.k.p.i.AbstractProblemLoader Loading environment from /home/runner/work/key/key/key.core/../key.ui/examples/heap/comprehensions/sum3.key.proof 
33242      DEBUG main            d.u.i.k.p.i.AbstractProblemLoader Environment load took 122.7ns 
33245      INFO  main            d.u.i.k.p.i.AbstractProblemLoader Creating init config 
35736      DEBUG main            d.u.i.k.p.i.AbstractProblemLoader Init config took 2.49s 
35778      INFO  main            d.u.i.k.p.i.AbstractProblemLoader Replaying proof Sum[Sum::sum3([I)].JML normal_behavior operation contract.0 
35803      DEBUG main            d.u.i.k.l.l.OriginTermLabel commonFileName is null! 
35804      DEBUG main            d.u.i.k.l.l.OriginTermLabel commonFileName is null! 
35833      DEBUG main            d.u.i.k.l.l.OriginTermLabel commonFileName is null! 
35851      DEBUG main            d.u.i.k.l.l.OriginTermLabel commonFileName is null! 
35852      DEBUG main            d.u.i.k.l.l.OriginTermLabel commonFileName is null! 
35854      DEBUG main            d.u.i.k.p.i.IntermediateProofReplayer Proof replay took 72.78ms 
35856      DEBUG main            d.u.i.k.p.r.p.TestFile    ... success: reloaded. 
35858      INFO  main            d.u.i.k.p.r.p.TestFile    Now processing file /home/runner/work/key/key/key.core/../key.ui/examples/heap/comprehensions/segsum.key 
35859      INFO  main            d.u.i.k.p.i.AbstractProblemLoader Loading environment from /home/runner/work/key/key/key.core/../key.ui/examples/heap/comprehensions/segsum.key 
35859      DEBUG main            d.u.i.k.p.i.AbstractProblemLoader Environment load took 138.6ns 
35861      INFO  main            d.u.i.k.p.i.AbstractProblemLoader Creating init config 
38471      DEBUG main            d.u.i.k.p.i.AbstractProblemLoader Init config took 2.61s 
38516      INFO  main            d.u.i.k.p.i.AbstractProblemLoader Replaying proof SegSum[SegSum::segSum([I,int,int)].JML normal_behavior operation contract.0 
38518      DEBUG main            d.u.i.k.p.i.IntermediateProofReplayer Proof replay took 7.6ns 
38928      INFO  main            d.u.i.k.p.r.p.TestFile    ... finished proof: closed. 
39124      INFO  main            d.u.i.k.p.i.AbstractProblemLoader Loading environment from /home/runner/work/key/key/key.core/../key.ui/examples/heap/comprehensions/segsum.key.proof 
39124      DEBUG main            d.u.i.k.p.i.AbstractProblemLoader Environment load took 120.6ns 
39125      INFO  main            d.u.i.k.p.i.AbstractProblemLoader Creating init config 
41579      DEBUG main            d.u.i.k.p.i.AbstractProblemLoader Init config took 2.45s 
41635      INFO  main            d.u.i.k.p.i.AbstractProblemLoader Replaying proof SegSum[SegSum::segSum([I,int,int)].JML normal_behavior operation contract.0 
41715      DEBUG main            d.u.i.k.p.i.IntermediateProofReplayer Proof replay took 72.79ms 
41717      DEBUG main            d.u.i.k.p.r.p.TestFile    ... success: reloaded. 
41720      INFO  main            d.u.i.k.p.r.p.TestFile    Now processing file /home/runner/work/key/key/key.core/../key.ui/examples/heap/comprehensions/bsum_negative.key 
41722      INFO  main            d.u.i.k.p.i.AbstractProblemLoader Loading environment from /home/runner/work/key/key/key.core/../key.ui/examples/heap/comprehensions/bsum_negative.key 
41723      DEBUG main            d.u.i.k.p.i.AbstractProblemLoader Environment load took 571.81ns 
41725      INFO  main            d.u.i.k.p.i.AbstractProblemLoader Creating init config 
44061      DEBUG main            d.u.i.k.p.i.AbstractProblemLoader Init config took 2.34s 
44079      INFO  main            d.u.i.k.p.i.AbstractProblemLoader Replaying proof bsum_negative.key 
44081      DEBUG main            d.u.i.k.p.i.IntermediateProofReplayer Proof replay took 7ns 
44183      INFO  main            d.u.i.k.p.r.p.TestFile    ... finished proof: closed. 
44343      INFO  main            d.u.i.k.p.i.AbstractProblemLoader Loading environment from /home/runner/work/key/key/key.core/../key.ui/examples/heap/comprehensions/bsum_negative.key.proof 
44343      DEBUG main            d.u.i.k.p.i.AbstractProblemLoader Environment load took 121.7ns 
44344      INFO  main            d.u.i.k.p.i.AbstractProblemLoader Creating init config 
46622      DEBUG main            d.u.i.k.p.i.AbstractProblemLoader Init config took 2.28s 
46639      INFO  main            d.u.i.k.p.i.AbstractProblemLoader Replaying proof bsum_negative.key.proof 
46650      DEBUG main            d.u.i.k.p.i.IntermediateProofReplayer Proof replay took 1.21ms 
46650      DEBUG main            d.u.i.k.p.r.p.TestFile    ... success: reloaded. 
46651      INFO  main            d.u.i.k.p.r.p.TestFile    Now processing file /home/runner/work/key/key/key.core/../key.ui/examples/heap/comprehensions/bsum_neg2.key 
46651      INFO  main            d.u.i.k.p.i.AbstractProblemLoader Loading environment from /home/runner/work/key/key/key.core/../key.ui/examples/heap/comprehensions/bsum_neg2.key 
46651      DEBUG main            d.u.i.k.p.i.AbstractProblemLoader Environment load took 61.6ns 
46652      INFO  main            d.u.i.k.p.i.AbstractProblemLoader Creating init config 
48974      DEBUG main            d.u.i.k.p.i.AbstractProblemLoader Init config took 2.32s 
48995      INFO  main            d.u.i.k.p.i.AbstractProblemLoader Replaying proof bsum_neg2.key 
48997      DEBUG main            d.u.i.k.p.i.IntermediateProofReplayer Proof replay took 6.7ns 
49099      INFO  main            d.u.i.k.p.r.p.TestFile    ... finished proof: closed. 
49269      INFO  main            d.u.i.k.p.i.AbstractProblemLoader Loading environment from /home/runner/work/key/key/key.core/../key.ui/examples/heap/comprehensions/bsum_neg2.key.proof 
49269      DEBUG main            d.u.i.k.p.i.AbstractProblemLoader Environment load took 119.5ns 
49270      INFO  main            d.u.i.k.p.i.AbstractProblemLoader Creating init config 
51551      DEBUG main            d.u.i.k.p.i.AbstractProblemLoader Init config took 2.28s 
51567      INFO  main            d.u.i.k.p.i.AbstractProblemLoader Replaying proof bsum_neg2.key.proof 
51569      DEBUG main            d.u.i.k.p.i.IntermediateProofReplayer Proof replay took 634.81ns 
51570      DEBUG main            d.u.i.k.p.r.p.TestFile    ... success: reloaded. 
51571      INFO  main            d.u.i.k.p.r.p.TestFile    Now processing file /home/runner/work/key/key/key.core/../key.ui/examples/heap/comprehensions/bsumSplit.key 
51571      INFO  main            d.u.i.k.p.i.AbstractProblemLoader Loading environment from /home/runner/work/key/key/key.core/../key.ui/examples/heap/comprehensions/bsumSplit.key 
51571      DEBUG main            d.u.i.k.p.i.AbstractProblemLoader Environment load took 119ns 
51572      INFO  main            d.u.i.k.p.i.AbstractProblemLoader Creating init config 
53921      DEBUG main            d.u.i.k.p.i.AbstractProblemLoader Init config took 2.35s 
53938      INFO  main            d.u.i.k.p.i.AbstractProblemLoader Replaying proof bsumSplit.key 
53940      DEBUG main            d.u.i.k.p.i.IntermediateProofReplayer Proof replay took 7.2ns 
54042      INFO  main            d.u.i.k.p.r.p.TestFile    ... finished proof: closed. 
54214      INFO  main            d.u.i.k.p.i.AbstractProblemLoader Loading environment from /home/runner/work/key/key/key.core/../key.ui/examples/heap/comprehensions/bsumSplit.key.proof 
54214      DEBUG main            d.u.i.k.p.i.AbstractProblemLoader Environment load took 123.7ns 
54215      INFO  main            d.u.i.k.p.i.AbstractProblemLoader Creating init config 
56495      DEBUG main            d.u.i.k.p.i.AbstractProblemLoader Init config took 2.28s 
56511      INFO  main            d.u.i.k.p.i.AbstractProblemLoader Replaying proof bsumSplit.key.proof 
56515      DEBUG main            d.u.i.k.p.i.IntermediateProofReplayer Proof replay took 2.75ms 
56519      DEBUG main            d.u.i.k.p.r.p.TestFile    ... success: reloaded. 
56520      INFO  main            d.u.i.k.p.r.p.TestFile    Now processing file /home/runner/work/key/key/key.core/../key.ui/examples/heap/comprehensions/bprodSplit.key 
56521      INFO  main            d.u.i.k.p.i.AbstractProblemLoader Loading environment from /home/runner/work/key/key/key.core/../key.ui/examples/heap/comprehensions/bprodSplit.key 
56521      DEBUG main            d.u.i.k.p.i.AbstractProblemLoader Environment load took 340.5ns 
56522      INFO  main            d.u.i.k.p.i.AbstractProblemLoader Creating init config 
58843      DEBUG main            d.u.i.k.p.i.AbstractProblemLoader Init config took 2.32s 
58859      INFO  main            d.u.i.k.p.i.AbstractProblemLoader Replaying proof bprodSplit.key 
58861      DEBUG main            d.u.i.k.p.i.IntermediateProofReplayer Proof replay took 7.9ns 
58965      INFO  main            d.u.i.k.p.r.p.TestFile    ... finished proof: closed. 
59141      INFO  main            d.u.i.k.p.i.AbstractProblemLoader Loading environment from /home/runner/work/key/key/key.core/../key.ui/examples/heap/comprehensions/bprodSplit.key.proof 
59141      DEBUG main            d.u.i.k.p.i.AbstractProblemLoader Environment load took 120.1ns 
59143      INFO  main            d.u.i.k.p.i.AbstractProblemLoader Creating init config 
61412      DEBUG main            d.u.i.k.p.i.AbstractProblemLoader Init config took 2.27s 
61428      INFO  main            d.u.i.k.p.i.AbstractProblemLoader Replaying proof bprodSplit.key.proof 
61436      DEBUG main            d.u.i.k.p.i.IntermediateProofReplayer Proof replay took 4.66ms 
61437      DEBUG main            d.u.i.k.p.r.p.TestFile    ... success: reloaded. 
61438      INFO  main            d.u.i.k.p.r.p.TestFile    Now processing file /home/runner/work/key/key/key.core/../key.ui/examples/heap/comprehensions/bsumSplitInvalid.key 
61438      INFO  main            d.u.i.k.p.i.AbstractProblemLoader Loading environment from /home/runner/work/key/key/key.core/../key.ui/examples/heap/comprehensions/bsumSplitInvalid.key 
61438      DEBUG main            d.u.i.k.p.i.AbstractProblemLoader Environment load took 126.7ns 
61439      INFO  main            d.u.i.k.p.i.AbstractProblemLoader Creating init config 
63779      DEBUG main            d.u.i.k.p.i.AbstractProblemLoader Init config took 2.34s 
63794      INFO  main            d.u.i.k.p.i.AbstractProblemLoader Replaying proof bsumSplitInvalid.key 
63795      DEBUG main            d.u.i.k.p.i.IntermediateProofReplayer Proof replay took 6.8ns 
63899      INFO  main            d.u.i.k.p.r.p.TestFile    ... finished proof: open goal(s) 
145439     INFO  Test worker     d.u.i.k.p.r.RunAllProofsTestUnit Returning from test comprehensions 
145442     INFO  Test worker     d.u.i.k.p.r.RunAllProofsTestUnit Running test performance 
351        INFO  Timeout watchdog d.u.i.k.p.r.p.ForkedTestFileRunner Timeout watcher launched (2000 secs.) 
378        WARN  main            d.u.i.k.s.ProofSettings   The settings in /home/runner/.key/proof-settings.props are *not* read. 
427        INFO  main            d.u.i.k.p.r.p.TestFile    Now processing file /home/runner/work/key/key/key.core/../key.ui/examples/performance-test/Disjoint(Disjoint__disjoint_08()).JML_operation_contract.0.key 
560        INFO  main            d.u.i.k.p.i.AbstractProblemLoader Loading environment from /home/runner/work/key/key/key.core/../key.ui/examples/performance-test/Disjoint(Disjoint__disjoint_08()).JML_operation_contract.0.key 
583        DEBUG main            d.u.i.k.p.i.AbstractProblemLoader Environment load took 2.53ms 
798        INFO  main            d.u.i.k.p.i.AbstractProblemLoader Creating init config 
1861       DEBUG main            d.u.i.k.j.TypeConverter   No LDT found for Meta 
1862       DEBUG main            d.u.i.k.j.TypeConverter   No LDT found for Meta 
1866       DEBUG main            d.u.i.k.j.TypeConverter   No LDT found for Meta 
1866       DEBUG main            d.u.i.k.j.TypeConverter   No LDT found for Meta 
3685       DEBUG main            d.u.i.k.j.TypeConverter   No LDT found for JavaBigintExpression 
9100       DEBUG main            d.u.i.k.j.r.ClassPreparationMethodBuilder clPrepBuilder: Inner Class detected. Reject building class initialisation methods. 
17224      DEBUG main            d.u.i.k.p.i.AbstractProblemLoader Init config took 16.43s 
17472      INFO  main            d.u.i.k.p.i.AbstractProblemLoader Replaying proof Disjoint[Disjoint::disjoint_8()].JML operation contract.0 
17558      DEBUG main            d.u.i.k.p.i.IntermediateProofReplayer Proof replay took 373ns 
20200      INFO  main            d.u.i.k.p.r.p.TestFile    ... finished proof: closed. 
20417      INFO  main            d.u.i.k.p.i.AbstractProblemLoader Loading environment from /home/runner/work/key/key/key.core/../key.ui/examples/performance-test/Disjoint(Disjoint__disjoint_08()).JML_operation_contract.0.key.proof 
20418      DEBUG main            d.u.i.k.p.i.AbstractProblemLoader Environment load took 720.71ns 
20420      INFO  main            d.u.i.k.p.i.AbstractProblemLoader Creating init config 
23613      DEBUG main            d.u.i.k.j.r.ClassPreparationMethodBuilder clPrepBuilder: Inner Class detected. Reject building class initialisation methods. 
30581      DEBUG main            d.u.i.k.p.i.AbstractProblemLoader Init config took 10.16s 
30702      INFO  main            d.u.i.k.p.i.AbstractProblemLoader Replaying proof Disjoint[Disjoint::disjoint_8()].JML operation contract.0 
31014      DEBUG main            d.u.i.k.p.i.IntermediateProofReplayer Proof replay took 300.05ms 
31023      DEBUG main            d.u.i.k.p.r.p.TestFile    ... success: reloaded. 
31026      INFO  main            d.u.i.k.p.r.p.TestFile    Now processing file /home/runner/work/key/key/key.core/../key.ui/examples/performance-test/Disjoint(Disjoint__disjoint2_08()).JML_operation_contract.0.key 
31026      INFO  main            d.u.i.k.p.i.AbstractProblemLoader Loading environment from /home/runner/work/key/key/key.core/../key.ui/examples/performance-test/Disjoint(Disjoint__disjoint2_08()).JML_operation_contract.0.key 
31027      DEBUG main            d.u.i.k.p.i.AbstractProblemLoader Environment load took 357.6ns 
31028      INFO  main            d.u.i.k.p.i.AbstractProblemLoader Creating init config 
34017      DEBUG main            d.u.i.k.j.r.ClassPreparationMethodBuilder clPrepBuilder: Inner Class detected. Reject building class initialisation methods. 
40942      DEBUG main            d.u.i.k.p.i.AbstractProblemLoader Init config took 9.91s 
41072      INFO  main            d.u.i.k.p.i.AbstractProblemLoader Replaying proof Disjoint[Disjoint::disjoint2_8()].JML operation contract.0 
41076      DEBUG main            d.u.i.k.p.i.IntermediateProofReplayer Proof replay took 20.2ns 
42182      INFO  main            d.u.i.k.p.r.p.TestFile    ... finished proof: closed. 
42474      INFO  main            d.u.i.k.p.i.AbstractProblemLoader Loading environment from /home/runner/work/key/key/key.core/../key.ui/examples/performance-test/Disjoint(Disjoint__disjoint2_08()).JML_operation_contract.0.key.proof 
42475      DEBUG main            d.u.i.k.p.i.AbstractProblemLoader Environment load took 847.51ns 
42477      INFO  main            d.u.i.k.p.i.AbstractProblemLoader Creating init config 
45381      DEBUG main            d.u.i.k.j.r.ClassPreparationMethodBuilder clPrepBuilder: Inner Class detected. Reject building class initialisation methods. 
52186      DEBUG main            d.u.i.k.p.i.AbstractProblemLoader Init config took 9.71s 
52286      INFO  main            d.u.i.k.p.i.AbstractProblemLoader Replaying proof Disjoint[Disjoint::disjoint2_8()].JML operation contract.0 
52391      DEBUG main            d.u.i.k.p.i.IntermediateProofReplayer Proof replay took 100.63ms 
52393      DEBUG main            d.u.i.k.p.r.p.TestFile    ... success: reloaded. 
52395      INFO  main            d.u.i.k.p.r.p.TestFile    Now processing file /home/runner/work/key/key/key.core/../key.ui/examples/performance-test/AccessChain1(AccessChain1__foo_08()).JML_operation_contract.0.key 
52396      INFO  main            d.u.i.k.p.i.AbstractProblemLoader Loading environment from /home/runner/work/key/key/key.core/../key.ui/examples/performance-test/AccessChain1(AccessChain1__foo_08()).JML_operation_contract.0.key 
52396      DEBUG main            d.u.i.k.p.i.AbstractProblemLoader Environment load took 95.3ns 
52401      INFO  main            d.u.i.k.p.i.AbstractProblemLoader Creating init config 
55262      DEBUG main            d.u.i.k.j.r.ClassPreparationMethodBuilder clPrepBuilder: Inner Class detected. Reject building class initialisation methods. 
62072      DEBUG main            d.u.i.k.p.i.AbstractProblemLoader Init config took 9.67s 
62163      INFO  main            d.u.i.k.p.i.AbstractProblemLoader Replaying proof AccessChain1[AccessChain1::foo_8()].JML operation contract.0 
62165      DEBUG main            d.u.i.k.p.i.IntermediateProofReplayer Proof replay took 11ns 
64785      INFO  main            d.u.i.k.p.r.p.TestFile    ... finished proof: closed. 
65138      INFO  main            d.u.i.k.p.i.AbstractProblemLoader Loading environment from /home/runner/work/key/key/key.core/../key.ui/examples/performance-test/AccessChain1(AccessChain1__foo_08()).JML_operation_contract.0.key.proof 
65139      DEBUG main            d.u.i.k.p.i.AbstractProblemLoader Environment load took 331ns 
65143      INFO  main            d.u.i.k.p.i.AbstractProblemLoader Creating init config 
68019      DEBUG main            d.u.i.k.j.r.ClassPreparationMethodBuilder clPrepBuilder: Inner Class detected. Reject building class initialisation methods. 
74732      DEBUG main            d.u.i.k.p.i.AbstractProblemLoader Init config took 9.59s 
74821      INFO  main            d.u.i.k.p.i.AbstractProblemLoader Replaying proof AccessChain1[AccessChain1::foo_8()].JML operation contract.0 
75240      DEBUG main            d.u.i.k.p.i.IntermediateProofReplayer Proof replay took 405ms 
75243      DEBUG main            d.u.i.k.p.r.p.TestFile    ... success: reloaded. 
75245      INFO  main            d.u.i.k.p.r.p.TestFile    Now processing file /home/runner/work/key/key/key.core/../key.ui/examples/performance-test/AccessChain4(AccessChain4__foo_08()).JML_operation_contract.0.key 
75246      INFO  main            d.u.i.k.p.i.AbstractProblemLoader Loading environment from /home/runner/work/key/key/key.core/../key.ui/examples/performance-test/AccessChain4(AccessChain4__foo_08()).JML_operation_contract.0.key 
75246      DEBUG main            d.u.i.k.p.i.AbstractProblemLoader Environment load took 70.7ns 
75247      INFO  main            d.u.i.k.p.i.AbstractProblemLoader Creating init config 
78172      DEBUG main            d.u.i.k.j.r.ClassPreparationMethodBuilder clPrepBuilder: Inner Class detected. Reject building class initialisation methods. 
84945      DEBUG main            d.u.i.k.p.i.AbstractProblemLoader Init config took 9.7s 
85044      INFO  main            d.u.i.k.p.i.AbstractProblemLoader Replaying proof AccessChain4[AccessChain4::foo_8()].JML operation contract.0 
85047      DEBUG main            d.u.i.k.p.i.IntermediateProofReplayer Proof replay took 11.8ns 
91394      INFO  main            d.u.i.k.p.r.p.TestFile    ... finished proof: closed. 
91765      INFO  main            d.u.i.k.p.i.AbstractProblemLoader Loading environment from /home/runner/work/key/key/key.core/../key.ui/examples/performance-test/AccessChain4(AccessChain4__foo_08()).JML_operation_contract.0.key.proof 
91770      DEBUG main            d.u.i.k.p.i.AbstractProblemLoader Environment load took 4.72ms 
91773      INFO  main            d.u.i.k.p.i.AbstractProblemLoader Creating init config 
94575      DEBUG main            d.u.i.k.j.r.ClassPreparationMethodBuilder clPrepBuilder: Inner Class detected. Reject building class initialisation methods. 
101331     DEBUG main            d.u.i.k.p.i.AbstractProblemLoader Init config took 9.56s 
101433     INFO  main            d.u.i.k.p.i.AbstractProblemLoader Replaying proof AccessChain4[AccessChain4::foo_8()].JML operation contract.0 
102129     DEBUG main            d.u.i.k.p.i.IntermediateProofReplayer Proof replay took 666.32ms 
102134     DEBUG main            d.u.i.k.p.r.p.TestFile    ... success: reloaded. 
102137     INFO  main            d.u.i.k.p.r.p.TestFile    Now processing file /home/runner/work/key/key/key.core/../key.ui/examples/performance-test/Disjoint(Disjoint__xZero_08()).JML_operation_contract.0.key 
102137     INFO  main            d.u.i.k.p.i.AbstractProblemLoader Loading environment from /home/runner/work/key/key/key.core/../key.ui/examples/performance-test/Disjoint(Disjoint__xZero_08()).JML_operation_contract.0.key 
102138     DEBUG main            d.u.i.k.p.i.AbstractProblemLoader Environment load took 281.4ns 
102139     INFO  main            d.u.i.k.p.i.AbstractProblemLoader Creating init config 
105110     DEBUG main            d.u.i.k.j.r.ClassPreparationMethodBuilder clPrepBuilder: Inner Class detected. Reject building class initialisation methods. 
111860     DEBUG main            d.u.i.k.p.i.AbstractProblemLoader Init config took 9.72s 
111945     INFO  main            d.u.i.k.p.i.AbstractProblemLoader Replaying proof Disjoint[Disjoint::xZero_8()].JML operation contract.0 
111947     DEBUG main            d.u.i.k.p.i.IntermediateProofReplayer Proof replay took 10.3ns 
112956     INFO  main            d.u.i.k.p.r.p.TestFile    ... finished proof: closed. 
113326     INFO  main            d.u.i.k.p.i.AbstractProblemLoader Loading environment from /home/runner/work/key/key/key.core/../key.ui/examples/performance-test/Disjoint(Disjoint__xZero_08()).JML_operation_contract.0.key.proof 
113327     DEBUG main            d.u.i.k.p.i.AbstractProblemLoader Environment load took 253.8ns 
113328     INFO  main            d.u.i.k.p.i.AbstractProblemLoader Creating init config 
116120     DEBUG main            d.u.i.k.j.r.ClassPreparationMethodBuilder clPrepBuilder: Inner Class detected. Reject building class initialisation methods. 
122779     DEBUG main            d.u.i.k.p.i.AbstractProblemLoader Init config took 9.45s 
122865     INFO  main            d.u.i.k.p.i.AbstractProblemLoader Replaying proof Disjoint[Disjoint::xZero_8()].JML operation contract.0 
123032     DEBUG main            d.u.i.k.p.i.IntermediateProofReplayer Proof replay took 160.03ms 
123034     DEBUG main            d.u.i.k.p.r.p.TestFile    ... success: reloaded. 
123035     INFO  main            d.u.i.k.p.r.p.TestFile    Now processing file /home/runner/work/key/key/key.core/../key.ui/examples/performance-test/Dynamic(Dynamic__foo_08()).JML_operation_contract.0.key 
123036     INFO  main            d.u.i.k.p.i.AbstractProblemLoader Loading environment from /home/runner/work/key/key/key.core/../key.ui/examples/performance-test/Dynamic(Dynamic__foo_08()).JML_operation_contract.0.key 
123036     DEBUG main            d.u.i.k.p.i.AbstractProblemLoader Environment load took 114.3ns 
123037     INFO  main            d.u.i.k.p.i.AbstractProblemLoader Creating init config 
125921     DEBUG main            d.u.i.k.j.r.ClassPreparationMethodBuilder clPrepBuilder: Inner Class detected. Reject building class initialisation methods. 
132563     DEBUG main            d.u.i.k.p.i.AbstractProblemLoader Init config took 9.53s 
132646     INFO  main            d.u.i.k.p.i.AbstractProblemLoader Replaying proof Dynamic[Dynamic::foo_8()].JML operation contract.0 
132648     DEBUG main            d.u.i.k.p.i.IntermediateProofReplayer Proof replay took 11.6ns 
138299     INFO  main            d.u.i.k.p.r.p.TestFile    ... finished proof: closed. 
138683     INFO  main            d.u.i.k.p.i.AbstractProblemLoader Loading environment from /home/runner/work/key/key/key.core/../key.ui/examples/performance-test/Dynamic(Dynamic__foo_08()).JML_operation_contract.0.key.proof 
138683     DEBUG main            d.u.i.k.p.i.AbstractProblemLoader Environment load took 602.11ns 
138686     INFO  main            d.u.i.k.p.i.AbstractProblemLoader Creating init config 
141544     DEBUG main            d.u.i.k.j.r.ClassPreparationMethodBuilder clPrepBuilder: Inner Class detected. Reject building class initialisation methods. 
148247     DEBUG main            d.u.i.k.p.i.AbstractProblemLoader Init config took 9.56s 
148329     INFO  main            d.u.i.k.p.i.AbstractProblemLoader Replaying proof Dynamic[Dynamic::foo_8()].JML operation contract.0 
148826     DEBUG main            d.u.i.k.p.i.IntermediateProofReplayer Proof replay took 471.05ms 
148829     DEBUG main            d.u.i.k.p.r.p.TestFile    ... success: reloaded. 
148830     INFO  main            d.u.i.k.p.r.p.TestFile    Now processing file /home/runner/work/key/key/key.core/../key.ui/examples/performance-test/DynamicGhost(DynamicGhost__dynamicGhost_08()).JML_normal_behavior_operation_contract.0.key 
148830     INFO  main            d.u.i.k.p.i.AbstractProblemLoader Loading environment from /home/runner/work/key/key/key.core/../key.ui/examples/performance-test/DynamicGhost(DynamicGhost__dynamicGhost_08()).JML_normal_behavior_operation_contract.0.key 
148830     DEBUG main            d.u.i.k.p.i.AbstractProblemLoader Environment load took 108.7ns 
148831     INFO  main            d.u.i.k.p.i.AbstractProblemLoader Creating init config 
151703     DEBUG main            d.u.i.k.j.r.ClassPreparationMethodBuilder clPrepBuilder: Inner Class detected. Reject building class initialisation methods. 
158470     DEBUG main            d.u.i.k.p.i.AbstractProblemLoader Init config took 9.64s 
158579     INFO  main            d.u.i.k.p.i.AbstractProblemLoader Replaying proof DynamicGhost[DynamicGhost::dynamicGhost_8()].JML normal_behavior operation contract.0 
158582     DEBUG main            d.u.i.k.p.i.IntermediateProofReplayer Proof replay took 11ns 
163197     INFO  main            d.u.i.k.p.r.p.TestFile    ... finished proof: closed. 
163602     INFO  main            d.u.i.k.p.i.AbstractProblemLoader Loading environment from /home/runner/work/key/key/key.core/../key.ui/examples/performance-test/DynamicGhost(DynamicGhost__dynamicGhost_08()).JML_normal_behavior_operation_contract.0.key.proof 
163602     DEBUG main            d.u.i.k.p.i.AbstractProblemLoader Environment load took 592.91ns 
163605     INFO  main            d.u.i.k.p.i.AbstractProblemLoader Creating init config 
166378     DEBUG main            d.u.i.k.j.r.ClassPreparationMethodBuilder clPrepBuilder: Inner Class detected. Reject building class initialisation methods. 
173081     DEBUG main            d.u.i.k.p.i.AbstractProblemLoader Init config took 9.48s 
173166     INFO  main            d.u.i.k.p.i.AbstractProblemLoader Replaying proof DynamicGhost[DynamicGhost::dynamicGhost_8()].JML normal_behavior operation contract.0 
173619     DEBUG main            d.u.i.k.p.i.IntermediateProofReplayer Proof replay took 432.88ms 
173622     DEBUG main            d.u.i.k.p.r.p.TestFile    ... success: reloaded. 
173623     INFO  main            d.u.i.k.p.r.p.TestFile    Now processing file /home/runner/work/key/key/key.core/../key.ui/examples/performance-test/GhostFrame(GhostFrame__foo_08()).JML_operation_contract.0.key 
173624     INFO  main            d.u.i.k.p.i.AbstractProblemLoader Loading environment from /home/runner/work/key/key/key.core/../key.ui/examples/performance-test/GhostFrame(GhostFrame__foo_08()).JML_operation_contract.0.key 
173624     DEBUG main            d.u.i.k.p.i.AbstractProblemLoader Environment load took 100.1ns 
173625     INFO  main            d.u.i.k.p.i.AbstractProblemLoader Creating init config 
176546     DEBUG main            d.u.i.k.j.r.ClassPreparationMethodBuilder clPrepBuilder: Inner Class detected. Reject building class initialisation methods. 
183269     DEBUG main            d.u.i.k.p.i.AbstractProblemLoader Init config took 9.64s 
183377     INFO  main            d.u.i.k.p.i.AbstractProblemLoader Replaying proof GhostFrame[GhostFrame::foo_8()].JML operation contract.0 
183378     DEBUG main            d.u.i.k.p.i.IntermediateProofReplayer Proof replay took 25.5ns 
185488     INFO  main            d.u.i.k.p.r.p.TestFile    ... finished proof: closed. 
185906     INFO  main            d.u.i.k.p.i.AbstractProblemLoader Loading environment from /home/runner/work/key/key/key.core/../key.ui/examples/performance-test/GhostFrame(GhostFrame__foo_08()).JML_operation_contract.0.key.proof 
185907     DEBUG main            d.u.i.k.p.i.AbstractProblemLoader Environment load took 862.11ns 
185909     INFO  main            d.u.i.k.p.i.AbstractProblemLoader Creating init config 
188682     DEBUG main            d.u.i.k.j.r.ClassPreparationMethodBuilder clPrepBuilder: Inner Class detected. Reject building class initialisation methods. 
195356     DEBUG main            d.u.i.k.p.i.AbstractProblemLoader Init config took 9.45s 
195438     INFO  main            d.u.i.k.p.i.AbstractProblemLoader Replaying proof GhostFrame[GhostFrame::foo_8()].JML operation contract.0 
195684     DEBUG main            d.u.i.k.p.i.IntermediateProofReplayer Proof replay took 238.87ms 
195686     DEBUG main            d.u.i.k.p.r.p.TestFile    ... success: reloaded. 
195687     INFO  main            d.u.i.k.p.r.p.TestFile    Now processing file /home/runner/work/key/key/key.core/../key.ui/examples/performance-test/Modelfield(Modelfield__foo_08()).JML_operation_contract.0.key 
195688     INFO  main            d.u.i.k.p.i.AbstractProblemLoader Loading environment from /home/runner/work/key/key/key.core/../key.ui/examples/performance-test/Modelfield(Modelfield__foo_08()).JML_operation_contract.0.key 
195688     DEBUG main            d.u.i.k.p.i.AbstractProblemLoader Environment load took 97.7ns 
195689     INFO  main            d.u.i.k.p.i.AbstractProblemLoader Creating init config 
198593     DEBUG main            d.u.i.k.j.r.ClassPreparationMethodBuilder clPrepBuilder: Inner Class detected. Reject building class initialisation methods. 
205300     DEBUG main            d.u.i.k.p.i.AbstractProblemLoader Init config took 9.61s 
205381     INFO  main            d.u.i.k.p.i.AbstractProblemLoader Replaying proof Modelfield[Modelfield::foo_8()].JML operation contract.0 
205383     DEBUG main            d.u.i.k.p.i.IntermediateProofReplayer Proof replay took 6.8ns 
208592     INFO  main            d.u.i.k.p.r.p.TestFile    ... finished proof: closed. 
209032     INFO  main            d.u.i.k.p.i.AbstractProblemLoader Loading environment from /home/runner/work/key/key/key.core/../key.ui/examples/performance-test/Modelfield(Modelfield__foo_08()).JML_operation_contract.0.key.proof 
209032     DEBUG main            d.u.i.k.p.i.AbstractProblemLoader Environment load took 575.31ns 
209034     INFO  main            d.u.i.k.p.i.AbstractProblemLoader Creating init config 
211785     DEBUG main            d.u.i.k.j.r.ClassPreparationMethodBuilder clPrepBuilder: Inner Class detected. Reject building class initialisation methods. 
218474     DEBUG main            d.u.i.k.p.i.AbstractProblemLoader Init config took 9.44s 
218556     INFO  main            d.u.i.k.p.i.AbstractProblemLoader Replaying proof Modelfield[Modelfield::foo_8()].JML operation contract.0 
218859     DEBUG main            d.u.i.k.p.i.IntermediateProofReplayer Proof replay took 290.51ms 
218861     DEBUG main            d.u.i.k.p.r.p.TestFile    ... success: reloaded. 
364483     INFO  Test worker     d.u.i.k.p.r.RunAllProofsTestUnit Returning from test performance 
364491     INFO  Test worker     d.u.i.k.p.r.RunAllProofsTestUnit Running test performancePOConstruction 
338        INFO  Timeout watchdog d.u.i.k.p.r.p.ForkedTestFileRunner Timeout watcher launched (2000 secs.) 
348        WARN  main            d.u.i.k.s.ProofSettings   The settings in /home/runner/.key/proof-settings.props are *not* read. 
390        INFO  main            d.u.i.k.p.r.p.TestFile    Now processing file /home/runner/work/key/key/key.core/../key.ui/examples/performance-test/Test(Test__a0(int)).JML_normal_behavior_operation_contract.0.key 
526        INFO  main            d.u.i.k.p.i.AbstractProblemLoader Loading environment from /home/runner/work/key/key/key.core/../key.ui/examples/performance-test/Test(Test__a0(int)).JML_normal_behavior_operation_contract.0.key 
543        DEBUG main            d.u.i.k.p.i.AbstractProblemLoader Environment load took 2.31ms 
771        INFO  main            d.u.i.k.p.i.AbstractProblemLoader Creating init config 
1720       DEBUG main            d.u.i.k.j.TypeConverter   No LDT found for Meta 
1721       DEBUG main            d.u.i.k.j.TypeConverter   No LDT found for Meta 
1722       DEBUG main            d.u.i.k.j.TypeConverter   No LDT found for Meta 
1722       DEBUG main            d.u.i.k.j.TypeConverter   No LDT found for Meta 
3019       DEBUG main            d.u.i.k.j.TypeConverter   No LDT found for JavaBigintExpression 
8547       DEBUG main            d.u.i.k.j.r.ClassPreparationMethodBuilder clPrepBuilder: Inner Class detected. Reject building class initialisation methods. 
16668      DEBUG main            d.u.i.k.p.i.AbstractProblemLoader Init config took 15.9s 
17725      INFO  main            d.u.i.k.p.i.AbstractProblemLoader Replaying proof Test[Test::a0(int)].JML normal_behavior operation contract.0 
17783      DEBUG main            d.u.i.k.p.i.IntermediateProofReplayer Proof replay took 35.3ns 
18138      INFO  main            d.u.i.k.p.r.p.TestFile    ... finished proof: closed. 
18344      INFO  main            d.u.i.k.p.i.AbstractProblemLoader Loading environment from /home/runner/work/key/key/key.core/../key.ui/examples/performance-test/Test(Test__a0(int)).JML_normal_behavior_operation_contract.0.key.proof 
18350      DEBUG main            d.u.i.k.p.i.AbstractProblemLoader Environment load took 5.12ms 
18352      INFO  main            d.u.i.k.p.i.AbstractProblemLoader Creating init config 
21508      DEBUG main            d.u.i.k.j.r.ClassPreparationMethodBuilder clPrepBuilder: Inner Class detected. Reject building class initialisation methods. 
28655      DEBUG main            d.u.i.k.p.i.AbstractProblemLoader Init config took 10.3s 
29639      INFO  main            d.u.i.k.p.i.AbstractProblemLoader Replaying proof Test[Test::a0(int)].JML normal_behavior operation contract.0 
29663      DEBUG main            d.u.i.k.p.i.IntermediateProofReplayer Proof replay took 19.5ms 
29671      DEBUG main            d.u.i.k.p.r.p.TestFile    ... success: reloaded. 
29673      INFO  main            d.u.i.k.p.r.p.TestFile    Now processing file /home/runner/work/key/key/key.core/../key.ui/examples/performance-test/Test(Test__a1(int)).JML_normal_behavior_operation_contract.0.key 
29673      INFO  main            d.u.i.k.p.i.AbstractProblemLoader Loading environment from /home/runner/work/key/key/key.core/../key.ui/examples/performance-test/Test(Test__a1(int)).JML_normal_behavior_operation_contract.0.key 
29674      DEBUG main            d.u.i.k.p.i.AbstractProblemLoader Environment load took 336.2ns 
29675      INFO  main            d.u.i.k.p.i.AbstractProblemLoader Creating init config 
32770      DEBUG main            d.u.i.k.j.r.ClassPreparationMethodBuilder clPrepBuilder: Inner Class detected. Reject building class initialisation methods. 
39774      DEBUG main            d.u.i.k.p.i.AbstractProblemLoader Init config took 10.1s 
40668      INFO  main            d.u.i.k.p.i.AbstractProblemLoader Replaying proof Test[Test::a1(int)].JML normal_behavior operation contract.0 
40670      DEBUG main            d.u.i.k.p.i.IntermediateProofReplayer Proof replay took 6.7ns 
41077      INFO  main            d.u.i.k.p.r.p.TestFile    ... finished proof: closed. 
41325      INFO  main            d.u.i.k.p.i.AbstractProblemLoader Loading environment from /home/runner/work/key/key/key.core/../key.ui/examples/performance-test/Test(Test__a1(int)).JML_normal_behavior_operation_contract.0.key.proof 
41330      DEBUG main            d.u.i.k.p.i.AbstractProblemLoader Environment load took 5.04ms 
41337      INFO  main            d.u.i.k.p.i.AbstractProblemLoader Creating init config 
44336      DEBUG main            d.u.i.k.j.r.ClassPreparationMethodBuilder clPrepBuilder: Inner Class detected. Reject building class initialisation methods. 
51247      DEBUG main            d.u.i.k.p.i.AbstractProblemLoader Init config took 9.91s 
52103      INFO  main            d.u.i.k.p.i.AbstractProblemLoader Replaying proof Test[Test::a1(int)].JML normal_behavior operation contract.0 
52155      DEBUG main            d.u.i.k.p.i.IntermediateProofReplayer Proof replay took 49.23ms 
52157      DEBUG main            d.u.i.k.p.r.p.TestFile    ... success: reloaded. 
52160      INFO  main            d.u.i.k.p.r.p.TestFile    Now processing file /home/runner/work/key/key/key.core/../key.ui/examples/performance-test/Test(Test__f1(int)).JML_normal_behavior_operation_contract.0.key 
52160      INFO  main            d.u.i.k.p.i.AbstractProblemLoader Loading environment from /home/runner/work/key/key/key.core/../key.ui/examples/performance-test/Test(Test__f1(int)).JML_normal_behavior_operation_contract.0.key 
52163      DEBUG main            d.u.i.k.p.i.AbstractProblemLoader Environment load took 2.45ms 
52164      INFO  main            d.u.i.k.p.i.AbstractProblemLoader Creating init config 
55130      DEBUG main            d.u.i.k.j.r.ClassPreparationMethodBuilder clPrepBuilder: Inner Class detected. Reject building class initialisation methods. 
62043      DEBUG main            d.u.i.k.p.i.AbstractProblemLoader Init config took 9.88s 
62970      INFO  main            d.u.i.k.p.i.AbstractProblemLoader Replaying proof Test[Test::f1(int)].JML normal_behavior operation contract.0 
62972      DEBUG main            d.u.i.k.p.i.IntermediateProofReplayer Proof replay took 7ns 
63175      INFO  main            d.u.i.k.p.r.p.TestFile    ... finished proof: closed. 
63447      INFO  main            d.u.i.k.p.i.AbstractProblemLoader Loading environment from /home/runner/work/key/key/key.core/../key.ui/examples/performance-test/Test(Test__f1(int)).JML_normal_behavior_operation_contract.0.key.proof 
63447      DEBUG main            d.u.i.k.p.i.AbstractProblemLoader Environment load took 515.9ns 
63449      INFO  main            d.u.i.k.p.i.AbstractProblemLoader Creating init config 
66349      DEBUG main            d.u.i.k.j.r.ClassPreparationMethodBuilder clPrepBuilder: Inner Class detected. Reject building class initialisation methods. 
73207      DEBUG main            d.u.i.k.p.i.AbstractProblemLoader Init config took 9.76s 
74035      INFO  main            d.u.i.k.p.i.AbstractProblemLoader Replaying proof Test[Test::f1(int)].JML normal_behavior operation contract.0 
74080      DEBUG main            d.u.i.k.p.i.IntermediateProofReplayer Proof replay took 41.53ms 
74081      DEBUG main            d.u.i.k.p.r.p.TestFile    ... success: reloaded. 
438774     INFO  Test worker     d.u.i.k.p.r.RunAllProofsTestUnit Returning from test performancePOConstruction 
438775     INFO  Test worker     d.u.i.k.p.r.RunAllProofsTestUnit Running test applicationRestrictions 
358        INFO  Timeout watchdog d.u.i.k.p.r.p.ForkedTestFileRunner Timeout watcher launched (2000 secs.) 
367        WARN  main            d.u.i.k.s.ProofSettings   The settings in /home/runner/.key/proof-settings.props are *not* read. 
411        INFO  main            d.u.i.k.p.r.p.TestFile    Now processing file /home/runner/work/key/key/key.core/../key.ui/examples/heap/polarity_tests/wellformed1.key 
532        INFO  main            d.u.i.k.p.i.AbstractProblemLoader Loading environment from /home/runner/work/key/key/key.core/../key.ui/examples/heap/polarity_tests/wellformed1.key 
553        DEBUG main            d.u.i.k.p.i.AbstractProblemLoader Environment load took 2.24ms 
781        INFO  main            d.u.i.k.p.i.AbstractProblemLoader Creating init config 
1618       DEBUG main            d.u.i.k.j.TypeConverter   No LDT found for Meta 
1622       DEBUG main            d.u.i.k.j.TypeConverter   No LDT found for Meta 
1626       DEBUG main            d.u.i.k.j.TypeConverter   No LDT found for Meta 
1626       DEBUG main            d.u.i.k.j.TypeConverter   No LDT found for Meta 
3272       DEBUG main            d.u.i.k.j.TypeConverter   No LDT found for JavaBigintExpression 
7898       DEBUG main            d.u.i.k.p.i.AbstractProblemLoader Init config took 7.12s 
7961       INFO  main            d.u.i.k.p.i.AbstractProblemLoader Replaying proof wellformed1.key 
7994       DEBUG main            d.u.i.k.p.i.IntermediateProofReplayer Proof replay took 38.9ns 
8154       INFO  main            d.u.i.k.p.r.p.TestFile    ... finished proof: closed. 
8248       INFO  main            d.u.i.k.p.i.AbstractProblemLoader Loading environment from /home/runner/work/key/key/key.core/../key.ui/examples/heap/polarity_tests/wellformed1.key.proof 
8248       DEBUG main            d.u.i.k.p.i.AbstractProblemLoader Environment load took 143.1ns 
8255       INFO  main            d.u.i.k.p.i.AbstractProblemLoader Creating init config 
11085      DEBUG main            d.u.i.k.p.i.AbstractProblemLoader Init config took 2.83s 
11116      INFO  main            d.u.i.k.p.i.AbstractProblemLoader Replaying proof wellformed1.key.proof 
11122      DEBUG main            d.u.i.k.p.i.IntermediateProofReplayer Proof replay took 2.38ms 
11133      DEBUG main            d.u.i.k.p.r.p.TestFile    ... success: reloaded. 
11134      INFO  main            d.u.i.k.p.r.p.TestFile    Now processing file /home/runner/work/key/key/key.core/../key.ui/examples/heap/polarity_tests/wellformed2.key 
11135      INFO  main            d.u.i.k.p.i.AbstractProblemLoader Loading environment from /home/runner/work/key/key/key.core/../key.ui/examples/heap/polarity_tests/wellformed2.key 
11135      DEBUG main            d.u.i.k.p.i.AbstractProblemLoader Environment load took 149.9ns 
11136      INFO  main            d.u.i.k.p.i.AbstractProblemLoader Creating init config 
13785      DEBUG main            d.u.i.k.p.i.AbstractProblemLoader Init config took 2.65s 
13815      INFO  main            d.u.i.k.p.i.AbstractProblemLoader Replaying proof wellformed2.key 
13817      DEBUG main            d.u.i.k.p.i.IntermediateProofReplayer Proof replay took 5.9ns 
13920      INFO  main            d.u.i.k.p.r.p.TestFile    ... finished proof: open goal(s) 
14044      INFO  main            d.u.i.k.p.r.p.TestFile    Now processing file /home/runner/work/key/key/key.core/../key.ui/examples/heap/polarity_tests/wellformed3.key 
14044      INFO  main            d.u.i.k.p.i.AbstractProblemLoader Loading environment from /home/runner/work/key/key/key.core/../key.ui/examples/heap/polarity_tests/wellformed3.key 
14044      DEBUG main            d.u.i.k.p.i.AbstractProblemLoader Environment load took 82.5ns 
14046      INFO  main            d.u.i.k.p.i.AbstractProblemLoader Creating init config 
16589      DEBUG main            d.u.i.k.p.i.AbstractProblemLoader Init config took 2.54s 
16614      INFO  main            d.u.i.k.p.i.AbstractProblemLoader Replaying proof wellformed3.key 
16617      DEBUG main            d.u.i.k.p.i.IntermediateProofReplayer Proof replay took 6.8ns 
16720      INFO  main            d.u.i.k.p.r.p.TestFile    ... finished proof: closed. 
16861      INFO  main            d.u.i.k.p.i.AbstractProblemLoader Loading environment from /home/runner/work/key/key/key.core/../key.ui/examples/heap/polarity_tests/wellformed3.key.proof 
16861      DEBUG main            d.u.i.k.p.i.AbstractProblemLoader Environment load took 143.3ns 
16862      INFO  main            d.u.i.k.p.i.AbstractProblemLoader Creating init config 
19466      DEBUG main            d.u.i.k.p.i.AbstractProblemLoader Init config took 2.6s 
19490      INFO  main            d.u.i.k.p.i.AbstractProblemLoader Replaying proof wellformed3.key.proof 
19502      DEBUG main            d.u.i.k.p.i.IntermediateProofReplayer Proof replay took 7.14ms 
19504      DEBUG main            d.u.i.k.p.r.p.TestFile    ... success: reloaded. 
19505      INFO  main            d.u.i.k.p.r.p.TestFile    Now processing file /home/runner/work/key/key/key.core/../key.ui/examples/heap/polarity_tests/wellformed4.key 
19505      INFO  main            d.u.i.k.p.i.AbstractProblemLoader Loading environment from /home/runner/work/key/key/key.core/../key.ui/examples/heap/polarity_tests/wellformed4.key 
19506      DEBUG main            d.u.i.k.p.i.AbstractProblemLoader Environment load took 260.5ns 
19511      INFO  main            d.u.i.k.p.i.AbstractProblemLoader Creating init config 
22110      DEBUG main            d.u.i.k.p.i.AbstractProblemLoader Init config took 2.6s 
22129      INFO  main            d.u.i.k.p.i.AbstractProblemLoader Replaying proof wellformed4.key 
22131      DEBUG main            d.u.i.k.p.i.IntermediateProofReplayer Proof replay took 6.6ns 
22235      INFO  main            d.u.i.k.p.r.p.TestFile    ... finished proof: open goal(s) 
22374      INFO  main            d.u.i.k.p.r.p.TestFile    Now processing file /home/runner/work/key/key/key.core/../key.ui/examples/heap/polarity_tests/wellformed5.key 
22374      INFO  main            d.u.i.k.p.i.AbstractProblemLoader Loading environment from /home/runner/work/key/key/key.core/../key.ui/examples/heap/polarity_tests/wellformed5.key 
22374      DEBUG main            d.u.i.k.p.i.AbstractProblemLoader Environment load took 73ns 
22375      INFO  main            d.u.i.k.p.i.AbstractProblemLoader Creating init config 
24883      DEBUG main            d.u.i.k.p.i.AbstractProblemLoader Init config took 2.51s 
24902      INFO  main            d.u.i.k.p.i.AbstractProblemLoader Replaying proof wellformed5.key 
24904      DEBUG main            d.u.i.k.p.i.IntermediateProofReplayer Proof replay took 5.9ns 
25006      INFO  main            d.u.i.k.p.r.p.TestFile    ... finished proof: closed. 
25127      INFO  main            d.u.i.k.p.i.AbstractProblemLoader Loading environment from /home/runner/work/key/key/key.core/../key.ui/examples/heap/polarity_tests/wellformed5.key.proof 
25127      DEBUG main            d.u.i.k.p.i.AbstractProblemLoader Environment load took 122.7ns 
25129      INFO  main            d.u.i.k.p.i.AbstractProblemLoader Creating init config 
27649      DEBUG main            d.u.i.k.p.i.AbstractProblemLoader Init config took 2.52s 
27667      INFO  main            d.u.i.k.p.i.AbstractProblemLoader Replaying proof wellformed5.key.proof 
27671      DEBUG main            d.u.i.k.p.i.IntermediateProofReplayer Proof replay took 1.05ms 
27672      DEBUG main            d.u.i.k.p.r.p.TestFile    ... success: reloaded. 
27673      INFO  main            d.u.i.k.p.r.p.TestFile    Now processing file /home/runner/work/key/key/key.core/../key.ui/examples/heap/polarity_tests/wellformed6.key 
27673      INFO  main            d.u.i.k.p.i.AbstractProblemLoader Loading environment from /home/runner/work/key/key/key.core/../key.ui/examples/heap/polarity_tests/wellformed6.key 
27673      DEBUG main            d.u.i.k.p.i.AbstractProblemLoader Environment load took 111.6ns 
27674      INFO  main            d.u.i.k.p.i.AbstractProblemLoader Creating init config 
30158      DEBUG main            d.u.i.k.p.i.AbstractProblemLoader Init config took 2.48s 
30177      INFO  main            d.u.i.k.p.i.AbstractProblemLoader Replaying proof wellformed6.key 
30179      DEBUG main            d.u.i.k.p.i.IntermediateProofReplayer Proof replay took 6.6ns 
30284      INFO  main            d.u.i.k.p.r.p.TestFile    ... finished proof: open goal(s) 
30430      INFO  main            d.u.i.k.p.r.p.TestFile    Now processing file /home/runner/work/key/key/key.core/../key.ui/examples/heap/polarity_tests/wellformed7.key 
30430      INFO  main            d.u.i.k.p.i.AbstractProblemLoader Loading environment from /home/runner/work/key/key/key.core/../key.ui/examples/heap/polarity_tests/wellformed7.key 
30430      DEBUG main            d.u.i.k.p.i.AbstractProblemLoader Environment load took 68.8ns 
30432      INFO  main            d.u.i.k.p.i.AbstractProblemLoader Creating init config 
32874      DEBUG main            d.u.i.k.p.i.AbstractProblemLoader Init config took 2.44s 
32892      INFO  main            d.u.i.k.p.i.AbstractProblemLoader Replaying proof wellformed7.key 
32893      DEBUG main            d.u.i.k.p.i.IntermediateProofReplayer Proof replay took 7.1ns 
32996      INFO  main            d.u.i.k.p.r.p.TestFile    ... finished proof: closed. 
33173      INFO  main            d.u.i.k.p.i.AbstractProblemLoader Loading environment from /home/runner/work/key/key/key.core/../key.ui/examples/heap/polarity_tests/wellformed7.key.proof 
33173      DEBUG main            d.u.i.k.p.i.AbstractProblemLoader Environment load took 125.9ns 
33175      INFO  main            d.u.i.k.p.i.AbstractProblemLoader Creating init config 
35619      DEBUG main            d.u.i.k.p.i.AbstractProblemLoader Init config took 2.44s 
35635      INFO  main            d.u.i.k.p.i.AbstractProblemLoader Replaying proof wellformed7.key.proof 
35638      DEBUG main            d.u.i.k.p.i.IntermediateProofReplayer Proof replay took 1.35ms 
35639      DEBUG main            d.u.i.k.p.r.p.TestFile    ... success: reloaded. 
35640      INFO  main            d.u.i.k.p.r.p.TestFile    Now processing file /home/runner/work/key/key/key.core/../key.ui/examples/heap/polarity_tests/wellformed8.key 
35640      INFO  main            d.u.i.k.p.i.AbstractProblemLoader Loading environment from /home/runner/work/key/key/key.core/../key.ui/examples/heap/polarity_tests/wellformed8.key 
35640      DEBUG main            d.u.i.k.p.i.AbstractProblemLoader Environment load took 104.9ns 
35641      INFO  main            d.u.i.k.p.i.AbstractProblemLoader Creating init config 
38096      DEBUG main            d.u.i.k.p.i.AbstractProblemLoader Init config took 2.45s 
38112      INFO  main            d.u.i.k.p.i.AbstractProblemLoader Replaying proof wellformed8.key 
38114      DEBUG main            d.u.i.k.p.i.IntermediateProofReplayer Proof replay took 8.1ns 
38220      INFO  main            d.u.i.k.p.r.p.TestFile    ... finished proof: open goal(s) 
38371      INFO  main            d.u.i.k.p.r.p.TestFile    Now processing file /home/runner/work/key/key/key.core/../key.ui/examples/heap/polarity_tests/wellformed9.key 
38372      INFO  main            d.u.i.k.p.i.AbstractProblemLoader Loading environment from /home/runner/work/key/key/key.core/../key.ui/examples/heap/polarity_tests/wellformed9.key 
38372      DEBUG main            d.u.i.k.p.i.AbstractProblemLoader Environment load took 71.3ns 
38373      INFO  main            d.u.i.k.p.i.AbstractProblemLoader Creating init config 
40777      DEBUG main            d.u.i.k.p.i.AbstractProblemLoader Init config took 2.4s 
40793      INFO  main            d.u.i.k.p.i.AbstractProblemLoader Replaying proof wellformed9.key 
40795      DEBUG main            d.u.i.k.p.i.IntermediateProofReplayer Proof replay took 7ns 
40897      INFO  main            d.u.i.k.p.r.p.TestFile    ... finished proof: closed. 
41034      INFO  main            d.u.i.k.p.i.AbstractProblemLoader Loading environment from /home/runner/work/key/key/key.core/../key.ui/examples/heap/polarity_tests/wellformed9.key.proof 
41034      DEBUG main            d.u.i.k.p.i.AbstractProblemLoader Environment load took 120.8ns 
41035      INFO  main            d.u.i.k.p.i.AbstractProblemLoader Creating init config 
43428      DEBUG main            d.u.i.k.p.i.AbstractProblemLoader Init config took 2.39s 
43445      INFO  main            d.u.i.k.p.i.AbstractProblemLoader Replaying proof wellformed9.key.proof 
43448      DEBUG main            d.u.i.k.p.i.IntermediateProofReplayer Proof replay took 1.34ms 
43449      DEBUG main            d.u.i.k.p.r.p.TestFile    ... success: reloaded. 
43450      INFO  main            d.u.i.k.p.r.p.TestFile    Now processing file /home/runner/work/key/key/key.core/../key.ui/examples/heap/polarity_tests/wellformed10.key 
43451      INFO  main            d.u.i.k.p.i.AbstractProblemLoader Loading environment from /home/runner/work/key/key/key.core/../key.ui/examples/heap/polarity_tests/wellformed10.key 
43451      DEBUG main            d.u.i.k.p.i.AbstractProblemLoader Environment load took 264.1ns 
43452      INFO  main            d.u.i.k.p.i.AbstractProblemLoader Creating init config 
45905      DEBUG main            d.u.i.k.p.i.AbstractProblemLoader Init config took 2.45s 
45922      INFO  main            d.u.i.k.p.i.AbstractProblemLoader Replaying proof wellformed10.key 
45923      DEBUG main            d.u.i.k.p.i.IntermediateProofReplayer Proof replay took 6.9ns 
46029      INFO  main            d.u.i.k.p.r.p.TestFile    ... finished proof: open goal(s) 
46188      INFO  main            d.u.i.k.p.r.p.TestFile    Now processing file /home/runner/work/key/key/key.core/../key.ui/examples/heap/polarity_tests/wellformed11.key 
46188      INFO  main            d.u.i.k.p.i.AbstractProblemLoader Loading environment from /home/runner/work/key/key/key.core/../key.ui/examples/heap/polarity_tests/wellformed11.key 
46188      DEBUG main            d.u.i.k.p.i.AbstractProblemLoader Environment load took 74.8ns 
46189      INFO  main            d.u.i.k.p.i.AbstractProblemLoader Creating init config 
48594      DEBUG main            d.u.i.k.p.i.AbstractProblemLoader Init config took 2.4s 
48610      INFO  main            d.u.i.k.p.i.AbstractProblemLoader Replaying proof wellformed11.key 
48612      DEBUG main            d.u.i.k.p.i.IntermediateProofReplayer Proof replay took 7.4ns 
48716      INFO  main            d.u.i.k.p.r.p.TestFile    ... finished proof: open goal(s) 
487804     INFO  Test worker     d.u.i.k.p.r.RunAllProofsTestUnit Returning from test applicationRestrictions 
487805     INFO  Test worker     d.u.i.k.p.r.RunAllProofsTestUnit Running test blockContracts 
338        INFO  Timeout watchdog d.u.i.k.p.r.p.ForkedTestFileRunner Timeout watcher launched (2000 secs.) 
350        WARN  main            d.u.i.k.s.ProofSettings   The settings in /home/runner/.key/proof-settings.props are *not* read. 
376        INFO  main            d.u.i.k.p.r.p.TestFile    Now processing file /home/runner/work/key/key/key.core/../key.ui/examples/heap/block_contracts/Simple__add.key 
502        INFO  main            d.u.i.k.p.i.AbstractProblemLoader Loading environment from /home/runner/work/key/key/key.core/../key.ui/examples/heap/block_contracts/Simple__add.key 
518        DEBUG main            d.u.i.k.p.i.AbstractProblemLoader Environment load took 1.89ms 
736        INFO  main            d.u.i.k.p.i.AbstractProblemLoader Creating init config 
1647       DEBUG main            d.u.i.k.j.TypeConverter   No LDT found for Meta 
1648       DEBUG main            d.u.i.k.j.TypeConverter   No LDT found for Meta 
1649       DEBUG main            d.u.i.k.j.TypeConverter   No LDT found for Meta 
1650       DEBUG main            d.u.i.k.j.TypeConverter   No LDT found for Meta 
3122       DEBUG main            d.u.i.k.j.TypeConverter   No LDT found for JavaBigintExpression 
8795       DEBUG main            d.u.i.k.p.i.AbstractProblemLoader Init config took 8.06s 
8964       INFO  main            d.u.i.k.p.i.AbstractProblemLoader Replaying proof Simple[Simple::add(int,int)].JML operation contract.0 
9051       DEBUG main            d.u.i.k.p.i.IntermediateProofReplayer Proof replay took 348.5ns 
9785       INFO  main            d.u.i.k.p.r.p.TestFile    ... finished proof: closed. 
9935       INFO  main            d.u.i.k.p.i.AbstractProblemLoader Loading environment from /home/runner/work/key/key/key.core/../key.ui/examples/heap/block_contracts/Simple__add.key.proof 
9935       DEBUG main            d.u.i.k.p.i.AbstractProblemLoader Environment load took 152.5ns 
9939       INFO  main            d.u.i.k.p.i.AbstractProblemLoader Creating init config 
13235      DEBUG main            d.u.i.k.p.i.AbstractProblemLoader Init config took 3.3s 
13321      INFO  main            d.u.i.k.p.i.AbstractProblemLoader Replaying proof Simple[Simple::add(int,int)].JML operation contract.0 
13388      DEBUG main            d.u.i.k.p.i.IntermediateProofReplayer Proof replay took 63.17ms 
13395      DEBUG main            d.u.i.k.p.r.p.TestFile    ... success: reloaded. 
13397      INFO  main            d.u.i.k.p.r.p.TestFile    Now processing file /home/runner/work/key/key/key.core/../key.ui/examples/heap/block_contracts/Simple__addAbsoluteValues.key 
13398      INFO  main            d.u.i.k.p.i.AbstractProblemLoader Loading environment from /home/runner/work/key/key/key.core/../key.ui/examples/heap/block_contracts/Simple__addAbsoluteValues.key 
13398      DEBUG main            d.u.i.k.p.i.AbstractProblemLoader Environment load took 304.1ns 
13400      INFO  main            d.u.i.k.p.i.AbstractProblemLoader Creating init config 
16509      DEBUG main            d.u.i.k.p.i.AbstractProblemLoader Init config took 3.11s 
16575      INFO  main            d.u.i.k.p.i.AbstractProblemLoader Replaying proof Simple[Simple::addAbsoluteValues(int,int)].JML normal_behavior operation contract.0 
16578      DEBUG main            d.u.i.k.p.i.IntermediateProofReplayer Proof replay took 16.7ns 
17795      INFO  main            d.u.i.k.p.r.p.TestFile    ... finished proof: closed. 
17959      INFO  main            d.u.i.k.p.i.AbstractProblemLoader Loading environment from /home/runner/work/key/key/key.core/../key.ui/examples/heap/block_contracts/Simple__addAbsoluteValues.key.proof 
17960      DEBUG main            d.u.i.k.p.i.AbstractProblemLoader Environment load took 893.71ns 
17963      INFO  main            d.u.i.k.p.i.AbstractProblemLoader Creating init config 
21002      DEBUG main            d.u.i.k.p.i.AbstractProblemLoader Init config took 3.04s 
21052      INFO  main            d.u.i.k.p.i.AbstractProblemLoader Replaying proof Simple[Simple::addAbsoluteValues(int,int)].JML normal_behavior operation contract.0 
21203      DEBUG main            d.u.i.k.p.i.IntermediateProofReplayer Proof replay took 142.1ms 
21206      DEBUG main            d.u.i.k.p.r.p.TestFile    ... success: reloaded. 
21220      INFO  main            d.u.i.k.p.r.p.TestFile    Now processing file /home/runner/work/key/key/key.core/../key.ui/examples/heap/block_contracts/Simple__addWithJump.key 
21220      INFO  main            d.u.i.k.p.i.AbstractProblemLoader Loading environment from /home/runner/work/key/key/key.core/../key.ui/examples/heap/block_contracts/Simple__addWithJump.key 
21221      DEBUG main            d.u.i.k.p.i.AbstractProblemLoader Environment load took 98.1ns 
21222      INFO  main            d.u.i.k.p.i.AbstractProblemLoader Creating init config 
24260      DEBUG main            d.u.i.k.p.i.AbstractProblemLoader Init config took 3.04s 
24309      INFO  main            d.u.i.k.p.i.AbstractProblemLoader Replaying proof Simple[Simple::addWithJump(int,int,int)].JML operation contract.0 
24311      DEBUG main            d.u.i.k.p.i.IntermediateProofReplayer Proof replay took 21.3ns 
24515      INFO  main            d.u.i.k.p.r.p.TestFile    ... finished proof: closed. 
24735      INFO  main            d.u.i.k.p.i.AbstractProblemLoader Loading environment from /home/runner/work/key/key/key.core/../key.ui/examples/heap/block_contracts/Simple__addWithJump.key.proof 
24735      DEBUG main            d.u.i.k.p.i.AbstractProblemLoader Environment load took 126.1ns 
24737      INFO  main            d.u.i.k.p.i.AbstractProblemLoader Creating init config 
27709      DEBUG main            d.u.i.k.p.i.AbstractProblemLoader Init config took 2.97s 
27756      INFO  main            d.u.i.k.p.i.AbstractProblemLoader Replaying proof Simple[Simple::addWithJump(int,int,int)].JML operation contract.0 
27793      DEBUG main            d.u.i.k.p.i.IntermediateProofReplayer Proof replay took 34.74ms 
27794      DEBUG main            d.u.i.k.p.r.p.TestFile    ... success: reloaded. 
27796      INFO  main            d.u.i.k.p.r.p.TestFile    Now processing file /home/runner/work/key/key/key.core/../key.ui/examples/heap/block_contracts/Simple__addWithTwoBlockContracts.key 
27796      INFO  main            d.u.i.k.p.i.AbstractProblemLoader Loading environment from /home/runner/work/key/key/key.core/../key.ui/examples/heap/block_contracts/Simple__addWithTwoBlockContracts.key 
27796      DEBUG main            d.u.i.k.p.i.AbstractProblemLoader Environment load took 256.4ns 
27798      INFO  main            d.u.i.k.p.i.AbstractProblemLoader Creating init config 
30846      DEBUG main            d.u.i.k.p.i.AbstractProblemLoader Init config took 3.05s 
30897      INFO  main            d.u.i.k.p.i.AbstractProblemLoader Replaying proof Simple[Simple::addWithTwoBlockContracts(int,int,int)].JML operation contract.0 
30900      DEBUG main            d.u.i.k.p.i.IntermediateProofReplayer Proof replay took 13.7ns 
31104      INFO  main            d.u.i.k.p.r.p.TestFile    ... finished proof: closed. 
31278      INFO  main            d.u.i.k.p.i.AbstractProblemLoader Loading environment from /home/runner/work/key/key/key.core/../key.ui/examples/heap/block_contracts/Simple__addWithTwoBlockContracts.key.proof 
31278      DEBUG main            d.u.i.k.p.i.AbstractProblemLoader Environment load took 131.8ns 
31282      INFO  main            d.u.i.k.p.i.AbstractProblemLoader Creating init config 
34271      DEBUG main            d.u.i.k.p.i.AbstractProblemLoader Init config took 2.99s 
34329      INFO  main            d.u.i.k.p.i.AbstractProblemLoader Replaying proof Simple[Simple::addWithTwoBlockContracts(int,int,int)].JML operation contract.0 
34386      DEBUG main            d.u.i.k.p.i.IntermediateProofReplayer Proof replay took 51.24ms 
34387      DEBUG main            d.u.i.k.p.r.p.TestFile    ... success: reloaded. 
34389      INFO  main            d.u.i.k.p.r.p.TestFile    Now processing file /home/runner/work/key/key/key.core/../key.ui/examples/heap/block_contracts/Simple__generateByteArray.key 
34389      INFO  main            d.u.i.k.p.i.AbstractProblemLoader Loading environment from /home/runner/work/key/key/key.core/../key.ui/examples/heap/block_contracts/Simple__generateByteArray.key 
34389      DEBUG main            d.u.i.k.p.i.AbstractProblemLoader Environment load took 123.2ns 
34391      INFO  main            d.u.i.k.p.i.AbstractProblemLoader Creating init config 
37379      DEBUG main            d.u.i.k.p.i.AbstractProblemLoader Init config took 2.99s 
37452      INFO  main            d.u.i.k.p.i.AbstractProblemLoader Replaying proof Simple[Simple::generateByteArray()].JML normal_behavior operation contract.0 
37454      DEBUG main            d.u.i.k.p.i.IntermediateProofReplayer Proof replay took 12.5ns 
39176      INFO  main            d.u.i.k.p.r.p.TestFile    ... finished proof: closed. 
39373      INFO  main            d.u.i.k.p.i.AbstractProblemLoader Loading environment from /home/runner/work/key/key/key.core/../key.ui/examples/heap/block_contracts/Simple__generateByteArray.key.proof 
39376      DEBUG main            d.u.i.k.p.i.AbstractProblemLoader Environment load took 2.1ms 
39377      INFO  main            d.u.i.k.p.i.AbstractProblemLoader Creating init config 
42285      DEBUG main            d.u.i.k.p.i.AbstractProblemLoader Init config took 2.91s 
42334      INFO  main            d.u.i.k.p.i.AbstractProblemLoader Replaying proof Simple[Simple::generateByteArray()].JML normal_behavior operation contract.0 
42581      DEBUG main            d.u.i.k.p.i.IntermediateProofReplayer Proof replay took 232.78ms 
42583      DEBUG main            d.u.i.k.p.r.p.TestFile    ... success: reloaded. 
42584      INFO  main            d.u.i.k.p.r.p.TestFile    Now processing file /home/runner/work/key/key/key.core/../key.ui/examples/heap/block_contracts/Simple__getLength.key 
42585      INFO  main            d.u.i.k.p.i.AbstractProblemLoader Loading environment from /home/runner/work/key/key/key.core/../key.ui/examples/heap/block_contracts/Simple__getLength.key 
42585      DEBUG main            d.u.i.k.p.i.AbstractProblemLoader Environment load took 670.61ns 
42586      INFO  main            d.u.i.k.p.i.AbstractProblemLoader Creating init config 
45612      DEBUG main            d.u.i.k.p.i.AbstractProblemLoader Init config took 3.03s 
45654      INFO  main            d.u.i.k.p.i.AbstractProblemLoader Replaying proof Simple[Simple::getLength()].JML normal_behavior operation contract.0 
45656      DEBUG main            d.u.i.k.p.i.IntermediateProofReplayer Proof replay took 14.6ns 
45761      INFO  main            d.u.i.k.p.r.p.TestFile    ... finished proof: closed. 
45962      INFO  main            d.u.i.k.p.i.AbstractProblemLoader Loading environment from /home/runner/work/key/key/key.core/../key.ui/examples/heap/block_contracts/Simple__getLength.key.proof 
45963      DEBUG main            d.u.i.k.p.i.AbstractProblemLoader Environment load took 137.7ns 
45964      INFO  main            d.u.i.k.p.i.AbstractProblemLoader Creating init config 
48915      DEBUG main            d.u.i.k.p.i.AbstractProblemLoader Init config took 2.95s 
48958      INFO  main            d.u.i.k.p.i.AbstractProblemLoader Replaying proof Simple[Simple::getLength()].JML normal_behavior operation contract.0 
48965      DEBUG main            d.u.i.k.p.i.IntermediateProofReplayer Proof replay took 6.03ms 
48966      DEBUG main            d.u.i.k.p.r.p.TestFile    ... success: reloaded. 
48967      INFO  main            d.u.i.k.p.r.p.TestFile    Now processing file /home/runner/work/key/key/key.core/../key.ui/examples/heap/block_contracts/Simple__square.key 
48968      INFO  main            d.u.i.k.p.i.AbstractProblemLoader Loading environment from /home/runner/work/key/key/key.core/../key.ui/examples/heap/block_contracts/Simple__square.key 
48968      DEBUG main            d.u.i.k.p.i.AbstractProblemLoader Environment load took 170ns 
48969      INFO  main            d.u.i.k.p.i.AbstractProblemLoader Creating init config 
51927      DEBUG main            d.u.i.k.p.i.AbstractProblemLoader Init config took 2.96s 
51969      INFO  main            d.u.i.k.p.i.AbstractProblemLoader Replaying proof Simple[Simple::square(int)].JML operation contract.0 
51971      DEBUG main            d.u.i.k.p.i.IntermediateProofReplayer Proof replay took 13ns 
52381      INFO  main            d.u.i.k.p.r.p.TestFile    ... finished proof: closed. 
52572      INFO  main            d.u.i.k.p.i.AbstractProblemLoader Loading environment from /home/runner/work/key/key/key.core/../key.ui/examples/heap/block_contracts/Simple__square.key.proof 
52572      DEBUG main            d.u.i.k.p.i.AbstractProblemLoader Environment load took 126.1ns 
52573      INFO  main            d.u.i.k.p.i.AbstractProblemLoader Creating init config 
55511      DEBUG main            d.u.i.k.p.i.AbstractProblemLoader Init config took 2.94s 
55555      INFO  main            d.u.i.k.p.i.AbstractProblemLoader Replaying proof Simple[Simple::square(int)].JML operation contract.0 
55640      DEBUG main            d.u.i.k.p.i.IntermediateProofReplayer Proof replay took 81.16ms 
55641      DEBUG main            d.u.i.k.p.r.p.TestFile    ... success: reloaded. 
55643      INFO  main            d.u.i.k.p.r.p.TestFile    Now processing file /home/runner/work/key/key/key.core/../key.ui/examples/heap/block_contracts/Simple__unnecessaryBlockContract.key 
55643      INFO  main            d.u.i.k.p.i.AbstractProblemLoader Loading environment from /home/runner/work/key/key/key.core/../key.ui/examples/heap/block_contracts/Simple__unnecessaryBlockContract.key 
55644      DEBUG main            d.u.i.k.p.i.AbstractProblemLoader Environment load took 233.3ns 
55645      INFO  main            d.u.i.k.p.i.AbstractProblemLoader Creating init config 
58552      DEBUG main            d.u.i.k.p.i.AbstractProblemLoader Init config took 2.91s 
58590      INFO  main            d.u.i.k.p.i.AbstractProblemLoader Replaying proof Simple[Simple::unnecessaryBlockContract()].JML operation contract.0 
58592      DEBUG main            d.u.i.k.p.i.IntermediateProofReplayer Proof replay took 13.8ns 
58697      INFO  main            d.u.i.k.p.r.p.TestFile    ... finished proof: closed. 
58904      INFO  main            d.u.i.k.p.i.AbstractProblemLoader Loading environment from /home/runner/work/key/key/key.core/../key.ui/examples/heap/block_contracts/Simple__unnecessaryBlockContract.key.proof 
58905      DEBUG main            d.u.i.k.p.i.AbstractProblemLoader Environment load took 129.7ns 
58906      INFO  main            d.u.i.k.p.i.AbstractProblemLoader Creating init config 
61845      DEBUG main            d.u.i.k.p.i.AbstractProblemLoader Init config took 2.94s 
61884      INFO  main            d.u.i.k.p.i.AbstractProblemLoader Replaying proof Simple[Simple::unnecessaryBlockContract()].JML operation contract.0 
61903      DEBUG main            d.u.i.k.p.i.IntermediateProofReplayer Proof replay took 16.86ms 
61904      DEBUG main            d.u.i.k.p.r.p.TestFile    ... success: reloaded. 
61906      INFO  main            d.u.i.k.p.r.p.TestFile    Now processing file /home/runner/work/key/key/key.core/../key.ui/examples/heap/block_contracts/Simple__unnecessaryLoopInvariant.key 
61906      INFO  main            d.u.i.k.p.i.AbstractProblemLoader Loading environment from /home/runner/work/key/key/key.core/../key.ui/examples/heap/block_contracts/Simple__unnecessaryLoopInvariant.key 
61906      DEBUG main            d.u.i.k.p.i.AbstractProblemLoader Environment load took 252.5ns 
61907      INFO  main            d.u.i.k.p.i.AbstractProblemLoader Creating init config 
64789      DEBUG main            d.u.i.k.p.i.AbstractProblemLoader Init config took 2.88s 
64827      INFO  main            d.u.i.k.p.i.AbstractProblemLoader Replaying proof Simple[Simple::unnecessaryLoopInvariant()].JML operation contract.0 
64829      DEBUG main            d.u.i.k.p.i.IntermediateProofReplayer Proof replay took 12.8ns 
64931      INFO  main            d.u.i.k.p.r.p.TestFile    ... finished proof: closed. 
65138      INFO  main            d.u.i.k.p.i.AbstractProblemLoader Loading environment from /home/runner/work/key/key/key.core/../key.ui/examples/heap/block_contracts/Simple__unnecessaryLoopInvariant.key.proof 
65138      DEBUG main            d.u.i.k.p.i.AbstractProblemLoader Environment load took 120.7ns 
65139      INFO  main            d.u.i.k.p.i.AbstractProblemLoader Creating init config 
68044      DEBUG main            d.u.i.k.p.i.AbstractProblemLoader Init config took 2.9s 
68095      INFO  main            d.u.i.k.p.i.AbstractProblemLoader Replaying proof Simple[Simple::unnecessaryLoopInvariant()].JML operation contract.0 
68106      DEBUG main            d.u.i.k.p.i.IntermediateProofReplayer Proof replay took 9ms 
68107      DEBUG main            d.u.i.k.p.r.p.TestFile    ... success: reloaded. 
68109      INFO  main            d.u.i.k.p.r.p.TestFile    Now processing file /home/runner/work/key/key/key.core/../key.ui/examples/standard_key/java_dl/jml-assert/assert.key 
68109      INFO  main            d.u.i.k.p.i.AbstractProblemLoader Loading environment from /home/runner/work/key/key/key.core/../key.ui/examples/standard_key/java_dl/jml-assert/assert.key 
68109      DEBUG main            d.u.i.k.p.i.AbstractProblemLoader Environment load took 222.9ns 
68110      INFO  main            d.u.i.k.p.i.AbstractProblemLoader Creating init config 
70692      DEBUG main            d.u.i.k.p.i.AbstractProblemLoader Init config took 2.58s 
70733      INFO  main            d.u.i.k.p.i.AbstractProblemLoader Replaying proof Assert[Assert::createArray(int)].JML normal_behavior operation contract.0 
70735      DEBUG main            d.u.i.k.p.i.IntermediateProofReplayer Proof replay took 7.4ns 
70937      INFO  main            d.u.i.k.p.r.p.TestFile    ... finished proof: closed. 
71136      INFO  main            d.u.i.k.p.i.AbstractProblemLoader Loading environment from /home/runner/work/key/key/key.core/../key.ui/examples/standard_key/java_dl/jml-assert/assert.key.proof 
71136      DEBUG main            d.u.i.k.p.i.AbstractProblemLoader Environment load took 289.4ns 
71137      INFO  main            d.u.i.k.p.i.AbstractProblemLoader Creating init config 
73674      DEBUG main            d.u.i.k.p.i.AbstractProblemLoader Init config took 2.54s 
73712      INFO  main            d.u.i.k.p.i.AbstractProblemLoader Replaying proof Assert[Assert::createArray(int)].JML normal_behavior operation contract.0 
73749      DEBUG main            d.u.i.k.p.i.IntermediateProofReplayer Proof replay took 34.23ms 
73750      DEBUG main            d.u.i.k.p.r.p.TestFile    ... success: reloaded. 
73751      INFO  main            d.u.i.k.p.r.p.TestFile    Now processing file /home/runner/work/key/key/key.core/../key.ui/examples/standard_key/java_dl/jml-assert/assert_assume_order.key 
73752      INFO  main            d.u.i.k.p.i.AbstractProblemLoader Loading environment from /home/runner/work/key/key/key.core/../key.ui/examples/standard_key/java_dl/jml-assert/assert_assume_order.key 
73752      DEBUG main            d.u.i.k.p.i.AbstractProblemLoader Environment load took 113.7ns 
73753      INFO  main            d.u.i.k.p.i.AbstractProblemLoader Creating init config 
76353      DEBUG main            d.u.i.k.p.i.AbstractProblemLoader Init config took 2.6s 
76389      INFO  main            d.u.i.k.p.i.AbstractProblemLoader Replaying proof AssertAssume[AssertAssume::singleAssumeAssert(int)].JML normal_behavior operation contract.0 
76391      DEBUG main            d.u.i.k.p.i.IntermediateProofReplayer Proof replay took 6.6ns 
76493      INFO  main            d.u.i.k.p.r.p.TestFile    ... finished proof: closed. 
76683      INFO  main            d.u.i.k.p.i.AbstractProblemLoader Loading environment from /home/runner/work/key/key/key.core/../key.ui/examples/standard_key/java_dl/jml-assert/assert_assume_order.key.proof 
76683      DEBUG main            d.u.i.k.p.i.AbstractProblemLoader Environment load took 126ns 
76684      INFO  main            d.u.i.k.p.i.AbstractProblemLoader Creating init config 
79173      DEBUG main            d.u.i.k.p.i.AbstractProblemLoader Init config took 2.49s 
79209      INFO  main            d.u.i.k.p.i.AbstractProblemLoader Replaying proof AssertAssume[AssertAssume::singleAssumeAssert(int)].JML normal_behavior operation contract.0 
79217      DEBUG main            d.u.i.k.p.i.IntermediateProofReplayer Proof replay took 6.59ms 
79218      DEBUG main            d.u.i.k.p.r.p.TestFile    ... success: reloaded. 
79219      INFO  main            d.u.i.k.p.r.p.TestFile    Now processing file /home/runner/work/key/key/key.core/../key.ui/examples/heap/block_loop_contracts/SimpleVariants/sum_onBlock_external.key 
79220      INFO  main            d.u.i.k.p.i.AbstractProblemLoader Loading environment from /home/runner/work/key/key/key.core/../key.ui/examples/heap/block_loop_contracts/SimpleVariants/sum_onBlock_external.key 
79220      DEBUG main            d.u.i.k.p.i.AbstractProblemLoader Environment load took 123.7ns 
79221      INFO  main            d.u.i.k.p.i.AbstractProblemLoader Creating init config 
82002      DEBUG main            d.u.i.k.p.i.AbstractProblemLoader Init config took 2.78s 
82037      INFO  main            d.u.i.k.p.i.AbstractProblemLoader Replaying proof LoopContractExamplesAll[LoopContractExamplesAll::sum_loopContract_onBlock([I)].JML normal_behavior operation contract.0 
82040      DEBUG main            d.u.i.k.p.i.IntermediateProofReplayer Proof replay took 12.9ns 
82141      INFO  main            d.u.i.k.p.r.p.TestFile    ... finished proof: closed. 
82370      INFO  main            d.u.i.k.p.i.AbstractProblemLoader Loading environment from /home/runner/work/key/key/key.core/../key.ui/examples/heap/block_loop_contracts/SimpleVariants/sum_onBlock_external.key.proof 
82370      DEBUG main            d.u.i.k.p.i.AbstractProblemLoader Environment load took 127.7ns 
82371      INFO  main            d.u.i.k.p.i.AbstractProblemLoader Creating init config 
85108      DEBUG main            d.u.i.k.p.i.AbstractProblemLoader Init config took 2.74s 
85144      INFO  main            d.u.i.k.p.i.AbstractProblemLoader Replaying proof LoopContractExamplesAll[LoopContractExamplesAll::sum_loopContract_onBlock([I)].JML normal_behavior operation contract.0 
85172      DEBUG main            d.u.i.k.p.i.IntermediateProofReplayer Proof replay took 26.31ms 
85174      DEBUG main            d.u.i.k.p.r.p.TestFile    ... success: reloaded. 
85175      INFO  main            d.u.i.k.p.r.p.TestFile    Now processing file /home/runner/work/key/key/key.core/../key.ui/examples/heap/block_loop_contracts/SimpleVariants/sum_onBlock_internal.key 
85175      INFO  main            d.u.i.k.p.i.AbstractProblemLoader Loading environment from /home/runner/work/key/key/key.core/../key.ui/examples/heap/block_loop_contracts/SimpleVariants/sum_onBlock_internal.key 
85175      DEBUG main            d.u.i.k.p.i.AbstractProblemLoader Environment load took 233.6ns 
85177      INFO  main            d.u.i.k.p.i.AbstractProblemLoader Creating init config 
87962      DEBUG main            d.u.i.k.p.i.AbstractProblemLoader Init config took 2.79s 
88013      INFO  main            d.u.i.k.p.i.AbstractProblemLoader Replaying proof LoopContractExamplesAll[LoopContractExamplesAll::sum_loopContract_onBlock([I)].JML normal_behavior operation contract.0 
88015      DEBUG main            d.u.i.k.p.i.IntermediateProofReplayer Proof replay took 12.1ns 
88619      INFO  main            d.u.i.k.p.r.p.TestFile    ... finished proof: closed. 
88874      INFO  main            d.u.i.k.p.i.AbstractProblemLoader Loading environment from /home/runner/work/key/key/key.core/../key.ui/examples/heap/block_loop_contracts/SimpleVariants/sum_onBlock_internal.key.proof 
88874      DEBUG main            d.u.i.k.p.i.AbstractProblemLoader Environment load took 117.6ns 
88875      INFO  main            d.u.i.k.p.i.AbstractProblemLoader Creating init config 
91549      DEBUG main            d.u.i.k.p.i.AbstractProblemLoader Init config took 2.67s 
91582      INFO  main            d.u.i.k.p.i.AbstractProblemLoader Replaying proof LoopContractExamplesAll[LoopContractExamplesAll::sum_loopContract_onBlock([I)].JML normal_behavior operation contract.0 
91764      DEBUG main            d.u.i.k.p.i.IntermediateProofReplayer Proof replay took 178.05ms 
91765      DEBUG main            d.u.i.k.p.r.p.TestFile    ... success: reloaded. 
91766      INFO  main            d.u.i.k.p.r.p.TestFile    Now processing file /home/runner/work/key/key/key.core/../key.ui/examples/heap/block_loop_contracts/SimpleVariants/sum_onBlock_loop.key 
91766      INFO  main            d.u.i.k.p.i.AbstractProblemLoader Loading environment from /home/runner/work/key/key/key.core/../key.ui/examples/heap/block_loop_contracts/SimpleVariants/sum_onBlock_loop.key 
91766      DEBUG main            d.u.i.k.p.i.AbstractProblemLoader Environment load took 320.5ns 
91767      INFO  main            d.u.i.k.p.i.AbstractProblemLoader Creating init config 
94555      DEBUG main            d.u.i.k.p.i.AbstractProblemLoader Init config took 2.79s 
94593      INFO  main            d.u.i.k.p.i.AbstractProblemLoader Replaying proof LoopContractExamplesAll[LoopContractExamplesAll::sum_loopContract_onBlock([I)].JML normal_behavior loop contract.0 
94595      DEBUG main            d.u.i.k.p.i.IntermediateProofReplayer Proof replay took 12.7ns 
95298      INFO  main            d.u.i.k.p.r.p.TestFile    ... finished proof: closed. 
95548      INFO  main            d.u.i.k.p.i.AbstractProblemLoader Loading environment from /home/runner/work/key/key/key.core/../key.ui/examples/heap/block_loop_contracts/SimpleVariants/sum_onBlock_loop.key.proof 
95549      DEBUG main            d.u.i.k.p.i.AbstractProblemLoader Environment load took 511ns 
95550      INFO  main            d.u.i.k.p.i.AbstractProblemLoader Creating init config 
98235      DEBUG main            d.u.i.k.p.i.AbstractProblemLoader Init config took 2.69s 
98270      INFO  main            d.u.i.k.p.i.AbstractProblemLoader Replaying proof LoopContractExamplesAll[LoopContractExamplesAll::sum_loopContract_onBlock([I)].JML normal_behavior loop contract.0 
98458      DEBUG main            d.u.i.k.p.i.IntermediateProofReplayer Proof replay took 183.65ms 
98459      DEBUG main            d.u.i.k.p.r.p.TestFile    ... success: reloaded. 
98460      INFO  main            d.u.i.k.p.r.p.TestFile    Now processing file /home/runner/work/key/key/key.core/../key.ui/examples/heap/block_loop_contracts/SimpleVariants/sum_onLoop_external.key 
98460      INFO  main            d.u.i.k.p.i.AbstractProblemLoader Loading environment from /home/runner/work/key/key/key.core/../key.ui/examples/heap/block_loop_contracts/SimpleVariants/sum_onLoop_external.key 
98460      DEBUG main            d.u.i.k.p.i.AbstractProblemLoader Environment load took 93.3ns 
98461      INFO  main            d.u.i.k.p.i.AbstractProblemLoader Creating init config 
101232     DEBUG main            d.u.i.k.p.i.AbstractProblemLoader Init config took 2.77s 
101286     INFO  main            d.u.i.k.p.i.AbstractProblemLoader Replaying proof LoopContractExamplesAll[LoopContractExamplesAll::sum_loopContract_onLoop([I)].JML normal_behavior operation contract.0 
101290     DEBUG main            d.u.i.k.p.i.IntermediateProofReplayer Proof replay took 13.1ns 
101392     INFO  main            d.u.i.k.p.r.p.TestFile    ... finished proof: closed. 
101705     INFO  main            d.u.i.k.p.i.AbstractProblemLoader Loading environment from /home/runner/work/key/key/key.core/../key.ui/examples/heap/block_loop_contracts/SimpleVariants/sum_onLoop_external.key.proof 
101705     DEBUG main            d.u.i.k.p.i.AbstractProblemLoader Environment load took 126.1ns 
101706     INFO  main            d.u.i.k.p.i.AbstractProblemLoader Creating init config 
104390     DEBUG main            d.u.i.k.p.i.AbstractProblemLoader Init config took 2.68s 
104438     INFO  main            d.u.i.k.p.i.AbstractProblemLoader Replaying proof LoopContractExamplesAll[LoopContractExamplesAll::sum_loopContract_onLoop([I)].JML normal_behavior operation contract.0 
104465     DEBUG main            d.u.i.k.p.i.IntermediateProofReplayer Proof replay took 25.09ms 
104466     DEBUG main            d.u.i.k.p.r.p.TestFile    ... success: reloaded. 
104467     INFO  main            d.u.i.k.p.r.p.TestFile    Now processing file /home/runner/work/key/key/key.core/../key.ui/examples/heap/block_loop_contracts/SimpleVariants/sum_onLoop_internal.key 
104467     INFO  main            d.u.i.k.p.i.AbstractProblemLoader Loading environment from /home/runner/work/key/key/key.core/../key.ui/examples/heap/block_loop_contracts/SimpleVariants/sum_onLoop_internal.key 
104467     DEBUG main            d.u.i.k.p.i.AbstractProblemLoader Environment load took 91.7ns 
104469     INFO  main            d.u.i.k.p.i.AbstractProblemLoader Creating init config 
107424     DEBUG main            d.u.i.k.p.i.AbstractProblemLoader Init config took 2.96s 
107457     INFO  main            d.u.i.k.p.i.AbstractProblemLoader Replaying proof LoopContractExamplesAll[LoopContractExamplesAll::sum_loopContract_onLoop([I)].JML normal_behavior operation contract.0 
107459     DEBUG main            d.u.i.k.p.i.IntermediateProofReplayer Proof replay took 11.8ns 
108063     INFO  main            d.u.i.k.p.r.p.TestFile    ... finished proof: closed. 
108334     INFO  main            d.u.i.k.p.i.AbstractProblemLoader Loading environment from /home/runner/work/key/key/key.core/../key.ui/examples/heap/block_loop_contracts/SimpleVariants/sum_onLoop_internal.key.proof 
108334     DEBUG main            d.u.i.k.p.i.AbstractProblemLoader Environment load took 124.9ns 
108335     INFO  main            d.u.i.k.p.i.AbstractProblemLoader Creating init config 
110996     DEBUG main            d.u.i.k.p.i.AbstractProblemLoader Init config took 2.66s 
111031     INFO  main            d.u.i.k.p.i.AbstractProblemLoader Replaying proof LoopContractExamplesAll[LoopContractExamplesAll::sum_loopContract_onLoop([I)].JML normal_behavior operation contract.0 
111224     DEBUG main            d.u.i.k.p.i.IntermediateProofReplayer Proof replay took 185.76ms 
111225     DEBUG main            d.u.i.k.p.r.p.TestFile    ... success: reloaded. 
111226     INFO  main            d.u.i.k.p.r.p.TestFile    Now processing file /home/runner/work/key/key/key.core/../key.ui/examples/heap/block_loop_contracts/SimpleVariants/sum_onLoop_loop.key 
111226     INFO  main            d.u.i.k.p.i.AbstractProblemLoader Loading environment from /home/runner/work/key/key/key.core/../key.ui/examples/heap/block_loop_contracts/SimpleVariants/sum_onLoop_loop.key 
111226     DEBUG main            d.u.i.k.p.i.AbstractProblemLoader Environment load took 100.8ns 
111227     INFO  main            d.u.i.k.p.i.AbstractProblemLoader Creating init config 
113994     DEBUG main            d.u.i.k.p.i.AbstractProblemLoader Init config took 2.77s 
114028     INFO  main            d.u.i.k.p.i.AbstractProblemLoader Replaying proof LoopContractExamplesAll[LoopContractExamplesAll::sum_loopContract_onLoop([I)].JML normal_behavior loop contract.0 
114030     DEBUG main            d.u.i.k.p.i.IntermediateProofReplayer Proof replay took 21.8ns 
114734     INFO  main            d.u.i.k.p.r.p.TestFile    ... finished proof: closed. 
115043     INFO  main            d.u.i.k.p.i.AbstractProblemLoader Loading environment from /home/runner/work/key/key/key.core/../key.ui/examples/heap/block_loop_contracts/SimpleVariants/sum_onLoop_loop.key.proof 
115044     DEBUG main            d.u.i.k.p.i.AbstractProblemLoader Environment load took 991.41ns 
115045     INFO  main            d.u.i.k.p.i.AbstractProblemLoader Creating init config 
117706     DEBUG main            d.u.i.k.p.i.AbstractProblemLoader Init config took 2.66s 
117740     INFO  main            d.u.i.k.p.i.AbstractProblemLoader Replaying proof LoopContractExamplesAll[LoopContractExamplesAll::sum_loopContract_onLoop([I)].JML normal_behavior loop contract.0 
117923     DEBUG main            d.u.i.k.p.i.IntermediateProofReplayer Proof replay took 178.8ms 
117924     DEBUG main            d.u.i.k.p.r.p.TestFile    ... success: reloaded. 
117925     INFO  main            d.u.i.k.p.r.p.TestFile    Now processing file /home/runner/work/key/key/key.core/../key.ui/examples/heap/block_loop_contracts/Free/blockContracts0.key 
117925     INFO  main            d.u.i.k.p.i.AbstractProblemLoader Loading environment from /home/runner/work/key/key/key.core/../key.ui/examples/heap/block_loop_contracts/Free/blockContracts0.key 
117925     DEBUG main            d.u.i.k.p.i.AbstractProblemLoader Environment load took 282.3ns 
117927     INFO  main            d.u.i.k.p.i.AbstractProblemLoader Creating init config 
120349     DEBUG main            d.u.i.k.p.i.AbstractProblemLoader Init config took 2.42s 
120382     INFO  main            d.u.i.k.p.i.AbstractProblemLoader Replaying proof FreeConditions[FreeConditions::blockContract0()].JML normal_behavior operation contract.0 
120383     DEBUG main            d.u.i.k.p.i.IntermediateProofReplayer Proof replay took 13.2ns 
120485     INFO  main            d.u.i.k.p.r.p.TestFile    ... finished proof: closed. 
120770     INFO  main            d.u.i.k.p.i.AbstractProblemLoader Loading environment from /home/runner/work/key/key/key.core/../key.ui/examples/heap/block_loop_contracts/Free/blockContracts0.key.proof 
120770     DEBUG main            d.u.i.k.p.i.AbstractProblemLoader Environment load took 116.2ns 
120771     INFO  main            d.u.i.k.p.i.AbstractProblemLoader Creating init config 
123105     DEBUG main            d.u.i.k.p.i.AbstractProblemLoader Init config took 2.33s 
123137     INFO  main            d.u.i.k.p.i.AbstractProblemLoader Replaying proof FreeConditions[FreeConditions::blockContract0()].JML normal_behavior operation contract.0 
123155     DEBUG main            d.u.i.k.p.i.IntermediateProofReplayer Proof replay took 15.36ms 
123155     DEBUG main            d.u.i.k.p.r.p.TestFile    ... success: reloaded. 
123156     INFO  main            d.u.i.k.p.r.p.TestFile    Now processing file /home/runner/work/key/key/key.core/../key.ui/examples/heap/block_loop_contracts/Free/blockContracts1.key 
123157     INFO  main            d.u.i.k.p.i.AbstractProblemLoader Loading environment from /home/runner/work/key/key/key.core/../key.ui/examples/heap/block_loop_contracts/Free/blockContracts1.key 
123157     DEBUG main            d.u.i.k.p.i.AbstractProblemLoader Environment load took 94.4ns 
123157     INFO  main            d.u.i.k.p.i.AbstractProblemLoader Creating init config 
125544     DEBUG main            d.u.i.k.p.i.AbstractProblemLoader Init config took 2.39s 
125576     INFO  main            d.u.i.k.p.i.AbstractProblemLoader Replaying proof FreeConditions[FreeConditions::blockContract1()].JML normal_behavior operation contract.0 
125578     DEBUG main            d.u.i.k.p.i.IntermediateProofReplayer Proof replay took 12.9ns 
125681     INFO  main            d.u.i.k.p.r.p.TestFile    ... finished proof: closed. 
125941     INFO  main            d.u.i.k.p.i.AbstractProblemLoader Loading environment from /home/runner/work/key/key/key.core/../key.ui/examples/heap/block_loop_contracts/Free/blockContracts1.key.proof 
125941     DEBUG main            d.u.i.k.p.i.AbstractProblemLoader Environment load took 118.1ns 
125942     INFO  main            d.u.i.k.p.i.AbstractProblemLoader Creating init config 
128270     DEBUG main            d.u.i.k.p.i.AbstractProblemLoader Init config took 2.33s 
128302     INFO  main            d.u.i.k.p.i.AbstractProblemLoader Replaying proof FreeConditions[FreeConditions::blockContract1()].JML normal_behavior operation contract.0 
128317     DEBUG main            d.u.i.k.p.i.IntermediateProofReplayer Proof replay took 12.89ms 
128318     DEBUG main            d.u.i.k.p.r.p.TestFile    ... success: reloaded. 
128318     INFO  main            d.u.i.k.p.r.p.TestFile    Now processing file /home/runner/work/key/key/key.core/../key.ui/examples/heap/block_loop_contracts/Finally/block_finally.key 
128319     INFO  main            d.u.i.k.p.i.AbstractProblemLoader Loading environment from /home/runner/work/key/key/key.core/../key.ui/examples/heap/block_loop_contracts/Finally/block_finally.key 
128319     DEBUG main            d.u.i.k.p.i.AbstractProblemLoader Environment load took 104.3ns 
128320     INFO  main            d.u.i.k.p.i.AbstractProblemLoader Creating init config 
130722     DEBUG main            d.u.i.k.p.i.AbstractProblemLoader Init config took 2.4s 
130761     INFO  main            d.u.i.k.p.i.AbstractProblemLoader Replaying proof AuxiliaryContractsFinally[AuxiliaryContractsFinally::breakThrowContinueBlockContract(java.lang.Exception)].JML block contract.0 
130763     DEBUG main            d.u.i.k.p.i.IntermediateProofReplayer Proof replay took 12.6ns 
131271     INFO  main            d.u.i.k.p.r.p.TestFile    ... finished proof: open goal(s) 
131550     INFO  main            d.u.i.k.p.r.p.TestFile    Now processing file /home/runner/work/key/key/key.core/../key.ui/examples/heap/block_loop_contracts/Finally/loop_finally.key 
131551     INFO  main            d.u.i.k.p.i.AbstractProblemLoader Loading environment from /home/runner/work/key/key/key.core/../key.ui/examples/heap/block_loop_contracts/Finally/loop_finally.key 
131551     DEBUG main            d.u.i.k.p.i.AbstractProblemLoader Environment load took 90.9ns 
131552     INFO  main            d.u.i.k.p.i.AbstractProblemLoader Creating init config 
133891     DEBUG main            d.u.i.k.p.i.AbstractProblemLoader Init config took 2.34s 
133930     INFO  main            d.u.i.k.p.i.AbstractProblemLoader Replaying proof AuxiliaryContractsFinally[AuxiliaryContractsFinally::breakThrowContinueLoopContract(java.lang.Exception)].JML normal_behavior loop contract.0 
133932     DEBUG main            d.u.i.k.p.i.IntermediateProofReplayer Proof replay took 12.5ns 
134544     INFO  main            d.u.i.k.p.r.p.TestFile    ... finished proof: open goal(s) 
622815     INFO  Test worker     d.u.i.k.p.r.RunAllProofsTestUnit Returning from test blockContracts 
622816     INFO  Test worker     d.u.i.k.p.r.RunAllProofsTestUnit Running test jmlAsserts 
344        INFO  Timeout watchdog d.u.i.k.p.r.p.ForkedTestFileRunner Timeout watcher launched (2000 secs.) 
372        WARN  main            d.u.i.k.s.ProofSettings   The settings in /home/runner/.key/proof-settings.props are *not* read. 
406        INFO  main            d.u.i.k.p.r.p.TestFile    Now processing file /home/runner/work/key/key/key.core/../key.ui/examples/standard_key/java_dl/jml-assert/assert.key 
524        INFO  main            d.u.i.k.p.i.AbstractProblemLoader Loading environment from /home/runner/work/key/key/key.core/../key.ui/examples/standard_key/java_dl/jml-assert/assert.key 
541        DEBUG main            d.u.i.k.p.i.AbstractProblemLoader Environment load took 2.3ms 
754        INFO  main            d.u.i.k.p.i.AbstractProblemLoader Creating init config 
1606       DEBUG main            d.u.i.k.j.TypeConverter   No LDT found for Meta 
1607       DEBUG main            d.u.i.k.j.TypeConverter   No LDT found for Meta 
1608       DEBUG main            d.u.i.k.j.TypeConverter   No LDT found for Meta 
1610       DEBUG main            d.u.i.k.j.TypeConverter   No LDT found for Meta 
2881       DEBUG main            d.u.i.k.j.TypeConverter   No LDT found for JavaBigintExpression 
7754       DEBUG main            d.u.i.k.p.i.AbstractProblemLoader Init config took 7s 
7886       INFO  main            d.u.i.k.p.i.AbstractProblemLoader Replaying proof Assert[Assert::createArray(int)].JML normal_behavior operation contract.0 
7918       DEBUG main            d.u.i.k.p.i.IntermediateProofReplayer Proof replay took 31.2ns 
8878       INFO  main            d.u.i.k.p.r.p.TestFile    ... finished proof: closed. 
8996       INFO  main            d.u.i.k.p.i.AbstractProblemLoader Loading environment from /home/runner/work/key/key/key.core/../key.ui/examples/standard_key/java_dl/jml-assert/assert.key.proof 
9001       DEBUG main            d.u.i.k.p.i.AbstractProblemLoader Environment load took 4.32ms 
9003       INFO  main            d.u.i.k.p.i.AbstractProblemLoader Creating init config 
11869      DEBUG main            d.u.i.k.p.i.AbstractProblemLoader Init config took 2.87s 
11943      INFO  main            d.u.i.k.p.i.AbstractProblemLoader Replaying proof Assert[Assert::createArray(int)].JML normal_behavior operation contract.0 
12018      DEBUG main            d.u.i.k.p.i.IntermediateProofReplayer Proof replay took 69.46ms 
12026      DEBUG main            d.u.i.k.p.r.p.TestFile    ... success: reloaded. 
12027      INFO  main            d.u.i.k.p.r.p.TestFile    Now processing file /home/runner/work/key/key/key.core/../key.ui/examples/heap/block_loop_contracts/Free/assertions0.key 
12028      INFO  main            d.u.i.k.p.i.AbstractProblemLoader Loading environment from /home/runner/work/key/key/key.core/../key.ui/examples/heap/block_loop_contracts/Free/assertions0.key 
12028      DEBUG main            d.u.i.k.p.i.AbstractProblemLoader Environment load took 259.3ns 
12030      INFO  main            d.u.i.k.p.i.AbstractProblemLoader Creating init config 
14721      DEBUG main            d.u.i.k.p.i.AbstractProblemLoader Init config took 2.69s 
14778      INFO  main            d.u.i.k.p.i.AbstractProblemLoader Replaying proof FreeConditions[FreeConditions::assertions0()].JML normal_behavior operation contract.0 
14782      DEBUG main            d.u.i.k.p.i.IntermediateProofReplayer Proof replay took 15ns 
14985      INFO  main            d.u.i.k.p.r.p.TestFile    ... finished proof: closed. 
15171      INFO  main            d.u.i.k.p.i.AbstractProblemLoader Loading environment from /home/runner/work/key/key/key.core/../key.ui/examples/heap/block_loop_contracts/Free/assertions0.key.proof 
15171      DEBUG main            d.u.i.k.p.i.AbstractProblemLoader Environment load took 140.5ns 
15172      INFO  main            d.u.i.k.p.i.AbstractProblemLoader Creating init config 
17692      DEBUG main            d.u.i.k.p.i.AbstractProblemLoader Init config took 2.52s 
17741      INFO  main            d.u.i.k.p.i.AbstractProblemLoader Replaying proof FreeConditions[FreeConditions::assertions0()].JML normal_behavior operation contract.0 
17765      DEBUG main            d.u.i.k.p.i.IntermediateProofReplayer Proof replay took 21.15ms 
17767      DEBUG main            d.u.i.k.p.r.p.TestFile    ... success: reloaded. 
17768      INFO  main            d.u.i.k.p.r.p.TestFile    Now processing file /home/runner/work/key/key/key.core/../key.ui/examples/heap/block_loop_contracts/Free/assertions1.key 
17769      INFO  main            d.u.i.k.p.i.AbstractProblemLoader Loading environment from /home/runner/work/key/key/key.core/../key.ui/examples/heap/block_loop_contracts/Free/assertions1.key 
17769      DEBUG main            d.u.i.k.p.i.AbstractProblemLoader Environment load took 266.6ns 
17770      INFO  main            d.u.i.k.p.i.AbstractProblemLoader Creating init config 
20341      DEBUG main            d.u.i.k.p.i.AbstractProblemLoader Init config took 2.57s 
20388      INFO  main            d.u.i.k.p.i.AbstractProblemLoader Replaying proof FreeConditions[FreeConditions::assertions1()].JML normal_behavior operation contract.0 
20390      DEBUG main            d.u.i.k.p.i.IntermediateProofReplayer Proof replay took 22ns 
20495      INFO  main            d.u.i.k.p.r.p.TestFile    ... finished proof: closed. 
20680      INFO  main            d.u.i.k.p.i.AbstractProblemLoader Loading environment from /home/runner/work/key/key/key.core/../key.ui/examples/heap/block_loop_contracts/Free/assertions1.key.proof 
20680      DEBUG main            d.u.i.k.p.i.AbstractProblemLoader Environment load took 142.6ns 
20682      INFO  main            d.u.i.k.p.i.AbstractProblemLoader Creating init config 
23130      DEBUG main            d.u.i.k.p.i.AbstractProblemLoader Init config took 2.45s 
23174      INFO  main            d.u.i.k.p.i.AbstractProblemLoader Replaying proof FreeConditions[FreeConditions::assertions1()].JML normal_behavior operation contract.0 
23181      DEBUG main            d.u.i.k.p.i.IntermediateProofReplayer Proof replay took 4.91ms 
23181      DEBUG main            d.u.i.k.p.r.p.TestFile    ... success: reloaded. 
23183      INFO  main            d.u.i.k.p.r.p.TestFile    Now processing file /home/runner/work/key/key/key.core/../key.ui/examples/standard_key/java_dl/jml-assert/recursion-assert.key 
23183      INFO  main            d.u.i.k.p.i.AbstractProblemLoader Loading environment from /home/runner/work/key/key/key.core/../key.ui/examples/standard_key/java_dl/jml-assert/recursion-assert.key 
23183      DEBUG main            d.u.i.k.p.i.AbstractProblemLoader Environment load took 66.3ns 
23184      INFO  main            d.u.i.k.p.i.AbstractProblemLoader Creating init config 
25803      DEBUG main            d.u.i.k.p.i.AbstractProblemLoader Init config took 2.62s 
25854      INFO  main            d.u.i.k.p.i.AbstractProblemLoader Replaying proof RecursiveMethod[RecursiveMethod::fac1(int)].JML normal_behavior operation contract.0 
25856      DEBUG main            d.u.i.k.p.i.IntermediateProofReplayer Proof replay took 7.2ns 
26060      INFO  main            d.u.i.k.p.r.p.TestFile    ... finished proof: closed. 
26220      INFO  main            d.u.i.k.p.i.AbstractProblemLoader Loading environment from /home/runner/work/key/key/key.core/../key.ui/examples/standard_key/java_dl/jml-assert/recursion-assert.key.proof 
26220      DEBUG main            d.u.i.k.p.i.AbstractProblemLoader Environment load took 126.6ns 
26222      INFO  main            d.u.i.k.p.i.AbstractProblemLoader Creating init config 
28812      DEBUG main            d.u.i.k.p.i.AbstractProblemLoader Init config took 2.59s 
28857      INFO  main            d.u.i.k.p.i.AbstractProblemLoader Replaying proof RecursiveMethod[RecursiveMethod::fac1(int)].JML normal_behavior operation contract.0 
28894      DEBUG main            d.u.i.k.p.i.IntermediateProofReplayer Proof replay took 33.74ms 
28895      DEBUG main            d.u.i.k.p.r.p.TestFile    ... success: reloaded. 
28896      INFO  main            d.u.i.k.p.r.p.TestFile    Now processing file /home/runner/work/key/key/key.core/../key.ui/examples/standard_key/java_dl/jml-assert/recursion-assume.key 
28897      INFO  main            d.u.i.k.p.i.AbstractProblemLoader Loading environment from /home/runner/work/key/key/key.core/../key.ui/examples/standard_key/java_dl/jml-assert/recursion-assume.key 
28897      DEBUG main            d.u.i.k.p.i.AbstractProblemLoader Environment load took 242.1ns 
28898      INFO  main            d.u.i.k.p.i.AbstractProblemLoader Creating init config 
31623      DEBUG main            d.u.i.k.p.i.AbstractProblemLoader Init config took 2.73s 
31668      INFO  main            d.u.i.k.p.i.AbstractProblemLoader Replaying proof RecursiveMethod[RecursiveMethod::fac2(int)].JML normal_behavior operation contract.0 
31670      DEBUG main            d.u.i.k.p.i.IntermediateProofReplayer Proof replay took 7.2ns 
31874      INFO  main            d.u.i.k.p.r.p.TestFile    ... finished proof: closed. 
32051      INFO  main            d.u.i.k.p.i.AbstractProblemLoader Loading environment from /home/runner/work/key/key/key.core/../key.ui/examples/standard_key/java_dl/jml-assert/recursion-assume.key.proof 
32052      DEBUG main            d.u.i.k.p.i.AbstractProblemLoader Environment load took 131.9ns 
32053      INFO  main            d.u.i.k.p.i.AbstractProblemLoader Creating init config 
34602      DEBUG main            d.u.i.k.p.i.AbstractProblemLoader Init config took 2.55s 
34646      INFO  main            d.u.i.k.p.i.AbstractProblemLoader Replaying proof RecursiveMethod[RecursiveMethod::fac2(int)].JML normal_behavior operation contract.0 
34681      DEBUG main            d.u.i.k.p.i.IntermediateProofReplayer Proof replay took 31.73ms 
34682      DEBUG main            d.u.i.k.p.r.p.TestFile    ... success: reloaded. 
34683      INFO  main            d.u.i.k.p.r.p.TestFile    Now processing file /home/runner/work/key/key/key.core/../key.ui/examples/standard_key/java_dl/jml-assert/quantor-assert.key 
34684      INFO  main            d.u.i.k.p.i.AbstractProblemLoader Loading environment from /home/runner/work/key/key/key.core/../key.ui/examples/standard_key/java_dl/jml-assert/quantor-assert.key 
34684      DEBUG main            d.u.i.k.p.i.AbstractProblemLoader Environment load took 241.7ns 
34685      INFO  main            d.u.i.k.p.i.AbstractProblemLoader Creating init config 
37303      DEBUG main            d.u.i.k.p.i.AbstractProblemLoader Init config took 2.62s 
37347      INFO  main            d.u.i.k.p.i.AbstractProblemLoader Replaying proof Quantor[Quantor::square1(int)].JML normal_behavior operation contract.0 
37350      DEBUG main            d.u.i.k.p.i.IntermediateProofReplayer Proof replay took 5.8ns 
37453      INFO  main            d.u.i.k.p.r.p.TestFile    ... finished proof: closed. 
37646      INFO  main            d.u.i.k.p.i.AbstractProblemLoader Loading environment from /home/runner/work/key/key/key.core/../key.ui/examples/standard_key/java_dl/jml-assert/quantor-assert.key.proof 
37648      DEBUG main            d.u.i.k.p.i.AbstractProblemLoader Environment load took 1.83ms 
37649      INFO  main            d.u.i.k.p.i.AbstractProblemLoader Creating init config 
40147      DEBUG main            d.u.i.k.p.i.AbstractProblemLoader Init config took 2.5s 
40188      INFO  main            d.u.i.k.p.i.AbstractProblemLoader Replaying proof Quantor[Quantor::square1(int)].JML normal_behavior operation contract.0 
40204      DEBUG main            d.u.i.k.p.i.IntermediateProofReplayer Proof replay took 13.14ms 
40205      DEBUG main            d.u.i.k.p.r.p.TestFile    ... success: reloaded. 
40205      INFO  main            d.u.i.k.p.r.p.TestFile    Now processing file /home/runner/work/key/key/key.core/../key.ui/examples/standard_key/java_dl/jml-assert/quantor-assume.key 
40206      INFO  main            d.u.i.k.p.i.AbstractProblemLoader Loading environment from /home/runner/work/key/key/key.core/../key.ui/examples/standard_key/java_dl/jml-assert/quantor-assume.key 
40206      DEBUG main            d.u.i.k.p.i.AbstractProblemLoader Environment load took 111.8ns 
40207      INFO  main            d.u.i.k.p.i.AbstractProblemLoader Creating init config 
42784      DEBUG main            d.u.i.k.p.i.AbstractProblemLoader Init config took 2.58s 
42825      INFO  main            d.u.i.k.p.i.AbstractProblemLoader Replaying proof Quantor[Quantor::square2(int)].JML normal_behavior operation contract.0 
42826      DEBUG main            d.u.i.k.p.i.IntermediateProofReplayer Proof replay took 7.1ns 
42931      INFO  main            d.u.i.k.p.r.p.TestFile    ... finished proof: closed. 
43096      INFO  main            d.u.i.k.p.i.AbstractProblemLoader Loading environment from /home/runner/work/key/key/key.core/../key.ui/examples/standard_key/java_dl/jml-assert/quantor-assume.key.proof 
43096      DEBUG main            d.u.i.k.p.i.AbstractProblemLoader Environment load took 124.7ns 
43097      INFO  main            d.u.i.k.p.i.AbstractProblemLoader Creating init config 
45617      DEBUG main            d.u.i.k.p.i.AbstractProblemLoader Init config took 2.52s 
45658      INFO  main            d.u.i.k.p.i.AbstractProblemLoader Replaying proof Quantor[Quantor::square2(int)].JML normal_behavior operation contract.0 
45672      DEBUG main            d.u.i.k.p.i.IntermediateProofReplayer Proof replay took 11.9ms 
45673      DEBUG main            d.u.i.k.p.r.p.TestFile    ... success: reloaded. 
45674      INFO  main            d.u.i.k.p.r.p.TestFile    Now processing file /home/runner/work/key/key/key.core/../key.ui/examples/standard_key/java_dl/jml-assert/model-methods-static-static.key 
45675      INFO  main            d.u.i.k.p.i.AbstractProblemLoader Loading environment from /home/runner/work/key/key/key.core/../key.ui/examples/standard_key/java_dl/jml-assert/model-methods-static-static.key 
45675      DEBUG main            d.u.i.k.p.i.AbstractProblemLoader Environment load took 236.2ns 
45676      INFO  main            d.u.i.k.p.i.AbstractProblemLoader Creating init config 
48200      DEBUG main            d.u.i.k.p.i.AbstractProblemLoader Init config took 2.52s 
48263      INFO  main            d.u.i.k.p.i.AbstractProblemLoader Replaying proof ModelMethods[ModelMethods::test1()].JML normal_behavior operation contract.0 
48266      DEBUG main            d.u.i.k.p.i.IntermediateProofReplayer Proof replay took 8.4ns 
48368      INFO  main            d.u.i.k.p.r.p.TestFile    ... finished proof: closed. 
48555      INFO  main            d.u.i.k.p.i.AbstractProblemLoader Loading environment from /home/runner/work/key/key/key.core/../key.ui/examples/standard_key/java_dl/jml-assert/model-methods-static-static.key.proof 
48556      DEBUG main            d.u.i.k.p.i.AbstractProblemLoader Environment load took 1ms 
48557      INFO  main            d.u.i.k.p.i.AbstractProblemLoader Creating init config 
51064      DEBUG main            d.u.i.k.p.i.AbstractProblemLoader Init config took 2.51s 
51105      INFO  main            d.u.i.k.p.i.AbstractProblemLoader Replaying proof ModelMethods[ModelMethods::test1()].JML normal_behavior operation contract.0 
51113      DEBUG main            d.u.i.k.p.i.IntermediateProofReplayer Proof replay took 6.23ms 
51114      DEBUG main            d.u.i.k.p.r.p.TestFile    ... success: reloaded. 
51115      INFO  main            d.u.i.k.p.r.p.TestFile    Now processing file /home/runner/work/key/key/key.core/../key.ui/examples/standard_key/java_dl/jml-assert/model-methods-instance-static.key 
51115      INFO  main            d.u.i.k.p.i.AbstractProblemLoader Loading environment from /home/runner/work/key/key/key.core/../key.ui/examples/standard_key/java_dl/jml-assert/model-methods-instance-static.key 
51115      DEBUG main            d.u.i.k.p.i.AbstractProblemLoader Environment load took 108.6ns 
51116      INFO  main            d.u.i.k.p.i.AbstractProblemLoader Creating init config 
53684      DEBUG main            d.u.i.k.p.i.AbstractProblemLoader Init config took 2.57s 
53729      INFO  main            d.u.i.k.p.i.AbstractProblemLoader Replaying proof ModelMethods[ModelMethods::test2()].JML normal_behavior operation contract.0 
53731      DEBUG main            d.u.i.k.p.i.IntermediateProofReplayer Proof replay took 5.9ns 
53833      INFO  main            d.u.i.k.p.r.p.TestFile    ... finished proof: closed. 
54022      INFO  main            d.u.i.k.p.i.AbstractProblemLoader Loading environment from /home/runner/work/key/key/key.core/../key.ui/examples/standard_key/java_dl/jml-assert/model-methods-instance-static.key.proof 
54022      DEBUG main            d.u.i.k.p.i.AbstractProblemLoader Environment load took 125.4ns 
54023      INFO  main            d.u.i.k.p.i.AbstractProblemLoader Creating init config 
56517      DEBUG main            d.u.i.k.p.i.AbstractProblemLoader Init config took 2.49s 
56554      INFO  main            d.u.i.k.p.i.AbstractProblemLoader Replaying proof ModelMethods[ModelMethods::test2()].JML normal_behavior operation contract.0 
56564      DEBUG main            d.u.i.k.p.i.IntermediateProofReplayer Proof replay took 7.93ms 
56565      DEBUG main            d.u.i.k.p.r.p.TestFile    ... success: reloaded. 
56566      INFO  main            d.u.i.k.p.r.p.TestFile    Now processing file /home/runner/work/key/key/key.core/../key.ui/examples/standard_key/java_dl/jml-assert/model-methods-instance-instance.key 
56566      INFO  main            d.u.i.k.p.i.AbstractProblemLoader Loading environment from /home/runner/work/key/key/key.core/../key.ui/examples/standard_key/java_dl/jml-assert/model-methods-instance-instance.key 
56566      DEBUG main            d.u.i.k.p.i.AbstractProblemLoader Environment load took 103.5ns 
56567      INFO  main            d.u.i.k.p.i.AbstractProblemLoader Creating init config 
59097      DEBUG main            d.u.i.k.p.i.AbstractProblemLoader Init config took 2.53s 
59134      INFO  main            d.u.i.k.p.i.AbstractProblemLoader Replaying proof ModelMethods[ModelMethods::test3()].JML normal_behavior operation contract.0 
59136      DEBUG main            d.u.i.k.p.i.IntermediateProofReplayer Proof replay took 6.8ns 
59238      INFO  main            d.u.i.k.p.r.p.TestFile    ... finished proof: closed. 
59437      INFO  main            d.u.i.k.p.i.AbstractProblemLoader Loading environment from /home/runner/work/key/key/key.core/../key.ui/examples/standard_key/java_dl/jml-assert/model-methods-instance-instance.key.proof 
59438      DEBUG main            d.u.i.k.p.i.AbstractProblemLoader Environment load took 127.8ns 
59438      INFO  main            d.u.i.k.p.i.AbstractProblemLoader Creating init config 
61899      DEBUG main            d.u.i.k.p.i.AbstractProblemLoader Init config took 2.46s 
61938      INFO  main            d.u.i.k.p.i.AbstractProblemLoader Replaying proof ModelMethods[ModelMethods::test3()].JML normal_behavior operation contract.0 
61951      DEBUG main            d.u.i.k.p.i.IntermediateProofReplayer Proof replay took 10.17ms 
61952      DEBUG main            d.u.i.k.p.r.p.TestFile    ... success: reloaded. 
61953      INFO  main            d.u.i.k.p.r.p.TestFile    Now processing file /home/runner/work/key/key/key.core/../key.ui/examples/standard_key/java_dl/jml-assert/model-methods-static-instance.key 
61954      INFO  main            d.u.i.k.p.i.AbstractProblemLoader Loading environment from /home/runner/work/key/key/key.core/../key.ui/examples/standard_key/java_dl/jml-assert/model-methods-static-instance.key 
61954      DEBUG main            d.u.i.k.p.i.AbstractProblemLoader Environment load took 279.3ns 
61955      INFO  main            d.u.i.k.p.i.AbstractProblemLoader Creating init config 
64481      DEBUG main            d.u.i.k.p.i.AbstractProblemLoader Init config took 2.53s 
64517      INFO  main            d.u.i.k.p.i.AbstractProblemLoader Replaying proof ModelMethods[ModelMethods::test4()].JML normal_behavior operation contract.0 
64518      DEBUG main            d.u.i.k.p.i.IntermediateProofReplayer Proof replay took 6.3ns 
64623      INFO  main            d.u.i.k.p.r.p.TestFile    ... finished proof: closed. 
64825      INFO  main            d.u.i.k.p.i.AbstractProblemLoader Loading environment from /home/runner/work/key/key/key.core/../key.ui/examples/standard_key/java_dl/jml-assert/model-methods-static-instance.key.proof 
64825      DEBUG main            d.u.i.k.p.i.AbstractProblemLoader Environment load took 124.9ns 
64827      INFO  main            d.u.i.k.p.i.AbstractProblemLoader Creating init config 
67287      DEBUG main            d.u.i.k.p.i.AbstractProblemLoader Init config took 2.46s 
67326      INFO  main            d.u.i.k.p.i.AbstractProblemLoader Replaying proof ModelMethods[ModelMethods::test4()].JML normal_behavior operation contract.0 
67358      DEBUG main            d.u.i.k.p.i.IntermediateProofReplayer Proof replay took 27.5ms 
67360      DEBUG main            d.u.i.k.p.r.p.TestFile    ... success: reloaded. 
67361      INFO  main            d.u.i.k.p.r.p.TestFile    Now processing file /home/runner/work/key/key/key.core/../key.ui/examples/standard_key/java_dl/jml-assert/assert-old/inc-field.key 
67361      INFO  main            d.u.i.k.p.i.AbstractProblemLoader Loading environment from /home/runner/work/key/key/key.core/../key.ui/examples/standard_key/java_dl/jml-assert/assert-old/inc-field.key 
67361      DEBUG main            d.u.i.k.p.i.AbstractProblemLoader Environment load took 227.2ns 
67362      INFO  main            d.u.i.k.p.i.AbstractProblemLoader Creating init config 
69824      DEBUG main            d.u.i.k.p.i.AbstractProblemLoader Init config took 2.46s 
69859      INFO  main            d.u.i.k.p.i.AbstractProblemLoader Replaying proof Inc[Inc::inc_field()].JML normal_behavior operation contract.0 
69860      DEBUG main            d.u.i.k.p.i.IntermediateProofReplayer Proof replay took 6.5ns 
69963      INFO  main            d.u.i.k.p.r.p.TestFile    ... finished proof: closed. 
70202      INFO  main            d.u.i.k.p.i.AbstractProblemLoader Loading environment from /home/runner/work/key/key/key.core/../key.ui/examples/standard_key/java_dl/jml-assert/assert-old/inc-field.key.proof 
70202      DEBUG main            d.u.i.k.p.i.AbstractProblemLoader Environment load took 130.6ns 
70203      INFO  main            d.u.i.k.p.i.AbstractProblemLoader Creating init config 
72549      DEBUG main            d.u.i.k.p.i.AbstractProblemLoader Init config took 2.35s 
72584      INFO  main            d.u.i.k.p.i.AbstractProblemLoader Replaying proof Inc[Inc::inc_field()].JML normal_behavior operation contract.0 
72609      DEBUG main            d.u.i.k.p.i.IntermediateProofReplayer Proof replay took 22.68ms 
72609      DEBUG main            d.u.i.k.p.r.p.TestFile    ... success: reloaded. 
72610      INFO  main            d.u.i.k.p.r.p.TestFile    Now processing file /home/runner/work/key/key/key.core/../key.ui/examples/standard_key/java_dl/jml-assert/assert-old/inc-parameter.key 
72610      INFO  main            d.u.i.k.p.i.AbstractProblemLoader Loading environment from /home/runner/work/key/key/key.core/../key.ui/examples/standard_key/java_dl/jml-assert/assert-old/inc-parameter.key 
72611      DEBUG main            d.u.i.k.p.i.AbstractProblemLoader Environment load took 105.8ns 
72611      INFO  main            d.u.i.k.p.i.AbstractProblemLoader Creating init config 
75059      DEBUG main            d.u.i.k.p.i.AbstractProblemLoader Init config took 2.45s 
75093      INFO  main            d.u.i.k.p.i.AbstractProblemLoader Replaying proof Inc[Inc::inc_parameter(int)].JML normal_behavior operation contract.0 
75094      DEBUG main            d.u.i.k.p.i.IntermediateProofReplayer Proof replay took 7.1ns 
75196      INFO  main            d.u.i.k.p.r.p.TestFile    ... finished proof: closed. 
75419      INFO  main            d.u.i.k.p.i.AbstractProblemLoader Loading environment from /home/runner/work/key/key/key.core/../key.ui/examples/standard_key/java_dl/jml-assert/assert-old/inc-parameter.key.proof 
75419      DEBUG main            d.u.i.k.p.i.AbstractProblemLoader Environment load took 125ns 
75420      INFO  main            d.u.i.k.p.i.AbstractProblemLoader Creating init config 
77762      DEBUG main            d.u.i.k.p.i.AbstractProblemLoader Init config took 2.34s 
77796      INFO  main            d.u.i.k.p.i.AbstractProblemLoader Replaying proof Inc[Inc::inc_parameter(int)].JML normal_behavior operation contract.0 
77810      DEBUG main            d.u.i.k.p.i.IntermediateProofReplayer Proof replay took 11.53ms 
77810      DEBUG main            d.u.i.k.p.r.p.TestFile    ... success: reloaded. 
77811      INFO  main            d.u.i.k.p.r.p.TestFile    Now processing file /home/runner/work/key/key/key.core/../key.ui/examples/standard_key/java_dl/jml-assert/assert-old/inc-parameter-field.key 
77811      INFO  main            d.u.i.k.p.i.AbstractProblemLoader Loading environment from /home/runner/work/key/key/key.core/../key.ui/examples/standard_key/java_dl/jml-assert/assert-old/inc-parameter-field.key 
77811      DEBUG main            d.u.i.k.p.i.AbstractProblemLoader Environment load took 101.1ns 
77812      INFO  main            d.u.i.k.p.i.AbstractProblemLoader Creating init config 
80252      DEBUG main            d.u.i.k.p.i.AbstractProblemLoader Init config took 2.44s 
80288      INFO  main            d.u.i.k.p.i.AbstractProblemLoader Replaying proof Inc[Inc::inc_parameter_field(Inc)].JML normal_behavior operation contract.0 
80290      DEBUG main            d.u.i.k.p.i.IntermediateProofReplayer Proof replay took 6.4ns 
80493      INFO  main            d.u.i.k.p.r.p.TestFile    ... finished proof: closed. 
80720      INFO  main            d.u.i.k.p.i.AbstractProblemLoader Loading environment from /home/runner/work/key/key/key.core/../key.ui/examples/standard_key/java_dl/jml-assert/assert-old/inc-parameter-field.key.proof 
80720      DEBUG main            d.u.i.k.p.i.AbstractProblemLoader Environment load took 120.4ns 
80721      INFO  main            d.u.i.k.p.i.AbstractProblemLoader Creating init config 
83066      DEBUG main            d.u.i.k.p.i.AbstractProblemLoader Init config took 2.35s 
83099      INFO  main            d.u.i.k.p.i.AbstractProblemLoader Replaying proof Inc[Inc::inc_parameter_field(Inc)].JML normal_behavior operation contract.0 
83141      DEBUG main            d.u.i.k.p.i.IntermediateProofReplayer Proof replay took 39.46ms 
83142      DEBUG main            d.u.i.k.p.r.p.TestFile    ... success: reloaded. 
83143      INFO  main            d.u.i.k.p.r.p.TestFile    Now processing file /home/runner/work/key/key/key.core/../key.ui/examples/standard_key/java_dl/jml-assert/assert-old/inc-ghost-field.key 
83143      INFO  main            d.u.i.k.p.i.AbstractProblemLoader Loading environment from /home/runner/work/key/key/key.core/../key.ui/examples/standard_key/java_dl/jml-assert/assert-old/inc-ghost-field.key 
83143      DEBUG main            d.u.i.k.p.i.AbstractProblemLoader Environment load took 212.1ns 
83144      INFO  main            d.u.i.k.p.i.AbstractProblemLoader Creating init config 
85562      DEBUG main            d.u.i.k.p.i.AbstractProblemLoader Init config took 2.42s 
85595      INFO  main            d.u.i.k.p.i.AbstractProblemLoader Replaying proof Inc[Inc::inc_ghost_field()].JML normal_behavior operation contract.0 
85596      DEBUG main            d.u.i.k.p.i.IntermediateProofReplayer Proof replay took 5.8ns 
85703      INFO  main            d.u.i.k.p.r.p.TestFile    ... finished proof: closed. 
85939      INFO  main            d.u.i.k.p.i.AbstractProblemLoader Loading environment from /home/runner/work/key/key/key.core/../key.ui/examples/standard_key/java_dl/jml-assert/assert-old/inc-ghost-field.key.proof 
85939      DEBUG main            d.u.i.k.p.i.AbstractProblemLoader Environment load took 123.3ns 
85940      INFO  main            d.u.i.k.p.i.AbstractProblemLoader Creating init config 
88293      DEBUG main            d.u.i.k.p.i.AbstractProblemLoader Init config took 2.35s 
88327      INFO  main            d.u.i.k.p.i.AbstractProblemLoader Replaying proof Inc[Inc::inc_ghost_field()].JML normal_behavior operation contract.0 
88361      DEBUG main            d.u.i.k.p.i.IntermediateProofReplayer Proof replay took 31.98ms 
88362      DEBUG main            d.u.i.k.p.r.p.TestFile    ... success: reloaded. 
711349     INFO  Test worker     d.u.i.k.p.r.RunAllProofsTestUnit Returning from test jmlAsserts 
711350     INFO  Test worker     d.u.i.k.p.r.RunAllProofsTestUnit Running test javaCard 
374        INFO  Timeout watchdog d.u.i.k.p.r.p.ForkedTestFileRunner Timeout watcher launched (2000 secs.) 
373        WARN  main            d.u.i.k.s.ProofSettings   The settings in /home/runner/.key/proof-settings.props are *not* read. 
406        INFO  main            d.u.i.k.p.r.p.TestFile    Now processing file /home/runner/work/key/key/key.core/../key.ui/examples/heap/javacard/updateBalance0.key 
512        INFO  main            d.u.i.k.p.i.AbstractProblemLoader Loading environment from /home/runner/work/key/key/key.core/../key.ui/examples/heap/javacard/updateBalance0.key 
529        DEBUG main            d.u.i.k.p.i.AbstractProblemLoader Environment load took 2.17ms 
754        INFO  main            d.u.i.k.p.i.AbstractProblemLoader Creating init config 
1753       DEBUG main            d.u.i.k.j.TypeConverter   No LDT found for Meta 
1756       DEBUG main            d.u.i.k.j.TypeConverter   No LDT found for Meta 
1758       DEBUG main            d.u.i.k.j.TypeConverter   No LDT found for Meta 
1758       DEBUG main            d.u.i.k.j.TypeConverter   No LDT found for Meta 
3328       DEBUG main            d.u.i.k.j.TypeConverter   No LDT found for JavaBigintExpression 
6970       DEBUG main            d.u.i.k.p.i.AbstractProblemLoader Init config took 6.22s 
7114       INFO  main            d.u.i.k.p.i.AbstractProblemLoader Replaying proof Examples[Examples::updateBalance(short)].JML normal_behavior operation contract.0 
7147       DEBUG main            d.u.i.k.p.i.IntermediateProofReplayer Proof replay took 29.4ns 
8593       INFO  main            d.u.i.k.p.r.p.TestFile    ... finished proof: closed. 
8742       INFO  main            d.u.i.k.p.i.AbstractProblemLoader Loading environment from /home/runner/work/key/key/key.core/../key.ui/examples/heap/javacard/updateBalance0.key.proof 
8744       DEBUG main            d.u.i.k.p.i.AbstractProblemLoader Environment load took 1.9ms 
8749       INFO  main            d.u.i.k.p.i.AbstractProblemLoader Creating init config 
10486      DEBUG main            d.u.i.k.p.i.AbstractProblemLoader Init config took 1.74s 
10578      INFO  main            d.u.i.k.p.i.AbstractProblemLoader Replaying proof Examples[Examples::updateBalance(short)].JML normal_behavior operation contract.0 
10786      DEBUG main            d.u.i.k.p.i.IntermediateProofReplayer Proof replay took 189.42ms 
10797      DEBUG main            d.u.i.k.p.r.p.TestFile    ... success: reloaded. 
10804      INFO  main            d.u.i.k.p.r.p.TestFile    Now processing file /home/runner/work/key/key/key.core/../key.ui/examples/heap/javacard/updateBalance1.key 
10804      INFO  main            d.u.i.k.p.i.AbstractProblemLoader Loading environment from /home/runner/work/key/key/key.core/../key.ui/examples/heap/javacard/updateBalance1.key 
10804      DEBUG main            d.u.i.k.p.i.AbstractProblemLoader Environment load took 147.2ns 
10807      INFO  main            d.u.i.k.p.i.AbstractProblemLoader Creating init config 
12461      DEBUG main            d.u.i.k.p.i.AbstractProblemLoader Init config took 1.65s 
12510      INFO  main            d.u.i.k.p.i.AbstractProblemLoader Replaying proof Examples[Examples::updateBalance(short)].JML normal_behavior operation contract.1 
12513      DEBUG main            d.u.i.k.p.i.IntermediateProofReplayer Proof replay took 8.2ns 
13118      INFO  main            d.u.i.k.p.r.p.TestFile    ... finished proof: closed. 
13266      INFO  main            d.u.i.k.p.i.AbstractProblemLoader Loading environment from /home/runner/work/key/key/key.core/../key.ui/examples/heap/javacard/updateBalance1.key.proof 
13267      DEBUG main            d.u.i.k.p.i.AbstractProblemLoader Environment load took 507.81ns 
13268      INFO  main            d.u.i.k.p.i.AbstractProblemLoader Creating init config 
14836      DEBUG main            d.u.i.k.p.i.AbstractProblemLoader Init config took 1.57s 
14906      INFO  main            d.u.i.k.p.i.AbstractProblemLoader Replaying proof Examples[Examples::updateBalance(short)].JML normal_behavior operation contract.1 
15022      DEBUG main            d.u.i.k.p.i.IntermediateProofReplayer Proof replay took 108.91ms 
15025      DEBUG main            d.u.i.k.p.r.p.TestFile    ... success: reloaded. 
15030      INFO  main            d.u.i.k.p.r.p.TestFile    Now processing file /home/runner/work/key/key/key.core/../key.ui/examples/heap/javacard/setArray1.key 
15031      INFO  main            d.u.i.k.p.i.AbstractProblemLoader Loading environment from /home/runner/work/key/key/key.core/../key.ui/examples/heap/javacard/setArray1.key 
15031      DEBUG main            d.u.i.k.p.i.AbstractProblemLoader Environment load took 123.8ns 
15033      INFO  main            d.u.i.k.p.i.AbstractProblemLoader Creating init config 
16605      DEBUG main            d.u.i.k.p.i.AbstractProblemLoader Init config took 1.57s 
16650      INFO  main            d.u.i.k.p.i.AbstractProblemLoader Replaying proof Examples[Examples::setArray1([B)].JML normal_behavior operation contract.0 
16655      DEBUG main            d.u.i.k.p.i.IntermediateProofReplayer Proof replay took 6.7ns 
17760      INFO  main            d.u.i.k.p.r.p.TestFile    ... finished proof: closed. 
17887      INFO  main            d.u.i.k.p.i.AbstractProblemLoader Loading environment from /home/runner/work/key/key/key.core/../key.ui/examples/heap/javacard/setArray1.key.proof 
17891      DEBUG main            d.u.i.k.p.i.AbstractProblemLoader Environment load took 3.99ms 
17896      INFO  main            d.u.i.k.p.i.AbstractProblemLoader Creating init config 
19425      DEBUG main            d.u.i.k.p.i.AbstractProblemLoader Init config took 1.53s 
19464      INFO  main            d.u.i.k.p.i.AbstractProblemLoader Replaying proof Examples[Examples::setArray1([B)].JML normal_behavior operation contract.0 
19642      DEBUG main            d.u.i.k.p.i.IntermediateProofReplayer Proof replay took 172.96ms 
19644      DEBUG main            d.u.i.k.p.r.p.TestFile    ... success: reloaded. 
19646      INFO  main            d.u.i.k.p.r.p.TestFile    Now processing file /home/runner/work/key/key/key.core/../key.ui/examples/heap/javacard/setArray2.key 
19646      INFO  main            d.u.i.k.p.i.AbstractProblemLoader Loading environment from /home/runner/work/key/key/key.core/../key.ui/examples/heap/javacard/setArray2.key 
19646      DEBUG main            d.u.i.k.p.i.AbstractProblemLoader Environment load took 110ns 
19647      INFO  main            d.u.i.k.p.i.AbstractProblemLoader Creating init config 
21167      DEBUG main            d.u.i.k.p.i.AbstractProblemLoader Init config took 1.52s 
21209      INFO  main            d.u.i.k.p.i.AbstractProblemLoader Replaying proof Examples[Examples::setArray2([B)].JML normal_behavior operation contract.0 
21212      DEBUG main            d.u.i.k.p.i.IntermediateProofReplayer Proof replay took 6.4ns 
22325      INFO  main            d.u.i.k.p.r.p.TestFile    ... finished proof: closed. 
22457      INFO  main            d.u.i.k.p.i.AbstractProblemLoader Loading environment from /home/runner/work/key/key/key.core/../key.ui/examples/heap/javacard/setArray2.key.proof 
22457      DEBUG main            d.u.i.k.p.i.AbstractProblemLoader Environment load took 125.1ns 
22460      INFO  main            d.u.i.k.p.i.AbstractProblemLoader Creating init config 
23959      DEBUG main            d.u.i.k.p.i.AbstractProblemLoader Init config took 1.5s 
23997      INFO  main            d.u.i.k.p.i.AbstractProblemLoader Replaying proof Examples[Examples::setArray2([B)].JML normal_behavior operation contract.0 
24158      DEBUG main            d.u.i.k.p.i.IntermediateProofReplayer Proof replay took 155.6ms 
24161      DEBUG main            d.u.i.k.p.r.p.TestFile    ... success: reloaded. 
24163      INFO  main            d.u.i.k.p.r.p.TestFile    Now processing file /home/runner/work/key/key/key.core/../key.ui/examples/heap/javacard/arrayFillNonAtomic.key 
24163      INFO  main            d.u.i.k.p.i.AbstractProblemLoader Loading environment from /home/runner/work/key/key/key.core/../key.ui/examples/heap/javacard/arrayFillNonAtomic.key 
24164      DEBUG main            d.u.i.k.p.i.AbstractProblemLoader Environment load took 236.8ns 
24165      INFO  main            d.u.i.k.p.i.AbstractProblemLoader Creating init config 
25684      DEBUG main            d.u.i.k.p.i.AbstractProblemLoader Init config took 1.52s 
25738      INFO  main            d.u.i.k.p.i.AbstractProblemLoader Replaying proof javacard.framework.Util[javacard.framework.Util::arrayFillNonAtomic([B,short,short,byte)].JML behavior operation contract.0.transaction_inactive 
25740      DEBUG main            d.u.i.k.p.i.IntermediateProofReplayer Proof replay took 6.8ns 
26579      DEBUG Thread-13       d.u.i.k.l.o.ProgramSV     Match failed: Former match of  SchemaVariable incompatible with  the current match. 
26579      DEBUG Thread-13       d.u.i.k.l.o.ProgramSV     Match failed: Former match of  SchemaVariable incompatible with  the current match. 
27908      DEBUG Thread-13       d.u.i.k.l.o.ProgramSV     Match failed: Former match of  SchemaVariable incompatible with  the current match. 
27908      DEBUG Thread-13       d.u.i.k.l.o.ProgramSV     Match failed: Former match of  SchemaVariable incompatible with  the current match. 
29555      INFO  main            d.u.i.k.p.r.p.TestFile    ... finished proof: closed. 
29714      INFO  main            d.u.i.k.p.i.AbstractProblemLoader Loading environment from /home/runner/work/key/key/key.core/../key.ui/examples/heap/javacard/arrayFillNonAtomic.key.proof 
29724      DEBUG main            d.u.i.k.p.i.AbstractProblemLoader Environment load took 9.55ms 
29726      INFO  main            d.u.i.k.p.i.AbstractProblemLoader Creating init config 
31208      DEBUG main            d.u.i.k.p.i.AbstractProblemLoader Init config took 1.48s 
31273      INFO  main            d.u.i.k.p.i.AbstractProblemLoader Replaying proof javacard.framework.Util[javacard.framework.Util::arrayFillNonAtomic([B,short,short,byte)].JML behavior operation contract.0.transaction_inactive 
31952      DEBUG main            d.u.i.k.p.i.IntermediateProofReplayer Proof replay took 662.48ms 
31953      DEBUG main            d.u.i.k.p.r.p.TestFile    ... success: reloaded. 
31955      INFO  main            d.u.i.k.p.r.p.TestFile    Now processing file /home/runner/work/key/key/key.core/../key.ui/examples/heap/coincidence_count/project.key 
31955      INFO  main            d.u.i.k.p.i.AbstractProblemLoader Loading environment from /home/runner/work/key/key/key.core/../key.ui/examples/heap/coincidence_count/project.key 
31955      DEBUG main            d.u.i.k.p.i.AbstractProblemLoader Environment load took 254.9ns 
31956      INFO  main            d.u.i.k.p.i.AbstractProblemLoader Creating init config 
35298      DEBUG main            d.u.i.k.p.i.AbstractProblemLoader Init config took 3.34s 
35383      INFO  main            d.u.i.k.p.i.AbstractProblemLoader Replaying proof CC[CC::calcCoinIndex([I,[I)].JML normal_behavior operation contract.0 
35388      DEBUG main            d.u.i.k.p.i.IntermediateProofReplayer Proof replay took 7.3ns 
53311      INFO  main            d.u.i.k.p.r.p.TestFile    ... finished proof: closed. 
53600      INFO  main            d.u.i.k.p.i.AbstractProblemLoader Loading environment from /home/runner/work/key/key/key.core/../key.ui/examples/heap/coincidence_count/project.key.proof 
53601      DEBUG main            d.u.i.k.p.i.AbstractProblemLoader Environment load took 498.31ns 
53605      INFO  main            d.u.i.k.p.i.AbstractProblemLoader Creating init config 
56124      DEBUG main            d.u.i.k.p.i.AbstractProblemLoader Init config took 2.52s 
56172      INFO  main            d.u.i.k.p.i.AbstractProblemLoader Replaying proof CC[CC::calcCoinIndex([I,[I)].JML normal_behavior operation contract.0 
56862      DEBUG main            d.u.i.k.p.i.IntermediateProofReplayer Proof replay took 623.47ms 
56867      DEBUG main            d.u.i.k.p.r.p.TestFile    ... success: reloaded. 
56868      INFO  main            d.u.i.k.p.r.p.TestFile    Now processing file /home/runner/work/key/key/key.core/../key.ui/examples/heap/verifyThis11_1_Maximum/project.key 
56869      INFO  main            d.u.i.k.p.i.AbstractProblemLoader Loading environment from /home/runner/work/key/key/key.core/../key.ui/examples/heap/verifyThis11_1_Maximum/project.key 
56869      DEBUG main            d.u.i.k.p.i.AbstractProblemLoader Environment load took 247.4ns 
56870      INFO  main            d.u.i.k.p.i.AbstractProblemLoader Creating init config 
59380      DEBUG main            d.u.i.k.p.i.AbstractProblemLoader Init config took 2.51s 
59420      INFO  main            d.u.i.k.p.i.AbstractProblemLoader Replaying proof Maximum[Maximum::maxIndex([I)].JML normal_behavior operation contract.0 
59422      DEBUG main            d.u.i.k.p.i.IntermediateProofReplayer Proof replay took 6ns 
60337      INFO  main            d.u.i.k.p.r.p.TestFile    ... finished proof: closed. 
60586      INFO  main            d.u.i.k.p.i.AbstractProblemLoader Loading environment from /home/runner/work/key/key/key.core/../key.ui/examples/heap/verifyThis11_1_Maximum/project.key.proof 
60586      DEBUG main            d.u.i.k.p.i.AbstractProblemLoader Environment load took 486.31ns 
60588      INFO  main            d.u.i.k.p.i.AbstractProblemLoader Creating init config 
63024      DEBUG main            d.u.i.k.p.i.AbstractProblemLoader Init config took 2.44s 
63062      INFO  main            d.u.i.k.p.i.AbstractProblemLoader Replaying proof Maximum[Maximum::maxIndex([I)].JML normal_behavior operation contract.0 
63203      DEBUG main            d.u.i.k.p.i.IntermediateProofReplayer Proof replay took 135.27ms 
63204      DEBUG main            d.u.i.k.p.r.p.TestFile    ... success: reloaded. 
63205      INFO  main            d.u.i.k.p.r.p.TestFile    Now processing file /home/runner/work/key/key/key.core/../key.ui/examples/heap/fm12_01_LRS/lcp.key 
63205      INFO  main            d.u.i.k.p.i.AbstractProblemLoader Loading environment from /home/runner/work/key/key/key.core/../key.ui/examples/heap/fm12_01_LRS/lcp.key 
63205      DEBUG main            d.u.i.k.p.i.AbstractProblemLoader Environment load took 235.9ns 
63206      INFO  main            d.u.i.k.p.i.AbstractProblemLoader Creating init config 
66276      DEBUG main            d.u.i.k.p.i.AbstractProblemLoader Init config took 3.07s 
66332      INFO  main            d.u.i.k.p.i.AbstractProblemLoader Replaying proof LCP[LCP::lcp([I,int,int)].JML normal_behavior operation contract.0 
66334      DEBUG main            d.u.i.k.p.i.IntermediateProofReplayer Proof replay took 6ns 
67264      INFO  main            d.u.i.k.p.r.p.TestFile    ... finished proof: closed. 
67507      INFO  main            d.u.i.k.p.i.AbstractProblemLoader Loading environment from /home/runner/work/key/key/key.core/../key.ui/examples/heap/fm12_01_LRS/lcp.key.proof 
67507      DEBUG main            d.u.i.k.p.i.AbstractProblemLoader Environment load took 526.9ns 
67509      INFO  main            d.u.i.k.p.i.AbstractProblemLoader Creating init config 
70385      DEBUG main            d.u.i.k.p.i.AbstractProblemLoader Init config took 2.88s 
70439      INFO  main            d.u.i.k.p.i.AbstractProblemLoader Replaying proof LCP[LCP::lcp([I,int,int)].JML normal_behavior operation contract.0 
70584      DEBUG main            d.u.i.k.p.i.IntermediateProofReplayer Proof replay took 139.42ms 
70585      DEBUG main            d.u.i.k.p.r.p.TestFile    ... success: reloaded. 
70587      INFO  main            d.u.i.k.p.r.p.TestFile    Now processing file /home/runner/work/key/key/key.core/../key.ui/examples/heap/SemanticSlicing/project.key 
70587      INFO  main            d.u.i.k.p.i.AbstractProblemLoader Loading environment from /home/runner/work/key/key/key.core/../key.ui/examples/heap/SemanticSlicing/project.key 
70587      DEBUG main            d.u.i.k.p.i.AbstractProblemLoader Environment load took 253.5ns 
70588      INFO  main            d.u.i.k.p.i.AbstractProblemLoader Creating init config 
73153      DEBUG main            d.u.i.k.p.i.AbstractProblemLoader Init config took 2.56s 
73205      INFO  main            d.u.i.k.p.i.AbstractProblemLoader Replaying proof unsatcore_after.competition.postcond5.scope333.LRS[unsatcore_after.competition.postcond5.scope333.LRS::doLRS()].JML operation contract.0 
73207      DEBUG main            d.u.i.k.p.i.IntermediateProofReplayer Proof replay took 6.4ns 
77244      INFO  main            d.u.i.k.p.r.p.TestFile    ... finished proof: closed. 
77523      INFO  main            d.u.i.k.p.i.AbstractProblemLoader Loading environment from /home/runner/work/key/key/key.core/../key.ui/examples/heap/SemanticSlicing/project.key.proof 
77523      DEBUG main            d.u.i.k.p.i.AbstractProblemLoader Environment load took 213.8ns 
77525      INFO  main            d.u.i.k.p.i.AbstractProblemLoader Creating init config 
80031      DEBUG main            d.u.i.k.p.i.AbstractProblemLoader Init config took 2.51s 
80081      INFO  main            d.u.i.k.p.i.AbstractProblemLoader Replaying proof unsatcore_after.competition.postcond5.scope333.LRS[unsatcore_after.competition.postcond5.scope333.LRS::doLRS()].JML operation contract.0 
80643      DEBUG main            d.u.i.k.p.i.IntermediateProofReplayer Proof replay took 550.28ms 
80645      DEBUG main            d.u.i.k.p.r.p.TestFile    ... success: reloaded. 
80646      INFO  main            d.u.i.k.p.r.p.TestFile    Now processing file /home/runner/work/key/key/key.core/../key.ui/examples/heap/information_flow/ArrayList_contains.key 
80646      INFO  main            d.u.i.k.p.i.AbstractProblemLoader Loading environment from /home/runner/work/key/key/key.core/../key.ui/examples/heap/information_flow/ArrayList_contains.key 
80647      DEBUG main            d.u.i.k.p.i.AbstractProblemLoader Environment load took 240.5ns 
80648      INFO  main            d.u.i.k.p.i.AbstractProblemLoader Creating init config 
83417      DEBUG main            d.u.i.k.p.i.AbstractProblemLoader Init config took 2.77s 
83455      INFO  main            d.u.i.k.p.i.AbstractProblemLoader Replaying proof ArrayList[ArrayList::get(int)].JML normal_behavior operation contract.0 
83456      DEBUG main            d.u.i.k.p.i.IntermediateProofReplayer Proof replay took 6.4ns 
83860      INFO  main            d.u.i.k.p.r.p.TestFile    ... finished proof: closed. 
84121      INFO  main            d.u.i.k.p.i.AbstractProblemLoader Loading environment from /home/runner/work/key/key/key.core/../key.ui/examples/heap/information_flow/ArrayList_contains.key.proof 
84121      DEBUG main            d.u.i.k.p.i.AbstractProblemLoader Environment load took 131ns 
84123      INFO  main            d.u.i.k.p.i.AbstractProblemLoader Creating init config 
86725      DEBUG main            d.u.i.k.p.i.AbstractProblemLoader Init config took 2.6s 
86763      INFO  main            d.u.i.k.p.i.AbstractProblemLoader Replaying proof ArrayList[ArrayList::get(int)].JML normal_behavior operation contract.0 
86825      DEBUG main            d.u.i.k.p.i.IntermediateProofReplayer Proof replay took 59.31ms 
86826      DEBUG main            d.u.i.k.p.r.p.TestFile    ... success: reloaded. 
86827      INFO  main            d.u.i.k.p.r.p.TestFile    Now processing file /home/runner/work/key/key/key.core/../key.ui/examples/heap/information_flow/ArrayList_get.key 
86827      INFO  main            d.u.i.k.p.i.AbstractProblemLoader Loading environment from /home/runner/work/key/key/key.core/../key.ui/examples/heap/information_flow/ArrayList_get.key 
86827      DEBUG main            d.u.i.k.p.i.AbstractProblemLoader Environment load took 104.6ns 
86828      INFO  main            d.u.i.k.p.i.AbstractProblemLoader Creating init config 
89530      DEBUG main            d.u.i.k.p.i.AbstractProblemLoader Init config took 2.7s 
89568      INFO  main            d.u.i.k.p.i.AbstractProblemLoader Replaying proof ArrayList[ArrayList::contains(java.lang.Object)].JML normal_behavior operation contract.0 
89570      DEBUG main            d.u.i.k.p.i.IntermediateProofReplayer Proof replay took 7.1ns 
90474      INFO  main            d.u.i.k.p.r.p.TestFile    ... finished proof: closed. 
90723      INFO  main            d.u.i.k.p.i.AbstractProblemLoader Loading environment from /home/runner/work/key/key/key.core/../key.ui/examples/heap/information_flow/ArrayList_get.key.proof 
90724      DEBUG main            d.u.i.k.p.i.AbstractProblemLoader Environment load took 146.3ns 
90725      INFO  main            d.u.i.k.p.i.AbstractProblemLoader Creating init config 
93313      DEBUG main            d.u.i.k.p.i.AbstractProblemLoader Init config took 2.59s 
93350      INFO  main            d.u.i.k.p.i.AbstractProblemLoader Replaying proof ArrayList[ArrayList::contains(java.lang.Object)].JML normal_behavior operation contract.0 
93491      DEBUG main            d.u.i.k.p.i.IntermediateProofReplayer Proof replay took 136.41ms 
93492      DEBUG main            d.u.i.k.p.r.p.TestFile    ... success: reloaded. 
93494      INFO  main            d.u.i.k.p.r.p.TestFile    Now processing file /home/runner/work/key/key/key.core/../key.ui/examples/heap/information_flow/ArrayList_size.key 
93494      INFO  main            d.u.i.k.p.i.AbstractProblemLoader Loading environment from /home/runner/work/key/key/key.core/../key.ui/examples/heap/information_flow/ArrayList_size.key 
93495      DEBUG main            d.u.i.k.p.i.AbstractProblemLoader Environment load took 270ns 
93496      INFO  main            d.u.i.k.p.i.AbstractProblemLoader Creating init config 
96153      DEBUG main            d.u.i.k.p.i.AbstractProblemLoader Init config took 2.66s 
96189      INFO  main            d.u.i.k.p.i.AbstractProblemLoader Replaying proof ArrayList[ArrayList::size()].JML normal_behavior operation contract.0 
96190      DEBUG main            d.u.i.k.p.i.IntermediateProofReplayer Proof replay took 6.1ns 
96293      INFO  main            d.u.i.k.p.r.p.TestFile    ... finished proof: closed. 
96573      INFO  main            d.u.i.k.p.i.AbstractProblemLoader Loading environment from /home/runner/work/key/key/key.core/../key.ui/examples/heap/information_flow/ArrayList_size.key.proof 
96573      DEBUG main            d.u.i.k.p.i.AbstractProblemLoader Environment load took 124.8ns 
96574      INFO  main            d.u.i.k.p.i.AbstractProblemLoader Creating init config 
99140      DEBUG main            d.u.i.k.p.i.AbstractProblemLoader Init config took 2.57s 
99176      INFO  main            d.u.i.k.p.i.AbstractProblemLoader Replaying proof ArrayList[ArrayList::size()].JML normal_behavior operation contract.0 
99202      DEBUG main            d.u.i.k.p.i.IntermediateProofReplayer Proof replay took 24.37ms 
99203      DEBUG main            d.u.i.k.p.r.p.TestFile    ... success: reloaded. 
99204      INFO  main            d.u.i.k.p.r.p.TestFile    Now processing file /home/runner/work/key/key/key.core/../key.ui/examples/heap/information_flow/UpdateAbstraction_ex7_3_secure.key 
99205      INFO  main            d.u.i.k.p.i.AbstractProblemLoader Loading environment from /home/runner/work/key/key/key.core/../key.ui/examples/heap/information_flow/UpdateAbstraction_ex7_3_secure.key 
99205      DEBUG main            d.u.i.k.p.i.AbstractProblemLoader Environment load took 239.1ns 
99206      INFO  main            d.u.i.k.p.i.AbstractProblemLoader Creating init config 
101902     DEBUG main            d.u.i.k.p.i.AbstractProblemLoader Init config took 2.7s 
101936     INFO  main            d.u.i.k.p.i.AbstractProblemLoader Replaying proof UpdateAbstraction[UpdateAbstraction::ex7_3_secure()].JML operation contract.0 
101937     DEBUG main            d.u.i.k.p.i.IntermediateProofReplayer Proof replay took 6.3ns 
102140     INFO  main            d.u.i.k.p.r.p.TestFile    ... finished proof: closed. 
102411     INFO  main            d.u.i.k.p.i.AbstractProblemLoader Loading environment from /home/runner/work/key/key/key.core/../key.ui/examples/heap/information_flow/UpdateAbstraction_ex7_3_secure.key.proof 
102411     DEBUG main            d.u.i.k.p.i.AbstractProblemLoader Environment load took 119.2ns 
102412     INFO  main            d.u.i.k.p.i.AbstractProblemLoader Creating init config 
105011     DEBUG main            d.u.i.k.p.i.AbstractProblemLoader Init config took 2.6s 
105045     INFO  main            d.u.i.k.p.i.AbstractProblemLoader Replaying proof UpdateAbstraction[UpdateAbstraction::ex7_3_secure()].JML operation contract.0 
105071     DEBUG main            d.u.i.k.p.i.IntermediateProofReplayer Proof replay took 23.3ms 
105072     DEBUG main            d.u.i.k.p.r.p.TestFile    ... success: reloaded. 
105074     INFO  main            d.u.i.k.p.r.p.TestFile    Now processing file /home/runner/work/key/key/key.core/../key.ui/examples/heap/information_flow/UpdateAbstraction_ex7_4_secure.key 
105074     INFO  main            d.u.i.k.p.i.AbstractProblemLoader Loading environment from /home/runner/work/key/key/key.core/../key.ui/examples/heap/information_flow/UpdateAbstraction_ex7_4_secure.key 
105074     DEBUG main            d.u.i.k.p.i.AbstractProblemLoader Environment load took 236.3ns 
105075     INFO  main            d.u.i.k.p.i.AbstractProblemLoader Creating init config 
107709     DEBUG main            d.u.i.k.p.i.AbstractProblemLoader Init config took 2.63s 
107743     INFO  main            d.u.i.k.p.i.AbstractProblemLoader Replaying proof UpdateAbstraction[UpdateAbstraction::ex7_4_secure()].JML operation contract.0 
107745     DEBUG main            d.u.i.k.p.i.IntermediateProofReplayer Proof replay took 5.8ns 
107947     INFO  main            d.u.i.k.p.r.p.TestFile    ... finished proof: closed. 
108244     INFO  main            d.u.i.k.p.i.AbstractProblemLoader Loading environment from /home/runner/work/key/key/key.core/../key.ui/examples/heap/information_flow/UpdateAbstraction_ex7_4_secure.key.proof 
108245     DEBUG main            d.u.i.k.p.i.AbstractProblemLoader Environment load took 1.23ms 
108246     INFO  main            d.u.i.k.p.i.AbstractProblemLoader Creating init config 
110825     DEBUG main            d.u.i.k.p.i.AbstractProblemLoader Init config took 2.58s 
110859     INFO  main            d.u.i.k.p.i.AbstractProblemLoader Replaying proof UpdateAbstraction[UpdateAbstraction::ex7_4_secure()].JML operation contract.0 
110895     DEBUG main            d.u.i.k.p.i.IntermediateProofReplayer Proof replay took 33.27ms 
110896     DEBUG main            d.u.i.k.p.r.p.TestFile    ... success: reloaded. 
110897     INFO  main            d.u.i.k.p.r.p.TestFile    Now processing file /home/runner/work/key/key/key.core/../key.ui/examples/heap/information_flow/UpdateAbstraction_ex7_5_secure.key 
110897     INFO  main            d.u.i.k.p.i.AbstractProblemLoader Loading environment from /home/runner/work/key/key/key.core/../key.ui/examples/heap/information_flow/UpdateAbstraction_ex7_5_secure.key 
110898     DEBUG main            d.u.i.k.p.i.AbstractProblemLoader Environment load took 230.7ns 
110899     INFO  main            d.u.i.k.p.i.AbstractProblemLoader Creating init config 
113550     DEBUG main            d.u.i.k.p.i.AbstractProblemLoader Init config took 2.65s 
113585     INFO  main            d.u.i.k.p.i.AbstractProblemLoader Replaying proof UpdateAbstraction[UpdateAbstraction::ex7_5_secure()].JML operation contract.0 
113586     DEBUG main            d.u.i.k.p.i.IntermediateProofReplayer Proof replay took 6.5ns 
113689     INFO  main            d.u.i.k.p.r.p.TestFile    ... finished proof: closed. 
113963     INFO  main            d.u.i.k.p.i.AbstractProblemLoader Loading environment from /home/runner/work/key/key/key.core/../key.ui/examples/heap/information_flow/UpdateAbstraction_ex7_5_secure.key.proof 
113963     DEBUG main            d.u.i.k.p.i.AbstractProblemLoader Environment load took 129.6ns 
113964     INFO  main            d.u.i.k.p.i.AbstractProblemLoader Creating init config 
116594     DEBUG main            d.u.i.k.p.i.AbstractProblemLoader Init config took 2.63s 
116628     INFO  main            d.u.i.k.p.i.AbstractProblemLoader Replaying proof UpdateAbstraction[UpdateAbstraction::ex7_5_secure()].JML operation contract.0 
116644     DEBUG main            d.u.i.k.p.i.IntermediateProofReplayer Proof replay took 13.59ms 
116644     DEBUG main            d.u.i.k.p.r.p.TestFile    ... success: reloaded. 
116645     INFO  main            d.u.i.k.p.r.p.TestFile    Now processing file /home/runner/work/key/key/key.core/../key.ui/examples/heap/information_flow/UpdateAbstraction_ex7_6_secure.key 
116645     INFO  main            d.u.i.k.p.i.AbstractProblemLoader Loading environment from /home/runner/work/key/key/key.core/../key.ui/examples/heap/information_flow/UpdateAbstraction_ex7_6_secure.key 
116645     DEBUG main            d.u.i.k.p.i.AbstractProblemLoader Environment load took 60ns 
116646     INFO  main            d.u.i.k.p.i.AbstractProblemLoader Creating init config 
119296     DEBUG main            d.u.i.k.p.i.AbstractProblemLoader Init config took 2.65s 
119330     INFO  main            d.u.i.k.p.i.AbstractProblemLoader Replaying proof UpdateAbstraction[UpdateAbstraction::ex7_6_secure()].JML operation contract.0 
119331     DEBUG main            d.u.i.k.p.i.IntermediateProofReplayer Proof replay took 6.4ns 
119634     INFO  main            d.u.i.k.p.r.p.TestFile    ... finished proof: closed. 
119929     INFO  main            d.u.i.k.p.i.AbstractProblemLoader Loading environment from /home/runner/work/key/key/key.core/../key.ui/examples/heap/information_flow/UpdateAbstraction_ex7_6_secure.key.proof 
119930     DEBUG main            d.u.i.k.p.i.AbstractProblemLoader Environment load took 126.3ns 
119931     INFO  main            d.u.i.k.p.i.AbstractProblemLoader Creating init config 
122490     DEBUG main            d.u.i.k.p.i.AbstractProblemLoader Init config took 2.56s 
122524     INFO  main            d.u.i.k.p.i.AbstractProblemLoader Replaying proof UpdateAbstraction[UpdateAbstraction::ex7_6_secure()].JML operation contract.0 
122576     DEBUG main            d.u.i.k.p.i.IntermediateProofReplayer Proof replay took 46.88ms 
122577     DEBUG main            d.u.i.k.p.r.p.TestFile    ... success: reloaded. 
122583     INFO  main            d.u.i.k.p.r.p.TestFile    Now processing file /home/runner/work/key/key/key.core/../key.ui/examples/heap/information_flow/UpdateAbstraction_ex9_secure.key 
122583     INFO  main            d.u.i.k.p.i.AbstractProblemLoader Loading environment from /home/runner/work/key/key/key.core/../key.ui/examples/heap/information_flow/UpdateAbstraction_ex9_secure.key 
122584     DEBUG main            d.u.i.k.p.i.AbstractProblemLoader Environment load took 421.3ns 
122585     INFO  main            d.u.i.k.p.i.AbstractProblemLoader Creating init config 
125210     DEBUG main            d.u.i.k.p.i.AbstractProblemLoader Init config took 2.63s 
125247     INFO  main            d.u.i.k.p.i.AbstractProblemLoader Replaying proof UpdateAbstraction[UpdateAbstraction::ex9_secure()].JML operation contract.0 
125250     DEBUG main            d.u.i.k.p.i.IntermediateProofReplayer Proof replay took 7.2ns 
126154     INFO  main            d.u.i.k.p.r.p.TestFile    ... finished proof: closed. 
126478     INFO  main            d.u.i.k.p.i.AbstractProblemLoader Loading environment from /home/runner/work/key/key/key.core/../key.ui/examples/heap/information_flow/UpdateAbstraction_ex9_secure.key.proof 
126478     DEBUG main            d.u.i.k.p.i.AbstractProblemLoader Environment load took 136.2ns 
126479     INFO  main            d.u.i.k.p.i.AbstractProblemLoader Creating init config 
129021     DEBUG main            d.u.i.k.p.i.AbstractProblemLoader Init config took 2.54s 
129055     INFO  main            d.u.i.k.p.i.AbstractProblemLoader Replaying proof UpdateAbstraction[UpdateAbstraction::ex9_secure()].JML operation contract.0 
129228     DEBUG main            d.u.i.k.p.i.IntermediateProofReplayer Proof replay took 169.44ms 
129229     DEBUG main            d.u.i.k.p.r.p.TestFile    ... success: reloaded. 
840759     INFO  Test worker     d.u.i.k.p.r.RunAllProofsTestUnit Returning from test javaCard 
840761     INFO  Test worker     d.u.i.k.p.r.RunAllProofsTestUnit Running test list 
345        INFO  Timeout watchdog d.u.i.k.p.r.p.ForkedTestFileRunner Timeout watcher launched (2000 secs.) 
358        WARN  main            d.u.i.k.s.ProofSettings   The settings in /home/runner/.key/proof-settings.props are *not* read. 
397        INFO  main            d.u.i.k.p.r.p.TestFile    Now processing file /home/runner/work/key/key/key.core/../key.ui/examples/heap/list/ArrayList_add.key 
508        INFO  main            d.u.i.k.p.i.AbstractProblemLoader Loading environment from /home/runner/work/key/key/key.core/../key.ui/examples/heap/list/ArrayList_add.key 
525        DEBUG main            d.u.i.k.p.i.AbstractProblemLoader Environment load took 1.9ms 
737        INFO  main            d.u.i.k.p.i.AbstractProblemLoader Creating init config 
1662       DEBUG main            d.u.i.k.j.TypeConverter   No LDT found for Meta 
1662       DEBUG main            d.u.i.k.j.TypeConverter   No LDT found for Meta 
1664       DEBUG main            d.u.i.k.j.TypeConverter   No LDT found for Meta 
1664       DEBUG main            d.u.i.k.j.TypeConverter   No LDT found for Meta 
2982       DEBUG main            d.u.i.k.j.TypeConverter   No LDT found for JavaBigintExpression 
6213       DEBUG main            d.u.i.k.j.r.ClassPreparationMethodBuilder clPrepBuilder: Inner Class detected. Reject building class initialisation methods. 
9009       DEBUG main            d.u.i.k.p.i.AbstractProblemLoader Init config took 8.27s 
9181       INFO  main            d.u.i.k.p.i.AbstractProblemLoader Replaying proof ArrayList[List::add(java.lang.Object)].JML normal_behavior operation contract.0 
9214       DEBUG main            d.u.i.k.p.i.IntermediateProofReplayer Proof replay took 33ns 
14942      INFO  main            d.u.i.k.p.r.p.TestFile    ... finished proof: closed. 
15156      INFO  main            d.u.i.k.p.i.AbstractProblemLoader Loading environment from /home/runner/work/key/key/key.core/../key.ui/examples/heap/list/ArrayList_add.key.proof 
15157      DEBUG main            d.u.i.k.p.i.AbstractProblemLoader Environment load took 244.4ns 
15163      INFO  main            d.u.i.k.p.i.AbstractProblemLoader Creating init config 
16358      DEBUG main            d.u.i.k.j.r.ClassPreparationMethodBuilder clPrepBuilder: Inner Class detected. Reject building class initialisation methods. 
18703      DEBUG main            d.u.i.k.p.i.AbstractProblemLoader Init config took 3.54s 
18792      INFO  main            d.u.i.k.p.i.AbstractProblemLoader Replaying proof ArrayList[List::add(java.lang.Object)].JML normal_behavior operation contract.0 
19394      DEBUG main            d.u.i.k.p.i.IntermediateProofReplayer Proof replay took 575.01ms 
19404      DEBUG main            d.u.i.k.p.r.p.TestFile    ... success: reloaded. 
19407      INFO  main            d.u.i.k.p.r.p.TestFile    Now processing file /home/runner/work/key/key/key.core/../key.ui/examples/heap/list/ArrayList_ArrayList.key 
19408      INFO  main            d.u.i.k.p.i.AbstractProblemLoader Loading environment from /home/runner/work/key/key/key.core/../key.ui/examples/heap/list/ArrayList_ArrayList.key 
19408      DEBUG main            d.u.i.k.p.i.AbstractProblemLoader Environment load took 296.1ns 
19412      INFO  main            d.u.i.k.p.i.AbstractProblemLoader Creating init config 
20588      DEBUG main            d.u.i.k.j.r.ClassPreparationMethodBuilder clPrepBuilder: Inner Class detected. Reject building class initialisation methods. 
22913      DEBUG main            d.u.i.k.p.i.AbstractProblemLoader Init config took 3.5s 
22985      INFO  main            d.u.i.k.p.i.AbstractProblemLoader Replaying proof ArrayList[ArrayList::ArrayList()].JML normal_behavior operation contract.0 
22989      DEBUG main            d.u.i.k.p.i.IntermediateProofReplayer Proof replay took 12.5ns 
24496      INFO  main            d.u.i.k.p.r.p.TestFile    ... finished proof: closed. 
24672      INFO  main            d.u.i.k.p.i.AbstractProblemLoader Loading environment from /home/runner/work/key/key/key.core/../key.ui/examples/heap/list/ArrayList_ArrayList.key.proof 
24672      DEBUG main            d.u.i.k.p.i.AbstractProblemLoader Environment load took 532.21ns 
24674      INFO  main            d.u.i.k.p.i.AbstractProblemLoader Creating init config 
25738      DEBUG main            d.u.i.k.j.r.ClassPreparationMethodBuilder clPrepBuilder: Inner Class detected. Reject building class initialisation methods. 
27996      DEBUG main            d.u.i.k.p.i.AbstractProblemLoader Init config took 3.32s 
28061      INFO  main            d.u.i.k.p.i.AbstractProblemLoader Replaying proof ArrayList[ArrayList::ArrayList()].JML normal_behavior operation contract.0 
28302      DEBUG main            d.u.i.k.p.i.IntermediateProofReplayer Proof replay took 217.04ms 
28304      DEBUG main            d.u.i.k.p.r.p.TestFile    ... success: reloaded. 
28306      INFO  main            d.u.i.k.p.r.p.TestFile    Now processing file /home/runner/work/key/key/key.core/../key.ui/examples/heap/list/ArrayList_concatenate.key 
28306      INFO  main            d.u.i.k.p.i.AbstractProblemLoader Loading environment from /home/runner/work/key/key/key.core/../key.ui/examples/heap/list/ArrayList_concatenate.key 
28306      DEBUG main            d.u.i.k.p.i.AbstractProblemLoader Environment load took 106.3ns 
28309      INFO  main            d.u.i.k.p.i.AbstractProblemLoader Creating init config 
29425      DEBUG main            d.u.i.k.j.r.ClassPreparationMethodBuilder clPrepBuilder: Inner Class detected. Reject building class initialisation methods. 
31666      DEBUG main            d.u.i.k.p.i.AbstractProblemLoader Init config took 3.36s 
31725      INFO  main            d.u.i.k.p.i.AbstractProblemLoader Replaying proof ArrayList[List::concatenate(List)].JML normal_behavior operation contract.0 
31727      DEBUG main            d.u.i.k.p.i.IntermediateProofReplayer Proof replay took 6.2ns 
56183      INFO  main            d.u.i.k.p.r.p.TestFile    ... finished proof: closed. 
56442      INFO  main            d.u.i.k.p.i.AbstractProblemLoader Loading environment from /home/runner/work/key/key/key.core/../key.ui/examples/heap/list/ArrayList_concatenate.key.proof 
56443      DEBUG main            d.u.i.k.p.i.AbstractProblemLoader Environment load took 522.9ns 
56450      INFO  main            d.u.i.k.p.i.AbstractProblemLoader Creating init config 
57493      DEBUG main            d.u.i.k.j.r.ClassPreparationMethodBuilder clPrepBuilder: Inner Class detected. Reject building class initialisation methods. 
59700      DEBUG main            d.u.i.k.p.i.AbstractProblemLoader Init config took 3.25s 
59757      INFO  main            d.u.i.k.p.i.AbstractProblemLoader Replaying proof ArrayList[List::concatenate(List)].JML normal_behavior operation contract.0 
61330      DEBUG main            d.u.i.k.p.i.IntermediateProofReplayer Proof replay took 1.5s 
61334      DEBUG main            d.u.i.k.p.r.p.TestFile    ... success: reloaded. 
61336      INFO  main            d.u.i.k.p.r.p.TestFile    Now processing file /home/runner/work/key/key/key.core/../key.ui/examples/heap/list/ArrayList_contains_dep.key 
61336      INFO  main            d.u.i.k.p.i.AbstractProblemLoader Loading environment from /home/runner/work/key/key/key.core/../key.ui/examples/heap/list/ArrayList_contains_dep.key 
61337      DEBUG main            d.u.i.k.p.i.AbstractProblemLoader Environment load took 257.3ns 
61338      INFO  main            d.u.i.k.p.i.AbstractProblemLoader Creating init config 
62423      DEBUG main            d.u.i.k.j.r.ClassPreparationMethodBuilder clPrepBuilder: Inner Class detected. Reject building class initialisation methods. 
64661      DEBUG main            d.u.i.k.p.i.AbstractProblemLoader Init config took 3.32s 
64716      INFO  main            d.u.i.k.p.i.AbstractProblemLoader Replaying proof ArrayList[List::contains(java.lang.Object)].JML accessible clause.0 
64719      DEBUG main            d.u.i.k.p.i.IntermediateProofReplayer Proof replay took 5.9ns 
67482      INFO  main            d.u.i.k.p.r.p.TestFile    ... finished proof: closed. 
67698      INFO  main            d.u.i.k.p.i.AbstractProblemLoader Loading environment from /home/runner/work/key/key/key.core/../key.ui/examples/heap/list/ArrayList_contains_dep.key.proof 
67698      DEBUG main            d.u.i.k.p.i.AbstractProblemLoader Environment load took 134.7ns 
67700      INFO  main            d.u.i.k.p.i.AbstractProblemLoader Creating init config 
68751      DEBUG main            d.u.i.k.j.r.ClassPreparationMethodBuilder clPrepBuilder: Inner Class detected. Reject building class initialisation methods. 
70962      DEBUG main            d.u.i.k.p.i.AbstractProblemLoader Init config took 3.26s 
71014      INFO  main            d.u.i.k.p.i.AbstractProblemLoader Replaying proof ArrayList[List::contains(java.lang.Object)].JML accessible clause.0 
71323      DEBUG main            d.u.i.k.p.i.IntermediateProofReplayer Proof replay took 298.31ms 
71324      DEBUG main            d.u.i.k.p.r.p.TestFile    ... success: reloaded. 
71326      INFO  main            d.u.i.k.p.r.p.TestFile    Now processing file /home/runner/work/key/key/key.core/../key.ui/examples/heap/list/ArrayList_enlarge.key 
71326      INFO  main            d.u.i.k.p.i.AbstractProblemLoader Loading environment from /home/runner/work/key/key/key.core/../key.ui/examples/heap/list/ArrayList_enlarge.key 
71326      DEBUG main            d.u.i.k.p.i.AbstractProblemLoader Environment load took 110.3ns 
71327      INFO  main            d.u.i.k.p.i.AbstractProblemLoader Creating init config 
72391      DEBUG main            d.u.i.k.j.r.ClassPreparationMethodBuilder clPrepBuilder: Inner Class detected. Reject building class initialisation methods. 
74641      DEBUG main            d.u.i.k.p.i.AbstractProblemLoader Init config took 3.31s 
74693      INFO  main            d.u.i.k.p.i.AbstractProblemLoader Replaying proof ArrayList[ArrayList::enlarge()].JML normal_behavior operation contract.0 
74697      DEBUG main            d.u.i.k.p.i.IntermediateProofReplayer Proof replay took 5.2ns 
77231      INFO  main            d.u.i.k.p.r.p.TestFile    ... finished proof: closed. 
77444      INFO  main            d.u.i.k.p.i.AbstractProblemLoader Loading environment from /home/runner/work/key/key/key.core/../key.ui/examples/heap/list/ArrayList_enlarge.key.proof 
77445      DEBUG main            d.u.i.k.p.i.AbstractProblemLoader Environment load took 238.7ns 
77446      INFO  main            d.u.i.k.p.i.AbstractProblemLoader Creating init config 
78447      DEBUG main            d.u.i.k.j.r.ClassPreparationMethodBuilder clPrepBuilder: Inner Class detected. Reject building class initialisation methods. 
80657      DEBUG main            d.u.i.k.p.i.AbstractProblemLoader Init config took 3.21s 
80712      INFO  main            d.u.i.k.p.i.AbstractProblemLoader Replaying proof ArrayList[ArrayList::enlarge()].JML normal_behavior operation contract.0 
81006      DEBUG main            d.u.i.k.p.i.IntermediateProofReplayer Proof replay took 285.07ms 
81008      DEBUG main            d.u.i.k.p.r.p.TestFile    ... success: reloaded. 
81009      INFO  main            d.u.i.k.p.r.p.TestFile    Now processing file /home/runner/work/key/key/key.core/../key.ui/examples/heap/list/ArrayList_footprint.key 
81010      INFO  main            d.u.i.k.p.i.AbstractProblemLoader Loading environment from /home/runner/work/key/key/key.core/../key.ui/examples/heap/list/ArrayList_footprint.key 
81010      DEBUG main            d.u.i.k.p.i.AbstractProblemLoader Environment load took 589.81ns 
81011      INFO  main            d.u.i.k.p.i.AbstractProblemLoader Creating init config 
82028      DEBUG main            d.u.i.k.j.r.ClassPreparationMethodBuilder clPrepBuilder: Inner Class detected. Reject building class initialisation methods. 
84234      DEBUG main            d.u.i.k.p.i.AbstractProblemLoader Init config took 3.22s 
84280      INFO  main            d.u.i.k.p.i.AbstractProblemLoader Replaying proof List[List::$footprint()].JML accessible clause.0 
84282      DEBUG main            d.u.i.k.p.i.IntermediateProofReplayer Proof replay took 6.3ns 
84387      INFO  main            d.u.i.k.p.r.p.TestFile    ... finished proof: closed. 
84567      INFO  main            d.u.i.k.p.i.AbstractProblemLoader Loading environment from /home/runner/work/key/key/key.core/../key.ui/examples/heap/list/ArrayList_footprint.key.proof 
84567      DEBUG main            d.u.i.k.p.i.AbstractProblemLoader Environment load took 128.7ns 
84568      INFO  main            d.u.i.k.p.i.AbstractProblemLoader Creating init config 
85631      DEBUG main            d.u.i.k.j.r.ClassPreparationMethodBuilder clPrepBuilder: Inner Class detected. Reject building class initialisation methods. 
87786      DEBUG main            d.u.i.k.p.i.AbstractProblemLoader Init config took 3.22s 
87843      INFO  main            d.u.i.k.p.i.AbstractProblemLoader Replaying proof List[List::$footprint()].JML accessible clause.0 
87846      DEBUG main            d.u.i.k.p.i.IntermediateProofReplayer Proof replay took 872.2ns 
87847      DEBUG main            d.u.i.k.p.r.p.TestFile    ... success: reloaded. 
87848      INFO  main            d.u.i.k.p.r.p.TestFile    Now processing file /home/runner/work/key/key/key.core/../key.ui/examples/heap/list/ArrayList_get_dep.key 
87848      INFO  main            d.u.i.k.p.i.AbstractProblemLoader Loading environment from /home/runner/work/key/key/key.core/../key.ui/examples/heap/list/ArrayList_get_dep.key 
87848      DEBUG main            d.u.i.k.p.i.AbstractProblemLoader Environment load took 173ns 
87849      INFO  main            d.u.i.k.p.i.AbstractProblemLoader Creating init config 
88905      DEBUG main            d.u.i.k.j.r.ClassPreparationMethodBuilder clPrepBuilder: Inner Class detected. Reject building class initialisation methods. 
91088      DEBUG main            d.u.i.k.p.i.AbstractProblemLoader Init config took 3.24s 
91135      INFO  main            d.u.i.k.p.i.AbstractProblemLoader Replaying proof ArrayList[List::get(int)].JML accessible clause.0 
91136      DEBUG main            d.u.i.k.p.i.IntermediateProofReplayer Proof replay took 6ns 
91660      INFO  main            d.u.i.k.p.r.p.TestFile    ... finished proof: closed. 
91853      INFO  main            d.u.i.k.p.i.AbstractProblemLoader Loading environment from /home/runner/work/key/key/key.core/../key.ui/examples/heap/list/ArrayList_get_dep.key.proof 
91853      DEBUG main            d.u.i.k.p.i.AbstractProblemLoader Environment load took 124.8ns 
91854      INFO  main            d.u.i.k.p.i.AbstractProblemLoader Creating init config 
92851      DEBUG main            d.u.i.k.j.r.ClassPreparationMethodBuilder clPrepBuilder: Inner Class detected. Reject building class initialisation methods. 
95036      DEBUG main            d.u.i.k.p.i.AbstractProblemLoader Init config took 3.18s 
95082      INFO  main            d.u.i.k.p.i.AbstractProblemLoader Replaying proof ArrayList[List::get(int)].JML accessible clause.0 
95135      DEBUG main            d.u.i.k.p.i.IntermediateProofReplayer Proof replay took 50.28ms 
95136      DEBUG main            d.u.i.k.p.r.p.TestFile    ... success: reloaded. 
95137      INFO  main            d.u.i.k.p.r.p.TestFile    Now processing file /home/runner/work/key/key/key.core/../key.ui/examples/heap/list/ArrayList_get_exceptional.key 
95138      INFO  main            d.u.i.k.p.i.AbstractProblemLoader Loading environment from /home/runner/work/key/key/key.core/../key.ui/examples/heap/list/ArrayList_get_exceptional.key 
95138      DEBUG main            d.u.i.k.p.i.AbstractProblemLoader Environment load took 295.7ns 
95139      INFO  main            d.u.i.k.p.i.AbstractProblemLoader Creating init config 
96175      DEBUG main            d.u.i.k.j.r.ClassPreparationMethodBuilder clPrepBuilder: Inner Class detected. Reject building class initialisation methods. 
98361      DEBUG main            d.u.i.k.p.i.AbstractProblemLoader Init config took 3.22s 
98422      INFO  main            d.u.i.k.p.i.AbstractProblemLoader Replaying proof ArrayList[List::get(int)].JML exceptional_behavior operation contract.0 
98424      DEBUG main            d.u.i.k.p.i.IntermediateProofReplayer Proof replay took 6ns 
99729      INFO  main            d.u.i.k.p.r.p.TestFile    ... finished proof: closed. 
99933      INFO  main            d.u.i.k.p.i.AbstractProblemLoader Loading environment from /home/runner/work/key/key/key.core/../key.ui/examples/heap/list/ArrayList_get_exceptional.key.proof 
99933      DEBUG main            d.u.i.k.p.i.AbstractProblemLoader Environment load took 474.5ns 
99935      INFO  main            d.u.i.k.p.i.AbstractProblemLoader Creating init config 
100951     DEBUG main            d.u.i.k.j.r.ClassPreparationMethodBuilder clPrepBuilder: Inner Class detected. Reject building class initialisation methods. 
103144     DEBUG main            d.u.i.k.p.i.AbstractProblemLoader Init config took 3.21s 
103192     INFO  main            d.u.i.k.p.i.AbstractProblemLoader Replaying proof ArrayList[List::get(int)].JML exceptional_behavior operation contract.0 
103359     DEBUG main            d.u.i.k.p.i.IntermediateProofReplayer Proof replay took 160.73ms 
103360     DEBUG main            d.u.i.k.p.r.p.TestFile    ... success: reloaded. 
103361     INFO  main            d.u.i.k.p.r.p.TestFile    Now processing file /home/runner/work/key/key/key.core/../key.ui/examples/heap/list/ArrayList_get_normal.key 
103362     INFO  main            d.u.i.k.p.i.AbstractProblemLoader Loading environment from /home/runner/work/key/key/key.core/../key.ui/examples/heap/list/ArrayList_get_normal.key 
103362     DEBUG main            d.u.i.k.p.i.AbstractProblemLoader Environment load took 275.3ns 
103363     INFO  main            d.u.i.k.p.i.AbstractProblemLoader Creating init config 
104378     DEBUG main            d.u.i.k.j.r.ClassPreparationMethodBuilder clPrepBuilder: Inner Class detected. Reject building class initialisation methods. 
106590     DEBUG main            d.u.i.k.p.i.AbstractProblemLoader Init config took 3.23s 
106639     INFO  main            d.u.i.k.p.i.AbstractProblemLoader Replaying proof ArrayList[List::get(int)].JML normal_behavior operation contract.0 
106642     DEBUG main            d.u.i.k.p.i.IntermediateProofReplayer Proof replay took 6ns 
107146     INFO  main            d.u.i.k.p.r.p.TestFile    ... finished proof: closed. 
107347     INFO  main            d.u.i.k.p.i.AbstractProblemLoader Loading environment from /home/runner/work/key/key/key.core/../key.ui/examples/heap/list/ArrayList_get_normal.key.proof 
107347     DEBUG main            d.u.i.k.p.i.AbstractProblemLoader Environment load took 126.9ns 
107348     INFO  main            d.u.i.k.p.i.AbstractProblemLoader Creating init config 
108370     DEBUG main            d.u.i.k.j.r.ClassPreparationMethodBuilder clPrepBuilder: Inner Class detected. Reject building class initialisation methods. 
110526     DEBUG main            d.u.i.k.p.i.AbstractProblemLoader Init config took 3.18s 
110573     INFO  main            d.u.i.k.p.i.AbstractProblemLoader Replaying proof ArrayList[List::get(int)].JML normal_behavior operation contract.0 
110625     DEBUG main            d.u.i.k.p.i.IntermediateProofReplayer Proof replay took 48.75ms 
110626     DEBUG main            d.u.i.k.p.r.p.TestFile    ... success: reloaded. 
110627     INFO  main            d.u.i.k.p.r.p.TestFile    Now processing file /home/runner/work/key/key/key.core/../key.ui/examples/heap/list/ArrayList_inv.key 
110627     INFO  main            d.u.i.k.p.i.AbstractProblemLoader Loading environment from /home/runner/work/key/key/key.core/../key.ui/examples/heap/list/ArrayList_inv.key 
110627     DEBUG main            d.u.i.k.p.i.AbstractProblemLoader Environment load took 98.8ns 
110628     INFO  main            d.u.i.k.p.i.AbstractProblemLoader Creating init config 
111687     DEBUG main            d.u.i.k.j.r.ClassPreparationMethodBuilder clPrepBuilder: Inner Class detected. Reject building class initialisation methods. 
113891     DEBUG main            d.u.i.k.p.i.AbstractProblemLoader Init config took 3.26s 
113936     INFO  main            d.u.i.k.p.i.AbstractProblemLoader Replaying proof ArrayList[java.lang.Object::<inv>()].JML accessible clause.0 
113938     DEBUG main            d.u.i.k.p.i.IntermediateProofReplayer Proof replay took 6.8ns 
114341     INFO  main            d.u.i.k.p.r.p.TestFile    ... finished proof: closed. 
114566     INFO  main            d.u.i.k.p.i.AbstractProblemLoader Loading environment from /home/runner/work/key/key/key.core/../key.ui/examples/heap/list/ArrayList_inv.key.proof 
114567     DEBUG main            d.u.i.k.p.i.AbstractProblemLoader Environment load took 131.5ns 
114568     INFO  main            d.u.i.k.p.i.AbstractProblemLoader Creating init config 
115566     DEBUG main            d.u.i.k.j.r.ClassPreparationMethodBuilder clPrepBuilder: Inner Class detected. Reject building class initialisation methods. 
117768     DEBUG main            d.u.i.k.p.i.AbstractProblemLoader Init config took 3.2s 
117818     INFO  main            d.u.i.k.p.i.AbstractProblemLoader Replaying proof ArrayList[java.lang.Object::<inv>()].JML accessible clause.0 
117851     DEBUG main            d.u.i.k.p.i.IntermediateProofReplayer Proof replay took 30.43ms 
117853     DEBUG main            d.u.i.k.p.r.p.TestFile    ... success: reloaded. 
117854     INFO  main            d.u.i.k.p.r.p.TestFile    Now processing file /home/runner/work/key/key/key.core/../key.ui/examples/heap/list/ArrayList_iterator.key 
117855     INFO  main            d.u.i.k.p.i.AbstractProblemLoader Loading environment from /home/runner/work/key/key/key.core/../key.ui/examples/heap/list/ArrayList_iterator.key 
117855     DEBUG main            d.u.i.k.p.i.AbstractProblemLoader Environment load took 247ns 
117856     INFO  main            d.u.i.k.p.i.AbstractProblemLoader Creating init config 
118858     DEBUG main            d.u.i.k.j.r.ClassPreparationMethodBuilder clPrepBuilder: Inner Class detected. Reject building class initialisation methods. 
121004     DEBUG main            d.u.i.k.p.i.AbstractProblemLoader Init config took 3.15s 
121050     INFO  main            d.u.i.k.p.i.AbstractProblemLoader Replaying proof ArrayList[List::iterator()].JML normal_behavior operation contract.0 
121052     DEBUG main            d.u.i.k.p.i.IntermediateProofReplayer Proof replay took 6.2ns 
121658     INFO  main            d.u.i.k.p.r.p.TestFile    ... finished proof: closed. 
121881     INFO  main            d.u.i.k.p.i.AbstractProblemLoader Loading environment from /home/runner/work/key/key/key.core/../key.ui/examples/heap/list/ArrayList_iterator.key.proof 
121881     DEBUG main            d.u.i.k.p.i.AbstractProblemLoader Environment load took 133.4ns 
121883     INFO  main            d.u.i.k.p.i.AbstractProblemLoader Creating init config 
122904     DEBUG main            d.u.i.k.j.r.ClassPreparationMethodBuilder clPrepBuilder: Inner Class detected. Reject building class initialisation methods. 
125070     DEBUG main            d.u.i.k.p.i.AbstractProblemLoader Init config took 3.19s 
125115     INFO  main            d.u.i.k.p.i.AbstractProblemLoader Replaying proof ArrayList[List::iterator()].JML normal_behavior operation contract.0 
125176     DEBUG main            d.u.i.k.p.i.IntermediateProofReplayer Proof replay took 56.7ms 
125177     DEBUG main            d.u.i.k.p.r.p.TestFile    ... success: reloaded. 
125178     INFO  main            d.u.i.k.p.r.p.TestFile    Now processing file /home/runner/work/key/key/key.core/../key.ui/examples/heap/list/ArrayList_size_dep.key 
125178     INFO  main            d.u.i.k.p.i.AbstractProblemLoader Loading environment from /home/runner/work/key/key/key.core/../key.ui/examples/heap/list/ArrayList_size_dep.key 
125179     DEBUG main            d.u.i.k.p.i.AbstractProblemLoader Environment load took 217.2ns 
125180     INFO  main            d.u.i.k.p.i.AbstractProblemLoader Creating init config 
126212     DEBUG main            d.u.i.k.j.r.ClassPreparationMethodBuilder clPrepBuilder: Inner Class detected. Reject building class initialisation methods. 
128357     DEBUG main            d.u.i.k.p.i.AbstractProblemLoader Init config took 3.18s 
128402     INFO  main            d.u.i.k.p.i.AbstractProblemLoader Replaying proof ArrayList[List::size()].JML accessible clause.0 
128403     DEBUG main            d.u.i.k.p.i.IntermediateProofReplayer Proof replay took 6.4ns 
128605     INFO  main            d.u.i.k.p.r.p.TestFile    ... finished proof: closed. 
128839     INFO  main            d.u.i.k.p.i.AbstractProblemLoader Loading environment from /home/runner/work/key/key/key.core/../key.ui/examples/heap/list/ArrayList_size_dep.key.proof 
128839     DEBUG main            d.u.i.k.p.i.AbstractProblemLoader Environment load took 130.3ns 
128840     INFO  main            d.u.i.k.p.i.AbstractProblemLoader Creating init config 
129841     DEBUG main            d.u.i.k.j.r.ClassPreparationMethodBuilder clPrepBuilder: Inner Class detected. Reject building class initialisation methods. 
131999     DEBUG main            d.u.i.k.p.i.AbstractProblemLoader Init config took 3.16s 
132044     INFO  main            d.u.i.k.p.i.AbstractProblemLoader Replaying proof ArrayList[List::size()].JML accessible clause.0 
132062     DEBUG main            d.u.i.k.p.i.IntermediateProofReplayer Proof replay took 15.76ms 
132064     DEBUG main            d.u.i.k.p.r.p.TestFile    ... success: reloaded. 
132065     INFO  main            d.u.i.k.p.r.p.TestFile    Now processing file /home/runner/work/key/key/key.core/../key.ui/examples/heap/list/ArrayList_size.key 
132066     INFO  main            d.u.i.k.p.i.AbstractProblemLoader Loading environment from /home/runner/work/key/key/key.core/../key.ui/examples/heap/list/ArrayList_size.key 
132066     DEBUG main            d.u.i.k.p.i.AbstractProblemLoader Environment load took 249.9ns 
132067     INFO  main            d.u.i.k.p.i.AbstractProblemLoader Creating init config 
133069     DEBUG main            d.u.i.k.j.r.ClassPreparationMethodBuilder clPrepBuilder: Inner Class detected. Reject building class initialisation methods. 
135228     DEBUG main            d.u.i.k.p.i.AbstractProblemLoader Init config took 3.16s 
135274     INFO  main            d.u.i.k.p.i.AbstractProblemLoader Replaying proof ArrayList[List::size()].JML normal_behavior operation contract.0 
135275     DEBUG main            d.u.i.k.p.i.IntermediateProofReplayer Proof replay took 6.3ns 
135578     INFO  main            d.u.i.k.p.r.p.TestFile    ... finished proof: closed. 
135815     INFO  main            d.u.i.k.p.i.AbstractProblemLoader Loading environment from /home/runner/work/key/key/key.core/../key.ui/examples/heap/list/ArrayList_size.key.proof 
135815     DEBUG main            d.u.i.k.p.i.AbstractProblemLoader Environment load took 125.4ns 
135817     INFO  main            d.u.i.k.p.i.AbstractProblemLoader Creating init config 
136807     DEBUG main            d.u.i.k.j.r.ClassPreparationMethodBuilder clPrepBuilder: Inner Class detected. Reject building class initialisation methods. 
138958     DEBUG main            d.u.i.k.p.i.AbstractProblemLoader Init config took 3.14s 
139018     INFO  main            d.u.i.k.p.i.AbstractProblemLoader Replaying proof ArrayList[List::size()].JML normal_behavior operation contract.0 
139044     DEBUG main            d.u.i.k.p.i.IntermediateProofReplayer Proof replay took 23.61ms 
139045     DEBUG main            d.u.i.k.p.r.p.TestFile    ... success: reloaded. 
139046     INFO  main            d.u.i.k.p.r.p.TestFile    Now processing file /home/runner/work/key/key/key.core/../key.ui/examples/heap/list/ArrayList.ArrayListIterator_ArrayListIterator.key 
139046     INFO  main            d.u.i.k.p.i.AbstractProblemLoader Loading environment from /home/runner/work/key/key/key.core/../key.ui/examples/heap/list/ArrayList.ArrayListIterator_ArrayListIterator.key 
139047     DEBUG main            d.u.i.k.p.i.AbstractProblemLoader Environment load took 63.5ns 
139047     INFO  main            d.u.i.k.p.i.AbstractProblemLoader Creating init config 
140063     DEBUG main            d.u.i.k.j.r.ClassPreparationMethodBuilder clPrepBuilder: Inner Class detected. Reject building class initialisation methods. 
142223     DEBUG main            d.u.i.k.p.i.AbstractProblemLoader Init config took 3.18s 
142294     INFO  main            d.u.i.k.p.i.AbstractProblemLoader Replaying proof ArrayList.ArrayListIterator[ArrayList.ArrayListIterator::ArrayListIterator(ArrayList)].JML normal_behavior operation contract.0 
142295     DEBUG main            d.u.i.k.p.i.IntermediateProofReplayer Proof replay took 6.1ns 
142999     INFO  main            d.u.i.k.p.r.p.TestFile    ... finished proof: closed. 
143266     INFO  main            d.u.i.k.p.i.AbstractProblemLoader Loading environment from /home/runner/work/key/key/key.core/../key.ui/examples/heap/list/ArrayList.ArrayListIterator_ArrayListIterator.key.proof 
143267     DEBUG main            d.u.i.k.p.i.AbstractProblemLoader Environment load took 1.04ms 
143269     INFO  main            d.u.i.k.p.i.AbstractProblemLoader Creating init config 
144264     DEBUG main            d.u.i.k.j.r.ClassPreparationMethodBuilder clPrepBuilder: Inner Class detected. Reject building class initialisation methods. 
146413     DEBUG main            d.u.i.k.p.i.AbstractProblemLoader Init config took 3.14s 
146466     INFO  main            d.u.i.k.p.i.AbstractProblemLoader Replaying proof ArrayList.ArrayListIterator[ArrayList.ArrayListIterator::ArrayListIterator(ArrayList)].JML normal_behavior operation contract.0 
146539     DEBUG main            d.u.i.k.p.i.IntermediateProofReplayer Proof replay took 68.76ms 
146540     DEBUG main            d.u.i.k.p.r.p.TestFile    ... success: reloaded. 
146541     INFO  main            d.u.i.k.p.r.p.TestFile    Now processing file /home/runner/work/key/key/key.core/../key.ui/examples/heap/list/ArrayList.ArrayListIterator_hasNext_dep.key 
146542     INFO  main            d.u.i.k.p.i.AbstractProblemLoader Loading environment from /home/runner/work/key/key/key.core/../key.ui/examples/heap/list/ArrayList.ArrayListIterator_hasNext_dep.key 
146542     DEBUG main            d.u.i.k.p.i.AbstractProblemLoader Environment load took 65.3ns 
146543     INFO  main            d.u.i.k.p.i.AbstractProblemLoader Creating init config 
147570     DEBUG main            d.u.i.k.j.r.ClassPreparationMethodBuilder clPrepBuilder: Inner Class detected. Reject building class initialisation methods. 
149753     DEBUG main            d.u.i.k.p.i.AbstractProblemLoader Init config took 3.21s 
149826     INFO  main            d.u.i.k.p.i.AbstractProblemLoader Replaying proof ArrayList.ArrayListIterator[ListIterator::hasNext()].JML accessible clause.0 
149827     DEBUG main            d.u.i.k.p.i.IntermediateProofReplayer Proof replay took 6.7ns 
150231     INFO  main            d.u.i.k.p.r.p.TestFile    ... finished proof: closed. 
150487     INFO  main            d.u.i.k.p.i.AbstractProblemLoader Loading environment from /home/runner/work/key/key/key.core/../key.ui/examples/heap/list/ArrayList.ArrayListIterator_hasNext_dep.key.proof 
150488     DEBUG main            d.u.i.k.p.i.AbstractProblemLoader Environment load took 173.3ns 
150489     INFO  main            d.u.i.k.p.i.AbstractProblemLoader Creating init config 
151495     DEBUG main            d.u.i.k.j.r.ClassPreparationMethodBuilder clPrepBuilder: Inner Class detected. Reject building class initialisation methods. 
153616     DEBUG main            d.u.i.k.p.i.AbstractProblemLoader Init config took 3.13s 
153671     INFO  main            d.u.i.k.p.i.AbstractProblemLoader Replaying proof ArrayList.ArrayListIterator[ListIterator::hasNext()].JML accessible clause.0 
153707     DEBUG main            d.u.i.k.p.i.IntermediateProofReplayer Proof replay took 33ms 
153711     DEBUG main            d.u.i.k.p.r.p.TestFile    ... success: reloaded. 
153717     INFO  main            d.u.i.k.p.r.p.TestFile    Now processing file /home/runner/work/key/key/key.core/../key.ui/examples/heap/list/ArrayList.ArrayListIterator_hasNext.key 
153717     INFO  main            d.u.i.k.p.i.AbstractProblemLoader Loading environment from /home/runner/work/key/key/key.core/../key.ui/examples/heap/list/ArrayList.ArrayListIterator_hasNext.key 
153718     DEBUG main            d.u.i.k.p.i.AbstractProblemLoader Environment load took 263.9ns 
153719     INFO  main            d.u.i.k.p.i.AbstractProblemLoader Creating init config 
154729     DEBUG main            d.u.i.k.j.r.ClassPreparationMethodBuilder clPrepBuilder: Inner Class detected. Reject building class initialisation methods. 
156910     DEBUG main            d.u.i.k.p.i.AbstractProblemLoader Init config took 3.19s 
156963     INFO  main            d.u.i.k.p.i.AbstractProblemLoader Replaying proof ArrayList.ArrayListIterator[ListIterator::hasNext()].JML normal_behavior operation contract.0 
156964     DEBUG main            d.u.i.k.p.i.IntermediateProofReplayer Proof replay took 6.5ns 
157387     INFO  main            d.u.i.k.p.r.p.TestFile    ... finished proof: closed. 
157624     INFO  main            d.u.i.k.p.i.AbstractProblemLoader Loading environment from /home/runner/work/key/key/key.core/../key.ui/examples/heap/list/ArrayList.ArrayListIterator_hasNext.key.proof 
157624     DEBUG main            d.u.i.k.p.i.AbstractProblemLoader Environment load took 110.4ns 
157625     INFO  main            d.u.i.k.p.i.AbstractProblemLoader Creating init config 
158623     DEBUG main            d.u.i.k.j.r.ClassPreparationMethodBuilder clPrepBuilder: Inner Class detected. Reject building class initialisation methods. 
160738     DEBUG main            d.u.i.k.p.i.AbstractProblemLoader Init config took 3.11s 
160789     INFO  main            d.u.i.k.p.i.AbstractProblemLoader Replaying proof ArrayList.ArrayListIterator[ListIterator::hasNext()].JML normal_behavior operation contract.0 
160826     DEBUG main            d.u.i.k.p.i.IntermediateProofReplayer Proof replay took 34.71ms 
160827     DEBUG main            d.u.i.k.p.r.p.TestFile    ... success: reloaded. 
160828     INFO  main            d.u.i.k.p.r.p.TestFile    Now processing file /home/runner/work/key/key/key.core/../key.ui/examples/heap/list/ArrayList.ArrayListIterator_inv.key 
160831     INFO  main            d.u.i.k.p.i.AbstractProblemLoader Loading environment from /home/runner/work/key/key/key.core/../key.ui/examples/heap/list/ArrayList.ArrayListIterator_inv.key 
160831     DEBUG main            d.u.i.k.p.i.AbstractProblemLoader Environment load took 146.3ns 
160832     INFO  main            d.u.i.k.p.i.AbstractProblemLoader Creating init config 
161829     DEBUG main            d.u.i.k.j.r.ClassPreparationMethodBuilder clPrepBuilder: Inner Class detected. Reject building class initialisation methods. 
164012     DEBUG main            d.u.i.k.p.i.AbstractProblemLoader Init config took 3.18s 
164066     INFO  main            d.u.i.k.p.i.AbstractProblemLoader Replaying proof ArrayList.ArrayListIterator[java.lang.Object::<inv>()].JML accessible clause.0 
164071     DEBUG main            d.u.i.k.p.i.IntermediateProofReplayer Proof replay took 6.2ns 
165175     INFO  main            d.u.i.k.p.r.p.TestFile    ... finished proof: closed. 
165442     INFO  main            d.u.i.k.p.i.AbstractProblemLoader Loading environment from /home/runner/work/key/key/key.core/../key.ui/examples/heap/list/ArrayList.ArrayListIterator_inv.key.proof 
165442     DEBUG main            d.u.i.k.p.i.AbstractProblemLoader Environment load took 468ns 
165443     INFO  main            d.u.i.k.p.i.AbstractProblemLoader Creating init config 
166444     DEBUG main            d.u.i.k.j.r.ClassPreparationMethodBuilder clPrepBuilder: Inner Class detected. Reject building class initialisation methods. 
168559     DEBUG main            d.u.i.k.p.i.AbstractProblemLoader Init config took 3.12s 
168610     INFO  main            d.u.i.k.p.i.AbstractProblemLoader Replaying proof ArrayList.ArrayListIterator[java.lang.Object::<inv>()].JML accessible clause.0 
168698     DEBUG main            d.u.i.k.p.i.IntermediateProofReplayer Proof replay took 83.53ms 
168699     DEBUG main            d.u.i.k.p.r.p.TestFile    ... success: reloaded. 
168700     INFO  main            d.u.i.k.p.r.p.TestFile    Now processing file /home/runner/work/key/key/key.core/../key.ui/examples/heap/list/ArrayList.ArrayListIterator_list.key 
168700     INFO  main            d.u.i.k.p.i.AbstractProblemLoader Loading environment from /home/runner/work/key/key/key.core/../key.ui/examples/heap/list/ArrayList.ArrayListIterator_list.key 
168700     DEBUG main            d.u.i.k.p.i.AbstractProblemLoader Environment load took 65.4ns 
168701     INFO  main            d.u.i.k.p.i.AbstractProblemLoader Creating init config 
169700     DEBUG main            d.u.i.k.j.r.ClassPreparationMethodBuilder clPrepBuilder: Inner Class detected. Reject building class initialisation methods. 
171874     DEBUG main            d.u.i.k.p.i.AbstractProblemLoader Init config took 3.17s 
171913     INFO  main            d.u.i.k.p.i.AbstractProblemLoader Replaying proof ListIterator[ListIterator::$list()].JML accessible clause.0 
171915     DEBUG main            d.u.i.k.p.i.IntermediateProofReplayer Proof replay took 6ns 
172017     INFO  main            d.u.i.k.p.r.p.TestFile    ... finished proof: closed. 
172275     INFO  main            d.u.i.k.p.i.AbstractProblemLoader Loading environment from /home/runner/work/key/key/key.core/../key.ui/examples/heap/list/ArrayList.ArrayListIterator_list.key.proof 
172275     DEBUG main            d.u.i.k.p.i.AbstractProblemLoader Environment load took 107.3ns 
172276     INFO  main            d.u.i.k.p.i.AbstractProblemLoader Creating init config 
173267     DEBUG main            d.u.i.k.j.r.ClassPreparationMethodBuilder clPrepBuilder: Inner Class detected. Reject building class initialisation methods. 
175417     DEBUG main            d.u.i.k.p.i.AbstractProblemLoader Init config took 3.14s 
175456     INFO  main            d.u.i.k.p.i.AbstractProblemLoader Replaying proof ListIterator[ListIterator::$list()].JML accessible clause.0 
175458     DEBUG main            d.u.i.k.p.i.IntermediateProofReplayer Proof replay took 842.31ns 
175459     DEBUG main            d.u.i.k.p.r.p.TestFile    ... success: reloaded. 
175460     INFO  main            d.u.i.k.p.r.p.TestFile    Now processing file /home/runner/work/key/key/key.core/../key.ui/examples/heap/list/ArrayList.ArrayListIterator_next_exceptional.key 
175460     INFO  main            d.u.i.k.p.i.AbstractProblemLoader Loading environment from /home/runner/work/key/key/key.core/../key.ui/examples/heap/list/ArrayList.ArrayListIterator_next_exceptional.key 
175460     DEBUG main            d.u.i.k.p.i.AbstractProblemLoader Environment load took 117.6ns 
175461     INFO  main            d.u.i.k.p.i.AbstractProblemLoader Creating init config 
176462     DEBUG main            d.u.i.k.j.r.ClassPreparationMethodBuilder clPrepBuilder: Inner Class detected. Reject building class initialisation methods. 
178574     DEBUG main            d.u.i.k.p.i.AbstractProblemLoader Init config took 3.11s 
178630     INFO  main            d.u.i.k.p.i.AbstractProblemLoader Replaying proof ArrayList.ArrayListIterator[ListIterator::next()].JML exceptional_behavior operation contract.0 
178632     DEBUG main            d.u.i.k.p.i.IntermediateProofReplayer Proof replay took 6.5ns 
179563     INFO  main            d.u.i.k.p.r.p.TestFile    ... finished proof: closed. 
179840     INFO  main            d.u.i.k.p.i.AbstractProblemLoader Loading environment from /home/runner/work/key/key/key.core/../key.ui/examples/heap/list/ArrayList.ArrayListIterator_next_exceptional.key.proof 
179840     DEBUG main            d.u.i.k.p.i.AbstractProblemLoader Environment load took 122.6ns 
179841     INFO  main            d.u.i.k.p.i.AbstractProblemLoader Creating init config 
180824     DEBUG main            d.u.i.k.j.r.ClassPreparationMethodBuilder clPrepBuilder: Inner Class detected. Reject building class initialisation methods. 
182925     DEBUG main            d.u.i.k.p.i.AbstractProblemLoader Init config took 3.08s 
182975     INFO  main            d.u.i.k.p.i.AbstractProblemLoader Replaying proof ArrayList.ArrayListIterator[ListIterator::next()].JML exceptional_behavior operation contract.0 
183068     DEBUG main            d.u.i.k.p.i.IntermediateProofReplayer Proof replay took 87.56ms 
183069     DEBUG main            d.u.i.k.p.r.p.TestFile    ... success: reloaded. 
183071     INFO  main            d.u.i.k.p.r.p.TestFile    Now processing file /home/runner/work/key/key/key.core/../key.ui/examples/heap/list/ArrayList.ArrayListIterator_next_normal.key 
183071     INFO  main            d.u.i.k.p.i.AbstractProblemLoader Loading environment from /home/runner/work/key/key/key.core/../key.ui/examples/heap/list/ArrayList.ArrayListIterator_next_normal.key 
183071     DEBUG main            d.u.i.k.p.i.AbstractProblemLoader Environment load took 215.3ns 
183072     INFO  main            d.u.i.k.p.i.AbstractProblemLoader Creating init config 
184081     DEBUG main            d.u.i.k.j.r.ClassPreparationMethodBuilder clPrepBuilder: Inner Class detected. Reject building class initialisation methods. 
186231     DEBUG main            d.u.i.k.p.i.AbstractProblemLoader Init config took 3.16s 
186311     INFO  main            d.u.i.k.p.i.AbstractProblemLoader Replaying proof ArrayList.ArrayListIterator[ListIterator::next()].JML normal_behavior operation contract.0 
186312     DEBUG main            d.u.i.k.p.i.IntermediateProofReplayer Proof replay took 6.1ns 
187219     INFO  main            d.u.i.k.p.r.p.TestFile    ... finished proof: closed. 
187519     INFO  main            d.u.i.k.p.i.AbstractProblemLoader Loading environment from /home/runner/work/key/key/key.core/../key.ui/examples/heap/list/ArrayList.ArrayListIterator_next_normal.key.proof 
187519     DEBUG main            d.u.i.k.p.i.AbstractProblemLoader Environment load took 125.5ns 
187520     INFO  main            d.u.i.k.p.i.AbstractProblemLoader Creating init config 
188512     DEBUG main            d.u.i.k.j.r.ClassPreparationMethodBuilder clPrepBuilder: Inner Class detected. Reject building class initialisation methods. 
190607     DEBUG main            d.u.i.k.p.i.AbstractProblemLoader Init config took 3.09s 
190658     INFO  main            d.u.i.k.p.i.AbstractProblemLoader Replaying proof ArrayList.ArrayListIterator[ListIterator::next()].JML normal_behavior operation contract.0 
190769     DEBUG main            d.u.i.k.p.i.IntermediateProofReplayer Proof replay took 94.13ms 
190771     DEBUG main            d.u.i.k.p.r.p.TestFile    ... success: reloaded. 
190772     INFO  main            d.u.i.k.p.r.p.TestFile    Now processing file /home/runner/work/key/key/key.core/../key.ui/examples/heap/list/ArrayList.ArrayListIterator_pos.key 
190772     INFO  main            d.u.i.k.p.i.AbstractProblemLoader Loading environment from /home/runner/work/key/key/key.core/../key.ui/examples/heap/list/ArrayList.ArrayListIterator_pos.key 
190773     DEBUG main            d.u.i.k.p.i.AbstractProblemLoader Environment load took 224.5ns 
190774     INFO  main            d.u.i.k.p.i.AbstractProblemLoader Creating init config 
191790     DEBUG main            d.u.i.k.j.r.ClassPreparationMethodBuilder clPrepBuilder: Inner Class detected. Reject building class initialisation methods. 
193958     DEBUG main            d.u.i.k.p.i.AbstractProblemLoader Init config took 3.18s 
193997     INFO  main            d.u.i.k.p.i.AbstractProblemLoader Replaying proof ListIterator[ListIterator::$pos()].JML accessible clause.0 
193999     DEBUG main            d.u.i.k.p.i.IntermediateProofReplayer Proof replay took 5.7ns 
194102     INFO  main            d.u.i.k.p.r.p.TestFile    ... finished proof: closed. 
194372     INFO  main            d.u.i.k.p.i.AbstractProblemLoader Loading environment from /home/runner/work/key/key/key.core/../key.ui/examples/heap/list/ArrayList.ArrayListIterator_pos.key.proof 
194372     DEBUG main            d.u.i.k.p.i.AbstractProblemLoader Environment load took 114.7ns 
194373     INFO  main            d.u.i.k.p.i.AbstractProblemLoader Creating init config 
195353     DEBUG main            d.u.i.k.j.r.ClassPreparationMethodBuilder clPrepBuilder: Inner Class detected. Reject building class initialisation methods. 
197452     DEBUG main            d.u.i.k.p.i.AbstractProblemLoader Init config took 3.08s 
197490     INFO  main            d.u.i.k.p.i.AbstractProblemLoader Replaying proof ListIterator[ListIterator::$pos()].JML accessible clause.0 
197492     DEBUG main            d.u.i.k.p.i.IntermediateProofReplayer Proof replay took 873.61ns 
197493     DEBUG main            d.u.i.k.p.r.p.TestFile    ... success: reloaded. 
197494     INFO  main            d.u.i.k.p.r.p.TestFile    Now processing file /home/runner/work/key/key/key.core/../key.ui/examples/heap/list/Client_m.key 
197494     INFO  main            d.u.i.k.p.i.AbstractProblemLoader Loading environment from /home/runner/work/key/key/key.core/../key.ui/examples/heap/list/Client_m.key 
197494     DEBUG main            d.u.i.k.p.i.AbstractProblemLoader Environment load took 92.2ns 
197495     INFO  main            d.u.i.k.p.i.AbstractProblemLoader Creating init config 
198518     DEBUG main            d.u.i.k.j.r.ClassPreparationMethodBuilder clPrepBuilder: Inner Class detected. Reject building class initialisation methods. 
200668     DEBUG main            d.u.i.k.p.i.AbstractProblemLoader Init config took 3.17s 
200706     INFO  main            d.u.i.k.p.i.AbstractProblemLoader Replaying proof Client[Client::m(List)].JML normal_behavior operation contract.0 
200708     DEBUG main            d.u.i.k.p.i.IntermediateProofReplayer Proof replay took 6ns 
201012     INFO  main            d.u.i.k.p.r.p.TestFile    ... finished proof: closed. 
201301     INFO  main            d.u.i.k.p.i.AbstractProblemLoader Loading environment from /home/runner/work/key/key/key.core/../key.ui/examples/heap/list/Client_m.key.proof 
201301     DEBUG main            d.u.i.k.p.i.AbstractProblemLoader Environment load took 118ns 
201302     INFO  main            d.u.i.k.p.i.AbstractProblemLoader Creating init config 
202296     DEBUG main            d.u.i.k.j.r.ClassPreparationMethodBuilder clPrepBuilder: Inner Class detected. Reject building class initialisation methods. 
204405     DEBUG main            d.u.i.k.p.i.AbstractProblemLoader Init config took 3.1s 
204443     INFO  main            d.u.i.k.p.i.AbstractProblemLoader Replaying proof Client[Client::m(List)].JML normal_behavior operation contract.0 
204493     DEBUG main            d.u.i.k.p.i.IntermediateProofReplayer Proof replay took 47.22ms 
204497     DEBUG main            d.u.i.k.p.r.p.TestFile    ... success: reloaded. 
204498     INFO  main            d.u.i.k.p.r.p.TestFile    Now processing file /home/runner/work/key/key/key.core/../key.ui/examples/heap/list/Client_n.key 
204499     INFO  main            d.u.i.k.p.i.AbstractProblemLoader Loading environment from /home/runner/work/key/key/key.core/../key.ui/examples/heap/list/Client_n.key 
204499     DEBUG main            d.u.i.k.p.i.AbstractProblemLoader Environment load took 69.2ns 
204500     INFO  main            d.u.i.k.p.i.AbstractProblemLoader Creating init config 
205511     DEBUG main            d.u.i.k.j.r.ClassPreparationMethodBuilder clPrepBuilder: Inner Class detected. Reject building class initialisation methods. 
207692     DEBUG main            d.u.i.k.p.i.AbstractProblemLoader Init config took 3.19s 
207734     INFO  main            d.u.i.k.p.i.AbstractProblemLoader Replaying proof Client[Client::n(List)].JML normal_behavior operation contract.0 
207735     DEBUG main            d.u.i.k.p.i.IntermediateProofReplayer Proof replay took 7.3ns 
207841     INFO  main            d.u.i.k.p.r.p.TestFile    ... finished proof: closed. 
208298     INFO  main            d.u.i.k.p.i.AbstractProblemLoader Loading environment from /home/runner/work/key/key/key.core/../key.ui/examples/heap/list/Client_n.key.proof 
208298     DEBUG main            d.u.i.k.p.i.AbstractProblemLoader Environment load took 116.3ns 
208298     INFO  main            d.u.i.k.p.i.AbstractProblemLoader Creating init config 
209287     DEBUG main            d.u.i.k.j.r.ClassPreparationMethodBuilder clPrepBuilder: Inner Class detected. Reject building class initialisation methods. 
211407     DEBUG main            d.u.i.k.p.i.AbstractProblemLoader Init config took 3.11s 
211455     INFO  main            d.u.i.k.p.i.AbstractProblemLoader Replaying proof Client[Client::n(List)].JML normal_behavior operation contract.0 
211473     DEBUG main            d.u.i.k.p.i.IntermediateProofReplayer Proof replay took 16.19ms 
211474     DEBUG main            d.u.i.k.p.r.p.TestFile    ... success: reloaded. 
211475     INFO  main            d.u.i.k.p.r.p.TestFile    Now processing file /home/runner/work/key/key/key.core/../key.ui/examples/heap/list/LinkedList_get_exceptional.key 
211475     INFO  main            d.u.i.k.p.i.AbstractProblemLoader Loading environment from /home/runner/work/key/key/key.core/../key.ui/examples/heap/list/LinkedList_get_exceptional.key 
211475     DEBUG main            d.u.i.k.p.i.AbstractProblemLoader Environment load took 49.7ns 
211476     INFO  main            d.u.i.k.p.i.AbstractProblemLoader Creating init config 
212503     DEBUG main            d.u.i.k.j.r.ClassPreparationMethodBuilder clPrepBuilder: Inner Class detected. Reject building class initialisation methods. 
214614     DEBUG main            d.u.i.k.p.i.AbstractProblemLoader Init config took 3.14s 
214658     INFO  main            d.u.i.k.p.i.AbstractProblemLoader Replaying proof LinkedList[List::get(int)].JML exceptional_behavior operation contract.0 
214659     DEBUG main            d.u.i.k.p.i.IntermediateProofReplayer Proof replay took 7.1ns 
216783     INFO  main            d.u.i.k.p.r.p.TestFile    ... finished proof: closed. 
217118     INFO  main            d.u.i.k.p.i.AbstractProblemLoader Loading environment from /home/runner/work/key/key/key.core/../key.ui/examples/heap/list/LinkedList_get_exceptional.key.proof 
217118     DEBUG main            d.u.i.k.p.i.AbstractProblemLoader Environment load took 115.4ns 
217119     INFO  main            d.u.i.k.p.i.AbstractProblemLoader Creating init config 
218101     DEBUG main            d.u.i.k.j.r.ClassPreparationMethodBuilder clPrepBuilder: Inner Class detected. Reject building class initialisation methods. 
220172     DEBUG main            d.u.i.k.p.i.AbstractProblemLoader Init config took 3.05s 
220229     INFO  main            d.u.i.k.p.i.AbstractProblemLoader Replaying proof LinkedList[List::get(int)].JML exceptional_behavior operation contract.0 
220431     DEBUG main            d.u.i.k.p.i.IntermediateProofReplayer Proof replay took 192.34ms 
220432     DEBUG main            d.u.i.k.p.r.p.TestFile    ... success: reloaded. 
220433     INFO  main            d.u.i.k.p.r.p.TestFile    Now processing file /home/runner/work/key/key/key.core/../key.ui/examples/heap/list/LinkedList_get_normal.key 
220434     INFO  main            d.u.i.k.p.i.AbstractProblemLoader Loading environment from /home/runner/work/key/key/key.core/../key.ui/examples/heap/list/LinkedList_get_normal.key 
220434     DEBUG main            d.u.i.k.p.i.AbstractProblemLoader Environment load took 73.9ns 
220434     INFO  main            d.u.i.k.p.i.AbstractProblemLoader Creating init config 
221428     DEBUG main            d.u.i.k.j.r.ClassPreparationMethodBuilder clPrepBuilder: Inner Class detected. Reject building class initialisation methods. 
223557     DEBUG main            d.u.i.k.p.i.AbstractProblemLoader Init config took 3.12s 
223609     INFO  main            d.u.i.k.p.i.AbstractProblemLoader Replaying proof LinkedList[List::get(int)].JML normal_behavior operation contract.0 
223615     DEBUG main            d.u.i.k.p.i.IntermediateProofReplayer Proof replay took 6.7ns 
230179     INFO  main            d.u.i.k.p.r.p.TestFile    ... finished proof: closed. 
230592     INFO  main            d.u.i.k.p.i.AbstractProblemLoader Loading environment from /home/runner/work/key/key/key.core/../key.ui/examples/heap/list/LinkedList_get_normal.key.proof 
230592     DEBUG main            d.u.i.k.p.i.AbstractProblemLoader Environment load took 119.7ns 
230594     INFO  main            d.u.i.k.p.i.AbstractProblemLoader Creating init config 
231579     DEBUG main            d.u.i.k.j.r.ClassPreparationMethodBuilder clPrepBuilder: Inner Class detected. Reject building class initialisation methods. 
233710     DEBUG main            d.u.i.k.p.i.AbstractProblemLoader Init config took 3.12s 
233754     INFO  main            d.u.i.k.p.i.AbstractProblemLoader Replaying proof LinkedList[List::get(int)].JML normal_behavior operation contract.0 
234106     DEBUG main            d.u.i.k.p.i.IntermediateProofReplayer Proof replay took 328.85ms 
234109     DEBUG main            d.u.i.k.p.r.p.TestFile    ... success: reloaded. 
234110     INFO  main            d.u.i.k.p.r.p.TestFile    Now processing file /home/runner/work/key/key/key.core/../key.ui/examples/heap/list/LinkedList_LinkedList.key 
234110     INFO  main            d.u.i.k.p.i.AbstractProblemLoader Loading environment from /home/runner/work/key/key/key.core/../key.ui/examples/heap/list/LinkedList_LinkedList.key 
234110     DEBUG main            d.u.i.k.p.i.AbstractProblemLoader Environment load took 56ns 
234111     INFO  main            d.u.i.k.p.i.AbstractProblemLoader Creating init config 
235125     DEBUG main            d.u.i.k.j.r.ClassPreparationMethodBuilder clPrepBuilder: Inner Class detected. Reject building class initialisation methods. 
237309     DEBUG main            d.u.i.k.p.i.AbstractProblemLoader Init config took 3.2s 
237352     INFO  main            d.u.i.k.p.i.AbstractProblemLoader Replaying proof LinkedList[LinkedList::LinkedList()].JML normal_behavior operation contract.0 
237353     DEBUG main            d.u.i.k.p.i.IntermediateProofReplayer Proof replay took 7ns 
237964     INFO  main            d.u.i.k.p.r.p.TestFile    ... finished proof: closed. 
238270     INFO  main            d.u.i.k.p.i.AbstractProblemLoader Loading environment from /home/runner/work/key/key/key.core/../key.ui/examples/heap/list/LinkedList_LinkedList.key.proof 
238270     DEBUG main            d.u.i.k.p.i.AbstractProblemLoader Environment load took 109.2ns 
238271     INFO  main            d.u.i.k.p.i.AbstractProblemLoader Creating init config 
239256     DEBUG main            d.u.i.k.j.r.ClassPreparationMethodBuilder clPrepBuilder: Inner Class detected. Reject building class initialisation methods. 
241345     DEBUG main            d.u.i.k.p.i.AbstractProblemLoader Init config took 3.07s 
241390     INFO  main            d.u.i.k.p.i.AbstractProblemLoader Replaying proof LinkedList[LinkedList::LinkedList()].JML normal_behavior operation contract.0 
241470     DEBUG main            d.u.i.k.p.i.IntermediateProofReplayer Proof replay took 76.79ms 
241471     DEBUG main            d.u.i.k.p.r.p.TestFile    ... success: reloaded. 
241472     INFO  main            d.u.i.k.p.r.p.TestFile    Now processing file /home/runner/work/key/key/key.core/../key.ui/examples/heap/list/LinkedList_size_dep.key 
241472     INFO  main            d.u.i.k.p.i.AbstractProblemLoader Loading environment from /home/runner/work/key/key/key.core/../key.ui/examples/heap/list/LinkedList_size_dep.key 
241472     DEBUG main            d.u.i.k.p.i.AbstractProblemLoader Environment load took 58.6ns 
241473     INFO  main            d.u.i.k.p.i.AbstractProblemLoader Creating init config 
242475     DEBUG main            d.u.i.k.j.r.ClassPreparationMethodBuilder clPrepBuilder: Inner Class detected. Reject building class initialisation methods. 
244658     DEBUG main            d.u.i.k.p.i.AbstractProblemLoader Init config took 3.18s 
244701     INFO  main            d.u.i.k.p.i.AbstractProblemLoader Replaying proof LinkedList[List::size()].JML accessible clause.0 
244703     DEBUG main            d.u.i.k.p.i.IntermediateProofReplayer Proof replay took 7.6ns 
245205     INFO  main            d.u.i.k.p.r.p.TestFile    ... finished proof: closed. 
245537     INFO  main            d.u.i.k.p.i.AbstractProblemLoader Loading environment from /home/runner/work/key/key/key.core/../key.ui/examples/heap/list/LinkedList_size_dep.key.proof 
245537     DEBUG main            d.u.i.k.p.i.AbstractProblemLoader Environment load took 106.6ns 
245538     INFO  main            d.u.i.k.p.i.AbstractProblemLoader Creating init config 
246523     DEBUG main            d.u.i.k.j.r.ClassPreparationMethodBuilder clPrepBuilder: Inner Class detected. Reject building class initialisation methods. 
248615     DEBUG main            d.u.i.k.p.i.AbstractProblemLoader Init config took 3.08s 
248676     INFO  main            d.u.i.k.p.i.AbstractProblemLoader Replaying proof LinkedList[List::size()].JML accessible clause.0 
248709     DEBUG main            d.u.i.k.p.i.IntermediateProofReplayer Proof replay took 29.58ms 
248710     DEBUG main            d.u.i.k.p.r.p.TestFile    ... success: reloaded. 
248711     INFO  main            d.u.i.k.p.r.p.TestFile    Now processing file /home/runner/work/key/key/key.core/../key.ui/examples/heap/list/LinkedList_size.key 
248711     INFO  main            d.u.i.k.p.i.AbstractProblemLoader Loading environment from /home/runner/work/key/key/key.core/../key.ui/examples/heap/list/LinkedList_size.key 
248712     DEBUG main            d.u.i.k.p.i.AbstractProblemLoader Environment load took 216.9ns 
248712     INFO  main            d.u.i.k.p.i.AbstractProblemLoader Creating init config 
249727     DEBUG main            d.u.i.k.j.r.ClassPreparationMethodBuilder clPrepBuilder: Inner Class detected. Reject building class initialisation methods. 
251864     DEBUG main            d.u.i.k.p.i.AbstractProblemLoader Init config took 3.15s 
251906     INFO  main            d.u.i.k.p.i.AbstractProblemLoader Replaying proof LinkedList[List::size()].JML normal_behavior operation contract.0 
251907     DEBUG main            d.u.i.k.p.i.IntermediateProofReplayer Proof replay took 6.5ns 
252411     INFO  main            d.u.i.k.p.r.p.TestFile    ... finished proof: closed. 
252725     INFO  main            d.u.i.k.p.i.AbstractProblemLoader Loading environment from /home/runner/work/key/key/key.core/../key.ui/examples/heap/list/LinkedList_size.key.proof 
252725     DEBUG main            d.u.i.k.p.i.AbstractProblemLoader Environment load took 132.1ns 
252726     INFO  main            d.u.i.k.p.i.AbstractProblemLoader Creating init config 
253712     DEBUG main            d.u.i.k.j.r.ClassPreparationMethodBuilder clPrepBuilder: Inner Class detected. Reject building class initialisation methods. 
255817     DEBUG main            d.u.i.k.p.i.AbstractProblemLoader Init config took 3.09s 
255859     INFO  main            d.u.i.k.p.i.AbstractProblemLoader Replaying proof LinkedList[List::size()].JML normal_behavior operation contract.0 
255888     DEBUG main            d.u.i.k.p.i.IntermediateProofReplayer Proof replay took 25.8ms 
255889     DEBUG main            d.u.i.k.p.r.p.TestFile    ... success: reloaded. 
255890     INFO  main            d.u.i.k.p.r.p.TestFile    Now processing file /home/runner/work/key/key/key.core/../key.ui/examples/heap/list/MySet_footprint.key 
255890     INFO  main            d.u.i.k.p.i.AbstractProblemLoader Loading environment from /home/runner/work/key/key/key.core/../key.ui/examples/heap/list/MySet_footprint.key 
255890     DEBUG main            d.u.i.k.p.i.AbstractProblemLoader Environment load took 53.7ns 
255891     INFO  main            d.u.i.k.p.i.AbstractProblemLoader Creating init config 
256888     DEBUG main            d.u.i.k.j.r.ClassPreparationMethodBuilder clPrepBuilder: Inner Class detected. Reject building class initialisation methods. 
259039     DEBUG main            d.u.i.k.p.i.AbstractProblemLoader Init config took 3.15s 
259084     INFO  main            d.u.i.k.p.i.AbstractProblemLoader Replaying proof MySet[MySet::$footprint()].JML accessible clause.0 
259085     DEBUG main            d.u.i.k.p.i.IntermediateProofReplayer Proof replay took 6.6ns 
259387     INFO  main            d.u.i.k.p.r.p.TestFile    ... finished proof: closed. 
259703     INFO  main            d.u.i.k.p.i.AbstractProblemLoader Loading environment from /home/runner/work/key/key/key.core/../key.ui/examples/heap/list/MySet_footprint.key.proof 
259703     DEBUG main            d.u.i.k.p.i.AbstractProblemLoader Environment load took 104ns 
259704     INFO  main            d.u.i.k.p.i.AbstractProblemLoader Creating init config 
260684     DEBUG main            d.u.i.k.j.r.ClassPreparationMethodBuilder clPrepBuilder: Inner Class detected. Reject building class initialisation methods. 
262778     DEBUG main            d.u.i.k.p.i.AbstractProblemLoader Init config took 3.07s 
262823     INFO  main            d.u.i.k.p.i.AbstractProblemLoader Replaying proof MySet[MySet::$footprint()].JML accessible clause.0 
262845     DEBUG main            d.u.i.k.p.i.IntermediateProofReplayer Proof replay took 19.32ms 
262846     DEBUG main            d.u.i.k.p.r.p.TestFile    ... success: reloaded. 
262847     INFO  main            d.u.i.k.p.r.p.TestFile    Now processing file /home/runner/work/key/key/key.core/../key.ui/examples/heap/list/MySet_MySet.key 
262847     INFO  main            d.u.i.k.p.i.AbstractProblemLoader Loading environment from /home/runner/work/key/key/key.core/../key.ui/examples/heap/list/MySet_MySet.key 
262847     DEBUG main            d.u.i.k.p.i.AbstractProblemLoader Environment load took 57.5ns 
262848     INFO  main            d.u.i.k.p.i.AbstractProblemLoader Creating init config 
263846     DEBUG main            d.u.i.k.j.r.ClassPreparationMethodBuilder clPrepBuilder: Inner Class detected. Reject building class initialisation methods. 
265982     DEBUG main            d.u.i.k.p.i.AbstractProblemLoader Init config took 3.13s 
266028     INFO  main            d.u.i.k.p.i.AbstractProblemLoader Replaying proof MySet[MySet::MySet()].JML normal_behavior operation contract.0 
266033     DEBUG main            d.u.i.k.p.i.IntermediateProofReplayer Proof replay took 6.6ns 
268544     INFO  main            d.u.i.k.p.r.p.TestFile    ... finished proof: closed. 
268882     INFO  main            d.u.i.k.p.i.AbstractProblemLoader Loading environment from /home/runner/work/key/key/key.core/../key.ui/examples/heap/list/MySet_MySet.key.proof 
268883     DEBUG main            d.u.i.k.p.i.AbstractProblemLoader Environment load took 470.9ns 
268885     INFO  main            d.u.i.k.p.i.AbstractProblemLoader Creating init config 
269872     DEBUG main            d.u.i.k.j.r.ClassPreparationMethodBuilder clPrepBuilder: Inner Class detected. Reject building class initialisation methods. 
271947     DEBUG main            d.u.i.k.p.i.AbstractProblemLoader Init config took 3.06s 
271992     INFO  main            d.u.i.k.p.i.AbstractProblemLoader Replaying proof MySet[MySet::MySet()].JML normal_behavior operation contract.0 
272262     DEBUG main            d.u.i.k.p.i.IntermediateProofReplayer Proof replay took 258.36ms 
272264     DEBUG main            d.u.i.k.p.r.p.TestFile    ... success: reloaded. 
1113211    INFO  Test worker     d.u.i.k.p.r.RunAllProofsTestUnit Returning from test list 
1113212    INFO  Test worker     d.u.i.k.p.r.RunAllProofsTestUnit Running test list_ghost 
360        INFO  Timeout watchdog d.u.i.k.p.r.p.ForkedTestFileRunner Timeout watcher launched (2000 secs.) 
377        WARN  main            d.u.i.k.s.ProofSettings   The settings in /home/runner/.key/proof-settings.props are *not* read. 
424        INFO  main            d.u.i.k.p.r.p.TestFile    Now processing file /home/runner/work/key/key/key.core/../key.ui/examples/heap/list_ghost/ArrayList_add.key 
558        INFO  main            d.u.i.k.p.i.AbstractProblemLoader Loading environment from /home/runner/work/key/key/key.core/../key.ui/examples/heap/list_ghost/ArrayList_add.key 
575        DEBUG main            d.u.i.k.p.i.AbstractProblemLoader Environment load took 1.84ms 
782        INFO  main            d.u.i.k.p.i.AbstractProblemLoader Creating init config 
1735       DEBUG main            d.u.i.k.j.TypeConverter   No LDT found for Meta 
1736       DEBUG main            d.u.i.k.j.TypeConverter   No LDT found for Meta 
1738       DEBUG main            d.u.i.k.j.TypeConverter   No LDT found for Meta 
1738       DEBUG main            d.u.i.k.j.TypeConverter   No LDT found for Meta 
3007       DEBUG main            d.u.i.k.j.TypeConverter   No LDT found for JavaBigintExpression 
8159       DEBUG main            d.u.i.k.p.i.AbstractProblemLoader Init config took 7.38s 
8279       INFO  main            d.u.i.k.p.i.AbstractProblemLoader Replaying proof ArrayList[List::add(java.lang.Object)].JML normal_behavior operation contract.0 
8311       DEBUG main            d.u.i.k.p.i.IntermediateProofReplayer Proof replay took 32.3ns 
13721      INFO  main            d.u.i.k.p.r.p.TestFile    ... finished proof: closed. 
13899      INFO  main            d.u.i.k.p.i.AbstractProblemLoader Loading environment from /home/runner/work/key/key/key.core/../key.ui/examples/heap/list_ghost/ArrayList_add.key.proof 
13899      DEBUG main            d.u.i.k.p.i.AbstractProblemLoader Environment load took 152.3ns 
13906      INFO  main            d.u.i.k.p.i.AbstractProblemLoader Creating init config 
16768      DEBUG main            d.u.i.k.p.i.AbstractProblemLoader Init config took 2.86s 
16831      INFO  main            d.u.i.k.p.i.AbstractProblemLoader Replaying proof ArrayList[List::add(java.lang.Object)].JML normal_behavior operation contract.0 
17439      DEBUG main            d.u.i.k.p.i.IntermediateProofReplayer Proof replay took 573.47ms 
17448      DEBUG main            d.u.i.k.p.r.p.TestFile    ... success: reloaded. 
17453      INFO  main            d.u.i.k.p.r.p.TestFile    Now processing file /home/runner/work/key/key/key.core/../key.ui/examples/heap/list_ghost/ArrayList_ArrayList.key 
17454      INFO  main            d.u.i.k.p.i.AbstractProblemLoader Loading environment from /home/runner/work/key/key/key.core/../key.ui/examples/heap/list_ghost/ArrayList_ArrayList.key 
17454      DEBUG main            d.u.i.k.p.i.AbstractProblemLoader Environment load took 103.3ns 
17457      INFO  main            d.u.i.k.p.i.AbstractProblemLoader Creating init config 
20260      DEBUG main            d.u.i.k.p.i.AbstractProblemLoader Init config took 2.8s 
20317      INFO  main            d.u.i.k.p.i.AbstractProblemLoader Replaying proof ArrayList[ArrayList::ArrayList()].JML normal_behavior operation contract.0 
20319      DEBUG main            d.u.i.k.p.i.IntermediateProofReplayer Proof replay took 5.3ns 
21324      INFO  main            d.u.i.k.p.r.p.TestFile    ... finished proof: closed. 
21554      INFO  main            d.u.i.k.p.i.AbstractProblemLoader Loading environment from /home/runner/work/key/key/key.core/../key.ui/examples/heap/list_ghost/ArrayList_ArrayList.key.proof 
21554      DEBUG main            d.u.i.k.p.i.AbstractProblemLoader Environment load took 216.5ns 
21555      INFO  main            d.u.i.k.p.i.AbstractProblemLoader Creating init config 
24158      DEBUG main            d.u.i.k.p.i.AbstractProblemLoader Init config took 2.6s 
24227      INFO  main            d.u.i.k.p.i.AbstractProblemLoader Replaying proof ArrayList[ArrayList::ArrayList()].JML normal_behavior operation contract.0 
24358      DEBUG main            d.u.i.k.p.i.IntermediateProofReplayer Proof replay took 123.05ms 
24360      DEBUG main            d.u.i.k.p.r.p.TestFile    ... success: reloaded. 
24361      INFO  main            d.u.i.k.p.r.p.TestFile    Now processing file /home/runner/work/key/key/key.core/../key.ui/examples/heap/list_ghost/ArrayList_enlarge.key 
24361      INFO  main            d.u.i.k.p.i.AbstractProblemLoader Loading environment from /home/runner/work/key/key/key.core/../key.ui/examples/heap/list_ghost/ArrayList_enlarge.key 
24362      DEBUG main            d.u.i.k.p.i.AbstractProblemLoader Environment load took 243.2ns 
24363      INFO  main            d.u.i.k.p.i.AbstractProblemLoader Creating init config 
26994      DEBUG main            d.u.i.k.p.i.AbstractProblemLoader Init config took 2.63s 
27044      INFO  main            d.u.i.k.p.i.AbstractProblemLoader Replaying proof ArrayList[ArrayList::enlarge()].JML normal_behavior operation contract.0 
27045      DEBUG main            d.u.i.k.p.i.IntermediateProofReplayer Proof replay took 5.6ns 
29173      INFO  main            d.u.i.k.p.r.p.TestFile    ... finished proof: closed. 
29338      INFO  main            d.u.i.k.p.i.AbstractProblemLoader Loading environment from /home/runner/work/key/key/key.core/../key.ui/examples/heap/list_ghost/ArrayList_enlarge.key.proof 
29339      DEBUG main            d.u.i.k.p.i.AbstractProblemLoader Environment load took 824.21ns 
29341      INFO  main            d.u.i.k.p.i.AbstractProblemLoader Creating init config 
31933      DEBUG main            d.u.i.k.p.i.AbstractProblemLoader Init config took 2.59s 
31979      INFO  main            d.u.i.k.p.i.AbstractProblemLoader Replaying proof ArrayList[ArrayList::enlarge()].JML normal_behavior operation contract.0 
32273      DEBUG main            d.u.i.k.p.i.IntermediateProofReplayer Proof replay took 283.32ms 
32275      DEBUG main            d.u.i.k.p.r.p.TestFile    ... success: reloaded. 
32276      INFO  main            d.u.i.k.p.r.p.TestFile    Now processing file /home/runner/work/key/key/key.core/../key.ui/examples/heap/list_ghost/ArrayList_get_dep.key 
32277      INFO  main            d.u.i.k.p.i.AbstractProblemLoader Loading environment from /home/runner/work/key/key/key.core/../key.ui/examples/heap/list_ghost/ArrayList_get_dep.key 
32277      DEBUG main            d.u.i.k.p.i.AbstractProblemLoader Environment load took 236.1ns 
32278      INFO  main            d.u.i.k.p.i.AbstractProblemLoader Creating init config 
34866      DEBUG main            d.u.i.k.p.i.AbstractProblemLoader Init config took 2.59s 
34926      INFO  main            d.u.i.k.p.i.AbstractProblemLoader Replaying proof ArrayList[List::get(int)].JML accessible clause.0 
34929      DEBUG main            d.u.i.k.p.i.IntermediateProofReplayer Proof replay took 6.1ns 
35340      INFO  main            d.u.i.k.p.r.p.TestFile    ... finished proof: closed. 
35488      INFO  main            d.u.i.k.p.i.AbstractProblemLoader Loading environment from /home/runner/work/key/key/key.core/../key.ui/examples/heap/list_ghost/ArrayList_get_dep.key.proof 
35488      DEBUG main            d.u.i.k.p.i.AbstractProblemLoader Environment load took 488.81ns 
35490      INFO  main            d.u.i.k.p.i.AbstractProblemLoader Creating init config 
38078      DEBUG main            d.u.i.k.p.i.AbstractProblemLoader Init config took 2.59s 
38122      INFO  main            d.u.i.k.p.i.AbstractProblemLoader Replaying proof ArrayList[List::get(int)].JML accessible clause.0 
38172      DEBUG main            d.u.i.k.p.i.IntermediateProofReplayer Proof replay took 45.83ms 
38173      DEBUG main            d.u.i.k.p.r.p.TestFile    ... success: reloaded. 
38174      INFO  main            d.u.i.k.p.r.p.TestFile    Now processing file /home/runner/work/key/key/key.core/../key.ui/examples/heap/list_ghost/ArrayList_get_exceptional.key 
38175      INFO  main            d.u.i.k.p.i.AbstractProblemLoader Loading environment from /home/runner/work/key/key/key.core/../key.ui/examples/heap/list_ghost/ArrayList_get_exceptional.key 
38175      DEBUG main            d.u.i.k.p.i.AbstractProblemLoader Environment load took 242.1ns 
38176      INFO  main            d.u.i.k.p.i.AbstractProblemLoader Creating init config 
40832      DEBUG main            d.u.i.k.p.i.AbstractProblemLoader Init config took 2.66s 
40877      INFO  main            d.u.i.k.p.i.AbstractProblemLoader Replaying proof ArrayList[List::get(int)].JML exceptional_behavior operation contract.0 
40879      DEBUG main            d.u.i.k.p.i.IntermediateProofReplayer Proof replay took 5.6ns 
41683      INFO  main            d.u.i.k.p.r.p.TestFile    ... finished proof: closed. 
41861      INFO  main            d.u.i.k.p.i.AbstractProblemLoader Loading environment from /home/runner/work/key/key/key.core/../key.ui/examples/heap/list_ghost/ArrayList_get_exceptional.key.proof 
41861      DEBUG main            d.u.i.k.p.i.AbstractProblemLoader Environment load took 3.85ms 
41863      INFO  main            d.u.i.k.p.i.AbstractProblemLoader Creating init config 
44422      DEBUG main            d.u.i.k.p.i.AbstractProblemLoader Init config took 2.56s 
44469      INFO  main            d.u.i.k.p.i.AbstractProblemLoader Replaying proof ArrayList[List::get(int)].JML exceptional_behavior operation contract.0 
44611      DEBUG main            d.u.i.k.p.i.IntermediateProofReplayer Proof replay took 121.92ms 
44612      DEBUG main            d.u.i.k.p.r.p.TestFile    ... success: reloaded. 
44614      INFO  main            d.u.i.k.p.r.p.TestFile    Now processing file /home/runner/work/key/key/key.core/../key.ui/examples/heap/list_ghost/ArrayList_get_normal.key 
44614      INFO  main            d.u.i.k.p.i.AbstractProblemLoader Loading environment from /home/runner/work/key/key/key.core/../key.ui/examples/heap/list_ghost/ArrayList_get_normal.key 
44615      DEBUG main            d.u.i.k.p.i.AbstractProblemLoader Environment load took 253.5ns 
44616      INFO  main            d.u.i.k.p.i.AbstractProblemLoader Creating init config 
47247      DEBUG main            d.u.i.k.p.i.AbstractProblemLoader Init config took 2.63s 
47291      INFO  main            d.u.i.k.p.i.AbstractProblemLoader Replaying proof ArrayList[List::get(int)].JML normal_behavior operation contract.0 
47293      DEBUG main            d.u.i.k.p.i.IntermediateProofReplayer Proof replay took 5.5ns 
47498      INFO  main            d.u.i.k.p.r.p.TestFile    ... finished proof: closed. 
47707      INFO  main            d.u.i.k.p.i.AbstractProblemLoader Loading environment from /home/runner/work/key/key/key.core/../key.ui/examples/heap/list_ghost/ArrayList_get_normal.key.proof 
47708      DEBUG main            d.u.i.k.p.i.AbstractProblemLoader Environment load took 126.9ns 
47709      INFO  main            d.u.i.k.p.i.AbstractProblemLoader Creating init config 
50205      DEBUG main            d.u.i.k.p.i.AbstractProblemLoader Init config took 2.5s 
50245      INFO  main            d.u.i.k.p.i.AbstractProblemLoader Replaying proof ArrayList[List::get(int)].JML normal_behavior operation contract.0 
50307      DEBUG main            d.u.i.k.p.i.IntermediateProofReplayer Proof replay took 58.2ms 
50308      DEBUG main            d.u.i.k.p.r.p.TestFile    ... success: reloaded. 
50309      INFO  main            d.u.i.k.p.r.p.TestFile    Now processing file /home/runner/work/key/key/key.core/../key.ui/examples/heap/list_ghost/ArrayList_inv.key 
50309      INFO  main            d.u.i.k.p.i.AbstractProblemLoader Loading environment from /home/runner/work/key/key/key.core/../key.ui/examples/heap/list_ghost/ArrayList_inv.key 
50309      DEBUG main            d.u.i.k.p.i.AbstractProblemLoader Environment load took 102.6ns 
50310      INFO  main            d.u.i.k.p.i.AbstractProblemLoader Creating init config 
52864      DEBUG main            d.u.i.k.p.i.AbstractProblemLoader Init config took 2.55s 
52910      INFO  main            d.u.i.k.p.i.AbstractProblemLoader Replaying proof ArrayList[java.lang.Object::<inv>()].JML accessible clause.0 
52912      DEBUG main            d.u.i.k.p.i.IntermediateProofReplayer Proof replay took 5.7ns 
53014      INFO  main            d.u.i.k.p.r.p.TestFile    ... finished proof: closed. 
53196      INFO  main            d.u.i.k.p.i.AbstractProblemLoader Loading environment from /home/runner/work/key/key/key.core/../key.ui/examples/heap/list_ghost/ArrayList_inv.key.proof 
53196      DEBUG main            d.u.i.k.p.i.AbstractProblemLoader Environment load took 134.8ns 
53197      INFO  main            d.u.i.k.p.i.AbstractProblemLoader Creating init config 
55699      DEBUG main            d.u.i.k.p.i.AbstractProblemLoader Init config took 2.5s 
55738      INFO  main            d.u.i.k.p.i.AbstractProblemLoader Replaying proof ArrayList[java.lang.Object::<inv>()].JML accessible clause.0 
55747      DEBUG main            d.u.i.k.p.i.IntermediateProofReplayer Proof replay took 7.26ms 
55748      DEBUG main            d.u.i.k.p.r.p.TestFile    ... success: reloaded. 
55749      INFO  main            d.u.i.k.p.r.p.TestFile    Now processing file /home/runner/work/key/key/key.core/../key.ui/examples/heap/list_ghost/ArrayList_size_dep.key 
55749      INFO  main            d.u.i.k.p.i.AbstractProblemLoader Loading environment from /home/runner/work/key/key/key.core/../key.ui/examples/heap/list_ghost/ArrayList_size_dep.key 
55749      DEBUG main            d.u.i.k.p.i.AbstractProblemLoader Environment load took 106.8ns 
55750      INFO  main            d.u.i.k.p.i.AbstractProblemLoader Creating init config 
58304      DEBUG main            d.u.i.k.p.i.AbstractProblemLoader Init config took 2.55s 
58344      INFO  main            d.u.i.k.p.i.AbstractProblemLoader Replaying proof ArrayList[List::size()].JML accessible clause.0 
58345      DEBUG main            d.u.i.k.p.i.IntermediateProofReplayer Proof replay took 6.5ns 
58450      INFO  main            d.u.i.k.p.r.p.TestFile    ... finished proof: closed. 
58719      INFO  main            d.u.i.k.p.i.AbstractProblemLoader Loading environment from /home/runner/work/key/key/key.core/../key.ui/examples/heap/list_ghost/ArrayList_size_dep.key.proof 
58719      DEBUG main            d.u.i.k.p.i.AbstractProblemLoader Environment load took 125.9ns 
58720      INFO  main            d.u.i.k.p.i.AbstractProblemLoader Creating init config 
61213      DEBUG main            d.u.i.k.p.i.AbstractProblemLoader Init config took 2.49s 
61254      INFO  main            d.u.i.k.p.i.AbstractProblemLoader Replaying proof ArrayList[List::size()].JML accessible clause.0 
61268      DEBUG main            d.u.i.k.p.i.IntermediateProofReplayer Proof replay took 11.29ms 
61269      DEBUG main            d.u.i.k.p.r.p.TestFile    ... success: reloaded. 
61271      INFO  main            d.u.i.k.p.r.p.TestFile    Now processing file /home/runner/work/key/key/key.core/../key.ui/examples/heap/list_ghost/ArrayList_size.key 
61271      INFO  main            d.u.i.k.p.i.AbstractProblemLoader Loading environment from /home/runner/work/key/key/key.core/../key.ui/examples/heap/list_ghost/ArrayList_size.key 
61271      DEBUG main            d.u.i.k.p.i.AbstractProblemLoader Environment load took 224.4ns 
61272      INFO  main            d.u.i.k.p.i.AbstractProblemLoader Creating init config 
63826      DEBUG main            d.u.i.k.p.i.AbstractProblemLoader Init config took 2.55s 
63874      INFO  main            d.u.i.k.p.i.AbstractProblemLoader Replaying proof ArrayList[List::size()].JML normal_behavior operation contract.0 
63875      DEBUG main            d.u.i.k.p.i.IntermediateProofReplayer Proof replay took 6.4ns 
63977      INFO  main            d.u.i.k.p.r.p.TestFile    ... finished proof: closed. 
64158      INFO  main            d.u.i.k.p.i.AbstractProblemLoader Loading environment from /home/runner/work/key/key/key.core/../key.ui/examples/heap/list_ghost/ArrayList_size.key.proof 
64158      DEBUG main            d.u.i.k.p.i.AbstractProblemLoader Environment load took 126.7ns 
64159      INFO  main            d.u.i.k.p.i.AbstractProblemLoader Creating init config 
66654      DEBUG main            d.u.i.k.p.i.AbstractProblemLoader Init config took 2.5s 
66692      INFO  main            d.u.i.k.p.i.AbstractProblemLoader Replaying proof ArrayList[List::size()].JML normal_behavior operation contract.0 
66705      DEBUG main            d.u.i.k.p.i.IntermediateProofReplayer Proof replay took 10.76ms 
66706      DEBUG main            d.u.i.k.p.r.p.TestFile    ... success: reloaded. 
1180109    INFO  Test worker     d.u.i.k.p.r.RunAllProofsTestUnit Returning from test list_ghost 
1180111    INFO  Test worker     d.u.i.k.p.r.RunAllProofsTestUnit Running test list_recursive 
321        INFO  Timeout watchdog d.u.i.k.p.r.p.ForkedTestFileRunner Timeout watcher launched (2000 secs.) 
330        WARN  main            d.u.i.k.s.ProofSettings   The settings in /home/runner/.key/proof-settings.props are *not* read. 
361        INFO  main            d.u.i.k.p.r.p.TestFile    Now processing file /home/runner/work/key/key/key.core/../key.ui/examples/heap/list_recursiveSpec/ListOperationsNonNull_getNextNN_normal_behavior.key 
488        INFO  main            d.u.i.k.p.i.AbstractProblemLoader Loading environment from /home/runner/work/key/key/key.core/../key.ui/examples/heap/list_recursiveSpec/ListOperationsNonNull_getNextNN_normal_behavior.key 
504        DEBUG main            d.u.i.k.p.i.AbstractProblemLoader Environment load took 2.13ms 
727        INFO  main            d.u.i.k.p.i.AbstractProblemLoader Creating init config 
1642       DEBUG main            d.u.i.k.j.TypeConverter   No LDT found for Meta 
1644       DEBUG main            d.u.i.k.j.TypeConverter   No LDT found for Meta 
1648       DEBUG main            d.u.i.k.j.TypeConverter   No LDT found for Meta 
1648       DEBUG main            d.u.i.k.j.TypeConverter   No LDT found for Meta 
3094       DEBUG main            d.u.i.k.j.TypeConverter   No LDT found for JavaBigintExpression 
8325       DEBUG main            d.u.i.k.p.i.AbstractProblemLoader Init config took 7.6s 
8452       INFO  main            d.u.i.k.p.i.AbstractProblemLoader Replaying proof ListOperationsNonNull[ListOperationsNonNull::getNextNN(ListNN,int)].JML normal_behavior operation contract.0 
8485       DEBUG main            d.u.i.k.p.i.IntermediateProofReplayer Proof replay took 34.1ns 
9871       INFO  main            d.u.i.k.p.r.p.TestFile    ... finished proof: closed. 
10002      INFO  main            d.u.i.k.p.i.AbstractProblemLoader Loading environment from /home/runner/work/key/key/key.core/../key.ui/examples/heap/list_recursiveSpec/ListOperationsNonNull_getNextNN_normal_behavior.key.proof 
10002      DEBUG main            d.u.i.k.p.i.AbstractProblemLoader Environment load took 529.11ns 
10004      INFO  main            d.u.i.k.p.i.AbstractProblemLoader Creating init config 
13001      DEBUG main            d.u.i.k.p.i.AbstractProblemLoader Init config took 3s 
13081      INFO  main            d.u.i.k.p.i.AbstractProblemLoader Replaying proof ListOperationsNonNull[ListOperationsNonNull::getNextNN(ListNN,int)].JML normal_behavior operation contract.0 
13217      DEBUG main            d.u.i.k.p.i.IntermediateProofReplayer Proof replay took 127.71ms 
13224      DEBUG main            d.u.i.k.p.r.p.TestFile    ... success: reloaded. 
13226      INFO  main            d.u.i.k.p.r.p.TestFile    Now processing file /home/runner/work/key/key/key.core/../key.ui/examples/heap/list_recursiveSpec/ListOperationsNonNull_setValueAt_normal_behavior.key 
13226      INFO  main            d.u.i.k.p.i.AbstractProblemLoader Loading environment from /home/runner/work/key/key/key.core/../key.ui/examples/heap/list_recursiveSpec/ListOperationsNonNull_setValueAt_normal_behavior.key 
13226      DEBUG main            d.u.i.k.p.i.AbstractProblemLoader Environment load took 246ns 
13228      INFO  main            d.u.i.k.p.i.AbstractProblemLoader Creating init config 
15991      DEBUG main            d.u.i.k.p.i.AbstractProblemLoader Init config took 2.76s 
16097      INFO  main            d.u.i.k.p.i.AbstractProblemLoader Replaying proof ListOperationsNonNull[ListOperationsNonNull::setValueAt_NN(ListNN,int,int)].JML normal_behavior operation contract.0 
16103      DEBUG main            d.u.i.k.p.i.IntermediateProofReplayer Proof replay took 7.2ns 
16145      DEBUG main            d.u.i.k.m.s.ProofScriptEngine 1: 'macro autopilot' on goal 0 (script from line 51) 
18719      DEBUG main            d.u.i.k.m.s.ProofScriptEngine 2: 'macro simp-upd' on goal 79 (script from line 52) 
18725      DEBUG main            d.u.i.k.m.s.ProofScriptEngine 3: 'rule observerDependencyEQ' on goal 1451 (script from line 53) 
18738      DEBUG main            d.u.i.k.m.s.ProofScriptEngine 4: 'tryclose' on goal 1452 (script from line 54) 
18768      INFO  main            d.u.i.k.p.r.p.TestFile    ... finished proof: closed. 
18962      INFO  main            d.u.i.k.p.i.AbstractProblemLoader Loading environment from /home/runner/work/key/key/key.core/../key.ui/examples/heap/list_recursiveSpec/ListOperationsNonNull_setValueAt_normal_behavior.key.proof 
18962      DEBUG main            d.u.i.k.p.i.AbstractProblemLoader Environment load took 603.51ns 
18964      INFO  main            d.u.i.k.p.i.AbstractProblemLoader Creating init config 
21715      DEBUG main            d.u.i.k.p.i.AbstractProblemLoader Init config took 2.75s 
21774      INFO  main            d.u.i.k.p.i.AbstractProblemLoader Replaying proof ListOperationsNonNull[ListOperationsNonNull::setValueAt_NN(ListNN,int,int)].JML normal_behavior operation contract.0 
21876      DEBUG main            d.u.i.k.p.i.IntermediateProofReplayer Proof replay took 96.24ms 
21882      DEBUG main            d.u.i.k.p.r.p.TestFile    ... success: reloaded. 
1202181    INFO  Test worker     d.u.i.k.p.r.RunAllProofsTestUnit Returning from test list_recursive 
1202183    INFO  Test worker     d.u.i.k.p.r.RunAllProofsTestUnit Running test list_seq 
318        INFO  Timeout watchdog d.u.i.k.p.r.p.ForkedTestFileRunner Timeout watcher launched (2000 secs.) 
337        WARN  main            d.u.i.k.s.ProofSettings   The settings in /home/runner/.key/proof-settings.props are *not* read. 
367        INFO  main            d.u.i.k.p.r.p.TestFile    Now processing file /home/runner/work/key/key/key.core/../key.ui/examples/heap/list_seq/SimplifiedLinkedList.remove.key 
471        INFO  main            d.u.i.k.p.i.AbstractProblemLoader Loading environment from /home/runner/work/key/key/key.core/../key.ui/examples/heap/list_seq/SimplifiedLinkedList.remove.key 
491        DEBUG main            d.u.i.k.p.i.AbstractProblemLoader Environment load took 2.18ms 
705        INFO  main            d.u.i.k.p.i.AbstractProblemLoader Creating init config 
1595       DEBUG main            d.u.i.k.j.TypeConverter   No LDT found for Meta 
1596       DEBUG main            d.u.i.k.j.TypeConverter   No LDT found for Meta 
1599       DEBUG main            d.u.i.k.j.TypeConverter   No LDT found for Meta 
1600       DEBUG main            d.u.i.k.j.TypeConverter   No LDT found for Meta 
2967       DEBUG main            d.u.i.k.j.TypeConverter   No LDT found for JavaBigintExpression 
8672       DEBUG main            d.u.i.k.p.i.AbstractProblemLoader Init config took 7.97s 
8839       INFO  main            d.u.i.k.p.i.AbstractProblemLoader Replaying proof SimplifiedLinkedList[SimplifiedLinkedList::remove(int)].JML normal_behavior operation contract.0 
8873       DEBUG main            d.u.i.k.p.i.IntermediateProofReplayer Proof replay took 30.8ns 
87025      INFO  main            d.u.i.k.p.r.p.TestFile    ... finished proof: closed. 
87410      INFO  main            d.u.i.k.p.i.AbstractProblemLoader Loading environment from /home/runner/work/key/key/key.core/../key.ui/examples/heap/list_seq/SimplifiedLinkedList.remove.key.proof 
87411      DEBUG main            d.u.i.k.p.i.AbstractProblemLoader Environment load took 541.21ns 
87430      INFO  main            d.u.i.k.p.i.AbstractProblemLoader Creating init config 
90694      DEBUG main            d.u.i.k.p.i.AbstractProblemLoader Init config took 3.26s 
90790      INFO  main            d.u.i.k.p.i.AbstractProblemLoader Replaying proof SimplifiedLinkedList[SimplifiedLinkedList::remove(int)].JML normal_behavior operation contract.0 
93578      DEBUG main            d.u.i.k.p.i.IntermediateProofReplayer Proof replay took 2.5s 
93617      DEBUG main            d.u.i.k.p.r.p.TestFile    ... success: reloaded. 
93627      INFO  main            d.u.i.k.p.r.p.TestFile    Now processing file /home/runner/work/key/key/key.core/../key.ui/examples/heap/list_seq/ArrayList.ArrayList.key 
93627      INFO  main            d.u.i.k.p.i.AbstractProblemLoader Loading environment from /home/runner/work/key/key/key.core/../key.ui/examples/heap/list_seq/ArrayList.ArrayList.key 
93628      DEBUG main            d.u.i.k.p.i.AbstractProblemLoader Environment load took 284.6ns 
93632      INFO  main            d.u.i.k.p.i.AbstractProblemLoader Creating init config 
96999      DEBUG main            d.u.i.k.p.i.AbstractProblemLoader Init config took 3.37s 
97085      INFO  main            d.u.i.k.p.i.AbstractProblemLoader Replaying proof ArrayList[ArrayList::ArrayList()].JML normal_behavior operation contract.0 
97088      DEBUG main            d.u.i.k.p.i.IntermediateProofReplayer Proof replay took 6.4ns 
97997      INFO  main            d.u.i.k.p.r.p.TestFile    ... finished proof: closed. 
98182      INFO  main            d.u.i.k.p.i.AbstractProblemLoader Loading environment from /home/runner/work/key/key/key.core/../key.ui/examples/heap/list_seq/ArrayList.ArrayList.key.proof 
98183      DEBUG main            d.u.i.k.p.i.AbstractProblemLoader Environment load took 1.24ms 
98186      INFO  main            d.u.i.k.p.i.AbstractProblemLoader Creating init config 
101253     DEBUG main            d.u.i.k.p.i.AbstractProblemLoader Init config took 3.07s 
101337     INFO  main            d.u.i.k.p.i.AbstractProblemLoader Replaying proof ArrayList[ArrayList::ArrayList()].JML normal_behavior operation contract.0 
101460     DEBUG main            d.u.i.k.p.i.IntermediateProofReplayer Proof replay took 117.06ms 
101461     DEBUG main            d.u.i.k.p.r.p.TestFile    ... success: reloaded. 
101463     INFO  main            d.u.i.k.p.r.p.TestFile    Now processing file /home/runner/work/key/key/key.core/../key.ui/examples/heap/list_seq/ArrayList.add.key 
101463     INFO  main            d.u.i.k.p.i.AbstractProblemLoader Loading environment from /home/runner/work/key/key/key.core/../key.ui/examples/heap/list_seq/ArrayList.add.key 
101464     DEBUG main            d.u.i.k.p.i.AbstractProblemLoader Environment load took 120.8ns 
101465     INFO  main            d.u.i.k.p.i.AbstractProblemLoader Creating init config 
104521     DEBUG main            d.u.i.k.p.i.AbstractProblemLoader Init config took 3.06s 
104604     INFO  main            d.u.i.k.p.i.AbstractProblemLoader Replaying proof ArrayList[List::add(java.lang.Object)].JML normal_behavior operation contract.0 
104607     DEBUG main            d.u.i.k.p.i.IntermediateProofReplayer Proof replay took 6.3ns 
108265     INFO  main            d.u.i.k.p.r.p.TestFile    ... finished proof: closed. 
108453     INFO  main            d.u.i.k.p.i.AbstractProblemLoader Loading environment from /home/runner/work/key/key/key.core/../key.ui/examples/heap/list_seq/ArrayList.add.key.proof 
108454     DEBUG main            d.u.i.k.p.i.AbstractProblemLoader Environment load took 492.31ns 
108455     INFO  main            d.u.i.k.p.i.AbstractProblemLoader Creating init config 
111464     DEBUG main            d.u.i.k.p.i.AbstractProblemLoader Init config took 3.01s 
111540     INFO  main            d.u.i.k.p.i.AbstractProblemLoader Replaying proof ArrayList[List::add(java.lang.Object)].JML normal_behavior operation contract.0 
111775     DEBUG main            d.u.i.k.p.i.IntermediateProofReplayer Proof replay took 221.55ms 
111777     DEBUG main            d.u.i.k.p.r.p.TestFile    ... success: reloaded. 
111778     INFO  main            d.u.i.k.p.r.p.TestFile    Now processing file /home/runner/work/key/key/key.core/../key.ui/examples/heap/list_seq/ArrayList.contains.key 
111779     INFO  main            d.u.i.k.p.i.AbstractProblemLoader Loading environment from /home/runner/work/key/key/key.core/../key.ui/examples/heap/list_seq/ArrayList.contains.key 
111779     DEBUG main            d.u.i.k.p.i.AbstractProblemLoader Environment load took 239ns 
111787     INFO  main            d.u.i.k.p.i.AbstractProblemLoader Creating init config 
114811     DEBUG main            d.u.i.k.p.i.AbstractProblemLoader Init config took 3.02s 
114886     INFO  main            d.u.i.k.p.i.AbstractProblemLoader Replaying proof ArrayList[List::contains(java.lang.Object)].JML normal_behavior operation contract.0 
114887     DEBUG main            d.u.i.k.p.i.IntermediateProofReplayer Proof replay took 6.6ns 
116518     INFO  main            d.u.i.k.p.r.p.TestFile    ... finished proof: closed. 
116722     INFO  main            d.u.i.k.p.i.AbstractProblemLoader Loading environment from /home/runner/work/key/key/key.core/../key.ui/examples/heap/list_seq/ArrayList.contains.key.proof 
116724     DEBUG main            d.u.i.k.p.i.AbstractProblemLoader Environment load took 2.2ms 
116726     INFO  main            d.u.i.k.p.i.AbstractProblemLoader Creating init config 
119695     DEBUG main            d.u.i.k.p.i.AbstractProblemLoader Init config took 2.97s 
119789     INFO  main            d.u.i.k.p.i.AbstractProblemLoader Replaying proof ArrayList[List::contains(java.lang.Object)].JML normal_behavior operation contract.0 
119962     DEBUG main            d.u.i.k.p.i.IntermediateProofReplayer Proof replay took 163.95ms 
119964     DEBUG main            d.u.i.k.p.r.p.TestFile    ... success: reloaded. 
119965     INFO  main            d.u.i.k.p.r.p.TestFile    Now processing file /home/runner/work/key/key/key.core/../key.ui/examples/heap/list_seq/ArrayList.enlarge.key 
119965     INFO  main            d.u.i.k.p.i.AbstractProblemLoader Loading environment from /home/runner/work/key/key/key.core/../key.ui/examples/heap/list_seq/ArrayList.enlarge.key 
119966     DEBUG main            d.u.i.k.p.i.AbstractProblemLoader Environment load took 238.3ns 
119967     INFO  main            d.u.i.k.p.i.AbstractProblemLoader Creating init config 
122995     DEBUG main            d.u.i.k.p.i.AbstractProblemLoader Init config took 3.03s 
123070     INFO  main            d.u.i.k.p.i.AbstractProblemLoader Replaying proof ArrayList[ArrayList::enlarge()].JML normal_behavior operation contract.0 
123071     DEBUG main            d.u.i.k.p.i.IntermediateProofReplayer Proof replay took 7ns 
125181     INFO  main            d.u.i.k.p.r.p.TestFile    ... finished proof: closed. 
125383     INFO  main            d.u.i.k.p.i.AbstractProblemLoader Loading environment from /home/runner/work/key/key/key.core/../key.ui/examples/heap/list_seq/ArrayList.enlarge.key.proof 
125383     DEBUG main            d.u.i.k.p.i.AbstractProblemLoader Environment load took 497.81ns 
125385     INFO  main            d.u.i.k.p.i.AbstractProblemLoader Creating init config 
128373     DEBUG main            d.u.i.k.p.i.AbstractProblemLoader Init config took 2.99s 
128448     INFO  main            d.u.i.k.p.i.AbstractProblemLoader Replaying proof ArrayList[ArrayList::enlarge()].JML normal_behavior operation contract.0 
128689     DEBUG main            d.u.i.k.p.i.IntermediateProofReplayer Proof replay took 231.65ms 
128690     DEBUG main            d.u.i.k.p.r.p.TestFile    ... success: reloaded. 
128692     INFO  main            d.u.i.k.p.r.p.TestFile    Now processing file /home/runner/work/key/key/key.core/../key.ui/examples/heap/list_seq/ArrayList.get.key 
128692     INFO  main            d.u.i.k.p.i.AbstractProblemLoader Loading environment from /home/runner/work/key/key/key.core/../key.ui/examples/heap/list_seq/ArrayList.get.key 
128692     DEBUG main            d.u.i.k.p.i.AbstractProblemLoader Environment load took 256.2ns 
128693     INFO  main            d.u.i.k.p.i.AbstractProblemLoader Creating init config 
131724     DEBUG main            d.u.i.k.p.i.AbstractProblemLoader Init config took 3.03s 
131795     INFO  main            d.u.i.k.p.i.AbstractProblemLoader Replaying proof ArrayList[List::get(int)].JML normal_behavior operation contract.0 
131797     DEBUG main            d.u.i.k.p.i.IntermediateProofReplayer Proof replay took 7.4ns 
132415     INFO  main            d.u.i.k.p.r.p.TestFile    ... finished proof: closed. 
132592     INFO  main            d.u.i.k.p.i.AbstractProblemLoader Loading environment from /home/runner/work/key/key/key.core/../key.ui/examples/heap/list_seq/ArrayList.get.key.proof 
132592     DEBUG main            d.u.i.k.p.i.AbstractProblemLoader Environment load took 137ns 
132593     INFO  main            d.u.i.k.p.i.AbstractProblemLoader Creating init config 
135568     DEBUG main            d.u.i.k.p.i.AbstractProblemLoader Init config took 2.98s 
135637     INFO  main            d.u.i.k.p.i.AbstractProblemLoader Replaying proof ArrayList[List::get(int)].JML normal_behavior operation contract.0 
135678     DEBUG main            d.u.i.k.p.i.IntermediateProofReplayer Proof replay took 37.46ms 
135680     DEBUG main            d.u.i.k.p.r.p.TestFile    ... success: reloaded. 
135681     INFO  main            d.u.i.k.p.r.p.TestFile    Now processing file /home/runner/work/key/key/key.core/../key.ui/examples/heap/list_seq/ArrayList.newArray.key 
135681     INFO  main            d.u.i.k.p.i.AbstractProblemLoader Loading environment from /home/runner/work/key/key/key.core/../key.ui/examples/heap/list_seq/ArrayList.newArray.key 
135681     DEBUG main            d.u.i.k.p.i.AbstractProblemLoader Environment load took 245.3ns 
135682     INFO  main            d.u.i.k.p.i.AbstractProblemLoader Creating init config 
138625     DEBUG main            d.u.i.k.p.i.AbstractProblemLoader Init config took 2.94s 
138712     INFO  main            d.u.i.k.p.i.AbstractProblemLoader Replaying proof ArrayList[ArrayList::newArray(int)].JML normal_behavior operation contract.0 
138714     DEBUG main            d.u.i.k.p.i.IntermediateProofReplayer Proof replay took 7.1ns 
139017     INFO  main            d.u.i.k.p.r.p.TestFile    ... finished proof: closed. 
139214     INFO  main            d.u.i.k.p.i.AbstractProblemLoader Loading environment from /home/runner/work/key/key/key.core/../key.ui/examples/heap/list_seq/ArrayList.newArray.key.proof 
139214     DEBUG main            d.u.i.k.p.i.AbstractProblemLoader Environment load took 132.3ns 
139216     INFO  main            d.u.i.k.p.i.AbstractProblemLoader Creating init config 
142140     DEBUG main            d.u.i.k.p.i.AbstractProblemLoader Init config took 2.92s 
142208     INFO  main            d.u.i.k.p.i.AbstractProblemLoader Replaying proof ArrayList[ArrayList::newArray(int)].JML normal_behavior operation contract.0 
142249     DEBUG main            d.u.i.k.p.i.IntermediateProofReplayer Proof replay took 37.82ms 
142250     DEBUG main            d.u.i.k.p.r.p.TestFile    ... success: reloaded. 
142251     INFO  main            d.u.i.k.p.r.p.TestFile    Now processing file /home/runner/work/key/key/key.core/../key.ui/examples/heap/list_seq/ArrayList.remove.0.key 
142252     INFO  main            d.u.i.k.p.i.AbstractProblemLoader Loading environment from /home/runner/work/key/key/key.core/../key.ui/examples/heap/list_seq/ArrayList.remove.0.key 
142252     DEBUG main            d.u.i.k.p.i.AbstractProblemLoader Environment load took 230.1ns 
142253     INFO  main            d.u.i.k.p.i.AbstractProblemLoader Creating init config 
145220     DEBUG main            d.u.i.k.p.i.AbstractProblemLoader Init config took 2.97s 
145288     INFO  main            d.u.i.k.p.i.AbstractProblemLoader Replaying proof ArrayList[List::remove(java.lang.Object)].JML normal_behavior operation contract.0 
145289     DEBUG main            d.u.i.k.p.i.IntermediateProofReplayer Proof replay took 7.5ns 
147195     INFO  main            d.u.i.k.p.r.p.TestFile    ... finished proof: closed. 
147410     INFO  main            d.u.i.k.p.i.AbstractProblemLoader Loading environment from /home/runner/work/key/key/key.core/../key.ui/examples/heap/list_seq/ArrayList.remove.0.key.proof 
147410     DEBUG main            d.u.i.k.p.i.AbstractProblemLoader Environment load took 500.9ns 
147412     INFO  main            d.u.i.k.p.i.AbstractProblemLoader Creating init config 
150339     DEBUG main            d.u.i.k.p.i.AbstractProblemLoader Init config took 2.93s 
150411     INFO  main            d.u.i.k.p.i.AbstractProblemLoader Replaying proof ArrayList[List::remove(java.lang.Object)].JML normal_behavior operation contract.0 
150730     DEBUG main            d.u.i.k.p.i.IntermediateProofReplayer Proof replay took 310.21ms 
150731     DEBUG main            d.u.i.k.p.r.p.TestFile    ... success: reloaded. 
150732     INFO  main            d.u.i.k.p.r.p.TestFile    Now processing file /home/runner/work/key/key/key.core/../key.ui/examples/heap/list_seq/ArrayList.remove.1.key 
150733     INFO  main            d.u.i.k.p.i.AbstractProblemLoader Loading environment from /home/runner/work/key/key/key.core/../key.ui/examples/heap/list_seq/ArrayList.remove.1.key 
150733     DEBUG main            d.u.i.k.p.i.AbstractProblemLoader Environment load took 90.7ns 
150734     INFO  main            d.u.i.k.p.i.AbstractProblemLoader Creating init config 
153696     DEBUG main            d.u.i.k.p.i.AbstractProblemLoader Init config took 2.96s 
153764     INFO  main            d.u.i.k.p.i.AbstractProblemLoader Replaying proof ArrayList[List::remove(java.lang.Object)].JML normal_behavior operation contract.1 
153767     DEBUG main            d.u.i.k.p.i.IntermediateProofReplayer Proof replay took 6.5ns 
165923     INFO  main            d.u.i.k.p.r.p.TestFile    ... finished proof: closed. 
166185     INFO  main            d.u.i.k.p.i.AbstractProblemLoader Loading environment from /home/runner/work/key/key/key.core/../key.ui/examples/heap/list_seq/ArrayList.remove.1.key.proof 
166186     DEBUG main            d.u.i.k.p.i.AbstractProblemLoader Environment load took 217.4ns 
166188     INFO  main            d.u.i.k.p.i.AbstractProblemLoader Creating init config 
169058     DEBUG main            d.u.i.k.p.i.AbstractProblemLoader Init config took 2.87s 
169131     INFO  main            d.u.i.k.p.i.AbstractProblemLoader Replaying proof ArrayList[List::remove(java.lang.Object)].JML normal_behavior operation contract.1 
169942     DEBUG main            d.u.i.k.p.i.IntermediateProofReplayer Proof replay took 775.12ms 
169945     DEBUG main            d.u.i.k.p.r.p.TestFile    ... success: reloaded. 
1372303    INFO  Test worker     d.u.i.k.p.r.RunAllProofsTestUnit Returning from test list_seq 
1372304    INFO  Test worker     d.u.i.k.p.r.RunAllProofsTestUnit Running test observer 
359        INFO  Timeout watchdog d.u.i.k.p.r.p.ForkedTestFileRunner Timeout watcher launched (2000 secs.) 
374        WARN  main            d.u.i.k.s.ProofSettings   The settings in /home/runner/.key/proof-settings.props are *not* read. 
420        INFO  main            d.u.i.k.p.r.p.TestFile    Now processing file /home/runner/work/key/key/key.core/../key.ui/examples/heap/observer/ExampleObserver_ExampleObserver.key 
539        INFO  main            d.u.i.k.p.i.AbstractProblemLoader Loading environment from /home/runner/work/key/key/key.core/../key.ui/examples/heap/observer/ExampleObserver_ExampleObserver.key 
566        DEBUG main            d.u.i.k.p.i.AbstractProblemLoader Environment load took 1.9ms 
790        INFO  main            d.u.i.k.p.i.AbstractProblemLoader Creating init config 
1758       DEBUG main            d.u.i.k.j.TypeConverter   No LDT found for Meta 
1759       DEBUG main            d.u.i.k.j.TypeConverter   No LDT found for Meta 
1761       DEBUG main            d.u.i.k.j.TypeConverter   No LDT found for Meta 
1761       DEBUG main            d.u.i.k.j.TypeConverter   No LDT found for Meta 
3055       DEBUG main            d.u.i.k.j.TypeConverter   No LDT found for JavaBigintExpression 
8138       DEBUG main            d.u.i.k.p.i.AbstractProblemLoader Init config took 7.35s 
8349       INFO  main            d.u.i.k.p.i.AbstractProblemLoader Replaying proof ExampleObserver[ExampleObserver::ExampleObserver(ExampleSubject)].JML normal_behavior operation contract.0 
8388       DEBUG main            d.u.i.k.p.i.IntermediateProofReplayer Proof replay took 35.6ns 
9465       INFO  main            d.u.i.k.p.r.p.TestFile    ... finished proof: closed. 
9600       INFO  main            d.u.i.k.p.i.AbstractProblemLoader Loading environment from /home/runner/work/key/key/key.core/../key.ui/examples/heap/observer/ExampleObserver_ExampleObserver.key.proof 
9605       DEBUG main            d.u.i.k.p.i.AbstractProblemLoader Environment load took 4.64ms 
9607       INFO  main            d.u.i.k.p.i.AbstractProblemLoader Creating init config 
12619      DEBUG main            d.u.i.k.p.i.AbstractProblemLoader Init config took 3.01s 
12702      INFO  main            d.u.i.k.p.i.AbstractProblemLoader Replaying proof ExampleObserver[ExampleObserver::ExampleObserver(ExampleSubject)].JML normal_behavior operation contract.0 
12816      DEBUG main            d.u.i.k.p.i.IntermediateProofReplayer Proof replay took 107.05ms 
12824      DEBUG main            d.u.i.k.p.r.p.TestFile    ... success: reloaded. 
12826      INFO  main            d.u.i.k.p.r.p.TestFile    Now processing file /home/runner/work/key/key/key.core/../key.ui/examples/heap/observer/ExampleObserver_inv.key 
12826      INFO  main            d.u.i.k.p.i.AbstractProblemLoader Loading environment from /home/runner/work/key/key/key.core/../key.ui/examples/heap/observer/ExampleObserver_inv.key 
12826      DEBUG main            d.u.i.k.p.i.AbstractProblemLoader Environment load took 264.5ns 
12828      INFO  main            d.u.i.k.p.i.AbstractProblemLoader Creating init config 
15678      DEBUG main            d.u.i.k.p.i.AbstractProblemLoader Init config took 2.85s 
15741      INFO  main            d.u.i.k.p.i.AbstractProblemLoader Replaying proof ExampleObserver[java.lang.Object::<inv>()].JML accessible clause.0 
15744      DEBUG main            d.u.i.k.p.i.IntermediateProofReplayer Proof replay took 6.2ns 
15846      INFO  main            d.u.i.k.p.r.p.TestFile    ... finished proof: closed. 
15977      INFO  main            d.u.i.k.p.i.AbstractProblemLoader Loading environment from /home/runner/work/key/key/key.core/../key.ui/examples/heap/observer/ExampleObserver_inv.key.proof 
15977      DEBUG main            d.u.i.k.p.i.AbstractProblemLoader Environment load took 138.8ns 
15978      INFO  main            d.u.i.k.p.i.AbstractProblemLoader Creating init config 
18687      DEBUG main            d.u.i.k.p.i.AbstractProblemLoader Init config took 2.71s 
18744      INFO  main            d.u.i.k.p.i.AbstractProblemLoader Replaying proof ExampleObserver[java.lang.Object::<inv>()].JML accessible clause.0 
18759      DEBUG main            d.u.i.k.p.i.IntermediateProofReplayer Proof replay took 13.43ms 
18763      DEBUG main            d.u.i.k.p.r.p.TestFile    ... success: reloaded. 
18765      INFO  main            d.u.i.k.p.r.p.TestFile    Now processing file /home/runner/work/key/key/key.core/../key.ui/examples/heap/observer/ExampleObserver_subject.key 
18766      INFO  main            d.u.i.k.p.i.AbstractProblemLoader Loading environment from /home/runner/work/key/key/key.core/../key.ui/examples/heap/observer/ExampleObserver_subject.key 
18766      DEBUG main            d.u.i.k.p.i.AbstractProblemLoader Environment load took 240.4ns 
18767      INFO  main            d.u.i.k.p.i.AbstractProblemLoader Creating init config 
21478      DEBUG main            d.u.i.k.p.i.AbstractProblemLoader Init config took 2.71s 
21530      INFO  main            d.u.i.k.p.i.AbstractProblemLoader Replaying proof Observer[Observer::$subject()].JML accessible clause.0 
21532      DEBUG main            d.u.i.k.p.i.IntermediateProofReplayer Proof replay took 6.4ns 
21638      INFO  main            d.u.i.k.p.r.p.TestFile    ... finished proof: closed. 
21783      INFO  main            d.u.i.k.p.i.AbstractProblemLoader Loading environment from /home/runner/work/key/key/key.core/../key.ui/examples/heap/observer/ExampleObserver_subject.key.proof 
21783      DEBUG main            d.u.i.k.p.i.AbstractProblemLoader Environment load took 125.3ns 
21784      INFO  main            d.u.i.k.p.i.AbstractProblemLoader Creating init config 
24501      DEBUG main            d.u.i.k.p.i.AbstractProblemLoader Init config took 2.72s 
24548      INFO  main            d.u.i.k.p.i.AbstractProblemLoader Replaying proof Observer[Observer::$subject()].JML accessible clause.0 
24552      DEBUG main            d.u.i.k.p.i.IntermediateProofReplayer Proof replay took 1.64ms 
24553      DEBUG main            d.u.i.k.p.r.p.TestFile    ... success: reloaded. 
24554      INFO  main            d.u.i.k.p.r.p.TestFile    Now processing file /home/runner/work/key/key/key.core/../key.ui/examples/heap/observer/ExampleObserver_update.key 
24554      INFO  main            d.u.i.k.p.i.AbstractProblemLoader Loading environment from /home/runner/work/key/key/key.core/../key.ui/examples/heap/observer/ExampleObserver_update.key 
24554      DEBUG main            d.u.i.k.p.i.AbstractProblemLoader Environment load took 105.2ns 
24555      INFO  main            d.u.i.k.p.i.AbstractProblemLoader Creating init config 
27257      DEBUG main            d.u.i.k.p.i.AbstractProblemLoader Init config took 2.7s 
27306      INFO  main            d.u.i.k.p.i.AbstractProblemLoader Replaying proof ExampleObserver[Observer::update()].JML normal_behavior operation contract.0 
27308      DEBUG main            d.u.i.k.p.i.IntermediateProofReplayer Proof replay took 6ns 
27611      INFO  main            d.u.i.k.p.r.p.TestFile    ... finished proof: closed. 
27772      INFO  main            d.u.i.k.p.i.AbstractProblemLoader Loading environment from /home/runner/work/key/key/key.core/../key.ui/examples/heap/observer/ExampleObserver_update.key.proof 
27773      DEBUG main            d.u.i.k.p.i.AbstractProblemLoader Environment load took 1.13ms 
27775      INFO  main            d.u.i.k.p.i.AbstractProblemLoader Creating init config 
30415      DEBUG main            d.u.i.k.p.i.AbstractProblemLoader Init config took 2.64s 
30463      INFO  main            d.u.i.k.p.i.AbstractProblemLoader Replaying proof ExampleObserver[Observer::update()].JML normal_behavior operation contract.0 
30537      DEBUG main            d.u.i.k.p.i.IntermediateProofReplayer Proof replay took 66.64ms 
30538      DEBUG main            d.u.i.k.p.r.p.TestFile    ... success: reloaded. 
30540      INFO  main            d.u.i.k.p.r.p.TestFile    Now processing file /home/runner/work/key/key/key.core/../key.ui/examples/heap/observer/ExampleObserver_upToDate.key 
30540      INFO  main            d.u.i.k.p.i.AbstractProblemLoader Loading environment from /home/runner/work/key/key/key.core/../key.ui/examples/heap/observer/ExampleObserver_upToDate.key 
30540      DEBUG main            d.u.i.k.p.i.AbstractProblemLoader Environment load took 227.7ns 
30541      INFO  main            d.u.i.k.p.i.AbstractProblemLoader Creating init config 
33231      DEBUG main            d.u.i.k.p.i.AbstractProblemLoader Init config took 2.69s 
33276      INFO  main            d.u.i.k.p.i.AbstractProblemLoader Replaying proof ExampleObserver[Observer::$upToDate()].JML accessible clause.0 
33278      DEBUG main            d.u.i.k.p.i.IntermediateProofReplayer Proof replay took 7.3ns 
33382      INFO  main            d.u.i.k.p.r.p.TestFile    ... finished proof: closed. 
33607      INFO  main            d.u.i.k.p.i.AbstractProblemLoader Loading environment from /home/runner/work/key/key/key.core/../key.ui/examples/heap/observer/ExampleObserver_upToDate.key.proof 
33607      DEBUG main            d.u.i.k.p.i.AbstractProblemLoader Environment load took 140.4ns 
33608      INFO  main            d.u.i.k.p.i.AbstractProblemLoader Creating init config 
36275      DEBUG main            d.u.i.k.p.i.AbstractProblemLoader Init config took 2.67s 
36323      INFO  main            d.u.i.k.p.i.AbstractProblemLoader Replaying proof ExampleObserver[Observer::$upToDate()].JML accessible clause.0 
36340      DEBUG main            d.u.i.k.p.i.IntermediateProofReplayer Proof replay took 14.91ms 
36341      DEBUG main            d.u.i.k.p.r.p.TestFile    ... success: reloaded. 
36342      INFO  main            d.u.i.k.p.r.p.TestFile    Now processing file /home/runner/work/key/key/key.core/../key.ui/examples/heap/observer/ExampleObserver_value.key 
36343      INFO  main            d.u.i.k.p.i.AbstractProblemLoader Loading environment from /home/runner/work/key/key/key.core/../key.ui/examples/heap/observer/ExampleObserver_value.key 
36343      DEBUG main            d.u.i.k.p.i.AbstractProblemLoader Environment load took 178.2ns 
36344      INFO  main            d.u.i.k.p.i.AbstractProblemLoader Creating init config 
39003      DEBUG main            d.u.i.k.p.i.AbstractProblemLoader Init config took 2.66s 
39051      INFO  main            d.u.i.k.p.i.AbstractProblemLoader Replaying proof ExampleObserver[ExampleObserver::value()].JML normal_behavior operation contract.0 
39052      DEBUG main            d.u.i.k.p.i.IntermediateProofReplayer Proof replay took 6.8ns 
39158      INFO  main            d.u.i.k.p.r.p.TestFile    ... finished proof: closed. 
39330      INFO  main            d.u.i.k.p.i.AbstractProblemLoader Loading environment from /home/runner/work/key/key/key.core/../key.ui/examples/heap/observer/ExampleObserver_value.key.proof 
39330      DEBUG main            d.u.i.k.p.i.AbstractProblemLoader Environment load took 138.8ns 
39331      INFO  main            d.u.i.k.p.i.AbstractProblemLoader Creating init config 
41935      DEBUG main            d.u.i.k.p.i.AbstractProblemLoader Init config took 2.6s 
41981      INFO  main            d.u.i.k.p.i.AbstractProblemLoader Replaying proof ExampleObserver[ExampleObserver::value()].JML normal_behavior operation contract.0 
41999      DEBUG main            d.u.i.k.p.i.IntermediateProofReplayer Proof replay took 15.44ms 
42000      DEBUG main            d.u.i.k.p.r.p.TestFile    ... success: reloaded. 
42001      INFO  main            d.u.i.k.p.r.p.TestFile    Now processing file /home/runner/work/key/key/key.core/../key.ui/examples/heap/observer/ExampleSubject_addObserver.key 
42001      INFO  main            d.u.i.k.p.i.AbstractProblemLoader Loading environment from /home/runner/work/key/key/key.core/../key.ui/examples/heap/observer/ExampleSubject_addObserver.key 
42001      DEBUG main            d.u.i.k.p.i.AbstractProblemLoader Environment load took 68.6ns 
42002      INFO  main            d.u.i.k.p.i.AbstractProblemLoader Creating init config 
44627      DEBUG main            d.u.i.k.p.i.AbstractProblemLoader Init config took 2.62s 
44688      INFO  main            d.u.i.k.p.i.AbstractProblemLoader Replaying proof ExampleSubject[Subject::addObserver(Observer)].JML normal_behavior operation contract.0 
44690      DEBUG main            d.u.i.k.p.i.IntermediateProofReplayer Proof replay took 7.7ns 
50369      INFO  main            d.u.i.k.p.r.p.TestFile    ... finished proof: closed. 
50634      INFO  main            d.u.i.k.p.i.AbstractProblemLoader Loading environment from /home/runner/work/key/key/key.core/../key.ui/examples/heap/observer/ExampleSubject_addObserver.key.proof 
50635      DEBUG main            d.u.i.k.p.i.AbstractProblemLoader Environment load took 233.8ns 
50637      INFO  main            d.u.i.k.p.i.AbstractProblemLoader Creating init config 
53249      DEBUG main            d.u.i.k.p.i.AbstractProblemLoader Init config took 2.61s 
53296      INFO  main            d.u.i.k.p.i.AbstractProblemLoader Replaying proof ExampleSubject[Subject::addObserver(Observer)].JML normal_behavior operation contract.0 
53788      DEBUG main            d.u.i.k.p.i.IntermediateProofReplayer Proof replay took 471.84ms 
53790      DEBUG main            d.u.i.k.p.r.p.TestFile    ... success: reloaded. 
53792      INFO  main            d.u.i.k.p.r.p.TestFile    Now processing file /home/runner/work/key/key/key.core/../key.ui/examples/heap/observer/ExampleSubject_change.key 
53792      INFO  main            d.u.i.k.p.i.AbstractProblemLoader Loading environment from /home/runner/work/key/key/key.core/../key.ui/examples/heap/observer/ExampleSubject_change.key 
53792      DEBUG main            d.u.i.k.p.i.AbstractProblemLoader Environment load took 238.2ns 
53793      INFO  main            d.u.i.k.p.i.AbstractProblemLoader Creating init config 
56401      DEBUG main            d.u.i.k.p.i.AbstractProblemLoader Init config took 2.61s 
56447      INFO  main            d.u.i.k.p.i.AbstractProblemLoader Replaying proof ExampleSubject[ExampleSubject::change()].JML normal_behavior operation contract.0 
56449      DEBUG main            d.u.i.k.p.i.IntermediateProofReplayer Proof replay took 7.2ns 
56956      INFO  main            d.u.i.k.p.r.p.TestFile    ... finished proof: closed. 
57144      INFO  main            d.u.i.k.p.i.AbstractProblemLoader Loading environment from /home/runner/work/key/key/key.core/../key.ui/examples/heap/observer/ExampleSubject_change.key.proof 
57144      DEBUG main            d.u.i.k.p.i.AbstractProblemLoader Environment load took 488.7ns 
57146      INFO  main            d.u.i.k.p.i.AbstractProblemLoader Creating init config 
59732      DEBUG main            d.u.i.k.p.i.AbstractProblemLoader Init config took 2.59s 
59777      INFO  main            d.u.i.k.p.i.AbstractProblemLoader Replaying proof ExampleSubject[ExampleSubject::change()].JML normal_behavior operation contract.0 
59829      DEBUG main            d.u.i.k.p.i.IntermediateProofReplayer Proof replay took 47.82ms 
59830      DEBUG main            d.u.i.k.p.r.p.TestFile    ... success: reloaded. 
59832      INFO  main            d.u.i.k.p.r.p.TestFile    Now processing file /home/runner/work/key/key/key.core/../key.ui/examples/heap/observer/ExampleSubject_ExampleSubject.key 
59832      INFO  main            d.u.i.k.p.i.AbstractProblemLoader Loading environment from /home/runner/work/key/key/key.core/../key.ui/examples/heap/observer/ExampleSubject_ExampleSubject.key 
59832      DEBUG main            d.u.i.k.p.i.AbstractProblemLoader Environment load took 226.9ns 
59833      INFO  main            d.u.i.k.p.i.AbstractProblemLoader Creating init config 
62478      DEBUG main            d.u.i.k.p.i.AbstractProblemLoader Init config took 2.64s 
62536      INFO  main            d.u.i.k.p.i.AbstractProblemLoader Replaying proof ExampleSubject[ExampleSubject::ExampleSubject()].JML normal_behavior operation contract.0 
62538      DEBUG main            d.u.i.k.p.i.IntermediateProofReplayer Proof replay took 6.3ns 
63646      INFO  main            d.u.i.k.p.r.p.TestFile    ... finished proof: closed. 
63839      INFO  main            d.u.i.k.p.i.AbstractProblemLoader Loading environment from /home/runner/work/key/key/key.core/../key.ui/examples/heap/observer/ExampleSubject_ExampleSubject.key.proof 
63839      DEBUG main            d.u.i.k.p.i.AbstractProblemLoader Environment load took 486.2ns 
63841      INFO  main            d.u.i.k.p.i.AbstractProblemLoader Creating init config 
66408      DEBUG main            d.u.i.k.p.i.AbstractProblemLoader Init config took 2.57s 
66454      INFO  main            d.u.i.k.p.i.AbstractProblemLoader Replaying proof ExampleSubject[ExampleSubject::ExampleSubject()].JML normal_behavior operation contract.0 
66578      DEBUG main            d.u.i.k.p.i.IntermediateProofReplayer Proof replay took 117.26ms 
66579      DEBUG main            d.u.i.k.p.r.p.TestFile    ... success: reloaded. 
66580      INFO  main            d.u.i.k.p.r.p.TestFile    Now processing file /home/runner/work/key/key/key.core/../key.ui/examples/heap/observer/ExampleSubject_footprint.key 
66581      INFO  main            d.u.i.k.p.i.AbstractProblemLoader Loading environment from /home/runner/work/key/key/key.core/../key.ui/examples/heap/observer/ExampleSubject_footprint.key 
66581      DEBUG main            d.u.i.k.p.i.AbstractProblemLoader Environment load took 225.3ns 
66582      INFO  main            d.u.i.k.p.i.AbstractProblemLoader Creating init config 
69201      DEBUG main            d.u.i.k.p.i.AbstractProblemLoader Init config took 2.62s 
69245      INFO  main            d.u.i.k.p.i.AbstractProblemLoader Replaying proof ExampleSubject[Subject::$footprint()].JML accessible clause.0 
69246      DEBUG main            d.u.i.k.p.i.IntermediateProofReplayer Proof replay took 6ns 
69350      INFO  main            d.u.i.k.p.r.p.TestFile    ... finished proof: closed. 
69538      INFO  main            d.u.i.k.p.i.AbstractProblemLoader Loading environment from /home/runner/work/key/key/key.core/../key.ui/examples/heap/observer/ExampleSubject_footprint.key.proof 
69538      DEBUG main            d.u.i.k.p.i.AbstractProblemLoader Environment load took 128.1ns 
69539      INFO  main            d.u.i.k.p.i.AbstractProblemLoader Creating init config 
72128      DEBUG main            d.u.i.k.p.i.AbstractProblemLoader Init config took 2.59s 
72172      INFO  main            d.u.i.k.p.i.AbstractProblemLoader Replaying proof ExampleSubject[Subject::$footprint()].JML accessible clause.0 
72184      DEBUG main            d.u.i.k.p.i.IntermediateProofReplayer Proof replay took 9.6ms 
72185      DEBUG main            d.u.i.k.p.r.p.TestFile    ... success: reloaded. 
72186      INFO  main            d.u.i.k.p.r.p.TestFile    Now processing file /home/runner/work/key/key/key.core/../key.ui/examples/heap/observer/ExampleSubject_inv.key 
72186      INFO  main            d.u.i.k.p.i.AbstractProblemLoader Loading environment from /home/runner/work/key/key/key.core/../key.ui/examples/heap/observer/ExampleSubject_inv.key 
72186      DEBUG main            d.u.i.k.p.i.AbstractProblemLoader Environment load took 92.7ns 
72187      INFO  main            d.u.i.k.p.i.AbstractProblemLoader Creating init config 
74830      DEBUG main            d.u.i.k.p.i.AbstractProblemLoader Init config took 2.64s 
74874      INFO  main            d.u.i.k.p.i.AbstractProblemLoader Replaying proof ExampleSubject[java.lang.Object::<inv>()].JML accessible clause.0 
74875      DEBUG main            d.u.i.k.p.i.IntermediateProofReplayer Proof replay took 6.3ns 
76081      INFO  main            d.u.i.k.p.r.p.TestFile    ... finished proof: closed. 
76310      INFO  main            d.u.i.k.p.i.AbstractProblemLoader Loading environment from /home/runner/work/key/key/key.core/../key.ui/examples/heap/observer/ExampleSubject_inv.key.proof 
76311      DEBUG main            d.u.i.k.p.i.AbstractProblemLoader Environment load took 572.01ns 
76312      INFO  main            d.u.i.k.p.i.AbstractProblemLoader Creating init config 
78901      DEBUG main            d.u.i.k.p.i.AbstractProblemLoader Init config took 2.59s 
78949      INFO  main            d.u.i.k.p.i.AbstractProblemLoader Replaying proof ExampleSubject[java.lang.Object::<inv>()].JML accessible clause.0 
79019      DEBUG main            d.u.i.k.p.i.IntermediateProofReplayer Proof replay took 63.08ms 
79020      DEBUG main            d.u.i.k.p.r.p.TestFile    ... success: reloaded. 
79022      INFO  main            d.u.i.k.p.r.p.TestFile    Now processing file /home/runner/work/key/key/key.core/../key.ui/examples/heap/observer/ExampleSubject_notifyObservers.key 
79022      INFO  main            d.u.i.k.p.i.AbstractProblemLoader Loading environment from /home/runner/work/key/key/key.core/../key.ui/examples/heap/observer/ExampleSubject_notifyObservers.key 
79022      DEBUG main            d.u.i.k.p.i.AbstractProblemLoader Environment load took 236.1ns 
79023      INFO  main            d.u.i.k.p.i.AbstractProblemLoader Creating init config 
81636      DEBUG main            d.u.i.k.p.i.AbstractProblemLoader Init config took 2.61s 
81680      INFO  main            d.u.i.k.p.i.AbstractProblemLoader Replaying proof Subject[Subject::notifyObservers()].JML normal_behavior operation contract.0 
81682      DEBUG main            d.u.i.k.p.i.IntermediateProofReplayer Proof replay took 6.8ns 
81786      INFO  main            d.u.i.k.p.r.p.TestFile    ... finished proof: closed. 
81987      INFO  main            d.u.i.k.p.i.AbstractProblemLoader Loading environment from /home/runner/work/key/key/key.core/../key.ui/examples/heap/observer/ExampleSubject_notifyObservers.key.proof 
81987      DEBUG main            d.u.i.k.p.i.AbstractProblemLoader Environment load took 141.1ns 
81988      INFO  main            d.u.i.k.p.i.AbstractProblemLoader Creating init config 
84580      DEBUG main            d.u.i.k.p.i.AbstractProblemLoader Init config took 2.59s 
84628      INFO  main            d.u.i.k.p.i.AbstractProblemLoader Replaying proof Subject[Subject::notifyObservers()].JML normal_behavior operation contract.0 
84634      DEBUG main            d.u.i.k.p.i.IntermediateProofReplayer Proof replay took 2.19ms 
84635      DEBUG main            d.u.i.k.p.r.p.TestFile    ... success: reloaded. 
84637      INFO  main            d.u.i.k.p.r.p.TestFile    Now processing file /home/runner/work/key/key/key.core/../key.ui/examples/heap/observer/ExampleSubject_value_dep.key 
84638      INFO  main            d.u.i.k.p.i.AbstractProblemLoader Loading environment from /home/runner/work/key/key/key.core/../key.ui/examples/heap/observer/ExampleSubject_value_dep.key 
84638      DEBUG main            d.u.i.k.p.i.AbstractProblemLoader Environment load took 274.6ns 
84639      INFO  main            d.u.i.k.p.i.AbstractProblemLoader Creating init config 
87251      DEBUG main            d.u.i.k.p.i.AbstractProblemLoader Init config took 2.61s 
87294      INFO  main            d.u.i.k.p.i.AbstractProblemLoader Replaying proof ExampleSubject[ExampleSubject::value()].JML accessible clause.0 
87296      DEBUG main            d.u.i.k.p.i.IntermediateProofReplayer Proof replay took 6.7ns 
87398      INFO  main            d.u.i.k.p.r.p.TestFile    ... finished proof: closed. 
87633      INFO  main            d.u.i.k.p.i.AbstractProblemLoader Loading environment from /home/runner/work/key/key/key.core/../key.ui/examples/heap/observer/ExampleSubject_value_dep.key.proof 
87634      DEBUG main            d.u.i.k.p.i.AbstractProblemLoader Environment load took 123.4ns 
87635      INFO  main            d.u.i.k.p.i.AbstractProblemLoader Creating init config 
90188      DEBUG main            d.u.i.k.p.i.AbstractProblemLoader Init config took 2.55s 
90230      INFO  main            d.u.i.k.p.i.AbstractProblemLoader Replaying proof ExampleSubject[ExampleSubject::value()].JML accessible clause.0 
90242      DEBUG main            d.u.i.k.p.i.IntermediateProofReplayer Proof replay took 10.26ms 
90243      DEBUG main            d.u.i.k.p.r.p.TestFile    ... success: reloaded. 
90244      INFO  main            d.u.i.k.p.r.p.TestFile    Now processing file /home/runner/work/key/key/key.core/../key.ui/examples/heap/observer/ExampleSubject_value.key 
90244      INFO  main            d.u.i.k.p.i.AbstractProblemLoader Loading environment from /home/runner/work/key/key/key.core/../key.ui/examples/heap/observer/ExampleSubject_value.key 
90247      DEBUG main            d.u.i.k.p.i.AbstractProblemLoader Environment load took 3.02ms 
90248      INFO  main            d.u.i.k.p.i.AbstractProblemLoader Creating init config 
92881      DEBUG main            d.u.i.k.p.i.AbstractProblemLoader Init config took 2.63s 
92923      INFO  main            d.u.i.k.p.i.AbstractProblemLoader Replaying proof ExampleSubject[ExampleSubject::value()].JML normal_behavior operation contract.0 
92925      DEBUG main            d.u.i.k.p.i.IntermediateProofReplayer Proof replay took 6.8ns 
93027      INFO  main            d.u.i.k.p.r.p.TestFile    ... finished proof: closed. 
93259      INFO  main            d.u.i.k.p.i.AbstractProblemLoader Loading environment from /home/runner/work/key/key/key.core/../key.ui/examples/heap/observer/ExampleSubject_value.key.proof 
93259      DEBUG main            d.u.i.k.p.i.AbstractProblemLoader Environment load took 186.1ns 
93260      INFO  main            d.u.i.k.p.i.AbstractProblemLoader Creating init config 
95804      DEBUG main            d.u.i.k.p.i.AbstractProblemLoader Init config took 2.54s 
95845      INFO  main            d.u.i.k.p.i.AbstractProblemLoader Replaying proof ExampleSubject[ExampleSubject::value()].JML normal_behavior operation contract.0 
95855      DEBUG main            d.u.i.k.p.i.IntermediateProofReplayer Proof replay took 8.09ms 
95857      DEBUG main            d.u.i.k.p.r.p.TestFile    ... success: reloaded. 
1468356    INFO  Test worker     d.u.i.k.p.r.RunAllProofsTestUnit Returning from test observer 
1468358    INFO  Test worker     d.u.i.k.p.r.RunAllProofsTestUnit Running test removeDups 
342        INFO  Timeout watchdog d.u.i.k.p.r.p.ForkedTestFileRunner Timeout watcher launched (2000 secs.) 
359        WARN  main            d.u.i.k.s.ProofSettings   The settings in /home/runner/.key/proof-settings.props are *not* read. 
404        INFO  main            d.u.i.k.p.r.p.TestFile    Now processing file /home/runner/work/key/key/key.core/../key.ui/examples/heap/removeDups/arrayPart.key 
522        INFO  main            d.u.i.k.p.i.AbstractProblemLoader Loading environment from /home/runner/work/key/key/key.core/../key.ui/examples/heap/removeDups/arrayPart.key 
543        DEBUG main            d.u.i.k.p.i.AbstractProblemLoader Environment load took 1.81ms 
754        INFO  main            d.u.i.k.p.i.AbstractProblemLoader Creating init config 
1705       DEBUG main            d.u.i.k.j.TypeConverter   No LDT found for Meta 
1705       DEBUG main            d.u.i.k.j.TypeConverter   No LDT found for Meta 
1706       DEBUG main            d.u.i.k.j.TypeConverter   No LDT found for Meta 
1706       DEBUG main            d.u.i.k.j.TypeConverter   No LDT found for Meta 
3017       DEBUG main            d.u.i.k.j.TypeConverter   No LDT found for JavaBigintExpression 
7790       DEBUG main            d.u.i.k.p.i.AbstractProblemLoader Init config took 7.04s 
7915       INFO  main            d.u.i.k.p.i.AbstractProblemLoader Replaying proof RemoveDup[RemoveDup::arrayPart([I,int)].JML normal_behavior operation contract.0 
7949       DEBUG main            d.u.i.k.p.i.IntermediateProofReplayer Proof replay took 32.6ns 
10623      INFO  main            d.u.i.k.p.r.p.TestFile    ... finished proof: closed. 
10760      INFO  main            d.u.i.k.p.i.AbstractProblemLoader Loading environment from /home/runner/work/key/key/key.core/../key.ui/examples/heap/removeDups/arrayPart.key.proof 
10760      DEBUG main            d.u.i.k.p.i.AbstractProblemLoader Environment load took 152.7ns 
10770      INFO  main            d.u.i.k.p.i.AbstractProblemLoader Creating init config 
13507      DEBUG main            d.u.i.k.p.i.AbstractProblemLoader Init config took 2.74s 
13577      INFO  main            d.u.i.k.p.i.AbstractProblemLoader Replaying proof RemoveDup[RemoveDup::arrayPart([I,int)].JML normal_behavior operation contract.0 
13821      DEBUG main            d.u.i.k.p.i.IntermediateProofReplayer Proof replay took 231.5ms 
13831      DEBUG main            d.u.i.k.p.r.p.TestFile    ... success: reloaded. 
13832      INFO  main            d.u.i.k.p.r.p.TestFile    Now processing file /home/runner/work/key/key/key.core/../key.ui/examples/heap/removeDups/contains.key 
13833      INFO  main            d.u.i.k.p.i.AbstractProblemLoader Loading environment from /home/runner/work/key/key/key.core/../key.ui/examples/heap/removeDups/contains.key 
13833      DEBUG main            d.u.i.k.p.i.AbstractProblemLoader Environment load took 263.1ns 
13835      INFO  main            d.u.i.k.p.i.AbstractProblemLoader Creating init config 
16490      DEBUG main            d.u.i.k.p.i.AbstractProblemLoader Init config took 2.66s 
16545      INFO  main            d.u.i.k.p.i.AbstractProblemLoader Replaying proof RemoveDup[RemoveDup::contains([I,int,int)].JML normal_behavior operation contract.0 
16547      DEBUG main            d.u.i.k.p.i.IntermediateProofReplayer Proof replay took 6.2ns 
17151      INFO  main            d.u.i.k.p.r.p.TestFile    ... finished proof: closed. 
17326      INFO  main            d.u.i.k.p.i.AbstractProblemLoader Loading environment from /home/runner/work/key/key/key.core/../key.ui/examples/heap/removeDups/contains.key.proof 
17327      DEBUG main            d.u.i.k.p.i.AbstractProblemLoader Environment load took 1.04ms 
17329      INFO  main            d.u.i.k.p.i.AbstractProblemLoader Creating init config 
19912      DEBUG main            d.u.i.k.p.i.AbstractProblemLoader Init config took 2.58s 
19970      INFO  main            d.u.i.k.p.i.AbstractProblemLoader Replaying proof RemoveDup[RemoveDup::contains([I,int,int)].JML normal_behavior operation contract.0 
20053      DEBUG main            d.u.i.k.p.i.IntermediateProofReplayer Proof replay took 78.65ms 
20055      DEBUG main            d.u.i.k.p.r.p.TestFile    ... success: reloaded. 
20056      INFO  main            d.u.i.k.p.r.p.TestFile    Now processing file /home/runner/work/key/key/key.core/../key.ui/examples/heap/removeDups/removeDup.key 
20056      INFO  main            d.u.i.k.p.i.AbstractProblemLoader Loading environment from /home/runner/work/key/key/key.core/../key.ui/examples/heap/removeDups/removeDup.key 
20056      DEBUG main            d.u.i.k.p.i.AbstractProblemLoader Environment load took 154.6ns 
20057      INFO  main            d.u.i.k.p.i.AbstractProblemLoader Creating init config 
22699      DEBUG main            d.u.i.k.p.i.AbstractProblemLoader Init config took 2.64s 
22744      INFO  main            d.u.i.k.p.i.AbstractProblemLoader Replaying proof RemoveDup[RemoveDup::removeDup([I)].JML normal_behavior operation contract.0 
22746      DEBUG main            d.u.i.k.p.i.IntermediateProofReplayer Proof replay took 22.5ns 
43980      INFO  main            d.u.i.k.p.r.p.TestFile    ... finished proof: closed. 
44229      INFO  main            d.u.i.k.p.i.AbstractProblemLoader Loading environment from /home/runner/work/key/key/key.core/../key.ui/examples/heap/removeDups/removeDup.key.proof 
44229      DEBUG main            d.u.i.k.p.i.AbstractProblemLoader Environment load took 469.1ns 
44241      INFO  main            d.u.i.k.p.i.AbstractProblemLoader Creating init config 
46744      DEBUG main            d.u.i.k.p.i.AbstractProblemLoader Init config took 2.5s 
46789      INFO  main            d.u.i.k.p.i.AbstractProblemLoader Replaying proof RemoveDup[RemoveDup::removeDup([I)].JML normal_behavior operation contract.0 
48024      DEBUG main            d.u.i.k.p.i.IntermediateProofReplayer Proof replay took 1.17s 
48028      DEBUG main            d.u.i.k.p.r.p.TestFile    ... success: reloaded. 
48029      INFO  main            d.u.i.k.p.r.p.TestFile    Now processing file /home/runner/work/key/key/key.core/../key.ui/examples/heap/saddleback_search/Saddleback_search.key 
48030      INFO  main            d.u.i.k.p.i.AbstractProblemLoader Loading environment from /home/runner/work/key/key/key.core/../key.ui/examples/heap/saddleback_search/Saddleback_search.key 
48030      DEBUG main            d.u.i.k.p.i.AbstractProblemLoader Environment load took 277ns 
48031      INFO  main            d.u.i.k.p.i.AbstractProblemLoader Creating init config 
50609      DEBUG main            d.u.i.k.p.i.AbstractProblemLoader Init config took 2.58s 
50648      INFO  main            d.u.i.k.p.i.AbstractProblemLoader Replaying proof Saddleback[Saddleback::search([[I,int)].JML normal_behavior operation contract.0 
50656      DEBUG main            d.u.i.k.p.i.IntermediateProofReplayer Proof replay took 5.7ns 
133315     INFO  main            d.u.i.k.p.r.p.TestFile    ... finished proof: closed. 
133698     INFO  main            d.u.i.k.p.i.AbstractProblemLoader Loading environment from /home/runner/work/key/key/key.core/../key.ui/examples/heap/saddleback_search/Saddleback_search.key.proof 
133698     DEBUG main            d.u.i.k.p.i.AbstractProblemLoader Environment load took 222.8ns 
133710     INFO  main            d.u.i.k.p.i.AbstractProblemLoader Creating init config 
136087     DEBUG main            d.u.i.k.p.i.AbstractProblemLoader Init config took 2.38s 
136133     INFO  main            d.u.i.k.p.i.AbstractProblemLoader Replaying proof Saddleback[Saddleback::search([[I,int)].JML normal_behavior operation contract.0 
137697     DEBUG main            d.u.i.k.p.i.IntermediateProofReplayer Proof replay took 1.41s 
137708     DEBUG main            d.u.i.k.p.r.p.TestFile    ... success: reloaded. 
1606243    INFO  Test worker     d.u.i.k.p.r.RunAllProofsTestUnit Returning from test removeDups 
1606244    INFO  Test worker     d.u.i.k.p.r.RunAllProofsTestUnit Running test quicksort 
368        WARN  main            d.u.i.k.s.ProofSettings   The settings in /home/runner/.key/proof-settings.props are *not* read. 
371        INFO  Timeout watchdog d.u.i.k.p.r.p.ForkedTestFileRunner Timeout watcher launched (2000 secs.) 
413        INFO  main            d.u.i.k.p.r.p.TestFile    Now processing file /home/runner/work/key/key/key.core/../key.ui/examples/heap/quicksort/toplevel.key 
545        INFO  main            d.u.i.k.p.i.AbstractProblemLoader Loading environment from /home/runner/work/key/key/key.core/../key.ui/examples/heap/quicksort/toplevel.key 
561        DEBUG main            d.u.i.k.p.i.AbstractProblemLoader Environment load took 2.22ms 
769        INFO  main            d.u.i.k.p.i.AbstractProblemLoader Creating init config 
1625       DEBUG main            d.u.i.k.j.TypeConverter   No LDT found for Meta 
1629       DEBUG main            d.u.i.k.j.TypeConverter   No LDT found for Meta 
1633       DEBUG main            d.u.i.k.j.TypeConverter   No LDT found for Meta 
1633       DEBUG main            d.u.i.k.j.TypeConverter   No LDT found for Meta 
3211       DEBUG main            d.u.i.k.j.TypeConverter   No LDT found for JavaBigintExpression 
8354       DEBUG main            d.u.i.k.p.i.AbstractProblemLoader Init config took 7.58s 
8508       INFO  main            d.u.i.k.p.i.AbstractProblemLoader Replaying proof Quicksort[Quicksort::sort([I)].JML normal_behavior operation contract.0 
8543       DEBUG main            d.u.i.k.p.i.IntermediateProofReplayer Proof replay took 33.6ns 
9722       INFO  main            d.u.i.k.p.r.p.TestFile    ... finished proof: closed. 
9850       INFO  main            d.u.i.k.p.i.AbstractProblemLoader Loading environment from /home/runner/work/key/key/key.core/../key.ui/examples/heap/quicksort/toplevel.key.proof 
9852       DEBUG main            d.u.i.k.p.i.AbstractProblemLoader Environment load took 2.44ms 
9856       INFO  main            d.u.i.k.p.i.AbstractProblemLoader Creating init config 
12860      DEBUG main            d.u.i.k.p.i.AbstractProblemLoader Init config took 3s 
12946      INFO  main            d.u.i.k.p.i.AbstractProblemLoader Replaying proof Quicksort[Quicksort::sort([I)].JML normal_behavior operation contract.0 
13095      DEBUG main            d.u.i.k.p.i.IntermediateProofReplayer Proof replay took 141.73ms 
13103      DEBUG main            d.u.i.k.p.r.p.TestFile    ... success: reloaded. 
13105      INFO  main            d.u.i.k.p.r.p.TestFile    Now processing file /home/runner/work/key/key/key.core/../key.ui/examples/heap/quicksort/sort.key 
13106      INFO  main            d.u.i.k.p.i.AbstractProblemLoader Loading environment from /home/runner/work/key/key/key.core/../key.ui/examples/heap/quicksort/sort.key 
13106      DEBUG main            d.u.i.k.p.i.AbstractProblemLoader Environment load took 261.9ns 
13108      INFO  main            d.u.i.k.p.i.AbstractProblemLoader Creating init config 
16039      DEBUG main            d.u.i.k.p.i.AbstractProblemLoader Init config took 2.93s 
16100      INFO  main            d.u.i.k.p.i.AbstractProblemLoader Replaying proof Quicksort[Quicksort::sort([I,int,int)].JML normal_behavior operation contract.0 
16104      DEBUG main            d.u.i.k.p.i.IntermediateProofReplayer Proof replay took 6.8ns 
16134      DEBUG main            d.u.i.k.m.s.ProofScriptEngine 1: 'script 'sort.script'' on goal 0 (script from line 7) 
16134      INFO  main            d.u.i.k.m.s.ProofScriptCommand Included script /home/runner/work/key/key/key.core/../key.ui/examples/heap/quicksort/sort.script 
16136      DEBUG main            d.u.i.k.m.s.ProofScriptEngine 1: 'macro autopilot-prep' on goal 0 (script from line 1) 
17642      DEBUG main            d.u.i.k.m.s.ProofScriptEngine 2: 'select formula="{heapAtPre:=heap || exc:=null || heap:=heapAfter_sort_0}
   seq ...' on goal 358 (script from line 7) 
17644      DEBUG main            d.u.i.k.m.s.ProofScriptEngine 3: 'macro simp-upd' on goal 358 (script from line 9) 
17657      DEBUG main            d.u.i.k.m.s.ProofScriptEngine 4: 'let   @seqPre="seqDef{int u;}(0, array.length, array[u])"
    @seqSplit="seqDef ...' on goal 369 (script from line 14) 
17660      DEBUG main            d.u.i.k.m.s.ProofScriptEngine 5: 'rule seqPermSym 
  formula="seqPerm(@seqSplit, @seqPre)"' on goal 369 (script from line 17) 
17677      DEBUG main            d.u.i.k.m.s.ProofScriptEngine 6: 'rule seqPermSym
  formula="seqPerm(@seqSort, @seqSplit)"' on goal 370 (script from line 20) 
17680      DEBUG main            d.u.i.k.m.s.ProofScriptEngine 7: 'rule seqPermSym
  formula="seqPerm(@seqSort0, @seqSort)"' on goal 371 (script from line 23) 
17681      DEBUG main            d.u.i.k.m.s.ProofScriptEngine 8: 'rule seqPermTrans
  formula="seqPerm(@seqPre, @seqSplit)"' on goal 372 (script from line 26) 
17682      DEBUG main            d.u.i.k.m.s.ProofScriptEngine 9: 'rule seqPermTrans
  formula="seqPerm(@seqPre, @seqSort)"' on goal 373 (script from line 29) 
17683      DEBUG main            d.u.i.k.m.s.ProofScriptEngine 10: 'rule seqPermSym
  formula="seqPerm(@seqPre, @seqSort0)"' on goal 374 (script from line 32) 
17685      DEBUG main            d.u.i.k.m.s.ProofScriptEngine 11: 'tryclose' on goal 375 (script from line 36) 
44545      INFO  main            d.u.i.k.p.r.p.TestFile    ... finished proof: closed. 
44843      INFO  main            d.u.i.k.p.i.AbstractProblemLoader Loading environment from /home/runner/work/key/key/key.core/../key.ui/examples/heap/quicksort/sort.key.proof 
44843      DEBUG main            d.u.i.k.p.i.AbstractProblemLoader Environment load took 512.71ns 
44855      INFO  main            d.u.i.k.p.i.AbstractProblemLoader Creating init config 
47693      DEBUG main            d.u.i.k.p.i.AbstractProblemLoader Init config took 2.84s 
47743      INFO  main            d.u.i.k.p.i.AbstractProblemLoader Replaying proof Quicksort[Quicksort::sort([I,int,int)].JML normal_behavior operation contract.0 
49435      DEBUG main            d.u.i.k.p.i.IntermediateProofReplayer Proof replay took 1.57s 
49492      DEBUG main            d.u.i.k.p.r.p.TestFile    ... success: reloaded. 
49511      INFO  main            d.u.i.k.p.r.p.TestFile    Now processing file /home/runner/work/key/key/key.core/../key.ui/examples/heap/quicksort/split.key 
49519      INFO  main            d.u.i.k.p.i.AbstractProblemLoader Loading environment from /home/runner/work/key/key/key.core/../key.ui/examples/heap/quicksort/split.key 
49519      DEBUG main            d.u.i.k.p.i.AbstractProblemLoader Environment load took 362ns 
49524      INFO  main            d.u.i.k.p.i.AbstractProblemLoader Creating init config 
52597      DEBUG main            d.u.i.k.p.i.AbstractProblemLoader Init config took 3.07s 
52659      INFO  main            d.u.i.k.p.i.AbstractProblemLoader Replaying proof Quicksort[Quicksort::split([I,int,int)].JML normal_behavior operation contract.0 
52665      DEBUG main            d.u.i.k.p.i.IntermediateProofReplayer Proof replay took 7.1ns 
52666      DEBUG main            d.u.i.k.m.s.ProofScriptEngine 1: 'macro autopilot-prep' on goal 0 (script from line 15) 
54043      DEBUG main            d.u.i.k.m.s.ProofScriptEngine 2: 'tryclose' on goal 520 (script from line 18) 
94451      DEBUG main            d.u.i.k.m.s.ProofScriptEngine 3: 'macro simp-upd' on goal 495 (script from line 24) 
94564      DEBUG main            d.u.i.k.m.s.ProofScriptEngine 4: 'rule seqPermFromSwap' on goal 495 (script from line 25) 
94577      DEBUG main            d.u.i.k.m.s.ProofScriptEngine 5: 'rule andRight' on goal 40829 (script from line 26) 
94582      DEBUG main            d.u.i.k.m.s.ProofScriptEngine 6: 'auto' on goal 40830 (script from line 28) 
94611      DEBUG main            d.u.i.k.m.s.ProofScriptEngine 7: 'instantiate hide var=iv with=i_0' on goal 40831 (script from line 30) 
94613      DEBUG main            d.u.i.k.m.s.ProofScriptEngine 8: 'instantiate hide var=jv with=j_0' on goal 40836 (script from line 31) 
94616      DEBUG main            d.u.i.k.m.s.ProofScriptEngine 9: 'auto' on goal 40837 (script from line 32) 
101368     DEBUG main            d.u.i.k.m.s.ProofScriptEngine 10: 'macro simp-upd' on goal 190 (script from line 35) 
101461     DEBUG main            d.u.i.k.m.s.ProofScriptEngine 11: 'rule seqPermFromSwap' on goal 46168 (script from line 36) 
101466     DEBUG main            d.u.i.k.m.s.ProofScriptEngine 12: 'rule andRight' on goal 46169 (script from line 37) 
101470     DEBUG main            d.u.i.k.m.s.ProofScriptEngine 13: 'auto' on goal 46170 (script from line 39) 
101491     DEBUG main            d.u.i.k.m.s.ProofScriptEngine 14: 'instantiate hide var=iv with=i_0' on goal 46171 (script from line 41) 
101492     DEBUG main            d.u.i.k.m.s.ProofScriptEngine 15: 'instantiate hide var=jv with=to' on goal 46176 (script from line 42) 
101495     DEBUG main            d.u.i.k.m.s.ProofScriptEngine 16: 'auto' on goal 46177 (script from line 43) 
106780     INFO  main            d.u.i.k.p.r.p.TestFile    ... finished proof: closed. 
107316     INFO  main            d.u.i.k.p.i.AbstractProblemLoader Loading environment from /home/runner/work/key/key/key.core/../key.ui/examples/heap/quicksort/split.key.proof 
107317     DEBUG main            d.u.i.k.p.i.AbstractProblemLoader Environment load took 461.5ns 
107329     INFO  main            d.u.i.k.p.i.AbstractProblemLoader Creating init config 
109996     DEBUG main            d.u.i.k.p.i.AbstractProblemLoader Init config took 2.67s 
110043     INFO  main            d.u.i.k.p.i.AbstractProblemLoader Replaying proof Quicksort[Quicksort::split([I,int,int)].JML normal_behavior operation contract.0 
112690     DEBUG main            d.u.i.k.p.i.IntermediateProofReplayer Proof replay took 2.41s 
112753     DEBUG main            d.u.i.k.p.r.p.TestFile    ... success: reloaded. 
1719976    INFO  Test worker     d.u.i.k.p.r.RunAllProofsTestUnit Returning from test quicksort 
1719977    INFO  Test worker     d.u.i.k.p.r.RunAllProofsTestUnit Running test simpleTests 
373        INFO  Timeout watchdog d.u.i.k.p.r.p.ForkedTestFileRunner Timeout watcher launched (2000 secs.) 
384        WARN  main            d.u.i.k.s.ProofSettings   The settings in /home/runner/.key/proof-settings.props are *not* read. 
428        INFO  main            d.u.i.k.p.r.p.TestFile    Now processing file /home/runner/work/key/key/key.core/../key.ui/examples/heap/simple/anonymise_datagroup.key 
548        INFO  main            d.u.i.k.p.i.AbstractProblemLoader Loading environment from /home/runner/work/key/key/key.core/../key.ui/examples/heap/simple/anonymise_datagroup.key 
569        DEBUG main            d.u.i.k.p.i.AbstractProblemLoader Environment load took 2.16ms 
815        INFO  main            d.u.i.k.p.i.AbstractProblemLoader Creating init config 
1777       DEBUG main            d.u.i.k.j.TypeConverter   No LDT found for Meta 
1778       DEBUG main            d.u.i.k.j.TypeConverter   No LDT found for Meta 
1781       DEBUG main            d.u.i.k.j.TypeConverter   No LDT found for Meta 
1781       DEBUG main            d.u.i.k.j.TypeConverter   No LDT found for Meta 
3064       DEBUG main            d.u.i.k.j.TypeConverter   No LDT found for JavaBigintExpression 
7694       DEBUG main            d.u.i.k.p.i.AbstractProblemLoader Init config took 6.88s 
7752       INFO  main            d.u.i.k.p.i.AbstractProblemLoader Replaying proof anonymise_datagroup.key 
7784       DEBUG main            d.u.i.k.p.i.IntermediateProofReplayer Proof replay took 37ns 
8041       INFO  main            d.u.i.k.p.r.p.TestFile    ... finished proof: closed. 
8139       INFO  main            d.u.i.k.p.i.AbstractProblemLoader Loading environment from /home/runner/work/key/key/key.core/../key.ui/examples/heap/simple/anonymise_datagroup.key.proof 
8140       DEBUG main            d.u.i.k.p.i.AbstractProblemLoader Environment load took 1.3ms 
8146       INFO  main            d.u.i.k.p.i.AbstractProblemLoader Creating init config 
10825      DEBUG main            d.u.i.k.p.i.AbstractProblemLoader Init config took 2.68s 
10864      INFO  main            d.u.i.k.p.i.AbstractProblemLoader Replaying proof anonymise_datagroup.key.proof 
10890      DEBUG main            d.u.i.k.p.i.IntermediateProofReplayer Proof replay took 17.85ms 
10903      DEBUG main            d.u.i.k.p.r.p.TestFile    ... success: reloaded. 
10908      INFO  main            d.u.i.k.p.r.p.TestFile    Now processing file /home/runner/work/key/key/key.core/../key.ui/examples/heap/simple/array_creation.key 
10908      INFO  main            d.u.i.k.p.i.AbstractProblemLoader Loading environment from /home/runner/work/key/key/key.core/../key.ui/examples/heap/simple/array_creation.key 
10908      DEBUG main            d.u.i.k.p.i.AbstractProblemLoader Environment load took 126.4ns 
10913      INFO  main            d.u.i.k.p.i.AbstractProblemLoader Creating init config 
13427      DEBUG main            d.u.i.k.p.i.AbstractProblemLoader Init config took 2.51s 
13472      INFO  main            d.u.i.k.p.i.AbstractProblemLoader Replaying proof array_creation.key 
13475      DEBUG main            d.u.i.k.p.i.IntermediateProofReplayer Proof replay took 6.2ns 
14303      INFO  main            d.u.i.k.p.r.p.TestFile    ... finished proof: closed. 
14436      INFO  main            d.u.i.k.p.i.AbstractProblemLoader Loading environment from /home/runner/work/key/key/key.core/../key.ui/examples/heap/simple/array_creation.key.proof 
14437      DEBUG main            d.u.i.k.p.i.AbstractProblemLoader Environment load took 474.4ns 
14438      INFO  main            d.u.i.k.p.i.AbstractProblemLoader Creating init config 
16901      DEBUG main            d.u.i.k.p.i.AbstractProblemLoader Init config took 2.46s 
16928      INFO  main            d.u.i.k.p.i.AbstractProblemLoader Replaying proof array_creation.key.proof 
17011      DEBUG main            d.u.i.k.p.i.IntermediateProofReplayer Proof replay took 78.55ms 
17013      DEBUG main            d.u.i.k.p.r.p.TestFile    ... success: reloaded. 
17015      INFO  main            d.u.i.k.p.r.p.TestFile    Now processing file /home/runner/work/key/key/key.core/../key.ui/examples/heap/simple/arrays_with_disjoint_sorts.key 
17015      INFO  main            d.u.i.k.p.i.AbstractProblemLoader Loading environment from /home/runner/work/key/key/key.core/../key.ui/examples/heap/simple/arrays_with_disjoint_sorts.key 
17015      DEBUG main            d.u.i.k.p.i.AbstractProblemLoader Environment load took 239.3ns 
17017      INFO  main            d.u.i.k.p.i.AbstractProblemLoader Creating init config 
19498      DEBUG main            d.u.i.k.p.i.AbstractProblemLoader Init config took 2.48s 
19521      INFO  main            d.u.i.k.p.i.AbstractProblemLoader Replaying proof arrays_with_disjoint_sorts.key 
19523      DEBUG main            d.u.i.k.p.i.IntermediateProofReplayer Proof replay took 6.1ns 
19627      INFO  main            d.u.i.k.p.r.p.TestFile    ... finished proof: closed. 
19775      INFO  main            d.u.i.k.p.i.AbstractProblemLoader Loading environment from /home/runner/work/key/key/key.core/../key.ui/examples/heap/simple/arrays_with_disjoint_sorts.key.proof 
19776      DEBUG main            d.u.i.k.p.i.AbstractProblemLoader Environment load took 437.9ns 
19777      INFO  main            d.u.i.k.p.i.AbstractProblemLoader Creating init config 
22210      DEBUG main            d.u.i.k.p.i.AbstractProblemLoader Init config took 2.43s 
22233      INFO  main            d.u.i.k.p.i.AbstractProblemLoader Replaying proof arrays_with_disjoint_sorts.key.proof 
22254      DEBUG main            d.u.i.k.p.i.IntermediateProofReplayer Proof replay took 17.44ms 
22256      DEBUG main            d.u.i.k.p.r.p.TestFile    ... success: reloaded. 
22257      INFO  main            d.u.i.k.p.r.p.TestFile    Now processing file /home/runner/work/key/key/key.core/../key.ui/examples/heap/simple/arrays.key 
22258      INFO  main            d.u.i.k.p.i.AbstractProblemLoader Loading environment from /home/runner/work/key/key/key.core/../key.ui/examples/heap/simple/arrays.key 
22258      DEBUG main            d.u.i.k.p.i.AbstractProblemLoader Environment load took 218.7ns 
22259      INFO  main            d.u.i.k.p.i.AbstractProblemLoader Creating init config 
24660      DEBUG main            d.u.i.k.p.i.AbstractProblemLoader Init config took 2.4s 
24684      INFO  main            d.u.i.k.p.i.AbstractProblemLoader Replaying proof arrays.key 
24688      DEBUG main            d.u.i.k.p.i.IntermediateProofReplayer Proof replay took 7.3ns 
24791      INFO  main            d.u.i.k.p.r.p.TestFile    ... finished proof: closed. 
24939      INFO  main            d.u.i.k.p.i.AbstractProblemLoader Loading environment from /home/runner/work/key/key/key.core/../key.ui/examples/heap/simple/arrays.key.proof 
24939      DEBUG main            d.u.i.k.p.i.AbstractProblemLoader Environment load took 465.7ns 
24942      INFO  main            d.u.i.k.p.i.AbstractProblemLoader Creating init config 
27328      DEBUG main            d.u.i.k.p.i.AbstractProblemLoader Init config took 2.39s 
27351      INFO  main            d.u.i.k.p.i.AbstractProblemLoader Replaying proof arrays.key.proof 
27370      DEBUG main            d.u.i.k.p.i.IntermediateProofReplayer Proof replay took 16.02ms 
27371      DEBUG main            d.u.i.k.p.r.p.TestFile    ... success: reloaded. 
27373      INFO  main            d.u.i.k.p.r.p.TestFile    Now processing file /home/runner/work/key/key/key.core/../key.ui/examples/heap/simple/attributes.key 
27373      INFO  main            d.u.i.k.p.i.AbstractProblemLoader Loading environment from /home/runner/work/key/key/key.core/../key.ui/examples/heap/simple/attributes.key 
27373      DEBUG main            d.u.i.k.p.i.AbstractProblemLoader Environment load took 226.1ns 
27374      INFO  main            d.u.i.k.p.i.AbstractProblemLoader Creating init config 
29788      DEBUG main            d.u.i.k.p.i.AbstractProblemLoader Init config took 2.41s 
29811      INFO  main            d.u.i.k.p.i.AbstractProblemLoader Replaying proof attributes.key 
29812      DEBUG main            d.u.i.k.p.i.IntermediateProofReplayer Proof replay took 6.5ns 
29918      INFO  main            d.u.i.k.p.r.p.TestFile    ... finished proof: closed. 
30067      INFO  main            d.u.i.k.p.i.AbstractProblemLoader Loading environment from /home/runner/work/key/key/key.core/../key.ui/examples/heap/simple/attributes.key.proof 
30067      DEBUG main            d.u.i.k.p.i.AbstractProblemLoader Environment load took 127.2ns 
30068      INFO  main            d.u.i.k.p.i.AbstractProblemLoader Creating init config 
32468      DEBUG main            d.u.i.k.p.i.AbstractProblemLoader Init config took 2.4s 
32490      INFO  main            d.u.i.k.p.i.AbstractProblemLoader Replaying proof attributes.key.proof 
32496      DEBUG main            d.u.i.k.p.i.IntermediateProofReplayer Proof replay took 2.68ms 
32497      DEBUG main            d.u.i.k.p.r.p.TestFile    ... success: reloaded. 
32498      INFO  main            d.u.i.k.p.r.p.TestFile    Now processing file /home/runner/work/key/key/key.core/../key.ui/examples/heap/simple/constructor_contracts.key 
32498      INFO  main            d.u.i.k.p.i.AbstractProblemLoader Loading environment from /home/runner/work/key/key/key.core/../key.ui/examples/heap/simple/constructor_contracts.key 
32499      DEBUG main            d.u.i.k.p.i.AbstractProblemLoader Environment load took 565.11ns 
32501      INFO  main            d.u.i.k.p.i.AbstractProblemLoader Creating init config 
35329      DEBUG main            d.u.i.k.p.i.AbstractProblemLoader Init config took 2.83s 
35384      INFO  main            d.u.i.k.p.i.AbstractProblemLoader Replaying proof constructor_contracts.key 
35387      DEBUG main            d.u.i.k.p.i.IntermediateProofReplayer Proof replay took 6.5ns 
35996      INFO  main            d.u.i.k.p.r.p.TestFile    ... finished proof: closed. 
36196      INFO  main            d.u.i.k.p.i.AbstractProblemLoader Loading environment from /home/runner/work/key/key/key.core/../key.ui/examples/heap/simple/constructor_contracts.key.proof 
36199      DEBUG main            d.u.i.k.p.i.AbstractProblemLoader Environment load took 3.15ms 
36200      INFO  main            d.u.i.k.p.i.AbstractProblemLoader Creating init config 
38882      DEBUG main            d.u.i.k.p.i.AbstractProblemLoader Init config took 2.68s 
38904      INFO  main            d.u.i.k.p.i.AbstractProblemLoader Replaying proof constructor_contracts.key.proof 
38994      DEBUG main            d.u.i.k.p.i.IntermediateProofReplayer Proof replay took 85.98ms 
38996      DEBUG main            d.u.i.k.p.r.p.TestFile    ... success: reloaded. 
38997      INFO  main            d.u.i.k.p.r.p.TestFile    Now processing file /home/runner/work/key/key/key.core/../key.ui/examples/heap/simple/dependencies.key 
38998      INFO  main            d.u.i.k.p.i.AbstractProblemLoader Loading environment from /home/runner/work/key/key/key.core/../key.ui/examples/heap/simple/dependencies.key 
38998      DEBUG main            d.u.i.k.p.i.AbstractProblemLoader Environment load took 260.4ns 
39000      INFO  main            d.u.i.k.p.i.AbstractProblemLoader Creating init config 
41381      DEBUG main            d.u.i.k.p.i.AbstractProblemLoader Init config took 2.38s 
41399      INFO  main            d.u.i.k.p.i.AbstractProblemLoader Replaying proof dependencies.key 
41401      DEBUG main            d.u.i.k.p.i.IntermediateProofReplayer Proof replay took 6.4ns 
41504      INFO  main            d.u.i.k.p.r.p.TestFile    ... finished proof: closed. 
41715      INFO  main            d.u.i.k.p.i.AbstractProblemLoader Loading environment from /home/runner/work/key/key/key.core/../key.ui/examples/heap/simple/dependencies.key.proof 
41715      DEBUG main            d.u.i.k.p.i.AbstractProblemLoader Environment load took 129ns 
41716      INFO  main            d.u.i.k.p.i.AbstractProblemLoader Creating init config 
44026      DEBUG main            d.u.i.k.p.i.AbstractProblemLoader Init config took 2.31s 
44044      INFO  main            d.u.i.k.p.i.AbstractProblemLoader Replaying proof dependencies.key.proof 
44052      DEBUG main            d.u.i.k.p.i.IntermediateProofReplayer Proof replay took 5.78ms 
44053      DEBUG main            d.u.i.k.p.r.p.TestFile    ... success: reloaded. 
44054      INFO  main            d.u.i.k.p.r.p.TestFile    Now processing file /home/runner/work/key/key/key.core/../key.ui/examples/heap/simple/dependency_contracts.key 
44055      INFO  main            d.u.i.k.p.i.AbstractProblemLoader Loading environment from /home/runner/work/key/key/key.core/../key.ui/examples/heap/simple/dependency_contracts.key 
44055      DEBUG main            d.u.i.k.p.i.AbstractProblemLoader Environment load took 225.3ns 
44057      INFO  main            d.u.i.k.p.i.AbstractProblemLoader Creating init config 
46683      DEBUG main            d.u.i.k.p.i.AbstractProblemLoader Init config took 2.63s 
46703      INFO  main            d.u.i.k.p.i.AbstractProblemLoader Replaying proof dependency_contracts.key 
46704      DEBUG main            d.u.i.k.p.i.IntermediateProofReplayer Proof replay took 6.3ns 
47915      INFO  main            d.u.i.k.p.r.p.TestFile    ... finished proof: closed. 
48129      INFO  main            d.u.i.k.p.i.AbstractProblemLoader Loading environment from /home/runner/work/key/key/key.core/../key.ui/examples/heap/simple/dependency_contracts.key.proof 
48129      DEBUG main            d.u.i.k.p.i.AbstractProblemLoader Environment load took 448.3ns 
48131      INFO  main            d.u.i.k.p.i.AbstractProblemLoader Creating init config 
50700      DEBUG main            d.u.i.k.p.i.AbstractProblemLoader Init config took 2.57s 
50719      INFO  main            d.u.i.k.p.i.AbstractProblemLoader Replaying proof dependency_contracts.key.proof 
50879      DEBUG main            d.u.i.k.p.i.IntermediateProofReplayer Proof replay took 151.07ms 
50881      DEBUG main            d.u.i.k.p.r.p.TestFile    ... success: reloaded. 
50882      INFO  main            d.u.i.k.p.r.p.TestFile    Now processing file /home/runner/work/key/key/key.core/../key.ui/examples/heap/simple/invariant_preservation.key 
50883      INFO  main            d.u.i.k.p.i.AbstractProblemLoader Loading environment from /home/runner/work/key/key/key.core/../key.ui/examples/heap/simple/invariant_preservation.key 
50883      DEBUG main            d.u.i.k.p.i.AbstractProblemLoader Environment load took 252.9ns 
50885      INFO  main            d.u.i.k.p.i.AbstractProblemLoader Creating init config 
53469      DEBUG main            d.u.i.k.p.i.AbstractProblemLoader Init config took 2.58s 
53489      INFO  main            d.u.i.k.p.i.AbstractProblemLoader Replaying proof invariant_preservation.key 
53491      DEBUG main            d.u.i.k.p.i.IntermediateProofReplayer Proof replay took 6.4ns 
53694      INFO  main            d.u.i.k.p.r.p.TestFile    ... finished proof: closed. 
53898      INFO  main            d.u.i.k.p.i.AbstractProblemLoader Loading environment from /home/runner/work/key/key/key.core/../key.ui/examples/heap/simple/invariant_preservation.key.proof 
53898      DEBUG main            d.u.i.k.p.i.AbstractProblemLoader Environment load took 122ns 
53899      INFO  main            d.u.i.k.p.i.AbstractProblemLoader Creating init config 
56442      DEBUG main            d.u.i.k.p.i.AbstractProblemLoader Init config took 2.54s 
56460      INFO  main            d.u.i.k.p.i.AbstractProblemLoader Replaying proof invariant_preservation.key.proof 
56486      DEBUG main            d.u.i.k.p.i.IntermediateProofReplayer Proof replay took 22.98ms 
56487      DEBUG main            d.u.i.k.p.r.p.TestFile    ... success: reloaded. 
56489      INFO  main            d.u.i.k.p.r.p.TestFile    Now processing file /home/runner/work/key/key/key.core/../key.ui/examples/heap/simple/locsets.key 
56489      INFO  main            d.u.i.k.p.i.AbstractProblemLoader Loading environment from /home/runner/work/key/key/key.core/../key.ui/examples/heap/simple/locsets.key 
56489      DEBUG main            d.u.i.k.p.i.AbstractProblemLoader Environment load took 94.3ns 
56490      INFO  main            d.u.i.k.p.i.AbstractProblemLoader Creating init config 
58810      DEBUG main            d.u.i.k.p.i.AbstractProblemLoader Init config took 2.32s 
58826      INFO  main            d.u.i.k.p.i.AbstractProblemLoader Replaying proof locsets.key 
58827      DEBUG main            d.u.i.k.p.i.IntermediateProofReplayer Proof replay took 6.5ns 
58929      INFO  main            d.u.i.k.p.r.p.TestFile    ... finished proof: closed. 
59116      INFO  main            d.u.i.k.p.i.AbstractProblemLoader Loading environment from /home/runner/work/key/key/key.core/../key.ui/examples/heap/simple/locsets.key.proof 
59116      DEBUG main            d.u.i.k.p.i.AbstractProblemLoader Environment load took 128.4ns 
59117      INFO  main            d.u.i.k.p.i.AbstractProblemLoader Creating init config 
61411      DEBUG main            d.u.i.k.p.i.AbstractProblemLoader Init config took 2.29s 
61429      INFO  main            d.u.i.k.p.i.AbstractProblemLoader Replaying proof locsets.key.proof 
61437      DEBUG main            d.u.i.k.p.i.IntermediateProofReplayer Proof replay took 4.75ms 
61439      DEBUG main            d.u.i.k.p.r.p.TestFile    ... success: reloaded. 
61441      INFO  main            d.u.i.k.p.r.p.TestFile    Now processing file /home/runner/work/key/key/key.core/../key.ui/examples/heap/simple/loop1.key 
61441      INFO  main            d.u.i.k.p.i.AbstractProblemLoader Loading environment from /home/runner/work/key/key/key.core/../key.ui/examples/heap/simple/loop1.key 
61441      DEBUG main            d.u.i.k.p.i.AbstractProblemLoader Environment load took 227.9ns 
61444      INFO  main            d.u.i.k.p.i.AbstractProblemLoader Creating init config 
64064      DEBUG main            d.u.i.k.p.i.AbstractProblemLoader Init config took 2.62s 
64082      INFO  main            d.u.i.k.p.i.AbstractProblemLoader Replaying proof loop1.key 
64083      DEBUG main            d.u.i.k.p.i.IntermediateProofReplayer Proof replay took 7.1ns 
64286      INFO  main            d.u.i.k.p.r.p.TestFile    ... finished proof: closed. 
64476      INFO  main            d.u.i.k.p.i.AbstractProblemLoader Loading environment from /home/runner/work/key/key/key.core/../key.ui/examples/heap/simple/loop1.key.proof 
64476      DEBUG main            d.u.i.k.p.i.AbstractProblemLoader Environment load took 130.2ns 
64478      INFO  main            d.u.i.k.p.i.AbstractProblemLoader Creating init config 
67049      DEBUG main            d.u.i.k.p.i.AbstractProblemLoader Init config took 2.57s 
67066      INFO  main            d.u.i.k.p.i.AbstractProblemLoader Replaying proof loop1.key.proof 
67130      DEBUG main            d.u.i.k.p.i.IntermediateProofReplayer Proof replay took 60.84ms 
67132      DEBUG main            d.u.i.k.p.r.p.TestFile    ... success: reloaded. 
67133      INFO  main            d.u.i.k.p.r.p.TestFile    Now processing file /home/runner/work/key/key/key.core/../key.ui/examples/heap/simple/loop2.key 
67133      INFO  main            d.u.i.k.p.i.AbstractProblemLoader Loading environment from /home/runner/work/key/key/key.core/../key.ui/examples/heap/simple/loop2.key 
67133      DEBUG main            d.u.i.k.p.i.AbstractProblemLoader Environment load took 102.9ns 
67135      INFO  main            d.u.i.k.p.i.AbstractProblemLoader Creating init config 
69731      DEBUG main            d.u.i.k.p.i.AbstractProblemLoader Init config took 2.6s 
69748      INFO  main            d.u.i.k.p.i.AbstractProblemLoader Replaying proof loop2.key 
69750      DEBUG main            d.u.i.k.p.i.IntermediateProofReplayer Proof replay took 7.3ns 
70455      INFO  main            d.u.i.k.p.r.p.TestFile    ... finished proof: closed. 
70668      INFO  main            d.u.i.k.p.i.AbstractProblemLoader Loading environment from /home/runner/work/key/key/key.core/../key.ui/examples/heap/simple/loop2.key.proof 
70668      DEBUG main            d.u.i.k.p.i.AbstractProblemLoader Environment load took 447.9ns 
70670      INFO  main            d.u.i.k.p.i.AbstractProblemLoader Creating init config 
73167      DEBUG main            d.u.i.k.p.i.AbstractProblemLoader Init config took 2.5s 
73187      INFO  main            d.u.i.k.p.i.AbstractProblemLoader Replaying proof loop2.key.proof 
73297      DEBUG main            d.u.i.k.p.i.IntermediateProofReplayer Proof replay took 104.85ms 
73299      DEBUG main            d.u.i.k.p.r.p.TestFile    ... success: reloaded. 
73300      INFO  main            d.u.i.k.p.r.p.TestFile    Now processing file /home/runner/work/key/key/key.core/../key.ui/examples/heap/simple/modifies_datagroup.key 
73301      INFO  main            d.u.i.k.p.i.AbstractProblemLoader Loading environment from /home/runner/work/key/key/key.core/../key.ui/examples/heap/simple/modifies_datagroup.key 
73301      DEBUG main            d.u.i.k.p.i.AbstractProblemLoader Environment load took 208.9ns 
73302      INFO  main            d.u.i.k.p.i.AbstractProblemLoader Creating init config 
75667      DEBUG main            d.u.i.k.p.i.AbstractProblemLoader Init config took 2.36s 
75682      INFO  main            d.u.i.k.p.i.AbstractProblemLoader Replaying proof modifies_datagroup.key 
75683      DEBUG main            d.u.i.k.p.i.IntermediateProofReplayer Proof replay took 6.8ns 
75786      INFO  main            d.u.i.k.p.r.p.TestFile    ... finished proof: closed. 
76000      INFO  main            d.u.i.k.p.i.AbstractProblemLoader Loading environment from /home/runner/work/key/key/key.core/../key.ui/examples/heap/simple/modifies_datagroup.key.proof 
76000      DEBUG main            d.u.i.k.p.i.AbstractProblemLoader Environment load took 123.5ns 
76002      INFO  main            d.u.i.k.p.i.AbstractProblemLoader Creating init config 
78297      DEBUG main            d.u.i.k.p.i.AbstractProblemLoader Init config took 2.3s 
78313      INFO  main            d.u.i.k.p.i.AbstractProblemLoader Replaying proof modifies_datagroup.key.proof 
78317      DEBUG main            d.u.i.k.p.i.IntermediateProofReplayer Proof replay took 2.57ms 
78318      DEBUG main            d.u.i.k.p.r.p.TestFile    ... success: reloaded. 
78319      INFO  main            d.u.i.k.p.r.p.TestFile    Now processing file /home/runner/work/key/key/key.core/../key.ui/examples/heap/simple/modifies.key 
78319      INFO  main            d.u.i.k.p.i.AbstractProblemLoader Loading environment from /home/runner/work/key/key/key.core/../key.ui/examples/heap/simple/modifies.key 
78319      DEBUG main            d.u.i.k.p.i.AbstractProblemLoader Environment load took 217.5ns 
78321      INFO  main            d.u.i.k.p.i.AbstractProblemLoader Creating init config 
80619      DEBUG main            d.u.i.k.p.i.AbstractProblemLoader Init config took 2.3s 
80634      INFO  main            d.u.i.k.p.i.AbstractProblemLoader Replaying proof modifies.key 
80635      DEBUG main            d.u.i.k.p.i.IntermediateProofReplayer Proof replay took 6.8ns 
80742      INFO  main            d.u.i.k.p.r.p.TestFile    ... finished proof: closed. 
80954      INFO  main            d.u.i.k.p.i.AbstractProblemLoader Loading environment from /home/runner/work/key/key/key.core/../key.ui/examples/heap/simple/modifies.key.proof 
80954      DEBUG main            d.u.i.k.p.i.AbstractProblemLoader Environment load took 122.5ns 
80956      INFO  main            d.u.i.k.p.i.AbstractProblemLoader Creating init config 
83257      DEBUG main            d.u.i.k.p.i.AbstractProblemLoader Init config took 2.3s 
83272      INFO  main            d.u.i.k.p.i.AbstractProblemLoader Replaying proof modifies.key.proof 
83282      DEBUG main            d.u.i.k.p.i.IntermediateProofReplayer Proof replay took 8.82ms 
83283      DEBUG main            d.u.i.k.p.r.p.TestFile    ... success: reloaded. 
83284      INFO  main            d.u.i.k.p.r.p.TestFile    Now processing file /home/runner/work/key/key/key.core/../key.ui/examples/heap/simple/object_creation.key 
83284      INFO  main            d.u.i.k.p.i.AbstractProblemLoader Loading environment from /home/runner/work/key/key/key.core/../key.ui/examples/heap/simple/object_creation.key 
83284      DEBUG main            d.u.i.k.p.i.AbstractProblemLoader Environment load took 80.5ns 
83286      INFO  main            d.u.i.k.p.i.AbstractProblemLoader Creating init config 
85568      DEBUG main            d.u.i.k.p.i.AbstractProblemLoader Init config took 2.28s 
85585      INFO  main            d.u.i.k.p.i.AbstractProblemLoader Replaying proof object_creation.key 
85588      DEBUG main            d.u.i.k.p.i.IntermediateProofReplayer Proof replay took 7.1ns 
85792      INFO  main            d.u.i.k.p.r.p.TestFile    ... finished proof: closed. 
86014      INFO  main            d.u.i.k.p.i.AbstractProblemLoader Loading environment from /home/runner/work/key/key/key.core/../key.ui/examples/heap/simple/object_creation.key.proof 
86014      DEBUG main            d.u.i.k.p.i.AbstractProblemLoader Environment load took 123.5ns 
86015      INFO  main            d.u.i.k.p.i.AbstractProblemLoader Creating init config 
88269      DEBUG main            d.u.i.k.p.i.AbstractProblemLoader Init config took 2.25s 
88284      INFO  main            d.u.i.k.p.i.AbstractProblemLoader Replaying proof object_creation.key.proof 
88327      DEBUG main            d.u.i.k.p.i.IntermediateProofReplayer Proof replay took 39.26ms 
88328      DEBUG main            d.u.i.k.p.r.p.TestFile    ... success: reloaded. 
88329      INFO  main            d.u.i.k.p.r.p.TestFile    Now processing file /home/runner/work/key/key/key.core/../key.ui/examples/heap/simple/operation_contracts.key 
88329      INFO  main            d.u.i.k.p.i.AbstractProblemLoader Loading environment from /home/runner/work/key/key/key.core/../key.ui/examples/heap/simple/operation_contracts.key 
88329      DEBUG main            d.u.i.k.p.i.AbstractProblemLoader Environment load took 104.5ns 
88331      INFO  main            d.u.i.k.p.i.AbstractProblemLoader Creating init config 
90922      DEBUG main            d.u.i.k.p.i.AbstractProblemLoader Init config took 2.59s 
90941      INFO  main            d.u.i.k.p.i.AbstractProblemLoader Replaying proof operation_contracts.key 
90943      DEBUG main            d.u.i.k.p.i.IntermediateProofReplayer Proof replay took 6.9ns 
91849      INFO  main            d.u.i.k.p.r.p.TestFile    ... finished proof: closed. 
92112      INFO  main            d.u.i.k.p.i.AbstractProblemLoader Loading environment from /home/runner/work/key/key/key.core/../key.ui/examples/heap/simple/operation_contracts.key.proof 
92112      DEBUG main            d.u.i.k.p.i.AbstractProblemLoader Environment load took 449.61ns 
92114      INFO  main            d.u.i.k.p.i.AbstractProblemLoader Creating init config 
94600      DEBUG main            d.u.i.k.p.i.AbstractProblemLoader Init config took 2.49s 
94616      INFO  main            d.u.i.k.p.i.AbstractProblemLoader Replaying proof operation_contracts.key.proof 
94716      DEBUG main            d.u.i.k.p.i.IntermediateProofReplayer Proof replay took 91.59ms 
94718      DEBUG main            d.u.i.k.p.r.p.TestFile    ... success: reloaded. 
94719      INFO  main            d.u.i.k.p.r.p.TestFile    Now processing file /home/runner/work/key/key/key.core/../key.ui/examples/heap/simple/select_store.key 
94720      INFO  main            d.u.i.k.p.i.AbstractProblemLoader Loading environment from /home/runner/work/key/key/key.core/../key.ui/examples/heap/simple/select_store.key 
94720      DEBUG main            d.u.i.k.p.i.AbstractProblemLoader Environment load took 213.2ns 
94721      INFO  main            d.u.i.k.p.i.AbstractProblemLoader Creating init config 
97069      DEBUG main            d.u.i.k.p.i.AbstractProblemLoader Init config took 2.35s 
97084      INFO  main            d.u.i.k.p.i.AbstractProblemLoader Replaying proof select_store.key 
97086      DEBUG main            d.u.i.k.p.i.IntermediateProofReplayer Proof replay took 6.5ns 
97187      INFO  main            d.u.i.k.p.r.p.TestFile    ... finished proof: closed. 
97430      INFO  main            d.u.i.k.p.i.AbstractProblemLoader Loading environment from /home/runner/work/key/key/key.core/../key.ui/examples/heap/simple/select_store.key.proof 
97430      DEBUG main            d.u.i.k.p.i.AbstractProblemLoader Environment load took 171.4ns 
97432      INFO  main            d.u.i.k.p.i.AbstractProblemLoader Creating init config 
99663      DEBUG main            d.u.i.k.p.i.AbstractProblemLoader Init config took 2.23s 
99677      INFO  main            d.u.i.k.p.i.AbstractProblemLoader Replaying proof select_store.key.proof 
99681      DEBUG main            d.u.i.k.p.i.IntermediateProofReplayer Proof replay took 2.32ms 
99682      DEBUG main            d.u.i.k.p.r.p.TestFile    ... success: reloaded. 
99683      INFO  main            d.u.i.k.p.r.p.TestFile    Now processing file /home/runner/work/key/key/key.core/../key.ui/examples/heap/simple/selection_sort.key 
99683      INFO  main            d.u.i.k.p.i.AbstractProblemLoader Loading environment from /home/runner/work/key/key/key.core/../key.ui/examples/heap/simple/selection_sort.key 
99683      DEBUG main            d.u.i.k.p.i.AbstractProblemLoader Environment load took 83.1ns 
99684      INFO  main            d.u.i.k.p.i.AbstractProblemLoader Creating init config 
102256     DEBUG main            d.u.i.k.p.i.AbstractProblemLoader Init config took 2.57s 
102272     INFO  main            d.u.i.k.p.i.AbstractProblemLoader Replaying proof selection_sort.key 
102274     DEBUG main            d.u.i.k.p.i.IntermediateProofReplayer Proof replay took 6.6ns 
105998     INFO  main            d.u.i.k.p.r.p.TestFile    ... finished proof: closed. 
106277     INFO  main            d.u.i.k.p.i.AbstractProblemLoader Loading environment from /home/runner/work/key/key/key.core/../key.ui/examples/heap/simple/selection_sort.key.proof 
106277     DEBUG main            d.u.i.k.p.i.AbstractProblemLoader Environment load took 883.91ns 
106279     INFO  main            d.u.i.k.p.i.AbstractProblemLoader Creating init config 
108746     DEBUG main            d.u.i.k.p.i.AbstractProblemLoader Init config took 2.47s 
108761     INFO  main            d.u.i.k.p.i.AbstractProblemLoader Replaying proof selection_sort.key.proof 
109155     DEBUG main            d.u.i.k.p.i.IntermediateProofReplayer Proof replay took 372.77ms 
109156     DEBUG main            d.u.i.k.p.r.p.TestFile    ... success: reloaded. 
109158     INFO  main            d.u.i.k.p.r.p.TestFile    Now processing file /home/runner/work/key/key/key.core/../key.ui/examples/heap/simple/seq.key 
109158     INFO  main            d.u.i.k.p.i.AbstractProblemLoader Loading environment from /home/runner/work/key/key/key.core/../key.ui/examples/heap/simple/seq.key 
109158     DEBUG main            d.u.i.k.p.i.AbstractProblemLoader Environment load took 250.1ns 
109159     INFO  main            d.u.i.k.p.i.AbstractProblemLoader Creating init config 
111469     DEBUG main            d.u.i.k.p.i.AbstractProblemLoader Init config took 2.31s 
111483     INFO  main            d.u.i.k.p.i.AbstractProblemLoader Replaying proof seq.key 
111484     DEBUG main            d.u.i.k.p.i.IntermediateProofReplayer Proof replay took 17.3ns 
111888     INFO  main            d.u.i.k.p.r.p.TestFile    ... finished proof: closed. 
112187     INFO  main            d.u.i.k.p.i.AbstractProblemLoader Loading environment from /home/runner/work/key/key/key.core/../key.ui/examples/heap/simple/seq.key.proof 
112187     DEBUG main            d.u.i.k.p.i.AbstractProblemLoader Environment load took 115.9ns 
112188     INFO  main            d.u.i.k.p.i.AbstractProblemLoader Creating init config 
114406     DEBUG main            d.u.i.k.p.i.AbstractProblemLoader Init config took 2.22s 
114421     INFO  main            d.u.i.k.p.i.AbstractProblemLoader Replaying proof seq.key.proof 
114450     DEBUG main            d.u.i.k.p.i.IntermediateProofReplayer Proof replay took 24.68ms 
114451     DEBUG main            d.u.i.k.p.r.p.TestFile    ... success: reloaded. 
114451     INFO  main            d.u.i.k.p.r.p.TestFile    Now processing file /home/runner/work/key/key/key.core/../key.ui/examples/heap/simple/oldForParams.key 
114452     INFO  main            d.u.i.k.p.i.AbstractProblemLoader Loading environment from /home/runner/work/key/key/key.core/../key.ui/examples/heap/simple/oldForParams.key 
114452     DEBUG main            d.u.i.k.p.i.AbstractProblemLoader Environment load took 95.3ns 
114453     INFO  main            d.u.i.k.p.i.AbstractProblemLoader Creating init config 
116949     DEBUG main            d.u.i.k.p.i.AbstractProblemLoader Init config took 2.5s 
117012     INFO  main            d.u.i.k.p.i.AbstractProblemLoader Replaying proof OldForParameters[OldForParameters::method(int)].JML operation contract.0 
117014     DEBUG main            d.u.i.k.p.i.IntermediateProofReplayer Proof replay took 6.7ns 
117218     INFO  main            d.u.i.k.p.r.p.TestFile    ... finished proof: closed. 
117495     INFO  main            d.u.i.k.p.i.AbstractProblemLoader Loading environment from /home/runner/work/key/key/key.core/../key.ui/examples/heap/simple/oldForParams.key.proof 
117495     DEBUG main            d.u.i.k.p.i.AbstractProblemLoader Environment load took 114.5ns 
117497     INFO  main            d.u.i.k.p.i.AbstractProblemLoader Creating init config 
119942     DEBUG main            d.u.i.k.p.i.AbstractProblemLoader Init config took 2.45s 
119982     INFO  main            d.u.i.k.p.i.AbstractProblemLoader Replaying proof OldForParameters[OldForParameters::method(int)].JML operation contract.0 
120017     DEBUG main            d.u.i.k.p.i.IntermediateProofReplayer Proof replay took 33.1ms 
120018     DEBUG main            d.u.i.k.p.r.p.TestFile    ... success: reloaded. 
120020     INFO  main            d.u.i.k.p.r.p.TestFile    Now processing file /home/runner/work/key/key/key.core/../key.ui/examples/heap/simple/parse_lmtd.key 
120020     INFO  main            d.u.i.k.p.i.AbstractProblemLoader Loading environment from /home/runner/work/key/key/key.core/../key.ui/examples/heap/simple/parse_lmtd.key 
120020     DEBUG main            d.u.i.k.p.i.AbstractProblemLoader Environment load took 99.7ns 
120021     INFO  main            d.u.i.k.p.i.AbstractProblemLoader Creating init config 
122543     DEBUG main            d.u.i.k.p.i.AbstractProblemLoader Init config took 2.52s 
122584     INFO  main            d.u.i.k.p.i.AbstractProblemLoader Replaying proof ParseLmtd[ParseLmtd::simple(int)].JML normal_behavior operation contract.0 
122585     DEBUG main            d.u.i.k.p.i.IntermediateProofReplayer Proof replay took 6.8ns 
122798     INFO  main            d.u.i.k.p.r.p.TestFile    ... finished proof: closed. 
123047     INFO  main            d.u.i.k.p.i.AbstractProblemLoader Loading environment from /home/runner/work/key/key/key.core/../key.ui/examples/heap/simple/parse_lmtd.key.proof 
123047     DEBUG main            d.u.i.k.p.i.AbstractProblemLoader Environment load took 115.4ns 
123048     INFO  main            d.u.i.k.p.i.AbstractProblemLoader Creating init config 
125514     DEBUG main            d.u.i.k.p.i.AbstractProblemLoader Init config took 2.47s 
125553     INFO  main            d.u.i.k.p.i.AbstractProblemLoader Replaying proof ParseLmtd[ParseLmtd::simple(int)].JML normal_behavior operation contract.0 
125572     DEBUG main            d.u.i.k.p.i.IntermediateProofReplayer Proof replay took 17.45ms 
125573     DEBUG main            d.u.i.k.p.r.p.TestFile    ... success: reloaded. 
125574     INFO  main            d.u.i.k.p.r.p.TestFile    Now processing file /home/runner/work/key/key/key.core/../key.ui/examples/heap/strictly_pure/strictlyPureMethod.key 
125574     INFO  main            d.u.i.k.p.i.AbstractProblemLoader Loading environment from /home/runner/work/key/key/key.core/../key.ui/examples/heap/strictly_pure/strictlyPureMethod.key 
125575     DEBUG main            d.u.i.k.p.i.AbstractProblemLoader Environment load took 83.2ns 
125575     INFO  main            d.u.i.k.p.i.AbstractProblemLoader Creating init config 
127976     DEBUG main            d.u.i.k.p.i.AbstractProblemLoader Init config took 2.4s 
128023     INFO  main            d.u.i.k.p.i.AbstractProblemLoader Replaying proof StrictlyPure[StrictlyPure::strictlyPureMethod()].JML operation contract.0 
128030     DEBUG main            d.u.i.k.p.i.IntermediateProofReplayer Proof replay took 6.8ns 
128232     INFO  main            d.u.i.k.p.r.p.TestFile    ... finished proof: closed. 
128526     INFO  main            d.u.i.k.p.i.AbstractProblemLoader Loading environment from /home/runner/work/key/key/key.core/../key.ui/examples/heap/strictly_pure/strictlyPureMethod.key.proof 
128526     DEBUG main            d.u.i.k.p.i.AbstractProblemLoader Environment load took 117.1ns 
128527     INFO  main            d.u.i.k.p.i.AbstractProblemLoader Creating init config 
130832     DEBUG main            d.u.i.k.p.i.AbstractProblemLoader Init config took 2.3s 
130874     INFO  main            d.u.i.k.p.i.AbstractProblemLoader Replaying proof StrictlyPure[StrictlyPure::strictlyPureMethod()].JML operation contract.0 
130906     DEBUG main            d.u.i.k.p.i.IntermediateProofReplayer Proof replay took 29.85ms 
130907     DEBUG main            d.u.i.k.p.r.p.TestFile    ... success: reloaded. 
130908     INFO  main            d.u.i.k.p.r.p.TestFile    Now processing file /home/runner/work/key/key/key.core/../key.ui/examples/heap/strictly_pure/useStrictlyPureMethod.key 
130908     INFO  main            d.u.i.k.p.i.AbstractProblemLoader Loading environment from /home/runner/work/key/key/key.core/../key.ui/examples/heap/strictly_pure/useStrictlyPureMethod.key 
130909     DEBUG main            d.u.i.k.p.i.AbstractProblemLoader Environment load took 228.2ns 
130910     INFO  main            d.u.i.k.p.i.AbstractProblemLoader Creating init config 
133256     DEBUG main            d.u.i.k.p.i.AbstractProblemLoader Init config took 2.35s 
133291     INFO  main            d.u.i.k.p.i.AbstractProblemLoader Replaying proof StrictlyPure[StrictlyPure::useStrictlyPureMethod(StrictlyPureClass)].JML operation contract.0 
133293     DEBUG main            d.u.i.k.p.i.IntermediateProofReplayer Proof replay took 6.5ns 
133498     INFO  main            d.u.i.k.p.r.p.TestFile    ... finished proof: closed. 
133750     INFO  main            d.u.i.k.p.i.AbstractProblemLoader Loading environment from /home/runner/work/key/key/key.core/../key.ui/examples/heap/strictly_pure/useStrictlyPureMethod.key.proof 
133751     DEBUG main            d.u.i.k.p.i.AbstractProblemLoader Environment load took 111.7ns 
133751     INFO  main            d.u.i.k.p.i.AbstractProblemLoader Creating init config 
136048     DEBUG main            d.u.i.k.p.i.AbstractProblemLoader Init config took 2.3s 
136083     INFO  main            d.u.i.k.p.i.AbstractProblemLoader Replaying proof StrictlyPure[StrictlyPure::useStrictlyPureMethod(StrictlyPureClass)].JML operation contract.0 
136126     DEBUG main            d.u.i.k.p.i.IntermediateProofReplayer Proof replay took 40.61ms 
136127     DEBUG main            d.u.i.k.p.r.p.TestFile    ... success: reloaded. 
136128     INFO  main            d.u.i.k.p.r.p.TestFile    Now processing file /home/runner/work/key/key/key.core/../key.ui/examples/heap/Wellfounded/ackermann.key 
136128     INFO  main            d.u.i.k.p.i.AbstractProblemLoader Loading environment from /home/runner/work/key/key/key.core/../key.ui/examples/heap/Wellfounded/ackermann.key 
136128     DEBUG main            d.u.i.k.p.i.AbstractProblemLoader Environment load took 96.9ns 
136129     INFO  main            d.u.i.k.p.i.AbstractProblemLoader Creating init config 
138529     DEBUG main            d.u.i.k.p.i.AbstractProblemLoader Init config took 2.4s 
138564     INFO  main            d.u.i.k.p.i.AbstractProblemLoader Replaying proof Ackermann[Ackermann::a(int,int)].JML normal_behavior operation contract.0 
138566     DEBUG main            d.u.i.k.p.i.IntermediateProofReplayer Proof replay took 6.6ns 
138869     INFO  main            d.u.i.k.p.r.p.TestFile    ... finished proof: closed. 
139161     INFO  main            d.u.i.k.p.i.AbstractProblemLoader Loading environment from /home/runner/work/key/key/key.core/../key.ui/examples/heap/Wellfounded/ackermann.key.proof 
139161     DEBUG main            d.u.i.k.p.i.AbstractProblemLoader Environment load took 110.7ns 
139162     INFO  main            d.u.i.k.p.i.AbstractProblemLoader Creating init config 
141492     DEBUG main            d.u.i.k.p.i.AbstractProblemLoader Init config took 2.33s 
141526     INFO  main            d.u.i.k.p.i.AbstractProblemLoader Replaying proof Ackermann[Ackermann::a(int,int)].JML normal_behavior operation contract.0 
141574     DEBUG main            d.u.i.k.p.i.IntermediateProofReplayer Proof replay took 45.27ms 
141575     DEBUG main            d.u.i.k.p.r.p.TestFile    ... success: reloaded. 
141576     INFO  main            d.u.i.k.p.r.p.TestFile    Now processing file /home/runner/work/key/key/key.core/../key.ui/examples/standard_key/unicode_test.key 
141576     INFO  main            d.u.i.k.p.i.AbstractProblemLoader Loading environment from /home/runner/work/key/key/key.core/../key.ui/examples/standard_key/unicode_test.key 
141577     DEBUG main            d.u.i.k.p.i.AbstractProblemLoader Environment load took 95.3ns 
141578     INFO  main            d.u.i.k.p.i.AbstractProblemLoader Creating init config 
143848     DEBUG main            d.u.i.k.p.i.AbstractProblemLoader Init config took 2.27s 
143861     INFO  main            d.u.i.k.p.i.AbstractProblemLoader Replaying proof unicode_test.key 
143862     DEBUG main            d.u.i.k.p.i.IntermediateProofReplayer Proof replay took 7.3ns 
143970     INFO  main            d.u.i.k.p.r.p.TestFile    ... finished proof: closed. 
144234     INFO  main            d.u.i.k.p.i.AbstractProblemLoader Loading environment from /home/runner/work/key/key/key.core/../key.ui/examples/standard_key/unicode_test.key.proof 
144235     DEBUG main            d.u.i.k.p.i.AbstractProblemLoader Environment load took 110.1ns 
144235     INFO  main            d.u.i.k.p.i.AbstractProblemLoader Creating init config 
146453     DEBUG main            d.u.i.k.p.i.AbstractProblemLoader Init config took 2.22s 
146469     INFO  main            d.u.i.k.p.i.AbstractProblemLoader Replaying proof unicode_test.key.proof 
146471     DEBUG main            d.u.i.k.p.i.IntermediateProofReplayer Proof replay took 333.2ns 
146472     DEBUG main            d.u.i.k.p.r.p.TestFile    ... success: reloaded. 
146473     INFO  main            d.u.i.k.p.r.p.TestFile    Now processing file /home/runner/work/key/key/key.core/../key.ui/examples/heap/strictlyModular/mayExpand.key 
146474     INFO  main            d.u.i.k.p.i.AbstractProblemLoader Loading environment from /home/runner/work/key/key/key.core/../key.ui/examples/heap/strictlyModular/mayExpand.key 
146476     DEBUG main            d.u.i.k.p.i.AbstractProblemLoader Environment load took 1.76ms 
146477     INFO  main            d.u.i.k.p.i.AbstractProblemLoader Creating init config 
148800     DEBUG main            d.u.i.k.p.i.AbstractProblemLoader Init config took 2.32s 
148834     INFO  main            d.u.i.k.p.i.AbstractProblemLoader Replaying proof Modular[Modular::m()].JML operation contract.0 
148836     DEBUG main            d.u.i.k.p.i.IntermediateProofReplayer Proof replay took 5.9ns 
148942     INFO  main            d.u.i.k.p.r.p.TestFile    ... finished proof: closed. 
149213     INFO  main            d.u.i.k.p.i.AbstractProblemLoader Loading environment from /home/runner/work/key/key/key.core/../key.ui/examples/heap/strictlyModular/mayExpand.key.proof 
149213     DEBUG main            d.u.i.k.p.i.AbstractProblemLoader Environment load took 104.2ns 
149214     INFO  main            d.u.i.k.p.i.AbstractProblemLoader Creating init config 
151493     DEBUG main            d.u.i.k.p.i.AbstractProblemLoader Init config took 2.28s 
151528     INFO  main            d.u.i.k.p.i.AbstractProblemLoader Replaying proof Modular[Modular::m()].JML operation contract.0 
151541     DEBUG main            d.u.i.k.p.i.IntermediateProofReplayer Proof replay took 11.24ms 
151542     DEBUG main            d.u.i.k.p.r.p.TestFile    ... success: reloaded. 
151543     INFO  main            d.u.i.k.p.r.p.TestFile    Now processing file /home/runner/work/key/key/key.core/../key.ui/examples/heap/strictlyModular/modularOnly.key 
151543     INFO  main            d.u.i.k.p.i.AbstractProblemLoader Loading environment from /home/runner/work/key/key/key.core/../key.ui/examples/heap/strictlyModular/modularOnly.key 
151543     DEBUG main            d.u.i.k.p.i.AbstractProblemLoader Environment load took 86.3ns 
151544     INFO  main            d.u.i.k.p.i.AbstractProblemLoader Creating init config 
153905     DEBUG main            d.u.i.k.p.i.AbstractProblemLoader Init config took 2.36s 
153939     INFO  main            d.u.i.k.p.i.AbstractProblemLoader Replaying proof Modular[Modular::m()].JML operation contract.0 
153940     DEBUG main            d.u.i.k.p.i.IntermediateProofReplayer Proof replay took 6.5ns 
154043     INFO  main            d.u.i.k.p.r.p.TestFile    ... finished proof: open goal(s) 
1874475    INFO  Test worker     d.u.i.k.p.r.RunAllProofsTestUnit Returning from test simpleTests 
1874476    INFO  Test worker     d.u.i.k.p.r.RunAllProofsTestUnit Running test SmansEtAl 
342        INFO  Timeout watchdog d.u.i.k.p.r.p.ForkedTestFileRunner Timeout watcher launched (2000 secs.) 
347        WARN  main            d.u.i.k.s.ProofSettings   The settings in /home/runner/.key/proof-settings.props are *not* read. 
377        INFO  main            d.u.i.k.p.r.p.TestFile    Now processing file /home/runner/work/key/key/key.core/../key.ui/examples/heap/SmansEtAl/ArrayList_add.key 
490        INFO  main            d.u.i.k.p.i.AbstractProblemLoader Loading environment from /home/runner/work/key/key/key.core/../key.ui/examples/heap/SmansEtAl/ArrayList_add.key 
506        DEBUG main            d.u.i.k.p.i.AbstractProblemLoader Environment load took 1.86ms 
715        INFO  main            d.u.i.k.p.i.AbstractProblemLoader Creating init config 
1617       DEBUG main            d.u.i.k.j.TypeConverter   No LDT found for Meta 
1617       DEBUG main            d.u.i.k.j.TypeConverter   No LDT found for Meta 
1618       DEBUG main            d.u.i.k.j.TypeConverter   No LDT found for Meta 
1623       DEBUG main            d.u.i.k.j.TypeConverter   No LDT found for Meta 
2891       DEBUG main            d.u.i.k.j.TypeConverter   No LDT found for JavaBigintExpression 
7956       DEBUG main            d.u.i.k.p.i.AbstractProblemLoader Init config took 7.24s 
8121       INFO  main            d.u.i.k.p.i.AbstractProblemLoader Replaying proof ArrayList[ArrayList::add(java.lang.Object)].JML normal_behavior operation contract.0 
8158       DEBUG main            d.u.i.k.p.i.IntermediateProofReplayer Proof replay took 33.2ns 
15932      INFO  main            d.u.i.k.p.r.p.TestFile    ... finished proof: closed. 
16120      INFO  main            d.u.i.k.p.i.AbstractProblemLoader Loading environment from /home/runner/work/key/key/key.core/../key.ui/examples/heap/SmansEtAl/ArrayList_add.key.proof 
16123      DEBUG main            d.u.i.k.p.i.AbstractProblemLoader Environment load took 3.32ms 
16126      INFO  main            d.u.i.k.p.i.AbstractProblemLoader Creating init config 
19108      DEBUG main            d.u.i.k.p.i.AbstractProblemLoader Init config took 2.98s 
19169      INFO  main            d.u.i.k.p.i.AbstractProblemLoader Replaying proof ArrayList[ArrayList::add(java.lang.Object)].JML normal_behavior operation contract.0 
19900      DEBUG main            d.u.i.k.p.i.IntermediateProofReplayer Proof replay took 694.1ms 
19909      DEBUG main            d.u.i.k.p.r.p.TestFile    ... success: reloaded. 
19911      INFO  main            d.u.i.k.p.r.p.TestFile    Now processing file /home/runner/work/key/key/key.core/../key.ui/examples/heap/SmansEtAl/ArrayList_ArrayList.key 
19911      INFO  main            d.u.i.k.p.i.AbstractProblemLoader Loading environment from /home/runner/work/key/key/key.core/../key.ui/examples/heap/SmansEtAl/ArrayList_ArrayList.key 
19912      DEBUG main            d.u.i.k.p.i.AbstractProblemLoader Environment load took 233ns 
19913      INFO  main            d.u.i.k.p.i.AbstractProblemLoader Creating init config 
22873      DEBUG main            d.u.i.k.p.i.AbstractProblemLoader Init config took 2.96s 
22928      INFO  main            d.u.i.k.p.i.AbstractProblemLoader Replaying proof ArrayList[ArrayList::ArrayList()].JML normal_behavior operation contract.0 
22931      DEBUG main            d.u.i.k.p.i.IntermediateProofReplayer Proof replay took 5.7ns 
23937      INFO  main            d.u.i.k.p.r.p.TestFile    ... finished proof: closed. 
24118      INFO  main            d.u.i.k.p.i.AbstractProblemLoader Loading environment from /home/runner/work/key/key/key.core/../key.ui/examples/heap/SmansEtAl/ArrayList_ArrayList.key.proof 
24120      DEBUG main            d.u.i.k.p.i.AbstractProblemLoader Environment load took 1.95ms 
24123      INFO  main            d.u.i.k.p.i.AbstractProblemLoader Creating init config 
26909      DEBUG main            d.u.i.k.p.i.AbstractProblemLoader Init config took 2.79s 
26962      INFO  main            d.u.i.k.p.i.AbstractProblemLoader Replaying proof ArrayList[ArrayList::ArrayList()].JML normal_behavior operation contract.0 
27086      DEBUG main            d.u.i.k.p.i.IntermediateProofReplayer Proof replay took 115.39ms 
27088      DEBUG main            d.u.i.k.p.r.p.TestFile    ... success: reloaded. 
27089      INFO  main            d.u.i.k.p.r.p.TestFile    Now processing file /home/runner/work/key/key/key.core/../key.ui/examples/heap/SmansEtAl/ArrayList_footprint.key 
27089      INFO  main            d.u.i.k.p.i.AbstractProblemLoader Loading environment from /home/runner/work/key/key/key.core/../key.ui/examples/heap/SmansEtAl/ArrayList_footprint.key 
27090      DEBUG main            d.u.i.k.p.i.AbstractProblemLoader Environment load took 226.3ns 
27091      INFO  main            d.u.i.k.p.i.AbstractProblemLoader Creating init config 
29886      DEBUG main            d.u.i.k.p.i.AbstractProblemLoader Init config took 2.8s 
29934      INFO  main            d.u.i.k.p.i.AbstractProblemLoader Replaying proof ArrayList[ArrayList::$footprint()].JML accessible clause.0 
29936      DEBUG main            d.u.i.k.p.i.IntermediateProofReplayer Proof replay took 5.9ns 
30038      INFO  main            d.u.i.k.p.r.p.TestFile    ... finished proof: closed. 
30190      INFO  main            d.u.i.k.p.i.AbstractProblemLoader Loading environment from /home/runner/work/key/key/key.core/../key.ui/examples/heap/SmansEtAl/ArrayList_footprint.key.proof 
30191      DEBUG main            d.u.i.k.p.i.AbstractProblemLoader Environment load took 150.1ns 
30192      INFO  main            d.u.i.k.p.i.AbstractProblemLoader Creating init config 
32933      DEBUG main            d.u.i.k.p.i.AbstractProblemLoader Init config took 2.74s 
32979      INFO  main            d.u.i.k.p.i.AbstractProblemLoader Replaying proof ArrayList[ArrayList::$footprint()].JML accessible clause.0 
32990      DEBUG main            d.u.i.k.p.i.IntermediateProofReplayer Proof replay took 8.39ms 
32991      DEBUG main            d.u.i.k.p.r.p.TestFile    ... success: reloaded. 
32992      INFO  main            d.u.i.k.p.r.p.TestFile    Now processing file /home/runner/work/key/key/key.core/../key.ui/examples/heap/SmansEtAl/ArrayList_get_dep.key 
32992      INFO  main            d.u.i.k.p.i.AbstractProblemLoader Loading environment from /home/runner/work/key/key/key.core/../key.ui/examples/heap/SmansEtAl/ArrayList_get_dep.key 
32993      DEBUG main            d.u.i.k.p.i.AbstractProblemLoader Environment load took 135.5ns 
32993      INFO  main            d.u.i.k.p.i.AbstractProblemLoader Creating init config 
35749      DEBUG main            d.u.i.k.p.i.AbstractProblemLoader Init config took 2.76s 
35794      INFO  main            d.u.i.k.p.i.AbstractProblemLoader Replaying proof ArrayList[ArrayList::get(int)].JML accessible clause.0 
35796      DEBUG main            d.u.i.k.p.i.IntermediateProofReplayer Proof replay took 5.8ns 
36099      INFO  main            d.u.i.k.p.r.p.TestFile    ... finished proof: closed. 
36243      INFO  main            d.u.i.k.p.i.AbstractProblemLoader Loading environment from /home/runner/work/key/key/key.core/../key.ui/examples/heap/SmansEtAl/ArrayList_get_dep.key.proof 
36243      DEBUG main            d.u.i.k.p.i.AbstractProblemLoader Environment load took 130.9ns 
36244      INFO  main            d.u.i.k.p.i.AbstractProblemLoader Creating init config 
38959      DEBUG main            d.u.i.k.p.i.AbstractProblemLoader Init config took 2.71s 
39018      INFO  main            d.u.i.k.p.i.AbstractProblemLoader Replaying proof ArrayList[ArrayList::get(int)].JML accessible clause.0 
39078      DEBUG main            d.u.i.k.p.i.IntermediateProofReplayer Proof replay took 52.47ms 
39079      DEBUG main            d.u.i.k.p.r.p.TestFile    ... success: reloaded. 
39080      INFO  main            d.u.i.k.p.r.p.TestFile    Now processing file /home/runner/work/key/key/key.core/../key.ui/examples/heap/SmansEtAl/ArrayList_get.key 
39080      INFO  main            d.u.i.k.p.i.AbstractProblemLoader Loading environment from /home/runner/work/key/key/key.core/../key.ui/examples/heap/SmansEtAl/ArrayList_get.key 
39081      DEBUG main            d.u.i.k.p.i.AbstractProblemLoader Environment load took 102.1ns 
39081      INFO  main            d.u.i.k.p.i.AbstractProblemLoader Creating init config 
41819      DEBUG main            d.u.i.k.p.i.AbstractProblemLoader Init config took 2.74s 
41864      INFO  main            d.u.i.k.p.i.AbstractProblemLoader Replaying proof ArrayList[ArrayList::get(int)].JML normal_behavior operation contract.0 
41866      DEBUG main            d.u.i.k.p.i.IntermediateProofReplayer Proof replay took 6.2ns 
42068      INFO  main            d.u.i.k.p.r.p.TestFile    ... finished proof: closed. 
42235      INFO  main            d.u.i.k.p.i.AbstractProblemLoader Loading environment from /home/runner/work/key/key/key.core/../key.ui/examples/heap/SmansEtAl/ArrayList_get.key.proof 
42235      DEBUG main            d.u.i.k.p.i.AbstractProblemLoader Environment load took 159.7ns 
42236      INFO  main            d.u.i.k.p.i.AbstractProblemLoader Creating init config 
44910      DEBUG main            d.u.i.k.p.i.AbstractProblemLoader Init config took 2.67s 
44954      INFO  main            d.u.i.k.p.i.AbstractProblemLoader Replaying proof ArrayList[ArrayList::get(int)].JML normal_behavior operation contract.0 
44981      DEBUG main            d.u.i.k.p.i.IntermediateProofReplayer Proof replay took 24.3ms 
44982      DEBUG main            d.u.i.k.p.r.p.TestFile    ... success: reloaded. 
44983      INFO  main            d.u.i.k.p.r.p.TestFile    Now processing file /home/runner/work/key/key/key.core/../key.ui/examples/heap/SmansEtAl/ArrayList_inv.key 
44983      INFO  main            d.u.i.k.p.i.AbstractProblemLoader Loading environment from /home/runner/work/key/key/key.core/../key.ui/examples/heap/SmansEtAl/ArrayList_inv.key 
44983      DEBUG main            d.u.i.k.p.i.AbstractProblemLoader Environment load took 111ns 
44984      INFO  main            d.u.i.k.p.i.AbstractProblemLoader Creating init config 
47703      DEBUG main            d.u.i.k.p.i.AbstractProblemLoader Init config took 2.72s 
47746      INFO  main            d.u.i.k.p.i.AbstractProblemLoader Replaying proof ArrayList[java.lang.Object::<inv>()].JML accessible clause.0 
47748      DEBUG main            d.u.i.k.p.i.IntermediateProofReplayer Proof replay took 6.4ns 
47852      INFO  main            d.u.i.k.p.r.p.TestFile    ... finished proof: closed. 
48004      INFO  main            d.u.i.k.p.i.AbstractProblemLoader Loading environment from /home/runner/work/key/key/key.core/../key.ui/examples/heap/SmansEtAl/ArrayList_inv.key.proof 
48004      DEBUG main            d.u.i.k.p.i.AbstractProblemLoader Environment load took 129.9ns 
48005      INFO  main            d.u.i.k.p.i.AbstractProblemLoader Creating init config 
50657      DEBUG main            d.u.i.k.p.i.AbstractProblemLoader Init config took 2.65s 
50699      INFO  main            d.u.i.k.p.i.AbstractProblemLoader Replaying proof ArrayList[java.lang.Object::<inv>()].JML accessible clause.0 
50709      DEBUG main            d.u.i.k.p.i.IntermediateProofReplayer Proof replay took 8.13ms 
50711      DEBUG main            d.u.i.k.p.r.p.TestFile    ... success: reloaded. 
50712      INFO  main            d.u.i.k.p.r.p.TestFile    Now processing file /home/runner/work/key/key/key.core/../key.ui/examples/heap/SmansEtAl/ArrayList_size_dep.key 
50712      INFO  main            d.u.i.k.p.i.AbstractProblemLoader Loading environment from /home/runner/work/key/key/key.core/../key.ui/examples/heap/SmansEtAl/ArrayList_size_dep.key 
50713      DEBUG main            d.u.i.k.p.i.AbstractProblemLoader Environment load took 224.8ns 
50714      INFO  main            d.u.i.k.p.i.AbstractProblemLoader Creating init config 
53392      DEBUG main            d.u.i.k.p.i.AbstractProblemLoader Init config took 2.68s 
53435      INFO  main            d.u.i.k.p.i.AbstractProblemLoader Replaying proof ArrayList[ArrayList::size()].JML accessible clause.0 
53436      DEBUG main            d.u.i.k.p.i.IntermediateProofReplayer Proof replay took 6.3ns 
53538      INFO  main            d.u.i.k.p.r.p.TestFile    ... finished proof: closed. 
53710      INFO  main            d.u.i.k.p.i.AbstractProblemLoader Loading environment from /home/runner/work/key/key/key.core/../key.ui/examples/heap/SmansEtAl/ArrayList_size_dep.key.proof 
53710      DEBUG main            d.u.i.k.p.i.AbstractProblemLoader Environment load took 128.4ns 
53711      INFO  main            d.u.i.k.p.i.AbstractProblemLoader Creating init config 
56338      DEBUG main            d.u.i.k.p.i.AbstractProblemLoader Init config took 2.63s 
56380      INFO  main            d.u.i.k.p.i.AbstractProblemLoader Replaying proof ArrayList[ArrayList::size()].JML accessible clause.0 
56395      DEBUG main            d.u.i.k.p.i.IntermediateProofReplayer Proof replay took 12.66ms 
56396      DEBUG main            d.u.i.k.p.r.p.TestFile    ... success: reloaded. 
56398      INFO  main            d.u.i.k.p.r.p.TestFile    Now processing file /home/runner/work/key/key/key.core/../key.ui/examples/heap/SmansEtAl/ArrayList_size.key 
56398      INFO  main            d.u.i.k.p.i.AbstractProblemLoader Loading environment from /home/runner/work/key/key/key.core/../key.ui/examples/heap/SmansEtAl/ArrayList_size.key 
56398      DEBUG main            d.u.i.k.p.i.AbstractProblemLoader Environment load took 224.7ns 
56399      INFO  main            d.u.i.k.p.i.AbstractProblemLoader Creating init config 
59117      DEBUG main            d.u.i.k.p.i.AbstractProblemLoader Init config took 2.72s 
59158      INFO  main            d.u.i.k.p.i.AbstractProblemLoader Replaying proof ArrayList[ArrayList::size()].JML normal_behavior operation contract.0 
59159      DEBUG main            d.u.i.k.p.i.IntermediateProofReplayer Proof replay took 5.9ns 
59264      INFO  main            d.u.i.k.p.r.p.TestFile    ... finished proof: closed. 
59440      INFO  main            d.u.i.k.p.i.AbstractProblemLoader Loading environment from /home/runner/work/key/key/key.core/../key.ui/examples/heap/SmansEtAl/ArrayList_size.key.proof 
59440      DEBUG main            d.u.i.k.p.i.AbstractProblemLoader Environment load took 125.7ns 
59441      INFO  main            d.u.i.k.p.i.AbstractProblemLoader Creating init config 
62091      DEBUG main            d.u.i.k.p.i.AbstractProblemLoader Init config took 2.65s 
62131      INFO  main            d.u.i.k.p.i.AbstractProblemLoader Replaying proof ArrayList[ArrayList::size()].JML normal_behavior operation contract.0 
62144      DEBUG main            d.u.i.k.p.i.IntermediateProofReplayer Proof replay took 11.71ms 
62146      DEBUG main            d.u.i.k.p.r.p.TestFile    ... success: reloaded. 
62147      INFO  main            d.u.i.k.p.r.p.TestFile    Now processing file /home/runner/work/key/key/key.core/../key.ui/examples/heap/SmansEtAl/Cell_Cell.key 
62147      INFO  main            d.u.i.k.p.i.AbstractProblemLoader Loading environment from /home/runner/work/key/key/key.core/../key.ui/examples/heap/SmansEtAl/Cell_Cell.key 
62148      DEBUG main            d.u.i.k.p.i.AbstractProblemLoader Environment load took 214.5ns 
62149      INFO  main            d.u.i.k.p.i.AbstractProblemLoader Creating init config 
64819      DEBUG main            d.u.i.k.p.i.AbstractProblemLoader Init config took 2.67s 
64855      INFO  main            d.u.i.k.p.i.AbstractProblemLoader Replaying proof Cell[Cell::Cell()].JML normal_behavior operation contract.0 
64857      DEBUG main            d.u.i.k.p.i.IntermediateProofReplayer Proof replay took 6.5ns 
65060      INFO  main            d.u.i.k.p.r.p.TestFile    ... finished proof: closed. 
65273      INFO  main            d.u.i.k.p.i.AbstractProblemLoader Loading environment from /home/runner/work/key/key/key.core/../key.ui/examples/heap/SmansEtAl/Cell_Cell.key.proof 
65273      DEBUG main            d.u.i.k.p.i.AbstractProblemLoader Environment load took 127.9ns 
65274      INFO  main            d.u.i.k.p.i.AbstractProblemLoader Creating init config 
67890      DEBUG main            d.u.i.k.p.i.AbstractProblemLoader Init config took 2.62s 
67928      INFO  main            d.u.i.k.p.i.AbstractProblemLoader Replaying proof Cell[Cell::Cell()].JML normal_behavior operation contract.0 
67969      DEBUG main            d.u.i.k.p.i.IntermediateProofReplayer Proof replay took 35.86ms 
67971      DEBUG main            d.u.i.k.p.r.p.TestFile    ... success: reloaded. 
67972      INFO  main            d.u.i.k.p.r.p.TestFile    Now processing file /home/runner/work/key/key/key.core/../key.ui/examples/heap/SmansEtAl/Cell_footprint.key 
67973      INFO  main            d.u.i.k.p.i.AbstractProblemLoader Loading environment from /home/runner/work/key/key/key.core/../key.ui/examples/heap/SmansEtAl/Cell_footprint.key 
67973      DEBUG main            d.u.i.k.p.i.AbstractProblemLoader Environment load took 223.2ns 
67974      INFO  main            d.u.i.k.p.i.AbstractProblemLoader Creating init config 
70632      DEBUG main            d.u.i.k.p.i.AbstractProblemLoader Init config took 2.66s 
70668      INFO  main            d.u.i.k.p.i.AbstractProblemLoader Replaying proof Cell[Cell::$footprint()].JML accessible clause.0 
70669      DEBUG main            d.u.i.k.p.i.IntermediateProofReplayer Proof replay took 5.4ns 
70771      INFO  main            d.u.i.k.p.r.p.TestFile    ... finished proof: closed. 
70958      INFO  main            d.u.i.k.p.i.AbstractProblemLoader Loading environment from /home/runner/work/key/key/key.core/../key.ui/examples/heap/SmansEtAl/Cell_footprint.key.proof 
70958      DEBUG main            d.u.i.k.p.i.AbstractProblemLoader Environment load took 120.4ns 
70959      INFO  main            d.u.i.k.p.i.AbstractProblemLoader Creating init config 
73585      DEBUG main            d.u.i.k.p.i.AbstractProblemLoader Init config took 2.63s 
73620      INFO  main            d.u.i.k.p.i.AbstractProblemLoader Replaying proof Cell[Cell::$footprint()].JML accessible clause.0 
73625      DEBUG main            d.u.i.k.p.i.IntermediateProofReplayer Proof replay took 3.24ms 
73626      DEBUG main            d.u.i.k.p.r.p.TestFile    ... success: reloaded. 
73627      INFO  main            d.u.i.k.p.r.p.TestFile    Now processing file /home/runner/work/key/key/key.core/../key.ui/examples/heap/SmansEtAl/Cell_getX_dep.key 
73627      INFO  main            d.u.i.k.p.i.AbstractProblemLoader Loading environment from /home/runner/work/key/key/key.core/../key.ui/examples/heap/SmansEtAl/Cell_getX_dep.key 
73627      DEBUG main            d.u.i.k.p.i.AbstractProblemLoader Environment load took 96.3ns 
73628      INFO  main            d.u.i.k.p.i.AbstractProblemLoader Creating init config 
76296      DEBUG main            d.u.i.k.p.i.AbstractProblemLoader Init config took 2.67s 
76331      INFO  main            d.u.i.k.p.i.AbstractProblemLoader Replaying proof Cell[Cell::getX()].JML accessible clause.0 
76333      DEBUG main            d.u.i.k.p.i.IntermediateProofReplayer Proof replay took 6.6ns 
76436      INFO  main            d.u.i.k.p.r.p.TestFile    ... finished proof: closed. 
76656      INFO  main            d.u.i.k.p.i.AbstractProblemLoader Loading environment from /home/runner/work/key/key/key.core/../key.ui/examples/heap/SmansEtAl/Cell_getX_dep.key.proof 
76656      DEBUG main            d.u.i.k.p.i.AbstractProblemLoader Environment load took 129ns 
76657      INFO  main            d.u.i.k.p.i.AbstractProblemLoader Creating init config 
79266      DEBUG main            d.u.i.k.p.i.AbstractProblemLoader Init config took 2.61s 
79303      INFO  main            d.u.i.k.p.i.AbstractProblemLoader Replaying proof Cell[Cell::getX()].JML accessible clause.0 
79316      DEBUG main            d.u.i.k.p.i.IntermediateProofReplayer Proof replay took 10.89ms 
79317      DEBUG main            d.u.i.k.p.r.p.TestFile    ... success: reloaded. 
79319      INFO  main            d.u.i.k.p.r.p.TestFile    Now processing file /home/runner/work/key/key/key.core/../key.ui/examples/heap/SmansEtAl/Cell_getX.key 
79319      INFO  main            d.u.i.k.p.i.AbstractProblemLoader Loading environment from /home/runner/work/key/key/key.core/../key.ui/examples/heap/SmansEtAl/Cell_getX.key 
79320      DEBUG main            d.u.i.k.p.i.AbstractProblemLoader Environment load took 224.5ns 
79321      INFO  main            d.u.i.k.p.i.AbstractProblemLoader Creating init config 
82006      DEBUG main            d.u.i.k.p.i.AbstractProblemLoader Init config took 2.69s 
82042      INFO  main            d.u.i.k.p.i.AbstractProblemLoader Replaying proof Cell[Cell::getX()].JML normal_behavior operation contract.0 
82043      DEBUG main            d.u.i.k.p.i.IntermediateProofReplayer Proof replay took 6ns 
82145      INFO  main            d.u.i.k.p.r.p.TestFile    ... finished proof: closed. 
82349      INFO  main            d.u.i.k.p.i.AbstractProblemLoader Loading environment from /home/runner/work/key/key/key.core/../key.ui/examples/heap/SmansEtAl/Cell_getX.key.proof 
82350      DEBUG main            d.u.i.k.p.i.AbstractProblemLoader Environment load took 134.9ns 
82351      INFO  main            d.u.i.k.p.i.AbstractProblemLoader Creating init config 
84950      DEBUG main            d.u.i.k.p.i.AbstractProblemLoader Init config took 2.6s 
84986      INFO  main            d.u.i.k.p.i.AbstractProblemLoader Replaying proof Cell[Cell::getX()].JML normal_behavior operation contract.0 
84998      DEBUG main            d.u.i.k.p.i.IntermediateProofReplayer Proof replay took 10.55ms 
84999      DEBUG main            d.u.i.k.p.r.p.TestFile    ... success: reloaded. 
85000      INFO  main            d.u.i.k.p.r.p.TestFile    Now processing file /home/runner/work/key/key/key.core/../key.ui/examples/heap/SmansEtAl/Cell_inv.key 
85000      INFO  main            d.u.i.k.p.i.AbstractProblemLoader Loading environment from /home/runner/work/key/key/key.core/../key.ui/examples/heap/SmansEtAl/Cell_inv.key 
85000      DEBUG main            d.u.i.k.p.i.AbstractProblemLoader Environment load took 96.1ns 
85001      INFO  main            d.u.i.k.p.i.AbstractProblemLoader Creating init config 
87597      DEBUG main            d.u.i.k.p.i.AbstractProblemLoader Init config took 2.6s 
87632      INFO  main            d.u.i.k.p.i.AbstractProblemLoader Replaying proof Cell[java.lang.Object::<inv>()].JML accessible clause.0 
87633      DEBUG main            d.u.i.k.p.i.IntermediateProofReplayer Proof replay took 6.4ns 
87736      INFO  main            d.u.i.k.p.r.p.TestFile    ... finished proof: closed. 
87944      INFO  main            d.u.i.k.p.i.AbstractProblemLoader Loading environment from /home/runner/work/key/key/key.core/../key.ui/examples/heap/SmansEtAl/Cell_inv.key.proof 
87944      DEBUG main            d.u.i.k.p.i.AbstractProblemLoader Environment load took 120.1ns 
87945      INFO  main            d.u.i.k.p.i.AbstractProblemLoader Creating init config 
90505      DEBUG main            d.u.i.k.p.i.AbstractProblemLoader Init config took 2.56s 
90540      INFO  main            d.u.i.k.p.i.AbstractProblemLoader Replaying proof Cell[java.lang.Object::<inv>()].JML accessible clause.0 
90543      DEBUG main            d.u.i.k.p.i.IntermediateProofReplayer Proof replay took 1.53ms 
90544      DEBUG main            d.u.i.k.p.r.p.TestFile    ... success: reloaded. 
90545      INFO  main            d.u.i.k.p.r.p.TestFile    Now processing file /home/runner/work/key/key/key.core/../key.ui/examples/heap/SmansEtAl/Cell_setX.key 
90545      INFO  main            d.u.i.k.p.i.AbstractProblemLoader Loading environment from /home/runner/work/key/key/key.core/../key.ui/examples/heap/SmansEtAl/Cell_setX.key 
90545      DEBUG main            d.u.i.k.p.i.AbstractProblemLoader Environment load took 100.9ns 
90546      INFO  main            d.u.i.k.p.i.AbstractProblemLoader Creating init config 
93214      DEBUG main            d.u.i.k.p.i.AbstractProblemLoader Init config took 2.67s 
93250      INFO  main            d.u.i.k.p.i.AbstractProblemLoader Replaying proof Cell[Cell::setX(int)].JML normal_behavior operation contract.0 
93251      DEBUG main            d.u.i.k.p.i.IntermediateProofReplayer Proof replay took 7ns 
93353      INFO  main            d.u.i.k.p.r.p.TestFile    ... finished proof: closed. 
93572      INFO  main            d.u.i.k.p.i.AbstractProblemLoader Loading environment from /home/runner/work/key/key/key.core/../key.ui/examples/heap/SmansEtAl/Cell_setX.key.proof 
93572      DEBUG main            d.u.i.k.p.i.AbstractProblemLoader Environment load took 123.5ns 
93573      INFO  main            d.u.i.k.p.i.AbstractProblemLoader Creating init config 
96140      DEBUG main            d.u.i.k.p.i.AbstractProblemLoader Init config took 2.57s 
96175      INFO  main            d.u.i.k.p.i.AbstractProblemLoader Replaying proof Cell[Cell::setX(int)].JML normal_behavior operation contract.0 
96194      DEBUG main            d.u.i.k.p.i.IntermediateProofReplayer Proof replay took 17.98ms 
96195      DEBUG main            d.u.i.k.p.r.p.TestFile    ... success: reloaded. 
96196      INFO  main            d.u.i.k.p.r.p.TestFile    Now processing file /home/runner/work/key/key/key.core/../key.ui/examples/heap/SmansEtAl/CellClient_m.key 
96197      INFO  main            d.u.i.k.p.i.AbstractProblemLoader Loading environment from /home/runner/work/key/key/key.core/../key.ui/examples/heap/SmansEtAl/CellClient_m.key 
96197      DEBUG main            d.u.i.k.p.i.AbstractProblemLoader Environment load took 126.2ns 
96198      INFO  main            d.u.i.k.p.i.AbstractProblemLoader Creating init config 
98824      DEBUG main            d.u.i.k.p.i.AbstractProblemLoader Init config took 2.63s 
98861      INFO  main            d.u.i.k.p.i.AbstractProblemLoader Replaying proof CellClient[CellClient::m()].JML operation contract.0 
98863      DEBUG main            d.u.i.k.p.i.IntermediateProofReplayer Proof replay took 6ns 
99469      INFO  main            d.u.i.k.p.r.p.TestFile    ... finished proof: closed. 
99733      INFO  main            d.u.i.k.p.i.AbstractProblemLoader Loading environment from /home/runner/work/key/key/key.core/../key.ui/examples/heap/SmansEtAl/CellClient_m.key.proof 
99733      DEBUG main            d.u.i.k.p.i.AbstractProblemLoader Environment load took 132.6ns 
99734      INFO  main            d.u.i.k.p.i.AbstractProblemLoader Creating init config 
102301     DEBUG main            d.u.i.k.p.i.AbstractProblemLoader Init config took 2.57s 
102337     INFO  main            d.u.i.k.p.i.AbstractProblemLoader Replaying proof CellClient[CellClient::m()].JML operation contract.0 
102438     DEBUG main            d.u.i.k.p.i.IntermediateProofReplayer Proof replay took 91.39ms 
102440     DEBUG main            d.u.i.k.p.r.p.TestFile    ... success: reloaded. 
102441     INFO  main            d.u.i.k.p.r.p.TestFile    Now processing file /home/runner/work/key/key/key.core/../key.ui/examples/heap/SmansEtAl/Iterator_footprint.key 
102441     INFO  main            d.u.i.k.p.i.AbstractProblemLoader Loading environment from /home/runner/work/key/key/key.core/../key.ui/examples/heap/SmansEtAl/Iterator_footprint.key 
102442     DEBUG main            d.u.i.k.p.i.AbstractProblemLoader Environment load took 218.1ns 
102443     INFO  main            d.u.i.k.p.i.AbstractProblemLoader Creating init config 
105100     DEBUG main            d.u.i.k.p.i.AbstractProblemLoader Init config took 2.66s 
105157     INFO  main            d.u.i.k.p.i.AbstractProblemLoader Replaying proof Iterator[Iterator::$footprint()].JML accessible clause.0 
105158     DEBUG main            d.u.i.k.p.i.IntermediateProofReplayer Proof replay took 5.8ns 
105264     INFO  main            d.u.i.k.p.r.p.TestFile    ... finished proof: closed. 
105555     INFO  main            d.u.i.k.p.i.AbstractProblemLoader Loading environment from /home/runner/work/key/key/key.core/../key.ui/examples/heap/SmansEtAl/Iterator_footprint.key.proof 
105555     DEBUG main            d.u.i.k.p.i.AbstractProblemLoader Environment load took 128.6ns 
105556     INFO  main            d.u.i.k.p.i.AbstractProblemLoader Creating init config 
108119     DEBUG main            d.u.i.k.p.i.AbstractProblemLoader Init config took 2.56s 
108156     INFO  main            d.u.i.k.p.i.AbstractProblemLoader Replaying proof Iterator[Iterator::$footprint()].JML accessible clause.0 
108163     DEBUG main            d.u.i.k.p.i.IntermediateProofReplayer Proof replay took 4.94ms 
108164     DEBUG main            d.u.i.k.p.r.p.TestFile    ... success: reloaded. 
108165     INFO  main            d.u.i.k.p.r.p.TestFile    Now processing file /home/runner/work/key/key/key.core/../key.ui/examples/heap/SmansEtAl/Iterator_hasNext_dep.key 
108166     INFO  main            d.u.i.k.p.i.AbstractProblemLoader Loading environment from /home/runner/work/key/key/key.core/../key.ui/examples/heap/SmansEtAl/Iterator_hasNext_dep.key 
108166     DEBUG main            d.u.i.k.p.i.AbstractProblemLoader Environment load took 208.8ns 
108167     INFO  main            d.u.i.k.p.i.AbstractProblemLoader Creating init config 
110839     DEBUG main            d.u.i.k.p.i.AbstractProblemLoader Init config took 2.67s 
110875     INFO  main            d.u.i.k.p.i.AbstractProblemLoader Replaying proof Iterator[Iterator::hasNext()].JML accessible clause.0 
110877     DEBUG main            d.u.i.k.p.i.IntermediateProofReplayer Proof replay took 6.6ns 
111481     INFO  main            d.u.i.k.p.r.p.TestFile    ... finished proof: closed. 
111727     INFO  main            d.u.i.k.p.i.AbstractProblemLoader Loading environment from /home/runner/work/key/key/key.core/../key.ui/examples/heap/SmansEtAl/Iterator_hasNext_dep.key.proof 
111727     DEBUG main            d.u.i.k.p.i.AbstractProblemLoader Environment load took 487.5ns 
111729     INFO  main            d.u.i.k.p.i.AbstractProblemLoader Creating init config 
114312     DEBUG main            d.u.i.k.p.i.AbstractProblemLoader Init config took 2.58s 
114352     INFO  main            d.u.i.k.p.i.AbstractProblemLoader Replaying proof Iterator[Iterator::hasNext()].JML accessible clause.0 
114426     DEBUG main            d.u.i.k.p.i.IntermediateProofReplayer Proof replay took 67.82ms 
114427     DEBUG main            d.u.i.k.p.r.p.TestFile    ... success: reloaded. 
114428     INFO  main            d.u.i.k.p.r.p.TestFile    Now processing file /home/runner/work/key/key/key.core/../key.ui/examples/heap/SmansEtAl/Iterator_hasNext.key 
114429     INFO  main            d.u.i.k.p.i.AbstractProblemLoader Loading environment from /home/runner/work/key/key/key.core/../key.ui/examples/heap/SmansEtAl/Iterator_hasNext.key 
114429     DEBUG main            d.u.i.k.p.i.AbstractProblemLoader Environment load took 209ns 
114430     INFO  main            d.u.i.k.p.i.AbstractProblemLoader Creating init config 
117059     DEBUG main            d.u.i.k.p.i.AbstractProblemLoader Init config took 2.63s 
117098     INFO  main            d.u.i.k.p.i.AbstractProblemLoader Replaying proof Iterator[Iterator::hasNext()].JML normal_behavior operation contract.0 
117101     DEBUG main            d.u.i.k.p.i.IntermediateProofReplayer Proof replay took 6.3ns 
117605     INFO  main            d.u.i.k.p.r.p.TestFile    ... finished proof: closed. 
117881     INFO  main            d.u.i.k.p.i.AbstractProblemLoader Loading environment from /home/runner/work/key/key/key.core/../key.ui/examples/heap/SmansEtAl/Iterator_hasNext.key.proof 
117882     DEBUG main            d.u.i.k.p.i.AbstractProblemLoader Environment load took 555.9ns 
117883     INFO  main            d.u.i.k.p.i.AbstractProblemLoader Creating init config 
120465     DEBUG main            d.u.i.k.p.i.AbstractProblemLoader Init config took 2.58s 
120512     INFO  main            d.u.i.k.p.i.AbstractProblemLoader Replaying proof Iterator[Iterator::hasNext()].JML normal_behavior operation contract.0 
120584     DEBUG main            d.u.i.k.p.i.IntermediateProofReplayer Proof replay took 63.52ms 
120585     DEBUG main            d.u.i.k.p.r.p.TestFile    ... success: reloaded. 
120586     INFO  main            d.u.i.k.p.r.p.TestFile    Now processing file /home/runner/work/key/key/key.core/../key.ui/examples/heap/SmansEtAl/Iterator_inv.key 
120587     INFO  main            d.u.i.k.p.i.AbstractProblemLoader Loading environment from /home/runner/work/key/key/key.core/../key.ui/examples/heap/SmansEtAl/Iterator_inv.key 
120587     DEBUG main            d.u.i.k.p.i.AbstractProblemLoader Environment load took 241.9ns 
120588     INFO  main            d.u.i.k.p.i.AbstractProblemLoader Creating init config 
123172     DEBUG main            d.u.i.k.p.i.AbstractProblemLoader Init config took 2.58s 
123209     INFO  main            d.u.i.k.p.i.AbstractProblemLoader Replaying proof Iterator[java.lang.Object::<inv>()].JML accessible clause.0 
123211     DEBUG main            d.u.i.k.p.i.IntermediateProofReplayer Proof replay took 6.9ns 
123422     INFO  main            d.u.i.k.p.r.p.TestFile    ... finished proof: closed. 
123669     INFO  main            d.u.i.k.p.i.AbstractProblemLoader Loading environment from /home/runner/work/key/key/key.core/../key.ui/examples/heap/SmansEtAl/Iterator_inv.key.proof 
123669     DEBUG main            d.u.i.k.p.i.AbstractProblemLoader Environment load took 111.5ns 
123670     INFO  main            d.u.i.k.p.i.AbstractProblemLoader Creating init config 
126240     DEBUG main            d.u.i.k.p.i.AbstractProblemLoader Init config took 2.57s 
126277     INFO  main            d.u.i.k.p.i.AbstractProblemLoader Replaying proof Iterator[java.lang.Object::<inv>()].JML accessible clause.0 
126296     DEBUG main            d.u.i.k.p.i.IntermediateProofReplayer Proof replay took 16.32ms 
126297     DEBUG main            d.u.i.k.p.r.p.TestFile    ... success: reloaded. 
126298     INFO  main            d.u.i.k.p.r.p.TestFile    Now processing file /home/runner/work/key/key/key.core/../key.ui/examples/heap/SmansEtAl/Iterator_Iterator.key 
126298     INFO  main            d.u.i.k.p.i.AbstractProblemLoader Loading environment from /home/runner/work/key/key/key.core/../key.ui/examples/heap/SmansEtAl/Iterator_Iterator.key 
126298     DEBUG main            d.u.i.k.p.i.AbstractProblemLoader Environment load took 82.7ns 
126299     INFO  main            d.u.i.k.p.i.AbstractProblemLoader Creating init config 
128933     DEBUG main            d.u.i.k.p.i.AbstractProblemLoader Init config took 2.63s 
128972     INFO  main            d.u.i.k.p.i.AbstractProblemLoader Replaying proof Iterator[Iterator::Iterator(ArrayList)].JML normal_behavior operation contract.0 
128974     DEBUG main            d.u.i.k.p.i.IntermediateProofReplayer Proof replay took 6.4ns 
130384     INFO  main            d.u.i.k.p.r.p.TestFile    ... finished proof: closed. 
130650     INFO  main            d.u.i.k.p.i.AbstractProblemLoader Loading environment from /home/runner/work/key/key/key.core/../key.ui/examples/heap/SmansEtAl/Iterator_Iterator.key.proof 
130651     DEBUG main            d.u.i.k.p.i.AbstractProblemLoader Environment load took 438.4ns 
130652     INFO  main            d.u.i.k.p.i.AbstractProblemLoader Creating init config 
133208     DEBUG main            d.u.i.k.p.i.AbstractProblemLoader Init config took 2.56s 
133244     INFO  main            d.u.i.k.p.i.AbstractProblemLoader Replaying proof Iterator[Iterator::Iterator(ArrayList)].JML normal_behavior operation contract.0 
133393     DEBUG main            d.u.i.k.p.i.IntermediateProofReplayer Proof replay took 135.08ms 
133394     DEBUG main            d.u.i.k.p.r.p.TestFile    ... success: reloaded. 
133395     INFO  main            d.u.i.k.p.r.p.TestFile    Now processing file /home/runner/work/key/key/key.core/../key.ui/examples/heap/SmansEtAl/Iterator_list_dep.key 
133396     INFO  main            d.u.i.k.p.i.AbstractProblemLoader Loading environment from /home/runner/work/key/key/key.core/../key.ui/examples/heap/SmansEtAl/Iterator_list_dep.key 
133396     DEBUG main            d.u.i.k.p.i.AbstractProblemLoader Environment load took 232.2ns 
133397     INFO  main            d.u.i.k.p.i.AbstractProblemLoader Creating init config 
136012     DEBUG main            d.u.i.k.p.i.AbstractProblemLoader Init config took 2.62s 
136067     INFO  main            d.u.i.k.p.i.AbstractProblemLoader Replaying proof Iterator[Iterator::list()].JML accessible clause.0 
136068     DEBUG main            d.u.i.k.p.i.IntermediateProofReplayer Proof replay took 6.7ns 
136171     INFO  main            d.u.i.k.p.r.p.TestFile    ... finished proof: closed. 
136425     INFO  main            d.u.i.k.p.i.AbstractProblemLoader Loading environment from /home/runner/work/key/key/key.core/../key.ui/examples/heap/SmansEtAl/Iterator_list_dep.key.proof 
136425     DEBUG main            d.u.i.k.p.i.AbstractProblemLoader Environment load took 118ns 
136426     INFO  main            d.u.i.k.p.i.AbstractProblemLoader Creating init config 
138979     DEBUG main            d.u.i.k.p.i.AbstractProblemLoader Init config took 2.55s 
139021     INFO  main            d.u.i.k.p.i.AbstractProblemLoader Replaying proof Iterator[Iterator::list()].JML accessible clause.0 
139039     DEBUG main            d.u.i.k.p.i.IntermediateProofReplayer Proof replay took 15.67ms 
139040     DEBUG main            d.u.i.k.p.r.p.TestFile    ... success: reloaded. 
139041     INFO  main            d.u.i.k.p.r.p.TestFile    Now processing file /home/runner/work/key/key/key.core/../key.ui/examples/heap/SmansEtAl/Iterator_list.key 
139041     INFO  main            d.u.i.k.p.i.AbstractProblemLoader Loading environment from /home/runner/work/key/key/key.core/../key.ui/examples/heap/SmansEtAl/Iterator_list.key 
139041     DEBUG main            d.u.i.k.p.i.AbstractProblemLoader Environment load took 101.4ns 
139042     INFO  main            d.u.i.k.p.i.AbstractProblemLoader Creating init config 
141634     DEBUG main            d.u.i.k.p.i.AbstractProblemLoader Init config took 2.59s 
141669     INFO  main            d.u.i.k.p.i.AbstractProblemLoader Replaying proof Iterator[Iterator::list()].JML normal_behavior operation contract.0 
141671     DEBUG main            d.u.i.k.p.i.IntermediateProofReplayer Proof replay took 6.8ns 
141773     INFO  main            d.u.i.k.p.r.p.TestFile    ... finished proof: closed. 
142037     INFO  main            d.u.i.k.p.i.AbstractProblemLoader Loading environment from /home/runner/work/key/key/key.core/../key.ui/examples/heap/SmansEtAl/Iterator_list.key.proof 
142037     DEBUG main            d.u.i.k.p.i.AbstractProblemLoader Environment load took 114.8ns 
142038     INFO  main            d.u.i.k.p.i.AbstractProblemLoader Creating init config 
144565     DEBUG main            d.u.i.k.p.i.AbstractProblemLoader Init config took 2.53s 
144602     INFO  main            d.u.i.k.p.i.AbstractProblemLoader Replaying proof Iterator[Iterator::list()].JML normal_behavior operation contract.0 
144629     DEBUG main            d.u.i.k.p.i.IntermediateProofReplayer Proof replay took 24.6ms 
144630     DEBUG main            d.u.i.k.p.r.p.TestFile    ... success: reloaded. 
144630     INFO  main            d.u.i.k.p.r.p.TestFile    Now processing file /home/runner/work/key/key/key.core/../key.ui/examples/heap/SmansEtAl/Iterator_next.key 
144631     INFO  main            d.u.i.k.p.i.AbstractProblemLoader Loading environment from /home/runner/work/key/key/key.core/../key.ui/examples/heap/SmansEtAl/Iterator_next.key 
144631     DEBUG main            d.u.i.k.p.i.AbstractProblemLoader Environment load took 98.6ns 
144632     INFO  main            d.u.i.k.p.i.AbstractProblemLoader Creating init config 
147255     DEBUG main            d.u.i.k.p.i.AbstractProblemLoader Init config took 2.62s 
147294     INFO  main            d.u.i.k.p.i.AbstractProblemLoader Replaying proof Iterator[Iterator::next()].JML normal_behavior operation contract.0 
147296     DEBUG main            d.u.i.k.p.i.IntermediateProofReplayer Proof replay took 7.1ns 
150042     INFO  main            d.u.i.k.p.r.p.TestFile    ... finished proof: closed. 
150334     INFO  main            d.u.i.k.p.i.AbstractProblemLoader Loading environment from /home/runner/work/key/key/key.core/../key.ui/examples/heap/SmansEtAl/Iterator_next.key.proof 
150334     DEBUG main            d.u.i.k.p.i.AbstractProblemLoader Environment load took 426.5ns 
150336     INFO  main            d.u.i.k.p.i.AbstractProblemLoader Creating init config 
152866     DEBUG main            d.u.i.k.p.i.AbstractProblemLoader Init config took 2.53s 
152901     INFO  main            d.u.i.k.p.i.AbstractProblemLoader Replaying proof Iterator[Iterator::next()].JML normal_behavior operation contract.0 
153153     DEBUG main            d.u.i.k.p.i.IntermediateProofReplayer Proof replay took 234.91ms 
153155     DEBUG main            d.u.i.k.p.r.p.TestFile    ... success: reloaded. 
153156     INFO  main            d.u.i.k.p.r.p.TestFile    Now processing file /home/runner/work/key/key/key.core/../key.ui/examples/heap/SmansEtAl/Stack_footprint.key 
153156     INFO  main            d.u.i.k.p.i.AbstractProblemLoader Loading environment from /home/runner/work/key/key/key.core/../key.ui/examples/heap/SmansEtAl/Stack_footprint.key 
153156     DEBUG main            d.u.i.k.p.i.AbstractProblemLoader Environment load took 90.5ns 
153157     INFO  main            d.u.i.k.p.i.AbstractProblemLoader Creating init config 
155765     DEBUG main            d.u.i.k.p.i.AbstractProblemLoader Init config took 2.61s 
155800     INFO  main            d.u.i.k.p.i.AbstractProblemLoader Replaying proof Stack[Stack::$footprint()].JML accessible clause.0 
155801     DEBUG main            d.u.i.k.p.i.IntermediateProofReplayer Proof replay took 5.4ns 
156004     INFO  main            d.u.i.k.p.r.p.TestFile    ... finished proof: closed. 
156282     INFO  main            d.u.i.k.p.i.AbstractProblemLoader Loading environment from /home/runner/work/key/key/key.core/../key.ui/examples/heap/SmansEtAl/Stack_footprint.key.proof 
156282     DEBUG main            d.u.i.k.p.i.AbstractProblemLoader Environment load took 116.2ns 
156283     INFO  main            d.u.i.k.p.i.AbstractProblemLoader Creating init config 
158825     DEBUG main            d.u.i.k.p.i.AbstractProblemLoader Init config took 2.54s 
158859     INFO  main            d.u.i.k.p.i.AbstractProblemLoader Replaying proof Stack[Stack::$footprint()].JML accessible clause.0 
158884     DEBUG main            d.u.i.k.p.i.IntermediateProofReplayer Proof replay took 21.07ms 
158884     DEBUG main            d.u.i.k.p.r.p.TestFile    ... success: reloaded. 
158887     INFO  main            d.u.i.k.p.r.p.TestFile    Now processing file /home/runner/work/key/key/key.core/../key.ui/examples/heap/SmansEtAl/Stack_inv.key 
158887     INFO  main            d.u.i.k.p.i.AbstractProblemLoader Loading environment from /home/runner/work/key/key/key.core/../key.ui/examples/heap/SmansEtAl/Stack_inv.key 
158887     DEBUG main            d.u.i.k.p.i.AbstractProblemLoader Environment load took 90ns 
158888     INFO  main            d.u.i.k.p.i.AbstractProblemLoader Creating init config 
161506     DEBUG main            d.u.i.k.p.i.AbstractProblemLoader Init config took 2.62s 
161540     INFO  main            d.u.i.k.p.i.AbstractProblemLoader Replaying proof Stack[java.lang.Object::<inv>()].JML accessible clause.0 
161541     DEBUG main            d.u.i.k.p.i.IntermediateProofReplayer Proof replay took 6.2ns 
161643     INFO  main            d.u.i.k.p.r.p.TestFile    ... finished proof: closed. 
161920     INFO  main            d.u.i.k.p.i.AbstractProblemLoader Loading environment from /home/runner/work/key/key/key.core/../key.ui/examples/heap/SmansEtAl/Stack_inv.key.proof 
161920     DEBUG main            d.u.i.k.p.i.AbstractProblemLoader Environment load took 110.2ns 
161921     INFO  main            d.u.i.k.p.i.AbstractProblemLoader Creating init config 
164493     DEBUG main            d.u.i.k.p.i.AbstractProblemLoader Init config took 2.57s 
164531     INFO  main            d.u.i.k.p.i.AbstractProblemLoader Replaying proof Stack[java.lang.Object::<inv>()].JML accessible clause.0 
164542     DEBUG main            d.u.i.k.p.i.IntermediateProofReplayer Proof replay took 7.67ms 
164546     DEBUG main            d.u.i.k.p.r.p.TestFile    ... success: reloaded. 
164548     INFO  main            d.u.i.k.p.r.p.TestFile    Now processing file /home/runner/work/key/key/key.core/../key.ui/examples/heap/SmansEtAl/Stack_push.key 
164549     INFO  main            d.u.i.k.p.i.AbstractProblemLoader Loading environment from /home/runner/work/key/key/key.core/../key.ui/examples/heap/SmansEtAl/Stack_push.key 
164553     DEBUG main            d.u.i.k.p.i.AbstractProblemLoader Environment load took 4.11ms 
164555     INFO  main            d.u.i.k.p.i.AbstractProblemLoader Creating init config 
167117     DEBUG main            d.u.i.k.p.i.AbstractProblemLoader Init config took 2.56s 
167153     INFO  main            d.u.i.k.p.i.AbstractProblemLoader Replaying proof Stack[Stack::push(java.lang.Object)].JML normal_behavior operation contract.0 
167155     DEBUG main            d.u.i.k.p.i.IntermediateProofReplayer Proof replay took 6.6ns 
167869     INFO  main            d.u.i.k.p.r.p.TestFile    ... finished proof: closed. 
168163     INFO  main            d.u.i.k.p.i.AbstractProblemLoader Loading environment from /home/runner/work/key/key/key.core/../key.ui/examples/heap/SmansEtAl/Stack_push.key.proof 
168163     DEBUG main            d.u.i.k.p.i.AbstractProblemLoader Environment load took 108.1ns 
168164     INFO  main            d.u.i.k.p.i.AbstractProblemLoader Creating init config 
170711     DEBUG main            d.u.i.k.p.i.AbstractProblemLoader Init config took 2.55s 
170746     INFO  main            d.u.i.k.p.i.AbstractProblemLoader Replaying proof Stack[Stack::push(java.lang.Object)].JML normal_behavior operation contract.0 
170839     DEBUG main            d.u.i.k.p.i.IntermediateProofReplayer Proof replay took 88.73ms 
170841     DEBUG main            d.u.i.k.p.r.p.TestFile    ... success: reloaded. 
170842     INFO  main            d.u.i.k.p.r.p.TestFile    Now processing file /home/runner/work/key/key/key.core/../key.ui/examples/heap/SmansEtAl/Stack_size.key 
170842     INFO  main            d.u.i.k.p.i.AbstractProblemLoader Loading environment from /home/runner/work/key/key/key.core/../key.ui/examples/heap/SmansEtAl/Stack_size.key 
170842     DEBUG main            d.u.i.k.p.i.AbstractProblemLoader Environment load took 112.2ns 
170843     INFO  main            d.u.i.k.p.i.AbstractProblemLoader Creating init config 
173419     DEBUG main            d.u.i.k.p.i.AbstractProblemLoader Init config took 2.58s 
173453     INFO  main            d.u.i.k.p.i.AbstractProblemLoader Replaying proof Stack[Stack::size()].JML accessible clause.0 
173454     DEBUG main            d.u.i.k.p.i.IntermediateProofReplayer Proof replay took 6ns 
173769     INFO  main            d.u.i.k.p.r.p.TestFile    ... finished proof: closed. 
174048     INFO  main            d.u.i.k.p.i.AbstractProblemLoader Loading environment from /home/runner/work/key/key/key.core/../key.ui/examples/heap/SmansEtAl/Stack_size.key.proof 
174048     DEBUG main            d.u.i.k.p.i.AbstractProblemLoader Environment load took 114.9ns 
174049     INFO  main            d.u.i.k.p.i.AbstractProblemLoader Creating init config 
176584     DEBUG main            d.u.i.k.p.i.AbstractProblemLoader Init config took 2.54s 
176619     INFO  main            d.u.i.k.p.i.AbstractProblemLoader Replaying proof Stack[Stack::size()].JML accessible clause.0 
176655     DEBUG main            d.u.i.k.p.i.IntermediateProofReplayer Proof replay took 33.65ms 
176656     DEBUG main            d.u.i.k.p.r.p.TestFile    ... success: reloaded. 
176657     INFO  main            d.u.i.k.p.r.p.TestFile    Now processing file /home/runner/work/key/key/key.core/../key.ui/examples/heap/SmansEtAl/Stack_Stack.key 
176657     INFO  main            d.u.i.k.p.i.AbstractProblemLoader Loading environment from /home/runner/work/key/key/key.core/../key.ui/examples/heap/SmansEtAl/Stack_Stack.key 
176657     DEBUG main            d.u.i.k.p.i.AbstractProblemLoader Environment load took 183.1ns 
176658     INFO  main            d.u.i.k.p.i.AbstractProblemLoader Creating init config 
179240     DEBUG main            d.u.i.k.p.i.AbstractProblemLoader Init config took 2.58s 
179276     INFO  main            d.u.i.k.p.i.AbstractProblemLoader Replaying proof Stack[Stack::Stack()].JML normal_behavior operation contract.0 
179277     DEBUG main            d.u.i.k.p.i.IntermediateProofReplayer Proof replay took 5.7ns 
180382     INFO  main            d.u.i.k.p.r.p.TestFile    ... finished proof: closed. 
180693     INFO  main            d.u.i.k.p.i.AbstractProblemLoader Loading environment from /home/runner/work/key/key/key.core/../key.ui/examples/heap/SmansEtAl/Stack_Stack.key.proof 
180694     DEBUG main            d.u.i.k.p.i.AbstractProblemLoader Environment load took 407.8ns 
180695     INFO  main            d.u.i.k.p.i.AbstractProblemLoader Creating init config 
183229     DEBUG main            d.u.i.k.p.i.AbstractProblemLoader Init config took 2.53s 
183263     INFO  main            d.u.i.k.p.i.AbstractProblemLoader Replaying proof Stack[Stack::Stack()].JML normal_behavior operation contract.0 
183414     DEBUG main            d.u.i.k.p.i.IntermediateProofReplayer Proof replay took 144.04ms 
183415     DEBUG main            d.u.i.k.p.r.p.TestFile    ... success: reloaded. 
183416     INFO  main            d.u.i.k.p.r.p.TestFile    Now processing file /home/runner/work/key/key/key.core/../key.ui/examples/heap/SmansEtAl/Stack_switchContents.key 
183416     INFO  main            d.u.i.k.p.i.AbstractProblemLoader Loading environment from /home/runner/work/key/key/key.core/../key.ui/examples/heap/SmansEtAl/Stack_switchContents.key 
183417     DEBUG main            d.u.i.k.p.i.AbstractProblemLoader Environment load took 70.4ns 
183417     INFO  main            d.u.i.k.p.i.AbstractProblemLoader Creating init config 
186015     DEBUG main            d.u.i.k.p.i.AbstractProblemLoader Init config took 2.6s 
186053     INFO  main            d.u.i.k.p.i.AbstractProblemLoader Replaying proof Stack[Stack::switchContents(Stack)].JML normal_behavior operation contract.0 
186054     DEBUG main            d.u.i.k.p.i.IntermediateProofReplayer Proof replay took 6.2ns 
190791     INFO  main            d.u.i.k.p.r.p.TestFile    ... finished proof: closed. 
191112     INFO  main            d.u.i.k.p.i.AbstractProblemLoader Loading environment from /home/runner/work/key/key/key.core/../key.ui/examples/heap/SmansEtAl/Stack_switchContents.key.proof 
191113     DEBUG main            d.u.i.k.p.i.AbstractProblemLoader Environment load took 410.5ns 
191118     INFO  main            d.u.i.k.p.i.AbstractProblemLoader Creating init config 
193640     DEBUG main            d.u.i.k.p.i.AbstractProblemLoader Init config took 2.52s 
193676     INFO  main            d.u.i.k.p.i.AbstractProblemLoader Replaying proof Stack[Stack::switchContents(Stack)].JML normal_behavior operation contract.0 
193972     DEBUG main            d.u.i.k.p.i.IntermediateProofReplayer Proof replay took 279.74ms 
193974     DEBUG main            d.u.i.k.p.r.p.TestFile    ... success: reloaded. 
2068652    INFO  Test worker     d.u.i.k.p.r.RunAllProofsTestUnit Returning from test SmansEtAl 
2068653    INFO  Test worker     d.u.i.k.p.r.RunAllProofsTestUnit Running test VACID0 
345        INFO  Timeout watchdog d.u.i.k.p.r.p.ForkedTestFileRunner Timeout watcher launched (2000 secs.) 
356        WARN  main            d.u.i.k.s.ProofSettings   The settings in /home/runner/.key/proof-settings.props are *not* read. 
401        INFO  main            d.u.i.k.p.r.p.TestFile    Now processing file /home/runner/work/key/key/key.core/../key.ui/examples/heap/vacid0_01_SparseArray/Harness_sparseArrayTestHarness1.key 
562        INFO  main            d.u.i.k.p.i.AbstractProblemLoader Loading environment from /home/runner/work/key/key/key.core/../key.ui/examples/heap/vacid0_01_SparseArray/Harness_sparseArrayTestHarness1.key 
580        DEBUG main            d.u.i.k.p.i.AbstractProblemLoader Environment load took 2.07ms 
820        INFO  main            d.u.i.k.p.i.AbstractProblemLoader Creating init config 
1669       DEBUG main            d.u.i.k.j.TypeConverter   No LDT found for Meta 
1669       DEBUG main            d.u.i.k.j.TypeConverter   No LDT found for Meta 
1670       DEBUG main            d.u.i.k.j.TypeConverter   No LDT found for Meta 
1670       DEBUG main            d.u.i.k.j.TypeConverter   No LDT found for Meta 
3161       DEBUG main            d.u.i.k.j.TypeConverter   No LDT found for JavaBigintExpression 
8722       DEBUG main            d.u.i.k.p.i.AbstractProblemLoader Init config took 7.9s 
8849       INFO  main            d.u.i.k.p.i.AbstractProblemLoader Replaying proof Harness[Harness::sparseArrayTestHarness1()].JML normal_behavior operation contract.0 
8881       DEBUG main            d.u.i.k.p.i.IntermediateProofReplayer Proof replay took 35.5ns 
10511      INFO  main            d.u.i.k.p.r.p.TestFile    ... finished proof: closed. 
10645      INFO  main            d.u.i.k.p.i.AbstractProblemLoader Loading environment from /home/runner/work/key/key/key.core/../key.ui/examples/heap/vacid0_01_SparseArray/Harness_sparseArrayTestHarness1.key.proof 
10646      DEBUG main            d.u.i.k.p.i.AbstractProblemLoader Environment load took 749.91ns 
10650      INFO  main            d.u.i.k.p.i.AbstractProblemLoader Creating init config 
13774      DEBUG main            d.u.i.k.p.i.AbstractProblemLoader Init config took 3.12s 
13831      INFO  main            d.u.i.k.p.i.AbstractProblemLoader Replaying proof Harness[Harness::sparseArrayTestHarness1()].JML normal_behavior operation contract.0 
13981      DEBUG main            d.u.i.k.p.i.IntermediateProofReplayer Proof replay took 140.91ms 
13989      DEBUG main            d.u.i.k.p.r.p.TestFile    ... success: reloaded. 
13994      INFO  main            d.u.i.k.p.r.p.TestFile    Now processing file /home/runner/work/key/key/key.core/../key.ui/examples/heap/vacid0_01_SparseArray/Harness_sparseArrayTestHarness2.key 
13995      INFO  main            d.u.i.k.p.i.AbstractProblemLoader Loading environment from /home/runner/work/key/key/key.core/../key.ui/examples/heap/vacid0_01_SparseArray/Harness_sparseArrayTestHarness2.key 
13995      DEBUG main            d.u.i.k.p.i.AbstractProblemLoader Environment load took 131.9ns 
13998      INFO  main            d.u.i.k.p.i.AbstractProblemLoader Creating init config 
16886      DEBUG main            d.u.i.k.p.i.AbstractProblemLoader Init config took 2.89s 
16941      INFO  main            d.u.i.k.p.i.AbstractProblemLoader Replaying proof Harness[Harness::sparseArrayTestHarness2()].JML normal_behavior operation contract.0 
16944      DEBUG main            d.u.i.k.p.i.IntermediateProofReplayer Proof replay took 5.7ns 
28250      INFO  main            d.u.i.k.p.r.p.TestFile    ... finished proof: closed. 
28451      INFO  main            d.u.i.k.p.i.AbstractProblemLoader Loading environment from /home/runner/work/key/key/key.core/../key.ui/examples/heap/vacid0_01_SparseArray/Harness_sparseArrayTestHarness2.key.proof 
28452      DEBUG main            d.u.i.k.p.i.AbstractProblemLoader Environment load took 509.7ns 
28463      INFO  main            d.u.i.k.p.i.AbstractProblemLoader Creating init config 
31270      DEBUG main            d.u.i.k.p.i.AbstractProblemLoader Init config took 2.81s 
31320      INFO  main            d.u.i.k.p.i.AbstractProblemLoader Replaying proof Harness[Harness::sparseArrayTestHarness2()].JML normal_behavior operation contract.0 
32302      DEBUG main            d.u.i.k.p.i.IntermediateProofReplayer Proof replay took 936.64ms 
32305      DEBUG main            d.u.i.k.p.r.p.TestFile    ... success: reloaded. 
32307      INFO  main            d.u.i.k.p.r.p.TestFile    Now processing file /home/runner/work/key/key/key.core/../key.ui/examples/heap/vacid0_01_SparseArray/MemoryAllocator_alloc_unsigned.key 
32308      INFO  main            d.u.i.k.p.i.AbstractProblemLoader Loading environment from /home/runner/work/key/key/key.core/../key.ui/examples/heap/vacid0_01_SparseArray/MemoryAllocator_alloc_unsigned.key 
32308      DEBUG main            d.u.i.k.p.i.AbstractProblemLoader Environment load took 219.1ns 
32310      INFO  main            d.u.i.k.p.i.AbstractProblemLoader Creating init config 
35209      DEBUG main            d.u.i.k.p.i.AbstractProblemLoader Init config took 2.9s 
35255      INFO  main            d.u.i.k.p.i.AbstractProblemLoader Replaying proof MemoryAllocator[MemoryAllocator::alloc_unsigned(int)].JML normal_behavior operation contract.0 
35256      DEBUG main            d.u.i.k.p.i.IntermediateProofReplayer Proof replay took 5.5ns 
36263      INFO  main            d.u.i.k.p.r.p.TestFile    ... finished proof: closed. 
36442      INFO  main            d.u.i.k.p.i.AbstractProblemLoader Loading environment from /home/runner/work/key/key/key.core/../key.ui/examples/heap/vacid0_01_SparseArray/MemoryAllocator_alloc_unsigned.key.proof 
36443      DEBUG main            d.u.i.k.p.i.AbstractProblemLoader Environment load took 1.45ms 
36445      INFO  main            d.u.i.k.p.i.AbstractProblemLoader Creating init config 
39254      DEBUG main            d.u.i.k.p.i.AbstractProblemLoader Init config took 2.81s 
39309      INFO  main            d.u.i.k.p.i.AbstractProblemLoader Replaying proof MemoryAllocator[MemoryAllocator::alloc_unsigned(int)].JML normal_behavior operation contract.0 
39453      DEBUG main            d.u.i.k.p.i.IntermediateProofReplayer Proof replay took 139.03ms 
39455      DEBUG main            d.u.i.k.p.r.p.TestFile    ... success: reloaded. 
39456      INFO  main            d.u.i.k.p.r.p.TestFile    Now processing file /home/runner/work/key/key/key.core/../key.ui/examples/heap/vacid0_01_SparseArray/MemoryAllocator_alloc.key 
39456      INFO  main            d.u.i.k.p.i.AbstractProblemLoader Loading environment from /home/runner/work/key/key/key.core/../key.ui/examples/heap/vacid0_01_SparseArray/MemoryAllocator_alloc.key 
39457      DEBUG main            d.u.i.k.p.i.AbstractProblemLoader Environment load took 212.2ns 
39458      INFO  main            d.u.i.k.p.i.AbstractProblemLoader Creating init config 
42203      DEBUG main            d.u.i.k.p.i.AbstractProblemLoader Init config took 2.75s 
42246      INFO  main            d.u.i.k.p.i.AbstractProblemLoader Replaying proof MemoryAllocator[MemoryAllocator::alloc(int)].JML normal_behavior operation contract.0 
42248      DEBUG main            d.u.i.k.p.i.IntermediateProofReplayer Proof replay took 4.9ns 
42854      INFO  main            d.u.i.k.p.r.p.TestFile    ... finished proof: closed. 
43022      INFO  main            d.u.i.k.p.i.AbstractProblemLoader Loading environment from /home/runner/work/key/key/key.core/../key.ui/examples/heap/vacid0_01_SparseArray/MemoryAllocator_alloc.key.proof 
43023      DEBUG main            d.u.i.k.p.i.AbstractProblemLoader Environment load took 453.5ns 
43024      INFO  main            d.u.i.k.p.i.AbstractProblemLoader Creating init config 
45756      DEBUG main            d.u.i.k.p.i.AbstractProblemLoader Init config took 2.73s 
45798      INFO  main            d.u.i.k.p.i.AbstractProblemLoader Replaying proof MemoryAllocator[MemoryAllocator::alloc(int)].JML normal_behavior operation contract.0 
45896      DEBUG main            d.u.i.k.p.i.IntermediateProofReplayer Proof replay took 93.84ms 
45897      DEBUG main            d.u.i.k.p.r.p.TestFile    ... success: reloaded. 
45898      INFO  main            d.u.i.k.p.r.p.TestFile    Now processing file /home/runner/work/key/key/key.core/../key.ui/examples/heap/vacid0_01_SparseArray/SparseArray_get_dep.key 
45898      INFO  main            d.u.i.k.p.i.AbstractProblemLoader Loading environment from /home/runner/work/key/key/key.core/../key.ui/examples/heap/vacid0_01_SparseArray/SparseArray_get_dep.key 
45898      DEBUG main            d.u.i.k.p.i.AbstractProblemLoader Environment load took 101.4ns 
45899      INFO  main            d.u.i.k.p.i.AbstractProblemLoader Creating init config 
48648      DEBUG main            d.u.i.k.p.i.AbstractProblemLoader Init config took 2.75s 
48710      INFO  main            d.u.i.k.p.i.AbstractProblemLoader Replaying proof SparseArray[SparseArray::get(int)].JML accessible clause.0 
48712      DEBUG main            d.u.i.k.p.i.IntermediateProofReplayer Proof replay took 4.8ns 
51120      INFO  main            d.u.i.k.p.r.p.TestFile    ... finished proof: closed. 
51310      INFO  main            d.u.i.k.p.i.AbstractProblemLoader Loading environment from /home/runner/work/key/key/key.core/../key.ui/examples/heap/vacid0_01_SparseArray/SparseArray_get_dep.key.proof 
51310      DEBUG main            d.u.i.k.p.i.AbstractProblemLoader Environment load took 451.6ns 
51312      INFO  main            d.u.i.k.p.i.AbstractProblemLoader Creating init config 
54067      DEBUG main            d.u.i.k.p.i.AbstractProblemLoader Init config took 2.76s 
54125      INFO  main            d.u.i.k.p.i.AbstractProblemLoader Replaying proof SparseArray[SparseArray::get(int)].JML accessible clause.0 
54300      DEBUG main            d.u.i.k.p.i.IntermediateProofReplayer Proof replay took 161.04ms 
54301      DEBUG main            d.u.i.k.p.r.p.TestFile    ... success: reloaded. 
54302      INFO  main            d.u.i.k.p.r.p.TestFile    Now processing file /home/runner/work/key/key/key.core/../key.ui/examples/heap/vacid0_01_SparseArray/SparseArray_get.key 
54303      INFO  main            d.u.i.k.p.i.AbstractProblemLoader Loading environment from /home/runner/work/key/key/key.core/../key.ui/examples/heap/vacid0_01_SparseArray/SparseArray_get.key 
54303      DEBUG main            d.u.i.k.p.i.AbstractProblemLoader Environment load took 256.6ns 
54304      INFO  main            d.u.i.k.p.i.AbstractProblemLoader Creating init config 
57029      DEBUG main            d.u.i.k.p.i.AbstractProblemLoader Init config took 2.73s 
57093      INFO  main            d.u.i.k.p.i.AbstractProblemLoader Replaying proof SparseArray[SparseArray::get(int)].JML normal_behavior operation contract.0 
57095      DEBUG main            d.u.i.k.p.i.IntermediateProofReplayer Proof replay took 6.2ns 
59329      INFO  main            d.u.i.k.p.r.p.TestFile    ... finished proof: closed. 
59529      INFO  main            d.u.i.k.p.i.AbstractProblemLoader Loading environment from /home/runner/work/key/key/key.core/../key.ui/examples/heap/vacid0_01_SparseArray/SparseArray_get.key.proof 
59530      DEBUG main            d.u.i.k.p.i.AbstractProblemLoader Environment load took 440.5ns 
59531      INFO  main            d.u.i.k.p.i.AbstractProblemLoader Creating init config 
62228      DEBUG main            d.u.i.k.p.i.AbstractProblemLoader Init config took 2.7s 
62283      INFO  main            d.u.i.k.p.i.AbstractProblemLoader Replaying proof SparseArray[SparseArray::get(int)].JML normal_behavior operation contract.0 
62435      DEBUG main            d.u.i.k.p.i.IntermediateProofReplayer Proof replay took 143.99ms 
62436      DEBUG main            d.u.i.k.p.r.p.TestFile    ... success: reloaded. 
62438      INFO  main            d.u.i.k.p.r.p.TestFile    Now processing file /home/runner/work/key/key/key.core/../key.ui/examples/heap/vacid0_01_SparseArray/SparseArray_inv.key 
62438      INFO  main            d.u.i.k.p.i.AbstractProblemLoader Loading environment from /home/runner/work/key/key/key.core/../key.ui/examples/heap/vacid0_01_SparseArray/SparseArray_inv.key 
62438      DEBUG main            d.u.i.k.p.i.AbstractProblemLoader Environment load took 243.4ns 
62439      INFO  main            d.u.i.k.p.i.AbstractProblemLoader Creating init config 
65134      DEBUG main            d.u.i.k.p.i.AbstractProblemLoader Init config took 2.69s 
65188      INFO  main            d.u.i.k.p.i.AbstractProblemLoader Replaying proof SparseArray[java.lang.Object::<inv>()].JML accessible clause.0 
65190      DEBUG main            d.u.i.k.p.i.IntermediateProofReplayer Proof replay took 6ns 
67100      INFO  main            d.u.i.k.p.r.p.TestFile    ... finished proof: closed. 
67285      INFO  main            d.u.i.k.p.i.AbstractProblemLoader Loading environment from /home/runner/work/key/key/key.core/../key.ui/examples/heap/vacid0_01_SparseArray/SparseArray_inv.key.proof 
67285      DEBUG main            d.u.i.k.p.i.AbstractProblemLoader Environment load took 495.61ns 
67287      INFO  main            d.u.i.k.p.i.AbstractProblemLoader Creating init config 
69969      DEBUG main            d.u.i.k.p.i.AbstractProblemLoader Init config took 2.68s 
70023      INFO  main            d.u.i.k.p.i.AbstractProblemLoader Replaying proof SparseArray[java.lang.Object::<inv>()].JML accessible clause.0 
70100      DEBUG main            d.u.i.k.p.i.IntermediateProofReplayer Proof replay took 72.08ms 
70101      DEBUG main            d.u.i.k.p.r.p.TestFile    ... success: reloaded. 
70102      INFO  main            d.u.i.k.p.r.p.TestFile    Now processing file /home/runner/work/key/key/key.core/../key.ui/examples/heap/vacid0_01_SparseArray/SparseArray_SparseArray.key 
70102      INFO  main            d.u.i.k.p.i.AbstractProblemLoader Loading environment from /home/runner/work/key/key/key.core/../key.ui/examples/heap/vacid0_01_SparseArray/SparseArray_SparseArray.key 
70102      DEBUG main            d.u.i.k.p.i.AbstractProblemLoader Environment load took 109.7ns 
70103      INFO  main            d.u.i.k.p.i.AbstractProblemLoader Creating init config 
72807      DEBUG main            d.u.i.k.p.i.AbstractProblemLoader Init config took 2.7s 
72866      INFO  main            d.u.i.k.p.i.AbstractProblemLoader Replaying proof SparseArray[SparseArray::SparseArray(int)].JML normal_behavior operation contract.0 
72871      DEBUG main            d.u.i.k.p.i.IntermediateProofReplayer Proof replay took 6.2ns 
76212      INFO  main            d.u.i.k.p.r.p.TestFile    ... finished proof: closed. 
76409      INFO  main            d.u.i.k.p.i.AbstractProblemLoader Loading environment from /home/runner/work/key/key/key.core/../key.ui/examples/heap/vacid0_01_SparseArray/SparseArray_SparseArray.key.proof 
76410      DEBUG main            d.u.i.k.p.i.AbstractProblemLoader Environment load took 451.2ns 
76412      INFO  main            d.u.i.k.p.i.AbstractProblemLoader Creating init config 
79073      DEBUG main            d.u.i.k.p.i.AbstractProblemLoader Init config took 2.66s 
79131      INFO  main            d.u.i.k.p.i.AbstractProblemLoader Replaying proof SparseArray[SparseArray::SparseArray(int)].JML normal_behavior operation contract.0 
79405      DEBUG main            d.u.i.k.p.i.IntermediateProofReplayer Proof replay took 261.61ms 
79407      DEBUG main            d.u.i.k.p.r.p.TestFile    ... success: reloaded. 
2148233    INFO  Test worker     d.u.i.k.p.r.RunAllProofsTestUnit Returning from test VACID0 
2148235    INFO  Test worker     d.u.i.k.p.r.RunAllProofsTestUnit Running test VSTTE10 
362        INFO  Timeout watchdog d.u.i.k.p.r.p.ForkedTestFileRunner Timeout watcher launched (2000 secs.) 
378        WARN  main            d.u.i.k.s.ProofSettings   The settings in /home/runner/.key/proof-settings.props are *not* read. 
420        INFO  main            d.u.i.k.p.r.p.TestFile    Now processing file /home/runner/work/key/key/key.core/../key.ui/examples/heap/vstte10_01_SumAndMax/SumAndMax_sumAndMax.key 
579        INFO  main            d.u.i.k.p.i.AbstractProblemLoader Loading environment from /home/runner/work/key/key/key.core/../key.ui/examples/heap/vstte10_01_SumAndMax/SumAndMax_sumAndMax.key 
596        DEBUG main            d.u.i.k.p.i.AbstractProblemLoader Environment load took 2.96ms 
817        INFO  main            d.u.i.k.p.i.AbstractProblemLoader Creating init config 
1754       DEBUG main            d.u.i.k.j.TypeConverter   No LDT found for Meta 
1755       DEBUG main            d.u.i.k.j.TypeConverter   No LDT found for Meta 
1756       DEBUG main            d.u.i.k.j.TypeConverter   No LDT found for Meta 
1756       DEBUG main            d.u.i.k.j.TypeConverter   No LDT found for Meta 
3175       DEBUG main            d.u.i.k.j.TypeConverter   No LDT found for JavaBigintExpression 
8342       DEBUG main            d.u.i.k.p.i.AbstractProblemLoader Init config took 7.52s 
8513       INFO  main            d.u.i.k.p.i.AbstractProblemLoader Replaying proof SumAndMax[SumAndMax::sumAndMax([I)].JML normal_behavior operation contract.0 
8550       DEBUG main            d.u.i.k.p.i.IntermediateProofReplayer Proof replay took 35.5ns 
13656      INFO  main            d.u.i.k.p.r.p.TestFile    ... finished proof: closed. 
13851      INFO  main            d.u.i.k.p.i.AbstractProblemLoader Loading environment from /home/runner/work/key/key/key.core/../key.ui/examples/heap/vstte10_01_SumAndMax/SumAndMax_sumAndMax.key.proof 
13855      DEBUG main            d.u.i.k.p.i.AbstractProblemLoader Environment load took 4.48ms 
13859      INFO  main            d.u.i.k.p.i.AbstractProblemLoader Creating init config 
16748      DEBUG main            d.u.i.k.p.i.AbstractProblemLoader Init config took 2.89s 
16831      INFO  main            d.u.i.k.p.i.AbstractProblemLoader Replaying proof SumAndMax[SumAndMax::sumAndMax([I)].JML normal_behavior operation contract.0 
17400      DEBUG main            d.u.i.k.p.i.IntermediateProofReplayer Proof replay took 531.19ms 
17411      DEBUG main            d.u.i.k.p.r.p.TestFile    ... success: reloaded. 
17417      INFO  main            d.u.i.k.p.r.p.TestFile    Now processing file /home/runner/work/key/key/key.core/../key.ui/examples/heap/vstte10_03_LinkedList/Node_cons.key 
17417      INFO  main            d.u.i.k.p.i.AbstractProblemLoader Loading environment from /home/runner/work/key/key/key.core/../key.ui/examples/heap/vstte10_03_LinkedList/Node_cons.key 
17418      DEBUG main            d.u.i.k.p.i.AbstractProblemLoader Environment load took 250.6ns 
17421      INFO  main            d.u.i.k.p.i.AbstractProblemLoader Creating init config 
20251      DEBUG main            d.u.i.k.p.i.AbstractProblemLoader Init config took 2.83s 
20311      INFO  main            d.u.i.k.p.i.AbstractProblemLoader Replaying proof Node[Node::cons(int,Node)].JML normal_behavior operation contract.0 
20313      DEBUG main            d.u.i.k.p.i.IntermediateProofReplayer Proof replay took 5.6ns 
21927      INFO  main            d.u.i.k.p.r.p.TestFile    ... finished proof: closed. 
22095      INFO  main            d.u.i.k.p.i.AbstractProblemLoader Loading environment from /home/runner/work/key/key/key.core/../key.ui/examples/heap/vstte10_03_LinkedList/Node_cons.key.proof 
22096      DEBUG main            d.u.i.k.p.i.AbstractProblemLoader Environment load took 461.7ns 
22098      INFO  main            d.u.i.k.p.i.AbstractProblemLoader Creating init config 
24822      DEBUG main            d.u.i.k.p.i.AbstractProblemLoader Init config took 2.72s 
24875      INFO  main            d.u.i.k.p.i.AbstractProblemLoader Replaying proof Node[Node::cons(int,Node)].JML normal_behavior operation contract.0 
25078      DEBUG main            d.u.i.k.p.i.IntermediateProofReplayer Proof replay took 191.59ms 
25079      DEBUG main            d.u.i.k.p.r.p.TestFile    ... success: reloaded. 
25081      INFO  main            d.u.i.k.p.r.p.TestFile    Now processing file /home/runner/work/key/key/key.core/../key.ui/examples/heap/vstte10_03_LinkedList/Node_inv.key 
25081      INFO  main            d.u.i.k.p.i.AbstractProblemLoader Loading environment from /home/runner/work/key/key/key.core/../key.ui/examples/heap/vstte10_03_LinkedList/Node_inv.key 
25082      DEBUG main            d.u.i.k.p.i.AbstractProblemLoader Environment load took 238ns 
25083      INFO  main            d.u.i.k.p.i.AbstractProblemLoader Creating init config 
27841      DEBUG main            d.u.i.k.p.i.AbstractProblemLoader Init config took 2.76s 
27908      INFO  main            d.u.i.k.p.i.AbstractProblemLoader Replaying proof Node[java.lang.Object::<inv>()].JML accessible clause.0 
27911      DEBUG main            d.u.i.k.p.i.IntermediateProofReplayer Proof replay took 5.8ns 
28314      INFO  main            d.u.i.k.p.r.p.TestFile    ... finished proof: closed. 
28529      INFO  main            d.u.i.k.p.i.AbstractProblemLoader Loading environment from /home/runner/work/key/key/key.core/../key.ui/examples/heap/vstte10_03_LinkedList/Node_inv.key.proof 
28530      DEBUG main            d.u.i.k.p.i.AbstractProblemLoader Environment load took 126.8ns 
28531      INFO  main            d.u.i.k.p.i.AbstractProblemLoader Creating init config 
31205      DEBUG main            d.u.i.k.p.i.AbstractProblemLoader Init config took 2.67s 
31255      INFO  main            d.u.i.k.p.i.AbstractProblemLoader Replaying proof Node[java.lang.Object::<inv>()].JML accessible clause.0 
31281      DEBUG main            d.u.i.k.p.i.IntermediateProofReplayer Proof replay took 22.43ms 
31282      DEBUG main            d.u.i.k.p.r.p.TestFile    ... success: reloaded. 
31283      INFO  main            d.u.i.k.p.r.p.TestFile    Now processing file /home/runner/work/key/key/key.core/../key.ui/examples/heap/vstte10_03_LinkedList/Node_search.key 
31284      INFO  main            d.u.i.k.p.i.AbstractProblemLoader Loading environment from /home/runner/work/key/key/key.core/../key.ui/examples/heap/vstte10_03_LinkedList/Node_search.key 
31284      DEBUG main            d.u.i.k.p.i.AbstractProblemLoader Environment load took 224.3ns 
31285      INFO  main            d.u.i.k.p.i.AbstractProblemLoader Creating init config 
34011      DEBUG main            d.u.i.k.p.i.AbstractProblemLoader Init config took 2.73s 
34060      INFO  main            d.u.i.k.p.i.AbstractProblemLoader Replaying proof Node[Node::search()].JML normal_behavior operation contract.0 
34062      DEBUG main            d.u.i.k.p.i.IntermediateProofReplayer Proof replay took 6.4ns 
40513      INFO  main            d.u.i.k.p.r.p.TestFile    ... finished proof: closed. 
40723      INFO  main            d.u.i.k.p.i.AbstractProblemLoader Loading environment from /home/runner/work/key/key/key.core/../key.ui/examples/heap/vstte10_03_LinkedList/Node_search.key.proof 
40723      DEBUG main            d.u.i.k.p.i.AbstractProblemLoader Environment load took 445.8ns 
40726      INFO  main            d.u.i.k.p.i.AbstractProblemLoader Creating init config 
43405      DEBUG main            d.u.i.k.p.i.AbstractProblemLoader Init config took 2.68s 
43452      INFO  main            d.u.i.k.p.i.AbstractProblemLoader Replaying proof Node[Node::search()].JML normal_behavior operation contract.0 
43909      DEBUG main            d.u.i.k.p.i.IntermediateProofReplayer Proof replay took 412.74ms 
43912      DEBUG main            d.u.i.k.p.r.p.TestFile    ... success: reloaded. 
43913      INFO  main            d.u.i.k.p.r.p.TestFile    Now processing file /home/runner/work/key/key/key.core/../key.ui/examples/heap/vstte10_04_Queens/Queens_isConsistent.key 
43913      INFO  main            d.u.i.k.p.i.AbstractProblemLoader Loading environment from /home/runner/work/key/key/key.core/../key.ui/examples/heap/vstte10_04_Queens/Queens_isConsistent.key 
43913      DEBUG main            d.u.i.k.p.i.AbstractProblemLoader Environment load took 224.7ns 
43914      INFO  main            d.u.i.k.p.i.AbstractProblemLoader Creating init config 
46906      DEBUG main            d.u.i.k.p.i.AbstractProblemLoader Init config took 2.99s 
46948      INFO  main            d.u.i.k.p.i.AbstractProblemLoader Replaying proof Queens[Queens::isConsistent([I,int)].JML normal_behavior operation contract.0 
46950      DEBUG main            d.u.i.k.p.i.IntermediateProofReplayer Proof replay took 5.8ns 
48865      INFO  main            d.u.i.k.p.r.p.TestFile    ... finished proof: closed. 
49110      INFO  main            d.u.i.k.p.i.AbstractProblemLoader Loading environment from /home/runner/work/key/key/key.core/../key.ui/examples/heap/vstte10_04_Queens/Queens_isConsistent.key.proof 
49110      DEBUG main            d.u.i.k.p.i.AbstractProblemLoader Environment load took 442.2ns 
49112      INFO  main            d.u.i.k.p.i.AbstractProblemLoader Creating init config 
51840      DEBUG main            d.u.i.k.p.i.AbstractProblemLoader Init config took 2.73s 
51880      INFO  main            d.u.i.k.p.i.AbstractProblemLoader Replaying proof Queens[Queens::isConsistent([I,int)].JML normal_behavior operation contract.0 
52146      DEBUG main            d.u.i.k.p.i.IntermediateProofReplayer Proof replay took 240.4ms 
52147      DEBUG main            d.u.i.k.p.r.p.TestFile    ... success: reloaded. 
52148      INFO  main            d.u.i.k.p.r.p.TestFile    Now processing file /home/runner/work/key/key/key.core/../key.ui/examples/heap/vstte10_04_Queens/Queens_nQueens.key 
52149      INFO  main            d.u.i.k.p.i.AbstractProblemLoader Loading environment from /home/runner/work/key/key/key.core/../key.ui/examples/heap/vstte10_04_Queens/Queens_nQueens.key 
52149      DEBUG main            d.u.i.k.p.i.AbstractProblemLoader Environment load took 299.6ns 
52150      INFO  main            d.u.i.k.p.i.AbstractProblemLoader Creating init config 
54958      DEBUG main            d.u.i.k.p.i.AbstractProblemLoader Init config took 2.81s 
55020      INFO  main            d.u.i.k.p.i.AbstractProblemLoader Replaying proof Queens[Queens::nQueens(int)].JML normal_behavior operation contract.0 
55024      DEBUG main            d.u.i.k.p.i.IntermediateProofReplayer Proof replay took 6.2ns 
68195      INFO  main            d.u.i.k.p.r.p.TestFile    ... finished proof: closed. 
68424      INFO  main            d.u.i.k.p.i.AbstractProblemLoader Loading environment from /home/runner/work/key/key/key.core/../key.ui/examples/heap/vstte10_04_Queens/Queens_nQueens.key.proof 
68424      DEBUG main            d.u.i.k.p.i.AbstractProblemLoader Environment load took 425.11ns 
68426      INFO  main            d.u.i.k.p.i.AbstractProblemLoader Creating init config 
71146      DEBUG main            d.u.i.k.p.i.AbstractProblemLoader Init config took 2.72s 
71198      INFO  main            d.u.i.k.p.i.AbstractProblemLoader Replaying proof Queens[Queens::nQueens(int)].JML normal_behavior operation contract.0 
71598      DEBUG main            d.u.i.k.p.i.IntermediateProofReplayer Proof replay took 381.75ms 
71600      DEBUG main            d.u.i.k.p.r.p.TestFile    ... success: reloaded. 
71601      INFO  main            d.u.i.k.p.r.p.TestFile    Now processing file /home/runner/work/key/key/key.core/../key.ui/examples/heap/vstte10_05_Queue/AmortizedQueue_AmortizedQueue.key 
71602      INFO  main            d.u.i.k.p.i.AbstractProblemLoader Loading environment from /home/runner/work/key/key/key.core/../key.ui/examples/heap/vstte10_05_Queue/AmortizedQueue_AmortizedQueue.key 
71602      DEBUG main            d.u.i.k.p.i.AbstractProblemLoader Environment load took 224.6ns 
71603      INFO  main            d.u.i.k.p.i.AbstractProblemLoader Creating init config 
74436      DEBUG main            d.u.i.k.p.i.AbstractProblemLoader Init config took 2.83s 
74491      INFO  main            d.u.i.k.p.i.AbstractProblemLoader Replaying proof AmortizedQueue[AmortizedQueue::AmortizedQueue()].JML normal_behavior operation contract.0 
74493      DEBUG main            d.u.i.k.p.i.IntermediateProofReplayer Proof replay took 6.1ns 
75999      INFO  main            d.u.i.k.p.r.p.TestFile    ... finished proof: closed. 
76200      INFO  main            d.u.i.k.p.i.AbstractProblemLoader Loading environment from /home/runner/work/key/key/key.core/../key.ui/examples/heap/vstte10_05_Queue/AmortizedQueue_AmortizedQueue.key.proof 
76200      DEBUG main            d.u.i.k.p.i.AbstractProblemLoader Environment load took 445.11ns 
76202      INFO  main            d.u.i.k.p.i.AbstractProblemLoader Creating init config 
78965      DEBUG main            d.u.i.k.p.i.AbstractProblemLoader Init config took 2.76s 
79014      INFO  main            d.u.i.k.p.i.AbstractProblemLoader Replaying proof AmortizedQueue[AmortizedQueue::AmortizedQueue()].JML normal_behavior operation contract.0 
79194      DEBUG main            d.u.i.k.p.i.IntermediateProofReplayer Proof replay took 172.34ms 
79195      DEBUG main            d.u.i.k.p.r.p.TestFile    ... success: reloaded. 
79196      INFO  main            d.u.i.k.p.r.p.TestFile    Now processing file /home/runner/work/key/key/key.core/../key.ui/examples/heap/vstte10_05_Queue/AmortizedQueue_front.key 
79196      INFO  main            d.u.i.k.p.i.AbstractProblemLoader Loading environment from /home/runner/work/key/key/key.core/../key.ui/examples/heap/vstte10_05_Queue/AmortizedQueue_front.key 
79197      DEBUG main            d.u.i.k.p.i.AbstractProblemLoader Environment load took 141.7ns 
79198      INFO  main            d.u.i.k.p.i.AbstractProblemLoader Creating init config 
81961      DEBUG main            d.u.i.k.p.i.AbstractProblemLoader Init config took 2.76s 
82001      INFO  main            d.u.i.k.p.i.AbstractProblemLoader Replaying proof AmortizedQueue[AmortizedQueue::front()].JML normal_behavior operation contract.0 
82003      DEBUG main            d.u.i.k.p.i.IntermediateProofReplayer Proof replay took 6.1ns 
82507      INFO  main            d.u.i.k.p.r.p.TestFile    ... finished proof: closed. 
82718      INFO  main            d.u.i.k.p.i.AbstractProblemLoader Loading environment from /home/runner/work/key/key/key.core/../key.ui/examples/heap/vstte10_05_Queue/AmortizedQueue_front.key.proof 
82718      DEBUG main            d.u.i.k.p.i.AbstractProblemLoader Environment load took 127.1ns 
82719      INFO  main            d.u.i.k.p.i.AbstractProblemLoader Creating init config 
85400      DEBUG main            d.u.i.k.p.i.AbstractProblemLoader Init config took 2.68s 
85456      INFO  main            d.u.i.k.p.i.AbstractProblemLoader Replaying proof AmortizedQueue[AmortizedQueue::front()].JML normal_behavior operation contract.0 
85493      DEBUG main            d.u.i.k.p.i.IntermediateProofReplayer Proof replay took 33.74ms 
85495      DEBUG main            d.u.i.k.p.r.p.TestFile    ... success: reloaded. 
85497      INFO  main            d.u.i.k.p.r.p.TestFile    Now processing file /home/runner/work/key/key/key.core/../key.ui/examples/heap/vstte10_05_Queue/LinkedList_concat.key 
85499      INFO  main            d.u.i.k.p.i.AbstractProblemLoader Loading environment from /home/runner/work/key/key/key.core/../key.ui/examples/heap/vstte10_05_Queue/LinkedList_concat.key 
85499      DEBUG main            d.u.i.k.p.i.AbstractProblemLoader Environment load took 248.8ns 
85500      INFO  main            d.u.i.k.p.i.AbstractProblemLoader Creating init config 
88236      DEBUG main            d.u.i.k.p.i.AbstractProblemLoader Init config took 2.74s 
88279      INFO  main            d.u.i.k.p.i.AbstractProblemLoader Replaying proof LinkedList[LinkedList::concat(LinkedList)].JML normal_behavior operation contract.0 
88280      DEBUG main            d.u.i.k.p.i.IntermediateProofReplayer Proof replay took 6.2ns 
96681      INFO  main            d.u.i.k.p.r.p.TestFile    ... finished proof: closed. 
96942      INFO  main            d.u.i.k.p.i.AbstractProblemLoader Loading environment from /home/runner/work/key/key/key.core/../key.ui/examples/heap/vstte10_05_Queue/LinkedList_concat.key.proof 
96943      DEBUG main            d.u.i.k.p.i.AbstractProblemLoader Environment load took 488.81ns 
96945      INFO  main            d.u.i.k.p.i.AbstractProblemLoader Creating init config 
99640      DEBUG main            d.u.i.k.p.i.AbstractProblemLoader Init config took 2.69s 
99690      INFO  main            d.u.i.k.p.i.AbstractProblemLoader Replaying proof LinkedList[LinkedList::concat(LinkedList)].JML normal_behavior operation contract.0 
100138     DEBUG main            d.u.i.k.p.i.IntermediateProofReplayer Proof replay took 419.44ms 
100144     DEBUG main            d.u.i.k.p.r.p.TestFile    ... success: reloaded. 
100145     INFO  main            d.u.i.k.p.r.p.TestFile    Now processing file /home/runner/work/key/key/key.core/../key.ui/examples/heap/vstte10_05_Queue/LinkedList_cons.key 
100145     INFO  main            d.u.i.k.p.i.AbstractProblemLoader Loading environment from /home/runner/work/key/key/key.core/../key.ui/examples/heap/vstte10_05_Queue/LinkedList_cons.key 
100146     DEBUG main            d.u.i.k.p.i.AbstractProblemLoader Environment load took 223.8ns 
100147     INFO  main            d.u.i.k.p.i.AbstractProblemLoader Creating init config 
102838     DEBUG main            d.u.i.k.p.i.AbstractProblemLoader Init config took 2.69s 
102880     INFO  main            d.u.i.k.p.i.AbstractProblemLoader Replaying proof LinkedList[LinkedList::cons(int)].JML normal_behavior operation contract.0 
102882     DEBUG main            d.u.i.k.p.i.IntermediateProofReplayer Proof replay took 6.4ns 
105222     INFO  main            d.u.i.k.p.r.p.TestFile    ... finished proof: closed. 
105473     INFO  main            d.u.i.k.p.i.AbstractProblemLoader Loading environment from /home/runner/work/key/key/key.core/../key.ui/examples/heap/vstte10_05_Queue/LinkedList_cons.key.proof 
105473     DEBUG main            d.u.i.k.p.i.AbstractProblemLoader Environment load took 540.8ns 
105475     INFO  main            d.u.i.k.p.i.AbstractProblemLoader Creating init config 
108152     DEBUG main            d.u.i.k.p.i.AbstractProblemLoader Init config took 2.68s 
108194     INFO  main            d.u.i.k.p.i.AbstractProblemLoader Replaying proof LinkedList[LinkedList::cons(int)].JML normal_behavior operation contract.0 
108391     DEBUG main            d.u.i.k.p.i.IntermediateProofReplayer Proof replay took 186.27ms 
108392     DEBUG main            d.u.i.k.p.r.p.TestFile    ... success: reloaded. 
108393     INFO  main            d.u.i.k.p.r.p.TestFile    Now processing file /home/runner/work/key/key/key.core/../key.ui/examples/heap/vstte10_05_Queue/LinkedList_head.key 
108393     INFO  main            d.u.i.k.p.i.AbstractProblemLoader Loading environment from /home/runner/work/key/key/key.core/../key.ui/examples/heap/vstte10_05_Queue/LinkedList_head.key 
108393     DEBUG main            d.u.i.k.p.i.AbstractProblemLoader Environment load took 103.3ns 
108394     INFO  main            d.u.i.k.p.i.AbstractProblemLoader Creating init config 
111093     DEBUG main            d.u.i.k.p.i.AbstractProblemLoader Init config took 2.7s 
111153     INFO  main            d.u.i.k.p.i.AbstractProblemLoader Replaying proof LinkedList[LinkedList::head()].JML normal_behavior operation contract.0 
111155     DEBUG main            d.u.i.k.p.i.IntermediateProofReplayer Proof replay took 6.5ns 
111257     INFO  main            d.u.i.k.p.r.p.TestFile    ... finished proof: closed. 
111465     INFO  main            d.u.i.k.p.i.AbstractProblemLoader Loading environment from /home/runner/work/key/key/key.core/../key.ui/examples/heap/vstte10_05_Queue/LinkedList_head.key.proof 
111465     DEBUG main            d.u.i.k.p.i.AbstractProblemLoader Environment load took 173.5ns 
111469     INFO  main            d.u.i.k.p.i.AbstractProblemLoader Creating init config 
114198     DEBUG main            d.u.i.k.p.i.AbstractProblemLoader Init config took 2.73s 
114242     INFO  main            d.u.i.k.p.i.AbstractProblemLoader Replaying proof LinkedList[LinkedList::head()].JML normal_behavior operation contract.0 
114257     DEBUG main            d.u.i.k.p.i.IntermediateProofReplayer Proof replay took 10.61ms 
114259     DEBUG main            d.u.i.k.p.r.p.TestFile    ... success: reloaded. 
114260     INFO  main            d.u.i.k.p.r.p.TestFile    Now processing file /home/runner/work/key/key/key.core/../key.ui/examples/heap/vstte10_05_Queue/LinkedList_inv.key 
114260     INFO  main            d.u.i.k.p.i.AbstractProblemLoader Loading environment from /home/runner/work/key/key/key.core/../key.ui/examples/heap/vstte10_05_Queue/LinkedList_inv.key 
114260     DEBUG main            d.u.i.k.p.i.AbstractProblemLoader Environment load took 103.7ns 
114262     INFO  main            d.u.i.k.p.i.AbstractProblemLoader Creating init config 
116998     DEBUG main            d.u.i.k.p.i.AbstractProblemLoader Init config took 2.74s 
117052     INFO  main            d.u.i.k.p.i.AbstractProblemLoader Replaying proof LinkedList[java.lang.Object::<inv>()].JML accessible clause.0 
117054     DEBUG main            d.u.i.k.p.i.IntermediateProofReplayer Proof replay took 6.5ns 
117356     INFO  main            d.u.i.k.p.r.p.TestFile    ... finished proof: closed. 
117582     INFO  main            d.u.i.k.p.i.AbstractProblemLoader Loading environment from /home/runner/work/key/key/key.core/../key.ui/examples/heap/vstte10_05_Queue/LinkedList_inv.key.proof 
117582     DEBUG main            d.u.i.k.p.i.AbstractProblemLoader Environment load took 128ns 
117584     INFO  main            d.u.i.k.p.i.AbstractProblemLoader Creating init config 
120254     DEBUG main            d.u.i.k.p.i.AbstractProblemLoader Init config took 2.67s 
120296     INFO  main            d.u.i.k.p.i.AbstractProblemLoader Replaying proof LinkedList[java.lang.Object::<inv>()].JML accessible clause.0 
120339     DEBUG main            d.u.i.k.p.i.IntermediateProofReplayer Proof replay took 39.67ms 
120340     DEBUG main            d.u.i.k.p.r.p.TestFile    ... success: reloaded. 
120342     INFO  main            d.u.i.k.p.r.p.TestFile    Now processing file /home/runner/work/key/key/key.core/../key.ui/examples/heap/vstte10_05_Queue/LinkedList_length.key 
120342     INFO  main            d.u.i.k.p.i.AbstractProblemLoader Loading environment from /home/runner/work/key/key/key.core/../key.ui/examples/heap/vstte10_05_Queue/LinkedList_length.key 
120342     DEBUG main            d.u.i.k.p.i.AbstractProblemLoader Environment load took 212.3ns 
120343     INFO  main            d.u.i.k.p.i.AbstractProblemLoader Creating init config 
123072     DEBUG main            d.u.i.k.p.i.AbstractProblemLoader Init config took 2.73s 
123114     INFO  main            d.u.i.k.p.i.AbstractProblemLoader Replaying proof LinkedList[LinkedList::length()].JML normal_behavior operation contract.0 
123117     DEBUG main            d.u.i.k.p.i.IntermediateProofReplayer Proof replay took 161ns 
123219     INFO  main            d.u.i.k.p.r.p.TestFile    ... finished proof: closed. 
123453     INFO  main            d.u.i.k.p.i.AbstractProblemLoader Loading environment from /home/runner/work/key/key/key.core/../key.ui/examples/heap/vstte10_05_Queue/LinkedList_length.key.proof 
123454     DEBUG main            d.u.i.k.p.i.AbstractProblemLoader Environment load took 128.8ns 
123455     INFO  main            d.u.i.k.p.i.AbstractProblemLoader Creating init config 
126119     DEBUG main            d.u.i.k.p.i.AbstractProblemLoader Init config took 2.66s 
126159     INFO  main            d.u.i.k.p.i.AbstractProblemLoader Replaying proof LinkedList[LinkedList::length()].JML normal_behavior operation contract.0 
126170     DEBUG main            d.u.i.k.p.i.IntermediateProofReplayer Proof replay took 9.42ms 
126171     DEBUG main            d.u.i.k.p.r.p.TestFile    ... success: reloaded. 
126172     INFO  main            d.u.i.k.p.r.p.TestFile    Now processing file /home/runner/work/key/key/key.core/../key.ui/examples/heap/vstte10_05_Queue/LinkedList_LinkedList1.key 
126172     INFO  main            d.u.i.k.p.i.AbstractProblemLoader Loading environment from /home/runner/work/key/key/key.core/../key.ui/examples/heap/vstte10_05_Queue/LinkedList_LinkedList1.key 
126172     DEBUG main            d.u.i.k.p.i.AbstractProblemLoader Environment load took 99.2ns 
126173     INFO  main            d.u.i.k.p.i.AbstractProblemLoader Creating init config 
128914     DEBUG main            d.u.i.k.p.i.AbstractProblemLoader Init config took 2.74s 
128955     INFO  main            d.u.i.k.p.i.AbstractProblemLoader Replaying proof LinkedList[LinkedList::LinkedList(int,LinkedList)].JML normal_behavior operation contract.0 
128957     DEBUG main            d.u.i.k.p.i.IntermediateProofReplayer Proof replay took 6.8ns 
130969     INFO  main            d.u.i.k.p.r.p.TestFile    ... finished proof: closed. 
131234     INFO  main            d.u.i.k.p.i.AbstractProblemLoader Loading environment from /home/runner/work/key/key/key.core/../key.ui/examples/heap/vstte10_05_Queue/LinkedList_LinkedList1.key.proof 
131234     DEBUG main            d.u.i.k.p.i.AbstractProblemLoader Environment load took 142.4ns 
131235     INFO  main            d.u.i.k.p.i.AbstractProblemLoader Creating init config 
133903     DEBUG main            d.u.i.k.p.i.AbstractProblemLoader Init config took 2.67s 
133943     INFO  main            d.u.i.k.p.i.AbstractProblemLoader Replaying proof LinkedList[LinkedList::LinkedList(int,LinkedList)].JML normal_behavior operation contract.0 
134120     DEBUG main            d.u.i.k.p.i.IntermediateProofReplayer Proof replay took 169.97ms 
134122     DEBUG main            d.u.i.k.p.r.p.TestFile    ... success: reloaded. 
134123     INFO  main            d.u.i.k.p.r.p.TestFile    Now processing file /home/runner/work/key/key/key.core/../key.ui/examples/heap/vstte10_05_Queue/LinkedList_LinkedList2.key 
134123     INFO  main            d.u.i.k.p.i.AbstractProblemLoader Loading environment from /home/runner/work/key/key/key.core/../key.ui/examples/heap/vstte10_05_Queue/LinkedList_LinkedList2.key 
134124     DEBUG main            d.u.i.k.p.i.AbstractProblemLoader Environment load took 226.9ns 
134125     INFO  main            d.u.i.k.p.i.AbstractProblemLoader Creating init config 
136863     DEBUG main            d.u.i.k.p.i.AbstractProblemLoader Init config took 2.74s 
136907     INFO  main            d.u.i.k.p.i.AbstractProblemLoader Replaying proof LinkedList[LinkedList::LinkedList(int,LinkedList)].JML normal_behavior operation contract.0 
136910     DEBUG main            d.u.i.k.p.i.IntermediateProofReplayer Proof replay took 7.4ns 
138936     INFO  main            d.u.i.k.p.r.p.TestFile    ... finished proof: closed. 
139188     INFO  main            d.u.i.k.p.i.AbstractProblemLoader Loading environment from /home/runner/work/key/key/key.core/../key.ui/examples/heap/vstte10_05_Queue/LinkedList_LinkedList2.key.proof 
139189     DEBUG main            d.u.i.k.p.i.AbstractProblemLoader Environment load took 467.9ns 
139190     INFO  main            d.u.i.k.p.i.AbstractProblemLoader Creating init config 
141850     DEBUG main            d.u.i.k.p.i.AbstractProblemLoader Init config took 2.66s 
141891     INFO  main            d.u.i.k.p.i.AbstractProblemLoader Replaying proof LinkedList[LinkedList::LinkedList(int,LinkedList)].JML normal_behavior operation contract.0 
142056     DEBUG main            d.u.i.k.p.i.IntermediateProofReplayer Proof replay took 157.89ms 
142057     DEBUG main            d.u.i.k.p.r.p.TestFile    ... success: reloaded. 
142058     INFO  main            d.u.i.k.p.r.p.TestFile    Now processing file /home/runner/work/key/key/key.core/../key.ui/examples/heap/vstte10_05_Queue/LinkedList_LinkedList3.key 
142058     INFO  main            d.u.i.k.p.i.AbstractProblemLoader Loading environment from /home/runner/work/key/key/key.core/../key.ui/examples/heap/vstte10_05_Queue/LinkedList_LinkedList3.key 
142059     DEBUG main            d.u.i.k.p.i.AbstractProblemLoader Environment load took 69.6ns 
142059     INFO  main            d.u.i.k.p.i.AbstractProblemLoader Creating init config 
144763     DEBUG main            d.u.i.k.p.i.AbstractProblemLoader Init config took 2.7s 
144804     INFO  main            d.u.i.k.p.i.AbstractProblemLoader Replaying proof LinkedList[LinkedList::LinkedList(int,LinkedList)].JML normal_behavior operation contract.0 
144805     DEBUG main            d.u.i.k.p.i.IntermediateProofReplayer Proof replay took 6.4ns 
160055     INFO  main            d.u.i.k.p.r.p.TestFile    ... finished proof: closed. 
160393     INFO  main            d.u.i.k.p.i.AbstractProblemLoader Loading environment from /home/runner/work/key/key/key.core/../key.ui/examples/heap/vstte10_05_Queue/LinkedList_LinkedList3.key.proof 
160393     DEBUG main            d.u.i.k.p.i.AbstractProblemLoader Environment load took 458.7ns 
160402     INFO  main            d.u.i.k.p.i.AbstractProblemLoader Creating init config 
163061     DEBUG main            d.u.i.k.p.i.AbstractProblemLoader Init config took 2.66s 
163103     INFO  main            d.u.i.k.p.i.AbstractProblemLoader Replaying proof LinkedList[LinkedList::LinkedList(int,LinkedList)].JML normal_behavior operation contract.0 
164154     DEBUG main            d.u.i.k.p.i.IntermediateProofReplayer Proof replay took 960.85ms 
164163     DEBUG main            d.u.i.k.p.r.p.TestFile    ... success: reloaded. 
164165     INFO  main            d.u.i.k.p.r.p.TestFile    Now processing file /home/runner/work/key/key/key.core/../key.ui/examples/heap/vstte10_05_Queue/LinkedList_reverse.key 
164165     INFO  main            d.u.i.k.p.i.AbstractProblemLoader Loading environment from /home/runner/work/key/key/key.core/../key.ui/examples/heap/vstte10_05_Queue/LinkedList_reverse.key 
164165     DEBUG main            d.u.i.k.p.i.AbstractProblemLoader Environment load took 230.2ns 
164166     INFO  main            d.u.i.k.p.i.AbstractProblemLoader Creating init config 
166908     DEBUG main            d.u.i.k.p.i.AbstractProblemLoader Init config took 2.74s 
166951     INFO  main            d.u.i.k.p.i.AbstractProblemLoader Replaying proof LinkedList[LinkedList::reverse()].JML normal_behavior operation contract.0 
166956     DEBUG main            d.u.i.k.p.i.IntermediateProofReplayer Proof replay took 6.1ns 
176273     INFO  main            d.u.i.k.p.r.p.TestFile    ... finished proof: closed. 
176581     INFO  main            d.u.i.k.p.i.AbstractProblemLoader Loading environment from /home/runner/work/key/key/key.core/../key.ui/examples/heap/vstte10_05_Queue/LinkedList_reverse.key.proof 
176585     DEBUG main            d.u.i.k.p.i.AbstractProblemLoader Environment load took 5.02ms 
176588     INFO  main            d.u.i.k.p.i.AbstractProblemLoader Creating init config 
179234     DEBUG main            d.u.i.k.p.i.AbstractProblemLoader Init config took 2.65s 
179274     INFO  main            d.u.i.k.p.i.AbstractProblemLoader Replaying proof LinkedList[LinkedList::reverse()].JML normal_behavior operation contract.0 
179755     DEBUG main            d.u.i.k.p.i.IntermediateProofReplayer Proof replay took 451.99ms 
179758     DEBUG main            d.u.i.k.p.r.p.TestFile    ... success: reloaded. 
179758     INFO  main            d.u.i.k.p.r.p.TestFile    Now processing file /home/runner/work/key/key/key.core/../key.ui/examples/heap/vstte10_05_Queue/LinkedList_tail.key 
179759     INFO  main            d.u.i.k.p.i.AbstractProblemLoader Loading environment from /home/runner/work/key/key/key.core/../key.ui/examples/heap/vstte10_05_Queue/LinkedList_tail.key 
179759     DEBUG main            d.u.i.k.p.i.AbstractProblemLoader Environment load took 108.3ns 
179760     INFO  main            d.u.i.k.p.i.AbstractProblemLoader Creating init config 
182505     DEBUG main            d.u.i.k.p.i.AbstractProblemLoader Init config took 2.75s 
182545     INFO  main            d.u.i.k.p.i.AbstractProblemLoader Replaying proof LinkedList[LinkedList::tail()].JML normal_behavior operation contract.0 
182547     DEBUG main            d.u.i.k.p.i.IntermediateProofReplayer Proof replay took 43.1ns 
183055     INFO  main            d.u.i.k.p.r.p.TestFile    ... finished proof: closed. 
183328     INFO  main            d.u.i.k.p.i.AbstractProblemLoader Loading environment from /home/runner/work/key/key/key.core/../key.ui/examples/heap/vstte10_05_Queue/LinkedList_tail.key.proof 
183328     DEBUG main            d.u.i.k.p.i.AbstractProblemLoader Environment load took 114.6ns 
183329     INFO  main            d.u.i.k.p.i.AbstractProblemLoader Creating init config 
185982     DEBUG main            d.u.i.k.p.i.AbstractProblemLoader Init config took 2.65s 
186022     INFO  main            d.u.i.k.p.i.AbstractProblemLoader Replaying proof LinkedList[LinkedList::tail()].JML normal_behavior operation contract.0 
186094     DEBUG main            d.u.i.k.p.i.IntermediateProofReplayer Proof replay took 68.62ms 
186095     DEBUG main            d.u.i.k.p.r.p.TestFile    ... success: reloaded. 
2334492    INFO  Test worker     d.u.i.k.p.r.RunAllProofsTestUnit Returning from test VSTTE10 
2334493    INFO  Test worker     d.u.i.k.p.r.RunAllProofsTestUnit Running test WeideEtAl 
318        INFO  Timeout watchdog d.u.i.k.p.r.p.ForkedTestFileRunner Timeout watcher launched (2000 secs.) 
325        WARN  main            d.u.i.k.s.ProofSettings   The settings in /home/runner/.key/proof-settings.props are *not* read. 
370        INFO  main            d.u.i.k.p.r.p.TestFile    Now processing file /home/runner/work/key/key/key.core/../key.ui/examples/heap/WeideEtAl_01_AddAndMultiply/AddAndMultiply_add.key 
502        INFO  main            d.u.i.k.p.i.AbstractProblemLoader Loading environment from /home/runner/work/key/key/key.core/../key.ui/examples/heap/WeideEtAl_01_AddAndMultiply/AddAndMultiply_add.key 
523        DEBUG main            d.u.i.k.p.i.AbstractProblemLoader Environment load took 2.04ms 
747        INFO  main            d.u.i.k.p.i.AbstractProblemLoader Creating init config 
1713       DEBUG main            d.u.i.k.j.TypeConverter   No LDT found for Meta 
1713       DEBUG main            d.u.i.k.j.TypeConverter   No LDT found for Meta 
1716       DEBUG main            d.u.i.k.j.TypeConverter   No LDT found for Meta 
1716       DEBUG main            d.u.i.k.j.TypeConverter   No LDT found for Meta 
3193       DEBUG main            d.u.i.k.j.TypeConverter   No LDT found for JavaBigintExpression 
8449       DEBUG main            d.u.i.k.p.i.AbstractProblemLoader Init config took 7.7s 
8627       INFO  main            d.u.i.k.p.i.AbstractProblemLoader Replaying proof AddAndMultiply[AddAndMultiply::add(int,int)].JML normal_behavior operation contract.0 
8662       DEBUG main            d.u.i.k.p.i.IntermediateProofReplayer Proof replay took 30.5ns 
10409      INFO  main            d.u.i.k.p.r.p.TestFile    ... finished proof: closed. 
10550      INFO  main            d.u.i.k.p.i.AbstractProblemLoader Loading environment from /home/runner/work/key/key/key.core/../key.ui/examples/heap/WeideEtAl_01_AddAndMultiply/AddAndMultiply_add.key.proof 
10556      DEBUG main            d.u.i.k.p.i.AbstractProblemLoader Environment load took 5.61ms 
10558      INFO  main            d.u.i.k.p.i.AbstractProblemLoader Creating init config 
13360      DEBUG main            d.u.i.k.p.i.AbstractProblemLoader Init config took 2.8s 
13418      INFO  main            d.u.i.k.p.i.AbstractProblemLoader Replaying proof AddAndMultiply[AddAndMultiply::add(int,int)].JML normal_behavior operation contract.0 
13650      DEBUG main            d.u.i.k.p.i.IntermediateProofReplayer Proof replay took 222.4ms 
13659      DEBUG main            d.u.i.k.p.r.p.TestFile    ... success: reloaded. 
13662      INFO  main            d.u.i.k.p.r.p.TestFile    Now processing file /home/runner/work/key/key/key.core/../key.ui/examples/heap/WeideEtAl_01_AddAndMultiply/AddAndMultiply_mul.key 
13663      INFO  main            d.u.i.k.p.i.AbstractProblemLoader Loading environment from /home/runner/work/key/key/key.core/../key.ui/examples/heap/WeideEtAl_01_AddAndMultiply/AddAndMultiply_mul.key 
13663      DEBUG main            d.u.i.k.p.i.AbstractProblemLoader Environment load took 270.4ns 
13666      INFO  main            d.u.i.k.p.i.AbstractProblemLoader Creating init config 
16471      DEBUG main            d.u.i.k.p.i.AbstractProblemLoader Init config took 2.81s 
16525      INFO  main            d.u.i.k.p.i.AbstractProblemLoader Replaying proof AddAndMultiply[AddAndMultiply::mul(int,int)].JML normal_behavior operation contract.0 
16527      DEBUG main            d.u.i.k.p.i.IntermediateProofReplayer Proof replay took 6ns 
17037      INFO  main            d.u.i.k.p.r.p.TestFile    ... finished proof: closed. 
17183      INFO  main            d.u.i.k.p.i.AbstractProblemLoader Loading environment from /home/runner/work/key/key/key.core/../key.ui/examples/heap/WeideEtAl_01_AddAndMultiply/AddAndMultiply_mul.key.proof 
17187      DEBUG main            d.u.i.k.p.i.AbstractProblemLoader Environment load took 3.5ms 
17188      INFO  main            d.u.i.k.p.i.AbstractProblemLoader Creating init config 
19835      DEBUG main            d.u.i.k.p.i.AbstractProblemLoader Init config took 2.65s 
19897      INFO  main            d.u.i.k.p.i.AbstractProblemLoader Replaying proof AddAndMultiply[AddAndMultiply::mul(int,int)].JML normal_behavior operation contract.0 
19990      DEBUG main            d.u.i.k.p.i.IntermediateProofReplayer Proof replay took 88.03ms 
19992      DEBUG main            d.u.i.k.p.r.p.TestFile    ... success: reloaded. 
19993      INFO  main            d.u.i.k.p.r.p.TestFile    Now processing file /home/runner/work/key/key/key.core/../key.ui/examples/heap/WeideEtAl_02_BinarySearch/BinarySearch_search.key 
19994      INFO  main            d.u.i.k.p.i.AbstractProblemLoader Loading environment from /home/runner/work/key/key/key.core/../key.ui/examples/heap/WeideEtAl_02_BinarySearch/BinarySearch_search.key 
19994      DEBUG main            d.u.i.k.p.i.AbstractProblemLoader Environment load took 226.3ns 
19995      INFO  main            d.u.i.k.p.i.AbstractProblemLoader Creating init config 
22697      DEBUG main            d.u.i.k.p.i.AbstractProblemLoader Init config took 2.7s 
22743      INFO  main            d.u.i.k.p.i.AbstractProblemLoader Replaying proof BinarySearch[BinarySearch::search([I,int)].JML normal_behavior operation contract.0 
22747      DEBUG main            d.u.i.k.p.i.IntermediateProofReplayer Proof replay took 6.5ns 
26081      INFO  main            d.u.i.k.p.r.p.TestFile    ... finished proof: closed. 
26259      INFO  main            d.u.i.k.p.i.AbstractProblemLoader Loading environment from /home/runner/work/key/key/key.core/../key.ui/examples/heap/WeideEtAl_02_BinarySearch/BinarySearch_search.key.proof 
26260      DEBUG main            d.u.i.k.p.i.AbstractProblemLoader Environment load took 444.81ns 
26262      INFO  main            d.u.i.k.p.i.AbstractProblemLoader Creating init config 
28831      DEBUG main            d.u.i.k.p.i.AbstractProblemLoader Init config took 2.57s 
28898      INFO  main            d.u.i.k.p.i.AbstractProblemLoader Replaying proof BinarySearch[BinarySearch::search([I,int)].JML normal_behavior operation contract.0 
29263      DEBUG main            d.u.i.k.p.i.IntermediateProofReplayer Proof replay took 345.51ms 
29265      DEBUG main            d.u.i.k.p.r.p.TestFile    ... success: reloaded. 
2363952    INFO  Test worker     d.u.i.k.p.r.RunAllProofsTestUnit Returning from test WeideEtAl 
2363953    INFO  Test worker     d.u.i.k.p.r.RunAllProofsTestUnit Running test arithmetic 
345        INFO  Timeout watchdog d.u.i.k.p.r.p.ForkedTestFileRunner Timeout watcher launched (2000 secs.) 
344        WARN  main            d.u.i.k.s.ProofSettings   The settings in /home/runner/.key/proof-settings.props are *not* read. 
392        INFO  main            d.u.i.k.p.r.p.TestFile    Now processing file /home/runner/work/key/key/key.core/../key.ui/examples/standard_key/arith/binomial1.key 
497        INFO  main            d.u.i.k.p.i.AbstractProblemLoader Loading environment from /home/runner/work/key/key/key.core/../key.ui/examples/standard_key/arith/binomial1.key 
528        DEBUG main            d.u.i.k.p.i.AbstractProblemLoader Environment load took 2.38ms 
778        INFO  main            d.u.i.k.p.i.AbstractProblemLoader Creating init config 
1594       DEBUG main            d.u.i.k.j.TypeConverter   No LDT found for Meta 
1595       DEBUG main            d.u.i.k.j.TypeConverter   No LDT found for Meta 
1597       DEBUG main            d.u.i.k.j.TypeConverter   No LDT found for Meta 
1597       DEBUG main            d.u.i.k.j.TypeConverter   No LDT found for Meta 
3130       DEBUG main            d.u.i.k.j.TypeConverter   No LDT found for JavaBigintExpression 
7753       DEBUG main            d.u.i.k.p.i.AbstractProblemLoader Init config took 6.97s 
7834       INFO  main            d.u.i.k.p.i.AbstractProblemLoader Replaying proof binomial1.key 
7873       DEBUG main            d.u.i.k.p.i.IntermediateProofReplayer Proof replay took 36.1ns 
8135       INFO  main            d.u.i.k.p.r.p.TestFile    ... finished proof: closed. 
8232       INFO  main            d.u.i.k.p.i.AbstractProblemLoader Loading environment from /home/runner/work/key/key/key.core/../key.ui/examples/standard_key/arith/binomial1.key.proof 
8234       DEBUG main            d.u.i.k.p.i.AbstractProblemLoader Environment load took 1.22ms 
8239       INFO  main            d.u.i.k.p.i.AbstractProblemLoader Creating init config 
10945      DEBUG main            d.u.i.k.p.i.AbstractProblemLoader Init config took 2.71s 
10974      INFO  main            d.u.i.k.p.i.AbstractProblemLoader Replaying proof binomial1.key.proof 
10986      DEBUG main            d.u.i.k.p.i.IntermediateProofReplayer Proof replay took 8.36ms 
10997      DEBUG main            d.u.i.k.p.r.p.TestFile    ... success: reloaded. 
10998      INFO  main            d.u.i.k.p.r.p.TestFile    Now processing file /home/runner/work/key/key/key.core/../key.ui/examples/standard_key/arith/binomial2.key 
10999      INFO  main            d.u.i.k.p.i.AbstractProblemLoader Loading environment from /home/runner/work/key/key/key.core/../key.ui/examples/standard_key/arith/binomial2.key 
10999      DEBUG main            d.u.i.k.p.i.AbstractProblemLoader Environment load took 231.4ns 
11000      INFO  main            d.u.i.k.p.i.AbstractProblemLoader Creating init config 
13574      DEBUG main            d.u.i.k.p.i.AbstractProblemLoader Init config took 2.57s 
13630      INFO  main            d.u.i.k.p.i.AbstractProblemLoader Replaying proof binomial2.key 
13636      DEBUG main            d.u.i.k.p.i.IntermediateProofReplayer Proof replay took 7.1ns 
13843      INFO  main            d.u.i.k.p.r.p.TestFile    ... finished proof: closed. 
13969      INFO  main            d.u.i.k.p.i.AbstractProblemLoader Loading environment from /home/runner/work/key/key/key.core/../key.ui/examples/standard_key/arith/binomial2.key.proof 
13969      DEBUG main            d.u.i.k.p.i.AbstractProblemLoader Environment load took 155.3ns 
13970      INFO  main            d.u.i.k.p.i.AbstractProblemLoader Creating init config 
16506      DEBUG main            d.u.i.k.p.i.AbstractProblemLoader Init config took 2.54s 
16529      INFO  main            d.u.i.k.p.i.AbstractProblemLoader Replaying proof binomial2.key.proof 
16538      DEBUG main            d.u.i.k.p.i.IntermediateProofReplayer Proof replay took 5.77ms 
16539      DEBUG main            d.u.i.k.p.r.p.TestFile    ... success: reloaded. 
16540      INFO  main            d.u.i.k.p.r.p.TestFile    Now processing file /home/runner/work/key/key/key.core/../key.ui/examples/standard_key/arith/check_jdiv.key 
16540      INFO  main            d.u.i.k.p.i.AbstractProblemLoader Loading environment from /home/runner/work/key/key/key.core/../key.ui/examples/standard_key/arith/check_jdiv.key 
16540      DEBUG main            d.u.i.k.p.i.AbstractProblemLoader Environment load took 218.7ns 
16542      INFO  main            d.u.i.k.p.i.AbstractProblemLoader Creating init config 
19074      DEBUG main            d.u.i.k.p.i.AbstractProblemLoader Init config took 2.53s 
19096      INFO  main            d.u.i.k.p.i.AbstractProblemLoader Replaying proof check_jdiv.key 
19100      DEBUG main            d.u.i.k.p.i.IntermediateProofReplayer Proof replay took 6.6ns 
24468      INFO  main            d.u.i.k.p.r.p.TestFile    ... finished proof: closed. 
24668      INFO  main            d.u.i.k.p.i.AbstractProblemLoader Loading environment from /home/runner/work/key/key/key.core/../key.ui/examples/standard_key/arith/check_jdiv.key.proof 
24670      DEBUG main            d.u.i.k.p.i.AbstractProblemLoader Environment load took 1.94ms 
24678      INFO  main            d.u.i.k.p.i.AbstractProblemLoader Creating init config 
27121      DEBUG main            d.u.i.k.p.i.AbstractProblemLoader Init config took 2.44s 
27142      INFO  main            d.u.i.k.p.i.AbstractProblemLoader Replaying proof check_jdiv.key.proof 
27408      DEBUG main            d.u.i.k.p.i.IntermediateProofReplayer Proof replay took 232.16ms 
27410      DEBUG main            d.u.i.k.p.r.p.TestFile    ... success: reloaded. 
27412      INFO  main            d.u.i.k.p.r.p.TestFile    Now processing file /home/runner/work/key/key/key.core/../key.ui/examples/standard_key/arith/check_jdiv_concrete.key 
27412      INFO  main            d.u.i.k.p.i.AbstractProblemLoader Loading environment from /home/runner/work/key/key/key.core/../key.ui/examples/standard_key/arith/check_jdiv_concrete.key 
27412      DEBUG main            d.u.i.k.p.i.AbstractProblemLoader Environment load took 225.9ns 
27414      INFO  main            d.u.i.k.p.i.AbstractProblemLoader Creating init config 
29886      DEBUG main            d.u.i.k.p.i.AbstractProblemLoader Init config took 2.47s 
29906      INFO  main            d.u.i.k.p.i.AbstractProblemLoader Replaying proof check_jdiv_concrete.key 
29908      DEBUG main            d.u.i.k.p.i.IntermediateProofReplayer Proof replay took 6.1ns 
30011      INFO  main            d.u.i.k.p.r.p.TestFile    ... finished proof: closed. 
30214      INFO  main            d.u.i.k.p.i.AbstractProblemLoader Loading environment from /home/runner/work/key/key/key.core/../key.ui/examples/standard_key/arith/check_jdiv_concrete.key.proof 
30214      DEBUG main            d.u.i.k.p.i.AbstractProblemLoader Environment load took 135.7ns 
30216      INFO  main            d.u.i.k.p.i.AbstractProblemLoader Creating init config 
32619      DEBUG main            d.u.i.k.p.i.AbstractProblemLoader Init config took 2.4s 
32638      INFO  main            d.u.i.k.p.i.AbstractProblemLoader Replaying proof check_jdiv_concrete.key.proof 
32643      DEBUG main            d.u.i.k.p.i.IntermediateProofReplayer Proof replay took 2.52ms 
32644      DEBUG main            d.u.i.k.p.r.p.TestFile    ... success: reloaded. 
32645      INFO  main            d.u.i.k.p.r.p.TestFile    Now processing file /home/runner/work/key/key/key.core/../key.ui/examples/standard_key/arith/check_jdiv_instantiated.key 
32645      INFO  main            d.u.i.k.p.i.AbstractProblemLoader Loading environment from /home/runner/work/key/key/key.core/../key.ui/examples/standard_key/arith/check_jdiv_instantiated.key 
32645      DEBUG main            d.u.i.k.p.i.AbstractProblemLoader Environment load took 116.7ns 
32646      INFO  main            d.u.i.k.p.i.AbstractProblemLoader Creating init config 
35125      DEBUG main            d.u.i.k.p.i.AbstractProblemLoader Init config took 2.48s 
35145      INFO  main            d.u.i.k.p.i.AbstractProblemLoader Replaying proof check_jdiv_instantiated.key 
35147      DEBUG main            d.u.i.k.p.i.IntermediateProofReplayer Proof replay took 6.6ns 
38490      INFO  main            d.u.i.k.p.r.p.TestFile    ... finished proof: closed. 
38806      INFO  main            d.u.i.k.p.i.AbstractProblemLoader Loading environment from /home/runner/work/key/key/key.core/../key.ui/examples/standard_key/arith/check_jdiv_instantiated.key.proof 
38807      DEBUG main            d.u.i.k.p.i.AbstractProblemLoader Environment load took 453.8ns 
38809      INFO  main            d.u.i.k.p.i.AbstractProblemLoader Creating init config 
41198      DEBUG main            d.u.i.k.p.i.AbstractProblemLoader Init config took 2.39s 
41230      INFO  main            d.u.i.k.p.i.AbstractProblemLoader Replaying proof check_jdiv_instantiated.key.proof 
41407      DEBUG main            d.u.i.k.p.i.IntermediateProofReplayer Proof replay took 151.26ms 
41410      DEBUG main            d.u.i.k.p.r.p.TestFile    ... success: reloaded. 
41411      INFO  main            d.u.i.k.p.r.p.TestFile    Now processing file /home/runner/work/key/key/key.core/../key.ui/examples/standard_key/arith/check_jmod.key 
41411      INFO  main            d.u.i.k.p.i.AbstractProblemLoader Loading environment from /home/runner/work/key/key/key.core/../key.ui/examples/standard_key/arith/check_jmod.key 
41412      DEBUG main            d.u.i.k.p.i.AbstractProblemLoader Environment load took 221.2ns 
41413      INFO  main            d.u.i.k.p.i.AbstractProblemLoader Creating init config 
43906      DEBUG main            d.u.i.k.p.i.AbstractProblemLoader Init config took 2.49s 
43925      INFO  main            d.u.i.k.p.i.AbstractProblemLoader Replaying proof check_jmod.key 
43928      DEBUG main            d.u.i.k.p.i.IntermediateProofReplayer Proof replay took 6.9ns 
44435      INFO  main            d.u.i.k.p.r.p.TestFile    ... finished proof: closed. 
44671      INFO  main            d.u.i.k.p.i.AbstractProblemLoader Loading environment from /home/runner/work/key/key/key.core/../key.ui/examples/standard_key/arith/check_jmod.key.proof 
44671      DEBUG main            d.u.i.k.p.i.AbstractProblemLoader Environment load took 554.11ns 
44673      INFO  main            d.u.i.k.p.i.AbstractProblemLoader Creating init config 
47004      DEBUG main            d.u.i.k.p.i.AbstractProblemLoader Init config took 2.33s 
47024      INFO  main            d.u.i.k.p.i.AbstractProblemLoader Replaying proof check_jmod.key.proof 
47053      DEBUG main            d.u.i.k.p.i.IntermediateProofReplayer Proof replay took 23.3ms 
47054      DEBUG main            d.u.i.k.p.r.p.TestFile    ... success: reloaded. 
47055      INFO  main            d.u.i.k.p.r.p.TestFile    Now processing file /home/runner/work/key/key/key.core/../key.ui/examples/standard_key/arith/complexExpressions.key 
47056      INFO  main            d.u.i.k.p.i.AbstractProblemLoader Loading environment from /home/runner/work/key/key/key.core/../key.ui/examples/standard_key/arith/complexExpressions.key 
47056      DEBUG main            d.u.i.k.p.i.AbstractProblemLoader Environment load took 219.4ns 
47057      INFO  main            d.u.i.k.p.i.AbstractProblemLoader Creating init config 
49526      DEBUG main            d.u.i.k.p.i.AbstractProblemLoader Init config took 2.47s 
49548      INFO  main            d.u.i.k.p.i.AbstractProblemLoader Replaying proof complexExpressions.key 
49550      DEBUG main            d.u.i.k.p.i.IntermediateProofReplayer Proof replay took 6.9ns 
49658      INFO  main            d.u.i.k.p.r.p.TestFile    ... finished proof: closed. 
49826      INFO  main            d.u.i.k.p.i.AbstractProblemLoader Loading environment from /home/runner/work/key/key/key.core/../key.ui/examples/standard_key/arith/complexExpressions.key.proof 
49826      DEBUG main            d.u.i.k.p.i.AbstractProblemLoader Environment load took 126.6ns 
49828      INFO  main            d.u.i.k.p.i.AbstractProblemLoader Creating init config 
52213      DEBUG main            d.u.i.k.p.i.AbstractProblemLoader Init config took 2.39s 
52234      INFO  main            d.u.i.k.p.i.AbstractProblemLoader Replaying proof complexExpressions.key.proof 
52243      DEBUG main            d.u.i.k.p.i.IntermediateProofReplayer Proof replay took 6.51ms 
52243      DEBUG main            d.u.i.k.p.r.p.TestFile    ... success: reloaded. 
52244      INFO  main            d.u.i.k.p.r.p.TestFile    Now processing file /home/runner/work/key/key/key.core/../key.ui/examples/standard_key/arith/compound_unaryMinus.key 
52244      INFO  main            d.u.i.k.p.i.AbstractProblemLoader Loading environment from /home/runner/work/key/key/key.core/../key.ui/examples/standard_key/arith/compound_unaryMinus.key 
52244      DEBUG main            d.u.i.k.p.i.AbstractProblemLoader Environment load took 101.7ns 
52245      INFO  main            d.u.i.k.p.i.AbstractProblemLoader Creating init config 
54658      DEBUG main            d.u.i.k.p.i.AbstractProblemLoader Init config took 2.41s 
54678      INFO  main            d.u.i.k.p.i.AbstractProblemLoader Replaying proof compound_unaryMinus.key 
54681      DEBUG main            d.u.i.k.p.i.IntermediateProofReplayer Proof replay took 8.3ns 
54783      INFO  main            d.u.i.k.p.r.p.TestFile    ... finished proof: closed. 
54961      INFO  main            d.u.i.k.p.i.AbstractProblemLoader Loading environment from /home/runner/work/key/key/key.core/../key.ui/examples/standard_key/arith/compound_unaryMinus.key.proof 
54961      DEBUG main            d.u.i.k.p.i.AbstractProblemLoader Environment load took 162ns 
54962      INFO  main            d.u.i.k.p.i.AbstractProblemLoader Creating init config 
57335      DEBUG main            d.u.i.k.p.i.AbstractProblemLoader Init config took 2.37s 
57356      INFO  main            d.u.i.k.p.i.AbstractProblemLoader Replaying proof compound_unaryMinus.key.proof 
57362      DEBUG main            d.u.i.k.p.i.IntermediateProofReplayer Proof replay took 2.98ms 
57363      DEBUG main            d.u.i.k.p.r.p.TestFile    ... success: reloaded. 
57364      INFO  main            d.u.i.k.p.r.p.TestFile    Now processing file /home/runner/work/key/key/key.core/../key.ui/examples/standard_key/arith/computation.key 
57364      INFO  main            d.u.i.k.p.i.AbstractProblemLoader Loading environment from /home/runner/work/key/key/key.core/../key.ui/examples/standard_key/arith/computation.key 
57364      DEBUG main            d.u.i.k.p.i.AbstractProblemLoader Environment load took 217.1ns 
57366      INFO  main            d.u.i.k.p.i.AbstractProblemLoader Creating init config 
59768      DEBUG main            d.u.i.k.p.i.AbstractProblemLoader Init config took 2.4s 
59787      INFO  main            d.u.i.k.p.i.AbstractProblemLoader Replaying proof computation.key 
59789      DEBUG main            d.u.i.k.p.i.IntermediateProofReplayer Proof replay took 8.1ns 
61297      INFO  main            d.u.i.k.p.r.p.TestFile    ... finished proof: closed. 
61532      INFO  main            d.u.i.k.p.i.AbstractProblemLoader Loading environment from /home/runner/work/key/key/key.core/../key.ui/examples/standard_key/arith/computation.key.proof 
61533      DEBUG main            d.u.i.k.p.i.AbstractProblemLoader Environment load took 1.02ms 
61535      INFO  main            d.u.i.k.p.i.AbstractProblemLoader Creating init config 
63886      DEBUG main            d.u.i.k.p.i.AbstractProblemLoader Init config took 2.35s 
63905      INFO  main            d.u.i.k.p.i.AbstractProblemLoader Replaying proof computation.key.proof 
63964      DEBUG main            d.u.i.k.p.i.IntermediateProofReplayer Proof replay took 53.59ms 
63965      DEBUG main            d.u.i.k.p.r.p.TestFile    ... success: reloaded. 
63966      INFO  main            d.u.i.k.p.r.p.TestFile    Now processing file /home/runner/work/key/key/key.core/../key.ui/examples/standard_key/arith/cubicSum.key 
63966      INFO  main            d.u.i.k.p.i.AbstractProblemLoader Loading environment from /home/runner/work/key/key/key.core/../key.ui/examples/standard_key/arith/cubicSum.key 
63966      DEBUG main            d.u.i.k.p.i.AbstractProblemLoader Environment load took 99.6ns 
63967      INFO  main            d.u.i.k.p.i.AbstractProblemLoader Creating init config 
66573      DEBUG main            d.u.i.k.p.i.AbstractProblemLoader Init config took 2.61s 
66594      INFO  main            d.u.i.k.p.i.AbstractProblemLoader Replaying proof cubicSum.key 
66596      DEBUG main            d.u.i.k.p.i.IntermediateProofReplayer Proof replay took 8ns 
67704      INFO  main            d.u.i.k.p.r.p.TestFile    ... finished proof: closed. 
67978      INFO  main            d.u.i.k.p.i.AbstractProblemLoader Loading environment from /home/runner/work/key/key/key.core/../key.ui/examples/standard_key/arith/cubicSum.key.proof 
67978      DEBUG main            d.u.i.k.p.i.AbstractProblemLoader Environment load took 130ns 
67980      INFO  main            d.u.i.k.p.i.AbstractProblemLoader Creating init config 
70424      DEBUG main            d.u.i.k.p.i.AbstractProblemLoader Init config took 2.44s 
70442      INFO  main            d.u.i.k.p.i.AbstractProblemLoader Replaying proof cubicSum.key.proof 
70515      DEBUG main            d.u.i.k.p.i.IntermediateProofReplayer Proof replay took 69.37ms 
70516      DEBUG main            d.u.i.k.p.r.p.TestFile    ... success: reloaded. 
70518      INFO  main            d.u.i.k.p.r.p.TestFile    Now processing file /home/runner/work/key/key/key.core/../key.ui/examples/standard_key/arith/divByZero.key 
70518      INFO  main            d.u.i.k.p.i.AbstractProblemLoader Loading environment from /home/runner/work/key/key/key.core/../key.ui/examples/standard_key/arith/divByZero.key 
70518      DEBUG main            d.u.i.k.p.i.AbstractProblemLoader Environment load took 224.9ns 
70519      INFO  main            d.u.i.k.p.i.AbstractProblemLoader Creating init config 
72948      DEBUG main            d.u.i.k.p.i.AbstractProblemLoader Init config took 2.43s 
72965      INFO  main            d.u.i.k.p.i.AbstractProblemLoader Replaying proof divByZero.key 
72967      DEBUG main            d.u.i.k.p.i.IntermediateProofReplayer Proof replay took 7.4ns 
73169      INFO  main            d.u.i.k.p.r.p.TestFile    ... finished proof: closed. 
73372      INFO  main            d.u.i.k.p.i.AbstractProblemLoader Loading environment from /home/runner/work/key/key/key.core/../key.ui/examples/standard_key/arith/divByZero.key.proof 
73373      DEBUG main            d.u.i.k.p.i.AbstractProblemLoader Environment load took 139.1ns 
73374      INFO  main            d.u.i.k.p.i.AbstractProblemLoader Creating init config 
75735      DEBUG main            d.u.i.k.p.i.AbstractProblemLoader Init config took 2.36s 
75751      INFO  main            d.u.i.k.p.i.AbstractProblemLoader Replaying proof divByZero.key.proof 
75779      DEBUG main            d.u.i.k.p.i.IntermediateProofReplayer Proof replay took 25.48ms 
75780      DEBUG main            d.u.i.k.p.r.p.TestFile    ... success: reloaded. 
75781      INFO  main            d.u.i.k.p.r.p.TestFile    Now processing file /home/runner/work/key/key/key.core/../key.ui/examples/standard_key/arith/divisionAssoc.key 
75781      INFO  main            d.u.i.k.p.i.AbstractProblemLoader Loading environment from /home/runner/work/key/key/key.core/../key.ui/examples/standard_key/arith/divisionAssoc.key 
75781      DEBUG main            d.u.i.k.p.i.AbstractProblemLoader Environment load took 223ns 
75783      INFO  main            d.u.i.k.p.i.AbstractProblemLoader Creating init config 
78189      DEBUG main            d.u.i.k.p.i.AbstractProblemLoader Init config took 2.41s 
78205      INFO  main            d.u.i.k.p.i.AbstractProblemLoader Replaying proof divisionAssoc.key 
78207      DEBUG main            d.u.i.k.p.i.IntermediateProofReplayer Proof replay took 6.6ns 
78910      INFO  main            d.u.i.k.p.r.p.TestFile    ... finished proof: closed. 
79115      INFO  main            d.u.i.k.p.i.AbstractProblemLoader Loading environment from /home/runner/work/key/key/key.core/../key.ui/examples/standard_key/arith/divisionAssoc.key.proof 
79121      DEBUG main            d.u.i.k.p.i.AbstractProblemLoader Environment load took 6.07ms 
79122      INFO  main            d.u.i.k.p.i.AbstractProblemLoader Creating init config 
81446      DEBUG main            d.u.i.k.p.i.AbstractProblemLoader Init config took 2.32s 
81462      INFO  main            d.u.i.k.p.i.AbstractProblemLoader Replaying proof divisionAssoc.key.proof 
81493      DEBUG main            d.u.i.k.p.i.IntermediateProofReplayer Proof replay took 26.4ms 
81494      DEBUG main            d.u.i.k.p.r.p.TestFile    ... success: reloaded. 
81496      INFO  main            d.u.i.k.p.r.p.TestFile    Now processing file /home/runner/work/key/key/key.core/../key.ui/examples/standard_key/arith/divisionBy2.key 
81496      INFO  main            d.u.i.k.p.i.AbstractProblemLoader Loading environment from /home/runner/work/key/key/key.core/../key.ui/examples/standard_key/arith/divisionBy2.key 
81496      DEBUG main            d.u.i.k.p.i.AbstractProblemLoader Environment load took 212.3ns 
81497      INFO  main            d.u.i.k.p.i.AbstractProblemLoader Creating init config 
83842      DEBUG main            d.u.i.k.p.i.AbstractProblemLoader Init config took 2.34s 
83857      INFO  main            d.u.i.k.p.i.AbstractProblemLoader Replaying proof divisionBy2.key 
83858      DEBUG main            d.u.i.k.p.i.IntermediateProofReplayer Proof replay took 7.1ns 
83960      INFO  main            d.u.i.k.p.r.p.TestFile    ... finished proof: closed. 
84174      INFO  main            d.u.i.k.p.i.AbstractProblemLoader Loading environment from /home/runner/work/key/key/key.core/../key.ui/examples/standard_key/arith/divisionBy2.key.proof 
84175      DEBUG main            d.u.i.k.p.i.AbstractProblemLoader Environment load took 121.8ns 
84176      INFO  main            d.u.i.k.p.i.AbstractProblemLoader Creating init config 
86518      DEBUG main            d.u.i.k.p.i.AbstractProblemLoader Init config took 2.34s 
86532      INFO  main            d.u.i.k.p.i.AbstractProblemLoader Replaying proof divisionBy2.key.proof 
86538      DEBUG main            d.u.i.k.p.i.IntermediateProofReplayer Proof replay took 4.22ms 
86539      DEBUG main            d.u.i.k.p.r.p.TestFile    ... success: reloaded. 
86540      INFO  main            d.u.i.k.p.r.p.TestFile    Now processing file /home/runner/work/key/key/key.core/../key.ui/examples/standard_key/arith/euclidean/gcdHelp-post.key 
86540      INFO  main            d.u.i.k.p.i.AbstractProblemLoader Loading environment from /home/runner/work/key/key/key.core/../key.ui/examples/standard_key/arith/euclidean/gcdHelp-post.key 
86540      DEBUG main            d.u.i.k.p.i.AbstractProblemLoader Environment load took 206.2ns 
86542      INFO  main            d.u.i.k.p.i.AbstractProblemLoader Creating init config 
88986      DEBUG main            d.u.i.k.p.i.AbstractProblemLoader Init config took 2.44s 
89002      INFO  main            d.u.i.k.p.i.AbstractProblemLoader Replaying proof gcdHelp-post.key 
89003      DEBUG main            d.u.i.k.p.i.IntermediateProofReplayer Proof replay took 19.4ns 
92318      INFO  main            d.u.i.k.p.r.p.TestFile    ... finished proof: closed. 
92573      INFO  main            d.u.i.k.p.i.AbstractProblemLoader Loading environment from /home/runner/work/key/key/key.core/../key.ui/examples/standard_key/arith/euclidean/gcdHelp-post.key.proof 
92573      DEBUG main            d.u.i.k.p.i.AbstractProblemLoader Environment load took 438.11ns 
92575      INFO  main            d.u.i.k.p.i.AbstractProblemLoader Creating init config 
94977      DEBUG main            d.u.i.k.p.i.AbstractProblemLoader Init config took 2.4s 
94994      INFO  main            d.u.i.k.p.i.AbstractProblemLoader Replaying proof gcdHelp-post.key.proof 
95137      DEBUG main            d.u.i.k.p.i.IntermediateProofReplayer Proof replay took 133.58ms 
95138      DEBUG main            d.u.i.k.p.r.p.TestFile    ... success: reloaded. 
95139      INFO  main            d.u.i.k.p.r.p.TestFile    Now processing file /home/runner/work/key/key/key.core/../key.ui/examples/standard_key/arith/gemplusDecimal/add.key 
95140      INFO  main            d.u.i.k.p.i.AbstractProblemLoader Loading environment from /home/runner/work/key/key/key.core/../key.ui/examples/standard_key/arith/gemplusDecimal/add.key 
95140      DEBUG main            d.u.i.k.p.i.AbstractProblemLoader Environment load took 232.4ns 
95142      INFO  main            d.u.i.k.p.i.AbstractProblemLoader Creating init config 
97640      DEBUG main            d.u.i.k.p.i.AbstractProblemLoader Init config took 2.5s 
97657      INFO  main            d.u.i.k.p.i.AbstractProblemLoader Replaying proof add.key 
97658      DEBUG main            d.u.i.k.p.i.IntermediateProofReplayer Proof replay took 6.2ns 
140703     INFO  main            d.u.i.k.p.r.p.TestFile    ... finished proof: closed. 
141075     INFO  main            d.u.i.k.p.i.AbstractProblemLoader Loading environment from /home/runner/work/key/key/key.core/../key.ui/examples/standard_key/arith/gemplusDecimal/add.key.proof 
141076     DEBUG main            d.u.i.k.p.i.AbstractProblemLoader Environment load took 489.58ns 
141084     INFO  main            d.u.i.k.p.i.AbstractProblemLoader Creating init config 
143478     DEBUG main            d.u.i.k.p.i.AbstractProblemLoader Init config took 2.39s 
143500     INFO  main            d.u.i.k.p.i.AbstractProblemLoader Replaying proof add.key.proof 
145473     DEBUG main            d.u.i.k.p.i.IntermediateProofReplayer Proof replay took 1.86s 
145482     DEBUG main            d.u.i.k.p.r.p.TestFile    ... success: reloaded. 
145483     INFO  main            d.u.i.k.p.r.p.TestFile    Now processing file /home/runner/work/key/key/key.core/../key.ui/examples/standard_key/arith/jdivevenodd.key 
145484     INFO  main            d.u.i.k.p.i.AbstractProblemLoader Loading environment from /home/runner/work/key/key/key.core/../key.ui/examples/standard_key/arith/jdivevenodd.key 
145484     DEBUG main            d.u.i.k.p.i.AbstractProblemLoader Environment load took 219.1ns 
145486     INFO  main            d.u.i.k.p.i.AbstractProblemLoader Creating init config 
147943     DEBUG main            d.u.i.k.p.i.AbstractProblemLoader Init config took 2.46s 
147958     INFO  main            d.u.i.k.p.i.AbstractProblemLoader Replaying proof jdivevenodd.key 
147959     DEBUG main            d.u.i.k.p.i.IntermediateProofReplayer Proof replay took 6.4ns 
148162     INFO  main            d.u.i.k.p.r.p.TestFile    ... finished proof: closed. 
148528     INFO  main            d.u.i.k.p.i.AbstractProblemLoader Loading environment from /home/runner/work/key/key/key.core/../key.ui/examples/standard_key/arith/jdivevenodd.key.proof 
148528     DEBUG main            d.u.i.k.p.i.AbstractProblemLoader Environment load took 126.5ns 
148530     INFO  main            d.u.i.k.p.i.AbstractProblemLoader Creating init config 
150811     DEBUG main            d.u.i.k.p.i.AbstractProblemLoader Init config took 2.28s 
150829     INFO  main            d.u.i.k.p.i.AbstractProblemLoader Replaying proof jdivevenodd.key.proof 
150848     DEBUG main            d.u.i.k.p.i.IntermediateProofReplayer Proof replay took 11.2ms 
150850     DEBUG main            d.u.i.k.p.r.p.TestFile    ... success: reloaded. 
150851     INFO  main            d.u.i.k.p.r.p.TestFile    Now processing file /home/runner/work/key/key/key.core/../key.ui/examples/standard_key/arith/median.key 
150852     INFO  main            d.u.i.k.p.i.AbstractProblemLoader Loading environment from /home/runner/work/key/key/key.core/../key.ui/examples/standard_key/arith/median.key 
150852     DEBUG main            d.u.i.k.p.i.AbstractProblemLoader Environment load took 513.4ns 
150854     INFO  main            d.u.i.k.p.i.AbstractProblemLoader Creating init config 
153198     DEBUG main            d.u.i.k.p.i.AbstractProblemLoader Init config took 2.34s 
153213     INFO  main            d.u.i.k.p.i.AbstractProblemLoader Replaying proof median.key 
153215     DEBUG main            d.u.i.k.p.i.IntermediateProofReplayer Proof replay took 6.8ns 
168185     INFO  main            d.u.i.k.p.r.p.TestFile    ... finished proof: closed. 
168500     INFO  main            d.u.i.k.p.i.AbstractProblemLoader Loading environment from /home/runner/work/key/key/key.core/../key.ui/examples/standard_key/arith/median.key.proof 
168504     DEBUG main            d.u.i.k.p.i.AbstractProblemLoader Environment load took 5.39ms 
168509     INFO  main            d.u.i.k.p.i.AbstractProblemLoader Creating init config 
170800     DEBUG main            d.u.i.k.p.i.AbstractProblemLoader Init config took 2.29s 
170815     INFO  main            d.u.i.k.p.i.AbstractProblemLoader Replaying proof median.key.proof 
171377     DEBUG main            d.u.i.k.p.i.IntermediateProofReplayer Proof replay took 513.95ms 
171381     DEBUG main            d.u.i.k.p.r.p.TestFile    ... success: reloaded. 
171382     INFO  main            d.u.i.k.p.r.p.TestFile    Now processing file /home/runner/work/key/key/key.core/../key.ui/examples/standard_key/arith/mod1.key 
171382     INFO  main            d.u.i.k.p.i.AbstractProblemLoader Loading environment from /home/runner/work/key/key/key.core/../key.ui/examples/standard_key/arith/mod1.key 
171383     DEBUG main            d.u.i.k.p.i.AbstractProblemLoader Environment load took 219.3ns 
171384     INFO  main            d.u.i.k.p.i.AbstractProblemLoader Creating init config 
173689     DEBUG main            d.u.i.k.p.i.AbstractProblemLoader Init config took 2.31s 
173703     INFO  main            d.u.i.k.p.i.AbstractProblemLoader Replaying proof mod1.key 
173704     DEBUG main            d.u.i.k.p.i.IntermediateProofReplayer Proof replay took 5.8ns 
173806     INFO  main            d.u.i.k.p.r.p.TestFile    ... finished proof: closed. 
174101     INFO  main            d.u.i.k.p.i.AbstractProblemLoader Loading environment from /home/runner/work/key/key/key.core/../key.ui/examples/standard_key/arith/mod1.key.proof 
174102     DEBUG main            d.u.i.k.p.i.AbstractProblemLoader Environment load took 103.6ns 
174103     INFO  main            d.u.i.k.p.i.AbstractProblemLoader Creating init config 
176398     DEBUG main            d.u.i.k.p.i.AbstractProblemLoader Init config took 2.3s 
176411     INFO  main            d.u.i.k.p.i.AbstractProblemLoader Replaying proof mod1.key.proof 
176414     DEBUG main            d.u.i.k.p.i.IntermediateProofReplayer Proof replay took 1.4ms 
176415     DEBUG main            d.u.i.k.p.r.p.TestFile    ... success: reloaded. 
176416     INFO  main            d.u.i.k.p.r.p.TestFile    Now processing file /home/runner/work/key/key/key.core/../key.ui/examples/standard_key/arith/mod2.key 
176416     INFO  main            d.u.i.k.p.i.AbstractProblemLoader Loading environment from /home/runner/work/key/key/key.core/../key.ui/examples/standard_key/arith/mod2.key 
176416     DEBUG main            d.u.i.k.p.i.AbstractProblemLoader Environment load took 57.1ns 
176417     INFO  main            d.u.i.k.p.i.AbstractProblemLoader Creating init config 
178740     DEBUG main            d.u.i.k.p.i.AbstractProblemLoader Init config took 2.32s 
178755     INFO  main            d.u.i.k.p.i.AbstractProblemLoader Replaying proof mod2.key 
178757     DEBUG main            d.u.i.k.p.i.IntermediateProofReplayer Proof replay took 6.3ns 
178858     INFO  main            d.u.i.k.p.r.p.TestFile    ... finished proof: closed. 
179119     INFO  main            d.u.i.k.p.i.AbstractProblemLoader Loading environment from /home/runner/work/key/key/key.core/../key.ui/examples/standard_key/arith/mod2.key.proof 
179119     DEBUG main            d.u.i.k.p.i.AbstractProblemLoader Environment load took 105.3ns 
179120     INFO  main            d.u.i.k.p.i.AbstractProblemLoader Creating init config 
181453     DEBUG main            d.u.i.k.p.i.AbstractProblemLoader Init config took 2.33s 
181466     INFO  main            d.u.i.k.p.i.AbstractProblemLoader Replaying proof mod2.key.proof 
181468     DEBUG main            d.u.i.k.p.i.IntermediateProofReplayer Proof replay took 1.01ms 
181469     DEBUG main            d.u.i.k.p.r.p.TestFile    ... success: reloaded. 
181470     INFO  main            d.u.i.k.p.r.p.TestFile    Now processing file /home/runner/work/key/key/key.core/../key.ui/examples/standard_key/arith/mod7.key 
181470     INFO  main            d.u.i.k.p.i.AbstractProblemLoader Loading environment from /home/runner/work/key/key/key.core/../key.ui/examples/standard_key/arith/mod7.key 
181470     DEBUG main            d.u.i.k.p.i.AbstractProblemLoader Environment load took 77.2ns 
181471     INFO  main            d.u.i.k.p.i.AbstractProblemLoader Creating init config 
183767     DEBUG main            d.u.i.k.p.i.AbstractProblemLoader Init config took 2.3s 
183781     INFO  main            d.u.i.k.p.i.AbstractProblemLoader Replaying proof mod7.key 
183782     DEBUG main            d.u.i.k.p.i.IntermediateProofReplayer Proof replay took 5.7ns 
183885     INFO  main            d.u.i.k.p.r.p.TestFile    ... finished proof: closed. 
184122     INFO  main            d.u.i.k.p.i.AbstractProblemLoader Loading environment from /home/runner/work/key/key/key.core/../key.ui/examples/standard_key/arith/mod7.key.proof 
184122     DEBUG main            d.u.i.k.p.i.AbstractProblemLoader Environment load took 105.4ns 
184123     INFO  main            d.u.i.k.p.i.AbstractProblemLoader Creating init config 
186409     DEBUG main            d.u.i.k.p.i.AbstractProblemLoader Init config took 2.29s 
186422     INFO  main            d.u.i.k.p.i.AbstractProblemLoader Replaying proof mod7.key.proof 
186427     DEBUG main            d.u.i.k.p.i.IntermediateProofReplayer Proof replay took 2.86ms 
186428     DEBUG main            d.u.i.k.p.r.p.TestFile    ... success: reloaded. 
186428     INFO  main            d.u.i.k.p.r.p.TestFile    Now processing file /home/runner/work/key/key/key.core/../key.ui/examples/standard_key/arith/overflow_hija.key 
186428     INFO  main            d.u.i.k.p.i.AbstractProblemLoader Loading environment from /home/runner/work/key/key/key.core/../key.ui/examples/standard_key/arith/overflow_hija.key 
186428     DEBUG main            d.u.i.k.p.i.AbstractProblemLoader Environment load took 89.9ns 
186430     INFO  main            d.u.i.k.p.i.AbstractProblemLoader Creating init config 
188786     DEBUG main            d.u.i.k.p.i.AbstractProblemLoader Init config took 2.36s 
188803     INFO  main            d.u.i.k.p.i.AbstractProblemLoader Replaying proof overflow_hija.key 
188804     DEBUG main            d.u.i.k.p.i.IntermediateProofReplayer Proof replay took 6.9ns 
193443     INFO  main            d.u.i.k.p.r.p.TestFile    ... finished proof: closed. 
193735     INFO  main            d.u.i.k.p.i.AbstractProblemLoader Loading environment from /home/runner/work/key/key/key.core/../key.ui/examples/standard_key/arith/overflow_hija.key.proof 
193735     DEBUG main            d.u.i.k.p.i.AbstractProblemLoader Environment load took 185.6ns 
193738     INFO  main            d.u.i.k.p.i.AbstractProblemLoader Creating init config 
196026     DEBUG main            d.u.i.k.p.i.AbstractProblemLoader Init config took 2.29s 
196043     INFO  main            d.u.i.k.p.i.AbstractProblemLoader Replaying proof overflow_hija.key.proof 
196191     DEBUG main            d.u.i.k.p.i.IntermediateProofReplayer Proof replay took 137.62ms 
196193     DEBUG main            d.u.i.k.p.r.p.TestFile    ... success: reloaded. 
196194     INFO  main            d.u.i.k.p.r.p.TestFile    Now processing file /home/runner/work/key/key/key.core/../key.ui/examples/standard_key/arith/poly_division0.key 
196194     INFO  main            d.u.i.k.p.i.AbstractProblemLoader Loading environment from /home/runner/work/key/key/key.core/../key.ui/examples/standard_key/arith/poly_division0.key 
196194     DEBUG main            d.u.i.k.p.i.AbstractProblemLoader Environment load took 97.8ns 
196195     INFO  main            d.u.i.k.p.i.AbstractProblemLoader Creating init config 
198528     DEBUG main            d.u.i.k.p.i.AbstractProblemLoader Init config took 2.33s 
198541     INFO  main            d.u.i.k.p.i.AbstractProblemLoader Replaying proof poly_division0.key 
198542     DEBUG main            d.u.i.k.p.i.IntermediateProofReplayer Proof replay took 6.8ns 
198645     INFO  main            d.u.i.k.p.r.p.TestFile    ... finished proof: closed. 
198951     INFO  main            d.u.i.k.p.i.AbstractProblemLoader Loading environment from /home/runner/work/key/key/key.core/../key.ui/examples/standard_key/arith/poly_division0.key.proof 
198951     DEBUG main            d.u.i.k.p.i.AbstractProblemLoader Environment load took 108.8ns 
198952     INFO  main            d.u.i.k.p.i.AbstractProblemLoader Creating init config 
201239     DEBUG main            d.u.i.k.p.i.AbstractProblemLoader Init config took 2.29s 
201254     INFO  main            d.u.i.k.p.i.AbstractProblemLoader Replaying proof poly_division0.key.proof 
201259     DEBUG main            d.u.i.k.p.i.IntermediateProofReplayer Proof replay took 3.33ms 
201260     DEBUG main            d.u.i.k.p.r.p.TestFile    ... success: reloaded. 
201260     INFO  main            d.u.i.k.p.r.p.TestFile    Now processing file /home/runner/work/key/key/key.core/../key.ui/examples/standard_key/arith/poly_division1.key 
201261     INFO  main            d.u.i.k.p.i.AbstractProblemLoader Loading environment from /home/runner/work/key/key/key.core/../key.ui/examples/standard_key/arith/poly_division1.key 
201261     DEBUG main            d.u.i.k.p.i.AbstractProblemLoader Environment load took 88.3ns 
201262     INFO  main            d.u.i.k.p.i.AbstractProblemLoader Creating init config 
203585     DEBUG main            d.u.i.k.p.i.AbstractProblemLoader Init config took 2.32s 
203601     INFO  main            d.u.i.k.p.i.AbstractProblemLoader Replaying proof poly_division1.key 
203602     DEBUG main            d.u.i.k.p.i.IntermediateProofReplayer Proof replay took 6.9ns 
203704     INFO  main            d.u.i.k.p.r.p.TestFile    ... finished proof: closed. 
203962     INFO  main            d.u.i.k.p.i.AbstractProblemLoader Loading environment from /home/runner/work/key/key/key.core/../key.ui/examples/standard_key/arith/poly_division1.key.proof 
203962     DEBUG main            d.u.i.k.p.i.AbstractProblemLoader Environment load took 126.7ns 
203963     INFO  main            d.u.i.k.p.i.AbstractProblemLoader Creating init config 
206248     DEBUG main            d.u.i.k.p.i.AbstractProblemLoader Init config took 2.28s 
206262     INFO  main            d.u.i.k.p.i.AbstractProblemLoader Replaying proof poly_division1.key.proof 
206267     DEBUG main            d.u.i.k.p.i.IntermediateProofReplayer Proof replay took 3.23ms 
206268     DEBUG main            d.u.i.k.p.r.p.TestFile    ... success: reloaded. 
206269     INFO  main            d.u.i.k.p.r.p.TestFile    Now processing file /home/runner/work/key/key/key.core/../key.ui/examples/standard_key/inEqSimp/division.key 
206269     INFO  main            d.u.i.k.p.i.AbstractProblemLoader Loading environment from /home/runner/work/key/key/key.core/../key.ui/examples/standard_key/inEqSimp/division.key 
206269     DEBUG main            d.u.i.k.p.i.AbstractProblemLoader Environment load took 198.5ns 
206270     INFO  main            d.u.i.k.p.i.AbstractProblemLoader Creating init config 
208606     DEBUG main            d.u.i.k.p.i.AbstractProblemLoader Init config took 2.34s 
208620     INFO  main            d.u.i.k.p.i.AbstractProblemLoader Replaying proof division.key 
208621     DEBUG main            d.u.i.k.p.i.IntermediateProofReplayer Proof replay took 7ns 
210730     INFO  main            d.u.i.k.p.r.p.TestFile    ... finished proof: closed. 
211001     INFO  main            d.u.i.k.p.i.AbstractProblemLoader Loading environment from /home/runner/work/key/key/key.core/../key.ui/examples/standard_key/inEqSimp/division.key.proof 
211001     DEBUG main            d.u.i.k.p.i.AbstractProblemLoader Environment load took 404.31ns 
211003     INFO  main            d.u.i.k.p.i.AbstractProblemLoader Creating init config 
213287     DEBUG main            d.u.i.k.p.i.AbstractProblemLoader Init config took 2.28s 
213301     INFO  main            d.u.i.k.p.i.AbstractProblemLoader Replaying proof division.key.proof 
213380     DEBUG main            d.u.i.k.p.i.IntermediateProofReplayer Proof replay took 68.05ms 
213382     DEBUG main            d.u.i.k.p.r.p.TestFile    ... success: reloaded. 
213383     INFO  main            d.u.i.k.p.r.p.TestFile    Now processing file /home/runner/work/key/key/key.core/../key.ui/examples/standard_key/inEqSimp/inequations0.key 
213383     INFO  main            d.u.i.k.p.i.AbstractProblemLoader Loading environment from /home/runner/work/key/key/key.core/../key.ui/examples/standard_key/inEqSimp/inequations0.key 
213383     DEBUG main            d.u.i.k.p.i.AbstractProblemLoader Environment load took 219.1ns 
213384     INFO  main            d.u.i.k.p.i.AbstractProblemLoader Creating init config 
215709     DEBUG main            d.u.i.k.p.i.AbstractProblemLoader Init config took 2.32s 
215722     INFO  main            d.u.i.k.p.i.AbstractProblemLoader Replaying proof inequations0.key 
215724     DEBUG main            d.u.i.k.p.i.IntermediateProofReplayer Proof replay took 40.8ns 
215825     INFO  main            d.u.i.k.p.r.p.TestFile    ... finished proof: closed. 
216116     INFO  main            d.u.i.k.p.i.AbstractProblemLoader Loading environment from /home/runner/work/key/key/key.core/../key.ui/examples/standard_key/inEqSimp/inequations0.key.proof 
216116     DEBUG main            d.u.i.k.p.i.AbstractProblemLoader Environment load took 99.5ns 
216117     INFO  main            d.u.i.k.p.i.AbstractProblemLoader Creating init config 
218396     DEBUG main            d.u.i.k.p.i.AbstractProblemLoader Init config took 2.28s 
218413     INFO  main            d.u.i.k.p.i.AbstractProblemLoader Replaying proof inequations0.key.proof 
218416     DEBUG main            d.u.i.k.p.i.IntermediateProofReplayer Proof replay took 1.57ms 
218416     DEBUG main            d.u.i.k.p.r.p.TestFile    ... success: reloaded. 
218417     INFO  main            d.u.i.k.p.r.p.TestFile    Now processing file /home/runner/work/key/key/key.core/../key.ui/examples/standard_key/inEqSimp/inequations1.key 
218417     INFO  main            d.u.i.k.p.i.AbstractProblemLoader Loading environment from /home/runner/work/key/key/key.core/../key.ui/examples/standard_key/inEqSimp/inequations1.key 
218417     DEBUG main            d.u.i.k.p.i.AbstractProblemLoader Environment load took 75.9ns 
218418     INFO  main            d.u.i.k.p.i.AbstractProblemLoader Creating init config 
220727     DEBUG main            d.u.i.k.p.i.AbstractProblemLoader Init config took 2.31s 
220741     INFO  main            d.u.i.k.p.i.AbstractProblemLoader Replaying proof inequations1.key 
220743     DEBUG main            d.u.i.k.p.i.IntermediateProofReplayer Proof replay took 2.4ns 
220845     INFO  main            d.u.i.k.p.r.p.TestFile    ... finished proof: closed. 
221115     INFO  main            d.u.i.k.p.i.AbstractProblemLoader Loading environment from /home/runner/work/key/key/key.core/../key.ui/examples/standard_key/inEqSimp/inequations1.key.proof 
221115     DEBUG main            d.u.i.k.p.i.AbstractProblemLoader Environment load took 92.9ns 
221116     INFO  main            d.u.i.k.p.i.AbstractProblemLoader Creating init config 
223393     DEBUG main            d.u.i.k.p.i.AbstractProblemLoader Init config took 2.28s 
223407     INFO  main            d.u.i.k.p.i.AbstractProblemLoader Replaying proof inequations1.key.proof 
223410     DEBUG main            d.u.i.k.p.i.IntermediateProofReplayer Proof replay took 983.21ns 
223410     DEBUG main            d.u.i.k.p.r.p.TestFile    ... success: reloaded. 
223411     INFO  main            d.u.i.k.p.r.p.TestFile    Now processing file /home/runner/work/key/key/key.core/../key.ui/examples/standard_key/inEqSimp/inequations2.key 
223411     INFO  main            d.u.i.k.p.i.AbstractProblemLoader Loading environment from /home/runner/work/key/key/key.core/../key.ui/examples/standard_key/inEqSimp/inequations2.key 
223411     DEBUG main            d.u.i.k.p.i.AbstractProblemLoader Environment load took 84.7ns 
223412     INFO  main            d.u.i.k.p.i.AbstractProblemLoader Creating init config 
225740     DEBUG main            d.u.i.k.p.i.AbstractProblemLoader Init config took 2.33s 
225754     INFO  main            d.u.i.k.p.i.AbstractProblemLoader Replaying proof inequations2.key 
225755     DEBUG main            d.u.i.k.p.i.IntermediateProofReplayer Proof replay took 2.4ns 
225858     INFO  main            d.u.i.k.p.r.p.TestFile    ... finished proof: closed. 
226127     INFO  main            d.u.i.k.p.i.AbstractProblemLoader Loading environment from /home/runner/work/key/key/key.core/../key.ui/examples/standard_key/inEqSimp/inequations2.key.proof 
226127     DEBUG main            d.u.i.k.p.i.AbstractProblemLoader Environment load took 93.5ns 
226128     INFO  main            d.u.i.k.p.i.AbstractProblemLoader Creating init config 
228419     DEBUG main            d.u.i.k.p.i.AbstractProblemLoader Init config took 2.29s 
228433     INFO  main            d.u.i.k.p.i.AbstractProblemLoader Replaying proof inequations2.key.proof 
228436     DEBUG main            d.u.i.k.p.i.IntermediateProofReplayer Proof replay took 1.12ms 
228436     DEBUG main            d.u.i.k.p.r.p.TestFile    ... success: reloaded. 
228437     INFO  main            d.u.i.k.p.r.p.TestFile    Now processing file /home/runner/work/key/key/key.core/../key.ui/examples/standard_key/inEqSimp/linApprox.key 
228437     INFO  main            d.u.i.k.p.i.AbstractProblemLoader Loading environment from /home/runner/work/key/key/key.core/../key.ui/examples/standard_key/inEqSimp/linApprox.key 
228437     DEBUG main            d.u.i.k.p.i.AbstractProblemLoader Environment load took 129.9ns 
228438     INFO  main            d.u.i.k.p.i.AbstractProblemLoader Creating init config 
230790     DEBUG main            d.u.i.k.p.i.AbstractProblemLoader Init config took 2.35s 
230803     INFO  main            d.u.i.k.p.i.AbstractProblemLoader Replaying proof linApprox.key 
230805     DEBUG main            d.u.i.k.p.i.IntermediateProofReplayer Proof replay took 2.9ns 
230906     INFO  main            d.u.i.k.p.r.p.TestFile    ... finished proof: closed. 
231189     INFO  main            d.u.i.k.p.i.AbstractProblemLoader Loading environment from /home/runner/work/key/key/key.core/../key.ui/examples/standard_key/inEqSimp/linApprox.key.proof 
231189     DEBUG main            d.u.i.k.p.i.AbstractProblemLoader Environment load took 96.9ns 
231190     INFO  main            d.u.i.k.p.i.AbstractProblemLoader Creating init config 
233468     DEBUG main            d.u.i.k.p.i.AbstractProblemLoader Init config took 2.28s 
233480     INFO  main            d.u.i.k.p.i.AbstractProblemLoader Replaying proof linApprox.key.proof 
233483     DEBUG main            d.u.i.k.p.i.IntermediateProofReplayer Proof replay took 1.32ms 
233484     DEBUG main            d.u.i.k.p.r.p.TestFile    ... success: reloaded. 
233485     INFO  main            d.u.i.k.p.r.p.TestFile    Now processing file /home/runner/work/key/key/key.core/../key.ui/examples/standard_key/inEqSimp/nonLinInEqExample0.key 
233485     INFO  main            d.u.i.k.p.i.AbstractProblemLoader Loading environment from /home/runner/work/key/key/key.core/../key.ui/examples/standard_key/inEqSimp/nonLinInEqExample0.key 
233485     DEBUG main            d.u.i.k.p.i.AbstractProblemLoader Environment load took 48.3ns 
233486     INFO  main            d.u.i.k.p.i.AbstractProblemLoader Creating init config 
235842     DEBUG main            d.u.i.k.p.i.AbstractProblemLoader Init config took 2.36s 
235856     INFO  main            d.u.i.k.p.i.AbstractProblemLoader Replaying proof nonLinInEqExample0.key 
235857     DEBUG main            d.u.i.k.p.i.IntermediateProofReplayer Proof replay took 3.4ns 
235960     INFO  main            d.u.i.k.p.r.p.TestFile    ... finished proof: closed. 
236241     INFO  main            d.u.i.k.p.i.AbstractProblemLoader Loading environment from /home/runner/work/key/key/key.core/../key.ui/examples/standard_key/inEqSimp/nonLinInEqExample0.key.proof 
236242     DEBUG main            d.u.i.k.p.i.AbstractProblemLoader Environment load took 95.7ns 
236243     INFO  main            d.u.i.k.p.i.AbstractProblemLoader Creating init config 
238508     DEBUG main            d.u.i.k.p.i.AbstractProblemLoader Init config took 2.27s 
238521     INFO  main            d.u.i.k.p.i.AbstractProblemLoader Replaying proof nonLinInEqExample0.key.proof 
238523     DEBUG main            d.u.i.k.p.i.IntermediateProofReplayer Proof replay took 522ns 
238524     DEBUG main            d.u.i.k.p.r.p.TestFile    ... success: reloaded. 
238525     INFO  main            d.u.i.k.p.r.p.TestFile    Now processing file /home/runner/work/key/key/key.core/../key.ui/examples/standard_key/inEqSimp/nonLinInEqExample2.key 
238525     INFO  main            d.u.i.k.p.i.AbstractProblemLoader Loading environment from /home/runner/work/key/key/key.core/../key.ui/examples/standard_key/inEqSimp/nonLinInEqExample2.key 
238525     DEBUG main            d.u.i.k.p.i.AbstractProblemLoader Environment load took 48.6ns 
238526     INFO  main            d.u.i.k.p.i.AbstractProblemLoader Creating init config 
240830     DEBUG main            d.u.i.k.p.i.AbstractProblemLoader Init config took 2.3s 
240843     INFO  main            d.u.i.k.p.i.AbstractProblemLoader Replaying proof nonLinInEqExample2.key 
240844     DEBUG main            d.u.i.k.p.i.IntermediateProofReplayer Proof replay took 2.9ns 
241148     INFO  main            d.u.i.k.p.r.p.TestFile    ... finished proof: closed. 
241435     INFO  main            d.u.i.k.p.i.AbstractProblemLoader Loading environment from /home/runner/work/key/key/key.core/../key.ui/examples/standard_key/inEqSimp/nonLinInEqExample2.key.proof 
241435     DEBUG main            d.u.i.k.p.i.AbstractProblemLoader Environment load took 463.8ns 
241436     INFO  main            d.u.i.k.p.i.AbstractProblemLoader Creating init config 
243703     DEBUG main            d.u.i.k.p.i.AbstractProblemLoader Init config took 2.27s 
243716     INFO  main            d.u.i.k.p.i.AbstractProblemLoader Replaying proof nonLinInEqExample2.key.proof 
243755     DEBUG main            d.u.i.k.p.i.IntermediateProofReplayer Proof replay took 33.02ms 
243756     DEBUG main            d.u.i.k.p.r.p.TestFile    ... success: reloaded. 
243757     INFO  main            d.u.i.k.p.r.p.TestFile    Now processing file /home/runner/work/key/key/key.core/../key.ui/examples/standard_key/inEqSimp/nonLinInEqExample3.key 
243757     INFO  main            d.u.i.k.p.i.AbstractProblemLoader Loading environment from /home/runner/work/key/key/key.core/../key.ui/examples/standard_key/inEqSimp/nonLinInEqExample3.key 
243757     DEBUG main            d.u.i.k.p.i.AbstractProblemLoader Environment load took 94ns 
243758     INFO  main            d.u.i.k.p.i.AbstractProblemLoader Creating init config 
246062     DEBUG main            d.u.i.k.p.i.AbstractProblemLoader Init config took 2.3s 
246075     INFO  main            d.u.i.k.p.i.AbstractProblemLoader Replaying proof nonLinInEqExample3.key 
246077     DEBUG main            d.u.i.k.p.i.IntermediateProofReplayer Proof replay took 2.9ns 
246279     INFO  main            d.u.i.k.p.r.p.TestFile    ... finished proof: closed. 
246588     INFO  main            d.u.i.k.p.i.AbstractProblemLoader Loading environment from /home/runner/work/key/key/key.core/../key.ui/examples/standard_key/inEqSimp/nonLinInEqExample3.key.proof 
246588     DEBUG main            d.u.i.k.p.i.AbstractProblemLoader Environment load took 100.5ns 
246589     INFO  main            d.u.i.k.p.i.AbstractProblemLoader Creating init config 
248861     DEBUG main            d.u.i.k.p.i.AbstractProblemLoader Init config took 2.27s 
248874     INFO  main            d.u.i.k.p.i.AbstractProblemLoader Replaying proof nonLinInEqExample3.key.proof 
248888     DEBUG main            d.u.i.k.p.i.IntermediateProofReplayer Proof replay took 10.53ms 
248889     DEBUG main            d.u.i.k.p.r.p.TestFile    ... success: reloaded. 
248890     INFO  main            d.u.i.k.p.r.p.TestFile    Now processing file /home/runner/work/key/key/key.core/../key.ui/examples/standard_key/inEqSimp/nonLinInEqExample4.key 
248890     INFO  main            d.u.i.k.p.i.AbstractProblemLoader Loading environment from /home/runner/work/key/key/key.core/../key.ui/examples/standard_key/inEqSimp/nonLinInEqExample4.key 
248890     DEBUG main            d.u.i.k.p.i.AbstractProblemLoader Environment load took 58.6ns 
248893     INFO  main            d.u.i.k.p.i.AbstractProblemLoader Creating init config 
251219     DEBUG main            d.u.i.k.p.i.AbstractProblemLoader Init config took 2.33s 
251232     INFO  main            d.u.i.k.p.i.AbstractProblemLoader Replaying proof nonLinInEqExample4.key 
251234     DEBUG main            d.u.i.k.p.i.IntermediateProofReplayer Proof replay took 3ns 
251336     INFO  main            d.u.i.k.p.r.p.TestFile    ... finished proof: closed. 
251642     INFO  main            d.u.i.k.p.i.AbstractProblemLoader Loading environment from /home/runner/work/key/key/key.core/../key.ui/examples/standard_key/inEqSimp/nonLinInEqExample4.key.proof 
251642     DEBUG main            d.u.i.k.p.i.AbstractProblemLoader Environment load took 94.2ns 
251643     INFO  main            d.u.i.k.p.i.AbstractProblemLoader Creating init config 
253908     DEBUG main            d.u.i.k.p.i.AbstractProblemLoader Init config took 2.27s 
253922     INFO  main            d.u.i.k.p.i.AbstractProblemLoader Replaying proof nonLinInEqExample4.key.proof 
253932     DEBUG main            d.u.i.k.p.i.IntermediateProofReplayer Proof replay took 2.51ms 
253932     DEBUG main            d.u.i.k.p.r.p.TestFile    ... success: reloaded. 
253933     INFO  main            d.u.i.k.p.r.p.TestFile    Now processing file /home/runner/work/key/key/key.core/../key.ui/examples/standard_key/inEqSimp/quadraticInEq.key 
253933     INFO  main            d.u.i.k.p.i.AbstractProblemLoader Loading environment from /home/runner/work/key/key/key.core/../key.ui/examples/standard_key/inEqSimp/quadraticInEq.key 
253939     DEBUG main            d.u.i.k.p.i.AbstractProblemLoader Environment load took 5.75ms 
253940     INFO  main            d.u.i.k.p.i.AbstractProblemLoader Creating init config 
256268     DEBUG main            d.u.i.k.p.i.AbstractProblemLoader Init config took 2.33s 
256282     INFO  main            d.u.i.k.p.i.AbstractProblemLoader Replaying proof quadraticInEq.key 
256284     DEBUG main            d.u.i.k.p.i.IntermediateProofReplayer Proof replay took 14.5ns 
256587     INFO  main            d.u.i.k.p.r.p.TestFile    ... finished proof: closed. 
256906     INFO  main            d.u.i.k.p.i.AbstractProblemLoader Loading environment from /home/runner/work/key/key/key.core/../key.ui/examples/standard_key/inEqSimp/quadraticInEq.key.proof 
256906     DEBUG main            d.u.i.k.p.i.AbstractProblemLoader Environment load took 100.8ns 
256908     INFO  main            d.u.i.k.p.i.AbstractProblemLoader Creating init config 
259182     DEBUG main            d.u.i.k.p.i.AbstractProblemLoader Init config took 2.27s 
259196     INFO  main            d.u.i.k.p.i.AbstractProblemLoader Replaying proof quadraticInEq.key.proof 
259226     DEBUG main            d.u.i.k.p.i.IntermediateProofReplayer Proof replay took 25.26ms 
259227     DEBUG main            d.u.i.k.p.r.p.TestFile    ... success: reloaded. 
259228     INFO  main            d.u.i.k.p.r.p.TestFile    Now processing file /home/runner/work/key/key/key.core/../key.ui/examples/standard_key/inEqSimp/quadraticInEq10.key 
259229     INFO  main            d.u.i.k.p.i.AbstractProblemLoader Loading environment from /home/runner/work/key/key/key.core/../key.ui/examples/standard_key/inEqSimp/quadraticInEq10.key 
259229     DEBUG main            d.u.i.k.p.i.AbstractProblemLoader Environment load took 208.4ns 
259230     INFO  main            d.u.i.k.p.i.AbstractProblemLoader Creating init config 
261575     DEBUG main            d.u.i.k.p.i.AbstractProblemLoader Init config took 2.34s 
261588     INFO  main            d.u.i.k.p.i.AbstractProblemLoader Replaying proof quadraticInEq10.key 
261589     DEBUG main            d.u.i.k.p.i.IntermediateProofReplayer Proof replay took 3.3ns 
261792     INFO  main            d.u.i.k.p.r.p.TestFile    ... finished proof: closed. 
262117     INFO  main            d.u.i.k.p.i.AbstractProblemLoader Loading environment from /home/runner/work/key/key/key.core/../key.ui/examples/standard_key/inEqSimp/quadraticInEq10.key.proof 
262117     DEBUG main            d.u.i.k.p.i.AbstractProblemLoader Environment load took 110.3ns 
262118     INFO  main            d.u.i.k.p.i.AbstractProblemLoader Creating init config 
264374     DEBUG main            d.u.i.k.p.i.AbstractProblemLoader Init config took 2.26s 
264387     INFO  main            d.u.i.k.p.i.AbstractProblemLoader Replaying proof quadraticInEq10.key.proof 
264396     DEBUG main            d.u.i.k.p.i.IntermediateProofReplayer Proof replay took 7.01ms 
264397     DEBUG main            d.u.i.k.p.r.p.TestFile    ... success: reloaded. 
264398     INFO  main            d.u.i.k.p.r.p.TestFile    Now processing file /home/runner/work/key/key/key.core/../key.ui/examples/standard_key/inEqSimp/quadraticInEq13.key 
264398     INFO  main            d.u.i.k.p.i.AbstractProblemLoader Loading environment from /home/runner/work/key/key/key.core/../key.ui/examples/standard_key/inEqSimp/quadraticInEq13.key 
264398     DEBUG main            d.u.i.k.p.i.AbstractProblemLoader Environment load took 84.3ns 
264399     INFO  main            d.u.i.k.p.i.AbstractProblemLoader Creating init config 
266693     DEBUG main            d.u.i.k.p.i.AbstractProblemLoader Init config took 2.29s 
266706     INFO  main            d.u.i.k.p.i.AbstractProblemLoader Replaying proof quadraticInEq13.key 
266708     DEBUG main            d.u.i.k.p.i.IntermediateProofReplayer Proof replay took 3.2ns 
266910     INFO  main            d.u.i.k.p.r.p.TestFile    ... finished proof: closed. 
267246     INFO  main            d.u.i.k.p.i.AbstractProblemLoader Loading environment from /home/runner/work/key/key/key.core/../key.ui/examples/standard_key/inEqSimp/quadraticInEq13.key.proof 
267246     DEBUG main            d.u.i.k.p.i.AbstractProblemLoader Environment load took 88.2ns 
267247     INFO  main            d.u.i.k.p.i.AbstractProblemLoader Creating init config 
269503     DEBUG main            d.u.i.k.p.i.AbstractProblemLoader Init config took 2.26s 
269527     INFO  main            d.u.i.k.p.i.AbstractProblemLoader Replaying proof quadraticInEq13.key.proof 
269538     DEBUG main            d.u.i.k.p.i.IntermediateProofReplayer Proof replay took 8.37ms 
269538     DEBUG main            d.u.i.k.p.r.p.TestFile    ... success: reloaded. 
269539     INFO  main            d.u.i.k.p.r.p.TestFile    Now processing file /home/runner/work/key/key/key.core/../key.ui/examples/standard_key/inEqSimp/quadraticInEq14.key 
269539     INFO  main            d.u.i.k.p.i.AbstractProblemLoader Loading environment from /home/runner/work/key/key/key.core/../key.ui/examples/standard_key/inEqSimp/quadraticInEq14.key 
269539     DEBUG main            d.u.i.k.p.i.AbstractProblemLoader Environment load took 46.6ns 
269540     INFO  main            d.u.i.k.p.i.AbstractProblemLoader Creating init config 
271831     DEBUG main            d.u.i.k.p.i.AbstractProblemLoader Init config took 2.29s 
271844     INFO  main            d.u.i.k.p.i.AbstractProblemLoader Replaying proof quadraticInEq14.key 
271848     DEBUG main            d.u.i.k.p.i.IntermediateProofReplayer Proof replay took 3.1ns 
272152     INFO  main            d.u.i.k.p.r.p.TestFile    ... finished proof: closed. 
272502     INFO  main            d.u.i.k.p.i.AbstractProblemLoader Loading environment from /home/runner/work/key/key/key.core/../key.ui/examples/standard_key/inEqSimp/quadraticInEq14.key.proof 
272503     DEBUG main            d.u.i.k.p.i.AbstractProblemLoader Environment load took 93.6ns 
272504     INFO  main            d.u.i.k.p.i.AbstractProblemLoader Creating init config 
274763     DEBUG main            d.u.i.k.p.i.AbstractProblemLoader Init config took 2.26s 
274776     INFO  main            d.u.i.k.p.i.AbstractProblemLoader Replaying proof quadraticInEq14.key.proof 
274789     DEBUG main            d.u.i.k.p.i.IntermediateProofReplayer Proof replay took 10.55ms 
274790     DEBUG main            d.u.i.k.p.r.p.TestFile    ... success: reloaded. 
274790     INFO  main            d.u.i.k.p.r.p.TestFile    Now processing file /home/runner/work/key/key/key.core/../key.ui/examples/standard_key/inEqSimp/quadraticInEq2.key 
274791     INFO  main            d.u.i.k.p.i.AbstractProblemLoader Loading environment from /home/runner/work/key/key/key.core/../key.ui/examples/standard_key/inEqSimp/quadraticInEq2.key 
274791     DEBUG main            d.u.i.k.p.i.AbstractProblemLoader Environment load took 70.7ns 
274791     INFO  main            d.u.i.k.p.i.AbstractProblemLoader Creating init config 
277080     DEBUG main            d.u.i.k.p.i.AbstractProblemLoader Init config took 2.29s 
277093     INFO  main            d.u.i.k.p.i.AbstractProblemLoader Replaying proof quadraticInEq2.key 
277096     DEBUG main            d.u.i.k.p.i.IntermediateProofReplayer Proof replay took 3.3ns 
277199     INFO  main            d.u.i.k.p.r.p.TestFile    ... finished proof: closed. 
277535     INFO  main            d.u.i.k.p.i.AbstractProblemLoader Loading environment from /home/runner/work/key/key/key.core/../key.ui/examples/standard_key/inEqSimp/quadraticInEq2.key.proof 
277535     DEBUG main            d.u.i.k.p.i.AbstractProblemLoader Environment load took 102ns 
277536     INFO  main            d.u.i.k.p.i.AbstractProblemLoader Creating init config 
279793     DEBUG main            d.u.i.k.p.i.AbstractProblemLoader Init config took 2.26s 
279806     INFO  main            d.u.i.k.p.i.AbstractProblemLoader Replaying proof quadraticInEq2.key.proof 
279809     DEBUG main            d.u.i.k.p.i.IntermediateProofReplayer Proof replay took 1.66ms 
279810     DEBUG main            d.u.i.k.p.r.p.TestFile    ... success: reloaded. 
279810     INFO  main            d.u.i.k.p.r.p.TestFile    Now processing file /home/runner/work/key/key/key.core/../key.ui/examples/standard_key/inEqSimp/quadraticInEq3.key 
279810     INFO  main            d.u.i.k.p.i.AbstractProblemLoader Loading environment from /home/runner/work/key/key/key.core/../key.ui/examples/standard_key/inEqSimp/quadraticInEq3.key 
279811     DEBUG main            d.u.i.k.p.i.AbstractProblemLoader Environment load took 46.1ns 
279811     INFO  main            d.u.i.k.p.i.AbstractProblemLoader Creating init config 
282100     DEBUG main            d.u.i.k.p.i.AbstractProblemLoader Init config took 2.29s 
282113     INFO  main            d.u.i.k.p.i.AbstractProblemLoader Replaying proof quadraticInEq3.key 
282115     DEBUG main            d.u.i.k.p.i.IntermediateProofReplayer Proof replay took 2.4ns 
282218     INFO  main            d.u.i.k.p.r.p.TestFile    ... finished proof: closed. 
282541     INFO  main            d.u.i.k.p.i.AbstractProblemLoader Loading environment from /home/runner/work/key/key/key.core/../key.ui/examples/standard_key/inEqSimp/quadraticInEq3.key.proof 
282541     DEBUG main            d.u.i.k.p.i.AbstractProblemLoader Environment load took 87.3ns 
282542     INFO  main            d.u.i.k.p.i.AbstractProblemLoader Creating init config 
284789     DEBUG main            d.u.i.k.p.i.AbstractProblemLoader Init config took 2.25s 
284813     INFO  main            d.u.i.k.p.i.AbstractProblemLoader Replaying proof quadraticInEq3.key.proof 
284819     DEBUG main            d.u.i.k.p.i.IntermediateProofReplayer Proof replay took 4.25ms 
284820     DEBUG main            d.u.i.k.p.r.p.TestFile    ... success: reloaded. 
284820     INFO  main            d.u.i.k.p.r.p.TestFile    Now processing file /home/runner/work/key/key/key.core/../key.ui/examples/standard_key/inEqSimp/quadraticInEq4.key 
284821     INFO  main            d.u.i.k.p.i.AbstractProblemLoader Loading environment from /home/runner/work/key/key/key.core/../key.ui/examples/standard_key/inEqSimp/quadraticInEq4.key 
284821     DEBUG main            d.u.i.k.p.i.AbstractProblemLoader Environment load took 92.4ns 
284822     INFO  main            d.u.i.k.p.i.AbstractProblemLoader Creating init config 
287112     DEBUG main            d.u.i.k.p.i.AbstractProblemLoader Init config took 2.29s 
287125     INFO  main            d.u.i.k.p.i.AbstractProblemLoader Replaying proof quadraticInEq4.key 
287126     DEBUG main            d.u.i.k.p.i.IntermediateProofReplayer Proof replay took 2.7ns 
287230     INFO  main            d.u.i.k.p.r.p.TestFile    ... finished proof: closed. 
287561     INFO  main            d.u.i.k.p.i.AbstractProblemLoader Loading environment from /home/runner/work/key/key/key.core/../key.ui/examples/standard_key/inEqSimp/quadraticInEq4.key.proof 
287561     DEBUG main            d.u.i.k.p.i.AbstractProblemLoader Environment load took 91.7ns 
287562     INFO  main            d.u.i.k.p.i.AbstractProblemLoader Creating init config 
289821     DEBUG main            d.u.i.k.p.i.AbstractProblemLoader Init config took 2.26s 
289834     INFO  main            d.u.i.k.p.i.AbstractProblemLoader Replaying proof quadraticInEq4.key.proof 
289838     DEBUG main            d.u.i.k.p.i.IntermediateProofReplayer Proof replay took 2.39ms 
289839     DEBUG main            d.u.i.k.p.r.p.TestFile    ... success: reloaded. 
289839     INFO  main            d.u.i.k.p.r.p.TestFile    Now processing file /home/runner/work/key/key/key.core/../key.ui/examples/standard_key/inEqSimp/quadraticInEq5.key 
289840     INFO  main            d.u.i.k.p.i.AbstractProblemLoader Loading environment from /home/runner/work/key/key/key.core/../key.ui/examples/standard_key/inEqSimp/quadraticInEq5.key 
289840     DEBUG main            d.u.i.k.p.i.AbstractProblemLoader Environment load took 76.7ns 
289840     INFO  main            d.u.i.k.p.i.AbstractProblemLoader Creating init config 
292129     DEBUG main            d.u.i.k.p.i.AbstractProblemLoader Init config took 2.29s 
292142     INFO  main            d.u.i.k.p.i.AbstractProblemLoader Replaying proof quadraticInEq5.key 
292144     DEBUG main            d.u.i.k.p.i.IntermediateProofReplayer Proof replay took 2.9ns 
292246     INFO  main            d.u.i.k.p.r.p.TestFile    ... finished proof: closed. 
292591     INFO  main            d.u.i.k.p.i.AbstractProblemLoader Loading environment from /home/runner/work/key/key/key.core/../key.ui/examples/standard_key/inEqSimp/quadraticInEq5.key.proof 
292591     DEBUG main            d.u.i.k.p.i.AbstractProblemLoader Environment load took 85.7ns 
292592     INFO  main            d.u.i.k.p.i.AbstractProblemLoader Creating init config 
294850     DEBUG main            d.u.i.k.p.i.AbstractProblemLoader Init config took 2.26s 
294863     INFO  main            d.u.i.k.p.i.AbstractProblemLoader Replaying proof quadraticInEq5.key.proof 
294867     DEBUG main            d.u.i.k.p.i.IntermediateProofReplayer Proof replay took 2.49ms 
294868     DEBUG main            d.u.i.k.p.r.p.TestFile    ... success: reloaded. 
294868     INFO  main            d.u.i.k.p.r.p.TestFile    Now processing file /home/runner/work/key/key/key.core/../key.ui/examples/standard_key/inEqSimp/quadraticInEq6.key 
294869     INFO  main            d.u.i.k.p.i.AbstractProblemLoader Loading environment from /home/runner/work/key/key/key.core/../key.ui/examples/standard_key/inEqSimp/quadraticInEq6.key 
294869     DEBUG main            d.u.i.k.p.i.AbstractProblemLoader Environment load took 48.9ns 
294870     INFO  main            d.u.i.k.p.i.AbstractProblemLoader Creating init config 
297160     DEBUG main            d.u.i.k.p.i.AbstractProblemLoader Init config took 2.29s 
297173     INFO  main            d.u.i.k.p.i.AbstractProblemLoader Replaying proof quadraticInEq6.key 
297175     DEBUG main            d.u.i.k.p.i.IntermediateProofReplayer Proof replay took 2.8ns 
297278     INFO  main            d.u.i.k.p.r.p.TestFile    ... finished proof: closed. 
297618     INFO  main            d.u.i.k.p.i.AbstractProblemLoader Loading environment from /home/runner/work/key/key/key.core/../key.ui/examples/standard_key/inEqSimp/quadraticInEq6.key.proof 
297618     DEBUG main            d.u.i.k.p.i.AbstractProblemLoader Environment load took 88.1ns 
297619     INFO  main            d.u.i.k.p.i.AbstractProblemLoader Creating init config 
299883     DEBUG main            d.u.i.k.p.i.AbstractProblemLoader Init config took 2.26s 
299896     INFO  main            d.u.i.k.p.i.AbstractProblemLoader Replaying proof quadraticInEq6.key.proof 
299900     DEBUG main            d.u.i.k.p.i.IntermediateProofReplayer Proof replay took 3ms 
299901     DEBUG main            d.u.i.k.p.r.p.TestFile    ... success: reloaded. 
299902     INFO  main            d.u.i.k.p.r.p.TestFile    Now processing file /home/runner/work/key/key/key.core/../key.ui/examples/standard_key/inEqSimp/quadraticInEq7.key 
299902     INFO  main            d.u.i.k.p.i.AbstractProblemLoader Loading environment from /home/runner/work/key/key/key.core/../key.ui/examples/standard_key/inEqSimp/quadraticInEq7.key 
299902     DEBUG main            d.u.i.k.p.i.AbstractProblemLoader Environment load took 77ns 
299903     INFO  main            d.u.i.k.p.i.AbstractProblemLoader Creating init config 
302194     DEBUG main            d.u.i.k.p.i.AbstractProblemLoader Init config took 2.29s 
302208     INFO  main            d.u.i.k.p.i.AbstractProblemLoader Replaying proof quadraticInEq7.key 
302210     DEBUG main            d.u.i.k.p.i.IntermediateProofReplayer Proof replay took 3.3ns 
302311     INFO  main            d.u.i.k.p.r.p.TestFile    ... finished proof: closed. 
302664     INFO  main            d.u.i.k.p.i.AbstractProblemLoader Loading environment from /home/runner/work/key/key/key.core/../key.ui/examples/standard_key/inEqSimp/quadraticInEq7.key.proof 
302664     DEBUG main            d.u.i.k.p.i.AbstractProblemLoader Environment load took 90.8ns 
302665     INFO  main            d.u.i.k.p.i.AbstractProblemLoader Creating init config 
304922     DEBUG main            d.u.i.k.p.i.AbstractProblemLoader Init config took 2.26s 
304935     INFO  main            d.u.i.k.p.i.AbstractProblemLoader Replaying proof quadraticInEq7.key.proof 
304938     DEBUG main            d.u.i.k.p.i.IntermediateProofReplayer Proof replay took 1.61ms 
304939     DEBUG main            d.u.i.k.p.r.p.TestFile    ... success: reloaded. 
304939     INFO  main            d.u.i.k.p.r.p.TestFile    Now processing file /home/runner/work/key/key/key.core/../key.ui/examples/standard_key/inEqSimp/quadraticInEq8.key 
304940     INFO  main            d.u.i.k.p.i.AbstractProblemLoader Loading environment from /home/runner/work/key/key/key.core/../key.ui/examples/standard_key/inEqSimp/quadraticInEq8.key 
304940     DEBUG main            d.u.i.k.p.i.AbstractProblemLoader Environment load took 64.2ns 
304940     INFO  main            d.u.i.k.p.i.AbstractProblemLoader Creating init config 
307234     DEBUG main            d.u.i.k.p.i.AbstractProblemLoader Init config took 2.29s 
307247     INFO  main            d.u.i.k.p.i.AbstractProblemLoader Replaying proof quadraticInEq8.key 
307249     DEBUG main            d.u.i.k.p.i.IntermediateProofReplayer Proof replay took 2.8ns 
307351     INFO  main            d.u.i.k.p.r.p.TestFile    ... finished proof: closed. 
307711     INFO  main            d.u.i.k.p.i.AbstractProblemLoader Loading environment from /home/runner/work/key/key/key.core/../key.ui/examples/standard_key/inEqSimp/quadraticInEq8.key.proof 
307711     DEBUG main            d.u.i.k.p.i.AbstractProblemLoader Environment load took 100.2ns 
307712     INFO  main            d.u.i.k.p.i.AbstractProblemLoader Creating init config 
309974     DEBUG main            d.u.i.k.p.i.AbstractProblemLoader Init config took 2.26s 
309987     INFO  main            d.u.i.k.p.i.AbstractProblemLoader Replaying proof quadraticInEq8.key.proof 
309993     DEBUG main            d.u.i.k.p.i.IntermediateProofReplayer Proof replay took 3.79ms 
309993     DEBUG main            d.u.i.k.p.r.p.TestFile    ... success: reloaded. 
309994     INFO  main            d.u.i.k.p.r.p.TestFile    Now processing file /home/runner/work/key/key/key.core/../key.ui/examples/standard_key/inEqSimp/simplify0.key 
309994     INFO  main            d.u.i.k.p.i.AbstractProblemLoader Loading environment from /home/runner/work/key/key/key.core/../key.ui/examples/standard_key/inEqSimp/simplify0.key 
309994     DEBUG main            d.u.i.k.p.i.AbstractProblemLoader Environment load took 79.5ns 
309995     INFO  main            d.u.i.k.p.i.AbstractProblemLoader Creating init config 
312292     DEBUG main            d.u.i.k.p.i.AbstractProblemLoader Init config took 2.3s 
312306     INFO  main            d.u.i.k.p.i.AbstractProblemLoader Replaying proof simplify0.key 
312307     DEBUG main            d.u.i.k.p.i.IntermediateProofReplayer Proof replay took 2.7ns 
312409     INFO  main            d.u.i.k.p.r.p.TestFile    ... finished proof: closed. 
312776     INFO  main            d.u.i.k.p.i.AbstractProblemLoader Loading environment from /home/runner/work/key/key/key.core/../key.ui/examples/standard_key/inEqSimp/simplify0.key.proof 
312776     DEBUG main            d.u.i.k.p.i.AbstractProblemLoader Environment load took 96.9ns 
312777     INFO  main            d.u.i.k.p.i.AbstractProblemLoader Creating init config 
315040     DEBUG main            d.u.i.k.p.i.AbstractProblemLoader Init config took 2.26s 
315054     INFO  main            d.u.i.k.p.i.AbstractProblemLoader Replaying proof simplify0.key.proof 
315056     DEBUG main            d.u.i.k.p.i.IntermediateProofReplayer Proof replay took 710.91ns 
315057     DEBUG main            d.u.i.k.p.r.p.TestFile    ... success: reloaded. 
315057     INFO  main            d.u.i.k.p.r.p.TestFile    Now processing file /home/runner/work/key/key/key.core/../key.ui/examples/standard_key/inEqSimp/simplify1.key 
315057     INFO  main            d.u.i.k.p.i.AbstractProblemLoader Loading environment from /home/runner/work/key/key/key.core/../key.ui/examples/standard_key/inEqSimp/simplify1.key 
315057     DEBUG main            d.u.i.k.p.i.AbstractProblemLoader Environment load took 43.3ns 
315058     INFO  main            d.u.i.k.p.i.AbstractProblemLoader Creating init config 
317355     DEBUG main            d.u.i.k.p.i.AbstractProblemLoader Init config took 2.3s 
317368     INFO  main            d.u.i.k.p.i.AbstractProblemLoader Replaying proof simplify1.key 
317369     DEBUG main            d.u.i.k.p.i.IntermediateProofReplayer Proof replay took 3ns 
317471     INFO  main            d.u.i.k.p.r.p.TestFile    ... finished proof: closed. 
317839     INFO  main            d.u.i.k.p.i.AbstractProblemLoader Loading environment from /home/runner/work/key/key/key.core/../key.ui/examples/standard_key/inEqSimp/simplify1.key.proof 
317839     DEBUG main            d.u.i.k.p.i.AbstractProblemLoader Environment load took 81.9ns 
317840     INFO  main            d.u.i.k.p.i.AbstractProblemLoader Creating init config 
320110     DEBUG main            d.u.i.k.p.i.AbstractProblemLoader Init config took 2.27s 
320123     INFO  main            d.u.i.k.p.i.AbstractProblemLoader Replaying proof simplify1.key.proof 
320125     DEBUG main            d.u.i.k.p.i.IntermediateProofReplayer Proof replay took 831.91ns 
320126     DEBUG main            d.u.i.k.p.r.p.TestFile    ... success: reloaded. 
320126     INFO  main            d.u.i.k.p.r.p.TestFile    Now processing file /home/runner/work/key/key/key.core/../key.ui/examples/standard_key/inEqSimp/simplify2.key 
320126     INFO  main            d.u.i.k.p.i.AbstractProblemLoader Loading environment from /home/runner/work/key/key/key.core/../key.ui/examples/standard_key/inEqSimp/simplify2.key 
320126     DEBUG main            d.u.i.k.p.i.AbstractProblemLoader Environment load took 47.1ns 
320127     INFO  main            d.u.i.k.p.i.AbstractProblemLoader Creating init config 
322416     DEBUG main            d.u.i.k.p.i.AbstractProblemLoader Init config took 2.29s 
322429     INFO  main            d.u.i.k.p.i.AbstractProblemLoader Replaying proof simplify2.key 
322430     DEBUG main            d.u.i.k.p.i.IntermediateProofReplayer Proof replay took 2.4ns 
322552     INFO  main            d.u.i.k.p.r.p.TestFile    ... finished proof: closed. 
322912     INFO  main            d.u.i.k.p.i.AbstractProblemLoader Loading environment from /home/runner/work/key/key/key.core/../key.ui/examples/standard_key/inEqSimp/simplify2.key.proof 
322912     DEBUG main            d.u.i.k.p.i.AbstractProblemLoader Environment load took 88.8ns 
322913     INFO  main            d.u.i.k.p.i.AbstractProblemLoader Creating init config 
325174     DEBUG main            d.u.i.k.p.i.AbstractProblemLoader Init config took 2.26s 
325187     INFO  main            d.u.i.k.p.i.AbstractProblemLoader Replaying proof simplify2.key.proof 
325194     DEBUG main            d.u.i.k.p.i.IntermediateProofReplayer Proof replay took 5.75ms 
325195     DEBUG main            d.u.i.k.p.r.p.TestFile    ... success: reloaded. 
325196     INFO  main            d.u.i.k.p.r.p.TestFile    Now processing file /home/runner/work/key/key/key.core/../key.ui/examples/standard_key/inEqSimp/simplify3.key 
325196     INFO  main            d.u.i.k.p.i.AbstractProblemLoader Loading environment from /home/runner/work/key/key/key.core/../key.ui/examples/standard_key/inEqSimp/simplify3.key 
325196     DEBUG main            d.u.i.k.p.i.AbstractProblemLoader Environment load took 44.8ns 
325197     INFO  main            d.u.i.k.p.i.AbstractProblemLoader Creating init config 
327498     DEBUG main            d.u.i.k.p.i.AbstractProblemLoader Init config took 2.3s 
327511     INFO  main            d.u.i.k.p.i.AbstractProblemLoader Replaying proof simplify3.key 
327512     DEBUG main            d.u.i.k.p.i.IntermediateProofReplayer Proof replay took 3.1ns 
327614     INFO  main            d.u.i.k.p.r.p.TestFile    ... finished proof: closed. 
327994     INFO  main            d.u.i.k.p.i.AbstractProblemLoader Loading environment from /home/runner/work/key/key/key.core/../key.ui/examples/standard_key/inEqSimp/simplify3.key.proof 
327994     DEBUG main            d.u.i.k.p.i.AbstractProblemLoader Environment load took 86.6ns 
327995     INFO  main            d.u.i.k.p.i.AbstractProblemLoader Creating init config 
330262     DEBUG main            d.u.i.k.p.i.AbstractProblemLoader Init config took 2.27s 
330275     INFO  main            d.u.i.k.p.i.AbstractProblemLoader Replaying proof simplify3.key.proof 
330278     DEBUG main            d.u.i.k.p.i.IntermediateProofReplayer Proof replay took 1.33ms 
330278     DEBUG main            d.u.i.k.p.r.p.TestFile    ... success: reloaded. 
330279     INFO  main            d.u.i.k.p.r.p.TestFile    Now processing file /home/runner/work/key/key/key.core/../key.ui/examples/standard_key/inEqSimp/simplify4.key 
330279     INFO  main            d.u.i.k.p.i.AbstractProblemLoader Loading environment from /home/runner/work/key/key/key.core/../key.ui/examples/standard_key/inEqSimp/simplify4.key 
330279     DEBUG main            d.u.i.k.p.i.AbstractProblemLoader Environment load took 44.5ns 
330280     INFO  main            d.u.i.k.p.i.AbstractProblemLoader Creating init config 
332576     DEBUG main            d.u.i.k.p.i.AbstractProblemLoader Init config took 2.3s 
332590     INFO  main            d.u.i.k.p.i.AbstractProblemLoader Replaying proof simplify4.key 
332591     DEBUG main            d.u.i.k.p.i.IntermediateProofReplayer Proof replay took 3.2ns 
332693     INFO  main            d.u.i.k.p.r.p.TestFile    ... finished proof: closed. 
333077     INFO  main            d.u.i.k.p.i.AbstractProblemLoader Loading environment from /home/runner/work/key/key/key.core/../key.ui/examples/standard_key/inEqSimp/simplify4.key.proof 
333077     DEBUG main            d.u.i.k.p.i.AbstractProblemLoader Environment load took 81.3ns 
333078     INFO  main            d.u.i.k.p.i.AbstractProblemLoader Creating init config 
335334     DEBUG main            d.u.i.k.p.i.AbstractProblemLoader Init config took 2.26s 
335348     INFO  main            d.u.i.k.p.i.AbstractProblemLoader Replaying proof simplify4.key.proof 
335355     DEBUG main            d.u.i.k.p.i.IntermediateProofReplayer Proof replay took 4.76ms 
335356     DEBUG main            d.u.i.k.p.r.p.TestFile    ... success: reloaded. 
335356     INFO  main            d.u.i.k.p.r.p.TestFile    Now processing file /home/runner/work/key/key/key.core/../key.ui/examples/standard_key/inEqSimp/simplify5.key 
335357     INFO  main            d.u.i.k.p.i.AbstractProblemLoader Loading environment from /home/runner/work/key/key/key.core/../key.ui/examples/standard_key/inEqSimp/simplify5.key 
335357     DEBUG main            d.u.i.k.p.i.AbstractProblemLoader Environment load took 187.6ns 
335358     INFO  main            d.u.i.k.p.i.AbstractProblemLoader Creating init config 
337681     DEBUG main            d.u.i.k.p.i.AbstractProblemLoader Init config took 2.32s 
337695     INFO  main            d.u.i.k.p.i.AbstractProblemLoader Replaying proof simplify5.key 
337696     DEBUG main            d.u.i.k.p.i.IntermediateProofReplayer Proof replay took 3ns 
338200     INFO  main            d.u.i.k.p.r.p.TestFile    ... finished proof: closed. 
338613     INFO  main            d.u.i.k.p.i.AbstractProblemLoader Loading environment from /home/runner/work/key/key/key.core/../key.ui/examples/standard_key/inEqSimp/simplify5.key.proof 
338613     DEBUG main            d.u.i.k.p.i.AbstractProblemLoader Environment load took 94ns 
338614     INFO  main            d.u.i.k.p.i.AbstractProblemLoader Creating init config 
340877     DEBUG main            d.u.i.k.p.i.AbstractProblemLoader Init config took 2.26s 
340891     INFO  main            d.u.i.k.p.i.AbstractProblemLoader Replaying proof simplify5.key.proof 
340927     DEBUG main            d.u.i.k.p.i.IntermediateProofReplayer Proof replay took 31.56ms 
340928     DEBUG main            d.u.i.k.p.r.p.TestFile    ... success: reloaded. 
340929     INFO  main            d.u.i.k.p.r.p.TestFile    Now processing file /home/runner/work/key/key/key.core/../key.ui/examples/standard_key/inEqSimp/subsumptionExample.key 
340929     INFO  main            d.u.i.k.p.i.AbstractProblemLoader Loading environment from /home/runner/work/key/key/key.core/../key.ui/examples/standard_key/inEqSimp/subsumptionExample.key 
340929     DEBUG main            d.u.i.k.p.i.AbstractProblemLoader Environment load took 71.5ns 
340930     INFO  main            d.u.i.k.p.i.AbstractProblemLoader Creating init config 
343230     DEBUG main            d.u.i.k.p.i.AbstractProblemLoader Init config took 2.3s 
343243     INFO  main            d.u.i.k.p.i.AbstractProblemLoader Replaying proof subsumptionExample.key 
343244     DEBUG main            d.u.i.k.p.i.IntermediateProofReplayer Proof replay took 3.2ns 
343346     INFO  main            d.u.i.k.p.r.p.TestFile    ... finished proof: closed. 
343760     INFO  main            d.u.i.k.p.i.AbstractProblemLoader Loading environment from /home/runner/work/key/key/key.core/../key.ui/examples/standard_key/inEqSimp/subsumptionExample.key.proof 
343760     DEBUG main            d.u.i.k.p.i.AbstractProblemLoader Environment load took 79.3ns 
343761     INFO  main            d.u.i.k.p.i.AbstractProblemLoader Creating init config 
346011     DEBUG main            d.u.i.k.p.i.AbstractProblemLoader Init config took 2.25s 
346023     INFO  main            d.u.i.k.p.i.AbstractProblemLoader Replaying proof subsumptionExample.key.proof 
346025     DEBUG main            d.u.i.k.p.i.IntermediateProofReplayer Proof replay took 657.11ns 
346026     DEBUG main            d.u.i.k.p.r.p.TestFile    ... success: reloaded. 
346026     INFO  main            d.u.i.k.p.r.p.TestFile    Now processing file /home/runner/work/key/key/key.core/../key.ui/examples/standard_key/polySimp/simplify0.key 
346027     INFO  main            d.u.i.k.p.i.AbstractProblemLoader Loading environment from /home/runner/work/key/key/key.core/../key.ui/examples/standard_key/polySimp/simplify0.key 
346027     DEBUG main            d.u.i.k.p.i.AbstractProblemLoader Environment load took 48ns 
346028     INFO  main            d.u.i.k.p.i.AbstractProblemLoader Creating init config 
348321     DEBUG main            d.u.i.k.p.i.AbstractProblemLoader Init config took 2.29s 
348341     INFO  main            d.u.i.k.p.i.AbstractProblemLoader Replaying proof simplify0.key 
348343     DEBUG main            d.u.i.k.p.i.IntermediateProofReplayer Proof replay took 3.3ns 
348546     INFO  main            d.u.i.k.p.r.p.TestFile    ... finished proof: closed. 
348941     INFO  main            d.u.i.k.p.i.AbstractProblemLoader Loading environment from /home/runner/work/key/key/key.core/../key.ui/examples/standard_key/polySimp/simplify0.key.proof 
348941     DEBUG main            d.u.i.k.p.i.AbstractProblemLoader Environment load took 87.3ns 
348942     INFO  main            d.u.i.k.p.i.AbstractProblemLoader Creating init config 
351200     DEBUG main            d.u.i.k.p.i.AbstractProblemLoader Init config took 2.26s 
351214     INFO  main            d.u.i.k.p.i.AbstractProblemLoader Replaying proof simplify0.key.proof 
351223     DEBUG main            d.u.i.k.p.i.IntermediateProofReplayer Proof replay took 4.68ms 
351224     DEBUG main            d.u.i.k.p.r.p.TestFile    ... success: reloaded. 
351224     INFO  main            d.u.i.k.p.r.p.TestFile    Now processing file /home/runner/work/key/key/key.core/../key.ui/examples/standard_key/polySimp/simplify1.key 
351224     INFO  main            d.u.i.k.p.i.AbstractProblemLoader Loading environment from /home/runner/work/key/key/key.core/../key.ui/examples/standard_key/polySimp/simplify1.key 
351225     DEBUG main            d.u.i.k.p.i.AbstractProblemLoader Environment load took 110.1ns 
351226     INFO  main            d.u.i.k.p.i.AbstractProblemLoader Creating init config 
353522     DEBUG main            d.u.i.k.p.i.AbstractProblemLoader Init config took 2.3s 
353535     INFO  main            d.u.i.k.p.i.AbstractProblemLoader Replaying proof simplify1.key 
353536     DEBUG main            d.u.i.k.p.i.IntermediateProofReplayer Proof replay took 2.7ns 
353839     INFO  main            d.u.i.k.p.r.p.TestFile    ... finished proof: closed. 
354246     INFO  main            d.u.i.k.p.i.AbstractProblemLoader Loading environment from /home/runner/work/key/key/key.core/../key.ui/examples/standard_key/polySimp/simplify1.key.proof 
354246     DEBUG main            d.u.i.k.p.i.AbstractProblemLoader Environment load took 87.5ns 
354248     INFO  main            d.u.i.k.p.i.AbstractProblemLoader Creating init config 
356503     DEBUG main            d.u.i.k.p.i.AbstractProblemLoader Init config took 2.26s 
356516     INFO  main            d.u.i.k.p.i.AbstractProblemLoader Replaying proof simplify1.key.proof 
356540     DEBUG main            d.u.i.k.p.i.IntermediateProofReplayer Proof replay took 21.23ms 
356541     DEBUG main            d.u.i.k.p.r.p.TestFile    ... success: reloaded. 
356541     INFO  main            d.u.i.k.p.r.p.TestFile    Now processing file /home/runner/work/key/key/key.core/../key.ui/examples/standard_key/polySimp/simplify10.key 
356542     INFO  main            d.u.i.k.p.i.AbstractProblemLoader Loading environment from /home/runner/work/key/key/key.core/../key.ui/examples/standard_key/polySimp/simplify10.key 
356542     DEBUG main            d.u.i.k.p.i.AbstractProblemLoader Environment load took 78.5ns 
356543     INFO  main            d.u.i.k.p.i.AbstractProblemLoader Creating init config 
358850     DEBUG main            d.u.i.k.p.i.AbstractProblemLoader Init config took 2.31s 
358863     INFO  main            d.u.i.k.p.i.AbstractProblemLoader Replaying proof simplify10.key 
358864     DEBUG main            d.u.i.k.p.i.IntermediateProofReplayer Proof replay took 2.6ns 
359167     INFO  main            d.u.i.k.p.r.p.TestFile    ... finished proof: closed. 
359604     INFO  main            d.u.i.k.p.i.AbstractProblemLoader Loading environment from /home/runner/work/key/key/key.core/../key.ui/examples/standard_key/polySimp/simplify10.key.proof 
359604     DEBUG main            d.u.i.k.p.i.AbstractProblemLoader Environment load took 81.3ns 
359605     INFO  main            d.u.i.k.p.i.AbstractProblemLoader Creating init config 
361882     DEBUG main            d.u.i.k.p.i.AbstractProblemLoader Init config took 2.28s 
361900     INFO  main            d.u.i.k.p.i.AbstractProblemLoader Replaying proof simplify10.key.proof 
361910     DEBUG main            d.u.i.k.p.i.IntermediateProofReplayer Proof replay took 7.91ms 
361911     DEBUG main            d.u.i.k.p.r.p.TestFile    ... success: reloaded. 
361912     INFO  main            d.u.i.k.p.r.p.TestFile    Now processing file /home/runner/work/key/key/key.core/../key.ui/examples/standard_key/polySimp/simplify11.key 
361912     INFO  main            d.u.i.k.p.i.AbstractProblemLoader Loading environment from /home/runner/work/key/key/key.core/../key.ui/examples/standard_key/polySimp/simplify11.key 
361912     DEBUG main            d.u.i.k.p.i.AbstractProblemLoader Environment load took 49.3ns 
361913     INFO  main            d.u.i.k.p.i.AbstractProblemLoader Creating init config 
364214     DEBUG main            d.u.i.k.p.i.AbstractProblemLoader Init config took 2.3s 
364228     INFO  main            d.u.i.k.p.i.AbstractProblemLoader Replaying proof simplify11.key 
364229     DEBUG main            d.u.i.k.p.i.IntermediateProofReplayer Proof replay took 2.5ns 
364431     INFO  main            d.u.i.k.p.r.p.TestFile    ... finished proof: closed. 
364870     INFO  main            d.u.i.k.p.i.AbstractProblemLoader Loading environment from /home/runner/work/key/key/key.core/../key.ui/examples/standard_key/polySimp/simplify11.key.proof 
364871     DEBUG main            d.u.i.k.p.i.AbstractProblemLoader Environment load took 87.4ns 
364872     INFO  main            d.u.i.k.p.i.AbstractProblemLoader Creating init config 
367136     DEBUG main            d.u.i.k.p.i.AbstractProblemLoader Init config took 2.26s 
367150     INFO  main            d.u.i.k.p.i.AbstractProblemLoader Replaying proof simplify11.key.proof 
367158     DEBUG main            d.u.i.k.p.i.IntermediateProofReplayer Proof replay took 6.68ms 
367159     DEBUG main            d.u.i.k.p.r.p.TestFile    ... success: reloaded. 
367160     INFO  main            d.u.i.k.p.r.p.TestFile    Now processing file /home/runner/work/key/key/key.core/../key.ui/examples/standard_key/polySimp/simplify12.key 
367160     INFO  main            d.u.i.k.p.i.AbstractProblemLoader Loading environment from /home/runner/work/key/key/key.core/../key.ui/examples/standard_key/polySimp/simplify12.key 
367160     DEBUG main            d.u.i.k.p.i.AbstractProblemLoader Environment load took 45.1ns 
367161     INFO  main            d.u.i.k.p.i.AbstractProblemLoader Creating init config 
369457     DEBUG main            d.u.i.k.p.i.AbstractProblemLoader Init config took 2.3s 
369470     INFO  main            d.u.i.k.p.i.AbstractProblemLoader Replaying proof simplify12.key 
369471     DEBUG main            d.u.i.k.p.i.IntermediateProofReplayer Proof replay took 3.1ns 
369578     INFO  main            d.u.i.k.p.r.p.TestFile    ... finished proof: closed. 
370005     INFO  main            d.u.i.k.p.i.AbstractProblemLoader Loading environment from /home/runner/work/key/key/key.core/../key.ui/examples/standard_key/polySimp/simplify12.key.proof 
370005     DEBUG main            d.u.i.k.p.i.AbstractProblemLoader Environment load took 85ns 
370006     INFO  main            d.u.i.k.p.i.AbstractProblemLoader Creating init config 
372267     DEBUG main            d.u.i.k.p.i.AbstractProblemLoader Init config took 2.26s 
372280     INFO  main            d.u.i.k.p.i.AbstractProblemLoader Replaying proof simplify12.key.proof 
372285     DEBUG main            d.u.i.k.p.i.IntermediateProofReplayer Proof replay took 3.29ms 
372286     DEBUG main            d.u.i.k.p.r.p.TestFile    ... success: reloaded. 
372286     INFO  main            d.u.i.k.p.r.p.TestFile    Now processing file /home/runner/work/key/key/key.core/../key.ui/examples/standard_key/polySimp/simplify13.key 
372287     INFO  main            d.u.i.k.p.i.AbstractProblemLoader Loading environment from /home/runner/work/key/key/key.core/../key.ui/examples/standard_key/polySimp/simplify13.key 
372287     DEBUG main            d.u.i.k.p.i.AbstractProblemLoader Environment load took 66.6ns 
372287     INFO  main            d.u.i.k.p.i.AbstractProblemLoader Creating init config 
374579     DEBUG main            d.u.i.k.p.i.AbstractProblemLoader Init config took 2.29s 
374592     INFO  main            d.u.i.k.p.i.AbstractProblemLoader Replaying proof simplify13.key 
374593     DEBUG main            d.u.i.k.p.i.IntermediateProofReplayer Proof replay took 2.5ns 
374695     INFO  main            d.u.i.k.p.r.p.TestFile    ... finished proof: closed. 
375133     INFO  main            d.u.i.k.p.i.AbstractProblemLoader Loading environment from /home/runner/work/key/key/key.core/../key.ui/examples/standard_key/polySimp/simplify13.key.proof 
375133     DEBUG main            d.u.i.k.p.i.AbstractProblemLoader Environment load took 83.3ns 
375134     INFO  main            d.u.i.k.p.i.AbstractProblemLoader Creating init config 
377409     DEBUG main            d.u.i.k.p.i.AbstractProblemLoader Init config took 2.27s 
377423     INFO  main            d.u.i.k.p.i.AbstractProblemLoader Replaying proof simplify13.key.proof 
377426     DEBUG main            d.u.i.k.p.i.IntermediateProofReplayer Proof replay took 2.05ms 
377427     DEBUG main            d.u.i.k.p.r.p.TestFile    ... success: reloaded. 
377427     INFO  main            d.u.i.k.p.r.p.TestFile    Now processing file /home/runner/work/key/key/key.core/../key.ui/examples/standard_key/polySimp/simplify14.key 
377427     INFO  main            d.u.i.k.p.i.AbstractProblemLoader Loading environment from /home/runner/work/key/key/key.core/../key.ui/examples/standard_key/polySimp/simplify14.key 
377427     DEBUG main            d.u.i.k.p.i.AbstractProblemLoader Environment load took 45.7ns 
377428     INFO  main            d.u.i.k.p.i.AbstractProblemLoader Creating init config 
379731     DEBUG main            d.u.i.k.p.i.AbstractProblemLoader Init config took 2.3s 
379745     INFO  main            d.u.i.k.p.i.AbstractProblemLoader Replaying proof simplify14.key 
379746     DEBUG main            d.u.i.k.p.i.IntermediateProofReplayer Proof replay took 2.4ns 
379848     INFO  main            d.u.i.k.p.r.p.TestFile    ... finished proof: closed. 
380282     INFO  main            d.u.i.k.p.i.AbstractProblemLoader Loading environment from /home/runner/work/key/key/key.core/../key.ui/examples/standard_key/polySimp/simplify14.key.proof 
380282     DEBUG main            d.u.i.k.p.i.AbstractProblemLoader Environment load took 87.9ns 
380283     INFO  main            d.u.i.k.p.i.AbstractProblemLoader Creating init config 
382559     DEBUG main            d.u.i.k.p.i.AbstractProblemLoader Init config took 2.28s 
382573     INFO  main            d.u.i.k.p.i.AbstractProblemLoader Replaying proof simplify14.key.proof 
382575     DEBUG main            d.u.i.k.p.i.IntermediateProofReplayer Proof replay took 425.8ns 
382575     DEBUG main            d.u.i.k.p.r.p.TestFile    ... success: reloaded. 
382576     INFO  main            d.u.i.k.p.r.p.TestFile    Now processing file /home/runner/work/key/key/key.core/../key.ui/examples/standard_key/polySimp/simplify15.key 
382576     INFO  main            d.u.i.k.p.i.AbstractProblemLoader Loading environment from /home/runner/work/key/key/key.core/../key.ui/examples/standard_key/polySimp/simplify15.key 
382576     DEBUG main            d.u.i.k.p.i.AbstractProblemLoader Environment load took 40.2ns 
382578     INFO  main            d.u.i.k.p.i.AbstractProblemLoader Creating init config 
384890     DEBUG main            d.u.i.k.p.i.AbstractProblemLoader Init config took 2.31s 
384903     INFO  main            d.u.i.k.p.i.AbstractProblemLoader Replaying proof simplify15.key 
384904     DEBUG main            d.u.i.k.p.i.IntermediateProofReplayer Proof replay took 2.8ns 
385006     INFO  main            d.u.i.k.p.r.p.TestFile    ... finished proof: closed. 
385436     INFO  main            d.u.i.k.p.i.AbstractProblemLoader Loading environment from /home/runner/work/key/key/key.core/../key.ui/examples/standard_key/polySimp/simplify15.key.proof 
385436     DEBUG main            d.u.i.k.p.i.AbstractProblemLoader Environment load took 84.9ns 
385437     INFO  main            d.u.i.k.p.i.AbstractProblemLoader Creating init config 
387703     DEBUG main            d.u.i.k.p.i.AbstractProblemLoader Init config took 2.27s 
387716     INFO  main            d.u.i.k.p.i.AbstractProblemLoader Replaying proof simplify15.key.proof 
387717     DEBUG main            d.u.i.k.p.i.IntermediateProofReplayer Proof replay took 284.2ns 
387718     DEBUG main            d.u.i.k.p.r.p.TestFile    ... success: reloaded. 
387718     INFO  main            d.u.i.k.p.r.p.TestFile    Now processing file /home/runner/work/key/key/key.core/../key.ui/examples/standard_key/polySimp/simplify16.key 
387719     INFO  main            d.u.i.k.p.i.AbstractProblemLoader Loading environment from /home/runner/work/key/key/key.core/../key.ui/examples/standard_key/polySimp/simplify16.key 
387719     DEBUG main            d.u.i.k.p.i.AbstractProblemLoader Environment load took 69.3ns 
387719     INFO  main            d.u.i.k.p.i.AbstractProblemLoader Creating init config 
390012     DEBUG main            d.u.i.k.p.i.AbstractProblemLoader Init config took 2.29s 
390025     INFO  main            d.u.i.k.p.i.AbstractProblemLoader Replaying proof simplify16.key 
390026     DEBUG main            d.u.i.k.p.i.IntermediateProofReplayer Proof replay took 3ns 
390128     INFO  main            d.u.i.k.p.r.p.TestFile    ... finished proof: closed. 
390573     INFO  main            d.u.i.k.p.i.AbstractProblemLoader Loading environment from /home/runner/work/key/key/key.core/../key.ui/examples/standard_key/polySimp/simplify16.key.proof 
390573     DEBUG main            d.u.i.k.p.i.AbstractProblemLoader Environment load took 81.3ns 
390574     INFO  main            d.u.i.k.p.i.AbstractProblemLoader Creating init config 
392833     DEBUG main            d.u.i.k.p.i.AbstractProblemLoader Init config took 2.26s 
392846     INFO  main            d.u.i.k.p.i.AbstractProblemLoader Replaying proof simplify16.key.proof 
392847     DEBUG main            d.u.i.k.p.i.IntermediateProofReplayer Proof replay took 198.5ns 
392849     DEBUG main            d.u.i.k.p.r.p.TestFile    ... success: reloaded. 
392850     INFO  main            d.u.i.k.p.r.p.TestFile    Now processing file /home/runner/work/key/key/key.core/../key.ui/examples/standard_key/polySimp/simplify17.key 
392850     INFO  main            d.u.i.k.p.i.AbstractProblemLoader Loading environment from /home/runner/work/key/key/key.core/../key.ui/examples/standard_key/polySimp/simplify17.key 
392850     DEBUG main            d.u.i.k.p.i.AbstractProblemLoader Environment load took 200.2ns 
392851     INFO  main            d.u.i.k.p.i.AbstractProblemLoader Creating init config 
395147     DEBUG main            d.u.i.k.p.i.AbstractProblemLoader Init config took 2.3s 
395160     INFO  main            d.u.i.k.p.i.AbstractProblemLoader Replaying proof simplify17.key 
395161     DEBUG main            d.u.i.k.p.i.IntermediateProofReplayer Proof replay took 3ns 
395263     INFO  main            d.u.i.k.p.r.p.TestFile    ... finished proof: closed. 
395710     INFO  main            d.u.i.k.p.i.AbstractProblemLoader Loading environment from /home/runner/work/key/key/key.core/../key.ui/examples/standard_key/polySimp/simplify17.key.proof 
395710     DEBUG main            d.u.i.k.p.i.AbstractProblemLoader Environment load took 87.2ns 
395711     INFO  main            d.u.i.k.p.i.AbstractProblemLoader Creating init config 
397974     DEBUG main            d.u.i.k.p.i.AbstractProblemLoader Init config took 2.26s 
397986     INFO  main            d.u.i.k.p.i.AbstractProblemLoader Replaying proof simplify17.key.proof 
397991     DEBUG main            d.u.i.k.p.i.IntermediateProofReplayer Proof replay took 2.68ms 
397991     DEBUG main            d.u.i.k.p.r.p.TestFile    ... success: reloaded. 
397992     INFO  main            d.u.i.k.p.r.p.TestFile    Now processing file /home/runner/work/key/key/key.core/../key.ui/examples/standard_key/polySimp/simplify18.key 
397992     INFO  main            d.u.i.k.p.i.AbstractProblemLoader Loading environment from /home/runner/work/key/key/key.core/../key.ui/examples/standard_key/polySimp/simplify18.key 
397992     DEBUG main            d.u.i.k.p.i.AbstractProblemLoader Environment load took 46.9ns 
397993     INFO  main            d.u.i.k.p.i.AbstractProblemLoader Creating init config 
400313     DEBUG main            d.u.i.k.p.i.AbstractProblemLoader Init config took 2.32s 
400327     INFO  main            d.u.i.k.p.i.AbstractProblemLoader Replaying proof simplify18.key 
400328     DEBUG main            d.u.i.k.p.i.IntermediateProofReplayer Proof replay took 2.9ns 
400530     INFO  main            d.u.i.k.p.r.p.TestFile    ... finished proof: closed. 
400992     INFO  main            d.u.i.k.p.i.AbstractProblemLoader Loading environment from /home/runner/work/key/key/key.core/../key.ui/examples/standard_key/polySimp/simplify18.key.proof 
400992     DEBUG main            d.u.i.k.p.i.AbstractProblemLoader Environment load took 87.3ns 
400993     INFO  main            d.u.i.k.p.i.AbstractProblemLoader Creating init config 
403316     DEBUG main            d.u.i.k.p.i.AbstractProblemLoader Init config took 2.32s 
403330     INFO  main            d.u.i.k.p.i.AbstractProblemLoader Replaying proof simplify18.key.proof 
403337     DEBUG main            d.u.i.k.p.i.IntermediateProofReplayer Proof replay took 5.68ms 
403338     DEBUG main            d.u.i.k.p.r.p.TestFile    ... success: reloaded. 
403338     INFO  main            d.u.i.k.p.r.p.TestFile    Now processing file /home/runner/work/key/key/key.core/../key.ui/examples/standard_key/polySimp/simplify19.key 
403339     INFO  main            d.u.i.k.p.i.AbstractProblemLoader Loading environment from /home/runner/work/key/key/key.core/../key.ui/examples/standard_key/polySimp/simplify19.key 
403339     DEBUG main            d.u.i.k.p.i.AbstractProblemLoader Environment load took 75.2ns 
403340     INFO  main            d.u.i.k.p.i.AbstractProblemLoader Creating init config 
405650     DEBUG main            d.u.i.k.p.i.AbstractProblemLoader Init config took 2.31s 
405663     INFO  main            d.u.i.k.p.i.AbstractProblemLoader Replaying proof simplify19.key 
405664     DEBUG main            d.u.i.k.p.i.IntermediateProofReplayer Proof replay took 3.3ns 
408893     INFO  main            d.u.i.k.p.r.p.TestFile    ... finished proof: closed. 
409377     INFO  main            d.u.i.k.p.i.AbstractProblemLoader Loading environment from /home/runner/work/key/key/key.core/../key.ui/examples/standard_key/polySimp/simplify19.key.proof 
409378     DEBUG main            d.u.i.k.p.i.AbstractProblemLoader Environment load took 98.4ns 
409380     INFO  main            d.u.i.k.p.i.AbstractProblemLoader Creating init config 
411641     DEBUG main            d.u.i.k.p.i.AbstractProblemLoader Init config took 2.26s 
411655     INFO  main            d.u.i.k.p.i.AbstractProblemLoader Replaying proof simplify19.key.proof 
411748     DEBUG main            d.u.i.k.p.i.IntermediateProofReplayer Proof replay took 82.37ms 
411749     DEBUG main            d.u.i.k.p.r.p.TestFile    ... success: reloaded. 
411750     INFO  main            d.u.i.k.p.r.p.TestFile    Now processing file /home/runner/work/key/key/key.core/../key.ui/examples/standard_key/polySimp/simplify2.key 
411750     INFO  main            d.u.i.k.p.i.AbstractProblemLoader Loading environment from /home/runner/work/key/key/key.core/../key.ui/examples/standard_key/polySimp/simplify2.key 
411750     DEBUG main            d.u.i.k.p.i.AbstractProblemLoader Environment load took 64.7ns 
411751     INFO  main            d.u.i.k.p.i.AbstractProblemLoader Creating init config 
414064     DEBUG main            d.u.i.k.p.i.AbstractProblemLoader Init config took 2.31s 
414077     INFO  main            d.u.i.k.p.i.AbstractProblemLoader Replaying proof simplify2.key 
414080     DEBUG main            d.u.i.k.p.i.IntermediateProofReplayer Proof replay took 2.6ns 
414181     INFO  main            d.u.i.k.p.r.p.TestFile    ... finished proof: closed. 
414682     INFO  main            d.u.i.k.p.i.AbstractProblemLoader Loading environment from /home/runner/work/key/key/key.core/../key.ui/examples/standard_key/polySimp/simplify2.key.proof 
414682     DEBUG main            d.u.i.k.p.i.AbstractProblemLoader Environment load took 84.2ns 
414683     INFO  main            d.u.i.k.p.i.AbstractProblemLoader Creating init config 
416947     DEBUG main            d.u.i.k.p.i.AbstractProblemLoader Init config took 2.26s 
416960     INFO  main            d.u.i.k.p.i.AbstractProblemLoader Replaying proof simplify2.key.proof 
416962     DEBUG main            d.u.i.k.p.i.IntermediateProofReplayer Proof replay took 455ns 
416962     DEBUG main            d.u.i.k.p.r.p.TestFile    ... success: reloaded. 
416963     INFO  main            d.u.i.k.p.r.p.TestFile    Now processing file /home/runner/work/key/key/key.core/../key.ui/examples/standard_key/polySimp/simplify20.key 
416963     INFO  main            d.u.i.k.p.i.AbstractProblemLoader Loading environment from /home/runner/work/key/key/key.core/../key.ui/examples/standard_key/polySimp/simplify20.key 
416963     DEBUG main            d.u.i.k.p.i.AbstractProblemLoader Environment load took 62.5ns 
416964     INFO  main            d.u.i.k.p.i.AbstractProblemLoader Creating init config 
419273     DEBUG main            d.u.i.k.p.i.AbstractProblemLoader Init config took 2.31s 
419287     INFO  main            d.u.i.k.p.i.AbstractProblemLoader Replaying proof simplify20.key 
419290     DEBUG main            d.u.i.k.p.i.IntermediateProofReplayer Proof replay took 2.9ns 
419894     INFO  main            d.u.i.k.p.r.p.TestFile    ... finished proof: closed. 
420417     INFO  main            d.u.i.k.p.i.AbstractProblemLoader Loading environment from /home/runner/work/key/key/key.core/../key.ui/examples/standard_key/polySimp/simplify20.key.proof 
420417     DEBUG main            d.u.i.k.p.i.AbstractProblemLoader Environment load took 149.3ns 
420419     INFO  main            d.u.i.k.p.i.AbstractProblemLoader Creating init config 
422673     DEBUG main            d.u.i.k.p.i.AbstractProblemLoader Init config took 2.25s 
422687     INFO  main            d.u.i.k.p.i.AbstractProblemLoader Replaying proof simplify20.key.proof 
422728     DEBUG main            d.u.i.k.p.i.IntermediateProofReplayer Proof replay took 35.87ms 
422729     DEBUG main            d.u.i.k.p.r.p.TestFile    ... success: reloaded. 
422730     INFO  main            d.u.i.k.p.r.p.TestFile    Now processing file /home/runner/work/key/key/key.core/../key.ui/examples/standard_key/polySimp/simplify21.key 
422730     INFO  main            d.u.i.k.p.i.AbstractProblemLoader Loading environment from /home/runner/work/key/key/key.core/../key.ui/examples/standard_key/polySimp/simplify21.key 
422730     DEBUG main            d.u.i.k.p.i.AbstractProblemLoader Environment load took 130.4ns 
422733     INFO  main            d.u.i.k.p.i.AbstractProblemLoader Creating init config 
425040     DEBUG main            d.u.i.k.p.i.AbstractProblemLoader Init config took 2.31s 
425054     INFO  main            d.u.i.k.p.i.AbstractProblemLoader Replaying proof simplify21.key 
425055     DEBUG main            d.u.i.k.p.i.IntermediateProofReplayer Proof replay took 3.3ns 
425660     INFO  main            d.u.i.k.p.r.p.TestFile    ... finished proof: closed. 
426195     INFO  main            d.u.i.k.p.i.AbstractProblemLoader Loading environment from /home/runner/work/key/key/key.core/../key.ui/examples/standard_key/polySimp/simplify21.key.proof 
426195     DEBUG main            d.u.i.k.p.i.AbstractProblemLoader Environment load took 89.1ns 
426197     INFO  main            d.u.i.k.p.i.AbstractProblemLoader Creating init config 
428567     DEBUG main            d.u.i.k.p.i.AbstractProblemLoader Init config took 2.37s 
428586     INFO  main            d.u.i.k.p.i.AbstractProblemLoader Replaying proof simplify21.key.proof 
428637     DEBUG main            d.u.i.k.p.i.IntermediateProofReplayer Proof replay took 44.08ms 
428640     DEBUG main            d.u.i.k.p.r.p.TestFile    ... success: reloaded. 
428641     INFO  main            d.u.i.k.p.r.p.TestFile    Now processing file /home/runner/work/key/key/key.core/../key.ui/examples/standard_key/polySimp/simplify22.key 
428645     INFO  main            d.u.i.k.p.i.AbstractProblemLoader Loading environment from /home/runner/work/key/key/key.core/../key.ui/examples/standard_key/polySimp/simplify22.key 
428646     DEBUG main            d.u.i.k.p.i.AbstractProblemLoader Environment load took 100.7ns 
428646     INFO  main            d.u.i.k.p.i.AbstractProblemLoader Creating init config 
431083     DEBUG main            d.u.i.k.p.i.AbstractProblemLoader Init config took 2.44s 
431096     INFO  main            d.u.i.k.p.i.AbstractProblemLoader Replaying proof simplify22.key 
431097     DEBUG main            d.u.i.k.p.i.IntermediateProofReplayer Proof replay took 2.7ns 
431199     INFO  main            d.u.i.k.p.r.p.TestFile    ... finished proof: closed. 
431672     INFO  main            d.u.i.k.p.i.AbstractProblemLoader Loading environment from /home/runner/work/key/key/key.core/../key.ui/examples/standard_key/polySimp/simplify22.key.proof 
431672     DEBUG main            d.u.i.k.p.i.AbstractProblemLoader Environment load took 97.5ns 
431673     INFO  main            d.u.i.k.p.i.AbstractProblemLoader Creating init config 
433935     DEBUG main            d.u.i.k.p.i.AbstractProblemLoader Init config took 2.26s 
433948     INFO  main            d.u.i.k.p.i.AbstractProblemLoader Replaying proof simplify22.key.proof 
433951     DEBUG main            d.u.i.k.p.i.IntermediateProofReplayer Proof replay took 1.84ms 
433952     DEBUG main            d.u.i.k.p.r.p.TestFile    ... success: reloaded. 
433952     INFO  main            d.u.i.k.p.r.p.TestFile    Now processing file /home/runner/work/key/key/key.core/../key.ui/examples/standard_key/polySimp/simplify23.key 
433953     INFO  main            d.u.i.k.p.i.AbstractProblemLoader Loading environment from /home/runner/work/key/key/key.core/../key.ui/examples/standard_key/polySimp/simplify23.key 
433953     DEBUG main            d.u.i.k.p.i.AbstractProblemLoader Environment load took 67.2ns 
433954     INFO  main            d.u.i.k.p.i.AbstractProblemLoader Creating init config 
436247     DEBUG main            d.u.i.k.p.i.AbstractProblemLoader Init config took 2.29s 
436260     INFO  main            d.u.i.k.p.i.AbstractProblemLoader Replaying proof simplify23.key 
436261     DEBUG main            d.u.i.k.p.i.IntermediateProofReplayer Proof replay took 3.2ns 
436362     INFO  main            d.u.i.k.p.r.p.TestFile    ... finished proof: closed. 
436856     INFO  main            d.u.i.k.p.i.AbstractProblemLoader Loading environment from /home/runner/work/key/key/key.core/../key.ui/examples/standard_key/polySimp/simplify23.key.proof 
436856     DEBUG main            d.u.i.k.p.i.AbstractProblemLoader Environment load took 87.6ns 
436857     INFO  main            d.u.i.k.p.i.AbstractProblemLoader Creating init config 
439108     DEBUG main            d.u.i.k.p.i.AbstractProblemLoader Init config took 2.25s 
439121     INFO  main            d.u.i.k.p.i.AbstractProblemLoader Replaying proof simplify23.key.proof 
439128     DEBUG main            d.u.i.k.p.i.IntermediateProofReplayer Proof replay took 5.4ms 
439129     DEBUG main            d.u.i.k.p.r.p.TestFile    ... success: reloaded. 
439130     INFO  main            d.u.i.k.p.r.p.TestFile    Now processing file /home/runner/work/key/key/key.core/../key.ui/examples/standard_key/polySimp/simplify24.key 
439130     INFO  main            d.u.i.k.p.i.AbstractProblemLoader Loading environment from /home/runner/work/key/key/key.core/../key.ui/examples/standard_key/polySimp/simplify24.key 
439130     DEBUG main            d.u.i.k.p.i.AbstractProblemLoader Environment load took 76.1ns 
439131     INFO  main            d.u.i.k.p.i.AbstractProblemLoader Creating init config 
441437     DEBUG main            d.u.i.k.p.i.AbstractProblemLoader Init config took 2.31s 
441450     INFO  main            d.u.i.k.p.i.AbstractProblemLoader Replaying proof simplify24.key 
441451     DEBUG main            d.u.i.k.p.i.IntermediateProofReplayer Proof replay took 2.3ns 
441553     INFO  main            d.u.i.k.p.r.p.TestFile    ... finished proof: closed. 
442036     INFO  main            d.u.i.k.p.i.AbstractProblemLoader Loading environment from /home/runner/work/key/key/key.core/../key.ui/examples/standard_key/polySimp/simplify24.key.proof 
442036     DEBUG main            d.u.i.k.p.i.AbstractProblemLoader Environment load took 83.4ns 
442037     INFO  main            d.u.i.k.p.i.AbstractProblemLoader Creating init config 
444290     DEBUG main            d.u.i.k.p.i.AbstractProblemLoader Init config took 2.25s 
444304     INFO  main            d.u.i.k.p.i.AbstractProblemLoader Replaying proof simplify24.key.proof 
444306     DEBUG main            d.u.i.k.p.i.IntermediateProofReplayer Proof replay took 1.28ms 
444307     DEBUG main            d.u.i.k.p.r.p.TestFile    ... success: reloaded. 
444307     INFO  main            d.u.i.k.p.r.p.TestFile    Now processing file /home/runner/work/key/key/key.core/../key.ui/examples/standard_key/polySimp/simplify25.key 
444308     INFO  main            d.u.i.k.p.i.AbstractProblemLoader Loading environment from /home/runner/work/key/key/key.core/../key.ui/examples/standard_key/polySimp/simplify25.key 
444308     DEBUG main            d.u.i.k.p.i.AbstractProblemLoader Environment load took 75.9ns 
444308     INFO  main            d.u.i.k.p.i.AbstractProblemLoader Creating init config 
446615     DEBUG main            d.u.i.k.p.i.AbstractProblemLoader Init config took 2.31s 
446628     INFO  main            d.u.i.k.p.i.AbstractProblemLoader Replaying proof simplify25.key 
446629     DEBUG main            d.u.i.k.p.i.IntermediateProofReplayer Proof replay took 2.8ns 
446731     INFO  main            d.u.i.k.p.r.p.TestFile    ... finished proof: closed. 
447228     INFO  main            d.u.i.k.p.i.AbstractProblemLoader Loading environment from /home/runner/work/key/key/key.core/../key.ui/examples/standard_key/polySimp/simplify25.key.proof 
447229     DEBUG main            d.u.i.k.p.i.AbstractProblemLoader Environment load took 82.1ns 
447230     INFO  main            d.u.i.k.p.i.AbstractProblemLoader Creating init config 
449608     DEBUG main            d.u.i.k.p.i.AbstractProblemLoader Init config took 2.38s 
449633     INFO  main            d.u.i.k.p.i.AbstractProblemLoader Replaying proof simplify25.key.proof 
449636     DEBUG main            d.u.i.k.p.i.IntermediateProofReplayer Proof replay took 1.62ms 
449636     DEBUG main            d.u.i.k.p.r.p.TestFile    ... success: reloaded. 
449637     INFO  main            d.u.i.k.p.r.p.TestFile    Now processing file /home/runner/work/key/key/key.core/../key.ui/examples/standard_key/polySimp/simplify3.key 
449637     INFO  main            d.u.i.k.p.i.AbstractProblemLoader Loading environment from /home/runner/work/key/key/key.core/../key.ui/examples/standard_key/polySimp/simplify3.key 
449637     DEBUG main            d.u.i.k.p.i.AbstractProblemLoader Environment load took 76.9ns 
449638     INFO  main            d.u.i.k.p.i.AbstractProblemLoader Creating init config 
452040     DEBUG main            d.u.i.k.p.i.AbstractProblemLoader Init config took 2.4s 
452053     INFO  main            d.u.i.k.p.i.AbstractProblemLoader Replaying proof simplify3.key 
452054     DEBUG main            d.u.i.k.p.i.IntermediateProofReplayer Proof replay took 2.6ns 
452156     INFO  main            d.u.i.k.p.r.p.TestFile    ... finished proof: closed. 
452648     INFO  main            d.u.i.k.p.i.AbstractProblemLoader Loading environment from /home/runner/work/key/key/key.core/../key.ui/examples/standard_key/polySimp/simplify3.key.proof 
452649     DEBUG main            d.u.i.k.p.i.AbstractProblemLoader Environment load took 79.3ns 
452649     INFO  main            d.u.i.k.p.i.AbstractProblemLoader Creating init config 
454981     DEBUG main            d.u.i.k.p.i.AbstractProblemLoader Init config took 2.33s 
454994     INFO  main            d.u.i.k.p.i.AbstractProblemLoader Replaying proof simplify3.key.proof 
454996     DEBUG main            d.u.i.k.p.i.IntermediateProofReplayer Proof replay took 502.4ns 
454996     DEBUG main            d.u.i.k.p.r.p.TestFile    ... success: reloaded. 
454997     INFO  main            d.u.i.k.p.r.p.TestFile    Now processing file /home/runner/work/key/key/key.core/../key.ui/examples/standard_key/polySimp/simplify4.key 
454997     INFO  main            d.u.i.k.p.i.AbstractProblemLoader Loading environment from /home/runner/work/key/key/key.core/../key.ui/examples/standard_key/polySimp/simplify4.key 
454997     DEBUG main            d.u.i.k.p.i.AbstractProblemLoader Environment load took 45.5ns 
454998     INFO  main            d.u.i.k.p.i.AbstractProblemLoader Creating init config 
457317     DEBUG main            d.u.i.k.p.i.AbstractProblemLoader Init config took 2.32s 
457331     INFO  main            d.u.i.k.p.i.AbstractProblemLoader Replaying proof simplify4.key 
457332     DEBUG main            d.u.i.k.p.i.IntermediateProofReplayer Proof replay took 3.1ns 
457433     INFO  main            d.u.i.k.p.r.p.TestFile    ... finished proof: closed. 
457932     INFO  main            d.u.i.k.p.i.AbstractProblemLoader Loading environment from /home/runner/work/key/key/key.core/../key.ui/examples/standard_key/polySimp/simplify4.key.proof 
457932     DEBUG main            d.u.i.k.p.i.AbstractProblemLoader Environment load took 93.2ns 
457933     INFO  main            d.u.i.k.p.i.AbstractProblemLoader Creating init config 
460303     DEBUG main            d.u.i.k.p.i.AbstractProblemLoader Init config took 2.37s 
460318     INFO  main            d.u.i.k.p.i.AbstractProblemLoader Replaying proof simplify4.key.proof 
460321     DEBUG main            d.u.i.k.p.i.IntermediateProofReplayer Proof replay took 740.31ns 
460322     DEBUG main            d.u.i.k.p.r.p.TestFile    ... success: reloaded. 
460323     INFO  main            d.u.i.k.p.r.p.TestFile    Now processing file /home/runner/work/key/key/key.core/../key.ui/examples/standard_key/polySimp/simplify5.key 
460324     INFO  main            d.u.i.k.p.i.AbstractProblemLoader Loading environment from /home/runner/work/key/key/key.core/../key.ui/examples/standard_key/polySimp/simplify5.key 
460324     DEBUG main            d.u.i.k.p.i.AbstractProblemLoader Environment load took 243.1ns 
460325     INFO  main            d.u.i.k.p.i.AbstractProblemLoader Creating init config 
462757     DEBUG main            d.u.i.k.p.i.AbstractProblemLoader Init config took 2.43s 
462770     INFO  main            d.u.i.k.p.i.AbstractProblemLoader Replaying proof simplify5.key 
462771     DEBUG main            d.u.i.k.p.i.IntermediateProofReplayer Proof replay took 2.6ns 
462873     INFO  main            d.u.i.k.p.r.p.TestFile    ... finished proof: closed. 
463381     INFO  main            d.u.i.k.p.i.AbstractProblemLoader Loading environment from /home/runner/work/key/key/key.core/../key.ui/examples/standard_key/polySimp/simplify5.key.proof 
463381     DEBUG main            d.u.i.k.p.i.AbstractProblemLoader Environment load took 77.9ns 
463382     INFO  main            d.u.i.k.p.i.AbstractProblemLoader Creating init config 
465950     DEBUG main            d.u.i.k.p.i.AbstractProblemLoader Init config took 2.57s 
465966     INFO  main            d.u.i.k.p.i.AbstractProblemLoader Replaying proof simplify5.key.proof 
465970     DEBUG main            d.u.i.k.p.i.IntermediateProofReplayer Proof replay took 2.7ms 
465971     DEBUG main            d.u.i.k.p.r.p.TestFile    ... success: reloaded. 
465972     INFO  main            d.u.i.k.p.r.p.TestFile    Now processing file /home/runner/work/key/key/key.core/../key.ui/examples/standard_key/polySimp/simplify6.key 
465972     INFO  main            d.u.i.k.p.i.AbstractProblemLoader Loading environment from /home/runner/work/key/key/key.core/../key.ui/examples/standard_key/polySimp/simplify6.key 
465972     DEBUG main            d.u.i.k.p.i.AbstractProblemLoader Environment load took 183ns 
465973     INFO  main            d.u.i.k.p.i.AbstractProblemLoader Creating init config 
468374     DEBUG main            d.u.i.k.p.i.AbstractProblemLoader Init config took 2.4s 
468388     INFO  main            d.u.i.k.p.i.AbstractProblemLoader Replaying proof simplify6.key 
468389     DEBUG main            d.u.i.k.p.i.IntermediateProofReplayer Proof replay took 2.7ns 
468493     INFO  main            d.u.i.k.p.r.p.TestFile    ... finished proof: closed. 
469002     INFO  main            d.u.i.k.p.i.AbstractProblemLoader Loading environment from /home/runner/work/key/key/key.core/../key.ui/examples/standard_key/polySimp/simplify6.key.proof 
469002     DEBUG main            d.u.i.k.p.i.AbstractProblemLoader Environment load took 78.4ns 
469003     INFO  main            d.u.i.k.p.i.AbstractProblemLoader Creating init config 
471400     DEBUG main            d.u.i.k.p.i.AbstractProblemLoader Init config took 2.4s 
471416     INFO  main            d.u.i.k.p.i.AbstractProblemLoader Replaying proof simplify6.key.proof 
471418     DEBUG main            d.u.i.k.p.i.IntermediateProofReplayer Proof replay took 169.1ns 
471419     DEBUG main            d.u.i.k.p.r.p.TestFile    ... success: reloaded. 
471419     INFO  main            d.u.i.k.p.r.p.TestFile    Now processing file /home/runner/work/key/key/key.core/../key.ui/examples/standard_key/polySimp/simplify7.key 
471420     INFO  main            d.u.i.k.p.i.AbstractProblemLoader Loading environment from /home/runner/work/key/key/key.core/../key.ui/examples/standard_key/polySimp/simplify7.key 
471420     DEBUG main            d.u.i.k.p.i.AbstractProblemLoader Environment load took 73ns 
471420     INFO  main            d.u.i.k.p.i.AbstractProblemLoader Creating init config 
473830     DEBUG main            d.u.i.k.p.i.AbstractProblemLoader Init config took 2.41s 
473844     INFO  main            d.u.i.k.p.i.AbstractProblemLoader Replaying proof simplify7.key 
473845     DEBUG main            d.u.i.k.p.i.IntermediateProofReplayer Proof replay took 2.5ns 
473946     INFO  main            d.u.i.k.p.r.p.TestFile    ... finished proof: closed. 
474458     INFO  main            d.u.i.k.p.i.AbstractProblemLoader Loading environment from /home/runner/work/key/key/key.core/../key.ui/examples/standard_key/polySimp/simplify7.key.proof 
474458     DEBUG main            d.u.i.k.p.i.AbstractProblemLoader Environment load took 78.5ns 
474459     INFO  main            d.u.i.k.p.i.AbstractProblemLoader Creating init config 
476966     DEBUG main            d.u.i.k.p.i.AbstractProblemLoader Init config took 2.51s 
476981     INFO  main            d.u.i.k.p.i.AbstractProblemLoader Replaying proof simplify7.key.proof 
476984     DEBUG main            d.u.i.k.p.i.IntermediateProofReplayer Proof replay took 301.1ns 
476984     DEBUG main            d.u.i.k.p.r.p.TestFile    ... success: reloaded. 
476985     INFO  main            d.u.i.k.p.r.p.TestFile    Now processing file /home/runner/work/key/key/key.core/../key.ui/examples/standard_key/polySimp/simplify8.key 
476985     INFO  main            d.u.i.k.p.i.AbstractProblemLoader Loading environment from /home/runner/work/key/key/key.core/../key.ui/examples/standard_key/polySimp/simplify8.key 
476985     DEBUG main            d.u.i.k.p.i.AbstractProblemLoader Environment load took 72.3ns 
476990     INFO  main            d.u.i.k.p.i.AbstractProblemLoader Creating init config 
479372     DEBUG main            d.u.i.k.p.i.AbstractProblemLoader Init config took 2.38s 
479385     INFO  main            d.u.i.k.p.i.AbstractProblemLoader Replaying proof simplify8.key 
479386     DEBUG main            d.u.i.k.p.i.IntermediateProofReplayer Proof replay took 2.4ns 
483628     INFO  main            d.u.i.k.p.r.p.TestFile    ... finished proof: closed. 
484171     INFO  main            d.u.i.k.p.i.AbstractProblemLoader Loading environment from /home/runner/work/key/key/key.core/../key.ui/examples/standard_key/polySimp/simplify8.key.proof 
484171     DEBUG main            d.u.i.k.p.i.AbstractProblemLoader Environment load took 91.3ns 
484173     INFO  main            d.u.i.k.p.i.AbstractProblemLoader Creating init config 
486591     DEBUG main            d.u.i.k.p.i.AbstractProblemLoader Init config took 2.42s 
486609     INFO  main            d.u.i.k.p.i.AbstractProblemLoader Replaying proof simplify8.key.proof 
486658     DEBUG main            d.u.i.k.p.i.IntermediateProofReplayer Proof replay took 43.11ms 
486661     DEBUG main            d.u.i.k.p.r.p.TestFile    ... success: reloaded. 
486661     INFO  main            d.u.i.k.p.r.p.TestFile    Now processing file /home/runner/work/key/key/key.core/../key.ui/examples/standard_key/polySimp/simplify9.key 
486661     INFO  main            d.u.i.k.p.i.AbstractProblemLoader Loading environment from /home/runner/work/key/key/key.core/../key.ui/examples/standard_key/polySimp/simplify9.key 
486662     DEBUG main            d.u.i.k.p.i.AbstractProblemLoader Environment load took 164.1ns 
486663     INFO  main            d.u.i.k.p.i.AbstractProblemLoader Creating init config 
488999     DEBUG main            d.u.i.k.p.i.AbstractProblemLoader Init config took 2.34s 
489013     INFO  main            d.u.i.k.p.i.AbstractProblemLoader Replaying proof simplify9.key 
489014     DEBUG main            d.u.i.k.p.i.IntermediateProofReplayer Proof replay took 2.3ns 
489216     INFO  main            d.u.i.k.p.r.p.TestFile    ... finished proof: closed. 
489798     INFO  main            d.u.i.k.p.i.AbstractProblemLoader Loading environment from /home/runner/work/key/key/key.core/../key.ui/examples/standard_key/polySimp/simplify9.key.proof 
489798     DEBUG main            d.u.i.k.p.i.AbstractProblemLoader Environment load took 101.9ns 
489799     INFO  main            d.u.i.k.p.i.AbstractProblemLoader Creating init config 
492046     DEBUG main            d.u.i.k.p.i.AbstractProblemLoader Init config took 2.25s 
492060     INFO  main            d.u.i.k.p.i.AbstractProblemLoader Replaying proof simplify9.key.proof 
492064     DEBUG main            d.u.i.k.p.i.IntermediateProofReplayer Proof replay took 2.94ms 
492066     DEBUG main            d.u.i.k.p.r.p.TestFile    ... success: reloaded. 
2856196    INFO  Test worker     d.u.i.k.p.r.RunAllProofsTestUnit Returning from test arithmetic 
2856197    INFO  Test worker     d.u.i.k.p.r.RunAllProofsTestUnit Running test arrays 
328        INFO  Timeout watchdog d.u.i.k.p.r.p.ForkedTestFileRunner Timeout watcher launched (2000 secs.) 
345        WARN  main            d.u.i.k.s.ProofSettings   The settings in /home/runner/.key/proof-settings.props are *not* read. 
395        INFO  main            d.u.i.k.p.r.p.TestFile    Now processing file /home/runner/work/key/key/key.core/../key.ui/examples/standard_key/arrays/arrayStoreException/array2DimPrim.key 
524        INFO  main            d.u.i.k.p.i.AbstractProblemLoader Loading environment from /home/runner/work/key/key/key.core/../key.ui/examples/standard_key/arrays/arrayStoreException/array2DimPrim.key 
541        DEBUG main            d.u.i.k.p.i.AbstractProblemLoader Environment load took 1.8ms 
804        INFO  main            d.u.i.k.p.i.AbstractProblemLoader Creating init config 
1740       DEBUG main            d.u.i.k.j.TypeConverter   No LDT found for Meta 
1741       DEBUG main            d.u.i.k.j.TypeConverter   No LDT found for Meta 
1744       DEBUG main            d.u.i.k.j.TypeConverter   No LDT found for Meta 
1744       DEBUG main            d.u.i.k.j.TypeConverter   No LDT found for Meta 
3481       DEBUG main            d.u.i.k.j.TypeConverter   No LDT found for JavaBigintExpression 
7951       DEBUG main            d.u.i.k.p.i.AbstractProblemLoader Init config took 7.15s 
8015       INFO  main            d.u.i.k.p.i.AbstractProblemLoader Replaying proof array2DimPrim.key 
8049       DEBUG main            d.u.i.k.p.i.IntermediateProofReplayer Proof replay took 35.9ns 
12127      INFO  main            d.u.i.k.p.r.p.TestFile    ... finished proof: closed. 
12320      INFO  main            d.u.i.k.p.i.AbstractProblemLoader Loading environment from /home/runner/work/key/key/key.core/../key.ui/examples/standard_key/arrays/arrayStoreException/array2DimPrim.key.proof 
12323      DEBUG main            d.u.i.k.p.i.AbstractProblemLoader Environment load took 2.76ms 
12329      INFO  main            d.u.i.k.p.i.AbstractProblemLoader Creating init config 
14961      DEBUG main            d.u.i.k.p.i.AbstractProblemLoader Init config took 2.63s 
14993      INFO  main            d.u.i.k.p.i.AbstractProblemLoader Replaying proof array2DimPrim.key.proof 
15336      DEBUG main            d.u.i.k.p.i.IntermediateProofReplayer Proof replay took 325.81ms 
15354      DEBUG main            d.u.i.k.p.r.p.TestFile    ... success: reloaded. 
15356      INFO  main            d.u.i.k.p.r.p.TestFile    Now processing file /home/runner/work/key/key/key.core/../key.ui/examples/standard_key/arrays/arrayStoreException/arrayStoreKnownDynType.key 
15356      INFO  main            d.u.i.k.p.i.AbstractProblemLoader Loading environment from /home/runner/work/key/key/key.core/../key.ui/examples/standard_key/arrays/arrayStoreException/arrayStoreKnownDynType.key 
15356      DEBUG main            d.u.i.k.p.i.AbstractProblemLoader Environment load took 111.1ns 
15359      INFO  main            d.u.i.k.p.i.AbstractProblemLoader Creating init config 
17871      DEBUG main            d.u.i.k.p.i.AbstractProblemLoader Init config took 2.51s 
17900      INFO  main            d.u.i.k.p.i.AbstractProblemLoader Replaying proof arrayStoreKnownDynType.key 
17903      DEBUG main            d.u.i.k.p.i.IntermediateProofReplayer Proof replay took 5.9ns 
18109      INFO  main            d.u.i.k.p.r.p.TestFile    ... finished proof: closed. 
18341      INFO  main            d.u.i.k.p.i.AbstractProblemLoader Loading environment from /home/runner/work/key/key/key.core/../key.ui/examples/standard_key/arrays/arrayStoreException/arrayStoreKnownDynType.key.proof 
18342      DEBUG main            d.u.i.k.p.i.AbstractProblemLoader Environment load took 127.6ns 
18343      INFO  main            d.u.i.k.p.i.AbstractProblemLoader Creating init config 
20709      DEBUG main            d.u.i.k.p.i.AbstractProblemLoader Init config took 2.37s 
20732      INFO  main            d.u.i.k.p.i.AbstractProblemLoader Replaying proof arrayStoreKnownDynType.key.proof 
20767      DEBUG main            d.u.i.k.p.i.IntermediateProofReplayer Proof replay took 31.17ms 
20769      DEBUG main            d.u.i.k.p.r.p.TestFile    ... success: reloaded. 
20770      INFO  main            d.u.i.k.p.r.p.TestFile    Now processing file /home/runner/work/key/key/key.core/../key.ui/examples/standard_key/arrays/arrayStoreException/reverseArray.key 
20770      INFO  main            d.u.i.k.p.i.AbstractProblemLoader Loading environment from /home/runner/work/key/key/key.core/../key.ui/examples/standard_key/arrays/arrayStoreException/reverseArray.key 
20770      DEBUG main            d.u.i.k.p.i.AbstractProblemLoader Environment load took 219.5ns 
20772      INFO  main            d.u.i.k.p.i.AbstractProblemLoader Creating init config 
23260      DEBUG main            d.u.i.k.p.i.AbstractProblemLoader Init config took 2.49s 
23282      INFO  main            d.u.i.k.p.i.AbstractProblemLoader Replaying proof reverseArray.key 
23285      DEBUG main            d.u.i.k.p.i.IntermediateProofReplayer Proof replay took 5.9ns 
23889      INFO  main            d.u.i.k.p.r.p.TestFile    ... finished proof: closed. 
24074      INFO  main            d.u.i.k.p.i.AbstractProblemLoader Loading environment from /home/runner/work/key/key/key.core/../key.ui/examples/standard_key/arrays/arrayStoreException/reverseArray.key.proof 
24076      DEBUG main            d.u.i.k.p.i.AbstractProblemLoader Environment load took 1.72ms 
24079      INFO  main            d.u.i.k.p.i.AbstractProblemLoader Creating init config 
26463      DEBUG main            d.u.i.k.p.i.AbstractProblemLoader Init config took 2.38s 
26486      INFO  main            d.u.i.k.p.i.AbstractProblemLoader Replaying proof reverseArray.key.proof 
26599      DEBUG main            d.u.i.k.p.i.IntermediateProofReplayer Proof replay took 107.1ms 
26601      DEBUG main            d.u.i.k.p.r.p.TestFile    ... success: reloaded. 
26603      INFO  main            d.u.i.k.p.r.p.TestFile    Now processing file /home/runner/work/key/key/key.core/../key.ui/examples/standard_key/arrays/arrayStoreException/throwArrayStoreException.key 
26603      INFO  main            d.u.i.k.p.i.AbstractProblemLoader Loading environment from /home/runner/work/key/key/key.core/../key.ui/examples/standard_key/arrays/arrayStoreException/throwArrayStoreException.key 
26604      DEBUG main            d.u.i.k.p.i.AbstractProblemLoader Environment load took 257.7ns 
26605      INFO  main            d.u.i.k.p.i.AbstractProblemLoader Creating init config 
29036      DEBUG main            d.u.i.k.p.i.AbstractProblemLoader Init config took 2.43s 
29057      INFO  main            d.u.i.k.p.i.AbstractProblemLoader Replaying proof throwArrayStoreException.key 
29060      DEBUG main            d.u.i.k.p.i.IntermediateProofReplayer Proof replay took 7ns 
29473      INFO  main            d.u.i.k.p.r.p.TestFile    ... finished proof: closed. 
29666      INFO  main            d.u.i.k.p.i.AbstractProblemLoader Loading environment from /home/runner/work/key/key/key.core/../key.ui/examples/standard_key/arrays/arrayStoreException/throwArrayStoreException.key.proof 
29666      DEBUG main            d.u.i.k.p.i.AbstractProblemLoader Environment load took 475.31ns 
29668      INFO  main            d.u.i.k.p.i.AbstractProblemLoader Creating init config 
32069      DEBUG main            d.u.i.k.p.i.AbstractProblemLoader Init config took 2.4s 
32090      INFO  main            d.u.i.k.p.i.AbstractProblemLoader Replaying proof throwArrayStoreException.key.proof 
32186      DEBUG main            d.u.i.k.p.i.IntermediateProofReplayer Proof replay took 91.16ms 
32187      DEBUG main            d.u.i.k.p.r.p.TestFile    ... success: reloaded. 
32189      INFO  main            d.u.i.k.p.r.p.TestFile    Now processing file /home/runner/work/key/key/key.core/../key.ui/examples/standard_key/arrays/creation/arrayCreation1.key 
32189      INFO  main            d.u.i.k.p.i.AbstractProblemLoader Loading environment from /home/runner/work/key/key/key.core/../key.ui/examples/standard_key/arrays/creation/arrayCreation1.key 
32189      DEBUG main            d.u.i.k.p.i.AbstractProblemLoader Environment load took 217.1ns 
32190      INFO  main            d.u.i.k.p.i.AbstractProblemLoader Creating init config 
34646      DEBUG main            d.u.i.k.p.i.AbstractProblemLoader Init config took 2.46s 
34669      INFO  main            d.u.i.k.p.i.AbstractProblemLoader Replaying proof arrayCreation1.key 
34671      DEBUG main            d.u.i.k.p.i.IntermediateProofReplayer Proof replay took 8ns 
34878      INFO  main            d.u.i.k.p.r.p.TestFile    ... finished proof: closed. 
35088      INFO  main            d.u.i.k.p.i.AbstractProblemLoader Loading environment from /home/runner/work/key/key/key.core/../key.ui/examples/standard_key/arrays/creation/arrayCreation1.key.proof 
35088      DEBUG main            d.u.i.k.p.i.AbstractProblemLoader Environment load took 128.9ns 
35089      INFO  main            d.u.i.k.p.i.AbstractProblemLoader Creating init config 
37446      DEBUG main            d.u.i.k.p.i.AbstractProblemLoader Init config took 2.36s 
37468      INFO  main            d.u.i.k.p.i.AbstractProblemLoader Replaying proof arrayCreation1.key.proof 
37490      DEBUG main            d.u.i.k.p.i.IntermediateProofReplayer Proof replay took 18.98ms 
37492      DEBUG main            d.u.i.k.p.r.p.TestFile    ... success: reloaded. 
37493      INFO  main            d.u.i.k.p.r.p.TestFile    Now processing file /home/runner/work/key/key/key.core/../key.ui/examples/standard_key/arrays/arrayStoreException/array2Dim.key 
37493      INFO  main            d.u.i.k.p.i.AbstractProblemLoader Loading environment from /home/runner/work/key/key/key.core/../key.ui/examples/standard_key/arrays/arrayStoreException/array2Dim.key 
37493      DEBUG main            d.u.i.k.p.i.AbstractProblemLoader Environment load took 234.1ns 
37495      INFO  main            d.u.i.k.p.i.AbstractProblemLoader Creating init config 
39842      DEBUG main            d.u.i.k.p.i.AbstractProblemLoader Init config took 2.35s 
39863      INFO  main            d.u.i.k.p.i.AbstractProblemLoader Replaying proof array2Dim.key 
39878      DEBUG main            d.u.i.k.p.i.IntermediateProofReplayer Proof replay took 7.5ns 
43676      INFO  main            d.u.i.k.p.r.p.TestFile    ... finished proof: open goal(s) 
43926      INFO  main            d.u.i.k.p.r.p.TestFile    Now processing file /home/runner/work/key/key/key.core/../key.ui/examples/standard_key/arrays/arrayStoreException/array2DimClose.key 
43926      INFO  main            d.u.i.k.p.i.AbstractProblemLoader Loading environment from /home/runner/work/key/key/key.core/../key.ui/examples/standard_key/arrays/arrayStoreException/array2DimClose.key 
43927      DEBUG main            d.u.i.k.p.i.AbstractProblemLoader Environment load took 62.3ns 
43928      INFO  main            d.u.i.k.p.i.AbstractProblemLoader Creating init config 
46276      DEBUG main            d.u.i.k.p.i.AbstractProblemLoader Init config took 2.35s 
46296      INFO  main            d.u.i.k.p.i.AbstractProblemLoader Replaying proof array2DimClose.key 
46298      DEBUG main            d.u.i.k.p.i.IntermediateProofReplayer Proof replay took 10.8ns 
48640      INFO  main            d.u.i.k.p.r.p.TestFile    ... finished proof: open goal(s) 
49012      INFO  main            d.u.i.k.p.r.p.TestFile    Now processing file /home/runner/work/key/key/key.core/../key.ui/examples/standard_key/arrays/arrayStoreException/throwASEForPrim.key 
49012      INFO  main            d.u.i.k.p.i.AbstractProblemLoader Loading environment from /home/runner/work/key/key/key.core/../key.ui/examples/standard_key/arrays/arrayStoreException/throwASEForPrim.key 
49013      DEBUG main            d.u.i.k.p.i.AbstractProblemLoader Environment load took 67.9ns 
49014      INFO  main            d.u.i.k.p.i.AbstractProblemLoader Creating init config 
51278      DEBUG main            d.u.i.k.p.i.AbstractProblemLoader Init config took 2.26s 
51295      INFO  main            d.u.i.k.p.i.AbstractProblemLoader Replaying proof throwASEForPrim.key 
51297      DEBUG main            d.u.i.k.p.i.IntermediateProofReplayer Proof replay took 6.1ns 
56035      INFO  main            d.u.i.k.p.r.p.TestFile    ... finished proof: open goal(s) 
2912716    INFO  Test worker     d.u.i.k.p.r.RunAllProofsTestUnit Returning from test arrays 
2912717    INFO  Test worker     d.u.i.k.p.r.RunAllProofsTestUnit Running test javadl 
369        INFO  Timeout watchdog d.u.i.k.p.r.p.ForkedTestFileRunner Timeout watcher launched (2000 secs.) 
389        WARN  main            d.u.i.k.s.ProofSettings   The settings in /home/runner/.key/proof-settings.props are *not* read. 
454        INFO  main            d.u.i.k.p.r.p.TestFile    Now processing file /home/runner/work/key/key/key.core/../key.ui/examples/standard_key/instanceCreation/instanceCreation1.key 
586        INFO  main            d.u.i.k.p.i.AbstractProblemLoader Loading environment from /home/runner/work/key/key/key.core/../key.ui/examples/standard_key/instanceCreation/instanceCreation1.key 
603        DEBUG main            d.u.i.k.p.i.AbstractProblemLoader Environment load took 1.99ms 
847        INFO  main            d.u.i.k.p.i.AbstractProblemLoader Creating init config 
1790       DEBUG main            d.u.i.k.j.TypeConverter   No LDT found for Meta 
1791       DEBUG main            d.u.i.k.j.TypeConverter   No LDT found for Meta 
1794       DEBUG main            d.u.i.k.j.TypeConverter   No LDT found for Meta 
1794       DEBUG main            d.u.i.k.j.TypeConverter   No LDT found for Meta 
3170       DEBUG main            d.u.i.k.j.TypeConverter   No LDT found for JavaBigintExpression 
8196       DEBUG main            d.u.i.k.p.i.AbstractProblemLoader Init config took 7.35s 
8258       INFO  main            d.u.i.k.p.i.AbstractProblemLoader Replaying proof instanceCreation1.key 
8293       DEBUG main            d.u.i.k.p.i.IntermediateProofReplayer Proof replay took 34.3ns 
9428       INFO  main            d.u.i.k.p.r.p.TestFile    ... finished proof: closed. 
9556       INFO  main            d.u.i.k.p.i.AbstractProblemLoader Loading environment from /home/runner/work/key/key/key.core/../key.ui/examples/standard_key/instanceCreation/instanceCreation1.key.proof 
9557       DEBUG main            d.u.i.k.p.i.AbstractProblemLoader Environment load took 1.28ms 
9563       INFO  main            d.u.i.k.p.i.AbstractProblemLoader Creating init config 
12473      DEBUG main            d.u.i.k.p.i.AbstractProblemLoader Init config took 2.91s 
12505      INFO  main            d.u.i.k.p.i.AbstractProblemLoader Replaying proof instanceCreation1.key.proof 
12587      DEBUG main            d.u.i.k.p.i.IntermediateProofReplayer Proof replay took 75.11ms 
12598      DEBUG main            d.u.i.k.p.r.p.TestFile    ... success: reloaded. 
12599      INFO  main            d.u.i.k.p.r.p.TestFile    Now processing file /home/runner/work/key/key/key.core/../key.ui/examples/standard_key/instanceCreation/instanceCreation2.key 
12603      INFO  main            d.u.i.k.p.i.AbstractProblemLoader Loading environment from /home/runner/work/key/key/key.core/../key.ui/examples/standard_key/instanceCreation/instanceCreation2.key 
12603      DEBUG main            d.u.i.k.p.i.AbstractProblemLoader Environment load took 304.1ns 
12605      INFO  main            d.u.i.k.p.i.AbstractProblemLoader Creating init config 
15354      DEBUG main            d.u.i.k.p.i.AbstractProblemLoader Init config took 2.75s 
15384      INFO  main            d.u.i.k.p.i.AbstractProblemLoader Replaying proof instanceCreation2.key 
15402      DEBUG main            d.u.i.k.p.i.IntermediateProofReplayer Proof replay took 7.3ns 
16023      INFO  main            d.u.i.k.p.r.p.TestFile    ... finished proof: closed. 
16235      INFO  main            d.u.i.k.p.i.AbstractProblemLoader Loading environment from /home/runner/work/key/key/key.core/../key.ui/examples/standard_key/instanceCreation/instanceCreation2.key.proof 
16237      DEBUG main            d.u.i.k.p.i.AbstractProblemLoader Environment load took 1.91ms 
16245      INFO  main            d.u.i.k.p.i.AbstractProblemLoader Creating init config 
18881      DEBUG main            d.u.i.k.p.i.AbstractProblemLoader Init config took 2.64s 
18906      INFO  main            d.u.i.k.p.i.AbstractProblemLoader Replaying proof instanceCreation2.key.proof 
18989      DEBUG main            d.u.i.k.p.i.IntermediateProofReplayer Proof replay took 77.35ms 
18991      DEBUG main            d.u.i.k.p.r.p.TestFile    ... success: reloaded. 
18993      INFO  main            d.u.i.k.p.r.p.TestFile    Now processing file /home/runner/work/key/key/key.core/../key.ui/examples/standard_key/instanceCreation/interfacesAndAbstractClassesHaveNoInstances.key 
18993      INFO  main            d.u.i.k.p.i.AbstractProblemLoader Loading environment from /home/runner/work/key/key/key.core/../key.ui/examples/standard_key/instanceCreation/interfacesAndAbstractClassesHaveNoInstances.key 
18993      DEBUG main            d.u.i.k.p.i.AbstractProblemLoader Environment load took 219.6ns 
18996      INFO  main            d.u.i.k.p.i.AbstractProblemLoader Creating init config 
21670      DEBUG main            d.u.i.k.p.i.AbstractProblemLoader Init config took 2.67s 
21693      INFO  main            d.u.i.k.p.i.AbstractProblemLoader Replaying proof interfacesAndAbstractClassesHaveNoInstances.key 
21695      DEBUG main            d.u.i.k.p.i.IntermediateProofReplayer Proof replay took 6.7ns 
21798      INFO  main            d.u.i.k.p.r.p.TestFile    ... finished proof: closed. 
21945      INFO  main            d.u.i.k.p.i.AbstractProblemLoader Loading environment from /home/runner/work/key/key/key.core/../key.ui/examples/standard_key/instanceCreation/interfacesAndAbstractClassesHaveNoInstances.key.proof 
21945      DEBUG main            d.u.i.k.p.i.AbstractProblemLoader Environment load took 126.9ns 
21947      INFO  main            d.u.i.k.p.i.AbstractProblemLoader Creating init config 
24538      DEBUG main            d.u.i.k.p.i.AbstractProblemLoader Init config took 2.59s 
24560      INFO  main            d.u.i.k.p.i.AbstractProblemLoader Replaying proof interfacesAndAbstractClassesHaveNoInstances.key.proof 
24564      DEBUG main            d.u.i.k.p.i.IntermediateProofReplayer Proof replay took 1.22ms 
24565      DEBUG main            d.u.i.k.p.r.p.TestFile    ... success: reloaded. 
24566      INFO  main            d.u.i.k.p.r.p.TestFile    Now processing file /home/runner/work/key/key/key.core/../key.ui/examples/standard_key/instanceCreation/successiveCreatedObjectsAreDistinct.key 
24567      INFO  main            d.u.i.k.p.i.AbstractProblemLoader Loading environment from /home/runner/work/key/key/key.core/../key.ui/examples/standard_key/instanceCreation/successiveCreatedObjectsAreDistinct.key 
24567      DEBUG main            d.u.i.k.p.i.AbstractProblemLoader Environment load took 209.6ns 
24568      INFO  main            d.u.i.k.p.i.AbstractProblemLoader Creating init config 
27174      DEBUG main            d.u.i.k.p.i.AbstractProblemLoader Init config took 2.61s 
27196      INFO  main            d.u.i.k.p.i.AbstractProblemLoader Replaying proof successiveCreatedObjectsAreDistinct.key 
27198      DEBUG main            d.u.i.k.p.i.IntermediateProofReplayer Proof replay took 5.9ns 
27602      INFO  main            d.u.i.k.p.r.p.TestFile    ... finished proof: closed. 
27788      INFO  main            d.u.i.k.p.i.AbstractProblemLoader Loading environment from /home/runner/work/key/key/key.core/../key.ui/examples/standard_key/instanceCreation/successiveCreatedObjectsAreDistinct.key.proof 
27789      DEBUG main            d.u.i.k.p.i.AbstractProblemLoader Environment load took 515.81ns 
27790      INFO  main            d.u.i.k.p.i.AbstractProblemLoader Creating init config 
30392      DEBUG main            d.u.i.k.p.i.AbstractProblemLoader Init config took 2.6s 
30414      INFO  main            d.u.i.k.p.i.AbstractProblemLoader Replaying proof successiveCreatedObjectsAreDistinct.key.proof 
30481      DEBUG main            d.u.i.k.p.i.IntermediateProofReplayer Proof replay took 63.24ms 
30482      DEBUG main            d.u.i.k.p.r.p.TestFile    ... success: reloaded. 
30483      INFO  main            d.u.i.k.p.r.p.TestFile    Now processing file /home/runner/work/key/key/key.core/../key.ui/examples/standard_key/instanceCreation/testOverloadingConstructors.key 
30483      INFO  main            d.u.i.k.p.i.AbstractProblemLoader Loading environment from /home/runner/work/key/key/key.core/../key.ui/examples/standard_key/instanceCreation/testOverloadingConstructors.key 
30484      DEBUG main            d.u.i.k.p.i.AbstractProblemLoader Environment load took 235.1ns 
30485      INFO  main            d.u.i.k.p.i.AbstractProblemLoader Creating init config 
33116      DEBUG main            d.u.i.k.p.i.AbstractProblemLoader Init config took 2.63s 
33137      INFO  main            d.u.i.k.p.i.AbstractProblemLoader Replaying proof testOverloadingConstructors.key 
33145      DEBUG main            d.u.i.k.p.i.IntermediateProofReplayer Proof replay took 6.7ns 
33449      INFO  main            d.u.i.k.p.r.p.TestFile    ... finished proof: closed. 
33676      INFO  main            d.u.i.k.p.i.AbstractProblemLoader Loading environment from /home/runner/work/key/key/key.core/../key.ui/examples/standard_key/instanceCreation/testOverloadingConstructors.key.proof 
33677      DEBUG main            d.u.i.k.p.i.AbstractProblemLoader Environment load took 459.3ns 
33678      INFO  main            d.u.i.k.p.i.AbstractProblemLoader Creating init config 
36283      DEBUG main            d.u.i.k.p.i.AbstractProblemLoader Init config took 2.6s 
36304      INFO  main            d.u.i.k.p.i.AbstractProblemLoader Replaying proof testOverloadingConstructors.key.proof 
36345      DEBUG main            d.u.i.k.p.i.IntermediateProofReplayer Proof replay took 37.93ms 
36347      DEBUG main            d.u.i.k.p.r.p.TestFile    ... success: reloaded. 
36348      INFO  main            d.u.i.k.p.r.p.TestFile    Now processing file /home/runner/work/key/key/key.core/../key.ui/examples/standard_key/java_dl/SimpleAttributes.key 
36348      INFO  main            d.u.i.k.p.i.AbstractProblemLoader Loading environment from /home/runner/work/key/key/key.core/../key.ui/examples/standard_key/java_dl/SimpleAttributes.key 
36349      DEBUG main            d.u.i.k.p.i.AbstractProblemLoader Environment load took 220.6ns 
36350      INFO  main            d.u.i.k.p.i.AbstractProblemLoader Creating init config 
38968      DEBUG main            d.u.i.k.p.i.AbstractProblemLoader Init config took 2.62s 
38990      INFO  main            d.u.i.k.p.i.AbstractProblemLoader Replaying proof SimpleAttributes.key 
38992      DEBUG main            d.u.i.k.p.i.IntermediateProofReplayer Proof replay took 7.5ns 
39097      INFO  main            d.u.i.k.p.r.p.TestFile    ... finished proof: closed. 
39273      INFO  main            d.u.i.k.p.i.AbstractProblemLoader Loading environment from /home/runner/work/key/key/key.core/../key.ui/examples/standard_key/java_dl/SimpleAttributes.key.proof 
39273      DEBUG main            d.u.i.k.p.i.AbstractProblemLoader Environment load took 129.9ns 
39274      INFO  main            d.u.i.k.p.i.AbstractProblemLoader Creating init config 
41856      DEBUG main            d.u.i.k.p.i.AbstractProblemLoader Init config took 2.58s 
41878      INFO  main            d.u.i.k.p.i.AbstractProblemLoader Replaying proof SimpleAttributes.key.proof 
41900      DEBUG main            d.u.i.k.p.i.IntermediateProofReplayer Proof replay took 19.14ms 
41901      DEBUG main            d.u.i.k.p.r.p.TestFile    ... success: reloaded. 
41901      INFO  main            d.u.i.k.p.r.p.TestFile    Now processing file /home/runner/work/key/key/key.core/../key.ui/examples/standard_key/java_dl/arrayMax.key 
41902      INFO  main            d.u.i.k.p.i.AbstractProblemLoader Loading environment from /home/runner/work/key/key/key.core/../key.ui/examples/standard_key/java_dl/arrayMax.key 
41902      DEBUG main            d.u.i.k.p.i.AbstractProblemLoader Environment load took 83.2ns 
41904      INFO  main            d.u.i.k.p.i.AbstractProblemLoader Creating init config 
44479      DEBUG main            d.u.i.k.p.i.AbstractProblemLoader Init config took 2.58s 
44499      INFO  main            d.u.i.k.p.i.AbstractProblemLoader Replaying proof arrayMax.key 
44501      DEBUG main            d.u.i.k.p.i.IntermediateProofReplayer Proof replay took 6.3ns 
45926      INFO  main            d.u.i.k.p.r.p.TestFile    ... finished proof: closed. 
46119      INFO  main            d.u.i.k.p.i.AbstractProblemLoader Loading environment from /home/runner/work/key/key/key.core/../key.ui/examples/standard_key/java_dl/arrayMax.key.proof 
46121      DEBUG main            d.u.i.k.p.i.AbstractProblemLoader Environment load took 1.11ms 
46122      INFO  main            d.u.i.k.p.i.AbstractProblemLoader Creating init config 
48701      DEBUG main            d.u.i.k.p.i.AbstractProblemLoader Init config took 2.58s 
48722      INFO  main            d.u.i.k.p.i.AbstractProblemLoader Replaying proof arrayMax.key.proof 
48898      DEBUG main            d.u.i.k.p.i.IntermediateProofReplayer Proof replay took 168.03ms 
48899      DEBUG main            d.u.i.k.p.r.p.TestFile    ... success: reloaded. 
48901      INFO  main            d.u.i.k.p.r.p.TestFile    Now processing file /home/runner/work/key/key/key.core/../key.ui/examples/standard_key/java_dl/arrayUpdateSimp.key 
48901      INFO  main            d.u.i.k.p.i.AbstractProblemLoader Loading environment from /home/runner/work/key/key/key.core/../key.ui/examples/standard_key/java_dl/arrayUpdateSimp.key 
48901      DEBUG main            d.u.i.k.p.i.AbstractProblemLoader Environment load took 206.4ns 
48904      INFO  main            d.u.i.k.p.i.AbstractProblemLoader Creating init config 
48930      WARN  main            d.u.i.k.j.r.KeYCrossReferenceNameInfo Datatype java.io.PrintStream declared twice: Once in FILE:/home/runner/work/key/key/key.core/../key.ui/examples/standard_key/java_dl/./classpath/PrintStream.java and once in URL:file:/home/runner/work/key/key/key.core/build/resources/main/de/uka/ilkd/key/java/JavaRedux/java/io/PrintStream.java, Keeping one from URL:file:/home/runner/work/key/key/key.core/build/resources/main/de/uka/ilkd/key/java/JavaRedux/java/io/PrintStream.java 
48930      WARN  main            d.u.i.k.j.r.KeYCrossReferenceNameInfo Datatype java.io.InputStream declared twice: Once in FILE:/home/runner/work/key/key/key.core/../key.ui/examples/standard_key/java_dl/./classpath/InputStream.java and once in URL:file:/home/runner/work/key/key/key.core/build/resources/main/de/uka/ilkd/key/java/JavaRedux/java/io/InputStream.java, Keeping one from URL:file:/home/runner/work/key/key/key.core/build/resources/main/de/uka/ilkd/key/java/JavaRedux/java/io/InputStream.java 
48930      WARN  main            d.u.i.k.j.r.KeYCrossReferenceNameInfo Datatype java.lang.System declared twice: Once in FILE:/home/runner/work/key/key/key.core/../key.ui/examples/standard_key/java_dl/./classpath/System.java and once in URL:file:/home/runner/work/key/key/key.core/build/resources/main/de/uka/ilkd/key/java/JavaRedux/java/lang/System.java, Keeping one from URL:file:/home/runner/work/key/key/key.core/build/resources/main/de/uka/ilkd/key/java/JavaRedux/java/lang/System.java 
48936      DEBUG main            d.u.i.k.j.r.ClassFileDeclarationBuilder Parsing: package java.io; public class Closeable { } 
48937      DEBUG main            r.s.KeYCrossReferenceSourceInfo Dynamically created class: java.io.Closeable 
51516      DEBUG main            d.u.i.k.p.i.AbstractProblemLoader Init config took 2.61s 
51535      INFO  main            d.u.i.k.p.i.AbstractProblemLoader Replaying proof arrayUpdateSimp.key 
51536      DEBUG main            d.u.i.k.p.i.IntermediateProofReplayer Proof replay took 7.3ns 
51642      INFO  main            d.u.i.k.p.r.p.TestFile    ... finished proof: closed. 
51853      INFO  main            d.u.i.k.p.i.AbstractProblemLoader Loading environment from /home/runner/work/key/key/key.core/../key.ui/examples/standard_key/java_dl/arrayUpdateSimp.key.proof 
51853      DEBUG main            d.u.i.k.p.i.AbstractProblemLoader Environment load took 131.6ns 
51860      INFO  main            d.u.i.k.p.i.AbstractProblemLoader Creating init config 
51885      WARN  main            d.u.i.k.j.r.KeYCrossReferenceNameInfo Datatype java.io.PrintStream declared twice: Once in FILE:/home/runner/work/key/key/key.core/../key.ui/examples/standard_key/java_dl/classpath/PrintStream.java and once in URL:file:/home/runner/work/key/key/key.core/build/resources/main/de/uka/ilkd/key/java/JavaRedux/java/io/PrintStream.java, Keeping one from URL:file:/home/runner/work/key/key/key.core/build/resources/main/de/uka/ilkd/key/java/JavaRedux/java/io/PrintStream.java 
51885      WARN  main            d.u.i.k.j.r.KeYCrossReferenceNameInfo Datatype java.io.InputStream declared twice: Once in FILE:/home/runner/work/key/key/key.core/../key.ui/examples/standard_key/java_dl/classpath/InputStream.java and once in URL:file:/home/runner/work/key/key/key.core/build/resources/main/de/uka/ilkd/key/java/JavaRedux/java/io/InputStream.java, Keeping one from URL:file:/home/runner/work/key/key/key.core/build/resources/main/de/uka/ilkd/key/java/JavaRedux/java/io/InputStream.java 
51885      WARN  main            d.u.i.k.j.r.KeYCrossReferenceNameInfo Datatype java.lang.System declared twice: Once in FILE:/home/runner/work/key/key/key.core/../key.ui/examples/standard_key/java_dl/classpath/System.java and once in URL:file:/home/runner/work/key/key/key.core/build/resources/main/de/uka/ilkd/key/java/JavaRedux/java/lang/System.java, Keeping one from URL:file:/home/runner/work/key/key/key.core/build/resources/main/de/uka/ilkd/key/java/JavaRedux/java/lang/System.java 
51888      DEBUG main            d.u.i.k.j.r.ClassFileDeclarationBuilder Parsing: package java.io; public class Closeable { } 
51888      DEBUG main            r.s.KeYCrossReferenceSourceInfo Dynamically created class: java.io.Closeable 
54430      DEBUG main            d.u.i.k.p.i.AbstractProblemLoader Init config took 2.57s 
54450      INFO  main            d.u.i.k.p.i.AbstractProblemLoader Replaying proof arrayUpdateSimp.key.proof 
54452      DEBUG main            d.u.i.k.p.i.IntermediateProofReplayer Proof replay took 626.41ns 
54454      DEBUG main            d.u.i.k.p.r.p.TestFile    ... success: reloaded. 
54455      INFO  main            d.u.i.k.p.r.p.TestFile    Now processing file /home/runner/work/key/key/key.core/../key.ui/examples/standard_key/java_dl/attributes.key 
54455      INFO  main            d.u.i.k.p.i.AbstractProblemLoader Loading environment from /home/runner/work/key/key/key.core/../key.ui/examples/standard_key/java_dl/attributes.key 
54455      DEBUG main            d.u.i.k.p.i.AbstractProblemLoader Environment load took 98.2ns 
54456      INFO  main            d.u.i.k.p.i.AbstractProblemLoader Creating init config 
57057      DEBUG main            d.u.i.k.p.i.AbstractProblemLoader Init config took 2.6s 
57074      INFO  main            d.u.i.k.p.i.AbstractProblemLoader Replaying proof attributes.key 
57077      DEBUG main            d.u.i.k.p.i.IntermediateProofReplayer Proof replay took 7.2ns 
57282      INFO  main            d.u.i.k.p.r.p.TestFile    ... finished proof: closed. 
57475      INFO  main            d.u.i.k.p.i.AbstractProblemLoader Loading environment from /home/runner/work/key/key/key.core/../key.ui/examples/standard_key/java_dl/attributes.key.proof 
57475      DEBUG main            d.u.i.k.p.i.AbstractProblemLoader Environment load took 128.3ns 
57476      INFO  main            d.u.i.k.p.i.AbstractProblemLoader Creating init config 
60037      DEBUG main            d.u.i.k.p.i.AbstractProblemLoader Init config took 2.56s 
60056      INFO  main            d.u.i.k.p.i.AbstractProblemLoader Replaying proof attributes.key.proof 
60097      DEBUG main            d.u.i.k.p.i.IntermediateProofReplayer Proof replay took 36.96ms 
60099      DEBUG main            d.u.i.k.p.r.p.TestFile    ... success: reloaded. 
60100      INFO  main            d.u.i.k.p.r.p.TestFile    Now processing file /home/runner/work/key/key/key.core/../key.ui/examples/standard_key/java_dl/break.key 
60100      INFO  main            d.u.i.k.p.i.AbstractProblemLoader Loading environment from /home/runner/work/key/key/key.core/../key.ui/examples/standard_key/java_dl/break.key 
60100      DEBUG main            d.u.i.k.p.i.AbstractProblemLoader Environment load took 92.9ns 
60102      INFO  main            d.u.i.k.p.i.AbstractProblemLoader Creating init config 
60126      WARN  main            d.u.i.k.j.r.KeYCrossReferenceNameInfo Datatype java.io.PrintStream declared twice: Once in FILE:/home/runner/work/key/key/key.core/../key.ui/examples/standard_key/java_dl/classpath/PrintStream.java and once in URL:file:/home/runner/work/key/key/key.core/build/resources/main/de/uka/ilkd/key/java/JavaRedux/java/io/PrintStream.java, Keeping one from URL:file:/home/runner/work/key/key/key.core/build/resources/main/de/uka/ilkd/key/java/JavaRedux/java/io/PrintStream.java 
60126      WARN  main            d.u.i.k.j.r.KeYCrossReferenceNameInfo Datatype java.io.InputStream declared twice: Once in FILE:/home/runner/work/key/key/key.core/../key.ui/examples/standard_key/java_dl/classpath/InputStream.java and once in URL:file:/home/runner/work/key/key/key.core/build/resources/main/de/uka/ilkd/key/java/JavaRedux/java/io/InputStream.java, Keeping one from URL:file:/home/runner/work/key/key/key.core/build/resources/main/de/uka/ilkd/key/java/JavaRedux/java/io/InputStream.java 
60126      WARN  main            d.u.i.k.j.r.KeYCrossReferenceNameInfo Datatype java.lang.System declared twice: Once in FILE:/home/runner/work/key/key/key.core/../key.ui/examples/standard_key/java_dl/classpath/System.java and once in URL:file:/home/runner/work/key/key/key.core/build/resources/main/de/uka/ilkd/key/java/JavaRedux/java/lang/System.java, Keeping one from URL:file:/home/runner/work/key/key/key.core/build/resources/main/de/uka/ilkd/key/java/JavaRedux/java/lang/System.java 
60129      DEBUG main            d.u.i.k.j.r.ClassFileDeclarationBuilder Parsing: package java.io; public class Closeable { } 
60130      DEBUG main            r.s.KeYCrossReferenceSourceInfo Dynamically created class: java.io.Closeable 
62613      DEBUG main            d.u.i.k.p.i.AbstractProblemLoader Init config took 2.51s 
62630      INFO  main            d.u.i.k.p.i.AbstractProblemLoader Replaying proof break.key 
62631      DEBUG main            d.u.i.k.p.i.IntermediateProofReplayer Proof replay took 7.4ns 
62733      INFO  main            d.u.i.k.p.r.p.TestFile    ... finished proof: closed. 
62939      INFO  main            d.u.i.k.p.i.AbstractProblemLoader Loading environment from /home/runner/work/key/key/key.core/../key.ui/examples/standard_key/java_dl/break.key.proof 
62939      DEBUG main            d.u.i.k.p.i.AbstractProblemLoader Environment load took 134.2ns 
62941      INFO  main            d.u.i.k.p.i.AbstractProblemLoader Creating init config 
62967      WARN  main            d.u.i.k.j.r.KeYCrossReferenceNameInfo Datatype java.io.PrintStream declared twice: Once in FILE:/home/runner/work/key/key/key.core/../key.ui/examples/standard_key/java_dl/classpath/PrintStream.java and once in URL:file:/home/runner/work/key/key/key.core/build/resources/main/de/uka/ilkd/key/java/JavaRedux/java/io/PrintStream.java, Keeping one from URL:file:/home/runner/work/key/key/key.core/build/resources/main/de/uka/ilkd/key/java/JavaRedux/java/io/PrintStream.java 
62968      WARN  main            d.u.i.k.j.r.KeYCrossReferenceNameInfo Datatype java.io.InputStream declared twice: Once in FILE:/home/runner/work/key/key/key.core/../key.ui/examples/standard_key/java_dl/classpath/InputStream.java and once in URL:file:/home/runner/work/key/key/key.core/build/resources/main/de/uka/ilkd/key/java/JavaRedux/java/io/InputStream.java, Keeping one from URL:file:/home/runner/work/key/key/key.core/build/resources/main/de/uka/ilkd/key/java/JavaRedux/java/io/InputStream.java 
62968      WARN  main            d.u.i.k.j.r.KeYCrossReferenceNameInfo Datatype java.lang.System declared twice: Once in FILE:/home/runner/work/key/key/key.core/../key.ui/examples/standard_key/java_dl/classpath/System.java and once in URL:file:/home/runner/work/key/key/key.core/build/resources/main/de/uka/ilkd/key/java/JavaRedux/java/lang/System.java, Keeping one from URL:file:/home/runner/work/key/key/key.core/build/resources/main/de/uka/ilkd/key/java/JavaRedux/java/lang/System.java 
62971      DEBUG main            d.u.i.k.j.r.ClassFileDeclarationBuilder Parsing: package java.io; public class Closeable { } 
62971      DEBUG main            r.s.KeYCrossReferenceSourceInfo Dynamically created class: java.io.Closeable 
65414      DEBUG main            d.u.i.k.p.i.AbstractProblemLoader Init config took 2.47s 
65430      INFO  main            d.u.i.k.p.i.AbstractProblemLoader Replaying proof break.key.proof 
65441      DEBUG main            d.u.i.k.p.i.IntermediateProofReplayer Proof replay took 9ms 
65443      DEBUG main            d.u.i.k.p.r.p.TestFile    ... success: reloaded. 
65443      INFO  main            d.u.i.k.p.r.p.TestFile    Now processing file /home/runner/work/key/key/key.core/../key.ui/examples/standard_key/java_dl/char.key 
65444      INFO  main            d.u.i.k.p.i.AbstractProblemLoader Loading environment from /home/runner/work/key/key/key.core/../key.ui/examples/standard_key/java_dl/char.key 
65444      DEBUG main            d.u.i.k.p.i.AbstractProblemLoader Environment load took 70.4ns 
65445      INFO  main            d.u.i.k.p.i.AbstractProblemLoader Creating init config 
68001      DEBUG main            d.u.i.k.p.i.AbstractProblemLoader Init config took 2.56s 
68020      INFO  main            d.u.i.k.p.i.AbstractProblemLoader Replaying proof char.key 
68028      DEBUG main            d.u.i.k.p.i.IntermediateProofReplayer Proof replay took 7.9ns 
68130      INFO  main            d.u.i.k.p.r.p.TestFile    ... finished proof: closed. 
68412      INFO  main            d.u.i.k.p.i.AbstractProblemLoader Loading environment from /home/runner/work/key/key/key.core/../key.ui/examples/standard_key/java_dl/char.key.proof 
68412      DEBUG main            d.u.i.k.p.i.AbstractProblemLoader Environment load took 142.4ns 
68413      INFO  main            d.u.i.k.p.i.AbstractProblemLoader Creating init config 
70850      DEBUG main            d.u.i.k.p.i.AbstractProblemLoader Init config took 2.44s 
70868      INFO  main            d.u.i.k.p.i.AbstractProblemLoader Replaying proof char.key.proof 
70872      DEBUG main            d.u.i.k.p.i.IntermediateProofReplayer Proof replay took 2.1ms 
70873      DEBUG main            d.u.i.k.p.r.p.TestFile    ... success: reloaded. 
70874      INFO  main            d.u.i.k.p.r.p.TestFile    Now processing file /home/runner/work/key/key/key.core/../key.ui/examples/standard_key/java_dl/compileTimeConstants.key 
70874      INFO  main            d.u.i.k.p.i.AbstractProblemLoader Loading environment from /home/runner/work/key/key/key.core/../key.ui/examples/standard_key/java_dl/compileTimeConstants.key 
70875      DEBUG main            d.u.i.k.p.i.AbstractProblemLoader Environment load took 225.1ns 
70876      INFO  main            d.u.i.k.p.i.AbstractProblemLoader Creating init config 
73455      DEBUG main            d.u.i.k.p.i.AbstractProblemLoader Init config took 2.58s 
73471      INFO  main            d.u.i.k.p.i.AbstractProblemLoader Replaying proof compileTimeConstants.key 
73472      DEBUG main            d.u.i.k.p.i.IntermediateProofReplayer Proof replay took 6.2ns 
73574      INFO  main            d.u.i.k.p.r.p.TestFile    ... finished proof: closed. 
73782      INFO  main            d.u.i.k.p.i.AbstractProblemLoader Loading environment from /home/runner/work/key/key/key.core/../key.ui/examples/standard_key/java_dl/compileTimeConstants.key.proof 
73783      DEBUG main            d.u.i.k.p.i.AbstractProblemLoader Environment load took 124.9ns 
73784      INFO  main            d.u.i.k.p.i.AbstractProblemLoader Creating init config 
76256      DEBUG main            d.u.i.k.p.i.AbstractProblemLoader Init config took 2.47s 
76272      INFO  main            d.u.i.k.p.i.AbstractProblemLoader Replaying proof compileTimeConstants.key.proof 
76284      DEBUG main            d.u.i.k.p.i.IntermediateProofReplayer Proof replay took 9.65ms 
76285      DEBUG main            d.u.i.k.p.r.p.TestFile    ... success: reloaded. 
76285      INFO  main            d.u.i.k.p.r.p.TestFile    Now processing file /home/runner/work/key/key/key.core/../key.ui/examples/standard_key/java_dl/constructorException/test.key 
76286      INFO  main            d.u.i.k.p.i.AbstractProblemLoader Loading environment from /home/runner/work/key/key/key.core/../key.ui/examples/standard_key/java_dl/constructorException/test.key 
76286      DEBUG main            d.u.i.k.p.i.AbstractProblemLoader Environment load took 91.2ns 
76287      INFO  main            d.u.i.k.p.i.AbstractProblemLoader Creating init config 
78902      DEBUG main            d.u.i.k.p.i.AbstractProblemLoader Init config took 2.61s 
78992      INFO  main            d.u.i.k.p.i.AbstractProblemLoader Replaying proof Test[Test::Test(int)].JML operation contract.0 
78993      DEBUG main            d.u.i.k.p.i.IntermediateProofReplayer Proof replay took 7.5ns 
79196      INFO  main            d.u.i.k.p.r.p.TestFile    ... finished proof: closed. 
79410      INFO  main            d.u.i.k.p.i.AbstractProblemLoader Loading environment from /home/runner/work/key/key/key.core/../key.ui/examples/standard_key/java_dl/constructorException/test.key.proof 
79410      DEBUG main            d.u.i.k.p.i.AbstractProblemLoader Environment load took 127.8ns 
79411      INFO  main            d.u.i.k.p.i.AbstractProblemLoader Creating init config 
81968      DEBUG main            d.u.i.k.p.i.AbstractProblemLoader Init config took 2.56s 
82054      INFO  main            d.u.i.k.p.i.AbstractProblemLoader Replaying proof Test[Test::Test(int)].JML operation contract.0 
82112      DEBUG main            d.u.i.k.p.i.IntermediateProofReplayer Proof replay took 48.24ms 
82114      DEBUG main            d.u.i.k.p.r.p.TestFile    ... success: reloaded. 
82115      INFO  main            d.u.i.k.p.r.p.TestFile    Now processing file /home/runner/work/key/key/key.core/../key.ui/examples/standard_key/java_dl/constructorException/regressionTestBug1333.key 
82115      INFO  main            d.u.i.k.p.i.AbstractProblemLoader Loading environment from /home/runner/work/key/key/key.core/../key.ui/examples/standard_key/java_dl/constructorException/regressionTestBug1333.key 
82115      DEBUG main            d.u.i.k.p.i.AbstractProblemLoader Environment load took 216.1ns 
82116      INFO  main            d.u.i.k.p.i.AbstractProblemLoader Creating init config 
84732      DEBUG main            d.u.i.k.p.i.AbstractProblemLoader Init config took 2.62s 
84770      INFO  main            d.u.i.k.p.i.AbstractProblemLoader Replaying proof False[False::False()].JML normal_behavior operation contract.0 
84774      DEBUG main            d.u.i.k.p.i.IntermediateProofReplayer Proof replay took 6.9ns 
84877      INFO  main            d.u.i.k.p.r.p.TestFile    ... finished proof: open goal(s) 
85117      INFO  main            d.u.i.k.p.r.p.TestFile    Now processing file /home/runner/work/key/key/key.core/../key.ui/examples/standard_key/java_dl/continue1.key 
85118      INFO  main            d.u.i.k.p.i.AbstractProblemLoader Loading environment from /home/runner/work/key/key/key.core/../key.ui/examples/standard_key/java_dl/continue1.key 
85118      DEBUG main            d.u.i.k.p.i.AbstractProblemLoader Environment load took 83.2ns 
85119      INFO  main            d.u.i.k.p.i.AbstractProblemLoader Creating init config 
85143      WARN  main            d.u.i.k.j.r.KeYCrossReferenceNameInfo Datatype java.io.PrintStream declared twice: Once in FILE:/home/runner/work/key/key/key.core/../key.ui/examples/standard_key/java_dl/classpath/PrintStream.java and once in URL:file:/home/runner/work/key/key/key.core/build/resources/main/de/uka/ilkd/key/java/JavaRedux/java/io/PrintStream.java, Keeping one from URL:file:/home/runner/work/key/key/key.core/build/resources/main/de/uka/ilkd/key/java/JavaRedux/java/io/PrintStream.java 
85144      WARN  main            d.u.i.k.j.r.KeYCrossReferenceNameInfo Datatype java.io.InputStream declared twice: Once in FILE:/home/runner/work/key/key/key.core/../key.ui/examples/standard_key/java_dl/classpath/InputStream.java and once in URL:file:/home/runner/work/key/key/key.core/build/resources/main/de/uka/ilkd/key/java/JavaRedux/java/io/InputStream.java, Keeping one from URL:file:/home/runner/work/key/key/key.core/build/resources/main/de/uka/ilkd/key/java/JavaRedux/java/io/InputStream.java 
85144      WARN  main            d.u.i.k.j.r.KeYCrossReferenceNameInfo Datatype java.lang.System declared twice: Once in FILE:/home/runner/work/key/key/key.core/../key.ui/examples/standard_key/java_dl/classpath/System.java and once in URL:file:/home/runner/work/key/key/key.core/build/resources/main/de/uka/ilkd/key/java/JavaRedux/java/lang/System.java, Keeping one from URL:file:/home/runner/work/key/key/key.core/build/resources/main/de/uka/ilkd/key/java/JavaRedux/java/lang/System.java 
85147      DEBUG main            d.u.i.k.j.r.ClassFileDeclarationBuilder Parsing: package java.io; public class Closeable { } 
85147      DEBUG main            r.s.KeYCrossReferenceSourceInfo Dynamically created class: java.io.Closeable 
87702      DEBUG main            d.u.i.k.p.i.AbstractProblemLoader Init config took 2.58s 
87717      INFO  main            d.u.i.k.p.i.AbstractProblemLoader Replaying proof continue1.key 
87719      DEBUG main            d.u.i.k.p.i.IntermediateProofReplayer Proof replay took 8.5ns 
87823      INFO  main            d.u.i.k.p.r.p.TestFile    ... finished proof: closed. 
88027      INFO  main            d.u.i.k.p.i.AbstractProblemLoader Loading environment from /home/runner/work/key/key/key.core/../key.ui/examples/standard_key/java_dl/continue1.key.proof 
88027      DEBUG main            d.u.i.k.p.i.AbstractProblemLoader Environment load took 168.7ns 
88029      INFO  main            d.u.i.k.p.i.AbstractProblemLoader Creating init config 
88056      WARN  main            d.u.i.k.j.r.KeYCrossReferenceNameInfo Datatype java.io.PrintStream declared twice: Once in FILE:/home/runner/work/key/key/key.core/../key.ui/examples/standard_key/java_dl/classpath/PrintStream.java and once in URL:file:/home/runner/work/key/key/key.core/build/resources/main/de/uka/ilkd/key/java/JavaRedux/java/io/PrintStream.java, Keeping one from URL:file:/home/runner/work/key/key/key.core/build/resources/main/de/uka/ilkd/key/java/JavaRedux/java/io/PrintStream.java 
88056      WARN  main            d.u.i.k.j.r.KeYCrossReferenceNameInfo Datatype java.io.InputStream declared twice: Once in FILE:/home/runner/work/key/key/key.core/../key.ui/examples/standard_key/java_dl/classpath/InputStream.java and once in URL:file:/home/runner/work/key/key/key.core/build/resources/main/de/uka/ilkd/key/java/JavaRedux/java/io/InputStream.java, Keeping one from URL:file:/home/runner/work/key/key/key.core/build/resources/main/de/uka/ilkd/key/java/JavaRedux/java/io/InputStream.java 
88056      WARN  main            d.u.i.k.j.r.KeYCrossReferenceNameInfo Datatype java.lang.System declared twice: Once in FILE:/home/runner/work/key/key/key.core/../key.ui/examples/standard_key/java_dl/classpath/System.java and once in URL:file:/home/runner/work/key/key/key.core/build/resources/main/de/uka/ilkd/key/java/JavaRedux/java/lang/System.java, Keeping one from URL:file:/home/runner/work/key/key/key.core/build/resources/main/de/uka/ilkd/key/java/JavaRedux/java/lang/System.java 
88059      DEBUG main            d.u.i.k.j.r.ClassFileDeclarationBuilder Parsing: package java.io; public class Closeable { } 
88059      DEBUG main            r.s.KeYCrossReferenceSourceInfo Dynamically created class: java.io.Closeable 
90525      DEBUG main            d.u.i.k.p.i.AbstractProblemLoader Init config took 2.5s 
90543      INFO  main            d.u.i.k.p.i.AbstractProblemLoader Replaying proof continue1.key.proof 
90566      DEBUG main            d.u.i.k.p.i.IntermediateProofReplayer Proof replay took 17.98ms 
90568      DEBUG main            d.u.i.k.p.r.p.TestFile    ... success: reloaded. 
90572      INFO  main            d.u.i.k.p.r.p.TestFile    Now processing file /home/runner/work/key/key/key.core/../key.ui/examples/standard_key/java_dl/continue2.key 
90577      INFO  main            d.u.i.k.p.i.AbstractProblemLoader Loading environment from /home/runner/work/key/key/key.core/../key.ui/examples/standard_key/java_dl/continue2.key 
90578      DEBUG main            d.u.i.k.p.i.AbstractProblemLoader Environment load took 1.35ms 
90580      INFO  main            d.u.i.k.p.i.AbstractProblemLoader Creating init config 
90604      WARN  main            d.u.i.k.j.r.KeYCrossReferenceNameInfo Datatype java.io.PrintStream declared twice: Once in FILE:/home/runner/work/key/key/key.core/../key.ui/examples/standard_key/java_dl/classpath/PrintStream.java and once in URL:file:/home/runner/work/key/key/key.core/build/resources/main/de/uka/ilkd/key/java/JavaRedux/java/io/PrintStream.java, Keeping one from URL:file:/home/runner/work/key/key/key.core/build/resources/main/de/uka/ilkd/key/java/JavaRedux/java/io/PrintStream.java 
90605      WARN  main            d.u.i.k.j.r.KeYCrossReferenceNameInfo Datatype java.io.InputStream declared twice: Once in FILE:/home/runner/work/key/key/key.core/../key.ui/examples/standard_key/java_dl/classpath/InputStream.java and once in URL:file:/home/runner/work/key/key/key.core/build/resources/main/de/uka/ilkd/key/java/JavaRedux/java/io/InputStream.java, Keeping one from URL:file:/home/runner/work/key/key/key.core/build/resources/main/de/uka/ilkd/key/java/JavaRedux/java/io/InputStream.java 
90606      WARN  main            d.u.i.k.j.r.KeYCrossReferenceNameInfo Datatype java.lang.System declared twice: Once in FILE:/home/runner/work/key/key/key.core/../key.ui/examples/standard_key/java_dl/classpath/System.java and once in URL:file:/home/runner/work/key/key/key.core/build/resources/main/de/uka/ilkd/key/java/JavaRedux/java/lang/System.java, Keeping one from URL:file:/home/runner/work/key/key/key.core/build/resources/main/de/uka/ilkd/key/java/JavaRedux/java/lang/System.java 
90610      DEBUG main            d.u.i.k.j.r.ClassFileDeclarationBuilder Parsing: package java.io; public class Closeable { } 
90610      DEBUG main            r.s.KeYCrossReferenceSourceInfo Dynamically created class: java.io.Closeable 
93082      DEBUG main            d.u.i.k.p.i.AbstractProblemLoader Init config took 2.5s 
93118      INFO  main            d.u.i.k.p.i.AbstractProblemLoader Replaying proof continue2.key 
93120      DEBUG main            d.u.i.k.p.i.IntermediateProofReplayer Proof replay took 8.2ns 
93423      INFO  main            d.u.i.k.p.r.p.TestFile    ... finished proof: closed. 
93656      INFO  main            d.u.i.k.p.i.AbstractProblemLoader Loading environment from /home/runner/work/key/key/key.core/../key.ui/examples/standard_key/java_dl/continue2.key.proof 
93656      DEBUG main            d.u.i.k.p.i.AbstractProblemLoader Environment load took 117.2ns 
93657      INFO  main            d.u.i.k.p.i.AbstractProblemLoader Creating init config 
93685      WARN  main            d.u.i.k.j.r.KeYCrossReferenceNameInfo Datatype java.io.PrintStream declared twice: Once in FILE:/home/runner/work/key/key/key.core/../key.ui/examples/standard_key/java_dl/classpath/PrintStream.java and once in URL:file:/home/runner/work/key/key/key.core/build/resources/main/de/uka/ilkd/key/java/JavaRedux/java/io/PrintStream.java, Keeping one from URL:file:/home/runner/work/key/key/key.core/build/resources/main/de/uka/ilkd/key/java/JavaRedux/java/io/PrintStream.java 
93686      WARN  main            d.u.i.k.j.r.KeYCrossReferenceNameInfo Datatype java.io.InputStream declared twice: Once in FILE:/home/runner/work/key/key/key.core/../key.ui/examples/standard_key/java_dl/classpath/InputStream.java and once in URL:file:/home/runner/work/key/key/key.core/build/resources/main/de/uka/ilkd/key/java/JavaRedux/java/io/InputStream.java, Keeping one from URL:file:/home/runner/work/key/key/key.core/build/resources/main/de/uka/ilkd/key/java/JavaRedux/java/io/InputStream.java 
93686      WARN  main            d.u.i.k.j.r.KeYCrossReferenceNameInfo Datatype java.lang.System declared twice: Once in FILE:/home/runner/work/key/key/key.core/../key.ui/examples/standard_key/java_dl/classpath/System.java and once in URL:file:/home/runner/work/key/key/key.core/build/resources/main/de/uka/ilkd/key/java/JavaRedux/java/lang/System.java, Keeping one from URL:file:/home/runner/work/key/key/key.core/build/resources/main/de/uka/ilkd/key/java/JavaRedux/java/lang/System.java 
93689      DEBUG main            d.u.i.k.j.r.ClassFileDeclarationBuilder Parsing: package java.io; public class Closeable { } 
93689      DEBUG main            r.s.KeYCrossReferenceSourceInfo Dynamically created class: java.io.Closeable 
96107      DEBUG main            d.u.i.k.p.i.AbstractProblemLoader Init config took 2.45s 
96123      INFO  main            d.u.i.k.p.i.AbstractProblemLoader Replaying proof continue2.key.proof 
96183      DEBUG main            d.u.i.k.p.i.IntermediateProofReplayer Proof replay took 57.25ms 
96186      DEBUG main            d.u.i.k.p.r.p.TestFile    ... success: reloaded. 
96188      INFO  main            d.u.i.k.p.r.p.TestFile    Now processing file /home/runner/work/key/key/key.core/../key.ui/examples/standard_key/java_dl/complexAssignment.key 
96188      INFO  main            d.u.i.k.p.i.AbstractProblemLoader Loading environment from /home/runner/work/key/key/key.core/../key.ui/examples/standard_key/java_dl/complexAssignment.key 
96188      DEBUG main            d.u.i.k.p.i.AbstractProblemLoader Environment load took 225ns 
96189      INFO  main            d.u.i.k.p.i.AbstractProblemLoader Creating init config 
98673      DEBUG main            d.u.i.k.p.i.AbstractProblemLoader Init config took 2.48s 
98688      INFO  main            d.u.i.k.p.i.AbstractProblemLoader Replaying proof complexAssignment.key 
98689      DEBUG main            d.u.i.k.p.i.IntermediateProofReplayer Proof replay took 7.5ns 
98793      INFO  main            d.u.i.k.p.r.p.TestFile    ... finished proof: closed. 
99047      INFO  main            d.u.i.k.p.i.AbstractProblemLoader Loading environment from /home/runner/work/key/key/key.core/../key.ui/examples/standard_key/java_dl/complexAssignment.key.proof 
99047      DEBUG main            d.u.i.k.p.i.AbstractProblemLoader Environment load took 105.5ns 
99048      INFO  main            d.u.i.k.p.i.AbstractProblemLoader Creating init config 
101391     DEBUG main            d.u.i.k.p.i.AbstractProblemLoader Init config took 2.34s 
101406     INFO  main            d.u.i.k.p.i.AbstractProblemLoader Replaying proof complexAssignment.key.proof 
101415     DEBUG main            d.u.i.k.p.i.IntermediateProofReplayer Proof replay took 6.26ms 
101416     DEBUG main            d.u.i.k.p.r.p.TestFile    ... success: reloaded. 
101417     INFO  main            d.u.i.k.p.r.p.TestFile    Now processing file /home/runner/work/key/key/key.core/../key.ui/examples/standard_key/java_dl/danglingElseSolution1.key 
101417     INFO  main            d.u.i.k.p.i.AbstractProblemLoader Loading environment from /home/runner/work/key/key/key.core/../key.ui/examples/standard_key/java_dl/danglingElseSolution1.key 
101417     DEBUG main            d.u.i.k.p.i.AbstractProblemLoader Environment load took 71.1ns 
101418     INFO  main            d.u.i.k.p.i.AbstractProblemLoader Creating init config 
103847     DEBUG main            d.u.i.k.p.i.AbstractProblemLoader Init config took 2.43s 
103861     INFO  main            d.u.i.k.p.i.AbstractProblemLoader Replaying proof danglingElseSolution1.key 
103863     DEBUG main            d.u.i.k.p.i.IntermediateProofReplayer Proof replay took 6.2ns 
103965     INFO  main            d.u.i.k.p.r.p.TestFile    ... finished proof: closed. 
104192     INFO  main            d.u.i.k.p.i.AbstractProblemLoader Loading environment from /home/runner/work/key/key/key.core/../key.ui/examples/standard_key/java_dl/danglingElseSolution1.key.proof 
104192     DEBUG main            d.u.i.k.p.i.AbstractProblemLoader Environment load took 110.2ns 
104193     INFO  main            d.u.i.k.p.i.AbstractProblemLoader Creating init config 
106596     DEBUG main            d.u.i.k.p.i.AbstractProblemLoader Init config took 2.4s 
106611     INFO  main            d.u.i.k.p.i.AbstractProblemLoader Replaying proof danglingElseSolution1.key.proof 
106620     DEBUG main            d.u.i.k.p.i.IntermediateProofReplayer Proof replay took 6.31ms 
106620     DEBUG main            d.u.i.k.p.r.p.TestFile    ... success: reloaded. 
106621     INFO  main            d.u.i.k.p.r.p.TestFile    Now processing file /home/runner/work/key/key/key.core/../key.ui/examples/standard_key/java_dl/danglingElseSolution2.key 
106621     INFO  main            d.u.i.k.p.i.AbstractProblemLoader Loading environment from /home/runner/work/key/key/key.core/../key.ui/examples/standard_key/java_dl/danglingElseSolution2.key 
106621     DEBUG main            d.u.i.k.p.i.AbstractProblemLoader Environment load took 80.6ns 
106622     INFO  main            d.u.i.k.p.i.AbstractProblemLoader Creating init config 
109081     DEBUG main            d.u.i.k.p.i.AbstractProblemLoader Init config took 2.46s 
109096     INFO  main            d.u.i.k.p.i.AbstractProblemLoader Replaying proof danglingElseSolution2.key 
109097     DEBUG main            d.u.i.k.p.i.IntermediateProofReplayer Proof replay took 7.5ns 
109201     INFO  main            d.u.i.k.p.r.p.TestFile    ... finished proof: closed. 
109441     INFO  main            d.u.i.k.p.i.AbstractProblemLoader Loading environment from /home/runner/work/key/key/key.core/../key.ui/examples/standard_key/java_dl/danglingElseSolution2.key.proof 
109441     DEBUG main            d.u.i.k.p.i.AbstractProblemLoader Environment load took 117ns 
109443     INFO  main            d.u.i.k.p.i.AbstractProblemLoader Creating init config 
111834     DEBUG main            d.u.i.k.p.i.AbstractProblemLoader Init config took 2.39s 
111849     INFO  main            d.u.i.k.p.i.AbstractProblemLoader Replaying proof danglingElseSolution2.key.proof 
111858     DEBUG main            d.u.i.k.p.i.IntermediateProofReplayer Proof replay took 6.57ms 
111859     DEBUG main            d.u.i.k.p.r.p.TestFile    ... success: reloaded. 
111860     INFO  main            d.u.i.k.p.r.p.TestFile    Now processing file /home/runner/work/key/key/key.core/../key.ui/examples/standard_key/java_dl/deepNonNull/deepNonNull0.key 
111860     INFO  main            d.u.i.k.p.i.AbstractProblemLoader Loading environment from /home/runner/work/key/key/key.core/../key.ui/examples/standard_key/java_dl/deepNonNull/deepNonNull0.key 
111860     DEBUG main            d.u.i.k.p.i.AbstractProblemLoader Environment load took 184ns 
111861     INFO  main            d.u.i.k.p.i.AbstractProblemLoader Creating init config 
114356     DEBUG main            d.u.i.k.p.i.AbstractProblemLoader Init config took 2.49s 
114416     INFO  main            d.u.i.k.p.i.AbstractProblemLoader Replaying proof Arrays[Arrays::get()].JML operation contract.0 
114417     DEBUG main            d.u.i.k.p.i.IntermediateProofReplayer Proof replay took 8.2ns 
114621     INFO  main            d.u.i.k.p.r.p.TestFile    ... finished proof: closed. 
114874     INFO  main            d.u.i.k.p.i.AbstractProblemLoader Loading environment from /home/runner/work/key/key/key.core/../key.ui/examples/standard_key/java_dl/deepNonNull/deepNonNull0.key.proof 
114874     DEBUG main            d.u.i.k.p.i.AbstractProblemLoader Environment load took 126.8ns 
114875     INFO  main            d.u.i.k.p.i.AbstractProblemLoader Creating init config 
117374     DEBUG main            d.u.i.k.p.i.AbstractProblemLoader Init config took 2.5s 
117411     INFO  main            d.u.i.k.p.i.AbstractProblemLoader Replaying proof Arrays[Arrays::get()].JML operation contract.0 
117431     DEBUG main            d.u.i.k.p.i.IntermediateProofReplayer Proof replay took 16.78ms 
117432     DEBUG main            d.u.i.k.p.r.p.TestFile    ... success: reloaded. 
117432     INFO  main            d.u.i.k.p.r.p.TestFile    Now processing file /home/runner/work/key/key/key.core/../key.ui/examples/standard_key/java_dl/deepNonNull/deepNonNull1.key 
117432     INFO  main            d.u.i.k.p.i.AbstractProblemLoader Loading environment from /home/runner/work/key/key/key.core/../key.ui/examples/standard_key/java_dl/deepNonNull/deepNonNull1.key 
117433     DEBUG main            d.u.i.k.p.i.AbstractProblemLoader Environment load took 73.9ns 
117433     INFO  main            d.u.i.k.p.i.AbstractProblemLoader Creating init config 
119919     DEBUG main            d.u.i.k.p.i.AbstractProblemLoader Init config took 2.49s 
119954     INFO  main            d.u.i.k.p.i.AbstractProblemLoader Replaying proof Arrays[Arrays::head()].JML operation contract.0 
119955     DEBUG main            d.u.i.k.p.i.IntermediateProofReplayer Proof replay took 7.7ns 
120157     INFO  main            d.u.i.k.p.r.p.TestFile    ... finished proof: closed. 
120410     INFO  main            d.u.i.k.p.i.AbstractProblemLoader Loading environment from /home/runner/work/key/key/key.core/../key.ui/examples/standard_key/java_dl/deepNonNull/deepNonNull1.key.proof 
120410     DEBUG main            d.u.i.k.p.i.AbstractProblemLoader Environment load took 107.7ns 
120411     INFO  main            d.u.i.k.p.i.AbstractProblemLoader Creating init config 
122862     DEBUG main            d.u.i.k.p.i.AbstractProblemLoader Init config took 2.45s 
122897     INFO  main            d.u.i.k.p.i.AbstractProblemLoader Replaying proof Arrays[Arrays::head()].JML operation contract.0 
122916     DEBUG main            d.u.i.k.p.i.IntermediateProofReplayer Proof replay took 15.95ms 
122916     DEBUG main            d.u.i.k.p.r.p.TestFile    ... success: reloaded. 
122917     INFO  main            d.u.i.k.p.r.p.TestFile    Now processing file /home/runner/work/key/key/key.core/../key.ui/examples/standard_key/java_dl/deepNonNull/deepNonNull2.key 
122917     INFO  main            d.u.i.k.p.i.AbstractProblemLoader Loading environment from /home/runner/work/key/key/key.core/../key.ui/examples/standard_key/java_dl/deepNonNull/deepNonNull2.key 
122917     DEBUG main            d.u.i.k.p.i.AbstractProblemLoader Environment load took 94.6ns 
122918     INFO  main            d.u.i.k.p.i.AbstractProblemLoader Creating init config 
125370     DEBUG main            d.u.i.k.p.i.AbstractProblemLoader Init config took 2.45s 
125404     INFO  main            d.u.i.k.p.i.AbstractProblemLoader Replaying proof Arrays[Arrays::unprovable(java.lang.Object)].JML operation contract.0 
125405     DEBUG main            d.u.i.k.p.i.IntermediateProofReplayer Proof replay took 7.4ns 
125513     INFO  main            d.u.i.k.p.r.p.TestFile    ... finished proof: open goal(s) 
125768     INFO  main            d.u.i.k.p.r.p.TestFile    Now processing file /home/runner/work/key/key/key.core/../key.ui/examples/standard_key/java_dl/deepNonNull/deepNonNull3.key 
125769     INFO  main            d.u.i.k.p.i.AbstractProblemLoader Loading environment from /home/runner/work/key/key/key.core/../key.ui/examples/standard_key/java_dl/deepNonNull/deepNonNull3.key 
125769     DEBUG main            d.u.i.k.p.i.AbstractProblemLoader Environment load took 57.4ns 
125770     INFO  main            d.u.i.k.p.i.AbstractProblemLoader Creating init config 
128190     DEBUG main            d.u.i.k.p.i.AbstractProblemLoader Init config took 2.42s 
128229     INFO  main            d.u.i.k.p.i.AbstractProblemLoader Replaying proof Arrays[Arrays::head([[[[Ljava.lang.Object)].JML operation contract.0 
128230     DEBUG main            d.u.i.k.p.i.IntermediateProofReplayer Proof replay took 6.8ns 
129134     INFO  main            d.u.i.k.p.r.p.TestFile    ... finished proof: closed. 
129401     INFO  main            d.u.i.k.p.i.AbstractProblemLoader Loading environment from /home/runner/work/key/key/key.core/../key.ui/examples/standard_key/java_dl/deepNonNull/deepNonNull3.key.proof 
129402     DEBUG main            d.u.i.k.p.i.AbstractProblemLoader Environment load took 991.91ns 
129403     INFO  main            d.u.i.k.p.i.AbstractProblemLoader Creating init config 
131832     DEBUG main            d.u.i.k.p.i.AbstractProblemLoader Init config took 2.43s 
131866     INFO  main            d.u.i.k.p.i.AbstractProblemLoader Replaying proof Arrays[Arrays::head([[[[Ljava.lang.Object)].JML operation contract.0 
131931     DEBUG main            d.u.i.k.p.i.IntermediateProofReplayer Proof replay took 60.26ms 
131932     DEBUG main            d.u.i.k.p.r.p.TestFile    ... success: reloaded. 
131933     INFO  main            d.u.i.k.p.r.p.TestFile    Now processing file /home/runner/work/key/key/key.core/../key.ui/examples/standard_key/java_dl/exceptions.key 
131933     INFO  main            d.u.i.k.p.i.AbstractProblemLoader Loading environment from /home/runner/work/key/key/key.core/../key.ui/examples/standard_key/java_dl/exceptions.key 
131933     DEBUG main            d.u.i.k.p.i.AbstractProblemLoader Environment load took 72.8ns 
131934     INFO  main            d.u.i.k.p.i.AbstractProblemLoader Creating init config 
131955     WARN  main            d.u.i.k.j.r.KeYCrossReferenceNameInfo Datatype java.io.PrintStream declared twice: Once in FILE:/home/runner/work/key/key/key.core/../key.ui/examples/standard_key/java_dl/classpath/PrintStream.java and once in URL:file:/home/runner/work/key/key/key.core/build/resources/main/de/uka/ilkd/key/java/JavaRedux/java/io/PrintStream.java, Keeping one from URL:file:/home/runner/work/key/key/key.core/build/resources/main/de/uka/ilkd/key/java/JavaRedux/java/io/PrintStream.java 
131955     WARN  main            d.u.i.k.j.r.KeYCrossReferenceNameInfo Datatype java.io.InputStream declared twice: Once in FILE:/home/runner/work/key/key/key.core/../key.ui/examples/standard_key/java_dl/classpath/InputStream.java and once in URL:file:/home/runner/work/key/key/key.core/build/resources/main/de/uka/ilkd/key/java/JavaRedux/java/io/InputStream.java, Keeping one from URL:file:/home/runner/work/key/key/key.core/build/resources/main/de/uka/ilkd/key/java/JavaRedux/java/io/InputStream.java 
131955     WARN  main            d.u.i.k.j.r.KeYCrossReferenceNameInfo Datatype java.lang.System declared twice: Once in FILE:/home/runner/work/key/key/key.core/../key.ui/examples/standard_key/java_dl/classpath/System.java and once in URL:file:/home/runner/work/key/key/key.core/build/resources/main/de/uka/ilkd/key/java/JavaRedux/java/lang/System.java, Keeping one from URL:file:/home/runner/work/key/key/key.core/build/resources/main/de/uka/ilkd/key/java/JavaRedux/java/lang/System.java 
131958     DEBUG main            d.u.i.k.j.r.ClassFileDeclarationBuilder Parsing: package java.io; public class Closeable { } 
131968     DEBUG main            r.s.KeYCrossReferenceSourceInfo Dynamically created class: java.io.Closeable 
134480     DEBUG main            d.u.i.k.p.i.AbstractProblemLoader Init config took 2.55s 
134519     INFO  main            d.u.i.k.p.i.AbstractProblemLoader Replaying proof exceptions.key 
134522     DEBUG main            d.u.i.k.p.i.IntermediateProofReplayer Proof replay took 8ns 
134724     INFO  main            d.u.i.k.p.r.p.TestFile    ... finished proof: closed. 
134989     INFO  main            d.u.i.k.p.i.AbstractProblemLoader Loading environment from /home/runner/work/key/key/key.core/../key.ui/examples/standard_key/java_dl/exceptions.key.proof 
134989     DEBUG main            d.u.i.k.p.i.AbstractProblemLoader Environment load took 146.8ns 
134990     INFO  main            d.u.i.k.p.i.AbstractProblemLoader Creating init config 
135011     WARN  main            d.u.i.k.j.r.KeYCrossReferenceNameInfo Datatype java.io.PrintStream declared twice: Once in FILE:/home/runner/work/key/key/key.core/../key.ui/examples/standard_key/java_dl/classpath/PrintStream.java and once in URL:file:/home/runner/work/key/key/key.core/build/resources/main/de/uka/ilkd/key/java/JavaRedux/java/io/PrintStream.java, Keeping one from URL:file:/home/runner/work/key/key/key.core/build/resources/main/de/uka/ilkd/key/java/JavaRedux/java/io/PrintStream.java 
135012     WARN  main            d.u.i.k.j.r.KeYCrossReferenceNameInfo Datatype java.io.InputStream declared twice: Once in FILE:/home/runner/work/key/key/key.core/../key.ui/examples/standard_key/java_dl/classpath/InputStream.java and once in URL:file:/home/runner/work/key/key/key.core/build/resources/main/de/uka/ilkd/key/java/JavaRedux/java/io/InputStream.java, Keeping one from URL:file:/home/runner/work/key/key/key.core/build/resources/main/de/uka/ilkd/key/java/JavaRedux/java/io/InputStream.java 
135012     WARN  main            d.u.i.k.j.r.KeYCrossReferenceNameInfo Datatype java.lang.System declared twice: Once in FILE:/home/runner/work/key/key/key.core/../key.ui/examples/standard_key/java_dl/classpath/System.java and once in URL:file:/home/runner/work/key/key/key.core/build/resources/main/de/uka/ilkd/key/java/JavaRedux/java/lang/System.java, Keeping one from URL:file:/home/runner/work/key/key/key.core/build/resources/main/de/uka/ilkd/key/java/JavaRedux/java/lang/System.java 
135015     DEBUG main            d.u.i.k.j.r.ClassFileDeclarationBuilder Parsing: package java.io; public class Closeable { } 
135015     DEBUG main            r.s.KeYCrossReferenceSourceInfo Dynamically created class: java.io.Closeable 
137385     DEBUG main            d.u.i.k.p.i.AbstractProblemLoader Init config took 2.39s 
137399     INFO  main            d.u.i.k.p.i.AbstractProblemLoader Replaying proof exceptions.key.proof 
137431     DEBUG main            d.u.i.k.p.i.IntermediateProofReplayer Proof replay took 30.07ms 
137432     DEBUG main            d.u.i.k.p.r.p.TestFile    ... success: reloaded. 
137433     INFO  main            d.u.i.k.p.r.p.TestFile    Now processing file /home/runner/work/key/key/key.core/../key.ui/examples/standard_key/java_dl/exceptions1.key 
137433     INFO  main            d.u.i.k.p.i.AbstractProblemLoader Loading environment from /home/runner/work/key/key/key.core/../key.ui/examples/standard_key/java_dl/exceptions1.key 
137434     DEBUG main            d.u.i.k.p.i.AbstractProblemLoader Environment load took 125.7ns 
137435     INFO  main            d.u.i.k.p.i.AbstractProblemLoader Creating init config 
139890     DEBUG main            d.u.i.k.p.i.AbstractProblemLoader Init config took 2.46s 
139905     INFO  main            d.u.i.k.p.i.AbstractProblemLoader Replaying proof exceptions1.key 
139908     DEBUG main            d.u.i.k.p.i.IntermediateProofReplayer Proof replay took 8.1ns 
140010     INFO  main            d.u.i.k.p.r.p.TestFile    ... finished proof: closed. 
140302     INFO  main            d.u.i.k.p.i.AbstractProblemLoader Loading environment from /home/runner/work/key/key/key.core/../key.ui/examples/standard_key/java_dl/exceptions1.key.proof 
140302     DEBUG main            d.u.i.k.p.i.AbstractProblemLoader Environment load took 98.2ns 
140303     INFO  main            d.u.i.k.p.i.AbstractProblemLoader Creating init config 
142667     DEBUG main            d.u.i.k.p.i.AbstractProblemLoader Init config took 2.36s 
142682     INFO  main            d.u.i.k.p.i.AbstractProblemLoader Replaying proof exceptions1.key.proof 
142705     DEBUG main            d.u.i.k.p.i.IntermediateProofReplayer Proof replay took 20.99ms 
142706     DEBUG main            d.u.i.k.p.r.p.TestFile    ... success: reloaded. 
142707     INFO  main            d.u.i.k.p.r.p.TestFile    Now processing file /home/runner/work/key/key/key.core/../key.ui/examples/standard_key/java_dl/exceptions2.key 
142707     INFO  main            d.u.i.k.p.i.AbstractProblemLoader Loading environment from /home/runner/work/key/key/key.core/../key.ui/examples/standard_key/java_dl/exceptions2.key 
142707     DEBUG main            d.u.i.k.p.i.AbstractProblemLoader Environment load took 83.9ns 
142708     INFO  main            d.u.i.k.p.i.AbstractProblemLoader Creating init config 
145106     DEBUG main            d.u.i.k.p.i.AbstractProblemLoader Init config took 2.4s 
145121     INFO  main            d.u.i.k.p.i.AbstractProblemLoader Replaying proof exceptions2.key 
145123     DEBUG main            d.u.i.k.p.i.IntermediateProofReplayer Proof replay took 7.8ns 
145224     INFO  main            d.u.i.k.p.r.p.TestFile    ... finished proof: closed. 
145497     INFO  main            d.u.i.k.p.i.AbstractProblemLoader Loading environment from /home/runner/work/key/key/key.core/../key.ui/examples/standard_key/java_dl/exceptions2.key.proof 
145497     DEBUG main            d.u.i.k.p.i.AbstractProblemLoader Environment load took 92ns 
145498     INFO  main            d.u.i.k.p.i.AbstractProblemLoader Creating init config 
147833     DEBUG main            d.u.i.k.p.i.AbstractProblemLoader Init config took 2.33s 
147848     INFO  main            d.u.i.k.p.i.AbstractProblemLoader Replaying proof exceptions2.key.proof 
147872     DEBUG main            d.u.i.k.p.i.IntermediateProofReplayer Proof replay took 21.45ms 
147873     DEBUG main            d.u.i.k.p.r.p.TestFile    ... success: reloaded. 
147873     INFO  main            d.u.i.k.p.r.p.TestFile    Now processing file /home/runner/work/key/key/key.core/../key.ui/examples/standard_key/java_dl/exceptions3.key 
147874     INFO  main            d.u.i.k.p.i.AbstractProblemLoader Loading environment from /home/runner/work/key/key/key.core/../key.ui/examples/standard_key/java_dl/exceptions3.key 
147874     DEBUG main            d.u.i.k.p.i.AbstractProblemLoader Environment load took 72.2ns 
147875     INFO  main            d.u.i.k.p.i.AbstractProblemLoader Creating init config 
147896     WARN  main            d.u.i.k.j.r.KeYCrossReferenceNameInfo Datatype java.io.PrintStream declared twice: Once in FILE:/home/runner/work/key/key/key.core/../key.ui/examples/standard_key/java_dl/classpath/PrintStream.java and once in URL:file:/home/runner/work/key/key/key.core/build/resources/main/de/uka/ilkd/key/java/JavaRedux/java/io/PrintStream.java, Keeping one from URL:file:/home/runner/work/key/key/key.core/build/resources/main/de/uka/ilkd/key/java/JavaRedux/java/io/PrintStream.java 
147896     WARN  main            d.u.i.k.j.r.KeYCrossReferenceNameInfo Datatype java.io.InputStream declared twice: Once in FILE:/home/runner/work/key/key/key.core/../key.ui/examples/standard_key/java_dl/classpath/InputStream.java and once in URL:file:/home/runner/work/key/key/key.core/build/resources/main/de/uka/ilkd/key/java/JavaRedux/java/io/InputStream.java, Keeping one from URL:file:/home/runner/work/key/key/key.core/build/resources/main/de/uka/ilkd/key/java/JavaRedux/java/io/InputStream.java 
147896     WARN  main            d.u.i.k.j.r.KeYCrossReferenceNameInfo Datatype java.lang.System declared twice: Once in FILE:/home/runner/work/key/key/key.core/../key.ui/examples/standard_key/java_dl/classpath/System.java and once in URL:file:/home/runner/work/key/key/key.core/build/resources/main/de/uka/ilkd/key/java/JavaRedux/java/lang/System.java, Keeping one from URL:file:/home/runner/work/key/key/key.core/build/resources/main/de/uka/ilkd/key/java/JavaRedux/java/lang/System.java 
147899     DEBUG main            d.u.i.k.j.r.ClassFileDeclarationBuilder Parsing: package java.io; public class Closeable { } 
147899     DEBUG main            r.s.KeYCrossReferenceSourceInfo Dynamically created class: java.io.Closeable 
150303     DEBUG main            d.u.i.k.p.i.AbstractProblemLoader Init config took 2.43s 
150317     INFO  main            d.u.i.k.p.i.AbstractProblemLoader Replaying proof exceptions3.key 
150319     DEBUG main            d.u.i.k.p.i.IntermediateProofReplayer Proof replay took 7.5ns 
150421     INFO  main            d.u.i.k.p.r.p.TestFile    ... finished proof: closed. 
150699     INFO  main            d.u.i.k.p.i.AbstractProblemLoader Loading environment from /home/runner/work/key/key/key.core/../key.ui/examples/standard_key/java_dl/exceptions3.key.proof 
150699     DEBUG main            d.u.i.k.p.i.AbstractProblemLoader Environment load took 93.7ns 
150700     INFO  main            d.u.i.k.p.i.AbstractProblemLoader Creating init config 
150724     WARN  main            d.u.i.k.j.r.KeYCrossReferenceNameInfo Datatype java.io.PrintStream declared twice: Once in FILE:/home/runner/work/key/key/key.core/../key.ui/examples/standard_key/java_dl/classpath/PrintStream.java and once in URL:file:/home/runner/work/key/key/key.core/build/resources/main/de/uka/ilkd/key/java/JavaRedux/java/io/PrintStream.java, Keeping one from URL:file:/home/runner/work/key/key/key.core/build/resources/main/de/uka/ilkd/key/java/JavaRedux/java/io/PrintStream.java 
150724     WARN  main            d.u.i.k.j.r.KeYCrossReferenceNameInfo Datatype java.io.InputStream declared twice: Once in FILE:/home/runner/work/key/key/key.core/../key.ui/examples/standard_key/java_dl/classpath/InputStream.java and once in URL:file:/home/runner/work/key/key/key.core/build/resources/main/de/uka/ilkd/key/java/JavaRedux/java/io/InputStream.java, Keeping one from URL:file:/home/runner/work/key/key/key.core/build/resources/main/de/uka/ilkd/key/java/JavaRedux/java/io/InputStream.java 
150724     WARN  main            d.u.i.k.j.r.KeYCrossReferenceNameInfo Datatype java.lang.System declared twice: Once in FILE:/home/runner/work/key/key/key.core/../key.ui/examples/standard_key/java_dl/classpath/System.java and once in URL:file:/home/runner/work/key/key/key.core/build/resources/main/de/uka/ilkd/key/java/JavaRedux/java/lang/System.java, Keeping one from URL:file:/home/runner/work/key/key/key.core/build/resources/main/de/uka/ilkd/key/java/JavaRedux/java/lang/System.java 
150727     DEBUG main            d.u.i.k.j.r.ClassFileDeclarationBuilder Parsing: package java.io; public class Closeable { } 
150727     DEBUG main            r.s.KeYCrossReferenceSourceInfo Dynamically created class: java.io.Closeable 
153097     DEBUG main            d.u.i.k.p.i.AbstractProblemLoader Init config took 2.4s 
153111     INFO  main            d.u.i.k.p.i.AbstractProblemLoader Replaying proof exceptions3.key.proof 
153116     DEBUG main            d.u.i.k.p.i.IntermediateProofReplayer Proof replay took 3ms 
153117     DEBUG main            d.u.i.k.p.r.p.TestFile    ... success: reloaded. 
153117     INFO  main            d.u.i.k.p.r.p.TestFile    Now processing file /home/runner/work/key/key/key.core/../key.ui/examples/standard_key/java_dl/exchange.key 
153118     INFO  main            d.u.i.k.p.i.AbstractProblemLoader Loading environment from /home/runner/work/key/key/key.core/../key.ui/examples/standard_key/java_dl/exchange.key 
153118     DEBUG main            d.u.i.k.p.i.AbstractProblemLoader Environment load took 80.4ns 
153119     INFO  main            d.u.i.k.p.i.AbstractProblemLoader Creating init config 
155520     DEBUG main            d.u.i.k.p.i.AbstractProblemLoader Init config took 2.4s 
155534     INFO  main            d.u.i.k.p.i.AbstractProblemLoader Replaying proof exchange.key 
155535     DEBUG main            d.u.i.k.p.i.IntermediateProofReplayer Proof replay took 6.8ns 
155638     INFO  main            d.u.i.k.p.r.p.TestFile    ... finished proof: closed. 
155920     INFO  main            d.u.i.k.p.i.AbstractProblemLoader Loading environment from /home/runner/work/key/key/key.core/../key.ui/examples/standard_key/java_dl/exchange.key.proof 
155920     DEBUG main            d.u.i.k.p.i.AbstractProblemLoader Environment load took 93.1ns 
155921     INFO  main            d.u.i.k.p.i.AbstractProblemLoader Creating init config 
158239     DEBUG main            d.u.i.k.p.i.AbstractProblemLoader Init config took 2.32s 
158253     INFO  main            d.u.i.k.p.i.AbstractProblemLoader Replaying proof exchange.key.proof 
158258     DEBUG main            d.u.i.k.p.i.IntermediateProofReplayer Proof replay took 2.3ms 
158258     DEBUG main            d.u.i.k.p.r.p.TestFile    ... success: reloaded. 
158259     INFO  main            d.u.i.k.p.r.p.TestFile    Now processing file /home/runner/work/key/key/key.core/../key.ui/examples/standard_key/java_dl/if.key 
158259     INFO  main            d.u.i.k.p.i.AbstractProblemLoader Loading environment from /home/runner/work/key/key/key.core/../key.ui/examples/standard_key/java_dl/if.key 
158259     DEBUG main            d.u.i.k.p.i.AbstractProblemLoader Environment load took 165ns 
158260     INFO  main            d.u.i.k.p.i.AbstractProblemLoader Creating init config 
160629     DEBUG main            d.u.i.k.p.i.AbstractProblemLoader Init config took 2.37s 
160643     INFO  main            d.u.i.k.p.i.AbstractProblemLoader Replaying proof if.key 
160644     DEBUG main            d.u.i.k.p.i.IntermediateProofReplayer Proof replay took 8.5ns 
160746     INFO  main            d.u.i.k.p.r.p.TestFile    ... finished proof: closed. 
161031     INFO  main            d.u.i.k.p.i.AbstractProblemLoader Loading environment from /home/runner/work/key/key/key.core/../key.ui/examples/standard_key/java_dl/if.key.proof 
161031     DEBUG main            d.u.i.k.p.i.AbstractProblemLoader Environment load took 96.7ns 
161032     INFO  main            d.u.i.k.p.i.AbstractProblemLoader Creating init config 
163350     DEBUG main            d.u.i.k.p.i.AbstractProblemLoader Init config took 2.32s 
163364     INFO  main            d.u.i.k.p.i.AbstractProblemLoader Replaying proof if.key.proof 
163368     DEBUG main            d.u.i.k.p.i.IntermediateProofReplayer Proof replay took 2.42ms 
163369     DEBUG main            d.u.i.k.p.r.p.TestFile    ... success: reloaded. 
163370     INFO  main            d.u.i.k.p.r.p.TestFile    Now processing file /home/runner/work/key/key/key.core/../key.ui/examples/standard_key/java_dl/incrementcounter.key 
163370     INFO  main            d.u.i.k.p.i.AbstractProblemLoader Loading environment from /home/runner/work/key/key/key.core/../key.ui/examples/standard_key/java_dl/incrementcounter.key 
163370     DEBUG main            d.u.i.k.p.i.AbstractProblemLoader Environment load took 76.7ns 
163371     INFO  main            d.u.i.k.p.i.AbstractProblemLoader Creating init config 
165744     DEBUG main            d.u.i.k.p.i.AbstractProblemLoader Init config took 2.37s 
165762     INFO  main            d.u.i.k.p.i.AbstractProblemLoader Replaying proof incrementcounter.key 
165763     DEBUG main            d.u.i.k.p.i.IntermediateProofReplayer Proof replay took 8.8ns 
165865     INFO  main            d.u.i.k.p.r.p.TestFile    ... finished proof: closed. 
166157     INFO  main            d.u.i.k.p.i.AbstractProblemLoader Loading environment from /home/runner/work/key/key/key.core/../key.ui/examples/standard_key/java_dl/incrementcounter.key.proof 
166157     DEBUG main            d.u.i.k.p.i.AbstractProblemLoader Environment load took 96.4ns 
166158     INFO  main            d.u.i.k.p.i.AbstractProblemLoader Creating init config 
168503     DEBUG main            d.u.i.k.p.i.AbstractProblemLoader Init config took 2.35s 
168517     INFO  main            d.u.i.k.p.i.AbstractProblemLoader Replaying proof incrementcounter.key.proof 
168521     DEBUG main            d.u.i.k.p.i.IntermediateProofReplayer Proof replay took 2.39ms 
168522     DEBUG main            d.u.i.k.p.r.p.TestFile    ... success: reloaded. 
168523     INFO  main            d.u.i.k.p.r.p.TestFile    Now processing file /home/runner/work/key/key/key.core/../key.ui/examples/standard_key/java_dl/danglingElse.key 
168523     INFO  main            d.u.i.k.p.i.AbstractProblemLoader Loading environment from /home/runner/work/key/key/key.core/../key.ui/examples/standard_key/java_dl/danglingElse.key 
168523     DEBUG main            d.u.i.k.p.i.AbstractProblemLoader Environment load took 166.7ns 
168527     INFO  main            d.u.i.k.p.i.AbstractProblemLoader Creating init config 
170934     DEBUG main            d.u.i.k.p.i.AbstractProblemLoader Init config took 2.41s 
170950     INFO  main            d.u.i.k.p.i.AbstractProblemLoader Replaying proof danglingElse.key 
170953     DEBUG main            d.u.i.k.p.i.IntermediateProofReplayer Proof replay took 7.8ns 
171058     INFO  main            d.u.i.k.p.r.p.TestFile    ... finished proof: open goal(s) 
171361     INFO  main            d.u.i.k.p.r.p.TestFile    Now processing file /home/runner/work/key/key/key.core/../key.ui/examples/standard_key/java_dl/iteratedAssignment.key 
171361     INFO  main            d.u.i.k.p.i.AbstractProblemLoader Loading environment from /home/runner/work/key/key/key.core/../key.ui/examples/standard_key/java_dl/iteratedAssignment.key 
171361     DEBUG main            d.u.i.k.p.i.AbstractProblemLoader Environment load took 48.5ns 
171362     INFO  main            d.u.i.k.p.i.AbstractProblemLoader Creating init config 
173682     DEBUG main            d.u.i.k.p.i.AbstractProblemLoader Init config took 2.32s 
173706     INFO  main            d.u.i.k.p.i.AbstractProblemLoader Replaying proof iteratedAssignment.key 
173708     DEBUG main            d.u.i.k.p.i.IntermediateProofReplayer Proof replay took 8ns 
174011     INFO  main            d.u.i.k.p.r.p.TestFile    ... finished proof: closed. 
174318     INFO  main            d.u.i.k.p.i.AbstractProblemLoader Loading environment from /home/runner/work/key/key/key.core/../key.ui/examples/standard_key/java_dl/iteratedAssignment.key.proof 
174318     DEBUG main            d.u.i.k.p.i.AbstractProblemLoader Environment load took 86.4ns 
174319     INFO  main            d.u.i.k.p.i.AbstractProblemLoader Creating init config 
176642     DEBUG main            d.u.i.k.p.i.AbstractProblemLoader Init config took 2.32s 
176667     INFO  main            d.u.i.k.p.i.AbstractProblemLoader Replaying proof iteratedAssignment.key.proof 
176715     DEBUG main            d.u.i.k.p.i.IntermediateProofReplayer Proof replay took 45.01ms 
176716     DEBUG main            d.u.i.k.p.r.p.TestFile    ... success: reloaded. 
176717     INFO  main            d.u.i.k.p.r.p.TestFile    Now processing file /home/runner/work/key/key/key.core/../key.ui/examples/standard_key/java_dl/assert/assert1.key 
176717     INFO  main            d.u.i.k.p.i.AbstractProblemLoader Loading environment from /home/runner/work/key/key/key.core/../key.ui/examples/standard_key/java_dl/assert/assert1.key 
176717     DEBUG main            d.u.i.k.p.i.AbstractProblemLoader Environment load took 72.3ns 
176718     INFO  main            d.u.i.k.p.i.AbstractProblemLoader Creating init config 
179140     DEBUG main            d.u.i.k.p.i.AbstractProblemLoader Init config took 2.42s 
179172     INFO  main            d.u.i.k.p.i.AbstractProblemLoader Replaying proof C[C::foo()].JML normal_behavior operation contract.0 
179174     DEBUG main            d.u.i.k.p.i.IntermediateProofReplayer Proof replay took 7.3ns 
179376     INFO  main            d.u.i.k.p.r.p.TestFile    ... finished proof: open goal(s) 
179715     INFO  main            d.u.i.k.p.r.p.TestFile    Now processing file /home/runner/work/key/key/key.core/../key.ui/examples/standard_key/java_dl/assert/assert2.key 
179716     INFO  main            d.u.i.k.p.i.AbstractProblemLoader Loading environment from /home/runner/work/key/key/key.core/../key.ui/examples/standard_key/java_dl/assert/assert2.key 
179716     DEBUG main            d.u.i.k.p.i.AbstractProblemLoader Environment load took 75.6ns 
179717     INFO  main            d.u.i.k.p.i.AbstractProblemLoader Creating init config 
182110     DEBUG main            d.u.i.k.p.i.AbstractProblemLoader Init config took 2.39s 
182142     INFO  main            d.u.i.k.p.i.AbstractProblemLoader Replaying proof C[C::bar()].JML exceptional_behavior operation contract.0 
182144     DEBUG main            d.u.i.k.p.i.IntermediateProofReplayer Proof replay took 7.3ns 
182349     INFO  main            d.u.i.k.p.r.p.TestFile    ... finished proof: closed. 
182658     INFO  main            d.u.i.k.p.i.AbstractProblemLoader Loading environment from /home/runner/work/key/key/key.core/../key.ui/examples/standard_key/java_dl/assert/assert2.key.proof 
182658     DEBUG main            d.u.i.k.p.i.AbstractProblemLoader Environment load took 91.4ns 
182659     INFO  main            d.u.i.k.p.i.AbstractProblemLoader Creating init config 
185054     DEBUG main            d.u.i.k.p.i.AbstractProblemLoader Init config took 2.39s 
185088     INFO  main            d.u.i.k.p.i.AbstractProblemLoader Replaying proof C[C::bar()].JML exceptional_behavior operation contract.0 
185136     DEBUG main            d.u.i.k.p.i.IntermediateProofReplayer Proof replay took 38.21ms 
185137     DEBUG main            d.u.i.k.p.r.p.TestFile    ... success: reloaded. 
185138     INFO  main            d.u.i.k.p.r.p.TestFile    Now processing file /home/runner/work/key/key/key.core/../key.ui/examples/standard_key/java_dl/assert/assert3.key 
185139     INFO  main            d.u.i.k.p.i.AbstractProblemLoader Loading environment from /home/runner/work/key/key/key.core/../key.ui/examples/standard_key/java_dl/assert/assert3.key 
185139     DEBUG main            d.u.i.k.p.i.AbstractProblemLoader Environment load took 67.2ns 
185140     INFO  main            d.u.i.k.p.i.AbstractProblemLoader Creating init config 
187598     DEBUG main            d.u.i.k.p.i.AbstractProblemLoader Init config took 2.46s 
187639     INFO  main            d.u.i.k.p.i.AbstractProblemLoader Replaying proof C[C::foo()].JML normal_behavior operation contract.0 
187648     DEBUG main            d.u.i.k.p.i.IntermediateProofReplayer Proof replay took 9.3ns 
187750     INFO  main            d.u.i.k.p.r.p.TestFile    ... finished proof: open goal(s) 
188075     INFO  main            d.u.i.k.p.r.p.TestFile    Now processing file /home/runner/work/key/key/key.core/../key.ui/examples/standard_key/java_dl/java5/vararg.key 
188075     INFO  main            d.u.i.k.p.i.AbstractProblemLoader Loading environment from /home/runner/work/key/key/key.core/../key.ui/examples/standard_key/java_dl/java5/vararg.key 
188075     DEBUG main            d.u.i.k.p.i.AbstractProblemLoader Environment load took 60.2ns 
188077     INFO  main            d.u.i.k.p.i.AbstractProblemLoader Creating init config 
188958     DEBUG main            d.u.i.k.j.r.ClassPreparationMethodBuilder clPrepBuilder: Inner Class detected. Reject building class initialisation methods. 
190848     DEBUG main            d.u.i.k.p.i.AbstractProblemLoader Init config took 2.77s 
190875     INFO  main            d.u.i.k.p.i.AbstractProblemLoader Replaying proof vararg.key 
190877     DEBUG main            d.u.i.k.p.i.IntermediateProofReplayer Proof replay took 8.7ns 
192184     INFO  main            d.u.i.k.p.r.p.TestFile    ... finished proof: closed. 
192589     INFO  main            d.u.i.k.p.i.AbstractProblemLoader Loading environment from /home/runner/work/key/key/key.core/../key.ui/examples/standard_key/java_dl/java5/vararg.key.proof 
192589     DEBUG main            d.u.i.k.p.i.AbstractProblemLoader Environment load took 110.1ns 
192591     INFO  main            d.u.i.k.p.i.AbstractProblemLoader Creating init config 
193430     DEBUG main            d.u.i.k.j.r.ClassPreparationMethodBuilder clPrepBuilder: Inner Class detected. Reject building class initialisation methods. 
195241     DEBUG main            d.u.i.k.p.i.AbstractProblemLoader Init config took 2.65s 
195265     INFO  main            d.u.i.k.p.i.AbstractProblemLoader Replaying proof vararg.key.proof 
195525     DEBUG main            d.u.i.k.p.i.IntermediateProofReplayer Proof replay took 247.95ms 
195526     DEBUG main            d.u.i.k.p.r.p.TestFile    ... success: reloaded. 
195527     INFO  main            d.u.i.k.p.r.p.TestFile    Now processing file /home/runner/work/key/key/key.core/../key.ui/examples/standard_key/java_dl/java5/for_Array.key 
195527     INFO  main            d.u.i.k.p.i.AbstractProblemLoader Loading environment from /home/runner/work/key/key/key.core/../key.ui/examples/standard_key/java_dl/java5/for_Array.key 
195527     DEBUG main            d.u.i.k.p.i.AbstractProblemLoader Environment load took 83.6ns 
195528     INFO  main            d.u.i.k.p.i.AbstractProblemLoader Creating init config 
196402     DEBUG main            d.u.i.k.j.r.ClassPreparationMethodBuilder clPrepBuilder: Inner Class detected. Reject building class initialisation methods. 
198314     DEBUG main            d.u.i.k.p.i.AbstractProblemLoader Init config took 2.79s 
198385     INFO  main            d.u.i.k.p.i.AbstractProblemLoader Replaying proof For[For::sum([I)].JML operation contract.0 
198387     DEBUG main            d.u.i.k.p.i.IntermediateProofReplayer Proof replay took 15.6ns 
198790     INFO  main            d.u.i.k.p.r.p.TestFile    ... finished proof: closed. 
199190     INFO  main            d.u.i.k.p.i.AbstractProblemLoader Loading environment from /home/runner/work/key/key/key.core/../key.ui/examples/standard_key/java_dl/java5/for_Array.key.proof 
199191     DEBUG main            d.u.i.k.p.i.AbstractProblemLoader Environment load took 98.6ns 
199192     INFO  main            d.u.i.k.p.i.AbstractProblemLoader Creating init config 
200009     DEBUG main            d.u.i.k.j.r.ClassPreparationMethodBuilder clPrepBuilder: Inner Class detected. Reject building class initialisation methods. 
201803     DEBUG main            d.u.i.k.p.i.AbstractProblemLoader Init config took 2.61s 
201851     INFO  main            d.u.i.k.p.i.AbstractProblemLoader Replaying proof For[For::sum([I)].JML operation contract.0 
201920     DEBUG main            d.u.i.k.p.i.IntermediateProofReplayer Proof replay took 66.04ms 
201921     DEBUG main            d.u.i.k.p.r.p.TestFile    ... success: reloaded. 
201922     INFO  main            d.u.i.k.p.r.p.TestFile    Now processing file /home/runner/work/key/key/key.core/../key.ui/examples/standard_key/java_dl/java5/for_Iterable.key 
201922     INFO  main            d.u.i.k.p.i.AbstractProblemLoader Loading environment from /home/runner/work/key/key/key.core/../key.ui/examples/standard_key/java_dl/java5/for_Iterable.key 
201923     DEBUG main            d.u.i.k.p.i.AbstractProblemLoader Environment load took 84.3ns 
201923     INFO  main            d.u.i.k.p.i.AbstractProblemLoader Creating init config 
202769     DEBUG main            d.u.i.k.j.r.ClassPreparationMethodBuilder clPrepBuilder: Inner Class detected. Reject building class initialisation methods. 
204598     DEBUG main            d.u.i.k.p.i.AbstractProblemLoader Init config took 2.67s 
204645     INFO  main            d.u.i.k.p.i.AbstractProblemLoader Replaying proof For[For::infiniteLoop(For)].JML operation contract.0 
204647     DEBUG main            d.u.i.k.p.i.IntermediateProofReplayer Proof replay took 8.6ns 
204849     INFO  main            d.u.i.k.p.r.p.TestFile    ... finished proof: closed. 
205203     INFO  main            d.u.i.k.p.i.AbstractProblemLoader Loading environment from /home/runner/work/key/key/key.core/../key.ui/examples/standard_key/java_dl/java5/for_Iterable.key.proof 
205203     DEBUG main            d.u.i.k.p.i.AbstractProblemLoader Environment load took 95.4ns 
205204     INFO  main            d.u.i.k.p.i.AbstractProblemLoader Creating init config 
206012     DEBUG main            d.u.i.k.j.r.ClassPreparationMethodBuilder clPrepBuilder: Inner Class detected. Reject building class initialisation methods. 
207797     DEBUG main            d.u.i.k.p.i.AbstractProblemLoader Init config took 2.59s 
207844     INFO  main            d.u.i.k.p.i.AbstractProblemLoader Replaying proof For[For::infiniteLoop(For)].JML operation contract.0 
207886     DEBUG main            d.u.i.k.p.i.IntermediateProofReplayer Proof replay took 39.53ms 
207887     DEBUG main            d.u.i.k.p.r.p.TestFile    ... success: reloaded. 
207888     INFO  main            d.u.i.k.p.r.p.TestFile    Now processing file /home/runner/work/key/key/key.core/../key.ui/examples/standard_key/java_dl/java5/for_ReferenceArray.key 
207888     INFO  main            d.u.i.k.p.i.AbstractProblemLoader Loading environment from /home/runner/work/key/key/key.core/../key.ui/examples/standard_key/java_dl/java5/for_ReferenceArray.key 
207888     DEBUG main            d.u.i.k.p.i.AbstractProblemLoader Environment load took 67.4ns 
207889     INFO  main            d.u.i.k.p.i.AbstractProblemLoader Creating init config 
208728     DEBUG main            d.u.i.k.j.r.ClassPreparationMethodBuilder clPrepBuilder: Inner Class detected. Reject building class initialisation methods. 
210526     DEBUG main            d.u.i.k.p.i.AbstractProblemLoader Init config took 2.64s 
210572     INFO  main            d.u.i.k.p.i.AbstractProblemLoader Replaying proof ForReferenceArray[ForReferenceArray::foo([Ljava.lang.Object)].JML operation contract.0 
210574     DEBUG main            d.u.i.k.p.i.IntermediateProofReplayer Proof replay took 8.6ns 
210877     INFO  main            d.u.i.k.p.r.p.TestFile    ... finished proof: closed. 
211233     INFO  main            d.u.i.k.p.i.AbstractProblemLoader Loading environment from /home/runner/work/key/key/key.core/../key.ui/examples/standard_key/java_dl/java5/for_ReferenceArray.key.proof 
211233     DEBUG main            d.u.i.k.p.i.AbstractProblemLoader Environment load took 109.4ns 
211234     INFO  main            d.u.i.k.p.i.AbstractProblemLoader Creating init config 
212045     DEBUG main            d.u.i.k.j.r.ClassPreparationMethodBuilder clPrepBuilder: Inner Class detected. Reject building class initialisation methods. 
213859     DEBUG main            d.u.i.k.p.i.AbstractProblemLoader Init config took 2.63s 
213911     INFO  main            d.u.i.k.p.i.AbstractProblemLoader Replaying proof ForReferenceArray[ForReferenceArray::foo([Ljava.lang.Object)].JML operation contract.0 
213959     DEBUG main            d.u.i.k.p.i.IntermediateProofReplayer Proof replay took 43.95ms 
213960     DEBUG main            d.u.i.k.p.r.p.TestFile    ... success: reloaded. 
213961     INFO  main            d.u.i.k.p.r.p.TestFile    Now processing file /home/runner/work/key/key/key.core/../key.ui/examples/standard_key/java_dl/jml-bigint/cast.key 
213961     INFO  main            d.u.i.k.p.i.AbstractProblemLoader Loading environment from /home/runner/work/key/key/key.core/../key.ui/examples/standard_key/java_dl/jml-bigint/cast.key 
213961     DEBUG main            d.u.i.k.p.i.AbstractProblemLoader Environment load took 72.5ns 
213962     INFO  main            d.u.i.k.p.i.AbstractProblemLoader Creating init config 
216545     DEBUG main            d.u.i.k.p.i.AbstractProblemLoader Init config took 2.58s 
216584     INFO  main            d.u.i.k.p.i.AbstractProblemLoader Replaying proof Mult[Mult::cast()].JML operation contract.0 
216587     DEBUG main            d.u.i.k.p.i.IntermediateProofReplayer Proof replay took 9.5ns 
216689     INFO  main            d.u.i.k.p.r.p.TestFile    ... finished proof: closed. 
217063     INFO  main            d.u.i.k.p.i.AbstractProblemLoader Loading environment from /home/runner/work/key/key/key.core/../key.ui/examples/standard_key/java_dl/jml-bigint/cast.key.proof 
217063     DEBUG main            d.u.i.k.p.i.AbstractProblemLoader Environment load took 96.2ns 
217065     INFO  main            d.u.i.k.p.i.AbstractProblemLoader Creating init config 
219587     DEBUG main            d.u.i.k.p.i.AbstractProblemLoader Init config took 2.52s 
219622     INFO  main            d.u.i.k.p.i.AbstractProblemLoader Replaying proof Mult[Mult::cast()].JML operation contract.0 
219633     DEBUG main            d.u.i.k.p.i.IntermediateProofReplayer Proof replay took 9.59ms 
219634     DEBUG main            d.u.i.k.p.r.p.TestFile    ... success: reloaded. 
219635     INFO  main            d.u.i.k.p.r.p.TestFile    Now processing file /home/runner/work/key/key/key.core/../key.ui/examples/standard_key/java_dl/jml-free/loopInvFree.key 
219635     INFO  main            d.u.i.k.p.i.AbstractProblemLoader Loading environment from /home/runner/work/key/key/key.core/../key.ui/examples/standard_key/java_dl/jml-free/loopInvFree.key 
219635     DEBUG main            d.u.i.k.p.i.AbstractProblemLoader Environment load took 104ns 
219636     INFO  main            d.u.i.k.p.i.AbstractProblemLoader Creating init config 
222115     DEBUG main            d.u.i.k.p.i.AbstractProblemLoader Init config took 2.48s 
222147     INFO  main            d.u.i.k.p.i.AbstractProblemLoader Replaying proof LoopInvFree[LoopInvFree::test()].JML operation contract.0 
222148     DEBUG main            d.u.i.k.p.i.IntermediateProofReplayer Proof replay took 9.4ns 
222350     INFO  main            d.u.i.k.p.r.p.TestFile    ... finished proof: closed. 
222716     INFO  main            d.u.i.k.p.i.AbstractProblemLoader Loading environment from /home/runner/work/key/key/key.core/../key.ui/examples/standard_key/java_dl/jml-free/loopInvFree.key.proof 
222716     DEBUG main            d.u.i.k.p.i.AbstractProblemLoader Environment load took 92.2ns 
222717     INFO  main            d.u.i.k.p.i.AbstractProblemLoader Creating init config 
225137     DEBUG main            d.u.i.k.p.i.AbstractProblemLoader Init config took 2.42s 
225178     INFO  main            d.u.i.k.p.i.AbstractProblemLoader Replaying proof LoopInvFree[LoopInvFree::test()].JML operation contract.0 
225212     DEBUG main            d.u.i.k.p.i.IntermediateProofReplayer Proof replay took 31.75ms 
225212     DEBUG main            d.u.i.k.p.r.p.TestFile    ... success: reloaded. 
225213     INFO  main            d.u.i.k.p.r.p.TestFile    Now processing file /home/runner/work/key/key/key.core/../key.ui/examples/standard_key/java_dl/jml-free/ensuresFree.key 
225214     INFO  main            d.u.i.k.p.i.AbstractProblemLoader Loading environment from /home/runner/work/key/key/key.core/../key.ui/examples/standard_key/java_dl/jml-free/ensuresFree.key 
225214     DEBUG main            d.u.i.k.p.i.AbstractProblemLoader Environment load took 79.6ns 
225214     INFO  main            d.u.i.k.p.i.AbstractProblemLoader Creating init config 
227665     DEBUG main            d.u.i.k.p.i.AbstractProblemLoader Init config took 2.45s 
227696     INFO  main            d.u.i.k.p.i.AbstractProblemLoader Replaying proof EnsuresFree[EnsuresFree::test()].JML operation contract.0 
227698     DEBUG main            d.u.i.k.p.i.IntermediateProofReplayer Proof replay took 8.4ns 
227805     INFO  main            d.u.i.k.p.r.p.TestFile    ... finished proof: closed. 
228174     INFO  main            d.u.i.k.p.i.AbstractProblemLoader Loading environment from /home/runner/work/key/key/key.core/../key.ui/examples/standard_key/java_dl/jml-free/ensuresFree.key.proof 
228174     DEBUG main            d.u.i.k.p.i.AbstractProblemLoader Environment load took 89.1ns 
228175     INFO  main            d.u.i.k.p.i.AbstractProblemLoader Creating init config 
230590     DEBUG main            d.u.i.k.p.i.AbstractProblemLoader Init config took 2.41s 
230622     INFO  main            d.u.i.k.p.i.AbstractProblemLoader Replaying proof EnsuresFree[EnsuresFree::test()].JML operation contract.0 
230638     DEBUG main            d.u.i.k.p.i.IntermediateProofReplayer Proof replay took 13.56ms 
230638     DEBUG main            d.u.i.k.p.r.p.TestFile    ... success: reloaded. 
230639     INFO  main            d.u.i.k.p.r.p.TestFile    Now processing file /home/runner/work/key/key/key.core/../key.ui/examples/standard_key/java_dl/jml-information-flow.key 
230640     INFO  main            d.u.i.k.p.i.AbstractProblemLoader Loading environment from /home/runner/work/key/key/key.core/../key.ui/examples/standard_key/java_dl/jml-information-flow.key 
230640     DEBUG main            d.u.i.k.p.i.AbstractProblemLoader Environment load took 83.4ns 
230645     INFO  main            d.u.i.k.p.i.AbstractProblemLoader Creating init config 
233370     DEBUG main            d.u.i.k.p.i.AbstractProblemLoader Init config took 2.72s 
233388     INFO  main            d.u.i.k.p.i.AbstractProblemLoader Replaying proof jml-information-flow.key 
233390     DEBUG main            d.u.i.k.p.i.IntermediateProofReplayer Proof replay took 8.7ns 
366194     INFO  main            d.u.i.k.p.r.p.TestFile    ... finished proof: closed. 
366795     INFO  main            d.u.i.k.p.i.AbstractProblemLoader Loading environment from /home/runner/work/key/key/key.core/../key.ui/examples/standard_key/java_dl/jml-information-flow.key.proof 
366795     DEBUG main            d.u.i.k.p.i.AbstractProblemLoader Environment load took 365.5ns 
366805     INFO  main            d.u.i.k.p.i.AbstractProblemLoader Creating init config 
369365     DEBUG main            d.u.i.k.p.i.AbstractProblemLoader Init config took 2.56s 
369385     INFO  main            d.u.i.k.p.i.AbstractProblemLoader Replaying proof jml-information-flow.key.proof 
372312     DEBUG main            d.u.i.k.p.i.IntermediateProofReplayer Proof replay took 2.78s 
372321     DEBUG main            d.u.i.k.p.r.p.TestFile    ... success: reloaded. 
372321     INFO  main            d.u.i.k.p.r.p.TestFile    Now processing file /home/runner/work/key/key/key.core/../key.ui/examples/standard_key/java_dl/jml-min/min-unprovable1.key 
372322     INFO  main            d.u.i.k.p.i.AbstractProblemLoader Loading environment from /home/runner/work/key/key/key.core/../key.ui/examples/standard_key/java_dl/jml-min/min-unprovable1.key 
372322     DEBUG main            d.u.i.k.p.i.AbstractProblemLoader Environment load took 54.7ns 
372322     INFO  main            d.u.i.k.p.i.AbstractProblemLoader Creating init config 
375001     DEBUG main            d.u.i.k.p.i.AbstractProblemLoader Init config took 2.68s 
375034     INFO  main            d.u.i.k.p.i.AbstractProblemLoader Replaying proof Min[Min::foo()].JML operation contract.0 
375035     DEBUG main            d.u.i.k.p.i.IntermediateProofReplayer Proof replay took 8.2ns 
375138     INFO  main            d.u.i.k.p.r.p.TestFile    ... finished proof: open goal(s) 
375689     INFO  main            d.u.i.k.p.r.p.TestFile    Now processing file /home/runner/work/key/key/key.core/../key.ui/examples/standard_key/java_dl/jml-min/min-unprovable2.key 
375689     INFO  main            d.u.i.k.p.i.AbstractProblemLoader Loading environment from /home/runner/work/key/key/key.core/../key.ui/examples/standard_key/java_dl/jml-min/min-unprovable2.key 
375689     DEBUG main            d.u.i.k.p.i.AbstractProblemLoader Environment load took 48.3ns 
375690     INFO  main            d.u.i.k.p.i.AbstractProblemLoader Creating init config 
378081     DEBUG main            d.u.i.k.p.i.AbstractProblemLoader Init config took 2.39s 
378112     INFO  main            d.u.i.k.p.i.AbstractProblemLoader Replaying proof Min[Min::foo2()].JML operation contract.0 
378113     DEBUG main            d.u.i.k.p.i.IntermediateProofReplayer Proof replay took 7.5ns 
378215     INFO  main            d.u.i.k.p.r.p.TestFile    ... finished proof: open goal(s) 
378599     INFO  main            d.u.i.k.p.r.p.TestFile    Now processing file /home/runner/work/key/key/key.core/../key.ui/examples/standard_key/java_dl/methodCall.key 
378599     INFO  main            d.u.i.k.p.i.AbstractProblemLoader Loading environment from /home/runner/work/key/key/key.core/../key.ui/examples/standard_key/java_dl/methodCall.key 
378599     DEBUG main            d.u.i.k.p.i.AbstractProblemLoader Environment load took 46.9ns 
378600     INFO  main            d.u.i.k.p.i.AbstractProblemLoader Creating init config 
381110     DEBUG main            d.u.i.k.p.i.AbstractProblemLoader Init config took 2.51s 
381125     INFO  main            d.u.i.k.p.i.AbstractProblemLoader Replaying proof methodCall.key 
381126     DEBUG main            d.u.i.k.p.i.IntermediateProofReplayer Proof replay took 9ns 
381229     INFO  main            d.u.i.k.p.r.p.TestFile    ... finished proof: closed. 
381608     INFO  main            d.u.i.k.p.i.AbstractProblemLoader Loading environment from /home/runner/work/key/key/key.core/../key.ui/examples/standard_key/java_dl/methodCall.key.proof 
381609     DEBUG main            d.u.i.k.p.i.AbstractProblemLoader Environment load took 91.1ns 
381610     INFO  main            d.u.i.k.p.i.AbstractProblemLoader Creating init config 
384246     DEBUG main            d.u.i.k.p.i.AbstractProblemLoader Init config took 2.64s 
384262     INFO  main            d.u.i.k.p.i.AbstractProblemLoader Replaying proof methodCall.key.proof 
384266     DEBUG main            d.u.i.k.p.i.IntermediateProofReplayer Proof replay took 1.81ms 
384266     DEBUG main            d.u.i.k.p.r.p.TestFile    ... success: reloaded. 
384267     INFO  main            d.u.i.k.p.r.p.TestFile    Now processing file /home/runner/work/key/key/key.core/../key.ui/examples/standard_key/java_dl/methodCall1.key 
384267     INFO  main            d.u.i.k.p.i.AbstractProblemLoader Loading environment from /home/runner/work/key/key/key.core/../key.ui/examples/standard_key/java_dl/methodCall1.key 
384268     DEBUG main            d.u.i.k.p.i.AbstractProblemLoader Environment load took 462.5ns 
384270     INFO  main            d.u.i.k.p.i.AbstractProblemLoader Creating init config 
386689     DEBUG main            d.u.i.k.p.i.AbstractProblemLoader Init config took 2.42s 
386703     INFO  main            d.u.i.k.p.i.AbstractProblemLoader Replaying proof methodCall1.key 
386704     DEBUG main            d.u.i.k.p.i.IntermediateProofReplayer Proof replay took 7.9ns 
386806     INFO  main            d.u.i.k.p.r.p.TestFile    ... finished proof: closed. 
387195     INFO  main            d.u.i.k.p.i.AbstractProblemLoader Loading environment from /home/runner/work/key/key/key.core/../key.ui/examples/standard_key/java_dl/methodCall1.key.proof 
387195     DEBUG main            d.u.i.k.p.i.AbstractProblemLoader Environment load took 104.1ns 
387196     INFO  main            d.u.i.k.p.i.AbstractProblemLoader Creating init config 
389583     DEBUG main            d.u.i.k.p.i.AbstractProblemLoader Init config took 2.39s 
389597     INFO  main            d.u.i.k.p.i.AbstractProblemLoader Replaying proof methodCall1.key.proof 
389609     DEBUG main            d.u.i.k.p.i.IntermediateProofReplayer Proof replay took 9.31ms 
389610     DEBUG main            d.u.i.k.p.r.p.TestFile    ... success: reloaded. 
389610     INFO  main            d.u.i.k.p.r.p.TestFile    Now processing file /home/runner/work/key/key/key.core/../key.ui/examples/standard_key/java_dl/methodCall1box.key 
389610     INFO  main            d.u.i.k.p.i.AbstractProblemLoader Loading environment from /home/runner/work/key/key/key.core/../key.ui/examples/standard_key/java_dl/methodCall1box.key 
389610     DEBUG main            d.u.i.k.p.i.AbstractProblemLoader Environment load took 74.4ns 
389611     INFO  main            d.u.i.k.p.i.AbstractProblemLoader Creating init config 
392037     DEBUG main            d.u.i.k.p.i.AbstractProblemLoader Init config took 2.43s 
392051     INFO  main            d.u.i.k.p.i.AbstractProblemLoader Replaying proof methodCall1box.key 
392053     DEBUG main            d.u.i.k.p.i.IntermediateProofReplayer Proof replay took 10.2ns 
392154     INFO  main            d.u.i.k.p.r.p.TestFile    ... finished proof: closed. 
392561     INFO  main            d.u.i.k.p.i.AbstractProblemLoader Loading environment from /home/runner/work/key/key/key.core/../key.ui/examples/standard_key/java_dl/methodCall1box.key.proof 
392561     DEBUG main            d.u.i.k.p.i.AbstractProblemLoader Environment load took 91.7ns 
392562     INFO  main            d.u.i.k.p.i.AbstractProblemLoader Creating init config 
394975     DEBUG main            d.u.i.k.p.i.AbstractProblemLoader Init config took 2.41s 
394989     INFO  main            d.u.i.k.p.i.AbstractProblemLoader Replaying proof methodCall1box.key.proof 
395001     DEBUG main            d.u.i.k.p.i.IntermediateProofReplayer Proof replay took 9.63ms 
395002     DEBUG main            d.u.i.k.p.r.p.TestFile    ... success: reloaded. 
395002     INFO  main            d.u.i.k.p.r.p.TestFile    Now processing file /home/runner/work/key/key/key.core/../key.ui/examples/standard_key/java_dl/methodCall3.key 
395003     INFO  main            d.u.i.k.p.i.AbstractProblemLoader Loading environment from /home/runner/work/key/key/key.core/../key.ui/examples/standard_key/java_dl/methodCall3.key 
395003     DEBUG main            d.u.i.k.p.i.AbstractProblemLoader Environment load took 75.9ns 
395004     INFO  main            d.u.i.k.p.i.AbstractProblemLoader Creating init config 
397451     DEBUG main            d.u.i.k.p.i.AbstractProblemLoader Init config took 2.45s 
397466     INFO  main            d.u.i.k.p.i.AbstractProblemLoader Replaying proof methodCall3.key 
397467     DEBUG main            d.u.i.k.p.i.IntermediateProofReplayer Proof replay took 8.6ns 
397569     INFO  main            d.u.i.k.p.r.p.TestFile    ... finished proof: closed. 
397984     INFO  main            d.u.i.k.p.i.AbstractProblemLoader Loading environment from /home/runner/work/key/key/key.core/../key.ui/examples/standard_key/java_dl/methodCall3.key.proof 
397984     DEBUG main            d.u.i.k.p.i.AbstractProblemLoader Environment load took 109.7ns 
397985     INFO  main            d.u.i.k.p.i.AbstractProblemLoader Creating init config 
400396     DEBUG main            d.u.i.k.p.i.AbstractProblemLoader Init config took 2.41s 
400410     INFO  main            d.u.i.k.p.i.AbstractProblemLoader Replaying proof methodCall3.key.proof 
400418     DEBUG main            d.u.i.k.p.i.IntermediateProofReplayer Proof replay took 6.19ms 
400419     DEBUG main            d.u.i.k.p.r.p.TestFile    ... success: reloaded. 
400419     INFO  main            d.u.i.k.p.r.p.TestFile    Now processing file /home/runner/work/key/key/key.core/../key.ui/examples/standard_key/java_dl/polishFlagSort.key 
400420     INFO  main            d.u.i.k.p.i.AbstractProblemLoader Loading environment from /home/runner/work/key/key/key.core/../key.ui/examples/standard_key/java_dl/polishFlagSort.key 
400420     DEBUG main            d.u.i.k.p.i.AbstractProblemLoader Environment load took 106.7ns 
400421     INFO  main            d.u.i.k.p.i.AbstractProblemLoader Creating init config 
402879     DEBUG main            d.u.i.k.p.i.AbstractProblemLoader Init config took 2.46s 
402894     INFO  main            d.u.i.k.p.i.AbstractProblemLoader Replaying proof polishFlagSort.key 
402895     DEBUG main            d.u.i.k.p.i.IntermediateProofReplayer Proof replay took 7.5ns 
405204     INFO  main            d.u.i.k.p.r.p.TestFile    ... finished proof: closed. 
405661     INFO  main            d.u.i.k.p.i.AbstractProblemLoader Loading environment from /home/runner/work/key/key/key.core/../key.ui/examples/standard_key/java_dl/polishFlagSort.key.proof 
405662     DEBUG main            d.u.i.k.p.i.AbstractProblemLoader Environment load took 327.8ns 
405664     INFO  main            d.u.i.k.p.i.AbstractProblemLoader Creating init config 
408084     DEBUG main            d.u.i.k.p.i.AbstractProblemLoader Init config took 2.42s 
408099     INFO  main            d.u.i.k.p.i.AbstractProblemLoader Replaying proof polishFlagSort.key.proof 
408337     DEBUG main            d.u.i.k.p.i.IntermediateProofReplayer Proof replay took 227.68ms 
408339     DEBUG main            d.u.i.k.p.r.p.TestFile    ... success: reloaded. 
408340     INFO  main            d.u.i.k.p.r.p.TestFile    Now processing file /home/runner/work/key/key/key.core/../key.ui/examples/standard_key/java_dl/postConditionTaclets1.key 
408340     INFO  main            d.u.i.k.p.i.AbstractProblemLoader Loading environment from /home/runner/work/key/key/key.core/../key.ui/examples/standard_key/java_dl/postConditionTaclets1.key 
408340     DEBUG main            d.u.i.k.p.i.AbstractProblemLoader Environment load took 46.5ns 
408341     INFO  main            d.u.i.k.p.i.AbstractProblemLoader Creating init config 
410753     DEBUG main            d.u.i.k.p.i.AbstractProblemLoader Init config took 2.41s 
410767     INFO  main            d.u.i.k.p.i.AbstractProblemLoader Replaying proof postConditionTaclets1.key 
410769     DEBUG main            d.u.i.k.p.i.IntermediateProofReplayer Proof replay took 8.6ns 
410874     INFO  main            d.u.i.k.p.r.p.TestFile    ... finished proof: closed. 
411348     INFO  main            d.u.i.k.p.i.AbstractProblemLoader Loading environment from /home/runner/work/key/key/key.core/../key.ui/examples/standard_key/java_dl/postConditionTaclets1.key.proof 
411349     DEBUG main            d.u.i.k.p.i.AbstractProblemLoader Environment load took 86.8ns 
411349     INFO  main            d.u.i.k.p.i.AbstractProblemLoader Creating init config 
413697     DEBUG main            d.u.i.k.p.i.AbstractProblemLoader Init config took 2.35s 
413714     INFO  main            d.u.i.k.p.i.AbstractProblemLoader Replaying proof postConditionTaclets1.key.proof 
413716     DEBUG main            d.u.i.k.p.i.IntermediateProofReplayer Proof replay took 294ns 
413716     DEBUG main            d.u.i.k.p.r.p.TestFile    ... success: reloaded. 
413717     INFO  main            d.u.i.k.p.r.p.TestFile    Now processing file /home/runner/work/key/key/key.core/../key.ui/examples/standard_key/java_dl/postConditionTaclets2.key 
413717     INFO  main            d.u.i.k.p.i.AbstractProblemLoader Loading environment from /home/runner/work/key/key/key.core/../key.ui/examples/standard_key/java_dl/postConditionTaclets2.key 
413717     DEBUG main            d.u.i.k.p.i.AbstractProblemLoader Environment load took 46.1ns 
413718     INFO  main            d.u.i.k.p.i.AbstractProblemLoader Creating init config 
416107     DEBUG main            d.u.i.k.p.i.AbstractProblemLoader Init config took 2.39s 
416121     INFO  main            d.u.i.k.p.i.AbstractProblemLoader Replaying proof postConditionTaclets2.key 
416123     DEBUG main            d.u.i.k.p.i.IntermediateProofReplayer Proof replay took 9ns 
416224     INFO  main            d.u.i.k.p.r.p.TestFile    ... finished proof: closed. 
416650     INFO  main            d.u.i.k.p.i.AbstractProblemLoader Loading environment from /home/runner/work/key/key/key.core/../key.ui/examples/standard_key/java_dl/postConditionTaclets2.key.proof 
416650     DEBUG main            d.u.i.k.p.i.AbstractProblemLoader Environment load took 87.8ns 
416651     INFO  main            d.u.i.k.p.i.AbstractProblemLoader Creating init config 
418993     DEBUG main            d.u.i.k.p.i.AbstractProblemLoader Init config took 2.34s 
419007     INFO  main            d.u.i.k.p.i.AbstractProblemLoader Replaying proof postConditionTaclets2.key.proof 
419009     DEBUG main            d.u.i.k.p.i.IntermediateProofReplayer Proof replay took 539.21ns 
419010     DEBUG main            d.u.i.k.p.r.p.TestFile    ... success: reloaded. 
419010     INFO  main            d.u.i.k.p.r.p.TestFile    Now processing file /home/runner/work/key/key/key.core/../key.ui/examples/standard_key/java_dl/quantifiedQuery.key 
419011     INFO  main            d.u.i.k.p.i.AbstractProblemLoader Loading environment from /home/runner/work/key/key/key.core/../key.ui/examples/standard_key/java_dl/quantifiedQuery.key 
419011     DEBUG main            d.u.i.k.p.i.AbstractProblemLoader Environment load took 59.4ns 
419012     INFO  main            d.u.i.k.p.i.AbstractProblemLoader Creating init config 
421451     DEBUG main            d.u.i.k.p.i.AbstractProblemLoader Init config took 2.44s 
421465     INFO  main            d.u.i.k.p.i.AbstractProblemLoader Replaying proof quantifiedQuery.key 
421467     DEBUG main            d.u.i.k.p.i.IntermediateProofReplayer Proof replay took 8.7ns 
421573     INFO  main            d.u.i.k.p.r.p.TestFile    ... finished proof: closed. 
422002     INFO  main            d.u.i.k.p.i.AbstractProblemLoader Loading environment from /home/runner/work/key/key/key.core/../key.ui/examples/standard_key/java_dl/quantifiedQuery.key.proof 
422002     DEBUG main            d.u.i.k.p.i.AbstractProblemLoader Environment load took 99.5ns 
422003     INFO  main            d.u.i.k.p.i.AbstractProblemLoader Creating init config 
424437     DEBUG main            d.u.i.k.p.i.AbstractProblemLoader Init config took 2.43s 
424452     INFO  main            d.u.i.k.p.i.AbstractProblemLoader Replaying proof quantifiedQuery.key.proof 
424461     DEBUG main            d.u.i.k.p.i.IntermediateProofReplayer Proof replay took 7.59ms 
424462     DEBUG main            d.u.i.k.p.r.p.TestFile    ... success: reloaded. 
424463     INFO  main            d.u.i.k.p.r.p.TestFile    Now processing file /home/runner/work/key/key/key.core/../key.ui/examples/standard_key/java_dl/recursion/triangular.key 
424463     INFO  main            d.u.i.k.p.i.AbstractProblemLoader Loading environment from /home/runner/work/key/key/key.core/../key.ui/examples/standard_key/java_dl/recursion/triangular.key 
424463     DEBUG main            d.u.i.k.p.i.AbstractProblemLoader Environment load took 74.1ns 
424464     INFO  main            d.u.i.k.p.i.AbstractProblemLoader Creating init config 
426896     DEBUG main            d.u.i.k.p.i.AbstractProblemLoader Init config took 2.43s 
426949     INFO  main            d.u.i.k.p.i.AbstractProblemLoader Replaying proof Triangular[Triangular::tria(int)].JML normal_behavior operation contract.0 
426950     DEBUG main            d.u.i.k.p.i.IntermediateProofReplayer Proof replay took 8.8ns 
427153     INFO  main            d.u.i.k.p.r.p.TestFile    ... finished proof: closed. 
427606     INFO  main            d.u.i.k.p.i.AbstractProblemLoader Loading environment from /home/runner/work/key/key/key.core/../key.ui/examples/standard_key/java_dl/recursion/triangular.key.proof 
427606     DEBUG main            d.u.i.k.p.i.AbstractProblemLoader Environment load took 101.2ns 
427607     INFO  main            d.u.i.k.p.i.AbstractProblemLoader Creating init config 
430004     DEBUG main            d.u.i.k.p.i.AbstractProblemLoader Init config took 2.4s 
430036     INFO  main            d.u.i.k.p.i.AbstractProblemLoader Replaying proof Triangular[Triangular::tria(int)].JML normal_behavior operation contract.0 
430061     DEBUG main            d.u.i.k.p.i.IntermediateProofReplayer Proof replay took 22.89ms 
430062     DEBUG main            d.u.i.k.p.r.p.TestFile    ... success: reloaded. 
430062     INFO  main            d.u.i.k.p.r.p.TestFile    Now processing file /home/runner/work/key/key/key.core/../key.ui/examples/standard_key/java_dl/reverseArray.key 
430063     INFO  main            d.u.i.k.p.i.AbstractProblemLoader Loading environment from /home/runner/work/key/key/key.core/../key.ui/examples/standard_key/java_dl/reverseArray.key 
430063     DEBUG main            d.u.i.k.p.i.AbstractProblemLoader Environment load took 45.4ns 
430065     INFO  main            d.u.i.k.p.i.AbstractProblemLoader Creating init config 
430084     WARN  main            d.u.i.k.j.r.KeYCrossReferenceNameInfo Datatype java.io.PrintStream declared twice: Once in FILE:/home/runner/work/key/key/key.core/../key.ui/examples/standard_key/java_dl/./classpath/PrintStream.java and once in URL:file:/home/runner/work/key/key/key.core/build/resources/main/de/uka/ilkd/key/java/JavaRedux/java/io/PrintStream.java, Keeping one from URL:file:/home/runner/work/key/key/key.core/build/resources/main/de/uka/ilkd/key/java/JavaRedux/java/io/PrintStream.java 
430084     WARN  main            d.u.i.k.j.r.KeYCrossReferenceNameInfo Datatype java.io.InputStream declared twice: Once in FILE:/home/runner/work/key/key/key.core/../key.ui/examples/standard_key/java_dl/./classpath/InputStream.java and once in URL:file:/home/runner/work/key/key/key.core/build/resources/main/de/uka/ilkd/key/java/JavaRedux/java/io/InputStream.java, Keeping one from URL:file:/home/runner/work/key/key/key.core/build/resources/main/de/uka/ilkd/key/java/JavaRedux/java/io/InputStream.java 
430084     WARN  main            d.u.i.k.j.r.KeYCrossReferenceNameInfo Datatype java.lang.System declared twice: Once in FILE:/home/runner/work/key/key/key.core/../key.ui/examples/standard_key/java_dl/./classpath/System.java and once in URL:file:/home/runner/work/key/key/key.core/build/resources/main/de/uka/ilkd/key/java/JavaRedux/java/lang/System.java, Keeping one from URL:file:/home/runner/work/key/key/key.core/build/resources/main/de/uka/ilkd/key/java/JavaRedux/java/lang/System.java 
430087     DEBUG main            d.u.i.k.j.r.ClassFileDeclarationBuilder Parsing: package java.io; public class Closeable { } 
430087     DEBUG main            r.s.KeYCrossReferenceSourceInfo Dynamically created class: java.io.Closeable 
432588     DEBUG main            d.u.i.k.p.i.AbstractProblemLoader Init config took 2.52s 
432603     INFO  main            d.u.i.k.p.i.AbstractProblemLoader Replaying proof reverseArray.key 
432605     DEBUG main            d.u.i.k.p.i.IntermediateProofReplayer Proof replay took 7.8ns 
437069     INFO  main            d.u.i.k.p.r.p.TestFile    ... finished proof: closed. 
437557     INFO  main            d.u.i.k.p.i.AbstractProblemLoader Loading environment from /home/runner/work/key/key/key.core/../key.ui/examples/standard_key/java_dl/reverseArray.key.proof 
437557     DEBUG main            d.u.i.k.p.i.AbstractProblemLoader Environment load took 331.9ns 
437559     INFO  main            d.u.i.k.p.i.AbstractProblemLoader Creating init config 
437579     WARN  main            d.u.i.k.j.r.KeYCrossReferenceNameInfo Datatype java.io.PrintStream declared twice: Once in FILE:/home/runner/work/key/key/key.core/../key.ui/examples/standard_key/java_dl/classpath/PrintStream.java and once in URL:file:/home/runner/work/key/key/key.core/build/resources/main/de/uka/ilkd/key/java/JavaRedux/java/io/PrintStream.java, Keeping one from URL:file:/home/runner/work/key/key/key.core/build/resources/main/de/uka/ilkd/key/java/JavaRedux/java/io/PrintStream.java 
437579     WARN  main            d.u.i.k.j.r.KeYCrossReferenceNameInfo Datatype java.io.InputStream declared twice: Once in FILE:/home/runner/work/key/key/key.core/../key.ui/examples/standard_key/java_dl/classpath/InputStream.java and once in URL:file:/home/runner/work/key/key/key.core/build/resources/main/de/uka/ilkd/key/java/JavaRedux/java/io/InputStream.java, Keeping one from URL:file:/home/runner/work/key/key/key.core/build/resources/main/de/uka/ilkd/key/java/JavaRedux/java/io/InputStream.java 
437579     WARN  main            d.u.i.k.j.r.KeYCrossReferenceNameInfo Datatype java.lang.System declared twice: Once in FILE:/home/runner/work/key/key/key.core/../key.ui/examples/standard_key/java_dl/classpath/System.java and once in URL:file:/home/runner/work/key/key/key.core/build/resources/main/de/uka/ilkd/key/java/JavaRedux/java/lang/System.java, Keeping one from URL:file:/home/runner/work/key/key/key.core/build/resources/main/de/uka/ilkd/key/java/JavaRedux/java/lang/System.java 
437582     DEBUG main            d.u.i.k.j.r.ClassFileDeclarationBuilder Parsing: package java.io; public class Closeable { } 
437582     DEBUG main            r.s.KeYCrossReferenceSourceInfo Dynamically created class: java.io.Closeable 
440009     DEBUG main            d.u.i.k.p.i.AbstractProblemLoader Init config took 2.45s 
440025     INFO  main            d.u.i.k.p.i.AbstractProblemLoader Replaying proof reverseArray.key.proof 
440484     DEBUG main            d.u.i.k.p.i.IntermediateProofReplayer Proof replay took 447.33ms 
440486     DEBUG main            d.u.i.k.p.r.p.TestFile    ... success: reloaded. 
440487     INFO  main            d.u.i.k.p.r.p.TestFile    Now processing file /home/runner/work/key/key/key.core/../key.ui/examples/standard_key/java_dl/reverseArray2.key 
440488     INFO  main            d.u.i.k.p.i.AbstractProblemLoader Loading environment from /home/runner/work/key/key/key.core/../key.ui/examples/standard_key/java_dl/reverseArray2.key 
440488     DEBUG main            d.u.i.k.p.i.AbstractProblemLoader Environment load took 174.4ns 
440490     INFO  main            d.u.i.k.p.i.AbstractProblemLoader Creating init config 
440510     WARN  main            d.u.i.k.j.r.KeYCrossReferenceNameInfo Datatype java.io.PrintStream declared twice: Once in FILE:/home/runner/work/key/key/key.core/../key.ui/examples/standard_key/java_dl/classpath/PrintStream.java and once in URL:file:/home/runner/work/key/key/key.core/build/resources/main/de/uka/ilkd/key/java/JavaRedux/java/io/PrintStream.java, Keeping one from URL:file:/home/runner/work/key/key/key.core/build/resources/main/de/uka/ilkd/key/java/JavaRedux/java/io/PrintStream.java 
440510     WARN  main            d.u.i.k.j.r.KeYCrossReferenceNameInfo Datatype java.io.InputStream declared twice: Once in FILE:/home/runner/work/key/key/key.core/../key.ui/examples/standard_key/java_dl/classpath/InputStream.java and once in URL:file:/home/runner/work/key/key/key.core/build/resources/main/de/uka/ilkd/key/java/JavaRedux/java/io/InputStream.java, Keeping one from URL:file:/home/runner/work/key/key/key.core/build/resources/main/de/uka/ilkd/key/java/JavaRedux/java/io/InputStream.java 
440510     WARN  main            d.u.i.k.j.r.KeYCrossReferenceNameInfo Datatype java.lang.System declared twice: Once in FILE:/home/runner/work/key/key/key.core/../key.ui/examples/standard_key/java_dl/classpath/System.java and once in URL:file:/home/runner/work/key/key/key.core/build/resources/main/de/uka/ilkd/key/java/JavaRedux/java/lang/System.java, Keeping one from URL:file:/home/runner/work/key/key/key.core/build/resources/main/de/uka/ilkd/key/java/JavaRedux/java/lang/System.java 
440513     DEBUG main            d.u.i.k.j.r.ClassFileDeclarationBuilder Parsing: package java.io; public class Closeable { } 
440514     DEBUG main            r.s.KeYCrossReferenceSourceInfo Dynamically created class: java.io.Closeable 
443063     DEBUG main            d.u.i.k.p.i.AbstractProblemLoader Init config took 2.57s 
443078     INFO  main            d.u.i.k.p.i.AbstractProblemLoader Replaying proof reverseArray2.key 
443080     DEBUG main            d.u.i.k.p.i.IntermediateProofReplayer Proof replay took 76.6ns 
444487     INFO  main            d.u.i.k.p.r.p.TestFile    ... finished proof: closed. 
445035     INFO  main            d.u.i.k.p.i.AbstractProblemLoader Loading environment from /home/runner/work/key/key/key.core/../key.ui/examples/standard_key/java_dl/reverseArray2.key.proof 
445036     DEBUG main            d.u.i.k.p.i.AbstractProblemLoader Environment load took 693.61ns 
445038     INFO  main            d.u.i.k.p.i.AbstractProblemLoader Creating init config 
445058     WARN  main            d.u.i.k.j.r.KeYCrossReferenceNameInfo Datatype java.io.PrintStream declared twice: Once in FILE:/home/runner/work/key/key/key.core/../key.ui/examples/standard_key/java_dl/classpath/PrintStream.java and once in URL:file:/home/runner/work/key/key/key.core/build/resources/main/de/uka/ilkd/key/java/JavaRedux/java/io/PrintStream.java, Keeping one from URL:file:/home/runner/work/key/key/key.core/build/resources/main/de/uka/ilkd/key/java/JavaRedux/java/io/PrintStream.java 
445058     WARN  main            d.u.i.k.j.r.KeYCrossReferenceNameInfo Datatype java.io.InputStream declared twice: Once in FILE:/home/runner/work/key/key/key.core/../key.ui/examples/standard_key/java_dl/classpath/InputStream.java and once in URL:file:/home/runner/work/key/key/key.core/build/resources/main/de/uka/ilkd/key/java/JavaRedux/java/io/InputStream.java, Keeping one from URL:file:/home/runner/work/key/key/key.core/build/resources/main/de/uka/ilkd/key/java/JavaRedux/java/io/InputStream.java 
445058     WARN  main            d.u.i.k.j.r.KeYCrossReferenceNameInfo Datatype java.lang.System declared twice: Once in FILE:/home/runner/work/key/key/key.core/../key.ui/examples/standard_key/java_dl/classpath/System.java and once in URL:file:/home/runner/work/key/key/key.core/build/resources/main/de/uka/ilkd/key/java/JavaRedux/java/lang/System.java, Keeping one from URL:file:/home/runner/work/key/key/key.core/build/resources/main/de/uka/ilkd/key/java/JavaRedux/java/lang/System.java 
445061     DEBUG main            d.u.i.k.j.r.ClassFileDeclarationBuilder Parsing: package java.io; public class Closeable { } 
445061     DEBUG main            r.s.KeYCrossReferenceSourceInfo Dynamically created class: java.io.Closeable 
447497     DEBUG main            d.u.i.k.p.i.AbstractProblemLoader Init config took 2.46s 
447513     INFO  main            d.u.i.k.p.i.AbstractProblemLoader Replaying proof reverseArray2.key.proof 
447664     DEBUG main            d.u.i.k.p.i.IntermediateProofReplayer Proof replay took 146.75ms 
447666     DEBUG main            d.u.i.k.p.r.p.TestFile    ... success: reloaded. 
447667     INFO  main            d.u.i.k.p.r.p.TestFile    Now processing file /home/runner/work/key/key/key.core/../key.ui/examples/standard_key/java_dl/simpleAssignment.key 
447667     INFO  main            d.u.i.k.p.i.AbstractProblemLoader Loading environment from /home/runner/work/key/key/key.core/../key.ui/examples/standard_key/java_dl/simpleAssignment.key 
447667     DEBUG main            d.u.i.k.p.i.AbstractProblemLoader Environment load took 90.9ns 
447668     INFO  main            d.u.i.k.p.i.AbstractProblemLoader Creating init config 
450051     DEBUG main            d.u.i.k.p.i.AbstractProblemLoader Init config took 2.38s 
450067     INFO  main            d.u.i.k.p.i.AbstractProblemLoader Replaying proof simpleAssignment.key 
450068     DEBUG main            d.u.i.k.p.i.IntermediateProofReplayer Proof replay took 4ns 
450170     INFO  main            d.u.i.k.p.r.p.TestFile    ... finished proof: closed. 
450682     INFO  main            d.u.i.k.p.i.AbstractProblemLoader Loading environment from /home/runner/work/key/key/key.core/../key.ui/examples/standard_key/java_dl/simpleAssignment.key.proof 
450682     DEBUG main            d.u.i.k.p.i.AbstractProblemLoader Environment load took 101.1ns 
450683     INFO  main            d.u.i.k.p.i.AbstractProblemLoader Creating init config 
453012     DEBUG main            d.u.i.k.p.i.AbstractProblemLoader Init config took 2.33s 
453026     INFO  main            d.u.i.k.p.i.AbstractProblemLoader Replaying proof simpleAssignment.key.proof 
453028     DEBUG main            d.u.i.k.p.i.IntermediateProofReplayer Proof replay took 565.71ns 
453029     DEBUG main            d.u.i.k.p.r.p.TestFile    ... success: reloaded. 
453029     INFO  main            d.u.i.k.p.r.p.TestFile    Now processing file /home/runner/work/key/key/key.core/../key.ui/examples/standard_key/java_dl/simpleAssignment2.key 
453030     INFO  main            d.u.i.k.p.i.AbstractProblemLoader Loading environment from /home/runner/work/key/key/key.core/../key.ui/examples/standard_key/java_dl/simpleAssignment2.key 
453030     DEBUG main            d.u.i.k.p.i.AbstractProblemLoader Environment load took 47.4ns 
453030     INFO  main            d.u.i.k.p.i.AbstractProblemLoader Creating init config 
455401     DEBUG main            d.u.i.k.p.i.AbstractProblemLoader Init config took 2.37s 
455414     INFO  main            d.u.i.k.p.i.AbstractProblemLoader Replaying proof simpleAssignment2.key 
455416     DEBUG main            d.u.i.k.p.i.IntermediateProofReplayer Proof replay took 4ns 
455520     INFO  main            d.u.i.k.p.r.p.TestFile    ... finished proof: closed. 
455988     INFO  main            d.u.i.k.p.i.AbstractProblemLoader Loading environment from /home/runner/work/key/key/key.core/../key.ui/examples/standard_key/java_dl/simpleAssignment2.key.proof 
455988     DEBUG main            d.u.i.k.p.i.AbstractProblemLoader Environment load took 84.7ns 
455989     INFO  main            d.u.i.k.p.i.AbstractProblemLoader Creating init config 
458318     DEBUG main            d.u.i.k.p.i.AbstractProblemLoader Init config took 2.33s 
458331     INFO  main            d.u.i.k.p.i.AbstractProblemLoader Replaying proof simpleAssignment2.key.proof 
458333     DEBUG main            d.u.i.k.p.i.IntermediateProofReplayer Proof replay took 392.2ns 
458334     DEBUG main            d.u.i.k.p.r.p.TestFile    ... success: reloaded. 
458334     INFO  main            d.u.i.k.p.r.p.TestFile    Now processing file /home/runner/work/key/key/key.core/../key.ui/examples/standard_key/java_dl/splittingWithQueries.key 
458334     INFO  main            d.u.i.k.p.i.AbstractProblemLoader Loading environment from /home/runner/work/key/key/key.core/../key.ui/examples/standard_key/java_dl/splittingWithQueries.key 
458334     DEBUG main            d.u.i.k.p.i.AbstractProblemLoader Environment load took 44.9ns 
458335     INFO  main            d.u.i.k.p.i.AbstractProblemLoader Creating init config 
460749     DEBUG main            d.u.i.k.p.i.AbstractProblemLoader Init config took 2.41s 
460762     INFO  main            d.u.i.k.p.i.AbstractProblemLoader Replaying proof splittingWithQueries.key 
460764     DEBUG main            d.u.i.k.p.i.IntermediateProofReplayer Proof replay took 3.8ns 
460866     INFO  main            d.u.i.k.p.r.p.TestFile    ... finished proof: closed. 
461352     INFO  main            d.u.i.k.p.i.AbstractProblemLoader Loading environment from /home/runner/work/key/key/key.core/../key.ui/examples/standard_key/java_dl/splittingWithQueries.key.proof 
461352     DEBUG main            d.u.i.k.p.i.AbstractProblemLoader Environment load took 113.1ns 
461353     INFO  main            d.u.i.k.p.i.AbstractProblemLoader Creating init config 
463754     DEBUG main            d.u.i.k.p.i.AbstractProblemLoader Init config took 2.4s 
463773     INFO  main            d.u.i.k.p.i.AbstractProblemLoader Replaying proof splittingWithQueries.key.proof 
463777     DEBUG main            d.u.i.k.p.i.IntermediateProofReplayer Proof replay took 1.23ms 
463779     DEBUG main            d.u.i.k.p.r.p.TestFile    ... success: reloaded. 
463781     INFO  main            d.u.i.k.p.r.p.TestFile    Now processing file /home/runner/work/key/key/key.core/../key.ui/examples/standard_key/java_dl/strassen/strassen.key 
463782     INFO  main            d.u.i.k.p.i.AbstractProblemLoader Loading environment from /home/runner/work/key/key/key.core/../key.ui/examples/standard_key/java_dl/strassen/strassen.key 
463782     DEBUG main            d.u.i.k.p.i.AbstractProblemLoader Environment load took 56.6ns 
463783     INFO  main            d.u.i.k.p.i.AbstractProblemLoader Creating init config 
466301     DEBUG main            d.u.i.k.p.i.AbstractProblemLoader Init config took 2.52s 
466336     INFO  main            d.u.i.k.p.i.AbstractProblemLoader Replaying proof Matrix22[Matrix22::strassen(Matrix22,Matrix22)].JML normal_behavior operation contract.0 
466337     DEBUG main            d.u.i.k.p.i.IntermediateProofReplayer Proof replay took 3.6ns 
471366     INFO  main            d.u.i.k.p.r.p.TestFile    ... finished proof: closed. 
471971     INFO  main            d.u.i.k.p.i.AbstractProblemLoader Loading environment from /home/runner/work/key/key/key.core/../key.ui/examples/standard_key/java_dl/strassen/strassen.key.proof 
471971     DEBUG main            d.u.i.k.p.i.AbstractProblemLoader Environment load took 151.9ns 
471973     INFO  main            d.u.i.k.p.i.AbstractProblemLoader Creating init config 
474441     DEBUG main            d.u.i.k.p.i.AbstractProblemLoader Init config took 2.47s 
474485     INFO  main            d.u.i.k.p.i.AbstractProblemLoader Replaying proof Matrix22[Matrix22::strassen(Matrix22,Matrix22)].JML normal_behavior operation contract.0 
474875     DEBUG main            d.u.i.k.p.i.IntermediateProofReplayer Proof replay took 379.73ms 
474876     DEBUG main            d.u.i.k.p.r.p.TestFile    ... success: reloaded. 
474877     INFO  main            d.u.i.k.p.r.p.TestFile    Now processing file /home/runner/work/key/key/key.core/../key.ui/examples/standard_key/java_dl/symmArray.key 
474877     INFO  main            d.u.i.k.p.i.AbstractProblemLoader Loading environment from /home/runner/work/key/key/key.core/../key.ui/examples/standard_key/java_dl/symmArray.key 
474877     DEBUG main            d.u.i.k.p.i.AbstractProblemLoader Environment load took 47.2ns 
474880     INFO  main            d.u.i.k.p.i.AbstractProblemLoader Creating init config 
477450     DEBUG main            d.u.i.k.p.i.AbstractProblemLoader Init config took 2.57s 
477466     INFO  main            d.u.i.k.p.i.AbstractProblemLoader Replaying proof symmArray.key 
477467     DEBUG main            d.u.i.k.p.i.IntermediateProofReplayer Proof replay took 3.3ns 
572443     INFO  main            d.u.i.k.p.r.p.TestFile    ... finished proof: closed. 
573047     INFO  main            d.u.i.k.p.i.AbstractProblemLoader Loading environment from /home/runner/work/key/key/key.core/../key.ui/examples/standard_key/java_dl/symmArray.key.proof 
573048     DEBUG main            d.u.i.k.p.i.AbstractProblemLoader Environment load took 369.2ns 
573053     INFO  main            d.u.i.k.p.i.AbstractProblemLoader Creating init config 
575535     DEBUG main            d.u.i.k.p.i.AbstractProblemLoader Init config took 2.48s 
575553     INFO  main            d.u.i.k.p.i.AbstractProblemLoader Replaying proof symmArray.key.proof 
576449     DEBUG main            d.u.i.k.p.i.IntermediateProofReplayer Proof replay took 842.93ms 
576454     DEBUG main            d.u.i.k.p.r.p.TestFile    ... success: reloaded. 
576455     INFO  main            d.u.i.k.p.r.p.TestFile    Now processing file /home/runner/work/key/key/key.core/../key.ui/examples/standard_key/java_dl/testcontext.key 
576455     INFO  main            d.u.i.k.p.i.AbstractProblemLoader Loading environment from /home/runner/work/key/key/key.core/../key.ui/examples/standard_key/java_dl/testcontext.key 
576455     DEBUG main            d.u.i.k.p.i.AbstractProblemLoader Environment load took 83.3ns 
576456     INFO  main            d.u.i.k.p.i.AbstractProblemLoader Creating init config 
576476     WARN  main            d.u.i.k.j.r.KeYCrossReferenceNameInfo Datatype java.io.PrintStream declared twice: Once in FILE:/home/runner/work/key/key/key.core/../key.ui/examples/standard_key/java_dl/classpath/PrintStream.java and once in URL:file:/home/runner/work/key/key/key.core/build/resources/main/de/uka/ilkd/key/java/JavaRedux/java/io/PrintStream.java, Keeping one from URL:file:/home/runner/work/key/key/key.core/build/resources/main/de/uka/ilkd/key/java/JavaRedux/java/io/PrintStream.java 
576476     WARN  main            d.u.i.k.j.r.KeYCrossReferenceNameInfo Datatype java.io.InputStream declared twice: Once in FILE:/home/runner/work/key/key/key.core/../key.ui/examples/standard_key/java_dl/classpath/InputStream.java and once in URL:file:/home/runner/work/key/key/key.core/build/resources/main/de/uka/ilkd/key/java/JavaRedux/java/io/InputStream.java, Keeping one from URL:file:/home/runner/work/key/key/key.core/build/resources/main/de/uka/ilkd/key/java/JavaRedux/java/io/InputStream.java 
576476     WARN  main            d.u.i.k.j.r.KeYCrossReferenceNameInfo Datatype java.lang.System declared twice: Once in FILE:/home/runner/work/key/key/key.core/../key.ui/examples/standard_key/java_dl/classpath/System.java and once in URL:file:/home/runner/work/key/key/key.core/build/resources/main/de/uka/ilkd/key/java/JavaRedux/java/lang/System.java, Keeping one from URL:file:/home/runner/work/key/key/key.core/build/resources/main/de/uka/ilkd/key/java/JavaRedux/java/lang/System.java 
576479     DEBUG main            d.u.i.k.j.r.ClassFileDeclarationBuilder Parsing: package java.io; public class Closeable { } 
576479     DEBUG main            r.s.KeYCrossReferenceSourceInfo Dynamically created class: java.io.Closeable 
579049     DEBUG main            d.u.i.k.p.i.AbstractProblemLoader Init config took 2.59s 
579064     INFO  main            d.u.i.k.p.i.AbstractProblemLoader Replaying proof testcontext.key 
579065     DEBUG main            d.u.i.k.p.i.IntermediateProofReplayer Proof replay took 3.3ns 
579370     INFO  main            d.u.i.k.p.r.p.TestFile    ... finished proof: closed. 
579995     INFO  main            d.u.i.k.p.i.AbstractProblemLoader Loading environment from /home/runner/work/key/key/key.core/../key.ui/examples/standard_key/java_dl/testcontext.key.proof 
579995     DEBUG main            d.u.i.k.p.i.AbstractProblemLoader Environment load took 131.3ns 
579996     INFO  main            d.u.i.k.p.i.AbstractProblemLoader Creating init config 
580017     WARN  main            d.u.i.k.j.r.KeYCrossReferenceNameInfo Datatype java.io.PrintStream declared twice: Once in FILE:/home/runner/work/key/key/key.core/../key.ui/examples/standard_key/java_dl/classpath/PrintStream.java and once in URL:file:/home/runner/work/key/key/key.core/build/resources/main/de/uka/ilkd/key/java/JavaRedux/java/io/PrintStream.java, Keeping one from URL:file:/home/runner/work/key/key/key.core/build/resources/main/de/uka/ilkd/key/java/JavaRedux/java/io/PrintStream.java 
580017     WARN  main            d.u.i.k.j.r.KeYCrossReferenceNameInfo Datatype java.io.InputStream declared twice: Once in FILE:/home/runner/work/key/key/key.core/../key.ui/examples/standard_key/java_dl/classpath/InputStream.java and once in URL:file:/home/runner/work/key/key/key.core/build/resources/main/de/uka/ilkd/key/java/JavaRedux/java/io/InputStream.java, Keeping one from URL:file:/home/runner/work/key/key/key.core/build/resources/main/de/uka/ilkd/key/java/JavaRedux/java/io/InputStream.java 
580017     WARN  main            d.u.i.k.j.r.KeYCrossReferenceNameInfo Datatype java.lang.System declared twice: Once in FILE:/home/runner/work/key/key/key.core/../key.ui/examples/standard_key/java_dl/classpath/System.java and once in URL:file:/home/runner/work/key/key/key.core/build/resources/main/de/uka/ilkd/key/java/JavaRedux/java/lang/System.java, Keeping one from URL:file:/home/runner/work/key/key/key.core/build/resources/main/de/uka/ilkd/key/java/JavaRedux/java/lang/System.java 
580020     DEBUG main            d.u.i.k.j.r.ClassFileDeclarationBuilder Parsing: package java.io; public class Closeable { } 
580020     DEBUG main            r.s.KeYCrossReferenceSourceInfo Dynamically created class: java.io.Closeable 
582395     DEBUG main            d.u.i.k.p.i.AbstractProblemLoader Init config took 2.4s 
582410     INFO  main            d.u.i.k.p.i.AbstractProblemLoader Replaying proof testcontext.key.proof 
582452     DEBUG main            d.u.i.k.p.i.IntermediateProofReplayer Proof replay took 39.42ms 
582454     DEBUG main            d.u.i.k.p.r.p.TestFile    ... success: reloaded. 
582454     INFO  main            d.u.i.k.p.r.p.TestFile    Now processing file /home/runner/work/key/key/key.core/../key.ui/examples/standard_key/staticInitialisation/cascadeStaticInitialisation.key 
582455     INFO  main            d.u.i.k.p.i.AbstractProblemLoader Loading environment from /home/runner/work/key/key/key.core/../key.ui/examples/standard_key/staticInitialisation/cascadeStaticInitialisation.key 
582455     DEBUG main            d.u.i.k.p.i.AbstractProblemLoader Environment load took 50.8ns 
582457     INFO  main            d.u.i.k.p.i.AbstractProblemLoader Creating init config 
582476     WARN  main            d.u.i.k.j.r.KeYCrossReferenceNameInfo Datatype java.io.PrintStream declared twice: Once in FILE:/home/runner/work/key/key/key.core/../key.ui/examples/standard_key/staticInitialisation/classpath/PrintStream.java and once in URL:file:/home/runner/work/key/key/key.core/build/resources/main/de/uka/ilkd/key/java/JavaRedux/java/io/PrintStream.java, Keeping one from URL:file:/home/runner/work/key/key/key.core/build/resources/main/de/uka/ilkd/key/java/JavaRedux/java/io/PrintStream.java 
582476     WARN  main            d.u.i.k.j.r.KeYCrossReferenceNameInfo Datatype java.lang.System declared twice: Once in FILE:/home/runner/work/key/key/key.core/../key.ui/examples/standard_key/staticInitialisation/classpath/System.java and once in URL:file:/home/runner/work/key/key/key.core/build/resources/main/de/uka/ilkd/key/java/JavaRedux/java/lang/System.java, Keeping one from URL:file:/home/runner/work/key/key/key.core/build/resources/main/de/uka/ilkd/key/java/JavaRedux/java/lang/System.java 
584946     DEBUG main            d.u.i.k.p.i.AbstractProblemLoader Init config took 2.49s 
584961     INFO  main            d.u.i.k.p.i.AbstractProblemLoader Replaying proof cascadeStaticInitialisation.key 
584962     DEBUG main            d.u.i.k.p.i.IntermediateProofReplayer Proof replay took 3.3ns 
585666     INFO  main            d.u.i.k.p.r.p.TestFile    ... finished proof: closed. 
586232     INFO  main            d.u.i.k.p.i.AbstractProblemLoader Loading environment from /home/runner/work/key/key/key.core/../key.ui/examples/standard_key/staticInitialisation/cascadeStaticInitialisation.key.proof 
586232     DEBUG main            d.u.i.k.p.i.AbstractProblemLoader Environment load took 91.7ns 
586233     INFO  main            d.u.i.k.p.i.AbstractProblemLoader Creating init config 
586254     WARN  main            d.u.i.k.j.r.KeYCrossReferenceNameInfo Datatype java.io.PrintStream declared twice: Once in FILE:/home/runner/work/key/key/key.core/../key.ui/examples/standard_key/staticInitialisation/classpath/PrintStream.java and once in URL:file:/home/runner/work/key/key/key.core/build/resources/main/de/uka/ilkd/key/java/JavaRedux/java/io/PrintStream.java, Keeping one from URL:file:/home/runner/work/key/key/key.core/build/resources/main/de/uka/ilkd/key/java/JavaRedux/java/io/PrintStream.java 
586254     WARN  main            d.u.i.k.j.r.KeYCrossReferenceNameInfo Datatype java.lang.System declared twice: Once in FILE:/home/runner/work/key/key/key.core/../key.ui/examples/standard_key/staticInitialisation/classpath/System.java and once in URL:file:/home/runner/work/key/key/key.core/build/resources/main/de/uka/ilkd/key/java/JavaRedux/java/lang/System.java, Keeping one from URL:file:/home/runner/work/key/key/key.core/build/resources/main/de/uka/ilkd/key/java/JavaRedux/java/lang/System.java 
588607     DEBUG main            d.u.i.k.p.i.AbstractProblemLoader Init config took 2.37s 
588622     INFO  main            d.u.i.k.p.i.AbstractProblemLoader Replaying proof cascadeStaticInitialisation.key.proof 
588727     DEBUG main            d.u.i.k.p.i.IntermediateProofReplayer Proof replay took 102.7ms 
588729     DEBUG main            d.u.i.k.p.r.p.TestFile    ... success: reloaded. 
588729     INFO  main            d.u.i.k.p.r.p.TestFile    Now processing file /home/runner/work/key/key/key.core/../key.ui/examples/standard_key/staticInitialisation/erroneousClassImpliesErroneousSubclass.key 
588729     INFO  main            d.u.i.k.p.i.AbstractProblemLoader Loading environment from /home/runner/work/key/key/key.core/../key.ui/examples/standard_key/staticInitialisation/erroneousClassImpliesErroneousSubclass.key 
588730     DEBUG main            d.u.i.k.p.i.AbstractProblemLoader Environment load took 46ns 
588731     INFO  main            d.u.i.k.p.i.AbstractProblemLoader Creating init config 
588749     WARN  main            d.u.i.k.j.r.KeYCrossReferenceNameInfo Datatype java.io.PrintStream declared twice: Once in FILE:/home/runner/work/key/key/key.core/../key.ui/examples/standard_key/staticInitialisation/classpath/PrintStream.java and once in URL:file:/home/runner/work/key/key/key.core/build/resources/main/de/uka/ilkd/key/java/JavaRedux/java/io/PrintStream.java, Keeping one from URL:file:/home/runner/work/key/key/key.core/build/resources/main/de/uka/ilkd/key/java/JavaRedux/java/io/PrintStream.java 
588749     WARN  main            d.u.i.k.j.r.KeYCrossReferenceNameInfo Datatype java.lang.System declared twice: Once in FILE:/home/runner/work/key/key/key.core/../key.ui/examples/standard_key/staticInitialisation/classpath/System.java and once in URL:file:/home/runner/work/key/key/key.core/build/resources/main/de/uka/ilkd/key/java/JavaRedux/java/lang/System.java, Keeping one from URL:file:/home/runner/work/key/key/key.core/build/resources/main/de/uka/ilkd/key/java/JavaRedux/java/lang/System.java 
591245     DEBUG main            d.u.i.k.p.i.AbstractProblemLoader Init config took 2.51s 
591259     INFO  main            d.u.i.k.p.i.AbstractProblemLoader Replaying proof erroneousClassImpliesErroneousSubclass.key 
591260     DEBUG main            d.u.i.k.p.i.IntermediateProofReplayer Proof replay took 3.2ns 
591361     INFO  main            d.u.i.k.p.r.p.TestFile    ... finished proof: closed. 
591921     INFO  main            d.u.i.k.p.i.AbstractProblemLoader Loading environment from /home/runner/work/key/key/key.core/../key.ui/examples/standard_key/staticInitialisation/erroneousClassImpliesErroneousSubclass.key.proof 
591921     DEBUG main            d.u.i.k.p.i.AbstractProblemLoader Environment load took 86.6ns 
591922     INFO  main            d.u.i.k.p.i.AbstractProblemLoader Creating init config 
591943     WARN  main            d.u.i.k.j.r.KeYCrossReferenceNameInfo Datatype java.io.PrintStream declared twice: Once in FILE:/home/runner/work/key/key/key.core/../key.ui/examples/standard_key/staticInitialisation/classpath/PrintStream.java and once in URL:file:/home/runner/work/key/key/key.core/build/resources/main/de/uka/ilkd/key/java/JavaRedux/java/io/PrintStream.java, Keeping one from URL:file:/home/runner/work/key/key/key.core/build/resources/main/de/uka/ilkd/key/java/JavaRedux/java/io/PrintStream.java 
591943     WARN  main            d.u.i.k.j.r.KeYCrossReferenceNameInfo Datatype java.lang.System declared twice: Once in FILE:/home/runner/work/key/key/key.core/../key.ui/examples/standard_key/staticInitialisation/classpath/System.java and once in URL:file:/home/runner/work/key/key/key.core/build/resources/main/de/uka/ilkd/key/java/JavaRedux/java/lang/System.java, Keeping one from URL:file:/home/runner/work/key/key/key.core/build/resources/main/de/uka/ilkd/key/java/JavaRedux/java/lang/System.java 
594344     DEBUG main            d.u.i.k.p.i.AbstractProblemLoader Init config took 2.42s 
594357     INFO  main            d.u.i.k.p.i.AbstractProblemLoader Replaying proof erroneousClassImpliesErroneousSubclass.key.proof 
594359     DEBUG main            d.u.i.k.p.i.IntermediateProofReplayer Proof replay took 484.3ns 
594360     DEBUG main            d.u.i.k.p.r.p.TestFile    ... success: reloaded. 
594361     INFO  main            d.u.i.k.p.r.p.TestFile    Now processing file /home/runner/work/key/key/key.core/../key.ui/examples/standard_key/staticInitialisation/initializedSubclassImpliesInitializedSuperclass.key 
594361     INFO  main            d.u.i.k.p.i.AbstractProblemLoader Loading environment from /home/runner/work/key/key/key.core/../key.ui/examples/standard_key/staticInitialisation/initializedSubclassImpliesInitializedSuperclass.key 
594361     DEBUG main            d.u.i.k.p.i.AbstractProblemLoader Environment load took 59.9ns 
594362     INFO  main            d.u.i.k.p.i.AbstractProblemLoader Creating init config 
594381     WARN  main            d.u.i.k.j.r.KeYCrossReferenceNameInfo Datatype java.io.PrintStream declared twice: Once in FILE:/home/runner/work/key/key/key.core/../key.ui/examples/standard_key/staticInitialisation/classpath/PrintStream.java and once in URL:file:/home/runner/work/key/key/key.core/build/resources/main/de/uka/ilkd/key/java/JavaRedux/java/io/PrintStream.java, Keeping one from URL:file:/home/runner/work/key/key/key.core/build/resources/main/de/uka/ilkd/key/java/JavaRedux/java/io/PrintStream.java 
594381     WARN  main            d.u.i.k.j.r.KeYCrossReferenceNameInfo Datatype java.lang.System declared twice: Once in FILE:/home/runner/work/key/key/key.core/../key.ui/examples/standard_key/staticInitialisation/classpath/System.java and once in URL:file:/home/runner/work/key/key/key.core/build/resources/main/de/uka/ilkd/key/java/JavaRedux/java/lang/System.java, Keeping one from URL:file:/home/runner/work/key/key/key.core/build/resources/main/de/uka/ilkd/key/java/JavaRedux/java/lang/System.java 
596784     DEBUG main            d.u.i.k.p.i.AbstractProblemLoader Init config took 2.42s 
596797     INFO  main            d.u.i.k.p.i.AbstractProblemLoader Replaying proof initializedSubclassImpliesInitializedSuperclass.key 
596798     DEBUG main            d.u.i.k.p.i.IntermediateProofReplayer Proof replay took 4ns 
596900     INFO  main            d.u.i.k.p.r.p.TestFile    ... finished proof: closed. 
597404     INFO  main            d.u.i.k.p.i.AbstractProblemLoader Loading environment from /home/runner/work/key/key/key.core/../key.ui/examples/standard_key/staticInitialisation/initializedSubclassImpliesInitializedSuperclass.key.proof 
597404     DEBUG main            d.u.i.k.p.i.AbstractProblemLoader Environment load took 88.1ns 
597405     INFO  main            d.u.i.k.p.i.AbstractProblemLoader Creating init config 
597425     WARN  main            d.u.i.k.j.r.KeYCrossReferenceNameInfo Datatype java.io.PrintStream declared twice: Once in FILE:/home/runner/work/key/key/key.core/../key.ui/examples/standard_key/staticInitialisation/classpath/PrintStream.java and once in URL:file:/home/runner/work/key/key/key.core/build/resources/main/de/uka/ilkd/key/java/JavaRedux/java/io/PrintStream.java, Keeping one from URL:file:/home/runner/work/key/key/key.core/build/resources/main/de/uka/ilkd/key/java/JavaRedux/java/io/PrintStream.java 
597426     WARN  main            d.u.i.k.j.r.KeYCrossReferenceNameInfo Datatype java.lang.System declared twice: Once in FILE:/home/runner/work/key/key/key.core/../key.ui/examples/standard_key/staticInitialisation/classpath/System.java and once in URL:file:/home/runner/work/key/key/key.core/build/resources/main/de/uka/ilkd/key/java/JavaRedux/java/lang/System.java, Keeping one from URL:file:/home/runner/work/key/key/key.core/build/resources/main/de/uka/ilkd/key/java/JavaRedux/java/lang/System.java 
599822     DEBUG main            d.u.i.k.p.i.AbstractProblemLoader Init config took 2.42s 
599838     INFO  main            d.u.i.k.p.i.AbstractProblemLoader Replaying proof initializedSubclassImpliesInitializedSuperclass.key.proof 
599840     DEBUG main            d.u.i.k.p.i.IntermediateProofReplayer Proof replay took 382.7ns 
599841     DEBUG main            d.u.i.k.p.r.p.TestFile    ... success: reloaded. 
599842     INFO  main            d.u.i.k.p.r.p.TestFile    Now processing file /home/runner/work/key/key/key.core/../key.ui/examples/standard_key/staticInitialisation/localDeclared.key 
599842     INFO  main            d.u.i.k.p.i.AbstractProblemLoader Loading environment from /home/runner/work/key/key/key.core/../key.ui/examples/standard_key/staticInitialisation/localDeclared.key 
599843     DEBUG main            d.u.i.k.p.i.AbstractProblemLoader Environment load took 163.9ns 
599844     INFO  main            d.u.i.k.p.i.AbstractProblemLoader Creating init config 
599865     WARN  main            d.u.i.k.j.r.KeYCrossReferenceNameInfo Datatype java.io.PrintStream declared twice: Once in FILE:/home/runner/work/key/key/key.core/../key.ui/examples/standard_key/staticInitialisation/classpath/PrintStream.java and once in URL:file:/home/runner/work/key/key/key.core/build/resources/main/de/uka/ilkd/key/java/JavaRedux/java/io/PrintStream.java, Keeping one from URL:file:/home/runner/work/key/key/key.core/build/resources/main/de/uka/ilkd/key/java/JavaRedux/java/io/PrintStream.java 
599865     WARN  main            d.u.i.k.j.r.KeYCrossReferenceNameInfo Datatype java.lang.System declared twice: Once in FILE:/home/runner/work/key/key/key.core/../key.ui/examples/standard_key/staticInitialisation/classpath/System.java and once in URL:file:/home/runner/work/key/key/key.core/build/resources/main/de/uka/ilkd/key/java/JavaRedux/java/lang/System.java, Keeping one from URL:file:/home/runner/work/key/key/key.core/build/resources/main/de/uka/ilkd/key/java/JavaRedux/java/lang/System.java 
602345     DEBUG main            d.u.i.k.p.i.AbstractProblemLoader Init config took 2.5s 
602359     INFO  main            d.u.i.k.p.i.AbstractProblemLoader Replaying proof localDeclared.key 
602361     DEBUG main            d.u.i.k.p.i.IntermediateProofReplayer Proof replay took 3.3ns 
602664     INFO  main            d.u.i.k.p.r.p.TestFile    ... finished proof: closed. 
603175     INFO  main            d.u.i.k.p.i.AbstractProblemLoader Loading environment from /home/runner/work/key/key/key.core/../key.ui/examples/standard_key/staticInitialisation/localDeclared.key.proof 
603175     DEBUG main            d.u.i.k.p.i.AbstractProblemLoader Environment load took 92.3ns 
603177     INFO  main            d.u.i.k.p.i.AbstractProblemLoader Creating init config 
603199     WARN  main            d.u.i.k.j.r.KeYCrossReferenceNameInfo Datatype java.io.PrintStream declared twice: Once in FILE:/home/runner/work/key/key/key.core/../key.ui/examples/standard_key/staticInitialisation/classpath/PrintStream.java and once in URL:file:/home/runner/work/key/key/key.core/build/resources/main/de/uka/ilkd/key/java/JavaRedux/java/io/PrintStream.java, Keeping one from URL:file:/home/runner/work/key/key/key.core/build/resources/main/de/uka/ilkd/key/java/JavaRedux/java/io/PrintStream.java 
603199     WARN  main            d.u.i.k.j.r.KeYCrossReferenceNameInfo Datatype java.lang.System declared twice: Once in FILE:/home/runner/work/key/key/key.core/../key.ui/examples/standard_key/staticInitialisation/classpath/System.java and once in URL:file:/home/runner/work/key/key/key.core/build/resources/main/de/uka/ilkd/key/java/JavaRedux/java/lang/System.java, Keeping one from URL:file:/home/runner/work/key/key/key.core/build/resources/main/de/uka/ilkd/key/java/JavaRedux/java/lang/System.java 
605641     DEBUG main            d.u.i.k.p.i.AbstractProblemLoader Init config took 2.46s 
605655     INFO  main            d.u.i.k.p.i.AbstractProblemLoader Replaying proof localDeclared.key.proof 
605697     DEBUG main            d.u.i.k.p.i.IntermediateProofReplayer Proof replay took 40.32ms 
605699     DEBUG main            d.u.i.k.p.r.p.TestFile    ... success: reloaded. 
605699     INFO  main            d.u.i.k.p.r.p.TestFile    Now processing file /home/runner/work/key/key/key.core/../key.ui/examples/standard_key/staticInitialisation/localDeclaredMethod.key 
605700     INFO  main            d.u.i.k.p.i.AbstractProblemLoader Loading environment from /home/runner/work/key/key/key.core/../key.ui/examples/standard_key/staticInitialisation/localDeclaredMethod.key 
605700     DEBUG main            d.u.i.k.p.i.AbstractProblemLoader Environment load took 111.8ns 
605701     INFO  main            d.u.i.k.p.i.AbstractProblemLoader Creating init config 
605720     WARN  main            d.u.i.k.j.r.KeYCrossReferenceNameInfo Datatype java.io.PrintStream declared twice: Once in FILE:/home/runner/work/key/key/key.core/../key.ui/examples/standard_key/staticInitialisation/classpath/PrintStream.java and once in URL:file:/home/runner/work/key/key/key.core/build/resources/main/de/uka/ilkd/key/java/JavaRedux/java/io/PrintStream.java, Keeping one from URL:file:/home/runner/work/key/key/key.core/build/resources/main/de/uka/ilkd/key/java/JavaRedux/java/io/PrintStream.java 
605720     WARN  main            d.u.i.k.j.r.KeYCrossReferenceNameInfo Datatype java.lang.System declared twice: Once in FILE:/home/runner/work/key/key/key.core/../key.ui/examples/standard_key/staticInitialisation/classpath/System.java and once in URL:file:/home/runner/work/key/key/key.core/build/resources/main/de/uka/ilkd/key/java/JavaRedux/java/lang/System.java, Keeping one from URL:file:/home/runner/work/key/key/key.core/build/resources/main/de/uka/ilkd/key/java/JavaRedux/java/lang/System.java 
608222     DEBUG main            d.u.i.k.p.i.AbstractProblemLoader Init config took 2.52s 
608237     INFO  main            d.u.i.k.p.i.AbstractProblemLoader Replaying proof localDeclaredMethod.key 
608238     DEBUG main            d.u.i.k.p.i.IntermediateProofReplayer Proof replay took 3.5ns 
608541     INFO  main            d.u.i.k.p.r.p.TestFile    ... finished proof: closed. 
609084     INFO  main            d.u.i.k.p.i.AbstractProblemLoader Loading environment from /home/runner/work/key/key/key.core/../key.ui/examples/standard_key/staticInitialisation/localDeclaredMethod.key.proof 
609084     DEBUG main            d.u.i.k.p.i.AbstractProblemLoader Environment load took 119ns 
609085     INFO  main            d.u.i.k.p.i.AbstractProblemLoader Creating init config 
609103     WARN  main            d.u.i.k.j.r.KeYCrossReferenceNameInfo Datatype java.io.PrintStream declared twice: Once in FILE:/home/runner/work/key/key/key.core/../key.ui/examples/standard_key/staticInitialisation/classpath/PrintStream.java and once in URL:file:/home/runner/work/key/key/key.core/build/resources/main/de/uka/ilkd/key/java/JavaRedux/java/io/PrintStream.java, Keeping one from URL:file:/home/runner/work/key/key/key.core/build/resources/main/de/uka/ilkd/key/java/JavaRedux/java/io/PrintStream.java 
609103     WARN  main            d.u.i.k.j.r.KeYCrossReferenceNameInfo Datatype java.lang.System declared twice: Once in FILE:/home/runner/work/key/key/key.core/../key.ui/examples/standard_key/staticInitialisation/classpath/System.java and once in URL:file:/home/runner/work/key/key/key.core/build/resources/main/de/uka/ilkd/key/java/JavaRedux/java/lang/System.java, Keeping one from URL:file:/home/runner/work/key/key/key.core/build/resources/main/de/uka/ilkd/key/java/JavaRedux/java/lang/System.java 
611475     DEBUG main            d.u.i.k.p.i.AbstractProblemLoader Init config took 2.39s 
611489     INFO  main            d.u.i.k.p.i.AbstractProblemLoader Replaying proof localDeclaredMethod.key.proof 
611529     DEBUG main            d.u.i.k.p.i.IntermediateProofReplayer Proof replay took 37.61ms 
611530     DEBUG main            d.u.i.k.p.r.p.TestFile    ... success: reloaded. 
611531     INFO  main            d.u.i.k.p.r.p.TestFile    Now processing file /home/runner/work/key/key/key.core/../key.ui/examples/standard_key/staticInitialisation/objectOfErroneousClass.key 
611531     INFO  main            d.u.i.k.p.i.AbstractProblemLoader Loading environment from /home/runner/work/key/key/key.core/../key.ui/examples/standard_key/staticInitialisation/objectOfErroneousClass.key 
611531     DEBUG main            d.u.i.k.p.i.AbstractProblemLoader Environment load took 92.9ns 
611532     INFO  main            d.u.i.k.p.i.AbstractProblemLoader Creating init config 
611551     WARN  main            d.u.i.k.j.r.KeYCrossReferenceNameInfo Datatype java.io.PrintStream declared twice: Once in FILE:/home/runner/work/key/key/key.core/../key.ui/examples/standard_key/staticInitialisation/classpath/PrintStream.java and once in URL:file:/home/runner/work/key/key/key.core/build/resources/main/de/uka/ilkd/key/java/JavaRedux/java/io/PrintStream.java, Keeping one from URL:file:/home/runner/work/key/key/key.core/build/resources/main/de/uka/ilkd/key/java/JavaRedux/java/io/PrintStream.java 
611551     WARN  main            d.u.i.k.j.r.KeYCrossReferenceNameInfo Datatype java.lang.System declared twice: Once in FILE:/home/runner/work/key/key/key.core/../key.ui/examples/standard_key/staticInitialisation/classpath/System.java and once in URL:file:/home/runner/work/key/key/key.core/build/resources/main/de/uka/ilkd/key/java/JavaRedux/java/lang/System.java, Keeping one from URL:file:/home/runner/work/key/key/key.core/build/resources/main/de/uka/ilkd/key/java/JavaRedux/java/lang/System.java 
613952     DEBUG main            d.u.i.k.p.i.AbstractProblemLoader Init config took 2.42s 
613967     INFO  main            d.u.i.k.p.i.AbstractProblemLoader Replaying proof objectOfErroneousClass.key 
613970     DEBUG main            d.u.i.k.p.i.IntermediateProofReplayer Proof replay took 2.9ns 
627620     INFO  main            d.u.i.k.p.r.p.TestFile    ... finished proof: closed. 
628239     INFO  main            d.u.i.k.p.i.AbstractProblemLoader Loading environment from /home/runner/work/key/key/key.core/../key.ui/examples/standard_key/staticInitialisation/objectOfErroneousClass.key.proof 
628239     DEBUG main            d.u.i.k.p.i.AbstractProblemLoader Environment load took 346.2ns 
628243     INFO  main            d.u.i.k.p.i.AbstractProblemLoader Creating init config 
628263     WARN  main            d.u.i.k.j.r.KeYCrossReferenceNameInfo Datatype java.io.PrintStream declared twice: Once in FILE:/home/runner/work/key/key/key.core/../key.ui/examples/standard_key/staticInitialisation/classpath/PrintStream.java and once in URL:file:/home/runner/work/key/key/key.core/build/resources/main/de/uka/ilkd/key/java/JavaRedux/java/io/PrintStream.java, Keeping one from URL:file:/home/runner/work/key/key/key.core/build/resources/main/de/uka/ilkd/key/java/JavaRedux/java/io/PrintStream.java 
628264     WARN  main            d.u.i.k.j.r.KeYCrossReferenceNameInfo Datatype java.lang.System declared twice: Once in FILE:/home/runner/work/key/key/key.core/../key.ui/examples/standard_key/staticInitialisation/classpath/System.java and once in URL:file:/home/runner/work/key/key/key.core/build/resources/main/de/uka/ilkd/key/java/JavaRedux/java/lang/System.java, Keeping one from URL:file:/home/runner/work/key/key/key.core/build/resources/main/de/uka/ilkd/key/java/JavaRedux/java/lang/System.java 
630629     DEBUG main            d.u.i.k.p.i.AbstractProblemLoader Init config took 2.39s 
630644     INFO  main            d.u.i.k.p.i.AbstractProblemLoader Replaying proof objectOfErroneousClass.key.proof 
632082     DEBUG main            d.u.i.k.p.i.IntermediateProofReplayer Proof replay took 1.41s 
632085     DEBUG main            d.u.i.k.p.r.p.TestFile    ... success: reloaded. 
632086     INFO  main            d.u.i.k.p.r.p.TestFile    Now processing file /home/runner/work/key/key/key.core/../key.ui/examples/standard_key/staticInitialisation/staticInitialisersAreNonSimple.key 
632086     INFO  main            d.u.i.k.p.i.AbstractProblemLoader Loading environment from /home/runner/work/key/key/key.core/../key.ui/examples/standard_key/staticInitialisation/staticInitialisersAreNonSimple.key 
632087     DEBUG main            d.u.i.k.p.i.AbstractProblemLoader Environment load took 76.6ns 
632088     INFO  main            d.u.i.k.p.i.AbstractProblemLoader Creating init config 
632106     WARN  main            d.u.i.k.j.r.KeYCrossReferenceNameInfo Datatype java.io.PrintStream declared twice: Once in FILE:/home/runner/work/key/key/key.core/../key.ui/examples/standard_key/staticInitialisation/classpath/PrintStream.java and once in URL:file:/home/runner/work/key/key/key.core/build/resources/main/de/uka/ilkd/key/java/JavaRedux/java/io/PrintStream.java, Keeping one from URL:file:/home/runner/work/key/key/key.core/build/resources/main/de/uka/ilkd/key/java/JavaRedux/java/io/PrintStream.java 
632106     WARN  main            d.u.i.k.j.r.KeYCrossReferenceNameInfo Datatype java.lang.System declared twice: Once in FILE:/home/runner/work/key/key/key.core/../key.ui/examples/standard_key/staticInitialisation/classpath/System.java and once in URL:file:/home/runner/work/key/key/key.core/build/resources/main/de/uka/ilkd/key/java/JavaRedux/java/lang/System.java, Keeping one from URL:file:/home/runner/work/key/key/key.core/build/resources/main/de/uka/ilkd/key/java/JavaRedux/java/lang/System.java 
634638     DEBUG main            d.u.i.k.p.i.AbstractProblemLoader Init config took 2.55s 
634653     INFO  main            d.u.i.k.p.i.AbstractProblemLoader Replaying proof staticInitialisersAreNonSimple.key 
634654     DEBUG main            d.u.i.k.p.i.IntermediateProofReplayer Proof replay took 2.9ns 
634957     INFO  main            d.u.i.k.p.r.p.TestFile    ... finished proof: closed. 
635599     INFO  main            d.u.i.k.p.i.AbstractProblemLoader Loading environment from /home/runner/work/key/key/key.core/../key.ui/examples/standard_key/staticInitialisation/staticInitialisersAreNonSimple.key.proof 
635599     DEBUG main            d.u.i.k.p.i.AbstractProblemLoader Environment load took 90ns 
635600     INFO  main            d.u.i.k.p.i.AbstractProblemLoader Creating init config 
635620     WARN  main            d.u.i.k.j.r.KeYCrossReferenceNameInfo Datatype java.io.PrintStream declared twice: Once in FILE:/home/runner/work/key/key/key.core/../key.ui/examples/standard_key/staticInitialisation/classpath/PrintStream.java and once in URL:file:/home/runner/work/key/key/key.core/build/resources/main/de/uka/ilkd/key/java/JavaRedux/java/io/PrintStream.java, Keeping one from URL:file:/home/runner/work/key/key/key.core/build/resources/main/de/uka/ilkd/key/java/JavaRedux/java/io/PrintStream.java 
635621     WARN  main            d.u.i.k.j.r.KeYCrossReferenceNameInfo Datatype java.lang.System declared twice: Once in FILE:/home/runner/work/key/key/key.core/../key.ui/examples/standard_key/staticInitialisation/classpath/System.java and once in URL:file:/home/runner/work/key/key/key.core/build/resources/main/de/uka/ilkd/key/java/JavaRedux/java/lang/System.java, Keeping one from URL:file:/home/runner/work/key/key/key.core/build/resources/main/de/uka/ilkd/key/java/JavaRedux/java/lang/System.java 
638013     DEBUG main            d.u.i.k.p.i.AbstractProblemLoader Init config took 2.41s 
638028     INFO  main            d.u.i.k.p.i.AbstractProblemLoader Replaying proof staticInitialisersAreNonSimple.key.proof 
638085     DEBUG main            d.u.i.k.p.i.IntermediateProofReplayer Proof replay took 54.93ms 
638087     DEBUG main            d.u.i.k.p.r.p.TestFile    ... success: reloaded. 
638087     INFO  main            d.u.i.k.p.r.p.TestFile    Now processing file /home/runner/work/key/key/key.core/../key.ui/examples/standard_key/types/disjoint.key 
638088     INFO  main            d.u.i.k.p.i.AbstractProblemLoader Loading environment from /home/runner/work/key/key/key.core/../key.ui/examples/standard_key/types/disjoint.key 
638088     DEBUG main            d.u.i.k.p.i.AbstractProblemLoader Environment load took 45.4ns 
638088     INFO  main            d.u.i.k.p.i.AbstractProblemLoader Creating init config 
640439     DEBUG main            d.u.i.k.p.i.AbstractProblemLoader Init config took 2.35s 
640452     INFO  main            d.u.i.k.p.i.AbstractProblemLoader Replaying proof disjoint.key 
640455     DEBUG main            d.u.i.k.p.i.IntermediateProofReplayer Proof replay took 3ns 
640557     INFO  main            d.u.i.k.p.r.p.TestFile    ... finished proof: closed. 
641117     INFO  main            d.u.i.k.p.i.AbstractProblemLoader Loading environment from /home/runner/work/key/key/key.core/../key.ui/examples/standard_key/types/disjoint.key.proof 
641117     DEBUG main            d.u.i.k.p.i.AbstractProblemLoader Environment load took 84.3ns 
641117     INFO  main            d.u.i.k.p.i.AbstractProblemLoader Creating init config 
643425     DEBUG main            d.u.i.k.p.i.AbstractProblemLoader Init config took 2.31s 
643438     INFO  main            d.u.i.k.p.i.AbstractProblemLoader Replaying proof disjoint.key.proof 
643439     DEBUG main            d.u.i.k.p.i.IntermediateProofReplayer Proof replay took 232.3ns 
643440     DEBUG main            d.u.i.k.p.r.p.TestFile    ... success: reloaded. 
643441     INFO  main            d.u.i.k.p.r.p.TestFile    Now processing file /home/runner/work/key/key/key.core/../key.ui/examples/../../key.core/src/test/resources/testcase/classpath/classpath.key 
643441     INFO  main            d.u.i.k.p.i.AbstractProblemLoader Loading environment from /home/runner/work/key/key/key.core/../key.ui/examples/../../key.core/src/test/resources/testcase/classpath/classpath.key 
643441     DEBUG main            d.u.i.k.p.i.AbstractProblemLoader Environment load took 118.7ns 
643442     INFO  main            d.u.i.k.p.i.AbstractProblemLoader Creating init config 
643463     WARN  main            d.u.i.k.j.r.KeYCrossReferenceNameInfo Datatype cp.C declared twice: Once in FILE:/home/runner/work/key/key/key.core/../key.ui/examples/../../key.core/src/test/resources/testcase/classpath/classpath/C.class and once in FILE:/home/runner/work/key/key/key.core/../key.ui/examples/../../key.core/src/test/resources/testcase/classpath/classpath/C.jml, Keeping one from FILE:/home/runner/work/key/key/key.core/../key.ui/examples/../../key.core/src/test/resources/testcase/classpath/classpath/C.jml 
643465     DEBUG main            d.u.i.k.j.r.ClassFileDeclarationBuilder Parsing: package cp; public class Unresolved1 { } 
643466     DEBUG main            r.s.KeYCrossReferenceSourceInfo Dynamically created class: cp.Unresolved1 
643466     DEBUG main            d.u.i.k.j.r.ClassFileDeclarationBuilder Parsing: package cp; public class Unresolved2 { } 
643466     DEBUG main            r.s.KeYCrossReferenceSourceInfo Dynamically created class: cp.Unresolved2 
645941     DEBUG main            d.u.i.k.p.i.AbstractProblemLoader Init config took 2.5s 
645956     INFO  main            d.u.i.k.p.i.AbstractProblemLoader Replaying proof classpath.key 
645957     DEBUG main            d.u.i.k.p.i.IntermediateProofReplayer Proof replay took 3.8ns 
646061     INFO  main            d.u.i.k.p.r.p.TestFile    ... finished proof: closed. 
646634     INFO  main            d.u.i.k.p.i.AbstractProblemLoader Loading environment from /home/runner/work/key/key/key.core/../key.ui/examples/../../key.core/src/test/resources/testcase/classpath/classpath.key.proof 
646634     DEBUG main            d.u.i.k.p.i.AbstractProblemLoader Environment load took 80.9ns 
646635     INFO  main            d.u.i.k.p.i.AbstractProblemLoader Creating init config 
646663     WARN  main            d.u.i.k.j.r.KeYCrossReferenceNameInfo Datatype cp.C declared twice: Once in FILE:/home/runner/work/key/key/key.core/../key.ui/examples/../../key.core/src/test/resources/testcase/classpath/classpath/C.class and once in FILE:/home/runner/work/key/key/key.core/../key.ui/examples/../../key.core/src/test/resources/testcase/classpath/classpath/C.jml, Keeping one from FILE:/home/runner/work/key/key/key.core/../key.ui/examples/../../key.core/src/test/resources/testcase/classpath/classpath/C.jml 
646678     DEBUG main            d.u.i.k.j.r.ClassFileDeclarationBuilder Parsing: package cp; public class Unresolved1 { } 
646678     DEBUG main            r.s.KeYCrossReferenceSourceInfo Dynamically created class: cp.Unresolved1 
646678     DEBUG main            d.u.i.k.j.r.ClassFileDeclarationBuilder Parsing: package cp; public class Unresolved2 { } 
646678     DEBUG main            r.s.KeYCrossReferenceSourceInfo Dynamically created class: cp.Unresolved2 
649110     DEBUG main            d.u.i.k.p.i.AbstractProblemLoader Init config took 2.47s 
649125     INFO  main            d.u.i.k.p.i.AbstractProblemLoader Replaying proof classpath.key.proof 
649127     DEBUG main            d.u.i.k.p.i.IntermediateProofReplayer Proof replay took 458.5ns 
649128     DEBUG main            d.u.i.k.p.r.p.TestFile    ... success: reloaded. 
649129     INFO  main            d.u.i.k.p.r.p.TestFile    Now processing file /home/runner/work/key/key/key.core/../key.ui/examples/heap/inconsistent_represents/MyClass_m.key 
649129     INFO  main            d.u.i.k.p.i.AbstractProblemLoader Loading environment from /home/runner/work/key/key/key.core/../key.ui/examples/heap/inconsistent_represents/MyClass_m.key 
649129     DEBUG main            d.u.i.k.p.i.AbstractProblemLoader Environment load took 47.6ns 
649129     INFO  main            d.u.i.k.p.i.AbstractProblemLoader Creating init config 
651573     DEBUG main            d.u.i.k.p.i.AbstractProblemLoader Init config took 2.44s 
651608     INFO  main            d.u.i.k.p.i.AbstractProblemLoader Replaying proof MyClass[MyClass::m()].JML operation contract.0 
651609     DEBUG main            d.u.i.k.p.i.IntermediateProofReplayer Proof replay took 3ns 
651713     INFO  main            d.u.i.k.p.r.p.TestFile    ... finished proof: open goal(s) 
652272     INFO  main            d.u.i.k.p.r.p.TestFile    Now processing file /home/runner/work/key/key/key.core/../key.ui/examples/heap/inconsistent_represents/MyClass_n.key 
652272     INFO  main            d.u.i.k.p.i.AbstractProblemLoader Loading environment from /home/runner/work/key/key/key.core/../key.ui/examples/heap/inconsistent_represents/MyClass_n.key 
652272     DEBUG main            d.u.i.k.p.i.AbstractProblemLoader Environment load took 49.7ns 
652273     INFO  main            d.u.i.k.p.i.AbstractProblemLoader Creating init config 
654676     DEBUG main            d.u.i.k.p.i.AbstractProblemLoader Init config took 2.4s 
654708     INFO  main            d.u.i.k.p.i.AbstractProblemLoader Replaying proof MyClass[MyClass::n()].JML operation contract.0 
654710     DEBUG main            d.u.i.k.p.i.IntermediateProofReplayer Proof replay took 3.2ns 
654813     INFO  main            d.u.i.k.p.r.p.TestFile    ... finished proof: open goal(s) 
3568268    INFO  Test worker     d.u.i.k.p.r.RunAllProofsTestUnit Returning from test javadl 
3568269    INFO  Test worker     d.u.i.k.p.r.RunAllProofsTestUnit Running test FOL 
358        INFO  Timeout watchdog d.u.i.k.p.r.p.ForkedTestFileRunner Timeout watcher launched (2000 secs.) 
369        WARN  main            d.u.i.k.s.ProofSettings   The settings in /home/runner/.key/proof-settings.props are *not* read. 
420        INFO  main            d.u.i.k.p.r.p.TestFile    Now processing file /home/runner/work/key/key/key.core/../key.ui/examples/standard_key/pred_log/count.key 
566        INFO  main            d.u.i.k.p.i.AbstractProblemLoader Loading environment from /home/runner/work/key/key/key.core/../key.ui/examples/standard_key/pred_log/count.key 
584        DEBUG main            d.u.i.k.p.i.AbstractProblemLoader Environment load took 2.14ms 
837        INFO  main            d.u.i.k.p.i.AbstractProblemLoader Creating init config 
1748       DEBUG main            d.u.i.k.j.TypeConverter   No LDT found for Meta 
1749       DEBUG main            d.u.i.k.j.TypeConverter   No LDT found for Meta 
1750       DEBUG main            d.u.i.k.j.TypeConverter   No LDT found for Meta 
1750       DEBUG main            d.u.i.k.j.TypeConverter   No LDT found for Meta 
3256       DEBUG main            d.u.i.k.j.TypeConverter   No LDT found for JavaBigintExpression 
8142       DEBUG main            d.u.i.k.p.i.AbstractProblemLoader Init config took 7.3s 
8214       INFO  main            d.u.i.k.p.i.AbstractProblemLoader Replaying proof count.key 
8249       DEBUG main            d.u.i.k.p.i.IntermediateProofReplayer Proof replay took 40.3ns 
8404       INFO  main            d.u.i.k.p.r.p.TestFile    ... finished proof: closed. 
8505       INFO  main            d.u.i.k.p.i.AbstractProblemLoader Loading environment from /home/runner/work/key/key/key.core/../key.ui/examples/standard_key/pred_log/count.key.proof 
8506       DEBUG main            d.u.i.k.p.i.AbstractProblemLoader Environment load took 171.7ns 
8512       INFO  main            d.u.i.k.p.i.AbstractProblemLoader Creating init config 
11323      DEBUG main            d.u.i.k.p.i.AbstractProblemLoader Init config took 2.81s 
11374      INFO  main            d.u.i.k.p.i.AbstractProblemLoader Replaying proof count.key.proof 
11392      DEBUG main            d.u.i.k.p.i.IntermediateProofReplayer Proof replay took 9.3ms 
11403      DEBUG main            d.u.i.k.p.r.p.TestFile    ... success: reloaded. 
11405      INFO  main            d.u.i.k.p.r.p.TestFile    Now processing file /home/runner/work/key/key/key.core/../key.ui/examples/standard_key/pred_log/count2.key 
11405      INFO  main            d.u.i.k.p.i.AbstractProblemLoader Loading environment from /home/runner/work/key/key/key.core/../key.ui/examples/standard_key/pred_log/count2.key 
11405      DEBUG main            d.u.i.k.p.i.AbstractProblemLoader Environment load took 211.4ns 
11407      INFO  main            d.u.i.k.p.i.AbstractProblemLoader Creating init config 
13956      DEBUG main            d.u.i.k.p.i.AbstractProblemLoader Init config took 2.55s 
13996      INFO  main            d.u.i.k.p.i.AbstractProblemLoader Replaying proof count2.key 
13997      DEBUG main            d.u.i.k.p.i.IntermediateProofReplayer Proof replay took 7.2ns 
14110      INFO  main            d.u.i.k.p.r.p.TestFile    ... finished proof: closed. 
14256      INFO  main            d.u.i.k.p.i.AbstractProblemLoader Loading environment from /home/runner/work/key/key/key.core/../key.ui/examples/standard_key/pred_log/count2.key.proof 
14256      DEBUG main            d.u.i.k.p.i.AbstractProblemLoader Environment load took 137ns 
14258      INFO  main            d.u.i.k.p.i.AbstractProblemLoader Creating init config 
16787      DEBUG main            d.u.i.k.p.i.AbstractProblemLoader Init config took 2.53s 
16810      INFO  main            d.u.i.k.p.i.AbstractProblemLoader Replaying proof count2.key.proof 
16815      DEBUG main            d.u.i.k.p.i.IntermediateProofReplayer Proof replay took 2.44ms 
16816      DEBUG main            d.u.i.k.p.r.p.TestFile    ... success: reloaded. 
16817      INFO  main            d.u.i.k.p.r.p.TestFile    Now processing file /home/runner/work/key/key/key.core/../key.ui/examples/standard_key/pred_log/count3.key 
16817      INFO  main            d.u.i.k.p.i.AbstractProblemLoader Loading environment from /home/runner/work/key/key/key.core/../key.ui/examples/standard_key/pred_log/count3.key 
16818      DEBUG main            d.u.i.k.p.i.AbstractProblemLoader Environment load took 279.3ns 
16819      INFO  main            d.u.i.k.p.i.AbstractProblemLoader Creating init config 
19328      DEBUG main            d.u.i.k.p.i.AbstractProblemLoader Init config took 2.51s 
19350      INFO  main            d.u.i.k.p.i.AbstractProblemLoader Replaying proof count3.key 
19359      DEBUG main            d.u.i.k.p.i.IntermediateProofReplayer Proof replay took 8.2ns 
19461      INFO  main            d.u.i.k.p.r.p.TestFile    ... finished proof: closed. 
19595      INFO  main            d.u.i.k.p.i.AbstractProblemLoader Loading environment from /home/runner/work/key/key/key.core/../key.ui/examples/standard_key/pred_log/count3.key.proof 
19595      DEBUG main            d.u.i.k.p.i.AbstractProblemLoader Environment load took 187.4ns 
19597      INFO  main            d.u.i.k.p.i.AbstractProblemLoader Creating init config 
22072      DEBUG main            d.u.i.k.p.i.AbstractProblemLoader Init config took 2.48s 
22093      INFO  main            d.u.i.k.p.i.AbstractProblemLoader Replaying proof count3.key.proof 
22097      DEBUG main            d.u.i.k.p.i.IntermediateProofReplayer Proof replay took 2.26ms 
22098      DEBUG main            d.u.i.k.p.r.p.TestFile    ... success: reloaded. 
22099      INFO  main            d.u.i.k.p.r.p.TestFile    Now processing file /home/runner/work/key/key/key.core/../key.ui/examples/standard_key/pred_log/equalities.key 
22099      INFO  main            d.u.i.k.p.i.AbstractProblemLoader Loading environment from /home/runner/work/key/key/key.core/../key.ui/examples/standard_key/pred_log/equalities.key 
22099      DEBUG main            d.u.i.k.p.i.AbstractProblemLoader Environment load took 98.5ns 
22100      INFO  main            d.u.i.k.p.i.AbstractProblemLoader Creating init config 
24608      DEBUG main            d.u.i.k.p.i.AbstractProblemLoader Init config took 2.51s 
24628      INFO  main            d.u.i.k.p.i.AbstractProblemLoader Replaying proof equalities.key 
24629      DEBUG main            d.u.i.k.p.i.IntermediateProofReplayer Proof replay took 7.3ns 
24734      INFO  main            d.u.i.k.p.r.p.TestFile    ... finished proof: closed. 
24879      INFO  main            d.u.i.k.p.i.AbstractProblemLoader Loading environment from /home/runner/work/key/key/key.core/../key.ui/examples/standard_key/pred_log/equalities.key.proof 
24879      DEBUG main            d.u.i.k.p.i.AbstractProblemLoader Environment load took 131ns 
24880      INFO  main            d.u.i.k.p.i.AbstractProblemLoader Creating init config 
27284      DEBUG main            d.u.i.k.p.i.AbstractProblemLoader Init config took 2.4s 
27303      INFO  main            d.u.i.k.p.i.AbstractProblemLoader Replaying proof equalities.key.proof 
27306      DEBUG main            d.u.i.k.p.i.IntermediateProofReplayer Proof replay took 1.13ms 
27307      DEBUG main            d.u.i.k.p.r.p.TestFile    ... success: reloaded. 
27308      INFO  main            d.u.i.k.p.r.p.TestFile    Now processing file /home/runner/work/key/key/key.core/../key.ui/examples/standard_key/pred_log/equalities2.key 
27308      INFO  main            d.u.i.k.p.i.AbstractProblemLoader Loading environment from /home/runner/work/key/key/key.core/../key.ui/examples/standard_key/pred_log/equalities2.key 
27308      DEBUG main            d.u.i.k.p.i.AbstractProblemLoader Environment load took 100ns 
27318      INFO  main            d.u.i.k.p.i.AbstractProblemLoader Creating init config 
29829      DEBUG main            d.u.i.k.p.i.AbstractProblemLoader Init config took 2.51s 
29849      INFO  main            d.u.i.k.p.i.AbstractProblemLoader Replaying proof equalities2.key 
29850      DEBUG main            d.u.i.k.p.i.IntermediateProofReplayer Proof replay took 7.9ns 
29956      INFO  main            d.u.i.k.p.r.p.TestFile    ... finished proof: closed. 
30128      INFO  main            d.u.i.k.p.i.AbstractProblemLoader Loading environment from /home/runner/work/key/key/key.core/../key.ui/examples/standard_key/pred_log/equalities2.key.proof 
30129      DEBUG main            d.u.i.k.p.i.AbstractProblemLoader Environment load took 136.6ns 
30131      INFO  main            d.u.i.k.p.i.AbstractProblemLoader Creating init config 
32621      DEBUG main            d.u.i.k.p.i.AbstractProblemLoader Init config took 2.49s 
32639      INFO  main            d.u.i.k.p.i.AbstractProblemLoader Replaying proof equalities2.key.proof 
32644      DEBUG main            d.u.i.k.p.i.IntermediateProofReplayer Proof replay took 3.04ms 
32646      DEBUG main            d.u.i.k.p.r.p.TestFile    ... success: reloaded. 
32646      INFO  main            d.u.i.k.p.r.p.TestFile    Now processing file /home/runner/work/key/key/key.core/../key.ui/examples/standard_key/pred_log/equalities3.key 
32647      INFO  main            d.u.i.k.p.i.AbstractProblemLoader Loading environment from /home/runner/work/key/key/key.core/../key.ui/examples/standard_key/pred_log/equalities3.key 
32647      DEBUG main            d.u.i.k.p.i.AbstractProblemLoader Environment load took 201.2ns 
32648      INFO  main            d.u.i.k.p.i.AbstractProblemLoader Creating init config 
35159      DEBUG main            d.u.i.k.p.i.AbstractProblemLoader Init config took 2.51s 
35175      INFO  main            d.u.i.k.p.i.AbstractProblemLoader Replaying proof equalities3.key 
35177      DEBUG main            d.u.i.k.p.i.IntermediateProofReplayer Proof replay took 8ns 
35281      INFO  main            d.u.i.k.p.r.p.TestFile    ... finished proof: closed. 
35437      INFO  main            d.u.i.k.p.i.AbstractProblemLoader Loading environment from /home/runner/work/key/key/key.core/../key.ui/examples/standard_key/pred_log/equalities3.key.proof 
35437      DEBUG main            d.u.i.k.p.i.AbstractProblemLoader Environment load took 136.7ns 
35438      INFO  main            d.u.i.k.p.i.AbstractProblemLoader Creating init config 
37974      DEBUG main            d.u.i.k.p.i.AbstractProblemLoader Init config took 2.54s 
37991      INFO  main            d.u.i.k.p.i.AbstractProblemLoader Replaying proof equalities3.key.proof 
37998      DEBUG main            d.u.i.k.p.i.IntermediateProofReplayer Proof replay took 4.69ms 
37999      DEBUG main            d.u.i.k.p.r.p.TestFile    ... success: reloaded. 
38000      INFO  main            d.u.i.k.p.r.p.TestFile    Now processing file /home/runner/work/key/key/key.core/../key.ui/examples/standard_key/pred_log/functions.key 
38001      INFO  main            d.u.i.k.p.i.AbstractProblemLoader Loading environment from /home/runner/work/key/key/key.core/../key.ui/examples/standard_key/pred_log/functions.key 
38001      DEBUG main            d.u.i.k.p.i.AbstractProblemLoader Environment load took 193.5ns 
38002      INFO  main            d.u.i.k.p.i.AbstractProblemLoader Creating init config 
40487      DEBUG main            d.u.i.k.p.i.AbstractProblemLoader Init config took 2.48s 
40503      INFO  main            d.u.i.k.p.i.AbstractProblemLoader Replaying proof functions.key 
40505      DEBUG main            d.u.i.k.p.i.IntermediateProofReplayer Proof replay took 8ns 
40608      INFO  main            d.u.i.k.p.r.p.TestFile    ... finished proof: closed. 
40773      INFO  main            d.u.i.k.p.i.AbstractProblemLoader Loading environment from /home/runner/work/key/key/key.core/../key.ui/examples/standard_key/pred_log/functions.key.proof 
40773      DEBUG main            d.u.i.k.p.i.AbstractProblemLoader Environment load took 126.1ns 
40774      INFO  main            d.u.i.k.p.i.AbstractProblemLoader Creating init config 
43224      DEBUG main            d.u.i.k.p.i.AbstractProblemLoader Init config took 2.45s 
43241      INFO  main            d.u.i.k.p.i.AbstractProblemLoader Replaying proof functions.key.proof 
43251      DEBUG main            d.u.i.k.p.i.IntermediateProofReplayer Proof replay took 7.87ms 
43252      DEBUG main            d.u.i.k.p.r.p.TestFile    ... success: reloaded. 
43253      INFO  main            d.u.i.k.p.r.p.TestFile    Now processing file /home/runner/work/key/key/key.core/../key.ui/examples/standard_key/pred_log/mv1.key 
43254      INFO  main            d.u.i.k.p.i.AbstractProblemLoader Loading environment from /home/runner/work/key/key/key.core/../key.ui/examples/standard_key/pred_log/mv1.key 
43254      DEBUG main            d.u.i.k.p.i.AbstractProblemLoader Environment load took 189.4ns 
43255      INFO  main            d.u.i.k.p.i.AbstractProblemLoader Creating init config 
45719      DEBUG main            d.u.i.k.p.i.AbstractProblemLoader Init config took 2.46s 
45736      INFO  main            d.u.i.k.p.i.AbstractProblemLoader Replaying proof mv1.key 
45737      DEBUG main            d.u.i.k.p.i.IntermediateProofReplayer Proof replay took 8.1ns 
45840      INFO  main            d.u.i.k.p.r.p.TestFile    ... finished proof: closed. 
46004      INFO  main            d.u.i.k.p.i.AbstractProblemLoader Loading environment from /home/runner/work/key/key/key.core/../key.ui/examples/standard_key/pred_log/mv1.key.proof 
46004      DEBUG main            d.u.i.k.p.i.AbstractProblemLoader Environment load took 133.8ns 
46005      INFO  main            d.u.i.k.p.i.AbstractProblemLoader Creating init config 
48454      DEBUG main            d.u.i.k.p.i.AbstractProblemLoader Init config took 2.45s 
48471      INFO  main            d.u.i.k.p.i.AbstractProblemLoader Replaying proof mv1.key.proof 
48473      DEBUG main            d.u.i.k.p.i.IntermediateProofReplayer Proof replay took 892.81ns 
48474      DEBUG main            d.u.i.k.p.r.p.TestFile    ... success: reloaded. 
48475      INFO  main            d.u.i.k.p.r.p.TestFile    Now processing file /home/runner/work/key/key/key.core/../key.ui/examples/standard_key/pred_log/mv2.key 
48475      INFO  main            d.u.i.k.p.i.AbstractProblemLoader Loading environment from /home/runner/work/key/key/key.core/../key.ui/examples/standard_key/pred_log/mv2.key 
48475      DEBUG main            d.u.i.k.p.i.AbstractProblemLoader Environment load took 85.6ns 
48476      INFO  main            d.u.i.k.p.i.AbstractProblemLoader Creating init config 
50921      DEBUG main            d.u.i.k.p.i.AbstractProblemLoader Init config took 2.44s 
50939      INFO  main            d.u.i.k.p.i.AbstractProblemLoader Replaying proof mv2.key 
50942      DEBUG main            d.u.i.k.p.i.IntermediateProofReplayer Proof replay took 8.8ns 
51045      INFO  main            d.u.i.k.p.r.p.TestFile    ... finished proof: closed. 
51257      INFO  main            d.u.i.k.p.i.AbstractProblemLoader Loading environment from /home/runner/work/key/key/key.core/../key.ui/examples/standard_key/pred_log/mv2.key.proof 
51257      DEBUG main            d.u.i.k.p.i.AbstractProblemLoader Environment load took 126.9ns 
51258      INFO  main            d.u.i.k.p.i.AbstractProblemLoader Creating init config 
53700      DEBUG main            d.u.i.k.p.i.AbstractProblemLoader Init config took 2.44s 
53716      INFO  main            d.u.i.k.p.i.AbstractProblemLoader Replaying proof mv2.key.proof 
53720      DEBUG main            d.u.i.k.p.i.IntermediateProofReplayer Proof replay took 1.56ms 
53720      DEBUG main            d.u.i.k.p.r.p.TestFile    ... success: reloaded. 
53721      INFO  main            d.u.i.k.p.r.p.TestFile    Now processing file /home/runner/work/key/key/key.core/../key.ui/examples/standard_key/pred_log/quantifiers.key 
53721      INFO  main            d.u.i.k.p.i.AbstractProblemLoader Loading environment from /home/runner/work/key/key/key.core/../key.ui/examples/standard_key/pred_log/quantifiers.key 
53722      DEBUG main            d.u.i.k.p.i.AbstractProblemLoader Environment load took 104.7ns 
53722      INFO  main            d.u.i.k.p.i.AbstractProblemLoader Creating init config 
56223      DEBUG main            d.u.i.k.p.i.AbstractProblemLoader Init config took 2.5s 
56238      INFO  main            d.u.i.k.p.i.AbstractProblemLoader Replaying proof quantifiers.key 
56240      DEBUG main            d.u.i.k.p.i.IntermediateProofReplayer Proof replay took 7.5ns 
56342      INFO  main            d.u.i.k.p.r.p.TestFile    ... finished proof: closed. 
56538      INFO  main            d.u.i.k.p.i.AbstractProblemLoader Loading environment from /home/runner/work/key/key/key.core/../key.ui/examples/standard_key/pred_log/quantifiers.key.proof 
56538      DEBUG main            d.u.i.k.p.i.AbstractProblemLoader Environment load took 142.2ns 
56539      INFO  main            d.u.i.k.p.i.AbstractProblemLoader Creating init config 
58964      DEBUG main            d.u.i.k.p.i.AbstractProblemLoader Init config took 2.42s 
58979      INFO  main            d.u.i.k.p.i.AbstractProblemLoader Replaying proof quantifiers.key.proof 
58983      DEBUG main            d.u.i.k.p.i.IntermediateProofReplayer Proof replay took 1.73ms 
58983      DEBUG main            d.u.i.k.p.r.p.TestFile    ... success: reloaded. 
58984      INFO  main            d.u.i.k.p.r.p.TestFile    Now processing file /home/runner/work/key/key/key.core/../key.ui/examples/standard_key/pred_log/simpleEps.key 
58984      INFO  main            d.u.i.k.p.i.AbstractProblemLoader Loading environment from /home/runner/work/key/key/key.core/../key.ui/examples/standard_key/pred_log/simpleEps.key 
58985      DEBUG main            d.u.i.k.p.i.AbstractProblemLoader Environment load took 98.5ns 
58986      INFO  main            d.u.i.k.p.i.AbstractProblemLoader Creating init config 
61385      DEBUG main            d.u.i.k.p.i.AbstractProblemLoader Init config took 2.4s 
61399      INFO  main            d.u.i.k.p.i.AbstractProblemLoader Replaying proof simpleEps.key 
61400      DEBUG main            d.u.i.k.p.i.IntermediateProofReplayer Proof replay took 7.2ns 
61504      INFO  main            d.u.i.k.p.r.p.TestFile    ... finished proof: closed. 
61680      INFO  main            d.u.i.k.p.i.AbstractProblemLoader Loading environment from /home/runner/work/key/key/key.core/../key.ui/examples/standard_key/pred_log/simpleEps.key.proof 
61680      DEBUG main            d.u.i.k.p.i.AbstractProblemLoader Environment load took 120ns 
61681      INFO  main            d.u.i.k.p.i.AbstractProblemLoader Creating init config 
64058      DEBUG main            d.u.i.k.p.i.AbstractProblemLoader Init config took 2.38s 
64073      INFO  main            d.u.i.k.p.i.AbstractProblemLoader Replaying proof simpleEps.key.proof 
64076      DEBUG main            d.u.i.k.p.i.IntermediateProofReplayer Proof replay took 1.16ms 
64077      DEBUG main            d.u.i.k.p.r.p.TestFile    ... success: reloaded. 
64077      INFO  main            d.u.i.k.p.r.p.TestFile    Now processing file /home/runner/work/key/key/key.core/../key.ui/examples/standard_key/pred_log/steam1.key 
64077      INFO  main            d.u.i.k.p.i.AbstractProblemLoader Loading environment from /home/runner/work/key/key/key.core/../key.ui/examples/standard_key/pred_log/steam1.key 
64078      DEBUG main            d.u.i.k.p.i.AbstractProblemLoader Environment load took 104.6ns 
64080      INFO  main            d.u.i.k.p.i.AbstractProblemLoader Creating init config 
66513      DEBUG main            d.u.i.k.p.i.AbstractProblemLoader Init config took 2.43s 
66533      INFO  main            d.u.i.k.p.i.AbstractProblemLoader Replaying proof steam1.key 
66534      DEBUG main            d.u.i.k.p.i.IntermediateProofReplayer Proof replay took 8.2ns 
66944      INFO  main            d.u.i.k.p.r.p.TestFile    ... finished proof: closed. 
67136      INFO  main            d.u.i.k.p.i.AbstractProblemLoader Loading environment from /home/runner/work/key/key/key.core/../key.ui/examples/standard_key/pred_log/steam1.key.proof 
67136      DEBUG main            d.u.i.k.p.i.AbstractProblemLoader Environment load took 420.9ns 
67144      INFO  main            d.u.i.k.p.i.AbstractProblemLoader Creating init config 
69625      DEBUG main            d.u.i.k.p.i.AbstractProblemLoader Init config took 2.48s 
69652      INFO  main            d.u.i.k.p.i.AbstractProblemLoader Replaying proof steam1.key.proof 
69693      DEBUG main            d.u.i.k.p.i.IntermediateProofReplayer Proof replay took 34.78ms 
69695      DEBUG main            d.u.i.k.p.r.p.TestFile    ... success: reloaded. 
69696      INFO  main            d.u.i.k.p.r.p.TestFile    Now processing file /home/runner/work/key/key/key.core/../key.ui/examples/standard_key/pred_log/tptp/PUZ/PUZ001p1.key 
69696      INFO  main            d.u.i.k.p.i.AbstractProblemLoader Loading environment from /home/runner/work/key/key/key.core/../key.ui/examples/standard_key/pred_log/tptp/PUZ/PUZ001p1.key 
69696      DEBUG main            d.u.i.k.p.i.AbstractProblemLoader Environment load took 100.5ns 
69697      INFO  main            d.u.i.k.p.i.AbstractProblemLoader Creating init config 
72117      DEBUG main            d.u.i.k.p.i.AbstractProblemLoader Init config took 2.42s 
72135      INFO  main            d.u.i.k.p.i.AbstractProblemLoader Replaying proof PUZ001p1.key 
72137      DEBUG main            d.u.i.k.p.i.IntermediateProofReplayer Proof replay took 8.2ns 
75658      INFO  main            d.u.i.k.p.r.p.TestFile    ... finished proof: closed. 
75887      INFO  main            d.u.i.k.p.i.AbstractProblemLoader Loading environment from /home/runner/work/key/key/key.core/../key.ui/examples/standard_key/pred_log/tptp/PUZ/PUZ001p1.key.proof 
75891      DEBUG main            d.u.i.k.p.i.AbstractProblemLoader Environment load took 3.53ms 
75893      INFO  main            d.u.i.k.p.i.AbstractProblemLoader Creating init config 
78245      DEBUG main            d.u.i.k.p.i.AbstractProblemLoader Init config took 2.35s 
78262      INFO  main            d.u.i.k.p.i.AbstractProblemLoader Replaying proof PUZ001p1.key.proof 
78367      DEBUG main            d.u.i.k.p.i.IntermediateProofReplayer Proof replay took 95.72ms 
78369      DEBUG main            d.u.i.k.p.r.p.TestFile    ... success: reloaded. 
78370      INFO  main            d.u.i.k.p.r.p.TestFile    Now processing file /home/runner/work/key/key/key.core/../key.ui/examples/standard_key/pred_log/tptp/PUZ/PUZ001p1-eq.key 
78370      INFO  main            d.u.i.k.p.i.AbstractProblemLoader Loading environment from /home/runner/work/key/key/key.core/../key.ui/examples/standard_key/pred_log/tptp/PUZ/PUZ001p1-eq.key 
78370      DEBUG main            d.u.i.k.p.i.AbstractProblemLoader Environment load took 186ns 
78371      INFO  main            d.u.i.k.p.i.AbstractProblemLoader Creating init config 
80743      DEBUG main            d.u.i.k.p.i.AbstractProblemLoader Init config took 2.37s 
80761      INFO  main            d.u.i.k.p.i.AbstractProblemLoader Replaying proof PUZ001p1-eq.key 
80762      DEBUG main            d.u.i.k.p.i.IntermediateProofReplayer Proof replay took 7.6ns 
80865      INFO  main            d.u.i.k.p.r.p.TestFile    ... finished proof: closed. 
81091      INFO  main            d.u.i.k.p.i.AbstractProblemLoader Loading environment from /home/runner/work/key/key/key.core/../key.ui/examples/standard_key/pred_log/tptp/PUZ/PUZ001p1-eq.key.proof 
81092      DEBUG main            d.u.i.k.p.i.AbstractProblemLoader Environment load took 379.4ns 
81093      INFO  main            d.u.i.k.p.i.AbstractProblemLoader Creating init config 
83469      DEBUG main            d.u.i.k.p.i.AbstractProblemLoader Init config took 2.38s 
83485      INFO  main            d.u.i.k.p.i.AbstractProblemLoader Replaying proof PUZ001p1-eq.key.proof 
83497      DEBUG main            d.u.i.k.p.i.IntermediateProofReplayer Proof replay took 9.03ms 
83498      DEBUG main            d.u.i.k.p.r.p.TestFile    ... success: reloaded. 
83499      INFO  main            d.u.i.k.p.r.p.TestFile    Now processing file /home/runner/work/key/key/key.core/../key.ui/examples/standard_key/pred_log/tptp/PUZ/PUZ031p1.key 
83500      INFO  main            d.u.i.k.p.i.AbstractProblemLoader Loading environment from /home/runner/work/key/key/key.core/../key.ui/examples/standard_key/pred_log/tptp/PUZ/PUZ031p1.key 
83500      DEBUG main            d.u.i.k.p.i.AbstractProblemLoader Environment load took 205.2ns 
83501      INFO  main            d.u.i.k.p.i.AbstractProblemLoader Creating init config 
85917      DEBUG main            d.u.i.k.p.i.AbstractProblemLoader Init config took 2.42s 
85933      INFO  main            d.u.i.k.p.i.AbstractProblemLoader Replaying proof PUZ031p1.key 
85934      DEBUG main            d.u.i.k.p.i.IntermediateProofReplayer Proof replay took 7.7ns 
94261      INFO  main            d.u.i.k.p.r.p.TestFile    ... finished proof: closed. 
94486      INFO  main            d.u.i.k.p.i.AbstractProblemLoader Loading environment from /home/runner/work/key/key/key.core/../key.ui/examples/standard_key/pred_log/tptp/PUZ/PUZ031p1.key.proof 
94487      DEBUG main            d.u.i.k.p.i.AbstractProblemLoader Environment load took 239.2ns 
94488      INFO  main            d.u.i.k.p.i.AbstractProblemLoader Creating init config 
96915      DEBUG main            d.u.i.k.p.i.AbstractProblemLoader Init config took 2.43s 
96931      INFO  main            d.u.i.k.p.i.AbstractProblemLoader Replaying proof PUZ031p1.key.proof 
96988      DEBUG main            d.u.i.k.p.i.IntermediateProofReplayer Proof replay took 51.76ms 
96989      DEBUG main            d.u.i.k.p.r.p.TestFile    ... success: reloaded. 
96990      INFO  main            d.u.i.k.p.r.p.TestFile    Now processing file /home/runner/work/key/key/key.core/../key.ui/examples/standard_key/pred_log/tptp/SET/SET027p3.key 
96991      INFO  main            d.u.i.k.p.i.AbstractProblemLoader Loading environment from /home/runner/work/key/key/key.core/../key.ui/examples/standard_key/pred_log/tptp/SET/SET027p3.key 
96991      DEBUG main            d.u.i.k.p.i.AbstractProblemLoader Environment load took 183.6ns 
96992      INFO  main            d.u.i.k.p.i.AbstractProblemLoader Creating init config 
99357      DEBUG main            d.u.i.k.p.i.AbstractProblemLoader Init config took 2.37s 
99372      INFO  main            d.u.i.k.p.i.AbstractProblemLoader Replaying proof SET027p3.key 
99374      DEBUG main            d.u.i.k.p.i.IntermediateProofReplayer Proof replay took 7.7ns 
99476      INFO  main            d.u.i.k.p.r.p.TestFile    ... finished proof: closed. 
99718      INFO  main            d.u.i.k.p.i.AbstractProblemLoader Loading environment from /home/runner/work/key/key/key.core/../key.ui/examples/standard_key/pred_log/tptp/SET/SET027p3.key.proof 
99718      DEBUG main            d.u.i.k.p.i.AbstractProblemLoader Environment load took 129.7ns 
99719      INFO  main            d.u.i.k.p.i.AbstractProblemLoader Creating init config 
102016     DEBUG main            d.u.i.k.p.i.AbstractProblemLoader Init config took 2.3s 
102040     INFO  main            d.u.i.k.p.i.AbstractProblemLoader Replaying proof SET027p3.key.proof 
102045     DEBUG main            d.u.i.k.p.i.IntermediateProofReplayer Proof replay took 2.95ms 
102046     DEBUG main            d.u.i.k.p.r.p.TestFile    ... success: reloaded. 
102047     INFO  main            d.u.i.k.p.r.p.TestFile    Now processing file /home/runner/work/key/key/key.core/../key.ui/examples/standard_key/pred_log/tptp/SET/SET043p1.key 
102047     INFO  main            d.u.i.k.p.i.AbstractProblemLoader Loading environment from /home/runner/work/key/key/key.core/../key.ui/examples/standard_key/pred_log/tptp/SET/SET043p1.key 
102047     DEBUG main            d.u.i.k.p.i.AbstractProblemLoader Environment load took 187.1ns 
102048     INFO  main            d.u.i.k.p.i.AbstractProblemLoader Creating init config 
104338     DEBUG main            d.u.i.k.p.i.AbstractProblemLoader Init config took 2.29s 
104352     INFO  main            d.u.i.k.p.i.AbstractProblemLoader Replaying proof SET043p1.key 
104353     DEBUG main            d.u.i.k.p.i.IntermediateProofReplayer Proof replay took 8.2ns 
104456     INFO  main            d.u.i.k.p.r.p.TestFile    ... finished proof: closed. 
104668     INFO  main            d.u.i.k.p.i.AbstractProblemLoader Loading environment from /home/runner/work/key/key/key.core/../key.ui/examples/standard_key/pred_log/tptp/SET/SET043p1.key.proof 
104668     DEBUG main            d.u.i.k.p.i.AbstractProblemLoader Environment load took 199.5ns 
104669     INFO  main            d.u.i.k.p.i.AbstractProblemLoader Creating init config 
107037     DEBUG main            d.u.i.k.p.i.AbstractProblemLoader Init config took 2.37s 
107057     INFO  main            d.u.i.k.p.i.AbstractProblemLoader Replaying proof SET043p1.key.proof 
107061     DEBUG main            d.u.i.k.p.i.IntermediateProofReplayer Proof replay took 1.35ms 
107062     DEBUG main            d.u.i.k.p.r.p.TestFile    ... success: reloaded. 
107062     INFO  main            d.u.i.k.p.r.p.TestFile    Now processing file /home/runner/work/key/key/key.core/../key.ui/examples/standard_key/pred_log/tptp/SET/SET045p1.key 
107063     INFO  main            d.u.i.k.p.i.AbstractProblemLoader Loading environment from /home/runner/work/key/key/key.core/../key.ui/examples/standard_key/pred_log/tptp/SET/SET045p1.key 
107063     DEBUG main            d.u.i.k.p.i.AbstractProblemLoader Environment load took 194.1ns 
107065     INFO  main            d.u.i.k.p.i.AbstractProblemLoader Creating init config 
109425     DEBUG main            d.u.i.k.p.i.AbstractProblemLoader Init config took 2.36s 
109439     INFO  main            d.u.i.k.p.i.AbstractProblemLoader Replaying proof SET045p1.key 
109440     DEBUG main            d.u.i.k.p.i.IntermediateProofReplayer Proof replay took 8.6ns 
109545     INFO  main            d.u.i.k.p.r.p.TestFile    ... finished proof: closed. 
109772     INFO  main            d.u.i.k.p.i.AbstractProblemLoader Loading environment from /home/runner/work/key/key/key.core/../key.ui/examples/standard_key/pred_log/tptp/SET/SET045p1.key.proof 
109772     DEBUG main            d.u.i.k.p.i.AbstractProblemLoader Environment load took 123.6ns 
109774     INFO  main            d.u.i.k.p.i.AbstractProblemLoader Creating init config 
112038     DEBUG main            d.u.i.k.p.i.AbstractProblemLoader Init config took 2.26s 
112053     INFO  main            d.u.i.k.p.i.AbstractProblemLoader Replaying proof SET045p1.key.proof 
112057     DEBUG main            d.u.i.k.p.i.IntermediateProofReplayer Proof replay took 2.58ms 
112058     DEBUG main            d.u.i.k.p.r.p.TestFile    ... success: reloaded. 
112059     INFO  main            d.u.i.k.p.r.p.TestFile    Now processing file /home/runner/work/key/key/key.core/../key.ui/examples/standard_key/pred_log/tptp/SET/SET062p3.key 
112059     INFO  main            d.u.i.k.p.i.AbstractProblemLoader Loading environment from /home/runner/work/key/key/key.core/../key.ui/examples/standard_key/pred_log/tptp/SET/SET062p3.key 
112059     DEBUG main            d.u.i.k.p.i.AbstractProblemLoader Environment load took 199.3ns 
112060     INFO  main            d.u.i.k.p.i.AbstractProblemLoader Creating init config 
114455     DEBUG main            d.u.i.k.p.i.AbstractProblemLoader Init config took 2.39s 
114485     INFO  main            d.u.i.k.p.i.AbstractProblemLoader Replaying proof SET062p3.key 
114488     DEBUG main            d.u.i.k.p.i.IntermediateProofReplayer Proof replay took 9ns 
114590     INFO  main            d.u.i.k.p.r.p.TestFile    ... finished proof: closed. 
114825     INFO  main            d.u.i.k.p.i.AbstractProblemLoader Loading environment from /home/runner/work/key/key/key.core/../key.ui/examples/standard_key/pred_log/tptp/SET/SET062p3.key.proof 
114825     DEBUG main            d.u.i.k.p.i.AbstractProblemLoader Environment load took 112ns 
114826     INFO  main            d.u.i.k.p.i.AbstractProblemLoader Creating init config 
117116     DEBUG main            d.u.i.k.p.i.AbstractProblemLoader Init config took 2.29s 
117130     INFO  main            d.u.i.k.p.i.AbstractProblemLoader Replaying proof SET062p3.key.proof 
117134     DEBUG main            d.u.i.k.p.i.IntermediateProofReplayer Proof replay took 2.4ms 
117135     DEBUG main            d.u.i.k.p.r.p.TestFile    ... success: reloaded. 
117136     INFO  main            d.u.i.k.p.r.p.TestFile    Now processing file /home/runner/work/key/key/key.core/../key.ui/examples/standard_key/pred_log/tptp/SET/SET063p3.key 
117136     INFO  main            d.u.i.k.p.i.AbstractProblemLoader Loading environment from /home/runner/work/key/key/key.core/../key.ui/examples/standard_key/pred_log/tptp/SET/SET063p3.key 
117136     DEBUG main            d.u.i.k.p.i.AbstractProblemLoader Environment load took 93.3ns 
117137     INFO  main            d.u.i.k.p.i.AbstractProblemLoader Creating init config 
119555     DEBUG main            d.u.i.k.p.i.AbstractProblemLoader Init config took 2.42s 
119570     INFO  main            d.u.i.k.p.i.AbstractProblemLoader Replaying proof SET063p3.key 
119572     DEBUG main            d.u.i.k.p.i.IntermediateProofReplayer Proof replay took 7.1ns 
119674     INFO  main            d.u.i.k.p.r.p.TestFile    ... finished proof: closed. 
119928     INFO  main            d.u.i.k.p.i.AbstractProblemLoader Loading environment from /home/runner/work/key/key/key.core/../key.ui/examples/standard_key/pred_log/tptp/SET/SET063p3.key.proof 
119928     DEBUG main            d.u.i.k.p.i.AbstractProblemLoader Environment load took 116.9ns 
119930     INFO  main            d.u.i.k.p.i.AbstractProblemLoader Creating init config 
122227     DEBUG main            d.u.i.k.p.i.AbstractProblemLoader Init config took 2.3s 
122242     INFO  main            d.u.i.k.p.i.AbstractProblemLoader Replaying proof SET063p3.key.proof 
122246     DEBUG main            d.u.i.k.p.i.IntermediateProofReplayer Proof replay took 2.8ms 
122247     DEBUG main            d.u.i.k.p.r.p.TestFile    ... success: reloaded. 
122248     INFO  main            d.u.i.k.p.r.p.TestFile    Now processing file /home/runner/work/key/key/key.core/../key.ui/examples/standard_key/pred_log/tptp/SYN/SYN036p2.key 
122248     INFO  main            d.u.i.k.p.i.AbstractProblemLoader Loading environment from /home/runner/work/key/key/key.core/../key.ui/examples/standard_key/pred_log/tptp/SYN/SYN036p2.key 
122249     DEBUG main            d.u.i.k.p.i.AbstractProblemLoader Environment load took 178.1ns 
122250     INFO  main            d.u.i.k.p.i.AbstractProblemLoader Creating init config 
124619     DEBUG main            d.u.i.k.p.i.AbstractProblemLoader Init config took 2.37s 
124634     INFO  main            d.u.i.k.p.i.AbstractProblemLoader Replaying proof SYN036p2.key 
124635     DEBUG main            d.u.i.k.p.i.IntermediateProofReplayer Proof replay took 9.6ns 
124941     INFO  main            d.u.i.k.p.r.p.TestFile    ... finished proof: closed. 
125209     INFO  main            d.u.i.k.p.i.AbstractProblemLoader Loading environment from /home/runner/work/key/key/key.core/../key.ui/examples/standard_key/pred_log/tptp/SYN/SYN036p2.key.proof 
125210     DEBUG main            d.u.i.k.p.i.AbstractProblemLoader Environment load took 377.61ns 
125211     INFO  main            d.u.i.k.p.i.AbstractProblemLoader Creating init config 
127529     DEBUG main            d.u.i.k.p.i.AbstractProblemLoader Init config took 2.32s 
127544     INFO  main            d.u.i.k.p.i.AbstractProblemLoader Replaying proof SYN036p2.key.proof 
127602     DEBUG main            d.u.i.k.p.i.IntermediateProofReplayer Proof replay took 50.29ms 
127604     DEBUG main            d.u.i.k.p.r.p.TestFile    ... success: reloaded. 
127604     INFO  main            d.u.i.k.p.r.p.TestFile    Now processing file /home/runner/work/key/key/key.core/../key.ui/examples/standard_key/pred_log/tptp/SYN/SYN550p1.key 
127605     INFO  main            d.u.i.k.p.i.AbstractProblemLoader Loading environment from /home/runner/work/key/key/key.core/../key.ui/examples/standard_key/pred_log/tptp/SYN/SYN550p1.key 
127605     DEBUG main            d.u.i.k.p.i.AbstractProblemLoader Environment load took 189.4ns 
127606     INFO  main            d.u.i.k.p.i.AbstractProblemLoader Creating init config 
129931     DEBUG main            d.u.i.k.p.i.AbstractProblemLoader Init config took 2.32s 
129946     INFO  main            d.u.i.k.p.i.AbstractProblemLoader Replaying proof SYN550p1.key 
129947     DEBUG main            d.u.i.k.p.i.IntermediateProofReplayer Proof replay took 8ns 
132881     INFO  main            d.u.i.k.p.r.p.TestFile    ... finished proof: closed. 
133138     INFO  main            d.u.i.k.p.i.AbstractProblemLoader Loading environment from /home/runner/work/key/key/key.core/../key.ui/examples/standard_key/pred_log/tptp/SYN/SYN550p1.key.proof 
133139     DEBUG main            d.u.i.k.p.i.AbstractProblemLoader Environment load took 870.71ns 
133141     INFO  main            d.u.i.k.p.i.AbstractProblemLoader Creating init config 
135447     DEBUG main            d.u.i.k.p.i.AbstractProblemLoader Init config took 2.31s 
135462     INFO  main            d.u.i.k.p.i.AbstractProblemLoader Replaying proof SYN550p1.key.proof 
135538     DEBUG main            d.u.i.k.p.i.IntermediateProofReplayer Proof replay took 69.33ms 
135539     DEBUG main            d.u.i.k.p.r.p.TestFile    ... success: reloaded. 
135542     INFO  main            d.u.i.k.p.r.p.TestFile    Now processing file /home/runner/work/key/key/key.core/../key.ui/examples/standard_key/prop_log/reallySimple.key 
135542     INFO  main            d.u.i.k.p.i.AbstractProblemLoader Loading environment from /home/runner/work/key/key/key.core/../key.ui/examples/standard_key/prop_log/reallySimple.key 
135542     DEBUG main            d.u.i.k.p.i.AbstractProblemLoader Environment load took 208.9ns 
135543     INFO  main            d.u.i.k.p.i.AbstractProblemLoader Creating init config 
137901     DEBUG main            d.u.i.k.p.i.AbstractProblemLoader Init config took 2.36s 
137914     INFO  main            d.u.i.k.p.i.AbstractProblemLoader Replaying proof reallySimple.key 
137916     DEBUG main            d.u.i.k.p.i.IntermediateProofReplayer Proof replay took 7.7ns 
138018     INFO  main            d.u.i.k.p.r.p.TestFile    ... finished proof: open goal(s) 
138284     INFO  main            d.u.i.k.p.r.p.TestFile    Now processing file /home/runner/work/key/key/key.core/../key.ui/examples/standard_key/pred_log/sameName1.key 
138285     INFO  main            d.u.i.k.p.i.AbstractProblemLoader Loading environment from /home/runner/work/key/key/key.core/../key.ui/examples/standard_key/pred_log/sameName1.key 
138285     DEBUG main            d.u.i.k.p.i.AbstractProblemLoader Environment load took 62.3ns 
138286     INFO  main            d.u.i.k.p.i.AbstractProblemLoader Creating init config 
140552     DEBUG main            d.u.i.k.p.i.AbstractProblemLoader Init config took 2.27s 
140565     INFO  main            d.u.i.k.p.i.AbstractProblemLoader Replaying proof sameName1.key 
140566     DEBUG main            d.u.i.k.p.i.IntermediateProofReplayer Proof replay took 6.9ns 
140669     INFO  main            d.u.i.k.p.r.p.TestFile    ... finished proof: open goal(s) 
140899     INFO  main            d.u.i.k.p.r.p.TestFile    Now processing file /home/runner/work/key/key/key.core/../key.ui/examples/standard_key/pred_log/jbyteIfEx.key 
140899     INFO  main            d.u.i.k.p.i.AbstractProblemLoader Loading environment from /home/runner/work/key/key/key.core/../key.ui/examples/standard_key/pred_log/jbyteIfEx.key 
140899     DEBUG main            d.u.i.k.p.i.AbstractProblemLoader Environment load took 61.3ns 
140900     INFO  main            d.u.i.k.p.i.AbstractProblemLoader Creating init config 
143157     DEBUG main            d.u.i.k.p.i.AbstractProblemLoader Init config took 2.26s 
143171     INFO  main            d.u.i.k.p.i.AbstractProblemLoader Replaying proof jbyteIfEx.key 
143172     DEBUG main            d.u.i.k.p.i.IntermediateProofReplayer Proof replay took 7.3ns 
143274     INFO  main            d.u.i.k.p.r.p.TestFile    ... finished proof: closed. 
143540     INFO  main            d.u.i.k.p.i.AbstractProblemLoader Loading environment from /home/runner/work/key/key/key.core/../key.ui/examples/standard_key/pred_log/jbyteIfEx.key.proof 
143540     DEBUG main            d.u.i.k.p.i.AbstractProblemLoader Environment load took 116.9ns 
143542     INFO  main            d.u.i.k.p.i.AbstractProblemLoader Creating init config 
145793     DEBUG main            d.u.i.k.p.i.AbstractProblemLoader Init config took 2.25s 
145816     INFO  main            d.u.i.k.p.i.AbstractProblemLoader Replaying proof jbyteIfEx.key.proof 
145821     DEBUG main            d.u.i.k.p.i.IntermediateProofReplayer Proof replay took 3.13ms 
145822     DEBUG main            d.u.i.k.p.r.p.TestFile    ... success: reloaded. 
145822     INFO  main            d.u.i.k.p.r.p.TestFile    Now processing file /home/runner/work/key/key/key.core/../key.ui/examples/standard_key/prop_log/allClausesLength4.key 
145822     INFO  main            d.u.i.k.p.i.AbstractProblemLoader Loading environment from /home/runner/work/key/key/key.core/../key.ui/examples/standard_key/prop_log/allClausesLength4.key 
145822     DEBUG main            d.u.i.k.p.i.AbstractProblemLoader Environment load took 102.3ns 
145823     INFO  main            d.u.i.k.p.i.AbstractProblemLoader Creating init config 
148199     DEBUG main            d.u.i.k.p.i.AbstractProblemLoader Init config took 2.38s 
148213     INFO  main            d.u.i.k.p.i.AbstractProblemLoader Replaying proof allClausesLength4.key 
148214     DEBUG main            d.u.i.k.p.i.IntermediateProofReplayer Proof replay took 7.7ns 
148320     INFO  main            d.u.i.k.p.r.p.TestFile    ... finished proof: closed. 
148582     INFO  main            d.u.i.k.p.i.AbstractProblemLoader Loading environment from /home/runner/work/key/key/key.core/../key.ui/examples/standard_key/prop_log/allClausesLength4.key.proof 
148582     DEBUG main            d.u.i.k.p.i.AbstractProblemLoader Environment load took 132.3ns 
148584     INFO  main            d.u.i.k.p.i.AbstractProblemLoader Creating init config 
150869     DEBUG main            d.u.i.k.p.i.AbstractProblemLoader Init config took 2.29s 
150884     INFO  main            d.u.i.k.p.i.AbstractProblemLoader Replaying proof allClausesLength4.key.proof 
150896     DEBUG main            d.u.i.k.p.i.IntermediateProofReplayer Proof replay took 9.78ms 
150898     DEBUG main            d.u.i.k.p.r.p.TestFile    ... success: reloaded. 
150898     INFO  main            d.u.i.k.p.r.p.TestFile    Now processing file /home/runner/work/key/key/key.core/../key.ui/examples/standard_key/prop_log/allClausesLength5.key 
150899     INFO  main            d.u.i.k.p.i.AbstractProblemLoader Loading environment from /home/runner/work/key/key/key.core/../key.ui/examples/standard_key/prop_log/allClausesLength5.key 
150899     DEBUG main            d.u.i.k.p.i.AbstractProblemLoader Environment load took 88.1ns 
150900     INFO  main            d.u.i.k.p.i.AbstractProblemLoader Creating init config 
153263     DEBUG main            d.u.i.k.p.i.AbstractProblemLoader Init config took 2.36s 
153278     INFO  main            d.u.i.k.p.i.AbstractProblemLoader Replaying proof allClausesLength5.key 
153279     DEBUG main            d.u.i.k.p.i.IntermediateProofReplayer Proof replay took 12.2ns 
153583     INFO  main            d.u.i.k.p.r.p.TestFile    ... finished proof: closed. 
153937     INFO  main            d.u.i.k.p.i.AbstractProblemLoader Loading environment from /home/runner/work/key/key/key.core/../key.ui/examples/standard_key/prop_log/allClausesLength5.key.proof 
153939     DEBUG main            d.u.i.k.p.i.AbstractProblemLoader Environment load took 1.63ms 
153941     INFO  main            d.u.i.k.p.i.AbstractProblemLoader Creating init config 
156234     DEBUG main            d.u.i.k.p.i.AbstractProblemLoader Init config took 2.29s 
156249     INFO  main            d.u.i.k.p.i.AbstractProblemLoader Replaying proof allClausesLength5.key.proof 
156279     DEBUG main            d.u.i.k.p.i.IntermediateProofReplayer Proof replay took 26.07ms 
156281     DEBUG main            d.u.i.k.p.r.p.TestFile    ... success: reloaded. 
156282     INFO  main            d.u.i.k.p.r.p.TestFile    Now processing file /home/runner/work/key/key/key.core/../key.ui/examples/standard_key/prop_log/doubleNeg.key 
156282     INFO  main            d.u.i.k.p.i.AbstractProblemLoader Loading environment from /home/runner/work/key/key/key.core/../key.ui/examples/standard_key/prop_log/doubleNeg.key 
156282     DEBUG main            d.u.i.k.p.i.AbstractProblemLoader Environment load took 87ns 
156283     INFO  main            d.u.i.k.p.i.AbstractProblemLoader Creating init config 
158698     DEBUG main            d.u.i.k.p.i.AbstractProblemLoader Init config took 2.41s 
158712     INFO  main            d.u.i.k.p.i.AbstractProblemLoader Replaying proof doubleNeg.key 
158713     DEBUG main            d.u.i.k.p.i.IntermediateProofReplayer Proof replay took 7.3ns 
158815     INFO  main            d.u.i.k.p.r.p.TestFile    ... finished proof: closed. 
159090     INFO  main            d.u.i.k.p.i.AbstractProblemLoader Loading environment from /home/runner/work/key/key/key.core/../key.ui/examples/standard_key/prop_log/doubleNeg.key.proof 
159091     DEBUG main            d.u.i.k.p.i.AbstractProblemLoader Environment load took 102.6ns 
159092     INFO  main            d.u.i.k.p.i.AbstractProblemLoader Creating init config 
161336     DEBUG main            d.u.i.k.p.i.AbstractProblemLoader Init config took 2.24s 
161349     INFO  main            d.u.i.k.p.i.AbstractProblemLoader Replaying proof doubleNeg.key.proof 
161351     DEBUG main            d.u.i.k.p.i.IntermediateProofReplayer Proof replay took 480.31ns 
161351     DEBUG main            d.u.i.k.p.r.p.TestFile    ... success: reloaded. 
161352     INFO  main            d.u.i.k.p.r.p.TestFile    Now processing file /home/runner/work/key/key/key.core/../key.ui/examples/standard_key/prop_log/liarsville.key 
161352     INFO  main            d.u.i.k.p.i.AbstractProblemLoader Loading environment from /home/runner/work/key/key/key.core/../key.ui/examples/standard_key/prop_log/liarsville.key 
161352     DEBUG main            d.u.i.k.p.i.AbstractProblemLoader Environment load took 69.4ns 
161353     INFO  main            d.u.i.k.p.i.AbstractProblemLoader Creating init config 
163651     DEBUG main            d.u.i.k.p.i.AbstractProblemLoader Init config took 2.3s 
163666     INFO  main            d.u.i.k.p.i.AbstractProblemLoader Replaying proof liarsville.key 
163668     DEBUG main            d.u.i.k.p.i.IntermediateProofReplayer Proof replay took 12.3ns 
163770     INFO  main            d.u.i.k.p.r.p.TestFile    ... finished proof: closed. 
164041     INFO  main            d.u.i.k.p.i.AbstractProblemLoader Loading environment from /home/runner/work/key/key/key.core/../key.ui/examples/standard_key/prop_log/liarsville.key.proof 
164041     DEBUG main            d.u.i.k.p.i.AbstractProblemLoader Environment load took 100.8ns 
164042     INFO  main            d.u.i.k.p.i.AbstractProblemLoader Creating init config 
166312     DEBUG main            d.u.i.k.p.i.AbstractProblemLoader Init config took 2.27s 
166326     INFO  main            d.u.i.k.p.i.AbstractProblemLoader Replaying proof liarsville.key.proof 
166328     DEBUG main            d.u.i.k.p.i.IntermediateProofReplayer Proof replay took 988.31ns 
166329     DEBUG main            d.u.i.k.p.r.p.TestFile    ... success: reloaded. 
166330     INFO  main            d.u.i.k.p.r.p.TestFile    Now processing file /home/runner/work/key/key/key.core/../key.ui/examples/standard_key/prop_log/simplest.key 
166330     INFO  main            d.u.i.k.p.i.AbstractProblemLoader Loading environment from /home/runner/work/key/key/key.core/../key.ui/examples/standard_key/prop_log/simplest.key 
166330     DEBUG main            d.u.i.k.p.i.AbstractProblemLoader Environment load took 80.4ns 
166331     INFO  main            d.u.i.k.p.i.AbstractProblemLoader Creating init config 
168670     DEBUG main            d.u.i.k.p.i.AbstractProblemLoader Init config took 2.34s 
168683     INFO  main            d.u.i.k.p.i.AbstractProblemLoader Replaying proof simplest.key 
168684     DEBUG main            d.u.i.k.p.i.IntermediateProofReplayer Proof replay took 7.6ns 
168786     INFO  main            d.u.i.k.p.r.p.TestFile    ... finished proof: closed. 
169064     INFO  main            d.u.i.k.p.i.AbstractProblemLoader Loading environment from /home/runner/work/key/key/key.core/../key.ui/examples/standard_key/prop_log/simplest.key.proof 
169064     DEBUG main            d.u.i.k.p.i.AbstractProblemLoader Environment load took 111.1ns 
169065     INFO  main            d.u.i.k.p.i.AbstractProblemLoader Creating init config 
171356     DEBUG main            d.u.i.k.p.i.AbstractProblemLoader Init config took 2.29s 
171369     INFO  main            d.u.i.k.p.i.AbstractProblemLoader Replaying proof simplest.key.proof 
171370     DEBUG main            d.u.i.k.p.i.IntermediateProofReplayer Proof replay took 101.9ns 
171371     DEBUG main            d.u.i.k.p.r.p.TestFile    ... success: reloaded. 
171371     INFO  main            d.u.i.k.p.r.p.TestFile    Now processing file /home/runner/work/key/key/key.core/../key.ui/examples/standard_key/prop_log/contraposition.key 
171372     INFO  main            d.u.i.k.p.i.AbstractProblemLoader Loading environment from /home/runner/work/key/key/key.core/../key.ui/examples/standard_key/prop_log/contraposition.key 
171372     DEBUG main            d.u.i.k.p.i.AbstractProblemLoader Environment load took 81.2ns 
171372     INFO  main            d.u.i.k.p.i.AbstractProblemLoader Creating init config 
173671     DEBUG main            d.u.i.k.p.i.AbstractProblemLoader Init config took 2.3s 
173686     INFO  main            d.u.i.k.p.i.AbstractProblemLoader Replaying proof contraposition.key 
173687     DEBUG main            d.u.i.k.p.i.IntermediateProofReplayer Proof replay took 6.7ns 
173792     INFO  main            d.u.i.k.p.r.p.TestFile    ... finished proof: closed. 
174068     INFO  main            d.u.i.k.p.i.AbstractProblemLoader Loading environment from /home/runner/work/key/key/key.core/../key.ui/examples/standard_key/prop_log/contraposition.key.proof 
174068     DEBUG main            d.u.i.k.p.i.AbstractProblemLoader Environment load took 104ns 
174069     INFO  main            d.u.i.k.p.i.AbstractProblemLoader Creating init config 
176359     DEBUG main            d.u.i.k.p.i.AbstractProblemLoader Init config took 2.29s 
176372     INFO  main            d.u.i.k.p.i.AbstractProblemLoader Replaying proof contraposition.key.proof 
176374     DEBUG main            d.u.i.k.p.i.IntermediateProofReplayer Proof replay took 442.2ns 
176375     DEBUG main            d.u.i.k.p.r.p.TestFile    ... success: reloaded. 
176376     INFO  main            d.u.i.k.p.r.p.TestFile    Now processing file /home/runner/work/key/key/key.core/../key.ui/examples/standard_key/quantifiers/elimination0.key 
176376     INFO  main            d.u.i.k.p.i.AbstractProblemLoader Loading environment from /home/runner/work/key/key/key.core/../key.ui/examples/standard_key/quantifiers/elimination0.key 
176376     DEBUG main            d.u.i.k.p.i.AbstractProblemLoader Environment load took 83.6ns 
176377     INFO  main            d.u.i.k.p.i.AbstractProblemLoader Creating init config 
178722     DEBUG main            d.u.i.k.p.i.AbstractProblemLoader Init config took 2.34s 
178735     INFO  main            d.u.i.k.p.i.AbstractProblemLoader Replaying proof elimination0.key 
178737     DEBUG main            d.u.i.k.p.i.IntermediateProofReplayer Proof replay took 7.2ns 
178839     INFO  main            d.u.i.k.p.r.p.TestFile    ... finished proof: closed. 
179127     INFO  main            d.u.i.k.p.i.AbstractProblemLoader Loading environment from /home/runner/work/key/key/key.core/../key.ui/examples/standard_key/quantifiers/elimination0.key.proof 
179128     DEBUG main            d.u.i.k.p.i.AbstractProblemLoader Environment load took 108.1ns 
179130     INFO  main            d.u.i.k.p.i.AbstractProblemLoader Creating init config 
181408     DEBUG main            d.u.i.k.p.i.AbstractProblemLoader Init config took 2.28s 
181421     INFO  main            d.u.i.k.p.i.AbstractProblemLoader Replaying proof elimination0.key.proof 
181424     DEBUG main            d.u.i.k.p.i.IntermediateProofReplayer Proof replay took 825.21ns 
181424     DEBUG main            d.u.i.k.p.r.p.TestFile    ... success: reloaded. 
181425     INFO  main            d.u.i.k.p.r.p.TestFile    Now processing file /home/runner/work/key/key/key.core/../key.ui/examples/standard_key/quantifiers/heuristic_PUZ001p1-eq.key 
181425     INFO  main            d.u.i.k.p.i.AbstractProblemLoader Loading environment from /home/runner/work/key/key/key.core/../key.ui/examples/standard_key/quantifiers/heuristic_PUZ001p1-eq.key 
181425     DEBUG main            d.u.i.k.p.i.AbstractProblemLoader Environment load took 84.1ns 
181427     INFO  main            d.u.i.k.p.i.AbstractProblemLoader Creating init config 
183700     DEBUG main            d.u.i.k.p.i.AbstractProblemLoader Init config took 2.27s 
183732     INFO  main            d.u.i.k.p.i.AbstractProblemLoader Replaying proof heuristic_PUZ001p1-eq.key 
183734     DEBUG main            d.u.i.k.p.i.IntermediateProofReplayer Proof replay took 5.5ns 
183836     INFO  main            d.u.i.k.p.r.p.TestFile    ... finished proof: closed. 
184124     INFO  main            d.u.i.k.p.i.AbstractProblemLoader Loading environment from /home/runner/work/key/key/key.core/../key.ui/examples/standard_key/quantifiers/heuristic_PUZ001p1-eq.key.proof 
184124     DEBUG main            d.u.i.k.p.i.AbstractProblemLoader Environment load took 116.7ns 
184125     INFO  main            d.u.i.k.p.i.AbstractProblemLoader Creating init config 
186421     DEBUG main            d.u.i.k.p.i.AbstractProblemLoader Init config took 2.3s 
186435     INFO  main            d.u.i.k.p.i.AbstractProblemLoader Replaying proof heuristic_PUZ001p1-eq.key.proof 
186444     DEBUG main            d.u.i.k.p.i.IntermediateProofReplayer Proof replay took 6.74ms 
186445     DEBUG main            d.u.i.k.p.r.p.TestFile    ... success: reloaded. 
186446     INFO  main            d.u.i.k.p.r.p.TestFile    Now processing file /home/runner/work/key/key/key.core/../key.ui/examples/standard_key/quantifiers/heuristic_PUZ001p1.key 
186446     INFO  main            d.u.i.k.p.i.AbstractProblemLoader Loading environment from /home/runner/work/key/key/key.core/../key.ui/examples/standard_key/quantifiers/heuristic_PUZ001p1.key 
186447     DEBUG main            d.u.i.k.p.i.AbstractProblemLoader Environment load took 99.6ns 
186448     INFO  main            d.u.i.k.p.i.AbstractProblemLoader Creating init config 
188795     DEBUG main            d.u.i.k.p.i.AbstractProblemLoader Init config took 2.35s 
188810     INFO  main            d.u.i.k.p.i.AbstractProblemLoader Replaying proof heuristic_PUZ001p1.key 
188811     DEBUG main            d.u.i.k.p.i.IntermediateProofReplayer Proof replay took 9.1ns 
190216     INFO  main            d.u.i.k.p.r.p.TestFile    ... finished proof: closed. 
190537     INFO  main            d.u.i.k.p.i.AbstractProblemLoader Loading environment from /home/runner/work/key/key/key.core/../key.ui/examples/standard_key/quantifiers/heuristic_PUZ001p1.key.proof 
190538     DEBUG main            d.u.i.k.p.i.AbstractProblemLoader Environment load took 385.9ns 
190539     INFO  main            d.u.i.k.p.i.AbstractProblemLoader Creating init config 
192803     DEBUG main            d.u.i.k.p.i.AbstractProblemLoader Init config took 2.26s 
192818     INFO  main            d.u.i.k.p.i.AbstractProblemLoader Replaying proof heuristic_PUZ001p1.key.proof 
192850     DEBUG main            d.u.i.k.p.i.IntermediateProofReplayer Proof replay took 28.17ms 
192851     DEBUG main            d.u.i.k.p.r.p.TestFile    ... success: reloaded. 
192852     INFO  main            d.u.i.k.p.r.p.TestFile    Now processing file /home/runner/work/key/key/key.core/../key.ui/examples/standard_key/quantifiers/heuristic_PUZ031p1.key 
192852     INFO  main            d.u.i.k.p.i.AbstractProblemLoader Loading environment from /home/runner/work/key/key/key.core/../key.ui/examples/standard_key/quantifiers/heuristic_PUZ031p1.key 
192852     DEBUG main            d.u.i.k.p.i.AbstractProblemLoader Environment load took 82.6ns 
192854     INFO  main            d.u.i.k.p.i.AbstractProblemLoader Creating init config 
195168     DEBUG main            d.u.i.k.p.i.AbstractProblemLoader Init config took 2.31s 
195183     INFO  main            d.u.i.k.p.i.AbstractProblemLoader Replaying proof heuristic_PUZ031p1.key 
195184     DEBUG main            d.u.i.k.p.i.IntermediateProofReplayer Proof replay took 7ns 
200103     INFO  main            d.u.i.k.p.r.p.TestFile    ... finished proof: closed. 
200444     INFO  main            d.u.i.k.p.i.AbstractProblemLoader Loading environment from /home/runner/work/key/key/key.core/../key.ui/examples/standard_key/quantifiers/heuristic_PUZ031p1.key.proof 
200447     DEBUG main            d.u.i.k.p.i.AbstractProblemLoader Environment load took 2.6ms 
200448     INFO  main            d.u.i.k.p.i.AbstractProblemLoader Creating init config 
202725     DEBUG main            d.u.i.k.p.i.AbstractProblemLoader Init config took 2.28s 
202740     INFO  main            d.u.i.k.p.i.AbstractProblemLoader Replaying proof heuristic_PUZ031p1.key.proof 
202773     DEBUG main            d.u.i.k.p.i.IntermediateProofReplayer Proof replay took 29.44ms 
202774     DEBUG main            d.u.i.k.p.r.p.TestFile    ... success: reloaded. 
202775     INFO  main            d.u.i.k.p.r.p.TestFile    Now processing file /home/runner/work/key/key/key.core/../key.ui/examples/standard_key/quantifiers/heuristic_SYN036p2.key 
202776     INFO  main            d.u.i.k.p.i.AbstractProblemLoader Loading environment from /home/runner/work/key/key/key.core/../key.ui/examples/standard_key/quantifiers/heuristic_SYN036p2.key 
202776     DEBUG main            d.u.i.k.p.i.AbstractProblemLoader Environment load took 637.61ns 
202777     INFO  main            d.u.i.k.p.i.AbstractProblemLoader Creating init config 
205103     DEBUG main            d.u.i.k.p.i.AbstractProblemLoader Init config took 2.33s 
205117     INFO  main            d.u.i.k.p.i.AbstractProblemLoader Replaying proof heuristic_SYN036p2.key 
205119     DEBUG main            d.u.i.k.p.i.IntermediateProofReplayer Proof replay took 7.5ns 
205323     INFO  main            d.u.i.k.p.r.p.TestFile    ... finished proof: closed. 
205718     INFO  main            d.u.i.k.p.i.AbstractProblemLoader Loading environment from /home/runner/work/key/key/key.core/../key.ui/examples/standard_key/quantifiers/heuristic_SYN036p2.key.proof 
205719     DEBUG main            d.u.i.k.p.i.AbstractProblemLoader Environment load took 1.18ms 
205720     INFO  main            d.u.i.k.p.i.AbstractProblemLoader Creating init config 
208007     DEBUG main            d.u.i.k.p.i.AbstractProblemLoader Init config took 2.29s 
208021     INFO  main            d.u.i.k.p.i.AbstractProblemLoader Replaying proof heuristic_SYN036p2.key.proof 
208083     DEBUG main            d.u.i.k.p.i.IntermediateProofReplayer Proof replay took 49.79ms 
208084     DEBUG main            d.u.i.k.p.r.p.TestFile    ... success: reloaded. 
208085     INFO  main            d.u.i.k.p.r.p.TestFile    Now processing file /home/runner/work/key/key/key.core/../key.ui/examples/standard_key/quantifiers/injectivity.key 
208085     INFO  main            d.u.i.k.p.i.AbstractProblemLoader Loading environment from /home/runner/work/key/key/key.core/../key.ui/examples/standard_key/quantifiers/injectivity.key 
208085     DEBUG main            d.u.i.k.p.i.AbstractProblemLoader Environment load took 193.1ns 
208086     INFO  main            d.u.i.k.p.i.AbstractProblemLoader Creating init config 
210423     DEBUG main            d.u.i.k.p.i.AbstractProblemLoader Init config took 2.34s 
210436     INFO  main            d.u.i.k.p.i.AbstractProblemLoader Replaying proof injectivity.key 
210438     DEBUG main            d.u.i.k.p.i.IntermediateProofReplayer Proof replay took 8.9ns 
210540     INFO  main            d.u.i.k.p.r.p.TestFile    ... finished proof: closed. 
210867     INFO  main            d.u.i.k.p.i.AbstractProblemLoader Loading environment from /home/runner/work/key/key/key.core/../key.ui/examples/standard_key/quantifiers/injectivity.key.proof 
210867     DEBUG main            d.u.i.k.p.i.AbstractProblemLoader Environment load took 104.1ns 
210868     INFO  main            d.u.i.k.p.i.AbstractProblemLoader Creating init config 
213120     DEBUG main            d.u.i.k.p.i.AbstractProblemLoader Init config took 2.25s 
213133     INFO  main            d.u.i.k.p.i.AbstractProblemLoader Replaying proof injectivity.key.proof 
213135     DEBUG main            d.u.i.k.p.i.IntermediateProofReplayer Proof replay took 1.12ms 
213136     DEBUG main            d.u.i.k.p.r.p.TestFile    ... success: reloaded. 
213136     INFO  main            d.u.i.k.p.r.p.TestFile    Now processing file /home/runner/work/key/key/key.core/../key.ui/examples/standard_key/quantifiers/normalisation0.key 
213137     INFO  main            d.u.i.k.p.i.AbstractProblemLoader Loading environment from /home/runner/work/key/key/key.core/../key.ui/examples/standard_key/quantifiers/normalisation0.key 
213137     DEBUG main            d.u.i.k.p.i.AbstractProblemLoader Environment load took 86.2ns 
213138     INFO  main            d.u.i.k.p.i.AbstractProblemLoader Creating init config 
215449     DEBUG main            d.u.i.k.p.i.AbstractProblemLoader Init config took 2.31s 
215466     INFO  main            d.u.i.k.p.i.AbstractProblemLoader Replaying proof normalisation0.key 
215468     DEBUG main            d.u.i.k.p.i.IntermediateProofReplayer Proof replay took 8.1ns 
215572     INFO  main            d.u.i.k.p.r.p.TestFile    ... finished proof: closed. 
215889     INFO  main            d.u.i.k.p.i.AbstractProblemLoader Loading environment from /home/runner/work/key/key/key.core/../key.ui/examples/standard_key/quantifiers/normalisation0.key.proof 
215889     DEBUG main            d.u.i.k.p.i.AbstractProblemLoader Environment load took 104.5ns 
215891     INFO  main            d.u.i.k.p.i.AbstractProblemLoader Creating init config 
218190     DEBUG main            d.u.i.k.p.i.AbstractProblemLoader Init config took 2.3s 
218221     INFO  main            d.u.i.k.p.i.AbstractProblemLoader Replaying proof normalisation0.key.proof 
218224     DEBUG main            d.u.i.k.p.i.IntermediateProofReplayer Proof replay took 994.71ns 
218225     DEBUG main            d.u.i.k.p.r.p.TestFile    ... success: reloaded. 
218226     INFO  main            d.u.i.k.p.r.p.TestFile    Now processing file /home/runner/work/key/key/key.core/../key.ui/examples/standard_key/quantifiers/normalisation1.key 
218226     INFO  main            d.u.i.k.p.i.AbstractProblemLoader Loading environment from /home/runner/work/key/key/key.core/../key.ui/examples/standard_key/quantifiers/normalisation1.key 
218227     DEBUG main            d.u.i.k.p.i.AbstractProblemLoader Environment load took 195.6ns 
218228     INFO  main            d.u.i.k.p.i.AbstractProblemLoader Creating init config 
220541     DEBUG main            d.u.i.k.p.i.AbstractProblemLoader Init config took 2.31s 
220557     INFO  main            d.u.i.k.p.i.AbstractProblemLoader Replaying proof normalisation1.key 
220558     DEBUG main            d.u.i.k.p.i.IntermediateProofReplayer Proof replay took 8.3ns 
220664     INFO  main            d.u.i.k.p.r.p.TestFile    ... finished proof: closed. 
220992     INFO  main            d.u.i.k.p.i.AbstractProblemLoader Loading environment from /home/runner/work/key/key/key.core/../key.ui/examples/standard_key/quantifiers/normalisation1.key.proof 
220992     DEBUG main            d.u.i.k.p.i.AbstractProblemLoader Environment load took 99.2ns 
220994     INFO  main            d.u.i.k.p.i.AbstractProblemLoader Creating init config 
223287     DEBUG main            d.u.i.k.p.i.AbstractProblemLoader Init config took 2.29s 
223301     INFO  main            d.u.i.k.p.i.AbstractProblemLoader Replaying proof normalisation1.key.proof 
223304     DEBUG main            d.u.i.k.p.i.IntermediateProofReplayer Proof replay took 902.91ns 
223304     DEBUG main            d.u.i.k.p.r.p.TestFile    ... success: reloaded. 
223305     INFO  main            d.u.i.k.p.r.p.TestFile    Now processing file /home/runner/work/key/key/key.core/../key.ui/examples/standard_key/quantifiers/normalisation2.key 
223305     INFO  main            d.u.i.k.p.i.AbstractProblemLoader Loading environment from /home/runner/work/key/key/key.core/../key.ui/examples/standard_key/quantifiers/normalisation2.key 
223306     DEBUG main            d.u.i.k.p.i.AbstractProblemLoader Environment load took 66ns 
223306     INFO  main            d.u.i.k.p.i.AbstractProblemLoader Creating init config 
225636     DEBUG main            d.u.i.k.p.i.AbstractProblemLoader Init config took 2.33s 
225650     INFO  main            d.u.i.k.p.i.AbstractProblemLoader Replaying proof normalisation2.key 
225651     DEBUG main            d.u.i.k.p.i.IntermediateProofReplayer Proof replay took 7.9ns 
225753     INFO  main            d.u.i.k.p.r.p.TestFile    ... finished proof: closed. 
226081     INFO  main            d.u.i.k.p.i.AbstractProblemLoader Loading environment from /home/runner/work/key/key/key.core/../key.ui/examples/standard_key/quantifiers/normalisation2.key.proof 
226081     DEBUG main            d.u.i.k.p.i.AbstractProblemLoader Environment load took 120.7ns 
226082     INFO  main            d.u.i.k.p.i.AbstractProblemLoader Creating init config 
228345     DEBUG main            d.u.i.k.p.i.AbstractProblemLoader Init config took 2.26s 
228360     INFO  main            d.u.i.k.p.i.AbstractProblemLoader Replaying proof normalisation2.key.proof 
228363     DEBUG main            d.u.i.k.p.i.IntermediateProofReplayer Proof replay took 1.34ms 
228364     DEBUG main            d.u.i.k.p.r.p.TestFile    ... success: reloaded. 
228365     INFO  main            d.u.i.k.p.r.p.TestFile    Now processing file /home/runner/work/key/key/key.core/../key.ui/examples/standard_key/quantifiers/normalisation3.key 
228365     INFO  main            d.u.i.k.p.i.AbstractProblemLoader Loading environment from /home/runner/work/key/key/key.core/../key.ui/examples/standard_key/quantifiers/normalisation3.key 
228365     DEBUG main            d.u.i.k.p.i.AbstractProblemLoader Environment load took 80.3ns 
228366     INFO  main            d.u.i.k.p.i.AbstractProblemLoader Creating init config 
230699     DEBUG main            d.u.i.k.p.i.AbstractProblemLoader Init config took 2.33s 
230713     INFO  main            d.u.i.k.p.i.AbstractProblemLoader Replaying proof normalisation3.key 
230714     DEBUG main            d.u.i.k.p.i.IntermediateProofReplayer Proof replay took 8.8ns 
230816     INFO  main            d.u.i.k.p.r.p.TestFile    ... finished proof: closed. 
231144     INFO  main            d.u.i.k.p.i.AbstractProblemLoader Loading environment from /home/runner/work/key/key/key.core/../key.ui/examples/standard_key/quantifiers/normalisation3.key.proof 
231144     DEBUG main            d.u.i.k.p.i.AbstractProblemLoader Environment load took 98.6ns 
231145     INFO  main            d.u.i.k.p.i.AbstractProblemLoader Creating init config 
233439     DEBUG main            d.u.i.k.p.i.AbstractProblemLoader Init config took 2.29s 
233453     INFO  main            d.u.i.k.p.i.AbstractProblemLoader Replaying proof normalisation3.key.proof 
233456     DEBUG main            d.u.i.k.p.i.IntermediateProofReplayer Proof replay took 1.26ms 
233457     DEBUG main            d.u.i.k.p.r.p.TestFile    ... success: reloaded. 
233457     INFO  main            d.u.i.k.p.r.p.TestFile    Now processing file /home/runner/work/key/key/key.core/../key.ui/examples/standard_key/quantifiers/normalisation4.key 
233458     INFO  main            d.u.i.k.p.i.AbstractProblemLoader Loading environment from /home/runner/work/key/key/key.core/../key.ui/examples/standard_key/quantifiers/normalisation4.key 
233458     DEBUG main            d.u.i.k.p.i.AbstractProblemLoader Environment load took 89.3ns 
233459     INFO  main            d.u.i.k.p.i.AbstractProblemLoader Creating init config 
235754     DEBUG main            d.u.i.k.p.i.AbstractProblemLoader Init config took 2.3s 
235767     INFO  main            d.u.i.k.p.i.AbstractProblemLoader Replaying proof normalisation4.key 
235769     DEBUG main            d.u.i.k.p.i.IntermediateProofReplayer Proof replay took 6.8ns 
235870     INFO  main            d.u.i.k.p.r.p.TestFile    ... finished proof: closed. 
236309     INFO  main            d.u.i.k.p.i.AbstractProblemLoader Loading environment from /home/runner/work/key/key/key.core/../key.ui/examples/standard_key/quantifiers/normalisation4.key.proof 
236309     DEBUG main            d.u.i.k.p.i.AbstractProblemLoader Environment load took 95.9ns 
236310     INFO  main            d.u.i.k.p.i.AbstractProblemLoader Creating init config 
238549     DEBUG main            d.u.i.k.p.i.AbstractProblemLoader Init config took 2.24s 
238563     INFO  main            d.u.i.k.p.i.AbstractProblemLoader Replaying proof normalisation4.key.proof 
238568     DEBUG main            d.u.i.k.p.i.IntermediateProofReplayer Proof replay took 2.66ms 
238569     DEBUG main            d.u.i.k.p.r.p.TestFile    ... success: reloaded. 
238570     INFO  main            d.u.i.k.p.r.p.TestFile    Now processing file /home/runner/work/key/key/key.core/../key.ui/examples/standard_key/quantifiers/normalisation5.key 
238570     INFO  main            d.u.i.k.p.i.AbstractProblemLoader Loading environment from /home/runner/work/key/key/key.core/../key.ui/examples/standard_key/quantifiers/normalisation5.key 
238570     DEBUG main            d.u.i.k.p.i.AbstractProblemLoader Environment load took 163.5ns 
238571     INFO  main            d.u.i.k.p.i.AbstractProblemLoader Creating init config 
240909     DEBUG main            d.u.i.k.p.i.AbstractProblemLoader Init config took 2.34s 
240924     INFO  main            d.u.i.k.p.i.AbstractProblemLoader Replaying proof normalisation5.key 
240925     DEBUG main            d.u.i.k.p.i.IntermediateProofReplayer Proof replay took 8.8ns 
241027     INFO  main            d.u.i.k.p.r.p.TestFile    ... finished proof: closed. 
241384     INFO  main            d.u.i.k.p.i.AbstractProblemLoader Loading environment from /home/runner/work/key/key/key.core/../key.ui/examples/standard_key/quantifiers/normalisation5.key.proof 
241384     DEBUG main            d.u.i.k.p.i.AbstractProblemLoader Environment load took 102.3ns 
241385     INFO  main            d.u.i.k.p.i.AbstractProblemLoader Creating init config 
243685     DEBUG main            d.u.i.k.p.i.AbstractProblemLoader Init config took 2.3s 
243699     INFO  main            d.u.i.k.p.i.AbstractProblemLoader Replaying proof normalisation5.key.proof 
243702     DEBUG main            d.u.i.k.p.i.IntermediateProofReplayer Proof replay took 1.56ms 
243703     DEBUG main            d.u.i.k.p.r.p.TestFile    ... success: reloaded. 
243704     INFO  main            d.u.i.k.p.r.p.TestFile    Now processing file /home/runner/work/key/key/key.core/../key.ui/examples/standard_key/quantifiers/normalisation6.key 
243704     INFO  main            d.u.i.k.p.i.AbstractProblemLoader Loading environment from /home/runner/work/key/key/key.core/../key.ui/examples/standard_key/quantifiers/normalisation6.key 
243705     DEBUG main            d.u.i.k.p.i.AbstractProblemLoader Environment load took 108.1ns 
243705     INFO  main            d.u.i.k.p.i.AbstractProblemLoader Creating init config 
245976     DEBUG main            d.u.i.k.p.i.AbstractProblemLoader Init config took 2.27s 
245989     INFO  main            d.u.i.k.p.i.AbstractProblemLoader Replaying proof normalisation6.key 
245990     DEBUG main            d.u.i.k.p.i.IntermediateProofReplayer Proof replay took 6.9ns 
246092     INFO  main            d.u.i.k.p.r.p.TestFile    ... finished proof: closed. 
246441     INFO  main            d.u.i.k.p.i.AbstractProblemLoader Loading environment from /home/runner/work/key/key/key.core/../key.ui/examples/standard_key/quantifiers/normalisation6.key.proof 
246442     DEBUG main            d.u.i.k.p.i.AbstractProblemLoader Environment load took 95.9ns 
246443     INFO  main            d.u.i.k.p.i.AbstractProblemLoader Creating init config 
248695     DEBUG main            d.u.i.k.p.i.AbstractProblemLoader Init config took 2.25s 
248708     INFO  main            d.u.i.k.p.i.AbstractProblemLoader Replaying proof normalisation6.key.proof 
248711     DEBUG main            d.u.i.k.p.i.IntermediateProofReplayer Proof replay took 1.13ms 
248712     DEBUG main            d.u.i.k.p.r.p.TestFile    ... success: reloaded. 
248712     INFO  main            d.u.i.k.p.r.p.TestFile    Now processing file /home/runner/work/key/key/key.core/../key.ui/examples/standard_key/quantifiers/normalisation7.key 
248713     INFO  main            d.u.i.k.p.i.AbstractProblemLoader Loading environment from /home/runner/work/key/key/key.core/../key.ui/examples/standard_key/quantifiers/normalisation7.key 
248713     DEBUG main            d.u.i.k.p.i.AbstractProblemLoader Environment load took 100.7ns 
248714     INFO  main            d.u.i.k.p.i.AbstractProblemLoader Creating init config 
251000     DEBUG main            d.u.i.k.p.i.AbstractProblemLoader Init config took 2.29s 
251014     INFO  main            d.u.i.k.p.i.AbstractProblemLoader Replaying proof normalisation7.key 
251016     DEBUG main            d.u.i.k.p.i.IntermediateProofReplayer Proof replay took 8.6ns 
251118     INFO  main            d.u.i.k.p.r.p.TestFile    ... finished proof: closed. 
251481     INFO  main            d.u.i.k.p.i.AbstractProblemLoader Loading environment from /home/runner/work/key/key/key.core/../key.ui/examples/standard_key/quantifiers/normalisation7.key.proof 
251481     DEBUG main            d.u.i.k.p.i.AbstractProblemLoader Environment load took 106.3ns 
251482     INFO  main            d.u.i.k.p.i.AbstractProblemLoader Creating init config 
253775     DEBUG main            d.u.i.k.p.i.AbstractProblemLoader Init config took 2.29s 
253790     INFO  main            d.u.i.k.p.i.AbstractProblemLoader Replaying proof normalisation7.key.proof 
253792     DEBUG main            d.u.i.k.p.i.IntermediateProofReplayer Proof replay took 1.23ms 
253793     DEBUG main            d.u.i.k.p.r.p.TestFile    ... success: reloaded. 
253794     INFO  main            d.u.i.k.p.r.p.TestFile    Now processing file /home/runner/work/key/key/key.core/../key.ui/examples/standard_key/quantifiers/normalisation8.key 
253794     INFO  main            d.u.i.k.p.i.AbstractProblemLoader Loading environment from /home/runner/work/key/key/key.core/../key.ui/examples/standard_key/quantifiers/normalisation8.key 
253794     DEBUG main            d.u.i.k.p.i.AbstractProblemLoader Environment load took 64.3ns 
253795     INFO  main            d.u.i.k.p.i.AbstractProblemLoader Creating init config 
256154     DEBUG main            d.u.i.k.p.i.AbstractProblemLoader Init config took 2.36s 
256172     INFO  main            d.u.i.k.p.i.AbstractProblemLoader Replaying proof normalisation8.key 
256174     DEBUG main            d.u.i.k.p.i.IntermediateProofReplayer Proof replay took 8ns 
256276     INFO  main            d.u.i.k.p.r.p.TestFile    ... finished proof: closed. 
256633     INFO  main            d.u.i.k.p.i.AbstractProblemLoader Loading environment from /home/runner/work/key/key/key.core/../key.ui/examples/standard_key/quantifiers/normalisation8.key.proof 
256633     DEBUG main            d.u.i.k.p.i.AbstractProblemLoader Environment load took 96.7ns 
256634     INFO  main            d.u.i.k.p.i.AbstractProblemLoader Creating init config 
258858     DEBUG main            d.u.i.k.p.i.AbstractProblemLoader Init config took 2.22s 
258872     INFO  main            d.u.i.k.p.i.AbstractProblemLoader Replaying proof normalisation8.key.proof 
258875     DEBUG main            d.u.i.k.p.i.IntermediateProofReplayer Proof replay took 2.3ms 
258876     DEBUG main            d.u.i.k.p.r.p.TestFile    ... success: reloaded. 
258877     INFO  main            d.u.i.k.p.r.p.TestFile    Now processing file /home/runner/work/key/key/key.core/../key.ui/examples/standard_key/quantifiers/normalisation9.key 
258877     INFO  main            d.u.i.k.p.i.AbstractProblemLoader Loading environment from /home/runner/work/key/key/key.core/../key.ui/examples/standard_key/quantifiers/normalisation9.key 
258877     DEBUG main            d.u.i.k.p.i.AbstractProblemLoader Environment load took 49ns 
258878     INFO  main            d.u.i.k.p.i.AbstractProblemLoader Creating init config 
261233     DEBUG main            d.u.i.k.p.i.AbstractProblemLoader Init config took 2.36s 
261246     INFO  main            d.u.i.k.p.i.AbstractProblemLoader Replaying proof normalisation9.key 
261248     DEBUG main            d.u.i.k.p.i.IntermediateProofReplayer Proof replay took 19.2ns 
261350     INFO  main            d.u.i.k.p.r.p.TestFile    ... finished proof: closed. 
261723     INFO  main            d.u.i.k.p.i.AbstractProblemLoader Loading environment from /home/runner/work/key/key/key.core/../key.ui/examples/standard_key/quantifiers/normalisation9.key.proof 
261723     DEBUG main            d.u.i.k.p.i.AbstractProblemLoader Environment load took 93.8ns 
261725     INFO  main            d.u.i.k.p.i.AbstractProblemLoader Creating init config 
263966     DEBUG main            d.u.i.k.p.i.AbstractProblemLoader Init config took 2.24s 
263979     INFO  main            d.u.i.k.p.i.AbstractProblemLoader Replaying proof normalisation9.key.proof 
263983     DEBUG main            d.u.i.k.p.i.IntermediateProofReplayer Proof replay took 2.37ms 
263984     DEBUG main            d.u.i.k.p.r.p.TestFile    ... success: reloaded. 
263985     INFO  main            d.u.i.k.p.r.p.TestFile    Now processing file /home/runner/work/key/key/key.core/../key.ui/examples/standard_key/quantifiers/normalisation10.key 
263985     INFO  main            d.u.i.k.p.i.AbstractProblemLoader Loading environment from /home/runner/work/key/key/key.core/../key.ui/examples/standard_key/quantifiers/normalisation10.key 
263985     DEBUG main            d.u.i.k.p.i.AbstractProblemLoader Environment load took 97.1ns 
263986     INFO  main            d.u.i.k.p.i.AbstractProblemLoader Creating init config 
266330     DEBUG main            d.u.i.k.p.i.AbstractProblemLoader Init config took 2.34s 
266344     INFO  main            d.u.i.k.p.i.AbstractProblemLoader Replaying proof normalisation10.key 
266345     DEBUG main            d.u.i.k.p.i.IntermediateProofReplayer Proof replay took 7.9ns 
266448     INFO  main            d.u.i.k.p.r.p.TestFile    ... finished proof: closed. 
266832     INFO  main            d.u.i.k.p.i.AbstractProblemLoader Loading environment from /home/runner/work/key/key/key.core/../key.ui/examples/standard_key/quantifiers/normalisation10.key.proof 
266832     DEBUG main            d.u.i.k.p.i.AbstractProblemLoader Environment load took 94.2ns 
266834     INFO  main            d.u.i.k.p.i.AbstractProblemLoader Creating init config 
269073     DEBUG main            d.u.i.k.p.i.AbstractProblemLoader Init config took 2.24s 
269087     INFO  main            d.u.i.k.p.i.AbstractProblemLoader Replaying proof normalisation10.key.proof 
269091     DEBUG main            d.u.i.k.p.i.IntermediateProofReplayer Proof replay took 2.86ms 
269092     DEBUG main            d.u.i.k.p.r.p.TestFile    ... success: reloaded. 
269092     INFO  main            d.u.i.k.p.r.p.TestFile    Now processing file /home/runner/work/key/key/key.core/../key.ui/examples/standard_key/quantifiers/normalisation12.key 
269093     INFO  main            d.u.i.k.p.i.AbstractProblemLoader Loading environment from /home/runner/work/key/key/key.core/../key.ui/examples/standard_key/quantifiers/normalisation12.key 
269093     DEBUG main            d.u.i.k.p.i.AbstractProblemLoader Environment load took 47.7ns 
269094     INFO  main            d.u.i.k.p.i.AbstractProblemLoader Creating init config 
271401     DEBUG main            d.u.i.k.p.i.AbstractProblemLoader Init config took 2.31s 
271415     INFO  main            d.u.i.k.p.i.AbstractProblemLoader Replaying proof normalisation12.key 
271435     DEBUG main            d.u.i.k.p.i.IntermediateProofReplayer Proof replay took 9.9ns 
271538     INFO  main            d.u.i.k.p.r.p.TestFile    ... finished proof: closed. 
271905     INFO  main            d.u.i.k.p.i.AbstractProblemLoader Loading environment from /home/runner/work/key/key/key.core/../key.ui/examples/standard_key/quantifiers/normalisation12.key.proof 
271905     DEBUG main            d.u.i.k.p.i.AbstractProblemLoader Environment load took 106ns 
271906     INFO  main            d.u.i.k.p.i.AbstractProblemLoader Creating init config 
274187     DEBUG main            d.u.i.k.p.i.AbstractProblemLoader Init config took 2.28s 
274201     INFO  main            d.u.i.k.p.i.AbstractProblemLoader Replaying proof normalisation12.key.proof 
274204     DEBUG main            d.u.i.k.p.i.IntermediateProofReplayer Proof replay took 860.21ns 
274204     DEBUG main            d.u.i.k.p.r.p.TestFile    ... success: reloaded. 
274205     INFO  main            d.u.i.k.p.r.p.TestFile    Now processing file /home/runner/work/key/key/key.core/../key.ui/examples/standard_key/quantifiers/normalisation13.key 
274205     INFO  main            d.u.i.k.p.i.AbstractProblemLoader Loading environment from /home/runner/work/key/key/key.core/../key.ui/examples/standard_key/quantifiers/normalisation13.key 
274205     DEBUG main            d.u.i.k.p.i.AbstractProblemLoader Environment load took 50.5ns 
274206     INFO  main            d.u.i.k.p.i.AbstractProblemLoader Creating init config 
276559     DEBUG main            d.u.i.k.p.i.AbstractProblemLoader Init config took 2.35s 
276573     INFO  main            d.u.i.k.p.i.AbstractProblemLoader Replaying proof normalisation13.key 
276575     DEBUG main            d.u.i.k.p.i.IntermediateProofReplayer Proof replay took 8.7ns 
276676     INFO  main            d.u.i.k.p.r.p.TestFile    ... finished proof: closed. 
277053     INFO  main            d.u.i.k.p.i.AbstractProblemLoader Loading environment from /home/runner/work/key/key/key.core/../key.ui/examples/standard_key/quantifiers/normalisation13.key.proof 
277053     DEBUG main            d.u.i.k.p.i.AbstractProblemLoader Environment load took 98ns 
277054     INFO  main            d.u.i.k.p.i.AbstractProblemLoader Creating init config 
279282     DEBUG main            d.u.i.k.p.i.AbstractProblemLoader Init config took 2.23s 
279296     INFO  main            d.u.i.k.p.i.AbstractProblemLoader Replaying proof normalisation13.key.proof 
279297     DEBUG main            d.u.i.k.p.i.IntermediateProofReplayer Proof replay took 470.2ns 
279298     DEBUG main            d.u.i.k.p.r.p.TestFile    ... success: reloaded. 
279299     INFO  main            d.u.i.k.p.r.p.TestFile    Now processing file /home/runner/work/key/key/key.core/../key.ui/examples/standard_key/quantifiers/triggers0.key 
279299     INFO  main            d.u.i.k.p.i.AbstractProblemLoader Loading environment from /home/runner/work/key/key/key.core/../key.ui/examples/standard_key/quantifiers/triggers0.key 
279299     DEBUG main            d.u.i.k.p.i.AbstractProblemLoader Environment load took 49.4ns 
279300     INFO  main            d.u.i.k.p.i.AbstractProblemLoader Creating init config 
281615     DEBUG main            d.u.i.k.p.i.AbstractProblemLoader Init config took 2.32s 
281629     INFO  main            d.u.i.k.p.i.AbstractProblemLoader Replaying proof triggers0.key 
281631     DEBUG main            d.u.i.k.p.i.IntermediateProofReplayer Proof replay took 8.8ns 
281736     INFO  main            d.u.i.k.p.r.p.TestFile    ... finished proof: closed. 
282136     INFO  main            d.u.i.k.p.i.AbstractProblemLoader Loading environment from /home/runner/work/key/key/key.core/../key.ui/examples/standard_key/quantifiers/triggers0.key.proof 
282137     DEBUG main            d.u.i.k.p.i.AbstractProblemLoader Environment load took 111.5ns 
282138     INFO  main            d.u.i.k.p.i.AbstractProblemLoader Creating init config 
284440     DEBUG main            d.u.i.k.p.i.AbstractProblemLoader Init config took 2.3s 
284454     INFO  main            d.u.i.k.p.i.AbstractProblemLoader Replaying proof triggers0.key.proof 
284459     DEBUG main            d.u.i.k.p.i.IntermediateProofReplayer Proof replay took 3.87ms 
284460     DEBUG main            d.u.i.k.p.r.p.TestFile    ... success: reloaded. 
3852937    INFO  Test worker     d.u.i.k.p.r.RunAllProofsTestUnit Returning from test FOL 
3852939    INFO  Test worker     d.u.i.k.p.r.RunAllProofsTestUnit Running test strings 
377        INFO  Timeout watchdog d.u.i.k.p.r.p.ForkedTestFileRunner Timeout watcher launched (2000 secs.) 
394        WARN  main            d.u.i.k.s.ProofSettings   The settings in /home/runner/.key/proof-settings.props are *not* read. 
444        INFO  main            d.u.i.k.p.r.p.TestFile    Now processing file /home/runner/work/key/key/key.core/../key.ui/examples/standard_key/strings/charAt0.key 
602        INFO  main            d.u.i.k.p.i.AbstractProblemLoader Loading environment from /home/runner/work/key/key/key.core/../key.ui/examples/standard_key/strings/charAt0.key 
621        DEBUG main            d.u.i.k.p.i.AbstractProblemLoader Environment load took 2.46ms 
880        INFO  main            d.u.i.k.p.i.AbstractProblemLoader Creating init config 
1822       DEBUG main            d.u.i.k.j.TypeConverter   No LDT found for Meta 
1822       DEBUG main            d.u.i.k.j.TypeConverter   No LDT found for Meta 
1826       DEBUG main            d.u.i.k.j.TypeConverter   No LDT found for Meta 
1826       DEBUG main            d.u.i.k.j.TypeConverter   No LDT found for Meta 
3269       DEBUG main            d.u.i.k.j.TypeConverter   No LDT found for JavaBigintExpression 
8633       DEBUG main            d.u.i.k.p.i.AbstractProblemLoader Init config took 7.75s 
8720       INFO  main            d.u.i.k.p.i.AbstractProblemLoader Replaying proof charAt0.key 
8759       DEBUG main            d.u.i.k.p.i.IntermediateProofReplayer Proof replay took 37.7ns 
9141       INFO  main            d.u.i.k.p.r.p.TestFile    ... finished proof: closed. 
9250       INFO  main            d.u.i.k.p.i.AbstractProblemLoader Loading environment from /home/runner/work/key/key/key.core/../key.ui/examples/standard_key/strings/charAt0.key.proof 
9250       DEBUG main            d.u.i.k.p.i.AbstractProblemLoader Environment load took 177.3ns 
9256       INFO  main            d.u.i.k.p.i.AbstractProblemLoader Creating init config 
12007      DEBUG main            d.u.i.k.p.i.AbstractProblemLoader Init config took 2.75s 
12051      INFO  main            d.u.i.k.p.i.AbstractProblemLoader Replaying proof charAt0.key.proof 
12068      DEBUG main            d.u.i.k.p.i.IntermediateProofReplayer Proof replay took 12.63ms 
12080      DEBUG main            d.u.i.k.p.r.p.TestFile    ... success: reloaded. 
12081      INFO  main            d.u.i.k.p.r.p.TestFile    Now processing file /home/runner/work/key/key/key.core/../key.ui/examples/standard_key/strings/charAt1.key 
12082      INFO  main            d.u.i.k.p.i.AbstractProblemLoader Loading environment from /home/runner/work/key/key/key.core/../key.ui/examples/standard_key/strings/charAt1.key 
12082      DEBUG main            d.u.i.k.p.i.AbstractProblemLoader Environment load took 214.6ns 
12084      INFO  main            d.u.i.k.p.i.AbstractProblemLoader Creating init config 
14646      DEBUG main            d.u.i.k.p.i.AbstractProblemLoader Init config took 2.56s 
14675      INFO  main            d.u.i.k.p.i.AbstractProblemLoader Replaying proof charAt1.key 
14677      DEBUG main            d.u.i.k.p.i.IntermediateProofReplayer Proof replay took 7.3ns 
14881      INFO  main            d.u.i.k.p.r.p.TestFile    ... finished proof: closed. 
15038      INFO  main            d.u.i.k.p.i.AbstractProblemLoader Loading environment from /home/runner/work/key/key/key.core/../key.ui/examples/standard_key/strings/charAt1.key.proof 
15041      DEBUG main            d.u.i.k.p.i.AbstractProblemLoader Environment load took 2.31ms 
15043      INFO  main            d.u.i.k.p.i.AbstractProblemLoader Creating init config 
17540      DEBUG main            d.u.i.k.p.i.AbstractProblemLoader Init config took 2.5s 
17564      INFO  main            d.u.i.k.p.i.AbstractProblemLoader Replaying proof charAt1.key.proof 
17577      DEBUG main            d.u.i.k.p.i.IntermediateProofReplayer Proof replay took 10.62ms 
17579      DEBUG main            d.u.i.k.p.r.p.TestFile    ... success: reloaded. 
17580      INFO  main            d.u.i.k.p.r.p.TestFile    Now processing file /home/runner/work/key/key/key.core/../key.ui/examples/standard_key/strings/concat1.key 
17580      INFO  main            d.u.i.k.p.i.AbstractProblemLoader Loading environment from /home/runner/work/key/key/key.core/../key.ui/examples/standard_key/strings/concat1.key 
17580      DEBUG main            d.u.i.k.p.i.AbstractProblemLoader Environment load took 194.4ns 
17582      INFO  main            d.u.i.k.p.i.AbstractProblemLoader Creating init config 
20061      DEBUG main            d.u.i.k.p.i.AbstractProblemLoader Init config took 2.48s 
20082      INFO  main            d.u.i.k.p.i.AbstractProblemLoader Replaying proof concat1.key 
20084      DEBUG main            d.u.i.k.p.i.IntermediateProofReplayer Proof replay took 22.6ns 
20197      INFO  main            d.u.i.k.p.r.p.TestFile    ... finished proof: closed. 
20334      INFO  main            d.u.i.k.p.i.AbstractProblemLoader Loading environment from /home/runner/work/key/key/key.core/../key.ui/examples/standard_key/strings/concat1.key.proof 
20334      DEBUG main            d.u.i.k.p.i.AbstractProblemLoader Environment load took 123.1ns 
20335      INFO  main            d.u.i.k.p.i.AbstractProblemLoader Creating init config 
22773      DEBUG main            d.u.i.k.p.i.AbstractProblemLoader Init config took 2.44s 
22796      INFO  main            d.u.i.k.p.i.AbstractProblemLoader Replaying proof concat1.key.proof 
22800      DEBUG main            d.u.i.k.p.i.IntermediateProofReplayer Proof replay took 1.37ms 
22801      DEBUG main            d.u.i.k.p.r.p.TestFile    ... success: reloaded. 
22802      INFO  main            d.u.i.k.p.r.p.TestFile    Now processing file /home/runner/work/key/key/key.core/../key.ui/examples/standard_key/strings/concat2.key 
22803      INFO  main            d.u.i.k.p.i.AbstractProblemLoader Loading environment from /home/runner/work/key/key/key.core/../key.ui/examples/standard_key/strings/concat2.key 
22803      DEBUG main            d.u.i.k.p.i.AbstractProblemLoader Environment load took 209.4ns 
22804      INFO  main            d.u.i.k.p.i.AbstractProblemLoader Creating init config 
25181      DEBUG main            d.u.i.k.p.i.AbstractProblemLoader Init config took 2.38s 
25202      INFO  main            d.u.i.k.p.i.AbstractProblemLoader Replaying proof concat2.key 
25204      DEBUG main            d.u.i.k.p.i.IntermediateProofReplayer Proof replay took 6.1ns 
25310      INFO  main            d.u.i.k.p.r.p.TestFile    ... finished proof: closed. 
25452      INFO  main            d.u.i.k.p.i.AbstractProblemLoader Loading environment from /home/runner/work/key/key/key.core/../key.ui/examples/standard_key/strings/concat2.key.proof 
25452      DEBUG main            d.u.i.k.p.i.AbstractProblemLoader Environment load took 122.7ns 
25454      INFO  main            d.u.i.k.p.i.AbstractProblemLoader Creating init config 
27825      DEBUG main            d.u.i.k.p.i.AbstractProblemLoader Init config took 2.37s 
27844      INFO  main            d.u.i.k.p.i.AbstractProblemLoader Replaying proof concat2.key.proof 
27853      DEBUG main            d.u.i.k.p.i.IntermediateProofReplayer Proof replay took 6.9ms 
27854      DEBUG main            d.u.i.k.p.r.p.TestFile    ... success: reloaded. 
27855      INFO  main            d.u.i.k.p.r.p.TestFile    Now processing file /home/runner/work/key/key/key.core/../key.ui/examples/standard_key/strings/deriveLength1.key 
27856      INFO  main            d.u.i.k.p.i.AbstractProblemLoader Loading environment from /home/runner/work/key/key/key.core/../key.ui/examples/standard_key/strings/deriveLength1.key 
27856      DEBUG main            d.u.i.k.p.i.AbstractProblemLoader Environment load took 209.6ns 
27857      INFO  main            d.u.i.k.p.i.AbstractProblemLoader Creating init config 
30291      DEBUG main            d.u.i.k.p.i.AbstractProblemLoader Init config took 2.43s 
30310      INFO  main            d.u.i.k.p.i.AbstractProblemLoader Replaying proof deriveLength1.key 
30311      DEBUG main            d.u.i.k.p.i.IntermediateProofReplayer Proof replay took 6.6ns 
30418      INFO  main            d.u.i.k.p.r.p.TestFile    ... finished proof: closed. 
30596      INFO  main            d.u.i.k.p.i.AbstractProblemLoader Loading environment from /home/runner/work/key/key/key.core/../key.ui/examples/standard_key/strings/deriveLength1.key.proof 
30597      DEBUG main            d.u.i.k.p.i.AbstractProblemLoader Environment load took 1.72ms 
30599      INFO  main            d.u.i.k.p.i.AbstractProblemLoader Creating init config 
33014      DEBUG main            d.u.i.k.p.i.AbstractProblemLoader Init config took 2.42s 
33036      INFO  main            d.u.i.k.p.i.AbstractProblemLoader Replaying proof deriveLength1.key.proof 
33057      DEBUG main            d.u.i.k.p.i.IntermediateProofReplayer Proof replay took 18.7ms 
33060      DEBUG main            d.u.i.k.p.r.p.TestFile    ... success: reloaded. 
33062      INFO  main            d.u.i.k.p.r.p.TestFile    Now processing file /home/runner/work/key/key/key.core/../key.ui/examples/standard_key/strings/emptyStringLengthZero.key 
33062      INFO  main            d.u.i.k.p.i.AbstractProblemLoader Loading environment from /home/runner/work/key/key/key.core/../key.ui/examples/standard_key/strings/emptyStringLengthZero.key 
33062      DEBUG main            d.u.i.k.p.i.AbstractProblemLoader Environment load took 109.6ns 
33063      INFO  main            d.u.i.k.p.i.AbstractProblemLoader Creating init config 
35455      DEBUG main            d.u.i.k.p.i.AbstractProblemLoader Init config took 2.39s 
35473      INFO  main            d.u.i.k.p.i.AbstractProblemLoader Replaying proof emptyStringLengthZero.key 
35475      DEBUG main            d.u.i.k.p.i.IntermediateProofReplayer Proof replay took 7ns 
35582      INFO  main            d.u.i.k.p.r.p.TestFile    ... finished proof: closed. 
35737      INFO  main            d.u.i.k.p.i.AbstractProblemLoader Loading environment from /home/runner/work/key/key/key.core/../key.ui/examples/standard_key/strings/emptyStringLengthZero.key.proof 
35737      DEBUG main            d.u.i.k.p.i.AbstractProblemLoader Environment load took 126.3ns 
35738      INFO  main            d.u.i.k.p.i.AbstractProblemLoader Creating init config 
38122      DEBUG main            d.u.i.k.p.i.AbstractProblemLoader Init config took 2.38s 
38140      INFO  main            d.u.i.k.p.i.AbstractProblemLoader Replaying proof emptyStringLengthZero.key.proof 
38145      DEBUG main            d.u.i.k.p.i.IntermediateProofReplayer Proof replay took 3.06ms 
38146      DEBUG main            d.u.i.k.p.r.p.TestFile    ... success: reloaded. 
38147      INFO  main            d.u.i.k.p.r.p.TestFile    Now processing file /home/runner/work/key/key/key.core/../key.ui/examples/standard_key/strings/implicitBooleanStringConversion.key 
38147      INFO  main            d.u.i.k.p.i.AbstractProblemLoader Loading environment from /home/runner/work/key/key/key.core/../key.ui/examples/standard_key/strings/implicitBooleanStringConversion.key 
38147      DEBUG main            d.u.i.k.p.i.AbstractProblemLoader Environment load took 195.7ns 
38149      INFO  main            d.u.i.k.p.i.AbstractProblemLoader Creating init config 
40557      DEBUG main            d.u.i.k.p.i.AbstractProblemLoader Init config took 2.41s 
40578      INFO  main            d.u.i.k.p.i.AbstractProblemLoader Replaying proof implicitBooleanStringConversion.key 
40580      DEBUG main            d.u.i.k.p.i.IntermediateProofReplayer Proof replay took 8.1ns 
41598      INFO  main            d.u.i.k.p.r.p.TestFile    ... finished proof: closed. 
41794      INFO  main            d.u.i.k.p.i.AbstractProblemLoader Loading environment from /home/runner/work/key/key/key.core/../key.ui/examples/standard_key/strings/implicitBooleanStringConversion.key.proof 
41799      DEBUG main            d.u.i.k.p.i.AbstractProblemLoader Environment load took 4.9ms 
41800      INFO  main            d.u.i.k.p.i.AbstractProblemLoader Creating init config 
44130      DEBUG main            d.u.i.k.p.i.AbstractProblemLoader Init config took 2.33s 
44151      INFO  main            d.u.i.k.p.i.AbstractProblemLoader Replaying proof implicitBooleanStringConversion.key.proof 
44223      DEBUG main            d.u.i.k.p.i.IntermediateProofReplayer Proof replay took 66.68ms 
44224      DEBUG main            d.u.i.k.p.r.p.TestFile    ... success: reloaded. 
44225      INFO  main            d.u.i.k.p.r.p.TestFile    Now processing file /home/runner/work/key/key/key.core/../key.ui/examples/standard_key/strings/implicitBooleanStringConversion2.key 
44226      INFO  main            d.u.i.k.p.i.AbstractProblemLoader Loading environment from /home/runner/work/key/key/key.core/../key.ui/examples/standard_key/strings/implicitBooleanStringConversion2.key 
44226      DEBUG main            d.u.i.k.p.i.AbstractProblemLoader Environment load took 188.3ns 
44227      INFO  main            d.u.i.k.p.i.AbstractProblemLoader Creating init config 
46629      DEBUG main            d.u.i.k.p.i.AbstractProblemLoader Init config took 2.4s 
46648      INFO  main            d.u.i.k.p.i.AbstractProblemLoader Replaying proof implicitBooleanStringConversion2.key 
46650      DEBUG main            d.u.i.k.p.i.IntermediateProofReplayer Proof replay took 8.6ns 
47053      INFO  main            d.u.i.k.p.r.p.TestFile    ... finished proof: closed. 
47254      INFO  main            d.u.i.k.p.i.AbstractProblemLoader Loading environment from /home/runner/work/key/key/key.core/../key.ui/examples/standard_key/strings/implicitBooleanStringConversion2.key.proof 
47255      DEBUG main            d.u.i.k.p.i.AbstractProblemLoader Environment load took 564.8ns 
47256      INFO  main            d.u.i.k.p.i.AbstractProblemLoader Creating init config 
49534      DEBUG main            d.u.i.k.p.i.AbstractProblemLoader Init config took 2.28s 
49553      INFO  main            d.u.i.k.p.i.AbstractProblemLoader Replaying proof implicitBooleanStringConversion2.key.proof 
49577      DEBUG main            d.u.i.k.p.i.IntermediateProofReplayer Proof replay took 20.58ms 
49578      DEBUG main            d.u.i.k.p.r.p.TestFile    ... success: reloaded. 
49579      INFO  main            d.u.i.k.p.r.p.TestFile    Now processing file /home/runner/work/key/key/key.core/../key.ui/examples/standard_key/strings/implicitIntStringConversion.key 
49579      INFO  main            d.u.i.k.p.i.AbstractProblemLoader Loading environment from /home/runner/work/key/key/key.core/../key.ui/examples/standard_key/strings/implicitIntStringConversion.key 
49579      DEBUG main            d.u.i.k.p.i.AbstractProblemLoader Environment load took 84.5ns 
49580      INFO  main            d.u.i.k.p.i.AbstractProblemLoader Creating init config 
51955      DEBUG main            d.u.i.k.p.i.AbstractProblemLoader Init config took 2.37s 
51973      INFO  main            d.u.i.k.p.i.AbstractProblemLoader Replaying proof implicitIntStringConversion.key 
51975      DEBUG main            d.u.i.k.p.i.IntermediateProofReplayer Proof replay took 7.5ns 
52779      INFO  main            d.u.i.k.p.r.p.TestFile    ... finished proof: closed. 
53008      INFO  main            d.u.i.k.p.i.AbstractProblemLoader Loading environment from /home/runner/work/key/key/key.core/../key.ui/examples/standard_key/strings/implicitIntStringConversion.key.proof 
53010      DEBUG main            d.u.i.k.p.i.AbstractProblemLoader Environment load took 2.77ms 
53012      INFO  main            d.u.i.k.p.i.AbstractProblemLoader Creating init config 
55286      DEBUG main            d.u.i.k.p.i.AbstractProblemLoader Init config took 2.27s 
55303      INFO  main            d.u.i.k.p.i.AbstractProblemLoader Replaying proof implicitIntStringConversion.key.proof 
55345      DEBUG main            d.u.i.k.p.i.IntermediateProofReplayer Proof replay took 36.66ms 
55346      DEBUG main            d.u.i.k.p.r.p.TestFile    ... success: reloaded. 
55347      INFO  main            d.u.i.k.p.r.p.TestFile    Now processing file /home/runner/work/key/key/key.core/../key.ui/examples/standard_key/strings/implicitNullStringConversion.key 
55347      INFO  main            d.u.i.k.p.i.AbstractProblemLoader Loading environment from /home/runner/work/key/key/key.core/../key.ui/examples/standard_key/strings/implicitNullStringConversion.key 
55347      DEBUG main            d.u.i.k.p.i.AbstractProblemLoader Environment load took 185.7ns 
55348      INFO  main            d.u.i.k.p.i.AbstractProblemLoader Creating init config 
57708      DEBUG main            d.u.i.k.p.i.AbstractProblemLoader Init config took 2.36s 
57726      INFO  main            d.u.i.k.p.i.AbstractProblemLoader Replaying proof implicitNullStringConversion.key 
57727      DEBUG main            d.u.i.k.p.i.IntermediateProofReplayer Proof replay took 7.9ns 
58030      INFO  main            d.u.i.k.p.r.p.TestFile    ... finished proof: closed. 
58255      INFO  main            d.u.i.k.p.i.AbstractProblemLoader Loading environment from /home/runner/work/key/key/key.core/../key.ui/examples/standard_key/strings/implicitNullStringConversion.key.proof 
58256      DEBUG main            d.u.i.k.p.i.AbstractProblemLoader Environment load took 925.41ns 
58259      INFO  main            d.u.i.k.p.i.AbstractProblemLoader Creating init config 
60584      DEBUG main            d.u.i.k.p.i.AbstractProblemLoader Init config took 2.32s 
60602      INFO  main            d.u.i.k.p.i.AbstractProblemLoader Replaying proof implicitNullStringConversion.key.proof 
60633      DEBUG main            d.u.i.k.p.i.IntermediateProofReplayer Proof replay took 24.92ms 
60634      DEBUG main            d.u.i.k.p.r.p.TestFile    ... success: reloaded. 
60635      INFO  main            d.u.i.k.p.r.p.TestFile    Now processing file /home/runner/work/key/key/key.core/../key.ui/examples/standard_key/strings/implicitNullStringConversion2.key 
60635      INFO  main            d.u.i.k.p.i.AbstractProblemLoader Loading environment from /home/runner/work/key/key/key.core/../key.ui/examples/standard_key/strings/implicitNullStringConversion2.key 
60635      DEBUG main            d.u.i.k.p.i.AbstractProblemLoader Environment load took 195ns 
60637      INFO  main            d.u.i.k.p.i.AbstractProblemLoader Creating init config 
62950      DEBUG main            d.u.i.k.p.i.AbstractProblemLoader Init config took 2.31s 
62968      INFO  main            d.u.i.k.p.i.AbstractProblemLoader Replaying proof implicitNullStringConversion2.key 
62973      DEBUG main            d.u.i.k.p.i.IntermediateProofReplayer Proof replay took 7.5ns 
63276      INFO  main            d.u.i.k.p.r.p.TestFile    ... finished proof: closed. 
63468      INFO  main            d.u.i.k.p.i.AbstractProblemLoader Loading environment from /home/runner/work/key/key/key.core/../key.ui/examples/standard_key/strings/implicitNullStringConversion2.key.proof 
63468      DEBUG main            d.u.i.k.p.i.AbstractProblemLoader Environment load took 128.9ns 
63469      INFO  main            d.u.i.k.p.i.AbstractProblemLoader Creating init config 
65699      DEBUG main            d.u.i.k.p.i.AbstractProblemLoader Init config took 2.23s 
65715      INFO  main            d.u.i.k.p.i.AbstractProblemLoader Replaying proof implicitNullStringConversion2.key.proof 
65730      DEBUG main            d.u.i.k.p.i.IntermediateProofReplayer Proof replay took 12.45ms 
65731      DEBUG main            d.u.i.k.p.r.p.TestFile    ... success: reloaded. 
65731      INFO  main            d.u.i.k.p.r.p.TestFile    Now processing file /home/runner/work/key/key/key.core/../key.ui/examples/standard_key/strings/implicitObjectStringConversion.key 
65732      INFO  main            d.u.i.k.p.i.AbstractProblemLoader Loading environment from /home/runner/work/key/key/key.core/../key.ui/examples/standard_key/strings/implicitObjectStringConversion.key 
65732      DEBUG main            d.u.i.k.p.i.AbstractProblemLoader Environment load took 97.9ns 
65733      INFO  main            d.u.i.k.p.i.AbstractProblemLoader Creating init config 
68220      DEBUG main            d.u.i.k.p.i.AbstractProblemLoader Init config took 2.49s 
68237      INFO  main            d.u.i.k.p.i.AbstractProblemLoader Replaying proof implicitObjectStringConversion.key 
68239      DEBUG main            d.u.i.k.p.i.IntermediateProofReplayer Proof replay took 9.1ns 
68946      INFO  main            d.u.i.k.p.r.p.TestFile    ... finished proof: closed. 
69153      INFO  main            d.u.i.k.p.i.AbstractProblemLoader Loading environment from /home/runner/work/key/key/key.core/../key.ui/examples/standard_key/strings/implicitObjectStringConversion.key.proof 
69155      DEBUG main            d.u.i.k.p.i.AbstractProblemLoader Environment load took 1.53ms 
69156      INFO  main            d.u.i.k.p.i.AbstractProblemLoader Creating init config 
71647      DEBUG main            d.u.i.k.p.i.AbstractProblemLoader Init config took 2.49s 
71668      INFO  main            d.u.i.k.p.i.AbstractProblemLoader Replaying proof implicitObjectStringConversion.key.proof 
71712      DEBUG main            d.u.i.k.p.i.IntermediateProofReplayer Proof replay took 39.87ms 
71713      DEBUG main            d.u.i.k.p.r.p.TestFile    ... success: reloaded. 
71714      INFO  main            d.u.i.k.p.r.p.TestFile    Now processing file /home/runner/work/key/key/key.core/../key.ui/examples/standard_key/strings/literalEquality.key 
71714      INFO  main            d.u.i.k.p.i.AbstractProblemLoader Loading environment from /home/runner/work/key/key/key.core/../key.ui/examples/standard_key/strings/literalEquality.key 
71714      DEBUG main            d.u.i.k.p.i.AbstractProblemLoader Environment load took 99.6ns 
71715      INFO  main            d.u.i.k.p.i.AbstractProblemLoader Creating init config 
74058      DEBUG main            d.u.i.k.p.i.AbstractProblemLoader Init config took 2.34s 
74073      INFO  main            d.u.i.k.p.i.AbstractProblemLoader Replaying proof literalEquality.key 
74074      DEBUG main            d.u.i.k.p.i.IntermediateProofReplayer Proof replay took 6.9ns 
74177      INFO  main            d.u.i.k.p.r.p.TestFile    ... finished proof: closed. 
74376      INFO  main            d.u.i.k.p.i.AbstractProblemLoader Loading environment from /home/runner/work/key/key/key.core/../key.ui/examples/standard_key/strings/literalEquality.key.proof 
74377      DEBUG main            d.u.i.k.p.i.AbstractProblemLoader Environment load took 121.7ns 
74378      INFO  main            d.u.i.k.p.i.AbstractProblemLoader Creating init config 
76651      DEBUG main            d.u.i.k.p.i.AbstractProblemLoader Init config took 2.27s 
76667      INFO  main            d.u.i.k.p.i.AbstractProblemLoader Replaying proof literalEquality.key.proof 
76671      DEBUG main            d.u.i.k.p.i.IntermediateProofReplayer Proof replay took 2.39ms 
76672      DEBUG main            d.u.i.k.p.r.p.TestFile    ... success: reloaded. 
76672      INFO  main            d.u.i.k.p.r.p.TestFile    Now processing file /home/runner/work/key/key/key.core/../key.ui/examples/standard_key/strings/replace0.key 
76673      INFO  main            d.u.i.k.p.i.AbstractProblemLoader Loading environment from /home/runner/work/key/key/key.core/../key.ui/examples/standard_key/strings/replace0.key 
76673      DEBUG main            d.u.i.k.p.i.AbstractProblemLoader Environment load took 95.8ns 
76674      INFO  main            d.u.i.k.p.i.AbstractProblemLoader Creating init config 
78933      DEBUG main            d.u.i.k.p.i.AbstractProblemLoader Init config took 2.26s 
78947      INFO  main            d.u.i.k.p.i.AbstractProblemLoader Replaying proof replace0.key 
78948      DEBUG main            d.u.i.k.p.i.IntermediateProofReplayer Proof replay took 7.7ns 
79050      INFO  main            d.u.i.k.p.r.p.TestFile    ... finished proof: closed. 
79285      INFO  main            d.u.i.k.p.i.AbstractProblemLoader Loading environment from /home/runner/work/key/key/key.core/../key.ui/examples/standard_key/strings/replace0.key.proof 
79285      DEBUG main            d.u.i.k.p.i.AbstractProblemLoader Environment load took 129.7ns 
79287      INFO  main            d.u.i.k.p.i.AbstractProblemLoader Creating init config 
81562      DEBUG main            d.u.i.k.p.i.AbstractProblemLoader Init config took 2.28s 
81588      INFO  main            d.u.i.k.p.i.AbstractProblemLoader Replaying proof replace0.key.proof 
81592      DEBUG main            d.u.i.k.p.i.IntermediateProofReplayer Proof replay took 2.65ms 
81594      DEBUG main            d.u.i.k.p.r.p.TestFile    ... success: reloaded. 
81595      INFO  main            d.u.i.k.p.r.p.TestFile    Now processing file /home/runner/work/key/key/key.core/../key.ui/examples/standard_key/strings/replace1.key 
81595      INFO  main            d.u.i.k.p.i.AbstractProblemLoader Loading environment from /home/runner/work/key/key/key.core/../key.ui/examples/standard_key/strings/replace1.key 
81595      DEBUG main            d.u.i.k.p.i.AbstractProblemLoader Environment load took 196ns 
81596      INFO  main            d.u.i.k.p.i.AbstractProblemLoader Creating init config 
83895      DEBUG main            d.u.i.k.p.i.AbstractProblemLoader Init config took 2.3s 
83911      INFO  main            d.u.i.k.p.i.AbstractProblemLoader Replaying proof replace1.key 
83915      DEBUG main            d.u.i.k.p.i.IntermediateProofReplayer Proof replay took 7.1ns 
84017      INFO  main            d.u.i.k.p.r.p.TestFile    ... finished proof: closed. 
84215      INFO  main            d.u.i.k.p.i.AbstractProblemLoader Loading environment from /home/runner/work/key/key/key.core/../key.ui/examples/standard_key/strings/replace1.key.proof 
84215      DEBUG main            d.u.i.k.p.i.AbstractProblemLoader Environment load took 123.6ns 
84218      INFO  main            d.u.i.k.p.i.AbstractProblemLoader Creating init config 
86446      DEBUG main            d.u.i.k.p.i.AbstractProblemLoader Init config took 2.23s 
86462      INFO  main            d.u.i.k.p.i.AbstractProblemLoader Replaying proof replace1.key.proof 
86467      DEBUG main            d.u.i.k.p.i.IntermediateProofReplayer Proof replay took 3.24ms 
86468      DEBUG main            d.u.i.k.p.r.p.TestFile    ... success: reloaded. 
86468      INFO  main            d.u.i.k.p.r.p.TestFile    Now processing file /home/runner/work/key/key/key.core/../key.ui/examples/standard_key/strings/simpleAssignment.key 
86469      INFO  main            d.u.i.k.p.i.AbstractProblemLoader Loading environment from /home/runner/work/key/key/key.core/../key.ui/examples/standard_key/strings/simpleAssignment.key 
86469      DEBUG main            d.u.i.k.p.i.AbstractProblemLoader Environment load took 98.2ns 
86470      INFO  main            d.u.i.k.p.i.AbstractProblemLoader Creating init config 
88776      DEBUG main            d.u.i.k.p.i.AbstractProblemLoader Init config took 2.31s 
88790      INFO  main            d.u.i.k.p.i.AbstractProblemLoader Replaying proof simpleAssignment.key 
88792      DEBUG main            d.u.i.k.p.i.IntermediateProofReplayer Proof replay took 9ns 
88897      INFO  main            d.u.i.k.p.r.p.TestFile    ... finished proof: closed. 
89101      INFO  main            d.u.i.k.p.i.AbstractProblemLoader Loading environment from /home/runner/work/key/key/key.core/../key.ui/examples/standard_key/strings/simpleAssignment.key.proof 
89102      DEBUG main            d.u.i.k.p.i.AbstractProblemLoader Environment load took 136.9ns 
89103      INFO  main            d.u.i.k.p.i.AbstractProblemLoader Creating init config 
91337      DEBUG main            d.u.i.k.p.i.AbstractProblemLoader Init config took 2.23s 
91353      INFO  main            d.u.i.k.p.i.AbstractProblemLoader Replaying proof simpleAssignment.key.proof 
91357      DEBUG main            d.u.i.k.p.i.IntermediateProofReplayer Proof replay took 1.59ms 
91358      DEBUG main            d.u.i.k.p.r.p.TestFile    ... success: reloaded. 
91358      INFO  main            d.u.i.k.p.r.p.TestFile    Now processing file /home/runner/work/key/key/key.core/../key.ui/examples/standard_key/strings/simpleLengthComp.key 
91359      INFO  main            d.u.i.k.p.i.AbstractProblemLoader Loading environment from /home/runner/work/key/key/key.core/../key.ui/examples/standard_key/strings/simpleLengthComp.key 
91359      DEBUG main            d.u.i.k.p.i.AbstractProblemLoader Environment load took 81.1ns 
91360      INFO  main            d.u.i.k.p.i.AbstractProblemLoader Creating init config 
93660      DEBUG main            d.u.i.k.p.i.AbstractProblemLoader Init config took 2.3s 
93675      INFO  main            d.u.i.k.p.i.AbstractProblemLoader Replaying proof simpleLengthComp.key 
93678      DEBUG main            d.u.i.k.p.i.IntermediateProofReplayer Proof replay took 7.1ns 
93881      INFO  main            d.u.i.k.p.r.p.TestFile    ... finished proof: closed. 
94103      INFO  main            d.u.i.k.p.i.AbstractProblemLoader Loading environment from /home/runner/work/key/key/key.core/../key.ui/examples/standard_key/strings/simpleLengthComp.key.proof 
94104      DEBUG main            d.u.i.k.p.i.AbstractProblemLoader Environment load took 152.8ns 
94107      INFO  main            d.u.i.k.p.i.AbstractProblemLoader Creating init config 
96394      DEBUG main            d.u.i.k.p.i.AbstractProblemLoader Init config took 2.29s 
96409      INFO  main            d.u.i.k.p.i.AbstractProblemLoader Replaying proof simpleLengthComp.key.proof 
96431      DEBUG main            d.u.i.k.p.i.IntermediateProofReplayer Proof replay took 20.4ms 
96432      DEBUG main            d.u.i.k.p.r.p.TestFile    ... success: reloaded. 
96433      INFO  main            d.u.i.k.p.r.p.TestFile    Now processing file /home/runner/work/key/key/key.core/../key.ui/examples/standard_key/strings/stringCompileTimeConstant1.key 
96433      INFO  main            d.u.i.k.p.i.AbstractProblemLoader Loading environment from /home/runner/work/key/key/key.core/../key.ui/examples/standard_key/strings/stringCompileTimeConstant1.key 
96433      DEBUG main            d.u.i.k.p.i.AbstractProblemLoader Environment load took 84.5ns 
96434      INFO  main            d.u.i.k.p.i.AbstractProblemLoader Creating init config 
98712      DEBUG main            d.u.i.k.p.i.AbstractProblemLoader Init config took 2.28s 
98726      INFO  main            d.u.i.k.p.i.AbstractProblemLoader Replaying proof stringCompileTimeConstant1.key 
98728      DEBUG main            d.u.i.k.p.i.IntermediateProofReplayer Proof replay took 6.7ns 
98830      INFO  main            d.u.i.k.p.r.p.TestFile    ... finished proof: closed. 
99053      INFO  main            d.u.i.k.p.i.AbstractProblemLoader Loading environment from /home/runner/work/key/key/key.core/../key.ui/examples/standard_key/strings/stringCompileTimeConstant1.key.proof 
99053      DEBUG main            d.u.i.k.p.i.AbstractProblemLoader Environment load took 113.7ns 
99054      INFO  main            d.u.i.k.p.i.AbstractProblemLoader Creating init config 
101294     DEBUG main            d.u.i.k.p.i.AbstractProblemLoader Init config took 2.24s 
101309     INFO  main            d.u.i.k.p.i.AbstractProblemLoader Replaying proof stringCompileTimeConstant1.key.proof 
101314     DEBUG main            d.u.i.k.p.i.IntermediateProofReplayer Proof replay took 2.91ms 
101315     DEBUG main            d.u.i.k.p.r.p.TestFile    ... success: reloaded. 
101316     INFO  main            d.u.i.k.p.r.p.TestFile    Now processing file /home/runner/work/key/key/key.core/../key.ui/examples/standard_key/strings/stringCompileTimeConstant2.key 
101316     INFO  main            d.u.i.k.p.i.AbstractProblemLoader Loading environment from /home/runner/work/key/key/key.core/../key.ui/examples/standard_key/strings/stringCompileTimeConstant2.key 
101316     DEBUG main            d.u.i.k.p.i.AbstractProblemLoader Environment load took 84.6ns 
101317     INFO  main            d.u.i.k.p.i.AbstractProblemLoader Creating init config 
103756     DEBUG main            d.u.i.k.p.i.AbstractProblemLoader Init config took 2.44s 
103773     INFO  main            d.u.i.k.p.i.AbstractProblemLoader Replaying proof stringCompileTimeConstant2.key 
103774     DEBUG main            d.u.i.k.p.i.IntermediateProofReplayer Proof replay took 7.9ns 
106541     INFO  main            d.u.i.k.p.r.p.TestFile    ... finished proof: closed. 
106793     INFO  main            d.u.i.k.p.i.AbstractProblemLoader Loading environment from /home/runner/work/key/key/key.core/../key.ui/examples/standard_key/strings/stringCompileTimeConstant2.key.proof 
106794     DEBUG main            d.u.i.k.p.i.AbstractProblemLoader Environment load took 1.21ms 
106795     INFO  main            d.u.i.k.p.i.AbstractProblemLoader Creating init config 
109180     DEBUG main            d.u.i.k.p.i.AbstractProblemLoader Init config took 2.39s 
109195     INFO  main            d.u.i.k.p.i.AbstractProblemLoader Replaying proof stringCompileTimeConstant2.key.proof 
109436     DEBUG main            d.u.i.k.p.i.IntermediateProofReplayer Proof replay took 230.35ms 
109437     DEBUG main            d.u.i.k.p.r.p.TestFile    ... success: reloaded. 
109438     INFO  main            d.u.i.k.p.r.p.TestFile    Now processing file /home/runner/work/key/key/key.core/../key.ui/examples/standard_key/strings/stringEquality1.key 
109438     INFO  main            d.u.i.k.p.i.AbstractProblemLoader Loading environment from /home/runner/work/key/key/key.core/../key.ui/examples/standard_key/strings/stringEquality1.key 
109438     DEBUG main            d.u.i.k.p.i.AbstractProblemLoader Environment load took 104.6ns 
109439     INFO  main            d.u.i.k.p.i.AbstractProblemLoader Creating init config 
111702     DEBUG main            d.u.i.k.p.i.AbstractProblemLoader Init config took 2.26s 
111716     INFO  main            d.u.i.k.p.i.AbstractProblemLoader Replaying proof stringEquality1.key 
111717     DEBUG main            d.u.i.k.p.i.IntermediateProofReplayer Proof replay took 7.6ns 
111820     INFO  main            d.u.i.k.p.r.p.TestFile    ... finished proof: closed. 
112155     INFO  main            d.u.i.k.p.i.AbstractProblemLoader Loading environment from /home/runner/work/key/key/key.core/../key.ui/examples/standard_key/strings/stringEquality1.key.proof 
112155     DEBUG main            d.u.i.k.p.i.AbstractProblemLoader Environment load took 117.4ns 
112157     INFO  main            d.u.i.k.p.i.AbstractProblemLoader Creating init config 
114378     DEBUG main            d.u.i.k.p.i.AbstractProblemLoader Init config took 2.22s 
114395     INFO  main            d.u.i.k.p.i.AbstractProblemLoader Replaying proof stringEquality1.key.proof 
114401     DEBUG main            d.u.i.k.p.i.IntermediateProofReplayer Proof replay took 4.41ms 
114402     DEBUG main            d.u.i.k.p.r.p.TestFile    ... success: reloaded. 
114403     INFO  main            d.u.i.k.p.r.p.TestFile    Now processing file /home/runner/work/key/key/key.core/../key.ui/examples/standard_key/strings/stringEquality2.key 
114403     INFO  main            d.u.i.k.p.i.AbstractProblemLoader Loading environment from /home/runner/work/key/key/key.core/../key.ui/examples/standard_key/strings/stringEquality2.key 
114404     DEBUG main            d.u.i.k.p.i.AbstractProblemLoader Environment load took 229.8ns 
114405     INFO  main            d.u.i.k.p.i.AbstractProblemLoader Creating init config 
116689     DEBUG main            d.u.i.k.p.i.AbstractProblemLoader Init config took 2.28s 
116704     INFO  main            d.u.i.k.p.i.AbstractProblemLoader Replaying proof stringEquality2.key 
116705     DEBUG main            d.u.i.k.p.i.IntermediateProofReplayer Proof replay took 7.3ns 
117108     INFO  main            d.u.i.k.p.r.p.TestFile    ... finished proof: closed. 
117373     INFO  main            d.u.i.k.p.i.AbstractProblemLoader Loading environment from /home/runner/work/key/key/key.core/../key.ui/examples/standard_key/strings/stringEquality2.key.proof 
117373     DEBUG main            d.u.i.k.p.i.AbstractProblemLoader Environment load took 126.1ns 
117374     INFO  main            d.u.i.k.p.i.AbstractProblemLoader Creating init config 
119596     DEBUG main            d.u.i.k.p.i.AbstractProblemLoader Init config took 2.22s 
119610     INFO  main            d.u.i.k.p.i.AbstractProblemLoader Replaying proof stringEquality2.key.proof 
119633     DEBUG main            d.u.i.k.p.i.IntermediateProofReplayer Proof replay took 18.99ms 
119634     DEBUG main            d.u.i.k.p.r.p.TestFile    ... success: reloaded. 
119635     INFO  main            d.u.i.k.p.r.p.TestFile    Now processing file /home/runner/work/key/key/key.core/../key.ui/examples/standard_key/strings/substring0.key 
119635     INFO  main            d.u.i.k.p.i.AbstractProblemLoader Loading environment from /home/runner/work/key/key/key.core/../key.ui/examples/standard_key/strings/substring0.key 
119635     DEBUG main            d.u.i.k.p.i.AbstractProblemLoader Environment load took 75.4ns 
119636     INFO  main            d.u.i.k.p.i.AbstractProblemLoader Creating init config 
121957     DEBUG main            d.u.i.k.p.i.AbstractProblemLoader Init config took 2.32s 
121971     INFO  main            d.u.i.k.p.i.AbstractProblemLoader Replaying proof substring0.key 
121972     DEBUG main            d.u.i.k.p.i.IntermediateProofReplayer Proof replay took 23.3ns 
122078     INFO  main            d.u.i.k.p.r.p.TestFile    ... finished proof: closed. 
122343     INFO  main            d.u.i.k.p.i.AbstractProblemLoader Loading environment from /home/runner/work/key/key/key.core/../key.ui/examples/standard_key/strings/substring0.key.proof 
122343     DEBUG main            d.u.i.k.p.i.AbstractProblemLoader Environment load took 124.9ns 
122344     INFO  main            d.u.i.k.p.i.AbstractProblemLoader Creating init config 
124553     DEBUG main            d.u.i.k.p.i.AbstractProblemLoader Init config took 2.21s 
124568     INFO  main            d.u.i.k.p.i.AbstractProblemLoader Replaying proof substring0.key.proof 
124570     DEBUG main            d.u.i.k.p.i.IntermediateProofReplayer Proof replay took 503.81ns 
124571     DEBUG main            d.u.i.k.p.r.p.TestFile    ... success: reloaded. 
124571     INFO  main            d.u.i.k.p.r.p.TestFile    Now processing file /home/runner/work/key/key/key.core/../key.ui/examples/standard_key/strings/substring1.key 
124572     INFO  main            d.u.i.k.p.i.AbstractProblemLoader Loading environment from /home/runner/work/key/key/key.core/../key.ui/examples/standard_key/strings/substring1.key 
124572     DEBUG main            d.u.i.k.p.i.AbstractProblemLoader Environment load took 132.8ns 
124573     INFO  main            d.u.i.k.p.i.AbstractProblemLoader Creating init config 
126878     DEBUG main            d.u.i.k.p.i.AbstractProblemLoader Init config took 2.31s 
126892     INFO  main            d.u.i.k.p.i.AbstractProblemLoader Replaying proof substring1.key 
126893     DEBUG main            d.u.i.k.p.i.IntermediateProofReplayer Proof replay took 8.3ns 
126997     INFO  main            d.u.i.k.p.r.p.TestFile    ... finished proof: closed. 
127242     INFO  main            d.u.i.k.p.i.AbstractProblemLoader Loading environment from /home/runner/work/key/key/key.core/../key.ui/examples/standard_key/strings/substring1.key.proof 
127242     DEBUG main            d.u.i.k.p.i.AbstractProblemLoader Environment load took 109.9ns 
127243     INFO  main            d.u.i.k.p.i.AbstractProblemLoader Creating init config 
129474     DEBUG main            d.u.i.k.p.i.AbstractProblemLoader Init config took 2.23s 
129487     INFO  main            d.u.i.k.p.i.AbstractProblemLoader Replaying proof substring1.key.proof 
129489     DEBUG main            d.u.i.k.p.i.IntermediateProofReplayer Proof replay took 509.5ns 
129490     DEBUG main            d.u.i.k.p.r.p.TestFile    ... success: reloaded. 
129491     INFO  main            d.u.i.k.p.r.p.TestFile    Now processing file /home/runner/work/key/key/key.core/../key.ui/examples/standard_key/strings/substring2.key 
129491     INFO  main            d.u.i.k.p.i.AbstractProblemLoader Loading environment from /home/runner/work/key/key/key.core/../key.ui/examples/standard_key/strings/substring2.key 
129491     DEBUG main            d.u.i.k.p.i.AbstractProblemLoader Environment load took 71.7ns 
129492     INFO  main            d.u.i.k.p.i.AbstractProblemLoader Creating init config 
131758     DEBUG main            d.u.i.k.p.i.AbstractProblemLoader Init config took 2.27s 
131772     INFO  main            d.u.i.k.p.i.AbstractProblemLoader Replaying proof substring2.key 
131773     DEBUG main            d.u.i.k.p.i.IntermediateProofReplayer Proof replay took 7.9ns 
131875     INFO  main            d.u.i.k.p.r.p.TestFile    ... finished proof: closed. 
132126     INFO  main            d.u.i.k.p.i.AbstractProblemLoader Loading environment from /home/runner/work/key/key/key.core/../key.ui/examples/standard_key/strings/substring2.key.proof 
132126     DEBUG main            d.u.i.k.p.i.AbstractProblemLoader Environment load took 114.8ns 
132127     INFO  main            d.u.i.k.p.i.AbstractProblemLoader Creating init config 
134342     DEBUG main            d.u.i.k.p.i.AbstractProblemLoader Init config took 2.21s 
134356     INFO  main            d.u.i.k.p.i.AbstractProblemLoader Replaying proof substring2.key.proof 
134358     DEBUG main            d.u.i.k.p.i.IntermediateProofReplayer Proof replay took 817.91ns 
134359     DEBUG main            d.u.i.k.p.r.p.TestFile    ... success: reloaded. 
134360     INFO  main            d.u.i.k.p.r.p.TestFile    Now processing file /home/runner/work/key/key/key.core/../key.ui/examples/standard_key/strings/substring3.key 
134360     INFO  main            d.u.i.k.p.i.AbstractProblemLoader Loading environment from /home/runner/work/key/key/key.core/../key.ui/examples/standard_key/strings/substring3.key 
134360     DEBUG main            d.u.i.k.p.i.AbstractProblemLoader Environment load took 73.8ns 
134361     INFO  main            d.u.i.k.p.i.AbstractProblemLoader Creating init config 
136681     DEBUG main            d.u.i.k.p.i.AbstractProblemLoader Init config took 2.32s 
136696     INFO  main            d.u.i.k.p.i.AbstractProblemLoader Replaying proof substring3.key 
136697     DEBUG main            d.u.i.k.p.i.IntermediateProofReplayer Proof replay took 8.4ns 
136799     INFO  main            d.u.i.k.p.r.p.TestFile    ... finished proof: closed. 
137061     INFO  main            d.u.i.k.p.i.AbstractProblemLoader Loading environment from /home/runner/work/key/key/key.core/../key.ui/examples/standard_key/strings/substring3.key.proof 
137061     DEBUG main            d.u.i.k.p.i.AbstractProblemLoader Environment load took 115.6ns 
137062     INFO  main            d.u.i.k.p.i.AbstractProblemLoader Creating init config 
139268     DEBUG main            d.u.i.k.p.i.AbstractProblemLoader Init config took 2.21s 
139282     INFO  main            d.u.i.k.p.i.AbstractProblemLoader Replaying proof substring3.key.proof 
139286     DEBUG main            d.u.i.k.p.i.IntermediateProofReplayer Proof replay took 1.81ms 
139287     DEBUG main            d.u.i.k.p.r.p.TestFile    ... success: reloaded. 
139288     INFO  main            d.u.i.k.p.r.p.TestFile    Now processing file /home/runner/work/key/key/key.core/../key.ui/examples/standard_key/strings/substring4.key 
139288     INFO  main            d.u.i.k.p.i.AbstractProblemLoader Loading environment from /home/runner/work/key/key/key.core/../key.ui/examples/standard_key/strings/substring4.key 
139289     DEBUG main            d.u.i.k.p.i.AbstractProblemLoader Environment load took 315ns 
139290     INFO  main            d.u.i.k.p.i.AbstractProblemLoader Creating init config 
141580     DEBUG main            d.u.i.k.p.i.AbstractProblemLoader Init config took 2.29s 
141594     INFO  main            d.u.i.k.p.i.AbstractProblemLoader Replaying proof substring4.key 
141595     DEBUG main            d.u.i.k.p.i.IntermediateProofReplayer Proof replay took 7.4ns 
141697     INFO  main            d.u.i.k.p.r.p.TestFile    ... finished proof: closed. 
141969     INFO  main            d.u.i.k.p.i.AbstractProblemLoader Loading environment from /home/runner/work/key/key/key.core/../key.ui/examples/standard_key/strings/substring4.key.proof 
141969     DEBUG main            d.u.i.k.p.i.AbstractProblemLoader Environment load took 106.2ns 
141970     INFO  main            d.u.i.k.p.i.AbstractProblemLoader Creating init config 
144198     DEBUG main            d.u.i.k.p.i.AbstractProblemLoader Init config took 2.23s 
144212     INFO  main            d.u.i.k.p.i.AbstractProblemLoader Replaying proof substring4.key.proof 
144216     DEBUG main            d.u.i.k.p.i.IntermediateProofReplayer Proof replay took 2.21ms 
144217     DEBUG main            d.u.i.k.p.r.p.TestFile    ... success: reloaded. 
144217     INFO  main            d.u.i.k.p.r.p.TestFile    Now processing file /home/runner/work/key/key/key.core/../key.ui/examples/standard_key/strings/substring5.key 
144218     INFO  main            d.u.i.k.p.i.AbstractProblemLoader Loading environment from /home/runner/work/key/key/key.core/../key.ui/examples/standard_key/strings/substring5.key 
144218     DEBUG main            d.u.i.k.p.i.AbstractProblemLoader Environment load took 179.9ns 
144219     INFO  main            d.u.i.k.p.i.AbstractProblemLoader Creating init config 
146470     DEBUG main            d.u.i.k.p.i.AbstractProblemLoader Init config took 2.25s 
146484     INFO  main            d.u.i.k.p.i.AbstractProblemLoader Replaying proof substring5.key 
146485     DEBUG main            d.u.i.k.p.i.IntermediateProofReplayer Proof replay took 7.5ns 
146788     INFO  main            d.u.i.k.p.r.p.TestFile    ... finished proof: closed. 
147076     INFO  main            d.u.i.k.p.i.AbstractProblemLoader Loading environment from /home/runner/work/key/key/key.core/../key.ui/examples/standard_key/strings/substring5.key.proof 
147076     DEBUG main            d.u.i.k.p.i.AbstractProblemLoader Environment load took 122.9ns 
147078     INFO  main            d.u.i.k.p.i.AbstractProblemLoader Creating init config 
149291     DEBUG main            d.u.i.k.p.i.AbstractProblemLoader Init config took 2.21s 
149305     INFO  main            d.u.i.k.p.i.AbstractProblemLoader Replaying proof substring5.key.proof 
149322     DEBUG main            d.u.i.k.p.i.IntermediateProofReplayer Proof replay took 13.7ms 
149323     DEBUG main            d.u.i.k.p.r.p.TestFile    ... success: reloaded. 
4002458    INFO  Test worker     d.u.i.k.p.r.RunAllProofsTestUnit Returning from test strings 
4002459    INFO  Test worker     d.u.i.k.p.r.RunAllProofsTestUnit Running test simple_info_flow 
406        INFO  Timeout watchdog d.u.i.k.p.r.p.ForkedTestFileRunner Timeout watcher launched (2000 secs.) 
412        WARN  main            d.u.i.k.s.ProofSettings   The settings in /home/runner/.key/proof-settings.props are *not* read. 
449        INFO  main            d.u.i.k.p.r.p.TestFile    Now processing file /home/runner/work/key/key/key.core/../key.ui/examples/heap/information_flow/UpdateAbstraction_ex7_1_insecure.key 
555        INFO  main            d.u.i.k.p.i.AbstractProblemLoader Loading environment from /home/runner/work/key/key/key.core/../key.ui/examples/heap/information_flow/UpdateAbstraction_ex7_1_insecure.key 
581        DEBUG main            d.u.i.k.p.i.AbstractProblemLoader Environment load took 2.04ms 
824        INFO  main            d.u.i.k.p.i.AbstractProblemLoader Creating init config 
1703       DEBUG main            d.u.i.k.j.TypeConverter   No LDT found for Meta 
1705       DEBUG main            d.u.i.k.j.TypeConverter   No LDT found for Meta 
1706       DEBUG main            d.u.i.k.j.TypeConverter   No LDT found for Meta 
1710       DEBUG main            d.u.i.k.j.TypeConverter   No LDT found for Meta 
3105       DEBUG main            d.u.i.k.j.TypeConverter   No LDT found for JavaBigintExpression 
8689       DEBUG main            d.u.i.k.p.i.AbstractProblemLoader Init config took 7.87s 
8863       INFO  main            d.u.i.k.p.i.AbstractProblemLoader Replaying proof UpdateAbstraction[UpdateAbstraction::ex7_1_insecure()].JML operation contract.0 
8901       DEBUG main            d.u.i.k.p.i.IntermediateProofReplayer Proof replay took 35.4ns 
9583       INFO  main            d.u.i.k.p.r.p.TestFile    ... finished proof: open goal(s) 
9691       INFO  main            d.u.i.k.p.r.p.TestFile    Now processing file /home/runner/work/key/key/key.core/../key.ui/examples/heap/information_flow/UpdateAbstraction_ex7_2_insecure.key 
9691       INFO  main            d.u.i.k.p.i.AbstractProblemLoader Loading environment from /home/runner/work/key/key/key.core/../key.ui/examples/heap/information_flow/UpdateAbstraction_ex7_2_insecure.key 
9691       DEBUG main            d.u.i.k.p.i.AbstractProblemLoader Environment load took 104.8ns 
9693       INFO  main            d.u.i.k.p.i.AbstractProblemLoader Creating init config 
12922      DEBUG main            d.u.i.k.p.i.AbstractProblemLoader Init config took 3.23s 
13003      INFO  main            d.u.i.k.p.i.AbstractProblemLoader Replaying proof UpdateAbstraction[UpdateAbstraction::ex7_2_insecure()].JML operation contract.0 
13009      DEBUG main            d.u.i.k.p.i.IntermediateProofReplayer Proof replay took 7.5ns 
13520      INFO  main            d.u.i.k.p.r.p.TestFile    ... finished proof: open goal(s) 
4016272    INFO  Test worker     d.u.i.k.p.r.RunAllProofsTestUnit Returning from test simple_info_flow 
4016273    INFO  Test worker     d.u.i.k.p.r.RunAllProofsTestUnit Running test modelMethods 
384        INFO  Timeout watchdog d.u.i.k.p.r.p.ForkedTestFileRunner Timeout watcher launched (2000 secs.) 
407        WARN  main            d.u.i.k.s.ProofSettings   The settings in /home/runner/.key/proof-settings.props are *not* read. 
447        INFO  main            d.u.i.k.p.r.p.TestFile    Now processing file /home/runner/work/key/key/key.core/../key.ui/examples/heap/model_methods/Cell_footprint_acc.key 
562        INFO  main            d.u.i.k.p.i.AbstractProblemLoader Loading environment from /home/runner/work/key/key/key.core/../key.ui/examples/heap/model_methods/Cell_footprint_acc.key 
582        DEBUG main            d.u.i.k.p.i.AbstractProblemLoader Environment load took 2.69ms 
836        INFO  main            d.u.i.k.p.i.AbstractProblemLoader Creating init config 
1779       DEBUG main            d.u.i.k.j.TypeConverter   No LDT found for Meta 
1779       DEBUG main            d.u.i.k.j.TypeConverter   No LDT found for Meta 
1780       DEBUG main            d.u.i.k.j.TypeConverter   No LDT found for Meta 
1780       DEBUG main            d.u.i.k.j.TypeConverter   No LDT found for Meta 
3207       DEBUG main            d.u.i.k.j.TypeConverter   No LDT found for JavaBigintExpression 
8259       DEBUG main            d.u.i.k.p.i.AbstractProblemLoader Init config took 7.42s 
8390       INFO  main            d.u.i.k.p.i.AbstractProblemLoader Replaying proof Cell[Cell::footprint()].JML accessible clause.0 
8424       DEBUG main            d.u.i.k.p.i.IntermediateProofReplayer Proof replay took 34.1ns 
8957       INFO  main            d.u.i.k.p.r.p.TestFile    ... finished proof: closed. 
9065       INFO  main            d.u.i.k.p.i.AbstractProblemLoader Loading environment from /home/runner/work/key/key/key.core/../key.ui/examples/heap/model_methods/Cell_footprint_acc.key.proof 
9066       DEBUG main            d.u.i.k.p.i.AbstractProblemLoader Environment load took 662.21ns 
9068       INFO  main            d.u.i.k.p.i.AbstractProblemLoader Creating init config 
12053      DEBUG main            d.u.i.k.p.i.AbstractProblemLoader Init config took 2.98s 
12143      INFO  main            d.u.i.k.p.i.AbstractProblemLoader Replaying proof Cell[Cell::footprint()].JML accessible clause.0 
12165      DEBUG main            d.u.i.k.p.i.IntermediateProofReplayer Proof replay took 17.44ms 
12173      DEBUG main            d.u.i.k.p.r.p.TestFile    ... success: reloaded. 
12178      INFO  main            d.u.i.k.p.r.p.TestFile    Now processing file /home/runner/work/key/key/key.core/../key.ui/examples/heap/model_methods/Cell_footprint.key 
12180      INFO  main            d.u.i.k.p.i.AbstractProblemLoader Loading environment from /home/runner/work/key/key/key.core/../key.ui/examples/heap/model_methods/Cell_footprint.key 
12181      DEBUG main            d.u.i.k.p.i.AbstractProblemLoader Environment load took 300.4ns 
12185      INFO  main            d.u.i.k.p.i.AbstractProblemLoader Creating init config 
15125      DEBUG main            d.u.i.k.p.i.AbstractProblemLoader Init config took 2.94s 
15214      INFO  main            d.u.i.k.p.i.AbstractProblemLoader Replaying proof Cell[Cell::footprint()].JML model_behavior operation contract.0 
15217      DEBUG main            d.u.i.k.p.i.IntermediateProofReplayer Proof replay took 7.3ns 
15320      INFO  main            d.u.i.k.p.r.p.TestFile    ... finished proof: closed. 
15464      INFO  main            d.u.i.k.p.i.AbstractProblemLoader Loading environment from /home/runner/work/key/key/key.core/../key.ui/examples/heap/model_methods/Cell_footprint.key.proof 
15464      DEBUG main            d.u.i.k.p.i.AbstractProblemLoader Environment load took 141.6ns 
15466      INFO  main            d.u.i.k.p.i.AbstractProblemLoader Creating init config 
18238      DEBUG main            d.u.i.k.p.i.AbstractProblemLoader Init config took 2.77s 
18307      INFO  main            d.u.i.k.p.i.AbstractProblemLoader Replaying proof Cell[Cell::footprint()].JML model_behavior operation contract.0 
18317      DEBUG main            d.u.i.k.p.i.IntermediateProofReplayer Proof replay took 7.76ms 
18319      DEBUG main            d.u.i.k.p.r.p.TestFile    ... success: reloaded. 
18320      INFO  main            d.u.i.k.p.r.p.TestFile    Now processing file /home/runner/work/key/key/key.core/../key.ui/examples/heap/model_methods/Cell_get_acc.key 
18321      INFO  main            d.u.i.k.p.i.AbstractProblemLoader Loading environment from /home/runner/work/key/key/key.core/../key.ui/examples/heap/model_methods/Cell_get_acc.key 
18321      DEBUG main            d.u.i.k.p.i.AbstractProblemLoader Environment load took 203.5ns 
18322      INFO  main            d.u.i.k.p.i.AbstractProblemLoader Creating init config 
21088      DEBUG main            d.u.i.k.p.i.AbstractProblemLoader Init config took 2.77s 
21141      INFO  main            d.u.i.k.p.i.AbstractProblemLoader Replaying proof Cell[Cell::get()].JML accessible clause.0 
21143      DEBUG main            d.u.i.k.p.i.IntermediateProofReplayer Proof replay took 7.8ns 
21354      INFO  main            d.u.i.k.p.r.p.TestFile    ... finished proof: closed. 
21519      INFO  main            d.u.i.k.p.i.AbstractProblemLoader Loading environment from /home/runner/work/key/key/key.core/../key.ui/examples/heap/model_methods/Cell_get_acc.key.proof 
21520      DEBUG main            d.u.i.k.p.i.AbstractProblemLoader Environment load took 561.8ns 
21521      INFO  main            d.u.i.k.p.i.AbstractProblemLoader Creating init config 
24232      DEBUG main            d.u.i.k.p.i.AbstractProblemLoader Init config took 2.71s 
24289      INFO  main            d.u.i.k.p.i.AbstractProblemLoader Replaying proof Cell[Cell::get()].JML accessible clause.0 
24347      DEBUG main            d.u.i.k.p.i.IntermediateProofReplayer Proof replay took 55.7ms 
24349      DEBUG main            d.u.i.k.p.r.p.TestFile    ... success: reloaded. 
24351      INFO  main            d.u.i.k.p.r.p.TestFile    Now processing file /home/runner/work/key/key/key.core/../key.ui/examples/heap/model_methods/Cell_get.key 
24351      INFO  main            d.u.i.k.p.i.AbstractProblemLoader Loading environment from /home/runner/work/key/key/key.core/../key.ui/examples/heap/model_methods/Cell_get.key 
24351      DEBUG main            d.u.i.k.p.i.AbstractProblemLoader Environment load took 197.4ns 
24353      INFO  main            d.u.i.k.p.i.AbstractProblemLoader Creating init config 
27071      DEBUG main            d.u.i.k.p.i.AbstractProblemLoader Init config took 2.72s 
27122      INFO  main            d.u.i.k.p.i.AbstractProblemLoader Replaying proof Cell[Cell::get()].JML operation contract.0 
27125      DEBUG main            d.u.i.k.p.i.IntermediateProofReplayer Proof replay took 6.1ns 
27227      INFO  main            d.u.i.k.p.r.p.TestFile    ... finished proof: closed. 
27385      INFO  main            d.u.i.k.p.i.AbstractProblemLoader Loading environment from /home/runner/work/key/key/key.core/../key.ui/examples/heap/model_methods/Cell_get.key.proof 
27385      DEBUG main            d.u.i.k.p.i.AbstractProblemLoader Environment load took 126.2ns 
27386      INFO  main            d.u.i.k.p.i.AbstractProblemLoader Creating init config 
30058      DEBUG main            d.u.i.k.p.i.AbstractProblemLoader Init config took 2.67s 
30110      INFO  main            d.u.i.k.p.i.AbstractProblemLoader Replaying proof Cell[Cell::get()].JML operation contract.0 
30132      DEBUG main            d.u.i.k.p.i.IntermediateProofReplayer Proof replay took 19.04ms 
30133      DEBUG main            d.u.i.k.p.r.p.TestFile    ... success: reloaded. 
30135      INFO  main            d.u.i.k.p.r.p.TestFile    Now processing file /home/runner/work/key/key/key.core/../key.ui/examples/heap/model_methods/Cell_post_set.key 
30136      INFO  main            d.u.i.k.p.i.AbstractProblemLoader Loading environment from /home/runner/work/key/key/key.core/../key.ui/examples/heap/model_methods/Cell_post_set.key 
30136      DEBUG main            d.u.i.k.p.i.AbstractProblemLoader Environment load took 204.3ns 
30138      INFO  main            d.u.i.k.p.i.AbstractProblemLoader Creating init config 
32838      DEBUG main            d.u.i.k.p.i.AbstractProblemLoader Init config took 2.7s 
32886      INFO  main            d.u.i.k.p.i.AbstractProblemLoader Replaying proof Cell[Cell::post_set(int)].JML model_behavior operation contract.0 
32888      DEBUG main            d.u.i.k.p.i.IntermediateProofReplayer Proof replay took 6.4ns 
32990      INFO  main            d.u.i.k.p.r.p.TestFile    ... finished proof: closed. 
33145      INFO  main            d.u.i.k.p.i.AbstractProblemLoader Loading environment from /home/runner/work/key/key/key.core/../key.ui/examples/heap/model_methods/Cell_post_set.key.proof 
33145      DEBUG main            d.u.i.k.p.i.AbstractProblemLoader Environment load took 128.8ns 
33146      INFO  main            d.u.i.k.p.i.AbstractProblemLoader Creating init config 
35807      DEBUG main            d.u.i.k.p.i.AbstractProblemLoader Init config took 2.66s 
35855      INFO  main            d.u.i.k.p.i.AbstractProblemLoader Replaying proof Cell[Cell::post_set(int)].JML model_behavior operation contract.0 
35862      DEBUG main            d.u.i.k.p.i.IntermediateProofReplayer Proof replay took 4.89ms 
35863      DEBUG main            d.u.i.k.p.r.p.TestFile    ... success: reloaded. 
35864      INFO  main            d.u.i.k.p.r.p.TestFile    Now processing file /home/runner/work/key/key/key.core/../key.ui/examples/heap/model_methods/Cell_set.key 
35865      INFO  main            d.u.i.k.p.i.AbstractProblemLoader Loading environment from /home/runner/work/key/key/key.core/../key.ui/examples/heap/model_methods/Cell_set.key 
35865      DEBUG main            d.u.i.k.p.i.AbstractProblemLoader Environment load took 201.8ns 
35866      INFO  main            d.u.i.k.p.i.AbstractProblemLoader Creating init config 
38536      DEBUG main            d.u.i.k.p.i.AbstractProblemLoader Init config took 2.67s 
38585      INFO  main            d.u.i.k.p.i.AbstractProblemLoader Replaying proof Cell[Cell::set(int)].JML operation contract.0 
38587      DEBUG main            d.u.i.k.p.i.IntermediateProofReplayer Proof replay took 7.7ns 
45626      INFO  main            d.u.i.k.p.r.p.TestFile    ... finished proof: closed. 
45849      INFO  main            d.u.i.k.p.i.AbstractProblemLoader Loading environment from /home/runner/work/key/key/key.core/../key.ui/examples/heap/model_methods/Cell_set.key.proof 
45851      DEBUG main            d.u.i.k.p.i.AbstractProblemLoader Environment load took 2.74ms 
45853      INFO  main            d.u.i.k.p.i.AbstractProblemLoader Creating init config 
48438      DEBUG main            d.u.i.k.p.i.AbstractProblemLoader Init config took 2.58s 
48494      INFO  main            d.u.i.k.p.i.AbstractProblemLoader Replaying proof Cell[Cell::set(int)].JML operation contract.0 
49004      DEBUG main            d.u.i.k.p.i.IntermediateProofReplayer Proof replay took 492.26ms 
49006      DEBUG main            d.u.i.k.p.r.p.TestFile    ... success: reloaded. 
49007      INFO  main            d.u.i.k.p.r.p.TestFile    Now processing file /home/runner/work/key/key/key.core/../key.ui/examples/heap/model_methods/CellTest_callSet.key 
49007      INFO  main            d.u.i.k.p.i.AbstractProblemLoader Loading environment from /home/runner/work/key/key/key.core/../key.ui/examples/heap/model_methods/CellTest_callSet.key 
49008      DEBUG main            d.u.i.k.p.i.AbstractProblemLoader Environment load took 205.9ns 
49009      INFO  main            d.u.i.k.p.i.AbstractProblemLoader Creating init config 
51704      DEBUG main            d.u.i.k.p.i.AbstractProblemLoader Init config took 2.69s 
51749      INFO  main            d.u.i.k.p.i.AbstractProblemLoader Replaying proof CellTest[CellTest::callSet(Cell,int)].JML operation contract.0 
51751      DEBUG main            d.u.i.k.p.i.IntermediateProofReplayer Proof replay took 7.2ns 
51954      INFO  main            d.u.i.k.p.r.p.TestFile    ... finished proof: closed. 
52127      INFO  main            d.u.i.k.p.i.AbstractProblemLoader Loading environment from /home/runner/work/key/key/key.core/../key.ui/examples/heap/model_methods/CellTest_callSet.key.proof 
52127      DEBUG main            d.u.i.k.p.i.AbstractProblemLoader Environment load took 134.5ns 
52129      INFO  main            d.u.i.k.p.i.AbstractProblemLoader Creating init config 
54726      DEBUG main            d.u.i.k.p.i.AbstractProblemLoader Init config took 2.6s 
54772      INFO  main            d.u.i.k.p.i.AbstractProblemLoader Replaying proof CellTest[CellTest::callSet(Cell,int)].JML operation contract.0 
54814      DEBUG main            d.u.i.k.p.i.IntermediateProofReplayer Proof replay took 39.41ms 
54815      DEBUG main            d.u.i.k.p.r.p.TestFile    ... success: reloaded. 
54817      INFO  main            d.u.i.k.p.r.p.TestFile    Now processing file /home/runner/work/key/key/key.core/../key.ui/examples/heap/model_methods/CellTest_test2.key 
54817      INFO  main            d.u.i.k.p.i.AbstractProblemLoader Loading environment from /home/runner/work/key/key/key.core/../key.ui/examples/heap/model_methods/CellTest_test2.key 
54817      DEBUG main            d.u.i.k.p.i.AbstractProblemLoader Environment load took 181.9ns 
54818      INFO  main            d.u.i.k.p.i.AbstractProblemLoader Creating init config 
57459      DEBUG main            d.u.i.k.p.i.AbstractProblemLoader Init config took 2.64s 
57526      INFO  main            d.u.i.k.p.i.AbstractProblemLoader Replaying proof CellTest[CellTest::test2(Cell)].JML operation contract.0 
57527      DEBUG main            d.u.i.k.p.i.IntermediateProofReplayer Proof replay took 7.4ns 
57830      INFO  main            d.u.i.k.p.r.p.TestFile    ... finished proof: closed. 
58056      INFO  main            d.u.i.k.p.i.AbstractProblemLoader Loading environment from /home/runner/work/key/key/key.core/../key.ui/examples/heap/model_methods/CellTest_test2.key.proof 
58057      DEBUG main            d.u.i.k.p.i.AbstractProblemLoader Environment load took 479ns 
58058      INFO  main            d.u.i.k.p.i.AbstractProblemLoader Creating init config 
60740      DEBUG main            d.u.i.k.p.i.AbstractProblemLoader Init config took 2.68s 
60786      INFO  main            d.u.i.k.p.i.AbstractProblemLoader Replaying proof CellTest[CellTest::test2(Cell)].JML operation contract.0 
60869      DEBUG main            d.u.i.k.p.i.IntermediateProofReplayer Proof replay took 79.08ms 
60871      DEBUG main            d.u.i.k.p.r.p.TestFile    ... success: reloaded. 
60875      INFO  main            d.u.i.k.p.r.p.TestFile    Now processing file /home/runner/work/key/key/key.core/../key.ui/examples/heap/model_methods/CellTest_test.key 
60877      INFO  main            d.u.i.k.p.i.AbstractProblemLoader Loading environment from /home/runner/work/key/key/key.core/../key.ui/examples/heap/model_methods/CellTest_test.key 
60877      DEBUG main            d.u.i.k.p.i.AbstractProblemLoader Environment load took 142.6ns 
60878      INFO  main            d.u.i.k.p.i.AbstractProblemLoader Creating init config 
63469      DEBUG main            d.u.i.k.p.i.AbstractProblemLoader Init config took 2.59s 
63513      INFO  main            d.u.i.k.p.i.AbstractProblemLoader Replaying proof CellTest[CellTest::test(Recell)].JML operation contract.0 
63515      DEBUG main            d.u.i.k.p.i.IntermediateProofReplayer Proof replay took 7.8ns 
65749      INFO  main            d.u.i.k.p.r.p.TestFile    ... finished proof: closed. 
65985      INFO  main            d.u.i.k.p.i.AbstractProblemLoader Loading environment from /home/runner/work/key/key/key.core/../key.ui/examples/heap/model_methods/CellTest_test.key.proof 
65985      DEBUG main            d.u.i.k.p.i.AbstractProblemLoader Environment load took 384.6ns 
65987      INFO  main            d.u.i.k.p.i.AbstractProblemLoader Creating init config 
68553      DEBUG main            d.u.i.k.p.i.AbstractProblemLoader Init config took 2.57s 
68595      INFO  main            d.u.i.k.p.i.AbstractProblemLoader Replaying proof CellTest[CellTest::test(Recell)].JML operation contract.0 
68987      DEBUG main            d.u.i.k.p.i.IntermediateProofReplayer Proof replay took 377.05ms 
68989      DEBUG main            d.u.i.k.p.r.p.TestFile    ... success: reloaded. 
68991      INFO  main            d.u.i.k.p.r.p.TestFile    Now processing file /home/runner/work/key/key/key.core/../key.ui/examples/heap/model_methods/Coll1_add.key 
68992      INFO  main            d.u.i.k.p.i.AbstractProblemLoader Loading environment from /home/runner/work/key/key/key.core/../key.ui/examples/heap/model_methods/Coll1_add.key 
68992      DEBUG main            d.u.i.k.p.i.AbstractProblemLoader Environment load took 385.2ns 
68993      INFO  main            d.u.i.k.p.i.AbstractProblemLoader Creating init config 
71622      DEBUG main            d.u.i.k.p.i.AbstractProblemLoader Init config took 2.63s 
71663      INFO  main            d.u.i.k.p.i.AbstractProblemLoader Replaying proof Coll1[Coll::add(int)].JML operation contract.0 
71665      DEBUG main            d.u.i.k.p.i.IntermediateProofReplayer Proof replay took 8ns 
71769      INFO  main            d.u.i.k.p.r.p.TestFile    ... finished proof: closed. 
71965      INFO  main            d.u.i.k.p.i.AbstractProblemLoader Loading environment from /home/runner/work/key/key/key.core/../key.ui/examples/heap/model_methods/Coll1_add.key.proof 
71965      DEBUG main            d.u.i.k.p.i.AbstractProblemLoader Environment load took 128.9ns 
71966      INFO  main            d.u.i.k.p.i.AbstractProblemLoader Creating init config 
74526      DEBUG main            d.u.i.k.p.i.AbstractProblemLoader Init config took 2.56s 
74596      INFO  main            d.u.i.k.p.i.AbstractProblemLoader Replaying proof Coll1[Coll::add(int)].JML operation contract.0 
74605      DEBUG main            d.u.i.k.p.i.IntermediateProofReplayer Proof replay took 6.43ms 
74606      DEBUG main            d.u.i.k.p.r.p.TestFile    ... success: reloaded. 
74607      INFO  main            d.u.i.k.p.r.p.TestFile    Now processing file /home/runner/work/key/key/key.core/../key.ui/examples/heap/model_methods/Coll1_Coll1_add_pre.key 
74607      INFO  main            d.u.i.k.p.i.AbstractProblemLoader Loading environment from /home/runner/work/key/key/key.core/../key.ui/examples/heap/model_methods/Coll1_Coll1_add_pre.key 
74607      DEBUG main            d.u.i.k.p.i.AbstractProblemLoader Environment load took 78.2ns 
74608      INFO  main            d.u.i.k.p.i.AbstractProblemLoader Creating init config 
77239      DEBUG main            d.u.i.k.p.i.AbstractProblemLoader Init config took 2.63s 
77280      INFO  main            d.u.i.k.p.i.AbstractProblemLoader Replaying proof Coll1[Coll1::add_pre(int)].JML model_behavior operation contract.0 
77281      DEBUG main            d.u.i.k.p.i.IntermediateProofReplayer Proof replay took 7.7ns 
77383      INFO  main            d.u.i.k.p.r.p.TestFile    ... finished proof: closed. 
77575      INFO  main            d.u.i.k.p.i.AbstractProblemLoader Loading environment from /home/runner/work/key/key/key.core/../key.ui/examples/heap/model_methods/Coll1_Coll1_add_pre.key.proof 
77575      DEBUG main            d.u.i.k.p.i.AbstractProblemLoader Environment load took 140.2ns 
77576      INFO  main            d.u.i.k.p.i.AbstractProblemLoader Creating init config 
80145      DEBUG main            d.u.i.k.p.i.AbstractProblemLoader Init config took 2.57s 
80196      INFO  main            d.u.i.k.p.i.AbstractProblemLoader Replaying proof Coll1[Coll1::add_pre(int)].JML model_behavior operation contract.0 
80202      DEBUG main            d.u.i.k.p.i.IntermediateProofReplayer Proof replay took 1.95ms 
80204      DEBUG main            d.u.i.k.p.r.p.TestFile    ... success: reloaded. 
80208      INFO  main            d.u.i.k.p.r.p.TestFile    Now processing file /home/runner/work/key/key/key.core/../key.ui/examples/heap/model_methods/Coll1_Coll_add_pre.key 
80209      INFO  main            d.u.i.k.p.i.AbstractProblemLoader Loading environment from /home/runner/work/key/key/key.core/../key.ui/examples/heap/model_methods/Coll1_Coll_add_pre.key 
80209      DEBUG main            d.u.i.k.p.i.AbstractProblemLoader Environment load took 115.9ns 
80210      INFO  main            d.u.i.k.p.i.AbstractProblemLoader Creating init config 
82847      DEBUG main            d.u.i.k.p.i.AbstractProblemLoader Init config took 2.64s 
82887      INFO  main            d.u.i.k.p.i.AbstractProblemLoader Replaying proof Coll1[Coll::add_pre(int)].JML model_behavior operation contract.0 
82888      DEBUG main            d.u.i.k.p.i.IntermediateProofReplayer Proof replay took 7.8ns 
82990      INFO  main            d.u.i.k.p.r.p.TestFile    ... finished proof: closed. 
83194      INFO  main            d.u.i.k.p.i.AbstractProblemLoader Loading environment from /home/runner/work/key/key/key.core/../key.ui/examples/heap/model_methods/Coll1_Coll_add_pre.key.proof 
83194      DEBUG main            d.u.i.k.p.i.AbstractProblemLoader Environment load took 126.8ns 
83195      INFO  main            d.u.i.k.p.i.AbstractProblemLoader Creating init config 
85725      DEBUG main            d.u.i.k.p.i.AbstractProblemLoader Init config took 2.53s 
85765      INFO  main            d.u.i.k.p.i.AbstractProblemLoader Replaying proof Coll1[Coll::add_pre(int)].JML model_behavior operation contract.0 
85769      DEBUG main            d.u.i.k.p.i.IntermediateProofReplayer Proof replay took 2.18ms 
85770      DEBUG main            d.u.i.k.p.r.p.TestFile    ... success: reloaded. 
85771      INFO  main            d.u.i.k.p.r.p.TestFile    Now processing file /home/runner/work/key/key/key.core/../key.ui/examples/heap/model_methods/Coll2_add.key 
85772      INFO  main            d.u.i.k.p.i.AbstractProblemLoader Loading environment from /home/runner/work/key/key/key.core/../key.ui/examples/heap/model_methods/Coll2_add.key 
85772      DEBUG main            d.u.i.k.p.i.AbstractProblemLoader Environment load took 185.4ns 
85773      INFO  main            d.u.i.k.p.i.AbstractProblemLoader Creating init config 
88391      DEBUG main            d.u.i.k.p.i.AbstractProblemLoader Init config took 2.62s 
88432      INFO  main            d.u.i.k.p.i.AbstractProblemLoader Replaying proof Coll2[Coll::add(int)].JML operation contract.0 
88434      DEBUG main            d.u.i.k.p.i.IntermediateProofReplayer Proof replay took 7.4ns 
88536      INFO  main            d.u.i.k.p.r.p.TestFile    ... finished proof: closed. 
88743      INFO  main            d.u.i.k.p.i.AbstractProblemLoader Loading environment from /home/runner/work/key/key/key.core/../key.ui/examples/heap/model_methods/Coll2_add.key.proof 
88743      DEBUG main            d.u.i.k.p.i.AbstractProblemLoader Environment load took 124.3ns 
88744      INFO  main            d.u.i.k.p.i.AbstractProblemLoader Creating init config 
91301      DEBUG main            d.u.i.k.p.i.AbstractProblemLoader Init config took 2.56s 
91340      INFO  main            d.u.i.k.p.i.AbstractProblemLoader Replaying proof Coll2[Coll::add(int)].JML operation contract.0 
91348      DEBUG main            d.u.i.k.p.i.IntermediateProofReplayer Proof replay took 6.42ms 
91349      DEBUG main            d.u.i.k.p.r.p.TestFile    ... success: reloaded. 
91350      INFO  main            d.u.i.k.p.r.p.TestFile    Now processing file /home/runner/work/key/key/key.core/../key.ui/examples/heap/model_methods/Coll2_Coll2_add_pre.key 
91350      INFO  main            d.u.i.k.p.i.AbstractProblemLoader Loading environment from /home/runner/work/key/key/key.core/../key.ui/examples/heap/model_methods/Coll2_Coll2_add_pre.key 
91350      DEBUG main            d.u.i.k.p.i.AbstractProblemLoader Environment load took 96ns 
91351      INFO  main            d.u.i.k.p.i.AbstractProblemLoader Creating init config 
93958      DEBUG main            d.u.i.k.p.i.AbstractProblemLoader Init config took 2.61s 
94014      INFO  main            d.u.i.k.p.i.AbstractProblemLoader Replaying proof Coll2[Coll2::add_pre(int)].JML model_behavior operation contract.0 
94016      DEBUG main            d.u.i.k.p.i.IntermediateProofReplayer Proof replay took 8.5ns 
94118      INFO  main            d.u.i.k.p.r.p.TestFile    ... finished proof: closed. 
94359      INFO  main            d.u.i.k.p.i.AbstractProblemLoader Loading environment from /home/runner/work/key/key/key.core/../key.ui/examples/heap/model_methods/Coll2_Coll2_add_pre.key.proof 
94359      DEBUG main            d.u.i.k.p.i.AbstractProblemLoader Environment load took 119.5ns 
94360      INFO  main            d.u.i.k.p.i.AbstractProblemLoader Creating init config 
96905      DEBUG main            d.u.i.k.p.i.AbstractProblemLoader Init config took 2.54s 
96943      INFO  main            d.u.i.k.p.i.AbstractProblemLoader Replaying proof Coll2[Coll2::add_pre(int)].JML model_behavior operation contract.0 
96946      DEBUG main            d.u.i.k.p.i.IntermediateProofReplayer Proof replay took 1.44ms 
96947      DEBUG main            d.u.i.k.p.r.p.TestFile    ... success: reloaded. 
96948      INFO  main            d.u.i.k.p.r.p.TestFile    Now processing file /home/runner/work/key/key/key.core/../key.ui/examples/heap/model_methods/Coll2_Coll_add_pre.key 
96948      INFO  main            d.u.i.k.p.i.AbstractProblemLoader Loading environment from /home/runner/work/key/key/key.core/../key.ui/examples/heap/model_methods/Coll2_Coll_add_pre.key 
96948      DEBUG main            d.u.i.k.p.i.AbstractProblemLoader Environment load took 104.7ns 
96949      INFO  main            d.u.i.k.p.i.AbstractProblemLoader Creating init config 
99533      DEBUG main            d.u.i.k.p.i.AbstractProblemLoader Init config took 2.58s 
99575      INFO  main            d.u.i.k.p.i.AbstractProblemLoader Replaying proof Coll2[Coll::add_pre(int)].JML model_behavior operation contract.0 
99579      DEBUG main            d.u.i.k.p.i.IntermediateProofReplayer Proof replay took 9.5ns 
99681      INFO  main            d.u.i.k.p.r.p.TestFile    ... finished proof: closed. 
99910      INFO  main            d.u.i.k.p.i.AbstractProblemLoader Loading environment from /home/runner/work/key/key/key.core/../key.ui/examples/heap/model_methods/Coll2_Coll_add_pre.key.proof 
99910      DEBUG main            d.u.i.k.p.i.AbstractProblemLoader Environment load took 122.2ns 
99911      INFO  main            d.u.i.k.p.i.AbstractProblemLoader Creating init config 
102435     DEBUG main            d.u.i.k.p.i.AbstractProblemLoader Init config took 2.52s 
102474     INFO  main            d.u.i.k.p.i.AbstractProblemLoader Replaying proof Coll2[Coll::add_pre(int)].JML model_behavior operation contract.0 
102477     DEBUG main            d.u.i.k.p.i.IntermediateProofReplayer Proof replay took 2.05ms 
102478     DEBUG main            d.u.i.k.p.r.p.TestFile    ... success: reloaded. 
102481     INFO  main            d.u.i.k.p.r.p.TestFile    Now processing file /home/runner/work/key/key/key.core/../key.ui/examples/heap/model_methods/Coll_add.key 
102481     INFO  main            d.u.i.k.p.i.AbstractProblemLoader Loading environment from /home/runner/work/key/key/key.core/../key.ui/examples/heap/model_methods/Coll_add.key 
102482     DEBUG main            d.u.i.k.p.i.AbstractProblemLoader Environment load took 182.6ns 
102483     INFO  main            d.u.i.k.p.i.AbstractProblemLoader Creating init config 
105131     DEBUG main            d.u.i.k.p.i.AbstractProblemLoader Init config took 2.65s 
105171     INFO  main            d.u.i.k.p.i.AbstractProblemLoader Replaying proof Coll[Coll::add(int)].JML operation contract.0 
105172     DEBUG main            d.u.i.k.p.i.IntermediateProofReplayer Proof replay took 7.8ns 
105277     INFO  main            d.u.i.k.p.r.p.TestFile    ... finished proof: closed. 
105503     INFO  main            d.u.i.k.p.i.AbstractProblemLoader Loading environment from /home/runner/work/key/key/key.core/../key.ui/examples/heap/model_methods/Coll_add.key.proof 
105503     DEBUG main            d.u.i.k.p.i.AbstractProblemLoader Environment load took 146.4ns 
105504     INFO  main            d.u.i.k.p.i.AbstractProblemLoader Creating init config 
108087     DEBUG main            d.u.i.k.p.i.AbstractProblemLoader Init config took 2.58s 
108143     INFO  main            d.u.i.k.p.i.AbstractProblemLoader Replaying proof Coll[Coll::add(int)].JML operation contract.0 
108150     DEBUG main            d.u.i.k.p.i.IntermediateProofReplayer Proof replay took 2.12ms 
108151     DEBUG main            d.u.i.k.p.r.p.TestFile    ... success: reloaded. 
108153     INFO  main            d.u.i.k.p.r.p.TestFile    Now processing file /home/runner/work/key/key/key.core/../key.ui/examples/heap/model_methods/Coll_add_pre.key 
108153     INFO  main            d.u.i.k.p.i.AbstractProblemLoader Loading environment from /home/runner/work/key/key/key.core/../key.ui/examples/heap/model_methods/Coll_add_pre.key 
108153     DEBUG main            d.u.i.k.p.i.AbstractProblemLoader Environment load took 190.5ns 
108155     INFO  main            d.u.i.k.p.i.AbstractProblemLoader Creating init config 
110709     DEBUG main            d.u.i.k.p.i.AbstractProblemLoader Init config took 2.55s 
110749     INFO  main            d.u.i.k.p.i.AbstractProblemLoader Replaying proof Coll[Coll::add_pre(int)].JML model_behavior operation contract.0 
110751     DEBUG main            d.u.i.k.p.i.IntermediateProofReplayer Proof replay took 7.6ns 
110857     INFO  main            d.u.i.k.p.r.p.TestFile    ... finished proof: closed. 
111087     INFO  main            d.u.i.k.p.i.AbstractProblemLoader Loading environment from /home/runner/work/key/key/key.core/../key.ui/examples/heap/model_methods/Coll_add_pre.key.proof 
111087     DEBUG main            d.u.i.k.p.i.AbstractProblemLoader Environment load took 179.7ns 
111089     INFO  main            d.u.i.k.p.i.AbstractProblemLoader Creating init config 
113630     DEBUG main            d.u.i.k.p.i.AbstractProblemLoader Init config took 2.54s 
113668     INFO  main            d.u.i.k.p.i.AbstractProblemLoader Replaying proof Coll[Coll::add_pre(int)].JML model_behavior operation contract.0 
113672     DEBUG main            d.u.i.k.p.i.IntermediateProofReplayer Proof replay took 2.48ms 
113673     DEBUG main            d.u.i.k.p.r.p.TestFile    ... success: reloaded. 
113674     INFO  main            d.u.i.k.p.r.p.TestFile    Now processing file /home/runner/work/key/key/key.core/../key.ui/examples/heap/model_methods/Indirect_callAdd.key 
113674     INFO  main            d.u.i.k.p.i.AbstractProblemLoader Loading environment from /home/runner/work/key/key/key.core/../key.ui/examples/heap/model_methods/Indirect_callAdd.key 
113674     DEBUG main            d.u.i.k.p.i.AbstractProblemLoader Environment load took 92.2ns 
113675     INFO  main            d.u.i.k.p.i.AbstractProblemLoader Creating init config 
116243     DEBUG main            d.u.i.k.p.i.AbstractProblemLoader Init config took 2.57s 
116282     INFO  main            d.u.i.k.p.i.AbstractProblemLoader Replaying proof Indirect[Indirect::callAdd(Coll,int)].JML operation contract.0 
116283     DEBUG main            d.u.i.k.p.i.IntermediateProofReplayer Proof replay took 8.3ns 
116385     INFO  main            d.u.i.k.p.r.p.TestFile    ... finished proof: closed. 
116634     INFO  main            d.u.i.k.p.i.AbstractProblemLoader Loading environment from /home/runner/work/key/key/key.core/../key.ui/examples/heap/model_methods/Indirect_callAdd.key.proof 
116634     DEBUG main            d.u.i.k.p.i.AbstractProblemLoader Environment load took 115.7ns 
116635     INFO  main            d.u.i.k.p.i.AbstractProblemLoader Creating init config 
119125     DEBUG main            d.u.i.k.p.i.AbstractProblemLoader Init config took 2.49s 
119164     INFO  main            d.u.i.k.p.i.AbstractProblemLoader Replaying proof Indirect[Indirect::callAdd(Coll,int)].JML operation contract.0 
119187     DEBUG main            d.u.i.k.p.i.IntermediateProofReplayer Proof replay took 21.83ms 
119188     DEBUG main            d.u.i.k.p.r.p.TestFile    ... success: reloaded. 
119189     INFO  main            d.u.i.k.p.r.p.TestFile    Now processing file /home/runner/work/key/key/key.core/../key.ui/examples/heap/model_methods/Indirect_test.key 
119190     INFO  main            d.u.i.k.p.i.AbstractProblemLoader Loading environment from /home/runner/work/key/key/key.core/../key.ui/examples/heap/model_methods/Indirect_test.key 
119190     DEBUG main            d.u.i.k.p.i.AbstractProblemLoader Environment load took 84.2ns 
119191     INFO  main            d.u.i.k.p.i.AbstractProblemLoader Creating init config 
121818     DEBUG main            d.u.i.k.p.i.AbstractProblemLoader Init config took 2.63s 
121859     INFO  main            d.u.i.k.p.i.AbstractProblemLoader Replaying proof Indirect[Indirect::test(Coll1,Coll2)].JML operation contract.0 
121861     DEBUG main            d.u.i.k.p.i.IntermediateProofReplayer Proof replay took 7.4ns 
122065     INFO  main            d.u.i.k.p.r.p.TestFile    ... finished proof: closed. 
122324     INFO  main            d.u.i.k.p.i.AbstractProblemLoader Loading environment from /home/runner/work/key/key/key.core/../key.ui/examples/heap/model_methods/Indirect_test.key.proof 
122324     DEBUG main            d.u.i.k.p.i.AbstractProblemLoader Environment load took 116ns 
122326     INFO  main            d.u.i.k.p.i.AbstractProblemLoader Creating init config 
124822     DEBUG main            d.u.i.k.p.i.AbstractProblemLoader Init config took 2.5s 
124860     INFO  main            d.u.i.k.p.i.AbstractProblemLoader Replaying proof Indirect[Indirect::test(Coll1,Coll2)].JML operation contract.0 
124913     DEBUG main            d.u.i.k.p.i.IntermediateProofReplayer Proof replay took 50.19ms 
124914     DEBUG main            d.u.i.k.p.r.p.TestFile    ... success: reloaded. 
124915     INFO  main            d.u.i.k.p.r.p.TestFile    Now processing file /home/runner/work/key/key/key.core/../key.ui/examples/heap/model_methods/Recell_Cell_footprint.key 
124916     INFO  main            d.u.i.k.p.i.AbstractProblemLoader Loading environment from /home/runner/work/key/key/key.core/../key.ui/examples/heap/model_methods/Recell_Cell_footprint.key 
124916     DEBUG main            d.u.i.k.p.i.AbstractProblemLoader Environment load took 94.1ns 
124917     INFO  main            d.u.i.k.p.i.AbstractProblemLoader Creating init config 
127492     DEBUG main            d.u.i.k.p.i.AbstractProblemLoader Init config took 2.58s 
127531     INFO  main            d.u.i.k.p.i.AbstractProblemLoader Replaying proof Recell[Cell::footprint()].JML model_behavior operation contract.0 
127532     DEBUG main            d.u.i.k.p.i.IntermediateProofReplayer Proof replay took 8.3ns 
127634     INFO  main            d.u.i.k.p.r.p.TestFile    ... finished proof: closed. 
127882     INFO  main            d.u.i.k.p.i.AbstractProblemLoader Loading environment from /home/runner/work/key/key/key.core/../key.ui/examples/heap/model_methods/Recell_Cell_footprint.key.proof 
127882     DEBUG main            d.u.i.k.p.i.AbstractProblemLoader Environment load took 118.8ns 
127883     INFO  main            d.u.i.k.p.i.AbstractProblemLoader Creating init config 
130388     DEBUG main            d.u.i.k.p.i.AbstractProblemLoader Init config took 2.51s 
130426     INFO  main            d.u.i.k.p.i.AbstractProblemLoader Replaying proof Recell[Cell::footprint()].JML model_behavior operation contract.0 
130430     DEBUG main            d.u.i.k.p.i.IntermediateProofReplayer Proof replay took 2.56ms 
130431     DEBUG main            d.u.i.k.p.r.p.TestFile    ... success: reloaded. 
130432     INFO  main            d.u.i.k.p.r.p.TestFile    Now processing file /home/runner/work/key/key/key.core/../key.ui/examples/heap/model_methods/Recell_Cell_post_set.key 
130432     INFO  main            d.u.i.k.p.i.AbstractProblemLoader Loading environment from /home/runner/work/key/key/key.core/../key.ui/examples/heap/model_methods/Recell_Cell_post_set.key 
130432     DEBUG main            d.u.i.k.p.i.AbstractProblemLoader Environment load took 95.9ns 
130433     INFO  main            d.u.i.k.p.i.AbstractProblemLoader Creating init config 
133017     DEBUG main            d.u.i.k.p.i.AbstractProblemLoader Init config took 2.58s 
133055     INFO  main            d.u.i.k.p.i.AbstractProblemLoader Replaying proof Recell[Cell::post_set(int)].JML model_behavior operation contract.0 
133057     DEBUG main            d.u.i.k.p.i.IntermediateProofReplayer Proof replay took 8.2ns 
133158     INFO  main            d.u.i.k.p.r.p.TestFile    ... finished proof: closed. 
133411     INFO  main            d.u.i.k.p.i.AbstractProblemLoader Loading environment from /home/runner/work/key/key/key.core/../key.ui/examples/heap/model_methods/Recell_Cell_post_set.key.proof 
133411     DEBUG main            d.u.i.k.p.i.AbstractProblemLoader Environment load took 109.4ns 
133412     INFO  main            d.u.i.k.p.i.AbstractProblemLoader Creating init config 
135911     DEBUG main            d.u.i.k.p.i.AbstractProblemLoader Init config took 2.5s 
135949     INFO  main            d.u.i.k.p.i.AbstractProblemLoader Replaying proof Recell[Cell::post_set(int)].JML model_behavior operation contract.0 
135954     DEBUG main            d.u.i.k.p.i.IntermediateProofReplayer Proof replay took 3.5ms 
135955     DEBUG main            d.u.i.k.p.r.p.TestFile    ... success: reloaded. 
135956     INFO  main            d.u.i.k.p.r.p.TestFile    Now processing file /home/runner/work/key/key/key.core/../key.ui/examples/heap/model_methods/Recell_footprint_acc.key 
135956     INFO  main            d.u.i.k.p.i.AbstractProblemLoader Loading environment from /home/runner/work/key/key/key.core/../key.ui/examples/heap/model_methods/Recell_footprint_acc.key 
135956     DEBUG main            d.u.i.k.p.i.AbstractProblemLoader Environment load took 92.9ns 
135957     INFO  main            d.u.i.k.p.i.AbstractProblemLoader Creating init config 
138499     DEBUG main            d.u.i.k.p.i.AbstractProblemLoader Init config took 2.54s 
138537     INFO  main            d.u.i.k.p.i.AbstractProblemLoader Replaying proof Recell[Cell::footprint()].JML accessible clause.0 
138538     DEBUG main            d.u.i.k.p.i.IntermediateProofReplayer Proof replay took 8.3ns 
138641     INFO  main            d.u.i.k.p.r.p.TestFile    ... finished proof: closed. 
138901     INFO  main            d.u.i.k.p.i.AbstractProblemLoader Loading environment from /home/runner/work/key/key/key.core/../key.ui/examples/heap/model_methods/Recell_footprint_acc.key.proof 
138901     DEBUG main            d.u.i.k.p.i.AbstractProblemLoader Environment load took 111.3ns 
138902     INFO  main            d.u.i.k.p.i.AbstractProblemLoader Creating init config 
141412     DEBUG main            d.u.i.k.p.i.AbstractProblemLoader Init config took 2.51s 
141449     INFO  main            d.u.i.k.p.i.AbstractProblemLoader Replaying proof Recell[Cell::footprint()].JML accessible clause.0 
141469     DEBUG main            d.u.i.k.p.i.IntermediateProofReplayer Proof replay took 17.74ms 
141470     DEBUG main            d.u.i.k.p.r.p.TestFile    ... success: reloaded. 
141471     INFO  main            d.u.i.k.p.r.p.TestFile    Now processing file /home/runner/work/key/key/key.core/../key.ui/examples/heap/model_methods/Recell_get_acc.key 
141471     INFO  main            d.u.i.k.p.i.AbstractProblemLoader Loading environment from /home/runner/work/key/key/key.core/../key.ui/examples/heap/model_methods/Recell_get_acc.key 
141471     DEBUG main            d.u.i.k.p.i.AbstractProblemLoader Environment load took 116.3ns 
141472     INFO  main            d.u.i.k.p.i.AbstractProblemLoader Creating init config 
144046     DEBUG main            d.u.i.k.p.i.AbstractProblemLoader Init config took 2.57s 
144083     INFO  main            d.u.i.k.p.i.AbstractProblemLoader Replaying proof Recell[Cell::get()].JML accessible clause.0 
144085     DEBUG main            d.u.i.k.p.i.IntermediateProofReplayer Proof replay took 8.7ns 
144186     INFO  main            d.u.i.k.p.r.p.TestFile    ... finished proof: closed. 
144457     INFO  main            d.u.i.k.p.i.AbstractProblemLoader Loading environment from /home/runner/work/key/key/key.core/../key.ui/examples/heap/model_methods/Recell_get_acc.key.proof 
144457     DEBUG main            d.u.i.k.p.i.AbstractProblemLoader Environment load took 114.9ns 
144458     INFO  main            d.u.i.k.p.i.AbstractProblemLoader Creating init config 
146994     DEBUG main            d.u.i.k.p.i.AbstractProblemLoader Init config took 2.54s 
147031     INFO  main            d.u.i.k.p.i.AbstractProblemLoader Replaying proof Recell[Cell::get()].JML accessible clause.0 
147049     DEBUG main            d.u.i.k.p.i.IntermediateProofReplayer Proof replay took 15.47ms 
147050     DEBUG main            d.u.i.k.p.r.p.TestFile    ... success: reloaded. 
147051     INFO  main            d.u.i.k.p.r.p.TestFile    Now processing file /home/runner/work/key/key/key.core/../key.ui/examples/heap/model_methods/Recell_get.key 
147051     INFO  main            d.u.i.k.p.i.AbstractProblemLoader Loading environment from /home/runner/work/key/key/key.core/../key.ui/examples/heap/model_methods/Recell_get.key 
147051     DEBUG main            d.u.i.k.p.i.AbstractProblemLoader Environment load took 92.5ns 
147052     INFO  main            d.u.i.k.p.i.AbstractProblemLoader Creating init config 
149556     DEBUG main            d.u.i.k.p.i.AbstractProblemLoader Init config took 2.5s 
149594     INFO  main            d.u.i.k.p.i.AbstractProblemLoader Replaying proof Recell[Cell::get()].JML operation contract.0 
149596     DEBUG main            d.u.i.k.p.i.IntermediateProofReplayer Proof replay took 7.7ns 
149705     INFO  main            d.u.i.k.p.r.p.TestFile    ... finished proof: closed. 
149984     INFO  main            d.u.i.k.p.i.AbstractProblemLoader Loading environment from /home/runner/work/key/key/key.core/../key.ui/examples/heap/model_methods/Recell_get.key.proof 
149984     DEBUG main            d.u.i.k.p.i.AbstractProblemLoader Environment load took 109.7ns 
149985     INFO  main            d.u.i.k.p.i.AbstractProblemLoader Creating init config 
152480     DEBUG main            d.u.i.k.p.i.AbstractProblemLoader Init config took 2.5s 
152519     INFO  main            d.u.i.k.p.i.AbstractProblemLoader Replaying proof Recell[Cell::get()].JML operation contract.0 
152530     DEBUG main            d.u.i.k.p.i.IntermediateProofReplayer Proof replay took 9.54ms 
152532     DEBUG main            d.u.i.k.p.r.p.TestFile    ... success: reloaded. 
152533     INFO  main            d.u.i.k.p.r.p.TestFile    Now processing file /home/runner/work/key/key/key.core/../key.ui/examples/heap/model_methods/Recell_Recell_footprint.key 
152533     INFO  main            d.u.i.k.p.i.AbstractProblemLoader Loading environment from /home/runner/work/key/key/key.core/../key.ui/examples/heap/model_methods/Recell_Recell_footprint.key 
152533     DEBUG main            d.u.i.k.p.i.AbstractProblemLoader Environment load took 174.8ns 
152534     INFO  main            d.u.i.k.p.i.AbstractProblemLoader Creating init config 
155111     DEBUG main            d.u.i.k.p.i.AbstractProblemLoader Init config took 2.58s 
155149     INFO  main            d.u.i.k.p.i.AbstractProblemLoader Replaying proof Recell[Recell::footprint()].JML model_behavior operation contract.0 
155150     DEBUG main            d.u.i.k.p.i.IntermediateProofReplayer Proof replay took 7.6ns 
155253     INFO  main            d.u.i.k.p.r.p.TestFile    ... finished proof: closed. 
155545     INFO  main            d.u.i.k.p.i.AbstractProblemLoader Loading environment from /home/runner/work/key/key/key.core/../key.ui/examples/heap/model_methods/Recell_Recell_footprint.key.proof 
155545     DEBUG main            d.u.i.k.p.i.AbstractProblemLoader Environment load took 105.3ns 
155546     INFO  main            d.u.i.k.p.i.AbstractProblemLoader Creating init config 
158035     DEBUG main            d.u.i.k.p.i.AbstractProblemLoader Init config took 2.49s 
158072     INFO  main            d.u.i.k.p.i.AbstractProblemLoader Replaying proof Recell[Recell::footprint()].JML model_behavior operation contract.0 
158075     DEBUG main            d.u.i.k.p.i.IntermediateProofReplayer Proof replay took 1.38ms 
158076     DEBUG main            d.u.i.k.p.r.p.TestFile    ... success: reloaded. 
158077     INFO  main            d.u.i.k.p.r.p.TestFile    Now processing file /home/runner/work/key/key/key.core/../key.ui/examples/heap/model_methods/Recell_Recell_post_set.key 
158077     INFO  main            d.u.i.k.p.i.AbstractProblemLoader Loading environment from /home/runner/work/key/key/key.core/../key.ui/examples/heap/model_methods/Recell_Recell_post_set.key 
158077     DEBUG main            d.u.i.k.p.i.AbstractProblemLoader Environment load took 199.8ns 
158078     INFO  main            d.u.i.k.p.i.AbstractProblemLoader Creating init config 
160625     DEBUG main            d.u.i.k.p.i.AbstractProblemLoader Init config took 2.55s 
160682     INFO  main            d.u.i.k.p.i.AbstractProblemLoader Replaying proof Recell[Recell::post_set(int)].JML model_behavior operation contract.0 
160684     DEBUG main            d.u.i.k.p.i.IntermediateProofReplayer Proof replay took 7.6ns 
160789     INFO  main            d.u.i.k.p.r.p.TestFile    ... finished proof: closed. 
161078     INFO  main            d.u.i.k.p.i.AbstractProblemLoader Loading environment from /home/runner/work/key/key/key.core/../key.ui/examples/heap/model_methods/Recell_Recell_post_set.key.proof 
161078     DEBUG main            d.u.i.k.p.i.AbstractProblemLoader Environment load took 104.8ns 
161079     INFO  main            d.u.i.k.p.i.AbstractProblemLoader Creating init config 
163558     DEBUG main            d.u.i.k.p.i.AbstractProblemLoader Init config took 2.48s 
163596     INFO  main            d.u.i.k.p.i.AbstractProblemLoader Replaying proof Recell[Recell::post_set(int)].JML model_behavior operation contract.0 
163599     DEBUG main            d.u.i.k.p.i.IntermediateProofReplayer Proof replay took 2.14ms 
163601     DEBUG main            d.u.i.k.p.r.p.TestFile    ... success: reloaded. 
163602     INFO  main            d.u.i.k.p.r.p.TestFile    Now processing file /home/runner/work/key/key/key.core/../key.ui/examples/heap/model_methods/Recell_set.key 
163602     INFO  main            d.u.i.k.p.i.AbstractProblemLoader Loading environment from /home/runner/work/key/key/key.core/../key.ui/examples/heap/model_methods/Recell_set.key 
163602     DEBUG main            d.u.i.k.p.i.AbstractProblemLoader Environment load took 163.9ns 
163603     INFO  main            d.u.i.k.p.i.AbstractProblemLoader Creating init config 
166139     DEBUG main            d.u.i.k.p.i.AbstractProblemLoader Init config took 2.54s 
166176     INFO  main            d.u.i.k.p.i.AbstractProblemLoader Replaying proof Recell[Cell::set(int)].JML operation contract.0 
166177     DEBUG main            d.u.i.k.p.i.IntermediateProofReplayer Proof replay took 8.4ns 
173930     INFO  main            d.u.i.k.p.r.p.TestFile    ... finished proof: closed. 
174256     INFO  main            d.u.i.k.p.i.AbstractProblemLoader Loading environment from /home/runner/work/key/key/key.core/../key.ui/examples/heap/model_methods/Recell_set.key.proof 
174256     DEBUG main            d.u.i.k.p.i.AbstractProblemLoader Environment load took 254.8ns 
174258     INFO  main            d.u.i.k.p.i.AbstractProblemLoader Creating init config 
176747     DEBUG main            d.u.i.k.p.i.AbstractProblemLoader Init config took 2.49s 
176784     INFO  main            d.u.i.k.p.i.AbstractProblemLoader Replaying proof Recell[Cell::set(int)].JML operation contract.0 
177184     DEBUG main            d.u.i.k.p.i.IntermediateProofReplayer Proof replay took 381.58ms 
177185     DEBUG main            d.u.i.k.p.r.p.TestFile    ... success: reloaded. 
177186     INFO  main            d.u.i.k.p.r.p.TestFile    Now processing file /home/runner/work/key/key/key.core/../key.ui/examples/heap/model_methods/Recell_undo.key 
177187     INFO  main            d.u.i.k.p.i.AbstractProblemLoader Loading environment from /home/runner/work/key/key/key.core/../key.ui/examples/heap/model_methods/Recell_undo.key 
177187     DEBUG main            d.u.i.k.p.i.AbstractProblemLoader Environment load took 193ns 
177188     INFO  main            d.u.i.k.p.i.AbstractProblemLoader Creating init config 
179728     DEBUG main            d.u.i.k.p.i.AbstractProblemLoader Init config took 2.54s 
179766     INFO  main            d.u.i.k.p.i.AbstractProblemLoader Replaying proof Recell[Recell::undo()].JML operation contract.0 
179768     DEBUG main            d.u.i.k.p.i.IntermediateProofReplayer Proof replay took 32.9ns 
179970     INFO  main            d.u.i.k.p.r.p.TestFile    ... finished proof: closed. 
180273     INFO  main            d.u.i.k.p.i.AbstractProblemLoader Loading environment from /home/runner/work/key/key/key.core/../key.ui/examples/heap/model_methods/Recell_undo.key.proof 
180273     DEBUG main            d.u.i.k.p.i.AbstractProblemLoader Environment load took 105.3ns 
180274     INFO  main            d.u.i.k.p.i.AbstractProblemLoader Creating init config 
182743     DEBUG main            d.u.i.k.p.i.AbstractProblemLoader Init config took 2.47s 
182781     INFO  main            d.u.i.k.p.i.AbstractProblemLoader Replaying proof Recell[Recell::undo()].JML operation contract.0 
182827     DEBUG main            d.u.i.k.p.i.IntermediateProofReplayer Proof replay took 26.26ms 
182828     DEBUG main            d.u.i.k.p.r.p.TestFile    ... success: reloaded. 
4199284    INFO  Test worker     d.u.i.k.p.r.RunAllProofsTestUnit Returning from test modelMethods 
4199285    INFO  Test worker     d.u.i.k.p.r.RunAllProofsTestUnit Running test permissionHeap 
375        INFO  Timeout watchdog d.u.i.k.p.r.p.ForkedTestFileRunner Timeout watcher launched (2000 secs.) 
404        WARN  main            d.u.i.k.s.ProofSettings   The settings in /home/runner/.key/proof-settings.props are *not* read. 
451        INFO  main            d.u.i.k.p.r.p.TestFile    Now processing file /home/runner/work/key/key/key.core/../key.ui/examples/heap/permissions/permissions_method0.key 
589        INFO  main            d.u.i.k.p.i.AbstractProblemLoader Loading environment from /home/runner/work/key/key/key.core/../key.ui/examples/heap/permissions/permissions_method0.key 
613        DEBUG main            d.u.i.k.p.i.AbstractProblemLoader Environment load took 1.98ms 
880        INFO  main            d.u.i.k.p.i.AbstractProblemLoader Creating init config 
1917       DEBUG main            d.u.i.k.j.TypeConverter   No LDT found for Meta 
1917       DEBUG main            d.u.i.k.j.TypeConverter   No LDT found for Meta 
1920       DEBUG main            d.u.i.k.j.TypeConverter   No LDT found for Meta 
1920       DEBUG main            d.u.i.k.j.TypeConverter   No LDT found for Meta 
3260       DEBUG main            d.u.i.k.j.TypeConverter   No LDT found for JavaBigintExpression 
8685       DEBUG main            d.u.i.k.p.i.AbstractProblemLoader Init config took 7.8s 
8812       INFO  main            d.u.i.k.p.i.AbstractProblemLoader Replaying proof MyClass[MyClass::method0()].JML normal_behavior operation contract.0 
8846       DEBUG main            d.u.i.k.p.i.IntermediateProofReplayer Proof replay took 35.6ns 
9905       INFO  main            d.u.i.k.p.r.p.TestFile    ... finished proof: closed. 
10040      INFO  main            d.u.i.k.p.i.AbstractProblemLoader Loading environment from /home/runner/work/key/key/key.core/../key.ui/examples/heap/permissions/permissions_method0.key.proof 
10042      DEBUG main            d.u.i.k.p.i.AbstractProblemLoader Environment load took 1.53ms 
10044      INFO  main            d.u.i.k.p.i.AbstractProblemLoader Creating init config 
12995      DEBUG main            d.u.i.k.p.i.AbstractProblemLoader Init config took 2.95s 
13066      INFO  main            d.u.i.k.p.i.AbstractProblemLoader Replaying proof MyClass[MyClass::method0()].JML normal_behavior operation contract.0 
13175      DEBUG main            d.u.i.k.p.i.IntermediateProofReplayer Proof replay took 102.28ms 
13183      DEBUG main            d.u.i.k.p.r.p.TestFile    ... success: reloaded. 
13185      INFO  main            d.u.i.k.p.r.p.TestFile    Now processing file /home/runner/work/key/key/key.core/../key.ui/examples/heap/permissions/permissions_method1.key 
13186      INFO  main            d.u.i.k.p.i.AbstractProblemLoader Loading environment from /home/runner/work/key/key/key.core/../key.ui/examples/heap/permissions/permissions_method1.key 
13186      DEBUG main            d.u.i.k.p.i.AbstractProblemLoader Environment load took 227.1ns 
13188      INFO  main            d.u.i.k.p.i.AbstractProblemLoader Creating init config 
15914      DEBUG main            d.u.i.k.p.i.AbstractProblemLoader Init config took 2.73s 
15974      INFO  main            d.u.i.k.p.i.AbstractProblemLoader Replaying proof MyClass[MyClass::method1()].JML normal_behavior operation contract.0 
15977      DEBUG main            d.u.i.k.p.i.IntermediateProofReplayer Proof replay took 7.5ns 
16281      INFO  main            d.u.i.k.p.r.p.TestFile    ... finished proof: closed. 
16433      INFO  main            d.u.i.k.p.i.AbstractProblemLoader Loading environment from /home/runner/work/key/key/key.core/../key.ui/examples/heap/permissions/permissions_method1.key.proof 
16433      DEBUG main            d.u.i.k.p.i.AbstractProblemLoader Environment load took 374.3ns 
16435      INFO  main            d.u.i.k.p.i.AbstractProblemLoader Creating init config 
19214      DEBUG main            d.u.i.k.p.i.AbstractProblemLoader Init config took 2.78s 
19273      INFO  main            d.u.i.k.p.i.AbstractProblemLoader Replaying proof MyClass[MyClass::method1()].JML normal_behavior operation contract.0 
19334      DEBUG main            d.u.i.k.p.i.IntermediateProofReplayer Proof replay took 57.56ms 
19335      DEBUG main            d.u.i.k.p.r.p.TestFile    ... success: reloaded. 
19337      INFO  main            d.u.i.k.p.r.p.TestFile    Now processing file /home/runner/work/key/key/key.core/../key.ui/examples/heap/permissions/permissions_method3.key 
19337      INFO  main            d.u.i.k.p.i.AbstractProblemLoader Loading environment from /home/runner/work/key/key/key.core/../key.ui/examples/heap/permissions/permissions_method3.key 
19338      DEBUG main            d.u.i.k.p.i.AbstractProblemLoader Environment load took 194.1ns 
19339      INFO  main            d.u.i.k.p.i.AbstractProblemLoader Creating init config 
22039      DEBUG main            d.u.i.k.p.i.AbstractProblemLoader Init config took 2.7s 
22087      INFO  main            d.u.i.k.p.i.AbstractProblemLoader Replaying proof MyClass[MyClass::method3()].JML normal_behavior operation contract.0 
22090      DEBUG main            d.u.i.k.p.i.IntermediateProofReplayer Proof replay took 6.7ns 
23598      INFO  main            d.u.i.k.p.r.p.TestFile    ... finished proof: closed. 
23777      INFO  main            d.u.i.k.p.i.AbstractProblemLoader Loading environment from /home/runner/work/key/key/key.core/../key.ui/examples/heap/permissions/permissions_method3.key.proof 
23777      DEBUG main            d.u.i.k.p.i.AbstractProblemLoader Environment load took 139.6ns 
23779      INFO  main            d.u.i.k.p.i.AbstractProblemLoader Creating init config 
26401      DEBUG main            d.u.i.k.p.i.AbstractProblemLoader Init config took 2.62s 
26457      INFO  main            d.u.i.k.p.i.AbstractProblemLoader Replaying proof MyClass[MyClass::method3()].JML normal_behavior operation contract.0 
26673      DEBUG main            d.u.i.k.p.i.IntermediateProofReplayer Proof replay took 204.7ms 
26675      DEBUG main            d.u.i.k.p.r.p.TestFile    ... success: reloaded. 
26676      INFO  main            d.u.i.k.p.r.p.TestFile    Now processing file /home/runner/work/key/key/key.core/../key.ui/examples/heap/permissions/permissions_setAB.key 
26677      INFO  main            d.u.i.k.p.i.AbstractProblemLoader Loading environment from /home/runner/work/key/key/key.core/../key.ui/examples/heap/permissions/permissions_setAB.key 
26677      DEBUG main            d.u.i.k.p.i.AbstractProblemLoader Environment load took 226.8ns 
26678      INFO  main            d.u.i.k.p.i.AbstractProblemLoader Creating init config 
29349      DEBUG main            d.u.i.k.p.i.AbstractProblemLoader Init config took 2.67s 
29405      INFO  main            d.u.i.k.p.i.AbstractProblemLoader Replaying proof MyClass[MyClass::setAB()].JML normal_behavior operation contract.0 
29409      DEBUG main            d.u.i.k.p.i.IntermediateProofReplayer Proof replay took 7.4ns 
31015      INFO  main            d.u.i.k.p.r.p.TestFile    ... finished proof: closed. 
31217      INFO  main            d.u.i.k.p.i.AbstractProblemLoader Loading environment from /home/runner/work/key/key/key.core/../key.ui/examples/heap/permissions/permissions_setAB.key.proof 
31220      DEBUG main            d.u.i.k.p.i.AbstractProblemLoader Environment load took 3.15ms 
31221      INFO  main            d.u.i.k.p.i.AbstractProblemLoader Creating init config 
33798      DEBUG main            d.u.i.k.p.i.AbstractProblemLoader Init config took 2.58s 
33844      INFO  main            d.u.i.k.p.i.AbstractProblemLoader Replaying proof MyClass[MyClass::setAB()].JML normal_behavior operation contract.0 
33989      DEBUG main            d.u.i.k.p.i.IntermediateProofReplayer Proof replay took 139.09ms 
33990      DEBUG main            d.u.i.k.p.r.p.TestFile    ... success: reloaded. 
33991      INFO  main            d.u.i.k.p.r.p.TestFile    Now processing file /home/runner/work/key/key/key.core/../key.ui/examples/heap/permissions/permissionProperties.key 
33992      INFO  main            d.u.i.k.p.i.AbstractProblemLoader Loading environment from /home/runner/work/key/key/key.core/../key.ui/examples/heap/permissions/permissionProperties.key 
33992      DEBUG main            d.u.i.k.p.i.AbstractProblemLoader Environment load took 206.3ns 
33993      INFO  main            d.u.i.k.p.i.AbstractProblemLoader Creating init config 
34157      DEBUG main            d.u.i.k.j.TypeConverter   No LDT found for Meta 
34158      DEBUG main            d.u.i.k.j.TypeConverter   No LDT found for Meta 
34159      DEBUG main            d.u.i.k.j.TypeConverter   No LDT found for Meta 
34159      DEBUG main            d.u.i.k.j.TypeConverter   No LDT found for Meta 
34826      DEBUG main            d.u.i.k.j.TypeConverter   No LDT found for JavaBigintExpression 
37558      DEBUG main            d.u.i.k.p.i.AbstractProblemLoader Init config took 3.56s 
37587      INFO  main            d.u.i.k.p.i.AbstractProblemLoader Replaying proof permissionProperties.key 
37589      DEBUG main            d.u.i.k.p.i.IntermediateProofReplayer Proof replay took 7.5ns 
37693      INFO  main            d.u.i.k.p.r.p.TestFile    ... finished proof: closed. 
37861      INFO  main            d.u.i.k.p.i.AbstractProblemLoader Loading environment from /home/runner/work/key/key/key.core/../key.ui/examples/heap/permissions/permissionProperties.key.proof 
37862      DEBUG main            d.u.i.k.p.i.AbstractProblemLoader Environment load took 1.27ms 
37863      INFO  main            d.u.i.k.p.i.AbstractProblemLoader Creating init config 
40257      DEBUG main            d.u.i.k.p.i.AbstractProblemLoader Init config took 2.39s 
40279      INFO  main            d.u.i.k.p.i.AbstractProblemLoader Replaying proof permissionProperties.key.proof 
40295      DEBUG main            d.u.i.k.p.i.IntermediateProofReplayer Proof replay took 13.1ms 
40296      DEBUG main            d.u.i.k.p.r.p.TestFile    ... success: reloaded. 
40298      INFO  main            d.u.i.k.p.r.p.TestFile    Now processing file /home/runner/work/key/key/key.core/../key.ui/examples/heap/permissions/threads/AFilter_AFilter.key 
40298      INFO  main            d.u.i.k.p.i.AbstractProblemLoader Loading environment from /home/runner/work/key/key/key.core/../key.ui/examples/heap/permissions/threads/AFilter_AFilter.key 
40298      DEBUG main            d.u.i.k.p.i.AbstractProblemLoader Environment load took 205.3ns 
40299      INFO  main            d.u.i.k.p.i.AbstractProblemLoader Creating init config 
40416      DEBUG main            d.u.i.k.j.TypeConverter   No LDT found for Meta 
40417      DEBUG main            d.u.i.k.j.TypeConverter   No LDT found for Meta 
40417      DEBUG main            d.u.i.k.j.TypeConverter   No LDT found for Meta 
40418      DEBUG main            d.u.i.k.j.TypeConverter   No LDT found for Meta 
41048      DEBUG main            d.u.i.k.j.TypeConverter   No LDT found for JavaBigintExpression 
46257      DEBUG main            d.u.i.k.p.i.AbstractProblemLoader Init config took 5.96s 
46384      INFO  main            d.u.i.k.p.i.AbstractProblemLoader Replaying proof AFilter[AFilter::AFilter(Sampler,Buffer)].JML normal_behavior operation contract.0 
46386      DEBUG main            d.u.i.k.p.i.IntermediateProofReplayer Proof replay took 7.4ns 
47490      INFO  main            d.u.i.k.p.r.p.TestFile    ... finished proof: closed. 
47834      INFO  main            d.u.i.k.p.i.AbstractProblemLoader Loading environment from /home/runner/work/key/key/key.core/../key.ui/examples/heap/permissions/threads/AFilter_AFilter.key.proof 
47836      DEBUG main            d.u.i.k.p.i.AbstractProblemLoader Environment load took 2.11ms 
47838      INFO  main            d.u.i.k.p.i.AbstractProblemLoader Creating init config 
52464      DEBUG main            d.u.i.k.p.i.AbstractProblemLoader Init config took 4.63s 
52570      INFO  main            d.u.i.k.p.i.AbstractProblemLoader Replaying proof AFilter[AFilter::AFilter(Sampler,Buffer)].JML normal_behavior operation contract.0 
52693      DEBUG main            d.u.i.k.p.i.IntermediateProofReplayer Proof replay took 118.37ms 
52695      DEBUG main            d.u.i.k.p.r.p.TestFile    ... success: reloaded. 
52696      INFO  main            d.u.i.k.p.r.p.TestFile    Now processing file /home/runner/work/key/key/key.core/../key.ui/examples/heap/permissions/threads/AFilter_initPost_accessible.key 
52697      INFO  main            d.u.i.k.p.i.AbstractProblemLoader Loading environment from /home/runner/work/key/key/key.core/../key.ui/examples/heap/permissions/threads/AFilter_initPost_accessible.key 
52697      DEBUG main            d.u.i.k.p.i.AbstractProblemLoader Environment load took 184.1ns 
52698      INFO  main            d.u.i.k.p.i.AbstractProblemLoader Creating init config 
57368      DEBUG main            d.u.i.k.p.i.AbstractProblemLoader Init config took 4.67s 
57486      INFO  main            d.u.i.k.p.i.AbstractProblemLoader Replaying proof AFilter[ThreadSpec2::initPost()].JML accessible clause.0 
57488      DEBUG main            d.u.i.k.p.i.IntermediateProofReplayer Proof replay took 8.1ns 
57591      INFO  main            d.u.i.k.p.r.p.TestFile    ... finished proof: closed. 
57887      INFO  main            d.u.i.k.p.i.AbstractProblemLoader Loading environment from /home/runner/work/key/key/key.core/../key.ui/examples/heap/permissions/threads/AFilter_initPost_accessible.key.proof 
57887      DEBUG main            d.u.i.k.p.i.AbstractProblemLoader Environment load took 129.9ns 
57888      INFO  main            d.u.i.k.p.i.AbstractProblemLoader Creating init config 
62482      DEBUG main            d.u.i.k.p.i.AbstractProblemLoader Init config took 4.59s 
62584      INFO  main            d.u.i.k.p.i.AbstractProblemLoader Replaying proof AFilter[ThreadSpec2::initPost()].JML accessible clause.0 
62600      DEBUG main            d.u.i.k.p.i.IntermediateProofReplayer Proof replay took 12.42ms 
62601      DEBUG main            d.u.i.k.p.r.p.TestFile    ... success: reloaded. 
62602      INFO  main            d.u.i.k.p.r.p.TestFile    Now processing file /home/runner/work/key/key/key.core/../key.ui/examples/heap/permissions/threads/AFilter_inv_accessible1.key 
62603      INFO  main            d.u.i.k.p.i.AbstractProblemLoader Loading environment from /home/runner/work/key/key/key.core/../key.ui/examples/heap/permissions/threads/AFilter_inv_accessible1.key 
62603      DEBUG main            d.u.i.k.p.i.AbstractProblemLoader Environment load took 452.8ns 
62604      INFO  main            d.u.i.k.p.i.AbstractProblemLoader Creating init config 
67183      DEBUG main            d.u.i.k.p.i.AbstractProblemLoader Init config took 4.58s 
67285      INFO  main            d.u.i.k.p.i.AbstractProblemLoader Replaying proof AFilter[java.lang.Object::<inv>()].JML accessible clause.0 
67287      DEBUG main            d.u.i.k.p.i.IntermediateProofReplayer Proof replay took 8.2ns 
67390      INFO  main            d.u.i.k.p.r.p.TestFile    ... finished proof: closed. 
67611      INFO  main            d.u.i.k.p.i.AbstractProblemLoader Loading environment from /home/runner/work/key/key/key.core/../key.ui/examples/heap/permissions/threads/AFilter_inv_accessible1.key.proof 
67611      DEBUG main            d.u.i.k.p.i.AbstractProblemLoader Environment load took 145.1ns 
67612      INFO  main            d.u.i.k.p.i.AbstractProblemLoader Creating init config 
72153      DEBUG main            d.u.i.k.p.i.AbstractProblemLoader Init config took 4.54s 
72247      INFO  main            d.u.i.k.p.i.AbstractProblemLoader Replaying proof AFilter[java.lang.Object::<inv>()].JML accessible clause.0 
72252      DEBUG main            d.u.i.k.p.i.IntermediateProofReplayer Proof replay took 3.05ms 
72254      DEBUG main            d.u.i.k.p.r.p.TestFile    ... success: reloaded. 
72255      INFO  main            d.u.i.k.p.r.p.TestFile    Now processing file /home/runner/work/key/key/key.core/../key.ui/examples/heap/permissions/threads/AFilter_inv_accessible2.key 
72256      INFO  main            d.u.i.k.p.i.AbstractProblemLoader Loading environment from /home/runner/work/key/key/key.core/../key.ui/examples/heap/permissions/threads/AFilter_inv_accessible2.key 
72256      DEBUG main            d.u.i.k.p.i.AbstractProblemLoader Environment load took 197.4ns 
72257      INFO  main            d.u.i.k.p.i.AbstractProblemLoader Creating init config 
76822      DEBUG main            d.u.i.k.p.i.AbstractProblemLoader Init config took 4.57s 
76912      INFO  main            d.u.i.k.p.i.AbstractProblemLoader Replaying proof AFilter[java.lang.Object::<inv>()].JML accessible clause.1 
76914      DEBUG main            d.u.i.k.p.i.IntermediateProofReplayer Proof replay took 7.7ns 
77016      INFO  main            d.u.i.k.p.r.p.TestFile    ... finished proof: closed. 
77232      INFO  main            d.u.i.k.p.i.AbstractProblemLoader Loading environment from /home/runner/work/key/key/key.core/../key.ui/examples/heap/permissions/threads/AFilter_inv_accessible2.key.proof 
77232      DEBUG main            d.u.i.k.p.i.AbstractProblemLoader Environment load took 124.5ns 
77233      INFO  main            d.u.i.k.p.i.AbstractProblemLoader Creating init config 
81670      DEBUG main            d.u.i.k.p.i.AbstractProblemLoader Init config took 4.44s 
81763      INFO  main            d.u.i.k.p.i.AbstractProblemLoader Replaying proof AFilter[java.lang.Object::<inv>()].JML accessible clause.1 
81767      DEBUG main            d.u.i.k.p.i.IntermediateProofReplayer Proof replay took 1.87ms 
81767      DEBUG main            d.u.i.k.p.r.p.TestFile    ... success: reloaded. 
81769      INFO  main            d.u.i.k.p.r.p.TestFile    Now processing file /home/runner/work/key/key/key.core/../key.ui/examples/heap/permissions/threads/AFilter_joinTransfer_accessible.key 
81769      INFO  main            d.u.i.k.p.i.AbstractProblemLoader Loading environment from /home/runner/work/key/key/key.core/../key.ui/examples/heap/permissions/threads/AFilter_joinTransfer_accessible.key 
81769      DEBUG main            d.u.i.k.p.i.AbstractProblemLoader Environment load took 157.3ns 
81770      INFO  main            d.u.i.k.p.i.AbstractProblemLoader Creating init config 
86246      DEBUG main            d.u.i.k.p.i.AbstractProblemLoader Init config took 4.48s 
86329      INFO  main            d.u.i.k.p.i.AbstractProblemLoader Replaying proof AFilter[ThreadSpec2::joinTransfer()].JML accessible clause.0 
86331      DEBUG main            d.u.i.k.p.i.IntermediateProofReplayer Proof replay took 6.9ns 
89840      INFO  main            d.u.i.k.p.r.p.TestFile    ... finished proof: closed. 
90084      INFO  main            d.u.i.k.p.i.AbstractProblemLoader Loading environment from /home/runner/work/key/key/key.core/../key.ui/examples/heap/permissions/threads/AFilter_joinTransfer_accessible.key.proof 
90085      DEBUG main            d.u.i.k.p.i.AbstractProblemLoader Environment load took 347.2ns 
90086      INFO  main            d.u.i.k.p.i.AbstractProblemLoader Creating init config 
94529      DEBUG main            d.u.i.k.p.i.AbstractProblemLoader Init config took 4.44s 
94608      INFO  main            d.u.i.k.p.i.AbstractProblemLoader Replaying proof AFilter[ThreadSpec2::joinTransfer()].JML accessible clause.0 
94858      DEBUG main            d.u.i.k.p.i.IntermediateProofReplayer Proof replay took 240.38ms 
94860      DEBUG main            d.u.i.k.p.r.p.TestFile    ... success: reloaded. 
94862      INFO  main            d.u.i.k.p.r.p.TestFile    Now processing file /home/runner/work/key/key/key.core/../key.ui/examples/heap/permissions/threads/AFilter_joinTransfer_contract.key 
94862      INFO  main            d.u.i.k.p.i.AbstractProblemLoader Loading environment from /home/runner/work/key/key/key.core/../key.ui/examples/heap/permissions/threads/AFilter_joinTransfer_contract.key 
94862      DEBUG main            d.u.i.k.p.i.AbstractProblemLoader Environment load took 174.9ns 
94863      INFO  main            d.u.i.k.p.i.AbstractProblemLoader Creating init config 
99317      DEBUG main            d.u.i.k.p.i.AbstractProblemLoader Init config took 4.45s 
99397      INFO  main            d.u.i.k.p.i.AbstractProblemLoader Replaying proof AFilter[ThreadSpec2::joinTransfer()].JML model_behavior operation contract.0 
99399      DEBUG main            d.u.i.k.p.i.IntermediateProofReplayer Proof replay took 6.9ns 
99506      INFO  main            d.u.i.k.p.r.p.TestFile    ... finished proof: closed. 
99743      INFO  main            d.u.i.k.p.i.AbstractProblemLoader Loading environment from /home/runner/work/key/key/key.core/../key.ui/examples/heap/permissions/threads/AFilter_joinTransfer_contract.key.proof 
99743      DEBUG main            d.u.i.k.p.i.AbstractProblemLoader Environment load took 132.3ns 
99744      INFO  main            d.u.i.k.p.i.AbstractProblemLoader Creating init config 
104186     DEBUG main            d.u.i.k.p.i.AbstractProblemLoader Init config took 4.44s 
104264     INFO  main            d.u.i.k.p.i.AbstractProblemLoader Replaying proof AFilter[ThreadSpec2::joinTransfer()].JML model_behavior operation contract.0 
104274     DEBUG main            d.u.i.k.p.i.IntermediateProofReplayer Proof replay took 7.54ms 
104274     DEBUG main            d.u.i.k.p.r.p.TestFile    ... success: reloaded. 
104276     INFO  main            d.u.i.k.p.r.p.TestFile    Now processing file /home/runner/work/key/key/key.core/../key.ui/examples/heap/permissions/threads/AFilter_postJoin_accessible.key 
104276     INFO  main            d.u.i.k.p.i.AbstractProblemLoader Loading environment from /home/runner/work/key/key/key.core/../key.ui/examples/heap/permissions/threads/AFilter_postJoin_accessible.key 
104276     DEBUG main            d.u.i.k.p.i.AbstractProblemLoader Environment load took 87.1ns 
104277     INFO  main            d.u.i.k.p.i.AbstractProblemLoader Creating init config 
108789     DEBUG main            d.u.i.k.p.i.AbstractProblemLoader Init config took 4.51s 
108867     INFO  main            d.u.i.k.p.i.AbstractProblemLoader Replaying proof AFilter[ThreadSpec2::postJoin(java.lang.Object)].JML accessible clause.0 
108869     DEBUG main            d.u.i.k.p.i.IntermediateProofReplayer Proof replay took 8.1ns 
108973     INFO  main            d.u.i.k.p.r.p.TestFile    ... finished proof: closed. 
109212     INFO  main            d.u.i.k.p.i.AbstractProblemLoader Loading environment from /home/runner/work/key/key/key.core/../key.ui/examples/heap/permissions/threads/AFilter_postJoin_accessible.key.proof 
109212     DEBUG main            d.u.i.k.p.i.AbstractProblemLoader Environment load took 301.6ns 
109213     INFO  main            d.u.i.k.p.i.AbstractProblemLoader Creating init config 
113637     DEBUG main            d.u.i.k.p.i.AbstractProblemLoader Init config took 4.42s 
113718     INFO  main            d.u.i.k.p.i.AbstractProblemLoader Replaying proof AFilter[ThreadSpec2::postJoin(java.lang.Object)].JML accessible clause.0 
113730     DEBUG main            d.u.i.k.p.i.IntermediateProofReplayer Proof replay took 5.83ms 
113731     DEBUG main            d.u.i.k.p.r.p.TestFile    ... success: reloaded. 
113733     INFO  main            d.u.i.k.p.r.p.TestFile    Now processing file /home/runner/work/key/key/key.core/../key.ui/examples/heap/permissions/threads/AFilter_preStart_accessible.key 
113733     INFO  main            d.u.i.k.p.i.AbstractProblemLoader Loading environment from /home/runner/work/key/key/key.core/../key.ui/examples/heap/permissions/threads/AFilter_preStart_accessible.key 
113733     DEBUG main            d.u.i.k.p.i.AbstractProblemLoader Environment load took 167.4ns 
113737     INFO  main            d.u.i.k.p.i.AbstractProblemLoader Creating init config 
118252     DEBUG main            d.u.i.k.p.i.AbstractProblemLoader Init config took 4.52s 
118348     INFO  main            d.u.i.k.p.i.AbstractProblemLoader Replaying proof AFilter[ThreadSpec2::preStart(java.lang.Object)].JML accessible clause.0 
118350     DEBUG main            d.u.i.k.p.i.IntermediateProofReplayer Proof replay took 8ns 
118653     INFO  main            d.u.i.k.p.r.p.TestFile    ... finished proof: closed. 
118900     INFO  main            d.u.i.k.p.i.AbstractProblemLoader Loading environment from /home/runner/work/key/key/key.core/../key.ui/examples/heap/permissions/threads/AFilter_preStart_accessible.key.proof 
118900     DEBUG main            d.u.i.k.p.i.AbstractProblemLoader Environment load took 120.7ns 
118901     INFO  main            d.u.i.k.p.i.AbstractProblemLoader Creating init config 
123363     DEBUG main            d.u.i.k.p.i.AbstractProblemLoader Init config took 4.46s 
123440     INFO  main            d.u.i.k.p.i.AbstractProblemLoader Replaying proof AFilter[ThreadSpec2::preStart(java.lang.Object)].JML accessible clause.0 
123467     DEBUG main            d.u.i.k.p.i.IntermediateProofReplayer Proof replay took 23.79ms 
123468     DEBUG main            d.u.i.k.p.r.p.TestFile    ... success: reloaded. 
123469     INFO  main            d.u.i.k.p.r.p.TestFile    Now processing file /home/runner/work/key/key/key.core/../key.ui/examples/heap/permissions/threads/AFilter_startTransfer_accessible.key 
123469     INFO  main            d.u.i.k.p.i.AbstractProblemLoader Loading environment from /home/runner/work/key/key/key.core/../key.ui/examples/heap/permissions/threads/AFilter_startTransfer_accessible.key 
123469     DEBUG main            d.u.i.k.p.i.AbstractProblemLoader Environment load took 89.4ns 
123470     INFO  main            d.u.i.k.p.i.AbstractProblemLoader Creating init config 
127969     DEBUG main            d.u.i.k.p.i.AbstractProblemLoader Init config took 4.5s 
128046     INFO  main            d.u.i.k.p.i.AbstractProblemLoader Replaying proof AFilter[ThreadSpec2::startTransfer()].JML accessible clause.0 
128048     DEBUG main            d.u.i.k.p.i.IntermediateProofReplayer Proof replay took 8.4ns 
134460     INFO  main            d.u.i.k.p.r.p.TestFile    ... finished proof: closed. 
134732     INFO  main            d.u.i.k.p.i.AbstractProblemLoader Loading environment from /home/runner/work/key/key/key.core/../key.ui/examples/heap/permissions/threads/AFilter_startTransfer_accessible.key.proof 
134732     DEBUG main            d.u.i.k.p.i.AbstractProblemLoader Environment load took 354.7ns 
134734     INFO  main            d.u.i.k.p.i.AbstractProblemLoader Creating init config 
139123     DEBUG main            d.u.i.k.p.i.AbstractProblemLoader Init config took 4.39s 
139212     INFO  main            d.u.i.k.p.i.AbstractProblemLoader Replaying proof AFilter[ThreadSpec2::startTransfer()].JML accessible clause.0 
139543     DEBUG main            d.u.i.k.p.i.IntermediateProofReplayer Proof replay took 316.84ms 
139544     DEBUG main            d.u.i.k.p.r.p.TestFile    ... success: reloaded. 
139545     INFO  main            d.u.i.k.p.r.p.TestFile    Now processing file /home/runner/work/key/key/key.core/../key.ui/examples/heap/permissions/threads/AFilter_startTransfer_contract.key 
139545     INFO  main            d.u.i.k.p.i.AbstractProblemLoader Loading environment from /home/runner/work/key/key/key.core/../key.ui/examples/heap/permissions/threads/AFilter_startTransfer_contract.key 
139545     DEBUG main            d.u.i.k.p.i.AbstractProblemLoader Environment load took 61ns 
139546     INFO  main            d.u.i.k.p.i.AbstractProblemLoader Creating init config 
144032     DEBUG main            d.u.i.k.p.i.AbstractProblemLoader Init config took 4.49s 
144125     INFO  main            d.u.i.k.p.i.AbstractProblemLoader Replaying proof AFilter[ThreadSpec2::startTransfer()].JML model_behavior operation contract.0 
144127     DEBUG main            d.u.i.k.p.i.IntermediateProofReplayer Proof replay took 7.6ns 
144532     INFO  main            d.u.i.k.p.r.p.TestFile    ... finished proof: closed. 
144797     INFO  main            d.u.i.k.p.i.AbstractProblemLoader Loading environment from /home/runner/work/key/key/key.core/../key.ui/examples/heap/permissions/threads/AFilter_startTransfer_contract.key.proof 
144798     DEBUG main            d.u.i.k.p.i.AbstractProblemLoader Environment load took 815.11ns 
144799     INFO  main            d.u.i.k.p.i.AbstractProblemLoader Creating init config 
149214     DEBUG main            d.u.i.k.p.i.AbstractProblemLoader Init config took 4.41s 
149291     INFO  main            d.u.i.k.p.i.AbstractProblemLoader Replaying proof AFilter[ThreadSpec2::startTransfer()].JML model_behavior operation contract.0 
149335     DEBUG main            d.u.i.k.p.i.IntermediateProofReplayer Proof replay took 39.96ms 
149336     DEBUG main            d.u.i.k.p.r.p.TestFile    ... success: reloaded. 
149337     INFO  main            d.u.i.k.p.r.p.TestFile    Now processing file /home/runner/work/key/key/key.core/../key.ui/examples/heap/permissions/threads/AFilter_stateInv_accessible.key 
149338     INFO  main            d.u.i.k.p.i.AbstractProblemLoader Loading environment from /home/runner/work/key/key/key.core/../key.ui/examples/heap/permissions/threads/AFilter_stateInv_accessible.key 
149338     DEBUG main            d.u.i.k.p.i.AbstractProblemLoader Environment load took 189.8ns 
149339     INFO  main            d.u.i.k.p.i.AbstractProblemLoader Creating init config 
153833     DEBUG main            d.u.i.k.p.i.AbstractProblemLoader Init config took 4.49s 
153912     INFO  main            d.u.i.k.p.i.AbstractProblemLoader Replaying proof AFilter[ThreadSpec2::stateInv()].JML accessible clause.0 
153913     DEBUG main            d.u.i.k.p.i.IntermediateProofReplayer Proof replay took 7.8ns 
154216     INFO  main            d.u.i.k.p.r.p.TestFile    ... finished proof: closed. 
154486     INFO  main            d.u.i.k.p.i.AbstractProblemLoader Loading environment from /home/runner/work/key/key/key.core/../key.ui/examples/heap/permissions/threads/AFilter_stateInv_accessible.key.proof 
154487     DEBUG main            d.u.i.k.p.i.AbstractProblemLoader Environment load took 143ns 
154488     INFO  main            d.u.i.k.p.i.AbstractProblemLoader Creating init config 
158888     DEBUG main            d.u.i.k.p.i.AbstractProblemLoader Init config took 4.4s 
158965     INFO  main            d.u.i.k.p.i.AbstractProblemLoader Replaying proof AFilter[ThreadSpec2::stateInv()].JML accessible clause.0 
158995     DEBUG main            d.u.i.k.p.i.IntermediateProofReplayer Proof replay took 26.81ms 
158997     DEBUG main            d.u.i.k.p.r.p.TestFile    ... success: reloaded. 
158998     INFO  main            d.u.i.k.p.r.p.TestFile    Now processing file /home/runner/work/key/key/key.core/../key.ui/examples/heap/permissions/threads/AFilter_staticPermissions_accessible.key 
158998     INFO  main            d.u.i.k.p.i.AbstractProblemLoader Loading environment from /home/runner/work/key/key/key.core/../key.ui/examples/heap/permissions/threads/AFilter_staticPermissions_accessible.key 
158998     DEBUG main            d.u.i.k.p.i.AbstractProblemLoader Environment load took 181.9ns 
158999     INFO  main            d.u.i.k.p.i.AbstractProblemLoader Creating init config 
163513     DEBUG main            d.u.i.k.p.i.AbstractProblemLoader Init config took 4.51s 
163589     INFO  main            d.u.i.k.p.i.AbstractProblemLoader Replaying proof AFilter[ThreadSpec2::staticPermissions()].JML accessible clause.0 
163590     DEBUG main            d.u.i.k.p.i.IntermediateProofReplayer Proof replay took 7.5ns 
163693     INFO  main            d.u.i.k.p.r.p.TestFile    ... finished proof: closed. 
163982     INFO  main            d.u.i.k.p.i.AbstractProblemLoader Loading environment from /home/runner/work/key/key/key.core/../key.ui/examples/heap/permissions/threads/AFilter_staticPermissions_accessible.key.proof 
163982     DEBUG main            d.u.i.k.p.i.AbstractProblemLoader Environment load took 124.6ns 
163983     INFO  main            d.u.i.k.p.i.AbstractProblemLoader Creating init config 
168392     DEBUG main            d.u.i.k.p.i.AbstractProblemLoader Init config took 4.41s 
168470     INFO  main            d.u.i.k.p.i.AbstractProblemLoader Replaying proof AFilter[ThreadSpec2::staticPermissions()].JML accessible clause.0 
168480     DEBUG main            d.u.i.k.p.i.IntermediateProofReplayer Proof replay took 8.17ms 
168481     DEBUG main            d.u.i.k.p.r.p.TestFile    ... success: reloaded. 
168482     INFO  main            d.u.i.k.p.r.p.TestFile    Now processing file /home/runner/work/key/key/key.core/../key.ui/examples/heap/permissions/threads/AFilter_workingPermissions_accessible.key 
168482     INFO  main            d.u.i.k.p.i.AbstractProblemLoader Loading environment from /home/runner/work/key/key/key.core/../key.ui/examples/heap/permissions/threads/AFilter_workingPermissions_accessible.key 
168482     DEBUG main            d.u.i.k.p.i.AbstractProblemLoader Environment load took 83.2ns 
168483     INFO  main            d.u.i.k.p.i.AbstractProblemLoader Creating init config 
172984     DEBUG main            d.u.i.k.p.i.AbstractProblemLoader Init config took 4.5s 
173059     INFO  main            d.u.i.k.p.i.AbstractProblemLoader Replaying proof AFilter[ThreadSpec2::workingPermissions()].JML accessible clause.0 
173061     DEBUG main            d.u.i.k.p.i.IntermediateProofReplayer Proof replay took 7.6ns 
173163     INFO  main            d.u.i.k.p.r.p.TestFile    ... finished proof: closed. 
173437     INFO  main            d.u.i.k.p.i.AbstractProblemLoader Loading environment from /home/runner/work/key/key/key.core/../key.ui/examples/heap/permissions/threads/AFilter_workingPermissions_accessible.key.proof 
173437     DEBUG main            d.u.i.k.p.i.AbstractProblemLoader Environment load took 112.4ns 
173438     INFO  main            d.u.i.k.p.i.AbstractProblemLoader Creating init config 
177865     DEBUG main            d.u.i.k.p.i.AbstractProblemLoader Init config took 4.43s 
177940     INFO  main            d.u.i.k.p.i.AbstractProblemLoader Replaying proof AFilter[ThreadSpec2::workingPermissions()].JML accessible clause.0 
177949     DEBUG main            d.u.i.k.p.i.IntermediateProofReplayer Proof replay took 6.71ms 
177950     DEBUG main            d.u.i.k.p.r.p.TestFile    ... success: reloaded. 
177951     INFO  main            d.u.i.k.p.r.p.TestFile    Now processing file /home/runner/work/key/key/key.core/../key.ui/examples/heap/permissions/threads/BFilter_BFilter.key 
177951     INFO  main            d.u.i.k.p.i.AbstractProblemLoader Loading environment from /home/runner/work/key/key/key.core/../key.ui/examples/heap/permissions/threads/BFilter_BFilter.key 
177951     DEBUG main            d.u.i.k.p.i.AbstractProblemLoader Environment load took 74.8ns 
177952     INFO  main            d.u.i.k.p.i.AbstractProblemLoader Creating init config 
182425     DEBUG main            d.u.i.k.p.i.AbstractProblemLoader Init config took 4.47s 
182526     INFO  main            d.u.i.k.p.i.AbstractProblemLoader Replaying proof BFilter[BFilter::BFilter(Sampler,Buffer)].JML normal_behavior operation contract.0 
182528     DEBUG main            d.u.i.k.p.i.IntermediateProofReplayer Proof replay took 6.9ns 
183532     INFO  main            d.u.i.k.p.r.p.TestFile    ... finished proof: closed. 
183824     INFO  main            d.u.i.k.p.i.AbstractProblemLoader Loading environment from /home/runner/work/key/key/key.core/../key.ui/examples/heap/permissions/threads/BFilter_BFilter.key.proof 
183825     DEBUG main            d.u.i.k.p.i.AbstractProblemLoader Environment load took 345.9ns 
183826     INFO  main            d.u.i.k.p.i.AbstractProblemLoader Creating init config 
188212     DEBUG main            d.u.i.k.p.i.AbstractProblemLoader Init config took 4.39s 
188289     INFO  main            d.u.i.k.p.i.AbstractProblemLoader Replaying proof BFilter[BFilter::BFilter(Sampler,Buffer)].JML normal_behavior operation contract.0 
188395     DEBUG main            d.u.i.k.p.i.IntermediateProofReplayer Proof replay took 101.65ms 
188396     DEBUG main            d.u.i.k.p.r.p.TestFile    ... success: reloaded. 
188397     INFO  main            d.u.i.k.p.r.p.TestFile    Now processing file /home/runner/work/key/key/key.core/../key.ui/examples/heap/permissions/threads/BFilter_initPost_accessible.key 
188397     INFO  main            d.u.i.k.p.i.AbstractProblemLoader Loading environment from /home/runner/work/key/key/key.core/../key.ui/examples/heap/permissions/threads/BFilter_initPost_accessible.key 
188398     DEBUG main            d.u.i.k.p.i.AbstractProblemLoader Environment load took 120.9ns 
188398     INFO  main            d.u.i.k.p.i.AbstractProblemLoader Creating init config 
192877     DEBUG main            d.u.i.k.p.i.AbstractProblemLoader Init config took 4.48s 
192952     INFO  main            d.u.i.k.p.i.AbstractProblemLoader Replaying proof BFilter[ThreadSpec2::initPost()].JML accessible clause.0 
192954     DEBUG main            d.u.i.k.p.i.IntermediateProofReplayer Proof replay took 7.3ns 
193056     INFO  main            d.u.i.k.p.r.p.TestFile    ... finished proof: closed. 
193384     INFO  main            d.u.i.k.p.i.AbstractProblemLoader Loading environment from /home/runner/work/key/key/key.core/../key.ui/examples/heap/permissions/threads/BFilter_initPost_accessible.key.proof 
193384     DEBUG main            d.u.i.k.p.i.AbstractProblemLoader Environment load took 122.7ns 
193385     INFO  main            d.u.i.k.p.i.AbstractProblemLoader Creating init config 
197761     DEBUG main            d.u.i.k.p.i.AbstractProblemLoader Init config took 4.38s 
197837     INFO  main            d.u.i.k.p.i.AbstractProblemLoader Replaying proof BFilter[ThreadSpec2::initPost()].JML accessible clause.0 
197846     DEBUG main            d.u.i.k.p.i.IntermediateProofReplayer Proof replay took 7.91ms 
197847     DEBUG main            d.u.i.k.p.r.p.TestFile    ... success: reloaded. 
197848     INFO  main            d.u.i.k.p.r.p.TestFile    Now processing file /home/runner/work/key/key/key.core/../key.ui/examples/heap/permissions/threads/BFilter_inv_accessible1.key 
197848     INFO  main            d.u.i.k.p.i.AbstractProblemLoader Loading environment from /home/runner/work/key/key/key.core/../key.ui/examples/heap/permissions/threads/BFilter_inv_accessible1.key 
197849     DEBUG main            d.u.i.k.p.i.AbstractProblemLoader Environment load took 109.2ns 
197849     INFO  main            d.u.i.k.p.i.AbstractProblemLoader Creating init config 
202302     DEBUG main            d.u.i.k.p.i.AbstractProblemLoader Init config took 4.45s 
202378     INFO  main            d.u.i.k.p.i.AbstractProblemLoader Replaying proof BFilter[java.lang.Object::<inv>()].JML accessible clause.0 
202379     DEBUG main            d.u.i.k.p.i.IntermediateProofReplayer Proof replay took 8.6ns 
202481     INFO  main            d.u.i.k.p.r.p.TestFile    ... finished proof: closed. 
202772     INFO  main            d.u.i.k.p.i.AbstractProblemLoader Loading environment from /home/runner/work/key/key/key.core/../key.ui/examples/heap/permissions/threads/BFilter_inv_accessible1.key.proof 
202772     DEBUG main            d.u.i.k.p.i.AbstractProblemLoader Environment load took 112.6ns 
202773     INFO  main            d.u.i.k.p.i.AbstractProblemLoader Creating init config 
207140     DEBUG main            d.u.i.k.p.i.AbstractProblemLoader Init config took 4.37s 
207219     INFO  main            d.u.i.k.p.i.AbstractProblemLoader Replaying proof BFilter[java.lang.Object::<inv>()].JML accessible clause.0 
207222     DEBUG main            d.u.i.k.p.i.IntermediateProofReplayer Proof replay took 1.43ms 
207222     DEBUG main            d.u.i.k.p.r.p.TestFile    ... success: reloaded. 
207223     INFO  main            d.u.i.k.p.r.p.TestFile    Now processing file /home/runner/work/key/key/key.core/../key.ui/examples/heap/permissions/threads/BFilter_inv_accessible2.key 
207224     INFO  main            d.u.i.k.p.i.AbstractProblemLoader Loading environment from /home/runner/work/key/key/key.core/../key.ui/examples/heap/permissions/threads/BFilter_inv_accessible2.key 
207224     DEBUG main            d.u.i.k.p.i.AbstractProblemLoader Environment load took 80.8ns 
207225     INFO  main            d.u.i.k.p.i.AbstractProblemLoader Creating init config 
211680     DEBUG main            d.u.i.k.p.i.AbstractProblemLoader Init config took 4.46s 
211769     INFO  main            d.u.i.k.p.i.AbstractProblemLoader Replaying proof BFilter[java.lang.Object::<inv>()].JML accessible clause.1 
211771     DEBUG main            d.u.i.k.p.i.IntermediateProofReplayer Proof replay took 7.1ns 
211876     INFO  main            d.u.i.k.p.r.p.TestFile    ... finished proof: closed. 
212180     INFO  main            d.u.i.k.p.i.AbstractProblemLoader Loading environment from /home/runner/work/key/key/key.core/../key.ui/examples/heap/permissions/threads/BFilter_inv_accessible2.key.proof 
212180     DEBUG main            d.u.i.k.p.i.AbstractProblemLoader Environment load took 108ns 
212181     INFO  main            d.u.i.k.p.i.AbstractProblemLoader Creating init config 
216594     DEBUG main            d.u.i.k.p.i.AbstractProblemLoader Init config took 4.41s 
216669     INFO  main            d.u.i.k.p.i.AbstractProblemLoader Replaying proof BFilter[java.lang.Object::<inv>()].JML accessible clause.1 
216672     DEBUG main            d.u.i.k.p.i.IntermediateProofReplayer Proof replay took 1.44ms 
216673     DEBUG main            d.u.i.k.p.r.p.TestFile    ... success: reloaded. 
216673     INFO  main            d.u.i.k.p.r.p.TestFile    Now processing file /home/runner/work/key/key/key.core/../key.ui/examples/heap/permissions/threads/BFilter_joinTransfer_accessible.key 
216674     INFO  main            d.u.i.k.p.i.AbstractProblemLoader Loading environment from /home/runner/work/key/key/key.core/../key.ui/examples/heap/permissions/threads/BFilter_joinTransfer_accessible.key 
216674     DEBUG main            d.u.i.k.p.i.AbstractProblemLoader Environment load took 71.8ns 
216674     INFO  main            d.u.i.k.p.i.AbstractProblemLoader Creating init config 
221078     DEBUG main            d.u.i.k.p.i.AbstractProblemLoader Init config took 4.4s 
221170     INFO  main            d.u.i.k.p.i.AbstractProblemLoader Replaying proof BFilter[ThreadSpec2::joinTransfer()].JML accessible clause.0 
221171     DEBUG main            d.u.i.k.p.i.IntermediateProofReplayer Proof replay took 7.7ns 
224478     INFO  main            d.u.i.k.p.r.p.TestFile    ... finished proof: closed. 
224818     INFO  main            d.u.i.k.p.i.AbstractProblemLoader Loading environment from /home/runner/work/key/key/key.core/../key.ui/examples/heap/permissions/threads/BFilter_joinTransfer_accessible.key.proof 
224818     DEBUG main            d.u.i.k.p.i.AbstractProblemLoader Environment load took 337ns 
224819     INFO  main            d.u.i.k.p.i.AbstractProblemLoader Creating init config 
229178     DEBUG main            d.u.i.k.p.i.AbstractProblemLoader Init config took 4.36s 
229267     INFO  main            d.u.i.k.p.i.AbstractProblemLoader Replaying proof BFilter[ThreadSpec2::joinTransfer()].JML accessible clause.0 
229482     DEBUG main            d.u.i.k.p.i.IntermediateProofReplayer Proof replay took 206.76ms 
229484     DEBUG main            d.u.i.k.p.r.p.TestFile    ... success: reloaded. 
229485     INFO  main            d.u.i.k.p.r.p.TestFile    Now processing file /home/runner/work/key/key/key.core/../key.ui/examples/heap/permissions/threads/BFilter_joinTransfer_contract.key 
229485     INFO  main            d.u.i.k.p.i.AbstractProblemLoader Loading environment from /home/runner/work/key/key/key.core/../key.ui/examples/heap/permissions/threads/BFilter_joinTransfer_contract.key 
229485     DEBUG main            d.u.i.k.p.i.AbstractProblemLoader Environment load took 169.1ns 
229486     INFO  main            d.u.i.k.p.i.AbstractProblemLoader Creating init config 
233899     DEBUG main            d.u.i.k.p.i.AbstractProblemLoader Init config took 4.41s 
233975     INFO  main            d.u.i.k.p.i.AbstractProblemLoader Replaying proof BFilter[ThreadSpec2::joinTransfer()].JML model_behavior operation contract.0 
233977     DEBUG main            d.u.i.k.p.i.IntermediateProofReplayer Proof replay took 6.8ns 
234081     INFO  main            d.u.i.k.p.r.p.TestFile    ... finished proof: closed. 
234379     INFO  main            d.u.i.k.p.i.AbstractProblemLoader Loading environment from /home/runner/work/key/key/key.core/../key.ui/examples/heap/permissions/threads/BFilter_joinTransfer_contract.key.proof 
234380     DEBUG main            d.u.i.k.p.i.AbstractProblemLoader Environment load took 106.8ns 
234380     INFO  main            d.u.i.k.p.i.AbstractProblemLoader Creating init config 
238741     DEBUG main            d.u.i.k.p.i.AbstractProblemLoader Init config took 4.36s 
238816     INFO  main            d.u.i.k.p.i.AbstractProblemLoader Replaying proof BFilter[ThreadSpec2::joinTransfer()].JML model_behavior operation contract.0 
238824     DEBUG main            d.u.i.k.p.i.IntermediateProofReplayer Proof replay took 6.36ms 
238825     DEBUG main            d.u.i.k.p.r.p.TestFile    ... success: reloaded. 
238826     INFO  main            d.u.i.k.p.r.p.TestFile    Now processing file /home/runner/work/key/key/key.core/../key.ui/examples/heap/permissions/threads/BFilter_postJoin_accessible.key 
238826     INFO  main            d.u.i.k.p.i.AbstractProblemLoader Loading environment from /home/runner/work/key/key/key.core/../key.ui/examples/heap/permissions/threads/BFilter_postJoin_accessible.key 
238826     DEBUG main            d.u.i.k.p.i.AbstractProblemLoader Environment load took 102.3ns 
238827     INFO  main            d.u.i.k.p.i.AbstractProblemLoader Creating init config 
243277     DEBUG main            d.u.i.k.p.i.AbstractProblemLoader Init config took 4.45s 
243352     INFO  main            d.u.i.k.p.i.AbstractProblemLoader Replaying proof BFilter[ThreadSpec2::postJoin(java.lang.Object)].JML accessible clause.0 
243353     DEBUG main            d.u.i.k.p.i.IntermediateProofReplayer Proof replay took 6.7ns 
243457     INFO  main            d.u.i.k.p.r.p.TestFile    ... finished proof: closed. 
243771     INFO  main            d.u.i.k.p.i.AbstractProblemLoader Loading environment from /home/runner/work/key/key/key.core/../key.ui/examples/heap/permissions/threads/BFilter_postJoin_accessible.key.proof 
243772     DEBUG main            d.u.i.k.p.i.AbstractProblemLoader Environment load took 219.8ns 
243773     INFO  main            d.u.i.k.p.i.AbstractProblemLoader Creating init config 
248155     DEBUG main            d.u.i.k.p.i.AbstractProblemLoader Init config took 4.38s 
248233     INFO  main            d.u.i.k.p.i.AbstractProblemLoader Replaying proof BFilter[ThreadSpec2::postJoin(java.lang.Object)].JML accessible clause.0 
248241     DEBUG main            d.u.i.k.p.i.IntermediateProofReplayer Proof replay took 5.71ms 
248242     DEBUG main            d.u.i.k.p.r.p.TestFile    ... success: reloaded. 
248243     INFO  main            d.u.i.k.p.r.p.TestFile    Now processing file /home/runner/work/key/key/key.core/../key.ui/examples/heap/permissions/threads/BFilter_preStart_accessible.key 
248243     INFO  main            d.u.i.k.p.i.AbstractProblemLoader Loading environment from /home/runner/work/key/key/key.core/../key.ui/examples/heap/permissions/threads/BFilter_preStart_accessible.key 
248243     DEBUG main            d.u.i.k.p.i.AbstractProblemLoader Environment load took 173.2ns 
248244     INFO  main            d.u.i.k.p.i.AbstractProblemLoader Creating init config 
252662     DEBUG main            d.u.i.k.p.i.AbstractProblemLoader Init config took 4.42s 
252737     INFO  main            d.u.i.k.p.i.AbstractProblemLoader Replaying proof BFilter[ThreadSpec2::preStart(java.lang.Object)].JML accessible clause.0 
252738     DEBUG main            d.u.i.k.p.i.IntermediateProofReplayer Proof replay took 7.8ns 
253041     INFO  main            d.u.i.k.p.r.p.TestFile    ... finished proof: closed. 
253364     INFO  main            d.u.i.k.p.i.AbstractProblemLoader Loading environment from /home/runner/work/key/key/key.core/../key.ui/examples/heap/permissions/threads/BFilter_preStart_accessible.key.proof 
253364     DEBUG main            d.u.i.k.p.i.AbstractProblemLoader Environment load took 106.9ns 
253365     INFO  main            d.u.i.k.p.i.AbstractProblemLoader Creating init config 
257764     DEBUG main            d.u.i.k.p.i.AbstractProblemLoader Init config took 4.4s 
257838     INFO  main            d.u.i.k.p.i.AbstractProblemLoader Replaying proof BFilter[ThreadSpec2::preStart(java.lang.Object)].JML accessible clause.0 
257860     DEBUG main            d.u.i.k.p.i.IntermediateProofReplayer Proof replay took 19.68ms 
257861     DEBUG main            d.u.i.k.p.r.p.TestFile    ... success: reloaded. 
257862     INFO  main            d.u.i.k.p.r.p.TestFile    Now processing file /home/runner/work/key/key/key.core/../key.ui/examples/heap/permissions/threads/BFilter_startTransfer_accessible.key 
257862     INFO  main            d.u.i.k.p.i.AbstractProblemLoader Loading environment from /home/runner/work/key/key/key.core/../key.ui/examples/heap/permissions/threads/BFilter_startTransfer_accessible.key 
257863     DEBUG main            d.u.i.k.p.i.AbstractProblemLoader Environment load took 49.5ns 
257879     INFO  main            d.u.i.k.p.i.AbstractProblemLoader Creating init config 
262315     DEBUG main            d.u.i.k.p.i.AbstractProblemLoader Init config took 4.44s 
262390     INFO  main            d.u.i.k.p.i.AbstractProblemLoader Replaying proof BFilter[ThreadSpec2::startTransfer()].JML accessible clause.0 
262391     DEBUG main            d.u.i.k.p.i.IntermediateProofReplayer Proof replay took 8.2ns 
268425     INFO  main            d.u.i.k.p.r.p.TestFile    ... finished proof: closed. 
268780     INFO  main            d.u.i.k.p.i.AbstractProblemLoader Loading environment from /home/runner/work/key/key/key.core/../key.ui/examples/heap/permissions/threads/BFilter_startTransfer_accessible.key.proof 
268782     DEBUG main            d.u.i.k.p.i.AbstractProblemLoader Environment load took 330ns 
268784     INFO  main            d.u.i.k.p.i.AbstractProblemLoader Creating init config 
273166     DEBUG main            d.u.i.k.p.i.AbstractProblemLoader Init config took 4.38s 
273243     INFO  main            d.u.i.k.p.i.AbstractProblemLoader Replaying proof BFilter[ThreadSpec2::startTransfer()].JML accessible clause.0 
273565     DEBUG main            d.u.i.k.p.i.IntermediateProofReplayer Proof replay took 309.54ms 
273566     DEBUG main            d.u.i.k.p.r.p.TestFile    ... success: reloaded. 
273567     INFO  main            d.u.i.k.p.r.p.TestFile    Now processing file /home/runner/work/key/key/key.core/../key.ui/examples/heap/permissions/threads/BFilter_startTransfer_contract.key 
273567     INFO  main            d.u.i.k.p.i.AbstractProblemLoader Loading environment from /home/runner/work/key/key/key.core/../key.ui/examples/heap/permissions/threads/BFilter_startTransfer_contract.key 
273567     DEBUG main            d.u.i.k.p.i.AbstractProblemLoader Environment load took 79.9ns 
273568     INFO  main            d.u.i.k.p.i.AbstractProblemLoader Creating init config 
278028     DEBUG main            d.u.i.k.p.i.AbstractProblemLoader Init config took 4.46s 
278103     INFO  main            d.u.i.k.p.i.AbstractProblemLoader Replaying proof BFilter[ThreadSpec2::startTransfer()].JML model_behavior operation contract.0 
278105     DEBUG main            d.u.i.k.p.i.IntermediateProofReplayer Proof replay took 7.4ns 
279315     INFO  main            d.u.i.k.p.r.p.TestFile    ... finished proof: closed. 
279644     INFO  main            d.u.i.k.p.i.AbstractProblemLoader Loading environment from /home/runner/work/key/key/key.core/../key.ui/examples/heap/permissions/threads/BFilter_startTransfer_contract.key.proof 
279645     DEBUG main            d.u.i.k.p.i.AbstractProblemLoader Environment load took 407ns 
279646     INFO  main            d.u.i.k.p.i.AbstractProblemLoader Creating init config 
284029     DEBUG main            d.u.i.k.p.i.AbstractProblemLoader Init config took 4.38s 
284104     INFO  main            d.u.i.k.p.i.AbstractProblemLoader Replaying proof BFilter[ThreadSpec2::startTransfer()].JML model_behavior operation contract.0 
284201     DEBUG main            d.u.i.k.p.i.IntermediateProofReplayer Proof replay took 91.23ms 
284202     DEBUG main            d.u.i.k.p.r.p.TestFile    ... success: reloaded. 
284203     INFO  main            d.u.i.k.p.r.p.TestFile    Now processing file /home/runner/work/key/key/key.core/../key.ui/examples/heap/permissions/threads/BFilter_stateInv_accessible.key 
284203     INFO  main            d.u.i.k.p.i.AbstractProblemLoader Loading environment from /home/runner/work/key/key/key.core/../key.ui/examples/heap/permissions/threads/BFilter_stateInv_accessible.key 
284203     DEBUG main            d.u.i.k.p.i.AbstractProblemLoader Environment load took 72.5ns 
284204     INFO  main            d.u.i.k.p.i.AbstractProblemLoader Creating init config 
288695     DEBUG main            d.u.i.k.p.i.AbstractProblemLoader Init config took 4.49s 
288773     INFO  main            d.u.i.k.p.i.AbstractProblemLoader Replaying proof BFilter[ThreadSpec2::stateInv()].JML accessible clause.0 
288774     DEBUG main            d.u.i.k.p.i.IntermediateProofReplayer Proof replay took 7.8ns 
289077     INFO  main            d.u.i.k.p.r.p.TestFile    ... finished proof: closed. 
289439     INFO  main            d.u.i.k.p.i.AbstractProblemLoader Loading environment from /home/runner/work/key/key/key.core/../key.ui/examples/heap/permissions/threads/BFilter_stateInv_accessible.key.proof 
289439     DEBUG main            d.u.i.k.p.i.AbstractProblemLoader Environment load took 111.7ns 
289440     INFO  main            d.u.i.k.p.i.AbstractProblemLoader Creating init config 
293870     DEBUG main            d.u.i.k.p.i.AbstractProblemLoader Init config took 4.43s 
293944     INFO  main            d.u.i.k.p.i.AbstractProblemLoader Replaying proof BFilter[ThreadSpec2::stateInv()].JML accessible clause.0 
293971     DEBUG main            d.u.i.k.p.i.IntermediateProofReplayer Proof replay took 24.88ms 
293972     DEBUG main            d.u.i.k.p.r.p.TestFile    ... success: reloaded. 
293973     INFO  main            d.u.i.k.p.r.p.TestFile    Now processing file /home/runner/work/key/key/key.core/../key.ui/examples/heap/permissions/threads/BFilter_staticPermissions_accessible.key 
293973     INFO  main            d.u.i.k.p.i.AbstractProblemLoader Loading environment from /home/runner/work/key/key/key.core/../key.ui/examples/heap/permissions/threads/BFilter_staticPermissions_accessible.key 
293973     DEBUG main            d.u.i.k.p.i.AbstractProblemLoader Environment load took 51.6ns 
293974     INFO  main            d.u.i.k.p.i.AbstractProblemLoader Creating init config 
298498     DEBUG main            d.u.i.k.p.i.AbstractProblemLoader Init config took 4.52s 
298574     INFO  main            d.u.i.k.p.i.AbstractProblemLoader Replaying proof BFilter[ThreadSpec2::staticPermissions()].JML accessible clause.0 
298576     DEBUG main            d.u.i.k.p.i.IntermediateProofReplayer Proof replay took 8.6ns 
298681     INFO  main            d.u.i.k.p.r.p.TestFile    ... finished proof: closed. 
299035     INFO  main            d.u.i.k.p.i.AbstractProblemLoader Loading environment from /home/runner/work/key/key/key.core/../key.ui/examples/heap/permissions/threads/BFilter_staticPermissions_accessible.key.proof 
299036     DEBUG main            d.u.i.k.p.i.AbstractProblemLoader Environment load took 145ns 
299037     INFO  main            d.u.i.k.p.i.AbstractProblemLoader Creating init config 
303502     DEBUG main            d.u.i.k.p.i.AbstractProblemLoader Init config took 4.47s 
303578     INFO  main            d.u.i.k.p.i.AbstractProblemLoader Replaying proof BFilter[ThreadSpec2::staticPermissions()].JML accessible clause.0 
303587     DEBUG main            d.u.i.k.p.i.IntermediateProofReplayer Proof replay took 7.54ms 
303588     DEBUG main            d.u.i.k.p.r.p.TestFile    ... success: reloaded. 
303589     INFO  main            d.u.i.k.p.r.p.TestFile    Now processing file /home/runner/work/key/key/key.core/../key.ui/examples/heap/permissions/threads/BFilter_workingPermissions_accessible.key 
303589     INFO  main            d.u.i.k.p.i.AbstractProblemLoader Loading environment from /home/runner/work/key/key/key.core/../key.ui/examples/heap/permissions/threads/BFilter_workingPermissions_accessible.key 
303589     DEBUG main            d.u.i.k.p.i.AbstractProblemLoader Environment load took 64.2ns 
303590     INFO  main            d.u.i.k.p.i.AbstractProblemLoader Creating init config 
308095     DEBUG main            d.u.i.k.p.i.AbstractProblemLoader Init config took 4.51s 
308185     INFO  main            d.u.i.k.p.i.AbstractProblemLoader Replaying proof BFilter[ThreadSpec2::workingPermissions()].JML accessible clause.0 
308187     DEBUG main            d.u.i.k.p.i.IntermediateProofReplayer Proof replay took 7.5ns 
308288     INFO  main            d.u.i.k.p.r.p.TestFile    ... finished proof: closed. 
308643     INFO  main            d.u.i.k.p.i.AbstractProblemLoader Loading environment from /home/runner/work/key/key/key.core/../key.ui/examples/heap/permissions/threads/BFilter_workingPermissions_accessible.key.proof 
308643     DEBUG main            d.u.i.k.p.i.AbstractProblemLoader Environment load took 109.8ns 
308644     INFO  main            d.u.i.k.p.i.AbstractProblemLoader Creating init config 
313019     DEBUG main            d.u.i.k.p.i.AbstractProblemLoader Init config took 4.38s 
313109     INFO  main            d.u.i.k.p.i.AbstractProblemLoader Replaying proof BFilter[ThreadSpec2::workingPermissions()].JML accessible clause.0 
313117     DEBUG main            d.u.i.k.p.i.IntermediateProofReplayer Proof replay took 6.36ms 
313118     DEBUG main            d.u.i.k.p.r.p.TestFile    ... success: reloaded. 
313119     INFO  main            d.u.i.k.p.r.p.TestFile    Now processing file /home/runner/work/key/key/key.core/../key.ui/examples/heap/permissions/threads/Fib_Fib.key 
313119     INFO  main            d.u.i.k.p.i.AbstractProblemLoader Loading environment from /home/runner/work/key/key/key.core/../key.ui/examples/heap/permissions/threads/Fib_Fib.key 
313119     DEBUG main            d.u.i.k.p.i.AbstractProblemLoader Environment load took 81.2ns 
313120     INFO  main            d.u.i.k.p.i.AbstractProblemLoader Creating init config 
317537     DEBUG main            d.u.i.k.p.i.AbstractProblemLoader Init config took 4.42s 
317611     INFO  main            d.u.i.k.p.i.AbstractProblemLoader Replaying proof Fib[Fib::Fib(int)].JML normal_behavior operation contract.0 
317612     DEBUG main            d.u.i.k.p.i.IntermediateProofReplayer Proof replay took 7.2ns 
318218     INFO  main            d.u.i.k.p.r.p.TestFile    ... finished proof: closed. 
318646     INFO  main            d.u.i.k.p.i.AbstractProblemLoader Loading environment from /home/runner/work/key/key/key.core/../key.ui/examples/heap/permissions/threads/Fib_Fib.key.proof 
318646     DEBUG main            d.u.i.k.p.i.AbstractProblemLoader Environment load took 109.4ns 
318647     INFO  main            d.u.i.k.p.i.AbstractProblemLoader Creating init config 
323029     DEBUG main            d.u.i.k.p.i.AbstractProblemLoader Init config took 4.38s 
323104     INFO  main            d.u.i.k.p.i.AbstractProblemLoader Replaying proof Fib[Fib::Fib(int)].JML normal_behavior operation contract.0 
323185     DEBUG main            d.u.i.k.p.i.IntermediateProofReplayer Proof replay took 72.7ms 
323185     DEBUG main            d.u.i.k.p.r.p.TestFile    ... success: reloaded. 
323186     INFO  main            d.u.i.k.p.r.p.TestFile    Now processing file /home/runner/work/key/key/key.core/../key.ui/examples/heap/permissions/threads/Fib_initPost_accessible.key 
323186     INFO  main            d.u.i.k.p.i.AbstractProblemLoader Loading environment from /home/runner/work/key/key/key.core/../key.ui/examples/heap/permissions/threads/Fib_initPost_accessible.key 
323187     DEBUG main            d.u.i.k.p.i.AbstractProblemLoader Environment load took 48.7ns 
323187     INFO  main            d.u.i.k.p.i.AbstractProblemLoader Creating init config 
327621     DEBUG main            d.u.i.k.p.i.AbstractProblemLoader Init config took 4.43s 
327711     INFO  main            d.u.i.k.p.i.AbstractProblemLoader Replaying proof Fib[ThreadSpec::initPost()].JML accessible clause.0 
327712     DEBUG main            d.u.i.k.p.i.IntermediateProofReplayer Proof replay took 7.3ns 
327814     INFO  main            d.u.i.k.p.r.p.TestFile    ... finished proof: closed. 
328181     INFO  main            d.u.i.k.p.i.AbstractProblemLoader Loading environment from /home/runner/work/key/key/key.core/../key.ui/examples/heap/permissions/threads/Fib_initPost_accessible.key.proof 
328181     DEBUG main            d.u.i.k.p.i.AbstractProblemLoader Environment load took 106.7ns 
328182     INFO  main            d.u.i.k.p.i.AbstractProblemLoader Creating init config 
332553     DEBUG main            d.u.i.k.p.i.AbstractProblemLoader Init config took 4.37s 
332626     INFO  main            d.u.i.k.p.i.AbstractProblemLoader Replaying proof Fib[ThreadSpec::initPost()].JML accessible clause.0 
332632     DEBUG main            d.u.i.k.p.i.IntermediateProofReplayer Proof replay took 4.09ms 
332633     DEBUG main            d.u.i.k.p.r.p.TestFile    ... success: reloaded. 
332633     INFO  main            d.u.i.k.p.r.p.TestFile    Now processing file /home/runner/work/key/key/key.core/../key.ui/examples/heap/permissions/threads/Fib_inv1_accessible.key 
332634     INFO  main            d.u.i.k.p.i.AbstractProblemLoader Loading environment from /home/runner/work/key/key/key.core/../key.ui/examples/heap/permissions/threads/Fib_inv1_accessible.key 
332634     DEBUG main            d.u.i.k.p.i.AbstractProblemLoader Environment load took 89.7ns 
332635     INFO  main            d.u.i.k.p.i.AbstractProblemLoader Creating init config 
337075     DEBUG main            d.u.i.k.p.i.AbstractProblemLoader Init config took 4.44s 
337149     INFO  main            d.u.i.k.p.i.AbstractProblemLoader Replaying proof Fib[java.lang.Object::<inv>()].JML accessible clause.0 
337150     DEBUG main            d.u.i.k.p.i.IntermediateProofReplayer Proof replay took 7.5ns 
337253     INFO  main            d.u.i.k.p.r.p.TestFile    ... finished proof: closed. 
337631     INFO  main            d.u.i.k.p.i.AbstractProblemLoader Loading environment from /home/runner/work/key/key/key.core/../key.ui/examples/heap/permissions/threads/Fib_inv1_accessible.key.proof 
337631     DEBUG main            d.u.i.k.p.i.AbstractProblemLoader Environment load took 90.6ns 
337632     INFO  main            d.u.i.k.p.i.AbstractProblemLoader Creating init config 
342004     DEBUG main            d.u.i.k.p.i.AbstractProblemLoader Init config took 4.37s 
342079     INFO  main            d.u.i.k.p.i.AbstractProblemLoader Replaying proof Fib[java.lang.Object::<inv>()].JML accessible clause.0 
342081     DEBUG main            d.u.i.k.p.i.IntermediateProofReplayer Proof replay took 1.37ms 
342082     DEBUG main            d.u.i.k.p.r.p.TestFile    ... success: reloaded. 
342083     INFO  main            d.u.i.k.p.r.p.TestFile    Now processing file /home/runner/work/key/key/key.core/../key.ui/examples/heap/permissions/threads/Fib_inv2_accessible.key 
342083     INFO  main            d.u.i.k.p.i.AbstractProblemLoader Loading environment from /home/runner/work/key/key/key.core/../key.ui/examples/heap/permissions/threads/Fib_inv2_accessible.key 
342083     DEBUG main            d.u.i.k.p.i.AbstractProblemLoader Environment load took 99.2ns 
342084     INFO  main            d.u.i.k.p.i.AbstractProblemLoader Creating init config 
346530     DEBUG main            d.u.i.k.p.i.AbstractProblemLoader Init config took 4.45s 
346621     INFO  main            d.u.i.k.p.i.AbstractProblemLoader Replaying proof Fib[java.lang.Object::<inv>()].JML accessible clause.1 
346623     DEBUG main            d.u.i.k.p.i.IntermediateProofReplayer Proof replay took 7.3ns 
346724     INFO  main            d.u.i.k.p.r.p.TestFile    ... finished proof: closed. 
347101     INFO  main            d.u.i.k.p.i.AbstractProblemLoader Loading environment from /home/runner/work/key/key/key.core/../key.ui/examples/heap/permissions/threads/Fib_inv2_accessible.key.proof 
347101     DEBUG main            d.u.i.k.p.i.AbstractProblemLoader Environment load took 91.9ns 
347102     INFO  main            d.u.i.k.p.i.AbstractProblemLoader Creating init config 
351508     DEBUG main            d.u.i.k.p.i.AbstractProblemLoader Init config took 4.41s 
351589     INFO  main            d.u.i.k.p.i.AbstractProblemLoader Replaying proof Fib[java.lang.Object::<inv>()].JML accessible clause.1 
351593     DEBUG main            d.u.i.k.p.i.IntermediateProofReplayer Proof replay took 1.71ms 
351593     DEBUG main            d.u.i.k.p.r.p.TestFile    ... success: reloaded. 
351594     INFO  main            d.u.i.k.p.r.p.TestFile    Now processing file /home/runner/work/key/key/key.core/../key.ui/examples/heap/permissions/threads/Fib_joinTransfer_accessible.key 
351595     INFO  main            d.u.i.k.p.i.AbstractProblemLoader Loading environment from /home/runner/work/key/key/key.core/../key.ui/examples/heap/permissions/threads/Fib_joinTransfer_accessible.key 
351595     DEBUG main            d.u.i.k.p.i.AbstractProblemLoader Environment load took 99.1ns 
351596     INFO  main            d.u.i.k.p.i.AbstractProblemLoader Creating init config 
356075     DEBUG main            d.u.i.k.p.i.AbstractProblemLoader Init config took 4.48s 
356154     INFO  main            d.u.i.k.p.i.AbstractProblemLoader Replaying proof Fib[ThreadSpec::joinTransfer()].JML accessible clause.0 
356155     DEBUG main            d.u.i.k.p.i.IntermediateProofReplayer Proof replay took 8ns 
356357     INFO  main            d.u.i.k.p.r.p.TestFile    ... finished proof: closed. 
356765     INFO  main            d.u.i.k.p.i.AbstractProblemLoader Loading environment from /home/runner/work/key/key/key.core/../key.ui/examples/heap/permissions/threads/Fib_joinTransfer_accessible.key.proof 
356765     DEBUG main            d.u.i.k.p.i.AbstractProblemLoader Environment load took 99.6ns 
356766     INFO  main            d.u.i.k.p.i.AbstractProblemLoader Creating init config 
361162     DEBUG main            d.u.i.k.p.i.AbstractProblemLoader Init config took 4.4s 
361236     INFO  main            d.u.i.k.p.i.AbstractProblemLoader Replaying proof Fib[ThreadSpec::joinTransfer()].JML accessible clause.0 
361256     DEBUG main            d.u.i.k.p.i.IntermediateProofReplayer Proof replay took 17.78ms 
361257     DEBUG main            d.u.i.k.p.r.p.TestFile    ... success: reloaded. 
361258     INFO  main            d.u.i.k.p.r.p.TestFile    Now processing file /home/runner/work/key/key/key.core/../key.ui/examples/heap/permissions/threads/Fib_joinTransfer_contract.key 
361258     INFO  main            d.u.i.k.p.i.AbstractProblemLoader Loading environment from /home/runner/work/key/key/key.core/../key.ui/examples/heap/permissions/threads/Fib_joinTransfer_contract.key 
361258     DEBUG main            d.u.i.k.p.i.AbstractProblemLoader Environment load took 82.2ns 
361259     INFO  main            d.u.i.k.p.i.AbstractProblemLoader Creating init config 
365714     DEBUG main            d.u.i.k.p.i.AbstractProblemLoader Init config took 4.45s 
365788     INFO  main            d.u.i.k.p.i.AbstractProblemLoader Replaying proof Fib[ThreadSpec::joinTransfer()].JML model_behavior operation contract.0 
365789     DEBUG main            d.u.i.k.p.i.IntermediateProofReplayer Proof replay took 8.8ns 
365891     INFO  main            d.u.i.k.p.r.p.TestFile    ... finished proof: closed. 
366282     INFO  main            d.u.i.k.p.i.AbstractProblemLoader Loading environment from /home/runner/work/key/key/key.core/../key.ui/examples/heap/permissions/threads/Fib_joinTransfer_contract.key.proof 
366282     DEBUG main            d.u.i.k.p.i.AbstractProblemLoader Environment load took 95.8ns 
366283     INFO  main            d.u.i.k.p.i.AbstractProblemLoader Creating init config 
370680     DEBUG main            d.u.i.k.p.i.AbstractProblemLoader Init config took 4.4s 
370755     INFO  main            d.u.i.k.p.i.AbstractProblemLoader Replaying proof Fib[ThreadSpec::joinTransfer()].JML model_behavior operation contract.0 
370763     DEBUG main            d.u.i.k.p.i.IntermediateProofReplayer Proof replay took 5.93ms 
370764     DEBUG main            d.u.i.k.p.r.p.TestFile    ... success: reloaded. 
370765     INFO  main            d.u.i.k.p.r.p.TestFile    Now processing file /home/runner/work/key/key/key.core/../key.ui/examples/heap/permissions/threads/Fib_postJoin_accessible.key 
370765     INFO  main            d.u.i.k.p.i.AbstractProblemLoader Loading environment from /home/runner/work/key/key/key.core/../key.ui/examples/heap/permissions/threads/Fib_postJoin_accessible.key 
370765     DEBUG main            d.u.i.k.p.i.AbstractProblemLoader Environment load took 153.3ns 
370766     INFO  main            d.u.i.k.p.i.AbstractProblemLoader Creating init config 
375226     DEBUG main            d.u.i.k.p.i.AbstractProblemLoader Init config took 4.46s 
375316     INFO  main            d.u.i.k.p.i.AbstractProblemLoader Replaying proof Fib[ThreadSpec::postJoin(java.lang.Object)].JML accessible clause.0 
375317     DEBUG main            d.u.i.k.p.i.IntermediateProofReplayer Proof replay took 8.6ns 
375419     INFO  main            d.u.i.k.p.r.p.TestFile    ... finished proof: closed. 
375818     INFO  main            d.u.i.k.p.i.AbstractProblemLoader Loading environment from /home/runner/work/key/key/key.core/../key.ui/examples/heap/permissions/threads/Fib_postJoin_accessible.key.proof 
375818     DEBUG main            d.u.i.k.p.i.AbstractProblemLoader Environment load took 94.4ns 
375819     INFO  main            d.u.i.k.p.i.AbstractProblemLoader Creating init config 
380216     DEBUG main            d.u.i.k.p.i.AbstractProblemLoader Init config took 4.4s 
380289     INFO  main            d.u.i.k.p.i.AbstractProblemLoader Replaying proof Fib[ThreadSpec::postJoin(java.lang.Object)].JML accessible clause.0 
380295     DEBUG main            d.u.i.k.p.i.IntermediateProofReplayer Proof replay took 4.26ms 
380296     DEBUG main            d.u.i.k.p.r.p.TestFile    ... success: reloaded. 
380297     INFO  main            d.u.i.k.p.r.p.TestFile    Now processing file /home/runner/work/key/key/key.core/../key.ui/examples/heap/permissions/threads/Fib_preStart_accessible.key 
380297     INFO  main            d.u.i.k.p.i.AbstractProblemLoader Loading environment from /home/runner/work/key/key/key.core/../key.ui/examples/heap/permissions/threads/Fib_preStart_accessible.key 
380297     DEBUG main            d.u.i.k.p.i.AbstractProblemLoader Environment load took 62.6ns 
380298     INFO  main            d.u.i.k.p.i.AbstractProblemLoader Creating init config 
384759     DEBUG main            d.u.i.k.p.i.AbstractProblemLoader Init config took 4.46s 
384833     INFO  main            d.u.i.k.p.i.AbstractProblemLoader Replaying proof Fib[ThreadSpec::preStart(java.lang.Object)].JML accessible clause.0 
384836     DEBUG main            d.u.i.k.p.i.IntermediateProofReplayer Proof replay took 8.2ns 
384937     INFO  main            d.u.i.k.p.r.p.TestFile    ... finished proof: closed. 
385345     INFO  main            d.u.i.k.p.i.AbstractProblemLoader Loading environment from /home/runner/work/key/key/key.core/../key.ui/examples/heap/permissions/threads/Fib_preStart_accessible.key.proof 
385345     DEBUG main            d.u.i.k.p.i.AbstractProblemLoader Environment load took 97.2ns 
385346     INFO  main            d.u.i.k.p.i.AbstractProblemLoader Creating init config 
389736     DEBUG main            d.u.i.k.p.i.AbstractProblemLoader Init config took 4.39s 
389824     INFO  main            d.u.i.k.p.i.AbstractProblemLoader Replaying proof Fib[ThreadSpec::preStart(java.lang.Object)].JML accessible clause.0 
389829     DEBUG main            d.u.i.k.p.i.IntermediateProofReplayer Proof replay took 4.27ms 
389830     DEBUG main            d.u.i.k.p.r.p.TestFile    ... success: reloaded. 
389831     INFO  main            d.u.i.k.p.r.p.TestFile    Now processing file /home/runner/work/key/key/key.core/../key.ui/examples/heap/permissions/threads/Fib_startTransfer_accessible.key 
389831     INFO  main            d.u.i.k.p.i.AbstractProblemLoader Loading environment from /home/runner/work/key/key/key.core/../key.ui/examples/heap/permissions/threads/Fib_startTransfer_accessible.key 
389831     DEBUG main            d.u.i.k.p.i.AbstractProblemLoader Environment load took 84.5ns 
389832     INFO  main            d.u.i.k.p.i.AbstractProblemLoader Creating init config 
394268     DEBUG main            d.u.i.k.p.i.AbstractProblemLoader Init config took 4.44s 
394342     INFO  main            d.u.i.k.p.i.AbstractProblemLoader Replaying proof Fib[ThreadSpec::startTransfer()].JML accessible clause.0 
394343     DEBUG main            d.u.i.k.p.i.IntermediateProofReplayer Proof replay took 7.7ns 
394545     INFO  main            d.u.i.k.p.r.p.TestFile    ... finished proof: closed. 
394972     INFO  main            d.u.i.k.p.i.AbstractProblemLoader Loading environment from /home/runner/work/key/key/key.core/../key.ui/examples/heap/permissions/threads/Fib_startTransfer_accessible.key.proof 
394972     DEBUG main            d.u.i.k.p.i.AbstractProblemLoader Environment load took 127.6ns 
394973     INFO  main            d.u.i.k.p.i.AbstractProblemLoader Creating init config 
399354     DEBUG main            d.u.i.k.p.i.AbstractProblemLoader Init config took 4.38s 
399431     INFO  main            d.u.i.k.p.i.AbstractProblemLoader Replaying proof Fib[ThreadSpec::startTransfer()].JML accessible clause.0 
399456     DEBUG main            d.u.i.k.p.i.IntermediateProofReplayer Proof replay took 18.35ms 
399457     DEBUG main            d.u.i.k.p.r.p.TestFile    ... success: reloaded. 
399458     INFO  main            d.u.i.k.p.r.p.TestFile    Now processing file /home/runner/work/key/key/key.core/../key.ui/examples/heap/permissions/threads/Fib_startTransfer_contract.key 
399458     INFO  main            d.u.i.k.p.i.AbstractProblemLoader Loading environment from /home/runner/work/key/key/key.core/../key.ui/examples/heap/permissions/threads/Fib_startTransfer_contract.key 
399459     DEBUG main            d.u.i.k.p.i.AbstractProblemLoader Environment load took 204.3ns 
399459     INFO  main            d.u.i.k.p.i.AbstractProblemLoader Creating init config 
403886     DEBUG main            d.u.i.k.p.i.AbstractProblemLoader Init config took 4.43s 
403976     INFO  main            d.u.i.k.p.i.AbstractProblemLoader Replaying proof Fib[ThreadSpec::startTransfer()].JML model_behavior operation contract.0 
403978     DEBUG main            d.u.i.k.p.i.IntermediateProofReplayer Proof replay took 8.2ns 
404085     INFO  main            d.u.i.k.p.r.p.TestFile    ... finished proof: closed. 
404508     INFO  main            d.u.i.k.p.i.AbstractProblemLoader Loading environment from /home/runner/work/key/key/key.core/../key.ui/examples/heap/permissions/threads/Fib_startTransfer_contract.key.proof 
404508     DEBUG main            d.u.i.k.p.i.AbstractProblemLoader Environment load took 91.7ns 
404509     INFO  main            d.u.i.k.p.i.AbstractProblemLoader Creating init config 
408877     DEBUG main            d.u.i.k.p.i.AbstractProblemLoader Init config took 4.37s 
408951     INFO  main            d.u.i.k.p.i.AbstractProblemLoader Replaying proof Fib[ThreadSpec::startTransfer()].JML model_behavior operation contract.0 
408958     DEBUG main            d.u.i.k.p.i.IntermediateProofReplayer Proof replay took 5.96ms 
408959     DEBUG main            d.u.i.k.p.r.p.TestFile    ... success: reloaded. 
408960     INFO  main            d.u.i.k.p.r.p.TestFile    Now processing file /home/runner/work/key/key/key.core/../key.ui/examples/heap/permissions/threads/Fib_workingPermissions_accessible.key 
408960     INFO  main            d.u.i.k.p.i.AbstractProblemLoader Loading environment from /home/runner/work/key/key/key.core/../key.ui/examples/heap/permissions/threads/Fib_workingPermissions_accessible.key 
408960     DEBUG main            d.u.i.k.p.i.AbstractProblemLoader Environment load took 90.9ns 
408961     INFO  main            d.u.i.k.p.i.AbstractProblemLoader Creating init config 
413402     DEBUG main            d.u.i.k.p.i.AbstractProblemLoader Init config took 4.44s 
413475     INFO  main            d.u.i.k.p.i.AbstractProblemLoader Replaying proof Fib[ThreadSpec::workingPermissions()].JML accessible clause.0 
413476     DEBUG main            d.u.i.k.p.i.IntermediateProofReplayer Proof replay took 7.6ns 
413577     INFO  main            d.u.i.k.p.r.p.TestFile    ... finished proof: closed. 
414002     INFO  main            d.u.i.k.p.i.AbstractProblemLoader Loading environment from /home/runner/work/key/key/key.core/../key.ui/examples/heap/permissions/threads/Fib_workingPermissions_accessible.key.proof 
414003     DEBUG main            d.u.i.k.p.i.AbstractProblemLoader Environment load took 144ns 
414003     INFO  main            d.u.i.k.p.i.AbstractProblemLoader Creating init config 
418399     DEBUG main            d.u.i.k.p.i.AbstractProblemLoader Init config took 4.4s 
418473     INFO  main            d.u.i.k.p.i.AbstractProblemLoader Replaying proof Fib[ThreadSpec::workingPermissions()].JML accessible clause.0 
418476     DEBUG main            d.u.i.k.p.i.IntermediateProofReplayer Proof replay took 1.78ms 
418477     DEBUG main            d.u.i.k.p.r.p.TestFile    ... success: reloaded. 
418478     INFO  main            d.u.i.k.p.r.p.TestFile    Now processing file /home/runner/work/key/key/key.core/../key.ui/examples/heap/permissions/threads/Plotter_initPost_accessible.key 
418478     INFO  main            d.u.i.k.p.i.AbstractProblemLoader Loading environment from /home/runner/work/key/key/key.core/../key.ui/examples/heap/permissions/threads/Plotter_initPost_accessible.key 
418478     DEBUG main            d.u.i.k.p.i.AbstractProblemLoader Environment load took 115.1ns 
418479     INFO  main            d.u.i.k.p.i.AbstractProblemLoader Creating init config 
422901     DEBUG main            d.u.i.k.p.i.AbstractProblemLoader Init config took 4.42s 
422974     INFO  main            d.u.i.k.p.i.AbstractProblemLoader Replaying proof Plotter[ThreadSpec2::initPost()].JML accessible clause.0 
422975     DEBUG main            d.u.i.k.p.i.IntermediateProofReplayer Proof replay took 8.2ns 
423077     INFO  main            d.u.i.k.p.r.p.TestFile    ... finished proof: closed. 
423519     INFO  main            d.u.i.k.p.i.AbstractProblemLoader Loading environment from /home/runner/work/key/key/key.core/../key.ui/examples/heap/permissions/threads/Plotter_initPost_accessible.key.proof 
423519     DEBUG main            d.u.i.k.p.i.AbstractProblemLoader Environment load took 87.8ns 
423520     INFO  main            d.u.i.k.p.i.AbstractProblemLoader Creating init config 
427908     DEBUG main            d.u.i.k.p.i.AbstractProblemLoader Init config took 4.39s 
427982     INFO  main            d.u.i.k.p.i.AbstractProblemLoader Replaying proof Plotter[ThreadSpec2::initPost()].JML accessible clause.0 
427992     DEBUG main            d.u.i.k.p.i.IntermediateProofReplayer Proof replay took 8.86ms 
427993     DEBUG main            d.u.i.k.p.r.p.TestFile    ... success: reloaded. 
427994     INFO  main            d.u.i.k.p.r.p.TestFile    Now processing file /home/runner/work/key/key/key.core/../key.ui/examples/heap/permissions/threads/Plotter_inv_accessible1.key 
427994     INFO  main            d.u.i.k.p.i.AbstractProblemLoader Loading environment from /home/runner/work/key/key/key.core/../key.ui/examples/heap/permissions/threads/Plotter_inv_accessible1.key 
427994     DEBUG main            d.u.i.k.p.i.AbstractProblemLoader Environment load took 67.9ns 
427995     INFO  main            d.u.i.k.p.i.AbstractProblemLoader Creating init config 
432405     DEBUG main            d.u.i.k.p.i.AbstractProblemLoader Init config took 4.41s 
432478     INFO  main            d.u.i.k.p.i.AbstractProblemLoader Replaying proof Plotter[java.lang.Object::<inv>()].JML accessible clause.0 
432479     DEBUG main            d.u.i.k.p.i.IntermediateProofReplayer Proof replay took 8ns 
432581     INFO  main            d.u.i.k.p.r.p.TestFile    ... finished proof: closed. 
433023     INFO  main            d.u.i.k.p.i.AbstractProblemLoader Loading environment from /home/runner/work/key/key/key.core/../key.ui/examples/heap/permissions/threads/Plotter_inv_accessible1.key.proof 
433023     DEBUG main            d.u.i.k.p.i.AbstractProblemLoader Environment load took 87.9ns 
433024     INFO  main            d.u.i.k.p.i.AbstractProblemLoader Creating init config 
437376     DEBUG main            d.u.i.k.p.i.AbstractProblemLoader Init config took 4.35s 
437449     INFO  main            d.u.i.k.p.i.AbstractProblemLoader Replaying proof Plotter[java.lang.Object::<inv>()].JML accessible clause.0 
437452     DEBUG main            d.u.i.k.p.i.IntermediateProofReplayer Proof replay took 1.37ms 
437453     DEBUG main            d.u.i.k.p.r.p.TestFile    ... success: reloaded. 
437453     INFO  main            d.u.i.k.p.r.p.TestFile    Now processing file /home/runner/work/key/key/key.core/../key.ui/examples/heap/permissions/threads/Plotter_inv_accessible2.key 
437453     INFO  main            d.u.i.k.p.i.AbstractProblemLoader Loading environment from /home/runner/work/key/key/key.core/../key.ui/examples/heap/permissions/threads/Plotter_inv_accessible2.key 
437454     DEBUG main            d.u.i.k.p.i.AbstractProblemLoader Environment load took 58.4ns 
437454     INFO  main            d.u.i.k.p.i.AbstractProblemLoader Creating init config 
441853     DEBUG main            d.u.i.k.p.i.AbstractProblemLoader Init config took 4.4s 
441927     INFO  main            d.u.i.k.p.i.AbstractProblemLoader Replaying proof Plotter[java.lang.Object::<inv>()].JML accessible clause.1 
441929     DEBUG main            d.u.i.k.p.i.IntermediateProofReplayer Proof replay took 8.7ns 
442030     INFO  main            d.u.i.k.p.r.p.TestFile    ... finished proof: closed. 
442481     INFO  main            d.u.i.k.p.i.AbstractProblemLoader Loading environment from /home/runner/work/key/key/key.core/../key.ui/examples/heap/permissions/threads/Plotter_inv_accessible2.key.proof 
442481     DEBUG main            d.u.i.k.p.i.AbstractProblemLoader Environment load took 89.1ns 
442481     INFO  main            d.u.i.k.p.i.AbstractProblemLoader Creating init config 
446820     DEBUG main            d.u.i.k.p.i.AbstractProblemLoader Init config took 4.34s 
446893     INFO  main            d.u.i.k.p.i.AbstractProblemLoader Replaying proof Plotter[java.lang.Object::<inv>()].JML accessible clause.1 
446895     DEBUG main            d.u.i.k.p.i.IntermediateProofReplayer Proof replay took 1.34ms 
446896     DEBUG main            d.u.i.k.p.r.p.TestFile    ... success: reloaded. 
446897     INFO  main            d.u.i.k.p.r.p.TestFile    Now processing file /home/runner/work/key/key/key.core/../key.ui/examples/heap/permissions/threads/Plotter_joinTransfer_contract.key 
446897     INFO  main            d.u.i.k.p.i.AbstractProblemLoader Loading environment from /home/runner/work/key/key/key.core/../key.ui/examples/heap/permissions/threads/Plotter_joinTransfer_contract.key 
446897     DEBUG main            d.u.i.k.p.i.AbstractProblemLoader Environment load took 89.7ns 
446898     INFO  main            d.u.i.k.p.i.AbstractProblemLoader Creating init config 
451306     DEBUG main            d.u.i.k.p.i.AbstractProblemLoader Init config took 4.41s 
451381     INFO  main            d.u.i.k.p.i.AbstractProblemLoader Replaying proof Plotter[ThreadSpec2::joinTransfer()].JML model_behavior operation contract.0 
451382     DEBUG main            d.u.i.k.p.i.IntermediateProofReplayer Proof replay took 7.9ns 
451484     INFO  main            d.u.i.k.p.r.p.TestFile    ... finished proof: closed. 
451942     INFO  main            d.u.i.k.p.i.AbstractProblemLoader Loading environment from /home/runner/work/key/key/key.core/../key.ui/examples/heap/permissions/threads/Plotter_joinTransfer_contract.key.proof 
451942     DEBUG main            d.u.i.k.p.i.AbstractProblemLoader Environment load took 87.2ns 
451943     INFO  main            d.u.i.k.p.i.AbstractProblemLoader Creating init config 
456282     DEBUG main            d.u.i.k.p.i.AbstractProblemLoader Init config took 4.34s 
456357     INFO  main            d.u.i.k.p.i.AbstractProblemLoader Replaying proof Plotter[ThreadSpec2::joinTransfer()].JML model_behavior operation contract.0 
456365     DEBUG main            d.u.i.k.p.i.IntermediateProofReplayer Proof replay took 6.49ms 
456366     DEBUG main            d.u.i.k.p.r.p.TestFile    ... success: reloaded. 
456367     INFO  main            d.u.i.k.p.r.p.TestFile    Now processing file /home/runner/work/key/key/key.core/../key.ui/examples/heap/permissions/threads/Plotter_Plotter.key 
456367     INFO  main            d.u.i.k.p.i.AbstractProblemLoader Loading environment from /home/runner/work/key/key/key.core/../key.ui/examples/heap/permissions/threads/Plotter_Plotter.key 
456367     DEBUG main            d.u.i.k.p.i.AbstractProblemLoader Environment load took 47.4ns 
456368     INFO  main            d.u.i.k.p.i.AbstractProblemLoader Creating init config 
460758     DEBUG main            d.u.i.k.p.i.AbstractProblemLoader Init config took 4.39s 
460853     INFO  main            d.u.i.k.p.i.AbstractProblemLoader Replaying proof Plotter[Plotter::Plotter(AFilter,BFilter,Buffer)].JML normal_behavior operation contract.0 
460855     DEBUG main            d.u.i.k.p.i.IntermediateProofReplayer Proof replay took 8ns 
462703     INFO  main            d.u.i.k.p.r.p.TestFile    ... finished proof: closed. 
463172     INFO  main            d.u.i.k.p.i.AbstractProblemLoader Loading environment from /home/runner/work/key/key/key.core/../key.ui/examples/heap/permissions/threads/Plotter_Plotter.key.proof 
463172     DEBUG main            d.u.i.k.p.i.AbstractProblemLoader Environment load took 98.6ns 
463173     INFO  main            d.u.i.k.p.i.AbstractProblemLoader Creating init config 
467507     DEBUG main            d.u.i.k.p.i.AbstractProblemLoader Init config took 4.33s 
467581     INFO  main            d.u.i.k.p.i.AbstractProblemLoader Replaying proof Plotter[Plotter::Plotter(AFilter,BFilter,Buffer)].JML normal_behavior operation contract.0 
467735     DEBUG main            d.u.i.k.p.i.IntermediateProofReplayer Proof replay took 148.74ms 
467736     DEBUG main            d.u.i.k.p.r.p.TestFile    ... success: reloaded. 
467736     INFO  main            d.u.i.k.p.r.p.TestFile    Now processing file /home/runner/work/key/key/key.core/../key.ui/examples/heap/permissions/threads/Plotter_postJoin_accessible.key 
467737     INFO  main            d.u.i.k.p.i.AbstractProblemLoader Loading environment from /home/runner/work/key/key/key.core/../key.ui/examples/heap/permissions/threads/Plotter_postJoin_accessible.key 
467737     DEBUG main            d.u.i.k.p.i.AbstractProblemLoader Environment load took 50.4ns 
467737     INFO  main            d.u.i.k.p.i.AbstractProblemLoader Creating init config 
472135     DEBUG main            d.u.i.k.p.i.AbstractProblemLoader Init config took 4.4s 
472208     INFO  main            d.u.i.k.p.i.AbstractProblemLoader Replaying proof Plotter[ThreadSpec2::postJoin(java.lang.Object)].JML accessible clause.0 
472209     DEBUG main            d.u.i.k.p.i.IntermediateProofReplayer Proof replay took 7.5ns 
472313     INFO  main            d.u.i.k.p.r.p.TestFile    ... finished proof: closed. 
472783     INFO  main            d.u.i.k.p.i.AbstractProblemLoader Loading environment from /home/runner/work/key/key/key.core/../key.ui/examples/heap/permissions/threads/Plotter_postJoin_accessible.key.proof 
472783     DEBUG main            d.u.i.k.p.i.AbstractProblemLoader Environment load took 93ns 
472784     INFO  main            d.u.i.k.p.i.AbstractProblemLoader Creating init config 
477105     DEBUG main            d.u.i.k.p.i.AbstractProblemLoader Init config took 4.32s 
477178     INFO  main            d.u.i.k.p.i.AbstractProblemLoader Replaying proof Plotter[ThreadSpec2::postJoin(java.lang.Object)].JML accessible clause.0 
477188     DEBUG main            d.u.i.k.p.i.IntermediateProofReplayer Proof replay took 8.58ms 
477189     DEBUG main            d.u.i.k.p.r.p.TestFile    ... success: reloaded. 
477189     INFO  main            d.u.i.k.p.r.p.TestFile    Now processing file /home/runner/work/key/key/key.core/../key.ui/examples/heap/permissions/threads/Plotter_preStart_accessible.key 
477190     INFO  main            d.u.i.k.p.i.AbstractProblemLoader Loading environment from /home/runner/work/key/key/key.core/../key.ui/examples/heap/permissions/threads/Plotter_preStart_accessible.key 
477190     DEBUG main            d.u.i.k.p.i.AbstractProblemLoader Environment load took 66.2ns 
477190     INFO  main            d.u.i.k.p.i.AbstractProblemLoader Creating init config 
481601     DEBUG main            d.u.i.k.p.i.AbstractProblemLoader Init config took 4.41s 
481674     INFO  main            d.u.i.k.p.i.AbstractProblemLoader Replaying proof Plotter[ThreadSpec2::preStart(java.lang.Object)].JML accessible clause.0 
481675     DEBUG main            d.u.i.k.p.i.IntermediateProofReplayer Proof replay took 7.8ns 
482678     INFO  main            d.u.i.k.p.r.p.TestFile    ... finished proof: closed. 
483177     INFO  main            d.u.i.k.p.i.AbstractProblemLoader Loading environment from /home/runner/work/key/key/key.core/../key.ui/examples/heap/permissions/threads/Plotter_preStart_accessible.key.proof 
483177     DEBUG main            d.u.i.k.p.i.AbstractProblemLoader Environment load took 93.7ns 
483178     INFO  main            d.u.i.k.p.i.AbstractProblemLoader Creating init config 
487519     DEBUG main            d.u.i.k.p.i.AbstractProblemLoader Init config took 4.34s 
487592     INFO  main            d.u.i.k.p.i.AbstractProblemLoader Replaying proof Plotter[ThreadSpec2::preStart(java.lang.Object)].JML accessible clause.0 
487640     DEBUG main            d.u.i.k.p.i.IntermediateProofReplayer Proof replay took 45.27ms 
487641     DEBUG main            d.u.i.k.p.r.p.TestFile    ... success: reloaded. 
487642     INFO  main            d.u.i.k.p.r.p.TestFile    Now processing file /home/runner/work/key/key/key.core/../key.ui/examples/heap/permissions/threads/Plotter_stateInv_accessible.key 
487642     INFO  main            d.u.i.k.p.i.AbstractProblemLoader Loading environment from /home/runner/work/key/key/key.core/../key.ui/examples/heap/permissions/threads/Plotter_stateInv_accessible.key 
487642     DEBUG main            d.u.i.k.p.i.AbstractProblemLoader Environment load took 72.9ns 
487643     INFO  main            d.u.i.k.p.i.AbstractProblemLoader Creating init config 
492025     DEBUG main            d.u.i.k.p.i.AbstractProblemLoader Init config took 4.38s 
492097     INFO  main            d.u.i.k.p.i.AbstractProblemLoader Replaying proof Plotter[ThreadSpec2::stateInv()].JML accessible clause.0 
492098     DEBUG main            d.u.i.k.p.i.IntermediateProofReplayer Proof replay took 7.5ns 
500065     INFO  main            d.u.i.k.p.r.p.TestFile    ... finished proof: closed. 
500586     INFO  main            d.u.i.k.p.i.AbstractProblemLoader Loading environment from /home/runner/work/key/key/key.core/../key.ui/examples/heap/permissions/threads/Plotter_stateInv_accessible.key.proof 
500586     DEBUG main            d.u.i.k.p.i.AbstractProblemLoader Environment load took 99.1ns 
500588     INFO  main            d.u.i.k.p.i.AbstractProblemLoader Creating init config 
504904     DEBUG main            d.u.i.k.p.i.AbstractProblemLoader Init config took 4.32s 
504991     INFO  main            d.u.i.k.p.i.AbstractProblemLoader Replaying proof Plotter[ThreadSpec2::stateInv()].JML accessible clause.0 
505371     DEBUG main            d.u.i.k.p.i.IntermediateProofReplayer Proof replay took 366.7ms 
505372     DEBUG main            d.u.i.k.p.r.p.TestFile    ... success: reloaded. 
505373     INFO  main            d.u.i.k.p.r.p.TestFile    Now processing file /home/runner/work/key/key/key.core/../key.ui/examples/heap/permissions/threads/Plotter_staticPermissions_accessible.key 
505373     INFO  main            d.u.i.k.p.i.AbstractProblemLoader Loading environment from /home/runner/work/key/key/key.core/../key.ui/examples/heap/permissions/threads/Plotter_staticPermissions_accessible.key 
505373     DEBUG main            d.u.i.k.p.i.AbstractProblemLoader Environment load took 64.8ns 
505374     INFO  main            d.u.i.k.p.i.AbstractProblemLoader Creating init config 
509771     DEBUG main            d.u.i.k.p.i.AbstractProblemLoader Init config took 4.4s 
509844     INFO  main            d.u.i.k.p.i.AbstractProblemLoader Replaying proof Plotter[ThreadSpec2::staticPermissions()].JML accessible clause.0 
509845     DEBUG main            d.u.i.k.p.i.IntermediateProofReplayer Proof replay took 36.4ns 
510749     INFO  main            d.u.i.k.p.r.p.TestFile    ... finished proof: closed. 
511229     INFO  main            d.u.i.k.p.i.AbstractProblemLoader Loading environment from /home/runner/work/key/key/key.core/../key.ui/examples/heap/permissions/threads/Plotter_staticPermissions_accessible.key.proof 
511229     DEBUG main            d.u.i.k.p.i.AbstractProblemLoader Environment load took 91.1ns 
511230     INFO  main            d.u.i.k.p.i.AbstractProblemLoader Creating init config 
515544     DEBUG main            d.u.i.k.p.i.AbstractProblemLoader Init config took 4.31s 
515616     INFO  main            d.u.i.k.p.i.AbstractProblemLoader Replaying proof Plotter[ThreadSpec2::staticPermissions()].JML accessible clause.0 
515678     DEBUG main            d.u.i.k.p.i.IntermediateProofReplayer Proof replay took 58.82ms 
515679     DEBUG main            d.u.i.k.p.r.p.TestFile    ... success: reloaded. 
515680     INFO  main            d.u.i.k.p.r.p.TestFile    Now processing file /home/runner/work/key/key/key.core/../key.ui/examples/heap/permissions/threads/Plotter_workingPermissions_accessible.key 
515680     INFO  main            d.u.i.k.p.i.AbstractProblemLoader Loading environment from /home/runner/work/key/key/key.core/../key.ui/examples/heap/permissions/threads/Plotter_workingPermissions_accessible.key 
515680     DEBUG main            d.u.i.k.p.i.AbstractProblemLoader Environment load took 82.9ns 
515681     INFO  main            d.u.i.k.p.i.AbstractProblemLoader Creating init config 
520061     DEBUG main            d.u.i.k.p.i.AbstractProblemLoader Init config took 4.38s 
520155     INFO  main            d.u.i.k.p.i.AbstractProblemLoader Replaying proof Plotter[ThreadSpec2::workingPermissions()].JML accessible clause.0 
520156     DEBUG main            d.u.i.k.p.i.IntermediateProofReplayer Proof replay took 3.1ns 
520357     INFO  main            d.u.i.k.p.r.p.TestFile    ... finished proof: closed. 
520851     INFO  main            d.u.i.k.p.i.AbstractProblemLoader Loading environment from /home/runner/work/key/key/key.core/../key.ui/examples/heap/permissions/threads/Plotter_workingPermissions_accessible.key.proof 
520851     DEBUG main            d.u.i.k.p.i.AbstractProblemLoader Environment load took 85.3ns 
520851     INFO  main            d.u.i.k.p.i.AbstractProblemLoader Creating init config 
525166     DEBUG main            d.u.i.k.p.i.AbstractProblemLoader Init config took 4.31s 
525239     INFO  main            d.u.i.k.p.i.AbstractProblemLoader Replaying proof Plotter[ThreadSpec2::workingPermissions()].JML accessible clause.0 
525252     DEBUG main            d.u.i.k.p.i.IntermediateProofReplayer Proof replay took 11.1ms 
525253     DEBUG main            d.u.i.k.p.r.p.TestFile    ... success: reloaded. 
525254     INFO  main            d.u.i.k.p.r.p.TestFile    Now processing file /home/runner/work/key/key/key.core/../key.ui/examples/heap/permissions/threads/Sampler_initPost_accessible.key 
525254     INFO  main            d.u.i.k.p.i.AbstractProblemLoader Loading environment from /home/runner/work/key/key/key.core/../key.ui/examples/heap/permissions/threads/Sampler_initPost_accessible.key 
525254     DEBUG main            d.u.i.k.p.i.AbstractProblemLoader Environment load took 42ns 
525254     INFO  main            d.u.i.k.p.i.AbstractProblemLoader Creating init config 
529651     DEBUG main            d.u.i.k.p.i.AbstractProblemLoader Init config took 4.4s 
529746     INFO  main            d.u.i.k.p.i.AbstractProblemLoader Replaying proof Sampler[ThreadSpec2::initPost()].JML accessible clause.0 
529748     DEBUG main            d.u.i.k.p.i.IntermediateProofReplayer Proof replay took 2.8ns 
529849     INFO  main            d.u.i.k.p.r.p.TestFile    ... finished proof: closed. 
530344     INFO  main            d.u.i.k.p.i.AbstractProblemLoader Loading environment from /home/runner/work/key/key/key.core/../key.ui/examples/heap/permissions/threads/Sampler_initPost_accessible.key.proof 
530344     DEBUG main            d.u.i.k.p.i.AbstractProblemLoader Environment load took 85.9ns 
530345     INFO  main            d.u.i.k.p.i.AbstractProblemLoader Creating init config 
534673     DEBUG main            d.u.i.k.p.i.AbstractProblemLoader Init config took 4.33s 
534760     INFO  main            d.u.i.k.p.i.AbstractProblemLoader Replaying proof Sampler[ThreadSpec2::initPost()].JML accessible clause.0 
534765     DEBUG main            d.u.i.k.p.i.IntermediateProofReplayer Proof replay took 4.29ms 
534766     DEBUG main            d.u.i.k.p.r.p.TestFile    ... success: reloaded. 
534767     INFO  main            d.u.i.k.p.r.p.TestFile    Now processing file /home/runner/work/key/key/key.core/../key.ui/examples/heap/permissions/threads/Sampler_inv_accessible1.key 
534767     INFO  main            d.u.i.k.p.i.AbstractProblemLoader Loading environment from /home/runner/work/key/key/key.core/../key.ui/examples/heap/permissions/threads/Sampler_inv_accessible1.key 
534767     DEBUG main            d.u.i.k.p.i.AbstractProblemLoader Environment load took 70ns 
534768     INFO  main            d.u.i.k.p.i.AbstractProblemLoader Creating init config 
539160     DEBUG main            d.u.i.k.p.i.AbstractProblemLoader Init config took 4.39s 
539232     INFO  main            d.u.i.k.p.i.AbstractProblemLoader Replaying proof Sampler[java.lang.Object::<inv>()].JML accessible clause.0 
539234     DEBUG main            d.u.i.k.p.i.IntermediateProofReplayer Proof replay took 3.3ns 
539335     INFO  main            d.u.i.k.p.r.p.TestFile    ... finished proof: closed. 
539835     INFO  main            d.u.i.k.p.i.AbstractProblemLoader Loading environment from /home/runner/work/key/key/key.core/../key.ui/examples/heap/permissions/threads/Sampler_inv_accessible1.key.proof 
539835     DEBUG main            d.u.i.k.p.i.AbstractProblemLoader Environment load took 82.4ns 
539836     INFO  main            d.u.i.k.p.i.AbstractProblemLoader Creating init config 
544174     DEBUG main            d.u.i.k.p.i.AbstractProblemLoader Init config took 4.34s 
544261     INFO  main            d.u.i.k.p.i.AbstractProblemLoader Replaying proof Sampler[java.lang.Object::<inv>()].JML accessible clause.0 
544263     DEBUG main            d.u.i.k.p.i.IntermediateProofReplayer Proof replay took 1.32ms 
544264     DEBUG main            d.u.i.k.p.r.p.TestFile    ... success: reloaded. 
544265     INFO  main            d.u.i.k.p.r.p.TestFile    Now processing file /home/runner/work/key/key/key.core/../key.ui/examples/heap/permissions/threads/Sampler_inv_accessible2.key 
544265     INFO  main            d.u.i.k.p.i.AbstractProblemLoader Loading environment from /home/runner/work/key/key/key.core/../key.ui/examples/heap/permissions/threads/Sampler_inv_accessible2.key 
544265     DEBUG main            d.u.i.k.p.i.AbstractProblemLoader Environment load took 81.5ns 
544266     INFO  main            d.u.i.k.p.i.AbstractProblemLoader Creating init config 
548704     DEBUG main            d.u.i.k.p.i.AbstractProblemLoader Init config took 4.44s 
548776     INFO  main            d.u.i.k.p.i.AbstractProblemLoader Replaying proof Sampler[java.lang.Object::<inv>()].JML accessible clause.1 
548777     DEBUG main            d.u.i.k.p.i.IntermediateProofReplayer Proof replay took 3ns 
548878     INFO  main            d.u.i.k.p.r.p.TestFile    ... finished proof: closed. 
549383     INFO  main            d.u.i.k.p.i.AbstractProblemLoader Loading environment from /home/runner/work/key/key/key.core/../key.ui/examples/heap/permissions/threads/Sampler_inv_accessible2.key.proof 
549383     DEBUG main            d.u.i.k.p.i.AbstractProblemLoader Environment load took 84.3ns 
549384     INFO  main            d.u.i.k.p.i.AbstractProblemLoader Creating init config 
553697     DEBUG main            d.u.i.k.p.i.AbstractProblemLoader Init config took 4.31s 
553782     INFO  main            d.u.i.k.p.i.AbstractProblemLoader Replaying proof Sampler[java.lang.Object::<inv>()].JML accessible clause.1 
553784     DEBUG main            d.u.i.k.p.i.IntermediateProofReplayer Proof replay took 1.35ms 
553785     DEBUG main            d.u.i.k.p.r.p.TestFile    ... success: reloaded. 
553786     INFO  main            d.u.i.k.p.r.p.TestFile    Now processing file /home/runner/work/key/key/key.core/../key.ui/examples/heap/permissions/threads/Sampler_joinTransfer_accessible.key 
553786     INFO  main            d.u.i.k.p.i.AbstractProblemLoader Loading environment from /home/runner/work/key/key/key.core/../key.ui/examples/heap/permissions/threads/Sampler_joinTransfer_accessible.key 
553786     DEBUG main            d.u.i.k.p.i.AbstractProblemLoader Environment load took 56.4ns 
553787     INFO  main            d.u.i.k.p.i.AbstractProblemLoader Creating init config 
558186     DEBUG main            d.u.i.k.p.i.AbstractProblemLoader Init config took 4.4s 
558258     INFO  main            d.u.i.k.p.i.AbstractProblemLoader Replaying proof Sampler[ThreadSpec2::joinTransfer()].JML accessible clause.0 
558259     DEBUG main            d.u.i.k.p.i.IntermediateProofReplayer Proof replay took 3.2ns 
561675     INFO  main            d.u.i.k.p.r.p.TestFile    ... finished proof: closed. 
562201     INFO  main            d.u.i.k.p.i.AbstractProblemLoader Loading environment from /home/runner/work/key/key/key.core/../key.ui/examples/heap/permissions/threads/Sampler_joinTransfer_accessible.key.proof 
562201     DEBUG main            d.u.i.k.p.i.AbstractProblemLoader Environment load took 190.1ns 
562202     INFO  main            d.u.i.k.p.i.AbstractProblemLoader Creating init config 
566536     DEBUG main            d.u.i.k.p.i.AbstractProblemLoader Init config took 4.33s 
566608     INFO  main            d.u.i.k.p.i.AbstractProblemLoader Replaying proof Sampler[ThreadSpec2::joinTransfer()].JML accessible clause.0 
567050     DEBUG main            d.u.i.k.p.i.IntermediateProofReplayer Proof replay took 432.65ms 
567051     DEBUG main            d.u.i.k.p.r.p.TestFile    ... success: reloaded. 
567052     INFO  main            d.u.i.k.p.r.p.TestFile    Now processing file /home/runner/work/key/key/key.core/../key.ui/examples/heap/permissions/threads/Sampler_joinTransfer_contract.key 
567052     INFO  main            d.u.i.k.p.i.AbstractProblemLoader Loading environment from /home/runner/work/key/key/key.core/../key.ui/examples/heap/permissions/threads/Sampler_joinTransfer_contract.key 
567052     DEBUG main            d.u.i.k.p.i.AbstractProblemLoader Environment load took 47.2ns 
567053     INFO  main            d.u.i.k.p.i.AbstractProblemLoader Creating init config 
571453     DEBUG main            d.u.i.k.p.i.AbstractProblemLoader Init config took 4.4s 
571525     INFO  main            d.u.i.k.p.i.AbstractProblemLoader Replaying proof Sampler[ThreadSpec2::joinTransfer()].JML model_behavior operation contract.0 
571526     DEBUG main            d.u.i.k.p.i.IntermediateProofReplayer Proof replay took 2.8ns 
571627     INFO  main            d.u.i.k.p.r.p.TestFile    ... finished proof: closed. 
572143     INFO  main            d.u.i.k.p.i.AbstractProblemLoader Loading environment from /home/runner/work/key/key/key.core/../key.ui/examples/heap/permissions/threads/Sampler_joinTransfer_contract.key.proof 
572143     DEBUG main            d.u.i.k.p.i.AbstractProblemLoader Environment load took 83.1ns 
572144     INFO  main            d.u.i.k.p.i.AbstractProblemLoader Creating init config 
576485     DEBUG main            d.u.i.k.p.i.AbstractProblemLoader Init config took 4.34s 
576557     INFO  main            d.u.i.k.p.i.AbstractProblemLoader Replaying proof Sampler[ThreadSpec2::joinTransfer()].JML model_behavior operation contract.0 
576565     DEBUG main            d.u.i.k.p.i.IntermediateProofReplayer Proof replay took 5.88ms 
576566     DEBUG main            d.u.i.k.p.r.p.TestFile    ... success: reloaded. 
576567     INFO  main            d.u.i.k.p.r.p.TestFile    Now processing file /home/runner/work/key/key/key.core/../key.ui/examples/heap/permissions/threads/Sampler_postJoin_accessible.key 
576567     INFO  main            d.u.i.k.p.i.AbstractProblemLoader Loading environment from /home/runner/work/key/key/key.core/../key.ui/examples/heap/permissions/threads/Sampler_postJoin_accessible.key 
576567     DEBUG main            d.u.i.k.p.i.AbstractProblemLoader Environment load took 42.5ns 
576567     INFO  main            d.u.i.k.p.i.AbstractProblemLoader Creating init config 
580946     DEBUG main            d.u.i.k.p.i.AbstractProblemLoader Init config took 4.38s 
581017     INFO  main            d.u.i.k.p.i.AbstractProblemLoader Replaying proof Sampler[ThreadSpec2::postJoin(java.lang.Object)].JML accessible clause.0 
581019     DEBUG main            d.u.i.k.p.i.IntermediateProofReplayer Proof replay took 3.3ns 
581120     INFO  main            d.u.i.k.p.r.p.TestFile    ... finished proof: closed. 
581649     INFO  main            d.u.i.k.p.i.AbstractProblemLoader Loading environment from /home/runner/work/key/key/key.core/../key.ui/examples/heap/permissions/threads/Sampler_postJoin_accessible.key.proof 
581649     DEBUG main            d.u.i.k.p.i.AbstractProblemLoader Environment load took 93.9ns 
581650     INFO  main            d.u.i.k.p.i.AbstractProblemLoader Creating init config 
585964     DEBUG main            d.u.i.k.p.i.AbstractProblemLoader Init config took 4.31s 
586036     INFO  main            d.u.i.k.p.i.AbstractProblemLoader Replaying proof Sampler[ThreadSpec2::postJoin(java.lang.Object)].JML accessible clause.0 
586044     DEBUG main            d.u.i.k.p.i.IntermediateProofReplayer Proof replay took 6.83ms 
586044     DEBUG main            d.u.i.k.p.r.p.TestFile    ... success: reloaded. 
586045     INFO  main            d.u.i.k.p.r.p.TestFile    Now processing file /home/runner/work/key/key/key.core/../key.ui/examples/heap/permissions/threads/Sampler_preStart_accessible.key 
586045     INFO  main            d.u.i.k.p.i.AbstractProblemLoader Loading environment from /home/runner/work/key/key/key.core/../key.ui/examples/heap/permissions/threads/Sampler_preStart_accessible.key 
586045     DEBUG main            d.u.i.k.p.i.AbstractProblemLoader Environment load took 41.4ns 
586046     INFO  main            d.u.i.k.p.i.AbstractProblemLoader Creating init config 
590429     DEBUG main            d.u.i.k.p.i.AbstractProblemLoader Init config took 4.38s 
590523     INFO  main            d.u.i.k.p.i.AbstractProblemLoader Replaying proof Sampler[ThreadSpec2::preStart(java.lang.Object)].JML accessible clause.0 
590524     DEBUG main            d.u.i.k.p.i.IntermediateProofReplayer Proof replay took 3.2ns 
590625     INFO  main            d.u.i.k.p.r.p.TestFile    ... finished proof: closed. 
591159     INFO  main            d.u.i.k.p.i.AbstractProblemLoader Loading environment from /home/runner/work/key/key/key.core/../key.ui/examples/heap/permissions/threads/Sampler_preStart_accessible.key.proof 
591159     DEBUG main            d.u.i.k.p.i.AbstractProblemLoader Environment load took 82.9ns 
591160     INFO  main            d.u.i.k.p.i.AbstractProblemLoader Creating init config 
595479     DEBUG main            d.u.i.k.p.i.AbstractProblemLoader Init config took 4.32s 
595551     INFO  main            d.u.i.k.p.i.AbstractProblemLoader Replaying proof Sampler[ThreadSpec2::preStart(java.lang.Object)].JML accessible clause.0 
595559     DEBUG main            d.u.i.k.p.i.IntermediateProofReplayer Proof replay took 6.88ms 
595560     DEBUG main            d.u.i.k.p.r.p.TestFile    ... success: reloaded. 
595561     INFO  main            d.u.i.k.p.r.p.TestFile    Now processing file /home/runner/work/key/key/key.core/../key.ui/examples/heap/permissions/threads/Sampler_run.key 
595561     INFO  main            d.u.i.k.p.i.AbstractProblemLoader Loading environment from /home/runner/work/key/key/key.core/../key.ui/examples/heap/permissions/threads/Sampler_run.key 
595561     DEBUG main            d.u.i.k.p.i.AbstractProblemLoader Environment load took 72.6ns 
595562     INFO  main            d.u.i.k.p.i.AbstractProblemLoader Creating init config 
599966     DEBUG main            d.u.i.k.p.i.AbstractProblemLoader Init config took 4.4s 
600038     INFO  main            d.u.i.k.p.i.AbstractProblemLoader Replaying proof Sampler[ThreadSpec2::run()].JML normal_behavior operation contract.0 
600039     DEBUG main            d.u.i.k.p.i.IntermediateProofReplayer Proof replay took 3.1ns 
600141     INFO  main            d.u.i.k.p.r.p.TestFile    ... finished proof: closed. 
600682     INFO  main            d.u.i.k.p.i.AbstractProblemLoader Loading environment from /home/runner/work/key/key/key.core/../key.ui/examples/heap/permissions/threads/Sampler_run.key.proof 
600683     DEBUG main            d.u.i.k.p.i.AbstractProblemLoader Environment load took 79.9ns 
600683     INFO  main            d.u.i.k.p.i.AbstractProblemLoader Creating init config 
605010     DEBUG main            d.u.i.k.p.i.AbstractProblemLoader Init config took 4.33s 
605083     INFO  main            d.u.i.k.p.i.AbstractProblemLoader Replaying proof Sampler[ThreadSpec2::run()].JML normal_behavior operation contract.0 
605108     DEBUG main            d.u.i.k.p.i.IntermediateProofReplayer Proof replay took 24.2ms 
605109     DEBUG main            d.u.i.k.p.r.p.TestFile    ... success: reloaded. 
605110     INFO  main            d.u.i.k.p.r.p.TestFile    Now processing file /home/runner/work/key/key/key.core/../key.ui/examples/heap/permissions/threads/Sampler_Sampler.key 
605110     INFO  main            d.u.i.k.p.i.AbstractProblemLoader Loading environment from /home/runner/work/key/key/key.core/../key.ui/examples/heap/permissions/threads/Sampler_Sampler.key 
605110     DEBUG main            d.u.i.k.p.i.AbstractProblemLoader Environment load took 71.1ns 
605111     INFO  main            d.u.i.k.p.i.AbstractProblemLoader Creating init config 
609532     DEBUG main            d.u.i.k.p.i.AbstractProblemLoader Init config took 4.42s 
609604     INFO  main            d.u.i.k.p.i.AbstractProblemLoader Replaying proof Sampler[Sampler::Sampler(Buffer)].JML normal_behavior operation contract.0 
609605     DEBUG main            d.u.i.k.p.i.IntermediateProofReplayer Proof replay took 2.9ns 
610109     INFO  main            d.u.i.k.p.r.p.TestFile    ... finished proof: closed. 
610683     INFO  main            d.u.i.k.p.i.AbstractProblemLoader Loading environment from /home/runner/work/key/key/key.core/../key.ui/examples/heap/permissions/threads/Sampler_Sampler.key.proof 
610683     DEBUG main            d.u.i.k.p.i.AbstractProblemLoader Environment load took 78.6ns 
610684     INFO  main            d.u.i.k.p.i.AbstractProblemLoader Creating init config 
615010     DEBUG main            d.u.i.k.p.i.AbstractProblemLoader Init config took 4.33s 
615082     INFO  main            d.u.i.k.p.i.AbstractProblemLoader Replaying proof Sampler[Sampler::Sampler(Buffer)].JML normal_behavior operation contract.0 
615142     DEBUG main            d.u.i.k.p.i.IntermediateProofReplayer Proof replay took 57.69ms 
615143     DEBUG main            d.u.i.k.p.r.p.TestFile    ... success: reloaded. 
615144     INFO  main            d.u.i.k.p.r.p.TestFile    Now processing file /home/runner/work/key/key/key.core/../key.ui/examples/heap/permissions/threads/Sampler_startTransfer_accessible.key 
615144     INFO  main            d.u.i.k.p.i.AbstractProblemLoader Loading environment from /home/runner/work/key/key/key.core/../key.ui/examples/heap/permissions/threads/Sampler_startTransfer_accessible.key 
615144     DEBUG main            d.u.i.k.p.i.AbstractProblemLoader Environment load took 43ns 
615145     INFO  main            d.u.i.k.p.i.AbstractProblemLoader Creating init config 
619538     DEBUG main            d.u.i.k.p.i.AbstractProblemLoader Init config took 4.39s 
619610     INFO  main            d.u.i.k.p.i.AbstractProblemLoader Replaying proof Sampler[ThreadSpec2::startTransfer()].JML accessible clause.0 
619611     DEBUG main            d.u.i.k.p.i.IntermediateProofReplayer Proof replay took 2.9ns 
623257     INFO  main            d.u.i.k.p.r.p.TestFile    ... finished proof: closed. 
623819     INFO  main            d.u.i.k.p.i.AbstractProblemLoader Loading environment from /home/runner/work/key/key/key.core/../key.ui/examples/heap/permissions/threads/Sampler_startTransfer_accessible.key.proof 
623819     DEBUG main            d.u.i.k.p.i.AbstractProblemLoader Environment load took 311.1ns 
623820     INFO  main            d.u.i.k.p.i.AbstractProblemLoader Creating init config 
628128     DEBUG main            d.u.i.k.p.i.AbstractProblemLoader Init config took 4.31s 
628214     INFO  main            d.u.i.k.p.i.AbstractProblemLoader Replaying proof Sampler[ThreadSpec2::startTransfer()].JML accessible clause.0 
628570     DEBUG main            d.u.i.k.p.i.IntermediateProofReplayer Proof replay took 348.32ms 
628571     DEBUG main            d.u.i.k.p.r.p.TestFile    ... success: reloaded. 
628572     INFO  main            d.u.i.k.p.r.p.TestFile    Now processing file /home/runner/work/key/key/key.core/../key.ui/examples/heap/permissions/threads/Sampler_startTransfer_contract.key 
628572     INFO  main            d.u.i.k.p.i.AbstractProblemLoader Loading environment from /home/runner/work/key/key/key.core/../key.ui/examples/heap/permissions/threads/Sampler_startTransfer_contract.key 
628573     DEBUG main            d.u.i.k.p.i.AbstractProblemLoader Environment load took 43ns 
628573     INFO  main            d.u.i.k.p.i.AbstractProblemLoader Creating init config 
632960     DEBUG main            d.u.i.k.p.i.AbstractProblemLoader Init config took 4.39s 
633033     INFO  main            d.u.i.k.p.i.AbstractProblemLoader Replaying proof Sampler[ThreadSpec2::startTransfer()].JML model_behavior operation contract.0 
633034     DEBUG main            d.u.i.k.p.i.IntermediateProofReplayer Proof replay took 3.5ns 
633136     INFO  main            d.u.i.k.p.r.p.TestFile    ... finished proof: closed. 
633696     INFO  main            d.u.i.k.p.i.AbstractProblemLoader Loading environment from /home/runner/work/key/key/key.core/../key.ui/examples/heap/permissions/threads/Sampler_startTransfer_contract.key.proof 
633696     DEBUG main            d.u.i.k.p.i.AbstractProblemLoader Environment load took 80.9ns 
633697     INFO  main            d.u.i.k.p.i.AbstractProblemLoader Creating init config 
638006     DEBUG main            d.u.i.k.p.i.AbstractProblemLoader Init config took 4.31s 
638078     INFO  main            d.u.i.k.p.i.AbstractProblemLoader Replaying proof Sampler[ThreadSpec2::startTransfer()].JML model_behavior operation contract.0 
638085     DEBUG main            d.u.i.k.p.i.IntermediateProofReplayer Proof replay took 5.91ms 
638086     DEBUG main            d.u.i.k.p.r.p.TestFile    ... success: reloaded. 
638087     INFO  main            d.u.i.k.p.r.p.TestFile    Now processing file /home/runner/work/key/key/key.core/../key.ui/examples/heap/permissions/threads/Sampler_stateInv_accessible.key 
638087     INFO  main            d.u.i.k.p.i.AbstractProblemLoader Loading environment from /home/runner/work/key/key/key.core/../key.ui/examples/heap/permissions/threads/Sampler_stateInv_accessible.key 
638087     DEBUG main            d.u.i.k.p.i.AbstractProblemLoader Environment load took 41.5ns 
638088     INFO  main            d.u.i.k.p.i.AbstractProblemLoader Creating init config 
642487     DEBUG main            d.u.i.k.p.i.AbstractProblemLoader Init config took 4.4s 
642575     INFO  main            d.u.i.k.p.i.AbstractProblemLoader Replaying proof Sampler[ThreadSpec2::stateInv()].JML accessible clause.0 
642577     DEBUG main            d.u.i.k.p.i.IntermediateProofReplayer Proof replay took 3.4ns 
642678     INFO  main            d.u.i.k.p.r.p.TestFile    ... finished proof: closed. 
643239     INFO  main            d.u.i.k.p.i.AbstractProblemLoader Loading environment from /home/runner/work/key/key/key.core/../key.ui/examples/heap/permissions/threads/Sampler_stateInv_accessible.key.proof 
643239     DEBUG main            d.u.i.k.p.i.AbstractProblemLoader Environment load took 92.2ns 
643240     INFO  main            d.u.i.k.p.i.AbstractProblemLoader Creating init config 
647557     DEBUG main            d.u.i.k.p.i.AbstractProblemLoader Init config took 4.32s 
647629     INFO  main            d.u.i.k.p.i.AbstractProblemLoader Replaying proof Sampler[ThreadSpec2::stateInv()].JML accessible clause.0 
647636     DEBUG main            d.u.i.k.p.i.IntermediateProofReplayer Proof replay took 4.79ms 
647636     DEBUG main            d.u.i.k.p.r.p.TestFile    ... success: reloaded. 
647637     INFO  main            d.u.i.k.p.r.p.TestFile    Now processing file /home/runner/work/key/key/key.core/../key.ui/examples/heap/permissions/threads/Sampler_staticPermissions_accessible.key 
647637     INFO  main            d.u.i.k.p.i.AbstractProblemLoader Loading environment from /home/runner/work/key/key/key.core/../key.ui/examples/heap/permissions/threads/Sampler_staticPermissions_accessible.key 
647637     DEBUG main            d.u.i.k.p.i.AbstractProblemLoader Environment load took 78.5ns 
647638     INFO  main            d.u.i.k.p.i.AbstractProblemLoader Creating init config 
652073     DEBUG main            d.u.i.k.p.i.AbstractProblemLoader Init config took 4.43s 
652159     INFO  main            d.u.i.k.p.i.AbstractProblemLoader Replaying proof Sampler[ThreadSpec2::staticPermissions()].JML accessible clause.0 
652160     DEBUG main            d.u.i.k.p.i.IntermediateProofReplayer Proof replay took 3.2ns 
652263     INFO  main            d.u.i.k.p.r.p.TestFile    ... finished proof: closed. 
652838     INFO  main            d.u.i.k.p.i.AbstractProblemLoader Loading environment from /home/runner/work/key/key/key.core/../key.ui/examples/heap/permissions/threads/Sampler_staticPermissions_accessible.key.proof 
652838     DEBUG main            d.u.i.k.p.i.AbstractProblemLoader Environment load took 85.8ns 
652839     INFO  main            d.u.i.k.p.i.AbstractProblemLoader Creating init config 
657150     DEBUG main            d.u.i.k.p.i.AbstractProblemLoader Init config took 4.31s 
657236     INFO  main            d.u.i.k.p.i.AbstractProblemLoader Replaying proof Sampler[ThreadSpec2::staticPermissions()].JML accessible clause.0 
657240     DEBUG main            d.u.i.k.p.i.IntermediateProofReplayer Proof replay took 2.75ms 
657241     DEBUG main            d.u.i.k.p.r.p.TestFile    ... success: reloaded. 
657241     INFO  main            d.u.i.k.p.r.p.TestFile    Now processing file /home/runner/work/key/key/key.core/../key.ui/examples/heap/permissions/threads/Sampler_workingPermissions_accessible.key 
657242     INFO  main            d.u.i.k.p.i.AbstractProblemLoader Loading environment from /home/runner/work/key/key/key.core/../key.ui/examples/heap/permissions/threads/Sampler_workingPermissions_accessible.key 
657242     DEBUG main            d.u.i.k.p.i.AbstractProblemLoader Environment load took 65ns 
657243     INFO  main            d.u.i.k.p.i.AbstractProblemLoader Creating init config 
661634     DEBUG main            d.u.i.k.p.i.AbstractProblemLoader Init config took 4.39s 
661706     INFO  main            d.u.i.k.p.i.AbstractProblemLoader Replaying proof Sampler[ThreadSpec2::workingPermissions()].JML accessible clause.0 
661707     DEBUG main            d.u.i.k.p.i.IntermediateProofReplayer Proof replay took 3.3ns 
661809     INFO  main            d.u.i.k.p.r.p.TestFile    ... finished proof: closed. 
662384     INFO  main            d.u.i.k.p.i.AbstractProblemLoader Loading environment from /home/runner/work/key/key/key.core/../key.ui/examples/heap/permissions/threads/Sampler_workingPermissions_accessible.key.proof 
662384     DEBUG main            d.u.i.k.p.i.AbstractProblemLoader Environment load took 109.6ns 
662384     INFO  main            d.u.i.k.p.i.AbstractProblemLoader Creating init config 
666714     DEBUG main            d.u.i.k.p.i.AbstractProblemLoader Init config took 4.33s 
666797     INFO  main            d.u.i.k.p.i.AbstractProblemLoader Replaying proof Sampler[ThreadSpec2::workingPermissions()].JML accessible clause.0 
666803     DEBUG main            d.u.i.k.p.i.IntermediateProofReplayer Proof replay took 4.23ms 
666803     DEBUG main            d.u.i.k.p.r.p.TestFile    ... success: reloaded. 
666804     INFO  main            d.u.i.k.p.r.p.TestFile    Now processing file /home/runner/work/key/key/key.core/../key.ui/examples/heap/permissions/mulleretal/ReadWrite_doRead_contract.key 
666804     INFO  main            d.u.i.k.p.i.AbstractProblemLoader Loading environment from /home/runner/work/key/key/key.core/../key.ui/examples/heap/permissions/mulleretal/ReadWrite_doRead_contract.key 
666804     DEBUG main            d.u.i.k.p.i.AbstractProblemLoader Environment load took 43.8ns 
666805     INFO  main            d.u.i.k.p.i.AbstractProblemLoader Creating init config 
669329     DEBUG main            d.u.i.k.p.i.AbstractProblemLoader Init config took 2.52s 
669360     INFO  main            d.u.i.k.p.i.AbstractProblemLoader Replaying proof ReadWrite[ReadWrite::doRead()].JML normal_behavior operation contract.0 
669362     DEBUG main            d.u.i.k.p.i.IntermediateProofReplayer Proof replay took 3.6ns 
670967     INFO  main            d.u.i.k.p.r.p.TestFile    ... finished proof: closed. 
671592     INFO  main            d.u.i.k.p.i.AbstractProblemLoader Loading environment from /home/runner/work/key/key/key.core/../key.ui/examples/heap/permissions/mulleretal/ReadWrite_doRead_contract.key.proof 
671592     DEBUG main            d.u.i.k.p.i.AbstractProblemLoader Environment load took 329.9ns 
671593     INFO  main            d.u.i.k.p.i.AbstractProblemLoader Creating init config 
674055     DEBUG main            d.u.i.k.p.i.AbstractProblemLoader Init config took 2.46s 
674086     INFO  main            d.u.i.k.p.i.AbstractProblemLoader Replaying proof ReadWrite[ReadWrite::doRead()].JML normal_behavior operation contract.0 
674375     DEBUG main            d.u.i.k.p.i.IntermediateProofReplayer Proof replay took 283.67ms 
674375     DEBUG main            d.u.i.k.p.r.p.TestFile    ... success: reloaded. 
674376     INFO  main            d.u.i.k.p.r.p.TestFile    Now processing file /home/runner/work/key/key/key.core/../key.ui/examples/heap/permissions/mulleretal/ReadWrite_doWrite_contract.key 
674376     INFO  main            d.u.i.k.p.i.AbstractProblemLoader Loading environment from /home/runner/work/key/key/key.core/../key.ui/examples/heap/permissions/mulleretal/ReadWrite_doWrite_contract.key 
674376     DEBUG main            d.u.i.k.p.i.AbstractProblemLoader Environment load took 72.9ns 
674377     INFO  main            d.u.i.k.p.i.AbstractProblemLoader Creating init config 
676871     DEBUG main            d.u.i.k.p.i.AbstractProblemLoader Init config took 2.49s 
676902     INFO  main            d.u.i.k.p.i.AbstractProblemLoader Replaying proof ReadWrite[ReadWrite::doWrite()].JML normal_behavior operation contract.0 
676903     DEBUG main            d.u.i.k.p.i.IntermediateProofReplayer Proof replay took 2.8ns 
678508     INFO  main            d.u.i.k.p.r.p.TestFile    ... finished proof: closed. 
679105     INFO  main            d.u.i.k.p.i.AbstractProblemLoader Loading environment from /home/runner/work/key/key/key.core/../key.ui/examples/heap/permissions/mulleretal/ReadWrite_doWrite_contract.key.proof 
679105     DEBUG main            d.u.i.k.p.i.AbstractProblemLoader Environment load took 77.9ns 
679106     INFO  main            d.u.i.k.p.i.AbstractProblemLoader Creating init config 
681557     DEBUG main            d.u.i.k.p.i.AbstractProblemLoader Init config took 2.45s 
681591     INFO  main            d.u.i.k.p.i.AbstractProblemLoader Replaying proof ReadWrite[ReadWrite::doWrite()].JML normal_behavior operation contract.0 
681896     DEBUG main            d.u.i.k.p.i.IntermediateProofReplayer Proof replay took 300.46ms 
681897     DEBUG main            d.u.i.k.p.r.p.TestFile    ... success: reloaded. 
681898     INFO  main            d.u.i.k.p.r.p.TestFile    Now processing file /home/runner/work/key/key/key.core/../key.ui/examples/heap/permissions/mulleretal/ReadWrite_read_contract.key 
681898     INFO  main            d.u.i.k.p.i.AbstractProblemLoader Loading environment from /home/runner/work/key/key/key.core/../key.ui/examples/heap/permissions/mulleretal/ReadWrite_read_contract.key 
681898     DEBUG main            d.u.i.k.p.i.AbstractProblemLoader Environment load took 65.9ns 
681899     INFO  main            d.u.i.k.p.i.AbstractProblemLoader Creating init config 
684405     DEBUG main            d.u.i.k.p.i.AbstractProblemLoader Init config took 2.51s 
684459     INFO  main            d.u.i.k.p.i.AbstractProblemLoader Replaying proof ReadWrite[ReadWrite::read()].JML normal_behavior operation contract.0 
684460     DEBUG main            d.u.i.k.p.i.IntermediateProofReplayer Proof replay took 3.2ns 
684562     INFO  main            d.u.i.k.p.r.p.TestFile    ... finished proof: closed. 
685146     INFO  main            d.u.i.k.p.i.AbstractProblemLoader Loading environment from /home/runner/work/key/key/key.core/../key.ui/examples/heap/permissions/mulleretal/ReadWrite_read_contract.key.proof 
685146     DEBUG main            d.u.i.k.p.i.AbstractProblemLoader Environment load took 74.6ns 
685147     INFO  main            d.u.i.k.p.i.AbstractProblemLoader Creating init config 
687595     DEBUG main            d.u.i.k.p.i.AbstractProblemLoader Init config took 2.45s 
687626     INFO  main            d.u.i.k.p.i.AbstractProblemLoader Replaying proof ReadWrite[ReadWrite::read()].JML normal_behavior operation contract.0 
687632     DEBUG main            d.u.i.k.p.i.IntermediateProofReplayer Proof replay took 4.93ms 
687633     DEBUG main            d.u.i.k.p.r.p.TestFile    ... success: reloaded. 
687634     INFO  main            d.u.i.k.p.r.p.TestFile    Now processing file /home/runner/work/key/key/key.core/../key.ui/examples/heap/permissions/mulleretal/ReadWrite_write_contract.key 
687634     INFO  main            d.u.i.k.p.i.AbstractProblemLoader Loading environment from /home/runner/work/key/key/key.core/../key.ui/examples/heap/permissions/mulleretal/ReadWrite_write_contract.key 
687634     DEBUG main            d.u.i.k.p.i.AbstractProblemLoader Environment load took 54.6ns 
687635     INFO  main            d.u.i.k.p.i.AbstractProblemLoader Creating init config 
690114     DEBUG main            d.u.i.k.p.i.AbstractProblemLoader Init config took 2.48s 
690144     INFO  main            d.u.i.k.p.i.AbstractProblemLoader Replaying proof ReadWrite[ReadWrite::write()].JML normal_behavior operation contract.0 
690145     DEBUG main            d.u.i.k.p.i.IntermediateProofReplayer Proof replay took 2.7ns 
690247     INFO  main            d.u.i.k.p.r.p.TestFile    ... finished proof: closed. 
690896     INFO  main            d.u.i.k.p.i.AbstractProblemLoader Loading environment from /home/runner/work/key/key/key.core/../key.ui/examples/heap/permissions/mulleretal/ReadWrite_write_contract.key.proof 
690896     DEBUG main            d.u.i.k.p.i.AbstractProblemLoader Environment load took 420.4ns 
690897     INFO  main            d.u.i.k.p.i.AbstractProblemLoader Creating init config 
693340     DEBUG main            d.u.i.k.p.i.AbstractProblemLoader Init config took 2.44s 
693371     INFO  main            d.u.i.k.p.i.AbstractProblemLoader Replaying proof ReadWrite[ReadWrite::write()].JML normal_behavior operation contract.0 
693390     DEBUG main            d.u.i.k.p.i.IntermediateProofReplayer Proof replay took 17.18ms 
693390     DEBUG main            d.u.i.k.p.r.p.TestFile    ... success: reloaded. 
693391     INFO  main            d.u.i.k.p.r.p.TestFile    Now processing file /home/runner/work/key/key/key.core/../key.ui/examples/heap/permissions/mulleretal/ReadWrite_inv1_accessible.key 
693391     INFO  main            d.u.i.k.p.i.AbstractProblemLoader Loading environment from /home/runner/work/key/key/key.core/../key.ui/examples/heap/permissions/mulleretal/ReadWrite_inv1_accessible.key 
693391     DEBUG main            d.u.i.k.p.i.AbstractProblemLoader Environment load took 87.3ns 
693392     INFO  main            d.u.i.k.p.i.AbstractProblemLoader Creating init config 
695864     DEBUG main            d.u.i.k.p.i.AbstractProblemLoader Init config took 2.47s 
695894     INFO  main            d.u.i.k.p.i.AbstractProblemLoader Replaying proof ReadWrite[java.lang.Object::<inv>()].JML accessible clause.0 
695895     DEBUG main            d.u.i.k.p.i.IntermediateProofReplayer Proof replay took 2.5ns 
695996     INFO  main            d.u.i.k.p.r.p.TestFile    ... finished proof: closed. 
696586     INFO  main            d.u.i.k.p.i.AbstractProblemLoader Loading environment from /home/runner/work/key/key/key.core/../key.ui/examples/heap/permissions/mulleretal/ReadWrite_inv1_accessible.key.proof 
696586     DEBUG main            d.u.i.k.p.i.AbstractProblemLoader Environment load took 73ns 
696587     INFO  main            d.u.i.k.p.i.AbstractProblemLoader Creating init config 
699027     DEBUG main            d.u.i.k.p.i.AbstractProblemLoader Init config took 2.44s 
699057     INFO  main            d.u.i.k.p.i.AbstractProblemLoader Replaying proof ReadWrite[java.lang.Object::<inv>()].JML accessible clause.0 
699060     DEBUG main            d.u.i.k.p.i.IntermediateProofReplayer Proof replay took 1.27ms 
699060     DEBUG main            d.u.i.k.p.r.p.TestFile    ... success: reloaded. 
699061     INFO  main            d.u.i.k.p.r.p.TestFile    Now processing file /home/runner/work/key/key/key.core/../key.ui/examples/heap/permissions/mulleretal/ReadWrite_inv2_accessible.key 
699061     INFO  main            d.u.i.k.p.i.AbstractProblemLoader Loading environment from /home/runner/work/key/key/key.core/../key.ui/examples/heap/permissions/mulleretal/ReadWrite_inv2_accessible.key 
699061     DEBUG main            d.u.i.k.p.i.AbstractProblemLoader Environment load took 39.1ns 
699062     INFO  main            d.u.i.k.p.i.AbstractProblemLoader Creating init config 
701534     DEBUG main            d.u.i.k.p.i.AbstractProblemLoader Init config took 2.47s 
701565     INFO  main            d.u.i.k.p.i.AbstractProblemLoader Replaying proof ReadWrite[java.lang.Object::<inv>()].JML accessible clause.1 
701566     DEBUG main            d.u.i.k.p.i.IntermediateProofReplayer Proof replay took 2.5ns 
701667     INFO  main            d.u.i.k.p.r.p.TestFile    ... finished proof: closed. 
702259     INFO  main            d.u.i.k.p.i.AbstractProblemLoader Loading environment from /home/runner/work/key/key/key.core/../key.ui/examples/heap/permissions/mulleretal/ReadWrite_inv2_accessible.key.proof 
702259     DEBUG main            d.u.i.k.p.i.AbstractProblemLoader Environment load took 71.2ns 
702259     INFO  main            d.u.i.k.p.i.AbstractProblemLoader Creating init config 
704806     DEBUG main            d.u.i.k.p.i.AbstractProblemLoader Init config took 2.55s 
704836     INFO  main            d.u.i.k.p.i.AbstractProblemLoader Replaying proof ReadWrite[java.lang.Object::<inv>()].JML accessible clause.1 
704839     DEBUG main            d.u.i.k.p.i.IntermediateProofReplayer Proof replay took 1.24ms 
704839     DEBUG main            d.u.i.k.p.r.p.TestFile    ... success: reloaded. 
704840     INFO  main            d.u.i.k.p.r.p.TestFile    Now processing file /home/runner/work/key/key/key.core/../key.ui/examples/heap/permissions/lockspec/Counter_lockConsistent_contract.key 
704840     INFO  main            d.u.i.k.p.i.AbstractProblemLoader Loading environment from /home/runner/work/key/key/key.core/../key.ui/examples/heap/permissions/lockspec/Counter_lockConsistent_contract.key 
704840     DEBUG main            d.u.i.k.p.i.AbstractProblemLoader Environment load took 37.3ns 
704841     INFO  main            d.u.i.k.p.i.AbstractProblemLoader Creating init config 
707867     DEBUG main            d.u.i.k.p.i.AbstractProblemLoader Init config took 3.03s 
707915     INFO  main            d.u.i.k.p.i.AbstractProblemLoader Replaying proof Counter[LockSpec::lockConsistent()].JML model_behavior operation contract.0 
707916     DEBUG main            d.u.i.k.p.i.IntermediateProofReplayer Proof replay took 3.8ns 
708924     INFO  main            d.u.i.k.p.r.p.TestFile    ... finished proof: closed. 
709538     INFO  main            d.u.i.k.p.i.AbstractProblemLoader Loading environment from /home/runner/work/key/key/key.core/../key.ui/examples/heap/permissions/lockspec/Counter_lockConsistent_contract.key.proof 
709538     DEBUG main            d.u.i.k.p.i.AbstractProblemLoader Environment load took 128.4ns 
709539     INFO  main            d.u.i.k.p.i.AbstractProblemLoader Creating init config 
712584     DEBUG main            d.u.i.k.p.i.AbstractProblemLoader Init config took 3.05s 
712656     INFO  main            d.u.i.k.p.i.AbstractProblemLoader Replaying proof Counter[LockSpec::lockConsistent()].JML model_behavior operation contract.0 
712877     DEBUG main            d.u.i.k.p.i.IntermediateProofReplayer Proof replay took 205.84ms 
712879     DEBUG main            d.u.i.k.p.r.p.TestFile    ... success: reloaded. 
712879     INFO  main            d.u.i.k.p.r.p.TestFile    Now processing file /home/runner/work/key/key/key.core/../key.ui/examples/heap/permissions/lockspec/Counter_increase_contract.key 
712880     INFO  main            d.u.i.k.p.i.AbstractProblemLoader Loading environment from /home/runner/work/key/key/key.core/../key.ui/examples/heap/permissions/lockspec/Counter_increase_contract.key 
712880     DEBUG main            d.u.i.k.p.i.AbstractProblemLoader Environment load took 146ns 
712881     INFO  main            d.u.i.k.p.i.AbstractProblemLoader Creating init config 
716107     DEBUG main            d.u.i.k.p.i.AbstractProblemLoader Init config took 3.23s 
716174     INFO  main            d.u.i.k.p.i.AbstractProblemLoader Replaying proof Counter[Counter::increase()].JML normal_behavior operation contract.0 
716181     DEBUG main            d.u.i.k.p.i.IntermediateProofReplayer Proof replay took 3.2ns 
718288     INFO  main            d.u.i.k.p.r.p.TestFile    ... finished proof: closed. 
718915     INFO  main            d.u.i.k.p.i.AbstractProblemLoader Loading environment from /home/runner/work/key/key/key.core/../key.ui/examples/heap/permissions/lockspec/Counter_increase_contract.key.proof 
718915     DEBUG main            d.u.i.k.p.i.AbstractProblemLoader Environment load took 80.3ns 
718917     INFO  main            d.u.i.k.p.i.AbstractProblemLoader Creating init config 
722009     DEBUG main            d.u.i.k.p.i.AbstractProblemLoader Init config took 3.09s 
722058     INFO  main            d.u.i.k.p.i.AbstractProblemLoader Replaying proof Counter[Counter::increase()].JML normal_behavior operation contract.0 
722244     DEBUG main            d.u.i.k.p.i.IntermediateProofReplayer Proof replay took 169.77ms 
722246     DEBUG main            d.u.i.k.p.r.p.TestFile    ... success: reloaded. 
722247     INFO  main            d.u.i.k.p.r.p.TestFile    Now processing file /home/runner/work/key/key/key.core/../key.ui/examples/heap/permissions/lockspec/Counter_fp_accessible.key 
722256     INFO  main            d.u.i.k.p.i.AbstractProblemLoader Loading environment from /home/runner/work/key/key/key.core/../key.ui/examples/heap/permissions/lockspec/Counter_fp_accessible.key 
722256     DEBUG main            d.u.i.k.p.i.AbstractProblemLoader Environment load took 166ns 
722257     INFO  main            d.u.i.k.p.i.AbstractProblemLoader Creating init config 
725283     DEBUG main            d.u.i.k.p.i.AbstractProblemLoader Init config took 3.03s 
725337     INFO  main            d.u.i.k.p.i.AbstractProblemLoader Replaying proof Counter[LockSpec::fp()].JML accessible clause.0 
725339     DEBUG main            d.u.i.k.p.i.IntermediateProofReplayer Proof replay took 3.5ns 
725440     INFO  main            d.u.i.k.p.r.p.TestFile    ... finished proof: closed. 
726043     INFO  main            d.u.i.k.p.i.AbstractProblemLoader Loading environment from /home/runner/work/key/key/key.core/../key.ui/examples/heap/permissions/lockspec/Counter_fp_accessible.key.proof 
726043     DEBUG main            d.u.i.k.p.i.AbstractProblemLoader Environment load took 69.6ns 
726044     INFO  main            d.u.i.k.p.i.AbstractProblemLoader Creating init config 
729134     DEBUG main            d.u.i.k.p.i.AbstractProblemLoader Init config took 3.09s 
729187     INFO  main            d.u.i.k.p.i.AbstractProblemLoader Replaying proof Counter[LockSpec::fp()].JML accessible clause.0 
729196     DEBUG main            d.u.i.k.p.i.IntermediateProofReplayer Proof replay took 7.24ms 
729197     DEBUG main            d.u.i.k.p.r.p.TestFile    ... success: reloaded. 
729198     INFO  main            d.u.i.k.p.r.p.TestFile    Now processing file /home/runner/work/key/key/key.core/../key.ui/examples/heap/permissions/lockspec/Counter_fpLock_accessible.key 
729199     INFO  main            d.u.i.k.p.i.AbstractProblemLoader Loading environment from /home/runner/work/key/key/key.core/../key.ui/examples/heap/permissions/lockspec/Counter_fpLock_accessible.key 
729199     DEBUG main            d.u.i.k.p.i.AbstractProblemLoader Environment load took 156.9ns 
729199     INFO  main            d.u.i.k.p.i.AbstractProblemLoader Creating init config 
732445     DEBUG main            d.u.i.k.p.i.AbstractProblemLoader Init config took 3.25s 
732494     INFO  main            d.u.i.k.p.i.AbstractProblemLoader Replaying proof Counter[LockSpec::fpLock()].JML accessible clause.0 
732496     DEBUG main            d.u.i.k.p.i.IntermediateProofReplayer Proof replay took 3ns 
732598     INFO  main            d.u.i.k.p.r.p.TestFile    ... finished proof: closed. 
733214     INFO  main            d.u.i.k.p.i.AbstractProblemLoader Loading environment from /home/runner/work/key/key/key.core/../key.ui/examples/heap/permissions/lockspec/Counter_fpLock_accessible.key.proof 
733214     DEBUG main            d.u.i.k.p.i.AbstractProblemLoader Environment load took 73.7ns 
733215     INFO  main            d.u.i.k.p.i.AbstractProblemLoader Creating init config 
736196     DEBUG main            d.u.i.k.p.i.AbstractProblemLoader Init config took 2.98s 
736250     INFO  main            d.u.i.k.p.i.AbstractProblemLoader Replaying proof Counter[LockSpec::fpLock()].JML accessible clause.0 
736259     DEBUG main            d.u.i.k.p.i.IntermediateProofReplayer Proof replay took 7.62ms 
736260     DEBUG main            d.u.i.k.p.r.p.TestFile    ... success: reloaded. 
736261     INFO  main            d.u.i.k.p.r.p.TestFile    Now processing file /home/runner/work/key/key/key.core/../key.ui/examples/heap/permissions/lockspec/Counter_fpPerm_accessible.key 
736261     INFO  main            d.u.i.k.p.i.AbstractProblemLoader Loading environment from /home/runner/work/key/key/key.core/../key.ui/examples/heap/permissions/lockspec/Counter_fpPerm_accessible.key 
736261     DEBUG main            d.u.i.k.p.i.AbstractProblemLoader Environment load took 149.6ns 
736262     INFO  main            d.u.i.k.p.i.AbstractProblemLoader Creating init config 
739328     DEBUG main            d.u.i.k.p.i.AbstractProblemLoader Init config took 3.07s 
739382     INFO  main            d.u.i.k.p.i.AbstractProblemLoader Replaying proof Counter[LockSpec::fpPerm()].JML accessible clause.0 
739384     DEBUG main            d.u.i.k.p.i.IntermediateProofReplayer Proof replay took 3.8ns 
739485     INFO  main            d.u.i.k.p.r.p.TestFile    ... finished proof: closed. 
740109     INFO  main            d.u.i.k.p.i.AbstractProblemLoader Loading environment from /home/runner/work/key/key/key.core/../key.ui/examples/heap/permissions/lockspec/Counter_fpPerm_accessible.key.proof 
740109     DEBUG main            d.u.i.k.p.i.AbstractProblemLoader Environment load took 73ns 
740110     INFO  main            d.u.i.k.p.i.AbstractProblemLoader Creating init config 
743067     DEBUG main            d.u.i.k.p.i.AbstractProblemLoader Init config took 2.96s 
743121     INFO  main            d.u.i.k.p.i.AbstractProblemLoader Replaying proof Counter[LockSpec::fpPerm()].JML accessible clause.0 
743138     DEBUG main            d.u.i.k.p.i.IntermediateProofReplayer Proof replay took 15.26ms 
743139     DEBUG main            d.u.i.k.p.r.p.TestFile    ... success: reloaded. 
743139     INFO  main            d.u.i.k.p.r.p.TestFile    Now processing file /home/runner/work/key/key/key.core/../key.ui/examples/heap/permissions/lockspec/Counter_inv_accessible1.key 
743140     INFO  main            d.u.i.k.p.i.AbstractProblemLoader Loading environment from /home/runner/work/key/key/key.core/../key.ui/examples/heap/permissions/lockspec/Counter_inv_accessible1.key 
743140     DEBUG main            d.u.i.k.p.i.AbstractProblemLoader Environment load took 150.3ns 
743141     INFO  main            d.u.i.k.p.i.AbstractProblemLoader Creating init config 
746184     DEBUG main            d.u.i.k.p.i.AbstractProblemLoader Init config took 3.04s 
746230     INFO  main            d.u.i.k.p.i.AbstractProblemLoader Replaying proof Counter[java.lang.Object::<inv>()].JML accessible clause.0 
746232     DEBUG main            d.u.i.k.p.i.IntermediateProofReplayer Proof replay took 2.5ns 
746333     INFO  main            d.u.i.k.p.r.p.TestFile    ... finished proof: closed. 
746969     INFO  main            d.u.i.k.p.i.AbstractProblemLoader Loading environment from /home/runner/work/key/key/key.core/../key.ui/examples/heap/permissions/lockspec/Counter_inv_accessible1.key.proof 
746969     DEBUG main            d.u.i.k.p.i.AbstractProblemLoader Environment load took 70.2ns 
746969     INFO  main            d.u.i.k.p.i.AbstractProblemLoader Creating init config 
749945     DEBUG main            d.u.i.k.p.i.AbstractProblemLoader Init config took 2.98s 
750000     INFO  main            d.u.i.k.p.i.AbstractProblemLoader Replaying proof Counter[java.lang.Object::<inv>()].JML accessible clause.0 
750010     DEBUG main            d.u.i.k.p.i.IntermediateProofReplayer Proof replay took 8.71ms 
750011     DEBUG main            d.u.i.k.p.r.p.TestFile    ... success: reloaded. 
750012     INFO  main            d.u.i.k.p.r.p.TestFile    Now processing file /home/runner/work/key/key/key.core/../key.ui/examples/heap/permissions/lockspec/Counter_inv_accessible2.key 
750012     INFO  main            d.u.i.k.p.i.AbstractProblemLoader Loading environment from /home/runner/work/key/key/key.core/../key.ui/examples/heap/permissions/lockspec/Counter_inv_accessible2.key 
750012     DEBUG main            d.u.i.k.p.i.AbstractProblemLoader Environment load took 143.8ns 
750013     INFO  main            d.u.i.k.p.i.AbstractProblemLoader Creating init config 
753069     DEBUG main            d.u.i.k.p.i.AbstractProblemLoader Init config took 3.06s 
753124     INFO  main            d.u.i.k.p.i.AbstractProblemLoader Replaying proof Counter[java.lang.Object::<inv>()].JML accessible clause.1 
753125     DEBUG main            d.u.i.k.p.i.IntermediateProofReplayer Proof replay took 4ns 
753227     INFO  main            d.u.i.k.p.r.p.TestFile    ... finished proof: closed. 
753866     INFO  main            d.u.i.k.p.i.AbstractProblemLoader Loading environment from /home/runner/work/key/key/key.core/../key.ui/examples/heap/permissions/lockspec/Counter_inv_accessible2.key.proof 
753866     DEBUG main            d.u.i.k.p.i.AbstractProblemLoader Environment load took 73.8ns 
753867     INFO  main            d.u.i.k.p.i.AbstractProblemLoader Creating init config 
756830     DEBUG main            d.u.i.k.p.i.AbstractProblemLoader Init config took 2.96s 
756884     INFO  main            d.u.i.k.p.i.AbstractProblemLoader Replaying proof Counter[java.lang.Object::<inv>()].JML accessible clause.1 
756895     DEBUG main            d.u.i.k.p.i.IntermediateProofReplayer Proof replay took 8.48ms 
756895     DEBUG main            d.u.i.k.p.r.p.TestFile    ... success: reloaded. 
756896     INFO  main            d.u.i.k.p.r.p.TestFile    Now processing file /home/runner/work/key/key/key.core/../key.ui/examples/heap/permissions/lockspec/Counter_lockRef_accessible.key 
756896     INFO  main            d.u.i.k.p.i.AbstractProblemLoader Loading environment from /home/runner/work/key/key/key.core/../key.ui/examples/heap/permissions/lockspec/Counter_lockRef_accessible.key 
756897     DEBUG main            d.u.i.k.p.i.AbstractProblemLoader Environment load took 147.3ns 
756897     INFO  main            d.u.i.k.p.i.AbstractProblemLoader Creating init config 
759946     DEBUG main            d.u.i.k.p.i.AbstractProblemLoader Init config took 3.05s 
759992     INFO  main            d.u.i.k.p.i.AbstractProblemLoader Replaying proof Counter[LockSpec::lockRef()].JML accessible clause.0 
759993     DEBUG main            d.u.i.k.p.i.IntermediateProofReplayer Proof replay took 3.1ns 
760196     INFO  main            d.u.i.k.p.r.p.TestFile    ... finished proof: closed. 
760834     INFO  main            d.u.i.k.p.i.AbstractProblemLoader Loading environment from /home/runner/work/key/key/key.core/../key.ui/examples/heap/permissions/lockspec/Counter_lockRef_accessible.key.proof 
760834     DEBUG main            d.u.i.k.p.i.AbstractProblemLoader Environment load took 73.3ns 
760835     INFO  main            d.u.i.k.p.i.AbstractProblemLoader Creating init config 
763813     DEBUG main            d.u.i.k.p.i.AbstractProblemLoader Init config took 2.98s 
763867     INFO  main            d.u.i.k.p.i.AbstractProblemLoader Replaying proof Counter[LockSpec::lockRef()].JML accessible clause.0 
763898     DEBUG main            d.u.i.k.p.i.IntermediateProofReplayer Proof replay took 28.38ms 
763899     DEBUG main            d.u.i.k.p.r.p.TestFile    ... success: reloaded. 
763900     INFO  main            d.u.i.k.p.r.p.TestFile    Now processing file /home/runner/work/key/key/key.core/../key.ui/examples/heap/permissions/lockspec/Counter_lockRef_contract1.key 
763900     INFO  main            d.u.i.k.p.i.AbstractProblemLoader Loading environment from /home/runner/work/key/key/key.core/../key.ui/examples/heap/permissions/lockspec/Counter_lockRef_contract1.key 
763900     DEBUG main            d.u.i.k.p.i.AbstractProblemLoader Environment load took 146.8ns 
763901     INFO  main            d.u.i.k.p.i.AbstractProblemLoader Creating init config 
766937     DEBUG main            d.u.i.k.p.i.AbstractProblemLoader Init config took 3.04s 
766984     INFO  main            d.u.i.k.p.i.AbstractProblemLoader Replaying proof Counter[LockSpec::lockRef()].JML model_behavior operation contract.0 
766985     DEBUG main            d.u.i.k.p.i.IntermediateProofReplayer Proof replay took 3.1ns 
767086     INFO  main            d.u.i.k.p.r.p.TestFile    ... finished proof: closed. 
767732     INFO  main            d.u.i.k.p.i.AbstractProblemLoader Loading environment from /home/runner/work/key/key/key.core/../key.ui/examples/heap/permissions/lockspec/Counter_lockRef_contract1.key.proof 
767732     DEBUG main            d.u.i.k.p.i.AbstractProblemLoader Environment load took 74.3ns 
767733     INFO  main            d.u.i.k.p.i.AbstractProblemLoader Creating init config 
770711     DEBUG main            d.u.i.k.p.i.AbstractProblemLoader Init config took 2.98s 
770765     INFO  main            d.u.i.k.p.i.AbstractProblemLoader Replaying proof Counter[LockSpec::lockRef()].JML model_behavior operation contract.0 
770771     DEBUG main            d.u.i.k.p.i.IntermediateProofReplayer Proof replay took 4.04ms 
770771     DEBUG main            d.u.i.k.p.r.p.TestFile    ... success: reloaded. 
770772     INFO  main            d.u.i.k.p.r.p.TestFile    Now processing file /home/runner/work/key/key/key.core/../key.ui/examples/heap/permissions/lockspec/Counter_lockRef_contract2.key 
770772     INFO  main            d.u.i.k.p.i.AbstractProblemLoader Loading environment from /home/runner/work/key/key/key.core/../key.ui/examples/heap/permissions/lockspec/Counter_lockRef_contract2.key 
770772     DEBUG main            d.u.i.k.p.i.AbstractProblemLoader Environment load took 69.2ns 
770773     INFO  main            d.u.i.k.p.i.AbstractProblemLoader Creating init config 
773793     DEBUG main            d.u.i.k.p.i.AbstractProblemLoader Init config took 3.02s 
773839     INFO  main            d.u.i.k.p.i.AbstractProblemLoader Replaying proof Counter[Counter::lockRef()].JML model_behavior operation contract.0 
773840     DEBUG main            d.u.i.k.p.i.IntermediateProofReplayer Proof replay took 3.1ns 
773942     INFO  main            d.u.i.k.p.r.p.TestFile    ... finished proof: closed. 
774588     INFO  main            d.u.i.k.p.i.AbstractProblemLoader Loading environment from /home/runner/work/key/key/key.core/../key.ui/examples/heap/permissions/lockspec/Counter_lockRef_contract2.key.proof 
774588     DEBUG main            d.u.i.k.p.i.AbstractProblemLoader Environment load took 69.5ns 
774589     INFO  main            d.u.i.k.p.i.AbstractProblemLoader Creating init config 
777568     DEBUG main            d.u.i.k.p.i.AbstractProblemLoader Init config took 2.98s 
777623     INFO  main            d.u.i.k.p.i.AbstractProblemLoader Replaying proof Counter[Counter::lockRef()].JML model_behavior operation contract.0 
777646     DEBUG main            d.u.i.k.p.i.IntermediateProofReplayer Proof replay took 22.05ms 
777647     DEBUG main            d.u.i.k.p.r.p.TestFile    ... success: reloaded. 
777647     INFO  main            d.u.i.k.p.r.p.TestFile    Now processing file /home/runner/work/key/key/key.core/../key.ui/examples/heap/permissions/lockspec/Counter_lockState_accessible.key 
777648     INFO  main            d.u.i.k.p.i.AbstractProblemLoader Loading environment from /home/runner/work/key/key/key.core/../key.ui/examples/heap/permissions/lockspec/Counter_lockState_accessible.key 
777648     DEBUG main            d.u.i.k.p.i.AbstractProblemLoader Environment load took 68.5ns 
777648     INFO  main            d.u.i.k.p.i.AbstractProblemLoader Creating init config 
780720     DEBUG main            d.u.i.k.p.i.AbstractProblemLoader Init config took 3.07s 
780785     INFO  main            d.u.i.k.p.i.AbstractProblemLoader Replaying proof Counter[LockSpec::lockState(boolean)].JML accessible clause.0 
780786     DEBUG main            d.u.i.k.p.i.IntermediateProofReplayer Proof replay took 3.6ns 
780988     INFO  main            d.u.i.k.p.r.p.TestFile    ... finished proof: closed. 
781661     INFO  main            d.u.i.k.p.i.AbstractProblemLoader Loading environment from /home/runner/work/key/key/key.core/../key.ui/examples/heap/permissions/lockspec/Counter_lockState_accessible.key.proof 
781661     DEBUG main            d.u.i.k.p.i.AbstractProblemLoader Environment load took 72.7ns 
781662     INFO  main            d.u.i.k.p.i.AbstractProblemLoader Creating init config 
784748     DEBUG main            d.u.i.k.p.i.AbstractProblemLoader Init config took 3.09s 
784812     INFO  main            d.u.i.k.p.i.AbstractProblemLoader Replaying proof Counter[LockSpec::lockState(boolean)].JML accessible clause.0 
784857     DEBUG main            d.u.i.k.p.i.IntermediateProofReplayer Proof replay took 42.51ms 
784858     DEBUG main            d.u.i.k.p.r.p.TestFile    ... success: reloaded. 
784859     INFO  main            d.u.i.k.p.r.p.TestFile    Now processing file /home/runner/work/key/key/key.core/../key.ui/examples/heap/permissions/lockspec/Counter_lockStatus_accessible.key 
784861     INFO  main            d.u.i.k.p.i.AbstractProblemLoader Loading environment from /home/runner/work/key/key/key.core/../key.ui/examples/heap/permissions/lockspec/Counter_lockStatus_accessible.key 
784862     DEBUG main            d.u.i.k.p.i.AbstractProblemLoader Environment load took 741.61ns 
784862     INFO  main            d.u.i.k.p.i.AbstractProblemLoader Creating init config 
787932     DEBUG main            d.u.i.k.p.i.AbstractProblemLoader Init config took 3.07s 
787979     INFO  main            d.u.i.k.p.i.AbstractProblemLoader Replaying proof Counter[LockSpec::lockStatus(boolean)].JML accessible clause.0 
787980     DEBUG main            d.u.i.k.p.i.IntermediateProofReplayer Proof replay took 3.4ns 
788081     INFO  main            d.u.i.k.p.r.p.TestFile    ... finished proof: closed. 
788746     INFO  main            d.u.i.k.p.i.AbstractProblemLoader Loading environment from /home/runner/work/key/key/key.core/../key.ui/examples/heap/permissions/lockspec/Counter_lockStatus_accessible.key.proof 
788746     DEBUG main            d.u.i.k.p.i.AbstractProblemLoader Environment load took 73.4ns 
788747     INFO  main            d.u.i.k.p.i.AbstractProblemLoader Creating init config 
791736     DEBUG main            d.u.i.k.p.i.AbstractProblemLoader Init config took 2.99s 
791794     INFO  main            d.u.i.k.p.i.AbstractProblemLoader Replaying proof Counter[LockSpec::lockStatus(boolean)].JML accessible clause.0 
791813     DEBUG main            d.u.i.k.p.i.IntermediateProofReplayer Proof replay took 17.32ms 
791814     DEBUG main            d.u.i.k.p.r.p.TestFile    ... success: reloaded. 
791815     INFO  main            d.u.i.k.p.r.p.TestFile    Now processing file /home/runner/work/key/key/key.core/../key.ui/examples/heap/permissions/lockspec/Counter_lockTransfer_accessible.key 
791815     INFO  main            d.u.i.k.p.i.AbstractProblemLoader Loading environment from /home/runner/work/key/key/key.core/../key.ui/examples/heap/permissions/lockspec/Counter_lockTransfer_accessible.key 
791815     DEBUG main            d.u.i.k.p.i.AbstractProblemLoader Environment load took 150.1ns 
791816     INFO  main            d.u.i.k.p.i.AbstractProblemLoader Creating init config 
794906     DEBUG main            d.u.i.k.p.i.AbstractProblemLoader Init config took 3.09s 
794954     INFO  main            d.u.i.k.p.i.AbstractProblemLoader Replaying proof Counter[LockSpec::lockTransfer()].JML accessible clause.0 
794955     DEBUG main            d.u.i.k.p.i.IntermediateProofReplayer Proof replay took 2.8ns 
795358     INFO  main            d.u.i.k.p.r.p.TestFile    ... finished proof: closed. 
796038     INFO  main            d.u.i.k.p.i.AbstractProblemLoader Loading environment from /home/runner/work/key/key/key.core/../key.ui/examples/heap/permissions/lockspec/Counter_lockTransfer_accessible.key.proof 
796038     DEBUG main            d.u.i.k.p.i.AbstractProblemLoader Environment load took 85.9ns 
796039     INFO  main            d.u.i.k.p.i.AbstractProblemLoader Creating init config 
799061     DEBUG main            d.u.i.k.p.i.AbstractProblemLoader Init config took 3.02s 
799115     INFO  main            d.u.i.k.p.i.AbstractProblemLoader Replaying proof Counter[LockSpec::lockTransfer()].JML accessible clause.0 
799173     DEBUG main            d.u.i.k.p.i.IntermediateProofReplayer Proof replay took 54.87ms 
799174     DEBUG main            d.u.i.k.p.r.p.TestFile    ... success: reloaded. 
799175     INFO  main            d.u.i.k.p.r.p.TestFile    Now processing file /home/runner/work/key/key/key.core/../key.ui/examples/heap/permissions/lockspec/Counter_unlockTransfer_accessible.key 
799175     INFO  main            d.u.i.k.p.i.AbstractProblemLoader Loading environment from /home/runner/work/key/key/key.core/../key.ui/examples/heap/permissions/lockspec/Counter_unlockTransfer_accessible.key 
799176     DEBUG main            d.u.i.k.p.i.AbstractProblemLoader Environment load took 205.4ns 
799176     INFO  main            d.u.i.k.p.i.AbstractProblemLoader Creating init config 
802319     DEBUG main            d.u.i.k.p.i.AbstractProblemLoader Init config took 3.14s 
802367     INFO  main            d.u.i.k.p.i.AbstractProblemLoader Replaying proof Counter[LockSpec::unlockTransfer()].JML accessible clause.0 
802371     DEBUG main            d.u.i.k.p.i.IntermediateProofReplayer Proof replay took 3.3ns 
802773     INFO  main            d.u.i.k.p.r.p.TestFile    ... finished proof: closed. 
803456     INFO  main            d.u.i.k.p.i.AbstractProblemLoader Loading environment from /home/runner/work/key/key/key.core/../key.ui/examples/heap/permissions/lockspec/Counter_unlockTransfer_accessible.key.proof 
803456     DEBUG main            d.u.i.k.p.i.AbstractProblemLoader Environment load took 77.7ns 
803457     INFO  main            d.u.i.k.p.i.AbstractProblemLoader Creating init config 
806445     DEBUG main            d.u.i.k.p.i.AbstractProblemLoader Init config took 2.99s 
806505     INFO  main            d.u.i.k.p.i.AbstractProblemLoader Replaying proof Counter[LockSpec::unlockTransfer()].JML accessible clause.0 
806565     DEBUG main            d.u.i.k.p.i.IntermediateProofReplayer Proof replay took 53.92ms 
806566     DEBUG main            d.u.i.k.p.r.p.TestFile    ... success: reloaded. 
806567     INFO  main            d.u.i.k.p.r.p.TestFile    Now processing file /home/runner/work/key/key/key.core/../key.ui/examples/heap/permissions/threads/Plotter_startTransfer_contract.proof 
806567     INFO  main            d.u.i.k.p.i.AbstractProblemLoader Loading environment from /home/runner/work/key/key/key.core/../key.ui/examples/heap/permissions/threads/Plotter_startTransfer_contract.proof 
806567     DEBUG main            d.u.i.k.p.i.AbstractProblemLoader Environment load took 161.9ns 
806568     INFO  main            d.u.i.k.p.i.AbstractProblemLoader Creating init config 
811217     DEBUG main            d.u.i.k.p.i.AbstractProblemLoader Init config took 4.65s 
811338     INFO  main            d.u.i.k.p.i.AbstractProblemLoader Replaying proof Plotter[ThreadSpec2::startTransfer()].JML model_behavior operation contract.0 
811517     DEBUG main            d.u.i.k.p.i.IntermediateProofReplayer Proof replay took 163.37ms 
811521     INFO  main            d.u.i.k.p.r.p.TestFile    ... success: loaded 
811524     INFO  main            d.u.i.k.p.r.p.TestFile    Now processing file /home/runner/work/key/key/key.core/../key.ui/examples/heap/permissions/threads/Plotter_startTransfer_accessible.proof 
811525     INFO  main            d.u.i.k.p.i.AbstractProblemLoader Loading environment from /home/runner/work/key/key/key.core/../key.ui/examples/heap/permissions/threads/Plotter_startTransfer_accessible.proof 
811525     DEBUG main            d.u.i.k.p.i.AbstractProblemLoader Environment load took 67.2ns 
811525     INFO  main            d.u.i.k.p.i.AbstractProblemLoader Creating init config 
816105     DEBUG main            d.u.i.k.p.i.AbstractProblemLoader Init config took 4.58s 
816196     INFO  main            d.u.i.k.p.i.AbstractProblemLoader Replaying proof Plotter[ThreadSpec2::startTransfer()].JML accessible clause.0 
816299     DEBUG main            d.u.i.k.p.i.IntermediateProofReplayer Proof replay took 93.06ms 
816300     INFO  main            d.u.i.k.p.r.p.TestFile    ... success: loaded 
816301     INFO  main            d.u.i.k.p.r.p.TestFile    Now processing file /home/runner/work/key/key/key.core/../key.ui/examples/heap/permissions/threads/Plotter_joinTransfer_accessible.proof 
816301     INFO  main            d.u.i.k.p.i.AbstractProblemLoader Loading environment from /home/runner/work/key/key/key.core/../key.ui/examples/heap/permissions/threads/Plotter_joinTransfer_accessible.proof 
816301     DEBUG main            d.u.i.k.p.i.AbstractProblemLoader Environment load took 155.2ns 
816302     INFO  main            d.u.i.k.p.i.AbstractProblemLoader Creating init config 
821000     DEBUG main            d.u.i.k.p.i.AbstractProblemLoader Init config took 4.7s 
821083     INFO  main            d.u.i.k.p.i.AbstractProblemLoader Replaying proof Plotter[ThreadSpec2::joinTransfer()].JML accessible clause.0 
821091     WARN  main            d.u.i.k.p.i.IntermediateProofReplayer Proof contains wrong number of \assumes instatiations for Definition_axiom_for_stateInv_in_Plotter 
821093     WARN  main            d.u.i.k.p.i.IntermediateProofReplayer Proof contains wrong number of \assumes instatiations for Definition_axiom_for_stateInv_in_Plotter 
821116     WARN  main            d.u.i.k.p.i.IntermediateProofReplayer Proof contains wrong number of \assumes instatiations for Definition_axiom_for_workingPermissions_in_Plotter 
821117     WARN  main            d.u.i.k.p.i.IntermediateProofReplayer Proof contains wrong number of \assumes instatiations for Definition_axiom_for_staticPermissions_in_Plotter 
821118     WARN  main            d.u.i.k.p.i.IntermediateProofReplayer Proof contains wrong number of \assumes instatiations for Definition_axiom_for_joinTransfer_in_Plotter 
821122     WARN  main            d.u.i.k.p.i.IntermediateProofReplayer Proof contains wrong number of \assumes instatiations for Definition_axiom_for_stateInv_in_BFilter 
821124     WARN  main            d.u.i.k.p.i.IntermediateProofReplayer Proof contains wrong number of \assumes instatiations for Definition_axiom_for_stateInv_in_AFilter 
821125     WARN  main            d.u.i.k.p.i.IntermediateProofReplayer Proof contains wrong number of \assumes instatiations for Definition_axiom_for_stateInv_in_BFilter 
821126     WARN  main            d.u.i.k.p.i.IntermediateProofReplayer Proof contains wrong number of \assumes instatiations for Definition_axiom_for_stateInv_in_AFilter 
821127     WARN  main            d.u.i.k.p.i.IntermediateProofReplayer Proof contains wrong number of \assumes instatiations for Definition_axiom_for_staticPermissions_in_AFilter 
821128     WARN  main            d.u.i.k.p.i.IntermediateProofReplayer Proof contains wrong number of \assumes instatiations for Definition_axiom_for_staticPermissions_in_Plotter 
821129     WARN  main            d.u.i.k.p.i.IntermediateProofReplayer Proof contains wrong number of \assumes instatiations for Definition_axiom_for_staticPermissions_in_BFilter 
821129     WARN  main            d.u.i.k.p.i.IntermediateProofReplayer Proof contains wrong number of \assumes instatiations for Definition_axiom_for_workingPermissions_in_Plotter 
821130     WARN  main            d.u.i.k.p.i.IntermediateProofReplayer Proof contains wrong number of \assumes instatiations for Definition_axiom_for_stateInv_in_Sampler 
821130     WARN  main            d.u.i.k.p.i.IntermediateProofReplayer Proof contains wrong number of \assumes instatiations for Definition_axiom_for_stateInv_in_Sampler 
821131     WARN  main            d.u.i.k.p.i.IntermediateProofReplayer Proof contains wrong number of \assumes instatiations for Definition_axiom_for_staticPermissions_in_Sampler 
821132     WARN  main            d.u.i.k.p.i.IntermediateProofReplayer Proof contains wrong number of \assumes instatiations for Definition_axiom_for_staticPermissions_in_BFilter 
821133     WARN  main            d.u.i.k.p.i.IntermediateProofReplayer Proof contains wrong number of \assumes instatiations for Definition_axiom_for_staticPermissions_in_AFilter 
821133     WARN  main            d.u.i.k.p.i.IntermediateProofReplayer Proof contains wrong number of \assumes instatiations for Definition_axiom_for_staticPermissions_in_Sampler 
821133     WARN  main            d.u.i.k.p.i.IntermediateProofReplayer Proof contains wrong number of \assumes instatiations for Definition_axiom_for_staticPermissions_in_Sampler 
821134     WARN  main            d.u.i.k.p.i.IntermediateProofReplayer Proof contains wrong number of \assumes instatiations for Definition_axiom_for_staticPermissions_in_Sampler 
821134     WARN  main            d.u.i.k.p.i.IntermediateProofReplayer Proof contains wrong number of \assumes instatiations for Definition_axiom_for_joinTransfer_in_Plotter 
821181     DEBUG main            d.u.i.k.p.i.IntermediateProofReplayer Proof replay took 93.48ms 
821181     INFO  main            d.u.i.k.p.r.p.TestFile    ... success: loaded 
5021097    INFO  Test worker     d.u.i.k.p.r.RunAllProofsTestUnit Returning from test permissionHeap 
5021098    INFO  Test worker     d.u.i.k.p.r.RunAllProofsTestUnit Running test completionScopes 
353        INFO  Timeout watchdog d.u.i.k.p.r.p.ForkedTestFileRunner Timeout watcher launched (2000 secs.) 
354        WARN  main            d.u.i.k.s.ProofSettings   The settings in /home/runner/.key/proof-settings.props are *not* read. 
400        INFO  main            d.u.i.k.p.r.p.TestFile    Now processing file /home/runner/work/key/key/key.core/../key.ui/examples/completionscopes/testCcatchReturnVal.key 
532        INFO  main            d.u.i.k.p.i.AbstractProblemLoader Loading environment from /home/runner/work/key/key/key.core/../key.ui/examples/completionscopes/testCcatchReturnVal.key 
549        DEBUG main            d.u.i.k.p.i.AbstractProblemLoader Environment load took 1.96ms 
776        INFO  main            d.u.i.k.p.i.AbstractProblemLoader Creating init config 
1776       DEBUG main            d.u.i.k.j.TypeConverter   No LDT found for Meta 
1776       DEBUG main            d.u.i.k.j.TypeConverter   No LDT found for Meta 
1779       DEBUG main            d.u.i.k.j.TypeConverter   No LDT found for Meta 
1779       DEBUG main            d.u.i.k.j.TypeConverter   No LDT found for Meta 
3304       DEBUG main            d.u.i.k.j.TypeConverter   No LDT found for JavaBigintExpression 
8034       DEBUG main            d.u.i.k.p.i.AbstractProblemLoader Init config took 7.26s 
8199       INFO  main            d.u.i.k.p.i.AbstractProblemLoader Replaying proof CompletionScopes[CompletionScopes::testCcatchReturnVal()].JML normal_behavior operation contract.0 
8233       DEBUG main            d.u.i.k.p.i.IntermediateProofReplayer Proof replay took 32.3ns 
8771       INFO  main            d.u.i.k.p.r.p.TestFile    ... finished proof: closed. 
8869       INFO  main            d.u.i.k.p.i.AbstractProblemLoader Loading environment from /home/runner/work/key/key/key.core/../key.ui/examples/completionscopes/testCcatchReturnVal.key.proof 
8869       DEBUG main            d.u.i.k.p.i.AbstractProblemLoader Environment load took 151.9ns 
8870       INFO  main            d.u.i.k.p.i.AbstractProblemLoader Creating init config 
11671      DEBUG main            d.u.i.k.p.i.AbstractProblemLoader Init config took 2.8s 
11737      INFO  main            d.u.i.k.p.i.AbstractProblemLoader Replaying proof CompletionScopes[CompletionScopes::testCcatchReturnVal()].JML normal_behavior operation contract.0 
11768      DEBUG main            d.u.i.k.p.i.IntermediateProofReplayer Proof replay took 25.49ms 
11775      DEBUG main            d.u.i.k.p.r.p.TestFile    ... success: reloaded. 
11776      INFO  main            d.u.i.k.p.r.p.TestFile    Now processing file /home/runner/work/key/key/key.core/../key.ui/examples/completionscopes/testMultCcatchClauses.key 
11777      INFO  main            d.u.i.k.p.i.AbstractProblemLoader Loading environment from /home/runner/work/key/key/key.core/../key.ui/examples/completionscopes/testMultCcatchClauses.key 
11777      DEBUG main            d.u.i.k.p.i.AbstractProblemLoader Environment load took 220.6ns 
11779      INFO  main            d.u.i.k.p.i.AbstractProblemLoader Creating init config 
14454      DEBUG main            d.u.i.k.p.i.AbstractProblemLoader Init config took 2.67s 
14512      INFO  main            d.u.i.k.p.i.AbstractProblemLoader Replaying proof CompletionScopes[CompletionScopes::testMultCcatchClauses()].JML normal_behavior operation contract.0 
14514      DEBUG main            d.u.i.k.p.i.IntermediateProofReplayer Proof replay took 7.1ns 
14926      INFO  main            d.u.i.k.p.r.p.TestFile    ... finished proof: closed. 
15053      INFO  main            d.u.i.k.p.i.AbstractProblemLoader Loading environment from /home/runner/work/key/key/key.core/../key.ui/examples/completionscopes/testMultCcatchClauses.key.proof 
15056      DEBUG main            d.u.i.k.p.i.AbstractProblemLoader Environment load took 2.64ms 
15058      INFO  main            d.u.i.k.p.i.AbstractProblemLoader Creating init config 
17647      DEBUG main            d.u.i.k.p.i.AbstractProblemLoader Init config took 2.59s 
17707      INFO  main            d.u.i.k.p.i.AbstractProblemLoader Replaying proof CompletionScopes[CompletionScopes::testMultCcatchClauses()].JML normal_behavior operation contract.0 
17831      DEBUG main            d.u.i.k.p.i.IntermediateProofReplayer Proof replay took 115.33ms 
17833      DEBUG main            d.u.i.k.p.r.p.TestFile    ... success: reloaded. 
17836      INFO  main            d.u.i.k.p.r.p.TestFile    Now processing file /home/runner/work/key/key/key.core/../key.ui/examples/completionscopes/testNestedExec.key 
17836      INFO  main            d.u.i.k.p.i.AbstractProblemLoader Loading environment from /home/runner/work/key/key/key.core/../key.ui/examples/completionscopes/testNestedExec.key 
17836      DEBUG main            d.u.i.k.p.i.AbstractProblemLoader Environment load took 191.1ns 
17838      INFO  main            d.u.i.k.p.i.AbstractProblemLoader Creating init config 
20485      DEBUG main            d.u.i.k.p.i.AbstractProblemLoader Init config took 2.65s 
20534      INFO  main            d.u.i.k.p.i.AbstractProblemLoader Replaying proof CompletionScopes[CompletionScopes::testMultCcatchClauses()].JML normal_behavior operation contract.0 
20537      DEBUG main            d.u.i.k.p.i.IntermediateProofReplayer Proof replay took 7.2ns 
20840      INFO  main            d.u.i.k.p.r.p.TestFile    ... finished proof: closed. 
20982      INFO  main            d.u.i.k.p.i.AbstractProblemLoader Loading environment from /home/runner/work/key/key/key.core/../key.ui/examples/completionscopes/testNestedExec.key.proof 
20985      DEBUG main            d.u.i.k.p.i.AbstractProblemLoader Environment load took 2.82ms 
20986      INFO  main            d.u.i.k.p.i.AbstractProblemLoader Creating init config 
23481      DEBUG main            d.u.i.k.p.i.AbstractProblemLoader Init config took 2.49s 
23526      INFO  main            d.u.i.k.p.i.AbstractProblemLoader Replaying proof CompletionScopes[CompletionScopes::testMultCcatchClauses()].JML normal_behavior operation contract.0 
23586      DEBUG main            d.u.i.k.p.i.IntermediateProofReplayer Proof replay took 56.85ms 
23587      DEBUG main            d.u.i.k.p.r.p.TestFile    ... success: reloaded. 
23589      INFO  main            d.u.i.k.p.r.p.TestFile    Now processing file /home/runner/work/key/key/key.core/../key.ui/examples/completionscopes/testCcatchBreakLabel.key 
23589      INFO  main            d.u.i.k.p.i.AbstractProblemLoader Loading environment from /home/runner/work/key/key/key.core/../key.ui/examples/completionscopes/testCcatchBreakLabel.key 
23589      DEBUG main            d.u.i.k.p.i.AbstractProblemLoader Environment load took 193.5ns 
23591      INFO  main            d.u.i.k.p.i.AbstractProblemLoader Creating init config 
26239      DEBUG main            d.u.i.k.p.i.AbstractProblemLoader Init config took 2.65s 
26285      INFO  main            d.u.i.k.p.i.AbstractProblemLoader Replaying proof CompletionScopes[CompletionScopes::testBreakLabel()].JML normal_behavior operation contract.0 
26287      DEBUG main            d.u.i.k.p.i.IntermediateProofReplayer Proof replay took 8.2ns 
26304      DEBUG Thread-10       d.u.i.k.l.o.ProgramSV     Match failed: Former match of  SchemaVariable incompatible with  the current match. 
26390      INFO  main            d.u.i.k.p.r.p.TestFile    ... finished proof: closed. 
26591      INFO  main            d.u.i.k.p.i.AbstractProblemLoader Loading environment from /home/runner/work/key/key/key.core/../key.ui/examples/completionscopes/testCcatchBreakLabel.key.proof 
26591      DEBUG main            d.u.i.k.p.i.AbstractProblemLoader Environment load took 135.5ns 
26592      INFO  main            d.u.i.k.p.i.AbstractProblemLoader Creating init config 
29134      DEBUG main            d.u.i.k.p.i.AbstractProblemLoader Init config took 2.54s 
29180      INFO  main            d.u.i.k.p.i.AbstractProblemLoader Replaying proof CompletionScopes[CompletionScopes::testBreakLabel()].JML normal_behavior operation contract.0 
29191      DEBUG main            d.u.i.k.p.i.IntermediateProofReplayer Proof replay took 8.23ms 
29192      DEBUG main            d.u.i.k.p.r.p.TestFile    ... success: reloaded. 
29193      INFO  main            d.u.i.k.p.r.p.TestFile    Now processing file /home/runner/work/key/key/key.core/../key.ui/examples/completionscopes/testCcatchContinueLabel.key 
29194      INFO  main            d.u.i.k.p.i.AbstractProblemLoader Loading environment from /home/runner/work/key/key/key.core/../key.ui/examples/completionscopes/testCcatchContinueLabel.key 
29194      DEBUG main            d.u.i.k.p.i.AbstractProblemLoader Environment load took 192.2ns 
29195      INFO  main            d.u.i.k.p.i.AbstractProblemLoader Creating init config 
31769      DEBUG main            d.u.i.k.p.i.AbstractProblemLoader Init config took 2.57s 
31813      INFO  main            d.u.i.k.p.i.AbstractProblemLoader Replaying proof CompletionScopes[CompletionScopes::testContinueLabel()].JML normal_behavior operation contract.0 
31816      DEBUG main            d.u.i.k.p.i.IntermediateProofReplayer Proof replay took 8.1ns 
31835      DEBUG Thread-13       d.u.i.k.l.o.ProgramSV     Match failed: Former match of  SchemaVariable incompatible with  the current match. 
31918      INFO  main            d.u.i.k.p.r.p.TestFile    ... finished proof: closed. 
32075      INFO  main            d.u.i.k.p.i.AbstractProblemLoader Loading environment from /home/runner/work/key/key/key.core/../key.ui/examples/completionscopes/testCcatchContinueLabel.key.proof 
32076      DEBUG main            d.u.i.k.p.i.AbstractProblemLoader Environment load took 185.7ns 
32077      INFO  main            d.u.i.k.p.i.AbstractProblemLoader Creating init config 
34672      DEBUG main            d.u.i.k.p.i.AbstractProblemLoader Init config took 2.6s 
34759      INFO  main            d.u.i.k.p.i.AbstractProblemLoader Replaying proof CompletionScopes[CompletionScopes::testContinueLabel()].JML normal_behavior operation contract.0 
34775      DEBUG main            d.u.i.k.p.i.IntermediateProofReplayer Proof replay took 12.37ms 
34776      DEBUG main            d.u.i.k.p.r.p.TestFile    ... success: reloaded. 
34778      INFO  main            d.u.i.k.p.r.p.TestFile    Now processing file /home/runner/work/key/key/key.core/../key.ui/examples/completionscopes/testCcatchBreakLabelWildcard.key 
34778      INFO  main            d.u.i.k.p.i.AbstractProblemLoader Loading environment from /home/runner/work/key/key/key.core/../key.ui/examples/completionscopes/testCcatchBreakLabelWildcard.key 
34778      DEBUG main            d.u.i.k.p.i.AbstractProblemLoader Environment load took 186.5ns 
34779      INFO  main            d.u.i.k.p.i.AbstractProblemLoader Creating init config 
37300      DEBUG main            d.u.i.k.p.i.AbstractProblemLoader Init config took 2.52s 
37358      INFO  main            d.u.i.k.p.i.AbstractProblemLoader Replaying proof CompletionScopes[CompletionScopes::testBreakLabelWildcard()].JML normal_behavior operation contract.0 
37362      DEBUG main            d.u.i.k.p.i.IntermediateProofReplayer Proof replay took 8.5ns 
37386      DEBUG Thread-16       d.u.i.k.l.o.ProgramSV     Match failed: Former match of  SchemaVariable incompatible with  the current match. 
37388      DEBUG Thread-16       d.u.i.k.l.o.ProgramSV     Match failed: Former match of  SchemaVariable incompatible with  the current match. 
37471      INFO  main            d.u.i.k.p.r.p.TestFile    ... finished proof: closed. 
37630      INFO  main            d.u.i.k.p.i.AbstractProblemLoader Loading environment from /home/runner/work/key/key/key.core/../key.ui/examples/completionscopes/testCcatchBreakLabelWildcard.key.proof 
37630      DEBUG main            d.u.i.k.p.i.AbstractProblemLoader Environment load took 142.8ns 
37631      INFO  main            d.u.i.k.p.i.AbstractProblemLoader Creating init config 
40126      DEBUG main            d.u.i.k.p.i.AbstractProblemLoader Init config took 2.49s 
40169      INFO  main            d.u.i.k.p.i.AbstractProblemLoader Replaying proof CompletionScopes[CompletionScopes::testBreakLabelWildcard()].JML normal_behavior operation contract.0 
40178      DEBUG main            d.u.i.k.p.i.IntermediateProofReplayer Proof replay took 6.86ms 
40179      DEBUG main            d.u.i.k.p.r.p.TestFile    ... success: reloaded. 
40180      INFO  main            d.u.i.k.p.r.p.TestFile    Now processing file /home/runner/work/key/key/key.core/../key.ui/examples/completionscopes/testCcatchContinueLabelWildcard.key 
40181      INFO  main            d.u.i.k.p.i.AbstractProblemLoader Loading environment from /home/runner/work/key/key/key.core/../key.ui/examples/completionscopes/testCcatchContinueLabelWildcard.key 
40181      DEBUG main            d.u.i.k.p.i.AbstractProblemLoader Environment load took 183.3ns 
40182      INFO  main            d.u.i.k.p.i.AbstractProblemLoader Creating init config 
42738      DEBUG main            d.u.i.k.p.i.AbstractProblemLoader Init config took 2.56s 
42787      INFO  main            d.u.i.k.p.i.AbstractProblemLoader Replaying proof CompletionScopes[CompletionScopes::testContinueLabelWildcard()].JML normal_behavior operation contract.0 
42790      DEBUG main            d.u.i.k.p.i.IntermediateProofReplayer Proof replay took 8.2ns 
42831      DEBUG Thread-19       d.u.i.k.l.o.ProgramSV     Match failed: Former match of  SchemaVariable incompatible with  the current match. 
42832      DEBUG Thread-19       d.u.i.k.l.o.ProgramSV     Match failed: Former match of  SchemaVariable incompatible with  the current match. 
42892      INFO  main            d.u.i.k.p.r.p.TestFile    ... finished proof: closed. 
43036      INFO  main            d.u.i.k.p.i.AbstractProblemLoader Loading environment from /home/runner/work/key/key/key.core/../key.ui/examples/completionscopes/testCcatchContinueLabelWildcard.key.proof 
43036      DEBUG main            d.u.i.k.p.i.AbstractProblemLoader Environment load took 125.7ns 
43037      INFO  main            d.u.i.k.p.i.AbstractProblemLoader Creating init config 
45457      DEBUG main            d.u.i.k.p.i.AbstractProblemLoader Init config took 2.42s 
45499      INFO  main            d.u.i.k.p.i.AbstractProblemLoader Replaying proof CompletionScopes[CompletionScopes::testContinueLabelWildcard()].JML normal_behavior operation contract.0 
45508      DEBUG main            d.u.i.k.p.i.IntermediateProofReplayer Proof replay took 6.65ms 
45509      DEBUG main            d.u.i.k.p.r.p.TestFile    ... success: reloaded. 
45510      INFO  main            d.u.i.k.p.r.p.TestFile    Now processing file /home/runner/work/key/key/key.core/../key.ui/examples/completionscopes/testCcatchBreakLabelNonmatchingNested.key 
45510      INFO  main            d.u.i.k.p.i.AbstractProblemLoader Loading environment from /home/runner/work/key/key/key.core/../key.ui/examples/completionscopes/testCcatchBreakLabelNonmatchingNested.key 
45510      DEBUG main            d.u.i.k.p.i.AbstractProblemLoader Environment load took 105.7ns 
45511      INFO  main            d.u.i.k.p.i.AbstractProblemLoader Creating init config 
47976      DEBUG main            d.u.i.k.p.i.AbstractProblemLoader Init config took 2.46s 
48015      INFO  main            d.u.i.k.p.i.AbstractProblemLoader Replaying proof CompletionScopes[CompletionScopes::testBreakLabelNonmatchingNested()].JML normal_behavior operation contract.0 
48017      DEBUG main            d.u.i.k.p.i.IntermediateProofReplayer Proof replay took 6.9ns 
48033      DEBUG Thread-22       d.u.i.k.l.o.ProgramSV     Match failed: Former match of  SchemaVariable incompatible with  the current match. 
48034      DEBUG Thread-22       d.u.i.k.l.o.ProgramSV     Match failed: Former match of  SchemaVariable incompatible with  the current match. 
48119      INFO  main            d.u.i.k.p.r.p.TestFile    ... finished proof: closed. 
48282      INFO  main            d.u.i.k.p.i.AbstractProblemLoader Loading environment from /home/runner/work/key/key/key.core/../key.ui/examples/completionscopes/testCcatchBreakLabelNonmatchingNested.key.proof 
48283      DEBUG main            d.u.i.k.p.i.AbstractProblemLoader Environment load took 872.51ns 
48284      INFO  main            d.u.i.k.p.i.AbstractProblemLoader Creating init config 
50649      DEBUG main            d.u.i.k.p.i.AbstractProblemLoader Init config took 2.36s 
50688      INFO  main            d.u.i.k.p.i.AbstractProblemLoader Replaying proof CompletionScopes[CompletionScopes::testBreakLabelNonmatchingNested()].JML normal_behavior operation contract.0 
50696      DEBUG main            d.u.i.k.p.i.IntermediateProofReplayer Proof replay took 6.44ms 
50697      DEBUG main            d.u.i.k.p.r.p.TestFile    ... success: reloaded. 
5071970    INFO  Test worker     d.u.i.k.p.r.RunAllProofsTestUnit Returning from test completionScopes 
5071971    INFO  Test worker     d.u.i.k.p.r.RunAllProofsTestUnit Running test reload_examples 
311        INFO  Timeout watchdog d.u.i.k.p.r.p.ForkedTestFileRunner Timeout watcher launched (2000 secs.) 
326        WARN  main            d.u.i.k.s.ProofSettings   The settings in /home/runner/.key/proof-settings.props are *not* read. 
353        INFO  main            d.u.i.k.p.r.p.TestFile    Now processing file /home/runner/work/key/key/key.core/../key.ui/examples/firstTouch/05-ReverseArray/reverseArray.key 
531        INFO  main            d.u.i.k.p.i.AbstractProblemLoader Loading environment from /home/runner/work/key/key/key.core/../key.ui/examples/firstTouch/05-ReverseArray/reverseArray.key 
559        DEBUG main            d.u.i.k.p.i.AbstractProblemLoader Environment load took 2.01ms 
769        INFO  main            d.u.i.k.p.i.AbstractProblemLoader Creating init config 
1661       DEBUG main            d.u.i.k.j.TypeConverter   No LDT found for Meta 
1661       DEBUG main            d.u.i.k.j.TypeConverter   No LDT found for Meta 
1663       DEBUG main            d.u.i.k.j.TypeConverter   No LDT found for Meta 
1663       DEBUG main            d.u.i.k.j.TypeConverter   No LDT found for Meta 
3044       DEBUG main            d.u.i.k.j.TypeConverter   No LDT found for JavaBigintExpression 
7912       DEBUG main            d.u.i.k.p.i.AbstractProblemLoader Init config took 7.14s 
8017       INFO  main            d.u.i.k.p.i.AbstractProblemLoader Replaying proof ReverseArray[ReverseArray::reverse()].JML normal_behavior operation contract.0 
8069       DEBUG main            d.u.i.k.p.i.IntermediateProofReplayer Proof replay took 38.6ns 
18941      INFO  main            d.u.i.k.p.r.p.TestFile    ... finished proof: closed. 
19155      INFO  main            d.u.i.k.p.i.AbstractProblemLoader Loading environment from /home/runner/work/key/key/key.core/../key.ui/examples/firstTouch/05-ReverseArray/reverseArray.key.proof 
19155      DEBUG main            d.u.i.k.p.i.AbstractProblemLoader Environment load took 415.6ns 
19164      INFO  main            d.u.i.k.p.i.AbstractProblemLoader Creating init config 
21959      DEBUG main            d.u.i.k.p.i.AbstractProblemLoader Init config took 2.79s 
22002      INFO  main            d.u.i.k.p.i.AbstractProblemLoader Replaying proof ReverseArray[ReverseArray::reverse()].JML normal_behavior operation contract.0 
22534      DEBUG main            d.u.i.k.p.i.IntermediateProofReplayer Proof replay took 471.74ms 
22545      DEBUG main            d.u.i.k.p.r.p.TestFile    ... success: reloaded. 
22550      INFO  main            d.u.i.k.p.r.p.TestFile    Now processing file /home/runner/work/key/key/key.core/../key.ui/examples/standard_key/arith/saveProofTest.key.proof 
22550      INFO  main            d.u.i.k.p.i.AbstractProblemLoader Loading environment from /home/runner/work/key/key/key.core/../key.ui/examples/standard_key/arith/saveProofTest.key.proof 
22550      DEBUG main            d.u.i.k.p.i.AbstractProblemLoader Environment load took 107.3ns 
22554      INFO  main            d.u.i.k.p.i.AbstractProblemLoader Creating init config 
25090      DEBUG main            d.u.i.k.p.i.AbstractProblemLoader Init config took 2.54s 
25116      INFO  main            d.u.i.k.p.i.AbstractProblemLoader Replaying proof saveProofTest.key.proof 
25122      DEBUG main            d.u.i.k.p.i.IntermediateProofReplayer Proof replay took 2.44ms 
25123      INFO  main            d.u.i.k.p.r.p.TestFile    ... success: loaded 
25125      INFO  main            d.u.i.k.p.r.p.TestFile    Now processing file /home/runner/work/key/key/key.core/../key.ui/examples/heap/permutedSum/perm.proof 
25125      INFO  main            d.u.i.k.p.i.AbstractProblemLoader Loading environment from /home/runner/work/key/key/key.core/../key.ui/examples/heap/permutedSum/perm.proof 
25125      DEBUG main            d.u.i.k.p.i.AbstractProblemLoader Environment load took 200.6ns 
25128      INFO  main            d.u.i.k.p.i.AbstractProblemLoader Creating init config 
27765      DEBUG main            d.u.i.k.p.i.AbstractProblemLoader Init config took 2.64s 
27850      INFO  main            d.u.i.k.p.i.AbstractProblemLoader Replaying proof Perm[Perm::foo()].JML normal_behavior operation contract.0 
28728      DEBUG main            d.u.i.k.p.i.IntermediateProofReplayer Proof replay took 825.1ms 
28731      INFO  main            d.u.i.k.p.r.p.TestFile    ... success: loaded 
28732      INFO  main            d.u.i.k.p.r.p.TestFile    Now processing file /home/runner/work/key/key/key.core/../key.ui/examples/firstTouch/05-ReverseArray/reverseArray.proof 
28733      INFO  main            d.u.i.k.p.i.AbstractProblemLoader Loading environment from /home/runner/work/key/key/key.core/../key.ui/examples/firstTouch/05-ReverseArray/reverseArray.proof 
28733      DEBUG main            d.u.i.k.p.i.AbstractProblemLoader Environment load took 208.4ns 
28736      INFO  main            d.u.i.k.p.i.AbstractProblemLoader Creating init config 
31315      DEBUG main            d.u.i.k.p.i.AbstractProblemLoader Init config took 2.58s 
31354      INFO  main            d.u.i.k.p.i.AbstractProblemLoader Replaying proof ReverseArray[ReverseArray::reverse()].JML normal_behavior operation contract.0 
31800      DEBUG main            d.u.i.k.p.i.IntermediateProofReplayer Proof replay took 400.8ms 
31804      INFO  main            d.u.i.k.p.r.p.TestFile    ... success: loaded 
31805      INFO  main            d.u.i.k.p.r.p.TestFile    Now processing file /home/runner/work/key/key/key.core/../key.ui/examples/heap/verifyThis15_1_RelaxedPrefix/relax.proof 
31805      INFO  main            d.u.i.k.p.i.AbstractProblemLoader Loading environment from /home/runner/work/key/key/key.core/../key.ui/examples/heap/verifyThis15_1_RelaxedPrefix/relax.proof 
31806      DEBUG main            d.u.i.k.p.i.AbstractProblemLoader Environment load took 195.8ns 
31807      INFO  main            d.u.i.k.p.i.AbstractProblemLoader Creating init config 
34344      DEBUG main            d.u.i.k.p.i.AbstractProblemLoader Init config took 2.54s 
34395      INFO  main            d.u.i.k.p.i.AbstractProblemLoader Replaying proof Relaxed[Relaxed::isRelaxedPrefix([I,[I)].JML operation contract.0 
34788      DEBUG main            d.u.i.k.p.i.IntermediateProofReplayer Proof replay took 370.35ms 
34790      INFO  main            d.u.i.k.p.r.p.TestFile    ... success: loaded 
34791      INFO  main            d.u.i.k.p.r.p.TestFile    Now processing file /home/runner/work/key/key/key.core/../key.ui/examples/heap/verifyThis15_3_DLL/doUndo.proof 
34792      INFO  main            d.u.i.k.p.i.AbstractProblemLoader Loading environment from /home/runner/work/key/key/key.core/../key.ui/examples/heap/verifyThis15_3_DLL/doUndo.proof 
34792      DEBUG main            d.u.i.k.p.i.AbstractProblemLoader Environment load took 212.3ns 
34794      INFO  main            d.u.i.k.p.i.AbstractProblemLoader Creating init config 
35702      DEBUG main            d.u.i.k.j.r.ClassPreparationMethodBuilder clPrepBuilder: Inner Class detected. Reject building class initialisation methods. 
37543      DEBUG main            d.u.i.k.p.i.AbstractProblemLoader Init config took 2.75s 
37616      INFO  main            d.u.i.k.p.i.AbstractProblemLoader Replaying proof DoubleLinkedList[DoubleLinkedList::doUndo(DoubleLinkedList.Node,int)].JML normal_behavior operation contract.0 
38069      DEBUG main            d.u.i.k.p.i.IntermediateProofReplayer Proof replay took 418.91ms 
38071      INFO  main            d.u.i.k.p.r.p.TestFile    ... success: loaded 
38072      INFO  main            d.u.i.k.p.r.p.TestFile    Now processing file /home/runner/work/key/key/key.core/../key.ui/examples/heap/verifyThis15_2_ParallelGcd/parallelGcd.proof 
38073      INFO  main            d.u.i.k.p.i.AbstractProblemLoader Loading environment from /home/runner/work/key/key/key.core/../key.ui/examples/heap/verifyThis15_2_ParallelGcd/parallelGcd.proof 
38073      DEBUG main            d.u.i.k.p.i.AbstractProblemLoader Environment load took 192.7ns 
38075      INFO  main            d.u.i.k.p.i.AbstractProblemLoader Creating init config 
40691      DEBUG main            d.u.i.k.p.i.AbstractProblemLoader Init config took 2.62s 
40741      INFO  main            d.u.i.k.p.i.AbstractProblemLoader Replaying proof ParallelGcd[ParallelGcd::parallelGcd(int,int,[Z)].JML behavior operation contract.0 
41200      DEBUG main            d.u.i.k.p.i.IntermediateProofReplayer Proof replay took 443.48ms 
41201      INFO  main            d.u.i.k.p.r.p.TestFile    ... success: loaded 
5113357    INFO  Test worker     d.u.i.k.p.r.RunAllProofsTestUnit Returning from test reload_examples 
5113358    INFO  Test worker     d.u.i.k.p.r.RunAllProofsTestUnit Running test proofLoadRepair 
352        INFO  Timeout watchdog d.u.i.k.p.r.p.ForkedTestFileRunner Timeout watcher launched (2000 secs.) 
364        WARN  main            d.u.i.k.s.ProofSettings   The settings in /home/runner/.key/proof-settings.props are *not* read. 
391        INFO  main            d.u.i.k.p.r.p.TestFile    Now processing file /home/runner/work/key/key/key.core/../key.ui/examples/proofLoadRepair/disjConj-manipulated.proof 
497        INFO  main            d.u.i.k.p.i.AbstractProblemLoader Loading environment from /home/runner/work/key/key/key.core/../key.ui/examples/proofLoadRepair/disjConj-manipulated.proof 
513        DEBUG main            d.u.i.k.p.i.AbstractProblemLoader Environment load took 1.95ms 
743        INFO  main            d.u.i.k.p.i.AbstractProblemLoader Creating init config 
1673       DEBUG main            d.u.i.k.j.TypeConverter   No LDT found for Meta 
1674       DEBUG main            d.u.i.k.j.TypeConverter   No LDT found for Meta 
1677       DEBUG main            d.u.i.k.j.TypeConverter   No LDT found for Meta 
1677       DEBUG main            d.u.i.k.j.TypeConverter   No LDT found for Meta 
3168       DEBUG main            d.u.i.k.j.TypeConverter   No LDT found for JavaBigintExpression 
7737       DEBUG main            d.u.i.k.p.i.AbstractProblemLoader Init config took 6.99s 
7795       INFO  main            d.u.i.k.p.i.AbstractProblemLoader Replaying proof disjConj-manipulated.proof 
7839       WARN  main            d.u.i.k.p.i.IntermediateProofReplayer Proof contains wrong number of \assumes instatiations for andLeft 
7840       WARN  main            d.u.i.k.p.i.IntermediateProofReplayer Proof contains wrong number of \assumes instatiations for replace_known_right 
7843       WARN  main            d.u.i.k.p.i.IntermediateProofReplayer Proof contains wrong number of \assumes instatiations for close 
7844       DEBUG main            d.u.i.k.p.i.IntermediateProofReplayer Proof replay took 14.58ms 
7848       INFO  main            d.u.i.k.p.r.p.TestFile    ... success: loaded 
7852       INFO  main            d.u.i.k.p.r.p.TestFile    Now processing file /home/runner/work/key/key/key.core/../key.ui/examples/proofLoadRepair/insufficient-manipulated.proof 
7852       INFO  main            d.u.i.k.p.i.AbstractProblemLoader Loading environment from /home/runner/work/key/key/key.core/../key.ui/examples/proofLoadRepair/insufficient-manipulated.proof 
7852       DEBUG main            d.u.i.k.p.i.AbstractProblemLoader Environment load took 229.3ns 
7856       INFO  main            d.u.i.k.p.i.AbstractProblemLoader Creating init config 
10505      DEBUG main            d.u.i.k.p.i.AbstractProblemLoader Init config took 2.65s 
10535      INFO  main            d.u.i.k.p.i.AbstractProblemLoader Replaying proof insufficient-manipulated.proof 
10553      WARN  main            d.u.i.k.p.i.IntermediateProofReplayer Proof contains wrong number of \assumes instatiations for applyEq 
10563      DEBUG main            d.u.i.k.p.i.IntermediateProofReplayer Proof replay took 11.34ms 
10567      INFO  main            d.u.i.k.p.r.p.TestFile    ... success: loading failed 
10568      INFO  main            d.u.i.k.p.r.p.TestFile    Now processing file /home/runner/work/key/key/key.core/../key.ui/examples/../../key.core/src/test/resources/testcase/issues/1716/incorrectPolarity.proof 
10568      INFO  main            d.u.i.k.p.i.AbstractProblemLoader Loading environment from /home/runner/work/key/key/key.core/../key.ui/examples/../../key.core/src/test/resources/testcase/issues/1716/incorrectPolarity.proof 
10568      DEBUG main            d.u.i.k.p.i.AbstractProblemLoader Environment load took 117.3ns 
10571      INFO  main            d.u.i.k.p.i.AbstractProblemLoader Creating init config 
13226      DEBUG main            d.u.i.k.p.i.AbstractProblemLoader Init config took 2.66s 
13286      INFO  main            d.u.i.k.p.i.AbstractProblemLoader Replaying proof incorrectPolarity.proof 
13291      DEBUG main            d.u.i.k.p.i.IntermediateProofReplayer Proof replay took 219.4ns 
13292      INFO  main            d.u.i.k.p.r.p.TestFile    ... success: loading failed 
13293      INFO  main            d.u.i.k.p.r.p.TestFile    Now processing file /home/runner/work/key/key/key.core/../key.ui/examples/../../key.core/src/test/resources/testcase/issues/1716/incorrectPolarity2.proof 
13294      INFO  main            d.u.i.k.p.i.AbstractProblemLoader Loading environment from /home/runner/work/key/key/key.core/../key.ui/examples/../../key.core/src/test/resources/testcase/issues/1716/incorrectPolarity2.proof 
13295      DEBUG main            d.u.i.k.p.i.AbstractProblemLoader Environment load took 832.51ns 
13297      INFO  main            d.u.i.k.p.i.AbstractProblemLoader Creating init config 
15815      DEBUG main            d.u.i.k.p.i.AbstractProblemLoader Init config took 2.52s 
15837      INFO  main            d.u.i.k.p.i.AbstractProblemLoader Replaying proof incorrectPolarity2.proof 
15840      DEBUG main            d.u.i.k.p.i.IntermediateProofReplayer Proof replay took 388.1ns 
15840      INFO  main            d.u.i.k.p.r.p.TestFile    ... success: loading failed 
15841      INFO  main            d.u.i.k.p.r.p.TestFile    Now processing file /home/runner/work/key/key/key.core/../key.ui/examples/../../key.core/src/test/resources/testcase/issues/1716/incorrectPolarity3.proof 
15842      INFO  main            d.u.i.k.p.i.AbstractProblemLoader Loading environment from /home/runner/work/key/key/key.core/../key.ui/examples/../../key.core/src/test/resources/testcase/issues/1716/incorrectPolarity3.proof 
15842      DEBUG main            d.u.i.k.p.i.AbstractProblemLoader Environment load took 138.7ns 
15843      INFO  main            d.u.i.k.p.i.AbstractProblemLoader Creating init config 
18344      DEBUG main            d.u.i.k.p.i.AbstractProblemLoader Init config took 2.5s 
18372      INFO  main            d.u.i.k.p.i.AbstractProblemLoader Replaying proof incorrectPolarity3.proof 
18384      DEBUG main            d.u.i.k.p.i.IntermediateProofReplayer Proof replay took 1.21ms 
18386      INFO  main            d.u.i.k.p.r.p.TestFile    ... success: loading failed 
5131901    INFO  Test worker     d.u.i.k.p.r.RunAllProofsTestUnit Returning from test proofLoadRepair 
5131902    INFO  Test worker     d.u.i.k.p.r.RunAllProofsTestUnit Running test switch 
382        INFO  Timeout watchdog d.u.i.k.p.r.p.ForkedTestFileRunner Timeout watcher launched (2000 secs.) 
403        WARN  main            d.u.i.k.s.ProofSettings   The settings in /home/runner/.key/proof-settings.props are *not* read. 
453        INFO  main            d.u.i.k.p.r.p.TestFile    Now processing file /home/runner/work/key/key/key.core/../key.ui/examples/standard_key/java_dl/switch/labeled_case.key 
586        INFO  main            d.u.i.k.p.i.AbstractProblemLoader Loading environment from /home/runner/work/key/key/key.core/../key.ui/examples/standard_key/java_dl/switch/labeled_case.key 
604        DEBUG main            d.u.i.k.p.i.AbstractProblemLoader Environment load took 2.09ms 
835        INFO  main            d.u.i.k.p.i.AbstractProblemLoader Creating init config 
1662       DEBUG main            d.u.i.k.j.TypeConverter   No LDT found for Meta 
1663       DEBUG main            d.u.i.k.j.TypeConverter   No LDT found for Meta 
1664       DEBUG main            d.u.i.k.j.TypeConverter   No LDT found for Meta 
1664       DEBUG main            d.u.i.k.j.TypeConverter   No LDT found for Meta 
3322       DEBUG main            d.u.i.k.j.TypeConverter   No LDT found for JavaBigintExpression 
8446       DEBUG main            d.u.i.k.p.i.AbstractProblemLoader Init config took 7.61s 
8576       INFO  main            d.u.i.k.p.i.AbstractProblemLoader Replaying proof LabeledCase[LabeledCase::m(int)].JML normal_behavior operation contract.0 
8610       DEBUG main            d.u.i.k.p.i.IntermediateProofReplayer Proof replay took 41.2ns 
9339       INFO  main            d.u.i.k.p.r.p.TestFile    ... finished proof: closed. 
9460       INFO  main            d.u.i.k.p.i.AbstractProblemLoader Loading environment from /home/runner/work/key/key/key.core/../key.ui/examples/standard_key/java_dl/switch/labeled_case.key.proof 
9460       DEBUG main            d.u.i.k.p.i.AbstractProblemLoader Environment load took 167.3ns 
9465       INFO  main            d.u.i.k.p.i.AbstractProblemLoader Creating init config 
12491      DEBUG main            d.u.i.k.p.i.AbstractProblemLoader Init config took 3.03s 
12583      INFO  main            d.u.i.k.p.i.AbstractProblemLoader Replaying proof LabeledCase[LabeledCase::m(int)].JML normal_behavior operation contract.0 
12655      DEBUG main            d.u.i.k.p.i.IntermediateProofReplayer Proof replay took 66.26ms 
12662      DEBUG main            d.u.i.k.p.r.p.TestFile    ... success: reloaded. 
12664      INFO  main            d.u.i.k.p.r.p.TestFile    Now processing file /home/runner/work/key/key/key.core/../key.ui/examples/standard_key/java_dl/switch/empty_switch.key 
12664      INFO  main            d.u.i.k.p.i.AbstractProblemLoader Loading environment from /home/runner/work/key/key/key.core/../key.ui/examples/standard_key/java_dl/switch/empty_switch.key 
12664      DEBUG main            d.u.i.k.p.i.AbstractProblemLoader Environment load took 228.4ns 
12666      INFO  main            d.u.i.k.p.i.AbstractProblemLoader Creating init config 
15442      DEBUG main            d.u.i.k.p.i.AbstractProblemLoader Init config took 2.78s 
15472      INFO  main            d.u.i.k.p.i.AbstractProblemLoader Replaying proof empty_switch.key 
15475      DEBUG main            d.u.i.k.p.i.IntermediateProofReplayer Proof replay took 11.4ns 
15579      INFO  main            d.u.i.k.p.r.p.TestFile    ... finished proof: closed. 
15733      INFO  main            d.u.i.k.p.i.AbstractProblemLoader Loading environment from /home/runner/work/key/key/key.core/../key.ui/examples/standard_key/java_dl/switch/empty_switch.key.proof 
15734      DEBUG main            d.u.i.k.p.i.AbstractProblemLoader Environment load took 164.2ns 
15735      INFO  main            d.u.i.k.p.i.AbstractProblemLoader Creating init config 
18387      DEBUG main            d.u.i.k.p.i.AbstractProblemLoader Init config took 2.65s 
18411      INFO  main            d.u.i.k.p.i.AbstractProblemLoader Replaying proof empty_switch.key.proof 
18416      DEBUG main            d.u.i.k.p.i.IntermediateProofReplayer Proof replay took 1.98ms 
18417      DEBUG main            d.u.i.k.p.r.p.TestFile    ... success: reloaded. 
18418      INFO  main            d.u.i.k.p.r.p.TestFile    Now processing file /home/runner/work/key/key/key.core/../key.ui/examples/standard_key/java_dl/switch/empty_switch_null.key 
18418      INFO  main            d.u.i.k.p.i.AbstractProblemLoader Loading environment from /home/runner/work/key/key/key.core/../key.ui/examples/standard_key/java_dl/switch/empty_switch_null.key 
18418      DEBUG main            d.u.i.k.p.i.AbstractProblemLoader Environment load took 199.1ns 
18420      INFO  main            d.u.i.k.p.i.AbstractProblemLoader Creating init config 
21133      DEBUG main            d.u.i.k.p.i.AbstractProblemLoader Init config took 2.71s 
21157      INFO  main            d.u.i.k.p.i.AbstractProblemLoader Replaying proof empty_switch_null.key 
21160      DEBUG main            d.u.i.k.p.i.IntermediateProofReplayer Proof replay took 8ns 
21363      INFO  main            d.u.i.k.p.r.p.TestFile    ... finished proof: closed. 
21520      INFO  main            d.u.i.k.p.i.AbstractProblemLoader Loading environment from /home/runner/work/key/key/key.core/../key.ui/examples/standard_key/java_dl/switch/empty_switch_null.key.proof 
21520      DEBUG main            d.u.i.k.p.i.AbstractProblemLoader Environment load took 146.9ns 
21524      INFO  main            d.u.i.k.p.i.AbstractProblemLoader Creating init config 
24165      DEBUG main            d.u.i.k.p.i.AbstractProblemLoader Init config took 2.64s 
24190      INFO  main            d.u.i.k.p.i.AbstractProblemLoader Replaying proof empty_switch_null.key.proof 
24230      DEBUG main            d.u.i.k.p.i.IntermediateProofReplayer Proof replay took 33.88ms 
24231      DEBUG main            d.u.i.k.p.r.p.TestFile    ... success: reloaded. 
24232      INFO  main            d.u.i.k.p.r.p.TestFile    Now processing file /home/runner/work/key/key/key.core/../key.ui/examples/standard_key/java_dl/switch/empty_switch_null_catch.key 
24233      INFO  main            d.u.i.k.p.i.AbstractProblemLoader Loading environment from /home/runner/work/key/key/key.core/../key.ui/examples/standard_key/java_dl/switch/empty_switch_null_catch.key 
24233      DEBUG main            d.u.i.k.p.i.AbstractProblemLoader Environment load took 199ns 
24234      INFO  main            d.u.i.k.p.i.AbstractProblemLoader Creating init config 
26907      DEBUG main            d.u.i.k.p.i.AbstractProblemLoader Init config took 2.67s 
26930      INFO  main            d.u.i.k.p.i.AbstractProblemLoader Replaying proof empty_switch_null_catch.key 
26933      DEBUG main            d.u.i.k.p.i.IntermediateProofReplayer Proof replay took 7.4ns 
27136      INFO  main            d.u.i.k.p.r.p.TestFile    ... finished proof: closed. 
27290      INFO  main            d.u.i.k.p.i.AbstractProblemLoader Loading environment from /home/runner/work/key/key/key.core/../key.ui/examples/standard_key/java_dl/switch/empty_switch_null_catch.key.proof 
27290      DEBUG main            d.u.i.k.p.i.AbstractProblemLoader Environment load took 550ns 
27291      INFO  main            d.u.i.k.p.i.AbstractProblemLoader Creating init config 
29885      DEBUG main            d.u.i.k.p.i.AbstractProblemLoader Init config took 2.59s 
29909      INFO  main            d.u.i.k.p.i.AbstractProblemLoader Replaying proof empty_switch_null_catch.key.proof 
29946      DEBUG main            d.u.i.k.p.i.IntermediateProofReplayer Proof replay took 33.51ms 
29947      DEBUG main            d.u.i.k.p.r.p.TestFile    ... success: reloaded. 
29948      INFO  main            d.u.i.k.p.r.p.TestFile    Now processing file /home/runner/work/key/key/key.core/../key.ui/examples/standard_key/java_dl/switch/empty_switch_array_out_of_bounds.key 
29948      INFO  main            d.u.i.k.p.i.AbstractProblemLoader Loading environment from /home/runner/work/key/key/key.core/../key.ui/examples/standard_key/java_dl/switch/empty_switch_array_out_of_bounds.key 
29948      DEBUG main            d.u.i.k.p.i.AbstractProblemLoader Environment load took 188.1ns 
29949      INFO  main            d.u.i.k.p.i.AbstractProblemLoader Creating init config 
32571      DEBUG main            d.u.i.k.p.i.AbstractProblemLoader Init config took 2.62s 
32594      INFO  main            d.u.i.k.p.i.AbstractProblemLoader Replaying proof empty_switch_array_out_of_bounds.key 
32597      DEBUG main            d.u.i.k.p.i.IntermediateProofReplayer Proof replay took 7.5ns 
32908      INFO  main            d.u.i.k.p.r.p.TestFile    ... finished proof: closed. 
33158      INFO  main            d.u.i.k.p.i.AbstractProblemLoader Loading environment from /home/runner/work/key/key/key.core/../key.ui/examples/standard_key/java_dl/switch/empty_switch_array_out_of_bounds.key.proof 
33158      DEBUG main            d.u.i.k.p.i.AbstractProblemLoader Environment load took 149.8ns 
33159      INFO  main            d.u.i.k.p.i.AbstractProblemLoader Creating init config 
35719      DEBUG main            d.u.i.k.p.i.AbstractProblemLoader Init config took 2.56s 
35744      INFO  main            d.u.i.k.p.i.AbstractProblemLoader Replaying proof empty_switch_array_out_of_bounds.key.proof 
35819      DEBUG main            d.u.i.k.p.i.IntermediateProofReplayer Proof replay took 68.49ms 
35821      DEBUG main            d.u.i.k.p.r.p.TestFile    ... success: reloaded. 
35822      INFO  main            d.u.i.k.p.r.p.TestFile    Now processing file /home/runner/work/key/key/key.core/../key.ui/examples/standard_key/java_dl/switch/empty_switch_array_out_of_bounds_catch.key 
35822      INFO  main            d.u.i.k.p.i.AbstractProblemLoader Loading environment from /home/runner/work/key/key/key.core/../key.ui/examples/standard_key/java_dl/switch/empty_switch_array_out_of_bounds_catch.key 
35822      DEBUG main            d.u.i.k.p.i.AbstractProblemLoader Environment load took 106.2ns 
35823      INFO  main            d.u.i.k.p.i.AbstractProblemLoader Creating init config 
38449      DEBUG main            d.u.i.k.p.i.AbstractProblemLoader Init config took 2.63s 
38471      INFO  main            d.u.i.k.p.i.AbstractProblemLoader Replaying proof empty_switch_array_out_of_bounds_catch.key 
38476      DEBUG main            d.u.i.k.p.i.IntermediateProofReplayer Proof replay took 7.8ns 
38683      INFO  main            d.u.i.k.p.r.p.TestFile    ... finished proof: closed. 
38858      INFO  main            d.u.i.k.p.i.AbstractProblemLoader Loading environment from /home/runner/work/key/key/key.core/../key.ui/examples/standard_key/java_dl/switch/empty_switch_array_out_of_bounds_catch.key.proof 
38858      DEBUG main            d.u.i.k.p.i.AbstractProblemLoader Environment load took 385.9ns 
38859      INFO  main            d.u.i.k.p.i.AbstractProblemLoader Creating init config 
41393      DEBUG main            d.u.i.k.p.i.AbstractProblemLoader Init config took 2.53s 
41416      INFO  main            d.u.i.k.p.i.AbstractProblemLoader Replaying proof empty_switch_array_out_of_bounds_catch.key.proof 
41456      DEBUG main            d.u.i.k.p.i.IntermediateProofReplayer Proof replay took 36.84ms 
41460      DEBUG main            d.u.i.k.p.r.p.TestFile    ... success: reloaded. 
41462      INFO  main            d.u.i.k.p.r.p.TestFile    Now processing file /home/runner/work/key/key/key.core/../key.ui/examples/standard_key/java_dl/switch/switch_in_switch.key 
41462      INFO  main            d.u.i.k.p.i.AbstractProblemLoader Loading environment from /home/runner/work/key/key/key.core/../key.ui/examples/standard_key/java_dl/switch/switch_in_switch.key 
41463      DEBUG main            d.u.i.k.p.i.AbstractProblemLoader Environment load took 196.9ns 
41466      INFO  main            d.u.i.k.p.i.AbstractProblemLoader Creating init config 
44140      DEBUG main            d.u.i.k.p.i.AbstractProblemLoader Init config took 2.67s 
44189      INFO  main            d.u.i.k.p.i.AbstractProblemLoader Replaying proof SwitchInSwitch[SwitchInSwitch::m(int)].JML normal_behavior operation contract.0 
44190      DEBUG main            d.u.i.k.p.i.IntermediateProofReplayer Proof replay took 8.3ns 
49123      INFO  main            d.u.i.k.p.r.p.TestFile    ... finished proof: closed. 
49373      INFO  main            d.u.i.k.p.i.AbstractProblemLoader Loading environment from /home/runner/work/key/key/key.core/../key.ui/examples/standard_key/java_dl/switch/switch_in_switch.key.proof 
49373      DEBUG main            d.u.i.k.p.i.AbstractProblemLoader Environment load took 215ns 
49375      INFO  main            d.u.i.k.p.i.AbstractProblemLoader Creating init config 
51935      DEBUG main            d.u.i.k.p.i.AbstractProblemLoader Init config took 2.56s 
51979      INFO  main            d.u.i.k.p.i.AbstractProblemLoader Replaying proof SwitchInSwitch[SwitchInSwitch::m(int)].JML normal_behavior operation contract.0 
52357      DEBUG main            d.u.i.k.p.i.IntermediateProofReplayer Proof replay took 351ms 
52359      DEBUG main            d.u.i.k.p.r.p.TestFile    ... success: reloaded. 
52360      INFO  main            d.u.i.k.p.r.p.TestFile    Now processing file /home/runner/work/key/key/key.core/../key.ui/examples/standard_key/java_dl/switch/while_and_switch.key 
52361      INFO  main            d.u.i.k.p.i.AbstractProblemLoader Loading environment from /home/runner/work/key/key/key.core/../key.ui/examples/standard_key/java_dl/switch/while_and_switch.key 
52361      DEBUG main            d.u.i.k.p.i.AbstractProblemLoader Environment load took 197.7ns 
52362      INFO  main            d.u.i.k.p.i.AbstractProblemLoader Creating init config 
55001      DEBUG main            d.u.i.k.p.i.AbstractProblemLoader Init config took 2.64s 
55049      INFO  main            d.u.i.k.p.i.AbstractProblemLoader Replaying proof WhileAndSwitch[WhileAndSwitch::m(int)].JML normal_behavior operation contract.0 
55052      DEBUG main            d.u.i.k.p.i.IntermediateProofReplayer Proof replay took 7.5ns 
55856      INFO  main            d.u.i.k.p.r.p.TestFile    ... finished proof: closed. 
56071      INFO  main            d.u.i.k.p.i.AbstractProblemLoader Loading environment from /home/runner/work/key/key/key.core/../key.ui/examples/standard_key/java_dl/switch/while_and_switch.key.proof 
56073      DEBUG main            d.u.i.k.p.i.AbstractProblemLoader Environment load took 1.75ms 
56074      INFO  main            d.u.i.k.p.i.AbstractProblemLoader Creating init config 
58651      DEBUG main            d.u.i.k.p.i.AbstractProblemLoader Init config took 2.58s 
58700      INFO  main            d.u.i.k.p.i.AbstractProblemLoader Replaying proof WhileAndSwitch[WhileAndSwitch::m(int)].JML normal_behavior operation contract.0 
58813      DEBUG main            d.u.i.k.p.i.IntermediateProofReplayer Proof replay took 106.37ms 
58815      DEBUG main            d.u.i.k.p.r.p.TestFile    ... success: reloaded. 
58816      INFO  main            d.u.i.k.p.r.p.TestFile    Now processing file /home/runner/work/key/key/key.core/../key.ui/examples/standard_key/java_dl/switch/large_switch.key 
58816      INFO  main            d.u.i.k.p.i.AbstractProblemLoader Loading environment from /home/runner/work/key/key/key.core/../key.ui/examples/standard_key/java_dl/switch/large_switch.key 
58817      DEBUG main            d.u.i.k.p.i.AbstractProblemLoader Environment load took 193.5ns 
58818      INFO  main            d.u.i.k.p.i.AbstractProblemLoader Creating init config 
61460      DEBUG main            d.u.i.k.p.i.AbstractProblemLoader Init config took 2.64s 
61514      INFO  main            d.u.i.k.p.i.AbstractProblemLoader Replaying proof LargeSwitch[LargeSwitch::m(int)].JML normal_behavior operation contract.0 
61516      DEBUG main            d.u.i.k.p.i.IntermediateProofReplayer Proof replay took 7.7ns 
63027      INFO  main            d.u.i.k.p.r.p.TestFile    ... finished proof: closed. 
63266      INFO  main            d.u.i.k.p.i.AbstractProblemLoader Loading environment from /home/runner/work/key/key/key.core/../key.ui/examples/standard_key/java_dl/switch/large_switch.key.proof 
63266      DEBUG main            d.u.i.k.p.i.AbstractProblemLoader Environment load took 407.4ns 
63268      INFO  main            d.u.i.k.p.i.AbstractProblemLoader Creating init config 
65892      DEBUG main            d.u.i.k.p.i.AbstractProblemLoader Init config took 2.62s 
65953      INFO  main            d.u.i.k.p.i.AbstractProblemLoader Replaying proof LargeSwitch[LargeSwitch::m(int)].JML normal_behavior operation contract.0 
66310      DEBUG main            d.u.i.k.p.i.IntermediateProofReplayer Proof replay took 337.81ms 
66312      DEBUG main            d.u.i.k.p.r.p.TestFile    ... success: reloaded. 
5198399    INFO  Test worker     d.u.i.k.p.r.RunAllProofsTestUnit Returning from test switch 
5198400    INFO  Test worker     d.u.i.k.p.r.RunAllProofsTestUnit Running test redux 
372        INFO  Timeout watchdog d.u.i.k.p.r.p.ForkedTestFileRunner Timeout watcher launched (2000 secs.) 
384        WARN  main            d.u.i.k.s.ProofSettings   The settings in /home/runner/.key/proof-settings.props are *not* read. 
412        INFO  main            d.u.i.k.p.r.p.TestFile    Now processing file /home/runner/work/key/key/key.core/../key.ui/examples/redux/arrays/Arrays.copyOf.key 
523        INFO  main            d.u.i.k.p.i.AbstractProblemLoader Loading environment from /home/runner/work/key/key/key.core/../key.ui/examples/redux/arrays/Arrays.copyOf.key 
548        DEBUG main            d.u.i.k.p.i.AbstractProblemLoader Environment load took 2.2ms 
772        INFO  main            d.u.i.k.p.i.AbstractProblemLoader Creating init config 
1609       DEBUG main            d.u.i.k.j.TypeConverter   No LDT found for Meta 
1609       DEBUG main            d.u.i.k.j.TypeConverter   No LDT found for Meta 
1610       DEBUG main            d.u.i.k.j.TypeConverter   No LDT found for Meta 
1611       DEBUG main            d.u.i.k.j.TypeConverter   No LDT found for Meta 
3326       DEBUG main            d.u.i.k.j.TypeConverter   No LDT found for JavaBigintExpression 
9229       DEBUG main            d.u.i.k.p.i.AbstractProblemLoader Init config took 8.46s 
9364       INFO  main            d.u.i.k.p.i.AbstractProblemLoader Replaying proof Arrays[Arrays::copyOf([I,int)].JML normal_behavior operation contract.0 
9398       DEBUG main            d.u.i.k.p.i.IntermediateProofReplayer Proof replay took 44.4ns 
14666      INFO  main            d.u.i.k.p.r.p.TestFile    ... finished proof: closed. 
14842      INFO  main            d.u.i.k.p.i.AbstractProblemLoader Loading environment from /home/runner/work/key/key/key.core/../key.ui/examples/redux/arrays/Arrays.copyOf.key.proof 
14843      DEBUG main            d.u.i.k.p.i.AbstractProblemLoader Environment load took 172ns 
14845      INFO  main            d.u.i.k.p.i.AbstractProblemLoader Creating init config 
18271      DEBUG main            d.u.i.k.p.i.AbstractProblemLoader Init config took 3.43s 
18334      INFO  main            d.u.i.k.p.i.AbstractProblemLoader Replaying proof Arrays[Arrays::copyOf([I,int)].JML normal_behavior operation contract.0 
18728      DEBUG main            d.u.i.k.p.i.IntermediateProofReplayer Proof replay took 372.87ms 
18737      DEBUG main            d.u.i.k.p.r.p.TestFile    ... success: reloaded. 
18739      INFO  main            d.u.i.k.p.r.p.TestFile    Now processing file /home/runner/work/key/key/key.core/../key.ui/examples/redux/arrays/Arrays.copyOf.float.key 
18739      INFO  main            d.u.i.k.p.i.AbstractProblemLoader Loading environment from /home/runner/work/key/key/key.core/../key.ui/examples/redux/arrays/Arrays.copyOf.float.key 
18739      DEBUG main            d.u.i.k.p.i.AbstractProblemLoader Environment load took 218.3ns 
18741      INFO  main            d.u.i.k.p.i.AbstractProblemLoader Creating init config 
22108      DEBUG main            d.u.i.k.p.i.AbstractProblemLoader Init config took 3.37s 
22165      INFO  main            d.u.i.k.p.i.AbstractProblemLoader Replaying proof Arrays[Arrays::copyOf([F,int)].JML normal_behavior operation contract.0 
22168      DEBUG main            d.u.i.k.p.i.IntermediateProofReplayer Proof replay took 6.7ns 
22200      DEBUG main            d.u.i.k.m.s.ProofScriptEngine 1: 'macro autopilot' on goal 0 (script from line 6) 
26870      DEBUG main            d.u.i.k.m.s.ProofScriptEngine 2: 'smt solver=Z3' on goal 17 (script from line 7) 
26950      INFO  main            d.u.i.k.m.s.SMTCommand    Finished run on goal 17 in 52ms, result is valid 
26950      DEBUG main            d.u.i.k.m.s.ProofScriptEngine 3: 'tryclose' on goal 309 (script from line 8) 
28886      INFO  main            d.u.i.k.p.r.p.TestFile    ... finished proof: closed. 
29162      INFO  main            d.u.i.k.p.i.AbstractProblemLoader Loading environment from /home/runner/work/key/key/key.core/../key.ui/examples/redux/arrays/Arrays.copyOf.float.key.proof 
29162      DEBUG main            d.u.i.k.p.i.AbstractProblemLoader Environment load took 440.1ns 
29167      INFO  main            d.u.i.k.p.i.AbstractProblemLoader Creating init config 
32492      DEBUG main            d.u.i.k.p.i.AbstractProblemLoader Init config took 3.33s 
32549      INFO  main            d.u.i.k.p.i.AbstractProblemLoader Replaying proof Arrays[Arrays::copyOf([F,int)].JML normal_behavior operation contract.0 
33129      DEBUG main            d.u.i.k.p.i.IntermediateProofReplayer Proof replay took 560.62ms 
33131      DEBUG main            d.u.i.k.p.r.p.TestFile    ... success: reloaded. 
33133      INFO  main            d.u.i.k.p.r.p.TestFile    Now processing file /home/runner/work/key/key/key.core/../key.ui/examples/redux/arrays/Arrays.copyOfRange.key 
33133      INFO  main            d.u.i.k.p.i.AbstractProblemLoader Loading environment from /home/runner/work/key/key/key.core/../key.ui/examples/redux/arrays/Arrays.copyOfRange.key 
33133      DEBUG main            d.u.i.k.p.i.AbstractProblemLoader Environment load took 226.3ns 
33135      INFO  main            d.u.i.k.p.i.AbstractProblemLoader Creating init config 
36436      DEBUG main            d.u.i.k.p.i.AbstractProblemLoader Init config took 3.3s 
36484      INFO  main            d.u.i.k.p.i.AbstractProblemLoader Replaying proof Arrays[Arrays::copyOfRange([I,int,int)].JML normal_behavior operation contract.0 
36486      DEBUG main            d.u.i.k.p.i.IntermediateProofReplayer Proof replay took 7.3ns 
41441      INFO  main            d.u.i.k.p.r.p.TestFile    ... finished proof: closed. 
41702      INFO  main            d.u.i.k.p.i.AbstractProblemLoader Loading environment from /home/runner/work/key/key/key.core/../key.ui/examples/redux/arrays/Arrays.copyOfRange.key.proof 
41703      DEBUG main            d.u.i.k.p.i.AbstractProblemLoader Environment load took 156.7ns 
41705      INFO  main            d.u.i.k.p.i.AbstractProblemLoader Creating init config 
44929      DEBUG main            d.u.i.k.p.i.AbstractProblemLoader Init config took 3.22s 
44986      INFO  main            d.u.i.k.p.i.AbstractProblemLoader Replaying proof Arrays[Arrays::copyOfRange([I,int,int)].JML normal_behavior operation contract.0 
45356      DEBUG main            d.u.i.k.p.i.IntermediateProofReplayer Proof replay took 351.02ms 
45358      DEBUG main            d.u.i.k.p.r.p.TestFile    ... success: reloaded. 
45359      INFO  main            d.u.i.k.p.r.p.TestFile    Now processing file /home/runner/work/key/key/key.core/../key.ui/examples/redux/arrays/Arrays.copyOfRange.float.key 
45360      INFO  main            d.u.i.k.p.i.AbstractProblemLoader Loading environment from /home/runner/work/key/key/key.core/../key.ui/examples/redux/arrays/Arrays.copyOfRange.float.key 
45360      DEBUG main            d.u.i.k.p.i.AbstractProblemLoader Environment load took 187.2ns 
45361      INFO  main            d.u.i.k.p.i.AbstractProblemLoader Creating init config 
48499      DEBUG main            d.u.i.k.p.i.AbstractProblemLoader Init config took 3.14s 
48543      INFO  main            d.u.i.k.p.i.AbstractProblemLoader Replaying proof Arrays[Arrays::copyOfRange([F,int,int)].JML normal_behavior operation contract.0 
48545      DEBUG main            d.u.i.k.p.i.IntermediateProofReplayer Proof replay took 6.4ns 
48545      DEBUG main            d.u.i.k.m.s.ProofScriptEngine 1: 'macro autopilot' on goal 0 (script from line 6) 
54978      DEBUG main            d.u.i.k.m.s.ProofScriptEngine 2: 'smt solver=Z3' on goal 27 (script from line 7) 
55031      INFO  main            d.u.i.k.m.s.SMTCommand    Finished run on goal 27 in 49ms, result is valid 
55032      DEBUG main            d.u.i.k.m.s.ProofScriptEngine 3: 'tryclose' on goal 375 (script from line 8) 
58696      INFO  main            d.u.i.k.p.r.p.TestFile    ... finished proof: closed. 
58939      INFO  main            d.u.i.k.p.i.AbstractProblemLoader Loading environment from /home/runner/work/key/key/key.core/../key.ui/examples/redux/arrays/Arrays.copyOfRange.float.key.proof 
58940      DEBUG main            d.u.i.k.p.i.AbstractProblemLoader Environment load took 177.6ns 
58942      INFO  main            d.u.i.k.p.i.AbstractProblemLoader Creating init config 
62117      DEBUG main            d.u.i.k.p.i.AbstractProblemLoader Init config took 3.18s 
62162      INFO  main            d.u.i.k.p.i.AbstractProblemLoader Replaying proof Arrays[Arrays::copyOfRange([F,int,int)].JML normal_behavior operation contract.0 
62895      DEBUG main            d.u.i.k.p.i.IntermediateProofReplayer Proof replay took 709.9ms 
62898      DEBUG main            d.u.i.k.p.r.p.TestFile    ... success: reloaded. 
62899      INFO  main            d.u.i.k.p.r.p.TestFile    Now processing file /home/runner/work/key/key/key.core/../key.ui/examples/redux/arrays/Arrays.equals.key 
62899      INFO  main            d.u.i.k.p.i.AbstractProblemLoader Loading environment from /home/runner/work/key/key/key.core/../key.ui/examples/redux/arrays/Arrays.equals.key 
62899      DEBUG main            d.u.i.k.p.i.AbstractProblemLoader Environment load took 214.3ns 
62900      INFO  main            d.u.i.k.p.i.AbstractProblemLoader Creating init config 
66058      DEBUG main            d.u.i.k.p.i.AbstractProblemLoader Init config took 3.16s 
66101      INFO  main            d.u.i.k.p.i.AbstractProblemLoader Replaying proof Arrays[Arrays::equals([B,[B)].JML normal_behavior operation contract.0 
66102      DEBUG main            d.u.i.k.p.i.IntermediateProofReplayer Proof replay took 7.6ns 
66709      INFO  main            d.u.i.k.p.r.p.TestFile    ... finished proof: closed. 
66957      INFO  main            d.u.i.k.p.i.AbstractProblemLoader Loading environment from /home/runner/work/key/key/key.core/../key.ui/examples/redux/arrays/Arrays.equals.key.proof 
66958      DEBUG main            d.u.i.k.p.i.AbstractProblemLoader Environment load took 440.11ns 
66959      INFO  main            d.u.i.k.p.i.AbstractProblemLoader Creating init config 
70024      DEBUG main            d.u.i.k.p.i.AbstractProblemLoader Init config took 3.07s 
70067      INFO  main            d.u.i.k.p.i.AbstractProblemLoader Replaying proof Arrays[Arrays::equals([B,[B)].JML normal_behavior operation contract.0 
70180      DEBUG main            d.u.i.k.p.i.IntermediateProofReplayer Proof replay took 108.57ms 
70181      DEBUG main            d.u.i.k.p.r.p.TestFile    ... success: reloaded. 
70182      INFO  main            d.u.i.k.p.r.p.TestFile    Now processing file /home/runner/work/key/key/key.core/../key.ui/examples/redux/arrays/Arrays.fill.key 
70183      INFO  main            d.u.i.k.p.i.AbstractProblemLoader Loading environment from /home/runner/work/key/key/key.core/../key.ui/examples/redux/arrays/Arrays.fill.key 
70183      DEBUG main            d.u.i.k.p.i.AbstractProblemLoader Environment load took 194.1ns 
70184      INFO  main            d.u.i.k.p.i.AbstractProblemLoader Creating init config 
73301      DEBUG main            d.u.i.k.p.i.AbstractProblemLoader Init config took 3.12s 
73341      INFO  main            d.u.i.k.p.i.AbstractProblemLoader Replaying proof Arrays[Arrays::fill([I,int)].JML normal_behavior operation contract.0 
73342      DEBUG main            d.u.i.k.p.i.IntermediateProofReplayer Proof replay took 8.1ns 
73548      INFO  main            d.u.i.k.p.r.p.TestFile    ... finished proof: closed. 
73756      INFO  main            d.u.i.k.p.i.AbstractProblemLoader Loading environment from /home/runner/work/key/key/key.core/../key.ui/examples/redux/arrays/Arrays.fill.key.proof 
73756      DEBUG main            d.u.i.k.p.i.AbstractProblemLoader Environment load took 142.4ns 
73757      INFO  main            d.u.i.k.p.i.AbstractProblemLoader Creating init config 
76839      DEBUG main            d.u.i.k.p.i.AbstractProblemLoader Init config took 3.08s 
76890      INFO  main            d.u.i.k.p.i.AbstractProblemLoader Replaying proof Arrays[Arrays::fill([I,int)].JML normal_behavior operation contract.0 
76918      DEBUG main            d.u.i.k.p.i.IntermediateProofReplayer Proof replay took 25.12ms 
76919      DEBUG main            d.u.i.k.p.r.p.TestFile    ... success: reloaded. 
76920      INFO  main            d.u.i.k.p.r.p.TestFile    Now processing file /home/runner/work/key/key/key.core/../key.ui/examples/redux/arrays/Arrays.fill.float.key 
76920      INFO  main            d.u.i.k.p.i.AbstractProblemLoader Loading environment from /home/runner/work/key/key/key.core/../key.ui/examples/redux/arrays/Arrays.fill.float.key 
76921      DEBUG main            d.u.i.k.p.i.AbstractProblemLoader Environment load took 201.1ns 
76922      INFO  main            d.u.i.k.p.i.AbstractProblemLoader Creating init config 
80074      DEBUG main            d.u.i.k.p.i.AbstractProblemLoader Init config took 3.15s 
80115      INFO  main            d.u.i.k.p.i.AbstractProblemLoader Replaying proof Arrays[Arrays::fill([F,float)].JML normal_behavior operation contract.0 
80117      DEBUG main            d.u.i.k.p.i.IntermediateProofReplayer Proof replay took 7.8ns 
80320      INFO  main            d.u.i.k.p.r.p.TestFile    ... finished proof: closed. 
80522      INFO  main            d.u.i.k.p.i.AbstractProblemLoader Loading environment from /home/runner/work/key/key/key.core/../key.ui/examples/redux/arrays/Arrays.fill.float.key.proof 
80522      DEBUG main            d.u.i.k.p.i.AbstractProblemLoader Environment load took 168.8ns 
80523      INFO  main            d.u.i.k.p.i.AbstractProblemLoader Creating init config 
83667      DEBUG main            d.u.i.k.p.i.AbstractProblemLoader Init config took 3.14s 
83707      INFO  main            d.u.i.k.p.i.AbstractProblemLoader Replaying proof Arrays[Arrays::fill([F,float)].JML normal_behavior operation contract.0 
83746      DEBUG main            d.u.i.k.p.i.IntermediateProofReplayer Proof replay took 36.19ms 
83747      DEBUG main            d.u.i.k.p.r.p.TestFile    ... success: reloaded. 
83748      INFO  main            d.u.i.k.p.r.p.TestFile    Now processing file /home/runner/work/key/key/key.core/../key.ui/examples/redux/arrays/Arrays.fillFromTo.key 
83748      INFO  main            d.u.i.k.p.i.AbstractProblemLoader Loading environment from /home/runner/work/key/key/key.core/../key.ui/examples/redux/arrays/Arrays.fillFromTo.key 
83749      DEBUG main            d.u.i.k.p.i.AbstractProblemLoader Environment load took 209.5ns 
83750      INFO  main            d.u.i.k.p.i.AbstractProblemLoader Creating init config 
86791      DEBUG main            d.u.i.k.p.i.AbstractProblemLoader Init config took 3.04s 
86830      INFO  main            d.u.i.k.p.i.AbstractProblemLoader Replaying proof Arrays[Arrays::fill([I,int,int,int)].JML normal_behavior operation contract.0 
86831      DEBUG main            d.u.i.k.p.i.IntermediateProofReplayer Proof replay took 9ns 
87436      INFO  main            d.u.i.k.p.r.p.TestFile    ... finished proof: closed. 
87645      INFO  main            d.u.i.k.p.i.AbstractProblemLoader Loading environment from /home/runner/work/key/key/key.core/../key.ui/examples/redux/arrays/Arrays.fillFromTo.key.proof 
87645      DEBUG main            d.u.i.k.p.i.AbstractProblemLoader Environment load took 505.7ns 
87646      INFO  main            d.u.i.k.p.i.AbstractProblemLoader Creating init config 
90650      DEBUG main            d.u.i.k.p.i.AbstractProblemLoader Init config took 3s 
90686      INFO  main            d.u.i.k.p.i.AbstractProblemLoader Replaying proof Arrays[Arrays::fill([I,int,int,int)].JML normal_behavior operation contract.0 
90763      DEBUG main            d.u.i.k.p.i.IntermediateProofReplayer Proof replay took 72.78ms 
90764      DEBUG main            d.u.i.k.p.r.p.TestFile    ... success: reloaded. 
90765      INFO  main            d.u.i.k.p.r.p.TestFile    Now processing file /home/runner/work/key/key/key.core/../key.ui/examples/redux/arrays/Arrays.fillFromTo.float.key 
90766      INFO  main            d.u.i.k.p.i.AbstractProblemLoader Loading environment from /home/runner/work/key/key/key.core/../key.ui/examples/redux/arrays/Arrays.fillFromTo.float.key 
90766      DEBUG main            d.u.i.k.p.i.AbstractProblemLoader Environment load took 188.8ns 
90767      INFO  main            d.u.i.k.p.i.AbstractProblemLoader Creating init config 
93774      DEBUG main            d.u.i.k.p.i.AbstractProblemLoader Init config took 3.01s 
93810      INFO  main            d.u.i.k.p.i.AbstractProblemLoader Replaying proof Arrays[Arrays::fill([F,int,int,float)].JML normal_behavior operation contract.0 
93811      DEBUG main            d.u.i.k.p.i.IntermediateProofReplayer Proof replay took 8.4ns 
94515      INFO  main            d.u.i.k.p.r.p.TestFile    ... finished proof: closed. 
94727      INFO  main            d.u.i.k.p.i.AbstractProblemLoader Loading environment from /home/runner/work/key/key/key.core/../key.ui/examples/redux/arrays/Arrays.fillFromTo.float.key.proof 
94728      DEBUG main            d.u.i.k.p.i.AbstractProblemLoader Environment load took 372ns 
94729      INFO  main            d.u.i.k.p.i.AbstractProblemLoader Creating init config 
97688      DEBUG main            d.u.i.k.p.i.AbstractProblemLoader Init config took 2.96s 
97726      INFO  main            d.u.i.k.p.i.AbstractProblemLoader Replaying proof Arrays[Arrays::fill([F,int,int,float)].JML normal_behavior operation contract.0 
97829      DEBUG main            d.u.i.k.p.i.IntermediateProofReplayer Proof replay took 98.46ms 
97830      DEBUG main            d.u.i.k.p.r.p.TestFile    ... success: reloaded. 
97831      INFO  main            d.u.i.k.p.r.p.TestFile    Now processing file /home/runner/work/key/key/key.core/../key.ui/examples/redux/arrays/ArrayCopy.arraycopy.normal.0.key 
97831      INFO  main            d.u.i.k.p.i.AbstractProblemLoader Loading environment from /home/runner/work/key/key/key.core/../key.ui/examples/redux/arrays/ArrayCopy.arraycopy.normal.0.key 
97831      DEBUG main            d.u.i.k.p.i.AbstractProblemLoader Environment load took 87.2ns 
97832      INFO  main            d.u.i.k.p.i.AbstractProblemLoader Creating init config 
100877     DEBUG main            d.u.i.k.p.i.AbstractProblemLoader Init config took 3.05s 
100940     INFO  main            d.u.i.k.p.i.AbstractProblemLoader Replaying proof ArrayCopy[ArrayCopy::arraycopy(java.lang.Object,int,java.lang.Object,int,int)].JML normal_behavior operation contract.0 
100942     DEBUG main            d.u.i.k.p.i.IntermediateProofReplayer Proof replay took 8.5ns 
107557     INFO  main            d.u.i.k.p.r.p.TestFile    ... finished proof: closed. 
107802     INFO  main            d.u.i.k.p.i.AbstractProblemLoader Loading environment from /home/runner/work/key/key/key.core/../key.ui/examples/redux/arrays/ArrayCopy.arraycopy.normal.0.key.proof 
107803     DEBUG main            d.u.i.k.p.i.AbstractProblemLoader Environment load took 418.2ns 
107805     INFO  main            d.u.i.k.p.i.AbstractProblemLoader Creating init config 
110808     DEBUG main            d.u.i.k.p.i.AbstractProblemLoader Init config took 3s 
110845     INFO  main            d.u.i.k.p.i.AbstractProblemLoader Replaying proof ArrayCopy[ArrayCopy::arraycopy(java.lang.Object,int,java.lang.Object,int,int)].JML normal_behavior operation contract.0 
111478     DEBUG main            d.u.i.k.p.i.IntermediateProofReplayer Proof replay took 617.14ms 
111480     DEBUG main            d.u.i.k.p.r.p.TestFile    ... success: reloaded. 
111480     INFO  main            d.u.i.k.p.r.p.TestFile    Now processing file /home/runner/work/key/key/key.core/../key.ui/examples/redux/arrays/ArrayCopy.arraycopy.exceptional.0.key 
111481     INFO  main            d.u.i.k.p.i.AbstractProblemLoader Loading environment from /home/runner/work/key/key/key.core/../key.ui/examples/redux/arrays/ArrayCopy.arraycopy.exceptional.0.key 
111481     DEBUG main            d.u.i.k.p.i.AbstractProblemLoader Environment load took 101.6ns 
111482     INFO  main            d.u.i.k.p.i.AbstractProblemLoader Creating init config 
114508     DEBUG main            d.u.i.k.p.i.AbstractProblemLoader Init config took 3.03s 
114545     INFO  main            d.u.i.k.p.i.AbstractProblemLoader Replaying proof ArrayCopy[ArrayCopy::arraycopy(java.lang.Object,int,java.lang.Object,int,int)].JML exceptional_behavior operation contract.0 
114547     DEBUG main            d.u.i.k.p.i.IntermediateProofReplayer Proof replay took 8.2ns 
114952     INFO  main            d.u.i.k.p.r.p.TestFile    ... finished proof: closed. 
115207     INFO  main            d.u.i.k.p.i.AbstractProblemLoader Loading environment from /home/runner/work/key/key/key.core/../key.ui/examples/redux/arrays/ArrayCopy.arraycopy.exceptional.0.key.proof 
115207     DEBUG main            d.u.i.k.p.i.AbstractProblemLoader Environment load took 135ns 
115208     INFO  main            d.u.i.k.p.i.AbstractProblemLoader Creating init config 
118245     DEBUG main            d.u.i.k.p.i.AbstractProblemLoader Init config took 3.04s 
118280     INFO  main            d.u.i.k.p.i.AbstractProblemLoader Replaying proof ArrayCopy[ArrayCopy::arraycopy(java.lang.Object,int,java.lang.Object,int,int)].JML exceptional_behavior operation contract.0 
118375     DEBUG main            d.u.i.k.p.i.IntermediateProofReplayer Proof replay took 91.07ms 
118376     DEBUG main            d.u.i.k.p.r.p.TestFile    ... success: reloaded. 
118377     INFO  main            d.u.i.k.p.r.p.TestFile    Now processing file /home/runner/work/key/key/key.core/../key.ui/examples/redux/arrays/ArrayCopy.arraycopy.exceptional.1.key 
118377     INFO  main            d.u.i.k.p.i.AbstractProblemLoader Loading environment from /home/runner/work/key/key/key.core/../key.ui/examples/redux/arrays/ArrayCopy.arraycopy.exceptional.1.key 
118377     DEBUG main            d.u.i.k.p.i.AbstractProblemLoader Environment load took 193.2ns 
118378     INFO  main            d.u.i.k.p.i.AbstractProblemLoader Creating init config 
121373     DEBUG main            d.u.i.k.p.i.AbstractProblemLoader Init config took 3s 
121408     INFO  main            d.u.i.k.p.i.AbstractProblemLoader Replaying proof ArrayCopy[ArrayCopy::arraycopy(java.lang.Object,int,java.lang.Object,int,int)].JML exceptional_behavior operation contract.1 
121410     DEBUG main            d.u.i.k.p.i.IntermediateProofReplayer Proof replay took 6.8ns 
127665     INFO  main            d.u.i.k.p.r.p.TestFile    ... finished proof: closed. 
127916     INFO  main            d.u.i.k.p.i.AbstractProblemLoader Loading environment from /home/runner/work/key/key/key.core/../key.ui/examples/redux/arrays/ArrayCopy.arraycopy.exceptional.1.key.proof 
127916     DEBUG main            d.u.i.k.p.i.AbstractProblemLoader Environment load took 289.1ns 
127918     INFO  main            d.u.i.k.p.i.AbstractProblemLoader Creating init config 
130830     DEBUG main            d.u.i.k.p.i.AbstractProblemLoader Init config took 2.91s 
130864     INFO  main            d.u.i.k.p.i.AbstractProblemLoader Replaying proof ArrayCopy[ArrayCopy::arraycopy(java.lang.Object,int,java.lang.Object,int,int)].JML exceptional_behavior operation contract.1 
131978     DEBUG main            d.u.i.k.p.i.IntermediateProofReplayer Proof replay took 1.1s 
131980     DEBUG main            d.u.i.k.p.r.p.TestFile    ... success: reloaded. 
5330564    INFO  Test worker     d.u.i.k.p.r.RunAllProofsTestUnit Returning from test redux 
]]></system-out>
  <system-err><![CDATA[]]></system-err>
</testsuite>
