<?xml version="1.0" encoding="UTF-8"?>
<testsuite name="de.uka.ilkd.key.proof.runallproofs.RunAllProofsInfFlow" tests="29" skipped="0" failures="0" errors="0" timestamp="2023-05-27T16:54:29" hostname="fv-az574-535" time="5047.787">
  <properties/>
  <testcase name="ToyVoting" classname="de.uka.ilkd.key.proof.runallproofs.RunAllProofsInfFlow" time="46.466"/>
  <testcase name="ConditionalConfidential" classname="de.uka.ilkd.key.proof.runallproofs.RunAllProofsInfFlow" time="28.582"/>
  <testcase name="SumExample" classname="de.uka.ilkd.key.proof.runallproofs.RunAllProofsInfFlow" time="19.076"/>
  <testcase name="ToyBanking" classname="de.uka.ilkd.key.proof.runallproofs.RunAllProofsInfFlow" time="210.18"/>
  <testcase name="BlockContracts" classname="de.uka.ilkd.key.proof.runallproofs.RunAllProofsInfFlow" time="108.406"/>
  <testcase name="MethodContracts" classname="de.uka.ilkd.key.proof.runallproofs.RunAllProofsInfFlow" time="121.642"/>
  <testcase name="LoopInvariants" classname="de.uka.ilkd.key.proof.runallproofs.RunAllProofsInfFlow" time="121.84"/>
  <testcase name="MiniExamples" classname="de.uka.ilkd.key.proof.runallproofs.RunAllProofsInfFlow" time="157.873"/>
  <testcase name="NewObjects" classname="de.uka.ilkd.key.proof.runallproofs.RunAllProofsInfFlow" time="137.126"/>
  <testcase name="SimpleEvoting" classname="de.uka.ilkd.key.proof.runallproofs.RunAllProofsInfFlow" time="291.468"/>
  <testcase name="ToyVoting_nomacro" classname="de.uka.ilkd.key.proof.runallproofs.RunAllProofsInfFlow" time="65.394"/>
  <testcase name="ConditionalConfidential_nomacro" classname="de.uka.ilkd.key.proof.runallproofs.RunAllProofsInfFlow" time="0.001"/>
  <testcase name="SumExample_nomacro" classname="de.uka.ilkd.key.proof.runallproofs.RunAllProofsInfFlow" time="23.284"/>
  <testcase name="ToyBanking_nomacro" classname="de.uka.ilkd.key.proof.runallproofs.RunAllProofsInfFlow" time="150.861"/>
  <testcase name="BlockContracts_nomacro" classname="de.uka.ilkd.key.proof.runallproofs.RunAllProofsInfFlow" time="147.229"/>
  <testcase name="MethodContracts_nomacro" classname="de.uka.ilkd.key.proof.runallproofs.RunAllProofsInfFlow" time="126.958"/>
  <testcase name="LoopInvariants_nomacro" classname="de.uka.ilkd.key.proof.runallproofs.RunAllProofsInfFlow" time="208.231"/>
  <testcase name="MiniExamples_nomacro" classname="de.uka.ilkd.key.proof.runallproofs.RunAllProofsInfFlow" time="172.976"/>
  <testcase name="NewObjects_nomacro" classname="de.uka.ilkd.key.proof.runallproofs.RunAllProofsInfFlow" time="246.488"/>
  <testcase name="SimpleEvoting_nomacro" classname="de.uka.ilkd.key.proof.runallproofs.RunAllProofsInfFlow" time="254.995"/>
  <testcase name="ToyVoting_fullmacro" classname="de.uka.ilkd.key.proof.runallproofs.RunAllProofsInfFlow" time="107.061"/>
  <testcase name="SumExample_fullmacro" classname="de.uka.ilkd.key.proof.runallproofs.RunAllProofsInfFlow" time="19.933"/>
  <testcase name="ToyBanking_fullmacro" classname="de.uka.ilkd.key.proof.runallproofs.RunAllProofsInfFlow" time="513.258"/>
  <testcase name="BlockContracts_fullmacro" classname="de.uka.ilkd.key.proof.runallproofs.RunAllProofsInfFlow" time="153.563"/>
  <testcase name="MethodContracts_fullmacro" classname="de.uka.ilkd.key.proof.runallproofs.RunAllProofsInfFlow" time="133.807"/>
  <testcase name="InformationFlow_fullmacro" classname="de.uka.ilkd.key.proof.runallproofs.RunAllProofsInfFlow" time="628.559"/>
  <testcase name="MiniExamples_fullmacro" classname="de.uka.ilkd.key.proof.runallproofs.RunAllProofsInfFlow" time="169.331"/>
  <testcase name="NewObjects_fullmacro" classname="de.uka.ilkd.key.proof.runallproofs.RunAllProofsInfFlow" time="344.995"/>
  <testcase name="SimpleEvoting_fullmacro" classname="de.uka.ilkd.key.proof.runallproofs.RunAllProofsInfFlow" time="338.159"/>
  <system-out><![CDATA[863        INFO  Test worker     d.u.i.k.p.r.RunAllProofsTestUnit Running test ToyVoting 
660        INFO  Timeout watchdog d.u.i.k.p.r.p.ForkedTestFileRunner Timeout watcher launched (1000 secs.) 
691        WARN  main            d.u.i.k.s.ProofSettings   No proof-settings could be loaded, using defaults java.io.FileNotFoundException: /home/runner/.key/proof-settings.props (No such file or directory)
	at java.base/java.io.FileInputStream.open0(Native Method)

771        INFO  main            d.u.i.k.p.r.p.TestFile    Now processing file /home/runner/work/key/key/key.core/../key.ui/examples/InformationFlow/ToyVoting/Voter(Voter__insecure_voting()).JML normal_behavior operation contract.0.key 
1039       INFO  main            d.u.i.k.p.i.AbstractProblemLoader Loading environment from /home/runner/work/key/key/key.core/../key.ui/examples/InformationFlow/ToyVoting/Voter(Voter__insecure_voting()).JML normal_behavior operation contract.0.key 
1076       DEBUG main            d.u.i.k.p.i.AbstractProblemLoader Environment load took 4.21ms 
1507       INFO  main            d.u.i.k.p.i.AbstractProblemLoader Creating init config 
3003       DEBUG main            d.u.i.k.j.TypeConverter   No LDT found for Meta 
3004       DEBUG main            d.u.i.k.j.TypeConverter   No LDT found for Meta 
3019       DEBUG main            d.u.i.k.j.TypeConverter   No LDT found for Meta 
3021       DEBUG main            d.u.i.k.j.TypeConverter   No LDT found for Meta 
5648       DEBUG main            d.u.i.k.j.TypeConverter   No LDT found for JavaBigintExpression 
16426      DEBUG main            d.u.i.k.p.i.AbstractProblemLoader Init config took 14.92s 
16707      INFO  main            d.u.i.k.p.i.AbstractProblemLoader Replaying proof Voter[Voter::insecure_voting()].JML normal_behavior operation contract.0 
16858      DEBUG main            d.u.i.k.p.i.IntermediateProofReplayer Proof replay took 1.14ms 
18644      INFO  main            d.u.i.k.p.r.p.TestFile    ... finished proof: closed. 
18872      INFO  main            d.u.i.k.p.r.p.TestFile    Now processing file /home/runner/work/key/key/key.core/../key.ui/examples/InformationFlow/ToyVoting/Voter(Voter__publishVoterParticipation()).JML normal_behavior operation contract.0.key 
18874      INFO  main            d.u.i.k.p.i.AbstractProblemLoader Loading environment from /home/runner/work/key/key/key.core/../key.ui/examples/InformationFlow/ToyVoting/Voter(Voter__publishVoterParticipation()).JML normal_behavior operation contract.0.key 
18876      DEBUG main            d.u.i.k.p.i.AbstractProblemLoader Environment load took 1.26ms 
18880      INFO  main            d.u.i.k.p.i.AbstractProblemLoader Creating init config 
23971      DEBUG main            d.u.i.k.p.i.AbstractProblemLoader Init config took 5.09s 
24139      INFO  main            d.u.i.k.p.i.AbstractProblemLoader Replaying proof Voter[Voter::publishVoterParticipation()].JML normal_behavior operation contract.0 
24156      DEBUG main            d.u.i.k.p.i.IntermediateProofReplayer Proof replay took 91.6ns 
24361      INFO  main            d.u.i.k.p.r.p.TestFile    ... finished proof: closed. 
24579      INFO  main            d.u.i.k.p.r.p.TestFile    Now processing file /home/runner/work/key/key/key.core/../key.ui/examples/InformationFlow/ToyVoting/Voter(Voter__isValid(int)).JML normal_behavior operation contract.0.key 
24584      INFO  main            d.u.i.k.p.i.AbstractProblemLoader Loading environment from /home/runner/work/key/key/key.core/../key.ui/examples/InformationFlow/ToyVoting/Voter(Voter__isValid(int)).JML normal_behavior operation contract.0.key 
24586      DEBUG main            d.u.i.k.p.i.AbstractProblemLoader Environment load took 409.8ns 
24593      INFO  main            d.u.i.k.p.i.AbstractProblemLoader Creating init config 
29372      DEBUG main            d.u.i.k.p.i.AbstractProblemLoader Init config took 4.78s 
29514      INFO  main            d.u.i.k.p.i.AbstractProblemLoader Replaying proof Voter[Voter::isValid(int)].JML normal_behavior operation contract.0 
29521      DEBUG main            d.u.i.k.p.i.IntermediateProofReplayer Proof replay took 24.9ns 
29826      INFO  main            d.u.i.k.p.r.p.TestFile    ... finished proof: closed. 
30038      INFO  main            d.u.i.k.p.r.p.TestFile    Now processing file /home/runner/work/key/key/key.core/../key.ui/examples/InformationFlow/ToyVoting/Voter(Voter__sendVote(int)).JML normal_behavior operation contract.0.key 
30040      INFO  main            d.u.i.k.p.i.AbstractProblemLoader Loading environment from /home/runner/work/key/key/key.core/../key.ui/examples/InformationFlow/ToyVoting/Voter(Voter__sendVote(int)).JML normal_behavior operation contract.0.key 
30041      DEBUG main            d.u.i.k.p.i.AbstractProblemLoader Environment load took 1.14ms 
30044      INFO  main            d.u.i.k.p.i.AbstractProblemLoader Creating init config 
34553      DEBUG main            d.u.i.k.p.i.AbstractProblemLoader Init config took 4.51s 
34645      INFO  main            d.u.i.k.p.i.AbstractProblemLoader Replaying proof Voter[Voter::sendVote(int)].JML normal_behavior operation contract.0 
34651      DEBUG main            d.u.i.k.p.i.IntermediateProofReplayer Proof replay took 50.3ns 
34754      INFO  main            d.u.i.k.p.r.p.TestFile    ... finished proof: closed. 
34990      INFO  main            d.u.i.k.p.r.p.TestFile    Now processing file /home/runner/work/key/key/key.core/../key.ui/examples/InformationFlow/ToyVoting/Voter(Voter__inputVote()).JML normal_behavior operation contract.0.key 
34994      INFO  main            d.u.i.k.p.i.AbstractProblemLoader Loading environment from /home/runner/work/key/key/key.core/../key.ui/examples/InformationFlow/ToyVoting/Voter(Voter__inputVote()).JML normal_behavior operation contract.0.key 
34998      DEBUG main            d.u.i.k.p.i.AbstractProblemLoader Environment load took 3.91ms 
35013      INFO  main            d.u.i.k.p.i.AbstractProblemLoader Creating init config 
39336      DEBUG main            d.u.i.k.p.i.AbstractProblemLoader Init config took 4.32s 
39462      INFO  main            d.u.i.k.p.i.AbstractProblemLoader Replaying proof Voter[Voter::inputVote()].JML normal_behavior operation contract.0 
39471      DEBUG main            d.u.i.k.p.i.IntermediateProofReplayer Proof replay took 37.7ns 
39575      INFO  main            d.u.i.k.p.r.p.TestFile    ... finished proof: closed. 
39797      INFO  main            d.u.i.k.p.r.p.TestFile    Now processing file /home/runner/work/key/key/key.core/../key.ui/examples/InformationFlow/ToyVoting/Voter(Voter__secure_voting()).JML normal_behavior operation contract.0.key 
39799      INFO  main            d.u.i.k.p.i.AbstractProblemLoader Loading environment from /home/runner/work/key/key/key.core/../key.ui/examples/InformationFlow/ToyVoting/Voter(Voter__secure_voting()).JML normal_behavior operation contract.0.key 
39800      DEBUG main            d.u.i.k.p.i.AbstractProblemLoader Environment load took 1.13ms 
39803      INFO  main            d.u.i.k.p.i.AbstractProblemLoader Creating init config 
44108      DEBUG main            d.u.i.k.p.i.AbstractProblemLoader Init config took 4.31s 
44185      INFO  main            d.u.i.k.p.i.AbstractProblemLoader Replaying proof Voter[Voter::secure_voting()].JML normal_behavior operation contract.0 
44192      DEBUG main            d.u.i.k.p.i.IntermediateProofReplayer Proof replay took 321.5ns 
45808      INFO  main            d.u.i.k.p.r.p.TestFile    ... finished proof: closed. 
47317      INFO  Test worker     d.u.i.k.p.r.RunAllProofsTestUnit Returning from test ToyVoting 
47336      INFO  Test worker     d.u.i.k.p.r.RunAllProofsTestUnit Running test ConditionalConfidential 
715        INFO  Timeout watchdog d.u.i.k.p.r.p.ForkedTestFileRunner Timeout watcher launched (1000 secs.) 
761        WARN  main            d.u.i.k.s.ProofSettings   The settings in /home/runner/.key/proof-settings.props are *not* read. 
837        INFO  main            d.u.i.k.p.r.p.TestFile    Now processing file /home/runner/work/key/key/key.core/../key.ui/examples/InformationFlow/ConditionalConfidential/CCExample(CCExample__hasAccessRight(CCExample.User)).JML normal_behavior operation contract.0.key 
1109       INFO  main            d.u.i.k.p.i.AbstractProblemLoader Loading environment from /home/runner/work/key/key/key.core/../key.ui/examples/InformationFlow/ConditionalConfidential/CCExample(CCExample__hasAccessRight(CCExample.User)).JML normal_behavior operation contract.0.key 
1156       DEBUG main            d.u.i.k.p.i.AbstractProblemLoader Environment load took 3.66ms 
1651       INFO  main            d.u.i.k.p.i.AbstractProblemLoader Creating init config 
3173       DEBUG main            d.u.i.k.j.TypeConverter   No LDT found for Meta 
3173       DEBUG main            d.u.i.k.j.TypeConverter   No LDT found for Meta 
3175       DEBUG main            d.u.i.k.j.TypeConverter   No LDT found for Meta 
3176       DEBUG main            d.u.i.k.j.TypeConverter   No LDT found for Meta 
5672       DEBUG main            d.u.i.k.j.TypeConverter   No LDT found for JavaBigintExpression 
12168      DEBUG main            d.u.i.k.j.r.ClassPreparationMethodBuilder clPrepBuilder: Inner Class detected. Reject building class initialisation methods. 
16467      DEBUG main            d.u.i.k.p.i.AbstractProblemLoader Init config took 14.81s 
16770      INFO  main            d.u.i.k.p.i.AbstractProblemLoader Replaying proof ConditionalConfidentialExample[ConditionalConfidentialExample::hasAccessRight(ConditionalConfidentialExample.User)].JML normal_behavior operation contract.0 
16846      DEBUG main            d.u.i.k.p.i.IntermediateProofReplayer Proof replay took 514.3ns 
21493      INFO  main            d.u.i.k.p.r.p.TestFile    ... finished proof: closed. 
21781      INFO  main            d.u.i.k.p.r.p.TestFile    Now processing file /home/runner/work/key/key/key.core/../key.ui/examples/InformationFlow/ConditionalConfidential/CCExample(CCExample__getConfidentialData(CCExample.User)).JML normal_behavior operation contract.0.key 
21783      INFO  main            d.u.i.k.p.i.AbstractProblemLoader Loading environment from /home/runner/work/key/key/key.core/../key.ui/examples/InformationFlow/ConditionalConfidential/CCExample(CCExample__getConfidentialData(CCExample.User)).JML normal_behavior operation contract.0.key 
21783      DEBUG main            d.u.i.k.p.i.AbstractProblemLoader Environment load took 366.1ns 
21789      INFO  main            d.u.i.k.p.i.AbstractProblemLoader Creating init config 
23333      DEBUG main            d.u.i.k.j.r.ClassPreparationMethodBuilder clPrepBuilder: Inner Class detected. Reject building class initialisation methods. 
26651      DEBUG main            d.u.i.k.p.i.AbstractProblemLoader Init config took 4.86s 
26813      INFO  main            d.u.i.k.p.i.AbstractProblemLoader Replaying proof ConditionalConfidentialExample[ConditionalConfidentialExample::getConfidentialData(ConditionalConfidentialExample.User)].JML normal_behavior operation contract.0 
26832      DEBUG main            d.u.i.k.p.i.IntermediateProofReplayer Proof replay took 27.3ns 
28048      INFO  main            d.u.i.k.p.r.p.TestFile    ... finished proof: closed. 
75912      INFO  Test worker     d.u.i.k.p.r.RunAllProofsTestUnit Returning from test ConditionalConfidential 
75916      INFO  Test worker     d.u.i.k.p.r.RunAllProofsTestUnit Running test SumExample 
683        INFO  Timeout watchdog d.u.i.k.p.r.p.ForkedTestFileRunner Timeout watcher launched (1000 secs.) 
705        WARN  main            d.u.i.k.s.ProofSettings   The settings in /home/runner/.key/proof-settings.props are *not* read. 
764        INFO  main            d.u.i.k.p.r.p.TestFile    Now processing file /home/runner/work/key/key/key.core/../key.ui/examples/InformationFlow/Sum/SumExample(SumExample__getSum()).JML normal_behavior operation contract.0.key 
1013       INFO  main            d.u.i.k.p.i.AbstractProblemLoader Loading environment from /home/runner/work/key/key/key.core/../key.ui/examples/InformationFlow/Sum/SumExample(SumExample__getSum()).JML normal_behavior operation contract.0.key 
1059       DEBUG main            d.u.i.k.p.i.AbstractProblemLoader Environment load took 5.83ms 
1474       INFO  main            d.u.i.k.p.i.AbstractProblemLoader Creating init config 
2951       DEBUG main            d.u.i.k.j.TypeConverter   No LDT found for Meta 
2952       DEBUG main            d.u.i.k.j.TypeConverter   No LDT found for Meta 
2954       DEBUG main            d.u.i.k.j.TypeConverter   No LDT found for Meta 
2957       DEBUG main            d.u.i.k.j.TypeConverter   No LDT found for Meta 
5399       DEBUG main            d.u.i.k.j.TypeConverter   No LDT found for JavaBigintExpression 
15278      DEBUG main            d.u.i.k.p.i.AbstractProblemLoader Init config took 13.8s 
15616      INFO  main            d.u.i.k.p.i.AbstractProblemLoader Replaying proof SumExample[SumExample::getSum()].JML normal_behavior operation contract.0 
15696      DEBUG main            d.u.i.k.p.i.IntermediateProofReplayer Proof replay took 676.4ns 
18562      INFO  main            d.u.i.k.p.r.p.TestFile    ... finished proof: closed. 
94990      INFO  Test worker     d.u.i.k.p.r.RunAllProofsTestUnit Returning from test SumExample 
94996      INFO  Test worker     d.u.i.k.p.r.RunAllProofsTestUnit Running test ToyBanking 
750        INFO  Timeout watchdog d.u.i.k.p.r.p.ForkedTestFileRunner Timeout watcher launched (1000 secs.) 
814        WARN  main            d.u.i.k.s.ProofSettings   The settings in /home/runner/.key/proof-settings.props are *not* read. 
862        INFO  main            d.u.i.k.p.r.p.TestFile    Now processing file /home/runner/work/key/key/key.core/../key.ui/examples/InformationFlow/ToyBanking/banking_example.UserAccount(banking_example.UserAccount__getBankAccount(int)).JML normal_behavior operation contract.0.key 
1076       INFO  main            d.u.i.k.p.i.AbstractProblemLoader Loading environment from /home/runner/work/key/key/key.core/../key.ui/examples/InformationFlow/ToyBanking/banking_example.UserAccount(banking_example.UserAccount__getBankAccount(int)).JML normal_behavior operation contract.0.key 
1119       DEBUG main            d.u.i.k.p.i.AbstractProblemLoader Environment load took 4.23ms 
1536       INFO  main            d.u.i.k.p.i.AbstractProblemLoader Creating init config 
3105       DEBUG main            d.u.i.k.j.TypeConverter   No LDT found for Meta 
3108       DEBUG main            d.u.i.k.j.TypeConverter   No LDT found for Meta 
3113       DEBUG main            d.u.i.k.j.TypeConverter   No LDT found for Meta 
3114       DEBUG main            d.u.i.k.j.TypeConverter   No LDT found for Meta 
5562       DEBUG main            d.u.i.k.j.TypeConverter   No LDT found for JavaBigintExpression 
16452      DEBUG main            d.u.i.k.p.i.AbstractProblemLoader Init config took 14.91s 
16811      INFO  main            d.u.i.k.p.i.AbstractProblemLoader Replaying proof banking_example.UserAccount[banking_example.UserAccount::getBankAccount(int)].JML normal_behavior operation contract.0 
16946      DEBUG main            d.u.i.k.p.i.IntermediateProofReplayer Proof replay took 1.14ms 
19644      INFO  main            d.u.i.k.p.r.p.TestFile    ... finished proof: closed. 
20002      INFO  main            d.u.i.k.p.r.p.TestFile    Now processing file /home/runner/work/key/key/key.core/../key.ui/examples/InformationFlow/ToyBanking/banking_example.UserAccount(banking_example.UserAccount__tryLogin(int,(C)).JML normal_behavior operation contract.0.key 
20002      INFO  main            d.u.i.k.p.i.AbstractProblemLoader Loading environment from /home/runner/work/key/key/key.core/../key.ui/examples/InformationFlow/ToyBanking/banking_example.UserAccount(banking_example.UserAccount__tryLogin(int,(C)).JML normal_behavior operation contract.0.key 
20018      DEBUG main            d.u.i.k.p.i.AbstractProblemLoader Environment load took 15.24ms 
20023      INFO  main            d.u.i.k.p.i.AbstractProblemLoader Creating init config 
25497      DEBUG main            d.u.i.k.p.i.AbstractProblemLoader Init config took 5.47s 
25678      INFO  main            d.u.i.k.p.i.AbstractProblemLoader Replaying proof banking_example.UserAccount[banking_example.UserAccount::tryLogin(int,[C)].JML normal_behavior operation contract.0 
25685      DEBUG main            d.u.i.k.p.i.IntermediateProofReplayer Proof replay took 33.9ns 
69346      INFO  main            d.u.i.k.p.r.p.TestFile    ... finished proof: closed. 
69784      INFO  main            d.u.i.k.p.r.p.TestFile    Now processing file /home/runner/work/key/key/key.core/../key.ui/examples/InformationFlow/ToyBanking/banking_example.UserAccount(java.lang.Object___inv_()).JML accessible clause.0.key 
69785      INFO  main            d.u.i.k.p.i.AbstractProblemLoader Loading environment from /home/runner/work/key/key/key.core/../key.ui/examples/InformationFlow/ToyBanking/banking_example.UserAccount(java.lang.Object___inv_()).JML accessible clause.0.key 
69785      DEBUG main            d.u.i.k.p.i.AbstractProblemLoader Environment load took 152.7ns 
69791      INFO  main            d.u.i.k.p.i.AbstractProblemLoader Creating init config 
74845      DEBUG main            d.u.i.k.p.i.AbstractProblemLoader Init config took 5.05s 
75004      INFO  main            d.u.i.k.p.i.AbstractProblemLoader Replaying proof banking_example.UserAccount[java.lang.Object::<inv>()].JML accessible clause.0 
75016      DEBUG main            d.u.i.k.p.i.IntermediateProofReplayer Proof replay took 25.3ns 
85868      INFO  main            d.u.i.k.p.r.p.TestFile    ... finished proof: closed. 
86207      INFO  main            d.u.i.k.p.r.p.TestFile    Now processing file /home/runner/work/key/key/key.core/../key.ui/examples/InformationFlow/ToyBanking/banking_example.BankAccount(banking_example.BankAccount__depositMoney(int)).JML normal_behavior operation contract.0.key 
86211      INFO  main            d.u.i.k.p.i.AbstractProblemLoader Loading environment from /home/runner/work/key/key/key.core/../key.ui/examples/InformationFlow/ToyBanking/banking_example.BankAccount(banking_example.BankAccount__depositMoney(int)).JML normal_behavior operation contract.0.key 
86212      DEBUG main            d.u.i.k.p.i.AbstractProblemLoader Environment load took 1.03ms 
86214      INFO  main            d.u.i.k.p.i.AbstractProblemLoader Creating init config 
90965      DEBUG main            d.u.i.k.p.i.AbstractProblemLoader Init config took 4.75s 
91089      INFO  main            d.u.i.k.p.i.AbstractProblemLoader Replaying proof banking_example.BankAccount[banking_example.BankAccount::depositMoney(int)].JML normal_behavior operation contract.0 
91103      DEBUG main            d.u.i.k.p.i.IntermediateProofReplayer Proof replay took 28.4ns 
91710      INFO  main            d.u.i.k.p.r.p.TestFile    ... finished proof: closed. 
92065      INFO  main            d.u.i.k.p.r.p.TestFile    Now processing file /home/runner/work/key/key/key.core/../key.ui/examples/InformationFlow/ToyBanking/banking_example.BankAccount(banking_example.BankAccount__getBalance()).JML normal_behavior operation contract.0.key 
92065      INFO  main            d.u.i.k.p.i.AbstractProblemLoader Loading environment from /home/runner/work/key/key/key.core/../key.ui/examples/InformationFlow/ToyBanking/banking_example.BankAccount(banking_example.BankAccount__getBalance()).JML normal_behavior operation contract.0.key 
92065      DEBUG main            d.u.i.k.p.i.AbstractProblemLoader Environment load took 133.3ns 
92071      INFO  main            d.u.i.k.p.i.AbstractProblemLoader Creating init config 
96705      DEBUG main            d.u.i.k.p.i.AbstractProblemLoader Init config took 4.63s 
96804      INFO  main            d.u.i.k.p.i.AbstractProblemLoader Replaying proof banking_example.BankAccount[banking_example.BankAccount::getBalance()].JML normal_behavior operation contract.0 
96809      DEBUG main            d.u.i.k.p.i.IntermediateProofReplayer Proof replay took 16.3ns 
96913      INFO  main            d.u.i.k.p.r.p.TestFile    ... finished proof: closed. 
97163      INFO  main            d.u.i.k.p.r.p.TestFile    Now processing file /home/runner/work/key/key/key.core/../key.ui/examples/InformationFlow/ToyBanking/banking_example.BankAccount(banking_example.BankAccount__getId()).JML normal_behavior operation contract.0.key 
97165      INFO  main            d.u.i.k.p.i.AbstractProblemLoader Loading environment from /home/runner/work/key/key/key.core/../key.ui/examples/InformationFlow/ToyBanking/banking_example.BankAccount(banking_example.BankAccount__getId()).JML normal_behavior operation contract.0.key 
97166      DEBUG main            d.u.i.k.p.i.AbstractProblemLoader Environment load took 1.09ms 
97169      INFO  main            d.u.i.k.p.i.AbstractProblemLoader Creating init config 
101902     DEBUG main            d.u.i.k.p.i.AbstractProblemLoader Init config took 4.73s 
101997     INFO  main            d.u.i.k.p.i.AbstractProblemLoader Replaying proof banking_example.BankAccount[banking_example.BankAccount::getId()].JML normal_behavior operation contract.0 
102003     DEBUG main            d.u.i.k.p.i.IntermediateProofReplayer Proof replay took 25.2ns 
102107     INFO  main            d.u.i.k.p.r.p.TestFile    ... finished proof: closed. 
102376     INFO  main            d.u.i.k.p.r.p.TestFile    Now processing file /home/runner/work/key/key/key.core/../key.ui/examples/InformationFlow/ToyBanking/banking_example.Bank(banking_example.Bank__login(int,(C)).JML normal_behavior operation contract.0.key 
102380     INFO  main            d.u.i.k.p.i.AbstractProblemLoader Loading environment from /home/runner/work/key/key/key.core/../key.ui/examples/InformationFlow/ToyBanking/banking_example.Bank(banking_example.Bank__login(int,(C)).JML normal_behavior operation contract.0.key 
102382     DEBUG main            d.u.i.k.p.i.AbstractProblemLoader Environment load took 1.77ms 
102387     INFO  main            d.u.i.k.p.i.AbstractProblemLoader Creating init config 
106772     DEBUG main            d.u.i.k.p.i.AbstractProblemLoader Init config took 4.38s 
106905     INFO  main            d.u.i.k.p.i.AbstractProblemLoader Replaying proof banking_example.Bank[banking_example.Bank::login(int,[C)].JML normal_behavior operation contract.0 
106913     DEBUG main            d.u.i.k.p.i.IntermediateProofReplayer Proof replay took 19.3ns 
119486     INFO  main            d.u.i.k.p.r.p.TestFile    ... finished proof: closed. 
119900     INFO  main            d.u.i.k.p.r.p.TestFile    Now processing file /home/runner/work/key/key/key.core/../key.ui/examples/InformationFlow/ToyBanking/banking_example2.UserAccount(banking_example2.UserAccount__getBankAccount(int)).JML normal_behavior operation contract.0.key 
119901     INFO  main            d.u.i.k.p.i.AbstractProblemLoader Loading environment from /home/runner/work/key/key/key.core/../key.ui/examples/InformationFlow/ToyBanking/banking_example2.UserAccount(banking_example2.UserAccount__getBankAccount(int)).JML normal_behavior operation contract.0.key 
119901     DEBUG main            d.u.i.k.p.i.AbstractProblemLoader Environment load took 116.5ns 
119902     INFO  main            d.u.i.k.p.i.AbstractProblemLoader Creating init config 
124332     DEBUG main            d.u.i.k.p.i.AbstractProblemLoader Init config took 4.43s 
124452     INFO  main            d.u.i.k.p.i.AbstractProblemLoader Replaying proof banking_example2.UserAccount[banking_example2.UserAccount::getBankAccount(int)].JML normal_behavior operation contract.0 
124463     DEBUG main            d.u.i.k.p.i.IntermediateProofReplayer Proof replay took 59.2ns 
125172     INFO  main            d.u.i.k.p.r.p.TestFile    ... finished proof: closed. 
125471     INFO  main            d.u.i.k.p.r.p.TestFile    Now processing file /home/runner/work/key/key/key.core/../key.ui/examples/InformationFlow/ToyBanking/banking_example2.UserAccount(banking_example2.UserAccount__tryLogin(int,(C)).JML normal_behavior operation contract.0.key 
125471     INFO  main            d.u.i.k.p.i.AbstractProblemLoader Loading environment from /home/runner/work/key/key/key.core/../key.ui/examples/InformationFlow/ToyBanking/banking_example2.UserAccount(banking_example2.UserAccount__tryLogin(int,(C)).JML normal_behavior operation contract.0.key 
125471     DEBUG main            d.u.i.k.p.i.AbstractProblemLoader Environment load took 106.8ns 
125473     INFO  main            d.u.i.k.p.i.AbstractProblemLoader Creating init config 
129808     DEBUG main            d.u.i.k.p.i.AbstractProblemLoader Init config took 4.34s 
129933     INFO  main            d.u.i.k.p.i.AbstractProblemLoader Replaying proof banking_example2.UserAccount[banking_example2.UserAccount::tryLogin(int,[C)].JML normal_behavior operation contract.0 
129943     DEBUG main            d.u.i.k.p.i.IntermediateProofReplayer Proof replay took 23.9ns 
169526     INFO  main            d.u.i.k.p.r.p.TestFile    ... finished proof: closed. 
169958     INFO  main            d.u.i.k.p.r.p.TestFile    Now processing file /home/runner/work/key/key/key.core/../key.ui/examples/InformationFlow/ToyBanking/banking_example2.UserAccount(java.lang.Object___inv_()).JML accessible clause.0.key 
169960     INFO  main            d.u.i.k.p.i.AbstractProblemLoader Loading environment from /home/runner/work/key/key/key.core/../key.ui/examples/InformationFlow/ToyBanking/banking_example2.UserAccount(java.lang.Object___inv_()).JML accessible clause.0.key 
169961     DEBUG main            d.u.i.k.p.i.AbstractProblemLoader Environment load took 1.08ms 
169964     INFO  main            d.u.i.k.p.i.AbstractProblemLoader Creating init config 
174354     DEBUG main            d.u.i.k.p.i.AbstractProblemLoader Init config took 4.39s 
174499     INFO  main            d.u.i.k.p.i.AbstractProblemLoader Replaying proof banking_example2.UserAccount[java.lang.Object::<inv>()].JML accessible clause.0 
174508     DEBUG main            d.u.i.k.p.i.IntermediateProofReplayer Proof replay took 41.8ns 
183710     INFO  main            d.u.i.k.p.r.p.TestFile    ... finished proof: open goal(s) 
184079     INFO  main            d.u.i.k.p.r.p.TestFile    Now processing file /home/runner/work/key/key/key.core/../key.ui/examples/InformationFlow/ToyBanking/banking_example2.BankAccount(banking_example2.BankAccount__depositMoney(int)).JML normal_behavior operation contract.0.key 
184082     INFO  main            d.u.i.k.p.i.AbstractProblemLoader Loading environment from /home/runner/work/key/key/key.core/../key.ui/examples/InformationFlow/ToyBanking/banking_example2.BankAccount(banking_example2.BankAccount__depositMoney(int)).JML normal_behavior operation contract.0.key 
184083     DEBUG main            d.u.i.k.p.i.AbstractProblemLoader Environment load took 1.3ms 
184088     INFO  main            d.u.i.k.p.i.AbstractProblemLoader Creating init config 
188446     DEBUG main            d.u.i.k.p.i.AbstractProblemLoader Init config took 4.36s 
188528     INFO  main            d.u.i.k.p.i.AbstractProblemLoader Replaying proof banking_example2.BankAccount[banking_example2.BankAccount::depositMoney(int)].JML normal_behavior operation contract.0 
188533     DEBUG main            d.u.i.k.p.i.IntermediateProofReplayer Proof replay took 19.5ns 
189139     INFO  main            d.u.i.k.p.r.p.TestFile    ... finished proof: closed. 
189438     INFO  main            d.u.i.k.p.r.p.TestFile    Now processing file /home/runner/work/key/key/key.core/../key.ui/examples/InformationFlow/ToyBanking/banking_example2.BankAccount(banking_example2.BankAccount__getBalance()).JML normal_behavior operation contract.0.key 
189439     INFO  main            d.u.i.k.p.i.AbstractProblemLoader Loading environment from /home/runner/work/key/key/key.core/../key.ui/examples/InformationFlow/ToyBanking/banking_example2.BankAccount(banking_example2.BankAccount__getBalance()).JML normal_behavior operation contract.0.key 
189439     DEBUG main            d.u.i.k.p.i.AbstractProblemLoader Environment load took 334.6ns 
189442     INFO  main            d.u.i.k.p.i.AbstractProblemLoader Creating init config 
193747     DEBUG main            d.u.i.k.p.i.AbstractProblemLoader Init config took 4.3s 
193840     INFO  main            d.u.i.k.p.i.AbstractProblemLoader Replaying proof banking_example2.BankAccount[banking_example2.BankAccount::getBalance()].JML normal_behavior operation contract.0 
193851     DEBUG main            d.u.i.k.p.i.IntermediateProofReplayer Proof replay took 61.4ns 
193957     INFO  main            d.u.i.k.p.r.p.TestFile    ... finished proof: closed. 
194258     INFO  main            d.u.i.k.p.r.p.TestFile    Now processing file /home/runner/work/key/key/key.core/../key.ui/examples/InformationFlow/ToyBanking/banking_example2.BankAccount(banking_example2.BankAccount__getId()).JML normal_behavior operation contract.0.key 
194264     INFO  main            d.u.i.k.p.i.AbstractProblemLoader Loading environment from /home/runner/work/key/key/key.core/../key.ui/examples/InformationFlow/ToyBanking/banking_example2.BankAccount(banking_example2.BankAccount__getId()).JML normal_behavior operation contract.0.key 
194264     DEBUG main            d.u.i.k.p.i.AbstractProblemLoader Environment load took 441.9ns 
194266     INFO  main            d.u.i.k.p.i.AbstractProblemLoader Creating init config 
198523     DEBUG main            d.u.i.k.p.i.AbstractProblemLoader Init config took 4.26s 
198609     INFO  main            d.u.i.k.p.i.AbstractProblemLoader Replaying proof banking_example2.BankAccount[banking_example2.BankAccount::getId()].JML normal_behavior operation contract.0 
198615     DEBUG main            d.u.i.k.p.i.IntermediateProofReplayer Proof replay took 31.9ns 
198719     INFO  main            d.u.i.k.p.r.p.TestFile    ... finished proof: closed. 
199040     INFO  main            d.u.i.k.p.r.p.TestFile    Now processing file /home/runner/work/key/key/key.core/../key.ui/examples/InformationFlow/ToyBanking/banking_example2.Bank(banking_example2.Bank__login(int,(C)).JML normal_behavior operation contract.0.key 
199043     INFO  main            d.u.i.k.p.i.AbstractProblemLoader Loading environment from /home/runner/work/key/key/key.core/../key.ui/examples/InformationFlow/ToyBanking/banking_example2.Bank(banking_example2.Bank__login(int,(C)).JML normal_behavior operation contract.0.key 
199045     DEBUG main            d.u.i.k.p.i.AbstractProblemLoader Environment load took 1.9ms 
199049     INFO  main            d.u.i.k.p.i.AbstractProblemLoader Creating init config 
203389     DEBUG main            d.u.i.k.p.i.AbstractProblemLoader Init config took 4.34s 
203462     INFO  main            d.u.i.k.p.i.AbstractProblemLoader Replaying proof banking_example2.Bank[banking_example2.Bank::login(int,[C)].JML normal_behavior operation contract.0 
203467     DEBUG main            d.u.i.k.p.i.IntermediateProofReplayer Proof replay took 17.6ns 
209428     INFO  main            d.u.i.k.p.r.p.TestFile    ... finished proof: closed. 
305172     INFO  Test worker     d.u.i.k.p.r.RunAllProofsTestUnit Returning from test ToyBanking 
305179     INFO  Test worker     d.u.i.k.p.r.RunAllProofsTestUnit Running test BlockContracts 
734        INFO  Timeout watchdog d.u.i.k.p.r.p.ForkedTestFileRunner Timeout watcher launched (1000 secs.) 
777        WARN  main            d.u.i.k.s.ProofSettings   The settings in /home/runner/.key/proof-settings.props are *not* read. 
852        INFO  main            d.u.i.k.p.r.p.TestFile    Now processing file /home/runner/work/key/key/key.core/../key.ui/examples/InformationFlow/BlockContracts/contract.IFBlockExamples(contract.IFBlockExamples__secure_5()).JML operation contract.0.key 
1134       INFO  main            d.u.i.k.p.i.AbstractProblemLoader Loading environment from /home/runner/work/key/key/key.core/../key.ui/examples/InformationFlow/BlockContracts/contract.IFBlockExamples(contract.IFBlockExamples__secure_5()).JML operation contract.0.key 
1178       DEBUG main            d.u.i.k.p.i.AbstractProblemLoader Environment load took 5.27ms 
1574       INFO  main            d.u.i.k.p.i.AbstractProblemLoader Creating init config 
3103       DEBUG main            d.u.i.k.j.TypeConverter   No LDT found for Meta 
3103       DEBUG main            d.u.i.k.j.TypeConverter   No LDT found for Meta 
3105       DEBUG main            d.u.i.k.j.TypeConverter   No LDT found for Meta 
3106       DEBUG main            d.u.i.k.j.TypeConverter   No LDT found for Meta 
5468       DEBUG main            d.u.i.k.j.TypeConverter   No LDT found for JavaBigintExpression 
15652      DEBUG main            d.u.i.k.p.i.AbstractProblemLoader Init config took 14.08s 
15996      INFO  main            d.u.i.k.p.i.AbstractProblemLoader Replaying proof contract.IFBlockExamples[contract.IFBlockExamples::secure_5()].JML operation contract.0 
16149      DEBUG main            d.u.i.k.p.i.IntermediateProofReplayer Proof replay took 774.4ns 
17516      INFO  main            d.u.i.k.p.r.p.TestFile    ... finished proof: closed. 
17732      INFO  main            d.u.i.k.p.r.p.TestFile    Now processing file /home/runner/work/key/key/key.core/../key.ui/examples/InformationFlow/BlockContracts/contract.IFBlockExamples(contract.IFBlockExamples__block_no_return_secure(int)).JML operation contract.0.key 
17739      INFO  main            d.u.i.k.p.i.AbstractProblemLoader Loading environment from /home/runner/work/key/key/key.core/../key.ui/examples/InformationFlow/BlockContracts/contract.IFBlockExamples(contract.IFBlockExamples__block_no_return_secure(int)).JML operation contract.0.key 
17742      DEBUG main            d.u.i.k.p.i.AbstractProblemLoader Environment load took 3.28ms 
17750      INFO  main            d.u.i.k.p.i.AbstractProblemLoader Creating init config 
23213      DEBUG main            d.u.i.k.p.i.AbstractProblemLoader Init config took 5.46s 
23372      INFO  main            d.u.i.k.p.i.AbstractProblemLoader Replaying proof contract.IFBlockExamples[contract.IFBlockExamples::block_no_return_secure(int)].JML operation contract.0 
23389      DEBUG main            d.u.i.k.p.i.IntermediateProofReplayer Proof replay took 34.1ns 
23898      INFO  main            d.u.i.k.p.r.p.TestFile    ... finished proof: closed. 
24133      INFO  main            d.u.i.k.p.r.p.TestFile    Now processing file /home/runner/work/key/key/key.core/../key.ui/examples/InformationFlow/BlockContracts/contract.IFBlockExamples(contract.IFBlockExamples__while_block_insecure(int)).JML operation contract.0.key 
24134      INFO  main            d.u.i.k.p.i.AbstractProblemLoader Loading environment from /home/runner/work/key/key/key.core/../key.ui/examples/InformationFlow/BlockContracts/contract.IFBlockExamples(contract.IFBlockExamples__while_block_insecure(int)).JML operation contract.0.key 
24134      DEBUG main            d.u.i.k.p.i.AbstractProblemLoader Environment load took 147.4ns 
24136      INFO  main            d.u.i.k.p.i.AbstractProblemLoader Creating init config 
29132      DEBUG main            d.u.i.k.p.i.AbstractProblemLoader Init config took 5s 
29291      INFO  main            d.u.i.k.p.i.AbstractProblemLoader Replaying proof contract.IFBlockExamples[contract.IFBlockExamples::while_block_insecure(int)].JML operation contract.0 
29299      DEBUG main            d.u.i.k.p.i.IntermediateProofReplayer Proof replay took 28.3ns 
30413      INFO  main            d.u.i.k.p.r.p.TestFile    ... finished proof: closed. 
30664      INFO  main            d.u.i.k.p.r.p.TestFile    Now processing file /home/runner/work/key/key/key.core/../key.ui/examples/InformationFlow/BlockContracts/contract.IFBlockExamples(contract.IFBlockExamples__while_block_secure(int)).JML operation contract.0.key 
30668      INFO  main            d.u.i.k.p.i.AbstractProblemLoader Loading environment from /home/runner/work/key/key/key.core/../key.ui/examples/InformationFlow/BlockContracts/contract.IFBlockExamples(contract.IFBlockExamples__while_block_secure(int)).JML operation contract.0.key 
30669      DEBUG main            d.u.i.k.p.i.AbstractProblemLoader Environment load took 1.25ms 
30674      INFO  main            d.u.i.k.p.i.AbstractProblemLoader Creating init config 
35380      DEBUG main            d.u.i.k.p.i.AbstractProblemLoader Init config took 4.71s 
35482      INFO  main            d.u.i.k.p.i.AbstractProblemLoader Replaying proof contract.IFBlockExamples[contract.IFBlockExamples::while_block_secure(int)].JML operation contract.0 
35489      DEBUG main            d.u.i.k.p.i.IntermediateProofReplayer Proof replay took 21.4ns 
36094      INFO  main            d.u.i.k.p.r.p.TestFile    ... finished proof: closed. 
36447      INFO  main            d.u.i.k.p.r.p.TestFile    Now processing file /home/runner/work/key/key/key.core/../key.ui/examples/InformationFlow/BlockContracts/contract.IFBlockExamples(contract.IFBlockExamples__block_while_secure(int)).JML operation contract.0.key 
36448      INFO  main            d.u.i.k.p.i.AbstractProblemLoader Loading environment from /home/runner/work/key/key/key.core/../key.ui/examples/InformationFlow/BlockContracts/contract.IFBlockExamples(contract.IFBlockExamples__block_while_secure(int)).JML operation contract.0.key 
36448      DEBUG main            d.u.i.k.p.i.AbstractProblemLoader Environment load took 235.7ns 
36450      INFO  main            d.u.i.k.p.i.AbstractProblemLoader Creating init config 
41113      DEBUG main            d.u.i.k.p.i.AbstractProblemLoader Init config took 4.66s 
41211      INFO  main            d.u.i.k.p.i.AbstractProblemLoader Replaying proof contract.IFBlockExamples[contract.IFBlockExamples::block_while_secure(int)].JML operation contract.0 
41217      DEBUG main            d.u.i.k.p.i.IntermediateProofReplayer Proof replay took 31.7ns 
41940      INFO  main            d.u.i.k.p.r.p.TestFile    ... finished proof: closed. 
42224      INFO  main            d.u.i.k.p.r.p.TestFile    Now processing file /home/runner/work/key/key/key.core/../key.ui/examples/InformationFlow/BlockContracts/contract.IFBlockExamples(contract.IFBlockExamples__insecure_4(int)).JML operation contract.0.key 
42231      INFO  main            d.u.i.k.p.i.AbstractProblemLoader Loading environment from /home/runner/work/key/key/key.core/../key.ui/examples/InformationFlow/BlockContracts/contract.IFBlockExamples(contract.IFBlockExamples__insecure_4(int)).JML operation contract.0.key 
42232      DEBUG main            d.u.i.k.p.i.AbstractProblemLoader Environment load took 1.17ms 
42235      INFO  main            d.u.i.k.p.i.AbstractProblemLoader Creating init config 
46836      DEBUG main            d.u.i.k.p.i.AbstractProblemLoader Init config took 4.6s 
46932      INFO  main            d.u.i.k.p.i.AbstractProblemLoader Replaying proof contract.IFBlockExamples[contract.IFBlockExamples::insecure_4(int)].JML operation contract.0 
46939      DEBUG main            d.u.i.k.p.i.IntermediateProofReplayer Proof replay took 29.8ns 
47846      INFO  main            d.u.i.k.p.r.p.TestFile    ... finished proof: closed. 
48142      INFO  main            d.u.i.k.p.r.p.TestFile    Now processing file /home/runner/work/key/key/key.core/../key.ui/examples/InformationFlow/BlockContracts/contract.IFBlockExamples(contract.IFBlockExamples__insecure_3(int)).JML operation contract.0.key 
48142      INFO  main            d.u.i.k.p.i.AbstractProblemLoader Loading environment from /home/runner/work/key/key/key.core/../key.ui/examples/InformationFlow/BlockContracts/contract.IFBlockExamples(contract.IFBlockExamples__insecure_3(int)).JML operation contract.0.key 
48142      DEBUG main            d.u.i.k.p.i.AbstractProblemLoader Environment load took 151.7ns 
48144      INFO  main            d.u.i.k.p.i.AbstractProblemLoader Creating init config 
52617      DEBUG main            d.u.i.k.p.i.AbstractProblemLoader Init config took 4.47s 
52733      INFO  main            d.u.i.k.p.i.AbstractProblemLoader Replaying proof contract.IFBlockExamples[contract.IFBlockExamples::insecure_3(int)].JML operation contract.0 
52743      DEBUG main            d.u.i.k.p.i.IntermediateProofReplayer Proof replay took 30.5ns 
53653      INFO  main            d.u.i.k.p.r.p.TestFile    ... finished proof: closed. 
53959      INFO  main            d.u.i.k.p.r.p.TestFile    Now processing file /home/runner/work/key/key/key.core/../key.ui/examples/InformationFlow/BlockContracts/contract.IFBlockExamples(contract.IFBlockExamples__secure_3(int)).JML operation contract.0.key 
53962      INFO  main            d.u.i.k.p.i.AbstractProblemLoader Loading environment from /home/runner/work/key/key/key.core/../key.ui/examples/InformationFlow/BlockContracts/contract.IFBlockExamples(contract.IFBlockExamples__secure_3(int)).JML operation contract.0.key 
53963      DEBUG main            d.u.i.k.p.i.AbstractProblemLoader Environment load took 1.09ms 
53967      INFO  main            d.u.i.k.p.i.AbstractProblemLoader Creating init config 
58587      DEBUG main            d.u.i.k.p.i.AbstractProblemLoader Init config took 4.62s 
58684      INFO  main            d.u.i.k.p.i.AbstractProblemLoader Replaying proof contract.IFBlockExamples[contract.IFBlockExamples::secure_3(int)].JML operation contract.0 
58690      DEBUG main            d.u.i.k.p.i.IntermediateProofReplayer Proof replay took 28.3ns 
59542      INFO  main            d.u.i.k.p.r.p.TestFile    ... finished proof: closed. 
59820      INFO  main            d.u.i.k.p.r.p.TestFile    Now processing file /home/runner/work/key/key/key.core/../key.ui/examples/InformationFlow/BlockContracts/contract.IFBlockExamples(contract.IFBlockExamples__secure_2(int)).JML operation contract.0.key 
59822      INFO  main            d.u.i.k.p.i.AbstractProblemLoader Loading environment from /home/runner/work/key/key/key.core/../key.ui/examples/InformationFlow/BlockContracts/contract.IFBlockExamples(contract.IFBlockExamples__secure_2(int)).JML operation contract.0.key 
59823      DEBUG main            d.u.i.k.p.i.AbstractProblemLoader Environment load took 1.07ms 
59826      INFO  main            d.u.i.k.p.i.AbstractProblemLoader Creating init config 
64214      DEBUG main            d.u.i.k.p.i.AbstractProblemLoader Init config took 4.39s 
64315      INFO  main            d.u.i.k.p.i.AbstractProblemLoader Replaying proof contract.IFBlockExamples[contract.IFBlockExamples::secure_2(int)].JML operation contract.0 
64321      DEBUG main            d.u.i.k.p.i.IntermediateProofReplayer Proof replay took 27ns 
65030      INFO  main            d.u.i.k.p.r.p.TestFile    ... finished proof: closed. 
65334      INFO  main            d.u.i.k.p.r.p.TestFile    Now processing file /home/runner/work/key/key/key.core/../key.ui/examples/InformationFlow/BlockContracts/contract.IFBlockExamples(contract.IFBlockExamples__secure_8(int)).JML operation contract.0.key 
65336      INFO  main            d.u.i.k.p.i.AbstractProblemLoader Loading environment from /home/runner/work/key/key/key.core/../key.ui/examples/InformationFlow/BlockContracts/contract.IFBlockExamples(contract.IFBlockExamples__secure_8(int)).JML operation contract.0.key 
65337      DEBUG main            d.u.i.k.p.i.AbstractProblemLoader Environment load took 927.5ns 
65340      INFO  main            d.u.i.k.p.i.AbstractProblemLoader Creating init config 
69721      DEBUG main            d.u.i.k.p.i.AbstractProblemLoader Init config took 4.38s 
69804      INFO  main            d.u.i.k.p.i.AbstractProblemLoader Replaying proof contract.IFBlockExamples[contract.IFBlockExamples::secure_8(int)].JML operation contract.0 
69822      DEBUG main            d.u.i.k.p.i.IntermediateProofReplayer Proof replay took 23.2ns 
70258      INFO  main            d.u.i.k.p.r.p.TestFile    ... finished proof: closed. 
70557      INFO  main            d.u.i.k.p.r.p.TestFile    Now processing file /home/runner/work/key/key/key.core/../key.ui/examples/InformationFlow/BlockContracts/contract.IFBlockExamples(contract.IFBlockExamples__secure_7(int)).JML operation contract.0.key 
70559      INFO  main            d.u.i.k.p.i.AbstractProblemLoader Loading environment from /home/runner/work/key/key/key.core/../key.ui/examples/InformationFlow/BlockContracts/contract.IFBlockExamples(contract.IFBlockExamples__secure_7(int)).JML operation contract.0.key 
70560      DEBUG main            d.u.i.k.p.i.AbstractProblemLoader Environment load took 795.4ns 
70562      INFO  main            d.u.i.k.p.i.AbstractProblemLoader Creating init config 
75060      DEBUG main            d.u.i.k.p.i.AbstractProblemLoader Init config took 4.5s 
75177      INFO  main            d.u.i.k.p.i.AbstractProblemLoader Replaying proof contract.IFBlockExamples[contract.IFBlockExamples::secure_7(int)].JML operation contract.0 
75183      DEBUG main            d.u.i.k.p.i.IntermediateProofReplayer Proof replay took 29.8ns 
75491      INFO  main            d.u.i.k.p.r.p.TestFile    ... finished proof: closed. 
75803      INFO  main            d.u.i.k.p.r.p.TestFile    Now processing file /home/runner/work/key/key/key.core/../key.ui/examples/InformationFlow/BlockContracts/contract.IFBlockExamples(contract.IFBlockExamples__secure_6(int)).JML operation contract.0.key 
75805      INFO  main            d.u.i.k.p.i.AbstractProblemLoader Loading environment from /home/runner/work/key/key/key.core/../key.ui/examples/InformationFlow/BlockContracts/contract.IFBlockExamples(contract.IFBlockExamples__secure_6(int)).JML operation contract.0.key 
75806      DEBUG main            d.u.i.k.p.i.AbstractProblemLoader Environment load took 1.24ms 
75809      INFO  main            d.u.i.k.p.i.AbstractProblemLoader Creating init config 
80174      DEBUG main            d.u.i.k.p.i.AbstractProblemLoader Init config took 4.37s 
80255      INFO  main            d.u.i.k.p.i.AbstractProblemLoader Replaying proof contract.IFBlockExamples[contract.IFBlockExamples::secure_6(int)].JML operation contract.0 
80263      DEBUG main            d.u.i.k.p.i.IntermediateProofReplayer Proof replay took 42.5ns 
80568      INFO  main            d.u.i.k.p.r.p.TestFile    ... finished proof: closed. 
80999      INFO  main            d.u.i.k.p.r.p.TestFile    Now processing file /home/runner/work/key/key/key.core/../key.ui/examples/InformationFlow/BlockContracts/contract.IFBlockExamples(contract.IFBlockExamples__insecure_1(int)).JML operation contract.0.key 
81001      INFO  main            d.u.i.k.p.i.AbstractProblemLoader Loading environment from /home/runner/work/key/key/key.core/../key.ui/examples/InformationFlow/BlockContracts/contract.IFBlockExamples(contract.IFBlockExamples__insecure_1(int)).JML operation contract.0.key 
81002      DEBUG main            d.u.i.k.p.i.AbstractProblemLoader Environment load took 813.3ns 
81005      INFO  main            d.u.i.k.p.i.AbstractProblemLoader Creating init config 
85416      DEBUG main            d.u.i.k.p.i.AbstractProblemLoader Init config took 4.41s 
85507      INFO  main            d.u.i.k.p.i.AbstractProblemLoader Replaying proof contract.IFBlockExamples[contract.IFBlockExamples::insecure_1(int)].JML operation contract.0 
85514      DEBUG main            d.u.i.k.p.i.IntermediateProofReplayer Proof replay took 27ns 
85818      INFO  main            d.u.i.k.p.r.p.TestFile    ... finished proof: closed. 
86134      INFO  main            d.u.i.k.p.r.p.TestFile    Now processing file /home/runner/work/key/key/key.core/../key.ui/examples/InformationFlow/BlockContracts/contract.IFBlockExamples(contract.IFBlockExamples__secure_4(int)).JML operation contract.0.key 
86136      INFO  main            d.u.i.k.p.i.AbstractProblemLoader Loading environment from /home/runner/work/key/key/key.core/../key.ui/examples/InformationFlow/BlockContracts/contract.IFBlockExamples(contract.IFBlockExamples__secure_4(int)).JML operation contract.0.key 
86137      DEBUG main            d.u.i.k.p.i.AbstractProblemLoader Environment load took 1.42ms 
86140      INFO  main            d.u.i.k.p.i.AbstractProblemLoader Creating init config 
90483      DEBUG main            d.u.i.k.p.i.AbstractProblemLoader Init config took 4.34s 
90572      INFO  main            d.u.i.k.p.i.AbstractProblemLoader Replaying proof contract.IFBlockExamples[contract.IFBlockExamples::secure_4(int)].JML operation contract.0 
90580      DEBUG main            d.u.i.k.p.i.IntermediateProofReplayer Proof replay took 42.4ns 
90986      INFO  main            d.u.i.k.p.r.p.TestFile    ... finished proof: closed. 
91282      INFO  main            d.u.i.k.p.r.p.TestFile    Now processing file /home/runner/work/key/key/key.core/../key.ui/examples/InformationFlow/BlockContracts/contract.IFBlockExamples(contract.IFBlockExamples__secure_1(int)).JML operation contract.0.key 
91284      INFO  main            d.u.i.k.p.i.AbstractProblemLoader Loading environment from /home/runner/work/key/key/key.core/../key.ui/examples/InformationFlow/BlockContracts/contract.IFBlockExamples(contract.IFBlockExamples__secure_1(int)).JML operation contract.0.key 
91285      DEBUG main            d.u.i.k.p.i.AbstractProblemLoader Environment load took 853ns 
91287      INFO  main            d.u.i.k.p.i.AbstractProblemLoader Creating init config 
95509      DEBUG main            d.u.i.k.p.i.AbstractProblemLoader Init config took 4.22s 
95586      INFO  main            d.u.i.k.p.i.AbstractProblemLoader Replaying proof contract.IFBlockExamples[contract.IFBlockExamples::secure_1(int)].JML operation contract.0 
95591      DEBUG main            d.u.i.k.p.i.IntermediateProofReplayer Proof replay took 39.5ns 
95896      INFO  main            d.u.i.k.p.r.p.TestFile    ... finished proof: closed. 
96219      INFO  main            d.u.i.k.p.r.p.TestFile    Now processing file /home/runner/work/key/key/key.core/../key.ui/examples/InformationFlow/BlockContracts/contract.IFEfficiencyExamples(contract.IFEfficiencyExamples__mWithoutBlockContract()).JML operation contract.0.key 
96219      INFO  main            d.u.i.k.p.i.AbstractProblemLoader Loading environment from /home/runner/work/key/key/key.core/../key.ui/examples/InformationFlow/BlockContracts/contract.IFEfficiencyExamples(contract.IFEfficiencyExamples__mWithoutBlockContract()).JML operation contract.0.key 
96219      DEBUG main            d.u.i.k.p.i.AbstractProblemLoader Environment load took 96.1ns 
96221      INFO  main            d.u.i.k.p.i.AbstractProblemLoader Creating init config 
100491     DEBUG main            d.u.i.k.p.i.AbstractProblemLoader Init config took 4.27s 
100570     INFO  main            d.u.i.k.p.i.AbstractProblemLoader Replaying proof contract.IFEfficiencyExamples[contract.IFEfficiencyExamples::mWithoutBlockContract()].JML operation contract.0 
100576     DEBUG main            d.u.i.k.p.i.IntermediateProofReplayer Proof replay took 22.2ns 
101985     INFO  main            d.u.i.k.p.r.p.TestFile    ... finished proof: closed. 
102463     INFO  main            d.u.i.k.p.r.p.TestFile    Now processing file /home/runner/work/key/key/key.core/../key.ui/examples/InformationFlow/BlockContracts/contract.IFEfficiencyExamples(contract.IFEfficiencyExamples__mWithBlockContract()).JML operation contract.0.key 
102464     INFO  main            d.u.i.k.p.i.AbstractProblemLoader Loading environment from /home/runner/work/key/key/key.core/../key.ui/examples/InformationFlow/BlockContracts/contract.IFEfficiencyExamples(contract.IFEfficiencyExamples__mWithBlockContract()).JML operation contract.0.key 
102464     DEBUG main            d.u.i.k.p.i.AbstractProblemLoader Environment load took 120.2ns 
102466     INFO  main            d.u.i.k.p.i.AbstractProblemLoader Creating init config 
106653     DEBUG main            d.u.i.k.p.i.AbstractProblemLoader Init config took 4.19s 
106730     INFO  main            d.u.i.k.p.i.AbstractProblemLoader Replaying proof contract.IFEfficiencyExamples[contract.IFEfficiencyExamples::mWithBlockContract()].JML operation contract.0 
106739     DEBUG main            d.u.i.k.p.i.IntermediateProofReplayer Proof replay took 49ns 
107747     INFO  main            d.u.i.k.p.r.p.TestFile    ... finished proof: closed. 
413579     INFO  Test worker     d.u.i.k.p.r.RunAllProofsTestUnit Returning from test BlockContracts 
413585     INFO  Test worker     d.u.i.k.p.r.RunAllProofsTestUnit Running test MethodContracts 
659        INFO  Timeout watchdog d.u.i.k.p.r.p.ForkedTestFileRunner Timeout watcher launched (1000 secs.) 
697        WARN  main            d.u.i.k.s.ProofSettings   The settings in /home/runner/.key/proof-settings.props are *not* read. 
778        INFO  main            d.u.i.k.p.r.p.TestFile    Now processing file /home/runner/work/key/key/key.core/../key.ui/examples/InformationFlow/MethodContracts/contract.IFMethodContract(contract.IFMethodContract__secure_recursion_2((I,int)).JML normal_behavior operation contract.0.key 
997        INFO  main            d.u.i.k.p.i.AbstractProblemLoader Loading environment from /home/runner/work/key/key/key.core/../key.ui/examples/InformationFlow/MethodContracts/contract.IFMethodContract(contract.IFMethodContract__secure_recursion_2((I,int)).JML normal_behavior operation contract.0.key 
1048       DEBUG main            d.u.i.k.p.i.AbstractProblemLoader Environment load took 4.32ms 
1524       INFO  main            d.u.i.k.p.i.AbstractProblemLoader Creating init config 
3127       DEBUG main            d.u.i.k.j.TypeConverter   No LDT found for Meta 
3128       DEBUG main            d.u.i.k.j.TypeConverter   No LDT found for Meta 
3129       DEBUG main            d.u.i.k.j.TypeConverter   No LDT found for Meta 
3130       DEBUG main            d.u.i.k.j.TypeConverter   No LDT found for Meta 
5243       DEBUG main            d.u.i.k.j.TypeConverter   No LDT found for JavaBigintExpression 
16619      DEBUG main            d.u.i.k.p.i.AbstractProblemLoader Init config took 15.09s 
16952      INFO  main            d.u.i.k.p.i.AbstractProblemLoader Replaying proof contract.IFMethodContract[contract.IFMethodContract::secure_recursion_2([I,int)].JML normal_behavior operation contract.0 
17031      DEBUG main            d.u.i.k.p.i.IntermediateProofReplayer Proof replay took 516.8ns 
18851      INFO  main            d.u.i.k.p.r.p.TestFile    ... finished proof: closed. 
19101      INFO  main            d.u.i.k.p.r.p.TestFile    Now processing file /home/runner/work/key/key/key.core/../key.ui/examples/InformationFlow/MethodContracts/contract.IFMethodContract(contract.IFMethodContract__secure_recursion(int)).JML normal_behavior operation contract.0.key 
19111      INFO  main            d.u.i.k.p.i.AbstractProblemLoader Loading environment from /home/runner/work/key/key/key.core/../key.ui/examples/InformationFlow/MethodContracts/contract.IFMethodContract(contract.IFMethodContract__secure_recursion(int)).JML normal_behavior operation contract.0.key 
19112      DEBUG main            d.u.i.k.p.i.AbstractProblemLoader Environment load took 1.29ms 
19116      INFO  main            d.u.i.k.p.i.AbstractProblemLoader Creating init config 
24156      DEBUG main            d.u.i.k.p.i.AbstractProblemLoader Init config took 5.04s 
24345      INFO  main            d.u.i.k.p.i.AbstractProblemLoader Replaying proof contract.IFMethodContract[contract.IFMethodContract::secure_recursion(int)].JML normal_behavior operation contract.0 
24364      DEBUG main            d.u.i.k.p.i.IntermediateProofReplayer Proof replay took 24.9ns 
24976      INFO  main            d.u.i.k.p.r.p.TestFile    ... finished proof: closed. 
25189      INFO  main            d.u.i.k.p.r.p.TestFile    Now processing file /home/runner/work/key/key/key.core/../key.ui/examples/InformationFlow/MethodContracts/contract.IFMethodContract(contract.IFMethodContract__secure_catch_exception()).JML operation contract.0.key 
25189      INFO  main            d.u.i.k.p.i.AbstractProblemLoader Loading environment from /home/runner/work/key/key/key.core/../key.ui/examples/InformationFlow/MethodContracts/contract.IFMethodContract(contract.IFMethodContract__secure_catch_exception()).JML operation contract.0.key 
25189      DEBUG main            d.u.i.k.p.i.AbstractProblemLoader Environment load took 114.3ns 
25191      INFO  main            d.u.i.k.p.i.AbstractProblemLoader Creating init config 
29957      DEBUG main            d.u.i.k.p.i.AbstractProblemLoader Init config took 4.77s 
30078      INFO  main            d.u.i.k.p.i.AbstractProblemLoader Replaying proof contract.IFMethodContract[contract.IFMethodContract::secure_catch_exception()].JML operation contract.0 
30086      DEBUG main            d.u.i.k.p.i.IntermediateProofReplayer Proof replay took 31.1ns 
30493      INFO  main            d.u.i.k.p.r.p.TestFile    ... finished proof: closed. 
30757      INFO  main            d.u.i.k.p.r.p.TestFile    Now processing file /home/runner/work/key/key/key.core/../key.ui/examples/InformationFlow/MethodContracts/contract.IFMethodContract(contract.IFMethodContract__n6()).JML normal_behavior operation contract.0.key 
30758      INFO  main            d.u.i.k.p.i.AbstractProblemLoader Loading environment from /home/runner/work/key/key/key.core/../key.ui/examples/InformationFlow/MethodContracts/contract.IFMethodContract(contract.IFMethodContract__n6()).JML normal_behavior operation contract.0.key 
30759      DEBUG main            d.u.i.k.p.i.AbstractProblemLoader Environment load took 755.1ns 
30762      INFO  main            d.u.i.k.p.i.AbstractProblemLoader Creating init config 
35293      DEBUG main            d.u.i.k.p.i.AbstractProblemLoader Init config took 4.53s 
35392      INFO  main            d.u.i.k.p.i.AbstractProblemLoader Replaying proof contract.IFMethodContract[contract.IFMethodContract::n6()].JML normal_behavior operation contract.0 
35399      DEBUG main            d.u.i.k.p.i.IntermediateProofReplayer Proof replay took 29ns 
35620      INFO  main            d.u.i.k.p.r.p.TestFile    ... finished proof: closed. 
35835      INFO  main            d.u.i.k.p.r.p.TestFile    Now processing file /home/runner/work/key/key/key.core/../key.ui/examples/InformationFlow/MethodContracts/contract.IFMethodContract(contract.IFMethodContract__secure_n6()).JML operation contract.0.key 
35836      INFO  main            d.u.i.k.p.i.AbstractProblemLoader Loading environment from /home/runner/work/key/key/key.core/../key.ui/examples/InformationFlow/MethodContracts/contract.IFMethodContract(contract.IFMethodContract__secure_n6()).JML operation contract.0.key 
35837      DEBUG main            d.u.i.k.p.i.AbstractProblemLoader Environment load took 1.59ms 
35847      INFO  main            d.u.i.k.p.i.AbstractProblemLoader Creating init config 
40293      DEBUG main            d.u.i.k.p.i.AbstractProblemLoader Init config took 4.45s 
40387      INFO  main            d.u.i.k.p.i.AbstractProblemLoader Replaying proof contract.IFMethodContract[contract.IFMethodContract::secure_n6()].JML operation contract.0 
40395      DEBUG main            d.u.i.k.p.i.IntermediateProofReplayer Proof replay took 37.8ns 
40501      INFO  main            d.u.i.k.p.r.p.TestFile    ... finished proof: closed. 
40734      INFO  main            d.u.i.k.p.r.p.TestFile    Now processing file /home/runner/work/key/key/key.core/../key.ui/examples/InformationFlow/MethodContracts/contract.IFMethodContract(contract.IFMethodContract__secure_array_param_helper()).JML normal_behavior operation contract.0.key 
40736      INFO  main            d.u.i.k.p.i.AbstractProblemLoader Loading environment from /home/runner/work/key/key/key.core/../key.ui/examples/InformationFlow/MethodContracts/contract.IFMethodContract(contract.IFMethodContract__secure_array_param_helper()).JML normal_behavior operation contract.0.key 
40737      DEBUG main            d.u.i.k.p.i.AbstractProblemLoader Environment load took 978.5ns 
40740      INFO  main            d.u.i.k.p.i.AbstractProblemLoader Creating init config 
45197      DEBUG main            d.u.i.k.p.i.AbstractProblemLoader Init config took 4.46s 
45304      INFO  main            d.u.i.k.p.i.AbstractProblemLoader Replaying proof contract.IFMethodContract[contract.IFMethodContract::secure_array_param_helper()].JML normal_behavior operation contract.0 
45319      DEBUG main            d.u.i.k.p.i.IntermediateProofReplayer Proof replay took 24.3ns 
45424      INFO  main            d.u.i.k.p.r.p.TestFile    ... finished proof: closed. 
45665      INFO  main            d.u.i.k.p.r.p.TestFile    Now processing file /home/runner/work/key/key/key.core/../key.ui/examples/InformationFlow/MethodContracts/contract.IFMethodContract(contract.IFMethodContract__secure_array_param((I,int)).JML operation contract.0.key 
45666      INFO  main            d.u.i.k.p.i.AbstractProblemLoader Loading environment from /home/runner/work/key/key/key.core/../key.ui/examples/InformationFlow/MethodContracts/contract.IFMethodContract(contract.IFMethodContract__secure_array_param((I,int)).JML operation contract.0.key 
45666      DEBUG main            d.u.i.k.p.i.AbstractProblemLoader Environment load took 127ns 
45668      INFO  main            d.u.i.k.p.i.AbstractProblemLoader Creating init config 
49907      DEBUG main            d.u.i.k.p.i.AbstractProblemLoader Init config took 4.24s 
50037      INFO  main            d.u.i.k.p.i.AbstractProblemLoader Replaying proof contract.IFMethodContract[contract.IFMethodContract::secure_array_param([I,int)].JML operation contract.0 
50045      DEBUG main            d.u.i.k.p.i.IntermediateProofReplayer Proof replay took 40ns 
50350      INFO  main            d.u.i.k.p.r.p.TestFile    ... finished proof: closed. 
50591      INFO  main            d.u.i.k.p.r.p.TestFile    Now processing file /home/runner/work/key/key/key.core/../key.ui/examples/InformationFlow/MethodContracts/contract.IFMethodContract(contract.IFMethodContract__n9()).JML normal_behavior operation contract.0.key 
50593      INFO  main            d.u.i.k.p.i.AbstractProblemLoader Loading environment from /home/runner/work/key/key/key.core/../key.ui/examples/InformationFlow/MethodContracts/contract.IFMethodContract(contract.IFMethodContract__n9()).JML normal_behavior operation contract.0.key 
50594      DEBUG main            d.u.i.k.p.i.AbstractProblemLoader Environment load took 1.12ms 
50596      INFO  main            d.u.i.k.p.i.AbstractProblemLoader Creating init config 
54791      DEBUG main            d.u.i.k.p.i.AbstractProblemLoader Init config took 4.2s 
54876      INFO  main            d.u.i.k.p.i.AbstractProblemLoader Replaying proof contract.IFMethodContract[contract.IFMethodContract::n9()].JML normal_behavior operation contract.0 
54886      DEBUG main            d.u.i.k.p.i.IntermediateProofReplayer Proof replay took 29.5ns 
55099      INFO  main            d.u.i.k.p.r.p.TestFile    ... finished proof: closed. 
55353      INFO  main            d.u.i.k.p.r.p.TestFile    Now processing file /home/runner/work/key/key/key.core/../key.ui/examples/InformationFlow/MethodContracts/contract.IFMethodContract(contract.IFMethodContract__secure_assignment_0_n9()).JML operation contract.0.key 
55355      INFO  main            d.u.i.k.p.i.AbstractProblemLoader Loading environment from /home/runner/work/key/key/key.core/../key.ui/examples/InformationFlow/MethodContracts/contract.IFMethodContract(contract.IFMethodContract__secure_assignment_0_n9()).JML operation contract.0.key 
55356      DEBUG main            d.u.i.k.p.i.AbstractProblemLoader Environment load took 807.5ns 
55361      INFO  main            d.u.i.k.p.i.AbstractProblemLoader Creating init config 
59676      DEBUG main            d.u.i.k.p.i.AbstractProblemLoader Init config took 4.32s 
59768      INFO  main            d.u.i.k.p.i.AbstractProblemLoader Replaying proof contract.IFMethodContract[contract.IFMethodContract::secure_assignment_0_n9()].JML operation contract.0 
59775      DEBUG main            d.u.i.k.p.i.IntermediateProofReplayer Proof replay took 36ns 
59980      INFO  main            d.u.i.k.p.r.p.TestFile    ... finished proof: closed. 
60251      INFO  main            d.u.i.k.p.r.p.TestFile    Now processing file /home/runner/work/key/key/key.core/../key.ui/examples/InformationFlow/MethodContracts/contract.IFMethodContract(contract.IFMethodContract__insecure_if_high_n5_n1()).JML operation contract.0.key 
60251      INFO  main            d.u.i.k.p.i.AbstractProblemLoader Loading environment from /home/runner/work/key/key/key.core/../key.ui/examples/InformationFlow/MethodContracts/contract.IFMethodContract(contract.IFMethodContract__insecure_if_high_n5_n1()).JML operation contract.0.key 
60254      DEBUG main            d.u.i.k.p.i.AbstractProblemLoader Environment load took 2.34ms 
60255      INFO  main            d.u.i.k.p.i.AbstractProblemLoader Creating init config 
64481      DEBUG main            d.u.i.k.p.i.AbstractProblemLoader Init config took 4.23s 
64563      INFO  main            d.u.i.k.p.i.AbstractProblemLoader Replaying proof contract.IFMethodContract[contract.IFMethodContract::insecure_if_high_n5_n1()].JML operation contract.0 
64568      DEBUG main            d.u.i.k.p.i.IntermediateProofReplayer Proof replay took 41.1ns 
64872      INFO  main            d.u.i.k.p.r.p.TestFile    ... finished proof: closed. 
65191      INFO  main            d.u.i.k.p.r.p.TestFile    Now processing file /home/runner/work/key/key/key.core/../key.ui/examples/InformationFlow/MethodContracts/contract.IFMethodContract(contract.IFMethodContract__n5(int)).JML normal_behavior operation contract.0.key 
65193      INFO  main            d.u.i.k.p.i.AbstractProblemLoader Loading environment from /home/runner/work/key/key/key.core/../key.ui/examples/InformationFlow/MethodContracts/contract.IFMethodContract(contract.IFMethodContract__n5(int)).JML normal_behavior operation contract.0.key 
65194      DEBUG main            d.u.i.k.p.i.AbstractProblemLoader Environment load took 816.3ns 
65196      INFO  main            d.u.i.k.p.i.AbstractProblemLoader Creating init config 
69334      DEBUG main            d.u.i.k.p.i.AbstractProblemLoader Init config took 4.14s 
69419      INFO  main            d.u.i.k.p.i.AbstractProblemLoader Replaying proof contract.IFMethodContract[contract.IFMethodContract::n5(int)].JML normal_behavior operation contract.0 
69425      DEBUG main            d.u.i.k.p.i.IntermediateProofReplayer Proof replay took 31.7ns 
69529      INFO  main            d.u.i.k.p.r.p.TestFile    ... finished proof: closed. 
69826      INFO  main            d.u.i.k.p.r.p.TestFile    Now processing file /home/runner/work/key/key/key.core/../key.ui/examples/InformationFlow/MethodContracts/contract.IFMethodContract(contract.IFMethodContract__secure_if_high_n5_n1()).JML operation contract.0.key 
69826      INFO  main            d.u.i.k.p.i.AbstractProblemLoader Loading environment from /home/runner/work/key/key/key.core/../key.ui/examples/InformationFlow/MethodContracts/contract.IFMethodContract(contract.IFMethodContract__secure_if_high_n5_n1()).JML operation contract.0.key 
69826      DEBUG main            d.u.i.k.p.i.AbstractProblemLoader Environment load took 98.3ns 
69828      INFO  main            d.u.i.k.p.i.AbstractProblemLoader Creating init config 
73916      DEBUG main            d.u.i.k.p.i.AbstractProblemLoader Init config took 4.09s 
74041      INFO  main            d.u.i.k.p.i.AbstractProblemLoader Replaying proof contract.IFMethodContract[contract.IFMethodContract::secure_if_high_n5_n1()].JML operation contract.0 
74052      DEBUG main            d.u.i.k.p.i.IntermediateProofReplayer Proof replay took 32.3ns 
74565      INFO  main            d.u.i.k.p.r.p.TestFile    ... finished proof: closed. 
74944      INFO  main            d.u.i.k.p.r.p.TestFile    Now processing file /home/runner/work/key/key/key.core/../key.ui/examples/InformationFlow/MethodContracts/contract.IFMethodContract(contract.IFMethodContract__secure_if_high_n1()).JML operation contract.0.key 
74946      INFO  main            d.u.i.k.p.i.AbstractProblemLoader Loading environment from /home/runner/work/key/key/key.core/../key.ui/examples/InformationFlow/MethodContracts/contract.IFMethodContract(contract.IFMethodContract__secure_if_high_n1()).JML operation contract.0.key 
74947      DEBUG main            d.u.i.k.p.i.AbstractProblemLoader Environment load took 646.8ns 
74949      INFO  main            d.u.i.k.p.i.AbstractProblemLoader Creating init config 
78916      DEBUG main            d.u.i.k.p.i.AbstractProblemLoader Init config took 3.97s 
78988      INFO  main            d.u.i.k.p.i.AbstractProblemLoader Replaying proof contract.IFMethodContract[contract.IFMethodContract::secure_if_high_n1()].JML operation contract.0 
78993      DEBUG main            d.u.i.k.p.i.IntermediateProofReplayer Proof replay took 56.1ns 
79299      INFO  main            d.u.i.k.p.r.p.TestFile    ... finished proof: closed. 
79599      INFO  main            d.u.i.k.p.r.p.TestFile    Now processing file /home/runner/work/key/key/key.core/../key.ui/examples/InformationFlow/MethodContracts/contract.IFMethodContract(contract.IFMethodContract__secure_n5()).JML operation contract.0.key 
79599      INFO  main            d.u.i.k.p.i.AbstractProblemLoader Loading environment from /home/runner/work/key/key/key.core/../key.ui/examples/InformationFlow/MethodContracts/contract.IFMethodContract(contract.IFMethodContract__secure_n5()).JML operation contract.0.key 
79600      DEBUG main            d.u.i.k.p.i.AbstractProblemLoader Environment load took 166.9ns 
79603      INFO  main            d.u.i.k.p.i.AbstractProblemLoader Creating init config 
83744      DEBUG main            d.u.i.k.p.i.AbstractProblemLoader Init config took 4.14s 
83835      INFO  main            d.u.i.k.p.i.AbstractProblemLoader Replaying proof contract.IFMethodContract[contract.IFMethodContract::secure_n5()].JML operation contract.0 
83848      DEBUG main            d.u.i.k.p.i.IntermediateProofReplayer Proof replay took 40.7ns 
84052      INFO  main            d.u.i.k.p.r.p.TestFile    ... finished proof: closed. 
84328      INFO  main            d.u.i.k.p.r.p.TestFile    Now processing file /home/runner/work/key/key/key.core/../key.ui/examples/InformationFlow/MethodContracts/contract.IFMethodContract(contract.IFMethodContract__n4()).JML normal_behavior operation contract.0.key 
84328      INFO  main            d.u.i.k.p.i.AbstractProblemLoader Loading environment from /home/runner/work/key/key/key.core/../key.ui/examples/InformationFlow/MethodContracts/contract.IFMethodContract(contract.IFMethodContract__n4()).JML normal_behavior operation contract.0.key 
84328      DEBUG main            d.u.i.k.p.i.AbstractProblemLoader Environment load took 164.6ns 
84330      INFO  main            d.u.i.k.p.i.AbstractProblemLoader Creating init config 
88485      DEBUG main            d.u.i.k.p.i.AbstractProblemLoader Init config took 4.15s 
88580      INFO  main            d.u.i.k.p.i.AbstractProblemLoader Replaying proof contract.IFMethodContract[contract.IFMethodContract::n4()].JML normal_behavior operation contract.0 
88586      DEBUG main            d.u.i.k.p.i.IntermediateProofReplayer Proof replay took 27.9ns 
88691      INFO  main            d.u.i.k.p.r.p.TestFile    ... finished proof: closed. 
89115      INFO  main            d.u.i.k.p.r.p.TestFile    Now processing file /home/runner/work/key/key/key.core/../key.ui/examples/InformationFlow/MethodContracts/contract.IFMethodContract(contract.IFMethodContract__n3()).JML normal_behavior operation contract.0.key 
89118      INFO  main            d.u.i.k.p.i.AbstractProblemLoader Loading environment from /home/runner/work/key/key/key.core/../key.ui/examples/InformationFlow/MethodContracts/contract.IFMethodContract(contract.IFMethodContract__n3()).JML normal_behavior operation contract.0.key 
89118      DEBUG main            d.u.i.k.p.i.AbstractProblemLoader Environment load took 264.8ns 
89120      INFO  main            d.u.i.k.p.i.AbstractProblemLoader Creating init config 
93275      DEBUG main            d.u.i.k.p.i.AbstractProblemLoader Init config took 4.16s 
93366      INFO  main            d.u.i.k.p.i.AbstractProblemLoader Replaying proof contract.IFMethodContract[contract.IFMethodContract::n3()].JML normal_behavior operation contract.0 
93371      DEBUG main            d.u.i.k.p.i.IntermediateProofReplayer Proof replay took 33.5ns 
93474      INFO  main            d.u.i.k.p.r.p.TestFile    ... finished proof: closed. 
93797      INFO  main            d.u.i.k.p.r.p.TestFile    Now processing file /home/runner/work/key/key/key.core/../key.ui/examples/InformationFlow/MethodContracts/contract.IFMethodContract(contract.IFMethodContract__secure_sequential_n3_precond_n4()).JML operation contract.0.key 
93798      INFO  main            d.u.i.k.p.i.AbstractProblemLoader Loading environment from /home/runner/work/key/key/key.core/../key.ui/examples/InformationFlow/MethodContracts/contract.IFMethodContract(contract.IFMethodContract__secure_sequential_n3_precond_n4()).JML operation contract.0.key 
93799      DEBUG main            d.u.i.k.p.i.AbstractProblemLoader Environment load took 484.9ns 
93801      INFO  main            d.u.i.k.p.i.AbstractProblemLoader Creating init config 
97942      DEBUG main            d.u.i.k.p.i.AbstractProblemLoader Init config took 4.14s 
98017      INFO  main            d.u.i.k.p.i.AbstractProblemLoader Replaying proof contract.IFMethodContract[contract.IFMethodContract::secure_sequential_n3_precond_n4()].JML operation contract.0 
98023      DEBUG main            d.u.i.k.p.i.IntermediateProofReplayer Proof replay took 28.5ns 
98237      INFO  main            d.u.i.k.p.r.p.TestFile    ... finished proof: closed. 
98541      INFO  main            d.u.i.k.p.r.p.TestFile    Now processing file /home/runner/work/key/key/key.core/../key.ui/examples/InformationFlow/MethodContracts/contract.IFMethodContract(contract.IFMethodContract__insecure_assignment_n2()).JML operation contract.0.key 
98543      INFO  main            d.u.i.k.p.i.AbstractProblemLoader Loading environment from /home/runner/work/key/key/key.core/../key.ui/examples/InformationFlow/MethodContracts/contract.IFMethodContract(contract.IFMethodContract__insecure_assignment_n2()).JML operation contract.0.key 
98544      DEBUG main            d.u.i.k.p.i.AbstractProblemLoader Environment load took 970.4ns 
98546      INFO  main            d.u.i.k.p.i.AbstractProblemLoader Creating init config 
102626     DEBUG main            d.u.i.k.p.i.AbstractProblemLoader Init config took 4.08s 
102699     INFO  main            d.u.i.k.p.i.AbstractProblemLoader Replaying proof contract.IFMethodContract[contract.IFMethodContract::insecure_assignment_n2()].JML operation contract.0 
102708     DEBUG main            d.u.i.k.p.i.IntermediateProofReplayer Proof replay took 25.2ns 
102812     INFO  main            d.u.i.k.p.r.p.TestFile    ... finished proof: closed. 
103111     INFO  main            d.u.i.k.p.r.p.TestFile    Now processing file /home/runner/work/key/key/key.core/../key.ui/examples/InformationFlow/MethodContracts/contract.IFMethodContract(contract.IFMethodContract__secure_assignments_n2()).JML operation contract.0.key 
103112     INFO  main            d.u.i.k.p.i.AbstractProblemLoader Loading environment from /home/runner/work/key/key/key.core/../key.ui/examples/InformationFlow/MethodContracts/contract.IFMethodContract(contract.IFMethodContract__secure_assignments_n2()).JML operation contract.0.key 
103112     DEBUG main            d.u.i.k.p.i.AbstractProblemLoader Environment load took 142.5ns 
103113     INFO  main            d.u.i.k.p.i.AbstractProblemLoader Creating init config 
107091     DEBUG main            d.u.i.k.p.i.AbstractProblemLoader Init config took 3.98s 
107163     INFO  main            d.u.i.k.p.i.AbstractProblemLoader Replaying proof contract.IFMethodContract[contract.IFMethodContract::secure_assignments_n2()].JML operation contract.0 
107168     DEBUG main            d.u.i.k.p.i.IntermediateProofReplayer Proof replay took 23.6ns 
107374     INFO  main            d.u.i.k.p.r.p.TestFile    ... finished proof: closed. 
107705     INFO  main            d.u.i.k.p.r.p.TestFile    Now processing file /home/runner/work/key/key/key.core/../key.ui/examples/InformationFlow/MethodContracts/contract.IFMethodContract(contract.IFMethodContract__n2()).JML normal_behavior operation contract.0.key 
107707     INFO  main            d.u.i.k.p.i.AbstractProblemLoader Loading environment from /home/runner/work/key/key/key.core/../key.ui/examples/InformationFlow/MethodContracts/contract.IFMethodContract(contract.IFMethodContract__n2()).JML normal_behavior operation contract.0.key 
107707     DEBUG main            d.u.i.k.p.i.AbstractProblemLoader Environment load took 631.7ns 
107709     INFO  main            d.u.i.k.p.i.AbstractProblemLoader Creating init config 
111800     DEBUG main            d.u.i.k.p.i.AbstractProblemLoader Init config took 4.09s 
111875     INFO  main            d.u.i.k.p.i.AbstractProblemLoader Replaying proof contract.IFMethodContract[contract.IFMethodContract::n2()].JML normal_behavior operation contract.0 
111880     DEBUG main            d.u.i.k.p.i.IntermediateProofReplayer Proof replay took 38.2ns 
111985     INFO  main            d.u.i.k.p.r.p.TestFile    ... finished proof: closed. 
112328     INFO  main            d.u.i.k.p.r.p.TestFile    Now processing file /home/runner/work/key/key/key.core/../key.ui/examples/InformationFlow/MethodContracts/contract.IFMethodContract(contract.IFMethodContract__n1()).JML normal_behavior operation contract.0.key 
112328     INFO  main            d.u.i.k.p.i.AbstractProblemLoader Loading environment from /home/runner/work/key/key/key.core/../key.ui/examples/InformationFlow/MethodContracts/contract.IFMethodContract(contract.IFMethodContract__n1()).JML normal_behavior operation contract.0.key 
112329     DEBUG main            d.u.i.k.p.i.AbstractProblemLoader Environment load took 130.5ns 
112330     INFO  main            d.u.i.k.p.i.AbstractProblemLoader Creating init config 
116192     DEBUG main            d.u.i.k.p.i.AbstractProblemLoader Init config took 3.86s 
116264     INFO  main            d.u.i.k.p.i.AbstractProblemLoader Replaying proof contract.IFMethodContract[contract.IFMethodContract::n1()].JML normal_behavior operation contract.0 
116269     DEBUG main            d.u.i.k.p.i.IntermediateProofReplayer Proof replay took 67.9ns 
116379     INFO  main            d.u.i.k.p.r.p.TestFile    ... finished proof: closed. 
116691     INFO  main            d.u.i.k.p.r.p.TestFile    Now processing file /home/runner/work/key/key/key.core/../key.ui/examples/InformationFlow/MethodContracts/contract.IFMethodContract(contract.IFMethodContract__secure_sequential_n1_n2()).JML operation contract.0.key 
116692     INFO  main            d.u.i.k.p.i.AbstractProblemLoader Loading environment from /home/runner/work/key/key/key.core/../key.ui/examples/InformationFlow/MethodContracts/contract.IFMethodContract(contract.IFMethodContract__secure_sequential_n1_n2()).JML operation contract.0.key 
116693     DEBUG main            d.u.i.k.p.i.AbstractProblemLoader Environment load took 676ns 
116695     INFO  main            d.u.i.k.p.i.AbstractProblemLoader Creating init config 
120689     DEBUG main            d.u.i.k.p.i.AbstractProblemLoader Init config took 3.99s 
120769     INFO  main            d.u.i.k.p.i.AbstractProblemLoader Replaying proof contract.IFMethodContract[contract.IFMethodContract::secure_sequential_n1_n2()].JML operation contract.0 
120774     DEBUG main            d.u.i.k.p.i.IntermediateProofReplayer Proof replay took 43.5ns 
120984     INFO  main            d.u.i.k.p.r.p.TestFile    ... finished proof: closed. 
535219     INFO  Test worker     d.u.i.k.p.r.RunAllProofsTestUnit Returning from test MethodContracts 
535230     INFO  Test worker     d.u.i.k.p.r.RunAllProofsTestUnit Running test LoopInvariants 
620        INFO  Timeout watchdog d.u.i.k.p.r.p.ForkedTestFileRunner Timeout watcher launched (1000 secs.) 
649        WARN  main            d.u.i.k.s.ProofSettings   The settings in /home/runner/.key/proof-settings.props are *not* read. 
683        INFO  main            d.u.i.k.p.r.p.TestFile    Now processing file /home/runner/work/key/key/key.core/../key.ui/examples/InformationFlow/LoopInvariants/loop.IFLoopExamples(loop.IFLoopExamples__insecure_while_3(int)).JML operation contract.0.key 
895        INFO  main            d.u.i.k.p.i.AbstractProblemLoader Loading environment from /home/runner/work/key/key/key.core/../key.ui/examples/InformationFlow/LoopInvariants/loop.IFLoopExamples(loop.IFLoopExamples__insecure_while_3(int)).JML operation contract.0.key 
947        DEBUG main            d.u.i.k.p.i.AbstractProblemLoader Environment load took 4.49ms 
1347       INFO  main            d.u.i.k.p.i.AbstractProblemLoader Creating init config 
3174       DEBUG main            d.u.i.k.j.TypeConverter   No LDT found for Meta 
3176       DEBUG main            d.u.i.k.j.TypeConverter   No LDT found for Meta 
3188       DEBUG main            d.u.i.k.j.TypeConverter   No LDT found for Meta 
3188       DEBUG main            d.u.i.k.j.TypeConverter   No LDT found for Meta 
5733       DEBUG main            d.u.i.k.j.TypeConverter   No LDT found for JavaBigintExpression 
17422      DEBUG main            d.u.i.k.p.i.AbstractProblemLoader Init config took 16.07s 
17756      INFO  main            d.u.i.k.p.i.AbstractProblemLoader Replaying proof loop.IFLoopExamples[loop.IFLoopExamples::insecure_while_3(int)].JML operation contract.0 
17833      DEBUG main            d.u.i.k.p.i.IntermediateProofReplayer Proof replay took 820.1ns 
20164      INFO  main            d.u.i.k.p.r.p.TestFile    ... finished proof: closed. 
20442      INFO  main            d.u.i.k.p.r.p.TestFile    Now processing file /home/runner/work/key/key/key.core/../key.ui/examples/InformationFlow/LoopInvariants/loop.IFLoopExamples(loop.IFLoopExamples__secure_while_2(int)).JML operation contract.0.key 
20443      INFO  main            d.u.i.k.p.i.AbstractProblemLoader Loading environment from /home/runner/work/key/key/key.core/../key.ui/examples/InformationFlow/LoopInvariants/loop.IFLoopExamples(loop.IFLoopExamples__secure_while_2(int)).JML operation contract.0.key 
20443      DEBUG main            d.u.i.k.p.i.AbstractProblemLoader Environment load took 180.8ns 
20446      INFO  main            d.u.i.k.p.i.AbstractProblemLoader Creating init config 
26058      DEBUG main            d.u.i.k.p.i.AbstractProblemLoader Init config took 5.61s 
26166      INFO  main            d.u.i.k.p.i.AbstractProblemLoader Replaying proof loop.IFLoopExamples[loop.IFLoopExamples::secure_while_2(int)].JML operation contract.0 
26183      DEBUG main            d.u.i.k.p.i.IntermediateProofReplayer Proof replay took 27.5ns 
27494      INFO  main            d.u.i.k.p.r.p.TestFile    ... finished proof: closed. 
27743      INFO  main            d.u.i.k.p.r.p.TestFile    Now processing file /home/runner/work/key/key/key.core/../key.ui/examples/InformationFlow/LoopInvariants/loop.IFLoopExamples(loop.IFLoopExamples__secure_while_4(int)).JML operation contract.0.key 
27744      INFO  main            d.u.i.k.p.i.AbstractProblemLoader Loading environment from /home/runner/work/key/key/key.core/../key.ui/examples/InformationFlow/LoopInvariants/loop.IFLoopExamples(loop.IFLoopExamples__secure_while_4(int)).JML operation contract.0.key 
27744      DEBUG main            d.u.i.k.p.i.AbstractProblemLoader Environment load took 166.7ns 
27751      INFO  main            d.u.i.k.p.i.AbstractProblemLoader Creating init config 
33373      DEBUG main            d.u.i.k.p.i.AbstractProblemLoader Init config took 5.62s 
33527      INFO  main            d.u.i.k.p.i.AbstractProblemLoader Replaying proof loop.IFLoopExamples[loop.IFLoopExamples::secure_while_4(int)].JML operation contract.0 
33537      DEBUG main            d.u.i.k.p.i.IntermediateProofReplayer Proof replay took 25.8ns 
34566      INFO  main            d.u.i.k.p.r.p.TestFile    ... finished proof: closed. 
34828      INFO  main            d.u.i.k.p.r.p.TestFile    Now processing file /home/runner/work/key/key/key.core/../key.ui/examples/InformationFlow/LoopInvariants/loop.IFLoopExamples(loop.IFLoopExamples__insecure_doubleNestedWhile2(int)).JML operation contract.0.key 
34832      INFO  main            d.u.i.k.p.i.AbstractProblemLoader Loading environment from /home/runner/work/key/key/key.core/../key.ui/examples/InformationFlow/LoopInvariants/loop.IFLoopExamples(loop.IFLoopExamples__insecure_doubleNestedWhile2(int)).JML operation contract.0.key 
34833      DEBUG main            d.u.i.k.p.i.AbstractProblemLoader Environment load took 640.2ns 
34836      INFO  main            d.u.i.k.p.i.AbstractProblemLoader Creating init config 
40177      DEBUG main            d.u.i.k.p.i.AbstractProblemLoader Init config took 5.34s 
40320      INFO  main            d.u.i.k.p.i.AbstractProblemLoader Replaying proof loop.IFLoopExamples[loop.IFLoopExamples::insecure_doubleNestedWhile2(int)].JML operation contract.0 
40333      DEBUG main            d.u.i.k.p.i.IntermediateProofReplayer Proof replay took 69.2ns 
42550      INFO  main            d.u.i.k.p.r.p.TestFile    ... finished proof: closed. 
42847      INFO  main            d.u.i.k.p.r.p.TestFile    Now processing file /home/runner/work/key/key/key.core/../key.ui/examples/InformationFlow/LoopInvariants/loop.IFLoopExamples(loop.IFLoopExamples__insecure_doubleNestedWhile(int)).JML operation contract.0.key 
42848      INFO  main            d.u.i.k.p.i.AbstractProblemLoader Loading environment from /home/runner/work/key/key/key.core/../key.ui/examples/InformationFlow/LoopInvariants/loop.IFLoopExamples(loop.IFLoopExamples__insecure_doubleNestedWhile(int)).JML operation contract.0.key 
42849      DEBUG main            d.u.i.k.p.i.AbstractProblemLoader Environment load took 716.9ns 
42853      INFO  main            d.u.i.k.p.i.AbstractProblemLoader Creating init config 
48079      DEBUG main            d.u.i.k.p.i.AbstractProblemLoader Init config took 5.23s 
48174      INFO  main            d.u.i.k.p.i.AbstractProblemLoader Replaying proof loop.IFLoopExamples[loop.IFLoopExamples::insecure_doubleNestedWhile(int)].JML operation contract.0 
48180      DEBUG main            d.u.i.k.p.i.IntermediateProofReplayer Proof replay took 38.7ns 
50131      INFO  main            d.u.i.k.p.r.p.TestFile    ... finished proof: closed. 
50598      INFO  main            d.u.i.k.p.r.p.TestFile    Now processing file /home/runner/work/key/key/key.core/../key.ui/examples/InformationFlow/LoopInvariants/loop.IFLoopExamples(loop.IFLoopExamples__secure_doubleNestedWhile(int)).JML operation contract.0.key 
50600      INFO  main            d.u.i.k.p.i.AbstractProblemLoader Loading environment from /home/runner/work/key/key/key.core/../key.ui/examples/InformationFlow/LoopInvariants/loop.IFLoopExamples(loop.IFLoopExamples__secure_doubleNestedWhile(int)).JML operation contract.0.key 
50602      DEBUG main            d.u.i.k.p.i.AbstractProblemLoader Environment load took 1.22ms 
50611      INFO  main            d.u.i.k.p.i.AbstractProblemLoader Creating init config 
55471      DEBUG main            d.u.i.k.p.i.AbstractProblemLoader Init config took 4.86s 
55562      INFO  main            d.u.i.k.p.i.AbstractProblemLoader Replaying proof loop.IFLoopExamples[loop.IFLoopExamples::secure_doubleNestedWhile(int)].JML operation contract.0 
55568      DEBUG main            d.u.i.k.p.i.IntermediateProofReplayer Proof replay took 32.7ns 
57392      INFO  main            d.u.i.k.p.r.p.TestFile    ... finished proof: closed. 
57663      INFO  main            d.u.i.k.p.r.p.TestFile    Now processing file /home/runner/work/key/key/key.core/../key.ui/examples/InformationFlow/LoopInvariants/loop.IFLoopExamples(loop.IFLoopExamples__secure_nestedTwoWhile(int)).JML operation contract.0.key 
57664      INFO  main            d.u.i.k.p.i.AbstractProblemLoader Loading environment from /home/runner/work/key/key/key.core/../key.ui/examples/InformationFlow/LoopInvariants/loop.IFLoopExamples(loop.IFLoopExamples__secure_nestedTwoWhile(int)).JML operation contract.0.key 
57664      DEBUG main            d.u.i.k.p.i.AbstractProblemLoader Environment load took 114.1ns 
57666      INFO  main            d.u.i.k.p.i.AbstractProblemLoader Creating init config 
62455      DEBUG main            d.u.i.k.p.i.AbstractProblemLoader Init config took 4.79s 
62545      INFO  main            d.u.i.k.p.i.AbstractProblemLoader Replaying proof loop.IFLoopExamples[loop.IFLoopExamples::secure_nestedTwoWhile(int)].JML operation contract.0 
62550      DEBUG main            d.u.i.k.p.i.IntermediateProofReplayer Proof replay took 25ns 
64159      INFO  main            d.u.i.k.p.r.p.TestFile    ... finished proof: closed. 
64486      INFO  main            d.u.i.k.p.r.p.TestFile    Now processing file /home/runner/work/key/key/key.core/../key.ui/examples/InformationFlow/LoopInvariants/loop.IFLoopExamples(loop.IFLoopExamples__secure_nestedWhile(int)).JML operation contract.0.key 
64488      INFO  main            d.u.i.k.p.i.AbstractProblemLoader Loading environment from /home/runner/work/key/key/key.core/../key.ui/examples/InformationFlow/LoopInvariants/loop.IFLoopExamples(loop.IFLoopExamples__secure_nestedWhile(int)).JML operation contract.0.key 
64489      DEBUG main            d.u.i.k.p.i.AbstractProblemLoader Environment load took 1ms 
64492      INFO  main            d.u.i.k.p.i.AbstractProblemLoader Creating init config 
69283      DEBUG main            d.u.i.k.p.i.AbstractProblemLoader Init config took 4.79s 
69366      INFO  main            d.u.i.k.p.i.AbstractProblemLoader Replaying proof loop.IFLoopExamples[loop.IFLoopExamples::secure_nestedWhile(int)].JML operation contract.0 
69378      DEBUG main            d.u.i.k.p.i.IntermediateProofReplayer Proof replay took 31ns 
70384      INFO  main            d.u.i.k.p.r.p.TestFile    ... finished proof: closed. 
70659      INFO  main            d.u.i.k.p.r.p.TestFile    Now processing file /home/runner/work/key/key/key.core/../key.ui/examples/InformationFlow/LoopInvariants/loop.IFLoopExamples(loop.IFLoopExamples__notSecure_while(int)).JML operation contract.0.key 
70661      INFO  main            d.u.i.k.p.i.AbstractProblemLoader Loading environment from /home/runner/work/key/key/key.core/../key.ui/examples/InformationFlow/LoopInvariants/loop.IFLoopExamples(loop.IFLoopExamples__notSecure_while(int)).JML operation contract.0.key 
70662      DEBUG main            d.u.i.k.p.i.AbstractProblemLoader Environment load took 834.2ns 
70664      INFO  main            d.u.i.k.p.i.AbstractProblemLoader Creating init config 
75421      DEBUG main            d.u.i.k.p.i.AbstractProblemLoader Init config took 4.76s 
75501      INFO  main            d.u.i.k.p.i.AbstractProblemLoader Replaying proof loop.IFLoopExamples[loop.IFLoopExamples::notSecure_while(int)].JML operation contract.0 
75508      DEBUG main            d.u.i.k.p.i.IntermediateProofReplayer Proof replay took 33.4ns 
76014      INFO  main            d.u.i.k.p.r.p.TestFile    ... finished proof: closed. 
76307      INFO  main            d.u.i.k.p.r.p.TestFile    Now processing file /home/runner/work/key/key/key.core/../key.ui/examples/InformationFlow/LoopInvariants/loop.IFLoopExamples(loop.IFLoopExamples__notSecure_while_wrongInv(int)).JML operation contract.0.key 
76311      INFO  main            d.u.i.k.p.i.AbstractProblemLoader Loading environment from /home/runner/work/key/key/key.core/../key.ui/examples/InformationFlow/LoopInvariants/loop.IFLoopExamples(loop.IFLoopExamples__notSecure_while_wrongInv(int)).JML operation contract.0.key 
76312      DEBUG main            d.u.i.k.p.i.AbstractProblemLoader Environment load took 1.28ms 
76314      INFO  main            d.u.i.k.p.i.AbstractProblemLoader Creating init config 
81029      DEBUG main            d.u.i.k.p.i.AbstractProblemLoader Init config took 4.71s 
81110      INFO  main            d.u.i.k.p.i.AbstractProblemLoader Replaying proof loop.IFLoopExamples[loop.IFLoopExamples::notSecure_while_wrongInv(int)].JML operation contract.0 
81115      DEBUG main            d.u.i.k.p.i.IntermediateProofReplayer Proof replay took 27.5ns 
81530      INFO  main            d.u.i.k.p.r.p.TestFile    ... finished proof: open goal(s) 
81819      INFO  main            d.u.i.k.p.r.p.TestFile    Now processing file /home/runner/work/key/key/key.core/../key.ui/examples/InformationFlow/LoopInvariants/loop.IFLoopExamples(loop.IFLoopExamples__insecure_twoWhile(int)).JML operation contract.0.key 
81820      INFO  main            d.u.i.k.p.i.AbstractProblemLoader Loading environment from /home/runner/work/key/key/key.core/../key.ui/examples/InformationFlow/LoopInvariants/loop.IFLoopExamples(loop.IFLoopExamples__insecure_twoWhile(int)).JML operation contract.0.key 
81821      DEBUG main            d.u.i.k.p.i.AbstractProblemLoader Environment load took 739.8ns 
81823      INFO  main            d.u.i.k.p.i.AbstractProblemLoader Creating init config 
86554      DEBUG main            d.u.i.k.p.i.AbstractProblemLoader Init config took 4.73s 
86640      INFO  main            d.u.i.k.p.i.AbstractProblemLoader Replaying proof loop.IFLoopExamples[loop.IFLoopExamples::insecure_twoWhile(int)].JML operation contract.0 
86646      DEBUG main            d.u.i.k.p.i.IntermediateProofReplayer Proof replay took 23.4ns 
87651      INFO  main            d.u.i.k.p.r.p.TestFile    ... finished proof: closed. 
88015      INFO  main            d.u.i.k.p.r.p.TestFile    Now processing file /home/runner/work/key/key/key.core/../key.ui/examples/InformationFlow/LoopInvariants/loop.IFLoopExamples(loop.IFLoopExamples__insecure_twoWhile_2(int)).JML operation contract.0.key 
88015      INFO  main            d.u.i.k.p.i.AbstractProblemLoader Loading environment from /home/runner/work/key/key/key.core/../key.ui/examples/InformationFlow/LoopInvariants/loop.IFLoopExamples(loop.IFLoopExamples__insecure_twoWhile_2(int)).JML operation contract.0.key 
88015      DEBUG main            d.u.i.k.p.i.AbstractProblemLoader Environment load took 154.2ns 
88018      INFO  main            d.u.i.k.p.i.AbstractProblemLoader Creating init config 
92597      DEBUG main            d.u.i.k.p.i.AbstractProblemLoader Init config took 4.58s 
92677      INFO  main            d.u.i.k.p.i.AbstractProblemLoader Replaying proof loop.IFLoopExamples[loop.IFLoopExamples::insecure_twoWhile_2(int)].JML operation contract.0 
92682      DEBUG main            d.u.i.k.p.i.IntermediateProofReplayer Proof replay took 21.7ns 
93599      INFO  main            d.u.i.k.p.r.p.TestFile    ... finished proof: closed. 
93948      INFO  main            d.u.i.k.p.r.p.TestFile    Now processing file /home/runner/work/key/key/key.core/../key.ui/examples/InformationFlow/LoopInvariants/loop.IFLoopExamples(loop.IFLoopExamples__secure_twoWhile(int)).JML operation contract.0.key 
93950      INFO  main            d.u.i.k.p.i.AbstractProblemLoader Loading environment from /home/runner/work/key/key/key.core/../key.ui/examples/InformationFlow/LoopInvariants/loop.IFLoopExamples(loop.IFLoopExamples__secure_twoWhile(int)).JML operation contract.0.key 
93951      DEBUG main            d.u.i.k.p.i.AbstractProblemLoader Environment load took 916.1ns 
93953      INFO  main            d.u.i.k.p.i.AbstractProblemLoader Creating init config 
98591      DEBUG main            d.u.i.k.p.i.AbstractProblemLoader Init config took 4.64s 
98673      INFO  main            d.u.i.k.p.i.AbstractProblemLoader Replaying proof loop.IFLoopExamples[loop.IFLoopExamples::secure_twoWhile(int)].JML operation contract.0 
98682      DEBUG main            d.u.i.k.p.i.IntermediateProofReplayer Proof replay took 35.6ns 
99589      INFO  main            d.u.i.k.p.r.p.TestFile    ... finished proof: closed. 
99872      INFO  main            d.u.i.k.p.r.p.TestFile    Now processing file /home/runner/work/key/key/key.core/../key.ui/examples/InformationFlow/LoopInvariants/loop.IFLoopExamples(loop.IFLoopExamples__loc_secure_while(int)).JML operation contract.0.key 
99873      INFO  main            d.u.i.k.p.i.AbstractProblemLoader Loading environment from /home/runner/work/key/key/key.core/../key.ui/examples/InformationFlow/LoopInvariants/loop.IFLoopExamples(loop.IFLoopExamples__loc_secure_while(int)).JML operation contract.0.key 
99874      DEBUG main            d.u.i.k.p.i.AbstractProblemLoader Environment load took 739.1ns 
99876      INFO  main            d.u.i.k.p.i.AbstractProblemLoader Creating init config 
104381     DEBUG main            d.u.i.k.p.i.AbstractProblemLoader Init config took 4.51s 
104459     INFO  main            d.u.i.k.p.i.AbstractProblemLoader Replaying proof loop.IFLoopExamples[loop.IFLoopExamples::loc_secure_while(int)].JML operation contract.0 
104465     DEBUG main            d.u.i.k.p.i.IntermediateProofReplayer Proof replay took 29.2ns 
104970     INFO  main            d.u.i.k.p.r.p.TestFile    ... finished proof: closed. 
105288     INFO  main            d.u.i.k.p.r.p.TestFile    Now processing file /home/runner/work/key/key/key.core/../key.ui/examples/InformationFlow/LoopInvariants/loop.IFLoopExamples(loop.IFLoopExamples__secure_while(int)).JML operation contract.0.key 
105288     INFO  main            d.u.i.k.p.i.AbstractProblemLoader Loading environment from /home/runner/work/key/key/key.core/../key.ui/examples/InformationFlow/LoopInvariants/loop.IFLoopExamples(loop.IFLoopExamples__secure_while(int)).JML operation contract.0.key 
105288     DEBUG main            d.u.i.k.p.i.AbstractProblemLoader Environment load took 124.7ns 
105290     INFO  main            d.u.i.k.p.i.AbstractProblemLoader Creating init config 
109757     DEBUG main            d.u.i.k.p.i.AbstractProblemLoader Init config took 4.47s 
109829     INFO  main            d.u.i.k.p.i.AbstractProblemLoader Replaying proof loop.IFLoopExamples[loop.IFLoopExamples::secure_while(int)].JML operation contract.0 
109833     DEBUG main            d.u.i.k.p.i.IntermediateProofReplayer Proof replay took 30.1ns 
110340     INFO  main            d.u.i.k.p.r.p.TestFile    ... finished proof: closed. 
110682     INFO  main            d.u.i.k.p.r.p.TestFile    Now processing file /home/runner/work/key/key/key.core/../key.ui/examples/InformationFlow/LoopInvariants/loop.IFLoopExamples(loop.IFLoopExamples__print(int)).JML normal_behavior operation contract.0.key 
110684     INFO  main            d.u.i.k.p.i.AbstractProblemLoader Loading environment from /home/runner/work/key/key/key.core/../key.ui/examples/InformationFlow/LoopInvariants/loop.IFLoopExamples(loop.IFLoopExamples__print(int)).JML normal_behavior operation contract.0.key 
110684     DEBUG main            d.u.i.k.p.i.AbstractProblemLoader Environment load took 264.4ns 
110687     INFO  main            d.u.i.k.p.i.AbstractProblemLoader Creating init config 
115320     DEBUG main            d.u.i.k.p.i.AbstractProblemLoader Init config took 4.63s 
115393     INFO  main            d.u.i.k.p.i.AbstractProblemLoader Replaying proof loop.IFLoopExamples[loop.IFLoopExamples::print(int)].JML normal_behavior operation contract.0 
115399     DEBUG main            d.u.i.k.p.i.IntermediateProofReplayer Proof replay took 30.9ns 
115503     INFO  main            d.u.i.k.p.r.p.TestFile    ... finished proof: closed. 
115802     INFO  main            d.u.i.k.p.r.p.TestFile    Now processing file /home/runner/work/key/key/key.core/../key.ui/examples/InformationFlow/LoopInvariants/loop.IFLoopExamples(loop.IFLoopExamples__hammer(int)).JML normal_behavior operation contract.0.key 
115803     INFO  main            d.u.i.k.p.i.AbstractProblemLoader Loading environment from /home/runner/work/key/key/key.core/../key.ui/examples/InformationFlow/LoopInvariants/loop.IFLoopExamples(loop.IFLoopExamples__hammer(int)).JML normal_behavior operation contract.0.key 
115804     DEBUG main            d.u.i.k.p.i.AbstractProblemLoader Environment load took 615.1ns 
115806     INFO  main            d.u.i.k.p.i.AbstractProblemLoader Creating init config 
120334     DEBUG main            d.u.i.k.p.i.AbstractProblemLoader Init config took 4.53s 
120403     INFO  main            d.u.i.k.p.i.AbstractProblemLoader Replaying proof loop.IFLoopExamples[loop.IFLoopExamples::hammer(int)].JML normal_behavior operation contract.0 
120408     DEBUG main            d.u.i.k.p.i.IntermediateProofReplayer Proof replay took 26.9ns 
121113     INFO  main            d.u.i.k.p.r.p.TestFile    ... finished proof: closed. 
657068     INFO  Test worker     d.u.i.k.p.r.RunAllProofsTestUnit Returning from test LoopInvariants 
657070     INFO  Test worker     d.u.i.k.p.r.RunAllProofsTestUnit Running test MiniExamples 
637        INFO  Timeout watchdog d.u.i.k.p.r.p.ForkedTestFileRunner Timeout watcher launched (1000 secs.) 
670        WARN  main            d.u.i.k.s.ProofSettings   The settings in /home/runner/.key/proof-settings.props are *not* read. 
719        INFO  main            d.u.i.k.p.r.p.TestFile    Now processing file /home/runner/work/key/key/key.core/../key.ui/examples/InformationFlow/MiniExamples/mini.AliasingExamples(mini.AliasingExamples__insecure_1(mini.AliasingExamples,mini.AliasingExamples,int)).JML operation contract.0.key 
925        INFO  main            d.u.i.k.p.i.AbstractProblemLoader Loading environment from /home/runner/work/key/key/key.core/../key.ui/examples/InformationFlow/MiniExamples/mini.AliasingExamples(mini.AliasingExamples__insecure_1(mini.AliasingExamples,mini.AliasingExamples,int)).JML operation contract.0.key 
969        DEBUG main            d.u.i.k.p.i.AbstractProblemLoader Environment load took 4.35ms 
1380       INFO  main            d.u.i.k.p.i.AbstractProblemLoader Creating init config 
2972       DEBUG main            d.u.i.k.j.TypeConverter   No LDT found for Meta 
2973       DEBUG main            d.u.i.k.j.TypeConverter   No LDT found for Meta 
2979       DEBUG main            d.u.i.k.j.TypeConverter   No LDT found for Meta 
2980       DEBUG main            d.u.i.k.j.TypeConverter   No LDT found for Meta 
5245       DEBUG main            d.u.i.k.j.TypeConverter   No LDT found for JavaBigintExpression 
14874      DEBUG main            d.u.i.k.p.i.AbstractProblemLoader Init config took 13.49s 
15110      INFO  main            d.u.i.k.p.i.AbstractProblemLoader Replaying proof mini.AliasingExamples[mini.AliasingExamples::insecure_1(mini.AliasingExamples,mini.AliasingExamples,int)].JML operation contract.0 
15179      DEBUG main            d.u.i.k.p.i.IntermediateProofReplayer Proof replay took 893.8ns 
16293      INFO  main            d.u.i.k.p.r.p.TestFile    ... finished proof: closed. 
16508      INFO  main            d.u.i.k.p.r.p.TestFile    Now processing file /home/runner/work/key/key/key.core/../key.ui/examples/InformationFlow/MiniExamples/mini.AliasingExamples(mini.AliasingExamples__secure_1(mini.AliasingExamples,mini.AliasingExamples,int)).JML operation contract.0.key 
16510      INFO  main            d.u.i.k.p.i.AbstractProblemLoader Loading environment from /home/runner/work/key/key/key.core/../key.ui/examples/InformationFlow/MiniExamples/mini.AliasingExamples(mini.AliasingExamples__secure_1(mini.AliasingExamples,mini.AliasingExamples,int)).JML operation contract.0.key 
16511      DEBUG main            d.u.i.k.p.i.AbstractProblemLoader Environment load took 823.3ns 
16520      INFO  main            d.u.i.k.p.i.AbstractProblemLoader Creating init config 
21576      DEBUG main            d.u.i.k.p.i.AbstractProblemLoader Init config took 5.06s 
21707      INFO  main            d.u.i.k.p.i.AbstractProblemLoader Replaying proof mini.AliasingExamples[mini.AliasingExamples::secure_1(mini.AliasingExamples,mini.AliasingExamples,int)].JML operation contract.0 
21717      DEBUG main            d.u.i.k.p.i.IntermediateProofReplayer Proof replay took 27.4ns 
22123      INFO  main            d.u.i.k.p.r.p.TestFile    ... finished proof: closed. 
22338      INFO  main            d.u.i.k.p.r.p.TestFile    Now processing file /home/runner/work/key/key/key.core/../key.ui/examples/InformationFlow/MiniExamples/mini.MiniExamplesLecture(mini.MiniExamplesLecture__m_6()).JML normal_behavior operation contract.0.key 
22338      INFO  main            d.u.i.k.p.i.AbstractProblemLoader Loading environment from /home/runner/work/key/key/key.core/../key.ui/examples/InformationFlow/MiniExamples/mini.MiniExamplesLecture(mini.MiniExamplesLecture__m_6()).JML normal_behavior operation contract.0.key 
22338      DEBUG main            d.u.i.k.p.i.AbstractProblemLoader Environment load took 203.6ns 
22341      INFO  main            d.u.i.k.p.i.AbstractProblemLoader Creating init config 
27212      DEBUG main            d.u.i.k.p.i.AbstractProblemLoader Init config took 4.87s 
27354      INFO  main            d.u.i.k.p.i.AbstractProblemLoader Replaying proof mini.MiniExamplesLecture[mini.MiniExamplesLecture::m_6()].JML normal_behavior operation contract.0 
27364      DEBUG main            d.u.i.k.p.i.IntermediateProofReplayer Proof replay took 23.4ns 
27470      INFO  main            d.u.i.k.p.r.p.TestFile    ... finished proof: closed. 
27688      INFO  main            d.u.i.k.p.r.p.TestFile    Now processing file /home/runner/work/key/key/key.core/../key.ui/examples/InformationFlow/MiniExamples/mini.MiniExamplesLecture(mini.MiniExamplesLecture__m_5()).JML normal_behavior operation contract.0.key 
27688      INFO  main            d.u.i.k.p.i.AbstractProblemLoader Loading environment from /home/runner/work/key/key/key.core/../key.ui/examples/InformationFlow/MiniExamples/mini.MiniExamplesLecture(mini.MiniExamplesLecture__m_5()).JML normal_behavior operation contract.0.key 
27689      DEBUG main            d.u.i.k.p.i.AbstractProblemLoader Environment load took 154.9ns 
27691      INFO  main            d.u.i.k.p.i.AbstractProblemLoader Creating init config 
32303      DEBUG main            d.u.i.k.p.i.AbstractProblemLoader Init config took 4.61s 
32415      INFO  main            d.u.i.k.p.i.AbstractProblemLoader Replaying proof mini.MiniExamplesLecture[mini.MiniExamplesLecture::m_5()].JML normal_behavior operation contract.0 
32422      DEBUG main            d.u.i.k.p.i.IntermediateProofReplayer Proof replay took 74.8ns 
32728      INFO  main            d.u.i.k.p.r.p.TestFile    ... finished proof: closed. 
32985      INFO  main            d.u.i.k.p.r.p.TestFile    Now processing file /home/runner/work/key/key/key.core/../key.ui/examples/InformationFlow/MiniExamples/mini.MiniExamplesLecture(mini.MiniExamplesLecture__m_4()).JML normal_behavior operation contract.0.key 
32986      INFO  main            d.u.i.k.p.i.AbstractProblemLoader Loading environment from /home/runner/work/key/key/key.core/../key.ui/examples/InformationFlow/MiniExamples/mini.MiniExamplesLecture(mini.MiniExamplesLecture__m_4()).JML normal_behavior operation contract.0.key 
32987      DEBUG main            d.u.i.k.p.i.AbstractProblemLoader Environment load took 923.6ns 
32990      INFO  main            d.u.i.k.p.i.AbstractProblemLoader Creating init config 
37430      DEBUG main            d.u.i.k.p.i.AbstractProblemLoader Init config took 4.44s 
37530      INFO  main            d.u.i.k.p.i.AbstractProblemLoader Replaying proof mini.MiniExamplesLecture[mini.MiniExamplesLecture::m_4()].JML normal_behavior operation contract.0 
37537      DEBUG main            d.u.i.k.p.i.IntermediateProofReplayer Proof replay took 35.2ns 
37745      INFO  main            d.u.i.k.p.r.p.TestFile    ... finished proof: closed. 
37994      INFO  main            d.u.i.k.p.r.p.TestFile    Now processing file /home/runner/work/key/key/key.core/../key.ui/examples/InformationFlow/MiniExamples/mini.MiniExamplesLecture(mini.MiniExamplesLecture__m_3()).JML normal_behavior operation contract.0.key 
37995      INFO  main            d.u.i.k.p.i.AbstractProblemLoader Loading environment from /home/runner/work/key/key/key.core/../key.ui/examples/InformationFlow/MiniExamples/mini.MiniExamplesLecture(mini.MiniExamplesLecture__m_3()).JML normal_behavior operation contract.0.key 
37995      DEBUG main            d.u.i.k.p.i.AbstractProblemLoader Environment load took 136.4ns 
37998      INFO  main            d.u.i.k.p.i.AbstractProblemLoader Creating init config 
42424      DEBUG main            d.u.i.k.p.i.AbstractProblemLoader Init config took 4.43s 
42515      INFO  main            d.u.i.k.p.i.AbstractProblemLoader Replaying proof mini.MiniExamplesLecture[mini.MiniExamplesLecture::m_3()].JML normal_behavior operation contract.0 
42521      DEBUG main            d.u.i.k.p.i.IntermediateProofReplayer Proof replay took 23.8ns 
42826      INFO  main            d.u.i.k.p.r.p.TestFile    ... finished proof: closed. 
43182      INFO  main            d.u.i.k.p.r.p.TestFile    Now processing file /home/runner/work/key/key/key.core/../key.ui/examples/InformationFlow/MiniExamples/mini.MiniExamplesLecture(mini.MiniExamplesLecture__m_2()).JML normal_behavior operation contract.0.key 
43186      INFO  main            d.u.i.k.p.i.AbstractProblemLoader Loading environment from /home/runner/work/key/key/key.core/../key.ui/examples/InformationFlow/MiniExamples/mini.MiniExamplesLecture(mini.MiniExamplesLecture__m_2()).JML normal_behavior operation contract.0.key 
43188      DEBUG main            d.u.i.k.p.i.AbstractProblemLoader Environment load took 1.17ms 
43190      INFO  main            d.u.i.k.p.i.AbstractProblemLoader Creating init config 
47515      DEBUG main            d.u.i.k.p.i.AbstractProblemLoader Init config took 4.32s 
47652      INFO  main            d.u.i.k.p.i.AbstractProblemLoader Replaying proof mini.MiniExamplesLecture[mini.MiniExamplesLecture::m_2()].JML normal_behavior operation contract.0 
47664      DEBUG main            d.u.i.k.p.i.IntermediateProofReplayer Proof replay took 149.3ns 
47973      INFO  main            d.u.i.k.p.r.p.TestFile    ... finished proof: closed. 
48206      INFO  main            d.u.i.k.p.r.p.TestFile    Now processing file /home/runner/work/key/key/key.core/../key.ui/examples/InformationFlow/MiniExamples/mini.MiniExamplesLecture(mini.MiniExamplesLecture__m_1()).JML normal_behavior operation contract.0.key 
48216      INFO  main            d.u.i.k.p.i.AbstractProblemLoader Loading environment from /home/runner/work/key/key/key.core/../key.ui/examples/InformationFlow/MiniExamples/mini.MiniExamplesLecture(mini.MiniExamplesLecture__m_1()).JML normal_behavior operation contract.0.key 
48217      DEBUG main            d.u.i.k.p.i.AbstractProblemLoader Environment load took 1.22ms 
48220      INFO  main            d.u.i.k.p.i.AbstractProblemLoader Creating init config 
52514      DEBUG main            d.u.i.k.p.i.AbstractProblemLoader Init config took 4.29s 
52600      INFO  main            d.u.i.k.p.i.AbstractProblemLoader Replaying proof mini.MiniExamplesLecture[mini.MiniExamplesLecture::m_1()].JML normal_behavior operation contract.0 
52606      DEBUG main            d.u.i.k.p.i.IntermediateProofReplayer Proof replay took 28.2ns 
52711      INFO  main            d.u.i.k.p.r.p.TestFile    ... finished proof: closed. 
52965      INFO  main            d.u.i.k.p.r.p.TestFile    Now processing file /home/runner/work/key/key/key.core/../key.ui/examples/InformationFlow/MiniExamples/mini.DifferenceSeqLocset(mini.DifferenceSeqLocset__m()).JML normal_behavior operation contract.1.key 
52967      INFO  main            d.u.i.k.p.i.AbstractProblemLoader Loading environment from /home/runner/work/key/key/key.core/../key.ui/examples/InformationFlow/MiniExamples/mini.DifferenceSeqLocset(mini.DifferenceSeqLocset__m()).JML normal_behavior operation contract.1.key 
52968      DEBUG main            d.u.i.k.p.i.AbstractProblemLoader Environment load took 863.9ns 
52972      INFO  main            d.u.i.k.p.i.AbstractProblemLoader Creating init config 
57253      DEBUG main            d.u.i.k.p.i.AbstractProblemLoader Init config took 4.28s 
57342      INFO  main            d.u.i.k.p.i.AbstractProblemLoader Replaying proof mini.DifferenceSeqLocset[mini.DifferenceSeqLocset::m()].JML normal_behavior operation contract.1 
57348      DEBUG main            d.u.i.k.p.i.IntermediateProofReplayer Proof replay took 28.7ns 
57654      INFO  main            d.u.i.k.p.r.p.TestFile    ... finished proof: closed. 
57959      INFO  main            d.u.i.k.p.r.p.TestFile    Now processing file /home/runner/work/key/key/key.core/../key.ui/examples/InformationFlow/MiniExamples/mini.DifferenceSeqLocset(mini.DifferenceSeqLocset__m()).JML normal_behavior operation contract.0.key 
57960      INFO  main            d.u.i.k.p.i.AbstractProblemLoader Loading environment from /home/runner/work/key/key/key.core/../key.ui/examples/InformationFlow/MiniExamples/mini.DifferenceSeqLocset(mini.DifferenceSeqLocset__m()).JML normal_behavior operation contract.0.key 
57961      DEBUG main            d.u.i.k.p.i.AbstractProblemLoader Environment load took 929.7ns 
57964      INFO  main            d.u.i.k.p.i.AbstractProblemLoader Creating init config 
62184      DEBUG main            d.u.i.k.p.i.AbstractProblemLoader Init config took 4.22s 
62275      INFO  main            d.u.i.k.p.i.AbstractProblemLoader Replaying proof mini.DifferenceSeqLocset[mini.DifferenceSeqLocset::m()].JML normal_behavior operation contract.0 
62280      DEBUG main            d.u.i.k.p.i.IntermediateProofReplayer Proof replay took 36.1ns 
62585      INFO  main            d.u.i.k.p.r.p.TestFile    ... finished proof: closed. 
62952      INFO  main            d.u.i.k.p.r.p.TestFile    Now processing file /home/runner/work/key/key/key.core/../key.ui/examples/InformationFlow/MiniExamples/mini.MiniExamples(mini.MiniExamples__secure_p2_8()).JML normal_behavior operation contract.0.key 
62953      INFO  main            d.u.i.k.p.i.AbstractProblemLoader Loading environment from /home/runner/work/key/key/key.core/../key.ui/examples/InformationFlow/MiniExamples/mini.MiniExamples(mini.MiniExamples__secure_p2_8()).JML normal_behavior operation contract.0.key 
62954      DEBUG main            d.u.i.k.p.i.AbstractProblemLoader Environment load took 707.6ns 
62961      INFO  main            d.u.i.k.p.i.AbstractProblemLoader Creating init config 
67188      DEBUG main            d.u.i.k.p.i.AbstractProblemLoader Init config took 4.23s 
67286      INFO  main            d.u.i.k.p.i.AbstractProblemLoader Replaying proof mini.MiniExamples[mini.MiniExamples::secure_p2_8()].JML normal_behavior operation contract.0 
67291      DEBUG main            d.u.i.k.p.i.IntermediateProofReplayer Proof replay took 34.4ns 
67495      INFO  main            d.u.i.k.p.r.p.TestFile    ... finished proof: closed. 
67804      INFO  main            d.u.i.k.p.r.p.TestFile    Now processing file /home/runner/work/key/key/key.core/../key.ui/examples/InformationFlow/MiniExamples/mini.MiniExamples(mini.MiniExamples__secure_parameter(int)).JML operation contract.0.key 
67806      INFO  main            d.u.i.k.p.i.AbstractProblemLoader Loading environment from /home/runner/work/key/key/key.core/../key.ui/examples/InformationFlow/MiniExamples/mini.MiniExamples(mini.MiniExamples__secure_parameter(int)).JML operation contract.0.key 
67811      DEBUG main            d.u.i.k.p.i.AbstractProblemLoader Environment load took 5.03ms 
67813      INFO  main            d.u.i.k.p.i.AbstractProblemLoader Creating init config 
72104      DEBUG main            d.u.i.k.p.i.AbstractProblemLoader Init config took 4.29s 
72199      INFO  main            d.u.i.k.p.i.AbstractProblemLoader Replaying proof mini.MiniExamples[mini.MiniExamples::secure_parameter(int)].JML operation contract.0 
72211      DEBUG main            d.u.i.k.p.i.IntermediateProofReplayer Proof replay took 27.4ns 
72416      INFO  main            d.u.i.k.p.r.p.TestFile    ... finished proof: closed. 
72813      INFO  main            d.u.i.k.p.r.p.TestFile    Now processing file /home/runner/work/key/key/key.core/../key.ui/examples/InformationFlow/MiniExamples/mini.MiniExamples(mini.MiniExamples__secure_p2_7()).JML normal_behavior operation contract.0.key 
72815      INFO  main            d.u.i.k.p.i.AbstractProblemLoader Loading environment from /home/runner/work/key/key/key.core/../key.ui/examples/InformationFlow/MiniExamples/mini.MiniExamples(mini.MiniExamples__secure_p2_7()).JML normal_behavior operation contract.0.key 
72815      DEBUG main            d.u.i.k.p.i.AbstractProblemLoader Environment load took 209ns 
72818      INFO  main            d.u.i.k.p.i.AbstractProblemLoader Creating init config 
76916      DEBUG main            d.u.i.k.p.i.AbstractProblemLoader Init config took 4.1s 
76998      INFO  main            d.u.i.k.p.i.AbstractProblemLoader Replaying proof mini.MiniExamples[mini.MiniExamples::secure_p2_7()].JML normal_behavior operation contract.0 
77002      DEBUG main            d.u.i.k.p.i.IntermediateProofReplayer Proof replay took 22.1ns 
77207      INFO  main            d.u.i.k.p.r.p.TestFile    ... finished proof: closed. 
77490      INFO  main            d.u.i.k.p.r.p.TestFile    Now processing file /home/runner/work/key/key/key.core/../key.ui/examples/InformationFlow/MiniExamples/mini.MiniExamples(mini.MiniExamples__insecure_p2_2()).JML normal_behavior operation contract.0.key 
77492      INFO  main            d.u.i.k.p.i.AbstractProblemLoader Loading environment from /home/runner/work/key/key/key.core/../key.ui/examples/InformationFlow/MiniExamples/mini.MiniExamples(mini.MiniExamples__insecure_p2_2()).JML normal_behavior operation contract.0.key 
77493      DEBUG main            d.u.i.k.p.i.AbstractProblemLoader Environment load took 741.7ns 
77495      INFO  main            d.u.i.k.p.i.AbstractProblemLoader Creating init config 
81639      DEBUG main            d.u.i.k.p.i.AbstractProblemLoader Init config took 4.14s 
81724      INFO  main            d.u.i.k.p.i.AbstractProblemLoader Replaying proof mini.MiniExamples[mini.MiniExamples::insecure_p2_2()].JML normal_behavior operation contract.0 
81729      DEBUG main            d.u.i.k.p.i.IntermediateProofReplayer Proof replay took 39.9ns 
81932      INFO  main            d.u.i.k.p.r.p.TestFile    ... finished proof: closed. 
82246      INFO  main            d.u.i.k.p.r.p.TestFile    Now processing file /home/runner/work/key/key/key.core/../key.ui/examples/InformationFlow/MiniExamples/mini.MiniExamples(mini.MiniExamples__secure_p2_6()).JML normal_behavior operation contract.0.key 
82248      INFO  main            d.u.i.k.p.i.AbstractProblemLoader Loading environment from /home/runner/work/key/key/key.core/../key.ui/examples/InformationFlow/MiniExamples/mini.MiniExamples(mini.MiniExamples__secure_p2_6()).JML normal_behavior operation contract.0.key 
82249      DEBUG main            d.u.i.k.p.i.AbstractProblemLoader Environment load took 894.6ns 
82251      INFO  main            d.u.i.k.p.i.AbstractProblemLoader Creating init config 
86505      DEBUG main            d.u.i.k.p.i.AbstractProblemLoader Init config took 4.25s 
86599      INFO  main            d.u.i.k.p.i.AbstractProblemLoader Replaying proof mini.MiniExamples[mini.MiniExamples::secure_p2_6()].JML normal_behavior operation contract.0 
86608      DEBUG main            d.u.i.k.p.i.IntermediateProofReplayer Proof replay took 30.1ns 
86713      INFO  main            d.u.i.k.p.r.p.TestFile    ... finished proof: closed. 
86996      INFO  main            d.u.i.k.p.r.p.TestFile    Now processing file /home/runner/work/key/key/key.core/../key.ui/examples/InformationFlow/MiniExamples/mini.MiniExamples(mini.MiniExamples__secure_p2_5()).JML normal_behavior operation contract.0.key 
86999      INFO  main            d.u.i.k.p.i.AbstractProblemLoader Loading environment from /home/runner/work/key/key/key.core/../key.ui/examples/InformationFlow/MiniExamples/mini.MiniExamples(mini.MiniExamples__secure_p2_5()).JML normal_behavior operation contract.0.key 
87000      DEBUG main            d.u.i.k.p.i.AbstractProblemLoader Environment load took 1.7ms 
87003      INFO  main            d.u.i.k.p.i.AbstractProblemLoader Creating init config 
91270      DEBUG main            d.u.i.k.p.i.AbstractProblemLoader Init config took 4.27s 
91383      INFO  main            d.u.i.k.p.i.AbstractProblemLoader Replaying proof mini.MiniExamples[mini.MiniExamples::secure_p2_5()].JML normal_behavior operation contract.0 
91390      DEBUG main            d.u.i.k.p.i.IntermediateProofReplayer Proof replay took 31.7ns 
91594      INFO  main            d.u.i.k.p.r.p.TestFile    ... finished proof: closed. 
91901      INFO  main            d.u.i.k.p.r.p.TestFile    Now processing file /home/runner/work/key/key/key.core/../key.ui/examples/InformationFlow/MiniExamples/mini.MiniExamples(mini.MiniExamples__secure_p2_4()).JML normal_behavior operation contract.0.key 
91902      INFO  main            d.u.i.k.p.i.AbstractProblemLoader Loading environment from /home/runner/work/key/key/key.core/../key.ui/examples/InformationFlow/MiniExamples/mini.MiniExamples(mini.MiniExamples__secure_p2_4()).JML normal_behavior operation contract.0.key 
91902      DEBUG main            d.u.i.k.p.i.AbstractProblemLoader Environment load took 211.8ns 
91905      INFO  main            d.u.i.k.p.i.AbstractProblemLoader Creating init config 
96003      DEBUG main            d.u.i.k.p.i.AbstractProblemLoader Init config took 4.1s 
96083      INFO  main            d.u.i.k.p.i.AbstractProblemLoader Replaying proof mini.MiniExamples[mini.MiniExamples::secure_p2_4()].JML normal_behavior operation contract.0 
96088      DEBUG main            d.u.i.k.p.i.IntermediateProofReplayer Proof replay took 36.6ns 
96293      INFO  main            d.u.i.k.p.r.p.TestFile    ... finished proof: closed. 
96689      INFO  main            d.u.i.k.p.r.p.TestFile    Now processing file /home/runner/work/key/key/key.core/../key.ui/examples/InformationFlow/MiniExamples/mini.MiniExamples(mini.MiniExamples__secure_p2_3()).JML normal_behavior operation contract.0.key 
96691      INFO  main            d.u.i.k.p.i.AbstractProblemLoader Loading environment from /home/runner/work/key/key/key.core/../key.ui/examples/InformationFlow/MiniExamples/mini.MiniExamples(mini.MiniExamples__secure_p2_3()).JML normal_behavior operation contract.0.key 
96692      DEBUG main            d.u.i.k.p.i.AbstractProblemLoader Environment load took 853.3ns 
96695      INFO  main            d.u.i.k.p.i.AbstractProblemLoader Creating init config 
100813     DEBUG main            d.u.i.k.p.i.AbstractProblemLoader Init config took 4.12s 
100894     INFO  main            d.u.i.k.p.i.AbstractProblemLoader Replaying proof mini.MiniExamples[mini.MiniExamples::secure_p2_3()].JML normal_behavior operation contract.0 
100900     DEBUG main            d.u.i.k.p.i.IntermediateProofReplayer Proof replay took 29.6ns 
101003     INFO  main            d.u.i.k.p.r.p.TestFile    ... finished proof: closed. 
101324     INFO  main            d.u.i.k.p.r.p.TestFile    Now processing file /home/runner/work/key/key/key.core/../key.ui/examples/InformationFlow/MiniExamples/mini.MiniExamples(mini.MiniExamples__secure_p2_2()).JML normal_behavior operation contract.0.key 
101325     INFO  main            d.u.i.k.p.i.AbstractProblemLoader Loading environment from /home/runner/work/key/key/key.core/../key.ui/examples/InformationFlow/MiniExamples/mini.MiniExamples(mini.MiniExamples__secure_p2_2()).JML normal_behavior operation contract.0.key 
101325     DEBUG main            d.u.i.k.p.i.AbstractProblemLoader Environment load took 117.9ns 
101326     INFO  main            d.u.i.k.p.i.AbstractProblemLoader Creating init config 
105395     DEBUG main            d.u.i.k.p.i.AbstractProblemLoader Init config took 4.07s 
105466     INFO  main            d.u.i.k.p.i.AbstractProblemLoader Replaying proof mini.MiniExamples[mini.MiniExamples::secure_p2_2()].JML normal_behavior operation contract.0 
105470     DEBUG main            d.u.i.k.p.i.IntermediateProofReplayer Proof replay took 24.6ns 
105573     INFO  main            d.u.i.k.p.r.p.TestFile    ... finished proof: closed. 
105889     INFO  main            d.u.i.k.p.r.p.TestFile    Now processing file /home/runner/work/key/key/key.core/../key.ui/examples/InformationFlow/MiniExamples/mini.MiniExamples(mini.MiniExamples__secure_p2_1()).JML normal_behavior operation contract.0.key 
105891     INFO  main            d.u.i.k.p.i.AbstractProblemLoader Loading environment from /home/runner/work/key/key/key.core/../key.ui/examples/InformationFlow/MiniExamples/mini.MiniExamples(mini.MiniExamples__secure_p2_1()).JML normal_behavior operation contract.0.key 
105891     DEBUG main            d.u.i.k.p.i.AbstractProblemLoader Environment load took 672.5ns 
105894     INFO  main            d.u.i.k.p.i.AbstractProblemLoader Creating init config 
109963     DEBUG main            d.u.i.k.p.i.AbstractProblemLoader Init config took 4.07s 
110039     INFO  main            d.u.i.k.p.i.AbstractProblemLoader Replaying proof mini.MiniExamples[mini.MiniExamples::secure_p2_1()].JML normal_behavior operation contract.0 
110045     DEBUG main            d.u.i.k.p.i.IntermediateProofReplayer Proof replay took 29ns 
110156     INFO  main            d.u.i.k.p.r.p.TestFile    ... finished proof: closed. 
110469     INFO  main            d.u.i.k.p.r.p.TestFile    Now processing file /home/runner/work/key/key/key.core/../key.ui/examples/InformationFlow/MiniExamples/mini.MiniExamples(mini.MiniExamples__insecure_p2_1()).JML normal_behavior operation contract.0.key 
110471     INFO  main            d.u.i.k.p.i.AbstractProblemLoader Loading environment from /home/runner/work/key/key/key.core/../key.ui/examples/InformationFlow/MiniExamples/mini.MiniExamples(mini.MiniExamples__insecure_p2_1()).JML normal_behavior operation contract.0.key 
110472     DEBUG main            d.u.i.k.p.i.AbstractProblemLoader Environment load took 773.8ns 
110474     INFO  main            d.u.i.k.p.i.AbstractProblemLoader Creating init config 
114565     DEBUG main            d.u.i.k.p.i.AbstractProblemLoader Init config took 4.09s 
114640     INFO  main            d.u.i.k.p.i.AbstractProblemLoader Replaying proof mini.MiniExamples[mini.MiniExamples::insecure_p2_1()].JML normal_behavior operation contract.0 
114646     DEBUG main            d.u.i.k.p.i.IntermediateProofReplayer Proof replay took 60ns 
114750     INFO  main            d.u.i.k.p.r.p.TestFile    ... finished proof: closed. 
115079     INFO  main            d.u.i.k.p.r.p.TestFile    Now processing file /home/runner/work/key/key/key.core/../key.ui/examples/InformationFlow/MiniExamples/mini.MiniExamples(mini.MiniExamples__secure_p1_6()).JML normal_behavior operation contract.0.key 
115082     INFO  main            d.u.i.k.p.i.AbstractProblemLoader Loading environment from /home/runner/work/key/key/key.core/../key.ui/examples/InformationFlow/MiniExamples/mini.MiniExamples(mini.MiniExamples__secure_p1_6()).JML normal_behavior operation contract.0.key 
115083     DEBUG main            d.u.i.k.p.i.AbstractProblemLoader Environment load took 1.31ms 
115086     INFO  main            d.u.i.k.p.i.AbstractProblemLoader Creating init config 
119128     DEBUG main            d.u.i.k.p.i.AbstractProblemLoader Init config took 4.04s 
119211     INFO  main            d.u.i.k.p.i.AbstractProblemLoader Replaying proof mini.MiniExamples[mini.MiniExamples::secure_p1_6()].JML normal_behavior operation contract.0 
119215     DEBUG main            d.u.i.k.p.i.IntermediateProofReplayer Proof replay took 34.5ns 
119320     INFO  main            d.u.i.k.p.r.p.TestFile    ... finished proof: closed. 
119670     INFO  main            d.u.i.k.p.r.p.TestFile    Now processing file /home/runner/work/key/key/key.core/../key.ui/examples/InformationFlow/MiniExamples/mini.MiniExamples(mini.MiniExamples__secure_p1_5()).JML normal_behavior operation contract.0.key 
119671     INFO  main            d.u.i.k.p.i.AbstractProblemLoader Loading environment from /home/runner/work/key/key/key.core/../key.ui/examples/InformationFlow/MiniExamples/mini.MiniExamples(mini.MiniExamples__secure_p1_5()).JML normal_behavior operation contract.0.key 
119672     DEBUG main            d.u.i.k.p.i.AbstractProblemLoader Environment load took 762.6ns 
119675     INFO  main            d.u.i.k.p.i.AbstractProblemLoader Creating init config 
123737     DEBUG main            d.u.i.k.p.i.AbstractProblemLoader Init config took 4.06s 
123808     INFO  main            d.u.i.k.p.i.AbstractProblemLoader Replaying proof mini.MiniExamples[mini.MiniExamples::secure_p1_5()].JML normal_behavior operation contract.0 
123813     DEBUG main            d.u.i.k.p.i.IntermediateProofReplayer Proof replay took 36.6ns 
124118     INFO  main            d.u.i.k.p.r.p.TestFile    ... finished proof: closed. 
124481     INFO  main            d.u.i.k.p.r.p.TestFile    Now processing file /home/runner/work/key/key/key.core/../key.ui/examples/InformationFlow/MiniExamples/mini.MiniExamples(mini.MiniExamples__secure_p1_4()).JML normal_behavior operation contract.0.key 
124483     INFO  main            d.u.i.k.p.i.AbstractProblemLoader Loading environment from /home/runner/work/key/key/key.core/../key.ui/examples/InformationFlow/MiniExamples/mini.MiniExamples(mini.MiniExamples__secure_p1_4()).JML normal_behavior operation contract.0.key 
124484     DEBUG main            d.u.i.k.p.i.AbstractProblemLoader Environment load took 617.3ns 
124486     INFO  main            d.u.i.k.p.i.AbstractProblemLoader Creating init config 
128524     DEBUG main            d.u.i.k.p.i.AbstractProblemLoader Init config took 4.04s 
128608     INFO  main            d.u.i.k.p.i.AbstractProblemLoader Replaying proof mini.MiniExamples[mini.MiniExamples::secure_p1_4()].JML normal_behavior operation contract.0 
128613     DEBUG main            d.u.i.k.p.i.IntermediateProofReplayer Proof replay took 27.8ns 
128816     INFO  main            d.u.i.k.p.r.p.TestFile    ... finished proof: closed. 
129169     INFO  main            d.u.i.k.p.r.p.TestFile    Now processing file /home/runner/work/key/key/key.core/../key.ui/examples/InformationFlow/MiniExamples/mini.MiniExamples(mini.MiniExamples__secure_p1_3()).JML normal_behavior operation contract.0.key 
129170     INFO  main            d.u.i.k.p.i.AbstractProblemLoader Loading environment from /home/runner/work/key/key/key.core/../key.ui/examples/InformationFlow/MiniExamples/mini.MiniExamples(mini.MiniExamples__secure_p1_3()).JML normal_behavior operation contract.0.key 
129170     DEBUG main            d.u.i.k.p.i.AbstractProblemLoader Environment load took 245.9ns 
129172     INFO  main            d.u.i.k.p.i.AbstractProblemLoader Creating init config 
133258     DEBUG main            d.u.i.k.p.i.AbstractProblemLoader Init config took 4.09s 
133328     INFO  main            d.u.i.k.p.i.AbstractProblemLoader Replaying proof mini.MiniExamples[mini.MiniExamples::secure_p1_3()].JML normal_behavior operation contract.0 
133334     DEBUG main            d.u.i.k.p.i.IntermediateProofReplayer Proof replay took 39.6ns 
133540     INFO  main            d.u.i.k.p.r.p.TestFile    ... finished proof: closed. 
133882     INFO  main            d.u.i.k.p.r.p.TestFile    Now processing file /home/runner/work/key/key/key.core/../key.ui/examples/InformationFlow/MiniExamples/mini.MiniExamples(mini.MiniExamples__secure_p1_2()).JML normal_behavior operation contract.0.key 
133885     INFO  main            d.u.i.k.p.i.AbstractProblemLoader Loading environment from /home/runner/work/key/key/key.core/../key.ui/examples/InformationFlow/MiniExamples/mini.MiniExamples(mini.MiniExamples__secure_p1_2()).JML normal_behavior operation contract.0.key 
133887     DEBUG main            d.u.i.k.p.i.AbstractProblemLoader Environment load took 1.85ms 
133890     INFO  main            d.u.i.k.p.i.AbstractProblemLoader Creating init config 
138010     DEBUG main            d.u.i.k.p.i.AbstractProblemLoader Init config took 4.12s 
138084     INFO  main            d.u.i.k.p.i.AbstractProblemLoader Replaying proof mini.MiniExamples[mini.MiniExamples::secure_p1_2()].JML normal_behavior operation contract.0 
138088     DEBUG main            d.u.i.k.p.i.IntermediateProofReplayer Proof replay took 20.5ns 
138293     INFO  main            d.u.i.k.p.r.p.TestFile    ... finished proof: closed. 
138641     INFO  main            d.u.i.k.p.r.p.TestFile    Now processing file /home/runner/work/key/key/key.core/../key.ui/examples/InformationFlow/MiniExamples/mini.MiniExamples(mini.MiniExamples__secure_p1_1()).JML normal_behavior operation contract.1.key 
138642     INFO  main            d.u.i.k.p.i.AbstractProblemLoader Loading environment from /home/runner/work/key/key/key.core/../key.ui/examples/InformationFlow/MiniExamples/mini.MiniExamples(mini.MiniExamples__secure_p1_1()).JML normal_behavior operation contract.1.key 
138642     DEBUG main            d.u.i.k.p.i.AbstractProblemLoader Environment load took 703.6ns 
138644     INFO  main            d.u.i.k.p.i.AbstractProblemLoader Creating init config 
142695     DEBUG main            d.u.i.k.p.i.AbstractProblemLoader Init config took 4.05s 
142773     INFO  main            d.u.i.k.p.i.AbstractProblemLoader Replaying proof mini.MiniExamples[mini.MiniExamples::secure_p1_1()].JML normal_behavior operation contract.1 
142778     DEBUG main            d.u.i.k.p.i.IntermediateProofReplayer Proof replay took 28.2ns 
142983     INFO  main            d.u.i.k.p.r.p.TestFile    ... finished proof: closed. 
143395     INFO  main            d.u.i.k.p.r.p.TestFile    Now processing file /home/runner/work/key/key/key.core/../key.ui/examples/InformationFlow/MiniExamples/mini.MiniExamples(mini.MiniExamples__secure_p1_1()).JML normal_behavior operation contract.0.key 
143397     INFO  main            d.u.i.k.p.i.AbstractProblemLoader Loading environment from /home/runner/work/key/key/key.core/../key.ui/examples/InformationFlow/MiniExamples/mini.MiniExamples(mini.MiniExamples__secure_p1_1()).JML normal_behavior operation contract.0.key 
143397     DEBUG main            d.u.i.k.p.i.AbstractProblemLoader Environment load took 353.7ns 
143399     INFO  main            d.u.i.k.p.i.AbstractProblemLoader Creating init config 
147388     DEBUG main            d.u.i.k.p.i.AbstractProblemLoader Init config took 3.99s 
147458     INFO  main            d.u.i.k.p.i.AbstractProblemLoader Replaying proof mini.MiniExamples[mini.MiniExamples::secure_p1_1()].JML normal_behavior operation contract.0 
147464     DEBUG main            d.u.i.k.p.i.IntermediateProofReplayer Proof replay took 37.1ns 
147668     INFO  main            d.u.i.k.p.r.p.TestFile    ... finished proof: closed. 
148046     INFO  main            d.u.i.k.p.r.p.TestFile    Now processing file /home/runner/work/key/key/key.core/../key.ui/examples/InformationFlow/MiniExamples/mini.MiniExamples(mini.MiniExamples__insecure_p1_2()).JML normal_behavior operation contract.0.key 
148046     INFO  main            d.u.i.k.p.i.AbstractProblemLoader Loading environment from /home/runner/work/key/key/key.core/../key.ui/examples/InformationFlow/MiniExamples/mini.MiniExamples(mini.MiniExamples__insecure_p1_2()).JML normal_behavior operation contract.0.key 
148047     DEBUG main            d.u.i.k.p.i.AbstractProblemLoader Environment load took 132.5ns 
148049     INFO  main            d.u.i.k.p.i.AbstractProblemLoader Creating init config 
152160     DEBUG main            d.u.i.k.p.i.AbstractProblemLoader Init config took 4.11s 
152224     INFO  main            d.u.i.k.p.i.AbstractProblemLoader Replaying proof mini.MiniExamples[mini.MiniExamples::insecure_p1_2()].JML normal_behavior operation contract.0 
152229     DEBUG main            d.u.i.k.p.i.IntermediateProofReplayer Proof replay took 22.1ns 
152433     INFO  main            d.u.i.k.p.r.p.TestFile    ... finished proof: closed. 
152838     INFO  main            d.u.i.k.p.r.p.TestFile    Now processing file /home/runner/work/key/key/key.core/../key.ui/examples/InformationFlow/MiniExamples/mini.MiniExamples(mini.MiniExamples__insecure_p1_1()).JML normal_behavior operation contract.0.key 
152839     INFO  main            d.u.i.k.p.i.AbstractProblemLoader Loading environment from /home/runner/work/key/key/key.core/../key.ui/examples/InformationFlow/MiniExamples/mini.MiniExamples(mini.MiniExamples__insecure_p1_1()).JML normal_behavior operation contract.0.key 
152839     DEBUG main            d.u.i.k.p.i.AbstractProblemLoader Environment load took 281.7ns 
152841     INFO  main            d.u.i.k.p.i.AbstractProblemLoader Creating init config 
156986     DEBUG main            d.u.i.k.p.i.AbstractProblemLoader Init config took 4.15s 
157071     INFO  main            d.u.i.k.p.i.AbstractProblemLoader Replaying proof mini.MiniExamples[mini.MiniExamples::insecure_p1_1()].JML normal_behavior operation contract.0 
157078     DEBUG main            d.u.i.k.p.i.IntermediateProofReplayer Proof replay took 40ns 
157181     INFO  main            d.u.i.k.p.r.p.TestFile    ... finished proof: closed. 
814942     INFO  Test worker     d.u.i.k.p.r.RunAllProofsTestUnit Returning from test MiniExamples 
814945     INFO  Test worker     d.u.i.k.p.r.RunAllProofsTestUnit Running test NewObjects 
772        INFO  Timeout watchdog d.u.i.k.p.r.p.ForkedTestFileRunner Timeout watcher launched (1000 secs.) 
828        WARN  main            d.u.i.k.s.ProofSettings   The settings in /home/runner/.key/proof-settings.props are *not* read. 
916        INFO  main            d.u.i.k.p.r.p.TestFile    Now processing file /home/runner/work/key/key/key.core/../key.ui/examples/InformationFlow/NewObjects/object.AmtoftBanerjee3(object.AmtoftBanerjee3__m()).JML operation contract.0.key 
1182       INFO  main            d.u.i.k.p.i.AbstractProblemLoader Loading environment from /home/runner/work/key/key/key.core/../key.ui/examples/InformationFlow/NewObjects/object.AmtoftBanerjee3(object.AmtoftBanerjee3__m()).JML operation contract.0.key 
1221       DEBUG main            d.u.i.k.p.i.AbstractProblemLoader Environment load took 4.84ms 
1654       INFO  main            d.u.i.k.p.i.AbstractProblemLoader Creating init config 
3175       DEBUG main            d.u.i.k.j.TypeConverter   No LDT found for Meta 
3176       DEBUG main            d.u.i.k.j.TypeConverter   No LDT found for Meta 
3178       DEBUG main            d.u.i.k.j.TypeConverter   No LDT found for Meta 
3178       DEBUG main            d.u.i.k.j.TypeConverter   No LDT found for Meta 
5529       DEBUG main            d.u.i.k.j.TypeConverter   No LDT found for JavaBigintExpression 
11209      DEBUG main            d.u.i.k.j.r.ClassPreparationMethodBuilder clPrepBuilder: Inner Class detected. Reject building class initialisation methods. 
16126      DEBUG main            d.u.i.k.p.i.AbstractProblemLoader Init config took 14.47s 
16512      INFO  main            d.u.i.k.p.i.AbstractProblemLoader Replaying proof object.AmtoftBanerjee3[object.AmtoftBanerjee3::m()].JML operation contract.0 
16659      DEBUG main            d.u.i.k.p.i.IntermediateProofReplayer Proof replay took 956.3ns 
17637      INFO  main            d.u.i.k.p.r.p.TestFile    ... finished proof: closed. 
17860      INFO  main            d.u.i.k.p.r.p.TestFile    Now processing file /home/runner/work/key/key/key.core/../key.ui/examples/InformationFlow/NewObjects/object.AmtoftBanerjee(object.AmtoftBanerjee__m_2()).JML normal_behavior operation contract.0.key 
17862      INFO  main            d.u.i.k.p.i.AbstractProblemLoader Loading environment from /home/runner/work/key/key/key.core/../key.ui/examples/InformationFlow/NewObjects/object.AmtoftBanerjee(object.AmtoftBanerjee__m_2()).JML normal_behavior operation contract.0.key 
17864      DEBUG main            d.u.i.k.p.i.AbstractProblemLoader Environment load took 1.98ms 
17875      INFO  main            d.u.i.k.p.i.AbstractProblemLoader Creating init config 
19596      DEBUG main            d.u.i.k.j.r.ClassPreparationMethodBuilder clPrepBuilder: Inner Class detected. Reject building class initialisation methods. 
23092      DEBUG main            d.u.i.k.p.i.AbstractProblemLoader Init config took 5.22s 
23262      INFO  main            d.u.i.k.p.i.AbstractProblemLoader Replaying proof object.AmtoftBanerjee[object.AmtoftBanerjee::m_2()].JML normal_behavior operation contract.0 
23278      DEBUG main            d.u.i.k.p.i.IntermediateProofReplayer Proof replay took 28.7ns 
24799      INFO  main            d.u.i.k.p.r.p.TestFile    ... finished proof: closed. 
25115      INFO  main            d.u.i.k.p.r.p.TestFile    Now processing file /home/runner/work/key/key/key.core/../key.ui/examples/InformationFlow/NewObjects/object.AmtoftBanerjee(object.AmtoftBanerjee__m_1()).JML normal_behavior operation contract.1.key 
25118      INFO  main            d.u.i.k.p.i.AbstractProblemLoader Loading environment from /home/runner/work/key/key/key.core/../key.ui/examples/InformationFlow/NewObjects/object.AmtoftBanerjee(object.AmtoftBanerjee__m_1()).JML normal_behavior operation contract.1.key 
25119      DEBUG main            d.u.i.k.p.i.AbstractProblemLoader Environment load took 1.28ms 
25128      INFO  main            d.u.i.k.p.i.AbstractProblemLoader Creating init config 
26756      DEBUG main            d.u.i.k.j.r.ClassPreparationMethodBuilder clPrepBuilder: Inner Class detected. Reject building class initialisation methods. 
30063      DEBUG main            d.u.i.k.p.i.AbstractProblemLoader Init config took 4.93s 
30213      INFO  main            d.u.i.k.p.i.AbstractProblemLoader Replaying proof object.AmtoftBanerjee[object.AmtoftBanerjee::m_1()].JML normal_behavior operation contract.1 
30222      DEBUG main            d.u.i.k.p.i.IntermediateProofReplayer Proof replay took 29.5ns 
30831      INFO  main            d.u.i.k.p.r.p.TestFile    ... finished proof: closed. 
31083      INFO  main            d.u.i.k.p.r.p.TestFile    Now processing file /home/runner/work/key/key/key.core/../key.ui/examples/InformationFlow/NewObjects/object.AmtoftBanerjee(object.AmtoftBanerjee__m_1()).JML normal_behavior operation contract.0.key 
31085      INFO  main            d.u.i.k.p.i.AbstractProblemLoader Loading environment from /home/runner/work/key/key/key.core/../key.ui/examples/InformationFlow/NewObjects/object.AmtoftBanerjee(object.AmtoftBanerjee__m_1()).JML normal_behavior operation contract.0.key 
31087      DEBUG main            d.u.i.k.p.i.AbstractProblemLoader Environment load took 1.2ms 
31090      INFO  main            d.u.i.k.p.i.AbstractProblemLoader Creating init config 
32472      DEBUG main            d.u.i.k.j.r.ClassPreparationMethodBuilder clPrepBuilder: Inner Class detected. Reject building class initialisation methods. 
35675      DEBUG main            d.u.i.k.p.i.AbstractProblemLoader Init config took 4.58s 
35835      INFO  main            d.u.i.k.p.i.AbstractProblemLoader Replaying proof object.AmtoftBanerjee[object.AmtoftBanerjee::m_1()].JML normal_behavior operation contract.0 
35845      DEBUG main            d.u.i.k.p.i.IntermediateProofReplayer Proof replay took 153.7ns 
36253      INFO  main            d.u.i.k.p.r.p.TestFile    ... finished proof: closed. 
36579      INFO  main            d.u.i.k.p.r.p.TestFile    Now processing file /home/runner/work/key/key/key.core/../key.ui/examples/InformationFlow/NewObjects/object.AmtoftBanerjee(object.AmtoftBanerjee__getQ()).JML normal_behavior operation contract.0.key 
36580      INFO  main            d.u.i.k.p.i.AbstractProblemLoader Loading environment from /home/runner/work/key/key/key.core/../key.ui/examples/InformationFlow/NewObjects/object.AmtoftBanerjee(object.AmtoftBanerjee__getQ()).JML normal_behavior operation contract.0.key 
36581      DEBUG main            d.u.i.k.p.i.AbstractProblemLoader Environment load took 573ns 
36584      INFO  main            d.u.i.k.p.i.AbstractProblemLoader Creating init config 
37918      DEBUG main            d.u.i.k.j.r.ClassPreparationMethodBuilder clPrepBuilder: Inner Class detected. Reject building class initialisation methods. 
41016      DEBUG main            d.u.i.k.p.i.AbstractProblemLoader Init config took 4.43s 
41116      INFO  main            d.u.i.k.p.i.AbstractProblemLoader Replaying proof object.AmtoftBanerjee[object.AmtoftBanerjee::getQ()].JML normal_behavior operation contract.0 
41123      DEBUG main            d.u.i.k.p.i.IntermediateProofReplayer Proof replay took 36ns 
41228      INFO  main            d.u.i.k.p.r.p.TestFile    ... finished proof: closed. 
41464      INFO  main            d.u.i.k.p.r.p.TestFile    Now processing file /home/runner/work/key/key/key.core/../key.ui/examples/InformationFlow/NewObjects/object.Naumann(object.Naumann__Pair_m(int,int)).JML operation contract.0.key 
41466      INFO  main            d.u.i.k.p.i.AbstractProblemLoader Loading environment from /home/runner/work/key/key/key.core/../key.ui/examples/InformationFlow/NewObjects/object.Naumann(object.Naumann__Pair_m(int,int)).JML operation contract.0.key 
41466      DEBUG main            d.u.i.k.p.i.AbstractProblemLoader Environment load took 529.7ns 
41473      INFO  main            d.u.i.k.p.i.AbstractProblemLoader Creating init config 
42749      DEBUG main            d.u.i.k.j.r.ClassPreparationMethodBuilder clPrepBuilder: Inner Class detected. Reject building class initialisation methods. 
45898      DEBUG main            d.u.i.k.p.i.AbstractProblemLoader Init config took 4.43s 
46044      INFO  main            d.u.i.k.p.i.AbstractProblemLoader Replaying proof object.Naumann[object.Naumann::Pair_m(int,int)].JML operation contract.0 
46056      DEBUG main            d.u.i.k.p.i.IntermediateProofReplayer Proof replay took 28.6ns 
49211      INFO  main            d.u.i.k.p.r.p.TestFile    ... finished proof: closed. 
49547      INFO  main            d.u.i.k.p.r.p.TestFile    Now processing file /home/runner/work/key/key/key.core/../key.ui/examples/InformationFlow/NewObjects/object.ObjectOrientation(object.ObjectOrientation__secure_while_i((Ljava.lang.Object)).JML operation contract.0.key 
49548      INFO  main            d.u.i.k.p.i.AbstractProblemLoader Loading environment from /home/runner/work/key/key/key.core/../key.ui/examples/InformationFlow/NewObjects/object.ObjectOrientation(object.ObjectOrientation__secure_while_i((Ljava.lang.Object)).JML operation contract.0.key 
49549      DEBUG main            d.u.i.k.p.i.AbstractProblemLoader Environment load took 1.25ms 
49553      INFO  main            d.u.i.k.p.i.AbstractProblemLoader Creating init config 
50875      DEBUG main            d.u.i.k.j.r.ClassPreparationMethodBuilder clPrepBuilder: Inner Class detected. Reject building class initialisation methods. 
53983      DEBUG main            d.u.i.k.p.i.AbstractProblemLoader Init config took 4.43s 
54103      INFO  main            d.u.i.k.p.i.AbstractProblemLoader Replaying proof object.ObjectOrientation[object.ObjectOrientation::secure_while_i([Ljava.lang.Object)].JML operation contract.0 
54111      DEBUG main            d.u.i.k.p.i.IntermediateProofReplayer Proof replay took 34.4ns 
55323      INFO  main            d.u.i.k.p.r.p.TestFile    ... finished proof: closed. 
55696      INFO  main            d.u.i.k.p.r.p.TestFile    Now processing file /home/runner/work/key/key/key.core/../key.ui/examples/InformationFlow/NewObjects/object.ObjectOrientation(object.ObjectOrientation__secure_method_call()).JML operation contract.0.key 
55697      INFO  main            d.u.i.k.p.i.AbstractProblemLoader Loading environment from /home/runner/work/key/key/key.core/../key.ui/examples/InformationFlow/NewObjects/object.ObjectOrientation(object.ObjectOrientation__secure_method_call()).JML operation contract.0.key 
55698      DEBUG main            d.u.i.k.p.i.AbstractProblemLoader Environment load took 747.3ns 
55701      INFO  main            d.u.i.k.p.i.AbstractProblemLoader Creating init config 
57102      DEBUG main            d.u.i.k.j.r.ClassPreparationMethodBuilder clPrepBuilder: Inner Class detected. Reject building class initialisation methods. 
60396      DEBUG main            d.u.i.k.p.i.AbstractProblemLoader Init config took 4.69s 
60497      INFO  main            d.u.i.k.p.i.AbstractProblemLoader Replaying proof object.ObjectOrientation[object.ObjectOrientation::secure_method_call()].JML operation contract.0 
60502      DEBUG main            d.u.i.k.p.i.IntermediateProofReplayer Proof replay took 31.5ns 
60810      INFO  main            d.u.i.k.p.r.p.TestFile    ... finished proof: closed. 
61090      INFO  main            d.u.i.k.p.r.p.TestFile    Now processing file /home/runner/work/key/key/key.core/../key.ui/examples/InformationFlow/NewObjects/object.ObjectOrientation(object.ObjectOrientation__if_two_object_creation_next()).JML operation contract.1.key 
61092      INFO  main            d.u.i.k.p.i.AbstractProblemLoader Loading environment from /home/runner/work/key/key/key.core/../key.ui/examples/InformationFlow/NewObjects/object.ObjectOrientation(object.ObjectOrientation__if_two_object_creation_next()).JML operation contract.1.key 
61093      DEBUG main            d.u.i.k.p.i.AbstractProblemLoader Environment load took 781.5ns 
61095      INFO  main            d.u.i.k.p.i.AbstractProblemLoader Creating init config 
62415      DEBUG main            d.u.i.k.j.r.ClassPreparationMethodBuilder clPrepBuilder: Inner Class detected. Reject building class initialisation methods. 
65483      DEBUG main            d.u.i.k.p.i.AbstractProblemLoader Init config took 4.39s 
65579      INFO  main            d.u.i.k.p.i.AbstractProblemLoader Replaying proof object.ObjectOrientation[object.ObjectOrientation::if_two_object_creation_next()].JML operation contract.1 
65586      DEBUG main            d.u.i.k.p.i.IntermediateProofReplayer Proof replay took 32ns 
67496      INFO  main            d.u.i.k.p.r.p.TestFile    ... finished proof: closed. 
67825      INFO  main            d.u.i.k.p.r.p.TestFile    Now processing file /home/runner/work/key/key/key.core/../key.ui/examples/InformationFlow/NewObjects/object.ObjectOrientation(object.ObjectOrientation__if_two_object_creation_next()).JML operation contract.0.key 
67826      INFO  main            d.u.i.k.p.i.AbstractProblemLoader Loading environment from /home/runner/work/key/key/key.core/../key.ui/examples/InformationFlow/NewObjects/object.ObjectOrientation(object.ObjectOrientation__if_two_object_creation_next()).JML operation contract.0.key 
67827      DEBUG main            d.u.i.k.p.i.AbstractProblemLoader Environment load took 741.4ns 
67829      INFO  main            d.u.i.k.p.i.AbstractProblemLoader Creating init config 
69161      DEBUG main            d.u.i.k.j.r.ClassPreparationMethodBuilder clPrepBuilder: Inner Class detected. Reject building class initialisation methods. 
72189      DEBUG main            d.u.i.k.p.i.AbstractProblemLoader Init config took 4.36s 
72278      INFO  main            d.u.i.k.p.i.AbstractProblemLoader Replaying proof object.ObjectOrientation[object.ObjectOrientation::if_two_object_creation_next()].JML operation contract.0 
72284      DEBUG main            d.u.i.k.p.i.IntermediateProofReplayer Proof replay took 36.4ns 
74100      INFO  main            d.u.i.k.p.r.p.TestFile    ... finished proof: closed. 
74413      INFO  main            d.u.i.k.p.r.p.TestFile    Now processing file /home/runner/work/key/key/key.core/../key.ui/examples/InformationFlow/NewObjects/object.ObjectOrientation(object.ObjectOrientation__secure_if_two_object_creation()).JML operation contract.0.key 
74415      INFO  main            d.u.i.k.p.i.AbstractProblemLoader Loading environment from /home/runner/work/key/key/key.core/../key.ui/examples/InformationFlow/NewObjects/object.ObjectOrientation(object.ObjectOrientation__secure_if_two_object_creation()).JML operation contract.0.key 
74415      DEBUG main            d.u.i.k.p.i.AbstractProblemLoader Environment load took 652.9ns 
74418      INFO  main            d.u.i.k.p.i.AbstractProblemLoader Creating init config 
75763      DEBUG main            d.u.i.k.j.r.ClassPreparationMethodBuilder clPrepBuilder: Inner Class detected. Reject building class initialisation methods. 
78944      DEBUG main            d.u.i.k.p.i.AbstractProblemLoader Init config took 4.53s 
79047      INFO  main            d.u.i.k.p.i.AbstractProblemLoader Replaying proof object.ObjectOrientation[object.ObjectOrientation::secure_if_two_object_creation()].JML operation contract.0 
79054      DEBUG main            d.u.i.k.p.i.IntermediateProofReplayer Proof replay took 29.1ns 
80765      INFO  main            d.u.i.k.p.r.p.TestFile    ... finished proof: closed. 
81115      INFO  main            d.u.i.k.p.r.p.TestFile    Now processing file /home/runner/work/key/key/key.core/../key.ui/examples/InformationFlow/NewObjects/object.ObjectOrientation(object.ObjectOrientation__insecure_two_object_creation()).JML operation contract.0.key 
81117      INFO  main            d.u.i.k.p.i.AbstractProblemLoader Loading environment from /home/runner/work/key/key/key.core/../key.ui/examples/InformationFlow/NewObjects/object.ObjectOrientation(object.ObjectOrientation__insecure_two_object_creation()).JML operation contract.0.key 
81118      DEBUG main            d.u.i.k.p.i.AbstractProblemLoader Environment load took 1.04ms 
81120      INFO  main            d.u.i.k.p.i.AbstractProblemLoader Creating init config 
82435      DEBUG main            d.u.i.k.j.r.ClassPreparationMethodBuilder clPrepBuilder: Inner Class detected. Reject building class initialisation methods. 
85471      DEBUG main            d.u.i.k.p.i.AbstractProblemLoader Init config took 4.35s 
85565      INFO  main            d.u.i.k.p.i.AbstractProblemLoader Replaying proof object.ObjectOrientation[object.ObjectOrientation::insecure_two_object_creation()].JML operation contract.0 
85570      DEBUG main            d.u.i.k.p.i.IntermediateProofReplayer Proof replay took 31.8ns 
86881      INFO  main            d.u.i.k.p.r.p.TestFile    ... finished proof: closed. 
87266      INFO  main            d.u.i.k.p.r.p.TestFile    Now processing file /home/runner/work/key/key/key.core/../key.ui/examples/InformationFlow/NewObjects/object.ObjectOrientation(object.ObjectOrientation__secure_two_object_creation()).JML normal_behavior operation contract.0.key 
87267      INFO  main            d.u.i.k.p.i.AbstractProblemLoader Loading environment from /home/runner/work/key/key/key.core/../key.ui/examples/InformationFlow/NewObjects/object.ObjectOrientation(object.ObjectOrientation__secure_two_object_creation()).JML normal_behavior operation contract.0.key 
87267      DEBUG main            d.u.i.k.p.i.AbstractProblemLoader Environment load took 150ns 
87269      INFO  main            d.u.i.k.p.i.AbstractProblemLoader Creating init config 
88620      DEBUG main            d.u.i.k.j.r.ClassPreparationMethodBuilder clPrepBuilder: Inner Class detected. Reject building class initialisation methods. 
91689      DEBUG main            d.u.i.k.p.i.AbstractProblemLoader Init config took 4.42s 
91784      INFO  main            d.u.i.k.p.i.AbstractProblemLoader Replaying proof object.ObjectOrientation[object.ObjectOrientation::secure_two_object_creation()].JML normal_behavior operation contract.0 
91790      DEBUG main            d.u.i.k.p.i.IntermediateProofReplayer Proof replay took 37.4ns 
92698      INFO  main            d.u.i.k.p.r.p.TestFile    ... finished proof: closed. 
93120      INFO  main            d.u.i.k.p.r.p.TestFile    Now processing file /home/runner/work/key/key/key.core/../key.ui/examples/InformationFlow/NewObjects/object.ObjectOrientation(object.ObjectOrientation__insecure_object_assignment()).JML operation contract.1.key 
93121      INFO  main            d.u.i.k.p.i.AbstractProblemLoader Loading environment from /home/runner/work/key/key/key.core/../key.ui/examples/InformationFlow/NewObjects/object.ObjectOrientation(object.ObjectOrientation__insecure_object_assignment()).JML operation contract.1.key 
93121      DEBUG main            d.u.i.k.p.i.AbstractProblemLoader Environment load took 154ns 
93123      INFO  main            d.u.i.k.p.i.AbstractProblemLoader Creating init config 
94444      DEBUG main            d.u.i.k.j.r.ClassPreparationMethodBuilder clPrepBuilder: Inner Class detected. Reject building class initialisation methods. 
97447      DEBUG main            d.u.i.k.p.i.AbstractProblemLoader Init config took 4.32s 
97535      INFO  main            d.u.i.k.p.i.AbstractProblemLoader Replaying proof object.ObjectOrientation[object.ObjectOrientation::insecure_object_assignment()].JML operation contract.1 
97546      DEBUG main            d.u.i.k.p.i.IntermediateProofReplayer Proof replay took 52.2ns 
97656      INFO  main            d.u.i.k.p.r.p.TestFile    ... finished proof: closed. 
97972      INFO  main            d.u.i.k.p.r.p.TestFile    Now processing file /home/runner/work/key/key/key.core/../key.ui/examples/InformationFlow/NewObjects/object.ObjectOrientation(object.ObjectOrientation__insecure_object_assignment()).JML operation contract.0.key 
97973      INFO  main            d.u.i.k.p.i.AbstractProblemLoader Loading environment from /home/runner/work/key/key/key.core/../key.ui/examples/InformationFlow/NewObjects/object.ObjectOrientation(object.ObjectOrientation__insecure_object_assignment()).JML operation contract.0.key 
97974      DEBUG main            d.u.i.k.p.i.AbstractProblemLoader Environment load took 598.6ns 
97975      INFO  main            d.u.i.k.p.i.AbstractProblemLoader Creating init config 
99190      DEBUG main            d.u.i.k.j.r.ClassPreparationMethodBuilder clPrepBuilder: Inner Class detected. Reject building class initialisation methods. 
102038     DEBUG main            d.u.i.k.p.i.AbstractProblemLoader Init config took 4.06s 
102129     INFO  main            d.u.i.k.p.i.AbstractProblemLoader Replaying proof object.ObjectOrientation[object.ObjectOrientation::insecure_object_assignment()].JML operation contract.0 
102135     DEBUG main            d.u.i.k.p.i.IntermediateProofReplayer Proof replay took 34.6ns 
102240     INFO  main            d.u.i.k.p.r.p.TestFile    ... finished proof: closed. 
102611     INFO  main            d.u.i.k.p.r.p.TestFile    Now processing file /home/runner/work/key/key/key.core/../key.ui/examples/InformationFlow/NewObjects/object.ObjectOrientation(object.ObjectOrientation__secure_object_creation_3()).JML operation contract.0.key 
102615     INFO  main            d.u.i.k.p.i.AbstractProblemLoader Loading environment from /home/runner/work/key/key/key.core/../key.ui/examples/InformationFlow/NewObjects/object.ObjectOrientation(object.ObjectOrientation__secure_object_creation_3()).JML operation contract.0.key 
102617     DEBUG main            d.u.i.k.p.i.AbstractProblemLoader Environment load took 1.21ms 
102619     INFO  main            d.u.i.k.p.i.AbstractProblemLoader Creating init config 
103887     DEBUG main            d.u.i.k.j.r.ClassPreparationMethodBuilder clPrepBuilder: Inner Class detected. Reject building class initialisation methods. 
106721     DEBUG main            d.u.i.k.p.i.AbstractProblemLoader Init config took 4.1s 
106834     INFO  main            d.u.i.k.p.i.AbstractProblemLoader Replaying proof object.ObjectOrientation[object.ObjectOrientation::secure_object_creation_3()].JML operation contract.0 
106839     DEBUG main            d.u.i.k.p.i.IntermediateProofReplayer Proof replay took 42.5ns 
107245     INFO  main            d.u.i.k.p.r.p.TestFile    ... finished proof: closed. 
107595     INFO  main            d.u.i.k.p.r.p.TestFile    Now processing file /home/runner/work/key/key/key.core/../key.ui/examples/InformationFlow/NewObjects/object.ObjectOrientation(object.ObjectOrientation__secure_object_creation_2()).JML operation contract.0.key 
107596     INFO  main            d.u.i.k.p.i.AbstractProblemLoader Loading environment from /home/runner/work/key/key/key.core/../key.ui/examples/InformationFlow/NewObjects/object.ObjectOrientation(object.ObjectOrientation__secure_object_creation_2()).JML operation contract.0.key 
107597     DEBUG main            d.u.i.k.p.i.AbstractProblemLoader Environment load took 855.9ns 
107600     INFO  main            d.u.i.k.p.i.AbstractProblemLoader Creating init config 
108928     DEBUG main            d.u.i.k.j.r.ClassPreparationMethodBuilder clPrepBuilder: Inner Class detected. Reject building class initialisation methods. 
111864     DEBUG main            d.u.i.k.p.i.AbstractProblemLoader Init config took 4.26s 
111947     INFO  main            d.u.i.k.p.i.AbstractProblemLoader Replaying proof object.ObjectOrientation[object.ObjectOrientation::secure_object_creation_2()].JML operation contract.0 
111953     DEBUG main            d.u.i.k.p.i.IntermediateProofReplayer Proof replay took 131.8ns 
112461     INFO  main            d.u.i.k.p.r.p.TestFile    ... finished proof: closed. 
112785     INFO  main            d.u.i.k.p.r.p.TestFile    Now processing file /home/runner/work/key/key/key.core/../key.ui/examples/InformationFlow/NewObjects/object.ObjectOrientation(object.ObjectOrientation__secure_object_creation()).JML operation contract.0.key 
112786     INFO  main            d.u.i.k.p.i.AbstractProblemLoader Loading environment from /home/runner/work/key/key/key.core/../key.ui/examples/InformationFlow/NewObjects/object.ObjectOrientation(object.ObjectOrientation__secure_object_creation()).JML operation contract.0.key 
112786     DEBUG main            d.u.i.k.p.i.AbstractProblemLoader Environment load took 201ns 
112792     INFO  main            d.u.i.k.p.i.AbstractProblemLoader Creating init config 
114042     DEBUG main            d.u.i.k.j.r.ClassPreparationMethodBuilder clPrepBuilder: Inner Class detected. Reject building class initialisation methods. 
116986     DEBUG main            d.u.i.k.p.i.AbstractProblemLoader Init config took 4.19s 
117071     INFO  main            d.u.i.k.p.i.AbstractProblemLoader Replaying proof object.ObjectOrientation[object.ObjectOrientation::secure_object_creation()].JML operation contract.0 
117076     DEBUG main            d.u.i.k.p.i.IntermediateProofReplayer Proof replay took 21.8ns 
117481     INFO  main            d.u.i.k.p.r.p.TestFile    ... finished proof: closed. 
117826     INFO  main            d.u.i.k.p.r.p.TestFile    Now processing file /home/runner/work/key/key/key.core/../key.ui/examples/InformationFlow/NewObjects/object.AmtoftBanerjee2(object.AmtoftBanerjee2__expensive(int)).JML accessible clause.0.key 
117827     INFO  main            d.u.i.k.p.i.AbstractProblemLoader Loading environment from /home/runner/work/key/key/key.core/../key.ui/examples/InformationFlow/NewObjects/object.AmtoftBanerjee2(object.AmtoftBanerjee2__expensive(int)).JML accessible clause.0.key 
117828     DEBUG main            d.u.i.k.p.i.AbstractProblemLoader Environment load took 750.1ns 
117830     INFO  main            d.u.i.k.p.i.AbstractProblemLoader Creating init config 
119071     DEBUG main            d.u.i.k.j.r.ClassPreparationMethodBuilder clPrepBuilder: Inner Class detected. Reject building class initialisation methods. 
121963     DEBUG main            d.u.i.k.p.i.AbstractProblemLoader Init config took 4.13s 
122048     INFO  main            d.u.i.k.p.i.AbstractProblemLoader Replaying proof object.AmtoftBanerjee2[object.AmtoftBanerjee2::expensive(int)].JML accessible clause.0 
122055     DEBUG main            d.u.i.k.p.i.IntermediateProofReplayer Proof replay took 25.8ns 
122159     INFO  main            d.u.i.k.p.r.p.TestFile    ... finished proof: closed. 
122520     INFO  main            d.u.i.k.p.r.p.TestFile    Now processing file /home/runner/work/key/key/key.core/../key.ui/examples/InformationFlow/NewObjects/object.AmtoftBanerjee2(object.AmtoftBanerjee2__expensive(int)).JML normal_behavior operation contract.0.key 
122522     INFO  main            d.u.i.k.p.i.AbstractProblemLoader Loading environment from /home/runner/work/key/key/key.core/../key.ui/examples/InformationFlow/NewObjects/object.AmtoftBanerjee2(object.AmtoftBanerjee2__expensive(int)).JML normal_behavior operation contract.0.key 
122523     DEBUG main            d.u.i.k.p.i.AbstractProblemLoader Environment load took 919.7ns 
122525     INFO  main            d.u.i.k.p.i.AbstractProblemLoader Creating init config 
123808     DEBUG main            d.u.i.k.j.r.ClassPreparationMethodBuilder clPrepBuilder: Inner Class detected. Reject building class initialisation methods. 
126645     DEBUG main            d.u.i.k.p.i.AbstractProblemLoader Init config took 4.12s 
126712     INFO  main            d.u.i.k.p.i.AbstractProblemLoader Replaying proof object.AmtoftBanerjee2[object.AmtoftBanerjee2::expensive(int)].JML normal_behavior operation contract.0 
126718     DEBUG main            d.u.i.k.p.i.IntermediateProofReplayer Proof replay took 33.1ns 
126822     INFO  main            d.u.i.k.p.r.p.TestFile    ... finished proof: closed. 
127156     INFO  main            d.u.i.k.p.r.p.TestFile    Now processing file /home/runner/work/key/key/key.core/../key.ui/examples/InformationFlow/NewObjects/object.AmtoftBanerjee2(object.AmtoftBanerjee2__cexp(int)).JML normal_behavior operation contract.0.key 
127159     INFO  main            d.u.i.k.p.i.AbstractProblemLoader Loading environment from /home/runner/work/key/key/key.core/../key.ui/examples/InformationFlow/NewObjects/object.AmtoftBanerjee2(object.AmtoftBanerjee2__cexp(int)).JML normal_behavior operation contract.0.key 
127160     DEBUG main            d.u.i.k.p.i.AbstractProblemLoader Environment load took 713ns 
127162     INFO  main            d.u.i.k.p.i.AbstractProblemLoader Creating init config 
128389     DEBUG main            d.u.i.k.j.r.ClassPreparationMethodBuilder clPrepBuilder: Inner Class detected. Reject building class initialisation methods. 
131170     DEBUG main            d.u.i.k.p.i.AbstractProblemLoader Init config took 4.01s 
131272     INFO  main            d.u.i.k.p.i.AbstractProblemLoader Replaying proof object.AmtoftBanerjee2[object.AmtoftBanerjee2::cexp(int)].JML normal_behavior operation contract.0 
131281     DEBUG main            d.u.i.k.p.i.IntermediateProofReplayer Proof replay took 49.3ns 
131987     INFO  main            d.u.i.k.p.r.p.TestFile    ... finished proof: closed. 
132382     INFO  main            d.u.i.k.p.r.p.TestFile    Now processing file /home/runner/work/key/key/key.core/../key.ui/examples/InformationFlow/PasswordFile/passwordfile.SecurePasswordFile(passwordfile.SecurePasswordFile___userIndex()).JML accessible clause.0.key 
132385     INFO  main            d.u.i.k.p.i.AbstractProblemLoader Loading environment from /home/runner/work/key/key/key.core/../key.ui/examples/InformationFlow/PasswordFile/passwordfile.SecurePasswordFile(passwordfile.SecurePasswordFile___userIndex()).JML accessible clause.0.key 
132389     DEBUG main            d.u.i.k.p.i.AbstractProblemLoader Environment load took 4.65ms 
132395     INFO  main            d.u.i.k.p.i.AbstractProblemLoader Creating init config 
136144     DEBUG main            d.u.i.k.p.i.AbstractProblemLoader Init config took 3.75s 
136216     INFO  main            d.u.i.k.p.i.AbstractProblemLoader Replaying proof passwordfile.SecurePasswordFile[passwordfile.SecurePasswordFile::$userIndex()].JML accessible clause.0 
136221     DEBUG main            d.u.i.k.p.i.IntermediateProofReplayer Proof replay took 27.8ns 
136429     INFO  main            d.u.i.k.p.r.p.TestFile    ... finished proof: open goal(s) 
952069     INFO  Test worker     d.u.i.k.p.r.RunAllProofsTestUnit Returning from test NewObjects 
952074     INFO  Test worker     d.u.i.k.p.r.RunAllProofsTestUnit Running test SimpleEvoting 
628        INFO  Timeout watchdog d.u.i.k.p.r.p.ForkedTestFileRunner Timeout watcher launched (1000 secs.) 
654        WARN  main            d.u.i.k.s.ProofSettings   The settings in /home/runner/.key/proof-settings.props are *not* read. 
697        INFO  main            d.u.i.k.p.r.p.TestFile    Now processing file /home/runner/work/key/key/key.core/../key.ui/examples/InformationFlow/SimpleEvoting/simple_evoting.Environment(simple_evoting.Environment__untrustedOutputMessage((B)).JML normal_behavior operation contract.0.key 
975        INFO  main            d.u.i.k.p.i.AbstractProblemLoader Loading environment from /home/runner/work/key/key/key.core/../key.ui/examples/InformationFlow/SimpleEvoting/simple_evoting.Environment(simple_evoting.Environment__untrustedOutputMessage((B)).JML normal_behavior operation contract.0.key 
1008       DEBUG main            d.u.i.k.p.i.AbstractProblemLoader Environment load took 3.96ms 
1473       INFO  main            d.u.i.k.p.i.AbstractProblemLoader Creating init config 
2856       DEBUG main            d.u.i.k.j.TypeConverter   No LDT found for Meta 
2857       DEBUG main            d.u.i.k.j.TypeConverter   No LDT found for Meta 
2859       DEBUG main            d.u.i.k.j.TypeConverter   No LDT found for Meta 
2859       DEBUG main            d.u.i.k.j.TypeConverter   No LDT found for Meta 
4738       DEBUG main            d.u.i.k.j.TypeConverter   No LDT found for JavaBigintExpression 
15719      DEBUG main            d.u.i.k.p.i.AbstractProblemLoader Init config took 14.24s 
16073      INFO  main            d.u.i.k.p.i.AbstractProblemLoader Replaying proof simple_evoting.Environment[simple_evoting.Environment::untrustedOutputMessage([B)].JML normal_behavior operation contract.0 
16269      DEBUG main            d.u.i.k.p.i.IntermediateProofReplayer Proof replay took 4.53ms 
19350      INFO  main            d.u.i.k.p.r.p.TestFile    ... finished proof: closed. 
19635      INFO  main            d.u.i.k.p.r.p.TestFile    Now processing file /home/runner/work/key/key/key.core/../key.ui/examples/InformationFlow/SimpleEvoting/simple_evoting.Environment(simple_evoting.Environment__untrustedInputMessage((B)).JML normal_behavior operation contract.0.key 
19636      INFO  main            d.u.i.k.p.i.AbstractProblemLoader Loading environment from /home/runner/work/key/key/key.core/../key.ui/examples/InformationFlow/SimpleEvoting/simple_evoting.Environment(simple_evoting.Environment__untrustedInputMessage((B)).JML normal_behavior operation contract.0.key 
19637      DEBUG main            d.u.i.k.p.i.AbstractProblemLoader Environment load took 841ns 
19646      INFO  main            d.u.i.k.p.i.AbstractProblemLoader Creating init config 
25830      DEBUG main            d.u.i.k.p.i.AbstractProblemLoader Init config took 6.18s 
25988      INFO  main            d.u.i.k.p.i.AbstractProblemLoader Replaying proof simple_evoting.Environment[simple_evoting.Environment::untrustedInputMessage([B)].JML normal_behavior operation contract.0 
26006      DEBUG main            d.u.i.k.p.i.IntermediateProofReplayer Proof replay took 42.1ns 
27425      INFO  main            d.u.i.k.p.r.p.TestFile    ... finished proof: closed. 
27709      INFO  main            d.u.i.k.p.r.p.TestFile    Now processing file /home/runner/work/key/key/key.core/../key.ui/examples/InformationFlow/SimpleEvoting/simple_evoting.Environment(simple_evoting.Environment__untrustedInputMessage()).JML normal_behavior operation contract.0.key 
27710      INFO  main            d.u.i.k.p.i.AbstractProblemLoader Loading environment from /home/runner/work/key/key/key.core/../key.ui/examples/InformationFlow/SimpleEvoting/simple_evoting.Environment(simple_evoting.Environment__untrustedInputMessage()).JML normal_behavior operation contract.0.key 
27711      DEBUG main            d.u.i.k.p.i.AbstractProblemLoader Environment load took 808.4ns 
27714      INFO  main            d.u.i.k.p.i.AbstractProblemLoader Creating init config 
32929      DEBUG main            d.u.i.k.p.i.AbstractProblemLoader Init config took 5.21s 
33053      INFO  main            d.u.i.k.p.i.AbstractProblemLoader Replaying proof simple_evoting.Environment[simple_evoting.Environment::untrustedInputMessage()].JML normal_behavior operation contract.0 
33059      DEBUG main            d.u.i.k.p.i.IntermediateProofReplayer Proof replay took 20.5ns 
36127      INFO  main            d.u.i.k.p.r.p.TestFile    ... finished proof: closed. 
36408      INFO  main            d.u.i.k.p.r.p.TestFile    Now processing file /home/runner/work/key/key/key.core/../key.ui/examples/InformationFlow/SimpleEvoting/simple_evoting.Environment(simple_evoting.Environment__untrustedOutput(int)).JML normal_behavior operation contract.0.key 
36412      INFO  main            d.u.i.k.p.i.AbstractProblemLoader Loading environment from /home/runner/work/key/key/key.core/../key.ui/examples/InformationFlow/SimpleEvoting/simple_evoting.Environment(simple_evoting.Environment__untrustedOutput(int)).JML normal_behavior operation contract.0.key 
36413      DEBUG main            d.u.i.k.p.i.AbstractProblemLoader Environment load took 1.07ms 
36417      INFO  main            d.u.i.k.p.i.AbstractProblemLoader Creating init config 
41747      DEBUG main            d.u.i.k.p.i.AbstractProblemLoader Init config took 5.33s 
41869      INFO  main            d.u.i.k.p.i.AbstractProblemLoader Replaying proof simple_evoting.Environment[simple_evoting.Environment::untrustedOutput(int)].JML normal_behavior operation contract.0 
41876      DEBUG main            d.u.i.k.p.i.IntermediateProofReplayer Proof replay took 25.1ns 
41980      INFO  main            d.u.i.k.p.r.p.TestFile    ... finished proof: closed. 
42366      INFO  main            d.u.i.k.p.r.p.TestFile    Now processing file /home/runner/work/key/key/key.core/../key.ui/examples/InformationFlow/SimpleEvoting/simple_evoting.Environment(simple_evoting.Environment__untrustedInput(int)).JML normal_behavior operation contract.0.key 
42368      INFO  main            d.u.i.k.p.i.AbstractProblemLoader Loading environment from /home/runner/work/key/key/key.core/../key.ui/examples/InformationFlow/SimpleEvoting/simple_evoting.Environment(simple_evoting.Environment__untrustedInput(int)).JML normal_behavior operation contract.0.key 
42369      DEBUG main            d.u.i.k.p.i.AbstractProblemLoader Environment load took 517.7ns 
42371      INFO  main            d.u.i.k.p.i.AbstractProblemLoader Creating init config 
47691      DEBUG main            d.u.i.k.p.i.AbstractProblemLoader Init config took 5.32s 
47853      INFO  main            d.u.i.k.p.i.AbstractProblemLoader Replaying proof simple_evoting.Environment[simple_evoting.Environment::untrustedInput(int)].JML normal_behavior operation contract.0 
47859      DEBUG main            d.u.i.k.p.i.IntermediateProofReplayer Proof replay took 43ns 
47984      INFO  main            d.u.i.k.p.r.p.TestFile    ... finished proof: open goal(s) 
48246      INFO  main            d.u.i.k.p.r.p.TestFile    Now processing file /home/runner/work/key/key/key.core/../key.ui/examples/InformationFlow/SimpleEvoting/simple_evoting.Environment(simple_evoting.Environment__untrustedInput()).JML normal_behavior operation contract.0.key 
48247      INFO  main            d.u.i.k.p.i.AbstractProblemLoader Loading environment from /home/runner/work/key/key/key.core/../key.ui/examples/InformationFlow/SimpleEvoting/simple_evoting.Environment(simple_evoting.Environment__untrustedInput()).JML normal_behavior operation contract.0.key 
48248      DEBUG main            d.u.i.k.p.i.AbstractProblemLoader Environment load took 553.1ns 
48253      INFO  main            d.u.i.k.p.i.AbstractProblemLoader Creating init config 
53644      DEBUG main            d.u.i.k.p.i.AbstractProblemLoader Init config took 5.39s 
53823      INFO  main            d.u.i.k.p.i.AbstractProblemLoader Replaying proof simple_evoting.Environment[simple_evoting.Environment::untrustedInput()].JML normal_behavior operation contract.0 
53835      DEBUG main            d.u.i.k.p.i.IntermediateProofReplayer Proof replay took 38ns 
53940      INFO  main            d.u.i.k.p.r.p.TestFile    ... finished proof: open goal(s) 
54189      INFO  main            d.u.i.k.p.r.p.TestFile    Now processing file /home/runner/work/key/key/key.core/../key.ui/examples/InformationFlow/SimpleEvoting/simple_evoting.Environment(simple_evoting.Environment___rep()).JML accessible clause.0.key 
54190      INFO  main            d.u.i.k.p.i.AbstractProblemLoader Loading environment from /home/runner/work/key/key/key.core/../key.ui/examples/InformationFlow/SimpleEvoting/simple_evoting.Environment(simple_evoting.Environment___rep()).JML accessible clause.0.key 
54190      DEBUG main            d.u.i.k.p.i.AbstractProblemLoader Environment load took 125.9ns 
54192      INFO  main            d.u.i.k.p.i.AbstractProblemLoader Creating init config 
59447      DEBUG main            d.u.i.k.p.i.AbstractProblemLoader Init config took 5.26s 
59567      INFO  main            d.u.i.k.p.i.AbstractProblemLoader Replaying proof simple_evoting.Environment[simple_evoting.Environment::$rep()].JML accessible clause.0 
59572      DEBUG main            d.u.i.k.p.i.IntermediateProofReplayer Proof replay took 27.1ns 
59676      INFO  main            d.u.i.k.p.r.p.TestFile    ... finished proof: closed. 
59958      INFO  main            d.u.i.k.p.r.p.TestFile    Now processing file /home/runner/work/key/key/key.core/../key.ui/examples/InformationFlow/SimpleEvoting/simple_evoting.SMT(simple_evoting.SMT__send(simple_evoting.Message,int,simple_evoting.Server)).JML normal_behavior operation contract.1.key 
59961      INFO  main            d.u.i.k.p.i.AbstractProblemLoader Loading environment from /home/runner/work/key/key/key.core/../key.ui/examples/InformationFlow/SimpleEvoting/simple_evoting.SMT(simple_evoting.SMT__send(simple_evoting.Message,int,simple_evoting.Server)).JML normal_behavior operation contract.1.key 
59962      DEBUG main            d.u.i.k.p.i.AbstractProblemLoader Environment load took 993.5ns 
59965      INFO  main            d.u.i.k.p.i.AbstractProblemLoader Creating init config 
65000      DEBUG main            d.u.i.k.p.i.AbstractProblemLoader Init config took 5.03s 
65123      INFO  main            d.u.i.k.p.i.AbstractProblemLoader Replaying proof simple_evoting.SMT[simple_evoting.SMT::send(simple_evoting.Message,int,simple_evoting.Server)].JML normal_behavior operation contract.1 
65131      DEBUG main            d.u.i.k.p.i.IntermediateProofReplayer Proof replay took 26.8ns 
83318      INFO  main            d.u.i.k.p.r.p.TestFile    ... finished proof: closed. 
83723      INFO  main            d.u.i.k.p.r.p.TestFile    Now processing file /home/runner/work/key/key/key.core/../key.ui/examples/InformationFlow/SimpleEvoting/simple_evoting.SMT(simple_evoting.SMT__send(simple_evoting.Message,int,simple_evoting.Server)).JML normal_behavior operation contract.0.key 
83725      INFO  main            d.u.i.k.p.i.AbstractProblemLoader Loading environment from /home/runner/work/key/key/key.core/../key.ui/examples/InformationFlow/SimpleEvoting/simple_evoting.SMT(simple_evoting.SMT__send(simple_evoting.Message,int,simple_evoting.Server)).JML normal_behavior operation contract.0.key 
83725      DEBUG main            d.u.i.k.p.i.AbstractProblemLoader Environment load took 335.2ns 
83727      INFO  main            d.u.i.k.p.i.AbstractProblemLoader Creating init config 
88752      DEBUG main            d.u.i.k.p.i.AbstractProblemLoader Init config took 5.02s 
88879      INFO  main            d.u.i.k.p.i.AbstractProblemLoader Replaying proof simple_evoting.SMT[simple_evoting.SMT::send(simple_evoting.Message,int,simple_evoting.Server)].JML normal_behavior operation contract.0 
88889      DEBUG main            d.u.i.k.p.i.IntermediateProofReplayer Proof replay took 24.3ns 
105329     INFO  main            d.u.i.k.p.r.p.TestFile    ... finished proof: closed. 
105727     INFO  main            d.u.i.k.p.r.p.TestFile    Now processing file /home/runner/work/key/key/key.core/../key.ui/examples/InformationFlow/SimpleEvoting/simple_evoting.Message(java.lang.Object___inv_()).JML accessible clause.0.key 
105728     INFO  main            d.u.i.k.p.i.AbstractProblemLoader Loading environment from /home/runner/work/key/key/key.core/../key.ui/examples/InformationFlow/SimpleEvoting/simple_evoting.Message(java.lang.Object___inv_()).JML accessible clause.0.key 
105729     DEBUG main            d.u.i.k.p.i.AbstractProblemLoader Environment load took 851.4ns 
105731     INFO  main            d.u.i.k.p.i.AbstractProblemLoader Creating init config 
110800     DEBUG main            d.u.i.k.p.i.AbstractProblemLoader Init config took 5.07s 
110907     INFO  main            d.u.i.k.p.i.AbstractProblemLoader Replaying proof simple_evoting.Message[java.lang.Object::<inv>()].JML accessible clause.0 
110912     DEBUG main            d.u.i.k.p.i.IntermediateProofReplayer Proof replay took 34ns 
111319     INFO  main            d.u.i.k.p.r.p.TestFile    ... finished proof: closed. 
111602     INFO  main            d.u.i.k.p.r.p.TestFile    Now processing file /home/runner/work/key/key/key.core/../key.ui/examples/InformationFlow/SimpleEvoting/simple_evoting.Server(simple_evoting.Server__resultReady()).JML accessible clause.0.key 
111603     INFO  main            d.u.i.k.p.i.AbstractProblemLoader Loading environment from /home/runner/work/key/key/key.core/../key.ui/examples/InformationFlow/SimpleEvoting/simple_evoting.Server(simple_evoting.Server__resultReady()).JML accessible clause.0.key 
111603     DEBUG main            d.u.i.k.p.i.AbstractProblemLoader Environment load took 170.2ns 
111605     INFO  main            d.u.i.k.p.i.AbstractProblemLoader Creating init config 
116682     DEBUG main            d.u.i.k.p.i.AbstractProblemLoader Init config took 5.08s 
116788     INFO  main            d.u.i.k.p.i.AbstractProblemLoader Replaying proof simple_evoting.Server[simple_evoting.Server::resultReady()].JML accessible clause.0 
116795     DEBUG main            d.u.i.k.p.i.IntermediateProofReplayer Proof replay took 30.9ns 
119710     INFO  main            d.u.i.k.p.r.p.TestFile    ... finished proof: closed. 
120056     INFO  main            d.u.i.k.p.r.p.TestFile    Now processing file /home/runner/work/key/key/key.core/../key.ui/examples/InformationFlow/SimpleEvoting/simple_evoting.Server(simple_evoting.Server__resultReady()).JML normal_behavior operation contract.0.key 
120058     INFO  main            d.u.i.k.p.i.AbstractProblemLoader Loading environment from /home/runner/work/key/key/key.core/../key.ui/examples/InformationFlow/SimpleEvoting/simple_evoting.Server(simple_evoting.Server__resultReady()).JML normal_behavior operation contract.0.key 
120059     DEBUG main            d.u.i.k.p.i.AbstractProblemLoader Environment load took 854.8ns 
120062     INFO  main            d.u.i.k.p.i.AbstractProblemLoader Creating init config 
125064     DEBUG main            d.u.i.k.p.i.AbstractProblemLoader Init config took 5s 
125174     INFO  main            d.u.i.k.p.i.AbstractProblemLoader Replaying proof simple_evoting.Server[simple_evoting.Server::resultReady()].JML normal_behavior operation contract.0 
125180     DEBUG main            d.u.i.k.p.i.IntermediateProofReplayer Proof replay took 30.5ns 
126614     INFO  main            d.u.i.k.p.r.p.TestFile    ... finished proof: closed. 
126948     INFO  main            d.u.i.k.p.r.p.TestFile    Now processing file /home/runner/work/key/key/key.core/../key.ui/examples/InformationFlow/SimpleEvoting/simple_evoting.Server(simple_evoting.Server__onSendResult()).JML normal_behavior operation contract.0.key 
126950     INFO  main            d.u.i.k.p.i.AbstractProblemLoader Loading environment from /home/runner/work/key/key/key.core/../key.ui/examples/InformationFlow/SimpleEvoting/simple_evoting.Server(simple_evoting.Server__onSendResult()).JML normal_behavior operation contract.0.key 
126951     DEBUG main            d.u.i.k.p.i.AbstractProblemLoader Environment load took 768.8ns 
126953     INFO  main            d.u.i.k.p.i.AbstractProblemLoader Creating init config 
131865     DEBUG main            d.u.i.k.p.i.AbstractProblemLoader Init config took 4.91s 
131962     INFO  main            d.u.i.k.p.i.AbstractProblemLoader Replaying proof simple_evoting.Server[simple_evoting.Server::onSendResult()].JML normal_behavior operation contract.0 
131969     DEBUG main            d.u.i.k.p.i.IntermediateProofReplayer Proof replay took 34ns 
132375     INFO  main            d.u.i.k.p.r.p.TestFile    ... finished proof: closed. 
132713     INFO  main            d.u.i.k.p.r.p.TestFile    Now processing file /home/runner/work/key/key/key.core/../key.ui/examples/InformationFlow/SimpleEvoting/simple_evoting.Server(simple_evoting.Server__onCollectBallot(simple_evoting.Message)).JML normal_behavior operation contract.1.key 
132715     INFO  main            d.u.i.k.p.i.AbstractProblemLoader Loading environment from /home/runner/work/key/key/key.core/../key.ui/examples/InformationFlow/SimpleEvoting/simple_evoting.Server(simple_evoting.Server__onCollectBallot(simple_evoting.Message)).JML normal_behavior operation contract.1.key 
132716     DEBUG main            d.u.i.k.p.i.AbstractProblemLoader Environment load took 909.9ns 
132718     INFO  main            d.u.i.k.p.i.AbstractProblemLoader Creating init config 
137723     DEBUG main            d.u.i.k.p.i.AbstractProblemLoader Init config took 5s 
137848     INFO  main            d.u.i.k.p.i.AbstractProblemLoader Replaying proof simple_evoting.Server[simple_evoting.Server::onCollectBallot(simple_evoting.Message)].JML normal_behavior operation contract.1 
137853     DEBUG main            d.u.i.k.p.i.IntermediateProofReplayer Proof replay took 33.1ns 
138359     INFO  main            d.u.i.k.p.r.p.TestFile    ... finished proof: closed. 
138726     INFO  main            d.u.i.k.p.r.p.TestFile    Now processing file /home/runner/work/key/key/key.core/../key.ui/examples/InformationFlow/SimpleEvoting/simple_evoting.Server(simple_evoting.Server__onCollectBallot(simple_evoting.Message)).JML normal_behavior operation contract.0.key 
138727     INFO  main            d.u.i.k.p.i.AbstractProblemLoader Loading environment from /home/runner/work/key/key/key.core/../key.ui/examples/InformationFlow/SimpleEvoting/simple_evoting.Server(simple_evoting.Server__onCollectBallot(simple_evoting.Message)).JML normal_behavior operation contract.0.key 
138728     DEBUG main            d.u.i.k.p.i.AbstractProblemLoader Environment load took 282.7ns 
138730     INFO  main            d.u.i.k.p.i.AbstractProblemLoader Creating init config 
143675     DEBUG main            d.u.i.k.p.i.AbstractProblemLoader Init config took 4.95s 
143773     INFO  main            d.u.i.k.p.i.AbstractProblemLoader Replaying proof simple_evoting.Server[simple_evoting.Server::onCollectBallot(simple_evoting.Message)].JML normal_behavior operation contract.0 
143778     DEBUG main            d.u.i.k.p.i.IntermediateProofReplayer Proof replay took 32ns 
145287     INFO  main            d.u.i.k.p.r.p.TestFile    ... finished proof: closed. 
145644     INFO  main            d.u.i.k.p.r.p.TestFile    Now processing file /home/runner/work/key/key/key.core/../key.ui/examples/InformationFlow/SimpleEvoting/simple_evoting.Server(java.lang.Object___inv_()).JML accessible clause.0.key 
145644     INFO  main            d.u.i.k.p.i.AbstractProblemLoader Loading environment from /home/runner/work/key/key/key.core/../key.ui/examples/InformationFlow/SimpleEvoting/simple_evoting.Server(java.lang.Object___inv_()).JML accessible clause.0.key 
145644     DEBUG main            d.u.i.k.p.i.AbstractProblemLoader Environment load took 90ns 
145648     INFO  main            d.u.i.k.p.i.AbstractProblemLoader Creating init config 
150647     DEBUG main            d.u.i.k.p.i.AbstractProblemLoader Init config took 5s 
150738     INFO  main            d.u.i.k.p.i.AbstractProblemLoader Replaying proof simple_evoting.Server[java.lang.Object::<inv>()].JML accessible clause.0 
150744     DEBUG main            d.u.i.k.p.i.IntermediateProofReplayer Proof replay took 24.7ns 
151148     INFO  main            d.u.i.k.p.r.p.TestFile    ... finished proof: closed. 
151515     INFO  main            d.u.i.k.p.r.p.TestFile    Now processing file /home/runner/work/key/key/key.core/../key.ui/examples/InformationFlow/SimpleEvoting/simple_evoting.SMTEnv(simple_evoting.SMTEnv__send(int,int,int,simple_evoting.Server,int)).JML normal_behavior operation contract.0.key 
151517     INFO  main            d.u.i.k.p.i.AbstractProblemLoader Loading environment from /home/runner/work/key/key/key.core/../key.ui/examples/InformationFlow/SimpleEvoting/simple_evoting.SMTEnv(simple_evoting.SMTEnv__send(int,int,int,simple_evoting.Server,int)).JML normal_behavior operation contract.0.key 
151518     DEBUG main            d.u.i.k.p.i.AbstractProblemLoader Environment load took 972.5ns 
151520     INFO  main            d.u.i.k.p.i.AbstractProblemLoader Creating init config 
156631     DEBUG main            d.u.i.k.p.i.AbstractProblemLoader Init config took 5.11s 
156735     INFO  main            d.u.i.k.p.i.AbstractProblemLoader Replaying proof simple_evoting.SMTEnv[simple_evoting.SMTEnv::send(int,int,int,simple_evoting.Server,int)].JML normal_behavior operation contract.0 
156740     DEBUG main            d.u.i.k.p.i.IntermediateProofReplayer Proof replay took 33.1ns 
157446     INFO  main            d.u.i.k.p.r.p.TestFile    ... finished proof: closed. 
157797     INFO  main            d.u.i.k.p.r.p.TestFile    Now processing file /home/runner/work/key/key/key.core/../key.ui/examples/InformationFlow/SimpleEvoting/simple_evoting.NetworkClient(simple_evoting.NetworkClient__send((B,simple_evoting.Server,int)).JML normal_behavior operation contract.0.key 
157800     INFO  main            d.u.i.k.p.i.AbstractProblemLoader Loading environment from /home/runner/work/key/key/key.core/../key.ui/examples/InformationFlow/SimpleEvoting/simple_evoting.NetworkClient(simple_evoting.NetworkClient__send((B,simple_evoting.Server,int)).JML normal_behavior operation contract.0.key 
157800     DEBUG main            d.u.i.k.p.i.AbstractProblemLoader Environment load took 517.7ns 
157802     INFO  main            d.u.i.k.p.i.AbstractProblemLoader Creating init config 
162655     DEBUG main            d.u.i.k.p.i.AbstractProblemLoader Init config took 4.85s 
162754     INFO  main            d.u.i.k.p.i.AbstractProblemLoader Replaying proof simple_evoting.NetworkClient[simple_evoting.NetworkClient::send([B,simple_evoting.Server,int)].JML normal_behavior operation contract.0 
162759     DEBUG main            d.u.i.k.p.i.IntermediateProofReplayer Proof replay took 39.3ns 
163062     INFO  main            d.u.i.k.p.r.p.TestFile    ... finished proof: closed. 
163410     INFO  main            d.u.i.k.p.r.p.TestFile    Now processing file /home/runner/work/key/key/key.core/../key.ui/examples/InformationFlow/SimpleEvoting/simple_evoting.Setup(simple_evoting.Setup__publishResult()).JML normal_behavior operation contract.0.key 
163412     INFO  main            d.u.i.k.p.i.AbstractProblemLoader Loading environment from /home/runner/work/key/key/key.core/../key.ui/examples/InformationFlow/SimpleEvoting/simple_evoting.Setup(simple_evoting.Setup__publishResult()).JML normal_behavior operation contract.0.key 
163413     DEBUG main            d.u.i.k.p.i.AbstractProblemLoader Environment load took 637.1ns 
163416     INFO  main            d.u.i.k.p.i.AbstractProblemLoader Creating init config 
168276     DEBUG main            d.u.i.k.p.i.AbstractProblemLoader Init config took 4.86s 
168397     INFO  main            d.u.i.k.p.i.AbstractProblemLoader Replaying proof simple_evoting.Setup[simple_evoting.Setup::publishResult()].JML normal_behavior operation contract.0 
168405     DEBUG main            d.u.i.k.p.i.IntermediateProofReplayer Proof replay took 32.3ns 
169717     INFO  main            d.u.i.k.p.r.p.TestFile    ... finished proof: closed. 
170073     INFO  main            d.u.i.k.p.r.p.TestFile    Now processing file /home/runner/work/key/key/key.core/../key.ui/examples/InformationFlow/SimpleEvoting/simple_evoting.Setup(simple_evoting.Setup__main()).JML normal_behavior operation contract.0.key 
170075     INFO  main            d.u.i.k.p.i.AbstractProblemLoader Loading environment from /home/runner/work/key/key/key.core/../key.ui/examples/InformationFlow/SimpleEvoting/simple_evoting.Setup(simple_evoting.Setup__main()).JML normal_behavior operation contract.0.key 
170075     DEBUG main            d.u.i.k.p.i.AbstractProblemLoader Environment load took 803.4ns 
170082     INFO  main            d.u.i.k.p.i.AbstractProblemLoader Creating init config 
174988     DEBUG main            d.u.i.k.p.i.AbstractProblemLoader Init config took 4.91s 
175099     INFO  main            d.u.i.k.p.i.AbstractProblemLoader Replaying proof simple_evoting.Setup[simple_evoting.Setup::main()].JML normal_behavior operation contract.0 
175106     DEBUG main            d.u.i.k.p.i.IntermediateProofReplayer Proof replay took 29.4ns 
239639     INFO  main            d.u.i.k.p.r.p.TestFile    ... finished proof: open goal(s) 
240143     INFO  main            d.u.i.k.p.r.p.TestFile    Now processing file /home/runner/work/key/key/key.core/../key.ui/examples/InformationFlow/SimpleEvoting/simple_evoting.Setup(java.lang.Object___inv_()).JML accessible clause.0.key 
240145     INFO  main            d.u.i.k.p.i.AbstractProblemLoader Loading environment from /home/runner/work/key/key/key.core/../key.ui/examples/InformationFlow/SimpleEvoting/simple_evoting.Setup(java.lang.Object___inv_()).JML accessible clause.0.key 
240148     DEBUG main            d.u.i.k.p.i.AbstractProblemLoader Environment load took 3.33ms 
240150     INFO  main            d.u.i.k.p.i.AbstractProblemLoader Creating init config 
244884     DEBUG main            d.u.i.k.p.i.AbstractProblemLoader Init config took 4.73s 
244976     INFO  main            d.u.i.k.p.i.AbstractProblemLoader Replaying proof simple_evoting.Setup[java.lang.Object::<inv>()].JML accessible clause.0 
244981     DEBUG main            d.u.i.k.p.i.IntermediateProofReplayer Proof replay took 24.3ns 
252125     INFO  main            d.u.i.k.p.r.p.TestFile    ... finished proof: closed. 
252746     INFO  main            d.u.i.k.p.r.p.TestFile    Now processing file /home/runner/work/key/key/key.core/../key.ui/examples/InformationFlow/SimpleEvoting/simple_evoting.Voter(simple_evoting.Voter__onSendBallot(simple_evoting.Server)).JML normal_behavior operation contract.1.key 
252748     INFO  main            d.u.i.k.p.i.AbstractProblemLoader Loading environment from /home/runner/work/key/key/key.core/../key.ui/examples/InformationFlow/SimpleEvoting/simple_evoting.Voter(simple_evoting.Voter__onSendBallot(simple_evoting.Server)).JML normal_behavior operation contract.1.key 
252749     DEBUG main            d.u.i.k.p.i.AbstractProblemLoader Environment load took 837.5ns 
252751     INFO  main            d.u.i.k.p.i.AbstractProblemLoader Creating init config 
257529     DEBUG main            d.u.i.k.p.i.AbstractProblemLoader Init config took 4.78s 
257630     INFO  main            d.u.i.k.p.i.AbstractProblemLoader Replaying proof simple_evoting.Voter[simple_evoting.Voter::onSendBallot(simple_evoting.Server)].JML normal_behavior operation contract.1 
257636     DEBUG main            d.u.i.k.p.i.IntermediateProofReplayer Proof replay took 32ns 
265904     INFO  main            d.u.i.k.p.r.p.TestFile    ... finished proof: closed. 
266410     INFO  main            d.u.i.k.p.r.p.TestFile    Now processing file /home/runner/work/key/key/key.core/../key.ui/examples/InformationFlow/SimpleEvoting/simple_evoting.Voter(simple_evoting.Voter__onSendBallot(simple_evoting.Server)).JML normal_behavior operation contract.0.key 
266411     INFO  main            d.u.i.k.p.i.AbstractProblemLoader Loading environment from /home/runner/work/key/key/key.core/../key.ui/examples/InformationFlow/SimpleEvoting/simple_evoting.Voter(simple_evoting.Voter__onSendBallot(simple_evoting.Server)).JML normal_behavior operation contract.0.key 
266411     DEBUG main            d.u.i.k.p.i.AbstractProblemLoader Environment load took 232ns 
266413     INFO  main            d.u.i.k.p.i.AbstractProblemLoader Creating init config 
271245     DEBUG main            d.u.i.k.p.i.AbstractProblemLoader Init config took 4.83s 
271368     INFO  main            d.u.i.k.p.i.AbstractProblemLoader Replaying proof simple_evoting.Voter[simple_evoting.Voter::onSendBallot(simple_evoting.Server)].JML normal_behavior operation contract.0 
271373     DEBUG main            d.u.i.k.p.i.IntermediateProofReplayer Proof replay took 26.5ns 
285188     INFO  main            d.u.i.k.p.r.p.TestFile    ... finished proof: closed. 
285694     INFO  main            d.u.i.k.p.r.p.TestFile    Now processing file /home/runner/work/key/key/key.core/../key.ui/examples/InformationFlow/SimpleEvoting/simple_evoting.Voter(java.lang.Object___inv_()).JML accessible clause.0.key 
285696     INFO  main            d.u.i.k.p.i.AbstractProblemLoader Loading environment from /home/runner/work/key/key/key.core/../key.ui/examples/InformationFlow/SimpleEvoting/simple_evoting.Voter(java.lang.Object___inv_()).JML accessible clause.0.key 
285697     DEBUG main            d.u.i.k.p.i.AbstractProblemLoader Environment load took 837.2ns 
285703     INFO  main            d.u.i.k.p.i.AbstractProblemLoader Creating init config 
290368     DEBUG main            d.u.i.k.p.i.AbstractProblemLoader Init config took 4.67s 
290457     INFO  main            d.u.i.k.p.i.AbstractProblemLoader Replaying proof simple_evoting.Voter[java.lang.Object::<inv>()].JML accessible clause.0 
290464     DEBUG main            d.u.i.k.p.i.IntermediateProofReplayer Proof replay took 26.2ns 
290768     INFO  main            d.u.i.k.p.r.p.TestFile    ... finished proof: closed. 
1243539    INFO  Test worker     d.u.i.k.p.r.RunAllProofsTestUnit Returning from test SimpleEvoting 
1243541    INFO  Test worker     d.u.i.k.p.r.RunAllProofsTestUnit Running test ToyVoting_nomacro 
619        INFO  Timeout watchdog d.u.i.k.p.r.p.ForkedTestFileRunner Timeout watcher launched (1000 secs.) 
659        WARN  main            d.u.i.k.s.ProofSettings   The settings in /home/runner/.key/proof-settings.props are *not* read. 
735        INFO  main            d.u.i.k.p.r.p.TestFile    Now processing file /home/runner/work/key/key/key.core/../key.ui/examples/InformationFlow/ToyVoting/Voter(Voter__insecure_voting()).Non-interference contract.0.key 
1031       INFO  main            d.u.i.k.p.i.AbstractProblemLoader Loading environment from /home/runner/work/key/key/key.core/../key.ui/examples/InformationFlow/ToyVoting/Voter(Voter__insecure_voting()).Non-interference contract.0.key 
1071       DEBUG main            d.u.i.k.p.i.AbstractProblemLoader Environment load took 4.37ms 
1469       INFO  main            d.u.i.k.p.i.AbstractProblemLoader Creating init config 
3009       DEBUG main            d.u.i.k.j.TypeConverter   No LDT found for Meta 
3011       DEBUG main            d.u.i.k.j.TypeConverter   No LDT found for Meta 
3016       DEBUG main            d.u.i.k.j.TypeConverter   No LDT found for Meta 
3017       DEBUG main            d.u.i.k.j.TypeConverter   No LDT found for Meta 
5261       DEBUG main            d.u.i.k.j.TypeConverter   No LDT found for JavaBigintExpression 
14850      DEBUG main            d.u.i.k.p.i.AbstractProblemLoader Init config took 13.38s 
15108      INFO  main            d.u.i.k.p.i.AbstractProblemLoader Replaying proof Voter[Voter::insecure_voting()].Non-interference contract.0 
15258      DEBUG main            d.u.i.k.p.i.IntermediateProofReplayer Proof replay took 944.8ns 
41843      INFO  main            d.u.i.k.p.r.p.TestFile    ... finished proof: open goal(s) 
42215      INFO  main            d.u.i.k.p.r.p.TestFile    Now processing file /home/runner/work/key/key/key.core/../key.ui/examples/InformationFlow/ToyVoting/Voter(Voter__publishVoterParticipation()).Non-interference contract.0.key 
42216      INFO  main            d.u.i.k.p.i.AbstractProblemLoader Loading environment from /home/runner/work/key/key/key.core/../key.ui/examples/InformationFlow/ToyVoting/Voter(Voter__publishVoterParticipation()).Non-interference contract.0.key 
42217      DEBUG main            d.u.i.k.p.i.AbstractProblemLoader Environment load took 692.1ns 
42230      INFO  main            d.u.i.k.p.i.AbstractProblemLoader Creating init config 
47195      DEBUG main            d.u.i.k.p.i.AbstractProblemLoader Init config took 4.96s 
47369      INFO  main            d.u.i.k.p.i.AbstractProblemLoader Replaying proof Voter[Voter::publishVoterParticipation()].Non-interference contract.0 
47387      DEBUG main            d.u.i.k.p.i.IntermediateProofReplayer Proof replay took 33.5ns 
47995      INFO  main            d.u.i.k.p.r.p.TestFile    ... finished proof: closed. 
48405      INFO  main            d.u.i.k.p.r.p.TestFile    Now processing file /home/runner/work/key/key/key.core/../key.ui/examples/InformationFlow/ToyVoting/Voter(Voter__isValid(int)).Non-interference contract.0.key 
48409      INFO  main            d.u.i.k.p.i.AbstractProblemLoader Loading environment from /home/runner/work/key/key/key.core/../key.ui/examples/InformationFlow/ToyVoting/Voter(Voter__isValid(int)).Non-interference contract.0.key 
48411      DEBUG main            d.u.i.k.p.i.AbstractProblemLoader Environment load took 1.15ms 
48416      INFO  main            d.u.i.k.p.i.AbstractProblemLoader Creating init config 
52894      DEBUG main            d.u.i.k.p.i.AbstractProblemLoader Init config took 4.48s 
53058      INFO  main            d.u.i.k.p.i.AbstractProblemLoader Replaying proof Voter[Voter::isValid(int)].Non-interference contract.0 
53069      DEBUG main            d.u.i.k.p.i.IntermediateProofReplayer Proof replay took 25.5ns 
53981      INFO  main            d.u.i.k.p.r.p.TestFile    ... finished proof: closed. 
54235      INFO  main            d.u.i.k.p.r.p.TestFile    Now processing file /home/runner/work/key/key/key.core/../key.ui/examples/InformationFlow/ToyVoting/Voter(Voter__sendVote(int)).Non-interference contract.0.key 
54237      INFO  main            d.u.i.k.p.i.AbstractProblemLoader Loading environment from /home/runner/work/key/key/key.core/../key.ui/examples/InformationFlow/ToyVoting/Voter(Voter__sendVote(int)).Non-interference contract.0.key 
54238      DEBUG main            d.u.i.k.p.i.AbstractProblemLoader Environment load took 1.43ms 
54241      INFO  main            d.u.i.k.p.i.AbstractProblemLoader Creating init config 
58669      DEBUG main            d.u.i.k.p.i.AbstractProblemLoader Init config took 4.43s 
58833      INFO  main            d.u.i.k.p.i.AbstractProblemLoader Replaying proof Voter[Voter::sendVote(int)].Non-interference contract.0 
58841      DEBUG main            d.u.i.k.p.i.IntermediateProofReplayer Proof replay took 26.6ns 
59450      INFO  main            d.u.i.k.p.r.p.TestFile    ... finished proof: closed. 
59684      INFO  main            d.u.i.k.p.r.p.TestFile    Now processing file /home/runner/work/key/key/key.core/../key.ui/examples/InformationFlow/ToyVoting/Voter(Voter__inputVote()).Non-interference contract.0.key 
59686      INFO  main            d.u.i.k.p.i.AbstractProblemLoader Loading environment from /home/runner/work/key/key/key.core/../key.ui/examples/InformationFlow/ToyVoting/Voter(Voter__inputVote()).Non-interference contract.0.key 
59686      DEBUG main            d.u.i.k.p.i.AbstractProblemLoader Environment load took 694.9ns 
59692      INFO  main            d.u.i.k.p.i.AbstractProblemLoader Creating init config 
64307      DEBUG main            d.u.i.k.p.i.AbstractProblemLoader Init config took 4.62s 
64444      INFO  main            d.u.i.k.p.i.AbstractProblemLoader Replaying proof Voter[Voter::inputVote()].Non-interference contract.0 
64454      DEBUG main            d.u.i.k.p.i.IntermediateProofReplayer Proof replay took 38.8ns 
64859      INFO  main            d.u.i.k.p.r.p.TestFile    ... finished proof: closed. 
1308934    INFO  Test worker     d.u.i.k.p.r.RunAllProofsTestUnit Returning from test ToyVoting_nomacro 
1308936    INFO  Test worker     d.u.i.k.p.r.RunAllProofsTestUnit Running test ConditionalConfidential_nomacro 
1308937    INFO  Test worker     d.u.i.k.p.r.RunAllProofsTestUnit Returning from test ConditionalConfidential_nomacro 
1308939    INFO  Test worker     d.u.i.k.p.r.RunAllProofsTestUnit Running test SumExample_nomacro 
690        INFO  Timeout watchdog d.u.i.k.p.r.p.ForkedTestFileRunner Timeout watcher launched (1000 secs.) 
744        WARN  main            d.u.i.k.s.ProofSettings   The settings in /home/runner/.key/proof-settings.props are *not* read. 
825        INFO  main            d.u.i.k.p.r.p.TestFile    Now processing file /home/runner/work/key/key/key.core/../key.ui/examples/InformationFlow/Sum/SumExample(SumExample__getSum()).Non-interference contract.0.key 
1088       INFO  main            d.u.i.k.p.i.AbstractProblemLoader Loading environment from /home/runner/work/key/key/key.core/../key.ui/examples/InformationFlow/Sum/SumExample(SumExample__getSum()).Non-interference contract.0.key 
1123       DEBUG main            d.u.i.k.p.i.AbstractProblemLoader Environment load took 4.75ms 
1567       INFO  main            d.u.i.k.p.i.AbstractProblemLoader Creating init config 
2980       DEBUG main            d.u.i.k.j.TypeConverter   No LDT found for Meta 
2982       DEBUG main            d.u.i.k.j.TypeConverter   No LDT found for Meta 
2985       DEBUG main            d.u.i.k.j.TypeConverter   No LDT found for Meta 
2986       DEBUG main            d.u.i.k.j.TypeConverter   No LDT found for Meta 
5272       DEBUG main            d.u.i.k.j.TypeConverter   No LDT found for JavaBigintExpression 
15375      DEBUG main            d.u.i.k.p.i.AbstractProblemLoader Init config took 13.81s 
15753      INFO  main            d.u.i.k.p.i.AbstractProblemLoader Replaying proof SumExample[SumExample::getSum()].Non-interference contract.0 
15834      DEBUG main            d.u.i.k.p.i.IntermediateProofReplayer Proof replay took 3.29ms 
22545      INFO  main            d.u.i.k.p.r.p.TestFile    ... finished proof: closed. 
1332222    INFO  Test worker     d.u.i.k.p.r.RunAllProofsTestUnit Returning from test SumExample_nomacro 
1332228    INFO  Test worker     d.u.i.k.p.r.RunAllProofsTestUnit Running test ToyBanking_nomacro 
642        INFO  Timeout watchdog d.u.i.k.p.r.p.ForkedTestFileRunner Timeout watcher launched (1000 secs.) 
679        WARN  main            d.u.i.k.s.ProofSettings   The settings in /home/runner/.key/proof-settings.props are *not* read. 
719        INFO  main            d.u.i.k.p.r.p.TestFile    Now processing file /home/runner/work/key/key/key.core/../key.ui/examples/InformationFlow/ToyBanking/banking_example.UserAccount(banking_example.UserAccount__getBankAccount(int)).Non-interference contract.0.key 
956        INFO  main            d.u.i.k.p.i.AbstractProblemLoader Loading environment from /home/runner/work/key/key/key.core/../key.ui/examples/InformationFlow/ToyBanking/banking_example.UserAccount(banking_example.UserAccount__getBankAccount(int)).Non-interference contract.0.key 
1001       DEBUG main            d.u.i.k.p.i.AbstractProblemLoader Environment load took 4.95ms 
1409       INFO  main            d.u.i.k.p.i.AbstractProblemLoader Creating init config 
2964       DEBUG main            d.u.i.k.j.TypeConverter   No LDT found for Meta 
2965       DEBUG main            d.u.i.k.j.TypeConverter   No LDT found for Meta 
2973       DEBUG main            d.u.i.k.j.TypeConverter   No LDT found for Meta 
2973       DEBUG main            d.u.i.k.j.TypeConverter   No LDT found for Meta 
5249       DEBUG main            d.u.i.k.j.TypeConverter   No LDT found for JavaBigintExpression 
16299      DEBUG main            d.u.i.k.p.i.AbstractProblemLoader Init config took 14.89s 
16801      INFO  main            d.u.i.k.p.i.AbstractProblemLoader Replaying proof banking_example.UserAccount[banking_example.UserAccount::getBankAccount(int)].Non-interference contract.0 
16984      DEBUG main            d.u.i.k.p.i.IntermediateProofReplayer Proof replay took 889.4ns 
24376      INFO  main            d.u.i.k.p.r.p.TestFile    ... finished proof: closed. 
24809      INFO  main            d.u.i.k.p.r.p.TestFile    Now processing file /home/runner/work/key/key/key.core/../key.ui/examples/InformationFlow/ToyBanking/banking_example.BankAccount(banking_example.BankAccount__depositMoney(int)).Non-interference contract.0.key 
24810      INFO  main            d.u.i.k.p.i.AbstractProblemLoader Loading environment from /home/runner/work/key/key/key.core/../key.ui/examples/InformationFlow/ToyBanking/banking_example.BankAccount(banking_example.BankAccount__depositMoney(int)).Non-interference contract.0.key 
24811      DEBUG main            d.u.i.k.p.i.AbstractProblemLoader Environment load took 808.6ns 
24819      INFO  main            d.u.i.k.p.i.AbstractProblemLoader Creating init config 
30367      DEBUG main            d.u.i.k.p.i.AbstractProblemLoader Init config took 5.55s 
30515      INFO  main            d.u.i.k.p.i.AbstractProblemLoader Replaying proof banking_example.BankAccount[banking_example.BankAccount::depositMoney(int)].Non-interference contract.0 
30534      DEBUG main            d.u.i.k.p.i.IntermediateProofReplayer Proof replay took 27.7ns 
32853      INFO  main            d.u.i.k.p.r.p.TestFile    ... finished proof: closed. 
33133      INFO  main            d.u.i.k.p.r.p.TestFile    Now processing file /home/runner/work/key/key/key.core/../key.ui/examples/InformationFlow/ToyBanking/banking_example.BankAccount(banking_example.BankAccount__getBalance()).Non-interference contract.0.key 
33134      INFO  main            d.u.i.k.p.i.AbstractProblemLoader Loading environment from /home/runner/work/key/key/key.core/../key.ui/examples/InformationFlow/ToyBanking/banking_example.BankAccount(banking_example.BankAccount__getBalance()).Non-interference contract.0.key 
33135      DEBUG main            d.u.i.k.p.i.AbstractProblemLoader Environment load took 427.8ns 
33138      INFO  main            d.u.i.k.p.i.AbstractProblemLoader Creating init config 
38097      DEBUG main            d.u.i.k.p.i.AbstractProblemLoader Init config took 4.96s 
38236      INFO  main            d.u.i.k.p.i.AbstractProblemLoader Replaying proof banking_example.BankAccount[banking_example.BankAccount::getBalance()].Non-interference contract.0 
38257      DEBUG main            d.u.i.k.p.i.IntermediateProofReplayer Proof replay took 41.6ns 
38865      INFO  main            d.u.i.k.p.r.p.TestFile    ... finished proof: closed. 
39129      INFO  main            d.u.i.k.p.r.p.TestFile    Now processing file /home/runner/work/key/key/key.core/../key.ui/examples/InformationFlow/ToyBanking/banking_example.BankAccount(banking_example.BankAccount__getId()).Non-interference contract.0.key 
39130      INFO  main            d.u.i.k.p.i.AbstractProblemLoader Loading environment from /home/runner/work/key/key/key.core/../key.ui/examples/InformationFlow/ToyBanking/banking_example.BankAccount(banking_example.BankAccount__getId()).Non-interference contract.0.key 
39131      DEBUG main            d.u.i.k.p.i.AbstractProblemLoader Environment load took 769.3ns 
39134      INFO  main            d.u.i.k.p.i.AbstractProblemLoader Creating init config 
44084      DEBUG main            d.u.i.k.p.i.AbstractProblemLoader Init config took 4.95s 
44193      INFO  main            d.u.i.k.p.i.AbstractProblemLoader Replaying proof banking_example.BankAccount[banking_example.BankAccount::getId()].Non-interference contract.0 
44202      DEBUG main            d.u.i.k.p.i.IntermediateProofReplayer Proof replay took 23.5ns 
44909      INFO  main            d.u.i.k.p.r.p.TestFile    ... finished proof: closed. 
45161      INFO  main            d.u.i.k.p.r.p.TestFile    Now processing file /home/runner/work/key/key/key.core/../key.ui/examples/InformationFlow/ToyBanking/banking_example.Bank(banking_example.Bank__login(int,(C)).Non-interference contract.0.key 
45164      INFO  main            d.u.i.k.p.i.AbstractProblemLoader Loading environment from /home/runner/work/key/key/key.core/../key.ui/examples/InformationFlow/ToyBanking/banking_example.Bank(banking_example.Bank__login(int,(C)).Non-interference contract.0.key 
45165      DEBUG main            d.u.i.k.p.i.AbstractProblemLoader Environment load took 819.5ns 
45170      INFO  main            d.u.i.k.p.i.AbstractProblemLoader Creating init config 
50000      DEBUG main            d.u.i.k.p.i.AbstractProblemLoader Init config took 4.83s 
50203      INFO  main            d.u.i.k.p.i.AbstractProblemLoader Replaying proof banking_example.Bank[banking_example.Bank::login(int,[C)].Non-interference contract.0 
50212      DEBUG main            d.u.i.k.p.i.IntermediateProofReplayer Proof replay took 25ns 
123951     INFO  main            d.u.i.k.p.r.p.TestFile    ... finished proof: open goal(s) 
124441     INFO  main            d.u.i.k.p.r.p.TestFile    Now processing file /home/runner/work/key/key/key.core/../key.ui/examples/InformationFlow/ToyBanking/banking_example2.UserAccount(banking_example2.UserAccount__getBankAccount(int)).Non-interference contract.0.key 
124443     INFO  main            d.u.i.k.p.i.AbstractProblemLoader Loading environment from /home/runner/work/key/key/key.core/../key.ui/examples/InformationFlow/ToyBanking/banking_example2.UserAccount(banking_example2.UserAccount__getBankAccount(int)).Non-interference contract.0.key 
124443     DEBUG main            d.u.i.k.p.i.AbstractProblemLoader Environment load took 335.5ns 
124447     INFO  main            d.u.i.k.p.i.AbstractProblemLoader Creating init config 
129008     DEBUG main            d.u.i.k.p.i.AbstractProblemLoader Init config took 4.56s 
129213     INFO  main            d.u.i.k.p.i.AbstractProblemLoader Replaying proof banking_example2.UserAccount[banking_example2.UserAccount::getBankAccount(int)].Non-interference contract.0 
129224     DEBUG main            d.u.i.k.p.i.IntermediateProofReplayer Proof replay took 22.8ns 
132772     INFO  main            d.u.i.k.p.r.p.TestFile    ... finished proof: closed. 
133264     INFO  main            d.u.i.k.p.r.p.TestFile    Now processing file /home/runner/work/key/key/key.core/../key.ui/examples/InformationFlow/ToyBanking/banking_example2.BankAccount(banking_example2.BankAccount__depositMoney(int)).Non-interference contract.0.key 
133266     INFO  main            d.u.i.k.p.i.AbstractProblemLoader Loading environment from /home/runner/work/key/key/key.core/../key.ui/examples/InformationFlow/ToyBanking/banking_example2.BankAccount(banking_example2.BankAccount__depositMoney(int)).Non-interference contract.0.key 
133267     DEBUG main            d.u.i.k.p.i.AbstractProblemLoader Environment load took 936.3ns 
133271     INFO  main            d.u.i.k.p.i.AbstractProblemLoader Creating init config 
137721     DEBUG main            d.u.i.k.p.i.AbstractProblemLoader Init config took 4.45s 
137821     INFO  main            d.u.i.k.p.i.AbstractProblemLoader Replaying proof banking_example2.BankAccount[banking_example2.BankAccount::depositMoney(int)].Non-interference contract.0 
137826     DEBUG main            d.u.i.k.p.i.IntermediateProofReplayer Proof replay took 30ns 
139458     INFO  main            d.u.i.k.p.r.p.TestFile    ... finished proof: closed. 
139762     INFO  main            d.u.i.k.p.r.p.TestFile    Now processing file /home/runner/work/key/key/key.core/../key.ui/examples/InformationFlow/ToyBanking/banking_example2.BankAccount(banking_example2.BankAccount__getBalance()).Non-interference contract.0.key 
139764     INFO  main            d.u.i.k.p.i.AbstractProblemLoader Loading environment from /home/runner/work/key/key/key.core/../key.ui/examples/InformationFlow/ToyBanking/banking_example2.BankAccount(banking_example2.BankAccount__getBalance()).Non-interference contract.0.key 
139765     DEBUG main            d.u.i.k.p.i.AbstractProblemLoader Environment load took 862ns 
139767     INFO  main            d.u.i.k.p.i.AbstractProblemLoader Creating init config 
144252     DEBUG main            d.u.i.k.p.i.AbstractProblemLoader Init config took 4.49s 
144354     INFO  main            d.u.i.k.p.i.AbstractProblemLoader Replaying proof banking_example2.BankAccount[banking_example2.BankAccount::getBalance()].Non-interference contract.0 
144360     DEBUG main            d.u.i.k.p.i.IntermediateProofReplayer Proof replay took 22.9ns 
144865     INFO  main            d.u.i.k.p.r.p.TestFile    ... finished proof: closed. 
145169     INFO  main            d.u.i.k.p.r.p.TestFile    Now processing file /home/runner/work/key/key/key.core/../key.ui/examples/InformationFlow/ToyBanking/banking_example2.BankAccount(banking_example2.BankAccount__getId()).Non-interference contract.0.key 
145171     INFO  main            d.u.i.k.p.i.AbstractProblemLoader Loading environment from /home/runner/work/key/key/key.core/../key.ui/examples/InformationFlow/ToyBanking/banking_example2.BankAccount(banking_example2.BankAccount__getId()).Non-interference contract.0.key 
145172     DEBUG main            d.u.i.k.p.i.AbstractProblemLoader Environment load took 882.2ns 
145174     INFO  main            d.u.i.k.p.i.AbstractProblemLoader Creating init config 
149623     DEBUG main            d.u.i.k.p.i.AbstractProblemLoader Init config took 4.45s 
149716     INFO  main            d.u.i.k.p.i.AbstractProblemLoader Replaying proof banking_example2.BankAccount[banking_example2.BankAccount::getId()].Non-interference contract.0 
149722     DEBUG main            d.u.i.k.p.i.IntermediateProofReplayer Proof replay took 35.3ns 
150230     INFO  main            d.u.i.k.p.r.p.TestFile    ... finished proof: closed. 
1483084    INFO  Test worker     d.u.i.k.p.r.RunAllProofsTestUnit Returning from test ToyBanking_nomacro 
1483090    INFO  Test worker     d.u.i.k.p.r.RunAllProofsTestUnit Running test BlockContracts_nomacro 
635        INFO  Timeout watchdog d.u.i.k.p.r.p.ForkedTestFileRunner Timeout watcher launched (1000 secs.) 
699        WARN  main            d.u.i.k.s.ProofSettings   The settings in /home/runner/.key/proof-settings.props are *not* read. 
770        INFO  main            d.u.i.k.p.r.p.TestFile    Now processing file /home/runner/work/key/key/key.core/../key.ui/examples/InformationFlow/BlockContracts/contract.IFBlockExamples(contract.IFBlockExamples__secure_5()).Non-interference contract.0.key 
997        INFO  main            d.u.i.k.p.i.AbstractProblemLoader Loading environment from /home/runner/work/key/key/key.core/../key.ui/examples/InformationFlow/BlockContracts/contract.IFBlockExamples(contract.IFBlockExamples__secure_5()).Non-interference contract.0.key 
1037       DEBUG main            d.u.i.k.p.i.AbstractProblemLoader Environment load took 3.71ms 
1445       INFO  main            d.u.i.k.p.i.AbstractProblemLoader Creating init config 
2917       DEBUG main            d.u.i.k.j.TypeConverter   No LDT found for Meta 
2919       DEBUG main            d.u.i.k.j.TypeConverter   No LDT found for Meta 
2926       DEBUG main            d.u.i.k.j.TypeConverter   No LDT found for Meta 
2927       DEBUG main            d.u.i.k.j.TypeConverter   No LDT found for Meta 
5368       DEBUG main            d.u.i.k.j.TypeConverter   No LDT found for JavaBigintExpression 
16814      DEBUG main            d.u.i.k.p.i.AbstractProblemLoader Init config took 15.37s 
17184      INFO  main            d.u.i.k.p.i.AbstractProblemLoader Replaying proof contract.IFBlockExamples[contract.IFBlockExamples::secure_5()].Non-interference contract.0 
17353      DEBUG main            d.u.i.k.p.i.IntermediateProofReplayer Proof replay took 789.9ns 
20314      INFO  main            d.u.i.k.p.r.p.TestFile    ... finished proof: closed. 
20567      INFO  main            d.u.i.k.p.r.p.TestFile    Now processing file /home/runner/work/key/key/key.core/../key.ui/examples/InformationFlow/BlockContracts/contract.IFBlockExamples(contract.IFBlockExamples__block_no_return_secure(int)).Non-interference contract.0.key 
20571      INFO  main            d.u.i.k.p.i.AbstractProblemLoader Loading environment from /home/runner/work/key/key/key.core/../key.ui/examples/InformationFlow/BlockContracts/contract.IFBlockExamples(contract.IFBlockExamples__block_no_return_secure(int)).Non-interference contract.0.key 
20574      DEBUG main            d.u.i.k.p.i.AbstractProblemLoader Environment load took 3.08ms 
20580      INFO  main            d.u.i.k.p.i.AbstractProblemLoader Creating init config 
25835      DEBUG main            d.u.i.k.p.i.AbstractProblemLoader Init config took 5.25s 
25956      INFO  main            d.u.i.k.p.i.AbstractProblemLoader Replaying proof contract.IFBlockExamples[contract.IFBlockExamples::block_no_return_secure(int)].Non-interference contract.0 
25971      DEBUG main            d.u.i.k.p.i.IntermediateProofReplayer Proof replay took 26.7ns 
27282      INFO  main            d.u.i.k.p.r.p.TestFile    ... finished proof: closed. 
27629      INFO  main            d.u.i.k.p.r.p.TestFile    Now processing file /home/runner/work/key/key/key.core/../key.ui/examples/InformationFlow/BlockContracts/contract.IFBlockExamples(contract.IFBlockExamples__while_block_insecure(int)).Non-interference contract.0.key 
27631      INFO  main            d.u.i.k.p.i.AbstractProblemLoader Loading environment from /home/runner/work/key/key/key.core/../key.ui/examples/InformationFlow/BlockContracts/contract.IFBlockExamples(contract.IFBlockExamples__while_block_insecure(int)).Non-interference contract.0.key 
27632      DEBUG main            d.u.i.k.p.i.AbstractProblemLoader Environment load took 928.2ns 
27638      INFO  main            d.u.i.k.p.i.AbstractProblemLoader Creating init config 
32422      DEBUG main            d.u.i.k.p.i.AbstractProblemLoader Init config took 4.78s 
32533      INFO  main            d.u.i.k.p.i.AbstractProblemLoader Replaying proof contract.IFBlockExamples[contract.IFBlockExamples::while_block_insecure(int)].Non-interference contract.0 
32539      DEBUG main            d.u.i.k.p.i.IntermediateProofReplayer Proof replay took 24.6ns 
36025      INFO  main            d.u.i.k.p.r.p.TestFile    ... finished proof: open goal(s) 
36335      INFO  main            d.u.i.k.p.r.p.TestFile    Now processing file /home/runner/work/key/key/key.core/../key.ui/examples/InformationFlow/BlockContracts/contract.IFBlockExamples(contract.IFBlockExamples__while_block_secure(int)).Non-interference contract.0.key 
36339      INFO  main            d.u.i.k.p.i.AbstractProblemLoader Loading environment from /home/runner/work/key/key/key.core/../key.ui/examples/InformationFlow/BlockContracts/contract.IFBlockExamples(contract.IFBlockExamples__while_block_secure(int)).Non-interference contract.0.key 
36340      DEBUG main            d.u.i.k.p.i.AbstractProblemLoader Environment load took 764.8ns 
36343      INFO  main            d.u.i.k.p.i.AbstractProblemLoader Creating init config 
41193      DEBUG main            d.u.i.k.p.i.AbstractProblemLoader Init config took 4.85s 
41309      INFO  main            d.u.i.k.p.i.AbstractProblemLoader Replaying proof contract.IFBlockExamples[contract.IFBlockExamples::while_block_secure(int)].Non-interference contract.0 
41316      DEBUG main            d.u.i.k.p.i.IntermediateProofReplayer Proof replay took 40.7ns 
44227      INFO  main            d.u.i.k.p.r.p.TestFile    ... finished proof: closed. 
44583      INFO  main            d.u.i.k.p.r.p.TestFile    Now processing file /home/runner/work/key/key/key.core/../key.ui/examples/InformationFlow/BlockContracts/contract.IFBlockExamples(contract.IFBlockExamples__block_while_secure(int)).Non-interference contract.0.key 
44585      INFO  main            d.u.i.k.p.i.AbstractProblemLoader Loading environment from /home/runner/work/key/key/key.core/../key.ui/examples/InformationFlow/BlockContracts/contract.IFBlockExamples(contract.IFBlockExamples__block_while_secure(int)).Non-interference contract.0.key 
44586      DEBUG main            d.u.i.k.p.i.AbstractProblemLoader Environment load took 828.9ns 
44589      INFO  main            d.u.i.k.p.i.AbstractProblemLoader Creating init config 
49282      DEBUG main            d.u.i.k.p.i.AbstractProblemLoader Init config took 4.69s 
49401      INFO  main            d.u.i.k.p.i.AbstractProblemLoader Replaying proof contract.IFBlockExamples[contract.IFBlockExamples::block_while_secure(int)].Non-interference contract.0 
49412      DEBUG main            d.u.i.k.p.i.IntermediateProofReplayer Proof replay took 40.3ns 
52762      INFO  main            d.u.i.k.p.r.p.TestFile    ... finished proof: closed. 
53129      INFO  main            d.u.i.k.p.r.p.TestFile    Now processing file /home/runner/work/key/key/key.core/../key.ui/examples/InformationFlow/BlockContracts/contract.IFBlockExamples(contract.IFBlockExamples__insecure_4(int)).Non-interference contract.0.key 
53130      INFO  main            d.u.i.k.p.i.AbstractProblemLoader Loading environment from /home/runner/work/key/key/key.core/../key.ui/examples/InformationFlow/BlockContracts/contract.IFBlockExamples(contract.IFBlockExamples__insecure_4(int)).Non-interference contract.0.key 
53130      DEBUG main            d.u.i.k.p.i.AbstractProblemLoader Environment load took 121.9ns 
53132      INFO  main            d.u.i.k.p.i.AbstractProblemLoader Creating init config 
57594      DEBUG main            d.u.i.k.p.i.AbstractProblemLoader Init config took 4.46s 
57684      INFO  main            d.u.i.k.p.i.AbstractProblemLoader Replaying proof contract.IFBlockExamples[contract.IFBlockExamples::insecure_4(int)].Non-interference contract.0 
57690      DEBUG main            d.u.i.k.p.i.IntermediateProofReplayer Proof replay took 27.5ns 
61730      INFO  main            d.u.i.k.p.r.p.TestFile    ... finished proof: open goal(s) 
62163      INFO  main            d.u.i.k.p.r.p.TestFile    Now processing file /home/runner/work/key/key/key.core/../key.ui/examples/InformationFlow/BlockContracts/contract.IFBlockExamples(contract.IFBlockExamples__insecure_3(int)).Non-interference contract.0.key 
62164      INFO  main            d.u.i.k.p.i.AbstractProblemLoader Loading environment from /home/runner/work/key/key/key.core/../key.ui/examples/InformationFlow/BlockContracts/contract.IFBlockExamples(contract.IFBlockExamples__insecure_3(int)).Non-interference contract.0.key 
62165      DEBUG main            d.u.i.k.p.i.AbstractProblemLoader Environment load took 1.17ms 
62168      INFO  main            d.u.i.k.p.i.AbstractProblemLoader Creating init config 
66745      DEBUG main            d.u.i.k.p.i.AbstractProblemLoader Init config took 4.58s 
66853      INFO  main            d.u.i.k.p.i.AbstractProblemLoader Replaying proof contract.IFBlockExamples[contract.IFBlockExamples::insecure_3(int)].Non-interference contract.0 
66861      DEBUG main            d.u.i.k.p.i.IntermediateProofReplayer Proof replay took 31.4ns 
71295      INFO  main            d.u.i.k.p.r.p.TestFile    ... finished proof: open goal(s) 
71689      INFO  main            d.u.i.k.p.r.p.TestFile    Now processing file /home/runner/work/key/key/key.core/../key.ui/examples/InformationFlow/BlockContracts/contract.IFBlockExamples(contract.IFBlockExamples__secure_3(int)).Non-interference contract.0.key 
71691      INFO  main            d.u.i.k.p.i.AbstractProblemLoader Loading environment from /home/runner/work/key/key/key.core/../key.ui/examples/InformationFlow/BlockContracts/contract.IFBlockExamples(contract.IFBlockExamples__secure_3(int)).Non-interference contract.0.key 
71692      DEBUG main            d.u.i.k.p.i.AbstractProblemLoader Environment load took 670ns 
71693      INFO  main            d.u.i.k.p.i.AbstractProblemLoader Creating init config 
76092      DEBUG main            d.u.i.k.p.i.AbstractProblemLoader Init config took 4.4s 
76191      INFO  main            d.u.i.k.p.i.AbstractProblemLoader Replaying proof contract.IFBlockExamples[contract.IFBlockExamples::secure_3(int)].Non-interference contract.0 
76201      DEBUG main            d.u.i.k.p.i.IntermediateProofReplayer Proof replay took 35.1ns 
80225      INFO  main            d.u.i.k.p.r.p.TestFile    ... finished proof: closed. 
80674      INFO  main            d.u.i.k.p.r.p.TestFile    Now processing file /home/runner/work/key/key/key.core/../key.ui/examples/InformationFlow/BlockContracts/contract.IFBlockExamples(contract.IFBlockExamples__secure_2(int)).Non-interference contract.0.key 
80676      INFO  main            d.u.i.k.p.i.AbstractProblemLoader Loading environment from /home/runner/work/key/key/key.core/../key.ui/examples/InformationFlow/BlockContracts/contract.IFBlockExamples(contract.IFBlockExamples__secure_2(int)).Non-interference contract.0.key 
80676      DEBUG main            d.u.i.k.p.i.AbstractProblemLoader Environment load took 500ns 
80678      INFO  main            d.u.i.k.p.i.AbstractProblemLoader Creating init config 
85065      DEBUG main            d.u.i.k.p.i.AbstractProblemLoader Init config took 4.39s 
85200      INFO  main            d.u.i.k.p.i.AbstractProblemLoader Replaying proof contract.IFBlockExamples[contract.IFBlockExamples::secure_2(int)].Non-interference contract.0 
85215      DEBUG main            d.u.i.k.p.i.IntermediateProofReplayer Proof replay took 29.2ns 
89993      INFO  main            d.u.i.k.p.r.p.TestFile    ... finished proof: closed. 
90491      INFO  main            d.u.i.k.p.r.p.TestFile    Now processing file /home/runner/work/key/key/key.core/../key.ui/examples/InformationFlow/BlockContracts/contract.IFBlockExamples(contract.IFBlockExamples__secure_8(int)).Non-interference contract.0.key 
90492      INFO  main            d.u.i.k.p.i.AbstractProblemLoader Loading environment from /home/runner/work/key/key/key.core/../key.ui/examples/InformationFlow/BlockContracts/contract.IFBlockExamples(contract.IFBlockExamples__secure_8(int)).Non-interference contract.0.key 
90494      DEBUG main            d.u.i.k.p.i.AbstractProblemLoader Environment load took 1.8ms 
90497      INFO  main            d.u.i.k.p.i.AbstractProblemLoader Creating init config 
94791      DEBUG main            d.u.i.k.p.i.AbstractProblemLoader Init config took 4.29s 
94885      INFO  main            d.u.i.k.p.i.AbstractProblemLoader Replaying proof contract.IFBlockExamples[contract.IFBlockExamples::secure_8(int)].Non-interference contract.0 
94890      DEBUG main            d.u.i.k.p.i.IntermediateProofReplayer Proof replay took 24.1ns 
96314      INFO  main            d.u.i.k.p.r.p.TestFile    ... finished proof: closed. 
96787      INFO  main            d.u.i.k.p.r.p.TestFile    Now processing file /home/runner/work/key/key/key.core/../key.ui/examples/InformationFlow/BlockContracts/contract.IFBlockExamples(contract.IFBlockExamples__secure_7(int)).Non-interference contract.0.key 
96789      INFO  main            d.u.i.k.p.i.AbstractProblemLoader Loading environment from /home/runner/work/key/key/key.core/../key.ui/examples/InformationFlow/BlockContracts/contract.IFBlockExamples(contract.IFBlockExamples__secure_7(int)).Non-interference contract.0.key 
96789      DEBUG main            d.u.i.k.p.i.AbstractProblemLoader Environment load took 594.8ns 
96792      INFO  main            d.u.i.k.p.i.AbstractProblemLoader Creating init config 
101016     DEBUG main            d.u.i.k.p.i.AbstractProblemLoader Init config took 4.22s 
101097     INFO  main            d.u.i.k.p.i.AbstractProblemLoader Replaying proof contract.IFBlockExamples[contract.IFBlockExamples::secure_7(int)].Non-interference contract.0 
101102     DEBUG main            d.u.i.k.p.i.IntermediateProofReplayer Proof replay took 26.4ns 
102009     INFO  main            d.u.i.k.p.r.p.TestFile    ... finished proof: closed. 
102322     INFO  main            d.u.i.k.p.r.p.TestFile    Now processing file /home/runner/work/key/key/key.core/../key.ui/examples/InformationFlow/BlockContracts/contract.IFBlockExamples(contract.IFBlockExamples__secure_6(int)).Non-interference contract.0.key 
102324     INFO  main            d.u.i.k.p.i.AbstractProblemLoader Loading environment from /home/runner/work/key/key/key.core/../key.ui/examples/InformationFlow/BlockContracts/contract.IFBlockExamples(contract.IFBlockExamples__secure_6(int)).Non-interference contract.0.key 
102326     DEBUG main            d.u.i.k.p.i.AbstractProblemLoader Environment load took 1.02ms 
102330     INFO  main            d.u.i.k.p.i.AbstractProblemLoader Creating init config 
106788     DEBUG main            d.u.i.k.p.i.AbstractProblemLoader Init config took 4.46s 
106888     INFO  main            d.u.i.k.p.i.AbstractProblemLoader Replaying proof contract.IFBlockExamples[contract.IFBlockExamples::secure_6(int)].Non-interference contract.0 
106897     DEBUG main            d.u.i.k.p.i.IntermediateProofReplayer Proof replay took 30.3ns 
107804     INFO  main            d.u.i.k.p.r.p.TestFile    ... finished proof: closed. 
108312     INFO  main            d.u.i.k.p.r.p.TestFile    Now processing file /home/runner/work/key/key/key.core/../key.ui/examples/InformationFlow/BlockContracts/contract.IFBlockExamples(contract.IFBlockExamples__insecure_1(int)).Non-interference contract.0.key 
108314     INFO  main            d.u.i.k.p.i.AbstractProblemLoader Loading environment from /home/runner/work/key/key/key.core/../key.ui/examples/InformationFlow/BlockContracts/contract.IFBlockExamples(contract.IFBlockExamples__insecure_1(int)).Non-interference contract.0.key 
108315     DEBUG main            d.u.i.k.p.i.AbstractProblemLoader Environment load took 817.9ns 
108321     INFO  main            d.u.i.k.p.i.AbstractProblemLoader Creating init config 
112724     DEBUG main            d.u.i.k.p.i.AbstractProblemLoader Init config took 4.4s 
112807     INFO  main            d.u.i.k.p.i.AbstractProblemLoader Replaying proof contract.IFBlockExamples[contract.IFBlockExamples::insecure_1(int)].Non-interference contract.0 
112814     DEBUG main            d.u.i.k.p.i.IntermediateProofReplayer Proof replay took 31.3ns 
113924     INFO  main            d.u.i.k.p.r.p.TestFile    ... finished proof: open goal(s) 
114257     INFO  main            d.u.i.k.p.r.p.TestFile    Now processing file /home/runner/work/key/key/key.core/../key.ui/examples/InformationFlow/BlockContracts/contract.IFBlockExamples(contract.IFBlockExamples__secure_4(int)).Non-interference contract.0.key 
114258     INFO  main            d.u.i.k.p.i.AbstractProblemLoader Loading environment from /home/runner/work/key/key/key.core/../key.ui/examples/InformationFlow/BlockContracts/contract.IFBlockExamples(contract.IFBlockExamples__secure_4(int)).Non-interference contract.0.key 
114258     DEBUG main            d.u.i.k.p.i.AbstractProblemLoader Environment load took 219.1ns 
114259     INFO  main            d.u.i.k.p.i.AbstractProblemLoader Creating init config 
118571     DEBUG main            d.u.i.k.p.i.AbstractProblemLoader Init config took 4.31s 
118660     INFO  main            d.u.i.k.p.i.AbstractProblemLoader Replaying proof contract.IFBlockExamples[contract.IFBlockExamples::secure_4(int)].Non-interference contract.0 
118668     DEBUG main            d.u.i.k.p.i.IntermediateProofReplayer Proof replay took 29.7ns 
119976     INFO  main            d.u.i.k.p.r.p.TestFile    ... finished proof: closed. 
120299     INFO  main            d.u.i.k.p.r.p.TestFile    Now processing file /home/runner/work/key/key/key.core/../key.ui/examples/InformationFlow/BlockContracts/contract.IFBlockExamples(contract.IFBlockExamples__secure_1(int)).Non-interference contract.0.key 
120300     INFO  main            d.u.i.k.p.i.AbstractProblemLoader Loading environment from /home/runner/work/key/key/key.core/../key.ui/examples/InformationFlow/BlockContracts/contract.IFBlockExamples(contract.IFBlockExamples__secure_1(int)).Non-interference contract.0.key 
120301     DEBUG main            d.u.i.k.p.i.AbstractProblemLoader Environment load took 571.7ns 
120302     INFO  main            d.u.i.k.p.i.AbstractProblemLoader Creating init config 
124527     DEBUG main            d.u.i.k.p.i.AbstractProblemLoader Init config took 4.22s 
124622     INFO  main            d.u.i.k.p.i.AbstractProblemLoader Replaying proof contract.IFBlockExamples[contract.IFBlockExamples::secure_1(int)].Non-interference contract.0 
124626     DEBUG main            d.u.i.k.p.i.IntermediateProofReplayer Proof replay took 30.5ns 
126154     INFO  main            d.u.i.k.p.r.p.TestFile    ... finished proof: closed. 
126534     INFO  main            d.u.i.k.p.r.p.TestFile    Now processing file /home/runner/work/key/key/key.core/../key.ui/examples/InformationFlow/BlockContracts/contract.IFEfficiencyExamples(contract.IFEfficiencyExamples__mWithoutBlockContract()).Non-interference contract.0.key 
126536     INFO  main            d.u.i.k.p.i.AbstractProblemLoader Loading environment from /home/runner/work/key/key/key.core/../key.ui/examples/InformationFlow/BlockContracts/contract.IFEfficiencyExamples(contract.IFEfficiencyExamples__mWithoutBlockContract()).Non-interference contract.0.key 
126536     DEBUG main            d.u.i.k.p.i.AbstractProblemLoader Environment load took 654.2ns 
126538     INFO  main            d.u.i.k.p.i.AbstractProblemLoader Creating init config 
130772     DEBUG main            d.u.i.k.p.i.AbstractProblemLoader Init config took 4.23s 
130850     INFO  main            d.u.i.k.p.i.AbstractProblemLoader Replaying proof contract.IFEfficiencyExamples[contract.IFEfficiencyExamples::mWithoutBlockContract()].Non-interference contract.0 
130855     DEBUG main            d.u.i.k.p.i.IntermediateProofReplayer Proof replay took 31.6ns 
136792     INFO  main            d.u.i.k.p.r.p.TestFile    ... finished proof: closed. 
137248     INFO  main            d.u.i.k.p.r.p.TestFile    Now processing file /home/runner/work/key/key/key.core/../key.ui/examples/InformationFlow/BlockContracts/contract.IFEfficiencyExamples(contract.IFEfficiencyExamples__mWithBlockContract()).Non-interference contract.0.key 
137249     INFO  main            d.u.i.k.p.i.AbstractProblemLoader Loading environment from /home/runner/work/key/key/key.core/../key.ui/examples/InformationFlow/BlockContracts/contract.IFEfficiencyExamples(contract.IFEfficiencyExamples__mWithBlockContract()).Non-interference contract.0.key 
137250     DEBUG main            d.u.i.k.p.i.AbstractProblemLoader Environment load took 699.3ns 
137252     INFO  main            d.u.i.k.p.i.AbstractProblemLoader Creating init config 
141511     DEBUG main            d.u.i.k.p.i.AbstractProblemLoader Init config took 4.26s 
141581     INFO  main            d.u.i.k.p.i.AbstractProblemLoader Replaying proof contract.IFEfficiencyExamples[contract.IFEfficiencyExamples::mWithBlockContract()].Non-interference contract.0 
141586     DEBUG main            d.u.i.k.p.i.IntermediateProofReplayer Proof replay took 40.3ns 
146456     INFO  main            d.u.i.k.p.r.p.TestFile    ... finished proof: closed. 
1630318    INFO  Test worker     d.u.i.k.p.r.RunAllProofsTestUnit Returning from test BlockContracts_nomacro 
1630320    INFO  Test worker     d.u.i.k.p.r.RunAllProofsTestUnit Running test MethodContracts_nomacro 
682        INFO  Timeout watchdog d.u.i.k.p.r.p.ForkedTestFileRunner Timeout watcher launched (1000 secs.) 
743        WARN  main            d.u.i.k.s.ProofSettings   The settings in /home/runner/.key/proof-settings.props are *not* read. 
787        INFO  main            d.u.i.k.p.r.p.TestFile    Now processing file /home/runner/work/key/key/key.core/../key.ui/examples/InformationFlow/MethodContracts/contract.IFMethodContract(contract.IFMethodContract__secure_recursion_2((I,int)).Non-interference contract.0.key 
1026       INFO  main            d.u.i.k.p.i.AbstractProblemLoader Loading environment from /home/runner/work/key/key/key.core/../key.ui/examples/InformationFlow/MethodContracts/contract.IFMethodContract(contract.IFMethodContract__secure_recursion_2((I,int)).Non-interference contract.0.key 
1067       DEBUG main            d.u.i.k.p.i.AbstractProblemLoader Environment load took 7.62ms 
1585       INFO  main            d.u.i.k.p.i.AbstractProblemLoader Creating init config 
2969       DEBUG main            d.u.i.k.j.TypeConverter   No LDT found for Meta 
2977       DEBUG main            d.u.i.k.j.TypeConverter   No LDT found for Meta 
2980       DEBUG main            d.u.i.k.j.TypeConverter   No LDT found for Meta 
2981       DEBUG main            d.u.i.k.j.TypeConverter   No LDT found for Meta 
5494       DEBUG main            d.u.i.k.j.TypeConverter   No LDT found for JavaBigintExpression 
15453      DEBUG main            d.u.i.k.p.i.AbstractProblemLoader Init config took 13.87s 
15861      INFO  main            d.u.i.k.p.i.AbstractProblemLoader Replaying proof contract.IFMethodContract[contract.IFMethodContract::secure_recursion_2([I,int)].Non-interference contract.0 
16009      DEBUG main            d.u.i.k.p.i.IntermediateProofReplayer Proof replay took 1.16ms 
23947      INFO  main            d.u.i.k.p.r.p.TestFile    ... finished proof: closed. 
24262      INFO  main            d.u.i.k.p.r.p.TestFile    Now processing file /home/runner/work/key/key/key.core/../key.ui/examples/InformationFlow/MethodContracts/contract.IFMethodContract(contract.IFMethodContract__secure_recursion(int)).Non-interference contract.0.key 
24268      INFO  main            d.u.i.k.p.i.AbstractProblemLoader Loading environment from /home/runner/work/key/key/key.core/../key.ui/examples/InformationFlow/MethodContracts/contract.IFMethodContract(contract.IFMethodContract__secure_recursion(int)).Non-interference contract.0.key 
24271      DEBUG main            d.u.i.k.p.i.AbstractProblemLoader Environment load took 3.63ms 
24275      INFO  main            d.u.i.k.p.i.AbstractProblemLoader Creating init config 
29513      DEBUG main            d.u.i.k.p.i.AbstractProblemLoader Init config took 5.24s 
29640      INFO  main            d.u.i.k.p.i.AbstractProblemLoader Replaying proof contract.IFMethodContract[contract.IFMethodContract::secure_recursion(int)].Non-interference contract.0 
29652      DEBUG main            d.u.i.k.p.i.IntermediateProofReplayer Proof replay took 29.5ns 
30760      INFO  main            d.u.i.k.p.r.p.TestFile    ... finished proof: closed. 
31086      INFO  main            d.u.i.k.p.r.p.TestFile    Now processing file /home/runner/work/key/key/key.core/../key.ui/examples/InformationFlow/MethodContracts/contract.IFMethodContract(contract.IFMethodContract__secure_catch_exception()).Non-interference contract.0.key 
31089      INFO  main            d.u.i.k.p.i.AbstractProblemLoader Loading environment from /home/runner/work/key/key/key.core/../key.ui/examples/InformationFlow/MethodContracts/contract.IFMethodContract(contract.IFMethodContract__secure_catch_exception()).Non-interference contract.0.key 
31091      DEBUG main            d.u.i.k.p.i.AbstractProblemLoader Environment load took 1.33ms 
31095      INFO  main            d.u.i.k.p.i.AbstractProblemLoader Creating init config 
35862      DEBUG main            d.u.i.k.p.i.AbstractProblemLoader Init config took 4.77s 
35987      INFO  main            d.u.i.k.p.i.AbstractProblemLoader Replaying proof contract.IFMethodContract[contract.IFMethodContract::secure_catch_exception()].Non-interference contract.0 
35991      DEBUG main            d.u.i.k.p.i.IntermediateProofReplayer Proof replay took 16.4ns 
36798      INFO  main            d.u.i.k.p.r.p.TestFile    ... finished proof: closed. 
37042      INFO  main            d.u.i.k.p.r.p.TestFile    Now processing file /home/runner/work/key/key/key.core/../key.ui/examples/InformationFlow/MethodContracts/contract.IFMethodContract(contract.IFMethodContract__n6()).Non-interference contract.0.key 
37046      INFO  main            d.u.i.k.p.i.AbstractProblemLoader Loading environment from /home/runner/work/key/key/key.core/../key.ui/examples/InformationFlow/MethodContracts/contract.IFMethodContract(contract.IFMethodContract__n6()).Non-interference contract.0.key 
37047      DEBUG main            d.u.i.k.p.i.AbstractProblemLoader Environment load took 1.47ms 
37050      INFO  main            d.u.i.k.p.i.AbstractProblemLoader Creating init config 
41576      DEBUG main            d.u.i.k.p.i.AbstractProblemLoader Init config took 4.53s 
41703      INFO  main            d.u.i.k.p.i.AbstractProblemLoader Replaying proof contract.IFMethodContract[contract.IFMethodContract::n6()].Non-interference contract.0 
41712      DEBUG main            d.u.i.k.p.i.IntermediateProofReplayer Proof replay took 23.7ns 
42120      INFO  main            d.u.i.k.p.r.p.TestFile    ... finished proof: closed. 
42358      INFO  main            d.u.i.k.p.r.p.TestFile    Now processing file /home/runner/work/key/key/key.core/../key.ui/examples/InformationFlow/MethodContracts/contract.IFMethodContract(contract.IFMethodContract__secure_n6()).Non-interference contract.0.key 
42360      INFO  main            d.u.i.k.p.i.AbstractProblemLoader Loading environment from /home/runner/work/key/key/key.core/../key.ui/examples/InformationFlow/MethodContracts/contract.IFMethodContract(contract.IFMethodContract__secure_n6()).Non-interference contract.0.key 
42361      DEBUG main            d.u.i.k.p.i.AbstractProblemLoader Environment load took 747ns 
42366      INFO  main            d.u.i.k.p.i.AbstractProblemLoader Creating init config 
46792      DEBUG main            d.u.i.k.p.i.AbstractProblemLoader Init config took 4.43s 
46907      INFO  main            d.u.i.k.p.i.AbstractProblemLoader Replaying proof contract.IFMethodContract[contract.IFMethodContract::secure_n6()].Non-interference contract.0 
46917      DEBUG main            d.u.i.k.p.i.IntermediateProofReplayer Proof replay took 44.1ns 
47325      INFO  main            d.u.i.k.p.r.p.TestFile    ... finished proof: closed. 
47596      INFO  main            d.u.i.k.p.r.p.TestFile    Now processing file /home/runner/work/key/key/key.core/../key.ui/examples/InformationFlow/MethodContracts/contract.IFMethodContract(contract.IFMethodContract__secure_array_param((I,int)).Non-interference contract.0.key 
47598      INFO  main            d.u.i.k.p.i.AbstractProblemLoader Loading environment from /home/runner/work/key/key/key.core/../key.ui/examples/InformationFlow/MethodContracts/contract.IFMethodContract(contract.IFMethodContract__secure_array_param((I,int)).Non-interference contract.0.key 
47602      DEBUG main            d.u.i.k.p.i.AbstractProblemLoader Environment load took 3.68ms 
47604      INFO  main            d.u.i.k.p.i.AbstractProblemLoader Creating init config 
51911      DEBUG main            d.u.i.k.p.i.AbstractProblemLoader Init config took 4.31s 
52022      INFO  main            d.u.i.k.p.i.AbstractProblemLoader Replaying proof contract.IFMethodContract[contract.IFMethodContract::secure_array_param([I,int)].Non-interference contract.0 
52028      DEBUG main            d.u.i.k.p.i.IntermediateProofReplayer Proof replay took 26.9ns 
54238      INFO  main            d.u.i.k.p.r.p.TestFile    ... finished proof: closed. 
54496      INFO  main            d.u.i.k.p.r.p.TestFile    Now processing file /home/runner/work/key/key/key.core/../key.ui/examples/InformationFlow/MethodContracts/contract.IFMethodContract(contract.IFMethodContract__secure_assignment_0_n9()).Non-interference contract.0.key 
54499      INFO  main            d.u.i.k.p.i.AbstractProblemLoader Loading environment from /home/runner/work/key/key/key.core/../key.ui/examples/InformationFlow/MethodContracts/contract.IFMethodContract(contract.IFMethodContract__secure_assignment_0_n9()).Non-interference contract.0.key 
54500      DEBUG main            d.u.i.k.p.i.AbstractProblemLoader Environment load took 1.06ms 
54502      INFO  main            d.u.i.k.p.i.AbstractProblemLoader Creating init config 
58673      DEBUG main            d.u.i.k.p.i.AbstractProblemLoader Init config took 4.17s 
58766      INFO  main            d.u.i.k.p.i.AbstractProblemLoader Replaying proof contract.IFMethodContract[contract.IFMethodContract::secure_assignment_0_n9()].Non-interference contract.0 
58773      DEBUG main            d.u.i.k.p.i.IntermediateProofReplayer Proof replay took 30.3ns 
59280      INFO  main            d.u.i.k.p.r.p.TestFile    ... finished proof: closed. 
59529      INFO  main            d.u.i.k.p.r.p.TestFile    Now processing file /home/runner/work/key/key/key.core/../key.ui/examples/InformationFlow/MethodContracts/contract.IFMethodContract(contract.IFMethodContract__insecure_if_high_n5_n1()).Non-interference contract.0.key 
59532      INFO  main            d.u.i.k.p.i.AbstractProblemLoader Loading environment from /home/runner/work/key/key/key.core/../key.ui/examples/InformationFlow/MethodContracts/contract.IFMethodContract(contract.IFMethodContract__insecure_if_high_n5_n1()).Non-interference contract.0.key 
59533      DEBUG main            d.u.i.k.p.i.AbstractProblemLoader Environment load took 962.8ns 
59536      INFO  main            d.u.i.k.p.i.AbstractProblemLoader Creating init config 
63716      DEBUG main            d.u.i.k.p.i.AbstractProblemLoader Init config took 4.18s 
63801      INFO  main            d.u.i.k.p.i.AbstractProblemLoader Replaying proof contract.IFMethodContract[contract.IFMethodContract::insecure_if_high_n5_n1()].Non-interference contract.0 
63808      DEBUG main            d.u.i.k.p.i.IntermediateProofReplayer Proof replay took 29ns 
65354      INFO  main            d.u.i.k.p.r.p.TestFile    ... finished proof: open goal(s) 
65657      INFO  main            d.u.i.k.p.r.p.TestFile    Now processing file /home/runner/work/key/key/key.core/../key.ui/examples/InformationFlow/MethodContracts/contract.IFMethodContract(contract.IFMethodContract__n5(int)).Non-interference contract.0.key 
65660      INFO  main            d.u.i.k.p.i.AbstractProblemLoader Loading environment from /home/runner/work/key/key/key.core/../key.ui/examples/InformationFlow/MethodContracts/contract.IFMethodContract(contract.IFMethodContract__n5(int)).Non-interference contract.0.key 
65666      DEBUG main            d.u.i.k.p.i.AbstractProblemLoader Environment load took 5.05ms 
65668      INFO  main            d.u.i.k.p.i.AbstractProblemLoader Creating init config 
69809      DEBUG main            d.u.i.k.p.i.AbstractProblemLoader Init config took 4.14s 
69897      INFO  main            d.u.i.k.p.i.AbstractProblemLoader Replaying proof contract.IFMethodContract[contract.IFMethodContract::n5(int)].Non-interference contract.0 
69904      DEBUG main            d.u.i.k.p.i.IntermediateProofReplayer Proof replay took 34.8ns 
70108      INFO  main            d.u.i.k.p.r.p.TestFile    ... finished proof: closed. 
70446      INFO  main            d.u.i.k.p.r.p.TestFile    Now processing file /home/runner/work/key/key/key.core/../key.ui/examples/InformationFlow/MethodContracts/contract.IFMethodContract(contract.IFMethodContract__secure_if_high_n5_n1()).Non-interference contract.0.key 
70447      INFO  main            d.u.i.k.p.i.AbstractProblemLoader Loading environment from /home/runner/work/key/key/key.core/../key.ui/examples/InformationFlow/MethodContracts/contract.IFMethodContract(contract.IFMethodContract__secure_if_high_n5_n1()).Non-interference contract.0.key 
70449      DEBUG main            d.u.i.k.p.i.AbstractProblemLoader Environment load took 2.1ms 
70451      INFO  main            d.u.i.k.p.i.AbstractProblemLoader Creating init config 
74564      DEBUG main            d.u.i.k.p.i.AbstractProblemLoader Init config took 4.11s 
74659      INFO  main            d.u.i.k.p.i.AbstractProblemLoader Replaying proof contract.IFMethodContract[contract.IFMethodContract::secure_if_high_n5_n1()].Non-interference contract.0 
74666      DEBUG main            d.u.i.k.p.i.IntermediateProofReplayer Proof replay took 33.6ns 
76987      INFO  main            d.u.i.k.p.r.p.TestFile    ... finished proof: closed. 
77396      INFO  main            d.u.i.k.p.r.p.TestFile    Now processing file /home/runner/work/key/key/key.core/../key.ui/examples/InformationFlow/MethodContracts/contract.IFMethodContract(contract.IFMethodContract__secure_if_high_n1()).Non-interference contract.0.key 
77397      INFO  main            d.u.i.k.p.i.AbstractProblemLoader Loading environment from /home/runner/work/key/key/key.core/../key.ui/examples/InformationFlow/MethodContracts/contract.IFMethodContract(contract.IFMethodContract__secure_if_high_n1()).Non-interference contract.0.key 
77398      DEBUG main            d.u.i.k.p.i.AbstractProblemLoader Environment load took 748.9ns 
77400      INFO  main            d.u.i.k.p.i.AbstractProblemLoader Creating init config 
81565      DEBUG main            d.u.i.k.p.i.AbstractProblemLoader Init config took 4.16s 
81652      INFO  main            d.u.i.k.p.i.AbstractProblemLoader Replaying proof contract.IFMethodContract[contract.IFMethodContract::secure_if_high_n1()].Non-interference contract.0 
81658      DEBUG main            d.u.i.k.p.i.IntermediateProofReplayer Proof replay took 45.6ns 
82868      INFO  main            d.u.i.k.p.r.p.TestFile    ... finished proof: closed. 
83188      INFO  main            d.u.i.k.p.r.p.TestFile    Now processing file /home/runner/work/key/key/key.core/../key.ui/examples/InformationFlow/MethodContracts/contract.IFMethodContract(contract.IFMethodContract__secure_n5()).Non-interference contract.0.key 
83190      INFO  main            d.u.i.k.p.i.AbstractProblemLoader Loading environment from /home/runner/work/key/key/key.core/../key.ui/examples/InformationFlow/MethodContracts/contract.IFMethodContract(contract.IFMethodContract__secure_n5()).Non-interference contract.0.key 
83191      DEBUG main            d.u.i.k.p.i.AbstractProblemLoader Environment load took 855ns 
83193      INFO  main            d.u.i.k.p.i.AbstractProblemLoader Creating init config 
87264      DEBUG main            d.u.i.k.p.i.AbstractProblemLoader Init config took 4.07s 
87354      INFO  main            d.u.i.k.p.i.AbstractProblemLoader Replaying proof contract.IFMethodContract[contract.IFMethodContract::secure_n5()].Non-interference contract.0 
87360      DEBUG main            d.u.i.k.p.i.IntermediateProofReplayer Proof replay took 27.5ns 
87766      INFO  main            d.u.i.k.p.r.p.TestFile    ... finished proof: closed. 
88129      INFO  main            d.u.i.k.p.r.p.TestFile    Now processing file /home/runner/work/key/key/key.core/../key.ui/examples/InformationFlow/MethodContracts/contract.IFMethodContract(contract.IFMethodContract__n4()).Non-interference contract.0.key 
88130      INFO  main            d.u.i.k.p.i.AbstractProblemLoader Loading environment from /home/runner/work/key/key/key.core/../key.ui/examples/InformationFlow/MethodContracts/contract.IFMethodContract(contract.IFMethodContract__n4()).Non-interference contract.0.key 
88131      DEBUG main            d.u.i.k.p.i.AbstractProblemLoader Environment load took 900.9ns 
88134      INFO  main            d.u.i.k.p.i.AbstractProblemLoader Creating init config 
92156      DEBUG main            d.u.i.k.p.i.AbstractProblemLoader Init config took 4.02s 
92247      INFO  main            d.u.i.k.p.i.AbstractProblemLoader Replaying proof contract.IFMethodContract[contract.IFMethodContract::n4()].Non-interference contract.0 
92251      DEBUG main            d.u.i.k.p.i.IntermediateProofReplayer Proof replay took 94.6ns 
92555      INFO  main            d.u.i.k.p.r.p.TestFile    ... finished proof: closed. 
92841      INFO  main            d.u.i.k.p.r.p.TestFile    Now processing file /home/runner/work/key/key/key.core/../key.ui/examples/InformationFlow/MethodContracts/contract.IFMethodContract(contract.IFMethodContract__n3()).Non-interference contract.0.key 
92842      INFO  main            d.u.i.k.p.i.AbstractProblemLoader Loading environment from /home/runner/work/key/key/key.core/../key.ui/examples/InformationFlow/MethodContracts/contract.IFMethodContract(contract.IFMethodContract__n3()).Non-interference contract.0.key 
92843      DEBUG main            d.u.i.k.p.i.AbstractProblemLoader Environment load took 738.9ns 
92847      INFO  main            d.u.i.k.p.i.AbstractProblemLoader Creating init config 
96852      DEBUG main            d.u.i.k.p.i.AbstractProblemLoader Init config took 4s 
96934      INFO  main            d.u.i.k.p.i.AbstractProblemLoader Replaying proof contract.IFMethodContract[contract.IFMethodContract::n3()].Non-interference contract.0 
96939      DEBUG main            d.u.i.k.p.i.IntermediateProofReplayer Proof replay took 29.9ns 
97144      INFO  main            d.u.i.k.p.r.p.TestFile    ... finished proof: closed. 
97476      INFO  main            d.u.i.k.p.r.p.TestFile    Now processing file /home/runner/work/key/key/key.core/../key.ui/examples/InformationFlow/MethodContracts/contract.IFMethodContract(contract.IFMethodContract__secure_sequential_n3_precond_n4()).Non-interference contract.0.key 
97477      INFO  main            d.u.i.k.p.i.AbstractProblemLoader Loading environment from /home/runner/work/key/key/key.core/../key.ui/examples/InformationFlow/MethodContracts/contract.IFMethodContract(contract.IFMethodContract__secure_sequential_n3_precond_n4()).Non-interference contract.0.key 
97478      DEBUG main            d.u.i.k.p.i.AbstractProblemLoader Environment load took 468.1ns 
97480      INFO  main            d.u.i.k.p.i.AbstractProblemLoader Creating init config 
101465     DEBUG main            d.u.i.k.p.i.AbstractProblemLoader Init config took 3.99s 
101544     INFO  main            d.u.i.k.p.i.AbstractProblemLoader Replaying proof contract.IFMethodContract[contract.IFMethodContract::secure_sequential_n3_precond_n4()].Non-interference contract.0 
101551     DEBUG main            d.u.i.k.p.i.IntermediateProofReplayer Proof replay took 34.4ns 
102159     INFO  main            d.u.i.k.p.r.p.TestFile    ... finished proof: closed. 
102467     INFO  main            d.u.i.k.p.r.p.TestFile    Now processing file /home/runner/work/key/key/key.core/../key.ui/examples/InformationFlow/MethodContracts/contract.IFMethodContract(contract.IFMethodContract__insecure_assignment_n2()).Non-interference contract.0.key 
102470     INFO  main            d.u.i.k.p.i.AbstractProblemLoader Loading environment from /home/runner/work/key/key/key.core/../key.ui/examples/InformationFlow/MethodContracts/contract.IFMethodContract(contract.IFMethodContract__insecure_assignment_n2()).Non-interference contract.0.key 
102472     DEBUG main            d.u.i.k.p.i.AbstractProblemLoader Environment load took 1.85ms 
102475     INFO  main            d.u.i.k.p.i.AbstractProblemLoader Creating init config 
106448     DEBUG main            d.u.i.k.p.i.AbstractProblemLoader Init config took 3.97s 
106541     INFO  main            d.u.i.k.p.i.AbstractProblemLoader Replaying proof contract.IFMethodContract[contract.IFMethodContract::insecure_assignment_n2()].Non-interference contract.0 
106554     DEBUG main            d.u.i.k.p.i.IntermediateProofReplayer Proof replay took 32.5ns 
106964     INFO  main            d.u.i.k.p.r.p.TestFile    ... finished proof: open goal(s) 
107322     INFO  main            d.u.i.k.p.r.p.TestFile    Now processing file /home/runner/work/key/key/key.core/../key.ui/examples/InformationFlow/MethodContracts/contract.IFMethodContract(contract.IFMethodContract__secure_assignments_n2()).Non-interference contract.0.key 
107324     INFO  main            d.u.i.k.p.i.AbstractProblemLoader Loading environment from /home/runner/work/key/key/key.core/../key.ui/examples/InformationFlow/MethodContracts/contract.IFMethodContract(contract.IFMethodContract__secure_assignments_n2()).Non-interference contract.0.key 
107325     DEBUG main            d.u.i.k.p.i.AbstractProblemLoader Environment load took 974.9ns 
107327     INFO  main            d.u.i.k.p.i.AbstractProblemLoader Creating init config 
111378     DEBUG main            d.u.i.k.p.i.AbstractProblemLoader Init config took 4.05s 
111458     INFO  main            d.u.i.k.p.i.AbstractProblemLoader Replaying proof contract.IFMethodContract[contract.IFMethodContract::secure_assignments_n2()].Non-interference contract.0 
111464     DEBUG main            d.u.i.k.p.i.IntermediateProofReplayer Proof replay took 45ns 
111970     INFO  main            d.u.i.k.p.r.p.TestFile    ... finished proof: closed. 
112418     INFO  main            d.u.i.k.p.r.p.TestFile    Now processing file /home/runner/work/key/key/key.core/../key.ui/examples/InformationFlow/MethodContracts/contract.IFMethodContract(contract.IFMethodContract__n2()).Non-interference contract.0.key 
112420     INFO  main            d.u.i.k.p.i.AbstractProblemLoader Loading environment from /home/runner/work/key/key/key.core/../key.ui/examples/InformationFlow/MethodContracts/contract.IFMethodContract(contract.IFMethodContract__n2()).Non-interference contract.0.key 
112421     DEBUG main            d.u.i.k.p.i.AbstractProblemLoader Environment load took 833.5ns 
112424     INFO  main            d.u.i.k.p.i.AbstractProblemLoader Creating init config 
116446     DEBUG main            d.u.i.k.p.i.AbstractProblemLoader Init config took 4.02s 
116524     INFO  main            d.u.i.k.p.i.AbstractProblemLoader Replaying proof contract.IFMethodContract[contract.IFMethodContract::n2()].Non-interference contract.0 
116530     DEBUG main            d.u.i.k.p.i.IntermediateProofReplayer Proof replay took 25.5ns 
116835     INFO  main            d.u.i.k.p.r.p.TestFile    ... finished proof: closed. 
117195     INFO  main            d.u.i.k.p.r.p.TestFile    Now processing file /home/runner/work/key/key/key.core/../key.ui/examples/InformationFlow/MethodContracts/contract.IFMethodContract(contract.IFMethodContract__n1()).Non-interference contract.0.key 
117195     INFO  main            d.u.i.k.p.i.AbstractProblemLoader Loading environment from /home/runner/work/key/key/key.core/../key.ui/examples/InformationFlow/MethodContracts/contract.IFMethodContract(contract.IFMethodContract__n1()).Non-interference contract.0.key 
117196     DEBUG main            d.u.i.k.p.i.AbstractProblemLoader Environment load took 377.6ns 
117198     INFO  main            d.u.i.k.p.i.AbstractProblemLoader Creating init config 
121260     DEBUG main            d.u.i.k.p.i.AbstractProblemLoader Init config took 4.06s 
121365     INFO  main            d.u.i.k.p.i.AbstractProblemLoader Replaying proof contract.IFMethodContract[contract.IFMethodContract::n1()].Non-interference contract.0 
121372     DEBUG main            d.u.i.k.p.i.IntermediateProofReplayer Proof replay took 33.2ns 
121576     INFO  main            d.u.i.k.p.r.p.TestFile    ... finished proof: closed. 
121905     INFO  main            d.u.i.k.p.r.p.TestFile    Now processing file /home/runner/work/key/key/key.core/../key.ui/examples/InformationFlow/MethodContracts/contract.IFMethodContract(contract.IFMethodContract__secure_sequential_n1_n2()).Non-interference contract.0.key 
121906     INFO  main            d.u.i.k.p.i.AbstractProblemLoader Loading environment from /home/runner/work/key/key/key.core/../key.ui/examples/InformationFlow/MethodContracts/contract.IFMethodContract(contract.IFMethodContract__secure_sequential_n1_n2()).Non-interference contract.0.key 
121906     DEBUG main            d.u.i.k.p.i.AbstractProblemLoader Environment load took 115ns 
121909     INFO  main            d.u.i.k.p.i.AbstractProblemLoader Creating init config 
125812     DEBUG main            d.u.i.k.p.i.AbstractProblemLoader Init config took 3.9s 
125885     INFO  main            d.u.i.k.p.i.AbstractProblemLoader Replaying proof contract.IFMethodContract[contract.IFMethodContract::secure_sequential_n1_n2()].Non-interference contract.0 
125891     DEBUG main            d.u.i.k.p.i.IntermediateProofReplayer Proof replay took 28.8ns 
126298     INFO  main            d.u.i.k.p.r.p.TestFile    ... finished proof: closed. 
1757277    INFO  Test worker     d.u.i.k.p.r.RunAllProofsTestUnit Returning from test MethodContracts_nomacro 
1757278    INFO  Test worker     d.u.i.k.p.r.RunAllProofsTestUnit Running test LoopInvariants_nomacro 
637        INFO  Timeout watchdog d.u.i.k.p.r.p.ForkedTestFileRunner Timeout watcher launched (1000 secs.) 
660        WARN  main            d.u.i.k.s.ProofSettings   The settings in /home/runner/.key/proof-settings.props are *not* read. 
734        INFO  main            d.u.i.k.p.r.p.TestFile    Now processing file /home/runner/work/key/key/key.core/../key.ui/examples/InformationFlow/LoopInvariants/loop.IFLoopExamples(loop.IFLoopExamples__insecure_while_3(int)).Non-interference contract.0.key 
978        INFO  main            d.u.i.k.p.i.AbstractProblemLoader Loading environment from /home/runner/work/key/key/key.core/../key.ui/examples/InformationFlow/LoopInvariants/loop.IFLoopExamples(loop.IFLoopExamples__insecure_while_3(int)).Non-interference contract.0.key 
1013       DEBUG main            d.u.i.k.p.i.AbstractProblemLoader Environment load took 3.54ms 
1449       INFO  main            d.u.i.k.p.i.AbstractProblemLoader Creating init config 
2870       DEBUG main            d.u.i.k.j.TypeConverter   No LDT found for Meta 
2878       DEBUG main            d.u.i.k.j.TypeConverter   No LDT found for Meta 
2887       DEBUG main            d.u.i.k.j.TypeConverter   No LDT found for Meta 
2888       DEBUG main            d.u.i.k.j.TypeConverter   No LDT found for Meta 
5281       DEBUG main            d.u.i.k.j.TypeConverter   No LDT found for JavaBigintExpression 
16857      DEBUG main            d.u.i.k.p.i.AbstractProblemLoader Init config took 15.41s 
17130      INFO  main            d.u.i.k.p.i.AbstractProblemLoader Replaying proof loop.IFLoopExamples[loop.IFLoopExamples::insecure_while_3(int)].Non-interference contract.0 
17262      DEBUG main            d.u.i.k.p.i.IntermediateProofReplayer Proof replay took 803.3ns 
23608      INFO  main            d.u.i.k.p.r.p.TestFile    ... finished proof: open goal(s) 
23904      INFO  main            d.u.i.k.p.r.p.TestFile    Now processing file /home/runner/work/key/key/key.core/../key.ui/examples/InformationFlow/LoopInvariants/loop.IFLoopExamples(loop.IFLoopExamples__secure_while_2(int)).Non-interference contract.0.key 
23904      INFO  main            d.u.i.k.p.i.AbstractProblemLoader Loading environment from /home/runner/work/key/key/key.core/../key.ui/examples/InformationFlow/LoopInvariants/loop.IFLoopExamples(loop.IFLoopExamples__secure_while_2(int)).Non-interference contract.0.key 
23905      DEBUG main            d.u.i.k.p.i.AbstractProblemLoader Environment load took 169.7ns 
23911      INFO  main            d.u.i.k.p.i.AbstractProblemLoader Creating init config 
29790      DEBUG main            d.u.i.k.p.i.AbstractProblemLoader Init config took 5.88s 
29952      INFO  main            d.u.i.k.p.i.AbstractProblemLoader Replaying proof loop.IFLoopExamples[loop.IFLoopExamples::secure_while_2(int)].Non-interference contract.0 
29959      DEBUG main            d.u.i.k.p.i.IntermediateProofReplayer Proof replay took 34.1ns 
33674      INFO  main            d.u.i.k.p.r.p.TestFile    ... finished proof: closed. 
34037      INFO  main            d.u.i.k.p.r.p.TestFile    Now processing file /home/runner/work/key/key/key.core/../key.ui/examples/InformationFlow/LoopInvariants/loop.IFLoopExamples(loop.IFLoopExamples__secure_while_4(int)).Non-interference contract.0.key 
34038      INFO  main            d.u.i.k.p.i.AbstractProblemLoader Loading environment from /home/runner/work/key/key/key.core/../key.ui/examples/InformationFlow/LoopInvariants/loop.IFLoopExamples(loop.IFLoopExamples__secure_while_4(int)).Non-interference contract.0.key 
34039      DEBUG main            d.u.i.k.p.i.AbstractProblemLoader Environment load took 720.9ns 
34045      INFO  main            d.u.i.k.p.i.AbstractProblemLoader Creating init config 
39402      DEBUG main            d.u.i.k.p.i.AbstractProblemLoader Init config took 5.36s 
39564      INFO  main            d.u.i.k.p.i.AbstractProblemLoader Replaying proof loop.IFLoopExamples[loop.IFLoopExamples::secure_while_4(int)].Non-interference contract.0 
39575      DEBUG main            d.u.i.k.p.i.IntermediateProofReplayer Proof replay took 30ns 
42728      INFO  main            d.u.i.k.p.r.p.TestFile    ... finished proof: closed. 
43020      INFO  main            d.u.i.k.p.r.p.TestFile    Now processing file /home/runner/work/key/key/key.core/../key.ui/examples/InformationFlow/LoopInvariants/loop.IFLoopExamples(loop.IFLoopExamples__insecure_doubleNestedWhile2(int)).Non-interference contract.0.key 
43028      INFO  main            d.u.i.k.p.i.AbstractProblemLoader Loading environment from /home/runner/work/key/key/key.core/../key.ui/examples/InformationFlow/LoopInvariants/loop.IFLoopExamples(loop.IFLoopExamples__insecure_doubleNestedWhile2(int)).Non-interference contract.0.key 
43028      DEBUG main            d.u.i.k.p.i.AbstractProblemLoader Environment load took 191ns 
43031      INFO  main            d.u.i.k.p.i.AbstractProblemLoader Creating init config 
48247      DEBUG main            d.u.i.k.p.i.AbstractProblemLoader Init config took 5.22s 
48345      INFO  main            d.u.i.k.p.i.AbstractProblemLoader Replaying proof loop.IFLoopExamples[loop.IFLoopExamples::insecure_doubleNestedWhile2(int)].Non-interference contract.0 
48354      DEBUG main            d.u.i.k.p.i.IntermediateProofReplayer Proof replay took 30ns 
67351      INFO  main            d.u.i.k.p.r.p.TestFile    ... finished proof: open goal(s) 
67764      INFO  main            d.u.i.k.p.r.p.TestFile    Now processing file /home/runner/work/key/key/key.core/../key.ui/examples/InformationFlow/LoopInvariants/loop.IFLoopExamples(loop.IFLoopExamples__insecure_doubleNestedWhile(int)).Non-interference contract.0.key 
67765      INFO  main            d.u.i.k.p.i.AbstractProblemLoader Loading environment from /home/runner/work/key/key/key.core/../key.ui/examples/InformationFlow/LoopInvariants/loop.IFLoopExamples(loop.IFLoopExamples__insecure_doubleNestedWhile(int)).Non-interference contract.0.key 
67765      DEBUG main            d.u.i.k.p.i.AbstractProblemLoader Environment load took 476.9ns 
67771      INFO  main            d.u.i.k.p.i.AbstractProblemLoader Creating init config 
72663      DEBUG main            d.u.i.k.p.i.AbstractProblemLoader Init config took 4.89s 
72750      INFO  main            d.u.i.k.p.i.AbstractProblemLoader Replaying proof loop.IFLoopExamples[loop.IFLoopExamples::insecure_doubleNestedWhile(int)].Non-interference contract.0 
72756      DEBUG main            d.u.i.k.p.i.IntermediateProofReplayer Proof replay took 19.5ns 
88211      INFO  main            d.u.i.k.p.r.p.TestFile    ... finished proof: open goal(s) 
88747      INFO  main            d.u.i.k.p.r.p.TestFile    Now processing file /home/runner/work/key/key/key.core/../key.ui/examples/InformationFlow/LoopInvariants/loop.IFLoopExamples(loop.IFLoopExamples__secure_doubleNestedWhile(int)).Non-interference contract.0.key 
88750      INFO  main            d.u.i.k.p.i.AbstractProblemLoader Loading environment from /home/runner/work/key/key/key.core/../key.ui/examples/InformationFlow/LoopInvariants/loop.IFLoopExamples(loop.IFLoopExamples__secure_doubleNestedWhile(int)).Non-interference contract.0.key 
88751      DEBUG main            d.u.i.k.p.i.AbstractProblemLoader Environment load took 749.5ns 
88753      INFO  main            d.u.i.k.p.i.AbstractProblemLoader Creating init config 
93530      DEBUG main            d.u.i.k.p.i.AbstractProblemLoader Init config took 4.78s 
93637      INFO  main            d.u.i.k.p.i.AbstractProblemLoader Replaying proof loop.IFLoopExamples[loop.IFLoopExamples::secure_doubleNestedWhile(int)].Non-interference contract.0 
93647      DEBUG main            d.u.i.k.p.i.IntermediateProofReplayer Proof replay took 27.7ns 
108710     INFO  main            d.u.i.k.p.r.p.TestFile    ... finished proof: closed. 
109300     INFO  main            d.u.i.k.p.r.p.TestFile    Now processing file /home/runner/work/key/key/key.core/../key.ui/examples/InformationFlow/LoopInvariants/loop.IFLoopExamples(loop.IFLoopExamples__secure_nestedTwoWhile(int)).Non-interference contract.0.key 
109301     INFO  main            d.u.i.k.p.i.AbstractProblemLoader Loading environment from /home/runner/work/key/key/key.core/../key.ui/examples/InformationFlow/LoopInvariants/loop.IFLoopExamples(loop.IFLoopExamples__secure_nestedTwoWhile(int)).Non-interference contract.0.key 
109301     DEBUG main            d.u.i.k.p.i.AbstractProblemLoader Environment load took 189.4ns 
109303     INFO  main            d.u.i.k.p.i.AbstractProblemLoader Creating init config 
114199     DEBUG main            d.u.i.k.p.i.AbstractProblemLoader Init config took 4.9s 
114278     INFO  main            d.u.i.k.p.i.AbstractProblemLoader Replaying proof loop.IFLoopExamples[loop.IFLoopExamples::secure_nestedTwoWhile(int)].Non-interference contract.0 
114284     DEBUG main            d.u.i.k.p.i.IntermediateProofReplayer Proof replay took 26.1ns 
124958     INFO  main            d.u.i.k.p.r.p.TestFile    ... finished proof: closed. 
125356     INFO  main            d.u.i.k.p.r.p.TestFile    Now processing file /home/runner/work/key/key/key.core/../key.ui/examples/InformationFlow/LoopInvariants/loop.IFLoopExamples(loop.IFLoopExamples__secure_nestedWhile(int)).Non-interference contract.0.key 
125358     INFO  main            d.u.i.k.p.i.AbstractProblemLoader Loading environment from /home/runner/work/key/key/key.core/../key.ui/examples/InformationFlow/LoopInvariants/loop.IFLoopExamples(loop.IFLoopExamples__secure_nestedWhile(int)).Non-interference contract.0.key 
125359     DEBUG main            d.u.i.k.p.i.AbstractProblemLoader Environment load took 403.9ns 
125363     INFO  main            d.u.i.k.p.i.AbstractProblemLoader Creating init config 
130344     DEBUG main            d.u.i.k.p.i.AbstractProblemLoader Init config took 4.98s 
130440     INFO  main            d.u.i.k.p.i.AbstractProblemLoader Replaying proof loop.IFLoopExamples[loop.IFLoopExamples::secure_nestedWhile(int)].Non-interference contract.0 
130446     DEBUG main            d.u.i.k.p.i.IntermediateProofReplayer Proof replay took 29.8ns 
136824     INFO  main            d.u.i.k.p.r.p.TestFile    ... finished proof: closed. 
137197     INFO  main            d.u.i.k.p.r.p.TestFile    Now processing file /home/runner/work/key/key/key.core/../key.ui/examples/InformationFlow/LoopInvariants/loop.IFLoopExamples(loop.IFLoopExamples__notSecure_while(int)).Non-interference contract.0.key 
137197     INFO  main            d.u.i.k.p.i.AbstractProblemLoader Loading environment from /home/runner/work/key/key/key.core/../key.ui/examples/InformationFlow/LoopInvariants/loop.IFLoopExamples(loop.IFLoopExamples__notSecure_while(int)).Non-interference contract.0.key 
137198     DEBUG main            d.u.i.k.p.i.AbstractProblemLoader Environment load took 165.4ns 
137200     INFO  main            d.u.i.k.p.i.AbstractProblemLoader Creating init config 
142080     DEBUG main            d.u.i.k.p.i.AbstractProblemLoader Init config took 4.88s 
142176     INFO  main            d.u.i.k.p.i.AbstractProblemLoader Replaying proof loop.IFLoopExamples[loop.IFLoopExamples::notSecure_while(int)].Non-interference contract.0 
142182     DEBUG main            d.u.i.k.p.i.IntermediateProofReplayer Proof replay took 32.6ns 
144300     INFO  main            d.u.i.k.p.r.p.TestFile    ... finished proof: open goal(s) 
144668     INFO  main            d.u.i.k.p.r.p.TestFile    Now processing file /home/runner/work/key/key/key.core/../key.ui/examples/InformationFlow/LoopInvariants/loop.IFLoopExamples(loop.IFLoopExamples__notSecure_while_wrongInv(int)).Non-interference contract.0.key 
144670     INFO  main            d.u.i.k.p.i.AbstractProblemLoader Loading environment from /home/runner/work/key/key/key.core/../key.ui/examples/InformationFlow/LoopInvariants/loop.IFLoopExamples(loop.IFLoopExamples__notSecure_while_wrongInv(int)).Non-interference contract.0.key 
144672     DEBUG main            d.u.i.k.p.i.AbstractProblemLoader Environment load took 1.07ms 
144673     INFO  main            d.u.i.k.p.i.AbstractProblemLoader Creating init config 
149472     DEBUG main            d.u.i.k.p.i.AbstractProblemLoader Init config took 4.8s 
149558     INFO  main            d.u.i.k.p.i.AbstractProblemLoader Replaying proof loop.IFLoopExamples[loop.IFLoopExamples::notSecure_while_wrongInv(int)].Non-interference contract.0 
149566     DEBUG main            d.u.i.k.p.i.IntermediateProofReplayer Proof replay took 35.7ns 
150401     INFO  main            d.u.i.k.p.r.p.TestFile    ... finished proof: open goal(s) 
150734     INFO  main            d.u.i.k.p.r.p.TestFile    Now processing file /home/runner/work/key/key/key.core/../key.ui/examples/InformationFlow/LoopInvariants/loop.IFLoopExamples(loop.IFLoopExamples__insecure_twoWhile(int)).Non-interference contract.0.key 
150735     INFO  main            d.u.i.k.p.i.AbstractProblemLoader Loading environment from /home/runner/work/key/key/key.core/../key.ui/examples/InformationFlow/LoopInvariants/loop.IFLoopExamples(loop.IFLoopExamples__insecure_twoWhile(int)).Non-interference contract.0.key 
150736     DEBUG main            d.u.i.k.p.i.AbstractProblemLoader Environment load took 618.1ns 
150738     INFO  main            d.u.i.k.p.i.AbstractProblemLoader Creating init config 
155509     DEBUG main            d.u.i.k.p.i.AbstractProblemLoader Init config took 4.77s 
155587     INFO  main            d.u.i.k.p.i.AbstractProblemLoader Replaying proof loop.IFLoopExamples[loop.IFLoopExamples::insecure_twoWhile(int)].Non-interference contract.0 
155592     DEBUG main            d.u.i.k.p.i.IntermediateProofReplayer Proof replay took 26.5ns 
159416     INFO  main            d.u.i.k.p.r.p.TestFile    ... finished proof: open goal(s) 
159825     INFO  main            d.u.i.k.p.r.p.TestFile    Now processing file /home/runner/work/key/key/key.core/../key.ui/examples/InformationFlow/LoopInvariants/loop.IFLoopExamples(loop.IFLoopExamples__insecure_twoWhile_2(int)).Non-interference contract.0.key 
159826     INFO  main            d.u.i.k.p.i.AbstractProblemLoader Loading environment from /home/runner/work/key/key/key.core/../key.ui/examples/InformationFlow/LoopInvariants/loop.IFLoopExamples(loop.IFLoopExamples__insecure_twoWhile_2(int)).Non-interference contract.0.key 
159826     DEBUG main            d.u.i.k.p.i.AbstractProblemLoader Environment load took 125.5ns 
159828     INFO  main            d.u.i.k.p.i.AbstractProblemLoader Creating init config 
164602     DEBUG main            d.u.i.k.p.i.AbstractProblemLoader Init config took 4.77s 
164698     INFO  main            d.u.i.k.p.i.AbstractProblemLoader Replaying proof loop.IFLoopExamples[loop.IFLoopExamples::insecure_twoWhile_2(int)].Non-interference contract.0 
164712     DEBUG main            d.u.i.k.p.i.IntermediateProofReplayer Proof replay took 26.3ns 
169438     INFO  main            d.u.i.k.p.r.p.TestFile    ... finished proof: open goal(s) 
169920     INFO  main            d.u.i.k.p.r.p.TestFile    Now processing file /home/runner/work/key/key/key.core/../key.ui/examples/InformationFlow/LoopInvariants/loop.IFLoopExamples(loop.IFLoopExamples__secure_twoWhile(int)).Non-interference contract.0.key 
169921     INFO  main            d.u.i.k.p.i.AbstractProblemLoader Loading environment from /home/runner/work/key/key/key.core/../key.ui/examples/InformationFlow/LoopInvariants/loop.IFLoopExamples(loop.IFLoopExamples__secure_twoWhile(int)).Non-interference contract.0.key 
169923     DEBUG main            d.u.i.k.p.i.AbstractProblemLoader Environment load took 911.1ns 
169925     INFO  main            d.u.i.k.p.i.AbstractProblemLoader Creating init config 
174622     DEBUG main            d.u.i.k.p.i.AbstractProblemLoader Init config took 4.7s 
174692     INFO  main            d.u.i.k.p.i.AbstractProblemLoader Replaying proof loop.IFLoopExamples[loop.IFLoopExamples::secure_twoWhile(int)].Non-interference contract.0 
174696     DEBUG main            d.u.i.k.p.i.IntermediateProofReplayer Proof replay took 22ns 
178482     INFO  main            d.u.i.k.p.r.p.TestFile    ... finished proof: closed. 
178957     INFO  main            d.u.i.k.p.r.p.TestFile    Now processing file /home/runner/work/key/key/key.core/../key.ui/examples/InformationFlow/LoopInvariants/loop.IFLoopExamples(loop.IFLoopExamples__loc_secure_while(int)).Non-interference contract.0.key 
178957     INFO  main            d.u.i.k.p.i.AbstractProblemLoader Loading environment from /home/runner/work/key/key/key.core/../key.ui/examples/InformationFlow/LoopInvariants/loop.IFLoopExamples(loop.IFLoopExamples__loc_secure_while(int)).Non-interference contract.0.key 
178957     DEBUG main            d.u.i.k.p.i.AbstractProblemLoader Environment load took 129ns 
178960     INFO  main            d.u.i.k.p.i.AbstractProblemLoader Creating init config 
183647     DEBUG main            d.u.i.k.p.i.AbstractProblemLoader Init config took 4.69s 
183726     INFO  main            d.u.i.k.p.i.AbstractProblemLoader Replaying proof loop.IFLoopExamples[loop.IFLoopExamples::loc_secure_while(int)].Non-interference contract.0 
183734     DEBUG main            d.u.i.k.p.i.IntermediateProofReplayer Proof replay took 30ns 
186043     INFO  main            d.u.i.k.p.r.p.TestFile    ... finished proof: closed. 
186384     INFO  main            d.u.i.k.p.r.p.TestFile    Now processing file /home/runner/work/key/key/key.core/../key.ui/examples/InformationFlow/LoopInvariants/loop.IFLoopExamples(loop.IFLoopExamples__secure_while(int)).Non-interference contract.0.key 
186385     INFO  main            d.u.i.k.p.i.AbstractProblemLoader Loading environment from /home/runner/work/key/key/key.core/../key.ui/examples/InformationFlow/LoopInvariants/loop.IFLoopExamples(loop.IFLoopExamples__secure_while(int)).Non-interference contract.0.key 
186386     DEBUG main            d.u.i.k.p.i.AbstractProblemLoader Environment load took 634.1ns 
186388     INFO  main            d.u.i.k.p.i.AbstractProblemLoader Creating init config 
191063     DEBUG main            d.u.i.k.p.i.AbstractProblemLoader Init config took 4.68s 
191128     INFO  main            d.u.i.k.p.i.AbstractProblemLoader Replaying proof loop.IFLoopExamples[loop.IFLoopExamples::secure_while(int)].Non-interference contract.0 
191133     DEBUG main            d.u.i.k.p.i.IntermediateProofReplayer Proof replay took 30.2ns 
193064     INFO  main            d.u.i.k.p.r.p.TestFile    ... finished proof: closed. 
193387     INFO  main            d.u.i.k.p.r.p.TestFile    Now processing file /home/runner/work/key/key/key.core/../key.ui/examples/InformationFlow/LoopInvariants/loop.IFLoopExamples(loop.IFLoopExamples__print(int)).Non-interference contract.0.key 
193388     INFO  main            d.u.i.k.p.i.AbstractProblemLoader Loading environment from /home/runner/work/key/key/key.core/../key.ui/examples/InformationFlow/LoopInvariants/loop.IFLoopExamples(loop.IFLoopExamples__print(int)).Non-interference contract.0.key 
193389     DEBUG main            d.u.i.k.p.i.AbstractProblemLoader Environment load took 557.6ns 
193391     INFO  main            d.u.i.k.p.i.AbstractProblemLoader Creating init config 
198225     DEBUG main            d.u.i.k.p.i.AbstractProblemLoader Init config took 4.83s 
198299     INFO  main            d.u.i.k.p.i.AbstractProblemLoader Replaying proof loop.IFLoopExamples[loop.IFLoopExamples::print(int)].Non-interference contract.0 
198304     DEBUG main            d.u.i.k.p.i.IntermediateProofReplayer Proof replay took 34.9ns 
198508     INFO  main            d.u.i.k.p.r.p.TestFile    ... finished proof: closed. 
198804     INFO  main            d.u.i.k.p.r.p.TestFile    Now processing file /home/runner/work/key/key/key.core/../key.ui/examples/InformationFlow/LoopInvariants/loop.IFLoopExamples(loop.IFLoopExamples__hammer(int)).Non-interference contract.0.key 
198805     INFO  main            d.u.i.k.p.i.AbstractProblemLoader Loading environment from /home/runner/work/key/key/key.core/../key.ui/examples/InformationFlow/LoopInvariants/loop.IFLoopExamples(loop.IFLoopExamples__hammer(int)).Non-interference contract.0.key 
198805     DEBUG main            d.u.i.k.p.i.AbstractProblemLoader Environment load took 195ns 
198807     INFO  main            d.u.i.k.p.i.AbstractProblemLoader Creating init config 
203546     DEBUG main            d.u.i.k.p.i.AbstractProblemLoader Init config took 4.74s 
203620     INFO  main            d.u.i.k.p.i.AbstractProblemLoader Replaying proof loop.IFLoopExamples[loop.IFLoopExamples::hammer(int)].Non-interference contract.0 
203625     DEBUG main            d.u.i.k.p.i.IntermediateProofReplayer Proof replay took 30.5ns 
207541     INFO  main            d.u.i.k.p.r.p.TestFile    ... finished proof: closed. 
1965507    INFO  Test worker     d.u.i.k.p.r.RunAllProofsTestUnit Returning from test LoopInvariants_nomacro 
1965510    INFO  Test worker     d.u.i.k.p.r.RunAllProofsTestUnit Running test MiniExamples_nomacro 
637        INFO  Timeout watchdog d.u.i.k.p.r.p.ForkedTestFileRunner Timeout watcher launched (1000 secs.) 
669        WARN  main            d.u.i.k.s.ProofSettings   The settings in /home/runner/.key/proof-settings.props are *not* read. 
738        INFO  main            d.u.i.k.p.r.p.TestFile    Now processing file /home/runner/work/key/key/key.core/../key.ui/examples/InformationFlow/MiniExamples/mini.AliasingExamples(mini.AliasingExamples__insecure_1(mini.AliasingExamples,mini.AliasingExamples,int)).Non-interference contract.0.key 
1057       INFO  main            d.u.i.k.p.i.AbstractProblemLoader Loading environment from /home/runner/work/key/key/key.core/../key.ui/examples/InformationFlow/MiniExamples/mini.AliasingExamples(mini.AliasingExamples__insecure_1(mini.AliasingExamples,mini.AliasingExamples,int)).Non-interference contract.0.key 
1111       DEBUG main            d.u.i.k.p.i.AbstractProblemLoader Environment load took 4.73ms 
1581       INFO  main            d.u.i.k.p.i.AbstractProblemLoader Creating init config 
3084       DEBUG main            d.u.i.k.j.TypeConverter   No LDT found for Meta 
3085       DEBUG main            d.u.i.k.j.TypeConverter   No LDT found for Meta 
3088       DEBUG main            d.u.i.k.j.TypeConverter   No LDT found for Meta 
3090       DEBUG main            d.u.i.k.j.TypeConverter   No LDT found for Meta 
5089       DEBUG main            d.u.i.k.j.TypeConverter   No LDT found for JavaBigintExpression 
15192      DEBUG main            d.u.i.k.p.i.AbstractProblemLoader Init config took 13.61s 
15494      INFO  main            d.u.i.k.p.i.AbstractProblemLoader Replaying proof mini.AliasingExamples[mini.AliasingExamples::insecure_1(mini.AliasingExamples,mini.AliasingExamples,int)].Non-interference contract.0 
15662      DEBUG main            d.u.i.k.p.i.IntermediateProofReplayer Proof replay took 800.9ns 
17634      INFO  main            d.u.i.k.p.r.p.TestFile    ... finished proof: open goal(s) 
17862      INFO  main            d.u.i.k.p.r.p.TestFile    Now processing file /home/runner/work/key/key/key.core/../key.ui/examples/InformationFlow/MiniExamples/mini.AliasingExamples(mini.AliasingExamples__secure_1(mini.AliasingExamples,mini.AliasingExamples,int)).Non-interference contract.0.key 
17864      INFO  main            d.u.i.k.p.i.AbstractProblemLoader Loading environment from /home/runner/work/key/key/key.core/../key.ui/examples/InformationFlow/MiniExamples/mini.AliasingExamples(mini.AliasingExamples__secure_1(mini.AliasingExamples,mini.AliasingExamples,int)).Non-interference contract.0.key 
17865      DEBUG main            d.u.i.k.p.i.AbstractProblemLoader Environment load took 912.6ns 
17870      INFO  main            d.u.i.k.p.i.AbstractProblemLoader Creating init config 
23057      DEBUG main            d.u.i.k.p.i.AbstractProblemLoader Init config took 5.19s 
23182      INFO  main            d.u.i.k.p.i.AbstractProblemLoader Replaying proof mini.AliasingExamples[mini.AliasingExamples::secure_1(mini.AliasingExamples,mini.AliasingExamples,int)].Non-interference contract.0 
23190      DEBUG main            d.u.i.k.p.i.IntermediateProofReplayer Proof replay took 37.4ns 
23825      INFO  main            d.u.i.k.p.r.p.TestFile    ... finished proof: closed. 
24037      INFO  main            d.u.i.k.p.r.p.TestFile    Now processing file /home/runner/work/key/key/key.core/../key.ui/examples/InformationFlow/MiniExamples/mini.MiniExamplesLecture(mini.MiniExamplesLecture__m_6()).Non-interference contract.0.key 
24038      INFO  main            d.u.i.k.p.i.AbstractProblemLoader Loading environment from /home/runner/work/key/key/key.core/../key.ui/examples/InformationFlow/MiniExamples/mini.MiniExamplesLecture(mini.MiniExamplesLecture__m_6()).Non-interference contract.0.key 
24039      DEBUG main            d.u.i.k.p.i.AbstractProblemLoader Environment load took 318.2ns 
24042      INFO  main            d.u.i.k.p.i.AbstractProblemLoader Creating init config 
28993      DEBUG main            d.u.i.k.p.i.AbstractProblemLoader Init config took 4.95s 
29128      INFO  main            d.u.i.k.p.i.AbstractProblemLoader Replaying proof mini.MiniExamplesLecture[mini.MiniExamplesLecture::m_6()].Non-interference contract.0 
29137      DEBUG main            d.u.i.k.p.i.IntermediateProofReplayer Proof replay took 30.9ns 
29443      INFO  main            d.u.i.k.p.r.p.TestFile    ... finished proof: closed. 
29683      INFO  main            d.u.i.k.p.r.p.TestFile    Now processing file /home/runner/work/key/key/key.core/../key.ui/examples/InformationFlow/MiniExamples/mini.MiniExamplesLecture(mini.MiniExamplesLecture__m_5()).Non-interference contract.0.key 
29684      INFO  main            d.u.i.k.p.i.AbstractProblemLoader Loading environment from /home/runner/work/key/key/key.core/../key.ui/examples/InformationFlow/MiniExamples/mini.MiniExamplesLecture(mini.MiniExamplesLecture__m_5()).Non-interference contract.0.key 
29684      DEBUG main            d.u.i.k.p.i.AbstractProblemLoader Environment load took 136ns 
29687      INFO  main            d.u.i.k.p.i.AbstractProblemLoader Creating init config 
34401      DEBUG main            d.u.i.k.p.i.AbstractProblemLoader Init config took 4.71s 
34511      INFO  main            d.u.i.k.p.i.AbstractProblemLoader Replaying proof mini.MiniExamplesLecture[mini.MiniExamplesLecture::m_5()].Non-interference contract.0 
34524      DEBUG main            d.u.i.k.p.i.IntermediateProofReplayer Proof replay took 26ns 
35259      INFO  main            d.u.i.k.p.r.p.TestFile    ... finished proof: closed. 
35516      INFO  main            d.u.i.k.p.r.p.TestFile    Now processing file /home/runner/work/key/key/key.core/../key.ui/examples/InformationFlow/MiniExamples/mini.MiniExamplesLecture(mini.MiniExamplesLecture__m_4()).Non-interference contract.0.key 
35517      INFO  main            d.u.i.k.p.i.AbstractProblemLoader Loading environment from /home/runner/work/key/key/key.core/../key.ui/examples/InformationFlow/MiniExamples/mini.MiniExamplesLecture(mini.MiniExamplesLecture__m_4()).Non-interference contract.0.key 
35518      DEBUG main            d.u.i.k.p.i.AbstractProblemLoader Environment load took 814.51ns 
35522      INFO  main            d.u.i.k.p.i.AbstractProblemLoader Creating init config 
40186      DEBUG main            d.u.i.k.p.i.AbstractProblemLoader Init config took 4.66s 
40295      INFO  main            d.u.i.k.p.i.AbstractProblemLoader Replaying proof mini.MiniExamplesLecture[mini.MiniExamplesLecture::m_4()].Non-interference contract.0 
40306      DEBUG main            d.u.i.k.p.i.IntermediateProofReplayer Proof replay took 35.4ns 
40812      INFO  main            d.u.i.k.p.r.p.TestFile    ... finished proof: closed. 
41053      INFO  main            d.u.i.k.p.r.p.TestFile    Now processing file /home/runner/work/key/key/key.core/../key.ui/examples/InformationFlow/MiniExamples/mini.MiniExamplesLecture(mini.MiniExamplesLecture__m_3()).Non-interference contract.0.key 
41054      INFO  main            d.u.i.k.p.i.AbstractProblemLoader Loading environment from /home/runner/work/key/key/key.core/../key.ui/examples/InformationFlow/MiniExamples/mini.MiniExamplesLecture(mini.MiniExamplesLecture__m_3()).Non-interference contract.0.key 
41055      DEBUG main            d.u.i.k.p.i.AbstractProblemLoader Environment load took 333.51ns 
41060      INFO  main            d.u.i.k.p.i.AbstractProblemLoader Creating init config 
45650      DEBUG main            d.u.i.k.p.i.AbstractProblemLoader Init config took 4.59s 
45776      INFO  main            d.u.i.k.p.i.AbstractProblemLoader Replaying proof mini.MiniExamplesLecture[mini.MiniExamplesLecture::m_3()].Non-interference contract.0 
45783      DEBUG main            d.u.i.k.p.i.IntermediateProofReplayer Proof replay took 25.8ns 
46597      INFO  main            d.u.i.k.p.r.p.TestFile    ... finished proof: open goal(s) 
46871      INFO  main            d.u.i.k.p.r.p.TestFile    Now processing file /home/runner/work/key/key/key.core/../key.ui/examples/InformationFlow/MiniExamples/mini.MiniExamplesLecture(mini.MiniExamplesLecture__m_2()).Non-interference contract.0.key 
46872      INFO  main            d.u.i.k.p.i.AbstractProblemLoader Loading environment from /home/runner/work/key/key/key.core/../key.ui/examples/InformationFlow/MiniExamples/mini.MiniExamplesLecture(mini.MiniExamplesLecture__m_2()).Non-interference contract.0.key 
46873      DEBUG main            d.u.i.k.p.i.AbstractProblemLoader Environment load took 398.1ns 
46875      INFO  main            d.u.i.k.p.i.AbstractProblemLoader Creating init config 
51367      DEBUG main            d.u.i.k.p.i.AbstractProblemLoader Init config took 4.49s 
51470      INFO  main            d.u.i.k.p.i.AbstractProblemLoader Replaying proof mini.MiniExamplesLecture[mini.MiniExamplesLecture::m_2()].Non-interference contract.0 
51478      DEBUG main            d.u.i.k.p.i.IntermediateProofReplayer Proof replay took 36.7ns 
51984      INFO  main            d.u.i.k.p.r.p.TestFile    ... finished proof: closed. 
52248      INFO  main            d.u.i.k.p.r.p.TestFile    Now processing file /home/runner/work/key/key/key.core/../key.ui/examples/InformationFlow/MiniExamples/mini.MiniExamplesLecture(mini.MiniExamplesLecture__m_1()).Non-interference contract.0.key 
52250      INFO  main            d.u.i.k.p.i.AbstractProblemLoader Loading environment from /home/runner/work/key/key/key.core/../key.ui/examples/InformationFlow/MiniExamples/mini.MiniExamplesLecture(mini.MiniExamplesLecture__m_1()).Non-interference contract.0.key 
52250      DEBUG main            d.u.i.k.p.i.AbstractProblemLoader Environment load took 641.4ns 
52253      INFO  main            d.u.i.k.p.i.AbstractProblemLoader Creating init config 
56778      DEBUG main            d.u.i.k.p.i.AbstractProblemLoader Init config took 4.52s 
56865      INFO  main            d.u.i.k.p.i.AbstractProblemLoader Replaying proof mini.MiniExamplesLecture[mini.MiniExamplesLecture::m_1()].Non-interference contract.0 
56870      DEBUG main            d.u.i.k.p.i.IntermediateProofReplayer Proof replay took 28ns 
57076      INFO  main            d.u.i.k.p.r.p.TestFile    ... finished proof: open goal(s) 
57342      INFO  main            d.u.i.k.p.r.p.TestFile    Now processing file /home/runner/work/key/key/key.core/../key.ui/examples/InformationFlow/MiniExamples/mini.DifferenceSeqLocset(mini.DifferenceSeqLocset__m()).Non-interference contract.1.key 
57344      INFO  main            d.u.i.k.p.i.AbstractProblemLoader Loading environment from /home/runner/work/key/key/key.core/../key.ui/examples/InformationFlow/MiniExamples/mini.DifferenceSeqLocset(mini.DifferenceSeqLocset__m()).Non-interference contract.1.key 
57344      DEBUG main            d.u.i.k.p.i.AbstractProblemLoader Environment load took 694.4ns 
57347      INFO  main            d.u.i.k.p.i.AbstractProblemLoader Creating init config 
61850      DEBUG main            d.u.i.k.p.i.AbstractProblemLoader Init config took 4.5s 
61957      INFO  main            d.u.i.k.p.i.AbstractProblemLoader Replaying proof mini.DifferenceSeqLocset[mini.DifferenceSeqLocset::m()].Non-interference contract.1 
61963      DEBUG main            d.u.i.k.p.i.IntermediateProofReplayer Proof replay took 23.5ns 
63489      INFO  main            d.u.i.k.p.r.p.TestFile    ... finished proof: open goal(s) 
63789      INFO  main            d.u.i.k.p.r.p.TestFile    Now processing file /home/runner/work/key/key/key.core/../key.ui/examples/InformationFlow/MiniExamples/mini.DifferenceSeqLocset(mini.DifferenceSeqLocset__m()).Non-interference contract.0.key 
63790      INFO  main            d.u.i.k.p.i.AbstractProblemLoader Loading environment from /home/runner/work/key/key/key.core/../key.ui/examples/InformationFlow/MiniExamples/mini.DifferenceSeqLocset(mini.DifferenceSeqLocset__m()).Non-interference contract.0.key 
63790      DEBUG main            d.u.i.k.p.i.AbstractProblemLoader Environment load took 412.1ns 
63792      INFO  main            d.u.i.k.p.i.AbstractProblemLoader Creating init config 
68229      DEBUG main            d.u.i.k.p.i.AbstractProblemLoader Init config took 4.44s 
68321      INFO  main            d.u.i.k.p.i.AbstractProblemLoader Replaying proof mini.DifferenceSeqLocset[mini.DifferenceSeqLocset::m()].Non-interference contract.0 
68327      DEBUG main            d.u.i.k.p.i.IntermediateProofReplayer Proof replay took 32.1ns 
71949      INFO  main            d.u.i.k.p.r.p.TestFile    ... finished proof: open goal(s) 
72258      INFO  main            d.u.i.k.p.r.p.TestFile    Now processing file /home/runner/work/key/key/key.core/../key.ui/examples/InformationFlow/MiniExamples/mini.MiniExamples(mini.MiniExamples__secure_p2_8()).Non-interference contract.0.key 
72259      INFO  main            d.u.i.k.p.i.AbstractProblemLoader Loading environment from /home/runner/work/key/key/key.core/../key.ui/examples/InformationFlow/MiniExamples/mini.MiniExamples(mini.MiniExamples__secure_p2_8()).Non-interference contract.0.key 
72260      DEBUG main            d.u.i.k.p.i.AbstractProblemLoader Environment load took 731.4ns 
72262      INFO  main            d.u.i.k.p.i.AbstractProblemLoader Creating init config 
76740      DEBUG main            d.u.i.k.p.i.AbstractProblemLoader Init config took 4.48s 
76834      INFO  main            d.u.i.k.p.i.AbstractProblemLoader Replaying proof mini.MiniExamples[mini.MiniExamples::secure_p2_8()].Non-interference contract.0 
76841      DEBUG main            d.u.i.k.p.i.IntermediateProofReplayer Proof replay took 45ns 
77547      INFO  main            d.u.i.k.p.r.p.TestFile    ... finished proof: closed. 
77859      INFO  main            d.u.i.k.p.r.p.TestFile    Now processing file /home/runner/work/key/key/key.core/../key.ui/examples/InformationFlow/MiniExamples/mini.MiniExamples(mini.MiniExamples__secure_parameter(int)).Non-interference contract.0.key 
77861      INFO  main            d.u.i.k.p.i.AbstractProblemLoader Loading environment from /home/runner/work/key/key/key.core/../key.ui/examples/InformationFlow/MiniExamples/mini.MiniExamples(mini.MiniExamples__secure_parameter(int)).Non-interference contract.0.key 
77862      DEBUG main            d.u.i.k.p.i.AbstractProblemLoader Environment load took 898.21ns 
77864      INFO  main            d.u.i.k.p.i.AbstractProblemLoader Creating init config 
82092      DEBUG main            d.u.i.k.p.i.AbstractProblemLoader Init config took 4.23s 
82177      INFO  main            d.u.i.k.p.i.AbstractProblemLoader Replaying proof mini.MiniExamples[mini.MiniExamples::secure_parameter(int)].Non-interference contract.0 
82185      DEBUG main            d.u.i.k.p.i.IntermediateProofReplayer Proof replay took 33.4ns 
82489      INFO  main            d.u.i.k.p.r.p.TestFile    ... finished proof: closed. 
82773      INFO  main            d.u.i.k.p.r.p.TestFile    Now processing file /home/runner/work/key/key/key.core/../key.ui/examples/InformationFlow/MiniExamples/mini.MiniExamples(mini.MiniExamples__secure_p2_7()).Non-interference contract.0.key 
82774      INFO  main            d.u.i.k.p.i.AbstractProblemLoader Loading environment from /home/runner/work/key/key/key.core/../key.ui/examples/InformationFlow/MiniExamples/mini.MiniExamples(mini.MiniExamples__secure_p2_7()).Non-interference contract.0.key 
82775      DEBUG main            d.u.i.k.p.i.AbstractProblemLoader Environment load took 486.2ns 
82777      INFO  main            d.u.i.k.p.i.AbstractProblemLoader Creating init config 
86968      DEBUG main            d.u.i.k.p.i.AbstractProblemLoader Init config took 4.19s 
87056      INFO  main            d.u.i.k.p.i.AbstractProblemLoader Replaying proof mini.MiniExamples[mini.MiniExamples::secure_p2_7()].Non-interference contract.0 
87063      DEBUG main            d.u.i.k.p.i.IntermediateProofReplayer Proof replay took 30.8ns 
87668      INFO  main            d.u.i.k.p.r.p.TestFile    ... finished proof: closed. 
87952      INFO  main            d.u.i.k.p.r.p.TestFile    Now processing file /home/runner/work/key/key/key.core/../key.ui/examples/InformationFlow/MiniExamples/mini.MiniExamples(mini.MiniExamples__insecure_p2_2()).Non-interference contract.0.key 
87953      INFO  main            d.u.i.k.p.i.AbstractProblemLoader Loading environment from /home/runner/work/key/key/key.core/../key.ui/examples/InformationFlow/MiniExamples/mini.MiniExamples(mini.MiniExamples__insecure_p2_2()).Non-interference contract.0.key 
87953      DEBUG main            d.u.i.k.p.i.AbstractProblemLoader Environment load took 154.9ns 
87955      INFO  main            d.u.i.k.p.i.AbstractProblemLoader Creating init config 
92189      DEBUG main            d.u.i.k.p.i.AbstractProblemLoader Init config took 4.23s 
92266      INFO  main            d.u.i.k.p.i.AbstractProblemLoader Replaying proof mini.MiniExamples[mini.MiniExamples::insecure_p2_2()].Non-interference contract.0 
92272      DEBUG main            d.u.i.k.p.i.IntermediateProofReplayer Proof replay took 27.2ns 
92677      INFO  main            d.u.i.k.p.r.p.TestFile    ... finished proof: open goal(s) 
92995      INFO  main            d.u.i.k.p.r.p.TestFile    Now processing file /home/runner/work/key/key/key.core/../key.ui/examples/InformationFlow/MiniExamples/mini.MiniExamples(mini.MiniExamples__secure_p2_6()).Non-interference contract.0.key 
92997      INFO  main            d.u.i.k.p.i.AbstractProblemLoader Loading environment from /home/runner/work/key/key/key.core/../key.ui/examples/InformationFlow/MiniExamples/mini.MiniExamples(mini.MiniExamples__secure_p2_6()).Non-interference contract.0.key 
92997      DEBUG main            d.u.i.k.p.i.AbstractProblemLoader Environment load took 663.4ns 
92999      INFO  main            d.u.i.k.p.i.AbstractProblemLoader Creating init config 
97297      DEBUG main            d.u.i.k.p.i.AbstractProblemLoader Init config took 4.3s 
97382      INFO  main            d.u.i.k.p.i.AbstractProblemLoader Replaying proof mini.MiniExamples[mini.MiniExamples::secure_p2_6()].Non-interference contract.0 
97387      DEBUG main            d.u.i.k.p.i.IntermediateProofReplayer Proof replay took 56.3ns 
97592      INFO  main            d.u.i.k.p.r.p.TestFile    ... finished proof: closed. 
97991      INFO  main            d.u.i.k.p.r.p.TestFile    Now processing file /home/runner/work/key/key/key.core/../key.ui/examples/InformationFlow/MiniExamples/mini.MiniExamples(mini.MiniExamples__secure_p2_5()).Non-interference contract.0.key 
97992      INFO  main            d.u.i.k.p.i.AbstractProblemLoader Loading environment from /home/runner/work/key/key/key.core/../key.ui/examples/InformationFlow/MiniExamples/mini.MiniExamples(mini.MiniExamples__secure_p2_5()).Non-interference contract.0.key 
97992      DEBUG main            d.u.i.k.p.i.AbstractProblemLoader Environment load took 104.3ns 
97994      INFO  main            d.u.i.k.p.i.AbstractProblemLoader Creating init config 
102244     DEBUG main            d.u.i.k.p.i.AbstractProblemLoader Init config took 4.25s 
102318     INFO  main            d.u.i.k.p.i.AbstractProblemLoader Replaying proof mini.MiniExamples[mini.MiniExamples::secure_p2_5()].Non-interference contract.0 
102323     DEBUG main            d.u.i.k.p.i.IntermediateProofReplayer Proof replay took 25.6ns 
102728     INFO  main            d.u.i.k.p.r.p.TestFile    ... finished proof: closed. 
103042     INFO  main            d.u.i.k.p.r.p.TestFile    Now processing file /home/runner/work/key/key/key.core/../key.ui/examples/InformationFlow/MiniExamples/mini.MiniExamples(mini.MiniExamples__secure_p2_4()).Non-interference contract.0.key 
103047     INFO  main            d.u.i.k.p.i.AbstractProblemLoader Loading environment from /home/runner/work/key/key/key.core/../key.ui/examples/InformationFlow/MiniExamples/mini.MiniExamples(mini.MiniExamples__secure_p2_4()).Non-interference contract.0.key 
103047     DEBUG main            d.u.i.k.p.i.AbstractProblemLoader Environment load took 171ns 
103049     INFO  main            d.u.i.k.p.i.AbstractProblemLoader Creating init config 
107280     DEBUG main            d.u.i.k.p.i.AbstractProblemLoader Init config took 4.23s 
107372     INFO  main            d.u.i.k.p.i.AbstractProblemLoader Replaying proof mini.MiniExamples[mini.MiniExamples::secure_p2_4()].Non-interference contract.0 
107378     DEBUG main            d.u.i.k.p.i.IntermediateProofReplayer Proof replay took 32.6ns 
107682     INFO  main            d.u.i.k.p.r.p.TestFile    ... finished proof: closed. 
108006     INFO  main            d.u.i.k.p.r.p.TestFile    Now processing file /home/runner/work/key/key/key.core/../key.ui/examples/InformationFlow/MiniExamples/mini.MiniExamples(mini.MiniExamples__secure_p2_3()).Non-interference contract.0.key 
108007     INFO  main            d.u.i.k.p.i.AbstractProblemLoader Loading environment from /home/runner/work/key/key/key.core/../key.ui/examples/InformationFlow/MiniExamples/mini.MiniExamples(mini.MiniExamples__secure_p2_3()).Non-interference contract.0.key 
108008     DEBUG main            d.u.i.k.p.i.AbstractProblemLoader Environment load took 594ns 
108010     INFO  main            d.u.i.k.p.i.AbstractProblemLoader Creating init config 
112280     DEBUG main            d.u.i.k.p.i.AbstractProblemLoader Init config took 4.27s 
112355     INFO  main            d.u.i.k.p.i.AbstractProblemLoader Replaying proof mini.MiniExamples[mini.MiniExamples::secure_p2_3()].Non-interference contract.0 
112360     DEBUG main            d.u.i.k.p.i.IntermediateProofReplayer Proof replay took 35.5ns 
112564     INFO  main            d.u.i.k.p.r.p.TestFile    ... finished proof: closed. 
112992     INFO  main            d.u.i.k.p.r.p.TestFile    Now processing file /home/runner/work/key/key/key.core/../key.ui/examples/InformationFlow/MiniExamples/mini.MiniExamples(mini.MiniExamples__secure_p2_2()).Non-interference contract.0.key 
112993     INFO  main            d.u.i.k.p.i.AbstractProblemLoader Loading environment from /home/runner/work/key/key/key.core/../key.ui/examples/InformationFlow/MiniExamples/mini.MiniExamples(mini.MiniExamples__secure_p2_2()).Non-interference contract.0.key 
112994     DEBUG main            d.u.i.k.p.i.AbstractProblemLoader Environment load took 607ns 
112996     INFO  main            d.u.i.k.p.i.AbstractProblemLoader Creating init config 
117200     DEBUG main            d.u.i.k.p.i.AbstractProblemLoader Init config took 4.2s 
117272     INFO  main            d.u.i.k.p.i.AbstractProblemLoader Replaying proof mini.MiniExamples[mini.MiniExamples::secure_p2_2()].Non-interference contract.0 
117277     DEBUG main            d.u.i.k.p.i.IntermediateProofReplayer Proof replay took 97.2ns 
117484     INFO  main            d.u.i.k.p.r.p.TestFile    ... finished proof: closed. 
117812     INFO  main            d.u.i.k.p.r.p.TestFile    Now processing file /home/runner/work/key/key/key.core/../key.ui/examples/InformationFlow/MiniExamples/mini.MiniExamples(mini.MiniExamples__secure_p2_1()).Non-interference contract.0.key 
117813     INFO  main            d.u.i.k.p.i.AbstractProblemLoader Loading environment from /home/runner/work/key/key/key.core/../key.ui/examples/InformationFlow/MiniExamples/mini.MiniExamples(mini.MiniExamples__secure_p2_1()).Non-interference contract.0.key 
117814     DEBUG main            d.u.i.k.p.i.AbstractProblemLoader Environment load took 759.21ns 
117816     INFO  main            d.u.i.k.p.i.AbstractProblemLoader Creating init config 
121911     DEBUG main            d.u.i.k.p.i.AbstractProblemLoader Init config took 4.1s 
121981     INFO  main            d.u.i.k.p.i.AbstractProblemLoader Replaying proof mini.MiniExamples[mini.MiniExamples::secure_p2_1()].Non-interference contract.0 
121986     DEBUG main            d.u.i.k.p.i.IntermediateProofReplayer Proof replay took 30.5ns 
122190     INFO  main            d.u.i.k.p.r.p.TestFile    ... finished proof: closed. 
122532     INFO  main            d.u.i.k.p.r.p.TestFile    Now processing file /home/runner/work/key/key/key.core/../key.ui/examples/InformationFlow/MiniExamples/mini.MiniExamples(mini.MiniExamples__insecure_p2_1()).Non-interference contract.0.key 
122533     INFO  main            d.u.i.k.p.i.AbstractProblemLoader Loading environment from /home/runner/work/key/key/key.core/../key.ui/examples/InformationFlow/MiniExamples/mini.MiniExamples(mini.MiniExamples__insecure_p2_1()).Non-interference contract.0.key 
122534     DEBUG main            d.u.i.k.p.i.AbstractProblemLoader Environment load took 680.6ns 
122536     INFO  main            d.u.i.k.p.i.AbstractProblemLoader Creating init config 
126671     DEBUG main            d.u.i.k.p.i.AbstractProblemLoader Init config took 4.14s 
126744     INFO  main            d.u.i.k.p.i.AbstractProblemLoader Replaying proof mini.MiniExamples[mini.MiniExamples::insecure_p2_1()].Non-interference contract.0 
126748     DEBUG main            d.u.i.k.p.i.IntermediateProofReplayer Proof replay took 26.8ns 
126953     INFO  main            d.u.i.k.p.r.p.TestFile    ... finished proof: open goal(s) 
127308     INFO  main            d.u.i.k.p.r.p.TestFile    Now processing file /home/runner/work/key/key/key.core/../key.ui/examples/InformationFlow/MiniExamples/mini.MiniExamples(mini.MiniExamples__secure_p1_6()).Non-interference contract.0.key 
127309     INFO  main            d.u.i.k.p.i.AbstractProblemLoader Loading environment from /home/runner/work/key/key/key.core/../key.ui/examples/InformationFlow/MiniExamples/mini.MiniExamples(mini.MiniExamples__secure_p1_6()).Non-interference contract.0.key 
127310     DEBUG main            d.u.i.k.p.i.AbstractProblemLoader Environment load took 400.8ns 
127312     INFO  main            d.u.i.k.p.i.AbstractProblemLoader Creating init config 
131433     DEBUG main            d.u.i.k.p.i.AbstractProblemLoader Init config took 4.12s 
131496     INFO  main            d.u.i.k.p.i.AbstractProblemLoader Replaying proof mini.MiniExamples[mini.MiniExamples::secure_p1_6()].Non-interference contract.0 
131500     DEBUG main            d.u.i.k.p.i.IntermediateProofReplayer Proof replay took 26.6ns 
131805     INFO  main            d.u.i.k.p.r.p.TestFile    ... finished proof: closed. 
132119     INFO  main            d.u.i.k.p.r.p.TestFile    Now processing file /home/runner/work/key/key/key.core/../key.ui/examples/InformationFlow/MiniExamples/mini.MiniExamples(mini.MiniExamples__secure_p1_5()).Non-interference contract.0.key 
132119     INFO  main            d.u.i.k.p.i.AbstractProblemLoader Loading environment from /home/runner/work/key/key/key.core/../key.ui/examples/InformationFlow/MiniExamples/mini.MiniExamples(mini.MiniExamples__secure_p1_5()).Non-interference contract.0.key 
132120     DEBUG main            d.u.i.k.p.i.AbstractProblemLoader Environment load took 391.2ns 
132122     INFO  main            d.u.i.k.p.i.AbstractProblemLoader Creating init config 
136322     DEBUG main            d.u.i.k.p.i.AbstractProblemLoader Init config took 4.2s 
136420     INFO  main            d.u.i.k.p.i.AbstractProblemLoader Replaying proof mini.MiniExamples[mini.MiniExamples::secure_p1_5()].Non-interference contract.0 
136425     DEBUG main            d.u.i.k.p.i.IntermediateProofReplayer Proof replay took 36.1ns 
137131     INFO  main            d.u.i.k.p.r.p.TestFile    ... finished proof: closed. 
137498     INFO  main            d.u.i.k.p.r.p.TestFile    Now processing file /home/runner/work/key/key/key.core/../key.ui/examples/InformationFlow/MiniExamples/mini.MiniExamples(mini.MiniExamples__secure_p1_4()).Non-interference contract.0.key 
137499     INFO  main            d.u.i.k.p.i.AbstractProblemLoader Loading environment from /home/runner/work/key/key/key.core/../key.ui/examples/InformationFlow/MiniExamples/mini.MiniExamples(mini.MiniExamples__secure_p1_4()).Non-interference contract.0.key 
137500     DEBUG main            d.u.i.k.p.i.AbstractProblemLoader Environment load took 694.71ns 
137502     INFO  main            d.u.i.k.p.i.AbstractProblemLoader Creating init config 
141665     DEBUG main            d.u.i.k.p.i.AbstractProblemLoader Init config took 4.16s 
141744     INFO  main            d.u.i.k.p.i.AbstractProblemLoader Replaying proof mini.MiniExamples[mini.MiniExamples::secure_p1_4()].Non-interference contract.0 
141750     DEBUG main            d.u.i.k.p.i.IntermediateProofReplayer Proof replay took 35.6ns 
142357     INFO  main            d.u.i.k.p.r.p.TestFile    ... finished proof: closed. 
142697     INFO  main            d.u.i.k.p.r.p.TestFile    Now processing file /home/runner/work/key/key/key.core/../key.ui/examples/InformationFlow/MiniExamples/mini.MiniExamples(mini.MiniExamples__secure_p1_3()).Non-interference contract.0.key 
142698     INFO  main            d.u.i.k.p.i.AbstractProblemLoader Loading environment from /home/runner/work/key/key/key.core/../key.ui/examples/InformationFlow/MiniExamples/mini.MiniExamples(mini.MiniExamples__secure_p1_3()).Non-interference contract.0.key 
142698     DEBUG main            d.u.i.k.p.i.AbstractProblemLoader Environment load took 164.8ns 
142700     INFO  main            d.u.i.k.p.i.AbstractProblemLoader Creating init config 
146901     DEBUG main            d.u.i.k.p.i.AbstractProblemLoader Init config took 4.2s 
146964     INFO  main            d.u.i.k.p.i.AbstractProblemLoader Replaying proof mini.MiniExamples[mini.MiniExamples::secure_p1_3()].Non-interference contract.0 
146969     DEBUG main            d.u.i.k.p.i.IntermediateProofReplayer Proof replay took 41.9ns 
147273     INFO  main            d.u.i.k.p.r.p.TestFile    ... finished proof: closed. 
147729     INFO  main            d.u.i.k.p.r.p.TestFile    Now processing file /home/runner/work/key/key/key.core/../key.ui/examples/InformationFlow/MiniExamples/mini.MiniExamples(mini.MiniExamples__secure_p1_2()).Non-interference contract.0.key 
147731     INFO  main            d.u.i.k.p.i.AbstractProblemLoader Loading environment from /home/runner/work/key/key/key.core/../key.ui/examples/InformationFlow/MiniExamples/mini.MiniExamples(mini.MiniExamples__secure_p1_2()).Non-interference contract.0.key 
147731     DEBUG main            d.u.i.k.p.i.AbstractProblemLoader Environment load took 737.7ns 
147733     INFO  main            d.u.i.k.p.i.AbstractProblemLoader Creating init config 
151911     DEBUG main            d.u.i.k.p.i.AbstractProblemLoader Init config took 4.18s 
151978     INFO  main            d.u.i.k.p.i.AbstractProblemLoader Replaying proof mini.MiniExamples[mini.MiniExamples::secure_p1_2()].Non-interference contract.0 
151984     DEBUG main            d.u.i.k.p.i.IntermediateProofReplayer Proof replay took 29.5ns 
152490     INFO  main            d.u.i.k.p.r.p.TestFile    ... finished proof: closed. 
152924     INFO  main            d.u.i.k.p.r.p.TestFile    Now processing file /home/runner/work/key/key/key.core/../key.ui/examples/InformationFlow/MiniExamples/mini.MiniExamples(mini.MiniExamples__secure_p1_1()).Non-interference contract.1.key 
152925     INFO  main            d.u.i.k.p.i.AbstractProblemLoader Loading environment from /home/runner/work/key/key/key.core/../key.ui/examples/InformationFlow/MiniExamples/mini.MiniExamples(mini.MiniExamples__secure_p1_1()).Non-interference contract.1.key 
152925     DEBUG main            d.u.i.k.p.i.AbstractProblemLoader Environment load took 102.3ns 
152927     INFO  main            d.u.i.k.p.i.AbstractProblemLoader Creating init config 
157011     DEBUG main            d.u.i.k.p.i.AbstractProblemLoader Init config took 4.08s 
157076     INFO  main            d.u.i.k.p.i.AbstractProblemLoader Replaying proof mini.MiniExamples[mini.MiniExamples::secure_p1_1()].Non-interference contract.1 
157081     DEBUG main            d.u.i.k.p.i.IntermediateProofReplayer Proof replay took 25.2ns 
157485     INFO  main            d.u.i.k.p.r.p.TestFile    ... finished proof: closed. 
157849     INFO  main            d.u.i.k.p.r.p.TestFile    Now processing file /home/runner/work/key/key/key.core/../key.ui/examples/InformationFlow/MiniExamples/mini.MiniExamples(mini.MiniExamples__secure_p1_1()).Non-interference contract.0.key 
157849     INFO  main            d.u.i.k.p.i.AbstractProblemLoader Loading environment from /home/runner/work/key/key/key.core/../key.ui/examples/InformationFlow/MiniExamples/mini.MiniExamples(mini.MiniExamples__secure_p1_1()).Non-interference contract.0.key 
157849     DEBUG main            d.u.i.k.p.i.AbstractProblemLoader Environment load took 104.1ns 
157851     INFO  main            d.u.i.k.p.i.AbstractProblemLoader Creating init config 
161956     DEBUG main            d.u.i.k.p.i.AbstractProblemLoader Init config took 4.1s 
162020     INFO  main            d.u.i.k.p.i.AbstractProblemLoader Replaying proof mini.MiniExamples[mini.MiniExamples::secure_p1_1()].Non-interference contract.0 
162024     DEBUG main            d.u.i.k.p.i.IntermediateProofReplayer Proof replay took 45.2ns 
162429     INFO  main            d.u.i.k.p.r.p.TestFile    ... finished proof: closed. 
162820     INFO  main            d.u.i.k.p.r.p.TestFile    Now processing file /home/runner/work/key/key/key.core/../key.ui/examples/InformationFlow/MiniExamples/mini.MiniExamples(mini.MiniExamples__insecure_p1_2()).Non-interference contract.0.key 
162821     INFO  main            d.u.i.k.p.i.AbstractProblemLoader Loading environment from /home/runner/work/key/key/key.core/../key.ui/examples/InformationFlow/MiniExamples/mini.MiniExamples(mini.MiniExamples__insecure_p1_2()).Non-interference contract.0.key 
162822     DEBUG main            d.u.i.k.p.i.AbstractProblemLoader Environment load took 406ns 
162824     INFO  main            d.u.i.k.p.i.AbstractProblemLoader Creating init config 
166868     DEBUG main            d.u.i.k.p.i.AbstractProblemLoader Init config took 4.04s 
166944     INFO  main            d.u.i.k.p.i.AbstractProblemLoader Replaying proof mini.MiniExamples[mini.MiniExamples::insecure_p1_2()].Non-interference contract.0 
166951     DEBUG main            d.u.i.k.p.i.IntermediateProofReplayer Proof replay took 82.7ns 
167458     INFO  main            d.u.i.k.p.r.p.TestFile    ... finished proof: open goal(s) 
167848     INFO  main            d.u.i.k.p.r.p.TestFile    Now processing file /home/runner/work/key/key/key.core/../key.ui/examples/InformationFlow/MiniExamples/mini.MiniExamples(mini.MiniExamples__insecure_p1_1()).Non-interference contract.0.key 
167849     INFO  main            d.u.i.k.p.i.AbstractProblemLoader Loading environment from /home/runner/work/key/key/key.core/../key.ui/examples/InformationFlow/MiniExamples/mini.MiniExamples(mini.MiniExamples__insecure_p1_1()).Non-interference contract.0.key 
167849     DEBUG main            d.u.i.k.p.i.AbstractProblemLoader Environment load took 92.9ns 
167850     INFO  main            d.u.i.k.p.i.AbstractProblemLoader Creating init config 
171946     DEBUG main            d.u.i.k.p.i.AbstractProblemLoader Init config took 4.1s 
172014     INFO  main            d.u.i.k.p.i.AbstractProblemLoader Replaying proof mini.MiniExamples[mini.MiniExamples::insecure_p1_1()].Non-interference contract.0 
172018     DEBUG main            d.u.i.k.p.i.IntermediateProofReplayer Proof replay took 26.9ns 
172223     INFO  main            d.u.i.k.p.r.p.TestFile    ... finished proof: open goal(s) 
2138481    INFO  Test worker     d.u.i.k.p.r.RunAllProofsTestUnit Returning from test MiniExamples_nomacro 
2138487    INFO  Test worker     d.u.i.k.p.r.RunAllProofsTestUnit Running test NewObjects_nomacro 
576        INFO  Timeout watchdog d.u.i.k.p.r.p.ForkedTestFileRunner Timeout watcher launched (1000 secs.) 
602        WARN  main            d.u.i.k.s.ProofSettings   The settings in /home/runner/.key/proof-settings.props are *not* read. 
648        INFO  main            d.u.i.k.p.r.p.TestFile    Now processing file /home/runner/work/key/key/key.core/../key.ui/examples/InformationFlow/NewObjects/object.AmtoftBanerjee3(object.AmtoftBanerjee3__m()).Non-interference contract.0.key 
888        INFO  main            d.u.i.k.p.i.AbstractProblemLoader Loading environment from /home/runner/work/key/key/key.core/../key.ui/examples/InformationFlow/NewObjects/object.AmtoftBanerjee3(object.AmtoftBanerjee3__m()).Non-interference contract.0.key 
933        DEBUG main            d.u.i.k.p.i.AbstractProblemLoader Environment load took 5.78ms 
1438       INFO  main            d.u.i.k.p.i.AbstractProblemLoader Creating init config 
2873       DEBUG main            d.u.i.k.j.TypeConverter   No LDT found for Meta 
2875       DEBUG main            d.u.i.k.j.TypeConverter   No LDT found for Meta 
2878       DEBUG main            d.u.i.k.j.TypeConverter   No LDT found for Meta 
2879       DEBUG main            d.u.i.k.j.TypeConverter   No LDT found for Meta 
5424       DEBUG main            d.u.i.k.j.TypeConverter   No LDT found for JavaBigintExpression 
11896      DEBUG main            d.u.i.k.j.r.ClassPreparationMethodBuilder clPrepBuilder: Inner Class detected. Reject building class initialisation methods. 
16885      DEBUG main            d.u.i.k.p.i.AbstractProblemLoader Init config took 15.45s 
17283      INFO  main            d.u.i.k.p.i.AbstractProblemLoader Replaying proof object.AmtoftBanerjee3[object.AmtoftBanerjee3::m()].Non-interference contract.0 
17457      DEBUG main            d.u.i.k.p.i.IntermediateProofReplayer Proof replay took 603.3ns 
19124      INFO  main            d.u.i.k.p.r.p.TestFile    ... finished proof: closed. 
19344      INFO  main            d.u.i.k.p.r.p.TestFile    Now processing file /home/runner/work/key/key/key.core/../key.ui/examples/InformationFlow/NewObjects/object.AmtoftBanerjee(object.AmtoftBanerjee__m_2()).Non-interference contract.0.key 
19346      INFO  main            d.u.i.k.p.i.AbstractProblemLoader Loading environment from /home/runner/work/key/key/key.core/../key.ui/examples/InformationFlow/NewObjects/object.AmtoftBanerjee(object.AmtoftBanerjee__m_2()).Non-interference contract.0.key 
19347      DEBUG main            d.u.i.k.p.i.AbstractProblemLoader Environment load took 859.4ns 
19350      INFO  main            d.u.i.k.p.i.AbstractProblemLoader Creating init config 
21053      DEBUG main            d.u.i.k.j.r.ClassPreparationMethodBuilder clPrepBuilder: Inner Class detected. Reject building class initialisation methods. 
24783      DEBUG main            d.u.i.k.p.i.AbstractProblemLoader Init config took 5.43s 
24924      INFO  main            d.u.i.k.p.i.AbstractProblemLoader Replaying proof object.AmtoftBanerjee[object.AmtoftBanerjee::m_2()].Non-interference contract.0 
24940      DEBUG main            d.u.i.k.p.i.IntermediateProofReplayer Proof replay took 520ns 
27556      INFO  main            d.u.i.k.p.r.p.TestFile    ... finished proof: closed. 
27877      INFO  main            d.u.i.k.p.r.p.TestFile    Now processing file /home/runner/work/key/key/key.core/../key.ui/examples/InformationFlow/NewObjects/object.AmtoftBanerjee(object.AmtoftBanerjee__m_1()).Non-interference contract.1.key 
27877      INFO  main            d.u.i.k.p.i.AbstractProblemLoader Loading environment from /home/runner/work/key/key/key.core/../key.ui/examples/InformationFlow/NewObjects/object.AmtoftBanerjee(object.AmtoftBanerjee__m_1()).Non-interference contract.1.key 
27877      DEBUG main            d.u.i.k.p.i.AbstractProblemLoader Environment load took 118.4ns 
27880      INFO  main            d.u.i.k.p.i.AbstractProblemLoader Creating init config 
29514      DEBUG main            d.u.i.k.j.r.ClassPreparationMethodBuilder clPrepBuilder: Inner Class detected. Reject building class initialisation methods. 
32977      DEBUG main            d.u.i.k.p.i.AbstractProblemLoader Init config took 5.1s 
33107      INFO  main            d.u.i.k.p.i.AbstractProblemLoader Replaying proof object.AmtoftBanerjee[object.AmtoftBanerjee::m_1()].Non-interference contract.1 
33116      DEBUG main            d.u.i.k.p.i.IntermediateProofReplayer Proof replay took 33.9ns 
34246      INFO  main            d.u.i.k.p.r.p.TestFile    ... finished proof: open goal(s) 
34492      INFO  main            d.u.i.k.p.r.p.TestFile    Now processing file /home/runner/work/key/key/key.core/../key.ui/examples/InformationFlow/NewObjects/object.AmtoftBanerjee(object.AmtoftBanerjee__m_1()).Non-interference contract.0.key 
34493      INFO  main            d.u.i.k.p.i.AbstractProblemLoader Loading environment from /home/runner/work/key/key/key.core/../key.ui/examples/InformationFlow/NewObjects/object.AmtoftBanerjee(object.AmtoftBanerjee__m_1()).Non-interference contract.0.key 
34493      DEBUG main            d.u.i.k.p.i.AbstractProblemLoader Environment load took 212.1ns 
34496      INFO  main            d.u.i.k.p.i.AbstractProblemLoader Creating init config 
36112      DEBUG main            d.u.i.k.j.r.ClassPreparationMethodBuilder clPrepBuilder: Inner Class detected. Reject building class initialisation methods. 
39393      DEBUG main            d.u.i.k.p.i.AbstractProblemLoader Init config took 4.9s 
39526      INFO  main            d.u.i.k.p.i.AbstractProblemLoader Replaying proof object.AmtoftBanerjee[object.AmtoftBanerjee::m_1()].Non-interference contract.0 
39535      DEBUG main            d.u.i.k.p.i.IntermediateProofReplayer Proof replay took 22.5ns 
40655      INFO  main            d.u.i.k.p.r.p.TestFile    ... finished proof: closed. 
40927      INFO  main            d.u.i.k.p.r.p.TestFile    Now processing file /home/runner/work/key/key/key.core/../key.ui/examples/InformationFlow/NewObjects/object.AmtoftBanerjee(object.AmtoftBanerjee__getQ()).Non-interference contract.0.key 
40928      INFO  main            d.u.i.k.p.i.AbstractProblemLoader Loading environment from /home/runner/work/key/key/key.core/../key.ui/examples/InformationFlow/NewObjects/object.AmtoftBanerjee(object.AmtoftBanerjee__getQ()).Non-interference contract.0.key 
40929      DEBUG main            d.u.i.k.p.i.AbstractProblemLoader Environment load took 689.8ns 
40932      INFO  main            d.u.i.k.p.i.AbstractProblemLoader Creating init config 
42422      DEBUG main            d.u.i.k.j.r.ClassPreparationMethodBuilder clPrepBuilder: Inner Class detected. Reject building class initialisation methods. 
45888      DEBUG main            d.u.i.k.p.i.AbstractProblemLoader Init config took 4.96s 
45990      INFO  main            d.u.i.k.p.i.AbstractProblemLoader Replaying proof object.AmtoftBanerjee[object.AmtoftBanerjee::getQ()].Non-interference contract.0 
46000      DEBUG main            d.u.i.k.p.i.IntermediateProofReplayer Proof replay took 37.7ns 
46204      INFO  main            d.u.i.k.p.r.p.TestFile    ... finished proof: closed. 
46453      INFO  main            d.u.i.k.p.r.p.TestFile    Now processing file /home/runner/work/key/key/key.core/../key.ui/examples/InformationFlow/NewObjects/object.ObjectOrientation(object.ObjectOrientation__secure_while_i((Ljava.lang.Object)).Non-interference contract.0.key 
46454      INFO  main            d.u.i.k.p.i.AbstractProblemLoader Loading environment from /home/runner/work/key/key/key.core/../key.ui/examples/InformationFlow/NewObjects/object.ObjectOrientation(object.ObjectOrientation__secure_while_i((Ljava.lang.Object)).Non-interference contract.0.key 
46455      DEBUG main            d.u.i.k.p.i.AbstractProblemLoader Environment load took 676.3ns 
46458      INFO  main            d.u.i.k.p.i.AbstractProblemLoader Creating init config 
47884      DEBUG main            d.u.i.k.j.r.ClassPreparationMethodBuilder clPrepBuilder: Inner Class detected. Reject building class initialisation methods. 
51319      DEBUG main            d.u.i.k.p.i.AbstractProblemLoader Init config took 4.86s 
51422      INFO  main            d.u.i.k.p.i.AbstractProblemLoader Replaying proof object.ObjectOrientation[object.ObjectOrientation::secure_while_i([Ljava.lang.Object)].Non-interference contract.0 
51428      DEBUG main            d.u.i.k.p.i.IntermediateProofReplayer Proof replay took 33ns 
71009      INFO  main            d.u.i.k.p.r.p.TestFile    ... finished proof: closed. 
71435      INFO  main            d.u.i.k.p.r.p.TestFile    Now processing file /home/runner/work/key/key/key.core/../key.ui/examples/InformationFlow/NewObjects/object.ObjectOrientation(object.ObjectOrientation__secure_method_call()).Non-interference contract.0.key 
71437      INFO  main            d.u.i.k.p.i.AbstractProblemLoader Loading environment from /home/runner/work/key/key/key.core/../key.ui/examples/InformationFlow/NewObjects/object.ObjectOrientation(object.ObjectOrientation__secure_method_call()).Non-interference contract.0.key 
71437      DEBUG main            d.u.i.k.p.i.AbstractProblemLoader Environment load took 423.6ns 
71439      INFO  main            d.u.i.k.p.i.AbstractProblemLoader Creating init config 
72858      DEBUG main            d.u.i.k.j.r.ClassPreparationMethodBuilder clPrepBuilder: Inner Class detected. Reject building class initialisation methods. 
76042      DEBUG main            d.u.i.k.p.i.AbstractProblemLoader Init config took 4.6s 
76129      INFO  main            d.u.i.k.p.i.AbstractProblemLoader Replaying proof object.ObjectOrientation[object.ObjectOrientation::secure_method_call()].Non-interference contract.0 
76134      DEBUG main            d.u.i.k.p.i.IntermediateProofReplayer Proof replay took 23.7ns 
77055      INFO  main            d.u.i.k.p.r.p.TestFile    ... finished proof: closed. 
77331      INFO  main            d.u.i.k.p.r.p.TestFile    Now processing file /home/runner/work/key/key/key.core/../key.ui/examples/InformationFlow/NewObjects/object.ObjectOrientation(object.ObjectOrientation__if_two_object_creation_next()).Non-interference contract.1.key 
77332      INFO  main            d.u.i.k.p.i.AbstractProblemLoader Loading environment from /home/runner/work/key/key/key.core/../key.ui/examples/InformationFlow/NewObjects/object.ObjectOrientation(object.ObjectOrientation__if_two_object_creation_next()).Non-interference contract.1.key 
77332      DEBUG main            d.u.i.k.p.i.AbstractProblemLoader Environment load took 133ns 
77334      INFO  main            d.u.i.k.p.i.AbstractProblemLoader Creating init config 
78807      DEBUG main            d.u.i.k.j.r.ClassPreparationMethodBuilder clPrepBuilder: Inner Class detected. Reject building class initialisation methods. 
82047      DEBUG main            d.u.i.k.p.i.AbstractProblemLoader Init config took 4.71s 
82168      INFO  main            d.u.i.k.p.i.AbstractProblemLoader Replaying proof object.ObjectOrientation[object.ObjectOrientation::if_two_object_creation_next()].Non-interference contract.1 
82176      DEBUG main            d.u.i.k.p.i.IntermediateProofReplayer Proof replay took 37.7ns 
117974     INFO  main            d.u.i.k.p.r.p.TestFile    ... finished proof: open goal(s) 
118364     INFO  main            d.u.i.k.p.r.p.TestFile    Now processing file /home/runner/work/key/key/key.core/../key.ui/examples/InformationFlow/NewObjects/object.ObjectOrientation(object.ObjectOrientation__insecure_two_object_creation()).Non-interference contract.0.key 
118366     INFO  main            d.u.i.k.p.i.AbstractProblemLoader Loading environment from /home/runner/work/key/key/key.core/../key.ui/examples/InformationFlow/NewObjects/object.ObjectOrientation(object.ObjectOrientation__insecure_two_object_creation()).Non-interference contract.0.key 
118366     DEBUG main            d.u.i.k.p.i.AbstractProblemLoader Environment load took 761.4ns 
118368     INFO  main            d.u.i.k.p.i.AbstractProblemLoader Creating init config 
119737     DEBUG main            d.u.i.k.j.r.ClassPreparationMethodBuilder clPrepBuilder: Inner Class detected. Reject building class initialisation methods. 
123077     DEBUG main            d.u.i.k.p.i.AbstractProblemLoader Init config took 4.71s 
123181     INFO  main            d.u.i.k.p.i.AbstractProblemLoader Replaying proof object.ObjectOrientation[object.ObjectOrientation::insecure_two_object_creation()].Non-interference contract.0 
123192     DEBUG main            d.u.i.k.p.i.IntermediateProofReplayer Proof replay took 32.5ns 
157913     INFO  main            d.u.i.k.p.r.p.TestFile    ... finished proof: open goal(s) 
158436     INFO  main            d.u.i.k.p.r.p.TestFile    Now processing file /home/runner/work/key/key/key.core/../key.ui/examples/InformationFlow/NewObjects/object.ObjectOrientation(object.ObjectOrientation__secure_two_object_creation()).Non-interference contract.0.key 
158437     INFO  main            d.u.i.k.p.i.AbstractProblemLoader Loading environment from /home/runner/work/key/key/key.core/../key.ui/examples/InformationFlow/NewObjects/object.ObjectOrientation(object.ObjectOrientation__secure_two_object_creation()).Non-interference contract.0.key 
158437     DEBUG main            d.u.i.k.p.i.AbstractProblemLoader Environment load took 106.3ns 
158440     INFO  main            d.u.i.k.p.i.AbstractProblemLoader Creating init config 
159870     DEBUG main            d.u.i.k.j.r.ClassPreparationMethodBuilder clPrepBuilder: Inner Class detected. Reject building class initialisation methods. 
163072     DEBUG main            d.u.i.k.p.i.AbstractProblemLoader Init config took 4.63s 
163163     INFO  main            d.u.i.k.p.i.AbstractProblemLoader Replaying proof object.ObjectOrientation[object.ObjectOrientation::secure_two_object_creation()].Non-interference contract.0 
163168     DEBUG main            d.u.i.k.p.i.IntermediateProofReplayer Proof replay took 33.5ns 
188728     INFO  main            d.u.i.k.p.r.p.TestFile    ... finished proof: closed. 
189218     INFO  main            d.u.i.k.p.r.p.TestFile    Now processing file /home/runner/work/key/key/key.core/../key.ui/examples/InformationFlow/NewObjects/object.ObjectOrientation(object.ObjectOrientation__insecure_object_assignment()).Non-interference contract.1.key 
189219     INFO  main            d.u.i.k.p.i.AbstractProblemLoader Loading environment from /home/runner/work/key/key/key.core/../key.ui/examples/InformationFlow/NewObjects/object.ObjectOrientation(object.ObjectOrientation__insecure_object_assignment()).Non-interference contract.1.key 
189220     DEBUG main            d.u.i.k.p.i.AbstractProblemLoader Environment load took 680.1ns 
189222     INFO  main            d.u.i.k.p.i.AbstractProblemLoader Creating init config 
190611     DEBUG main            d.u.i.k.j.r.ClassPreparationMethodBuilder clPrepBuilder: Inner Class detected. Reject building class initialisation methods. 
193795     DEBUG main            d.u.i.k.p.i.AbstractProblemLoader Init config took 4.57s 
193876     INFO  main            d.u.i.k.p.i.AbstractProblemLoader Replaying proof object.ObjectOrientation[object.ObjectOrientation::insecure_object_assignment()].Non-interference contract.1 
193880     DEBUG main            d.u.i.k.p.i.IntermediateProofReplayer Proof replay took 24.1ns 
209476     INFO  main            d.u.i.k.p.r.p.TestFile    ... finished proof: open goal(s) 
209847     INFO  main            d.u.i.k.p.r.p.TestFile    Now processing file /home/runner/work/key/key/key.core/../key.ui/examples/InformationFlow/NewObjects/object.ObjectOrientation(object.ObjectOrientation__insecure_object_assignment()).Non-interference contract.0.key 
209848     INFO  main            d.u.i.k.p.i.AbstractProblemLoader Loading environment from /home/runner/work/key/key/key.core/../key.ui/examples/InformationFlow/NewObjects/object.ObjectOrientation(object.ObjectOrientation__insecure_object_assignment()).Non-interference contract.0.key 
209849     DEBUG main            d.u.i.k.p.i.AbstractProblemLoader Environment load took 888.7ns 
209851     INFO  main            d.u.i.k.p.i.AbstractProblemLoader Creating init config 
211286     DEBUG main            d.u.i.k.j.r.ClassPreparationMethodBuilder clPrepBuilder: Inner Class detected. Reject building class initialisation methods. 
214353     DEBUG main            d.u.i.k.p.i.AbstractProblemLoader Init config took 4.5s 
214442     INFO  main            d.u.i.k.p.i.AbstractProblemLoader Replaying proof object.ObjectOrientation[object.ObjectOrientation::insecure_object_assignment()].Non-interference contract.0 
214448     DEBUG main            d.u.i.k.p.i.IntermediateProofReplayer Proof replay took 30.6ns 
214755     INFO  main            d.u.i.k.p.r.p.TestFile    ... finished proof: open goal(s) 
215076     INFO  main            d.u.i.k.p.r.p.TestFile    Now processing file /home/runner/work/key/key/key.core/../key.ui/examples/InformationFlow/NewObjects/object.ObjectOrientation(object.ObjectOrientation__secure_object_creation_3()).Non-interference contract.0.key 
215077     INFO  main            d.u.i.k.p.i.AbstractProblemLoader Loading environment from /home/runner/work/key/key/key.core/../key.ui/examples/InformationFlow/NewObjects/object.ObjectOrientation(object.ObjectOrientation__secure_object_creation_3()).Non-interference contract.0.key 
215078     DEBUG main            d.u.i.k.p.i.AbstractProblemLoader Environment load took 219.6ns 
215080     INFO  main            d.u.i.k.p.i.AbstractProblemLoader Creating init config 
216469     DEBUG main            d.u.i.k.j.r.ClassPreparationMethodBuilder clPrepBuilder: Inner Class detected. Reject building class initialisation methods. 
219566     DEBUG main            d.u.i.k.p.i.AbstractProblemLoader Init config took 4.49s 
219647     INFO  main            d.u.i.k.p.i.AbstractProblemLoader Replaying proof object.ObjectOrientation[object.ObjectOrientation::secure_object_creation_3()].Non-interference contract.0 
219652     DEBUG main            d.u.i.k.p.i.IntermediateProofReplayer Proof replay took 28.2ns 
220560     INFO  main            d.u.i.k.p.r.p.TestFile    ... finished proof: closed. 
220892     INFO  main            d.u.i.k.p.r.p.TestFile    Now processing file /home/runner/work/key/key/key.core/../key.ui/examples/InformationFlow/NewObjects/object.ObjectOrientation(object.ObjectOrientation__secure_object_creation_2()).Non-interference contract.0.key 
220893     INFO  main            d.u.i.k.p.i.AbstractProblemLoader Loading environment from /home/runner/work/key/key/key.core/../key.ui/examples/InformationFlow/NewObjects/object.ObjectOrientation(object.ObjectOrientation__secure_object_creation_2()).Non-interference contract.0.key 
220894     DEBUG main            d.u.i.k.p.i.AbstractProblemLoader Environment load took 878ns 
220896     INFO  main            d.u.i.k.p.i.AbstractProblemLoader Creating init config 
222256     DEBUG main            d.u.i.k.j.r.ClassPreparationMethodBuilder clPrepBuilder: Inner Class detected. Reject building class initialisation methods. 
225290     DEBUG main            d.u.i.k.p.i.AbstractProblemLoader Init config took 4.39s 
225372     INFO  main            d.u.i.k.p.i.AbstractProblemLoader Replaying proof object.ObjectOrientation[object.ObjectOrientation::secure_object_creation_2()].Non-interference contract.0 
225382     DEBUG main            d.u.i.k.p.i.IntermediateProofReplayer Proof replay took 28.8ns 
226088     INFO  main            d.u.i.k.p.r.p.TestFile    ... finished proof: closed. 
226448     INFO  main            d.u.i.k.p.r.p.TestFile    Now processing file /home/runner/work/key/key/key.core/../key.ui/examples/InformationFlow/NewObjects/object.ObjectOrientation(object.ObjectOrientation__secure_object_creation()).Non-interference contract.0.key 
226449     INFO  main            d.u.i.k.p.i.AbstractProblemLoader Loading environment from /home/runner/work/key/key/key.core/../key.ui/examples/InformationFlow/NewObjects/object.ObjectOrientation(object.ObjectOrientation__secure_object_creation()).Non-interference contract.0.key 
226451     DEBUG main            d.u.i.k.p.i.AbstractProblemLoader Environment load took 1.27ms 
226453     INFO  main            d.u.i.k.p.i.AbstractProblemLoader Creating init config 
227828     DEBUG main            d.u.i.k.j.r.ClassPreparationMethodBuilder clPrepBuilder: Inner Class detected. Reject building class initialisation methods. 
231035     DEBUG main            d.u.i.k.p.i.AbstractProblemLoader Init config took 4.58s 
231110     INFO  main            d.u.i.k.p.i.AbstractProblemLoader Replaying proof object.ObjectOrientation[object.ObjectOrientation::secure_object_creation()].Non-interference contract.0 
231115     DEBUG main            d.u.i.k.p.i.IntermediateProofReplayer Proof replay took 253.7ns 
232825     INFO  main            d.u.i.k.p.r.p.TestFile    ... finished proof: closed. 
233175     INFO  main            d.u.i.k.p.r.p.TestFile    Now processing file /home/runner/work/key/key/key.core/../key.ui/examples/InformationFlow/NewObjects/object.AmtoftBanerjee2(object.AmtoftBanerjee2__expensive(int)).Non-interference contract.0.key 
233176     INFO  main            d.u.i.k.p.i.AbstractProblemLoader Loading environment from /home/runner/work/key/key/key.core/../key.ui/examples/InformationFlow/NewObjects/object.AmtoftBanerjee2(object.AmtoftBanerjee2__expensive(int)).Non-interference contract.0.key 
233177     DEBUG main            d.u.i.k.p.i.AbstractProblemLoader Environment load took 801.2ns 
233179     INFO  main            d.u.i.k.p.i.AbstractProblemLoader Creating init config 
234547     DEBUG main            d.u.i.k.j.r.ClassPreparationMethodBuilder clPrepBuilder: Inner Class detected. Reject building class initialisation methods. 
237648     DEBUG main            d.u.i.k.p.i.AbstractProblemLoader Init config took 4.47s 
237732     INFO  main            d.u.i.k.p.i.AbstractProblemLoader Replaying proof object.AmtoftBanerjee2[object.AmtoftBanerjee2::expensive(int)].Non-interference contract.0 
237737     DEBUG main            d.u.i.k.p.i.IntermediateProofReplayer Proof replay took 30.3ns 
237841     INFO  main            d.u.i.k.p.r.p.TestFile    ... finished proof: closed. 
238139     INFO  main            d.u.i.k.p.r.p.TestFile    Now processing file /home/runner/work/key/key/key.core/../key.ui/examples/InformationFlow/NewObjects/object.AmtoftBanerjee2(object.AmtoftBanerjee2__cexp(int)).Non-interference contract.0.key 
238139     INFO  main            d.u.i.k.p.i.AbstractProblemLoader Loading environment from /home/runner/work/key/key/key.core/../key.ui/examples/InformationFlow/NewObjects/object.AmtoftBanerjee2(object.AmtoftBanerjee2__cexp(int)).Non-interference contract.0.key 
238140     DEBUG main            d.u.i.k.p.i.AbstractProblemLoader Environment load took 168.4ns 
238141     INFO  main            d.u.i.k.p.i.AbstractProblemLoader Creating init config 
239499     DEBUG main            d.u.i.k.j.r.ClassPreparationMethodBuilder clPrepBuilder: Inner Class detected. Reject building class initialisation methods. 
242608     DEBUG main            d.u.i.k.p.i.AbstractProblemLoader Init config took 4.47s 
242704     INFO  main            d.u.i.k.p.i.AbstractProblemLoader Replaying proof object.AmtoftBanerjee2[object.AmtoftBanerjee2::cexp(int)].Non-interference contract.0 
242711     DEBUG main            d.u.i.k.p.i.IntermediateProofReplayer Proof replay took 25.3ns 
245826     INFO  main            d.u.i.k.p.r.p.TestFile    ... finished proof: closed. 
2384973    INFO  Test worker     d.u.i.k.p.r.RunAllProofsTestUnit Returning from test NewObjects_nomacro 
2384975    INFO  Test worker     d.u.i.k.p.r.RunAllProofsTestUnit Running test SimpleEvoting_nomacro 
639        INFO  Timeout watchdog d.u.i.k.p.r.p.ForkedTestFileRunner Timeout watcher launched (1000 secs.) 
678        WARN  main            d.u.i.k.s.ProofSettings   The settings in /home/runner/.key/proof-settings.props are *not* read. 
750        INFO  main            d.u.i.k.p.r.p.TestFile    Now processing file /home/runner/work/key/key/key.core/../key.ui/examples/InformationFlow/SimpleEvoting/simple_evoting.Environment(simple_evoting.Environment__untrustedOutputMessage((B)).Non-interference contract.0.key 
997        INFO  main            d.u.i.k.p.i.AbstractProblemLoader Loading environment from /home/runner/work/key/key/key.core/../key.ui/examples/InformationFlow/SimpleEvoting/simple_evoting.Environment(simple_evoting.Environment__untrustedOutputMessage((B)).Non-interference contract.0.key 
1038       DEBUG main            d.u.i.k.p.i.AbstractProblemLoader Environment load took 3.87ms 
1487       INFO  main            d.u.i.k.p.i.AbstractProblemLoader Creating init config 
2891       DEBUG main            d.u.i.k.j.TypeConverter   No LDT found for Meta 
2895       DEBUG main            d.u.i.k.j.TypeConverter   No LDT found for Meta 
2902       DEBUG main            d.u.i.k.j.TypeConverter   No LDT found for Meta 
2903       DEBUG main            d.u.i.k.j.TypeConverter   No LDT found for Meta 
5217       DEBUG main            d.u.i.k.j.TypeConverter   No LDT found for JavaBigintExpression 
16947      DEBUG main            d.u.i.k.p.i.AbstractProblemLoader Init config took 15.46s 
17322      INFO  main            d.u.i.k.p.i.AbstractProblemLoader Replaying proof simple_evoting.Environment[simple_evoting.Environment::untrustedOutputMessage([B)].Non-interference contract.0 
17507      DEBUG main            d.u.i.k.p.i.IntermediateProofReplayer Proof replay took 802ns 
34585      INFO  main            d.u.i.k.p.r.p.TestFile    ... finished proof: closed. 
34939      INFO  main            d.u.i.k.p.r.p.TestFile    Now processing file /home/runner/work/key/key/key.core/../key.ui/examples/InformationFlow/SimpleEvoting/simple_evoting.Environment(simple_evoting.Environment__untrustedOutput(int)).Non-interference contract.0.key 
34941      INFO  main            d.u.i.k.p.i.AbstractProblemLoader Loading environment from /home/runner/work/key/key/key.core/../key.ui/examples/InformationFlow/SimpleEvoting/simple_evoting.Environment(simple_evoting.Environment__untrustedOutput(int)).Non-interference contract.0.key 
34942      DEBUG main            d.u.i.k.p.i.AbstractProblemLoader Environment load took 1.23ms 
34948      INFO  main            d.u.i.k.p.i.AbstractProblemLoader Creating init config 
40902      DEBUG main            d.u.i.k.p.i.AbstractProblemLoader Init config took 5.95s 
41066      INFO  main            d.u.i.k.p.i.AbstractProblemLoader Replaying proof simple_evoting.Environment[simple_evoting.Environment::untrustedOutput(int)].Non-interference contract.0 
41075      DEBUG main            d.u.i.k.p.i.IntermediateProofReplayer Proof replay took 38.5ns 
41179      INFO  main            d.u.i.k.p.r.p.TestFile    ... finished proof: closed. 
41452      INFO  main            d.u.i.k.p.r.p.TestFile    Now processing file /home/runner/work/key/key/key.core/../key.ui/examples/InformationFlow/SimpleEvoting/simple_evoting.Environment(simple_evoting.Environment__untrustedInput(int)).Non-interference contract.0.key 
41461      INFO  main            d.u.i.k.p.i.AbstractProblemLoader Loading environment from /home/runner/work/key/key/key.core/../key.ui/examples/InformationFlow/SimpleEvoting/simple_evoting.Environment(simple_evoting.Environment__untrustedInput(int)).Non-interference contract.0.key 
41462      DEBUG main            d.u.i.k.p.i.AbstractProblemLoader Environment load took 638.1ns 
41466      INFO  main            d.u.i.k.p.i.AbstractProblemLoader Creating init config 
47204      DEBUG main            d.u.i.k.p.i.AbstractProblemLoader Init config took 5.74s 
47333      INFO  main            d.u.i.k.p.i.AbstractProblemLoader Replaying proof simple_evoting.Environment[simple_evoting.Environment::untrustedInput(int)].Non-interference contract.0 
47340      DEBUG main            d.u.i.k.p.i.IntermediateProofReplayer Proof replay took 30.8ns 
47448      INFO  main            d.u.i.k.p.r.p.TestFile    ... finished proof: open goal(s) 
47714      INFO  main            d.u.i.k.p.r.p.TestFile    Now processing file /home/runner/work/key/key/key.core/../key.ui/examples/InformationFlow/SimpleEvoting/simple_evoting.Environment(simple_evoting.Environment__untrustedInput()).Non-interference contract.0.key 
47715      INFO  main            d.u.i.k.p.i.AbstractProblemLoader Loading environment from /home/runner/work/key/key/key.core/../key.ui/examples/InformationFlow/SimpleEvoting/simple_evoting.Environment(simple_evoting.Environment__untrustedInput()).Non-interference contract.0.key 
47715      DEBUG main            d.u.i.k.p.i.AbstractProblemLoader Environment load took 419.5ns 
47718      INFO  main            d.u.i.k.p.i.AbstractProblemLoader Creating init config 
53280      DEBUG main            d.u.i.k.p.i.AbstractProblemLoader Init config took 5.56s 
53402      INFO  main            d.u.i.k.p.i.AbstractProblemLoader Replaying proof simple_evoting.Environment[simple_evoting.Environment::untrustedInput()].Non-interference contract.0 
53413      DEBUG main            d.u.i.k.p.i.IntermediateProofReplayer Proof replay took 31.5ns 
53519      INFO  main            d.u.i.k.p.r.p.TestFile    ... finished proof: open goal(s) 
53788      INFO  main            d.u.i.k.p.r.p.TestFile    Now processing file /home/runner/work/key/key/key.core/../key.ui/examples/InformationFlow/SimpleEvoting/simple_evoting.SMT(simple_evoting.SMT__send(simple_evoting.Message,int,simple_evoting.Server)).Non-interference contract.1.key 
53788      INFO  main            d.u.i.k.p.i.AbstractProblemLoader Loading environment from /home/runner/work/key/key/key.core/../key.ui/examples/InformationFlow/SimpleEvoting/simple_evoting.SMT(simple_evoting.SMT__send(simple_evoting.Message,int,simple_evoting.Server)).Non-interference contract.1.key 
53788      DEBUG main            d.u.i.k.p.i.AbstractProblemLoader Environment load took 122.4ns 
53792      INFO  main            d.u.i.k.p.i.AbstractProblemLoader Creating init config 
59091      DEBUG main            d.u.i.k.p.i.AbstractProblemLoader Init config took 5.3s 
59242      INFO  main            d.u.i.k.p.i.AbstractProblemLoader Replaying proof simple_evoting.SMT[simple_evoting.SMT::send(simple_evoting.Message,int,simple_evoting.Server)].Non-interference contract.1 
59248      DEBUG main            d.u.i.k.p.i.IntermediateProofReplayer Proof replay took 29.5ns 
115362     INFO  main            d.u.i.k.p.r.p.TestFile    ... finished proof: closed. 
115803     INFO  main            d.u.i.k.p.r.p.TestFile    Now processing file /home/runner/work/key/key/key.core/../key.ui/examples/InformationFlow/SimpleEvoting/simple_evoting.SMT(simple_evoting.SMT__send(simple_evoting.Message,int,simple_evoting.Server)).Non-interference contract.0.key 
115805     INFO  main            d.u.i.k.p.i.AbstractProblemLoader Loading environment from /home/runner/work/key/key/key.core/../key.ui/examples/InformationFlow/SimpleEvoting/simple_evoting.SMT(simple_evoting.SMT__send(simple_evoting.Message,int,simple_evoting.Server)).Non-interference contract.0.key 
115806     DEBUG main            d.u.i.k.p.i.AbstractProblemLoader Environment load took 676.1ns 
115808     INFO  main            d.u.i.k.p.i.AbstractProblemLoader Creating init config 
121042     DEBUG main            d.u.i.k.p.i.AbstractProblemLoader Init config took 5.23s 
121154     INFO  main            d.u.i.k.p.i.AbstractProblemLoader Replaying proof simple_evoting.SMT[simple_evoting.SMT::send(simple_evoting.Message,int,simple_evoting.Server)].Non-interference contract.0 
121160     DEBUG main            d.u.i.k.p.i.IntermediateProofReplayer Proof replay took 28.2ns 
187007     INFO  main            d.u.i.k.p.r.p.TestFile    ... finished proof: closed. 
187475     INFO  main            d.u.i.k.p.r.p.TestFile    Now processing file /home/runner/work/key/key/key.core/../key.ui/examples/InformationFlow/SimpleEvoting/simple_evoting.NetworkClient(simple_evoting.NetworkClient__send((B,simple_evoting.Server,int)).Non-interference contract.0.key 
187476     INFO  main            d.u.i.k.p.i.AbstractProblemLoader Loading environment from /home/runner/work/key/key/key.core/../key.ui/examples/InformationFlow/SimpleEvoting/simple_evoting.NetworkClient(simple_evoting.NetworkClient__send((B,simple_evoting.Server,int)).Non-interference contract.0.key 
187477     DEBUG main            d.u.i.k.p.i.AbstractProblemLoader Environment load took 953.7ns 
187480     INFO  main            d.u.i.k.p.i.AbstractProblemLoader Creating init config 
192626     DEBUG main            d.u.i.k.p.i.AbstractProblemLoader Init config took 5.15s 
192731     INFO  main            d.u.i.k.p.i.AbstractProblemLoader Replaying proof simple_evoting.NetworkClient[simple_evoting.NetworkClient::send([B,simple_evoting.Server,int)].Non-interference contract.0 
192750     DEBUG main            d.u.i.k.p.i.IntermediateProofReplayer Proof replay took 38.1ns 
198510     INFO  main            d.u.i.k.p.r.p.TestFile    ... finished proof: closed. 
198852     INFO  main            d.u.i.k.p.r.p.TestFile    Now processing file /home/runner/work/key/key/key.core/../key.ui/examples/InformationFlow/SimpleEvoting/simple_evoting.Voter(simple_evoting.Voter__onSendBallot(simple_evoting.Server)).Non-interference contract.1.key 
198853     INFO  main            d.u.i.k.p.i.AbstractProblemLoader Loading environment from /home/runner/work/key/key/key.core/../key.ui/examples/InformationFlow/SimpleEvoting/simple_evoting.Voter(simple_evoting.Voter__onSendBallot(simple_evoting.Server)).Non-interference contract.1.key 
198853     DEBUG main            d.u.i.k.p.i.AbstractProblemLoader Environment load took 201.2ns 
198857     INFO  main            d.u.i.k.p.i.AbstractProblemLoader Creating init config 
204089     DEBUG main            d.u.i.k.p.i.AbstractProblemLoader Init config took 5.23s 
204198     INFO  main            d.u.i.k.p.i.AbstractProblemLoader Replaying proof simple_evoting.Voter[simple_evoting.Voter::onSendBallot(simple_evoting.Server)].Non-interference contract.1 
204206     DEBUG main            d.u.i.k.p.i.IntermediateProofReplayer Proof replay took 29.1ns 
223648     INFO  main            d.u.i.k.p.r.p.TestFile    ... finished proof: closed. 
224025     INFO  main            d.u.i.k.p.r.p.TestFile    Now processing file /home/runner/work/key/key/key.core/../key.ui/examples/InformationFlow/SimpleEvoting/simple_evoting.Voter(simple_evoting.Voter__onSendBallot(simple_evoting.Server)).Non-interference contract.0.key 
224026     INFO  main            d.u.i.k.p.i.AbstractProblemLoader Loading environment from /home/runner/work/key/key/key.core/../key.ui/examples/InformationFlow/SimpleEvoting/simple_evoting.Voter(simple_evoting.Voter__onSendBallot(simple_evoting.Server)).Non-interference contract.0.key 
224027     DEBUG main            d.u.i.k.p.i.AbstractProblemLoader Environment load took 796.3ns 
224030     INFO  main            d.u.i.k.p.i.AbstractProblemLoader Creating init config 
229274     DEBUG main            d.u.i.k.p.i.AbstractProblemLoader Init config took 5.24s 
229375     INFO  main            d.u.i.k.p.i.AbstractProblemLoader Replaying proof simple_evoting.Voter[simple_evoting.Voter::onSendBallot(simple_evoting.Server)].Non-interference contract.0 
229380     DEBUG main            d.u.i.k.p.i.IntermediateProofReplayer Proof replay took 29.3ns 
254294     INFO  main            d.u.i.k.p.r.p.TestFile    ... finished proof: closed. 
2639967    INFO  Test worker     d.u.i.k.p.r.RunAllProofsTestUnit Returning from test SimpleEvoting_nomacro 
2639970    INFO  Test worker     d.u.i.k.p.r.RunAllProofsTestUnit Running test ToyVoting_fullmacro 
698        INFO  Timeout watchdog d.u.i.k.p.r.p.ForkedTestFileRunner Timeout watcher launched (1000 secs.) 
729        WARN  main            d.u.i.k.s.ProofSettings   The settings in /home/runner/.key/proof-settings.props are *not* read. 
801        INFO  main            d.u.i.k.p.r.p.TestFile    Now processing file /home/runner/work/key/key/key.core/../key.ui/examples/InformationFlow/ToyVoting/Voter(Voter__insecure_voting()).Non-interference contract.0.m.key 
1035       INFO  main            d.u.i.k.p.i.AbstractProblemLoader Loading environment from /home/runner/work/key/key/key.core/../key.ui/examples/InformationFlow/ToyVoting/Voter(Voter__insecure_voting()).Non-interference contract.0.m.key 
1082       DEBUG main            d.u.i.k.p.i.AbstractProblemLoader Environment load took 3.62ms 
1475       INFO  main            d.u.i.k.p.i.AbstractProblemLoader Creating init config 
2837       DEBUG main            d.u.i.k.j.TypeConverter   No LDT found for Meta 
2839       DEBUG main            d.u.i.k.j.TypeConverter   No LDT found for Meta 
2843       DEBUG main            d.u.i.k.j.TypeConverter   No LDT found for Meta 
2844       DEBUG main            d.u.i.k.j.TypeConverter   No LDT found for Meta 
5201       DEBUG main            d.u.i.k.j.TypeConverter   No LDT found for JavaBigintExpression 
14292      DEBUG main            d.u.i.k.p.i.AbstractProblemLoader Init config took 12.82s 
14547      INFO  main            d.u.i.k.p.i.AbstractProblemLoader Replaying proof Voter[Voter::insecure_voting()].Non-interference contract.0 
14721      DEBUG main            d.u.i.k.p.i.IntermediateProofReplayer Proof replay took 925ns 
14841      DEBUG main            d.u.i.k.m.s.ProofScriptEngine 1: 'macro 'infflow-autopilot'' 
15432      DEBUG main            d.u.i.k.p.m.ProofCorrectnessMgt No justification found for rule Class_invariant_axiom_for_Voter 
15692      DEBUG main            d.u.i.k.p.m.ProofCorrectnessMgt No justification found for rule Class_invariant_axiom_for_Voter 
15698      DEBUG main            d.u.i.k.p.m.ProofCorrectnessMgt No justification found for rule Class_invariant_axiom_for_Voter 
16106      DEBUG main            d.u.i.k.p.m.ProofCorrectnessMgt No justification found for rule Class_invariant_axiom_for_Voter 
16110      DEBUG main            d.u.i.k.p.m.ProofCorrectnessMgt No justification found for rule Class_invariant_axiom_for_Voter 
16195      DEBUG main            d.u.i.k.p.m.ProofCorrectnessMgt No justification found for rule Class_invariant_axiom_for_Voter 
16199      DEBUG main            d.u.i.k.p.m.ProofCorrectnessMgt No justification found for rule Class_invariant_axiom_for_Voter 
16336      DEBUG main            d.u.i.k.p.m.ProofCorrectnessMgt No justification found for rule Class_invariant_axiom_for_Voter 
16340      DEBUG main            d.u.i.k.p.m.ProofCorrectnessMgt No justification found for rule Class_invariant_axiom_for_Voter 
16676      DEBUG main            d.u.i.k.p.m.ProofCorrectnessMgt No justification found for rule Class_invariant_axiom_for_Voter 
16678      DEBUG main            d.u.i.k.p.m.ProofCorrectnessMgt No justification found for rule Class_invariant_axiom_for_Voter 
16901      DEBUG main            d.u.i.k.p.m.ProofCorrectnessMgt No justification found for rule Class_invariant_axiom_for_Voter 
16903      DEBUG main            d.u.i.k.p.m.ProofCorrectnessMgt No justification found for rule Class_invariant_axiom_for_Voter 
16996      DEBUG main            d.u.i.k.p.m.ProofCorrectnessMgt No justification found for rule Class_invariant_axiom_for_Voter 
16998      DEBUG main            d.u.i.k.p.m.ProofCorrectnessMgt No justification found for rule Class_invariant_axiom_for_Voter 
17195      DEBUG main            d.u.i.k.p.m.ProofCorrectnessMgt No justification found for rule Class_invariant_axiom_for_Voter 
17223      DEBUG main            d.u.i.k.p.m.ProofCorrectnessMgt No justification found for rule Class_invariant_axiom_for_Voter 
17384      DEBUG main            d.u.i.k.p.m.ProofCorrectnessMgt No justification found for rule Class_invariant_axiom_for_Voter 
17403      DEBUG main            d.u.i.k.p.m.ProofCorrectnessMgt No justification found for rule Class_invariant_axiom_for_Voter 
17545      DEBUG main            d.u.i.k.p.m.ProofCorrectnessMgt No justification found for rule Class_invariant_axiom_for_Voter 
17573      DEBUG main            d.u.i.k.p.m.ProofCorrectnessMgt No justification found for rule Class_invariant_axiom_for_Voter 
17580      DEBUG main            d.u.i.k.p.m.ProofCorrectnessMgt No justification found for rule Class_invariant_axiom_for_Voter 
64444      INFO  main            d.u.i.k.p.r.p.TestFile    ... finished proof: open goal(s) 
64804      INFO  main            d.u.i.k.p.r.p.TestFile    Now processing file /home/runner/work/key/key/key.core/../key.ui/examples/InformationFlow/ToyVoting/Voter(Voter__publishVoterParticipation()).Non-interference contract.0.m.key 
64804      INFO  main            d.u.i.k.p.i.AbstractProblemLoader Loading environment from /home/runner/work/key/key/key.core/../key.ui/examples/InformationFlow/ToyVoting/Voter(Voter__publishVoterParticipation()).Non-interference contract.0.m.key 
64805      DEBUG main            d.u.i.k.p.i.AbstractProblemLoader Environment load took 177.5ns 
64810      INFO  main            d.u.i.k.p.i.AbstractProblemLoader Creating init config 
69317      DEBUG main            d.u.i.k.p.i.AbstractProblemLoader Init config took 4.51s 
69425      INFO  main            d.u.i.k.p.i.AbstractProblemLoader Replaying proof Voter[Voter::publishVoterParticipation()].Non-interference contract.0 
69431      DEBUG main            d.u.i.k.p.i.IntermediateProofReplayer Proof replay took 25.7ns 
69433      DEBUG main            d.u.i.k.m.s.ProofScriptEngine 1: 'macro 'infflow-autopilot'' 
69543      DEBUG main            d.u.i.k.p.m.ProofCorrectnessMgt No justification found for rule Class_invariant_axiom_for_Voter 
69871      INFO  main            d.u.i.k.p.r.p.TestFile    ... finished proof: closed. 
70267      INFO  main            d.u.i.k.p.r.p.TestFile    Now processing file /home/runner/work/key/key/key.core/../key.ui/examples/InformationFlow/ToyVoting/Voter(Voter__isValid(int)).Non-interference contract.0.m.key 
70268      INFO  main            d.u.i.k.p.i.AbstractProblemLoader Loading environment from /home/runner/work/key/key/key.core/../key.ui/examples/InformationFlow/ToyVoting/Voter(Voter__isValid(int)).Non-interference contract.0.m.key 
70269      DEBUG main            d.u.i.k.p.i.AbstractProblemLoader Environment load took 367.8ns 
70272      INFO  main            d.u.i.k.p.i.AbstractProblemLoader Creating init config 
74510      DEBUG main            d.u.i.k.p.i.AbstractProblemLoader Init config took 4.24s 
74606      INFO  main            d.u.i.k.p.i.AbstractProblemLoader Replaying proof Voter[Voter::isValid(int)].Non-interference contract.0 
74611      DEBUG main            d.u.i.k.p.i.IntermediateProofReplayer Proof replay took 23ns 
74613      DEBUG main            d.u.i.k.m.s.ProofScriptEngine 1: 'macro 'infflow-autopilot'' 
74704      DEBUG main            d.u.i.k.p.m.ProofCorrectnessMgt No justification found for rule Class_invariant_axiom_for_Voter 
75208      INFO  main            d.u.i.k.p.r.p.TestFile    ... finished proof: closed. 
75510      INFO  main            d.u.i.k.p.r.p.TestFile    Now processing file /home/runner/work/key/key/key.core/../key.ui/examples/InformationFlow/ToyVoting/Voter(Voter__sendVote(int)).Non-interference contract.0.m.key 
75512      INFO  main            d.u.i.k.p.i.AbstractProblemLoader Loading environment from /home/runner/work/key/key/key.core/../key.ui/examples/InformationFlow/ToyVoting/Voter(Voter__sendVote(int)).Non-interference contract.0.m.key 
75513      DEBUG main            d.u.i.k.p.i.AbstractProblemLoader Environment load took 960.2ns 
75517      INFO  main            d.u.i.k.p.i.AbstractProblemLoader Creating init config 
79642      DEBUG main            d.u.i.k.p.i.AbstractProblemLoader Init config took 4.13s 
79722      INFO  main            d.u.i.k.p.i.AbstractProblemLoader Replaying proof Voter[Voter::sendVote(int)].Non-interference contract.0 
79727      DEBUG main            d.u.i.k.p.i.IntermediateProofReplayer Proof replay took 23.4ns 
79729      DEBUG main            d.u.i.k.m.s.ProofScriptEngine 1: 'macro 'infflow-autopilot'' 
79809      DEBUG main            d.u.i.k.p.m.ProofCorrectnessMgt No justification found for rule Class_invariant_axiom_for_Voter 
80201      INFO  main            d.u.i.k.p.r.p.TestFile    ... finished proof: closed. 
80455      INFO  main            d.u.i.k.p.r.p.TestFile    Now processing file /home/runner/work/key/key/key.core/../key.ui/examples/InformationFlow/ToyVoting/Voter(Voter__inputVote()).Non-interference contract.0.m.key 
80459      INFO  main            d.u.i.k.p.i.AbstractProblemLoader Loading environment from /home/runner/work/key/key/key.core/../key.ui/examples/InformationFlow/ToyVoting/Voter(Voter__inputVote()).Non-interference contract.0.m.key 
80460      DEBUG main            d.u.i.k.p.i.AbstractProblemLoader Environment load took 877.5ns 
80462      INFO  main            d.u.i.k.p.i.AbstractProblemLoader Creating init config 
84503      DEBUG main            d.u.i.k.p.i.AbstractProblemLoader Init config took 4.04s 
84598      INFO  main            d.u.i.k.p.i.AbstractProblemLoader Replaying proof Voter[Voter::inputVote()].Non-interference contract.0 
84602      DEBUG main            d.u.i.k.p.i.IntermediateProofReplayer Proof replay took 279.3ns 
84605      DEBUG main            d.u.i.k.m.s.ProofScriptEngine 1: 'macro 'infflow-autopilot'' 
84680      DEBUG main            d.u.i.k.p.m.ProofCorrectnessMgt No justification found for rule Class_invariant_axiom_for_Voter 
84880      INFO  main            d.u.i.k.p.r.p.TestFile    ... finished proof: closed. 
85154      INFO  main            d.u.i.k.p.r.p.TestFile    Now processing file /home/runner/work/key/key/key.core/../key.ui/examples/InformationFlow/ToyVoting/Voter(Voter__secure_voting()).Non-interference contract.0.m.key 
85156      INFO  main            d.u.i.k.p.i.AbstractProblemLoader Loading environment from /home/runner/work/key/key/key.core/../key.ui/examples/InformationFlow/ToyVoting/Voter(Voter__secure_voting()).Non-interference contract.0.m.key 
85156      DEBUG main            d.u.i.k.p.i.AbstractProblemLoader Environment load took 413.6ns 
85158      INFO  main            d.u.i.k.p.i.AbstractProblemLoader Creating init config 
89185      DEBUG main            d.u.i.k.p.i.AbstractProblemLoader Init config took 4.03s 
89266      INFO  main            d.u.i.k.p.i.AbstractProblemLoader Replaying proof Voter[Voter::secure_voting()].Non-interference contract.0 
89271      DEBUG main            d.u.i.k.p.i.IntermediateProofReplayer Proof replay took 32ns 
89272      DEBUG main            d.u.i.k.m.s.ProofScriptEngine 1: 'macro 'infflow-autopilot'' 
89341      DEBUG main            d.u.i.k.p.m.ProofCorrectnessMgt No justification found for rule Class_invariant_axiom_for_Voter 
89556      DEBUG main            d.u.i.k.p.m.ProofCorrectnessMgt No justification found for rule Class_invariant_axiom_for_Voter 
89694      DEBUG main            d.u.i.k.p.m.ProofCorrectnessMgt No justification found for rule Class_invariant_axiom_for_Voter 
89696      DEBUG main            d.u.i.k.p.m.ProofCorrectnessMgt No justification found for rule Class_invariant_axiom_for_Voter 
89889      DEBUG main            d.u.i.k.p.m.ProofCorrectnessMgt No justification found for rule Class_invariant_axiom_for_Voter 
90144      DEBUG main            d.u.i.k.p.m.ProofCorrectnessMgt No justification found for rule Class_invariant_axiom_for_Voter 
90148      DEBUG main            d.u.i.k.p.m.ProofCorrectnessMgt No justification found for rule Class_invariant_axiom_for_Voter 
90734      DEBUG main            d.u.i.k.p.m.ProofCorrectnessMgt No justification found for rule Class_invariant_axiom_for_Voter 
90907      DEBUG main            d.u.i.k.p.m.ProofCorrectnessMgt No justification found for rule Class_invariant_axiom_for_Voter 
90912      DEBUG main            d.u.i.k.p.m.ProofCorrectnessMgt No justification found for rule Class_invariant_axiom_for_Voter 
90958      DEBUG main            d.u.i.k.p.m.ProofCorrectnessMgt No justification found for rule Class_invariant_axiom_for_Voter 
91087      DEBUG main            d.u.i.k.p.m.ProofCorrectnessMgt No justification found for rule Class_invariant_axiom_for_Voter 
91092      DEBUG main            d.u.i.k.p.m.ProofCorrectnessMgt No justification found for rule Class_invariant_axiom_for_Voter 
92686      DEBUG main            d.u.i.k.p.m.ProofCorrectnessMgt No justification found for rule Class_invariant_axiom_for_Voter 
92692      DEBUG main            d.u.i.k.p.m.ProofCorrectnessMgt No justification found for rule Class_invariant_axiom_for_Voter 
92866      DEBUG main            d.u.i.k.p.m.ProofCorrectnessMgt No justification found for rule Class_invariant_axiom_for_Voter 
92872      DEBUG main            d.u.i.k.p.m.ProofCorrectnessMgt No justification found for rule Class_invariant_axiom_for_Voter 
92975      DEBUG main            d.u.i.k.p.m.ProofCorrectnessMgt No justification found for rule Class_invariant_axiom_for_Voter 
92981      DEBUG main            d.u.i.k.p.m.ProofCorrectnessMgt No justification found for rule Class_invariant_axiom_for_Voter 
93016      DEBUG main            d.u.i.k.p.m.ProofCorrectnessMgt No justification found for rule Class_invariant_axiom_for_Voter 
93151      DEBUG main            d.u.i.k.p.m.ProofCorrectnessMgt No justification found for rule Class_invariant_axiom_for_Voter 
93319      DEBUG main            d.u.i.k.p.m.ProofCorrectnessMgt No justification found for rule Class_invariant_axiom_for_Voter 
93322      DEBUG main            d.u.i.k.p.m.ProofCorrectnessMgt No justification found for rule Class_invariant_axiom_for_Voter 
94230      DEBUG main            d.u.i.k.p.m.ProofCorrectnessMgt No justification found for rule Class_invariant_axiom_for_Voter 
94265      DEBUG main            d.u.i.k.p.m.ProofCorrectnessMgt No justification found for rule Class_invariant_axiom_for_Voter 
94268      DEBUG main            d.u.i.k.p.m.ProofCorrectnessMgt No justification found for rule Class_invariant_axiom_for_Voter 
94304      DEBUG main            d.u.i.k.p.m.ProofCorrectnessMgt No justification found for rule Class_invariant_axiom_for_Voter 
94344      DEBUG main            d.u.i.k.p.m.ProofCorrectnessMgt No justification found for rule Class_invariant_axiom_for_Voter 
94347      DEBUG main            d.u.i.k.p.m.ProofCorrectnessMgt No justification found for rule Class_invariant_axiom_for_Voter 
94419      DEBUG main            d.u.i.k.p.m.ProofCorrectnessMgt No justification found for rule Class_invariant_axiom_for_Voter 
94470      DEBUG main            d.u.i.k.p.m.ProofCorrectnessMgt No justification found for rule Class_invariant_axiom_for_Voter 
94474      DEBUG main            d.u.i.k.p.m.ProofCorrectnessMgt No justification found for rule Class_invariant_axiom_for_Voter 
94663      DEBUG main            d.u.i.k.p.m.ProofCorrectnessMgt No justification found for rule Class_invariant_axiom_for_Voter 
94713      DEBUG main            d.u.i.k.p.m.ProofCorrectnessMgt No justification found for rule Class_invariant_axiom_for_Voter 
94717      DEBUG main            d.u.i.k.p.m.ProofCorrectnessMgt No justification found for rule Class_invariant_axiom_for_Voter 
95004      DEBUG main            d.u.i.k.p.m.ProofCorrectnessMgt No justification found for rule Class_invariant_axiom_for_Voter 
95012      DEBUG main            d.u.i.k.p.m.ProofCorrectnessMgt No justification found for rule Class_invariant_axiom_for_Voter 
95156      DEBUG main            d.u.i.k.p.m.ProofCorrectnessMgt No justification found for rule Class_invariant_axiom_for_Voter 
95161      DEBUG main            d.u.i.k.p.m.ProofCorrectnessMgt No justification found for rule Class_invariant_axiom_for_Voter 
95245      DEBUG main            d.u.i.k.p.m.ProofCorrectnessMgt No justification found for rule Class_invariant_axiom_for_Voter 
95249      DEBUG main            d.u.i.k.p.m.ProofCorrectnessMgt No justification found for rule Class_invariant_axiom_for_Voter 
95351      DEBUG main            d.u.i.k.p.m.ProofCorrectnessMgt No justification found for rule Class_invariant_axiom_for_Voter 
95357      DEBUG main            d.u.i.k.p.m.ProofCorrectnessMgt No justification found for rule Class_invariant_axiom_for_Voter 
95427      DEBUG main            d.u.i.k.p.m.ProofCorrectnessMgt No justification found for rule Class_invariant_axiom_for_Voter 
95432      DEBUG main            d.u.i.k.p.m.ProofCorrectnessMgt No justification found for rule Class_invariant_axiom_for_Voter 
95646      DEBUG main            d.u.i.k.p.m.ProofCorrectnessMgt No justification found for rule Class_invariant_axiom_for_Voter 
95672      DEBUG main            d.u.i.k.p.m.ProofCorrectnessMgt No justification found for rule Class_invariant_axiom_for_Voter 
96032      DEBUG main            d.u.i.k.p.m.ProofCorrectnessMgt No justification found for rule Class_invariant_axiom_for_Voter 
96036      DEBUG main            d.u.i.k.p.m.ProofCorrectnessMgt No justification found for rule Class_invariant_axiom_for_Voter 
96312      DEBUG main            d.u.i.k.p.m.ProofCorrectnessMgt No justification found for rule Class_invariant_axiom_for_Voter 
96472      DEBUG main            d.u.i.k.p.m.ProofCorrectnessMgt No justification found for rule Class_invariant_axiom_for_Voter 
96473      DEBUG main            d.u.i.k.p.m.ProofCorrectnessMgt No justification found for rule Class_invariant_axiom_for_Voter 
96557      DEBUG main            d.u.i.k.p.m.ProofCorrectnessMgt No justification found for rule Class_invariant_axiom_for_Voter 
96558      DEBUG main            d.u.i.k.p.m.ProofCorrectnessMgt No justification found for rule Class_invariant_axiom_for_Voter 
96653      DEBUG main            d.u.i.k.p.m.ProofCorrectnessMgt No justification found for rule Class_invariant_axiom_for_Voter 
96655      DEBUG main            d.u.i.k.p.m.ProofCorrectnessMgt No justification found for rule Class_invariant_axiom_for_Voter 
96710      DEBUG main            d.u.i.k.p.m.ProofCorrectnessMgt No justification found for rule Class_invariant_axiom_for_Voter 
96746      DEBUG main            d.u.i.k.p.m.ProofCorrectnessMgt No justification found for rule Class_invariant_axiom_for_Voter 
96749      DEBUG main            d.u.i.k.p.m.ProofCorrectnessMgt No justification found for rule Class_invariant_axiom_for_Voter 
97697      DEBUG main            d.u.i.k.p.m.ProofCorrectnessMgt No justification found for rule Class_invariant_axiom_for_Voter 
97704      DEBUG main            d.u.i.k.p.m.ProofCorrectnessMgt No justification found for rule Class_invariant_axiom_for_Voter 
97709      DEBUG main            d.u.i.k.p.m.ProofCorrectnessMgt No justification found for rule Class_invariant_axiom_for_Voter 
97716      DEBUG main            d.u.i.k.p.m.ProofCorrectnessMgt No justification found for rule Class_invariant_axiom_for_Voter 
98106      DEBUG main            d.u.i.k.p.m.ProofCorrectnessMgt No justification found for rule Class_invariant_axiom_for_Voter 
98112      DEBUG main            d.u.i.k.p.m.ProofCorrectnessMgt No justification found for rule Class_invariant_axiom_for_Voter 
98287      DEBUG main            d.u.i.k.p.m.ProofCorrectnessMgt No justification found for rule Class_invariant_axiom_for_Voter 
98292      DEBUG main            d.u.i.k.p.m.ProofCorrectnessMgt No justification found for rule Class_invariant_axiom_for_Voter 
98507      DEBUG main            d.u.i.k.p.m.ProofCorrectnessMgt No justification found for rule Class_invariant_axiom_for_Voter 
98512      DEBUG main            d.u.i.k.p.m.ProofCorrectnessMgt No justification found for rule Class_invariant_axiom_for_Voter 
98669      DEBUG main            d.u.i.k.p.m.ProofCorrectnessMgt No justification found for rule Class_invariant_axiom_for_Voter 
98675      DEBUG main            d.u.i.k.p.m.ProofCorrectnessMgt No justification found for rule Class_invariant_axiom_for_Voter 
98904      DEBUG main            d.u.i.k.p.m.ProofCorrectnessMgt No justification found for rule Class_invariant_axiom_for_Voter 
98911      DEBUG main            d.u.i.k.p.m.ProofCorrectnessMgt No justification found for rule Class_invariant_axiom_for_Voter 
99093      DEBUG main            d.u.i.k.p.m.ProofCorrectnessMgt No justification found for rule Class_invariant_axiom_for_Voter 
99097      DEBUG main            d.u.i.k.p.m.ProofCorrectnessMgt No justification found for rule Class_invariant_axiom_for_Voter 
99307      DEBUG main            d.u.i.k.p.m.ProofCorrectnessMgt No justification found for rule Class_invariant_axiom_for_Voter 
99314      DEBUG main            d.u.i.k.p.m.ProofCorrectnessMgt No justification found for rule Class_invariant_axiom_for_Voter 
99449      DEBUG main            d.u.i.k.p.m.ProofCorrectnessMgt No justification found for rule Class_invariant_axiom_for_Voter 
99454      DEBUG main            d.u.i.k.p.m.ProofCorrectnessMgt No justification found for rule Class_invariant_axiom_for_Voter 
99826      DEBUG main            d.u.i.k.p.m.ProofCorrectnessMgt No justification found for rule Class_invariant_axiom_for_Voter 
99832      DEBUG main            d.u.i.k.p.m.ProofCorrectnessMgt No justification found for rule Class_invariant_axiom_for_Voter 
100051     DEBUG main            d.u.i.k.p.m.ProofCorrectnessMgt No justification found for rule Class_invariant_axiom_for_Voter 
100055     DEBUG main            d.u.i.k.p.m.ProofCorrectnessMgt No justification found for rule Class_invariant_axiom_for_Voter 
101512     DEBUG main            d.u.i.k.p.m.ProofCorrectnessMgt No justification found for rule Class_invariant_axiom_for_Voter 
101516     DEBUG main            d.u.i.k.p.m.ProofCorrectnessMgt No justification found for rule Class_invariant_axiom_for_Voter 
102148     DEBUG main            d.u.i.k.p.m.ProofCorrectnessMgt No justification found for rule Class_invariant_axiom_for_Voter 
102153     DEBUG main            d.u.i.k.p.m.ProofCorrectnessMgt No justification found for rule Class_invariant_axiom_for_Voter 
102349     DEBUG main            d.u.i.k.p.m.ProofCorrectnessMgt No justification found for rule Class_invariant_axiom_for_Voter 
102354     DEBUG main            d.u.i.k.p.m.ProofCorrectnessMgt No justification found for rule Class_invariant_axiom_for_Voter 
102954     DEBUG main            d.u.i.k.p.m.ProofCorrectnessMgt No justification found for rule Class_invariant_axiom_for_Voter 
102958     DEBUG main            d.u.i.k.p.m.ProofCorrectnessMgt No justification found for rule Class_invariant_axiom_for_Voter 
103343     DEBUG main            d.u.i.k.p.m.ProofCorrectnessMgt No justification found for rule Class_invariant_axiom_for_Voter 
103348     DEBUG main            d.u.i.k.p.m.ProofCorrectnessMgt No justification found for rule Class_invariant_axiom_for_Voter 
103599     DEBUG main            d.u.i.k.p.m.ProofCorrectnessMgt No justification found for rule Class_invariant_axiom_for_Voter 
103603     DEBUG main            d.u.i.k.p.m.ProofCorrectnessMgt No justification found for rule Class_invariant_axiom_for_Voter 
103857     DEBUG main            d.u.i.k.p.m.ProofCorrectnessMgt No justification found for rule Class_invariant_axiom_for_Voter 
103861     DEBUG main            d.u.i.k.p.m.ProofCorrectnessMgt No justification found for rule Class_invariant_axiom_for_Voter 
104103     DEBUG main            d.u.i.k.p.m.ProofCorrectnessMgt No justification found for rule Class_invariant_axiom_for_Voter 
104107     DEBUG main            d.u.i.k.p.m.ProofCorrectnessMgt No justification found for rule Class_invariant_axiom_for_Voter 
104378     DEBUG main            d.u.i.k.p.m.ProofCorrectnessMgt No justification found for rule Class_invariant_axiom_for_Voter 
104382     DEBUG main            d.u.i.k.p.m.ProofCorrectnessMgt No justification found for rule Class_invariant_axiom_for_Voter 
106377     INFO  main            d.u.i.k.p.r.p.TestFile    ... finished proof: closed. 
2747030    INFO  Test worker     d.u.i.k.p.r.RunAllProofsTestUnit Returning from test ToyVoting_fullmacro 
2747033    INFO  Test worker     d.u.i.k.p.r.RunAllProofsTestUnit Running test SumExample_fullmacro 
661        INFO  Timeout watchdog d.u.i.k.p.r.p.ForkedTestFileRunner Timeout watcher launched (1000 secs.) 
698        WARN  main            d.u.i.k.s.ProofSettings   The settings in /home/runner/.key/proof-settings.props are *not* read. 
740        INFO  main            d.u.i.k.p.r.p.TestFile    Now processing file /home/runner/work/key/key/key.core/../key.ui/examples/InformationFlow/Sum/SumExample(SumExample__getSum()).Non-interference contract.0.m.key 
941        INFO  main            d.u.i.k.p.i.AbstractProblemLoader Loading environment from /home/runner/work/key/key/key.core/../key.ui/examples/InformationFlow/Sum/SumExample(SumExample__getSum()).Non-interference contract.0.m.key 
1010       DEBUG main            d.u.i.k.p.i.AbstractProblemLoader Environment load took 4.59ms 
1440       INFO  main            d.u.i.k.p.i.AbstractProblemLoader Creating init config 
2935       DEBUG main            d.u.i.k.j.TypeConverter   No LDT found for Meta 
2937       DEBUG main            d.u.i.k.j.TypeConverter   No LDT found for Meta 
2949       DEBUG main            d.u.i.k.j.TypeConverter   No LDT found for Meta 
2957       DEBUG main            d.u.i.k.j.TypeConverter   No LDT found for Meta 
5142       DEBUG main            d.u.i.k.j.TypeConverter   No LDT found for JavaBigintExpression 
14301      DEBUG main            d.u.i.k.p.i.AbstractProblemLoader Init config took 12.86s 
14674      INFO  main            d.u.i.k.p.i.AbstractProblemLoader Replaying proof SumExample[SumExample::getSum()].Non-interference contract.0 
14823      DEBUG main            d.u.i.k.p.i.IntermediateProofReplayer Proof replay took 898.3ns 
14955      DEBUG main            d.u.i.k.m.s.ProofScriptEngine 1: 'macro 'infflow-autopilot'' 
15649      DEBUG main            d.u.i.k.p.m.ProofCorrectnessMgt No justification found for rule Class_invariant_axiom_for_SumExample 
19278      INFO  main            d.u.i.k.p.r.p.TestFile    ... finished proof: closed. 
2766964    INFO  Test worker     d.u.i.k.p.r.RunAllProofsTestUnit Returning from test SumExample_fullmacro 
2766967    INFO  Test worker     d.u.i.k.p.r.RunAllProofsTestUnit Running test ToyBanking_fullmacro 
691        INFO  Timeout watchdog d.u.i.k.p.r.p.ForkedTestFileRunner Timeout watcher launched (1000 secs.) 
752        WARN  main            d.u.i.k.s.ProofSettings   The settings in /home/runner/.key/proof-settings.props are *not* read. 
834        INFO  main            d.u.i.k.p.r.p.TestFile    Now processing file /home/runner/work/key/key/key.core/../key.ui/examples/InformationFlow/ToyBanking/banking_example.UserAccount(banking_example.UserAccount__getBankAccount(int)).Non-interference contract.0.m.key 
1043       INFO  main            d.u.i.k.p.i.AbstractProblemLoader Loading environment from /home/runner/work/key/key/key.core/../key.ui/examples/InformationFlow/ToyBanking/banking_example.UserAccount(banking_example.UserAccount__getBankAccount(int)).Non-interference contract.0.m.key 
1091       DEBUG main            d.u.i.k.p.i.AbstractProblemLoader Environment load took 5.01ms 
1497       INFO  main            d.u.i.k.p.i.AbstractProblemLoader Creating init config 
3285       DEBUG main            d.u.i.k.j.TypeConverter   No LDT found for Meta 
3288       DEBUG main            d.u.i.k.j.TypeConverter   No LDT found for Meta 
3296       DEBUG main            d.u.i.k.j.TypeConverter   No LDT found for Meta 
3297       DEBUG main            d.u.i.k.j.TypeConverter   No LDT found for Meta 
5834       DEBUG main            d.u.i.k.j.TypeConverter   No LDT found for JavaBigintExpression 
17134      DEBUG main            d.u.i.k.p.i.AbstractProblemLoader Init config took 15.64s 
17470      INFO  main            d.u.i.k.p.i.AbstractProblemLoader Replaying proof banking_example.UserAccount[banking_example.UserAccount::getBankAccount(int)].Non-interference contract.0 
17632      DEBUG main            d.u.i.k.p.i.IntermediateProofReplayer Proof replay took 3.64ms 
17788      DEBUG main            d.u.i.k.m.s.ProofScriptEngine 1: 'macro 'infflow-autopilot'' 
18679      DEBUG main            d.u.i.k.p.m.ProofCorrectnessMgt No justification found for rule Class_invariant_axiom_for_banking_example_UserAccount 
26803      INFO  main            d.u.i.k.p.r.p.TestFile    ... finished proof: closed. 
27115      INFO  main            d.u.i.k.p.r.p.TestFile    Now processing file /home/runner/work/key/key/key.core/../key.ui/examples/InformationFlow/ToyBanking/banking_example.UserAccount(banking_example.UserAccount__tryLogin(int,(C)).Non-interference contract.0.m.key 
27116      INFO  main            d.u.i.k.p.i.AbstractProblemLoader Loading environment from /home/runner/work/key/key/key.core/../key.ui/examples/InformationFlow/ToyBanking/banking_example.UserAccount(banking_example.UserAccount__tryLogin(int,(C)).Non-interference contract.0.m.key 
27116      DEBUG main            d.u.i.k.p.i.AbstractProblemLoader Environment load took 147.2ns 
27125      INFO  main            d.u.i.k.p.i.AbstractProblemLoader Creating init config 
32795      DEBUG main            d.u.i.k.p.i.AbstractProblemLoader Init config took 5.67s 
32943      INFO  main            d.u.i.k.p.i.AbstractProblemLoader Replaying proof banking_example.UserAccount[banking_example.UserAccount::tryLogin(int,[C)].Non-interference contract.0 
32950      DEBUG main            d.u.i.k.p.i.IntermediateProofReplayer Proof replay took 28.4ns 
32953      DEBUG main            d.u.i.k.m.s.ProofScriptEngine 1: 'macro 'infflow-autopilot'' 
33123      DEBUG main            d.u.i.k.p.m.ProofCorrectnessMgt No justification found for rule Class_invariant_axiom_for_banking_example_UserAccount 
139344     INFO  main            d.u.i.k.p.r.p.TestFile    ... finished proof: closed. 
139912     INFO  main            d.u.i.k.p.r.p.TestFile    Now processing file /home/runner/work/key/key/key.core/../key.ui/examples/InformationFlow/ToyBanking/banking_example.BankAccount(banking_example.BankAccount__depositMoney(int)).Non-interference contract.0.m.key 
139913     INFO  main            d.u.i.k.p.i.AbstractProblemLoader Loading environment from /home/runner/work/key/key/key.core/../key.ui/examples/InformationFlow/ToyBanking/banking_example.BankAccount(banking_example.BankAccount__depositMoney(int)).Non-interference contract.0.m.key 
139914     DEBUG main            d.u.i.k.p.i.AbstractProblemLoader Environment load took 818.6ns 
139917     INFO  main            d.u.i.k.p.i.AbstractProblemLoader Creating init config 
145283     DEBUG main            d.u.i.k.p.i.AbstractProblemLoader Init config took 5.37s 
145417     INFO  main            d.u.i.k.p.i.AbstractProblemLoader Replaying proof banking_example.BankAccount[banking_example.BankAccount::depositMoney(int)].Non-interference contract.0 
145424     DEBUG main            d.u.i.k.p.i.IntermediateProofReplayer Proof replay took 39.6ns 
145426     DEBUG main            d.u.i.k.m.s.ProofScriptEngine 1: 'macro 'infflow-autopilot'' 
145525     DEBUG main            d.u.i.k.p.m.ProofCorrectnessMgt No justification found for rule Class_invariant_axiom_for_banking_example_BankAccount 
146685     INFO  main            d.u.i.k.p.r.p.TestFile    ... finished proof: closed. 
147178     INFO  main            d.u.i.k.p.r.p.TestFile    Now processing file /home/runner/work/key/key/key.core/../key.ui/examples/InformationFlow/ToyBanking/banking_example.BankAccount(banking_example.BankAccount__getBalance()).Non-interference contract.0.m.key 
147180     INFO  main            d.u.i.k.p.i.AbstractProblemLoader Loading environment from /home/runner/work/key/key/key.core/../key.ui/examples/InformationFlow/ToyBanking/banking_example.BankAccount(banking_example.BankAccount__getBalance()).Non-interference contract.0.m.key 
147182     DEBUG main            d.u.i.k.p.i.AbstractProblemLoader Environment load took 1.18ms 
147186     INFO  main            d.u.i.k.p.i.AbstractProblemLoader Creating init config 
152243     DEBUG main            d.u.i.k.p.i.AbstractProblemLoader Init config took 5.06s 
152410     INFO  main            d.u.i.k.p.i.AbstractProblemLoader Replaying proof banking_example.BankAccount[banking_example.BankAccount::getBalance()].Non-interference contract.0 
152427     DEBUG main            d.u.i.k.p.i.IntermediateProofReplayer Proof replay took 32ns 
152429     DEBUG main            d.u.i.k.m.s.ProofScriptEngine 1: 'macro 'infflow-autopilot'' 
152526     DEBUG main            d.u.i.k.p.m.ProofCorrectnessMgt No justification found for rule Class_invariant_axiom_for_banking_example_BankAccount 
152813     INFO  main            d.u.i.k.p.r.p.TestFile    ... finished proof: closed. 
153137     INFO  main            d.u.i.k.p.r.p.TestFile    Now processing file /home/runner/work/key/key/key.core/../key.ui/examples/InformationFlow/ToyBanking/banking_example.BankAccount(banking_example.BankAccount__getId()).Non-interference contract.0.m.key 
153138     INFO  main            d.u.i.k.p.i.AbstractProblemLoader Loading environment from /home/runner/work/key/key/key.core/../key.ui/examples/InformationFlow/ToyBanking/banking_example.BankAccount(banking_example.BankAccount__getId()).Non-interference contract.0.m.key 
153138     DEBUG main            d.u.i.k.p.i.AbstractProblemLoader Environment load took 479.2ns 
153141     INFO  main            d.u.i.k.p.i.AbstractProblemLoader Creating init config 
158175     DEBUG main            d.u.i.k.p.i.AbstractProblemLoader Init config took 5.03s 
158281     INFO  main            d.u.i.k.p.i.AbstractProblemLoader Replaying proof banking_example.BankAccount[banking_example.BankAccount::getId()].Non-interference contract.0 
158288     DEBUG main            d.u.i.k.p.i.IntermediateProofReplayer Proof replay took 66.9ns 
158290     DEBUG main            d.u.i.k.m.s.ProofScriptEngine 1: 'macro 'infflow-autopilot'' 
158367     DEBUG main            d.u.i.k.p.m.ProofCorrectnessMgt No justification found for rule Class_invariant_axiom_for_banking_example_BankAccount 
158586     INFO  main            d.u.i.k.p.r.p.TestFile    ... finished proof: closed. 
158888     INFO  main            d.u.i.k.p.r.p.TestFile    Now processing file /home/runner/work/key/key/key.core/../key.ui/examples/InformationFlow/ToyBanking/banking_example.Bank(banking_example.Bank__login(int,(C)).Non-interference contract.0.m.key 
158890     INFO  main            d.u.i.k.p.i.AbstractProblemLoader Loading environment from /home/runner/work/key/key/key.core/../key.ui/examples/InformationFlow/ToyBanking/banking_example.Bank(banking_example.Bank__login(int,(C)).Non-interference contract.0.m.key 
158890     DEBUG main            d.u.i.k.p.i.AbstractProblemLoader Environment load took 788.1ns 
158893     INFO  main            d.u.i.k.p.i.AbstractProblemLoader Creating init config 
163664     DEBUG main            d.u.i.k.p.i.AbstractProblemLoader Init config took 4.77s 
163779     INFO  main            d.u.i.k.p.i.AbstractProblemLoader Replaying proof banking_example.Bank[banking_example.Bank::login(int,[C)].Non-interference contract.0 
163785     DEBUG main            d.u.i.k.p.i.IntermediateProofReplayer Proof replay took 25.3ns 
163786     DEBUG main            d.u.i.k.m.s.ProofScriptEngine 1: 'macro 'infflow-autopilot'' 
163876     DEBUG main            d.u.i.k.p.m.ProofCorrectnessMgt No justification found for rule Class_invariant_axiom_for_banking_example_Bank 
166176     DEBUG main            d.u.i.k.p.m.ProofCorrectnessMgt No justification found for rule Partial_inv_axiom_for_JML_class_invariant_nr_13_in_UserAccount 
166563     DEBUG main            d.u.i.k.p.m.ProofCorrectnessMgt No justification found for rule Partial_inv_axiom_for_JML_class_invariant_nr_9_in_UserAccount_EQ 
166582     DEBUG main            d.u.i.k.p.m.ProofCorrectnessMgt No justification found for rule Partial_inv_axiom_for_JML_class_invariant_nr_13_in_UserAccount_EQ 
166634     DEBUG main            d.u.i.k.p.m.ProofCorrectnessMgt No justification found for rule Partial_inv_axiom_for_JML_class_invariant_nr_9_in_UserAccount 
166651     DEBUG main            d.u.i.k.p.m.ProofCorrectnessMgt No justification found for rule Partial_inv_axiom_for_JML_class_invariant_nr_11_in_UserAccount 
166813     DEBUG main            d.u.i.k.p.m.ProofCorrectnessMgt No justification found for rule Partial_inv_axiom_for_JML_class_invariant_nr_15_in_UserAccount 
166837     DEBUG main            d.u.i.k.p.m.ProofCorrectnessMgt No justification found for rule Partial_inv_axiom_for_JML_class_invariant_nr_11_in_UserAccount_EQ 
166876     DEBUG main            d.u.i.k.p.m.ProofCorrectnessMgt No justification found for rule Partial_inv_axiom_for_JML_class_invariant_nr_15_in_UserAccount_EQ 
166909     DEBUG main            d.u.i.k.p.m.ProofCorrectnessMgt No justification found for rule Partial_inv_axiom_for_JML_class_invariant_nr_13_in_UserAccount 
169292     DEBUG main            d.u.i.k.p.m.ProofCorrectnessMgt No justification found for rule Partial_inv_axiom_for_JML_class_invariant_nr_15_in_UserAccount 
169349     DEBUG main            d.u.i.k.p.m.ProofCorrectnessMgt No justification found for rule Partial_inv_axiom_for_JML_class_invariant_nr_13_in_UserAccount 
169689     DEBUG main            d.u.i.k.p.m.ProofCorrectnessMgt No justification found for rule Partial_inv_axiom_for_JML_class_invariant_nr_15_in_UserAccount 
170049     DEBUG main            d.u.i.k.p.m.ProofCorrectnessMgt No justification found for rule Partial_inv_axiom_for_JML_class_invariant_nr_9_in_UserAccount 
170064     DEBUG main            d.u.i.k.p.m.ProofCorrectnessMgt No justification found for rule Partial_inv_axiom_for_JML_class_invariant_nr_11_in_UserAccount 
171126     DEBUG main            d.u.i.k.p.m.ProofCorrectnessMgt No justification found for rule Partial_inv_axiom_for_JML_class_invariant_nr_13_in_UserAccount 
457066     INFO  main            d.u.i.k.p.r.p.TestFile    ... finished proof: open goal(s) 
457706     INFO  main            d.u.i.k.p.r.p.TestFile    Now processing file /home/runner/work/key/key/key.core/../key.ui/examples/InformationFlow/ToyBanking/banking_example2.UserAccount(banking_example2.UserAccount__getBankAccount(int)).Non-interference contract.0.m.key 
457707     INFO  main            d.u.i.k.p.i.AbstractProblemLoader Loading environment from /home/runner/work/key/key/key.core/../key.ui/examples/InformationFlow/ToyBanking/banking_example2.UserAccount(banking_example2.UserAccount__getBankAccount(int)).Non-interference contract.0.m.key 
457707     DEBUG main            d.u.i.k.p.i.AbstractProblemLoader Environment load took 298.8ns 
457709     INFO  main            d.u.i.k.p.i.AbstractProblemLoader Creating init config 
462113     DEBUG main            d.u.i.k.p.i.AbstractProblemLoader Init config took 4.4s 
462226     INFO  main            d.u.i.k.p.i.AbstractProblemLoader Replaying proof banking_example2.UserAccount[banking_example2.UserAccount::getBankAccount(int)].Non-interference contract.0 
462232     DEBUG main            d.u.i.k.p.i.IntermediateProofReplayer Proof replay took 34.8ns 
462234     DEBUG main            d.u.i.k.m.s.ProofScriptEngine 1: 'macro 'infflow-autopilot'' 
462326     DEBUG main            d.u.i.k.p.m.ProofCorrectnessMgt No justification found for rule Class_invariant_axiom_for_banking_example2_UserAccount 
465813     INFO  main            d.u.i.k.p.r.p.TestFile    ... finished proof: closed. 
466590     INFO  main            d.u.i.k.p.r.p.TestFile    Now processing file /home/runner/work/key/key/key.core/../key.ui/examples/InformationFlow/ToyBanking/banking_example2.UserAccount(banking_example2.UserAccount__tryLogin(int,(C)).Non-interference contract.0.m.key 
466591     INFO  main            d.u.i.k.p.i.AbstractProblemLoader Loading environment from /home/runner/work/key/key/key.core/../key.ui/examples/InformationFlow/ToyBanking/banking_example2.UserAccount(banking_example2.UserAccount__tryLogin(int,(C)).Non-interference contract.0.m.key 
466592     DEBUG main            d.u.i.k.p.i.AbstractProblemLoader Environment load took 593.9ns 
466594     INFO  main            d.u.i.k.p.i.AbstractProblemLoader Creating init config 
470894     DEBUG main            d.u.i.k.p.i.AbstractProblemLoader Init config took 4.3s 
471009     INFO  main            d.u.i.k.p.i.AbstractProblemLoader Replaying proof banking_example2.UserAccount[banking_example2.UserAccount::tryLogin(int,[C)].Non-interference contract.0 
471014     DEBUG main            d.u.i.k.p.i.IntermediateProofReplayer Proof replay took 28.4ns 
471016     DEBUG main            d.u.i.k.m.s.ProofScriptEngine 1: 'macro 'infflow-autopilot'' 
471115     DEBUG main            d.u.i.k.p.m.ProofCorrectnessMgt No justification found for rule Class_invariant_axiom_for_banking_example2_UserAccount 
495845     INFO  main            d.u.i.k.p.r.p.TestFile    ... finished proof: closed. 
496361     INFO  main            d.u.i.k.p.r.p.TestFile    Now processing file /home/runner/work/key/key/key.core/../key.ui/examples/InformationFlow/ToyBanking/banking_example2.BankAccount(banking_example2.BankAccount__depositMoney(int)).Non-interference contract.0.m.key 
496362     INFO  main            d.u.i.k.p.i.AbstractProblemLoader Loading environment from /home/runner/work/key/key/key.core/../key.ui/examples/InformationFlow/ToyBanking/banking_example2.BankAccount(banking_example2.BankAccount__depositMoney(int)).Non-interference contract.0.m.key 
496363     DEBUG main            d.u.i.k.p.i.AbstractProblemLoader Environment load took 481.9ns 
496364     INFO  main            d.u.i.k.p.i.AbstractProblemLoader Creating init config 
500771     DEBUG main            d.u.i.k.p.i.AbstractProblemLoader Init config took 4.41s 
500862     INFO  main            d.u.i.k.p.i.AbstractProblemLoader Replaying proof banking_example2.BankAccount[banking_example2.BankAccount::depositMoney(int)].Non-interference contract.0 
500869     DEBUG main            d.u.i.k.p.i.IntermediateProofReplayer Proof replay took 30.3ns 
500871     DEBUG main            d.u.i.k.m.s.ProofScriptEngine 1: 'macro 'infflow-autopilot'' 
500944     DEBUG main            d.u.i.k.p.m.ProofCorrectnessMgt No justification found for rule Class_invariant_axiom_for_banking_example2_BankAccount 
501976     INFO  main            d.u.i.k.p.r.p.TestFile    ... finished proof: closed. 
502480     INFO  main            d.u.i.k.p.r.p.TestFile    Now processing file /home/runner/work/key/key/key.core/../key.ui/examples/InformationFlow/ToyBanking/banking_example2.BankAccount(banking_example2.BankAccount__getBalance()).Non-interference contract.0.m.key 
502481     INFO  main            d.u.i.k.p.i.AbstractProblemLoader Loading environment from /home/runner/work/key/key/key.core/../key.ui/examples/InformationFlow/ToyBanking/banking_example2.BankAccount(banking_example2.BankAccount__getBalance()).Non-interference contract.0.m.key 
502481     DEBUG main            d.u.i.k.p.i.AbstractProblemLoader Environment load took 609.7ns 
502483     INFO  main            d.u.i.k.p.i.AbstractProblemLoader Creating init config 
507021     DEBUG main            d.u.i.k.p.i.AbstractProblemLoader Init config took 4.54s 
507120     INFO  main            d.u.i.k.p.i.AbstractProblemLoader Replaying proof banking_example2.BankAccount[banking_example2.BankAccount::getBalance()].Non-interference contract.0 
507126     DEBUG main            d.u.i.k.p.i.IntermediateProofReplayer Proof replay took 32.8ns 
507128     DEBUG main            d.u.i.k.m.s.ProofScriptEngine 1: 'macro 'infflow-autopilot'' 
507211     DEBUG main            d.u.i.k.p.m.ProofCorrectnessMgt No justification found for rule Class_invariant_axiom_for_banking_example2_BankAccount 
507435     INFO  main            d.u.i.k.p.r.p.TestFile    ... finished proof: closed. 
507775     INFO  main            d.u.i.k.p.r.p.TestFile    Now processing file /home/runner/work/key/key/key.core/../key.ui/examples/InformationFlow/ToyBanking/banking_example2.BankAccount(banking_example2.BankAccount__getId()).Non-interference contract.0.m.key 
507776     INFO  main            d.u.i.k.p.i.AbstractProblemLoader Loading environment from /home/runner/work/key/key/key.core/../key.ui/examples/InformationFlow/ToyBanking/banking_example2.BankAccount(banking_example2.BankAccount__getId()).Non-interference contract.0.m.key 
507779     DEBUG main            d.u.i.k.p.i.AbstractProblemLoader Environment load took 3.38ms 
507784     INFO  main            d.u.i.k.p.i.AbstractProblemLoader Creating init config 
512175     DEBUG main            d.u.i.k.p.i.AbstractProblemLoader Init config took 4.39s 
512261     INFO  main            d.u.i.k.p.i.AbstractProblemLoader Replaying proof banking_example2.BankAccount[banking_example2.BankAccount::getId()].Non-interference contract.0 
512266     DEBUG main            d.u.i.k.p.i.IntermediateProofReplayer Proof replay took 45.9ns 
512267     DEBUG main            d.u.i.k.m.s.ProofScriptEngine 1: 'macro 'infflow-autopilot'' 
512347     DEBUG main            d.u.i.k.p.m.ProofCorrectnessMgt No justification found for rule Class_invariant_axiom_for_banking_example2_BankAccount 
512609     INFO  main            d.u.i.k.p.r.p.TestFile    ... finished proof: closed. 
3280224    INFO  Test worker     d.u.i.k.p.r.RunAllProofsTestUnit Returning from test ToyBanking_fullmacro 
3280228    INFO  Test worker     d.u.i.k.p.r.RunAllProofsTestUnit Running test BlockContracts_fullmacro 
728        INFO  Timeout watchdog d.u.i.k.p.r.p.ForkedTestFileRunner Timeout watcher launched (1000 secs.) 
772        WARN  main            d.u.i.k.s.ProofSettings   The settings in /home/runner/.key/proof-settings.props are *not* read. 
839        INFO  main            d.u.i.k.p.r.p.TestFile    Now processing file /home/runner/work/key/key/key.core/../key.ui/examples/InformationFlow/BlockContracts/contract.IFBlockExamples(contract.IFBlockExamples__secure_5()).Non-interference contract.0.m.key 
1172       INFO  main            d.u.i.k.p.i.AbstractProblemLoader Loading environment from /home/runner/work/key/key/key.core/../key.ui/examples/InformationFlow/BlockContracts/contract.IFBlockExamples(contract.IFBlockExamples__secure_5()).Non-interference contract.0.m.key 
1207       DEBUG main            d.u.i.k.p.i.AbstractProblemLoader Environment load took 4.29ms 
1621       INFO  main            d.u.i.k.p.i.AbstractProblemLoader Creating init config 
3285       DEBUG main            d.u.i.k.j.TypeConverter   No LDT found for Meta 
3285       DEBUG main            d.u.i.k.j.TypeConverter   No LDT found for Meta 
3292       DEBUG main            d.u.i.k.j.TypeConverter   No LDT found for Meta 
3292       DEBUG main            d.u.i.k.j.TypeConverter   No LDT found for Meta 
5861       DEBUG main            d.u.i.k.j.TypeConverter   No LDT found for JavaBigintExpression 
16351      DEBUG main            d.u.i.k.p.i.AbstractProblemLoader Init config took 14.72s 
16752      INFO  main            d.u.i.k.p.i.AbstractProblemLoader Replaying proof contract.IFBlockExamples[contract.IFBlockExamples::secure_5()].Non-interference contract.0 
16949      DEBUG main            d.u.i.k.p.i.IntermediateProofReplayer Proof replay took 747.1ns 
17077      DEBUG main            d.u.i.k.m.s.ProofScriptEngine 1: 'macro 'infflow-autopilot'' 
17676      DEBUG main            d.u.i.k.p.m.ProofCorrectnessMgt No justification found for rule Class_invariant_axiom_for_contract_IFBlockExamples 
19762      INFO  main            d.u.i.k.p.r.p.TestFile    ... finished proof: closed. 
20015      INFO  main            d.u.i.k.p.r.p.TestFile    Now processing file /home/runner/work/key/key/key.core/../key.ui/examples/InformationFlow/BlockContracts/contract.IFBlockExamples(contract.IFBlockExamples__block_no_return_secure(int)).Non-interference contract.0.m.key 
20016      INFO  main            d.u.i.k.p.i.AbstractProblemLoader Loading environment from /home/runner/work/key/key/key.core/../key.ui/examples/InformationFlow/BlockContracts/contract.IFBlockExamples(contract.IFBlockExamples__block_no_return_secure(int)).Non-interference contract.0.m.key 
20016      DEBUG main            d.u.i.k.p.i.AbstractProblemLoader Environment load took 258.5ns 
20019      INFO  main            d.u.i.k.p.i.AbstractProblemLoader Creating init config 
25313      DEBUG main            d.u.i.k.p.i.AbstractProblemLoader Init config took 5.29s 
25445      INFO  main            d.u.i.k.p.i.AbstractProblemLoader Replaying proof contract.IFBlockExamples[contract.IFBlockExamples::block_no_return_secure(int)].Non-interference contract.0 
25452      DEBUG main            d.u.i.k.p.i.IntermediateProofReplayer Proof replay took 28.7ns 
25454      DEBUG main            d.u.i.k.m.s.ProofScriptEngine 1: 'macro 'infflow-autopilot'' 
25581      DEBUG main            d.u.i.k.p.m.ProofCorrectnessMgt No justification found for rule Class_invariant_axiom_for_contract_IFBlockExamples 
26670      INFO  main            d.u.i.k.p.r.p.TestFile    ... finished proof: closed. 
26977      INFO  main            d.u.i.k.p.r.p.TestFile    Now processing file /home/runner/work/key/key/key.core/../key.ui/examples/InformationFlow/BlockContracts/contract.IFBlockExamples(contract.IFBlockExamples__while_block_insecure(int)).Non-interference contract.0.m.key 
26979      INFO  main            d.u.i.k.p.i.AbstractProblemLoader Loading environment from /home/runner/work/key/key/key.core/../key.ui/examples/InformationFlow/BlockContracts/contract.IFBlockExamples(contract.IFBlockExamples__while_block_insecure(int)).Non-interference contract.0.m.key 
26979      DEBUG main            d.u.i.k.p.i.AbstractProblemLoader Environment load took 609.5ns 
26983      INFO  main            d.u.i.k.p.i.AbstractProblemLoader Creating init config 
31903      DEBUG main            d.u.i.k.p.i.AbstractProblemLoader Init config took 4.92s 
32017      INFO  main            d.u.i.k.p.i.AbstractProblemLoader Replaying proof contract.IFBlockExamples[contract.IFBlockExamples::while_block_insecure(int)].Non-interference contract.0 
32023      DEBUG main            d.u.i.k.p.i.IntermediateProofReplayer Proof replay took 29.9ns 
32025      DEBUG main            d.u.i.k.m.s.ProofScriptEngine 1: 'macro 'infflow-autopilot'' 
32134      DEBUG main            d.u.i.k.p.m.ProofCorrectnessMgt No justification found for rule Class_invariant_axiom_for_contract_IFBlockExamples 
35179      INFO  main            d.u.i.k.p.r.p.TestFile    ... finished proof: open goal(s) 
35477      INFO  main            d.u.i.k.p.r.p.TestFile    Now processing file /home/runner/work/key/key/key.core/../key.ui/examples/InformationFlow/BlockContracts/contract.IFBlockExamples(contract.IFBlockExamples__while_block_secure(int)).Non-interference contract.0.m.key 
35478      INFO  main            d.u.i.k.p.i.AbstractProblemLoader Loading environment from /home/runner/work/key/key/key.core/../key.ui/examples/InformationFlow/BlockContracts/contract.IFBlockExamples(contract.IFBlockExamples__while_block_secure(int)).Non-interference contract.0.m.key 
35479      DEBUG main            d.u.i.k.p.i.AbstractProblemLoader Environment load took 698.5ns 
35481      INFO  main            d.u.i.k.p.i.AbstractProblemLoader Creating init config 
40151      DEBUG main            d.u.i.k.p.i.AbstractProblemLoader Init config took 4.67s 
40247      INFO  main            d.u.i.k.p.i.AbstractProblemLoader Replaying proof contract.IFBlockExamples[contract.IFBlockExamples::while_block_secure(int)].Non-interference contract.0 
40254      DEBUG main            d.u.i.k.p.i.IntermediateProofReplayer Proof replay took 36.4ns 
40258      DEBUG main            d.u.i.k.m.s.ProofScriptEngine 1: 'macro 'infflow-autopilot'' 
40362      DEBUG main            d.u.i.k.p.m.ProofCorrectnessMgt No justification found for rule Class_invariant_axiom_for_contract_IFBlockExamples 
42888      INFO  main            d.u.i.k.p.r.p.TestFile    ... finished proof: closed. 
43246      INFO  main            d.u.i.k.p.r.p.TestFile    Now processing file /home/runner/work/key/key/key.core/../key.ui/examples/InformationFlow/BlockContracts/contract.IFBlockExamples(contract.IFBlockExamples__block_while_secure(int)).Non-interference contract.0.m.key 
43247      INFO  main            d.u.i.k.p.i.AbstractProblemLoader Loading environment from /home/runner/work/key/key/key.core/../key.ui/examples/InformationFlow/BlockContracts/contract.IFBlockExamples(contract.IFBlockExamples__block_while_secure(int)).Non-interference contract.0.m.key 
43248      DEBUG main            d.u.i.k.p.i.AbstractProblemLoader Environment load took 571.8ns 
43250      INFO  main            d.u.i.k.p.i.AbstractProblemLoader Creating init config 
48048      DEBUG main            d.u.i.k.p.i.AbstractProblemLoader Init config took 4.8s 
48163      INFO  main            d.u.i.k.p.i.AbstractProblemLoader Replaying proof contract.IFBlockExamples[contract.IFBlockExamples::block_while_secure(int)].Non-interference contract.0 
48170      DEBUG main            d.u.i.k.p.i.IntermediateProofReplayer Proof replay took 32.6ns 
48173      DEBUG main            d.u.i.k.m.s.ProofScriptEngine 1: 'macro 'infflow-autopilot'' 
48337      DEBUG main            d.u.i.k.p.m.ProofCorrectnessMgt No justification found for rule Class_invariant_axiom_for_contract_IFBlockExamples 
50885      INFO  main            d.u.i.k.p.r.p.TestFile    ... finished proof: closed. 
51293      INFO  main            d.u.i.k.p.r.p.TestFile    Now processing file /home/runner/work/key/key/key.core/../key.ui/examples/InformationFlow/BlockContracts/contract.IFBlockExamples(contract.IFBlockExamples__insecure_4(int)).Non-interference contract.0.m.key 
51295      INFO  main            d.u.i.k.p.i.AbstractProblemLoader Loading environment from /home/runner/work/key/key/key.core/../key.ui/examples/InformationFlow/BlockContracts/contract.IFBlockExamples(contract.IFBlockExamples__insecure_4(int)).Non-interference contract.0.m.key 
51296      DEBUG main            d.u.i.k.p.i.AbstractProblemLoader Environment load took 732.1ns 
51299      INFO  main            d.u.i.k.p.i.AbstractProblemLoader Creating init config 
56043      DEBUG main            d.u.i.k.p.i.AbstractProblemLoader Init config took 4.74s 
56134      INFO  main            d.u.i.k.p.i.AbstractProblemLoader Replaying proof contract.IFBlockExamples[contract.IFBlockExamples::insecure_4(int)].Non-interference contract.0 
56143      DEBUG main            d.u.i.k.p.i.IntermediateProofReplayer Proof replay took 24.5ns 
56144      DEBUG main            d.u.i.k.m.s.ProofScriptEngine 1: 'macro 'infflow-autopilot'' 
56241      DEBUG main            d.u.i.k.p.m.ProofCorrectnessMgt No justification found for rule Class_invariant_axiom_for_contract_IFBlockExamples 
59368      INFO  main            d.u.i.k.p.r.p.TestFile    ... finished proof: open goal(s) 
59758      INFO  main            d.u.i.k.p.r.p.TestFile    Now processing file /home/runner/work/key/key/key.core/../key.ui/examples/InformationFlow/BlockContracts/contract.IFBlockExamples(contract.IFBlockExamples__insecure_3(int)).Non-interference contract.0.m.key 
59760      INFO  main            d.u.i.k.p.i.AbstractProblemLoader Loading environment from /home/runner/work/key/key/key.core/../key.ui/examples/InformationFlow/BlockContracts/contract.IFBlockExamples(contract.IFBlockExamples__insecure_3(int)).Non-interference contract.0.m.key 
59760      DEBUG main            d.u.i.k.p.i.AbstractProblemLoader Environment load took 529.2ns 
59766      INFO  main            d.u.i.k.p.i.AbstractProblemLoader Creating init config 
64291      DEBUG main            d.u.i.k.p.i.AbstractProblemLoader Init config took 4.52s 
64399      INFO  main            d.u.i.k.p.i.AbstractProblemLoader Replaying proof contract.IFBlockExamples[contract.IFBlockExamples::insecure_3(int)].Non-interference contract.0 
64408      DEBUG main            d.u.i.k.p.i.IntermediateProofReplayer Proof replay took 37.2ns 
64410      DEBUG main            d.u.i.k.m.s.ProofScriptEngine 1: 'macro 'infflow-autopilot'' 
64515      DEBUG main            d.u.i.k.p.m.ProofCorrectnessMgt No justification found for rule Class_invariant_axiom_for_contract_IFBlockExamples 
79671      INFO  main            d.u.i.k.p.r.p.TestFile    ... finished proof: open goal(s) 
80164      INFO  main            d.u.i.k.p.r.p.TestFile    Now processing file /home/runner/work/key/key/key.core/../key.ui/examples/InformationFlow/BlockContracts/contract.IFBlockExamples(contract.IFBlockExamples__secure_3(int)).Non-interference contract.0.m.key 
80165      INFO  main            d.u.i.k.p.i.AbstractProblemLoader Loading environment from /home/runner/work/key/key/key.core/../key.ui/examples/InformationFlow/BlockContracts/contract.IFBlockExamples(contract.IFBlockExamples__secure_3(int)).Non-interference contract.0.m.key 
80166      DEBUG main            d.u.i.k.p.i.AbstractProblemLoader Environment load took 699ns 
80168      INFO  main            d.u.i.k.p.i.AbstractProblemLoader Creating init config 
84709      DEBUG main            d.u.i.k.p.i.AbstractProblemLoader Init config took 4.54s 
84799      INFO  main            d.u.i.k.p.i.AbstractProblemLoader Replaying proof contract.IFBlockExamples[contract.IFBlockExamples::secure_3(int)].Non-interference contract.0 
84805      DEBUG main            d.u.i.k.p.i.IntermediateProofReplayer Proof replay took 34.4ns 
84807      DEBUG main            d.u.i.k.m.s.ProofScriptEngine 1: 'macro 'infflow-autopilot'' 
84895      DEBUG main            d.u.i.k.p.m.ProofCorrectnessMgt No justification found for rule Class_invariant_axiom_for_contract_IFBlockExamples 
87361      INFO  main            d.u.i.k.p.r.p.TestFile    ... finished proof: closed. 
87860      INFO  main            d.u.i.k.p.r.p.TestFile    Now processing file /home/runner/work/key/key/key.core/../key.ui/examples/InformationFlow/BlockContracts/contract.IFBlockExamples(contract.IFBlockExamples__secure_2(int)).Non-interference contract.0.m.key 
87860      INFO  main            d.u.i.k.p.i.AbstractProblemLoader Loading environment from /home/runner/work/key/key/key.core/../key.ui/examples/InformationFlow/BlockContracts/contract.IFBlockExamples(contract.IFBlockExamples__secure_2(int)).Non-interference contract.0.m.key 
87861      DEBUG main            d.u.i.k.p.i.AbstractProblemLoader Environment load took 152.8ns 
87863      INFO  main            d.u.i.k.p.i.AbstractProblemLoader Creating init config 
92130      DEBUG main            d.u.i.k.p.i.AbstractProblemLoader Init config took 4.27s 
92219      INFO  main            d.u.i.k.p.i.AbstractProblemLoader Replaying proof contract.IFBlockExamples[contract.IFBlockExamples::secure_2(int)].Non-interference contract.0 
92225      DEBUG main            d.u.i.k.p.i.IntermediateProofReplayer Proof replay took 133ns 
92226      DEBUG main            d.u.i.k.m.s.ProofScriptEngine 1: 'macro 'infflow-autopilot'' 
92320      DEBUG main            d.u.i.k.p.m.ProofCorrectnessMgt No justification found for rule Class_invariant_axiom_for_contract_IFBlockExamples 
95048      INFO  main            d.u.i.k.p.r.p.TestFile    ... finished proof: closed. 
95495      INFO  main            d.u.i.k.p.r.p.TestFile    Now processing file /home/runner/work/key/key/key.core/../key.ui/examples/InformationFlow/BlockContracts/contract.IFBlockExamples(contract.IFBlockExamples__secure_8(int)).Non-interference contract.0.m.key 
95497      INFO  main            d.u.i.k.p.i.AbstractProblemLoader Loading environment from /home/runner/work/key/key/key.core/../key.ui/examples/InformationFlow/BlockContracts/contract.IFBlockExamples(contract.IFBlockExamples__secure_8(int)).Non-interference contract.0.m.key 
95497      DEBUG main            d.u.i.k.p.i.AbstractProblemLoader Environment load took 732.3ns 
95500      INFO  main            d.u.i.k.p.i.AbstractProblemLoader Creating init config 
99854      DEBUG main            d.u.i.k.p.i.AbstractProblemLoader Init config took 4.35s 
99929      INFO  main            d.u.i.k.p.i.AbstractProblemLoader Replaying proof contract.IFBlockExamples[contract.IFBlockExamples::secure_8(int)].Non-interference contract.0 
99933      DEBUG main            d.u.i.k.p.i.IntermediateProofReplayer Proof replay took 30.5ns 
99935      DEBUG main            d.u.i.k.m.s.ProofScriptEngine 1: 'macro 'infflow-autopilot'' 
100003     DEBUG main            d.u.i.k.p.m.ProofCorrectnessMgt No justification found for rule Class_invariant_axiom_for_contract_IFBlockExamples 
100961     INFO  main            d.u.i.k.p.r.p.TestFile    ... finished proof: closed. 
101411     INFO  main            d.u.i.k.p.r.p.TestFile    Now processing file /home/runner/work/key/key/key.core/../key.ui/examples/InformationFlow/BlockContracts/contract.IFBlockExamples(contract.IFBlockExamples__secure_7(int)).Non-interference contract.0.m.key 
101412     INFO  main            d.u.i.k.p.i.AbstractProblemLoader Loading environment from /home/runner/work/key/key/key.core/../key.ui/examples/InformationFlow/BlockContracts/contract.IFBlockExamples(contract.IFBlockExamples__secure_7(int)).Non-interference contract.0.m.key 
101413     DEBUG main            d.u.i.k.p.i.AbstractProblemLoader Environment load took 493.3ns 
101414     INFO  main            d.u.i.k.p.i.AbstractProblemLoader Creating init config 
105819     DEBUG main            d.u.i.k.p.i.AbstractProblemLoader Init config took 4.4s 
105901     INFO  main            d.u.i.k.p.i.AbstractProblemLoader Replaying proof contract.IFBlockExamples[contract.IFBlockExamples::secure_7(int)].Non-interference contract.0 
105916     DEBUG main            d.u.i.k.p.i.IntermediateProofReplayer Proof replay took 42.4ns 
105918     DEBUG main            d.u.i.k.m.s.ProofScriptEngine 1: 'macro 'infflow-autopilot'' 
106000     DEBUG main            d.u.i.k.p.m.ProofCorrectnessMgt No justification found for rule Class_invariant_axiom_for_contract_IFBlockExamples 
106695     INFO  main            d.u.i.k.p.r.p.TestFile    ... finished proof: closed. 
107130     INFO  main            d.u.i.k.p.r.p.TestFile    Now processing file /home/runner/work/key/key/key.core/../key.ui/examples/InformationFlow/BlockContracts/contract.IFBlockExamples(contract.IFBlockExamples__secure_6(int)).Non-interference contract.0.m.key 
107130     INFO  main            d.u.i.k.p.i.AbstractProblemLoader Loading environment from /home/runner/work/key/key/key.core/../key.ui/examples/InformationFlow/BlockContracts/contract.IFBlockExamples(contract.IFBlockExamples__secure_6(int)).Non-interference contract.0.m.key 
107131     DEBUG main            d.u.i.k.p.i.AbstractProblemLoader Environment load took 245.5ns 
107132     INFO  main            d.u.i.k.p.i.AbstractProblemLoader Creating init config 
111724     DEBUG main            d.u.i.k.p.i.AbstractProblemLoader Init config took 4.59s 
111826     INFO  main            d.u.i.k.p.i.AbstractProblemLoader Replaying proof contract.IFBlockExamples[contract.IFBlockExamples::secure_6(int)].Non-interference contract.0 
111834     DEBUG main            d.u.i.k.p.i.IntermediateProofReplayer Proof replay took 29.8ns 
111836     DEBUG main            d.u.i.k.m.s.ProofScriptEngine 1: 'macro 'infflow-autopilot'' 
111936     DEBUG main            d.u.i.k.p.m.ProofCorrectnessMgt No justification found for rule Class_invariant_axiom_for_contract_IFBlockExamples 
112686     INFO  main            d.u.i.k.p.r.p.TestFile    ... finished proof: closed. 
113065     INFO  main            d.u.i.k.p.r.p.TestFile    Now processing file /home/runner/work/key/key/key.core/../key.ui/examples/InformationFlow/BlockContracts/contract.IFBlockExamples(contract.IFBlockExamples__insecure_1(int)).Non-interference contract.0.m.key 
113070     INFO  main            d.u.i.k.p.i.AbstractProblemLoader Loading environment from /home/runner/work/key/key/key.core/../key.ui/examples/InformationFlow/BlockContracts/contract.IFBlockExamples(contract.IFBlockExamples__insecure_1(int)).Non-interference contract.0.m.key 
113070     DEBUG main            d.u.i.k.p.i.AbstractProblemLoader Environment load took 278.9ns 
113072     INFO  main            d.u.i.k.p.i.AbstractProblemLoader Creating init config 
117421     DEBUG main            d.u.i.k.p.i.AbstractProblemLoader Init config took 4.35s 
117494     INFO  main            d.u.i.k.p.i.AbstractProblemLoader Replaying proof contract.IFBlockExamples[contract.IFBlockExamples::insecure_1(int)].Non-interference contract.0 
117499     DEBUG main            d.u.i.k.p.i.IntermediateProofReplayer Proof replay took 43.3ns 
117501     DEBUG main            d.u.i.k.m.s.ProofScriptEngine 1: 'macro 'infflow-autopilot'' 
117574     DEBUG main            d.u.i.k.p.m.ProofCorrectnessMgt No justification found for rule Class_invariant_axiom_for_contract_IFBlockExamples 
118750     INFO  main            d.u.i.k.p.r.p.TestFile    ... finished proof: open goal(s) 
119095     INFO  main            d.u.i.k.p.r.p.TestFile    Now processing file /home/runner/work/key/key/key.core/../key.ui/examples/InformationFlow/BlockContracts/contract.IFBlockExamples(contract.IFBlockExamples__secure_4(int)).Non-interference contract.0.m.key 
119096     INFO  main            d.u.i.k.p.i.AbstractProblemLoader Loading environment from /home/runner/work/key/key/key.core/../key.ui/examples/InformationFlow/BlockContracts/contract.IFBlockExamples(contract.IFBlockExamples__secure_4(int)).Non-interference contract.0.m.key 
119097     DEBUG main            d.u.i.k.p.i.AbstractProblemLoader Environment load took 670.9ns 
119098     INFO  main            d.u.i.k.p.i.AbstractProblemLoader Creating init config 
123410     DEBUG main            d.u.i.k.p.i.AbstractProblemLoader Init config took 4.31s 
123482     INFO  main            d.u.i.k.p.i.AbstractProblemLoader Replaying proof contract.IFBlockExamples[contract.IFBlockExamples::secure_4(int)].Non-interference contract.0 
123486     DEBUG main            d.u.i.k.p.i.IntermediateProofReplayer Proof replay took 28ns 
123487     DEBUG main            d.u.i.k.m.s.ProofScriptEngine 1: 'macro 'infflow-autopilot'' 
123559     DEBUG main            d.u.i.k.p.m.ProofCorrectnessMgt No justification found for rule Class_invariant_axiom_for_contract_IFBlockExamples 
124472     INFO  main            d.u.i.k.p.r.p.TestFile    ... finished proof: closed. 
124872     INFO  main            d.u.i.k.p.r.p.TestFile    Now processing file /home/runner/work/key/key/key.core/../key.ui/examples/InformationFlow/BlockContracts/contract.IFBlockExamples(contract.IFBlockExamples__secure_1(int)).Non-interference contract.0.m.key 
124873     INFO  main            d.u.i.k.p.i.AbstractProblemLoader Loading environment from /home/runner/work/key/key/key.core/../key.ui/examples/InformationFlow/BlockContracts/contract.IFBlockExamples(contract.IFBlockExamples__secure_1(int)).Non-interference contract.0.m.key 
124873     DEBUG main            d.u.i.k.p.i.AbstractProblemLoader Environment load took 618.3ns 
124875     INFO  main            d.u.i.k.p.i.AbstractProblemLoader Creating init config 
129082     DEBUG main            d.u.i.k.p.i.AbstractProblemLoader Init config took 4.21s 
129156     INFO  main            d.u.i.k.p.i.AbstractProblemLoader Replaying proof contract.IFBlockExamples[contract.IFBlockExamples::secure_1(int)].Non-interference contract.0 
129161     DEBUG main            d.u.i.k.p.i.IntermediateProofReplayer Proof replay took 30.9ns 
129163     DEBUG main            d.u.i.k.m.s.ProofScriptEngine 1: 'macro 'infflow-autopilot'' 
129234     DEBUG main            d.u.i.k.p.m.ProofCorrectnessMgt No justification found for rule Class_invariant_axiom_for_contract_IFBlockExamples 
130345     INFO  main            d.u.i.k.p.r.p.TestFile    ... finished proof: closed. 
130916     INFO  main            d.u.i.k.p.r.p.TestFile    Now processing file /home/runner/work/key/key/key.core/../key.ui/examples/InformationFlow/BlockContracts/contract.IFEfficiencyExamples(contract.IFEfficiencyExamples__mWithoutBlockContract()).Non-interference contract.0.m.key 
130922     INFO  main            d.u.i.k.p.i.AbstractProblemLoader Loading environment from /home/runner/work/key/key/key.core/../key.ui/examples/InformationFlow/BlockContracts/contract.IFEfficiencyExamples(contract.IFEfficiencyExamples__mWithoutBlockContract()).Non-interference contract.0.m.key 
130923     DEBUG main            d.u.i.k.p.i.AbstractProblemLoader Environment load took 994.6ns 
130925     INFO  main            d.u.i.k.p.i.AbstractProblemLoader Creating init config 
135208     DEBUG main            d.u.i.k.p.i.AbstractProblemLoader Init config took 4.28s 
135300     INFO  main            d.u.i.k.p.i.AbstractProblemLoader Replaying proof contract.IFEfficiencyExamples[contract.IFEfficiencyExamples::mWithoutBlockContract()].Non-interference contract.0 
135306     DEBUG main            d.u.i.k.p.i.IntermediateProofReplayer Proof replay took 32.6ns 
135309     DEBUG main            d.u.i.k.m.s.ProofScriptEngine 1: 'macro 'infflow-autopilot'' 
135390     DEBUG main            d.u.i.k.p.m.ProofCorrectnessMgt No justification found for rule Class_invariant_axiom_for_contract_IFEfficiencyExamples 
144885     INFO  main            d.u.i.k.p.r.p.TestFile    ... finished proof: closed. 
145342     INFO  main            d.u.i.k.p.r.p.TestFile    Now processing file /home/runner/work/key/key/key.core/../key.ui/examples/InformationFlow/BlockContracts/contract.IFEfficiencyExamples(contract.IFEfficiencyExamples__mWithBlockContract()).Non-interference contract.0.m.key 
145342     INFO  main            d.u.i.k.p.i.AbstractProblemLoader Loading environment from /home/runner/work/key/key/key.core/../key.ui/examples/InformationFlow/BlockContracts/contract.IFEfficiencyExamples(contract.IFEfficiencyExamples__mWithBlockContract()).Non-interference contract.0.m.key 
145342     DEBUG main            d.u.i.k.p.i.AbstractProblemLoader Environment load took 105.5ns 
145344     INFO  main            d.u.i.k.p.i.AbstractProblemLoader Creating init config 
149582     DEBUG main            d.u.i.k.p.i.AbstractProblemLoader Init config took 4.24s 
149641     INFO  main            d.u.i.k.p.i.AbstractProblemLoader Replaying proof contract.IFEfficiencyExamples[contract.IFEfficiencyExamples::mWithBlockContract()].Non-interference contract.0 
149645     DEBUG main            d.u.i.k.p.i.IntermediateProofReplayer Proof replay took 38.7ns 
149646     DEBUG main            d.u.i.k.m.s.ProofScriptEngine 1: 'macro 'infflow-autopilot'' 
149706     DEBUG main            d.u.i.k.p.m.ProofCorrectnessMgt No justification found for rule Class_invariant_axiom_for_contract_IFEfficiencyExamples 
152715     INFO  main            d.u.i.k.p.r.p.TestFile    ... finished proof: closed. 
3433789    INFO  Test worker     d.u.i.k.p.r.RunAllProofsTestUnit Returning from test BlockContracts_fullmacro 
3433793    INFO  Test worker     d.u.i.k.p.r.RunAllProofsTestUnit Running test MethodContracts_fullmacro 
697        INFO  Timeout watchdog d.u.i.k.p.r.p.ForkedTestFileRunner Timeout watcher launched (1000 secs.) 
707        WARN  main            d.u.i.k.s.ProofSettings   The settings in /home/runner/.key/proof-settings.props are *not* read. 
760        INFO  main            d.u.i.k.p.r.p.TestFile    Now processing file /home/runner/work/key/key/key.core/../key.ui/examples/InformationFlow/MethodContracts/contract.IFMethodContract(contract.IFMethodContract__secure_recursion_2((I,int)).Non-interference contract.0.m.key 
1007       INFO  main            d.u.i.k.p.i.AbstractProblemLoader Loading environment from /home/runner/work/key/key/key.core/../key.ui/examples/InformationFlow/MethodContracts/contract.IFMethodContract(contract.IFMethodContract__secure_recursion_2((I,int)).Non-interference contract.0.m.key 
1045       DEBUG main            d.u.i.k.p.i.AbstractProblemLoader Environment load took 4.66ms 
1429       INFO  main            d.u.i.k.p.i.AbstractProblemLoader Creating init config 
2988       DEBUG main            d.u.i.k.j.TypeConverter   No LDT found for Meta 
2990       DEBUG main            d.u.i.k.j.TypeConverter   No LDT found for Meta 
2993       DEBUG main            d.u.i.k.j.TypeConverter   No LDT found for Meta 
2994       DEBUG main            d.u.i.k.j.TypeConverter   No LDT found for Meta 
5499       DEBUG main            d.u.i.k.j.TypeConverter   No LDT found for JavaBigintExpression 
16320      DEBUG main            d.u.i.k.p.i.AbstractProblemLoader Init config took 14.89s 
16704      INFO  main            d.u.i.k.p.i.AbstractProblemLoader Replaying proof contract.IFMethodContract[contract.IFMethodContract::secure_recursion_2([I,int)].Non-interference contract.0 
16794      DEBUG main            d.u.i.k.p.i.IntermediateProofReplayer Proof replay took 863.3ns 
16966      DEBUG main            d.u.i.k.m.s.ProofScriptEngine 1: 'macro 'infflow-autopilot'' 
17660      DEBUG main            d.u.i.k.p.m.ProofCorrectnessMgt No justification found for rule Class_invariant_axiom_for_contract_IFMethodContract 
18469      DEBUG main            d.u.i.k.p.m.ProofCorrectnessMgt No justification found for rule Class_invariant_axiom_for_contract_IFMethodContract 
18480      DEBUG main            d.u.i.k.p.m.ProofCorrectnessMgt No justification found for rule Class_invariant_axiom_for_contract_IFMethodContract 
18974      DEBUG main            d.u.i.k.p.m.ProofCorrectnessMgt No justification found for rule Class_invariant_axiom_for_contract_IFMethodContract 
25206      INFO  main            d.u.i.k.p.r.p.TestFile    ... finished proof: closed. 
25523      INFO  main            d.u.i.k.p.r.p.TestFile    Now processing file /home/runner/work/key/key/key.core/../key.ui/examples/InformationFlow/MethodContracts/contract.IFMethodContract(contract.IFMethodContract__secure_recursion(int)).Non-interference contract.0.m.key 
25523      INFO  main            d.u.i.k.p.i.AbstractProblemLoader Loading environment from /home/runner/work/key/key/key.core/../key.ui/examples/InformationFlow/MethodContracts/contract.IFMethodContract(contract.IFMethodContract__secure_recursion(int)).Non-interference contract.0.m.key 
25524      DEBUG main            d.u.i.k.p.i.AbstractProblemLoader Environment load took 230.1ns 
25527      INFO  main            d.u.i.k.p.i.AbstractProblemLoader Creating init config 
30848      DEBUG main            d.u.i.k.p.i.AbstractProblemLoader Init config took 5.32s 
30962      INFO  main            d.u.i.k.p.i.AbstractProblemLoader Replaying proof contract.IFMethodContract[contract.IFMethodContract::secure_recursion(int)].Non-interference contract.0 
30969      DEBUG main            d.u.i.k.p.i.IntermediateProofReplayer Proof replay took 28.9ns 
30971      DEBUG main            d.u.i.k.m.s.ProofScriptEngine 1: 'macro 'infflow-autopilot'' 
31084      DEBUG main            d.u.i.k.p.m.ProofCorrectnessMgt No justification found for rule Class_invariant_axiom_for_contract_IFMethodContract 
31260      DEBUG main            d.u.i.k.p.m.ProofCorrectnessMgt No justification found for rule Class_invariant_axiom_for_contract_IFMethodContract 
31262      DEBUG main            d.u.i.k.p.m.ProofCorrectnessMgt No justification found for rule Class_invariant_axiom_for_contract_IFMethodContract 
31365      DEBUG main            d.u.i.k.p.m.ProofCorrectnessMgt No justification found for rule Class_invariant_axiom_for_contract_IFMethodContract 
32146      INFO  main            d.u.i.k.p.r.p.TestFile    ... finished proof: closed. 
32424      INFO  main            d.u.i.k.p.r.p.TestFile    Now processing file /home/runner/work/key/key/key.core/../key.ui/examples/InformationFlow/MethodContracts/contract.IFMethodContract(contract.IFMethodContract__secure_catch_exception()).Non-interference contract.0.m.key 
32425      INFO  main            d.u.i.k.p.i.AbstractProblemLoader Loading environment from /home/runner/work/key/key/key.core/../key.ui/examples/InformationFlow/MethodContracts/contract.IFMethodContract(contract.IFMethodContract__secure_catch_exception()).Non-interference contract.0.m.key 
32426      DEBUG main            d.u.i.k.p.i.AbstractProblemLoader Environment load took 814.4ns 
32435      INFO  main            d.u.i.k.p.i.AbstractProblemLoader Creating init config 
37178      DEBUG main            d.u.i.k.p.i.AbstractProblemLoader Init config took 4.74s 
37313      INFO  main            d.u.i.k.p.i.AbstractProblemLoader Replaying proof contract.IFMethodContract[contract.IFMethodContract::secure_catch_exception()].Non-interference contract.0 
37319      DEBUG main            d.u.i.k.p.i.IntermediateProofReplayer Proof replay took 25.8ns 
37321      DEBUG main            d.u.i.k.m.s.ProofScriptEngine 1: 'macro 'infflow-autopilot'' 
37422      DEBUG main            d.u.i.k.p.m.ProofCorrectnessMgt No justification found for rule Class_invariant_axiom_for_contract_IFMethodContract 
37946      INFO  main            d.u.i.k.p.r.p.TestFile    ... finished proof: closed. 
38242      INFO  main            d.u.i.k.p.r.p.TestFile    Now processing file /home/runner/work/key/key/key.core/../key.ui/examples/InformationFlow/MethodContracts/contract.IFMethodContract(contract.IFMethodContract__n6()).Non-interference contract.0.m.key 
38244      INFO  main            d.u.i.k.p.i.AbstractProblemLoader Loading environment from /home/runner/work/key/key/key.core/../key.ui/examples/InformationFlow/MethodContracts/contract.IFMethodContract(contract.IFMethodContract__n6()).Non-interference contract.0.m.key 
38245      DEBUG main            d.u.i.k.p.i.AbstractProblemLoader Environment load took 985ns 
38248      INFO  main            d.u.i.k.p.i.AbstractProblemLoader Creating init config 
43012      DEBUG main            d.u.i.k.p.i.AbstractProblemLoader Init config took 4.76s 
43124      INFO  main            d.u.i.k.p.i.AbstractProblemLoader Replaying proof contract.IFMethodContract[contract.IFMethodContract::n6()].Non-interference contract.0 
43132      DEBUG main            d.u.i.k.p.i.IntermediateProofReplayer Proof replay took 40.3ns 
43135      DEBUG main            d.u.i.k.m.s.ProofScriptEngine 1: 'macro 'infflow-autopilot'' 
43231      DEBUG main            d.u.i.k.p.m.ProofCorrectnessMgt No justification found for rule Class_invariant_axiom_for_contract_IFMethodContract 
43447      INFO  main            d.u.i.k.p.r.p.TestFile    ... finished proof: closed. 
43724      INFO  main            d.u.i.k.p.r.p.TestFile    Now processing file /home/runner/work/key/key/key.core/../key.ui/examples/InformationFlow/MethodContracts/contract.IFMethodContract(contract.IFMethodContract__secure_n6()).Non-interference contract.0.m.key 
43726      INFO  main            d.u.i.k.p.i.AbstractProblemLoader Loading environment from /home/runner/work/key/key/key.core/../key.ui/examples/InformationFlow/MethodContracts/contract.IFMethodContract(contract.IFMethodContract__secure_n6()).Non-interference contract.0.m.key 
43726      DEBUG main            d.u.i.k.p.i.AbstractProblemLoader Environment load took 774.5ns 
43729      INFO  main            d.u.i.k.p.i.AbstractProblemLoader Creating init config 
48309      DEBUG main            d.u.i.k.p.i.AbstractProblemLoader Init config took 4.58s 
48397      INFO  main            d.u.i.k.p.i.AbstractProblemLoader Replaying proof contract.IFMethodContract[contract.IFMethodContract::secure_n6()].Non-interference contract.0 
48402      DEBUG main            d.u.i.k.p.i.IntermediateProofReplayer Proof replay took 52.1ns 
48404      DEBUG main            d.u.i.k.m.s.ProofScriptEngine 1: 'macro 'infflow-autopilot'' 
48491      DEBUG main            d.u.i.k.p.m.ProofCorrectnessMgt No justification found for rule Class_invariant_axiom_for_contract_IFMethodContract 
48541      DEBUG main            d.u.i.k.p.m.ProofCorrectnessMgt No justification found for rule Class_invariant_axiom_for_contract_IFMethodContract 
48543      DEBUG main            d.u.i.k.p.m.ProofCorrectnessMgt No justification found for rule Class_invariant_axiom_for_contract_IFMethodContract 
48579      DEBUG main            d.u.i.k.p.m.ProofCorrectnessMgt No justification found for rule Class_invariant_axiom_for_contract_IFMethodContract 
48913      INFO  main            d.u.i.k.p.r.p.TestFile    ... finished proof: closed. 
49213      INFO  main            d.u.i.k.p.r.p.TestFile    Now processing file /home/runner/work/key/key/key.core/../key.ui/examples/InformationFlow/MethodContracts/contract.IFMethodContract(contract.IFMethodContract__secure_array_param((I,int)).Non-interference contract.0.m.key 
49214      INFO  main            d.u.i.k.p.i.AbstractProblemLoader Loading environment from /home/runner/work/key/key/key.core/../key.ui/examples/InformationFlow/MethodContracts/contract.IFMethodContract(contract.IFMethodContract__secure_array_param((I,int)).Non-interference contract.0.m.key 
49215      DEBUG main            d.u.i.k.p.i.AbstractProblemLoader Environment load took 651.1ns 
49217      INFO  main            d.u.i.k.p.i.AbstractProblemLoader Creating init config 
53808      DEBUG main            d.u.i.k.p.i.AbstractProblemLoader Init config took 4.59s 
53897      INFO  main            d.u.i.k.p.i.AbstractProblemLoader Replaying proof contract.IFMethodContract[contract.IFMethodContract::secure_array_param([I,int)].Non-interference contract.0 
53903      DEBUG main            d.u.i.k.p.i.IntermediateProofReplayer Proof replay took 30.2ns 
53905      DEBUG main            d.u.i.k.m.s.ProofScriptEngine 1: 'macro 'infflow-autopilot'' 
54033      DEBUG main            d.u.i.k.p.m.ProofCorrectnessMgt No justification found for rule Class_invariant_axiom_for_contract_IFMethodContract 
54124      DEBUG main            d.u.i.k.p.m.ProofCorrectnessMgt No justification found for rule Class_invariant_axiom_for_contract_IFMethodContract 
54126      DEBUG main            d.u.i.k.p.m.ProofCorrectnessMgt No justification found for rule Class_invariant_axiom_for_contract_IFMethodContract 
54246      DEBUG main            d.u.i.k.p.m.ProofCorrectnessMgt No justification found for rule Class_invariant_axiom_for_contract_IFMethodContract 
57254      INFO  main            d.u.i.k.p.r.p.TestFile    ... finished proof: closed. 
57536      INFO  main            d.u.i.k.p.r.p.TestFile    Now processing file /home/runner/work/key/key/key.core/../key.ui/examples/InformationFlow/MethodContracts/contract.IFMethodContract(contract.IFMethodContract__secure_assignment_0_n9()).Non-interference contract.0.m.key 
57537      INFO  main            d.u.i.k.p.i.AbstractProblemLoader Loading environment from /home/runner/work/key/key/key.core/../key.ui/examples/InformationFlow/MethodContracts/contract.IFMethodContract(contract.IFMethodContract__secure_assignment_0_n9()).Non-interference contract.0.m.key 
57538      DEBUG main            d.u.i.k.p.i.AbstractProblemLoader Environment load took 509.9ns 
57539      INFO  main            d.u.i.k.p.i.AbstractProblemLoader Creating init config 
61954      DEBUG main            d.u.i.k.p.i.AbstractProblemLoader Init config took 4.41s 
62030      INFO  main            d.u.i.k.p.i.AbstractProblemLoader Replaying proof contract.IFMethodContract[contract.IFMethodContract::secure_assignment_0_n9()].Non-interference contract.0 
62035      DEBUG main            d.u.i.k.p.i.IntermediateProofReplayer Proof replay took 23.8ns 
62037      DEBUG main            d.u.i.k.m.s.ProofScriptEngine 1: 'macro 'infflow-autopilot'' 
62115      DEBUG main            d.u.i.k.p.m.ProofCorrectnessMgt No justification found for rule Class_invariant_axiom_for_contract_IFMethodContract 
62222      DEBUG main            d.u.i.k.p.m.ProofCorrectnessMgt No justification found for rule Class_invariant_axiom_for_contract_IFMethodContract 
62224      DEBUG main            d.u.i.k.p.m.ProofCorrectnessMgt No justification found for rule Class_invariant_axiom_for_contract_IFMethodContract 
62248      DEBUG main            d.u.i.k.p.m.ProofCorrectnessMgt No justification found for rule Class_invariant_axiom_for_contract_IFMethodContract 
62481      INFO  main            d.u.i.k.p.r.p.TestFile    ... finished proof: closed. 
62803      INFO  main            d.u.i.k.p.r.p.TestFile    Now processing file /home/runner/work/key/key/key.core/../key.ui/examples/InformationFlow/MethodContracts/contract.IFMethodContract(contract.IFMethodContract__insecure_if_high_n5_n1()).Non-interference contract.0.m.key 
62804      INFO  main            d.u.i.k.p.i.AbstractProblemLoader Loading environment from /home/runner/work/key/key/key.core/../key.ui/examples/InformationFlow/MethodContracts/contract.IFMethodContract(contract.IFMethodContract__insecure_if_high_n5_n1()).Non-interference contract.0.m.key 
62805      DEBUG main            d.u.i.k.p.i.AbstractProblemLoader Environment load took 694.2ns 
62807      INFO  main            d.u.i.k.p.i.AbstractProblemLoader Creating init config 
67254      DEBUG main            d.u.i.k.p.i.AbstractProblemLoader Init config took 4.45s 
67339      INFO  main            d.u.i.k.p.i.AbstractProblemLoader Replaying proof contract.IFMethodContract[contract.IFMethodContract::insecure_if_high_n5_n1()].Non-interference contract.0 
67346      DEBUG main            d.u.i.k.p.i.IntermediateProofReplayer Proof replay took 47.1ns 
67348      DEBUG main            d.u.i.k.m.s.ProofScriptEngine 1: 'macro 'infflow-autopilot'' 
67443      DEBUG main            d.u.i.k.p.m.ProofCorrectnessMgt No justification found for rule Class_invariant_axiom_for_contract_IFMethodContract 
67522      DEBUG main            d.u.i.k.p.m.ProofCorrectnessMgt No justification found for rule Class_invariant_axiom_for_contract_IFMethodContract 
67523      DEBUG main            d.u.i.k.p.m.ProofCorrectnessMgt No justification found for rule Class_invariant_axiom_for_contract_IFMethodContract 
67612      DEBUG main            d.u.i.k.p.m.ProofCorrectnessMgt No justification found for rule Class_invariant_axiom_for_contract_IFMethodContract 
67613      DEBUG main            d.u.i.k.p.m.ProofCorrectnessMgt No justification found for rule Class_invariant_axiom_for_contract_IFMethodContract 
67650      DEBUG main            d.u.i.k.p.m.ProofCorrectnessMgt No justification found for rule Class_invariant_axiom_for_contract_IFMethodContract 
67651      DEBUG main            d.u.i.k.p.m.ProofCorrectnessMgt No justification found for rule Class_invariant_axiom_for_contract_IFMethodContract 
67692      DEBUG main            d.u.i.k.p.m.ProofCorrectnessMgt No justification found for rule Class_invariant_axiom_for_contract_IFMethodContract 
67701      DEBUG main            d.u.i.k.p.m.ProofCorrectnessMgt No justification found for rule Class_invariant_axiom_for_contract_IFMethodContract 
67723      DEBUG main            d.u.i.k.p.m.ProofCorrectnessMgt No justification found for rule Class_invariant_axiom_for_contract_IFMethodContract 
68911      INFO  main            d.u.i.k.p.r.p.TestFile    ... finished proof: open goal(s) 
69211      INFO  main            d.u.i.k.p.r.p.TestFile    Now processing file /home/runner/work/key/key/key.core/../key.ui/examples/InformationFlow/MethodContracts/contract.IFMethodContract(contract.IFMethodContract__n5(int)).Non-interference contract.0.m.key 
69212      INFO  main            d.u.i.k.p.i.AbstractProblemLoader Loading environment from /home/runner/work/key/key/key.core/../key.ui/examples/InformationFlow/MethodContracts/contract.IFMethodContract(contract.IFMethodContract__n5(int)).Non-interference contract.0.m.key 
69213      DEBUG main            d.u.i.k.p.i.AbstractProblemLoader Environment load took 724.3ns 
69215      INFO  main            d.u.i.k.p.i.AbstractProblemLoader Creating init config 
73558      DEBUG main            d.u.i.k.p.i.AbstractProblemLoader Init config took 4.34s 
73678      INFO  main            d.u.i.k.p.i.AbstractProblemLoader Replaying proof contract.IFMethodContract[contract.IFMethodContract::n5(int)].Non-interference contract.0 
73693      DEBUG main            d.u.i.k.p.i.IntermediateProofReplayer Proof replay took 88.5ns 
73694      DEBUG main            d.u.i.k.m.s.ProofScriptEngine 1: 'macro 'infflow-autopilot'' 
73834      DEBUG main            d.u.i.k.p.m.ProofCorrectnessMgt No justification found for rule Class_invariant_axiom_for_contract_IFMethodContract 
74061      INFO  main            d.u.i.k.p.r.p.TestFile    ... finished proof: closed. 
74411      INFO  main            d.u.i.k.p.r.p.TestFile    Now processing file /home/runner/work/key/key/key.core/../key.ui/examples/InformationFlow/MethodContracts/contract.IFMethodContract(contract.IFMethodContract__secure_if_high_n5_n1()).Non-interference contract.0.m.key 
74414      INFO  main            d.u.i.k.p.i.AbstractProblemLoader Loading environment from /home/runner/work/key/key/key.core/../key.ui/examples/InformationFlow/MethodContracts/contract.IFMethodContract(contract.IFMethodContract__secure_if_high_n5_n1()).Non-interference contract.0.m.key 
74415      DEBUG main            d.u.i.k.p.i.AbstractProblemLoader Environment load took 677ns 
74417      INFO  main            d.u.i.k.p.i.AbstractProblemLoader Creating init config 
78733      DEBUG main            d.u.i.k.p.i.AbstractProblemLoader Init config took 4.32s 
78810      INFO  main            d.u.i.k.p.i.AbstractProblemLoader Replaying proof contract.IFMethodContract[contract.IFMethodContract::secure_if_high_n5_n1()].Non-interference contract.0 
78817      DEBUG main            d.u.i.k.p.i.IntermediateProofReplayer Proof replay took 31.1ns 
78821      DEBUG main            d.u.i.k.m.s.ProofScriptEngine 1: 'macro 'infflow-autopilot'' 
78908      DEBUG main            d.u.i.k.p.m.ProofCorrectnessMgt No justification found for rule Class_invariant_axiom_for_contract_IFMethodContract 
79194      DEBUG main            d.u.i.k.p.m.ProofCorrectnessMgt No justification found for rule Class_invariant_axiom_for_contract_IFMethodContract 
79196      DEBUG main            d.u.i.k.p.m.ProofCorrectnessMgt No justification found for rule Class_invariant_axiom_for_contract_IFMethodContract 
79247      DEBUG main            d.u.i.k.p.m.ProofCorrectnessMgt No justification found for rule Class_invariant_axiom_for_contract_IFMethodContract 
79249      DEBUG main            d.u.i.k.p.m.ProofCorrectnessMgt No justification found for rule Class_invariant_axiom_for_contract_IFMethodContract 
79348      DEBUG main            d.u.i.k.p.m.ProofCorrectnessMgt No justification found for rule Class_invariant_axiom_for_contract_IFMethodContract 
79350      DEBUG main            d.u.i.k.p.m.ProofCorrectnessMgt No justification found for rule Class_invariant_axiom_for_contract_IFMethodContract 
79395      DEBUG main            d.u.i.k.p.m.ProofCorrectnessMgt No justification found for rule Class_invariant_axiom_for_contract_IFMethodContract 
79397      DEBUG main            d.u.i.k.p.m.ProofCorrectnessMgt No justification found for rule Class_invariant_axiom_for_contract_IFMethodContract 
79444      DEBUG main            d.u.i.k.p.m.ProofCorrectnessMgt No justification found for rule Class_invariant_axiom_for_contract_IFMethodContract 
79456      DEBUG main            d.u.i.k.p.m.ProofCorrectnessMgt No justification found for rule Class_invariant_axiom_for_contract_IFMethodContract 
79503      DEBUG main            d.u.i.k.p.m.ProofCorrectnessMgt No justification found for rule Class_invariant_axiom_for_contract_IFMethodContract 
79514      DEBUG main            d.u.i.k.p.m.ProofCorrectnessMgt No justification found for rule Class_invariant_axiom_for_contract_IFMethodContract 
80841      INFO  main            d.u.i.k.p.r.p.TestFile    ... finished proof: closed. 
81307      INFO  main            d.u.i.k.p.r.p.TestFile    Now processing file /home/runner/work/key/key/key.core/../key.ui/examples/InformationFlow/MethodContracts/contract.IFMethodContract(contract.IFMethodContract__secure_if_high_n1()).Non-interference contract.0.m.key 
81309      INFO  main            d.u.i.k.p.i.AbstractProblemLoader Loading environment from /home/runner/work/key/key/key.core/../key.ui/examples/InformationFlow/MethodContracts/contract.IFMethodContract(contract.IFMethodContract__secure_if_high_n1()).Non-interference contract.0.m.key 
81310      DEBUG main            d.u.i.k.p.i.AbstractProblemLoader Environment load took 635.9ns 
81312      INFO  main            d.u.i.k.p.i.AbstractProblemLoader Creating init config 
85714      DEBUG main            d.u.i.k.p.i.AbstractProblemLoader Init config took 4.4s 
85793      INFO  main            d.u.i.k.p.i.AbstractProblemLoader Replaying proof contract.IFMethodContract[contract.IFMethodContract::secure_if_high_n1()].Non-interference contract.0 
85798      DEBUG main            d.u.i.k.p.i.IntermediateProofReplayer Proof replay took 39.1ns 
85800      DEBUG main            d.u.i.k.m.s.ProofScriptEngine 1: 'macro 'infflow-autopilot'' 
85885      DEBUG main            d.u.i.k.p.m.ProofCorrectnessMgt No justification found for rule Class_invariant_axiom_for_contract_IFMethodContract 
86042      DEBUG main            d.u.i.k.p.m.ProofCorrectnessMgt No justification found for rule Class_invariant_axiom_for_contract_IFMethodContract 
86044      DEBUG main            d.u.i.k.p.m.ProofCorrectnessMgt No justification found for rule Class_invariant_axiom_for_contract_IFMethodContract 
86139      DEBUG main            d.u.i.k.p.m.ProofCorrectnessMgt No justification found for rule Class_invariant_axiom_for_contract_IFMethodContract 
86141      DEBUG main            d.u.i.k.p.m.ProofCorrectnessMgt No justification found for rule Class_invariant_axiom_for_contract_IFMethodContract 
86174      DEBUG main            d.u.i.k.p.m.ProofCorrectnessMgt No justification found for rule Class_invariant_axiom_for_contract_IFMethodContract 
86199      DEBUG main            d.u.i.k.p.m.ProofCorrectnessMgt No justification found for rule Class_invariant_axiom_for_contract_IFMethodContract 
86795      INFO  main            d.u.i.k.p.r.p.TestFile    ... finished proof: closed. 
87224      INFO  main            d.u.i.k.p.r.p.TestFile    Now processing file /home/runner/work/key/key/key.core/../key.ui/examples/InformationFlow/MethodContracts/contract.IFMethodContract(contract.IFMethodContract__secure_n5()).Non-interference contract.0.m.key 
87225      INFO  main            d.u.i.k.p.i.AbstractProblemLoader Loading environment from /home/runner/work/key/key/key.core/../key.ui/examples/InformationFlow/MethodContracts/contract.IFMethodContract(contract.IFMethodContract__secure_n5()).Non-interference contract.0.m.key 
87226      DEBUG main            d.u.i.k.p.i.AbstractProblemLoader Environment load took 667.6ns 
87230      INFO  main            d.u.i.k.p.i.AbstractProblemLoader Creating init config 
91550      DEBUG main            d.u.i.k.p.i.AbstractProblemLoader Init config took 4.32s 
91618      INFO  main            d.u.i.k.p.i.AbstractProblemLoader Replaying proof contract.IFMethodContract[contract.IFMethodContract::secure_n5()].Non-interference contract.0 
91623      DEBUG main            d.u.i.k.p.i.IntermediateProofReplayer Proof replay took 43.4ns 
91624      DEBUG main            d.u.i.k.m.s.ProofScriptEngine 1: 'macro 'infflow-autopilot'' 
91690      DEBUG main            d.u.i.k.p.m.ProofCorrectnessMgt No justification found for rule Class_invariant_axiom_for_contract_IFMethodContract 
91802      DEBUG main            d.u.i.k.p.m.ProofCorrectnessMgt No justification found for rule Class_invariant_axiom_for_contract_IFMethodContract 
91804      DEBUG main            d.u.i.k.p.m.ProofCorrectnessMgt No justification found for rule Class_invariant_axiom_for_contract_IFMethodContract 
91828      DEBUG main            d.u.i.k.p.m.ProofCorrectnessMgt No justification found for rule Class_invariant_axiom_for_contract_IFMethodContract 
92079      INFO  main            d.u.i.k.p.r.p.TestFile    ... finished proof: closed. 
92523      INFO  main            d.u.i.k.p.r.p.TestFile    Now processing file /home/runner/work/key/key/key.core/../key.ui/examples/InformationFlow/MethodContracts/contract.IFMethodContract(contract.IFMethodContract__n4()).Non-interference contract.0.m.key 
92524      INFO  main            d.u.i.k.p.i.AbstractProblemLoader Loading environment from /home/runner/work/key/key/key.core/../key.ui/examples/InformationFlow/MethodContracts/contract.IFMethodContract(contract.IFMethodContract__n4()).Non-interference contract.0.m.key 
92524      DEBUG main            d.u.i.k.p.i.AbstractProblemLoader Environment load took 662.5ns 
92527      INFO  main            d.u.i.k.p.i.AbstractProblemLoader Creating init config 
96901      DEBUG main            d.u.i.k.p.i.AbstractProblemLoader Init config took 4.37s 
96982      INFO  main            d.u.i.k.p.i.AbstractProblemLoader Replaying proof contract.IFMethodContract[contract.IFMethodContract::n4()].Non-interference contract.0 
96988      DEBUG main            d.u.i.k.p.i.IntermediateProofReplayer Proof replay took 46.7ns 
96990      DEBUG main            d.u.i.k.m.s.ProofScriptEngine 1: 'macro 'infflow-autopilot'' 
97069      DEBUG main            d.u.i.k.p.m.ProofCorrectnessMgt No justification found for rule Class_invariant_axiom_for_contract_IFMethodContract 
97343      INFO  main            d.u.i.k.p.r.p.TestFile    ... finished proof: closed. 
97696      INFO  main            d.u.i.k.p.r.p.TestFile    Now processing file /home/runner/work/key/key/key.core/../key.ui/examples/InformationFlow/MethodContracts/contract.IFMethodContract(contract.IFMethodContract__n3()).Non-interference contract.0.m.key 
97698      INFO  main            d.u.i.k.p.i.AbstractProblemLoader Loading environment from /home/runner/work/key/key/key.core/../key.ui/examples/InformationFlow/MethodContracts/contract.IFMethodContract(contract.IFMethodContract__n3()).Non-interference contract.0.m.key 
97698      DEBUG main            d.u.i.k.p.i.AbstractProblemLoader Environment load took 428.2ns 
97700      INFO  main            d.u.i.k.p.i.AbstractProblemLoader Creating init config 
101826     DEBUG main            d.u.i.k.p.i.AbstractProblemLoader Init config took 4.13s 
101901     INFO  main            d.u.i.k.p.i.AbstractProblemLoader Replaying proof contract.IFMethodContract[contract.IFMethodContract::n3()].Non-interference contract.0 
101910     DEBUG main            d.u.i.k.p.i.IntermediateProofReplayer Proof replay took 38.2ns 
101912     DEBUG main            d.u.i.k.m.s.ProofScriptEngine 1: 'macro 'infflow-autopilot'' 
101969     DEBUG main            d.u.i.k.p.m.ProofCorrectnessMgt No justification found for rule Class_invariant_axiom_for_contract_IFMethodContract 
102109     INFO  main            d.u.i.k.p.r.p.TestFile    ... finished proof: closed. 
102440     INFO  main            d.u.i.k.p.r.p.TestFile    Now processing file /home/runner/work/key/key/key.core/../key.ui/examples/InformationFlow/MethodContracts/contract.IFMethodContract(contract.IFMethodContract__secure_sequential_n3_precond_n4()).Non-interference contract.0.m.key 
102441     INFO  main            d.u.i.k.p.i.AbstractProblemLoader Loading environment from /home/runner/work/key/key/key.core/../key.ui/examples/InformationFlow/MethodContracts/contract.IFMethodContract(contract.IFMethodContract__secure_sequential_n3_precond_n4()).Non-interference contract.0.m.key 
102442     DEBUG main            d.u.i.k.p.i.AbstractProblemLoader Environment load took 691.7ns 
102445     INFO  main            d.u.i.k.p.i.AbstractProblemLoader Creating init config 
106838     DEBUG main            d.u.i.k.p.i.AbstractProblemLoader Init config took 4.39s 
106921     INFO  main            d.u.i.k.p.i.AbstractProblemLoader Replaying proof contract.IFMethodContract[contract.IFMethodContract::secure_sequential_n3_precond_n4()].Non-interference contract.0 
106929     DEBUG main            d.u.i.k.p.i.IntermediateProofReplayer Proof replay took 93ns 
106932     DEBUG main            d.u.i.k.m.s.ProofScriptEngine 1: 'macro 'infflow-autopilot'' 
107002     DEBUG main            d.u.i.k.p.m.ProofCorrectnessMgt No justification found for rule Class_invariant_axiom_for_contract_IFMethodContract 
107096     DEBUG main            d.u.i.k.p.m.ProofCorrectnessMgt No justification found for rule Class_invariant_axiom_for_contract_IFMethodContract 
107098     DEBUG main            d.u.i.k.p.m.ProofCorrectnessMgt No justification found for rule Class_invariant_axiom_for_contract_IFMethodContract 
107143     DEBUG main            d.u.i.k.p.m.ProofCorrectnessMgt No justification found for rule Class_invariant_axiom_for_contract_IFMethodContract 
107145     DEBUG main            d.u.i.k.p.m.ProofCorrectnessMgt No justification found for rule Class_invariant_axiom_for_contract_IFMethodContract 
107187     DEBUG main            d.u.i.k.p.m.ProofCorrectnessMgt No justification found for rule Class_invariant_axiom_for_contract_IFMethodContract 
107191     DEBUG main            d.u.i.k.p.m.ProofCorrectnessMgt No justification found for rule Class_invariant_axiom_for_contract_IFMethodContract 
107643     INFO  main            d.u.i.k.p.r.p.TestFile    ... finished proof: closed. 
107989     INFO  main            d.u.i.k.p.r.p.TestFile    Now processing file /home/runner/work/key/key/key.core/../key.ui/examples/InformationFlow/MethodContracts/contract.IFMethodContract(contract.IFMethodContract__insecure_assignment_n2()).Non-interference contract.0.m.key 
107991     INFO  main            d.u.i.k.p.i.AbstractProblemLoader Loading environment from /home/runner/work/key/key/key.core/../key.ui/examples/InformationFlow/MethodContracts/contract.IFMethodContract(contract.IFMethodContract__insecure_assignment_n2()).Non-interference contract.0.m.key 
107991     DEBUG main            d.u.i.k.p.i.AbstractProblemLoader Environment load took 755.2ns 
107994     INFO  main            d.u.i.k.p.i.AbstractProblemLoader Creating init config 
112356     DEBUG main            d.u.i.k.p.i.AbstractProblemLoader Init config took 4.36s 
112467     INFO  main            d.u.i.k.p.i.AbstractProblemLoader Replaying proof contract.IFMethodContract[contract.IFMethodContract::insecure_assignment_n2()].Non-interference contract.0 
112472     DEBUG main            d.u.i.k.p.i.IntermediateProofReplayer Proof replay took 29.9ns 
112476     DEBUG main            d.u.i.k.m.s.ProofScriptEngine 1: 'macro 'infflow-autopilot'' 
112546     DEBUG main            d.u.i.k.p.m.ProofCorrectnessMgt No justification found for rule Class_invariant_axiom_for_contract_IFMethodContract 
112616     DEBUG main            d.u.i.k.p.m.ProofCorrectnessMgt No justification found for rule Class_invariant_axiom_for_contract_IFMethodContract 
112617     DEBUG main            d.u.i.k.p.m.ProofCorrectnessMgt No justification found for rule Class_invariant_axiom_for_contract_IFMethodContract 
112643     DEBUG main            d.u.i.k.p.m.ProofCorrectnessMgt No justification found for rule Class_invariant_axiom_for_contract_IFMethodContract 
113156     INFO  main            d.u.i.k.p.r.p.TestFile    ... finished proof: open goal(s) 
113503     INFO  main            d.u.i.k.p.r.p.TestFile    Now processing file /home/runner/work/key/key/key.core/../key.ui/examples/InformationFlow/MethodContracts/contract.IFMethodContract(contract.IFMethodContract__secure_assignments_n2()).Non-interference contract.0.m.key 
113505     INFO  main            d.u.i.k.p.i.AbstractProblemLoader Loading environment from /home/runner/work/key/key/key.core/../key.ui/examples/InformationFlow/MethodContracts/contract.IFMethodContract(contract.IFMethodContract__secure_assignments_n2()).Non-interference contract.0.m.key 
113505     DEBUG main            d.u.i.k.p.i.AbstractProblemLoader Environment load took 669.7ns 
113508     INFO  main            d.u.i.k.p.i.AbstractProblemLoader Creating init config 
117683     DEBUG main            d.u.i.k.p.i.AbstractProblemLoader Init config took 4.18s 
117763     INFO  main            d.u.i.k.p.i.AbstractProblemLoader Replaying proof contract.IFMethodContract[contract.IFMethodContract::secure_assignments_n2()].Non-interference contract.0 
117769     DEBUG main            d.u.i.k.p.i.IntermediateProofReplayer Proof replay took 34.9ns 
117771     DEBUG main            d.u.i.k.m.s.ProofScriptEngine 1: 'macro 'infflow-autopilot'' 
117840     DEBUG main            d.u.i.k.p.m.ProofCorrectnessMgt No justification found for rule Class_invariant_axiom_for_contract_IFMethodContract 
117952     DEBUG main            d.u.i.k.p.m.ProofCorrectnessMgt No justification found for rule Class_invariant_axiom_for_contract_IFMethodContract 
117954     DEBUG main            d.u.i.k.p.m.ProofCorrectnessMgt No justification found for rule Class_invariant_axiom_for_contract_IFMethodContract 
117982     DEBUG main            d.u.i.k.p.m.ProofCorrectnessMgt No justification found for rule Class_invariant_axiom_for_contract_IFMethodContract 
118420     INFO  main            d.u.i.k.p.r.p.TestFile    ... finished proof: closed. 
118820     INFO  main            d.u.i.k.p.r.p.TestFile    Now processing file /home/runner/work/key/key/key.core/../key.ui/examples/InformationFlow/MethodContracts/contract.IFMethodContract(contract.IFMethodContract__n2()).Non-interference contract.0.m.key 
118821     INFO  main            d.u.i.k.p.i.AbstractProblemLoader Loading environment from /home/runner/work/key/key/key.core/../key.ui/examples/InformationFlow/MethodContracts/contract.IFMethodContract(contract.IFMethodContract__n2()).Non-interference contract.0.m.key 
118822     DEBUG main            d.u.i.k.p.i.AbstractProblemLoader Environment load took 764.2ns 
118825     INFO  main            d.u.i.k.p.i.AbstractProblemLoader Creating init config 
122974     DEBUG main            d.u.i.k.p.i.AbstractProblemLoader Init config took 4.15s 
123045     INFO  main            d.u.i.k.p.i.AbstractProblemLoader Replaying proof contract.IFMethodContract[contract.IFMethodContract::n2()].Non-interference contract.0 
123050     DEBUG main            d.u.i.k.p.i.IntermediateProofReplayer Proof replay took 41.3ns 
123052     DEBUG main            d.u.i.k.m.s.ProofScriptEngine 1: 'macro 'infflow-autopilot'' 
123113     DEBUG main            d.u.i.k.p.m.ProofCorrectnessMgt No justification found for rule Class_invariant_axiom_for_contract_IFMethodContract 
123293     INFO  main            d.u.i.k.p.r.p.TestFile    ... finished proof: closed. 
123626     INFO  main            d.u.i.k.p.r.p.TestFile    Now processing file /home/runner/work/key/key/key.core/../key.ui/examples/InformationFlow/MethodContracts/contract.IFMethodContract(contract.IFMethodContract__n1()).Non-interference contract.0.m.key 
123628     INFO  main            d.u.i.k.p.i.AbstractProblemLoader Loading environment from /home/runner/work/key/key/key.core/../key.ui/examples/InformationFlow/MethodContracts/contract.IFMethodContract(contract.IFMethodContract__n1()).Non-interference contract.0.m.key 
123628     DEBUG main            d.u.i.k.p.i.AbstractProblemLoader Environment load took 529.1ns 
123630     INFO  main            d.u.i.k.p.i.AbstractProblemLoader Creating init config 
127688     DEBUG main            d.u.i.k.p.i.AbstractProblemLoader Init config took 4.06s 
127762     INFO  main            d.u.i.k.p.i.AbstractProblemLoader Replaying proof contract.IFMethodContract[contract.IFMethodContract::n1()].Non-interference contract.0 
127767     DEBUG main            d.u.i.k.p.i.IntermediateProofReplayer Proof replay took 33.7ns 
127773     DEBUG main            d.u.i.k.m.s.ProofScriptEngine 1: 'macro 'infflow-autopilot'' 
127837     DEBUG main            d.u.i.k.p.m.ProofCorrectnessMgt No justification found for rule Class_invariant_axiom_for_contract_IFMethodContract 
128007     INFO  main            d.u.i.k.p.r.p.TestFile    ... finished proof: closed. 
128370     INFO  main            d.u.i.k.p.r.p.TestFile    Now processing file /home/runner/work/key/key/key.core/../key.ui/examples/InformationFlow/MethodContracts/contract.IFMethodContract(contract.IFMethodContract__secure_sequential_n1_n2()).Non-interference contract.0.m.key 
128374     INFO  main            d.u.i.k.p.i.AbstractProblemLoader Loading environment from /home/runner/work/key/key/key.core/../key.ui/examples/InformationFlow/MethodContracts/contract.IFMethodContract(contract.IFMethodContract__secure_sequential_n1_n2()).Non-interference contract.0.m.key 
128375     DEBUG main            d.u.i.k.p.i.AbstractProblemLoader Environment load took 1.53ms 
128378     INFO  main            d.u.i.k.p.i.AbstractProblemLoader Creating init config 
132642     DEBUG main            d.u.i.k.p.i.AbstractProblemLoader Init config took 4.26s 
132703     INFO  main            d.u.i.k.p.i.AbstractProblemLoader Replaying proof contract.IFMethodContract[contract.IFMethodContract::secure_sequential_n1_n2()].Non-interference contract.0 
132708     DEBUG main            d.u.i.k.p.i.IntermediateProofReplayer Proof replay took 44.4ns 
132709     DEBUG main            d.u.i.k.m.s.ProofScriptEngine 1: 'macro 'infflow-autopilot'' 
132762     DEBUG main            d.u.i.k.p.m.ProofCorrectnessMgt No justification found for rule Class_invariant_axiom_for_contract_IFMethodContract 
132796     DEBUG main            d.u.i.k.p.m.ProofCorrectnessMgt No justification found for rule Class_invariant_axiom_for_contract_IFMethodContract 
132797     DEBUG main            d.u.i.k.p.m.ProofCorrectnessMgt No justification found for rule Class_invariant_axiom_for_contract_IFMethodContract 
132828     DEBUG main            d.u.i.k.p.m.ProofCorrectnessMgt No justification found for rule Class_invariant_axiom_for_contract_IFMethodContract 
132830     DEBUG main            d.u.i.k.p.m.ProofCorrectnessMgt No justification found for rule Class_invariant_axiom_for_contract_IFMethodContract 
132855     DEBUG main            d.u.i.k.p.m.ProofCorrectnessMgt No justification found for rule Class_invariant_axiom_for_contract_IFMethodContract 
132859     DEBUG main            d.u.i.k.p.m.ProofCorrectnessMgt No justification found for rule Class_invariant_axiom_for_contract_IFMethodContract 
133154     INFO  main            d.u.i.k.p.r.p.TestFile    ... finished proof: closed. 
3567598    INFO  Test worker     d.u.i.k.p.r.RunAllProofsTestUnit Returning from test MethodContracts_fullmacro 
3567600    INFO  Test worker     d.u.i.k.p.r.RunAllProofsTestUnit Running test InformationFlow_fullmacro 
659        INFO  Timeout watchdog d.u.i.k.p.r.p.ForkedTestFileRunner Timeout watcher launched (1000 secs.) 
693        WARN  main            d.u.i.k.s.ProofSettings   The settings in /home/runner/.key/proof-settings.props are *not* read. 
738        INFO  main            d.u.i.k.p.r.p.TestFile    Now processing file /home/runner/work/key/key/key.core/../key.ui/examples/InformationFlow/LoopInvariants/loop.IFLoopExamples(loop.IFLoopExamples__insecure_while_3(int)).Non-interference contract.0.m.key 
956        INFO  main            d.u.i.k.p.i.AbstractProblemLoader Loading environment from /home/runner/work/key/key/key.core/../key.ui/examples/InformationFlow/LoopInvariants/loop.IFLoopExamples(loop.IFLoopExamples__insecure_while_3(int)).Non-interference contract.0.m.key 
991        DEBUG main            d.u.i.k.p.i.AbstractProblemLoader Environment load took 4.05ms 
1420       INFO  main            d.u.i.k.p.i.AbstractProblemLoader Creating init config 
3101       DEBUG main            d.u.i.k.j.TypeConverter   No LDT found for Meta 
3102       DEBUG main            d.u.i.k.j.TypeConverter   No LDT found for Meta 
3110       DEBUG main            d.u.i.k.j.TypeConverter   No LDT found for Meta 
3111       DEBUG main            d.u.i.k.j.TypeConverter   No LDT found for Meta 
5570       DEBUG main            d.u.i.k.j.TypeConverter   No LDT found for JavaBigintExpression 
17481      DEBUG main            d.u.i.k.p.i.AbstractProblemLoader Init config took 16.06s 
17885      INFO  main            d.u.i.k.p.i.AbstractProblemLoader Replaying proof loop.IFLoopExamples[loop.IFLoopExamples::insecure_while_3(int)].Non-interference contract.0 
18079      DEBUG main            d.u.i.k.p.i.IntermediateProofReplayer Proof replay took 852.6ns 
18207      DEBUG main            d.u.i.k.m.s.ProofScriptEngine 1: 'macro 'infflow-autopilot'' 
18928      DEBUG main            d.u.i.k.p.m.ProofCorrectnessMgt No justification found for rule Class_invariant_axiom_for_loop_IFLoopExamples 
29809      INFO  main            d.u.i.k.p.r.p.TestFile    ... finished proof: open goal(s) 
30118      INFO  main            d.u.i.k.p.r.p.TestFile    Now processing file /home/runner/work/key/key/key.core/../key.ui/examples/InformationFlow/LoopInvariants/loop.IFLoopExamples(loop.IFLoopExamples__secure_while_2(int)).Non-interference contract.0.m.key 
30119      INFO  main            d.u.i.k.p.i.AbstractProblemLoader Loading environment from /home/runner/work/key/key/key.core/../key.ui/examples/InformationFlow/LoopInvariants/loop.IFLoopExamples(loop.IFLoopExamples__secure_while_2(int)).Non-interference contract.0.m.key 
30123      DEBUG main            d.u.i.k.p.i.AbstractProblemLoader Environment load took 3.26ms 
30129      INFO  main            d.u.i.k.p.i.AbstractProblemLoader Creating init config 
36157      DEBUG main            d.u.i.k.p.i.AbstractProblemLoader Init config took 6.03s 
36263      INFO  main            d.u.i.k.p.i.AbstractProblemLoader Replaying proof loop.IFLoopExamples[loop.IFLoopExamples::secure_while_2(int)].Non-interference contract.0 
36270      DEBUG main            d.u.i.k.p.i.IntermediateProofReplayer Proof replay took 27.2ns 
36272      DEBUG main            d.u.i.k.m.s.ProofScriptEngine 1: 'macro 'infflow-autopilot'' 
36380      DEBUG main            d.u.i.k.p.m.ProofCorrectnessMgt No justification found for rule Class_invariant_axiom_for_loop_IFLoopExamples 
39563      INFO  main            d.u.i.k.p.r.p.TestFile    ... finished proof: closed. 
39922      INFO  main            d.u.i.k.p.r.p.TestFile    Now processing file /home/runner/work/key/key/key.core/../key.ui/examples/InformationFlow/LoopInvariants/loop.IFLoopExamples(loop.IFLoopExamples__secure_while_4(int)).Non-interference contract.0.m.key 
39923      INFO  main            d.u.i.k.p.i.AbstractProblemLoader Loading environment from /home/runner/work/key/key/key.core/../key.ui/examples/InformationFlow/LoopInvariants/loop.IFLoopExamples(loop.IFLoopExamples__secure_while_4(int)).Non-interference contract.0.m.key 
39924      DEBUG main            d.u.i.k.p.i.AbstractProblemLoader Environment load took 745.1ns 
39927      INFO  main            d.u.i.k.p.i.AbstractProblemLoader Creating init config 
45231      DEBUG main            d.u.i.k.p.i.AbstractProblemLoader Init config took 5.3s 
45344      INFO  main            d.u.i.k.p.i.AbstractProblemLoader Replaying proof loop.IFLoopExamples[loop.IFLoopExamples::secure_while_4(int)].Non-interference contract.0 
45351      DEBUG main            d.u.i.k.p.i.IntermediateProofReplayer Proof replay took 69.6ns 
45353      DEBUG main            d.u.i.k.m.s.ProofScriptEngine 1: 'macro 'infflow-autopilot'' 
45452      DEBUG main            d.u.i.k.p.m.ProofCorrectnessMgt No justification found for rule Class_invariant_axiom_for_loop_IFLoopExamples 
48069      INFO  main            d.u.i.k.p.r.p.TestFile    ... finished proof: closed. 
48401      INFO  main            d.u.i.k.p.r.p.TestFile    Now processing file /home/runner/work/key/key/key.core/../key.ui/examples/InformationFlow/LoopInvariants/loop.IFLoopExamples(loop.IFLoopExamples__insecure_doubleNestedWhile2(int)).Non-interference contract.0.m.key 
48402      INFO  main            d.u.i.k.p.i.AbstractProblemLoader Loading environment from /home/runner/work/key/key/key.core/../key.ui/examples/InformationFlow/LoopInvariants/loop.IFLoopExamples(loop.IFLoopExamples__insecure_doubleNestedWhile2(int)).Non-interference contract.0.m.key 
48403      DEBUG main            d.u.i.k.p.i.AbstractProblemLoader Environment load took 800.1ns 
48406      INFO  main            d.u.i.k.p.i.AbstractProblemLoader Creating init config 
53787      DEBUG main            d.u.i.k.p.i.AbstractProblemLoader Init config took 5.38s 
53886      INFO  main            d.u.i.k.p.i.AbstractProblemLoader Replaying proof loop.IFLoopExamples[loop.IFLoopExamples::insecure_doubleNestedWhile2(int)].Non-interference contract.0 
53893      DEBUG main            d.u.i.k.p.i.IntermediateProofReplayer Proof replay took 46.1ns 
53895      DEBUG main            d.u.i.k.m.s.ProofScriptEngine 1: 'macro 'infflow-autopilot'' 
54017      DEBUG main            d.u.i.k.p.m.ProofCorrectnessMgt No justification found for rule Class_invariant_axiom_for_loop_IFLoopExamples 
499030     INFO  main            d.u.i.k.p.r.p.TestFile    ... finished proof: open goal(s) 
499564     INFO  main            d.u.i.k.p.r.p.TestFile    Now processing file /home/runner/work/key/key/key.core/../key.ui/examples/InformationFlow/LoopInvariants/loop.IFLoopExamples(loop.IFLoopExamples__insecure_doubleNestedWhile(int)).Non-interference contract.0.m.key 
499565     INFO  main            d.u.i.k.p.i.AbstractProblemLoader Loading environment from /home/runner/work/key/key/key.core/../key.ui/examples/InformationFlow/LoopInvariants/loop.IFLoopExamples(loop.IFLoopExamples__insecure_doubleNestedWhile(int)).Non-interference contract.0.m.key 
499566     DEBUG main            d.u.i.k.p.i.AbstractProblemLoader Environment load took 767.51ns 
499569     INFO  main            d.u.i.k.p.i.AbstractProblemLoader Creating init config 
504629     DEBUG main            d.u.i.k.p.i.AbstractProblemLoader Init config took 5.06s 
504718     INFO  main            d.u.i.k.p.i.AbstractProblemLoader Replaying proof loop.IFLoopExamples[loop.IFLoopExamples::insecure_doubleNestedWhile(int)].Non-interference contract.0 
504723     DEBUG main            d.u.i.k.p.i.IntermediateProofReplayer Proof replay took 36.2ns 
504726     DEBUG main            d.u.i.k.m.s.ProofScriptEngine 1: 'macro 'infflow-autopilot'' 
504816     DEBUG main            d.u.i.k.p.m.ProofCorrectnessMgt No justification found for rule Class_invariant_axiom_for_loop_IFLoopExamples 
514738     INFO  main            d.u.i.k.p.r.p.TestFile    ... finished proof: open goal(s) 
515301     INFO  main            d.u.i.k.p.r.p.TestFile    Now processing file /home/runner/work/key/key/key.core/../key.ui/examples/InformationFlow/LoopInvariants/loop.IFLoopExamples(loop.IFLoopExamples__secure_doubleNestedWhile(int)).Non-interference contract.0.m.key 
515303     INFO  main            d.u.i.k.p.i.AbstractProblemLoader Loading environment from /home/runner/work/key/key/key.core/../key.ui/examples/InformationFlow/LoopInvariants/loop.IFLoopExamples(loop.IFLoopExamples__secure_doubleNestedWhile(int)).Non-interference contract.0.m.key 
515304     DEBUG main            d.u.i.k.p.i.AbstractProblemLoader Environment load took 721.2ns 
515306     INFO  main            d.u.i.k.p.i.AbstractProblemLoader Creating init config 
520167     DEBUG main            d.u.i.k.p.i.AbstractProblemLoader Init config took 4.86s 
520240     INFO  main            d.u.i.k.p.i.AbstractProblemLoader Replaying proof loop.IFLoopExamples[loop.IFLoopExamples::secure_doubleNestedWhile(int)].Non-interference contract.0 
520245     DEBUG main            d.u.i.k.p.i.IntermediateProofReplayer Proof replay took 26.9ns 
520246     DEBUG main            d.u.i.k.m.s.ProofScriptEngine 1: 'macro 'infflow-autopilot'' 
520321     DEBUG main            d.u.i.k.p.m.ProofCorrectnessMgt No justification found for rule Class_invariant_axiom_for_loop_IFLoopExamples 
529226     INFO  main            d.u.i.k.p.r.p.TestFile    ... finished proof: closed. 
529697     INFO  main            d.u.i.k.p.r.p.TestFile    Now processing file /home/runner/work/key/key/key.core/../key.ui/examples/InformationFlow/LoopInvariants/loop.IFLoopExamples(loop.IFLoopExamples__secure_nestedTwoWhile(int)).Non-interference contract.0.m.key 
529698     INFO  main            d.u.i.k.p.i.AbstractProblemLoader Loading environment from /home/runner/work/key/key/key.core/../key.ui/examples/InformationFlow/LoopInvariants/loop.IFLoopExamples(loop.IFLoopExamples__secure_nestedTwoWhile(int)).Non-interference contract.0.m.key 
529699     DEBUG main            d.u.i.k.p.i.AbstractProblemLoader Environment load took 510.7ns 
529701     INFO  main            d.u.i.k.p.i.AbstractProblemLoader Creating init config 
534583     DEBUG main            d.u.i.k.p.i.AbstractProblemLoader Init config took 4.88s 
534656     INFO  main            d.u.i.k.p.i.AbstractProblemLoader Replaying proof loop.IFLoopExamples[loop.IFLoopExamples::secure_nestedTwoWhile(int)].Non-interference contract.0 
534661     DEBUG main            d.u.i.k.p.i.IntermediateProofReplayer Proof replay took 33.2ns 
534662     DEBUG main            d.u.i.k.m.s.ProofScriptEngine 1: 'macro 'infflow-autopilot'' 
534730     DEBUG main            d.u.i.k.p.m.ProofCorrectnessMgt No justification found for rule Class_invariant_axiom_for_loop_IFLoopExamples 
541660     INFO  main            d.u.i.k.p.r.p.TestFile    ... finished proof: closed. 
542095     INFO  main            d.u.i.k.p.r.p.TestFile    Now processing file /home/runner/work/key/key/key.core/../key.ui/examples/InformationFlow/LoopInvariants/loop.IFLoopExamples(loop.IFLoopExamples__secure_nestedWhile(int)).Non-interference contract.0.m.key 
542096     INFO  main            d.u.i.k.p.i.AbstractProblemLoader Loading environment from /home/runner/work/key/key/key.core/../key.ui/examples/InformationFlow/LoopInvariants/loop.IFLoopExamples(loop.IFLoopExamples__secure_nestedWhile(int)).Non-interference contract.0.m.key 
542099     DEBUG main            d.u.i.k.p.i.AbstractProblemLoader Environment load took 3.75ms 
542102     INFO  main            d.u.i.k.p.i.AbstractProblemLoader Creating init config 
547305     DEBUG main            d.u.i.k.p.i.AbstractProblemLoader Init config took 5.2s 
547380     INFO  main            d.u.i.k.p.i.AbstractProblemLoader Replaying proof loop.IFLoopExamples[loop.IFLoopExamples::secure_nestedWhile(int)].Non-interference contract.0 
547386     DEBUG main            d.u.i.k.p.i.IntermediateProofReplayer Proof replay took 34.2ns 
547388     DEBUG main            d.u.i.k.m.s.ProofScriptEngine 1: 'macro 'infflow-autopilot'' 
547456     DEBUG main            d.u.i.k.p.m.ProofCorrectnessMgt No justification found for rule Class_invariant_axiom_for_loop_IFLoopExamples 
552501     INFO  main            d.u.i.k.p.r.p.TestFile    ... finished proof: closed. 
552973     INFO  main            d.u.i.k.p.r.p.TestFile    Now processing file /home/runner/work/key/key/key.core/../key.ui/examples/InformationFlow/LoopInvariants/loop.IFLoopExamples(loop.IFLoopExamples__notSecure_while(int)).Non-interference contract.0.m.key 
552974     INFO  main            d.u.i.k.p.i.AbstractProblemLoader Loading environment from /home/runner/work/key/key/key.core/../key.ui/examples/InformationFlow/LoopInvariants/loop.IFLoopExamples(loop.IFLoopExamples__notSecure_while(int)).Non-interference contract.0.m.key 
552974     DEBUG main            d.u.i.k.p.i.AbstractProblemLoader Environment load took 215.7ns 
552976     INFO  main            d.u.i.k.p.i.AbstractProblemLoader Creating init config 
557990     DEBUG main            d.u.i.k.p.i.AbstractProblemLoader Init config took 5.01s 
558078     INFO  main            d.u.i.k.p.i.AbstractProblemLoader Replaying proof loop.IFLoopExamples[loop.IFLoopExamples::notSecure_while(int)].Non-interference contract.0 
558082     DEBUG main            d.u.i.k.p.i.IntermediateProofReplayer Proof replay took 36.4ns 
558085     DEBUG main            d.u.i.k.m.s.ProofScriptEngine 1: 'macro 'infflow-autopilot'' 
558165     DEBUG main            d.u.i.k.p.m.ProofCorrectnessMgt No justification found for rule Class_invariant_axiom_for_loop_IFLoopExamples 
563224     INFO  main            d.u.i.k.p.r.p.TestFile    ... finished proof: open goal(s) 
563601     INFO  main            d.u.i.k.p.r.p.TestFile    Now processing file /home/runner/work/key/key/key.core/../key.ui/examples/InformationFlow/LoopInvariants/loop.IFLoopExamples(loop.IFLoopExamples__notSecure_while_wrongInv(int)).Non-interference contract.0.m.key 
563602     INFO  main            d.u.i.k.p.i.AbstractProblemLoader Loading environment from /home/runner/work/key/key/key.core/../key.ui/examples/InformationFlow/LoopInvariants/loop.IFLoopExamples(loop.IFLoopExamples__notSecure_while_wrongInv(int)).Non-interference contract.0.m.key 
563602     DEBUG main            d.u.i.k.p.i.AbstractProblemLoader Environment load took 196.2ns 
563604     INFO  main            d.u.i.k.p.i.AbstractProblemLoader Creating init config 
568751     DEBUG main            d.u.i.k.p.i.AbstractProblemLoader Init config took 5.15s 
568832     INFO  main            d.u.i.k.p.i.AbstractProblemLoader Replaying proof loop.IFLoopExamples[loop.IFLoopExamples::notSecure_while_wrongInv(int)].Non-interference contract.0 
568837     DEBUG main            d.u.i.k.p.i.IntermediateProofReplayer Proof replay took 46.5ns 
568842     DEBUG main            d.u.i.k.m.s.ProofScriptEngine 1: 'macro 'infflow-autopilot'' 
568920     DEBUG main            d.u.i.k.p.m.ProofCorrectnessMgt No justification found for rule Class_invariant_axiom_for_loop_IFLoopExamples 
572181     INFO  main            d.u.i.k.p.r.p.TestFile    ... finished proof: open goal(s) 
572605     INFO  main            d.u.i.k.p.r.p.TestFile    Now processing file /home/runner/work/key/key/key.core/../key.ui/examples/InformationFlow/LoopInvariants/loop.IFLoopExamples(loop.IFLoopExamples__insecure_twoWhile(int)).Non-interference contract.0.m.key 
572606     INFO  main            d.u.i.k.p.i.AbstractProblemLoader Loading environment from /home/runner/work/key/key/key.core/../key.ui/examples/InformationFlow/LoopInvariants/loop.IFLoopExamples(loop.IFLoopExamples__insecure_twoWhile(int)).Non-interference contract.0.m.key 
572606     DEBUG main            d.u.i.k.p.i.AbstractProblemLoader Environment load took 195.7ns 
572608     INFO  main            d.u.i.k.p.i.AbstractProblemLoader Creating init config 
577708     DEBUG main            d.u.i.k.p.i.AbstractProblemLoader Init config took 5.1s 
577774     INFO  main            d.u.i.k.p.i.AbstractProblemLoader Replaying proof loop.IFLoopExamples[loop.IFLoopExamples::insecure_twoWhile(int)].Non-interference contract.0 
577779     DEBUG main            d.u.i.k.p.i.IntermediateProofReplayer Proof replay took 38.2ns 
577780     DEBUG main            d.u.i.k.m.s.ProofScriptEngine 1: 'macro 'infflow-autopilot'' 
577850     DEBUG main            d.u.i.k.p.m.ProofCorrectnessMgt No justification found for rule Class_invariant_axiom_for_loop_IFLoopExamples 
581383     INFO  main            d.u.i.k.p.r.p.TestFile    ... finished proof: open goal(s) 
581734     INFO  main            d.u.i.k.p.r.p.TestFile    Now processing file /home/runner/work/key/key/key.core/../key.ui/examples/InformationFlow/LoopInvariants/loop.IFLoopExamples(loop.IFLoopExamples__insecure_twoWhile_2(int)).Non-interference contract.0.m.key 
581735     INFO  main            d.u.i.k.p.i.AbstractProblemLoader Loading environment from /home/runner/work/key/key/key.core/../key.ui/examples/InformationFlow/LoopInvariants/loop.IFLoopExamples(loop.IFLoopExamples__insecure_twoWhile_2(int)).Non-interference contract.0.m.key 
581736     DEBUG main            d.u.i.k.p.i.AbstractProblemLoader Environment load took 639.3ns 
581738     INFO  main            d.u.i.k.p.i.AbstractProblemLoader Creating init config 
586647     DEBUG main            d.u.i.k.p.i.AbstractProblemLoader Init config took 4.91s 
586708     INFO  main            d.u.i.k.p.i.AbstractProblemLoader Replaying proof loop.IFLoopExamples[loop.IFLoopExamples::insecure_twoWhile_2(int)].Non-interference contract.0 
586713     DEBUG main            d.u.i.k.p.i.IntermediateProofReplayer Proof replay took 32.3ns 
586714     DEBUG main            d.u.i.k.m.s.ProofScriptEngine 1: 'macro 'infflow-autopilot'' 
586777     DEBUG main            d.u.i.k.p.m.ProofCorrectnessMgt No justification found for rule Class_invariant_axiom_for_loop_IFLoopExamples 
591242     INFO  main            d.u.i.k.p.r.p.TestFile    ... finished proof: open goal(s) 
591717     INFO  main            d.u.i.k.p.r.p.TestFile    Now processing file /home/runner/work/key/key/key.core/../key.ui/examples/InformationFlow/LoopInvariants/loop.IFLoopExamples(loop.IFLoopExamples__secure_twoWhile(int)).Non-interference contract.0.m.key 
591717     INFO  main            d.u.i.k.p.i.AbstractProblemLoader Loading environment from /home/runner/work/key/key/key.core/../key.ui/examples/InformationFlow/LoopInvariants/loop.IFLoopExamples(loop.IFLoopExamples__secure_twoWhile(int)).Non-interference contract.0.m.key 
591717     DEBUG main            d.u.i.k.p.i.AbstractProblemLoader Environment load took 205.3ns 
591719     INFO  main            d.u.i.k.p.i.AbstractProblemLoader Creating init config 
596686     DEBUG main            d.u.i.k.p.i.AbstractProblemLoader Init config took 4.97s 
596748     INFO  main            d.u.i.k.p.i.AbstractProblemLoader Replaying proof loop.IFLoopExamples[loop.IFLoopExamples::secure_twoWhile(int)].Non-interference contract.0 
596751     DEBUG main            d.u.i.k.p.i.IntermediateProofReplayer Proof replay took 17.7ns 
596752     DEBUG main            d.u.i.k.m.s.ProofScriptEngine 1: 'macro 'infflow-autopilot'' 
596816     DEBUG main            d.u.i.k.p.m.ProofCorrectnessMgt No justification found for rule Class_invariant_axiom_for_loop_IFLoopExamples 
599786     INFO  main            d.u.i.k.p.r.p.TestFile    ... finished proof: closed. 
600246     INFO  main            d.u.i.k.p.r.p.TestFile    Now processing file /home/runner/work/key/key/key.core/../key.ui/examples/InformationFlow/LoopInvariants/loop.IFLoopExamples(loop.IFLoopExamples__loc_secure_while(int)).Non-interference contract.0.m.key 
600247     INFO  main            d.u.i.k.p.i.AbstractProblemLoader Loading environment from /home/runner/work/key/key/key.core/../key.ui/examples/InformationFlow/LoopInvariants/loop.IFLoopExamples(loop.IFLoopExamples__loc_secure_while(int)).Non-interference contract.0.m.key 
600247     DEBUG main            d.u.i.k.p.i.AbstractProblemLoader Environment load took 175.8ns 
600249     INFO  main            d.u.i.k.p.i.AbstractProblemLoader Creating init config 
605256     DEBUG main            d.u.i.k.p.i.AbstractProblemLoader Init config took 5.01s 
605346     INFO  main            d.u.i.k.p.i.AbstractProblemLoader Replaying proof loop.IFLoopExamples[loop.IFLoopExamples::loc_secure_while(int)].Non-interference contract.0 
605350     DEBUG main            d.u.i.k.p.i.IntermediateProofReplayer Proof replay took 30.6ns 
605352     DEBUG main            d.u.i.k.m.s.ProofScriptEngine 1: 'macro 'infflow-autopilot'' 
605450     DEBUG main            d.u.i.k.p.m.ProofCorrectnessMgt No justification found for rule Class_invariant_axiom_for_loop_IFLoopExamples 
607456     INFO  main            d.u.i.k.p.r.p.TestFile    ... finished proof: closed. 
607844     INFO  main            d.u.i.k.p.r.p.TestFile    Now processing file /home/runner/work/key/key/key.core/../key.ui/examples/InformationFlow/LoopInvariants/loop.IFLoopExamples(loop.IFLoopExamples__secure_while(int)).Non-interference contract.0.m.key 
607844     INFO  main            d.u.i.k.p.i.AbstractProblemLoader Loading environment from /home/runner/work/key/key/key.core/../key.ui/examples/InformationFlow/LoopInvariants/loop.IFLoopExamples(loop.IFLoopExamples__secure_while(int)).Non-interference contract.0.m.key 
607845     DEBUG main            d.u.i.k.p.i.AbstractProblemLoader Environment load took 128.6ns 
607846     INFO  main            d.u.i.k.p.i.AbstractProblemLoader Creating init config 
612751     DEBUG main            d.u.i.k.p.i.AbstractProblemLoader Init config took 4.9s 
612820     INFO  main            d.u.i.k.p.i.AbstractProblemLoader Replaying proof loop.IFLoopExamples[loop.IFLoopExamples::secure_while(int)].Non-interference contract.0 
612825     DEBUG main            d.u.i.k.p.i.IntermediateProofReplayer Proof replay took 48.3ns 
612826     DEBUG main            d.u.i.k.m.s.ProofScriptEngine 1: 'macro 'infflow-autopilot'' 
612899     DEBUG main            d.u.i.k.p.m.ProofCorrectnessMgt No justification found for rule Class_invariant_axiom_for_loop_IFLoopExamples 
614385     INFO  main            d.u.i.k.p.r.p.TestFile    ... finished proof: closed. 
614763     INFO  main            d.u.i.k.p.r.p.TestFile    Now processing file /home/runner/work/key/key/key.core/../key.ui/examples/InformationFlow/LoopInvariants/loop.IFLoopExamples(loop.IFLoopExamples__print(int)).Non-interference contract.0.m.key 
614764     INFO  main            d.u.i.k.p.i.AbstractProblemLoader Loading environment from /home/runner/work/key/key/key.core/../key.ui/examples/InformationFlow/LoopInvariants/loop.IFLoopExamples(loop.IFLoopExamples__print(int)).Non-interference contract.0.m.key 
614764     DEBUG main            d.u.i.k.p.i.AbstractProblemLoader Environment load took 269.6ns 
614765     INFO  main            d.u.i.k.p.i.AbstractProblemLoader Creating init config 
619643     DEBUG main            d.u.i.k.p.i.AbstractProblemLoader Init config took 4.88s 
619718     INFO  main            d.u.i.k.p.i.AbstractProblemLoader Replaying proof loop.IFLoopExamples[loop.IFLoopExamples::print(int)].Non-interference contract.0 
619723     DEBUG main            d.u.i.k.p.i.IntermediateProofReplayer Proof replay took 34.5ns 
619724     DEBUG main            d.u.i.k.m.s.ProofScriptEngine 1: 'macro 'infflow-autopilot'' 
619917     INFO  main            d.u.i.k.p.r.p.TestFile    ... finished proof: closed. 
620244     INFO  main            d.u.i.k.p.r.p.TestFile    Now processing file /home/runner/work/key/key/key.core/../key.ui/examples/InformationFlow/LoopInvariants/loop.IFLoopExamples(loop.IFLoopExamples__hammer(int)).Non-interference contract.0.m.key 
620244     INFO  main            d.u.i.k.p.i.AbstractProblemLoader Loading environment from /home/runner/work/key/key/key.core/../key.ui/examples/InformationFlow/LoopInvariants/loop.IFLoopExamples(loop.IFLoopExamples__hammer(int)).Non-interference contract.0.m.key 
620245     DEBUG main            d.u.i.k.p.i.AbstractProblemLoader Environment load took 483.5ns 
620247     INFO  main            d.u.i.k.p.i.AbstractProblemLoader Creating init config 
625019     DEBUG main            d.u.i.k.p.i.AbstractProblemLoader Init config took 4.77s 
625083     INFO  main            d.u.i.k.p.i.AbstractProblemLoader Replaying proof loop.IFLoopExamples[loop.IFLoopExamples::hammer(int)].Non-interference contract.0 
625087     DEBUG main            d.u.i.k.p.i.IntermediateProofReplayer Proof replay took 38.8ns 
625089     DEBUG main            d.u.i.k.m.s.ProofScriptEngine 1: 'macro 'infflow-autopilot'' 
625148     DEBUG main            d.u.i.k.p.m.ProofCorrectnessMgt No justification found for rule Class_invariant_axiom_for_loop_IFLoopExamples 
627785     INFO  main            d.u.i.k.p.r.p.TestFile    ... finished proof: closed. 
4196158    INFO  Test worker     d.u.i.k.p.r.RunAllProofsTestUnit Returning from test InformationFlow_fullmacro 
4196160    INFO  Test worker     d.u.i.k.p.r.RunAllProofsTestUnit Running test MiniExamples_fullmacro 
655        INFO  Timeout watchdog d.u.i.k.p.r.p.ForkedTestFileRunner Timeout watcher launched (1000 secs.) 
684        WARN  main            d.u.i.k.s.ProofSettings   The settings in /home/runner/.key/proof-settings.props are *not* read. 
727        INFO  main            d.u.i.k.p.r.p.TestFile    Now processing file /home/runner/work/key/key/key.core/../key.ui/examples/InformationFlow/MiniExamples/mini.AliasingExamples(mini.AliasingExamples__insecure_1(mini.AliasingExamples,mini.AliasingExamples,int)).Non-interference contract.0.m.key 
941        INFO  main            d.u.i.k.p.i.AbstractProblemLoader Loading environment from /home/runner/work/key/key/key.core/../key.ui/examples/InformationFlow/MiniExamples/mini.AliasingExamples(mini.AliasingExamples__insecure_1(mini.AliasingExamples,mini.AliasingExamples,int)).Non-interference contract.0.m.key 
996        DEBUG main            d.u.i.k.p.i.AbstractProblemLoader Environment load took 4.2ms 
1445       INFO  main            d.u.i.k.p.i.AbstractProblemLoader Creating init config 
2934       DEBUG main            d.u.i.k.j.TypeConverter   No LDT found for Meta 
2935       DEBUG main            d.u.i.k.j.TypeConverter   No LDT found for Meta 
2937       DEBUG main            d.u.i.k.j.TypeConverter   No LDT found for Meta 
2938       DEBUG main            d.u.i.k.j.TypeConverter   No LDT found for Meta 
5455       DEBUG main            d.u.i.k.j.TypeConverter   No LDT found for JavaBigintExpression 
15149      DEBUG main            d.u.i.k.p.i.AbstractProblemLoader Init config took 13.7s 
15456      INFO  main            d.u.i.k.p.i.AbstractProblemLoader Replaying proof mini.AliasingExamples[mini.AliasingExamples::insecure_1(mini.AliasingExamples,mini.AliasingExamples,int)].Non-interference contract.0 
15593      DEBUG main            d.u.i.k.p.i.IntermediateProofReplayer Proof replay took 1.14ms 
15728      DEBUG main            d.u.i.k.m.s.ProofScriptEngine 1: 'macro 'infflow-autopilot'' 
16619      DEBUG main            d.u.i.k.p.m.ProofCorrectnessMgt No justification found for rule Class_invariant_axiom_for_mini_AliasingExamples 
18053      INFO  main            d.u.i.k.p.r.p.TestFile    ... finished proof: open goal(s) 
18367      INFO  main            d.u.i.k.p.r.p.TestFile    Now processing file /home/runner/work/key/key/key.core/../key.ui/examples/InformationFlow/MiniExamples/mini.AliasingExamples(mini.AliasingExamples__secure_1(mini.AliasingExamples,mini.AliasingExamples,int)).Non-interference contract.0.m.key 
18368      INFO  main            d.u.i.k.p.i.AbstractProblemLoader Loading environment from /home/runner/work/key/key/key.core/../key.ui/examples/InformationFlow/MiniExamples/mini.AliasingExamples(mini.AliasingExamples__secure_1(mini.AliasingExamples,mini.AliasingExamples,int)).Non-interference contract.0.m.key 
18369      DEBUG main            d.u.i.k.p.i.AbstractProblemLoader Environment load took 634.3ns 
18377      INFO  main            d.u.i.k.p.i.AbstractProblemLoader Creating init config 
23424      DEBUG main            d.u.i.k.p.i.AbstractProblemLoader Init config took 5.05s 
23540      INFO  main            d.u.i.k.p.i.AbstractProblemLoader Replaying proof mini.AliasingExamples[mini.AliasingExamples::secure_1(mini.AliasingExamples,mini.AliasingExamples,int)].Non-interference contract.0 
23546      DEBUG main            d.u.i.k.p.i.IntermediateProofReplayer Proof replay took 26ns 
23549      DEBUG main            d.u.i.k.m.s.ProofScriptEngine 1: 'macro 'infflow-autopilot'' 
23792      DEBUG main            d.u.i.k.p.m.ProofCorrectnessMgt No justification found for rule Class_invariant_axiom_for_mini_AliasingExamples 
24520      INFO  main            d.u.i.k.p.r.p.TestFile    ... finished proof: closed. 
24793      INFO  main            d.u.i.k.p.r.p.TestFile    Now processing file /home/runner/work/key/key/key.core/../key.ui/examples/InformationFlow/MiniExamples/mini.MiniExamplesLecture(mini.MiniExamplesLecture__m_6()).Non-interference contract.0.m.key 
24797      INFO  main            d.u.i.k.p.i.AbstractProblemLoader Loading environment from /home/runner/work/key/key/key.core/../key.ui/examples/InformationFlow/MiniExamples/mini.MiniExamplesLecture(mini.MiniExamplesLecture__m_6()).Non-interference contract.0.m.key 
24798      DEBUG main            d.u.i.k.p.i.AbstractProblemLoader Environment load took 816ns 
24804      INFO  main            d.u.i.k.p.i.AbstractProblemLoader Creating init config 
29404      DEBUG main            d.u.i.k.p.i.AbstractProblemLoader Init config took 4.6s 
29518      INFO  main            d.u.i.k.p.i.AbstractProblemLoader Replaying proof mini.MiniExamplesLecture[mini.MiniExamplesLecture::m_6()].Non-interference contract.0 
29528      DEBUG main            d.u.i.k.p.i.IntermediateProofReplayer Proof replay took 34.5ns 
29530      DEBUG main            d.u.i.k.m.s.ProofScriptEngine 1: 'macro 'infflow-autopilot'' 
29658      DEBUG main            d.u.i.k.p.m.ProofCorrectnessMgt No justification found for rule Class_invariant_axiom_for_mini_MiniExamplesLecture 
29907      INFO  main            d.u.i.k.p.r.p.TestFile    ... finished proof: closed. 
30174      INFO  main            d.u.i.k.p.r.p.TestFile    Now processing file /home/runner/work/key/key/key.core/../key.ui/examples/InformationFlow/MiniExamples/mini.MiniExamplesLecture(mini.MiniExamplesLecture__m_5()).Non-interference contract.0.m.key 
30176      INFO  main            d.u.i.k.p.i.AbstractProblemLoader Loading environment from /home/runner/work/key/key/key.core/../key.ui/examples/InformationFlow/MiniExamples/mini.MiniExamplesLecture(mini.MiniExamplesLecture__m_5()).Non-interference contract.0.m.key 
30177      DEBUG main            d.u.i.k.p.i.AbstractProblemLoader Environment load took 1.16ms 
30181      INFO  main            d.u.i.k.p.i.AbstractProblemLoader Creating init config 
34628      DEBUG main            d.u.i.k.p.i.AbstractProblemLoader Init config took 4.45s 
34746      INFO  main            d.u.i.k.p.i.AbstractProblemLoader Replaying proof mini.MiniExamplesLecture[mini.MiniExamplesLecture::m_5()].Non-interference contract.0 
34754      DEBUG main            d.u.i.k.p.i.IntermediateProofReplayer Proof replay took 28.2ns 
34756      DEBUG main            d.u.i.k.m.s.ProofScriptEngine 1: 'macro 'infflow-autopilot'' 
34860      DEBUG main            d.u.i.k.p.m.ProofCorrectnessMgt No justification found for rule Class_invariant_axiom_for_mini_MiniExamplesLecture 
35296      INFO  main            d.u.i.k.p.r.p.TestFile    ... finished proof: closed. 
35570      INFO  main            d.u.i.k.p.r.p.TestFile    Now processing file /home/runner/work/key/key/key.core/../key.ui/examples/InformationFlow/MiniExamples/mini.MiniExamplesLecture(mini.MiniExamplesLecture__m_4()).Non-interference contract.0.m.key 
35574      INFO  main            d.u.i.k.p.i.AbstractProblemLoader Loading environment from /home/runner/work/key/key/key.core/../key.ui/examples/InformationFlow/MiniExamples/mini.MiniExamplesLecture(mini.MiniExamplesLecture__m_4()).Non-interference contract.0.m.key 
35575      DEBUG main            d.u.i.k.p.i.AbstractProblemLoader Environment load took 785.4ns 
35577      INFO  main            d.u.i.k.p.i.AbstractProblemLoader Creating init config 
40091      DEBUG main            d.u.i.k.p.i.AbstractProblemLoader Init config took 4.51s 
40213      INFO  main            d.u.i.k.p.i.AbstractProblemLoader Replaying proof mini.MiniExamplesLecture[mini.MiniExamplesLecture::m_4()].Non-interference contract.0 
40219      DEBUG main            d.u.i.k.p.i.IntermediateProofReplayer Proof replay took 43.2ns 
40221      DEBUG main            d.u.i.k.m.s.ProofScriptEngine 1: 'macro 'infflow-autopilot'' 
40303      DEBUG main            d.u.i.k.p.m.ProofCorrectnessMgt No justification found for rule Class_invariant_axiom_for_mini_MiniExamplesLecture 
40617      INFO  main            d.u.i.k.p.r.p.TestFile    ... finished proof: closed. 
40976      INFO  main            d.u.i.k.p.r.p.TestFile    Now processing file /home/runner/work/key/key/key.core/../key.ui/examples/InformationFlow/MiniExamples/mini.MiniExamplesLecture(mini.MiniExamplesLecture__m_3()).Non-interference contract.0.m.key 
40977      INFO  main            d.u.i.k.p.i.AbstractProblemLoader Loading environment from /home/runner/work/key/key/key.core/../key.ui/examples/InformationFlow/MiniExamples/mini.MiniExamplesLecture(mini.MiniExamplesLecture__m_3()).Non-interference contract.0.m.key 
40978      DEBUG main            d.u.i.k.p.i.AbstractProblemLoader Environment load took 541.4ns 
40980      INFO  main            d.u.i.k.p.i.AbstractProblemLoader Creating init config 
45348      DEBUG main            d.u.i.k.p.i.AbstractProblemLoader Init config took 4.37s 
45469      INFO  main            d.u.i.k.p.i.AbstractProblemLoader Replaying proof mini.MiniExamplesLecture[mini.MiniExamplesLecture::m_3()].Non-interference contract.0 
45480      DEBUG main            d.u.i.k.p.i.IntermediateProofReplayer Proof replay took 28.8ns 
45483      DEBUG main            d.u.i.k.m.s.ProofScriptEngine 1: 'macro 'infflow-autopilot'' 
45587      DEBUG main            d.u.i.k.p.m.ProofCorrectnessMgt No justification found for rule Class_invariant_axiom_for_mini_MiniExamplesLecture 
46183      INFO  main            d.u.i.k.p.r.p.TestFile    ... finished proof: open goal(s) 
46498      INFO  main            d.u.i.k.p.r.p.TestFile    Now processing file /home/runner/work/key/key/key.core/../key.ui/examples/InformationFlow/MiniExamples/mini.MiniExamplesLecture(mini.MiniExamplesLecture__m_2()).Non-interference contract.0.m.key 
46499      INFO  main            d.u.i.k.p.i.AbstractProblemLoader Loading environment from /home/runner/work/key/key/key.core/../key.ui/examples/InformationFlow/MiniExamples/mini.MiniExamplesLecture(mini.MiniExamplesLecture__m_2()).Non-interference contract.0.m.key 
46500      DEBUG main            d.u.i.k.p.i.AbstractProblemLoader Environment load took 723.8ns 
46502      INFO  main            d.u.i.k.p.i.AbstractProblemLoader Creating init config 
50744      DEBUG main            d.u.i.k.p.i.AbstractProblemLoader Init config took 4.24s 
50842      INFO  main            d.u.i.k.p.i.AbstractProblemLoader Replaying proof mini.MiniExamplesLecture[mini.MiniExamplesLecture::m_2()].Non-interference contract.0 
50851      DEBUG main            d.u.i.k.p.i.IntermediateProofReplayer Proof replay took 54.4ns 
50853      DEBUG main            d.u.i.k.m.s.ProofScriptEngine 1: 'macro 'infflow-autopilot'' 
50956      DEBUG main            d.u.i.k.p.m.ProofCorrectnessMgt No justification found for rule Class_invariant_axiom_for_mini_MiniExamplesLecture 
51422      INFO  main            d.u.i.k.p.r.p.TestFile    ... finished proof: closed. 
51744      INFO  main            d.u.i.k.p.r.p.TestFile    Now processing file /home/runner/work/key/key/key.core/../key.ui/examples/InformationFlow/MiniExamples/mini.MiniExamplesLecture(mini.MiniExamplesLecture__m_1()).Non-interference contract.0.m.key 
51747      INFO  main            d.u.i.k.p.i.AbstractProblemLoader Loading environment from /home/runner/work/key/key/key.core/../key.ui/examples/InformationFlow/MiniExamples/mini.MiniExamplesLecture(mini.MiniExamplesLecture__m_1()).Non-interference contract.0.m.key 
51748      DEBUG main            d.u.i.k.p.i.AbstractProblemLoader Environment load took 805.3ns 
51751      INFO  main            d.u.i.k.p.i.AbstractProblemLoader Creating init config 
56063      DEBUG main            d.u.i.k.p.i.AbstractProblemLoader Init config took 4.31s 
56176      INFO  main            d.u.i.k.p.i.AbstractProblemLoader Replaying proof mini.MiniExamplesLecture[mini.MiniExamplesLecture::m_1()].Non-interference contract.0 
56183      DEBUG main            d.u.i.k.p.i.IntermediateProofReplayer Proof replay took 29.2ns 
56185      DEBUG main            d.u.i.k.m.s.ProofScriptEngine 1: 'macro 'infflow-autopilot'' 
56286      DEBUG main            d.u.i.k.p.m.ProofCorrectnessMgt No justification found for rule Class_invariant_axiom_for_mini_MiniExamplesLecture 
56566      INFO  main            d.u.i.k.p.r.p.TestFile    ... finished proof: open goal(s) 
56875      INFO  main            d.u.i.k.p.r.p.TestFile    Now processing file /home/runner/work/key/key/key.core/../key.ui/examples/InformationFlow/MiniExamples/mini.DifferenceSeqLocset(mini.DifferenceSeqLocset__m()).Non-interference contract.1.m.key 
56876      INFO  main            d.u.i.k.p.i.AbstractProblemLoader Loading environment from /home/runner/work/key/key/key.core/../key.ui/examples/InformationFlow/MiniExamples/mini.DifferenceSeqLocset(mini.DifferenceSeqLocset__m()).Non-interference contract.1.m.key 
56877      DEBUG main            d.u.i.k.p.i.AbstractProblemLoader Environment load took 974.6ns 
56881      INFO  main            d.u.i.k.p.i.AbstractProblemLoader Creating init config 
61113      DEBUG main            d.u.i.k.p.i.AbstractProblemLoader Init config took 4.23s 
61246      INFO  main            d.u.i.k.p.i.AbstractProblemLoader Replaying proof mini.DifferenceSeqLocset[mini.DifferenceSeqLocset::m()].Non-interference contract.1 
61252      DEBUG main            d.u.i.k.p.i.IntermediateProofReplayer Proof replay took 37.2ns 
61254      DEBUG main            d.u.i.k.m.s.ProofScriptEngine 1: 'macro 'infflow-autopilot'' 
61342      DEBUG main            d.u.i.k.p.m.ProofCorrectnessMgt No justification found for rule Class_invariant_axiom_for_mini_DifferenceSeqLocset 
62693      INFO  main            d.u.i.k.p.r.p.TestFile    ... finished proof: open goal(s) 
63138      INFO  main            d.u.i.k.p.r.p.TestFile    Now processing file /home/runner/work/key/key/key.core/../key.ui/examples/InformationFlow/MiniExamples/mini.DifferenceSeqLocset(mini.DifferenceSeqLocset__m()).Non-interference contract.0.m.key 
63138      INFO  main            d.u.i.k.p.i.AbstractProblemLoader Loading environment from /home/runner/work/key/key/key.core/../key.ui/examples/InformationFlow/MiniExamples/mini.DifferenceSeqLocset(mini.DifferenceSeqLocset__m()).Non-interference contract.0.m.key 
63139      DEBUG main            d.u.i.k.p.i.AbstractProblemLoader Environment load took 138.1ns 
63141      INFO  main            d.u.i.k.p.i.AbstractProblemLoader Creating init config 
67358      DEBUG main            d.u.i.k.p.i.AbstractProblemLoader Init config took 4.22s 
67484      INFO  main            d.u.i.k.p.i.AbstractProblemLoader Replaying proof mini.DifferenceSeqLocset[mini.DifferenceSeqLocset::m()].Non-interference contract.0 
67491      DEBUG main            d.u.i.k.p.i.IntermediateProofReplayer Proof replay took 50.5ns 
67493      DEBUG main            d.u.i.k.m.s.ProofScriptEngine 1: 'macro 'infflow-autopilot'' 
67588      DEBUG main            d.u.i.k.p.m.ProofCorrectnessMgt No justification found for rule Class_invariant_axiom_for_mini_DifferenceSeqLocset 
71635      INFO  main            d.u.i.k.p.r.p.TestFile    ... finished proof: open goal(s) 
72018      INFO  main            d.u.i.k.p.r.p.TestFile    Now processing file /home/runner/work/key/key/key.core/../key.ui/examples/InformationFlow/MiniExamples/mini.MiniExamples(mini.MiniExamples__secure_p2_8()).Non-interference contract.0.m.key 
72018      INFO  main            d.u.i.k.p.i.AbstractProblemLoader Loading environment from /home/runner/work/key/key/key.core/../key.ui/examples/InformationFlow/MiniExamples/mini.MiniExamples(mini.MiniExamples__secure_p2_8()).Non-interference contract.0.m.key 
72018      DEBUG main            d.u.i.k.p.i.AbstractProblemLoader Environment load took 148.6ns 
72020      INFO  main            d.u.i.k.p.i.AbstractProblemLoader Creating init config 
76105      DEBUG main            d.u.i.k.p.i.AbstractProblemLoader Init config took 4.09s 
76174      INFO  main            d.u.i.k.p.i.AbstractProblemLoader Replaying proof mini.MiniExamples[mini.MiniExamples::secure_p2_8()].Non-interference contract.0 
76179      DEBUG main            d.u.i.k.p.i.IntermediateProofReplayer Proof replay took 29.6ns 
76181      DEBUG main            d.u.i.k.m.s.ProofScriptEngine 1: 'macro 'infflow-autopilot'' 
76275      DEBUG main            d.u.i.k.p.m.ProofCorrectnessMgt No justification found for rule Class_invariant_axiom_for_mini_MiniExamples 
76724      INFO  main            d.u.i.k.p.r.p.TestFile    ... finished proof: closed. 
77085      INFO  main            d.u.i.k.p.r.p.TestFile    Now processing file /home/runner/work/key/key/key.core/../key.ui/examples/InformationFlow/MiniExamples/mini.MiniExamples(mini.MiniExamples__secure_parameter(int)).Non-interference contract.0.m.key 
77087      INFO  main            d.u.i.k.p.i.AbstractProblemLoader Loading environment from /home/runner/work/key/key/key.core/../key.ui/examples/InformationFlow/MiniExamples/mini.MiniExamples(mini.MiniExamples__secure_parameter(int)).Non-interference contract.0.m.key 
77091      DEBUG main            d.u.i.k.p.i.AbstractProblemLoader Environment load took 3.92ms 
77096      INFO  main            d.u.i.k.p.i.AbstractProblemLoader Creating init config 
81208      DEBUG main            d.u.i.k.p.i.AbstractProblemLoader Init config took 4.11s 
81284      INFO  main            d.u.i.k.p.i.AbstractProblemLoader Replaying proof mini.MiniExamples[mini.MiniExamples::secure_parameter(int)].Non-interference contract.0 
81290      DEBUG main            d.u.i.k.p.i.IntermediateProofReplayer Proof replay took 134.1ns 
81292      DEBUG main            d.u.i.k.m.s.ProofScriptEngine 1: 'macro 'infflow-autopilot'' 
81381      DEBUG main            d.u.i.k.p.m.ProofCorrectnessMgt No justification found for rule Class_invariant_axiom_for_mini_MiniExamples 
81637      INFO  main            d.u.i.k.p.r.p.TestFile    ... finished proof: closed. 
81990      INFO  main            d.u.i.k.p.r.p.TestFile    Now processing file /home/runner/work/key/key/key.core/../key.ui/examples/InformationFlow/MiniExamples/mini.MiniExamples(mini.MiniExamples__secure_p2_7()).Non-interference contract.0.m.key 
81994      INFO  main            d.u.i.k.p.i.AbstractProblemLoader Loading environment from /home/runner/work/key/key/key.core/../key.ui/examples/InformationFlow/MiniExamples/mini.MiniExamples(mini.MiniExamples__secure_p2_7()).Non-interference contract.0.m.key 
81996      DEBUG main            d.u.i.k.p.i.AbstractProblemLoader Environment load took 2.38ms 
81999      INFO  main            d.u.i.k.p.i.AbstractProblemLoader Creating init config 
86136      DEBUG main            d.u.i.k.p.i.AbstractProblemLoader Init config took 4.14s 
86213      INFO  main            d.u.i.k.p.i.AbstractProblemLoader Replaying proof mini.MiniExamples[mini.MiniExamples::secure_p2_7()].Non-interference contract.0 
86232      DEBUG main            d.u.i.k.p.i.IntermediateProofReplayer Proof replay took 33.6ns 
86234      DEBUG main            d.u.i.k.m.s.ProofScriptEngine 1: 'macro 'infflow-autopilot'' 
86341      DEBUG main            d.u.i.k.p.m.ProofCorrectnessMgt No justification found for rule Class_invariant_axiom_for_mini_MiniExamples 
86807      INFO  main            d.u.i.k.p.r.p.TestFile    ... finished proof: closed. 
87134      INFO  main            d.u.i.k.p.r.p.TestFile    Now processing file /home/runner/work/key/key/key.core/../key.ui/examples/InformationFlow/MiniExamples/mini.MiniExamples(mini.MiniExamples__insecure_p2_2()).Non-interference contract.0.m.key 
87134      INFO  main            d.u.i.k.p.i.AbstractProblemLoader Loading environment from /home/runner/work/key/key/key.core/../key.ui/examples/InformationFlow/MiniExamples/mini.MiniExamples(mini.MiniExamples__insecure_p2_2()).Non-interference contract.0.m.key 
87134      DEBUG main            d.u.i.k.p.i.AbstractProblemLoader Environment load took 92.3ns 
87137      INFO  main            d.u.i.k.p.i.AbstractProblemLoader Creating init config 
91242      DEBUG main            d.u.i.k.p.i.AbstractProblemLoader Init config took 4.11s 
91331      INFO  main            d.u.i.k.p.i.AbstractProblemLoader Replaying proof mini.MiniExamples[mini.MiniExamples::insecure_p2_2()].Non-interference contract.0 
91336      DEBUG main            d.u.i.k.p.i.IntermediateProofReplayer Proof replay took 36.1ns 
91337      DEBUG main            d.u.i.k.m.s.ProofScriptEngine 1: 'macro 'infflow-autopilot'' 
91425      DEBUG main            d.u.i.k.p.m.ProofCorrectnessMgt No justification found for rule Class_invariant_axiom_for_mini_MiniExamples 
91941      INFO  main            d.u.i.k.p.r.p.TestFile    ... finished proof: open goal(s) 
92289      INFO  main            d.u.i.k.p.r.p.TestFile    Now processing file /home/runner/work/key/key/key.core/../key.ui/examples/InformationFlow/MiniExamples/mini.MiniExamples(mini.MiniExamples__secure_p2_6()).Non-interference contract.0.m.key 
92291      INFO  main            d.u.i.k.p.i.AbstractProblemLoader Loading environment from /home/runner/work/key/key/key.core/../key.ui/examples/InformationFlow/MiniExamples/mini.MiniExamples(mini.MiniExamples__secure_p2_6()).Non-interference contract.0.m.key 
92291      DEBUG main            d.u.i.k.p.i.AbstractProblemLoader Environment load took 260.3ns 
92293      INFO  main            d.u.i.k.p.i.AbstractProblemLoader Creating init config 
96322      DEBUG main            d.u.i.k.p.i.AbstractProblemLoader Init config took 4.03s 
96418      INFO  main            d.u.i.k.p.i.AbstractProblemLoader Replaying proof mini.MiniExamples[mini.MiniExamples::secure_p2_6()].Non-interference contract.0 
96425      DEBUG main            d.u.i.k.p.i.IntermediateProofReplayer Proof replay took 37.7ns 
96428      DEBUG main            d.u.i.k.m.s.ProofScriptEngine 1: 'macro 'infflow-autopilot'' 
96501      DEBUG main            d.u.i.k.p.m.ProofCorrectnessMgt No justification found for rule Class_invariant_axiom_for_mini_MiniExamples 
96643      INFO  main            d.u.i.k.p.r.p.TestFile    ... finished proof: closed. 
97060      INFO  main            d.u.i.k.p.r.p.TestFile    Now processing file /home/runner/work/key/key/key.core/../key.ui/examples/InformationFlow/MiniExamples/mini.MiniExamples(mini.MiniExamples__secure_p2_5()).Non-interference contract.0.m.key 
97061      INFO  main            d.u.i.k.p.i.AbstractProblemLoader Loading environment from /home/runner/work/key/key/key.core/../key.ui/examples/InformationFlow/MiniExamples/mini.MiniExamples(mini.MiniExamples__secure_p2_5()).Non-interference contract.0.m.key 
97062      DEBUG main            d.u.i.k.p.i.AbstractProblemLoader Environment load took 331.9ns 
97064      INFO  main            d.u.i.k.p.i.AbstractProblemLoader Creating init config 
101178     DEBUG main            d.u.i.k.p.i.AbstractProblemLoader Init config took 4.11s 
101250     INFO  main            d.u.i.k.p.i.AbstractProblemLoader Replaying proof mini.MiniExamples[mini.MiniExamples::secure_p2_5()].Non-interference contract.0 
101254     DEBUG main            d.u.i.k.p.i.IntermediateProofReplayer Proof replay took 34.3ns 
101255     DEBUG main            d.u.i.k.m.s.ProofScriptEngine 1: 'macro 'infflow-autopilot'' 
101321     DEBUG main            d.u.i.k.p.m.ProofCorrectnessMgt No justification found for rule Class_invariant_axiom_for_mini_MiniExamples 
101594     INFO  main            d.u.i.k.p.r.p.TestFile    ... finished proof: closed. 
101945     INFO  main            d.u.i.k.p.r.p.TestFile    Now processing file /home/runner/work/key/key/key.core/../key.ui/examples/InformationFlow/MiniExamples/mini.MiniExamples(mini.MiniExamples__secure_p2_4()).Non-interference contract.0.m.key 
101946     INFO  main            d.u.i.k.p.i.AbstractProblemLoader Loading environment from /home/runner/work/key/key/key.core/../key.ui/examples/InformationFlow/MiniExamples/mini.MiniExamples(mini.MiniExamples__secure_p2_4()).Non-interference contract.0.m.key 
101947     DEBUG main            d.u.i.k.p.i.AbstractProblemLoader Environment load took 1.02ms 
101950     INFO  main            d.u.i.k.p.i.AbstractProblemLoader Creating init config 
106039     DEBUG main            d.u.i.k.p.i.AbstractProblemLoader Init config took 4.09s 
106111     INFO  main            d.u.i.k.p.i.AbstractProblemLoader Replaying proof mini.MiniExamples[mini.MiniExamples::secure_p2_4()].Non-interference contract.0 
106116     DEBUG main            d.u.i.k.p.i.IntermediateProofReplayer Proof replay took 34.9ns 
106117     DEBUG main            d.u.i.k.m.s.ProofScriptEngine 1: 'macro 'infflow-autopilot'' 
106180     DEBUG main            d.u.i.k.p.m.ProofCorrectnessMgt No justification found for rule Class_invariant_axiom_for_mini_MiniExamples 
106406     INFO  main            d.u.i.k.p.r.p.TestFile    ... finished proof: closed. 
106760     INFO  main            d.u.i.k.p.r.p.TestFile    Now processing file /home/runner/work/key/key/key.core/../key.ui/examples/InformationFlow/MiniExamples/mini.MiniExamples(mini.MiniExamples__secure_p2_3()).Non-interference contract.0.m.key 
106761     INFO  main            d.u.i.k.p.i.AbstractProblemLoader Loading environment from /home/runner/work/key/key/key.core/../key.ui/examples/InformationFlow/MiniExamples/mini.MiniExamples(mini.MiniExamples__secure_p2_3()).Non-interference contract.0.m.key 
106762     DEBUG main            d.u.i.k.p.i.AbstractProblemLoader Environment load took 616.3ns 
106763     INFO  main            d.u.i.k.p.i.AbstractProblemLoader Creating init config 
110698     DEBUG main            d.u.i.k.p.i.AbstractProblemLoader Init config took 3.93s 
110765     INFO  main            d.u.i.k.p.i.AbstractProblemLoader Replaying proof mini.MiniExamples[mini.MiniExamples::secure_p2_3()].Non-interference contract.0 
110771     DEBUG main            d.u.i.k.p.i.IntermediateProofReplayer Proof replay took 42.4ns 
110773     DEBUG main            d.u.i.k.m.s.ProofScriptEngine 1: 'macro 'infflow-autopilot'' 
110835     DEBUG main            d.u.i.k.p.m.ProofCorrectnessMgt No justification found for rule Class_invariant_axiom_for_mini_MiniExamples 
111003     INFO  main            d.u.i.k.p.r.p.TestFile    ... finished proof: closed. 
111375     INFO  main            d.u.i.k.p.r.p.TestFile    Now processing file /home/runner/work/key/key/key.core/../key.ui/examples/InformationFlow/MiniExamples/mini.MiniExamples(mini.MiniExamples__secure_p2_2()).Non-interference contract.0.m.key 
111376     INFO  main            d.u.i.k.p.i.AbstractProblemLoader Loading environment from /home/runner/work/key/key/key.core/../key.ui/examples/InformationFlow/MiniExamples/mini.MiniExamples(mini.MiniExamples__secure_p2_2()).Non-interference contract.0.m.key 
111377     DEBUG main            d.u.i.k.p.i.AbstractProblemLoader Environment load took 579.7ns 
111379     INFO  main            d.u.i.k.p.i.AbstractProblemLoader Creating init config 
115366     DEBUG main            d.u.i.k.p.i.AbstractProblemLoader Init config took 3.99s 
115431     INFO  main            d.u.i.k.p.i.AbstractProblemLoader Replaying proof mini.MiniExamples[mini.MiniExamples::secure_p2_2()].Non-interference contract.0 
115436     DEBUG main            d.u.i.k.p.i.IntermediateProofReplayer Proof replay took 29.7ns 
115437     DEBUG main            d.u.i.k.m.s.ProofScriptEngine 1: 'macro 'infflow-autopilot'' 
115503     DEBUG main            d.u.i.k.p.m.ProofCorrectnessMgt No justification found for rule Class_invariant_axiom_for_mini_MiniExamples 
115673     INFO  main            d.u.i.k.p.r.p.TestFile    ... finished proof: closed. 
116039     INFO  main            d.u.i.k.p.r.p.TestFile    Now processing file /home/runner/work/key/key/key.core/../key.ui/examples/InformationFlow/MiniExamples/mini.MiniExamples(mini.MiniExamples__secure_p2_1()).Non-interference contract.0.m.key 
116040     INFO  main            d.u.i.k.p.i.AbstractProblemLoader Loading environment from /home/runner/work/key/key/key.core/../key.ui/examples/InformationFlow/MiniExamples/mini.MiniExamples(mini.MiniExamples__secure_p2_1()).Non-interference contract.0.m.key 
116040     DEBUG main            d.u.i.k.p.i.AbstractProblemLoader Environment load took 501.8ns 
116042     INFO  main            d.u.i.k.p.i.AbstractProblemLoader Creating init config 
120097     DEBUG main            d.u.i.k.p.i.AbstractProblemLoader Init config took 4.05s 
120171     INFO  main            d.u.i.k.p.i.AbstractProblemLoader Replaying proof mini.MiniExamples[mini.MiniExamples::secure_p2_1()].Non-interference contract.0 
120176     DEBUG main            d.u.i.k.p.i.IntermediateProofReplayer Proof replay took 45ns 
120178     DEBUG main            d.u.i.k.m.s.ProofScriptEngine 1: 'macro 'infflow-autopilot'' 
120245     DEBUG main            d.u.i.k.p.m.ProofCorrectnessMgt No justification found for rule Class_invariant_axiom_for_mini_MiniExamples 
120392     INFO  main            d.u.i.k.p.r.p.TestFile    ... finished proof: closed. 
120726     INFO  main            d.u.i.k.p.r.p.TestFile    Now processing file /home/runner/work/key/key/key.core/../key.ui/examples/InformationFlow/MiniExamples/mini.MiniExamples(mini.MiniExamples__insecure_p2_1()).Non-interference contract.0.m.key 
120727     INFO  main            d.u.i.k.p.i.AbstractProblemLoader Loading environment from /home/runner/work/key/key/key.core/../key.ui/examples/InformationFlow/MiniExamples/mini.MiniExamples(mini.MiniExamples__insecure_p2_1()).Non-interference contract.0.m.key 
120728     DEBUG main            d.u.i.k.p.i.AbstractProblemLoader Environment load took 609.11ns 
120729     INFO  main            d.u.i.k.p.i.AbstractProblemLoader Creating init config 
124883     DEBUG main            d.u.i.k.p.i.AbstractProblemLoader Init config took 4.15s 
124950     INFO  main            d.u.i.k.p.i.AbstractProblemLoader Replaying proof mini.MiniExamples[mini.MiniExamples::insecure_p2_1()].Non-interference contract.0 
124955     DEBUG main            d.u.i.k.p.i.IntermediateProofReplayer Proof replay took 97.3ns 
124957     DEBUG main            d.u.i.k.m.s.ProofScriptEngine 1: 'macro 'infflow-autopilot'' 
125023     DEBUG main            d.u.i.k.p.m.ProofCorrectnessMgt No justification found for rule Class_invariant_axiom_for_mini_MiniExamples 
125278     INFO  main            d.u.i.k.p.r.p.TestFile    ... finished proof: open goal(s) 
125623     INFO  main            d.u.i.k.p.r.p.TestFile    Now processing file /home/runner/work/key/key/key.core/../key.ui/examples/InformationFlow/MiniExamples/mini.MiniExamples(mini.MiniExamples__secure_p1_6()).Non-interference contract.0.m.key 
125624     INFO  main            d.u.i.k.p.i.AbstractProblemLoader Loading environment from /home/runner/work/key/key/key.core/../key.ui/examples/InformationFlow/MiniExamples/mini.MiniExamples(mini.MiniExamples__secure_p1_6()).Non-interference contract.0.m.key 
125625     DEBUG main            d.u.i.k.p.i.AbstractProblemLoader Environment load took 611.6ns 
125629     INFO  main            d.u.i.k.p.i.AbstractProblemLoader Creating init config 
129673     DEBUG main            d.u.i.k.p.i.AbstractProblemLoader Init config took 4.04s 
129737     INFO  main            d.u.i.k.p.i.AbstractProblemLoader Replaying proof mini.MiniExamples[mini.MiniExamples::secure_p1_6()].Non-interference contract.0 
129742     DEBUG main            d.u.i.k.p.i.IntermediateProofReplayer Proof replay took 31.5ns 
129743     DEBUG main            d.u.i.k.m.s.ProofScriptEngine 1: 'macro 'infflow-autopilot'' 
129843     DEBUG main            d.u.i.k.p.m.ProofCorrectnessMgt No justification found for rule Class_invariant_axiom_for_mini_MiniExamples 
130086     INFO  main            d.u.i.k.p.r.p.TestFile    ... finished proof: closed. 
130469     INFO  main            d.u.i.k.p.r.p.TestFile    Now processing file /home/runner/work/key/key/key.core/../key.ui/examples/InformationFlow/MiniExamples/mini.MiniExamples(mini.MiniExamples__secure_p1_5()).Non-interference contract.0.m.key 
130470     INFO  main            d.u.i.k.p.i.AbstractProblemLoader Loading environment from /home/runner/work/key/key/key.core/../key.ui/examples/InformationFlow/MiniExamples/mini.MiniExamples(mini.MiniExamples__secure_p1_5()).Non-interference contract.0.m.key 
130470     DEBUG main            d.u.i.k.p.i.AbstractProblemLoader Environment load took 430.7ns 
130473     INFO  main            d.u.i.k.p.i.AbstractProblemLoader Creating init config 
134352     DEBUG main            d.u.i.k.p.i.AbstractProblemLoader Init config took 3.88s 
134416     INFO  main            d.u.i.k.p.i.AbstractProblemLoader Replaying proof mini.MiniExamples[mini.MiniExamples::secure_p1_5()].Non-interference contract.0 
134421     DEBUG main            d.u.i.k.p.i.IntermediateProofReplayer Proof replay took 28.2ns 
134425     DEBUG main            d.u.i.k.m.s.ProofScriptEngine 1: 'macro 'infflow-autopilot'' 
134484     DEBUG main            d.u.i.k.p.m.ProofCorrectnessMgt No justification found for rule Class_invariant_axiom_for_mini_MiniExamples 
135017     INFO  main            d.u.i.k.p.r.p.TestFile    ... finished proof: closed. 
135397     INFO  main            d.u.i.k.p.r.p.TestFile    Now processing file /home/runner/work/key/key/key.core/../key.ui/examples/InformationFlow/MiniExamples/mini.MiniExamples(mini.MiniExamples__secure_p1_4()).Non-interference contract.0.m.key 
135398     INFO  main            d.u.i.k.p.i.AbstractProblemLoader Loading environment from /home/runner/work/key/key/key.core/../key.ui/examples/InformationFlow/MiniExamples/mini.MiniExamples(mini.MiniExamples__secure_p1_4()).Non-interference contract.0.m.key 
135399     DEBUG main            d.u.i.k.p.i.AbstractProblemLoader Environment load took 1.13ms 
135401     INFO  main            d.u.i.k.p.i.AbstractProblemLoader Creating init config 
139232     DEBUG main            d.u.i.k.p.i.AbstractProblemLoader Init config took 3.83s 
139294     INFO  main            d.u.i.k.p.i.AbstractProblemLoader Replaying proof mini.MiniExamples[mini.MiniExamples::secure_p1_4()].Non-interference contract.0 
139298     DEBUG main            d.u.i.k.p.i.IntermediateProofReplayer Proof replay took 40.6ns 
139299     DEBUG main            d.u.i.k.m.s.ProofScriptEngine 1: 'macro 'infflow-autopilot'' 
139364     DEBUG main            d.u.i.k.p.m.ProofCorrectnessMgt No justification found for rule Class_invariant_axiom_for_mini_MiniExamples 
139830     INFO  main            d.u.i.k.p.r.p.TestFile    ... finished proof: closed. 
140268     INFO  main            d.u.i.k.p.r.p.TestFile    Now processing file /home/runner/work/key/key/key.core/../key.ui/examples/InformationFlow/MiniExamples/mini.MiniExamples(mini.MiniExamples__secure_p1_3()).Non-interference contract.0.m.key 
140269     INFO  main            d.u.i.k.p.i.AbstractProblemLoader Loading environment from /home/runner/work/key/key/key.core/../key.ui/examples/InformationFlow/MiniExamples/mini.MiniExamples(mini.MiniExamples__secure_p1_3()).Non-interference contract.0.m.key 
140270     DEBUG main            d.u.i.k.p.i.AbstractProblemLoader Environment load took 616.2ns 
140272     INFO  main            d.u.i.k.p.i.AbstractProblemLoader Creating init config 
144164     DEBUG main            d.u.i.k.p.i.AbstractProblemLoader Init config took 3.89s 
144231     INFO  main            d.u.i.k.p.i.AbstractProblemLoader Replaying proof mini.MiniExamples[mini.MiniExamples::secure_p1_3()].Non-interference contract.0 
144237     DEBUG main            d.u.i.k.p.i.IntermediateProofReplayer Proof replay took 55.6ns 
144239     DEBUG main            d.u.i.k.m.s.ProofScriptEngine 1: 'macro 'infflow-autopilot'' 
144302     DEBUG main            d.u.i.k.p.m.ProofCorrectnessMgt No justification found for rule Class_invariant_axiom_for_mini_MiniExamples 
144497     INFO  main            d.u.i.k.p.r.p.TestFile    ... finished proof: closed. 
144885     INFO  main            d.u.i.k.p.r.p.TestFile    Now processing file /home/runner/work/key/key/key.core/../key.ui/examples/InformationFlow/MiniExamples/mini.MiniExamples(mini.MiniExamples__secure_p1_2()).Non-interference contract.0.m.key 
144887     INFO  main            d.u.i.k.p.i.AbstractProblemLoader Loading environment from /home/runner/work/key/key/key.core/../key.ui/examples/InformationFlow/MiniExamples/mini.MiniExamples(mini.MiniExamples__secure_p1_2()).Non-interference contract.0.m.key 
144887     DEBUG main            d.u.i.k.p.i.AbstractProblemLoader Environment load took 598.8ns 
144890     INFO  main            d.u.i.k.p.i.AbstractProblemLoader Creating init config 
148835     DEBUG main            d.u.i.k.p.i.AbstractProblemLoader Init config took 3.94s 
148893     INFO  main            d.u.i.k.p.i.AbstractProblemLoader Replaying proof mini.MiniExamples[mini.MiniExamples::secure_p1_2()].Non-interference contract.0 
148897     DEBUG main            d.u.i.k.p.i.IntermediateProofReplayer Proof replay took 69.1ns 
148899     DEBUG main            d.u.i.k.m.s.ProofScriptEngine 1: 'macro 'infflow-autopilot'' 
148949     DEBUG main            d.u.i.k.p.m.ProofCorrectnessMgt No justification found for rule Class_invariant_axiom_for_mini_MiniExamples 
149375     INFO  main            d.u.i.k.p.r.p.TestFile    ... finished proof: closed. 
149793     INFO  main            d.u.i.k.p.r.p.TestFile    Now processing file /home/runner/work/key/key/key.core/../key.ui/examples/InformationFlow/MiniExamples/mini.MiniExamples(mini.MiniExamples__secure_p1_1()).Non-interference contract.1.m.key 
149794     INFO  main            d.u.i.k.p.i.AbstractProblemLoader Loading environment from /home/runner/work/key/key/key.core/../key.ui/examples/InformationFlow/MiniExamples/mini.MiniExamples(mini.MiniExamples__secure_p1_1()).Non-interference contract.1.m.key 
149795     DEBUG main            d.u.i.k.p.i.AbstractProblemLoader Environment load took 762.7ns 
149797     INFO  main            d.u.i.k.p.i.AbstractProblemLoader Creating init config 
153863     DEBUG main            d.u.i.k.p.i.AbstractProblemLoader Init config took 4.07s 
153934     INFO  main            d.u.i.k.p.i.AbstractProblemLoader Replaying proof mini.MiniExamples[mini.MiniExamples::secure_p1_1()].Non-interference contract.1 
153938     DEBUG main            d.u.i.k.p.i.IntermediateProofReplayer Proof replay took 39ns 
153939     DEBUG main            d.u.i.k.m.s.ProofScriptEngine 1: 'macro 'infflow-autopilot'' 
154005     DEBUG main            d.u.i.k.p.m.ProofCorrectnessMgt No justification found for rule Class_invariant_axiom_for_mini_MiniExamples 
154331     INFO  main            d.u.i.k.p.r.p.TestFile    ... finished proof: closed. 
154745     INFO  main            d.u.i.k.p.r.p.TestFile    Now processing file /home/runner/work/key/key/key.core/../key.ui/examples/InformationFlow/MiniExamples/mini.MiniExamples(mini.MiniExamples__secure_p1_1()).Non-interference contract.0.m.key 
154746     INFO  main            d.u.i.k.p.i.AbstractProblemLoader Loading environment from /home/runner/work/key/key/key.core/../key.ui/examples/InformationFlow/MiniExamples/mini.MiniExamples(mini.MiniExamples__secure_p1_1()).Non-interference contract.0.m.key 
154747     DEBUG main            d.u.i.k.p.i.AbstractProblemLoader Environment load took 423.7ns 
154749     INFO  main            d.u.i.k.p.i.AbstractProblemLoader Creating init config 
158754     DEBUG main            d.u.i.k.p.i.AbstractProblemLoader Init config took 4s 
158816     INFO  main            d.u.i.k.p.i.AbstractProblemLoader Replaying proof mini.MiniExamples[mini.MiniExamples::secure_p1_1()].Non-interference contract.0 
158820     DEBUG main            d.u.i.k.p.i.IntermediateProofReplayer Proof replay took 36.3ns 
158821     DEBUG main            d.u.i.k.m.s.ProofScriptEngine 1: 'macro 'infflow-autopilot'' 
158875     DEBUG main            d.u.i.k.p.m.ProofCorrectnessMgt No justification found for rule Class_invariant_axiom_for_mini_MiniExamples 
159146     INFO  main            d.u.i.k.p.r.p.TestFile    ... finished proof: closed. 
159545     INFO  main            d.u.i.k.p.r.p.TestFile    Now processing file /home/runner/work/key/key/key.core/../key.ui/examples/InformationFlow/MiniExamples/mini.MiniExamples(mini.MiniExamples__insecure_p1_2()).Non-interference contract.0.m.key 
159546     INFO  main            d.u.i.k.p.i.AbstractProblemLoader Loading environment from /home/runner/work/key/key/key.core/../key.ui/examples/InformationFlow/MiniExamples/mini.MiniExamples(mini.MiniExamples__insecure_p1_2()).Non-interference contract.0.m.key 
159546     DEBUG main            d.u.i.k.p.i.AbstractProblemLoader Environment load took 250.7ns 
159548     INFO  main            d.u.i.k.p.i.AbstractProblemLoader Creating init config 
163407     DEBUG main            d.u.i.k.p.i.AbstractProblemLoader Init config took 3.86s 
163474     INFO  main            d.u.i.k.p.i.AbstractProblemLoader Replaying proof mini.MiniExamples[mini.MiniExamples::insecure_p1_2()].Non-interference contract.0 
163478     DEBUG main            d.u.i.k.p.i.IntermediateProofReplayer Proof replay took 37.4ns 
163479     DEBUG main            d.u.i.k.m.s.ProofScriptEngine 1: 'macro 'infflow-autopilot'' 
163538     DEBUG main            d.u.i.k.p.m.ProofCorrectnessMgt No justification found for rule Class_invariant_axiom_for_mini_MiniExamples 
164008     INFO  main            d.u.i.k.p.r.p.TestFile    ... finished proof: open goal(s) 
164400     INFO  main            d.u.i.k.p.r.p.TestFile    Now processing file /home/runner/work/key/key/key.core/../key.ui/examples/InformationFlow/MiniExamples/mini.MiniExamples(mini.MiniExamples__insecure_p1_1()).Non-interference contract.0.m.key 
164401     INFO  main            d.u.i.k.p.i.AbstractProblemLoader Loading environment from /home/runner/work/key/key/key.core/../key.ui/examples/InformationFlow/MiniExamples/mini.MiniExamples(mini.MiniExamples__insecure_p1_1()).Non-interference contract.0.m.key 
164402     DEBUG main            d.u.i.k.p.i.AbstractProblemLoader Environment load took 611.2ns 
164404     INFO  main            d.u.i.k.p.i.AbstractProblemLoader Creating init config 
168244     DEBUG main            d.u.i.k.p.i.AbstractProblemLoader Init config took 3.84s 
168340     INFO  main            d.u.i.k.p.i.AbstractProblemLoader Replaying proof mini.MiniExamples[mini.MiniExamples::insecure_p1_1()].Non-interference contract.0 
168345     DEBUG main            d.u.i.k.p.i.IntermediateProofReplayer Proof replay took 34.7ns 
168346     DEBUG main            d.u.i.k.m.s.ProofScriptEngine 1: 'macro 'infflow-autopilot'' 
168406     DEBUG main            d.u.i.k.p.m.ProofCorrectnessMgt No justification found for rule Class_invariant_axiom_for_mini_MiniExamples 
168592     INFO  main            d.u.i.k.p.r.p.TestFile    ... finished proof: open goal(s) 
4365489    INFO  Test worker     d.u.i.k.p.r.RunAllProofsTestUnit Returning from test MiniExamples_fullmacro 
4365491    INFO  Test worker     d.u.i.k.p.r.RunAllProofsTestUnit Running test NewObjects_fullmacro 
684        INFO  Timeout watchdog d.u.i.k.p.r.p.ForkedTestFileRunner Timeout watcher launched (1000 secs.) 
718        WARN  main            d.u.i.k.s.ProofSettings   The settings in /home/runner/.key/proof-settings.props are *not* read. 
760        INFO  main            d.u.i.k.p.r.p.TestFile    Now processing file /home/runner/work/key/key/key.core/../key.ui/examples/InformationFlow/NewObjects/object.AmtoftBanerjee3(object.AmtoftBanerjee3__m()).Non-interference contract.0.m.key 
968        INFO  main            d.u.i.k.p.i.AbstractProblemLoader Loading environment from /home/runner/work/key/key/key.core/../key.ui/examples/InformationFlow/NewObjects/object.AmtoftBanerjee3(object.AmtoftBanerjee3__m()).Non-interference contract.0.m.key 
1003       DEBUG main            d.u.i.k.p.i.AbstractProblemLoader Environment load took 5.58ms 
1422       INFO  main            d.u.i.k.p.i.AbstractProblemLoader Creating init config 
2746       DEBUG main            d.u.i.k.j.TypeConverter   No LDT found for Meta 
2753       DEBUG main            d.u.i.k.j.TypeConverter   No LDT found for Meta 
2755       DEBUG main            d.u.i.k.j.TypeConverter   No LDT found for Meta 
2755       DEBUG main            d.u.i.k.j.TypeConverter   No LDT found for Meta 
5106       DEBUG main            d.u.i.k.j.TypeConverter   No LDT found for JavaBigintExpression 
10769      DEBUG main            d.u.i.k.j.r.ClassPreparationMethodBuilder clPrepBuilder: Inner Class detected. Reject building class initialisation methods. 
15409      DEBUG main            d.u.i.k.p.i.AbstractProblemLoader Init config took 13.99s 
15829      INFO  main            d.u.i.k.p.i.AbstractProblemLoader Replaying proof object.AmtoftBanerjee3[object.AmtoftBanerjee3::m()].Non-interference contract.0 
15955      DEBUG main            d.u.i.k.p.i.IntermediateProofReplayer Proof replay took 798.5ns 
16060      DEBUG main            d.u.i.k.m.s.ProofScriptEngine 1: 'macro 'infflow-autopilot'' 
16824      DEBUG main            d.u.i.k.p.m.ProofCorrectnessMgt No justification found for rule Class_invariant_axiom_for_object_AmtoftBanerjee3 
17778      INFO  main            d.u.i.k.p.r.p.TestFile    ... finished proof: closed. 
18032      INFO  main            d.u.i.k.p.r.p.TestFile    Now processing file /home/runner/work/key/key/key.core/../key.ui/examples/InformationFlow/NewObjects/object.AmtoftBanerjee(object.AmtoftBanerjee__m_2()).Non-interference contract.0.m.key 
18033      INFO  main            d.u.i.k.p.i.AbstractProblemLoader Loading environment from /home/runner/work/key/key/key.core/../key.ui/examples/InformationFlow/NewObjects/object.AmtoftBanerjee(object.AmtoftBanerjee__m_2()).Non-interference contract.0.m.key 
18034      DEBUG main            d.u.i.k.p.i.AbstractProblemLoader Environment load took 735ns 
18037      INFO  main            d.u.i.k.p.i.AbstractProblemLoader Creating init config 
20118      DEBUG main            d.u.i.k.j.r.ClassPreparationMethodBuilder clPrepBuilder: Inner Class detected. Reject building class initialisation methods. 
23669      DEBUG main            d.u.i.k.p.i.AbstractProblemLoader Init config took 5.63s 
23787      INFO  main            d.u.i.k.p.i.AbstractProblemLoader Replaying proof object.AmtoftBanerjee[object.AmtoftBanerjee::m_2()].Non-interference contract.0 
23794      DEBUG main            d.u.i.k.p.i.IntermediateProofReplayer Proof replay took 30.9ns 
23796      DEBUG main            d.u.i.k.m.s.ProofScriptEngine 1: 'macro 'infflow-autopilot'' 
24987      DEBUG main            d.u.i.k.p.m.ProofCorrectnessMgt No justification found for rule Class_invariant_axiom_for_object_AmtoftBanerjee 
24991      DEBUG main            d.u.i.k.p.m.ProofCorrectnessMgt No justification found for rule Class_invariant_axiom_for_object_AmtoftBanerjee 
25164      DEBUG main            d.u.i.k.p.m.ProofCorrectnessMgt No justification found for rule Class_invariant_axiom_for_object_AmtoftBanerjee 
26227      INFO  main            d.u.i.k.p.r.p.TestFile    ... finished proof: closed. 
26530      INFO  main            d.u.i.k.p.r.p.TestFile    Now processing file /home/runner/work/key/key/key.core/../key.ui/examples/InformationFlow/NewObjects/object.AmtoftBanerjee(object.AmtoftBanerjee__m_1()).Non-interference contract.1.m.key 
26532      INFO  main            d.u.i.k.p.i.AbstractProblemLoader Loading environment from /home/runner/work/key/key/key.core/../key.ui/examples/InformationFlow/NewObjects/object.AmtoftBanerjee(object.AmtoftBanerjee__m_1()).Non-interference contract.1.m.key 
26533      DEBUG main            d.u.i.k.p.i.AbstractProblemLoader Environment load took 900.2ns 
26536      INFO  main            d.u.i.k.p.i.AbstractProblemLoader Creating init config 
28202      DEBUG main            d.u.i.k.j.r.ClassPreparationMethodBuilder clPrepBuilder: Inner Class detected. Reject building class initialisation methods. 
31604      DEBUG main            d.u.i.k.p.i.AbstractProblemLoader Init config took 5.07s 
31718      INFO  main            d.u.i.k.p.i.AbstractProblemLoader Replaying proof object.AmtoftBanerjee[object.AmtoftBanerjee::m_1()].Non-interference contract.1 
31724      DEBUG main            d.u.i.k.p.i.IntermediateProofReplayer Proof replay took 26.4ns 
31726      DEBUG main            d.u.i.k.m.s.ProofScriptEngine 1: 'macro 'infflow-autopilot'' 
32255      DEBUG main            d.u.i.k.p.m.ProofCorrectnessMgt No justification found for rule Class_invariant_axiom_for_object_AmtoftBanerjee 
32258      DEBUG main            d.u.i.k.p.m.ProofCorrectnessMgt No justification found for rule Class_invariant_axiom_for_object_AmtoftBanerjee 
32328      DEBUG main            d.u.i.k.p.m.ProofCorrectnessMgt No justification found for rule Class_invariant_axiom_for_object_AmtoftBanerjee 
33046      INFO  main            d.u.i.k.p.r.p.TestFile    ... finished proof: open goal(s) 
33344      INFO  main            d.u.i.k.p.r.p.TestFile    Now processing file /home/runner/work/key/key/key.core/../key.ui/examples/InformationFlow/NewObjects/object.AmtoftBanerjee(object.AmtoftBanerjee__m_1()).Non-interference contract.0.m.key 
33345      INFO  main            d.u.i.k.p.i.AbstractProblemLoader Loading environment from /home/runner/work/key/key/key.core/../key.ui/examples/InformationFlow/NewObjects/object.AmtoftBanerjee(object.AmtoftBanerjee__m_1()).Non-interference contract.0.m.key 
33345      DEBUG main            d.u.i.k.p.i.AbstractProblemLoader Environment load took 166.1ns 
33348      INFO  main            d.u.i.k.p.i.AbstractProblemLoader Creating init config 
34768      DEBUG main            d.u.i.k.j.r.ClassPreparationMethodBuilder clPrepBuilder: Inner Class detected. Reject building class initialisation methods. 
38051      DEBUG main            d.u.i.k.p.i.AbstractProblemLoader Init config took 4.7s 
38183      INFO  main            d.u.i.k.p.i.AbstractProblemLoader Replaying proof object.AmtoftBanerjee[object.AmtoftBanerjee::m_1()].Non-interference contract.0 
38193      DEBUG main            d.u.i.k.p.i.IntermediateProofReplayer Proof replay took 42ns 
38196      DEBUG main            d.u.i.k.m.s.ProofScriptEngine 1: 'macro 'infflow-autopilot'' 
38636      DEBUG main            d.u.i.k.p.m.ProofCorrectnessMgt No justification found for rule Class_invariant_axiom_for_object_AmtoftBanerjee 
38637      DEBUG main            d.u.i.k.p.m.ProofCorrectnessMgt No justification found for rule Class_invariant_axiom_for_object_AmtoftBanerjee 
38696      DEBUG main            d.u.i.k.p.m.ProofCorrectnessMgt No justification found for rule Class_invariant_axiom_for_object_AmtoftBanerjee 
39107      INFO  main            d.u.i.k.p.r.p.TestFile    ... finished proof: closed. 
39474      INFO  main            d.u.i.k.p.r.p.TestFile    Now processing file /home/runner/work/key/key/key.core/../key.ui/examples/InformationFlow/NewObjects/object.AmtoftBanerjee(object.AmtoftBanerjee__getQ()).Non-interference contract.0.m.key 
39475      INFO  main            d.u.i.k.p.i.AbstractProblemLoader Loading environment from /home/runner/work/key/key/key.core/../key.ui/examples/InformationFlow/NewObjects/object.AmtoftBanerjee(object.AmtoftBanerjee__getQ()).Non-interference contract.0.m.key 
39476      DEBUG main            d.u.i.k.p.i.AbstractProblemLoader Environment load took 570.5ns 
39478      INFO  main            d.u.i.k.p.i.AbstractProblemLoader Creating init config 
40956      DEBUG main            d.u.i.k.j.r.ClassPreparationMethodBuilder clPrepBuilder: Inner Class detected. Reject building class initialisation methods. 
44318      DEBUG main            d.u.i.k.p.i.AbstractProblemLoader Init config took 4.84s 
44442      INFO  main            d.u.i.k.p.i.AbstractProblemLoader Replaying proof object.AmtoftBanerjee[object.AmtoftBanerjee::getQ()].Non-interference contract.0 
44449      DEBUG main            d.u.i.k.p.i.IntermediateProofReplayer Proof replay took 373.5ns 
44451      DEBUG main            d.u.i.k.m.s.ProofScriptEngine 1: 'macro 'infflow-autopilot'' 
44539      DEBUG main            d.u.i.k.p.m.ProofCorrectnessMgt No justification found for rule Class_invariant_axiom_for_object_AmtoftBanerjee 
44734      INFO  main            d.u.i.k.p.r.p.TestFile    ... finished proof: closed. 
45002      INFO  main            d.u.i.k.p.r.p.TestFile    Now processing file /home/runner/work/key/key/key.core/../key.ui/examples/InformationFlow/NewObjects/object.Naumann(object.Naumann__Pair_m(int,int)).Non-interference contract.0.m.key 
45008      INFO  main            d.u.i.k.p.i.AbstractProblemLoader Loading environment from /home/runner/work/key/key/key.core/../key.ui/examples/InformationFlow/NewObjects/object.Naumann(object.Naumann__Pair_m(int,int)).Non-interference contract.0.m.key 
45009      DEBUG main            d.u.i.k.p.i.AbstractProblemLoader Environment load took 701.5ns 
45011      INFO  main            d.u.i.k.p.i.AbstractProblemLoader Creating init config 
46403      DEBUG main            d.u.i.k.j.r.ClassPreparationMethodBuilder clPrepBuilder: Inner Class detected. Reject building class initialisation methods. 
49738      DEBUG main            d.u.i.k.p.i.AbstractProblemLoader Init config took 4.73s 
49839      INFO  main            d.u.i.k.p.i.AbstractProblemLoader Replaying proof object.Naumann[object.Naumann::Pair_m(int,int)].Non-interference contract.0 
49845      DEBUG main            d.u.i.k.p.i.IntermediateProofReplayer Proof replay took 30.6ns 
49847      DEBUG main            d.u.i.k.m.s.ProofScriptEngine 1: 'macro 'infflow-autopilot'' 
72958      INFO  main            d.u.i.k.p.r.p.TestFile    ... finished proof: closed. 
73411      INFO  main            d.u.i.k.p.r.p.TestFile    Now processing file /home/runner/work/key/key/key.core/../key.ui/examples/InformationFlow/NewObjects/object.ObjectOrientation(object.ObjectOrientation__secure_while_i((Ljava.lang.Object)).Non-interference contract.0.m.key 
73412      INFO  main            d.u.i.k.p.i.AbstractProblemLoader Loading environment from /home/runner/work/key/key/key.core/../key.ui/examples/InformationFlow/NewObjects/object.ObjectOrientation(object.ObjectOrientation__secure_while_i((Ljava.lang.Object)).Non-interference contract.0.m.key 
73412      DEBUG main            d.u.i.k.p.i.AbstractProblemLoader Environment load took 210.3ns 
73415      INFO  main            d.u.i.k.p.i.AbstractProblemLoader Creating init config 
74798      DEBUG main            d.u.i.k.j.r.ClassPreparationMethodBuilder clPrepBuilder: Inner Class detected. Reject building class initialisation methods. 
78109      DEBUG main            d.u.i.k.p.i.AbstractProblemLoader Init config took 4.69s 
78212      INFO  main            d.u.i.k.p.i.AbstractProblemLoader Replaying proof object.ObjectOrientation[object.ObjectOrientation::secure_while_i([Ljava.lang.Object)].Non-interference contract.0 
78218      DEBUG main            d.u.i.k.p.i.IntermediateProofReplayer Proof replay took 36ns 
78220      DEBUG main            d.u.i.k.m.s.ProofScriptEngine 1: 'macro 'infflow-autopilot'' 
78331      DEBUG main            d.u.i.k.p.m.ProofCorrectnessMgt No justification found for rule Class_invariant_axiom_for_object_ObjectOrientation 
90585      INFO  main            d.u.i.k.p.r.p.TestFile    ... finished proof: closed. 
91078      INFO  main            d.u.i.k.p.r.p.TestFile    Now processing file /home/runner/work/key/key/key.core/../key.ui/examples/InformationFlow/NewObjects/object.ObjectOrientation(object.ObjectOrientation__secure_method_call()).Non-interference contract.0.m.key 
91080      INFO  main            d.u.i.k.p.i.AbstractProblemLoader Loading environment from /home/runner/work/key/key/key.core/../key.ui/examples/InformationFlow/NewObjects/object.ObjectOrientation(object.ObjectOrientation__secure_method_call()).Non-interference contract.0.m.key 
91080      DEBUG main            d.u.i.k.p.i.AbstractProblemLoader Environment load took 254.7ns 
91082      INFO  main            d.u.i.k.p.i.AbstractProblemLoader Creating init config 
92401      DEBUG main            d.u.i.k.j.r.ClassPreparationMethodBuilder clPrepBuilder: Inner Class detected. Reject building class initialisation methods. 
95510      DEBUG main            d.u.i.k.p.i.AbstractProblemLoader Init config took 4.43s 
95614      INFO  main            d.u.i.k.p.i.AbstractProblemLoader Replaying proof object.ObjectOrientation[object.ObjectOrientation::secure_method_call()].Non-interference contract.0 
95621      DEBUG main            d.u.i.k.p.i.IntermediateProofReplayer Proof replay took 43.2ns 
95623      DEBUG main            d.u.i.k.m.s.ProofScriptEngine 1: 'macro 'infflow-autopilot'' 
95684      DEBUG main            d.u.i.k.p.m.ProofCorrectnessMgt No justification found for rule Class_invariant_axiom_for_object_ObjectOrientation 
95765      DEBUG main            d.u.i.k.p.m.ProofCorrectnessMgt No justification found for rule Class_invariant_axiom_for_object_ObjectOrientation 
95817      DEBUG main            d.u.i.k.p.m.ProofCorrectnessMgt No justification found for rule Class_invariant_axiom_for_object_ObjectOrientation 
95914      DEBUG main            d.u.i.k.p.m.ProofCorrectnessMgt No justification found for rule Class_invariant_axiom_for_object_ObjectOrientation 
96547      INFO  main            d.u.i.k.p.r.p.TestFile    ... finished proof: closed. 
96872      INFO  main            d.u.i.k.p.r.p.TestFile    Now processing file /home/runner/work/key/key/key.core/../key.ui/examples/InformationFlow/NewObjects/object.ObjectOrientation(object.ObjectOrientation__if_two_object_creation_next()).Non-interference contract.1.m.key 
96872      INFO  main            d.u.i.k.p.i.AbstractProblemLoader Loading environment from /home/runner/work/key/key/key.core/../key.ui/examples/InformationFlow/NewObjects/object.ObjectOrientation(object.ObjectOrientation__if_two_object_creation_next()).Non-interference contract.1.m.key 
96872      DEBUG main            d.u.i.k.p.i.AbstractProblemLoader Environment load took 144.5ns 
96874      INFO  main            d.u.i.k.p.i.AbstractProblemLoader Creating init config 
98325      DEBUG main            d.u.i.k.j.r.ClassPreparationMethodBuilder clPrepBuilder: Inner Class detected. Reject building class initialisation methods. 
101345     DEBUG main            d.u.i.k.p.i.AbstractProblemLoader Init config took 4.47s 
101443     INFO  main            d.u.i.k.p.i.AbstractProblemLoader Replaying proof object.ObjectOrientation[object.ObjectOrientation::if_two_object_creation_next()].Non-interference contract.1 
101449     DEBUG main            d.u.i.k.p.i.IntermediateProofReplayer Proof replay took 49.7ns 
101450     DEBUG main            d.u.i.k.m.s.ProofScriptEngine 1: 'macro 'infflow-autopilot'' 
101545     DEBUG main            d.u.i.k.p.m.ProofCorrectnessMgt No justification found for rule Class_invariant_axiom_for_object_ObjectOrientation 
156140     INFO  main            d.u.i.k.p.r.p.TestFile    ... finished proof: open goal(s) 
156600     INFO  main            d.u.i.k.p.r.p.TestFile    Now processing file /home/runner/work/key/key/key.core/../key.ui/examples/InformationFlow/NewObjects/object.ObjectOrientation(object.ObjectOrientation__if_two_object_creation_next()).Non-interference contract.0.m.key 
156601     INFO  main            d.u.i.k.p.i.AbstractProblemLoader Loading environment from /home/runner/work/key/key/key.core/../key.ui/examples/InformationFlow/NewObjects/object.ObjectOrientation(object.ObjectOrientation__if_two_object_creation_next()).Non-interference contract.0.m.key 
156602     DEBUG main            d.u.i.k.p.i.AbstractProblemLoader Environment load took 643.7ns 
156604     INFO  main            d.u.i.k.p.i.AbstractProblemLoader Creating init config 
158009     DEBUG main            d.u.i.k.j.r.ClassPreparationMethodBuilder clPrepBuilder: Inner Class detected. Reject building class initialisation methods. 
161079     DEBUG main            d.u.i.k.p.i.AbstractProblemLoader Init config took 4.48s 
161167     INFO  main            d.u.i.k.p.i.AbstractProblemLoader Replaying proof object.ObjectOrientation[object.ObjectOrientation::if_two_object_creation_next()].Non-interference contract.0 
161172     DEBUG main            d.u.i.k.p.i.IntermediateProofReplayer Proof replay took 32ns 
161174     DEBUG main            d.u.i.k.m.s.ProofScriptEngine 1: 'macro 'infflow-autopilot'' 
161240     DEBUG main            d.u.i.k.p.m.ProofCorrectnessMgt No justification found for rule Class_invariant_axiom_for_object_ObjectOrientation 
183664     INFO  main            d.u.i.k.p.r.p.TestFile    ... finished proof: closed. 
184211     INFO  main            d.u.i.k.p.r.p.TestFile    Now processing file /home/runner/work/key/key/key.core/../key.ui/examples/InformationFlow/NewObjects/object.ObjectOrientation(object.ObjectOrientation__secure_if_two_object_creation()).Non-interference contract.0.m.key 
184211     INFO  main            d.u.i.k.p.i.AbstractProblemLoader Loading environment from /home/runner/work/key/key/key.core/../key.ui/examples/InformationFlow/NewObjects/object.ObjectOrientation(object.ObjectOrientation__secure_if_two_object_creation()).Non-interference contract.0.m.key 
184211     DEBUG main            d.u.i.k.p.i.AbstractProblemLoader Environment load took 185.3ns 
184213     INFO  main            d.u.i.k.p.i.AbstractProblemLoader Creating init config 
185598     DEBUG main            d.u.i.k.j.r.ClassPreparationMethodBuilder clPrepBuilder: Inner Class detected. Reject building class initialisation methods. 
188586     DEBUG main            d.u.i.k.p.i.AbstractProblemLoader Init config took 4.37s 
188668     INFO  main            d.u.i.k.p.i.AbstractProblemLoader Replaying proof object.ObjectOrientation[object.ObjectOrientation::secure_if_two_object_creation()].Non-interference contract.0 
188673     DEBUG main            d.u.i.k.p.i.IntermediateProofReplayer Proof replay took 25.8ns 
188675     DEBUG main            d.u.i.k.m.s.ProofScriptEngine 1: 'macro 'infflow-autopilot'' 
188739     DEBUG main            d.u.i.k.p.m.ProofCorrectnessMgt No justification found for rule Class_invariant_axiom_for_object_ObjectOrientation 
210223     INFO  main            d.u.i.k.p.r.p.TestFile    ... finished proof: closed. 
210686     INFO  main            d.u.i.k.p.r.p.TestFile    Now processing file /home/runner/work/key/key/key.core/../key.ui/examples/InformationFlow/NewObjects/object.ObjectOrientation(object.ObjectOrientation__insecure_two_object_creation()).Non-interference contract.0.m.key 
210686     INFO  main            d.u.i.k.p.i.AbstractProblemLoader Loading environment from /home/runner/work/key/key/key.core/../key.ui/examples/InformationFlow/NewObjects/object.ObjectOrientation(object.ObjectOrientation__insecure_two_object_creation()).Non-interference contract.0.m.key 
210687     DEBUG main            d.u.i.k.p.i.AbstractProblemLoader Environment load took 232ns 
210688     INFO  main            d.u.i.k.p.i.AbstractProblemLoader Creating init config 
212040     DEBUG main            d.u.i.k.j.r.ClassPreparationMethodBuilder clPrepBuilder: Inner Class detected. Reject building class initialisation methods. 
215015     DEBUG main            d.u.i.k.p.i.AbstractProblemLoader Init config took 4.33s 
215104     INFO  main            d.u.i.k.p.i.AbstractProblemLoader Replaying proof object.ObjectOrientation[object.ObjectOrientation::insecure_two_object_creation()].Non-interference contract.0 
215109     DEBUG main            d.u.i.k.p.i.IntermediateProofReplayer Proof replay took 27.8ns 
215110     DEBUG main            d.u.i.k.m.s.ProofScriptEngine 1: 'macro 'infflow-autopilot'' 
215173     DEBUG main            d.u.i.k.p.m.ProofCorrectnessMgt No justification found for rule Class_invariant_axiom_for_object_ObjectOrientation 
266251     INFO  main            d.u.i.k.p.r.p.TestFile    ... finished proof: open goal(s) 
266734     INFO  main            d.u.i.k.p.r.p.TestFile    Now processing file /home/runner/work/key/key/key.core/../key.ui/examples/InformationFlow/NewObjects/object.ObjectOrientation(object.ObjectOrientation__secure_two_object_creation()).Non-interference contract.0.m.key 
266735     INFO  main            d.u.i.k.p.i.AbstractProblemLoader Loading environment from /home/runner/work/key/key/key.core/../key.ui/examples/InformationFlow/NewObjects/object.ObjectOrientation(object.ObjectOrientation__secure_two_object_creation()).Non-interference contract.0.m.key 
266736     DEBUG main            d.u.i.k.p.i.AbstractProblemLoader Environment load took 779.2ns 
266738     INFO  main            d.u.i.k.p.i.AbstractProblemLoader Creating init config 
268067     DEBUG main            d.u.i.k.j.r.ClassPreparationMethodBuilder clPrepBuilder: Inner Class detected. Reject building class initialisation methods. 
271022     DEBUG main            d.u.i.k.p.i.AbstractProblemLoader Init config took 4.28s 
271095     INFO  main            d.u.i.k.p.i.AbstractProblemLoader Replaying proof object.ObjectOrientation[object.ObjectOrientation::secure_two_object_creation()].Non-interference contract.0 
271100     DEBUG main            d.u.i.k.p.i.IntermediateProofReplayer Proof replay took 41.7ns 
271102     DEBUG main            d.u.i.k.m.s.ProofScriptEngine 1: 'macro 'infflow-autopilot'' 
271161     DEBUG main            d.u.i.k.p.m.ProofCorrectnessMgt No justification found for rule Class_invariant_axiom_for_object_ObjectOrientation 
288668     INFO  main            d.u.i.k.p.r.p.TestFile    ... finished proof: closed. 
289199     INFO  main            d.u.i.k.p.r.p.TestFile    Now processing file /home/runner/work/key/key/key.core/../key.ui/examples/InformationFlow/NewObjects/object.ObjectOrientation(object.ObjectOrientation__insecure_object_assignment()).Non-interference contract.1.m.key 
289201     INFO  main            d.u.i.k.p.i.AbstractProblemLoader Loading environment from /home/runner/work/key/key/key.core/../key.ui/examples/InformationFlow/NewObjects/object.ObjectOrientation(object.ObjectOrientation__insecure_object_assignment()).Non-interference contract.1.m.key 
289201     DEBUG main            d.u.i.k.p.i.AbstractProblemLoader Environment load took 591.5ns 
289203     INFO  main            d.u.i.k.p.i.AbstractProblemLoader Creating init config 
290494     DEBUG main            d.u.i.k.j.r.ClassPreparationMethodBuilder clPrepBuilder: Inner Class detected. Reject building class initialisation methods. 
293448     DEBUG main            d.u.i.k.p.i.AbstractProblemLoader Init config took 4.24s 
293526     INFO  main            d.u.i.k.p.i.AbstractProblemLoader Replaying proof object.ObjectOrientation[object.ObjectOrientation::insecure_object_assignment()].Non-interference contract.1 
293531     DEBUG main            d.u.i.k.p.i.IntermediateProofReplayer Proof replay took 36.7ns 
293533     DEBUG main            d.u.i.k.m.s.ProofScriptEngine 1: 'macro 'infflow-autopilot'' 
293598     DEBUG main            d.u.i.k.p.m.ProofCorrectnessMgt No justification found for rule Class_invariant_axiom_for_object_ObjectOrientation 
309805     INFO  main            d.u.i.k.p.r.p.TestFile    ... finished proof: open goal(s) 
310222     INFO  main            d.u.i.k.p.r.p.TestFile    Now processing file /home/runner/work/key/key/key.core/../key.ui/examples/InformationFlow/NewObjects/object.ObjectOrientation(object.ObjectOrientation__insecure_object_assignment()).Non-interference contract.0.m.key 
310222     INFO  main            d.u.i.k.p.i.AbstractProblemLoader Loading environment from /home/runner/work/key/key/key.core/../key.ui/examples/InformationFlow/NewObjects/object.ObjectOrientation(object.ObjectOrientation__insecure_object_assignment()).Non-interference contract.0.m.key 
310223     DEBUG main            d.u.i.k.p.i.AbstractProblemLoader Environment load took 140.6ns 
310225     INFO  main            d.u.i.k.p.i.AbstractProblemLoader Creating init config 
311536     DEBUG main            d.u.i.k.j.r.ClassPreparationMethodBuilder clPrepBuilder: Inner Class detected. Reject building class initialisation methods. 
314577     DEBUG main            d.u.i.k.p.i.AbstractProblemLoader Init config took 4.35s 
314683     INFO  main            d.u.i.k.p.i.AbstractProblemLoader Replaying proof object.ObjectOrientation[object.ObjectOrientation::insecure_object_assignment()].Non-interference contract.0 
314689     DEBUG main            d.u.i.k.p.i.IntermediateProofReplayer Proof replay took 32.8ns 
314691     DEBUG main            d.u.i.k.m.s.ProofScriptEngine 1: 'macro 'infflow-autopilot'' 
314751     DEBUG main            d.u.i.k.p.m.ProofCorrectnessMgt No justification found for rule Class_invariant_axiom_for_object_ObjectOrientation 
315131     INFO  main            d.u.i.k.p.r.p.TestFile    ... finished proof: open goal(s) 
315527     INFO  main            d.u.i.k.p.r.p.TestFile    Now processing file /home/runner/work/key/key/key.core/../key.ui/examples/InformationFlow/NewObjects/object.ObjectOrientation(object.ObjectOrientation__secure_object_creation_3()).Non-interference contract.0.m.key 
315528     INFO  main            d.u.i.k.p.i.AbstractProblemLoader Loading environment from /home/runner/work/key/key/key.core/../key.ui/examples/InformationFlow/NewObjects/object.ObjectOrientation(object.ObjectOrientation__secure_object_creation_3()).Non-interference contract.0.m.key 
315529     DEBUG main            d.u.i.k.p.i.AbstractProblemLoader Environment load took 595.8ns 
315532     INFO  main            d.u.i.k.p.i.AbstractProblemLoader Creating init config 
316927     DEBUG main            d.u.i.k.j.r.ClassPreparationMethodBuilder clPrepBuilder: Inner Class detected. Reject building class initialisation methods. 
319959     DEBUG main            d.u.i.k.p.i.AbstractProblemLoader Init config took 4.43s 
320030     INFO  main            d.u.i.k.p.i.AbstractProblemLoader Replaying proof object.ObjectOrientation[object.ObjectOrientation::secure_object_creation_3()].Non-interference contract.0 
320038     DEBUG main            d.u.i.k.p.i.IntermediateProofReplayer Proof replay took 36.1ns 
320042     DEBUG main            d.u.i.k.m.s.ProofScriptEngine 1: 'macro 'infflow-autopilot'' 
320105     DEBUG main            d.u.i.k.p.m.ProofCorrectnessMgt No justification found for rule Class_invariant_axiom_for_object_ObjectOrientation 
320832     INFO  main            d.u.i.k.p.r.p.TestFile    ... finished proof: closed. 
321200     INFO  main            d.u.i.k.p.r.p.TestFile    Now processing file /home/runner/work/key/key/key.core/../key.ui/examples/InformationFlow/NewObjects/object.ObjectOrientation(object.ObjectOrientation__secure_object_creation_2()).Non-interference contract.0.m.key 
321201     INFO  main            d.u.i.k.p.i.AbstractProblemLoader Loading environment from /home/runner/work/key/key/key.core/../key.ui/examples/InformationFlow/NewObjects/object.ObjectOrientation(object.ObjectOrientation__secure_object_creation_2()).Non-interference contract.0.m.key 
321201     DEBUG main            d.u.i.k.p.i.AbstractProblemLoader Environment load took 232.4ns 
321204     INFO  main            d.u.i.k.p.i.AbstractProblemLoader Creating init config 
322547     DEBUG main            d.u.i.k.j.r.ClassPreparationMethodBuilder clPrepBuilder: Inner Class detected. Reject building class initialisation methods. 
325505     DEBUG main            d.u.i.k.p.i.AbstractProblemLoader Init config took 4.3s 
325573     INFO  main            d.u.i.k.p.i.AbstractProblemLoader Replaying proof object.ObjectOrientation[object.ObjectOrientation::secure_object_creation_2()].Non-interference contract.0 
325578     DEBUG main            d.u.i.k.p.i.IntermediateProofReplayer Proof replay took 29.6ns 
325579     DEBUG main            d.u.i.k.m.s.ProofScriptEngine 1: 'macro 'infflow-autopilot'' 
325644     DEBUG main            d.u.i.k.p.m.ProofCorrectnessMgt No justification found for rule Class_invariant_axiom_for_object_ObjectOrientation 
326140     INFO  main            d.u.i.k.p.r.p.TestFile    ... finished proof: closed. 
326515     INFO  main            d.u.i.k.p.r.p.TestFile    Now processing file /home/runner/work/key/key/key.core/../key.ui/examples/InformationFlow/NewObjects/object.ObjectOrientation(object.ObjectOrientation__secure_object_creation()).Non-interference contract.0.m.key 
326516     INFO  main            d.u.i.k.p.i.AbstractProblemLoader Loading environment from /home/runner/work/key/key/key.core/../key.ui/examples/InformationFlow/NewObjects/object.ObjectOrientation(object.ObjectOrientation__secure_object_creation()).Non-interference contract.0.m.key 
326517     DEBUG main            d.u.i.k.p.i.AbstractProblemLoader Environment load took 734ns 
326519     INFO  main            d.u.i.k.p.i.AbstractProblemLoader Creating init config 
327827     DEBUG main            d.u.i.k.j.r.ClassPreparationMethodBuilder clPrepBuilder: Inner Class detected. Reject building class initialisation methods. 
330743     DEBUG main            d.u.i.k.p.i.AbstractProblemLoader Init config took 4.22s 
330814     INFO  main            d.u.i.k.p.i.AbstractProblemLoader Replaying proof object.ObjectOrientation[object.ObjectOrientation::secure_object_creation()].Non-interference contract.0 
330821     DEBUG main            d.u.i.k.p.i.IntermediateProofReplayer Proof replay took 32.1ns 
330823     DEBUG main            d.u.i.k.m.s.ProofScriptEngine 1: 'macro 'infflow-autopilot'' 
330906     DEBUG main            d.u.i.k.p.m.ProofCorrectnessMgt No justification found for rule Class_invariant_axiom_for_object_ObjectOrientation 
331523     INFO  main            d.u.i.k.p.r.p.TestFile    ... finished proof: closed. 
331902     INFO  main            d.u.i.k.p.r.p.TestFile    Now processing file /home/runner/work/key/key/key.core/../key.ui/examples/InformationFlow/NewObjects/object.AmtoftBanerjee2(object.AmtoftBanerjee2__expensive(int)).Non-interference contract.0.m.key 
331903     INFO  main            d.u.i.k.p.i.AbstractProblemLoader Loading environment from /home/runner/work/key/key/key.core/../key.ui/examples/InformationFlow/NewObjects/object.AmtoftBanerjee2(object.AmtoftBanerjee2__expensive(int)).Non-interference contract.0.m.key 
331903     DEBUG main            d.u.i.k.p.i.AbstractProblemLoader Environment load took 409.7ns 
331906     INFO  main            d.u.i.k.p.i.AbstractProblemLoader Creating init config 
333194     DEBUG main            d.u.i.k.j.r.ClassPreparationMethodBuilder clPrepBuilder: Inner Class detected. Reject building class initialisation methods. 
336259     DEBUG main            d.u.i.k.p.i.AbstractProblemLoader Init config took 4.35s 
336343     INFO  main            d.u.i.k.p.i.AbstractProblemLoader Replaying proof object.AmtoftBanerjee2[object.AmtoftBanerjee2::expensive(int)].Non-interference contract.0 
336348     DEBUG main            d.u.i.k.p.i.IntermediateProofReplayer Proof replay took 39.4ns 
336350     DEBUG main            d.u.i.k.m.s.ProofScriptEngine 1: 'macro 'infflow-autopilot'' 
336551     INFO  main            d.u.i.k.p.r.p.TestFile    ... finished proof: closed. 
336941     INFO  main            d.u.i.k.p.r.p.TestFile    Now processing file /home/runner/work/key/key/key.core/../key.ui/examples/InformationFlow/NewObjects/object.AmtoftBanerjee2(object.AmtoftBanerjee2__cexp(int)).Non-interference contract.0.m.key 
336942     INFO  main            d.u.i.k.p.i.AbstractProblemLoader Loading environment from /home/runner/work/key/key/key.core/../key.ui/examples/InformationFlow/NewObjects/object.AmtoftBanerjee2(object.AmtoftBanerjee2__cexp(int)).Non-interference contract.0.m.key 
336942     DEBUG main            d.u.i.k.p.i.AbstractProblemLoader Environment load took 175.7ns 
336944     INFO  main            d.u.i.k.p.i.AbstractProblemLoader Creating init config 
338259     DEBUG main            d.u.i.k.j.r.ClassPreparationMethodBuilder clPrepBuilder: Inner Class detected. Reject building class initialisation methods. 
341304     DEBUG main            d.u.i.k.p.i.AbstractProblemLoader Init config took 4.36s 
341375     INFO  main            d.u.i.k.p.i.AbstractProblemLoader Replaying proof object.AmtoftBanerjee2[object.AmtoftBanerjee2::cexp(int)].Non-interference contract.0 
341381     DEBUG main            d.u.i.k.p.i.IntermediateProofReplayer Proof replay took 43.2ns 
341382     DEBUG main            d.u.i.k.m.s.ProofScriptEngine 1: 'macro 'infflow-autopilot'' 
341446     DEBUG main            d.u.i.k.p.m.ProofCorrectnessMgt No justification found for rule Class_invariant_axiom_for_object_AmtoftBanerjee2 
344248     INFO  main            d.u.i.k.p.r.p.TestFile    ... finished proof: closed. 
4710484    INFO  Test worker     d.u.i.k.p.r.RunAllProofsTestUnit Returning from test NewObjects_fullmacro 
4710486    INFO  Test worker     d.u.i.k.p.r.RunAllProofsTestUnit Running test SimpleEvoting_fullmacro 
663        INFO  Timeout watchdog d.u.i.k.p.r.p.ForkedTestFileRunner Timeout watcher launched (1000 secs.) 
687        WARN  main            d.u.i.k.s.ProofSettings   The settings in /home/runner/.key/proof-settings.props are *not* read. 
731        INFO  main            d.u.i.k.p.r.p.TestFile    Now processing file /home/runner/work/key/key/key.core/../key.ui/examples/InformationFlow/SimpleEvoting/simple_evoting.Environment(simple_evoting.Environment__untrustedOutputMessage((B)).Non-interference contract.0.m.key 
1025       INFO  main            d.u.i.k.p.i.AbstractProblemLoader Loading environment from /home/runner/work/key/key/key.core/../key.ui/examples/InformationFlow/SimpleEvoting/simple_evoting.Environment(simple_evoting.Environment__untrustedOutputMessage((B)).Non-interference contract.0.m.key 
1062       DEBUG main            d.u.i.k.p.i.AbstractProblemLoader Environment load took 4.62ms 
1462       INFO  main            d.u.i.k.p.i.AbstractProblemLoader Creating init config 
2787       DEBUG main            d.u.i.k.j.TypeConverter   No LDT found for Meta 
2789       DEBUG main            d.u.i.k.j.TypeConverter   No LDT found for Meta 
2791       DEBUG main            d.u.i.k.j.TypeConverter   No LDT found for Meta 
2792       DEBUG main            d.u.i.k.j.TypeConverter   No LDT found for Meta 
4895       DEBUG main            d.u.i.k.j.TypeConverter   No LDT found for JavaBigintExpression 
16399      DEBUG main            d.u.i.k.p.i.AbstractProblemLoader Init config took 14.94s 
16832      INFO  main            d.u.i.k.p.i.AbstractProblemLoader Replaying proof simple_evoting.Environment[simple_evoting.Environment::untrustedOutputMessage([B)].Non-interference contract.0 
17082      DEBUG main            d.u.i.k.p.i.IntermediateProofReplayer Proof replay took 1.58ms 
17208      DEBUG main            d.u.i.k.m.s.ProofScriptEngine 1: 'macro 'infflow-autopilot'' 
18313      DEBUG main            d.u.i.k.p.m.ProofCorrectnessMgt No justification found for rule JML_represents_clause_for_simple_evoting_Environment_rep 
18709      DEBUG main            d.u.i.k.p.m.ProofCorrectnessMgt No justification found for rule JML_represents_clause_for_simple_evoting_Environment_rep 
21081      DEBUG main            d.u.i.k.p.m.ProofCorrectnessMgt No justification found for rule JML_represents_clause_for_simple_evoting_Environment_rep 
22232      DEBUG main            d.u.i.k.p.m.ProofCorrectnessMgt No justification found for rule JML_represents_clause_for_simple_evoting_Environment_rep 
24805      DEBUG main            d.u.i.k.p.m.ProofCorrectnessMgt No justification found for rule JML_represents_clause_for_simple_evoting_Environment_rep 
28830      INFO  main            d.u.i.k.p.r.p.TestFile    ... finished proof: closed. 
29203      INFO  main            d.u.i.k.p.r.p.TestFile    Now processing file /home/runner/work/key/key/key.core/../key.ui/examples/InformationFlow/SimpleEvoting/simple_evoting.Environment(simple_evoting.Environment__untrustedInputMessage()).Non-interference contract.0.m.key 
29205      INFO  main            d.u.i.k.p.i.AbstractProblemLoader Loading environment from /home/runner/work/key/key/key.core/../key.ui/examples/InformationFlow/SimpleEvoting/simple_evoting.Environment(simple_evoting.Environment__untrustedInputMessage()).Non-interference contract.0.m.key 
29206      DEBUG main            d.u.i.k.p.i.AbstractProblemLoader Environment load took 710ns 
29213      INFO  main            d.u.i.k.p.i.AbstractProblemLoader Creating init config 
35186      DEBUG main            d.u.i.k.p.i.AbstractProblemLoader Init config took 5.97s 
35319      INFO  main            d.u.i.k.p.i.AbstractProblemLoader Replaying proof simple_evoting.Environment[simple_evoting.Environment::untrustedInputMessage()].Non-interference contract.0 
35325      DEBUG main            d.u.i.k.p.i.IntermediateProofReplayer Proof replay took 21.8ns 
35327      DEBUG main            d.u.i.k.m.s.ProofScriptEngine 1: 'macro 'infflow-autopilot'' 
35476      DEBUG main            d.u.i.k.p.m.ProofCorrectnessMgt No justification found for rule JML_represents_clause_for_simple_evoting_Environment_rep 
35906      DEBUG main            d.u.i.k.p.m.ProofCorrectnessMgt No justification found for rule JML_represents_clause_for_simple_evoting_Environment_rep 
40691      INFO  main            d.u.i.k.p.r.p.TestFile    ... finished proof: closed. 
41052      INFO  main            d.u.i.k.p.r.p.TestFile    Now processing file /home/runner/work/key/key/key.core/../key.ui/examples/InformationFlow/SimpleEvoting/simple_evoting.Environment(simple_evoting.Environment__untrustedOutput(int)).Non-interference contract.0.m.key 
41053      INFO  main            d.u.i.k.p.i.AbstractProblemLoader Loading environment from /home/runner/work/key/key/key.core/../key.ui/examples/InformationFlow/SimpleEvoting/simple_evoting.Environment(simple_evoting.Environment__untrustedOutput(int)).Non-interference contract.0.m.key 
41054      DEBUG main            d.u.i.k.p.i.AbstractProblemLoader Environment load took 804.3ns 
41059      INFO  main            d.u.i.k.p.i.AbstractProblemLoader Creating init config 
46795      DEBUG main            d.u.i.k.p.i.AbstractProblemLoader Init config took 5.74s 
46921      INFO  main            d.u.i.k.p.i.AbstractProblemLoader Replaying proof simple_evoting.Environment[simple_evoting.Environment::untrustedOutput(int)].Non-interference contract.0 
46925      DEBUG main            d.u.i.k.p.i.IntermediateProofReplayer Proof replay took 29.3ns 
46927      DEBUG main            d.u.i.k.m.s.ProofScriptEngine 1: 'macro 'infflow-autopilot'' 
47130      INFO  main            d.u.i.k.p.r.p.TestFile    ... finished proof: closed. 
47446      INFO  main            d.u.i.k.p.r.p.TestFile    Now processing file /home/runner/work/key/key/key.core/../key.ui/examples/InformationFlow/SimpleEvoting/simple_evoting.Environment(simple_evoting.Environment__untrustedInput(int)).Non-interference contract.0.m.key 
47448      INFO  main            d.u.i.k.p.i.AbstractProblemLoader Loading environment from /home/runner/work/key/key/key.core/../key.ui/examples/InformationFlow/SimpleEvoting/simple_evoting.Environment(simple_evoting.Environment__untrustedInput(int)).Non-interference contract.0.m.key 
47449      DEBUG main            d.u.i.k.p.i.AbstractProblemLoader Environment load took 601.8ns 
47452      INFO  main            d.u.i.k.p.i.AbstractProblemLoader Creating init config 
52811      DEBUG main            d.u.i.k.p.i.AbstractProblemLoader Init config took 5.36s 
52938      INFO  main            d.u.i.k.p.i.AbstractProblemLoader Replaying proof simple_evoting.Environment[simple_evoting.Environment::untrustedInput(int)].Non-interference contract.0 
52943      DEBUG main            d.u.i.k.p.i.IntermediateProofReplayer Proof replay took 24.6ns 
52945      DEBUG main            d.u.i.k.m.s.ProofScriptEngine 1: 'macro 'infflow-autopilot'' 
53242      INFO  main            d.u.i.k.p.r.p.TestFile    ... finished proof: open goal(s) 
53490      INFO  main            d.u.i.k.p.r.p.TestFile    Now processing file /home/runner/work/key/key/key.core/../key.ui/examples/InformationFlow/SimpleEvoting/simple_evoting.Environment(simple_evoting.Environment__untrustedInput()).Non-interference contract.0.m.key 
53492      INFO  main            d.u.i.k.p.i.AbstractProblemLoader Loading environment from /home/runner/work/key/key/key.core/../key.ui/examples/InformationFlow/SimpleEvoting/simple_evoting.Environment(simple_evoting.Environment__untrustedInput()).Non-interference contract.0.m.key 
53493      DEBUG main            d.u.i.k.p.i.AbstractProblemLoader Environment load took 1.48ms 
53495      INFO  main            d.u.i.k.p.i.AbstractProblemLoader Creating init config 
58802      DEBUG main            d.u.i.k.p.i.AbstractProblemLoader Init config took 5.31s 
58919      INFO  main            d.u.i.k.p.i.AbstractProblemLoader Replaying proof simple_evoting.Environment[simple_evoting.Environment::untrustedInput()].Non-interference contract.0 
58926      DEBUG main            d.u.i.k.p.i.IntermediateProofReplayer Proof replay took 24.7ns 
58928      DEBUG main            d.u.i.k.m.s.ProofScriptEngine 1: 'macro 'infflow-autopilot'' 
59141      INFO  main            d.u.i.k.p.r.p.TestFile    ... finished proof: open goal(s) 
59425      INFO  main            d.u.i.k.p.r.p.TestFile    Now processing file /home/runner/work/key/key/key.core/../key.ui/examples/InformationFlow/SimpleEvoting/simple_evoting.SMT(simple_evoting.SMT__send(simple_evoting.Message,int,simple_evoting.Server)).Non-interference contract.1.m.key 
59427      INFO  main            d.u.i.k.p.i.AbstractProblemLoader Loading environment from /home/runner/work/key/key/key.core/../key.ui/examples/InformationFlow/SimpleEvoting/simple_evoting.SMT(simple_evoting.SMT__send(simple_evoting.Message,int,simple_evoting.Server)).Non-interference contract.1.m.key 
59427      DEBUG main            d.u.i.k.p.i.AbstractProblemLoader Environment load took 428.7ns 
59431      INFO  main            d.u.i.k.p.i.AbstractProblemLoader Creating init config 
64847      DEBUG main            d.u.i.k.p.i.AbstractProblemLoader Init config took 5.42s 
64953      INFO  main            d.u.i.k.p.i.AbstractProblemLoader Replaying proof simple_evoting.SMT[simple_evoting.SMT::send(simple_evoting.Message,int,simple_evoting.Server)].Non-interference contract.1 
64958      DEBUG main            d.u.i.k.p.i.IntermediateProofReplayer Proof replay took 25.3ns 
64960      DEBUG main            d.u.i.k.m.s.ProofScriptEngine 1: 'macro 'infflow-autopilot'' 
65135      DEBUG main            d.u.i.k.p.m.ProofCorrectnessMgt No justification found for rule Class_invariant_axiom_for_simple_evoting_Server 
65150      DEBUG main            d.u.i.k.p.m.ProofCorrectnessMgt No justification found for rule Class_invariant_axiom_for_simple_evoting_Message 
65235      DEBUG main            d.u.i.k.p.m.ProofCorrectnessMgt No justification found for rule JML_represents_clause_for_simple_evoting_Environment_rep 
65745      DEBUG main            d.u.i.k.p.m.ProofCorrectnessMgt No justification found for rule Class_invariant_axiom_for_simple_evoting_Server 
65961      DEBUG main            d.u.i.k.p.m.ProofCorrectnessMgt No justification found for rule Class_invariant_axiom_for_simple_evoting_Message 
66045      DEBUG main            d.u.i.k.p.m.ProofCorrectnessMgt No justification found for rule Class_invariant_axiom_for_simple_evoting_Server 
66133      DEBUG main            d.u.i.k.p.m.ProofCorrectnessMgt No justification found for rule Class_invariant_axiom_for_simple_evoting_Message 
68345      DEBUG main            d.u.i.k.p.m.ProofCorrectnessMgt No justification found for rule Class_invariant_axiom_for_simple_evoting_Message 
68516      DEBUG main            d.u.i.k.p.m.ProofCorrectnessMgt No justification found for rule Class_invariant_axiom_for_simple_evoting_Server 
68774      DEBUG main            d.u.i.k.p.m.ProofCorrectnessMgt No justification found for rule Class_invariant_axiom_for_simple_evoting_Server 
68925      DEBUG main            d.u.i.k.p.m.ProofCorrectnessMgt No justification found for rule Class_invariant_axiom_for_simple_evoting_Server 
69039      DEBUG main            d.u.i.k.p.m.ProofCorrectnessMgt No justification found for rule Class_invariant_axiom_for_simple_evoting_Message 
69149      DEBUG main            d.u.i.k.p.m.ProofCorrectnessMgt No justification found for rule Class_invariant_axiom_for_simple_evoting_Server 
69237      DEBUG main            d.u.i.k.p.m.ProofCorrectnessMgt No justification found for rule Class_invariant_axiom_for_simple_evoting_Message 
69287      DEBUG main            d.u.i.k.p.m.ProofCorrectnessMgt No justification found for rule Class_invariant_axiom_for_simple_evoting_Server 
69432      DEBUG main            d.u.i.k.p.m.ProofCorrectnessMgt No justification found for rule Class_invariant_axiom_for_simple_evoting_Message 
69489      DEBUG main            d.u.i.k.p.m.ProofCorrectnessMgt No justification found for rule Class_invariant_axiom_for_simple_evoting_Server 
69586      DEBUG main            d.u.i.k.p.m.ProofCorrectnessMgt No justification found for rule Class_invariant_axiom_for_simple_evoting_Server 
69727      DEBUG main            d.u.i.k.p.m.ProofCorrectnessMgt No justification found for rule Class_invariant_axiom_for_simple_evoting_Server 
69877      DEBUG main            d.u.i.k.p.m.ProofCorrectnessMgt No justification found for rule Class_invariant_axiom_for_simple_evoting_Message 
69916      DEBUG main            d.u.i.k.p.m.ProofCorrectnessMgt No justification found for rule Class_invariant_axiom_for_simple_evoting_Message 
69963      DEBUG main            d.u.i.k.p.m.ProofCorrectnessMgt No justification found for rule Class_invariant_axiom_for_simple_evoting_Server 
70064      DEBUG main            d.u.i.k.p.m.ProofCorrectnessMgt No justification found for rule Class_invariant_axiom_for_simple_evoting_Message 
70105      DEBUG main            d.u.i.k.p.m.ProofCorrectnessMgt No justification found for rule Class_invariant_axiom_for_simple_evoting_Server 
70234      DEBUG main            d.u.i.k.p.m.ProofCorrectnessMgt No justification found for rule Class_invariant_axiom_for_simple_evoting_Message 
70263      DEBUG main            d.u.i.k.p.m.ProofCorrectnessMgt No justification found for rule Class_invariant_axiom_for_simple_evoting_Message 
70313      DEBUG main            d.u.i.k.p.m.ProofCorrectnessMgt No justification found for rule Class_invariant_axiom_for_simple_evoting_Server 
70940      DEBUG main            d.u.i.k.p.m.ProofCorrectnessMgt No justification found for rule Class_invariant_axiom_for_simple_evoting_Message 
71021      DEBUG main            d.u.i.k.p.m.ProofCorrectnessMgt No justification found for rule Class_invariant_axiom_for_simple_evoting_Server 
71215      DEBUG main            d.u.i.k.p.m.ProofCorrectnessMgt No justification found for rule Class_invariant_axiom_for_simple_evoting_Message 
71280      DEBUG main            d.u.i.k.p.m.ProofCorrectnessMgt No justification found for rule Class_invariant_axiom_for_simple_evoting_Message 
71344      DEBUG main            d.u.i.k.p.m.ProofCorrectnessMgt No justification found for rule Class_invariant_axiom_for_simple_evoting_Server 
71479      DEBUG main            d.u.i.k.p.m.ProofCorrectnessMgt No justification found for rule Class_invariant_axiom_for_simple_evoting_Server 
71671      DEBUG main            d.u.i.k.p.m.ProofCorrectnessMgt No justification found for rule Class_invariant_axiom_for_simple_evoting_Server 
71825      DEBUG main            d.u.i.k.p.m.ProofCorrectnessMgt No justification found for rule Class_invariant_axiom_for_simple_evoting_Server 
71979      DEBUG main            d.u.i.k.p.m.ProofCorrectnessMgt No justification found for rule Class_invariant_axiom_for_simple_evoting_Server 
72133      DEBUG main            d.u.i.k.p.m.ProofCorrectnessMgt No justification found for rule Class_invariant_axiom_for_simple_evoting_Message 
72199      DEBUG main            d.u.i.k.p.m.ProofCorrectnessMgt No justification found for rule Class_invariant_axiom_for_simple_evoting_Message 
72256      DEBUG main            d.u.i.k.p.m.ProofCorrectnessMgt No justification found for rule Class_invariant_axiom_for_simple_evoting_Message 
72320      DEBUG main            d.u.i.k.p.m.ProofCorrectnessMgt No justification found for rule Class_invariant_axiom_for_simple_evoting_Message 
72744      DEBUG main            d.u.i.k.p.m.ProofCorrectnessMgt No justification found for rule Class_invariant_axiom_for_simple_evoting_Message 
72833      DEBUG main            d.u.i.k.p.m.ProofCorrectnessMgt No justification found for rule Class_invariant_axiom_for_simple_evoting_Server 
72987      DEBUG main            d.u.i.k.p.m.ProofCorrectnessMgt No justification found for rule Class_invariant_axiom_for_simple_evoting_Message 
73054      DEBUG main            d.u.i.k.p.m.ProofCorrectnessMgt No justification found for rule Class_invariant_axiom_for_simple_evoting_Server 
74762      DEBUG main            d.u.i.k.p.m.ProofCorrectnessMgt No justification found for rule Class_invariant_axiom_for_simple_evoting_Server 
74871      DEBUG main            d.u.i.k.p.m.ProofCorrectnessMgt No justification found for rule JML_represents_clause_for_simple_evoting_Environment_rep 
75053      DEBUG main            d.u.i.k.p.m.ProofCorrectnessMgt No justification found for rule Class_invariant_axiom_for_simple_evoting_Message 
75130      DEBUG main            d.u.i.k.p.m.ProofCorrectnessMgt No justification found for rule Class_invariant_axiom_for_simple_evoting_Message 
75204      DEBUG main            d.u.i.k.p.m.ProofCorrectnessMgt No justification found for rule Class_invariant_axiom_for_simple_evoting_Message 
75284      DEBUG main            d.u.i.k.p.m.ProofCorrectnessMgt No justification found for rule Class_invariant_axiom_for_simple_evoting_Message 
75368      DEBUG main            d.u.i.k.p.m.ProofCorrectnessMgt No justification found for rule Class_invariant_axiom_for_simple_evoting_Message 
75440      DEBUG main            d.u.i.k.p.m.ProofCorrectnessMgt No justification found for rule Class_invariant_axiom_for_simple_evoting_Message 
75511      DEBUG main            d.u.i.k.p.m.ProofCorrectnessMgt No justification found for rule Class_invariant_axiom_for_simple_evoting_Message 
75581      DEBUG main            d.u.i.k.p.m.ProofCorrectnessMgt No justification found for rule Class_invariant_axiom_for_simple_evoting_Message 
75650      DEBUG main            d.u.i.k.p.m.ProofCorrectnessMgt No justification found for rule Class_invariant_axiom_for_simple_evoting_Message 
75726      DEBUG main            d.u.i.k.p.m.ProofCorrectnessMgt No justification found for rule Class_invariant_axiom_for_simple_evoting_Message 
76358      DEBUG main            d.u.i.k.p.m.ProofCorrectnessMgt No justification found for rule Class_invariant_axiom_for_simple_evoting_Server 
76528      DEBUG main            d.u.i.k.p.m.ProofCorrectnessMgt No justification found for rule Class_invariant_axiom_for_simple_evoting_Server 
76684      DEBUG main            d.u.i.k.p.m.ProofCorrectnessMgt No justification found for rule Class_invariant_axiom_for_simple_evoting_Server 
76883      DEBUG main            d.u.i.k.p.m.ProofCorrectnessMgt No justification found for rule Class_invariant_axiom_for_simple_evoting_Server 
77035      DEBUG main            d.u.i.k.p.m.ProofCorrectnessMgt No justification found for rule Class_invariant_axiom_for_simple_evoting_Server 
77167      DEBUG main            d.u.i.k.p.m.ProofCorrectnessMgt No justification found for rule Class_invariant_axiom_for_simple_evoting_Server 
77322      DEBUG main            d.u.i.k.p.m.ProofCorrectnessMgt No justification found for rule Class_invariant_axiom_for_simple_evoting_Server 
77472      DEBUG main            d.u.i.k.p.m.ProofCorrectnessMgt No justification found for rule Class_invariant_axiom_for_simple_evoting_Server 
77600      DEBUG main            d.u.i.k.p.m.ProofCorrectnessMgt No justification found for rule Class_invariant_axiom_for_simple_evoting_Server 
77713      DEBUG main            d.u.i.k.p.m.ProofCorrectnessMgt No justification found for rule Class_invariant_axiom_for_simple_evoting_Server 
107587     DEBUG main            d.u.i.k.p.m.ProofCorrectnessMgt No justification found for rule Class_invariant_axiom_for_simple_evoting_Message 
107724     DEBUG main            d.u.i.k.p.m.ProofCorrectnessMgt No justification found for rule Class_invariant_axiom_for_simple_evoting_Server 
107939     DEBUG main            d.u.i.k.p.m.ProofCorrectnessMgt No justification found for rule Class_invariant_axiom_for_simple_evoting_Server 
108015     DEBUG main            d.u.i.k.p.m.ProofCorrectnessMgt No justification found for rule Class_invariant_axiom_for_simple_evoting_Message 
145667     INFO  main            d.u.i.k.p.r.p.TestFile    ... finished proof: closed. 
146310     INFO  main            d.u.i.k.p.r.p.TestFile    Now processing file /home/runner/work/key/key/key.core/../key.ui/examples/InformationFlow/SimpleEvoting/simple_evoting.SMT(simple_evoting.SMT__send(simple_evoting.Message,int,simple_evoting.Server)).Non-interference contract.0.m.key 
146312     INFO  main            d.u.i.k.p.i.AbstractProblemLoader Loading environment from /home/runner/work/key/key/key.core/../key.ui/examples/InformationFlow/SimpleEvoting/simple_evoting.SMT(simple_evoting.SMT__send(simple_evoting.Message,int,simple_evoting.Server)).Non-interference contract.0.m.key 
146312     DEBUG main            d.u.i.k.p.i.AbstractProblemLoader Environment load took 471.4ns 
146314     INFO  main            d.u.i.k.p.i.AbstractProblemLoader Creating init config 
151397     DEBUG main            d.u.i.k.p.i.AbstractProblemLoader Init config took 5.08s 
151506     INFO  main            d.u.i.k.p.i.AbstractProblemLoader Replaying proof simple_evoting.SMT[simple_evoting.SMT::send(simple_evoting.Message,int,simple_evoting.Server)].Non-interference contract.0 
151511     DEBUG main            d.u.i.k.p.i.IntermediateProofReplayer Proof replay took 46.7ns 
151513     DEBUG main            d.u.i.k.m.s.ProofScriptEngine 1: 'macro 'infflow-autopilot'' 
151627     DEBUG main            d.u.i.k.p.m.ProofCorrectnessMgt No justification found for rule Class_invariant_axiom_for_simple_evoting_Server 
151639     DEBUG main            d.u.i.k.p.m.ProofCorrectnessMgt No justification found for rule Class_invariant_axiom_for_simple_evoting_Message 
151720     DEBUG main            d.u.i.k.p.m.ProofCorrectnessMgt No justification found for rule JML_represents_clause_for_simple_evoting_Environment_rep 
152221     DEBUG main            d.u.i.k.p.m.ProofCorrectnessMgt No justification found for rule Class_invariant_axiom_for_simple_evoting_Server 
152382     DEBUG main            d.u.i.k.p.m.ProofCorrectnessMgt No justification found for rule Class_invariant_axiom_for_simple_evoting_Message 
152438     DEBUG main            d.u.i.k.p.m.ProofCorrectnessMgt No justification found for rule Class_invariant_axiom_for_simple_evoting_Message 
152460     DEBUG main            d.u.i.k.p.m.ProofCorrectnessMgt No justification found for rule Class_invariant_axiom_for_simple_evoting_Server 
154498     DEBUG main            d.u.i.k.p.m.ProofCorrectnessMgt No justification found for rule Class_invariant_axiom_for_simple_evoting_Message 
154658     DEBUG main            d.u.i.k.p.m.ProofCorrectnessMgt No justification found for rule Class_invariant_axiom_for_simple_evoting_Server 
154905     DEBUG main            d.u.i.k.p.m.ProofCorrectnessMgt No justification found for rule Class_invariant_axiom_for_simple_evoting_Server 
155055     DEBUG main            d.u.i.k.p.m.ProofCorrectnessMgt No justification found for rule Class_invariant_axiom_for_simple_evoting_Message 
155106     DEBUG main            d.u.i.k.p.m.ProofCorrectnessMgt No justification found for rule Class_invariant_axiom_for_simple_evoting_Server 
155246     DEBUG main            d.u.i.k.p.m.ProofCorrectnessMgt No justification found for rule Class_invariant_axiom_for_simple_evoting_Server 
155349     DEBUG main            d.u.i.k.p.m.ProofCorrectnessMgt No justification found for rule Class_invariant_axiom_for_simple_evoting_Message 
155405     DEBUG main            d.u.i.k.p.m.ProofCorrectnessMgt No justification found for rule Class_invariant_axiom_for_simple_evoting_Server 
155502     DEBUG main            d.u.i.k.p.m.ProofCorrectnessMgt No justification found for rule Class_invariant_axiom_for_simple_evoting_Server 
156084     DEBUG main            d.u.i.k.p.m.ProofCorrectnessMgt No justification found for rule Class_invariant_axiom_for_simple_evoting_Message 
156129     DEBUG main            d.u.i.k.p.m.ProofCorrectnessMgt No justification found for rule Class_invariant_axiom_for_simple_evoting_Message 
156168     DEBUG main            d.u.i.k.p.m.ProofCorrectnessMgt No justification found for rule Class_invariant_axiom_for_simple_evoting_Message 
156234     DEBUG main            d.u.i.k.p.m.ProofCorrectnessMgt No justification found for rule Class_invariant_axiom_for_simple_evoting_Message 
156287     DEBUG main            d.u.i.k.p.m.ProofCorrectnessMgt No justification found for rule Class_invariant_axiom_for_simple_evoting_Server 
156438     DEBUG main            d.u.i.k.p.m.ProofCorrectnessMgt No justification found for rule Class_invariant_axiom_for_simple_evoting_Server 
156550     DEBUG main            d.u.i.k.p.m.ProofCorrectnessMgt No justification found for rule Class_invariant_axiom_for_simple_evoting_Message 
156602     DEBUG main            d.u.i.k.p.m.ProofCorrectnessMgt No justification found for rule Class_invariant_axiom_for_simple_evoting_Server 
156706     DEBUG main            d.u.i.k.p.m.ProofCorrectnessMgt No justification found for rule Class_invariant_axiom_for_simple_evoting_Server 
156764     DEBUG main            d.u.i.k.p.m.ProofCorrectnessMgt No justification found for rule Class_invariant_axiom_for_simple_evoting_Server 
156873     DEBUG main            d.u.i.k.p.m.ProofCorrectnessMgt No justification found for rule Class_invariant_axiom_for_simple_evoting_Server 
157009     DEBUG main            d.u.i.k.p.m.ProofCorrectnessMgt No justification found for rule Class_invariant_axiom_for_simple_evoting_Message 
157041     DEBUG main            d.u.i.k.p.m.ProofCorrectnessMgt No justification found for rule Class_invariant_axiom_for_simple_evoting_Message 
157081     DEBUG main            d.u.i.k.p.m.ProofCorrectnessMgt No justification found for rule Class_invariant_axiom_for_simple_evoting_Server 
157253     DEBUG main            d.u.i.k.p.m.ProofCorrectnessMgt No justification found for rule Class_invariant_axiom_for_simple_evoting_Server 
157407     DEBUG main            d.u.i.k.p.m.ProofCorrectnessMgt No justification found for rule Class_invariant_axiom_for_simple_evoting_Server 
157575     DEBUG main            d.u.i.k.p.m.ProofCorrectnessMgt No justification found for rule Class_invariant_axiom_for_simple_evoting_Server 
157732     DEBUG main            d.u.i.k.p.m.ProofCorrectnessMgt No justification found for rule Class_invariant_axiom_for_simple_evoting_Server 
157934     DEBUG main            d.u.i.k.p.m.ProofCorrectnessMgt No justification found for rule Class_invariant_axiom_for_simple_evoting_Message 
158004     DEBUG main            d.u.i.k.p.m.ProofCorrectnessMgt No justification found for rule Class_invariant_axiom_for_simple_evoting_Message 
158076     DEBUG main            d.u.i.k.p.m.ProofCorrectnessMgt No justification found for rule Class_invariant_axiom_for_simple_evoting_Message 
158138     DEBUG main            d.u.i.k.p.m.ProofCorrectnessMgt No justification found for rule Class_invariant_axiom_for_simple_evoting_Server 
158245     DEBUG main            d.u.i.k.p.m.ProofCorrectnessMgt No justification found for rule Class_invariant_axiom_for_simple_evoting_Message 
158304     DEBUG main            d.u.i.k.p.m.ProofCorrectnessMgt No justification found for rule Class_invariant_axiom_for_simple_evoting_Message 
158366     DEBUG main            d.u.i.k.p.m.ProofCorrectnessMgt No justification found for rule Class_invariant_axiom_for_simple_evoting_Message 
158439     DEBUG main            d.u.i.k.p.m.ProofCorrectnessMgt No justification found for rule Class_invariant_axiom_for_simple_evoting_Message 
158513     DEBUG main            d.u.i.k.p.m.ProofCorrectnessMgt No justification found for rule Class_invariant_axiom_for_simple_evoting_Server 
158635     DEBUG main            d.u.i.k.p.m.ProofCorrectnessMgt No justification found for rule Class_invariant_axiom_for_simple_evoting_Server 
158742     DEBUG main            d.u.i.k.p.m.ProofCorrectnessMgt No justification found for rule Class_invariant_axiom_for_simple_evoting_Message 
160746     DEBUG main            d.u.i.k.p.m.ProofCorrectnessMgt No justification found for rule JML_represents_clause_for_simple_evoting_Environment_rep 
160912     DEBUG main            d.u.i.k.p.m.ProofCorrectnessMgt No justification found for rule Class_invariant_axiom_for_simple_evoting_Message 
160990     DEBUG main            d.u.i.k.p.m.ProofCorrectnessMgt No justification found for rule Class_invariant_axiom_for_simple_evoting_Message 
161069     DEBUG main            d.u.i.k.p.m.ProofCorrectnessMgt No justification found for rule Class_invariant_axiom_for_simple_evoting_Message 
161142     DEBUG main            d.u.i.k.p.m.ProofCorrectnessMgt No justification found for rule Class_invariant_axiom_for_simple_evoting_Message 
161215     DEBUG main            d.u.i.k.p.m.ProofCorrectnessMgt No justification found for rule Class_invariant_axiom_for_simple_evoting_Message 
161288     DEBUG main            d.u.i.k.p.m.ProofCorrectnessMgt No justification found for rule Class_invariant_axiom_for_simple_evoting_Message 
161363     DEBUG main            d.u.i.k.p.m.ProofCorrectnessMgt No justification found for rule Class_invariant_axiom_for_simple_evoting_Message 
161445     DEBUG main            d.u.i.k.p.m.ProofCorrectnessMgt No justification found for rule Class_invariant_axiom_for_simple_evoting_Message 
161522     DEBUG main            d.u.i.k.p.m.ProofCorrectnessMgt No justification found for rule Class_invariant_axiom_for_simple_evoting_Message 
161596     DEBUG main            d.u.i.k.p.m.ProofCorrectnessMgt No justification found for rule Class_invariant_axiom_for_simple_evoting_Message 
162167     DEBUG main            d.u.i.k.p.m.ProofCorrectnessMgt No justification found for rule Class_invariant_axiom_for_simple_evoting_Server 
162344     DEBUG main            d.u.i.k.p.m.ProofCorrectnessMgt No justification found for rule Class_invariant_axiom_for_simple_evoting_Server 
162501     DEBUG main            d.u.i.k.p.m.ProofCorrectnessMgt No justification found for rule Class_invariant_axiom_for_simple_evoting_Server 
162649     DEBUG main            d.u.i.k.p.m.ProofCorrectnessMgt No justification found for rule Class_invariant_axiom_for_simple_evoting_Server 
162824     DEBUG main            d.u.i.k.p.m.ProofCorrectnessMgt No justification found for rule Class_invariant_axiom_for_simple_evoting_Server 
162992     DEBUG main            d.u.i.k.p.m.ProofCorrectnessMgt No justification found for rule Class_invariant_axiom_for_simple_evoting_Server 
163143     DEBUG main            d.u.i.k.p.m.ProofCorrectnessMgt No justification found for rule Class_invariant_axiom_for_simple_evoting_Server 
163299     DEBUG main            d.u.i.k.p.m.ProofCorrectnessMgt No justification found for rule Class_invariant_axiom_for_simple_evoting_Server 
163429     DEBUG main            d.u.i.k.p.m.ProofCorrectnessMgt No justification found for rule Class_invariant_axiom_for_simple_evoting_Server 
163558     DEBUG main            d.u.i.k.p.m.ProofCorrectnessMgt No justification found for rule Class_invariant_axiom_for_simple_evoting_Server 
195088     DEBUG main            d.u.i.k.p.m.ProofCorrectnessMgt No justification found for rule Class_invariant_axiom_for_simple_evoting_Message 
195213     DEBUG main            d.u.i.k.p.m.ProofCorrectnessMgt No justification found for rule Class_invariant_axiom_for_simple_evoting_Message 
195267     DEBUG main            d.u.i.k.p.m.ProofCorrectnessMgt No justification found for rule Class_invariant_axiom_for_simple_evoting_Server 
195474     DEBUG main            d.u.i.k.p.m.ProofCorrectnessMgt No justification found for rule Class_invariant_axiom_for_simple_evoting_Server 
238129     INFO  main            d.u.i.k.p.r.p.TestFile    ... finished proof: closed. 
238730     INFO  main            d.u.i.k.p.r.p.TestFile    Now processing file /home/runner/work/key/key/key.core/../key.ui/examples/InformationFlow/SimpleEvoting/simple_evoting.SMTEnv(simple_evoting.SMTEnv__send(int,int,int,simple_evoting.Server,int)).Non-interference contract.0.m.key 
238732     INFO  main            d.u.i.k.p.i.AbstractProblemLoader Loading environment from /home/runner/work/key/key/key.core/../key.ui/examples/InformationFlow/SimpleEvoting/simple_evoting.SMTEnv(simple_evoting.SMTEnv__send(int,int,int,simple_evoting.Server,int)).Non-interference contract.0.m.key 
238732     DEBUG main            d.u.i.k.p.i.AbstractProblemLoader Environment load took 583.9ns 
238735     INFO  main            d.u.i.k.p.i.AbstractProblemLoader Creating init config 
244240     DEBUG main            d.u.i.k.p.i.AbstractProblemLoader Init config took 5.5s 
244368     INFO  main            d.u.i.k.p.i.AbstractProblemLoader Replaying proof simple_evoting.SMTEnv[simple_evoting.SMTEnv::send(int,int,int,simple_evoting.Server,int)].Non-interference contract.0 
244374     DEBUG main            d.u.i.k.p.i.IntermediateProofReplayer Proof replay took 35.5ns 
244376     DEBUG main            d.u.i.k.m.s.ProofScriptEngine 1: 'macro 'infflow-autopilot'' 
244492     DEBUG main            d.u.i.k.p.m.ProofCorrectnessMgt No justification found for rule JML_represents_clause_for_simple_evoting_Environment_rep 
244534     DEBUG main            d.u.i.k.p.m.ProofCorrectnessMgt No justification found for rule JML_represents_clause_for_simple_evoting_Environment_rep 
244569     DEBUG main            d.u.i.k.p.m.ProofCorrectnessMgt No justification found for rule JML_represents_clause_for_simple_evoting_Environment_rep 
244606     DEBUG main            d.u.i.k.p.m.ProofCorrectnessMgt No justification found for rule JML_represents_clause_for_simple_evoting_Environment_rep 
244640     DEBUG main            d.u.i.k.p.m.ProofCorrectnessMgt No justification found for rule JML_represents_clause_for_simple_evoting_Environment_rep 
244784     DEBUG main            d.u.i.k.p.m.ProofCorrectnessMgt No justification found for rule JML_represents_clause_for_simple_evoting_Environment_rep 
247494     INFO  main            d.u.i.k.p.r.p.TestFile    ... finished proof: closed. 
248041     INFO  main            d.u.i.k.p.r.p.TestFile    Now processing file /home/runner/work/key/key/key.core/../key.ui/examples/InformationFlow/SimpleEvoting/simple_evoting.NetworkClient(simple_evoting.NetworkClient__send((B,simple_evoting.Server,int)).Non-interference contract.0.m.key 
248045     INFO  main            d.u.i.k.p.i.AbstractProblemLoader Loading environment from /home/runner/work/key/key/key.core/../key.ui/examples/InformationFlow/SimpleEvoting/simple_evoting.NetworkClient(simple_evoting.NetworkClient__send((B,simple_evoting.Server,int)).Non-interference contract.0.m.key 
248046     DEBUG main            d.u.i.k.p.i.AbstractProblemLoader Environment load took 962.9ns 
248048     INFO  main            d.u.i.k.p.i.AbstractProblemLoader Creating init config 
253426     DEBUG main            d.u.i.k.p.i.AbstractProblemLoader Init config took 5.38s 
253522     INFO  main            d.u.i.k.p.i.AbstractProblemLoader Replaying proof simple_evoting.NetworkClient[simple_evoting.NetworkClient::send([B,simple_evoting.Server,int)].Non-interference contract.0 
253528     DEBUG main            d.u.i.k.p.i.IntermediateProofReplayer Proof replay took 44.5ns 
253529     DEBUG main            d.u.i.k.m.s.ProofScriptEngine 1: 'macro 'infflow-autopilot'' 
253623     DEBUG main            d.u.i.k.p.m.ProofCorrectnessMgt No justification found for rule JML_represents_clause_for_simple_evoting_Environment_rep 
253663     DEBUG main            d.u.i.k.p.m.ProofCorrectnessMgt No justification found for rule JML_represents_clause_for_simple_evoting_Environment_rep 
253695     DEBUG main            d.u.i.k.p.m.ProofCorrectnessMgt No justification found for rule JML_represents_clause_for_simple_evoting_Environment_rep 
255760     INFO  main            d.u.i.k.p.r.p.TestFile    ... finished proof: closed. 
256142     INFO  main            d.u.i.k.p.r.p.TestFile    Now processing file /home/runner/work/key/key/key.core/../key.ui/examples/InformationFlow/SimpleEvoting/simple_evoting.Voter(simple_evoting.Voter__onSendBallot(simple_evoting.Server)).Non-interference contract.1.m.key 
256142     INFO  main            d.u.i.k.p.i.AbstractProblemLoader Loading environment from /home/runner/work/key/key/key.core/../key.ui/examples/InformationFlow/SimpleEvoting/simple_evoting.Voter(simple_evoting.Voter__onSendBallot(simple_evoting.Server)).Non-interference contract.1.m.key 
256143     DEBUG main            d.u.i.k.p.i.AbstractProblemLoader Environment load took 225.9ns 
256144     INFO  main            d.u.i.k.p.i.AbstractProblemLoader Creating init config 
261329     DEBUG main            d.u.i.k.p.i.AbstractProblemLoader Init config took 5.18s 
261441     INFO  main            d.u.i.k.p.i.AbstractProblemLoader Replaying proof simple_evoting.Voter[simple_evoting.Voter::onSendBallot(simple_evoting.Server)].Non-interference contract.1 
261449     DEBUG main            d.u.i.k.p.i.IntermediateProofReplayer Proof replay took 44.2ns 
261452     DEBUG main            d.u.i.k.m.s.ProofScriptEngine 1: 'macro 'infflow-autopilot'' 
261557     DEBUG main            d.u.i.k.p.m.ProofCorrectnessMgt No justification found for rule Class_invariant_axiom_for_simple_evoting_Voter 
261567     DEBUG main            d.u.i.k.p.m.ProofCorrectnessMgt No justification found for rule Class_invariant_axiom_for_simple_evoting_Server 
262809     DEBUG main            d.u.i.k.p.m.ProofCorrectnessMgt No justification found for rule Class_invariant_axiom_for_simple_evoting_Server 
263133     DEBUG main            d.u.i.k.p.m.ProofCorrectnessMgt No justification found for rule Class_invariant_axiom_for_simple_evoting_Message 
263250     DEBUG main            d.u.i.k.p.m.ProofCorrectnessMgt No justification found for rule Class_invariant_axiom_for_simple_evoting_Server 
263503     DEBUG main            d.u.i.k.p.m.ProofCorrectnessMgt No justification found for rule Class_invariant_axiom_for_simple_evoting_Message 
268337     DEBUG main            d.u.i.k.p.m.ProofCorrectnessMgt No justification found for rule JML_represents_clause_for_simple_evoting_Environment_rep 
268349     DEBUG main            d.u.i.k.p.m.ProofCorrectnessMgt No justification found for rule JML_represents_clause_for_simple_evoting_Environment_rep 
268464     DEBUG main            d.u.i.k.p.m.ProofCorrectnessMgt No justification found for rule JML_represents_clause_for_simple_evoting_Environment_rep 
268490     DEBUG main            d.u.i.k.p.m.ProofCorrectnessMgt No justification found for rule JML_represents_clause_for_simple_evoting_Environment_rep 
268504     DEBUG main            d.u.i.k.p.m.ProofCorrectnessMgt No justification found for rule JML_represents_clause_for_simple_evoting_Environment_rep 
268543     DEBUG main            d.u.i.k.p.m.ProofCorrectnessMgt No justification found for rule JML_represents_clause_for_simple_evoting_Environment_rep 
268556     DEBUG main            d.u.i.k.p.m.ProofCorrectnessMgt No justification found for rule JML_represents_clause_for_simple_evoting_Environment_rep 
268568     DEBUG main            d.u.i.k.p.m.ProofCorrectnessMgt No justification found for rule JML_represents_clause_for_simple_evoting_Environment_rep 
268606     DEBUG main            d.u.i.k.p.m.ProofCorrectnessMgt No justification found for rule JML_represents_clause_for_simple_evoting_Environment_rep 
268619     DEBUG main            d.u.i.k.p.m.ProofCorrectnessMgt No justification found for rule JML_represents_clause_for_simple_evoting_Environment_rep 
268645     DEBUG main            d.u.i.k.p.m.ProofCorrectnessMgt No justification found for rule JML_represents_clause_for_simple_evoting_Environment_rep 
268670     DEBUG main            d.u.i.k.p.m.ProofCorrectnessMgt No justification found for rule JML_represents_clause_for_simple_evoting_Environment_rep 
268682     DEBUG main            d.u.i.k.p.m.ProofCorrectnessMgt No justification found for rule JML_represents_clause_for_simple_evoting_Environment_rep 
268771     DEBUG main            d.u.i.k.p.m.ProofCorrectnessMgt No justification found for rule JML_represents_clause_for_simple_evoting_Environment_rep 
268795     DEBUG main            d.u.i.k.p.m.ProofCorrectnessMgt No justification found for rule Class_invariant_axiom_for_simple_evoting_Server 
269412     DEBUG main            d.u.i.k.p.m.ProofCorrectnessMgt No justification found for rule Class_invariant_axiom_for_simple_evoting_Server 
269815     DEBUG main            d.u.i.k.p.m.ProofCorrectnessMgt No justification found for rule Class_invariant_axiom_for_simple_evoting_Server 
270226     DEBUG main            d.u.i.k.p.m.ProofCorrectnessMgt No justification found for rule Class_invariant_axiom_for_simple_evoting_Message 
270413     DEBUG main            d.u.i.k.p.m.ProofCorrectnessMgt No justification found for rule Class_invariant_axiom_for_simple_evoting_Message 
270631     DEBUG main            d.u.i.k.p.m.ProofCorrectnessMgt No justification found for rule Class_invariant_axiom_for_simple_evoting_Server 
271244     DEBUG main            d.u.i.k.p.m.ProofCorrectnessMgt No justification found for rule Class_invariant_axiom_for_simple_evoting_Message 
271470     DEBUG main            d.u.i.k.p.m.ProofCorrectnessMgt No justification found for rule Class_invariant_axiom_for_simple_evoting_Server 
272121     DEBUG main            d.u.i.k.p.m.ProofCorrectnessMgt No justification found for rule Class_invariant_axiom_for_simple_evoting_Server 
272780     DEBUG main            d.u.i.k.p.m.ProofCorrectnessMgt No justification found for rule Class_invariant_axiom_for_simple_evoting_Message 
273027     DEBUG main            d.u.i.k.p.m.ProofCorrectnessMgt No justification found for rule Class_invariant_axiom_for_simple_evoting_Server 
273652     DEBUG main            d.u.i.k.p.m.ProofCorrectnessMgt No justification found for rule Class_invariant_axiom_for_simple_evoting_Message 
273910     DEBUG main            d.u.i.k.p.m.ProofCorrectnessMgt No justification found for rule Class_invariant_axiom_for_simple_evoting_Server 
274614     DEBUG main            d.u.i.k.p.m.ProofCorrectnessMgt No justification found for rule Class_invariant_axiom_for_simple_evoting_Message 
274856     DEBUG main            d.u.i.k.p.m.ProofCorrectnessMgt No justification found for rule Class_invariant_axiom_for_simple_evoting_Server 
275538     DEBUG main            d.u.i.k.p.m.ProofCorrectnessMgt No justification found for rule Class_invariant_axiom_for_simple_evoting_Message 
275796     DEBUG main            d.u.i.k.p.m.ProofCorrectnessMgt No justification found for rule Class_invariant_axiom_for_simple_evoting_Server 
276518     DEBUG main            d.u.i.k.p.m.ProofCorrectnessMgt No justification found for rule Class_invariant_axiom_for_simple_evoting_Message 
276858     DEBUG main            d.u.i.k.p.m.ProofCorrectnessMgt No justification found for rule Class_invariant_axiom_for_simple_evoting_Message 
277441     DEBUG main            d.u.i.k.p.m.ProofCorrectnessMgt No justification found for rule Class_invariant_axiom_for_simple_evoting_Message 
277654     DEBUG main            d.u.i.k.p.m.ProofCorrectnessMgt No justification found for rule Class_invariant_axiom_for_simple_evoting_Message 
277883     DEBUG main            d.u.i.k.p.m.ProofCorrectnessMgt No justification found for rule Class_invariant_axiom_for_simple_evoting_Message 
278115     DEBUG main            d.u.i.k.p.m.ProofCorrectnessMgt No justification found for rule Class_invariant_axiom_for_simple_evoting_Server 
278783     DEBUG main            d.u.i.k.p.m.ProofCorrectnessMgt No justification found for rule Class_invariant_axiom_for_simple_evoting_Message 
279007     DEBUG main            d.u.i.k.p.m.ProofCorrectnessMgt No justification found for rule Class_invariant_axiom_for_simple_evoting_Message 
279239     DEBUG main            d.u.i.k.p.m.ProofCorrectnessMgt No justification found for rule Class_invariant_axiom_for_simple_evoting_Server 
279768     DEBUG main            d.u.i.k.p.m.ProofCorrectnessMgt No justification found for rule Class_invariant_axiom_for_simple_evoting_Message 
279980     DEBUG main            d.u.i.k.p.m.ProofCorrectnessMgt No justification found for rule Class_invariant_axiom_for_simple_evoting_Message 
280204     DEBUG main            d.u.i.k.p.m.ProofCorrectnessMgt No justification found for rule Class_invariant_axiom_for_simple_evoting_Message 
282852     DEBUG main            d.u.i.k.p.m.ProofCorrectnessMgt No justification found for rule Class_invariant_axiom_for_simple_evoting_Server 
283227     DEBUG main            d.u.i.k.p.m.ProofCorrectnessMgt No justification found for rule Class_invariant_axiom_for_simple_evoting_Server 
284813     DEBUG main            d.u.i.k.p.m.ProofCorrectnessMgt No justification found for rule Class_invariant_axiom_for_simple_evoting_Server 
285078     DEBUG main            d.u.i.k.p.m.ProofCorrectnessMgt No justification found for rule Class_invariant_axiom_for_simple_evoting_Message 
294280     INFO  main            d.u.i.k.p.r.p.TestFile    ... finished proof: closed. 
294796     INFO  main            d.u.i.k.p.r.p.TestFile    Now processing file /home/runner/work/key/key/key.core/../key.ui/examples/InformationFlow/SimpleEvoting/simple_evoting.Voter(simple_evoting.Voter__onSendBallot(simple_evoting.Server)).Non-interference contract.0.m.key 
294797     INFO  main            d.u.i.k.p.i.AbstractProblemLoader Loading environment from /home/runner/work/key/key/key.core/../key.ui/examples/InformationFlow/SimpleEvoting/simple_evoting.Voter(simple_evoting.Voter__onSendBallot(simple_evoting.Server)).Non-interference contract.0.m.key 
294797     DEBUG main            d.u.i.k.p.i.AbstractProblemLoader Environment load took 227.4ns 
294799     INFO  main            d.u.i.k.p.i.AbstractProblemLoader Creating init config 
300126     DEBUG main            d.u.i.k.p.i.AbstractProblemLoader Init config took 5.33s 
300258     INFO  main            d.u.i.k.p.i.AbstractProblemLoader Replaying proof simple_evoting.Voter[simple_evoting.Voter::onSendBallot(simple_evoting.Server)].Non-interference contract.0 
300263     DEBUG main            d.u.i.k.p.i.IntermediateProofReplayer Proof replay took 26.7ns 
300265     DEBUG main            d.u.i.k.m.s.ProofScriptEngine 1: 'macro 'infflow-autopilot'' 
300351     DEBUG main            d.u.i.k.p.m.ProofCorrectnessMgt No justification found for rule Class_invariant_axiom_for_simple_evoting_Voter 
300358     DEBUG main            d.u.i.k.p.m.ProofCorrectnessMgt No justification found for rule Class_invariant_axiom_for_simple_evoting_Server 
301528     DEBUG main            d.u.i.k.p.m.ProofCorrectnessMgt No justification found for rule Class_invariant_axiom_for_simple_evoting_Server 
301868     DEBUG main            d.u.i.k.p.m.ProofCorrectnessMgt No justification found for rule Class_invariant_axiom_for_simple_evoting_Message 
302050     DEBUG main            d.u.i.k.p.m.ProofCorrectnessMgt No justification found for rule Class_invariant_axiom_for_simple_evoting_Server 
302291     DEBUG main            d.u.i.k.p.m.ProofCorrectnessMgt No justification found for rule Class_invariant_axiom_for_simple_evoting_Message 
306929     DEBUG main            d.u.i.k.p.m.ProofCorrectnessMgt No justification found for rule JML_represents_clause_for_simple_evoting_Environment_rep 
306942     DEBUG main            d.u.i.k.p.m.ProofCorrectnessMgt No justification found for rule JML_represents_clause_for_simple_evoting_Environment_rep 
307034     DEBUG main            d.u.i.k.p.m.ProofCorrectnessMgt No justification found for rule JML_represents_clause_for_simple_evoting_Environment_rep 
307060     DEBUG main            d.u.i.k.p.m.ProofCorrectnessMgt No justification found for rule JML_represents_clause_for_simple_evoting_Environment_rep 
307074     DEBUG main            d.u.i.k.p.m.ProofCorrectnessMgt No justification found for rule JML_represents_clause_for_simple_evoting_Environment_rep 
307090     DEBUG main            d.u.i.k.p.m.ProofCorrectnessMgt No justification found for rule JML_represents_clause_for_simple_evoting_Environment_rep 
307118     DEBUG main            d.u.i.k.p.m.ProofCorrectnessMgt No justification found for rule JML_represents_clause_for_simple_evoting_Environment_rep 
307144     DEBUG main            d.u.i.k.p.m.ProofCorrectnessMgt No justification found for rule JML_represents_clause_for_simple_evoting_Environment_rep 
307158     DEBUG main            d.u.i.k.p.m.ProofCorrectnessMgt No justification found for rule JML_represents_clause_for_simple_evoting_Environment_rep 
307185     DEBUG main            d.u.i.k.p.m.ProofCorrectnessMgt No justification found for rule JML_represents_clause_for_simple_evoting_Environment_rep 
307199     DEBUG main            d.u.i.k.p.m.ProofCorrectnessMgt No justification found for rule JML_represents_clause_for_simple_evoting_Environment_rep 
307212     DEBUG main            d.u.i.k.p.m.ProofCorrectnessMgt No justification found for rule JML_represents_clause_for_simple_evoting_Environment_rep 
307239     DEBUG main            d.u.i.k.p.m.ProofCorrectnessMgt No justification found for rule JML_represents_clause_for_simple_evoting_Environment_rep 
307278     DEBUG main            d.u.i.k.p.m.ProofCorrectnessMgt No justification found for rule JML_represents_clause_for_simple_evoting_Environment_rep 
307334     DEBUG main            d.u.i.k.p.m.ProofCorrectnessMgt No justification found for rule Class_invariant_axiom_for_simple_evoting_Server 
307957     DEBUG main            d.u.i.k.p.m.ProofCorrectnessMgt No justification found for rule Class_invariant_axiom_for_simple_evoting_Server 
308432     DEBUG main            d.u.i.k.p.m.ProofCorrectnessMgt No justification found for rule Class_invariant_axiom_for_simple_evoting_Server 
308789     DEBUG main            d.u.i.k.p.m.ProofCorrectnessMgt No justification found for rule Class_invariant_axiom_for_simple_evoting_Message 
309003     DEBUG main            d.u.i.k.p.m.ProofCorrectnessMgt No justification found for rule Class_invariant_axiom_for_simple_evoting_Message 
309135     DEBUG main            d.u.i.k.p.m.ProofCorrectnessMgt No justification found for rule Class_invariant_axiom_for_simple_evoting_Message 
309363     DEBUG main            d.u.i.k.p.m.ProofCorrectnessMgt No justification found for rule Class_invariant_axiom_for_simple_evoting_Message 
309645     DEBUG main            d.u.i.k.p.m.ProofCorrectnessMgt No justification found for rule Class_invariant_axiom_for_simple_evoting_Message 
309890     DEBUG main            d.u.i.k.p.m.ProofCorrectnessMgt No justification found for rule Class_invariant_axiom_for_simple_evoting_Server 
310552     DEBUG main            d.u.i.k.p.m.ProofCorrectnessMgt No justification found for rule Class_invariant_axiom_for_simple_evoting_Message 
310783     DEBUG main            d.u.i.k.p.m.ProofCorrectnessMgt No justification found for rule Class_invariant_axiom_for_simple_evoting_Message 
311081     DEBUG main            d.u.i.k.p.m.ProofCorrectnessMgt No justification found for rule Class_invariant_axiom_for_simple_evoting_Message 
311378     DEBUG main            d.u.i.k.p.m.ProofCorrectnessMgt No justification found for rule Class_invariant_axiom_for_simple_evoting_Message 
311730     DEBUG main            d.u.i.k.p.m.ProofCorrectnessMgt No justification found for rule Class_invariant_axiom_for_simple_evoting_Message 
311895     DEBUG main            d.u.i.k.p.m.ProofCorrectnessMgt No justification found for rule Class_invariant_axiom_for_simple_evoting_Server 
312552     DEBUG main            d.u.i.k.p.m.ProofCorrectnessMgt No justification found for rule Class_invariant_axiom_for_simple_evoting_Server 
313217     DEBUG main            d.u.i.k.p.m.ProofCorrectnessMgt No justification found for rule Class_invariant_axiom_for_simple_evoting_Message 
313450     DEBUG main            d.u.i.k.p.m.ProofCorrectnessMgt No justification found for rule Class_invariant_axiom_for_simple_evoting_Server 
314066     DEBUG main            d.u.i.k.p.m.ProofCorrectnessMgt No justification found for rule Class_invariant_axiom_for_simple_evoting_Message 
314299     DEBUG main            d.u.i.k.p.m.ProofCorrectnessMgt No justification found for rule Class_invariant_axiom_for_simple_evoting_Server 
314931     DEBUG main            d.u.i.k.p.m.ProofCorrectnessMgt No justification found for rule Class_invariant_axiom_for_simple_evoting_Server 
315521     DEBUG main            d.u.i.k.p.m.ProofCorrectnessMgt No justification found for rule Class_invariant_axiom_for_simple_evoting_Message 
315756     DEBUG main            d.u.i.k.p.m.ProofCorrectnessMgt No justification found for rule Class_invariant_axiom_for_simple_evoting_Message 
315991     DEBUG main            d.u.i.k.p.m.ProofCorrectnessMgt No justification found for rule Class_invariant_axiom_for_simple_evoting_Message 
316281     DEBUG main            d.u.i.k.p.m.ProofCorrectnessMgt No justification found for rule Class_invariant_axiom_for_simple_evoting_Message 
319289     DEBUG main            d.u.i.k.p.m.ProofCorrectnessMgt No justification found for rule Class_invariant_axiom_for_simple_evoting_Server 
319770     DEBUG main            d.u.i.k.p.m.ProofCorrectnessMgt No justification found for rule Class_invariant_axiom_for_simple_evoting_Server 
320217     DEBUG main            d.u.i.k.p.m.ProofCorrectnessMgt No justification found for rule Class_invariant_axiom_for_simple_evoting_Server 
320550     DEBUG main            d.u.i.k.p.m.ProofCorrectnessMgt No justification found for rule Class_invariant_axiom_for_simple_evoting_Server 
321228     DEBUG main            d.u.i.k.p.m.ProofCorrectnessMgt No justification found for rule Class_invariant_axiom_for_simple_evoting_Message 
322744     DEBUG main            d.u.i.k.p.m.ProofCorrectnessMgt No justification found for rule Class_invariant_axiom_for_simple_evoting_Message 
322882     DEBUG main            d.u.i.k.p.m.ProofCorrectnessMgt No justification found for rule Class_invariant_axiom_for_simple_evoting_Server 
337362     INFO  main            d.u.i.k.p.r.p.TestFile    ... finished proof: closed. 
5048644    INFO  Test worker     d.u.i.k.p.r.RunAllProofsTestUnit Returning from test SimpleEvoting_fullmacro 
]]></system-out>
  <system-err><![CDATA[]]></system-err>
</testsuite>
