<?xml version="1.0" encoding="UTF-8"?>
<testsuite name="de.uka.ilkd.key.testcase.smt.testgen.TestTestgen" tests="1" skipped="0" failures="0" errors="0" timestamp="2023-05-26T22:37:03" hostname="fv-az456-882" time="4.648">
  <properties/>
  <testcase name="testMiddle()" classname="de.uka.ilkd.key.testcase.smt.testgen.TestTestgen" time="4.648"/>
  <system-out><![CDATA[16391      WARN  Test worker     d.u.i.k.t.s.t.TestTestgen Warning: Z3_CE is not installed, tests skipped. 
16391      WARN  Test worker     d.u.i.k.t.s.t.TestTestgen Maybe use JVM system property "z3SolverPath" to define the path to the Z3 command. 
16393      INFO  Test worker     d.u.i.k.p.i.AbstractProblemLoader Loading environment from src\test\resources\testcase\smt\tg\middle.key 
16393      DEBUG Test worker     d.u.i.k.p.i.AbstractProblemLoader Environment load took 274.5ns 
16400      INFO  Test worker     d.u.i.k.p.i.AbstractProblemLoader Creating init config 
20219      DEBUG Test worker     d.u.i.k.p.i.AbstractProblemLoader Init config took 3.82s 
20319      INFO  Test worker     d.u.i.k.p.i.AbstractProblemLoader Replaying proof Middle[Middle::middle(int,int,int)].JML normal_behavior operation contract.0 
20319      DEBUG Test worker     d.u.i.k.p.i.IntermediateProofReplayer Proof replay took 18.1ns 
]]></system-out>
  <system-err><![CDATA[]]></system-err>
</testsuite>
