<?xml version="1.0" encoding="UTF-8"?>
<testsuite name="de.uka.ilkd.key.proof.proverules.ProveRulesTest" tests="196" skipped="0" failures="0" errors="0" timestamp="2023-03-25T22:39:48" hostname="fv-az419-297" time="640.311">
  <properties/>
  <testcase name="eqTermCut" classname="de.uka.ilkd.key.proof.proverules.ProveRulesTest" time="3.803"/>
  <testcase name="equivAllRight" classname="de.uka.ilkd.key.proof.proverules.ProveRulesTest" time="3.504"/>
  <testcase name="irrflConcrete1" classname="de.uka.ilkd.key.proof.proverules.ProveRulesTest" time="3.454"/>
  <testcase name="irrflConcrete2" classname="de.uka.ilkd.key.proof.proverules.ProveRulesTest" time="3.371"/>
  <testcase name="cancel_gtPos" classname="de.uka.ilkd.key.proof.proverules.ProveRulesTest" time="3.372"/>
  <testcase name="cancel_gtNeg" classname="de.uka.ilkd.key.proof.proverules.ProveRulesTest" time="3.268"/>
  <testcase name="moduloIntIsInInt" classname="de.uka.ilkd.key.proof.proverules.ProveRulesTest" time="3.222"/>
  <testcase name="moduloLongIsInLong" classname="de.uka.ilkd.key.proof.proverules.ProveRulesTest" time="3.204"/>
  <testcase name="moduloShortIsInShort" classname="de.uka.ilkd.key.proof.proverules.ProveRulesTest" time="3.416"/>
  <testcase name="moduloByteIsInByte" classname="de.uka.ilkd.key.proof.proverules.ProveRulesTest" time="3.172"/>
  <testcase name="moduloCharIsInChar" classname="de.uka.ilkd.key.proof.proverules.ProveRulesTest" time="3.162"/>
  <testcase name="div_unique1" classname="de.uka.ilkd.key.proof.proverules.ProveRulesTest" time="3.274"/>
  <testcase name="div_unique2" classname="de.uka.ilkd.key.proof.proverules.ProveRulesTest" time="3.266"/>
  <testcase name="div_exists" classname="de.uka.ilkd.key.proof.proverules.ProveRulesTest" time="3.529"/>
  <testcase name="div_one" classname="de.uka.ilkd.key.proof.proverules.ProveRulesTest" time="3.172"/>
  <testcase name="jdiv_one" classname="de.uka.ilkd.key.proof.proverules.ProveRulesTest" time="3.195"/>
  <testcase name="div_zero" classname="de.uka.ilkd.key.proof.proverules.ProveRulesTest" time="3.223"/>
  <testcase name="divResZero1" classname="de.uka.ilkd.key.proof.proverules.ProveRulesTest" time="3.191"/>
  <testcase name="divResZero2" classname="de.uka.ilkd.key.proof.proverules.ProveRulesTest" time="3.166"/>
  <testcase name="divResOne1" classname="de.uka.ilkd.key.proof.proverules.ProveRulesTest" time="3.155"/>
  <testcase name="divResOne2" classname="de.uka.ilkd.key.proof.proverules.ProveRulesTest" time="3.168"/>
  <testcase name="div_cancel1" classname="de.uka.ilkd.key.proof.proverules.ProveRulesTest" time="3.169"/>
  <testcase name="div_cancel2" classname="de.uka.ilkd.key.proof.proverules.ProveRulesTest" time="3.152"/>
  <testcase name="divAddMultDenom" classname="de.uka.ilkd.key.proof.proverules.ProveRulesTest" time="3.222"/>
  <testcase name="divMinus" classname="de.uka.ilkd.key.proof.proverules.ProveRulesTest" time="3.218"/>
  <testcase name="divMinusDenom" classname="de.uka.ilkd.key.proof.proverules.ProveRulesTest" time="3.235"/>
  <testcase name="divLeastDPos" classname="de.uka.ilkd.key.proof.proverules.ProveRulesTest" time="3.152"/>
  <testcase name="divLeastDNeg" classname="de.uka.ilkd.key.proof.proverules.ProveRulesTest" time="3.158"/>
  <testcase name="divGreatestDPos" classname="de.uka.ilkd.key.proof.proverules.ProveRulesTest" time="3.167"/>
  <testcase name="divGreatestDNeg" classname="de.uka.ilkd.key.proof.proverules.ProveRulesTest" time="3.164"/>
  <testcase name="divIncreasingPos" classname="de.uka.ilkd.key.proof.proverules.ProveRulesTest" time="3.161"/>
  <testcase name="divIncreasingNeg" classname="de.uka.ilkd.key.proof.proverules.ProveRulesTest" time="3.177"/>
  <testcase name="jdiv_zero" classname="de.uka.ilkd.key.proof.proverules.ProveRulesTest" time="3.138"/>
  <testcase name="jdivPulloutMinusNum" classname="de.uka.ilkd.key.proof.proverules.ProveRulesTest" time="3.152"/>
  <testcase name="jdivPulloutMinusDenom" classname="de.uka.ilkd.key.proof.proverules.ProveRulesTest" time="3.216"/>
  <testcase name="jdiv_uniquePosPos" classname="de.uka.ilkd.key.proof.proverules.ProveRulesTest" time="3.158"/>
  <testcase name="jdiv_uniquePosNeg" classname="de.uka.ilkd.key.proof.proverules.ProveRulesTest" time="3.152"/>
  <testcase name="jdiv_uniqueNegPos" classname="de.uka.ilkd.key.proof.proverules.ProveRulesTest" time="3.159"/>
  <testcase name="jdiv_uniqueNegNeg" classname="de.uka.ilkd.key.proof.proverules.ProveRulesTest" time="3.162"/>
  <testcase name="jdivMultDenom1" classname="de.uka.ilkd.key.proof.proverules.ProveRulesTest" time="3.209"/>
  <testcase name="jdivMultDenom2" classname="de.uka.ilkd.key.proof.proverules.ProveRulesTest" time="3.132"/>
  <testcase name="mod_geZero" classname="de.uka.ilkd.key.proof.proverules.ProveRulesTest" time="3.153"/>
  <testcase name="mod_lessDenom" classname="de.uka.ilkd.key.proof.proverules.ProveRulesTest" time="3.156"/>
  <testcase name="jmod_NumPos" classname="de.uka.ilkd.key.proof.proverules.ProveRulesTest" time="3.135"/>
  <testcase name="jmod_NumNeg" classname="de.uka.ilkd.key.proof.proverules.ProveRulesTest" time="3.134"/>
  <testcase name="jmod_geZero" classname="de.uka.ilkd.key.proof.proverules.ProveRulesTest" time="3.127"/>
  <testcase name="jmodNumZero" classname="de.uka.ilkd.key.proof.proverules.ProveRulesTest" time="3.123"/>
  <testcase name="jmod_pulloutminusNum" classname="de.uka.ilkd.key.proof.proverules.ProveRulesTest" time="3.133"/>
  <testcase name="jmod_pulloutminusDenom" classname="de.uka.ilkd.key.proof.proverules.ProveRulesTest" time="3.124"/>
  <testcase name="jmodUnique1" classname="de.uka.ilkd.key.proof.proverules.ProveRulesTest" time="3.264"/>
  <testcase name="jmodUnique2" classname="de.uka.ilkd.key.proof.proverules.ProveRulesTest" time="3.288"/>
  <testcase name="intDivRem" classname="de.uka.ilkd.key.proof.proverules.ProveRulesTest" time="3.123"/>
  <testcase name="jmodjmod" classname="de.uka.ilkd.key.proof.proverules.ProveRulesTest" time="3.187"/>
  <testcase name="jmodDivisible" classname="de.uka.ilkd.key.proof.proverules.ProveRulesTest" time="3.178"/>
  <testcase name="jmodDivisibleRep" classname="de.uka.ilkd.key.proof.proverules.ProveRulesTest" time="3.133"/>
  <testcase name="jdivAddMultDenom" classname="de.uka.ilkd.key.proof.proverules.ProveRulesTest" time="3.331"/>
  <testcase name="jmodAltZero" classname="de.uka.ilkd.key.proof.proverules.ProveRulesTest" time="3.145"/>
  <testcase name="jmodAddMultDenomZero" classname="de.uka.ilkd.key.proof.proverules.ProveRulesTest" time="3.156"/>
  <testcase name="polyDiv_zero" classname="de.uka.ilkd.key.proof.proverules.ProveRulesTest" time="3.134"/>
  <testcase name="polyMod_ltdivDenom" classname="de.uka.ilkd.key.proof.proverules.ProveRulesTest" time="3.136"/>
  <testcase name="bsum_empty" classname="de.uka.ilkd.key.proof.proverules.ProveRulesTest" time="3.117"/>
  <testcase name="bsum_induction_upper" classname="de.uka.ilkd.key.proof.proverules.ProveRulesTest" time="3.129"/>
  <testcase name="bsum_induction_lower" classname="de.uka.ilkd.key.proof.proverules.ProveRulesTest" time="3.145"/>
  <testcase name="bsum_num_of_bounds" classname="de.uka.ilkd.key.proof.proverules.ProveRulesTest" time="3.143"/>
  <testcase name="bsum_num_of_bounds2" classname="de.uka.ilkd.key.proof.proverules.ProveRulesTest" time="3.144"/>
  <testcase name="bsum_induction_upper2" classname="de.uka.ilkd.key.proof.proverules.ProveRulesTest" time="3.117"/>
  <testcase name="bsum_induction_upper_concrete" classname="de.uka.ilkd.key.proof.proverules.ProveRulesTest" time="3.119"/>
  <testcase name="bsum_induction_upper_concrete_2" classname="de.uka.ilkd.key.proof.proverules.ProveRulesTest" time="3.111"/>
  <testcase name="bsum_induction_upper2_concrete" classname="de.uka.ilkd.key.proof.proverules.ProveRulesTest" time="3.12"/>
  <testcase name="bsum_induction_lower_concrete" classname="de.uka.ilkd.key.proof.proverules.ProveRulesTest" time="3.124"/>
  <testcase name="bsum_induction_lower2" classname="de.uka.ilkd.key.proof.proverules.ProveRulesTest" time="3.121"/>
  <testcase name="bsum_induction_lower2_concrete" classname="de.uka.ilkd.key.proof.proverules.ProveRulesTest" time="3.123"/>
  <testcase name="bsum_positive" classname="de.uka.ilkd.key.proof.proverules.ProveRulesTest" time="3.177"/>
  <testcase name="bsum_upper_bound" classname="de.uka.ilkd.key.proof.proverules.ProveRulesTest" time="3.168"/>
  <testcase name="bsum_lower_bound" classname="de.uka.ilkd.key.proof.proverules.ProveRulesTest" time="3.182"/>
  <testcase name="bsum_positive_lower_bound_element" classname="de.uka.ilkd.key.proof.proverules.ProveRulesTest" time="3.179"/>
  <testcase name="bsum_sub_same_index" classname="de.uka.ilkd.key.proof.proverules.ProveRulesTest" time="3.151"/>
  <testcase name="bsum_less_same_index" classname="de.uka.ilkd.key.proof.proverules.ProveRulesTest" time="3.198"/>
  <testcase name="bsum_equal_except_one_index" classname="de.uka.ilkd.key.proof.proverules.ProveRulesTest" time="3.168"/>
  <testcase name="bsum_num_of_is_max" classname="de.uka.ilkd.key.proof.proverules.ProveRulesTest" time="3.15"/>
  <testcase name="bsum_num_of_is_max2" classname="de.uka.ilkd.key.proof.proverules.ProveRulesTest" time="3.15"/>
  <testcase name="bsum_num_of_is_max3" classname="de.uka.ilkd.key.proof.proverules.ProveRulesTest" time="3.148"/>
  <testcase name="bsum_num_of_is_max4" classname="de.uka.ilkd.key.proof.proverules.ProveRulesTest" time="3.152"/>
  <testcase name="bsum_num_of_lt_max" classname="de.uka.ilkd.key.proof.proverules.ProveRulesTest" time="3.175"/>
  <testcase name="bsum_num_of_lt_max2" classname="de.uka.ilkd.key.proof.proverules.ProveRulesTest" time="3.187"/>
  <testcase name="bsum_num_of_lt_max3" classname="de.uka.ilkd.key.proof.proverules.ProveRulesTest" time="3.163"/>
  <testcase name="bsum_num_of_lt_max4" classname="de.uka.ilkd.key.proof.proverules.ProveRulesTest" time="3.158"/>
  <testcase name="bsum_num_of_gt0" classname="de.uka.ilkd.key.proof.proverules.ProveRulesTest" time="3.153"/>
  <testcase name="bsum_num_of_gt0_alt" classname="de.uka.ilkd.key.proof.proverules.ProveRulesTest" time="3.148"/>
  <testcase name="bsum_add_concrete" classname="de.uka.ilkd.key.proof.proverules.ProveRulesTest" time="3.134"/>
  <testcase name="bprod_all_positive" classname="de.uka.ilkd.key.proof.proverules.ProveRulesTest" time="3.143"/>
  <testcase name="bprod_split" classname="de.uka.ilkd.key.proof.proverules.ProveRulesTest" time="3.184"/>
  <testcase name="powConcrete0" classname="de.uka.ilkd.key.proof.proverules.ProveRulesTest" time="3.142"/>
  <testcase name="powConcrete1" classname="de.uka.ilkd.key.proof.proverules.ProveRulesTest" time="3.145"/>
  <testcase name="powSplitFactor" classname="de.uka.ilkd.key.proof.proverules.ProveRulesTest" time="3.137"/>
  <testcase name="powAdd" classname="de.uka.ilkd.key.proof.proverules.ProveRulesTest" time="3.143"/>
  <testcase name="powMono" classname="de.uka.ilkd.key.proof.proverules.ProveRulesTest" time="3.143"/>
  <testcase name="powMonoConcrete" classname="de.uka.ilkd.key.proof.proverules.ProveRulesTest" time="3.123"/>
  <testcase name="powMonoConcreteRight" classname="de.uka.ilkd.key.proof.proverules.ProveRulesTest" time="3.135"/>
  <testcase name="powPositive" classname="de.uka.ilkd.key.proof.proverules.ProveRulesTest" time="3.15"/>
  <testcase name="powPositiveConcrete" classname="de.uka.ilkd.key.proof.proverules.ProveRulesTest" time="3.13"/>
  <testcase name="powGeq1Concrete" classname="de.uka.ilkd.key.proof.proverules.ProveRulesTest" time="3.115"/>
  <testcase name="pow2InIntLower" classname="de.uka.ilkd.key.proof.proverules.ProveRulesTest" time="3.124"/>
  <testcase name="pow2InIntUpper" classname="de.uka.ilkd.key.proof.proverules.ProveRulesTest" time="3.142"/>
  <testcase name="logSelfConcrete" classname="de.uka.ilkd.key.proof.proverules.ProveRulesTest" time="3.145"/>
  <testcase name="log1Concrete" classname="de.uka.ilkd.key.proof.proverules.ProveRulesTest" time="3.14"/>
  <testcase name="logProduct" classname="de.uka.ilkd.key.proof.proverules.ProveRulesTest" time="3.13"/>
  <testcase name="logTimesBaseConcrete" classname="de.uka.ilkd.key.proof.proverules.ProveRulesTest" time="3.128"/>
  <testcase name="logProdIdentity" classname="de.uka.ilkd.key.proof.proverules.ProveRulesTest" time="3.155"/>
  <testcase name="logProdIdentityConcrete" classname="de.uka.ilkd.key.proof.proverules.ProveRulesTest" time="3.128"/>
  <testcase name="logPowIdentity" classname="de.uka.ilkd.key.proof.proverules.ProveRulesTest" time="3.13"/>
  <testcase name="logPowIdentityConcrete" classname="de.uka.ilkd.key.proof.proverules.ProveRulesTest" time="3.135"/>
  <testcase name="logPositive" classname="de.uka.ilkd.key.proof.proverules.ProveRulesTest" time="3.142"/>
  <testcase name="logPositiveConcrete" classname="de.uka.ilkd.key.proof.proverules.ProveRulesTest" time="3.122"/>
  <testcase name="logMono" classname="de.uka.ilkd.key.proof.proverules.ProveRulesTest" time="3.188"/>
  <testcase name="logMonoConcrete" classname="de.uka.ilkd.key.proof.proverules.ProveRulesTest" time="3.12"/>
  <testcase name="powLogLess" classname="de.uka.ilkd.key.proof.proverules.ProveRulesTest" time="3.138"/>
  <testcase name="powLogMore2" classname="de.uka.ilkd.key.proof.proverules.ProveRulesTest" time="3.136"/>
  <testcase name="logLessThanPow" classname="de.uka.ilkd.key.proof.proverules.ProveRulesTest" time="3.184"/>
  <testcase name="logLessThanPowConcrete" classname="de.uka.ilkd.key.proof.proverules.ProveRulesTest" time="3.118"/>
  <testcase name="logSqueeze" classname="de.uka.ilkd.key.proof.proverules.ProveRulesTest" time="3.126"/>
  <testcase name="ifthenelse_equals" classname="de.uka.ilkd.key.proof.proverules.ProveRulesTest" time="3.126"/>
  <testcase name="ifthenelse_equals_1" classname="de.uka.ilkd.key.proof.proverules.ProveRulesTest" time="3.121"/>
  <testcase name="ifthenelse_equals_2" classname="de.uka.ilkd.key.proof.proverules.ProveRulesTest" time="3.119"/>
  <testcase name="disjointWithSingleton1" classname="de.uka.ilkd.key.proof.proverules.ProveRulesTest" time="3.112"/>
  <testcase name="disjointWithSingleton2" classname="de.uka.ilkd.key.proof.proverules.ProveRulesTest" time="3.108"/>
  <testcase name="disjointArrayRanges" classname="de.uka.ilkd.key.proof.proverules.ProveRulesTest" time="3.136"/>
  <testcase name="disjointArrayRangeAllFields1" classname="de.uka.ilkd.key.proof.proverules.ProveRulesTest" time="3.148"/>
  <testcase name="disjointArrayRangeAllFields2" classname="de.uka.ilkd.key.proof.proverules.ProveRulesTest" time="3.134"/>
  <testcase name="seqSelfDefinition" classname="de.uka.ilkd.key.proof.proverules.ProveRulesTest" time="3.13"/>
  <testcase name="seqOutsideValue" classname="de.uka.ilkd.key.proof.proverules.ProveRulesTest" time="3.131"/>
  <testcase name="castedGetAny" classname="de.uka.ilkd.key.proof.proverules.ProveRulesTest" time="3.131"/>
  <testcase name="seqGetAlphaCast" classname="de.uka.ilkd.key.proof.proverules.ProveRulesTest" time="3.123"/>
  <testcase name="getOfSeqSingleton" classname="de.uka.ilkd.key.proof.proverules.ProveRulesTest" time="3.138"/>
  <testcase name="getOfSeqSingletonConcrete" classname="de.uka.ilkd.key.proof.proverules.ProveRulesTest" time="3.122"/>
  <testcase name="getOfSeqConcat" classname="de.uka.ilkd.key.proof.proverules.ProveRulesTest" time="3.139"/>
  <testcase name="getOfSeqSub" classname="de.uka.ilkd.key.proof.proverules.ProveRulesTest" time="3.138"/>
  <testcase name="getOfSeqReverse" classname="de.uka.ilkd.key.proof.proverules.ProveRulesTest" time="3.159"/>
  <testcase name="lenOfSeqEmpty" classname="de.uka.ilkd.key.proof.proverules.ProveRulesTest" time="3.161"/>
  <testcase name="lenOfSeqSingleton" classname="de.uka.ilkd.key.proof.proverules.ProveRulesTest" time="3.12"/>
  <testcase name="lenOfSeqConcat" classname="de.uka.ilkd.key.proof.proverules.ProveRulesTest" time="3.122"/>
  <testcase name="lenOfSeqSub" classname="de.uka.ilkd.key.proof.proverules.ProveRulesTest" time="3.109"/>
  <testcase name="lenOfSeqReverse" classname="de.uka.ilkd.key.proof.proverules.ProveRulesTest" time="3.124"/>
  <testcase name="equalityToSeqGetAndSeqLenLeft" classname="de.uka.ilkd.key.proof.proverules.ProveRulesTest" time="3.119"/>
  <testcase name="equalityToSeqGetAndSeqLenRight" classname="de.uka.ilkd.key.proof.proverules.ProveRulesTest" time="3.127"/>
  <testcase name="getOfSeqSingletonEQ" classname="de.uka.ilkd.key.proof.proverules.ProveRulesTest" time="3.124"/>
  <testcase name="getOfSeqConcatEQ" classname="de.uka.ilkd.key.proof.proverules.ProveRulesTest" time="3.167"/>
  <testcase name="getOfSeqSubEQ" classname="de.uka.ilkd.key.proof.proverules.ProveRulesTest" time="3.138"/>
  <testcase name="getOfSeqReverseEQ" classname="de.uka.ilkd.key.proof.proverules.ProveRulesTest" time="3.12"/>
  <testcase name="lenOfSeqEmptyEQ" classname="de.uka.ilkd.key.proof.proverules.ProveRulesTest" time="3.134"/>
  <testcase name="lenOfSeqSingletonEQ" classname="de.uka.ilkd.key.proof.proverules.ProveRulesTest" time="3.143"/>
  <testcase name="lenOfSeqConcatEQ" classname="de.uka.ilkd.key.proof.proverules.ProveRulesTest" time="3.158"/>
  <testcase name="lenOfSeqSubEQ" classname="de.uka.ilkd.key.proof.proverules.ProveRulesTest" time="3.119"/>
  <testcase name="lenOfSeqReverseEQ" classname="de.uka.ilkd.key.proof.proverules.ProveRulesTest" time="3.122"/>
  <testcase name="getOfSeqDefEQ" classname="de.uka.ilkd.key.proof.proverules.ProveRulesTest" time="3.108"/>
  <testcase name="lenOfSeqDefEQ" classname="de.uka.ilkd.key.proof.proverules.ProveRulesTest" time="3.115"/>
  <testcase name="seqConcatWithSeqEmpty1" classname="de.uka.ilkd.key.proof.proverules.ProveRulesTest" time="3.146"/>
  <testcase name="seqConcatWithSeqEmpty2" classname="de.uka.ilkd.key.proof.proverules.ProveRulesTest" time="3.136"/>
  <testcase name="seqReverseOfSeqEmpty" classname="de.uka.ilkd.key.proof.proverules.ProveRulesTest" time="3.128"/>
  <testcase name="subSeqComplete" classname="de.uka.ilkd.key.proof.proverules.ProveRulesTest" time="3.154"/>
  <testcase name="subSeqTailR" classname="de.uka.ilkd.key.proof.proverules.ProveRulesTest" time="3.176"/>
  <testcase name="subSeqTailL" classname="de.uka.ilkd.key.proof.proverules.ProveRulesTest" time="3.171"/>
  <testcase name="subSeqTailEQR" classname="de.uka.ilkd.key.proof.proverules.ProveRulesTest" time="3.164"/>
  <testcase name="subSeqTailEQL" classname="de.uka.ilkd.key.proof.proverules.ProveRulesTest" time="3.161"/>
  <testcase name="seqDef_split" classname="de.uka.ilkd.key.proof.proverules.ProveRulesTest" time="3.199"/>
  <testcase name="seqDef_induction_upper" classname="de.uka.ilkd.key.proof.proverules.ProveRulesTest" time="3.227"/>
  <testcase name="seqDef_induction_upper_concrete" classname="de.uka.ilkd.key.proof.proverules.ProveRulesTest" time="3.179"/>
  <testcase name="seqDef_induction_lower" classname="de.uka.ilkd.key.proof.proverules.ProveRulesTest" time="3.189"/>
  <testcase name="seqDef_induction_lower_concrete" classname="de.uka.ilkd.key.proof.proverules.ProveRulesTest" time="3.209"/>
  <testcase name="seqDef_split_in_three" classname="de.uka.ilkd.key.proof.proverules.ProveRulesTest" time="3.384"/>
  <testcase name="seqDef_empty" classname="de.uka.ilkd.key.proof.proverules.ProveRulesTest" time="3.197"/>
  <testcase name="seqDef_one_summand" classname="de.uka.ilkd.key.proof.proverules.ProveRulesTest" time="3.134"/>
  <testcase name="seqDef_lower_equals_upper" classname="de.uka.ilkd.key.proof.proverules.ProveRulesTest" time="3.127"/>
  <testcase name="seqDefOfSeq" classname="de.uka.ilkd.key.proof.proverules.ProveRulesTest" time="3.152"/>
  <testcase name="seqSelfDefinitionEQ2" classname="de.uka.ilkd.key.proof.proverules.ProveRulesTest" time="3.126"/>
  <testcase name="indexOfSeqSingleton" classname="de.uka.ilkd.key.proof.proverules.ProveRulesTest" time="3.16"/>
  <testcase name="indexOfSeqConcatFirst" classname="de.uka.ilkd.key.proof.proverules.ProveRulesTest" time="3.158"/>
  <testcase name="indexOfSeqConcatSecond" classname="de.uka.ilkd.key.proof.proverules.ProveRulesTest" time="3.159"/>
  <testcase name="indexOfSeqSub" classname="de.uka.ilkd.key.proof.proverules.ProveRulesTest" time="3.146"/>
  <testcase name="lenOfArray2seq" classname="de.uka.ilkd.key.proof.proverules.ProveRulesTest" time="3.177"/>
  <testcase name="getAnyOfArray2seq" classname="de.uka.ilkd.key.proof.proverules.ProveRulesTest" time="3.158"/>
  <testcase name="getOfArray2seq" classname="de.uka.ilkd.key.proof.proverules.ProveRulesTest" time="3.178"/>
  <testcase name="getAnyOfNPermInv" classname="de.uka.ilkd.key.proof.proverules.ProveRulesTest" time="3.144"/>
  <testcase name="seqNPermRange" classname="de.uka.ilkd.key.proof.proverules.ProveRulesTest" time="3.235"/>
  <testcase name="seqPermTrans" classname="de.uka.ilkd.key.proof.proverules.ProveRulesTest" time="3.238"/>
  <testcase name="seqPermRefl" classname="de.uka.ilkd.key.proof.proverules.ProveRulesTest" time="3.169"/>
  <testcase name="seqPermSplit" classname="de.uka.ilkd.key.proof.proverules.ProveRulesTest" time="3.131"/>
  <testcase name="seqNPermRight" classname="de.uka.ilkd.key.proof.proverules.ProveRulesTest" time="3.529"/>
  <testcase name="seqPermFromSwap" classname="de.uka.ilkd.key.proof.proverules.ProveRulesTest" time="3.276"/>
  <testcase name="seqPermTransAlt0" classname="de.uka.ilkd.key.proof.proverules.ProveRulesTest" time="3.181"/>
  <testcase name="seqPermTransAlt1" classname="de.uka.ilkd.key.proof.proverules.ProveRulesTest" time="3.151"/>
  <testcase name="seqPermTransAlt2" classname="de.uka.ilkd.key.proof.proverules.ProveRulesTest" time="3.143"/>
  <testcase name="seqPermTransAlt3" classname="de.uka.ilkd.key.proof.proverules.ProveRulesTest" time="3.153"/>
  <testcase name="schiffl_lemma_2" classname="de.uka.ilkd.key.proof.proverules.ProveRulesTest" time="21.311"/>
  <testcase name="schiffl_thm_1" classname="de.uka.ilkd.key.proof.proverules.ProveRulesTest" time="3.67"/>
  <testcase name="eqSameSeq" classname="de.uka.ilkd.key.proof.proverules.ProveRulesTest" time="3.218"/>
  <system-out><![CDATA[519        WARN  Test worker     d.u.i.k.s.ProofSettings   No proof-settings could be loaded, using defaults java.io.FileNotFoundException: /home/runner/.key/proof-settings.props (No such file or directory)
	at java.base/java.io.FileInputStream.open0(Native Method)

11186      INFO  Test worker     d.u.i.k.t.l.TacletProofObligationInput Proof obligation for taclet: eqTermCut 
14812      INFO  Test worker     d.u.i.k.t.l.TacletProofObligationInput Proof obligation for taclet: equivAllRight 
18264      INFO  Test worker     d.u.i.k.t.l.TacletProofObligationInput Proof obligation for taclet: irrflConcrete1 
21671      INFO  Test worker     d.u.i.k.t.l.TacletProofObligationInput Proof obligation for taclet: irrflConcrete2 
24971      INFO  Test worker     d.u.i.k.t.l.TacletProofObligationInput Proof obligation for taclet: cancel_gtPos 
28332      INFO  Test worker     d.u.i.k.t.l.TacletProofObligationInput Proof obligation for taclet: cancel_gtNeg 
31571      INFO  Test worker     d.u.i.k.t.l.TacletProofObligationInput Proof obligation for taclet: moduloIntIsInInt 
34782      INFO  Test worker     d.u.i.k.t.l.TacletProofObligationInput Proof obligation for taclet: moduloLongIsInLong 
38005      INFO  Test worker     d.u.i.k.t.l.TacletProofObligationInput Proof obligation for taclet: moduloShortIsInShort 
41376      INFO  Test worker     d.u.i.k.t.l.TacletProofObligationInput Proof obligation for taclet: moduloByteIsInByte 
44543      INFO  Test worker     d.u.i.k.t.l.TacletProofObligationInput Proof obligation for taclet: moduloCharIsInChar 
47703      INFO  Test worker     d.u.i.k.t.l.TacletProofObligationInput Proof obligation for taclet: div_unique1 
50986      INFO  Test worker     d.u.i.k.t.l.TacletProofObligationInput Proof obligation for taclet: div_unique2 
54277      INFO  Test worker     d.u.i.k.t.l.TacletProofObligationInput Proof obligation for taclet: div_exists 
57768      INFO  Test worker     d.u.i.k.t.l.TacletProofObligationInput Proof obligation for taclet: div_one 
60927      INFO  Test worker     d.u.i.k.t.l.TacletProofObligationInput Proof obligation for taclet: jdiv_one 
64121      INFO  Test worker     d.u.i.k.t.l.TacletProofObligationInput Proof obligation for taclet: div_zero 
67371      INFO  Test worker     d.u.i.k.t.l.TacletProofObligationInput Proof obligation for taclet: divResZero1 
70540      INFO  Test worker     d.u.i.k.t.l.TacletProofObligationInput Proof obligation for taclet: divResZero2 
73697      INFO  Test worker     d.u.i.k.t.l.TacletProofObligationInput Proof obligation for taclet: divResOne1 
76858      INFO  Test worker     d.u.i.k.t.l.TacletProofObligationInput Proof obligation for taclet: divResOne2 
80020      INFO  Test worker     d.u.i.k.t.l.TacletProofObligationInput Proof obligation for taclet: div_cancel1 
83198      INFO  Test worker     d.u.i.k.t.l.TacletProofObligationInput Proof obligation for taclet: div_cancel2 
86372      INFO  Test worker     d.u.i.k.t.l.TacletProofObligationInput Proof obligation for taclet: divAddMultDenom 
89571      INFO  Test worker     d.u.i.k.t.l.TacletProofObligationInput Proof obligation for taclet: divMinus 
92815      INFO  Test worker     d.u.i.k.t.l.TacletProofObligationInput Proof obligation for taclet: divMinusDenom 
96021      INFO  Test worker     d.u.i.k.t.l.TacletProofObligationInput Proof obligation for taclet: divLeastDPos 
99172      INFO  Test worker     d.u.i.k.t.l.TacletProofObligationInput Proof obligation for taclet: divLeastDNeg 
102339     INFO  Test worker     d.u.i.k.t.l.TacletProofObligationInput Proof obligation for taclet: divGreatestDPos 
105511     INFO  Test worker     d.u.i.k.t.l.TacletProofObligationInput Proof obligation for taclet: divGreatestDNeg 
108667     INFO  Test worker     d.u.i.k.t.l.TacletProofObligationInput Proof obligation for taclet: divIncreasingPos 
111823     INFO  Test worker     d.u.i.k.t.l.TacletProofObligationInput Proof obligation for taclet: divIncreasingNeg 
114997     INFO  Test worker     d.u.i.k.t.l.TacletProofObligationInput Proof obligation for taclet: jdiv_zero 
118132     INFO  Test worker     d.u.i.k.t.l.TacletProofObligationInput Proof obligation for taclet: jdivPulloutMinusNum 
121296     INFO  Test worker     d.u.i.k.t.l.TacletProofObligationInput Proof obligation for taclet: jdivPulloutMinusDenom 
124500     INFO  Test worker     d.u.i.k.t.l.TacletProofObligationInput Proof obligation for taclet: jdiv_uniquePosPos 
127649     INFO  Test worker     d.u.i.k.t.l.TacletProofObligationInput Proof obligation for taclet: jdiv_uniquePosNeg 
130808     INFO  Test worker     d.u.i.k.t.l.TacletProofObligationInput Proof obligation for taclet: jdiv_uniqueNegPos 
133975     INFO  Test worker     d.u.i.k.t.l.TacletProofObligationInput Proof obligation for taclet: jdiv_uniqueNegNeg 
137124     INFO  Test worker     d.u.i.k.t.l.TacletProofObligationInput Proof obligation for taclet: jdivMultDenom1 
140340     INFO  Test worker     d.u.i.k.t.l.TacletProofObligationInput Proof obligation for taclet: jdivMultDenom2 
143483     INFO  Test worker     d.u.i.k.t.l.TacletProofObligationInput Proof obligation for taclet: mod_geZero 
146640     INFO  Test worker     d.u.i.k.t.l.TacletProofObligationInput Proof obligation for taclet: mod_lessDenom 
149777     INFO  Test worker     d.u.i.k.t.l.TacletProofObligationInput Proof obligation for taclet: jmod_NumPos 
152898     INFO  Test worker     d.u.i.k.t.l.TacletProofObligationInput Proof obligation for taclet: jmod_NumNeg 
156042     INFO  Test worker     d.u.i.k.t.l.TacletProofObligationInput Proof obligation for taclet: jmod_geZero 
159169     INFO  Test worker     d.u.i.k.t.l.TacletProofObligationInput Proof obligation for taclet: jmodNumZero 
162294     INFO  Test worker     d.u.i.k.t.l.TacletProofObligationInput Proof obligation for taclet: jmod_pulloutminusNum 
165423     INFO  Test worker     d.u.i.k.t.l.TacletProofObligationInput Proof obligation for taclet: jmod_pulloutminusDenom 
168535     INFO  Test worker     d.u.i.k.t.l.TacletProofObligationInput Proof obligation for taclet: jmodUnique1 
171821     INFO  Test worker     d.u.i.k.t.l.TacletProofObligationInput Proof obligation for taclet: jmodUnique2 
175100     INFO  Test worker     d.u.i.k.t.l.TacletProofObligationInput Proof obligation for taclet: intDivRem 
178230     INFO  Test worker     d.u.i.k.t.l.TacletProofObligationInput Proof obligation for taclet: jmodjmod 
181429     INFO  Test worker     d.u.i.k.t.l.TacletProofObligationInput Proof obligation for taclet: jmodDivisible 
184601     INFO  Test worker     d.u.i.k.t.l.TacletProofObligationInput Proof obligation for taclet: jmodDivisibleRep 
187716     INFO  Test worker     d.u.i.k.t.l.TacletProofObligationInput Proof obligation for taclet: jdivAddMultDenom 
191062     INFO  Test worker     d.u.i.k.t.l.TacletProofObligationInput Proof obligation for taclet: jmodAltZero 
194229     INFO  Test worker     d.u.i.k.t.l.TacletProofObligationInput Proof obligation for taclet: jmodAddMultDenomZero 
197347     INFO  Test worker     d.u.i.k.t.l.TacletProofObligationInput Proof obligation for taclet: polyDiv_zero 
200485     INFO  Test worker     d.u.i.k.t.l.TacletProofObligationInput Proof obligation for taclet: polyMod_ltdivDenom 
203620     INFO  Test worker     d.u.i.k.t.l.TacletProofObligationInput Proof obligation for taclet: bsum_empty 
206748     INFO  Test worker     d.u.i.k.t.l.TacletProofObligationInput Proof obligation for taclet: bsum_induction_upper 
209868     INFO  Test worker     d.u.i.k.t.l.TacletProofObligationInput Proof obligation for taclet: bsum_induction_lower 
213015     INFO  Test worker     d.u.i.k.t.l.TacletProofObligationInput Proof obligation for taclet: bsum_num_of_bounds 
216158     INFO  Test worker     d.u.i.k.t.l.TacletProofObligationInput Proof obligation for taclet: bsum_num_of_bounds2 
219303     INFO  Test worker     d.u.i.k.t.l.TacletProofObligationInput Proof obligation for taclet: bsum_induction_upper2 
222413     INFO  Test worker     d.u.i.k.t.l.TacletProofObligationInput Proof obligation for taclet: bsum_induction_upper_concrete 
225529     INFO  Test worker     d.u.i.k.t.l.TacletProofObligationInput Proof obligation for taclet: bsum_induction_upper_concrete_2 
228652     INFO  Test worker     d.u.i.k.t.l.TacletProofObligationInput Proof obligation for taclet: bsum_induction_upper2_concrete 
231778     INFO  Test worker     d.u.i.k.t.l.TacletProofObligationInput Proof obligation for taclet: bsum_induction_lower_concrete 
234895     INFO  Test worker     d.u.i.k.t.l.TacletProofObligationInput Proof obligation for taclet: bsum_induction_lower2 
238021     INFO  Test worker     d.u.i.k.t.l.TacletProofObligationInput Proof obligation for taclet: bsum_induction_lower2_concrete 
241146     INFO  Test worker     d.u.i.k.t.l.TacletProofObligationInput Proof obligation for taclet: bsum_positive 
244323     INFO  Test worker     d.u.i.k.t.l.TacletProofObligationInput Proof obligation for taclet: bsum_upper_bound 
247514     INFO  Test worker     d.u.i.k.t.l.TacletProofObligationInput Proof obligation for taclet: bsum_lower_bound 
250677     INFO  Test worker     d.u.i.k.t.l.TacletProofObligationInput Proof obligation for taclet: bsum_positive_lower_bound_element 
253852     INFO  Test worker     d.u.i.k.t.l.TacletProofObligationInput Proof obligation for taclet: bsum_sub_same_index 
257008     INFO  Test worker     d.u.i.k.t.l.TacletProofObligationInput Proof obligation for taclet: bsum_less_same_index 
260205     INFO  Test worker     d.u.i.k.t.l.TacletProofObligationInput Proof obligation for taclet: bsum_equal_except_one_index 
263363     INFO  Test worker     d.u.i.k.t.l.TacletProofObligationInput Proof obligation for taclet: bsum_num_of_is_max 
266518     INFO  Test worker     d.u.i.k.t.l.TacletProofObligationInput Proof obligation for taclet: bsum_num_of_is_max2 
269671     INFO  Test worker     d.u.i.k.t.l.TacletProofObligationInput Proof obligation for taclet: bsum_num_of_is_max3 
272809     INFO  Test worker     d.u.i.k.t.l.TacletProofObligationInput Proof obligation for taclet: bsum_num_of_is_max4 
275979     INFO  Test worker     d.u.i.k.t.l.TacletProofObligationInput Proof obligation for taclet: bsum_num_of_lt_max 
279141     INFO  Test worker     d.u.i.k.t.l.TacletProofObligationInput Proof obligation for taclet: bsum_num_of_lt_max2 
282330     INFO  Test worker     d.u.i.k.t.l.TacletProofObligationInput Proof obligation for taclet: bsum_num_of_lt_max3 
285494     INFO  Test worker     d.u.i.k.t.l.TacletProofObligationInput Proof obligation for taclet: bsum_num_of_lt_max4 
288654     INFO  Test worker     d.u.i.k.t.l.TacletProofObligationInput Proof obligation for taclet: bsum_num_of_gt0 
291807     INFO  Test worker     d.u.i.k.t.l.TacletProofObligationInput Proof obligation for taclet: bsum_num_of_gt0_alt 
294957     INFO  Test worker     d.u.i.k.t.l.TacletProofObligationInput Proof obligation for taclet: bsum_add_concrete 
298086     INFO  Test worker     d.u.i.k.t.l.TacletProofObligationInput Proof obligation for taclet: bprod_all_positive 
301231     INFO  Test worker     d.u.i.k.t.l.TacletProofObligationInput Proof obligation for taclet: bprod_split 
304419     INFO  Test worker     d.u.i.k.t.l.TacletProofObligationInput Proof obligation for taclet: powConcrete0 
307576     INFO  Test worker     d.u.i.k.t.l.TacletProofObligationInput Proof obligation for taclet: powConcrete1 
310708     INFO  Test worker     d.u.i.k.t.l.TacletProofObligationInput Proof obligation for taclet: powSplitFactor 
313849     INFO  Test worker     d.u.i.k.t.l.TacletProofObligationInput Proof obligation for taclet: powAdd 
316980     INFO  Test worker     d.u.i.k.t.l.TacletProofObligationInput Proof obligation for taclet: powMono 
320120     INFO  Test worker     d.u.i.k.t.l.TacletProofObligationInput Proof obligation for taclet: powMonoConcrete 
323255     INFO  Test worker     d.u.i.k.t.l.TacletProofObligationInput Proof obligation for taclet: powMonoConcreteRight 
326391     INFO  Test worker     d.u.i.k.t.l.TacletProofObligationInput Proof obligation for taclet: powPositive 
329537     INFO  Test worker     d.u.i.k.t.l.TacletProofObligationInput Proof obligation for taclet: powPositiveConcrete 
332655     INFO  Test worker     d.u.i.k.t.l.TacletProofObligationInput Proof obligation for taclet: powGeq1Concrete 
335773     INFO  Test worker     d.u.i.k.t.l.TacletProofObligationInput Proof obligation for taclet: pow2InIntLower 
338913     INFO  Test worker     d.u.i.k.t.l.TacletProofObligationInput Proof obligation for taclet: pow2InIntUpper 
342055     INFO  Test worker     d.u.i.k.t.l.TacletProofObligationInput Proof obligation for taclet: logSelfConcrete 
345199     INFO  Test worker     d.u.i.k.t.l.TacletProofObligationInput Proof obligation for taclet: log1Concrete 
348328     INFO  Test worker     d.u.i.k.t.l.TacletProofObligationInput Proof obligation for taclet: logProduct 
351452     INFO  Test worker     d.u.i.k.t.l.TacletProofObligationInput Proof obligation for taclet: logTimesBaseConcrete 
354591     INFO  Test worker     d.u.i.k.t.l.TacletProofObligationInput Proof obligation for taclet: logProdIdentity 
357741     INFO  Test worker     d.u.i.k.t.l.TacletProofObligationInput Proof obligation for taclet: logProdIdentityConcrete 
360871     INFO  Test worker     d.u.i.k.t.l.TacletProofObligationInput Proof obligation for taclet: logPowIdentity 
364005     INFO  Test worker     d.u.i.k.t.l.TacletProofObligationInput Proof obligation for taclet: logPowIdentityConcrete 
367130     INFO  Test worker     d.u.i.k.t.l.TacletProofObligationInput Proof obligation for taclet: logPositive 
370273     INFO  Test worker     d.u.i.k.t.l.TacletProofObligationInput Proof obligation for taclet: logPositiveConcrete 
373386     INFO  Test worker     d.u.i.k.t.l.TacletProofObligationInput Proof obligation for taclet: logMono 
376582     INFO  Test worker     d.u.i.k.t.l.TacletProofObligationInput Proof obligation for taclet: logMonoConcrete 
379697     INFO  Test worker     d.u.i.k.t.l.TacletProofObligationInput Proof obligation for taclet: powLogLess 
382834     INFO  Test worker     d.u.i.k.t.l.TacletProofObligationInput Proof obligation for taclet: powLogMore2 
385977     INFO  Test worker     d.u.i.k.t.l.TacletProofObligationInput Proof obligation for taclet: logLessThanPow 
389154     INFO  Test worker     d.u.i.k.t.l.TacletProofObligationInput Proof obligation for taclet: logLessThanPowConcrete 
392280     INFO  Test worker     d.u.i.k.t.l.TacletProofObligationInput Proof obligation for taclet: logSqueeze 
395407     INFO  Test worker     d.u.i.k.t.l.TacletProofObligationInput Proof obligation for taclet: ifthenelse_equals 
398528     INFO  Test worker     d.u.i.k.t.l.TacletProofObligationInput Proof obligation for taclet: ifthenelse_equals_1 
401651     INFO  Test worker     d.u.i.k.t.l.TacletProofObligationInput Proof obligation for taclet: ifthenelse_equals_2 
404763     INFO  Test worker     d.u.i.k.t.l.TacletProofObligationInput Proof obligation for taclet: disjointWithSingleton1 
407866     INFO  Test worker     d.u.i.k.t.l.TacletProofObligationInput Proof obligation for taclet: disjointWithSingleton2 
410984     INFO  Test worker     d.u.i.k.t.l.TacletProofObligationInput Proof obligation for taclet: disjointArrayRanges 
414140     INFO  Test worker     d.u.i.k.t.l.TacletProofObligationInput Proof obligation for taclet: disjointArrayRangeAllFields1 
417275     INFO  Test worker     d.u.i.k.t.l.TacletProofObligationInput Proof obligation for taclet: disjointArrayRangeAllFields2 
420400     INFO  Test worker     d.u.i.k.t.l.TacletProofObligationInput Proof obligation for taclet: seqSelfDefinition 
423535     INFO  Test worker     d.u.i.k.t.l.TacletProofObligationInput Proof obligation for taclet: seqOutsideValue 
426669     INFO  Test worker     d.u.i.k.t.l.TacletProofObligationInput Proof obligation for taclet: castedGetAny 
429817     INFO  Test worker     d.u.i.k.t.l.TacletProofObligationInput Proof obligation for taclet: seqGetAlphaCast 
432953     INFO  Test worker     d.u.i.k.t.l.TacletProofObligationInput Proof obligation for taclet: getOfSeqSingleton 
436076     INFO  Test worker     d.u.i.k.t.l.TacletProofObligationInput Proof obligation for taclet: getOfSeqSingletonConcrete 
439200     INFO  Test worker     d.u.i.k.t.l.TacletProofObligationInput Proof obligation for taclet: getOfSeqConcat 
442348     INFO  Test worker     d.u.i.k.t.l.TacletProofObligationInput Proof obligation for taclet: getOfSeqSub 
445478     INFO  Test worker     d.u.i.k.t.l.TacletProofObligationInput Proof obligation for taclet: getOfSeqReverse 
448620     INFO  Test worker     d.u.i.k.t.l.TacletProofObligationInput Proof obligation for taclet: lenOfSeqEmpty 
451775     INFO  Test worker     d.u.i.k.t.l.TacletProofObligationInput Proof obligation for taclet: lenOfSeqSingleton 
454894     INFO  Test worker     d.u.i.k.t.l.TacletProofObligationInput Proof obligation for taclet: lenOfSeqConcat 
458005     INFO  Test worker     d.u.i.k.t.l.TacletProofObligationInput Proof obligation for taclet: lenOfSeqSub 
461125     INFO  Test worker     d.u.i.k.t.l.TacletProofObligationInput Proof obligation for taclet: lenOfSeqReverse 
464247     INFO  Test worker     d.u.i.k.t.l.TacletProofObligationInput Proof obligation for taclet: equalityToSeqGetAndSeqLenLeft 
467388     INFO  Test worker     d.u.i.k.t.l.TacletProofObligationInput Proof obligation for taclet: equalityToSeqGetAndSeqLenRight 
470514     INFO  Test worker     d.u.i.k.t.l.TacletProofObligationInput Proof obligation for taclet: getOfSeqSingletonEQ 
473652     INFO  Test worker     d.u.i.k.t.l.TacletProofObligationInput Proof obligation for taclet: getOfSeqConcatEQ 
476802     INFO  Test worker     d.u.i.k.t.l.TacletProofObligationInput Proof obligation for taclet: getOfSeqSubEQ 
479920     INFO  Test worker     d.u.i.k.t.l.TacletProofObligationInput Proof obligation for taclet: getOfSeqReverseEQ 
483053     INFO  Test worker     d.u.i.k.t.l.TacletProofObligationInput Proof obligation for taclet: lenOfSeqEmptyEQ 
486210     INFO  Test worker     d.u.i.k.t.l.TacletProofObligationInput Proof obligation for taclet: lenOfSeqSingletonEQ 
489355     INFO  Test worker     d.u.i.k.t.l.TacletProofObligationInput Proof obligation for taclet: lenOfSeqConcatEQ 
492478     INFO  Test worker     d.u.i.k.t.l.TacletProofObligationInput Proof obligation for taclet: lenOfSeqSubEQ 
495597     INFO  Test worker     d.u.i.k.t.l.TacletProofObligationInput Proof obligation for taclet: lenOfSeqReverseEQ 
498709     INFO  Test worker     d.u.i.k.t.l.TacletProofObligationInput Proof obligation for taclet: getOfSeqDefEQ 
501840     INFO  Test worker     d.u.i.k.t.l.TacletProofObligationInput Proof obligation for taclet: lenOfSeqDefEQ 
504955     INFO  Test worker     d.u.i.k.t.l.TacletProofObligationInput Proof obligation for taclet: seqConcatWithSeqEmpty1 
508091     INFO  Test worker     d.u.i.k.t.l.TacletProofObligationInput Proof obligation for taclet: seqConcatWithSeqEmpty2 
511218     INFO  Test worker     d.u.i.k.t.l.TacletProofObligationInput Proof obligation for taclet: seqReverseOfSeqEmpty 
514370     INFO  Test worker     d.u.i.k.t.l.TacletProofObligationInput Proof obligation for taclet: subSeqComplete 
517528     INFO  Test worker     d.u.i.k.t.l.TacletProofObligationInput Proof obligation for taclet: subSeqTailR 
520705     INFO  Test worker     d.u.i.k.t.l.TacletProofObligationInput Proof obligation for taclet: subSeqTailL 
523889     INFO  Test worker     d.u.i.k.t.l.TacletProofObligationInput Proof obligation for taclet: subSeqTailEQR 
527043     INFO  Test worker     d.u.i.k.t.l.TacletProofObligationInput Proof obligation for taclet: subSeqTailEQL 
530187     INFO  Test worker     d.u.i.k.t.l.TacletProofObligationInput Proof obligation for taclet: seqDef_split 
533417     INFO  Test worker     d.u.i.k.t.l.TacletProofObligationInput Proof obligation for taclet: seqDef_induction_upper 
536619     INFO  Test worker     d.u.i.k.t.l.TacletProofObligationInput Proof obligation for taclet: seqDef_induction_upper_concrete 
539801     INFO  Test worker     d.u.i.k.t.l.TacletProofObligationInput Proof obligation for taclet: seqDef_induction_lower 
543005     INFO  Test worker     d.u.i.k.t.l.TacletProofObligationInput Proof obligation for taclet: seqDef_induction_lower_concrete 
546208     INFO  Test worker     d.u.i.k.t.l.TacletProofObligationInput Proof obligation for taclet: seqDef_split_in_three 
549626     INFO  Test worker     d.u.i.k.t.l.TacletProofObligationInput Proof obligation for taclet: seqDef_empty 
552771     INFO  Test worker     d.u.i.k.t.l.TacletProofObligationInput Proof obligation for taclet: seqDef_one_summand 
555916     INFO  Test worker     d.u.i.k.t.l.TacletProofObligationInput Proof obligation for taclet: seqDef_lower_equals_upper 
559036     INFO  Test worker     d.u.i.k.t.l.TacletProofObligationInput Proof obligation for taclet: seqDefOfSeq 
562170     INFO  Test worker     d.u.i.k.t.l.TacletProofObligationInput Proof obligation for taclet: seqSelfDefinitionEQ2 
565327     INFO  Test worker     d.u.i.k.t.l.TacletProofObligationInput Proof obligation for taclet: indexOfSeqSingleton 
568477     INFO  Test worker     d.u.i.k.t.l.TacletProofObligationInput Proof obligation for taclet: indexOfSeqConcatFirst 
571628     INFO  Test worker     d.u.i.k.t.l.TacletProofObligationInput Proof obligation for taclet: indexOfSeqConcatSecond 
574777     INFO  Test worker     d.u.i.k.t.l.TacletProofObligationInput Proof obligation for taclet: indexOfSeqSub 
577969     INFO  Test worker     d.u.i.k.t.l.TacletProofObligationInput Proof obligation for taclet: lenOfArray2seq 
581131     INFO  Test worker     d.u.i.k.t.l.TacletProofObligationInput Proof obligation for taclet: getAnyOfArray2seq 
584306     INFO  Test worker     d.u.i.k.t.l.TacletProofObligationInput Proof obligation for taclet: getOfArray2seq 
587453     INFO  Test worker     d.u.i.k.t.l.TacletProofObligationInput Proof obligation for taclet: getAnyOfNPermInv 
590612     INFO  Test worker     d.u.i.k.t.l.TacletProofObligationInput Proof obligation for taclet: seqNPermRange 
593839     INFO  Test worker     d.u.i.k.t.l.TacletProofObligationInput Proof obligation for taclet: seqPermTrans 
597083     INFO  Test worker     d.u.i.k.t.l.TacletProofObligationInput Proof obligation for taclet: seqPermRefl 
600248     INFO  Test worker     d.u.i.k.t.l.TacletProofObligationInput Proof obligation for taclet: seqPermSplit 
603395     INFO  Test worker     d.u.i.k.t.l.TacletProofObligationInput Proof obligation for taclet: seqNPermRight 
606924     INFO  Test worker     d.u.i.k.t.l.TacletProofObligationInput Proof obligation for taclet: seqPermFromSwap 
610200     INFO  Test worker     d.u.i.k.t.l.TacletProofObligationInput Proof obligation for taclet: seqPermTransAlt0 
613365     INFO  Test worker     d.u.i.k.t.l.TacletProofObligationInput Proof obligation for taclet: seqPermTransAlt1 
616507     INFO  Test worker     d.u.i.k.t.l.TacletProofObligationInput Proof obligation for taclet: seqPermTransAlt2 
619663     INFO  Test worker     d.u.i.k.t.l.TacletProofObligationInput Proof obligation for taclet: seqPermTransAlt3 
622804     INFO  Test worker     d.u.i.k.t.l.TacletProofObligationInput Proof obligation for taclet: schiffl_lemma_2 
623618     INFO  Test worker     d.u.i.k.m.s.ProofScriptEngine 1: 'macro split-prop' 
623670     INFO  Test worker     d.u.i.k.m.s.ProofScriptEngine 2: 'rule allRight' 
623692     INFO  Test worker     d.u.i.k.m.s.ProofScriptEngine 3: 'rule allRight' 
623700     INFO  Test worker     d.u.i.k.m.s.ProofScriptEngine 4: 'macro split-prop' 
623710     INFO  Test worker     d.u.i.k.m.s.ProofScriptEngine 5: 'rule 'seqPermDefLeft'' 
623713     INFO  Test worker     d.u.i.k.m.s.ProofScriptEngine 6: 'rule 'andLeft'' 
623714     INFO  Test worker     d.u.i.k.m.s.ProofScriptEngine 7: 'rule 'exLeft'' 
623718     INFO  Test worker     d.u.i.k.m.s.ProofScriptEngine 8: 'macro split-prop' 
623726     INFO  Test worker     d.u.i.k.m.s.ProofScriptEngine 9: 'rule  seqNPermRange' 
623729     INFO  Test worker     d.u.i.k.m.s.ProofScriptEngine 10: 'instantiate var=iv with='v_x_0' occ=1' 
623733     INFO  Test worker     d.u.i.k.m.s.ProofScriptEngine 11: 'rule impLeft' 
623735     INFO  Test worker     d.u.i.k.m.s.ProofScriptEngine 12: 'tryclose branch' 
623951     INFO  Test worker     d.u.i.k.m.s.ProofScriptEngine 13: 'rule andLeft' 
623953     INFO  Test worker     d.u.i.k.m.s.ProofScriptEngine 14: 'rule andLeft' 
623954     INFO  Test worker     d.u.i.k.m.s.ProofScriptEngine 15: 'instantiate var=iv with='v_y_0' occ=1' 
623955     INFO  Test worker     d.u.i.k.m.s.ProofScriptEngine 16: 'rule impLeft' 
623955     INFO  Test worker     d.u.i.k.m.s.ProofScriptEngine 17: 'tryclose branch' 
624062     INFO  Test worker     d.u.i.k.m.s.ProofScriptEngine 18: 'rule andLeft' 
624064     INFO  Test worker     d.u.i.k.m.s.ProofScriptEngine 19: 'rule andLeft' 
624067     INFO  Test worker     d.u.i.k.m.s.ProofScriptEngine 20: 'rule seqNPermDefLeft' 
624069     INFO  Test worker     d.u.i.k.m.s.ProofScriptEngine 21: 'instantiate var=iv with='v_x_0' occ=2' 
624071     INFO  Test worker     d.u.i.k.m.s.ProofScriptEngine 22: 'rule impLeft' 
624072     INFO  Test worker     d.u.i.k.m.s.ProofScriptEngine 23: 'tryclose branch' 
624219     INFO  Test worker     d.u.i.k.m.s.ProofScriptEngine 24: 'rule exLeft' 
624228     INFO  Test worker     d.u.i.k.m.s.ProofScriptEngine 25: 'rule andLeft' 
624229     INFO  Test worker     d.u.i.k.m.s.ProofScriptEngine 26: 'rule andLeft' 
624230     INFO  Test worker     d.u.i.k.m.s.ProofScriptEngine 27: 'instantiate hide var=iv with='v_y_0' occ=2' 
624230     INFO  Test worker     d.u.i.k.m.s.ProofScriptEngine 28: 'rule impLeft' 
624231     INFO  Test worker     d.u.i.k.m.s.ProofScriptEngine 29: 'tryclose branch' 
624373     INFO  Test worker     d.u.i.k.m.s.ProofScriptEngine 30: 'rule exLeft' 
624375     INFO  Test worker     d.u.i.k.m.s.ProofScriptEngine 31: 'rule andLeft' 
624376     INFO  Test worker     d.u.i.k.m.s.ProofScriptEngine 32: 'rule andLeft' 
624377     INFO  Test worker     d.u.i.k.m.s.ProofScriptEngine 33: 'instantiate var=iv with='jv_0' occ=1' 
624378     INFO  Test worker     d.u.i.k.m.s.ProofScriptEngine 34: 'rule impLeft' 
624378     INFO  Test worker     d.u.i.k.m.s.ProofScriptEngine 35: 'tryclose branch' 
624385     INFO  Test worker     d.u.i.k.m.s.ProofScriptEngine 36: 'rule andLeft' 
624385     INFO  Test worker     d.u.i.k.m.s.ProofScriptEngine 37: 'rule andLeft' 
624386     INFO  Test worker     d.u.i.k.m.s.ProofScriptEngine 38: 'rule castAdd formula='s_0[jv_0] = v_x_0' occ=0' 
624388     INFO  Test worker     d.u.i.k.m.s.ProofScriptEngine 39: 'instantiate hide var=iv with='jv_1' occ=1' 
624389     INFO  Test worker     d.u.i.k.m.s.ProofScriptEngine 40: 'rule impLeft' 
624390     INFO  Test worker     d.u.i.k.m.s.ProofScriptEngine 41: 'tryclose branch' 
624396     INFO  Test worker     d.u.i.k.m.s.ProofScriptEngine 42: 'rule andLeft' 
624397     INFO  Test worker     d.u.i.k.m.s.ProofScriptEngine 43: 'rule andLeft' 
624398     INFO  Test worker     d.u.i.k.m.s.ProofScriptEngine 44: 'rule castAdd formula='s_0[jv_1] = v_y_0' occ=0' 
624399     INFO  Test worker     d.u.i.k.m.s.ProofScriptEngine 45: 'instantiate var=iv  with='v_x_0'' 
624399     INFO  Test worker     d.u.i.k.m.s.ProofScriptEngine 46: 'rule impLeft' 
624400     INFO  Test worker     d.u.i.k.m.s.ProofScriptEngine 47: 'tryclose branch' 
624571     INFO  Test worker     d.u.i.k.m.s.ProofScriptEngine 48: 'instantiate var=iv  with='v_y_0'' 
624571     INFO  Test worker     d.u.i.k.m.s.ProofScriptEngine 49: 'rule impLeft' 
624572     INFO  Test worker     d.u.i.k.m.s.ProofScriptEngine 50: 'tryclose branch' 
624738     INFO  Test worker     d.u.i.k.m.s.ProofScriptEngine 51: 'cut 'v_x_0 = v_y_0'' 
624739     INFO  Test worker     d.u.i.k.m.s.ProofScriptEngine 52: 'instantiate hide var='v_r' with='seqSwap(s_0,v_x_0,jv_0)'' 
624741     INFO  Test worker     d.u.i.k.m.s.ProofScriptEngine 53: 'rule andRight' 
624742     INFO  Test worker     d.u.i.k.m.s.ProofScriptEngine 54: 'rule andRight' 
624744     INFO  Test worker     d.u.i.k.m.s.ProofScriptEngine 55: 'rule andRight' 
624747     INFO  Test worker     d.u.i.k.m.s.ProofScriptEngine 56: 'rule andRight' 
624748     INFO  Test worker     d.u.i.k.m.s.ProofScriptEngine 57: 'rule lenOfSwap' 
624748     INFO  Test worker     d.u.i.k.m.s.ProofScriptEngine 58: 'tryclose branch' 
624752     INFO  Test worker     d.u.i.k.m.s.ProofScriptEngine 59: 'rule seqNPermSwapNPerm' 
624754     INFO  Test worker     d.u.i.k.m.s.ProofScriptEngine 60: 'instantiate hide var='iv' with='v_x_0' occ=1' 
624756     INFO  Test worker     d.u.i.k.m.s.ProofScriptEngine 61: 'instantiate hide var='jv' with='jv_0'' 
624756     INFO  Test worker     d.u.i.k.m.s.ProofScriptEngine 62: 'rule impLeft' 
624759     INFO  Test worker     d.u.i.k.m.s.ProofScriptEngine 63: 'tryclose branch' 
624864     INFO  Test worker     d.u.i.k.m.s.ProofScriptEngine 64: 'tryclose branch' 
624868     INFO  Test worker     d.u.i.k.m.s.ProofScriptEngine 65: 'rule allRight' 
624869     INFO  Test worker     d.u.i.k.m.s.ProofScriptEngine 66: 'rule impRight' 
624871     INFO  Test worker     d.u.i.k.m.s.ProofScriptEngine 67: 'rule andLeft' 
624872     INFO  Test worker     d.u.i.k.m.s.ProofScriptEngine 68: 'instantiate var=iv with='v_iv_0'' 
624873     INFO  Test worker     d.u.i.k.m.s.ProofScriptEngine 69: 'rule impLeft' 
624875     INFO  Test worker     d.u.i.k.m.s.ProofScriptEngine 70: 'tryclose branch' 
624995     INFO  Test worker     d.u.i.k.m.s.ProofScriptEngine 71: 'rule getOfSwap' 
624996     INFO  Test worker     d.u.i.k.m.s.ProofScriptEngine 72: 'rule ifthenelse_negated' 
624997     INFO  Test worker     d.u.i.k.m.s.ProofScriptEngine 73: 'rule ifthenelse_split occ=0' 
624998     INFO  Test worker     d.u.i.k.m.s.ProofScriptEngine 74: 'rule andLeft' 
624999     INFO  Test worker     d.u.i.k.m.s.ProofScriptEngine 75: 'rule andLeft' 
625000     INFO  Test worker     d.u.i.k.m.s.ProofScriptEngine 76: 'rule andLeft' 
625001     INFO  Test worker     d.u.i.k.m.s.ProofScriptEngine 77: 'rule ifthenelse_split occ=0' 
625002     INFO  Test worker     d.u.i.k.m.s.ProofScriptEngine 78: 'tryclose branch' 
625098     INFO  Test worker     d.u.i.k.m.s.ProofScriptEngine 79: 'rule ifthenelse_split occ=0' 
625099     INFO  Test worker     d.u.i.k.m.s.ProofScriptEngine 80: 'tryclose branch' 
625192     INFO  Test worker     d.u.i.k.m.s.ProofScriptEngine 81: 'tryclose branch' 
625197     INFO  Test worker     d.u.i.k.m.s.ProofScriptEngine 82: 'tryclose branch' 
625202     INFO  Test worker     d.u.i.k.m.s.ProofScriptEngine 83: 'rule getOfSwap' 
625206     INFO  Test worker     d.u.i.k.m.s.ProofScriptEngine 84: 'rule ifthenelse_negated' 
625207     INFO  Test worker     d.u.i.k.m.s.ProofScriptEngine 85: 'rule ifthenelse_split occ=0' 
625208     INFO  Test worker     d.u.i.k.m.s.ProofScriptEngine 86: 'rule andLeft' 
625211     INFO  Test worker     d.u.i.k.m.s.ProofScriptEngine 87: 'rule andLeft' 
625211     INFO  Test worker     d.u.i.k.m.s.ProofScriptEngine 88: 'rule andLeft' 
625212     INFO  Test worker     d.u.i.k.m.s.ProofScriptEngine 89: 'rule ifthenelse_split occ=0' 
625214     INFO  Test worker     d.u.i.k.m.s.ProofScriptEngine 90: 'tryclose branch' 
625223     INFO  Test worker     d.u.i.k.m.s.ProofScriptEngine 91: 'tryclose branch' 
625228     INFO  Test worker     d.u.i.k.m.s.ProofScriptEngine 92: 'tryclose branch' 
625336     INFO  Test worker     d.u.i.k.m.s.ProofScriptEngine 93: 'rule getOfSwap' 
625338     INFO  Test worker     d.u.i.k.m.s.ProofScriptEngine 94: 'rule ifthenelse_negated' 
625340     INFO  Test worker     d.u.i.k.m.s.ProofScriptEngine 95: 'rule ifthenelse_split occ=0' 
625342     INFO  Test worker     d.u.i.k.m.s.ProofScriptEngine 96: 'rule andLeft' 
625343     INFO  Test worker     d.u.i.k.m.s.ProofScriptEngine 97: 'rule andLeft' 
625344     INFO  Test worker     d.u.i.k.m.s.ProofScriptEngine 98: 'rule andLeft' 
625345     INFO  Test worker     d.u.i.k.m.s.ProofScriptEngine 99: 'rule ifthenelse_split occ=0' 
625346     INFO  Test worker     d.u.i.k.m.s.ProofScriptEngine 100: 'tryclose branch' 
625404     INFO  Test worker     d.u.i.k.m.s.ProofScriptEngine 101: 'tryclose branch' 
625409     INFO  Test worker     d.u.i.k.m.s.ProofScriptEngine 102: 'tryclose branch' 
625505     INFO  Test worker     d.u.i.k.m.s.ProofScriptEngine 103: 'cut '(int)s_0[v_x_0] = (int)s_0[v_y_0]'' 
625507     INFO  Test worker     d.u.i.k.m.s.ProofScriptEngine 104: 'rule seqNPermInjective' 
625509     INFO  Test worker     d.u.i.k.m.s.ProofScriptEngine 105: 'instantiate hide var=iv with='v_x_0'' 
625511     INFO  Test worker     d.u.i.k.m.s.ProofScriptEngine 106: 'instantiate hide var=jv with='v_y_0'' 
625512     INFO  Test worker     d.u.i.k.m.s.ProofScriptEngine 107: 'rule impLeft' 
625513     INFO  Test worker     d.u.i.k.m.s.ProofScriptEngine 108: 'tryclose branch' 
625647     INFO  Test worker     d.u.i.k.m.s.ProofScriptEngine 109: 'tryclose branch' 
625663     INFO  Test worker     d.u.i.k.m.s.ProofScriptEngine 110: 'cut '(int)s_0[v_x_0] = v_x_0'' 
625664     INFO  Test worker     d.u.i.k.m.s.ProofScriptEngine 111: 'instantiate hide var=v_r with='seqSwap(s_0,v_y_0,jv_1)'' 
625667     INFO  Test worker     d.u.i.k.m.s.ProofScriptEngine 112: 'rule andRight' 
625669     INFO  Test worker     d.u.i.k.m.s.ProofScriptEngine 113: 'rule andRight' 
625673     INFO  Test worker     d.u.i.k.m.s.ProofScriptEngine 114: 'rule andRight' 
625674     INFO  Test worker     d.u.i.k.m.s.ProofScriptEngine 115: 'rule andRight' 
625675     INFO  Test worker     d.u.i.k.m.s.ProofScriptEngine 116: 'tryclose branch' 
625686     INFO  Test worker     d.u.i.k.m.s.ProofScriptEngine 117: 'rule seqNPermSwapNPerm' 
625692     INFO  Test worker     d.u.i.k.m.s.ProofScriptEngine 118: 'instantiate hide var=iv with='v_y_0'' 
625694     INFO  Test worker     d.u.i.k.m.s.ProofScriptEngine 119: 'instantiate hide var=jv with='jv_1'' 
625695     INFO  Test worker     d.u.i.k.m.s.ProofScriptEngine 120: 'tryclose branch' 
625812     INFO  Test worker     d.u.i.k.m.s.ProofScriptEngine 121: 'rule allRight' 
625814     INFO  Test worker     d.u.i.k.m.s.ProofScriptEngine 122: 'rule impRight' 
625815     INFO  Test worker     d.u.i.k.m.s.ProofScriptEngine 123: 'rule andLeft' 
625816     INFO  Test worker     d.u.i.k.m.s.ProofScriptEngine 124: 'instantiate var=iv with='v_iv_0'' 
625817     INFO  Test worker     d.u.i.k.m.s.ProofScriptEngine 125: 'rule impLeft' 
625819     INFO  Test worker     d.u.i.k.m.s.ProofScriptEngine 126: 'tryclose branch' 
625945     INFO  Test worker     d.u.i.k.m.s.ProofScriptEngine 127: 'rule getOfSwap' 
625947     INFO  Test worker     d.u.i.k.m.s.ProofScriptEngine 128: 'rule ifthenelse_negated' 
625949     INFO  Test worker     d.u.i.k.m.s.ProofScriptEngine 129: 'rule ifthenelse_split occ=0' 
625950     INFO  Test worker     d.u.i.k.m.s.ProofScriptEngine 130: 'rule andLeft' 
625951     INFO  Test worker     d.u.i.k.m.s.ProofScriptEngine 131: 'rule andLeft' 
625952     INFO  Test worker     d.u.i.k.m.s.ProofScriptEngine 132: 'rule andLeft' 
625952     INFO  Test worker     d.u.i.k.m.s.ProofScriptEngine 133: 'rule ifthenelse_split occ=0' 
625954     INFO  Test worker     d.u.i.k.m.s.ProofScriptEngine 134: 'tryclose branch' 
626052     INFO  Test worker     d.u.i.k.m.s.ProofScriptEngine 135: 'rule ifthenelse_split occ=0' 
626054     INFO  Test worker     d.u.i.k.m.s.ProofScriptEngine 136: 'tryclose branch' 
626131     INFO  Test worker     d.u.i.k.m.s.ProofScriptEngine 137: 'instantiate var=iv with='v_y_0'' 
626131     INFO  Test worker     d.u.i.k.m.s.ProofScriptEngine 138: 'rule impLeft' 
626132     INFO  Test worker     d.u.i.k.m.s.ProofScriptEngine 139: 'tryclose branch' 
626136     INFO  Test worker     d.u.i.k.m.s.ProofScriptEngine 140: 'tryclose branch' 
626140     INFO  Test worker     d.u.i.k.m.s.ProofScriptEngine 141: 'tryclose branch' 
626144     INFO  Test worker     d.u.i.k.m.s.ProofScriptEngine 142: 'tryclose branch' 
626269     INFO  Test worker     d.u.i.k.m.s.ProofScriptEngine 143: 'rule getOfSwap' 
626271     INFO  Test worker     d.u.i.k.m.s.ProofScriptEngine 144: 'rule ifthenelse_negated' 
626272     INFO  Test worker     d.u.i.k.m.s.ProofScriptEngine 145: 'rule ifthenelse_split occ=0' 
626273     INFO  Test worker     d.u.i.k.m.s.ProofScriptEngine 146: 'tryclose branch' 
626284     INFO  Test worker     d.u.i.k.m.s.ProofScriptEngine 147: 'tryclose branch' 
626375     INFO  Test worker     d.u.i.k.m.s.ProofScriptEngine 148: 'tryclose branch' 
630027     INFO  Test worker     d.u.i.k.m.s.ProofScriptEngine 149: 'cut  '(int)s_0[v_y_0] = v_y_0'' 
630028     INFO  Test worker     d.u.i.k.m.s.ProofScriptEngine 150: 'instantiate hide var=v_r with='seqSwap(s_0,v_x_0,jv_0)'' 
630034     INFO  Test worker     d.u.i.k.m.s.ProofScriptEngine 151: 'rule andRight' 
630035     INFO  Test worker     d.u.i.k.m.s.ProofScriptEngine 152: 'rule andRight' 
630036     INFO  Test worker     d.u.i.k.m.s.ProofScriptEngine 153: 'rule andRight' 
630037     INFO  Test worker     d.u.i.k.m.s.ProofScriptEngine 154: 'rule andRight' 
630038     INFO  Test worker     d.u.i.k.m.s.ProofScriptEngine 155: 'tryclose branch' 
630045     INFO  Test worker     d.u.i.k.m.s.ProofScriptEngine 156: 'rule seqNPermSwapNPerm' 
630047     INFO  Test worker     d.u.i.k.m.s.ProofScriptEngine 157: 'instantiate hide var=iv with='v_x_0'' 
630048     INFO  Test worker     d.u.i.k.m.s.ProofScriptEngine 158: 'instantiate hide var=jv with='jv_0'' 
630049     INFO  Test worker     d.u.i.k.m.s.ProofScriptEngine 159: 'rule impLeft' 
630050     INFO  Test worker     d.u.i.k.m.s.ProofScriptEngine 160: 'tryclose branch' 
630134     INFO  Test worker     d.u.i.k.m.s.ProofScriptEngine 161: 'tryclose branch' 
630138     INFO  Test worker     d.u.i.k.m.s.ProofScriptEngine 162: 'rule allRight' 
630140     INFO  Test worker     d.u.i.k.m.s.ProofScriptEngine 163: 'rule impRight' 
630140     INFO  Test worker     d.u.i.k.m.s.ProofScriptEngine 164: 'rule andLeft' 
630141     INFO  Test worker     d.u.i.k.m.s.ProofScriptEngine 165: 'instantiate var=iv with='v_iv_0'' 
630142     INFO  Test worker     d.u.i.k.m.s.ProofScriptEngine 166: 'rule impLeft' 
630143     INFO  Test worker     d.u.i.k.m.s.ProofScriptEngine 167: 'tryclose branch' 
630233     INFO  Test worker     d.u.i.k.m.s.ProofScriptEngine 168: 'rule getOfSwap' 
630235     INFO  Test worker     d.u.i.k.m.s.ProofScriptEngine 169: 'rule ifthenelse_negated' 
630236     INFO  Test worker     d.u.i.k.m.s.ProofScriptEngine 170: 'rule ifthenelse_split occ=0' 
630239     INFO  Test worker     d.u.i.k.m.s.ProofScriptEngine 171: 'rule andLeft' 
630239     INFO  Test worker     d.u.i.k.m.s.ProofScriptEngine 172: 'rule andLeft' 
630240     INFO  Test worker     d.u.i.k.m.s.ProofScriptEngine 173: 'rule andLeft' 
630240     INFO  Test worker     d.u.i.k.m.s.ProofScriptEngine 174: 'rule ifthenelse_split occ=0' 
630242     INFO  Test worker     d.u.i.k.m.s.ProofScriptEngine 175: 'tryclose branch' 
630320     INFO  Test worker     d.u.i.k.m.s.ProofScriptEngine 176: 'rule ifthenelse_split occ=0' 
630321     INFO  Test worker     d.u.i.k.m.s.ProofScriptEngine 177: 'tryclose branch' 
630393     INFO  Test worker     d.u.i.k.m.s.ProofScriptEngine 178: 'tryclose branch' 
630397     INFO  Test worker     d.u.i.k.m.s.ProofScriptEngine 179: 'tryclose branch' 
630401     INFO  Test worker     d.u.i.k.m.s.ProofScriptEngine 180: 'rule getOfSwap' 
630402     INFO  Test worker     d.u.i.k.m.s.ProofScriptEngine 181: 'rule ifthenelse_negated' 
630403     INFO  Test worker     d.u.i.k.m.s.ProofScriptEngine 182: 'rule ifthenelse_split occ=0' 
630404     INFO  Test worker     d.u.i.k.m.s.ProofScriptEngine 183: 'tryclose branch' 
630413     INFO  Test worker     d.u.i.k.m.s.ProofScriptEngine 184: 'tryclose branch' 
630492     INFO  Test worker     d.u.i.k.m.s.ProofScriptEngine 185: 'rule getOfSwap' 
630493     INFO  Test worker     d.u.i.k.m.s.ProofScriptEngine 186: 'rule ifthenelse_negated' 
630494     INFO  Test worker     d.u.i.k.m.s.ProofScriptEngine 187: 'rule ifthenelse_split occ=0' 
630495     INFO  Test worker     d.u.i.k.m.s.ProofScriptEngine 188: 'tryclose branch' 
630567     INFO  Test worker     d.u.i.k.m.s.ProofScriptEngine 189: 'tryclose branch' 
630575     INFO  Test worker     d.u.i.k.m.s.ProofScriptEngine 190: 'cut '(int)s_0[v_x_0]=v_y_0'' 
630576     INFO  Test worker     d.u.i.k.m.s.ProofScriptEngine 191: 'instantiate hide var=v_r with='seqSwap(seqSwap(s_0,jv_0,v_x_0),jv_0,v_y_0)'' 
630578     INFO  Test worker     d.u.i.k.m.s.ProofScriptEngine 192: 'rule andRight' 
630579     INFO  Test worker     d.u.i.k.m.s.ProofScriptEngine 193: 'rule andRight' 
630580     INFO  Test worker     d.u.i.k.m.s.ProofScriptEngine 194: 'rule andRight' 
630580     INFO  Test worker     d.u.i.k.m.s.ProofScriptEngine 195: 'rule andRight' 
630581     INFO  Test worker     d.u.i.k.m.s.ProofScriptEngine 196: 'tryclose branch' 
630591     INFO  Test worker     d.u.i.k.m.s.ProofScriptEngine 197: 'rule seqNPermSwapNPerm' 
630592     INFO  Test worker     d.u.i.k.m.s.ProofScriptEngine 198: 'instantiate hide var=iv with='jv_0'' 
630593     INFO  Test worker     d.u.i.k.m.s.ProofScriptEngine 199: 'instantiate hide var=jv with='v_x_0'' 
630593     INFO  Test worker     d.u.i.k.m.s.ProofScriptEngine 200: 'rule impLeft' 
630594     INFO  Test worker     d.u.i.k.m.s.ProofScriptEngine 201: 'tryclose branch' 
630674     INFO  Test worker     d.u.i.k.m.s.ProofScriptEngine 202: 'rule seqNPermSwapNPerm formula='seqNPerm(seqSwap(s_0, jv_0, v_x_0))'' 
630676     INFO  Test worker     d.u.i.k.m.s.ProofScriptEngine 203: 'instantiate hide var=iv with='jv_0'' 
630677     INFO  Test worker     d.u.i.k.m.s.ProofScriptEngine 204: 'instantiate hide var=jv with='v_y_0'' 
630677     INFO  Test worker     d.u.i.k.m.s.ProofScriptEngine 205: 'rule impLeft' 
630678     INFO  Test worker     d.u.i.k.m.s.ProofScriptEngine 206: 'tryclose branch' 
630760     INFO  Test worker     d.u.i.k.m.s.ProofScriptEngine 207: 'tryclose branch' 
630765     INFO  Test worker     d.u.i.k.m.s.ProofScriptEngine 208: 'rule allRight' 
630766     INFO  Test worker     d.u.i.k.m.s.ProofScriptEngine 209: 'rule impRight' 
630766     INFO  Test worker     d.u.i.k.m.s.ProofScriptEngine 210: 'rule andLeft' 
630767     INFO  Test worker     d.u.i.k.m.s.ProofScriptEngine 211: 'instantiate var=iv with='v_iv_0'' 
630768     INFO  Test worker     d.u.i.k.m.s.ProofScriptEngine 212: 'rule impLeft' 
630768     INFO  Test worker     d.u.i.k.m.s.ProofScriptEngine 213: 'tryclose branch' 
630856     INFO  Test worker     d.u.i.k.m.s.ProofScriptEngine 214: 'rule getOfSwap' 
630858     INFO  Test worker     d.u.i.k.m.s.ProofScriptEngine 215: 'rule ifthenelse_negated' 
630859     INFO  Test worker     d.u.i.k.m.s.ProofScriptEngine 216: 'rule ifthenelse_split occ=0' 
630860     INFO  Test worker     d.u.i.k.m.s.ProofScriptEngine 217: 'rule andLeft' 
630860     INFO  Test worker     d.u.i.k.m.s.ProofScriptEngine 218: 'rule andLeft' 
630861     INFO  Test worker     d.u.i.k.m.s.ProofScriptEngine 219: 'rule andLeft' 
630861     INFO  Test worker     d.u.i.k.m.s.ProofScriptEngine 220: 'rule ifthenelse_split occ=0' 
630862     INFO  Test worker     d.u.i.k.m.s.ProofScriptEngine 221: 'rule getOfSwap' 
630863     INFO  Test worker     d.u.i.k.m.s.ProofScriptEngine 222: 'rule ifthenelse_negated' 
630864     INFO  Test worker     d.u.i.k.m.s.ProofScriptEngine 223: 'rule ifthenelse_split occ=0' 
630866     INFO  Test worker     d.u.i.k.m.s.ProofScriptEngine 224: 'rule andLeft' 
630867     INFO  Test worker     d.u.i.k.m.s.ProofScriptEngine 225: 'rule andLeft' 
630867     INFO  Test worker     d.u.i.k.m.s.ProofScriptEngine 226: 'rule andLeft' 
630867     INFO  Test worker     d.u.i.k.m.s.ProofScriptEngine 227: 'rule ifthenelse_split occ=0' 
630868     INFO  Test worker     d.u.i.k.m.s.ProofScriptEngine 228: 'tryclose branch' 
630946     INFO  Test worker     d.u.i.k.m.s.ProofScriptEngine 229: 'rule ifthenelse_split occ=0' 
630948     INFO  Test worker     d.u.i.k.m.s.ProofScriptEngine 230: 'tryclose branch' 
630953     INFO  Test worker     d.u.i.k.m.s.ProofScriptEngine 231: 'tryclose branch' 
631023     INFO  Test worker     d.u.i.k.m.s.ProofScriptEngine 232: 'tryclose branch' 
631095     INFO  Test worker     d.u.i.k.m.s.ProofScriptEngine 233: 'rule ifthenelse_split' 
631096     INFO  Test worker     d.u.i.k.m.s.ProofScriptEngine 234: 'rule getOfSwap' 
631097     INFO  Test worker     d.u.i.k.m.s.ProofScriptEngine 235: 'rule ifthenelse_negated' 
631098     INFO  Test worker     d.u.i.k.m.s.ProofScriptEngine 236: 'rule ifthenelse_split occ=0' 
631099     INFO  Test worker     d.u.i.k.m.s.ProofScriptEngine 237: 'rule andLeft' 
631099     INFO  Test worker     d.u.i.k.m.s.ProofScriptEngine 238: 'rule andLeft' 
631100     INFO  Test worker     d.u.i.k.m.s.ProofScriptEngine 239: 'rule andLeft' 
631100     INFO  Test worker     d.u.i.k.m.s.ProofScriptEngine 240: 'rule ifthenelse_split occ=0' 
631101     INFO  Test worker     d.u.i.k.m.s.ProofScriptEngine 241: 'tryclose branch' 
631178     INFO  Test worker     d.u.i.k.m.s.ProofScriptEngine 242: 'tryclose branch' 
631184     INFO  Test worker     d.u.i.k.m.s.ProofScriptEngine 243: 'tryclose branch' 
631265     INFO  Test worker     d.u.i.k.m.s.ProofScriptEngine 244: 'rule getOfSwap' 
631266     INFO  Test worker     d.u.i.k.m.s.ProofScriptEngine 245: 'rule ifthenelse_negated' 
631267     INFO  Test worker     d.u.i.k.m.s.ProofScriptEngine 246: 'rule ifthenelse_split occ=0' 
631268     INFO  Test worker     d.u.i.k.m.s.ProofScriptEngine 247: 'rule andLeft' 
631268     INFO  Test worker     d.u.i.k.m.s.ProofScriptEngine 248: 'rule andLeft' 
631269     INFO  Test worker     d.u.i.k.m.s.ProofScriptEngine 249: 'rule andLeft' 
631269     INFO  Test worker     d.u.i.k.m.s.ProofScriptEngine 250: 'rule ifthenelse_split occ=0' 
631270     INFO  Test worker     d.u.i.k.m.s.ProofScriptEngine 251: 'tryclose branch' 
631274     INFO  Test worker     d.u.i.k.m.s.ProofScriptEngine 252: 'rule ifthenelse_split occ=0' 
631275     INFO  Test worker     d.u.i.k.m.s.ProofScriptEngine 253: 'tryclose branch' 
631347     INFO  Test worker     d.u.i.k.m.s.ProofScriptEngine 254: 'tryclose branch' 
631352     INFO  Test worker     d.u.i.k.m.s.ProofScriptEngine 255: 'tryclose branch' 
631357     INFO  Test worker     d.u.i.k.m.s.ProofScriptEngine 256: 'tryclose branch' 
631445     INFO  Test worker     d.u.i.k.m.s.ProofScriptEngine 257: 'rule getOfSwap' 
631446     INFO  Test worker     d.u.i.k.m.s.ProofScriptEngine 258: 'rule ifthenelse_negated' 
631447     INFO  Test worker     d.u.i.k.m.s.ProofScriptEngine 259: 'rule ifthenelse_split occ=0' 
631448     INFO  Test worker     d.u.i.k.m.s.ProofScriptEngine 260: 'rule andLeft' 
631449     INFO  Test worker     d.u.i.k.m.s.ProofScriptEngine 261: 'rule andLeft' 
631449     INFO  Test worker     d.u.i.k.m.s.ProofScriptEngine 262: 'rule andLeft' 
631449     INFO  Test worker     d.u.i.k.m.s.ProofScriptEngine 263: 'rule ifthenelse_split occ=0' 
631450     INFO  Test worker     d.u.i.k.m.s.ProofScriptEngine 264: 'tryclose branch' 
631500     INFO  Test worker     d.u.i.k.m.s.ProofScriptEngine 265: 'rule ifthenelse_split occ=0' 
631501     INFO  Test worker     d.u.i.k.m.s.ProofScriptEngine 266: 'rule getOfSwap' 
631502     INFO  Test worker     d.u.i.k.m.s.ProofScriptEngine 267: 'rule ifthenelse_negated' 
631503     INFO  Test worker     d.u.i.k.m.s.ProofScriptEngine 268: 'rule ifthenelse_split occ=0' 
631504     INFO  Test worker     d.u.i.k.m.s.ProofScriptEngine 269: 'tryclose branch' 
631509     INFO  Test worker     d.u.i.k.m.s.ProofScriptEngine 270: 'tryclose branch' 
631514     INFO  Test worker     d.u.i.k.m.s.ProofScriptEngine 271: 'tryclose branch' 
631670     INFO  Test worker     d.u.i.k.m.s.ProofScriptEngine 272: 'tryclose branch' 
631749     INFO  Test worker     d.u.i.k.m.s.ProofScriptEngine 273: 'rule getOfSwap' 
631750     INFO  Test worker     d.u.i.k.m.s.ProofScriptEngine 274: 'rule ifthenelse_negated' 
631751     INFO  Test worker     d.u.i.k.m.s.ProofScriptEngine 275: 'rule ifthenelse_split occ=0' 
631752     INFO  Test worker     d.u.i.k.m.s.ProofScriptEngine 276: 'tryclose branch' 
631903     INFO  Test worker     d.u.i.k.m.s.ProofScriptEngine 277: 'tryclose branch' 
631981     INFO  Test worker     d.u.i.k.m.s.ProofScriptEngine 278: 'cut 'int::seqGet(s_0, v_y_0)=v_x_0'' 
631982     INFO  Test worker     d.u.i.k.m.s.ProofScriptEngine 279: 'tryclose branch' 
634748     INFO  Test worker     d.u.i.k.m.s.ProofScriptEngine 280: 'rule seqNPermSwapNPerm' 
634754     INFO  Test worker     d.u.i.k.m.s.ProofScriptEngine 281: 'instantiate hide var=iv with='jv_1'' 
634755     INFO  Test worker     d.u.i.k.m.s.ProofScriptEngine 282: 'instantiate hide var=jv with='v_y_0'' 
634755     INFO  Test worker     d.u.i.k.m.s.ProofScriptEngine 283: 'rule impLeft' 
634756     INFO  Test worker     d.u.i.k.m.s.ProofScriptEngine 284: 'tryclose branch' 
634861     INFO  Test worker     d.u.i.k.m.s.ProofScriptEngine 285: 'rule seqNPermSwapNPerm formula='seqNPerm(seqSwap(s_0,jv_1,v_y_0))'' 
634862     INFO  Test worker     d.u.i.k.m.s.ProofScriptEngine 286: 'instantiate hide var=iv with='jv_1'' 
634864     INFO  Test worker     d.u.i.k.m.s.ProofScriptEngine 287: 'instantiate hide var=jv with='v_x_0'' 
634864     INFO  Test worker     d.u.i.k.m.s.ProofScriptEngine 288: 'rule impLeft' 
634865     INFO  Test worker     d.u.i.k.m.s.ProofScriptEngine 289: 'tryclose branch' 
634961     INFO  Test worker     d.u.i.k.m.s.ProofScriptEngine 290: 'tryclose branch' 
637744     INFO  Test worker     d.u.i.k.m.s.ProofScriptEngine 291: 'tryclose branch' 
640633     INFO  Test worker     d.u.i.k.m.s.ProofScriptEngine 292: 'rule seqNPermSwapNPerm formula='seqNPerm(s_0)'' 
640638     INFO  Test worker     d.u.i.k.m.s.ProofScriptEngine 293: 'instantiate hide var=iv with='v_x_0'' 
640639     INFO  Test worker     d.u.i.k.m.s.ProofScriptEngine 294: 'instantiate hide var=jv with='jv_0'' 
640640     INFO  Test worker     d.u.i.k.m.s.ProofScriptEngine 295: 'rule impLeft' 
640640     INFO  Test worker     d.u.i.k.m.s.ProofScriptEngine 296: 'tryclose branch' 
640743     INFO  Test worker     d.u.i.k.m.s.ProofScriptEngine 297: 'rule seqNPermSwapNPerm formula='seqNPerm(seqSwap(s_0,v_x_0,jv_0))'' 
640744     INFO  Test worker     d.u.i.k.m.s.ProofScriptEngine 298: 'instantiate hide var=iv with='v_y_0'' 
640746     INFO  Test worker     d.u.i.k.m.s.ProofScriptEngine 299: 'instantiate hide var=jv with='jv_1'' 
640746     INFO  Test worker     d.u.i.k.m.s.ProofScriptEngine 300: 'instantiate hide var=v_r with='seqSwap(seqSwap(s_0, v_x_0, jv_0), v_y_0, jv_1)' ...' 
640748     INFO  Test worker     d.u.i.k.m.s.ProofScriptEngine 301: 'tryclose branch' 
644115     INFO  Test worker     d.u.i.k.t.l.TacletProofObligationInput Proof obligation for taclet: schiffl_thm_1 
644901     INFO  Test worker     d.u.i.k.m.s.ProofScriptEngine 1: 'macro split-prop' 
644907     INFO  Test worker     d.u.i.k.m.s.ProofScriptEngine 2: 'rule schiffl_lemma_2 formula='seqPerm(f_s, f_t)'' 
644918     INFO  Test worker     d.u.i.k.m.s.ProofScriptEngine 3: 'instantiate hide var=x with='f_x'' 
644920     INFO  Test worker     d.u.i.k.m.s.ProofScriptEngine 4: 'instantiate hide var=y with='f_y'' 
644922     INFO  Test worker     d.u.i.k.m.s.ProofScriptEngine 5: 'rule impLeft' 
644922     INFO  Test worker     d.u.i.k.m.s.ProofScriptEngine 6: 'tryclose branch' 
644926     INFO  Test worker     d.u.i.k.m.s.ProofScriptEngine 7: 'rule exLeft' 
644928     INFO  Test worker     d.u.i.k.m.s.ProofScriptEngine 8: 'macro split-prop' 
644930     INFO  Test worker     d.u.i.k.m.s.ProofScriptEngine 9: 'rule seqPermDef occ=1' 
644933     INFO  Test worker     d.u.i.k.m.s.ProofScriptEngine 10: 'rule andRight' 
644933     INFO  Test worker     d.u.i.k.m.s.ProofScriptEngine 11: 'tryclose branch' 
644941     INFO  Test worker     d.u.i.k.m.s.ProofScriptEngine 12: 'instantiate hide var=s with='r_0'' 
644942     INFO  Test worker     d.u.i.k.m.s.ProofScriptEngine 13: 'rule andRight' 
644943     INFO  Test worker     d.u.i.k.m.s.ProofScriptEngine 14: 'tryclose branch' 
644981     INFO  Test worker     d.u.i.k.m.s.ProofScriptEngine 15: 'rule allRight' 
644982     INFO  Test worker     d.u.i.k.m.s.ProofScriptEngine 16: 'rule impRight' 
644983     INFO  Test worker     d.u.i.k.m.s.ProofScriptEngine 17: 'instantiate hide var=iv with='iv_0'' 
644983     INFO  Test worker     d.u.i.k.m.s.ProofScriptEngine 18: 'rule impLeft' 
644984     INFO  Test worker     d.u.i.k.m.s.ProofScriptEngine 19: 'tryclose branch' 
645039     INFO  Test worker     d.u.i.k.m.s.ProofScriptEngine 20: 'rule andLeft' 
645039     INFO  Test worker     d.u.i.k.m.s.ProofScriptEngine 21: 'rule seqNPermRange' 
645041     INFO  Test worker     d.u.i.k.m.s.ProofScriptEngine 22: 'instantiate hide var=iv with='iv_0'' 
645041     INFO  Test worker     d.u.i.k.m.s.ProofScriptEngine 23: 'rule impLeft' 
645042     INFO  Test worker     d.u.i.k.m.s.ProofScriptEngine 24: 'tryclose branch' 
645045     INFO  Test worker     d.u.i.k.m.s.ProofScriptEngine 25: 'rule andLeft' 
645045     INFO  Test worker     d.u.i.k.m.s.ProofScriptEngine 26: 'rule andLeft' 
645045     INFO  Test worker     d.u.i.k.m.s.ProofScriptEngine 27: 'rule seqNPermRange' 
645046     INFO  Test worker     d.u.i.k.m.s.ProofScriptEngine 28: 'instantiate hide var=iv with='f_x'' 
645047     INFO  Test worker     d.u.i.k.m.s.ProofScriptEngine 29: 'rule impLeft' 
645048     INFO  Test worker     d.u.i.k.m.s.ProofScriptEngine 30: 'tryclose branch' 
645113     INFO  Test worker     d.u.i.k.m.s.ProofScriptEngine 31: 'rule andLeft' 
645114     INFO  Test worker     d.u.i.k.m.s.ProofScriptEngine 32: 'rule andLeft' 
645114     INFO  Test worker     d.u.i.k.m.s.ProofScriptEngine 33: 'rule seqNPermRange' 
645116     INFO  Test worker     d.u.i.k.m.s.ProofScriptEngine 34: 'instantiate hide var=iv with='f_y'' 
645116     INFO  Test worker     d.u.i.k.m.s.ProofScriptEngine 35: 'rule impLeft' 
645117     INFO  Test worker     d.u.i.k.m.s.ProofScriptEngine 36: 'tryclose branch' 
645174     INFO  Test worker     d.u.i.k.m.s.ProofScriptEngine 37: 'rule andLeft' 
645175     INFO  Test worker     d.u.i.k.m.s.ProofScriptEngine 38: 'rule andLeft' 
645175     INFO  Test worker     d.u.i.k.m.s.ProofScriptEngine 39: 'rule getOfSeqDef occ=0' 
645176     INFO  Test worker     d.u.i.k.m.s.ProofScriptEngine 40: 'rule getOfSeqDef' 
645176     INFO  Test worker     d.u.i.k.m.s.ProofScriptEngine 41: 'rule ifthenelse_split occ=0' 
645177     INFO  Test worker     d.u.i.k.m.s.ProofScriptEngine 42: 'rule andLeft occ=0' 
645178     INFO  Test worker     d.u.i.k.m.s.ProofScriptEngine 43: 'rule sub_zero_2 occ=0' 
645178     INFO  Test worker     d.u.i.k.m.s.ProofScriptEngine 44: 'rule ifthenelse_split occ=2' 
645179     INFO  Test worker     d.u.i.k.m.s.ProofScriptEngine 45: 'rule andLeft' 
645179     INFO  Test worker     d.u.i.k.m.s.ProofScriptEngine 46: 'rule sub_zero_2 occ=0' 
645179     INFO  Test worker     d.u.i.k.m.s.ProofScriptEngine 47: 'rule add_zero_right occ=0' 
645180     INFO  Test worker     d.u.i.k.m.s.ProofScriptEngine 48: 'rule add_zero_right occ=0' 
645180     INFO  Test worker     d.u.i.k.m.s.ProofScriptEngine 49: 'rule add_zero_right occ=0' 
645181     INFO  Test worker     d.u.i.k.m.s.ProofScriptEngine 50: 'rule add_zero_right occ=0' 
645181     INFO  Test worker     d.u.i.k.m.s.ProofScriptEngine 51: 'rule add_zero_right occ=0' 
645181     INFO  Test worker     d.u.i.k.m.s.ProofScriptEngine 52: 'rule add_zero_right occ=0' 
645182     INFO  Test worker     d.u.i.k.m.s.ProofScriptEngine 53: 'rule ifthenelse_split occ=0' 
645183     INFO  Test worker     d.u.i.k.m.s.ProofScriptEngine 54: 'rule ifthenelse_split occ=0' 
645183     INFO  Test worker     d.u.i.k.m.s.ProofScriptEngine 55: 'tryclose branch' 
645185     INFO  Test worker     d.u.i.k.m.s.ProofScriptEngine 56: 'tryclose branch' 
645210     INFO  Test worker     d.u.i.k.m.s.ProofScriptEngine 57: 'rule ifthenelse_split occ=0' 
645211     INFO  Test worker     d.u.i.k.m.s.ProofScriptEngine 58: 'tryclose branch' 
645250     INFO  Test worker     d.u.i.k.m.s.ProofScriptEngine 59: 'rule ifthenelse_split occ=0' 
645251     INFO  Test worker     d.u.i.k.m.s.ProofScriptEngine 60: 'rule seqNPermInjective' 
645253     INFO  Test worker     d.u.i.k.m.s.ProofScriptEngine 61: 'instantiate hide var=iv with='iv_0'' 
645254     INFO  Test worker     d.u.i.k.m.s.ProofScriptEngine 62: 'instantiate hide var=jv with='f_y'' 
645255     INFO  Test worker     d.u.i.k.m.s.ProofScriptEngine 63: 'rule impLeft' 
645255     INFO  Test worker     d.u.i.k.m.s.ProofScriptEngine 64: 'tryclose branch' 
645290     INFO  Test worker     d.u.i.k.m.s.ProofScriptEngine 65: 'tryclose branch' 
645292     INFO  Test worker     d.u.i.k.m.s.ProofScriptEngine 66: 'rule ifthenelse_split occ=0' 
645293     INFO  Test worker     d.u.i.k.m.s.ProofScriptEngine 67: 'rule seqNPermInjective' 
645295     INFO  Test worker     d.u.i.k.m.s.ProofScriptEngine 68: 'instantiate hide var=iv with='iv_0'' 
645296     INFO  Test worker     d.u.i.k.m.s.ProofScriptEngine 69: 'instantiate hide var=jv with='f_x'' 
645296     INFO  Test worker     d.u.i.k.m.s.ProofScriptEngine 70: 'rule impLeft' 
645297     INFO  Test worker     d.u.i.k.m.s.ProofScriptEngine 71: 'tryclose branch' 
645333     INFO  Test worker     d.u.i.k.m.s.ProofScriptEngine 72: 'tryclose branch' 
645335     INFO  Test worker     d.u.i.k.m.s.ProofScriptEngine 73: 'tryclose branch' 
645338     INFO  Test worker     d.u.i.k.m.s.ProofScriptEngine 74: 'tryclose branch' 
645382     INFO  Test worker     d.u.i.k.m.s.ProofScriptEngine 75: 'tryclose branch' 
647792     INFO  Test worker     d.u.i.k.t.l.TacletProofObligationInput Proof obligation for taclet: eqSameSeq 
]]></system-out>
  <system-err><![CDATA[]]></system-err>
</testsuite>
