<?xml version="1.0" encoding="UTF-8"?>
<testsuite name="de.uka.ilkd.key.rule.merge.PredicateAbstractionLatticeTests" tests="3" skipped="0" failures="0" errors="0" timestamp="2023-06-03T10:34:01" hostname="fv-az192-928" time="7.863">
  <properties/>
  <testcase name="testToAndFromString()" classname="de.uka.ilkd.key.rule.merge.PredicateAbstractionLatticeTests" time="4.032"/>
  <testcase name="testCreateSignLatticeWithPredicates()" classname="de.uka.ilkd.key.rule.merge.PredicateAbstractionLatticeTests" time="3.831"/>
  <testcase name="testTrivialPredicatesLattice()" classname="de.uka.ilkd.key.rule.merge.PredicateAbstractionLatticeTests" time="0.0"/>
  <system-out><![CDATA[698730     INFO  Test worker     d.u.i.k.p.i.AbstractProblemLoader Loading environment from src\test\resources\testcase\merge\dummy.key 
698730     DEBUG Test worker     d.u.i.k.p.i.AbstractProblemLoader Environment load took 180.8ns 
698730     INFO  Test worker     d.u.i.k.p.i.AbstractProblemLoader Creating init config 
702732     DEBUG Test worker     d.u.i.k.p.i.AbstractProblemLoader Init config took 4.01s 
702748     INFO  Test worker     d.u.i.k.p.i.AbstractProblemLoader Replaying proof dummy.key 
702748     DEBUG Test worker     d.u.i.k.p.i.IntermediateProofReplayer Proof replay took 8.2ns 
702763     INFO  Test worker     d.u.i.k.p.i.AbstractProblemLoader Loading environment from src\test\resources\testcase\merge\dummy.key 
702763     DEBUG Test worker     d.u.i.k.p.i.AbstractProblemLoader Environment load took 120ns 
702763     INFO  Test worker     d.u.i.k.p.i.AbstractProblemLoader Creating init config 
706579     DEBUG Test worker     d.u.i.k.p.i.AbstractProblemLoader Init config took 3.82s 
706594     INFO  Test worker     d.u.i.k.p.i.AbstractProblemLoader Replaying proof dummy.key 
706594     DEBUG Test worker     d.u.i.k.p.i.IntermediateProofReplayer Proof replay took 9.8ns 
]]></system-out>
  <system-err><![CDATA[]]></system-err>
</testsuite>
