<?xml version="1.0" encoding="UTF-8"?>
<testsuite name="de.uka.ilkd.key.proof.TestOneStepSimplifier" tests="1" skipped="0" failures="0" errors="0" timestamp="2023-06-03T10:31:48" hostname="fv-az192-928" time="6.19">
  <properties/>
  <testcase name="loadWithRestriction()" classname="de.uka.ilkd.key.proof.TestOneStepSimplifier" time="6.19"/>
  <system-out><![CDATA[564975     INFO  Test worker     d.u.i.k.p.i.AbstractProblemLoader Loading environment from src\test\resources\testcase\ossRestriction.proof 
564975     DEBUG Test worker     d.u.i.k.p.i.AbstractProblemLoader Environment load took 201.9ns 
564975     INFO  Test worker     d.u.i.k.p.i.AbstractProblemLoader Creating init config 
565145     DEBUG Test worker     d.u.i.k.j.TypeConverter   No LDT found for Meta 
565145     DEBUG Test worker     d.u.i.k.j.TypeConverter   No LDT found for Meta 
565145     DEBUG Test worker     d.u.i.k.j.TypeConverter   No LDT found for Meta 
565145     DEBUG Test worker     d.u.i.k.j.TypeConverter   No LDT found for Meta 
565740     DEBUG Test worker     d.u.i.k.j.TypeConverter   No LDT found for JavaBigintExpression 
570319     DEBUG Test worker     d.u.i.k.p.i.AbstractProblemLoader Init config took 5.33s 
571163     INFO  Test worker     d.u.i.k.p.i.AbstractProblemLoader Replaying proof ossRestriction.proof 
571163     DEBUG Test worker     d.u.i.k.p.i.IntermediateProofReplayer Proof replay took 1.5ms 
]]></system-out>
  <system-err><![CDATA[]]></system-err>
</testsuite>
