<?xml version="1.0" encoding="UTF-8"?>
<testsuite name="de.uka.ilkd.key.logic.TestClashFreeSubst" tests="14" skipped="2" failures="0" errors="0" timestamp="2023-06-03T10:23:15" hostname="fv-az192-928" time="68.197">
  <properties/>
  <testcase name="testMultiShareBound()" classname="de.uka.ilkd.key.logic.TestClashFreeSubst" time="1.308"/>
  <testcase name="testClash()" classname="de.uka.ilkd.key.logic.TestClashFreeSubst" time="1.26"/>
  <testcase name="testShare()" classname="de.uka.ilkd.key.logic.TestClashFreeSubst" time="1.252"/>
  <testcase name="testSubst()" classname="de.uka.ilkd.key.logic.TestClashFreeSubst" time="1.376"/>
  <testcase name="testWary0()" classname="de.uka.ilkd.key.logic.TestClashFreeSubst" time="1.252"/>
  <testcase name="testWary1()" classname="de.uka.ilkd.key.logic.TestClashFreeSubst" time="1.229"/>
  <testcase name="testWary2()" classname="de.uka.ilkd.key.logic.TestClashFreeSubst" time="1.277"/>
  <testcase name="testClashInSubstTerm()" classname="de.uka.ilkd.key.logic.TestClashFreeSubst" time="1.26"/>
  <testcase name="testShareWary()" classname="de.uka.ilkd.key.logic.TestClashFreeSubst" time="1.233"/>
  <testcase name="testMultiSubst()" classname="de.uka.ilkd.key.logic.TestClashFreeSubst" time="1.287"/>
  <testcase name="xtestMultiClash()" classname="de.uka.ilkd.key.logic.TestClashFreeSubst" time="0.001">
    <skipped/>
  </testcase>
  <testcase name="testSubstInSubstTerm()" classname="de.uka.ilkd.key.logic.TestClashFreeSubst" time="1.267"/>
  <testcase name="testSubstWary()" classname="de.uka.ilkd.key.logic.TestClashFreeSubst" time="1.246"/>
  <testcase name="xtestMultiClash1()" classname="de.uka.ilkd.key.logic.TestClashFreeSubst" time="0.0">
    <skipped/>
  </testcase>
  <system-out><![CDATA[52137      INFO  Test worker     d.u.i.k.n.KeyIO           Parsing took 0 ms 
52137      DEBUG Test worker     d.u.i.k.n.KeyIO           Load declarations of de.uka.ilkd.key.nparser.KeyAst$File:  <unknown>:1#1 
52137      INFO  Test worker     d.u.i.k.n.KeyIO           MODE: declarations took 0 ms 
52137      DEBUG Test worker     d.u.i.k.n.KeyIO           MODE: 2nd degree decls took 0 
53435      INFO  Test worker     d.u.i.k.n.KeyIO           Parsing took 0 ms 
53435      DEBUG Test worker     d.u.i.k.n.KeyIO           Load declarations of de.uka.ilkd.key.nparser.KeyAst$File:  <unknown>:1#1 
53435      INFO  Test worker     d.u.i.k.n.KeyIO           MODE: declarations took 0 ms 
53435      DEBUG Test worker     d.u.i.k.n.KeyIO           MODE: 2nd degree decls took 0 
57579      INFO  Test worker     d.u.i.k.n.KeyIO           Parsing took 0 ms 
57579      DEBUG Test worker     d.u.i.k.n.KeyIO           Load declarations of de.uka.ilkd.key.nparser.KeyAst$File:  <unknown>:1#1 
57579      INFO  Test worker     d.u.i.k.n.KeyIO           MODE: declarations took 0 ms 
57579      DEBUG Test worker     d.u.i.k.n.KeyIO           MODE: 2nd degree decls took 0 
58829      INFO  Test worker     d.u.i.k.n.KeyIO           Parsing took 0 ms 
58829      DEBUG Test worker     d.u.i.k.n.KeyIO           Load declarations of de.uka.ilkd.key.nparser.KeyAst$File:  <unknown>:1#1 
58829      INFO  Test worker     d.u.i.k.n.KeyIO           MODE: declarations took 0 ms 
58829      DEBUG Test worker     d.u.i.k.n.KeyIO           MODE: 2nd degree decls took 0 
62941      INFO  Test worker     d.u.i.k.n.KeyIO           Parsing took 0 ms 
62941      DEBUG Test worker     d.u.i.k.n.KeyIO           Load declarations of de.uka.ilkd.key.nparser.KeyAst$File:  <unknown>:1#1 
62941      INFO  Test worker     d.u.i.k.n.KeyIO           MODE: declarations took 0 ms 
62941      DEBUG Test worker     d.u.i.k.n.KeyIO           MODE: 2nd degree decls took 0 
64176      INFO  Test worker     d.u.i.k.n.KeyIO           Parsing took 0 ms 
64176      DEBUG Test worker     d.u.i.k.n.KeyIO           Load declarations of de.uka.ilkd.key.nparser.KeyAst$File:  <unknown>:1#1 
64176      INFO  Test worker     d.u.i.k.n.KeyIO           MODE: declarations took 0 ms 
64176      DEBUG Test worker     d.u.i.k.n.KeyIO           MODE: 2nd degree decls took 0 
68241      INFO  Test worker     d.u.i.k.n.KeyIO           Parsing took 0 ms 
68241      DEBUG Test worker     d.u.i.k.n.KeyIO           Load declarations of de.uka.ilkd.key.nparser.KeyAst$File:  <unknown>:1#1 
68241      INFO  Test worker     d.u.i.k.n.KeyIO           MODE: declarations took 0 ms 
68241      DEBUG Test worker     d.u.i.k.n.KeyIO           MODE: 2nd degree decls took 0 
69617      INFO  Test worker     d.u.i.k.n.KeyIO           Parsing took 0 ms 
69617      DEBUG Test worker     d.u.i.k.n.KeyIO           Load declarations of de.uka.ilkd.key.nparser.KeyAst$File:  <unknown>:1#1 
69617      INFO  Test worker     d.u.i.k.n.KeyIO           MODE: declarations took 0 ms 
69617      DEBUG Test worker     d.u.i.k.n.KeyIO           MODE: 2nd degree decls took 0 
73682      INFO  Test worker     d.u.i.k.n.KeyIO           Parsing took 0 ms 
73682      DEBUG Test worker     d.u.i.k.n.KeyIO           Load declarations of de.uka.ilkd.key.nparser.KeyAst$File:  <unknown>:1#1 
73682      INFO  Test worker     d.u.i.k.n.KeyIO           MODE: declarations took 0 ms 
73682      DEBUG Test worker     d.u.i.k.n.KeyIO           MODE: 2nd degree decls took 0 
74918      INFO  Test worker     d.u.i.k.n.KeyIO           Parsing took 0 ms 
74918      DEBUG Test worker     d.u.i.k.n.KeyIO           Load declarations of de.uka.ilkd.key.nparser.KeyAst$File:  <unknown>:1#1 
74918      INFO  Test worker     d.u.i.k.n.KeyIO           MODE: declarations took 0 ms 
74918      DEBUG Test worker     d.u.i.k.n.KeyIO           MODE: 2nd degree decls took 0 
78982      INFO  Test worker     d.u.i.k.n.KeyIO           Parsing took 0 ms 
78982      DEBUG Test worker     d.u.i.k.n.KeyIO           Load declarations of de.uka.ilkd.key.nparser.KeyAst$File:  <unknown>:1#1 
78982      INFO  Test worker     d.u.i.k.n.KeyIO           MODE: declarations took 0 ms 
78982      DEBUG Test worker     d.u.i.k.n.KeyIO           MODE: 2nd degree decls took 0 
80217      INFO  Test worker     d.u.i.k.n.KeyIO           Parsing took 0 ms 
80217      DEBUG Test worker     d.u.i.k.n.KeyIO           Load declarations of de.uka.ilkd.key.nparser.KeyAst$File:  <unknown>:1#1 
80217      INFO  Test worker     d.u.i.k.n.KeyIO           MODE: declarations took 0 ms 
80217      DEBUG Test worker     d.u.i.k.n.KeyIO           MODE: 2nd degree decls took 0 
84220      INFO  Test worker     d.u.i.k.n.KeyIO           Parsing took 0 ms 
84220      DEBUG Test worker     d.u.i.k.n.KeyIO           Load declarations of de.uka.ilkd.key.nparser.KeyAst$File:  <unknown>:1#1 
84220      INFO  Test worker     d.u.i.k.n.KeyIO           MODE: declarations took 0 ms 
84220      DEBUG Test worker     d.u.i.k.n.KeyIO           MODE: 2nd degree decls took 0 
85487      INFO  Test worker     d.u.i.k.n.KeyIO           Parsing took 0 ms 
85487      DEBUG Test worker     d.u.i.k.n.KeyIO           Load declarations of de.uka.ilkd.key.nparser.KeyAst$File:  <unknown>:1#1 
85487      INFO  Test worker     d.u.i.k.n.KeyIO           MODE: declarations took 0 ms 
85487      DEBUG Test worker     d.u.i.k.n.KeyIO           MODE: 2nd degree decls took 0 
89567      INFO  Test worker     d.u.i.k.n.KeyIO           Parsing took 0 ms 
89567      DEBUG Test worker     d.u.i.k.n.KeyIO           Load declarations of de.uka.ilkd.key.nparser.KeyAst$File:  <unknown>:1#1 
89567      INFO  Test worker     d.u.i.k.n.KeyIO           MODE: declarations took 0 ms 
89567      DEBUG Test worker     d.u.i.k.n.KeyIO           MODE: 2nd degree decls took 0 
90818      INFO  Test worker     d.u.i.k.n.KeyIO           Parsing took 0 ms 
90818      DEBUG Test worker     d.u.i.k.n.KeyIO           Load declarations of de.uka.ilkd.key.nparser.KeyAst$File:  <unknown>:1#1 
90818      INFO  Test worker     d.u.i.k.n.KeyIO           MODE: declarations took 0 ms 
90818      DEBUG Test worker     d.u.i.k.n.KeyIO           MODE: 2nd degree decls took 0 
94914      INFO  Test worker     d.u.i.k.n.KeyIO           Parsing took 0 ms 
94914      DEBUG Test worker     d.u.i.k.n.KeyIO           Load declarations of de.uka.ilkd.key.nparser.KeyAst$File:  <unknown>:1#1 
94914      INFO  Test worker     d.u.i.k.n.KeyIO           MODE: declarations took 0 ms 
94914      DEBUG Test worker     d.u.i.k.n.KeyIO           MODE: 2nd degree decls took 0 
96149      INFO  Test worker     d.u.i.k.n.KeyIO           Parsing took 0 ms 
96149      DEBUG Test worker     d.u.i.k.n.KeyIO           Load declarations of de.uka.ilkd.key.nparser.KeyAst$File:  <unknown>:1#1 
96149      INFO  Test worker     d.u.i.k.n.KeyIO           MODE: declarations took 0 ms 
96149      DEBUG Test worker     d.u.i.k.n.KeyIO           MODE: 2nd degree decls took 0 
100197     INFO  Test worker     d.u.i.k.n.KeyIO           Parsing took 0 ms 
100197     DEBUG Test worker     d.u.i.k.n.KeyIO           Load declarations of de.uka.ilkd.key.nparser.KeyAst$File:  <unknown>:1#1 
100213     INFO  Test worker     d.u.i.k.n.KeyIO           MODE: declarations took 16 ms 
100213     DEBUG Test worker     d.u.i.k.n.KeyIO           MODE: 2nd degree decls took 0 
101479     INFO  Test worker     d.u.i.k.n.KeyIO           Parsing took 0 ms 
101479     DEBUG Test worker     d.u.i.k.n.KeyIO           Load declarations of de.uka.ilkd.key.nparser.KeyAst$File:  <unknown>:1#1 
101479     INFO  Test worker     d.u.i.k.n.KeyIO           MODE: declarations took 0 ms 
101479     DEBUG Test worker     d.u.i.k.n.KeyIO           MODE: 2nd degree decls took 0 
109670     INFO  Test worker     d.u.i.k.n.KeyIO           Parsing took 0 ms 
109670     DEBUG Test worker     d.u.i.k.n.KeyIO           Load declarations of de.uka.ilkd.key.nparser.KeyAst$File:  <unknown>:1#1 
109670     INFO  Test worker     d.u.i.k.n.KeyIO           MODE: declarations took 0 ms 
109670     DEBUG Test worker     d.u.i.k.n.KeyIO           MODE: 2nd degree decls took 0 
110937     INFO  Test worker     d.u.i.k.n.KeyIO           Parsing took 0 ms 
110937     DEBUG Test worker     d.u.i.k.n.KeyIO           Load declarations of de.uka.ilkd.key.nparser.KeyAst$File:  <unknown>:1#1 
110937     INFO  Test worker     d.u.i.k.n.KeyIO           MODE: declarations took 0 ms 
110937     DEBUG Test worker     d.u.i.k.n.KeyIO           MODE: 2nd degree decls took 0 
115019     INFO  Test worker     d.u.i.k.n.KeyIO           Parsing took 0 ms 
115019     DEBUG Test worker     d.u.i.k.n.KeyIO           Load declarations of de.uka.ilkd.key.nparser.KeyAst$File:  <unknown>:1#1 
115019     INFO  Test worker     d.u.i.k.n.KeyIO           MODE: declarations took 0 ms 
115034     DEBUG Test worker     d.u.i.k.n.KeyIO           MODE: 2nd degree decls took 0 
116269     INFO  Test worker     d.u.i.k.n.KeyIO           Parsing took 0 ms 
116269     DEBUG Test worker     d.u.i.k.n.KeyIO           Load declarations of de.uka.ilkd.key.nparser.KeyAst$File:  <unknown>:1#1 
116269     INFO  Test worker     d.u.i.k.n.KeyIO           MODE: declarations took 0 ms 
116269     DEBUG Test worker     d.u.i.k.n.KeyIO           MODE: 2nd degree decls took 0 
]]></system-out>
  <system-err><![CDATA[]]></system-err>
</testsuite>
