<?xml version="1.0" encoding="UTF-8"?>
<testsuite name="de.uka.ilkd.key.parser.TestDeclParser" tests="14" skipped="2" failures="0" errors="0" timestamp="2023-06-03T10:27:06" hostname="fv-az192-928" time="14.201">
  <properties/>
  <testcase name="testGenericSortDecl1()" classname="de.uka.ilkd.key.parser.TestDeclParser" time="1.304"/>
  <testcase name="testGenericSortDecl2()" classname="de.uka.ilkd.key.parser.TestDeclParser" time="1.173"/>
  <testcase name="testGenericSortDecl3()" classname="de.uka.ilkd.key.parser.TestDeclParser" time="1.168"/>
  <testcase name="testGenericSortDecl4()" classname="de.uka.ilkd.key.parser.TestDeclParser" time="1.157"/>
  <testcase name="testGenericSortDecl5()" classname="de.uka.ilkd.key.parser.TestDeclParser" time="0.0">
    <skipped/>
  </testcase>
  <testcase name="testGenericSortDecl6()" classname="de.uka.ilkd.key.parser.TestDeclParser" time="1.159"/>
  <testcase name="testSortDecl()" classname="de.uka.ilkd.key.parser.TestDeclParser" time="1.164"/>
  <testcase name="testProxySortDecl()" classname="de.uka.ilkd.key.parser.TestDeclParser" time="1.165"/>
  <testcase name="testArrayDecl()" classname="de.uka.ilkd.key.parser.TestDeclParser" time="1.17"/>
  <testcase name="testAmbiguousDecls()" classname="de.uka.ilkd.key.parser.TestDeclParser" time="0.0">
    <skipped/>
  </testcase>
  <testcase name="testHeurDecl()" classname="de.uka.ilkd.key.parser.TestDeclParser" time="1.18"/>
  <testcase name="testFunctionDecl()" classname="de.uka.ilkd.key.parser.TestDeclParser" time="1.178"/>
  <testcase name="testPredicateDecl()" classname="de.uka.ilkd.key.parser.TestDeclParser" time="1.192"/>
  <testcase name="testSVDecl()" classname="de.uka.ilkd.key.parser.TestDeclParser" time="1.188"/>
  <system-out><![CDATA[284827     INFO  Test worker     d.u.i.k.n.KeyIO           Parsing took 0 ms 
284827     DEBUG Test worker     d.u.i.k.n.KeyIO           Load declarations of de.uka.ilkd.key.nparser.KeyAst$File:  <unknown>:1#1 
284827     INFO  Test worker     d.u.i.k.n.KeyIO           MODE: declarations took 0 ms 
284827     DEBUG Test worker     d.u.i.k.n.KeyIO           MODE: 2nd degree decls took 0 
284827     DEBUG Test worker     d.u.i.k.n.KeyIO           MODE: taclets took 0ms 
285999     INFO  Test worker     d.u.i.k.n.KeyIO           Parsing took 0 ms 
285999     DEBUG Test worker     d.u.i.k.n.KeyIO           Load declarations of de.uka.ilkd.key.nparser.KeyAst$File:  <unknown>:1#1 
285999     INFO  Test worker     d.u.i.k.n.KeyIO           MODE: declarations took 0 ms 
285999     DEBUG Test worker     d.u.i.k.n.KeyIO           MODE: 2nd degree decls took 0 
285999     DEBUG Test worker     d.u.i.k.n.KeyIO           MODE: taclets took 0ms 
287172     INFO  Test worker     d.u.i.k.n.KeyIO           Parsing took 0 ms 
287172     DEBUG Test worker     d.u.i.k.n.KeyIO           Load declarations of de.uka.ilkd.key.nparser.KeyAst$File:  <unknown>:1#1 
287172     INFO  Test worker     d.u.i.k.n.KeyIO           MODE: declarations took 0 ms 
287172     DEBUG Test worker     d.u.i.k.n.KeyIO           MODE: 2nd degree decls took 0 
287172     DEBUG Test worker     d.u.i.k.n.KeyIO           MODE: taclets took 0ms 
288328     INFO  Test worker     d.u.i.k.n.KeyIO           Parsing took 0 ms 
288328     DEBUG Test worker     d.u.i.k.n.KeyIO           Load declarations of de.uka.ilkd.key.nparser.KeyAst$File:  <unknown>:1#1 
288328     INFO  Test worker     d.u.i.k.n.KeyIO           MODE: declarations took 0 ms 
288328     DEBUG Test worker     d.u.i.k.n.KeyIO           MODE: 2nd degree decls took 0 
288328     DEBUG Test worker     d.u.i.k.n.KeyIO           MODE: taclets took 0ms 
289485     INFO  Test worker     d.u.i.k.n.KeyIO           Parsing took 0 ms 
289485     DEBUG Test worker     d.u.i.k.n.KeyIO           Load declarations of de.uka.ilkd.key.nparser.KeyAst$File:  <unknown>:1#1 
289485     INFO  Test worker     d.u.i.k.n.KeyIO           MODE: declarations took 0 ms 
289485     DEBUG Test worker     d.u.i.k.n.KeyIO           MODE: 2nd degree decls took 0 
289485     DEBUG Test worker     d.u.i.k.n.KeyIO           MODE: taclets took 0ms 
290657     INFO  Test worker     d.u.i.k.n.KeyIO           Parsing took 0 ms 
290657     DEBUG Test worker     d.u.i.k.n.KeyIO           Load declarations of de.uka.ilkd.key.nparser.KeyAst$File:  <unknown>:1#1 
290657     INFO  Test worker     d.u.i.k.n.KeyIO           MODE: declarations took 0 ms 
290657     DEBUG Test worker     d.u.i.k.n.KeyIO           MODE: 2nd degree decls took 0 
290657     DEBUG Test worker     d.u.i.k.n.KeyIO           MODE: taclets took 0ms 
291814     INFO  Test worker     d.u.i.k.n.KeyIO           Parsing took 0 ms 
291814     DEBUG Test worker     d.u.i.k.n.KeyIO           Load declarations of de.uka.ilkd.key.nparser.KeyAst$File:  <unknown>:1#1 
291814     INFO  Test worker     d.u.i.k.n.KeyIO           MODE: declarations took 0 ms 
291814     DEBUG Test worker     d.u.i.k.n.KeyIO           MODE: 2nd degree decls took 0 
291814     DEBUG Test worker     d.u.i.k.n.KeyIO           MODE: taclets took 0ms 
292985     INFO  Test worker     d.u.i.k.n.KeyIO           Parsing took 0 ms 
292985     DEBUG Test worker     d.u.i.k.n.KeyIO           Load declarations of de.uka.ilkd.key.nparser.KeyAst$File:  <unknown>:1#1 
292985     INFO  Test worker     d.u.i.k.n.KeyIO           MODE: declarations took 0 ms 
292985     DEBUG Test worker     d.u.i.k.n.KeyIO           MODE: 2nd degree decls took 0 
292985     DEBUG Test worker     d.u.i.k.n.KeyIO           MODE: taclets took 0ms 
294158     INFO  Test worker     d.u.i.k.n.KeyIO           Parsing took 0 ms 
294158     DEBUG Test worker     d.u.i.k.n.KeyIO           Load declarations of de.uka.ilkd.key.nparser.KeyAst$File:  <unknown>:1#1 
294158     INFO  Test worker     d.u.i.k.n.KeyIO           MODE: declarations took 0 ms 
294158     DEBUG Test worker     d.u.i.k.n.KeyIO           MODE: 2nd degree decls took 0 
294158     DEBUG Test worker     d.u.i.k.n.KeyIO           MODE: taclets took 0ms 
295347     INFO  Test worker     d.u.i.k.n.KeyIO           Parsing took 0 ms 
295347     DEBUG Test worker     d.u.i.k.n.KeyIO           Load declarations of de.uka.ilkd.key.nparser.KeyAst$File:  <unknown>:1#1 
295347     INFO  Test worker     d.u.i.k.n.KeyIO           MODE: declarations took 0 ms 
295347     DEBUG Test worker     d.u.i.k.n.KeyIO           MODE: 2nd degree decls took 0 
295347     DEBUG Test worker     d.u.i.k.n.KeyIO           MODE: taclets took 0ms 
296535     INFO  Test worker     d.u.i.k.n.KeyIO           Parsing took 0 ms 
296535     DEBUG Test worker     d.u.i.k.n.KeyIO           Load declarations of de.uka.ilkd.key.nparser.KeyAst$File:  <unknown>:1#1 
296535     INFO  Test worker     d.u.i.k.n.KeyIO           MODE: declarations took 0 ms 
296535     DEBUG Test worker     d.u.i.k.n.KeyIO           MODE: 2nd degree decls took 0 
296535     DEBUG Test worker     d.u.i.k.n.KeyIO           MODE: taclets took 0ms 
297723     INFO  Test worker     d.u.i.k.n.KeyIO           Parsing took 0 ms 
297723     DEBUG Test worker     d.u.i.k.n.KeyIO           Load declarations of de.uka.ilkd.key.nparser.KeyAst$File:  <unknown>:1#1 
297723     INFO  Test worker     d.u.i.k.n.KeyIO           MODE: declarations took 0 ms 
297723     DEBUG Test worker     d.u.i.k.n.KeyIO           MODE: 2nd degree decls took 0 
297723     DEBUG Test worker     d.u.i.k.n.KeyIO           MODE: taclets took 0ms 
]]></system-out>
  <system-err><![CDATA[]]></system-err>
</testsuite>
