<?xml version="1.0" encoding="UTF-8"?>
<testsuite name="de.uka.ilkd.key.rule.loop.LoopScopeInvRuleTests" tests="1" skipped="0" failures="0" errors="0" timestamp="2023-06-03T10:32:22" hostname="fv-az192-928" time="5.732">
  <properties/>
  <testcase name="testDoAutomaticProofOfBenchmarkWithLabeledBreaksAndContinues()" classname="de.uka.ilkd.key.rule.loop.LoopScopeInvRuleTests" time="5.732"/>
  <system-out><![CDATA[599898     INFO  Test worker     d.u.i.k.p.i.AbstractProblemLoader Loading environment from src\test\resources\testcase\loopScopeInvRule\Test.key 
599898     DEBUG Test worker     d.u.i.k.p.i.AbstractProblemLoader Environment load took 148.8ns 
599898     INFO  Test worker     d.u.i.k.p.i.AbstractProblemLoader Creating init config 
600086     DEBUG Test worker     d.u.i.k.j.TypeConverter   No LDT found for Meta 
600086     DEBUG Test worker     d.u.i.k.j.TypeConverter   No LDT found for Meta 
600086     DEBUG Test worker     d.u.i.k.j.TypeConverter   No LDT found for Meta 
600086     DEBUG Test worker     d.u.i.k.j.TypeConverter   No LDT found for Meta 
600727     DEBUG Test worker     d.u.i.k.j.TypeConverter   No LDT found for JavaBigintExpression 
604964     DEBUG Test worker     d.u.i.k.p.i.AbstractProblemLoader Init config took 5.06s 
605011     INFO  Test worker     d.u.i.k.p.i.AbstractProblemLoader Replaying proof Test[Test::loopScopeRuleBenchmark(int,boolean)].JML normal_behavior operation contract.0 
605011     DEBUG Test worker     d.u.i.k.p.i.IntermediateProofReplayer Proof replay took 16.9ns 
]]></system-out>
  <system-err><![CDATA[]]></system-err>
</testsuite>
