<?xml version="1.0" encoding="UTF-8"?>
<testsuite name="de.uka.ilkd.key.java.TestContextStatementBlock" tests="1" skipped="0" failures="0" errors="0" timestamp="2023-06-03T10:22:56" hostname="fv-az192-928" time="1.534">
  <properties/>
  <testcase name="testContextTermInstantiation()" classname="de.uka.ilkd.key.java.TestContextStatementBlock" time="1.534"/>
  <system-out><![CDATA[34471      INFO  Test worker     d.u.i.k.n.KeyIO           Parsing took 15 ms 
34471      DEBUG Test worker     d.u.i.k.n.KeyIO           Load declarations of de.uka.ilkd.key.nparser.KeyAst$File:  D:\a\key\key\key.core\src\test\resources\testcase\testrules.key:9#1 
34471      INFO  Test worker     d.u.i.k.n.KeyIO           MODE: declarations took 0 ms 
34471      DEBUG Test worker     d.u.i.k.n.KeyIO           MODE: 2nd degree decls took 0 
34581      DEBUG Test worker     d.u.i.k.n.KeyIO           MODE: taclets took 110ms 
]]></system-out>
  <system-err><![CDATA[]]></system-err>
</testsuite>
