<?xml version="1.0" encoding="UTF-8"?>
<testsuite name="de.uka.ilkd.key.parser.TestTermParserSorts" tests="2" skipped="0" failures="0" errors="0" timestamp="2023-06-03T10:31:44" hostname="fv-az192-928" time="3.957">
  <properties/>
  <testcase name="testParseIntegerArgs()" classname="de.uka.ilkd.key.parser.TestTermParserSorts" time="0.019"/>
  <testcase name="testParseSequencePrettySyntax()" classname="de.uka.ilkd.key.parser.TestTermParserSorts" time="0.003"/>
  <system-out><![CDATA[560955     INFO  Test worker     d.u.i.k.n.KeyIO           Parsing took 0 ms 
560970     DEBUG Test worker     d.u.i.k.n.KeyIO           Load declarations of de.uka.ilkd.key.nparser.KeyAst$File:  <unknown>:1#1 
560970     INFO  Test worker     d.u.i.k.n.KeyIO           MODE: declarations took 0 ms 
560970     DEBUG Test worker     d.u.i.k.n.KeyIO           MODE: 2nd degree decls took 0 
560970     INFO  Test worker     d.u.i.k.n.KeyIO           Parsing took 0 ms 
560970     DEBUG Test worker     d.u.i.k.n.KeyIO           Load declarations of de.uka.ilkd.key.nparser.KeyAst$File:  <unknown>:1#1 
560970     INFO  Test worker     d.u.i.k.n.KeyIO           MODE: declarations took 0 ms 
560970     DEBUG Test worker     d.u.i.k.n.KeyIO           MODE: 2nd degree decls took 0 
560970     INFO  Test worker     d.u.i.k.n.KeyIO           Parsing took 0 ms 
560970     DEBUG Test worker     d.u.i.k.n.KeyIO           Load declarations of de.uka.ilkd.key.nparser.KeyAst$File:  <unknown>:1#1 
560970     INFO  Test worker     d.u.i.k.n.KeyIO           MODE: declarations took 0 ms 
560970     DEBUG Test worker     d.u.i.k.n.KeyIO           MODE: 2nd degree decls took 0 
564909     INFO  Test worker     d.u.i.k.n.KeyIO           Parsing took 0 ms 
564909     DEBUG Test worker     d.u.i.k.n.KeyIO           Load declarations of de.uka.ilkd.key.nparser.KeyAst$File:  <unknown>:1#1 
564909     INFO  Test worker     d.u.i.k.n.KeyIO           MODE: declarations took 0 ms 
564909     DEBUG Test worker     d.u.i.k.n.KeyIO           MODE: 2nd degree decls took 0 
564909     INFO  Test worker     d.u.i.k.n.KeyIO           Parsing took 0 ms 
564909     DEBUG Test worker     d.u.i.k.n.KeyIO           Load declarations of de.uka.ilkd.key.nparser.KeyAst$File:  <unknown>:1#1 
564909     INFO  Test worker     d.u.i.k.n.KeyIO           MODE: declarations took 0 ms 
564909     DEBUG Test worker     d.u.i.k.n.KeyIO           MODE: 2nd degree decls took 0 
564909     INFO  Test worker     d.u.i.k.n.KeyIO           Parsing took 0 ms 
564909     DEBUG Test worker     d.u.i.k.n.KeyIO           Load declarations of de.uka.ilkd.key.nparser.KeyAst$File:  <unknown>:1#1 
564909     INFO  Test worker     d.u.i.k.n.KeyIO           MODE: declarations took 0 ms 
564909     DEBUG Test worker     d.u.i.k.n.KeyIO           MODE: 2nd degree decls took 0 
]]></system-out>
  <system-err><![CDATA[]]></system-err>
</testsuite>
