<?xml version="1.0" encoding="UTF-8"?>
<testsuite name="de.uka.ilkd.key.speclang.ContractFactoryTest" tests="3" skipped="0" failures="0" errors="0" timestamp="2023-06-03T10:39:05" hostname="fv-az192-928" time="11.757">
  <properties/>
  <testcase name="testCombineDifferentAssignable()" classname="de.uka.ilkd.key.speclang.ContractFactoryTest" time="4.065"/>
  <testcase name="testCombineEmptyAssignable()" classname="de.uka.ilkd.key.speclang.ContractFactoryTest" time="3.845"/>
  <testcase name="testCombineEqualAssignable()" classname="de.uka.ilkd.key.speclang.ContractFactoryTest" time="3.847"/>
  <system-out><![CDATA[]]></system-out>
  <system-err><![CDATA[]]></system-err>
</testsuite>
