<?xml version="1.0" encoding="UTF-8"?>
<testsuite name="de.uka.ilkd.key.util.TestProofStarter" tests="2" skipped="0" failures="0" errors="0" timestamp="2023-06-03T10:40:13" hostname="fv-az192-928" time="56.989">
  <properties/>
  <testcase name="testDirectProofWithOneStepSimplification()" classname="de.uka.ilkd.key.util.TestProofStarter" time="29.988"/>
  <testcase name="testDirectProof()" classname="de.uka.ilkd.key.util.TestProofStarter" time="27.001"/>
  <system-out><![CDATA[1070843    INFO  Test worker     d.u.i.k.p.i.AbstractProblemLoader Loading environment from src\test\resources\testcase\proofStarter\CC\project.key 
1070843    DEBUG Test worker     d.u.i.k.p.i.AbstractProblemLoader Environment load took 165.3ns 
1070859    INFO  Test worker     d.u.i.k.p.i.AbstractProblemLoader Creating init config 
1074924    DEBUG Test worker     d.u.i.k.p.i.AbstractProblemLoader Init config took 4.06s 
1074971    INFO  Test worker     d.u.i.k.p.i.AbstractProblemLoader Replaying proof CC[CC::calcCoinIndex([I,[I)].JML normal_behavior operation contract.0 
1074971    DEBUG Test worker     d.u.i.k.p.i.IntermediateProofReplayer Proof replay took 3ns 
1100816    INFO  Test worker     d.u.i.k.p.i.AbstractProblemLoader Loading environment from src\test\resources\testcase\proofStarter\CC\project.key 
1100816    DEBUG Test worker     d.u.i.k.p.i.AbstractProblemLoader Environment load took 216.5ns 
1100831    INFO  Test worker     d.u.i.k.p.i.AbstractProblemLoader Creating init config 
1104927    DEBUG Test worker     d.u.i.k.p.i.AbstractProblemLoader Init config took 4.1s 
1104974    INFO  Test worker     d.u.i.k.p.i.AbstractProblemLoader Replaying proof CC[CC::calcCoinIndex([I,[I)].JML normal_behavior operation contract.0 
1104974    DEBUG Test worker     d.u.i.k.p.i.IntermediateProofReplayer Proof replay took 2.7ns 
]]></system-out>
  <system-err><![CDATA[]]></system-err>
</testsuite>
