<?xml version="1.0" encoding="UTF-8"?>
<testsuite name="de.uka.ilkd.key.util.removegenerics.TestClassDeclaration" tests="5" skipped="0" failures="0" errors="0" timestamp="2023-03-25T23:14:55" hostname="fv-az412-526" time="0.139">
  <properties/>
  <testcase name="testComparable()" classname="de.uka.ilkd.key.util.removegenerics.TestClassDeclaration" time="0.075"/>
  <testcase name="testClassDecl1()" classname="de.uka.ilkd.key.util.removegenerics.TestClassDeclaration" time="0.007"/>
  <testcase name="testOverriddenMethods()" classname="de.uka.ilkd.key.util.removegenerics.TestClassDeclaration" time="0.008"/>
  <testcase name="testInterfaceDecl1()" classname="de.uka.ilkd.key.util.removegenerics.TestClassDeclaration" time="0.01"/>
  <testcase name="testOveriddenMethods2()" classname="de.uka.ilkd.key.util.removegenerics.TestClassDeclaration" time="0.005"/>
  <system-out><![CDATA[23:14:54,908 |-INFO in ch.qos.logback.classic.LoggerContext[default] - This is logback-classic version 1.4.6
23:14:54,929 |-INFO in ch.qos.logback.classic.LoggerContext[default] - Could NOT find resource [logback-test.xml]
23:14:54,940 |-INFO in ch.qos.logback.classic.LoggerContext[default] - Found resource [logback.xml] at [file:/home/runner/work/key/key/key.removegenerics/build/resources/test/logback.xml]
23:14:55,057 |-INFO in ch.qos.logback.core.model.processor.AppenderModelHandler - Processing appender named [STDOUT]
23:14:55,058 |-INFO in ch.qos.logback.core.model.processor.AppenderModelHandler - About to instantiate appender of type [ch.qos.logback.core.ConsoleAppender]
23:14:55,071 |-WARN in ch.qos.logback.core.model.processor.ImplicitModelHandler - Ignoring unknown property [file] in [ch.qos.logback.core.ConsoleAppender]
23:14:55,072 |-WARN in ch.qos.logback.core.model.processor.ImplicitModelHandler - Ignoring unknown property [append] in [ch.qos.logback.core.ConsoleAppender]
23:14:55,073 |-INFO in ch.qos.logback.core.model.processor.ImplicitModelHandler - Assuming default type [ch.qos.logback.classic.encoder.PatternLayoutEncoder] for [encoder] property
23:14:55,089 |-INFO in ch.qos.logback.classic.model.processor.RootLoggerModelHandler - Setting level of ROOT logger to WARN
23:14:55,095 |-INFO in ch.qos.logback.core.model.processor.AppenderRefModelHandler - Attaching appender named [STDOUT] to Logger[ROOT]
23:14:55,096 |-INFO in ch.qos.logback.core.model.processor.DefaultProcessor@66ea1466 - End of configuration.
23:14:55,096 |-INFO in ch.qos.logback.classic.joran.JoranConfigurator@1601e47 - Registering current configuration as safe fallback point

]]></system-out>
  <system-err><![CDATA[]]></system-err>
</testsuite>
