<?xml version="1.0" encoding="UTF-8"?>
<testsuite name="de.uka.ilkd.key.proof.TestOneStepSimplifier" tests="1" skipped="0" failures="0" errors="0" timestamp="2023-05-01T21:29:11" hostname="fv-az269-311" time="3.664">
  <properties/>
  <testcase name="loadWithRestriction()" classname="de.uka.ilkd.key.proof.TestOneStepSimplifier" time="3.664"/>
  <system-out><![CDATA[403073     INFO  Test worker     d.u.i.k.p.i.AbstractProblemLoader Loading environment from src\test\resources\testcase\ossRestriction.proof 
403073     DEBUG Test worker     d.u.i.k.p.i.AbstractProblemLoader Environment load took 148.8ns 
403073     INFO  Test worker     d.u.i.k.p.i.AbstractProblemLoader Creating init config 
403214     DEBUG Test worker     d.u.i.k.j.TypeConverter   No LDT found for Meta 
403214     DEBUG Test worker     d.u.i.k.j.TypeConverter   No LDT found for Meta 
403214     DEBUG Test worker     d.u.i.k.j.TypeConverter   No LDT found for Meta 
403214     DEBUG Test worker     d.u.i.k.j.TypeConverter   No LDT found for Meta 
403699     DEBUG Test worker     d.u.i.k.j.TypeConverter   No LDT found for JavaBigintExpression 
406703     DEBUG Test worker     d.u.i.k.p.i.AbstractProblemLoader Init config took 3.63s 
406734     INFO  Test worker     d.u.i.k.p.i.AbstractProblemLoader Replaying proof ossRestriction.proof 
406734     DEBUG Test worker     d.u.i.k.p.i.IntermediateProofReplayer Proof replay took 1.89ms 
]]></system-out>
  <system-err><![CDATA[]]></system-err>
</testsuite>
