<?xml version="1.0" encoding="UTF-8"?>
<testsuite name="de.uka.ilkd.key.rule.conditions.TestDropEffectlessElementary" tests="3" skipped="0" failures="0" errors="0" timestamp="2023-05-01T21:29:36" hostname="fv-az269-311" time="0.005">
  <properties/>
  <testcase name="testSelfAssignments()" classname="de.uka.ilkd.key.rule.conditions.TestDropEffectlessElementary" time="0.001"/>
  <testcase name="testFaultyCase()" classname="de.uka.ilkd.key.rule.conditions.TestDropEffectlessElementary" time="0.004"/>
  <testcase name="testDoubleAssignment()" classname="de.uka.ilkd.key.rule.conditions.TestDropEffectlessElementary" time="0.0"/>
  <system-out><![CDATA[]]></system-out>
  <system-err><![CDATA[]]></system-err>
</testsuite>
