<?xml version="1.0" encoding="UTF-8"?>
<testsuite name="de.uka.ilkd.key.rule.loop.LoopScopeInvRuleTests" tests="1" skipped="0" failures="0" errors="0" timestamp="2023-05-01T21:29:36" hostname="fv-az269-311" time="4.638">
  <properties/>
  <testcase name="testDoAutomaticProofOfBenchmarkWithLabeledBreaksAndContinues()" classname="de.uka.ilkd.key.rule.loop.LoopScopeInvRuleTests" time="4.638"/>
  <system-out><![CDATA[427777     INFO  Test worker     d.u.i.k.p.i.AbstractProblemLoader Loading environment from src\test\resources\testcase\loopScopeInvRule\Test.key 
427777     DEBUG Test worker     d.u.i.k.p.i.AbstractProblemLoader Environment load took 134.5ns 
427779     INFO  Test worker     d.u.i.k.p.i.AbstractProblemLoader Creating init config 
427886     DEBUG Test worker     d.u.i.k.j.TypeConverter   No LDT found for Meta 
427886     DEBUG Test worker     d.u.i.k.j.TypeConverter   No LDT found for Meta 
427886     DEBUG Test worker     d.u.i.k.j.TypeConverter   No LDT found for Meta 
427886     DEBUG Test worker     d.u.i.k.j.TypeConverter   No LDT found for Meta 
428316     DEBUG Test worker     d.u.i.k.j.TypeConverter   No LDT found for JavaBigintExpression 
431816     DEBUG Test worker     d.u.i.k.p.i.AbstractProblemLoader Init config took 4.04s 
431847     INFO  Test worker     d.u.i.k.p.i.AbstractProblemLoader Replaying proof Test[Test::loopScopeRuleBenchmark(int,boolean)].JML normal_behavior operation contract.0 
431847     DEBUG Test worker     d.u.i.k.p.i.IntermediateProofReplayer Proof replay took 21.8ns 
]]></system-out>
  <system-err><![CDATA[]]></system-err>
</testsuite>
