<?xml version="1.0" encoding="UTF-8"?>
<testsuite name="de.uka.ilkd.key.rule.merge.PredicateAbstractionLatticeTests" tests="3" skipped="0" failures="0" errors="0" timestamp="2023-05-01T21:30:56" hostname="fv-az269-311" time="5.585">
  <properties/>
  <testcase name="testToAndFromString()" classname="de.uka.ilkd.key.rule.merge.PredicateAbstractionLatticeTests" time="2.854"/>
  <testcase name="testCreateSignLatticeWithPredicates()" classname="de.uka.ilkd.key.rule.merge.PredicateAbstractionLatticeTests" time="2.731"/>
  <testcase name="testTrivialPredicatesLattice()" classname="de.uka.ilkd.key.rule.merge.PredicateAbstractionLatticeTests" time="0.0"/>
  <system-out><![CDATA[507560     INFO  Test worker     d.u.i.k.p.i.AbstractProblemLoader Loading environment from src\test\resources\testcase\merge\dummy.key 
507560     DEBUG Test worker     d.u.i.k.p.i.AbstractProblemLoader Environment load took 386.7ns 
507560     INFO  Test worker     d.u.i.k.p.i.AbstractProblemLoader Creating init config 
510394     DEBUG Test worker     d.u.i.k.p.i.AbstractProblemLoader Init config took 2.83s 
510409     INFO  Test worker     d.u.i.k.p.i.AbstractProblemLoader Replaying proof dummy.key 
510409     DEBUG Test worker     d.u.i.k.p.i.IntermediateProofReplayer Proof replay took 10.2ns 
510409     INFO  Test worker     d.u.i.k.p.i.AbstractProblemLoader Loading environment from src\test\resources\testcase\merge\dummy.key 
510409     DEBUG Test worker     d.u.i.k.p.i.AbstractProblemLoader Environment load took 123.9ns 
510409     INFO  Test worker     d.u.i.k.p.i.AbstractProblemLoader Creating init config 
513130     DEBUG Test worker     d.u.i.k.p.i.AbstractProblemLoader Init config took 2.72s 
513146     INFO  Test worker     d.u.i.k.p.i.AbstractProblemLoader Replaying proof dummy.key 
513146     DEBUG Test worker     d.u.i.k.p.i.IntermediateProofReplayer Proof replay took 8.9ns 
]]></system-out>
  <system-err><![CDATA[]]></system-err>
</testsuite>
