<?xml version="1.0" encoding="UTF-8"?>
<testsuite name="de.uka.ilkd.key.parser.TestTacletParser" tests="20" skipped="0" failures="0" errors="0" timestamp="2023-05-01T21:27:15" hostname="fv-az269-311" time="0.138">
  <properties/>
  <testcase name="testAllRight()" classname="de.uka.ilkd.key.parser.TestTacletParser" time="0.003"/>
  <testcase name="testSchemaJava0()" classname="de.uka.ilkd.key.parser.TestTacletParser" time="0.002"/>
  <testcase name="testSchemaJava1()" classname="de.uka.ilkd.key.parser.TestTacletParser" time="0.032"/>
  <testcase name="testSchemaJava2()" classname="de.uka.ilkd.key.parser.TestTacletParser" time="0.008"/>
  <testcase name="testSchemaJava4()" classname="de.uka.ilkd.key.parser.TestTacletParser" time="0.003"/>
  <testcase name="testSchemaJava6()" classname="de.uka.ilkd.key.parser.TestTacletParser" time="0.002"/>
  <testcase name="testSchemaJava8()" classname="de.uka.ilkd.key.parser.TestTacletParser" time="0.001"/>
  <testcase name="testCut()" classname="de.uka.ilkd.key.parser.TestTacletParser" time="0.001"/>
  <testcase name="testMakeInsertEq()" classname="de.uka.ilkd.key.parser.TestTacletParser" time="0.002"/>
  <testcase name="testAllLeft()" classname="de.uka.ilkd.key.parser.TestTacletParser" time="0.001"/>
  <testcase name="testClose()" classname="de.uka.ilkd.key.parser.TestTacletParser" time="0.001"/>
  <testcase name="testSchemaJava10()" classname="de.uka.ilkd.key.parser.TestTacletParser" time="0.002"/>
  <testcase name="testSchemaJava11()" classname="de.uka.ilkd.key.parser.TestTacletParser" time="0.031"/>
  <testcase name="testFIdempotent()" classname="de.uka.ilkd.key.parser.TestTacletParser" time="0.002"/>
  <testcase name="testImpRight()" classname="de.uka.ilkd.key.parser.TestTacletParser" time="0.001"/>
  <testcase name="testVarcondNew()" classname="de.uka.ilkd.key.parser.TestTacletParser" time="0.003"/>
  <testcase name="testFreeReplacewithVariables()" classname="de.uka.ilkd.key.parser.TestTacletParser" time="0.034"/>
  <testcase name="testImpLeft()" classname="de.uka.ilkd.key.parser.TestTacletParser" time="0.002"/>
  <testcase name="testContraposition()" classname="de.uka.ilkd.key.parser.TestTacletParser" time="0.002"/>
  <testcase name="testExConjSplit()" classname="de.uka.ilkd.key.parser.TestTacletParser" time="0.001"/>
  <system-out><![CDATA[286503     INFO  Test worker     d.u.i.k.n.KeyIO           Parsing took 0 ms 
286503     DEBUG Test worker     d.u.i.k.n.KeyIO           Load declarations of de.uka.ilkd.key.nparser.KeyAst$File:  <unknown>:1#1 
286503     INFO  Test worker     d.u.i.k.n.KeyIO           MODE: declarations took 0 ms 
286503     DEBUG Test worker     d.u.i.k.n.KeyIO           MODE: 2nd degree decls took 0 
286503     DEBUG Test worker     d.u.i.k.n.KeyIO           MODE: taclets took 0ms 
286503     INFO  Test worker     d.u.i.k.n.KeyIO           Parsing took 0 ms 
286503     DEBUG Test worker     d.u.i.k.n.KeyIO           Load declarations of de.uka.ilkd.key.nparser.KeyAst$File:  <unknown>:2#1 
286503     INFO  Test worker     d.u.i.k.n.KeyIO           MODE: declarations took 0 ms 
286503     DEBUG Test worker     d.u.i.k.n.KeyIO           MODE: 2nd degree decls took 0 
286503     DEBUG Test worker     d.u.i.k.n.KeyIO           MODE: taclets took 0ms 
286503     INFO  Test worker     d.u.i.k.n.KeyIO           Parsing took 0 ms 
286503     DEBUG Test worker     d.u.i.k.n.KeyIO           Load declarations of de.uka.ilkd.key.nparser.KeyAst$File:  <unknown>:1#1 
286503     INFO  Test worker     d.u.i.k.n.KeyIO           MODE: declarations took 0 ms 
286503     DEBUG Test worker     d.u.i.k.n.KeyIO           MODE: 2nd degree decls took 0 
286503     DEBUG Test worker     d.u.i.k.n.KeyIO           MODE: taclets took 0ms 
286503     INFO  Test worker     d.u.i.k.n.KeyIO           Parsing took 0 ms 
286503     DEBUG Test worker     d.u.i.k.n.KeyIO           Load declarations of de.uka.ilkd.key.nparser.KeyAst$File:  <unknown>:2#1 
286503     INFO  Test worker     d.u.i.k.n.KeyIO           MODE: declarations took 0 ms 
286503     DEBUG Test worker     d.u.i.k.n.KeyIO           MODE: 2nd degree decls took 0 
286503     DEBUG Test worker     d.u.i.k.n.KeyIO           MODE: taclets took 0ms 
286503     INFO  Test worker     d.u.i.k.n.KeyIO           Parsing took 0 ms 
286503     DEBUG Test worker     d.u.i.k.n.KeyIO           Load declarations of de.uka.ilkd.key.nparser.KeyAst$File:  <unknown>:1#1 
286503     INFO  Test worker     d.u.i.k.n.KeyIO           MODE: declarations took 0 ms 
286503     DEBUG Test worker     d.u.i.k.n.KeyIO           MODE: 2nd degree decls took 0 
286503     DEBUG Test worker     d.u.i.k.n.KeyIO           MODE: taclets took 0ms 
286503     WARN  Test worker     d.u.i.k.n.KeYParser       [syntax-error] <unknown>:2:21: extraneous input '<' expecting {MODALITY, FORALL, EXISTS, '\if', '\ifEx', 'true', 'false', '(', ')', '{', '@', NOT, '-', STRING_LITERAL, CHAR_LITERAL, BIN_LITERAL, HEX_LITERAL, IDENT, INT_LITERAL, FLOAT_LITERAL, DOUBLE_LITERAL, REAL_LITERAL} [@12,22:22='<',<173>,2:21] (argument_list, call, accessterm, primitive_term, primitive_labeled_term, bracket_term, atom_prefix, strong_arith_term_2, strong_arith_term_1, weak_arith_term, comparison_term, equality_term, term60, conjunction_term, disjunction_term, implication_term, equivalence_term, elementary_update_term, parallel_term, term, taclet, rulesOrAxioms, decls, file) 
286503     WARN  Test worker     d.u.i.k.n.KeYParser       [syntax-error] <unknown>:2:23: no viable alternative at input '{..' [@14,24:25='..',<144>,2:23] (atom_prefix, strong_arith_term_2, strong_arith_term_1, weak_arith_term, comparison_term, equality_term, term60, conjunction_term, disjunction_term, implication_term, equivalence_term, elementary_update_term, parallel_term, term, argument_list, call, accessterm, primitive_term, primitive_labeled_term, bracket_term, atom_prefix, strong_arith_term_2, strong_arith_term_1, weak_arith_term, comparison_term, equality_term, term60, conjunction_term, disjunction_term, implication_term, equivalence_term, elementary_update_term, parallel_term, term, taclet, rulesOrAxioms, decls, file) 
286534     WARN  Test worker     d.u.i.k.n.KeYParser       [syntax-error] <unknown>:2:33: mismatched input ';' expecting {',', ')'} [@21,34:34=';',<138>,2:33] (argument_list, call, accessterm, primitive_term, primitive_labeled_term, bracket_term, atom_prefix, strong_arith_term_2, strong_arith_term_1, weak_arith_term, comparison_term, equality_term, term60, conjunction_term, disjunction_term, implication_term, equivalence_term, elementary_update_term, parallel_term, term, taclet, rulesOrAxioms, decls, file) 
286534     WARN  Test worker     d.u.i.k.n.KeYParser       [syntax-error] <unknown>:2:41: no viable alternative at input '#i;' [@26,42:42=';',<138>,2:41] (option_list, taclet, rulesOrAxioms, decls, file) 
286534     WARN  Test worker     d.u.i.k.n.KeYParser       [syntax-error] <unknown>:2:43: mismatched input '<' expecting {'(', '{'} [@28,44:44='<',<173>,2:43] (taclet, rulesOrAxioms, decls, file) 
286534     WARN  Test worker     d.u.i.k.n.KeYParser       [syntax-error] <unknown>:2:47: mismatched input '+' expecting {'(', '{'} [@32,48:48='+',<167>,2:47] (taclet, rulesOrAxioms, decls, file) 
286534     WARN  Test worker     d.u.i.k.n.KeYParser       [syntax-error] <unknown>:2:52: extraneous input '..' expecting {'\lemma', '}', IDENT, '/*!'} [@37,53:54='..',<144>,2:52] (rulesOrAxioms, decls, file) 
286534     WARN  Test worker     d.u.i.k.n.KeYParser       [syntax-error] <unknown>:2:56: mismatched input '>' expecting {<EOF>, '\problem', '\chooseContract', '\proofObligation', '\proof'} [@40,57:57='>',<168>,2:56] (file) 
286534     INFO  Test worker     d.u.i.k.n.KeyIO           Parsing took 0 ms 
286534     DEBUG Test worker     d.u.i.k.n.KeyIO           Load declarations of de.uka.ilkd.key.nparser.KeyAst$File:  <unknown>:1#1 
286534     INFO  Test worker     d.u.i.k.n.KeyIO           MODE: declarations took 0 ms 
286534     DEBUG Test worker     d.u.i.k.n.KeyIO           MODE: 2nd degree decls took 0 
286534     DEBUG Test worker     d.u.i.k.n.KeyIO           MODE: taclets took 0ms 
286534     WARN  Test worker     d.u.i.k.n.KeYParser       [syntax-error] <unknown>:2:21: extraneous input '<' expecting {MODALITY, FORALL, EXISTS, '\if', '\ifEx', 'true', 'false', '(', ')', '{', '@', NOT, '-', STRING_LITERAL, CHAR_LITERAL, BIN_LITERAL, HEX_LITERAL, IDENT, INT_LITERAL, FLOAT_LITERAL, DOUBLE_LITERAL, REAL_LITERAL} [@12,22:22='<',<173>,2:21] (argument_list, call, accessterm, primitive_term, primitive_labeled_term, bracket_term, atom_prefix, strong_arith_term_2, strong_arith_term_1, weak_arith_term, comparison_term, equality_term, term60, conjunction_term, disjunction_term, implication_term, equivalence_term, elementary_update_term, parallel_term, term, taclet, rulesOrAxioms, decls, file) 
286534     WARN  Test worker     d.u.i.k.n.KeYParser       [syntax-error] <unknown>:2:23: no viable alternative at input '{..' [@14,24:25='..',<144>,2:23] (atom_prefix, strong_arith_term_2, strong_arith_term_1, weak_arith_term, comparison_term, equality_term, term60, conjunction_term, disjunction_term, implication_term, equivalence_term, elementary_update_term, parallel_term, term, argument_list, call, accessterm, primitive_term, primitive_labeled_term, bracket_term, atom_prefix, strong_arith_term_2, strong_arith_term_1, weak_arith_term, comparison_term, equality_term, term60, conjunction_term, disjunction_term, implication_term, equivalence_term, elementary_update_term, parallel_term, term, taclet, rulesOrAxioms, decls, file) 
286534     WARN  Test worker     d.u.i.k.n.KeYParser       [syntax-error] <unknown>:2:33: mismatched input ';' expecting {',', ')'} [@21,34:34=';',<138>,2:33] (argument_list, call, accessterm, primitive_term, primitive_labeled_term, bracket_term, atom_prefix, strong_arith_term_2, strong_arith_term_1, weak_arith_term, comparison_term, equality_term, term60, conjunction_term, disjunction_term, implication_term, equivalence_term, elementary_update_term, parallel_term, term, taclet, rulesOrAxioms, decls, file) 
286534     WARN  Test worker     d.u.i.k.n.KeYParser       [syntax-error] <unknown>:2:43: no viable alternative at input '#lab;' [@26,44:44=';',<138>,2:43] (option_list, taclet, rulesOrAxioms, decls, file) 
286534     WARN  Test worker     d.u.i.k.n.KeYParser       [syntax-error] <unknown>:2:45: mismatched input '<' expecting {'(', '{'} [@28,46:46='<',<173>,2:45] (taclet, rulesOrAxioms, decls, file) 
286534     WARN  Test worker     d.u.i.k.n.KeYParser       [syntax-error] <unknown>:2:50: mismatched input '+' expecting {'(', '{'} [@32,51:51='+',<167>,2:50] (taclet, rulesOrAxioms, decls, file) 
286534     WARN  Test worker     d.u.i.k.n.KeYParser       [syntax-error] <unknown>:2:56: extraneous input '..' expecting {'\lemma', '}', IDENT, '/*!'} [@38,57:58='..',<144>,2:56] (rulesOrAxioms, decls, file) 
286534     WARN  Test worker     d.u.i.k.n.KeYParser       [syntax-error] <unknown>:2:60: mismatched input '>' expecting {<EOF>, '\problem', '\chooseContract', '\proofObligation', '\proof'} [@41,61:61='>',<168>,2:60] (file) 
286534     INFO  Test worker     d.u.i.k.n.KeyIO           Parsing took 0 ms 
286534     DEBUG Test worker     d.u.i.k.n.KeyIO           Load declarations of de.uka.ilkd.key.nparser.KeyAst$File:  <unknown>:1#1 
286534     INFO  Test worker     d.u.i.k.n.KeyIO           MODE: declarations took 0 ms 
286534     DEBUG Test worker     d.u.i.k.n.KeyIO           MODE: 2nd degree decls took 0 
286534     DEBUG Test worker     d.u.i.k.n.KeyIO           MODE: taclets took 0ms 
286550     INFO  Test worker     d.u.i.k.n.KeyIO           Parsing took 16 ms 
286550     DEBUG Test worker     d.u.i.k.n.KeyIO           Load declarations of de.uka.ilkd.key.nparser.KeyAst$File:  <unknown>:2#1 
286550     INFO  Test worker     d.u.i.k.n.KeyIO           MODE: declarations took 0 ms 
286550     DEBUG Test worker     d.u.i.k.n.KeyIO           MODE: 2nd degree decls took 0 
286550     DEBUG Test worker     d.u.i.k.n.KeyIO           MODE: taclets took 0ms 
286550     INFO  Test worker     d.u.i.k.n.KeyIO           Parsing took 0 ms 
286550     DEBUG Test worker     d.u.i.k.n.KeyIO           Load declarations of de.uka.ilkd.key.nparser.KeyAst$File:  <unknown>:1#1 
286550     INFO  Test worker     d.u.i.k.n.KeyIO           MODE: declarations took 0 ms 
286550     DEBUG Test worker     d.u.i.k.n.KeyIO           MODE: 2nd degree decls took 0 
286550     DEBUG Test worker     d.u.i.k.n.KeyIO           MODE: taclets took 0ms 
286550     INFO  Test worker     d.u.i.k.n.KeyIO           Parsing took 0 ms 
286550     DEBUG Test worker     d.u.i.k.n.KeyIO           Load declarations of de.uka.ilkd.key.nparser.KeyAst$File:  <unknown>:2#1 
286550     INFO  Test worker     d.u.i.k.n.KeyIO           MODE: declarations took 0 ms 
286550     DEBUG Test worker     d.u.i.k.n.KeyIO           MODE: 2nd degree decls took 0 
286550     DEBUG Test worker     d.u.i.k.n.KeyIO           MODE: taclets took 0ms 
286550     INFO  Test worker     d.u.i.k.n.KeyIO           Parsing took 0 ms 
286550     DEBUG Test worker     d.u.i.k.n.KeyIO           Load declarations of de.uka.ilkd.key.nparser.KeyAst$File:  <unknown>:1#1 
286550     INFO  Test worker     d.u.i.k.n.KeyIO           MODE: declarations took 0 ms 
286550     DEBUG Test worker     d.u.i.k.n.KeyIO           MODE: 2nd degree decls took 0 
286550     DEBUG Test worker     d.u.i.k.n.KeyIO           MODE: taclets took 0ms 
286550     INFO  Test worker     d.u.i.k.n.KeyIO           Parsing took 0 ms 
286550     DEBUG Test worker     d.u.i.k.n.KeyIO           Load declarations of de.uka.ilkd.key.nparser.KeyAst$File:  <unknown>:2#1 
286550     INFO  Test worker     d.u.i.k.n.KeyIO           MODE: declarations took 0 ms 
286550     DEBUG Test worker     d.u.i.k.n.KeyIO           MODE: 2nd degree decls took 0 
286550     DEBUG Test worker     d.u.i.k.n.KeyIO           MODE: taclets took 0ms 
286550     INFO  Test worker     d.u.i.k.n.KeyIO           Parsing took 0 ms 
286550     DEBUG Test worker     d.u.i.k.n.KeyIO           Load declarations of de.uka.ilkd.key.nparser.KeyAst$File:  <unknown>:1#1 
286550     INFO  Test worker     d.u.i.k.n.KeyIO           MODE: declarations took 0 ms 
286550     DEBUG Test worker     d.u.i.k.n.KeyIO           MODE: 2nd degree decls took 0 
286550     DEBUG Test worker     d.u.i.k.n.KeyIO           MODE: taclets took 0ms 
286550     INFO  Test worker     d.u.i.k.n.KeyIO           Parsing took 0 ms 
286550     DEBUG Test worker     d.u.i.k.n.KeyIO           Load declarations of de.uka.ilkd.key.nparser.KeyAst$File:  <unknown>:2#1 
286550     INFO  Test worker     d.u.i.k.n.KeyIO           MODE: declarations took 0 ms 
286550     DEBUG Test worker     d.u.i.k.n.KeyIO           MODE: 2nd degree decls took 0 
286550     DEBUG Test worker     d.u.i.k.n.KeyIO           MODE: taclets took 0ms 
286550     INFO  Test worker     d.u.i.k.n.KeyIO           Parsing took 0 ms 
286550     DEBUG Test worker     d.u.i.k.n.KeyIO           Load declarations of de.uka.ilkd.key.nparser.KeyAst$File:  <unknown>:1#1 
286550     INFO  Test worker     d.u.i.k.n.KeyIO           MODE: declarations took 0 ms 
286550     DEBUG Test worker     d.u.i.k.n.KeyIO           MODE: 2nd degree decls took 0 
286550     DEBUG Test worker     d.u.i.k.n.KeyIO           MODE: taclets took 0ms 
286550     INFO  Test worker     d.u.i.k.n.KeyIO           Parsing took 0 ms 
286550     DEBUG Test worker     d.u.i.k.n.KeyIO           Load declarations of de.uka.ilkd.key.nparser.KeyAst$File:  <unknown>:2#1 
286550     INFO  Test worker     d.u.i.k.n.KeyIO           MODE: declarations took 0 ms 
286550     DEBUG Test worker     d.u.i.k.n.KeyIO           MODE: 2nd degree decls took 0 
286550     DEBUG Test worker     d.u.i.k.n.KeyIO           MODE: taclets took 0ms 
286550     INFO  Test worker     d.u.i.k.n.KeyIO           Parsing took 0 ms 
286550     DEBUG Test worker     d.u.i.k.n.KeyIO           Load declarations of de.uka.ilkd.key.nparser.KeyAst$File:  <unknown>:1#1 
286550     INFO  Test worker     d.u.i.k.n.KeyIO           MODE: declarations took 0 ms 
286550     DEBUG Test worker     d.u.i.k.n.KeyIO           MODE: 2nd degree decls took 0 
286550     DEBUG Test worker     d.u.i.k.n.KeyIO           MODE: taclets took 0ms 
286550     INFO  Test worker     d.u.i.k.n.KeyIO           Parsing took 0 ms 
286550     DEBUG Test worker     d.u.i.k.n.KeyIO           Load declarations of de.uka.ilkd.key.nparser.KeyAst$File:  <unknown>:2#1 
286550     INFO  Test worker     d.u.i.k.n.KeyIO           MODE: declarations took 0 ms 
286550     DEBUG Test worker     d.u.i.k.n.KeyIO           MODE: 2nd degree decls took 0 
286550     DEBUG Test worker     d.u.i.k.n.KeyIO           MODE: taclets took 0ms 
286550     INFO  Test worker     d.u.i.k.n.KeyIO           Parsing took 0 ms 
286550     DEBUG Test worker     d.u.i.k.n.KeyIO           Load declarations of de.uka.ilkd.key.nparser.KeyAst$File:  <unknown>:1#1 
286550     INFO  Test worker     d.u.i.k.n.KeyIO           MODE: declarations took 0 ms 
286550     DEBUG Test worker     d.u.i.k.n.KeyIO           MODE: 2nd degree decls took 0 
286550     DEBUG Test worker     d.u.i.k.n.KeyIO           MODE: taclets took 0ms 
286550     INFO  Test worker     d.u.i.k.n.KeyIO           Parsing took 0 ms 
286550     DEBUG Test worker     d.u.i.k.n.KeyIO           Load declarations of de.uka.ilkd.key.nparser.KeyAst$File:  <unknown>:2#1 
286550     INFO  Test worker     d.u.i.k.n.KeyIO           MODE: declarations took 0 ms 
286550     DEBUG Test worker     d.u.i.k.n.KeyIO           MODE: 2nd degree decls took 0 
286550     DEBUG Test worker     d.u.i.k.n.KeyIO           MODE: taclets took 0ms 
286550     INFO  Test worker     d.u.i.k.n.KeyIO           Parsing took 0 ms 
286550     DEBUG Test worker     d.u.i.k.n.KeyIO           Load declarations of de.uka.ilkd.key.nparser.KeyAst$File:  <unknown>:1#1 
286550     INFO  Test worker     d.u.i.k.n.KeyIO           MODE: declarations took 0 ms 
286550     DEBUG Test worker     d.u.i.k.n.KeyIO           MODE: 2nd degree decls took 0 
286550     DEBUG Test worker     d.u.i.k.n.KeyIO           MODE: taclets took 0ms 
286550     INFO  Test worker     d.u.i.k.n.KeyIO           Parsing took 0 ms 
286550     DEBUG Test worker     d.u.i.k.n.KeyIO           Load declarations of de.uka.ilkd.key.nparser.KeyAst$File:  <unknown>:2#1 
286550     INFO  Test worker     d.u.i.k.n.KeyIO           MODE: declarations took 0 ms 
286550     DEBUG Test worker     d.u.i.k.n.KeyIO           MODE: 2nd degree decls took 0 
286550     DEBUG Test worker     d.u.i.k.n.KeyIO           MODE: taclets took 0ms 
286550     INFO  Test worker     d.u.i.k.n.KeyIO           Parsing took 0 ms 
286550     DEBUG Test worker     d.u.i.k.n.KeyIO           Load declarations of de.uka.ilkd.key.nparser.KeyAst$File:  <unknown>:1#1 
286550     INFO  Test worker     d.u.i.k.n.KeyIO           MODE: declarations took 0 ms 
286550     DEBUG Test worker     d.u.i.k.n.KeyIO           MODE: 2nd degree decls took 0 
286550     DEBUG Test worker     d.u.i.k.n.KeyIO           MODE: taclets took 0ms 
286565     INFO  Test worker     d.u.i.k.n.KeyIO           Parsing took 15 ms 
286565     DEBUG Test worker     d.u.i.k.n.KeyIO           Load declarations of de.uka.ilkd.key.nparser.KeyAst$File:  <unknown>:2#1 
286565     INFO  Test worker     d.u.i.k.n.KeyIO           MODE: declarations took 0 ms 
286565     DEBUG Test worker     d.u.i.k.n.KeyIO           MODE: 2nd degree decls took 0 
286594     DEBUG Test worker     d.u.i.k.n.KeyIO           MODE: taclets took 29ms 
286595     INFO  Test worker     d.u.i.k.n.KeyIO           Parsing took 0 ms 
286595     DEBUG Test worker     d.u.i.k.n.KeyIO           Load declarations of de.uka.ilkd.key.nparser.KeyAst$File:  <unknown>:1#1 
286595     INFO  Test worker     d.u.i.k.n.KeyIO           MODE: declarations took 0 ms 
286595     DEBUG Test worker     d.u.i.k.n.KeyIO           MODE: 2nd degree decls took 0 
286595     DEBUG Test worker     d.u.i.k.n.KeyIO           MODE: taclets took 0ms 
286596     INFO  Test worker     d.u.i.k.n.KeyIO           Parsing took 0 ms 
286596     DEBUG Test worker     d.u.i.k.n.KeyIO           Load declarations of de.uka.ilkd.key.nparser.KeyAst$File:  <unknown>:2#1 
286596     INFO  Test worker     d.u.i.k.n.KeyIO           MODE: declarations took 0 ms 
286596     DEBUG Test worker     d.u.i.k.n.KeyIO           MODE: 2nd degree decls took 0 
286596     DEBUG Test worker     d.u.i.k.n.KeyIO           MODE: taclets took 0ms 
286597     INFO  Test worker     d.u.i.k.n.KeyIO           Parsing took 1 ms 
286597     DEBUG Test worker     d.u.i.k.n.KeyIO           Load declarations of de.uka.ilkd.key.nparser.KeyAst$File:  <unknown>:1#1 
286597     INFO  Test worker     d.u.i.k.n.KeyIO           MODE: declarations took 0 ms 
286597     DEBUG Test worker     d.u.i.k.n.KeyIO           MODE: 2nd degree decls took 0 
286597     DEBUG Test worker     d.u.i.k.n.KeyIO           MODE: taclets took 0ms 
286597     INFO  Test worker     d.u.i.k.n.KeyIO           Parsing took 0 ms 
286597     DEBUG Test worker     d.u.i.k.n.KeyIO           Load declarations of de.uka.ilkd.key.nparser.KeyAst$File:  <unknown>:2#1 
286597     INFO  Test worker     d.u.i.k.n.KeyIO           MODE: declarations took 0 ms 
286597     DEBUG Test worker     d.u.i.k.n.KeyIO           MODE: 2nd degree decls took 0 
286598     DEBUG Test worker     d.u.i.k.n.KeyIO           MODE: taclets took 1ms 
286600     INFO  Test worker     d.u.i.k.n.KeyIO           Parsing took 2 ms 
286600     DEBUG Test worker     d.u.i.k.n.KeyIO           Load declarations of de.uka.ilkd.key.nparser.KeyAst$File:  <unknown>:1#1 
286600     INFO  Test worker     d.u.i.k.n.KeyIO           MODE: declarations took 0 ms 
286600     DEBUG Test worker     d.u.i.k.n.KeyIO           MODE: 2nd degree decls took 0 
286600     DEBUG Test worker     d.u.i.k.n.KeyIO           MODE: taclets took 0ms 
286600     INFO  Test worker     d.u.i.k.n.KeyIO           Parsing took 0 ms 
286600     DEBUG Test worker     d.u.i.k.n.KeyIO           Load declarations of de.uka.ilkd.key.nparser.KeyAst$File:  <unknown>:2#1 
286600     INFO  Test worker     d.u.i.k.n.KeyIO           MODE: declarations took 0 ms 
286600     DEBUG Test worker     d.u.i.k.n.KeyIO           MODE: 2nd degree decls took 0 
286601     DEBUG Test worker     d.u.i.k.n.KeyIO           MODE: taclets took 1ms 
286601     INFO  Test worker     d.u.i.k.n.KeyIO           Parsing took 0 ms 
286601     DEBUG Test worker     d.u.i.k.n.KeyIO           Load declarations of de.uka.ilkd.key.nparser.KeyAst$File:  <unknown>:2#1 
286601     INFO  Test worker     d.u.i.k.n.KeyIO           MODE: declarations took 0 ms 
286601     DEBUG Test worker     d.u.i.k.n.KeyIO           MODE: 2nd degree decls took 0 
286601     DEBUG Test worker     d.u.i.k.n.KeyIO           MODE: taclets took 0ms 
286601     INFO  Test worker     d.u.i.k.n.KeyIO           Parsing took 0 ms 
286601     DEBUG Test worker     d.u.i.k.n.KeyIO           Load declarations of de.uka.ilkd.key.nparser.KeyAst$File:  <unknown>:1#1 
286601     INFO  Test worker     d.u.i.k.n.KeyIO           MODE: declarations took 0 ms 
286601     DEBUG Test worker     d.u.i.k.n.KeyIO           MODE: 2nd degree decls took 0 
286602     DEBUG Test worker     d.u.i.k.n.KeyIO           MODE: taclets took 0ms 
286602     INFO  Test worker     d.u.i.k.n.KeyIO           Parsing took 0 ms 
286602     DEBUG Test worker     d.u.i.k.n.KeyIO           Load declarations of de.uka.ilkd.key.nparser.KeyAst$File:  <unknown>:2#1 
286602     INFO  Test worker     d.u.i.k.n.KeyIO           MODE: declarations took 0 ms 
286602     DEBUG Test worker     d.u.i.k.n.KeyIO           MODE: 2nd degree decls took 0 
286636     INFO  Test worker     d.u.i.k.n.KeyIO           Parsing took 0 ms 
286636     DEBUG Test worker     d.u.i.k.n.KeyIO           Load declarations of de.uka.ilkd.key.nparser.KeyAst$File:  <unknown>:1#1 
286636     INFO  Test worker     d.u.i.k.n.KeyIO           MODE: declarations took 0 ms 
286636     DEBUG Test worker     d.u.i.k.n.KeyIO           MODE: 2nd degree decls took 0 
286636     DEBUG Test worker     d.u.i.k.n.KeyIO           MODE: taclets took 0ms 
286636     INFO  Test worker     d.u.i.k.n.KeyIO           Parsing took 0 ms 
286636     DEBUG Test worker     d.u.i.k.n.KeyIO           Load declarations of de.uka.ilkd.key.nparser.KeyAst$File:  <unknown>:2#1 
286636     INFO  Test worker     d.u.i.k.n.KeyIO           MODE: declarations took 0 ms 
286636     DEBUG Test worker     d.u.i.k.n.KeyIO           MODE: 2nd degree decls took 0 
286636     DEBUG Test worker     d.u.i.k.n.KeyIO           MODE: taclets took 0ms 
286636     INFO  Test worker     d.u.i.k.n.KeyIO           Parsing took 0 ms 
286636     DEBUG Test worker     d.u.i.k.n.KeyIO           Load declarations of de.uka.ilkd.key.nparser.KeyAst$File:  <unknown>:1#1 
286636     INFO  Test worker     d.u.i.k.n.KeyIO           MODE: declarations took 0 ms 
286636     DEBUG Test worker     d.u.i.k.n.KeyIO           MODE: 2nd degree decls took 0 
286636     DEBUG Test worker     d.u.i.k.n.KeyIO           MODE: taclets took 0ms 
286636     INFO  Test worker     d.u.i.k.n.KeyIO           Parsing took 0 ms 
286636     DEBUG Test worker     d.u.i.k.n.KeyIO           Load declarations of de.uka.ilkd.key.nparser.KeyAst$File:  <unknown>:2#1 
286636     INFO  Test worker     d.u.i.k.n.KeyIO           MODE: declarations took 0 ms 
286636     DEBUG Test worker     d.u.i.k.n.KeyIO           MODE: 2nd degree decls took 0 
286636     DEBUG Test worker     d.u.i.k.n.KeyIO           MODE: taclets took 0ms 
286636     INFO  Test worker     d.u.i.k.n.KeyIO           Parsing took 0 ms 
286636     DEBUG Test worker     d.u.i.k.n.KeyIO           Load declarations of de.uka.ilkd.key.nparser.KeyAst$File:  <unknown>:1#1 
286636     INFO  Test worker     d.u.i.k.n.KeyIO           MODE: declarations took 0 ms 
286636     DEBUG Test worker     d.u.i.k.n.KeyIO           MODE: 2nd degree decls took 0 
286636     DEBUG Test worker     d.u.i.k.n.KeyIO           MODE: taclets took 0ms 
286636     INFO  Test worker     d.u.i.k.n.KeyIO           Parsing took 0 ms 
286636     DEBUG Test worker     d.u.i.k.n.KeyIO           Load declarations of de.uka.ilkd.key.nparser.KeyAst$File:  <unknown>:2#1 
286636     INFO  Test worker     d.u.i.k.n.KeyIO           MODE: declarations took 0 ms 
286636     DEBUG Test worker     d.u.i.k.n.KeyIO           MODE: 2nd degree decls took 0 
286636     DEBUG Test worker     d.u.i.k.n.KeyIO           MODE: taclets took 0ms 
]]></system-out>
  <system-err><![CDATA[]]></system-err>
</testsuite>
