<?xml version="1.0" encoding="UTF-8"?>
<testsuite name="de.uka.ilkd.key.parser.TestDeclParser" tests="14" skipped="2" failures="0" errors="0" timestamp="2023-05-01T21:25:49" hostname="fv-az269-311" time="10.668">
  <properties/>
  <testcase name="testGenericSortDecl1()" classname="de.uka.ilkd.key.parser.TestDeclParser" time="0.997"/>
  <testcase name="testGenericSortDecl2()" classname="de.uka.ilkd.key.parser.TestDeclParser" time="0.914"/>
  <testcase name="testGenericSortDecl3()" classname="de.uka.ilkd.key.parser.TestDeclParser" time="0.835"/>
  <testcase name="testGenericSortDecl4()" classname="de.uka.ilkd.key.parser.TestDeclParser" time="0.901"/>
  <testcase name="testGenericSortDecl5()" classname="de.uka.ilkd.key.parser.TestDeclParser" time="0.0">
    <skipped/>
  </testcase>
  <testcase name="testGenericSortDecl6()" classname="de.uka.ilkd.key.parser.TestDeclParser" time="0.909"/>
  <testcase name="testSortDecl()" classname="de.uka.ilkd.key.parser.TestDeclParser" time="0.844"/>
  <testcase name="testProxySortDecl()" classname="de.uka.ilkd.key.parser.TestDeclParser" time="0.905"/>
  <testcase name="testArrayDecl()" classname="de.uka.ilkd.key.parser.TestDeclParser" time="0.835"/>
  <testcase name="testAmbiguousDecls()" classname="de.uka.ilkd.key.parser.TestDeclParser" time="0.001">
    <skipped/>
  </testcase>
  <testcase name="testHeurDecl()" classname="de.uka.ilkd.key.parser.TestDeclParser" time="0.894"/>
  <testcase name="testFunctionDecl()" classname="de.uka.ilkd.key.parser.TestDeclParser" time="0.908"/>
  <testcase name="testPredicateDecl()" classname="de.uka.ilkd.key.parser.TestDeclParser" time="0.821"/>
  <testcase name="testSVDecl()" classname="de.uka.ilkd.key.parser.TestDeclParser" time="0.903"/>
  <system-out><![CDATA[201903     INFO  Test worker     d.u.i.k.n.KeyIO           Parsing took 0 ms 
201903     DEBUG Test worker     d.u.i.k.n.KeyIO           Load declarations of de.uka.ilkd.key.nparser.KeyAst$File:  <unknown>:1#1 
201903     INFO  Test worker     d.u.i.k.n.KeyIO           MODE: declarations took 0 ms 
201903     DEBUG Test worker     d.u.i.k.n.KeyIO           MODE: 2nd degree decls took 0 
201903     DEBUG Test worker     d.u.i.k.n.KeyIO           MODE: taclets took 0ms 
202825     INFO  Test worker     d.u.i.k.n.KeyIO           Parsing took 0 ms 
202825     DEBUG Test worker     d.u.i.k.n.KeyIO           Load declarations of de.uka.ilkd.key.nparser.KeyAst$File:  <unknown>:1#1 
202825     INFO  Test worker     d.u.i.k.n.KeyIO           MODE: declarations took 0 ms 
202825     DEBUG Test worker     d.u.i.k.n.KeyIO           MODE: 2nd degree decls took 0 
202825     DEBUG Test worker     d.u.i.k.n.KeyIO           MODE: taclets took 0ms 
203669     INFO  Test worker     d.u.i.k.n.KeyIO           Parsing took 0 ms 
203669     DEBUG Test worker     d.u.i.k.n.KeyIO           Load declarations of de.uka.ilkd.key.nparser.KeyAst$File:  <unknown>:1#1 
203669     INFO  Test worker     d.u.i.k.n.KeyIO           MODE: declarations took 0 ms 
203669     DEBUG Test worker     d.u.i.k.n.KeyIO           MODE: 2nd degree decls took 0 
203669     DEBUG Test worker     d.u.i.k.n.KeyIO           MODE: taclets took 0ms 
204576     INFO  Test worker     d.u.i.k.n.KeyIO           Parsing took 0 ms 
204576     DEBUG Test worker     d.u.i.k.n.KeyIO           Load declarations of de.uka.ilkd.key.nparser.KeyAst$File:  <unknown>:1#1 
204576     INFO  Test worker     d.u.i.k.n.KeyIO           MODE: declarations took 0 ms 
204576     DEBUG Test worker     d.u.i.k.n.KeyIO           MODE: 2nd degree decls took 0 
204576     DEBUG Test worker     d.u.i.k.n.KeyIO           MODE: taclets took 0ms 
205485     INFO  Test worker     d.u.i.k.n.KeyIO           Parsing took 0 ms 
205486     DEBUG Test worker     d.u.i.k.n.KeyIO           Load declarations of de.uka.ilkd.key.nparser.KeyAst$File:  <unknown>:1#1 
205486     INFO  Test worker     d.u.i.k.n.KeyIO           MODE: declarations took 0 ms 
205486     DEBUG Test worker     d.u.i.k.n.KeyIO           MODE: 2nd degree decls took 0 
205486     DEBUG Test worker     d.u.i.k.n.KeyIO           MODE: taclets took 0ms 
206315     INFO  Test worker     d.u.i.k.n.KeyIO           Parsing took 0 ms 
206315     DEBUG Test worker     d.u.i.k.n.KeyIO           Load declarations of de.uka.ilkd.key.nparser.KeyAst$File:  <unknown>:1#1 
206315     INFO  Test worker     d.u.i.k.n.KeyIO           MODE: declarations took 0 ms 
206315     DEBUG Test worker     d.u.i.k.n.KeyIO           MODE: 2nd degree decls took 0 
206315     DEBUG Test worker     d.u.i.k.n.KeyIO           MODE: taclets took 0ms 
207222     INFO  Test worker     d.u.i.k.n.KeyIO           Parsing took 0 ms 
207222     DEBUG Test worker     d.u.i.k.n.KeyIO           Load declarations of de.uka.ilkd.key.nparser.KeyAst$File:  <unknown>:1#1 
207222     INFO  Test worker     d.u.i.k.n.KeyIO           MODE: declarations took 0 ms 
207222     DEBUG Test worker     d.u.i.k.n.KeyIO           MODE: 2nd degree decls took 0 
207222     DEBUG Test worker     d.u.i.k.n.KeyIO           MODE: taclets took 0ms 
208052     INFO  Test worker     d.u.i.k.n.KeyIO           Parsing took 0 ms 
208052     DEBUG Test worker     d.u.i.k.n.KeyIO           Load declarations of de.uka.ilkd.key.nparser.KeyAst$File:  <unknown>:1#1 
208052     INFO  Test worker     d.u.i.k.n.KeyIO           MODE: declarations took 0 ms 
208052     DEBUG Test worker     d.u.i.k.n.KeyIO           MODE: 2nd degree decls took 0 
208067     DEBUG Test worker     d.u.i.k.n.KeyIO           MODE: taclets took 0ms 
208952     INFO  Test worker     d.u.i.k.n.KeyIO           Parsing took 0 ms 
208952     DEBUG Test worker     d.u.i.k.n.KeyIO           Load declarations of de.uka.ilkd.key.nparser.KeyAst$File:  <unknown>:1#1 
208952     INFO  Test worker     d.u.i.k.n.KeyIO           MODE: declarations took 0 ms 
208952     DEBUG Test worker     d.u.i.k.n.KeyIO           MODE: 2nd degree decls took 0 
208952     DEBUG Test worker     d.u.i.k.n.KeyIO           MODE: taclets took 0ms 
209843     INFO  Test worker     d.u.i.k.n.KeyIO           Parsing took 0 ms 
209843     DEBUG Test worker     d.u.i.k.n.KeyIO           Load declarations of de.uka.ilkd.key.nparser.KeyAst$File:  <unknown>:1#1 
209843     INFO  Test worker     d.u.i.k.n.KeyIO           MODE: declarations took 0 ms 
209858     DEBUG Test worker     d.u.i.k.n.KeyIO           MODE: 2nd degree decls took 15 
209858     DEBUG Test worker     d.u.i.k.n.KeyIO           MODE: taclets took 0ms 
210671     INFO  Test worker     d.u.i.k.n.KeyIO           Parsing took 0 ms 
210671     DEBUG Test worker     d.u.i.k.n.KeyIO           Load declarations of de.uka.ilkd.key.nparser.KeyAst$File:  <unknown>:1#1 
210671     INFO  Test worker     d.u.i.k.n.KeyIO           MODE: declarations took 0 ms 
210671     DEBUG Test worker     d.u.i.k.n.KeyIO           MODE: 2nd degree decls took 0 
210671     DEBUG Test worker     d.u.i.k.n.KeyIO           MODE: taclets took 0ms 
211577     INFO  Test worker     d.u.i.k.n.KeyIO           Parsing took 0 ms 
211577     DEBUG Test worker     d.u.i.k.n.KeyIO           Load declarations of de.uka.ilkd.key.nparser.KeyAst$File:  <unknown>:1#1 
211577     INFO  Test worker     d.u.i.k.n.KeyIO           MODE: declarations took 0 ms 
211577     DEBUG Test worker     d.u.i.k.n.KeyIO           MODE: 2nd degree decls took 0 
211577     DEBUG Test worker     d.u.i.k.n.KeyIO           MODE: taclets took 0ms 
]]></system-out>
  <system-err><![CDATA[]]></system-err>
</testsuite>
