<?xml version="1.0" encoding="UTF-8"?>
<testsuite name="de.uka.ilkd.key.parser.TestTermParserSorts" tests="2" skipped="0" failures="0" errors="0" timestamp="2023-05-01T21:29:08" hostname="fv-az269-311" time="2.758">
  <properties/>
  <testcase name="testParseIntegerArgs()" classname="de.uka.ilkd.key.parser.TestTermParserSorts" time="0.015"/>
  <testcase name="testParseSequencePrettySyntax()" classname="de.uka.ilkd.key.parser.TestTermParserSorts" time="0.004"/>
  <system-out><![CDATA[400266     INFO  Test worker     d.u.i.k.n.KeyIO           Parsing took 0 ms 
400266     DEBUG Test worker     d.u.i.k.n.KeyIO           Load declarations of de.uka.ilkd.key.nparser.KeyAst$File:  <unknown>:1#1 
400266     INFO  Test worker     d.u.i.k.n.KeyIO           MODE: declarations took 0 ms 
400266     DEBUG Test worker     d.u.i.k.n.KeyIO           MODE: 2nd degree decls took 0 
400266     INFO  Test worker     d.u.i.k.n.KeyIO           Parsing took 0 ms 
400266     DEBUG Test worker     d.u.i.k.n.KeyIO           Load declarations of de.uka.ilkd.key.nparser.KeyAst$File:  <unknown>:1#1 
400266     INFO  Test worker     d.u.i.k.n.KeyIO           MODE: declarations took 0 ms 
400266     DEBUG Test worker     d.u.i.k.n.KeyIO           MODE: 2nd degree decls took 0 
400266     INFO  Test worker     d.u.i.k.n.KeyIO           Parsing took 0 ms 
400266     DEBUG Test worker     d.u.i.k.n.KeyIO           Load declarations of de.uka.ilkd.key.nparser.KeyAst$File:  <unknown>:1#1 
400266     INFO  Test worker     d.u.i.k.n.KeyIO           MODE: declarations took 0 ms 
400266     DEBUG Test worker     d.u.i.k.n.KeyIO           MODE: 2nd degree decls took 0 
403027     INFO  Test worker     d.u.i.k.n.KeyIO           Parsing took 0 ms 
403027     DEBUG Test worker     d.u.i.k.n.KeyIO           Load declarations of de.uka.ilkd.key.nparser.KeyAst$File:  <unknown>:1#1 
403027     INFO  Test worker     d.u.i.k.n.KeyIO           MODE: declarations took 0 ms 
403027     DEBUG Test worker     d.u.i.k.n.KeyIO           MODE: 2nd degree decls took 0 
403027     INFO  Test worker     d.u.i.k.n.KeyIO           Parsing took 0 ms 
403027     DEBUG Test worker     d.u.i.k.n.KeyIO           Load declarations of de.uka.ilkd.key.nparser.KeyAst$File:  <unknown>:1#1 
403027     INFO  Test worker     d.u.i.k.n.KeyIO           MODE: declarations took 0 ms 
403027     DEBUG Test worker     d.u.i.k.n.KeyIO           MODE: 2nd degree decls took 0 
403027     INFO  Test worker     d.u.i.k.n.KeyIO           Parsing took 0 ms 
403027     DEBUG Test worker     d.u.i.k.n.KeyIO           Load declarations of de.uka.ilkd.key.nparser.KeyAst$File:  <unknown>:1#1 
403027     INFO  Test worker     d.u.i.k.n.KeyIO           MODE: declarations took 0 ms 
403027     DEBUG Test worker     d.u.i.k.n.KeyIO           MODE: 2nd degree decls took 0 
]]></system-out>
  <system-err><![CDATA[]]></system-err>
</testsuite>
