<?xml version="1.0" encoding="UTF-8"?>
<testsuite name="de.uka.ilkd.key.proof.io.TestZipProofSaving" tests="1" skipped="0" failures="0" errors="0" timestamp="2023-05-01T21:29:16" hostname="fv-az269-311" time="6.562">
  <properties/>
  <testcase name="testZip()" classname="de.uka.ilkd.key.proof.io.TestZipProofSaving" time="6.562"/>
  <system-out><![CDATA[407746     INFO  Test worker     d.u.i.k.p.i.AbstractProblemLoader Loading environment from C:\Users\RUNNER~1\AppData\Local\Temp\keyZipTest9719500083465550097.key 
407746     DEBUG Test worker     d.u.i.k.p.i.AbstractProblemLoader Environment load took 153.2ns 
407746     INFO  Test worker     d.u.i.k.p.i.AbstractProblemLoader Creating init config 
407856     DEBUG Test worker     d.u.i.k.j.TypeConverter   No LDT found for Meta 
407856     DEBUG Test worker     d.u.i.k.j.TypeConverter   No LDT found for Meta 
407856     DEBUG Test worker     d.u.i.k.j.TypeConverter   No LDT found for Meta 
407856     DEBUG Test worker     d.u.i.k.j.TypeConverter   No LDT found for Meta 
408298     DEBUG Test worker     d.u.i.k.j.TypeConverter   No LDT found for JavaBigintExpression 
411392     DEBUG Test worker     d.u.i.k.p.i.AbstractProblemLoader Init config took 3.65s 
411407     INFO  Test worker     d.u.i.k.p.i.AbstractProblemLoader Replaying proof keyZipTest9719500083465550097.key 
411407     DEBUG Test worker     d.u.i.k.p.i.IntermediateProofReplayer Proof replay took 8.6ns 
411536     INFO  Test worker     d.u.i.k.p.i.AbstractProblemLoader Loading environment from C:\Users\RUNNER~1\AppData\Local\Temp\keyZipTest15742488952870644744.proof.gz 
411536     DEBUG Test worker     d.u.i.k.p.i.AbstractProblemLoader Environment load took 431.3ns 
411536     INFO  Test worker     d.u.i.k.p.i.AbstractProblemLoader Creating init config 
414151     DEBUG Test worker     d.u.i.k.p.i.AbstractProblemLoader Init config took 2.61s 
414167     INFO  Test worker     d.u.i.k.p.i.AbstractProblemLoader Replaying proof keyZipTest15742488952870644744.proof.gz 
414182     DEBUG Test worker     d.u.i.k.p.i.IntermediateProofReplayer Proof replay took 4.59ms 
]]></system-out>
  <system-err><![CDATA[]]></system-err>
</testsuite>
