<?xml version="1.0" encoding="UTF-8"?>
<testsuite name="de.uka.ilkd.key.logic.TestClashFreeSubst" tests="14" skipped="2" failures="0" errors="0" timestamp="2023-05-01T21:23:03" hostname="fv-az269-311" time="45.84">
  <properties/>
  <testcase name="testMultiShareBound()" classname="de.uka.ilkd.key.logic.TestClashFreeSubst" time="0.939"/>
  <testcase name="testClash()" classname="de.uka.ilkd.key.logic.TestClashFreeSubst" time="0.866"/>
  <testcase name="testShare()" classname="de.uka.ilkd.key.logic.TestClashFreeSubst" time="0.865"/>
  <testcase name="testSubst()" classname="de.uka.ilkd.key.logic.TestClashFreeSubst" time="0.839"/>
  <testcase name="testWary0()" classname="de.uka.ilkd.key.logic.TestClashFreeSubst" time="0.845"/>
  <testcase name="testWary1()" classname="de.uka.ilkd.key.logic.TestClashFreeSubst" time="0.843"/>
  <testcase name="testWary2()" classname="de.uka.ilkd.key.logic.TestClashFreeSubst" time="0.871"/>
  <testcase name="testClashInSubstTerm()" classname="de.uka.ilkd.key.logic.TestClashFreeSubst" time="0.836"/>
  <testcase name="testShareWary()" classname="de.uka.ilkd.key.logic.TestClashFreeSubst" time="0.839"/>
  <testcase name="testMultiSubst()" classname="de.uka.ilkd.key.logic.TestClashFreeSubst" time="0.831"/>
  <testcase name="xtestMultiClash()" classname="de.uka.ilkd.key.logic.TestClashFreeSubst" time="0.0">
    <skipped/>
  </testcase>
  <testcase name="testSubstInSubstTerm()" classname="de.uka.ilkd.key.logic.TestClashFreeSubst" time="0.852"/>
  <testcase name="testSubstWary()" classname="de.uka.ilkd.key.logic.TestClashFreeSubst" time="0.835"/>
  <testcase name="xtestMultiClash1()" classname="de.uka.ilkd.key.logic.TestClashFreeSubst" time="0.0">
    <skipped/>
  </testcase>
  <system-out><![CDATA[35046      INFO  Test worker     d.u.i.k.n.KeyIO           Parsing took 0 ms 
35046      DEBUG Test worker     d.u.i.k.n.KeyIO           Load declarations of de.uka.ilkd.key.nparser.KeyAst$File:  <unknown>:1#1 
35046      INFO  Test worker     d.u.i.k.n.KeyIO           MODE: declarations took 0 ms 
35046      DEBUG Test worker     d.u.i.k.n.KeyIO           MODE: 2nd degree decls took 0 
35980      INFO  Test worker     d.u.i.k.n.KeyIO           Parsing took 0 ms 
35980      DEBUG Test worker     d.u.i.k.n.KeyIO           Load declarations of de.uka.ilkd.key.nparser.KeyAst$File:  <unknown>:1#1 
35980      INFO  Test worker     d.u.i.k.n.KeyIO           MODE: declarations took 0 ms 
35980      DEBUG Test worker     d.u.i.k.n.KeyIO           MODE: 2nd degree decls took 0 
38857      INFO  Test worker     d.u.i.k.n.KeyIO           Parsing took 0 ms 
38857      DEBUG Test worker     d.u.i.k.n.KeyIO           Load declarations of de.uka.ilkd.key.nparser.KeyAst$File:  <unknown>:1#1 
38857      INFO  Test worker     d.u.i.k.n.KeyIO           MODE: declarations took 0 ms 
38857      DEBUG Test worker     d.u.i.k.n.KeyIO           MODE: 2nd degree decls took 0 
39713      INFO  Test worker     d.u.i.k.n.KeyIO           Parsing took 0 ms 
39713      DEBUG Test worker     d.u.i.k.n.KeyIO           Load declarations of de.uka.ilkd.key.nparser.KeyAst$File:  <unknown>:1#1 
39713      INFO  Test worker     d.u.i.k.n.KeyIO           MODE: declarations took 0 ms 
39713      DEBUG Test worker     d.u.i.k.n.KeyIO           MODE: 2nd degree decls took 0 
42507      INFO  Test worker     d.u.i.k.n.KeyIO           Parsing took 0 ms 
42522      DEBUG Test worker     d.u.i.k.n.KeyIO           Load declarations of de.uka.ilkd.key.nparser.KeyAst$File:  <unknown>:1#1 
42522      INFO  Test worker     d.u.i.k.n.KeyIO           MODE: declarations took 0 ms 
42522      DEBUG Test worker     d.u.i.k.n.KeyIO           MODE: 2nd degree decls took 0 
43368      INFO  Test worker     d.u.i.k.n.KeyIO           Parsing took 0 ms 
43368      DEBUG Test worker     d.u.i.k.n.KeyIO           Load declarations of de.uka.ilkd.key.nparser.KeyAst$File:  <unknown>:1#1 
43368      INFO  Test worker     d.u.i.k.n.KeyIO           MODE: declarations took 0 ms 
43368      DEBUG Test worker     d.u.i.k.n.KeyIO           MODE: 2nd degree decls took 0 
46149      INFO  Test worker     d.u.i.k.n.KeyIO           Parsing took 0 ms 
46149      DEBUG Test worker     d.u.i.k.n.KeyIO           Load declarations of de.uka.ilkd.key.nparser.KeyAst$File:  <unknown>:1#1 
46149      INFO  Test worker     d.u.i.k.n.KeyIO           MODE: declarations took 0 ms 
46149      DEBUG Test worker     d.u.i.k.n.KeyIO           MODE: 2nd degree decls took 0 
46975      INFO  Test worker     d.u.i.k.n.KeyIO           Parsing took 0 ms 
46975      DEBUG Test worker     d.u.i.k.n.KeyIO           Load declarations of de.uka.ilkd.key.nparser.KeyAst$File:  <unknown>:1#1 
46975      INFO  Test worker     d.u.i.k.n.KeyIO           MODE: declarations took 0 ms 
46991      DEBUG Test worker     d.u.i.k.n.KeyIO           MODE: 2nd degree decls took 16 
49690      INFO  Test worker     d.u.i.k.n.KeyIO           Parsing took 0 ms 
49690      DEBUG Test worker     d.u.i.k.n.KeyIO           Load declarations of de.uka.ilkd.key.nparser.KeyAst$File:  <unknown>:1#1 
49690      INFO  Test worker     d.u.i.k.n.KeyIO           MODE: declarations took 0 ms 
49690      DEBUG Test worker     d.u.i.k.n.KeyIO           MODE: 2nd degree decls took 0 
50523      INFO  Test worker     d.u.i.k.n.KeyIO           Parsing took 0 ms 
50523      DEBUG Test worker     d.u.i.k.n.KeyIO           Load declarations of de.uka.ilkd.key.nparser.KeyAst$File:  <unknown>:1#1 
50523      INFO  Test worker     d.u.i.k.n.KeyIO           MODE: declarations took 0 ms 
50523      DEBUG Test worker     d.u.i.k.n.KeyIO           MODE: 2nd degree decls took 0 
53253      INFO  Test worker     d.u.i.k.n.KeyIO           Parsing took 0 ms 
53253      DEBUG Test worker     d.u.i.k.n.KeyIO           Load declarations of de.uka.ilkd.key.nparser.KeyAst$File:  <unknown>:1#1 
53253      INFO  Test worker     d.u.i.k.n.KeyIO           MODE: declarations took 0 ms 
53253      DEBUG Test worker     d.u.i.k.n.KeyIO           MODE: 2nd degree decls took 0 
54085      INFO  Test worker     d.u.i.k.n.KeyIO           Parsing took 0 ms 
54085      DEBUG Test worker     d.u.i.k.n.KeyIO           Load declarations of de.uka.ilkd.key.nparser.KeyAst$File:  <unknown>:1#1 
54085      INFO  Test worker     d.u.i.k.n.KeyIO           MODE: declarations took 0 ms 
54085      DEBUG Test worker     d.u.i.k.n.KeyIO           MODE: 2nd degree decls took 0 
56813      INFO  Test worker     d.u.i.k.n.KeyIO           Parsing took 0 ms 
56813      DEBUG Test worker     d.u.i.k.n.KeyIO           Load declarations of de.uka.ilkd.key.nparser.KeyAst$File:  <unknown>:1#1 
56860      INFO  Test worker     d.u.i.k.n.KeyIO           MODE: declarations took 47 ms 
56860      DEBUG Test worker     d.u.i.k.n.KeyIO           MODE: 2nd degree decls took 0 
57681      INFO  Test worker     d.u.i.k.n.KeyIO           Parsing took 0 ms 
57681      DEBUG Test worker     d.u.i.k.n.KeyIO           Load declarations of de.uka.ilkd.key.nparser.KeyAst$File:  <unknown>:1#1 
57681      INFO  Test worker     d.u.i.k.n.KeyIO           MODE: declarations took 0 ms 
57681      DEBUG Test worker     d.u.i.k.n.KeyIO           MODE: 2nd degree decls took 0 
60375      INFO  Test worker     d.u.i.k.n.KeyIO           Parsing took 0 ms 
60375      DEBUG Test worker     d.u.i.k.n.KeyIO           Load declarations of de.uka.ilkd.key.nparser.KeyAst$File:  <unknown>:1#1 
60375      INFO  Test worker     d.u.i.k.n.KeyIO           MODE: declarations took 0 ms 
60375      DEBUG Test worker     d.u.i.k.n.KeyIO           MODE: 2nd degree decls took 0 
61204      INFO  Test worker     d.u.i.k.n.KeyIO           Parsing took 0 ms 
61204      DEBUG Test worker     d.u.i.k.n.KeyIO           Load declarations of de.uka.ilkd.key.nparser.KeyAst$File:  <unknown>:1#1 
61204      INFO  Test worker     d.u.i.k.n.KeyIO           MODE: declarations took 0 ms 
61204      DEBUG Test worker     d.u.i.k.n.KeyIO           MODE: 2nd degree decls took 0 
63925      INFO  Test worker     d.u.i.k.n.KeyIO           Parsing took 0 ms 
63925      DEBUG Test worker     d.u.i.k.n.KeyIO           Load declarations of de.uka.ilkd.key.nparser.KeyAst$File:  <unknown>:1#1 
63925      INFO  Test worker     d.u.i.k.n.KeyIO           MODE: declarations took 0 ms 
63925      DEBUG Test worker     d.u.i.k.n.KeyIO           MODE: 2nd degree decls took 0 
64755      INFO  Test worker     d.u.i.k.n.KeyIO           Parsing took 0 ms 
64755      DEBUG Test worker     d.u.i.k.n.KeyIO           Load declarations of de.uka.ilkd.key.nparser.KeyAst$File:  <unknown>:1#1 
64755      INFO  Test worker     d.u.i.k.n.KeyIO           MODE: declarations took 0 ms 
64755      DEBUG Test worker     d.u.i.k.n.KeyIO           MODE: 2nd degree decls took 0 
67473      INFO  Test worker     d.u.i.k.n.KeyIO           Parsing took 0 ms 
67473      DEBUG Test worker     d.u.i.k.n.KeyIO           Load declarations of de.uka.ilkd.key.nparser.KeyAst$File:  <unknown>:1#1 
67473      INFO  Test worker     d.u.i.k.n.KeyIO           MODE: declarations took 0 ms 
67473      DEBUG Test worker     d.u.i.k.n.KeyIO           MODE: 2nd degree decls took 0 
68303      INFO  Test worker     d.u.i.k.n.KeyIO           Parsing took 0 ms 
68303      DEBUG Test worker     d.u.i.k.n.KeyIO           Load declarations of de.uka.ilkd.key.nparser.KeyAst$File:  <unknown>:1#1 
68303      INFO  Test worker     d.u.i.k.n.KeyIO           MODE: declarations took 0 ms 
68303      DEBUG Test worker     d.u.i.k.n.KeyIO           MODE: 2nd degree decls took 0 
73695      INFO  Test worker     d.u.i.k.n.KeyIO           Parsing took 0 ms 
73695      DEBUG Test worker     d.u.i.k.n.KeyIO           Load declarations of de.uka.ilkd.key.nparser.KeyAst$File:  <unknown>:1#1 
73695      INFO  Test worker     d.u.i.k.n.KeyIO           MODE: declarations took 0 ms 
73695      DEBUG Test worker     d.u.i.k.n.KeyIO           MODE: 2nd degree decls took 0 
74528      INFO  Test worker     d.u.i.k.n.KeyIO           Parsing took 0 ms 
74528      DEBUG Test worker     d.u.i.k.n.KeyIO           Load declarations of de.uka.ilkd.key.nparser.KeyAst$File:  <unknown>:1#1 
74539      INFO  Test worker     d.u.i.k.n.KeyIO           MODE: declarations took 11 ms 
74539      DEBUG Test worker     d.u.i.k.n.KeyIO           MODE: 2nd degree decls took 0 
77339      INFO  Test worker     d.u.i.k.n.KeyIO           Parsing took 0 ms 
77339      DEBUG Test worker     d.u.i.k.n.KeyIO           Load declarations of de.uka.ilkd.key.nparser.KeyAst$File:  <unknown>:1#1 
77339      INFO  Test worker     d.u.i.k.n.KeyIO           MODE: declarations took 0 ms 
77339      DEBUG Test worker     d.u.i.k.n.KeyIO           MODE: 2nd degree decls took 0 
78173      INFO  Test worker     d.u.i.k.n.KeyIO           Parsing took 0 ms 
78173      DEBUG Test worker     d.u.i.k.n.KeyIO           Load declarations of de.uka.ilkd.key.nparser.KeyAst$File:  <unknown>:1#1 
78173      INFO  Test worker     d.u.i.k.n.KeyIO           MODE: declarations took 0 ms 
78173      DEBUG Test worker     d.u.i.k.n.KeyIO           MODE: 2nd degree decls took 0 
]]></system-out>
  <system-err><![CDATA[]]></system-err>
</testsuite>
