<?xml version="1.0" encoding="UTF-8"?>
<testsuite name="de.uka.ilkd.key.symbolic_execution.testcase.slicing.TestThinBackwardSlicer" tests="44" skipped="0" failures="0" errors="0" timestamp="2023-01-30T18:02:47" hostname="fv-az550-153" time="115.65">
  <properties/>
  <testcase name="testAliasChanged()" classname="de.uka.ilkd.key.symbolic_execution.testcase.slicing.TestThinBackwardSlicer" time="2.659"/>
  <testcase name="testAliasNotAvailable()" classname="de.uka.ilkd.key.symbolic_execution.testcase.slicing.TestThinBackwardSlicer" time="2.654"/>
  <testcase name="testAliasedByExecutionTest()" classname="de.uka.ilkd.key.symbolic_execution.testcase.slicing.TestThinBackwardSlicer" time="2.585"/>
  <testcase name="testAliasing()" classname="de.uka.ilkd.key.symbolic_execution.testcase.slicing.TestThinBackwardSlicer" time="2.561"/>
  <testcase name="testArrayIndexAsVariableFieldTest()" classname="de.uka.ilkd.key.symbolic_execution.testcase.slicing.TestThinBackwardSlicer" time="2.667"/>
  <testcase name="testArrayIndexSideeffectsAfter()" classname="de.uka.ilkd.key.symbolic_execution.testcase.slicing.TestThinBackwardSlicer" time="2.62"/>
  <testcase name="testArrayIndexSideeffectsBevore()" classname="de.uka.ilkd.key.symbolic_execution.testcase.slicing.TestThinBackwardSlicer" time="2.595"/>
  <testcase name="testArrayIndexVariableTest()" classname="de.uka.ilkd.key.symbolic_execution.testcase.slicing.TestThinBackwardSlicer" time="2.625"/>
  <testcase name="testBlockContractAssignableEverything()" classname="de.uka.ilkd.key.symbolic_execution.testcase.slicing.TestThinBackwardSlicer" time="2.632"/>
  <testcase name="testBlockContractAssignableLocationNotRequested()" classname="de.uka.ilkd.key.symbolic_execution.testcase.slicing.TestThinBackwardSlicer" time="2.603"/>
  <testcase name="testBlockContractAssignableRequestedLocation()" classname="de.uka.ilkd.key.symbolic_execution.testcase.slicing.TestThinBackwardSlicer" time="2.611"/>
  <testcase name="testEquivalenceClasses_Index_0()" classname="de.uka.ilkd.key.symbolic_execution.testcase.slicing.TestThinBackwardSlicer" time="2.688"/>
  <testcase name="testEquivalenceClasses_Index_0_no_OSS()" classname="de.uka.ilkd.key.symbolic_execution.testcase.slicing.TestThinBackwardSlicer" time="2.663"/>
  <testcase name="testEquivalenceClasses_Index_1()" classname="de.uka.ilkd.key.symbolic_execution.testcase.slicing.TestThinBackwardSlicer" time="2.665"/>
  <testcase name="testEquivalenceClasses_Index_1_no_OSS()" classname="de.uka.ilkd.key.symbolic_execution.testcase.slicing.TestThinBackwardSlicer" time="2.652"/>
  <testcase name="testFigure2Instance_right()" classname="de.uka.ilkd.key.symbolic_execution.testcase.slicing.TestThinBackwardSlicer" time="2.661"/>
  <testcase name="testFigure2Local_right()" classname="de.uka.ilkd.key.symbolic_execution.testcase.slicing.TestThinBackwardSlicer" time="2.619"/>
  <testcase name="testFigure2Param_right()" classname="de.uka.ilkd.key.symbolic_execution.testcase.slicing.TestThinBackwardSlicer" time="2.621"/>
  <testcase name="testFigure2_left()" classname="de.uka.ilkd.key.symbolic_execution.testcase.slicing.TestThinBackwardSlicer" time="2.66"/>
  <testcase name="testFigure2_right()" classname="de.uka.ilkd.key.symbolic_execution.testcase.slicing.TestThinBackwardSlicer" time="2.64"/>
  <testcase name="testInstanceFieldsAliased()" classname="de.uka.ilkd.key.symbolic_execution.testcase.slicing.TestThinBackwardSlicer" time="2.636"/>
  <testcase name="testIntEndTest()" classname="de.uka.ilkd.key.symbolic_execution.testcase.slicing.TestThinBackwardSlicer" time="2.565"/>
  <testcase name="testLoopInvariantInListFieldsTest()" classname="de.uka.ilkd.key.symbolic_execution.testcase.slicing.TestThinBackwardSlicer" time="2.715"/>
  <testcase name="testLoopInvariantNestedListFieldsTest()" classname="de.uka.ilkd.key.symbolic_execution.testcase.slicing.TestThinBackwardSlicer" time="2.825"/>
  <testcase name="testLoopInvariantNotInListFieldsTest()" classname="de.uka.ilkd.key.symbolic_execution.testcase.slicing.TestThinBackwardSlicer" time="2.711"/>
  <testcase name="testLoopInvariantStarFieldsTest()" classname="de.uka.ilkd.key.symbolic_execution.testcase.slicing.TestThinBackwardSlicer" time="2.699"/>
  <testcase name="testMethodCallTest()" classname="de.uka.ilkd.key.symbolic_execution.testcase.slicing.TestThinBackwardSlicer" time="2.638"/>
  <testcase name="testMethodContractAssignableEverything()" classname="de.uka.ilkd.key.symbolic_execution.testcase.slicing.TestThinBackwardSlicer" time="2.609"/>
  <testcase name="testMethodContractAssignableLocationNotRequested()" classname="de.uka.ilkd.key.symbolic_execution.testcase.slicing.TestThinBackwardSlicer" time="2.603"/>
  <testcase name="testMethodContractAssignableRequestedLocation()" classname="de.uka.ilkd.key.symbolic_execution.testcase.slicing.TestThinBackwardSlicer" time="2.596"/>
  <testcase name="testNestedInstanceAccess_subResult()" classname="de.uka.ilkd.key.symbolic_execution.testcase.slicing.TestThinBackwardSlicer" time="2.633"/>
  <testcase name="testNestedInstanceFields()" classname="de.uka.ilkd.key.symbolic_execution.testcase.slicing.TestThinBackwardSlicer" time="2.592"/>
  <testcase name="testNotAliasedByExecutionTest()" classname="de.uka.ilkd.key.symbolic_execution.testcase.slicing.TestThinBackwardSlicer" time="2.583"/>
  <testcase name="testReadWriteTest()" classname="de.uka.ilkd.key.symbolic_execution.testcase.slicing.TestThinBackwardSlicer" time="2.601"/>
  <testcase name="testSimpleAliasChanged()" classname="de.uka.ilkd.key.symbolic_execution.testcase.slicing.TestThinBackwardSlicer" time="2.578"/>
  <testcase name="testSimpleArrayTest()" classname="de.uka.ilkd.key.symbolic_execution.testcase.slicing.TestThinBackwardSlicer" time="2.587"/>
  <testcase name="testSimpleInstanceFields()" classname="de.uka.ilkd.key.symbolic_execution.testcase.slicing.TestThinBackwardSlicer" time="2.588"/>
  <testcase name="testSimpleLocalVariables()" classname="de.uka.ilkd.key.symbolic_execution.testcase.slicing.TestThinBackwardSlicer" time="2.539"/>
  <testcase name="testSimpleLoopInvariantTest()" classname="de.uka.ilkd.key.symbolic_execution.testcase.slicing.TestThinBackwardSlicer" time="2.588"/>
  <testcase name="testSimpleMultidimensionArrayTest()" classname="de.uka.ilkd.key.symbolic_execution.testcase.slicing.TestThinBackwardSlicer" time="2.673"/>
  <testcase name="testSimpleStaticFields()" classname="de.uka.ilkd.key.symbolic_execution.testcase.slicing.TestThinBackwardSlicer" time="2.565"/>
  <testcase name="testSimpleStaticLoopInvariantTest()" classname="de.uka.ilkd.key.symbolic_execution.testcase.slicing.TestThinBackwardSlicer" time="2.654"/>
  <testcase name="testSimpleThisInstanceFields()" classname="de.uka.ilkd.key.symbolic_execution.testcase.slicing.TestThinBackwardSlicer" time="2.558"/>
  <testcase name="testValueChange()" classname="de.uka.ilkd.key.symbolic_execution.testcase.slicing.TestThinBackwardSlicer" time="2.623"/>
  <system-out><![CDATA[1032251    WARN  Test worker     d.u.i.k.p.i.IntermediateProofReplayer Proof contains wrong number of \assumes instatiations for Partial_inv_axiom_for_JML_class_invariant_nr_0_in_AliasChanged 
1032251    WARN  Test worker     d.u.i.k.p.i.IntermediateProofReplayer Proof contains wrong number of \assumes instatiations for Partial_inv_axiom_for_JML_class_invariant_nr_0_in_AliasChanged 
1032265    WARN  Test worker     d.u.i.k.p.i.IntermediateProofReplayer Proof contains wrong number of \assumes instatiations for Partial_inv_axiom_for_JML_class_invariant_nr_0_in_AliasChanged 
1032265    WARN  Test worker     d.u.i.k.p.i.IntermediateProofReplayer Proof contains wrong number of \assumes instatiations for Partial_inv_axiom_for_JML_class_invariant_nr_0_in_AliasChanged 
1034920    WARN  Test worker     d.u.i.k.p.i.IntermediateProofReplayer Proof contains wrong number of \assumes instatiations for Partial_inv_axiom_for_JML_class_invariant_nr_0_in_AliasNotAvailable 
1034920    WARN  Test worker     d.u.i.k.p.i.IntermediateProofReplayer Proof contains wrong number of \assumes instatiations for Partial_inv_axiom_for_JML_class_invariant_nr_0_in_AliasNotAvailable 
1034922    WARN  Test worker     d.u.i.k.p.i.IntermediateProofReplayer Proof contains wrong number of \assumes instatiations for Partial_inv_axiom_for_JML_class_invariant_nr_0_in_AliasNotAvailable 
1034922    WARN  Test worker     d.u.i.k.p.i.IntermediateProofReplayer Proof contains wrong number of \assumes instatiations for Partial_inv_axiom_for_JML_class_invariant_nr_0_in_AliasNotAvailable 
1084928    WARN  Test worker     d.u.i.k.p.i.IntermediateProofReplayer Proof contains wrong number of \assumes instatiations for Partial_inv_axiom_for_JML_class_invariant_nr_0_in_InstanceFieldsAliased 
1084928    WARN  Test worker     d.u.i.k.p.i.IntermediateProofReplayer Proof contains wrong number of \assumes instatiations for Partial_inv_axiom_for_JML_class_invariant_nr_0_in_InstanceFieldsAliased 
1084946    WARN  Test worker     d.u.i.k.p.i.IntermediateProofReplayer Proof contains wrong number of \assumes instatiations for Partial_inv_axiom_for_JML_class_invariant_nr_0_in_InstanceFieldsAliased 
1084946    WARN  Test worker     d.u.i.k.p.i.IntermediateProofReplayer Proof contains wrong number of \assumes instatiations for Partial_inv_axiom_for_JML_class_invariant_nr_0_in_InstanceFieldsAliased 
1092838    WARN  Test worker     d.u.i.k.p.i.IntermediateProofReplayer Proof contains wrong number of \assumes instatiations for Partial_inv_axiom_for_JML_class_invariant_nr_1_in_LoopInvariantNestedListFieldsTest 
1092838    WARN  Test worker     d.u.i.k.p.i.IntermediateProofReplayer Proof contains wrong number of \assumes instatiations for Partial_inv_axiom_for_JML_class_invariant_nr_2_in_LoopInvariantNestedListFieldsTest 
1092839    WARN  Test worker     d.u.i.k.p.i.IntermediateProofReplayer Proof contains wrong number of \assumes instatiations for Partial_inv_axiom_for_JML_class_invariant_nr_0_in_LoopInvariantNestedListFieldsTest 
1092913    WARN  Test worker     d.u.i.k.p.i.IntermediateProofReplayer Proof contains wrong number of \assumes instatiations for Partial_inv_axiom_for_JML_class_invariant_nr_2_in_LoopInvariantNestedListFieldsTest 
1092913    WARN  Test worker     d.u.i.k.p.i.IntermediateProofReplayer Proof contains wrong number of \assumes instatiations for Partial_inv_axiom_for_JML_class_invariant_nr_0_in_LoopInvariantNestedListFieldsTest 
1092913    WARN  Test worker     d.u.i.k.p.i.IntermediateProofReplayer Proof contains wrong number of \assumes instatiations for Partial_inv_axiom_for_JML_class_invariant_nr_1_in_LoopInvariantNestedListFieldsTest 
1092993    WARN  Test worker     d.u.i.k.p.i.IntermediateProofReplayer Proof contains wrong number of \assumes instatiations for Partial_inv_axiom_for_JML_class_invariant_nr_2_in_LoopInvariantNestedListFieldsTest 
1092993    WARN  Test worker     d.u.i.k.p.i.IntermediateProofReplayer Proof contains wrong number of \assumes instatiations for Partial_inv_axiom_for_JML_class_invariant_nr_1_in_LoopInvariantNestedListFieldsTest 
1092994    WARN  Test worker     d.u.i.k.p.i.IntermediateProofReplayer Proof contains wrong number of \assumes instatiations for Partial_inv_axiom_for_JML_class_invariant_nr_0_in_LoopInvariantNestedListFieldsTest 
1111567    WARN  Test worker     d.u.i.k.p.i.IntermediateProofReplayer Proof contains wrong number of \assumes instatiations for Class_invariant_axiom_for_java_lang_Class 
1111569    WARN  Test worker     d.u.i.k.p.i.IntermediateProofReplayer Proof contains wrong number of \assumes instatiations for Class_invariant_axiom_for_java_lang_Character 
1114126    WARN  Test worker     d.u.i.k.p.i.IntermediateProofReplayer Proof contains wrong number of \assumes instatiations for Partial_inv_axiom_for_JML_class_invariant_nr_0_in_NestedInstanceFields 
1114139    WARN  Test worker     d.u.i.k.p.i.IntermediateProofReplayer Proof contains wrong number of \assumes instatiations for Partial_inv_axiom_for_JML_class_invariant_nr_0_in_NestedInstanceFields 
]]></system-out>
  <system-err><![CDATA[]]></system-err>
</testsuite>
