<?xml version="1.0" encoding="UTF-8"?>
<testsuite name="de.uka.ilkd.key.java.TestContextStatementBlock" tests="1" skipped="0" failures="0" errors="0" timestamp="2023-06-09T14:36:22" hostname="fv-az479-659" time="5.225">
  <properties/>
  <testcase name="testContextTermInstantiation()" classname="de.uka.ilkd.key.java.TestContextStatementBlock" time="5.225"/>
  <system-out><![CDATA[]]></system-out>
  <system-err><![CDATA[659        WARN  Test worker     d.u.i.k.s.ProofSettings   No proof-settings could be loaded, using defaults java.io.FileNotFoundException: C:\Users\runneradmin\.key\proof-settings.props (The system cannot find the path specified)
	at java.base/java.io.FileInputStream.open0(Native Method)

3218       ERROR Test worker     d.u.i.k.j.KeYJPMapping    Duplicate registration of node: boolean, formerNode: /*@ pure @*/
boolean 
3305       ERROR Test worker     d.u.i.k.j.KeYJPMapping    Duplicate registration of node: Object, formerNode: java.lang.Object 
3315       ERROR Test worker     d.u.i.k.j.KeYJPMapping    Duplicate registration of node: Object, formerNode: java.lang.Object 
3331       ERROR Test worker     d.u.i.k.j.KeYJPMapping    Duplicate registration of node: Annotation, formerNode: Annotation 
3398       ERROR Test worker     d.u.i.k.j.KeYJPMapping    Duplicate registration of node: ArithmeticException, formerNode: ArithmeticException 
3423       ERROR Test worker     d.u.i.k.j.KeYJPMapping    Duplicate registration of node: ArrayIndexOutOfBoundsException, formerNode: ArrayIndexOutOfBoundsException 
3440       ERROR Test worker     d.u.i.k.j.KeYJPMapping    Duplicate registration of node: ArrayStoreException, formerNode: ArrayStoreException 
3457       ERROR Test worker     d.u.i.k.j.KeYJPMapping    Duplicate registration of node: AssertionError, formerNode: AssertionError 
3471       ERROR Test worker     d.u.i.k.j.KeYJPMapping    Duplicate registration of node: Character, formerNode: Character 
3479       ERROR Test worker     d.u.i.k.j.KeYJPMapping    Duplicate registration of node: Class, formerNode: java.lang.Class 
3481       ERROR Test worker     d.u.i.k.j.KeYJPMapping    Duplicate registration of node: Class, formerNode: java.lang.Class 
3493       ERROR Test worker     d.u.i.k.j.KeYJPMapping    Duplicate registration of node: ClassCastException, formerNode: ClassCastException 
3503       ERROR Test worker     d.u.i.k.j.KeYJPMapping    Duplicate registration of node: CloneNotSupportedException, formerNode: CloneNotSupportedException 
3507       ERROR Test worker     d.u.i.k.j.KeYJPMapping    Duplicate registration of node: Cloneable, formerNode: Cloneable 
3529       ERROR Test worker     d.u.i.k.j.KeYJPMapping    Duplicate registration of node: Comparable, formerNode: Comparable 
3541       ERROR Test worker     d.u.i.k.j.KeYJPMapping    Duplicate registration of node: Double, formerNode: Double 
3566       ERROR Test worker     d.u.i.k.j.KeYJPMapping    Duplicate registration of node: Enum, formerNode: java.lang.Enum 
3566       ERROR Test worker     d.u.i.k.j.KeYJPMapping    Duplicate registration of node: Enum, formerNode: java.lang.Enum 
3597       ERROR Test worker     d.u.i.k.j.KeYJPMapping    Duplicate registration of node: Error, formerNode: Error 
3613       ERROR Test worker     d.u.i.k.j.KeYJPMapping    Duplicate registration of node: Exception, formerNode: Exception 
3628       ERROR Test worker     d.u.i.k.j.KeYJPMapping    Duplicate registration of node: ExceptionInInitializerError, formerNode: java.lang.ExceptionInInitializerError 
3628       ERROR Test worker     d.u.i.k.j.KeYJPMapping    Duplicate registration of node: ExceptionInInitializerError, formerNode: java.lang.ExceptionInInitializerError 
3628       ERROR Test worker     d.u.i.k.j.KeYJPMapping    Duplicate registration of node: Float, formerNode: Float 
3628       ERROR Test worker     d.u.i.k.j.KeYJPMapping    Duplicate registration of node: IllegalArgumentException, formerNode: IllegalArgumentException 
3644       ERROR Test worker     d.u.i.k.j.KeYJPMapping    Duplicate registration of node: IndexOutOfBoundsException, formerNode: IndexOutOfBoundsException 
3706       ERROR Test worker     d.u.i.k.j.KeYJPMapping    Duplicate registration of node: Integer, formerNode: java.lang.Integer 
3706       ERROR Test worker     d.u.i.k.j.KeYJPMapping    Duplicate registration of node: Integer, formerNode: java.lang.Integer 
3722       ERROR Test worker     d.u.i.k.j.KeYJPMapping    Duplicate registration of node: InterruptedException, formerNode: InterruptedException 
3722       ERROR Test worker     d.u.i.k.j.KeYJPMapping    Duplicate registration of node: Iterable, formerNode: Iterable 
3722       ERROR Test worker     d.u.i.k.j.KeYJPMapping    Duplicate registration of node: LinkageError, formerNode: LinkageError 
3785       ERROR Test worker     d.u.i.k.j.KeYJPMapping    Duplicate registration of node: Math, formerNode: Math 
3785       ERROR Test worker     d.u.i.k.j.KeYJPMapping    Duplicate registration of node: NegativeArraySizeException, formerNode: NegativeArraySizeException 
3800       ERROR Test worker     d.u.i.k.j.KeYJPMapping    Duplicate registration of node: NoClassDefFoundError, formerNode: java.lang.NoClassDefFoundError 
3800       ERROR Test worker     d.u.i.k.j.KeYJPMapping    Duplicate registration of node: NoClassDefFoundError, formerNode: java.lang.NoClassDefFoundError 
3800       ERROR Test worker     d.u.i.k.j.KeYJPMapping    Duplicate registration of node: NullPointerException, formerNode: NullPointerException 
3800       ERROR Test worker     d.u.i.k.j.KeYJPMapping    Duplicate registration of node: Number, formerNode: Number 
3816       ERROR Test worker     d.u.i.k.j.KeYJPMapping    Duplicate registration of node: NumberFormatException, formerNode: NumberFormatException 
3816       ERROR Test worker     d.u.i.k.j.KeYJPMapping    Duplicate registration of node: VirtualMachineError, formerNode: VirtualMachineError 
3816       ERROR Test worker     d.u.i.k.j.KeYJPMapping    Duplicate registration of node: OutOfMemoryError, formerNode: OutOfMemoryError 
3831       ERROR Test worker     d.u.i.k.j.KeYJPMapping    Duplicate registration of node: Runnable, formerNode: Runnable 
3831       ERROR Test worker     d.u.i.k.j.KeYJPMapping    Duplicate registration of node: RuntimeException, formerNode: RuntimeException 
3831       ERROR Test worker     d.u.i.k.j.KeYJPMapping    Duplicate registration of node: /*@pure*/
int, formerNode: int 
3863       ERROR Test worker     d.u.i.k.j.KeYJPMapping    Duplicate registration of node: /*@ helper */
int, formerNode: int 
3863       ERROR Test worker     d.u.i.k.j.KeYJPMapping    Duplicate registration of node: /*@ helper */
boolean, formerNode: /*@ pure @*/
boolean 
3932       ERROR Test worker     d.u.i.k.j.KeYJPMapping    Duplicate registration of node: /*@ helper */
java.lang.String, formerNode: java.lang.String 
3964       ERROR Test worker     d.u.i.k.j.KeYJPMapping    Duplicate registration of node: String, formerNode: java.lang.String 
4014       ERROR Test worker     d.u.i.k.j.KeYJPMapping    Duplicate registration of node: String, formerNode: java.lang.String 
4020       ERROR Test worker     d.u.i.k.j.KeYJPMapping    Duplicate registration of node: char, formerNode: /*@ helper */
char 
4026       ERROR Test worker     d.u.i.k.j.KeYJPMapping    Duplicate registration of node: StringBuffer, formerNode: StringBuffer 
4037       ERROR Test worker     d.u.i.k.j.KeYJPMapping    Duplicate registration of node: System, formerNode: System 
4037       ERROR Test worker     d.u.i.k.j.KeYJPMapping    Duplicate registration of node: Thread, formerNode: Thread 
4052       ERROR Test worker     d.u.i.k.j.KeYJPMapping    Duplicate registration of node: Throwable, formerNode: java.lang.Throwable 
4052       ERROR Test worker     d.u.i.k.j.KeYJPMapping    Duplicate registration of node: Throwable, formerNode: java.lang.Throwable 
4068       ERROR Test worker     d.u.i.k.j.KeYJPMapping    Duplicate registration of node: Collection, formerNode: Collection 
4068       ERROR Test worker     d.u.i.k.j.KeYJPMapping    Duplicate registration of node: Iterator, formerNode: java.util.Iterator 
4068       ERROR Test worker     d.u.i.k.j.KeYJPMapping    Duplicate registration of node: Iterator, formerNode: java.util.Iterator 
4083       ERROR Test worker     d.u.i.k.j.KeYJPMapping    Duplicate registration of node: List, formerNode: java.util.List 
4083       ERROR Test worker     d.u.i.k.j.KeYJPMapping    Duplicate registration of node: List, formerNode: java.util.List 
4083       ERROR Test worker     d.u.i.k.j.KeYJPMapping    Duplicate registration of node: ListIterator, formerNode: java.util.ListIterator 
4083       ERROR Test worker     d.u.i.k.j.KeYJPMapping    Duplicate registration of node: ListIterator, formerNode: java.util.ListIterator 
4083       ERROR Test worker     d.u.i.k.j.KeYJPMapping    Duplicate registration of node: Long, formerNode: Long 
4099       ERROR Test worker     d.u.i.k.j.KeYJPMapping    Duplicate registration of node: Boolean, formerNode: Boolean 
4099       ERROR Test worker     d.u.i.k.j.KeYJPMapping    Duplicate registration of node: Map, formerNode: Map 
4115       ERROR Test worker     d.u.i.k.j.KeYJPMapping    Duplicate registration of node: Set, formerNode: java.util.Set 
4115       ERROR Test worker     d.u.i.k.j.KeYJPMapping    Duplicate registration of node: Set, formerNode: java.util.Set 
4115       ERROR Test worker     d.u.i.k.j.KeYJPMapping    Duplicate registration of node: FilterOutputStream, formerNode: FilterOutputStream 
4115       ERROR Test worker     d.u.i.k.j.KeYJPMapping    Duplicate registration of node: InputStream, formerNode: java.io.InputStream 
4115       ERROR Test worker     d.u.i.k.j.KeYJPMapping    Duplicate registration of node: InputStream, formerNode: java.io.InputStream 
4130       ERROR Test worker     d.u.i.k.j.KeYJPMapping    Duplicate registration of node: IOException, formerNode: IOException 
4130       ERROR Test worker     d.u.i.k.j.KeYJPMapping    Duplicate registration of node: OutputStream, formerNode: java.io.OutputStream 
4130       ERROR Test worker     d.u.i.k.j.KeYJPMapping    Duplicate registration of node: OutputStream, formerNode: java.io.OutputStream 
4146       ERROR Test worker     d.u.i.k.j.KeYJPMapping    Duplicate registration of node: PrintStream, formerNode: java.io.PrintStream 
4162       ERROR Test worker     d.u.i.k.j.KeYJPMapping    Duplicate registration of node: PrintStream, formerNode: java.io.PrintStream 
4162       ERROR Test worker     d.u.i.k.j.KeYJPMapping    Duplicate registration of node: Serializable, formerNode: Serializable 
4162       ERROR Test worker     d.u.i.k.j.KeYJPMapping    Duplicate registration of node: BigInteger, formerNode: java.math.BigInteger 
4162       ERROR Test worker     d.u.i.k.j.KeYJPMapping    Duplicate registration of node: BigInteger, formerNode: java.math.BigInteger 
4177       ERROR Test worker     d.u.i.k.j.KeYJPMapping    Duplicate registration of node: ArrayList, formerNode: ArrayList 
4177       ERROR Test worker     d.u.i.k.j.KeYJPMapping    Duplicate registration of node: byte[], formerNode: byte[] 
4255       ERROR Test worker     d.u.i.k.j.KeYJPMapping    Duplicate registration of node: Arrays, formerNode: Arrays 
4271       ERROR Test worker     d.u.i.k.j.KeYJPMapping    Duplicate registration of node: ListIteratorImpl, formerNode: ListIteratorImpl 
4271       ERROR Test worker     d.u.i.k.j.KeYJPMapping    Duplicate registration of node: Date, formerNode: Date 
4271       ERROR Test worker     d.u.i.k.j.KeYJPMapping    Duplicate registration of node: LinkedHashMap, formerNode: LinkedHashMap 
4271       ERROR Test worker     d.u.i.k.j.KeYJPMapping    Duplicate registration of node: /*@pure@*/
String, formerNode: /*@strictly_pure*/
java.lang.String 
4271       ERROR Test worker     d.u.i.k.j.KeYJPMapping    Duplicate registration of node: LinkedList, formerNode: LinkedList 
4380       INFO  Test worker     d.u.i.k.n.KeyIO           Parsing took 15 ms 
4380       DEBUG Test worker     d.u.i.k.n.KeyIO           Load declarations of de.uka.ilkd.key.nparser.KeyAst$File:  D:\a\key\key\key.core\src\test\resources\testcase\testrules.key:9#1 
4380       INFO  Test worker     d.u.i.k.n.KeyIO           MODE: declarations took 0 ms 
4380       DEBUG Test worker     d.u.i.k.n.KeyIO           MODE: 2nd degree decls took 0 
4865       ERROR Test worker     d.u.i.k.j.KeYJPMapping    Duplicate registration of node: --#v;, formerNode: --#v 
4880       ERROR Test worker     d.u.i.k.j.KeYJPMapping    Duplicate registration of node: #v = #e;, formerNode: #v = #e 
4896       ERROR Test worker     d.u.i.k.j.KeYJPMapping    Duplicate registration of node: #t, formerNode: #t 
4896       DEBUG Test worker     d.u.i.k.n.KeyIO           MODE: taclets took 516ms 
]]></system-err>
</testsuite>
