<?xml version="1.0" encoding="UTF-8"?>
<testsuite name="de.uka.ilkd.key.logic.TestClashFreeSubst" tests="14" skipped="0" failures="14" errors="0" timestamp="2023-06-09T14:36:33" hostname="fv-az479-659" time="7.487">
  <properties/>
  <testcase name="testMultiShareBound()" classname="de.uka.ilkd.key.logic.TestClashFreeSubst" time="0.001">
    <failure message="java.lang.NullPointerException: Cannot invoke &quot;de.uka.ilkd.key.java.JavaService.getProgramFactory()&quot; because &quot;this.javaService&quot; is null" type="java.lang.NullPointerException">java.lang.NullPointerException: Cannot invoke &quot;de.uka.ilkd.key.java.JavaService.getProgramFactory()&quot; because &quot;this.javaService&quot; is null
	at de.uka.ilkd.key.java.KeYProgModelInfo.isPackage(KeYProgModelInfo.java:213)
	at de.uka.ilkd.key.java.JavaInfo.isPackage(JavaInfo.java:221)
	at de.uka.ilkd.key.speclang.translation.SLExpressionResolver.trimPackageRef(SLExpressionResolver.java:43)
	at de.uka.ilkd.key.speclang.translation.SLExpressionResolver.areInSamePackage(SLExpressionResolver.java:62)
	at de.uka.ilkd.key.speclang.translation.SLExpressionResolver.isVisibleHelper(SLExpressionResolver.java:103)
	at de.uka.ilkd.key.speclang.translation.SLExpressionResolver.isVisible(SLExpressionResolver.java:114)
	at de.uka.ilkd.key.speclang.translation.SLAttributeResolver.lookupVisibleAttribute(SLAttributeResolver.java:37)
	at de.uka.ilkd.key.speclang.translation.SLAttributeResolver.doResolving(SLAttributeResolver.java:94)
	at de.uka.ilkd.key.speclang.translation.SLExpressionResolver.resolve(SLExpressionResolver.java:149)
	at de.uka.ilkd.key.speclang.translation.SLResolverManager.resolveExplicit(SLResolverManager.java:137)
	at de.uka.ilkd.key.speclang.translation.SLResolverManager.resolveImplicit(SLResolverManager.java:112)
	at de.uka.ilkd.key.speclang.translation.SLResolverManager.resolveIt(SLResolverManager.java:159)
	at de.uka.ilkd.key.speclang.translation.SLResolverManager.resolve(SLResolverManager.java:195)
	at de.uka.ilkd.key.speclang.njml.Translator.lookupIdentifier(Translator.java:924)
	at de.uka.ilkd.key.speclang.njml.Translator.visitIdent(Translator.java:882)
	at de.uka.ilkd.key.speclang.njml.JmlParser$IdentContext.accept(JmlParser.java:8637)
	at org.antlr.v4.runtime.tree.AbstractParseTreeVisitor.visitChildren(AbstractParseTreeVisitor.java:46)
	at de.uka.ilkd.key.speclang.njml.JmlParserBaseVisitor.visitPrimaryexpr(JmlParserBaseVisitor.java:724)
	at de.uka.ilkd.key.speclang.njml.JmlParser$PrimaryexprContext.accept(JmlParser.java:8399)
	at de.uka.ilkd.key.speclang.njml.Translator.accept(Translator.java:128)
	at de.uka.ilkd.key.speclang.njml.Translator.visitPostfixexpr(Translator.java:854)
	at de.uka.ilkd.key.speclang.njml.Translator.visitPostfixexpr(Translator.java:63)
	at de.uka.ilkd.key.speclang.njml.JmlParser$PostfixexprContext.accept(JmlParser.java:8315)
	at de.uka.ilkd.key.speclang.njml.Translator.accept(Translator.java:128)
	at de.uka.ilkd.key.speclang.njml.Translator.visitUnaryexprnotplusminus(Translator.java:840)
	at de.uka.ilkd.key.speclang.njml.JmlParser$UnaryexprnotplusminusContext.accept(JmlParser.java:8146)
	at de.uka.ilkd.key.speclang.njml.Translator.accept(Translator.java:128)
	at de.uka.ilkd.key.speclang.njml.Translator.oneOf(Translator.java:147)
	at de.uka.ilkd.key.speclang.njml.Translator.visitUnaryexpr(Translator.java:800)
	at de.uka.ilkd.key.speclang.njml.Translator.visitUnaryexpr(Translator.java:63)
	at de.uka.ilkd.key.speclang.njml.JmlParser$UnaryexprContext.accept(JmlParser.java:8002)
	at de.uka.ilkd.key.speclang.njml.Translator.accept(Translator.java:128)
	at de.uka.ilkd.key.speclang.njml.Translator.lambda$mapOf$0(Translator.java:133)
	at java.base/java.util.stream.ReferencePipeline$3$1.accept(ReferencePipeline.java:197)
	at java.base/java.util.ArrayList$ArrayListSpliterator.forEachRemaining(ArrayList.java:1625)
	at java.base/java.util.stream.AbstractPipeline.copyInto(AbstractPipeline.java:509)
	at java.base/java.util.stream.AbstractPipeline.wrapAndCopyInto(AbstractPipeline.java:499)
	at java.base/java.util.stream.ReduceOps$ReduceOp.evaluateSequential(ReduceOps.java:921)
	at java.base/java.util.stream.AbstractPipeline.evaluate(AbstractPipeline.java:234)
	at java.base/java.util.stream.ReferencePipeline.collect(ReferencePipeline.java:682)
	at de.uka.ilkd.key.speclang.njml.Translator.mapOf(Translator.java:133)
	at de.uka.ilkd.key.speclang.njml.Translator.visitMultexpr(Translator.java:737)
	at de.uka.ilkd.key.speclang.njml.JmlParser$MultexprContext.accept(JmlParser.java:7921)
	at de.uka.ilkd.key.speclang.njml.Translator.accept(Translator.java:128)
	at de.uka.ilkd.key.speclang.njml.Translator.lambda$mapOf$0(Translator.java:133)
	at java.base/java.util.stream.ReferencePipeline$3$1.accept(ReferencePipeline.java:197)
	at java.base/java.util.ArrayList$ArrayListSpliterator.forEachRemaining(ArrayList.java:1625)
	at java.base/java.util.stream.AbstractPipeline.copyInto(AbstractPipeline.java:509)
	at java.base/java.util.stream.AbstractPipeline.wrapAndCopyInto(AbstractPipeline.java:499)
	at java.base/java.util.stream.ReduceOps$ReduceOp.evaluateSequential(ReduceOps.java:921)
	at java.base/java.util.stream.AbstractPipeline.evaluate(AbstractPipeline.java:234)
	at java.base/java.util.stream.ReferencePipeline.collect(ReferencePipeline.java:682)
	at de.uka.ilkd.key.speclang.njml.Translator.mapOf(Translator.java:133)
	at de.uka.ilkd.key.speclang.njml.Translator.visitAdditiveexpr(Translator.java:720)
	at de.uka.ilkd.key.speclang.njml.JmlParser$AdditiveexprContext.accept(JmlParser.java:7829)
	at de.uka.ilkd.key.speclang.njml.Translator.accept(Translator.java:128)
	at de.uka.ilkd.key.speclang.njml.Translator.lambda$mapOf$0(Translator.java:133)
	at java.base/java.util.stream.ReferencePipeline$3$1.accept(ReferencePipeline.java:197)
	at java.base/java.util.ArrayList$ArrayListSpliterator.forEachRemaining(ArrayList.java:1625)
	at java.base/java.util.stream.AbstractPipeline.copyInto(AbstractPipeline.java:509)
	at java.base/java.util.stream.AbstractPipeline.wrapAndCopyInto(AbstractPipeline.java:499)
	at java.base/java.util.stream.ReduceOps$ReduceOp.evaluateSequential(ReduceOps.java:921)
	at java.base/java.util.stream.AbstractPipeline.evaluate(AbstractPipeline.java:234)
	at java.base/java.util.stream.ReferencePipeline.collect(ReferencePipeline.java:682)
	at de.uka.ilkd.key.speclang.njml.Translator.mapOf(Translator.java:133)
	at de.uka.ilkd.key.speclang.njml.Translator.visitShiftexpr(Translator.java:703)
	at de.uka.ilkd.key.speclang.njml.JmlParser$ShiftexprContext.accept(JmlParser.java:7742)
	at de.uka.ilkd.key.speclang.njml.Translator.accept(Translator.java:128)
	at de.uka.ilkd.key.speclang.njml.Translator.oneOf(Translator.java:147)
	at de.uka.ilkd.key.speclang.njml.Translator.visitRelationalexpr(Translator.java:494)
	at de.uka.ilkd.key.speclang.njml.JmlParser$RelationalexprContext.accept(JmlParser.java:7344)
	at de.uka.ilkd.key.speclang.njml.Translator.accept(Translator.java:128)
	at de.uka.ilkd.key.speclang.njml.Translator.lambda$mapOf$0(Translator.java:133)
	at java.base/java.util.stream.ReferencePipeline$3$1.accept(ReferencePipeline.java:197)
	at java.base/java.util.ArrayList$ArrayListSpliterator.forEachRemaining(ArrayList.java:1625)
	at java.base/java.util.stream.AbstractPipeline.copyInto(AbstractPipeline.java:509)
	at java.base/java.util.stream.AbstractPipeline.wrapAndCopyInto(AbstractPipeline.java:499)
	at java.base/java.util.stream.ReduceOps$ReduceOp.evaluateSequential(ReduceOps.java:921)
	at java.base/java.util.stream.AbstractPipeline.evaluate(AbstractPipeline.java:234)
	at java.base/java.util.stream.ReferencePipeline.collect(ReferencePipeline.java:682)
	at de.uka.ilkd.key.speclang.njml.Translator.mapOf(Translator.java:133)
	at de.uka.ilkd.key.speclang.njml.Translator.visitEqualityexpr(Translator.java:562)
	at de.uka.ilkd.key.speclang.njml.Translator.visitEqualityexpr(Translator.java:63)
	at de.uka.ilkd.key.speclang.njml.JmlParser$EqualityexprContext.accept(JmlParser.java:7270)
	at de.uka.ilkd.key.speclang.njml.Translator.accept(Translator.java:128)
	at de.uka.ilkd.key.speclang.njml.Translator.visitAndexpr(Translator.java:544)
	at de.uka.ilkd.key.speclang.njml.JmlParser$AndexprContext.accept(JmlParser.java:7201)
	at de.uka.ilkd.key.speclang.njml.Translator.accept(Translator.java:128)
	at de.uka.ilkd.key.speclang.njml.Translator.visitExclusiveorexpr(Translator.java:529)
	at de.uka.ilkd.key.speclang.njml.JmlParser$ExclusiveorexprContext.accept(JmlParser.java:7132)
	at de.uka.ilkd.key.speclang.njml.Translator.accept(Translator.java:128)
	at de.uka.ilkd.key.speclang.njml.Translator.visitInclusiveorexpr(Translator.java:514)
	at de.uka.ilkd.key.speclang.njml.JmlParser$InclusiveorexprContext.accept(JmlParser.java:7063)
	at de.uka.ilkd.key.speclang.njml.Translator.accept(Translator.java:128)
	at de.uka.ilkd.key.speclang.njml.Translator.visitLogicalandexpr(Translator.java:501)
	at de.uka.ilkd.key.speclang.njml.JmlParser$LogicalandexprContext.accept(JmlParser.java:6994)
	at de.uka.ilkd.key.speclang.njml.Translator.accept(Translator.java:128)
	at de.uka.ilkd.key.speclang.njml.Translator.visitLogicalorexpr(Translator.java:482)
	at de.uka.ilkd.key.speclang.njml.Translator.visitLogicalorexpr(Translator.java:63)
	at de.uka.ilkd.key.speclang.njml.JmlParser$LogicalorexprContext.accept(JmlParser.java:6925)
	at de.uka.ilkd.key.speclang.njml.Translator.accept(Translator.java:128)
	at de.uka.ilkd.key.speclang.njml.Translator.visitImpliesexpr(Translator.java:446)
	at de.uka.ilkd.key.speclang.njml.JmlParser$ImpliesexprContext.accept(JmlParser.java:6662)
	at de.uka.ilkd.key.speclang.njml.Translator.accept(Translator.java:128)
	at de.uka.ilkd.key.speclang.njml.Translator.lambda$mapOf$0(Translator.java:133)
	at java.base/java.util.stream.ReferencePipeline$3$1.accept(ReferencePipeline.java:197)
	at java.base/java.util.ArrayList$ArrayListSpliterator.forEachRemaining(ArrayList.java:1625)
	at java.base/java.util.stream.AbstractPipeline.copyInto(AbstractPipeline.java:509)
	at java.base/java.util.stream.AbstractPipeline.wrapAndCopyInto(AbstractPipeline.java:499)
	at java.base/java.util.stream.ReduceOps$ReduceOp.evaluateSequential(ReduceOps.java:921)
	at java.base/java.util.stream.AbstractPipeline.evaluate(AbstractPipeline.java:234)
	at java.base/java.util.stream.ReferencePipeline.collect(ReferencePipeline.java:682)
	at de.uka.ilkd.key.speclang.njml.Translator.mapOf(Translator.java:133)
	at de.uka.ilkd.key.speclang.njml.Translator.visitEquivalenceexpr(Translator.java:426)
	at de.uka.ilkd.key.speclang.njml.JmlParser$EquivalenceexprContext.accept(JmlParser.java:6585)
	at de.uka.ilkd.key.speclang.njml.Translator.accept(Translator.java:128)
	at de.uka.ilkd.key.speclang.njml.Translator.visitConditionalexpr(Translator.java:412)
	at de.uka.ilkd.key.speclang.njml.Translator.visitConditionalexpr(Translator.java:63)
	at de.uka.ilkd.key.speclang.njml.JmlParser$ConditionalexprContext.accept(JmlParser.java:6516)
	at de.uka.ilkd.key.speclang.njml.Translator.accept(Translator.java:128)
	at de.uka.ilkd.key.speclang.njml.Translator.visitExpression(Translator.java:402)
	at de.uka.ilkd.key.speclang.njml.Translator.visitExpression(Translator.java:63)
	at de.uka.ilkd.key.speclang.njml.JmlParser$ExpressionContext.accept(JmlParser.java:6463)
	at de.uka.ilkd.key.speclang.njml.JmlIO.interpret(JmlIO.java:178)
	at de.uka.ilkd.key.speclang.njml.JmlIO.translateTerm(JmlIO.java:188)
	at de.uka.ilkd.key.speclang.njml.JmlIO.translateTerm(JmlIO.java:201)
	at de.uka.ilkd.key.speclang.jml.translation.JMLSpecFactory.createJMLClassInvariant(JMLSpecFactory.java:957)
	at de.uka.ilkd.key.speclang.jml.JMLSpecExtractor.extractClassSpecs(JMLSpecExtractor.java:250)
	at de.uka.ilkd.key.speclang.SLEnvInput.createSpecs(SLEnvInput.java:284)
	at de.uka.ilkd.key.speclang.SLEnvInput.read(SLEnvInput.java:351)
	at de.uka.ilkd.key.proof.init.KeYUserProblemFile.read(KeYUserProblemFile.java:111)
	at de.uka.ilkd.key.proof.init.ProblemInitializer.readEnvInput(ProblemInitializer.java:323)
	at de.uka.ilkd.key.proof.init.ProblemInitializer.prepare(ProblemInitializer.java:561)
	at de.uka.ilkd.key.proof.init.ProblemInitializer.prepare(ProblemInitializer.java:471)
	at de.uka.ilkd.key.proof.init.ProblemInitializer.startProver(ProblemInitializer.java:607)
	at de.uka.ilkd.key.util.HelperClassForTests.parse(HelperClassForTests.java:78)
	at de.uka.ilkd.key.util.HelperClassForTests.parse(HelperClassForTests.java:66)
	at de.uka.ilkd.key.util.HelperClassForTests.createServices(HelperClassForTests.java:303)
	at de.uka.ilkd.key.parser.AbstractTestTermParser.getServices(AbstractTestTermParser.java:173)
	at de.uka.ilkd.key.parser.AbstractTestTermParser.&lt;init&gt;(AbstractTestTermParser.java:35)
	at de.uka.ilkd.key.logic.TestClashFreeSubst.&lt;init&gt;(TestClashFreeSubst.java:24)
	at java.base/jdk.internal.reflect.NativeConstructorAccessorImpl.newInstance0(Native Method)
	at java.base/jdk.internal.reflect.NativeConstructorAccessorImpl.newInstance(NativeConstructorAccessorImpl.java:77)
	at java.base/jdk.internal.reflect.DelegatingConstructorAccessorImpl.newInstance(DelegatingConstructorAccessorImpl.java:45)
	at java.base/java.lang.reflect.Constructor.newInstanceWithCaller(Constructor.java:499)
	at java.base/java.lang.reflect.Constructor.newInstance(Constructor.java:480)
	at org.junit.platform.commons.util.ReflectionUtils.newInstance(ReflectionUtils.java:552)
	at org.junit.jupiter.engine.execution.ConstructorInvocation.proceed(ConstructorInvocation.java:56)
	at org.junit.jupiter.engine.execution.InvocationInterceptorChain$ValidatingInvocation.proceed(InvocationInterceptorChain.java:131)
	at org.junit.jupiter.api.extension.InvocationInterceptor.interceptTestClassConstructor(InvocationInterceptor.java:73)
	at org.junit.jupiter.engine.execution.InterceptingExecutableInvoker.lambda$invoke$0(InterceptingExecutableInvoker.java:93)
	at org.junit.jupiter.engine.execution.InvocationInterceptorChain$InterceptedInvocation.proceed(InvocationInterceptorChain.java:106)
	at org.junit.jupiter.engine.execution.InvocationInterceptorChain.proceed(InvocationInterceptorChain.java:64)
	at org.junit.jupiter.engine.execution.InvocationInterceptorChain.chainAndInvoke(InvocationInterceptorChain.java:45)
	at org.junit.jupiter.engine.execution.InvocationInterceptorChain.invoke(InvocationInterceptorChain.java:37)
	at org.junit.jupiter.engine.execution.InterceptingExecutableInvoker.invoke(InterceptingExecutableInvoker.java:92)
	at org.junit.jupiter.engine.execution.InterceptingExecutableInvoker.invoke(InterceptingExecutableInvoker.java:62)
	at org.junit.jupiter.engine.descriptor.ClassBasedTestDescriptor.invokeTestClassConstructor(ClassBasedTestDescriptor.java:363)
	at org.junit.jupiter.engine.descriptor.ClassBasedTestDescriptor.instantiateTestClass(ClassBasedTestDescriptor.java:310)
	at org.junit.jupiter.engine.descriptor.ClassTestDescriptor.instantiateTestClass(ClassTestDescriptor.java:79)
	at org.junit.jupiter.engine.descriptor.ClassBasedTestDescriptor.instantiateAndPostProcessTestInstance(ClassBasedTestDescriptor.java:286)
	at org.junit.jupiter.engine.descriptor.ClassBasedTestDescriptor.lambda$testInstancesProvider$4(ClassBasedTestDescriptor.java:278)
	at java.base/java.util.Optional.orElseGet(Optional.java:364)
	at org.junit.jupiter.engine.descriptor.ClassBasedTestDescriptor.lambda$testInstancesProvider$5(ClassBasedTestDescriptor.java:277)
	at org.junit.jupiter.engine.execution.TestInstancesProvider.getTestInstances(TestInstancesProvider.java:31)
	at org.junit.jupiter.engine.descriptor.TestMethodTestDescriptor.lambda$prepare$0(TestMethodTestDescriptor.java:105)
	at org.junit.platform.engine.support.hierarchical.ThrowableCollector.execute(ThrowableCollector.java:73)
	at org.junit.jupiter.engine.descriptor.TestMethodTestDescriptor.prepare(TestMethodTestDescriptor.java:104)
	at org.junit.jupiter.engine.descriptor.TestMethodTestDescriptor.prepare(TestMethodTestDescriptor.java:68)
	at org.junit.platform.engine.support.hierarchical.NodeTestTask.lambda$prepare$2(NodeTestTask.java:123)
	at org.junit.platform.engine.support.hierarchical.ThrowableCollector.execute(ThrowableCollector.java:73)
	at org.junit.platform.engine.support.hierarchical.NodeTestTask.prepare(NodeTestTask.java:123)
	at org.junit.platform.engine.support.hierarchical.NodeTestTask.execute(NodeTestTask.java:90)
	at java.base/java.util.ArrayList.forEach(ArrayList.java:1511)
	at org.junit.platform.engine.support.hierarchical.SameThreadHierarchicalTestExecutorService.invokeAll(SameThreadHierarchicalTestExecutorService.java:41)
	at org.junit.platform.engine.support.hierarchical.NodeTestTask.lambda$executeRecursively$6(NodeTestTask.java:155)
	at org.junit.platform.engine.support.hierarchical.ThrowableCollector.execute(ThrowableCollector.java:73)
	at org.junit.platform.engine.support.hierarchical.NodeTestTask.lambda$executeRecursively$8(NodeTestTask.java:141)
	at org.junit.platform.engine.support.hierarchical.Node.around(Node.java:137)
	at org.junit.platform.engine.support.hierarchical.NodeTestTask.lambda$executeRecursively$9(NodeTestTask.java:139)
	at org.junit.platform.engine.support.hierarchical.ThrowableCollector.execute(ThrowableCollector.java:73)
	at org.junit.platform.engine.support.hierarchical.NodeTestTask.executeRecursively(NodeTestTask.java:138)
	at org.junit.platform.engine.support.hierarchical.NodeTestTask.execute(NodeTestTask.java:95)
	at java.base/java.util.ArrayList.forEach(ArrayList.java:1511)
	at org.junit.platform.engine.support.hierarchical.SameThreadHierarchicalTestExecutorService.invokeAll(SameThreadHierarchicalTestExecutorService.java:41)
	at org.junit.platform.engine.support.hierarchical.NodeTestTask.lambda$executeRecursively$6(NodeTestTask.java:155)
	at org.junit.platform.engine.support.hierarchical.ThrowableCollector.execute(ThrowableCollector.java:73)
	at org.junit.platform.engine.support.hierarchical.NodeTestTask.lambda$executeRecursively$8(NodeTestTask.java:141)
	at org.junit.platform.engine.support.hierarchical.Node.around(Node.java:137)
	at org.junit.platform.engine.support.hierarchical.NodeTestTask.lambda$executeRecursively$9(NodeTestTask.java:139)
	at org.junit.platform.engine.support.hierarchical.ThrowableCollector.execute(ThrowableCollector.java:73)
	at org.junit.platform.engine.support.hierarchical.NodeTestTask.executeRecursively(NodeTestTask.java:138)
	at org.junit.platform.engine.support.hierarchical.NodeTestTask.execute(NodeTestTask.java:95)
	at org.junit.platform.engine.support.hierarchical.SameThreadHierarchicalTestExecutorService.submit(SameThreadHierarchicalTestExecutorService.java:35)
	at org.junit.platform.engine.support.hierarchical.HierarchicalTestExecutor.execute(HierarchicalTestExecutor.java:57)
	at org.junit.platform.engine.support.hierarchical.HierarchicalTestEngine.execute(HierarchicalTestEngine.java:54)
	at org.junit.platform.launcher.core.EngineExecutionOrchestrator.execute(EngineExecutionOrchestrator.java:107)
	at org.junit.platform.launcher.core.EngineExecutionOrchestrator.execute(EngineExecutionOrchestrator.java:88)
	at org.junit.platform.launcher.core.EngineExecutionOrchestrator.lambda$execute$0(EngineExecutionOrchestrator.java:54)
	at org.junit.platform.launcher.core.EngineExecutionOrchestrator.withInterceptedStreams(EngineExecutionOrchestrator.java:67)
	at org.junit.platform.launcher.core.EngineExecutionOrchestrator.execute(EngineExecutionOrchestrator.java:52)
	at org.junit.platform.launcher.core.DefaultLauncher.execute(DefaultLauncher.java:114)
	at org.junit.platform.launcher.core.DefaultLauncher.execute(DefaultLauncher.java:86)
	at org.junit.platform.launcher.core.DefaultLauncherSession$DelegatingLauncher.execute(DefaultLauncherSession.java:86)
	at org.gradle.api.internal.tasks.testing.junitplatform.JUnitPlatformTestClassProcessor$CollectAllTestClassesExecutor.processAllTestClasses(JUnitPlatformTestClassProcessor.java:110)
	at org.gradle.api.internal.tasks.testing.junitplatform.JUnitPlatformTestClassProcessor$CollectAllTestClassesExecutor.access$000(JUnitPlatformTestClassProcessor.java:90)
	at org.gradle.api.internal.tasks.testing.junitplatform.JUnitPlatformTestClassProcessor.stop(JUnitPlatformTestClassProcessor.java:85)
	at org.gradle.api.internal.tasks.testing.SuiteTestClassProcessor.stop(SuiteTestClassProcessor.java:62)
	at java.base/jdk.internal.reflect.NativeMethodAccessorImpl.invoke0(Native Method)
	at java.base/jdk.internal.reflect.NativeMethodAccessorImpl.invoke(NativeMethodAccessorImpl.java:77)
	at java.base/jdk.internal.reflect.DelegatingMethodAccessorImpl.invoke(DelegatingMethodAccessorImpl.java:43)
	at java.base/java.lang.reflect.Method.invoke(Method.java:568)
	at org.gradle.internal.dispatch.ReflectionDispatch.dispatch(ReflectionDispatch.java:36)
	at org.gradle.internal.dispatch.ReflectionDispatch.dispatch(ReflectionDispatch.java:24)
	at org.gradle.internal.dispatch.ContextClassLoaderDispatch.dispatch(ContextClassLoaderDispatch.java:33)
	at org.gradle.internal.dispatch.ProxyDispatchAdapter$DispatchingInvocationHandler.invoke(ProxyDispatchAdapter.java:94)
	at jdk.proxy2/jdk.proxy2.$Proxy5.stop(Unknown Source)
	at org.gradle.api.internal.tasks.testing.worker.TestWorker$3.run(TestWorker.java:193)
	at org.gradle.api.internal.tasks.testing.worker.TestWorker.executeAndMaintainThreadName(TestWorker.java:129)
	at org.gradle.api.internal.tasks.testing.worker.TestWorker.execute(TestWorker.java:100)
	at org.gradle.api.internal.tasks.testing.worker.TestWorker.execute(TestWorker.java:60)
	at org.gradle.process.internal.worker.child.ActionExecutionWorker.execute(ActionExecutionWorker.java:56)
	at org.gradle.process.internal.worker.child.SystemApplicationClassLoaderWorker.call(SystemApplicationClassLoaderWorker.java:113)
	at org.gradle.process.internal.worker.child.SystemApplicationClassLoaderWorker.call(SystemApplicationClassLoaderWorker.java:65)
	at worker.org.gradle.process.internal.worker.GradleWorkerMain.run(GradleWorkerMain.java:69)
	at worker.org.gradle.process.internal.worker.GradleWorkerMain.main(GradleWorkerMain.java:74)
</failure>
  </testcase>
  <testcase name="testClash()" classname="de.uka.ilkd.key.logic.TestClashFreeSubst" time="0.001">
    <failure message="java.lang.NullPointerException: Cannot invoke &quot;de.uka.ilkd.key.java.JavaService.getProgramFactory()&quot; because &quot;this.javaService&quot; is null" type="java.lang.NullPointerException">java.lang.NullPointerException: Cannot invoke &quot;de.uka.ilkd.key.java.JavaService.getProgramFactory()&quot; because &quot;this.javaService&quot; is null
	at de.uka.ilkd.key.java.KeYProgModelInfo.isPackage(KeYProgModelInfo.java:213)
	at de.uka.ilkd.key.java.JavaInfo.isPackage(JavaInfo.java:221)
	at de.uka.ilkd.key.speclang.translation.SLExpressionResolver.trimPackageRef(SLExpressionResolver.java:43)
	at de.uka.ilkd.key.speclang.translation.SLExpressionResolver.areInSamePackage(SLExpressionResolver.java:62)
	at de.uka.ilkd.key.speclang.translation.SLExpressionResolver.isVisibleHelper(SLExpressionResolver.java:103)
	at de.uka.ilkd.key.speclang.translation.SLExpressionResolver.isVisible(SLExpressionResolver.java:114)
	at de.uka.ilkd.key.speclang.translation.SLAttributeResolver.lookupVisibleAttribute(SLAttributeResolver.java:37)
	at de.uka.ilkd.key.speclang.translation.SLAttributeResolver.doResolving(SLAttributeResolver.java:94)
	at de.uka.ilkd.key.speclang.translation.SLExpressionResolver.resolve(SLExpressionResolver.java:149)
	at de.uka.ilkd.key.speclang.translation.SLResolverManager.resolveExplicit(SLResolverManager.java:137)
	at de.uka.ilkd.key.speclang.translation.SLResolverManager.resolveImplicit(SLResolverManager.java:112)
	at de.uka.ilkd.key.speclang.translation.SLResolverManager.resolveIt(SLResolverManager.java:159)
	at de.uka.ilkd.key.speclang.translation.SLResolverManager.resolve(SLResolverManager.java:195)
	at de.uka.ilkd.key.speclang.njml.Translator.lookupIdentifier(Translator.java:924)
	at de.uka.ilkd.key.speclang.njml.Translator.visitIdent(Translator.java:882)
	at de.uka.ilkd.key.speclang.njml.JmlParser$IdentContext.accept(JmlParser.java:8637)
	at org.antlr.v4.runtime.tree.AbstractParseTreeVisitor.visitChildren(AbstractParseTreeVisitor.java:46)
	at de.uka.ilkd.key.speclang.njml.JmlParserBaseVisitor.visitPrimaryexpr(JmlParserBaseVisitor.java:724)
	at de.uka.ilkd.key.speclang.njml.JmlParser$PrimaryexprContext.accept(JmlParser.java:8399)
	at de.uka.ilkd.key.speclang.njml.Translator.accept(Translator.java:128)
	at de.uka.ilkd.key.speclang.njml.Translator.visitPostfixexpr(Translator.java:854)
	at de.uka.ilkd.key.speclang.njml.Translator.visitPostfixexpr(Translator.java:63)
	at de.uka.ilkd.key.speclang.njml.JmlParser$PostfixexprContext.accept(JmlParser.java:8315)
	at de.uka.ilkd.key.speclang.njml.Translator.accept(Translator.java:128)
	at de.uka.ilkd.key.speclang.njml.Translator.visitUnaryexprnotplusminus(Translator.java:840)
	at de.uka.ilkd.key.speclang.njml.JmlParser$UnaryexprnotplusminusContext.accept(JmlParser.java:8146)
	at de.uka.ilkd.key.speclang.njml.Translator.accept(Translator.java:128)
	at de.uka.ilkd.key.speclang.njml.Translator.oneOf(Translator.java:147)
	at de.uka.ilkd.key.speclang.njml.Translator.visitUnaryexpr(Translator.java:800)
	at de.uka.ilkd.key.speclang.njml.Translator.visitUnaryexpr(Translator.java:63)
	at de.uka.ilkd.key.speclang.njml.JmlParser$UnaryexprContext.accept(JmlParser.java:8002)
	at de.uka.ilkd.key.speclang.njml.Translator.accept(Translator.java:128)
	at de.uka.ilkd.key.speclang.njml.Translator.lambda$mapOf$0(Translator.java:133)
	at java.base/java.util.stream.ReferencePipeline$3$1.accept(ReferencePipeline.java:197)
	at java.base/java.util.ArrayList$ArrayListSpliterator.forEachRemaining(ArrayList.java:1625)
	at java.base/java.util.stream.AbstractPipeline.copyInto(AbstractPipeline.java:509)
	at java.base/java.util.stream.AbstractPipeline.wrapAndCopyInto(AbstractPipeline.java:499)
	at java.base/java.util.stream.ReduceOps$ReduceOp.evaluateSequential(ReduceOps.java:921)
	at java.base/java.util.stream.AbstractPipeline.evaluate(AbstractPipeline.java:234)
	at java.base/java.util.stream.ReferencePipeline.collect(ReferencePipeline.java:682)
	at de.uka.ilkd.key.speclang.njml.Translator.mapOf(Translator.java:133)
	at de.uka.ilkd.key.speclang.njml.Translator.visitMultexpr(Translator.java:737)
	at de.uka.ilkd.key.speclang.njml.JmlParser$MultexprContext.accept(JmlParser.java:7921)
	at de.uka.ilkd.key.speclang.njml.Translator.accept(Translator.java:128)
	at de.uka.ilkd.key.speclang.njml.Translator.lambda$mapOf$0(Translator.java:133)
	at java.base/java.util.stream.ReferencePipeline$3$1.accept(ReferencePipeline.java:197)
	at java.base/java.util.ArrayList$ArrayListSpliterator.forEachRemaining(ArrayList.java:1625)
	at java.base/java.util.stream.AbstractPipeline.copyInto(AbstractPipeline.java:509)
	at java.base/java.util.stream.AbstractPipeline.wrapAndCopyInto(AbstractPipeline.java:499)
	at java.base/java.util.stream.ReduceOps$ReduceOp.evaluateSequential(ReduceOps.java:921)
	at java.base/java.util.stream.AbstractPipeline.evaluate(AbstractPipeline.java:234)
	at java.base/java.util.stream.ReferencePipeline.collect(ReferencePipeline.java:682)
	at de.uka.ilkd.key.speclang.njml.Translator.mapOf(Translator.java:133)
	at de.uka.ilkd.key.speclang.njml.Translator.visitAdditiveexpr(Translator.java:720)
	at de.uka.ilkd.key.speclang.njml.JmlParser$AdditiveexprContext.accept(JmlParser.java:7829)
	at de.uka.ilkd.key.speclang.njml.Translator.accept(Translator.java:128)
	at de.uka.ilkd.key.speclang.njml.Translator.lambda$mapOf$0(Translator.java:133)
	at java.base/java.util.stream.ReferencePipeline$3$1.accept(ReferencePipeline.java:197)
	at java.base/java.util.ArrayList$ArrayListSpliterator.forEachRemaining(ArrayList.java:1625)
	at java.base/java.util.stream.AbstractPipeline.copyInto(AbstractPipeline.java:509)
	at java.base/java.util.stream.AbstractPipeline.wrapAndCopyInto(AbstractPipeline.java:499)
	at java.base/java.util.stream.ReduceOps$ReduceOp.evaluateSequential(ReduceOps.java:921)
	at java.base/java.util.stream.AbstractPipeline.evaluate(AbstractPipeline.java:234)
	at java.base/java.util.stream.ReferencePipeline.collect(ReferencePipeline.java:682)
	at de.uka.ilkd.key.speclang.njml.Translator.mapOf(Translator.java:133)
	at de.uka.ilkd.key.speclang.njml.Translator.visitShiftexpr(Translator.java:703)
	at de.uka.ilkd.key.speclang.njml.JmlParser$ShiftexprContext.accept(JmlParser.java:7742)
	at de.uka.ilkd.key.speclang.njml.Translator.accept(Translator.java:128)
	at de.uka.ilkd.key.speclang.njml.Translator.oneOf(Translator.java:147)
	at de.uka.ilkd.key.speclang.njml.Translator.visitRelationalexpr(Translator.java:494)
	at de.uka.ilkd.key.speclang.njml.JmlParser$RelationalexprContext.accept(JmlParser.java:7344)
	at de.uka.ilkd.key.speclang.njml.Translator.accept(Translator.java:128)
	at de.uka.ilkd.key.speclang.njml.Translator.lambda$mapOf$0(Translator.java:133)
	at java.base/java.util.stream.ReferencePipeline$3$1.accept(ReferencePipeline.java:197)
	at java.base/java.util.ArrayList$ArrayListSpliterator.forEachRemaining(ArrayList.java:1625)
	at java.base/java.util.stream.AbstractPipeline.copyInto(AbstractPipeline.java:509)
	at java.base/java.util.stream.AbstractPipeline.wrapAndCopyInto(AbstractPipeline.java:499)
	at java.base/java.util.stream.ReduceOps$ReduceOp.evaluateSequential(ReduceOps.java:921)
	at java.base/java.util.stream.AbstractPipeline.evaluate(AbstractPipeline.java:234)
	at java.base/java.util.stream.ReferencePipeline.collect(ReferencePipeline.java:682)
	at de.uka.ilkd.key.speclang.njml.Translator.mapOf(Translator.java:133)
	at de.uka.ilkd.key.speclang.njml.Translator.visitEqualityexpr(Translator.java:562)
	at de.uka.ilkd.key.speclang.njml.Translator.visitEqualityexpr(Translator.java:63)
	at de.uka.ilkd.key.speclang.njml.JmlParser$EqualityexprContext.accept(JmlParser.java:7270)
	at de.uka.ilkd.key.speclang.njml.Translator.accept(Translator.java:128)
	at de.uka.ilkd.key.speclang.njml.Translator.visitAndexpr(Translator.java:544)
	at de.uka.ilkd.key.speclang.njml.JmlParser$AndexprContext.accept(JmlParser.java:7201)
	at de.uka.ilkd.key.speclang.njml.Translator.accept(Translator.java:128)
	at de.uka.ilkd.key.speclang.njml.Translator.visitExclusiveorexpr(Translator.java:529)
	at de.uka.ilkd.key.speclang.njml.JmlParser$ExclusiveorexprContext.accept(JmlParser.java:7132)
	at de.uka.ilkd.key.speclang.njml.Translator.accept(Translator.java:128)
	at de.uka.ilkd.key.speclang.njml.Translator.visitInclusiveorexpr(Translator.java:514)
	at de.uka.ilkd.key.speclang.njml.JmlParser$InclusiveorexprContext.accept(JmlParser.java:7063)
	at de.uka.ilkd.key.speclang.njml.Translator.accept(Translator.java:128)
	at de.uka.ilkd.key.speclang.njml.Translator.visitLogicalandexpr(Translator.java:501)
	at de.uka.ilkd.key.speclang.njml.JmlParser$LogicalandexprContext.accept(JmlParser.java:6994)
	at de.uka.ilkd.key.speclang.njml.Translator.accept(Translator.java:128)
	at de.uka.ilkd.key.speclang.njml.Translator.visitLogicalorexpr(Translator.java:482)
	at de.uka.ilkd.key.speclang.njml.Translator.visitLogicalorexpr(Translator.java:63)
	at de.uka.ilkd.key.speclang.njml.JmlParser$LogicalorexprContext.accept(JmlParser.java:6925)
	at de.uka.ilkd.key.speclang.njml.Translator.accept(Translator.java:128)
	at de.uka.ilkd.key.speclang.njml.Translator.visitImpliesexpr(Translator.java:446)
	at de.uka.ilkd.key.speclang.njml.JmlParser$ImpliesexprContext.accept(JmlParser.java:6662)
	at de.uka.ilkd.key.speclang.njml.Translator.accept(Translator.java:128)
	at de.uka.ilkd.key.speclang.njml.Translator.lambda$mapOf$0(Translator.java:133)
	at java.base/java.util.stream.ReferencePipeline$3$1.accept(ReferencePipeline.java:197)
	at java.base/java.util.ArrayList$ArrayListSpliterator.forEachRemaining(ArrayList.java:1625)
	at java.base/java.util.stream.AbstractPipeline.copyInto(AbstractPipeline.java:509)
	at java.base/java.util.stream.AbstractPipeline.wrapAndCopyInto(AbstractPipeline.java:499)
	at java.base/java.util.stream.ReduceOps$ReduceOp.evaluateSequential(ReduceOps.java:921)
	at java.base/java.util.stream.AbstractPipeline.evaluate(AbstractPipeline.java:234)
	at java.base/java.util.stream.ReferencePipeline.collect(ReferencePipeline.java:682)
	at de.uka.ilkd.key.speclang.njml.Translator.mapOf(Translator.java:133)
	at de.uka.ilkd.key.speclang.njml.Translator.visitEquivalenceexpr(Translator.java:426)
	at de.uka.ilkd.key.speclang.njml.JmlParser$EquivalenceexprContext.accept(JmlParser.java:6585)
	at de.uka.ilkd.key.speclang.njml.Translator.accept(Translator.java:128)
	at de.uka.ilkd.key.speclang.njml.Translator.visitConditionalexpr(Translator.java:412)
	at de.uka.ilkd.key.speclang.njml.Translator.visitConditionalexpr(Translator.java:63)
	at de.uka.ilkd.key.speclang.njml.JmlParser$ConditionalexprContext.accept(JmlParser.java:6516)
	at de.uka.ilkd.key.speclang.njml.Translator.accept(Translator.java:128)
	at de.uka.ilkd.key.speclang.njml.Translator.visitExpression(Translator.java:402)
	at de.uka.ilkd.key.speclang.njml.Translator.visitExpression(Translator.java:63)
	at de.uka.ilkd.key.speclang.njml.JmlParser$ExpressionContext.accept(JmlParser.java:6463)
	at de.uka.ilkd.key.speclang.njml.JmlIO.interpret(JmlIO.java:178)
	at de.uka.ilkd.key.speclang.njml.JmlIO.translateTerm(JmlIO.java:188)
	at de.uka.ilkd.key.speclang.njml.JmlIO.translateTerm(JmlIO.java:201)
	at de.uka.ilkd.key.speclang.jml.translation.JMLSpecFactory.createJMLClassInvariant(JMLSpecFactory.java:957)
	at de.uka.ilkd.key.speclang.jml.JMLSpecExtractor.extractClassSpecs(JMLSpecExtractor.java:250)
	at de.uka.ilkd.key.speclang.SLEnvInput.createSpecs(SLEnvInput.java:284)
	at de.uka.ilkd.key.speclang.SLEnvInput.read(SLEnvInput.java:351)
	at de.uka.ilkd.key.proof.init.KeYUserProblemFile.read(KeYUserProblemFile.java:111)
	at de.uka.ilkd.key.proof.init.ProblemInitializer.readEnvInput(ProblemInitializer.java:323)
	at de.uka.ilkd.key.proof.init.ProblemInitializer.prepare(ProblemInitializer.java:561)
	at de.uka.ilkd.key.proof.init.ProblemInitializer.prepare(ProblemInitializer.java:471)
	at de.uka.ilkd.key.proof.init.ProblemInitializer.startProver(ProblemInitializer.java:607)
	at de.uka.ilkd.key.util.HelperClassForTests.parse(HelperClassForTests.java:78)
	at de.uka.ilkd.key.util.HelperClassForTests.parse(HelperClassForTests.java:66)
	at de.uka.ilkd.key.util.HelperClassForTests.createServices(HelperClassForTests.java:303)
	at de.uka.ilkd.key.parser.AbstractTestTermParser.getServices(AbstractTestTermParser.java:173)
	at de.uka.ilkd.key.parser.AbstractTestTermParser.&lt;init&gt;(AbstractTestTermParser.java:35)
	at de.uka.ilkd.key.logic.TestClashFreeSubst.&lt;init&gt;(TestClashFreeSubst.java:24)
	at java.base/jdk.internal.reflect.NativeConstructorAccessorImpl.newInstance0(Native Method)
	at java.base/jdk.internal.reflect.NativeConstructorAccessorImpl.newInstance(NativeConstructorAccessorImpl.java:77)
	at java.base/jdk.internal.reflect.DelegatingConstructorAccessorImpl.newInstance(DelegatingConstructorAccessorImpl.java:45)
	at java.base/java.lang.reflect.Constructor.newInstanceWithCaller(Constructor.java:499)
	at java.base/java.lang.reflect.Constructor.newInstance(Constructor.java:480)
	at org.junit.platform.commons.util.ReflectionUtils.newInstance(ReflectionUtils.java:552)
	at org.junit.jupiter.engine.execution.ConstructorInvocation.proceed(ConstructorInvocation.java:56)
	at org.junit.jupiter.engine.execution.InvocationInterceptorChain$ValidatingInvocation.proceed(InvocationInterceptorChain.java:131)
	at org.junit.jupiter.api.extension.InvocationInterceptor.interceptTestClassConstructor(InvocationInterceptor.java:73)
	at org.junit.jupiter.engine.execution.InterceptingExecutableInvoker.lambda$invoke$0(InterceptingExecutableInvoker.java:93)
	at org.junit.jupiter.engine.execution.InvocationInterceptorChain$InterceptedInvocation.proceed(InvocationInterceptorChain.java:106)
	at org.junit.jupiter.engine.execution.InvocationInterceptorChain.proceed(InvocationInterceptorChain.java:64)
	at org.junit.jupiter.engine.execution.InvocationInterceptorChain.chainAndInvoke(InvocationInterceptorChain.java:45)
	at org.junit.jupiter.engine.execution.InvocationInterceptorChain.invoke(InvocationInterceptorChain.java:37)
	at org.junit.jupiter.engine.execution.InterceptingExecutableInvoker.invoke(InterceptingExecutableInvoker.java:92)
	at org.junit.jupiter.engine.execution.InterceptingExecutableInvoker.invoke(InterceptingExecutableInvoker.java:62)
	at org.junit.jupiter.engine.descriptor.ClassBasedTestDescriptor.invokeTestClassConstructor(ClassBasedTestDescriptor.java:363)
	at org.junit.jupiter.engine.descriptor.ClassBasedTestDescriptor.instantiateTestClass(ClassBasedTestDescriptor.java:310)
	at org.junit.jupiter.engine.descriptor.ClassTestDescriptor.instantiateTestClass(ClassTestDescriptor.java:79)
	at org.junit.jupiter.engine.descriptor.ClassBasedTestDescriptor.instantiateAndPostProcessTestInstance(ClassBasedTestDescriptor.java:286)
	at org.junit.jupiter.engine.descriptor.ClassBasedTestDescriptor.lambda$testInstancesProvider$4(ClassBasedTestDescriptor.java:278)
	at java.base/java.util.Optional.orElseGet(Optional.java:364)
	at org.junit.jupiter.engine.descriptor.ClassBasedTestDescriptor.lambda$testInstancesProvider$5(ClassBasedTestDescriptor.java:277)
	at org.junit.jupiter.engine.execution.TestInstancesProvider.getTestInstances(TestInstancesProvider.java:31)
	at org.junit.jupiter.engine.descriptor.TestMethodTestDescriptor.lambda$prepare$0(TestMethodTestDescriptor.java:105)
	at org.junit.platform.engine.support.hierarchical.ThrowableCollector.execute(ThrowableCollector.java:73)
	at org.junit.jupiter.engine.descriptor.TestMethodTestDescriptor.prepare(TestMethodTestDescriptor.java:104)
	at org.junit.jupiter.engine.descriptor.TestMethodTestDescriptor.prepare(TestMethodTestDescriptor.java:68)
	at org.junit.platform.engine.support.hierarchical.NodeTestTask.lambda$prepare$2(NodeTestTask.java:123)
	at org.junit.platform.engine.support.hierarchical.ThrowableCollector.execute(ThrowableCollector.java:73)
	at org.junit.platform.engine.support.hierarchical.NodeTestTask.prepare(NodeTestTask.java:123)
	at org.junit.platform.engine.support.hierarchical.NodeTestTask.execute(NodeTestTask.java:90)
	at java.base/java.util.ArrayList.forEach(ArrayList.java:1511)
	at org.junit.platform.engine.support.hierarchical.SameThreadHierarchicalTestExecutorService.invokeAll(SameThreadHierarchicalTestExecutorService.java:41)
	at org.junit.platform.engine.support.hierarchical.NodeTestTask.lambda$executeRecursively$6(NodeTestTask.java:155)
	at org.junit.platform.engine.support.hierarchical.ThrowableCollector.execute(ThrowableCollector.java:73)
	at org.junit.platform.engine.support.hierarchical.NodeTestTask.lambda$executeRecursively$8(NodeTestTask.java:141)
	at org.junit.platform.engine.support.hierarchical.Node.around(Node.java:137)
	at org.junit.platform.engine.support.hierarchical.NodeTestTask.lambda$executeRecursively$9(NodeTestTask.java:139)
	at org.junit.platform.engine.support.hierarchical.ThrowableCollector.execute(ThrowableCollector.java:73)
	at org.junit.platform.engine.support.hierarchical.NodeTestTask.executeRecursively(NodeTestTask.java:138)
	at org.junit.platform.engine.support.hierarchical.NodeTestTask.execute(NodeTestTask.java:95)
	at java.base/java.util.ArrayList.forEach(ArrayList.java:1511)
	at org.junit.platform.engine.support.hierarchical.SameThreadHierarchicalTestExecutorService.invokeAll(SameThreadHierarchicalTestExecutorService.java:41)
	at org.junit.platform.engine.support.hierarchical.NodeTestTask.lambda$executeRecursively$6(NodeTestTask.java:155)
	at org.junit.platform.engine.support.hierarchical.ThrowableCollector.execute(ThrowableCollector.java:73)
	at org.junit.platform.engine.support.hierarchical.NodeTestTask.lambda$executeRecursively$8(NodeTestTask.java:141)
	at org.junit.platform.engine.support.hierarchical.Node.around(Node.java:137)
	at org.junit.platform.engine.support.hierarchical.NodeTestTask.lambda$executeRecursively$9(NodeTestTask.java:139)
	at org.junit.platform.engine.support.hierarchical.ThrowableCollector.execute(ThrowableCollector.java:73)
	at org.junit.platform.engine.support.hierarchical.NodeTestTask.executeRecursively(NodeTestTask.java:138)
	at org.junit.platform.engine.support.hierarchical.NodeTestTask.execute(NodeTestTask.java:95)
	at org.junit.platform.engine.support.hierarchical.SameThreadHierarchicalTestExecutorService.submit(SameThreadHierarchicalTestExecutorService.java:35)
	at org.junit.platform.engine.support.hierarchical.HierarchicalTestExecutor.execute(HierarchicalTestExecutor.java:57)
	at org.junit.platform.engine.support.hierarchical.HierarchicalTestEngine.execute(HierarchicalTestEngine.java:54)
	at org.junit.platform.launcher.core.EngineExecutionOrchestrator.execute(EngineExecutionOrchestrator.java:107)
	at org.junit.platform.launcher.core.EngineExecutionOrchestrator.execute(EngineExecutionOrchestrator.java:88)
	at org.junit.platform.launcher.core.EngineExecutionOrchestrator.lambda$execute$0(EngineExecutionOrchestrator.java:54)
	at org.junit.platform.launcher.core.EngineExecutionOrchestrator.withInterceptedStreams(EngineExecutionOrchestrator.java:67)
	at org.junit.platform.launcher.core.EngineExecutionOrchestrator.execute(EngineExecutionOrchestrator.java:52)
	at org.junit.platform.launcher.core.DefaultLauncher.execute(DefaultLauncher.java:114)
	at org.junit.platform.launcher.core.DefaultLauncher.execute(DefaultLauncher.java:86)
	at org.junit.platform.launcher.core.DefaultLauncherSession$DelegatingLauncher.execute(DefaultLauncherSession.java:86)
	at org.gradle.api.internal.tasks.testing.junitplatform.JUnitPlatformTestClassProcessor$CollectAllTestClassesExecutor.processAllTestClasses(JUnitPlatformTestClassProcessor.java:110)
	at org.gradle.api.internal.tasks.testing.junitplatform.JUnitPlatformTestClassProcessor$CollectAllTestClassesExecutor.access$000(JUnitPlatformTestClassProcessor.java:90)
	at org.gradle.api.internal.tasks.testing.junitplatform.JUnitPlatformTestClassProcessor.stop(JUnitPlatformTestClassProcessor.java:85)
	at org.gradle.api.internal.tasks.testing.SuiteTestClassProcessor.stop(SuiteTestClassProcessor.java:62)
	at java.base/jdk.internal.reflect.NativeMethodAccessorImpl.invoke0(Native Method)
	at java.base/jdk.internal.reflect.NativeMethodAccessorImpl.invoke(NativeMethodAccessorImpl.java:77)
	at java.base/jdk.internal.reflect.DelegatingMethodAccessorImpl.invoke(DelegatingMethodAccessorImpl.java:43)
	at java.base/java.lang.reflect.Method.invoke(Method.java:568)
	at org.gradle.internal.dispatch.ReflectionDispatch.dispatch(ReflectionDispatch.java:36)
	at org.gradle.internal.dispatch.ReflectionDispatch.dispatch(ReflectionDispatch.java:24)
	at org.gradle.internal.dispatch.ContextClassLoaderDispatch.dispatch(ContextClassLoaderDispatch.java:33)
	at org.gradle.internal.dispatch.ProxyDispatchAdapter$DispatchingInvocationHandler.invoke(ProxyDispatchAdapter.java:94)
	at jdk.proxy2/jdk.proxy2.$Proxy5.stop(Unknown Source)
	at org.gradle.api.internal.tasks.testing.worker.TestWorker$3.run(TestWorker.java:193)
	at org.gradle.api.internal.tasks.testing.worker.TestWorker.executeAndMaintainThreadName(TestWorker.java:129)
	at org.gradle.api.internal.tasks.testing.worker.TestWorker.execute(TestWorker.java:100)
	at org.gradle.api.internal.tasks.testing.worker.TestWorker.execute(TestWorker.java:60)
	at org.gradle.process.internal.worker.child.ActionExecutionWorker.execute(ActionExecutionWorker.java:56)
	at org.gradle.process.internal.worker.child.SystemApplicationClassLoaderWorker.call(SystemApplicationClassLoaderWorker.java:113)
	at org.gradle.process.internal.worker.child.SystemApplicationClassLoaderWorker.call(SystemApplicationClassLoaderWorker.java:65)
	at worker.org.gradle.process.internal.worker.GradleWorkerMain.run(GradleWorkerMain.java:69)
	at worker.org.gradle.process.internal.worker.GradleWorkerMain.main(GradleWorkerMain.java:74)
</failure>
  </testcase>
  <testcase name="testShare()" classname="de.uka.ilkd.key.logic.TestClashFreeSubst" time="0.003">
    <failure message="java.lang.NullPointerException: Cannot invoke &quot;de.uka.ilkd.key.java.JavaService.getProgramFactory()&quot; because &quot;this.javaService&quot; is null" type="java.lang.NullPointerException">java.lang.NullPointerException: Cannot invoke &quot;de.uka.ilkd.key.java.JavaService.getProgramFactory()&quot; because &quot;this.javaService&quot; is null
	at de.uka.ilkd.key.java.KeYProgModelInfo.isPackage(KeYProgModelInfo.java:213)
	at de.uka.ilkd.key.java.JavaInfo.isPackage(JavaInfo.java:221)
	at de.uka.ilkd.key.speclang.translation.SLExpressionResolver.trimPackageRef(SLExpressionResolver.java:43)
	at de.uka.ilkd.key.speclang.translation.SLExpressionResolver.areInSamePackage(SLExpressionResolver.java:62)
	at de.uka.ilkd.key.speclang.translation.SLExpressionResolver.isVisibleHelper(SLExpressionResolver.java:103)
	at de.uka.ilkd.key.speclang.translation.SLExpressionResolver.isVisible(SLExpressionResolver.java:114)
	at de.uka.ilkd.key.speclang.translation.SLAttributeResolver.lookupVisibleAttribute(SLAttributeResolver.java:37)
	at de.uka.ilkd.key.speclang.translation.SLAttributeResolver.doResolving(SLAttributeResolver.java:94)
	at de.uka.ilkd.key.speclang.translation.SLExpressionResolver.resolve(SLExpressionResolver.java:149)
	at de.uka.ilkd.key.speclang.translation.SLResolverManager.resolveExplicit(SLResolverManager.java:137)
	at de.uka.ilkd.key.speclang.translation.SLResolverManager.resolveImplicit(SLResolverManager.java:112)
	at de.uka.ilkd.key.speclang.translation.SLResolverManager.resolveIt(SLResolverManager.java:159)
	at de.uka.ilkd.key.speclang.translation.SLResolverManager.resolve(SLResolverManager.java:195)
	at de.uka.ilkd.key.speclang.njml.Translator.lookupIdentifier(Translator.java:924)
	at de.uka.ilkd.key.speclang.njml.Translator.visitIdent(Translator.java:882)
	at de.uka.ilkd.key.speclang.njml.JmlParser$IdentContext.accept(JmlParser.java:8637)
	at org.antlr.v4.runtime.tree.AbstractParseTreeVisitor.visitChildren(AbstractParseTreeVisitor.java:46)
	at de.uka.ilkd.key.speclang.njml.JmlParserBaseVisitor.visitPrimaryexpr(JmlParserBaseVisitor.java:724)
	at de.uka.ilkd.key.speclang.njml.JmlParser$PrimaryexprContext.accept(JmlParser.java:8399)
	at de.uka.ilkd.key.speclang.njml.Translator.accept(Translator.java:128)
	at de.uka.ilkd.key.speclang.njml.Translator.visitPostfixexpr(Translator.java:854)
	at de.uka.ilkd.key.speclang.njml.Translator.visitPostfixexpr(Translator.java:63)
	at de.uka.ilkd.key.speclang.njml.JmlParser$PostfixexprContext.accept(JmlParser.java:8315)
	at de.uka.ilkd.key.speclang.njml.Translator.accept(Translator.java:128)
	at de.uka.ilkd.key.speclang.njml.Translator.visitUnaryexprnotplusminus(Translator.java:840)
	at de.uka.ilkd.key.speclang.njml.JmlParser$UnaryexprnotplusminusContext.accept(JmlParser.java:8146)
	at de.uka.ilkd.key.speclang.njml.Translator.accept(Translator.java:128)
	at de.uka.ilkd.key.speclang.njml.Translator.oneOf(Translator.java:147)
	at de.uka.ilkd.key.speclang.njml.Translator.visitUnaryexpr(Translator.java:800)
	at de.uka.ilkd.key.speclang.njml.Translator.visitUnaryexpr(Translator.java:63)
	at de.uka.ilkd.key.speclang.njml.JmlParser$UnaryexprContext.accept(JmlParser.java:8002)
	at de.uka.ilkd.key.speclang.njml.Translator.accept(Translator.java:128)
	at de.uka.ilkd.key.speclang.njml.Translator.lambda$mapOf$0(Translator.java:133)
	at java.base/java.util.stream.ReferencePipeline$3$1.accept(ReferencePipeline.java:197)
	at java.base/java.util.ArrayList$ArrayListSpliterator.forEachRemaining(ArrayList.java:1625)
	at java.base/java.util.stream.AbstractPipeline.copyInto(AbstractPipeline.java:509)
	at java.base/java.util.stream.AbstractPipeline.wrapAndCopyInto(AbstractPipeline.java:499)
	at java.base/java.util.stream.ReduceOps$ReduceOp.evaluateSequential(ReduceOps.java:921)
	at java.base/java.util.stream.AbstractPipeline.evaluate(AbstractPipeline.java:234)
	at java.base/java.util.stream.ReferencePipeline.collect(ReferencePipeline.java:682)
	at de.uka.ilkd.key.speclang.njml.Translator.mapOf(Translator.java:133)
	at de.uka.ilkd.key.speclang.njml.Translator.visitMultexpr(Translator.java:737)
	at de.uka.ilkd.key.speclang.njml.JmlParser$MultexprContext.accept(JmlParser.java:7921)
	at de.uka.ilkd.key.speclang.njml.Translator.accept(Translator.java:128)
	at de.uka.ilkd.key.speclang.njml.Translator.lambda$mapOf$0(Translator.java:133)
	at java.base/java.util.stream.ReferencePipeline$3$1.accept(ReferencePipeline.java:197)
	at java.base/java.util.ArrayList$ArrayListSpliterator.forEachRemaining(ArrayList.java:1625)
	at java.base/java.util.stream.AbstractPipeline.copyInto(AbstractPipeline.java:509)
	at java.base/java.util.stream.AbstractPipeline.wrapAndCopyInto(AbstractPipeline.java:499)
	at java.base/java.util.stream.ReduceOps$ReduceOp.evaluateSequential(ReduceOps.java:921)
	at java.base/java.util.stream.AbstractPipeline.evaluate(AbstractPipeline.java:234)
	at java.base/java.util.stream.ReferencePipeline.collect(ReferencePipeline.java:682)
	at de.uka.ilkd.key.speclang.njml.Translator.mapOf(Translator.java:133)
	at de.uka.ilkd.key.speclang.njml.Translator.visitAdditiveexpr(Translator.java:720)
	at de.uka.ilkd.key.speclang.njml.JmlParser$AdditiveexprContext.accept(JmlParser.java:7829)
	at de.uka.ilkd.key.speclang.njml.Translator.accept(Translator.java:128)
	at de.uka.ilkd.key.speclang.njml.Translator.lambda$mapOf$0(Translator.java:133)
	at java.base/java.util.stream.ReferencePipeline$3$1.accept(ReferencePipeline.java:197)
	at java.base/java.util.ArrayList$ArrayListSpliterator.forEachRemaining(ArrayList.java:1625)
	at java.base/java.util.stream.AbstractPipeline.copyInto(AbstractPipeline.java:509)
	at java.base/java.util.stream.AbstractPipeline.wrapAndCopyInto(AbstractPipeline.java:499)
	at java.base/java.util.stream.ReduceOps$ReduceOp.evaluateSequential(ReduceOps.java:921)
	at java.base/java.util.stream.AbstractPipeline.evaluate(AbstractPipeline.java:234)
	at java.base/java.util.stream.ReferencePipeline.collect(ReferencePipeline.java:682)
	at de.uka.ilkd.key.speclang.njml.Translator.mapOf(Translator.java:133)
	at de.uka.ilkd.key.speclang.njml.Translator.visitShiftexpr(Translator.java:703)
	at de.uka.ilkd.key.speclang.njml.JmlParser$ShiftexprContext.accept(JmlParser.java:7742)
	at de.uka.ilkd.key.speclang.njml.Translator.accept(Translator.java:128)
	at de.uka.ilkd.key.speclang.njml.Translator.oneOf(Translator.java:147)
	at de.uka.ilkd.key.speclang.njml.Translator.visitRelationalexpr(Translator.java:494)
	at de.uka.ilkd.key.speclang.njml.JmlParser$RelationalexprContext.accept(JmlParser.java:7344)
	at de.uka.ilkd.key.speclang.njml.Translator.accept(Translator.java:128)
	at de.uka.ilkd.key.speclang.njml.Translator.lambda$mapOf$0(Translator.java:133)
	at java.base/java.util.stream.ReferencePipeline$3$1.accept(ReferencePipeline.java:197)
	at java.base/java.util.ArrayList$ArrayListSpliterator.forEachRemaining(ArrayList.java:1625)
	at java.base/java.util.stream.AbstractPipeline.copyInto(AbstractPipeline.java:509)
	at java.base/java.util.stream.AbstractPipeline.wrapAndCopyInto(AbstractPipeline.java:499)
	at java.base/java.util.stream.ReduceOps$ReduceOp.evaluateSequential(ReduceOps.java:921)
	at java.base/java.util.stream.AbstractPipeline.evaluate(AbstractPipeline.java:234)
	at java.base/java.util.stream.ReferencePipeline.collect(ReferencePipeline.java:682)
	at de.uka.ilkd.key.speclang.njml.Translator.mapOf(Translator.java:133)
	at de.uka.ilkd.key.speclang.njml.Translator.visitEqualityexpr(Translator.java:562)
	at de.uka.ilkd.key.speclang.njml.Translator.visitEqualityexpr(Translator.java:63)
	at de.uka.ilkd.key.speclang.njml.JmlParser$EqualityexprContext.accept(JmlParser.java:7270)
	at de.uka.ilkd.key.speclang.njml.Translator.accept(Translator.java:128)
	at de.uka.ilkd.key.speclang.njml.Translator.visitAndexpr(Translator.java:544)
	at de.uka.ilkd.key.speclang.njml.JmlParser$AndexprContext.accept(JmlParser.java:7201)
	at de.uka.ilkd.key.speclang.njml.Translator.accept(Translator.java:128)
	at de.uka.ilkd.key.speclang.njml.Translator.visitExclusiveorexpr(Translator.java:529)
	at de.uka.ilkd.key.speclang.njml.JmlParser$ExclusiveorexprContext.accept(JmlParser.java:7132)
	at de.uka.ilkd.key.speclang.njml.Translator.accept(Translator.java:128)
	at de.uka.ilkd.key.speclang.njml.Translator.visitInclusiveorexpr(Translator.java:514)
	at de.uka.ilkd.key.speclang.njml.JmlParser$InclusiveorexprContext.accept(JmlParser.java:7063)
	at de.uka.ilkd.key.speclang.njml.Translator.accept(Translator.java:128)
	at de.uka.ilkd.key.speclang.njml.Translator.visitLogicalandexpr(Translator.java:501)
	at de.uka.ilkd.key.speclang.njml.JmlParser$LogicalandexprContext.accept(JmlParser.java:6994)
	at de.uka.ilkd.key.speclang.njml.Translator.accept(Translator.java:128)
	at de.uka.ilkd.key.speclang.njml.Translator.visitLogicalorexpr(Translator.java:482)
	at de.uka.ilkd.key.speclang.njml.Translator.visitLogicalorexpr(Translator.java:63)
	at de.uka.ilkd.key.speclang.njml.JmlParser$LogicalorexprContext.accept(JmlParser.java:6925)
	at de.uka.ilkd.key.speclang.njml.Translator.accept(Translator.java:128)
	at de.uka.ilkd.key.speclang.njml.Translator.visitImpliesexpr(Translator.java:446)
	at de.uka.ilkd.key.speclang.njml.JmlParser$ImpliesexprContext.accept(JmlParser.java:6662)
	at de.uka.ilkd.key.speclang.njml.Translator.accept(Translator.java:128)
	at de.uka.ilkd.key.speclang.njml.Translator.lambda$mapOf$0(Translator.java:133)
	at java.base/java.util.stream.ReferencePipeline$3$1.accept(ReferencePipeline.java:197)
	at java.base/java.util.ArrayList$ArrayListSpliterator.forEachRemaining(ArrayList.java:1625)
	at java.base/java.util.stream.AbstractPipeline.copyInto(AbstractPipeline.java:509)
	at java.base/java.util.stream.AbstractPipeline.wrapAndCopyInto(AbstractPipeline.java:499)
	at java.base/java.util.stream.ReduceOps$ReduceOp.evaluateSequential(ReduceOps.java:921)
	at java.base/java.util.stream.AbstractPipeline.evaluate(AbstractPipeline.java:234)
	at java.base/java.util.stream.ReferencePipeline.collect(ReferencePipeline.java:682)
	at de.uka.ilkd.key.speclang.njml.Translator.mapOf(Translator.java:133)
	at de.uka.ilkd.key.speclang.njml.Translator.visitEquivalenceexpr(Translator.java:426)
	at de.uka.ilkd.key.speclang.njml.JmlParser$EquivalenceexprContext.accept(JmlParser.java:6585)
	at de.uka.ilkd.key.speclang.njml.Translator.accept(Translator.java:128)
	at de.uka.ilkd.key.speclang.njml.Translator.visitConditionalexpr(Translator.java:412)
	at de.uka.ilkd.key.speclang.njml.Translator.visitConditionalexpr(Translator.java:63)
	at de.uka.ilkd.key.speclang.njml.JmlParser$ConditionalexprContext.accept(JmlParser.java:6516)
	at de.uka.ilkd.key.speclang.njml.Translator.accept(Translator.java:128)
	at de.uka.ilkd.key.speclang.njml.Translator.visitExpression(Translator.java:402)
	at de.uka.ilkd.key.speclang.njml.Translator.visitExpression(Translator.java:63)
	at de.uka.ilkd.key.speclang.njml.JmlParser$ExpressionContext.accept(JmlParser.java:6463)
	at de.uka.ilkd.key.speclang.njml.JmlIO.interpret(JmlIO.java:178)
	at de.uka.ilkd.key.speclang.njml.JmlIO.translateTerm(JmlIO.java:188)
	at de.uka.ilkd.key.speclang.njml.JmlIO.translateTerm(JmlIO.java:201)
	at de.uka.ilkd.key.speclang.jml.translation.JMLSpecFactory.createJMLClassInvariant(JMLSpecFactory.java:957)
	at de.uka.ilkd.key.speclang.jml.JMLSpecExtractor.extractClassSpecs(JMLSpecExtractor.java:250)
	at de.uka.ilkd.key.speclang.SLEnvInput.createSpecs(SLEnvInput.java:284)
	at de.uka.ilkd.key.speclang.SLEnvInput.read(SLEnvInput.java:351)
	at de.uka.ilkd.key.proof.init.KeYUserProblemFile.read(KeYUserProblemFile.java:111)
	at de.uka.ilkd.key.proof.init.ProblemInitializer.readEnvInput(ProblemInitializer.java:323)
	at de.uka.ilkd.key.proof.init.ProblemInitializer.prepare(ProblemInitializer.java:561)
	at de.uka.ilkd.key.proof.init.ProblemInitializer.prepare(ProblemInitializer.java:471)
	at de.uka.ilkd.key.proof.init.ProblemInitializer.startProver(ProblemInitializer.java:607)
	at de.uka.ilkd.key.util.HelperClassForTests.parse(HelperClassForTests.java:78)
	at de.uka.ilkd.key.util.HelperClassForTests.parse(HelperClassForTests.java:66)
	at de.uka.ilkd.key.util.HelperClassForTests.createServices(HelperClassForTests.java:303)
	at de.uka.ilkd.key.parser.AbstractTestTermParser.getServices(AbstractTestTermParser.java:173)
	at de.uka.ilkd.key.parser.AbstractTestTermParser.&lt;init&gt;(AbstractTestTermParser.java:35)
	at de.uka.ilkd.key.logic.TestClashFreeSubst.&lt;init&gt;(TestClashFreeSubst.java:24)
	at java.base/jdk.internal.reflect.NativeConstructorAccessorImpl.newInstance0(Native Method)
	at java.base/jdk.internal.reflect.NativeConstructorAccessorImpl.newInstance(NativeConstructorAccessorImpl.java:77)
	at java.base/jdk.internal.reflect.DelegatingConstructorAccessorImpl.newInstance(DelegatingConstructorAccessorImpl.java:45)
	at java.base/java.lang.reflect.Constructor.newInstanceWithCaller(Constructor.java:499)
	at java.base/java.lang.reflect.Constructor.newInstance(Constructor.java:480)
	at org.junit.platform.commons.util.ReflectionUtils.newInstance(ReflectionUtils.java:552)
	at org.junit.jupiter.engine.execution.ConstructorInvocation.proceed(ConstructorInvocation.java:56)
	at org.junit.jupiter.engine.execution.InvocationInterceptorChain$ValidatingInvocation.proceed(InvocationInterceptorChain.java:131)
	at org.junit.jupiter.api.extension.InvocationInterceptor.interceptTestClassConstructor(InvocationInterceptor.java:73)
	at org.junit.jupiter.engine.execution.InterceptingExecutableInvoker.lambda$invoke$0(InterceptingExecutableInvoker.java:93)
	at org.junit.jupiter.engine.execution.InvocationInterceptorChain$InterceptedInvocation.proceed(InvocationInterceptorChain.java:106)
	at org.junit.jupiter.engine.execution.InvocationInterceptorChain.proceed(InvocationInterceptorChain.java:64)
	at org.junit.jupiter.engine.execution.InvocationInterceptorChain.chainAndInvoke(InvocationInterceptorChain.java:45)
	at org.junit.jupiter.engine.execution.InvocationInterceptorChain.invoke(InvocationInterceptorChain.java:37)
	at org.junit.jupiter.engine.execution.InterceptingExecutableInvoker.invoke(InterceptingExecutableInvoker.java:92)
	at org.junit.jupiter.engine.execution.InterceptingExecutableInvoker.invoke(InterceptingExecutableInvoker.java:62)
	at org.junit.jupiter.engine.descriptor.ClassBasedTestDescriptor.invokeTestClassConstructor(ClassBasedTestDescriptor.java:363)
	at org.junit.jupiter.engine.descriptor.ClassBasedTestDescriptor.instantiateTestClass(ClassBasedTestDescriptor.java:310)
	at org.junit.jupiter.engine.descriptor.ClassTestDescriptor.instantiateTestClass(ClassTestDescriptor.java:79)
	at org.junit.jupiter.engine.descriptor.ClassBasedTestDescriptor.instantiateAndPostProcessTestInstance(ClassBasedTestDescriptor.java:286)
	at org.junit.jupiter.engine.descriptor.ClassBasedTestDescriptor.lambda$testInstancesProvider$4(ClassBasedTestDescriptor.java:278)
	at java.base/java.util.Optional.orElseGet(Optional.java:364)
	at org.junit.jupiter.engine.descriptor.ClassBasedTestDescriptor.lambda$testInstancesProvider$5(ClassBasedTestDescriptor.java:277)
	at org.junit.jupiter.engine.execution.TestInstancesProvider.getTestInstances(TestInstancesProvider.java:31)
	at org.junit.jupiter.engine.descriptor.TestMethodTestDescriptor.lambda$prepare$0(TestMethodTestDescriptor.java:105)
	at org.junit.platform.engine.support.hierarchical.ThrowableCollector.execute(ThrowableCollector.java:73)
	at org.junit.jupiter.engine.descriptor.TestMethodTestDescriptor.prepare(TestMethodTestDescriptor.java:104)
	at org.junit.jupiter.engine.descriptor.TestMethodTestDescriptor.prepare(TestMethodTestDescriptor.java:68)
	at org.junit.platform.engine.support.hierarchical.NodeTestTask.lambda$prepare$2(NodeTestTask.java:123)
	at org.junit.platform.engine.support.hierarchical.ThrowableCollector.execute(ThrowableCollector.java:73)
	at org.junit.platform.engine.support.hierarchical.NodeTestTask.prepare(NodeTestTask.java:123)
	at org.junit.platform.engine.support.hierarchical.NodeTestTask.execute(NodeTestTask.java:90)
	at java.base/java.util.ArrayList.forEach(ArrayList.java:1511)
	at org.junit.platform.engine.support.hierarchical.SameThreadHierarchicalTestExecutorService.invokeAll(SameThreadHierarchicalTestExecutorService.java:41)
	at org.junit.platform.engine.support.hierarchical.NodeTestTask.lambda$executeRecursively$6(NodeTestTask.java:155)
	at org.junit.platform.engine.support.hierarchical.ThrowableCollector.execute(ThrowableCollector.java:73)
	at org.junit.platform.engine.support.hierarchical.NodeTestTask.lambda$executeRecursively$8(NodeTestTask.java:141)
	at org.junit.platform.engine.support.hierarchical.Node.around(Node.java:137)
	at org.junit.platform.engine.support.hierarchical.NodeTestTask.lambda$executeRecursively$9(NodeTestTask.java:139)
	at org.junit.platform.engine.support.hierarchical.ThrowableCollector.execute(ThrowableCollector.java:73)
	at org.junit.platform.engine.support.hierarchical.NodeTestTask.executeRecursively(NodeTestTask.java:138)
	at org.junit.platform.engine.support.hierarchical.NodeTestTask.execute(NodeTestTask.java:95)
	at java.base/java.util.ArrayList.forEach(ArrayList.java:1511)
	at org.junit.platform.engine.support.hierarchical.SameThreadHierarchicalTestExecutorService.invokeAll(SameThreadHierarchicalTestExecutorService.java:41)
	at org.junit.platform.engine.support.hierarchical.NodeTestTask.lambda$executeRecursively$6(NodeTestTask.java:155)
	at org.junit.platform.engine.support.hierarchical.ThrowableCollector.execute(ThrowableCollector.java:73)
	at org.junit.platform.engine.support.hierarchical.NodeTestTask.lambda$executeRecursively$8(NodeTestTask.java:141)
	at org.junit.platform.engine.support.hierarchical.Node.around(Node.java:137)
	at org.junit.platform.engine.support.hierarchical.NodeTestTask.lambda$executeRecursively$9(NodeTestTask.java:139)
	at org.junit.platform.engine.support.hierarchical.ThrowableCollector.execute(ThrowableCollector.java:73)
	at org.junit.platform.engine.support.hierarchical.NodeTestTask.executeRecursively(NodeTestTask.java:138)
	at org.junit.platform.engine.support.hierarchical.NodeTestTask.execute(NodeTestTask.java:95)
	at org.junit.platform.engine.support.hierarchical.SameThreadHierarchicalTestExecutorService.submit(SameThreadHierarchicalTestExecutorService.java:35)
	at org.junit.platform.engine.support.hierarchical.HierarchicalTestExecutor.execute(HierarchicalTestExecutor.java:57)
	at org.junit.platform.engine.support.hierarchical.HierarchicalTestEngine.execute(HierarchicalTestEngine.java:54)
	at org.junit.platform.launcher.core.EngineExecutionOrchestrator.execute(EngineExecutionOrchestrator.java:107)
	at org.junit.platform.launcher.core.EngineExecutionOrchestrator.execute(EngineExecutionOrchestrator.java:88)
	at org.junit.platform.launcher.core.EngineExecutionOrchestrator.lambda$execute$0(EngineExecutionOrchestrator.java:54)
	at org.junit.platform.launcher.core.EngineExecutionOrchestrator.withInterceptedStreams(EngineExecutionOrchestrator.java:67)
	at org.junit.platform.launcher.core.EngineExecutionOrchestrator.execute(EngineExecutionOrchestrator.java:52)
	at org.junit.platform.launcher.core.DefaultLauncher.execute(DefaultLauncher.java:114)
	at org.junit.platform.launcher.core.DefaultLauncher.execute(DefaultLauncher.java:86)
	at org.junit.platform.launcher.core.DefaultLauncherSession$DelegatingLauncher.execute(DefaultLauncherSession.java:86)
	at org.gradle.api.internal.tasks.testing.junitplatform.JUnitPlatformTestClassProcessor$CollectAllTestClassesExecutor.processAllTestClasses(JUnitPlatformTestClassProcessor.java:110)
	at org.gradle.api.internal.tasks.testing.junitplatform.JUnitPlatformTestClassProcessor$CollectAllTestClassesExecutor.access$000(JUnitPlatformTestClassProcessor.java:90)
	at org.gradle.api.internal.tasks.testing.junitplatform.JUnitPlatformTestClassProcessor.stop(JUnitPlatformTestClassProcessor.java:85)
	at org.gradle.api.internal.tasks.testing.SuiteTestClassProcessor.stop(SuiteTestClassProcessor.java:62)
	at java.base/jdk.internal.reflect.NativeMethodAccessorImpl.invoke0(Native Method)
	at java.base/jdk.internal.reflect.NativeMethodAccessorImpl.invoke(NativeMethodAccessorImpl.java:77)
	at java.base/jdk.internal.reflect.DelegatingMethodAccessorImpl.invoke(DelegatingMethodAccessorImpl.java:43)
	at java.base/java.lang.reflect.Method.invoke(Method.java:568)
	at org.gradle.internal.dispatch.ReflectionDispatch.dispatch(ReflectionDispatch.java:36)
	at org.gradle.internal.dispatch.ReflectionDispatch.dispatch(ReflectionDispatch.java:24)
	at org.gradle.internal.dispatch.ContextClassLoaderDispatch.dispatch(ContextClassLoaderDispatch.java:33)
	at org.gradle.internal.dispatch.ProxyDispatchAdapter$DispatchingInvocationHandler.invoke(ProxyDispatchAdapter.java:94)
	at jdk.proxy2/jdk.proxy2.$Proxy5.stop(Unknown Source)
	at org.gradle.api.internal.tasks.testing.worker.TestWorker$3.run(TestWorker.java:193)
	at org.gradle.api.internal.tasks.testing.worker.TestWorker.executeAndMaintainThreadName(TestWorker.java:129)
	at org.gradle.api.internal.tasks.testing.worker.TestWorker.execute(TestWorker.java:100)
	at org.gradle.api.internal.tasks.testing.worker.TestWorker.execute(TestWorker.java:60)
	at org.gradle.process.internal.worker.child.ActionExecutionWorker.execute(ActionExecutionWorker.java:56)
	at org.gradle.process.internal.worker.child.SystemApplicationClassLoaderWorker.call(SystemApplicationClassLoaderWorker.java:113)
	at org.gradle.process.internal.worker.child.SystemApplicationClassLoaderWorker.call(SystemApplicationClassLoaderWorker.java:65)
	at worker.org.gradle.process.internal.worker.GradleWorkerMain.run(GradleWorkerMain.java:69)
	at worker.org.gradle.process.internal.worker.GradleWorkerMain.main(GradleWorkerMain.java:74)
</failure>
  </testcase>
  <testcase name="testSubst()" classname="de.uka.ilkd.key.logic.TestClashFreeSubst" time="0.128">
    <failure message="java.lang.NullPointerException: Cannot invoke &quot;de.uka.ilkd.key.java.JavaService.getProgramFactory()&quot; because &quot;this.javaService&quot; is null" type="java.lang.NullPointerException">java.lang.NullPointerException: Cannot invoke &quot;de.uka.ilkd.key.java.JavaService.getProgramFactory()&quot; because &quot;this.javaService&quot; is null
	at de.uka.ilkd.key.java.KeYProgModelInfo.isPackage(KeYProgModelInfo.java:213)
	at de.uka.ilkd.key.java.JavaInfo.isPackage(JavaInfo.java:221)
	at de.uka.ilkd.key.speclang.translation.SLExpressionResolver.trimPackageRef(SLExpressionResolver.java:43)
	at de.uka.ilkd.key.speclang.translation.SLExpressionResolver.areInSamePackage(SLExpressionResolver.java:62)
	at de.uka.ilkd.key.speclang.translation.SLExpressionResolver.isVisibleHelper(SLExpressionResolver.java:103)
	at de.uka.ilkd.key.speclang.translation.SLExpressionResolver.isVisible(SLExpressionResolver.java:114)
	at de.uka.ilkd.key.speclang.translation.SLAttributeResolver.lookupVisibleAttribute(SLAttributeResolver.java:37)
	at de.uka.ilkd.key.speclang.translation.SLAttributeResolver.doResolving(SLAttributeResolver.java:94)
	at de.uka.ilkd.key.speclang.translation.SLExpressionResolver.resolve(SLExpressionResolver.java:149)
	at de.uka.ilkd.key.speclang.translation.SLResolverManager.resolveExplicit(SLResolverManager.java:137)
	at de.uka.ilkd.key.speclang.translation.SLResolverManager.resolveImplicit(SLResolverManager.java:112)
	at de.uka.ilkd.key.speclang.translation.SLResolverManager.resolveIt(SLResolverManager.java:159)
	at de.uka.ilkd.key.speclang.translation.SLResolverManager.resolve(SLResolverManager.java:195)
	at de.uka.ilkd.key.speclang.njml.Translator.lookupIdentifier(Translator.java:924)
	at de.uka.ilkd.key.speclang.njml.Translator.visitIdent(Translator.java:882)
	at de.uka.ilkd.key.speclang.njml.JmlParser$IdentContext.accept(JmlParser.java:8637)
	at org.antlr.v4.runtime.tree.AbstractParseTreeVisitor.visitChildren(AbstractParseTreeVisitor.java:46)
	at de.uka.ilkd.key.speclang.njml.JmlParserBaseVisitor.visitPrimaryexpr(JmlParserBaseVisitor.java:724)
	at de.uka.ilkd.key.speclang.njml.JmlParser$PrimaryexprContext.accept(JmlParser.java:8399)
	at de.uka.ilkd.key.speclang.njml.Translator.accept(Translator.java:128)
	at de.uka.ilkd.key.speclang.njml.Translator.visitPostfixexpr(Translator.java:854)
	at de.uka.ilkd.key.speclang.njml.Translator.visitPostfixexpr(Translator.java:63)
	at de.uka.ilkd.key.speclang.njml.JmlParser$PostfixexprContext.accept(JmlParser.java:8315)
	at de.uka.ilkd.key.speclang.njml.Translator.accept(Translator.java:128)
	at de.uka.ilkd.key.speclang.njml.Translator.visitUnaryexprnotplusminus(Translator.java:840)
	at de.uka.ilkd.key.speclang.njml.JmlParser$UnaryexprnotplusminusContext.accept(JmlParser.java:8146)
	at de.uka.ilkd.key.speclang.njml.Translator.accept(Translator.java:128)
	at de.uka.ilkd.key.speclang.njml.Translator.oneOf(Translator.java:147)
	at de.uka.ilkd.key.speclang.njml.Translator.visitUnaryexpr(Translator.java:800)
	at de.uka.ilkd.key.speclang.njml.Translator.visitUnaryexpr(Translator.java:63)
	at de.uka.ilkd.key.speclang.njml.JmlParser$UnaryexprContext.accept(JmlParser.java:8002)
	at de.uka.ilkd.key.speclang.njml.Translator.accept(Translator.java:128)
	at de.uka.ilkd.key.speclang.njml.Translator.lambda$mapOf$0(Translator.java:133)
	at java.base/java.util.stream.ReferencePipeline$3$1.accept(ReferencePipeline.java:197)
	at java.base/java.util.ArrayList$ArrayListSpliterator.forEachRemaining(ArrayList.java:1625)
	at java.base/java.util.stream.AbstractPipeline.copyInto(AbstractPipeline.java:509)
	at java.base/java.util.stream.AbstractPipeline.wrapAndCopyInto(AbstractPipeline.java:499)
	at java.base/java.util.stream.ReduceOps$ReduceOp.evaluateSequential(ReduceOps.java:921)
	at java.base/java.util.stream.AbstractPipeline.evaluate(AbstractPipeline.java:234)
	at java.base/java.util.stream.ReferencePipeline.collect(ReferencePipeline.java:682)
	at de.uka.ilkd.key.speclang.njml.Translator.mapOf(Translator.java:133)
	at de.uka.ilkd.key.speclang.njml.Translator.visitMultexpr(Translator.java:737)
	at de.uka.ilkd.key.speclang.njml.JmlParser$MultexprContext.accept(JmlParser.java:7921)
	at de.uka.ilkd.key.speclang.njml.Translator.accept(Translator.java:128)
	at de.uka.ilkd.key.speclang.njml.Translator.lambda$mapOf$0(Translator.java:133)
	at java.base/java.util.stream.ReferencePipeline$3$1.accept(ReferencePipeline.java:197)
	at java.base/java.util.ArrayList$ArrayListSpliterator.forEachRemaining(ArrayList.java:1625)
	at java.base/java.util.stream.AbstractPipeline.copyInto(AbstractPipeline.java:509)
	at java.base/java.util.stream.AbstractPipeline.wrapAndCopyInto(AbstractPipeline.java:499)
	at java.base/java.util.stream.ReduceOps$ReduceOp.evaluateSequential(ReduceOps.java:921)
	at java.base/java.util.stream.AbstractPipeline.evaluate(AbstractPipeline.java:234)
	at java.base/java.util.stream.ReferencePipeline.collect(ReferencePipeline.java:682)
	at de.uka.ilkd.key.speclang.njml.Translator.mapOf(Translator.java:133)
	at de.uka.ilkd.key.speclang.njml.Translator.visitAdditiveexpr(Translator.java:720)
	at de.uka.ilkd.key.speclang.njml.JmlParser$AdditiveexprContext.accept(JmlParser.java:7829)
	at de.uka.ilkd.key.speclang.njml.Translator.accept(Translator.java:128)
	at de.uka.ilkd.key.speclang.njml.Translator.lambda$mapOf$0(Translator.java:133)
	at java.base/java.util.stream.ReferencePipeline$3$1.accept(ReferencePipeline.java:197)
	at java.base/java.util.ArrayList$ArrayListSpliterator.forEachRemaining(ArrayList.java:1625)
	at java.base/java.util.stream.AbstractPipeline.copyInto(AbstractPipeline.java:509)
	at java.base/java.util.stream.AbstractPipeline.wrapAndCopyInto(AbstractPipeline.java:499)
	at java.base/java.util.stream.ReduceOps$ReduceOp.evaluateSequential(ReduceOps.java:921)
	at java.base/java.util.stream.AbstractPipeline.evaluate(AbstractPipeline.java:234)
	at java.base/java.util.stream.ReferencePipeline.collect(ReferencePipeline.java:682)
	at de.uka.ilkd.key.speclang.njml.Translator.mapOf(Translator.java:133)
	at de.uka.ilkd.key.speclang.njml.Translator.visitShiftexpr(Translator.java:703)
	at de.uka.ilkd.key.speclang.njml.JmlParser$ShiftexprContext.accept(JmlParser.java:7742)
	at de.uka.ilkd.key.speclang.njml.Translator.accept(Translator.java:128)
	at de.uka.ilkd.key.speclang.njml.Translator.oneOf(Translator.java:147)
	at de.uka.ilkd.key.speclang.njml.Translator.visitRelationalexpr(Translator.java:494)
	at de.uka.ilkd.key.speclang.njml.JmlParser$RelationalexprContext.accept(JmlParser.java:7344)
	at de.uka.ilkd.key.speclang.njml.Translator.accept(Translator.java:128)
	at de.uka.ilkd.key.speclang.njml.Translator.lambda$mapOf$0(Translator.java:133)
	at java.base/java.util.stream.ReferencePipeline$3$1.accept(ReferencePipeline.java:197)
	at java.base/java.util.ArrayList$ArrayListSpliterator.forEachRemaining(ArrayList.java:1625)
	at java.base/java.util.stream.AbstractPipeline.copyInto(AbstractPipeline.java:509)
	at java.base/java.util.stream.AbstractPipeline.wrapAndCopyInto(AbstractPipeline.java:499)
	at java.base/java.util.stream.ReduceOps$ReduceOp.evaluateSequential(ReduceOps.java:921)
	at java.base/java.util.stream.AbstractPipeline.evaluate(AbstractPipeline.java:234)
	at java.base/java.util.stream.ReferencePipeline.collect(ReferencePipeline.java:682)
	at de.uka.ilkd.key.speclang.njml.Translator.mapOf(Translator.java:133)
	at de.uka.ilkd.key.speclang.njml.Translator.visitEqualityexpr(Translator.java:562)
	at de.uka.ilkd.key.speclang.njml.Translator.visitEqualityexpr(Translator.java:63)
	at de.uka.ilkd.key.speclang.njml.JmlParser$EqualityexprContext.accept(JmlParser.java:7270)
	at de.uka.ilkd.key.speclang.njml.Translator.accept(Translator.java:128)
	at de.uka.ilkd.key.speclang.njml.Translator.visitAndexpr(Translator.java:544)
	at de.uka.ilkd.key.speclang.njml.JmlParser$AndexprContext.accept(JmlParser.java:7201)
	at de.uka.ilkd.key.speclang.njml.Translator.accept(Translator.java:128)
	at de.uka.ilkd.key.speclang.njml.Translator.visitExclusiveorexpr(Translator.java:529)
	at de.uka.ilkd.key.speclang.njml.JmlParser$ExclusiveorexprContext.accept(JmlParser.java:7132)
	at de.uka.ilkd.key.speclang.njml.Translator.accept(Translator.java:128)
	at de.uka.ilkd.key.speclang.njml.Translator.visitInclusiveorexpr(Translator.java:514)
	at de.uka.ilkd.key.speclang.njml.JmlParser$InclusiveorexprContext.accept(JmlParser.java:7063)
	at de.uka.ilkd.key.speclang.njml.Translator.accept(Translator.java:128)
	at de.uka.ilkd.key.speclang.njml.Translator.visitLogicalandexpr(Translator.java:501)
	at de.uka.ilkd.key.speclang.njml.JmlParser$LogicalandexprContext.accept(JmlParser.java:6994)
	at de.uka.ilkd.key.speclang.njml.Translator.accept(Translator.java:128)
	at de.uka.ilkd.key.speclang.njml.Translator.visitLogicalorexpr(Translator.java:482)
	at de.uka.ilkd.key.speclang.njml.Translator.visitLogicalorexpr(Translator.java:63)
	at de.uka.ilkd.key.speclang.njml.JmlParser$LogicalorexprContext.accept(JmlParser.java:6925)
	at de.uka.ilkd.key.speclang.njml.Translator.accept(Translator.java:128)
	at de.uka.ilkd.key.speclang.njml.Translator.visitImpliesexpr(Translator.java:446)
	at de.uka.ilkd.key.speclang.njml.JmlParser$ImpliesexprContext.accept(JmlParser.java:6662)
	at de.uka.ilkd.key.speclang.njml.Translator.accept(Translator.java:128)
	at de.uka.ilkd.key.speclang.njml.Translator.lambda$mapOf$0(Translator.java:133)
	at java.base/java.util.stream.ReferencePipeline$3$1.accept(ReferencePipeline.java:197)
	at java.base/java.util.ArrayList$ArrayListSpliterator.forEachRemaining(ArrayList.java:1625)
	at java.base/java.util.stream.AbstractPipeline.copyInto(AbstractPipeline.java:509)
	at java.base/java.util.stream.AbstractPipeline.wrapAndCopyInto(AbstractPipeline.java:499)
	at java.base/java.util.stream.ReduceOps$ReduceOp.evaluateSequential(ReduceOps.java:921)
	at java.base/java.util.stream.AbstractPipeline.evaluate(AbstractPipeline.java:234)
	at java.base/java.util.stream.ReferencePipeline.collect(ReferencePipeline.java:682)
	at de.uka.ilkd.key.speclang.njml.Translator.mapOf(Translator.java:133)
	at de.uka.ilkd.key.speclang.njml.Translator.visitEquivalenceexpr(Translator.java:426)
	at de.uka.ilkd.key.speclang.njml.JmlParser$EquivalenceexprContext.accept(JmlParser.java:6585)
	at de.uka.ilkd.key.speclang.njml.Translator.accept(Translator.java:128)
	at de.uka.ilkd.key.speclang.njml.Translator.visitConditionalexpr(Translator.java:412)
	at de.uka.ilkd.key.speclang.njml.Translator.visitConditionalexpr(Translator.java:63)
	at de.uka.ilkd.key.speclang.njml.JmlParser$ConditionalexprContext.accept(JmlParser.java:6516)
	at de.uka.ilkd.key.speclang.njml.Translator.accept(Translator.java:128)
	at de.uka.ilkd.key.speclang.njml.Translator.visitExpression(Translator.java:402)
	at de.uka.ilkd.key.speclang.njml.Translator.visitExpression(Translator.java:63)
	at de.uka.ilkd.key.speclang.njml.JmlParser$ExpressionContext.accept(JmlParser.java:6463)
	at de.uka.ilkd.key.speclang.njml.JmlIO.interpret(JmlIO.java:178)
	at de.uka.ilkd.key.speclang.njml.JmlIO.translateTerm(JmlIO.java:188)
	at de.uka.ilkd.key.speclang.njml.JmlIO.translateTerm(JmlIO.java:201)
	at de.uka.ilkd.key.speclang.jml.translation.JMLSpecFactory.createJMLClassInvariant(JMLSpecFactory.java:957)
	at de.uka.ilkd.key.speclang.jml.JMLSpecExtractor.extractClassSpecs(JMLSpecExtractor.java:250)
	at de.uka.ilkd.key.speclang.SLEnvInput.createSpecs(SLEnvInput.java:284)
	at de.uka.ilkd.key.speclang.SLEnvInput.read(SLEnvInput.java:351)
	at de.uka.ilkd.key.proof.init.KeYUserProblemFile.read(KeYUserProblemFile.java:111)
	at de.uka.ilkd.key.proof.init.ProblemInitializer.readEnvInput(ProblemInitializer.java:323)
	at de.uka.ilkd.key.proof.init.ProblemInitializer.prepare(ProblemInitializer.java:561)
	at de.uka.ilkd.key.proof.init.ProblemInitializer.prepare(ProblemInitializer.java:471)
	at de.uka.ilkd.key.proof.init.ProblemInitializer.startProver(ProblemInitializer.java:607)
	at de.uka.ilkd.key.util.HelperClassForTests.parse(HelperClassForTests.java:78)
	at de.uka.ilkd.key.util.HelperClassForTests.parse(HelperClassForTests.java:66)
	at de.uka.ilkd.key.util.HelperClassForTests.createServices(HelperClassForTests.java:303)
	at de.uka.ilkd.key.parser.AbstractTestTermParser.getServices(AbstractTestTermParser.java:173)
	at de.uka.ilkd.key.parser.AbstractTestTermParser.&lt;init&gt;(AbstractTestTermParser.java:35)
	at de.uka.ilkd.key.logic.TestClashFreeSubst.&lt;init&gt;(TestClashFreeSubst.java:24)
	at java.base/jdk.internal.reflect.NativeConstructorAccessorImpl.newInstance0(Native Method)
	at java.base/jdk.internal.reflect.NativeConstructorAccessorImpl.newInstance(NativeConstructorAccessorImpl.java:77)
	at java.base/jdk.internal.reflect.DelegatingConstructorAccessorImpl.newInstance(DelegatingConstructorAccessorImpl.java:45)
	at java.base/java.lang.reflect.Constructor.newInstanceWithCaller(Constructor.java:499)
	at java.base/java.lang.reflect.Constructor.newInstance(Constructor.java:480)
	at org.junit.platform.commons.util.ReflectionUtils.newInstance(ReflectionUtils.java:552)
	at org.junit.jupiter.engine.execution.ConstructorInvocation.proceed(ConstructorInvocation.java:56)
	at org.junit.jupiter.engine.execution.InvocationInterceptorChain$ValidatingInvocation.proceed(InvocationInterceptorChain.java:131)
	at org.junit.jupiter.api.extension.InvocationInterceptor.interceptTestClassConstructor(InvocationInterceptor.java:73)
	at org.junit.jupiter.engine.execution.InterceptingExecutableInvoker.lambda$invoke$0(InterceptingExecutableInvoker.java:93)
	at org.junit.jupiter.engine.execution.InvocationInterceptorChain$InterceptedInvocation.proceed(InvocationInterceptorChain.java:106)
	at org.junit.jupiter.engine.execution.InvocationInterceptorChain.proceed(InvocationInterceptorChain.java:64)
	at org.junit.jupiter.engine.execution.InvocationInterceptorChain.chainAndInvoke(InvocationInterceptorChain.java:45)
	at org.junit.jupiter.engine.execution.InvocationInterceptorChain.invoke(InvocationInterceptorChain.java:37)
	at org.junit.jupiter.engine.execution.InterceptingExecutableInvoker.invoke(InterceptingExecutableInvoker.java:92)
	at org.junit.jupiter.engine.execution.InterceptingExecutableInvoker.invoke(InterceptingExecutableInvoker.java:62)
	at org.junit.jupiter.engine.descriptor.ClassBasedTestDescriptor.invokeTestClassConstructor(ClassBasedTestDescriptor.java:363)
	at org.junit.jupiter.engine.descriptor.ClassBasedTestDescriptor.instantiateTestClass(ClassBasedTestDescriptor.java:310)
	at org.junit.jupiter.engine.descriptor.ClassTestDescriptor.instantiateTestClass(ClassTestDescriptor.java:79)
	at org.junit.jupiter.engine.descriptor.ClassBasedTestDescriptor.instantiateAndPostProcessTestInstance(ClassBasedTestDescriptor.java:286)
	at org.junit.jupiter.engine.descriptor.ClassBasedTestDescriptor.lambda$testInstancesProvider$4(ClassBasedTestDescriptor.java:278)
	at java.base/java.util.Optional.orElseGet(Optional.java:364)
	at org.junit.jupiter.engine.descriptor.ClassBasedTestDescriptor.lambda$testInstancesProvider$5(ClassBasedTestDescriptor.java:277)
	at org.junit.jupiter.engine.execution.TestInstancesProvider.getTestInstances(TestInstancesProvider.java:31)
	at org.junit.jupiter.engine.descriptor.TestMethodTestDescriptor.lambda$prepare$0(TestMethodTestDescriptor.java:105)
	at org.junit.platform.engine.support.hierarchical.ThrowableCollector.execute(ThrowableCollector.java:73)
	at org.junit.jupiter.engine.descriptor.TestMethodTestDescriptor.prepare(TestMethodTestDescriptor.java:104)
	at org.junit.jupiter.engine.descriptor.TestMethodTestDescriptor.prepare(TestMethodTestDescriptor.java:68)
	at org.junit.platform.engine.support.hierarchical.NodeTestTask.lambda$prepare$2(NodeTestTask.java:123)
	at org.junit.platform.engine.support.hierarchical.ThrowableCollector.execute(ThrowableCollector.java:73)
	at org.junit.platform.engine.support.hierarchical.NodeTestTask.prepare(NodeTestTask.java:123)
	at org.junit.platform.engine.support.hierarchical.NodeTestTask.execute(NodeTestTask.java:90)
	at java.base/java.util.ArrayList.forEach(ArrayList.java:1511)
	at org.junit.platform.engine.support.hierarchical.SameThreadHierarchicalTestExecutorService.invokeAll(SameThreadHierarchicalTestExecutorService.java:41)
	at org.junit.platform.engine.support.hierarchical.NodeTestTask.lambda$executeRecursively$6(NodeTestTask.java:155)
	at org.junit.platform.engine.support.hierarchical.ThrowableCollector.execute(ThrowableCollector.java:73)
	at org.junit.platform.engine.support.hierarchical.NodeTestTask.lambda$executeRecursively$8(NodeTestTask.java:141)
	at org.junit.platform.engine.support.hierarchical.Node.around(Node.java:137)
	at org.junit.platform.engine.support.hierarchical.NodeTestTask.lambda$executeRecursively$9(NodeTestTask.java:139)
	at org.junit.platform.engine.support.hierarchical.ThrowableCollector.execute(ThrowableCollector.java:73)
	at org.junit.platform.engine.support.hierarchical.NodeTestTask.executeRecursively(NodeTestTask.java:138)
	at org.junit.platform.engine.support.hierarchical.NodeTestTask.execute(NodeTestTask.java:95)
	at java.base/java.util.ArrayList.forEach(ArrayList.java:1511)
	at org.junit.platform.engine.support.hierarchical.SameThreadHierarchicalTestExecutorService.invokeAll(SameThreadHierarchicalTestExecutorService.java:41)
	at org.junit.platform.engine.support.hierarchical.NodeTestTask.lambda$executeRecursively$6(NodeTestTask.java:155)
	at org.junit.platform.engine.support.hierarchical.ThrowableCollector.execute(ThrowableCollector.java:73)
	at org.junit.platform.engine.support.hierarchical.NodeTestTask.lambda$executeRecursively$8(NodeTestTask.java:141)
	at org.junit.platform.engine.support.hierarchical.Node.around(Node.java:137)
	at org.junit.platform.engine.support.hierarchical.NodeTestTask.lambda$executeRecursively$9(NodeTestTask.java:139)
	at org.junit.platform.engine.support.hierarchical.ThrowableCollector.execute(ThrowableCollector.java:73)
	at org.junit.platform.engine.support.hierarchical.NodeTestTask.executeRecursively(NodeTestTask.java:138)
	at org.junit.platform.engine.support.hierarchical.NodeTestTask.execute(NodeTestTask.java:95)
	at org.junit.platform.engine.support.hierarchical.SameThreadHierarchicalTestExecutorService.submit(SameThreadHierarchicalTestExecutorService.java:35)
	at org.junit.platform.engine.support.hierarchical.HierarchicalTestExecutor.execute(HierarchicalTestExecutor.java:57)
	at org.junit.platform.engine.support.hierarchical.HierarchicalTestEngine.execute(HierarchicalTestEngine.java:54)
	at org.junit.platform.launcher.core.EngineExecutionOrchestrator.execute(EngineExecutionOrchestrator.java:107)
	at org.junit.platform.launcher.core.EngineExecutionOrchestrator.execute(EngineExecutionOrchestrator.java:88)
	at org.junit.platform.launcher.core.EngineExecutionOrchestrator.lambda$execute$0(EngineExecutionOrchestrator.java:54)
	at org.junit.platform.launcher.core.EngineExecutionOrchestrator.withInterceptedStreams(EngineExecutionOrchestrator.java:67)
	at org.junit.platform.launcher.core.EngineExecutionOrchestrator.execute(EngineExecutionOrchestrator.java:52)
	at org.junit.platform.launcher.core.DefaultLauncher.execute(DefaultLauncher.java:114)
	at org.junit.platform.launcher.core.DefaultLauncher.execute(DefaultLauncher.java:86)
	at org.junit.platform.launcher.core.DefaultLauncherSession$DelegatingLauncher.execute(DefaultLauncherSession.java:86)
	at org.gradle.api.internal.tasks.testing.junitplatform.JUnitPlatformTestClassProcessor$CollectAllTestClassesExecutor.processAllTestClasses(JUnitPlatformTestClassProcessor.java:110)
	at org.gradle.api.internal.tasks.testing.junitplatform.JUnitPlatformTestClassProcessor$CollectAllTestClassesExecutor.access$000(JUnitPlatformTestClassProcessor.java:90)
	at org.gradle.api.internal.tasks.testing.junitplatform.JUnitPlatformTestClassProcessor.stop(JUnitPlatformTestClassProcessor.java:85)
	at org.gradle.api.internal.tasks.testing.SuiteTestClassProcessor.stop(SuiteTestClassProcessor.java:62)
	at java.base/jdk.internal.reflect.NativeMethodAccessorImpl.invoke0(Native Method)
	at java.base/jdk.internal.reflect.NativeMethodAccessorImpl.invoke(NativeMethodAccessorImpl.java:77)
	at java.base/jdk.internal.reflect.DelegatingMethodAccessorImpl.invoke(DelegatingMethodAccessorImpl.java:43)
	at java.base/java.lang.reflect.Method.invoke(Method.java:568)
	at org.gradle.internal.dispatch.ReflectionDispatch.dispatch(ReflectionDispatch.java:36)
	at org.gradle.internal.dispatch.ReflectionDispatch.dispatch(ReflectionDispatch.java:24)
	at org.gradle.internal.dispatch.ContextClassLoaderDispatch.dispatch(ContextClassLoaderDispatch.java:33)
	at org.gradle.internal.dispatch.ProxyDispatchAdapter$DispatchingInvocationHandler.invoke(ProxyDispatchAdapter.java:94)
	at jdk.proxy2/jdk.proxy2.$Proxy5.stop(Unknown Source)
	at org.gradle.api.internal.tasks.testing.worker.TestWorker$3.run(TestWorker.java:193)
	at org.gradle.api.internal.tasks.testing.worker.TestWorker.executeAndMaintainThreadName(TestWorker.java:129)
	at org.gradle.api.internal.tasks.testing.worker.TestWorker.execute(TestWorker.java:100)
	at org.gradle.api.internal.tasks.testing.worker.TestWorker.execute(TestWorker.java:60)
	at org.gradle.process.internal.worker.child.ActionExecutionWorker.execute(ActionExecutionWorker.java:56)
	at org.gradle.process.internal.worker.child.SystemApplicationClassLoaderWorker.call(SystemApplicationClassLoaderWorker.java:113)
	at org.gradle.process.internal.worker.child.SystemApplicationClassLoaderWorker.call(SystemApplicationClassLoaderWorker.java:65)
	at worker.org.gradle.process.internal.worker.GradleWorkerMain.run(GradleWorkerMain.java:69)
	at worker.org.gradle.process.internal.worker.GradleWorkerMain.main(GradleWorkerMain.java:74)
</failure>
  </testcase>
  <testcase name="testWary0()" classname="de.uka.ilkd.key.logic.TestClashFreeSubst" time="0.043">
    <failure message="java.lang.NullPointerException: Cannot invoke &quot;de.uka.ilkd.key.java.JavaService.getProgramFactory()&quot; because &quot;this.javaService&quot; is null" type="java.lang.NullPointerException">java.lang.NullPointerException: Cannot invoke &quot;de.uka.ilkd.key.java.JavaService.getProgramFactory()&quot; because &quot;this.javaService&quot; is null
	at de.uka.ilkd.key.java.KeYProgModelInfo.isPackage(KeYProgModelInfo.java:213)
	at de.uka.ilkd.key.java.JavaInfo.isPackage(JavaInfo.java:221)
	at de.uka.ilkd.key.speclang.translation.SLExpressionResolver.trimPackageRef(SLExpressionResolver.java:43)
	at de.uka.ilkd.key.speclang.translation.SLExpressionResolver.areInSamePackage(SLExpressionResolver.java:62)
	at de.uka.ilkd.key.speclang.translation.SLExpressionResolver.isVisibleHelper(SLExpressionResolver.java:103)
	at de.uka.ilkd.key.speclang.translation.SLExpressionResolver.isVisible(SLExpressionResolver.java:114)
	at de.uka.ilkd.key.speclang.translation.SLAttributeResolver.lookupVisibleAttribute(SLAttributeResolver.java:37)
	at de.uka.ilkd.key.speclang.translation.SLAttributeResolver.doResolving(SLAttributeResolver.java:94)
	at de.uka.ilkd.key.speclang.translation.SLExpressionResolver.resolve(SLExpressionResolver.java:149)
	at de.uka.ilkd.key.speclang.translation.SLResolverManager.resolveExplicit(SLResolverManager.java:137)
	at de.uka.ilkd.key.speclang.translation.SLResolverManager.resolveImplicit(SLResolverManager.java:112)
	at de.uka.ilkd.key.speclang.translation.SLResolverManager.resolveIt(SLResolverManager.java:159)
	at de.uka.ilkd.key.speclang.translation.SLResolverManager.resolve(SLResolverManager.java:195)
	at de.uka.ilkd.key.speclang.njml.Translator.lookupIdentifier(Translator.java:924)
	at de.uka.ilkd.key.speclang.njml.Translator.visitIdent(Translator.java:882)
	at de.uka.ilkd.key.speclang.njml.JmlParser$IdentContext.accept(JmlParser.java:8637)
	at org.antlr.v4.runtime.tree.AbstractParseTreeVisitor.visitChildren(AbstractParseTreeVisitor.java:46)
	at de.uka.ilkd.key.speclang.njml.JmlParserBaseVisitor.visitPrimaryexpr(JmlParserBaseVisitor.java:724)
	at de.uka.ilkd.key.speclang.njml.JmlParser$PrimaryexprContext.accept(JmlParser.java:8399)
	at de.uka.ilkd.key.speclang.njml.Translator.accept(Translator.java:128)
	at de.uka.ilkd.key.speclang.njml.Translator.visitPostfixexpr(Translator.java:854)
	at de.uka.ilkd.key.speclang.njml.Translator.visitPostfixexpr(Translator.java:63)
	at de.uka.ilkd.key.speclang.njml.JmlParser$PostfixexprContext.accept(JmlParser.java:8315)
	at de.uka.ilkd.key.speclang.njml.Translator.accept(Translator.java:128)
	at de.uka.ilkd.key.speclang.njml.Translator.visitUnaryexprnotplusminus(Translator.java:840)
	at de.uka.ilkd.key.speclang.njml.JmlParser$UnaryexprnotplusminusContext.accept(JmlParser.java:8146)
	at de.uka.ilkd.key.speclang.njml.Translator.accept(Translator.java:128)
	at de.uka.ilkd.key.speclang.njml.Translator.oneOf(Translator.java:147)
	at de.uka.ilkd.key.speclang.njml.Translator.visitUnaryexpr(Translator.java:800)
	at de.uka.ilkd.key.speclang.njml.Translator.visitUnaryexpr(Translator.java:63)
	at de.uka.ilkd.key.speclang.njml.JmlParser$UnaryexprContext.accept(JmlParser.java:8002)
	at de.uka.ilkd.key.speclang.njml.Translator.accept(Translator.java:128)
	at de.uka.ilkd.key.speclang.njml.Translator.lambda$mapOf$0(Translator.java:133)
	at java.base/java.util.stream.ReferencePipeline$3$1.accept(ReferencePipeline.java:197)
	at java.base/java.util.ArrayList$ArrayListSpliterator.forEachRemaining(ArrayList.java:1625)
	at java.base/java.util.stream.AbstractPipeline.copyInto(AbstractPipeline.java:509)
	at java.base/java.util.stream.AbstractPipeline.wrapAndCopyInto(AbstractPipeline.java:499)
	at java.base/java.util.stream.ReduceOps$ReduceOp.evaluateSequential(ReduceOps.java:921)
	at java.base/java.util.stream.AbstractPipeline.evaluate(AbstractPipeline.java:234)
	at java.base/java.util.stream.ReferencePipeline.collect(ReferencePipeline.java:682)
	at de.uka.ilkd.key.speclang.njml.Translator.mapOf(Translator.java:133)
	at de.uka.ilkd.key.speclang.njml.Translator.visitMultexpr(Translator.java:737)
	at de.uka.ilkd.key.speclang.njml.JmlParser$MultexprContext.accept(JmlParser.java:7921)
	at de.uka.ilkd.key.speclang.njml.Translator.accept(Translator.java:128)
	at de.uka.ilkd.key.speclang.njml.Translator.lambda$mapOf$0(Translator.java:133)
	at java.base/java.util.stream.ReferencePipeline$3$1.accept(ReferencePipeline.java:197)
	at java.base/java.util.ArrayList$ArrayListSpliterator.forEachRemaining(ArrayList.java:1625)
	at java.base/java.util.stream.AbstractPipeline.copyInto(AbstractPipeline.java:509)
	at java.base/java.util.stream.AbstractPipeline.wrapAndCopyInto(AbstractPipeline.java:499)
	at java.base/java.util.stream.ReduceOps$ReduceOp.evaluateSequential(ReduceOps.java:921)
	at java.base/java.util.stream.AbstractPipeline.evaluate(AbstractPipeline.java:234)
	at java.base/java.util.stream.ReferencePipeline.collect(ReferencePipeline.java:682)
	at de.uka.ilkd.key.speclang.njml.Translator.mapOf(Translator.java:133)
	at de.uka.ilkd.key.speclang.njml.Translator.visitAdditiveexpr(Translator.java:720)
	at de.uka.ilkd.key.speclang.njml.JmlParser$AdditiveexprContext.accept(JmlParser.java:7829)
	at de.uka.ilkd.key.speclang.njml.Translator.accept(Translator.java:128)
	at de.uka.ilkd.key.speclang.njml.Translator.lambda$mapOf$0(Translator.java:133)
	at java.base/java.util.stream.ReferencePipeline$3$1.accept(ReferencePipeline.java:197)
	at java.base/java.util.ArrayList$ArrayListSpliterator.forEachRemaining(ArrayList.java:1625)
	at java.base/java.util.stream.AbstractPipeline.copyInto(AbstractPipeline.java:509)
	at java.base/java.util.stream.AbstractPipeline.wrapAndCopyInto(AbstractPipeline.java:499)
	at java.base/java.util.stream.ReduceOps$ReduceOp.evaluateSequential(ReduceOps.java:921)
	at java.base/java.util.stream.AbstractPipeline.evaluate(AbstractPipeline.java:234)
	at java.base/java.util.stream.ReferencePipeline.collect(ReferencePipeline.java:682)
	at de.uka.ilkd.key.speclang.njml.Translator.mapOf(Translator.java:133)
	at de.uka.ilkd.key.speclang.njml.Translator.visitShiftexpr(Translator.java:703)
	at de.uka.ilkd.key.speclang.njml.JmlParser$ShiftexprContext.accept(JmlParser.java:7742)
	at de.uka.ilkd.key.speclang.njml.Translator.accept(Translator.java:128)
	at de.uka.ilkd.key.speclang.njml.Translator.oneOf(Translator.java:147)
	at de.uka.ilkd.key.speclang.njml.Translator.visitRelationalexpr(Translator.java:494)
	at de.uka.ilkd.key.speclang.njml.JmlParser$RelationalexprContext.accept(JmlParser.java:7344)
	at de.uka.ilkd.key.speclang.njml.Translator.accept(Translator.java:128)
	at de.uka.ilkd.key.speclang.njml.Translator.lambda$mapOf$0(Translator.java:133)
	at java.base/java.util.stream.ReferencePipeline$3$1.accept(ReferencePipeline.java:197)
	at java.base/java.util.ArrayList$ArrayListSpliterator.forEachRemaining(ArrayList.java:1625)
	at java.base/java.util.stream.AbstractPipeline.copyInto(AbstractPipeline.java:509)
	at java.base/java.util.stream.AbstractPipeline.wrapAndCopyInto(AbstractPipeline.java:499)
	at java.base/java.util.stream.ReduceOps$ReduceOp.evaluateSequential(ReduceOps.java:921)
	at java.base/java.util.stream.AbstractPipeline.evaluate(AbstractPipeline.java:234)
	at java.base/java.util.stream.ReferencePipeline.collect(ReferencePipeline.java:682)
	at de.uka.ilkd.key.speclang.njml.Translator.mapOf(Translator.java:133)
	at de.uka.ilkd.key.speclang.njml.Translator.visitEqualityexpr(Translator.java:562)
	at de.uka.ilkd.key.speclang.njml.Translator.visitEqualityexpr(Translator.java:63)
	at de.uka.ilkd.key.speclang.njml.JmlParser$EqualityexprContext.accept(JmlParser.java:7270)
	at de.uka.ilkd.key.speclang.njml.Translator.accept(Translator.java:128)
	at de.uka.ilkd.key.speclang.njml.Translator.visitAndexpr(Translator.java:544)
	at de.uka.ilkd.key.speclang.njml.JmlParser$AndexprContext.accept(JmlParser.java:7201)
	at de.uka.ilkd.key.speclang.njml.Translator.accept(Translator.java:128)
	at de.uka.ilkd.key.speclang.njml.Translator.visitExclusiveorexpr(Translator.java:529)
	at de.uka.ilkd.key.speclang.njml.JmlParser$ExclusiveorexprContext.accept(JmlParser.java:7132)
	at de.uka.ilkd.key.speclang.njml.Translator.accept(Translator.java:128)
	at de.uka.ilkd.key.speclang.njml.Translator.visitInclusiveorexpr(Translator.java:514)
	at de.uka.ilkd.key.speclang.njml.JmlParser$InclusiveorexprContext.accept(JmlParser.java:7063)
	at de.uka.ilkd.key.speclang.njml.Translator.accept(Translator.java:128)
	at de.uka.ilkd.key.speclang.njml.Translator.visitLogicalandexpr(Translator.java:501)
	at de.uka.ilkd.key.speclang.njml.JmlParser$LogicalandexprContext.accept(JmlParser.java:6994)
	at de.uka.ilkd.key.speclang.njml.Translator.accept(Translator.java:128)
	at de.uka.ilkd.key.speclang.njml.Translator.visitLogicalorexpr(Translator.java:482)
	at de.uka.ilkd.key.speclang.njml.Translator.visitLogicalorexpr(Translator.java:63)
	at de.uka.ilkd.key.speclang.njml.JmlParser$LogicalorexprContext.accept(JmlParser.java:6925)
	at de.uka.ilkd.key.speclang.njml.Translator.accept(Translator.java:128)
	at de.uka.ilkd.key.speclang.njml.Translator.visitImpliesexpr(Translator.java:446)
	at de.uka.ilkd.key.speclang.njml.JmlParser$ImpliesexprContext.accept(JmlParser.java:6662)
	at de.uka.ilkd.key.speclang.njml.Translator.accept(Translator.java:128)
	at de.uka.ilkd.key.speclang.njml.Translator.lambda$mapOf$0(Translator.java:133)
	at java.base/java.util.stream.ReferencePipeline$3$1.accept(ReferencePipeline.java:197)
	at java.base/java.util.ArrayList$ArrayListSpliterator.forEachRemaining(ArrayList.java:1625)
	at java.base/java.util.stream.AbstractPipeline.copyInto(AbstractPipeline.java:509)
	at java.base/java.util.stream.AbstractPipeline.wrapAndCopyInto(AbstractPipeline.java:499)
	at java.base/java.util.stream.ReduceOps$ReduceOp.evaluateSequential(ReduceOps.java:921)
	at java.base/java.util.stream.AbstractPipeline.evaluate(AbstractPipeline.java:234)
	at java.base/java.util.stream.ReferencePipeline.collect(ReferencePipeline.java:682)
	at de.uka.ilkd.key.speclang.njml.Translator.mapOf(Translator.java:133)
	at de.uka.ilkd.key.speclang.njml.Translator.visitEquivalenceexpr(Translator.java:426)
	at de.uka.ilkd.key.speclang.njml.JmlParser$EquivalenceexprContext.accept(JmlParser.java:6585)
	at de.uka.ilkd.key.speclang.njml.Translator.accept(Translator.java:128)
	at de.uka.ilkd.key.speclang.njml.Translator.visitConditionalexpr(Translator.java:412)
	at de.uka.ilkd.key.speclang.njml.Translator.visitConditionalexpr(Translator.java:63)
	at de.uka.ilkd.key.speclang.njml.JmlParser$ConditionalexprContext.accept(JmlParser.java:6516)
	at de.uka.ilkd.key.speclang.njml.Translator.accept(Translator.java:128)
	at de.uka.ilkd.key.speclang.njml.Translator.visitExpression(Translator.java:402)
	at de.uka.ilkd.key.speclang.njml.Translator.visitExpression(Translator.java:63)
	at de.uka.ilkd.key.speclang.njml.JmlParser$ExpressionContext.accept(JmlParser.java:6463)
	at de.uka.ilkd.key.speclang.njml.JmlIO.interpret(JmlIO.java:178)
	at de.uka.ilkd.key.speclang.njml.JmlIO.translateTerm(JmlIO.java:188)
	at de.uka.ilkd.key.speclang.njml.JmlIO.translateTerm(JmlIO.java:201)
	at de.uka.ilkd.key.speclang.jml.translation.JMLSpecFactory.createJMLClassInvariant(JMLSpecFactory.java:957)
	at de.uka.ilkd.key.speclang.jml.JMLSpecExtractor.extractClassSpecs(JMLSpecExtractor.java:250)
	at de.uka.ilkd.key.speclang.SLEnvInput.createSpecs(SLEnvInput.java:284)
	at de.uka.ilkd.key.speclang.SLEnvInput.read(SLEnvInput.java:351)
	at de.uka.ilkd.key.proof.init.KeYUserProblemFile.read(KeYUserProblemFile.java:111)
	at de.uka.ilkd.key.proof.init.ProblemInitializer.readEnvInput(ProblemInitializer.java:323)
	at de.uka.ilkd.key.proof.init.ProblemInitializer.prepare(ProblemInitializer.java:561)
	at de.uka.ilkd.key.proof.init.ProblemInitializer.prepare(ProblemInitializer.java:471)
	at de.uka.ilkd.key.proof.init.ProblemInitializer.startProver(ProblemInitializer.java:607)
	at de.uka.ilkd.key.util.HelperClassForTests.parse(HelperClassForTests.java:78)
	at de.uka.ilkd.key.util.HelperClassForTests.parse(HelperClassForTests.java:66)
	at de.uka.ilkd.key.util.HelperClassForTests.createServices(HelperClassForTests.java:303)
	at de.uka.ilkd.key.parser.AbstractTestTermParser.getServices(AbstractTestTermParser.java:173)
	at de.uka.ilkd.key.parser.AbstractTestTermParser.&lt;init&gt;(AbstractTestTermParser.java:35)
	at de.uka.ilkd.key.logic.TestClashFreeSubst.&lt;init&gt;(TestClashFreeSubst.java:24)
	at java.base/jdk.internal.reflect.NativeConstructorAccessorImpl.newInstance0(Native Method)
	at java.base/jdk.internal.reflect.NativeConstructorAccessorImpl.newInstance(NativeConstructorAccessorImpl.java:77)
	at java.base/jdk.internal.reflect.DelegatingConstructorAccessorImpl.newInstance(DelegatingConstructorAccessorImpl.java:45)
	at java.base/java.lang.reflect.Constructor.newInstanceWithCaller(Constructor.java:499)
	at java.base/java.lang.reflect.Constructor.newInstance(Constructor.java:480)
	at org.junit.platform.commons.util.ReflectionUtils.newInstance(ReflectionUtils.java:552)
	at org.junit.jupiter.engine.execution.ConstructorInvocation.proceed(ConstructorInvocation.java:56)
	at org.junit.jupiter.engine.execution.InvocationInterceptorChain$ValidatingInvocation.proceed(InvocationInterceptorChain.java:131)
	at org.junit.jupiter.api.extension.InvocationInterceptor.interceptTestClassConstructor(InvocationInterceptor.java:73)
	at org.junit.jupiter.engine.execution.InterceptingExecutableInvoker.lambda$invoke$0(InterceptingExecutableInvoker.java:93)
	at org.junit.jupiter.engine.execution.InvocationInterceptorChain$InterceptedInvocation.proceed(InvocationInterceptorChain.java:106)
	at org.junit.jupiter.engine.execution.InvocationInterceptorChain.proceed(InvocationInterceptorChain.java:64)
	at org.junit.jupiter.engine.execution.InvocationInterceptorChain.chainAndInvoke(InvocationInterceptorChain.java:45)
	at org.junit.jupiter.engine.execution.InvocationInterceptorChain.invoke(InvocationInterceptorChain.java:37)
	at org.junit.jupiter.engine.execution.InterceptingExecutableInvoker.invoke(InterceptingExecutableInvoker.java:92)
	at org.junit.jupiter.engine.execution.InterceptingExecutableInvoker.invoke(InterceptingExecutableInvoker.java:62)
	at org.junit.jupiter.engine.descriptor.ClassBasedTestDescriptor.invokeTestClassConstructor(ClassBasedTestDescriptor.java:363)
	at org.junit.jupiter.engine.descriptor.ClassBasedTestDescriptor.instantiateTestClass(ClassBasedTestDescriptor.java:310)
	at org.junit.jupiter.engine.descriptor.ClassTestDescriptor.instantiateTestClass(ClassTestDescriptor.java:79)
	at org.junit.jupiter.engine.descriptor.ClassBasedTestDescriptor.instantiateAndPostProcessTestInstance(ClassBasedTestDescriptor.java:286)
	at org.junit.jupiter.engine.descriptor.ClassBasedTestDescriptor.lambda$testInstancesProvider$4(ClassBasedTestDescriptor.java:278)
	at java.base/java.util.Optional.orElseGet(Optional.java:364)
	at org.junit.jupiter.engine.descriptor.ClassBasedTestDescriptor.lambda$testInstancesProvider$5(ClassBasedTestDescriptor.java:277)
	at org.junit.jupiter.engine.execution.TestInstancesProvider.getTestInstances(TestInstancesProvider.java:31)
	at org.junit.jupiter.engine.descriptor.TestMethodTestDescriptor.lambda$prepare$0(TestMethodTestDescriptor.java:105)
	at org.junit.platform.engine.support.hierarchical.ThrowableCollector.execute(ThrowableCollector.java:73)
	at org.junit.jupiter.engine.descriptor.TestMethodTestDescriptor.prepare(TestMethodTestDescriptor.java:104)
	at org.junit.jupiter.engine.descriptor.TestMethodTestDescriptor.prepare(TestMethodTestDescriptor.java:68)
	at org.junit.platform.engine.support.hierarchical.NodeTestTask.lambda$prepare$2(NodeTestTask.java:123)
	at org.junit.platform.engine.support.hierarchical.ThrowableCollector.execute(ThrowableCollector.java:73)
	at org.junit.platform.engine.support.hierarchical.NodeTestTask.prepare(NodeTestTask.java:123)
	at org.junit.platform.engine.support.hierarchical.NodeTestTask.execute(NodeTestTask.java:90)
	at java.base/java.util.ArrayList.forEach(ArrayList.java:1511)
	at org.junit.platform.engine.support.hierarchical.SameThreadHierarchicalTestExecutorService.invokeAll(SameThreadHierarchicalTestExecutorService.java:41)
	at org.junit.platform.engine.support.hierarchical.NodeTestTask.lambda$executeRecursively$6(NodeTestTask.java:155)
	at org.junit.platform.engine.support.hierarchical.ThrowableCollector.execute(ThrowableCollector.java:73)
	at org.junit.platform.engine.support.hierarchical.NodeTestTask.lambda$executeRecursively$8(NodeTestTask.java:141)
	at org.junit.platform.engine.support.hierarchical.Node.around(Node.java:137)
	at org.junit.platform.engine.support.hierarchical.NodeTestTask.lambda$executeRecursively$9(NodeTestTask.java:139)
	at org.junit.platform.engine.support.hierarchical.ThrowableCollector.execute(ThrowableCollector.java:73)
	at org.junit.platform.engine.support.hierarchical.NodeTestTask.executeRecursively(NodeTestTask.java:138)
	at org.junit.platform.engine.support.hierarchical.NodeTestTask.execute(NodeTestTask.java:95)
	at java.base/java.util.ArrayList.forEach(ArrayList.java:1511)
	at org.junit.platform.engine.support.hierarchical.SameThreadHierarchicalTestExecutorService.invokeAll(SameThreadHierarchicalTestExecutorService.java:41)
	at org.junit.platform.engine.support.hierarchical.NodeTestTask.lambda$executeRecursively$6(NodeTestTask.java:155)
	at org.junit.platform.engine.support.hierarchical.ThrowableCollector.execute(ThrowableCollector.java:73)
	at org.junit.platform.engine.support.hierarchical.NodeTestTask.lambda$executeRecursively$8(NodeTestTask.java:141)
	at org.junit.platform.engine.support.hierarchical.Node.around(Node.java:137)
	at org.junit.platform.engine.support.hierarchical.NodeTestTask.lambda$executeRecursively$9(NodeTestTask.java:139)
	at org.junit.platform.engine.support.hierarchical.ThrowableCollector.execute(ThrowableCollector.java:73)
	at org.junit.platform.engine.support.hierarchical.NodeTestTask.executeRecursively(NodeTestTask.java:138)
	at org.junit.platform.engine.support.hierarchical.NodeTestTask.execute(NodeTestTask.java:95)
	at org.junit.platform.engine.support.hierarchical.SameThreadHierarchicalTestExecutorService.submit(SameThreadHierarchicalTestExecutorService.java:35)
	at org.junit.platform.engine.support.hierarchical.HierarchicalTestExecutor.execute(HierarchicalTestExecutor.java:57)
	at org.junit.platform.engine.support.hierarchical.HierarchicalTestEngine.execute(HierarchicalTestEngine.java:54)
	at org.junit.platform.launcher.core.EngineExecutionOrchestrator.execute(EngineExecutionOrchestrator.java:107)
	at org.junit.platform.launcher.core.EngineExecutionOrchestrator.execute(EngineExecutionOrchestrator.java:88)
	at org.junit.platform.launcher.core.EngineExecutionOrchestrator.lambda$execute$0(EngineExecutionOrchestrator.java:54)
	at org.junit.platform.launcher.core.EngineExecutionOrchestrator.withInterceptedStreams(EngineExecutionOrchestrator.java:67)
	at org.junit.platform.launcher.core.EngineExecutionOrchestrator.execute(EngineExecutionOrchestrator.java:52)
	at org.junit.platform.launcher.core.DefaultLauncher.execute(DefaultLauncher.java:114)
	at org.junit.platform.launcher.core.DefaultLauncher.execute(DefaultLauncher.java:86)
	at org.junit.platform.launcher.core.DefaultLauncherSession$DelegatingLauncher.execute(DefaultLauncherSession.java:86)
	at org.gradle.api.internal.tasks.testing.junitplatform.JUnitPlatformTestClassProcessor$CollectAllTestClassesExecutor.processAllTestClasses(JUnitPlatformTestClassProcessor.java:110)
	at org.gradle.api.internal.tasks.testing.junitplatform.JUnitPlatformTestClassProcessor$CollectAllTestClassesExecutor.access$000(JUnitPlatformTestClassProcessor.java:90)
	at org.gradle.api.internal.tasks.testing.junitplatform.JUnitPlatformTestClassProcessor.stop(JUnitPlatformTestClassProcessor.java:85)
	at org.gradle.api.internal.tasks.testing.SuiteTestClassProcessor.stop(SuiteTestClassProcessor.java:62)
	at java.base/jdk.internal.reflect.NativeMethodAccessorImpl.invoke0(Native Method)
	at java.base/jdk.internal.reflect.NativeMethodAccessorImpl.invoke(NativeMethodAccessorImpl.java:77)
	at java.base/jdk.internal.reflect.DelegatingMethodAccessorImpl.invoke(DelegatingMethodAccessorImpl.java:43)
	at java.base/java.lang.reflect.Method.invoke(Method.java:568)
	at org.gradle.internal.dispatch.ReflectionDispatch.dispatch(ReflectionDispatch.java:36)
	at org.gradle.internal.dispatch.ReflectionDispatch.dispatch(ReflectionDispatch.java:24)
	at org.gradle.internal.dispatch.ContextClassLoaderDispatch.dispatch(ContextClassLoaderDispatch.java:33)
	at org.gradle.internal.dispatch.ProxyDispatchAdapter$DispatchingInvocationHandler.invoke(ProxyDispatchAdapter.java:94)
	at jdk.proxy2/jdk.proxy2.$Proxy5.stop(Unknown Source)
	at org.gradle.api.internal.tasks.testing.worker.TestWorker$3.run(TestWorker.java:193)
	at org.gradle.api.internal.tasks.testing.worker.TestWorker.executeAndMaintainThreadName(TestWorker.java:129)
	at org.gradle.api.internal.tasks.testing.worker.TestWorker.execute(TestWorker.java:100)
	at org.gradle.api.internal.tasks.testing.worker.TestWorker.execute(TestWorker.java:60)
	at org.gradle.process.internal.worker.child.ActionExecutionWorker.execute(ActionExecutionWorker.java:56)
	at org.gradle.process.internal.worker.child.SystemApplicationClassLoaderWorker.call(SystemApplicationClassLoaderWorker.java:113)
	at org.gradle.process.internal.worker.child.SystemApplicationClassLoaderWorker.call(SystemApplicationClassLoaderWorker.java:65)
	at worker.org.gradle.process.internal.worker.GradleWorkerMain.run(GradleWorkerMain.java:69)
	at worker.org.gradle.process.internal.worker.GradleWorkerMain.main(GradleWorkerMain.java:74)
</failure>
  </testcase>
  <testcase name="testWary1()" classname="de.uka.ilkd.key.logic.TestClashFreeSubst" time="0.0">
    <failure message="java.lang.NullPointerException: Cannot invoke &quot;de.uka.ilkd.key.java.JavaService.getProgramFactory()&quot; because &quot;this.javaService&quot; is null" type="java.lang.NullPointerException">java.lang.NullPointerException: Cannot invoke &quot;de.uka.ilkd.key.java.JavaService.getProgramFactory()&quot; because &quot;this.javaService&quot; is null
	at de.uka.ilkd.key.java.KeYProgModelInfo.isPackage(KeYProgModelInfo.java:213)
	at de.uka.ilkd.key.java.JavaInfo.isPackage(JavaInfo.java:221)
	at de.uka.ilkd.key.speclang.translation.SLExpressionResolver.trimPackageRef(SLExpressionResolver.java:43)
	at de.uka.ilkd.key.speclang.translation.SLExpressionResolver.areInSamePackage(SLExpressionResolver.java:62)
	at de.uka.ilkd.key.speclang.translation.SLExpressionResolver.isVisibleHelper(SLExpressionResolver.java:103)
	at de.uka.ilkd.key.speclang.translation.SLExpressionResolver.isVisible(SLExpressionResolver.java:114)
	at de.uka.ilkd.key.speclang.translation.SLAttributeResolver.lookupVisibleAttribute(SLAttributeResolver.java:37)
	at de.uka.ilkd.key.speclang.translation.SLAttributeResolver.doResolving(SLAttributeResolver.java:94)
	at de.uka.ilkd.key.speclang.translation.SLExpressionResolver.resolve(SLExpressionResolver.java:149)
	at de.uka.ilkd.key.speclang.translation.SLResolverManager.resolveExplicit(SLResolverManager.java:137)
	at de.uka.ilkd.key.speclang.translation.SLResolverManager.resolveImplicit(SLResolverManager.java:112)
	at de.uka.ilkd.key.speclang.translation.SLResolverManager.resolveIt(SLResolverManager.java:159)
	at de.uka.ilkd.key.speclang.translation.SLResolverManager.resolve(SLResolverManager.java:195)
	at de.uka.ilkd.key.speclang.njml.Translator.lookupIdentifier(Translator.java:924)
	at de.uka.ilkd.key.speclang.njml.Translator.visitIdent(Translator.java:882)
	at de.uka.ilkd.key.speclang.njml.JmlParser$IdentContext.accept(JmlParser.java:8637)
	at org.antlr.v4.runtime.tree.AbstractParseTreeVisitor.visitChildren(AbstractParseTreeVisitor.java:46)
	at de.uka.ilkd.key.speclang.njml.JmlParserBaseVisitor.visitPrimaryexpr(JmlParserBaseVisitor.java:724)
	at de.uka.ilkd.key.speclang.njml.JmlParser$PrimaryexprContext.accept(JmlParser.java:8399)
	at de.uka.ilkd.key.speclang.njml.Translator.accept(Translator.java:128)
	at de.uka.ilkd.key.speclang.njml.Translator.visitPostfixexpr(Translator.java:854)
	at de.uka.ilkd.key.speclang.njml.Translator.visitPostfixexpr(Translator.java:63)
	at de.uka.ilkd.key.speclang.njml.JmlParser$PostfixexprContext.accept(JmlParser.java:8315)
	at de.uka.ilkd.key.speclang.njml.Translator.accept(Translator.java:128)
	at de.uka.ilkd.key.speclang.njml.Translator.visitUnaryexprnotplusminus(Translator.java:840)
	at de.uka.ilkd.key.speclang.njml.JmlParser$UnaryexprnotplusminusContext.accept(JmlParser.java:8146)
	at de.uka.ilkd.key.speclang.njml.Translator.accept(Translator.java:128)
	at de.uka.ilkd.key.speclang.njml.Translator.oneOf(Translator.java:147)
	at de.uka.ilkd.key.speclang.njml.Translator.visitUnaryexpr(Translator.java:800)
	at de.uka.ilkd.key.speclang.njml.Translator.visitUnaryexpr(Translator.java:63)
	at de.uka.ilkd.key.speclang.njml.JmlParser$UnaryexprContext.accept(JmlParser.java:8002)
	at de.uka.ilkd.key.speclang.njml.Translator.accept(Translator.java:128)
	at de.uka.ilkd.key.speclang.njml.Translator.lambda$mapOf$0(Translator.java:133)
	at java.base/java.util.stream.ReferencePipeline$3$1.accept(ReferencePipeline.java:197)
	at java.base/java.util.ArrayList$ArrayListSpliterator.forEachRemaining(ArrayList.java:1625)
	at java.base/java.util.stream.AbstractPipeline.copyInto(AbstractPipeline.java:509)
	at java.base/java.util.stream.AbstractPipeline.wrapAndCopyInto(AbstractPipeline.java:499)
	at java.base/java.util.stream.ReduceOps$ReduceOp.evaluateSequential(ReduceOps.java:921)
	at java.base/java.util.stream.AbstractPipeline.evaluate(AbstractPipeline.java:234)
	at java.base/java.util.stream.ReferencePipeline.collect(ReferencePipeline.java:682)
	at de.uka.ilkd.key.speclang.njml.Translator.mapOf(Translator.java:133)
	at de.uka.ilkd.key.speclang.njml.Translator.visitMultexpr(Translator.java:737)
	at de.uka.ilkd.key.speclang.njml.JmlParser$MultexprContext.accept(JmlParser.java:7921)
	at de.uka.ilkd.key.speclang.njml.Translator.accept(Translator.java:128)
	at de.uka.ilkd.key.speclang.njml.Translator.lambda$mapOf$0(Translator.java:133)
	at java.base/java.util.stream.ReferencePipeline$3$1.accept(ReferencePipeline.java:197)
	at java.base/java.util.ArrayList$ArrayListSpliterator.forEachRemaining(ArrayList.java:1625)
	at java.base/java.util.stream.AbstractPipeline.copyInto(AbstractPipeline.java:509)
	at java.base/java.util.stream.AbstractPipeline.wrapAndCopyInto(AbstractPipeline.java:499)
	at java.base/java.util.stream.ReduceOps$ReduceOp.evaluateSequential(ReduceOps.java:921)
	at java.base/java.util.stream.AbstractPipeline.evaluate(AbstractPipeline.java:234)
	at java.base/java.util.stream.ReferencePipeline.collect(ReferencePipeline.java:682)
	at de.uka.ilkd.key.speclang.njml.Translator.mapOf(Translator.java:133)
	at de.uka.ilkd.key.speclang.njml.Translator.visitAdditiveexpr(Translator.java:720)
	at de.uka.ilkd.key.speclang.njml.JmlParser$AdditiveexprContext.accept(JmlParser.java:7829)
	at de.uka.ilkd.key.speclang.njml.Translator.accept(Translator.java:128)
	at de.uka.ilkd.key.speclang.njml.Translator.lambda$mapOf$0(Translator.java:133)
	at java.base/java.util.stream.ReferencePipeline$3$1.accept(ReferencePipeline.java:197)
	at java.base/java.util.ArrayList$ArrayListSpliterator.forEachRemaining(ArrayList.java:1625)
	at java.base/java.util.stream.AbstractPipeline.copyInto(AbstractPipeline.java:509)
	at java.base/java.util.stream.AbstractPipeline.wrapAndCopyInto(AbstractPipeline.java:499)
	at java.base/java.util.stream.ReduceOps$ReduceOp.evaluateSequential(ReduceOps.java:921)
	at java.base/java.util.stream.AbstractPipeline.evaluate(AbstractPipeline.java:234)
	at java.base/java.util.stream.ReferencePipeline.collect(ReferencePipeline.java:682)
	at de.uka.ilkd.key.speclang.njml.Translator.mapOf(Translator.java:133)
	at de.uka.ilkd.key.speclang.njml.Translator.visitShiftexpr(Translator.java:703)
	at de.uka.ilkd.key.speclang.njml.JmlParser$ShiftexprContext.accept(JmlParser.java:7742)
	at de.uka.ilkd.key.speclang.njml.Translator.accept(Translator.java:128)
	at de.uka.ilkd.key.speclang.njml.Translator.oneOf(Translator.java:147)
	at de.uka.ilkd.key.speclang.njml.Translator.visitRelationalexpr(Translator.java:494)
	at de.uka.ilkd.key.speclang.njml.JmlParser$RelationalexprContext.accept(JmlParser.java:7344)
	at de.uka.ilkd.key.speclang.njml.Translator.accept(Translator.java:128)
	at de.uka.ilkd.key.speclang.njml.Translator.lambda$mapOf$0(Translator.java:133)
	at java.base/java.util.stream.ReferencePipeline$3$1.accept(ReferencePipeline.java:197)
	at java.base/java.util.ArrayList$ArrayListSpliterator.forEachRemaining(ArrayList.java:1625)
	at java.base/java.util.stream.AbstractPipeline.copyInto(AbstractPipeline.java:509)
	at java.base/java.util.stream.AbstractPipeline.wrapAndCopyInto(AbstractPipeline.java:499)
	at java.base/java.util.stream.ReduceOps$ReduceOp.evaluateSequential(ReduceOps.java:921)
	at java.base/java.util.stream.AbstractPipeline.evaluate(AbstractPipeline.java:234)
	at java.base/java.util.stream.ReferencePipeline.collect(ReferencePipeline.java:682)
	at de.uka.ilkd.key.speclang.njml.Translator.mapOf(Translator.java:133)
	at de.uka.ilkd.key.speclang.njml.Translator.visitEqualityexpr(Translator.java:562)
	at de.uka.ilkd.key.speclang.njml.Translator.visitEqualityexpr(Translator.java:63)
	at de.uka.ilkd.key.speclang.njml.JmlParser$EqualityexprContext.accept(JmlParser.java:7270)
	at de.uka.ilkd.key.speclang.njml.Translator.accept(Translator.java:128)
	at de.uka.ilkd.key.speclang.njml.Translator.visitAndexpr(Translator.java:544)
	at de.uka.ilkd.key.speclang.njml.JmlParser$AndexprContext.accept(JmlParser.java:7201)
	at de.uka.ilkd.key.speclang.njml.Translator.accept(Translator.java:128)
	at de.uka.ilkd.key.speclang.njml.Translator.visitExclusiveorexpr(Translator.java:529)
	at de.uka.ilkd.key.speclang.njml.JmlParser$ExclusiveorexprContext.accept(JmlParser.java:7132)
	at de.uka.ilkd.key.speclang.njml.Translator.accept(Translator.java:128)
	at de.uka.ilkd.key.speclang.njml.Translator.visitInclusiveorexpr(Translator.java:514)
	at de.uka.ilkd.key.speclang.njml.JmlParser$InclusiveorexprContext.accept(JmlParser.java:7063)
	at de.uka.ilkd.key.speclang.njml.Translator.accept(Translator.java:128)
	at de.uka.ilkd.key.speclang.njml.Translator.visitLogicalandexpr(Translator.java:501)
	at de.uka.ilkd.key.speclang.njml.JmlParser$LogicalandexprContext.accept(JmlParser.java:6994)
	at de.uka.ilkd.key.speclang.njml.Translator.accept(Translator.java:128)
	at de.uka.ilkd.key.speclang.njml.Translator.visitLogicalorexpr(Translator.java:482)
	at de.uka.ilkd.key.speclang.njml.Translator.visitLogicalorexpr(Translator.java:63)
	at de.uka.ilkd.key.speclang.njml.JmlParser$LogicalorexprContext.accept(JmlParser.java:6925)
	at de.uka.ilkd.key.speclang.njml.Translator.accept(Translator.java:128)
	at de.uka.ilkd.key.speclang.njml.Translator.visitImpliesexpr(Translator.java:446)
	at de.uka.ilkd.key.speclang.njml.JmlParser$ImpliesexprContext.accept(JmlParser.java:6662)
	at de.uka.ilkd.key.speclang.njml.Translator.accept(Translator.java:128)
	at de.uka.ilkd.key.speclang.njml.Translator.lambda$mapOf$0(Translator.java:133)
	at java.base/java.util.stream.ReferencePipeline$3$1.accept(ReferencePipeline.java:197)
	at java.base/java.util.ArrayList$ArrayListSpliterator.forEachRemaining(ArrayList.java:1625)
	at java.base/java.util.stream.AbstractPipeline.copyInto(AbstractPipeline.java:509)
	at java.base/java.util.stream.AbstractPipeline.wrapAndCopyInto(AbstractPipeline.java:499)
	at java.base/java.util.stream.ReduceOps$ReduceOp.evaluateSequential(ReduceOps.java:921)
	at java.base/java.util.stream.AbstractPipeline.evaluate(AbstractPipeline.java:234)
	at java.base/java.util.stream.ReferencePipeline.collect(ReferencePipeline.java:682)
	at de.uka.ilkd.key.speclang.njml.Translator.mapOf(Translator.java:133)
	at de.uka.ilkd.key.speclang.njml.Translator.visitEquivalenceexpr(Translator.java:426)
	at de.uka.ilkd.key.speclang.njml.JmlParser$EquivalenceexprContext.accept(JmlParser.java:6585)
	at de.uka.ilkd.key.speclang.njml.Translator.accept(Translator.java:128)
	at de.uka.ilkd.key.speclang.njml.Translator.visitConditionalexpr(Translator.java:412)
	at de.uka.ilkd.key.speclang.njml.Translator.visitConditionalexpr(Translator.java:63)
	at de.uka.ilkd.key.speclang.njml.JmlParser$ConditionalexprContext.accept(JmlParser.java:6516)
	at de.uka.ilkd.key.speclang.njml.Translator.accept(Translator.java:128)
	at de.uka.ilkd.key.speclang.njml.Translator.visitExpression(Translator.java:402)
	at de.uka.ilkd.key.speclang.njml.Translator.visitExpression(Translator.java:63)
	at de.uka.ilkd.key.speclang.njml.JmlParser$ExpressionContext.accept(JmlParser.java:6463)
	at de.uka.ilkd.key.speclang.njml.JmlIO.interpret(JmlIO.java:178)
	at de.uka.ilkd.key.speclang.njml.JmlIO.translateTerm(JmlIO.java:188)
	at de.uka.ilkd.key.speclang.njml.JmlIO.translateTerm(JmlIO.java:201)
	at de.uka.ilkd.key.speclang.jml.translation.JMLSpecFactory.createJMLClassInvariant(JMLSpecFactory.java:957)
	at de.uka.ilkd.key.speclang.jml.JMLSpecExtractor.extractClassSpecs(JMLSpecExtractor.java:250)
	at de.uka.ilkd.key.speclang.SLEnvInput.createSpecs(SLEnvInput.java:284)
	at de.uka.ilkd.key.speclang.SLEnvInput.read(SLEnvInput.java:351)
	at de.uka.ilkd.key.proof.init.KeYUserProblemFile.read(KeYUserProblemFile.java:111)
	at de.uka.ilkd.key.proof.init.ProblemInitializer.readEnvInput(ProblemInitializer.java:323)
	at de.uka.ilkd.key.proof.init.ProblemInitializer.prepare(ProblemInitializer.java:561)
	at de.uka.ilkd.key.proof.init.ProblemInitializer.prepare(ProblemInitializer.java:471)
	at de.uka.ilkd.key.proof.init.ProblemInitializer.startProver(ProblemInitializer.java:607)
	at de.uka.ilkd.key.util.HelperClassForTests.parse(HelperClassForTests.java:78)
	at de.uka.ilkd.key.util.HelperClassForTests.parse(HelperClassForTests.java:66)
	at de.uka.ilkd.key.util.HelperClassForTests.createServices(HelperClassForTests.java:303)
	at de.uka.ilkd.key.parser.AbstractTestTermParser.getServices(AbstractTestTermParser.java:173)
	at de.uka.ilkd.key.parser.AbstractTestTermParser.&lt;init&gt;(AbstractTestTermParser.java:35)
	at de.uka.ilkd.key.logic.TestClashFreeSubst.&lt;init&gt;(TestClashFreeSubst.java:24)
	at java.base/jdk.internal.reflect.NativeConstructorAccessorImpl.newInstance0(Native Method)
	at java.base/jdk.internal.reflect.NativeConstructorAccessorImpl.newInstance(NativeConstructorAccessorImpl.java:77)
	at java.base/jdk.internal.reflect.DelegatingConstructorAccessorImpl.newInstance(DelegatingConstructorAccessorImpl.java:45)
	at java.base/java.lang.reflect.Constructor.newInstanceWithCaller(Constructor.java:499)
	at java.base/java.lang.reflect.Constructor.newInstance(Constructor.java:480)
	at org.junit.platform.commons.util.ReflectionUtils.newInstance(ReflectionUtils.java:552)
	at org.junit.jupiter.engine.execution.ConstructorInvocation.proceed(ConstructorInvocation.java:56)
	at org.junit.jupiter.engine.execution.InvocationInterceptorChain$ValidatingInvocation.proceed(InvocationInterceptorChain.java:131)
	at org.junit.jupiter.api.extension.InvocationInterceptor.interceptTestClassConstructor(InvocationInterceptor.java:73)
	at org.junit.jupiter.engine.execution.InterceptingExecutableInvoker.lambda$invoke$0(InterceptingExecutableInvoker.java:93)
	at org.junit.jupiter.engine.execution.InvocationInterceptorChain$InterceptedInvocation.proceed(InvocationInterceptorChain.java:106)
	at org.junit.jupiter.engine.execution.InvocationInterceptorChain.proceed(InvocationInterceptorChain.java:64)
	at org.junit.jupiter.engine.execution.InvocationInterceptorChain.chainAndInvoke(InvocationInterceptorChain.java:45)
	at org.junit.jupiter.engine.execution.InvocationInterceptorChain.invoke(InvocationInterceptorChain.java:37)
	at org.junit.jupiter.engine.execution.InterceptingExecutableInvoker.invoke(InterceptingExecutableInvoker.java:92)
	at org.junit.jupiter.engine.execution.InterceptingExecutableInvoker.invoke(InterceptingExecutableInvoker.java:62)
	at org.junit.jupiter.engine.descriptor.ClassBasedTestDescriptor.invokeTestClassConstructor(ClassBasedTestDescriptor.java:363)
	at org.junit.jupiter.engine.descriptor.ClassBasedTestDescriptor.instantiateTestClass(ClassBasedTestDescriptor.java:310)
	at org.junit.jupiter.engine.descriptor.ClassTestDescriptor.instantiateTestClass(ClassTestDescriptor.java:79)
	at org.junit.jupiter.engine.descriptor.ClassBasedTestDescriptor.instantiateAndPostProcessTestInstance(ClassBasedTestDescriptor.java:286)
	at org.junit.jupiter.engine.descriptor.ClassBasedTestDescriptor.lambda$testInstancesProvider$4(ClassBasedTestDescriptor.java:278)
	at java.base/java.util.Optional.orElseGet(Optional.java:364)
	at org.junit.jupiter.engine.descriptor.ClassBasedTestDescriptor.lambda$testInstancesProvider$5(ClassBasedTestDescriptor.java:277)
	at org.junit.jupiter.engine.execution.TestInstancesProvider.getTestInstances(TestInstancesProvider.java:31)
	at org.junit.jupiter.engine.descriptor.TestMethodTestDescriptor.lambda$prepare$0(TestMethodTestDescriptor.java:105)
	at org.junit.platform.engine.support.hierarchical.ThrowableCollector.execute(ThrowableCollector.java:73)
	at org.junit.jupiter.engine.descriptor.TestMethodTestDescriptor.prepare(TestMethodTestDescriptor.java:104)
	at org.junit.jupiter.engine.descriptor.TestMethodTestDescriptor.prepare(TestMethodTestDescriptor.java:68)
	at org.junit.platform.engine.support.hierarchical.NodeTestTask.lambda$prepare$2(NodeTestTask.java:123)
	at org.junit.platform.engine.support.hierarchical.ThrowableCollector.execute(ThrowableCollector.java:73)
	at org.junit.platform.engine.support.hierarchical.NodeTestTask.prepare(NodeTestTask.java:123)
	at org.junit.platform.engine.support.hierarchical.NodeTestTask.execute(NodeTestTask.java:90)
	at java.base/java.util.ArrayList.forEach(ArrayList.java:1511)
	at org.junit.platform.engine.support.hierarchical.SameThreadHierarchicalTestExecutorService.invokeAll(SameThreadHierarchicalTestExecutorService.java:41)
	at org.junit.platform.engine.support.hierarchical.NodeTestTask.lambda$executeRecursively$6(NodeTestTask.java:155)
	at org.junit.platform.engine.support.hierarchical.ThrowableCollector.execute(ThrowableCollector.java:73)
	at org.junit.platform.engine.support.hierarchical.NodeTestTask.lambda$executeRecursively$8(NodeTestTask.java:141)
	at org.junit.platform.engine.support.hierarchical.Node.around(Node.java:137)
	at org.junit.platform.engine.support.hierarchical.NodeTestTask.lambda$executeRecursively$9(NodeTestTask.java:139)
	at org.junit.platform.engine.support.hierarchical.ThrowableCollector.execute(ThrowableCollector.java:73)
	at org.junit.platform.engine.support.hierarchical.NodeTestTask.executeRecursively(NodeTestTask.java:138)
	at org.junit.platform.engine.support.hierarchical.NodeTestTask.execute(NodeTestTask.java:95)
	at java.base/java.util.ArrayList.forEach(ArrayList.java:1511)
	at org.junit.platform.engine.support.hierarchical.SameThreadHierarchicalTestExecutorService.invokeAll(SameThreadHierarchicalTestExecutorService.java:41)
	at org.junit.platform.engine.support.hierarchical.NodeTestTask.lambda$executeRecursively$6(NodeTestTask.java:155)
	at org.junit.platform.engine.support.hierarchical.ThrowableCollector.execute(ThrowableCollector.java:73)
	at org.junit.platform.engine.support.hierarchical.NodeTestTask.lambda$executeRecursively$8(NodeTestTask.java:141)
	at org.junit.platform.engine.support.hierarchical.Node.around(Node.java:137)
	at org.junit.platform.engine.support.hierarchical.NodeTestTask.lambda$executeRecursively$9(NodeTestTask.java:139)
	at org.junit.platform.engine.support.hierarchical.ThrowableCollector.execute(ThrowableCollector.java:73)
	at org.junit.platform.engine.support.hierarchical.NodeTestTask.executeRecursively(NodeTestTask.java:138)
	at org.junit.platform.engine.support.hierarchical.NodeTestTask.execute(NodeTestTask.java:95)
	at org.junit.platform.engine.support.hierarchical.SameThreadHierarchicalTestExecutorService.submit(SameThreadHierarchicalTestExecutorService.java:35)
	at org.junit.platform.engine.support.hierarchical.HierarchicalTestExecutor.execute(HierarchicalTestExecutor.java:57)
	at org.junit.platform.engine.support.hierarchical.HierarchicalTestEngine.execute(HierarchicalTestEngine.java:54)
	at org.junit.platform.launcher.core.EngineExecutionOrchestrator.execute(EngineExecutionOrchestrator.java:107)
	at org.junit.platform.launcher.core.EngineExecutionOrchestrator.execute(EngineExecutionOrchestrator.java:88)
	at org.junit.platform.launcher.core.EngineExecutionOrchestrator.lambda$execute$0(EngineExecutionOrchestrator.java:54)
	at org.junit.platform.launcher.core.EngineExecutionOrchestrator.withInterceptedStreams(EngineExecutionOrchestrator.java:67)
	at org.junit.platform.launcher.core.EngineExecutionOrchestrator.execute(EngineExecutionOrchestrator.java:52)
	at org.junit.platform.launcher.core.DefaultLauncher.execute(DefaultLauncher.java:114)
	at org.junit.platform.launcher.core.DefaultLauncher.execute(DefaultLauncher.java:86)
	at org.junit.platform.launcher.core.DefaultLauncherSession$DelegatingLauncher.execute(DefaultLauncherSession.java:86)
	at org.gradle.api.internal.tasks.testing.junitplatform.JUnitPlatformTestClassProcessor$CollectAllTestClassesExecutor.processAllTestClasses(JUnitPlatformTestClassProcessor.java:110)
	at org.gradle.api.internal.tasks.testing.junitplatform.JUnitPlatformTestClassProcessor$CollectAllTestClassesExecutor.access$000(JUnitPlatformTestClassProcessor.java:90)
	at org.gradle.api.internal.tasks.testing.junitplatform.JUnitPlatformTestClassProcessor.stop(JUnitPlatformTestClassProcessor.java:85)
	at org.gradle.api.internal.tasks.testing.SuiteTestClassProcessor.stop(SuiteTestClassProcessor.java:62)
	at java.base/jdk.internal.reflect.NativeMethodAccessorImpl.invoke0(Native Method)
	at java.base/jdk.internal.reflect.NativeMethodAccessorImpl.invoke(NativeMethodAccessorImpl.java:77)
	at java.base/jdk.internal.reflect.DelegatingMethodAccessorImpl.invoke(DelegatingMethodAccessorImpl.java:43)
	at java.base/java.lang.reflect.Method.invoke(Method.java:568)
	at org.gradle.internal.dispatch.ReflectionDispatch.dispatch(ReflectionDispatch.java:36)
	at org.gradle.internal.dispatch.ReflectionDispatch.dispatch(ReflectionDispatch.java:24)
	at org.gradle.internal.dispatch.ContextClassLoaderDispatch.dispatch(ContextClassLoaderDispatch.java:33)
	at org.gradle.internal.dispatch.ProxyDispatchAdapter$DispatchingInvocationHandler.invoke(ProxyDispatchAdapter.java:94)
	at jdk.proxy2/jdk.proxy2.$Proxy5.stop(Unknown Source)
	at org.gradle.api.internal.tasks.testing.worker.TestWorker$3.run(TestWorker.java:193)
	at org.gradle.api.internal.tasks.testing.worker.TestWorker.executeAndMaintainThreadName(TestWorker.java:129)
	at org.gradle.api.internal.tasks.testing.worker.TestWorker.execute(TestWorker.java:100)
	at org.gradle.api.internal.tasks.testing.worker.TestWorker.execute(TestWorker.java:60)
	at org.gradle.process.internal.worker.child.ActionExecutionWorker.execute(ActionExecutionWorker.java:56)
	at org.gradle.process.internal.worker.child.SystemApplicationClassLoaderWorker.call(SystemApplicationClassLoaderWorker.java:113)
	at org.gradle.process.internal.worker.child.SystemApplicationClassLoaderWorker.call(SystemApplicationClassLoaderWorker.java:65)
	at worker.org.gradle.process.internal.worker.GradleWorkerMain.run(GradleWorkerMain.java:69)
	at worker.org.gradle.process.internal.worker.GradleWorkerMain.main(GradleWorkerMain.java:74)
</failure>
  </testcase>
  <testcase name="testWary2()" classname="de.uka.ilkd.key.logic.TestClashFreeSubst" time="0.002">
    <failure message="java.lang.NullPointerException: Cannot invoke &quot;de.uka.ilkd.key.java.JavaService.getProgramFactory()&quot; because &quot;this.javaService&quot; is null" type="java.lang.NullPointerException">java.lang.NullPointerException: Cannot invoke &quot;de.uka.ilkd.key.java.JavaService.getProgramFactory()&quot; because &quot;this.javaService&quot; is null
	at de.uka.ilkd.key.java.KeYProgModelInfo.isPackage(KeYProgModelInfo.java:213)
	at de.uka.ilkd.key.java.JavaInfo.isPackage(JavaInfo.java:221)
	at de.uka.ilkd.key.speclang.translation.SLExpressionResolver.trimPackageRef(SLExpressionResolver.java:43)
	at de.uka.ilkd.key.speclang.translation.SLExpressionResolver.areInSamePackage(SLExpressionResolver.java:62)
	at de.uka.ilkd.key.speclang.translation.SLExpressionResolver.isVisibleHelper(SLExpressionResolver.java:103)
	at de.uka.ilkd.key.speclang.translation.SLExpressionResolver.isVisible(SLExpressionResolver.java:114)
	at de.uka.ilkd.key.speclang.translation.SLAttributeResolver.lookupVisibleAttribute(SLAttributeResolver.java:37)
	at de.uka.ilkd.key.speclang.translation.SLAttributeResolver.doResolving(SLAttributeResolver.java:94)
	at de.uka.ilkd.key.speclang.translation.SLExpressionResolver.resolve(SLExpressionResolver.java:149)
	at de.uka.ilkd.key.speclang.translation.SLResolverManager.resolveExplicit(SLResolverManager.java:137)
	at de.uka.ilkd.key.speclang.translation.SLResolverManager.resolveImplicit(SLResolverManager.java:112)
	at de.uka.ilkd.key.speclang.translation.SLResolverManager.resolveIt(SLResolverManager.java:159)
	at de.uka.ilkd.key.speclang.translation.SLResolverManager.resolve(SLResolverManager.java:195)
	at de.uka.ilkd.key.speclang.njml.Translator.lookupIdentifier(Translator.java:924)
	at de.uka.ilkd.key.speclang.njml.Translator.visitIdent(Translator.java:882)
	at de.uka.ilkd.key.speclang.njml.JmlParser$IdentContext.accept(JmlParser.java:8637)
	at org.antlr.v4.runtime.tree.AbstractParseTreeVisitor.visitChildren(AbstractParseTreeVisitor.java:46)
	at de.uka.ilkd.key.speclang.njml.JmlParserBaseVisitor.visitPrimaryexpr(JmlParserBaseVisitor.java:724)
	at de.uka.ilkd.key.speclang.njml.JmlParser$PrimaryexprContext.accept(JmlParser.java:8399)
	at de.uka.ilkd.key.speclang.njml.Translator.accept(Translator.java:128)
	at de.uka.ilkd.key.speclang.njml.Translator.visitPostfixexpr(Translator.java:854)
	at de.uka.ilkd.key.speclang.njml.Translator.visitPostfixexpr(Translator.java:63)
	at de.uka.ilkd.key.speclang.njml.JmlParser$PostfixexprContext.accept(JmlParser.java:8315)
	at de.uka.ilkd.key.speclang.njml.Translator.accept(Translator.java:128)
	at de.uka.ilkd.key.speclang.njml.Translator.visitUnaryexprnotplusminus(Translator.java:840)
	at de.uka.ilkd.key.speclang.njml.JmlParser$UnaryexprnotplusminusContext.accept(JmlParser.java:8146)
	at de.uka.ilkd.key.speclang.njml.Translator.accept(Translator.java:128)
	at de.uka.ilkd.key.speclang.njml.Translator.oneOf(Translator.java:147)
	at de.uka.ilkd.key.speclang.njml.Translator.visitUnaryexpr(Translator.java:800)
	at de.uka.ilkd.key.speclang.njml.Translator.visitUnaryexpr(Translator.java:63)
	at de.uka.ilkd.key.speclang.njml.JmlParser$UnaryexprContext.accept(JmlParser.java:8002)
	at de.uka.ilkd.key.speclang.njml.Translator.accept(Translator.java:128)
	at de.uka.ilkd.key.speclang.njml.Translator.lambda$mapOf$0(Translator.java:133)
	at java.base/java.util.stream.ReferencePipeline$3$1.accept(ReferencePipeline.java:197)
	at java.base/java.util.ArrayList$ArrayListSpliterator.forEachRemaining(ArrayList.java:1625)
	at java.base/java.util.stream.AbstractPipeline.copyInto(AbstractPipeline.java:509)
	at java.base/java.util.stream.AbstractPipeline.wrapAndCopyInto(AbstractPipeline.java:499)
	at java.base/java.util.stream.ReduceOps$ReduceOp.evaluateSequential(ReduceOps.java:921)
	at java.base/java.util.stream.AbstractPipeline.evaluate(AbstractPipeline.java:234)
	at java.base/java.util.stream.ReferencePipeline.collect(ReferencePipeline.java:682)
	at de.uka.ilkd.key.speclang.njml.Translator.mapOf(Translator.java:133)
	at de.uka.ilkd.key.speclang.njml.Translator.visitMultexpr(Translator.java:737)
	at de.uka.ilkd.key.speclang.njml.JmlParser$MultexprContext.accept(JmlParser.java:7921)
	at de.uka.ilkd.key.speclang.njml.Translator.accept(Translator.java:128)
	at de.uka.ilkd.key.speclang.njml.Translator.lambda$mapOf$0(Translator.java:133)
	at java.base/java.util.stream.ReferencePipeline$3$1.accept(ReferencePipeline.java:197)
	at java.base/java.util.ArrayList$ArrayListSpliterator.forEachRemaining(ArrayList.java:1625)
	at java.base/java.util.stream.AbstractPipeline.copyInto(AbstractPipeline.java:509)
	at java.base/java.util.stream.AbstractPipeline.wrapAndCopyInto(AbstractPipeline.java:499)
	at java.base/java.util.stream.ReduceOps$ReduceOp.evaluateSequential(ReduceOps.java:921)
	at java.base/java.util.stream.AbstractPipeline.evaluate(AbstractPipeline.java:234)
	at java.base/java.util.stream.ReferencePipeline.collect(ReferencePipeline.java:682)
	at de.uka.ilkd.key.speclang.njml.Translator.mapOf(Translator.java:133)
	at de.uka.ilkd.key.speclang.njml.Translator.visitAdditiveexpr(Translator.java:720)
	at de.uka.ilkd.key.speclang.njml.JmlParser$AdditiveexprContext.accept(JmlParser.java:7829)
	at de.uka.ilkd.key.speclang.njml.Translator.accept(Translator.java:128)
	at de.uka.ilkd.key.speclang.njml.Translator.lambda$mapOf$0(Translator.java:133)
	at java.base/java.util.stream.ReferencePipeline$3$1.accept(ReferencePipeline.java:197)
	at java.base/java.util.ArrayList$ArrayListSpliterator.forEachRemaining(ArrayList.java:1625)
	at java.base/java.util.stream.AbstractPipeline.copyInto(AbstractPipeline.java:509)
	at java.base/java.util.stream.AbstractPipeline.wrapAndCopyInto(AbstractPipeline.java:499)
	at java.base/java.util.stream.ReduceOps$ReduceOp.evaluateSequential(ReduceOps.java:921)
	at java.base/java.util.stream.AbstractPipeline.evaluate(AbstractPipeline.java:234)
	at java.base/java.util.stream.ReferencePipeline.collect(ReferencePipeline.java:682)
	at de.uka.ilkd.key.speclang.njml.Translator.mapOf(Translator.java:133)
	at de.uka.ilkd.key.speclang.njml.Translator.visitShiftexpr(Translator.java:703)
	at de.uka.ilkd.key.speclang.njml.JmlParser$ShiftexprContext.accept(JmlParser.java:7742)
	at de.uka.ilkd.key.speclang.njml.Translator.accept(Translator.java:128)
	at de.uka.ilkd.key.speclang.njml.Translator.oneOf(Translator.java:147)
	at de.uka.ilkd.key.speclang.njml.Translator.visitRelationalexpr(Translator.java:494)
	at de.uka.ilkd.key.speclang.njml.JmlParser$RelationalexprContext.accept(JmlParser.java:7344)
	at de.uka.ilkd.key.speclang.njml.Translator.accept(Translator.java:128)
	at de.uka.ilkd.key.speclang.njml.Translator.lambda$mapOf$0(Translator.java:133)
	at java.base/java.util.stream.ReferencePipeline$3$1.accept(ReferencePipeline.java:197)
	at java.base/java.util.ArrayList$ArrayListSpliterator.forEachRemaining(ArrayList.java:1625)
	at java.base/java.util.stream.AbstractPipeline.copyInto(AbstractPipeline.java:509)
	at java.base/java.util.stream.AbstractPipeline.wrapAndCopyInto(AbstractPipeline.java:499)
	at java.base/java.util.stream.ReduceOps$ReduceOp.evaluateSequential(ReduceOps.java:921)
	at java.base/java.util.stream.AbstractPipeline.evaluate(AbstractPipeline.java:234)
	at java.base/java.util.stream.ReferencePipeline.collect(ReferencePipeline.java:682)
	at de.uka.ilkd.key.speclang.njml.Translator.mapOf(Translator.java:133)
	at de.uka.ilkd.key.speclang.njml.Translator.visitEqualityexpr(Translator.java:562)
	at de.uka.ilkd.key.speclang.njml.Translator.visitEqualityexpr(Translator.java:63)
	at de.uka.ilkd.key.speclang.njml.JmlParser$EqualityexprContext.accept(JmlParser.java:7270)
	at de.uka.ilkd.key.speclang.njml.Translator.accept(Translator.java:128)
	at de.uka.ilkd.key.speclang.njml.Translator.visitAndexpr(Translator.java:544)
	at de.uka.ilkd.key.speclang.njml.JmlParser$AndexprContext.accept(JmlParser.java:7201)
	at de.uka.ilkd.key.speclang.njml.Translator.accept(Translator.java:128)
	at de.uka.ilkd.key.speclang.njml.Translator.visitExclusiveorexpr(Translator.java:529)
	at de.uka.ilkd.key.speclang.njml.JmlParser$ExclusiveorexprContext.accept(JmlParser.java:7132)
	at de.uka.ilkd.key.speclang.njml.Translator.accept(Translator.java:128)
	at de.uka.ilkd.key.speclang.njml.Translator.visitInclusiveorexpr(Translator.java:514)
	at de.uka.ilkd.key.speclang.njml.JmlParser$InclusiveorexprContext.accept(JmlParser.java:7063)
	at de.uka.ilkd.key.speclang.njml.Translator.accept(Translator.java:128)
	at de.uka.ilkd.key.speclang.njml.Translator.visitLogicalandexpr(Translator.java:501)
	at de.uka.ilkd.key.speclang.njml.JmlParser$LogicalandexprContext.accept(JmlParser.java:6994)
	at de.uka.ilkd.key.speclang.njml.Translator.accept(Translator.java:128)
	at de.uka.ilkd.key.speclang.njml.Translator.visitLogicalorexpr(Translator.java:482)
	at de.uka.ilkd.key.speclang.njml.Translator.visitLogicalorexpr(Translator.java:63)
	at de.uka.ilkd.key.speclang.njml.JmlParser$LogicalorexprContext.accept(JmlParser.java:6925)
	at de.uka.ilkd.key.speclang.njml.Translator.accept(Translator.java:128)
	at de.uka.ilkd.key.speclang.njml.Translator.visitImpliesexpr(Translator.java:446)
	at de.uka.ilkd.key.speclang.njml.JmlParser$ImpliesexprContext.accept(JmlParser.java:6662)
	at de.uka.ilkd.key.speclang.njml.Translator.accept(Translator.java:128)
	at de.uka.ilkd.key.speclang.njml.Translator.lambda$mapOf$0(Translator.java:133)
	at java.base/java.util.stream.ReferencePipeline$3$1.accept(ReferencePipeline.java:197)
	at java.base/java.util.ArrayList$ArrayListSpliterator.forEachRemaining(ArrayList.java:1625)
	at java.base/java.util.stream.AbstractPipeline.copyInto(AbstractPipeline.java:509)
	at java.base/java.util.stream.AbstractPipeline.wrapAndCopyInto(AbstractPipeline.java:499)
	at java.base/java.util.stream.ReduceOps$ReduceOp.evaluateSequential(ReduceOps.java:921)
	at java.base/java.util.stream.AbstractPipeline.evaluate(AbstractPipeline.java:234)
	at java.base/java.util.stream.ReferencePipeline.collect(ReferencePipeline.java:682)
	at de.uka.ilkd.key.speclang.njml.Translator.mapOf(Translator.java:133)
	at de.uka.ilkd.key.speclang.njml.Translator.visitEquivalenceexpr(Translator.java:426)
	at de.uka.ilkd.key.speclang.njml.JmlParser$EquivalenceexprContext.accept(JmlParser.java:6585)
	at de.uka.ilkd.key.speclang.njml.Translator.accept(Translator.java:128)
	at de.uka.ilkd.key.speclang.njml.Translator.visitConditionalexpr(Translator.java:412)
	at de.uka.ilkd.key.speclang.njml.Translator.visitConditionalexpr(Translator.java:63)
	at de.uka.ilkd.key.speclang.njml.JmlParser$ConditionalexprContext.accept(JmlParser.java:6516)
	at de.uka.ilkd.key.speclang.njml.Translator.accept(Translator.java:128)
	at de.uka.ilkd.key.speclang.njml.Translator.visitExpression(Translator.java:402)
	at de.uka.ilkd.key.speclang.njml.Translator.visitExpression(Translator.java:63)
	at de.uka.ilkd.key.speclang.njml.JmlParser$ExpressionContext.accept(JmlParser.java:6463)
	at de.uka.ilkd.key.speclang.njml.JmlIO.interpret(JmlIO.java:178)
	at de.uka.ilkd.key.speclang.njml.JmlIO.translateTerm(JmlIO.java:188)
	at de.uka.ilkd.key.speclang.njml.JmlIO.translateTerm(JmlIO.java:201)
	at de.uka.ilkd.key.speclang.jml.translation.JMLSpecFactory.createJMLClassInvariant(JMLSpecFactory.java:957)
	at de.uka.ilkd.key.speclang.jml.JMLSpecExtractor.extractClassSpecs(JMLSpecExtractor.java:250)
	at de.uka.ilkd.key.speclang.SLEnvInput.createSpecs(SLEnvInput.java:284)
	at de.uka.ilkd.key.speclang.SLEnvInput.read(SLEnvInput.java:351)
	at de.uka.ilkd.key.proof.init.KeYUserProblemFile.read(KeYUserProblemFile.java:111)
	at de.uka.ilkd.key.proof.init.ProblemInitializer.readEnvInput(ProblemInitializer.java:323)
	at de.uka.ilkd.key.proof.init.ProblemInitializer.prepare(ProblemInitializer.java:561)
	at de.uka.ilkd.key.proof.init.ProblemInitializer.prepare(ProblemInitializer.java:471)
	at de.uka.ilkd.key.proof.init.ProblemInitializer.startProver(ProblemInitializer.java:607)
	at de.uka.ilkd.key.util.HelperClassForTests.parse(HelperClassForTests.java:78)
	at de.uka.ilkd.key.util.HelperClassForTests.parse(HelperClassForTests.java:66)
	at de.uka.ilkd.key.util.HelperClassForTests.createServices(HelperClassForTests.java:303)
	at de.uka.ilkd.key.parser.AbstractTestTermParser.getServices(AbstractTestTermParser.java:173)
	at de.uka.ilkd.key.parser.AbstractTestTermParser.&lt;init&gt;(AbstractTestTermParser.java:35)
	at de.uka.ilkd.key.logic.TestClashFreeSubst.&lt;init&gt;(TestClashFreeSubst.java:24)
	at java.base/jdk.internal.reflect.NativeConstructorAccessorImpl.newInstance0(Native Method)
	at java.base/jdk.internal.reflect.NativeConstructorAccessorImpl.newInstance(NativeConstructorAccessorImpl.java:77)
	at java.base/jdk.internal.reflect.DelegatingConstructorAccessorImpl.newInstance(DelegatingConstructorAccessorImpl.java:45)
	at java.base/java.lang.reflect.Constructor.newInstanceWithCaller(Constructor.java:499)
	at java.base/java.lang.reflect.Constructor.newInstance(Constructor.java:480)
	at org.junit.platform.commons.util.ReflectionUtils.newInstance(ReflectionUtils.java:552)
	at org.junit.jupiter.engine.execution.ConstructorInvocation.proceed(ConstructorInvocation.java:56)
	at org.junit.jupiter.engine.execution.InvocationInterceptorChain$ValidatingInvocation.proceed(InvocationInterceptorChain.java:131)
	at org.junit.jupiter.api.extension.InvocationInterceptor.interceptTestClassConstructor(InvocationInterceptor.java:73)
	at org.junit.jupiter.engine.execution.InterceptingExecutableInvoker.lambda$invoke$0(InterceptingExecutableInvoker.java:93)
	at org.junit.jupiter.engine.execution.InvocationInterceptorChain$InterceptedInvocation.proceed(InvocationInterceptorChain.java:106)
	at org.junit.jupiter.engine.execution.InvocationInterceptorChain.proceed(InvocationInterceptorChain.java:64)
	at org.junit.jupiter.engine.execution.InvocationInterceptorChain.chainAndInvoke(InvocationInterceptorChain.java:45)
	at org.junit.jupiter.engine.execution.InvocationInterceptorChain.invoke(InvocationInterceptorChain.java:37)
	at org.junit.jupiter.engine.execution.InterceptingExecutableInvoker.invoke(InterceptingExecutableInvoker.java:92)
	at org.junit.jupiter.engine.execution.InterceptingExecutableInvoker.invoke(InterceptingExecutableInvoker.java:62)
	at org.junit.jupiter.engine.descriptor.ClassBasedTestDescriptor.invokeTestClassConstructor(ClassBasedTestDescriptor.java:363)
	at org.junit.jupiter.engine.descriptor.ClassBasedTestDescriptor.instantiateTestClass(ClassBasedTestDescriptor.java:310)
	at org.junit.jupiter.engine.descriptor.ClassTestDescriptor.instantiateTestClass(ClassTestDescriptor.java:79)
	at org.junit.jupiter.engine.descriptor.ClassBasedTestDescriptor.instantiateAndPostProcessTestInstance(ClassBasedTestDescriptor.java:286)
	at org.junit.jupiter.engine.descriptor.ClassBasedTestDescriptor.lambda$testInstancesProvider$4(ClassBasedTestDescriptor.java:278)
	at java.base/java.util.Optional.orElseGet(Optional.java:364)
	at org.junit.jupiter.engine.descriptor.ClassBasedTestDescriptor.lambda$testInstancesProvider$5(ClassBasedTestDescriptor.java:277)
	at org.junit.jupiter.engine.execution.TestInstancesProvider.getTestInstances(TestInstancesProvider.java:31)
	at org.junit.jupiter.engine.descriptor.TestMethodTestDescriptor.lambda$prepare$0(TestMethodTestDescriptor.java:105)
	at org.junit.platform.engine.support.hierarchical.ThrowableCollector.execute(ThrowableCollector.java:73)
	at org.junit.jupiter.engine.descriptor.TestMethodTestDescriptor.prepare(TestMethodTestDescriptor.java:104)
	at org.junit.jupiter.engine.descriptor.TestMethodTestDescriptor.prepare(TestMethodTestDescriptor.java:68)
	at org.junit.platform.engine.support.hierarchical.NodeTestTask.lambda$prepare$2(NodeTestTask.java:123)
	at org.junit.platform.engine.support.hierarchical.ThrowableCollector.execute(ThrowableCollector.java:73)
	at org.junit.platform.engine.support.hierarchical.NodeTestTask.prepare(NodeTestTask.java:123)
	at org.junit.platform.engine.support.hierarchical.NodeTestTask.execute(NodeTestTask.java:90)
	at java.base/java.util.ArrayList.forEach(ArrayList.java:1511)
	at org.junit.platform.engine.support.hierarchical.SameThreadHierarchicalTestExecutorService.invokeAll(SameThreadHierarchicalTestExecutorService.java:41)
	at org.junit.platform.engine.support.hierarchical.NodeTestTask.lambda$executeRecursively$6(NodeTestTask.java:155)
	at org.junit.platform.engine.support.hierarchical.ThrowableCollector.execute(ThrowableCollector.java:73)
	at org.junit.platform.engine.support.hierarchical.NodeTestTask.lambda$executeRecursively$8(NodeTestTask.java:141)
	at org.junit.platform.engine.support.hierarchical.Node.around(Node.java:137)
	at org.junit.platform.engine.support.hierarchical.NodeTestTask.lambda$executeRecursively$9(NodeTestTask.java:139)
	at org.junit.platform.engine.support.hierarchical.ThrowableCollector.execute(ThrowableCollector.java:73)
	at org.junit.platform.engine.support.hierarchical.NodeTestTask.executeRecursively(NodeTestTask.java:138)
	at org.junit.platform.engine.support.hierarchical.NodeTestTask.execute(NodeTestTask.java:95)
	at java.base/java.util.ArrayList.forEach(ArrayList.java:1511)
	at org.junit.platform.engine.support.hierarchical.SameThreadHierarchicalTestExecutorService.invokeAll(SameThreadHierarchicalTestExecutorService.java:41)
	at org.junit.platform.engine.support.hierarchical.NodeTestTask.lambda$executeRecursively$6(NodeTestTask.java:155)
	at org.junit.platform.engine.support.hierarchical.ThrowableCollector.execute(ThrowableCollector.java:73)
	at org.junit.platform.engine.support.hierarchical.NodeTestTask.lambda$executeRecursively$8(NodeTestTask.java:141)
	at org.junit.platform.engine.support.hierarchical.Node.around(Node.java:137)
	at org.junit.platform.engine.support.hierarchical.NodeTestTask.lambda$executeRecursively$9(NodeTestTask.java:139)
	at org.junit.platform.engine.support.hierarchical.ThrowableCollector.execute(ThrowableCollector.java:73)
	at org.junit.platform.engine.support.hierarchical.NodeTestTask.executeRecursively(NodeTestTask.java:138)
	at org.junit.platform.engine.support.hierarchical.NodeTestTask.execute(NodeTestTask.java:95)
	at org.junit.platform.engine.support.hierarchical.SameThreadHierarchicalTestExecutorService.submit(SameThreadHierarchicalTestExecutorService.java:35)
	at org.junit.platform.engine.support.hierarchical.HierarchicalTestExecutor.execute(HierarchicalTestExecutor.java:57)
	at org.junit.platform.engine.support.hierarchical.HierarchicalTestEngine.execute(HierarchicalTestEngine.java:54)
	at org.junit.platform.launcher.core.EngineExecutionOrchestrator.execute(EngineExecutionOrchestrator.java:107)
	at org.junit.platform.launcher.core.EngineExecutionOrchestrator.execute(EngineExecutionOrchestrator.java:88)
	at org.junit.platform.launcher.core.EngineExecutionOrchestrator.lambda$execute$0(EngineExecutionOrchestrator.java:54)
	at org.junit.platform.launcher.core.EngineExecutionOrchestrator.withInterceptedStreams(EngineExecutionOrchestrator.java:67)
	at org.junit.platform.launcher.core.EngineExecutionOrchestrator.execute(EngineExecutionOrchestrator.java:52)
	at org.junit.platform.launcher.core.DefaultLauncher.execute(DefaultLauncher.java:114)
	at org.junit.platform.launcher.core.DefaultLauncher.execute(DefaultLauncher.java:86)
	at org.junit.platform.launcher.core.DefaultLauncherSession$DelegatingLauncher.execute(DefaultLauncherSession.java:86)
	at org.gradle.api.internal.tasks.testing.junitplatform.JUnitPlatformTestClassProcessor$CollectAllTestClassesExecutor.processAllTestClasses(JUnitPlatformTestClassProcessor.java:110)
	at org.gradle.api.internal.tasks.testing.junitplatform.JUnitPlatformTestClassProcessor$CollectAllTestClassesExecutor.access$000(JUnitPlatformTestClassProcessor.java:90)
	at org.gradle.api.internal.tasks.testing.junitplatform.JUnitPlatformTestClassProcessor.stop(JUnitPlatformTestClassProcessor.java:85)
	at org.gradle.api.internal.tasks.testing.SuiteTestClassProcessor.stop(SuiteTestClassProcessor.java:62)
	at java.base/jdk.internal.reflect.NativeMethodAccessorImpl.invoke0(Native Method)
	at java.base/jdk.internal.reflect.NativeMethodAccessorImpl.invoke(NativeMethodAccessorImpl.java:77)
	at java.base/jdk.internal.reflect.DelegatingMethodAccessorImpl.invoke(DelegatingMethodAccessorImpl.java:43)
	at java.base/java.lang.reflect.Method.invoke(Method.java:568)
	at org.gradle.internal.dispatch.ReflectionDispatch.dispatch(ReflectionDispatch.java:36)
	at org.gradle.internal.dispatch.ReflectionDispatch.dispatch(ReflectionDispatch.java:24)
	at org.gradle.internal.dispatch.ContextClassLoaderDispatch.dispatch(ContextClassLoaderDispatch.java:33)
	at org.gradle.internal.dispatch.ProxyDispatchAdapter$DispatchingInvocationHandler.invoke(ProxyDispatchAdapter.java:94)
	at jdk.proxy2/jdk.proxy2.$Proxy5.stop(Unknown Source)
	at org.gradle.api.internal.tasks.testing.worker.TestWorker$3.run(TestWorker.java:193)
	at org.gradle.api.internal.tasks.testing.worker.TestWorker.executeAndMaintainThreadName(TestWorker.java:129)
	at org.gradle.api.internal.tasks.testing.worker.TestWorker.execute(TestWorker.java:100)
	at org.gradle.api.internal.tasks.testing.worker.TestWorker.execute(TestWorker.java:60)
	at org.gradle.process.internal.worker.child.ActionExecutionWorker.execute(ActionExecutionWorker.java:56)
	at org.gradle.process.internal.worker.child.SystemApplicationClassLoaderWorker.call(SystemApplicationClassLoaderWorker.java:113)
	at org.gradle.process.internal.worker.child.SystemApplicationClassLoaderWorker.call(SystemApplicationClassLoaderWorker.java:65)
	at worker.org.gradle.process.internal.worker.GradleWorkerMain.run(GradleWorkerMain.java:69)
	at worker.org.gradle.process.internal.worker.GradleWorkerMain.main(GradleWorkerMain.java:74)
</failure>
  </testcase>
  <testcase name="testClashInSubstTerm()" classname="de.uka.ilkd.key.logic.TestClashFreeSubst" time="0.0">
    <failure message="java.lang.NullPointerException: Cannot invoke &quot;de.uka.ilkd.key.java.JavaService.getProgramFactory()&quot; because &quot;this.javaService&quot; is null" type="java.lang.NullPointerException">java.lang.NullPointerException: Cannot invoke &quot;de.uka.ilkd.key.java.JavaService.getProgramFactory()&quot; because &quot;this.javaService&quot; is null
	at de.uka.ilkd.key.java.KeYProgModelInfo.isPackage(KeYProgModelInfo.java:213)
	at de.uka.ilkd.key.java.JavaInfo.isPackage(JavaInfo.java:221)
	at de.uka.ilkd.key.speclang.translation.SLExpressionResolver.trimPackageRef(SLExpressionResolver.java:43)
	at de.uka.ilkd.key.speclang.translation.SLExpressionResolver.areInSamePackage(SLExpressionResolver.java:62)
	at de.uka.ilkd.key.speclang.translation.SLExpressionResolver.isVisibleHelper(SLExpressionResolver.java:103)
	at de.uka.ilkd.key.speclang.translation.SLExpressionResolver.isVisible(SLExpressionResolver.java:114)
	at de.uka.ilkd.key.speclang.translation.SLAttributeResolver.lookupVisibleAttribute(SLAttributeResolver.java:37)
	at de.uka.ilkd.key.speclang.translation.SLAttributeResolver.doResolving(SLAttributeResolver.java:94)
	at de.uka.ilkd.key.speclang.translation.SLExpressionResolver.resolve(SLExpressionResolver.java:149)
	at de.uka.ilkd.key.speclang.translation.SLResolverManager.resolveExplicit(SLResolverManager.java:137)
	at de.uka.ilkd.key.speclang.translation.SLResolverManager.resolveImplicit(SLResolverManager.java:112)
	at de.uka.ilkd.key.speclang.translation.SLResolverManager.resolveIt(SLResolverManager.java:159)
	at de.uka.ilkd.key.speclang.translation.SLResolverManager.resolve(SLResolverManager.java:195)
	at de.uka.ilkd.key.speclang.njml.Translator.lookupIdentifier(Translator.java:924)
	at de.uka.ilkd.key.speclang.njml.Translator.visitIdent(Translator.java:882)
	at de.uka.ilkd.key.speclang.njml.JmlParser$IdentContext.accept(JmlParser.java:8637)
	at org.antlr.v4.runtime.tree.AbstractParseTreeVisitor.visitChildren(AbstractParseTreeVisitor.java:46)
	at de.uka.ilkd.key.speclang.njml.JmlParserBaseVisitor.visitPrimaryexpr(JmlParserBaseVisitor.java:724)
	at de.uka.ilkd.key.speclang.njml.JmlParser$PrimaryexprContext.accept(JmlParser.java:8399)
	at de.uka.ilkd.key.speclang.njml.Translator.accept(Translator.java:128)
	at de.uka.ilkd.key.speclang.njml.Translator.visitPostfixexpr(Translator.java:854)
	at de.uka.ilkd.key.speclang.njml.Translator.visitPostfixexpr(Translator.java:63)
	at de.uka.ilkd.key.speclang.njml.JmlParser$PostfixexprContext.accept(JmlParser.java:8315)
	at de.uka.ilkd.key.speclang.njml.Translator.accept(Translator.java:128)
	at de.uka.ilkd.key.speclang.njml.Translator.visitUnaryexprnotplusminus(Translator.java:840)
	at de.uka.ilkd.key.speclang.njml.JmlParser$UnaryexprnotplusminusContext.accept(JmlParser.java:8146)
	at de.uka.ilkd.key.speclang.njml.Translator.accept(Translator.java:128)
	at de.uka.ilkd.key.speclang.njml.Translator.oneOf(Translator.java:147)
	at de.uka.ilkd.key.speclang.njml.Translator.visitUnaryexpr(Translator.java:800)
	at de.uka.ilkd.key.speclang.njml.Translator.visitUnaryexpr(Translator.java:63)
	at de.uka.ilkd.key.speclang.njml.JmlParser$UnaryexprContext.accept(JmlParser.java:8002)
	at de.uka.ilkd.key.speclang.njml.Translator.accept(Translator.java:128)
	at de.uka.ilkd.key.speclang.njml.Translator.lambda$mapOf$0(Translator.java:133)
	at java.base/java.util.stream.ReferencePipeline$3$1.accept(ReferencePipeline.java:197)
	at java.base/java.util.ArrayList$ArrayListSpliterator.forEachRemaining(ArrayList.java:1625)
	at java.base/java.util.stream.AbstractPipeline.copyInto(AbstractPipeline.java:509)
	at java.base/java.util.stream.AbstractPipeline.wrapAndCopyInto(AbstractPipeline.java:499)
	at java.base/java.util.stream.ReduceOps$ReduceOp.evaluateSequential(ReduceOps.java:921)
	at java.base/java.util.stream.AbstractPipeline.evaluate(AbstractPipeline.java:234)
	at java.base/java.util.stream.ReferencePipeline.collect(ReferencePipeline.java:682)
	at de.uka.ilkd.key.speclang.njml.Translator.mapOf(Translator.java:133)
	at de.uka.ilkd.key.speclang.njml.Translator.visitMultexpr(Translator.java:737)
	at de.uka.ilkd.key.speclang.njml.JmlParser$MultexprContext.accept(JmlParser.java:7921)
	at de.uka.ilkd.key.speclang.njml.Translator.accept(Translator.java:128)
	at de.uka.ilkd.key.speclang.njml.Translator.lambda$mapOf$0(Translator.java:133)
	at java.base/java.util.stream.ReferencePipeline$3$1.accept(ReferencePipeline.java:197)
	at java.base/java.util.ArrayList$ArrayListSpliterator.forEachRemaining(ArrayList.java:1625)
	at java.base/java.util.stream.AbstractPipeline.copyInto(AbstractPipeline.java:509)
	at java.base/java.util.stream.AbstractPipeline.wrapAndCopyInto(AbstractPipeline.java:499)
	at java.base/java.util.stream.ReduceOps$ReduceOp.evaluateSequential(ReduceOps.java:921)
	at java.base/java.util.stream.AbstractPipeline.evaluate(AbstractPipeline.java:234)
	at java.base/java.util.stream.ReferencePipeline.collect(ReferencePipeline.java:682)
	at de.uka.ilkd.key.speclang.njml.Translator.mapOf(Translator.java:133)
	at de.uka.ilkd.key.speclang.njml.Translator.visitAdditiveexpr(Translator.java:720)
	at de.uka.ilkd.key.speclang.njml.JmlParser$AdditiveexprContext.accept(JmlParser.java:7829)
	at de.uka.ilkd.key.speclang.njml.Translator.accept(Translator.java:128)
	at de.uka.ilkd.key.speclang.njml.Translator.lambda$mapOf$0(Translator.java:133)
	at java.base/java.util.stream.ReferencePipeline$3$1.accept(ReferencePipeline.java:197)
	at java.base/java.util.ArrayList$ArrayListSpliterator.forEachRemaining(ArrayList.java:1625)
	at java.base/java.util.stream.AbstractPipeline.copyInto(AbstractPipeline.java:509)
	at java.base/java.util.stream.AbstractPipeline.wrapAndCopyInto(AbstractPipeline.java:499)
	at java.base/java.util.stream.ReduceOps$ReduceOp.evaluateSequential(ReduceOps.java:921)
	at java.base/java.util.stream.AbstractPipeline.evaluate(AbstractPipeline.java:234)
	at java.base/java.util.stream.ReferencePipeline.collect(ReferencePipeline.java:682)
	at de.uka.ilkd.key.speclang.njml.Translator.mapOf(Translator.java:133)
	at de.uka.ilkd.key.speclang.njml.Translator.visitShiftexpr(Translator.java:703)
	at de.uka.ilkd.key.speclang.njml.JmlParser$ShiftexprContext.accept(JmlParser.java:7742)
	at de.uka.ilkd.key.speclang.njml.Translator.accept(Translator.java:128)
	at de.uka.ilkd.key.speclang.njml.Translator.oneOf(Translator.java:147)
	at de.uka.ilkd.key.speclang.njml.Translator.visitRelationalexpr(Translator.java:494)
	at de.uka.ilkd.key.speclang.njml.JmlParser$RelationalexprContext.accept(JmlParser.java:7344)
	at de.uka.ilkd.key.speclang.njml.Translator.accept(Translator.java:128)
	at de.uka.ilkd.key.speclang.njml.Translator.lambda$mapOf$0(Translator.java:133)
	at java.base/java.util.stream.ReferencePipeline$3$1.accept(ReferencePipeline.java:197)
	at java.base/java.util.ArrayList$ArrayListSpliterator.forEachRemaining(ArrayList.java:1625)
	at java.base/java.util.stream.AbstractPipeline.copyInto(AbstractPipeline.java:509)
	at java.base/java.util.stream.AbstractPipeline.wrapAndCopyInto(AbstractPipeline.java:499)
	at java.base/java.util.stream.ReduceOps$ReduceOp.evaluateSequential(ReduceOps.java:921)
	at java.base/java.util.stream.AbstractPipeline.evaluate(AbstractPipeline.java:234)
	at java.base/java.util.stream.ReferencePipeline.collect(ReferencePipeline.java:682)
	at de.uka.ilkd.key.speclang.njml.Translator.mapOf(Translator.java:133)
	at de.uka.ilkd.key.speclang.njml.Translator.visitEqualityexpr(Translator.java:562)
	at de.uka.ilkd.key.speclang.njml.Translator.visitEqualityexpr(Translator.java:63)
	at de.uka.ilkd.key.speclang.njml.JmlParser$EqualityexprContext.accept(JmlParser.java:7270)
	at de.uka.ilkd.key.speclang.njml.Translator.accept(Translator.java:128)
	at de.uka.ilkd.key.speclang.njml.Translator.visitAndexpr(Translator.java:544)
	at de.uka.ilkd.key.speclang.njml.JmlParser$AndexprContext.accept(JmlParser.java:7201)
	at de.uka.ilkd.key.speclang.njml.Translator.accept(Translator.java:128)
	at de.uka.ilkd.key.speclang.njml.Translator.visitExclusiveorexpr(Translator.java:529)
	at de.uka.ilkd.key.speclang.njml.JmlParser$ExclusiveorexprContext.accept(JmlParser.java:7132)
	at de.uka.ilkd.key.speclang.njml.Translator.accept(Translator.java:128)
	at de.uka.ilkd.key.speclang.njml.Translator.visitInclusiveorexpr(Translator.java:514)
	at de.uka.ilkd.key.speclang.njml.JmlParser$InclusiveorexprContext.accept(JmlParser.java:7063)
	at de.uka.ilkd.key.speclang.njml.Translator.accept(Translator.java:128)
	at de.uka.ilkd.key.speclang.njml.Translator.visitLogicalandexpr(Translator.java:501)
	at de.uka.ilkd.key.speclang.njml.JmlParser$LogicalandexprContext.accept(JmlParser.java:6994)
	at de.uka.ilkd.key.speclang.njml.Translator.accept(Translator.java:128)
	at de.uka.ilkd.key.speclang.njml.Translator.visitLogicalorexpr(Translator.java:482)
	at de.uka.ilkd.key.speclang.njml.Translator.visitLogicalorexpr(Translator.java:63)
	at de.uka.ilkd.key.speclang.njml.JmlParser$LogicalorexprContext.accept(JmlParser.java:6925)
	at de.uka.ilkd.key.speclang.njml.Translator.accept(Translator.java:128)
	at de.uka.ilkd.key.speclang.njml.Translator.visitImpliesexpr(Translator.java:446)
	at de.uka.ilkd.key.speclang.njml.JmlParser$ImpliesexprContext.accept(JmlParser.java:6662)
	at de.uka.ilkd.key.speclang.njml.Translator.accept(Translator.java:128)
	at de.uka.ilkd.key.speclang.njml.Translator.lambda$mapOf$0(Translator.java:133)
	at java.base/java.util.stream.ReferencePipeline$3$1.accept(ReferencePipeline.java:197)
	at java.base/java.util.ArrayList$ArrayListSpliterator.forEachRemaining(ArrayList.java:1625)
	at java.base/java.util.stream.AbstractPipeline.copyInto(AbstractPipeline.java:509)
	at java.base/java.util.stream.AbstractPipeline.wrapAndCopyInto(AbstractPipeline.java:499)
	at java.base/java.util.stream.ReduceOps$ReduceOp.evaluateSequential(ReduceOps.java:921)
	at java.base/java.util.stream.AbstractPipeline.evaluate(AbstractPipeline.java:234)
	at java.base/java.util.stream.ReferencePipeline.collect(ReferencePipeline.java:682)
	at de.uka.ilkd.key.speclang.njml.Translator.mapOf(Translator.java:133)
	at de.uka.ilkd.key.speclang.njml.Translator.visitEquivalenceexpr(Translator.java:426)
	at de.uka.ilkd.key.speclang.njml.JmlParser$EquivalenceexprContext.accept(JmlParser.java:6585)
	at de.uka.ilkd.key.speclang.njml.Translator.accept(Translator.java:128)
	at de.uka.ilkd.key.speclang.njml.Translator.visitConditionalexpr(Translator.java:412)
	at de.uka.ilkd.key.speclang.njml.Translator.visitConditionalexpr(Translator.java:63)
	at de.uka.ilkd.key.speclang.njml.JmlParser$ConditionalexprContext.accept(JmlParser.java:6516)
	at de.uka.ilkd.key.speclang.njml.Translator.accept(Translator.java:128)
	at de.uka.ilkd.key.speclang.njml.Translator.visitExpression(Translator.java:402)
	at de.uka.ilkd.key.speclang.njml.Translator.visitExpression(Translator.java:63)
	at de.uka.ilkd.key.speclang.njml.JmlParser$ExpressionContext.accept(JmlParser.java:6463)
	at de.uka.ilkd.key.speclang.njml.JmlIO.interpret(JmlIO.java:178)
	at de.uka.ilkd.key.speclang.njml.JmlIO.translateTerm(JmlIO.java:188)
	at de.uka.ilkd.key.speclang.njml.JmlIO.translateTerm(JmlIO.java:201)
	at de.uka.ilkd.key.speclang.jml.translation.JMLSpecFactory.createJMLClassInvariant(JMLSpecFactory.java:957)
	at de.uka.ilkd.key.speclang.jml.JMLSpecExtractor.extractClassSpecs(JMLSpecExtractor.java:250)
	at de.uka.ilkd.key.speclang.SLEnvInput.createSpecs(SLEnvInput.java:284)
	at de.uka.ilkd.key.speclang.SLEnvInput.read(SLEnvInput.java:351)
	at de.uka.ilkd.key.proof.init.KeYUserProblemFile.read(KeYUserProblemFile.java:111)
	at de.uka.ilkd.key.proof.init.ProblemInitializer.readEnvInput(ProblemInitializer.java:323)
	at de.uka.ilkd.key.proof.init.ProblemInitializer.prepare(ProblemInitializer.java:561)
	at de.uka.ilkd.key.proof.init.ProblemInitializer.prepare(ProblemInitializer.java:471)
	at de.uka.ilkd.key.proof.init.ProblemInitializer.startProver(ProblemInitializer.java:607)
	at de.uka.ilkd.key.util.HelperClassForTests.parse(HelperClassForTests.java:78)
	at de.uka.ilkd.key.util.HelperClassForTests.parse(HelperClassForTests.java:66)
	at de.uka.ilkd.key.util.HelperClassForTests.createServices(HelperClassForTests.java:303)
	at de.uka.ilkd.key.parser.AbstractTestTermParser.getServices(AbstractTestTermParser.java:173)
	at de.uka.ilkd.key.parser.AbstractTestTermParser.&lt;init&gt;(AbstractTestTermParser.java:35)
	at de.uka.ilkd.key.logic.TestClashFreeSubst.&lt;init&gt;(TestClashFreeSubst.java:24)
	at java.base/jdk.internal.reflect.NativeConstructorAccessorImpl.newInstance0(Native Method)
	at java.base/jdk.internal.reflect.NativeConstructorAccessorImpl.newInstance(NativeConstructorAccessorImpl.java:77)
	at java.base/jdk.internal.reflect.DelegatingConstructorAccessorImpl.newInstance(DelegatingConstructorAccessorImpl.java:45)
	at java.base/java.lang.reflect.Constructor.newInstanceWithCaller(Constructor.java:499)
	at java.base/java.lang.reflect.Constructor.newInstance(Constructor.java:480)
	at org.junit.platform.commons.util.ReflectionUtils.newInstance(ReflectionUtils.java:552)
	at org.junit.jupiter.engine.execution.ConstructorInvocation.proceed(ConstructorInvocation.java:56)
	at org.junit.jupiter.engine.execution.InvocationInterceptorChain$ValidatingInvocation.proceed(InvocationInterceptorChain.java:131)
	at org.junit.jupiter.api.extension.InvocationInterceptor.interceptTestClassConstructor(InvocationInterceptor.java:73)
	at org.junit.jupiter.engine.execution.InterceptingExecutableInvoker.lambda$invoke$0(InterceptingExecutableInvoker.java:93)
	at org.junit.jupiter.engine.execution.InvocationInterceptorChain$InterceptedInvocation.proceed(InvocationInterceptorChain.java:106)
	at org.junit.jupiter.engine.execution.InvocationInterceptorChain.proceed(InvocationInterceptorChain.java:64)
	at org.junit.jupiter.engine.execution.InvocationInterceptorChain.chainAndInvoke(InvocationInterceptorChain.java:45)
	at org.junit.jupiter.engine.execution.InvocationInterceptorChain.invoke(InvocationInterceptorChain.java:37)
	at org.junit.jupiter.engine.execution.InterceptingExecutableInvoker.invoke(InterceptingExecutableInvoker.java:92)
	at org.junit.jupiter.engine.execution.InterceptingExecutableInvoker.invoke(InterceptingExecutableInvoker.java:62)
	at org.junit.jupiter.engine.descriptor.ClassBasedTestDescriptor.invokeTestClassConstructor(ClassBasedTestDescriptor.java:363)
	at org.junit.jupiter.engine.descriptor.ClassBasedTestDescriptor.instantiateTestClass(ClassBasedTestDescriptor.java:310)
	at org.junit.jupiter.engine.descriptor.ClassTestDescriptor.instantiateTestClass(ClassTestDescriptor.java:79)
	at org.junit.jupiter.engine.descriptor.ClassBasedTestDescriptor.instantiateAndPostProcessTestInstance(ClassBasedTestDescriptor.java:286)
	at org.junit.jupiter.engine.descriptor.ClassBasedTestDescriptor.lambda$testInstancesProvider$4(ClassBasedTestDescriptor.java:278)
	at java.base/java.util.Optional.orElseGet(Optional.java:364)
	at org.junit.jupiter.engine.descriptor.ClassBasedTestDescriptor.lambda$testInstancesProvider$5(ClassBasedTestDescriptor.java:277)
	at org.junit.jupiter.engine.execution.TestInstancesProvider.getTestInstances(TestInstancesProvider.java:31)
	at org.junit.jupiter.engine.descriptor.TestMethodTestDescriptor.lambda$prepare$0(TestMethodTestDescriptor.java:105)
	at org.junit.platform.engine.support.hierarchical.ThrowableCollector.execute(ThrowableCollector.java:73)
	at org.junit.jupiter.engine.descriptor.TestMethodTestDescriptor.prepare(TestMethodTestDescriptor.java:104)
	at org.junit.jupiter.engine.descriptor.TestMethodTestDescriptor.prepare(TestMethodTestDescriptor.java:68)
	at org.junit.platform.engine.support.hierarchical.NodeTestTask.lambda$prepare$2(NodeTestTask.java:123)
	at org.junit.platform.engine.support.hierarchical.ThrowableCollector.execute(ThrowableCollector.java:73)
	at org.junit.platform.engine.support.hierarchical.NodeTestTask.prepare(NodeTestTask.java:123)
	at org.junit.platform.engine.support.hierarchical.NodeTestTask.execute(NodeTestTask.java:90)
	at java.base/java.util.ArrayList.forEach(ArrayList.java:1511)
	at org.junit.platform.engine.support.hierarchical.SameThreadHierarchicalTestExecutorService.invokeAll(SameThreadHierarchicalTestExecutorService.java:41)
	at org.junit.platform.engine.support.hierarchical.NodeTestTask.lambda$executeRecursively$6(NodeTestTask.java:155)
	at org.junit.platform.engine.support.hierarchical.ThrowableCollector.execute(ThrowableCollector.java:73)
	at org.junit.platform.engine.support.hierarchical.NodeTestTask.lambda$executeRecursively$8(NodeTestTask.java:141)
	at org.junit.platform.engine.support.hierarchical.Node.around(Node.java:137)
	at org.junit.platform.engine.support.hierarchical.NodeTestTask.lambda$executeRecursively$9(NodeTestTask.java:139)
	at org.junit.platform.engine.support.hierarchical.ThrowableCollector.execute(ThrowableCollector.java:73)
	at org.junit.platform.engine.support.hierarchical.NodeTestTask.executeRecursively(NodeTestTask.java:138)
	at org.junit.platform.engine.support.hierarchical.NodeTestTask.execute(NodeTestTask.java:95)
	at java.base/java.util.ArrayList.forEach(ArrayList.java:1511)
	at org.junit.platform.engine.support.hierarchical.SameThreadHierarchicalTestExecutorService.invokeAll(SameThreadHierarchicalTestExecutorService.java:41)
	at org.junit.platform.engine.support.hierarchical.NodeTestTask.lambda$executeRecursively$6(NodeTestTask.java:155)
	at org.junit.platform.engine.support.hierarchical.ThrowableCollector.execute(ThrowableCollector.java:73)
	at org.junit.platform.engine.support.hierarchical.NodeTestTask.lambda$executeRecursively$8(NodeTestTask.java:141)
	at org.junit.platform.engine.support.hierarchical.Node.around(Node.java:137)
	at org.junit.platform.engine.support.hierarchical.NodeTestTask.lambda$executeRecursively$9(NodeTestTask.java:139)
	at org.junit.platform.engine.support.hierarchical.ThrowableCollector.execute(ThrowableCollector.java:73)
	at org.junit.platform.engine.support.hierarchical.NodeTestTask.executeRecursively(NodeTestTask.java:138)
	at org.junit.platform.engine.support.hierarchical.NodeTestTask.execute(NodeTestTask.java:95)
	at org.junit.platform.engine.support.hierarchical.SameThreadHierarchicalTestExecutorService.submit(SameThreadHierarchicalTestExecutorService.java:35)
	at org.junit.platform.engine.support.hierarchical.HierarchicalTestExecutor.execute(HierarchicalTestExecutor.java:57)
	at org.junit.platform.engine.support.hierarchical.HierarchicalTestEngine.execute(HierarchicalTestEngine.java:54)
	at org.junit.platform.launcher.core.EngineExecutionOrchestrator.execute(EngineExecutionOrchestrator.java:107)
	at org.junit.platform.launcher.core.EngineExecutionOrchestrator.execute(EngineExecutionOrchestrator.java:88)
	at org.junit.platform.launcher.core.EngineExecutionOrchestrator.lambda$execute$0(EngineExecutionOrchestrator.java:54)
	at org.junit.platform.launcher.core.EngineExecutionOrchestrator.withInterceptedStreams(EngineExecutionOrchestrator.java:67)
	at org.junit.platform.launcher.core.EngineExecutionOrchestrator.execute(EngineExecutionOrchestrator.java:52)
	at org.junit.platform.launcher.core.DefaultLauncher.execute(DefaultLauncher.java:114)
	at org.junit.platform.launcher.core.DefaultLauncher.execute(DefaultLauncher.java:86)
	at org.junit.platform.launcher.core.DefaultLauncherSession$DelegatingLauncher.execute(DefaultLauncherSession.java:86)
	at org.gradle.api.internal.tasks.testing.junitplatform.JUnitPlatformTestClassProcessor$CollectAllTestClassesExecutor.processAllTestClasses(JUnitPlatformTestClassProcessor.java:110)
	at org.gradle.api.internal.tasks.testing.junitplatform.JUnitPlatformTestClassProcessor$CollectAllTestClassesExecutor.access$000(JUnitPlatformTestClassProcessor.java:90)
	at org.gradle.api.internal.tasks.testing.junitplatform.JUnitPlatformTestClassProcessor.stop(JUnitPlatformTestClassProcessor.java:85)
	at org.gradle.api.internal.tasks.testing.SuiteTestClassProcessor.stop(SuiteTestClassProcessor.java:62)
	at java.base/jdk.internal.reflect.NativeMethodAccessorImpl.invoke0(Native Method)
	at java.base/jdk.internal.reflect.NativeMethodAccessorImpl.invoke(NativeMethodAccessorImpl.java:77)
	at java.base/jdk.internal.reflect.DelegatingMethodAccessorImpl.invoke(DelegatingMethodAccessorImpl.java:43)
	at java.base/java.lang.reflect.Method.invoke(Method.java:568)
	at org.gradle.internal.dispatch.ReflectionDispatch.dispatch(ReflectionDispatch.java:36)
	at org.gradle.internal.dispatch.ReflectionDispatch.dispatch(ReflectionDispatch.java:24)
	at org.gradle.internal.dispatch.ContextClassLoaderDispatch.dispatch(ContextClassLoaderDispatch.java:33)
	at org.gradle.internal.dispatch.ProxyDispatchAdapter$DispatchingInvocationHandler.invoke(ProxyDispatchAdapter.java:94)
	at jdk.proxy2/jdk.proxy2.$Proxy5.stop(Unknown Source)
	at org.gradle.api.internal.tasks.testing.worker.TestWorker$3.run(TestWorker.java:193)
	at org.gradle.api.internal.tasks.testing.worker.TestWorker.executeAndMaintainThreadName(TestWorker.java:129)
	at org.gradle.api.internal.tasks.testing.worker.TestWorker.execute(TestWorker.java:100)
	at org.gradle.api.internal.tasks.testing.worker.TestWorker.execute(TestWorker.java:60)
	at org.gradle.process.internal.worker.child.ActionExecutionWorker.execute(ActionExecutionWorker.java:56)
	at org.gradle.process.internal.worker.child.SystemApplicationClassLoaderWorker.call(SystemApplicationClassLoaderWorker.java:113)
	at org.gradle.process.internal.worker.child.SystemApplicationClassLoaderWorker.call(SystemApplicationClassLoaderWorker.java:65)
	at worker.org.gradle.process.internal.worker.GradleWorkerMain.run(GradleWorkerMain.java:69)
	at worker.org.gradle.process.internal.worker.GradleWorkerMain.main(GradleWorkerMain.java:74)
</failure>
  </testcase>
  <testcase name="testShareWary()" classname="de.uka.ilkd.key.logic.TestClashFreeSubst" time="0.003">
    <failure message="java.lang.NullPointerException: Cannot invoke &quot;de.uka.ilkd.key.java.JavaService.getProgramFactory()&quot; because &quot;this.javaService&quot; is null" type="java.lang.NullPointerException">java.lang.NullPointerException: Cannot invoke &quot;de.uka.ilkd.key.java.JavaService.getProgramFactory()&quot; because &quot;this.javaService&quot; is null
	at de.uka.ilkd.key.java.KeYProgModelInfo.isPackage(KeYProgModelInfo.java:213)
	at de.uka.ilkd.key.java.JavaInfo.isPackage(JavaInfo.java:221)
	at de.uka.ilkd.key.speclang.translation.SLExpressionResolver.trimPackageRef(SLExpressionResolver.java:43)
	at de.uka.ilkd.key.speclang.translation.SLExpressionResolver.areInSamePackage(SLExpressionResolver.java:62)
	at de.uka.ilkd.key.speclang.translation.SLExpressionResolver.isVisibleHelper(SLExpressionResolver.java:103)
	at de.uka.ilkd.key.speclang.translation.SLExpressionResolver.isVisible(SLExpressionResolver.java:114)
	at de.uka.ilkd.key.speclang.translation.SLAttributeResolver.lookupVisibleAttribute(SLAttributeResolver.java:37)
	at de.uka.ilkd.key.speclang.translation.SLAttributeResolver.doResolving(SLAttributeResolver.java:94)
	at de.uka.ilkd.key.speclang.translation.SLExpressionResolver.resolve(SLExpressionResolver.java:149)
	at de.uka.ilkd.key.speclang.translation.SLResolverManager.resolveExplicit(SLResolverManager.java:137)
	at de.uka.ilkd.key.speclang.translation.SLResolverManager.resolveImplicit(SLResolverManager.java:112)
	at de.uka.ilkd.key.speclang.translation.SLResolverManager.resolveIt(SLResolverManager.java:159)
	at de.uka.ilkd.key.speclang.translation.SLResolverManager.resolve(SLResolverManager.java:195)
	at de.uka.ilkd.key.speclang.njml.Translator.lookupIdentifier(Translator.java:924)
	at de.uka.ilkd.key.speclang.njml.Translator.visitIdent(Translator.java:882)
	at de.uka.ilkd.key.speclang.njml.JmlParser$IdentContext.accept(JmlParser.java:8637)
	at org.antlr.v4.runtime.tree.AbstractParseTreeVisitor.visitChildren(AbstractParseTreeVisitor.java:46)
	at de.uka.ilkd.key.speclang.njml.JmlParserBaseVisitor.visitPrimaryexpr(JmlParserBaseVisitor.java:724)
	at de.uka.ilkd.key.speclang.njml.JmlParser$PrimaryexprContext.accept(JmlParser.java:8399)
	at de.uka.ilkd.key.speclang.njml.Translator.accept(Translator.java:128)
	at de.uka.ilkd.key.speclang.njml.Translator.visitPostfixexpr(Translator.java:854)
	at de.uka.ilkd.key.speclang.njml.Translator.visitPostfixexpr(Translator.java:63)
	at de.uka.ilkd.key.speclang.njml.JmlParser$PostfixexprContext.accept(JmlParser.java:8315)
	at de.uka.ilkd.key.speclang.njml.Translator.accept(Translator.java:128)
	at de.uka.ilkd.key.speclang.njml.Translator.visitUnaryexprnotplusminus(Translator.java:840)
	at de.uka.ilkd.key.speclang.njml.JmlParser$UnaryexprnotplusminusContext.accept(JmlParser.java:8146)
	at de.uka.ilkd.key.speclang.njml.Translator.accept(Translator.java:128)
	at de.uka.ilkd.key.speclang.njml.Translator.oneOf(Translator.java:147)
	at de.uka.ilkd.key.speclang.njml.Translator.visitUnaryexpr(Translator.java:800)
	at de.uka.ilkd.key.speclang.njml.Translator.visitUnaryexpr(Translator.java:63)
	at de.uka.ilkd.key.speclang.njml.JmlParser$UnaryexprContext.accept(JmlParser.java:8002)
	at de.uka.ilkd.key.speclang.njml.Translator.accept(Translator.java:128)
	at de.uka.ilkd.key.speclang.njml.Translator.lambda$mapOf$0(Translator.java:133)
	at java.base/java.util.stream.ReferencePipeline$3$1.accept(ReferencePipeline.java:197)
	at java.base/java.util.ArrayList$ArrayListSpliterator.forEachRemaining(ArrayList.java:1625)
	at java.base/java.util.stream.AbstractPipeline.copyInto(AbstractPipeline.java:509)
	at java.base/java.util.stream.AbstractPipeline.wrapAndCopyInto(AbstractPipeline.java:499)
	at java.base/java.util.stream.ReduceOps$ReduceOp.evaluateSequential(ReduceOps.java:921)
	at java.base/java.util.stream.AbstractPipeline.evaluate(AbstractPipeline.java:234)
	at java.base/java.util.stream.ReferencePipeline.collect(ReferencePipeline.java:682)
	at de.uka.ilkd.key.speclang.njml.Translator.mapOf(Translator.java:133)
	at de.uka.ilkd.key.speclang.njml.Translator.visitMultexpr(Translator.java:737)
	at de.uka.ilkd.key.speclang.njml.JmlParser$MultexprContext.accept(JmlParser.java:7921)
	at de.uka.ilkd.key.speclang.njml.Translator.accept(Translator.java:128)
	at de.uka.ilkd.key.speclang.njml.Translator.lambda$mapOf$0(Translator.java:133)
	at java.base/java.util.stream.ReferencePipeline$3$1.accept(ReferencePipeline.java:197)
	at java.base/java.util.ArrayList$ArrayListSpliterator.forEachRemaining(ArrayList.java:1625)
	at java.base/java.util.stream.AbstractPipeline.copyInto(AbstractPipeline.java:509)
	at java.base/java.util.stream.AbstractPipeline.wrapAndCopyInto(AbstractPipeline.java:499)
	at java.base/java.util.stream.ReduceOps$ReduceOp.evaluateSequential(ReduceOps.java:921)
	at java.base/java.util.stream.AbstractPipeline.evaluate(AbstractPipeline.java:234)
	at java.base/java.util.stream.ReferencePipeline.collect(ReferencePipeline.java:682)
	at de.uka.ilkd.key.speclang.njml.Translator.mapOf(Translator.java:133)
	at de.uka.ilkd.key.speclang.njml.Translator.visitAdditiveexpr(Translator.java:720)
	at de.uka.ilkd.key.speclang.njml.JmlParser$AdditiveexprContext.accept(JmlParser.java:7829)
	at de.uka.ilkd.key.speclang.njml.Translator.accept(Translator.java:128)
	at de.uka.ilkd.key.speclang.njml.Translator.lambda$mapOf$0(Translator.java:133)
	at java.base/java.util.stream.ReferencePipeline$3$1.accept(ReferencePipeline.java:197)
	at java.base/java.util.ArrayList$ArrayListSpliterator.forEachRemaining(ArrayList.java:1625)
	at java.base/java.util.stream.AbstractPipeline.copyInto(AbstractPipeline.java:509)
	at java.base/java.util.stream.AbstractPipeline.wrapAndCopyInto(AbstractPipeline.java:499)
	at java.base/java.util.stream.ReduceOps$ReduceOp.evaluateSequential(ReduceOps.java:921)
	at java.base/java.util.stream.AbstractPipeline.evaluate(AbstractPipeline.java:234)
	at java.base/java.util.stream.ReferencePipeline.collect(ReferencePipeline.java:682)
	at de.uka.ilkd.key.speclang.njml.Translator.mapOf(Translator.java:133)
	at de.uka.ilkd.key.speclang.njml.Translator.visitShiftexpr(Translator.java:703)
	at de.uka.ilkd.key.speclang.njml.JmlParser$ShiftexprContext.accept(JmlParser.java:7742)
	at de.uka.ilkd.key.speclang.njml.Translator.accept(Translator.java:128)
	at de.uka.ilkd.key.speclang.njml.Translator.oneOf(Translator.java:147)
	at de.uka.ilkd.key.speclang.njml.Translator.visitRelationalexpr(Translator.java:494)
	at de.uka.ilkd.key.speclang.njml.JmlParser$RelationalexprContext.accept(JmlParser.java:7344)
	at de.uka.ilkd.key.speclang.njml.Translator.accept(Translator.java:128)
	at de.uka.ilkd.key.speclang.njml.Translator.lambda$mapOf$0(Translator.java:133)
	at java.base/java.util.stream.ReferencePipeline$3$1.accept(ReferencePipeline.java:197)
	at java.base/java.util.ArrayList$ArrayListSpliterator.forEachRemaining(ArrayList.java:1625)
	at java.base/java.util.stream.AbstractPipeline.copyInto(AbstractPipeline.java:509)
	at java.base/java.util.stream.AbstractPipeline.wrapAndCopyInto(AbstractPipeline.java:499)
	at java.base/java.util.stream.ReduceOps$ReduceOp.evaluateSequential(ReduceOps.java:921)
	at java.base/java.util.stream.AbstractPipeline.evaluate(AbstractPipeline.java:234)
	at java.base/java.util.stream.ReferencePipeline.collect(ReferencePipeline.java:682)
	at de.uka.ilkd.key.speclang.njml.Translator.mapOf(Translator.java:133)
	at de.uka.ilkd.key.speclang.njml.Translator.visitEqualityexpr(Translator.java:562)
	at de.uka.ilkd.key.speclang.njml.Translator.visitEqualityexpr(Translator.java:63)
	at de.uka.ilkd.key.speclang.njml.JmlParser$EqualityexprContext.accept(JmlParser.java:7270)
	at de.uka.ilkd.key.speclang.njml.Translator.accept(Translator.java:128)
	at de.uka.ilkd.key.speclang.njml.Translator.visitAndexpr(Translator.java:544)
	at de.uka.ilkd.key.speclang.njml.JmlParser$AndexprContext.accept(JmlParser.java:7201)
	at de.uka.ilkd.key.speclang.njml.Translator.accept(Translator.java:128)
	at de.uka.ilkd.key.speclang.njml.Translator.visitExclusiveorexpr(Translator.java:529)
	at de.uka.ilkd.key.speclang.njml.JmlParser$ExclusiveorexprContext.accept(JmlParser.java:7132)
	at de.uka.ilkd.key.speclang.njml.Translator.accept(Translator.java:128)
	at de.uka.ilkd.key.speclang.njml.Translator.visitInclusiveorexpr(Translator.java:514)
	at de.uka.ilkd.key.speclang.njml.JmlParser$InclusiveorexprContext.accept(JmlParser.java:7063)
	at de.uka.ilkd.key.speclang.njml.Translator.accept(Translator.java:128)
	at de.uka.ilkd.key.speclang.njml.Translator.visitLogicalandexpr(Translator.java:501)
	at de.uka.ilkd.key.speclang.njml.JmlParser$LogicalandexprContext.accept(JmlParser.java:6994)
	at de.uka.ilkd.key.speclang.njml.Translator.accept(Translator.java:128)
	at de.uka.ilkd.key.speclang.njml.Translator.visitLogicalorexpr(Translator.java:482)
	at de.uka.ilkd.key.speclang.njml.Translator.visitLogicalorexpr(Translator.java:63)
	at de.uka.ilkd.key.speclang.njml.JmlParser$LogicalorexprContext.accept(JmlParser.java:6925)
	at de.uka.ilkd.key.speclang.njml.Translator.accept(Translator.java:128)
	at de.uka.ilkd.key.speclang.njml.Translator.visitImpliesexpr(Translator.java:446)
	at de.uka.ilkd.key.speclang.njml.JmlParser$ImpliesexprContext.accept(JmlParser.java:6662)
	at de.uka.ilkd.key.speclang.njml.Translator.accept(Translator.java:128)
	at de.uka.ilkd.key.speclang.njml.Translator.lambda$mapOf$0(Translator.java:133)
	at java.base/java.util.stream.ReferencePipeline$3$1.accept(ReferencePipeline.java:197)
	at java.base/java.util.ArrayList$ArrayListSpliterator.forEachRemaining(ArrayList.java:1625)
	at java.base/java.util.stream.AbstractPipeline.copyInto(AbstractPipeline.java:509)
	at java.base/java.util.stream.AbstractPipeline.wrapAndCopyInto(AbstractPipeline.java:499)
	at java.base/java.util.stream.ReduceOps$ReduceOp.evaluateSequential(ReduceOps.java:921)
	at java.base/java.util.stream.AbstractPipeline.evaluate(AbstractPipeline.java:234)
	at java.base/java.util.stream.ReferencePipeline.collect(ReferencePipeline.java:682)
	at de.uka.ilkd.key.speclang.njml.Translator.mapOf(Translator.java:133)
	at de.uka.ilkd.key.speclang.njml.Translator.visitEquivalenceexpr(Translator.java:426)
	at de.uka.ilkd.key.speclang.njml.JmlParser$EquivalenceexprContext.accept(JmlParser.java:6585)
	at de.uka.ilkd.key.speclang.njml.Translator.accept(Translator.java:128)
	at de.uka.ilkd.key.speclang.njml.Translator.visitConditionalexpr(Translator.java:412)
	at de.uka.ilkd.key.speclang.njml.Translator.visitConditionalexpr(Translator.java:63)
	at de.uka.ilkd.key.speclang.njml.JmlParser$ConditionalexprContext.accept(JmlParser.java:6516)
	at de.uka.ilkd.key.speclang.njml.Translator.accept(Translator.java:128)
	at de.uka.ilkd.key.speclang.njml.Translator.visitExpression(Translator.java:402)
	at de.uka.ilkd.key.speclang.njml.Translator.visitExpression(Translator.java:63)
	at de.uka.ilkd.key.speclang.njml.JmlParser$ExpressionContext.accept(JmlParser.java:6463)
	at de.uka.ilkd.key.speclang.njml.JmlIO.interpret(JmlIO.java:178)
	at de.uka.ilkd.key.speclang.njml.JmlIO.translateTerm(JmlIO.java:188)
	at de.uka.ilkd.key.speclang.njml.JmlIO.translateTerm(JmlIO.java:201)
	at de.uka.ilkd.key.speclang.jml.translation.JMLSpecFactory.createJMLClassInvariant(JMLSpecFactory.java:957)
	at de.uka.ilkd.key.speclang.jml.JMLSpecExtractor.extractClassSpecs(JMLSpecExtractor.java:250)
	at de.uka.ilkd.key.speclang.SLEnvInput.createSpecs(SLEnvInput.java:284)
	at de.uka.ilkd.key.speclang.SLEnvInput.read(SLEnvInput.java:351)
	at de.uka.ilkd.key.proof.init.KeYUserProblemFile.read(KeYUserProblemFile.java:111)
	at de.uka.ilkd.key.proof.init.ProblemInitializer.readEnvInput(ProblemInitializer.java:323)
	at de.uka.ilkd.key.proof.init.ProblemInitializer.prepare(ProblemInitializer.java:561)
	at de.uka.ilkd.key.proof.init.ProblemInitializer.prepare(ProblemInitializer.java:471)
	at de.uka.ilkd.key.proof.init.ProblemInitializer.startProver(ProblemInitializer.java:607)
	at de.uka.ilkd.key.util.HelperClassForTests.parse(HelperClassForTests.java:78)
	at de.uka.ilkd.key.util.HelperClassForTests.parse(HelperClassForTests.java:66)
	at de.uka.ilkd.key.util.HelperClassForTests.createServices(HelperClassForTests.java:303)
	at de.uka.ilkd.key.parser.AbstractTestTermParser.getServices(AbstractTestTermParser.java:173)
	at de.uka.ilkd.key.parser.AbstractTestTermParser.&lt;init&gt;(AbstractTestTermParser.java:35)
	at de.uka.ilkd.key.logic.TestClashFreeSubst.&lt;init&gt;(TestClashFreeSubst.java:24)
	at java.base/jdk.internal.reflect.NativeConstructorAccessorImpl.newInstance0(Native Method)
	at java.base/jdk.internal.reflect.NativeConstructorAccessorImpl.newInstance(NativeConstructorAccessorImpl.java:77)
	at java.base/jdk.internal.reflect.DelegatingConstructorAccessorImpl.newInstance(DelegatingConstructorAccessorImpl.java:45)
	at java.base/java.lang.reflect.Constructor.newInstanceWithCaller(Constructor.java:499)
	at java.base/java.lang.reflect.Constructor.newInstance(Constructor.java:480)
	at org.junit.platform.commons.util.ReflectionUtils.newInstance(ReflectionUtils.java:552)
	at org.junit.jupiter.engine.execution.ConstructorInvocation.proceed(ConstructorInvocation.java:56)
	at org.junit.jupiter.engine.execution.InvocationInterceptorChain$ValidatingInvocation.proceed(InvocationInterceptorChain.java:131)
	at org.junit.jupiter.api.extension.InvocationInterceptor.interceptTestClassConstructor(InvocationInterceptor.java:73)
	at org.junit.jupiter.engine.execution.InterceptingExecutableInvoker.lambda$invoke$0(InterceptingExecutableInvoker.java:93)
	at org.junit.jupiter.engine.execution.InvocationInterceptorChain$InterceptedInvocation.proceed(InvocationInterceptorChain.java:106)
	at org.junit.jupiter.engine.execution.InvocationInterceptorChain.proceed(InvocationInterceptorChain.java:64)
	at org.junit.jupiter.engine.execution.InvocationInterceptorChain.chainAndInvoke(InvocationInterceptorChain.java:45)
	at org.junit.jupiter.engine.execution.InvocationInterceptorChain.invoke(InvocationInterceptorChain.java:37)
	at org.junit.jupiter.engine.execution.InterceptingExecutableInvoker.invoke(InterceptingExecutableInvoker.java:92)
	at org.junit.jupiter.engine.execution.InterceptingExecutableInvoker.invoke(InterceptingExecutableInvoker.java:62)
	at org.junit.jupiter.engine.descriptor.ClassBasedTestDescriptor.invokeTestClassConstructor(ClassBasedTestDescriptor.java:363)
	at org.junit.jupiter.engine.descriptor.ClassBasedTestDescriptor.instantiateTestClass(ClassBasedTestDescriptor.java:310)
	at org.junit.jupiter.engine.descriptor.ClassTestDescriptor.instantiateTestClass(ClassTestDescriptor.java:79)
	at org.junit.jupiter.engine.descriptor.ClassBasedTestDescriptor.instantiateAndPostProcessTestInstance(ClassBasedTestDescriptor.java:286)
	at org.junit.jupiter.engine.descriptor.ClassBasedTestDescriptor.lambda$testInstancesProvider$4(ClassBasedTestDescriptor.java:278)
	at java.base/java.util.Optional.orElseGet(Optional.java:364)
	at org.junit.jupiter.engine.descriptor.ClassBasedTestDescriptor.lambda$testInstancesProvider$5(ClassBasedTestDescriptor.java:277)
	at org.junit.jupiter.engine.execution.TestInstancesProvider.getTestInstances(TestInstancesProvider.java:31)
	at org.junit.jupiter.engine.descriptor.TestMethodTestDescriptor.lambda$prepare$0(TestMethodTestDescriptor.java:105)
	at org.junit.platform.engine.support.hierarchical.ThrowableCollector.execute(ThrowableCollector.java:73)
	at org.junit.jupiter.engine.descriptor.TestMethodTestDescriptor.prepare(TestMethodTestDescriptor.java:104)
	at org.junit.jupiter.engine.descriptor.TestMethodTestDescriptor.prepare(TestMethodTestDescriptor.java:68)
	at org.junit.platform.engine.support.hierarchical.NodeTestTask.lambda$prepare$2(NodeTestTask.java:123)
	at org.junit.platform.engine.support.hierarchical.ThrowableCollector.execute(ThrowableCollector.java:73)
	at org.junit.platform.engine.support.hierarchical.NodeTestTask.prepare(NodeTestTask.java:123)
	at org.junit.platform.engine.support.hierarchical.NodeTestTask.execute(NodeTestTask.java:90)
	at java.base/java.util.ArrayList.forEach(ArrayList.java:1511)
	at org.junit.platform.engine.support.hierarchical.SameThreadHierarchicalTestExecutorService.invokeAll(SameThreadHierarchicalTestExecutorService.java:41)
	at org.junit.platform.engine.support.hierarchical.NodeTestTask.lambda$executeRecursively$6(NodeTestTask.java:155)
	at org.junit.platform.engine.support.hierarchical.ThrowableCollector.execute(ThrowableCollector.java:73)
	at org.junit.platform.engine.support.hierarchical.NodeTestTask.lambda$executeRecursively$8(NodeTestTask.java:141)
	at org.junit.platform.engine.support.hierarchical.Node.around(Node.java:137)
	at org.junit.platform.engine.support.hierarchical.NodeTestTask.lambda$executeRecursively$9(NodeTestTask.java:139)
	at org.junit.platform.engine.support.hierarchical.ThrowableCollector.execute(ThrowableCollector.java:73)
	at org.junit.platform.engine.support.hierarchical.NodeTestTask.executeRecursively(NodeTestTask.java:138)
	at org.junit.platform.engine.support.hierarchical.NodeTestTask.execute(NodeTestTask.java:95)
	at java.base/java.util.ArrayList.forEach(ArrayList.java:1511)
	at org.junit.platform.engine.support.hierarchical.SameThreadHierarchicalTestExecutorService.invokeAll(SameThreadHierarchicalTestExecutorService.java:41)
	at org.junit.platform.engine.support.hierarchical.NodeTestTask.lambda$executeRecursively$6(NodeTestTask.java:155)
	at org.junit.platform.engine.support.hierarchical.ThrowableCollector.execute(ThrowableCollector.java:73)
	at org.junit.platform.engine.support.hierarchical.NodeTestTask.lambda$executeRecursively$8(NodeTestTask.java:141)
	at org.junit.platform.engine.support.hierarchical.Node.around(Node.java:137)
	at org.junit.platform.engine.support.hierarchical.NodeTestTask.lambda$executeRecursively$9(NodeTestTask.java:139)
	at org.junit.platform.engine.support.hierarchical.ThrowableCollector.execute(ThrowableCollector.java:73)
	at org.junit.platform.engine.support.hierarchical.NodeTestTask.executeRecursively(NodeTestTask.java:138)
	at org.junit.platform.engine.support.hierarchical.NodeTestTask.execute(NodeTestTask.java:95)
	at org.junit.platform.engine.support.hierarchical.SameThreadHierarchicalTestExecutorService.submit(SameThreadHierarchicalTestExecutorService.java:35)
	at org.junit.platform.engine.support.hierarchical.HierarchicalTestExecutor.execute(HierarchicalTestExecutor.java:57)
	at org.junit.platform.engine.support.hierarchical.HierarchicalTestEngine.execute(HierarchicalTestEngine.java:54)
	at org.junit.platform.launcher.core.EngineExecutionOrchestrator.execute(EngineExecutionOrchestrator.java:107)
	at org.junit.platform.launcher.core.EngineExecutionOrchestrator.execute(EngineExecutionOrchestrator.java:88)
	at org.junit.platform.launcher.core.EngineExecutionOrchestrator.lambda$execute$0(EngineExecutionOrchestrator.java:54)
	at org.junit.platform.launcher.core.EngineExecutionOrchestrator.withInterceptedStreams(EngineExecutionOrchestrator.java:67)
	at org.junit.platform.launcher.core.EngineExecutionOrchestrator.execute(EngineExecutionOrchestrator.java:52)
	at org.junit.platform.launcher.core.DefaultLauncher.execute(DefaultLauncher.java:114)
	at org.junit.platform.launcher.core.DefaultLauncher.execute(DefaultLauncher.java:86)
	at org.junit.platform.launcher.core.DefaultLauncherSession$DelegatingLauncher.execute(DefaultLauncherSession.java:86)
	at org.gradle.api.internal.tasks.testing.junitplatform.JUnitPlatformTestClassProcessor$CollectAllTestClassesExecutor.processAllTestClasses(JUnitPlatformTestClassProcessor.java:110)
	at org.gradle.api.internal.tasks.testing.junitplatform.JUnitPlatformTestClassProcessor$CollectAllTestClassesExecutor.access$000(JUnitPlatformTestClassProcessor.java:90)
	at org.gradle.api.internal.tasks.testing.junitplatform.JUnitPlatformTestClassProcessor.stop(JUnitPlatformTestClassProcessor.java:85)
	at org.gradle.api.internal.tasks.testing.SuiteTestClassProcessor.stop(SuiteTestClassProcessor.java:62)
	at java.base/jdk.internal.reflect.NativeMethodAccessorImpl.invoke0(Native Method)
	at java.base/jdk.internal.reflect.NativeMethodAccessorImpl.invoke(NativeMethodAccessorImpl.java:77)
	at java.base/jdk.internal.reflect.DelegatingMethodAccessorImpl.invoke(DelegatingMethodAccessorImpl.java:43)
	at java.base/java.lang.reflect.Method.invoke(Method.java:568)
	at org.gradle.internal.dispatch.ReflectionDispatch.dispatch(ReflectionDispatch.java:36)
	at org.gradle.internal.dispatch.ReflectionDispatch.dispatch(ReflectionDispatch.java:24)
	at org.gradle.internal.dispatch.ContextClassLoaderDispatch.dispatch(ContextClassLoaderDispatch.java:33)
	at org.gradle.internal.dispatch.ProxyDispatchAdapter$DispatchingInvocationHandler.invoke(ProxyDispatchAdapter.java:94)
	at jdk.proxy2/jdk.proxy2.$Proxy5.stop(Unknown Source)
	at org.gradle.api.internal.tasks.testing.worker.TestWorker$3.run(TestWorker.java:193)
	at org.gradle.api.internal.tasks.testing.worker.TestWorker.executeAndMaintainThreadName(TestWorker.java:129)
	at org.gradle.api.internal.tasks.testing.worker.TestWorker.execute(TestWorker.java:100)
	at org.gradle.api.internal.tasks.testing.worker.TestWorker.execute(TestWorker.java:60)
	at org.gradle.process.internal.worker.child.ActionExecutionWorker.execute(ActionExecutionWorker.java:56)
	at org.gradle.process.internal.worker.child.SystemApplicationClassLoaderWorker.call(SystemApplicationClassLoaderWorker.java:113)
	at org.gradle.process.internal.worker.child.SystemApplicationClassLoaderWorker.call(SystemApplicationClassLoaderWorker.java:65)
	at worker.org.gradle.process.internal.worker.GradleWorkerMain.run(GradleWorkerMain.java:69)
	at worker.org.gradle.process.internal.worker.GradleWorkerMain.main(GradleWorkerMain.java:74)
</failure>
  </testcase>
  <testcase name="testMultiSubst()" classname="de.uka.ilkd.key.logic.TestClashFreeSubst" time="0.014">
    <failure message="java.lang.NullPointerException: Cannot invoke &quot;de.uka.ilkd.key.java.JavaService.getProgramFactory()&quot; because &quot;this.javaService&quot; is null" type="java.lang.NullPointerException">java.lang.NullPointerException: Cannot invoke &quot;de.uka.ilkd.key.java.JavaService.getProgramFactory()&quot; because &quot;this.javaService&quot; is null
	at de.uka.ilkd.key.java.KeYProgModelInfo.isPackage(KeYProgModelInfo.java:213)
	at de.uka.ilkd.key.java.JavaInfo.isPackage(JavaInfo.java:221)
	at de.uka.ilkd.key.speclang.translation.SLExpressionResolver.trimPackageRef(SLExpressionResolver.java:43)
	at de.uka.ilkd.key.speclang.translation.SLExpressionResolver.areInSamePackage(SLExpressionResolver.java:62)
	at de.uka.ilkd.key.speclang.translation.SLExpressionResolver.isVisibleHelper(SLExpressionResolver.java:103)
	at de.uka.ilkd.key.speclang.translation.SLExpressionResolver.isVisible(SLExpressionResolver.java:114)
	at de.uka.ilkd.key.speclang.translation.SLAttributeResolver.lookupVisibleAttribute(SLAttributeResolver.java:37)
	at de.uka.ilkd.key.speclang.translation.SLAttributeResolver.doResolving(SLAttributeResolver.java:94)
	at de.uka.ilkd.key.speclang.translation.SLExpressionResolver.resolve(SLExpressionResolver.java:149)
	at de.uka.ilkd.key.speclang.translation.SLResolverManager.resolveExplicit(SLResolverManager.java:137)
	at de.uka.ilkd.key.speclang.translation.SLResolverManager.resolveImplicit(SLResolverManager.java:112)
	at de.uka.ilkd.key.speclang.translation.SLResolverManager.resolveIt(SLResolverManager.java:159)
	at de.uka.ilkd.key.speclang.translation.SLResolverManager.resolve(SLResolverManager.java:195)
	at de.uka.ilkd.key.speclang.njml.Translator.lookupIdentifier(Translator.java:924)
	at de.uka.ilkd.key.speclang.njml.Translator.visitIdent(Translator.java:882)
	at de.uka.ilkd.key.speclang.njml.JmlParser$IdentContext.accept(JmlParser.java:8637)
	at org.antlr.v4.runtime.tree.AbstractParseTreeVisitor.visitChildren(AbstractParseTreeVisitor.java:46)
	at de.uka.ilkd.key.speclang.njml.JmlParserBaseVisitor.visitPrimaryexpr(JmlParserBaseVisitor.java:724)
	at de.uka.ilkd.key.speclang.njml.JmlParser$PrimaryexprContext.accept(JmlParser.java:8399)
	at de.uka.ilkd.key.speclang.njml.Translator.accept(Translator.java:128)
	at de.uka.ilkd.key.speclang.njml.Translator.visitPostfixexpr(Translator.java:854)
	at de.uka.ilkd.key.speclang.njml.Translator.visitPostfixexpr(Translator.java:63)
	at de.uka.ilkd.key.speclang.njml.JmlParser$PostfixexprContext.accept(JmlParser.java:8315)
	at de.uka.ilkd.key.speclang.njml.Translator.accept(Translator.java:128)
	at de.uka.ilkd.key.speclang.njml.Translator.visitUnaryexprnotplusminus(Translator.java:840)
	at de.uka.ilkd.key.speclang.njml.JmlParser$UnaryexprnotplusminusContext.accept(JmlParser.java:8146)
	at de.uka.ilkd.key.speclang.njml.Translator.accept(Translator.java:128)
	at de.uka.ilkd.key.speclang.njml.Translator.oneOf(Translator.java:147)
	at de.uka.ilkd.key.speclang.njml.Translator.visitUnaryexpr(Translator.java:800)
	at de.uka.ilkd.key.speclang.njml.Translator.visitUnaryexpr(Translator.java:63)
	at de.uka.ilkd.key.speclang.njml.JmlParser$UnaryexprContext.accept(JmlParser.java:8002)
	at de.uka.ilkd.key.speclang.njml.Translator.accept(Translator.java:128)
	at de.uka.ilkd.key.speclang.njml.Translator.lambda$mapOf$0(Translator.java:133)
	at java.base/java.util.stream.ReferencePipeline$3$1.accept(ReferencePipeline.java:197)
	at java.base/java.util.ArrayList$ArrayListSpliterator.forEachRemaining(ArrayList.java:1625)
	at java.base/java.util.stream.AbstractPipeline.copyInto(AbstractPipeline.java:509)
	at java.base/java.util.stream.AbstractPipeline.wrapAndCopyInto(AbstractPipeline.java:499)
	at java.base/java.util.stream.ReduceOps$ReduceOp.evaluateSequential(ReduceOps.java:921)
	at java.base/java.util.stream.AbstractPipeline.evaluate(AbstractPipeline.java:234)
	at java.base/java.util.stream.ReferencePipeline.collect(ReferencePipeline.java:682)
	at de.uka.ilkd.key.speclang.njml.Translator.mapOf(Translator.java:133)
	at de.uka.ilkd.key.speclang.njml.Translator.visitMultexpr(Translator.java:737)
	at de.uka.ilkd.key.speclang.njml.JmlParser$MultexprContext.accept(JmlParser.java:7921)
	at de.uka.ilkd.key.speclang.njml.Translator.accept(Translator.java:128)
	at de.uka.ilkd.key.speclang.njml.Translator.lambda$mapOf$0(Translator.java:133)
	at java.base/java.util.stream.ReferencePipeline$3$1.accept(ReferencePipeline.java:197)
	at java.base/java.util.ArrayList$ArrayListSpliterator.forEachRemaining(ArrayList.java:1625)
	at java.base/java.util.stream.AbstractPipeline.copyInto(AbstractPipeline.java:509)
	at java.base/java.util.stream.AbstractPipeline.wrapAndCopyInto(AbstractPipeline.java:499)
	at java.base/java.util.stream.ReduceOps$ReduceOp.evaluateSequential(ReduceOps.java:921)
	at java.base/java.util.stream.AbstractPipeline.evaluate(AbstractPipeline.java:234)
	at java.base/java.util.stream.ReferencePipeline.collect(ReferencePipeline.java:682)
	at de.uka.ilkd.key.speclang.njml.Translator.mapOf(Translator.java:133)
	at de.uka.ilkd.key.speclang.njml.Translator.visitAdditiveexpr(Translator.java:720)
	at de.uka.ilkd.key.speclang.njml.JmlParser$AdditiveexprContext.accept(JmlParser.java:7829)
	at de.uka.ilkd.key.speclang.njml.Translator.accept(Translator.java:128)
	at de.uka.ilkd.key.speclang.njml.Translator.lambda$mapOf$0(Translator.java:133)
	at java.base/java.util.stream.ReferencePipeline$3$1.accept(ReferencePipeline.java:197)
	at java.base/java.util.ArrayList$ArrayListSpliterator.forEachRemaining(ArrayList.java:1625)
	at java.base/java.util.stream.AbstractPipeline.copyInto(AbstractPipeline.java:509)
	at java.base/java.util.stream.AbstractPipeline.wrapAndCopyInto(AbstractPipeline.java:499)
	at java.base/java.util.stream.ReduceOps$ReduceOp.evaluateSequential(ReduceOps.java:921)
	at java.base/java.util.stream.AbstractPipeline.evaluate(AbstractPipeline.java:234)
	at java.base/java.util.stream.ReferencePipeline.collect(ReferencePipeline.java:682)
	at de.uka.ilkd.key.speclang.njml.Translator.mapOf(Translator.java:133)
	at de.uka.ilkd.key.speclang.njml.Translator.visitShiftexpr(Translator.java:703)
	at de.uka.ilkd.key.speclang.njml.JmlParser$ShiftexprContext.accept(JmlParser.java:7742)
	at de.uka.ilkd.key.speclang.njml.Translator.accept(Translator.java:128)
	at de.uka.ilkd.key.speclang.njml.Translator.oneOf(Translator.java:147)
	at de.uka.ilkd.key.speclang.njml.Translator.visitRelationalexpr(Translator.java:494)
	at de.uka.ilkd.key.speclang.njml.JmlParser$RelationalexprContext.accept(JmlParser.java:7344)
	at de.uka.ilkd.key.speclang.njml.Translator.accept(Translator.java:128)
	at de.uka.ilkd.key.speclang.njml.Translator.lambda$mapOf$0(Translator.java:133)
	at java.base/java.util.stream.ReferencePipeline$3$1.accept(ReferencePipeline.java:197)
	at java.base/java.util.ArrayList$ArrayListSpliterator.forEachRemaining(ArrayList.java:1625)
	at java.base/java.util.stream.AbstractPipeline.copyInto(AbstractPipeline.java:509)
	at java.base/java.util.stream.AbstractPipeline.wrapAndCopyInto(AbstractPipeline.java:499)
	at java.base/java.util.stream.ReduceOps$ReduceOp.evaluateSequential(ReduceOps.java:921)
	at java.base/java.util.stream.AbstractPipeline.evaluate(AbstractPipeline.java:234)
	at java.base/java.util.stream.ReferencePipeline.collect(ReferencePipeline.java:682)
	at de.uka.ilkd.key.speclang.njml.Translator.mapOf(Translator.java:133)
	at de.uka.ilkd.key.speclang.njml.Translator.visitEqualityexpr(Translator.java:562)
	at de.uka.ilkd.key.speclang.njml.Translator.visitEqualityexpr(Translator.java:63)
	at de.uka.ilkd.key.speclang.njml.JmlParser$EqualityexprContext.accept(JmlParser.java:7270)
	at de.uka.ilkd.key.speclang.njml.Translator.accept(Translator.java:128)
	at de.uka.ilkd.key.speclang.njml.Translator.visitAndexpr(Translator.java:544)
	at de.uka.ilkd.key.speclang.njml.JmlParser$AndexprContext.accept(JmlParser.java:7201)
	at de.uka.ilkd.key.speclang.njml.Translator.accept(Translator.java:128)
	at de.uka.ilkd.key.speclang.njml.Translator.visitExclusiveorexpr(Translator.java:529)
	at de.uka.ilkd.key.speclang.njml.JmlParser$ExclusiveorexprContext.accept(JmlParser.java:7132)
	at de.uka.ilkd.key.speclang.njml.Translator.accept(Translator.java:128)
	at de.uka.ilkd.key.speclang.njml.Translator.visitInclusiveorexpr(Translator.java:514)
	at de.uka.ilkd.key.speclang.njml.JmlParser$InclusiveorexprContext.accept(JmlParser.java:7063)
	at de.uka.ilkd.key.speclang.njml.Translator.accept(Translator.java:128)
	at de.uka.ilkd.key.speclang.njml.Translator.visitLogicalandexpr(Translator.java:501)
	at de.uka.ilkd.key.speclang.njml.JmlParser$LogicalandexprContext.accept(JmlParser.java:6994)
	at de.uka.ilkd.key.speclang.njml.Translator.accept(Translator.java:128)
	at de.uka.ilkd.key.speclang.njml.Translator.visitLogicalorexpr(Translator.java:482)
	at de.uka.ilkd.key.speclang.njml.Translator.visitLogicalorexpr(Translator.java:63)
	at de.uka.ilkd.key.speclang.njml.JmlParser$LogicalorexprContext.accept(JmlParser.java:6925)
	at de.uka.ilkd.key.speclang.njml.Translator.accept(Translator.java:128)
	at de.uka.ilkd.key.speclang.njml.Translator.visitImpliesexpr(Translator.java:446)
	at de.uka.ilkd.key.speclang.njml.JmlParser$ImpliesexprContext.accept(JmlParser.java:6662)
	at de.uka.ilkd.key.speclang.njml.Translator.accept(Translator.java:128)
	at de.uka.ilkd.key.speclang.njml.Translator.lambda$mapOf$0(Translator.java:133)
	at java.base/java.util.stream.ReferencePipeline$3$1.accept(ReferencePipeline.java:197)
	at java.base/java.util.ArrayList$ArrayListSpliterator.forEachRemaining(ArrayList.java:1625)
	at java.base/java.util.stream.AbstractPipeline.copyInto(AbstractPipeline.java:509)
	at java.base/java.util.stream.AbstractPipeline.wrapAndCopyInto(AbstractPipeline.java:499)
	at java.base/java.util.stream.ReduceOps$ReduceOp.evaluateSequential(ReduceOps.java:921)
	at java.base/java.util.stream.AbstractPipeline.evaluate(AbstractPipeline.java:234)
	at java.base/java.util.stream.ReferencePipeline.collect(ReferencePipeline.java:682)
	at de.uka.ilkd.key.speclang.njml.Translator.mapOf(Translator.java:133)
	at de.uka.ilkd.key.speclang.njml.Translator.visitEquivalenceexpr(Translator.java:426)
	at de.uka.ilkd.key.speclang.njml.JmlParser$EquivalenceexprContext.accept(JmlParser.java:6585)
	at de.uka.ilkd.key.speclang.njml.Translator.accept(Translator.java:128)
	at de.uka.ilkd.key.speclang.njml.Translator.visitConditionalexpr(Translator.java:412)
	at de.uka.ilkd.key.speclang.njml.Translator.visitConditionalexpr(Translator.java:63)
	at de.uka.ilkd.key.speclang.njml.JmlParser$ConditionalexprContext.accept(JmlParser.java:6516)
	at de.uka.ilkd.key.speclang.njml.Translator.accept(Translator.java:128)
	at de.uka.ilkd.key.speclang.njml.Translator.visitExpression(Translator.java:402)
	at de.uka.ilkd.key.speclang.njml.Translator.visitExpression(Translator.java:63)
	at de.uka.ilkd.key.speclang.njml.JmlParser$ExpressionContext.accept(JmlParser.java:6463)
	at de.uka.ilkd.key.speclang.njml.JmlIO.interpret(JmlIO.java:178)
	at de.uka.ilkd.key.speclang.njml.JmlIO.translateTerm(JmlIO.java:188)
	at de.uka.ilkd.key.speclang.njml.JmlIO.translateTerm(JmlIO.java:201)
	at de.uka.ilkd.key.speclang.jml.translation.JMLSpecFactory.createJMLClassInvariant(JMLSpecFactory.java:957)
	at de.uka.ilkd.key.speclang.jml.JMLSpecExtractor.extractClassSpecs(JMLSpecExtractor.java:250)
	at de.uka.ilkd.key.speclang.SLEnvInput.createSpecs(SLEnvInput.java:284)
	at de.uka.ilkd.key.speclang.SLEnvInput.read(SLEnvInput.java:351)
	at de.uka.ilkd.key.proof.init.KeYUserProblemFile.read(KeYUserProblemFile.java:111)
	at de.uka.ilkd.key.proof.init.ProblemInitializer.readEnvInput(ProblemInitializer.java:323)
	at de.uka.ilkd.key.proof.init.ProblemInitializer.prepare(ProblemInitializer.java:561)
	at de.uka.ilkd.key.proof.init.ProblemInitializer.prepare(ProblemInitializer.java:471)
	at de.uka.ilkd.key.proof.init.ProblemInitializer.startProver(ProblemInitializer.java:607)
	at de.uka.ilkd.key.util.HelperClassForTests.parse(HelperClassForTests.java:78)
	at de.uka.ilkd.key.util.HelperClassForTests.parse(HelperClassForTests.java:66)
	at de.uka.ilkd.key.util.HelperClassForTests.createServices(HelperClassForTests.java:303)
	at de.uka.ilkd.key.parser.AbstractTestTermParser.getServices(AbstractTestTermParser.java:173)
	at de.uka.ilkd.key.parser.AbstractTestTermParser.&lt;init&gt;(AbstractTestTermParser.java:35)
	at de.uka.ilkd.key.logic.TestClashFreeSubst.&lt;init&gt;(TestClashFreeSubst.java:24)
	at java.base/jdk.internal.reflect.NativeConstructorAccessorImpl.newInstance0(Native Method)
	at java.base/jdk.internal.reflect.NativeConstructorAccessorImpl.newInstance(NativeConstructorAccessorImpl.java:77)
	at java.base/jdk.internal.reflect.DelegatingConstructorAccessorImpl.newInstance(DelegatingConstructorAccessorImpl.java:45)
	at java.base/java.lang.reflect.Constructor.newInstanceWithCaller(Constructor.java:499)
	at java.base/java.lang.reflect.Constructor.newInstance(Constructor.java:480)
	at org.junit.platform.commons.util.ReflectionUtils.newInstance(ReflectionUtils.java:552)
	at org.junit.jupiter.engine.execution.ConstructorInvocation.proceed(ConstructorInvocation.java:56)
	at org.junit.jupiter.engine.execution.InvocationInterceptorChain$ValidatingInvocation.proceed(InvocationInterceptorChain.java:131)
	at org.junit.jupiter.api.extension.InvocationInterceptor.interceptTestClassConstructor(InvocationInterceptor.java:73)
	at org.junit.jupiter.engine.execution.InterceptingExecutableInvoker.lambda$invoke$0(InterceptingExecutableInvoker.java:93)
	at org.junit.jupiter.engine.execution.InvocationInterceptorChain$InterceptedInvocation.proceed(InvocationInterceptorChain.java:106)
	at org.junit.jupiter.engine.execution.InvocationInterceptorChain.proceed(InvocationInterceptorChain.java:64)
	at org.junit.jupiter.engine.execution.InvocationInterceptorChain.chainAndInvoke(InvocationInterceptorChain.java:45)
	at org.junit.jupiter.engine.execution.InvocationInterceptorChain.invoke(InvocationInterceptorChain.java:37)
	at org.junit.jupiter.engine.execution.InterceptingExecutableInvoker.invoke(InterceptingExecutableInvoker.java:92)
	at org.junit.jupiter.engine.execution.InterceptingExecutableInvoker.invoke(InterceptingExecutableInvoker.java:62)
	at org.junit.jupiter.engine.descriptor.ClassBasedTestDescriptor.invokeTestClassConstructor(ClassBasedTestDescriptor.java:363)
	at org.junit.jupiter.engine.descriptor.ClassBasedTestDescriptor.instantiateTestClass(ClassBasedTestDescriptor.java:310)
	at org.junit.jupiter.engine.descriptor.ClassTestDescriptor.instantiateTestClass(ClassTestDescriptor.java:79)
	at org.junit.jupiter.engine.descriptor.ClassBasedTestDescriptor.instantiateAndPostProcessTestInstance(ClassBasedTestDescriptor.java:286)
	at org.junit.jupiter.engine.descriptor.ClassBasedTestDescriptor.lambda$testInstancesProvider$4(ClassBasedTestDescriptor.java:278)
	at java.base/java.util.Optional.orElseGet(Optional.java:364)
	at org.junit.jupiter.engine.descriptor.ClassBasedTestDescriptor.lambda$testInstancesProvider$5(ClassBasedTestDescriptor.java:277)
	at org.junit.jupiter.engine.execution.TestInstancesProvider.getTestInstances(TestInstancesProvider.java:31)
	at org.junit.jupiter.engine.descriptor.TestMethodTestDescriptor.lambda$prepare$0(TestMethodTestDescriptor.java:105)
	at org.junit.platform.engine.support.hierarchical.ThrowableCollector.execute(ThrowableCollector.java:73)
	at org.junit.jupiter.engine.descriptor.TestMethodTestDescriptor.prepare(TestMethodTestDescriptor.java:104)
	at org.junit.jupiter.engine.descriptor.TestMethodTestDescriptor.prepare(TestMethodTestDescriptor.java:68)
	at org.junit.platform.engine.support.hierarchical.NodeTestTask.lambda$prepare$2(NodeTestTask.java:123)
	at org.junit.platform.engine.support.hierarchical.ThrowableCollector.execute(ThrowableCollector.java:73)
	at org.junit.platform.engine.support.hierarchical.NodeTestTask.prepare(NodeTestTask.java:123)
	at org.junit.platform.engine.support.hierarchical.NodeTestTask.execute(NodeTestTask.java:90)
	at java.base/java.util.ArrayList.forEach(ArrayList.java:1511)
	at org.junit.platform.engine.support.hierarchical.SameThreadHierarchicalTestExecutorService.invokeAll(SameThreadHierarchicalTestExecutorService.java:41)
	at org.junit.platform.engine.support.hierarchical.NodeTestTask.lambda$executeRecursively$6(NodeTestTask.java:155)
	at org.junit.platform.engine.support.hierarchical.ThrowableCollector.execute(ThrowableCollector.java:73)
	at org.junit.platform.engine.support.hierarchical.NodeTestTask.lambda$executeRecursively$8(NodeTestTask.java:141)
	at org.junit.platform.engine.support.hierarchical.Node.around(Node.java:137)
	at org.junit.platform.engine.support.hierarchical.NodeTestTask.lambda$executeRecursively$9(NodeTestTask.java:139)
	at org.junit.platform.engine.support.hierarchical.ThrowableCollector.execute(ThrowableCollector.java:73)
	at org.junit.platform.engine.support.hierarchical.NodeTestTask.executeRecursively(NodeTestTask.java:138)
	at org.junit.platform.engine.support.hierarchical.NodeTestTask.execute(NodeTestTask.java:95)
	at java.base/java.util.ArrayList.forEach(ArrayList.java:1511)
	at org.junit.platform.engine.support.hierarchical.SameThreadHierarchicalTestExecutorService.invokeAll(SameThreadHierarchicalTestExecutorService.java:41)
	at org.junit.platform.engine.support.hierarchical.NodeTestTask.lambda$executeRecursively$6(NodeTestTask.java:155)
	at org.junit.platform.engine.support.hierarchical.ThrowableCollector.execute(ThrowableCollector.java:73)
	at org.junit.platform.engine.support.hierarchical.NodeTestTask.lambda$executeRecursively$8(NodeTestTask.java:141)
	at org.junit.platform.engine.support.hierarchical.Node.around(Node.java:137)
	at org.junit.platform.engine.support.hierarchical.NodeTestTask.lambda$executeRecursively$9(NodeTestTask.java:139)
	at org.junit.platform.engine.support.hierarchical.ThrowableCollector.execute(ThrowableCollector.java:73)
	at org.junit.platform.engine.support.hierarchical.NodeTestTask.executeRecursively(NodeTestTask.java:138)
	at org.junit.platform.engine.support.hierarchical.NodeTestTask.execute(NodeTestTask.java:95)
	at org.junit.platform.engine.support.hierarchical.SameThreadHierarchicalTestExecutorService.submit(SameThreadHierarchicalTestExecutorService.java:35)
	at org.junit.platform.engine.support.hierarchical.HierarchicalTestExecutor.execute(HierarchicalTestExecutor.java:57)
	at org.junit.platform.engine.support.hierarchical.HierarchicalTestEngine.execute(HierarchicalTestEngine.java:54)
	at org.junit.platform.launcher.core.EngineExecutionOrchestrator.execute(EngineExecutionOrchestrator.java:107)
	at org.junit.platform.launcher.core.EngineExecutionOrchestrator.execute(EngineExecutionOrchestrator.java:88)
	at org.junit.platform.launcher.core.EngineExecutionOrchestrator.lambda$execute$0(EngineExecutionOrchestrator.java:54)
	at org.junit.platform.launcher.core.EngineExecutionOrchestrator.withInterceptedStreams(EngineExecutionOrchestrator.java:67)
	at org.junit.platform.launcher.core.EngineExecutionOrchestrator.execute(EngineExecutionOrchestrator.java:52)
	at org.junit.platform.launcher.core.DefaultLauncher.execute(DefaultLauncher.java:114)
	at org.junit.platform.launcher.core.DefaultLauncher.execute(DefaultLauncher.java:86)
	at org.junit.platform.launcher.core.DefaultLauncherSession$DelegatingLauncher.execute(DefaultLauncherSession.java:86)
	at org.gradle.api.internal.tasks.testing.junitplatform.JUnitPlatformTestClassProcessor$CollectAllTestClassesExecutor.processAllTestClasses(JUnitPlatformTestClassProcessor.java:110)
	at org.gradle.api.internal.tasks.testing.junitplatform.JUnitPlatformTestClassProcessor$CollectAllTestClassesExecutor.access$000(JUnitPlatformTestClassProcessor.java:90)
	at org.gradle.api.internal.tasks.testing.junitplatform.JUnitPlatformTestClassProcessor.stop(JUnitPlatformTestClassProcessor.java:85)
	at org.gradle.api.internal.tasks.testing.SuiteTestClassProcessor.stop(SuiteTestClassProcessor.java:62)
	at java.base/jdk.internal.reflect.NativeMethodAccessorImpl.invoke0(Native Method)
	at java.base/jdk.internal.reflect.NativeMethodAccessorImpl.invoke(NativeMethodAccessorImpl.java:77)
	at java.base/jdk.internal.reflect.DelegatingMethodAccessorImpl.invoke(DelegatingMethodAccessorImpl.java:43)
	at java.base/java.lang.reflect.Method.invoke(Method.java:568)
	at org.gradle.internal.dispatch.ReflectionDispatch.dispatch(ReflectionDispatch.java:36)
	at org.gradle.internal.dispatch.ReflectionDispatch.dispatch(ReflectionDispatch.java:24)
	at org.gradle.internal.dispatch.ContextClassLoaderDispatch.dispatch(ContextClassLoaderDispatch.java:33)
	at org.gradle.internal.dispatch.ProxyDispatchAdapter$DispatchingInvocationHandler.invoke(ProxyDispatchAdapter.java:94)
	at jdk.proxy2/jdk.proxy2.$Proxy5.stop(Unknown Source)
	at org.gradle.api.internal.tasks.testing.worker.TestWorker$3.run(TestWorker.java:193)
	at org.gradle.api.internal.tasks.testing.worker.TestWorker.executeAndMaintainThreadName(TestWorker.java:129)
	at org.gradle.api.internal.tasks.testing.worker.TestWorker.execute(TestWorker.java:100)
	at org.gradle.api.internal.tasks.testing.worker.TestWorker.execute(TestWorker.java:60)
	at org.gradle.process.internal.worker.child.ActionExecutionWorker.execute(ActionExecutionWorker.java:56)
	at org.gradle.process.internal.worker.child.SystemApplicationClassLoaderWorker.call(SystemApplicationClassLoaderWorker.java:113)
	at org.gradle.process.internal.worker.child.SystemApplicationClassLoaderWorker.call(SystemApplicationClassLoaderWorker.java:65)
	at worker.org.gradle.process.internal.worker.GradleWorkerMain.run(GradleWorkerMain.java:69)
	at worker.org.gradle.process.internal.worker.GradleWorkerMain.main(GradleWorkerMain.java:74)
</failure>
  </testcase>
  <testcase name="xtestMultiClash()" classname="de.uka.ilkd.key.logic.TestClashFreeSubst" time="0.001">
    <failure message="java.lang.NullPointerException: Cannot invoke &quot;de.uka.ilkd.key.java.JavaService.getProgramFactory()&quot; because &quot;this.javaService&quot; is null" type="java.lang.NullPointerException">java.lang.NullPointerException: Cannot invoke &quot;de.uka.ilkd.key.java.JavaService.getProgramFactory()&quot; because &quot;this.javaService&quot; is null
	at de.uka.ilkd.key.java.KeYProgModelInfo.isPackage(KeYProgModelInfo.java:213)
	at de.uka.ilkd.key.java.JavaInfo.isPackage(JavaInfo.java:221)
	at de.uka.ilkd.key.speclang.translation.SLExpressionResolver.trimPackageRef(SLExpressionResolver.java:43)
	at de.uka.ilkd.key.speclang.translation.SLExpressionResolver.areInSamePackage(SLExpressionResolver.java:62)
	at de.uka.ilkd.key.speclang.translation.SLExpressionResolver.isVisibleHelper(SLExpressionResolver.java:103)
	at de.uka.ilkd.key.speclang.translation.SLExpressionResolver.isVisible(SLExpressionResolver.java:114)
	at de.uka.ilkd.key.speclang.translation.SLAttributeResolver.lookupVisibleAttribute(SLAttributeResolver.java:37)
	at de.uka.ilkd.key.speclang.translation.SLAttributeResolver.doResolving(SLAttributeResolver.java:94)
	at de.uka.ilkd.key.speclang.translation.SLExpressionResolver.resolve(SLExpressionResolver.java:149)
	at de.uka.ilkd.key.speclang.translation.SLResolverManager.resolveExplicit(SLResolverManager.java:137)
	at de.uka.ilkd.key.speclang.translation.SLResolverManager.resolveImplicit(SLResolverManager.java:112)
	at de.uka.ilkd.key.speclang.translation.SLResolverManager.resolveIt(SLResolverManager.java:159)
	at de.uka.ilkd.key.speclang.translation.SLResolverManager.resolve(SLResolverManager.java:195)
	at de.uka.ilkd.key.speclang.njml.Translator.lookupIdentifier(Translator.java:924)
	at de.uka.ilkd.key.speclang.njml.Translator.visitIdent(Translator.java:882)
	at de.uka.ilkd.key.speclang.njml.JmlParser$IdentContext.accept(JmlParser.java:8637)
	at org.antlr.v4.runtime.tree.AbstractParseTreeVisitor.visitChildren(AbstractParseTreeVisitor.java:46)
	at de.uka.ilkd.key.speclang.njml.JmlParserBaseVisitor.visitPrimaryexpr(JmlParserBaseVisitor.java:724)
	at de.uka.ilkd.key.speclang.njml.JmlParser$PrimaryexprContext.accept(JmlParser.java:8399)
	at de.uka.ilkd.key.speclang.njml.Translator.accept(Translator.java:128)
	at de.uka.ilkd.key.speclang.njml.Translator.visitPostfixexpr(Translator.java:854)
	at de.uka.ilkd.key.speclang.njml.Translator.visitPostfixexpr(Translator.java:63)
	at de.uka.ilkd.key.speclang.njml.JmlParser$PostfixexprContext.accept(JmlParser.java:8315)
	at de.uka.ilkd.key.speclang.njml.Translator.accept(Translator.java:128)
	at de.uka.ilkd.key.speclang.njml.Translator.visitUnaryexprnotplusminus(Translator.java:840)
	at de.uka.ilkd.key.speclang.njml.JmlParser$UnaryexprnotplusminusContext.accept(JmlParser.java:8146)
	at de.uka.ilkd.key.speclang.njml.Translator.accept(Translator.java:128)
	at de.uka.ilkd.key.speclang.njml.Translator.oneOf(Translator.java:147)
	at de.uka.ilkd.key.speclang.njml.Translator.visitUnaryexpr(Translator.java:800)
	at de.uka.ilkd.key.speclang.njml.Translator.visitUnaryexpr(Translator.java:63)
	at de.uka.ilkd.key.speclang.njml.JmlParser$UnaryexprContext.accept(JmlParser.java:8002)
	at de.uka.ilkd.key.speclang.njml.Translator.accept(Translator.java:128)
	at de.uka.ilkd.key.speclang.njml.Translator.lambda$mapOf$0(Translator.java:133)
	at java.base/java.util.stream.ReferencePipeline$3$1.accept(ReferencePipeline.java:197)
	at java.base/java.util.ArrayList$ArrayListSpliterator.forEachRemaining(ArrayList.java:1625)
	at java.base/java.util.stream.AbstractPipeline.copyInto(AbstractPipeline.java:509)
	at java.base/java.util.stream.AbstractPipeline.wrapAndCopyInto(AbstractPipeline.java:499)
	at java.base/java.util.stream.ReduceOps$ReduceOp.evaluateSequential(ReduceOps.java:921)
	at java.base/java.util.stream.AbstractPipeline.evaluate(AbstractPipeline.java:234)
	at java.base/java.util.stream.ReferencePipeline.collect(ReferencePipeline.java:682)
	at de.uka.ilkd.key.speclang.njml.Translator.mapOf(Translator.java:133)
	at de.uka.ilkd.key.speclang.njml.Translator.visitMultexpr(Translator.java:737)
	at de.uka.ilkd.key.speclang.njml.JmlParser$MultexprContext.accept(JmlParser.java:7921)
	at de.uka.ilkd.key.speclang.njml.Translator.accept(Translator.java:128)
	at de.uka.ilkd.key.speclang.njml.Translator.lambda$mapOf$0(Translator.java:133)
	at java.base/java.util.stream.ReferencePipeline$3$1.accept(ReferencePipeline.java:197)
	at java.base/java.util.ArrayList$ArrayListSpliterator.forEachRemaining(ArrayList.java:1625)
	at java.base/java.util.stream.AbstractPipeline.copyInto(AbstractPipeline.java:509)
	at java.base/java.util.stream.AbstractPipeline.wrapAndCopyInto(AbstractPipeline.java:499)
	at java.base/java.util.stream.ReduceOps$ReduceOp.evaluateSequential(ReduceOps.java:921)
	at java.base/java.util.stream.AbstractPipeline.evaluate(AbstractPipeline.java:234)
	at java.base/java.util.stream.ReferencePipeline.collect(ReferencePipeline.java:682)
	at de.uka.ilkd.key.speclang.njml.Translator.mapOf(Translator.java:133)
	at de.uka.ilkd.key.speclang.njml.Translator.visitAdditiveexpr(Translator.java:720)
	at de.uka.ilkd.key.speclang.njml.JmlParser$AdditiveexprContext.accept(JmlParser.java:7829)
	at de.uka.ilkd.key.speclang.njml.Translator.accept(Translator.java:128)
	at de.uka.ilkd.key.speclang.njml.Translator.lambda$mapOf$0(Translator.java:133)
	at java.base/java.util.stream.ReferencePipeline$3$1.accept(ReferencePipeline.java:197)
	at java.base/java.util.ArrayList$ArrayListSpliterator.forEachRemaining(ArrayList.java:1625)
	at java.base/java.util.stream.AbstractPipeline.copyInto(AbstractPipeline.java:509)
	at java.base/java.util.stream.AbstractPipeline.wrapAndCopyInto(AbstractPipeline.java:499)
	at java.base/java.util.stream.ReduceOps$ReduceOp.evaluateSequential(ReduceOps.java:921)
	at java.base/java.util.stream.AbstractPipeline.evaluate(AbstractPipeline.java:234)
	at java.base/java.util.stream.ReferencePipeline.collect(ReferencePipeline.java:682)
	at de.uka.ilkd.key.speclang.njml.Translator.mapOf(Translator.java:133)
	at de.uka.ilkd.key.speclang.njml.Translator.visitShiftexpr(Translator.java:703)
	at de.uka.ilkd.key.speclang.njml.JmlParser$ShiftexprContext.accept(JmlParser.java:7742)
	at de.uka.ilkd.key.speclang.njml.Translator.accept(Translator.java:128)
	at de.uka.ilkd.key.speclang.njml.Translator.oneOf(Translator.java:147)
	at de.uka.ilkd.key.speclang.njml.Translator.visitRelationalexpr(Translator.java:494)
	at de.uka.ilkd.key.speclang.njml.JmlParser$RelationalexprContext.accept(JmlParser.java:7344)
	at de.uka.ilkd.key.speclang.njml.Translator.accept(Translator.java:128)
	at de.uka.ilkd.key.speclang.njml.Translator.lambda$mapOf$0(Translator.java:133)
	at java.base/java.util.stream.ReferencePipeline$3$1.accept(ReferencePipeline.java:197)
	at java.base/java.util.ArrayList$ArrayListSpliterator.forEachRemaining(ArrayList.java:1625)
	at java.base/java.util.stream.AbstractPipeline.copyInto(AbstractPipeline.java:509)
	at java.base/java.util.stream.AbstractPipeline.wrapAndCopyInto(AbstractPipeline.java:499)
	at java.base/java.util.stream.ReduceOps$ReduceOp.evaluateSequential(ReduceOps.java:921)
	at java.base/java.util.stream.AbstractPipeline.evaluate(AbstractPipeline.java:234)
	at java.base/java.util.stream.ReferencePipeline.collect(ReferencePipeline.java:682)
	at de.uka.ilkd.key.speclang.njml.Translator.mapOf(Translator.java:133)
	at de.uka.ilkd.key.speclang.njml.Translator.visitEqualityexpr(Translator.java:562)
	at de.uka.ilkd.key.speclang.njml.Translator.visitEqualityexpr(Translator.java:63)
	at de.uka.ilkd.key.speclang.njml.JmlParser$EqualityexprContext.accept(JmlParser.java:7270)
	at de.uka.ilkd.key.speclang.njml.Translator.accept(Translator.java:128)
	at de.uka.ilkd.key.speclang.njml.Translator.visitAndexpr(Translator.java:544)
	at de.uka.ilkd.key.speclang.njml.JmlParser$AndexprContext.accept(JmlParser.java:7201)
	at de.uka.ilkd.key.speclang.njml.Translator.accept(Translator.java:128)
	at de.uka.ilkd.key.speclang.njml.Translator.visitExclusiveorexpr(Translator.java:529)
	at de.uka.ilkd.key.speclang.njml.JmlParser$ExclusiveorexprContext.accept(JmlParser.java:7132)
	at de.uka.ilkd.key.speclang.njml.Translator.accept(Translator.java:128)
	at de.uka.ilkd.key.speclang.njml.Translator.visitInclusiveorexpr(Translator.java:514)
	at de.uka.ilkd.key.speclang.njml.JmlParser$InclusiveorexprContext.accept(JmlParser.java:7063)
	at de.uka.ilkd.key.speclang.njml.Translator.accept(Translator.java:128)
	at de.uka.ilkd.key.speclang.njml.Translator.visitLogicalandexpr(Translator.java:501)
	at de.uka.ilkd.key.speclang.njml.JmlParser$LogicalandexprContext.accept(JmlParser.java:6994)
	at de.uka.ilkd.key.speclang.njml.Translator.accept(Translator.java:128)
	at de.uka.ilkd.key.speclang.njml.Translator.visitLogicalorexpr(Translator.java:482)
	at de.uka.ilkd.key.speclang.njml.Translator.visitLogicalorexpr(Translator.java:63)
	at de.uka.ilkd.key.speclang.njml.JmlParser$LogicalorexprContext.accept(JmlParser.java:6925)
	at de.uka.ilkd.key.speclang.njml.Translator.accept(Translator.java:128)
	at de.uka.ilkd.key.speclang.njml.Translator.visitImpliesexpr(Translator.java:446)
	at de.uka.ilkd.key.speclang.njml.JmlParser$ImpliesexprContext.accept(JmlParser.java:6662)
	at de.uka.ilkd.key.speclang.njml.Translator.accept(Translator.java:128)
	at de.uka.ilkd.key.speclang.njml.Translator.lambda$mapOf$0(Translator.java:133)
	at java.base/java.util.stream.ReferencePipeline$3$1.accept(ReferencePipeline.java:197)
	at java.base/java.util.ArrayList$ArrayListSpliterator.forEachRemaining(ArrayList.java:1625)
	at java.base/java.util.stream.AbstractPipeline.copyInto(AbstractPipeline.java:509)
	at java.base/java.util.stream.AbstractPipeline.wrapAndCopyInto(AbstractPipeline.java:499)
	at java.base/java.util.stream.ReduceOps$ReduceOp.evaluateSequential(ReduceOps.java:921)
	at java.base/java.util.stream.AbstractPipeline.evaluate(AbstractPipeline.java:234)
	at java.base/java.util.stream.ReferencePipeline.collect(ReferencePipeline.java:682)
	at de.uka.ilkd.key.speclang.njml.Translator.mapOf(Translator.java:133)
	at de.uka.ilkd.key.speclang.njml.Translator.visitEquivalenceexpr(Translator.java:426)
	at de.uka.ilkd.key.speclang.njml.JmlParser$EquivalenceexprContext.accept(JmlParser.java:6585)
	at de.uka.ilkd.key.speclang.njml.Translator.accept(Translator.java:128)
	at de.uka.ilkd.key.speclang.njml.Translator.visitConditionalexpr(Translator.java:412)
	at de.uka.ilkd.key.speclang.njml.Translator.visitConditionalexpr(Translator.java:63)
	at de.uka.ilkd.key.speclang.njml.JmlParser$ConditionalexprContext.accept(JmlParser.java:6516)
	at de.uka.ilkd.key.speclang.njml.Translator.accept(Translator.java:128)
	at de.uka.ilkd.key.speclang.njml.Translator.visitExpression(Translator.java:402)
	at de.uka.ilkd.key.speclang.njml.Translator.visitExpression(Translator.java:63)
	at de.uka.ilkd.key.speclang.njml.JmlParser$ExpressionContext.accept(JmlParser.java:6463)
	at de.uka.ilkd.key.speclang.njml.JmlIO.interpret(JmlIO.java:178)
	at de.uka.ilkd.key.speclang.njml.JmlIO.translateTerm(JmlIO.java:188)
	at de.uka.ilkd.key.speclang.njml.JmlIO.translateTerm(JmlIO.java:201)
	at de.uka.ilkd.key.speclang.jml.translation.JMLSpecFactory.createJMLClassInvariant(JMLSpecFactory.java:957)
	at de.uka.ilkd.key.speclang.jml.JMLSpecExtractor.extractClassSpecs(JMLSpecExtractor.java:250)
	at de.uka.ilkd.key.speclang.SLEnvInput.createSpecs(SLEnvInput.java:284)
	at de.uka.ilkd.key.speclang.SLEnvInput.read(SLEnvInput.java:351)
	at de.uka.ilkd.key.proof.init.KeYUserProblemFile.read(KeYUserProblemFile.java:111)
	at de.uka.ilkd.key.proof.init.ProblemInitializer.readEnvInput(ProblemInitializer.java:323)
	at de.uka.ilkd.key.proof.init.ProblemInitializer.prepare(ProblemInitializer.java:561)
	at de.uka.ilkd.key.proof.init.ProblemInitializer.prepare(ProblemInitializer.java:471)
	at de.uka.ilkd.key.proof.init.ProblemInitializer.startProver(ProblemInitializer.java:607)
	at de.uka.ilkd.key.util.HelperClassForTests.parse(HelperClassForTests.java:78)
	at de.uka.ilkd.key.util.HelperClassForTests.parse(HelperClassForTests.java:66)
	at de.uka.ilkd.key.util.HelperClassForTests.createServices(HelperClassForTests.java:303)
	at de.uka.ilkd.key.parser.AbstractTestTermParser.getServices(AbstractTestTermParser.java:173)
	at de.uka.ilkd.key.parser.AbstractTestTermParser.&lt;init&gt;(AbstractTestTermParser.java:35)
	at de.uka.ilkd.key.logic.TestClashFreeSubst.&lt;init&gt;(TestClashFreeSubst.java:24)
	at java.base/jdk.internal.reflect.NativeConstructorAccessorImpl.newInstance0(Native Method)
	at java.base/jdk.internal.reflect.NativeConstructorAccessorImpl.newInstance(NativeConstructorAccessorImpl.java:77)
	at java.base/jdk.internal.reflect.DelegatingConstructorAccessorImpl.newInstance(DelegatingConstructorAccessorImpl.java:45)
	at java.base/java.lang.reflect.Constructor.newInstanceWithCaller(Constructor.java:499)
	at java.base/java.lang.reflect.Constructor.newInstance(Constructor.java:480)
	at org.junit.platform.commons.util.ReflectionUtils.newInstance(ReflectionUtils.java:552)
	at org.junit.jupiter.engine.execution.ConstructorInvocation.proceed(ConstructorInvocation.java:56)
	at org.junit.jupiter.engine.execution.InvocationInterceptorChain$ValidatingInvocation.proceed(InvocationInterceptorChain.java:131)
	at org.junit.jupiter.api.extension.InvocationInterceptor.interceptTestClassConstructor(InvocationInterceptor.java:73)
	at org.junit.jupiter.engine.execution.InterceptingExecutableInvoker.lambda$invoke$0(InterceptingExecutableInvoker.java:93)
	at org.junit.jupiter.engine.execution.InvocationInterceptorChain$InterceptedInvocation.proceed(InvocationInterceptorChain.java:106)
	at org.junit.jupiter.engine.execution.InvocationInterceptorChain.proceed(InvocationInterceptorChain.java:64)
	at org.junit.jupiter.engine.execution.InvocationInterceptorChain.chainAndInvoke(InvocationInterceptorChain.java:45)
	at org.junit.jupiter.engine.execution.InvocationInterceptorChain.invoke(InvocationInterceptorChain.java:37)
	at org.junit.jupiter.engine.execution.InterceptingExecutableInvoker.invoke(InterceptingExecutableInvoker.java:92)
	at org.junit.jupiter.engine.execution.InterceptingExecutableInvoker.invoke(InterceptingExecutableInvoker.java:62)
	at org.junit.jupiter.engine.descriptor.ClassBasedTestDescriptor.invokeTestClassConstructor(ClassBasedTestDescriptor.java:363)
	at org.junit.jupiter.engine.descriptor.ClassBasedTestDescriptor.instantiateTestClass(ClassBasedTestDescriptor.java:310)
	at org.junit.jupiter.engine.descriptor.ClassTestDescriptor.instantiateTestClass(ClassTestDescriptor.java:79)
	at org.junit.jupiter.engine.descriptor.ClassBasedTestDescriptor.instantiateAndPostProcessTestInstance(ClassBasedTestDescriptor.java:286)
	at org.junit.jupiter.engine.descriptor.ClassBasedTestDescriptor.lambda$testInstancesProvider$4(ClassBasedTestDescriptor.java:278)
	at java.base/java.util.Optional.orElseGet(Optional.java:364)
	at org.junit.jupiter.engine.descriptor.ClassBasedTestDescriptor.lambda$testInstancesProvider$5(ClassBasedTestDescriptor.java:277)
	at org.junit.jupiter.engine.execution.TestInstancesProvider.getTestInstances(TestInstancesProvider.java:31)
	at org.junit.jupiter.engine.descriptor.TestMethodTestDescriptor.lambda$prepare$0(TestMethodTestDescriptor.java:105)
	at org.junit.platform.engine.support.hierarchical.ThrowableCollector.execute(ThrowableCollector.java:73)
	at org.junit.jupiter.engine.descriptor.TestMethodTestDescriptor.prepare(TestMethodTestDescriptor.java:104)
	at org.junit.jupiter.engine.descriptor.TestMethodTestDescriptor.prepare(TestMethodTestDescriptor.java:68)
	at org.junit.platform.engine.support.hierarchical.NodeTestTask.lambda$prepare$2(NodeTestTask.java:123)
	at org.junit.platform.engine.support.hierarchical.ThrowableCollector.execute(ThrowableCollector.java:73)
	at org.junit.platform.engine.support.hierarchical.NodeTestTask.prepare(NodeTestTask.java:123)
	at org.junit.platform.engine.support.hierarchical.NodeTestTask.execute(NodeTestTask.java:90)
	at java.base/java.util.ArrayList.forEach(ArrayList.java:1511)
	at org.junit.platform.engine.support.hierarchical.SameThreadHierarchicalTestExecutorService.invokeAll(SameThreadHierarchicalTestExecutorService.java:41)
	at org.junit.platform.engine.support.hierarchical.NodeTestTask.lambda$executeRecursively$6(NodeTestTask.java:155)
	at org.junit.platform.engine.support.hierarchical.ThrowableCollector.execute(ThrowableCollector.java:73)
	at org.junit.platform.engine.support.hierarchical.NodeTestTask.lambda$executeRecursively$8(NodeTestTask.java:141)
	at org.junit.platform.engine.support.hierarchical.Node.around(Node.java:137)
	at org.junit.platform.engine.support.hierarchical.NodeTestTask.lambda$executeRecursively$9(NodeTestTask.java:139)
	at org.junit.platform.engine.support.hierarchical.ThrowableCollector.execute(ThrowableCollector.java:73)
	at org.junit.platform.engine.support.hierarchical.NodeTestTask.executeRecursively(NodeTestTask.java:138)
	at org.junit.platform.engine.support.hierarchical.NodeTestTask.execute(NodeTestTask.java:95)
	at java.base/java.util.ArrayList.forEach(ArrayList.java:1511)
	at org.junit.platform.engine.support.hierarchical.SameThreadHierarchicalTestExecutorService.invokeAll(SameThreadHierarchicalTestExecutorService.java:41)
	at org.junit.platform.engine.support.hierarchical.NodeTestTask.lambda$executeRecursively$6(NodeTestTask.java:155)
	at org.junit.platform.engine.support.hierarchical.ThrowableCollector.execute(ThrowableCollector.java:73)
	at org.junit.platform.engine.support.hierarchical.NodeTestTask.lambda$executeRecursively$8(NodeTestTask.java:141)
	at org.junit.platform.engine.support.hierarchical.Node.around(Node.java:137)
	at org.junit.platform.engine.support.hierarchical.NodeTestTask.lambda$executeRecursively$9(NodeTestTask.java:139)
	at org.junit.platform.engine.support.hierarchical.ThrowableCollector.execute(ThrowableCollector.java:73)
	at org.junit.platform.engine.support.hierarchical.NodeTestTask.executeRecursively(NodeTestTask.java:138)
	at org.junit.platform.engine.support.hierarchical.NodeTestTask.execute(NodeTestTask.java:95)
	at org.junit.platform.engine.support.hierarchical.SameThreadHierarchicalTestExecutorService.submit(SameThreadHierarchicalTestExecutorService.java:35)
	at org.junit.platform.engine.support.hierarchical.HierarchicalTestExecutor.execute(HierarchicalTestExecutor.java:57)
	at org.junit.platform.engine.support.hierarchical.HierarchicalTestEngine.execute(HierarchicalTestEngine.java:54)
	at org.junit.platform.launcher.core.EngineExecutionOrchestrator.execute(EngineExecutionOrchestrator.java:107)
	at org.junit.platform.launcher.core.EngineExecutionOrchestrator.execute(EngineExecutionOrchestrator.java:88)
	at org.junit.platform.launcher.core.EngineExecutionOrchestrator.lambda$execute$0(EngineExecutionOrchestrator.java:54)
	at org.junit.platform.launcher.core.EngineExecutionOrchestrator.withInterceptedStreams(EngineExecutionOrchestrator.java:67)
	at org.junit.platform.launcher.core.EngineExecutionOrchestrator.execute(EngineExecutionOrchestrator.java:52)
	at org.junit.platform.launcher.core.DefaultLauncher.execute(DefaultLauncher.java:114)
	at org.junit.platform.launcher.core.DefaultLauncher.execute(DefaultLauncher.java:86)
	at org.junit.platform.launcher.core.DefaultLauncherSession$DelegatingLauncher.execute(DefaultLauncherSession.java:86)
	at org.gradle.api.internal.tasks.testing.junitplatform.JUnitPlatformTestClassProcessor$CollectAllTestClassesExecutor.processAllTestClasses(JUnitPlatformTestClassProcessor.java:110)
	at org.gradle.api.internal.tasks.testing.junitplatform.JUnitPlatformTestClassProcessor$CollectAllTestClassesExecutor.access$000(JUnitPlatformTestClassProcessor.java:90)
	at org.gradle.api.internal.tasks.testing.junitplatform.JUnitPlatformTestClassProcessor.stop(JUnitPlatformTestClassProcessor.java:85)
	at org.gradle.api.internal.tasks.testing.SuiteTestClassProcessor.stop(SuiteTestClassProcessor.java:62)
	at java.base/jdk.internal.reflect.NativeMethodAccessorImpl.invoke0(Native Method)
	at java.base/jdk.internal.reflect.NativeMethodAccessorImpl.invoke(NativeMethodAccessorImpl.java:77)
	at java.base/jdk.internal.reflect.DelegatingMethodAccessorImpl.invoke(DelegatingMethodAccessorImpl.java:43)
	at java.base/java.lang.reflect.Method.invoke(Method.java:568)
	at org.gradle.internal.dispatch.ReflectionDispatch.dispatch(ReflectionDispatch.java:36)
	at org.gradle.internal.dispatch.ReflectionDispatch.dispatch(ReflectionDispatch.java:24)
	at org.gradle.internal.dispatch.ContextClassLoaderDispatch.dispatch(ContextClassLoaderDispatch.java:33)
	at org.gradle.internal.dispatch.ProxyDispatchAdapter$DispatchingInvocationHandler.invoke(ProxyDispatchAdapter.java:94)
	at jdk.proxy2/jdk.proxy2.$Proxy5.stop(Unknown Source)
	at org.gradle.api.internal.tasks.testing.worker.TestWorker$3.run(TestWorker.java:193)
	at org.gradle.api.internal.tasks.testing.worker.TestWorker.executeAndMaintainThreadName(TestWorker.java:129)
	at org.gradle.api.internal.tasks.testing.worker.TestWorker.execute(TestWorker.java:100)
	at org.gradle.api.internal.tasks.testing.worker.TestWorker.execute(TestWorker.java:60)
	at org.gradle.process.internal.worker.child.ActionExecutionWorker.execute(ActionExecutionWorker.java:56)
	at org.gradle.process.internal.worker.child.SystemApplicationClassLoaderWorker.call(SystemApplicationClassLoaderWorker.java:113)
	at org.gradle.process.internal.worker.child.SystemApplicationClassLoaderWorker.call(SystemApplicationClassLoaderWorker.java:65)
	at worker.org.gradle.process.internal.worker.GradleWorkerMain.run(GradleWorkerMain.java:69)
	at worker.org.gradle.process.internal.worker.GradleWorkerMain.main(GradleWorkerMain.java:74)
</failure>
  </testcase>
  <testcase name="testSubstInSubstTerm()" classname="de.uka.ilkd.key.logic.TestClashFreeSubst" time="0.004">
    <failure message="java.lang.NullPointerException: Cannot invoke &quot;de.uka.ilkd.key.java.JavaService.getProgramFactory()&quot; because &quot;this.javaService&quot; is null" type="java.lang.NullPointerException">java.lang.NullPointerException: Cannot invoke &quot;de.uka.ilkd.key.java.JavaService.getProgramFactory()&quot; because &quot;this.javaService&quot; is null
	at de.uka.ilkd.key.java.KeYProgModelInfo.isPackage(KeYProgModelInfo.java:213)
	at de.uka.ilkd.key.java.JavaInfo.isPackage(JavaInfo.java:221)
	at de.uka.ilkd.key.speclang.translation.SLExpressionResolver.trimPackageRef(SLExpressionResolver.java:43)
	at de.uka.ilkd.key.speclang.translation.SLExpressionResolver.areInSamePackage(SLExpressionResolver.java:62)
	at de.uka.ilkd.key.speclang.translation.SLExpressionResolver.isVisibleHelper(SLExpressionResolver.java:103)
	at de.uka.ilkd.key.speclang.translation.SLExpressionResolver.isVisible(SLExpressionResolver.java:114)
	at de.uka.ilkd.key.speclang.translation.SLAttributeResolver.lookupVisibleAttribute(SLAttributeResolver.java:37)
	at de.uka.ilkd.key.speclang.translation.SLAttributeResolver.doResolving(SLAttributeResolver.java:94)
	at de.uka.ilkd.key.speclang.translation.SLExpressionResolver.resolve(SLExpressionResolver.java:149)
	at de.uka.ilkd.key.speclang.translation.SLResolverManager.resolveExplicit(SLResolverManager.java:137)
	at de.uka.ilkd.key.speclang.translation.SLResolverManager.resolveImplicit(SLResolverManager.java:112)
	at de.uka.ilkd.key.speclang.translation.SLResolverManager.resolveIt(SLResolverManager.java:159)
	at de.uka.ilkd.key.speclang.translation.SLResolverManager.resolve(SLResolverManager.java:195)
	at de.uka.ilkd.key.speclang.njml.Translator.lookupIdentifier(Translator.java:924)
	at de.uka.ilkd.key.speclang.njml.Translator.visitIdent(Translator.java:882)
	at de.uka.ilkd.key.speclang.njml.JmlParser$IdentContext.accept(JmlParser.java:8637)
	at org.antlr.v4.runtime.tree.AbstractParseTreeVisitor.visitChildren(AbstractParseTreeVisitor.java:46)
	at de.uka.ilkd.key.speclang.njml.JmlParserBaseVisitor.visitPrimaryexpr(JmlParserBaseVisitor.java:724)
	at de.uka.ilkd.key.speclang.njml.JmlParser$PrimaryexprContext.accept(JmlParser.java:8399)
	at de.uka.ilkd.key.speclang.njml.Translator.accept(Translator.java:128)
	at de.uka.ilkd.key.speclang.njml.Translator.visitPostfixexpr(Translator.java:854)
	at de.uka.ilkd.key.speclang.njml.Translator.visitPostfixexpr(Translator.java:63)
	at de.uka.ilkd.key.speclang.njml.JmlParser$PostfixexprContext.accept(JmlParser.java:8315)
	at de.uka.ilkd.key.speclang.njml.Translator.accept(Translator.java:128)
	at de.uka.ilkd.key.speclang.njml.Translator.visitUnaryexprnotplusminus(Translator.java:840)
	at de.uka.ilkd.key.speclang.njml.JmlParser$UnaryexprnotplusminusContext.accept(JmlParser.java:8146)
	at de.uka.ilkd.key.speclang.njml.Translator.accept(Translator.java:128)
	at de.uka.ilkd.key.speclang.njml.Translator.oneOf(Translator.java:147)
	at de.uka.ilkd.key.speclang.njml.Translator.visitUnaryexpr(Translator.java:800)
	at de.uka.ilkd.key.speclang.njml.Translator.visitUnaryexpr(Translator.java:63)
	at de.uka.ilkd.key.speclang.njml.JmlParser$UnaryexprContext.accept(JmlParser.java:8002)
	at de.uka.ilkd.key.speclang.njml.Translator.accept(Translator.java:128)
	at de.uka.ilkd.key.speclang.njml.Translator.lambda$mapOf$0(Translator.java:133)
	at java.base/java.util.stream.ReferencePipeline$3$1.accept(ReferencePipeline.java:197)
	at java.base/java.util.ArrayList$ArrayListSpliterator.forEachRemaining(ArrayList.java:1625)
	at java.base/java.util.stream.AbstractPipeline.copyInto(AbstractPipeline.java:509)
	at java.base/java.util.stream.AbstractPipeline.wrapAndCopyInto(AbstractPipeline.java:499)
	at java.base/java.util.stream.ReduceOps$ReduceOp.evaluateSequential(ReduceOps.java:921)
	at java.base/java.util.stream.AbstractPipeline.evaluate(AbstractPipeline.java:234)
	at java.base/java.util.stream.ReferencePipeline.collect(ReferencePipeline.java:682)
	at de.uka.ilkd.key.speclang.njml.Translator.mapOf(Translator.java:133)
	at de.uka.ilkd.key.speclang.njml.Translator.visitMultexpr(Translator.java:737)
	at de.uka.ilkd.key.speclang.njml.JmlParser$MultexprContext.accept(JmlParser.java:7921)
	at de.uka.ilkd.key.speclang.njml.Translator.accept(Translator.java:128)
	at de.uka.ilkd.key.speclang.njml.Translator.lambda$mapOf$0(Translator.java:133)
	at java.base/java.util.stream.ReferencePipeline$3$1.accept(ReferencePipeline.java:197)
	at java.base/java.util.ArrayList$ArrayListSpliterator.forEachRemaining(ArrayList.java:1625)
	at java.base/java.util.stream.AbstractPipeline.copyInto(AbstractPipeline.java:509)
	at java.base/java.util.stream.AbstractPipeline.wrapAndCopyInto(AbstractPipeline.java:499)
	at java.base/java.util.stream.ReduceOps$ReduceOp.evaluateSequential(ReduceOps.java:921)
	at java.base/java.util.stream.AbstractPipeline.evaluate(AbstractPipeline.java:234)
	at java.base/java.util.stream.ReferencePipeline.collect(ReferencePipeline.java:682)
	at de.uka.ilkd.key.speclang.njml.Translator.mapOf(Translator.java:133)
	at de.uka.ilkd.key.speclang.njml.Translator.visitAdditiveexpr(Translator.java:720)
	at de.uka.ilkd.key.speclang.njml.JmlParser$AdditiveexprContext.accept(JmlParser.java:7829)
	at de.uka.ilkd.key.speclang.njml.Translator.accept(Translator.java:128)
	at de.uka.ilkd.key.speclang.njml.Translator.lambda$mapOf$0(Translator.java:133)
	at java.base/java.util.stream.ReferencePipeline$3$1.accept(ReferencePipeline.java:197)
	at java.base/java.util.ArrayList$ArrayListSpliterator.forEachRemaining(ArrayList.java:1625)
	at java.base/java.util.stream.AbstractPipeline.copyInto(AbstractPipeline.java:509)
	at java.base/java.util.stream.AbstractPipeline.wrapAndCopyInto(AbstractPipeline.java:499)
	at java.base/java.util.stream.ReduceOps$ReduceOp.evaluateSequential(ReduceOps.java:921)
	at java.base/java.util.stream.AbstractPipeline.evaluate(AbstractPipeline.java:234)
	at java.base/java.util.stream.ReferencePipeline.collect(ReferencePipeline.java:682)
	at de.uka.ilkd.key.speclang.njml.Translator.mapOf(Translator.java:133)
	at de.uka.ilkd.key.speclang.njml.Translator.visitShiftexpr(Translator.java:703)
	at de.uka.ilkd.key.speclang.njml.JmlParser$ShiftexprContext.accept(JmlParser.java:7742)
	at de.uka.ilkd.key.speclang.njml.Translator.accept(Translator.java:128)
	at de.uka.ilkd.key.speclang.njml.Translator.oneOf(Translator.java:147)
	at de.uka.ilkd.key.speclang.njml.Translator.visitRelationalexpr(Translator.java:494)
	at de.uka.ilkd.key.speclang.njml.JmlParser$RelationalexprContext.accept(JmlParser.java:7344)
	at de.uka.ilkd.key.speclang.njml.Translator.accept(Translator.java:128)
	at de.uka.ilkd.key.speclang.njml.Translator.lambda$mapOf$0(Translator.java:133)
	at java.base/java.util.stream.ReferencePipeline$3$1.accept(ReferencePipeline.java:197)
	at java.base/java.util.ArrayList$ArrayListSpliterator.forEachRemaining(ArrayList.java:1625)
	at java.base/java.util.stream.AbstractPipeline.copyInto(AbstractPipeline.java:509)
	at java.base/java.util.stream.AbstractPipeline.wrapAndCopyInto(AbstractPipeline.java:499)
	at java.base/java.util.stream.ReduceOps$ReduceOp.evaluateSequential(ReduceOps.java:921)
	at java.base/java.util.stream.AbstractPipeline.evaluate(AbstractPipeline.java:234)
	at java.base/java.util.stream.ReferencePipeline.collect(ReferencePipeline.java:682)
	at de.uka.ilkd.key.speclang.njml.Translator.mapOf(Translator.java:133)
	at de.uka.ilkd.key.speclang.njml.Translator.visitEqualityexpr(Translator.java:562)
	at de.uka.ilkd.key.speclang.njml.Translator.visitEqualityexpr(Translator.java:63)
	at de.uka.ilkd.key.speclang.njml.JmlParser$EqualityexprContext.accept(JmlParser.java:7270)
	at de.uka.ilkd.key.speclang.njml.Translator.accept(Translator.java:128)
	at de.uka.ilkd.key.speclang.njml.Translator.visitAndexpr(Translator.java:544)
	at de.uka.ilkd.key.speclang.njml.JmlParser$AndexprContext.accept(JmlParser.java:7201)
	at de.uka.ilkd.key.speclang.njml.Translator.accept(Translator.java:128)
	at de.uka.ilkd.key.speclang.njml.Translator.visitExclusiveorexpr(Translator.java:529)
	at de.uka.ilkd.key.speclang.njml.JmlParser$ExclusiveorexprContext.accept(JmlParser.java:7132)
	at de.uka.ilkd.key.speclang.njml.Translator.accept(Translator.java:128)
	at de.uka.ilkd.key.speclang.njml.Translator.visitInclusiveorexpr(Translator.java:514)
	at de.uka.ilkd.key.speclang.njml.JmlParser$InclusiveorexprContext.accept(JmlParser.java:7063)
	at de.uka.ilkd.key.speclang.njml.Translator.accept(Translator.java:128)
	at de.uka.ilkd.key.speclang.njml.Translator.visitLogicalandexpr(Translator.java:501)
	at de.uka.ilkd.key.speclang.njml.JmlParser$LogicalandexprContext.accept(JmlParser.java:6994)
	at de.uka.ilkd.key.speclang.njml.Translator.accept(Translator.java:128)
	at de.uka.ilkd.key.speclang.njml.Translator.visitLogicalorexpr(Translator.java:482)
	at de.uka.ilkd.key.speclang.njml.Translator.visitLogicalorexpr(Translator.java:63)
	at de.uka.ilkd.key.speclang.njml.JmlParser$LogicalorexprContext.accept(JmlParser.java:6925)
	at de.uka.ilkd.key.speclang.njml.Translator.accept(Translator.java:128)
	at de.uka.ilkd.key.speclang.njml.Translator.visitImpliesexpr(Translator.java:446)
	at de.uka.ilkd.key.speclang.njml.JmlParser$ImpliesexprContext.accept(JmlParser.java:6662)
	at de.uka.ilkd.key.speclang.njml.Translator.accept(Translator.java:128)
	at de.uka.ilkd.key.speclang.njml.Translator.lambda$mapOf$0(Translator.java:133)
	at java.base/java.util.stream.ReferencePipeline$3$1.accept(ReferencePipeline.java:197)
	at java.base/java.util.ArrayList$ArrayListSpliterator.forEachRemaining(ArrayList.java:1625)
	at java.base/java.util.stream.AbstractPipeline.copyInto(AbstractPipeline.java:509)
	at java.base/java.util.stream.AbstractPipeline.wrapAndCopyInto(AbstractPipeline.java:499)
	at java.base/java.util.stream.ReduceOps$ReduceOp.evaluateSequential(ReduceOps.java:921)
	at java.base/java.util.stream.AbstractPipeline.evaluate(AbstractPipeline.java:234)
	at java.base/java.util.stream.ReferencePipeline.collect(ReferencePipeline.java:682)
	at de.uka.ilkd.key.speclang.njml.Translator.mapOf(Translator.java:133)
	at de.uka.ilkd.key.speclang.njml.Translator.visitEquivalenceexpr(Translator.java:426)
	at de.uka.ilkd.key.speclang.njml.JmlParser$EquivalenceexprContext.accept(JmlParser.java:6585)
	at de.uka.ilkd.key.speclang.njml.Translator.accept(Translator.java:128)
	at de.uka.ilkd.key.speclang.njml.Translator.visitConditionalexpr(Translator.java:412)
	at de.uka.ilkd.key.speclang.njml.Translator.visitConditionalexpr(Translator.java:63)
	at de.uka.ilkd.key.speclang.njml.JmlParser$ConditionalexprContext.accept(JmlParser.java:6516)
	at de.uka.ilkd.key.speclang.njml.Translator.accept(Translator.java:128)
	at de.uka.ilkd.key.speclang.njml.Translator.visitExpression(Translator.java:402)
	at de.uka.ilkd.key.speclang.njml.Translator.visitExpression(Translator.java:63)
	at de.uka.ilkd.key.speclang.njml.JmlParser$ExpressionContext.accept(JmlParser.java:6463)
	at de.uka.ilkd.key.speclang.njml.JmlIO.interpret(JmlIO.java:178)
	at de.uka.ilkd.key.speclang.njml.JmlIO.translateTerm(JmlIO.java:188)
	at de.uka.ilkd.key.speclang.njml.JmlIO.translateTerm(JmlIO.java:201)
	at de.uka.ilkd.key.speclang.jml.translation.JMLSpecFactory.createJMLClassInvariant(JMLSpecFactory.java:957)
	at de.uka.ilkd.key.speclang.jml.JMLSpecExtractor.extractClassSpecs(JMLSpecExtractor.java:250)
	at de.uka.ilkd.key.speclang.SLEnvInput.createSpecs(SLEnvInput.java:284)
	at de.uka.ilkd.key.speclang.SLEnvInput.read(SLEnvInput.java:351)
	at de.uka.ilkd.key.proof.init.KeYUserProblemFile.read(KeYUserProblemFile.java:111)
	at de.uka.ilkd.key.proof.init.ProblemInitializer.readEnvInput(ProblemInitializer.java:323)
	at de.uka.ilkd.key.proof.init.ProblemInitializer.prepare(ProblemInitializer.java:561)
	at de.uka.ilkd.key.proof.init.ProblemInitializer.prepare(ProblemInitializer.java:471)
	at de.uka.ilkd.key.proof.init.ProblemInitializer.startProver(ProblemInitializer.java:607)
	at de.uka.ilkd.key.util.HelperClassForTests.parse(HelperClassForTests.java:78)
	at de.uka.ilkd.key.util.HelperClassForTests.parse(HelperClassForTests.java:66)
	at de.uka.ilkd.key.util.HelperClassForTests.createServices(HelperClassForTests.java:303)
	at de.uka.ilkd.key.parser.AbstractTestTermParser.getServices(AbstractTestTermParser.java:173)
	at de.uka.ilkd.key.parser.AbstractTestTermParser.&lt;init&gt;(AbstractTestTermParser.java:35)
	at de.uka.ilkd.key.logic.TestClashFreeSubst.&lt;init&gt;(TestClashFreeSubst.java:24)
	at java.base/jdk.internal.reflect.NativeConstructorAccessorImpl.newInstance0(Native Method)
	at java.base/jdk.internal.reflect.NativeConstructorAccessorImpl.newInstance(NativeConstructorAccessorImpl.java:77)
	at java.base/jdk.internal.reflect.DelegatingConstructorAccessorImpl.newInstance(DelegatingConstructorAccessorImpl.java:45)
	at java.base/java.lang.reflect.Constructor.newInstanceWithCaller(Constructor.java:499)
	at java.base/java.lang.reflect.Constructor.newInstance(Constructor.java:480)
	at org.junit.platform.commons.util.ReflectionUtils.newInstance(ReflectionUtils.java:552)
	at org.junit.jupiter.engine.execution.ConstructorInvocation.proceed(ConstructorInvocation.java:56)
	at org.junit.jupiter.engine.execution.InvocationInterceptorChain$ValidatingInvocation.proceed(InvocationInterceptorChain.java:131)
	at org.junit.jupiter.api.extension.InvocationInterceptor.interceptTestClassConstructor(InvocationInterceptor.java:73)
	at org.junit.jupiter.engine.execution.InterceptingExecutableInvoker.lambda$invoke$0(InterceptingExecutableInvoker.java:93)
	at org.junit.jupiter.engine.execution.InvocationInterceptorChain$InterceptedInvocation.proceed(InvocationInterceptorChain.java:106)
	at org.junit.jupiter.engine.execution.InvocationInterceptorChain.proceed(InvocationInterceptorChain.java:64)
	at org.junit.jupiter.engine.execution.InvocationInterceptorChain.chainAndInvoke(InvocationInterceptorChain.java:45)
	at org.junit.jupiter.engine.execution.InvocationInterceptorChain.invoke(InvocationInterceptorChain.java:37)
	at org.junit.jupiter.engine.execution.InterceptingExecutableInvoker.invoke(InterceptingExecutableInvoker.java:92)
	at org.junit.jupiter.engine.execution.InterceptingExecutableInvoker.invoke(InterceptingExecutableInvoker.java:62)
	at org.junit.jupiter.engine.descriptor.ClassBasedTestDescriptor.invokeTestClassConstructor(ClassBasedTestDescriptor.java:363)
	at org.junit.jupiter.engine.descriptor.ClassBasedTestDescriptor.instantiateTestClass(ClassBasedTestDescriptor.java:310)
	at org.junit.jupiter.engine.descriptor.ClassTestDescriptor.instantiateTestClass(ClassTestDescriptor.java:79)
	at org.junit.jupiter.engine.descriptor.ClassBasedTestDescriptor.instantiateAndPostProcessTestInstance(ClassBasedTestDescriptor.java:286)
	at org.junit.jupiter.engine.descriptor.ClassBasedTestDescriptor.lambda$testInstancesProvider$4(ClassBasedTestDescriptor.java:278)
	at java.base/java.util.Optional.orElseGet(Optional.java:364)
	at org.junit.jupiter.engine.descriptor.ClassBasedTestDescriptor.lambda$testInstancesProvider$5(ClassBasedTestDescriptor.java:277)
	at org.junit.jupiter.engine.execution.TestInstancesProvider.getTestInstances(TestInstancesProvider.java:31)
	at org.junit.jupiter.engine.descriptor.TestMethodTestDescriptor.lambda$prepare$0(TestMethodTestDescriptor.java:105)
	at org.junit.platform.engine.support.hierarchical.ThrowableCollector.execute(ThrowableCollector.java:73)
	at org.junit.jupiter.engine.descriptor.TestMethodTestDescriptor.prepare(TestMethodTestDescriptor.java:104)
	at org.junit.jupiter.engine.descriptor.TestMethodTestDescriptor.prepare(TestMethodTestDescriptor.java:68)
	at org.junit.platform.engine.support.hierarchical.NodeTestTask.lambda$prepare$2(NodeTestTask.java:123)
	at org.junit.platform.engine.support.hierarchical.ThrowableCollector.execute(ThrowableCollector.java:73)
	at org.junit.platform.engine.support.hierarchical.NodeTestTask.prepare(NodeTestTask.java:123)
	at org.junit.platform.engine.support.hierarchical.NodeTestTask.execute(NodeTestTask.java:90)
	at java.base/java.util.ArrayList.forEach(ArrayList.java:1511)
	at org.junit.platform.engine.support.hierarchical.SameThreadHierarchicalTestExecutorService.invokeAll(SameThreadHierarchicalTestExecutorService.java:41)
	at org.junit.platform.engine.support.hierarchical.NodeTestTask.lambda$executeRecursively$6(NodeTestTask.java:155)
	at org.junit.platform.engine.support.hierarchical.ThrowableCollector.execute(ThrowableCollector.java:73)
	at org.junit.platform.engine.support.hierarchical.NodeTestTask.lambda$executeRecursively$8(NodeTestTask.java:141)
	at org.junit.platform.engine.support.hierarchical.Node.around(Node.java:137)
	at org.junit.platform.engine.support.hierarchical.NodeTestTask.lambda$executeRecursively$9(NodeTestTask.java:139)
	at org.junit.platform.engine.support.hierarchical.ThrowableCollector.execute(ThrowableCollector.java:73)
	at org.junit.platform.engine.support.hierarchical.NodeTestTask.executeRecursively(NodeTestTask.java:138)
	at org.junit.platform.engine.support.hierarchical.NodeTestTask.execute(NodeTestTask.java:95)
	at java.base/java.util.ArrayList.forEach(ArrayList.java:1511)
	at org.junit.platform.engine.support.hierarchical.SameThreadHierarchicalTestExecutorService.invokeAll(SameThreadHierarchicalTestExecutorService.java:41)
	at org.junit.platform.engine.support.hierarchical.NodeTestTask.lambda$executeRecursively$6(NodeTestTask.java:155)
	at org.junit.platform.engine.support.hierarchical.ThrowableCollector.execute(ThrowableCollector.java:73)
	at org.junit.platform.engine.support.hierarchical.NodeTestTask.lambda$executeRecursively$8(NodeTestTask.java:141)
	at org.junit.platform.engine.support.hierarchical.Node.around(Node.java:137)
	at org.junit.platform.engine.support.hierarchical.NodeTestTask.lambda$executeRecursively$9(NodeTestTask.java:139)
	at org.junit.platform.engine.support.hierarchical.ThrowableCollector.execute(ThrowableCollector.java:73)
	at org.junit.platform.engine.support.hierarchical.NodeTestTask.executeRecursively(NodeTestTask.java:138)
	at org.junit.platform.engine.support.hierarchical.NodeTestTask.execute(NodeTestTask.java:95)
	at org.junit.platform.engine.support.hierarchical.SameThreadHierarchicalTestExecutorService.submit(SameThreadHierarchicalTestExecutorService.java:35)
	at org.junit.platform.engine.support.hierarchical.HierarchicalTestExecutor.execute(HierarchicalTestExecutor.java:57)
	at org.junit.platform.engine.support.hierarchical.HierarchicalTestEngine.execute(HierarchicalTestEngine.java:54)
	at org.junit.platform.launcher.core.EngineExecutionOrchestrator.execute(EngineExecutionOrchestrator.java:107)
	at org.junit.platform.launcher.core.EngineExecutionOrchestrator.execute(EngineExecutionOrchestrator.java:88)
	at org.junit.platform.launcher.core.EngineExecutionOrchestrator.lambda$execute$0(EngineExecutionOrchestrator.java:54)
	at org.junit.platform.launcher.core.EngineExecutionOrchestrator.withInterceptedStreams(EngineExecutionOrchestrator.java:67)
	at org.junit.platform.launcher.core.EngineExecutionOrchestrator.execute(EngineExecutionOrchestrator.java:52)
	at org.junit.platform.launcher.core.DefaultLauncher.execute(DefaultLauncher.java:114)
	at org.junit.platform.launcher.core.DefaultLauncher.execute(DefaultLauncher.java:86)
	at org.junit.platform.launcher.core.DefaultLauncherSession$DelegatingLauncher.execute(DefaultLauncherSession.java:86)
	at org.gradle.api.internal.tasks.testing.junitplatform.JUnitPlatformTestClassProcessor$CollectAllTestClassesExecutor.processAllTestClasses(JUnitPlatformTestClassProcessor.java:110)
	at org.gradle.api.internal.tasks.testing.junitplatform.JUnitPlatformTestClassProcessor$CollectAllTestClassesExecutor.access$000(JUnitPlatformTestClassProcessor.java:90)
	at org.gradle.api.internal.tasks.testing.junitplatform.JUnitPlatformTestClassProcessor.stop(JUnitPlatformTestClassProcessor.java:85)
	at org.gradle.api.internal.tasks.testing.SuiteTestClassProcessor.stop(SuiteTestClassProcessor.java:62)
	at java.base/jdk.internal.reflect.NativeMethodAccessorImpl.invoke0(Native Method)
	at java.base/jdk.internal.reflect.NativeMethodAccessorImpl.invoke(NativeMethodAccessorImpl.java:77)
	at java.base/jdk.internal.reflect.DelegatingMethodAccessorImpl.invoke(DelegatingMethodAccessorImpl.java:43)
	at java.base/java.lang.reflect.Method.invoke(Method.java:568)
	at org.gradle.internal.dispatch.ReflectionDispatch.dispatch(ReflectionDispatch.java:36)
	at org.gradle.internal.dispatch.ReflectionDispatch.dispatch(ReflectionDispatch.java:24)
	at org.gradle.internal.dispatch.ContextClassLoaderDispatch.dispatch(ContextClassLoaderDispatch.java:33)
	at org.gradle.internal.dispatch.ProxyDispatchAdapter$DispatchingInvocationHandler.invoke(ProxyDispatchAdapter.java:94)
	at jdk.proxy2/jdk.proxy2.$Proxy5.stop(Unknown Source)
	at org.gradle.api.internal.tasks.testing.worker.TestWorker$3.run(TestWorker.java:193)
	at org.gradle.api.internal.tasks.testing.worker.TestWorker.executeAndMaintainThreadName(TestWorker.java:129)
	at org.gradle.api.internal.tasks.testing.worker.TestWorker.execute(TestWorker.java:100)
	at org.gradle.api.internal.tasks.testing.worker.TestWorker.execute(TestWorker.java:60)
	at org.gradle.process.internal.worker.child.ActionExecutionWorker.execute(ActionExecutionWorker.java:56)
	at org.gradle.process.internal.worker.child.SystemApplicationClassLoaderWorker.call(SystemApplicationClassLoaderWorker.java:113)
	at org.gradle.process.internal.worker.child.SystemApplicationClassLoaderWorker.call(SystemApplicationClassLoaderWorker.java:65)
	at worker.org.gradle.process.internal.worker.GradleWorkerMain.run(GradleWorkerMain.java:69)
	at worker.org.gradle.process.internal.worker.GradleWorkerMain.main(GradleWorkerMain.java:74)
</failure>
  </testcase>
  <testcase name="testSubstWary()" classname="de.uka.ilkd.key.logic.TestClashFreeSubst" time="0.004">
    <failure message="java.lang.NullPointerException: Cannot invoke &quot;de.uka.ilkd.key.java.JavaService.getProgramFactory()&quot; because &quot;this.javaService&quot; is null" type="java.lang.NullPointerException">java.lang.NullPointerException: Cannot invoke &quot;de.uka.ilkd.key.java.JavaService.getProgramFactory()&quot; because &quot;this.javaService&quot; is null
	at de.uka.ilkd.key.java.KeYProgModelInfo.isPackage(KeYProgModelInfo.java:213)
	at de.uka.ilkd.key.java.JavaInfo.isPackage(JavaInfo.java:221)
	at de.uka.ilkd.key.speclang.translation.SLExpressionResolver.trimPackageRef(SLExpressionResolver.java:43)
	at de.uka.ilkd.key.speclang.translation.SLExpressionResolver.areInSamePackage(SLExpressionResolver.java:62)
	at de.uka.ilkd.key.speclang.translation.SLExpressionResolver.isVisibleHelper(SLExpressionResolver.java:103)
	at de.uka.ilkd.key.speclang.translation.SLExpressionResolver.isVisible(SLExpressionResolver.java:114)
	at de.uka.ilkd.key.speclang.translation.SLAttributeResolver.lookupVisibleAttribute(SLAttributeResolver.java:37)
	at de.uka.ilkd.key.speclang.translation.SLAttributeResolver.doResolving(SLAttributeResolver.java:94)
	at de.uka.ilkd.key.speclang.translation.SLExpressionResolver.resolve(SLExpressionResolver.java:149)
	at de.uka.ilkd.key.speclang.translation.SLResolverManager.resolveExplicit(SLResolverManager.java:137)
	at de.uka.ilkd.key.speclang.translation.SLResolverManager.resolveImplicit(SLResolverManager.java:112)
	at de.uka.ilkd.key.speclang.translation.SLResolverManager.resolveIt(SLResolverManager.java:159)
	at de.uka.ilkd.key.speclang.translation.SLResolverManager.resolve(SLResolverManager.java:195)
	at de.uka.ilkd.key.speclang.njml.Translator.lookupIdentifier(Translator.java:924)
	at de.uka.ilkd.key.speclang.njml.Translator.visitIdent(Translator.java:882)
	at de.uka.ilkd.key.speclang.njml.JmlParser$IdentContext.accept(JmlParser.java:8637)
	at org.antlr.v4.runtime.tree.AbstractParseTreeVisitor.visitChildren(AbstractParseTreeVisitor.java:46)
	at de.uka.ilkd.key.speclang.njml.JmlParserBaseVisitor.visitPrimaryexpr(JmlParserBaseVisitor.java:724)
	at de.uka.ilkd.key.speclang.njml.JmlParser$PrimaryexprContext.accept(JmlParser.java:8399)
	at de.uka.ilkd.key.speclang.njml.Translator.accept(Translator.java:128)
	at de.uka.ilkd.key.speclang.njml.Translator.visitPostfixexpr(Translator.java:854)
	at de.uka.ilkd.key.speclang.njml.Translator.visitPostfixexpr(Translator.java:63)
	at de.uka.ilkd.key.speclang.njml.JmlParser$PostfixexprContext.accept(JmlParser.java:8315)
	at de.uka.ilkd.key.speclang.njml.Translator.accept(Translator.java:128)
	at de.uka.ilkd.key.speclang.njml.Translator.visitUnaryexprnotplusminus(Translator.java:840)
	at de.uka.ilkd.key.speclang.njml.JmlParser$UnaryexprnotplusminusContext.accept(JmlParser.java:8146)
	at de.uka.ilkd.key.speclang.njml.Translator.accept(Translator.java:128)
	at de.uka.ilkd.key.speclang.njml.Translator.oneOf(Translator.java:147)
	at de.uka.ilkd.key.speclang.njml.Translator.visitUnaryexpr(Translator.java:800)
	at de.uka.ilkd.key.speclang.njml.Translator.visitUnaryexpr(Translator.java:63)
	at de.uka.ilkd.key.speclang.njml.JmlParser$UnaryexprContext.accept(JmlParser.java:8002)
	at de.uka.ilkd.key.speclang.njml.Translator.accept(Translator.java:128)
	at de.uka.ilkd.key.speclang.njml.Translator.lambda$mapOf$0(Translator.java:133)
	at java.base/java.util.stream.ReferencePipeline$3$1.accept(ReferencePipeline.java:197)
	at java.base/java.util.ArrayList$ArrayListSpliterator.forEachRemaining(ArrayList.java:1625)
	at java.base/java.util.stream.AbstractPipeline.copyInto(AbstractPipeline.java:509)
	at java.base/java.util.stream.AbstractPipeline.wrapAndCopyInto(AbstractPipeline.java:499)
	at java.base/java.util.stream.ReduceOps$ReduceOp.evaluateSequential(ReduceOps.java:921)
	at java.base/java.util.stream.AbstractPipeline.evaluate(AbstractPipeline.java:234)
	at java.base/java.util.stream.ReferencePipeline.collect(ReferencePipeline.java:682)
	at de.uka.ilkd.key.speclang.njml.Translator.mapOf(Translator.java:133)
	at de.uka.ilkd.key.speclang.njml.Translator.visitMultexpr(Translator.java:737)
	at de.uka.ilkd.key.speclang.njml.JmlParser$MultexprContext.accept(JmlParser.java:7921)
	at de.uka.ilkd.key.speclang.njml.Translator.accept(Translator.java:128)
	at de.uka.ilkd.key.speclang.njml.Translator.lambda$mapOf$0(Translator.java:133)
	at java.base/java.util.stream.ReferencePipeline$3$1.accept(ReferencePipeline.java:197)
	at java.base/java.util.ArrayList$ArrayListSpliterator.forEachRemaining(ArrayList.java:1625)
	at java.base/java.util.stream.AbstractPipeline.copyInto(AbstractPipeline.java:509)
	at java.base/java.util.stream.AbstractPipeline.wrapAndCopyInto(AbstractPipeline.java:499)
	at java.base/java.util.stream.ReduceOps$ReduceOp.evaluateSequential(ReduceOps.java:921)
	at java.base/java.util.stream.AbstractPipeline.evaluate(AbstractPipeline.java:234)
	at java.base/java.util.stream.ReferencePipeline.collect(ReferencePipeline.java:682)
	at de.uka.ilkd.key.speclang.njml.Translator.mapOf(Translator.java:133)
	at de.uka.ilkd.key.speclang.njml.Translator.visitAdditiveexpr(Translator.java:720)
	at de.uka.ilkd.key.speclang.njml.JmlParser$AdditiveexprContext.accept(JmlParser.java:7829)
	at de.uka.ilkd.key.speclang.njml.Translator.accept(Translator.java:128)
	at de.uka.ilkd.key.speclang.njml.Translator.lambda$mapOf$0(Translator.java:133)
	at java.base/java.util.stream.ReferencePipeline$3$1.accept(ReferencePipeline.java:197)
	at java.base/java.util.ArrayList$ArrayListSpliterator.forEachRemaining(ArrayList.java:1625)
	at java.base/java.util.stream.AbstractPipeline.copyInto(AbstractPipeline.java:509)
	at java.base/java.util.stream.AbstractPipeline.wrapAndCopyInto(AbstractPipeline.java:499)
	at java.base/java.util.stream.ReduceOps$ReduceOp.evaluateSequential(ReduceOps.java:921)
	at java.base/java.util.stream.AbstractPipeline.evaluate(AbstractPipeline.java:234)
	at java.base/java.util.stream.ReferencePipeline.collect(ReferencePipeline.java:682)
	at de.uka.ilkd.key.speclang.njml.Translator.mapOf(Translator.java:133)
	at de.uka.ilkd.key.speclang.njml.Translator.visitShiftexpr(Translator.java:703)
	at de.uka.ilkd.key.speclang.njml.JmlParser$ShiftexprContext.accept(JmlParser.java:7742)
	at de.uka.ilkd.key.speclang.njml.Translator.accept(Translator.java:128)
	at de.uka.ilkd.key.speclang.njml.Translator.oneOf(Translator.java:147)
	at de.uka.ilkd.key.speclang.njml.Translator.visitRelationalexpr(Translator.java:494)
	at de.uka.ilkd.key.speclang.njml.JmlParser$RelationalexprContext.accept(JmlParser.java:7344)
	at de.uka.ilkd.key.speclang.njml.Translator.accept(Translator.java:128)
	at de.uka.ilkd.key.speclang.njml.Translator.lambda$mapOf$0(Translator.java:133)
	at java.base/java.util.stream.ReferencePipeline$3$1.accept(ReferencePipeline.java:197)
	at java.base/java.util.ArrayList$ArrayListSpliterator.forEachRemaining(ArrayList.java:1625)
	at java.base/java.util.stream.AbstractPipeline.copyInto(AbstractPipeline.java:509)
	at java.base/java.util.stream.AbstractPipeline.wrapAndCopyInto(AbstractPipeline.java:499)
	at java.base/java.util.stream.ReduceOps$ReduceOp.evaluateSequential(ReduceOps.java:921)
	at java.base/java.util.stream.AbstractPipeline.evaluate(AbstractPipeline.java:234)
	at java.base/java.util.stream.ReferencePipeline.collect(ReferencePipeline.java:682)
	at de.uka.ilkd.key.speclang.njml.Translator.mapOf(Translator.java:133)
	at de.uka.ilkd.key.speclang.njml.Translator.visitEqualityexpr(Translator.java:562)
	at de.uka.ilkd.key.speclang.njml.Translator.visitEqualityexpr(Translator.java:63)
	at de.uka.ilkd.key.speclang.njml.JmlParser$EqualityexprContext.accept(JmlParser.java:7270)
	at de.uka.ilkd.key.speclang.njml.Translator.accept(Translator.java:128)
	at de.uka.ilkd.key.speclang.njml.Translator.visitAndexpr(Translator.java:544)
	at de.uka.ilkd.key.speclang.njml.JmlParser$AndexprContext.accept(JmlParser.java:7201)
	at de.uka.ilkd.key.speclang.njml.Translator.accept(Translator.java:128)
	at de.uka.ilkd.key.speclang.njml.Translator.visitExclusiveorexpr(Translator.java:529)
	at de.uka.ilkd.key.speclang.njml.JmlParser$ExclusiveorexprContext.accept(JmlParser.java:7132)
	at de.uka.ilkd.key.speclang.njml.Translator.accept(Translator.java:128)
	at de.uka.ilkd.key.speclang.njml.Translator.visitInclusiveorexpr(Translator.java:514)
	at de.uka.ilkd.key.speclang.njml.JmlParser$InclusiveorexprContext.accept(JmlParser.java:7063)
	at de.uka.ilkd.key.speclang.njml.Translator.accept(Translator.java:128)
	at de.uka.ilkd.key.speclang.njml.Translator.visitLogicalandexpr(Translator.java:501)
	at de.uka.ilkd.key.speclang.njml.JmlParser$LogicalandexprContext.accept(JmlParser.java:6994)
	at de.uka.ilkd.key.speclang.njml.Translator.accept(Translator.java:128)
	at de.uka.ilkd.key.speclang.njml.Translator.visitLogicalorexpr(Translator.java:482)
	at de.uka.ilkd.key.speclang.njml.Translator.visitLogicalorexpr(Translator.java:63)
	at de.uka.ilkd.key.speclang.njml.JmlParser$LogicalorexprContext.accept(JmlParser.java:6925)
	at de.uka.ilkd.key.speclang.njml.Translator.accept(Translator.java:128)
	at de.uka.ilkd.key.speclang.njml.Translator.visitImpliesexpr(Translator.java:446)
	at de.uka.ilkd.key.speclang.njml.JmlParser$ImpliesexprContext.accept(JmlParser.java:6662)
	at de.uka.ilkd.key.speclang.njml.Translator.accept(Translator.java:128)
	at de.uka.ilkd.key.speclang.njml.Translator.lambda$mapOf$0(Translator.java:133)
	at java.base/java.util.stream.ReferencePipeline$3$1.accept(ReferencePipeline.java:197)
	at java.base/java.util.ArrayList$ArrayListSpliterator.forEachRemaining(ArrayList.java:1625)
	at java.base/java.util.stream.AbstractPipeline.copyInto(AbstractPipeline.java:509)
	at java.base/java.util.stream.AbstractPipeline.wrapAndCopyInto(AbstractPipeline.java:499)
	at java.base/java.util.stream.ReduceOps$ReduceOp.evaluateSequential(ReduceOps.java:921)
	at java.base/java.util.stream.AbstractPipeline.evaluate(AbstractPipeline.java:234)
	at java.base/java.util.stream.ReferencePipeline.collect(ReferencePipeline.java:682)
	at de.uka.ilkd.key.speclang.njml.Translator.mapOf(Translator.java:133)
	at de.uka.ilkd.key.speclang.njml.Translator.visitEquivalenceexpr(Translator.java:426)
	at de.uka.ilkd.key.speclang.njml.JmlParser$EquivalenceexprContext.accept(JmlParser.java:6585)
	at de.uka.ilkd.key.speclang.njml.Translator.accept(Translator.java:128)
	at de.uka.ilkd.key.speclang.njml.Translator.visitConditionalexpr(Translator.java:412)
	at de.uka.ilkd.key.speclang.njml.Translator.visitConditionalexpr(Translator.java:63)
	at de.uka.ilkd.key.speclang.njml.JmlParser$ConditionalexprContext.accept(JmlParser.java:6516)
	at de.uka.ilkd.key.speclang.njml.Translator.accept(Translator.java:128)
	at de.uka.ilkd.key.speclang.njml.Translator.visitExpression(Translator.java:402)
	at de.uka.ilkd.key.speclang.njml.Translator.visitExpression(Translator.java:63)
	at de.uka.ilkd.key.speclang.njml.JmlParser$ExpressionContext.accept(JmlParser.java:6463)
	at de.uka.ilkd.key.speclang.njml.JmlIO.interpret(JmlIO.java:178)
	at de.uka.ilkd.key.speclang.njml.JmlIO.translateTerm(JmlIO.java:188)
	at de.uka.ilkd.key.speclang.njml.JmlIO.translateTerm(JmlIO.java:201)
	at de.uka.ilkd.key.speclang.jml.translation.JMLSpecFactory.createJMLClassInvariant(JMLSpecFactory.java:957)
	at de.uka.ilkd.key.speclang.jml.JMLSpecExtractor.extractClassSpecs(JMLSpecExtractor.java:250)
	at de.uka.ilkd.key.speclang.SLEnvInput.createSpecs(SLEnvInput.java:284)
	at de.uka.ilkd.key.speclang.SLEnvInput.read(SLEnvInput.java:351)
	at de.uka.ilkd.key.proof.init.KeYUserProblemFile.read(KeYUserProblemFile.java:111)
	at de.uka.ilkd.key.proof.init.ProblemInitializer.readEnvInput(ProblemInitializer.java:323)
	at de.uka.ilkd.key.proof.init.ProblemInitializer.prepare(ProblemInitializer.java:561)
	at de.uka.ilkd.key.proof.init.ProblemInitializer.prepare(ProblemInitializer.java:471)
	at de.uka.ilkd.key.proof.init.ProblemInitializer.startProver(ProblemInitializer.java:607)
	at de.uka.ilkd.key.util.HelperClassForTests.parse(HelperClassForTests.java:78)
	at de.uka.ilkd.key.util.HelperClassForTests.parse(HelperClassForTests.java:66)
	at de.uka.ilkd.key.util.HelperClassForTests.createServices(HelperClassForTests.java:303)
	at de.uka.ilkd.key.parser.AbstractTestTermParser.getServices(AbstractTestTermParser.java:173)
	at de.uka.ilkd.key.parser.AbstractTestTermParser.&lt;init&gt;(AbstractTestTermParser.java:35)
	at de.uka.ilkd.key.logic.TestClashFreeSubst.&lt;init&gt;(TestClashFreeSubst.java:24)
	at java.base/jdk.internal.reflect.NativeConstructorAccessorImpl.newInstance0(Native Method)
	at java.base/jdk.internal.reflect.NativeConstructorAccessorImpl.newInstance(NativeConstructorAccessorImpl.java:77)
	at java.base/jdk.internal.reflect.DelegatingConstructorAccessorImpl.newInstance(DelegatingConstructorAccessorImpl.java:45)
	at java.base/java.lang.reflect.Constructor.newInstanceWithCaller(Constructor.java:499)
	at java.base/java.lang.reflect.Constructor.newInstance(Constructor.java:480)
	at org.junit.platform.commons.util.ReflectionUtils.newInstance(ReflectionUtils.java:552)
	at org.junit.jupiter.engine.execution.ConstructorInvocation.proceed(ConstructorInvocation.java:56)
	at org.junit.jupiter.engine.execution.InvocationInterceptorChain$ValidatingInvocation.proceed(InvocationInterceptorChain.java:131)
	at org.junit.jupiter.api.extension.InvocationInterceptor.interceptTestClassConstructor(InvocationInterceptor.java:73)
	at org.junit.jupiter.engine.execution.InterceptingExecutableInvoker.lambda$invoke$0(InterceptingExecutableInvoker.java:93)
	at org.junit.jupiter.engine.execution.InvocationInterceptorChain$InterceptedInvocation.proceed(InvocationInterceptorChain.java:106)
	at org.junit.jupiter.engine.execution.InvocationInterceptorChain.proceed(InvocationInterceptorChain.java:64)
	at org.junit.jupiter.engine.execution.InvocationInterceptorChain.chainAndInvoke(InvocationInterceptorChain.java:45)
	at org.junit.jupiter.engine.execution.InvocationInterceptorChain.invoke(InvocationInterceptorChain.java:37)
	at org.junit.jupiter.engine.execution.InterceptingExecutableInvoker.invoke(InterceptingExecutableInvoker.java:92)
	at org.junit.jupiter.engine.execution.InterceptingExecutableInvoker.invoke(InterceptingExecutableInvoker.java:62)
	at org.junit.jupiter.engine.descriptor.ClassBasedTestDescriptor.invokeTestClassConstructor(ClassBasedTestDescriptor.java:363)
	at org.junit.jupiter.engine.descriptor.ClassBasedTestDescriptor.instantiateTestClass(ClassBasedTestDescriptor.java:310)
	at org.junit.jupiter.engine.descriptor.ClassTestDescriptor.instantiateTestClass(ClassTestDescriptor.java:79)
	at org.junit.jupiter.engine.descriptor.ClassBasedTestDescriptor.instantiateAndPostProcessTestInstance(ClassBasedTestDescriptor.java:286)
	at org.junit.jupiter.engine.descriptor.ClassBasedTestDescriptor.lambda$testInstancesProvider$4(ClassBasedTestDescriptor.java:278)
	at java.base/java.util.Optional.orElseGet(Optional.java:364)
	at org.junit.jupiter.engine.descriptor.ClassBasedTestDescriptor.lambda$testInstancesProvider$5(ClassBasedTestDescriptor.java:277)
	at org.junit.jupiter.engine.execution.TestInstancesProvider.getTestInstances(TestInstancesProvider.java:31)
	at org.junit.jupiter.engine.descriptor.TestMethodTestDescriptor.lambda$prepare$0(TestMethodTestDescriptor.java:105)
	at org.junit.platform.engine.support.hierarchical.ThrowableCollector.execute(ThrowableCollector.java:73)
	at org.junit.jupiter.engine.descriptor.TestMethodTestDescriptor.prepare(TestMethodTestDescriptor.java:104)
	at org.junit.jupiter.engine.descriptor.TestMethodTestDescriptor.prepare(TestMethodTestDescriptor.java:68)
	at org.junit.platform.engine.support.hierarchical.NodeTestTask.lambda$prepare$2(NodeTestTask.java:123)
	at org.junit.platform.engine.support.hierarchical.ThrowableCollector.execute(ThrowableCollector.java:73)
	at org.junit.platform.engine.support.hierarchical.NodeTestTask.prepare(NodeTestTask.java:123)
	at org.junit.platform.engine.support.hierarchical.NodeTestTask.execute(NodeTestTask.java:90)
	at java.base/java.util.ArrayList.forEach(ArrayList.java:1511)
	at org.junit.platform.engine.support.hierarchical.SameThreadHierarchicalTestExecutorService.invokeAll(SameThreadHierarchicalTestExecutorService.java:41)
	at org.junit.platform.engine.support.hierarchical.NodeTestTask.lambda$executeRecursively$6(NodeTestTask.java:155)
	at org.junit.platform.engine.support.hierarchical.ThrowableCollector.execute(ThrowableCollector.java:73)
	at org.junit.platform.engine.support.hierarchical.NodeTestTask.lambda$executeRecursively$8(NodeTestTask.java:141)
	at org.junit.platform.engine.support.hierarchical.Node.around(Node.java:137)
	at org.junit.platform.engine.support.hierarchical.NodeTestTask.lambda$executeRecursively$9(NodeTestTask.java:139)
	at org.junit.platform.engine.support.hierarchical.ThrowableCollector.execute(ThrowableCollector.java:73)
	at org.junit.platform.engine.support.hierarchical.NodeTestTask.executeRecursively(NodeTestTask.java:138)
	at org.junit.platform.engine.support.hierarchical.NodeTestTask.execute(NodeTestTask.java:95)
	at java.base/java.util.ArrayList.forEach(ArrayList.java:1511)
	at org.junit.platform.engine.support.hierarchical.SameThreadHierarchicalTestExecutorService.invokeAll(SameThreadHierarchicalTestExecutorService.java:41)
	at org.junit.platform.engine.support.hierarchical.NodeTestTask.lambda$executeRecursively$6(NodeTestTask.java:155)
	at org.junit.platform.engine.support.hierarchical.ThrowableCollector.execute(ThrowableCollector.java:73)
	at org.junit.platform.engine.support.hierarchical.NodeTestTask.lambda$executeRecursively$8(NodeTestTask.java:141)
	at org.junit.platform.engine.support.hierarchical.Node.around(Node.java:137)
	at org.junit.platform.engine.support.hierarchical.NodeTestTask.lambda$executeRecursively$9(NodeTestTask.java:139)
	at org.junit.platform.engine.support.hierarchical.ThrowableCollector.execute(ThrowableCollector.java:73)
	at org.junit.platform.engine.support.hierarchical.NodeTestTask.executeRecursively(NodeTestTask.java:138)
	at org.junit.platform.engine.support.hierarchical.NodeTestTask.execute(NodeTestTask.java:95)
	at org.junit.platform.engine.support.hierarchical.SameThreadHierarchicalTestExecutorService.submit(SameThreadHierarchicalTestExecutorService.java:35)
	at org.junit.platform.engine.support.hierarchical.HierarchicalTestExecutor.execute(HierarchicalTestExecutor.java:57)
	at org.junit.platform.engine.support.hierarchical.HierarchicalTestEngine.execute(HierarchicalTestEngine.java:54)
	at org.junit.platform.launcher.core.EngineExecutionOrchestrator.execute(EngineExecutionOrchestrator.java:107)
	at org.junit.platform.launcher.core.EngineExecutionOrchestrator.execute(EngineExecutionOrchestrator.java:88)
	at org.junit.platform.launcher.core.EngineExecutionOrchestrator.lambda$execute$0(EngineExecutionOrchestrator.java:54)
	at org.junit.platform.launcher.core.EngineExecutionOrchestrator.withInterceptedStreams(EngineExecutionOrchestrator.java:67)
	at org.junit.platform.launcher.core.EngineExecutionOrchestrator.execute(EngineExecutionOrchestrator.java:52)
	at org.junit.platform.launcher.core.DefaultLauncher.execute(DefaultLauncher.java:114)
	at org.junit.platform.launcher.core.DefaultLauncher.execute(DefaultLauncher.java:86)
	at org.junit.platform.launcher.core.DefaultLauncherSession$DelegatingLauncher.execute(DefaultLauncherSession.java:86)
	at org.gradle.api.internal.tasks.testing.junitplatform.JUnitPlatformTestClassProcessor$CollectAllTestClassesExecutor.processAllTestClasses(JUnitPlatformTestClassProcessor.java:110)
	at org.gradle.api.internal.tasks.testing.junitplatform.JUnitPlatformTestClassProcessor$CollectAllTestClassesExecutor.access$000(JUnitPlatformTestClassProcessor.java:90)
	at org.gradle.api.internal.tasks.testing.junitplatform.JUnitPlatformTestClassProcessor.stop(JUnitPlatformTestClassProcessor.java:85)
	at org.gradle.api.internal.tasks.testing.SuiteTestClassProcessor.stop(SuiteTestClassProcessor.java:62)
	at java.base/jdk.internal.reflect.NativeMethodAccessorImpl.invoke0(Native Method)
	at java.base/jdk.internal.reflect.NativeMethodAccessorImpl.invoke(NativeMethodAccessorImpl.java:77)
	at java.base/jdk.internal.reflect.DelegatingMethodAccessorImpl.invoke(DelegatingMethodAccessorImpl.java:43)
	at java.base/java.lang.reflect.Method.invoke(Method.java:568)
	at org.gradle.internal.dispatch.ReflectionDispatch.dispatch(ReflectionDispatch.java:36)
	at org.gradle.internal.dispatch.ReflectionDispatch.dispatch(ReflectionDispatch.java:24)
	at org.gradle.internal.dispatch.ContextClassLoaderDispatch.dispatch(ContextClassLoaderDispatch.java:33)
	at org.gradle.internal.dispatch.ProxyDispatchAdapter$DispatchingInvocationHandler.invoke(ProxyDispatchAdapter.java:94)
	at jdk.proxy2/jdk.proxy2.$Proxy5.stop(Unknown Source)
	at org.gradle.api.internal.tasks.testing.worker.TestWorker$3.run(TestWorker.java:193)
	at org.gradle.api.internal.tasks.testing.worker.TestWorker.executeAndMaintainThreadName(TestWorker.java:129)
	at org.gradle.api.internal.tasks.testing.worker.TestWorker.execute(TestWorker.java:100)
	at org.gradle.api.internal.tasks.testing.worker.TestWorker.execute(TestWorker.java:60)
	at org.gradle.process.internal.worker.child.ActionExecutionWorker.execute(ActionExecutionWorker.java:56)
	at org.gradle.process.internal.worker.child.SystemApplicationClassLoaderWorker.call(SystemApplicationClassLoaderWorker.java:113)
	at org.gradle.process.internal.worker.child.SystemApplicationClassLoaderWorker.call(SystemApplicationClassLoaderWorker.java:65)
	at worker.org.gradle.process.internal.worker.GradleWorkerMain.run(GradleWorkerMain.java:69)
	at worker.org.gradle.process.internal.worker.GradleWorkerMain.main(GradleWorkerMain.java:74)
</failure>
  </testcase>
  <testcase name="xtestMultiClash1()" classname="de.uka.ilkd.key.logic.TestClashFreeSubst" time="0.001">
    <failure message="java.lang.NullPointerException: Cannot invoke &quot;de.uka.ilkd.key.java.JavaService.getProgramFactory()&quot; because &quot;this.javaService&quot; is null" type="java.lang.NullPointerException">java.lang.NullPointerException: Cannot invoke &quot;de.uka.ilkd.key.java.JavaService.getProgramFactory()&quot; because &quot;this.javaService&quot; is null
	at de.uka.ilkd.key.java.KeYProgModelInfo.isPackage(KeYProgModelInfo.java:213)
	at de.uka.ilkd.key.java.JavaInfo.isPackage(JavaInfo.java:221)
	at de.uka.ilkd.key.speclang.translation.SLExpressionResolver.trimPackageRef(SLExpressionResolver.java:43)
	at de.uka.ilkd.key.speclang.translation.SLExpressionResolver.areInSamePackage(SLExpressionResolver.java:62)
	at de.uka.ilkd.key.speclang.translation.SLExpressionResolver.isVisibleHelper(SLExpressionResolver.java:103)
	at de.uka.ilkd.key.speclang.translation.SLExpressionResolver.isVisible(SLExpressionResolver.java:114)
	at de.uka.ilkd.key.speclang.translation.SLAttributeResolver.lookupVisibleAttribute(SLAttributeResolver.java:37)
	at de.uka.ilkd.key.speclang.translation.SLAttributeResolver.doResolving(SLAttributeResolver.java:94)
	at de.uka.ilkd.key.speclang.translation.SLExpressionResolver.resolve(SLExpressionResolver.java:149)
	at de.uka.ilkd.key.speclang.translation.SLResolverManager.resolveExplicit(SLResolverManager.java:137)
	at de.uka.ilkd.key.speclang.translation.SLResolverManager.resolveImplicit(SLResolverManager.java:112)
	at de.uka.ilkd.key.speclang.translation.SLResolverManager.resolveIt(SLResolverManager.java:159)
	at de.uka.ilkd.key.speclang.translation.SLResolverManager.resolve(SLResolverManager.java:195)
	at de.uka.ilkd.key.speclang.njml.Translator.lookupIdentifier(Translator.java:924)
	at de.uka.ilkd.key.speclang.njml.Translator.visitIdent(Translator.java:882)
	at de.uka.ilkd.key.speclang.njml.JmlParser$IdentContext.accept(JmlParser.java:8637)
	at org.antlr.v4.runtime.tree.AbstractParseTreeVisitor.visitChildren(AbstractParseTreeVisitor.java:46)
	at de.uka.ilkd.key.speclang.njml.JmlParserBaseVisitor.visitPrimaryexpr(JmlParserBaseVisitor.java:724)
	at de.uka.ilkd.key.speclang.njml.JmlParser$PrimaryexprContext.accept(JmlParser.java:8399)
	at de.uka.ilkd.key.speclang.njml.Translator.accept(Translator.java:128)
	at de.uka.ilkd.key.speclang.njml.Translator.visitPostfixexpr(Translator.java:854)
	at de.uka.ilkd.key.speclang.njml.Translator.visitPostfixexpr(Translator.java:63)
	at de.uka.ilkd.key.speclang.njml.JmlParser$PostfixexprContext.accept(JmlParser.java:8315)
	at de.uka.ilkd.key.speclang.njml.Translator.accept(Translator.java:128)
	at de.uka.ilkd.key.speclang.njml.Translator.visitUnaryexprnotplusminus(Translator.java:840)
	at de.uka.ilkd.key.speclang.njml.JmlParser$UnaryexprnotplusminusContext.accept(JmlParser.java:8146)
	at de.uka.ilkd.key.speclang.njml.Translator.accept(Translator.java:128)
	at de.uka.ilkd.key.speclang.njml.Translator.oneOf(Translator.java:147)
	at de.uka.ilkd.key.speclang.njml.Translator.visitUnaryexpr(Translator.java:800)
	at de.uka.ilkd.key.speclang.njml.Translator.visitUnaryexpr(Translator.java:63)
	at de.uka.ilkd.key.speclang.njml.JmlParser$UnaryexprContext.accept(JmlParser.java:8002)
	at de.uka.ilkd.key.speclang.njml.Translator.accept(Translator.java:128)
	at de.uka.ilkd.key.speclang.njml.Translator.lambda$mapOf$0(Translator.java:133)
	at java.base/java.util.stream.ReferencePipeline$3$1.accept(ReferencePipeline.java:197)
	at java.base/java.util.ArrayList$ArrayListSpliterator.forEachRemaining(ArrayList.java:1625)
	at java.base/java.util.stream.AbstractPipeline.copyInto(AbstractPipeline.java:509)
	at java.base/java.util.stream.AbstractPipeline.wrapAndCopyInto(AbstractPipeline.java:499)
	at java.base/java.util.stream.ReduceOps$ReduceOp.evaluateSequential(ReduceOps.java:921)
	at java.base/java.util.stream.AbstractPipeline.evaluate(AbstractPipeline.java:234)
	at java.base/java.util.stream.ReferencePipeline.collect(ReferencePipeline.java:682)
	at de.uka.ilkd.key.speclang.njml.Translator.mapOf(Translator.java:133)
	at de.uka.ilkd.key.speclang.njml.Translator.visitMultexpr(Translator.java:737)
	at de.uka.ilkd.key.speclang.njml.JmlParser$MultexprContext.accept(JmlParser.java:7921)
	at de.uka.ilkd.key.speclang.njml.Translator.accept(Translator.java:128)
	at de.uka.ilkd.key.speclang.njml.Translator.lambda$mapOf$0(Translator.java:133)
	at java.base/java.util.stream.ReferencePipeline$3$1.accept(ReferencePipeline.java:197)
	at java.base/java.util.ArrayList$ArrayListSpliterator.forEachRemaining(ArrayList.java:1625)
	at java.base/java.util.stream.AbstractPipeline.copyInto(AbstractPipeline.java:509)
	at java.base/java.util.stream.AbstractPipeline.wrapAndCopyInto(AbstractPipeline.java:499)
	at java.base/java.util.stream.ReduceOps$ReduceOp.evaluateSequential(ReduceOps.java:921)
	at java.base/java.util.stream.AbstractPipeline.evaluate(AbstractPipeline.java:234)
	at java.base/java.util.stream.ReferencePipeline.collect(ReferencePipeline.java:682)
	at de.uka.ilkd.key.speclang.njml.Translator.mapOf(Translator.java:133)
	at de.uka.ilkd.key.speclang.njml.Translator.visitAdditiveexpr(Translator.java:720)
	at de.uka.ilkd.key.speclang.njml.JmlParser$AdditiveexprContext.accept(JmlParser.java:7829)
	at de.uka.ilkd.key.speclang.njml.Translator.accept(Translator.java:128)
	at de.uka.ilkd.key.speclang.njml.Translator.lambda$mapOf$0(Translator.java:133)
	at java.base/java.util.stream.ReferencePipeline$3$1.accept(ReferencePipeline.java:197)
	at java.base/java.util.ArrayList$ArrayListSpliterator.forEachRemaining(ArrayList.java:1625)
	at java.base/java.util.stream.AbstractPipeline.copyInto(AbstractPipeline.java:509)
	at java.base/java.util.stream.AbstractPipeline.wrapAndCopyInto(AbstractPipeline.java:499)
	at java.base/java.util.stream.ReduceOps$ReduceOp.evaluateSequential(ReduceOps.java:921)
	at java.base/java.util.stream.AbstractPipeline.evaluate(AbstractPipeline.java:234)
	at java.base/java.util.stream.ReferencePipeline.collect(ReferencePipeline.java:682)
	at de.uka.ilkd.key.speclang.njml.Translator.mapOf(Translator.java:133)
	at de.uka.ilkd.key.speclang.njml.Translator.visitShiftexpr(Translator.java:703)
	at de.uka.ilkd.key.speclang.njml.JmlParser$ShiftexprContext.accept(JmlParser.java:7742)
	at de.uka.ilkd.key.speclang.njml.Translator.accept(Translator.java:128)
	at de.uka.ilkd.key.speclang.njml.Translator.oneOf(Translator.java:147)
	at de.uka.ilkd.key.speclang.njml.Translator.visitRelationalexpr(Translator.java:494)
	at de.uka.ilkd.key.speclang.njml.JmlParser$RelationalexprContext.accept(JmlParser.java:7344)
	at de.uka.ilkd.key.speclang.njml.Translator.accept(Translator.java:128)
	at de.uka.ilkd.key.speclang.njml.Translator.lambda$mapOf$0(Translator.java:133)
	at java.base/java.util.stream.ReferencePipeline$3$1.accept(ReferencePipeline.java:197)
	at java.base/java.util.ArrayList$ArrayListSpliterator.forEachRemaining(ArrayList.java:1625)
	at java.base/java.util.stream.AbstractPipeline.copyInto(AbstractPipeline.java:509)
	at java.base/java.util.stream.AbstractPipeline.wrapAndCopyInto(AbstractPipeline.java:499)
	at java.base/java.util.stream.ReduceOps$ReduceOp.evaluateSequential(ReduceOps.java:921)
	at java.base/java.util.stream.AbstractPipeline.evaluate(AbstractPipeline.java:234)
	at java.base/java.util.stream.ReferencePipeline.collect(ReferencePipeline.java:682)
	at de.uka.ilkd.key.speclang.njml.Translator.mapOf(Translator.java:133)
	at de.uka.ilkd.key.speclang.njml.Translator.visitEqualityexpr(Translator.java:562)
	at de.uka.ilkd.key.speclang.njml.Translator.visitEqualityexpr(Translator.java:63)
	at de.uka.ilkd.key.speclang.njml.JmlParser$EqualityexprContext.accept(JmlParser.java:7270)
	at de.uka.ilkd.key.speclang.njml.Translator.accept(Translator.java:128)
	at de.uka.ilkd.key.speclang.njml.Translator.visitAndexpr(Translator.java:544)
	at de.uka.ilkd.key.speclang.njml.JmlParser$AndexprContext.accept(JmlParser.java:7201)
	at de.uka.ilkd.key.speclang.njml.Translator.accept(Translator.java:128)
	at de.uka.ilkd.key.speclang.njml.Translator.visitExclusiveorexpr(Translator.java:529)
	at de.uka.ilkd.key.speclang.njml.JmlParser$ExclusiveorexprContext.accept(JmlParser.java:7132)
	at de.uka.ilkd.key.speclang.njml.Translator.accept(Translator.java:128)
	at de.uka.ilkd.key.speclang.njml.Translator.visitInclusiveorexpr(Translator.java:514)
	at de.uka.ilkd.key.speclang.njml.JmlParser$InclusiveorexprContext.accept(JmlParser.java:7063)
	at de.uka.ilkd.key.speclang.njml.Translator.accept(Translator.java:128)
	at de.uka.ilkd.key.speclang.njml.Translator.visitLogicalandexpr(Translator.java:501)
	at de.uka.ilkd.key.speclang.njml.JmlParser$LogicalandexprContext.accept(JmlParser.java:6994)
	at de.uka.ilkd.key.speclang.njml.Translator.accept(Translator.java:128)
	at de.uka.ilkd.key.speclang.njml.Translator.visitLogicalorexpr(Translator.java:482)
	at de.uka.ilkd.key.speclang.njml.Translator.visitLogicalorexpr(Translator.java:63)
	at de.uka.ilkd.key.speclang.njml.JmlParser$LogicalorexprContext.accept(JmlParser.java:6925)
	at de.uka.ilkd.key.speclang.njml.Translator.accept(Translator.java:128)
	at de.uka.ilkd.key.speclang.njml.Translator.visitImpliesexpr(Translator.java:446)
	at de.uka.ilkd.key.speclang.njml.JmlParser$ImpliesexprContext.accept(JmlParser.java:6662)
	at de.uka.ilkd.key.speclang.njml.Translator.accept(Translator.java:128)
	at de.uka.ilkd.key.speclang.njml.Translator.lambda$mapOf$0(Translator.java:133)
	at java.base/java.util.stream.ReferencePipeline$3$1.accept(ReferencePipeline.java:197)
	at java.base/java.util.ArrayList$ArrayListSpliterator.forEachRemaining(ArrayList.java:1625)
	at java.base/java.util.stream.AbstractPipeline.copyInto(AbstractPipeline.java:509)
	at java.base/java.util.stream.AbstractPipeline.wrapAndCopyInto(AbstractPipeline.java:499)
	at java.base/java.util.stream.ReduceOps$ReduceOp.evaluateSequential(ReduceOps.java:921)
	at java.base/java.util.stream.AbstractPipeline.evaluate(AbstractPipeline.java:234)
	at java.base/java.util.stream.ReferencePipeline.collect(ReferencePipeline.java:682)
	at de.uka.ilkd.key.speclang.njml.Translator.mapOf(Translator.java:133)
	at de.uka.ilkd.key.speclang.njml.Translator.visitEquivalenceexpr(Translator.java:426)
	at de.uka.ilkd.key.speclang.njml.JmlParser$EquivalenceexprContext.accept(JmlParser.java:6585)
	at de.uka.ilkd.key.speclang.njml.Translator.accept(Translator.java:128)
	at de.uka.ilkd.key.speclang.njml.Translator.visitConditionalexpr(Translator.java:412)
	at de.uka.ilkd.key.speclang.njml.Translator.visitConditionalexpr(Translator.java:63)
	at de.uka.ilkd.key.speclang.njml.JmlParser$ConditionalexprContext.accept(JmlParser.java:6516)
	at de.uka.ilkd.key.speclang.njml.Translator.accept(Translator.java:128)
	at de.uka.ilkd.key.speclang.njml.Translator.visitExpression(Translator.java:402)
	at de.uka.ilkd.key.speclang.njml.Translator.visitExpression(Translator.java:63)
	at de.uka.ilkd.key.speclang.njml.JmlParser$ExpressionContext.accept(JmlParser.java:6463)
	at de.uka.ilkd.key.speclang.njml.JmlIO.interpret(JmlIO.java:178)
	at de.uka.ilkd.key.speclang.njml.JmlIO.translateTerm(JmlIO.java:188)
	at de.uka.ilkd.key.speclang.njml.JmlIO.translateTerm(JmlIO.java:201)
	at de.uka.ilkd.key.speclang.jml.translation.JMLSpecFactory.createJMLClassInvariant(JMLSpecFactory.java:957)
	at de.uka.ilkd.key.speclang.jml.JMLSpecExtractor.extractClassSpecs(JMLSpecExtractor.java:250)
	at de.uka.ilkd.key.speclang.SLEnvInput.createSpecs(SLEnvInput.java:284)
	at de.uka.ilkd.key.speclang.SLEnvInput.read(SLEnvInput.java:351)
	at de.uka.ilkd.key.proof.init.KeYUserProblemFile.read(KeYUserProblemFile.java:111)
	at de.uka.ilkd.key.proof.init.ProblemInitializer.readEnvInput(ProblemInitializer.java:323)
	at de.uka.ilkd.key.proof.init.ProblemInitializer.prepare(ProblemInitializer.java:561)
	at de.uka.ilkd.key.proof.init.ProblemInitializer.prepare(ProblemInitializer.java:471)
	at de.uka.ilkd.key.proof.init.ProblemInitializer.startProver(ProblemInitializer.java:607)
	at de.uka.ilkd.key.util.HelperClassForTests.parse(HelperClassForTests.java:78)
	at de.uka.ilkd.key.util.HelperClassForTests.parse(HelperClassForTests.java:66)
	at de.uka.ilkd.key.util.HelperClassForTests.createServices(HelperClassForTests.java:303)
	at de.uka.ilkd.key.parser.AbstractTestTermParser.getServices(AbstractTestTermParser.java:173)
	at de.uka.ilkd.key.parser.AbstractTestTermParser.&lt;init&gt;(AbstractTestTermParser.java:35)
	at de.uka.ilkd.key.logic.TestClashFreeSubst.&lt;init&gt;(TestClashFreeSubst.java:24)
	at java.base/jdk.internal.reflect.NativeConstructorAccessorImpl.newInstance0(Native Method)
	at java.base/jdk.internal.reflect.NativeConstructorAccessorImpl.newInstance(NativeConstructorAccessorImpl.java:77)
	at java.base/jdk.internal.reflect.DelegatingConstructorAccessorImpl.newInstance(DelegatingConstructorAccessorImpl.java:45)
	at java.base/java.lang.reflect.Constructor.newInstanceWithCaller(Constructor.java:499)
	at java.base/java.lang.reflect.Constructor.newInstance(Constructor.java:480)
	at org.junit.platform.commons.util.ReflectionUtils.newInstance(ReflectionUtils.java:552)
	at org.junit.jupiter.engine.execution.ConstructorInvocation.proceed(ConstructorInvocation.java:56)
	at org.junit.jupiter.engine.execution.InvocationInterceptorChain$ValidatingInvocation.proceed(InvocationInterceptorChain.java:131)
	at org.junit.jupiter.api.extension.InvocationInterceptor.interceptTestClassConstructor(InvocationInterceptor.java:73)
	at org.junit.jupiter.engine.execution.InterceptingExecutableInvoker.lambda$invoke$0(InterceptingExecutableInvoker.java:93)
	at org.junit.jupiter.engine.execution.InvocationInterceptorChain$InterceptedInvocation.proceed(InvocationInterceptorChain.java:106)
	at org.junit.jupiter.engine.execution.InvocationInterceptorChain.proceed(InvocationInterceptorChain.java:64)
	at org.junit.jupiter.engine.execution.InvocationInterceptorChain.chainAndInvoke(InvocationInterceptorChain.java:45)
	at org.junit.jupiter.engine.execution.InvocationInterceptorChain.invoke(InvocationInterceptorChain.java:37)
	at org.junit.jupiter.engine.execution.InterceptingExecutableInvoker.invoke(InterceptingExecutableInvoker.java:92)
	at org.junit.jupiter.engine.execution.InterceptingExecutableInvoker.invoke(InterceptingExecutableInvoker.java:62)
	at org.junit.jupiter.engine.descriptor.ClassBasedTestDescriptor.invokeTestClassConstructor(ClassBasedTestDescriptor.java:363)
	at org.junit.jupiter.engine.descriptor.ClassBasedTestDescriptor.instantiateTestClass(ClassBasedTestDescriptor.java:310)
	at org.junit.jupiter.engine.descriptor.ClassTestDescriptor.instantiateTestClass(ClassTestDescriptor.java:79)
	at org.junit.jupiter.engine.descriptor.ClassBasedTestDescriptor.instantiateAndPostProcessTestInstance(ClassBasedTestDescriptor.java:286)
	at org.junit.jupiter.engine.descriptor.ClassBasedTestDescriptor.lambda$testInstancesProvider$4(ClassBasedTestDescriptor.java:278)
	at java.base/java.util.Optional.orElseGet(Optional.java:364)
	at org.junit.jupiter.engine.descriptor.ClassBasedTestDescriptor.lambda$testInstancesProvider$5(ClassBasedTestDescriptor.java:277)
	at org.junit.jupiter.engine.execution.TestInstancesProvider.getTestInstances(TestInstancesProvider.java:31)
	at org.junit.jupiter.engine.descriptor.TestMethodTestDescriptor.lambda$prepare$0(TestMethodTestDescriptor.java:105)
	at org.junit.platform.engine.support.hierarchical.ThrowableCollector.execute(ThrowableCollector.java:73)
	at org.junit.jupiter.engine.descriptor.TestMethodTestDescriptor.prepare(TestMethodTestDescriptor.java:104)
	at org.junit.jupiter.engine.descriptor.TestMethodTestDescriptor.prepare(TestMethodTestDescriptor.java:68)
	at org.junit.platform.engine.support.hierarchical.NodeTestTask.lambda$prepare$2(NodeTestTask.java:123)
	at org.junit.platform.engine.support.hierarchical.ThrowableCollector.execute(ThrowableCollector.java:73)
	at org.junit.platform.engine.support.hierarchical.NodeTestTask.prepare(NodeTestTask.java:123)
	at org.junit.platform.engine.support.hierarchical.NodeTestTask.execute(NodeTestTask.java:90)
	at java.base/java.util.ArrayList.forEach(ArrayList.java:1511)
	at org.junit.platform.engine.support.hierarchical.SameThreadHierarchicalTestExecutorService.invokeAll(SameThreadHierarchicalTestExecutorService.java:41)
	at org.junit.platform.engine.support.hierarchical.NodeTestTask.lambda$executeRecursively$6(NodeTestTask.java:155)
	at org.junit.platform.engine.support.hierarchical.ThrowableCollector.execute(ThrowableCollector.java:73)
	at org.junit.platform.engine.support.hierarchical.NodeTestTask.lambda$executeRecursively$8(NodeTestTask.java:141)
	at org.junit.platform.engine.support.hierarchical.Node.around(Node.java:137)
	at org.junit.platform.engine.support.hierarchical.NodeTestTask.lambda$executeRecursively$9(NodeTestTask.java:139)
	at org.junit.platform.engine.support.hierarchical.ThrowableCollector.execute(ThrowableCollector.java:73)
	at org.junit.platform.engine.support.hierarchical.NodeTestTask.executeRecursively(NodeTestTask.java:138)
	at org.junit.platform.engine.support.hierarchical.NodeTestTask.execute(NodeTestTask.java:95)
	at java.base/java.util.ArrayList.forEach(ArrayList.java:1511)
	at org.junit.platform.engine.support.hierarchical.SameThreadHierarchicalTestExecutorService.invokeAll(SameThreadHierarchicalTestExecutorService.java:41)
	at org.junit.platform.engine.support.hierarchical.NodeTestTask.lambda$executeRecursively$6(NodeTestTask.java:155)
	at org.junit.platform.engine.support.hierarchical.ThrowableCollector.execute(ThrowableCollector.java:73)
	at org.junit.platform.engine.support.hierarchical.NodeTestTask.lambda$executeRecursively$8(NodeTestTask.java:141)
	at org.junit.platform.engine.support.hierarchical.Node.around(Node.java:137)
	at org.junit.platform.engine.support.hierarchical.NodeTestTask.lambda$executeRecursively$9(NodeTestTask.java:139)
	at org.junit.platform.engine.support.hierarchical.ThrowableCollector.execute(ThrowableCollector.java:73)
	at org.junit.platform.engine.support.hierarchical.NodeTestTask.executeRecursively(NodeTestTask.java:138)
	at org.junit.platform.engine.support.hierarchical.NodeTestTask.execute(NodeTestTask.java:95)
	at org.junit.platform.engine.support.hierarchical.SameThreadHierarchicalTestExecutorService.submit(SameThreadHierarchicalTestExecutorService.java:35)
	at org.junit.platform.engine.support.hierarchical.HierarchicalTestExecutor.execute(HierarchicalTestExecutor.java:57)
	at org.junit.platform.engine.support.hierarchical.HierarchicalTestEngine.execute(HierarchicalTestEngine.java:54)
	at org.junit.platform.launcher.core.EngineExecutionOrchestrator.execute(EngineExecutionOrchestrator.java:107)
	at org.junit.platform.launcher.core.EngineExecutionOrchestrator.execute(EngineExecutionOrchestrator.java:88)
	at org.junit.platform.launcher.core.EngineExecutionOrchestrator.lambda$execute$0(EngineExecutionOrchestrator.java:54)
	at org.junit.platform.launcher.core.EngineExecutionOrchestrator.withInterceptedStreams(EngineExecutionOrchestrator.java:67)
	at org.junit.platform.launcher.core.EngineExecutionOrchestrator.execute(EngineExecutionOrchestrator.java:52)
	at org.junit.platform.launcher.core.DefaultLauncher.execute(DefaultLauncher.java:114)
	at org.junit.platform.launcher.core.DefaultLauncher.execute(DefaultLauncher.java:86)
	at org.junit.platform.launcher.core.DefaultLauncherSession$DelegatingLauncher.execute(DefaultLauncherSession.java:86)
	at org.gradle.api.internal.tasks.testing.junitplatform.JUnitPlatformTestClassProcessor$CollectAllTestClassesExecutor.processAllTestClasses(JUnitPlatformTestClassProcessor.java:110)
	at org.gradle.api.internal.tasks.testing.junitplatform.JUnitPlatformTestClassProcessor$CollectAllTestClassesExecutor.access$000(JUnitPlatformTestClassProcessor.java:90)
	at org.gradle.api.internal.tasks.testing.junitplatform.JUnitPlatformTestClassProcessor.stop(JUnitPlatformTestClassProcessor.java:85)
	at org.gradle.api.internal.tasks.testing.SuiteTestClassProcessor.stop(SuiteTestClassProcessor.java:62)
	at java.base/jdk.internal.reflect.NativeMethodAccessorImpl.invoke0(Native Method)
	at java.base/jdk.internal.reflect.NativeMethodAccessorImpl.invoke(NativeMethodAccessorImpl.java:77)
	at java.base/jdk.internal.reflect.DelegatingMethodAccessorImpl.invoke(DelegatingMethodAccessorImpl.java:43)
	at java.base/java.lang.reflect.Method.invoke(Method.java:568)
	at org.gradle.internal.dispatch.ReflectionDispatch.dispatch(ReflectionDispatch.java:36)
	at org.gradle.internal.dispatch.ReflectionDispatch.dispatch(ReflectionDispatch.java:24)
	at org.gradle.internal.dispatch.ContextClassLoaderDispatch.dispatch(ContextClassLoaderDispatch.java:33)
	at org.gradle.internal.dispatch.ProxyDispatchAdapter$DispatchingInvocationHandler.invoke(ProxyDispatchAdapter.java:94)
	at jdk.proxy2/jdk.proxy2.$Proxy5.stop(Unknown Source)
	at org.gradle.api.internal.tasks.testing.worker.TestWorker$3.run(TestWorker.java:193)
	at org.gradle.api.internal.tasks.testing.worker.TestWorker.executeAndMaintainThreadName(TestWorker.java:129)
	at org.gradle.api.internal.tasks.testing.worker.TestWorker.execute(TestWorker.java:100)
	at org.gradle.api.internal.tasks.testing.worker.TestWorker.execute(TestWorker.java:60)
	at org.gradle.process.internal.worker.child.ActionExecutionWorker.execute(ActionExecutionWorker.java:56)
	at org.gradle.process.internal.worker.child.SystemApplicationClassLoaderWorker.call(SystemApplicationClassLoaderWorker.java:113)
	at org.gradle.process.internal.worker.child.SystemApplicationClassLoaderWorker.call(SystemApplicationClassLoaderWorker.java:65)
	at worker.org.gradle.process.internal.worker.GradleWorkerMain.run(GradleWorkerMain.java:69)
	at worker.org.gradle.process.internal.worker.GradleWorkerMain.main(GradleWorkerMain.java:74)
</failure>
  </testcase>
  <system-out><![CDATA[]]></system-out>
  <system-err><![CDATA[10425      ERROR Test worker     d.u.i.k.j.KeYJPMapping    Duplicate registration of node: boolean, formerNode: /*@ pure @*/
boolean 
10441      ERROR Test worker     d.u.i.k.j.KeYJPMapping    Duplicate registration of node: Object, formerNode: java.lang.Object 
10441      ERROR Test worker     d.u.i.k.j.KeYJPMapping    Duplicate registration of node: Object, formerNode: java.lang.Object 
10441      ERROR Test worker     d.u.i.k.j.KeYJPMapping    Duplicate registration of node: Annotation, formerNode: Annotation 
10441      ERROR Test worker     d.u.i.k.j.KeYJPMapping    Duplicate registration of node: ArithmeticException, formerNode: ArithmeticException 
10441      ERROR Test worker     d.u.i.k.j.KeYJPMapping    Duplicate registration of node: ArrayIndexOutOfBoundsException, formerNode: ArrayIndexOutOfBoundsException 
10441      ERROR Test worker     d.u.i.k.j.KeYJPMapping    Duplicate registration of node: ArrayStoreException, formerNode: ArrayStoreException 
10456      ERROR Test worker     d.u.i.k.j.KeYJPMapping    Duplicate registration of node: AssertionError, formerNode: AssertionError 
10456      ERROR Test worker     d.u.i.k.j.KeYJPMapping    Duplicate registration of node: Character, formerNode: Character 
10456      ERROR Test worker     d.u.i.k.j.KeYJPMapping    Duplicate registration of node: Class, formerNode: java.lang.Class 
10456      ERROR Test worker     d.u.i.k.j.KeYJPMapping    Duplicate registration of node: Class, formerNode: java.lang.Class 
10456      ERROR Test worker     d.u.i.k.j.KeYJPMapping    Duplicate registration of node: ClassCastException, formerNode: ClassCastException 
10456      ERROR Test worker     d.u.i.k.j.KeYJPMapping    Duplicate registration of node: CloneNotSupportedException, formerNode: CloneNotSupportedException 
10456      ERROR Test worker     d.u.i.k.j.KeYJPMapping    Duplicate registration of node: Cloneable, formerNode: Cloneable 
10456      ERROR Test worker     d.u.i.k.j.KeYJPMapping    Duplicate registration of node: Comparable, formerNode: Comparable 
10456      ERROR Test worker     d.u.i.k.j.KeYJPMapping    Duplicate registration of node: Double, formerNode: Double 
10473      ERROR Test worker     d.u.i.k.j.KeYJPMapping    Duplicate registration of node: Enum, formerNode: java.lang.Enum 
10473      ERROR Test worker     d.u.i.k.j.KeYJPMapping    Duplicate registration of node: Enum, formerNode: java.lang.Enum 
10488      ERROR Test worker     d.u.i.k.j.KeYJPMapping    Duplicate registration of node: Error, formerNode: Error 
10488      ERROR Test worker     d.u.i.k.j.KeYJPMapping    Duplicate registration of node: Exception, formerNode: Exception 
10488      ERROR Test worker     d.u.i.k.j.KeYJPMapping    Duplicate registration of node: ExceptionInInitializerError, formerNode: java.lang.ExceptionInInitializerError 
10488      ERROR Test worker     d.u.i.k.j.KeYJPMapping    Duplicate registration of node: ExceptionInInitializerError, formerNode: java.lang.ExceptionInInitializerError 
10488      ERROR Test worker     d.u.i.k.j.KeYJPMapping    Duplicate registration of node: Float, formerNode: Float 
10488      ERROR Test worker     d.u.i.k.j.KeYJPMapping    Duplicate registration of node: IllegalArgumentException, formerNode: IllegalArgumentException 
10503      ERROR Test worker     d.u.i.k.j.KeYJPMapping    Duplicate registration of node: IndexOutOfBoundsException, formerNode: IndexOutOfBoundsException 
10519      ERROR Test worker     d.u.i.k.j.KeYJPMapping    Duplicate registration of node: Integer, formerNode: java.lang.Integer 
10519      ERROR Test worker     d.u.i.k.j.KeYJPMapping    Duplicate registration of node: Integer, formerNode: java.lang.Integer 
10519      ERROR Test worker     d.u.i.k.j.KeYJPMapping    Duplicate registration of node: InterruptedException, formerNode: InterruptedException 
10535      ERROR Test worker     d.u.i.k.j.KeYJPMapping    Duplicate registration of node: Iterable, formerNode: Iterable 
10535      ERROR Test worker     d.u.i.k.j.KeYJPMapping    Duplicate registration of node: LinkageError, formerNode: LinkageError 
10550      ERROR Test worker     d.u.i.k.j.KeYJPMapping    Duplicate registration of node: Math, formerNode: Math 
10566      ERROR Test worker     d.u.i.k.j.KeYJPMapping    Duplicate registration of node: NegativeArraySizeException, formerNode: NegativeArraySizeException 
10566      ERROR Test worker     d.u.i.k.j.KeYJPMapping    Duplicate registration of node: NoClassDefFoundError, formerNode: java.lang.NoClassDefFoundError 
10566      ERROR Test worker     d.u.i.k.j.KeYJPMapping    Duplicate registration of node: NoClassDefFoundError, formerNode: java.lang.NoClassDefFoundError 
10566      ERROR Test worker     d.u.i.k.j.KeYJPMapping    Duplicate registration of node: NullPointerException, formerNode: NullPointerException 
10566      ERROR Test worker     d.u.i.k.j.KeYJPMapping    Duplicate registration of node: Number, formerNode: Number 
10566      ERROR Test worker     d.u.i.k.j.KeYJPMapping    Duplicate registration of node: NumberFormatException, formerNode: NumberFormatException 
10581      ERROR Test worker     d.u.i.k.j.KeYJPMapping    Duplicate registration of node: VirtualMachineError, formerNode: VirtualMachineError 
10581      ERROR Test worker     d.u.i.k.j.KeYJPMapping    Duplicate registration of node: OutOfMemoryError, formerNode: OutOfMemoryError 
10581      ERROR Test worker     d.u.i.k.j.KeYJPMapping    Duplicate registration of node: Runnable, formerNode: Runnable 
10581      ERROR Test worker     d.u.i.k.j.KeYJPMapping    Duplicate registration of node: RuntimeException, formerNode: RuntimeException 
10581      ERROR Test worker     d.u.i.k.j.KeYJPMapping    Duplicate registration of node: /*@pure*/
int, formerNode: int 
10581      ERROR Test worker     d.u.i.k.j.KeYJPMapping    Duplicate registration of node: /*@ helper */
int, formerNode: int 
10581      ERROR Test worker     d.u.i.k.j.KeYJPMapping    Duplicate registration of node: /*@ helper */
boolean, formerNode: /*@ pure @*/
boolean 
10597      ERROR Test worker     d.u.i.k.j.KeYJPMapping    Duplicate registration of node: /*@ helper */
java.lang.String, formerNode: java.lang.String 
10613      ERROR Test worker     d.u.i.k.j.KeYJPMapping    Duplicate registration of node: String, formerNode: java.lang.String 
10644      ERROR Test worker     d.u.i.k.j.KeYJPMapping    Duplicate registration of node: String, formerNode: java.lang.String 
10644      ERROR Test worker     d.u.i.k.j.KeYJPMapping    Duplicate registration of node: char, formerNode: /*@ helper */
char 
10644      ERROR Test worker     d.u.i.k.j.KeYJPMapping    Duplicate registration of node: StringBuffer, formerNode: StringBuffer 
10660      ERROR Test worker     d.u.i.k.j.KeYJPMapping    Duplicate registration of node: System, formerNode: System 
10660      ERROR Test worker     d.u.i.k.j.KeYJPMapping    Duplicate registration of node: Thread, formerNode: Thread 
10675      ERROR Test worker     d.u.i.k.j.KeYJPMapping    Duplicate registration of node: Throwable, formerNode: java.lang.Throwable 
10675      ERROR Test worker     d.u.i.k.j.KeYJPMapping    Duplicate registration of node: Throwable, formerNode: java.lang.Throwable 
10675      ERROR Test worker     d.u.i.k.j.KeYJPMapping    Duplicate registration of node: Collection, formerNode: Collection 
10675      ERROR Test worker     d.u.i.k.j.KeYJPMapping    Duplicate registration of node: Iterator, formerNode: java.util.Iterator 
10675      ERROR Test worker     d.u.i.k.j.KeYJPMapping    Duplicate registration of node: Iterator, formerNode: java.util.Iterator 
10691      ERROR Test worker     d.u.i.k.j.KeYJPMapping    Duplicate registration of node: List, formerNode: java.util.List 
10691      ERROR Test worker     d.u.i.k.j.KeYJPMapping    Duplicate registration of node: List, formerNode: java.util.List 
10691      ERROR Test worker     d.u.i.k.j.KeYJPMapping    Duplicate registration of node: ListIterator, formerNode: java.util.ListIterator 
10691      ERROR Test worker     d.u.i.k.j.KeYJPMapping    Duplicate registration of node: ListIterator, formerNode: java.util.ListIterator 
10706      ERROR Test worker     d.u.i.k.j.KeYJPMapping    Duplicate registration of node: Long, formerNode: Long 
10706      ERROR Test worker     d.u.i.k.j.KeYJPMapping    Duplicate registration of node: Boolean, formerNode: Boolean 
10706      ERROR Test worker     d.u.i.k.j.KeYJPMapping    Duplicate registration of node: Map, formerNode: Map 
10722      ERROR Test worker     d.u.i.k.j.KeYJPMapping    Duplicate registration of node: Set, formerNode: java.util.Set 
10722      ERROR Test worker     d.u.i.k.j.KeYJPMapping    Duplicate registration of node: Set, formerNode: java.util.Set 
10722      ERROR Test worker     d.u.i.k.j.KeYJPMapping    Duplicate registration of node: FilterOutputStream, formerNode: FilterOutputStream 
10722      ERROR Test worker     d.u.i.k.j.KeYJPMapping    Duplicate registration of node: InputStream, formerNode: java.io.InputStream 
10722      ERROR Test worker     d.u.i.k.j.KeYJPMapping    Duplicate registration of node: InputStream, formerNode: java.io.InputStream 
10722      ERROR Test worker     d.u.i.k.j.KeYJPMapping    Duplicate registration of node: IOException, formerNode: IOException 
10722      ERROR Test worker     d.u.i.k.j.KeYJPMapping    Duplicate registration of node: OutputStream, formerNode: java.io.OutputStream 
10722      ERROR Test worker     d.u.i.k.j.KeYJPMapping    Duplicate registration of node: OutputStream, formerNode: java.io.OutputStream 
10738      ERROR Test worker     d.u.i.k.j.KeYJPMapping    Duplicate registration of node: PrintStream, formerNode: java.io.PrintStream 
10738      ERROR Test worker     d.u.i.k.j.KeYJPMapping    Duplicate registration of node: PrintStream, formerNode: java.io.PrintStream 
10738      ERROR Test worker     d.u.i.k.j.KeYJPMapping    Duplicate registration of node: Serializable, formerNode: Serializable 
10738      ERROR Test worker     d.u.i.k.j.KeYJPMapping    Duplicate registration of node: BigInteger, formerNode: java.math.BigInteger 
10738      ERROR Test worker     d.u.i.k.j.KeYJPMapping    Duplicate registration of node: BigInteger, formerNode: java.math.BigInteger 
10738      ERROR Test worker     d.u.i.k.j.KeYJPMapping    Duplicate registration of node: ArrayList, formerNode: ArrayList 
10753      ERROR Test worker     d.u.i.k.j.KeYJPMapping    Duplicate registration of node: byte[], formerNode: byte[] 
10769      ERROR Test worker     d.u.i.k.j.KeYJPMapping    Duplicate registration of node: Arrays, formerNode: Arrays 
10785      ERROR Test worker     d.u.i.k.j.KeYJPMapping    Duplicate registration of node: ListIteratorImpl, formerNode: ListIteratorImpl 
10785      ERROR Test worker     d.u.i.k.j.KeYJPMapping    Duplicate registration of node: Date, formerNode: Date 
10785      ERROR Test worker     d.u.i.k.j.KeYJPMapping    Duplicate registration of node: LinkedHashMap, formerNode: LinkedHashMap 
10785      ERROR Test worker     d.u.i.k.j.KeYJPMapping    Duplicate registration of node: /*@pure@*/
String, formerNode: /*@strictly_pure*/
java.lang.String 
10785      ERROR Test worker     d.u.i.k.j.KeYJPMapping    Duplicate registration of node: LinkedList, formerNode: LinkedList 
10785      ERROR Test worker     d.u.i.k.j.KeYJPMapping    Duplicate registration of node: A, formerNode: A 
10800      ERROR Test worker     d.u.i.k.j.KeYJPMapping    Duplicate registration of node: A1, formerNode: A1 
10800      ERROR Test worker     d.u.i.k.j.KeYJPMapping    Duplicate registration of node: IntegerMethods, formerNode: IntegerMethods 
10816      ERROR Test worker     d.u.i.k.j.KeYJPMapping    Duplicate registration of value: testTermParserHeap.A testTermParserHeap.A::next;, formerValue: testTermParserHeap.A testTermParserHeap.A::next; 
10816      ERROR Test worker     d.u.i.k.j.KeYJPMapping    Duplicate registration of value: testTermParserHeap.testTermParserHeap.A testTermParserHeap.A
  testTermParserHeap.A::next;, formerValue: testTermParserHeap.testTermParserHeap.A testTermParserHeap.A
  testTermParserHeap.A::next; 
11180      ERROR Test worker     d.u.i.k.j.KeYJPMapping    Duplicate registration of node: boolean, formerNode: /*@ pure @*/
boolean 
11186      ERROR Test worker     d.u.i.k.j.KeYJPMapping    Duplicate registration of node: Object, formerNode: java.lang.Object 
11186      ERROR Test worker     d.u.i.k.j.KeYJPMapping    Duplicate registration of node: Object, formerNode: java.lang.Object 
11189      ERROR Test worker     d.u.i.k.j.KeYJPMapping    Duplicate registration of node: Annotation, formerNode: Annotation 
11193      ERROR Test worker     d.u.i.k.j.KeYJPMapping    Duplicate registration of node: ArithmeticException, formerNode: ArithmeticException 
11195      ERROR Test worker     d.u.i.k.j.KeYJPMapping    Duplicate registration of node: ArrayIndexOutOfBoundsException, formerNode: ArrayIndexOutOfBoundsException 
11198      ERROR Test worker     d.u.i.k.j.KeYJPMapping    Duplicate registration of node: ArrayStoreException, formerNode: ArrayStoreException 
11200      ERROR Test worker     d.u.i.k.j.KeYJPMapping    Duplicate registration of node: AssertionError, formerNode: AssertionError 
11203      ERROR Test worker     d.u.i.k.j.KeYJPMapping    Duplicate registration of node: Character, formerNode: Character 
11204      ERROR Test worker     d.u.i.k.j.KeYJPMapping    Duplicate registration of node: Class, formerNode: java.lang.Class 
11205      ERROR Test worker     d.u.i.k.j.KeYJPMapping    Duplicate registration of node: Class, formerNode: java.lang.Class 
11206      ERROR Test worker     d.u.i.k.j.KeYJPMapping    Duplicate registration of node: ClassCastException, formerNode: ClassCastException 
11208      ERROR Test worker     d.u.i.k.j.KeYJPMapping    Duplicate registration of node: CloneNotSupportedException, formerNode: CloneNotSupportedException 
11209      ERROR Test worker     d.u.i.k.j.KeYJPMapping    Duplicate registration of node: Cloneable, formerNode: Cloneable 
11210      ERROR Test worker     d.u.i.k.j.KeYJPMapping    Duplicate registration of node: Comparable, formerNode: Comparable 
11211      ERROR Test worker     d.u.i.k.j.KeYJPMapping    Duplicate registration of node: Double, formerNode: Double 
11213      ERROR Test worker     d.u.i.k.j.KeYJPMapping    Duplicate registration of node: Enum, formerNode: java.lang.Enum 
11214      ERROR Test worker     d.u.i.k.j.KeYJPMapping    Duplicate registration of node: Enum, formerNode: java.lang.Enum 
11217      ERROR Test worker     d.u.i.k.j.KeYJPMapping    Duplicate registration of node: Error, formerNode: Error 
11219      ERROR Test worker     d.u.i.k.j.KeYJPMapping    Duplicate registration of node: Exception, formerNode: Exception 
11222      ERROR Test worker     d.u.i.k.j.KeYJPMapping    Duplicate registration of node: ExceptionInInitializerError, formerNode: java.lang.ExceptionInInitializerError 
11222      ERROR Test worker     d.u.i.k.j.KeYJPMapping    Duplicate registration of node: ExceptionInInitializerError, formerNode: java.lang.ExceptionInInitializerError 
11224      ERROR Test worker     d.u.i.k.j.KeYJPMapping    Duplicate registration of node: Float, formerNode: Float 
11225      ERROR Test worker     d.u.i.k.j.KeYJPMapping    Duplicate registration of node: IllegalArgumentException, formerNode: IllegalArgumentException 
11226      ERROR Test worker     d.u.i.k.j.KeYJPMapping    Duplicate registration of node: IndexOutOfBoundsException, formerNode: IndexOutOfBoundsException 
11243      ERROR Test worker     d.u.i.k.j.KeYJPMapping    Duplicate registration of node: Integer, formerNode: java.lang.Integer 
11244      ERROR Test worker     d.u.i.k.j.KeYJPMapping    Duplicate registration of node: Integer, formerNode: java.lang.Integer 
11246      ERROR Test worker     d.u.i.k.j.KeYJPMapping    Duplicate registration of node: InterruptedException, formerNode: InterruptedException 
11247      ERROR Test worker     d.u.i.k.j.KeYJPMapping    Duplicate registration of node: Iterable, formerNode: Iterable 
11248      ERROR Test worker     d.u.i.k.j.KeYJPMapping    Duplicate registration of node: LinkageError, formerNode: LinkageError 
11263      ERROR Test worker     d.u.i.k.j.KeYJPMapping    Duplicate registration of node: Math, formerNode: Math 
11263      ERROR Test worker     d.u.i.k.j.KeYJPMapping    Duplicate registration of node: NegativeArraySizeException, formerNode: NegativeArraySizeException 
11263      ERROR Test worker     d.u.i.k.j.KeYJPMapping    Duplicate registration of node: NoClassDefFoundError, formerNode: java.lang.NoClassDefFoundError 
11263      ERROR Test worker     d.u.i.k.j.KeYJPMapping    Duplicate registration of node: NoClassDefFoundError, formerNode: java.lang.NoClassDefFoundError 
11263      ERROR Test worker     d.u.i.k.j.KeYJPMapping    Duplicate registration of node: NullPointerException, formerNode: NullPointerException 
11263      ERROR Test worker     d.u.i.k.j.KeYJPMapping    Duplicate registration of node: Number, formerNode: Number 
11341      ERROR Test worker     d.u.i.k.j.KeYJPMapping    Duplicate registration of node: NumberFormatException, formerNode: NumberFormatException 
11341      ERROR Test worker     d.u.i.k.j.KeYJPMapping    Duplicate registration of node: VirtualMachineError, formerNode: VirtualMachineError 
11341      ERROR Test worker     d.u.i.k.j.KeYJPMapping    Duplicate registration of node: OutOfMemoryError, formerNode: OutOfMemoryError 
11341      ERROR Test worker     d.u.i.k.j.KeYJPMapping    Duplicate registration of node: Runnable, formerNode: Runnable 
11356      ERROR Test worker     d.u.i.k.j.KeYJPMapping    Duplicate registration of node: RuntimeException, formerNode: RuntimeException 
11356      ERROR Test worker     d.u.i.k.j.KeYJPMapping    Duplicate registration of node: /*@pure*/
int, formerNode: int 
11356      ERROR Test worker     d.u.i.k.j.KeYJPMapping    Duplicate registration of node: /*@ helper */
int, formerNode: int 
11356      ERROR Test worker     d.u.i.k.j.KeYJPMapping    Duplicate registration of node: /*@ helper */
boolean, formerNode: /*@ pure @*/
boolean 
11372      ERROR Test worker     d.u.i.k.j.KeYJPMapping    Duplicate registration of node: /*@ helper */
java.lang.String, formerNode: java.lang.String 
11372      ERROR Test worker     d.u.i.k.j.KeYJPMapping    Duplicate registration of node: String, formerNode: java.lang.String 
11403      ERROR Test worker     d.u.i.k.j.KeYJPMapping    Duplicate registration of node: String, formerNode: java.lang.String 
11403      ERROR Test worker     d.u.i.k.j.KeYJPMapping    Duplicate registration of node: char, formerNode: /*@ helper */
char 
11403      ERROR Test worker     d.u.i.k.j.KeYJPMapping    Duplicate registration of node: StringBuffer, formerNode: StringBuffer 
11403      ERROR Test worker     d.u.i.k.j.KeYJPMapping    Duplicate registration of node: System, formerNode: System 
11403      ERROR Test worker     d.u.i.k.j.KeYJPMapping    Duplicate registration of node: Thread, formerNode: Thread 
11403      ERROR Test worker     d.u.i.k.j.KeYJPMapping    Duplicate registration of node: Throwable, formerNode: java.lang.Throwable 
11403      ERROR Test worker     d.u.i.k.j.KeYJPMapping    Duplicate registration of node: Throwable, formerNode: java.lang.Throwable 
11419      ERROR Test worker     d.u.i.k.j.KeYJPMapping    Duplicate registration of node: Collection, formerNode: Collection 
11419      ERROR Test worker     d.u.i.k.j.KeYJPMapping    Duplicate registration of node: Iterator, formerNode: java.util.Iterator 
11419      ERROR Test worker     d.u.i.k.j.KeYJPMapping    Duplicate registration of node: Iterator, formerNode: java.util.Iterator 
11419      ERROR Test worker     d.u.i.k.j.KeYJPMapping    Duplicate registration of node: List, formerNode: java.util.List 
11419      ERROR Test worker     d.u.i.k.j.KeYJPMapping    Duplicate registration of node: List, formerNode: java.util.List 
11435      ERROR Test worker     d.u.i.k.j.KeYJPMapping    Duplicate registration of node: ListIterator, formerNode: java.util.ListIterator 
11435      ERROR Test worker     d.u.i.k.j.KeYJPMapping    Duplicate registration of node: ListIterator, formerNode: java.util.ListIterator 
11435      ERROR Test worker     d.u.i.k.j.KeYJPMapping    Duplicate registration of node: Long, formerNode: Long 
11435      ERROR Test worker     d.u.i.k.j.KeYJPMapping    Duplicate registration of node: Boolean, formerNode: Boolean 
11435      ERROR Test worker     d.u.i.k.j.KeYJPMapping    Duplicate registration of node: Map, formerNode: Map 
11450      ERROR Test worker     d.u.i.k.j.KeYJPMapping    Duplicate registration of node: Set, formerNode: java.util.Set 
11450      ERROR Test worker     d.u.i.k.j.KeYJPMapping    Duplicate registration of node: Set, formerNode: java.util.Set 
11450      ERROR Test worker     d.u.i.k.j.KeYJPMapping    Duplicate registration of node: FilterOutputStream, formerNode: FilterOutputStream 
11450      ERROR Test worker     d.u.i.k.j.KeYJPMapping    Duplicate registration of node: InputStream, formerNode: java.io.InputStream 
11450      ERROR Test worker     d.u.i.k.j.KeYJPMapping    Duplicate registration of node: InputStream, formerNode: java.io.InputStream 
11450      ERROR Test worker     d.u.i.k.j.KeYJPMapping    Duplicate registration of node: IOException, formerNode: IOException 
11450      ERROR Test worker     d.u.i.k.j.KeYJPMapping    Duplicate registration of node: OutputStream, formerNode: java.io.OutputStream 
11450      ERROR Test worker     d.u.i.k.j.KeYJPMapping    Duplicate registration of node: OutputStream, formerNode: java.io.OutputStream 
11450      ERROR Test worker     d.u.i.k.j.KeYJPMapping    Duplicate registration of node: PrintStream, formerNode: java.io.PrintStream 
11450      ERROR Test worker     d.u.i.k.j.KeYJPMapping    Duplicate registration of node: PrintStream, formerNode: java.io.PrintStream 
11450      ERROR Test worker     d.u.i.k.j.KeYJPMapping    Duplicate registration of node: Serializable, formerNode: Serializable 
11466      ERROR Test worker     d.u.i.k.j.KeYJPMapping    Duplicate registration of node: BigInteger, formerNode: java.math.BigInteger 
11466      ERROR Test worker     d.u.i.k.j.KeYJPMapping    Duplicate registration of node: BigInteger, formerNode: java.math.BigInteger 
11466      ERROR Test worker     d.u.i.k.j.KeYJPMapping    Duplicate registration of node: ArrayList, formerNode: ArrayList 
11466      ERROR Test worker     d.u.i.k.j.KeYJPMapping    Duplicate registration of node: byte[], formerNode: byte[] 
11481      ERROR Test worker     d.u.i.k.j.KeYJPMapping    Duplicate registration of node: Arrays, formerNode: Arrays 
11497      ERROR Test worker     d.u.i.k.j.KeYJPMapping    Duplicate registration of node: ListIteratorImpl, formerNode: ListIteratorImpl 
11497      ERROR Test worker     d.u.i.k.j.KeYJPMapping    Duplicate registration of node: Date, formerNode: Date 
11497      ERROR Test worker     d.u.i.k.j.KeYJPMapping    Duplicate registration of node: LinkedHashMap, formerNode: LinkedHashMap 
11497      ERROR Test worker     d.u.i.k.j.KeYJPMapping    Duplicate registration of node: /*@pure@*/
String, formerNode: /*@strictly_pure*/
java.lang.String 
11497      ERROR Test worker     d.u.i.k.j.KeYJPMapping    Duplicate registration of node: LinkedList, formerNode: LinkedList 
11497      ERROR Test worker     d.u.i.k.j.KeYJPMapping    Duplicate registration of node: A, formerNode: A 
11513      ERROR Test worker     d.u.i.k.j.KeYJPMapping    Duplicate registration of node: A1, formerNode: A1 
11513      ERROR Test worker     d.u.i.k.j.KeYJPMapping    Duplicate registration of node: IntegerMethods, formerNode: IntegerMethods 
11513      ERROR Test worker     d.u.i.k.j.KeYJPMapping    Duplicate registration of value: testTermParserHeap.A testTermParserHeap.A::next;, formerValue: testTermParserHeap.A testTermParserHeap.A::next; 
11513      ERROR Test worker     d.u.i.k.j.KeYJPMapping    Duplicate registration of value: testTermParserHeap.testTermParserHeap.A testTermParserHeap.A
  testTermParserHeap.A::next;, formerValue: testTermParserHeap.testTermParserHeap.A testTermParserHeap.A
  testTermParserHeap.A::next; 
11872      ERROR Test worker     d.u.i.k.j.KeYJPMapping    Duplicate registration of node: boolean, formerNode: /*@ pure @*/
boolean 
11888      ERROR Test worker     d.u.i.k.j.KeYJPMapping    Duplicate registration of node: Object, formerNode: java.lang.Object 
11888      ERROR Test worker     d.u.i.k.j.KeYJPMapping    Duplicate registration of node: Object, formerNode: java.lang.Object 
11888      ERROR Test worker     d.u.i.k.j.KeYJPMapping    Duplicate registration of node: Annotation, formerNode: Annotation 
11888      ERROR Test worker     d.u.i.k.j.KeYJPMapping    Duplicate registration of node: ArithmeticException, formerNode: ArithmeticException 
11888      ERROR Test worker     d.u.i.k.j.KeYJPMapping    Duplicate registration of node: ArrayIndexOutOfBoundsException, formerNode: ArrayIndexOutOfBoundsException 
11903      ERROR Test worker     d.u.i.k.j.KeYJPMapping    Duplicate registration of node: ArrayStoreException, formerNode: ArrayStoreException 
11903      ERROR Test worker     d.u.i.k.j.KeYJPMapping    Duplicate registration of node: AssertionError, formerNode: AssertionError 
11903      ERROR Test worker     d.u.i.k.j.KeYJPMapping    Duplicate registration of node: Character, formerNode: Character 
11903      ERROR Test worker     d.u.i.k.j.KeYJPMapping    Duplicate registration of node: Class, formerNode: java.lang.Class 
11903      ERROR Test worker     d.u.i.k.j.KeYJPMapping    Duplicate registration of node: Class, formerNode: java.lang.Class 
11903      ERROR Test worker     d.u.i.k.j.KeYJPMapping    Duplicate registration of node: ClassCastException, formerNode: ClassCastException 
11903      ERROR Test worker     d.u.i.k.j.KeYJPMapping    Duplicate registration of node: CloneNotSupportedException, formerNode: CloneNotSupportedException 
11903      ERROR Test worker     d.u.i.k.j.KeYJPMapping    Duplicate registration of node: Cloneable, formerNode: Cloneable 
11903      ERROR Test worker     d.u.i.k.j.KeYJPMapping    Duplicate registration of node: Comparable, formerNode: Comparable 
11903      ERROR Test worker     d.u.i.k.j.KeYJPMapping    Duplicate registration of node: Double, formerNode: Double 
11903      ERROR Test worker     d.u.i.k.j.KeYJPMapping    Duplicate registration of node: Enum, formerNode: java.lang.Enum 
11903      ERROR Test worker     d.u.i.k.j.KeYJPMapping    Duplicate registration of node: Enum, formerNode: java.lang.Enum 
11919      ERROR Test worker     d.u.i.k.j.KeYJPMapping    Duplicate registration of node: Error, formerNode: Error 
11919      ERROR Test worker     d.u.i.k.j.KeYJPMapping    Duplicate registration of node: Exception, formerNode: Exception 
11919      ERROR Test worker     d.u.i.k.j.KeYJPMapping    Duplicate registration of node: ExceptionInInitializerError, formerNode: java.lang.ExceptionInInitializerError 
11919      ERROR Test worker     d.u.i.k.j.KeYJPMapping    Duplicate registration of node: ExceptionInInitializerError, formerNode: java.lang.ExceptionInInitializerError 
11919      ERROR Test worker     d.u.i.k.j.KeYJPMapping    Duplicate registration of node: Float, formerNode: Float 
11919      ERROR Test worker     d.u.i.k.j.KeYJPMapping    Duplicate registration of node: IllegalArgumentException, formerNode: IllegalArgumentException 
11919      ERROR Test worker     d.u.i.k.j.KeYJPMapping    Duplicate registration of node: IndexOutOfBoundsException, formerNode: IndexOutOfBoundsException 
11935      ERROR Test worker     d.u.i.k.j.KeYJPMapping    Duplicate registration of node: Integer, formerNode: java.lang.Integer 
11935      ERROR Test worker     d.u.i.k.j.KeYJPMapping    Duplicate registration of node: Integer, formerNode: java.lang.Integer 
11950      ERROR Test worker     d.u.i.k.j.KeYJPMapping    Duplicate registration of node: InterruptedException, formerNode: InterruptedException 
11950      ERROR Test worker     d.u.i.k.j.KeYJPMapping    Duplicate registration of node: Iterable, formerNode: Iterable 
11950      ERROR Test worker     d.u.i.k.j.KeYJPMapping    Duplicate registration of node: LinkageError, formerNode: LinkageError 
11950      ERROR Test worker     d.u.i.k.j.KeYJPMapping    Duplicate registration of node: Math, formerNode: Math 
11966      ERROR Test worker     d.u.i.k.j.KeYJPMapping    Duplicate registration of node: NegativeArraySizeException, formerNode: NegativeArraySizeException 
11966      ERROR Test worker     d.u.i.k.j.KeYJPMapping    Duplicate registration of node: NoClassDefFoundError, formerNode: java.lang.NoClassDefFoundError 
11966      ERROR Test worker     d.u.i.k.j.KeYJPMapping    Duplicate registration of node: NoClassDefFoundError, formerNode: java.lang.NoClassDefFoundError 
11966      ERROR Test worker     d.u.i.k.j.KeYJPMapping    Duplicate registration of node: NullPointerException, formerNode: NullPointerException 
11966      ERROR Test worker     d.u.i.k.j.KeYJPMapping    Duplicate registration of node: Number, formerNode: Number 
11966      ERROR Test worker     d.u.i.k.j.KeYJPMapping    Duplicate registration of node: NumberFormatException, formerNode: NumberFormatException 
11966      ERROR Test worker     d.u.i.k.j.KeYJPMapping    Duplicate registration of node: VirtualMachineError, formerNode: VirtualMachineError 
11966      ERROR Test worker     d.u.i.k.j.KeYJPMapping    Duplicate registration of node: OutOfMemoryError, formerNode: OutOfMemoryError 
11966      ERROR Test worker     d.u.i.k.j.KeYJPMapping    Duplicate registration of node: Runnable, formerNode: Runnable 
11966      ERROR Test worker     d.u.i.k.j.KeYJPMapping    Duplicate registration of node: RuntimeException, formerNode: RuntimeException 
11966      ERROR Test worker     d.u.i.k.j.KeYJPMapping    Duplicate registration of node: /*@pure*/
int, formerNode: int 
11981      ERROR Test worker     d.u.i.k.j.KeYJPMapping    Duplicate registration of node: /*@ helper */
int, formerNode: int 
11981      ERROR Test worker     d.u.i.k.j.KeYJPMapping    Duplicate registration of node: /*@ helper */
boolean, formerNode: /*@ pure @*/
boolean 
11981      ERROR Test worker     d.u.i.k.j.KeYJPMapping    Duplicate registration of node: /*@ helper */
java.lang.String, formerNode: java.lang.String 
11997      ERROR Test worker     d.u.i.k.j.KeYJPMapping    Duplicate registration of node: String, formerNode: java.lang.String 
12013      ERROR Test worker     d.u.i.k.j.KeYJPMapping    Duplicate registration of node: String, formerNode: java.lang.String 
12028      ERROR Test worker     d.u.i.k.j.KeYJPMapping    Duplicate registration of node: char, formerNode: /*@ helper */
char 
12028      ERROR Test worker     d.u.i.k.j.KeYJPMapping    Duplicate registration of node: StringBuffer, formerNode: StringBuffer 
12028      ERROR Test worker     d.u.i.k.j.KeYJPMapping    Duplicate registration of node: System, formerNode: System 
12028      ERROR Test worker     d.u.i.k.j.KeYJPMapping    Duplicate registration of node: Thread, formerNode: Thread 
12044      ERROR Test worker     d.u.i.k.j.KeYJPMapping    Duplicate registration of node: Throwable, formerNode: java.lang.Throwable 
12044      ERROR Test worker     d.u.i.k.j.KeYJPMapping    Duplicate registration of node: Throwable, formerNode: java.lang.Throwable 
12044      ERROR Test worker     d.u.i.k.j.KeYJPMapping    Duplicate registration of node: Collection, formerNode: Collection 
12044      ERROR Test worker     d.u.i.k.j.KeYJPMapping    Duplicate registration of node: Iterator, formerNode: java.util.Iterator 
12044      ERROR Test worker     d.u.i.k.j.KeYJPMapping    Duplicate registration of node: Iterator, formerNode: java.util.Iterator 
12060      ERROR Test worker     d.u.i.k.j.KeYJPMapping    Duplicate registration of node: List, formerNode: java.util.List 
12060      ERROR Test worker     d.u.i.k.j.KeYJPMapping    Duplicate registration of node: List, formerNode: java.util.List 
12060      ERROR Test worker     d.u.i.k.j.KeYJPMapping    Duplicate registration of node: ListIterator, formerNode: java.util.ListIterator 
12060      ERROR Test worker     d.u.i.k.j.KeYJPMapping    Duplicate registration of node: ListIterator, formerNode: java.util.ListIterator 
12060      ERROR Test worker     d.u.i.k.j.KeYJPMapping    Duplicate registration of node: Long, formerNode: Long 
12060      ERROR Test worker     d.u.i.k.j.KeYJPMapping    Duplicate registration of node: Boolean, formerNode: Boolean 
12091      ERROR Test worker     d.u.i.k.j.KeYJPMapping    Duplicate registration of node: Map, formerNode: Map 
12106      ERROR Test worker     d.u.i.k.j.KeYJPMapping    Duplicate registration of node: Set, formerNode: java.util.Set 
12106      ERROR Test worker     d.u.i.k.j.KeYJPMapping    Duplicate registration of node: Set, formerNode: java.util.Set 
12106      ERROR Test worker     d.u.i.k.j.KeYJPMapping    Duplicate registration of node: FilterOutputStream, formerNode: FilterOutputStream 
12106      ERROR Test worker     d.u.i.k.j.KeYJPMapping    Duplicate registration of node: InputStream, formerNode: java.io.InputStream 
12106      ERROR Test worker     d.u.i.k.j.KeYJPMapping    Duplicate registration of node: InputStream, formerNode: java.io.InputStream 
12106      ERROR Test worker     d.u.i.k.j.KeYJPMapping    Duplicate registration of node: IOException, formerNode: IOException 
12106      ERROR Test worker     d.u.i.k.j.KeYJPMapping    Duplicate registration of node: OutputStream, formerNode: java.io.OutputStream 
12106      ERROR Test worker     d.u.i.k.j.KeYJPMapping    Duplicate registration of node: OutputStream, formerNode: java.io.OutputStream 
12122      ERROR Test worker     d.u.i.k.j.KeYJPMapping    Duplicate registration of node: PrintStream, formerNode: java.io.PrintStream 
12122      ERROR Test worker     d.u.i.k.j.KeYJPMapping    Duplicate registration of node: PrintStream, formerNode: java.io.PrintStream 
12122      ERROR Test worker     d.u.i.k.j.KeYJPMapping    Duplicate registration of node: Serializable, formerNode: Serializable 
12122      ERROR Test worker     d.u.i.k.j.KeYJPMapping    Duplicate registration of node: BigInteger, formerNode: java.math.BigInteger 
12122      ERROR Test worker     d.u.i.k.j.KeYJPMapping    Duplicate registration of node: BigInteger, formerNode: java.math.BigInteger 
12122      ERROR Test worker     d.u.i.k.j.KeYJPMapping    Duplicate registration of node: ArrayList, formerNode: ArrayList 
12122      ERROR Test worker     d.u.i.k.j.KeYJPMapping    Duplicate registration of node: byte[], formerNode: byte[] 
12138      ERROR Test worker     d.u.i.k.j.KeYJPMapping    Duplicate registration of node: Arrays, formerNode: Arrays 
12138      ERROR Test worker     d.u.i.k.j.KeYJPMapping    Duplicate registration of node: ListIteratorImpl, formerNode: ListIteratorImpl 
12138      ERROR Test worker     d.u.i.k.j.KeYJPMapping    Duplicate registration of node: Date, formerNode: Date 
12138      ERROR Test worker     d.u.i.k.j.KeYJPMapping    Duplicate registration of node: LinkedHashMap, formerNode: LinkedHashMap 
12138      ERROR Test worker     d.u.i.k.j.KeYJPMapping    Duplicate registration of node: /*@pure@*/
String, formerNode: /*@strictly_pure*/
java.lang.String 
12153      ERROR Test worker     d.u.i.k.j.KeYJPMapping    Duplicate registration of node: LinkedList, formerNode: LinkedList 
12153      ERROR Test worker     d.u.i.k.j.KeYJPMapping    Duplicate registration of node: A, formerNode: A 
12153      ERROR Test worker     d.u.i.k.j.KeYJPMapping    Duplicate registration of node: A1, formerNode: A1 
12153      ERROR Test worker     d.u.i.k.j.KeYJPMapping    Duplicate registration of node: IntegerMethods, formerNode: IntegerMethods 
12169      ERROR Test worker     d.u.i.k.j.KeYJPMapping    Duplicate registration of value: testTermParserHeap.A testTermParserHeap.A::next;, formerValue: testTermParserHeap.A testTermParserHeap.A::next; 
12169      ERROR Test worker     d.u.i.k.j.KeYJPMapping    Duplicate registration of value: testTermParserHeap.testTermParserHeap.A testTermParserHeap.A
  testTermParserHeap.A::next;, formerValue: testTermParserHeap.testTermParserHeap.A testTermParserHeap.A
  testTermParserHeap.A::next; 
12466      ERROR Test worker     d.u.i.k.j.KeYJPMapping    Duplicate registration of node: boolean, formerNode: /*@ pure @*/
boolean 
12482      ERROR Test worker     d.u.i.k.j.KeYJPMapping    Duplicate registration of node: Object, formerNode: java.lang.Object 
12482      ERROR Test worker     d.u.i.k.j.KeYJPMapping    Duplicate registration of node: Object, formerNode: java.lang.Object 
12482      ERROR Test worker     d.u.i.k.j.KeYJPMapping    Duplicate registration of node: Annotation, formerNode: Annotation 
12482      ERROR Test worker     d.u.i.k.j.KeYJPMapping    Duplicate registration of node: ArithmeticException, formerNode: ArithmeticException 
12482      ERROR Test worker     d.u.i.k.j.KeYJPMapping    Duplicate registration of node: ArrayIndexOutOfBoundsException, formerNode: ArrayIndexOutOfBoundsException 
12482      ERROR Test worker     d.u.i.k.j.KeYJPMapping    Duplicate registration of node: ArrayStoreException, formerNode: ArrayStoreException 
12482      ERROR Test worker     d.u.i.k.j.KeYJPMapping    Duplicate registration of node: AssertionError, formerNode: AssertionError 
12497      ERROR Test worker     d.u.i.k.j.KeYJPMapping    Duplicate registration of node: Character, formerNode: Character 
12497      ERROR Test worker     d.u.i.k.j.KeYJPMapping    Duplicate registration of node: Class, formerNode: java.lang.Class 
12497      ERROR Test worker     d.u.i.k.j.KeYJPMapping    Duplicate registration of node: Class, formerNode: java.lang.Class 
12497      ERROR Test worker     d.u.i.k.j.KeYJPMapping    Duplicate registration of node: ClassCastException, formerNode: ClassCastException 
12497      ERROR Test worker     d.u.i.k.j.KeYJPMapping    Duplicate registration of node: CloneNotSupportedException, formerNode: CloneNotSupportedException 
12497      ERROR Test worker     d.u.i.k.j.KeYJPMapping    Duplicate registration of node: Cloneable, formerNode: Cloneable 
12497      ERROR Test worker     d.u.i.k.j.KeYJPMapping    Duplicate registration of node: Comparable, formerNode: Comparable 
12497      ERROR Test worker     d.u.i.k.j.KeYJPMapping    Duplicate registration of node: Double, formerNode: Double 
12497      ERROR Test worker     d.u.i.k.j.KeYJPMapping    Duplicate registration of node: Enum, formerNode: java.lang.Enum 
12497      ERROR Test worker     d.u.i.k.j.KeYJPMapping    Duplicate registration of node: Enum, formerNode: java.lang.Enum 
12497      ERROR Test worker     d.u.i.k.j.KeYJPMapping    Duplicate registration of node: Error, formerNode: Error 
12497      ERROR Test worker     d.u.i.k.j.KeYJPMapping    Duplicate registration of node: Exception, formerNode: Exception 
12513      ERROR Test worker     d.u.i.k.j.KeYJPMapping    Duplicate registration of node: ExceptionInInitializerError, formerNode: java.lang.ExceptionInInitializerError 
12513      ERROR Test worker     d.u.i.k.j.KeYJPMapping    Duplicate registration of node: ExceptionInInitializerError, formerNode: java.lang.ExceptionInInitializerError 
12513      ERROR Test worker     d.u.i.k.j.KeYJPMapping    Duplicate registration of node: Float, formerNode: Float 
12513      ERROR Test worker     d.u.i.k.j.KeYJPMapping    Duplicate registration of node: IllegalArgumentException, formerNode: IllegalArgumentException 
12513      ERROR Test worker     d.u.i.k.j.KeYJPMapping    Duplicate registration of node: IndexOutOfBoundsException, formerNode: IndexOutOfBoundsException 
12528      ERROR Test worker     d.u.i.k.j.KeYJPMapping    Duplicate registration of node: Integer, formerNode: java.lang.Integer 
12528      ERROR Test worker     d.u.i.k.j.KeYJPMapping    Duplicate registration of node: Integer, formerNode: java.lang.Integer 
12528      ERROR Test worker     d.u.i.k.j.KeYJPMapping    Duplicate registration of node: InterruptedException, formerNode: InterruptedException 
12528      ERROR Test worker     d.u.i.k.j.KeYJPMapping    Duplicate registration of node: Iterable, formerNode: Iterable 
12528      ERROR Test worker     d.u.i.k.j.KeYJPMapping    Duplicate registration of node: LinkageError, formerNode: LinkageError 
12544      ERROR Test worker     d.u.i.k.j.KeYJPMapping    Duplicate registration of node: Math, formerNode: Math 
12591      ERROR Test worker     d.u.i.k.j.KeYJPMapping    Duplicate registration of node: NegativeArraySizeException, formerNode: NegativeArraySizeException 
12591      ERROR Test worker     d.u.i.k.j.KeYJPMapping    Duplicate registration of node: NoClassDefFoundError, formerNode: java.lang.NoClassDefFoundError 
12591      ERROR Test worker     d.u.i.k.j.KeYJPMapping    Duplicate registration of node: NoClassDefFoundError, formerNode: java.lang.NoClassDefFoundError 
12591      ERROR Test worker     d.u.i.k.j.KeYJPMapping    Duplicate registration of node: NullPointerException, formerNode: NullPointerException 
12591      ERROR Test worker     d.u.i.k.j.KeYJPMapping    Duplicate registration of node: Number, formerNode: Number 
12591      ERROR Test worker     d.u.i.k.j.KeYJPMapping    Duplicate registration of node: NumberFormatException, formerNode: NumberFormatException 
12622      ERROR Test worker     d.u.i.k.j.KeYJPMapping    Duplicate registration of node: VirtualMachineError, formerNode: VirtualMachineError 
12622      ERROR Test worker     d.u.i.k.j.KeYJPMapping    Duplicate registration of node: OutOfMemoryError, formerNode: OutOfMemoryError 
12622      ERROR Test worker     d.u.i.k.j.KeYJPMapping    Duplicate registration of node: Runnable, formerNode: Runnable 
12622      ERROR Test worker     d.u.i.k.j.KeYJPMapping    Duplicate registration of node: RuntimeException, formerNode: RuntimeException 
12622      ERROR Test worker     d.u.i.k.j.KeYJPMapping    Duplicate registration of node: /*@pure*/
int, formerNode: int 
12622      ERROR Test worker     d.u.i.k.j.KeYJPMapping    Duplicate registration of node: /*@ helper */
int, formerNode: int 
12622      ERROR Test worker     d.u.i.k.j.KeYJPMapping    Duplicate registration of node: /*@ helper */
boolean, formerNode: /*@ pure @*/
boolean 
12638      ERROR Test worker     d.u.i.k.j.KeYJPMapping    Duplicate registration of node: /*@ helper */
java.lang.String, formerNode: java.lang.String 
12653      ERROR Test worker     d.u.i.k.j.KeYJPMapping    Duplicate registration of node: String, formerNode: java.lang.String 
12677      ERROR Test worker     d.u.i.k.j.KeYJPMapping    Duplicate registration of node: String, formerNode: java.lang.String 
12685      ERROR Test worker     d.u.i.k.j.KeYJPMapping    Duplicate registration of node: char, formerNode: /*@ helper */
char 
12685      ERROR Test worker     d.u.i.k.j.KeYJPMapping    Duplicate registration of node: StringBuffer, formerNode: StringBuffer 
12685      ERROR Test worker     d.u.i.k.j.KeYJPMapping    Duplicate registration of node: System, formerNode: System 
12685      ERROR Test worker     d.u.i.k.j.KeYJPMapping    Duplicate registration of node: Thread, formerNode: Thread 
12685      ERROR Test worker     d.u.i.k.j.KeYJPMapping    Duplicate registration of node: Throwable, formerNode: java.lang.Throwable 
12685      ERROR Test worker     d.u.i.k.j.KeYJPMapping    Duplicate registration of node: Throwable, formerNode: java.lang.Throwable 
12701      ERROR Test worker     d.u.i.k.j.KeYJPMapping    Duplicate registration of node: Collection, formerNode: Collection 
12701      ERROR Test worker     d.u.i.k.j.KeYJPMapping    Duplicate registration of node: Iterator, formerNode: java.util.Iterator 
12701      ERROR Test worker     d.u.i.k.j.KeYJPMapping    Duplicate registration of node: Iterator, formerNode: java.util.Iterator 
12701      ERROR Test worker     d.u.i.k.j.KeYJPMapping    Duplicate registration of node: List, formerNode: java.util.List 
12701      ERROR Test worker     d.u.i.k.j.KeYJPMapping    Duplicate registration of node: List, formerNode: java.util.List 
12716      ERROR Test worker     d.u.i.k.j.KeYJPMapping    Duplicate registration of node: ListIterator, formerNode: java.util.ListIterator 
12716      ERROR Test worker     d.u.i.k.j.KeYJPMapping    Duplicate registration of node: ListIterator, formerNode: java.util.ListIterator 
12716      ERROR Test worker     d.u.i.k.j.KeYJPMapping    Duplicate registration of node: Long, formerNode: Long 
12716      ERROR Test worker     d.u.i.k.j.KeYJPMapping    Duplicate registration of node: Boolean, formerNode: Boolean 
12716      ERROR Test worker     d.u.i.k.j.KeYJPMapping    Duplicate registration of node: Map, formerNode: Map 
12716      ERROR Test worker     d.u.i.k.j.KeYJPMapping    Duplicate registration of node: Set, formerNode: java.util.Set 
12732      ERROR Test worker     d.u.i.k.j.KeYJPMapping    Duplicate registration of node: Set, formerNode: java.util.Set 
12732      ERROR Test worker     d.u.i.k.j.KeYJPMapping    Duplicate registration of node: FilterOutputStream, formerNode: FilterOutputStream 
12732      ERROR Test worker     d.u.i.k.j.KeYJPMapping    Duplicate registration of node: InputStream, formerNode: java.io.InputStream 
12732      ERROR Test worker     d.u.i.k.j.KeYJPMapping    Duplicate registration of node: InputStream, formerNode: java.io.InputStream 
12732      ERROR Test worker     d.u.i.k.j.KeYJPMapping    Duplicate registration of node: IOException, formerNode: IOException 
12732      ERROR Test worker     d.u.i.k.j.KeYJPMapping    Duplicate registration of node: OutputStream, formerNode: java.io.OutputStream 
12732      ERROR Test worker     d.u.i.k.j.KeYJPMapping    Duplicate registration of node: OutputStream, formerNode: java.io.OutputStream 
12732      ERROR Test worker     d.u.i.k.j.KeYJPMapping    Duplicate registration of node: PrintStream, formerNode: java.io.PrintStream 
12732      ERROR Test worker     d.u.i.k.j.KeYJPMapping    Duplicate registration of node: PrintStream, formerNode: java.io.PrintStream 
12732      ERROR Test worker     d.u.i.k.j.KeYJPMapping    Duplicate registration of node: Serializable, formerNode: Serializable 
12747      ERROR Test worker     d.u.i.k.j.KeYJPMapping    Duplicate registration of node: BigInteger, formerNode: java.math.BigInteger 
12747      ERROR Test worker     d.u.i.k.j.KeYJPMapping    Duplicate registration of node: BigInteger, formerNode: java.math.BigInteger 
12747      ERROR Test worker     d.u.i.k.j.KeYJPMapping    Duplicate registration of node: ArrayList, formerNode: ArrayList 
12747      ERROR Test worker     d.u.i.k.j.KeYJPMapping    Duplicate registration of node: byte[], formerNode: byte[] 
12779      ERROR Test worker     d.u.i.k.j.KeYJPMapping    Duplicate registration of node: Arrays, formerNode: Arrays 
12779      ERROR Test worker     d.u.i.k.j.KeYJPMapping    Duplicate registration of node: ListIteratorImpl, formerNode: ListIteratorImpl 
12794      ERROR Test worker     d.u.i.k.j.KeYJPMapping    Duplicate registration of node: Date, formerNode: Date 
12794      ERROR Test worker     d.u.i.k.j.KeYJPMapping    Duplicate registration of node: LinkedHashMap, formerNode: LinkedHashMap 
12794      ERROR Test worker     d.u.i.k.j.KeYJPMapping    Duplicate registration of node: /*@pure@*/
String, formerNode: /*@strictly_pure*/
java.lang.String 
12794      ERROR Test worker     d.u.i.k.j.KeYJPMapping    Duplicate registration of node: LinkedList, formerNode: LinkedList 
12794      ERROR Test worker     d.u.i.k.j.KeYJPMapping    Duplicate registration of node: A, formerNode: A 
12794      ERROR Test worker     d.u.i.k.j.KeYJPMapping    Duplicate registration of node: A1, formerNode: A1 
12810      ERROR Test worker     d.u.i.k.j.KeYJPMapping    Duplicate registration of node: IntegerMethods, formerNode: IntegerMethods 
12810      ERROR Test worker     d.u.i.k.j.KeYJPMapping    Duplicate registration of value: testTermParserHeap.A testTermParserHeap.A::next;, formerValue: testTermParserHeap.A testTermParserHeap.A::next; 
12810      ERROR Test worker     d.u.i.k.j.KeYJPMapping    Duplicate registration of value: testTermParserHeap.testTermParserHeap.A testTermParserHeap.A
  testTermParserHeap.A::next;, formerValue: testTermParserHeap.testTermParserHeap.A testTermParserHeap.A
  testTermParserHeap.A::next; 
13229      ERROR Test worker     d.u.i.k.j.KeYJPMapping    Duplicate registration of node: boolean, formerNode: /*@ pure @*/
boolean 
13229      ERROR Test worker     d.u.i.k.j.KeYJPMapping    Duplicate registration of node: Object, formerNode: java.lang.Object 
13229      ERROR Test worker     d.u.i.k.j.KeYJPMapping    Duplicate registration of node: Object, formerNode: java.lang.Object 
13229      ERROR Test worker     d.u.i.k.j.KeYJPMapping    Duplicate registration of node: Annotation, formerNode: Annotation 
13245      ERROR Test worker     d.u.i.k.j.KeYJPMapping    Duplicate registration of node: ArithmeticException, formerNode: ArithmeticException 
13245      ERROR Test worker     d.u.i.k.j.KeYJPMapping    Duplicate registration of node: ArrayIndexOutOfBoundsException, formerNode: ArrayIndexOutOfBoundsException 
13245      ERROR Test worker     d.u.i.k.j.KeYJPMapping    Duplicate registration of node: ArrayStoreException, formerNode: ArrayStoreException 
13245      ERROR Test worker     d.u.i.k.j.KeYJPMapping    Duplicate registration of node: AssertionError, formerNode: AssertionError 
13245      ERROR Test worker     d.u.i.k.j.KeYJPMapping    Duplicate registration of node: Character, formerNode: Character 
13245      ERROR Test worker     d.u.i.k.j.KeYJPMapping    Duplicate registration of node: Class, formerNode: java.lang.Class 
13261      ERROR Test worker     d.u.i.k.j.KeYJPMapping    Duplicate registration of node: Class, formerNode: java.lang.Class 
13261      ERROR Test worker     d.u.i.k.j.KeYJPMapping    Duplicate registration of node: ClassCastException, formerNode: ClassCastException 
13261      ERROR Test worker     d.u.i.k.j.KeYJPMapping    Duplicate registration of node: CloneNotSupportedException, formerNode: CloneNotSupportedException 
13261      ERROR Test worker     d.u.i.k.j.KeYJPMapping    Duplicate registration of node: Cloneable, formerNode: Cloneable 
13261      ERROR Test worker     d.u.i.k.j.KeYJPMapping    Duplicate registration of node: Comparable, formerNode: Comparable 
13261      ERROR Test worker     d.u.i.k.j.KeYJPMapping    Duplicate registration of node: Double, formerNode: Double 
13261      ERROR Test worker     d.u.i.k.j.KeYJPMapping    Duplicate registration of node: Enum, formerNode: java.lang.Enum 
13261      ERROR Test worker     d.u.i.k.j.KeYJPMapping    Duplicate registration of node: Enum, formerNode: java.lang.Enum 
13261      ERROR Test worker     d.u.i.k.j.KeYJPMapping    Duplicate registration of node: Error, formerNode: Error 
13276      ERROR Test worker     d.u.i.k.j.KeYJPMapping    Duplicate registration of node: Exception, formerNode: Exception 
13276      ERROR Test worker     d.u.i.k.j.KeYJPMapping    Duplicate registration of node: ExceptionInInitializerError, formerNode: java.lang.ExceptionInInitializerError 
13276      ERROR Test worker     d.u.i.k.j.KeYJPMapping    Duplicate registration of node: ExceptionInInitializerError, formerNode: java.lang.ExceptionInInitializerError 
13276      ERROR Test worker     d.u.i.k.j.KeYJPMapping    Duplicate registration of node: Float, formerNode: Float 
13276      ERROR Test worker     d.u.i.k.j.KeYJPMapping    Duplicate registration of node: IllegalArgumentException, formerNode: IllegalArgumentException 
13276      ERROR Test worker     d.u.i.k.j.KeYJPMapping    Duplicate registration of node: IndexOutOfBoundsException, formerNode: IndexOutOfBoundsException 
13292      ERROR Test worker     d.u.i.k.j.KeYJPMapping    Duplicate registration of node: Integer, formerNode: java.lang.Integer 
13292      ERROR Test worker     d.u.i.k.j.KeYJPMapping    Duplicate registration of node: Integer, formerNode: java.lang.Integer 
13292      ERROR Test worker     d.u.i.k.j.KeYJPMapping    Duplicate registration of node: InterruptedException, formerNode: InterruptedException 
13292      ERROR Test worker     d.u.i.k.j.KeYJPMapping    Duplicate registration of node: Iterable, formerNode: Iterable 
13292      ERROR Test worker     d.u.i.k.j.KeYJPMapping    Duplicate registration of node: LinkageError, formerNode: LinkageError 
13307      ERROR Test worker     d.u.i.k.j.KeYJPMapping    Duplicate registration of node: Math, formerNode: Math 
13307      ERROR Test worker     d.u.i.k.j.KeYJPMapping    Duplicate registration of node: NegativeArraySizeException, formerNode: NegativeArraySizeException 
13323      ERROR Test worker     d.u.i.k.j.KeYJPMapping    Duplicate registration of node: NoClassDefFoundError, formerNode: java.lang.NoClassDefFoundError 
13323      ERROR Test worker     d.u.i.k.j.KeYJPMapping    Duplicate registration of node: NoClassDefFoundError, formerNode: java.lang.NoClassDefFoundError 
13323      ERROR Test worker     d.u.i.k.j.KeYJPMapping    Duplicate registration of node: NullPointerException, formerNode: NullPointerException 
13323      ERROR Test worker     d.u.i.k.j.KeYJPMapping    Duplicate registration of node: Number, formerNode: Number 
13323      ERROR Test worker     d.u.i.k.j.KeYJPMapping    Duplicate registration of node: NumberFormatException, formerNode: NumberFormatException 
13323      ERROR Test worker     d.u.i.k.j.KeYJPMapping    Duplicate registration of node: VirtualMachineError, formerNode: VirtualMachineError 
13323      ERROR Test worker     d.u.i.k.j.KeYJPMapping    Duplicate registration of node: OutOfMemoryError, formerNode: OutOfMemoryError 
13323      ERROR Test worker     d.u.i.k.j.KeYJPMapping    Duplicate registration of node: Runnable, formerNode: Runnable 
13323      ERROR Test worker     d.u.i.k.j.KeYJPMapping    Duplicate registration of node: RuntimeException, formerNode: RuntimeException 
13323      ERROR Test worker     d.u.i.k.j.KeYJPMapping    Duplicate registration of node: /*@pure*/
int, formerNode: int 
13323      ERROR Test worker     d.u.i.k.j.KeYJPMapping    Duplicate registration of node: /*@ helper */
int, formerNode: int 
13323      ERROR Test worker     d.u.i.k.j.KeYJPMapping    Duplicate registration of node: /*@ helper */
boolean, formerNode: /*@ pure @*/
boolean 
13339      ERROR Test worker     d.u.i.k.j.KeYJPMapping    Duplicate registration of node: /*@ helper */
java.lang.String, formerNode: java.lang.String 
13354      ERROR Test worker     d.u.i.k.j.KeYJPMapping    Duplicate registration of node: String, formerNode: java.lang.String 
13370      ERROR Test worker     d.u.i.k.j.KeYJPMapping    Duplicate registration of node: String, formerNode: java.lang.String 
13370      ERROR Test worker     d.u.i.k.j.KeYJPMapping    Duplicate registration of node: char, formerNode: /*@ helper */
char 
13370      ERROR Test worker     d.u.i.k.j.KeYJPMapping    Duplicate registration of node: StringBuffer, formerNode: StringBuffer 
13370      ERROR Test worker     d.u.i.k.j.KeYJPMapping    Duplicate registration of node: System, formerNode: System 
13370      ERROR Test worker     d.u.i.k.j.KeYJPMapping    Duplicate registration of node: Thread, formerNode: Thread 
13370      ERROR Test worker     d.u.i.k.j.KeYJPMapping    Duplicate registration of node: Throwable, formerNode: java.lang.Throwable 
13370      ERROR Test worker     d.u.i.k.j.KeYJPMapping    Duplicate registration of node: Throwable, formerNode: java.lang.Throwable 
13386      ERROR Test worker     d.u.i.k.j.KeYJPMapping    Duplicate registration of node: Collection, formerNode: Collection 
13386      ERROR Test worker     d.u.i.k.j.KeYJPMapping    Duplicate registration of node: Iterator, formerNode: java.util.Iterator 
13386      ERROR Test worker     d.u.i.k.j.KeYJPMapping    Duplicate registration of node: Iterator, formerNode: java.util.Iterator 
13386      ERROR Test worker     d.u.i.k.j.KeYJPMapping    Duplicate registration of node: List, formerNode: java.util.List 
13386      ERROR Test worker     d.u.i.k.j.KeYJPMapping    Duplicate registration of node: List, formerNode: java.util.List 
13401      ERROR Test worker     d.u.i.k.j.KeYJPMapping    Duplicate registration of node: ListIterator, formerNode: java.util.ListIterator 
13401      ERROR Test worker     d.u.i.k.j.KeYJPMapping    Duplicate registration of node: ListIterator, formerNode: java.util.ListIterator 
13401      ERROR Test worker     d.u.i.k.j.KeYJPMapping    Duplicate registration of node: Long, formerNode: Long 
13401      ERROR Test worker     d.u.i.k.j.KeYJPMapping    Duplicate registration of node: Boolean, formerNode: Boolean 
13432      ERROR Test worker     d.u.i.k.j.KeYJPMapping    Duplicate registration of node: Map, formerNode: Map 
13432      ERROR Test worker     d.u.i.k.j.KeYJPMapping    Duplicate registration of node: Set, formerNode: java.util.Set 
13432      ERROR Test worker     d.u.i.k.j.KeYJPMapping    Duplicate registration of node: Set, formerNode: java.util.Set 
13448      ERROR Test worker     d.u.i.k.j.KeYJPMapping    Duplicate registration of node: FilterOutputStream, formerNode: FilterOutputStream 
13448      ERROR Test worker     d.u.i.k.j.KeYJPMapping    Duplicate registration of node: InputStream, formerNode: java.io.InputStream 
13448      ERROR Test worker     d.u.i.k.j.KeYJPMapping    Duplicate registration of node: InputStream, formerNode: java.io.InputStream 
13448      ERROR Test worker     d.u.i.k.j.KeYJPMapping    Duplicate registration of node: IOException, formerNode: IOException 
13448      ERROR Test worker     d.u.i.k.j.KeYJPMapping    Duplicate registration of node: OutputStream, formerNode: java.io.OutputStream 
13448      ERROR Test worker     d.u.i.k.j.KeYJPMapping    Duplicate registration of node: OutputStream, formerNode: java.io.OutputStream 
13448      ERROR Test worker     d.u.i.k.j.KeYJPMapping    Duplicate registration of node: PrintStream, formerNode: java.io.PrintStream 
13448      ERROR Test worker     d.u.i.k.j.KeYJPMapping    Duplicate registration of node: PrintStream, formerNode: java.io.PrintStream 
13464      ERROR Test worker     d.u.i.k.j.KeYJPMapping    Duplicate registration of node: Serializable, formerNode: Serializable 
13464      ERROR Test worker     d.u.i.k.j.KeYJPMapping    Duplicate registration of node: BigInteger, formerNode: java.math.BigInteger 
13464      ERROR Test worker     d.u.i.k.j.KeYJPMapping    Duplicate registration of node: BigInteger, formerNode: java.math.BigInteger 
13464      ERROR Test worker     d.u.i.k.j.KeYJPMapping    Duplicate registration of node: ArrayList, formerNode: ArrayList 
13464      ERROR Test worker     d.u.i.k.j.KeYJPMapping    Duplicate registration of node: byte[], formerNode: byte[] 
13479      ERROR Test worker     d.u.i.k.j.KeYJPMapping    Duplicate registration of node: Arrays, formerNode: Arrays 
13479      ERROR Test worker     d.u.i.k.j.KeYJPMapping    Duplicate registration of node: ListIteratorImpl, formerNode: ListIteratorImpl 
13479      ERROR Test worker     d.u.i.k.j.KeYJPMapping    Duplicate registration of node: Date, formerNode: Date 
13479      ERROR Test worker     d.u.i.k.j.KeYJPMapping    Duplicate registration of node: LinkedHashMap, formerNode: LinkedHashMap 
13479      ERROR Test worker     d.u.i.k.j.KeYJPMapping    Duplicate registration of node: /*@pure@*/
String, formerNode: /*@strictly_pure*/
java.lang.String 
13479      ERROR Test worker     d.u.i.k.j.KeYJPMapping    Duplicate registration of node: LinkedList, formerNode: LinkedList 
13495      ERROR Test worker     d.u.i.k.j.KeYJPMapping    Duplicate registration of node: A, formerNode: A 
13511      ERROR Test worker     d.u.i.k.j.KeYJPMapping    Duplicate registration of node: A1, formerNode: A1 
13511      ERROR Test worker     d.u.i.k.j.KeYJPMapping    Duplicate registration of node: IntegerMethods, formerNode: IntegerMethods 
13511      ERROR Test worker     d.u.i.k.j.KeYJPMapping    Duplicate registration of value: testTermParserHeap.A testTermParserHeap.A::next;, formerValue: testTermParserHeap.A testTermParserHeap.A::next; 
13526      ERROR Test worker     d.u.i.k.j.KeYJPMapping    Duplicate registration of value: testTermParserHeap.testTermParserHeap.A testTermParserHeap.A
  testTermParserHeap.A::next;, formerValue: testTermParserHeap.testTermParserHeap.A testTermParserHeap.A
  testTermParserHeap.A::next; 
13833      ERROR Test worker     d.u.i.k.j.KeYJPMapping    Duplicate registration of node: boolean, formerNode: /*@ pure @*/
boolean 
13848      ERROR Test worker     d.u.i.k.j.KeYJPMapping    Duplicate registration of node: Object, formerNode: java.lang.Object 
13848      ERROR Test worker     d.u.i.k.j.KeYJPMapping    Duplicate registration of node: Object, formerNode: java.lang.Object 
13848      ERROR Test worker     d.u.i.k.j.KeYJPMapping    Duplicate registration of node: Annotation, formerNode: Annotation 
13848      ERROR Test worker     d.u.i.k.j.KeYJPMapping    Duplicate registration of node: ArithmeticException, formerNode: ArithmeticException 
13848      ERROR Test worker     d.u.i.k.j.KeYJPMapping    Duplicate registration of node: ArrayIndexOutOfBoundsException, formerNode: ArrayIndexOutOfBoundsException 
13848      ERROR Test worker     d.u.i.k.j.KeYJPMapping    Duplicate registration of node: ArrayStoreException, formerNode: ArrayStoreException 
13848      ERROR Test worker     d.u.i.k.j.KeYJPMapping    Duplicate registration of node: AssertionError, formerNode: AssertionError 
13863      ERROR Test worker     d.u.i.k.j.KeYJPMapping    Duplicate registration of node: Character, formerNode: Character 
13863      ERROR Test worker     d.u.i.k.j.KeYJPMapping    Duplicate registration of node: Class, formerNode: java.lang.Class 
13863      ERROR Test worker     d.u.i.k.j.KeYJPMapping    Duplicate registration of node: Class, formerNode: java.lang.Class 
13863      ERROR Test worker     d.u.i.k.j.KeYJPMapping    Duplicate registration of node: ClassCastException, formerNode: ClassCastException 
13863      ERROR Test worker     d.u.i.k.j.KeYJPMapping    Duplicate registration of node: CloneNotSupportedException, formerNode: CloneNotSupportedException 
13863      ERROR Test worker     d.u.i.k.j.KeYJPMapping    Duplicate registration of node: Cloneable, formerNode: Cloneable 
13863      ERROR Test worker     d.u.i.k.j.KeYJPMapping    Duplicate registration of node: Comparable, formerNode: Comparable 
13863      ERROR Test worker     d.u.i.k.j.KeYJPMapping    Duplicate registration of node: Double, formerNode: Double 
13863      ERROR Test worker     d.u.i.k.j.KeYJPMapping    Duplicate registration of node: Enum, formerNode: java.lang.Enum 
13863      ERROR Test worker     d.u.i.k.j.KeYJPMapping    Duplicate registration of node: Enum, formerNode: java.lang.Enum 
13863      ERROR Test worker     d.u.i.k.j.KeYJPMapping    Duplicate registration of node: Error, formerNode: Error 
13863      ERROR Test worker     d.u.i.k.j.KeYJPMapping    Duplicate registration of node: Exception, formerNode: Exception 
13863      ERROR Test worker     d.u.i.k.j.KeYJPMapping    Duplicate registration of node: ExceptionInInitializerError, formerNode: java.lang.ExceptionInInitializerError 
13863      ERROR Test worker     d.u.i.k.j.KeYJPMapping    Duplicate registration of node: ExceptionInInitializerError, formerNode: java.lang.ExceptionInInitializerError 
13879      ERROR Test worker     d.u.i.k.j.KeYJPMapping    Duplicate registration of node: Float, formerNode: Float 
13879      ERROR Test worker     d.u.i.k.j.KeYJPMapping    Duplicate registration of node: IllegalArgumentException, formerNode: IllegalArgumentException 
13879      ERROR Test worker     d.u.i.k.j.KeYJPMapping    Duplicate registration of node: IndexOutOfBoundsException, formerNode: IndexOutOfBoundsException 
13895      ERROR Test worker     d.u.i.k.j.KeYJPMapping    Duplicate registration of node: Integer, formerNode: java.lang.Integer 
13895      ERROR Test worker     d.u.i.k.j.KeYJPMapping    Duplicate registration of node: Integer, formerNode: java.lang.Integer 
13895      ERROR Test worker     d.u.i.k.j.KeYJPMapping    Duplicate registration of node: InterruptedException, formerNode: InterruptedException 
13895      ERROR Test worker     d.u.i.k.j.KeYJPMapping    Duplicate registration of node: Iterable, formerNode: Iterable 
13895      ERROR Test worker     d.u.i.k.j.KeYJPMapping    Duplicate registration of node: LinkageError, formerNode: LinkageError 
13910      ERROR Test worker     d.u.i.k.j.KeYJPMapping    Duplicate registration of node: Math, formerNode: Math 
13910      ERROR Test worker     d.u.i.k.j.KeYJPMapping    Duplicate registration of node: NegativeArraySizeException, formerNode: NegativeArraySizeException 
13910      ERROR Test worker     d.u.i.k.j.KeYJPMapping    Duplicate registration of node: NoClassDefFoundError, formerNode: java.lang.NoClassDefFoundError 
13910      ERROR Test worker     d.u.i.k.j.KeYJPMapping    Duplicate registration of node: NoClassDefFoundError, formerNode: java.lang.NoClassDefFoundError 
13910      ERROR Test worker     d.u.i.k.j.KeYJPMapping    Duplicate registration of node: NullPointerException, formerNode: NullPointerException 
13910      ERROR Test worker     d.u.i.k.j.KeYJPMapping    Duplicate registration of node: Number, formerNode: Number 
13910      ERROR Test worker     d.u.i.k.j.KeYJPMapping    Duplicate registration of node: NumberFormatException, formerNode: NumberFormatException 
13910      ERROR Test worker     d.u.i.k.j.KeYJPMapping    Duplicate registration of node: VirtualMachineError, formerNode: VirtualMachineError 
13910      ERROR Test worker     d.u.i.k.j.KeYJPMapping    Duplicate registration of node: OutOfMemoryError, formerNode: OutOfMemoryError 
13910      ERROR Test worker     d.u.i.k.j.KeYJPMapping    Duplicate registration of node: Runnable, formerNode: Runnable 
13910      ERROR Test worker     d.u.i.k.j.KeYJPMapping    Duplicate registration of node: RuntimeException, formerNode: RuntimeException 
13910      ERROR Test worker     d.u.i.k.j.KeYJPMapping    Duplicate registration of node: /*@pure*/
int, formerNode: int 
13910      ERROR Test worker     d.u.i.k.j.KeYJPMapping    Duplicate registration of node: /*@ helper */
int, formerNode: int 
13926      ERROR Test worker     d.u.i.k.j.KeYJPMapping    Duplicate registration of node: /*@ helper */
boolean, formerNode: /*@ pure @*/
boolean 
13926      ERROR Test worker     d.u.i.k.j.KeYJPMapping    Duplicate registration of node: /*@ helper */
java.lang.String, formerNode: java.lang.String 
13941      ERROR Test worker     d.u.i.k.j.KeYJPMapping    Duplicate registration of node: String, formerNode: java.lang.String 
13957      ERROR Test worker     d.u.i.k.j.KeYJPMapping    Duplicate registration of node: String, formerNode: java.lang.String 
13957      ERROR Test worker     d.u.i.k.j.KeYJPMapping    Duplicate registration of node: char, formerNode: /*@ helper */
char 
13957      ERROR Test worker     d.u.i.k.j.KeYJPMapping    Duplicate registration of node: StringBuffer, formerNode: StringBuffer 
13957      ERROR Test worker     d.u.i.k.j.KeYJPMapping    Duplicate registration of node: System, formerNode: System 
13957      ERROR Test worker     d.u.i.k.j.KeYJPMapping    Duplicate registration of node: Thread, formerNode: Thread 
13973      ERROR Test worker     d.u.i.k.j.KeYJPMapping    Duplicate registration of node: Throwable, formerNode: java.lang.Throwable 
13973      ERROR Test worker     d.u.i.k.j.KeYJPMapping    Duplicate registration of node: Throwable, formerNode: java.lang.Throwable 
13973      ERROR Test worker     d.u.i.k.j.KeYJPMapping    Duplicate registration of node: Collection, formerNode: Collection 
13973      ERROR Test worker     d.u.i.k.j.KeYJPMapping    Duplicate registration of node: Iterator, formerNode: java.util.Iterator 
13973      ERROR Test worker     d.u.i.k.j.KeYJPMapping    Duplicate registration of node: Iterator, formerNode: java.util.Iterator 
13973      ERROR Test worker     d.u.i.k.j.KeYJPMapping    Duplicate registration of node: List, formerNode: java.util.List 
13973      ERROR Test worker     d.u.i.k.j.KeYJPMapping    Duplicate registration of node: List, formerNode: java.util.List 
13988      ERROR Test worker     d.u.i.k.j.KeYJPMapping    Duplicate registration of node: ListIterator, formerNode: java.util.ListIterator 
13988      ERROR Test worker     d.u.i.k.j.KeYJPMapping    Duplicate registration of node: ListIterator, formerNode: java.util.ListIterator 
13988      ERROR Test worker     d.u.i.k.j.KeYJPMapping    Duplicate registration of node: Long, formerNode: Long 
13988      ERROR Test worker     d.u.i.k.j.KeYJPMapping    Duplicate registration of node: Boolean, formerNode: Boolean 
13988      ERROR Test worker     d.u.i.k.j.KeYJPMapping    Duplicate registration of node: Map, formerNode: Map 
13988      ERROR Test worker     d.u.i.k.j.KeYJPMapping    Duplicate registration of node: Set, formerNode: java.util.Set 
13988      ERROR Test worker     d.u.i.k.j.KeYJPMapping    Duplicate registration of node: Set, formerNode: java.util.Set 
14004      ERROR Test worker     d.u.i.k.j.KeYJPMapping    Duplicate registration of node: FilterOutputStream, formerNode: FilterOutputStream 
14004      ERROR Test worker     d.u.i.k.j.KeYJPMapping    Duplicate registration of node: InputStream, formerNode: java.io.InputStream 
14004      ERROR Test worker     d.u.i.k.j.KeYJPMapping    Duplicate registration of node: InputStream, formerNode: java.io.InputStream 
14004      ERROR Test worker     d.u.i.k.j.KeYJPMapping    Duplicate registration of node: IOException, formerNode: IOException 
14004      ERROR Test worker     d.u.i.k.j.KeYJPMapping    Duplicate registration of node: OutputStream, formerNode: java.io.OutputStream 
14004      ERROR Test worker     d.u.i.k.j.KeYJPMapping    Duplicate registration of node: OutputStream, formerNode: java.io.OutputStream 
14004      ERROR Test worker     d.u.i.k.j.KeYJPMapping    Duplicate registration of node: PrintStream, formerNode: java.io.PrintStream 
14004      ERROR Test worker     d.u.i.k.j.KeYJPMapping    Duplicate registration of node: PrintStream, formerNode: java.io.PrintStream 
14004      ERROR Test worker     d.u.i.k.j.KeYJPMapping    Duplicate registration of node: Serializable, formerNode: Serializable 
14004      ERROR Test worker     d.u.i.k.j.KeYJPMapping    Duplicate registration of node: BigInteger, formerNode: java.math.BigInteger 
14020      ERROR Test worker     d.u.i.k.j.KeYJPMapping    Duplicate registration of node: BigInteger, formerNode: java.math.BigInteger 
14020      ERROR Test worker     d.u.i.k.j.KeYJPMapping    Duplicate registration of node: ArrayList, formerNode: ArrayList 
14020      ERROR Test worker     d.u.i.k.j.KeYJPMapping    Duplicate registration of node: byte[], formerNode: byte[] 
14035      ERROR Test worker     d.u.i.k.j.KeYJPMapping    Duplicate registration of node: Arrays, formerNode: Arrays 
14035      ERROR Test worker     d.u.i.k.j.KeYJPMapping    Duplicate registration of node: ListIteratorImpl, formerNode: ListIteratorImpl 
14035      ERROR Test worker     d.u.i.k.j.KeYJPMapping    Duplicate registration of node: Date, formerNode: Date 
14035      ERROR Test worker     d.u.i.k.j.KeYJPMapping    Duplicate registration of node: LinkedHashMap, formerNode: LinkedHashMap 
14035      ERROR Test worker     d.u.i.k.j.KeYJPMapping    Duplicate registration of node: /*@pure@*/
String, formerNode: /*@strictly_pure*/
java.lang.String 
14035      ERROR Test worker     d.u.i.k.j.KeYJPMapping    Duplicate registration of node: LinkedList, formerNode: LinkedList 
14035      ERROR Test worker     d.u.i.k.j.KeYJPMapping    Duplicate registration of node: A, formerNode: A 
14051      ERROR Test worker     d.u.i.k.j.KeYJPMapping    Duplicate registration of node: A1, formerNode: A1 
14051      ERROR Test worker     d.u.i.k.j.KeYJPMapping    Duplicate registration of node: IntegerMethods, formerNode: IntegerMethods 
14066      ERROR Test worker     d.u.i.k.j.KeYJPMapping    Duplicate registration of value: testTermParserHeap.A testTermParserHeap.A::next;, formerValue: testTermParserHeap.A testTermParserHeap.A::next; 
14066      ERROR Test worker     d.u.i.k.j.KeYJPMapping    Duplicate registration of value: testTermParserHeap.testTermParserHeap.A testTermParserHeap.A
  testTermParserHeap.A::next;, formerValue: testTermParserHeap.testTermParserHeap.A testTermParserHeap.A
  testTermParserHeap.A::next; 
14370      ERROR Test worker     d.u.i.k.j.KeYJPMapping    Duplicate registration of node: boolean, formerNode: /*@ pure @*/
boolean 
14370      ERROR Test worker     d.u.i.k.j.KeYJPMapping    Duplicate registration of node: Object, formerNode: java.lang.Object 
14370      ERROR Test worker     d.u.i.k.j.KeYJPMapping    Duplicate registration of node: Object, formerNode: java.lang.Object 
14370      ERROR Test worker     d.u.i.k.j.KeYJPMapping    Duplicate registration of node: Annotation, formerNode: Annotation 
14370      ERROR Test worker     d.u.i.k.j.KeYJPMapping    Duplicate registration of node: ArithmeticException, formerNode: ArithmeticException 
14370      ERROR Test worker     d.u.i.k.j.KeYJPMapping    Duplicate registration of node: ArrayIndexOutOfBoundsException, formerNode: ArrayIndexOutOfBoundsException 
14386      ERROR Test worker     d.u.i.k.j.KeYJPMapping    Duplicate registration of node: ArrayStoreException, formerNode: ArrayStoreException 
14386      ERROR Test worker     d.u.i.k.j.KeYJPMapping    Duplicate registration of node: AssertionError, formerNode: AssertionError 
14386      ERROR Test worker     d.u.i.k.j.KeYJPMapping    Duplicate registration of node: Character, formerNode: Character 
14386      ERROR Test worker     d.u.i.k.j.KeYJPMapping    Duplicate registration of node: Class, formerNode: java.lang.Class 
14386      ERROR Test worker     d.u.i.k.j.KeYJPMapping    Duplicate registration of node: Class, formerNode: java.lang.Class 
14386      ERROR Test worker     d.u.i.k.j.KeYJPMapping    Duplicate registration of node: ClassCastException, formerNode: ClassCastException 
14386      ERROR Test worker     d.u.i.k.j.KeYJPMapping    Duplicate registration of node: CloneNotSupportedException, formerNode: CloneNotSupportedException 
14386      ERROR Test worker     d.u.i.k.j.KeYJPMapping    Duplicate registration of node: Cloneable, formerNode: Cloneable 
14386      ERROR Test worker     d.u.i.k.j.KeYJPMapping    Duplicate registration of node: Comparable, formerNode: Comparable 
14386      ERROR Test worker     d.u.i.k.j.KeYJPMapping    Duplicate registration of node: Double, formerNode: Double 
14386      ERROR Test worker     d.u.i.k.j.KeYJPMapping    Duplicate registration of node: Enum, formerNode: java.lang.Enum 
14386      ERROR Test worker     d.u.i.k.j.KeYJPMapping    Duplicate registration of node: Enum, formerNode: java.lang.Enum 
14386      ERROR Test worker     d.u.i.k.j.KeYJPMapping    Duplicate registration of node: Error, formerNode: Error 
14401      ERROR Test worker     d.u.i.k.j.KeYJPMapping    Duplicate registration of node: Exception, formerNode: Exception 
14401      ERROR Test worker     d.u.i.k.j.KeYJPMapping    Duplicate registration of node: ExceptionInInitializerError, formerNode: java.lang.ExceptionInInitializerError 
14401      ERROR Test worker     d.u.i.k.j.KeYJPMapping    Duplicate registration of node: ExceptionInInitializerError, formerNode: java.lang.ExceptionInInitializerError 
14401      ERROR Test worker     d.u.i.k.j.KeYJPMapping    Duplicate registration of node: Float, formerNode: Float 
14401      ERROR Test worker     d.u.i.k.j.KeYJPMapping    Duplicate registration of node: IllegalArgumentException, formerNode: IllegalArgumentException 
14401      ERROR Test worker     d.u.i.k.j.KeYJPMapping    Duplicate registration of node: IndexOutOfBoundsException, formerNode: IndexOutOfBoundsException 
14417      ERROR Test worker     d.u.i.k.j.KeYJPMapping    Duplicate registration of node: Integer, formerNode: java.lang.Integer 
14417      ERROR Test worker     d.u.i.k.j.KeYJPMapping    Duplicate registration of node: Integer, formerNode: java.lang.Integer 
14417      ERROR Test worker     d.u.i.k.j.KeYJPMapping    Duplicate registration of node: InterruptedException, formerNode: InterruptedException 
14417      ERROR Test worker     d.u.i.k.j.KeYJPMapping    Duplicate registration of node: Iterable, formerNode: Iterable 
14417      ERROR Test worker     d.u.i.k.j.KeYJPMapping    Duplicate registration of node: LinkageError, formerNode: LinkageError 
14433      ERROR Test worker     d.u.i.k.j.KeYJPMapping    Duplicate registration of node: Math, formerNode: Math 
14433      ERROR Test worker     d.u.i.k.j.KeYJPMapping    Duplicate registration of node: NegativeArraySizeException, formerNode: NegativeArraySizeException 
14433      ERROR Test worker     d.u.i.k.j.KeYJPMapping    Duplicate registration of node: NoClassDefFoundError, formerNode: java.lang.NoClassDefFoundError 
14433      ERROR Test worker     d.u.i.k.j.KeYJPMapping    Duplicate registration of node: NoClassDefFoundError, formerNode: java.lang.NoClassDefFoundError 
14433      ERROR Test worker     d.u.i.k.j.KeYJPMapping    Duplicate registration of node: NullPointerException, formerNode: NullPointerException 
14433      ERROR Test worker     d.u.i.k.j.KeYJPMapping    Duplicate registration of node: Number, formerNode: Number 
14433      ERROR Test worker     d.u.i.k.j.KeYJPMapping    Duplicate registration of node: NumberFormatException, formerNode: NumberFormatException 
14433      ERROR Test worker     d.u.i.k.j.KeYJPMapping    Duplicate registration of node: VirtualMachineError, formerNode: VirtualMachineError 
14433      ERROR Test worker     d.u.i.k.j.KeYJPMapping    Duplicate registration of node: OutOfMemoryError, formerNode: OutOfMemoryError 
14433      ERROR Test worker     d.u.i.k.j.KeYJPMapping    Duplicate registration of node: Runnable, formerNode: Runnable 
14450      ERROR Test worker     d.u.i.k.j.KeYJPMapping    Duplicate registration of node: RuntimeException, formerNode: RuntimeException 
14450      ERROR Test worker     d.u.i.k.j.KeYJPMapping    Duplicate registration of node: /*@pure*/
int, formerNode: int 
14454      ERROR Test worker     d.u.i.k.j.KeYJPMapping    Duplicate registration of node: /*@ helper */
int, formerNode: int 
14454      ERROR Test worker     d.u.i.k.j.KeYJPMapping    Duplicate registration of node: /*@ helper */
boolean, formerNode: /*@ pure @*/
boolean 
14463      ERROR Test worker     d.u.i.k.j.KeYJPMapping    Duplicate registration of node: /*@ helper */
java.lang.String, formerNode: java.lang.String 
14473      ERROR Test worker     d.u.i.k.j.KeYJPMapping    Duplicate registration of node: String, formerNode: java.lang.String 
14490      ERROR Test worker     d.u.i.k.j.KeYJPMapping    Duplicate registration of node: String, formerNode: java.lang.String 
14492      ERROR Test worker     d.u.i.k.j.KeYJPMapping    Duplicate registration of node: char, formerNode: /*@ helper */
char 
14494      ERROR Test worker     d.u.i.k.j.KeYJPMapping    Duplicate registration of node: StringBuffer, formerNode: StringBuffer 
14498      ERROR Test worker     d.u.i.k.j.KeYJPMapping    Duplicate registration of node: System, formerNode: System 
14499      ERROR Test worker     d.u.i.k.j.KeYJPMapping    Duplicate registration of node: Thread, formerNode: Thread 
14502      ERROR Test worker     d.u.i.k.j.KeYJPMapping    Duplicate registration of node: Throwable, formerNode: java.lang.Throwable 
14502      ERROR Test worker     d.u.i.k.j.KeYJPMapping    Duplicate registration of node: Throwable, formerNode: java.lang.Throwable 
14508      ERROR Test worker     d.u.i.k.j.KeYJPMapping    Duplicate registration of node: Collection, formerNode: Collection 
14510      ERROR Test worker     d.u.i.k.j.KeYJPMapping    Duplicate registration of node: Iterator, formerNode: java.util.Iterator 
14510      ERROR Test worker     d.u.i.k.j.KeYJPMapping    Duplicate registration of node: Iterator, formerNode: java.util.Iterator 
14516      ERROR Test worker     d.u.i.k.j.KeYJPMapping    Duplicate registration of node: List, formerNode: java.util.List 
14516      ERROR Test worker     d.u.i.k.j.KeYJPMapping    Duplicate registration of node: List, formerNode: java.util.List 
14527      ERROR Test worker     d.u.i.k.j.KeYJPMapping    Duplicate registration of node: ListIterator, formerNode: java.util.ListIterator 
14527      ERROR Test worker     d.u.i.k.j.KeYJPMapping    Duplicate registration of node: ListIterator, formerNode: java.util.ListIterator 
14529      ERROR Test worker     d.u.i.k.j.KeYJPMapping    Duplicate registration of node: Long, formerNode: Long 
14529      ERROR Test worker     d.u.i.k.j.KeYJPMapping    Duplicate registration of node: Boolean, formerNode: Boolean 
14535      ERROR Test worker     d.u.i.k.j.KeYJPMapping    Duplicate registration of node: Map, formerNode: Map 
14539      ERROR Test worker     d.u.i.k.j.KeYJPMapping    Duplicate registration of node: Set, formerNode: java.util.Set 
14539      ERROR Test worker     d.u.i.k.j.KeYJPMapping    Duplicate registration of node: Set, formerNode: java.util.Set 
14541      ERROR Test worker     d.u.i.k.j.KeYJPMapping    Duplicate registration of node: FilterOutputStream, formerNode: FilterOutputStream 
14541      ERROR Test worker     d.u.i.k.j.KeYJPMapping    Duplicate registration of node: InputStream, formerNode: java.io.InputStream 
14542      ERROR Test worker     d.u.i.k.j.KeYJPMapping    Duplicate registration of node: InputStream, formerNode: java.io.InputStream 
14542      ERROR Test worker     d.u.i.k.j.KeYJPMapping    Duplicate registration of node: IOException, formerNode: IOException 
14542      ERROR Test worker     d.u.i.k.j.KeYJPMapping    Duplicate registration of node: OutputStream, formerNode: java.io.OutputStream 
14542      ERROR Test worker     d.u.i.k.j.KeYJPMapping    Duplicate registration of node: OutputStream, formerNode: java.io.OutputStream 
14542      ERROR Test worker     d.u.i.k.j.KeYJPMapping    Duplicate registration of node: PrintStream, formerNode: java.io.PrintStream 
14542      ERROR Test worker     d.u.i.k.j.KeYJPMapping    Duplicate registration of node: PrintStream, formerNode: java.io.PrintStream 
14542      ERROR Test worker     d.u.i.k.j.KeYJPMapping    Duplicate registration of node: Serializable, formerNode: Serializable 
14542      ERROR Test worker     d.u.i.k.j.KeYJPMapping    Duplicate registration of node: BigInteger, formerNode: java.math.BigInteger 
14542      ERROR Test worker     d.u.i.k.j.KeYJPMapping    Duplicate registration of node: BigInteger, formerNode: java.math.BigInteger 
14542      ERROR Test worker     d.u.i.k.j.KeYJPMapping    Duplicate registration of node: ArrayList, formerNode: ArrayList 
14558      ERROR Test worker     d.u.i.k.j.KeYJPMapping    Duplicate registration of node: byte[], formerNode: byte[] 
14574      ERROR Test worker     d.u.i.k.j.KeYJPMapping    Duplicate registration of node: Arrays, formerNode: Arrays 
14589      ERROR Test worker     d.u.i.k.j.KeYJPMapping    Duplicate registration of node: ListIteratorImpl, formerNode: ListIteratorImpl 
14589      ERROR Test worker     d.u.i.k.j.KeYJPMapping    Duplicate registration of node: Date, formerNode: Date 
14589      ERROR Test worker     d.u.i.k.j.KeYJPMapping    Duplicate registration of node: LinkedHashMap, formerNode: LinkedHashMap 
14589      ERROR Test worker     d.u.i.k.j.KeYJPMapping    Duplicate registration of node: /*@pure@*/
String, formerNode: /*@strictly_pure*/
java.lang.String 
14589      ERROR Test worker     d.u.i.k.j.KeYJPMapping    Duplicate registration of node: LinkedList, formerNode: LinkedList 
14589      ERROR Test worker     d.u.i.k.j.KeYJPMapping    Duplicate registration of node: A, formerNode: A 
14605      ERROR Test worker     d.u.i.k.j.KeYJPMapping    Duplicate registration of node: A1, formerNode: A1 
14605      ERROR Test worker     d.u.i.k.j.KeYJPMapping    Duplicate registration of node: IntegerMethods, formerNode: IntegerMethods 
14605      ERROR Test worker     d.u.i.k.j.KeYJPMapping    Duplicate registration of value: testTermParserHeap.A testTermParserHeap.A::next;, formerValue: testTermParserHeap.A testTermParserHeap.A::next; 
14605      ERROR Test worker     d.u.i.k.j.KeYJPMapping    Duplicate registration of value: testTermParserHeap.testTermParserHeap.A testTermParserHeap.A
  testTermParserHeap.A::next;, formerValue: testTermParserHeap.testTermParserHeap.A testTermParserHeap.A
  testTermParserHeap.A::next; 
14890      ERROR Test worker     d.u.i.k.j.KeYJPMapping    Duplicate registration of node: boolean, formerNode: /*@ pure @*/
boolean 
14890      ERROR Test worker     d.u.i.k.j.KeYJPMapping    Duplicate registration of node: Object, formerNode: java.lang.Object 
14890      ERROR Test worker     d.u.i.k.j.KeYJPMapping    Duplicate registration of node: Object, formerNode: java.lang.Object 
14890      ERROR Test worker     d.u.i.k.j.KeYJPMapping    Duplicate registration of node: Annotation, formerNode: Annotation 
14906      ERROR Test worker     d.u.i.k.j.KeYJPMapping    Duplicate registration of node: ArithmeticException, formerNode: ArithmeticException 
14906      ERROR Test worker     d.u.i.k.j.KeYJPMapping    Duplicate registration of node: ArrayIndexOutOfBoundsException, formerNode: ArrayIndexOutOfBoundsException 
14906      ERROR Test worker     d.u.i.k.j.KeYJPMapping    Duplicate registration of node: ArrayStoreException, formerNode: ArrayStoreException 
14906      ERROR Test worker     d.u.i.k.j.KeYJPMapping    Duplicate registration of node: AssertionError, formerNode: AssertionError 
14906      ERROR Test worker     d.u.i.k.j.KeYJPMapping    Duplicate registration of node: Character, formerNode: Character 
14906      ERROR Test worker     d.u.i.k.j.KeYJPMapping    Duplicate registration of node: Class, formerNode: java.lang.Class 
14906      ERROR Test worker     d.u.i.k.j.KeYJPMapping    Duplicate registration of node: Class, formerNode: java.lang.Class 
14906      ERROR Test worker     d.u.i.k.j.KeYJPMapping    Duplicate registration of node: ClassCastException, formerNode: ClassCastException 
14906      ERROR Test worker     d.u.i.k.j.KeYJPMapping    Duplicate registration of node: CloneNotSupportedException, formerNode: CloneNotSupportedException 
14906      ERROR Test worker     d.u.i.k.j.KeYJPMapping    Duplicate registration of node: Cloneable, formerNode: Cloneable 
14906      ERROR Test worker     d.u.i.k.j.KeYJPMapping    Duplicate registration of node: Comparable, formerNode: Comparable 
14906      ERROR Test worker     d.u.i.k.j.KeYJPMapping    Duplicate registration of node: Double, formerNode: Double 
14921      ERROR Test worker     d.u.i.k.j.KeYJPMapping    Duplicate registration of node: Enum, formerNode: java.lang.Enum 
14921      ERROR Test worker     d.u.i.k.j.KeYJPMapping    Duplicate registration of node: Enum, formerNode: java.lang.Enum 
14921      ERROR Test worker     d.u.i.k.j.KeYJPMapping    Duplicate registration of node: Error, formerNode: Error 
14921      ERROR Test worker     d.u.i.k.j.KeYJPMapping    Duplicate registration of node: Exception, formerNode: Exception 
14921      ERROR Test worker     d.u.i.k.j.KeYJPMapping    Duplicate registration of node: ExceptionInInitializerError, formerNode: java.lang.ExceptionInInitializerError 
14921      ERROR Test worker     d.u.i.k.j.KeYJPMapping    Duplicate registration of node: ExceptionInInitializerError, formerNode: java.lang.ExceptionInInitializerError 
14921      ERROR Test worker     d.u.i.k.j.KeYJPMapping    Duplicate registration of node: Float, formerNode: Float 
14921      ERROR Test worker     d.u.i.k.j.KeYJPMapping    Duplicate registration of node: IllegalArgumentException, formerNode: IllegalArgumentException 
14921      ERROR Test worker     d.u.i.k.j.KeYJPMapping    Duplicate registration of node: IndexOutOfBoundsException, formerNode: IndexOutOfBoundsException 
14937      ERROR Test worker     d.u.i.k.j.KeYJPMapping    Duplicate registration of node: Integer, formerNode: java.lang.Integer 
14937      ERROR Test worker     d.u.i.k.j.KeYJPMapping    Duplicate registration of node: Integer, formerNode: java.lang.Integer 
14937      ERROR Test worker     d.u.i.k.j.KeYJPMapping    Duplicate registration of node: InterruptedException, formerNode: InterruptedException 
14937      ERROR Test worker     d.u.i.k.j.KeYJPMapping    Duplicate registration of node: Iterable, formerNode: Iterable 
14937      ERROR Test worker     d.u.i.k.j.KeYJPMapping    Duplicate registration of node: LinkageError, formerNode: LinkageError 
14953      ERROR Test worker     d.u.i.k.j.KeYJPMapping    Duplicate registration of node: Math, formerNode: Math 
14953      ERROR Test worker     d.u.i.k.j.KeYJPMapping    Duplicate registration of node: NegativeArraySizeException, formerNode: NegativeArraySizeException 
14953      ERROR Test worker     d.u.i.k.j.KeYJPMapping    Duplicate registration of node: NoClassDefFoundError, formerNode: java.lang.NoClassDefFoundError 
14953      ERROR Test worker     d.u.i.k.j.KeYJPMapping    Duplicate registration of node: NoClassDefFoundError, formerNode: java.lang.NoClassDefFoundError 
14953      ERROR Test worker     d.u.i.k.j.KeYJPMapping    Duplicate registration of node: NullPointerException, formerNode: NullPointerException 
14953      ERROR Test worker     d.u.i.k.j.KeYJPMapping    Duplicate registration of node: Number, formerNode: Number 
14953      ERROR Test worker     d.u.i.k.j.KeYJPMapping    Duplicate registration of node: NumberFormatException, formerNode: NumberFormatException 
14953      ERROR Test worker     d.u.i.k.j.KeYJPMapping    Duplicate registration of node: VirtualMachineError, formerNode: VirtualMachineError 
14968      ERROR Test worker     d.u.i.k.j.KeYJPMapping    Duplicate registration of node: OutOfMemoryError, formerNode: OutOfMemoryError 
14968      ERROR Test worker     d.u.i.k.j.KeYJPMapping    Duplicate registration of node: Runnable, formerNode: Runnable 
14968      ERROR Test worker     d.u.i.k.j.KeYJPMapping    Duplicate registration of node: RuntimeException, formerNode: RuntimeException 
14968      ERROR Test worker     d.u.i.k.j.KeYJPMapping    Duplicate registration of node: /*@pure*/
int, formerNode: int 
14968      ERROR Test worker     d.u.i.k.j.KeYJPMapping    Duplicate registration of node: /*@ helper */
int, formerNode: int 
14968      ERROR Test worker     d.u.i.k.j.KeYJPMapping    Duplicate registration of node: /*@ helper */
boolean, formerNode: /*@ pure @*/
boolean 
14984      ERROR Test worker     d.u.i.k.j.KeYJPMapping    Duplicate registration of node: /*@ helper */
java.lang.String, formerNode: java.lang.String 
14984      ERROR Test worker     d.u.i.k.j.KeYJPMapping    Duplicate registration of node: String, formerNode: java.lang.String 
14999      ERROR Test worker     d.u.i.k.j.KeYJPMapping    Duplicate registration of node: String, formerNode: java.lang.String 
14999      ERROR Test worker     d.u.i.k.j.KeYJPMapping    Duplicate registration of node: char, formerNode: /*@ helper */
char 
14999      ERROR Test worker     d.u.i.k.j.KeYJPMapping    Duplicate registration of node: StringBuffer, formerNode: StringBuffer 
15019      ERROR Test worker     d.u.i.k.j.KeYJPMapping    Duplicate registration of node: System, formerNode: System 
15019      ERROR Test worker     d.u.i.k.j.KeYJPMapping    Duplicate registration of node: Thread, formerNode: Thread 
15019      ERROR Test worker     d.u.i.k.j.KeYJPMapping    Duplicate registration of node: Throwable, formerNode: java.lang.Throwable 
15019      ERROR Test worker     d.u.i.k.j.KeYJPMapping    Duplicate registration of node: Throwable, formerNode: java.lang.Throwable 
15031      ERROR Test worker     d.u.i.k.j.KeYJPMapping    Duplicate registration of node: Collection, formerNode: Collection 
15031      ERROR Test worker     d.u.i.k.j.KeYJPMapping    Duplicate registration of node: Iterator, formerNode: java.util.Iterator 
15031      ERROR Test worker     d.u.i.k.j.KeYJPMapping    Duplicate registration of node: Iterator, formerNode: java.util.Iterator 
15031      ERROR Test worker     d.u.i.k.j.KeYJPMapping    Duplicate registration of node: List, formerNode: java.util.List 
15031      ERROR Test worker     d.u.i.k.j.KeYJPMapping    Duplicate registration of node: List, formerNode: java.util.List 
15047      ERROR Test worker     d.u.i.k.j.KeYJPMapping    Duplicate registration of node: ListIterator, formerNode: java.util.ListIterator 
15047      ERROR Test worker     d.u.i.k.j.KeYJPMapping    Duplicate registration of node: ListIterator, formerNode: java.util.ListIterator 
15047      ERROR Test worker     d.u.i.k.j.KeYJPMapping    Duplicate registration of node: Long, formerNode: Long 
15047      ERROR Test worker     d.u.i.k.j.KeYJPMapping    Duplicate registration of node: Boolean, formerNode: Boolean 
15047      ERROR Test worker     d.u.i.k.j.KeYJPMapping    Duplicate registration of node: Map, formerNode: Map 
15047      ERROR Test worker     d.u.i.k.j.KeYJPMapping    Duplicate registration of node: Set, formerNode: java.util.Set 
15047      ERROR Test worker     d.u.i.k.j.KeYJPMapping    Duplicate registration of node: Set, formerNode: java.util.Set 
15062      ERROR Test worker     d.u.i.k.j.KeYJPMapping    Duplicate registration of node: FilterOutputStream, formerNode: FilterOutputStream 
15062      ERROR Test worker     d.u.i.k.j.KeYJPMapping    Duplicate registration of node: InputStream, formerNode: java.io.InputStream 
15062      ERROR Test worker     d.u.i.k.j.KeYJPMapping    Duplicate registration of node: InputStream, formerNode: java.io.InputStream 
15062      ERROR Test worker     d.u.i.k.j.KeYJPMapping    Duplicate registration of node: IOException, formerNode: IOException 
15062      ERROR Test worker     d.u.i.k.j.KeYJPMapping    Duplicate registration of node: OutputStream, formerNode: java.io.OutputStream 
15062      ERROR Test worker     d.u.i.k.j.KeYJPMapping    Duplicate registration of node: OutputStream, formerNode: java.io.OutputStream 
15062      ERROR Test worker     d.u.i.k.j.KeYJPMapping    Duplicate registration of node: PrintStream, formerNode: java.io.PrintStream 
15062      ERROR Test worker     d.u.i.k.j.KeYJPMapping    Duplicate registration of node: PrintStream, formerNode: java.io.PrintStream 
15062      ERROR Test worker     d.u.i.k.j.KeYJPMapping    Duplicate registration of node: Serializable, formerNode: Serializable 
15078      ERROR Test worker     d.u.i.k.j.KeYJPMapping    Duplicate registration of node: BigInteger, formerNode: java.math.BigInteger 
15078      ERROR Test worker     d.u.i.k.j.KeYJPMapping    Duplicate registration of node: BigInteger, formerNode: java.math.BigInteger 
15078      ERROR Test worker     d.u.i.k.j.KeYJPMapping    Duplicate registration of node: ArrayList, formerNode: ArrayList 
15078      ERROR Test worker     d.u.i.k.j.KeYJPMapping    Duplicate registration of node: byte[], formerNode: byte[] 
15094      ERROR Test worker     d.u.i.k.j.KeYJPMapping    Duplicate registration of node: Arrays, formerNode: Arrays 
15094      ERROR Test worker     d.u.i.k.j.KeYJPMapping    Duplicate registration of node: ListIteratorImpl, formerNode: ListIteratorImpl 
15094      ERROR Test worker     d.u.i.k.j.KeYJPMapping    Duplicate registration of node: Date, formerNode: Date 
15094      ERROR Test worker     d.u.i.k.j.KeYJPMapping    Duplicate registration of node: LinkedHashMap, formerNode: LinkedHashMap 
15109      ERROR Test worker     d.u.i.k.j.KeYJPMapping    Duplicate registration of node: /*@pure@*/
String, formerNode: /*@strictly_pure*/
java.lang.String 
15109      ERROR Test worker     d.u.i.k.j.KeYJPMapping    Duplicate registration of node: LinkedList, formerNode: LinkedList 
15109      ERROR Test worker     d.u.i.k.j.KeYJPMapping    Duplicate registration of node: A, formerNode: A 
15109      ERROR Test worker     d.u.i.k.j.KeYJPMapping    Duplicate registration of node: A1, formerNode: A1 
15109      ERROR Test worker     d.u.i.k.j.KeYJPMapping    Duplicate registration of node: IntegerMethods, formerNode: IntegerMethods 
15125      ERROR Test worker     d.u.i.k.j.KeYJPMapping    Duplicate registration of value: testTermParserHeap.A testTermParserHeap.A::next;, formerValue: testTermParserHeap.A testTermParserHeap.A::next; 
15125      ERROR Test worker     d.u.i.k.j.KeYJPMapping    Duplicate registration of value: testTermParserHeap.testTermParserHeap.A testTermParserHeap.A
  testTermParserHeap.A::next;, formerValue: testTermParserHeap.testTermParserHeap.A testTermParserHeap.A
  testTermParserHeap.A::next; 
15392      ERROR Test worker     d.u.i.k.j.KeYJPMapping    Duplicate registration of node: boolean, formerNode: /*@ pure @*/
boolean 
15401      ERROR Test worker     d.u.i.k.j.KeYJPMapping    Duplicate registration of node: Object, formerNode: java.lang.Object 
15401      ERROR Test worker     d.u.i.k.j.KeYJPMapping    Duplicate registration of node: Object, formerNode: java.lang.Object 
15403      ERROR Test worker     d.u.i.k.j.KeYJPMapping    Duplicate registration of node: Annotation, formerNode: Annotation 
15406      ERROR Test worker     d.u.i.k.j.KeYJPMapping    Duplicate registration of node: ArithmeticException, formerNode: ArithmeticException 
15409      ERROR Test worker     d.u.i.k.j.KeYJPMapping    Duplicate registration of node: ArrayIndexOutOfBoundsException, formerNode: ArrayIndexOutOfBoundsException 
15410      ERROR Test worker     d.u.i.k.j.KeYJPMapping    Duplicate registration of node: ArrayStoreException, formerNode: ArrayStoreException 
15413      ERROR Test worker     d.u.i.k.j.KeYJPMapping    Duplicate registration of node: AssertionError, formerNode: AssertionError 
15414      ERROR Test worker     d.u.i.k.j.KeYJPMapping    Duplicate registration of node: Character, formerNode: Character 
15415      ERROR Test worker     d.u.i.k.j.KeYJPMapping    Duplicate registration of node: Class, formerNode: java.lang.Class 
15415      ERROR Test worker     d.u.i.k.j.KeYJPMapping    Duplicate registration of node: Class, formerNode: java.lang.Class 
15416      ERROR Test worker     d.u.i.k.j.KeYJPMapping    Duplicate registration of node: ClassCastException, formerNode: ClassCastException 
15418      ERROR Test worker     d.u.i.k.j.KeYJPMapping    Duplicate registration of node: CloneNotSupportedException, formerNode: CloneNotSupportedException 
15419      ERROR Test worker     d.u.i.k.j.KeYJPMapping    Duplicate registration of node: Cloneable, formerNode: Cloneable 
15419      ERROR Test worker     d.u.i.k.j.KeYJPMapping    Duplicate registration of node: Comparable, formerNode: Comparable 
15420      ERROR Test worker     d.u.i.k.j.KeYJPMapping    Duplicate registration of node: Double, formerNode: Double 
15423      ERROR Test worker     d.u.i.k.j.KeYJPMapping    Duplicate registration of node: Enum, formerNode: java.lang.Enum 
15423      ERROR Test worker     d.u.i.k.j.KeYJPMapping    Duplicate registration of node: Enum, formerNode: java.lang.Enum 
15426      ERROR Test worker     d.u.i.k.j.KeYJPMapping    Duplicate registration of node: Error, formerNode: Error 
15427      ERROR Test worker     d.u.i.k.j.KeYJPMapping    Duplicate registration of node: Exception, formerNode: Exception 
15430      ERROR Test worker     d.u.i.k.j.KeYJPMapping    Duplicate registration of node: ExceptionInInitializerError, formerNode: java.lang.ExceptionInInitializerError 
15430      ERROR Test worker     d.u.i.k.j.KeYJPMapping    Duplicate registration of node: ExceptionInInitializerError, formerNode: java.lang.ExceptionInInitializerError 
15431      ERROR Test worker     d.u.i.k.j.KeYJPMapping    Duplicate registration of node: Float, formerNode: Float 
15432      ERROR Test worker     d.u.i.k.j.KeYJPMapping    Duplicate registration of node: IllegalArgumentException, formerNode: IllegalArgumentException 
15433      ERROR Test worker     d.u.i.k.j.KeYJPMapping    Duplicate registration of node: IndexOutOfBoundsException, formerNode: IndexOutOfBoundsException 
15450      ERROR Test worker     d.u.i.k.j.KeYJPMapping    Duplicate registration of node: Integer, formerNode: java.lang.Integer 
15451      ERROR Test worker     d.u.i.k.j.KeYJPMapping    Duplicate registration of node: Integer, formerNode: java.lang.Integer 
15452      ERROR Test worker     d.u.i.k.j.KeYJPMapping    Duplicate registration of node: InterruptedException, formerNode: InterruptedException 
15453      ERROR Test worker     d.u.i.k.j.KeYJPMapping    Duplicate registration of node: Iterable, formerNode: Iterable 
15454      ERROR Test worker     d.u.i.k.j.KeYJPMapping    Duplicate registration of node: LinkageError, formerNode: LinkageError 
15490      ERROR Test worker     d.u.i.k.j.KeYJPMapping    Duplicate registration of node: Math, formerNode: Math 
15491      ERROR Test worker     d.u.i.k.j.KeYJPMapping    Duplicate registration of node: NegativeArraySizeException, formerNode: NegativeArraySizeException 
15492      ERROR Test worker     d.u.i.k.j.KeYJPMapping    Duplicate registration of node: NoClassDefFoundError, formerNode: java.lang.NoClassDefFoundError 
15493      ERROR Test worker     d.u.i.k.j.KeYJPMapping    Duplicate registration of node: NoClassDefFoundError, formerNode: java.lang.NoClassDefFoundError 
15494      ERROR Test worker     d.u.i.k.j.KeYJPMapping    Duplicate registration of node: NullPointerException, formerNode: NullPointerException 
15495      ERROR Test worker     d.u.i.k.j.KeYJPMapping    Duplicate registration of node: Number, formerNode: Number 
15497      ERROR Test worker     d.u.i.k.j.KeYJPMapping    Duplicate registration of node: NumberFormatException, formerNode: NumberFormatException 
15498      ERROR Test worker     d.u.i.k.j.KeYJPMapping    Duplicate registration of node: VirtualMachineError, formerNode: VirtualMachineError 
15500      ERROR Test worker     d.u.i.k.j.KeYJPMapping    Duplicate registration of node: OutOfMemoryError, formerNode: OutOfMemoryError 
15501      ERROR Test worker     d.u.i.k.j.KeYJPMapping    Duplicate registration of node: Runnable, formerNode: Runnable 
15503      ERROR Test worker     d.u.i.k.j.KeYJPMapping    Duplicate registration of node: RuntimeException, formerNode: RuntimeException 
15503      ERROR Test worker     d.u.i.k.j.KeYJPMapping    Duplicate registration of node: /*@pure*/
int, formerNode: int 
15507      ERROR Test worker     d.u.i.k.j.KeYJPMapping    Duplicate registration of node: /*@ helper */
int, formerNode: int 
15507      ERROR Test worker     d.u.i.k.j.KeYJPMapping    Duplicate registration of node: /*@ helper */
boolean, formerNode: /*@ pure @*/
boolean 
15520      ERROR Test worker     d.u.i.k.j.KeYJPMapping    Duplicate registration of node: /*@ helper */
java.lang.String, formerNode: java.lang.String 
15533      ERROR Test worker     d.u.i.k.j.KeYJPMapping    Duplicate registration of node: String, formerNode: java.lang.String 
15554      ERROR Test worker     d.u.i.k.j.KeYJPMapping    Duplicate registration of node: String, formerNode: java.lang.String 
15557      ERROR Test worker     d.u.i.k.j.KeYJPMapping    Duplicate registration of node: char, formerNode: /*@ helper */
char 
15560      ERROR Test worker     d.u.i.k.j.KeYJPMapping    Duplicate registration of node: StringBuffer, formerNode: StringBuffer 
15565      ERROR Test worker     d.u.i.k.j.KeYJPMapping    Duplicate registration of node: System, formerNode: System 
15566      ERROR Test worker     d.u.i.k.j.KeYJPMapping    Duplicate registration of node: Thread, formerNode: Thread 
15570      ERROR Test worker     d.u.i.k.j.KeYJPMapping    Duplicate registration of node: Throwable, formerNode: java.lang.Throwable 
15571      ERROR Test worker     d.u.i.k.j.KeYJPMapping    Duplicate registration of node: Throwable, formerNode: java.lang.Throwable 
15578      ERROR Test worker     d.u.i.k.j.KeYJPMapping    Duplicate registration of node: Collection, formerNode: Collection 
15579      ERROR Test worker     d.u.i.k.j.KeYJPMapping    Duplicate registration of node: Iterator, formerNode: java.util.Iterator 
15580      ERROR Test worker     d.u.i.k.j.KeYJPMapping    Duplicate registration of node: Iterator, formerNode: java.util.Iterator 
15587      ERROR Test worker     d.u.i.k.j.KeYJPMapping    Duplicate registration of node: List, formerNode: java.util.List 
15588      ERROR Test worker     d.u.i.k.j.KeYJPMapping    Duplicate registration of node: List, formerNode: java.util.List 
15593      ERROR Test worker     d.u.i.k.j.KeYJPMapping    Duplicate registration of node: ListIterator, formerNode: java.util.ListIterator 
15594      ERROR Test worker     d.u.i.k.j.KeYJPMapping    Duplicate registration of node: ListIterator, formerNode: java.util.ListIterator 
15596      ERROR Test worker     d.u.i.k.j.KeYJPMapping    Duplicate registration of node: Long, formerNode: Long 
15597      ERROR Test worker     d.u.i.k.j.KeYJPMapping    Duplicate registration of node: Boolean, formerNode: Boolean 
15602      ERROR Test worker     d.u.i.k.j.KeYJPMapping    Duplicate registration of node: Map, formerNode: Map 
15607      ERROR Test worker     d.u.i.k.j.KeYJPMapping    Duplicate registration of node: Set, formerNode: java.util.Set 
15607      ERROR Test worker     d.u.i.k.j.KeYJPMapping    Duplicate registration of node: Set, formerNode: java.util.Set 
15610      ERROR Test worker     d.u.i.k.j.KeYJPMapping    Duplicate registration of node: FilterOutputStream, formerNode: FilterOutputStream 
15610      ERROR Test worker     d.u.i.k.j.KeYJPMapping    Duplicate registration of node: InputStream, formerNode: java.io.InputStream 
15611      ERROR Test worker     d.u.i.k.j.KeYJPMapping    Duplicate registration of node: InputStream, formerNode: java.io.InputStream 
15615      ERROR Test worker     d.u.i.k.j.KeYJPMapping    Duplicate registration of node: IOException, formerNode: IOException 
15616      ERROR Test worker     d.u.i.k.j.KeYJPMapping    Duplicate registration of node: OutputStream, formerNode: java.io.OutputStream 
15617      ERROR Test worker     d.u.i.k.j.KeYJPMapping    Duplicate registration of node: OutputStream, formerNode: java.io.OutputStream 
15623      ERROR Test worker     d.u.i.k.j.KeYJPMapping    Duplicate registration of node: PrintStream, formerNode: java.io.PrintStream 
15624      ERROR Test worker     d.u.i.k.j.KeYJPMapping    Duplicate registration of node: PrintStream, formerNode: java.io.PrintStream 
15625      ERROR Test worker     d.u.i.k.j.KeYJPMapping    Duplicate registration of node: Serializable, formerNode: Serializable 
15627      ERROR Test worker     d.u.i.k.j.KeYJPMapping    Duplicate registration of node: BigInteger, formerNode: java.math.BigInteger 
15630      ERROR Test worker     d.u.i.k.j.KeYJPMapping    Duplicate registration of node: BigInteger, formerNode: java.math.BigInteger 
15631      ERROR Test worker     d.u.i.k.j.KeYJPMapping    Duplicate registration of node: ArrayList, formerNode: ArrayList 
15666      ERROR Test worker     d.u.i.k.j.KeYJPMapping    Duplicate registration of node: byte[], formerNode: byte[] 
15684      ERROR Test worker     d.u.i.k.j.KeYJPMapping    Duplicate registration of node: Arrays, formerNode: Arrays 
15684      ERROR Test worker     d.u.i.k.j.KeYJPMapping    Duplicate registration of node: ListIteratorImpl, formerNode: ListIteratorImpl 
15684      ERROR Test worker     d.u.i.k.j.KeYJPMapping    Duplicate registration of node: Date, formerNode: Date 
15684      ERROR Test worker     d.u.i.k.j.KeYJPMapping    Duplicate registration of node: LinkedHashMap, formerNode: LinkedHashMap 
15684      ERROR Test worker     d.u.i.k.j.KeYJPMapping    Duplicate registration of node: /*@pure@*/
String, formerNode: /*@strictly_pure*/
java.lang.String 
15684      ERROR Test worker     d.u.i.k.j.KeYJPMapping    Duplicate registration of node: LinkedList, formerNode: LinkedList 
15699      ERROR Test worker     d.u.i.k.j.KeYJPMapping    Duplicate registration of node: A, formerNode: A 
15699      ERROR Test worker     d.u.i.k.j.KeYJPMapping    Duplicate registration of node: A1, formerNode: A1 
15699      ERROR Test worker     d.u.i.k.j.KeYJPMapping    Duplicate registration of node: IntegerMethods, formerNode: IntegerMethods 
15715      ERROR Test worker     d.u.i.k.j.KeYJPMapping    Duplicate registration of value: testTermParserHeap.A testTermParserHeap.A::next;, formerValue: testTermParserHeap.A testTermParserHeap.A::next; 
15715      ERROR Test worker     d.u.i.k.j.KeYJPMapping    Duplicate registration of value: testTermParserHeap.testTermParserHeap.A testTermParserHeap.A
  testTermParserHeap.A::next;, formerValue: testTermParserHeap.testTermParserHeap.A testTermParserHeap.A
  testTermParserHeap.A::next; 
15967      ERROR Test worker     d.u.i.k.j.KeYJPMapping    Duplicate registration of node: boolean, formerNode: /*@ pure @*/
boolean 
15983      ERROR Test worker     d.u.i.k.j.KeYJPMapping    Duplicate registration of node: Object, formerNode: java.lang.Object 
15983      ERROR Test worker     d.u.i.k.j.KeYJPMapping    Duplicate registration of node: Object, formerNode: java.lang.Object 
15983      ERROR Test worker     d.u.i.k.j.KeYJPMapping    Duplicate registration of node: Annotation, formerNode: Annotation 
15983      ERROR Test worker     d.u.i.k.j.KeYJPMapping    Duplicate registration of node: ArithmeticException, formerNode: ArithmeticException 
15983      ERROR Test worker     d.u.i.k.j.KeYJPMapping    Duplicate registration of node: ArrayIndexOutOfBoundsException, formerNode: ArrayIndexOutOfBoundsException 
15983      ERROR Test worker     d.u.i.k.j.KeYJPMapping    Duplicate registration of node: ArrayStoreException, formerNode: ArrayStoreException 
15983      ERROR Test worker     d.u.i.k.j.KeYJPMapping    Duplicate registration of node: AssertionError, formerNode: AssertionError 
15998      ERROR Test worker     d.u.i.k.j.KeYJPMapping    Duplicate registration of node: Character, formerNode: Character 
15998      ERROR Test worker     d.u.i.k.j.KeYJPMapping    Duplicate registration of node: Class, formerNode: java.lang.Class 
15998      ERROR Test worker     d.u.i.k.j.KeYJPMapping    Duplicate registration of node: Class, formerNode: java.lang.Class 
15998      ERROR Test worker     d.u.i.k.j.KeYJPMapping    Duplicate registration of node: ClassCastException, formerNode: ClassCastException 
15998      ERROR Test worker     d.u.i.k.j.KeYJPMapping    Duplicate registration of node: CloneNotSupportedException, formerNode: CloneNotSupportedException 
15998      ERROR Test worker     d.u.i.k.j.KeYJPMapping    Duplicate registration of node: Cloneable, formerNode: Cloneable 
15998      ERROR Test worker     d.u.i.k.j.KeYJPMapping    Duplicate registration of node: Comparable, formerNode: Comparable 
15998      ERROR Test worker     d.u.i.k.j.KeYJPMapping    Duplicate registration of node: Double, formerNode: Double 
15998      ERROR Test worker     d.u.i.k.j.KeYJPMapping    Duplicate registration of node: Enum, formerNode: java.lang.Enum 
15998      ERROR Test worker     d.u.i.k.j.KeYJPMapping    Duplicate registration of node: Enum, formerNode: java.lang.Enum 
15998      ERROR Test worker     d.u.i.k.j.KeYJPMapping    Duplicate registration of node: Error, formerNode: Error 
16014      ERROR Test worker     d.u.i.k.j.KeYJPMapping    Duplicate registration of node: Exception, formerNode: Exception 
16014      ERROR Test worker     d.u.i.k.j.KeYJPMapping    Duplicate registration of node: ExceptionInInitializerError, formerNode: java.lang.ExceptionInInitializerError 
16014      ERROR Test worker     d.u.i.k.j.KeYJPMapping    Duplicate registration of node: ExceptionInInitializerError, formerNode: java.lang.ExceptionInInitializerError 
16014      ERROR Test worker     d.u.i.k.j.KeYJPMapping    Duplicate registration of node: Float, formerNode: Float 
16014      ERROR Test worker     d.u.i.k.j.KeYJPMapping    Duplicate registration of node: IllegalArgumentException, formerNode: IllegalArgumentException 
16014      ERROR Test worker     d.u.i.k.j.KeYJPMapping    Duplicate registration of node: IndexOutOfBoundsException, formerNode: IndexOutOfBoundsException 
16033      ERROR Test worker     d.u.i.k.j.KeYJPMapping    Duplicate registration of node: Integer, formerNode: java.lang.Integer 
16033      ERROR Test worker     d.u.i.k.j.KeYJPMapping    Duplicate registration of node: Integer, formerNode: java.lang.Integer 
16033      ERROR Test worker     d.u.i.k.j.KeYJPMapping    Duplicate registration of node: InterruptedException, formerNode: InterruptedException 
16033      ERROR Test worker     d.u.i.k.j.KeYJPMapping    Duplicate registration of node: Iterable, formerNode: Iterable 
16046      ERROR Test worker     d.u.i.k.j.KeYJPMapping    Duplicate registration of node: LinkageError, formerNode: LinkageError 
16046      ERROR Test worker     d.u.i.k.j.KeYJPMapping    Duplicate registration of node: Math, formerNode: Math 
16046      ERROR Test worker     d.u.i.k.j.KeYJPMapping    Duplicate registration of node: NegativeArraySizeException, formerNode: NegativeArraySizeException 
16046      ERROR Test worker     d.u.i.k.j.KeYJPMapping    Duplicate registration of node: NoClassDefFoundError, formerNode: java.lang.NoClassDefFoundError 
16046      ERROR Test worker     d.u.i.k.j.KeYJPMapping    Duplicate registration of node: NoClassDefFoundError, formerNode: java.lang.NoClassDefFoundError 
16155      ERROR Test worker     d.u.i.k.j.KeYJPMapping    Duplicate registration of node: NullPointerException, formerNode: NullPointerException 
16155      ERROR Test worker     d.u.i.k.j.KeYJPMapping    Duplicate registration of node: Number, formerNode: Number 
16155      ERROR Test worker     d.u.i.k.j.KeYJPMapping    Duplicate registration of node: NumberFormatException, formerNode: NumberFormatException 
16155      ERROR Test worker     d.u.i.k.j.KeYJPMapping    Duplicate registration of node: VirtualMachineError, formerNode: VirtualMachineError 
16155      ERROR Test worker     d.u.i.k.j.KeYJPMapping    Duplicate registration of node: OutOfMemoryError, formerNode: OutOfMemoryError 
16171      ERROR Test worker     d.u.i.k.j.KeYJPMapping    Duplicate registration of node: Runnable, formerNode: Runnable 
16171      ERROR Test worker     d.u.i.k.j.KeYJPMapping    Duplicate registration of node: RuntimeException, formerNode: RuntimeException 
16171      ERROR Test worker     d.u.i.k.j.KeYJPMapping    Duplicate registration of node: /*@pure*/
int, formerNode: int 
16171      ERROR Test worker     d.u.i.k.j.KeYJPMapping    Duplicate registration of node: /*@ helper */
int, formerNode: int 
16171      ERROR Test worker     d.u.i.k.j.KeYJPMapping    Duplicate registration of node: /*@ helper */
boolean, formerNode: /*@ pure @*/
boolean 
16186      ERROR Test worker     d.u.i.k.j.KeYJPMapping    Duplicate registration of node: /*@ helper */
java.lang.String, formerNode: java.lang.String 
16186      ERROR Test worker     d.u.i.k.j.KeYJPMapping    Duplicate registration of node: String, formerNode: java.lang.String 
16202      ERROR Test worker     d.u.i.k.j.KeYJPMapping    Duplicate registration of node: String, formerNode: java.lang.String 
16202      ERROR Test worker     d.u.i.k.j.KeYJPMapping    Duplicate registration of node: char, formerNode: /*@ helper */
char 
16202      ERROR Test worker     d.u.i.k.j.KeYJPMapping    Duplicate registration of node: StringBuffer, formerNode: StringBuffer 
16217      ERROR Test worker     d.u.i.k.j.KeYJPMapping    Duplicate registration of node: System, formerNode: System 
16217      ERROR Test worker     d.u.i.k.j.KeYJPMapping    Duplicate registration of node: Thread, formerNode: Thread 
16217      ERROR Test worker     d.u.i.k.j.KeYJPMapping    Duplicate registration of node: Throwable, formerNode: java.lang.Throwable 
16217      ERROR Test worker     d.u.i.k.j.KeYJPMapping    Duplicate registration of node: Throwable, formerNode: java.lang.Throwable 
16217      ERROR Test worker     d.u.i.k.j.KeYJPMapping    Duplicate registration of node: Collection, formerNode: Collection 
16217      ERROR Test worker     d.u.i.k.j.KeYJPMapping    Duplicate registration of node: Iterator, formerNode: java.util.Iterator 
16217      ERROR Test worker     d.u.i.k.j.KeYJPMapping    Duplicate registration of node: Iterator, formerNode: java.util.Iterator 
16233      ERROR Test worker     d.u.i.k.j.KeYJPMapping    Duplicate registration of node: List, formerNode: java.util.List 
16233      ERROR Test worker     d.u.i.k.j.KeYJPMapping    Duplicate registration of node: List, formerNode: java.util.List 
16233      ERROR Test worker     d.u.i.k.j.KeYJPMapping    Duplicate registration of node: ListIterator, formerNode: java.util.ListIterator 
16233      ERROR Test worker     d.u.i.k.j.KeYJPMapping    Duplicate registration of node: ListIterator, formerNode: java.util.ListIterator 
16233      ERROR Test worker     d.u.i.k.j.KeYJPMapping    Duplicate registration of node: Long, formerNode: Long 
16233      ERROR Test worker     d.u.i.k.j.KeYJPMapping    Duplicate registration of node: Boolean, formerNode: Boolean 
16233      ERROR Test worker     d.u.i.k.j.KeYJPMapping    Duplicate registration of node: Map, formerNode: Map 
16249      ERROR Test worker     d.u.i.k.j.KeYJPMapping    Duplicate registration of node: Set, formerNode: java.util.Set 
16249      ERROR Test worker     d.u.i.k.j.KeYJPMapping    Duplicate registration of node: Set, formerNode: java.util.Set 
16249      ERROR Test worker     d.u.i.k.j.KeYJPMapping    Duplicate registration of node: FilterOutputStream, formerNode: FilterOutputStream 
16249      ERROR Test worker     d.u.i.k.j.KeYJPMapping    Duplicate registration of node: InputStream, formerNode: java.io.InputStream 
16249      ERROR Test worker     d.u.i.k.j.KeYJPMapping    Duplicate registration of node: InputStream, formerNode: java.io.InputStream 
16249      ERROR Test worker     d.u.i.k.j.KeYJPMapping    Duplicate registration of node: IOException, formerNode: IOException 
16249      ERROR Test worker     d.u.i.k.j.KeYJPMapping    Duplicate registration of node: OutputStream, formerNode: java.io.OutputStream 
16249      ERROR Test worker     d.u.i.k.j.KeYJPMapping    Duplicate registration of node: OutputStream, formerNode: java.io.OutputStream 
16249      ERROR Test worker     d.u.i.k.j.KeYJPMapping    Duplicate registration of node: PrintStream, formerNode: java.io.PrintStream 
16249      ERROR Test worker     d.u.i.k.j.KeYJPMapping    Duplicate registration of node: PrintStream, formerNode: java.io.PrintStream 
16249      ERROR Test worker     d.u.i.k.j.KeYJPMapping    Duplicate registration of node: Serializable, formerNode: Serializable 
16249      ERROR Test worker     d.u.i.k.j.KeYJPMapping    Duplicate registration of node: BigInteger, formerNode: java.math.BigInteger 
16249      ERROR Test worker     d.u.i.k.j.KeYJPMapping    Duplicate registration of node: BigInteger, formerNode: java.math.BigInteger 
16249      ERROR Test worker     d.u.i.k.j.KeYJPMapping    Duplicate registration of node: ArrayList, formerNode: ArrayList 
16264      ERROR Test worker     d.u.i.k.j.KeYJPMapping    Duplicate registration of node: byte[], formerNode: byte[] 
16280      ERROR Test worker     d.u.i.k.j.KeYJPMapping    Duplicate registration of node: Arrays, formerNode: Arrays 
16280      ERROR Test worker     d.u.i.k.j.KeYJPMapping    Duplicate registration of node: ListIteratorImpl, formerNode: ListIteratorImpl 
16280      ERROR Test worker     d.u.i.k.j.KeYJPMapping    Duplicate registration of node: Date, formerNode: Date 
16280      ERROR Test worker     d.u.i.k.j.KeYJPMapping    Duplicate registration of node: LinkedHashMap, formerNode: LinkedHashMap 
16280      ERROR Test worker     d.u.i.k.j.KeYJPMapping    Duplicate registration of node: /*@pure@*/
String, formerNode: /*@strictly_pure*/
java.lang.String 
16280      ERROR Test worker     d.u.i.k.j.KeYJPMapping    Duplicate registration of node: LinkedList, formerNode: LinkedList 
16280      ERROR Test worker     d.u.i.k.j.KeYJPMapping    Duplicate registration of node: A, formerNode: A 
16296      ERROR Test worker     d.u.i.k.j.KeYJPMapping    Duplicate registration of node: A1, formerNode: A1 
16296      ERROR Test worker     d.u.i.k.j.KeYJPMapping    Duplicate registration of node: IntegerMethods, formerNode: IntegerMethods 
16296      ERROR Test worker     d.u.i.k.j.KeYJPMapping    Duplicate registration of value: testTermParserHeap.A testTermParserHeap.A::next;, formerValue: testTermParserHeap.A testTermParserHeap.A::next; 
16296      ERROR Test worker     d.u.i.k.j.KeYJPMapping    Duplicate registration of value: testTermParserHeap.testTermParserHeap.A testTermParserHeap.A
  testTermParserHeap.A::next;, formerValue: testTermParserHeap.testTermParserHeap.A testTermParserHeap.A
  testTermParserHeap.A::next; 
16584      ERROR Test worker     d.u.i.k.j.KeYJPMapping    Duplicate registration of node: boolean, formerNode: /*@ pure @*/
boolean 
16584      ERROR Test worker     d.u.i.k.j.KeYJPMapping    Duplicate registration of node: Object, formerNode: java.lang.Object 
16584      ERROR Test worker     d.u.i.k.j.KeYJPMapping    Duplicate registration of node: Object, formerNode: java.lang.Object 
16584      ERROR Test worker     d.u.i.k.j.KeYJPMapping    Duplicate registration of node: Annotation, formerNode: Annotation 
16584      ERROR Test worker     d.u.i.k.j.KeYJPMapping    Duplicate registration of node: ArithmeticException, formerNode: ArithmeticException 
16584      ERROR Test worker     d.u.i.k.j.KeYJPMapping    Duplicate registration of node: ArrayIndexOutOfBoundsException, formerNode: ArrayIndexOutOfBoundsException 
16584      ERROR Test worker     d.u.i.k.j.KeYJPMapping    Duplicate registration of node: ArrayStoreException, formerNode: ArrayStoreException 
16600      ERROR Test worker     d.u.i.k.j.KeYJPMapping    Duplicate registration of node: AssertionError, formerNode: AssertionError 
16600      ERROR Test worker     d.u.i.k.j.KeYJPMapping    Duplicate registration of node: Character, formerNode: Character 
16600      ERROR Test worker     d.u.i.k.j.KeYJPMapping    Duplicate registration of node: Class, formerNode: java.lang.Class 
16600      ERROR Test worker     d.u.i.k.j.KeYJPMapping    Duplicate registration of node: Class, formerNode: java.lang.Class 
16600      ERROR Test worker     d.u.i.k.j.KeYJPMapping    Duplicate registration of node: ClassCastException, formerNode: ClassCastException 
16600      ERROR Test worker     d.u.i.k.j.KeYJPMapping    Duplicate registration of node: CloneNotSupportedException, formerNode: CloneNotSupportedException 
16600      ERROR Test worker     d.u.i.k.j.KeYJPMapping    Duplicate registration of node: Cloneable, formerNode: Cloneable 
16600      ERROR Test worker     d.u.i.k.j.KeYJPMapping    Duplicate registration of node: Comparable, formerNode: Comparable 
16600      ERROR Test worker     d.u.i.k.j.KeYJPMapping    Duplicate registration of node: Double, formerNode: Double 
16600      ERROR Test worker     d.u.i.k.j.KeYJPMapping    Duplicate registration of node: Enum, formerNode: java.lang.Enum 
16600      ERROR Test worker     d.u.i.k.j.KeYJPMapping    Duplicate registration of node: Enum, formerNode: java.lang.Enum 
16600      ERROR Test worker     d.u.i.k.j.KeYJPMapping    Duplicate registration of node: Error, formerNode: Error 
16600      ERROR Test worker     d.u.i.k.j.KeYJPMapping    Duplicate registration of node: Exception, formerNode: Exception 
16600      ERROR Test worker     d.u.i.k.j.KeYJPMapping    Duplicate registration of node: ExceptionInInitializerError, formerNode: java.lang.ExceptionInInitializerError 
16600      ERROR Test worker     d.u.i.k.j.KeYJPMapping    Duplicate registration of node: ExceptionInInitializerError, formerNode: java.lang.ExceptionInInitializerError 
16615      ERROR Test worker     d.u.i.k.j.KeYJPMapping    Duplicate registration of node: Float, formerNode: Float 
16615      ERROR Test worker     d.u.i.k.j.KeYJPMapping    Duplicate registration of node: IllegalArgumentException, formerNode: IllegalArgumentException 
16615      ERROR Test worker     d.u.i.k.j.KeYJPMapping    Duplicate registration of node: IndexOutOfBoundsException, formerNode: IndexOutOfBoundsException 
16615      ERROR Test worker     d.u.i.k.j.KeYJPMapping    Duplicate registration of node: Integer, formerNode: java.lang.Integer 
16631      ERROR Test worker     d.u.i.k.j.KeYJPMapping    Duplicate registration of node: Integer, formerNode: java.lang.Integer 
16631      ERROR Test worker     d.u.i.k.j.KeYJPMapping    Duplicate registration of node: InterruptedException, formerNode: InterruptedException 
16631      ERROR Test worker     d.u.i.k.j.KeYJPMapping    Duplicate registration of node: Iterable, formerNode: Iterable 
16631      ERROR Test worker     d.u.i.k.j.KeYJPMapping    Duplicate registration of node: LinkageError, formerNode: LinkageError 
16631      ERROR Test worker     d.u.i.k.j.KeYJPMapping    Duplicate registration of node: Math, formerNode: Math 
16631      ERROR Test worker     d.u.i.k.j.KeYJPMapping    Duplicate registration of node: NegativeArraySizeException, formerNode: NegativeArraySizeException 
16647      ERROR Test worker     d.u.i.k.j.KeYJPMapping    Duplicate registration of node: NoClassDefFoundError, formerNode: java.lang.NoClassDefFoundError 
16647      ERROR Test worker     d.u.i.k.j.KeYJPMapping    Duplicate registration of node: NoClassDefFoundError, formerNode: java.lang.NoClassDefFoundError 
16647      ERROR Test worker     d.u.i.k.j.KeYJPMapping    Duplicate registration of node: NullPointerException, formerNode: NullPointerException 
16650      ERROR Test worker     d.u.i.k.j.KeYJPMapping    Duplicate registration of node: Number, formerNode: Number 
16651      ERROR Test worker     d.u.i.k.j.KeYJPMapping    Duplicate registration of node: NumberFormatException, formerNode: NumberFormatException 
16652      ERROR Test worker     d.u.i.k.j.KeYJPMapping    Duplicate registration of node: VirtualMachineError, formerNode: VirtualMachineError 
16653      ERROR Test worker     d.u.i.k.j.KeYJPMapping    Duplicate registration of node: OutOfMemoryError, formerNode: OutOfMemoryError 
16654      ERROR Test worker     d.u.i.k.j.KeYJPMapping    Duplicate registration of node: Runnable, formerNode: Runnable 
16656      ERROR Test worker     d.u.i.k.j.KeYJPMapping    Duplicate registration of node: RuntimeException, formerNode: RuntimeException 
16656      ERROR Test worker     d.u.i.k.j.KeYJPMapping    Duplicate registration of node: /*@pure*/
int, formerNode: int 
16659      ERROR Test worker     d.u.i.k.j.KeYJPMapping    Duplicate registration of node: /*@ helper */
int, formerNode: int 
16659      ERROR Test worker     d.u.i.k.j.KeYJPMapping    Duplicate registration of node: /*@ helper */
boolean, formerNode: /*@ pure @*/
boolean 
16667      ERROR Test worker     d.u.i.k.j.KeYJPMapping    Duplicate registration of node: /*@ helper */
java.lang.String, formerNode: java.lang.String 
16675      ERROR Test worker     d.u.i.k.j.KeYJPMapping    Duplicate registration of node: String, formerNode: java.lang.String 
16689      ERROR Test worker     d.u.i.k.j.KeYJPMapping    Duplicate registration of node: String, formerNode: java.lang.String 
16691      ERROR Test worker     d.u.i.k.j.KeYJPMapping    Duplicate registration of node: char, formerNode: /*@ helper */
char 
16692      ERROR Test worker     d.u.i.k.j.KeYJPMapping    Duplicate registration of node: StringBuffer, formerNode: StringBuffer 
16695      ERROR Test worker     d.u.i.k.j.KeYJPMapping    Duplicate registration of node: System, formerNode: System 
16696      ERROR Test worker     d.u.i.k.j.KeYJPMapping    Duplicate registration of node: Thread, formerNode: Thread 
16699      ERROR Test worker     d.u.i.k.j.KeYJPMapping    Duplicate registration of node: Throwable, formerNode: java.lang.Throwable 
16699      ERROR Test worker     d.u.i.k.j.KeYJPMapping    Duplicate registration of node: Throwable, formerNode: java.lang.Throwable 
16704      ERROR Test worker     d.u.i.k.j.KeYJPMapping    Duplicate registration of node: Collection, formerNode: Collection 
16705      ERROR Test worker     d.u.i.k.j.KeYJPMapping    Duplicate registration of node: Iterator, formerNode: java.util.Iterator 
16705      ERROR Test worker     d.u.i.k.j.KeYJPMapping    Duplicate registration of node: Iterator, formerNode: java.util.Iterator 
16710      ERROR Test worker     d.u.i.k.j.KeYJPMapping    Duplicate registration of node: List, formerNode: java.util.List 
16710      ERROR Test worker     d.u.i.k.j.KeYJPMapping    Duplicate registration of node: List, formerNode: java.util.List 
16712      ERROR Test worker     d.u.i.k.j.KeYJPMapping    Duplicate registration of node: ListIterator, formerNode: java.util.ListIterator 
16713      ERROR Test worker     d.u.i.k.j.KeYJPMapping    Duplicate registration of node: ListIterator, formerNode: java.util.ListIterator 
16714      ERROR Test worker     d.u.i.k.j.KeYJPMapping    Duplicate registration of node: Long, formerNode: Long 
16715      ERROR Test worker     d.u.i.k.j.KeYJPMapping    Duplicate registration of node: Boolean, formerNode: Boolean 
16722      ERROR Test worker     d.u.i.k.j.KeYJPMapping    Duplicate registration of node: Map, formerNode: Map 
16722      ERROR Test worker     d.u.i.k.j.KeYJPMapping    Duplicate registration of node: Set, formerNode: java.util.Set 
16722      ERROR Test worker     d.u.i.k.j.KeYJPMapping    Duplicate registration of node: Set, formerNode: java.util.Set 
16722      ERROR Test worker     d.u.i.k.j.KeYJPMapping    Duplicate registration of node: FilterOutputStream, formerNode: FilterOutputStream 
16722      ERROR Test worker     d.u.i.k.j.KeYJPMapping    Duplicate registration of node: InputStream, formerNode: java.io.InputStream 
16722      ERROR Test worker     d.u.i.k.j.KeYJPMapping    Duplicate registration of node: InputStream, formerNode: java.io.InputStream 
16722      ERROR Test worker     d.u.i.k.j.KeYJPMapping    Duplicate registration of node: IOException, formerNode: IOException 
16722      ERROR Test worker     d.u.i.k.j.KeYJPMapping    Duplicate registration of node: OutputStream, formerNode: java.io.OutputStream 
16722      ERROR Test worker     d.u.i.k.j.KeYJPMapping    Duplicate registration of node: OutputStream, formerNode: java.io.OutputStream 
16737      ERROR Test worker     d.u.i.k.j.KeYJPMapping    Duplicate registration of node: PrintStream, formerNode: java.io.PrintStream 
16737      ERROR Test worker     d.u.i.k.j.KeYJPMapping    Duplicate registration of node: PrintStream, formerNode: java.io.PrintStream 
16737      ERROR Test worker     d.u.i.k.j.KeYJPMapping    Duplicate registration of node: Serializable, formerNode: Serializable 
16737      ERROR Test worker     d.u.i.k.j.KeYJPMapping    Duplicate registration of node: BigInteger, formerNode: java.math.BigInteger 
16737      ERROR Test worker     d.u.i.k.j.KeYJPMapping    Duplicate registration of node: BigInteger, formerNode: java.math.BigInteger 
16737      ERROR Test worker     d.u.i.k.j.KeYJPMapping    Duplicate registration of node: ArrayList, formerNode: ArrayList 
16737      ERROR Test worker     d.u.i.k.j.KeYJPMapping    Duplicate registration of node: byte[], formerNode: byte[] 
16753      ERROR Test worker     d.u.i.k.j.KeYJPMapping    Duplicate registration of node: Arrays, formerNode: Arrays 
16753      ERROR Test worker     d.u.i.k.j.KeYJPMapping    Duplicate registration of node: ListIteratorImpl, formerNode: ListIteratorImpl 
16753      ERROR Test worker     d.u.i.k.j.KeYJPMapping    Duplicate registration of node: Date, formerNode: Date 
16753      ERROR Test worker     d.u.i.k.j.KeYJPMapping    Duplicate registration of node: LinkedHashMap, formerNode: LinkedHashMap 
16753      ERROR Test worker     d.u.i.k.j.KeYJPMapping    Duplicate registration of node: /*@pure@*/
String, formerNode: /*@strictly_pure*/
java.lang.String 
16753      ERROR Test worker     d.u.i.k.j.KeYJPMapping    Duplicate registration of node: LinkedList, formerNode: LinkedList 
16753      ERROR Test worker     d.u.i.k.j.KeYJPMapping    Duplicate registration of node: A, formerNode: A 
16769      ERROR Test worker     d.u.i.k.j.KeYJPMapping    Duplicate registration of node: A1, formerNode: A1 
16769      ERROR Test worker     d.u.i.k.j.KeYJPMapping    Duplicate registration of node: IntegerMethods, formerNode: IntegerMethods 
16769      ERROR Test worker     d.u.i.k.j.KeYJPMapping    Duplicate registration of value: testTermParserHeap.A testTermParserHeap.A::next;, formerValue: testTermParserHeap.A testTermParserHeap.A::next; 
16769      ERROR Test worker     d.u.i.k.j.KeYJPMapping    Duplicate registration of value: testTermParserHeap.testTermParserHeap.A testTermParserHeap.A
  testTermParserHeap.A::next;, formerValue: testTermParserHeap.testTermParserHeap.A testTermParserHeap.A
  testTermParserHeap.A::next; 
17019      ERROR Test worker     d.u.i.k.j.KeYJPMapping    Duplicate registration of node: boolean, formerNode: /*@ pure @*/
boolean 
17019      ERROR Test worker     d.u.i.k.j.KeYJPMapping    Duplicate registration of node: Object, formerNode: java.lang.Object 
17019      ERROR Test worker     d.u.i.k.j.KeYJPMapping    Duplicate registration of node: Object, formerNode: java.lang.Object 
17019      ERROR Test worker     d.u.i.k.j.KeYJPMapping    Duplicate registration of node: Annotation, formerNode: Annotation 
17019      ERROR Test worker     d.u.i.k.j.KeYJPMapping    Duplicate registration of node: ArithmeticException, formerNode: ArithmeticException 
17019      ERROR Test worker     d.u.i.k.j.KeYJPMapping    Duplicate registration of node: ArrayIndexOutOfBoundsException, formerNode: ArrayIndexOutOfBoundsException 
17019      ERROR Test worker     d.u.i.k.j.KeYJPMapping    Duplicate registration of node: ArrayStoreException, formerNode: ArrayStoreException 
17019      ERROR Test worker     d.u.i.k.j.KeYJPMapping    Duplicate registration of node: AssertionError, formerNode: AssertionError 
17034      ERROR Test worker     d.u.i.k.j.KeYJPMapping    Duplicate registration of node: Character, formerNode: Character 
17034      ERROR Test worker     d.u.i.k.j.KeYJPMapping    Duplicate registration of node: Class, formerNode: java.lang.Class 
17034      ERROR Test worker     d.u.i.k.j.KeYJPMapping    Duplicate registration of node: Class, formerNode: java.lang.Class 
17034      ERROR Test worker     d.u.i.k.j.KeYJPMapping    Duplicate registration of node: ClassCastException, formerNode: ClassCastException 
17034      ERROR Test worker     d.u.i.k.j.KeYJPMapping    Duplicate registration of node: CloneNotSupportedException, formerNode: CloneNotSupportedException 
17034      ERROR Test worker     d.u.i.k.j.KeYJPMapping    Duplicate registration of node: Cloneable, formerNode: Cloneable 
17034      ERROR Test worker     d.u.i.k.j.KeYJPMapping    Duplicate registration of node: Comparable, formerNode: Comparable 
17034      ERROR Test worker     d.u.i.k.j.KeYJPMapping    Duplicate registration of node: Double, formerNode: Double 
17034      ERROR Test worker     d.u.i.k.j.KeYJPMapping    Duplicate registration of node: Enum, formerNode: java.lang.Enum 
17034      ERROR Test worker     d.u.i.k.j.KeYJPMapping    Duplicate registration of node: Enum, formerNode: java.lang.Enum 
17034      ERROR Test worker     d.u.i.k.j.KeYJPMapping    Duplicate registration of node: Error, formerNode: Error 
17034      ERROR Test worker     d.u.i.k.j.KeYJPMapping    Duplicate registration of node: Exception, formerNode: Exception 
17034      ERROR Test worker     d.u.i.k.j.KeYJPMapping    Duplicate registration of node: ExceptionInInitializerError, formerNode: java.lang.ExceptionInInitializerError 
17034      ERROR Test worker     d.u.i.k.j.KeYJPMapping    Duplicate registration of node: ExceptionInInitializerError, formerNode: java.lang.ExceptionInInitializerError 
17050      ERROR Test worker     d.u.i.k.j.KeYJPMapping    Duplicate registration of node: Float, formerNode: Float 
17050      ERROR Test worker     d.u.i.k.j.KeYJPMapping    Duplicate registration of node: IllegalArgumentException, formerNode: IllegalArgumentException 
17050      ERROR Test worker     d.u.i.k.j.KeYJPMapping    Duplicate registration of node: IndexOutOfBoundsException, formerNode: IndexOutOfBoundsException 
17065      ERROR Test worker     d.u.i.k.j.KeYJPMapping    Duplicate registration of node: Integer, formerNode: java.lang.Integer 
17065      ERROR Test worker     d.u.i.k.j.KeYJPMapping    Duplicate registration of node: Integer, formerNode: java.lang.Integer 
17065      ERROR Test worker     d.u.i.k.j.KeYJPMapping    Duplicate registration of node: InterruptedException, formerNode: InterruptedException 
17065      ERROR Test worker     d.u.i.k.j.KeYJPMapping    Duplicate registration of node: Iterable, formerNode: Iterable 
17065      ERROR Test worker     d.u.i.k.j.KeYJPMapping    Duplicate registration of node: LinkageError, formerNode: LinkageError 
17065      ERROR Test worker     d.u.i.k.j.KeYJPMapping    Duplicate registration of node: Math, formerNode: Math 
17065      ERROR Test worker     d.u.i.k.j.KeYJPMapping    Duplicate registration of node: NegativeArraySizeException, formerNode: NegativeArraySizeException 
17065      ERROR Test worker     d.u.i.k.j.KeYJPMapping    Duplicate registration of node: NoClassDefFoundError, formerNode: java.lang.NoClassDefFoundError 
17065      ERROR Test worker     d.u.i.k.j.KeYJPMapping    Duplicate registration of node: NoClassDefFoundError, formerNode: java.lang.NoClassDefFoundError 
17081      ERROR Test worker     d.u.i.k.j.KeYJPMapping    Duplicate registration of node: NullPointerException, formerNode: NullPointerException 
17081      ERROR Test worker     d.u.i.k.j.KeYJPMapping    Duplicate registration of node: Number, formerNode: Number 
17081      ERROR Test worker     d.u.i.k.j.KeYJPMapping    Duplicate registration of node: NumberFormatException, formerNode: NumberFormatException 
17081      ERROR Test worker     d.u.i.k.j.KeYJPMapping    Duplicate registration of node: VirtualMachineError, formerNode: VirtualMachineError 
17081      ERROR Test worker     d.u.i.k.j.KeYJPMapping    Duplicate registration of node: OutOfMemoryError, formerNode: OutOfMemoryError 
17081      ERROR Test worker     d.u.i.k.j.KeYJPMapping    Duplicate registration of node: Runnable, formerNode: Runnable 
17081      ERROR Test worker     d.u.i.k.j.KeYJPMapping    Duplicate registration of node: RuntimeException, formerNode: RuntimeException 
17081      ERROR Test worker     d.u.i.k.j.KeYJPMapping    Duplicate registration of node: /*@pure*/
int, formerNode: int 
17081      ERROR Test worker     d.u.i.k.j.KeYJPMapping    Duplicate registration of node: /*@ helper */
int, formerNode: int 
17081      ERROR Test worker     d.u.i.k.j.KeYJPMapping    Duplicate registration of node: /*@ helper */
boolean, formerNode: /*@ pure @*/
boolean 
17097      ERROR Test worker     d.u.i.k.j.KeYJPMapping    Duplicate registration of node: /*@ helper */
java.lang.String, formerNode: java.lang.String 
17097      ERROR Test worker     d.u.i.k.j.KeYJPMapping    Duplicate registration of node: String, formerNode: java.lang.String 
17112      ERROR Test worker     d.u.i.k.j.KeYJPMapping    Duplicate registration of node: String, formerNode: java.lang.String 
17112      ERROR Test worker     d.u.i.k.j.KeYJPMapping    Duplicate registration of node: char, formerNode: /*@ helper */
char 
17128      ERROR Test worker     d.u.i.k.j.KeYJPMapping    Duplicate registration of node: StringBuffer, formerNode: StringBuffer 
17128      ERROR Test worker     d.u.i.k.j.KeYJPMapping    Duplicate registration of node: System, formerNode: System 
17128      ERROR Test worker     d.u.i.k.j.KeYJPMapping    Duplicate registration of node: Thread, formerNode: Thread 
17128      ERROR Test worker     d.u.i.k.j.KeYJPMapping    Duplicate registration of node: Throwable, formerNode: java.lang.Throwable 
17128      ERROR Test worker     d.u.i.k.j.KeYJPMapping    Duplicate registration of node: Throwable, formerNode: java.lang.Throwable 
17128      ERROR Test worker     d.u.i.k.j.KeYJPMapping    Duplicate registration of node: Collection, formerNode: Collection 
17128      ERROR Test worker     d.u.i.k.j.KeYJPMapping    Duplicate registration of node: Iterator, formerNode: java.util.Iterator 
17128      ERROR Test worker     d.u.i.k.j.KeYJPMapping    Duplicate registration of node: Iterator, formerNode: java.util.Iterator 
17144      ERROR Test worker     d.u.i.k.j.KeYJPMapping    Duplicate registration of node: List, formerNode: java.util.List 
17144      ERROR Test worker     d.u.i.k.j.KeYJPMapping    Duplicate registration of node: List, formerNode: java.util.List 
17144      ERROR Test worker     d.u.i.k.j.KeYJPMapping    Duplicate registration of node: ListIterator, formerNode: java.util.ListIterator 
17144      ERROR Test worker     d.u.i.k.j.KeYJPMapping    Duplicate registration of node: ListIterator, formerNode: java.util.ListIterator 
17159      ERROR Test worker     d.u.i.k.j.KeYJPMapping    Duplicate registration of node: Long, formerNode: Long 
17159      ERROR Test worker     d.u.i.k.j.KeYJPMapping    Duplicate registration of node: Boolean, formerNode: Boolean 
17159      ERROR Test worker     d.u.i.k.j.KeYJPMapping    Duplicate registration of node: Map, formerNode: Map 
17171      ERROR Test worker     d.u.i.k.j.KeYJPMapping    Duplicate registration of node: Set, formerNode: java.util.Set 
17171      ERROR Test worker     d.u.i.k.j.KeYJPMapping    Duplicate registration of node: Set, formerNode: java.util.Set 
17171      ERROR Test worker     d.u.i.k.j.KeYJPMapping    Duplicate registration of node: FilterOutputStream, formerNode: FilterOutputStream 
17171      ERROR Test worker     d.u.i.k.j.KeYJPMapping    Duplicate registration of node: InputStream, formerNode: java.io.InputStream 
17175      ERROR Test worker     d.u.i.k.j.KeYJPMapping    Duplicate registration of node: InputStream, formerNode: java.io.InputStream 
17175      ERROR Test worker     d.u.i.k.j.KeYJPMapping    Duplicate registration of node: IOException, formerNode: IOException 
17175      ERROR Test worker     d.u.i.k.j.KeYJPMapping    Duplicate registration of node: OutputStream, formerNode: java.io.OutputStream 
17175      ERROR Test worker     d.u.i.k.j.KeYJPMapping    Duplicate registration of node: OutputStream, formerNode: java.io.OutputStream 
17175      ERROR Test worker     d.u.i.k.j.KeYJPMapping    Duplicate registration of node: PrintStream, formerNode: java.io.PrintStream 
17175      ERROR Test worker     d.u.i.k.j.KeYJPMapping    Duplicate registration of node: PrintStream, formerNode: java.io.PrintStream 
17175      ERROR Test worker     d.u.i.k.j.KeYJPMapping    Duplicate registration of node: Serializable, formerNode: Serializable 
17175      ERROR Test worker     d.u.i.k.j.KeYJPMapping    Duplicate registration of node: BigInteger, formerNode: java.math.BigInteger 
17175      ERROR Test worker     d.u.i.k.j.KeYJPMapping    Duplicate registration of node: BigInteger, formerNode: java.math.BigInteger 
17175      ERROR Test worker     d.u.i.k.j.KeYJPMapping    Duplicate registration of node: ArrayList, formerNode: ArrayList 
17191      ERROR Test worker     d.u.i.k.j.KeYJPMapping    Duplicate registration of node: byte[], formerNode: byte[] 
17206      ERROR Test worker     d.u.i.k.j.KeYJPMapping    Duplicate registration of node: Arrays, formerNode: Arrays 
17206      ERROR Test worker     d.u.i.k.j.KeYJPMapping    Duplicate registration of node: ListIteratorImpl, formerNode: ListIteratorImpl 
17206      ERROR Test worker     d.u.i.k.j.KeYJPMapping    Duplicate registration of node: Date, formerNode: Date 
17222      ERROR Test worker     d.u.i.k.j.KeYJPMapping    Duplicate registration of node: LinkedHashMap, formerNode: LinkedHashMap 
17222      ERROR Test worker     d.u.i.k.j.KeYJPMapping    Duplicate registration of node: /*@pure@*/
String, formerNode: /*@strictly_pure*/
java.lang.String 
17238      ERROR Test worker     d.u.i.k.j.KeYJPMapping    Duplicate registration of node: LinkedList, formerNode: LinkedList 
17238      ERROR Test worker     d.u.i.k.j.KeYJPMapping    Duplicate registration of node: A, formerNode: A 
17269      ERROR Test worker     d.u.i.k.j.KeYJPMapping    Duplicate registration of node: A1, formerNode: A1 
17269      ERROR Test worker     d.u.i.k.j.KeYJPMapping    Duplicate registration of node: IntegerMethods, formerNode: IntegerMethods 
17269      ERROR Test worker     d.u.i.k.j.KeYJPMapping    Duplicate registration of value: testTermParserHeap.A testTermParserHeap.A::next;, formerValue: testTermParserHeap.A testTermParserHeap.A::next; 
17269      ERROR Test worker     d.u.i.k.j.KeYJPMapping    Duplicate registration of value: testTermParserHeap.testTermParserHeap.A testTermParserHeap.A
  testTermParserHeap.A::next;, formerValue: testTermParserHeap.testTermParserHeap.A testTermParserHeap.A
  testTermParserHeap.A::next; 
17566      ERROR Test worker     d.u.i.k.j.KeYJPMapping    Duplicate registration of node: boolean, formerNode: /*@ pure @*/
boolean 
17566      ERROR Test worker     d.u.i.k.j.KeYJPMapping    Duplicate registration of node: Object, formerNode: java.lang.Object 
17566      ERROR Test worker     d.u.i.k.j.KeYJPMapping    Duplicate registration of node: Object, formerNode: java.lang.Object 
17566      ERROR Test worker     d.u.i.k.j.KeYJPMapping    Duplicate registration of node: Annotation, formerNode: Annotation 
17582      ERROR Test worker     d.u.i.k.j.KeYJPMapping    Duplicate registration of node: ArithmeticException, formerNode: ArithmeticException 
17582      ERROR Test worker     d.u.i.k.j.KeYJPMapping    Duplicate registration of node: ArrayIndexOutOfBoundsException, formerNode: ArrayIndexOutOfBoundsException 
17582      ERROR Test worker     d.u.i.k.j.KeYJPMapping    Duplicate registration of node: ArrayStoreException, formerNode: ArrayStoreException 
17582      ERROR Test worker     d.u.i.k.j.KeYJPMapping    Duplicate registration of node: AssertionError, formerNode: AssertionError 
17582      ERROR Test worker     d.u.i.k.j.KeYJPMapping    Duplicate registration of node: Character, formerNode: Character 
17582      ERROR Test worker     d.u.i.k.j.KeYJPMapping    Duplicate registration of node: Class, formerNode: java.lang.Class 
17582      ERROR Test worker     d.u.i.k.j.KeYJPMapping    Duplicate registration of node: Class, formerNode: java.lang.Class 
17582      ERROR Test worker     d.u.i.k.j.KeYJPMapping    Duplicate registration of node: ClassCastException, formerNode: ClassCastException 
17582      ERROR Test worker     d.u.i.k.j.KeYJPMapping    Duplicate registration of node: CloneNotSupportedException, formerNode: CloneNotSupportedException 
17582      ERROR Test worker     d.u.i.k.j.KeYJPMapping    Duplicate registration of node: Cloneable, formerNode: Cloneable 
17582      ERROR Test worker     d.u.i.k.j.KeYJPMapping    Duplicate registration of node: Comparable, formerNode: Comparable 
17582      ERROR Test worker     d.u.i.k.j.KeYJPMapping    Duplicate registration of node: Double, formerNode: Double 
17582      ERROR Test worker     d.u.i.k.j.KeYJPMapping    Duplicate registration of node: Enum, formerNode: java.lang.Enum 
17582      ERROR Test worker     d.u.i.k.j.KeYJPMapping    Duplicate registration of node: Enum, formerNode: java.lang.Enum 
17597      ERROR Test worker     d.u.i.k.j.KeYJPMapping    Duplicate registration of node: Error, formerNode: Error 
17597      ERROR Test worker     d.u.i.k.j.KeYJPMapping    Duplicate registration of node: Exception, formerNode: Exception 
17597      ERROR Test worker     d.u.i.k.j.KeYJPMapping    Duplicate registration of node: ExceptionInInitializerError, formerNode: java.lang.ExceptionInInitializerError 
17597      ERROR Test worker     d.u.i.k.j.KeYJPMapping    Duplicate registration of node: ExceptionInInitializerError, formerNode: java.lang.ExceptionInInitializerError 
17597      ERROR Test worker     d.u.i.k.j.KeYJPMapping    Duplicate registration of node: Float, formerNode: Float 
17597      ERROR Test worker     d.u.i.k.j.KeYJPMapping    Duplicate registration of node: IllegalArgumentException, formerNode: IllegalArgumentException 
17597      ERROR Test worker     d.u.i.k.j.KeYJPMapping    Duplicate registration of node: IndexOutOfBoundsException, formerNode: IndexOutOfBoundsException 
17613      ERROR Test worker     d.u.i.k.j.KeYJPMapping    Duplicate registration of node: Integer, formerNode: java.lang.Integer 
17613      ERROR Test worker     d.u.i.k.j.KeYJPMapping    Duplicate registration of node: Integer, formerNode: java.lang.Integer 
17613      ERROR Test worker     d.u.i.k.j.KeYJPMapping    Duplicate registration of node: InterruptedException, formerNode: InterruptedException 
17613      ERROR Test worker     d.u.i.k.j.KeYJPMapping    Duplicate registration of node: Iterable, formerNode: Iterable 
17613      ERROR Test worker     d.u.i.k.j.KeYJPMapping    Duplicate registration of node: LinkageError, formerNode: LinkageError 
17629      ERROR Test worker     d.u.i.k.j.KeYJPMapping    Duplicate registration of node: Math, formerNode: Math 
17629      ERROR Test worker     d.u.i.k.j.KeYJPMapping    Duplicate registration of node: NegativeArraySizeException, formerNode: NegativeArraySizeException 
17629      ERROR Test worker     d.u.i.k.j.KeYJPMapping    Duplicate registration of node: NoClassDefFoundError, formerNode: java.lang.NoClassDefFoundError 
17629      ERROR Test worker     d.u.i.k.j.KeYJPMapping    Duplicate registration of node: NoClassDefFoundError, formerNode: java.lang.NoClassDefFoundError 
17629      ERROR Test worker     d.u.i.k.j.KeYJPMapping    Duplicate registration of node: NullPointerException, formerNode: NullPointerException 
17629      ERROR Test worker     d.u.i.k.j.KeYJPMapping    Duplicate registration of node: Number, formerNode: Number 
17629      ERROR Test worker     d.u.i.k.j.KeYJPMapping    Duplicate registration of node: NumberFormatException, formerNode: NumberFormatException 
17629      ERROR Test worker     d.u.i.k.j.KeYJPMapping    Duplicate registration of node: VirtualMachineError, formerNode: VirtualMachineError 
17644      ERROR Test worker     d.u.i.k.j.KeYJPMapping    Duplicate registration of node: OutOfMemoryError, formerNode: OutOfMemoryError 
17644      ERROR Test worker     d.u.i.k.j.KeYJPMapping    Duplicate registration of node: Runnable, formerNode: Runnable 
17644      ERROR Test worker     d.u.i.k.j.KeYJPMapping    Duplicate registration of node: RuntimeException, formerNode: RuntimeException 
17644      ERROR Test worker     d.u.i.k.j.KeYJPMapping    Duplicate registration of node: /*@pure*/
int, formerNode: int 
17644      ERROR Test worker     d.u.i.k.j.KeYJPMapping    Duplicate registration of node: /*@ helper */
int, formerNode: int 
17644      ERROR Test worker     d.u.i.k.j.KeYJPMapping    Duplicate registration of node: /*@ helper */
boolean, formerNode: /*@ pure @*/
boolean 
17660      ERROR Test worker     d.u.i.k.j.KeYJPMapping    Duplicate registration of node: /*@ helper */
java.lang.String, formerNode: java.lang.String 
17660      ERROR Test worker     d.u.i.k.j.KeYJPMapping    Duplicate registration of node: String, formerNode: java.lang.String 
17676      ERROR Test worker     d.u.i.k.j.KeYJPMapping    Duplicate registration of node: String, formerNode: java.lang.String 
17676      ERROR Test worker     d.u.i.k.j.KeYJPMapping    Duplicate registration of node: char, formerNode: /*@ helper */
char 
17676      ERROR Test worker     d.u.i.k.j.KeYJPMapping    Duplicate registration of node: StringBuffer, formerNode: StringBuffer 
17691      ERROR Test worker     d.u.i.k.j.KeYJPMapping    Duplicate registration of node: System, formerNode: System 
17691      ERROR Test worker     d.u.i.k.j.KeYJPMapping    Duplicate registration of node: Thread, formerNode: Thread 
17691      ERROR Test worker     d.u.i.k.j.KeYJPMapping    Duplicate registration of node: Throwable, formerNode: java.lang.Throwable 
17691      ERROR Test worker     d.u.i.k.j.KeYJPMapping    Duplicate registration of node: Throwable, formerNode: java.lang.Throwable 
17691      ERROR Test worker     d.u.i.k.j.KeYJPMapping    Duplicate registration of node: Collection, formerNode: Collection 
17691      ERROR Test worker     d.u.i.k.j.KeYJPMapping    Duplicate registration of node: Iterator, formerNode: java.util.Iterator 
17691      ERROR Test worker     d.u.i.k.j.KeYJPMapping    Duplicate registration of node: Iterator, formerNode: java.util.Iterator 
17707      ERROR Test worker     d.u.i.k.j.KeYJPMapping    Duplicate registration of node: List, formerNode: java.util.List 
17707      ERROR Test worker     d.u.i.k.j.KeYJPMapping    Duplicate registration of node: List, formerNode: java.util.List 
17707      ERROR Test worker     d.u.i.k.j.KeYJPMapping    Duplicate registration of node: ListIterator, formerNode: java.util.ListIterator 
17707      ERROR Test worker     d.u.i.k.j.KeYJPMapping    Duplicate registration of node: ListIterator, formerNode: java.util.ListIterator 
17707      ERROR Test worker     d.u.i.k.j.KeYJPMapping    Duplicate registration of node: Long, formerNode: Long 
17707      ERROR Test worker     d.u.i.k.j.KeYJPMapping    Duplicate registration of node: Boolean, formerNode: Boolean 
17707      ERROR Test worker     d.u.i.k.j.KeYJPMapping    Duplicate registration of node: Map, formerNode: Map 
17722      ERROR Test worker     d.u.i.k.j.KeYJPMapping    Duplicate registration of node: Set, formerNode: java.util.Set 
17722      ERROR Test worker     d.u.i.k.j.KeYJPMapping    Duplicate registration of node: Set, formerNode: java.util.Set 
17722      ERROR Test worker     d.u.i.k.j.KeYJPMapping    Duplicate registration of node: FilterOutputStream, formerNode: FilterOutputStream 
17722      ERROR Test worker     d.u.i.k.j.KeYJPMapping    Duplicate registration of node: InputStream, formerNode: java.io.InputStream 
17722      ERROR Test worker     d.u.i.k.j.KeYJPMapping    Duplicate registration of node: InputStream, formerNode: java.io.InputStream 
17722      ERROR Test worker     d.u.i.k.j.KeYJPMapping    Duplicate registration of node: IOException, formerNode: IOException 
17722      ERROR Test worker     d.u.i.k.j.KeYJPMapping    Duplicate registration of node: OutputStream, formerNode: java.io.OutputStream 
17722      ERROR Test worker     d.u.i.k.j.KeYJPMapping    Duplicate registration of node: OutputStream, formerNode: java.io.OutputStream 
17722      ERROR Test worker     d.u.i.k.j.KeYJPMapping    Duplicate registration of node: PrintStream, formerNode: java.io.PrintStream 
17738      ERROR Test worker     d.u.i.k.j.KeYJPMapping    Duplicate registration of node: PrintStream, formerNode: java.io.PrintStream 
17738      ERROR Test worker     d.u.i.k.j.KeYJPMapping    Duplicate registration of node: Serializable, formerNode: Serializable 
17738      ERROR Test worker     d.u.i.k.j.KeYJPMapping    Duplicate registration of node: BigInteger, formerNode: java.math.BigInteger 
17738      ERROR Test worker     d.u.i.k.j.KeYJPMapping    Duplicate registration of node: BigInteger, formerNode: java.math.BigInteger 
17738      ERROR Test worker     d.u.i.k.j.KeYJPMapping    Duplicate registration of node: ArrayList, formerNode: ArrayList 
17738      ERROR Test worker     d.u.i.k.j.KeYJPMapping    Duplicate registration of node: byte[], formerNode: byte[] 
17754      ERROR Test worker     d.u.i.k.j.KeYJPMapping    Duplicate registration of node: Arrays, formerNode: Arrays 
17769      ERROR Test worker     d.u.i.k.j.KeYJPMapping    Duplicate registration of node: ListIteratorImpl, formerNode: ListIteratorImpl 
17769      ERROR Test worker     d.u.i.k.j.KeYJPMapping    Duplicate registration of node: Date, formerNode: Date 
17769      ERROR Test worker     d.u.i.k.j.KeYJPMapping    Duplicate registration of node: LinkedHashMap, formerNode: LinkedHashMap 
17769      ERROR Test worker     d.u.i.k.j.KeYJPMapping    Duplicate registration of node: /*@pure@*/
String, formerNode: /*@strictly_pure*/
java.lang.String 
17769      ERROR Test worker     d.u.i.k.j.KeYJPMapping    Duplicate registration of node: LinkedList, formerNode: LinkedList 
17769      ERROR Test worker     d.u.i.k.j.KeYJPMapping    Duplicate registration of node: A, formerNode: A 
17785      ERROR Test worker     d.u.i.k.j.KeYJPMapping    Duplicate registration of node: A1, formerNode: A1 
17785      ERROR Test worker     d.u.i.k.j.KeYJPMapping    Duplicate registration of node: IntegerMethods, formerNode: IntegerMethods 
17785      ERROR Test worker     d.u.i.k.j.KeYJPMapping    Duplicate registration of value: testTermParserHeap.A testTermParserHeap.A::next;, formerValue: testTermParserHeap.A testTermParserHeap.A::next; 
17785      ERROR Test worker     d.u.i.k.j.KeYJPMapping    Duplicate registration of value: testTermParserHeap.testTermParserHeap.A testTermParserHeap.A
  testTermParserHeap.A::next;, formerValue: testTermParserHeap.testTermParserHeap.A testTermParserHeap.A
  testTermParserHeap.A::next; 
18034      ERROR Test worker     d.u.i.k.j.KeYJPMapping    Duplicate registration of node: boolean, formerNode: /*@ pure @*/
boolean 
18039      ERROR Test worker     d.u.i.k.j.KeYJPMapping    Duplicate registration of node: Object, formerNode: java.lang.Object 
18039      ERROR Test worker     d.u.i.k.j.KeYJPMapping    Duplicate registration of node: Object, formerNode: java.lang.Object 
18041      ERROR Test worker     d.u.i.k.j.KeYJPMapping    Duplicate registration of node: Annotation, formerNode: Annotation 
18043      ERROR Test worker     d.u.i.k.j.KeYJPMapping    Duplicate registration of node: ArithmeticException, formerNode: ArithmeticException 
18045      ERROR Test worker     d.u.i.k.j.KeYJPMapping    Duplicate registration of node: ArrayIndexOutOfBoundsException, formerNode: ArrayIndexOutOfBoundsException 
18046      ERROR Test worker     d.u.i.k.j.KeYJPMapping    Duplicate registration of node: ArrayStoreException, formerNode: ArrayStoreException 
18047      ERROR Test worker     d.u.i.k.j.KeYJPMapping    Duplicate registration of node: AssertionError, formerNode: AssertionError 
18049      ERROR Test worker     d.u.i.k.j.KeYJPMapping    Duplicate registration of node: Character, formerNode: Character 
18049      ERROR Test worker     d.u.i.k.j.KeYJPMapping    Duplicate registration of node: Class, formerNode: java.lang.Class 
18050      ERROR Test worker     d.u.i.k.j.KeYJPMapping    Duplicate registration of node: Class, formerNode: java.lang.Class 
18051      ERROR Test worker     d.u.i.k.j.KeYJPMapping    Duplicate registration of node: ClassCastException, formerNode: ClassCastException 
18052      ERROR Test worker     d.u.i.k.j.KeYJPMapping    Duplicate registration of node: CloneNotSupportedException, formerNode: CloneNotSupportedException 
18052      ERROR Test worker     d.u.i.k.j.KeYJPMapping    Duplicate registration of node: Cloneable, formerNode: Cloneable 
18053      ERROR Test worker     d.u.i.k.j.KeYJPMapping    Duplicate registration of node: Comparable, formerNode: Comparable 
18054      ERROR Test worker     d.u.i.k.j.KeYJPMapping    Duplicate registration of node: Double, formerNode: Double 
18056      ERROR Test worker     d.u.i.k.j.KeYJPMapping    Duplicate registration of node: Enum, formerNode: java.lang.Enum 
18056      ERROR Test worker     d.u.i.k.j.KeYJPMapping    Duplicate registration of node: Enum, formerNode: java.lang.Enum 
18059      ERROR Test worker     d.u.i.k.j.KeYJPMapping    Duplicate registration of node: Error, formerNode: Error 
18060      ERROR Test worker     d.u.i.k.j.KeYJPMapping    Duplicate registration of node: Exception, formerNode: Exception 
18062      ERROR Test worker     d.u.i.k.j.KeYJPMapping    Duplicate registration of node: ExceptionInInitializerError, formerNode: java.lang.ExceptionInInitializerError 
18062      ERROR Test worker     d.u.i.k.j.KeYJPMapping    Duplicate registration of node: ExceptionInInitializerError, formerNode: java.lang.ExceptionInInitializerError 
18063      ERROR Test worker     d.u.i.k.j.KeYJPMapping    Duplicate registration of node: Float, formerNode: Float 
18064      ERROR Test worker     d.u.i.k.j.KeYJPMapping    Duplicate registration of node: IllegalArgumentException, formerNode: IllegalArgumentException 
18065      ERROR Test worker     d.u.i.k.j.KeYJPMapping    Duplicate registration of node: IndexOutOfBoundsException, formerNode: IndexOutOfBoundsException 
18078      ERROR Test worker     d.u.i.k.j.KeYJPMapping    Duplicate registration of node: Integer, formerNode: java.lang.Integer 
18079      ERROR Test worker     d.u.i.k.j.KeYJPMapping    Duplicate registration of node: Integer, formerNode: java.lang.Integer 
18080      ERROR Test worker     d.u.i.k.j.KeYJPMapping    Duplicate registration of node: InterruptedException, formerNode: InterruptedException 
18082      ERROR Test worker     d.u.i.k.j.KeYJPMapping    Duplicate registration of node: Iterable, formerNode: Iterable 
18083      ERROR Test worker     d.u.i.k.j.KeYJPMapping    Duplicate registration of node: LinkageError, formerNode: LinkageError 
18093      ERROR Test worker     d.u.i.k.j.KeYJPMapping    Duplicate registration of node: Math, formerNode: Math 
18096      ERROR Test worker     d.u.i.k.j.KeYJPMapping    Duplicate registration of node: NegativeArraySizeException, formerNode: NegativeArraySizeException 
18097      ERROR Test worker     d.u.i.k.j.KeYJPMapping    Duplicate registration of node: NoClassDefFoundError, formerNode: java.lang.NoClassDefFoundError 
18097      ERROR Test worker     d.u.i.k.j.KeYJPMapping    Duplicate registration of node: NoClassDefFoundError, formerNode: java.lang.NoClassDefFoundError 
18099      ERROR Test worker     d.u.i.k.j.KeYJPMapping    Duplicate registration of node: NullPointerException, formerNode: NullPointerException 
18100      ERROR Test worker     d.u.i.k.j.KeYJPMapping    Duplicate registration of node: Number, formerNode: Number 
18102      ERROR Test worker     d.u.i.k.j.KeYJPMapping    Duplicate registration of node: NumberFormatException, formerNode: NumberFormatException 
18103      ERROR Test worker     d.u.i.k.j.KeYJPMapping    Duplicate registration of node: VirtualMachineError, formerNode: VirtualMachineError 
18105      ERROR Test worker     d.u.i.k.j.KeYJPMapping    Duplicate registration of node: OutOfMemoryError, formerNode: OutOfMemoryError 
18105      ERROR Test worker     d.u.i.k.j.KeYJPMapping    Duplicate registration of node: Runnable, formerNode: Runnable 
18107      ERROR Test worker     d.u.i.k.j.KeYJPMapping    Duplicate registration of node: RuntimeException, formerNode: RuntimeException 
18107      ERROR Test worker     d.u.i.k.j.KeYJPMapping    Duplicate registration of node: /*@pure*/
int, formerNode: int 
18111      ERROR Test worker     d.u.i.k.j.KeYJPMapping    Duplicate registration of node: /*@ helper */
int, formerNode: int 
18111      ERROR Test worker     d.u.i.k.j.KeYJPMapping    Duplicate registration of node: /*@ helper */
boolean, formerNode: /*@ pure @*/
boolean 
18119      ERROR Test worker     d.u.i.k.j.KeYJPMapping    Duplicate registration of node: /*@ helper */
java.lang.String, formerNode: java.lang.String 
18128      ERROR Test worker     d.u.i.k.j.KeYJPMapping    Duplicate registration of node: String, formerNode: java.lang.String 
18143      ERROR Test worker     d.u.i.k.j.KeYJPMapping    Duplicate registration of node: String, formerNode: java.lang.String 
18146      ERROR Test worker     d.u.i.k.j.KeYJPMapping    Duplicate registration of node: char, formerNode: /*@ helper */
char 
18148      ERROR Test worker     d.u.i.k.j.KeYJPMapping    Duplicate registration of node: StringBuffer, formerNode: StringBuffer 
18152      ERROR Test worker     d.u.i.k.j.KeYJPMapping    Duplicate registration of node: System, formerNode: System 
18154      ERROR Test worker     d.u.i.k.j.KeYJPMapping    Duplicate registration of node: Thread, formerNode: Thread 
18157      ERROR Test worker     d.u.i.k.j.KeYJPMapping    Duplicate registration of node: Throwable, formerNode: java.lang.Throwable 
18157      ERROR Test worker     d.u.i.k.j.KeYJPMapping    Duplicate registration of node: Throwable, formerNode: java.lang.Throwable 
18162      ERROR Test worker     d.u.i.k.j.KeYJPMapping    Duplicate registration of node: Collection, formerNode: Collection 
18164      ERROR Test worker     d.u.i.k.j.KeYJPMapping    Duplicate registration of node: Iterator, formerNode: java.util.Iterator 
18164      ERROR Test worker     d.u.i.k.j.KeYJPMapping    Duplicate registration of node: Iterator, formerNode: java.util.Iterator 
18171      ERROR Test worker     d.u.i.k.j.KeYJPMapping    Duplicate registration of node: List, formerNode: java.util.List 
18171      ERROR Test worker     d.u.i.k.j.KeYJPMapping    Duplicate registration of node: List, formerNode: java.util.List 
18172      ERROR Test worker     d.u.i.k.j.KeYJPMapping    Duplicate registration of node: ListIterator, formerNode: java.util.ListIterator 
18172      ERROR Test worker     d.u.i.k.j.KeYJPMapping    Duplicate registration of node: ListIterator, formerNode: java.util.ListIterator 
18175      ERROR Test worker     d.u.i.k.j.KeYJPMapping    Duplicate registration of node: Long, formerNode: Long 
18175      ERROR Test worker     d.u.i.k.j.KeYJPMapping    Duplicate registration of node: Boolean, formerNode: Boolean 
18178      ERROR Test worker     d.u.i.k.j.KeYJPMapping    Duplicate registration of node: Map, formerNode: Map 
18182      ERROR Test worker     d.u.i.k.j.KeYJPMapping    Duplicate registration of node: Set, formerNode: java.util.Set 
18182      ERROR Test worker     d.u.i.k.j.KeYJPMapping    Duplicate registration of node: Set, formerNode: java.util.Set 
18185      ERROR Test worker     d.u.i.k.j.KeYJPMapping    Duplicate registration of node: FilterOutputStream, formerNode: FilterOutputStream 
18185      ERROR Test worker     d.u.i.k.j.KeYJPMapping    Duplicate registration of node: InputStream, formerNode: java.io.InputStream 
18185      ERROR Test worker     d.u.i.k.j.KeYJPMapping    Duplicate registration of node: InputStream, formerNode: java.io.InputStream 
18188      ERROR Test worker     d.u.i.k.j.KeYJPMapping    Duplicate registration of node: IOException, formerNode: IOException 
18188      ERROR Test worker     d.u.i.k.j.KeYJPMapping    Duplicate registration of node: OutputStream, formerNode: java.io.OutputStream 
18188      ERROR Test worker     d.u.i.k.j.KeYJPMapping    Duplicate registration of node: OutputStream, formerNode: java.io.OutputStream 
18193      ERROR Test worker     d.u.i.k.j.KeYJPMapping    Duplicate registration of node: PrintStream, formerNode: java.io.PrintStream 
18193      ERROR Test worker     d.u.i.k.j.KeYJPMapping    Duplicate registration of node: PrintStream, formerNode: java.io.PrintStream 
18194      ERROR Test worker     d.u.i.k.j.KeYJPMapping    Duplicate registration of node: Serializable, formerNode: Serializable 
18195      ERROR Test worker     d.u.i.k.j.KeYJPMapping    Duplicate registration of node: BigInteger, formerNode: java.math.BigInteger 
18197      ERROR Test worker     d.u.i.k.j.KeYJPMapping    Duplicate registration of node: BigInteger, formerNode: java.math.BigInteger 
18198      ERROR Test worker     d.u.i.k.j.KeYJPMapping    Duplicate registration of node: ArrayList, formerNode: ArrayList 
18200      ERROR Test worker     d.u.i.k.j.KeYJPMapping    Duplicate registration of node: byte[], formerNode: byte[] 
18215      ERROR Test worker     d.u.i.k.j.KeYJPMapping    Duplicate registration of node: Arrays, formerNode: Arrays 
18216      ERROR Test worker     d.u.i.k.j.KeYJPMapping    Duplicate registration of node: ListIteratorImpl, formerNode: ListIteratorImpl 
18217      ERROR Test worker     d.u.i.k.j.KeYJPMapping    Duplicate registration of node: Date, formerNode: Date 
18218      ERROR Test worker     d.u.i.k.j.KeYJPMapping    Duplicate registration of node: LinkedHashMap, formerNode: LinkedHashMap 
18218      ERROR Test worker     d.u.i.k.j.KeYJPMapping    Duplicate registration of node: /*@pure@*/
String, formerNode: /*@strictly_pure*/
java.lang.String 
18219      ERROR Test worker     d.u.i.k.j.KeYJPMapping    Duplicate registration of node: LinkedList, formerNode: LinkedList 
18221      ERROR Test worker     d.u.i.k.j.KeYJPMapping    Duplicate registration of node: A, formerNode: A 
18229      ERROR Test worker     d.u.i.k.j.KeYJPMapping    Duplicate registration of node: A1, formerNode: A1 
18242      ERROR Test worker     d.u.i.k.j.KeYJPMapping    Duplicate registration of node: IntegerMethods, formerNode: IntegerMethods 
18247      ERROR Test worker     d.u.i.k.j.KeYJPMapping    Duplicate registration of value: testTermParserHeap.A testTermParserHeap.A::next;, formerValue: testTermParserHeap.A testTermParserHeap.A::next; 
18248      ERROR Test worker     d.u.i.k.j.KeYJPMapping    Duplicate registration of value: testTermParserHeap.testTermParserHeap.A testTermParserHeap.A
  testTermParserHeap.A::next;, formerValue: testTermParserHeap.testTermParserHeap.A testTermParserHeap.A
  testTermParserHeap.A::next; 
]]></system-err>
</testsuite>
